Trial 1421 finished with value: 0.21847090536985941 and parameters: {'window_influence': 0.5661111343634982, 'penalty_k': 0.292487602632612, 'scale_lr': 0.3197902123648998}. Best is trial 1199 with value: 0.2814603819837415.
checkpoint_e22 window_influence: 0.44724211316640294, penalty_k: 0.18016148032149437, scale_lr: 0.14785676058659075, EAO: 0.250
Trial 1422 finished with value: 0.2504535869248514 and parameters: {'window_influence': 0.44724211316640294, 'penalty_k': 0.18016148032149437, 'scale_lr': 0.14785676058659075}. Best is trial 1199 with value: 0.2814603819837415.
checkpoint_e22 window_influence: 0.38255358719299065, penalty_k: 0.43978840106830641, scale_lr: 0.11478293749222994, EAO: 0.253
Trial 1423 finished with value: 0.2530881807934947 and parameters: {'window_influence': 0.38255358719299065, 'penalty_k': 0.4397884010683064, 'scale_lr': 0.11478293749222994}. Best is trial 1199 with value: 0.2814603819837415.
checkpoint_e22 window_influence: 0.50547528796186103, penalty_k: 0.24876052817076996, scale_lr: 0.17021612202472480, EAO: 0.238
Trial 1424 finished with value: 0.23813039118923793 and parameters: {'window_influence': 0.505475287961861, 'penalty_k': 0.24876052817076996, 'scale_lr': 0.1702161220247248}. Best is trial 1199 with value: 0.2814603819837415.
checkpoint_e22 window_influence: 0.25933627573078805, penalty_k: 0.45318847304618304, scale_lr: 0.49220689086533670, EAO: 0.255
Trial 1425 finished with value: 0.2548227348947913 and parameters: {'window_influence': 0.25933627573078805, 'penalty_k': 0.45318847304618304, 'scale_lr': 0.4922068908653367}. Best is trial 1199 with value: 0.2814603819837415.
checkpoint_e22 window_influence: 0.43518543005316690, penalty_k: 0.21692796351250754, scale_lr: 0.58779683635009194, EAO: 0.246
Trial 1426 finished with value: 0.24622640528572284 and parameters: {'window_influence': 0.4351854300531669, 'penalty_k': 0.21692796351250754, 'scale_lr': 0.587796836350092}. Best is trial 1199 with value: 0.2814603819837415.
checkpoint_e22 window_influence: 0.33675788051875943, penalty_k: 0.16393423721949907, scale_lr: 0.55535523093656824, EAO: 0.273
Trial 1427 finished with value: 0.27252486663136055 and parameters: {'window_influence': 0.33675788051875943, 'penalty_k': 0.16393423721949907, 'scale_lr': 0.5553552309365682}. Best is trial 1199 with value: 0.2814603819837415.
checkpoint_e22 window_influence: 0.32328890051874354, penalty_k: 0.16436630399770819, scale_lr: 0.54054849337019528, EAO: 0.260
Trial 1428 finished with value: 0.2602151397888253 and parameters: {'window_influence': 0.32328890051874354, 'penalty_k': 0.16436630399770819, 'scale_lr': 0.5405484933701953}. Best is trial 1199 with value: 0.2814603819837415.
checkpoint_e22 window_influence: 0.31964827729305340, penalty_k: 0.16453912621862421, scale_lr: 0.53255858361892716, EAO: 0.268
Trial 1429 finished with value: 0.26835484948100113 and parameters: {'window_influence': 0.3196482772930534, 'penalty_k': 0.1645391262186242, 'scale_lr': 0.5325585836189272}. Best is trial 1199 with value: 0.2814603819837415.
checkpoint_e22 window_influence: 0.08072465154347896, penalty_k: 0.14117563580815068, scale_lr: 0.56447780881622678, EAO: 0.232
Trial 1430 finished with value: 0.2324275941383548 and parameters: {'window_influence': 0.08072465154347896, 'penalty_k': 0.14117563580815068, 'scale_lr': 0.5644778088162268}. Best is trial 1199 with value: 0.2814603819837415.
checkpoint_e22 window_influence: 0.30776435197397156, penalty_k: 0.15424656449634228, scale_lr: 0.51707379835583878, EAO: 0.248
Trial 1431 finished with value: 0.24829623823970315 and parameters: {'window_influence': 0.30776435197397156, 'penalty_k': 0.15424656449634228, 'scale_lr': 0.5170737983558388}. Best is trial 1199 with value: 0.2814603819837415.
checkpoint_e22 window_influence: 0.33404256445146502, penalty_k: 0.15821382703019243, scale_lr: 0.55418086845676739, EAO: 0.265
Trial 1432 finished with value: 0.2647015504478439 and parameters: {'window_influence': 0.334042564451465, 'penalty_k': 0.15821382703019243, 'scale_lr': 0.5541808684567674}. Best is trial 1199 with value: 0.2814603819837415.
checkpoint_e22 window_influence: 0.33692335831969011, penalty_k: 0.15360659920607578, scale_lr: 0.53279799815802409, EAO: 0.260
Trial 1433 finished with value: 0.2599860056629026 and parameters: {'window_influence': 0.3369233583196901, 'penalty_k': 0.15360659920607578, 'scale_lr': 0.5327979981580241}. Best is trial 1199 with value: 0.2814603819837415.
checkpoint_e22 window_influence: 0.09645737341345528, penalty_k: 0.17064489876725852, scale_lr: 0.54746499820815830, EAO: 0.234
Trial 1434 finished with value: 0.23375280522476366 and parameters: {'window_influence': 0.09645737341345528, 'penalty_k': 0.17064489876725852, 'scale_lr': 0.5474649982081583}. Best is trial 1199 with value: 0.2814603819837415.
checkpoint_e22 window_influence: 0.47976819175473873, penalty_k: 0.14331859875384256, scale_lr: 0.23629158408788328, EAO: 0.249
Trial 1435 finished with value: 0.24874012941509727 and parameters: {'window_influence': 0.4797681917547387, 'penalty_k': 0.14331859875384256, 'scale_lr': 0.23629158408788328}. Best is trial 1199 with value: 0.2814603819837415.
checkpoint_e22 window_influence: 0.30490440567824206, penalty_k: 0.17409494204077958, scale_lr: 0.57903581871384435, EAO: 0.250
Trial 1436 finished with value: 0.2504474714519532 and parameters: {'window_influence': 0.30490440567824206, 'penalty_k': 0.17409494204077958, 'scale_lr': 0.5790358187138444}. Best is trial 1199 with value: 0.2814603819837415.
checkpoint_e22 window_influence: 0.19151752598657013, penalty_k: 0.13368232241537858, scale_lr: 0.50913749720689927, EAO: 0.240
Trial 1437 finished with value: 0.23989114571150724 and parameters: {'window_influence': 0.19151752598657013, 'penalty_k': 0.13368232241537858, 'scale_lr': 0.5091374972068993}. Best is trial 1199 with value: 0.2814603819837415.
checkpoint_e22 window_influence: 0.31842589628613399, penalty_k: 0.55219324171781514, scale_lr: 0.52316855488096647, EAO: 0.255
Trial 1438 finished with value: 0.2553356819884564 and parameters: {'window_influence': 0.318425896286134, 'penalty_k': 0.5521932417178151, 'scale_lr': 0.5231685548809665}. Best is trial 1199 with value: 0.2814603819837415.
checkpoint_e22 window_influence: 0.34146008409426526, penalty_k: 0.17970161343498153, scale_lr: 0.50093280898703896, EAO: 0.266
Trial 1439 finished with value: 0.2659778047989054 and parameters: {'window_influence': 0.34146008409426526, 'penalty_k': 0.17970161343498153, 'scale_lr': 0.500932808987039}. Best is trial 1199 with value: 0.2814603819837415.
checkpoint_e22 window_influence: 0.30868176974916700, penalty_k: 0.27764373970725337, scale_lr: 0.55354584308393939, EAO: 0.267
Trial 1440 finished with value: 0.26673552902733405 and parameters: {'window_influence': 0.308681769749167, 'penalty_k': 0.27764373970725337, 'scale_lr': 0.5535458430839394}. Best is trial 1199 with value: 0.2814603819837415.
checkpoint_e22 window_influence: 0.56452250852227526, penalty_k: 0.02809510777097825, scale_lr: 0.63032828194390600, EAO: 0.227
Trial 1441 finished with value: 0.22674004255029245 and parameters: {'window_influence': 0.5645225085222753, 'penalty_k': 0.02809510777097825, 'scale_lr': 0.630328281943906}. Best is trial 1199 with value: 0.2814603819837415.
checkpoint_e22 window_influence: 0.54846557606573010, penalty_k: 0.15650523228215002, scale_lr: 0.25155971361641299, EAO: 0.229
Trial 1442 finished with value: 0.22941636609110405 and parameters: {'window_influence': 0.5484655760657301, 'penalty_k': 0.15650523228215002, 'scale_lr': 0.251559713616413}. Best is trial 1199 with value: 0.2814603819837415.
checkpoint_e22 window_influence: 0.29501721070333820, penalty_k: 0.00001974353857483, scale_lr: 0.27260511658814951, EAO: 0.251
Trial 1443 finished with value: 0.25107523792885184 and parameters: {'window_influence': 0.2950172107033382, 'penalty_k': 1.9743538574826247e-05, 'scale_lr': 0.2726051165881495}. Best is trial 1199 with value: 0.2814603819837415.
checkpoint_e22 window_influence: 0.32462294841114897, penalty_k: 0.18373176002034547, scale_lr: 0.61772923819786607, EAO: 0.254
Trial 1444 finished with value: 0.254096606216295 and parameters: {'window_influence': 0.32462294841114897, 'penalty_k': 0.18373176002034547, 'scale_lr': 0.6177292381978661}. Best is trial 1199 with value: 0.2814603819837415.
checkpoint_e22 window_influence: 0.33787206715940477, penalty_k: 0.03871761237068067, scale_lr: 0.47903180215039182, EAO: 0.260
Trial 1445 finished with value: 0.2600397115073553 and parameters: {'window_influence': 0.33787206715940477, 'penalty_k': 0.038717612370680665, 'scale_lr': 0.4790318021503918}. Best is trial 1199 with value: 0.2814603819837415.
checkpoint_e22 window_influence: 0.35131575269942961, penalty_k: 0.14727712900507772, scale_lr: 0.35569696433489817, EAO: 0.234
Trial 1446 finished with value: 0.2342975191105672 and parameters: {'window_influence': 0.3513157526994296, 'penalty_k': 0.14727712900507772, 'scale_lr': 0.35569696433489817}. Best is trial 1199 with value: 0.2814603819837415.
checkpoint_e22 window_influence: 0.62359386384491233, penalty_k: 0.34023609501624069, scale_lr: 0.29706446065713088, EAO: 0.206
Trial 1447 finished with value: 0.20633113584140453 and parameters: {'window_influence': 0.6235938638449123, 'penalty_k': 0.3402360950162407, 'scale_lr': 0.2970644606571309}. Best is trial 1199 with value: 0.2814603819837415.
checkpoint_e22 window_influence: 0.16081978554569346, penalty_k: 0.36824936237865619, scale_lr: 0.55887787814775858, EAO: 0.235
Trial 1448 finished with value: 0.235360126306371 and parameters: {'window_influence': 0.16081978554569346, 'penalty_k': 0.3682493623786562, 'scale_lr': 0.5588778781477586}. Best is trial 1199 with value: 0.2814603819837415.
checkpoint_e22 window_influence: 0.31571670153019871, penalty_k: 0.30053499319802535, scale_lr: 0.21885930977820275, EAO: 0.257
Trial 1449 finished with value: 0.2569316749771436 and parameters: {'window_influence': 0.3157167015301987, 'penalty_k': 0.30053499319802535, 'scale_lr': 0.21885930977820275}. Best is trial 1199 with value: 0.2814603819837415.
checkpoint_e22 window_influence: 0.29601212953747535, penalty_k: 0.04579965149335696, scale_lr: 0.53705299966748077, EAO: 0.258
Trial 1450 finished with value: 0.25757016156747087 and parameters: {'window_influence': 0.29601212953747535, 'penalty_k': 0.04579965149335696, 'scale_lr': 0.5370529996674808}. Best is trial 1199 with value: 0.2814603819837415.
checkpoint_e22 window_influence: 0.41161444095314659, penalty_k: 0.46574055931585062, scale_lr: 0.71523665993675367, EAO: 0.246
Trial 1451 finished with value: 0.24595165585841589 and parameters: {'window_influence': 0.4116144409531466, 'penalty_k': 0.4657405593158506, 'scale_lr': 0.7152366599367537}. Best is trial 1199 with value: 0.2814603819837415.
checkpoint_e22 window_influence: 0.14609331950961016, penalty_k: 0.12036087774638951, scale_lr: 0.66122491355420132, EAO: 0.241
Trial 1452 finished with value: 0.2413745141489719 and parameters: {'window_influence': 0.14609331950961016, 'penalty_k': 0.12036087774638951, 'scale_lr': 0.6612249135542013}. Best is trial 1199 with value: 0.2814603819837415.
checkpoint_e22 window_influence: 0.32965476435480973, penalty_k: 0.17054681151399417, scale_lr: 0.51619928543880000, EAO: 0.273
Trial 1453 finished with value: 0.272768138567122 and parameters: {'window_influence': 0.3296547643548097, 'penalty_k': 0.17054681151399417, 'scale_lr': 0.5161992854388}. Best is trial 1199 with value: 0.2814603819837415.
checkpoint_e22 window_influence: 0.32682170736887817, penalty_k: 0.16452016621805315, scale_lr: 0.68046330124792764, EAO: 0.247
Trial 1454 finished with value: 0.24650784957457364 and parameters: {'window_influence': 0.32682170736887817, 'penalty_k': 0.16452016621805315, 'scale_lr': 0.6804633012479276}. Best is trial 1199 with value: 0.2814603819837415.
checkpoint_e22 window_influence: 0.32952775095974957, penalty_k: 0.16624716931589853, scale_lr: 0.49601598975355288, EAO: 0.263
Trial 1455 finished with value: 0.2628314071069888 and parameters: {'window_influence': 0.32952775095974957, 'penalty_k': 0.16624716931589853, 'scale_lr': 0.4960159897535529}. Best is trial 1199 with value: 0.2814603819837415.
checkpoint_e22 window_influence: 0.33659284370557957, penalty_k: 0.14773450570811189, scale_lr: 0.51949709236840691, EAO: 0.259
Trial 1456 finished with value: 0.2592044516307552 and parameters: {'window_influence': 0.33659284370557957, 'penalty_k': 0.1477345057081119, 'scale_lr': 0.5194970923684069}. Best is trial 1199 with value: 0.2814603819837415.
checkpoint_e22 window_influence: 0.32710130407770666, penalty_k: 0.17480936133615774, scale_lr: 0.50395766412933574, EAO: 0.263
Trial 1457 finished with value: 0.2625779049789033 and parameters: {'window_influence': 0.32710130407770666, 'penalty_k': 0.17480936133615774, 'scale_lr': 0.5039576641293357}. Best is trial 1199 with value: 0.2814603819837415.
checkpoint_e22 window_influence: 0.31448995382764522, penalty_k: 0.15551863972533764, scale_lr: 0.39737677342461530, EAO: 0.245
Trial 1458 finished with value: 0.2451562547102207 and parameters: {'window_influence': 0.3144899538276452, 'penalty_k': 0.15551863972533764, 'scale_lr': 0.3973767734246153}. Best is trial 1199 with value: 0.2814603819837415.
checkpoint_e22 window_influence: 0.32062745516032859, penalty_k: 0.16474868385326555, scale_lr: 0.48458568328222879, EAO: 0.268
Trial 1459 finished with value: 0.26807910113072975 and parameters: {'window_influence': 0.3206274551603286, 'penalty_k': 0.16474868385326555, 'scale_lr': 0.4845856832822288}. Best is trial 1199 with value: 0.2814603819837415.
checkpoint_e22 window_influence: 0.34068815426760363, penalty_k: 0.13420633059381851, scale_lr: 0.13404328791989689, EAO: 0.261
Trial 1460 finished with value: 0.26096869060179084 and parameters: {'window_influence': 0.3406881542676036, 'penalty_k': 0.1342063305938185, 'scale_lr': 0.1340432879198969}. Best is trial 1199 with value: 0.2814603819837415.
checkpoint_e22 window_influence: 0.34640368990116888, penalty_k: 0.41183219022409040, scale_lr: 0.51451906696852456, EAO: 0.255
Trial 1461 finished with value: 0.2547619648096038 and parameters: {'window_influence': 0.3464036899011689, 'penalty_k': 0.4118321902240904, 'scale_lr': 0.5145190669685246}. Best is trial 1199 with value: 0.2814603819837415.
checkpoint_e22 window_influence: 0.57155371573810743, penalty_k: 0.17313254407004022, scale_lr: 0.33937011689675534, EAO: 0.229
Trial 1462 finished with value: 0.22908676688264057 and parameters: {'window_influence': 0.5715537157381074, 'penalty_k': 0.17313254407004022, 'scale_lr': 0.33937011689675534}. Best is trial 1199 with value: 0.2814603819837415.
checkpoint_e22 window_influence: 0.30928385156994004, penalty_k: 0.41603383740444844, scale_lr: 0.20101310523199095, EAO: 0.253
Trial 1463 finished with value: 0.2527592860586275 and parameters: {'window_influence': 0.30928385156994004, 'penalty_k': 0.41603383740444844, 'scale_lr': 0.20101310523199095}. Best is trial 1199 with value: 0.2814603819837415.
checkpoint_e22 window_influence: 0.34566836036125975, penalty_k: 0.15181071480286651, scale_lr: 0.11510082835160365, EAO: 0.259
Trial 1464 finished with value: 0.25926694334522493 and parameters: {'window_influence': 0.34566836036125975, 'penalty_k': 0.1518107148028665, 'scale_lr': 0.11510082835160365}. Best is trial 1199 with value: 0.2814603819837415.
checkpoint_e22 window_influence: 0.29990744299155792, penalty_k: 0.18236120521325105, scale_lr: 0.18019619297297768, EAO: 0.260
Trial 1465 finished with value: 0.26005148693798036 and parameters: {'window_influence': 0.2999074429915579, 'penalty_k': 0.18236120521325105, 'scale_lr': 0.18019619297297768}. Best is trial 1199 with value: 0.2814603819837415.
checkpoint_e22 window_influence: 0.35665184685498674, penalty_k: 0.11030729504839479, scale_lr: 0.69129707148517161, EAO: 0.261
Trial 1466 finished with value: 0.26120608548323315 and parameters: {'window_influence': 0.35665184685498674, 'penalty_k': 0.11030729504839479, 'scale_lr': 0.6912970714851716}. Best is trial 1199 with value: 0.2814603819837415.
checkpoint_e22 window_influence: 0.07233157308435617, penalty_k: 0.26301462256447727, scale_lr: 0.37057237633012902, EAO: 0.219
Trial 1467 finished with value: 0.21924338471598742 and parameters: {'window_influence': 0.07233157308435617, 'penalty_k': 0.2630146225644773, 'scale_lr': 0.370572376330129}. Best is trial 1199 with value: 0.2814603819837415.
checkpoint_e22 window_influence: 0.32942774558960197, penalty_k: 0.02351637061468430, scale_lr: 0.47361001319512241, EAO: 0.271
Trial 1468 finished with value: 0.2711780486189253 and parameters: {'window_influence': 0.329427745589602, 'penalty_k': 0.023516370614684298, 'scale_lr': 0.4736100131951224}. Best is trial 1199 with value: 0.2814603819837415.
checkpoint_e22 window_influence: 0.33212776684749828, penalty_k: 0.01455453880657422, scale_lr: 0.44090870969073048, EAO: 0.256
Trial 1469 finished with value: 0.2555538423783411 and parameters: {'window_influence': 0.3321277668474983, 'penalty_k': 0.014554538806574216, 'scale_lr': 0.4409087096907305}. Best is trial 1199 with value: 0.2814603819837415.
checkpoint_e22 window_influence: 0.32799328438523939, penalty_k: 0.02154204601821475, scale_lr: 0.45619438182055894, EAO: 0.259
Trial 1470 finished with value: 0.2591789093444018 and parameters: {'window_influence': 0.3279932843852394, 'penalty_k': 0.021542046018214755, 'scale_lr': 0.45619438182055894}. Best is trial 1199 with value: 0.2814603819837415.
checkpoint_e22 window_influence: 0.33903351819331906, penalty_k: 0.03293804040948792, scale_lr: 0.64493545218745452, EAO: 0.246
Trial 1471 finished with value: 0.246315407377433 and parameters: {'window_influence': 0.33903351819331906, 'penalty_k': 0.03293804040948792, 'scale_lr': 0.6449354521874545}. Best is trial 1199 with value: 0.2814603819837415.
checkpoint_e22 window_influence: 0.31935937743617893, penalty_k: 0.02398125077050789, scale_lr: 0.60105940422355242, EAO: 0.257
Trial 1472 finished with value: 0.25671579809935113 and parameters: {'window_influence': 0.3193593774361789, 'penalty_k': 0.02398125077050789, 'scale_lr': 0.6010594042235524}. Best is trial 1199 with value: 0.2814603819837415.
checkpoint_e22 window_influence: 0.33800624180681654, penalty_k: 0.04243728321498431, scale_lr: 0.32330227514494730, EAO: 0.270
Trial 1473 finished with value: 0.26963661532334193 and parameters: {'window_influence': 0.33800624180681654, 'penalty_k': 0.042437283214984314, 'scale_lr': 0.3233022751449473}. Best is trial 1199 with value: 0.2814603819837415.
checkpoint_e22 window_influence: 0.31203556530619186, penalty_k: 0.01911596947904474, scale_lr: 0.46675430389687533, EAO: 0.260
Trial 1474 finished with value: 0.26006181332154005 and parameters: {'window_influence': 0.31203556530619186, 'penalty_k': 0.019115969479044745, 'scale_lr': 0.46675430389687533}. Best is trial 1199 with value: 0.2814603819837415.
checkpoint_e22 window_influence: 0.32529777904249157, penalty_k: 0.03142919984503672, scale_lr: 0.12871463201912736, EAO: 0.239
Trial 1475 finished with value: 0.23863640415474652 and parameters: {'window_influence': 0.3252977790424916, 'penalty_k': 0.03142919984503672, 'scale_lr': 0.12871463201912736}. Best is trial 1199 with value: 0.2814603819837415.
checkpoint_e22 window_influence: 0.34541579980153503, penalty_k: 0.04726742158190116, scale_lr: 0.41038333686303136, EAO: 0.262
Trial 1476 finished with value: 0.26215442742516354 and parameters: {'window_influence': 0.34541579980153503, 'penalty_k': 0.047267421581901156, 'scale_lr': 0.41038333686303136}. Best is trial 1199 with value: 0.2814603819837415.
checkpoint_e22 window_influence: 0.31221755150650415, penalty_k: 0.01256011452844029, scale_lr: 0.47407720620841654, EAO: 0.258
Trial 1477 finished with value: 0.25796647509181403 and parameters: {'window_influence': 0.31221755150650415, 'penalty_k': 0.012560114528440292, 'scale_lr': 0.47407720620841654}. Best is trial 1199 with value: 0.2814603819837415.
checkpoint_e22 window_influence: 0.32991452088996825, penalty_k: 0.00870766633762970, scale_lr: 0.15591211254177967, EAO: 0.249
Trial 1478 finished with value: 0.24921526450936388 and parameters: {'window_influence': 0.32991452088996825, 'penalty_k': 0.0087076663376297, 'scale_lr': 0.15591211254177967}. Best is trial 1199 with value: 0.2814603819837415.
checkpoint_e22 window_influence: 0.35137157660952056, penalty_k: 0.02635339753676711, scale_lr: 0.14137144896558806, EAO: 0.256
Trial 1479 finished with value: 0.25616980186565136 and parameters: {'window_influence': 0.35137157660952056, 'penalty_k': 0.026353397536767107, 'scale_lr': 0.14137144896558806}. Best is trial 1199 with value: 0.2814603819837415.
checkpoint_e22 window_influence: 0.64913415079303038, penalty_k: 0.05979436988869316, scale_lr: 0.48809659422232793, EAO: 0.205
Trial 1480 finished with value: 0.20476486976069164 and parameters: {'window_influence': 0.6491341507930304, 'penalty_k': 0.05979436988869316, 'scale_lr': 0.48809659422232793}. Best is trial 1199 with value: 0.2814603819837415.
checkpoint_e22 window_influence: 0.30111307453464892, penalty_k: 0.04798976813361655, scale_lr: 0.73315369313684731, EAO: 0.252
Trial 1481 finished with value: 0.2516483519135452 and parameters: {'window_influence': 0.3011130745346489, 'penalty_k': 0.04798976813361655, 'scale_lr': 0.7331536931368473}. Best is trial 1199 with value: 0.2814603819837415.
checkpoint_e22 window_influence: 0.64869570393913811, penalty_k: 0.03268632676078028, scale_lr: 0.18989932845344371, EAO: 0.200
