Trial 867 finished with value: 0.25232172048673396 and parameters: {'window_influence': 0.28267143851205123, 'penalty_k': 0.5476247649482648, 'scale_lr': 0.6699736580032157}. Best is trial 489 with value: 0.28065862270390113.
checkpoint_e32 window_influence: 0.52752542247246414, penalty_k: 0.28337986935952197, scale_lr: 0.79812327146916673, EAO: 0.242
Trial 868 finished with value: 0.24249486909891532 and parameters: {'window_influence': 0.5275254224724641, 'penalty_k': 0.283379869359522, 'scale_lr': 0.7981232714691667}. Best is trial 489 with value: 0.28065862270390113.
checkpoint_e32 window_influence: 0.39759068511342460, penalty_k: 0.16859481229532366, scale_lr: 0.32370892788552857, EAO: 0.256
Trial 869 finished with value: 0.2563225158709821 and parameters: {'window_influence': 0.3975906851134246, 'penalty_k': 0.16859481229532366, 'scale_lr': 0.3237089278855286}. Best is trial 489 with value: 0.28065862270390113.
checkpoint_e32 window_influence: 0.56413486638461341, penalty_k: 0.03532817802869110, scale_lr: 0.49582736337355349, EAO: 0.234
Trial 870 finished with value: 0.2342659623278835 and parameters: {'window_influence': 0.5641348663846134, 'penalty_k': 0.0353281780286911, 'scale_lr': 0.4958273633735535}. Best is trial 489 with value: 0.28065862270390113.
checkpoint_e32 window_influence: 0.34028277957056874, penalty_k: 0.36058683420040810, scale_lr: 0.63846416453092569, EAO: 0.255
Trial 871 finished with value: 0.2550055311947334 and parameters: {'window_influence': 0.34028277957056874, 'penalty_k': 0.3605868342004081, 'scale_lr': 0.6384641645309257}. Best is trial 489 with value: 0.28065862270390113.
checkpoint_e32 window_influence: 0.35437474993538737, penalty_k: 0.10763296185384585, scale_lr: 0.69357357581007084, EAO: 0.257
Trial 872 finished with value: 0.25730243803766684 and parameters: {'window_influence': 0.35437474993538737, 'penalty_k': 0.10763296185384585, 'scale_lr': 0.6935735758100708}. Best is trial 489 with value: 0.28065862270390113.
checkpoint_e32 window_influence: 0.47845439544164964, penalty_k: 0.31009495988997243, scale_lr: 0.76576386227180837, EAO: 0.257
Trial 873 finished with value: 0.2566491210969483 and parameters: {'window_influence': 0.47845439544164964, 'penalty_k': 0.31009495988997243, 'scale_lr': 0.7657638622718084}. Best is trial 489 with value: 0.28065862270390113.
checkpoint_e32 window_influence: 0.41215562906718323, penalty_k: 0.34314543981200502, scale_lr: 0.40697404071368309, EAO: 0.250
Trial 874 finished with value: 0.25005076716585856 and parameters: {'window_influence': 0.4121556290671832, 'penalty_k': 0.343145439812005, 'scale_lr': 0.4069740407136831}. Best is trial 489 with value: 0.28065862270390113.
checkpoint_e32 window_influence: 0.12141184485341094, penalty_k: 0.13256876927973449, scale_lr: 0.74919933794728155, EAO: 0.242
Trial 875 finished with value: 0.241545720555918 and parameters: {'window_influence': 0.12141184485341094, 'penalty_k': 0.1325687692797345, 'scale_lr': 0.7491993379472816}. Best is trial 489 with value: 0.28065862270390113.
checkpoint_e32 window_influence: 0.32619555472460654, penalty_k: 0.19902770679579668, scale_lr: 0.19866299631282638, EAO: 0.265
Trial 876 finished with value: 0.26523927247863477 and parameters: {'window_influence': 0.32619555472460654, 'penalty_k': 0.19902770679579668, 'scale_lr': 0.19866299631282638}. Best is trial 489 with value: 0.28065862270390113.
checkpoint_e32 window_influence: 0.15735990662172403, penalty_k: 0.08052782092396585, scale_lr: 0.15982153071361901, EAO: 0.249
Trial 877 finished with value: 0.24855402160466203 and parameters: {'window_influence': 0.15735990662172403, 'penalty_k': 0.08052782092396585, 'scale_lr': 0.15982153071361901}. Best is trial 489 with value: 0.28065862270390113.
checkpoint_e32 window_influence: 0.12063673115182899, penalty_k: 0.42737649285623092, scale_lr: 0.55706225433602008, EAO: 0.232
Trial 878 finished with value: 0.23205326315833302 and parameters: {'window_influence': 0.12063673115182899, 'penalty_k': 0.4273764928562309, 'scale_lr': 0.5570622543360201}. Best is trial 489 with value: 0.28065862270390113.
checkpoint_e32 window_influence: 0.11075121662665324, penalty_k: 0.26718191370431998, scale_lr: 0.43384865080194568, EAO: 0.235
Trial 879 finished with value: 0.23534172706729997 and parameters: {'window_influence': 0.11075121662665324, 'penalty_k': 0.26718191370432, 'scale_lr': 0.4338486508019457}. Best is trial 489 with value: 0.28065862270390113.
checkpoint_e32 window_influence: 0.30835240256027124, penalty_k: 0.29717442196343075, scale_lr: 0.24097361629677314, EAO: 0.257
Trial 880 finished with value: 0.25652664536383096 and parameters: {'window_influence': 0.30835240256027124, 'penalty_k': 0.29717442196343075, 'scale_lr': 0.24097361629677314}. Best is trial 489 with value: 0.28065862270390113.
checkpoint_e32 window_influence: 0.64607206849324728, penalty_k: 0.22280104301290193, scale_lr: 0.61357275322101390, EAO: 0.214
Trial 881 finished with value: 0.21436819210042798 and parameters: {'window_influence': 0.6460720684932473, 'penalty_k': 0.22280104301290193, 'scale_lr': 0.6135727532210139}. Best is trial 489 with value: 0.28065862270390113.
checkpoint_e32 window_influence: 0.37993786008130748, penalty_k: 0.31183141597578318, scale_lr: 0.17736859819836603, EAO: 0.258
Trial 882 finished with value: 0.2582885288610691 and parameters: {'window_influence': 0.3799378600813075, 'penalty_k': 0.3118314159757832, 'scale_lr': 0.17736859819836603}. Best is trial 489 with value: 0.28065862270390113.
checkpoint_e32 window_influence: 0.29778442645543246, penalty_k: 0.18177956127412997, scale_lr: 0.47269108334073051, EAO: 0.259
Trial 883 finished with value: 0.25926852250486854 and parameters: {'window_influence': 0.29778442645543246, 'penalty_k': 0.18177956127412997, 'scale_lr': 0.4726910833407305}. Best is trial 489 with value: 0.28065862270390113.
checkpoint_e32 window_influence: 0.23385877692896628, penalty_k: 0.39831763249155944, scale_lr: 0.70822047823294154, EAO: 0.254
Trial 884 finished with value: 0.25376492514600596 and parameters: {'window_influence': 0.23385877692896628, 'penalty_k': 0.39831763249155944, 'scale_lr': 0.7082204782329415}. Best is trial 489 with value: 0.28065862270390113.
checkpoint_e32 window_influence: 0.56547642532994669, penalty_k: 0.14351263815827872, scale_lr: 0.68377613066665044, EAO: 0.228
Trial 885 finished with value: 0.2277921521809043 and parameters: {'window_influence': 0.5654764253299467, 'penalty_k': 0.14351263815827872, 'scale_lr': 0.6837761306666504}. Best is trial 489 with value: 0.28065862270390113.
checkpoint_e32 window_influence: 0.31894071494829823, penalty_k: 0.04526494905150807, scale_lr: 0.45789600469144548, EAO: 0.260
Trial 886 finished with value: 0.2598730087037978 and parameters: {'window_influence': 0.31894071494829823, 'penalty_k': 0.04526494905150807, 'scale_lr': 0.4578960046914455}. Best is trial 489 with value: 0.28065862270390113.
checkpoint_e32 window_influence: 0.28939900380239925, penalty_k: 0.27653090936473479, scale_lr: 0.65783820514864511, EAO: 0.268
Trial 887 finished with value: 0.26762145436633894 and parameters: {'window_influence': 0.28939900380239925, 'penalty_k': 0.2765309093647348, 'scale_lr': 0.6578382051486451}. Best is trial 489 with value: 0.28065862270390113.
checkpoint_e32 window_influence: 0.21430918151093184, penalty_k: 0.32610845798827187, scale_lr: 0.22906802630675585, EAO: 0.245
Trial 888 finished with value: 0.24491297126543232 and parameters: {'window_influence': 0.21430918151093184, 'penalty_k': 0.32610845798827187, 'scale_lr': 0.22906802630675585}. Best is trial 489 with value: 0.28065862270390113.
checkpoint_e32 window_influence: 0.36802836183218252, penalty_k: 0.01735289864689722, scale_lr: 0.72724795723373237, EAO: 0.251
Trial 889 finished with value: 0.2509895194836748 and parameters: {'window_influence': 0.3680283618321825, 'penalty_k': 0.017352898646897222, 'scale_lr': 0.7272479572337324}. Best is trial 489 with value: 0.28065862270390113.
checkpoint_e32 window_influence: 0.33035806172583598, penalty_k: 0.23517318673795803, scale_lr: 0.14160307215386622, EAO: 0.260
Trial 890 finished with value: 0.26002549440637834 and parameters: {'window_influence': 0.330358061725836, 'penalty_k': 0.23517318673795803, 'scale_lr': 0.14160307215386622}. Best is trial 489 with value: 0.28065862270390113.
checkpoint_e32 window_influence: 0.59077713780057539, penalty_k: 0.28969097055119497, scale_lr: 0.64619101209918939, EAO: 0.218
Trial 891 finished with value: 0.21842154285045173 and parameters: {'window_influence': 0.5907771378005754, 'penalty_k': 0.28969097055119497, 'scale_lr': 0.6461910120991894}. Best is trial 489 with value: 0.28065862270390113.
checkpoint_e32 window_influence: 0.26047905523816717, penalty_k: 0.15725330913797736, scale_lr: 0.77410166230011390, EAO: 0.258
Trial 892 finished with value: 0.25806685440181715 and parameters: {'window_influence': 0.26047905523816717, 'penalty_k': 0.15725330913797736, 'scale_lr': 0.7741016623001139}. Best is trial 489 with value: 0.28065862270390113.
checkpoint_e32 window_influence: 0.34748269963092343, penalty_k: 0.09608253903225633, scale_lr: 0.67179917049862459, EAO: 0.248
Trial 893 finished with value: 0.24768918492202838 and parameters: {'window_influence': 0.34748269963092343, 'penalty_k': 0.09608253903225633, 'scale_lr': 0.6717991704986246}. Best is trial 489 with value: 0.28065862270390113.
checkpoint_e32 window_influence: 0.30872344601843543, penalty_k: 0.33869399150786694, scale_lr: 0.52087254610094180, EAO: 0.257
Trial 894 finished with value: 0.25723947620973353 and parameters: {'window_influence': 0.30872344601843543, 'penalty_k': 0.33869399150786694, 'scale_lr': 0.5208725461009418}. Best is trial 489 with value: 0.28065862270390113.
checkpoint_e32 window_influence: 0.33837792137378137, penalty_k: 0.07144258069072401, scale_lr: 0.19567674758754428, EAO: 0.256
Trial 895 finished with value: 0.256145455306623 and parameters: {'window_influence': 0.33837792137378137, 'penalty_k': 0.07144258069072401, 'scale_lr': 0.19567674758754428}. Best is trial 489 with value: 0.28065862270390113.
checkpoint_e32 window_influence: 0.27224941195966446, penalty_k: 0.25528614455891846, scale_lr: 0.37682370123747905, EAO: 0.256
Trial 896 finished with value: 0.256252833740498 and parameters: {'window_influence': 0.27224941195966446, 'penalty_k': 0.25528614455891846, 'scale_lr': 0.37682370123747905}. Best is trial 489 with value: 0.28065862270390113.
checkpoint_e32 window_influence: 0.35930367559517462, penalty_k: 0.12238378464399244, scale_lr: 0.16523867220911714, EAO: 0.265
Trial 897 finished with value: 0.2652378067131934 and parameters: {'window_influence': 0.3593036755951746, 'penalty_k': 0.12238378464399244, 'scale_lr': 0.16523867220911714}. Best is trial 489 with value: 0.28065862270390113.
checkpoint_e32 window_influence: 0.31986489155781689, penalty_k: 0.00042666328222556, scale_lr: 0.21605000083056092, EAO: 0.262
Trial 898 finished with value: 0.2624481407607474 and parameters: {'window_influence': 0.3198648915578169, 'penalty_k': 0.0004266632822255631, 'scale_lr': 0.21605000083056092}. Best is trial 489 with value: 0.28065862270390113.
checkpoint_e32 window_influence: 0.29944505221361595, penalty_k: 0.30383930739105125, scale_lr: 0.73527401714211194, EAO: 0.262
Trial 899 finished with value: 0.26193549611219547 and parameters: {'window_influence': 0.29944505221361595, 'penalty_k': 0.30383930739105125, 'scale_lr': 0.7352740171421119}. Best is trial 489 with value: 0.28065862270390113.
checkpoint_e32 window_influence: 0.44284284885206077, penalty_k: 0.17109320289128105, scale_lr: 0.69110989311114446, EAO: 0.260
Trial 900 finished with value: 0.25954051764030767 and parameters: {'window_influence': 0.44284284885206077, 'penalty_k': 0.17109320289128105, 'scale_lr': 0.6911098931111445}. Best is trial 489 with value: 0.28065862270390113.
checkpoint_e32 window_influence: 0.28794133335032240, penalty_k: 0.57198469180966649, scale_lr: 0.71191332532800100, EAO: 0.239
Trial 901 finished with value: 0.238828010251367 and parameters: {'window_influence': 0.2879413333503224, 'penalty_k': 0.5719846918096665, 'scale_lr': 0.711913325328001}. Best is trial 489 with value: 0.28065862270390113.
checkpoint_e32 window_influence: 0.37593054064880549, penalty_k: 0.19434342388151024, scale_lr: 0.31417710286985256, EAO: 0.260
Trial 902 finished with value: 0.2602771747160733 and parameters: {'window_influence': 0.3759305406488055, 'penalty_k': 0.19434342388151024, 'scale_lr': 0.31417710286985256}. Best is trial 489 with value: 0.28065862270390113.
checkpoint_e32 window_influence: 0.30834294492032072, penalty_k: 0.31606262585779166, scale_lr: 0.78571799253384389, EAO: 0.275
Trial 903 finished with value: 0.2749931441574562 and parameters: {'window_influence': 0.3083429449203207, 'penalty_k': 0.31606262585779166, 'scale_lr': 0.7857179925338439}. Best is trial 489 with value: 0.28065862270390113.
checkpoint_e32 window_influence: 0.32542991357247852, penalty_k: 0.31895097602973677, scale_lr: 0.76766315141138564, EAO: 0.270
Trial 904 finished with value: 0.2703449996264 and parameters: {'window_influence': 0.3254299135724785, 'penalty_k': 0.31895097602973677, 'scale_lr': 0.7676631514113856}. Best is trial 489 with value: 0.28065862270390113.
checkpoint_e32 window_influence: 0.40129149173315709, penalty_k: 0.33601960521814334, scale_lr: 0.78863614435812646, EAO: 0.260
Trial 905 finished with value: 0.25975108043691975 and parameters: {'window_influence': 0.4012914917331571, 'penalty_k': 0.33601960521814334, 'scale_lr': 0.7886361443581265}. Best is trial 489 with value: 0.28065862270390113.
checkpoint_e32 window_influence: 0.34539817342437573, penalty_k: 0.32886484943458399, scale_lr: 0.79243678833985998, EAO: 0.262
Trial 906 finished with value: 0.2618206142167735 and parameters: {'window_influence': 0.34539817342437573, 'penalty_k': 0.328864849434584, 'scale_lr': 0.79243678833986}. Best is trial 489 with value: 0.28065862270390113.
checkpoint_e32 window_influence: 0.31192478708382199, penalty_k: 0.20931787342201894, scale_lr: 0.78986226522757497, EAO: 0.248
Trial 907 finished with value: 0.24760258918612954 and parameters: {'window_influence': 0.311924787083822, 'penalty_k': 0.20931787342201894, 'scale_lr': 0.789862265227575}. Best is trial 489 with value: 0.28065862270390113.
checkpoint_e32 window_influence: 0.50196785310197023, penalty_k: 0.35093481035034402, scale_lr: 0.76632604335139376, EAO: 0.251
Trial 908 finished with value: 0.250917391806114 and parameters: {'window_influence': 0.5019678531019702, 'penalty_k': 0.350934810350344, 'scale_lr': 0.7663260433513938}. Best is trial 489 with value: 0.28065862270390113.
checkpoint_e32 window_influence: 0.33479664413124915, penalty_k: 0.31760098045969315, scale_lr: 0.77688948765495602, EAO: 0.258
Trial 909 finished with value: 0.25792760305046064 and parameters: {'window_influence': 0.33479664413124915, 'penalty_k': 0.31760098045969315, 'scale_lr': 0.776889487654956}. Best is trial 489 with value: 0.28065862270390113.
checkpoint_e32 window_influence: 0.15567059380473350, penalty_k: 0.02118685006952073, scale_lr: 0.35258172556461220, EAO: 0.246
Trial 910 finished with value: 0.24643839974471224 and parameters: {'window_influence': 0.1556705938047335, 'penalty_k': 0.02118685006952073, 'scale_lr': 0.3525817255646122}. Best is trial 489 with value: 0.28065862270390113.
checkpoint_e32 window_influence: 0.57839270917906216, penalty_k: 0.05242131152064770, scale_lr: 0.62940077818890783, EAO: 0.231
Trial 911 finished with value: 0.2311018414007939 and parameters: {'window_influence': 0.5783927091790622, 'penalty_k': 0.0524213115206477, 'scale_lr': 0.6294007781889078}. Best is trial 489 with value: 0.28065862270390113.
checkpoint_e32 window_influence: 0.41865142778475645, penalty_k: 0.46013860928893946, scale_lr: 0.79929860169233480, EAO: 0.247
Trial 912 finished with value: 0.24661641501314271 and parameters: {'window_influence': 0.41865142778475645, 'penalty_k': 0.46013860928893946, 'scale_lr': 0.7992986016923348}. Best is trial 489 with value: 0.28065862270390113.
checkpoint_e32 window_influence: 0.36284554485761855, penalty_k: 0.30903443990020185, scale_lr: 0.75647245000197993, EAO: 0.268
Trial 913 finished with value: 0.26793864260359507 and parameters: {'window_influence': 0.36284554485761855, 'penalty_k': 0.30903443990020185, 'scale_lr': 0.7564724500019799}. Best is trial 489 with value: 0.28065862270390113.
checkpoint_e32 window_influence: 0.38737092364347492, penalty_k: 0.32824927944783711, scale_lr: 0.78265454008816648, EAO: 0.255
Trial 914 finished with value: 0.25469815737105966 and parameters: {'window_influence': 0.3873709236434749, 'penalty_k': 0.3282492794478371, 'scale_lr': 0.7826545400881665}. Best is trial 489 with value: 0.28065862270390113.
checkpoint_e32 window_influence: 0.31375607620064155, penalty_k: 0.14866115136711050, scale_lr: 0.44247527154087174, EAO: 0.248
Trial 915 finished with value: 0.24800542663267958 and parameters: {'window_influence': 0.31375607620064155, 'penalty_k': 0.1486611513671105, 'scale_lr': 0.44247527154087174}. Best is trial 489 with value: 0.28065862270390113.
checkpoint_e32 window_influence: 0.33148795872293890, penalty_k: 0.36504872722063281, scale_lr: 0.18161404728007574, EAO: 0.254
Trial 916 finished with value: 0.254095122218132 and parameters: {'window_influence': 0.3314879587229389, 'penalty_k': 0.3650487272206328, 'scale_lr': 0.18161404728007574}. Best is trial 489 with value: 0.28065862270390113.
checkpoint_e32 window_influence: 0.28288744021377343, penalty_k: 0.34840240063315153, scale_lr: 0.11836377441723711, EAO: 0.254
Trial 917 finished with value: 0.254314328233401 and parameters: {'window_influence': 0.28288744021377343, 'penalty_k': 0.34840240063315153, 'scale_lr': 0.11836377441723711}. Best is trial 489 with value: 0.28065862270390113.
checkpoint_e32 window_influence: 0.09895221432890827, penalty_k: 0.18525471440148586, scale_lr: 0.24601697058744965, EAO: 0.230
Trial 918 finished with value: 0.22967529527055539 and parameters: {'window_influence': 0.09895221432890827, 'penalty_k': 0.18525471440148586, 'scale_lr': 0.24601697058744965}. Best is trial 489 with value: 0.28065862270390113.
checkpoint_e32 window_influence: 0.09199788769285344, penalty_k: 0.41450469113066590, scale_lr: 0.58861526895558214, EAO: 0.225
Trial 919 finished with value: 0.22467738311222898 and parameters: {'window_influence': 0.09199788769285344, 'penalty_k': 0.4145046911306659, 'scale_lr': 0.5886152689555821}. Best is trial 489 with value: 0.28065862270390113.
checkpoint_e32 window_influence: 0.34929841938514467, penalty_k: 0.08922275543786132, scale_lr: 0.28322720976057458, EAO: 0.265
Trial 920 finished with value: 0.26486781657468983 and parameters: {'window_influence': 0.34929841938514467, 'penalty_k': 0.08922275543786132, 'scale_lr': 0.2832272097605746}. Best is trial 489 with value: 0.28065862270390113.
checkpoint_e32 window_influence: 0.25711862612083702, penalty_k: 0.24226490275811244, scale_lr: 0.60595626085576904, EAO: 0.258
Trial 921 finished with value: 0.2575636795017777 and parameters: {'window_influence': 0.257118626120837, 'penalty_k': 0.24226490275811244, 'scale_lr': 0.605956260855769}. Best is trial 489 with value: 0.28065862270390113.
checkpoint_e32 window_influence: 0.29772598524629379, penalty_k: 0.38161792215024670, scale_lr: 0.15288892018710712, EAO: 0.258
Trial 922 finished with value: 0.25802142948396806 and parameters: {'window_influence': 0.2977259852462938, 'penalty_k': 0.3816179221502467, 'scale_lr': 0.15288892018710712}. Best is trial 489 with value: 0.28065862270390113.
checkpoint_e32 window_influence: 0.32271069602534141, penalty_k: 0.11682492906204618, scale_lr: 0.20007422573157246, EAO: 0.267
Trial 923 finished with value: 0.267465872735512 and parameters: {'window_influence': 0.3227106960253414, 'penalty_k': 0.11682492906204618, 'scale_lr': 0.20007422573157246}. Best is trial 489 with value: 0.28065862270390113.
checkpoint_e32 window_influence: 0.23909273670706094, penalty_k: 0.16100727436825588, scale_lr: 0.51247588997942595, EAO: 0.257
Trial 924 finished with value: 0.2570731589585785 and parameters: {'window_influence': 0.23909273670706094, 'penalty_k': 0.16100727436825588, 'scale_lr': 0.512475889979426}. Best is trial 489 with value: 0.28065862270390113.
checkpoint_e32 window_influence: 0.30460716025068907, penalty_k: 0.30340899108012226, scale_lr: 0.66843256379102622, EAO: 0.262
Trial 925 finished with value: 0.2622726949128678 and parameters: {'window_influence': 0.30460716025068907, 'penalty_k': 0.30340899108012226, 'scale_lr': 0.6684325637910262}. Best is trial 489 with value: 0.28065862270390113.
checkpoint_e32 window_influence: 0.35665365760136952, penalty_k: 0.13740576957348585, scale_lr: 0.23608557510647088, EAO: 0.249
Trial 926 finished with value: 0.24926252978119423 and parameters: {'window_influence': 0.3566536576013695, 'penalty_k': 0.13740576957348585, 'scale_lr': 0.23608557510647088}. Best is trial 489 with value: 0.28065862270390113.
checkpoint_e32 window_influence: 0.40703799395254825, penalty_k: 0.31839900666235571, scale_lr: 0.40629908997023845, EAO: 0.260
Trial 927 finished with value: 0.26025537250003195 and parameters: {'window_influence': 0.40703799395254825, 'penalty_k': 0.3183990066623557, 'scale_lr': 0.40629908997023845}. Best is trial 489 with value: 0.28065862270390113.
checkpoint_e32 window_influence: 0.33761988585667019, penalty_k: 0.17456726798912622, scale_lr: 0.21627367339818185, EAO: 0.256
Trial 928 finished with value: 0.25614804810867076 and parameters: {'window_influence': 0.3376198858566702, 'penalty_k': 0.17456726798912622, 'scale_lr': 0.21627367339818185}. Best is trial 489 with value: 0.28065862270390113.
checkpoint_e32 window_influence: 0.37194948436756736, penalty_k: 0.10999167563623247, scale_lr: 0.65024039658844013, EAO: 0.264
