A new study created in memory with name: no-name-64c748d6-781e-4a3a-8ec0-5425cd5a2e33
checkpoint_e32 window_influence: 0.06000285210937831, penalty_k: 0.55512179312067200, scale_lr: 0.65659592011404289, EAO: 0.217
Trial 0 finished with value: 0.21685233282122185 and parameters: {'window_influence': 0.06000285210937831, 'penalty_k': 0.555121793120672, 'scale_lr': 0.6565959201140429}. Best is trial 0 with value: 0.21685233282122185.
checkpoint_e32 window_influence: 0.27736764456886892, penalty_k: 0.53216138730917273, scale_lr: 0.11273530419350641, EAO: 0.261
Trial 1 finished with value: 0.26102336617262384 and parameters: {'window_influence': 0.2773676445688689, 'penalty_k': 0.5321613873091727, 'scale_lr': 0.11273530419350641}. Best is trial 1 with value: 0.26102336617262384.
checkpoint_e32 window_influence: 0.14768777853675141, penalty_k: 0.38691623658422197, scale_lr: 0.39558217980324129, EAO: 0.238
Trial 2 finished with value: 0.23758907137605234 and parameters: {'window_influence': 0.1476877785367514, 'penalty_k': 0.386916236584222, 'scale_lr': 0.3955821798032413}. Best is trial 1 with value: 0.26102336617262384.
checkpoint_e32 window_influence: 0.17099072766242590, penalty_k: 0.45918709197955154, scale_lr: 0.31470873706049662, EAO: 0.219
Trial 3 finished with value: 0.21901708907955061 and parameters: {'window_influence': 0.1709907276624259, 'penalty_k': 0.45918709197955154, 'scale_lr': 0.3147087370604966}. Best is trial 1 with value: 0.26102336617262384.
checkpoint_e32 window_influence: 0.56330373882823226, penalty_k: 0.12366034438621311, scale_lr: 0.25954846101044760, EAO: 0.231
Trial 4 finished with value: 0.23050107776634093 and parameters: {'window_influence': 0.5633037388282323, 'penalty_k': 0.12366034438621311, 'scale_lr': 0.2595484610104476}. Best is trial 1 with value: 0.26102336617262384.
checkpoint_e32 window_influence: 0.45276903736744867, penalty_k: 0.49782415520697609, scale_lr: 0.33803493302041110, EAO: 0.242
Trial 5 finished with value: 0.24195219939801751 and parameters: {'window_influence': 0.45276903736744867, 'penalty_k': 0.4978241552069761, 'scale_lr': 0.3380349330204111}. Best is trial 1 with value: 0.26102336617262384.
checkpoint_e32 window_influence: 0.51381008805887562, penalty_k: 0.31393268707832539, scale_lr: 0.18243707348323640, EAO: 0.249
Trial 6 finished with value: 0.24872819491760517 and parameters: {'window_influence': 0.5138100880588756, 'penalty_k': 0.3139326870783254, 'scale_lr': 0.1824370734832364}. Best is trial 1 with value: 0.26102336617262384.
checkpoint_e32 window_influence: 0.52208257537597402, penalty_k: 0.24144440335553197, scale_lr: 0.41508015618533356, EAO: 0.243
Trial 7 finished with value: 0.24344246319639004 and parameters: {'window_influence': 0.522082575375974, 'penalty_k': 0.24144440335553197, 'scale_lr': 0.41508015618533356}. Best is trial 1 with value: 0.26102336617262384.
checkpoint_e32 window_influence: 0.45280644523999897, penalty_k: 0.18028846755642003, scale_lr: 0.71817993368143274, EAO: 0.248
Trial 8 finished with value: 0.24755428840474383 and parameters: {'window_influence': 0.45280644523999897, 'penalty_k': 0.18028846755642003, 'scale_lr': 0.7181799336814327}. Best is trial 1 with value: 0.26102336617262384.
checkpoint_e32 window_influence: 0.27559017516576995, penalty_k: 0.39419301604405110, scale_lr: 0.56833253236327652, EAO: 0.252
Trial 9 finished with value: 0.2519820496682229 and parameters: {'window_influence': 0.27559017516576995, 'penalty_k': 0.3941930160440511, 'scale_lr': 0.5683325323632765}. Best is trial 1 with value: 0.26102336617262384.
checkpoint_e32 window_influence: 0.35138074914976508, penalty_k: 0.04440391924348958, scale_lr: 0.17484752330956571, EAO: 0.258
Trial 10 finished with value: 0.25795409137882835 and parameters: {'window_influence': 0.3513807491497651, 'penalty_k': 0.044403919243489576, 'scale_lr': 0.1748475233095657}. Best is trial 1 with value: 0.26102336617262384.
checkpoint_e32 window_influence: 0.34186602591313187, penalty_k: 0.00685297489319360, scale_lr: 0.13883070381910204, EAO: 0.258
Trial 11 finished with value: 0.25756962239984577 and parameters: {'window_influence': 0.34186602591313187, 'penalty_k': 0.0068529748931936, 'scale_lr': 0.13883070381910204}. Best is trial 1 with value: 0.26102336617262384.
checkpoint_e32 window_influence: 0.29288420718474206, penalty_k: 0.58666790832638105, scale_lr: 0.11582987050134708, EAO: 0.237
Trial 12 finished with value: 0.2365005612373352 and parameters: {'window_influence': 0.29288420718474206, 'penalty_k': 0.586667908326381, 'scale_lr': 0.11582987050134708}. Best is trial 1 with value: 0.26102336617262384.
checkpoint_e32 window_influence: 0.35375798272106684, penalty_k: 0.04678193534825226, scale_lr: 0.22595157985460704, EAO: 0.259
Trial 13 finished with value: 0.25949719645143526 and parameters: {'window_influence': 0.35375798272106684, 'penalty_k': 0.04678193534825226, 'scale_lr': 0.22595157985460704}. Best is trial 1 with value: 0.26102336617262384.
checkpoint_e32 window_influence: 0.41929331634936740, penalty_k: 0.27852898030225937, scale_lr: 0.21921881811441352, EAO: 0.256
Trial 14 finished with value: 0.25602992478667236 and parameters: {'window_influence': 0.4192933163493674, 'penalty_k': 0.27852898030225937, 'scale_lr': 0.21921881811441352}. Best is trial 1 with value: 0.26102336617262384.
checkpoint_e32 window_influence: 0.59970367149614856, penalty_k: 0.11805636517499546, scale_lr: 0.11387971662689127, EAO: 0.221
Trial 15 finished with value: 0.22138373687015317 and parameters: {'window_influence': 0.5997036714961486, 'penalty_k': 0.11805636517499546, 'scale_lr': 0.11387971662689127}. Best is trial 1 with value: 0.26102336617262384.
checkpoint_e32 window_influence: 0.22953841708337436, penalty_k: 0.33717106070167330, scale_lr: 0.26045045647396309, EAO: 0.246
Trial 16 finished with value: 0.24577686051285363 and parameters: {'window_influence': 0.22953841708337436, 'penalty_k': 0.3371710607016733, 'scale_lr': 0.2604504564739631}. Best is trial 1 with value: 0.26102336617262384.
checkpoint_e32 window_influence: 0.37402940136909346, penalty_k: 0.20982282312546674, scale_lr: 0.27754812469340556, EAO: 0.268
Trial 17 finished with value: 0.2675115449762926 and parameters: {'window_influence': 0.37402940136909346, 'penalty_k': 0.20982282312546674, 'scale_lr': 0.27754812469340556}. Best is trial 17 with value: 0.2675115449762926.
checkpoint_e32 window_influence: 0.40848335814572045, penalty_k: 0.24383173515978401, scale_lr: 0.51867289941115235, EAO: 0.253
Trial 18 finished with value: 0.2528554848660298 and parameters: {'window_influence': 0.40848335814572045, 'penalty_k': 0.243831735159784, 'scale_lr': 0.5186728994111524}. Best is trial 17 with value: 0.2675115449762926.
checkpoint_e32 window_influence: 0.62414941018868864, penalty_k: 0.51243492417809133, scale_lr: 0.34062955602075151, EAO: 0.205
Trial 19 finished with value: 0.2053184542592948 and parameters: {'window_influence': 0.6241494101886886, 'penalty_k': 0.5124349241780913, 'scale_lr': 0.3406295560207515}. Best is trial 17 with value: 0.2675115449762926.
checkpoint_e32 window_influence: 0.24893433454588956, penalty_k: 0.59319502650602851, scale_lr: 0.28203379998000688, EAO: 0.235
Trial 20 finished with value: 0.23505310702130078 and parameters: {'window_influence': 0.24893433454588956, 'penalty_k': 0.5931950265060285, 'scale_lr': 0.2820337999800069}. Best is trial 17 with value: 0.2675115449762926.
checkpoint_e32 window_influence: 0.34818441227935892, penalty_k: 0.19811703552833920, scale_lr: 0.20380548367078519, EAO: 0.247
Trial 21 finished with value: 0.24726709553865883 and parameters: {'window_influence': 0.3481844122793589, 'penalty_k': 0.1981170355283392, 'scale_lr': 0.2038054836707852}. Best is trial 17 with value: 0.2675115449762926.
checkpoint_e32 window_influence: 0.30817863034939630, penalty_k: 0.06541780092428032, scale_lr: 0.20945179405401462, EAO: 0.263
Trial 22 finished with value: 0.2630095928301656 and parameters: {'window_influence': 0.3081786303493963, 'penalty_k': 0.06541780092428032, 'scale_lr': 0.20945179405401462}. Best is trial 17 with value: 0.2675115449762926.
checkpoint_e32 window_influence: 0.30473590250993615, penalty_k: 0.11221675193156747, scale_lr: 0.10632648249904750, EAO: 0.259
Trial 23 finished with value: 0.2588807126370872 and parameters: {'window_influence': 0.30473590250993615, 'penalty_k': 0.11221675193156747, 'scale_lr': 0.1063264824990475}. Best is trial 17 with value: 0.2675115449762926.
checkpoint_e32 window_influence: 0.20768755609033418, penalty_k: 0.17242507538535537, scale_lr: 0.17102625602712412, EAO: 0.248
Trial 24 finished with value: 0.24849815848397044 and parameters: {'window_influence': 0.20768755609033418, 'penalty_k': 0.17242507538535537, 'scale_lr': 0.17102625602712412}. Best is trial 17 with value: 0.2675115449762926.
checkpoint_e32 window_influence: 0.30248715373525792, penalty_k: 0.44019319493232378, scale_lr: 0.24147894834611455, EAO: 0.257
Trial 25 finished with value: 0.257058384033238 and parameters: {'window_influence': 0.3024871537352579, 'penalty_k': 0.4401931949323238, 'scale_lr': 0.24147894834611455}. Best is trial 17 with value: 0.2675115449762926.
checkpoint_e32 window_influence: 0.38961601319920802, penalty_k: 0.35063056625846878, scale_lr: 0.30704443936826603, EAO: 0.253
Trial 26 finished with value: 0.2530576063365471 and parameters: {'window_influence': 0.389616013199208, 'penalty_k': 0.3506305662584688, 'scale_lr': 0.30704443936826603}. Best is trial 17 with value: 0.2675115449762926.
checkpoint_e32 window_influence: 0.25866272527245793, penalty_k: 0.28061758577893714, scale_lr: 0.16528426839973212, EAO: 0.257
Trial 27 finished with value: 0.2571630812878531 and parameters: {'window_influence': 0.2586627252724579, 'penalty_k': 0.28061758577893714, 'scale_lr': 0.16528426839973212}. Best is trial 17 with value: 0.2675115449762926.
checkpoint_e32 window_influence: 0.20560584017108857, penalty_k: 0.22652233948366654, scale_lr: 0.10290074122614747, EAO: 0.243
Trial 28 finished with value: 0.24264583851748367 and parameters: {'window_influence': 0.20560584017108857, 'penalty_k': 0.22652233948366654, 'scale_lr': 0.10290074122614747}. Best is trial 17 with value: 0.2675115449762926.
checkpoint_e32 window_influence: 0.05585432585053374, penalty_k: 0.15534557543327715, scale_lr: 0.21981770092825734, EAO: 0.230
Trial 29 finished with value: 0.23018922499282574 and parameters: {'window_influence': 0.05585432585053374, 'penalty_k': 0.15534557543327715, 'scale_lr': 0.21981770092825734}. Best is trial 17 with value: 0.2675115449762926.
checkpoint_e32 window_influence: 0.11056125557847996, penalty_k: 0.53376608615002419, scale_lr: 0.38286947107822189, EAO: 0.227
Trial 30 finished with value: 0.22650565225176694 and parameters: {'window_influence': 0.11056125557847996, 'penalty_k': 0.5337660861500242, 'scale_lr': 0.3828694710782219}. Best is trial 17 with value: 0.2675115449762926.
checkpoint_e32 window_influence: 0.32611458078462036, penalty_k: 0.07419678089446979, scale_lr: 0.24416183257582302, EAO: 0.263
Trial 31 finished with value: 0.26269426196813583 and parameters: {'window_influence': 0.32611458078462036, 'penalty_k': 0.0741967808944698, 'scale_lr': 0.24416183257582302}. Best is trial 17 with value: 0.2675115449762926.
checkpoint_e32 window_influence: 0.28701471700415326, penalty_k: 0.07600209846233946, scale_lr: 0.27894952267933376, EAO: 0.260
Trial 32 finished with value: 0.2596201459324457 and parameters: {'window_influence': 0.28701471700415326, 'penalty_k': 0.07600209846233946, 'scale_lr': 0.27894952267933376}. Best is trial 17 with value: 0.2675115449762926.
checkpoint_e32 window_influence: 0.32171766330465607, penalty_k: 0.00427686863073223, scale_lr: 0.16199924403399507, EAO: 0.257
Trial 33 finished with value: 0.25699402288935047 and parameters: {'window_influence': 0.32171766330465607, 'penalty_k': 0.0042768686307322334, 'scale_lr': 0.16199924403399507}. Best is trial 17 with value: 0.2675115449762926.
checkpoint_e32 window_influence: 0.37376422638799450, penalty_k: 0.14086346137109679, scale_lr: 0.25159628330909239, EAO: 0.261
Trial 34 finished with value: 0.2607381291142324 and parameters: {'window_influence': 0.3737642263879945, 'penalty_k': 0.1408634613710968, 'scale_lr': 0.2515962833090924}. Best is trial 17 with value: 0.2675115449762926.
checkpoint_e32 window_influence: 0.32428267026072521, penalty_k: 0.09748140123837679, scale_lr: 0.20019111947290102, EAO: 0.276
Trial 35 finished with value: 0.27627885390103346 and parameters: {'window_influence': 0.3242826702607252, 'penalty_k': 0.09748140123837679, 'scale_lr': 0.20019111947290102}. Best is trial 35 with value: 0.27627885390103346.
checkpoint_e32 window_influence: 0.32163277389049794, penalty_k: 0.09063555118041748, scale_lr: 0.30731414005352925, EAO: 0.263
Trial 36 finished with value: 0.26325096365639833 and parameters: {'window_influence': 0.32163277389049794, 'penalty_k': 0.09063555118041748, 'scale_lr': 0.30731414005352925}. Best is trial 35 with value: 0.27627885390103346.
checkpoint_e32 window_influence: 0.37583044742756877, penalty_k: 0.09743605483754664, scale_lr: 0.31605155245425237, EAO: 0.268
Trial 37 finished with value: 0.2683131337408128 and parameters: {'window_influence': 0.37583044742756877, 'penalty_k': 0.09743605483754664, 'scale_lr': 0.31605155245425237}. Best is trial 35 with value: 0.27627885390103346.
checkpoint_e32 window_influence: 0.39157781168317196, penalty_k: 0.10272014972063961, scale_lr: 0.31994267819751265, EAO: 0.260
Trial 38 finished with value: 0.2598020312020449 and parameters: {'window_influence': 0.39157781168317196, 'penalty_k': 0.10272014972063961, 'scale_lr': 0.31994267819751265}. Best is trial 35 with value: 0.27627885390103346.
checkpoint_e32 window_influence: 0.43716609234335019, penalty_k: 0.14616001761809705, scale_lr: 0.35413806716160867, EAO: 0.260
Trial 39 finished with value: 0.2596024959916022 and parameters: {'window_influence': 0.4371660923433502, 'penalty_k': 0.14616001761809705, 'scale_lr': 0.35413806716160867}. Best is trial 35 with value: 0.27627885390103346.
checkpoint_e32 window_influence: 0.47024867238510815, penalty_k: 0.09699721171926727, scale_lr: 0.29565684382336860, EAO: 0.249
Trial 40 finished with value: 0.2486116801941298 and parameters: {'window_influence': 0.47024867238510815, 'penalty_k': 0.09699721171926727, 'scale_lr': 0.2956568438233686}. Best is trial 35 with value: 0.27627885390103346.
checkpoint_e32 window_influence: 0.36902661295429334, penalty_k: 0.07274082045826477, scale_lr: 0.29284269249693418, EAO: 0.252
Trial 41 finished with value: 0.25237251145810613 and parameters: {'window_influence': 0.36902661295429334, 'penalty_k': 0.07274082045826477, 'scale_lr': 0.2928426924969342}. Best is trial 35 with value: 0.27627885390103346.
checkpoint_e32 window_influence: 0.32290787247300090, penalty_k: 0.13618302351557501, scale_lr: 0.35634286303699902, EAO: 0.254
Trial 42 finished with value: 0.2543134708714679 and parameters: {'window_influence': 0.3229078724730009, 'penalty_k': 0.136183023515575, 'scale_lr': 0.356342863036999}. Best is trial 35 with value: 0.27627885390103346.
checkpoint_e32 window_influence: 0.39087788063610834, penalty_k: 0.03768864969836775, scale_lr: 0.20708660388682643, EAO: 0.257
Trial 43 finished with value: 0.25746159249447226 and parameters: {'window_influence': 0.39087788063610834, 'penalty_k': 0.03768864969836775, 'scale_lr': 0.20708660388682643}. Best is trial 35 with value: 0.27627885390103346.
checkpoint_e32 window_influence: 0.26510882129811503, penalty_k: 0.18981315853508265, scale_lr: 0.42140798835706444, EAO: 0.264
Trial 44 finished with value: 0.2635873136360471 and parameters: {'window_influence': 0.265108821298115, 'penalty_k': 0.18981315853508265, 'scale_lr': 0.42140798835706444}. Best is trial 35 with value: 0.27627885390103346.
checkpoint_e32 window_influence: 0.26862454809109165, penalty_k: 0.19223375989724148, scale_lr: 0.42490083535687451, EAO: 0.257
Trial 45 finished with value: 0.25693909090951206 and parameters: {'window_influence': 0.26862454809109165, 'penalty_k': 0.19223375989724148, 'scale_lr': 0.4249008353568745}. Best is trial 35 with value: 0.27627885390103346.
checkpoint_e32 window_influence: 0.33513042766757989, penalty_k: 0.16706163928193651, scale_lr: 0.37506460471406738, EAO: 0.259
Trial 46 finished with value: 0.25870766732993167 and parameters: {'window_influence': 0.3351304276675799, 'penalty_k': 0.1670616392819365, 'scale_lr': 0.3750646047140674}. Best is trial 35 with value: 0.27627885390103346.
checkpoint_e32 window_influence: 0.28016328356856512, penalty_k: 0.12791652358541838, scale_lr: 0.32118749524558177, EAO: 0.255
Trial 47 finished with value: 0.2550371864704582 and parameters: {'window_influence': 0.2801632835685651, 'penalty_k': 0.12791652358541838, 'scale_lr': 0.32118749524558177}. Best is trial 35 with value: 0.27627885390103346.
checkpoint_e32 window_influence: 0.36774922692188639, penalty_k: 0.09641900006955331, scale_lr: 0.40970902426558375, EAO: 0.245
Trial 48 finished with value: 0.24532757869096306 and parameters: {'window_influence': 0.3677492269218864, 'penalty_k': 0.09641900006955331, 'scale_lr': 0.40970902426558375}. Best is trial 35 with value: 0.27627885390103346.
checkpoint_e32 window_influence: 0.34992992935805067, penalty_k: 0.20907807744461029, scale_lr: 0.45639429546119104, EAO: 0.259
Trial 49 finished with value: 0.2585223271715932 and parameters: {'window_influence': 0.3499299293580507, 'penalty_k': 0.2090780774446103, 'scale_lr': 0.45639429546119104}. Best is trial 35 with value: 0.27627885390103346.
checkpoint_e32 window_influence: 0.41970078840293751, penalty_k: 0.16912036689929011, scale_lr: 0.27089813936318896, EAO: 0.260
Trial 50 finished with value: 0.25982351564779516 and parameters: {'window_influence': 0.4197007884029375, 'penalty_k': 0.1691203668992901, 'scale_lr': 0.27089813936318896}. Best is trial 35 with value: 0.27627885390103346.
checkpoint_e32 window_influence: 0.29821977534852906, penalty_k: 0.03325264520186560, scale_lr: 0.32850850156215811, EAO: 0.253
Trial 51 finished with value: 0.25292071439628677 and parameters: {'window_influence': 0.29821977534852906, 'penalty_k': 0.033252645201865605, 'scale_lr': 0.3285085015621581}. Best is trial 35 with value: 0.27627885390103346.
checkpoint_e32 window_influence: 0.31402316487276705, penalty_k: 0.13669784138187482, scale_lr: 0.19356140035324115, EAO: 0.253
Trial 52 finished with value: 0.2527232632283273 and parameters: {'window_influence': 0.31402316487276705, 'penalty_k': 0.13669784138187482, 'scale_lr': 0.19356140035324115}. Best is trial 35 with value: 0.27627885390103346.
checkpoint_e32 window_influence: 0.24471693584233284, penalty_k: 0.06011889106576407, scale_lr: 0.23552723406864273, EAO: 0.255
Trial 53 finished with value: 0.2548010988933284 and parameters: {'window_influence': 0.24471693584233284, 'penalty_k': 0.06011889106576407, 'scale_lr': 0.23552723406864273}. Best is trial 35 with value: 0.27627885390103346.
checkpoint_e32 window_influence: 0.27385160545284654, penalty_k: 0.11055456916787179, scale_lr: 0.28390510232828886, EAO: 0.259
Trial 54 finished with value: 0.259343093669996 and parameters: {'window_influence': 0.27385160545284654, 'penalty_k': 0.11055456916787179, 'scale_lr': 0.28390510232828886}. Best is trial 35 with value: 0.27627885390103346.
checkpoint_e32 window_influence: 0.32641160302985261, penalty_k: 0.08657573415866122, scale_lr: 0.14858567653634791, EAO: 0.258
Trial 55 finished with value: 0.2577988219455006 and parameters: {'window_influence': 0.3264116030298526, 'penalty_k': 0.08657573415866122, 'scale_lr': 0.1485856765363479}. Best is trial 35 with value: 0.27627885390103346.
checkpoint_e32 window_influence: 0.35083243897730504, penalty_k: 0.02572484223015439, scale_lr: 0.18773025155306583, EAO: 0.267
Trial 56 finished with value: 0.2672233408301826 and parameters: {'window_influence': 0.35083243897730504, 'penalty_k': 0.025724842230154393, 'scale_lr': 0.18773025155306583}. Best is trial 35 with value: 0.27627885390103346.
checkpoint_e32 window_influence: 0.35394776280008156, penalty_k: 0.01498117685344277, scale_lr: 0.26225464221407668, EAO: 0.268
Trial 57 finished with value: 0.2677083263188843 and parameters: {'window_influence': 0.35394776280008156, 'penalty_k': 0.014981176853442767, 'scale_lr': 0.2622546422140767}. Best is trial 35 with value: 0.27627885390103346.
checkpoint_e32 window_influence: 0.35668196577125649, penalty_k: 0.02553161437312603, scale_lr: 0.18698183790590236, EAO: 0.259
Trial 58 finished with value: 0.25922557015002257 and parameters: {'window_influence': 0.3566819657712565, 'penalty_k': 0.02553161437312603, 'scale_lr': 0.18698183790590236}. Best is trial 35 with value: 0.27627885390103346.
checkpoint_e32 window_influence: 0.40548476972233993, penalty_k: 0.00280606243200254, scale_lr: 0.13848058576990113, EAO: 0.254
Trial 59 finished with value: 0.25404903516779104 and parameters: {'window_influence': 0.40548476972233993, 'penalty_k': 0.0028060624320025394, 'scale_lr': 0.13848058576990113}. Best is trial 35 with value: 0.27627885390103346.
checkpoint_e32 window_influence: 0.37556668938002724, penalty_k: 0.04582035971454784, scale_lr: 0.25406164285963229, EAO: 0.261
Trial 60 finished with value: 0.2611551625214941 and parameters: {'window_influence': 0.37556668938002724, 'penalty_k': 0.04582035971454784, 'scale_lr': 0.2540616428596323}. Best is trial 35 with value: 0.27627885390103346.
checkpoint_e32 window_influence: 0.34087784307837893, penalty_k: 0.01538813253706914, scale_lr: 0.22820307653847188, EAO: 0.257
