Trial 682 finished with value: 0.25371774522269647 and parameters: {'window_influence': 0.3612087116729865, 'penalty_k': 0.21721756546972995, 'scale_lr': 0.16914837893292853}. Best is trial 104 with value: 0.27492820641131904.
checkpoint_e22 window_influence: 0.16896644602463426, penalty_k: 0.19304106147940883, scale_lr: 0.51734747563165029, EAO: 0.247
Trial 683 finished with value: 0.2470338900035959 and parameters: {'window_influence': 0.16896644602463426, 'penalty_k': 0.19304106147940883, 'scale_lr': 0.5173474756316503}. Best is trial 104 with value: 0.27492820641131904.
checkpoint_e22 window_influence: 0.25205520277666038, penalty_k: 0.25526929753448846, scale_lr: 0.32478259252540198, EAO: 0.247
Trial 684 finished with value: 0.24680671120077613 and parameters: {'window_influence': 0.2520552027766604, 'penalty_k': 0.25526929753448846, 'scale_lr': 0.324782592525402}. Best is trial 104 with value: 0.27492820641131904.
checkpoint_e22 window_influence: 0.42779051262561751, penalty_k: 0.05754863775934979, scale_lr: 0.37741093468501802, EAO: 0.258
Trial 685 finished with value: 0.2577199104234455 and parameters: {'window_influence': 0.4277905126256175, 'penalty_k': 0.05754863775934979, 'scale_lr': 0.377410934685018}. Best is trial 104 with value: 0.27492820641131904.
checkpoint_e22 window_influence: 0.08747784601232367, penalty_k: 0.29212069751395142, scale_lr: 0.19492668723503803, EAO: 0.215
Trial 686 finished with value: 0.21514997516221146 and parameters: {'window_influence': 0.08747784601232367, 'penalty_k': 0.2921206975139514, 'scale_lr': 0.19492668723503803}. Best is trial 104 with value: 0.27492820641131904.
checkpoint_e22 window_influence: 0.34348623713954918, penalty_k: 0.54534117915819857, scale_lr: 0.15712177680643469, EAO: 0.249
Trial 687 finished with value: 0.24888774758674265 and parameters: {'window_influence': 0.3434862371395492, 'penalty_k': 0.5453411791581986, 'scale_lr': 0.1571217768064347}. Best is trial 104 with value: 0.27492820641131904.
checkpoint_e22 window_influence: 0.50461655492601099, penalty_k: 0.20709272363804213, scale_lr: 0.13758394872373564, EAO: 0.249
Trial 688 finished with value: 0.2493271443659697 and parameters: {'window_influence': 0.504616554926011, 'penalty_k': 0.20709272363804213, 'scale_lr': 0.13758394872373564}. Best is trial 104 with value: 0.27492820641131904.
checkpoint_e22 window_influence: 0.62080001300328513, penalty_k: 0.10547870614836327, scale_lr: 0.57056469040347657, EAO: 0.211
Trial 689 finished with value: 0.2114762749250342 and parameters: {'window_influence': 0.6208000130032851, 'penalty_k': 0.10547870614836327, 'scale_lr': 0.5705646904034766}. Best is trial 104 with value: 0.27492820641131904.
checkpoint_e22 window_influence: 0.30591536867158331, penalty_k: 0.42763725008073045, scale_lr: 0.11210407776177166, EAO: 0.254
Trial 690 finished with value: 0.2535836265339115 and parameters: {'window_influence': 0.3059153686715833, 'penalty_k': 0.42763725008073045, 'scale_lr': 0.11210407776177166}. Best is trial 104 with value: 0.27492820641131904.
checkpoint_e22 window_influence: 0.37542799794110082, penalty_k: 0.14660682747416592, scale_lr: 0.39295449382280812, EAO: 0.239
Trial 691 finished with value: 0.23900821726254332 and parameters: {'window_influence': 0.3754279979411008, 'penalty_k': 0.14660682747416592, 'scale_lr': 0.3929544938228081}. Best is trial 104 with value: 0.27492820641131904.
checkpoint_e22 window_influence: 0.38734953024602831, penalty_k: 0.17903647335148665, scale_lr: 0.55201139850426006, EAO: 0.255
Trial 692 finished with value: 0.2553979331642632 and parameters: {'window_influence': 0.3873495302460283, 'penalty_k': 0.17903647335148665, 'scale_lr': 0.5520113985042601}. Best is trial 104 with value: 0.27492820641131904.
checkpoint_e22 window_influence: 0.59230595281781251, penalty_k: 0.23001925044622579, scale_lr: 0.23331551513869750, EAO: 0.215
Trial 693 finished with value: 0.21457783399316355 and parameters: {'window_influence': 0.5923059528178125, 'penalty_k': 0.2300192504462258, 'scale_lr': 0.2333155151386975}. Best is trial 104 with value: 0.27492820641131904.
checkpoint_e22 window_influence: 0.52808222578725306, penalty_k: 0.19930292153545839, scale_lr: 0.12443389638294042, EAO: 0.235
Trial 694 finished with value: 0.23480282554296944 and parameters: {'window_influence': 0.5280822257872531, 'penalty_k': 0.1993029215354584, 'scale_lr': 0.12443389638294042}. Best is trial 104 with value: 0.27492820641131904.
checkpoint_e22 window_influence: 0.15327000907732907, penalty_k: 0.35863419852776629, scale_lr: 0.16195718442510587, EAO: 0.235
Trial 695 finished with value: 0.2346290312404555 and parameters: {'window_influence': 0.15327000907732907, 'penalty_k': 0.3586341985277663, 'scale_lr': 0.16195718442510587}. Best is trial 104 with value: 0.27492820641131904.
checkpoint_e22 window_influence: 0.40879779419388457, penalty_k: 0.39796330920288864, scale_lr: 0.73962801580280546, EAO: 0.248
Trial 696 finished with value: 0.24805874044333048 and parameters: {'window_influence': 0.40879779419388457, 'penalty_k': 0.39796330920288864, 'scale_lr': 0.7396280158028055}. Best is trial 104 with value: 0.27492820641131904.
checkpoint_e22 window_influence: 0.39190863650050345, penalty_k: 0.04592544641489060, scale_lr: 0.58570878628743739, EAO: 0.257
Trial 697 finished with value: 0.2569265545504849 and parameters: {'window_influence': 0.39190863650050345, 'penalty_k': 0.0459254464148906, 'scale_lr': 0.5857087862874374}. Best is trial 104 with value: 0.27492820641131904.
checkpoint_e22 window_influence: 0.63595261061245334, penalty_k: 0.21899339563185322, scale_lr: 0.42115785269243566, EAO: 0.204
Trial 698 finished with value: 0.20420360462210044 and parameters: {'window_influence': 0.6359526106124533, 'penalty_k': 0.21899339563185322, 'scale_lr': 0.42115785269243566}. Best is trial 104 with value: 0.27492820641131904.
checkpoint_e22 window_influence: 0.36895028700487453, penalty_k: 0.31206832049793726, scale_lr: 0.40466260158517731, EAO: 0.242
Trial 699 finished with value: 0.24223875327081215 and parameters: {'window_influence': 0.36895028700487453, 'penalty_k': 0.31206832049793726, 'scale_lr': 0.4046626015851773}. Best is trial 104 with value: 0.27492820641131904.
checkpoint_e22 window_influence: 0.32090163485202206, penalty_k: 0.02480643354914088, scale_lr: 0.66040746770606917, EAO: 0.261
Trial 700 finished with value: 0.26057011028373145 and parameters: {'window_influence': 0.32090163485202206, 'penalty_k': 0.024806433549140878, 'scale_lr': 0.6604074677060692}. Best is trial 104 with value: 0.27492820641131904.
checkpoint_e22 window_influence: 0.35172906577161717, penalty_k: 0.18760297866356351, scale_lr: 0.18025813154275760, EAO: 0.251
Trial 701 finished with value: 0.2508178854860911 and parameters: {'window_influence': 0.35172906577161717, 'penalty_k': 0.1876029786635635, 'scale_lr': 0.1802581315427576}. Best is trial 104 with value: 0.27492820641131904.
checkpoint_e22 window_influence: 0.40873361485101029, penalty_k: 0.24874836793766694, scale_lr: 0.51200025593232523, EAO: 0.250
Trial 702 finished with value: 0.25024505413886977 and parameters: {'window_influence': 0.4087336148510103, 'penalty_k': 0.24874836793766694, 'scale_lr': 0.5120002559323252}. Best is trial 104 with value: 0.27492820641131904.
checkpoint_e22 window_influence: 0.38253664089688932, penalty_k: 0.16406677994608179, scale_lr: 0.31429337835305238, EAO: 0.241
Trial 703 finished with value: 0.24101016737096678 and parameters: {'window_influence': 0.3825366408968893, 'penalty_k': 0.1640667799460818, 'scale_lr': 0.3142933783530524}. Best is trial 104 with value: 0.27492820641131904.
checkpoint_e22 window_influence: 0.41737617075990874, penalty_k: 0.07520234845411902, scale_lr: 0.14279042446773360, EAO: 0.254
Trial 704 finished with value: 0.25444861519627454 and parameters: {'window_influence': 0.41737617075990874, 'penalty_k': 0.07520234845411902, 'scale_lr': 0.1427904244677336}. Best is trial 104 with value: 0.27492820641131904.
checkpoint_e22 window_influence: 0.39663479853231781, penalty_k: 0.23444970225607278, scale_lr: 0.48706181845911278, EAO: 0.262
Trial 705 finished with value: 0.26206825909818093 and parameters: {'window_influence': 0.3966347985323178, 'penalty_k': 0.23444970225607278, 'scale_lr': 0.4870618184591128}. Best is trial 104 with value: 0.27492820641131904.
checkpoint_e22 window_influence: 0.36303568071252496, penalty_k: 0.21075408407875987, scale_lr: 0.11095881172840213, EAO: 0.261
Trial 706 finished with value: 0.2605616074146294 and parameters: {'window_influence': 0.36303568071252496, 'penalty_k': 0.21075408407875987, 'scale_lr': 0.11095881172840213}. Best is trial 104 with value: 0.27492820641131904.
checkpoint_e22 window_influence: 0.08006947358070843, penalty_k: 0.12829767147398111, scale_lr: 0.10007062465477169, EAO: 0.223
Trial 707 finished with value: 0.22267417391625846 and parameters: {'window_influence': 0.08006947358070843, 'penalty_k': 0.1282976714739811, 'scale_lr': 0.10007062465477169}. Best is trial 104 with value: 0.27492820641131904.
checkpoint_e22 window_influence: 0.22625541883752850, penalty_k: 0.43761745655046497, scale_lr: 0.12893461877265597, EAO: 0.228
Trial 708 finished with value: 0.2278443294448581 and parameters: {'window_influence': 0.2262554188375285, 'penalty_k': 0.43761745655046497, 'scale_lr': 0.12893461877265597}. Best is trial 104 with value: 0.27492820641131904.
checkpoint_e22 window_influence: 0.37642668134984375, penalty_k: 0.41413879809205245, scale_lr: 0.15779305616535746, EAO: 0.261
Trial 709 finished with value: 0.26117819517366286 and parameters: {'window_influence': 0.37642668134984375, 'penalty_k': 0.41413879809205245, 'scale_lr': 0.15779305616535746}. Best is trial 104 with value: 0.27492820641131904.
checkpoint_e22 window_influence: 0.19864107908259146, penalty_k: 0.19839868022902024, scale_lr: 0.49767764096848138, EAO: 0.247
Trial 710 finished with value: 0.24711220136018303 and parameters: {'window_influence': 0.19864107908259146, 'penalty_k': 0.19839868022902024, 'scale_lr': 0.4976776409684814}. Best is trial 104 with value: 0.27492820641131904.
checkpoint_e22 window_influence: 0.43449618703313286, penalty_k: 0.51220356307833947, scale_lr: 0.34960596889512263, EAO: 0.237
Trial 711 finished with value: 0.236719313372926 and parameters: {'window_influence': 0.43449618703313286, 'penalty_k': 0.5122035630783395, 'scale_lr': 0.34960596889512263}. Best is trial 104 with value: 0.27492820641131904.
checkpoint_e22 window_influence: 0.55764478089278247, penalty_k: 0.48145175348947378, scale_lr: 0.14340650686269985, EAO: 0.218
Trial 712 finished with value: 0.2184203488191938 and parameters: {'window_influence': 0.5576447808927825, 'penalty_k': 0.4814517534894738, 'scale_lr': 0.14340650686269985}. Best is trial 104 with value: 0.27492820641131904.
checkpoint_e22 window_influence: 0.38850068820363659, penalty_k: 0.26610280448306051, scale_lr: 0.54088372122991546, EAO: 0.271
Trial 713 finished with value: 0.27064227906426763 and parameters: {'window_influence': 0.3885006882036366, 'penalty_k': 0.2661028044830605, 'scale_lr': 0.5408837212299155}. Best is trial 104 with value: 0.27492820641131904.
checkpoint_e22 window_influence: 0.37607195573647845, penalty_k: 0.26325580347186517, scale_lr: 0.79668291842199113, EAO: 0.240
Trial 714 finished with value: 0.2396438426481999 and parameters: {'window_influence': 0.37607195573647845, 'penalty_k': 0.26325580347186517, 'scale_lr': 0.7966829184219911}. Best is trial 104 with value: 0.27492820641131904.
checkpoint_e22 window_influence: 0.38845010179220502, penalty_k: 0.29991351775035352, scale_lr: 0.54026087205132978, EAO: 0.260
Trial 715 finished with value: 0.25988218254917034 and parameters: {'window_influence': 0.388450101792205, 'penalty_k': 0.2999135177503535, 'scale_lr': 0.5402608720513298}. Best is trial 104 with value: 0.27492820641131904.
checkpoint_e22 window_influence: 0.18215712960978950, penalty_k: 0.37971112991480305, scale_lr: 0.53752649224370275, EAO: 0.247
Trial 716 finished with value: 0.24739591571373667 and parameters: {'window_influence': 0.1821571296097895, 'penalty_k': 0.37971112991480305, 'scale_lr': 0.5375264922437027}. Best is trial 104 with value: 0.27492820641131904.
checkpoint_e22 window_influence: 0.57033249107394002, penalty_k: 0.27982685226445592, scale_lr: 0.54773999230282988, EAO: 0.221
Trial 717 finished with value: 0.22087631544204261 and parameters: {'window_influence': 0.57033249107394, 'penalty_k': 0.2798268522644559, 'scale_lr': 0.5477399923028299}. Best is trial 104 with value: 0.27492820641131904.
checkpoint_e22 window_influence: 0.49166604942054698, penalty_k: 0.45284853949927123, scale_lr: 0.56143481044303667, EAO: 0.242
Trial 718 finished with value: 0.24211244412311694 and parameters: {'window_influence': 0.491666049420547, 'penalty_k': 0.45284853949927123, 'scale_lr': 0.5614348104430367}. Best is trial 104 with value: 0.27492820641131904.
checkpoint_e22 window_influence: 0.27799379028037385, penalty_k: 0.09192984004929969, scale_lr: 0.53118849350598663, EAO: 0.260
Trial 719 finished with value: 0.2600864348251645 and parameters: {'window_influence': 0.27799379028037385, 'penalty_k': 0.09192984004929969, 'scale_lr': 0.5311884935059866}. Best is trial 104 with value: 0.27492820641131904.
checkpoint_e22 window_influence: 0.05745470958368171, penalty_k: 0.17356934523044792, scale_lr: 0.51676656374730734, EAO: 0.219
Trial 720 finished with value: 0.2191916355878357 and parameters: {'window_influence': 0.05745470958368171, 'penalty_k': 0.17356934523044792, 'scale_lr': 0.5167665637473073}. Best is trial 104 with value: 0.27492820641131904.
checkpoint_e22 window_influence: 0.24768699878357575, penalty_k: 0.22294135948919599, scale_lr: 0.43947042451640334, EAO: 0.255
Trial 721 finished with value: 0.25519189923032515 and parameters: {'window_influence': 0.24768699878357575, 'penalty_k': 0.222941359489196, 'scale_lr': 0.43947042451640334}. Best is trial 104 with value: 0.27492820641131904.
checkpoint_e22 window_influence: 0.61364382895337610, penalty_k: 0.20524411201357184, scale_lr: 0.18294855478698041, EAO: 0.212
Trial 722 finished with value: 0.21223232883021115 and parameters: {'window_influence': 0.6136438289533761, 'penalty_k': 0.20524411201357184, 'scale_lr': 0.1829485547869804}. Best is trial 104 with value: 0.27492820641131904.
checkpoint_e22 window_influence: 0.60172527520605690, penalty_k: 0.32893060255086898, scale_lr: 0.20130700419454861, EAO: 0.214
Trial 723 finished with value: 0.214229030034891 and parameters: {'window_influence': 0.6017252752060569, 'penalty_k': 0.328930602550869, 'scale_lr': 0.2013070041945486}. Best is trial 104 with value: 0.27492820641131904.
checkpoint_e22 window_influence: 0.36061418256459038, penalty_k: 0.18760602997619458, scale_lr: 0.57765413382339714, EAO: 0.260
Trial 724 finished with value: 0.26017129318258625 and parameters: {'window_influence': 0.3606141825645904, 'penalty_k': 0.18760602997619458, 'scale_lr': 0.5776541338233971}. Best is trial 104 with value: 0.27492820641131904.
checkpoint_e22 window_influence: 0.33678966507178204, penalty_k: 0.52297622247244679, scale_lr: 0.28122252459313413, EAO: 0.241
Trial 725 finished with value: 0.24054707114289448 and parameters: {'window_influence': 0.33678966507178204, 'penalty_k': 0.5229762224724468, 'scale_lr': 0.2812225245931341}. Best is trial 104 with value: 0.27492820641131904.
checkpoint_e22 window_influence: 0.36892172594619449, penalty_k: 0.40345096851447620, scale_lr: 0.56212696778837734, EAO: 0.258
Trial 726 finished with value: 0.2575492434264199 and parameters: {'window_influence': 0.3689217259461945, 'penalty_k': 0.4034509685144762, 'scale_lr': 0.5621269677883773}. Best is trial 104 with value: 0.27492820641131904.
checkpoint_e22 window_influence: 0.48018995079618776, penalty_k: 0.14989349538863717, scale_lr: 0.16844824536556025, EAO: 0.244
Trial 727 finished with value: 0.24410020154181536 and parameters: {'window_influence': 0.48018995079618776, 'penalty_k': 0.14989349538863717, 'scale_lr': 0.16844824536556025}. Best is trial 104 with value: 0.27492820641131904.
checkpoint_e22 window_influence: 0.38752060565449614, penalty_k: 0.03820815086351709, scale_lr: 0.75231150341834530, EAO: 0.256
Trial 728 finished with value: 0.25568393708729165 and parameters: {'window_influence': 0.38752060565449614, 'penalty_k': 0.03820815086351709, 'scale_lr': 0.7523115034183453}. Best is trial 104 with value: 0.27492820641131904.
checkpoint_e22 window_influence: 0.35403188230199256, penalty_k: 0.10412564885594550, scale_lr: 0.64468375446864723, EAO: 0.251
Trial 729 finished with value: 0.2511324408820005 and parameters: {'window_influence': 0.35403188230199256, 'penalty_k': 0.1041256488559455, 'scale_lr': 0.6446837544686472}. Best is trial 104 with value: 0.27492820641131904.
checkpoint_e22 window_influence: 0.09835041238004238, penalty_k: 0.23968122372032208, scale_lr: 0.50332388700633091, EAO: 0.237
Trial 730 finished with value: 0.23681383228641215 and parameters: {'window_influence': 0.09835041238004238, 'penalty_k': 0.23968122372032208, 'scale_lr': 0.5033238870063309}. Best is trial 104 with value: 0.27492820641131904.
checkpoint_e22 window_influence: 0.39624542419999698, penalty_k: 0.55525675972820598, scale_lr: 0.78181652540166846, EAO: 0.241
Trial 731 finished with value: 0.24069462383423396 and parameters: {'window_influence': 0.396245424199997, 'penalty_k': 0.555256759728206, 'scale_lr': 0.7818165254016685}. Best is trial 104 with value: 0.27492820641131904.
checkpoint_e22 window_influence: 0.13190314160043781, penalty_k: 0.21582197932221084, scale_lr: 0.52664716304122261, EAO: 0.237
Trial 732 finished with value: 0.23698040231214307 and parameters: {'window_influence': 0.1319031416004378, 'penalty_k': 0.21582197932221084, 'scale_lr': 0.5266471630412226}. Best is trial 104 with value: 0.27492820641131904.
checkpoint_e22 window_influence: 0.37502569073987624, penalty_k: 0.00260724732749602, scale_lr: 0.21513743451412926, EAO: 0.244
Trial 733 finished with value: 0.24418325564725613 and parameters: {'window_influence': 0.37502569073987624, 'penalty_k': 0.0026072473274960165, 'scale_lr': 0.21513743451412926}. Best is trial 104 with value: 0.27492820641131904.
checkpoint_e22 window_influence: 0.40081113892005504, penalty_k: 0.27138697370464276, scale_lr: 0.60858826645903563, EAO: 0.262
Trial 734 finished with value: 0.262484886115644 and parameters: {'window_influence': 0.40081113892005504, 'penalty_k': 0.27138697370464276, 'scale_lr': 0.6085882664590356}. Best is trial 104 with value: 0.27492820641131904.
checkpoint_e22 window_influence: 0.34548126544115387, penalty_k: 0.06681681985157609, scale_lr: 0.32602845651720358, EAO: 0.258
Trial 735 finished with value: 0.2578233065522783 and parameters: {'window_influence': 0.3454812654411539, 'penalty_k': 0.06681681985157609, 'scale_lr': 0.3260284565172036}. Best is trial 104 with value: 0.27492820641131904.
checkpoint_e22 window_influence: 0.08880250464223910, penalty_k: 0.42533539596954534, scale_lr: 0.47426480952613714, EAO: 0.227
Trial 736 finished with value: 0.22686074577211365 and parameters: {'window_influence': 0.0888025046422391, 'penalty_k': 0.42533539596954534, 'scale_lr': 0.47426480952613714}. Best is trial 104 with value: 0.27492820641131904.
checkpoint_e22 window_influence: 0.38351945415147004, penalty_k: 0.01171826734677344, scale_lr: 0.15277909453057692, EAO: 0.250
Trial 737 finished with value: 0.2503623150713076 and parameters: {'window_influence': 0.38351945415147004, 'penalty_k': 0.011718267346773444, 'scale_lr': 0.15277909453057692}. Best is trial 104 with value: 0.27492820641131904.
checkpoint_e22 window_influence: 0.36399770484444749, penalty_k: 0.19623088430268631, scale_lr: 0.44994738392016942, EAO: 0.242
Trial 738 finished with value: 0.2417543024066987 and parameters: {'window_influence': 0.3639977048444475, 'penalty_k': 0.19623088430268631, 'scale_lr': 0.4499473839201694}. Best is trial 104 with value: 0.27492820641131904.
checkpoint_e22 window_influence: 0.37355051763384139, penalty_k: 0.22656800322178197, scale_lr: 0.23495785661137203, EAO: 0.249
Trial 739 finished with value: 0.24860185378692984 and parameters: {'window_influence': 0.3735505176338414, 'penalty_k': 0.22656800322178197, 'scale_lr': 0.23495785661137203}. Best is trial 104 with value: 0.27492820641131904.
checkpoint_e22 window_influence: 0.38852737766625228, penalty_k: 0.17418932555751546, scale_lr: 0.69399487286975625, EAO: 0.258
Trial 740 finished with value: 0.25766811501689074 and parameters: {'window_influence': 0.3885273776662523, 'penalty_k': 0.17418932555751546, 'scale_lr': 0.6939948728697563}. Best is trial 104 with value: 0.27492820641131904.
checkpoint_e22 window_influence: 0.12484826276901301, penalty_k: 0.35031062442230437, scale_lr: 0.41497659111810808, EAO: 0.241
Trial 741 finished with value: 0.24067373797903216 and parameters: {'window_influence': 0.12484826276901301, 'penalty_k': 0.3503106244223044, 'scale_lr': 0.4149765911181081}. Best is trial 104 with value: 0.27492820641131904.
checkpoint_e22 window_influence: 0.55033943721168910, penalty_k: 0.50716128076064648, scale_lr: 0.13667634258154010, EAO: 0.210
Trial 742 finished with value: 0.21020225962487663 and parameters: {'window_influence': 0.5503394372116891, 'penalty_k': 0.5071612807606465, 'scale_lr': 0.1366763425815401}. Best is trial 104 with value: 0.27492820641131904.
checkpoint_e22 window_influence: 0.40230792159851170, penalty_k: 0.21028253096817154, scale_lr: 0.55228758117644094, EAO: 0.245
Trial 743 finished with value: 0.24548078225395545 and parameters: {'window_influence': 0.4023079215985117, 'penalty_k': 0.21028253096817154, 'scale_lr': 0.552287581176441}. Best is trial 104 with value: 0.27492820641131904.
checkpoint_e22 window_influence: 0.35629582864774251, penalty_k: 0.58578232373361783, scale_lr: 0.16386789306424923, EAO: 0.242
