Trial 558 finished with value: 0.24866104247124216 and parameters: {'window_influence': 0.20767552184786162, 'penalty_k': 0.24105238107066665, 'scale_lr': 0.7771061246158668}. Best is trial 431 with value: 0.29227477542268554.
checkpoint_e34 window_influence: 0.36521512355372149, penalty_k: 0.59417647516037486, scale_lr: 0.48408891931519366, EAO: 0.251
Trial 559 finished with value: 0.25147516001773074 and parameters: {'window_influence': 0.3652151235537215, 'penalty_k': 0.5941764751603749, 'scale_lr': 0.48408891931519366}. Best is trial 431 with value: 0.29227477542268554.
checkpoint_e34 window_influence: 0.32520968591337945, penalty_k: 0.49989870296313510, scale_lr: 0.55380275973489734, EAO: 0.252
Trial 560 finished with value: 0.25172058226374106 and parameters: {'window_influence': 0.32520968591337945, 'penalty_k': 0.4998987029631351, 'scale_lr': 0.5538027597348973}. Best is trial 431 with value: 0.29227477542268554.
checkpoint_e34 window_influence: 0.07126733867293233, penalty_k: 0.19295975478470301, scale_lr: 0.49647874421801924, EAO: 0.241
Trial 561 finished with value: 0.24065591479704632 and parameters: {'window_influence': 0.07126733867293233, 'penalty_k': 0.192959754784703, 'scale_lr': 0.49647874421801924}. Best is trial 431 with value: 0.29227477542268554.
checkpoint_e34 window_influence: 0.25063237166108493, penalty_k: 0.22172808077320511, scale_lr: 0.11890341018507483, EAO: 0.257
Trial 562 finished with value: 0.25721860852667955 and parameters: {'window_influence': 0.25063237166108493, 'penalty_k': 0.2217280807732051, 'scale_lr': 0.11890341018507483}. Best is trial 431 with value: 0.29227477542268554.
checkpoint_e34 window_influence: 0.30771541035774613, penalty_k: 0.20686587251955754, scale_lr: 0.79981537482959986, EAO: 0.263
Trial 563 finished with value: 0.2627796445314477 and parameters: {'window_influence': 0.30771541035774613, 'penalty_k': 0.20686587251955754, 'scale_lr': 0.7998153748295999}. Best is trial 431 with value: 0.29227477542268554.
checkpoint_e34 window_influence: 0.29529734688011910, penalty_k: 0.55960617647371380, scale_lr: 0.57955458818493522, EAO: 0.256
Trial 564 finished with value: 0.25586745797134025 and parameters: {'window_influence': 0.2952973468801191, 'penalty_k': 0.5596061764737138, 'scale_lr': 0.5795545881849352}. Best is trial 431 with value: 0.29227477542268554.
checkpoint_e34 window_influence: 0.23303925252848837, penalty_k: 0.01548823228437172, scale_lr: 0.52191359918826263, EAO: 0.247
Trial 565 finished with value: 0.24713749159884646 and parameters: {'window_influence': 0.23303925252848837, 'penalty_k': 0.01548823228437172, 'scale_lr': 0.5219135991882626}. Best is trial 431 with value: 0.29227477542268554.
checkpoint_e34 window_influence: 0.33309364525037510, penalty_k: 0.47494664900605010, scale_lr: 0.46055815346447515, EAO: 0.246
Trial 566 finished with value: 0.24583656607362314 and parameters: {'window_influence': 0.3330936452503751, 'penalty_k': 0.4749466490060501, 'scale_lr': 0.46055815346447515}. Best is trial 431 with value: 0.29227477542268554.
checkpoint_e34 window_influence: 0.45775973616844240, penalty_k: 0.17481158085854670, scale_lr: 0.53921670794992338, EAO: 0.255
Trial 567 finished with value: 0.25520751025618577 and parameters: {'window_influence': 0.4577597361684424, 'penalty_k': 0.1748115808585467, 'scale_lr': 0.5392167079499234}. Best is trial 431 with value: 0.29227477542268554.
checkpoint_e34 window_influence: 0.59156224474024199, penalty_k: 0.28307412295162571, scale_lr: 0.36665065930677704, EAO: 0.235
Trial 568 finished with value: 0.2350324966558596 and parameters: {'window_influence': 0.591562244740242, 'penalty_k': 0.2830741229516257, 'scale_lr': 0.36665065930677704}. Best is trial 431 with value: 0.29227477542268554.
checkpoint_e34 window_influence: 0.31478607739408826, penalty_k: 0.00174052928398265, scale_lr: 0.65214012977803182, EAO: 0.261
Trial 569 finished with value: 0.26133326186639505 and parameters: {'window_influence': 0.31478607739408826, 'penalty_k': 0.001740529283982651, 'scale_lr': 0.6521401297780318}. Best is trial 431 with value: 0.29227477542268554.
checkpoint_e34 window_influence: 0.27052749936049614, penalty_k: 0.04754039120537483, scale_lr: 0.71242563042064555, EAO: 0.262
Trial 570 finished with value: 0.26184509258444716 and parameters: {'window_influence': 0.27052749936049614, 'penalty_k': 0.04754039120537483, 'scale_lr': 0.7124256304206456}. Best is trial 431 with value: 0.29227477542268554.
checkpoint_e34 window_influence: 0.37987518467125897, penalty_k: 0.22842264602819404, scale_lr: 0.56182945477022783, EAO: 0.247
Trial 571 finished with value: 0.24659766250751852 and parameters: {'window_influence': 0.37987518467125897, 'penalty_k': 0.22842264602819404, 'scale_lr': 0.5618294547702278}. Best is trial 431 with value: 0.29227477542268554.
checkpoint_e34 window_influence: 0.13314361904621158, penalty_k: 0.07385055908352540, scale_lr: 0.50072806613782561, EAO: 0.249
Trial 572 finished with value: 0.24895690442100774 and parameters: {'window_influence': 0.13314361904621158, 'penalty_k': 0.0738505590835254, 'scale_lr': 0.5007280661378256}. Best is trial 431 with value: 0.29227477542268554.
checkpoint_e34 window_influence: 0.34820231621631920, penalty_k: 0.02953716591262179, scale_lr: 0.48123042863785298, EAO: 0.264
Trial 573 finished with value: 0.26439447476854167 and parameters: {'window_influence': 0.3482023162163192, 'penalty_k': 0.029537165912621788, 'scale_lr': 0.481230428637853}. Best is trial 431 with value: 0.29227477542268554.
checkpoint_e34 window_influence: 0.18672898120545436, penalty_k: 0.10462309446477451, scale_lr: 0.52818727372933671, EAO: 0.260
Trial 574 finished with value: 0.2595724373813567 and parameters: {'window_influence': 0.18672898120545436, 'penalty_k': 0.10462309446477451, 'scale_lr': 0.5281872737293367}. Best is trial 431 with value: 0.29227477542268554.
checkpoint_e34 window_influence: 0.28164818429960425, penalty_k: 0.19024984758560137, scale_lr: 0.26983566708833717, EAO: 0.256
Trial 575 finished with value: 0.25620141104469457 and parameters: {'window_influence': 0.28164818429960425, 'penalty_k': 0.19024984758560137, 'scale_lr': 0.26983566708833717}. Best is trial 431 with value: 0.29227477542268554.
checkpoint_e34 window_influence: 0.32073330397368804, penalty_k: 0.21433198042636545, scale_lr: 0.66781830556978250, EAO: 0.264
Trial 576 finished with value: 0.26407520382142646 and parameters: {'window_influence': 0.32073330397368804, 'penalty_k': 0.21433198042636545, 'scale_lr': 0.6678183055697825}. Best is trial 431 with value: 0.29227477542268554.
checkpoint_e34 window_influence: 0.30201682267912688, penalty_k: 0.33736480111804384, scale_lr: 0.61504300779366627, EAO: 0.270
Trial 577 finished with value: 0.2703600982582666 and parameters: {'window_influence': 0.3020168226791269, 'penalty_k': 0.33736480111804384, 'scale_lr': 0.6150430077936663}. Best is trial 431 with value: 0.29227477542268554.
checkpoint_e34 window_influence: 0.33732893623414240, penalty_k: 0.27298263597016298, scale_lr: 0.50739305826275438, EAO: 0.264
Trial 578 finished with value: 0.263875780248545 and parameters: {'window_influence': 0.3373289362341424, 'penalty_k': 0.272982635970163, 'scale_lr': 0.5073930582627544}. Best is trial 431 with value: 0.29227477542268554.
checkpoint_e34 window_influence: 0.29147780274279694, penalty_k: 0.24436231542792611, scale_lr: 0.74255170894819345, EAO: 0.266
Trial 579 finished with value: 0.26583488800419053 and parameters: {'window_influence': 0.29147780274279694, 'penalty_k': 0.2443623154279261, 'scale_lr': 0.7425517089481934}. Best is trial 431 with value: 0.29227477542268554.
checkpoint_e34 window_influence: 0.55060942592199424, penalty_k: 0.19891140847664299, scale_lr: 0.42550822042080383, EAO: 0.237
Trial 580 finished with value: 0.23710896014198055 and parameters: {'window_influence': 0.5506094259219942, 'penalty_k': 0.198911408476643, 'scale_lr': 0.42550822042080383}. Best is trial 431 with value: 0.29227477542268554.
checkpoint_e34 window_influence: 0.36024888293746798, penalty_k: 0.18187999712642758, scale_lr: 0.59233670371487590, EAO: 0.264
Trial 581 finished with value: 0.264423318873576 and parameters: {'window_influence': 0.360248882937468, 'penalty_k': 0.18187999712642758, 'scale_lr': 0.5923367037148759}. Best is trial 431 with value: 0.29227477542268554.
checkpoint_e34 window_influence: 0.57356180511815447, penalty_k: 0.16268752849910806, scale_lr: 0.77291082956389612, EAO: 0.231
Trial 582 finished with value: 0.23120681523549846 and parameters: {'window_influence': 0.5735618051181545, 'penalty_k': 0.16268752849910806, 'scale_lr': 0.7729108295638961}. Best is trial 431 with value: 0.29227477542268554.
checkpoint_e34 window_influence: 0.31250117754632772, penalty_k: 0.25471288056662073, scale_lr: 0.53919133471190350, EAO: 0.269
Trial 583 finished with value: 0.2687398246148737 and parameters: {'window_influence': 0.3125011775463277, 'penalty_k': 0.2547128805666207, 'scale_lr': 0.5391913347119035}. Best is trial 431 with value: 0.29227477542268554.
checkpoint_e34 window_influence: 0.55352421123160866, penalty_k: 0.23527414556678311, scale_lr: 0.57162233938615792, EAO: 0.234
Trial 584 finished with value: 0.2344662697940338 and parameters: {'window_influence': 0.5535242112316087, 'penalty_k': 0.2352741455667831, 'scale_lr': 0.5716223393861579}. Best is trial 431 with value: 0.29227477542268554.
checkpoint_e34 window_influence: 0.17110599768293838, penalty_k: 0.14410691909085988, scale_lr: 0.69375705427087575, EAO: 0.247
Trial 585 finished with value: 0.24701520085819367 and parameters: {'window_influence': 0.17110599768293838, 'penalty_k': 0.14410691909085988, 'scale_lr': 0.6937570542708758}. Best is trial 431 with value: 0.29227477542268554.
checkpoint_e34 window_influence: 0.52662277767576993, penalty_k: 0.20878791590557427, scale_lr: 0.22609139769708189, EAO: 0.239
Trial 586 finished with value: 0.23925070543357027 and parameters: {'window_influence': 0.5266227776757699, 'penalty_k': 0.20878791590557427, 'scale_lr': 0.2260913976970819}. Best is trial 431 with value: 0.29227477542268554.
checkpoint_e34 window_influence: 0.26542765270898372, penalty_k: 0.12933979782120708, scale_lr: 0.51166931377998037, EAO: 0.270
Trial 587 finished with value: 0.26972810112363926 and parameters: {'window_influence': 0.2654276527089837, 'penalty_k': 0.12933979782120708, 'scale_lr': 0.5116693137799804}. Best is trial 431 with value: 0.29227477542268554.
checkpoint_e34 window_influence: 0.24281807969229416, penalty_k: 0.22356279203216928, scale_lr: 0.44474899248354938, EAO: 0.268
Trial 588 finished with value: 0.2684877457899776 and parameters: {'window_influence': 0.24281807969229416, 'penalty_k': 0.22356279203216928, 'scale_lr': 0.4447489924835494}. Best is trial 431 with value: 0.29227477542268554.
checkpoint_e34 window_influence: 0.32824669654367050, penalty_k: 0.19769276609262795, scale_lr: 0.72821408824229661, EAO: 0.259
Trial 589 finished with value: 0.2586828739783628 and parameters: {'window_influence': 0.3282466965436705, 'penalty_k': 0.19769276609262795, 'scale_lr': 0.7282140882422966}. Best is trial 431 with value: 0.29227477542268554.
checkpoint_e34 window_influence: 0.55964356353152322, penalty_k: 0.29073044076895826, scale_lr: 0.47434747032549845, EAO: 0.236
Trial 590 finished with value: 0.23580449110851054 and parameters: {'window_influence': 0.5596435635315232, 'penalty_k': 0.29073044076895826, 'scale_lr': 0.47434747032549845}. Best is trial 431 with value: 0.29227477542268554.
checkpoint_e34 window_influence: 0.29874821911295585, penalty_k: 0.26287113134028517, scale_lr: 0.52284359097194855, EAO: 0.265
Trial 591 finished with value: 0.26545903050318 and parameters: {'window_influence': 0.29874821911295585, 'penalty_k': 0.26287113134028517, 'scale_lr': 0.5228435909719485}. Best is trial 431 with value: 0.29227477542268554.
checkpoint_e34 window_influence: 0.27863399303962355, penalty_k: 0.40396250733366323, scale_lr: 0.55360636340933500, EAO: 0.268
Trial 592 finished with value: 0.26751743141955475 and parameters: {'window_influence': 0.27863399303962355, 'penalty_k': 0.40396250733366323, 'scale_lr': 0.553606363409335}. Best is trial 431 with value: 0.29227477542268554.
checkpoint_e34 window_influence: 0.41503162997142551, penalty_k: 0.17343671306895475, scale_lr: 0.49175503193181036, EAO: 0.260
Trial 593 finished with value: 0.2595070613230147 and parameters: {'window_influence': 0.4150316299714255, 'penalty_k': 0.17343671306895475, 'scale_lr': 0.49175503193181036}. Best is trial 431 with value: 0.29227477542268554.
checkpoint_e34 window_influence: 0.61469468299934149, penalty_k: 0.32597626920713824, scale_lr: 0.64776089806936643, EAO: 0.228
Trial 594 finished with value: 0.22790846058992836 and parameters: {'window_influence': 0.6146946829993415, 'penalty_k': 0.32597626920713824, 'scale_lr': 0.6477608980693664}. Best is trial 431 with value: 0.29227477542268554.
checkpoint_e34 window_influence: 0.31699873302615411, penalty_k: 0.21869642938041950, scale_lr: 0.63982275407389155, EAO: 0.252
Trial 595 finished with value: 0.25150724839631133 and parameters: {'window_influence': 0.3169987330261541, 'penalty_k': 0.2186964293804195, 'scale_lr': 0.6398227540738916}. Best is trial 431 with value: 0.29227477542268554.
checkpoint_e34 window_influence: 0.34287829744903248, penalty_k: 0.09015149998032107, scale_lr: 0.18026410031507706, EAO: 0.250
Trial 596 finished with value: 0.2503006069398508 and parameters: {'window_influence': 0.3428782974490325, 'penalty_k': 0.09015149998032107, 'scale_lr': 0.18026410031507706}. Best is trial 431 with value: 0.29227477542268554.
checkpoint_e34 window_influence: 0.25165164688507341, penalty_k: 0.03818970149229743, scale_lr: 0.41435432024953389, EAO: 0.264
Trial 597 finished with value: 0.2642356538312222 and parameters: {'window_influence': 0.2516516468850734, 'penalty_k': 0.03818970149229743, 'scale_lr': 0.4143543202495339}. Best is trial 431 with value: 0.29227477542268554.
checkpoint_e34 window_influence: 0.30597035206991097, penalty_k: 0.24051629236090630, scale_lr: 0.78698908949163071, EAO: 0.250
Trial 598 finished with value: 0.24951896937639734 and parameters: {'window_influence': 0.30597035206991097, 'penalty_k': 0.2405162923609063, 'scale_lr': 0.7869890894916307}. Best is trial 431 with value: 0.29227477542268554.
checkpoint_e34 window_influence: 0.28776388870561626, penalty_k: 0.53075197805340579, scale_lr: 0.62856708824091823, EAO: 0.239
Trial 599 finished with value: 0.23924548978485713 and parameters: {'window_influence': 0.28776388870561626, 'penalty_k': 0.5307519780534058, 'scale_lr': 0.6285670882409182}. Best is trial 431 with value: 0.29227477542268554.
checkpoint_e34 window_influence: 0.33025004556886339, penalty_k: 0.18565903152709060, scale_lr: 0.54153760407307583, EAO: 0.251
Trial 600 finished with value: 0.2505537017695303 and parameters: {'window_influence': 0.3302500455688634, 'penalty_k': 0.1856590315270906, 'scale_lr': 0.5415376040730758}. Best is trial 431 with value: 0.29227477542268554.
checkpoint_e34 window_influence: 0.35085147769184483, penalty_k: 0.34466660595089682, scale_lr: 0.58194214532516808, EAO: 0.262
Trial 601 finished with value: 0.2621083481282723 and parameters: {'window_influence': 0.3508514776918448, 'penalty_k': 0.3446666059508968, 'scale_lr': 0.5819421453251681}. Best is trial 431 with value: 0.29227477542268554.
checkpoint_e34 window_influence: 0.44520185237599125, penalty_k: 0.20658804109871046, scale_lr: 0.60879197576713884, EAO: 0.249
Trial 602 finished with value: 0.24870529165112876 and parameters: {'window_influence': 0.44520185237599125, 'penalty_k': 0.20658804109871046, 'scale_lr': 0.6087919757671388}. Best is trial 431 with value: 0.29227477542268554.
checkpoint_e34 window_influence: 0.27371536890683662, penalty_k: 0.35357646478031046, scale_lr: 0.51635936029165852, EAO: 0.256
Trial 603 finished with value: 0.2557362015775549 and parameters: {'window_influence': 0.2737153689068366, 'penalty_k': 0.35357646478031046, 'scale_lr': 0.5163593602916585}. Best is trial 431 with value: 0.29227477542268554.
checkpoint_e34 window_influence: 0.31901668134343703, penalty_k: 0.15747690088569699, scale_lr: 0.75371744935005580, EAO: 0.267
Trial 604 finished with value: 0.26742119772162865 and parameters: {'window_influence': 0.319016681343437, 'penalty_k': 0.157476900885697, 'scale_lr': 0.7537174493500558}. Best is trial 431 with value: 0.29227477542268554.
checkpoint_e34 window_influence: 0.30400973574268675, penalty_k: 0.11174707387698080, scale_lr: 0.45948842809789425, EAO: 0.265
Trial 605 finished with value: 0.2645396000243784 and parameters: {'window_influence': 0.30400973574268675, 'penalty_k': 0.1117470738769808, 'scale_lr': 0.45948842809789425}. Best is trial 431 with value: 0.29227477542268554.
checkpoint_e34 window_influence: 0.37163421438407479, penalty_k: 0.23097916640004165, scale_lr: 0.68599484500244201, EAO: 0.247
Trial 606 finished with value: 0.24687773679814687 and parameters: {'window_influence': 0.3716342143840748, 'penalty_k': 0.23097916640004165, 'scale_lr': 0.685994845002442}. Best is trial 431 with value: 0.29227477542268554.
checkpoint_e34 window_influence: 0.16912290920868692, penalty_k: 0.19709107750804111, scale_lr: 0.70724521344531854, EAO: 0.254
Trial 607 finished with value: 0.2536251927778973 and parameters: {'window_influence': 0.16912290920868692, 'penalty_k': 0.1970910775080411, 'scale_lr': 0.7072452134453185}. Best is trial 431 with value: 0.29227477542268554.
checkpoint_e34 window_influence: 0.12112689334182802, penalty_k: 0.05123107255872650, scale_lr: 0.53050262134432935, EAO: 0.254
Trial 608 finished with value: 0.25380849698937036 and parameters: {'window_influence': 0.12112689334182802, 'penalty_k': 0.0512310725587265, 'scale_lr': 0.5305026213443294}. Best is trial 431 with value: 0.29227477542268554.
checkpoint_e34 window_influence: 0.10190135114924176, penalty_k: 0.25348129708890377, scale_lr: 0.66240753433312149, EAO: 0.242
Trial 609 finished with value: 0.24173234578797487 and parameters: {'window_influence': 0.10190135114924176, 'penalty_k': 0.25348129708890377, 'scale_lr': 0.6624075343331215}. Best is trial 431 with value: 0.29227477542268554.
checkpoint_e34 window_influence: 0.29244575363176695, penalty_k: 0.38257945813455552, scale_lr: 0.49365048264309369, EAO: 0.265
Trial 610 finished with value: 0.2645986276428874 and parameters: {'window_influence': 0.29244575363176695, 'penalty_k': 0.3825794581345555, 'scale_lr': 0.4936504826430937}. Best is trial 431 with value: 0.29227477542268554.
checkpoint_e34 window_influence: 0.58331822423155266, penalty_k: 0.01522280879289509, scale_lr: 0.50409472538105082, EAO: 0.241
Trial 611 finished with value: 0.24060652750294384 and parameters: {'window_influence': 0.5833182242315527, 'penalty_k': 0.015222808792895092, 'scale_lr': 0.5040947253810508}. Best is trial 431 with value: 0.29227477542268554.
checkpoint_e34 window_influence: 0.26054965437356120, penalty_k: 0.21922498003905341, scale_lr: 0.56498541750538267, EAO: 0.267
Trial 612 finished with value: 0.2671950672700153 and parameters: {'window_influence': 0.2605496543735612, 'penalty_k': 0.2192249800390534, 'scale_lr': 0.5649854175053827}. Best is trial 431 with value: 0.29227477542268554.
checkpoint_e34 window_influence: 0.23143089210557499, penalty_k: 0.17396822702615986, scale_lr: 0.47579345866789791, EAO: 0.263
Trial 613 finished with value: 0.26322960811174984 and parameters: {'window_influence': 0.231430892105575, 'penalty_k': 0.17396822702615986, 'scale_lr': 0.4757934586678979}. Best is trial 431 with value: 0.29227477542268554.
checkpoint_e34 window_influence: 0.40341079311536959, penalty_k: 0.45424642303956664, scale_lr: 0.54574194283577482, EAO: 0.247
Trial 614 finished with value: 0.24716473849323706 and parameters: {'window_influence': 0.4034107931153696, 'penalty_k': 0.45424642303956664, 'scale_lr': 0.5457419428357748}. Best is trial 431 with value: 0.29227477542268554.
checkpoint_e34 window_influence: 0.33330888049024210, penalty_k: 0.20810467289541906, scale_lr: 0.51948533250212248, EAO: 0.277
Trial 615 finished with value: 0.27687107965471297 and parameters: {'window_influence': 0.3333088804902421, 'penalty_k': 0.20810467289541906, 'scale_lr': 0.5194853325021225}. Best is trial 431 with value: 0.29227477542268554.
checkpoint_e34 window_influence: 0.42827228568781150, penalty_k: 0.20449184716649291, scale_lr: 0.52113393839663957, EAO: 0.248
Trial 616 finished with value: 0.24830134958028793 and parameters: {'window_influence': 0.4282722856878115, 'penalty_k': 0.2044918471664929, 'scale_lr': 0.5211339383966396}. Best is trial 431 with value: 0.29227477542268554.
checkpoint_e34 window_influence: 0.34014804870184445, penalty_k: 0.18759765826265970, scale_lr: 0.50886171511664213, EAO: 0.272
Trial 617 finished with value: 0.2721722410704062 and parameters: {'window_influence': 0.34014804870184445, 'penalty_k': 0.1875976582626597, 'scale_lr': 0.5088617151166421}. Best is trial 431 with value: 0.29227477542268554.
checkpoint_e34 window_influence: 0.33025842070219069, penalty_k: 0.21145106050190018, scale_lr: 0.53218141114950057, EAO: 0.264
Trial 618 finished with value: 0.2638485960480643 and parameters: {'window_influence': 0.3302584207021907, 'penalty_k': 0.21145106050190018, 'scale_lr': 0.5321814111495006}. Best is trial 431 with value: 0.29227477542268554.
checkpoint_e34 window_influence: 0.35327840747630818, penalty_k: 0.19212166637998532, scale_lr: 0.49290755636846634, EAO: 0.248
Trial 619 finished with value: 0.24821996252711226 and parameters: {'window_influence': 0.3532784074763082, 'penalty_k': 0.19212166637998532, 'scale_lr': 0.49290755636846634}. Best is trial 431 with value: 0.29227477542268554.
checkpoint_e34 window_influence: 0.32086562393253620, penalty_k: 0.20883309461599298, scale_lr: 0.76655864315095346, EAO: 0.249
