Trial 1359 finished with value: 0.24709403835903337 and parameters: {'window_influence': 0.1330764616025264, 'penalty_k': 0.19626559557520737, 'scale_lr': 0.6889350384521102}. Best is trial 1199 with value: 0.2814603819837415.
checkpoint_e22 window_influence: 0.08827643864371243, penalty_k: 0.03390367011780843, scale_lr: 0.24635849699840448, EAO: 0.245
Trial 1360 finished with value: 0.24529885167513438 and parameters: {'window_influence': 0.08827643864371243, 'penalty_k': 0.03390367011780843, 'scale_lr': 0.24635849699840448}. Best is trial 1199 with value: 0.2814603819837415.
checkpoint_e22 window_influence: 0.38753735747862428, penalty_k: 0.05870159822700978, scale_lr: 0.18060815596121704, EAO: 0.254
Trial 1361 finished with value: 0.2542831348936732 and parameters: {'window_influence': 0.3875373574786243, 'penalty_k': 0.05870159822700978, 'scale_lr': 0.18060815596121704}. Best is trial 1199 with value: 0.2814603819837415.
checkpoint_e22 window_influence: 0.36364915370099921, penalty_k: 0.12009564111871615, scale_lr: 0.36857285034435633, EAO: 0.247
Trial 1362 finished with value: 0.24734262704122356 and parameters: {'window_influence': 0.3636491537009992, 'penalty_k': 0.12009564111871615, 'scale_lr': 0.36857285034435633}. Best is trial 1199 with value: 0.2814603819837415.
checkpoint_e22 window_influence: 0.43189473753835855, penalty_k: 0.27517789778192059, scale_lr: 0.61396299211392524, EAO: 0.246
Trial 1363 finished with value: 0.24624858160571353 and parameters: {'window_influence': 0.43189473753835855, 'penalty_k': 0.2751778977819206, 'scale_lr': 0.6139629921139252}. Best is trial 1199 with value: 0.2814603819837415.
checkpoint_e22 window_influence: 0.24229556894446705, penalty_k: 0.17290831654504479, scale_lr: 0.31567961843589892, EAO: 0.256
Trial 1364 finished with value: 0.2558188432358145 and parameters: {'window_influence': 0.24229556894446705, 'penalty_k': 0.1729083165450448, 'scale_lr': 0.3156796184358989}. Best is trial 1199 with value: 0.2814603819837415.
checkpoint_e22 window_influence: 0.40256042775774092, penalty_k: 0.20273597907270910, scale_lr: 0.53973702748029784, EAO: 0.270
Trial 1365 finished with value: 0.26974420461470516 and parameters: {'window_influence': 0.4025604277577409, 'penalty_k': 0.2027359790727091, 'scale_lr': 0.5397370274802978}. Best is trial 1199 with value: 0.2814603819837415.
checkpoint_e22 window_influence: 0.42484730320648406, penalty_k: 0.20050872427162081, scale_lr: 0.55172039251999727, EAO: 0.253
Trial 1366 finished with value: 0.2531834287735505 and parameters: {'window_influence': 0.42484730320648406, 'penalty_k': 0.2005087242716208, 'scale_lr': 0.5517203925199973}. Best is trial 1199 with value: 0.2814603819837415.
checkpoint_e22 window_influence: 0.41201787446834587, penalty_k: 0.20926803360432589, scale_lr: 0.56580898234595989, EAO: 0.244
Trial 1367 finished with value: 0.24420488383469544 and parameters: {'window_influence': 0.41201787446834587, 'penalty_k': 0.2092680336043259, 'scale_lr': 0.5658089823459599}. Best is trial 1199 with value: 0.2814603819837415.
checkpoint_e22 window_influence: 0.41064044263323951, penalty_k: 0.18993593515848189, scale_lr: 0.54058590553906560, EAO: 0.250
Trial 1368 finished with value: 0.24994615126189176 and parameters: {'window_influence': 0.4106404426332395, 'penalty_k': 0.1899359351584819, 'scale_lr': 0.5405859055390656}. Best is trial 1199 with value: 0.2814603819837415.
checkpoint_e22 window_influence: 0.40588593226676589, penalty_k: 0.21930217481230729, scale_lr: 0.53087234738729938, EAO: 0.249
Trial 1369 finished with value: 0.2491392304863387 and parameters: {'window_influence': 0.4058859322667659, 'penalty_k': 0.2193021748123073, 'scale_lr': 0.5308723473872994}. Best is trial 1199 with value: 0.2814603819837415.
checkpoint_e22 window_influence: 0.44012642023051485, penalty_k: 0.20420976942151278, scale_lr: 0.55214302103058710, EAO: 0.245
Trial 1370 finished with value: 0.24509112040201822 and parameters: {'window_influence': 0.44012642023051485, 'penalty_k': 0.20420976942151278, 'scale_lr': 0.5521430210305871}. Best is trial 1199 with value: 0.2814603819837415.
checkpoint_e22 window_influence: 0.10848372948543100, penalty_k: 0.18917361681399758, scale_lr: 0.51912502399137228, EAO: 0.233
Trial 1371 finished with value: 0.23303331695194165 and parameters: {'window_influence': 0.108483729485431, 'penalty_k': 0.18917361681399758, 'scale_lr': 0.5191250239913723}. Best is trial 1199 with value: 0.2814603819837415.
checkpoint_e22 window_influence: 0.57784415147083434, penalty_k: 0.38169687009041431, scale_lr: 0.52292202814363076, EAO: 0.213
Trial 1372 finished with value: 0.21315388975104665 and parameters: {'window_influence': 0.5778441514708343, 'penalty_k': 0.3816968700904143, 'scale_lr': 0.5229220281436308}. Best is trial 1199 with value: 0.2814603819837415.
checkpoint_e22 window_influence: 0.42304816225943193, penalty_k: 0.44423985297457624, scale_lr: 0.65725576757745985, EAO: 0.257
Trial 1373 finished with value: 0.2566441079465354 and parameters: {'window_influence': 0.4230481622594319, 'penalty_k': 0.44423985297457624, 'scale_lr': 0.6572557675774598}. Best is trial 1199 with value: 0.2814603819837415.
checkpoint_e22 window_influence: 0.39998929454517451, penalty_k: 0.22633889083376987, scale_lr: 0.57405257782978858, EAO: 0.253
Trial 1374 finished with value: 0.2530833668703955 and parameters: {'window_influence': 0.3999892945451745, 'penalty_k': 0.22633889083376987, 'scale_lr': 0.5740525778297886}. Best is trial 1199 with value: 0.2814603819837415.
checkpoint_e22 window_influence: 0.46599303624592736, penalty_k: 0.21189628599602883, scale_lr: 0.54524074438346570, EAO: 0.243
Trial 1375 finished with value: 0.24339379018884363 and parameters: {'window_influence': 0.46599303624592736, 'penalty_k': 0.21189628599602883, 'scale_lr': 0.5452407443834657}. Best is trial 1199 with value: 0.2814603819837415.
checkpoint_e22 window_influence: 0.29812600862721911, penalty_k: 0.18094386896660300, scale_lr: 0.50872991015529545, EAO: 0.244
Trial 1376 finished with value: 0.24431123505762922 and parameters: {'window_influence': 0.2981260086272191, 'penalty_k': 0.180943868966603, 'scale_lr': 0.5087299101552955}. Best is trial 1199 with value: 0.2814603819837415.
checkpoint_e22 window_influence: 0.27877235359063840, penalty_k: 0.19983575943147189, scale_lr: 0.35892182025237396, EAO: 0.245
Trial 1377 finished with value: 0.2451898341135281 and parameters: {'window_influence': 0.2787723535906384, 'penalty_k': 0.1998357594314719, 'scale_lr': 0.35892182025237396}. Best is trial 1199 with value: 0.2814603819837415.
checkpoint_e22 window_influence: 0.39596065402156583, penalty_k: 0.16440930928219349, scale_lr: 0.53197473803301254, EAO: 0.267
Trial 1378 finished with value: 0.2670106230591371 and parameters: {'window_influence': 0.3959606540215658, 'penalty_k': 0.1644093092821935, 'scale_lr': 0.5319747380330125}. Best is trial 1199 with value: 0.2814603819837415.
checkpoint_e22 window_influence: 0.41376965285640049, penalty_k: 0.23492012529344078, scale_lr: 0.17000113313516321, EAO: 0.260
Trial 1379 finished with value: 0.2596603760995516 and parameters: {'window_influence': 0.4137696528564005, 'penalty_k': 0.23492012529344078, 'scale_lr': 0.1700011331351632}. Best is trial 1199 with value: 0.2814603819837415.
checkpoint_e22 window_influence: 0.30940946669206748, penalty_k: 0.21461196526183332, scale_lr: 0.15054927763953019, EAO: 0.264
Trial 1380 finished with value: 0.26377891179749635 and parameters: {'window_influence': 0.3094094666920675, 'penalty_k': 0.21461196526183332, 'scale_lr': 0.1505492776395302}. Best is trial 1199 with value: 0.2814603819837415.
checkpoint_e22 window_influence: 0.32650961159659792, penalty_k: 0.18997837196766768, scale_lr: 0.19635906896182331, EAO: 0.248
Trial 1381 finished with value: 0.2483995151592464 and parameters: {'window_influence': 0.3265096115965979, 'penalty_k': 0.18997837196766768, 'scale_lr': 0.1963590689618233}. Best is trial 1199 with value: 0.2814603819837415.
checkpoint_e22 window_influence: 0.11764238731637625, penalty_k: 0.13995309904511632, scale_lr: 0.25703073147691213, EAO: 0.243
Trial 1382 finished with value: 0.2433185502281034 and parameters: {'window_influence': 0.11764238731637625, 'penalty_k': 0.13995309904511632, 'scale_lr': 0.25703073147691213}. Best is trial 1199 with value: 0.2814603819837415.
checkpoint_e22 window_influence: 0.25740840171077656, penalty_k: 0.24417504186816499, scale_lr: 0.55720112023017720, EAO: 0.258
Trial 1383 finished with value: 0.2582745623540103 and parameters: {'window_influence': 0.25740840171077656, 'penalty_k': 0.244175041868165, 'scale_lr': 0.5572011202301772}. Best is trial 1199 with value: 0.2814603819837415.
checkpoint_e22 window_influence: 0.38867468188377596, penalty_k: 0.22373839563305470, scale_lr: 0.50675330491372095, EAO: 0.253
Trial 1384 finished with value: 0.25264977845476894 and parameters: {'window_influence': 0.38867468188377596, 'penalty_k': 0.2237383956330547, 'scale_lr': 0.506753304913721}. Best is trial 1199 with value: 0.2814603819837415.
checkpoint_e22 window_influence: 0.40480777672232149, penalty_k: 0.20312709467077519, scale_lr: 0.12374461081238186, EAO: 0.257
Trial 1385 finished with value: 0.25678109286761863 and parameters: {'window_influence': 0.4048077767223215, 'penalty_k': 0.2031270946707752, 'scale_lr': 0.12374461081238186}. Best is trial 1199 with value: 0.2814603819837415.
checkpoint_e22 window_influence: 0.26933088536231786, penalty_k: 0.26398575778018918, scale_lr: 0.53130223760205775, EAO: 0.248
Trial 1386 finished with value: 0.2475454284529376 and parameters: {'window_influence': 0.26933088536231786, 'penalty_k': 0.2639857577801892, 'scale_lr': 0.5313022376020577}. Best is trial 1199 with value: 0.2814603819837415.
checkpoint_e22 window_influence: 0.38603950627560235, penalty_k: 0.31609179136725341, scale_lr: 0.30461823827607987, EAO: 0.250
Trial 1387 finished with value: 0.250387005507946 and parameters: {'window_influence': 0.38603950627560235, 'penalty_k': 0.3160917913672534, 'scale_lr': 0.30461823827607987}. Best is trial 1199 with value: 0.2814603819837415.
checkpoint_e22 window_influence: 0.34001755427689173, penalty_k: 0.51508141745683655, scale_lr: 0.16434958423549706, EAO: 0.246
Trial 1388 finished with value: 0.24568737819185102 and parameters: {'window_influence': 0.34001755427689173, 'penalty_k': 0.5150814174568366, 'scale_lr': 0.16434958423549706}. Best is trial 1199 with value: 0.2814603819837415.
checkpoint_e22 window_influence: 0.28790775873010566, penalty_k: 0.17901354019587673, scale_lr: 0.58965756577341044, EAO: 0.261
Trial 1389 finished with value: 0.2605599137704547 and parameters: {'window_influence': 0.28790775873010566, 'penalty_k': 0.17901354019587673, 'scale_lr': 0.5896575657734104}. Best is trial 1199 with value: 0.2814603819837415.
checkpoint_e22 window_influence: 0.42973943359191752, penalty_k: 0.15486717643189526, scale_lr: 0.24481667843076876, EAO: 0.256
Trial 1390 finished with value: 0.2556659539298313 and parameters: {'window_influence': 0.4297394335919175, 'penalty_k': 0.15486717643189526, 'scale_lr': 0.24481667843076876}. Best is trial 1199 with value: 0.2814603819837415.
checkpoint_e22 window_influence: 0.37427458691398363, penalty_k: 0.28667976085472274, scale_lr: 0.73851183660676889, EAO: 0.251
Trial 1391 finished with value: 0.2507078190281139 and parameters: {'window_influence': 0.37427458691398363, 'penalty_k': 0.28667976085472274, 'scale_lr': 0.7385118366067689}. Best is trial 1199 with value: 0.2814603819837415.
checkpoint_e22 window_influence: 0.35632205990525506, penalty_k: 0.23194058388265520, scale_lr: 0.13910158803352252, EAO: 0.260
Trial 1392 finished with value: 0.2599360506709029 and parameters: {'window_influence': 0.35632205990525506, 'penalty_k': 0.2319405838826552, 'scale_lr': 0.13910158803352252}. Best is trial 1199 with value: 0.2814603819837415.
checkpoint_e22 window_influence: 0.23437917662927749, penalty_k: 0.19669987482913645, scale_lr: 0.28003505752229202, EAO: 0.249
Trial 1393 finished with value: 0.24948037015955624 and parameters: {'window_influence': 0.23437917662927749, 'penalty_k': 0.19669987482913645, 'scale_lr': 0.280035057522292}. Best is trial 1199 with value: 0.2814603819837415.
checkpoint_e22 window_influence: 0.16967773221423468, penalty_k: 0.16928237030419943, scale_lr: 0.49605404220591404, EAO: 0.247
Trial 1394 finished with value: 0.24650667098964132 and parameters: {'window_influence': 0.16967773221423468, 'penalty_k': 0.16928237030419943, 'scale_lr': 0.49605404220591404}. Best is trial 1199 with value: 0.2814603819837415.
checkpoint_e22 window_influence: 0.39801059421863899, penalty_k: 0.56791649275250089, scale_lr: 0.40331442172708504, EAO: 0.242
Trial 1395 finished with value: 0.24219629634928896 and parameters: {'window_influence': 0.398010594218639, 'penalty_k': 0.5679164927525009, 'scale_lr': 0.40331442172708504}. Best is trial 1199 with value: 0.2814603819837415.
checkpoint_e22 window_influence: 0.31863191957380921, penalty_k: 0.35270716338672892, scale_lr: 0.11702560203173809, EAO: 0.245
Trial 1396 finished with value: 0.2450868547326181 and parameters: {'window_influence': 0.3186319195738092, 'penalty_k': 0.3527071633867289, 'scale_lr': 0.11702560203173809}. Best is trial 1199 with value: 0.2814603819837415.
checkpoint_e22 window_influence: 0.50524007734985033, penalty_k: 0.24731335114987590, scale_lr: 0.64516881344081078, EAO: 0.241
Trial 1397 finished with value: 0.24058591404823754 and parameters: {'window_influence': 0.5052400773498503, 'penalty_k': 0.2473133511498759, 'scale_lr': 0.6451688134408108}. Best is trial 1199 with value: 0.2814603819837415.
checkpoint_e22 window_influence: 0.41612560971546264, penalty_k: 0.21245528851814346, scale_lr: 0.62922353029469569, EAO: 0.254
Trial 1398 finished with value: 0.25386030414724736 and parameters: {'window_influence': 0.41612560971546264, 'penalty_k': 0.21245528851814346, 'scale_lr': 0.6292235302946957}. Best is trial 1199 with value: 0.2814603819837415.
checkpoint_e22 window_influence: 0.37072165243913124, penalty_k: 0.18599227833722437, scale_lr: 0.67090640809259672, EAO: 0.256
Trial 1399 finished with value: 0.25580457046749144 and parameters: {'window_influence': 0.37072165243913124, 'penalty_k': 0.18599227833722437, 'scale_lr': 0.6709064080925967}. Best is trial 1199 with value: 0.2814603819837415.
checkpoint_e22 window_influence: 0.19569389738761761, penalty_k: 0.02442734380488796, scale_lr: 0.34503435509418079, EAO: 0.246
Trial 1400 finished with value: 0.24607635646816192 and parameters: {'window_influence': 0.1956938973876176, 'penalty_k': 0.024427343804887956, 'scale_lr': 0.3450343550941808}. Best is trial 1199 with value: 0.2814603819837415.
checkpoint_e22 window_influence: 0.29425212318161159, penalty_k: 0.49428771094762158, scale_lr: 0.14721945798103631, EAO: 0.257
Trial 1401 finished with value: 0.25693736485834046 and parameters: {'window_influence': 0.2942521231816116, 'penalty_k': 0.4942877109476216, 'scale_lr': 0.1472194579810363}. Best is trial 1199 with value: 0.2814603819837415.
checkpoint_e22 window_influence: 0.27468937642951735, penalty_k: 0.33167553985743792, scale_lr: 0.70351955412984424, EAO: 0.248
Trial 1402 finished with value: 0.2479510030489627 and parameters: {'window_influence': 0.27468937642951735, 'penalty_k': 0.3316755398574379, 'scale_lr': 0.7035195541298442}. Best is trial 1199 with value: 0.2814603819837415.
checkpoint_e22 window_influence: 0.34854353167948759, penalty_k: 0.20268079754398155, scale_lr: 0.37826648226446719, EAO: 0.258
Trial 1403 finished with value: 0.25760220590888 and parameters: {'window_influence': 0.3485435316794876, 'penalty_k': 0.20268079754398155, 'scale_lr': 0.3782664822644672}. Best is trial 1199 with value: 0.2814603819837415.
checkpoint_e22 window_influence: 0.38179952671653133, penalty_k: 0.53296012122804615, scale_lr: 0.22499897233614655, EAO: 0.249
Trial 1404 finished with value: 0.2489651516685641 and parameters: {'window_influence': 0.38179952671653133, 'penalty_k': 0.5329601212280461, 'scale_lr': 0.22499897233614655}. Best is trial 1199 with value: 0.2814603819837415.
checkpoint_e22 window_influence: 0.30584681603028047, penalty_k: 0.14531981457577633, scale_lr: 0.77945764207230650, EAO: 0.255
Trial 1405 finished with value: 0.2545949475067418 and parameters: {'window_influence': 0.30584681603028047, 'penalty_k': 0.14531981457577633, 'scale_lr': 0.7794576420723065}. Best is trial 1199 with value: 0.2814603819837415.
checkpoint_e22 window_influence: 0.40221988746959075, penalty_k: 0.25805344994200702, scale_lr: 0.54261925924656151, EAO: 0.259
Trial 1406 finished with value: 0.2594381612006242 and parameters: {'window_influence': 0.40221988746959075, 'penalty_k': 0.258053449942007, 'scale_lr': 0.5426192592465615}. Best is trial 1199 with value: 0.2814603819837415.
checkpoint_e22 window_influence: 0.36471389042593777, penalty_k: 0.58750951211504132, scale_lr: 0.60665718330698359, EAO: 0.251
Trial 1407 finished with value: 0.2508365912892954 and parameters: {'window_influence': 0.36471389042593777, 'penalty_k': 0.5875095121150413, 'scale_lr': 0.6066571833069836}. Best is trial 1199 with value: 0.2814603819837415.
checkpoint_e22 window_influence: 0.16381402067771000, penalty_k: 0.21859030690005898, scale_lr: 0.13063349615373387, EAO: 0.224
Trial 1408 finished with value: 0.22408688983054664 and parameters: {'window_influence': 0.16381402067771, 'penalty_k': 0.21859030690005898, 'scale_lr': 0.13063349615373387}. Best is trial 1199 with value: 0.2814603819837415.
checkpoint_e22 window_influence: 0.48792908626956433, penalty_k: 0.30447321096995356, scale_lr: 0.18641717100525990, EAO: 0.235
Trial 1409 finished with value: 0.2347630336880684 and parameters: {'window_influence': 0.4879290862695643, 'penalty_k': 0.30447321096995356, 'scale_lr': 0.1864171710052599}. Best is trial 1199 with value: 0.2814603819837415.
checkpoint_e22 window_influence: 0.39035349201004194, penalty_k: 0.17034034181524410, scale_lr: 0.57083874331524653, EAO: 0.253
Trial 1410 finished with value: 0.25254745981315285 and parameters: {'window_influence': 0.39035349201004194, 'penalty_k': 0.1703403418152441, 'scale_lr': 0.5708387433152465}. Best is trial 1199 with value: 0.2814603819837415.
checkpoint_e22 window_influence: 0.37687920177370393, penalty_k: 0.18691490133076236, scale_lr: 0.10002793871700552, EAO: 0.258
Trial 1411 finished with value: 0.25757718825243353 and parameters: {'window_influence': 0.37687920177370393, 'penalty_k': 0.18691490133076236, 'scale_lr': 0.10002793871700552}. Best is trial 1199 with value: 0.2814603819837415.
checkpoint_e22 window_influence: 0.21842114668426002, penalty_k: 0.11509079911195327, scale_lr: 0.48227393701707783, EAO: 0.255
Trial 1412 finished with value: 0.25511043276486356 and parameters: {'window_influence': 0.21842114668426002, 'penalty_k': 0.11509079911195327, 'scale_lr': 0.4822739370170778}. Best is trial 1199 with value: 0.2814603819837415.
checkpoint_e22 window_influence: 0.51656355711320723, penalty_k: 0.13255657957002676, scale_lr: 0.16123968032951530, EAO: 0.244
Trial 1413 finished with value: 0.24433529807057808 and parameters: {'window_influence': 0.5165635571132072, 'penalty_k': 0.13255657957002676, 'scale_lr': 0.1612396803295153}. Best is trial 1199 with value: 0.2814603819837415.
checkpoint_e22 window_influence: 0.33094146990660844, penalty_k: 0.22360281748507477, scale_lr: 0.20876936960622999, EAO: 0.255
Trial 1414 finished with value: 0.2549605126666829 and parameters: {'window_influence': 0.33094146990660844, 'penalty_k': 0.22360281748507477, 'scale_lr': 0.20876936960623}. Best is trial 1199 with value: 0.2814603819837415.
checkpoint_e22 window_influence: 0.24617373595154426, penalty_k: 0.03896893114250538, scale_lr: 0.26077366595776225, EAO: 0.255
Trial 1415 finished with value: 0.255126330365495 and parameters: {'window_influence': 0.24617373595154426, 'penalty_k': 0.03896893114250538, 'scale_lr': 0.26077366595776225}. Best is trial 1199 with value: 0.2814603819837415.
checkpoint_e22 window_influence: 0.42154968988594621, penalty_k: 0.23532821110848764, scale_lr: 0.75361200298702224, EAO: 0.246
Trial 1416 finished with value: 0.24599808914874627 and parameters: {'window_influence': 0.4215496898859462, 'penalty_k': 0.23532821110848764, 'scale_lr': 0.7536120029870222}. Best is trial 1199 with value: 0.2814603819837415.
checkpoint_e22 window_influence: 0.53320475904599629, penalty_k: 0.20707212290380916, scale_lr: 0.28314149643021264, EAO: 0.235
Trial 1417 finished with value: 0.23525564542146232 and parameters: {'window_influence': 0.5332047590459963, 'penalty_k': 0.20707212290380916, 'scale_lr': 0.28314149643021264}. Best is trial 1199 with value: 0.2814603819837415.
checkpoint_e22 window_influence: 0.35393274655252455, penalty_k: 0.19517561168452705, scale_lr: 0.42670247112196119, EAO: 0.267
Trial 1418 finished with value: 0.2670765422829768 and parameters: {'window_influence': 0.35393274655252455, 'penalty_k': 0.19517561168452705, 'scale_lr': 0.4267024711219612}. Best is trial 1199 with value: 0.2814603819837415.
checkpoint_e22 window_influence: 0.28109925210769798, penalty_k: 0.26890977471660471, scale_lr: 0.51875710943270981, EAO: 0.250
Trial 1419 finished with value: 0.2499842154301279 and parameters: {'window_influence': 0.281099252107698, 'penalty_k': 0.2689097747166047, 'scale_lr': 0.5187571094327098}. Best is trial 1199 with value: 0.2814603819837415.
checkpoint_e22 window_influence: 0.39505188966117594, penalty_k: 0.01348015110573668, scale_lr: 0.50456443655150585, EAO: 0.268
Trial 1420 finished with value: 0.26758781784191366 and parameters: {'window_influence': 0.39505188966117594, 'penalty_k': 0.013480151105736683, 'scale_lr': 0.5045644365515058}. Best is trial 1199 with value: 0.2814603819837415.
checkpoint_e22 window_influence: 0.56611113436349825, penalty_k: 0.29248760263261198, scale_lr: 0.31979021236489980, EAO: 0.218
