A new study created in memory with name: no-name-8c73cf59-d436-4e72-bebb-8e6a15111324
checkpoint_e30 window_influence: 0.28016818350613143, penalty_k: 0.57159504207447742, scale_lr: 0.15698145841371963, EAO: 0.266
Trial 0 finished with value: 0.2659801972227368 and parameters: {'window_influence': 0.28016818350613143, 'penalty_k': 0.5715950420744774, 'scale_lr': 0.15698145841371963}. Best is trial 0 with value: 0.2659801972227368.
checkpoint_e30 window_influence: 0.31056716106593640, penalty_k: 0.30848907663074082, scale_lr: 0.18125957357745132, EAO: 0.256
Trial 1 finished with value: 0.25579502336620313 and parameters: {'window_influence': 0.3105671610659364, 'penalty_k': 0.3084890766307408, 'scale_lr': 0.18125957357745132}. Best is trial 0 with value: 0.2659801972227368.
checkpoint_e30 window_influence: 0.51397881010332325, penalty_k: 0.35290901202999109, scale_lr: 0.41799758377726748, EAO: 0.256
Trial 2 finished with value: 0.25624097768611054 and parameters: {'window_influence': 0.5139788101033232, 'penalty_k': 0.3529090120299911, 'scale_lr': 0.4179975837772675}. Best is trial 0 with value: 0.2659801972227368.
checkpoint_e30 window_influence: 0.14857953868926066, penalty_k: 0.34522903723935178, scale_lr: 0.61904266802399144, EAO: 0.243
Trial 3 finished with value: 0.2430866165616648 and parameters: {'window_influence': 0.14857953868926066, 'penalty_k': 0.3452290372393518, 'scale_lr': 0.6190426680239914}. Best is trial 0 with value: 0.2659801972227368.
checkpoint_e30 window_influence: 0.27665221051795730, penalty_k: 0.20648815930276668, scale_lr: 0.53831663535589513, EAO: 0.264
Trial 4 finished with value: 0.263963290770364 and parameters: {'window_influence': 0.2766522105179573, 'penalty_k': 0.20648815930276668, 'scale_lr': 0.5383166353558951}. Best is trial 0 with value: 0.2659801972227368.
checkpoint_e30 window_influence: 0.28901090366142373, penalty_k: 0.59935254120603176, scale_lr: 0.25423925911829087, EAO: 0.251
Trial 5 finished with value: 0.25063186120696185 and parameters: {'window_influence': 0.28901090366142373, 'penalty_k': 0.5993525412060318, 'scale_lr': 0.2542392591182909}. Best is trial 0 with value: 0.2659801972227368.
checkpoint_e30 window_influence: 0.29237394826071522, penalty_k: 0.06528317694776480, scale_lr: 0.52133681012790045, EAO: 0.250
Trial 6 finished with value: 0.2500162552890739 and parameters: {'window_influence': 0.2923739482607152, 'penalty_k': 0.0652831769477648, 'scale_lr': 0.5213368101279005}. Best is trial 0 with value: 0.2659801972227368.
checkpoint_e30 window_influence: 0.47354925928135061, penalty_k: 0.31312518363348485, scale_lr: 0.38724094117349706, EAO: 0.251
Trial 7 finished with value: 0.25085462544991716 and parameters: {'window_influence': 0.4735492592813506, 'penalty_k': 0.31312518363348485, 'scale_lr': 0.38724094117349706}. Best is trial 0 with value: 0.2659801972227368.
checkpoint_e30 window_influence: 0.05342698785001992, penalty_k: 0.31255455806845117, scale_lr: 0.24213168880360555, EAO: 0.225
Trial 8 finished with value: 0.22452992746015873 and parameters: {'window_influence': 0.05342698785001992, 'penalty_k': 0.31255455806845117, 'scale_lr': 0.24213168880360555}. Best is trial 0 with value: 0.2659801972227368.
checkpoint_e30 window_influence: 0.08039037880055670, penalty_k: 0.22637522507117502, scale_lr: 0.63154761789284197, EAO: 0.258
Trial 9 finished with value: 0.257978861833491 and parameters: {'window_influence': 0.0803903788005567, 'penalty_k': 0.22637522507117502, 'scale_lr': 0.631547617892842}. Best is trial 0 with value: 0.2659801972227368.
checkpoint_e30 window_influence: 0.63063645862887663, penalty_k: 0.56270684629566481, scale_lr: 0.10285027207503905, EAO: 0.200
Trial 10 finished with value: 0.19996761033932367 and parameters: {'window_influence': 0.6306364586288766, 'penalty_k': 0.5627068462956648, 'scale_lr': 0.10285027207503905}. Best is trial 0 with value: 0.2659801972227368.
checkpoint_e30 window_influence: 0.22234095967776693, penalty_k: 0.48109795498841856, scale_lr: 0.77236762465064335, EAO: 0.253
Trial 11 finished with value: 0.25307736969817946 and parameters: {'window_influence': 0.22234095967776693, 'penalty_k': 0.48109795498841856, 'scale_lr': 0.7723676246506433}. Best is trial 0 with value: 0.2659801972227368.
checkpoint_e30 window_influence: 0.41097455686606454, penalty_k: 0.46504148420644198, scale_lr: 0.34234284528559700, EAO: 0.255
Trial 12 finished with value: 0.2550442616144816 and parameters: {'window_influence': 0.41097455686606454, 'penalty_k': 0.465041484206442, 'scale_lr': 0.342342845285597}. Best is trial 0 with value: 0.2659801972227368.
checkpoint_e30 window_influence: 0.20564009655923213, penalty_k: 0.18749211504730012, scale_lr: 0.49007776401980480, EAO: 0.268
Trial 13 finished with value: 0.2676467280683479 and parameters: {'window_influence': 0.20564009655923213, 'penalty_k': 0.18749211504730012, 'scale_lr': 0.4900777640198048}. Best is trial 13 with value: 0.2676467280683479.
checkpoint_e30 window_influence: 0.16978084551055680, penalty_k: 0.05017542876200676, scale_lr: 0.31475215522589184, EAO: 0.266
Trial 14 finished with value: 0.26633986715621094 and parameters: {'window_influence': 0.1697808455105568, 'penalty_k': 0.05017542876200676, 'scale_lr': 0.31475215522589184}. Best is trial 13 with value: 0.2676467280683479.
checkpoint_e30 window_influence: 0.19376665753485053, penalty_k: 0.04199750400025375, scale_lr: 0.31329490579730801, EAO: 0.274
Trial 15 finished with value: 0.27377404769261676 and parameters: {'window_influence': 0.19376665753485053, 'penalty_k': 0.04199750400025375, 'scale_lr': 0.313294905797308}. Best is trial 15 with value: 0.27377404769261676.
checkpoint_e30 window_influence: 0.19072738220004118, penalty_k: 0.11492234160536624, scale_lr: 0.46619665186808690, EAO: 0.269
Trial 16 finished with value: 0.26889525093441086 and parameters: {'window_influence': 0.19072738220004118, 'penalty_k': 0.11492234160536624, 'scale_lr': 0.4661966518680869}. Best is trial 15 with value: 0.27377404769261676.
checkpoint_e30 window_influence: 0.12483247177944617, penalty_k: 0.09909761496243893, scale_lr: 0.43526428378724041, EAO: 0.266
Trial 17 finished with value: 0.2664918407676666 and parameters: {'window_influence': 0.12483247177944617, 'penalty_k': 0.09909761496243893, 'scale_lr': 0.4352642837872404}. Best is trial 15 with value: 0.27377404769261676.
checkpoint_e30 window_influence: 0.10836273362671446, penalty_k: 0.11988947794235646, scale_lr: 0.35113438574707095, EAO: 0.258
Trial 18 finished with value: 0.2578308691944533 and parameters: {'window_influence': 0.10836273362671446, 'penalty_k': 0.11988947794235646, 'scale_lr': 0.35113438574707095}. Best is trial 15 with value: 0.27377404769261676.
checkpoint_e30 window_influence: 0.20971893218518933, penalty_k: 0.01032103127056549, scale_lr: 0.28396410361513991, EAO: 0.260
Trial 19 finished with value: 0.260432471347049 and parameters: {'window_influence': 0.20971893218518933, 'penalty_k': 0.010321031270565495, 'scale_lr': 0.2839641036151399}. Best is trial 15 with value: 0.27377404769261676.
checkpoint_e30 window_influence: 0.34958024472299043, penalty_k: 0.01206459576268909, scale_lr: 0.42842012675256125, EAO: 0.260
Trial 20 finished with value: 0.25985973958319764 and parameters: {'window_influence': 0.34958024472299043, 'penalty_k': 0.01206459576268909, 'scale_lr': 0.42842012675256125}. Best is trial 15 with value: 0.27377404769261676.
checkpoint_e30 window_influence: 0.20207505334593989, penalty_k: 0.15095746912630786, scale_lr: 0.45910286436675757, EAO: 0.268
Trial 21 finished with value: 0.268215689898991 and parameters: {'window_influence': 0.2020750533459399, 'penalty_k': 0.15095746912630786, 'scale_lr': 0.45910286436675757}. Best is trial 15 with value: 0.27377404769261676.
checkpoint_e30 window_influence: 0.16428240809688674, penalty_k: 0.13922521718872655, scale_lr: 0.37365628675779272, EAO: 0.261
Trial 22 finished with value: 0.2612823944508545 and parameters: {'window_influence': 0.16428240809688674, 'penalty_k': 0.13922521718872655, 'scale_lr': 0.3736562867577927}. Best is trial 15 with value: 0.27377404769261676.
checkpoint_e30 window_influence: 0.22207890089068213, penalty_k: 0.15042493098156634, scale_lr: 0.47005355085725603, EAO: 0.271
Trial 23 finished with value: 0.270928565321899 and parameters: {'window_influence': 0.22207890089068213, 'penalty_k': 0.15042493098156634, 'scale_lr': 0.47005355085725603}. Best is trial 15 with value: 0.27377404769261676.
checkpoint_e30 window_influence: 0.24029326371820187, penalty_k: 0.06377415943876158, scale_lr: 0.31034662598202439, EAO: 0.264
Trial 24 finished with value: 0.26392253173318336 and parameters: {'window_influence': 0.24029326371820187, 'penalty_k': 0.06377415943876158, 'scale_lr': 0.3103466259820244}. Best is trial 15 with value: 0.27377404769261676.
checkpoint_e30 window_influence: 0.12194027088863386, penalty_k: 0.10624373125483988, scale_lr: 0.38588420443928140, EAO: 0.261
Trial 25 finished with value: 0.26117316633462906 and parameters: {'window_influence': 0.12194027088863386, 'penalty_k': 0.10624373125483988, 'scale_lr': 0.3858842044392814}. Best is trial 15 with value: 0.27377404769261676.
checkpoint_e30 window_influence: 0.16888213532653687, penalty_k: 0.17931096156530110, scale_lr: 0.47289132930832023, EAO: 0.262
Trial 26 finished with value: 0.2621909207323702 and parameters: {'window_influence': 0.16888213532653687, 'penalty_k': 0.1793109615653011, 'scale_lr': 0.47289132930832023}. Best is trial 15 with value: 0.27377404769261676.
checkpoint_e30 window_influence: 0.24404970965019163, penalty_k: 0.23875716703501743, scale_lr: 0.55592248297973756, EAO: 0.256
Trial 27 finished with value: 0.25556573162718516 and parameters: {'window_influence': 0.24404970965019163, 'penalty_k': 0.23875716703501743, 'scale_lr': 0.5559224829797376}. Best is trial 15 with value: 0.27377404769261676.
checkpoint_e30 window_influence: 0.08610689310651527, penalty_k: 0.08021309771787502, scale_lr: 0.39401299324854300, EAO: 0.253
Trial 28 finished with value: 0.25336048564290614 and parameters: {'window_influence': 0.08610689310651527, 'penalty_k': 0.08021309771787502, 'scale_lr': 0.394012993248543}. Best is trial 15 with value: 0.27377404769261676.
checkpoint_e30 window_influence: 0.24728847163434958, penalty_k: 0.14766252354549528, scale_lr: 0.19271289355568205, EAO: 0.262
Trial 29 finished with value: 0.26162926967793365 and parameters: {'window_influence': 0.24728847163434958, 'penalty_k': 0.14766252354549528, 'scale_lr': 0.19271289355568205}. Best is trial 15 with value: 0.27377404769261676.
checkpoint_e30 window_influence: 0.33459544583869866, penalty_k: 0.25456703071092651, scale_lr: 0.22712219278560328, EAO: 0.271
Trial 30 finished with value: 0.27113851220384844 and parameters: {'window_influence': 0.33459544583869866, 'penalty_k': 0.2545670307109265, 'scale_lr': 0.22712219278560328}. Best is trial 15 with value: 0.27377404769261676.
checkpoint_e30 window_influence: 0.32479522295745727, penalty_k: 0.23754652294855141, scale_lr: 0.23183524105352793, EAO: 0.269
Trial 31 finished with value: 0.2694591905891411 and parameters: {'window_influence': 0.3247952229574573, 'penalty_k': 0.23754652294855141, 'scale_lr': 0.23183524105352793}. Best is trial 15 with value: 0.27377404769261676.
checkpoint_e30 window_influence: 0.33514397656772404, penalty_k: 0.24902293976756537, scale_lr: 0.21799140155586538, EAO: 0.266
Trial 32 finished with value: 0.2655306414860051 and parameters: {'window_influence': 0.33514397656772404, 'penalty_k': 0.24902293976756537, 'scale_lr': 0.21799140155586538}. Best is trial 15 with value: 0.27377404769261676.
checkpoint_e30 window_influence: 0.31874697734176233, penalty_k: 0.26369170712898837, scale_lr: 0.15739186481521594, EAO: 0.261
Trial 33 finished with value: 0.26099977284912174 and parameters: {'window_influence': 0.3187469773417623, 'penalty_k': 0.2636917071289884, 'scale_lr': 0.15739186481521594}. Best is trial 15 with value: 0.27377404769261676.
checkpoint_e30 window_influence: 0.39048036310078971, penalty_k: 0.18222090370762306, scale_lr: 0.26420801584810560, EAO: 0.266
Trial 34 finished with value: 0.26626663976083925 and parameters: {'window_influence': 0.3904803631007897, 'penalty_k': 0.18222090370762306, 'scale_lr': 0.2642080158481056}. Best is trial 15 with value: 0.27377404769261676.
checkpoint_e30 window_influence: 0.28613774782039658, penalty_k: 0.26991363824635933, scale_lr: 0.20689044131008977, EAO: 0.263
Trial 35 finished with value: 0.2625577708448821 and parameters: {'window_influence': 0.2861377478203966, 'penalty_k': 0.26991363824635933, 'scale_lr': 0.20689044131008977}. Best is trial 15 with value: 0.27377404769261676.
checkpoint_e30 window_influence: 0.26219884545540506, penalty_k: 0.20885944873109402, scale_lr: 0.30313143007202392, EAO: 0.257
Trial 36 finished with value: 0.25702834541235514 and parameters: {'window_influence': 0.26219884545540506, 'penalty_k': 0.20885944873109402, 'scale_lr': 0.3031314300720239}. Best is trial 15 with value: 0.27377404769261676.
checkpoint_e30 window_influence: 0.31551135204410680, penalty_k: 0.27729781752185956, scale_lr: 0.15635997900576309, EAO: 0.260
Trial 37 finished with value: 0.2597999311680716 and parameters: {'window_influence': 0.3155113520441068, 'penalty_k': 0.27729781752185956, 'scale_lr': 0.1563599790057631}. Best is trial 15 with value: 0.27377404769261676.
checkpoint_e30 window_influence: 0.26753211802576904, penalty_k: 0.21960610039019524, scale_lr: 0.25069926403153864, EAO: 0.261
Trial 38 finished with value: 0.2609957260329549 and parameters: {'window_influence': 0.26753211802576904, 'penalty_k': 0.21960610039019524, 'scale_lr': 0.25069926403153864}. Best is trial 15 with value: 0.27377404769261676.
checkpoint_e30 window_influence: 0.37410952835332661, penalty_k: 0.16742569712820124, scale_lr: 0.28456297127154073, EAO: 0.266
Trial 39 finished with value: 0.26610320249224095 and parameters: {'window_influence': 0.3741095283533266, 'penalty_k': 0.16742569712820124, 'scale_lr': 0.28456297127154073}. Best is trial 15 with value: 0.27377404769261676.
checkpoint_e30 window_influence: 0.33227835324369387, penalty_k: 0.34115063919704314, scale_lr: 0.34354655361683256, EAO: 0.264
Trial 40 finished with value: 0.26437427036888234 and parameters: {'window_influence': 0.33227835324369387, 'penalty_k': 0.34115063919704314, 'scale_lr': 0.34354655361683256}. Best is trial 15 with value: 0.27377404769261676.
checkpoint_e30 window_influence: 0.18775126712905693, penalty_k: 0.10703580750454537, scale_lr: 0.41897701389036018, EAO: 0.261
Trial 41 finished with value: 0.26062134647272467 and parameters: {'window_influence': 0.18775126712905693, 'penalty_k': 0.10703580750454537, 'scale_lr': 0.4189770138903602}. Best is trial 15 with value: 0.27377404769261676.
checkpoint_e30 window_influence: 0.29614722663328169, penalty_k: 0.14468810951508412, scale_lr: 0.24689276862616169, EAO: 0.270
Trial 42 finished with value: 0.26951031132442194 and parameters: {'window_influence': 0.2961472266332817, 'penalty_k': 0.14468810951508412, 'scale_lr': 0.2468927686261617}. Best is trial 15 with value: 0.27377404769261676.
checkpoint_e30 window_influence: 0.29197635557346741, penalty_k: 0.19911631859869347, scale_lr: 0.22856798817435220, EAO: 0.269
Trial 43 finished with value: 0.26873012771451377 and parameters: {'window_influence': 0.2919763555734674, 'penalty_k': 0.19911631859869347, 'scale_lr': 0.2285679881743522}. Best is trial 15 with value: 0.27377404769261676.
checkpoint_e30 window_influence: 0.30405416957827086, penalty_k: 0.22120929463452479, scale_lr: 0.25272194947562887, EAO: 0.267
Trial 44 finished with value: 0.26668087368815896 and parameters: {'window_influence': 0.30405416957827086, 'penalty_k': 0.2212092946345248, 'scale_lr': 0.25272194947562887}. Best is trial 15 with value: 0.27377404769261676.
checkpoint_e30 window_influence: 0.26908670015086278, penalty_k: 0.15667209505736590, scale_lr: 0.17187120641481801, EAO: 0.270
Trial 45 finished with value: 0.2699438126954606 and parameters: {'window_influence': 0.2690867001508628, 'penalty_k': 0.1566720950573659, 'scale_lr': 0.171871206414818}. Best is trial 15 with value: 0.27377404769261676.
checkpoint_e30 window_influence: 0.22483370978355738, penalty_k: 0.15627319357360583, scale_lr: 0.16103655607389000, EAO: 0.254
Trial 46 finished with value: 0.25426894335485084 and parameters: {'window_influence': 0.22483370978355738, 'penalty_k': 0.15627319357360583, 'scale_lr': 0.16103655607389}. Best is trial 15 with value: 0.27377404769261676.
checkpoint_e30 window_influence: 0.27029036460140832, penalty_k: 0.04564342139413663, scale_lr: 0.11442247712466605, EAO: 0.260
Trial 47 finished with value: 0.2600958807075896 and parameters: {'window_influence': 0.2702903646014083, 'penalty_k': 0.04564342139413663, 'scale_lr': 0.11442247712466605}. Best is trial 15 with value: 0.27377404769261676.
checkpoint_e30 window_influence: 0.23645275032582508, penalty_k: 0.13295960059426157, scale_lr: 0.19348325959807985, EAO: 0.258
Trial 48 finished with value: 0.2575680417258565 and parameters: {'window_influence': 0.23645275032582508, 'penalty_k': 0.13295960059426157, 'scale_lr': 0.19348325959807985}. Best is trial 15 with value: 0.27377404769261676.
checkpoint_e30 window_influence: 0.28738542114607563, penalty_k: 0.08564595749782805, scale_lr: 0.27527991507398131, EAO: 0.267
Trial 49 finished with value: 0.26710874157223274 and parameters: {'window_influence': 0.2873854211460756, 'penalty_k': 0.08564595749782805, 'scale_lr': 0.2752799150739813}. Best is trial 15 with value: 0.27377404769261676.
checkpoint_e30 window_influence: 0.36826507890190058, penalty_k: 0.16748625206962131, scale_lr: 0.18182029103884195, EAO: 0.266
Trial 50 finished with value: 0.26614559393345827 and parameters: {'window_influence': 0.3682650789019006, 'penalty_k': 0.1674862520696213, 'scale_lr': 0.18182029103884195}. Best is trial 15 with value: 0.27377404769261676.
checkpoint_e30 window_influence: 0.31038975897272053, penalty_k: 0.19389479383647967, scale_lr: 0.22774579963914235, EAO: 0.258
Trial 51 finished with value: 0.2584048066197372 and parameters: {'window_influence': 0.31038975897272053, 'penalty_k': 0.19389479383647967, 'scale_lr': 0.22774579963914235}. Best is trial 15 with value: 0.27377404769261676.
checkpoint_e30 window_influence: 0.22479299633577063, penalty_k: 0.12240127267832332, scale_lr: 0.22581726752756795, EAO: 0.255
Trial 52 finished with value: 0.2548681361282744 and parameters: {'window_influence': 0.22479299633577063, 'penalty_k': 0.12240127267832332, 'scale_lr': 0.22581726752756795}. Best is trial 15 with value: 0.27377404769261676.
checkpoint_e30 window_influence: 0.26546509103332172, penalty_k: 0.23713680396710785, scale_lr: 0.25336379192915565, EAO: 0.270
Trial 53 finished with value: 0.26975461168260106 and parameters: {'window_influence': 0.2654650910333217, 'penalty_k': 0.23713680396710785, 'scale_lr': 0.25336379192915565}. Best is trial 15 with value: 0.27377404769261676.
checkpoint_e30 window_influence: 0.26919357342759087, penalty_k: 0.29976365735479210, scale_lr: 0.31494355436963517, EAO: 0.258
Trial 54 finished with value: 0.2581764030141559 and parameters: {'window_influence': 0.26919357342759087, 'penalty_k': 0.2997636573547921, 'scale_lr': 0.31494355436963517}. Best is trial 15 with value: 0.27377404769261676.
checkpoint_e30 window_influence: 0.21085305956188394, penalty_k: 0.19621065348734334, scale_lr: 0.26948028199976048, EAO: 0.255
Trial 55 finished with value: 0.2554015854631013 and parameters: {'window_influence': 0.21085305956188394, 'penalty_k': 0.19621065348734334, 'scale_lr': 0.2694802819997605}. Best is trial 15 with value: 0.27377404769261676.
checkpoint_e30 window_influence: 0.25346867810032681, penalty_k: 0.13497823509816265, scale_lr: 0.20508563098060534, EAO: 0.253
Trial 56 finished with value: 0.25329844078155067 and parameters: {'window_influence': 0.2534686781003268, 'penalty_k': 0.13497823509816265, 'scale_lr': 0.20508563098060534}. Best is trial 15 with value: 0.27377404769261676.
checkpoint_e30 window_influence: 0.18668498397752528, penalty_k: 0.16523887301986756, scale_lr: 0.25390219610992365, EAO: 0.262
Trial 57 finished with value: 0.26173476893000486 and parameters: {'window_influence': 0.18668498397752528, 'penalty_k': 0.16523887301986756, 'scale_lr': 0.25390219610992365}. Best is trial 15 with value: 0.27377404769261676.
checkpoint_e30 window_influence: 0.15734278581607986, penalty_k: 0.09266928629260940, scale_lr: 0.13085042361078458, EAO: 0.243
Trial 58 finished with value: 0.24260163597944306 and parameters: {'window_influence': 0.15734278581607986, 'penalty_k': 0.0926692862926094, 'scale_lr': 0.13085042361078458}. Best is trial 15 with value: 0.27377404769261676.
checkpoint_e30 window_influence: 0.14330183423373610, penalty_k: 0.03416714030903922, scale_lr: 0.16877662577066713, EAO: 0.264
Trial 59 finished with value: 0.2637306702573125 and parameters: {'window_influence': 0.1433018342337361, 'penalty_k': 0.03416714030903922, 'scale_lr': 0.16877662577066713}. Best is trial 15 with value: 0.27377404769261676.
checkpoint_e30 window_influence: 0.35033900006999130, penalty_k: 0.07098536810796417, scale_lr: 0.34053269515653811, EAO: 0.281
Trial 60 finished with value: 0.28121748106266425 and parameters: {'window_influence': 0.3503390000699913, 'penalty_k': 0.07098536810796417, 'scale_lr': 0.3405326951565381}. Best is trial 60 with value: 0.28121748106266425.
checkpoint_e30 window_influence: 0.29723386692015391, penalty_k: 0.07020640077215738, scale_lr: 0.33343747846348348, EAO: 0.255
