Trial 868 finished with value: 0.2593442563240121 and parameters: {'window_influence': 0.31237475802627707, 'penalty_k': 0.07637029939534304, 'scale_lr': 0.695511296604413}. Best is trial 104 with value: 0.27492820641131904.
checkpoint_e22 window_influence: 0.05289918892943624, penalty_k: 0.05820076062570145, scale_lr: 0.11321789738152065, EAO: 0.227
Trial 869 finished with value: 0.22674201955882514 and parameters: {'window_influence': 0.052899188929436236, 'penalty_k': 0.05820076062570145, 'scale_lr': 0.11321789738152065}. Best is trial 104 with value: 0.27492820641131904.
checkpoint_e22 window_influence: 0.26701735891402040, penalty_k: 0.32240824873183732, scale_lr: 0.12621083232190772, EAO: 0.262
Trial 870 finished with value: 0.26196168544815807 and parameters: {'window_influence': 0.2670173589140204, 'penalty_k': 0.3224082487318373, 'scale_lr': 0.12621083232190772}. Best is trial 104 with value: 0.27492820641131904.
checkpoint_e22 window_influence: 0.40951102851256288, penalty_k: 0.27813679692369675, scale_lr: 0.14144630595553362, EAO: 0.256
Trial 871 finished with value: 0.25615506298173735 and parameters: {'window_influence': 0.4095110285125629, 'penalty_k': 0.27813679692369675, 'scale_lr': 0.14144630595553362}. Best is trial 104 with value: 0.27492820641131904.
checkpoint_e22 window_influence: 0.29184756746509910, penalty_k: 0.04803321637880318, scale_lr: 0.66659795073388384, EAO: 0.244
Trial 872 finished with value: 0.24432812061736253 and parameters: {'window_influence': 0.2918475674650991, 'penalty_k': 0.04803321637880318, 'scale_lr': 0.6665979507338838}. Best is trial 104 with value: 0.27492820641131904.
checkpoint_e22 window_influence: 0.28738809568101104, penalty_k: 0.27045104373458451, scale_lr: 0.11058502670770368, EAO: 0.255
Trial 873 finished with value: 0.25450955834088285 and parameters: {'window_influence': 0.28738809568101104, 'penalty_k': 0.2704510437345845, 'scale_lr': 0.11058502670770368}. Best is trial 104 with value: 0.27492820641131904.
checkpoint_e22 window_influence: 0.10025259967260056, penalty_k: 0.00086724200138533, scale_lr: 0.22183306873224384, EAO: 0.234
Trial 874 finished with value: 0.2337173378564478 and parameters: {'window_influence': 0.10025259967260056, 'penalty_k': 0.0008672420013853266, 'scale_lr': 0.22183306873224384}. Best is trial 104 with value: 0.27492820641131904.
checkpoint_e22 window_influence: 0.27575341712160839, penalty_k: 0.29423021983812914, scale_lr: 0.15551715573439945, EAO: 0.272
Trial 875 finished with value: 0.2719300158503579 and parameters: {'window_influence': 0.2757534171216084, 'penalty_k': 0.29423021983812914, 'scale_lr': 0.15551715573439945}. Best is trial 104 with value: 0.27492820641131904.
checkpoint_e22 window_influence: 0.46235909910276746, penalty_k: 0.30658651243458601, scale_lr: 0.16923245171315265, EAO: 0.246
Trial 876 finished with value: 0.2464526287787329 and parameters: {'window_influence': 0.46235909910276746, 'penalty_k': 0.306586512434586, 'scale_lr': 0.16923245171315265}. Best is trial 104 with value: 0.27492820641131904.
checkpoint_e22 window_influence: 0.07909177393520855, penalty_k: 0.17250665225146766, scale_lr: 0.15950755028483904, EAO: 0.210
Trial 877 finished with value: 0.20994652850114234 and parameters: {'window_influence': 0.07909177393520855, 'penalty_k': 0.17250665225146766, 'scale_lr': 0.15950755028483904}. Best is trial 104 with value: 0.27492820641131904.
checkpoint_e22 window_influence: 0.28004465147402913, penalty_k: 0.30992554677742762, scale_lr: 0.71988084175715195, EAO: 0.253
Trial 878 finished with value: 0.25303929184025864 and parameters: {'window_influence': 0.2800446514740291, 'penalty_k': 0.3099255467774276, 'scale_lr': 0.719880841757152}. Best is trial 104 with value: 0.27492820641131904.
checkpoint_e22 window_influence: 0.27705303350114774, penalty_k: 0.09178678754965031, scale_lr: 0.15125878890888725, EAO: 0.261
Trial 879 finished with value: 0.26073334347911 and parameters: {'window_influence': 0.27705303350114774, 'penalty_k': 0.0917867875496503, 'scale_lr': 0.15125878890888725}. Best is trial 104 with value: 0.27492820641131904.
checkpoint_e22 window_influence: 0.44031159015837407, penalty_k: 0.29356489177748835, scale_lr: 0.18902653145459217, EAO: 0.252
Trial 880 finished with value: 0.25214710958847186 and parameters: {'window_influence': 0.44031159015837407, 'penalty_k': 0.29356489177748835, 'scale_lr': 0.18902653145459217}. Best is trial 104 with value: 0.27492820641131904.
checkpoint_e22 window_influence: 0.30022163353689013, penalty_k: 0.15214770585317278, scale_lr: 0.20343570213462275, EAO: 0.249
Trial 881 finished with value: 0.2487687595128044 and parameters: {'window_influence': 0.30022163353689013, 'penalty_k': 0.15214770585317278, 'scale_lr': 0.20343570213462275}. Best is trial 104 with value: 0.27492820641131904.
checkpoint_e22 window_influence: 0.25229259858878783, penalty_k: 0.12357284047921355, scale_lr: 0.15993759622669690, EAO: 0.256
Trial 882 finished with value: 0.2561223548117692 and parameters: {'window_influence': 0.25229259858878783, 'penalty_k': 0.12357284047921355, 'scale_lr': 0.1599375962266969}. Best is trial 104 with value: 0.27492820641131904.
checkpoint_e22 window_influence: 0.20493570653461882, penalty_k: 0.31687829099148007, scale_lr: 0.36298935671154342, EAO: 0.247
Trial 883 finished with value: 0.24722026651952325 and parameters: {'window_influence': 0.20493570653461882, 'penalty_k': 0.31687829099148007, 'scale_lr': 0.3629893567115434}. Best is trial 104 with value: 0.27492820641131904.
checkpoint_e22 window_influence: 0.24543283492004012, penalty_k: 0.18320024553060785, scale_lr: 0.26620915676213197, EAO: 0.249
Trial 884 finished with value: 0.24871408157959218 and parameters: {'window_influence': 0.24543283492004012, 'penalty_k': 0.18320024553060785, 'scale_lr': 0.26620915676213197}. Best is trial 104 with value: 0.27492820641131904.
checkpoint_e22 window_influence: 0.39413596654635319, penalty_k: 0.03352535119026775, scale_lr: 0.17764818655590572, EAO: 0.259
Trial 885 finished with value: 0.2594058655989849 and parameters: {'window_influence': 0.3941359665463532, 'penalty_k': 0.03352535119026775, 'scale_lr': 0.17764818655590572}. Best is trial 104 with value: 0.27492820641131904.
checkpoint_e22 window_influence: 0.37776502927723521, penalty_k: 0.27441029572227915, scale_lr: 0.65357872904734760, EAO: 0.273
Trial 886 finished with value: 0.27264127329113036 and parameters: {'window_influence': 0.3777650292772352, 'penalty_k': 0.27441029572227915, 'scale_lr': 0.6535787290473476}. Best is trial 104 with value: 0.27492820641131904.
checkpoint_e22 window_influence: 0.37364098157817732, penalty_k: 0.06950609612036518, scale_lr: 0.63008768767366252, EAO: 0.245
Trial 887 finished with value: 0.2448212085216026 and parameters: {'window_influence': 0.3736409815781773, 'penalty_k': 0.06950609612036518, 'scale_lr': 0.6300876876736625}. Best is trial 104 with value: 0.27492820641131904.
checkpoint_e22 window_influence: 0.27831402649349601, penalty_k: 0.30245368974021025, scale_lr: 0.76460392601973171, EAO: 0.248
Trial 888 finished with value: 0.24843814121029242 and parameters: {'window_influence': 0.278314026493496, 'penalty_k': 0.30245368974021025, 'scale_lr': 0.7646039260197317}. Best is trial 104 with value: 0.27492820641131904.
checkpoint_e22 window_influence: 0.17683919497379888, penalty_k: 0.25879512859527382, scale_lr: 0.50852489222557995, EAO: 0.243
Trial 889 finished with value: 0.24290532109940924 and parameters: {'window_influence': 0.17683919497379888, 'penalty_k': 0.2587951285952738, 'scale_lr': 0.50852489222558}. Best is trial 104 with value: 0.27492820641131904.
checkpoint_e22 window_influence: 0.35838013283454190, penalty_k: 0.28227715731603642, scale_lr: 0.61475212059997286, EAO: 0.259
Trial 890 finished with value: 0.2593690486458259 and parameters: {'window_influence': 0.3583801328345419, 'penalty_k': 0.2822771573160364, 'scale_lr': 0.6147521205999729}. Best is trial 104 with value: 0.27492820641131904.
checkpoint_e22 window_influence: 0.37777127755008005, penalty_k: 0.27347270771663496, scale_lr: 0.59785652417465918, EAO: 0.252
Trial 891 finished with value: 0.25242732640931276 and parameters: {'window_influence': 0.37777127755008005, 'penalty_k': 0.27347270771663496, 'scale_lr': 0.5978565241746592}. Best is trial 104 with value: 0.27492820641131904.
checkpoint_e22 window_influence: 0.14923921874799362, penalty_k: 0.28481905916093242, scale_lr: 0.67307070596391949, EAO: 0.234
Trial 892 finished with value: 0.23376183066426254 and parameters: {'window_influence': 0.14923921874799362, 'penalty_k': 0.2848190591609324, 'scale_lr': 0.6730707059639195}. Best is trial 104 with value: 0.27492820641131904.
checkpoint_e22 window_influence: 0.38312270199863879, penalty_k: 0.25857514743193322, scale_lr: 0.64666635813449980, EAO: 0.267
Trial 893 finished with value: 0.26654101871862645 and parameters: {'window_influence': 0.3831227019986388, 'penalty_k': 0.2585751474319332, 'scale_lr': 0.6466663581344998}. Best is trial 104 with value: 0.27492820641131904.
checkpoint_e22 window_influence: 0.33146803062262326, penalty_k: 0.27709810449104100, scale_lr: 0.76394911113157959, EAO: 0.245
Trial 894 finished with value: 0.24475536022971317 and parameters: {'window_influence': 0.33146803062262326, 'penalty_k': 0.277098104491041, 'scale_lr': 0.7639491111315796}. Best is trial 104 with value: 0.27492820641131904.
checkpoint_e22 window_influence: 0.36160732798976680, penalty_k: 0.29774046416717587, scale_lr: 0.51925387823147018, EAO: 0.259
Trial 895 finished with value: 0.25897840786028686 and parameters: {'window_influence': 0.3616073279897668, 'penalty_k': 0.29774046416717587, 'scale_lr': 0.5192538782314702}. Best is trial 104 with value: 0.27492820641131904.
checkpoint_e22 window_influence: 0.31266545951172775, penalty_k: 0.01589969455481682, scale_lr: 0.72790606633075172, EAO: 0.247
Trial 896 finished with value: 0.246601820840099 and parameters: {'window_influence': 0.31266545951172775, 'penalty_k': 0.015899694554816823, 'scale_lr': 0.7279060663307517}. Best is trial 104 with value: 0.27492820641131904.
checkpoint_e22 window_influence: 0.12172811761294824, penalty_k: 0.04677183688539095, scale_lr: 0.61716187954933988, EAO: 0.238
Trial 897 finished with value: 0.23801273374053522 and parameters: {'window_influence': 0.12172811761294824, 'penalty_k': 0.04677183688539095, 'scale_lr': 0.6171618795493399}. Best is trial 104 with value: 0.27492820641131904.
checkpoint_e22 window_influence: 0.54335548956539348, penalty_k: 0.27046784899937670, scale_lr: 0.54083087837227017, EAO: 0.230
Trial 898 finished with value: 0.2299637953198053 and parameters: {'window_influence': 0.5433554895653935, 'penalty_k': 0.2704678489993767, 'scale_lr': 0.5408308783722702}. Best is trial 104 with value: 0.27492820641131904.
checkpoint_e22 window_influence: 0.37442727682469379, penalty_k: 0.15842523519077423, scale_lr: 0.74016110213606556, EAO: 0.247
Trial 899 finished with value: 0.2472778910665008 and parameters: {'window_influence': 0.3744272768246938, 'penalty_k': 0.15842523519077423, 'scale_lr': 0.7401611021360656}. Best is trial 104 with value: 0.27492820641131904.
checkpoint_e22 window_influence: 0.38730063658460306, penalty_k: 0.18060926334104924, scale_lr: 0.68598445849192946, EAO: 0.254
Trial 900 finished with value: 0.25388298553179917 and parameters: {'window_influence': 0.38730063658460306, 'penalty_k': 0.18060926334104924, 'scale_lr': 0.6859844584919295}. Best is trial 104 with value: 0.27492820641131904.
checkpoint_e22 window_influence: 0.11721228161698799, penalty_k: 0.00091140951590701, scale_lr: 0.69608352317924238, EAO: 0.228
Trial 901 finished with value: 0.22767466173423984 and parameters: {'window_influence': 0.11721228161698799, 'penalty_k': 0.0009114095159070065, 'scale_lr': 0.6960835231792424}. Best is trial 104 with value: 0.27492820641131904.
checkpoint_e22 window_influence: 0.52270056245639451, penalty_k: 0.29277273923941211, scale_lr: 0.67319034469843597, EAO: 0.235
Trial 902 finished with value: 0.23511466002318918 and parameters: {'window_influence': 0.5227005624563945, 'penalty_k': 0.2927727392394121, 'scale_lr': 0.673190344698436}. Best is trial 104 with value: 0.27492820641131904.
checkpoint_e22 window_influence: 0.34841792769822966, penalty_k: 0.54357973400739246, scale_lr: 0.61950083572078130, EAO: 0.250
Trial 903 finished with value: 0.2501846895954473 and parameters: {'window_influence': 0.34841792769822966, 'penalty_k': 0.5435797340073925, 'scale_lr': 0.6195008357207813}. Best is trial 104 with value: 0.27492820641131904.
checkpoint_e22 window_influence: 0.29803185577145530, penalty_k: 0.13462785741207747, scale_lr: 0.60204352158690722, EAO: 0.267
Trial 904 finished with value: 0.2665610916730834 and parameters: {'window_influence': 0.2980318557714553, 'penalty_k': 0.13462785741207747, 'scale_lr': 0.6020435215869072}. Best is trial 104 with value: 0.27492820641131904.
checkpoint_e22 window_influence: 0.60699036891998359, penalty_k: 0.16792866708352014, scale_lr: 0.71246613821556659, EAO: 0.207
Trial 905 finished with value: 0.2071188914218569 and parameters: {'window_influence': 0.6069903689199836, 'penalty_k': 0.16792866708352014, 'scale_lr': 0.7124661382155666}. Best is trial 104 with value: 0.27492820641131904.
checkpoint_e22 window_influence: 0.54148344823096661, penalty_k: 0.10464643522656444, scale_lr: 0.50036846846384764, EAO: 0.240
Trial 906 finished with value: 0.24010943712257757 and parameters: {'window_influence': 0.5414834482309666, 'penalty_k': 0.10464643522656444, 'scale_lr': 0.5003684684638476}. Best is trial 104 with value: 0.27492820641131904.
checkpoint_e22 window_influence: 0.36701862392254980, penalty_k: 0.03230732942471392, scale_lr: 0.63840265558292386, EAO: 0.253
Trial 907 finished with value: 0.2525695869471969 and parameters: {'window_influence': 0.3670186239225498, 'penalty_k': 0.03230732942471392, 'scale_lr': 0.6384026555829239}. Best is trial 104 with value: 0.27492820641131904.
checkpoint_e22 window_influence: 0.57378245441109121, penalty_k: 0.19773020271262479, scale_lr: 0.65485662716323456, EAO: 0.217
Trial 908 finished with value: 0.2171009638445164 and parameters: {'window_influence': 0.5737824544110912, 'penalty_k': 0.1977302027126248, 'scale_lr': 0.6548566271632346}. Best is trial 104 with value: 0.27492820641131904.
checkpoint_e22 window_influence: 0.28219390911658360, penalty_k: 0.24533750094202109, scale_lr: 0.60555167350565042, EAO: 0.247
Trial 909 finished with value: 0.24650648787496535 and parameters: {'window_influence': 0.2821939091165836, 'penalty_k': 0.2453375009420211, 'scale_lr': 0.6055516735056504}. Best is trial 104 with value: 0.27492820641131904.
checkpoint_e22 window_influence: 0.39441868110407619, penalty_k: 0.18866938353466126, scale_lr: 0.67792406520747672, EAO: 0.248
Trial 910 finished with value: 0.24825892094674148 and parameters: {'window_influence': 0.3944186811040762, 'penalty_k': 0.18866938353466126, 'scale_lr': 0.6779240652074767}. Best is trial 104 with value: 0.27492820641131904.
checkpoint_e22 window_influence: 0.21776249641548542, penalty_k: 0.08262171198721102, scale_lr: 0.52476682851058087, EAO: 0.262
Trial 911 finished with value: 0.26211573262282506 and parameters: {'window_influence': 0.21776249641548542, 'penalty_k': 0.08262171198721102, 'scale_lr': 0.5247668285105809}. Best is trial 104 with value: 0.27492820641131904.
checkpoint_e22 window_influence: 0.35611938456561010, penalty_k: 0.26353660719616012, scale_lr: 0.73944708263988290, EAO: 0.255
Trial 912 finished with value: 0.2553136772741147 and parameters: {'window_influence': 0.3561193845656101, 'penalty_k': 0.2635366071961601, 'scale_lr': 0.7394470826398829}. Best is trial 104 with value: 0.27492820641131904.
checkpoint_e22 window_influence: 0.37615757818765028, penalty_k: 0.04139197766750007, scale_lr: 0.74616806099965161, EAO: 0.255
Trial 913 finished with value: 0.2554846009224411 and parameters: {'window_influence': 0.3761575781876503, 'penalty_k': 0.041391977667500066, 'scale_lr': 0.7461680609996516}. Best is trial 104 with value: 0.27492820641131904.
checkpoint_e22 window_influence: 0.33764260196910223, penalty_k: 0.05891634626466363, scale_lr: 0.63699954224176247, EAO: 0.258
Trial 914 finished with value: 0.25767727832241755 and parameters: {'window_influence': 0.33764260196910223, 'penalty_k': 0.058916346264663626, 'scale_lr': 0.6369995422417625}. Best is trial 104 with value: 0.27492820641131904.
checkpoint_e22 window_influence: 0.18027088974013639, penalty_k: 0.02231953260552271, scale_lr: 0.65692675972831804, EAO: 0.253
Trial 915 finished with value: 0.25338718392015475 and parameters: {'window_influence': 0.1802708897401364, 'penalty_k': 0.02231953260552271, 'scale_lr': 0.656926759728318}. Best is trial 104 with value: 0.27492820641131904.
checkpoint_e22 window_influence: 0.20051506369541952, penalty_k: 0.20584076968276352, scale_lr: 0.49464850793235476, EAO: 0.251
Trial 916 finished with value: 0.25115689526243906 and parameters: {'window_influence': 0.20051506369541952, 'penalty_k': 0.20584076968276352, 'scale_lr': 0.49464850793235476}. Best is trial 104 with value: 0.27492820641131904.
checkpoint_e22 window_influence: 0.32140059359661022, penalty_k: 0.14251658375927148, scale_lr: 0.79291697194459365, EAO: 0.268
Trial 917 finished with value: 0.26783327449385713 and parameters: {'window_influence': 0.3214005935966102, 'penalty_k': 0.14251658375927148, 'scale_lr': 0.7929169719445937}. Best is trial 104 with value: 0.27492820641131904.
checkpoint_e22 window_influence: 0.38961284626569065, penalty_k: 0.32071357697380981, scale_lr: 0.58714481752369041, EAO: 0.242
Trial 918 finished with value: 0.24212457603070794 and parameters: {'window_influence': 0.38961284626569065, 'penalty_k': 0.3207135769738098, 'scale_lr': 0.5871448175236904}. Best is trial 104 with value: 0.27492820641131904.
checkpoint_e22 window_influence: 0.36894672181095950, penalty_k: 0.17017457034651767, scale_lr: 0.72933243535984316, EAO: 0.257
Trial 919 finished with value: 0.25720104351034007 and parameters: {'window_influence': 0.3689467218109595, 'penalty_k': 0.17017457034651767, 'scale_lr': 0.7293324353598432}. Best is trial 104 with value: 0.27492820641131904.
checkpoint_e22 window_influence: 0.63947295190406694, penalty_k: 0.23646194818910476, scale_lr: 0.55001126398066824, EAO: 0.205
Trial 920 finished with value: 0.20493484639782247 and parameters: {'window_influence': 0.6394729519040669, 'penalty_k': 0.23646194818910476, 'scale_lr': 0.5500112639806682}. Best is trial 104 with value: 0.27492820641131904.
checkpoint_e22 window_influence: 0.39876586835341082, penalty_k: 0.18316106403477217, scale_lr: 0.68097546707228696, EAO: 0.250
Trial 921 finished with value: 0.2497286195071732 and parameters: {'window_influence': 0.3987658683534108, 'penalty_k': 0.18316106403477217, 'scale_lr': 0.680975467072287}. Best is trial 104 with value: 0.27492820641131904.
checkpoint_e22 window_influence: 0.59329743914759980, penalty_k: 0.21677744172306615, scale_lr: 0.66089169477058152, EAO: 0.216
Trial 922 finished with value: 0.2158595773626149 and parameters: {'window_influence': 0.5932974391475998, 'penalty_k': 0.21677744172306615, 'scale_lr': 0.6608916947705815}. Best is trial 104 with value: 0.27492820641131904.
checkpoint_e22 window_influence: 0.27372791245332817, penalty_k: 0.29830402301665471, scale_lr: 0.48526936632383044, EAO: 0.249
Trial 923 finished with value: 0.24907761866726527 and parameters: {'window_influence': 0.27372791245332817, 'penalty_k': 0.2983040230166547, 'scale_lr': 0.48526936632383044}. Best is trial 104 with value: 0.27492820641131904.
checkpoint_e22 window_influence: 0.38131936117550252, penalty_k: 0.11050341458238680, scale_lr: 0.71256738129412134, EAO: 0.247
Trial 924 finished with value: 0.24698121651885954 and parameters: {'window_influence': 0.3813193611755025, 'penalty_k': 0.1105034145823868, 'scale_lr': 0.7125673812941213}. Best is trial 104 with value: 0.27492820641131904.
checkpoint_e22 window_influence: 0.35449120142865453, penalty_k: 0.07330639933621100, scale_lr: 0.32354822005140016, EAO: 0.254
Trial 925 finished with value: 0.25369518032161203 and parameters: {'window_influence': 0.35449120142865453, 'penalty_k': 0.073306399336211, 'scale_lr': 0.32354822005140016}. Best is trial 104 with value: 0.27492820641131904.
checkpoint_e22 window_influence: 0.29718476112726150, penalty_k: 0.09303419179251374, scale_lr: 0.53467324557384432, EAO: 0.253
Trial 926 finished with value: 0.2532214069269537 and parameters: {'window_influence': 0.2971847611272615, 'penalty_k': 0.09303419179251374, 'scale_lr': 0.5346732455738443}. Best is trial 104 with value: 0.27492820641131904.
checkpoint_e22 window_influence: 0.19008231773966952, penalty_k: 0.19561625905418129, scale_lr: 0.34967546019038931, EAO: 0.235
Trial 927 finished with value: 0.23546837355063213 and parameters: {'window_influence': 0.19008231773966952, 'penalty_k': 0.19561625905418129, 'scale_lr': 0.3496754601903893}. Best is trial 104 with value: 0.27492820641131904.
checkpoint_e22 window_influence: 0.40491406886653086, penalty_k: 0.12373443355611746, scale_lr: 0.63153749452486418, EAO: 0.260
Trial 928 finished with value: 0.2596828812748436 and parameters: {'window_influence': 0.40491406886653086, 'penalty_k': 0.12373443355611746, 'scale_lr': 0.6315374945248642}. Best is trial 104 with value: 0.27492820641131904.
checkpoint_e22 window_influence: 0.36877690759165443, penalty_k: 0.33569686968093004, scale_lr: 0.37297160791458916, EAO: 0.242
Trial 929 finished with value: 0.24169552326202393 and parameters: {'window_influence': 0.36877690759165443, 'penalty_k': 0.33569686968093004, 'scale_lr': 0.37297160791458916}. Best is trial 104 with value: 0.27492820641131904.
checkpoint_e22 window_influence: 0.30893894029647512, penalty_k: 0.20694852601824015, scale_lr: 0.77511922314141890, EAO: 0.260
