Trial 1663 finished with value: 0.23317870400785431 and parameters: {'window_influence': 0.13518152750238502, 'penalty_k': 0.47602307078552797, 'scale_lr': 0.10067938345128023}. Best is trial 1594 with value: 0.29992623191054274.
checkpoint_e32 window_influence: 0.44292795836308441, penalty_k: 0.09888645103925423, scale_lr: 0.12622843690128557, EAO: 0.264
Trial 1664 finished with value: 0.26431655175075297 and parameters: {'window_influence': 0.4429279583630844, 'penalty_k': 0.09888645103925423, 'scale_lr': 0.12622843690128557}. Best is trial 1594 with value: 0.29992623191054274.
checkpoint_e32 window_influence: 0.36475016183645176, penalty_k: 0.28460017467134052, scale_lr: 0.19187367452330747, EAO: 0.260
Trial 1665 finished with value: 0.2599418451630972 and parameters: {'window_influence': 0.36475016183645176, 'penalty_k': 0.2846001746713405, 'scale_lr': 0.19187367452330747}. Best is trial 1594 with value: 0.29992623191054274.
checkpoint_e32 window_influence: 0.53380445939994259, penalty_k: 0.32790087265275492, scale_lr: 0.14921830460846014, EAO: 0.242
Trial 1666 finished with value: 0.24216296226997686 and parameters: {'window_influence': 0.5338044593999426, 'penalty_k': 0.3279008726527549, 'scale_lr': 0.14921830460846014}. Best is trial 1594 with value: 0.29992623191054274.
checkpoint_e32 window_influence: 0.41628572024210186, penalty_k: 0.15318292524639465, scale_lr: 0.40736770227100211, EAO: 0.266
Trial 1667 finished with value: 0.2656332494887879 and parameters: {'window_influence': 0.41628572024210186, 'penalty_k': 0.15318292524639465, 'scale_lr': 0.4073677022710021}. Best is trial 1594 with value: 0.29992623191054274.
checkpoint_e32 window_influence: 0.40931973884738210, penalty_k: 0.12945214641931285, scale_lr: 0.28805721776768389, EAO: 0.271
Trial 1668 finished with value: 0.27142844252227766 and parameters: {'window_influence': 0.4093197388473821, 'penalty_k': 0.12945214641931285, 'scale_lr': 0.2880572177676839}. Best is trial 1594 with value: 0.29992623191054274.
checkpoint_e32 window_influence: 0.42918675501504594, penalty_k: 0.11275095847400224, scale_lr: 0.59761282728453546, EAO: 0.254
Trial 1669 finished with value: 0.2544700617228097 and parameters: {'window_influence': 0.42918675501504594, 'penalty_k': 0.11275095847400224, 'scale_lr': 0.5976128272845355}. Best is trial 1594 with value: 0.29992623191054274.
checkpoint_e32 window_influence: 0.39587290947635556, penalty_k: 0.25585298537184847, scale_lr: 0.61634125460082179, EAO: 0.274
Trial 1670 finished with value: 0.2740903862608158 and parameters: {'window_influence': 0.39587290947635556, 'penalty_k': 0.2558529853718485, 'scale_lr': 0.6163412546008218}. Best is trial 1594 with value: 0.29992623191054274.
checkpoint_e32 window_influence: 0.59496811238143987, penalty_k: 0.35750352727643120, scale_lr: 0.44977737372934767, EAO: 0.217
Trial 1671 finished with value: 0.21726961573207282 and parameters: {'window_influence': 0.5949681123814399, 'penalty_k': 0.3575035272764312, 'scale_lr': 0.4497773737293477}. Best is trial 1594 with value: 0.29992623191054274.
checkpoint_e32 window_influence: 0.42292828993561521, penalty_k: 0.16829444149849623, scale_lr: 0.16403651632745378, EAO: 0.289
Trial 1672 finished with value: 0.28919222514803816 and parameters: {'window_influence': 0.4229282899356152, 'penalty_k': 0.16829444149849623, 'scale_lr': 0.16403651632745378}. Best is trial 1594 with value: 0.29992623191054274.
checkpoint_e32 window_influence: 0.46415491935629838, penalty_k: 0.16157251874664297, scale_lr: 0.17554117806462963, EAO: 0.260
Trial 1673 finished with value: 0.2602060162803022 and parameters: {'window_influence': 0.4641549193562984, 'penalty_k': 0.16157251874664297, 'scale_lr': 0.17554117806462963}. Best is trial 1594 with value: 0.29992623191054274.
checkpoint_e32 window_influence: 0.11258959459693263, penalty_k: 0.06616887687347527, scale_lr: 0.19298005434399132, EAO: 0.242
Trial 1674 finished with value: 0.2420198537591027 and parameters: {'window_influence': 0.11258959459693263, 'penalty_k': 0.06616887687347527, 'scale_lr': 0.19298005434399132}. Best is trial 1594 with value: 0.29992623191054274.
checkpoint_e32 window_influence: 0.14743479325328779, penalty_k: 0.08664685233538981, scale_lr: 0.17747199318458648, EAO: 0.252
Trial 1675 finished with value: 0.2523865649491791 and parameters: {'window_influence': 0.1474347932532878, 'penalty_k': 0.08664685233538981, 'scale_lr': 0.17747199318458648}. Best is trial 1594 with value: 0.29992623191054274.
checkpoint_e32 window_influence: 0.48025853720586170, penalty_k: 0.50594249831216731, scale_lr: 0.21934177784088135, EAO: 0.241
Trial 1676 finished with value: 0.24148015574953421 and parameters: {'window_influence': 0.4802585372058617, 'penalty_k': 0.5059424983121673, 'scale_lr': 0.21934177784088135}. Best is trial 1594 with value: 0.29992623191054274.
checkpoint_e32 window_influence: 0.44196250059561948, penalty_k: 0.14060724253402859, scale_lr: 0.55748057161061837, EAO: 0.272
Trial 1677 finished with value: 0.27222190948763514 and parameters: {'window_influence': 0.4419625005956195, 'penalty_k': 0.1406072425340286, 'scale_lr': 0.5574805716106184}. Best is trial 1594 with value: 0.29992623191054274.
checkpoint_e32 window_influence: 0.45415128293650081, penalty_k: 0.42219444134916084, scale_lr: 0.71750480896273572, EAO: 0.256
Trial 1678 finished with value: 0.25630874295787115 and parameters: {'window_influence': 0.4541512829365008, 'penalty_k': 0.42219444134916084, 'scale_lr': 0.7175048089627357}. Best is trial 1594 with value: 0.29992623191054274.
checkpoint_e32 window_influence: 0.17188794828650902, penalty_k: 0.06165915644673697, scale_lr: 0.31155586289250342, EAO: 0.266
Trial 1679 finished with value: 0.2658097326634376 and parameters: {'window_influence': 0.17188794828650902, 'penalty_k': 0.061659156446736973, 'scale_lr': 0.3115558628925034}. Best is trial 1594 with value: 0.29992623191054274.
checkpoint_e32 window_influence: 0.26991297342011789, penalty_k: 0.04814180282691852, scale_lr: 0.16456255280917165, EAO: 0.263
Trial 1680 finished with value: 0.26289613005833895 and parameters: {'window_influence': 0.2699129734201179, 'penalty_k': 0.04814180282691852, 'scale_lr': 0.16456255280917165}. Best is trial 1594 with value: 0.29992623191054274.
checkpoint_e32 window_influence: 0.43124013022535257, penalty_k: 0.55004470871865963, scale_lr: 0.48134440276570134, EAO: 0.253
Trial 1681 finished with value: 0.25306331566194207 and parameters: {'window_influence': 0.43124013022535257, 'penalty_k': 0.5500447087186596, 'scale_lr': 0.48134440276570134}. Best is trial 1594 with value: 0.29992623191054274.
checkpoint_e32 window_influence: 0.05999401144502736, penalty_k: 0.14912741804171853, scale_lr: 0.73926006020594892, EAO: 0.240
Trial 1682 finished with value: 0.24042972225726136 and parameters: {'window_influence': 0.05999401144502736, 'penalty_k': 0.14912741804171853, 'scale_lr': 0.7392600602059489}. Best is trial 1594 with value: 0.29992623191054274.
checkpoint_e32 window_influence: 0.42592023358294906, penalty_k: 0.12657851191117164, scale_lr: 0.40791233860789000, EAO: 0.262
Trial 1683 finished with value: 0.26155464738849704 and parameters: {'window_influence': 0.42592023358294906, 'penalty_k': 0.12657851191117164, 'scale_lr': 0.40791233860789}. Best is trial 1594 with value: 0.29992623191054274.
checkpoint_e32 window_influence: 0.18377148724937267, penalty_k: 0.10364931699029717, scale_lr: 0.33774210909737018, EAO: 0.249
Trial 1684 finished with value: 0.24947007733389615 and parameters: {'window_influence': 0.18377148724937267, 'penalty_k': 0.10364931699029717, 'scale_lr': 0.3377421090973702}. Best is trial 1594 with value: 0.29992623191054274.
checkpoint_e32 window_influence: 0.22824979668088163, penalty_k: 0.00852193181800563, scale_lr: 0.15927293657347402, EAO: 0.258
Trial 1685 finished with value: 0.25796788276695626 and parameters: {'window_influence': 0.22824979668088163, 'penalty_k': 0.008521931818005632, 'scale_lr': 0.15927293657347402}. Best is trial 1594 with value: 0.29992623191054274.
checkpoint_e32 window_influence: 0.43793389874653582, penalty_k: 0.16845991863251739, scale_lr: 0.18220496950684423, EAO: 0.277
Trial 1686 finished with value: 0.2770404836268929 and parameters: {'window_influence': 0.4379338987465358, 'penalty_k': 0.16845991863251739, 'scale_lr': 0.18220496950684423}. Best is trial 1594 with value: 0.29992623191054274.
checkpoint_e32 window_influence: 0.35528007715337906, penalty_k: 0.37348764693508757, scale_lr: 0.64414854555677403, EAO: 0.265
Trial 1687 finished with value: 0.2650496562927719 and parameters: {'window_influence': 0.35528007715337906, 'penalty_k': 0.37348764693508757, 'scale_lr': 0.644148545556774}. Best is trial 1594 with value: 0.29992623191054274.
checkpoint_e32 window_influence: 0.37188017107476368, penalty_k: 0.14068305830066524, scale_lr: 0.27875197624578230, EAO: 0.267
Trial 1688 finished with value: 0.26732406419951743 and parameters: {'window_influence': 0.3718801710747637, 'penalty_k': 0.14068305830066524, 'scale_lr': 0.2787519762457823}. Best is trial 1594 with value: 0.29992623191054274.
checkpoint_e32 window_influence: 0.38831242674621153, penalty_k: 0.00027317174300753, scale_lr: 0.20389328137699503, EAO: 0.271
Trial 1689 finished with value: 0.2712116555227497 and parameters: {'window_influence': 0.3883124267462115, 'penalty_k': 0.00027317174300752964, 'scale_lr': 0.20389328137699503}. Best is trial 1594 with value: 0.29992623191054274.
checkpoint_e32 window_influence: 0.40543527793195405, penalty_k: 0.11540282562236570, scale_lr: 0.35672018001298744, EAO: 0.264
Trial 1690 finished with value: 0.2638886711461757 and parameters: {'window_influence': 0.40543527793195405, 'penalty_k': 0.1154028256223657, 'scale_lr': 0.35672018001298744}. Best is trial 1594 with value: 0.29992623191054274.
checkpoint_e32 window_influence: 0.41995530591711755, penalty_k: 0.15751561790024915, scale_lr: 0.12211204128491959, EAO: 0.271
Trial 1691 finished with value: 0.2707218865190095 and parameters: {'window_influence': 0.41995530591711755, 'penalty_k': 0.15751561790024915, 'scale_lr': 0.12211204128491959}. Best is trial 1594 with value: 0.29992623191054274.
checkpoint_e32 window_influence: 0.45080507918700724, penalty_k: 0.53417435302835070, scale_lr: 0.57375944147144498, EAO: 0.260
Trial 1692 finished with value: 0.26049523709750755 and parameters: {'window_influence': 0.45080507918700724, 'penalty_k': 0.5341743530283507, 'scale_lr': 0.573759441471445}. Best is trial 1594 with value: 0.29992623191054274.
checkpoint_e32 window_influence: 0.39920120502711515, penalty_k: 0.13218447909186026, scale_lr: 0.10015783781363194, EAO: 0.266
Trial 1693 finished with value: 0.26614356283249896 and parameters: {'window_influence': 0.39920120502711515, 'penalty_k': 0.13218447909186026, 'scale_lr': 0.10015783781363194}. Best is trial 1594 with value: 0.29992623191054274.
checkpoint_e32 window_influence: 0.42954158859544911, penalty_k: 0.23509359378172009, scale_lr: 0.16762941341475635, EAO: 0.260
Trial 1694 finished with value: 0.25989811909877186 and parameters: {'window_influence': 0.4295415885954491, 'penalty_k': 0.2350935937817201, 'scale_lr': 0.16762941341475635}. Best is trial 1594 with value: 0.29992623191054274.
checkpoint_e32 window_influence: 0.41248523393832209, penalty_k: 0.40776584604062438, scale_lr: 0.15358662815042806, EAO: 0.251
Trial 1695 finished with value: 0.25133675276263945 and parameters: {'window_influence': 0.4124852339383221, 'penalty_k': 0.4077658460406244, 'scale_lr': 0.15358662815042806}. Best is trial 1594 with value: 0.29992623191054274.
checkpoint_e32 window_influence: 0.37842601384276203, penalty_k: 0.56684093451014306, scale_lr: 0.33155908175800713, EAO: 0.265
Trial 1696 finished with value: 0.2646315578765016 and parameters: {'window_influence': 0.37842601384276203, 'penalty_k': 0.5668409345101431, 'scale_lr': 0.33155908175800713}. Best is trial 1594 with value: 0.29992623191054274.
checkpoint_e32 window_influence: 0.43839016314781182, penalty_k: 0.35318009611646906, scale_lr: 0.42335309969427881, EAO: 0.255
Trial 1697 finished with value: 0.254802436121111 and parameters: {'window_influence': 0.4383901631478118, 'penalty_k': 0.35318009611646906, 'scale_lr': 0.4233530996942788}. Best is trial 1594 with value: 0.29992623191054274.
checkpoint_e32 window_influence: 0.42038295825714783, penalty_k: 0.41097701006865589, scale_lr: 0.13198957881044679, EAO: 0.263
Trial 1698 finished with value: 0.26330334905201824 and parameters: {'window_influence': 0.42038295825714783, 'penalty_k': 0.4109770100686559, 'scale_lr': 0.1319895788104468}. Best is trial 1594 with value: 0.29992623191054274.
checkpoint_e32 window_influence: 0.38820925735589396, penalty_k: 0.03096686318650661, scale_lr: 0.11573369741544366, EAO: 0.274
Trial 1699 finished with value: 0.27378467494637015 and parameters: {'window_influence': 0.38820925735589396, 'penalty_k': 0.030966863186506606, 'scale_lr': 0.11573369741544366}. Best is trial 1594 with value: 0.29992623191054274.
checkpoint_e32 window_influence: 0.09137079314465590, penalty_k: 0.59012383199976348, scale_lr: 0.50019550550150060, EAO: 0.233
Trial 1700 finished with value: 0.23275722611725816 and parameters: {'window_influence': 0.0913707931446559, 'penalty_k': 0.5901238319997635, 'scale_lr': 0.5001955055015006}. Best is trial 1594 with value: 0.29992623191054274.
checkpoint_e32 window_influence: 0.40268878561425775, penalty_k: 0.17356600091191318, scale_lr: 0.59434797062199052, EAO: 0.267
Trial 1701 finished with value: 0.2669034412479013 and parameters: {'window_influence': 0.40268878561425775, 'penalty_k': 0.17356600091191318, 'scale_lr': 0.5943479706219905}. Best is trial 1594 with value: 0.29992623191054274.
checkpoint_e32 window_influence: 0.57015517284792039, penalty_k: 0.32945627765981478, scale_lr: 0.13315894779563225, EAO: 0.237
Trial 1702 finished with value: 0.23689527979226616 and parameters: {'window_influence': 0.5701551728479204, 'penalty_k': 0.3294562776598148, 'scale_lr': 0.13315894779563225}. Best is trial 1594 with value: 0.29992623191054274.
checkpoint_e32 window_influence: 0.54992333004614180, penalty_k: 0.01832591167560533, scale_lr: 0.23469929689195651, EAO: 0.247
Trial 1703 finished with value: 0.24735979590474105 and parameters: {'window_influence': 0.5499233300461418, 'penalty_k': 0.01832591167560533, 'scale_lr': 0.2346992968919565}. Best is trial 1594 with value: 0.29992623191054274.
checkpoint_e32 window_influence: 0.45951167538426702, penalty_k: 0.45670391176656544, scale_lr: 0.52374569578578800, EAO: 0.264
Trial 1704 finished with value: 0.26413621165888096 and parameters: {'window_influence': 0.459511675384267, 'penalty_k': 0.45670391176656544, 'scale_lr': 0.523745695785788}. Best is trial 1594 with value: 0.29992623191054274.
checkpoint_e32 window_influence: 0.44424117038708794, penalty_k: 0.54339932316223216, scale_lr: 0.34570061681950409, EAO: 0.253
Trial 1705 finished with value: 0.2530050248028786 and parameters: {'window_influence': 0.44424117038708794, 'penalty_k': 0.5433993231622322, 'scale_lr': 0.3457006168195041}. Best is trial 1594 with value: 0.29992623191054274.
checkpoint_e32 window_influence: 0.62359460766748009, penalty_k: 0.14819911290884358, scale_lr: 0.36844943535674934, EAO: 0.217
Trial 1706 finished with value: 0.21718440307834283 and parameters: {'window_influence': 0.6235946076674801, 'penalty_k': 0.14819911290884358, 'scale_lr': 0.36844943535674934}. Best is trial 1594 with value: 0.29992623191054274.
checkpoint_e32 window_influence: 0.06920212492568872, penalty_k: 0.57845977749859023, scale_lr: 0.10015083862528065, EAO: 0.217
Trial 1707 finished with value: 0.21720944884104457 and parameters: {'window_influence': 0.06920212492568872, 'penalty_k': 0.5784597774985902, 'scale_lr': 0.10015083862528065}. Best is trial 1594 with value: 0.29992623191054274.
checkpoint_e32 window_influence: 0.36574021881013086, penalty_k: 0.09259100982897620, scale_lr: 0.79460709955623443, EAO: 0.256
Trial 1708 finished with value: 0.255812735152923 and parameters: {'window_influence': 0.36574021881013086, 'penalty_k': 0.0925910098289762, 'scale_lr': 0.7946070995562344}. Best is trial 1594 with value: 0.29992623191054274.
checkpoint_e32 window_influence: 0.20730963303069699, penalty_k: 0.11737013268201385, scale_lr: 0.15532682885401222, EAO: 0.242
Trial 1709 finished with value: 0.24170928908799721 and parameters: {'window_influence': 0.207309633030697, 'penalty_k': 0.11737013268201385, 'scale_lr': 0.15532682885401222}. Best is trial 1594 with value: 0.29992623191054274.
checkpoint_e32 window_influence: 0.42226071385029029, penalty_k: 0.16109075766387176, scale_lr: 0.18743171491389596, EAO: 0.265
Trial 1710 finished with value: 0.26465484033512876 and parameters: {'window_influence': 0.4222607138502903, 'penalty_k': 0.16109075766387176, 'scale_lr': 0.18743171491389596}. Best is trial 1594 with value: 0.29992623191054274.
checkpoint_e32 window_influence: 0.28125140008148430, penalty_k: 0.29448401720079598, scale_lr: 0.54729864010097784, EAO: 0.269
Trial 1711 finished with value: 0.2693698174827467 and parameters: {'window_influence': 0.2812514000814843, 'penalty_k': 0.294484017200796, 'scale_lr': 0.5472986401009778}. Best is trial 1594 with value: 0.29992623191054274.
checkpoint_e32 window_influence: 0.21500270531826582, penalty_k: 0.34045804152148001, scale_lr: 0.44911779315087796, EAO: 0.255
Trial 1712 finished with value: 0.25544004057481035 and parameters: {'window_influence': 0.21500270531826582, 'penalty_k': 0.34045804152148, 'scale_lr': 0.44911779315087796}. Best is trial 1594 with value: 0.29992623191054274.
checkpoint_e32 window_influence: 0.40995445504311367, penalty_k: 0.13404557280662813, scale_lr: 0.69426975919491118, EAO: 0.260
Trial 1713 finished with value: 0.2604844896652834 and parameters: {'window_influence': 0.4099544550431137, 'penalty_k': 0.13404557280662813, 'scale_lr': 0.6942697591949112}. Best is trial 1594 with value: 0.29992623191054274.
checkpoint_e32 window_influence: 0.06800729090921298, penalty_k: 0.05855801716566372, scale_lr: 0.29026104218424920, EAO: 0.239
Trial 1714 finished with value: 0.23885400266182133 and parameters: {'window_influence': 0.06800729090921298, 'penalty_k': 0.05855801716566372, 'scale_lr': 0.2902610421842492}. Best is trial 1594 with value: 0.29992623191054274.
checkpoint_e32 window_influence: 0.39293377248603950, penalty_k: 0.26540466679589120, scale_lr: 0.30966482909870796, EAO: 0.270
Trial 1715 finished with value: 0.26958304092409163 and parameters: {'window_influence': 0.3929337724860395, 'penalty_k': 0.2654046667958912, 'scale_lr': 0.30966482909870796}. Best is trial 1594 with value: 0.29992623191054274.
checkpoint_e32 window_influence: 0.43212279595645048, penalty_k: 0.49000738454449161, scale_lr: 0.26681376324400879, EAO: 0.250
Trial 1716 finished with value: 0.2501764156348337 and parameters: {'window_influence': 0.4321227959564505, 'penalty_k': 0.4900073845444916, 'scale_lr': 0.2668137632440088}. Best is trial 1594 with value: 0.29992623191054274.
checkpoint_e32 window_influence: 0.18978335143961914, penalty_k: 0.10351172219376269, scale_lr: 0.45924294324976134, EAO: 0.267
Trial 1717 finished with value: 0.2674701768692916 and parameters: {'window_influence': 0.18978335143961914, 'penalty_k': 0.10351172219376269, 'scale_lr': 0.45924294324976134}. Best is trial 1594 with value: 0.29992623191054274.
checkpoint_e32 window_influence: 0.37914462663247989, penalty_k: 0.12436785979469721, scale_lr: 0.79910321572759435, EAO: 0.254
Trial 1718 finished with value: 0.2535021917485609 and parameters: {'window_influence': 0.3791446266324799, 'penalty_k': 0.12436785979469721, 'scale_lr': 0.7991032157275944}. Best is trial 1594 with value: 0.29992623191054274.
checkpoint_e32 window_influence: 0.26556023343920576, penalty_k: 0.14767688266304657, scale_lr: 0.21421372029834967, EAO: 0.263
Trial 1719 finished with value: 0.263098033341935 and parameters: {'window_influence': 0.26556023343920576, 'penalty_k': 0.14767688266304657, 'scale_lr': 0.21421372029834967}. Best is trial 1594 with value: 0.29992623191054274.
checkpoint_e32 window_influence: 0.47894784314097988, penalty_k: 0.18132826208986697, scale_lr: 0.62529810529295549, EAO: 0.260
Trial 1720 finished with value: 0.2601127771100378 and parameters: {'window_influence': 0.4789478431409799, 'penalty_k': 0.18132826208986697, 'scale_lr': 0.6252981052929555}. Best is trial 1594 with value: 0.29992623191054274.
checkpoint_e32 window_influence: 0.41121607483393907, penalty_k: 0.24968696655043693, scale_lr: 0.17099331517881508, EAO: 0.266
Trial 1721 finished with value: 0.2664662890923702 and parameters: {'window_influence': 0.41121607483393907, 'penalty_k': 0.24968696655043693, 'scale_lr': 0.17099331517881508}. Best is trial 1594 with value: 0.29992623191054274.
checkpoint_e32 window_influence: 0.39891914709209730, penalty_k: 0.13883922074973942, scale_lr: 0.12009517700696011, EAO: 0.269
Trial 1722 finished with value: 0.2688490630892234 and parameters: {'window_influence': 0.3989191470920973, 'penalty_k': 0.13883922074973942, 'scale_lr': 0.12009517700696011}. Best is trial 1594 with value: 0.29992623191054274.
checkpoint_e32 window_influence: 0.35567372509676365, penalty_k: 0.16460110424192806, scale_lr: 0.42388904774565195, EAO: 0.266
Trial 1723 finished with value: 0.2658579997052022 and parameters: {'window_influence': 0.35567372509676365, 'penalty_k': 0.16460110424192806, 'scale_lr': 0.42388904774565195}. Best is trial 1594 with value: 0.29992623191054274.
checkpoint_e32 window_influence: 0.45070983475773058, penalty_k: 0.15451043703917564, scale_lr: 0.66109836170835856, EAO: 0.263
