Trial 1238 finished with value: 0.22438050630858275 and parameters: {'window_influence': 0.5707738671711158, 'penalty_k': 0.10562546827283081, 'scale_lr': 0.568186167436996}. Best is trial 489 with value: 0.28065862270390113.
checkpoint_e32 window_influence: 0.40310392991441768, penalty_k: 0.20146044125618198, scale_lr: 0.64422211228737614, EAO: 0.252
Trial 1239 finished with value: 0.25156597157077093 and parameters: {'window_influence': 0.4031039299144177, 'penalty_k': 0.20146044125618198, 'scale_lr': 0.6442221122873761}. Best is trial 489 with value: 0.28065862270390113.
checkpoint_e32 window_influence: 0.34495872585856341, penalty_k: 0.17744528435199022, scale_lr: 0.26886782600682851, EAO: 0.265
Trial 1240 finished with value: 0.2646930140814161 and parameters: {'window_influence': 0.3449587258585634, 'penalty_k': 0.17744528435199022, 'scale_lr': 0.2688678260068285}. Best is trial 489 with value: 0.28065862270390113.
checkpoint_e32 window_influence: 0.38489171258734922, penalty_k: 0.32290460408603922, scale_lr: 0.74814216550116275, EAO: 0.262
Trial 1241 finished with value: 0.26152925314457437 and parameters: {'window_influence': 0.3848917125873492, 'penalty_k': 0.3229046040860392, 'scale_lr': 0.7481421655011627}. Best is trial 489 with value: 0.28065862270390113.
checkpoint_e32 window_influence: 0.41103214460440129, penalty_k: 0.12789761981508668, scale_lr: 0.46943245906010017, EAO: 0.267
Trial 1242 finished with value: 0.26742486207465815 and parameters: {'window_influence': 0.4110321446044013, 'penalty_k': 0.12789761981508668, 'scale_lr': 0.46943245906010017}. Best is trial 489 with value: 0.28065862270390113.
checkpoint_e32 window_influence: 0.35891750309634812, penalty_k: 0.37158615427462255, scale_lr: 0.76841074796164410, EAO: 0.263
Trial 1243 finished with value: 0.26323764595558974 and parameters: {'window_influence': 0.3589175030963481, 'penalty_k': 0.37158615427462255, 'scale_lr': 0.7684107479616441}. Best is trial 489 with value: 0.28065862270390113.
checkpoint_e32 window_influence: 0.43290357202345758, penalty_k: 0.12050484322021578, scale_lr: 0.24429821883749148, EAO: 0.251
Trial 1244 finished with value: 0.250866326132441 and parameters: {'window_influence': 0.4329035720234576, 'penalty_k': 0.12050484322021578, 'scale_lr': 0.24429821883749148}. Best is trial 489 with value: 0.28065862270390113.
checkpoint_e32 window_influence: 0.54862040871917761, penalty_k: 0.22251306571401752, scale_lr: 0.42507872342276298, EAO: 0.232
Trial 1245 finished with value: 0.23168932573824394 and parameters: {'window_influence': 0.5486204087191776, 'penalty_k': 0.22251306571401752, 'scale_lr': 0.425078723422763}. Best is trial 489 with value: 0.28065862270390113.
checkpoint_e32 window_influence: 0.52884778034451108, penalty_k: 0.31375208659647141, scale_lr: 0.41450705792918924, EAO: 0.242
Trial 1246 finished with value: 0.24231158627000282 and parameters: {'window_influence': 0.5288477803445111, 'penalty_k': 0.3137520865964714, 'scale_lr': 0.41450705792918924}. Best is trial 489 with value: 0.28065862270390113.
checkpoint_e32 window_influence: 0.16316771921331519, penalty_k: 0.09143844250954111, scale_lr: 0.50813185732190180, EAO: 0.248
Trial 1247 finished with value: 0.24800475704960706 and parameters: {'window_influence': 0.1631677192133152, 'penalty_k': 0.09143844250954111, 'scale_lr': 0.5081318573219018}. Best is trial 489 with value: 0.28065862270390113.
checkpoint_e32 window_influence: 0.37144001542846000, penalty_k: 0.19531251300224553, scale_lr: 0.62725216157207042, EAO: 0.253
Trial 1248 finished with value: 0.2534640756079821 and parameters: {'window_influence': 0.37144001542846, 'penalty_k': 0.19531251300224553, 'scale_lr': 0.6272521615720704}. Best is trial 489 with value: 0.28065862270390113.
checkpoint_e32 window_influence: 0.33957589081773359, penalty_k: 0.33918315802137367, scale_lr: 0.22605649056440039, EAO: 0.261
Trial 1249 finished with value: 0.2613436037568542 and parameters: {'window_influence': 0.3395758908177336, 'penalty_k': 0.33918315802137367, 'scale_lr': 0.2260564905644004}. Best is trial 489 with value: 0.28065862270390113.
checkpoint_e32 window_influence: 0.40341790527757510, penalty_k: 0.15638183537161626, scale_lr: 0.66576707707161320, EAO: 0.247
Trial 1250 finished with value: 0.24724603722977445 and parameters: {'window_influence': 0.4034179052775751, 'penalty_k': 0.15638183537161626, 'scale_lr': 0.6657670770716132}. Best is trial 489 with value: 0.28065862270390113.
checkpoint_e32 window_influence: 0.38417508982613874, penalty_k: 0.13698703558442907, scale_lr: 0.30314171465551332, EAO: 0.266
Trial 1251 finished with value: 0.2657366726335471 and parameters: {'window_influence': 0.38417508982613874, 'penalty_k': 0.13698703558442907, 'scale_lr': 0.3031417146555133}. Best is trial 489 with value: 0.28065862270390113.
checkpoint_e32 window_influence: 0.13273997843270524, penalty_k: 0.16731872660784497, scale_lr: 0.65109751613901123, EAO: 0.256
Trial 1252 finished with value: 0.255511619695803 and parameters: {'window_influence': 0.13273997843270524, 'penalty_k': 0.16731872660784497, 'scale_lr': 0.6510975161390112}. Best is trial 489 with value: 0.28065862270390113.
checkpoint_e32 window_influence: 0.58495661313235336, penalty_k: 0.49766628613728681, scale_lr: 0.45069023539664888, EAO: 0.216
Trial 1253 finished with value: 0.21618407782984944 and parameters: {'window_influence': 0.5849566131323534, 'penalty_k': 0.4976662861372868, 'scale_lr': 0.4506902353966489}. Best is trial 489 with value: 0.28065862270390113.
checkpoint_e32 window_influence: 0.58027167398340118, penalty_k: 0.10707522680554017, scale_lr: 0.26425079003014107, EAO: 0.228
Trial 1254 finished with value: 0.22788639457487478 and parameters: {'window_influence': 0.5802716739834012, 'penalty_k': 0.10707522680554017, 'scale_lr': 0.26425079003014107}. Best is trial 489 with value: 0.28065862270390113.
checkpoint_e32 window_influence: 0.42245667893701649, penalty_k: 0.21097139294991218, scale_lr: 0.49922261854017319, EAO: 0.258
Trial 1255 finished with value: 0.2579684994690786 and parameters: {'window_influence': 0.4224566789370165, 'penalty_k': 0.21097139294991218, 'scale_lr': 0.4992226185401732}. Best is trial 489 with value: 0.28065862270390113.
checkpoint_e32 window_influence: 0.18253417703670821, penalty_k: 0.31293721051395795, scale_lr: 0.61295370757345324, EAO: 0.244
Trial 1256 finished with value: 0.24391753583904205 and parameters: {'window_influence': 0.1825341770367082, 'penalty_k': 0.31293721051395795, 'scale_lr': 0.6129537075734532}. Best is trial 489 with value: 0.28065862270390113.
checkpoint_e32 window_influence: 0.60196510086726485, penalty_k: 0.01236608520432204, scale_lr: 0.78669075984859271, EAO: 0.219
Trial 1257 finished with value: 0.21876894119309215 and parameters: {'window_influence': 0.6019651008672648, 'penalty_k': 0.01236608520432204, 'scale_lr': 0.7866907598485927}. Best is trial 489 with value: 0.28065862270390113.
checkpoint_e32 window_influence: 0.57713652784181657, penalty_k: 0.54952416679099969, scale_lr: 0.53631044153729401, EAO: 0.223
Trial 1258 finished with value: 0.22254337031182234 and parameters: {'window_influence': 0.5771365278418166, 'penalty_k': 0.5495241667909997, 'scale_lr': 0.536310441537294}. Best is trial 489 with value: 0.28065862270390113.
checkpoint_e32 window_influence: 0.63615427451450590, penalty_k: 0.03498788447184686, scale_lr: 0.67654001165837829, EAO: 0.213
Trial 1259 finished with value: 0.21278400755510096 and parameters: {'window_influence': 0.6361542745145059, 'penalty_k': 0.03498788447184686, 'scale_lr': 0.6765400116583783}. Best is trial 489 with value: 0.28065862270390113.
checkpoint_e32 window_influence: 0.22810969875179563, penalty_k: 0.18023530973820012, scale_lr: 0.33203342125849666, EAO: 0.262
Trial 1260 finished with value: 0.2621426742857065 and parameters: {'window_influence': 0.22810969875179563, 'penalty_k': 0.18023530973820012, 'scale_lr': 0.33203342125849666}. Best is trial 489 with value: 0.28065862270390113.
checkpoint_e32 window_influence: 0.34213145303986775, penalty_k: 0.14655263320631615, scale_lr: 0.75860402290176432, EAO: 0.248
Trial 1261 finished with value: 0.2480935711807352 and parameters: {'window_influence': 0.34213145303986775, 'penalty_k': 0.14655263320631615, 'scale_lr': 0.7586040229017643}. Best is trial 489 with value: 0.28065862270390113.
checkpoint_e32 window_influence: 0.35070758218903086, penalty_k: 0.11822172956009259, scale_lr: 0.27742905980032878, EAO: 0.267
Trial 1262 finished with value: 0.26730432997389536 and parameters: {'window_influence': 0.35070758218903086, 'penalty_k': 0.1182217295600926, 'scale_lr': 0.2774290598003288}. Best is trial 489 with value: 0.28065862270390113.
checkpoint_e32 window_influence: 0.39373757738018578, penalty_k: 0.38804897343644867, scale_lr: 0.46448922653460917, EAO: 0.259
Trial 1263 finished with value: 0.25905352703681805 and parameters: {'window_influence': 0.3937375773801858, 'penalty_k': 0.3880489734364487, 'scale_lr': 0.46448922653460917}. Best is trial 489 with value: 0.28065862270390113.
checkpoint_e32 window_influence: 0.36680325484429055, penalty_k: 0.02529127871250514, scale_lr: 0.79958679937250754, EAO: 0.257
Trial 1264 finished with value: 0.2573685773867902 and parameters: {'window_influence': 0.36680325484429055, 'penalty_k': 0.025291278712505142, 'scale_lr': 0.7995867993725075}. Best is trial 489 with value: 0.28065862270390113.
checkpoint_e32 window_influence: 0.33286538756092215, penalty_k: 0.08396608324889032, scale_lr: 0.39481483543038454, EAO: 0.255
Trial 1265 finished with value: 0.25458682389036424 and parameters: {'window_influence': 0.33286538756092215, 'penalty_k': 0.08396608324889032, 'scale_lr': 0.39481483543038454}. Best is trial 489 with value: 0.28065862270390113.
checkpoint_e32 window_influence: 0.37888219714279830, penalty_k: 0.33107917712543194, scale_lr: 0.25067733693118310, EAO: 0.253
Trial 1266 finished with value: 0.2525874189729613 and parameters: {'window_influence': 0.3788821971427983, 'penalty_k': 0.33107917712543194, 'scale_lr': 0.2506773369311831}. Best is trial 489 with value: 0.28065862270390113.
checkpoint_e32 window_influence: 0.19397458198068510, penalty_k: 0.39415902660131302, scale_lr: 0.58486604733293479, EAO: 0.248
Trial 1267 finished with value: 0.24790902714419172 and parameters: {'window_influence': 0.1939745819806851, 'penalty_k': 0.394159026601313, 'scale_lr': 0.5848660473329348}. Best is trial 489 with value: 0.28065862270390113.
checkpoint_e32 window_influence: 0.46026216688494820, penalty_k: 0.35420023540151713, scale_lr: 0.38242263701840656, EAO: 0.245
Trial 1268 finished with value: 0.24466975178660416 and parameters: {'window_influence': 0.4602621668849482, 'penalty_k': 0.3542002354015171, 'scale_lr': 0.38242263701840656}. Best is trial 489 with value: 0.28065862270390113.
checkpoint_e32 window_influence: 0.35963741981043196, penalty_k: 0.58362606243246518, scale_lr: 0.55308415907457942, EAO: 0.250
Trial 1269 finished with value: 0.24971149468082723 and parameters: {'window_influence': 0.35963741981043196, 'penalty_k': 0.5836260624324652, 'scale_lr': 0.5530841590745794}. Best is trial 489 with value: 0.28065862270390113.
checkpoint_e32 window_influence: 0.40970723217881044, penalty_k: 0.53236461083788578, scale_lr: 0.77734548899468425, EAO: 0.254
Trial 1270 finished with value: 0.2538365540586836 and parameters: {'window_influence': 0.40970723217881044, 'penalty_k': 0.5323646108378858, 'scale_lr': 0.7773454889946843}. Best is trial 489 with value: 0.28065862270390113.
checkpoint_e32 window_influence: 0.10671053343592002, penalty_k: 0.09984474074996914, scale_lr: 0.43478713958658910, EAO: 0.241
Trial 1271 finished with value: 0.2407116190325923 and parameters: {'window_influence': 0.10671053343592002, 'penalty_k': 0.09984474074996914, 'scale_lr': 0.4347871395865891}. Best is trial 489 with value: 0.28065862270390113.
checkpoint_e32 window_influence: 0.51791853745607719, penalty_k: 0.50900424492204344, scale_lr: 0.63737625185859714, EAO: 0.240
Trial 1272 finished with value: 0.2398387096761688 and parameters: {'window_influence': 0.5179185374560772, 'penalty_k': 0.5090042449220434, 'scale_lr': 0.6373762518585971}. Best is trial 489 with value: 0.28065862270390113.
checkpoint_e32 window_influence: 0.48686587691770816, penalty_k: 0.18706534838351083, scale_lr: 0.21404497280244675, EAO: 0.250
Trial 1273 finished with value: 0.24994549343014152 and parameters: {'window_influence': 0.48686587691770816, 'penalty_k': 0.18706534838351083, 'scale_lr': 0.21404497280244675}. Best is trial 489 with value: 0.28065862270390113.
checkpoint_e32 window_influence: 0.28786593084107226, penalty_k: 0.05142143431611514, scale_lr: 0.23294947600402049, EAO: 0.252
Trial 1274 finished with value: 0.2522385900582724 and parameters: {'window_influence': 0.28786593084107226, 'penalty_k': 0.05142143431611514, 'scale_lr': 0.2329494760040205}. Best is trial 489 with value: 0.28065862270390113.
checkpoint_e32 window_influence: 0.49704833285444588, penalty_k: 0.31926818141108093, scale_lr: 0.48030227190045660, EAO: 0.242
Trial 1275 finished with value: 0.24173140622735992 and parameters: {'window_influence': 0.4970483328544459, 'penalty_k': 0.31926818141108093, 'scale_lr': 0.4803022719004566}. Best is trial 489 with value: 0.28065862270390113.
checkpoint_e32 window_influence: 0.44452948712059354, penalty_k: 0.13623346700041197, scale_lr: 0.41980773152350342, EAO: 0.253
Trial 1276 finished with value: 0.2527166151297771 and parameters: {'window_influence': 0.44452948712059354, 'penalty_k': 0.13623346700041197, 'scale_lr': 0.4198077315235034}. Best is trial 489 with value: 0.28065862270390113.
checkpoint_e32 window_influence: 0.17695851398367632, penalty_k: 0.33928884416830013, scale_lr: 0.29488956847613540, EAO: 0.233
Trial 1277 finished with value: 0.23348452520322024 and parameters: {'window_influence': 0.17695851398367632, 'penalty_k': 0.33928884416830013, 'scale_lr': 0.2948895684761354}. Best is trial 489 with value: 0.28065862270390113.
checkpoint_e32 window_influence: 0.39073928152156506, penalty_k: 0.30419124719814794, scale_lr: 0.59641332698478167, EAO: 0.258
Trial 1278 finished with value: 0.2583155080191488 and parameters: {'window_influence': 0.39073928152156506, 'penalty_k': 0.30419124719814794, 'scale_lr': 0.5964133269847817}. Best is trial 489 with value: 0.28065862270390113.
checkpoint_e32 window_influence: 0.35103891951073685, penalty_k: 0.07514476810532114, scale_lr: 0.51559670267434066, EAO: 0.267
Trial 1279 finished with value: 0.2669268034822573 and parameters: {'window_influence': 0.35103891951073685, 'penalty_k': 0.07514476810532114, 'scale_lr': 0.5155967026743407}. Best is trial 489 with value: 0.28065862270390113.
checkpoint_e32 window_influence: 0.47923281878329393, penalty_k: 0.22956004639411576, scale_lr: 0.34908443001548883, EAO: 0.245
Trial 1280 finished with value: 0.24540727773332985 and parameters: {'window_influence': 0.47923281878329393, 'penalty_k': 0.22956004639411576, 'scale_lr': 0.34908443001548883}. Best is trial 489 with value: 0.28065862270390113.
checkpoint_e32 window_influence: 0.33520696669625422, penalty_k: 0.06318909854732237, scale_lr: 0.73911998239621979, EAO: 0.248
Trial 1281 finished with value: 0.24816516302223127 and parameters: {'window_influence': 0.3352069666962542, 'penalty_k': 0.06318909854732237, 'scale_lr': 0.7391199823962198}. Best is trial 489 with value: 0.28065862270390113.
checkpoint_e32 window_influence: 0.37514053662339070, penalty_k: 0.36670365657704107, scale_lr: 0.66089923594939926, EAO: 0.252
Trial 1282 finished with value: 0.2522887750490894 and parameters: {'window_influence': 0.3751405366233907, 'penalty_k': 0.36670365657704107, 'scale_lr': 0.6608992359493993}. Best is trial 489 with value: 0.28065862270390113.
checkpoint_e32 window_influence: 0.24685851685674656, penalty_k: 0.12646972975906820, scale_lr: 0.32027708130126870, EAO: 0.254
Trial 1283 finished with value: 0.2539029189241611 and parameters: {'window_influence': 0.24685851685674656, 'penalty_k': 0.1264697297590682, 'scale_lr': 0.3202770813012687}. Best is trial 489 with value: 0.28065862270390113.
checkpoint_e32 window_influence: 0.28233224104230870, penalty_k: 0.15251086414513862, scale_lr: 0.45418891093262392, EAO: 0.262
Trial 1284 finished with value: 0.26229641907583406 and parameters: {'window_influence': 0.2823322410423087, 'penalty_k': 0.15251086414513862, 'scale_lr': 0.4541889109326239}. Best is trial 489 with value: 0.28065862270390113.
checkpoint_e32 window_influence: 0.32602422042714668, penalty_k: 0.40867064129884256, scale_lr: 0.21910125249041795, EAO: 0.254
Trial 1285 finished with value: 0.2541859434024105 and parameters: {'window_influence': 0.3260242204271467, 'penalty_k': 0.40867064129884256, 'scale_lr': 0.21910125249041795}. Best is trial 489 with value: 0.28065862270390113.
checkpoint_e32 window_influence: 0.07103056305443139, penalty_k: 0.16965918050154716, scale_lr: 0.57340931743432932, EAO: 0.236
Trial 1286 finished with value: 0.2356700538619747 and parameters: {'window_influence': 0.0710305630544314, 'penalty_k': 0.16965918050154716, 'scale_lr': 0.5734093174343293}. Best is trial 489 with value: 0.28065862270390113.
checkpoint_e32 window_influence: 0.41987652516618562, penalty_k: 0.10917394469035810, scale_lr: 0.53243421570359062, EAO: 0.270
Trial 1287 finished with value: 0.2699890907823555 and parameters: {'window_influence': 0.4198765251661856, 'penalty_k': 0.1091739446903581, 'scale_lr': 0.5324342157035906}. Best is trial 489 with value: 0.28065862270390113.
checkpoint_e32 window_influence: 0.22894405484578473, penalty_k: 0.19883353558996511, scale_lr: 0.68861032308205372, EAO: 0.251
Trial 1288 finished with value: 0.25138416843927974 and parameters: {'window_influence': 0.22894405484578473, 'penalty_k': 0.1988335355899651, 'scale_lr': 0.6886103230820537}. Best is trial 489 with value: 0.28065862270390113.
checkpoint_e32 window_influence: 0.15550273417459240, penalty_k: 0.31521442586975912, scale_lr: 0.48937782109834416, EAO: 0.235
Trial 1289 finished with value: 0.2347890423928819 and parameters: {'window_influence': 0.1555027341745924, 'penalty_k': 0.3152144258697591, 'scale_lr': 0.48937782109834416}. Best is trial 489 with value: 0.28065862270390113.
checkpoint_e32 window_influence: 0.51609754173383371, penalty_k: 0.42124232163055447, scale_lr: 0.10763330666623516, EAO: 0.232
Trial 1290 finished with value: 0.23200966363273015 and parameters: {'window_influence': 0.5160975417338337, 'penalty_k': 0.4212423216305545, 'scale_lr': 0.10763330666623516}. Best is trial 489 with value: 0.28065862270390113.
checkpoint_e32 window_influence: 0.25995880670369420, penalty_k: 0.21367928217932003, scale_lr: 0.25402297085845477, EAO: 0.254
Trial 1291 finished with value: 0.2536146121659899 and parameters: {'window_influence': 0.2599588067036942, 'penalty_k': 0.21367928217932003, 'scale_lr': 0.25402297085845477}. Best is trial 489 with value: 0.28065862270390113.
checkpoint_e32 window_influence: 0.40070483427504827, penalty_k: 0.11993359294452570, scale_lr: 0.75558657385135075, EAO: 0.258
Trial 1292 finished with value: 0.2579975627907893 and parameters: {'window_influence': 0.40070483427504827, 'penalty_k': 0.1199335929445257, 'scale_lr': 0.7555865738513508}. Best is trial 489 with value: 0.28065862270390113.
checkpoint_e32 window_influence: 0.34958697187312787, penalty_k: 0.04045238273572910, scale_lr: 0.36642493029355422, EAO: 0.252
Trial 1293 finished with value: 0.25217804809411365 and parameters: {'window_influence': 0.34958697187312787, 'penalty_k': 0.0404523827357291, 'scale_lr': 0.3664249302935542}. Best is trial 489 with value: 0.28065862270390113.
checkpoint_e32 window_influence: 0.36502464151657199, penalty_k: 0.08832165711411005, scale_lr: 0.61992731337991414, EAO: 0.251
Trial 1294 finished with value: 0.2514662428236589 and parameters: {'window_influence': 0.365024641516572, 'penalty_k': 0.08832165711411005, 'scale_lr': 0.6199273133799141}. Best is trial 489 with value: 0.28065862270390113.
checkpoint_e32 window_influence: 0.33235801713729618, penalty_k: 0.34655320614912638, scale_lr: 0.67300304273092881, EAO: 0.263
Trial 1295 finished with value: 0.2625019812608153 and parameters: {'window_influence': 0.3323580171372962, 'penalty_k': 0.3465532061491264, 'scale_lr': 0.6730030427309288}. Best is trial 489 with value: 0.28065862270390113.
checkpoint_e32 window_influence: 0.43509504809340432, penalty_k: 0.29706618502043314, scale_lr: 0.72460055570871862, EAO: 0.257
Trial 1296 finished with value: 0.2568272506681884 and parameters: {'window_influence': 0.4350950480934043, 'penalty_k': 0.29706618502043314, 'scale_lr': 0.7246005557087186}. Best is trial 489 with value: 0.28065862270390113.
checkpoint_e32 window_influence: 0.18436747790251309, penalty_k: 0.32475196048717542, scale_lr: 0.23899972582144424, EAO: 0.237
Trial 1297 finished with value: 0.23685530506498445 and parameters: {'window_influence': 0.1843674779025131, 'penalty_k': 0.3247519604871754, 'scale_lr': 0.23899972582144424}. Best is trial 489 with value: 0.28065862270390113.
checkpoint_e32 window_influence: 0.29718202688234230, penalty_k: 0.33380111719205835, scale_lr: 0.40664344209190428, EAO: 0.253
Trial 1298 finished with value: 0.2528757055600484 and parameters: {'window_influence': 0.2971820268823423, 'penalty_k': 0.33380111719205835, 'scale_lr': 0.4066434420919043}. Best is trial 489 with value: 0.28065862270390113.
checkpoint_e32 window_influence: 0.10930657675756938, penalty_k: 0.02482185105798037, scale_lr: 0.77530065376927759, EAO: 0.240
Trial 1299 finished with value: 0.2397970394874976 and parameters: {'window_influence': 0.10930657675756938, 'penalty_k': 0.024821851057980373, 'scale_lr': 0.7753006537692776}. Best is trial 489 with value: 0.28065862270390113.
checkpoint_e32 window_influence: 0.20332960099599665, penalty_k: 0.09901840341311409, scale_lr: 0.64084747002150100, EAO: 0.256
