Trial 310 finished with value: 0.26755049479443854 and parameters: {'window_influence': 0.38917738742179814, 'penalty_k': 0.4208225856356681, 'scale_lr': 0.5672671673776176}. Best is trial 104 with value: 0.27492820641131904.
checkpoint_e22 window_influence: 0.36977361317669660, penalty_k: 0.29828461276697876, scale_lr: 0.58287467762717482, EAO: 0.257
Trial 311 finished with value: 0.2574779110831943 and parameters: {'window_influence': 0.3697736131766966, 'penalty_k': 0.29828461276697876, 'scale_lr': 0.5828746776271748}. Best is trial 104 with value: 0.27492820641131904.
checkpoint_e22 window_influence: 0.23787768311893365, penalty_k: 0.35368654506170283, scale_lr: 0.38499351716339580, EAO: 0.259
Trial 312 finished with value: 0.2594069154645369 and parameters: {'window_influence': 0.23787768311893365, 'penalty_k': 0.35368654506170283, 'scale_lr': 0.3849935171633958}. Best is trial 104 with value: 0.27492820641131904.
checkpoint_e22 window_influence: 0.39131436099541433, penalty_k: 0.54436090937233605, scale_lr: 0.55797820971040146, EAO: 0.250
Trial 313 finished with value: 0.2495972195534202 and parameters: {'window_influence': 0.39131436099541433, 'penalty_k': 0.544360909372336, 'scale_lr': 0.5579782097104015}. Best is trial 104 with value: 0.27492820641131904.
checkpoint_e22 window_influence: 0.35850958907553115, penalty_k: 0.39336148361839379, scale_lr: 0.54267212701235079, EAO: 0.252
Trial 314 finished with value: 0.252113975584507 and parameters: {'window_influence': 0.35850958907553115, 'penalty_k': 0.3933614836183938, 'scale_lr': 0.5426721270123508}. Best is trial 104 with value: 0.27492820641131904.
checkpoint_e22 window_influence: 0.38332565604546220, penalty_k: 0.17101656323895292, scale_lr: 0.24028094600427163, EAO: 0.249
Trial 315 finished with value: 0.24857817475146393 and parameters: {'window_influence': 0.3833256560454622, 'penalty_k': 0.17101656323895292, 'scale_lr': 0.24028094600427163}. Best is trial 104 with value: 0.27492820641131904.
checkpoint_e22 window_influence: 0.36673160561790508, penalty_k: 0.40207177223210616, scale_lr: 0.51862578344515209, EAO: 0.263
Trial 316 finished with value: 0.26276384397008556 and parameters: {'window_influence': 0.3667316056179051, 'penalty_k': 0.40207177223210616, 'scale_lr': 0.5186257834451521}. Best is trial 104 with value: 0.27492820641131904.
checkpoint_e22 window_influence: 0.45858293558342617, penalty_k: 0.46112191943561243, scale_lr: 0.57716809350657228, EAO: 0.242
Trial 317 finished with value: 0.241833778476812 and parameters: {'window_influence': 0.45858293558342617, 'penalty_k': 0.4611219194356124, 'scale_lr': 0.5771680935065723}. Best is trial 104 with value: 0.27492820641131904.
checkpoint_e22 window_influence: 0.40110963176849979, penalty_k: 0.42981932341945334, scale_lr: 0.56245783883230649, EAO: 0.268
Trial 318 finished with value: 0.26790879430567344 and parameters: {'window_influence': 0.4011096317684998, 'penalty_k': 0.42981932341945334, 'scale_lr': 0.5624578388323065}. Best is trial 104 with value: 0.27492820641131904.
checkpoint_e22 window_influence: 0.40051366203473626, penalty_k: 0.43365895767366419, scale_lr: 0.56993663774356951, EAO: 0.264
Trial 319 finished with value: 0.2640400822690832 and parameters: {'window_influence': 0.40051366203473626, 'penalty_k': 0.4336589576736642, 'scale_lr': 0.5699366377435695}. Best is trial 104 with value: 0.27492820641131904.
checkpoint_e22 window_influence: 0.38776643558181889, penalty_k: 0.42833649461209111, scale_lr: 0.54889479131183871, EAO: 0.257
Trial 320 finished with value: 0.2573774334618716 and parameters: {'window_influence': 0.3877664355818189, 'penalty_k': 0.4283364946120911, 'scale_lr': 0.5488947913118387}. Best is trial 104 with value: 0.27492820641131904.
checkpoint_e22 window_influence: 0.37629577394890279, penalty_k: 0.41551871784568484, scale_lr: 0.53053380648408444, EAO: 0.254
Trial 321 finished with value: 0.25365322168038146 and parameters: {'window_influence': 0.3762957739489028, 'penalty_k': 0.41551871784568484, 'scale_lr': 0.5305338064840844}. Best is trial 104 with value: 0.27492820641131904.
checkpoint_e22 window_influence: 0.40097727353169027, penalty_k: 0.36427780150475386, scale_lr: 0.61993698833019251, EAO: 0.254
Trial 322 finished with value: 0.25358447287140823 and parameters: {'window_influence': 0.40097727353169027, 'penalty_k': 0.36427780150475386, 'scale_lr': 0.6199369883301925}. Best is trial 104 with value: 0.27492820641131904.
checkpoint_e22 window_influence: 0.34916166749462818, penalty_k: 0.43891066704799747, scale_lr: 0.56039223120857529, EAO: 0.262
Trial 323 finished with value: 0.2621410699879251 and parameters: {'window_influence': 0.3491616674946282, 'penalty_k': 0.43891066704799747, 'scale_lr': 0.5603922312085753}. Best is trial 104 with value: 0.27492820641131904.
checkpoint_e22 window_influence: 0.63632211603173783, penalty_k: 0.45146313025027107, scale_lr: 0.57432135337272716, EAO: 0.201
Trial 324 finished with value: 0.20089870079503797 and parameters: {'window_influence': 0.6363221160317378, 'penalty_k': 0.45146313025027107, 'scale_lr': 0.5743213533727272}. Best is trial 104 with value: 0.27492820641131904.
checkpoint_e22 window_influence: 0.38850354753423916, penalty_k: 0.15244996781990852, scale_lr: 0.54165492454842712, EAO: 0.250
Trial 325 finished with value: 0.2501260374740856 and parameters: {'window_influence': 0.38850354753423916, 'penalty_k': 0.15244996781990852, 'scale_lr': 0.5416549245484271}. Best is trial 104 with value: 0.27492820641131904.
checkpoint_e22 window_influence: 0.37472018196196949, penalty_k: 0.17419316393898027, scale_lr: 0.46717699596689094, EAO: 0.250
Trial 326 finished with value: 0.24977823304451577 and parameters: {'window_influence': 0.3747201819619695, 'penalty_k': 0.17419316393898027, 'scale_lr': 0.46717699596689094}. Best is trial 104 with value: 0.27492820641131904.
checkpoint_e22 window_influence: 0.32989507553001940, penalty_k: 0.59743423180994260, scale_lr: 0.49311192812204607, EAO: 0.252
Trial 327 finished with value: 0.2515475132722196 and parameters: {'window_influence': 0.3298950755300194, 'penalty_k': 0.5974342318099426, 'scale_lr': 0.4931119281220461}. Best is trial 104 with value: 0.27492820641131904.
checkpoint_e22 window_influence: 0.36231098967448860, penalty_k: 0.31852849289638252, scale_lr: 0.52619453219521484, EAO: 0.249
Trial 328 finished with value: 0.24928535636120697 and parameters: {'window_influence': 0.3623109896744886, 'penalty_k': 0.3185284928963825, 'scale_lr': 0.5261945321952148}. Best is trial 104 with value: 0.27492820641131904.
checkpoint_e22 window_influence: 0.40625273437240611, penalty_k: 0.26924240281426831, scale_lr: 0.55931867960614834, EAO: 0.254
Trial 329 finished with value: 0.25404280733044554 and parameters: {'window_influence': 0.4062527343724061, 'penalty_k': 0.2692424028142683, 'scale_lr': 0.5593186796061483}. Best is trial 104 with value: 0.27492820641131904.
checkpoint_e22 window_influence: 0.39089525759329563, penalty_k: 0.36917755561742571, scale_lr: 0.50430537504137030, EAO: 0.243
Trial 330 finished with value: 0.24258956095067466 and parameters: {'window_influence': 0.39089525759329563, 'penalty_k': 0.3691775556174257, 'scale_lr': 0.5043053750413703}. Best is trial 104 with value: 0.27492820641131904.
checkpoint_e22 window_influence: 0.37811254084001394, penalty_k: 0.37564242618627491, scale_lr: 0.51750355861920483, EAO: 0.254
Trial 331 finished with value: 0.25384866210018714 and parameters: {'window_influence': 0.37811254084001394, 'penalty_k': 0.3756424261862749, 'scale_lr': 0.5175035586192048}. Best is trial 104 with value: 0.27492820641131904.
checkpoint_e22 window_influence: 0.35633620835750612, penalty_k: 0.29024947598907486, scale_lr: 0.58659229878956221, EAO: 0.251
Trial 332 finished with value: 0.25088489964240934 and parameters: {'window_influence': 0.3563362083575061, 'penalty_k': 0.29024947598907486, 'scale_lr': 0.5865922987895622}. Best is trial 104 with value: 0.27492820641131904.
checkpoint_e22 window_influence: 0.34405665734960394, penalty_k: 0.41796462557840713, scale_lr: 0.15590701837123980, EAO: 0.251
Trial 333 finished with value: 0.2511512646224441 and parameters: {'window_influence': 0.34405665734960394, 'penalty_k': 0.41796462557840713, 'scale_lr': 0.1559070183712398}. Best is trial 104 with value: 0.27492820641131904.
checkpoint_e22 window_influence: 0.40237673579099609, penalty_k: 0.46971422004656471, scale_lr: 0.47882246340715146, EAO: 0.253
Trial 334 finished with value: 0.25287730579938344 and parameters: {'window_influence': 0.4023767357909961, 'penalty_k': 0.4697142200465647, 'scale_lr': 0.47882246340715146}. Best is trial 104 with value: 0.27492820641131904.
checkpoint_e22 window_influence: 0.37085661716876206, penalty_k: 0.40912609563863378, scale_lr: 0.56515839157572290, EAO: 0.263
Trial 335 finished with value: 0.2630690722688427 and parameters: {'window_influence': 0.37085661716876206, 'penalty_k': 0.4091260956386338, 'scale_lr': 0.5651583915757229}. Best is trial 104 with value: 0.27492820641131904.
checkpoint_e22 window_influence: 0.39195259269830274, penalty_k: 0.18842639083212795, scale_lr: 0.18517116840653036, EAO: 0.257
Trial 336 finished with value: 0.25666773319244385 and parameters: {'window_influence': 0.39195259269830274, 'penalty_k': 0.18842639083212795, 'scale_lr': 0.18517116840653036}. Best is trial 104 with value: 0.27492820641131904.
checkpoint_e22 window_influence: 0.41886110016621114, penalty_k: 0.39911805627885294, scale_lr: 0.59312659778622712, EAO: 0.244
Trial 337 finished with value: 0.24419486746797717 and parameters: {'window_influence': 0.41886110016621114, 'penalty_k': 0.39911805627885294, 'scale_lr': 0.5931265977862271}. Best is trial 104 with value: 0.27492820641131904.
checkpoint_e22 window_influence: 0.48477347368809909, penalty_k: 0.20060891830468552, scale_lr: 0.34577188259536784, EAO: 0.244
Trial 338 finished with value: 0.24378582520213554 and parameters: {'window_influence': 0.4847734736880991, 'penalty_k': 0.20060891830468552, 'scale_lr': 0.34577188259536784}. Best is trial 104 with value: 0.27492820641131904.
checkpoint_e22 window_influence: 0.05777025259515978, penalty_k: 0.27866852230472633, scale_lr: 0.11714538964933786, EAO: 0.208
Trial 339 finished with value: 0.20832226443581464 and parameters: {'window_influence': 0.05777025259515978, 'penalty_k': 0.27866852230472633, 'scale_lr': 0.11714538964933786}. Best is trial 104 with value: 0.27492820641131904.
checkpoint_e22 window_influence: 0.38175891657311939, penalty_k: 0.16660678141523402, scale_lr: 0.31904266530411984, EAO: 0.244
Trial 340 finished with value: 0.2440941741432601 and parameters: {'window_influence': 0.3817589165731194, 'penalty_k': 0.16660678141523402, 'scale_lr': 0.31904266530411984}. Best is trial 104 with value: 0.27492820641131904.
checkpoint_e22 window_influence: 0.52814141723692309, penalty_k: 0.18224068260771945, scale_lr: 0.33766746478684401, EAO: 0.242
Trial 341 finished with value: 0.2422849079821168 and parameters: {'window_influence': 0.5281414172369231, 'penalty_k': 0.18224068260771945, 'scale_lr': 0.337667464786844}. Best is trial 104 with value: 0.27492820641131904.
checkpoint_e22 window_influence: 0.36736433304823196, penalty_k: 0.24699374219504186, scale_lr: 0.20437387170894658, EAO: 0.244
Trial 342 finished with value: 0.2441919839721385 and parameters: {'window_influence': 0.36736433304823196, 'penalty_k': 0.24699374219504186, 'scale_lr': 0.20437387170894658}. Best is trial 104 with value: 0.27492820641131904.
checkpoint_e22 window_influence: 0.40668914132885320, penalty_k: 0.20413240372602567, scale_lr: 0.27697117412639294, EAO: 0.251
Trial 343 finished with value: 0.25101626652285336 and parameters: {'window_influence': 0.4066891413288532, 'penalty_k': 0.20413240372602567, 'scale_lr': 0.27697117412639294}. Best is trial 104 with value: 0.27492820641131904.
checkpoint_e22 window_influence: 0.59738013691058922, penalty_k: 0.10810280933000418, scale_lr: 0.15370615795660286, EAO: 0.226
Trial 344 finished with value: 0.2256808909701138 and parameters: {'window_influence': 0.5973801369105892, 'penalty_k': 0.10810280933000418, 'scale_lr': 0.15370615795660286}. Best is trial 104 with value: 0.27492820641131904.
checkpoint_e22 window_influence: 0.35484154101721022, penalty_k: 0.44517113534434405, scale_lr: 0.54663249135124581, EAO: 0.267
Trial 345 finished with value: 0.26673188121095903 and parameters: {'window_influence': 0.3548415410172102, 'penalty_k': 0.44517113534434405, 'scale_lr': 0.5466324913512458}. Best is trial 104 with value: 0.27492820641131904.
checkpoint_e22 window_influence: 0.33516885422746112, penalty_k: 0.40950940905570332, scale_lr: 0.57678150550938712, EAO: 0.259
Trial 346 finished with value: 0.2590380364317235 and parameters: {'window_influence': 0.3351688542274611, 'penalty_k': 0.4095094090557033, 'scale_lr': 0.5767815055093871}. Best is trial 104 with value: 0.27492820641131904.
checkpoint_e22 window_influence: 0.34753246842463437, penalty_k: 0.44705539457330867, scale_lr: 0.53229979212371881, EAO: 0.254
Trial 347 finished with value: 0.25429600604423663 and parameters: {'window_influence': 0.34753246842463437, 'penalty_k': 0.4470553945733087, 'scale_lr': 0.5322997921237188}. Best is trial 104 with value: 0.27492820641131904.
checkpoint_e22 window_influence: 0.31317664565554593, penalty_k: 0.42327922021021674, scale_lr: 0.54569571102193337, EAO: 0.242
Trial 348 finished with value: 0.2417372105930879 and parameters: {'window_influence': 0.3131766456555459, 'penalty_k': 0.42327922021021674, 'scale_lr': 0.5456957110219334}. Best is trial 104 with value: 0.27492820641131904.
checkpoint_e22 window_influence: 0.36043526571560219, penalty_k: 0.21558839810350247, scale_lr: 0.60874514506333410, EAO: 0.249
Trial 349 finished with value: 0.24943100061358475 and parameters: {'window_influence': 0.3604352657156022, 'penalty_k': 0.21558839810350247, 'scale_lr': 0.6087451450633341}. Best is trial 104 with value: 0.27492820641131904.
checkpoint_e22 window_influence: 0.32668148301106159, penalty_k: 0.44187690787926065, scale_lr: 0.54255497993276691, EAO: 0.255
Trial 350 finished with value: 0.25461700443572144 and parameters: {'window_influence': 0.3266814830110616, 'penalty_k': 0.44187690787926065, 'scale_lr': 0.5425549799327669}. Best is trial 104 with value: 0.27492820641131904.
checkpoint_e22 window_influence: 0.11377872625124621, penalty_k: 0.25317266252155596, scale_lr: 0.50003039653541537, EAO: 0.233
Trial 351 finished with value: 0.2332684016082345 and parameters: {'window_influence': 0.11377872625124621, 'penalty_k': 0.25317266252155596, 'scale_lr': 0.5000303965354154}. Best is trial 104 with value: 0.27492820641131904.
checkpoint_e22 window_influence: 0.35386862978352751, penalty_k: 0.30841738511804201, scale_lr: 0.38051494134106495, EAO: 0.236
Trial 352 finished with value: 0.23639386189662345 and parameters: {'window_influence': 0.3538686297835275, 'penalty_k': 0.308417385118042, 'scale_lr': 0.38051494134106495}. Best is trial 104 with value: 0.27492820641131904.
checkpoint_e22 window_influence: 0.39540484502441708, penalty_k: 0.42712265121360304, scale_lr: 0.42163961486884599, EAO: 0.251
Trial 353 finished with value: 0.2510677887414529 and parameters: {'window_influence': 0.3954048450244171, 'penalty_k': 0.42712265121360304, 'scale_lr': 0.421639614868846}. Best is trial 104 with value: 0.27492820641131904.
checkpoint_e22 window_influence: 0.41434359890673039, penalty_k: 0.32954340239446112, scale_lr: 0.12420722924008151, EAO: 0.244
Trial 354 finished with value: 0.24446987100248416 and parameters: {'window_influence': 0.4143435989067304, 'penalty_k': 0.3295434023944611, 'scale_lr': 0.12420722924008151}. Best is trial 104 with value: 0.27492820641131904.
checkpoint_e22 window_influence: 0.30721440897279678, penalty_k: 0.43200123192129902, scale_lr: 0.44714387569542408, EAO: 0.248
Trial 355 finished with value: 0.24841234312067187 and parameters: {'window_influence': 0.3072144089727968, 'penalty_k': 0.432001231921299, 'scale_lr': 0.4471438756954241}. Best is trial 104 with value: 0.27492820641131904.
checkpoint_e22 window_influence: 0.36540300089265809, penalty_k: 0.38016208419377540, scale_lr: 0.55171364888045660, EAO: 0.257
Trial 356 finished with value: 0.2565144776571088 and parameters: {'window_influence': 0.3654030008926581, 'penalty_k': 0.3801620841937754, 'scale_lr': 0.5517136488804566}. Best is trial 104 with value: 0.27492820641131904.
checkpoint_e22 window_influence: 0.38153198197679589, penalty_k: 0.45770299014077259, scale_lr: 0.56390508447654097, EAO: 0.261
Trial 357 finished with value: 0.26146489920897215 and parameters: {'window_influence': 0.3815319819767959, 'penalty_k': 0.4577029901407726, 'scale_lr': 0.563905084476541}. Best is trial 104 with value: 0.27492820641131904.
checkpoint_e22 window_influence: 0.34166279801652788, penalty_k: 0.23615691395290267, scale_lr: 0.14512399789305080, EAO: 0.263
Trial 358 finished with value: 0.26317137709962646 and parameters: {'window_influence': 0.3416627980165279, 'penalty_k': 0.23615691395290267, 'scale_lr': 0.1451239978930508}. Best is trial 104 with value: 0.27492820641131904.
checkpoint_e22 window_influence: 0.42481133097779972, penalty_k: 0.45409943936256653, scale_lr: 0.24625974330304673, EAO: 0.245
Trial 359 finished with value: 0.24494345680000337 and parameters: {'window_influence': 0.4248113309777997, 'penalty_k': 0.4540994393625665, 'scale_lr': 0.24625974330304673}. Best is trial 104 with value: 0.27492820641131904.
checkpoint_e22 window_influence: 0.54315963768318198, penalty_k: 0.47579830686838542, scale_lr: 0.21988939582841344, EAO: 0.220
Trial 360 finished with value: 0.2197935645415531 and parameters: {'window_influence': 0.543159637683182, 'penalty_k': 0.4757983068683854, 'scale_lr': 0.21988939582841344}. Best is trial 104 with value: 0.27492820641131904.
checkpoint_e22 window_influence: 0.37409167928705361, penalty_k: 0.51662691786482851, scale_lr: 0.51864454606670440, EAO: 0.251
Trial 361 finished with value: 0.2514683337715583 and parameters: {'window_influence': 0.3740916792870536, 'penalty_k': 0.5166269178648285, 'scale_lr': 0.5186445460667044}. Best is trial 104 with value: 0.27492820641131904.
checkpoint_e22 window_influence: 0.39549488723162451, penalty_k: 0.42297098311774073, scale_lr: 0.46727762202018419, EAO: 0.255
Trial 362 finished with value: 0.25495768302097555 and parameters: {'window_influence': 0.3954948872316245, 'penalty_k': 0.42297098311774073, 'scale_lr': 0.4672776220201842}. Best is trial 104 with value: 0.27492820641131904.
checkpoint_e22 window_influence: 0.35158994743945393, penalty_k: 0.38776042672672689, scale_lr: 0.40729981881469168, EAO: 0.245
Trial 363 finished with value: 0.24499424983088564 and parameters: {'window_influence': 0.35158994743945393, 'penalty_k': 0.3877604267267269, 'scale_lr': 0.4072998188146917}. Best is trial 104 with value: 0.27492820641131904.
checkpoint_e22 window_influence: 0.38571760515068992, penalty_k: 0.44289934636513539, scale_lr: 0.30092919766038217, EAO: 0.249
Trial 364 finished with value: 0.2492017720530673 and parameters: {'window_influence': 0.3857176051506899, 'penalty_k': 0.4428993463651354, 'scale_lr': 0.3009291976603822}. Best is trial 104 with value: 0.27492820641131904.
checkpoint_e22 window_influence: 0.40817868505452759, penalty_k: 0.19872805784944078, scale_lr: 0.39605504172123174, EAO: 0.244
Trial 365 finished with value: 0.24425920759274708 and parameters: {'window_influence': 0.4081786850545276, 'penalty_k': 0.19872805784944078, 'scale_lr': 0.39605504172123174}. Best is trial 104 with value: 0.27492820641131904.
checkpoint_e22 window_influence: 0.58615918766483799, penalty_k: 0.21737012733954256, scale_lr: 0.12917619075855807, EAO: 0.221
Trial 366 finished with value: 0.22134227293535946 and parameters: {'window_influence': 0.586159187664838, 'penalty_k': 0.21737012733954256, 'scale_lr': 0.12917619075855807}. Best is trial 104 with value: 0.27492820641131904.
checkpoint_e22 window_influence: 0.36575302466090892, penalty_k: 0.13548305167397343, scale_lr: 0.11719194560555213, EAO: 0.254
Trial 367 finished with value: 0.2543862093149162 and parameters: {'window_influence': 0.3657530246609089, 'penalty_k': 0.13548305167397343, 'scale_lr': 0.11719194560555213}. Best is trial 104 with value: 0.27492820641131904.
checkpoint_e22 window_influence: 0.37827417106434058, penalty_k: 0.34176603125028693, scale_lr: 0.16953494681066122, EAO: 0.249
Trial 368 finished with value: 0.2487427446294606 and parameters: {'window_influence': 0.3782741710643406, 'penalty_k': 0.34176603125028693, 'scale_lr': 0.16953494681066122}. Best is trial 104 with value: 0.27492820641131904.
checkpoint_e22 window_influence: 0.39833514741480830, penalty_k: 0.19154431168523581, scale_lr: 0.56954079143615077, EAO: 0.242
Trial 369 finished with value: 0.24208780741546213 and parameters: {'window_influence': 0.3983351474148083, 'penalty_k': 0.1915443116852358, 'scale_lr': 0.5695407914361508}. Best is trial 104 with value: 0.27492820641131904.
checkpoint_e22 window_influence: 0.42246463179999516, penalty_k: 0.22827482569171673, scale_lr: 0.14638161433018881, EAO: 0.265
Trial 370 finished with value: 0.26536294618030876 and parameters: {'window_influence': 0.42246463179999516, 'penalty_k': 0.22827482569171673, 'scale_lr': 0.14638161433018881}. Best is trial 104 with value: 0.27492820641131904.
checkpoint_e22 window_influence: 0.16727325409278840, penalty_k: 0.21060385612390975, scale_lr: 0.42216438291794112, EAO: 0.236
Trial 371 finished with value: 0.23556590952524326 and parameters: {'window_influence': 0.1672732540927884, 'penalty_k': 0.21060385612390975, 'scale_lr': 0.4221643829179411}. Best is trial 104 with value: 0.27492820641131904.
checkpoint_e22 window_influence: 0.36174556600064622, penalty_k: 0.48192380323929063, scale_lr: 0.16410213383475414, EAO: 0.257
