Trial 433 finished with value: 0.21612096577882767 and parameters: {'window_influence': 0.6002230379819324, 'penalty_k': 0.38764180299945517, 'scale_lr': 0.22198408457750318}. Best is trial 35 with value: 0.27627885390103346.
checkpoint_e32 window_influence: 0.37437587441983405, penalty_k: 0.34316610954167237, scale_lr: 0.57772052527832574, EAO: 0.262
Trial 434 finished with value: 0.26179177538166204 and parameters: {'window_influence': 0.37437587441983405, 'penalty_k': 0.34316610954167237, 'scale_lr': 0.5777205252783257}. Best is trial 35 with value: 0.27627885390103346.
checkpoint_e32 window_influence: 0.38520540399720488, penalty_k: 0.23665859302115944, scale_lr: 0.24610290318636169, EAO: 0.267
Trial 435 finished with value: 0.2670355195679316 and parameters: {'window_influence': 0.3852054039972049, 'penalty_k': 0.23665859302115944, 'scale_lr': 0.2461029031863617}. Best is trial 35 with value: 0.27627885390103346.
checkpoint_e32 window_influence: 0.30728378888984198, penalty_k: 0.07967683405438741, scale_lr: 0.33092966623948156, EAO: 0.249
Trial 436 finished with value: 0.24873561012308773 and parameters: {'window_influence': 0.307283788889842, 'penalty_k': 0.07967683405438741, 'scale_lr': 0.33092966623948156}. Best is trial 35 with value: 0.27627885390103346.
checkpoint_e32 window_influence: 0.07943970735908651, penalty_k: 0.29033340700759258, scale_lr: 0.17425544163375450, EAO: 0.218
Trial 437 finished with value: 0.21783051403557382 and parameters: {'window_influence': 0.07943970735908651, 'penalty_k': 0.2903334070075926, 'scale_lr': 0.1742554416337545}. Best is trial 35 with value: 0.27627885390103346.
checkpoint_e32 window_influence: 0.27645749682441162, penalty_k: 0.52750854655222335, scale_lr: 0.26026238737954854, EAO: 0.248
Trial 438 finished with value: 0.24780948647880943 and parameters: {'window_influence': 0.2764574968244116, 'penalty_k': 0.5275085465522233, 'scale_lr': 0.26026238737954854}. Best is trial 35 with value: 0.27627885390103346.
checkpoint_e32 window_influence: 0.47770197262241226, penalty_k: 0.09308153760145030, scale_lr: 0.19457151932007283, EAO: 0.250
Trial 439 finished with value: 0.2495211059969615 and parameters: {'window_influence': 0.47770197262241226, 'penalty_k': 0.0930815376014503, 'scale_lr': 0.19457151932007283}. Best is trial 35 with value: 0.27627885390103346.
checkpoint_e32 window_influence: 0.17700403669771780, penalty_k: 0.15429732312819477, scale_lr: 0.36143445168377880, EAO: 0.248
Trial 440 finished with value: 0.2478096535414215 and parameters: {'window_influence': 0.1770040366977178, 'penalty_k': 0.15429732312819477, 'scale_lr': 0.3614344516837788}. Best is trial 35 with value: 0.27627885390103346.
checkpoint_e32 window_influence: 0.35319569880649254, penalty_k: 0.41656678229029365, scale_lr: 0.15488294241573020, EAO: 0.258
Trial 441 finished with value: 0.25753324048790505 and parameters: {'window_influence': 0.35319569880649254, 'penalty_k': 0.41656678229029365, 'scale_lr': 0.1548829424157302}. Best is trial 35 with value: 0.27627885390103346.
checkpoint_e32 window_influence: 0.35860321654229843, penalty_k: 0.32251868042986576, scale_lr: 0.23175200424443415, EAO: 0.270
Trial 442 finished with value: 0.2697770045540197 and parameters: {'window_influence': 0.35860321654229843, 'penalty_k': 0.32251868042986576, 'scale_lr': 0.23175200424443415}. Best is trial 35 with value: 0.27627885390103346.
checkpoint_e32 window_influence: 0.36244104641324854, penalty_k: 0.32696213411802466, scale_lr: 0.22498921312225678, EAO: 0.258
Trial 443 finished with value: 0.2584368513851631 and parameters: {'window_influence': 0.36244104641324854, 'penalty_k': 0.32696213411802466, 'scale_lr': 0.22498921312225678}. Best is trial 35 with value: 0.27627885390103346.
checkpoint_e32 window_influence: 0.37276667821903731, penalty_k: 0.33857558967431889, scale_lr: 0.23474680160853928, EAO: 0.255
Trial 444 finished with value: 0.2549845753767626 and parameters: {'window_influence': 0.3727666782190373, 'penalty_k': 0.3385755896743189, 'scale_lr': 0.23474680160853928}. Best is trial 35 with value: 0.27627885390103346.
checkpoint_e32 window_influence: 0.39443186004882319, penalty_k: 0.30496495252341116, scale_lr: 0.20727969614229338, EAO: 0.257
Trial 445 finished with value: 0.256848961599474 and parameters: {'window_influence': 0.3944318600488232, 'penalty_k': 0.30496495252341116, 'scale_lr': 0.20727969614229338}. Best is trial 35 with value: 0.27627885390103346.
checkpoint_e32 window_influence: 0.25364032721298713, penalty_k: 0.31505065658231546, scale_lr: 0.21270257242041968, EAO: 0.252
Trial 446 finished with value: 0.25164438384335214 and parameters: {'window_influence': 0.2536403272129871, 'penalty_k': 0.31505065658231546, 'scale_lr': 0.21270257242041968}. Best is trial 35 with value: 0.27627885390103346.
checkpoint_e32 window_influence: 0.36109013167568377, penalty_k: 0.32269039759825069, scale_lr: 0.18878835376358524, EAO: 0.265
Trial 447 finished with value: 0.2650506327428469 and parameters: {'window_influence': 0.36109013167568377, 'penalty_k': 0.3226903975982507, 'scale_lr': 0.18878835376358524}. Best is trial 35 with value: 0.27627885390103346.
checkpoint_e32 window_influence: 0.53860592661300255, penalty_k: 0.12947516704507234, scale_lr: 0.16864653558572312, EAO: 0.235
Trial 448 finished with value: 0.23535511818358568 and parameters: {'window_influence': 0.5386059266130026, 'penalty_k': 0.12947516704507234, 'scale_lr': 0.16864653558572312}. Best is trial 35 with value: 0.27627885390103346.
checkpoint_e32 window_influence: 0.40199759773858029, penalty_k: 0.11830324353325289, scale_lr: 0.41013565165121585, EAO: 0.256
Trial 449 finished with value: 0.2558976955166677 and parameters: {'window_influence': 0.4019975977385803, 'penalty_k': 0.11830324353325289, 'scale_lr': 0.41013565165121585}. Best is trial 35 with value: 0.27627885390103346.
checkpoint_e32 window_influence: 0.38203820508654562, penalty_k: 0.10362284683100818, scale_lr: 0.13319158493580030, EAO: 0.265
Trial 450 finished with value: 0.2646043423593529 and parameters: {'window_influence': 0.3820382050865456, 'penalty_k': 0.10362284683100818, 'scale_lr': 0.1331915849358003}. Best is trial 35 with value: 0.27627885390103346.
checkpoint_e32 window_influence: 0.34497796531088287, penalty_k: 0.14544933154561288, scale_lr: 0.23880680429903184, EAO: 0.261
Trial 451 finished with value: 0.26070610373243086 and parameters: {'window_influence': 0.3449779653108829, 'penalty_k': 0.14544933154561288, 'scale_lr': 0.23880680429903184}. Best is trial 35 with value: 0.27627885390103346.
checkpoint_e32 window_influence: 0.37087871700924224, penalty_k: 0.25720087066152314, scale_lr: 0.21994352468785833, EAO: 0.262
Trial 452 finished with value: 0.26234244755128533 and parameters: {'window_influence': 0.37087871700924224, 'penalty_k': 0.25720087066152314, 'scale_lr': 0.21994352468785833}. Best is trial 35 with value: 0.27627885390103346.
checkpoint_e32 window_influence: 0.35333634520295365, penalty_k: 0.46916384225998553, scale_lr: 0.19762156846779652, EAO: 0.246
Trial 453 finished with value: 0.24614582398558052 and parameters: {'window_influence': 0.35333634520295365, 'penalty_k': 0.46916384225998553, 'scale_lr': 0.19762156846779652}. Best is trial 35 with value: 0.27627885390103346.
checkpoint_e32 window_influence: 0.29723614788200386, penalty_k: 0.04147265465547873, scale_lr: 0.14741390591551914, EAO: 0.259
Trial 454 finished with value: 0.2593026812362477 and parameters: {'window_influence': 0.29723614788200386, 'penalty_k': 0.04147265465547873, 'scale_lr': 0.14741390591551914}. Best is trial 35 with value: 0.27627885390103346.
checkpoint_e32 window_influence: 0.38456543807189669, penalty_k: 0.57560980832761144, scale_lr: 0.24696168965183216, EAO: 0.252
Trial 455 finished with value: 0.2515356956822116 and parameters: {'window_influence': 0.3845654380718967, 'penalty_k': 0.5756098083276114, 'scale_lr': 0.24696168965183216}. Best is trial 35 with value: 0.27627885390103346.
checkpoint_e32 window_influence: 0.44906320079571121, penalty_k: 0.16296502556064646, scale_lr: 0.22840546996995822, EAO: 0.253
Trial 456 finished with value: 0.25265594886812737 and parameters: {'window_influence': 0.4490632007957112, 'penalty_k': 0.16296502556064646, 'scale_lr': 0.22840546996995822}. Best is trial 35 with value: 0.27627885390103346.
checkpoint_e32 window_influence: 0.20667589777028506, penalty_k: 0.34939401669443237, scale_lr: 0.18388748299908644, EAO: 0.246
Trial 457 finished with value: 0.2461370888764296 and parameters: {'window_influence': 0.20667589777028506, 'penalty_k': 0.3493940166944324, 'scale_lr': 0.18388748299908644}. Best is trial 35 with value: 0.27627885390103346.
checkpoint_e32 window_influence: 0.41488870345431461, penalty_k: 0.24527008273135648, scale_lr: 0.39185996296145387, EAO: 0.261
Trial 458 finished with value: 0.26053615162769955 and parameters: {'window_influence': 0.4148887034543146, 'penalty_k': 0.24527008273135648, 'scale_lr': 0.39185996296145387}. Best is trial 35 with value: 0.27627885390103346.
checkpoint_e32 window_influence: 0.36324279664019232, penalty_k: 0.22957599578754564, scale_lr: 0.16389487192093799, EAO: 0.267
Trial 459 finished with value: 0.2671839575457379 and parameters: {'window_influence': 0.3632427966401923, 'penalty_k': 0.22957599578754564, 'scale_lr': 0.163894871920938}. Best is trial 35 with value: 0.27627885390103346.
checkpoint_e32 window_influence: 0.34014436021583433, penalty_k: 0.27100439968320450, scale_lr: 0.79406766094933201, EAO: 0.278
Trial 460 finished with value: 0.2784136921409669 and parameters: {'window_influence': 0.34014436021583433, 'penalty_k': 0.2710043996832045, 'scale_lr': 0.794067660949332}. Best is trial 460 with value: 0.2784136921409669.
checkpoint_e32 window_influence: 0.34626959159321691, penalty_k: 0.26755355061478908, scale_lr: 0.63654548441124403, EAO: 0.270
Trial 461 finished with value: 0.2696338454640009 and parameters: {'window_influence': 0.3462695915932169, 'penalty_k': 0.2675535506147891, 'scale_lr': 0.636545484411244}. Best is trial 460 with value: 0.2784136921409669.
checkpoint_e32 window_influence: 0.33907240191400706, penalty_k: 0.27432398177662709, scale_lr: 0.78590176705668058, EAO: 0.261
Trial 462 finished with value: 0.260744780544343 and parameters: {'window_influence': 0.33907240191400706, 'penalty_k': 0.2743239817766271, 'scale_lr': 0.7859017670566806}. Best is trial 460 with value: 0.2784136921409669.
checkpoint_e32 window_influence: 0.33830453924202719, penalty_k: 0.28120217262945962, scale_lr: 0.62261243618641005, EAO: 0.269
Trial 463 finished with value: 0.26860863945590774 and parameters: {'window_influence': 0.3383045392420272, 'penalty_k': 0.2812021726294596, 'scale_lr': 0.62261243618641}. Best is trial 460 with value: 0.2784136921409669.
checkpoint_e32 window_influence: 0.35303028471779002, penalty_k: 0.26678880540845168, scale_lr: 0.79870409353885130, EAO: 0.264
Trial 464 finished with value: 0.2635667367679317 and parameters: {'window_influence': 0.35303028471779, 'penalty_k': 0.2667888054084517, 'scale_lr': 0.7987040935388513}. Best is trial 460 with value: 0.2784136921409669.
checkpoint_e32 window_influence: 0.63643043824147383, penalty_k: 0.29166339584863327, scale_lr: 0.73352605769398205, EAO: 0.204
Trial 465 finished with value: 0.2044709385410557 and parameters: {'window_influence': 0.6364304382414738, 'penalty_k': 0.29166339584863327, 'scale_lr': 0.733526057693982}. Best is trial 460 with value: 0.2784136921409669.
checkpoint_e32 window_influence: 0.32916572628043800, penalty_k: 0.26072018939558367, scale_lr: 0.70625857761974287, EAO: 0.261
Trial 466 finished with value: 0.2605898901820183 and parameters: {'window_influence': 0.329165726280438, 'penalty_k': 0.26072018939558367, 'scale_lr': 0.7062585776197429}. Best is trial 460 with value: 0.2784136921409669.
checkpoint_e32 window_influence: 0.23981294856440533, penalty_k: 0.26868936468235638, scale_lr: 0.63612136617460990, EAO: 0.265
Trial 467 finished with value: 0.2651939069231351 and parameters: {'window_influence': 0.23981294856440533, 'penalty_k': 0.2686893646823564, 'scale_lr': 0.6361213661746099}. Best is trial 460 with value: 0.2784136921409669.
checkpoint_e32 window_influence: 0.34439437634921771, penalty_k: 0.25040688548154838, scale_lr: 0.67307201041377640, EAO: 0.261
Trial 468 finished with value: 0.2610320608790328 and parameters: {'window_influence': 0.3443943763492177, 'penalty_k': 0.2504068854815484, 'scale_lr': 0.6730720104137764}. Best is trial 460 with value: 0.2784136921409669.
checkpoint_e32 window_influence: 0.36969250917793794, penalty_k: 0.28784421852483594, scale_lr: 0.58666417385239877, EAO: 0.258
Trial 469 finished with value: 0.25813511056386357 and parameters: {'window_influence': 0.36969250917793794, 'penalty_k': 0.28784421852483594, 'scale_lr': 0.5866641738523988}. Best is trial 460 with value: 0.2784136921409669.
checkpoint_e32 window_influence: 0.40173167063388721, penalty_k: 0.27919061393476419, scale_lr: 0.30649874669420951, EAO: 0.262
Trial 470 finished with value: 0.26192201340828486 and parameters: {'window_influence': 0.4017316706338872, 'penalty_k': 0.2791906139347642, 'scale_lr': 0.3064987466942095}. Best is trial 460 with value: 0.2784136921409669.
checkpoint_e32 window_influence: 0.26937954207343295, penalty_k: 0.24196651799029353, scale_lr: 0.64332106266742217, EAO: 0.262
Trial 471 finished with value: 0.26163915381198977 and parameters: {'window_influence': 0.26937954207343295, 'penalty_k': 0.24196651799029353, 'scale_lr': 0.6433210626674222}. Best is trial 460 with value: 0.2784136921409669.
checkpoint_e32 window_influence: 0.32175996408749941, penalty_k: 0.21345362842592092, scale_lr: 0.62185208896025768, EAO: 0.263
Trial 472 finished with value: 0.26288865997297006 and parameters: {'window_influence': 0.3217599640874994, 'penalty_k': 0.21345362842592092, 'scale_lr': 0.6218520889602577}. Best is trial 460 with value: 0.2784136921409669.
checkpoint_e32 window_influence: 0.52931178957578651, penalty_k: 0.11463493804184240, scale_lr: 0.74549509646505940, EAO: 0.231
Trial 473 finished with value: 0.23134747747240997 and parameters: {'window_influence': 0.5293117895757865, 'penalty_k': 0.1146349380418424, 'scale_lr': 0.7454950964650594}. Best is trial 460 with value: 0.2784136921409669.
checkpoint_e32 window_influence: 0.46465074686866803, penalty_k: 0.30036632891933929, scale_lr: 0.77405888421217617, EAO: 0.253
Trial 474 finished with value: 0.25297094996624847 and parameters: {'window_influence': 0.46465074686866803, 'penalty_k': 0.3003663289193393, 'scale_lr': 0.7740588842121762}. Best is trial 460 with value: 0.2784136921409669.
checkpoint_e32 window_influence: 0.35451954726126667, penalty_k: 0.01784572235492057, scale_lr: 0.74711468464300623, EAO: 0.256
Trial 475 finished with value: 0.25611751508422015 and parameters: {'window_influence': 0.35451954726126667, 'penalty_k': 0.017845722354920573, 'scale_lr': 0.7471146846430062}. Best is trial 460 with value: 0.2784136921409669.
checkpoint_e32 window_influence: 0.38593487330236781, penalty_k: 0.25449376831913195, scale_lr: 0.45010258024919741, EAO: 0.267
Trial 476 finished with value: 0.2673018366340699 and parameters: {'window_influence': 0.3859348733023678, 'penalty_k': 0.25449376831913195, 'scale_lr': 0.4501025802491974}. Best is trial 460 with value: 0.2784136921409669.
checkpoint_e32 window_influence: 0.37403308341051578, penalty_k: 0.17954934068304410, scale_lr: 0.76154264677674743, EAO: 0.261
Trial 477 finished with value: 0.2612095838639794 and parameters: {'window_influence': 0.3740330834105158, 'penalty_k': 0.1795493406830441, 'scale_lr': 0.7615426467767474}. Best is trial 460 with value: 0.2784136921409669.
checkpoint_e32 window_influence: 0.42579331914838314, penalty_k: 0.27442547414686508, scale_lr: 0.55291859817169753, EAO: 0.260
Trial 478 finished with value: 0.26001449837917234 and parameters: {'window_influence': 0.42579331914838314, 'penalty_k': 0.2744254741468651, 'scale_lr': 0.5529185981716975}. Best is trial 460 with value: 0.2784136921409669.
checkpoint_e32 window_influence: 0.27953815369405832, penalty_k: 0.23096433079796741, scale_lr: 0.68559496555188160, EAO: 0.267
Trial 479 finished with value: 0.26701317212688247 and parameters: {'window_influence': 0.2795381536940583, 'penalty_k': 0.2309643307979674, 'scale_lr': 0.6855949655518816}. Best is trial 460 with value: 0.2784136921409669.
checkpoint_e32 window_influence: 0.17793860012445431, penalty_k: 0.45560820325610896, scale_lr: 0.66166953870379497, EAO: 0.236
Trial 480 finished with value: 0.23564591694895815 and parameters: {'window_influence': 0.1779386001244543, 'penalty_k': 0.45560820325610896, 'scale_lr': 0.661669538703795}. Best is trial 460 with value: 0.2784136921409669.
checkpoint_e32 window_influence: 0.33599349511540100, penalty_k: 0.31129325736320745, scale_lr: 0.65387312090394956, EAO: 0.279
Trial 481 finished with value: 0.2789919194046075 and parameters: {'window_influence': 0.335993495115401, 'penalty_k': 0.31129325736320745, 'scale_lr': 0.6538731209039496}. Best is trial 481 with value: 0.2789919194046075.
checkpoint_e32 window_influence: 0.31072391966259644, penalty_k: 0.30947690378409420, scale_lr: 0.75795815450233817, EAO: 0.250
Trial 482 finished with value: 0.2499844302854887 and parameters: {'window_influence': 0.31072391966259644, 'penalty_k': 0.3094769037840942, 'scale_lr': 0.7579581545023382}. Best is trial 481 with value: 0.2789919194046075.
checkpoint_e32 window_influence: 0.33007707005122616, penalty_k: 0.09190892541163473, scale_lr: 0.70543188568747417, EAO: 0.252
Trial 483 finished with value: 0.2515385272662814 and parameters: {'window_influence': 0.33007707005122616, 'penalty_k': 0.09190892541163473, 'scale_lr': 0.7054318856874742}. Best is trial 481 with value: 0.2789919194046075.
checkpoint_e32 window_influence: 0.28912774306723232, penalty_k: 0.30991160195956696, scale_lr: 0.54921549746750375, EAO: 0.269
Trial 484 finished with value: 0.2689321881266144 and parameters: {'window_influence': 0.2891277430672323, 'penalty_k': 0.30991160195956696, 'scale_lr': 0.5492154974675038}. Best is trial 481 with value: 0.2789919194046075.
checkpoint_e32 window_influence: 0.64675240110494159, penalty_k: 0.32362061360707223, scale_lr: 0.76723690382667065, EAO: 0.192
Trial 485 finished with value: 0.1920481524695226 and parameters: {'window_influence': 0.6467524011049416, 'penalty_k': 0.3236206136070722, 'scale_lr': 0.7672369038266706}. Best is trial 481 with value: 0.2789919194046075.
checkpoint_e32 window_influence: 0.62902100651725568, penalty_k: 0.33429225172667015, scale_lr: 0.69869739821956345, EAO: 0.208
Trial 486 finished with value: 0.20813035365284943 and parameters: {'window_influence': 0.6290210065172557, 'penalty_k': 0.33429225172667015, 'scale_lr': 0.6986973982195634}. Best is trial 481 with value: 0.2789919194046075.
checkpoint_e32 window_influence: 0.32053443388256531, penalty_k: 0.32112284457695311, scale_lr: 0.53045421527430081, EAO: 0.277
Trial 487 finished with value: 0.27742808681677994 and parameters: {'window_influence': 0.3205344338825653, 'penalty_k': 0.3211228445769531, 'scale_lr': 0.5304542152743008}. Best is trial 481 with value: 0.2789919194046075.
checkpoint_e32 window_influence: 0.31738151692243366, penalty_k: 0.13291712220980895, scale_lr: 0.59335526508653513, EAO: 0.262
Trial 488 finished with value: 0.26172990812276437 and parameters: {'window_influence': 0.31738151692243366, 'penalty_k': 0.13291712220980895, 'scale_lr': 0.5933552650865351}. Best is trial 481 with value: 0.2789919194046075.
checkpoint_e32 window_influence: 0.30272656357925426, penalty_k: 0.29858563610068073, scale_lr: 0.72194960921654761, EAO: 0.281
Trial 489 finished with value: 0.28065862270390113 and parameters: {'window_influence': 0.30272656357925426, 'penalty_k': 0.29858563610068073, 'scale_lr': 0.7219496092165476}. Best is trial 489 with value: 0.28065862270390113.
checkpoint_e32 window_influence: 0.30847998585132014, penalty_k: 0.29938558573500984, scale_lr: 0.73241795485737016, EAO: 0.268
Trial 490 finished with value: 0.2682814240697923 and parameters: {'window_influence': 0.30847998585132014, 'penalty_k': 0.29938558573500984, 'scale_lr': 0.7324179548573702}. Best is trial 489 with value: 0.28065862270390113.
checkpoint_e32 window_influence: 0.29614649949023675, penalty_k: 0.29750141165746691, scale_lr: 0.50369721711730930, EAO: 0.272
Trial 491 finished with value: 0.27175166603268647 and parameters: {'window_influence': 0.29614649949023675, 'penalty_k': 0.2975014116574669, 'scale_lr': 0.5036972171173093}. Best is trial 489 with value: 0.28065862270390113.
checkpoint_e32 window_influence: 0.29262954248556278, penalty_k: 0.29718650038028366, scale_lr: 0.47107437196989521, EAO: 0.261
Trial 492 finished with value: 0.2606730329069665 and parameters: {'window_influence': 0.2926295424855628, 'penalty_k': 0.29718650038028366, 'scale_lr': 0.4710743719698952}. Best is trial 489 with value: 0.28065862270390113.
checkpoint_e32 window_influence: 0.32214114635595892, penalty_k: 0.30835422197556833, scale_lr: 0.48119389916366839, EAO: 0.263
Trial 493 finished with value: 0.2626078627337285 and parameters: {'window_influence': 0.3221411463559589, 'penalty_k': 0.30835422197556833, 'scale_lr': 0.4811938991636684}. Best is trial 489 with value: 0.28065862270390113.
checkpoint_e32 window_influence: 0.30343408292634355, penalty_k: 0.28993024621961400, scale_lr: 0.72130178399312728, EAO: 0.272
Trial 494 finished with value: 0.27211385862371784 and parameters: {'window_influence': 0.30343408292634355, 'penalty_k': 0.289930246219614, 'scale_lr': 0.7213017839931273}. Best is trial 489 with value: 0.28065862270390113.
checkpoint_e32 window_influence: 0.30405073245065373, penalty_k: 0.29702520471559679, scale_lr: 0.79777701053258854, EAO: 0.267
