Trial 139 finished with value: 0.26652898221481136 and parameters: {'window_influence': 0.38852101493298163, 'penalty_k': 0.013233676269432785, 'scale_lr': 0.5304724822738183}. Best is trial 91 with value: 0.2755729326508879.
checkpoint_e16 window_influence: 0.40721186878147159, penalty_k: 0.11284108064735048, scale_lr: 0.40335760154454847, EAO: 0.260
Trial 149 finished with value: 0.2603847031307414 and parameters: {'window_influence': 0.4072118687814716, 'penalty_k': 0.11284108064735048, 'scale_lr': 0.40335760154454847}. Best is trial 90 with value: 0.28226814400858996.
checkpoint_e16 window_influence: 0.33859953749410920, penalty_k: 0.05380058009481771, scale_lr: 0.41156365864122146, EAO: 0.254
Trial 145 finished with value: 0.2539718407319813 and parameters: {'window_influence': 0.3385995374941092, 'penalty_k': 0.05380058009481771, 'scale_lr': 0.41156365864122146}. Best is trial 111 with value: 0.27549627247622344.
checkpoint_e16 window_influence: 0.44314085786430718, penalty_k: 0.02319763636938235, scale_lr: 0.50927960862018773, EAO: 0.271
Trial 140 finished with value: 0.2712165357136145 and parameters: {'window_influence': 0.4431408578643072, 'penalty_k': 0.023197636369382352, 'scale_lr': 0.5092796086201877}. Best is trial 91 with value: 0.2755729326508879.
checkpoint_e16 window_influence: 0.35433386720430554, penalty_k: 0.08473086962659485, scale_lr: 0.35136362148110517, EAO: 0.266
Trial 150 finished with value: 0.26626297262141374 and parameters: {'window_influence': 0.35433386720430554, 'penalty_k': 0.08473086962659485, 'scale_lr': 0.35136362148110517}. Best is trial 90 with value: 0.28226814400858996.
checkpoint_e16 window_influence: 0.38686424226356542, penalty_k: 0.02863398390367933, scale_lr: 0.37017584665003939, EAO: 0.265
Trial 146 finished with value: 0.2647009303535872 and parameters: {'window_influence': 0.3868642422635654, 'penalty_k': 0.028633983903679328, 'scale_lr': 0.3701758466500394}. Best is trial 111 with value: 0.27549627247622344.
checkpoint_e16 window_influence: 0.44772546092257243, penalty_k: 0.02517574863640002, scale_lr: 0.51061819012086729, EAO: 0.274
Trial 141 finished with value: 0.27414708517915837 and parameters: {'window_influence': 0.4477254609225724, 'penalty_k': 0.025175748636400017, 'scale_lr': 0.5106181901208673}. Best is trial 91 with value: 0.2755729326508879.
checkpoint_e16 window_influence: 0.38981065793018188, penalty_k: 0.06985656471933513, scale_lr: 0.36481574568284830, EAO: 0.264
Trial 151 finished with value: 0.2637400103778374 and parameters: {'window_influence': 0.3898106579301819, 'penalty_k': 0.06985656471933513, 'scale_lr': 0.3648157456828483}. Best is trial 90 with value: 0.28226814400858996.
checkpoint_e16 window_influence: 0.39470597752471892, penalty_k: 0.02408540663073949, scale_lr: 0.37232408239248493, EAO: 0.258
Trial 147 finished with value: 0.2582729860413365 and parameters: {'window_influence': 0.3947059775247189, 'penalty_k': 0.024085406630739485, 'scale_lr': 0.37232408239248493}. Best is trial 111 with value: 0.27549627247622344.
checkpoint_e16 window_influence: 0.42746650847678369, penalty_k: 0.02850186362829440, scale_lr: 0.54328247952726638, EAO: 0.255
Trial 142 finished with value: 0.2550038697152603 and parameters: {'window_influence': 0.4274665084767837, 'penalty_k': 0.028501863628294405, 'scale_lr': 0.5432824795272664}. Best is trial 91 with value: 0.2755729326508879.
checkpoint_e16 window_influence: 0.37140169672380929, penalty_k: 0.05234792679836841, scale_lr: 0.32573140852152765, EAO: 0.273
Trial 152 finished with value: 0.27269905302825015 and parameters: {'window_influence': 0.3714016967238093, 'penalty_k': 0.05234792679836841, 'scale_lr': 0.32573140852152765}. Best is trial 90 with value: 0.28226814400858996.
checkpoint_e16 window_influence: 0.38307761351818082, penalty_k: 0.06311893221365207, scale_lr: 0.35114724332087427, EAO: 0.259
Trial 148 finished with value: 0.25895432625117343 and parameters: {'window_influence': 0.3830776135181808, 'penalty_k': 0.06311893221365207, 'scale_lr': 0.35114724332087427}. Best is trial 111 with value: 0.27549627247622344.
checkpoint_e16 window_influence: 0.44348162869808339, penalty_k: 0.04769311210408701, scale_lr: 0.50572705826026143, EAO: 0.255
Trial 143 finished with value: 0.25527573207287285 and parameters: {'window_influence': 0.4434816286980834, 'penalty_k': 0.04769311210408701, 'scale_lr': 0.5057270582602614}. Best is trial 91 with value: 0.2755729326508879.
checkpoint_e16 window_influence: 0.37344476717807135, penalty_k: 0.05782390351540465, scale_lr: 0.38969392614750631, EAO: 0.273
Trial 153 finished with value: 0.2732812489072482 and parameters: {'window_influence': 0.37344476717807135, 'penalty_k': 0.057823903515404645, 'scale_lr': 0.3896939261475063}. Best is trial 90 with value: 0.28226814400858996.
checkpoint_e16 window_influence: 0.38622271044877954, penalty_k: 0.04556943554153135, scale_lr: 0.39985922580423233, EAO: 0.258
Trial 149 finished with value: 0.25818465819688347 and parameters: {'window_influence': 0.38622271044877954, 'penalty_k': 0.045569435541531346, 'scale_lr': 0.39985922580423233}. Best is trial 111 with value: 0.27549627247622344.
checkpoint_e16 window_influence: 0.46716733730167820, penalty_k: 0.05544492614564116, scale_lr: 0.52628243921290041, EAO: 0.266
Trial 144 finished with value: 0.26601273251500557 and parameters: {'window_influence': 0.4671673373016782, 'penalty_k': 0.05544492614564116, 'scale_lr': 0.5262824392129004}. Best is trial 91 with value: 0.2755729326508879.
checkpoint_e16 window_influence: 0.37147533849341480, penalty_k: 0.05694250715624089, scale_lr: 0.44530059976936931, EAO: 0.267
Trial 154 finished with value: 0.26675047731496454 and parameters: {'window_influence': 0.3714753384934148, 'penalty_k': 0.05694250715624089, 'scale_lr': 0.4453005997693693}. Best is trial 90 with value: 0.28226814400858996.
checkpoint_e16 window_influence: 0.34828541748945219, penalty_k: 0.02559061974624101, scale_lr: 0.41955894302908681, EAO: 0.247
Trial 150 finished with value: 0.24719158396488283 and parameters: {'window_influence': 0.3482854174894522, 'penalty_k': 0.025590619746241012, 'scale_lr': 0.4195589430290868}. Best is trial 111 with value: 0.27549627247622344.
checkpoint_e16 window_influence: 0.40149687136478590, penalty_k: 0.02295044652315295, scale_lr: 0.55554411770684542, EAO: 0.264
Trial 145 finished with value: 0.26382816164958767 and parameters: {'window_influence': 0.4014968713647859, 'penalty_k': 0.02295044652315295, 'scale_lr': 0.5555441177068454}. Best is trial 91 with value: 0.2755729326508879.
checkpoint_e16 window_influence: 0.36479647469497151, penalty_k: 0.07524233326667243, scale_lr: 0.38941739596372504, EAO: 0.271
Trial 155 finished with value: 0.27102913283477953 and parameters: {'window_influence': 0.3647964746949715, 'penalty_k': 0.07524233326667243, 'scale_lr': 0.38941739596372504}. Best is trial 90 with value: 0.28226814400858996.
checkpoint_e16 window_influence: 0.37379445826712870, penalty_k: 0.03747938655361355, scale_lr: 0.39183665788216276, EAO: 0.250
Trial 151 finished with value: 0.2496173645907301 and parameters: {'window_influence': 0.3737944582671287, 'penalty_k': 0.03747938655361355, 'scale_lr': 0.39183665788216276}. Best is trial 111 with value: 0.27549627247622344.
checkpoint_e16 window_influence: 0.42525610806496467, penalty_k: 0.03735748544340146, scale_lr: 0.48352729962584762, EAO: 0.253
Trial 146 finished with value: 0.2534226541354404 and parameters: {'window_influence': 0.42525610806496467, 'penalty_k': 0.037357485443401464, 'scale_lr': 0.4835272996258476}. Best is trial 91 with value: 0.2755729326508879.
checkpoint_e16 window_influence: 0.33603900358496941, penalty_k: 0.02332560573336238, scale_lr: 0.42817275152964329, EAO: 0.267
Trial 156 finished with value: 0.26669640887558943 and parameters: {'window_influence': 0.3360390035849694, 'penalty_k': 0.023325605733362377, 'scale_lr': 0.4281727515296433}. Best is trial 90 with value: 0.28226814400858996.
checkpoint_e16 window_influence: 0.36376510890644193, penalty_k: 0.05461164048058692, scale_lr: 0.38688179187768684, EAO: 0.263
Trial 152 finished with value: 0.26301624892446085 and parameters: {'window_influence': 0.3637651089064419, 'penalty_k': 0.05461164048058692, 'scale_lr': 0.38688179187768684}. Best is trial 111 with value: 0.27549627247622344.
checkpoint_e16 window_influence: 0.35902175608830805, penalty_k: 0.30477434042577106, scale_lr: 0.39004559456707172, EAO: 0.245
Trial 157 finished with value: 0.24496625182105275 and parameters: {'window_influence': 0.35902175608830805, 'penalty_k': 0.30477434042577106, 'scale_lr': 0.3900455945670717}. Best is trial 90 with value: 0.28226814400858996.
checkpoint_e16 window_influence: 0.48796312596314362, penalty_k: 0.02475409961207487, scale_lr: 0.56561070594256402, EAO: 0.259
Trial 147 finished with value: 0.25915020995023774 and parameters: {'window_influence': 0.4879631259631436, 'penalty_k': 0.02475409961207487, 'scale_lr': 0.565610705942564}. Best is trial 91 with value: 0.2755729326508879.
checkpoint_e16 window_influence: 0.36605149146345589, penalty_k: 0.05425027361350086, scale_lr: 0.37493134514446536, EAO: 0.262
Trial 153 finished with value: 0.262330802778403 and parameters: {'window_influence': 0.3660514914634559, 'penalty_k': 0.05425027361350086, 'scale_lr': 0.37493134514446536}. Best is trial 111 with value: 0.27549627247622344.
checkpoint_e16 window_influence: 0.34529548716254355, penalty_k: 0.08377840430631299, scale_lr: 0.41339942650967648, EAO: 0.262
Trial 158 finished with value: 0.2615034900060514 and parameters: {'window_influence': 0.34529548716254355, 'penalty_k': 0.08377840430631299, 'scale_lr': 0.4133994265096765}. Best is trial 90 with value: 0.28226814400858996.
checkpoint_e16 window_influence: 0.44956661600188358, penalty_k: 0.01094437304284277, scale_lr: 0.50796242207452946, EAO: 0.264
Trial 148 finished with value: 0.2638334634948552 and parameters: {'window_influence': 0.4495666160018836, 'penalty_k': 0.010944373042842775, 'scale_lr': 0.5079624220745295}. Best is trial 91 with value: 0.2755729326508879.
checkpoint_e16 window_influence: 0.39331258240217715, penalty_k: 0.05732160093504756, scale_lr: 0.35596499075337124, EAO: 0.251
Trial 154 finished with value: 0.2508393963420294 and parameters: {'window_influence': 0.39331258240217715, 'penalty_k': 0.05732160093504756, 'scale_lr': 0.35596499075337124}. Best is trial 111 with value: 0.27549627247622344.
checkpoint_e16 window_influence: 0.37194755077718222, penalty_k: 0.01270993377686663, scale_lr: 0.47396346240762643, EAO: 0.270
Trial 159 finished with value: 0.2703423201432073 and parameters: {'window_influence': 0.3719475507771822, 'penalty_k': 0.012709933776866633, 'scale_lr': 0.47396346240762643}. Best is trial 90 with value: 0.28226814400858996.
checkpoint_e16 window_influence: 0.41306390606217014, penalty_k: 0.04265896593679058, scale_lr: 0.52854751651854259, EAO: 0.267
Trial 149 finished with value: 0.26704951042566843 and parameters: {'window_influence': 0.41306390606217014, 'penalty_k': 0.04265896593679058, 'scale_lr': 0.5285475165185426}. Best is trial 91 with value: 0.2755729326508879.
checkpoint_e16 window_influence: 0.38364389163849899, penalty_k: 0.06475117520363044, scale_lr: 0.37214461638277213, EAO: 0.266
Trial 155 finished with value: 0.2656896635890007 and parameters: {'window_influence': 0.383643891638499, 'penalty_k': 0.06475117520363044, 'scale_lr': 0.37214461638277213}. Best is trial 111 with value: 0.27549627247622344.
checkpoint_e16 window_influence: 0.41194656261463181, penalty_k: 0.03631684222676404, scale_lr: 0.40090032643936796, EAO: 0.265
Trial 160 finished with value: 0.26482554870407754 and parameters: {'window_influence': 0.4119465626146318, 'penalty_k': 0.03631684222676404, 'scale_lr': 0.40090032643936796}. Best is trial 90 with value: 0.28226814400858996.
checkpoint_e16 window_influence: 0.43676233192382652, penalty_k: 0.00051025856344004, scale_lr: 0.47490025773872729, EAO: 0.256
Trial 150 finished with value: 0.2559089620665806 and parameters: {'window_influence': 0.4367623319238265, 'penalty_k': 0.0005102585634400372, 'scale_lr': 0.4749002577387273}. Best is trial 91 with value: 0.2755729326508879.
checkpoint_e16 window_influence: 0.37840272357375393, penalty_k: 0.06908045668570598, scale_lr: 0.38343753327350893, EAO: 0.253
Trial 156 finished with value: 0.25316951690408274 and parameters: {'window_influence': 0.37840272357375393, 'penalty_k': 0.06908045668570598, 'scale_lr': 0.38343753327350893}. Best is trial 111 with value: 0.27549627247622344.
checkpoint_e16 window_influence: 0.38152379015558557, penalty_k: 0.07062883460085811, scale_lr: 0.37362334158981175, EAO: 0.272
Trial 161 finished with value: 0.2720303365248975 and parameters: {'window_influence': 0.3815237901555856, 'penalty_k': 0.07062883460085811, 'scale_lr': 0.37362334158981175}. Best is trial 90 with value: 0.28226814400858996.
checkpoint_e16 window_influence: 0.46285475994862152, penalty_k: 0.01512223365671122, scale_lr: 0.51484384197225863, EAO: 0.258
Trial 151 finished with value: 0.258242045355037 and parameters: {'window_influence': 0.4628547599486215, 'penalty_k': 0.015122233656711219, 'scale_lr': 0.5148438419722586}. Best is trial 91 with value: 0.2755729326508879.
checkpoint_e16 window_influence: 0.34765069410720129, penalty_k: 0.01068136929219501, scale_lr: 0.37409806053560030, EAO: 0.252
Trial 157 finished with value: 0.2518689971023459 and parameters: {'window_influence': 0.3476506941072013, 'penalty_k': 0.010681369292195014, 'scale_lr': 0.3740980605356003}. Best is trial 111 with value: 0.27549627247622344.
checkpoint_e16 window_influence: 0.37896163639327207, penalty_k: 0.07496786216365525, scale_lr: 0.37784353334070636, EAO: 0.262
Trial 162 finished with value: 0.26216601301741793 and parameters: {'window_influence': 0.37896163639327207, 'penalty_k': 0.07496786216365525, 'scale_lr': 0.37784353334070636}. Best is trial 90 with value: 0.28226814400858996.
checkpoint_e16 window_influence: 0.45224617396898398, penalty_k: 0.03117306048158287, scale_lr: 0.48882745991821225, EAO: 0.255
Trial 152 finished with value: 0.25486658313652366 and parameters: {'window_influence': 0.452246173968984, 'penalty_k': 0.031173060481582873, 'scale_lr': 0.48882745991821225}. Best is trial 91 with value: 0.2755729326508879.
checkpoint_e16 window_influence: 0.39145873390130503, penalty_k: 0.06092290207368375, scale_lr: 0.40386894497860143, EAO: 0.259
Trial 158 finished with value: 0.25927140515267366 and parameters: {'window_influence': 0.39145873390130503, 'penalty_k': 0.06092290207368375, 'scale_lr': 0.40386894497860143}. Best is trial 111 with value: 0.27549627247622344.
checkpoint_e16 window_influence: 0.39912163142144763, penalty_k: 0.04883335425042472, scale_lr: 0.34557026203886254, EAO: 0.279
Trial 163 finished with value: 0.2787500045042697 and parameters: {'window_influence': 0.39912163142144763, 'penalty_k': 0.04883335425042472, 'scale_lr': 0.34557026203886254}. Best is trial 90 with value: 0.28226814400858996.
checkpoint_e16 window_influence: 0.33943117153171554, penalty_k: 0.07218245844659001, scale_lr: 0.34145446996627027, EAO: 0.243
Trial 159 finished with value: 0.24276632851943736 and parameters: {'window_influence': 0.33943117153171554, 'penalty_k': 0.07218245844659, 'scale_lr': 0.34145446996627027}. Best is trial 111 with value: 0.27549627247622344.
checkpoint_e16 window_influence: 0.42996899026488633, penalty_k: 0.05528539791160698, scale_lr: 0.50824219709234664, EAO: 0.255
Trial 153 finished with value: 0.25468272673405284 and parameters: {'window_influence': 0.42996899026488633, 'penalty_k': 0.055285397911606984, 'scale_lr': 0.5082421970923466}. Best is trial 91 with value: 0.2755729326508879.
checkpoint_e16 window_influence: 0.40047268197471519, penalty_k: 0.05852876080936988, scale_lr: 0.34063170149745547, EAO: 0.264
Trial 164 finished with value: 0.2642668174897752 and parameters: {'window_influence': 0.4004726819747152, 'penalty_k': 0.05852876080936988, 'scale_lr': 0.3406317014974555}. Best is trial 90 with value: 0.28226814400858996.
checkpoint_e16 window_influence: 0.32812007882350103, penalty_k: 0.02152057411448857, scale_lr: 0.36869540682354740, EAO: 0.253
Trial 160 finished with value: 0.2527399685809283 and parameters: {'window_influence': 0.328120078823501, 'penalty_k': 0.021520574114488572, 'scale_lr': 0.3686954068235474}. Best is trial 111 with value: 0.27549627247622344.
checkpoint_e16 window_influence: 0.47878412320257890, penalty_k: 0.01564349177121651, scale_lr: 0.53931056193385574, EAO: 0.251
Trial 154 finished with value: 0.25070770121202235 and parameters: {'window_influence': 0.4787841232025789, 'penalty_k': 0.015643491771216513, 'scale_lr': 0.5393105619338557}. Best is trial 91 with value: 0.2755729326508879.
checkpoint_e16 window_influence: 0.39055921157725426, penalty_k: 0.09873556710438483, scale_lr: 0.34786259609678538, EAO: 0.261
Trial 165 finished with value: 0.2608809048930804 and parameters: {'window_influence': 0.39055921157725426, 'penalty_k': 0.09873556710438483, 'scale_lr': 0.3478625960967854}. Best is trial 90 with value: 0.28226814400858996.
checkpoint_e16 window_influence: 0.35989716137325606, penalty_k: 0.03186720144483888, scale_lr: 0.37876814450172458, EAO: 0.258
Trial 161 finished with value: 0.25833024623675077 and parameters: {'window_influence': 0.35989716137325606, 'penalty_k': 0.03186720144483888, 'scale_lr': 0.3787681445017246}. Best is trial 111 with value: 0.27549627247622344.
checkpoint_e16 window_influence: 0.44582998249979594, penalty_k: 0.04330550814512045, scale_lr: 0.49716557718584936, EAO: 0.246
Trial 155 finished with value: 0.2455447712928299 and parameters: {'window_influence': 0.44582998249979594, 'penalty_k': 0.04330550814512045, 'scale_lr': 0.49716557718584936}. Best is trial 91 with value: 0.2755729326508879.
checkpoint_e16 window_influence: 0.37306413562785617, penalty_k: 0.04915890098940984, scale_lr: 0.32173990726673524, EAO: 0.263
Trial 166 finished with value: 0.2626901944357205 and parameters: {'window_influence': 0.3730641356278562, 'penalty_k': 0.04915890098940984, 'scale_lr': 0.32173990726673524}. Best is trial 90 with value: 0.28226814400858996.
checkpoint_e16 window_influence: 0.38701027756299983, penalty_k: 0.04699360426348551, scale_lr: 0.41294281757514428, EAO: 0.265
Trial 162 finished with value: 0.26494243868240497 and parameters: {'window_influence': 0.3870102775629998, 'penalty_k': 0.04699360426348551, 'scale_lr': 0.4129428175751443}. Best is trial 111 with value: 0.27549627247622344.
checkpoint_e16 window_influence: 0.46825733075908221, penalty_k: 0.02516683831188250, scale_lr: 0.52130108256132712, EAO: 0.260
Trial 156 finished with value: 0.26016792812483097 and parameters: {'window_influence': 0.4682573307590822, 'penalty_k': 0.025166838311882503, 'scale_lr': 0.5213010825613271}. Best is trial 91 with value: 0.2755729326508879.
checkpoint_e16 window_influence: 0.41633445147370529, penalty_k: 0.03171251743666993, scale_lr: 0.38341600686207905, EAO: 0.262
Trial 167 finished with value: 0.2622426641060085 and parameters: {'window_influence': 0.4163344514737053, 'penalty_k': 0.03171251743666993, 'scale_lr': 0.38341600686207905}. Best is trial 90 with value: 0.28226814400858996.
checkpoint_e16 window_influence: 0.37165603763311117, penalty_k: 0.04887241779528134, scale_lr: 0.40586836630181278, EAO: 0.262
Trial 163 finished with value: 0.2617949894894429 and parameters: {'window_influence': 0.37165603763311117, 'penalty_k': 0.04887241779528134, 'scale_lr': 0.4058683663018128}. Best is trial 111 with value: 0.27549627247622344.
checkpoint_e16 window_influence: 0.39152158099802747, penalty_k: 0.28124948280545314, scale_lr: 0.45561422656358919, EAO: 0.247
Trial 157 finished with value: 0.24693197484423474 and parameters: {'window_influence': 0.3915215809980275, 'penalty_k': 0.28124948280545314, 'scale_lr': 0.4556142265635892}. Best is trial 91 with value: 0.2755729326508879.
checkpoint_e16 window_influence: 0.36252663536668056, penalty_k: 0.06469635878885048, scale_lr: 0.33607676798188535, EAO: 0.266
Trial 168 finished with value: 0.2658180536293402 and parameters: {'window_influence': 0.36252663536668056, 'penalty_k': 0.06469635878885048, 'scale_lr': 0.33607676798188535}. Best is trial 90 with value: 0.28226814400858996.
checkpoint_e16 window_influence: 0.38455337920397670, penalty_k: 0.01066937708113789, scale_lr: 0.41921747644655871, EAO: 0.254
Trial 164 finished with value: 0.2538349552731204 and parameters: {'window_influence': 0.3845533792039767, 'penalty_k': 0.010669377081137892, 'scale_lr': 0.4192174764465587}. Best is trial 111 with value: 0.27549627247622344.
checkpoint_e16 window_influence: 0.41659906264646362, penalty_k: 0.05728547529557274, scale_lr: 0.47802172328378617, EAO: 0.261
Trial 158 finished with value: 0.2611470458711066 and parameters: {'window_influence': 0.4165990626464636, 'penalty_k': 0.057285475295572735, 'scale_lr': 0.47802172328378617}. Best is trial 91 with value: 0.2755729326508879.
checkpoint_e16 window_influence: 0.40353013087527628, penalty_k: 0.13108070283489051, scale_lr: 0.35331657558235469, EAO: 0.264
Trial 169 finished with value: 0.2642624143783639 and parameters: {'window_influence': 0.4035301308752763, 'penalty_k': 0.1310807028348905, 'scale_lr': 0.3533165755823547}. Best is trial 90 with value: 0.28226814400858996.
checkpoint_e16 window_influence: 0.39689821061110037, penalty_k: 0.04252218920819393, scale_lr: 0.38987112660009421, EAO: 0.261
Trial 165 finished with value: 0.26139620273578457 and parameters: {'window_influence': 0.39689821061110037, 'penalty_k': 0.04252218920819393, 'scale_lr': 0.3898711266000942}. Best is trial 111 with value: 0.27549627247622344.
checkpoint_e16 window_influence: 0.37734317939828044, penalty_k: 0.20290943515585025, scale_lr: 0.55415879029550341, EAO: 0.251
