Trial 734 finished with value: 0.26447601652726893 and parameters: {'window_influence': 0.30980967850592844, 'penalty_k': 0.0526078698618252, 'scale_lr': 0.5909703392406387}. Best is trial 212 with value: 0.2844979555868521.
checkpoint_e32 window_influence: 0.14531503886969835, penalty_k: 0.18761408724120243, scale_lr: 0.10008938119395522, EAO: 0.248
Trial 735 finished with value: 0.24802967494096212 and parameters: {'window_influence': 0.14531503886969835, 'penalty_k': 0.18761408724120243, 'scale_lr': 0.10008938119395522}. Best is trial 212 with value: 0.2844979555868521.
checkpoint_e32 window_influence: 0.35262955788165101, penalty_k: 0.14940117984744494, scale_lr: 0.46753785612503029, EAO: 0.271
Trial 736 finished with value: 0.2705735305581636 and parameters: {'window_influence': 0.352629557881651, 'penalty_k': 0.14940117984744494, 'scale_lr': 0.4675378561250303}. Best is trial 212 with value: 0.2844979555868521.
checkpoint_e32 window_influence: 0.58215752799225762, penalty_k: 0.50841217260380356, scale_lr: 0.74610672135235812, EAO: 0.216
Trial 737 finished with value: 0.21624753121438064 and parameters: {'window_influence': 0.5821575279922576, 'penalty_k': 0.5084121726038036, 'scale_lr': 0.7461067213523581}. Best is trial 212 with value: 0.2844979555868521.
checkpoint_e32 window_influence: 0.42528180099032953, penalty_k: 0.39786585683358028, scale_lr: 0.22658047522488209, EAO: 0.257
Trial 738 finished with value: 0.25727497350151945 and parameters: {'window_influence': 0.42528180099032953, 'penalty_k': 0.3978658568335803, 'scale_lr': 0.2265804752248821}. Best is trial 212 with value: 0.2844979555868521.
checkpoint_e32 window_influence: 0.32348739954056815, penalty_k: 0.15935726771519224, scale_lr: 0.79969886781885813, EAO: 0.254
Trial 739 finished with value: 0.2543544456120429 and parameters: {'window_influence': 0.32348739954056815, 'penalty_k': 0.15935726771519224, 'scale_lr': 0.7996988678188581}. Best is trial 212 with value: 0.2844979555868521.
checkpoint_e32 window_influence: 0.29590892044083705, penalty_k: 0.33226768055678479, scale_lr: 0.13653573297285940, EAO: 0.251
Trial 740 finished with value: 0.25138216489941123 and parameters: {'window_influence': 0.29590892044083705, 'penalty_k': 0.3322676805567848, 'scale_lr': 0.1365357329728594}. Best is trial 212 with value: 0.2844979555868521.
checkpoint_e32 window_influence: 0.22193436856267806, penalty_k: 0.30231093273894577, scale_lr: 0.16521636830832948, EAO: 0.239
Trial 741 finished with value: 0.23907858254463693 and parameters: {'window_influence': 0.22193436856267806, 'penalty_k': 0.30231093273894577, 'scale_lr': 0.16521636830832948}. Best is trial 212 with value: 0.2844979555868521.
checkpoint_e32 window_influence: 0.25356812833157805, penalty_k: 0.27017702241149022, scale_lr: 0.76781009545768553, EAO: 0.263
Trial 742 finished with value: 0.2630748639140672 and parameters: {'window_influence': 0.25356812833157805, 'penalty_k': 0.2701770224114902, 'scale_lr': 0.7678100954576855}. Best is trial 212 with value: 0.2844979555868521.
checkpoint_e32 window_influence: 0.34030400659357479, penalty_k: 0.17354692641524386, scale_lr: 0.15075632244170037, EAO: 0.261
Trial 743 finished with value: 0.26111939876544765 and parameters: {'window_influence': 0.3403040065935748, 'penalty_k': 0.17354692641524386, 'scale_lr': 0.15075632244170037}. Best is trial 212 with value: 0.2844979555868521.
checkpoint_e32 window_influence: 0.43185215058022280, penalty_k: 0.11035164820070745, scale_lr: 0.45273868500314784, EAO: 0.276
Trial 744 finished with value: 0.2757188513026974 and parameters: {'window_influence': 0.4318521505802228, 'penalty_k': 0.11035164820070745, 'scale_lr': 0.45273868500314784}. Best is trial 212 with value: 0.2844979555868521.
checkpoint_e32 window_influence: 0.30788250820599938, penalty_k: 0.29236357967455268, scale_lr: 0.11866858438221654, EAO: 0.252
Trial 745 finished with value: 0.252181781440731 and parameters: {'window_influence': 0.3078825082059994, 'penalty_k': 0.2923635796745527, 'scale_lr': 0.11866858438221654}. Best is trial 212 with value: 0.2844979555868521.
checkpoint_e32 window_influence: 0.62501399530380164, penalty_k: 0.48549220798930631, scale_lr: 0.20424523157938398, EAO: 0.211
Trial 746 finished with value: 0.21122643654424 and parameters: {'window_influence': 0.6250139953038016, 'penalty_k': 0.4854922079893063, 'scale_lr': 0.20424523157938398}. Best is trial 212 with value: 0.2844979555868521.
checkpoint_e32 window_influence: 0.32412980651582218, penalty_k: 0.08596406286269183, scale_lr: 0.51671513330701724, EAO: 0.253
Trial 747 finished with value: 0.25294566693587034 and parameters: {'window_influence': 0.3241298065158222, 'penalty_k': 0.08596406286269183, 'scale_lr': 0.5167151333070172}. Best is trial 212 with value: 0.2844979555868521.
checkpoint_e32 window_influence: 0.56178044835639374, penalty_k: 0.36228440714899895, scale_lr: 0.35820306659224210, EAO: 0.241
Trial 748 finished with value: 0.24090432939006062 and parameters: {'window_influence': 0.5617804483563937, 'penalty_k': 0.36228440714899895, 'scale_lr': 0.3582030665922421}. Best is trial 212 with value: 0.2844979555868521.
checkpoint_e32 window_influence: 0.29271976702318575, penalty_k: 0.20887571987086295, scale_lr: 0.39727627235813212, EAO: 0.276
Trial 749 finished with value: 0.27561904199239684 and parameters: {'window_influence': 0.29271976702318575, 'penalty_k': 0.20887571987086295, 'scale_lr': 0.3972762723581321}. Best is trial 212 with value: 0.2844979555868521.
checkpoint_e32 window_influence: 0.59813509009027865, penalty_k: 0.51750298970816588, scale_lr: 0.56034964169877288, EAO: 0.216
Trial 750 finished with value: 0.2164473387041712 and parameters: {'window_influence': 0.5981350900902787, 'penalty_k': 0.5175029897081659, 'scale_lr': 0.5603496416987729}. Best is trial 212 with value: 0.2844979555868521.
checkpoint_e32 window_influence: 0.28151775160877002, penalty_k: 0.06339035438842056, scale_lr: 0.13029259854461384, EAO: 0.260
Trial 751 finished with value: 0.25955836686903866 and parameters: {'window_influence': 0.28151775160877, 'penalty_k': 0.06339035438842056, 'scale_lr': 0.13029259854461384}. Best is trial 212 with value: 0.2844979555868521.
checkpoint_e32 window_influence: 0.31425818006429956, penalty_k: 0.33874314219802443, scale_lr: 0.11164784038269082, EAO: 0.251
Trial 752 finished with value: 0.2512167323289848 and parameters: {'window_influence': 0.31425818006429956, 'penalty_k': 0.3387431421980244, 'scale_lr': 0.11164784038269082}. Best is trial 212 with value: 0.2844979555868521.
checkpoint_e32 window_influence: 0.36511594936833275, penalty_k: 0.03899157009184030, scale_lr: 0.73395679679648751, EAO: 0.270
Trial 753 finished with value: 0.26980744992814415 and parameters: {'window_influence': 0.36511594936833275, 'penalty_k': 0.0389915700918403, 'scale_lr': 0.7339567967964875}. Best is trial 212 with value: 0.2844979555868521.
checkpoint_e32 window_influence: 0.05222012254627018, penalty_k: 0.09829786992919545, scale_lr: 0.47709192830976299, EAO: 0.228
Trial 754 finished with value: 0.2279438927042775 and parameters: {'window_influence': 0.052220122546270176, 'penalty_k': 0.09829786992919545, 'scale_lr': 0.477091928309763}. Best is trial 212 with value: 0.2844979555868521.
checkpoint_e32 window_influence: 0.33546269886482649, penalty_k: 0.07599399337451272, scale_lr: 0.78658940082052597, EAO: 0.264
Trial 755 finished with value: 0.26357584749537755 and parameters: {'window_influence': 0.3354626988648265, 'penalty_k': 0.07599399337451272, 'scale_lr': 0.786589400820526}. Best is trial 212 with value: 0.2844979555868521.
checkpoint_e32 window_influence: 0.17024311822562696, penalty_k: 0.36787637468787010, scale_lr: 0.25957366698114537, EAO: 0.238
Trial 756 finished with value: 0.23819124529032204 and parameters: {'window_influence': 0.17024311822562696, 'penalty_k': 0.3678763746878701, 'scale_lr': 0.25957366698114537}. Best is trial 212 with value: 0.2844979555868521.
checkpoint_e32 window_influence: 0.34767160214333342, penalty_k: 0.10672865553281277, scale_lr: 0.33179557566983364, EAO: 0.259
Trial 757 finished with value: 0.2586031018839619 and parameters: {'window_influence': 0.3476716021433334, 'penalty_k': 0.10672865553281277, 'scale_lr': 0.33179557566983364}. Best is trial 212 with value: 0.2844979555868521.
checkpoint_e32 window_influence: 0.30439922176723150, penalty_k: 0.11838104453061046, scale_lr: 0.14530854930367590, EAO: 0.268
Trial 758 finished with value: 0.2680444513879171 and parameters: {'window_influence': 0.3043992217672315, 'penalty_k': 0.11838104453061046, 'scale_lr': 0.1453085493036759}. Best is trial 212 with value: 0.2844979555868521.
checkpoint_e32 window_influence: 0.44827257209067428, penalty_k: 0.59793671797993908, scale_lr: 0.41352914580756439, EAO: 0.248
Trial 759 finished with value: 0.24772601350536191 and parameters: {'window_influence': 0.4482725720906743, 'penalty_k': 0.5979367179799391, 'scale_lr': 0.4135291458075644}. Best is trial 212 with value: 0.2844979555868521.
checkpoint_e32 window_influence: 0.32405174661197916, penalty_k: 0.13877883513634920, scale_lr: 0.68849408657769207, EAO: 0.255
Trial 760 finished with value: 0.2550113899557571 and parameters: {'window_influence': 0.32405174661197916, 'penalty_k': 0.1387788351363492, 'scale_lr': 0.6884940865776921}. Best is trial 212 with value: 0.2844979555868521.
checkpoint_e32 window_influence: 0.46216532105156499, penalty_k: 0.08509536446457393, scale_lr: 0.12396959532871334, EAO: 0.280
Trial 761 finished with value: 0.27957724561778513 and parameters: {'window_influence': 0.462165321051565, 'penalty_k': 0.08509536446457393, 'scale_lr': 0.12396959532871334}. Best is trial 212 with value: 0.2844979555868521.
checkpoint_e32 window_influence: 0.24211768892229169, penalty_k: 0.08721208795798534, scale_lr: 0.12425098657379330, EAO: 0.269
Trial 762 finished with value: 0.2693098900400526 and parameters: {'window_influence': 0.24211768892229169, 'penalty_k': 0.08721208795798534, 'scale_lr': 0.1242509865737933}. Best is trial 212 with value: 0.2844979555868521.
checkpoint_e32 window_influence: 0.48882115744502191, penalty_k: 0.07988920273486777, scale_lr: 0.11198630869241671, EAO: 0.276
Trial 763 finished with value: 0.2761235340097086 and parameters: {'window_influence': 0.4888211574450219, 'penalty_k': 0.07988920273486777, 'scale_lr': 0.11198630869241671}. Best is trial 212 with value: 0.2844979555868521.
checkpoint_e32 window_influence: 0.26789938340829217, penalty_k: 0.09810144562928980, scale_lr: 0.13048757680593162, EAO: 0.259
Trial 764 finished with value: 0.2589356891992616 and parameters: {'window_influence': 0.26789938340829217, 'penalty_k': 0.0981014456292898, 'scale_lr': 0.13048757680593162}. Best is trial 212 with value: 0.2844979555868521.
checkpoint_e32 window_influence: 0.51141936003030353, penalty_k: 0.22920268271252048, scale_lr: 0.11269099542396438, EAO: 0.255
Trial 765 finished with value: 0.2550905810260191 and parameters: {'window_influence': 0.5114193600303035, 'penalty_k': 0.22920268271252048, 'scale_lr': 0.11269099542396438}. Best is trial 212 with value: 0.2844979555868521.
checkpoint_e32 window_influence: 0.29955307818702642, penalty_k: 0.07292898580642548, scale_lr: 0.10043518385643808, EAO: 0.272
Trial 766 finished with value: 0.27186565089031933 and parameters: {'window_influence': 0.2995530781870264, 'penalty_k': 0.07292898580642548, 'scale_lr': 0.10043518385643808}. Best is trial 212 with value: 0.2844979555868521.
checkpoint_e32 window_influence: 0.48011681925616506, penalty_k: 0.09043605174989687, scale_lr: 0.13962078932737126, EAO: 0.257
Trial 767 finished with value: 0.25662759618788233 and parameters: {'window_influence': 0.48011681925616506, 'penalty_k': 0.09043605174989687, 'scale_lr': 0.13962078932737126}. Best is trial 212 with value: 0.2844979555868521.
checkpoint_e32 window_influence: 0.31660962851567576, penalty_k: 0.10916154950182115, scale_lr: 0.29744092068808642, EAO: 0.262
Trial 768 finished with value: 0.26165679533307146 and parameters: {'window_influence': 0.31660962851567576, 'penalty_k': 0.10916154950182115, 'scale_lr': 0.2974409206880864}. Best is trial 212 with value: 0.2844979555868521.
checkpoint_e32 window_influence: 0.37382179717133274, penalty_k: 0.06032066361742048, scale_lr: 0.17580857469511457, EAO: 0.271
Trial 769 finished with value: 0.27060911634830925 and parameters: {'window_influence': 0.37382179717133274, 'penalty_k': 0.06032066361742048, 'scale_lr': 0.17580857469511457}. Best is trial 212 with value: 0.2844979555868521.
checkpoint_e32 window_influence: 0.33341625914028061, penalty_k: 0.08257544182748838, scale_lr: 0.12446364334333164, EAO: 0.267
Trial 770 finished with value: 0.2672649199158196 and parameters: {'window_influence': 0.3334162591402806, 'penalty_k': 0.08257544182748838, 'scale_lr': 0.12446364334333164}. Best is trial 212 with value: 0.2844979555868521.
checkpoint_e32 window_influence: 0.07494055207693917, penalty_k: 0.41810675587765378, scale_lr: 0.15516145927141647, EAO: 0.226
Trial 771 finished with value: 0.22577791491417382 and parameters: {'window_influence': 0.07494055207693917, 'penalty_k': 0.4181067558776538, 'scale_lr': 0.15516145927141647}. Best is trial 212 with value: 0.2844979555868521.
checkpoint_e32 window_influence: 0.35827758402742238, penalty_k: 0.09981430918075224, scale_lr: 0.43158987207594035, EAO: 0.266
Trial 772 finished with value: 0.2655411232414284 and parameters: {'window_influence': 0.3582775840274224, 'penalty_k': 0.09981430918075224, 'scale_lr': 0.43158987207594035}. Best is trial 212 with value: 0.2844979555868521.
checkpoint_e32 window_influence: 0.28510411184360074, penalty_k: 0.07029237938905160, scale_lr: 0.11460060388294076, EAO: 0.272
Trial 773 finished with value: 0.27231998378183786 and parameters: {'window_influence': 0.28510411184360074, 'penalty_k': 0.0702923793890516, 'scale_lr': 0.11460060388294076}. Best is trial 212 with value: 0.2844979555868521.
checkpoint_e32 window_influence: 0.52470212339656197, penalty_k: 0.12827161439929005, scale_lr: 0.58223099661364330, EAO: 0.254
Trial 774 finished with value: 0.2541358070523758 and parameters: {'window_influence': 0.524702123396562, 'penalty_k': 0.12827161439929005, 'scale_lr': 0.5822309966136433}. Best is trial 212 with value: 0.2844979555868521.
checkpoint_e32 window_influence: 0.46413460451857025, penalty_k: 0.46698457268056137, scale_lr: 0.13699396603890659, EAO: 0.254
Trial 775 finished with value: 0.25440880310971564 and parameters: {'window_influence': 0.46413460451857025, 'penalty_k': 0.46698457268056137, 'scale_lr': 0.1369939660389066}. Best is trial 212 with value: 0.2844979555868521.
checkpoint_e32 window_influence: 0.34418698339101955, penalty_k: 0.08680114046921537, scale_lr: 0.27506429982636343, EAO: 0.259
Trial 776 finished with value: 0.25858476061404234 and parameters: {'window_influence': 0.34418698339101955, 'penalty_k': 0.08680114046921537, 'scale_lr': 0.27506429982636343}. Best is trial 212 with value: 0.2844979555868521.
checkpoint_e32 window_influence: 0.30989961117326587, penalty_k: 0.49834149485337054, scale_lr: 0.12361262895501637, EAO: 0.249
Trial 777 finished with value: 0.2486419131964203 and parameters: {'window_influence': 0.30989961117326587, 'penalty_k': 0.49834149485337054, 'scale_lr': 0.12361262895501637}. Best is trial 212 with value: 0.2844979555868521.
checkpoint_e32 window_influence: 0.32551041345098969, penalty_k: 0.28411700128087025, scale_lr: 0.37718936596808189, EAO: 0.256
Trial 778 finished with value: 0.2557835173073823 and parameters: {'window_influence': 0.3255104134509897, 'penalty_k': 0.28411700128087025, 'scale_lr': 0.3771893659680819}. Best is trial 212 with value: 0.2844979555868521.
checkpoint_e32 window_influence: 0.29930467807175481, penalty_k: 0.11887511755235126, scale_lr: 0.49608784635201458, EAO: 0.256
Trial 779 finished with value: 0.25607648631179236 and parameters: {'window_influence': 0.2993046780717548, 'penalty_k': 0.11887511755235126, 'scale_lr': 0.4960878463520146}. Best is trial 212 with value: 0.2844979555868521.
checkpoint_e32 window_influence: 0.41905370106739670, penalty_k: 0.39001306853324441, scale_lr: 0.10909142333695640, EAO: 0.252
Trial 780 finished with value: 0.2523073110032857 and parameters: {'window_influence': 0.4190537010673967, 'penalty_k': 0.3900130685332444, 'scale_lr': 0.1090914233369564}. Best is trial 212 with value: 0.2844979555868521.
checkpoint_e32 window_influence: 0.56637339110628226, penalty_k: 0.31174231269889741, scale_lr: 0.53878771616145338, EAO: 0.228
Trial 781 finished with value: 0.22750260796004196 and parameters: {'window_influence': 0.5663733911062823, 'penalty_k': 0.3117423126988974, 'scale_lr': 0.5387877161614534}. Best is trial 212 with value: 0.2844979555868521.
checkpoint_e32 window_influence: 0.33154261657636014, penalty_k: 0.02944313871212820, scale_lr: 0.31869632968895223, EAO: 0.259
Trial 782 finished with value: 0.2585588192673233 and parameters: {'window_influence': 0.33154261657636014, 'penalty_k': 0.029443138712128197, 'scale_lr': 0.31869632968895223}. Best is trial 212 with value: 0.2844979555868521.
checkpoint_e32 window_influence: 0.10383382659168316, penalty_k: 0.44923241076889658, scale_lr: 0.14476462627387049, EAO: 0.229
Trial 783 finished with value: 0.22935685957592677 and parameters: {'window_influence': 0.10383382659168316, 'penalty_k': 0.4492324107688966, 'scale_lr': 0.1447646262738705}. Best is trial 212 with value: 0.2844979555868521.
checkpoint_e32 window_influence: 0.27692655945367090, penalty_k: 0.23913549024648262, scale_lr: 0.67886913576252483, EAO: 0.272
Trial 784 finished with value: 0.2721341091200588 and parameters: {'window_influence': 0.2769265594536709, 'penalty_k': 0.23913549024648262, 'scale_lr': 0.6788691357625248}. Best is trial 212 with value: 0.2844979555868521.
checkpoint_e32 window_influence: 0.31982319051952257, penalty_k: 0.05340866612682210, scale_lr: 0.46425109840835277, EAO: 0.259
Trial 785 finished with value: 0.25908965520500166 and parameters: {'window_influence': 0.31982319051952257, 'penalty_k': 0.0534086661268221, 'scale_lr': 0.46425109840835277}. Best is trial 212 with value: 0.2844979555868521.
checkpoint_e32 window_influence: 0.63771182495527678, penalty_k: 0.43941845187915030, scale_lr: 0.71202069357178632, EAO: 0.206
Trial 786 finished with value: 0.20634214773895296 and parameters: {'window_influence': 0.6377118249552768, 'penalty_k': 0.4394184518791503, 'scale_lr': 0.7120206935717863}. Best is trial 212 with value: 0.2844979555868521.
checkpoint_e32 window_influence: 0.54602203048739217, penalty_k: 0.09873263299435041, scale_lr: 0.36371351085924336, EAO: 0.247
Trial 787 finished with value: 0.24699687018869368 and parameters: {'window_influence': 0.5460220304873922, 'penalty_k': 0.09873263299435041, 'scale_lr': 0.36371351085924336}. Best is trial 212 with value: 0.2844979555868521.
checkpoint_e32 window_influence: 0.47683679367934084, penalty_k: 0.25363180829033255, scale_lr: 0.51946106244300760, EAO: 0.256
Trial 788 finished with value: 0.25581360705257433 and parameters: {'window_influence': 0.47683679367934084, 'penalty_k': 0.25363180829033255, 'scale_lr': 0.5194610624430076}. Best is trial 212 with value: 0.2844979555868521.
checkpoint_e32 window_influence: 0.35202292690266024, penalty_k: 0.56638585798493557, scale_lr: 0.10071702959705695, EAO: 0.246
Trial 789 finished with value: 0.24639527087773733 and parameters: {'window_influence': 0.35202292690266024, 'penalty_k': 0.5663858579849356, 'scale_lr': 0.10071702959705695}. Best is trial 212 with value: 0.2844979555868521.
checkpoint_e32 window_influence: 0.50252195612462180, penalty_k: 0.16353902837924758, scale_lr: 0.12641460744203220, EAO: 0.260
Trial 790 finished with value: 0.2603574078984377 and parameters: {'window_influence': 0.5025219561246218, 'penalty_k': 0.16353902837924758, 'scale_lr': 0.1264146074420322}. Best is trial 212 with value: 0.2844979555868521.
checkpoint_e32 window_influence: 0.31005289356940918, penalty_k: 0.07998238218217789, scale_lr: 0.54534539030003093, EAO: 0.254
Trial 791 finished with value: 0.2541277283817772 and parameters: {'window_influence': 0.3100528935694092, 'penalty_k': 0.07998238218217789, 'scale_lr': 0.5453453903000309}. Best is trial 212 with value: 0.2844979555868521.
checkpoint_e32 window_influence: 0.29128712848209193, penalty_k: 0.06309478287400162, scale_lr: 0.44435879000008377, EAO: 0.266
Trial 792 finished with value: 0.2660391047839227 and parameters: {'window_influence': 0.29128712848209193, 'penalty_k': 0.06309478287400162, 'scale_lr': 0.44435879000008377}. Best is trial 212 with value: 0.2844979555868521.
checkpoint_e32 window_influence: 0.18485558712477149, penalty_k: 0.10682477200268499, scale_lr: 0.60725022077930479, EAO: 0.252
Trial 793 finished with value: 0.25165211591051845 and parameters: {'window_influence': 0.1848555871247715, 'penalty_k': 0.10682477200268499, 'scale_lr': 0.6072502207793048}. Best is trial 212 with value: 0.2844979555868521.
checkpoint_e32 window_influence: 0.33857236367645077, penalty_k: 0.52643668776906405, scale_lr: 0.19111737603715692, EAO: 0.244
Trial 794 finished with value: 0.24396140043570744 and parameters: {'window_influence': 0.33857236367645077, 'penalty_k': 0.526436687769064, 'scale_lr': 0.19111737603715692}. Best is trial 212 with value: 0.2844979555868521.
checkpoint_e32 window_influence: 0.31732496552311562, penalty_k: 0.26981893090273429, scale_lr: 0.23177207696196017, EAO: 0.260
Trial 795 finished with value: 0.26033337456666356 and parameters: {'window_influence': 0.3173249655231156, 'penalty_k': 0.2698189309027343, 'scale_lr': 0.23177207696196017}. Best is trial 212 with value: 0.2844979555868521.
checkpoint_e32 window_influence: 0.32973644033480642, penalty_k: 0.08982370433194381, scale_lr: 0.15861360944848293, EAO: 0.273
