Trial 331 finished with value: 0.2603458614368749 and parameters: {'window_influence': 0.4390152809872103, 'penalty_k': 0.23045061486472265, 'scale_lr': 0.611815249139406}. Best is trial 185 with value: 0.27577401194872897.
checkpoint_e39 window_influence: 0.37701537972648330, penalty_k: 0.08529478385476377, scale_lr: 0.55415723810922091, EAO: 0.257
Trial 332 finished with value: 0.2574201999156456 and parameters: {'window_influence': 0.3770153797264833, 'penalty_k': 0.08529478385476377, 'scale_lr': 0.5541572381092209}. Best is trial 185 with value: 0.27577401194872897.
checkpoint_e39 window_influence: 0.45576791145472639, penalty_k: 0.28557785704276695, scale_lr: 0.67067681209703778, EAO: 0.263
Trial 333 finished with value: 0.26316349087207297 and parameters: {'window_influence': 0.4557679114547264, 'penalty_k': 0.28557785704276695, 'scale_lr': 0.6706768120970378}. Best is trial 185 with value: 0.27577401194872897.
checkpoint_e39 window_influence: 0.48604776771832758, penalty_k: 0.26224808066689170, scale_lr: 0.69896960165873745, EAO: 0.262
Trial 334 finished with value: 0.26199984604992516 and parameters: {'window_influence': 0.4860477677183276, 'penalty_k': 0.2622480806668917, 'scale_lr': 0.6989696016587374}. Best is trial 185 with value: 0.27577401194872897.
checkpoint_e39 window_influence: 0.40431190041753312, penalty_k: 0.24517493469614565, scale_lr: 0.74421032459242398, EAO: 0.257
Trial 335 finished with value: 0.2572226819953298 and parameters: {'window_influence': 0.4043119004175331, 'penalty_k': 0.24517493469614565, 'scale_lr': 0.744210324592424}. Best is trial 185 with value: 0.27577401194872897.
checkpoint_e39 window_influence: 0.43229554430110456, penalty_k: 0.25258888703679744, scale_lr: 0.68442486786670131, EAO: 0.264
Trial 336 finished with value: 0.2644830616872485 and parameters: {'window_influence': 0.43229554430110456, 'penalty_k': 0.25258888703679744, 'scale_lr': 0.6844248678667013}. Best is trial 185 with value: 0.27577401194872897.
checkpoint_e39 window_influence: 0.44645853853851103, penalty_k: 0.27541728846418567, scale_lr: 0.72455104029810558, EAO: 0.264
Trial 337 finished with value: 0.26444946174941414 and parameters: {'window_influence': 0.44645853853851103, 'penalty_k': 0.27541728846418567, 'scale_lr': 0.7245510402981056}. Best is trial 185 with value: 0.27577401194872897.
checkpoint_e39 window_influence: 0.17315435992214925, penalty_k: 0.22178768577686958, scale_lr: 0.70348997293769744, EAO: 0.249
Trial 338 finished with value: 0.24896569743873628 and parameters: {'window_influence': 0.17315435992214925, 'penalty_k': 0.22178768577686958, 'scale_lr': 0.7034899729376974}. Best is trial 185 with value: 0.27577401194872897.
checkpoint_e39 window_influence: 0.55159840282664130, penalty_k: 0.52297240718020277, scale_lr: 0.75948328073200688, EAO: 0.234
Trial 339 finished with value: 0.23425173335443666 and parameters: {'window_influence': 0.5515984028266413, 'penalty_k': 0.5229724071802028, 'scale_lr': 0.7594832807320069}. Best is trial 185 with value: 0.27577401194872897.
checkpoint_e39 window_influence: 0.46526190194508088, penalty_k: 0.19829228963228943, scale_lr: 0.65880238345724429, EAO: 0.259
Trial 340 finished with value: 0.2591964563703149 and parameters: {'window_influence': 0.4652619019450809, 'penalty_k': 0.19829228963228943, 'scale_lr': 0.6588023834572443}. Best is trial 185 with value: 0.27577401194872897.
checkpoint_e39 window_influence: 0.41820280201336896, penalty_k: 0.24059591875762759, scale_lr: 0.41040131025994619, EAO: 0.267
Trial 341 finished with value: 0.26712462978392115 and parameters: {'window_influence': 0.41820280201336896, 'penalty_k': 0.2405959187576276, 'scale_lr': 0.4104013102599462}. Best is trial 185 with value: 0.27577401194872897.
checkpoint_e39 window_influence: 0.45151688185677102, penalty_k: 0.29580720700459090, scale_lr: 0.46395312309796277, EAO: 0.251
Trial 342 finished with value: 0.2513479106431085 and parameters: {'window_influence': 0.451516881856771, 'penalty_k': 0.2958072070045909, 'scale_lr': 0.46395312309796277}. Best is trial 185 with value: 0.27577401194872897.
checkpoint_e39 window_influence: 0.43399046829633547, penalty_k: 0.26449225939209131, scale_lr: 0.67406184712800354, EAO: 0.270
Trial 343 finished with value: 0.2698127812728649 and parameters: {'window_influence': 0.4339904682963355, 'penalty_k': 0.2644922593920913, 'scale_lr': 0.6740618471280035}. Best is trial 185 with value: 0.27577401194872897.
checkpoint_e39 window_influence: 0.43065261966516694, penalty_k: 0.23461719878478751, scale_lr: 0.78191895647063714, EAO: 0.271
Trial 344 finished with value: 0.27065070052214757 and parameters: {'window_influence': 0.43065261966516694, 'penalty_k': 0.2346171987847875, 'scale_lr': 0.7819189564706371}. Best is trial 185 with value: 0.27577401194872897.
checkpoint_e39 window_influence: 0.42896584766304519, penalty_k: 0.21269034970552450, scale_lr: 0.78759736177489514, EAO: 0.264
Trial 345 finished with value: 0.26439365896025324 and parameters: {'window_influence': 0.4289658476630452, 'penalty_k': 0.2126903497055245, 'scale_lr': 0.7875973617748951}. Best is trial 185 with value: 0.27577401194872897.
checkpoint_e39 window_influence: 0.41243996458361376, penalty_k: 0.22989515722840270, scale_lr: 0.43793158975273588, EAO: 0.255
Trial 346 finished with value: 0.25471704362369163 and parameters: {'window_influence': 0.41243996458361376, 'penalty_k': 0.2298951572284027, 'scale_lr': 0.4379315897527359}. Best is trial 185 with value: 0.27577401194872897.
checkpoint_e39 window_influence: 0.39599818146571558, penalty_k: 0.23681174338180627, scale_lr: 0.79287279106875508, EAO: 0.261
Trial 347 finished with value: 0.26066815241323255 and parameters: {'window_influence': 0.3959981814657156, 'penalty_k': 0.23681174338180627, 'scale_lr': 0.7928727910687551}. Best is trial 185 with value: 0.27577401194872897.
checkpoint_e39 window_influence: 0.43077708543139975, penalty_k: 0.20313442966325271, scale_lr: 0.52138497454765553, EAO: 0.266
Trial 348 finished with value: 0.26612551758686703 and parameters: {'window_influence': 0.43077708543139975, 'penalty_k': 0.2031344296632527, 'scale_lr': 0.5213849745476555}. Best is trial 185 with value: 0.27577401194872897.
checkpoint_e39 window_influence: 0.43663945309320334, penalty_k: 0.22263943247588550, scale_lr: 0.76748826994892239, EAO: 0.265
Trial 349 finished with value: 0.26454498739988824 and parameters: {'window_influence': 0.43663945309320334, 'penalty_k': 0.2226394324758855, 'scale_lr': 0.7674882699489224}. Best is trial 185 with value: 0.27577401194872897.
checkpoint_e39 window_influence: 0.42078206184120143, penalty_k: 0.25986281318602245, scale_lr: 0.64793543106797069, EAO: 0.269
Trial 350 finished with value: 0.26857400946016236 and parameters: {'window_influence': 0.4207820618412014, 'penalty_k': 0.25986281318602245, 'scale_lr': 0.6479354310679707}. Best is trial 185 with value: 0.27577401194872897.
checkpoint_e39 window_influence: 0.44090435393279259, penalty_k: 0.24060485594108141, scale_lr: 0.67408137610060193, EAO: 0.265
Trial 351 finished with value: 0.26480714334705013 and parameters: {'window_influence': 0.4409043539327926, 'penalty_k': 0.2406048559410814, 'scale_lr': 0.6740813761006019}. Best is trial 185 with value: 0.27577401194872897.
checkpoint_e39 window_influence: 0.23926076587581979, penalty_k: 0.24873163750197635, scale_lr: 0.79455325036758306, EAO: 0.254
Trial 352 finished with value: 0.2541021038361681 and parameters: {'window_influence': 0.2392607658758198, 'penalty_k': 0.24873163750197635, 'scale_lr': 0.7945532503675831}. Best is trial 185 with value: 0.27577401194872897.
checkpoint_e39 window_influence: 0.42379985724093189, penalty_k: 0.38083876907094871, scale_lr: 0.77746081333574579, EAO: 0.262
Trial 353 finished with value: 0.2618133098613925 and parameters: {'window_influence': 0.4237998572409319, 'penalty_k': 0.3808387690709487, 'scale_lr': 0.7774608133357458}. Best is trial 185 with value: 0.27577401194872897.
checkpoint_e39 window_influence: 0.40513174513839773, penalty_k: 0.23011810908523203, scale_lr: 0.66501058628459309, EAO: 0.255
Trial 354 finished with value: 0.25495953306676894 and parameters: {'window_influence': 0.4051317451383977, 'penalty_k': 0.23011810908523203, 'scale_lr': 0.6650105862845931}. Best is trial 185 with value: 0.27577401194872897.
checkpoint_e39 window_influence: 0.44170801844609553, penalty_k: 0.26315453082926327, scale_lr: 0.68430222393836726, EAO: 0.271
Trial 355 finished with value: 0.2711742356783006 and parameters: {'window_influence': 0.44170801844609553, 'penalty_k': 0.26315453082926327, 'scale_lr': 0.6843022239383673}. Best is trial 185 with value: 0.27577401194872897.
checkpoint_e39 window_influence: 0.43652644770287674, penalty_k: 0.27104454877367390, scale_lr: 0.63586141383439032, EAO: 0.259
Trial 356 finished with value: 0.2587307273008959 and parameters: {'window_influence': 0.43652644770287674, 'penalty_k': 0.2710445487736739, 'scale_lr': 0.6358614138343903}. Best is trial 185 with value: 0.27577401194872897.
checkpoint_e39 window_influence: 0.41433613121078244, penalty_k: 0.28307657875042797, scale_lr: 0.67799606621793596, EAO: 0.255
Trial 357 finished with value: 0.25476262306537084 and parameters: {'window_influence': 0.41433613121078244, 'penalty_k': 0.28307657875042797, 'scale_lr': 0.677996066217936}. Best is trial 185 with value: 0.27577401194872897.
checkpoint_e39 window_influence: 0.38512083752982390, penalty_k: 0.26372683375648098, scale_lr: 0.76232458398747405, EAO: 0.262
Trial 358 finished with value: 0.26186718173870227 and parameters: {'window_influence': 0.3851208375298239, 'penalty_k': 0.263726833756481, 'scale_lr': 0.762324583987474}. Best is trial 185 with value: 0.27577401194872897.
checkpoint_e39 window_influence: 0.53063256717635998, penalty_k: 0.32183367379497890, scale_lr: 0.68936906826234556, EAO: 0.242
Trial 359 finished with value: 0.24173928875991 and parameters: {'window_influence': 0.53063256717636, 'penalty_k': 0.3218336737949789, 'scale_lr': 0.6893690682623456}. Best is trial 185 with value: 0.27577401194872897.
checkpoint_e39 window_influence: 0.08084530068687235, penalty_k: 0.11992239839458699, scale_lr: 0.71134414849439720, EAO: 0.243
Trial 360 finished with value: 0.24328843043829368 and parameters: {'window_influence': 0.08084530068687235, 'penalty_k': 0.11992239839458699, 'scale_lr': 0.7113441484943972}. Best is trial 185 with value: 0.27577401194872897.
checkpoint_e39 window_influence: 0.44311811238483190, penalty_k: 0.30395380847547110, scale_lr: 0.65188353761115869, EAO: 0.257
Trial 361 finished with value: 0.25681394689935977 and parameters: {'window_influence': 0.4431181123848319, 'penalty_k': 0.3039538084754711, 'scale_lr': 0.6518835376111587}. Best is trial 185 with value: 0.27577401194872897.
checkpoint_e39 window_influence: 0.42960389114313219, penalty_k: 0.25755060859776691, scale_lr: 0.66840389219918883, EAO: 0.263
Trial 362 finished with value: 0.26337749232363894 and parameters: {'window_influence': 0.4296038911431322, 'penalty_k': 0.2575506085977669, 'scale_lr': 0.6684038921991888}. Best is trial 185 with value: 0.27577401194872897.
checkpoint_e39 window_influence: 0.46974430513320220, penalty_k: 0.27724918048576536, scale_lr: 0.57288956661169377, EAO: 0.258
Trial 363 finished with value: 0.2580291442270201 and parameters: {'window_influence': 0.4697443051332022, 'penalty_k': 0.27724918048576536, 'scale_lr': 0.5728895666116938}. Best is trial 185 with value: 0.27577401194872897.
checkpoint_e39 window_influence: 0.26009005925541356, penalty_k: 0.24730620897090441, scale_lr: 0.38004714617784557, EAO: 0.254
Trial 364 finished with value: 0.25354842290403395 and parameters: {'window_influence': 0.26009005925541356, 'penalty_k': 0.2473062089709044, 'scale_lr': 0.3800471461778456}. Best is trial 185 with value: 0.27577401194872897.
checkpoint_e39 window_influence: 0.45516491055630776, penalty_k: 0.26459439582236211, scale_lr: 0.69774513530115689, EAO: 0.260
Trial 365 finished with value: 0.26001988363459827 and parameters: {'window_influence': 0.45516491055630776, 'penalty_k': 0.2645943958223621, 'scale_lr': 0.6977451353011569}. Best is trial 185 with value: 0.27577401194872897.
checkpoint_e39 window_influence: 0.30883880131090641, penalty_k: 0.29091700271810517, scale_lr: 0.72645331269500413, EAO: 0.262
Trial 366 finished with value: 0.2621760514935827 and parameters: {'window_influence': 0.3088388013109064, 'penalty_k': 0.29091700271810517, 'scale_lr': 0.7264533126950041}. Best is trial 185 with value: 0.27577401194872897.
checkpoint_e39 window_influence: 0.44246645660184908, penalty_k: 0.21905245235531179, scale_lr: 0.59765674322862516, EAO: 0.259
Trial 367 finished with value: 0.2593448783566312 and parameters: {'window_influence': 0.4424664566018491, 'penalty_k': 0.2190524523553118, 'scale_lr': 0.5976567432286252}. Best is trial 185 with value: 0.27577401194872897.
checkpoint_e39 window_influence: 0.42037618135114302, penalty_k: 0.23731106359729542, scale_lr: 0.71319900041495010, EAO: 0.259
Trial 368 finished with value: 0.25889113218319126 and parameters: {'window_influence': 0.420376181351143, 'penalty_k': 0.23731106359729542, 'scale_lr': 0.7131990004149501}. Best is trial 185 with value: 0.27577401194872897.
checkpoint_e39 window_influence: 0.43090975243469798, penalty_k: 0.25715925684606344, scale_lr: 0.45083500643658947, EAO: 0.256
Trial 369 finished with value: 0.2558978970457868 and parameters: {'window_influence': 0.430909752434698, 'penalty_k': 0.25715925684606344, 'scale_lr': 0.45083500643658947}. Best is trial 185 with value: 0.27577401194872897.
checkpoint_e39 window_influence: 0.09630946024560960, penalty_k: 0.27671859535179660, scale_lr: 0.68075789460983083, EAO: 0.246
Trial 370 finished with value: 0.24611873082756028 and parameters: {'window_influence': 0.0963094602456096, 'penalty_k': 0.2767185953517966, 'scale_lr': 0.6807578946098308}. Best is trial 185 with value: 0.27577401194872897.
checkpoint_e39 window_influence: 0.57851224382612298, penalty_k: 0.41212850472794310, scale_lr: 0.75438389621157231, EAO: 0.232
Trial 371 finished with value: 0.23220893770940904 and parameters: {'window_influence': 0.578512243826123, 'penalty_k': 0.4121285047279431, 'scale_lr': 0.7543838962115723}. Best is trial 185 with value: 0.27577401194872897.
checkpoint_e39 window_influence: 0.47683408683338624, penalty_k: 0.24992954769927933, scale_lr: 0.69206514029209665, EAO: 0.253
Trial 372 finished with value: 0.2529532999648311 and parameters: {'window_influence': 0.47683408683338624, 'penalty_k': 0.24992954769927933, 'scale_lr': 0.6920651402920966}. Best is trial 185 with value: 0.27577401194872897.
checkpoint_e39 window_influence: 0.45961369932605967, penalty_k: 0.23037623411995117, scale_lr: 0.50509519963911398, EAO: 0.260
Trial 373 finished with value: 0.2599392957319089 and parameters: {'window_influence': 0.45961369932605967, 'penalty_k': 0.23037623411995117, 'scale_lr': 0.505095199639114}. Best is trial 185 with value: 0.27577401194872897.
checkpoint_e39 window_influence: 0.44173383704578956, penalty_k: 0.21148954431617462, scale_lr: 0.62896063530506452, EAO: 0.264
Trial 374 finished with value: 0.26393423084078765 and parameters: {'window_influence': 0.44173383704578956, 'penalty_k': 0.21148954431617462, 'scale_lr': 0.6289606353050645}. Best is trial 185 with value: 0.27577401194872897.
checkpoint_e39 window_influence: 0.40599311691760537, penalty_k: 0.26606744518677666, scale_lr: 0.70472502570727047, EAO: 0.254
Trial 375 finished with value: 0.2537032333089084 and parameters: {'window_influence': 0.40599311691760537, 'penalty_k': 0.26606744518677666, 'scale_lr': 0.7047250257072705}. Best is trial 185 with value: 0.27577401194872897.
checkpoint_e39 window_influence: 0.44879140358516212, penalty_k: 0.19109249377284121, scale_lr: 0.77551923643596243, EAO: 0.259
Trial 376 finished with value: 0.25885320933369116 and parameters: {'window_influence': 0.4487914035851621, 'penalty_k': 0.1910924937728412, 'scale_lr': 0.7755192364359624}. Best is trial 185 with value: 0.27577401194872897.
checkpoint_e39 window_influence: 0.48922564862188694, penalty_k: 0.24167794775032270, scale_lr: 0.66054610328689778, EAO: 0.252
Trial 377 finished with value: 0.25212723392296615 and parameters: {'window_influence': 0.48922564862188694, 'penalty_k': 0.2416779477503227, 'scale_lr': 0.6605461032868978}. Best is trial 185 with value: 0.27577401194872897.
checkpoint_e39 window_influence: 0.43199556528528932, penalty_k: 0.25221734239218985, scale_lr: 0.72583866157091126, EAO: 0.266
Trial 378 finished with value: 0.26566145211700504 and parameters: {'window_influence': 0.4319955652852893, 'penalty_k': 0.25221734239218985, 'scale_lr': 0.7258386615709113}. Best is trial 185 with value: 0.27577401194872897.
checkpoint_e39 window_influence: 0.46246579717820691, penalty_k: 0.28488481845797126, scale_lr: 0.53340227834032183, EAO: 0.259
Trial 379 finished with value: 0.259367112100609 and parameters: {'window_influence': 0.4624657971782069, 'penalty_k': 0.28488481845797126, 'scale_lr': 0.5334022783403218}. Best is trial 185 with value: 0.27577401194872897.
checkpoint_e39 window_influence: 0.50181773613579406, penalty_k: 0.22993001912985034, scale_lr: 0.74362678277166783, EAO: 0.253
Trial 380 finished with value: 0.2532799008900557 and parameters: {'window_influence': 0.5018177361357941, 'penalty_k': 0.22993001912985034, 'scale_lr': 0.7436267827716678}. Best is trial 185 with value: 0.27577401194872897.
checkpoint_e39 window_influence: 0.45037744540791835, penalty_k: 0.34236864814212586, scale_lr: 0.68326126324428671, EAO: 0.263
Trial 381 finished with value: 0.2627095651578128 and parameters: {'window_influence': 0.45037744540791835, 'penalty_k': 0.34236864814212586, 'scale_lr': 0.6832612632442867}. Best is trial 185 with value: 0.27577401194872897.
checkpoint_e39 window_influence: 0.41652816759078048, penalty_k: 0.26743024647443742, scale_lr: 0.67190669617243437, EAO: 0.259
Trial 382 finished with value: 0.2588411719212687 and parameters: {'window_influence': 0.4165281675907805, 'penalty_k': 0.2674302464744374, 'scale_lr': 0.6719066961724344}. Best is trial 185 with value: 0.27577401194872897.
checkpoint_e39 window_influence: 0.39260972225645840, penalty_k: 0.25137671434649966, scale_lr: 0.55031514267370663, EAO: 0.256
Trial 383 finished with value: 0.25551493702138345 and parameters: {'window_influence': 0.3926097222564584, 'penalty_k': 0.25137671434649966, 'scale_lr': 0.5503151426737066}. Best is trial 185 with value: 0.27577401194872897.
checkpoint_e39 window_influence: 0.47022572844412464, penalty_k: 0.21760738192392912, scale_lr: 0.64549392314804788, EAO: 0.264
Trial 384 finished with value: 0.26358016901384523 and parameters: {'window_influence': 0.47022572844412464, 'penalty_k': 0.21760738192392912, 'scale_lr': 0.6454939231480479}. Best is trial 185 with value: 0.27577401194872897.
checkpoint_e39 window_influence: 0.43495709700597102, penalty_k: 0.23944587764964750, scale_lr: 0.79769362571395630, EAO: 0.271
Trial 385 finished with value: 0.27142636362856964 and parameters: {'window_influence': 0.434957097005971, 'penalty_k': 0.2394458776496475, 'scale_lr': 0.7976936257139563}. Best is trial 185 with value: 0.27577401194872897.
checkpoint_e39 window_influence: 0.33626885404464907, penalty_k: 0.02545076658090872, scale_lr: 0.78273036613553570, EAO: 0.255
Trial 386 finished with value: 0.25541186659801296 and parameters: {'window_influence': 0.33626885404464907, 'penalty_k': 0.025450766580908724, 'scale_lr': 0.7827303661355357}. Best is trial 185 with value: 0.27577401194872897.
checkpoint_e39 window_influence: 0.42523753653662644, penalty_k: 0.14298438697790911, scale_lr: 0.71252521117600176, EAO: 0.254
Trial 387 finished with value: 0.2536023859449518 and parameters: {'window_influence': 0.42523753653662644, 'penalty_k': 0.1429843869779091, 'scale_lr': 0.7125252111760018}. Best is trial 185 with value: 0.27577401194872897.
checkpoint_e39 window_influence: 0.35482769489794058, penalty_k: 0.23883678826077276, scale_lr: 0.78420462290321447, EAO: 0.251
Trial 388 finished with value: 0.2512014957099426 and parameters: {'window_influence': 0.3548276948979406, 'penalty_k': 0.23883678826077276, 'scale_lr': 0.7842046229032145}. Best is trial 185 with value: 0.27577401194872897.
checkpoint_e39 window_influence: 0.51455400427792342, penalty_k: 0.22559550842908258, scale_lr: 0.79671570328664765, EAO: 0.247
Trial 389 finished with value: 0.2468682694725874 and parameters: {'window_influence': 0.5145540042779234, 'penalty_k': 0.22559550842908258, 'scale_lr': 0.7967157032866476}. Best is trial 185 with value: 0.27577401194872897.
checkpoint_e39 window_influence: 0.40938967326564357, penalty_k: 0.23830076357098084, scale_lr: 0.78319347113761140, EAO: 0.264
Trial 390 finished with value: 0.26403057841750666 and parameters: {'window_influence': 0.40938967326564357, 'penalty_k': 0.23830076357098084, 'scale_lr': 0.7831934711376114}. Best is trial 185 with value: 0.27577401194872897.
checkpoint_e39 window_influence: 0.43657290271814997, penalty_k: 0.21344548626869067, scale_lr: 0.76330531915311872, EAO: 0.260
Trial 391 finished with value: 0.26002350261783214 and parameters: {'window_influence': 0.43657290271814997, 'penalty_k': 0.21344548626869067, 'scale_lr': 0.7633053191531187}. Best is trial 185 with value: 0.27577401194872897.
checkpoint_e39 window_influence: 0.32255330718964759, penalty_k: 0.20030459352913016, scale_lr: 0.69837701097529647, EAO: 0.251
Trial 392 finished with value: 0.2511402090511671 and parameters: {'window_influence': 0.3225533071896476, 'penalty_k': 0.20030459352913016, 'scale_lr': 0.6983770109752965}. Best is trial 185 with value: 0.27577401194872897.
checkpoint_e39 window_influence: 0.42273643802777355, penalty_k: 0.24773558969786982, scale_lr: 0.73860440448849163, EAO: 0.259
