Trial 1176 finished with value: 0.251050477287149 and parameters: {'window_influence': 0.31766367296070747, 'penalty_k': 0.2037509993799964, 'scale_lr': 0.2055610011269474}. Best is trial 489 with value: 0.28065862270390113.
checkpoint_e32 window_influence: 0.07826238509882805, penalty_k: 0.35333055627226989, scale_lr: 0.40999965210749445, EAO: 0.218
Trial 1177 finished with value: 0.2181614178831015 and parameters: {'window_influence': 0.07826238509882805, 'penalty_k': 0.3533305562722699, 'scale_lr': 0.40999965210749445}. Best is trial 489 with value: 0.28065862270390113.
checkpoint_e32 window_influence: 0.14925867951567995, penalty_k: 0.02239918050959300, scale_lr: 0.47825391226885766, EAO: 0.248
Trial 1178 finished with value: 0.24755004151322976 and parameters: {'window_influence': 0.14925867951567995, 'penalty_k': 0.022399180509592997, 'scale_lr': 0.47825391226885766}. Best is trial 489 with value: 0.28065862270390113.
checkpoint_e32 window_influence: 0.42742381391947659, penalty_k: 0.49671331477144431, scale_lr: 0.56265006950999008, EAO: 0.252
Trial 1179 finished with value: 0.25233409238782356 and parameters: {'window_influence': 0.4274238139194766, 'penalty_k': 0.4967133147714443, 'scale_lr': 0.5626500695099901}. Best is trial 489 with value: 0.28065862270390113.
checkpoint_e32 window_influence: 0.05691853728304241, penalty_k: 0.32990411869427988, scale_lr: 0.64432831518826694, EAO: 0.223
Trial 1180 finished with value: 0.22305043932141327 and parameters: {'window_influence': 0.056918537283042414, 'penalty_k': 0.3299041186942799, 'scale_lr': 0.6443283151882669}. Best is trial 489 with value: 0.28065862270390113.
checkpoint_e32 window_influence: 0.60923581233059709, penalty_k: 0.11698767022838548, scale_lr: 0.58188463545861602, EAO: 0.222
Trial 1181 finished with value: 0.22161626949058316 and parameters: {'window_influence': 0.6092358123305971, 'penalty_k': 0.11698767022838548, 'scale_lr': 0.581884635458616}. Best is trial 489 with value: 0.28065862270390113.
checkpoint_e32 window_influence: 0.33459830626581177, penalty_k: 0.13696856854256309, scale_lr: 0.22034590071291082, EAO: 0.259
Trial 1182 finished with value: 0.25868805782581733 and parameters: {'window_influence': 0.3345983062658118, 'penalty_k': 0.1369685685425631, 'scale_lr': 0.22034590071291082}. Best is trial 489 with value: 0.28065862270390113.
checkpoint_e32 window_influence: 0.46604176612826359, penalty_k: 0.22023814200385106, scale_lr: 0.43490627763344070, EAO: 0.254
Trial 1183 finished with value: 0.25433298624385664 and parameters: {'window_influence': 0.4660417661282636, 'penalty_k': 0.22023814200385106, 'scale_lr': 0.4349062776334407}. Best is trial 489 with value: 0.28065862270390113.
checkpoint_e32 window_influence: 0.29718337178391119, penalty_k: 0.59888702649092007, scale_lr: 0.37346665015642333, EAO: 0.248
Trial 1184 finished with value: 0.24754033098375894 and parameters: {'window_influence': 0.2971833717839112, 'penalty_k': 0.5988870264909201, 'scale_lr': 0.37346665015642333}. Best is trial 489 with value: 0.28065862270390113.
checkpoint_e32 window_influence: 0.30950701130199926, penalty_k: 0.09547634090523011, scale_lr: 0.25480041573521389, EAO: 0.269
Trial 1185 finished with value: 0.2685936451927433 and parameters: {'window_influence': 0.30950701130199926, 'penalty_k': 0.0954763409052301, 'scale_lr': 0.2548004157352139}. Best is trial 489 with value: 0.28065862270390113.
checkpoint_e32 window_influence: 0.21678777695663465, penalty_k: 0.00960764019856779, scale_lr: 0.28715358337092761, EAO: 0.245
Trial 1186 finished with value: 0.24548768391454123 and parameters: {'window_influence': 0.21678777695663465, 'penalty_k': 0.009607640198567788, 'scale_lr': 0.2871535833709276}. Best is trial 489 with value: 0.28065862270390113.
checkpoint_e32 window_influence: 0.38546457979997595, penalty_k: 0.19475301948092191, scale_lr: 0.77757822478698468, EAO: 0.253
Trial 1187 finished with value: 0.2534098323525452 and parameters: {'window_influence': 0.38546457979997595, 'penalty_k': 0.1947530194809219, 'scale_lr': 0.7775782247869847}. Best is trial 489 with value: 0.28065862270390113.
checkpoint_e32 window_influence: 0.36700636086835009, penalty_k: 0.25265168101655988, scale_lr: 0.39668225107479066, EAO: 0.267
Trial 1188 finished with value: 0.26679298184751493 and parameters: {'window_influence': 0.3670063608683501, 'penalty_k': 0.2526516810165599, 'scale_lr': 0.39668225107479066}. Best is trial 489 with value: 0.28065862270390113.
checkpoint_e32 window_influence: 0.16844461655710272, penalty_k: 0.03758697768977148, scale_lr: 0.68577296443220137, EAO: 0.255
Trial 1189 finished with value: 0.2547654671276488 and parameters: {'window_influence': 0.16844461655710272, 'penalty_k': 0.037586977689771484, 'scale_lr': 0.6857729644322014}. Best is trial 489 with value: 0.28065862270390113.
checkpoint_e32 window_influence: 0.32507730347941732, penalty_k: 0.27020686676014133, scale_lr: 0.75997554912536158, EAO: 0.258
Trial 1190 finished with value: 0.25840318517956307 and parameters: {'window_influence': 0.3250773034794173, 'penalty_k': 0.27020686676014133, 'scale_lr': 0.7599755491253616}. Best is trial 489 with value: 0.28065862270390113.
checkpoint_e32 window_influence: 0.34485622533635096, penalty_k: 0.46529331215527808, scale_lr: 0.55146528474429923, EAO: 0.254
Trial 1191 finished with value: 0.254161393618196 and parameters: {'window_influence': 0.34485622533635096, 'penalty_k': 0.4652933121552781, 'scale_lr': 0.5514652847442992}. Best is trial 489 with value: 0.28065862270390113.
checkpoint_e32 window_influence: 0.29142623899932468, penalty_k: 0.32221891829641525, scale_lr: 0.60109308841261566, EAO: 0.258
Trial 1192 finished with value: 0.25807341436545056 and parameters: {'window_influence': 0.2914262389993247, 'penalty_k': 0.32221891829641525, 'scale_lr': 0.6010930884126157}. Best is trial 489 with value: 0.28065862270390113.
checkpoint_e32 window_influence: 0.62259859455197308, penalty_k: 0.07146628924123004, scale_lr: 0.66438199034657486, EAO: 0.216
Trial 1193 finished with value: 0.2161550925272267 and parameters: {'window_influence': 0.6225985945519731, 'penalty_k': 0.07146628924123004, 'scale_lr': 0.6643819903465749}. Best is trial 489 with value: 0.28065862270390113.
checkpoint_e32 window_influence: 0.30335383142848177, penalty_k: 0.10897990400539997, scale_lr: 0.24179566975154801, EAO: 0.260
Trial 1194 finished with value: 0.25972996161478323 and parameters: {'window_influence': 0.30335383142848177, 'penalty_k': 0.10897990400539997, 'scale_lr': 0.241795669751548}. Best is trial 489 with value: 0.28065862270390113.
checkpoint_e32 window_influence: 0.53028773914797500, penalty_k: 0.38666967875337799, scale_lr: 0.51028321199437787, EAO: 0.234
Trial 1195 finished with value: 0.23449402884012316 and parameters: {'window_influence': 0.530287739147975, 'penalty_k': 0.386669678753378, 'scale_lr': 0.5102832119943779}. Best is trial 489 with value: 0.28065862270390113.
checkpoint_e32 window_influence: 0.43838655096856960, penalty_k: 0.00022570320882925, scale_lr: 0.33956668728327882, EAO: 0.266
Trial 1196 finished with value: 0.26632630752354136 and parameters: {'window_influence': 0.4383865509685696, 'penalty_k': 0.0002257032088292532, 'scale_lr': 0.3395666872832788}. Best is trial 489 with value: 0.28065862270390113.
checkpoint_e32 window_influence: 0.39900998573995472, penalty_k: 0.23454603303290994, scale_lr: 0.74152996792007797, EAO: 0.256
Trial 1197 finished with value: 0.25576149096818473 and parameters: {'window_influence': 0.3990099857399547, 'penalty_k': 0.23454603303290994, 'scale_lr': 0.741529967920078}. Best is trial 489 with value: 0.28065862270390113.
checkpoint_e32 window_influence: 0.35582235013885116, penalty_k: 0.51820624670293247, scale_lr: 0.27484411224417121, EAO: 0.270
Trial 1198 finished with value: 0.26974769191044135 and parameters: {'window_influence': 0.35582235013885116, 'penalty_k': 0.5182062467029325, 'scale_lr': 0.2748441122441712}. Best is trial 489 with value: 0.28065862270390113.
checkpoint_e32 window_influence: 0.31785110898554136, penalty_k: 0.34544132241493675, scale_lr: 0.20138884593980003, EAO: 0.254
Trial 1199 finished with value: 0.254281979266221 and parameters: {'window_influence': 0.31785110898554136, 'penalty_k': 0.34544132241493675, 'scale_lr': 0.20138884593980003}. Best is trial 489 with value: 0.28065862270390113.
checkpoint_e32 window_influence: 0.41436540808724420, penalty_k: 0.12618579578026856, scale_lr: 0.30718551187095061, EAO: 0.274
Trial 1200 finished with value: 0.2735463882364878 and parameters: {'window_influence': 0.4143654080872442, 'penalty_k': 0.12618579578026856, 'scale_lr': 0.3071855118709506}. Best is trial 489 with value: 0.28065862270390113.
checkpoint_e32 window_influence: 0.53704452665382763, penalty_k: 0.12792103155031737, scale_lr: 0.26646606712062360, EAO: 0.237
Trial 1201 finished with value: 0.2372982102196391 and parameters: {'window_influence': 0.5370445266538276, 'penalty_k': 0.12792103155031737, 'scale_lr': 0.2664660671206236}. Best is trial 489 with value: 0.28065862270390113.
checkpoint_e32 window_influence: 0.41642220320117507, penalty_k: 0.12843996499662227, scale_lr: 0.25729916127898617, EAO: 0.264
Trial 1202 finished with value: 0.263617886942092 and parameters: {'window_influence': 0.41642220320117507, 'penalty_k': 0.12843996499662227, 'scale_lr': 0.25729916127898617}. Best is trial 489 with value: 0.28065862270390113.
checkpoint_e32 window_influence: 0.42996510655908027, penalty_k: 0.11337832782338758, scale_lr: 0.29026795665346961, EAO: 0.259
Trial 1203 finished with value: 0.25851192846288523 and parameters: {'window_influence': 0.42996510655908027, 'penalty_k': 0.11337832782338758, 'scale_lr': 0.2902679566534696}. Best is trial 489 with value: 0.28065862270390113.
checkpoint_e32 window_influence: 0.41501521115596179, penalty_k: 0.14090904529723314, scale_lr: 0.43983305903816622, EAO: 0.253
Trial 1204 finished with value: 0.253104683102631 and parameters: {'window_influence': 0.4150152111559618, 'penalty_k': 0.14090904529723314, 'scale_lr': 0.4398330590381662}. Best is trial 489 with value: 0.28065862270390113.
checkpoint_e32 window_influence: 0.41383880632916165, penalty_k: 0.11800092465486771, scale_lr: 0.27988853766711447, EAO: 0.261
Trial 1205 finished with value: 0.2607489297908496 and parameters: {'window_influence': 0.41383880632916165, 'penalty_k': 0.11800092465486771, 'scale_lr': 0.27988853766711447}. Best is trial 489 with value: 0.28065862270390113.
checkpoint_e32 window_influence: 0.40487001089733970, penalty_k: 0.15060233130543299, scale_lr: 0.30894085553836470, EAO: 0.255
Trial 1206 finished with value: 0.2549746220673972 and parameters: {'window_influence': 0.4048700108973397, 'penalty_k': 0.150602331305433, 'scale_lr': 0.3089408555383647}. Best is trial 489 with value: 0.28065862270390113.
checkpoint_e32 window_influence: 0.39798618729084917, penalty_k: 0.10198287821501743, scale_lr: 0.32425255824886146, EAO: 0.256
Trial 1207 finished with value: 0.25564111805543666 and parameters: {'window_influence': 0.39798618729084917, 'penalty_k': 0.10198287821501743, 'scale_lr': 0.32425255824886146}. Best is trial 489 with value: 0.28065862270390113.
checkpoint_e32 window_influence: 0.63256145530330765, penalty_k: 0.41760954242136572, scale_lr: 0.78783665571137940, EAO: 0.205
Trial 1208 finished with value: 0.20541841724539192 and parameters: {'window_influence': 0.6325614553033077, 'penalty_k': 0.4176095424213657, 'scale_lr': 0.7878366557113794}. Best is trial 489 with value: 0.28065862270390113.
checkpoint_e32 window_influence: 0.38841157496347378, penalty_k: 0.12404091261425590, scale_lr: 0.23352140471593141, EAO: 0.264
Trial 1209 finished with value: 0.263550373839169 and parameters: {'window_influence': 0.3884115749634738, 'penalty_k': 0.1240409126142559, 'scale_lr': 0.2335214047159314}. Best is trial 489 with value: 0.28065862270390113.
checkpoint_e32 window_influence: 0.43198250929403692, penalty_k: 0.56282263077671779, scale_lr: 0.54381418889014510, EAO: 0.259
Trial 1210 finished with value: 0.2591315570885573 and parameters: {'window_influence': 0.4319825092940369, 'penalty_k': 0.5628226307767178, 'scale_lr': 0.5438141888901451}. Best is trial 489 with value: 0.28065862270390113.
checkpoint_e32 window_influence: 0.42027848610634116, penalty_k: 0.14101460059182286, scale_lr: 0.30596513557218524, EAO: 0.271
Trial 1211 finished with value: 0.27054421876261875 and parameters: {'window_influence': 0.42027848610634116, 'penalty_k': 0.14101460059182286, 'scale_lr': 0.30596513557218524}. Best is trial 489 with value: 0.28065862270390113.
checkpoint_e32 window_influence: 0.44310251783061272, penalty_k: 0.05453234712498777, scale_lr: 0.48924486142138485, EAO: 0.268
Trial 1212 finished with value: 0.2683587819943583 and parameters: {'window_influence': 0.4431025178306127, 'penalty_k': 0.05453234712498777, 'scale_lr': 0.48924486142138485}. Best is trial 489 with value: 0.28065862270390113.
checkpoint_e32 window_influence: 0.38192452414321360, penalty_k: 0.43945289382326125, scale_lr: 0.27718328402464060, EAO: 0.254
Trial 1213 finished with value: 0.2539235433427299 and parameters: {'window_influence': 0.3819245241432136, 'penalty_k': 0.43945289382326125, 'scale_lr': 0.2771832840246406}. Best is trial 489 with value: 0.28065862270390113.
checkpoint_e32 window_influence: 0.40365789281721925, penalty_k: 0.08089609401876641, scale_lr: 0.46082931920332137, EAO: 0.262
Trial 1214 finished with value: 0.26230030494734524 and parameters: {'window_influence': 0.40365789281721925, 'penalty_k': 0.0808960940187664, 'scale_lr': 0.4608293192033214}. Best is trial 489 with value: 0.28065862270390113.
checkpoint_e32 window_influence: 0.45355952076676487, penalty_k: 0.09580603086856959, scale_lr: 0.60926543903986574, EAO: 0.268
Trial 1215 finished with value: 0.26807412517264606 and parameters: {'window_influence': 0.45355952076676487, 'penalty_k': 0.09580603086856959, 'scale_lr': 0.6092654390398657}. Best is trial 489 with value: 0.28065862270390113.
checkpoint_e32 window_influence: 0.42543461391379356, penalty_k: 0.12828831041221275, scale_lr: 0.36062131658725893, EAO: 0.261
Trial 1216 finished with value: 0.2609105685014066 and parameters: {'window_influence': 0.42543461391379356, 'penalty_k': 0.12828831041221275, 'scale_lr': 0.36062131658725893}. Best is trial 489 with value: 0.28065862270390113.
checkpoint_e32 window_influence: 0.05392469714326198, penalty_k: 0.11290901113321718, scale_lr: 0.62907766926024522, EAO: 0.235
Trial 1217 finished with value: 0.23539613369034557 and parameters: {'window_influence': 0.05392469714326198, 'penalty_k': 0.11290901113321718, 'scale_lr': 0.6290776692602452}. Best is trial 489 with value: 0.28065862270390113.
checkpoint_e32 window_influence: 0.37454269625985070, penalty_k: 0.21022366193138145, scale_lr: 0.42741964779762831, EAO: 0.267
Trial 1218 finished with value: 0.26670853466522404 and parameters: {'window_influence': 0.3745426962598507, 'penalty_k': 0.21022366193138145, 'scale_lr': 0.4274196477976283}. Best is trial 489 with value: 0.28065862270390113.
checkpoint_e32 window_influence: 0.41227747484535926, penalty_k: 0.24134104187660960, scale_lr: 0.79879280525393570, EAO: 0.253
Trial 1219 finished with value: 0.25335170098436555 and parameters: {'window_influence': 0.41227747484535926, 'penalty_k': 0.2413410418766096, 'scale_lr': 0.7987928052539357}. Best is trial 489 with value: 0.28065862270390113.
checkpoint_e32 window_influence: 0.39559177820666502, penalty_k: 0.33345028112226921, scale_lr: 0.52875774788308538, EAO: 0.258
Trial 1220 finished with value: 0.2584498236940159 and parameters: {'window_influence': 0.395591778206665, 'penalty_k': 0.3334502811222692, 'scale_lr': 0.5287577478830854}. Best is trial 489 with value: 0.28065862270390113.
checkpoint_e32 window_influence: 0.36457928791129185, penalty_k: 0.14241728091913386, scale_lr: 0.47413848561854555, EAO: 0.274
Trial 1221 finished with value: 0.2736827725680863 and parameters: {'window_influence': 0.36457928791129185, 'penalty_k': 0.14241728091913386, 'scale_lr': 0.47413848561854555}. Best is trial 489 with value: 0.28065862270390113.
checkpoint_e32 window_influence: 0.36283311428586296, penalty_k: 0.13737532390024523, scale_lr: 0.44465560744848476, EAO: 0.264
Trial 1222 finished with value: 0.26403355598449707 and parameters: {'window_influence': 0.36283311428586296, 'penalty_k': 0.13737532390024523, 'scale_lr': 0.44465560744848476}. Best is trial 489 with value: 0.28065862270390113.
checkpoint_e32 window_influence: 0.36652135007185038, penalty_k: 0.14472158825091502, scale_lr: 0.47511521640386939, EAO: 0.258
Trial 1223 finished with value: 0.2579875788310679 and parameters: {'window_influence': 0.3665213500718504, 'penalty_k': 0.14472158825091502, 'scale_lr': 0.4751152164038694}. Best is trial 489 with value: 0.28065862270390113.
checkpoint_e32 window_influence: 0.38229000324705220, penalty_k: 0.14450247070962174, scale_lr: 0.46980442301254144, EAO: 0.264
Trial 1224 finished with value: 0.2635590636390981 and parameters: {'window_influence': 0.3822900032470522, 'penalty_k': 0.14450247070962174, 'scale_lr': 0.46980442301254144}. Best is trial 489 with value: 0.28065862270390113.
checkpoint_e32 window_influence: 0.37647936741782972, penalty_k: 0.15977570309459804, scale_lr: 0.51714870836807525, EAO: 0.259
Trial 1225 finished with value: 0.2589552369180734 and parameters: {'window_influence': 0.3764793674178297, 'penalty_k': 0.15977570309459804, 'scale_lr': 0.5171487083680752}. Best is trial 489 with value: 0.28065862270390113.
checkpoint_e32 window_influence: 0.36192882461447390, penalty_k: 0.16055461684550540, scale_lr: 0.45866293098060829, EAO: 0.257
Trial 1226 finished with value: 0.2572369421037232 and parameters: {'window_influence': 0.3619288246144739, 'penalty_k': 0.1605546168455054, 'scale_lr': 0.4586629309806083}. Best is trial 489 with value: 0.28065862270390113.
checkpoint_e32 window_influence: 0.54484678817827437, penalty_k: 0.12496376541749568, scale_lr: 0.43139839325651880, EAO: 0.236
Trial 1227 finished with value: 0.2361027660166345 and parameters: {'window_influence': 0.5448467881782744, 'penalty_k': 0.12496376541749568, 'scale_lr': 0.4313983932565188}. Best is trial 489 with value: 0.28065862270390113.
checkpoint_e32 window_influence: 0.35062165092826264, penalty_k: 0.13031361191652352, scale_lr: 0.48565064215700215, EAO: 0.261
Trial 1228 finished with value: 0.26111485645538424 and parameters: {'window_influence': 0.35062165092826264, 'penalty_k': 0.13031361191652352, 'scale_lr': 0.48565064215700215}. Best is trial 489 with value: 0.28065862270390113.
checkpoint_e32 window_influence: 0.39299673551986863, penalty_k: 0.15696366313657434, scale_lr: 0.47224405275169873, EAO: 0.272
Trial 1229 finished with value: 0.27192844704883856 and parameters: {'window_influence': 0.39299673551986863, 'penalty_k': 0.15696366313657434, 'scale_lr': 0.47224405275169873}. Best is trial 489 with value: 0.28065862270390113.
checkpoint_e32 window_influence: 0.37603294280175886, penalty_k: 0.17252191509306430, scale_lr: 0.65415083062978441, EAO: 0.252
Trial 1230 finished with value: 0.2518152724800071 and parameters: {'window_influence': 0.37603294280175886, 'penalty_k': 0.1725219150930643, 'scale_lr': 0.6541508306297844}. Best is trial 489 with value: 0.28065862270390113.
checkpoint_e32 window_influence: 0.35346531370957496, penalty_k: 0.18651399009974115, scale_lr: 0.44535059287074591, EAO: 0.265
Trial 1231 finished with value: 0.2650260994952869 and parameters: {'window_influence': 0.35346531370957496, 'penalty_k': 0.18651399009974115, 'scale_lr': 0.4453505928707459}. Best is trial 489 with value: 0.28065862270390113.
checkpoint_e32 window_influence: 0.37212934908056078, penalty_k: 0.36159774064011940, scale_lr: 0.78569290308944961, EAO: 0.263
Trial 1232 finished with value: 0.26342137660679776 and parameters: {'window_influence': 0.3721293490805608, 'penalty_k': 0.3615977406401194, 'scale_lr': 0.7856929030894496}. Best is trial 489 with value: 0.28065862270390113.
checkpoint_e32 window_influence: 0.38886240275102563, penalty_k: 0.15134382544886044, scale_lr: 0.29315417175131181, EAO: 0.266
Trial 1233 finished with value: 0.26625303257771626 and parameters: {'window_influence': 0.3888624027510256, 'penalty_k': 0.15134382544886044, 'scale_lr': 0.2931541717513118}. Best is trial 489 with value: 0.28065862270390113.
checkpoint_e32 window_influence: 0.61717174560099075, penalty_k: 0.11439396307562813, scale_lr: 0.49530588864402952, EAO: 0.217
Trial 1234 finished with value: 0.21706122002465938 and parameters: {'window_influence': 0.6171717456009908, 'penalty_k': 0.11439396307562813, 'scale_lr': 0.4953058886440295}. Best is trial 489 with value: 0.28065862270390113.
checkpoint_e32 window_influence: 0.36347019621286791, penalty_k: 0.13830391687699084, scale_lr: 0.45638296497220854, EAO: 0.268
Trial 1235 finished with value: 0.2684706156331349 and parameters: {'window_influence': 0.3634701962128679, 'penalty_k': 0.13830391687699084, 'scale_lr': 0.45638296497220854}. Best is trial 489 with value: 0.28065862270390113.
checkpoint_e32 window_influence: 0.19327117797958146, penalty_k: 0.34779876185682107, scale_lr: 0.25107024987110360, EAO: 0.242
Trial 1236 finished with value: 0.24224779670073734 and parameters: {'window_influence': 0.19327117797958146, 'penalty_k': 0.34779876185682107, 'scale_lr': 0.2510702498711036}. Best is trial 489 with value: 0.28065862270390113.
checkpoint_e32 window_influence: 0.44880236101536919, penalty_k: 0.32630501745976159, scale_lr: 0.76633579971520416, EAO: 0.256
Trial 1237 finished with value: 0.255574247095643 and parameters: {'window_influence': 0.4488023610153692, 'penalty_k': 0.3263050174597616, 'scale_lr': 0.7663357997152042}. Best is trial 489 with value: 0.28065862270390113.
checkpoint_e32 window_influence: 0.57077386717111578, penalty_k: 0.10562546827283081, scale_lr: 0.56818616743699601, EAO: 0.224
