Trial 124 finished with value: 0.26626925594438383 and parameters: {'window_influence': 0.2382729481779092, 'penalty_k': 0.13669224526434312, 'scale_lr': 0.2705849463513048}. Best is trial 113 with value: 0.2826390351827552.
checkpoint_e39 window_influence: 0.25301567894751897, penalty_k: 0.20590179915022261, scale_lr: 0.28737361334024930, EAO: 0.266
Trial 125 finished with value: 0.2662322008755149 and parameters: {'window_influence': 0.253015678947519, 'penalty_k': 0.2059017991502226, 'scale_lr': 0.2873736133402493}. Best is trial 113 with value: 0.2826390351827552.
checkpoint_e39 window_influence: 0.22678292758426252, penalty_k: 0.19185102920676969, scale_lr: 0.29279548502390207, EAO: 0.264
Trial 126 finished with value: 0.26375459691857905 and parameters: {'window_influence': 0.22678292758426252, 'penalty_k': 0.1918510292067697, 'scale_lr': 0.29279548502390207}. Best is trial 113 with value: 0.2826390351827552.
checkpoint_e39 window_influence: 0.24528343207782249, penalty_k: 0.17678153368015881, scale_lr: 0.33993937632148935, EAO: 0.256
Trial 127 finished with value: 0.2555039924819295 and parameters: {'window_influence': 0.2452834320778225, 'penalty_k': 0.1767815336801588, 'scale_lr': 0.33993937632148935}. Best is trial 113 with value: 0.2826390351827552.
checkpoint_e39 window_influence: 0.27830121640244371, penalty_k: 0.15907887543019178, scale_lr: 0.31242273883297206, EAO: 0.256
Trial 128 finished with value: 0.25614541587306233 and parameters: {'window_influence': 0.2783012164024437, 'penalty_k': 0.15907887543019178, 'scale_lr': 0.31242273883297206}. Best is trial 113 with value: 0.2826390351827552.
checkpoint_e39 window_influence: 0.29923733989098766, penalty_k: 0.26235817283325447, scale_lr: 0.26398072404304118, EAO: 0.270
Trial 129 finished with value: 0.2696618776374716 and parameters: {'window_influence': 0.29923733989098766, 'penalty_k': 0.26235817283325447, 'scale_lr': 0.2639807240430412}. Best is trial 113 with value: 0.2826390351827552.
checkpoint_e39 window_influence: 0.31142230703183976, penalty_k: 0.21747079464591262, scale_lr: 0.35480315610004143, EAO: 0.268
Trial 130 finished with value: 0.2676190764802258 and parameters: {'window_influence': 0.31142230703183976, 'penalty_k': 0.21747079464591262, 'scale_lr': 0.35480315610004143}. Best is trial 113 with value: 0.2826390351827552.
checkpoint_e39 window_influence: 0.26723293363242473, penalty_k: 0.16506157100269445, scale_lr: 0.24483521778377154, EAO: 0.271
Trial 131 finished with value: 0.27098655258494664 and parameters: {'window_influence': 0.26723293363242473, 'penalty_k': 0.16506157100269445, 'scale_lr': 0.24483521778377154}. Best is trial 113 with value: 0.2826390351827552.
checkpoint_e39 window_influence: 0.25654642867169480, penalty_k: 0.14456392406598112, scale_lr: 0.25927151943389415, EAO: 0.272
Trial 132 finished with value: 0.2715010217171374 and parameters: {'window_influence': 0.2565464286716948, 'penalty_k': 0.14456392406598112, 'scale_lr': 0.25927151943389415}. Best is trial 113 with value: 0.2826390351827552.
checkpoint_e39 window_influence: 0.25357986274160982, penalty_k: 0.13489548931909787, scale_lr: 0.22102766187532330, EAO: 0.258
Trial 133 finished with value: 0.2581349455607616 and parameters: {'window_influence': 0.2535798627416098, 'penalty_k': 0.13489548931909787, 'scale_lr': 0.2210276618753233}. Best is trial 113 with value: 0.2826390351827552.
checkpoint_e39 window_influence: 0.24027946466005196, penalty_k: 0.15091489048839907, scale_lr: 0.27563151669833147, EAO: 0.253
Trial 134 finished with value: 0.252555651090494 and parameters: {'window_influence': 0.24027946466005196, 'penalty_k': 0.15091489048839907, 'scale_lr': 0.27563151669833147}. Best is trial 113 with value: 0.2826390351827552.
checkpoint_e39 window_influence: 0.28876773087961427, penalty_k: 0.18295199157592365, scale_lr: 0.29936215907803843, EAO: 0.273
Trial 135 finished with value: 0.27263659753692826 and parameters: {'window_influence': 0.28876773087961427, 'penalty_k': 0.18295199157592365, 'scale_lr': 0.2993621590780384}. Best is trial 113 with value: 0.2826390351827552.
checkpoint_e39 window_influence: 0.29203884972557165, penalty_k: 0.18312535953059939, scale_lr: 0.32217586886176303, EAO: 0.273
Trial 136 finished with value: 0.27257069024613234 and parameters: {'window_influence': 0.29203884972557165, 'penalty_k': 0.18312535953059939, 'scale_lr': 0.322175868861763}. Best is trial 113 with value: 0.2826390351827552.
checkpoint_e39 window_influence: 0.31792993104963940, penalty_k: 0.17665781622013241, scale_lr: 0.32231745199906847, EAO: 0.274
Trial 137 finished with value: 0.2741610037723208 and parameters: {'window_influence': 0.3179299310496394, 'penalty_k': 0.1766578162201324, 'scale_lr': 0.32231745199906847}. Best is trial 113 with value: 0.2826390351827552.
checkpoint_e39 window_influence: 0.32287861729362838, penalty_k: 0.16938343967417363, scale_lr: 0.32665442388499083, EAO: 0.268
Trial 138 finished with value: 0.2680247680443089 and parameters: {'window_influence': 0.3228786172936284, 'penalty_k': 0.16938343967417363, 'scale_lr': 0.32665442388499083}. Best is trial 113 with value: 0.2826390351827552.
checkpoint_e39 window_influence: 0.28734266775598560, penalty_k: 0.20157486906398364, scale_lr: 0.36203893507056178, EAO: 0.249
Trial 139 finished with value: 0.2491946976965036 and parameters: {'window_influence': 0.2873426677559856, 'penalty_k': 0.20157486906398364, 'scale_lr': 0.3620389350705618}. Best is trial 113 with value: 0.2826390351827552.
checkpoint_e39 window_influence: 0.31496612045196981, penalty_k: 0.18296971184249738, scale_lr: 0.30625292028228840, EAO: 0.259
Trial 140 finished with value: 0.25884451396097014 and parameters: {'window_influence': 0.3149661204519698, 'penalty_k': 0.18296971184249738, 'scale_lr': 0.3062529202822884}. Best is trial 113 with value: 0.2826390351827552.
checkpoint_e39 window_influence: 0.33908549486441897, penalty_k: 0.18010546273157466, scale_lr: 0.32448764455665635, EAO: 0.262
Trial 141 finished with value: 0.2624247164382198 and parameters: {'window_influence': 0.33908549486441897, 'penalty_k': 0.18010546273157466, 'scale_lr': 0.32448764455665635}. Best is trial 113 with value: 0.2826390351827552.
checkpoint_e39 window_influence: 0.29488148994293112, penalty_k: 0.16216138295093585, scale_lr: 0.29233396165077280, EAO: 0.268
Trial 142 finished with value: 0.2680590521635079 and parameters: {'window_influence': 0.2948814899429311, 'penalty_k': 0.16216138295093585, 'scale_lr': 0.2923339616507728}. Best is trial 113 with value: 0.2826390351827552.
checkpoint_e39 window_influence: 0.28021323959262190, penalty_k: 0.13014137602132991, scale_lr: 0.33892697300898650, EAO: 0.255
Trial 143 finished with value: 0.2548614060127638 and parameters: {'window_influence': 0.2802132395926219, 'penalty_k': 0.1301413760213299, 'scale_lr': 0.3389269730089865}. Best is trial 113 with value: 0.2826390351827552.
checkpoint_e39 window_influence: 0.30116998992876531, penalty_k: 0.11349937077258376, scale_lr: 0.30279872292763027, EAO: 0.262
Trial 144 finished with value: 0.2617142226516716 and parameters: {'window_influence': 0.3011699899287653, 'penalty_k': 0.11349937077258376, 'scale_lr': 0.30279872292763027}. Best is trial 113 with value: 0.2826390351827552.
checkpoint_e39 window_influence: 0.22855038608797296, penalty_k: 0.15081018751235589, scale_lr: 0.27766705580769446, EAO: 0.267
Trial 145 finished with value: 0.26675883510975335 and parameters: {'window_influence': 0.22855038608797296, 'penalty_k': 0.1508101875123559, 'scale_lr': 0.27766705580769446}. Best is trial 113 with value: 0.2826390351827552.
checkpoint_e39 window_influence: 0.32737377538227586, penalty_k: 0.21859941147337000, scale_lr: 0.32173181480032470, EAO: 0.271
Trial 146 finished with value: 0.2712031733093223 and parameters: {'window_influence': 0.32737377538227586, 'penalty_k': 0.21859941147337, 'scale_lr': 0.3217318148003247}. Best is trial 113 with value: 0.2826390351827552.
checkpoint_e39 window_influence: 0.21746397101917242, penalty_k: 0.17404146242472851, scale_lr: 0.35170006930650310, EAO: 0.258
Trial 147 finished with value: 0.2584301224205552 and parameters: {'window_influence': 0.21746397101917242, 'penalty_k': 0.1740414624247285, 'scale_lr': 0.3517000693065031}. Best is trial 113 with value: 0.2826390351827552.
checkpoint_e39 window_influence: 0.26962011129855484, penalty_k: 0.19622211223417815, scale_lr: 0.29998712758823043, EAO: 0.268
Trial 148 finished with value: 0.26839312287123224 and parameters: {'window_influence': 0.26962011129855484, 'penalty_k': 0.19622211223417815, 'scale_lr': 0.29998712758823043}. Best is trial 113 with value: 0.2826390351827552.
checkpoint_e39 window_influence: 0.28852347157395980, penalty_k: 0.06248822354219689, scale_lr: 0.28349339503518034, EAO: 0.266
Trial 149 finished with value: 0.2658034187506854 and parameters: {'window_influence': 0.2885234715739598, 'penalty_k': 0.062488223542196894, 'scale_lr': 0.28349339503518034}. Best is trial 113 with value: 0.2826390351827552.
checkpoint_e39 window_influence: 0.30862675124855671, penalty_k: 0.23371285369408668, scale_lr: 0.36721932648594113, EAO: 0.265
Trial 150 finished with value: 0.26456481115362507 and parameters: {'window_influence': 0.3086267512485567, 'penalty_k': 0.23371285369408668, 'scale_lr': 0.36721932648594113}. Best is trial 113 with value: 0.2826390351827552.
checkpoint_e39 window_influence: 0.26662005424282487, penalty_k: 0.19153252678794383, scale_lr: 0.24580898958505465, EAO: 0.267
Trial 151 finished with value: 0.2673623266864598 and parameters: {'window_influence': 0.26662005424282487, 'penalty_k': 0.19153252678794383, 'scale_lr': 0.24580898958505465}. Best is trial 113 with value: 0.2826390351827552.
checkpoint_e39 window_influence: 0.24816479672271741, penalty_k: 0.18439509870046272, scale_lr: 0.26205629111338152, EAO: 0.263
Trial 152 finished with value: 0.26347706048953823 and parameters: {'window_influence': 0.2481647967227174, 'penalty_k': 0.18439509870046272, 'scale_lr': 0.2620562911133815}. Best is trial 113 with value: 0.2826390351827552.
checkpoint_e39 window_influence: 0.27894265785054340, penalty_k: 0.16002727876646020, scale_lr: 0.23583210259012111, EAO: 0.263
Trial 153 finished with value: 0.26305234093007035 and parameters: {'window_influence': 0.2789426578505434, 'penalty_k': 0.1600272787664602, 'scale_lr': 0.2358321025901211}. Best is trial 113 with value: 0.2826390351827552.
checkpoint_e39 window_influence: 0.23093992151625836, penalty_k: 0.21788247606260758, scale_lr: 0.28770072328271878, EAO: 0.256
Trial 154 finished with value: 0.25629539012424346 and parameters: {'window_influence': 0.23093992151625836, 'penalty_k': 0.21788247606260758, 'scale_lr': 0.2877007232827188}. Best is trial 113 with value: 0.2826390351827552.
checkpoint_e39 window_influence: 0.26147650360305563, penalty_k: 0.20276714408210611, scale_lr: 0.31539769513943028, EAO: 0.262
Trial 155 finished with value: 0.26178376564407735 and parameters: {'window_influence': 0.26147650360305563, 'penalty_k': 0.2027671440821061, 'scale_lr': 0.3153976951394303}. Best is trial 113 with value: 0.2826390351827552.
checkpoint_e39 window_influence: 0.24349756944137962, penalty_k: 0.14571394111360877, scale_lr: 0.27363426624089099, EAO: 0.263
Trial 156 finished with value: 0.2628257352767921 and parameters: {'window_influence': 0.24349756944137962, 'penalty_k': 0.14571394111360877, 'scale_lr': 0.273634266240891}. Best is trial 113 with value: 0.2826390351827552.
checkpoint_e39 window_influence: 0.19991114544962110, penalty_k: 0.17179451794362605, scale_lr: 0.19186417397705646, EAO: 0.258
Trial 157 finished with value: 0.2580139191170049 and parameters: {'window_influence': 0.1999111454496211, 'penalty_k': 0.17179451794362605, 'scale_lr': 0.19186417397705646}. Best is trial 113 with value: 0.2826390351827552.
checkpoint_e39 window_influence: 0.30145623687591955, penalty_k: 0.13447679248173927, scale_lr: 0.34197286274826905, EAO: 0.259
Trial 158 finished with value: 0.2594222846796842 and parameters: {'window_influence': 0.30145623687591955, 'penalty_k': 0.13447679248173927, 'scale_lr': 0.34197286274826905}. Best is trial 113 with value: 0.2826390351827552.
checkpoint_e39 window_influence: 0.21557782863988650, penalty_k: 0.15601491185573191, scale_lr: 0.24943477736989561, EAO: 0.268
Trial 159 finished with value: 0.26821693778038025 and parameters: {'window_influence': 0.2155778286398865, 'penalty_k': 0.1560149118557319, 'scale_lr': 0.2494347773698956}. Best is trial 113 with value: 0.2826390351827552.
checkpoint_e39 window_influence: 0.34091507747956906, penalty_k: 0.12073795181459260, scale_lr: 0.22561412074042814, EAO: 0.272
Trial 160 finished with value: 0.2716466390747365 and parameters: {'window_influence': 0.34091507747956906, 'penalty_k': 0.1207379518145926, 'scale_lr': 0.22561412074042814}. Best is trial 113 with value: 0.2826390351827552.
checkpoint_e39 window_influence: 0.33886889652674668, penalty_k: 0.11824330955463497, scale_lr: 0.22276628082268893, EAO: 0.269
Trial 161 finished with value: 0.269262475877758 and parameters: {'window_influence': 0.3388688965267467, 'penalty_k': 0.11824330955463497, 'scale_lr': 0.22276628082268893}. Best is trial 113 with value: 0.2826390351827552.
checkpoint_e39 window_influence: 0.32156649019114958, penalty_k: 0.17915837277290894, scale_lr: 0.26783449797498465, EAO: 0.266
Trial 162 finished with value: 0.26635158043809054 and parameters: {'window_influence': 0.3215664901911496, 'penalty_k': 0.17915837277290894, 'scale_lr': 0.26783449797498465}. Best is trial 113 with value: 0.2826390351827552.
checkpoint_e39 window_influence: 0.27407345419539109, penalty_k: 0.10087309653997803, scale_lr: 0.21569018596398412, EAO: 0.270
Trial 163 finished with value: 0.26977467936713523 and parameters: {'window_influence': 0.2740734541953911, 'penalty_k': 0.10087309653997803, 'scale_lr': 0.21569018596398412}. Best is trial 113 with value: 0.2826390351827552.
checkpoint_e39 window_influence: 0.28784885396010296, penalty_k: 0.07739488430495095, scale_lr: 0.23148611710248646, EAO: 0.259
Trial 164 finished with value: 0.25945619790534663 and parameters: {'window_influence': 0.28784885396010296, 'penalty_k': 0.07739488430495095, 'scale_lr': 0.23148611710248646}. Best is trial 113 with value: 0.2826390351827552.
checkpoint_e39 window_influence: 0.34520595575090091, penalty_k: 0.12497469159680880, scale_lr: 0.29239925918937554, EAO: 0.251
Trial 165 finished with value: 0.2508352225631233 and parameters: {'window_influence': 0.3452059557509009, 'penalty_k': 0.1249746915968088, 'scale_lr': 0.29239925918937554}. Best is trial 113 with value: 0.2826390351827552.
checkpoint_e39 window_influence: 0.25726358258448601, penalty_k: 0.16745169089049117, scale_lr: 0.31071659320506306, EAO: 0.268
Trial 166 finished with value: 0.268476705059288 and parameters: {'window_influence': 0.257263582584486, 'penalty_k': 0.16745169089049117, 'scale_lr': 0.31071659320506306}. Best is trial 113 with value: 0.2826390351827552.
checkpoint_e39 window_influence: 0.18723130015011230, penalty_k: 0.14811617401620378, scale_lr: 0.25364140307571176, EAO: 0.260
Trial 167 finished with value: 0.259523148338 and parameters: {'window_influence': 0.1872313001501123, 'penalty_k': 0.14811617401620378, 'scale_lr': 0.25364140307571176}. Best is trial 113 with value: 0.2826390351827552.
checkpoint_e39 window_influence: 0.23327898067170491, penalty_k: 0.19170871398755224, scale_lr: 0.19707238537132762, EAO: 0.263
Trial 168 finished with value: 0.26277101209493187 and parameters: {'window_influence': 0.2332789806717049, 'penalty_k': 0.19170871398755224, 'scale_lr': 0.19707238537132762}. Best is trial 113 with value: 0.2826390351827552.
checkpoint_e39 window_influence: 0.24749081830927236, penalty_k: 0.09124900157643651, scale_lr: 0.33002007200788464, EAO: 0.255
Trial 169 finished with value: 0.2547352634430901 and parameters: {'window_influence': 0.24749081830927236, 'penalty_k': 0.0912490015764365, 'scale_lr': 0.33002007200788464}. Best is trial 113 with value: 0.2826390351827552.
checkpoint_e39 window_influence: 0.30909521604255286, penalty_k: 0.20995869797067329, scale_lr: 0.18231213431581544, EAO: 0.251
Trial 170 finished with value: 0.2513398660755739 and parameters: {'window_influence': 0.30909521604255286, 'penalty_k': 0.2099586979706733, 'scale_lr': 0.18231213431581544}. Best is trial 113 with value: 0.2826390351827552.
checkpoint_e39 window_influence: 0.26709896704136338, penalty_k: 0.14372650081410895, scale_lr: 0.26254283239561410, EAO: 0.272
Trial 171 finished with value: 0.2720239802710409 and parameters: {'window_influence': 0.2670989670413634, 'penalty_k': 0.14372650081410895, 'scale_lr': 0.2625428323956141}. Best is trial 113 with value: 0.2826390351827552.
checkpoint_e39 window_influence: 0.26455156375078415, penalty_k: 0.12934085373442822, scale_lr: 0.28085783016958799, EAO: 0.259
Trial 172 finished with value: 0.2587516809987828 and parameters: {'window_influence': 0.26455156375078415, 'penalty_k': 0.12934085373442822, 'scale_lr': 0.280857830169588}. Best is trial 113 with value: 0.2826390351827552.
checkpoint_e39 window_influence: 0.27263399074873157, penalty_k: 0.15213025025168556, scale_lr: 0.23712198990464112, EAO: 0.264
Trial 173 finished with value: 0.2635454236855352 and parameters: {'window_influence': 0.27263399074873157, 'penalty_k': 0.15213025025168556, 'scale_lr': 0.23712198990464112}. Best is trial 113 with value: 0.2826390351827552.
checkpoint_e39 window_influence: 0.28756542282197428, penalty_k: 0.14277023862404267, scale_lr: 0.27277854368026816, EAO: 0.262
Trial 174 finished with value: 0.26217886205853486 and parameters: {'window_influence': 0.2875654228219743, 'penalty_k': 0.14277023862404267, 'scale_lr': 0.27277854368026816}. Best is trial 113 with value: 0.2826390351827552.
checkpoint_e39 window_influence: 0.25315731531728397, penalty_k: 0.16281202888741197, scale_lr: 0.26097271512658754, EAO: 0.272
Trial 175 finished with value: 0.2720390329879474 and parameters: {'window_influence': 0.25315731531728397, 'penalty_k': 0.16281202888741197, 'scale_lr': 0.26097271512658754}. Best is trial 113 with value: 0.2826390351827552.
checkpoint_e39 window_influence: 0.25201737896534876, penalty_k: 0.16471652441530962, scale_lr: 0.25882157040565412, EAO: 0.268
Trial 176 finished with value: 0.26792975000249664 and parameters: {'window_influence': 0.25201737896534876, 'penalty_k': 0.16471652441530962, 'scale_lr': 0.2588215704056541}. Best is trial 113 with value: 0.2826390351827552.
checkpoint_e39 window_influence: 0.25834385473425575, penalty_k: 0.17849324149354406, scale_lr: 0.29788567424333534, EAO: 0.263
Trial 177 finished with value: 0.2625543990028583 and parameters: {'window_influence': 0.25834385473425575, 'penalty_k': 0.17849324149354406, 'scale_lr': 0.29788567424333534}. Best is trial 113 with value: 0.2826390351827552.
checkpoint_e39 window_influence: 0.22397329094873461, penalty_k: 0.18741583411270685, scale_lr: 0.30877880447509287, EAO: 0.270
Trial 178 finished with value: 0.27046556328612614 and parameters: {'window_influence': 0.2239732909487346, 'penalty_k': 0.18741583411270685, 'scale_lr': 0.30877880447509287}. Best is trial 113 with value: 0.2826390351827552.
checkpoint_e39 window_influence: 0.28041562546414367, penalty_k: 0.16022543947471699, scale_lr: 0.28424818796115608, EAO: 0.261
Trial 179 finished with value: 0.2607418897190714 and parameters: {'window_influence': 0.28041562546414367, 'penalty_k': 0.16022543947471699, 'scale_lr': 0.2842481879611561}. Best is trial 113 with value: 0.2826390351827552.
checkpoint_e39 window_influence: 0.24420000613179599, penalty_k: 0.05331569164128982, scale_lr: 0.26383795093973428, EAO: 0.262
Trial 180 finished with value: 0.26192139949255844 and parameters: {'window_influence': 0.244200006131796, 'penalty_k': 0.05331569164128982, 'scale_lr': 0.2638379509397343}. Best is trial 113 with value: 0.2826390351827552.
checkpoint_e39 window_influence: 0.23451200292874802, penalty_k: 0.13988726044543406, scale_lr: 0.20717653475911185, EAO: 0.266
Trial 181 finished with value: 0.2659701354862229 and parameters: {'window_influence': 0.23451200292874802, 'penalty_k': 0.13988726044543406, 'scale_lr': 0.20717653475911185}. Best is trial 113 with value: 0.2826390351827552.
checkpoint_e39 window_influence: 0.33031901225898341, penalty_k: 0.10978620871566096, scale_lr: 0.24383463804732003, EAO: 0.269
Trial 182 finished with value: 0.26873043234028465 and parameters: {'window_influence': 0.3303190122589834, 'penalty_k': 0.10978620871566096, 'scale_lr': 0.24383463804732003}. Best is trial 113 with value: 0.2826390351827552.
checkpoint_e39 window_influence: 0.30003501680060979, penalty_k: 0.16771618167840752, scale_lr: 0.22656562091576860, EAO: 0.264
Trial 183 finished with value: 0.2635835802288559 and parameters: {'window_influence': 0.3000350168006098, 'penalty_k': 0.16771618167840752, 'scale_lr': 0.2265656209157686}. Best is trial 113 with value: 0.2826390351827552.
checkpoint_e39 window_influence: 0.26861022105057719, penalty_k: 0.12230657382586398, scale_lr: 0.29602672081792725, EAO: 0.267
Trial 184 finished with value: 0.26738901587763453 and parameters: {'window_influence': 0.2686102210505772, 'penalty_k': 0.12230657382586398, 'scale_lr': 0.29602672081792725}. Best is trial 113 with value: 0.2826390351827552.
checkpoint_e39 window_influence: 0.35686639646150414, penalty_k: 0.33108842749673850, scale_lr: 0.25103587701767738, EAO: 0.272
Trial 185 finished with value: 0.27156134955282135 and parameters: {'window_influence': 0.35686639646150414, 'penalty_k': 0.3310884274967385, 'scale_lr': 0.2510358770176774}. Best is trial 113 with value: 0.2826390351827552.
checkpoint_e39 window_influence: 0.29219002551942014, penalty_k: 0.15482662922610849, scale_lr: 0.27162987124877364, EAO: 0.271
