Trial 1486 finished with value: 0.2650826774476989 and parameters: {'window_influence': 0.36393023816886705, 'penalty_k': 0.2601930689631624, 'scale_lr': 0.48411399893965323}. Best is trial 489 with value: 0.28065862270390113.
checkpoint_e32 window_influence: 0.16967324591478533, penalty_k: 0.42885307064737416, scale_lr: 0.25557725740589443, EAO: 0.226
Trial 1487 finished with value: 0.22596919972722124 and parameters: {'window_influence': 0.16967324591478533, 'penalty_k': 0.42885307064737416, 'scale_lr': 0.25557725740589443}. Best is trial 489 with value: 0.28065862270390113.
checkpoint_e32 window_influence: 0.29365900070514567, penalty_k: 0.11089461126363495, scale_lr: 0.63430578406350890, EAO: 0.251
Trial 1488 finished with value: 0.25089754963793404 and parameters: {'window_influence': 0.29365900070514567, 'penalty_k': 0.11089461126363495, 'scale_lr': 0.6343057840635089}. Best is trial 489 with value: 0.28065862270390113.
checkpoint_e32 window_influence: 0.20905717199684812, penalty_k: 0.31304782863337316, scale_lr: 0.45593157620757108, EAO: 0.235
Trial 1489 finished with value: 0.23450615402401948 and parameters: {'window_influence': 0.20905717199684812, 'penalty_k': 0.31304782863337316, 'scale_lr': 0.4559315762075711}. Best is trial 489 with value: 0.28065862270390113.
checkpoint_e32 window_influence: 0.38386026075386420, penalty_k: 0.01469675146588362, scale_lr: 0.76907323470096078, EAO: 0.256
Trial 1490 finished with value: 0.25628029264327956 and parameters: {'window_influence': 0.3838602607538642, 'penalty_k': 0.014696751465883617, 'scale_lr': 0.7690732347009608}. Best is trial 489 with value: 0.28065862270390113.
checkpoint_e32 window_influence: 0.34457432289400447, penalty_k: 0.14505892649040997, scale_lr: 0.42726324533896709, EAO: 0.258
Trial 1491 finished with value: 0.2580001919977064 and parameters: {'window_influence': 0.34457432289400447, 'penalty_k': 0.14505892649040997, 'scale_lr': 0.4272632453389671}. Best is trial 489 with value: 0.28065862270390113.
checkpoint_e32 window_influence: 0.31975997733613470, penalty_k: 0.46420810245174976, scale_lr: 0.73453736271432635, EAO: 0.256
Trial 1492 finished with value: 0.2557522192960832 and parameters: {'window_influence': 0.3197599773361347, 'penalty_k': 0.46420810245174976, 'scale_lr': 0.7345373627143263}. Best is trial 489 with value: 0.28065862270390113.
checkpoint_e32 window_influence: 0.13327454565367347, penalty_k: 0.39464462299783343, scale_lr: 0.36454006133295930, EAO: 0.223
Trial 1493 finished with value: 0.22323387933940422 and parameters: {'window_influence': 0.13327454565367347, 'penalty_k': 0.3946446229978334, 'scale_lr': 0.3645400613329593}. Best is trial 489 with value: 0.28065862270390113.
checkpoint_e32 window_influence: 0.06597574713485271, penalty_k: 0.05315153798175204, scale_lr: 0.68241837036278508, EAO: 0.239
Trial 1494 finished with value: 0.23920179418916623 and parameters: {'window_influence': 0.06597574713485271, 'penalty_k': 0.05315153798175204, 'scale_lr': 0.6824183703627851}. Best is trial 489 with value: 0.28065862270390113.
checkpoint_e32 window_influence: 0.30195664339934064, penalty_k: 0.13180150894594567, scale_lr: 0.22722762444801117, EAO: 0.257
Trial 1495 finished with value: 0.25737110882755215 and parameters: {'window_influence': 0.30195664339934064, 'penalty_k': 0.13180150894594567, 'scale_lr': 0.22722762444801117}. Best is trial 489 with value: 0.28065862270390113.
checkpoint_e32 window_influence: 0.07426193581160467, penalty_k: 0.30599436697949334, scale_lr: 0.38889435276661150, EAO: 0.210
Trial 1496 finished with value: 0.21039286685910652 and parameters: {'window_influence': 0.07426193581160467, 'penalty_k': 0.30599436697949334, 'scale_lr': 0.3888943527666115}. Best is trial 489 with value: 0.28065862270390113.
checkpoint_e32 window_influence: 0.59757918088846562, penalty_k: 0.33967771087775428, scale_lr: 0.21051646019720271, EAO: 0.211
Trial 1497 finished with value: 0.21054258560988962 and parameters: {'window_influence': 0.5975791808884656, 'penalty_k': 0.3396777108777543, 'scale_lr': 0.21051646019720271}. Best is trial 489 with value: 0.28065862270390113.
checkpoint_e32 window_influence: 0.12989793349353143, penalty_k: 0.10602178451581057, scale_lr: 0.65241984361645233, EAO: 0.241
Trial 1498 finished with value: 0.24062439938628577 and parameters: {'window_influence': 0.12989793349353143, 'penalty_k': 0.10602178451581057, 'scale_lr': 0.6524198436164523}. Best is trial 489 with value: 0.28065862270390113.
checkpoint_e32 window_influence: 0.35384494998140470, penalty_k: 0.16273912591451623, scale_lr: 0.13555939273054940, EAO: 0.259
Trial 1499 finished with value: 0.25917914376510837 and parameters: {'window_influence': 0.3538449499814047, 'penalty_k': 0.16273912591451623, 'scale_lr': 0.1355593927305494}. Best is trial 489 with value: 0.28065862270390113.
checkpoint_e32 window_influence: 0.07825128966816153, penalty_k: 0.18420629188641152, scale_lr: 0.60508626901323392, EAO: 0.249
Trial 1500 finished with value: 0.248518940333913 and parameters: {'window_influence': 0.07825128966816153, 'penalty_k': 0.18420629188641152, 'scale_lr': 0.6050862690132339}. Best is trial 489 with value: 0.28065862270390113.
checkpoint_e32 window_influence: 0.28302799646478605, penalty_k: 0.21257319499247923, scale_lr: 0.30653688502932153, EAO: 0.258
Trial 1501 finished with value: 0.25819696267930475 and parameters: {'window_influence': 0.28302799646478605, 'penalty_k': 0.21257319499247923, 'scale_lr': 0.3065368850293215}. Best is trial 489 with value: 0.28065862270390113.
checkpoint_e32 window_influence: 0.32843067150998234, penalty_k: 0.07004453994729412, scale_lr: 0.26590168017951749, EAO: 0.266
Trial 1502 finished with value: 0.26591247047592953 and parameters: {'window_influence': 0.32843067150998234, 'penalty_k': 0.07004453994729412, 'scale_lr': 0.2659016801795175}. Best is trial 489 with value: 0.28065862270390113.
checkpoint_e32 window_influence: 0.48333917289305389, penalty_k: 0.27208173459366025, scale_lr: 0.78052242715326037, EAO: 0.258
Trial 1503 finished with value: 0.2583020158051475 and parameters: {'window_influence': 0.4833391728930539, 'penalty_k': 0.27208173459366025, 'scale_lr': 0.7805224271532604}. Best is trial 489 with value: 0.28065862270390113.
checkpoint_e32 window_influence: 0.43129040050459072, penalty_k: 0.32414142957177045, scale_lr: 0.72064452432629045, EAO: 0.251
Trial 1504 finished with value: 0.250993057600851 and parameters: {'window_influence': 0.4312904005045907, 'penalty_k': 0.32414142957177045, 'scale_lr': 0.7206445243262904}. Best is trial 489 with value: 0.28065862270390113.
checkpoint_e32 window_influence: 0.41840567843425636, penalty_k: 0.12270974818656030, scale_lr: 0.35104259137708049, EAO: 0.252
Trial 1505 finished with value: 0.251539380630342 and parameters: {'window_influence': 0.41840567843425636, 'penalty_k': 0.1227097481865603, 'scale_lr': 0.3510425913770805}. Best is trial 489 with value: 0.28065862270390113.
checkpoint_e32 window_influence: 0.36980846848137239, penalty_k: 0.29432373639989678, scale_lr: 0.51172007872292369, EAO: 0.276
Trial 1506 finished with value: 0.2762310162065475 and parameters: {'window_influence': 0.3698084684813724, 'penalty_k': 0.2943237363998968, 'scale_lr': 0.5117200787229237}. Best is trial 489 with value: 0.28065862270390113.
checkpoint_e32 window_influence: 0.36281701331195154, penalty_k: 0.41442146969147164, scale_lr: 0.50580001114363482, EAO: 0.263
Trial 1507 finished with value: 0.2628090422812516 and parameters: {'window_influence': 0.36281701331195154, 'penalty_k': 0.41442146969147164, 'scale_lr': 0.5058000111436348}. Best is trial 489 with value: 0.28065862270390113.
checkpoint_e32 window_influence: 0.36677165338961121, penalty_k: 0.29837120732041084, scale_lr: 0.49384276394105858, EAO: 0.265
Trial 1508 finished with value: 0.2650160241296621 and parameters: {'window_influence': 0.3667716533896112, 'penalty_k': 0.29837120732041084, 'scale_lr': 0.4938427639410586}. Best is trial 489 with value: 0.28065862270390113.
checkpoint_e32 window_influence: 0.35259098298482144, penalty_k: 0.28963168204213341, scale_lr: 0.48215532525438504, EAO: 0.263
Trial 1509 finished with value: 0.2631606045898383 and parameters: {'window_influence': 0.35259098298482144, 'penalty_k': 0.2896316820421334, 'scale_lr': 0.48215532525438504}. Best is trial 489 with value: 0.28065862270390113.
checkpoint_e32 window_influence: 0.37501422637055926, penalty_k: 0.28381249141944415, scale_lr: 0.51460527560226232, EAO: 0.255
Trial 1510 finished with value: 0.2545034982930354 and parameters: {'window_influence': 0.37501422637055926, 'penalty_k': 0.28381249141944415, 'scale_lr': 0.5146052756022623}. Best is trial 489 with value: 0.28065862270390113.
checkpoint_e32 window_influence: 0.23642176704371767, penalty_k: 0.29833043222844036, scale_lr: 0.50700373179679659, EAO: 0.256
Trial 1511 finished with value: 0.25600834566403213 and parameters: {'window_influence': 0.23642176704371767, 'penalty_k': 0.29833043222844036, 'scale_lr': 0.5070037317967966}. Best is trial 489 with value: 0.28065862270390113.
checkpoint_e32 window_influence: 0.37274379556043230, penalty_k: 0.27584489045897309, scale_lr: 0.56526249837189046, EAO: 0.257
Trial 1512 finished with value: 0.25652992531536073 and parameters: {'window_influence': 0.3727437955604323, 'penalty_k': 0.2758448904589731, 'scale_lr': 0.5652624983718905}. Best is trial 489 with value: 0.28065862270390113.
checkpoint_e32 window_influence: 0.35481113344894460, penalty_k: 0.28587747364668892, scale_lr: 0.54687632446295109, EAO: 0.253
Trial 1513 finished with value: 0.2531298985326193 and parameters: {'window_influence': 0.3548111334489446, 'penalty_k': 0.2858774736466889, 'scale_lr': 0.5468763244629511}. Best is trial 489 with value: 0.28065862270390113.
checkpoint_e32 window_influence: 0.34285166124559924, penalty_k: 0.30600980009364248, scale_lr: 0.45864233986061320, EAO: 0.267
Trial 1514 finished with value: 0.2671806011500397 and parameters: {'window_influence': 0.34285166124559924, 'penalty_k': 0.3060098000936425, 'scale_lr': 0.4586423398606132}. Best is trial 489 with value: 0.28065862270390113.
checkpoint_e32 window_influence: 0.38749551586965125, penalty_k: 0.29300590591845943, scale_lr: 0.47006779242636537, EAO: 0.263
Trial 1515 finished with value: 0.26347995301087695 and parameters: {'window_influence': 0.38749551586965125, 'penalty_k': 0.29300590591845943, 'scale_lr': 0.47006779242636537}. Best is trial 489 with value: 0.28065862270390113.
checkpoint_e32 window_influence: 0.37104513963139185, penalty_k: 0.03418338376033251, scale_lr: 0.49943959680344152, EAO: 0.261
Trial 1516 finished with value: 0.2613336215537738 and parameters: {'window_influence': 0.37104513963139185, 'penalty_k': 0.03418338376033251, 'scale_lr': 0.4994395968034415}. Best is trial 489 with value: 0.28065862270390113.
checkpoint_e32 window_influence: 0.34048858397495124, penalty_k: 0.30232311513433996, scale_lr: 0.48884324161396348, EAO: 0.267
Trial 1517 finished with value: 0.267107528339072 and parameters: {'window_influence': 0.34048858397495124, 'penalty_k': 0.30232311513433996, 'scale_lr': 0.4888432416139635}. Best is trial 489 with value: 0.28065862270390113.
checkpoint_e32 window_influence: 0.51960087919369957, penalty_k: 0.26651929221608645, scale_lr: 0.70094048913931573, EAO: 0.244
Trial 1518 finished with value: 0.2444833043993004 and parameters: {'window_influence': 0.5196008791936996, 'penalty_k': 0.26651929221608645, 'scale_lr': 0.7009404891393157}. Best is trial 489 with value: 0.28065862270390113.
checkpoint_e32 window_influence: 0.64084585530469906, penalty_k: 0.40746952381607177, scale_lr: 0.52927031491055254, EAO: 0.195
Trial 1519 finished with value: 0.19491604128019596 and parameters: {'window_influence': 0.6408458553046991, 'penalty_k': 0.40746952381607177, 'scale_lr': 0.5292703149105525}. Best is trial 489 with value: 0.28065862270390113.
checkpoint_e32 window_influence: 0.36436919564334996, penalty_k: 0.08757507831987314, scale_lr: 0.79942957489617295, EAO: 0.247
Trial 1520 finished with value: 0.2471554350198769 and parameters: {'window_influence': 0.36436919564334996, 'penalty_k': 0.08757507831987314, 'scale_lr': 0.799429574896173}. Best is trial 489 with value: 0.28065862270390113.
checkpoint_e32 window_influence: 0.38304752663659958, penalty_k: 0.19338160527838721, scale_lr: 0.61962294862084633, EAO: 0.257
Trial 1521 finished with value: 0.25698438268609164 and parameters: {'window_influence': 0.3830475266365996, 'penalty_k': 0.19338160527838721, 'scale_lr': 0.6196229486208463}. Best is trial 489 with value: 0.28065862270390113.
checkpoint_e32 window_influence: 0.26836992396017606, penalty_k: 0.25056499489492956, scale_lr: 0.47417603390367369, EAO: 0.254
Trial 1522 finished with value: 0.2543764953933111 and parameters: {'window_influence': 0.26836992396017606, 'penalty_k': 0.25056499489492956, 'scale_lr': 0.4741760339036737}. Best is trial 489 with value: 0.28065862270390113.
checkpoint_e32 window_influence: 0.31052881890485490, penalty_k: 0.45605147488310416, scale_lr: 0.54254045124198569, EAO: 0.260
Trial 1523 finished with value: 0.2598065820530178 and parameters: {'window_influence': 0.3105288189048549, 'penalty_k': 0.45605147488310416, 'scale_lr': 0.5425404512419857}. Best is trial 489 with value: 0.28065862270390113.
checkpoint_e32 window_influence: 0.33110511711741708, penalty_k: 0.30893084957750228, scale_lr: 0.53402423413540867, EAO: 0.258
Trial 1524 finished with value: 0.2584937801206015 and parameters: {'window_influence': 0.3311051171174171, 'penalty_k': 0.3089308495775023, 'scale_lr': 0.5340242341354087}. Best is trial 489 with value: 0.28065862270390113.
checkpoint_e32 window_influence: 0.35418258604271452, penalty_k: 0.27908199428685138, scale_lr: 0.51828515256803021, EAO: 0.257
Trial 1525 finished with value: 0.2568427396377897 and parameters: {'window_influence': 0.3541825860427145, 'penalty_k': 0.2790819942868514, 'scale_lr': 0.5182851525680302}. Best is trial 489 with value: 0.28065862270390113.
checkpoint_e32 window_influence: 0.29280360354734669, penalty_k: 0.22652298676936414, scale_lr: 0.16851943375834300, EAO: 0.256
Trial 1526 finished with value: 0.2558671835719085 and parameters: {'window_influence': 0.2928036035473467, 'penalty_k': 0.22652298676936414, 'scale_lr': 0.168519433758343}. Best is trial 489 with value: 0.28065862270390113.
checkpoint_e32 window_influence: 0.60851087729261355, penalty_k: 0.13646992119977558, scale_lr: 0.66924659681217236, EAO: 0.217
Trial 1527 finished with value: 0.21698218644634495 and parameters: {'window_influence': 0.6085108772926136, 'penalty_k': 0.13646992119977558, 'scale_lr': 0.6692465968121724}. Best is trial 489 with value: 0.28065862270390113.
checkpoint_e32 window_influence: 0.18898952772409147, penalty_k: 0.50659944579472516, scale_lr: 0.57700459884645894, EAO: 0.244
Trial 1528 finished with value: 0.24408208148750832 and parameters: {'window_influence': 0.18898952772409147, 'penalty_k': 0.5065994457947252, 'scale_lr': 0.5770045988464589}. Best is trial 489 with value: 0.28065862270390113.
checkpoint_e32 window_influence: 0.59994135146877692, penalty_k: 0.31544416999701413, scale_lr: 0.44417843712360189, EAO: 0.224
Trial 1529 finished with value: 0.22423619419578614 and parameters: {'window_influence': 0.5999413514687769, 'penalty_k': 0.31544416999701413, 'scale_lr': 0.4441784371236019}. Best is trial 489 with value: 0.28065862270390113.
checkpoint_e32 window_influence: 0.32149880829607602, penalty_k: 0.10260268402593807, scale_lr: 0.74870306348309090, EAO: 0.249
Trial 1530 finished with value: 0.24904400261679316 and parameters: {'window_influence': 0.321498808296076, 'penalty_k': 0.10260268402593807, 'scale_lr': 0.7487030634830909}. Best is trial 489 with value: 0.28065862270390113.
checkpoint_e32 window_influence: 0.38165760051300601, penalty_k: 0.29357067392426933, scale_lr: 0.32383396612513343, EAO: 0.256
Trial 1531 finished with value: 0.2562224639019346 and parameters: {'window_influence': 0.381657600513006, 'penalty_k': 0.29357067392426933, 'scale_lr': 0.32383396612513343}. Best is trial 489 with value: 0.28065862270390113.
checkpoint_e32 window_influence: 0.30701551733303012, penalty_k: 0.15698693753426524, scale_lr: 0.64146349595982255, EAO: 0.259
Trial 1532 finished with value: 0.2585699188757718 and parameters: {'window_influence': 0.3070155173330301, 'penalty_k': 0.15698693753426524, 'scale_lr': 0.6414634959598225}. Best is trial 489 with value: 0.28065862270390113.
checkpoint_e32 window_influence: 0.33886763793120650, penalty_k: 0.12010673600324187, scale_lr: 0.68456270569179367, EAO: 0.252
Trial 1533 finished with value: 0.25176964978861616 and parameters: {'window_influence': 0.3388676379312065, 'penalty_k': 0.12010673600324187, 'scale_lr': 0.6845627056917937}. Best is trial 489 with value: 0.28065862270390113.
checkpoint_e32 window_influence: 0.61794172817219239, penalty_k: 0.20345868432656575, scale_lr: 0.29360602691594279, EAO: 0.216
Trial 1534 finished with value: 0.2163375598507199 and parameters: {'window_influence': 0.6179417281721924, 'penalty_k': 0.20345868432656575, 'scale_lr': 0.2936060269159428}. Best is trial 489 with value: 0.28065862270390113.
checkpoint_e32 window_influence: 0.31793931918680840, penalty_k: 0.04596218873415243, scale_lr: 0.54985449370817785, EAO: 0.259
Trial 1535 finished with value: 0.2591286105959396 and parameters: {'window_influence': 0.3179393191868084, 'penalty_k': 0.04596218873415243, 'scale_lr': 0.5498544937081778}. Best is trial 489 with value: 0.28065862270390113.
checkpoint_e32 window_influence: 0.46367136783760043, penalty_k: 0.17221936596274717, scale_lr: 0.73965156889864692, EAO: 0.254
Trial 1536 finished with value: 0.2544638424263737 and parameters: {'window_influence': 0.46367136783760043, 'penalty_k': 0.17221936596274717, 'scale_lr': 0.7396515688986469}. Best is trial 489 with value: 0.28065862270390113.
checkpoint_e32 window_influence: 0.36860919236832679, penalty_k: 0.08066769538104096, scale_lr: 0.41521780225223559, EAO: 0.252
Trial 1537 finished with value: 0.2524527629943398 and parameters: {'window_influence': 0.3686091923683268, 'penalty_k': 0.08066769538104096, 'scale_lr': 0.4152178022522356}. Best is trial 489 with value: 0.28065862270390113.
checkpoint_e32 window_influence: 0.39293665684882317, penalty_k: 0.51922758929558566, scale_lr: 0.15118067334390392, EAO: 0.245
Trial 1538 finished with value: 0.24494078482796505 and parameters: {'window_influence': 0.3929366568488232, 'penalty_k': 0.5192275892955857, 'scale_lr': 0.15118067334390392}. Best is trial 489 with value: 0.28065862270390113.
checkpoint_e32 window_influence: 0.34748431813479436, penalty_k: 0.01205197870471165, scale_lr: 0.76031263692691076, EAO: 0.248
Trial 1539 finished with value: 0.2481359869726305 and parameters: {'window_influence': 0.34748431813479436, 'penalty_k': 0.012051978704711648, 'scale_lr': 0.7603126369269108}. Best is trial 489 with value: 0.28065862270390113.
checkpoint_e32 window_influence: 0.28584693440895864, penalty_k: 0.06196707046000076, scale_lr: 0.65791601209460060, EAO: 0.278
Trial 1540 finished with value: 0.2781841105561915 and parameters: {'window_influence': 0.28584693440895864, 'penalty_k': 0.06196707046000076, 'scale_lr': 0.6579160120946006}. Best is trial 489 with value: 0.28065862270390113.
checkpoint_e32 window_influence: 0.08781217103164718, penalty_k: 0.31489400721578281, scale_lr: 0.65622677904412585, EAO: 0.225
Trial 1541 finished with value: 0.2245903866804712 and parameters: {'window_influence': 0.08781217103164718, 'penalty_k': 0.3148940072157828, 'scale_lr': 0.6562267790441259}. Best is trial 489 with value: 0.28065862270390113.
checkpoint_e32 window_influence: 0.14702916042559869, penalty_k: 0.06711759183595836, scale_lr: 0.67115612357916010, EAO: 0.240
Trial 1542 finished with value: 0.2396439596162579 and parameters: {'window_influence': 0.1470291604255987, 'penalty_k': 0.06711759183595836, 'scale_lr': 0.6711561235791601}. Best is trial 489 with value: 0.28065862270390113.
checkpoint_e32 window_influence: 0.26678976985747788, penalty_k: 0.23891703770695188, scale_lr: 0.65737517258948652, EAO: 0.250
Trial 1543 finished with value: 0.25021993302232853 and parameters: {'window_influence': 0.2667897698574779, 'penalty_k': 0.23891703770695188, 'scale_lr': 0.6573751725894865}. Best is trial 489 with value: 0.28065862270390113.
checkpoint_e32 window_influence: 0.28903671172441736, penalty_k: 0.25760720370908102, scale_lr: 0.68455691649168326, EAO: 0.270
Trial 1544 finished with value: 0.2698498041164584 and parameters: {'window_influence': 0.28903671172441736, 'penalty_k': 0.257607203709081, 'scale_lr': 0.6845569164916833}. Best is trial 489 with value: 0.28065862270390113.
checkpoint_e32 window_influence: 0.25832008793239158, penalty_k: 0.28505049488848855, scale_lr: 0.64824360285477489, EAO: 0.256
Trial 1545 finished with value: 0.2558454499254382 and parameters: {'window_influence': 0.2583200879323916, 'penalty_k': 0.28505049488848855, 'scale_lr': 0.6482436028547749}. Best is trial 489 with value: 0.28065862270390113.
checkpoint_e32 window_influence: 0.50577039704882243, penalty_k: 0.06361446796082108, scale_lr: 0.66665585102713076, EAO: 0.255
Trial 1546 finished with value: 0.25517764427070694 and parameters: {'window_influence': 0.5057703970488224, 'penalty_k': 0.06361446796082108, 'scale_lr': 0.6666558510271308}. Best is trial 489 with value: 0.28065862270390113.
checkpoint_e32 window_influence: 0.27644408352846567, penalty_k: 0.30231638131655347, scale_lr: 0.63481279675964775, EAO: 0.259
Trial 1547 finished with value: 0.2585171135823901 and parameters: {'window_influence': 0.27644408352846567, 'penalty_k': 0.3023163813165535, 'scale_lr': 0.6348127967596477}. Best is trial 489 with value: 0.28065862270390113.
checkpoint_e32 window_influence: 0.28262003355718940, penalty_k: 0.26896545932559540, scale_lr: 0.78036292021230191, EAO: 0.263
