Trial 2031 finished with value: 0.25654626843648226 and parameters: {'window_influence': 0.32328815914223696, 'penalty_k': 0.43093303562030816, 'scale_lr': 0.441264173782569}. Best is trial 1552 with value: 0.2873222411163454.
checkpoint_e22 window_influence: 0.07027512771998223, penalty_k: 0.58269357088781248, scale_lr: 0.41746849000912317, EAO: 0.201
Trial 2032 finished with value: 0.20117843980953945 and parameters: {'window_influence': 0.07027512771998223, 'penalty_k': 0.5826935708878125, 'scale_lr': 0.41746849000912317}. Best is trial 1552 with value: 0.2873222411163454.
checkpoint_e22 window_influence: 0.38477053429182390, penalty_k: 0.45706196963843859, scale_lr: 0.27127715069053093, EAO: 0.237
Trial 2033 finished with value: 0.2373942280324494 and parameters: {'window_influence': 0.3847705342918239, 'penalty_k': 0.4570619696384386, 'scale_lr': 0.27127715069053093}. Best is trial 1552 with value: 0.2873222411163454.
checkpoint_e22 window_influence: 0.35741317751199581, penalty_k: 0.00979201572850802, scale_lr: 0.38475805216385051, EAO: 0.255
Trial 2034 finished with value: 0.2547503749771816 and parameters: {'window_influence': 0.3574131775119958, 'penalty_k': 0.00979201572850802, 'scale_lr': 0.3847580521638505}. Best is trial 1552 with value: 0.2873222411163454.
checkpoint_e22 window_influence: 0.58301638332075056, penalty_k: 0.30004582524732382, scale_lr: 0.45978822767946959, EAO: 0.217
Trial 2035 finished with value: 0.21680033915653463 and parameters: {'window_influence': 0.5830163833207506, 'penalty_k': 0.3000458252473238, 'scale_lr': 0.4597882276794696}. Best is trial 1552 with value: 0.2873222411163454.
checkpoint_e22 window_influence: 0.37592762170396182, penalty_k: 0.02853271394874042, scale_lr: 0.36491403147073692, EAO: 0.252
Trial 2036 finished with value: 0.2522754097978274 and parameters: {'window_influence': 0.3759276217039618, 'penalty_k': 0.02853271394874042, 'scale_lr': 0.3649140314707369}. Best is trial 1552 with value: 0.2873222411163454.
checkpoint_e22 window_influence: 0.34009216736906445, penalty_k: 0.04341833660509322, scale_lr: 0.39976193205531202, EAO: 0.263
Trial 2037 finished with value: 0.26293759272108236 and parameters: {'window_influence': 0.34009216736906445, 'penalty_k': 0.04341833660509322, 'scale_lr': 0.399761932055312}. Best is trial 1552 with value: 0.2873222411163454.
checkpoint_e22 window_influence: 0.05007995239237578, penalty_k: 0.10477695875196844, scale_lr: 0.33922005450914372, EAO: 0.224
Trial 2038 finished with value: 0.22437412364453804 and parameters: {'window_influence': 0.05007995239237578, 'penalty_k': 0.10477695875196844, 'scale_lr': 0.3392200545091437}. Best is trial 1552 with value: 0.2873222411163454.
checkpoint_e22 window_influence: 0.12434525916166347, penalty_k: 0.48456347807656763, scale_lr: 0.35194882472571004, EAO: 0.225
Trial 2039 finished with value: 0.22463193578206428 and parameters: {'window_influence': 0.12434525916166347, 'penalty_k': 0.48456347807656763, 'scale_lr': 0.35194882472571004}. Best is trial 1552 with value: 0.2873222411163454.
checkpoint_e22 window_influence: 0.31604394039162942, penalty_k: 0.00027383471885956, scale_lr: 0.50379432713622840, EAO: 0.254
Trial 2040 finished with value: 0.254035379586181 and parameters: {'window_influence': 0.3160439403916294, 'penalty_k': 0.00027383471885956273, 'scale_lr': 0.5037943271362284}. Best is trial 1552 with value: 0.2873222411163454.
checkpoint_e22 window_influence: 0.36227216350916425, penalty_k: 0.14319848201560265, scale_lr: 0.25598438974918680, EAO: 0.261
Trial 2041 finished with value: 0.26130346978098395 and parameters: {'window_influence': 0.36227216350916425, 'penalty_k': 0.14319848201560265, 'scale_lr': 0.2559843897491868}. Best is trial 1552 with value: 0.2873222411163454.
checkpoint_e22 window_influence: 0.43804569006474187, penalty_k: 0.05179797265979759, scale_lr: 0.37432163569790766, EAO: 0.248
Trial 2042 finished with value: 0.2482955513325164 and parameters: {'window_influence': 0.43804569006474187, 'penalty_k': 0.05179797265979759, 'scale_lr': 0.37432163569790766}. Best is trial 1552 with value: 0.2873222411163454.
checkpoint_e22 window_influence: 0.35130802279981793, penalty_k: 0.02020717001746208, scale_lr: 0.42602450642682288, EAO: 0.260
Trial 2043 finished with value: 0.2597767332099318 and parameters: {'window_influence': 0.35130802279981793, 'penalty_k': 0.020207170017462077, 'scale_lr': 0.4260245064268229}. Best is trial 1552 with value: 0.2873222411163454.
checkpoint_e22 window_influence: 0.53016747885936122, penalty_k: 0.03540004081846768, scale_lr: 0.38917844133766405, EAO: 0.240
Trial 2044 finished with value: 0.2404778723915418 and parameters: {'window_influence': 0.5301674788593612, 'penalty_k': 0.035400040818467676, 'scale_lr': 0.38917844133766405}. Best is trial 1552 with value: 0.2873222411163454.
checkpoint_e22 window_influence: 0.60498261747732252, penalty_k: 0.07975447913738221, scale_lr: 0.40960065689465941, EAO: 0.215
Trial 2045 finished with value: 0.21468384854677247 and parameters: {'window_influence': 0.6049826174773225, 'penalty_k': 0.0797544791373822, 'scale_lr': 0.4096006568946594}. Best is trial 1552 with value: 0.2873222411163454.
checkpoint_e22 window_influence: 0.39162543024545415, penalty_k: 0.06724644400870373, scale_lr: 0.19742919976711643, EAO: 0.256
Trial 2046 finished with value: 0.2556256395045335 and parameters: {'window_influence': 0.39162543024545415, 'penalty_k': 0.06724644400870373, 'scale_lr': 0.19742919976711643}. Best is trial 1552 with value: 0.2873222411163454.
checkpoint_e22 window_influence: 0.10803724488962202, penalty_k: 0.35839696985269431, scale_lr: 0.36501701719711865, EAO: 0.224
Trial 2047 finished with value: 0.22449789371916917 and parameters: {'window_influence': 0.10803724488962202, 'penalty_k': 0.3583969698526943, 'scale_lr': 0.36501701719711865}. Best is trial 1552 with value: 0.2873222411163454.
checkpoint_e22 window_influence: 0.33375809455588362, penalty_k: 0.04904147542845424, scale_lr: 0.76599291964366389, EAO: 0.250
Trial 2048 finished with value: 0.2504955568933875 and parameters: {'window_influence': 0.3337580945558836, 'penalty_k': 0.04904147542845424, 'scale_lr': 0.7659929196436639}. Best is trial 1552 with value: 0.2873222411163454.
checkpoint_e22 window_influence: 0.37523309106871217, penalty_k: 0.02192925739566697, scale_lr: 0.38091311096273089, EAO: 0.279
Trial 2049 finished with value: 0.27926337779537447 and parameters: {'window_influence': 0.37523309106871217, 'penalty_k': 0.02192925739566697, 'scale_lr': 0.3809131109627309}. Best is trial 1552 with value: 0.2873222411163454.
checkpoint_e22 window_influence: 0.29481272640205713, penalty_k: 0.01773484438246930, scale_lr: 0.37478046183339553, EAO: 0.266
Trial 2050 finished with value: 0.2664200226829304 and parameters: {'window_influence': 0.29481272640205713, 'penalty_k': 0.0177348443824693, 'scale_lr': 0.37478046183339553}. Best is trial 1552 with value: 0.2873222411163454.
checkpoint_e22 window_influence: 0.23554504517952743, penalty_k: 0.01063767011994560, scale_lr: 0.38276456634351236, EAO: 0.261
Trial 2051 finished with value: 0.260998195809562 and parameters: {'window_influence': 0.23554504517952743, 'penalty_k': 0.010637670119945602, 'scale_lr': 0.38276456634351236}. Best is trial 1552 with value: 0.2873222411163454.
checkpoint_e22 window_influence: 0.37280904999571868, penalty_k: 0.02348826339002529, scale_lr: 0.39593276238248065, EAO: 0.246
Trial 2052 finished with value: 0.24602323885613342 and parameters: {'window_influence': 0.3728090499957187, 'penalty_k': 0.023488263390025292, 'scale_lr': 0.39593276238248065}. Best is trial 1552 with value: 0.2873222411163454.
checkpoint_e22 window_influence: 0.34853130905523877, penalty_k: 0.03132926529787180, scale_lr: 0.36557712414593263, EAO: 0.276
Trial 2053 finished with value: 0.27565918547835777 and parameters: {'window_influence': 0.34853130905523877, 'penalty_k': 0.0313292652978718, 'scale_lr': 0.36557712414593263}. Best is trial 1552 with value: 0.2873222411163454.
checkpoint_e22 window_influence: 0.34580791593379584, penalty_k: 0.03682867604458822, scale_lr: 0.36142564705389973, EAO: 0.270
Trial 2054 finished with value: 0.26964352304131034 and parameters: {'window_influence': 0.34580791593379584, 'penalty_k': 0.03682867604458822, 'scale_lr': 0.36142564705389973}. Best is trial 1552 with value: 0.2873222411163454.
checkpoint_e22 window_influence: 0.34860935300967566, penalty_k: 0.55169043808556606, scale_lr: 0.34715459645832292, EAO: 0.265
Trial 2055 finished with value: 0.26456030773195793 and parameters: {'window_influence': 0.34860935300967566, 'penalty_k': 0.5516904380855661, 'scale_lr': 0.3471545964583229}. Best is trial 1552 with value: 0.2873222411163454.
checkpoint_e22 window_influence: 0.36106713662770501, penalty_k: 0.03108190656222140, scale_lr: 0.35772271054026827, EAO: 0.282
Trial 2056 finished with value: 0.2815585977178279 and parameters: {'window_influence': 0.361067136627705, 'penalty_k': 0.0310819065622214, 'scale_lr': 0.3577227105402683}. Best is trial 1552 with value: 0.2873222411163454.
checkpoint_e22 window_influence: 0.22435262557997132, penalty_k: 0.01511580412686653, scale_lr: 0.37351523014524712, EAO: 0.248
Trial 2057 finished with value: 0.2478150296501997 and parameters: {'window_influence': 0.22435262557997132, 'penalty_k': 0.015115804126866531, 'scale_lr': 0.3735152301452471}. Best is trial 1552 with value: 0.2873222411163454.
checkpoint_e22 window_influence: 0.49348862583950825, penalty_k: 0.03003006474921428, scale_lr: 0.35925950364304593, EAO: 0.249
Trial 2058 finished with value: 0.24888355072920884 and parameters: {'window_influence': 0.49348862583950825, 'penalty_k': 0.03003006474921428, 'scale_lr': 0.35925950364304593}. Best is trial 1552 with value: 0.2873222411163454.
checkpoint_e22 window_influence: 0.33919286661009573, penalty_k: 0.01593052235652347, scale_lr: 0.38083797928476504, EAO: 0.273
Trial 2059 finished with value: 0.27328481434321983 and parameters: {'window_influence': 0.33919286661009573, 'penalty_k': 0.015930522356523473, 'scale_lr': 0.38083797928476504}. Best is trial 1552 with value: 0.2873222411163454.
checkpoint_e22 window_influence: 0.18264658187942751, penalty_k: 0.02753411037256362, scale_lr: 0.37185056339134259, EAO: 0.249
Trial 2060 finished with value: 0.24850613678373942 and parameters: {'window_influence': 0.1826465818794275, 'penalty_k': 0.027534110372563623, 'scale_lr': 0.3718505633913426}. Best is trial 1552 with value: 0.2873222411163454.
checkpoint_e22 window_influence: 0.35408323218076487, penalty_k: 0.00006139298896171, scale_lr: 0.38836032474099103, EAO: 0.267
Trial 2061 finished with value: 0.26733542615320627 and parameters: {'window_influence': 0.3540832321807649, 'penalty_k': 6.139298896171153e-05, 'scale_lr': 0.388360324740991}. Best is trial 1552 with value: 0.2873222411163454.
checkpoint_e22 window_influence: 0.32998356397265594, penalty_k: 0.01010380204925743, scale_lr: 0.35948678408470258, EAO: 0.256
Trial 2062 finished with value: 0.2556597314835564 and parameters: {'window_influence': 0.32998356397265594, 'penalty_k': 0.010103802049257433, 'scale_lr': 0.3594867840847026}. Best is trial 1552 with value: 0.2873222411163454.
checkpoint_e22 window_influence: 0.35918347609710927, penalty_k: 0.03006575882698980, scale_lr: 0.39195680620690354, EAO: 0.276
Trial 2063 finished with value: 0.27571269318582564 and parameters: {'window_influence': 0.35918347609710927, 'penalty_k': 0.030065758826989798, 'scale_lr': 0.39195680620690354}. Best is trial 1552 with value: 0.2873222411163454.
checkpoint_e22 window_influence: 0.34266293298870404, penalty_k: 0.02236363742610133, scale_lr: 0.37225910086348357, EAO: 0.264
Trial 2064 finished with value: 0.26415395894186283 and parameters: {'window_influence': 0.34266293298870404, 'penalty_k': 0.022363637426101327, 'scale_lr': 0.37225910086348357}. Best is trial 1552 with value: 0.2873222411163454.
checkpoint_e22 window_influence: 0.33467220055972074, penalty_k: 0.00944494595260163, scale_lr: 0.38575717426608175, EAO: 0.267
Trial 2065 finished with value: 0.2669352851505202 and parameters: {'window_influence': 0.33467220055972074, 'penalty_k': 0.009444945952601633, 'scale_lr': 0.38575717426608175}. Best is trial 1552 with value: 0.2873222411163454.
checkpoint_e22 window_influence: 0.61296723579719292, penalty_k: 0.02809885167405752, scale_lr: 0.35273702102711207, EAO: 0.214
Trial 2066 finished with value: 0.21379099156313797 and parameters: {'window_influence': 0.6129672357971929, 'penalty_k': 0.028098851674057516, 'scale_lr': 0.3527370210271121}. Best is trial 1552 with value: 0.2873222411163454.
checkpoint_e22 window_influence: 0.35440448792770962, penalty_k: 0.52654662069209457, scale_lr: 0.36677984995119972, EAO: 0.253
Trial 2067 finished with value: 0.2533128184031665 and parameters: {'window_influence': 0.3544044879277096, 'penalty_k': 0.5265466206920946, 'scale_lr': 0.3667798499511997}. Best is trial 1552 with value: 0.2873222411163454.
checkpoint_e22 window_influence: 0.34765055150330726, penalty_k: 0.01916205154040377, scale_lr: 0.38218557716863982, EAO: 0.252
Trial 2068 finished with value: 0.25181753255002864 and parameters: {'window_influence': 0.34765055150330726, 'penalty_k': 0.01916205154040377, 'scale_lr': 0.3821855771686398}. Best is trial 1552 with value: 0.2873222411163454.
checkpoint_e22 window_influence: 0.35692383954533818, penalty_k: 0.03361386108710004, scale_lr: 0.40364522380981421, EAO: 0.263
Trial 2069 finished with value: 0.2629662784255617 and parameters: {'window_influence': 0.3569238395453382, 'penalty_k': 0.033613861087100044, 'scale_lr': 0.4036452238098142}. Best is trial 1552 with value: 0.2873222411163454.
checkpoint_e22 window_influence: 0.32886701543343128, penalty_k: 0.01000718676429702, scale_lr: 0.39391460513174847, EAO: 0.264
Trial 2070 finished with value: 0.2642971467438752 and parameters: {'window_influence': 0.3288670154334313, 'penalty_k': 0.010007186764297016, 'scale_lr': 0.3939146051317485}. Best is trial 1552 with value: 0.2873222411163454.
checkpoint_e22 window_influence: 0.45758120684614007, penalty_k: 0.03625325468231095, scale_lr: 0.37930666593378543, EAO: 0.260
Trial 2071 finished with value: 0.26031138226995626 and parameters: {'window_influence': 0.45758120684614007, 'penalty_k': 0.03625325468231095, 'scale_lr': 0.3793066659337854}. Best is trial 1552 with value: 0.2873222411163454.
checkpoint_e22 window_influence: 0.33978502843978847, penalty_k: 0.02113998763426301, scale_lr: 0.36193253348670301, EAO: 0.259
Trial 2072 finished with value: 0.2588829175849271 and parameters: {'window_influence': 0.3397850284397885, 'penalty_k': 0.02113998763426301, 'scale_lr': 0.361932533486703}. Best is trial 1552 with value: 0.2873222411163454.
checkpoint_e22 window_influence: 0.36097901818352868, penalty_k: 0.03187608415150793, scale_lr: 0.35080342823531946, EAO: 0.267
Trial 2073 finished with value: 0.26717002623207203 and parameters: {'window_influence': 0.3609790181835287, 'penalty_k': 0.03187608415150793, 'scale_lr': 0.35080342823531946}. Best is trial 1552 with value: 0.2873222411163454.
checkpoint_e22 window_influence: 0.23390020469201347, penalty_k: 0.00112066520990914, scale_lr: 0.37137822629472528, EAO: 0.258
Trial 2074 finished with value: 0.25833306322252847 and parameters: {'window_influence': 0.23390020469201347, 'penalty_k': 0.0011206652099091385, 'scale_lr': 0.3713782262947253}. Best is trial 1552 with value: 0.2873222411163454.
checkpoint_e22 window_influence: 0.34817205344877949, penalty_k: 0.02594822429785573, scale_lr: 0.40234564489187630, EAO: 0.259
Trial 2075 finished with value: 0.25873826825764124 and parameters: {'window_influence': 0.3481720534487795, 'penalty_k': 0.025948224297855725, 'scale_lr': 0.4023456448918763}. Best is trial 1552 with value: 0.2873222411163454.
checkpoint_e22 window_influence: 0.06646160832979825, penalty_k: 0.03941709743365441, scale_lr: 0.60934667804821196, EAO: 0.244
Trial 2076 finished with value: 0.24360755964265607 and parameters: {'window_influence': 0.06646160832979825, 'penalty_k': 0.03941709743365441, 'scale_lr': 0.609346678048212}. Best is trial 1552 with value: 0.2873222411163454.
checkpoint_e22 window_influence: 0.48561742170727995, penalty_k: 0.01690597278442301, scale_lr: 0.38788563811943821, EAO: 0.256
Trial 2077 finished with value: 0.2564443056660939 and parameters: {'window_influence': 0.48561742170727995, 'penalty_k': 0.01690597278442301, 'scale_lr': 0.3878856381194382}. Best is trial 1552 with value: 0.2873222411163454.
checkpoint_e22 window_influence: 0.32678490103058344, penalty_k: 0.03912673122342174, scale_lr: 0.41310379894430793, EAO: 0.273
Trial 2078 finished with value: 0.2732128972202782 and parameters: {'window_influence': 0.32678490103058344, 'penalty_k': 0.039126731223421744, 'scale_lr': 0.41310379894430793}. Best is trial 1552 with value: 0.2873222411163454.
checkpoint_e22 window_influence: 0.21911526200342732, penalty_k: 0.02677359098613995, scale_lr: 0.34075087697362999, EAO: 0.249
Trial 2079 finished with value: 0.24902846694477204 and parameters: {'window_influence': 0.21911526200342732, 'penalty_k': 0.026773590986139947, 'scale_lr': 0.34075087697363}. Best is trial 1552 with value: 0.2873222411163454.
checkpoint_e22 window_influence: 0.19356060620555432, penalty_k: 0.00917515894266645, scale_lr: 0.36283799910250553, EAO: 0.238
Trial 2080 finished with value: 0.23830716838923896 and parameters: {'window_influence': 0.19356060620555432, 'penalty_k': 0.00917515894266645, 'scale_lr': 0.3628379991025055}. Best is trial 1552 with value: 0.2873222411163454.
checkpoint_e22 window_influence: 0.36042981883221586, penalty_k: 0.54897995207536221, scale_lr: 0.39393919036128877, EAO: 0.264
Trial 2081 finished with value: 0.2638949950536092 and parameters: {'window_influence': 0.36042981883221586, 'penalty_k': 0.5489799520753622, 'scale_lr': 0.39393919036128877}. Best is trial 1552 with value: 0.2873222411163454.
checkpoint_e22 window_influence: 0.33930950822958095, penalty_k: 0.04087402670116874, scale_lr: 0.32804810381310312, EAO: 0.262
Trial 2082 finished with value: 0.26199343352298426 and parameters: {'window_influence': 0.33930950822958095, 'penalty_k': 0.04087402670116874, 'scale_lr': 0.3280481038131031}. Best is trial 1552 with value: 0.2873222411163454.
checkpoint_e22 window_influence: 0.36216416053146422, penalty_k: 0.02189845090312881, scale_lr: 0.37630792619783449, EAO: 0.261
Trial 2083 finished with value: 0.26087954234543853 and parameters: {'window_influence': 0.3621641605314642, 'penalty_k': 0.021898450903128808, 'scale_lr': 0.3763079261978345}. Best is trial 1552 with value: 0.2873222411163454.
checkpoint_e22 window_influence: 0.07438677165313817, penalty_k: 0.53695102725240806, scale_lr: 0.35650943740816843, EAO: 0.207
Trial 2084 finished with value: 0.20712524876604235 and parameters: {'window_influence': 0.07438677165313817, 'penalty_k': 0.5369510272524081, 'scale_lr': 0.35650943740816843}. Best is trial 1552 with value: 0.2873222411163454.
checkpoint_e22 window_influence: 0.06544566935524260, penalty_k: 0.03477966659160593, scale_lr: 0.42108805084135159, EAO: 0.238
Trial 2085 finished with value: 0.2381824628124392 and parameters: {'window_influence': 0.0654456693552426, 'penalty_k': 0.03477966659160593, 'scale_lr': 0.4210880508413516}. Best is trial 1552 with value: 0.2873222411163454.
checkpoint_e22 window_influence: 0.34826794090366264, penalty_k: 0.38613318579150396, scale_lr: 0.40370602644374060, EAO: 0.250
Trial 2086 finished with value: 0.2502796362207188 and parameters: {'window_influence': 0.34826794090366264, 'penalty_k': 0.38613318579150396, 'scale_lr': 0.4037060264437406}. Best is trial 1552 with value: 0.2873222411163454.
checkpoint_e22 window_influence: 0.15678817156772182, penalty_k: 0.01976689836910170, scale_lr: 0.38481880865789680, EAO: 0.247
Trial 2087 finished with value: 0.24666374776421524 and parameters: {'window_influence': 0.15678817156772182, 'penalty_k': 0.0197668983691017, 'scale_lr': 0.3848188086578968}. Best is trial 1552 with value: 0.2873222411163454.
checkpoint_e22 window_influence: 0.32228508355379365, penalty_k: 0.04191532232257428, scale_lr: 0.28431571521242116, EAO: 0.244
Trial 2088 finished with value: 0.24444164614367292 and parameters: {'window_influence': 0.32228508355379365, 'penalty_k': 0.04191532232257428, 'scale_lr': 0.28431571521242116}. Best is trial 1552 with value: 0.2873222411163454.
checkpoint_e22 window_influence: 0.47099396834626273, penalty_k: 0.00833986401796679, scale_lr: 0.37192852034036866, EAO: 0.254
Trial 2089 finished with value: 0.2539618030432763 and parameters: {'window_influence': 0.4709939683462627, 'penalty_k': 0.00833986401796679, 'scale_lr': 0.37192852034036866}. Best is trial 1552 with value: 0.2873222411163454.
checkpoint_e22 window_influence: 0.33740049626019991, penalty_k: 0.49580588420095772, scale_lr: 0.34868652571084313, EAO: 0.256
Trial 2090 finished with value: 0.25593080516995453 and parameters: {'window_influence': 0.3374004962601999, 'penalty_k': 0.4958058842009577, 'scale_lr': 0.34868652571084313}. Best is trial 1552 with value: 0.2873222411163454.
checkpoint_e22 window_influence: 0.36301098929229730, penalty_k: 0.03329419050069331, scale_lr: 0.38929038035020647, EAO: 0.264
Trial 2091 finished with value: 0.2640128798964547 and parameters: {'window_influence': 0.3630109892922973, 'penalty_k': 0.033294190500693314, 'scale_lr': 0.38929038035020647}. Best is trial 1552 with value: 0.2873222411163454.
checkpoint_e22 window_influence: 0.35234990574186009, penalty_k: 0.44965601649565257, scale_lr: 0.43144367630904035, EAO: 0.245
