Trial 372 finished with value: 0.2602776249613219 and parameters: {'window_influence': 0.3290447099733412, 'penalty_k': 0.1980078718049504, 'scale_lr': 0.5131380530653012}. Best is trial 113 with value: 0.2826390351827552.
checkpoint_e39 window_influence: 0.29113543026476202, penalty_k: 0.24882635597988145, scale_lr: 0.47225398368370003, EAO: 0.265
Trial 373 finished with value: 0.26500066472747463 and parameters: {'window_influence': 0.291135430264762, 'penalty_k': 0.24882635597988145, 'scale_lr': 0.47225398368370003}. Best is trial 113 with value: 0.2826390351827552.
checkpoint_e39 window_influence: 0.24175008205888363, penalty_k: 0.01863805227100376, scale_lr: 0.25473698029279906, EAO: 0.256
Trial 374 finished with value: 0.25596854702486255 and parameters: {'window_influence': 0.24175008205888363, 'penalty_k': 0.018638052271003756, 'scale_lr': 0.25473698029279906}. Best is trial 113 with value: 0.2826390351827552.
checkpoint_e39 window_influence: 0.27055438446039237, penalty_k: 0.04219646291422257, scale_lr: 0.38677921262645276, EAO: 0.262
Trial 375 finished with value: 0.261889793523928 and parameters: {'window_influence': 0.27055438446039237, 'penalty_k': 0.04219646291422257, 'scale_lr': 0.38677921262645276}. Best is trial 113 with value: 0.2826390351827552.
checkpoint_e39 window_influence: 0.25573750399652678, penalty_k: 0.18889867182978326, scale_lr: 0.28582474252759726, EAO: 0.262
Trial 376 finished with value: 0.2620634660730517 and parameters: {'window_influence': 0.2557375039965268, 'penalty_k': 0.18889867182978326, 'scale_lr': 0.28582474252759726}. Best is trial 113 with value: 0.2826390351827552.
checkpoint_e39 window_influence: 0.28225657156101830, penalty_k: 0.18123421129680620, scale_lr: 0.76162643124428331, EAO: 0.264
Trial 377 finished with value: 0.26428066660475924 and parameters: {'window_influence': 0.2822565715610183, 'penalty_k': 0.1812342112968062, 'scale_lr': 0.7616264312442833}. Best is trial 113 with value: 0.2826390351827552.
checkpoint_e39 window_influence: 0.31252491819346423, penalty_k: 0.20541157224920192, scale_lr: 0.30128137677139916, EAO: 0.265
Trial 378 finished with value: 0.2647772158185641 and parameters: {'window_influence': 0.31252491819346423, 'penalty_k': 0.20541157224920192, 'scale_lr': 0.30128137677139916}. Best is trial 113 with value: 0.2826390351827552.
checkpoint_e39 window_influence: 0.23530629756957749, penalty_k: 0.23494880490723755, scale_lr: 0.23244637818721980, EAO: 0.264
Trial 379 finished with value: 0.2642277341669168 and parameters: {'window_influence': 0.2353062975695775, 'penalty_k': 0.23494880490723755, 'scale_lr': 0.2324463781872198}. Best is trial 113 with value: 0.2826390351827552.
checkpoint_e39 window_influence: 0.26700379109132549, penalty_k: 0.21697810062230108, scale_lr: 0.49502454306071508, EAO: 0.272
Trial 380 finished with value: 0.2717808024064312 and parameters: {'window_influence': 0.2670037910913255, 'penalty_k': 0.21697810062230108, 'scale_lr': 0.4950245430607151}. Best is trial 113 with value: 0.2826390351827552.
checkpoint_e39 window_influence: 0.24668834240876661, penalty_k: 0.17355129691188753, scale_lr: 0.26270254209278049, EAO: 0.267
Trial 381 finished with value: 0.26718707685548115 and parameters: {'window_influence': 0.2466883424087666, 'penalty_k': 0.17355129691188753, 'scale_lr': 0.2627025420927805}. Best is trial 113 with value: 0.2826390351827552.
checkpoint_e39 window_influence: 0.08922654608469238, penalty_k: 0.25675744252254967, scale_lr: 0.31433895317666455, EAO: 0.244
Trial 382 finished with value: 0.2437704973589114 and parameters: {'window_influence': 0.08922654608469238, 'penalty_k': 0.2567574425225497, 'scale_lr': 0.31433895317666455}. Best is trial 113 with value: 0.2826390351827552.
checkpoint_e39 window_influence: 0.29357263440408576, penalty_k: 0.27735616784554923, scale_lr: 0.43195710852964114, EAO: 0.277
Trial 383 finished with value: 0.27726172698222523 and parameters: {'window_influence': 0.29357263440408576, 'penalty_k': 0.27735616784554923, 'scale_lr': 0.43195710852964114}. Best is trial 113 with value: 0.2826390351827552.
checkpoint_e39 window_influence: 0.30193905837804319, penalty_k: 0.24708552581608992, scale_lr: 0.43524670191111570, EAO: 0.273
Trial 384 finished with value: 0.27271674779372485 and parameters: {'window_influence': 0.3019390583780432, 'penalty_k': 0.24708552581608992, 'scale_lr': 0.4352467019111157}. Best is trial 113 with value: 0.2826390351827552.
checkpoint_e39 window_influence: 0.25685810279722504, penalty_k: 0.25637145985963072, scale_lr: 0.42846080410257720, EAO: 0.267
Trial 385 finished with value: 0.2672977323939161 and parameters: {'window_influence': 0.25685810279722504, 'penalty_k': 0.2563714598596307, 'scale_lr': 0.4284608041025772}. Best is trial 113 with value: 0.2826390351827552.
checkpoint_e39 window_influence: 0.32650510794077814, penalty_k: 0.27490879514122935, scale_lr: 0.43068757408401548, EAO: 0.278
Trial 386 finished with value: 0.27770484614420715 and parameters: {'window_influence': 0.32650510794077814, 'penalty_k': 0.27490879514122935, 'scale_lr': 0.4306875740840155}. Best is trial 113 with value: 0.2826390351827552.
checkpoint_e39 window_influence: 0.32751016229326030, penalty_k: 0.29790585162451078, scale_lr: 0.41669191340827760, EAO: 0.255
Trial 387 finished with value: 0.254729308733126 and parameters: {'window_influence': 0.3275101622932603, 'penalty_k': 0.2979058516245108, 'scale_lr': 0.4166919134082776}. Best is trial 113 with value: 0.2826390351827552.
checkpoint_e39 window_influence: 0.29186520134824440, penalty_k: 0.27442717897971891, scale_lr: 0.44837084904769509, EAO: 0.267
Trial 388 finished with value: 0.26678533222132583 and parameters: {'window_influence': 0.2918652013482444, 'penalty_k': 0.2744271789797189, 'scale_lr': 0.4483708490476951}. Best is trial 113 with value: 0.2826390351827552.
checkpoint_e39 window_influence: 0.64817604586173982, penalty_k: 0.28943947629811745, scale_lr: 0.40390397292905611, EAO: 0.210
Trial 389 finished with value: 0.2096288545829494 and parameters: {'window_influence': 0.6481760458617398, 'penalty_k': 0.28943947629811745, 'scale_lr': 0.4039039729290561}. Best is trial 113 with value: 0.2826390351827552.
checkpoint_e39 window_influence: 0.35338101683332435, penalty_k: 0.27580755946076019, scale_lr: 0.42663642231838378, EAO: 0.263
Trial 390 finished with value: 0.2634150387673843 and parameters: {'window_influence': 0.35338101683332435, 'penalty_k': 0.2758075594607602, 'scale_lr': 0.4266364223183838}. Best is trial 113 with value: 0.2826390351827552.
checkpoint_e39 window_influence: 0.22922604360156237, penalty_k: 0.26975066560300759, scale_lr: 0.58212104585110414, EAO: 0.259
Trial 391 finished with value: 0.25907396634177465 and parameters: {'window_influence': 0.22922604360156237, 'penalty_k': 0.2697506656030076, 'scale_lr': 0.5821210458511041}. Best is trial 113 with value: 0.2826390351827552.
checkpoint_e39 window_influence: 0.24858727234225356, penalty_k: 0.27810613697965175, scale_lr: 0.54084540785693080, EAO: 0.262
Trial 392 finished with value: 0.2624934277519947 and parameters: {'window_influence': 0.24858727234225356, 'penalty_k': 0.27810613697965175, 'scale_lr': 0.5408454078569308}. Best is trial 113 with value: 0.2826390351827552.
checkpoint_e39 window_influence: 0.26596354434179920, penalty_k: 0.28284198356429441, scale_lr: 0.42705633786536301, EAO: 0.267
Trial 393 finished with value: 0.26694226907036167 and parameters: {'window_influence': 0.2659635443417992, 'penalty_k': 0.2828419835642944, 'scale_lr': 0.427056337865363}. Best is trial 113 with value: 0.2826390351827552.
checkpoint_e39 window_influence: 0.15998792130916278, penalty_k: 0.30283987857123656, scale_lr: 0.45850044360380460, EAO: 0.248
Trial 394 finished with value: 0.24827280319560835 and parameters: {'window_influence': 0.15998792130916278, 'penalty_k': 0.30283987857123656, 'scale_lr': 0.4585004436038046}. Best is trial 113 with value: 0.2826390351827552.
checkpoint_e39 window_influence: 0.27854151555661111, penalty_k: 0.26994390998012802, scale_lr: 0.44078352942083532, EAO: 0.265
Trial 395 finished with value: 0.26514300903896004 and parameters: {'window_influence': 0.2785415155566111, 'penalty_k': 0.269943909980128, 'scale_lr': 0.4407835294208353}. Best is trial 113 with value: 0.2826390351827552.
checkpoint_e39 window_influence: 0.23817604757148714, penalty_k: 0.24038491969965203, scale_lr: 0.43114464628936527, EAO: 0.252
Trial 396 finished with value: 0.2521841859793275 and parameters: {'window_influence': 0.23817604757148714, 'penalty_k': 0.24038491969965203, 'scale_lr': 0.4311446462893653}. Best is trial 113 with value: 0.2826390351827552.
checkpoint_e39 window_influence: 0.21653584041460849, penalty_k: 0.26397830943494544, scale_lr: 0.40756304783191188, EAO: 0.256
Trial 397 finished with value: 0.2558819723686552 and parameters: {'window_influence': 0.2165358404146085, 'penalty_k': 0.26397830943494544, 'scale_lr': 0.4075630478319119}. Best is trial 113 with value: 0.2826390351827552.
checkpoint_e39 window_influence: 0.25431477828089688, penalty_k: 0.23532455856735268, scale_lr: 0.39036050819354673, EAO: 0.272
Trial 398 finished with value: 0.2719009548910265 and parameters: {'window_influence': 0.2543147782808969, 'penalty_k': 0.23532455856735268, 'scale_lr': 0.39036050819354673}. Best is trial 113 with value: 0.2826390351827552.
checkpoint_e39 window_influence: 0.40061370405116153, penalty_k: 0.22046250181316121, scale_lr: 0.48797714275686388, EAO: 0.253
Trial 399 finished with value: 0.25257420303618033 and parameters: {'window_influence': 0.40061370405116153, 'penalty_k': 0.2204625018131612, 'scale_lr': 0.4879771427568639}. Best is trial 113 with value: 0.2826390351827552.
checkpoint_e39 window_influence: 0.26397153324952272, penalty_k: 0.32954577355052683, scale_lr: 0.24524137800356646, EAO: 0.255
Trial 400 finished with value: 0.2549712110946818 and parameters: {'window_influence': 0.2639715332495227, 'penalty_k': 0.32954577355052683, 'scale_lr': 0.24524137800356646}. Best is trial 113 with value: 0.2826390351827552.
checkpoint_e39 window_influence: 0.20224780476505122, penalty_k: 0.31362040561689686, scale_lr: 0.27218447509114235, EAO: 0.244
Trial 401 finished with value: 0.2437981691181175 and parameters: {'window_influence': 0.20224780476505122, 'penalty_k': 0.31362040561689686, 'scale_lr': 0.27218447509114235}. Best is trial 113 with value: 0.2826390351827552.
checkpoint_e39 window_influence: 0.24433522907758184, penalty_k: 0.04015695183419910, scale_lr: 0.43586959804364778, EAO: 0.261
Trial 402 finished with value: 0.2606937761108081 and parameters: {'window_influence': 0.24433522907758184, 'penalty_k': 0.0401569518341991, 'scale_lr': 0.4358695980436478}. Best is trial 113 with value: 0.2826390351827552.
checkpoint_e39 window_influence: 0.31486817857045790, penalty_k: 0.00592036752443180, scale_lr: 0.38024995409967705, EAO: 0.257
Trial 403 finished with value: 0.25715255779706364 and parameters: {'window_influence': 0.3148681785704579, 'penalty_k': 0.005920367524431799, 'scale_lr': 0.38024995409967705}. Best is trial 113 with value: 0.2826390351827552.
checkpoint_e39 window_influence: 0.29076441158736638, penalty_k: 0.26003574405509067, scale_lr: 0.28150903661536841, EAO: 0.261
Trial 404 finished with value: 0.2612073027748403 and parameters: {'window_influence': 0.2907644115873664, 'penalty_k': 0.26003574405509067, 'scale_lr': 0.2815090366153684}. Best is trial 113 with value: 0.2826390351827552.
checkpoint_e39 window_influence: 0.34087247625725836, penalty_k: 0.06490040283092266, scale_lr: 0.25684263503962229, EAO: 0.259
Trial 405 finished with value: 0.25939397047447965 and parameters: {'window_influence': 0.34087247625725836, 'penalty_k': 0.06490040283092266, 'scale_lr': 0.2568426350396223}. Best is trial 113 with value: 0.2826390351827552.
checkpoint_e39 window_influence: 0.50311609985542161, penalty_k: 0.20454022501350236, scale_lr: 0.21361831235023074, EAO: 0.244
Trial 406 finished with value: 0.24398796593512945 and parameters: {'window_influence': 0.5031160998554216, 'penalty_k': 0.20454022501350236, 'scale_lr': 0.21361831235023074}. Best is trial 113 with value: 0.2826390351827552.
checkpoint_e39 window_influence: 0.22692404359330240, penalty_k: 0.22829812377070177, scale_lr: 0.44955068342442805, EAO: 0.255
Trial 407 finished with value: 0.25458079455344657 and parameters: {'window_influence': 0.2269240435933024, 'penalty_k': 0.22829812377070177, 'scale_lr': 0.44955068342442805}. Best is trial 113 with value: 0.2826390351827552.
checkpoint_e39 window_influence: 0.36877027034913357, penalty_k: 0.19510690271804942, scale_lr: 0.71271809217220095, EAO: 0.262
Trial 408 finished with value: 0.26197692291523383 and parameters: {'window_influence': 0.36877027034913357, 'penalty_k': 0.19510690271804942, 'scale_lr': 0.712718092172201}. Best is trial 113 with value: 0.2826390351827552.
checkpoint_e39 window_influence: 0.27770511761337874, penalty_k: 0.21066340640230349, scale_lr: 0.53038945619053812, EAO: 0.273
Trial 409 finished with value: 0.2726783421102578 and parameters: {'window_influence': 0.27770511761337874, 'penalty_k': 0.2106634064023035, 'scale_lr': 0.5303894561905381}. Best is trial 113 with value: 0.2826390351827552.
checkpoint_e39 window_influence: 0.25239285947386908, penalty_k: 0.25039128793229792, scale_lr: 0.35769017974304557, EAO: 0.256
Trial 410 finished with value: 0.2559337695924247 and parameters: {'window_influence': 0.2523928594738691, 'penalty_k': 0.2503912879322979, 'scale_lr': 0.35769017974304557}. Best is trial 113 with value: 0.2826390351827552.
checkpoint_e39 window_influence: 0.43618716952422615, penalty_k: 0.05599836065078289, scale_lr: 0.23747671565578232, EAO: 0.268
Trial 411 finished with value: 0.26807366687107864 and parameters: {'window_influence': 0.43618716952422615, 'penalty_k': 0.05599836065078289, 'scale_lr': 0.23747671565578232}. Best is trial 113 with value: 0.2826390351827552.
checkpoint_e39 window_influence: 0.23613682937671696, penalty_k: 0.29184276294336986, scale_lr: 0.37309676532219005, EAO: 0.268
Trial 412 finished with value: 0.2680152546220679 and parameters: {'window_influence': 0.23613682937671696, 'penalty_k': 0.29184276294336986, 'scale_lr': 0.37309676532219005}. Best is trial 113 with value: 0.2826390351827552.
checkpoint_e39 window_influence: 0.26063028802822197, penalty_k: 0.45595307823216630, scale_lr: 0.28702915204225748, EAO: 0.256
Trial 413 finished with value: 0.2564815734096659 and parameters: {'window_influence': 0.26063028802822197, 'penalty_k': 0.4559530782321663, 'scale_lr': 0.2870291520422575}. Best is trial 113 with value: 0.2826390351827552.
checkpoint_e39 window_influence: 0.30026301985540987, penalty_k: 0.08235152478887504, scale_lr: 0.41863547787117278, EAO: 0.272
Trial 414 finished with value: 0.2722395790543983 and parameters: {'window_influence': 0.3002630198554099, 'penalty_k': 0.08235152478887504, 'scale_lr': 0.4186354778711728}. Best is trial 113 with value: 0.2826390351827552.
checkpoint_e39 window_influence: 0.21826362215324763, penalty_k: 0.19579980676216338, scale_lr: 0.46948850806620845, EAO: 0.255
Trial 415 finished with value: 0.2551449983706319 and parameters: {'window_influence': 0.21826362215324763, 'penalty_k': 0.19579980676216338, 'scale_lr': 0.46948850806620845}. Best is trial 113 with value: 0.2826390351827552.
checkpoint_e39 window_influence: 0.27334782756854831, penalty_k: 0.37755878069253573, scale_lr: 0.56439259287392540, EAO: 0.256
Trial 416 finished with value: 0.25634623470345164 and parameters: {'window_influence': 0.2733478275685483, 'penalty_k': 0.37755878069253573, 'scale_lr': 0.5643925928739254}. Best is trial 113 with value: 0.2826390351827552.
checkpoint_e39 window_influence: 0.24756962590465953, penalty_k: 0.21962566178788370, scale_lr: 0.27641290013637809, EAO: 0.276
Trial 417 finished with value: 0.27584651924245723 and parameters: {'window_influence': 0.24756962590465953, 'penalty_k': 0.2196256617878837, 'scale_lr': 0.2764129001363781}. Best is trial 113 with value: 0.2826390351827552.
checkpoint_e39 window_influence: 0.17999432785334124, penalty_k: 0.22516287310349695, scale_lr: 0.26961916613058584, EAO: 0.253
Trial 418 finished with value: 0.2529920630944454 and parameters: {'window_influence': 0.17999432785334124, 'penalty_k': 0.22516287310349695, 'scale_lr': 0.26961916613058584}. Best is trial 113 with value: 0.2826390351827552.
checkpoint_e39 window_influence: 0.26198011860562420, penalty_k: 0.21674712526081114, scale_lr: 0.26380459337321793, EAO: 0.268
Trial 419 finished with value: 0.26820821127271266 and parameters: {'window_influence': 0.2619801186056242, 'penalty_k': 0.21674712526081114, 'scale_lr': 0.26380459337321793}. Best is trial 113 with value: 0.2826390351827552.
checkpoint_e39 window_influence: 0.28215017340164994, penalty_k: 0.07330617735910072, scale_lr: 0.15789385868865780, EAO: 0.261
Trial 420 finished with value: 0.26087243527900883 and parameters: {'window_influence': 0.28215017340164994, 'penalty_k': 0.07330617735910072, 'scale_lr': 0.1578938586886578}. Best is trial 113 with value: 0.2826390351827552.
checkpoint_e39 window_influence: 0.46709206765491784, penalty_k: 0.11434623593776497, scale_lr: 0.27947285451989257, EAO: 0.252
Trial 421 finished with value: 0.25216301700206306 and parameters: {'window_influence': 0.46709206765491784, 'penalty_k': 0.11434623593776497, 'scale_lr': 0.27947285451989257}. Best is trial 113 with value: 0.2826390351827552.
checkpoint_e39 window_influence: 0.25240057079540085, penalty_k: 0.03178995729045497, scale_lr: 0.25482163038944722, EAO: 0.272
Trial 422 finished with value: 0.27246657861926693 and parameters: {'window_influence': 0.25240057079540085, 'penalty_k': 0.031789957290454966, 'scale_lr': 0.2548216303894472}. Best is trial 113 with value: 0.2826390351827552.
checkpoint_e39 window_influence: 0.32917568320363139, penalty_k: 0.24374615017176482, scale_lr: 0.29705563659186052, EAO: 0.258
Trial 423 finished with value: 0.25763193487636443 and parameters: {'window_influence': 0.3291756832036314, 'penalty_k': 0.24374615017176482, 'scale_lr': 0.2970556365918605}. Best is trial 113 with value: 0.2826390351827552.
checkpoint_e39 window_influence: 0.14898922797046529, penalty_k: 0.16083612599622354, scale_lr: 0.27590194160856807, EAO: 0.259
Trial 424 finished with value: 0.2586515645791845 and parameters: {'window_influence': 0.1489892279704653, 'penalty_k': 0.16083612599622354, 'scale_lr': 0.27590194160856807}. Best is trial 113 with value: 0.2826390351827552.
checkpoint_e39 window_influence: 0.30971807209726732, penalty_k: 0.18629593733294447, scale_lr: 0.40572804540997764, EAO: 0.277
Trial 425 finished with value: 0.27652246868465 and parameters: {'window_influence': 0.3097180720972673, 'penalty_k': 0.18629593733294447, 'scale_lr': 0.40572804540997764}. Best is trial 113 with value: 0.2826390351827552.
checkpoint_e39 window_influence: 0.30240126488654084, penalty_k: 0.17562295124618343, scale_lr: 0.39901311966233238, EAO: 0.262
Trial 426 finished with value: 0.261577844619751 and parameters: {'window_influence': 0.30240126488654084, 'penalty_k': 0.17562295124618343, 'scale_lr': 0.3990131196623324}. Best is trial 113 with value: 0.2826390351827552.
checkpoint_e39 window_influence: 0.30766713193758549, penalty_k: 0.01810879494870637, scale_lr: 0.40772560887310921, EAO: 0.267
Trial 427 finished with value: 0.2668780705671969 and parameters: {'window_influence': 0.3076671319375855, 'penalty_k': 0.018108794948706368, 'scale_lr': 0.4077256088731092}. Best is trial 113 with value: 0.2826390351827552.
checkpoint_e39 window_influence: 0.31993506552160639, penalty_k: 0.18760571600353768, scale_lr: 0.39025317635395401, EAO: 0.260
Trial 428 finished with value: 0.2595955795510028 and parameters: {'window_influence': 0.3199350655216064, 'penalty_k': 0.18760571600353768, 'scale_lr': 0.390253176353954}. Best is trial 113 with value: 0.2826390351827552.
checkpoint_e39 window_influence: 0.11159645228206597, penalty_k: 0.59217217786412868, scale_lr: 0.41674972660451653, EAO: 0.220
Trial 429 finished with value: 0.2202291695809946 and parameters: {'window_influence': 0.11159645228206597, 'penalty_k': 0.5921721778641287, 'scale_lr': 0.41674972660451653}. Best is trial 113 with value: 0.2826390351827552.
checkpoint_e39 window_influence: 0.32569585191236855, penalty_k: 0.16751284491148952, scale_lr: 0.17918042865423642, EAO: 0.264
Trial 430 finished with value: 0.2636740436035443 and parameters: {'window_influence': 0.32569585191236855, 'penalty_k': 0.16751284491148952, 'scale_lr': 0.17918042865423642}. Best is trial 113 with value: 0.2826390351827552.
checkpoint_e39 window_influence: 0.57195236899487711, penalty_k: 0.10619207165061198, scale_lr: 0.22704698620093117, EAO: 0.243
Trial 431 finished with value: 0.2425090354995999 and parameters: {'window_influence': 0.5719523689948771, 'penalty_k': 0.10619207165061198, 'scale_lr': 0.22704698620093117}. Best is trial 113 with value: 0.2826390351827552.
checkpoint_e39 window_influence: 0.34792787250530588, penalty_k: 0.13984058848322170, scale_lr: 0.25615209598375221, EAO: 0.252
Trial 432 finished with value: 0.25214334898363283 and parameters: {'window_influence': 0.3479278725053059, 'penalty_k': 0.1398405884832217, 'scale_lr': 0.2561520959837522}. Best is trial 113 with value: 0.2826390351827552.
checkpoint_e39 window_influence: 0.20572248926302578, penalty_k: 0.04916693243804780, scale_lr: 0.60903294377460493, EAO: 0.255
Trial 433 finished with value: 0.2547550013637155 and parameters: {'window_influence': 0.20572248926302578, 'penalty_k': 0.0491669324380478, 'scale_lr': 0.6090329437746049}. Best is trial 113 with value: 0.2826390351827552.
checkpoint_e39 window_influence: 0.29171200246700801, penalty_k: 0.18876446438170599, scale_lr: 0.43424268911445363, EAO: 0.276
