Trial 620 finished with value: 0.24713415071004774 and parameters: {'window_influence': 0.47223248460707556, 'penalty_k': 0.06411606601282516, 'scale_lr': 0.4242202091248566}. Best is trial 492 with value: 0.2888057565664857.
checkpoint_e39 window_influence: 0.29986062010581044, penalty_k: 0.33156583438445075, scale_lr: 0.76242670915209709, EAO: 0.257
Trial 621 finished with value: 0.2568720035194381 and parameters: {'window_influence': 0.29986062010581044, 'penalty_k': 0.33156583438445075, 'scale_lr': 0.7624267091520971}. Best is trial 492 with value: 0.2888057565664857.
checkpoint_e39 window_influence: 0.28412428425030051, penalty_k: 0.10450518604606374, scale_lr: 0.48892736256525415, EAO: 0.265
Trial 622 finished with value: 0.26517152537902194 and parameters: {'window_influence': 0.2841242842503005, 'penalty_k': 0.10450518604606374, 'scale_lr': 0.48892736256525415}. Best is trial 492 with value: 0.2888057565664857.
checkpoint_e39 window_influence: 0.32015084864404048, penalty_k: 0.21430086092812145, scale_lr: 0.53730048443436751, EAO: 0.256
Trial 623 finished with value: 0.2557952712342991 and parameters: {'window_influence': 0.3201508486440405, 'penalty_k': 0.21430086092812145, 'scale_lr': 0.5373004844343675}. Best is trial 492 with value: 0.2888057565664857.
checkpoint_e39 window_influence: 0.40569430447594057, penalty_k: 0.07533725950883283, scale_lr: 0.55414874274283910, EAO: 0.265
Trial 624 finished with value: 0.26547285387428793 and parameters: {'window_influence': 0.40569430447594057, 'penalty_k': 0.07533725950883283, 'scale_lr': 0.5541487427428391}. Best is trial 492 with value: 0.2888057565664857.
checkpoint_e39 window_influence: 0.27351348549695148, penalty_k: 0.25799697796198978, scale_lr: 0.74019433927812961, EAO: 0.264
Trial 625 finished with value: 0.2644002916124778 and parameters: {'window_influence': 0.2735134854969515, 'penalty_k': 0.2579969779619898, 'scale_lr': 0.7401943392781296}. Best is trial 492 with value: 0.2888057565664857.
checkpoint_e39 window_influence: 0.06115327136733617, penalty_k: 0.20165030554687599, scale_lr: 0.67863132904117318, EAO: 0.238
Trial 626 finished with value: 0.23839927925084664 and parameters: {'window_influence': 0.06115327136733617, 'penalty_k': 0.201650305546876, 'scale_lr': 0.6786313290411732}. Best is trial 492 with value: 0.2888057565664857.
checkpoint_e39 window_influence: 0.39646091648907211, penalty_k: 0.57043356175639715, scale_lr: 0.39273811069868464, EAO: 0.255
Trial 627 finished with value: 0.25458635813821623 and parameters: {'window_influence': 0.3964609164890721, 'penalty_k': 0.5704335617563971, 'scale_lr': 0.39273811069868464}. Best is trial 492 with value: 0.2888057565664857.
checkpoint_e39 window_influence: 0.30579830489190613, penalty_k: 0.15293759690638284, scale_lr: 0.44003776137140221, EAO: 0.264
Trial 628 finished with value: 0.2642777298645275 and parameters: {'window_influence': 0.3057983048919061, 'penalty_k': 0.15293759690638284, 'scale_lr': 0.4400377613714022}. Best is trial 492 with value: 0.2888057565664857.
checkpoint_e39 window_influence: 0.33045374416869744, penalty_k: 0.13777003784522651, scale_lr: 0.59366758043455203, EAO: 0.265
Trial 629 finished with value: 0.26517660570580787 and parameters: {'window_influence': 0.33045374416869744, 'penalty_k': 0.1377700378452265, 'scale_lr': 0.593667580434552}. Best is trial 492 with value: 0.2888057565664857.
checkpoint_e39 window_influence: 0.37358045188983713, penalty_k: 0.02112401104709032, scale_lr: 0.51356570461193107, EAO: 0.268
Trial 630 finished with value: 0.2679091611407637 and parameters: {'window_influence': 0.37358045188983713, 'penalty_k': 0.021124011047090316, 'scale_lr': 0.5135657046119311}. Best is trial 492 with value: 0.2888057565664857.
checkpoint_e39 window_influence: 0.29111486918721358, penalty_k: 0.22642913149072258, scale_lr: 0.40190366372128039, EAO: 0.259
Trial 631 finished with value: 0.25921670953190423 and parameters: {'window_influence': 0.2911148691872136, 'penalty_k': 0.22642913149072258, 'scale_lr': 0.4019036637212804}. Best is trial 492 with value: 0.2888057565664857.
checkpoint_e39 window_influence: 0.60555449780011661, penalty_k: 0.12423839850031189, scale_lr: 0.61793841997706145, EAO: 0.228
Trial 632 finished with value: 0.2282990148760439 and parameters: {'window_influence': 0.6055544978001166, 'penalty_k': 0.12423839850031189, 'scale_lr': 0.6179384199770614}. Best is trial 492 with value: 0.2888057565664857.
checkpoint_e39 window_influence: 0.34220608064540570, penalty_k: 0.47245912570207932, scale_lr: 0.74827689702545985, EAO: 0.244
Trial 633 finished with value: 0.24384836307386074 and parameters: {'window_influence': 0.3422060806454057, 'penalty_k': 0.4724591257020793, 'scale_lr': 0.7482768970254599}. Best is trial 492 with value: 0.2888057565664857.
checkpoint_e39 window_influence: 0.06837963779475276, penalty_k: 0.08187600453594167, scale_lr: 0.20490502037151509, EAO: 0.237
Trial 634 finished with value: 0.2366380068829389 and parameters: {'window_influence': 0.06837963779475276, 'penalty_k': 0.08187600453594167, 'scale_lr': 0.2049050203715151}. Best is trial 492 with value: 0.2888057565664857.
checkpoint_e39 window_influence: 0.45556412110834360, penalty_k: 0.16248369261998297, scale_lr: 0.42108680390767195, EAO: 0.250
Trial 635 finished with value: 0.24994769262346794 and parameters: {'window_influence': 0.4555641211083436, 'penalty_k': 0.16248369261998297, 'scale_lr': 0.42108680390767195}. Best is trial 492 with value: 0.2888057565664857.
checkpoint_e39 window_influence: 0.32134921033718211, penalty_k: 0.31252607097912788, scale_lr: 0.56244994633274037, EAO: 0.268
Trial 636 finished with value: 0.26810645475620176 and parameters: {'window_influence': 0.3213492103371821, 'penalty_k': 0.3125260709791279, 'scale_lr': 0.5624499463327404}. Best is trial 492 with value: 0.2888057565664857.
checkpoint_e39 window_influence: 0.51011654297345199, penalty_k: 0.10850839786647862, scale_lr: 0.52617064142123393, EAO: 0.242
Trial 637 finished with value: 0.24154305415667168 and parameters: {'window_influence': 0.510116542973452, 'penalty_k': 0.10850839786647862, 'scale_lr': 0.5261706414212339}. Best is trial 492 with value: 0.2888057565664857.
checkpoint_e39 window_influence: 0.36102843455275957, penalty_k: 0.21692277777629787, scale_lr: 0.63159294314472636, EAO: 0.266
Trial 638 finished with value: 0.2658274291855533 and parameters: {'window_influence': 0.36102843455275957, 'penalty_k': 0.21692277777629787, 'scale_lr': 0.6315929431447264}. Best is trial 492 with value: 0.2888057565664857.
checkpoint_e39 window_influence: 0.27552681411774915, penalty_k: 0.33625217559347415, scale_lr: 0.60143703365058643, EAO: 0.254
Trial 639 finished with value: 0.2538371847533598 and parameters: {'window_influence': 0.27552681411774915, 'penalty_k': 0.33625217559347415, 'scale_lr': 0.6014370336505864}. Best is trial 492 with value: 0.2888057565664857.
checkpoint_e39 window_influence: 0.48894912212262281, penalty_k: 0.23594196268145132, scale_lr: 0.54596196896607618, EAO: 0.249
Trial 640 finished with value: 0.24877500116098217 and parameters: {'window_influence': 0.4889491221226228, 'penalty_k': 0.23594196268145132, 'scale_lr': 0.5459619689660762}. Best is trial 492 with value: 0.2888057565664857.
checkpoint_e39 window_influence: 0.31217084922816218, penalty_k: 0.20023076316086386, scale_lr: 0.57993666860600779, EAO: 0.275
Trial 641 finished with value: 0.2753171083646092 and parameters: {'window_influence': 0.3121708492281622, 'penalty_k': 0.20023076316086386, 'scale_lr': 0.5799366686060078}. Best is trial 492 with value: 0.2888057565664857.
checkpoint_e39 window_influence: 0.60284460089734826, penalty_k: 0.28475728020727142, scale_lr: 0.44143222223647621, EAO: 0.230
Trial 642 finished with value: 0.2296577985209178 and parameters: {'window_influence': 0.6028446008973483, 'penalty_k': 0.2847572802072714, 'scale_lr': 0.4414322222364762}. Best is trial 492 with value: 0.2888057565664857.
checkpoint_e39 window_influence: 0.29970272943015064, penalty_k: 0.00150886242720836, scale_lr: 0.29736151741770284, EAO: 0.253
Trial 643 finished with value: 0.2534681951733139 and parameters: {'window_influence': 0.29970272943015064, 'penalty_k': 0.0015088624272083587, 'scale_lr': 0.29736151741770284}. Best is trial 492 with value: 0.2888057565664857.
checkpoint_e39 window_influence: 0.49190210462033912, penalty_k: 0.13283945639444109, scale_lr: 0.15303642003702383, EAO: 0.245
Trial 644 finished with value: 0.24469300359487534 and parameters: {'window_influence': 0.4919021046203391, 'penalty_k': 0.13283945639444109, 'scale_lr': 0.15303642003702383}. Best is trial 492 with value: 0.2888057565664857.
checkpoint_e39 window_influence: 0.35147885510102173, penalty_k: 0.14888870774780921, scale_lr: 0.42873742471014842, EAO: 0.268
Trial 645 finished with value: 0.26832344873649316 and parameters: {'window_influence': 0.3514788551010217, 'penalty_k': 0.1488887077478092, 'scale_lr': 0.4287374247101484}. Best is trial 492 with value: 0.2888057565664857.
checkpoint_e39 window_influence: 0.33342623071417993, penalty_k: 0.11746845875171755, scale_lr: 0.37250092230801679, EAO: 0.259
Trial 646 finished with value: 0.25895114533784913 and parameters: {'window_influence': 0.3334262307141799, 'penalty_k': 0.11746845875171755, 'scale_lr': 0.3725009223080168}. Best is trial 492 with value: 0.2888057565664857.
checkpoint_e39 window_influence: 0.28634476318202801, penalty_k: 0.20906536643553597, scale_lr: 0.46406326731167469, EAO: 0.257
Trial 647 finished with value: 0.2569501661067087 and parameters: {'window_influence': 0.286344763182028, 'penalty_k': 0.20906536643553597, 'scale_lr': 0.4640632673116747}. Best is trial 492 with value: 0.2888057565664857.
checkpoint_e39 window_influence: 0.64163102379975612, penalty_k: 0.03326326864331423, scale_lr: 0.48516207216130808, EAO: 0.219
Trial 648 finished with value: 0.21919256491147407 and parameters: {'window_influence': 0.6416310237997561, 'penalty_k': 0.03326326864331423, 'scale_lr': 0.4851620721613081}. Best is trial 492 with value: 0.2888057565664857.
checkpoint_e39 window_influence: 0.42803260399230914, penalty_k: 0.25157261967375039, scale_lr: 0.41010221861173130, EAO: 0.246
Trial 649 finished with value: 0.2462561867707144 and parameters: {'window_influence': 0.42803260399230914, 'penalty_k': 0.2515726196737504, 'scale_lr': 0.4101022186117313}. Best is trial 492 with value: 0.2888057565664857.
checkpoint_e39 window_influence: 0.63790521503255604, penalty_k: 0.49741387666616066, scale_lr: 0.53023657065072716, EAO: 0.222
Trial 650 finished with value: 0.22194057642444362 and parameters: {'window_influence': 0.637905215032556, 'penalty_k': 0.49741387666616066, 'scale_lr': 0.5302365706507272}. Best is trial 492 with value: 0.2888057565664857.
checkpoint_e39 window_influence: 0.59510009336412295, penalty_k: 0.16140312300545545, scale_lr: 0.50306640672668801, EAO: 0.236
Trial 651 finished with value: 0.23573154731979215 and parameters: {'window_influence': 0.595100093364123, 'penalty_k': 0.16140312300545545, 'scale_lr': 0.503066406726688}. Best is trial 492 with value: 0.2888057565664857.
checkpoint_e39 window_influence: 0.55193027846430309, penalty_k: 0.05956015745865647, scale_lr: 0.55559934580689962, EAO: 0.245
Trial 652 finished with value: 0.24502450712328036 and parameters: {'window_influence': 0.5519302784643031, 'penalty_k': 0.05956015745865647, 'scale_lr': 0.5555993458068996}. Best is trial 492 with value: 0.2888057565664857.
checkpoint_e39 window_influence: 0.12567659051359562, penalty_k: 0.09022856680043018, scale_lr: 0.39035017766593816, EAO: 0.257
Trial 653 finished with value: 0.2571346382421207 and parameters: {'window_influence': 0.12567659051359562, 'penalty_k': 0.09022856680043018, 'scale_lr': 0.39035017766593816}. Best is trial 492 with value: 0.2888057565664857.
checkpoint_e39 window_influence: 0.31286396005207040, penalty_k: 0.34936489540406673, scale_lr: 0.45230784258156442, EAO: 0.254
Trial 654 finished with value: 0.25410788694048314 and parameters: {'window_influence': 0.3128639600520704, 'penalty_k': 0.34936489540406673, 'scale_lr': 0.4523078425815644}. Best is trial 492 with value: 0.2888057565664857.
checkpoint_e39 window_influence: 0.11811859824805943, penalty_k: 0.29645668224718830, scale_lr: 0.65689456563001847, EAO: 0.231
Trial 655 finished with value: 0.23092858426696886 and parameters: {'window_influence': 0.11811859824805943, 'penalty_k': 0.2964566822471883, 'scale_lr': 0.6568945656300185}. Best is trial 492 with value: 0.2888057565664857.
checkpoint_e39 window_influence: 0.38177728330977972, penalty_k: 0.13979220963781364, scale_lr: 0.58131091505465937, EAO: 0.278
Trial 656 finished with value: 0.2784652063032476 and parameters: {'window_influence': 0.3817772833097797, 'penalty_k': 0.13979220963781364, 'scale_lr': 0.5813109150546594}. Best is trial 492 with value: 0.2888057565664857.
checkpoint_e39 window_influence: 0.39197547449924308, penalty_k: 0.10358693442997928, scale_lr: 0.18719731820055702, EAO: 0.265
Trial 657 finished with value: 0.2650873837916832 and parameters: {'window_influence': 0.3919754744992431, 'penalty_k': 0.10358693442997928, 'scale_lr': 0.18719731820055702}. Best is trial 492 with value: 0.2888057565664857.
checkpoint_e39 window_influence: 0.47449711969498642, penalty_k: 0.45042299078516523, scale_lr: 0.57880107708665796, EAO: 0.247
Trial 658 finished with value: 0.24713881816563568 and parameters: {'window_influence': 0.4744971196949864, 'penalty_k': 0.45042299078516523, 'scale_lr': 0.578801077086658}. Best is trial 492 with value: 0.2888057565664857.
checkpoint_e39 window_influence: 0.37758343070683159, penalty_k: 0.13661619938243749, scale_lr: 0.56892812099579537, EAO: 0.267
Trial 659 finished with value: 0.26725038371192733 and parameters: {'window_influence': 0.3775834307068316, 'penalty_k': 0.1366161993824375, 'scale_lr': 0.5689281209957954}. Best is trial 492 with value: 0.2888057565664857.
checkpoint_e39 window_influence: 0.37761760356068996, penalty_k: 0.12297073734613281, scale_lr: 0.58730569578196867, EAO: 0.266
Trial 660 finished with value: 0.26649433235085107 and parameters: {'window_influence': 0.37761760356068996, 'penalty_k': 0.12297073734613281, 'scale_lr': 0.5873056957819687}. Best is trial 492 with value: 0.2888057565664857.
checkpoint_e39 window_influence: 0.40221598460528507, penalty_k: 0.19477105715505544, scale_lr: 0.61060602512630868, EAO: 0.249
Trial 661 finished with value: 0.24898961083433493 and parameters: {'window_influence': 0.40221598460528507, 'penalty_k': 0.19477105715505544, 'scale_lr': 0.6106060251263087}. Best is trial 492 with value: 0.2888057565664857.
checkpoint_e39 window_influence: 0.38851241552991256, penalty_k: 0.21896191713235524, scale_lr: 0.56894982744348788, EAO: 0.256
Trial 662 finished with value: 0.25572056935085513 and parameters: {'window_influence': 0.38851241552991256, 'penalty_k': 0.21896191713235524, 'scale_lr': 0.5689498274434879}. Best is trial 492 with value: 0.2888057565664857.
checkpoint_e39 window_influence: 0.36786811423333571, penalty_k: 0.20171220507027976, scale_lr: 0.54721648244739274, EAO: 0.260
Trial 663 finished with value: 0.2599408066248506 and parameters: {'window_influence': 0.3678681142333357, 'penalty_k': 0.20171220507027976, 'scale_lr': 0.5472164824473927}. Best is trial 492 with value: 0.2888057565664857.
checkpoint_e39 window_influence: 0.35687380483702547, penalty_k: 0.18104494669621474, scale_lr: 0.11790384447215263, EAO: 0.257
Trial 664 finished with value: 0.2571969392701862 and parameters: {'window_influence': 0.35687380483702547, 'penalty_k': 0.18104494669621474, 'scale_lr': 0.11790384447215263}. Best is trial 492 with value: 0.2888057565664857.
checkpoint_e39 window_influence: 0.34276305149573455, penalty_k: 0.23417950645865787, scale_lr: 0.30989530067972648, EAO: 0.267
Trial 665 finished with value: 0.26701340055078027 and parameters: {'window_influence': 0.34276305149573455, 'penalty_k': 0.23417950645865787, 'scale_lr': 0.3098953006797265}. Best is trial 492 with value: 0.2888057565664857.
checkpoint_e39 window_influence: 0.38140934780473568, penalty_k: 0.27298348675325146, scale_lr: 0.58565231813479568, EAO: 0.259
Trial 666 finished with value: 0.25906579850650413 and parameters: {'window_influence': 0.3814093478047357, 'penalty_k': 0.27298348675325146, 'scale_lr': 0.5856523181347957}. Best is trial 492 with value: 0.2888057565664857.
checkpoint_e39 window_influence: 0.32716401374580817, penalty_k: 0.39534391530781743, scale_lr: 0.56093958477366390, EAO: 0.271
Trial 667 finished with value: 0.2708013115859613 and parameters: {'window_influence': 0.32716401374580817, 'penalty_k': 0.39534391530781743, 'scale_lr': 0.5609395847736639}. Best is trial 492 with value: 0.2888057565664857.
checkpoint_e39 window_influence: 0.34232042920463951, penalty_k: 0.37270357241052310, scale_lr: 0.37988785900452277, EAO: 0.254
Trial 668 finished with value: 0.25355719181337977 and parameters: {'window_influence': 0.3423204292046395, 'penalty_k': 0.3727035724105231, 'scale_lr': 0.37988785900452277}. Best is trial 492 with value: 0.2888057565664857.
checkpoint_e39 window_influence: 0.35769567748144548, penalty_k: 0.11021433916026917, scale_lr: 0.29089705107552433, EAO: 0.259
Trial 669 finished with value: 0.2588331437086671 and parameters: {'window_influence': 0.3576956774814455, 'penalty_k': 0.11021433916026917, 'scale_lr': 0.2908970510755243}. Best is trial 492 with value: 0.2888057565664857.
checkpoint_e39 window_influence: 0.26956193835042086, penalty_k: 0.04889959550282175, scale_lr: 0.59503469430157951, EAO: 0.254
Trial 670 finished with value: 0.254030803718218 and parameters: {'window_influence': 0.26956193835042086, 'penalty_k': 0.04889959550282175, 'scale_lr': 0.5950346943015795}. Best is trial 492 with value: 0.2888057565664857.
checkpoint_e39 window_influence: 0.52257834924211932, penalty_k: 0.14207904637949537, scale_lr: 0.54457362007715171, EAO: 0.238
Trial 671 finished with value: 0.23776261799219178 and parameters: {'window_influence': 0.5225783492421193, 'penalty_k': 0.14207904637949537, 'scale_lr': 0.5445736200771517}. Best is trial 492 with value: 0.2888057565664857.
checkpoint_e39 window_influence: 0.32505740982036457, penalty_k: 0.25831006724778405, scale_lr: 0.60626572954772617, EAO: 0.265
Trial 672 finished with value: 0.26455607471185 and parameters: {'window_influence': 0.3250574098203646, 'penalty_k': 0.25831006724778405, 'scale_lr': 0.6062657295477262}. Best is trial 492 with value: 0.2888057565664857.
checkpoint_e39 window_influence: 0.40442205393549985, penalty_k: 0.49242359826157178, scale_lr: 0.64128657440310810, EAO: 0.245
Trial 673 finished with value: 0.24507691474949442 and parameters: {'window_influence': 0.40442205393549985, 'penalty_k': 0.4924235982615718, 'scale_lr': 0.6412865744031081}. Best is trial 492 with value: 0.2888057565664857.
checkpoint_e39 window_influence: 0.63359952059867530, penalty_k: 0.07294640471604827, scale_lr: 0.53434099213295028, EAO: 0.218
Trial 674 finished with value: 0.21789097743548028 and parameters: {'window_influence': 0.6335995205986753, 'penalty_k': 0.07294640471604827, 'scale_lr': 0.5343409921329503}. Best is trial 492 with value: 0.2888057565664857.
checkpoint_e39 window_influence: 0.10320654831993933, penalty_k: 0.17326447116337129, scale_lr: 0.51621730844638403, EAO: 0.237
Trial 675 finished with value: 0.23732743424371006 and parameters: {'window_influence': 0.10320654831993933, 'penalty_k': 0.1732644711633713, 'scale_lr': 0.516217308446384}. Best is trial 492 with value: 0.2888057565664857.
checkpoint_e39 window_influence: 0.33332527429422676, penalty_k: 0.09772682757919063, scale_lr: 0.62828323082409954, EAO: 0.268
Trial 676 finished with value: 0.2682892824939596 and parameters: {'window_influence': 0.33332527429422676, 'penalty_k': 0.09772682757919063, 'scale_lr': 0.6282832308240995}. Best is trial 492 with value: 0.2888057565664857.
checkpoint_e39 window_influence: 0.41284128624858918, penalty_k: 0.12834098227236196, scale_lr: 0.56478460589588020, EAO: 0.261
Trial 677 finished with value: 0.2608676666045577 and parameters: {'window_influence': 0.4128412862485892, 'penalty_k': 0.12834098227236196, 'scale_lr': 0.5647846058958802}. Best is trial 492 with value: 0.2888057565664857.
checkpoint_e39 window_influence: 0.61227649948708962, penalty_k: 0.22095953640253138, scale_lr: 0.79273772349446925, EAO: 0.217
Trial 678 finished with value: 0.21726026676776933 and parameters: {'window_influence': 0.6122764994870896, 'penalty_k': 0.22095953640253138, 'scale_lr': 0.7927377234944692}. Best is trial 492 with value: 0.2888057565664857.
checkpoint_e39 window_influence: 0.30911055554325045, penalty_k: 0.01717301250739322, scale_lr: 0.30281265616167136, EAO: 0.266
Trial 679 finished with value: 0.266012749415103 and parameters: {'window_influence': 0.30911055554325045, 'penalty_k': 0.017173012507393216, 'scale_lr': 0.30281265616167136}. Best is trial 492 with value: 0.2888057565664857.
checkpoint_e39 window_influence: 0.34950633612400456, penalty_k: 0.15875613626843388, scale_lr: 0.57364654908720003, EAO: 0.276
Trial 680 finished with value: 0.275859210307036 and parameters: {'window_influence': 0.34950633612400456, 'penalty_k': 0.15875613626843388, 'scale_lr': 0.5736465490872}. Best is trial 492 with value: 0.2888057565664857.
checkpoint_e39 window_influence: 0.43854444188379665, penalty_k: 0.19457106507584856, scale_lr: 0.22824328872782731, EAO: 0.254
Trial 681 finished with value: 0.2535170944241004 and parameters: {'window_influence': 0.43854444188379665, 'penalty_k': 0.19457106507584856, 'scale_lr': 0.22824328872782731}. Best is trial 492 with value: 0.2888057565664857.
checkpoint_e39 window_influence: 0.55130429107278422, penalty_k: 0.18216552808551217, scale_lr: 0.16064354150571281, EAO: 0.245
