Trial 796 finished with value: 0.27266050978162426 and parameters: {'window_influence': 0.3297364403348064, 'penalty_k': 0.08982370433194381, 'scale_lr': 0.15861360944848293}. Best is trial 212 with value: 0.2844979555868521.
checkpoint_e32 window_influence: 0.53595048925704580, penalty_k: 0.31868363945229849, scale_lr: 0.42122466074789977, EAO: 0.245
Trial 797 finished with value: 0.24522209270455972 and parameters: {'window_influence': 0.5359504892570458, 'penalty_k': 0.3186836394522985, 'scale_lr': 0.42122466074789977}. Best is trial 212 with value: 0.2844979555868521.
checkpoint_e32 window_influence: 0.37230881852249403, penalty_k: 0.07523649779916310, scale_lr: 0.34106792779039508, EAO: 0.255
Trial 798 finished with value: 0.2551142569722199 and parameters: {'window_influence': 0.37230881852249403, 'penalty_k': 0.0752364977991631, 'scale_lr': 0.3410679277903951}. Best is trial 212 with value: 0.2844979555868521.
checkpoint_e32 window_influence: 0.43542783749955416, penalty_k: 0.40257248424628489, scale_lr: 0.10000993441318767, EAO: 0.258
Trial 799 finished with value: 0.2576114635278539 and parameters: {'window_influence': 0.43542783749955416, 'penalty_k': 0.4025724842462849, 'scale_lr': 0.10000993441318767}. Best is trial 212 with value: 0.2844979555868521.
checkpoint_e32 window_influence: 0.61949127418116168, penalty_k: 0.48295440594066819, scale_lr: 0.55952237749550371, EAO: 0.207
Trial 800 finished with value: 0.20703320659515334 and parameters: {'window_influence': 0.6194912741811617, 'penalty_k': 0.4829544059406682, 'scale_lr': 0.5595223774955037}. Best is trial 212 with value: 0.2844979555868521.
checkpoint_e32 window_influence: 0.30213284619491471, penalty_k: 0.14304500890734012, scale_lr: 0.11645293871692589, EAO: 0.264
Trial 801 finished with value: 0.26379973096091575 and parameters: {'window_influence': 0.3021328461949147, 'penalty_k': 0.14304500890734012, 'scale_lr': 0.11645293871692589}. Best is trial 212 with value: 0.2844979555868521.
checkpoint_e32 window_influence: 0.35416547721229452, penalty_k: 0.18548723126060018, scale_lr: 0.30021616234791493, EAO: 0.260
Trial 802 finished with value: 0.25994220921179145 and parameters: {'window_influence': 0.3541654772122945, 'penalty_k': 0.18548723126060018, 'scale_lr': 0.3002161623479149}. Best is trial 212 with value: 0.2844979555868521.
checkpoint_e32 window_influence: 0.46447885828190505, penalty_k: 0.20550206564012816, scale_lr: 0.21636098447837909, EAO: 0.264
Trial 803 finished with value: 0.26365874937879363 and parameters: {'window_influence': 0.46447885828190505, 'penalty_k': 0.20550206564012816, 'scale_lr': 0.2163609844783791}. Best is trial 212 with value: 0.2844979555868521.
checkpoint_e32 window_influence: 0.28969612114842513, penalty_k: 0.11637217358057425, scale_lr: 0.59566898385202061, EAO: 0.257
Trial 804 finished with value: 0.25654320273457504 and parameters: {'window_influence': 0.28969612114842513, 'penalty_k': 0.11637217358057425, 'scale_lr': 0.5956689838520206}. Best is trial 212 with value: 0.2844979555868521.
checkpoint_e32 window_influence: 0.34183083874248099, penalty_k: 0.04980145852477301, scale_lr: 0.38997001295890332, EAO: 0.261
Trial 805 finished with value: 0.2614923009906358 and parameters: {'window_influence': 0.341830838742481, 'penalty_k': 0.04980145852477301, 'scale_lr': 0.3899700129589033}. Best is trial 212 with value: 0.2844979555868521.
checkpoint_e32 window_influence: 0.23818830071874186, penalty_k: 0.54340274004374134, scale_lr: 0.28688714687157296, EAO: 0.241
Trial 806 finished with value: 0.24079459457378077 and parameters: {'window_influence': 0.23818830071874186, 'penalty_k': 0.5434027400437413, 'scale_lr': 0.28688714687157296}. Best is trial 212 with value: 0.2844979555868521.
checkpoint_e32 window_influence: 0.31812275381232774, penalty_k: 0.07275806089198961, scale_lr: 0.69828063586523759, EAO: 0.263
Trial 807 finished with value: 0.2625871503619644 and parameters: {'window_influence': 0.31812275381232774, 'penalty_k': 0.0727580608919896, 'scale_lr': 0.6982806358652376}. Best is trial 212 with value: 0.2844979555868521.
checkpoint_e32 window_influence: 0.30659763102850845, penalty_k: 0.46299269802074106, scale_lr: 0.13646394533882328, EAO: 0.245
Trial 808 finished with value: 0.24510457814951253 and parameters: {'window_influence': 0.30659763102850845, 'penalty_k': 0.46299269802074106, 'scale_lr': 0.13646394533882328}. Best is trial 212 with value: 0.2844979555868521.
checkpoint_e32 window_influence: 0.20568164532867964, penalty_k: 0.27844787852239472, scale_lr: 0.47688961784248007, EAO: 0.256
Trial 809 finished with value: 0.2557682506437224 and parameters: {'window_influence': 0.20568164532867964, 'penalty_k': 0.2784478785223947, 'scale_lr': 0.4768896178424801}. Best is trial 212 with value: 0.2844979555868521.
checkpoint_e32 window_influence: 0.28096070197726081, penalty_k: 0.09526071156877801, scale_lr: 0.57678908719990640, EAO: 0.259
Trial 810 finished with value: 0.2591990048928959 and parameters: {'window_influence': 0.2809607019772608, 'penalty_k': 0.09526071156877801, 'scale_lr': 0.5767890871999064}. Best is trial 212 with value: 0.2844979555868521.
checkpoint_e32 window_influence: 0.42393836728929368, penalty_k: 0.22455866981922923, scale_lr: 0.12101721157353193, EAO: 0.263
Trial 811 finished with value: 0.26319180295719363 and parameters: {'window_influence': 0.4239383672892937, 'penalty_k': 0.22455866981922923, 'scale_lr': 0.12101721157353193}. Best is trial 212 with value: 0.2844979555868521.
checkpoint_e32 window_influence: 0.58847938742744665, penalty_k: 0.29857926479914820, scale_lr: 0.45388382700920049, EAO: 0.224
Trial 812 finished with value: 0.22404092380670998 and parameters: {'window_influence': 0.5884793874274467, 'penalty_k': 0.2985792647991482, 'scale_lr': 0.4538838270092005}. Best is trial 212 with value: 0.2844979555868521.
checkpoint_e32 window_influence: 0.32585616957418373, penalty_k: 0.24715965446711521, scale_lr: 0.50811530588390619, EAO: 0.270
Trial 813 finished with value: 0.26958670170326543 and parameters: {'window_influence': 0.32585616957418373, 'penalty_k': 0.24715965446711521, 'scale_lr': 0.5081153058839062}. Best is trial 212 with value: 0.2844979555868521.
checkpoint_e32 window_influence: 0.26616398054969864, penalty_k: 0.35639416726672057, scale_lr: 0.14888032981026100, EAO: 0.250
Trial 814 finished with value: 0.24974296962827203 and parameters: {'window_influence': 0.26616398054969864, 'penalty_k': 0.3563941672667206, 'scale_lr': 0.148880329810261}. Best is trial 212 with value: 0.2844979555868521.
checkpoint_e32 window_influence: 0.30095799230299702, penalty_k: 0.03580983140783819, scale_lr: 0.24058622975258745, EAO: 0.260
Trial 815 finished with value: 0.2604790295406086 and parameters: {'window_influence': 0.300957992302997, 'penalty_k': 0.035809831407838194, 'scale_lr': 0.24058622975258745}. Best is trial 212 with value: 0.2844979555868521.
checkpoint_e32 window_influence: 0.13017557667865592, penalty_k: 0.05994583722101475, scale_lr: 0.11278083017894847, EAO: 0.246
Trial 816 finished with value: 0.24591150740540124 and parameters: {'window_influence': 0.13017557667865592, 'penalty_k': 0.05994583722101475, 'scale_lr': 0.11278083017894847}. Best is trial 212 with value: 0.2844979555868521.
checkpoint_e32 window_influence: 0.33566613831151715, penalty_k: 0.08474962597284072, scale_lr: 0.16566129372188831, EAO: 0.257
Trial 817 finished with value: 0.25694602776349074 and parameters: {'window_influence': 0.33566613831151715, 'penalty_k': 0.08474962597284072, 'scale_lr': 0.16566129372188831}. Best is trial 212 with value: 0.2844979555868521.
checkpoint_e32 window_influence: 0.51670138393316911, penalty_k: 0.10295916637772398, scale_lr: 0.66666482452326881, EAO: 0.252
Trial 818 finished with value: 0.2515933639029177 and parameters: {'window_influence': 0.5167013839331691, 'penalty_k': 0.10295916637772398, 'scale_lr': 0.6666648245232688}. Best is trial 212 with value: 0.2844979555868521.
checkpoint_e32 window_influence: 0.35770179777061639, penalty_k: 0.37097656409264179, scale_lr: 0.20219212490960220, EAO: 0.251
Trial 819 finished with value: 0.2510730779267908 and parameters: {'window_influence': 0.3577017977706164, 'penalty_k': 0.3709765640926418, 'scale_lr': 0.2021921249096022}. Best is trial 212 with value: 0.2844979555868521.
checkpoint_e32 window_influence: 0.31511961586468157, penalty_k: 0.06835756347958528, scale_lr: 0.13417686836706755, EAO: 0.263
Trial 820 finished with value: 0.26336505391248843 and parameters: {'window_influence': 0.31511961586468157, 'penalty_k': 0.06835756347958528, 'scale_lr': 0.13417686836706755}. Best is trial 212 with value: 0.2844979555868521.
checkpoint_e32 window_influence: 0.14789005672228339, penalty_k: 0.41420636094675012, scale_lr: 0.26283966137055437, EAO: 0.244
Trial 821 finished with value: 0.2437213659286499 and parameters: {'window_influence': 0.1478900567222834, 'penalty_k': 0.4142063609467501, 'scale_lr': 0.26283966137055437}. Best is trial 212 with value: 0.2844979555868521.
checkpoint_e32 window_influence: 0.59819804721631575, penalty_k: 0.34106614478968589, scale_lr: 0.11152699464611150, EAO: 0.216
Trial 822 finished with value: 0.2164538674722842 and parameters: {'window_influence': 0.5981980472163158, 'penalty_k': 0.3410661447896859, 'scale_lr': 0.1115269946461115}. Best is trial 212 with value: 0.2844979555868521.
checkpoint_e32 window_influence: 0.43855857024174077, penalty_k: 0.42806288991792024, scale_lr: 0.10003766359645586, EAO: 0.262
Trial 823 finished with value: 0.2619664153553606 and parameters: {'window_influence': 0.4385585702417408, 'penalty_k': 0.42806288991792024, 'scale_lr': 0.10003766359645586}. Best is trial 212 with value: 0.2844979555868521.
checkpoint_e32 window_influence: 0.49454111652054744, penalty_k: 0.12728851425861298, scale_lr: 0.12746745233488183, EAO: 0.269
Trial 824 finished with value: 0.26866992684156915 and parameters: {'window_influence': 0.49454111652054744, 'penalty_k': 0.12728851425861298, 'scale_lr': 0.12746745233488183}. Best is trial 212 with value: 0.2844979555868521.
checkpoint_e32 window_influence: 0.34240175013985075, penalty_k: 0.02483335111024198, scale_lr: 0.31167183385068520, EAO: 0.256
Trial 825 finished with value: 0.25634018677036935 and parameters: {'window_influence': 0.34240175013985075, 'penalty_k': 0.02483335111024198, 'scale_lr': 0.3116718338506852}. Best is trial 212 with value: 0.2844979555868521.
checkpoint_e32 window_influence: 0.29576009328379077, penalty_k: 0.58809723212870590, scale_lr: 0.17613776424358055, EAO: 0.243
Trial 826 finished with value: 0.2430520778506752 and parameters: {'window_influence': 0.29576009328379077, 'penalty_k': 0.5880972321287059, 'scale_lr': 0.17613776424358055}. Best is trial 212 with value: 0.2844979555868521.
checkpoint_e32 window_influence: 0.61990983740269479, penalty_k: 0.51224729353415199, scale_lr: 0.72595417558267283, EAO: 0.210
Trial 827 finished with value: 0.2095597300951074 and parameters: {'window_influence': 0.6199098374026948, 'penalty_k': 0.512247293534152, 'scale_lr': 0.7259541755826728}. Best is trial 212 with value: 0.2844979555868521.
checkpoint_e32 window_influence: 0.37393576283718860, penalty_k: 0.08172748885130453, scale_lr: 0.24664813876952707, EAO: 0.262
Trial 828 finished with value: 0.26194863778546573 and parameters: {'window_influence': 0.3739357628371886, 'penalty_k': 0.08172748885130453, 'scale_lr': 0.24664813876952707}. Best is trial 212 with value: 0.2844979555868521.
checkpoint_e32 window_influence: 0.32829952019346581, penalty_k: 0.04725896766237435, scale_lr: 0.60156694715596704, EAO: 0.269
Trial 829 finished with value: 0.26855123600339503 and parameters: {'window_influence': 0.3282995201934658, 'penalty_k': 0.04725896766237435, 'scale_lr': 0.601566947155967}. Best is trial 212 with value: 0.2844979555868521.
checkpoint_e32 window_influence: 0.41438240520060193, penalty_k: 0.11577670019622335, scale_lr: 0.48832424244766237, EAO: 0.269
Trial 830 finished with value: 0.2694577297301796 and parameters: {'window_influence': 0.41438240520060193, 'penalty_k': 0.11577670019622335, 'scale_lr': 0.48832424244766237}. Best is trial 212 with value: 0.2844979555868521.
checkpoint_e32 window_influence: 0.57693761728795057, penalty_k: 0.10072143296111488, scale_lr: 0.54829789922426819, EAO: 0.231
Trial 831 finished with value: 0.23067525949904588 and parameters: {'window_influence': 0.5769376172879506, 'penalty_k': 0.10072143296111488, 'scale_lr': 0.5482978992242682}. Best is trial 212 with value: 0.2844979555868521.
checkpoint_e32 window_influence: 0.31089792348421263, penalty_k: 0.50260760749500988, scale_lr: 0.52561878451393229, EAO: 0.265
Trial 832 finished with value: 0.2654791373789795 and parameters: {'window_influence': 0.31089792348421263, 'penalty_k': 0.5026076074950099, 'scale_lr': 0.5256187845139323}. Best is trial 212 with value: 0.2844979555868521.
checkpoint_e32 window_influence: 0.45037572898579592, penalty_k: 0.06181004327653319, scale_lr: 0.35135897039197744, EAO: 0.259
Trial 833 finished with value: 0.2588342896443072 and parameters: {'window_influence': 0.4503757289857959, 'penalty_k': 0.061810043276533194, 'scale_lr': 0.35135897039197744}. Best is trial 212 with value: 0.2844979555868521.
checkpoint_e32 window_influence: 0.28847830776226807, penalty_k: 0.09219008926061069, scale_lr: 0.42765326188872299, EAO: 0.259
Trial 834 finished with value: 0.2587693558960426 and parameters: {'window_influence': 0.28847830776226807, 'penalty_k': 0.09219008926061069, 'scale_lr': 0.427653261888723}. Best is trial 212 with value: 0.2844979555868521.
checkpoint_e32 window_influence: 0.25246431566409450, penalty_k: 0.34723662354459522, scale_lr: 0.14004533055694640, EAO: 0.248
Trial 835 finished with value: 0.2475711539751146 and parameters: {'window_influence': 0.2524643156640945, 'penalty_k': 0.3472366235445952, 'scale_lr': 0.1400453305569464}. Best is trial 212 with value: 0.2844979555868521.
checkpoint_e32 window_influence: 0.32285404150826591, penalty_k: 0.47724488549834598, scale_lr: 0.12319116936489631, EAO: 0.260
Trial 836 finished with value: 0.25978635142489176 and parameters: {'window_influence': 0.3228540415082659, 'penalty_k': 0.477244885498346, 'scale_lr': 0.12319116936489631}. Best is trial 212 with value: 0.2844979555868521.
checkpoint_e32 window_influence: 0.34485891147298164, penalty_k: 0.07523273242214744, scale_lr: 0.40963203987289931, EAO: 0.262
Trial 837 finished with value: 0.2616929987945208 and parameters: {'window_influence': 0.34485891147298164, 'penalty_k': 0.07523273242214744, 'scale_lr': 0.4096320398728993}. Best is trial 212 with value: 0.2844979555868521.
checkpoint_e32 window_influence: 0.45865859165730932, penalty_k: 0.26396328613078829, scale_lr: 0.61648306050978430, EAO: 0.266
Trial 838 finished with value: 0.2660905323256322 and parameters: {'window_influence': 0.4586585916573093, 'penalty_k': 0.2639632861307883, 'scale_lr': 0.6164830605097843}. Best is trial 212 with value: 0.2844979555868521.
checkpoint_e32 window_influence: 0.16638725640386159, penalty_k: 0.16862374043319484, scale_lr: 0.33190535266299315, EAO: 0.253
Trial 839 finished with value: 0.2529790522000654 and parameters: {'window_influence': 0.1663872564038616, 'penalty_k': 0.16862374043319484, 'scale_lr': 0.33190535266299315}. Best is trial 212 with value: 0.2844979555868521.
checkpoint_e32 window_influence: 0.30401350953778888, penalty_k: 0.03044717302426757, scale_lr: 0.11102718516375297, EAO: 0.273
Trial 840 finished with value: 0.27349871954297633 and parameters: {'window_influence': 0.3040135095377889, 'penalty_k': 0.030447173024267568, 'scale_lr': 0.11102718516375297}. Best is trial 212 with value: 0.2844979555868521.
checkpoint_e32 window_influence: 0.36453587134001780, penalty_k: 0.15131357827827049, scale_lr: 0.15500731153751024, EAO: 0.273
Trial 841 finished with value: 0.2732631946361162 and parameters: {'window_influence': 0.3645358713400178, 'penalty_k': 0.1513135782782705, 'scale_lr': 0.15500731153751024}. Best is trial 212 with value: 0.2844979555868521.
checkpoint_e32 window_influence: 0.64514418294729636, penalty_k: 0.10961195288426272, scale_lr: 0.46019277676450954, EAO: 0.212
Trial 842 finished with value: 0.2117513255859778 and parameters: {'window_influence': 0.6451441829472964, 'penalty_k': 0.10961195288426272, 'scale_lr': 0.46019277676450954}. Best is trial 212 with value: 0.2844979555868521.
checkpoint_e32 window_influence: 0.31748673530547072, penalty_k: 0.39074359527455604, scale_lr: 0.50397597477081546, EAO: 0.263
Trial 843 finished with value: 0.2628109773726967 and parameters: {'window_influence': 0.3174867353054707, 'penalty_k': 0.39074359527455604, 'scale_lr': 0.5039759747708155}. Best is trial 212 with value: 0.2844979555868521.
checkpoint_e32 window_influence: 0.33308090886408431, penalty_k: 0.37962727963996729, scale_lr: 0.13275601267872411, EAO: 0.252
Trial 844 finished with value: 0.25184481512240275 and parameters: {'window_influence': 0.3330809088640843, 'penalty_k': 0.3796272796399673, 'scale_lr': 0.1327560126787241}. Best is trial 212 with value: 0.2844979555868521.
checkpoint_e32 window_influence: 0.27833904934903564, penalty_k: 0.13828997140938595, scale_lr: 0.39212498344302504, EAO: 0.275
Trial 845 finished with value: 0.2753366204660113 and parameters: {'window_influence': 0.27833904934903564, 'penalty_k': 0.13828997140938595, 'scale_lr': 0.39212498344302504}. Best is trial 212 with value: 0.2844979555868521.
checkpoint_e32 window_influence: 0.35093186915518582, penalty_k: 0.04131987333007639, scale_lr: 0.56744726518635091, EAO: 0.266
Trial 846 finished with value: 0.2659778906925907 and parameters: {'window_influence': 0.3509318691551858, 'penalty_k': 0.04131987333007639, 'scale_lr': 0.5674472651863509}. Best is trial 212 with value: 0.2844979555868521.
checkpoint_e32 window_influence: 0.20618960934043729, penalty_k: 0.18073067302597190, scale_lr: 0.11502807613709003, EAO: 0.258
Trial 847 finished with value: 0.2575391448610197 and parameters: {'window_influence': 0.20618960934043729, 'penalty_k': 0.1807306730259719, 'scale_lr': 0.11502807613709003}. Best is trial 212 with value: 0.2844979555868521.
checkpoint_e32 window_influence: 0.30950329732397991, penalty_k: 0.19261305107494142, scale_lr: 0.71901919102885703, EAO: 0.262
Trial 848 finished with value: 0.26187805486161536 and parameters: {'window_influence': 0.3095032973239799, 'penalty_k': 0.19261305107494142, 'scale_lr': 0.719019191028857}. Best is trial 212 with value: 0.2844979555868521.
checkpoint_e32 window_influence: 0.38030992083584653, penalty_k: 0.55298130227673981, scale_lr: 0.12402236837716968, EAO: 0.241
Trial 849 finished with value: 0.24078595753365417 and parameters: {'window_influence': 0.3803099208358465, 'penalty_k': 0.5529813022767398, 'scale_lr': 0.12402236837716968}. Best is trial 212 with value: 0.2844979555868521.
checkpoint_e32 window_influence: 0.29450931191584745, penalty_k: 0.21906378839566390, scale_lr: 0.67568270655815232, EAO: 0.262
Trial 850 finished with value: 0.261847825978345 and parameters: {'window_influence': 0.29450931191584745, 'penalty_k': 0.2190637883956639, 'scale_lr': 0.6756827065581523}. Best is trial 212 with value: 0.2844979555868521.
checkpoint_e32 window_influence: 0.47452731610078608, penalty_k: 0.32955073261409695, scale_lr: 0.37763806299791725, EAO: 0.253
Trial 851 finished with value: 0.2529150239699255 and parameters: {'window_influence': 0.4745273161007861, 'penalty_k': 0.32955073261409695, 'scale_lr': 0.37763806299791725}. Best is trial 212 with value: 0.2844979555868521.
checkpoint_e32 window_influence: 0.43043862316756731, penalty_k: 0.08740591247863988, scale_lr: 0.18403306325909136, EAO: 0.261
Trial 852 finished with value: 0.260994495778549 and parameters: {'window_influence': 0.4304386231675673, 'penalty_k': 0.08740591247863988, 'scale_lr': 0.18403306325909136}. Best is trial 212 with value: 0.2844979555868521.
checkpoint_e32 window_influence: 0.57468529076751873, penalty_k: 0.06944995354060685, scale_lr: 0.70539994793327043, EAO: 0.231
Trial 853 finished with value: 0.23060554902001126 and parameters: {'window_influence': 0.5746852907675187, 'penalty_k': 0.06944995354060685, 'scale_lr': 0.7053999479332704}. Best is trial 212 with value: 0.2844979555868521.
checkpoint_e32 window_influence: 0.32441387025290530, penalty_k: 0.44235366366383944, scale_lr: 0.14480660667245479, EAO: 0.246
Trial 854 finished with value: 0.24584427554675234 and parameters: {'window_influence': 0.3244138702529053, 'penalty_k': 0.44235366366383944, 'scale_lr': 0.1448066066724548}. Best is trial 212 with value: 0.2844979555868521.
checkpoint_e32 window_influence: 0.33325318432350409, penalty_k: 0.05567176653434523, scale_lr: 0.28035678783779416, EAO: 0.264
Trial 855 finished with value: 0.26401740058166223 and parameters: {'window_influence': 0.3332531843235041, 'penalty_k': 0.05567176653434523, 'scale_lr': 0.28035678783779416}. Best is trial 212 with value: 0.2844979555868521.
checkpoint_e32 window_influence: 0.12472064176904479, penalty_k: 0.09663097149758065, scale_lr: 0.10024791059822905, EAO: 0.242
Trial 856 finished with value: 0.24229840267964495 and parameters: {'window_influence': 0.1247206417690448, 'penalty_k': 0.09663097149758065, 'scale_lr': 0.10024791059822905}. Best is trial 212 with value: 0.2844979555868521.
checkpoint_e32 window_influence: 0.27276193089896728, penalty_k: 0.45723511485273260, scale_lr: 0.37173995953335742, EAO: 0.252
Trial 857 finished with value: 0.25227286654516934 and parameters: {'window_influence': 0.2727619308989673, 'penalty_k': 0.4572351148527326, 'scale_lr': 0.3717399595333574}. Best is trial 212 with value: 0.2844979555868521.
checkpoint_e32 window_influence: 0.30595870521085627, penalty_k: 0.07977244168018091, scale_lr: 0.21756525566634805, EAO: 0.261
