A new study created in memory with name: no-name-abbed0ee-f669-4e91-85d1-5160b2a667ab
checkpoint_e39 window_influence: 0.31857123813457139, penalty_k: 0.24953833142586709, scale_lr: 0.67330246963576790, EAO: 0.257
Trial 0 finished with value: 0.2569741214193949 and parameters: {'window_influence': 0.3185712381345714, 'penalty_k': 0.2495383314258671, 'scale_lr': 0.6733024696357679}. Best is trial 0 with value: 0.2569741214193949.
checkpoint_e39 window_influence: 0.58983827191945271, penalty_k: 0.21511035016070892, scale_lr: 0.78077790561712224, EAO: 0.225
Trial 1 finished with value: 0.22524282093939743 and parameters: {'window_influence': 0.5898382719194527, 'penalty_k': 0.21511035016070892, 'scale_lr': 0.7807779056171222}. Best is trial 0 with value: 0.2569741214193949.
checkpoint_e39 window_influence: 0.13770814404050058, penalty_k: 0.21790592562645655, scale_lr: 0.73021763098509751, EAO: 0.234
Trial 2 finished with value: 0.2341065984067878 and parameters: {'window_influence': 0.13770814404050058, 'penalty_k': 0.21790592562645655, 'scale_lr': 0.7302176309850975}. Best is trial 0 with value: 0.2569741214193949.
checkpoint_e39 window_influence: 0.51569282243162440, penalty_k: 0.31229939434158244, scale_lr: 0.61595261153359782, EAO: 0.246
Trial 3 finished with value: 0.2457991972929094 and parameters: {'window_influence': 0.5156928224316244, 'penalty_k': 0.31229939434158244, 'scale_lr': 0.6159526115335978}. Best is trial 0 with value: 0.2569741214193949.
checkpoint_e39 window_influence: 0.40348107902008312, penalty_k: 0.26103502398758638, scale_lr: 0.53885259967967081, EAO: 0.257
Trial 4 finished with value: 0.2571932869713481 and parameters: {'window_influence': 0.4034810790200831, 'penalty_k': 0.2610350239875864, 'scale_lr': 0.5388525996796708}. Best is trial 4 with value: 0.2571932869713481.
checkpoint_e39 window_influence: 0.59961029891472317, penalty_k: 0.10554599198927585, scale_lr: 0.29581637357595542, EAO: 0.228
Trial 5 finished with value: 0.22762444106543936 and parameters: {'window_influence': 0.5996102989147232, 'penalty_k': 0.10554599198927585, 'scale_lr': 0.2958163735759554}. Best is trial 4 with value: 0.2571932869713481.
checkpoint_e39 window_influence: 0.20616415922844866, penalty_k: 0.04460742171420921, scale_lr: 0.14954018941300420, EAO: 0.249
Trial 6 finished with value: 0.24898175016893603 and parameters: {'window_influence': 0.20616415922844866, 'penalty_k': 0.044607421714209214, 'scale_lr': 0.1495401894130042}. Best is trial 4 with value: 0.2571932869713481.
checkpoint_e39 window_influence: 0.09829676019345504, penalty_k: 0.27735559664596954, scale_lr: 0.73307897809033040, EAO: 0.243
Trial 7 finished with value: 0.24280379615663514 and parameters: {'window_influence': 0.09829676019345504, 'penalty_k': 0.27735559664596954, 'scale_lr': 0.7330789780903304}. Best is trial 4 with value: 0.2571932869713481.
checkpoint_e39 window_influence: 0.49660026333007179, penalty_k: 0.49760774491759940, scale_lr: 0.70917123439180096, EAO: 0.234
Trial 8 finished with value: 0.2340859569669739 and parameters: {'window_influence': 0.4966002633300718, 'penalty_k': 0.4976077449175994, 'scale_lr': 0.709171234391801}. Best is trial 4 with value: 0.2571932869713481.
checkpoint_e39 window_influence: 0.47080238884401626, penalty_k: 0.46968453676826333, scale_lr: 0.49300704250095762, EAO: 0.243
Trial 9 finished with value: 0.24337972791456594 and parameters: {'window_influence': 0.47080238884401626, 'penalty_k': 0.4696845367682633, 'scale_lr': 0.4930070425009576}. Best is trial 4 with value: 0.2571932869713481.
checkpoint_e39 window_influence: 0.36290280365002547, penalty_k: 0.37480298121965611, scale_lr: 0.50763121040033266, EAO: 0.249
Trial 10 finished with value: 0.24861933509024178 and parameters: {'window_influence': 0.3629028036500255, 'penalty_k': 0.3748029812196561, 'scale_lr': 0.5076312104003327}. Best is trial 4 with value: 0.2571932869713481.
checkpoint_e39 window_influence: 0.33266615603783994, penalty_k: 0.14135666827174687, scale_lr: 0.59089527829235011, EAO: 0.254
Trial 11 finished with value: 0.2539732756653452 and parameters: {'window_influence': 0.33266615603783994, 'penalty_k': 0.14135666827174687, 'scale_lr': 0.5908952782923501}. Best is trial 4 with value: 0.2571932869713481.
checkpoint_e39 window_influence: 0.30690931680019412, penalty_k: 0.58878580320914831, scale_lr: 0.40707289366507349, EAO: 0.244
Trial 12 finished with value: 0.24357162743079952 and parameters: {'window_influence': 0.3069093168001941, 'penalty_k': 0.5887858032091483, 'scale_lr': 0.4070728936650735}. Best is trial 4 with value: 0.2571932869713481.
checkpoint_e39 window_influence: 0.39180458217489628, penalty_k: 0.00976332304852995, scale_lr: 0.59272097899509912, EAO: 0.265
Trial 13 finished with value: 0.2652959687923028 and parameters: {'window_influence': 0.3918045821748963, 'penalty_k': 0.009763323048529948, 'scale_lr': 0.5927209789950991}. Best is trial 13 with value: 0.2652959687923028.
checkpoint_e39 window_influence: 0.42176957236190665, penalty_k: 0.02667511131359387, scale_lr: 0.57353236982363254, EAO: 0.259
Trial 14 finished with value: 0.259221643694048 and parameters: {'window_influence': 0.42176957236190665, 'penalty_k': 0.026675111313593874, 'scale_lr': 0.5735323698236325}. Best is trial 13 with value: 0.2652959687923028.
checkpoint_e39 window_influence: 0.43908607167585711, penalty_k: 0.00711891682997385, scale_lr: 0.62805833921894161, EAO: 0.254
Trial 15 finished with value: 0.2536475101137549 and parameters: {'window_influence': 0.4390860716758571, 'penalty_k': 0.007118916829973846, 'scale_lr': 0.6280583392189416}. Best is trial 13 with value: 0.2652959687923028.
checkpoint_e39 window_influence: 0.26429495275846626, penalty_k: 0.00875345715872073, scale_lr: 0.41396565794326490, EAO: 0.249
Trial 16 finished with value: 0.24949842818626544 and parameters: {'window_influence': 0.26429495275846626, 'penalty_k': 0.00875345715872073, 'scale_lr': 0.4139656579432649}. Best is trial 13 with value: 0.2652959687923028.
checkpoint_e39 window_influence: 0.39400494329639629, penalty_k: 0.09446889928014443, scale_lr: 0.54792418109404095, EAO: 0.267
Trial 17 finished with value: 0.2669200292084275 and parameters: {'window_influence': 0.3940049432963963, 'penalty_k': 0.09446889928014443, 'scale_lr': 0.547924181094041}. Best is trial 17 with value: 0.2669200292084275.
checkpoint_e39 window_influence: 0.38226269784177058, penalty_k: 0.10921727631649093, scale_lr: 0.65073654060872899, EAO: 0.246
Trial 18 finished with value: 0.2455805356546146 and parameters: {'window_influence': 0.3822626978417706, 'penalty_k': 0.10921727631649093, 'scale_lr': 0.650736540608729}. Best is trial 17 with value: 0.2669200292084275.
checkpoint_e39 window_influence: 0.26290597318668696, penalty_k: 0.15943784550818080, scale_lr: 0.45489633613421926, EAO: 0.269
Trial 19 finished with value: 0.268669762928796 and parameters: {'window_influence': 0.26290597318668696, 'penalty_k': 0.1594378455081808, 'scale_lr': 0.45489633613421926}. Best is trial 19 with value: 0.268669762928796.
checkpoint_e39 window_influence: 0.24163404725345672, penalty_k: 0.16924621964561737, scale_lr: 0.42533389571758534, EAO: 0.267
Trial 20 finished with value: 0.26692221786190823 and parameters: {'window_influence': 0.24163404725345672, 'penalty_k': 0.16924621964561737, 'scale_lr': 0.42533389571758534}. Best is trial 19 with value: 0.268669762928796.
checkpoint_e39 window_influence: 0.23492145874311168, penalty_k: 0.16045541707121044, scale_lr: 0.44865800968075137, EAO: 0.261
Trial 21 finished with value: 0.2614929012166775 and parameters: {'window_influence': 0.23492145874311168, 'penalty_k': 0.16045541707121044, 'scale_lr': 0.44865800968075137}. Best is trial 19 with value: 0.268669762928796.
checkpoint_e39 window_influence: 0.17990751163985555, penalty_k: 0.17329978099970905, scale_lr: 0.37544792824798834, EAO: 0.267
Trial 22 finished with value: 0.2667118643478649 and parameters: {'window_influence': 0.17990751163985555, 'penalty_k': 0.17329978099970905, 'scale_lr': 0.37544792824798834}. Best is trial 19 with value: 0.268669762928796.
checkpoint_e39 window_influence: 0.26892812042948910, penalty_k: 0.10015986693866792, scale_lr: 0.49159291008344891, EAO: 0.269
Trial 23 finished with value: 0.2690001519593766 and parameters: {'window_influence': 0.2689281204294891, 'penalty_k': 0.10015986693866792, 'scale_lr': 0.4915929100834489}. Best is trial 23 with value: 0.2690001519593766.
checkpoint_e39 window_influence: 0.27038465463676487, penalty_k: 0.07842398587013133, scale_lr: 0.34186552527710112, EAO: 0.258
Trial 24 finished with value: 0.257943758271574 and parameters: {'window_influence': 0.27038465463676487, 'penalty_k': 0.07842398587013133, 'scale_lr': 0.3418655252771011}. Best is trial 23 with value: 0.2690001519593766.
checkpoint_e39 window_influence: 0.17667615762816125, penalty_k: 0.16140320120857574, scale_lr: 0.46722513999365151, EAO: 0.252
Trial 25 finished with value: 0.2518334175513043 and parameters: {'window_influence': 0.17667615762816125, 'penalty_k': 0.16140320120857574, 'scale_lr': 0.4672251399936515}. Best is trial 23 with value: 0.2690001519593766.
checkpoint_e39 window_influence: 0.25556477442143999, penalty_k: 0.06900332827798017, scale_lr: 0.51293268002534720, EAO: 0.266
Trial 26 finished with value: 0.2655056521781092 and parameters: {'window_influence': 0.25556477442144, 'penalty_k': 0.06900332827798017, 'scale_lr': 0.5129326800253472}. Best is trial 23 with value: 0.2690001519593766.
checkpoint_e39 window_influence: 0.28671619086346900, penalty_k: 0.20002816018418745, scale_lr: 0.45289508027705788, EAO: 0.250
Trial 27 finished with value: 0.25038796202923225 and parameters: {'window_influence': 0.286716190863469, 'penalty_k': 0.20002816018418745, 'scale_lr': 0.4528950802770579}. Best is trial 23 with value: 0.2690001519593766.
checkpoint_e39 window_influence: 0.22440424329004866, penalty_k: 0.13511684743515917, scale_lr: 0.32301367151771720, EAO: 0.274
Trial 28 finished with value: 0.2738537060899463 and parameters: {'window_influence': 0.22440424329004866, 'penalty_k': 0.13511684743515917, 'scale_lr': 0.3230136715177172}. Best is trial 28 with value: 0.2738537060899463.
checkpoint_e39 window_influence: 0.32536760472285570, penalty_k: 0.05574559531057427, scale_lr: 0.29747282039605749, EAO: 0.278
Trial 29 finished with value: 0.2780172119780285 and parameters: {'window_influence': 0.3253676047228557, 'penalty_k': 0.05574559531057427, 'scale_lr': 0.2974728203960575}. Best is trial 29 with value: 0.2780172119780285.
checkpoint_e39 window_influence: 0.33488396398287246, penalty_k: 0.05816151693675896, scale_lr: 0.26050557422406034, EAO: 0.262
Trial 30 finished with value: 0.26222898465831107 and parameters: {'window_influence': 0.33488396398287246, 'penalty_k': 0.05816151693675896, 'scale_lr': 0.26050557422406034}. Best is trial 29 with value: 0.2780172119780285.
checkpoint_e39 window_influence: 0.30117513601418616, penalty_k: 0.12835109104490300, scale_lr: 0.34520655915044351, EAO: 0.266
Trial 31 finished with value: 0.266219252614471 and parameters: {'window_influence': 0.30117513601418616, 'penalty_k': 0.128351091044903, 'scale_lr': 0.3452065591504435}. Best is trial 29 with value: 0.2780172119780285.
checkpoint_e39 window_influence: 0.32386060657431948, penalty_k: 0.09778307689956656, scale_lr: 0.26352875028132544, EAO: 0.265
Trial 32 finished with value: 0.2645456143995611 and parameters: {'window_influence': 0.3238606065743195, 'penalty_k': 0.09778307689956656, 'scale_lr': 0.26352875028132544}. Best is trial 29 with value: 0.2780172119780285.
checkpoint_e39 window_influence: 0.21350715406084056, penalty_k: 0.05363660244984420, scale_lr: 0.37813490624547252, EAO: 0.268
Trial 33 finished with value: 0.2677260659695641 and parameters: {'window_influence': 0.21350715406084056, 'penalty_k': 0.053636602449844195, 'scale_lr': 0.3781349062454725}. Best is trial 29 with value: 0.2780172119780285.
checkpoint_e39 window_influence: 0.05006470916633990, penalty_k: 0.21452913919934419, scale_lr: 0.48016513186204041, EAO: 0.227
Trial 34 finished with value: 0.2272643018059614 and parameters: {'window_influence': 0.0500647091663399, 'penalty_k': 0.2145291391993442, 'scale_lr': 0.4801651318620404}. Best is trial 29 with value: 0.2780172119780285.
checkpoint_e39 window_influence: 0.28694006414316248, penalty_k: 0.07292836474035180, scale_lr: 0.19742351865037394, EAO: 0.272
Trial 35 finished with value: 0.2718346086822874 and parameters: {'window_influence': 0.2869400641431625, 'penalty_k': 0.0729283647403518, 'scale_lr': 0.19742351865037394}. Best is trial 29 with value: 0.2780172119780285.
checkpoint_e39 window_influence: 0.34404280889087657, penalty_k: 0.04601536181961965, scale_lr: 0.18811999342611144, EAO: 0.254
Trial 36 finished with value: 0.254245009848742 and parameters: {'window_influence': 0.3440428088908766, 'penalty_k': 0.046015361819619655, 'scale_lr': 0.18811999342611144}. Best is trial 29 with value: 0.2780172119780285.
checkpoint_e39 window_influence: 0.29759623699432830, penalty_k: 0.12285592587759298, scale_lr: 0.21023717298672234, EAO: 0.260
Trial 37 finished with value: 0.25971638514259 and parameters: {'window_influence': 0.2975962369943283, 'penalty_k': 0.12285592587759298, 'scale_lr': 0.21023717298672234}. Best is trial 29 with value: 0.2780172119780285.
checkpoint_e39 window_influence: 0.21163476843862794, penalty_k: 0.07604483794724749, scale_lr: 0.10737269560321711, EAO: 0.261
Trial 38 finished with value: 0.261183461643816 and parameters: {'window_influence': 0.21163476843862794, 'penalty_k': 0.07604483794724749, 'scale_lr': 0.1073726956032171}. Best is trial 29 with value: 0.2780172119780285.
checkpoint_e39 window_influence: 0.15522384756743038, penalty_k: 0.12339401765965871, scale_lr: 0.30664524723007802, EAO: 0.258
Trial 39 finished with value: 0.25769348121513197 and parameters: {'window_influence': 0.15522384756743038, 'penalty_k': 0.12339401765965871, 'scale_lr': 0.306645247230078}. Best is trial 29 with value: 0.2780172119780285.
checkpoint_e39 window_influence: 0.36245547846691401, penalty_k: 0.09196416175235861, scale_lr: 0.22851012117072056, EAO: 0.263
Trial 40 finished with value: 0.2633962379844208 and parameters: {'window_influence': 0.362455478466914, 'penalty_k': 0.09196416175235861, 'scale_lr': 0.22851012117072056}. Best is trial 29 with value: 0.2780172119780285.
checkpoint_e39 window_influence: 0.26535454091453015, penalty_k: 0.24437594239934418, scale_lr: 0.29785538885097490, EAO: 0.265
Trial 41 finished with value: 0.2654070911126408 and parameters: {'window_influence': 0.26535454091453015, 'penalty_k': 0.24437594239934418, 'scale_lr': 0.2978553888509749}. Best is trial 29 with value: 0.2780172119780285.
checkpoint_e39 window_influence: 0.23426338314483364, penalty_k: 0.03740558878648784, scale_lr: 0.33434293844526058, EAO: 0.262
Trial 42 finished with value: 0.26158992237434153 and parameters: {'window_influence': 0.23426338314483364, 'penalty_k': 0.03740558878648784, 'scale_lr': 0.3343429384452606}. Best is trial 29 with value: 0.2780172119780285.
checkpoint_e39 window_influence: 0.28478119258450429, penalty_k: 0.18964801754176688, scale_lr: 0.16371187346604937, EAO: 0.252
Trial 43 finished with value: 0.2518955048143379 and parameters: {'window_influence': 0.2847811925845043, 'penalty_k': 0.18964801754176688, 'scale_lr': 0.16371187346604937}. Best is trial 29 with value: 0.2780172119780285.
checkpoint_e39 window_influence: 0.32383586548715421, penalty_k: 0.14165304414463747, scale_lr: 0.25969441899273105, EAO: 0.264
Trial 44 finished with value: 0.26432038104631067 and parameters: {'window_influence': 0.3238358654871542, 'penalty_k': 0.14165304414463747, 'scale_lr': 0.25969441899273105}. Best is trial 29 with value: 0.2780172119780285.
checkpoint_e39 window_influence: 0.28360604662372491, penalty_k: 0.08194299474318502, scale_lr: 0.52698451639711319, EAO: 0.252
Trial 45 finished with value: 0.25173896393640255 and parameters: {'window_influence': 0.2836060466237249, 'penalty_k': 0.08194299474318502, 'scale_lr': 0.5269845163971132}. Best is trial 29 with value: 0.2780172119780285.
checkpoint_e39 window_influence: 0.31394482194407369, penalty_k: 0.13581793277058968, scale_lr: 0.38370073254007186, EAO: 0.253
Trial 46 finished with value: 0.2534929489701744 and parameters: {'window_influence': 0.3139448219440737, 'penalty_k': 0.13581793277058968, 'scale_lr': 0.38370073254007186}. Best is trial 29 with value: 0.2780172119780285.
checkpoint_e39 window_influence: 0.22600175675552703, penalty_k: 0.23965437101987694, scale_lr: 0.44085088578270620, EAO: 0.244
Trial 47 finished with value: 0.2443429127456696 and parameters: {'window_influence': 0.22600175675552703, 'penalty_k': 0.23965437101987694, 'scale_lr': 0.4408508857827062}. Best is trial 29 with value: 0.2780172119780285.
checkpoint_e39 window_influence: 0.19189244643864731, penalty_k: 0.04382250550537611, scale_lr: 0.49992730006997577, EAO: 0.258
Trial 48 finished with value: 0.25809234677533793 and parameters: {'window_influence': 0.1918924464386473, 'penalty_k': 0.043822505505376114, 'scale_lr': 0.49992730006997577}. Best is trial 29 with value: 0.2780172119780285.
checkpoint_e39 window_influence: 0.25475012274764519, penalty_k: 0.10801406768831315, scale_lr: 0.47769019118431733, EAO: 0.266
Trial 49 finished with value: 0.26632250736399393 and parameters: {'window_influence': 0.2547501227476452, 'penalty_k': 0.10801406768831315, 'scale_lr': 0.4776901911843173}. Best is trial 29 with value: 0.2780172119780285.
checkpoint_e39 window_influence: 0.36065774738957690, penalty_k: 0.02494687223257206, scale_lr: 0.55840693347359105, EAO: 0.269
Trial 50 finished with value: 0.2694311590214086 and parameters: {'window_influence': 0.3606577473895769, 'penalty_k': 0.02494687223257206, 'scale_lr': 0.558406933473591}. Best is trial 29 with value: 0.2780172119780285.
checkpoint_e39 window_influence: 0.35284385172689392, penalty_k: 0.02815851287706937, scale_lr: 0.54468013920608194, EAO: 0.266
Trial 51 finished with value: 0.266495625602036 and parameters: {'window_influence': 0.3528438517268939, 'penalty_k': 0.028158512877069365, 'scale_lr': 0.5446801392060819}. Best is trial 29 with value: 0.2780172119780285.
checkpoint_e39 window_influence: 0.36697949761323262, penalty_k: 0.00993246721914169, scale_lr: 0.57129748522648405, EAO: 0.264
Trial 52 finished with value: 0.2637051560166406 and parameters: {'window_influence': 0.3669794976132326, 'penalty_k': 0.009932467219141688, 'scale_lr': 0.571297485226484}. Best is trial 29 with value: 0.2780172119780285.
checkpoint_e39 window_influence: 0.31460279027339966, penalty_k: 0.06837612633421662, scale_lr: 0.41680315351052916, EAO: 0.256
Trial 53 finished with value: 0.25610514687813396 and parameters: {'window_influence': 0.31460279027339966, 'penalty_k': 0.06837612633421662, 'scale_lr': 0.41680315351052916}. Best is trial 29 with value: 0.2780172119780285.
checkpoint_e39 window_influence: 0.41110649706022379, penalty_k: 0.10129816128058802, scale_lr: 0.50081701022965852, EAO: 0.257
Trial 54 finished with value: 0.25696805610162454 and parameters: {'window_influence': 0.4111064970602238, 'penalty_k': 0.10129816128058802, 'scale_lr': 0.5008170102296585}. Best is trial 29 with value: 0.2780172119780285.
checkpoint_e39 window_influence: 0.24110809898641816, penalty_k: 0.14564533079814451, scale_lr: 0.61416533513177574, EAO: 0.250
Trial 55 finished with value: 0.2504278123984492 and parameters: {'window_influence': 0.24110809898641816, 'penalty_k': 0.1456453307981445, 'scale_lr': 0.6141653351317757}. Best is trial 29 with value: 0.2780172119780285.
checkpoint_e39 window_influence: 0.34087839147047527, penalty_k: 0.03661360365611749, scale_lr: 0.39857096128707903, EAO: 0.244
Trial 56 finished with value: 0.24441395494026866 and parameters: {'window_influence': 0.3408783914704753, 'penalty_k': 0.03661360365611749, 'scale_lr': 0.39857096128707903}. Best is trial 29 with value: 0.2780172119780285.
checkpoint_e39 window_influence: 0.27522326869629299, penalty_k: 0.06565792420514699, scale_lr: 0.46802339053366759, EAO: 0.260
Trial 57 finished with value: 0.25994315585954403 and parameters: {'window_influence': 0.275223268696293, 'penalty_k': 0.06565792420514699, 'scale_lr': 0.4680233905336676}. Best is trial 29 with value: 0.2780172119780285.
checkpoint_e39 window_influence: 0.37831856271444531, penalty_k: 0.11624205610381069, scale_lr: 0.43183267387765023, EAO: 0.256
Trial 58 finished with value: 0.25646873963315314 and parameters: {'window_influence': 0.3783185627144453, 'penalty_k': 0.11624205610381069, 'scale_lr': 0.43183267387765023}. Best is trial 29 with value: 0.2780172119780285.
checkpoint_e39 window_influence: 0.29950827452651285, penalty_k: 0.00405087086850247, scale_lr: 0.52137121832087596, EAO: 0.259
Trial 59 finished with value: 0.2587898437206338 and parameters: {'window_influence': 0.29950827452651285, 'penalty_k': 0.004050870868502466, 'scale_lr': 0.521371218320876}. Best is trial 29 with value: 0.2780172119780285.
checkpoint_e39 window_influence: 0.43752009408150816, penalty_k: 0.08546498717072963, scale_lr: 0.35990250944440327, EAO: 0.246
Trial 60 finished with value: 0.24626448247733154 and parameters: {'window_influence': 0.43752009408150816, 'penalty_k': 0.08546498717072963, 'scale_lr': 0.3599025094444033}. Best is trial 29 with value: 0.2780172119780285.
checkpoint_e39 window_influence: 0.19809256670597930, penalty_k: 0.05445193772545048, scale_lr: 0.31944621945508006, EAO: 0.262
Trial 61 finished with value: 0.2621091079057717 and parameters: {'window_influence': 0.1980925667059793, 'penalty_k': 0.05445193772545048, 'scale_lr': 0.31944621945508006}. Best is trial 29 with value: 0.2780172119780285.
checkpoint_e39 window_influence: 0.22184320779949995, penalty_k: 0.02180237473973901, scale_lr: 0.39709600373040255, EAO: 0.258
