Trial 1665 finished with value: 0.26445789907763645 and parameters: {'window_influence': 0.3753252441716431, 'penalty_k': 0.060318441776021275, 'scale_lr': 0.34824111397700624}. Best is trial 1552 with value: 0.2873222411163454.
checkpoint_e22 window_influence: 0.35819355055586094, penalty_k: 0.01916842971125695, scale_lr: 0.37840589190743046, EAO: 0.246
Trial 1666 finished with value: 0.24607701345187863 and parameters: {'window_influence': 0.35819355055586094, 'penalty_k': 0.01916842971125695, 'scale_lr': 0.37840589190743046}. Best is trial 1552 with value: 0.2873222411163454.
checkpoint_e22 window_influence: 0.31743702602649332, penalty_k: 0.03629382160896030, scale_lr: 0.39866916825426352, EAO: 0.266
Trial 1667 finished with value: 0.26564294039233916 and parameters: {'window_influence': 0.3174370260264933, 'penalty_k': 0.036293821608960296, 'scale_lr': 0.3986691682542635}. Best is trial 1552 with value: 0.2873222411163454.
checkpoint_e22 window_influence: 0.34019590362508806, penalty_k: 0.05034480843074415, scale_lr: 0.36158070242108392, EAO: 0.261
Trial 1668 finished with value: 0.26142777060347844 and parameters: {'window_influence': 0.34019590362508806, 'penalty_k': 0.05034480843074415, 'scale_lr': 0.3615807024210839}. Best is trial 1552 with value: 0.2873222411163454.
checkpoint_e22 window_influence: 0.37238463394759019, penalty_k: 0.06644347671210805, scale_lr: 0.38367044535069794, EAO: 0.268
Trial 1669 finished with value: 0.26835596034439596 and parameters: {'window_influence': 0.3723846339475902, 'penalty_k': 0.06644347671210805, 'scale_lr': 0.38367044535069794}. Best is trial 1552 with value: 0.2873222411163454.
checkpoint_e22 window_influence: 0.32672811522393275, penalty_k: 0.02930002053043176, scale_lr: 0.33375675764213514, EAO: 0.256
Trial 1670 finished with value: 0.2564330375412615 and parameters: {'window_influence': 0.32672811522393275, 'penalty_k': 0.029300020530431757, 'scale_lr': 0.33375675764213514}. Best is trial 1552 with value: 0.2873222411163454.
checkpoint_e22 window_influence: 0.61234550199761273, penalty_k: 0.10634460268579130, scale_lr: 0.39688992082649205, EAO: 0.212
Trial 1671 finished with value: 0.21229964464418288 and parameters: {'window_influence': 0.6123455019976127, 'penalty_k': 0.1063446026857913, 'scale_lr': 0.39688992082649205}. Best is trial 1552 with value: 0.2873222411163454.
checkpoint_e22 window_influence: 0.35066119944620716, penalty_k: 0.01654323097340846, scale_lr: 0.36786651812312549, EAO: 0.275
Trial 1672 finished with value: 0.2754651856858556 and parameters: {'window_influence': 0.35066119944620716, 'penalty_k': 0.016543230973408464, 'scale_lr': 0.3678665181231255}. Best is trial 1552 with value: 0.2873222411163454.
checkpoint_e22 window_influence: 0.36694266628456235, penalty_k: 0.00683044266168869, scale_lr: 0.36065410853269869, EAO: 0.258
Trial 1673 finished with value: 0.25813183703315934 and parameters: {'window_influence': 0.36694266628456235, 'penalty_k': 0.006830442661688689, 'scale_lr': 0.3606541085326987}. Best is trial 1552 with value: 0.2873222411163454.
checkpoint_e22 window_influence: 0.57543964018270866, penalty_k: 0.01008847447788039, scale_lr: 0.36347672922095009, EAO: 0.238
Trial 1674 finished with value: 0.23831270986456213 and parameters: {'window_influence': 0.5754396401827087, 'penalty_k': 0.01008847447788039, 'scale_lr': 0.3634767292209501}. Best is trial 1552 with value: 0.2873222411163454.
checkpoint_e22 window_influence: 0.21067734489611911, penalty_k: 0.02004347209592080, scale_lr: 0.34892007022171290, EAO: 0.246
Trial 1675 finished with value: 0.24589259171388983 and parameters: {'window_influence': 0.2106773448961191, 'penalty_k': 0.0200434720959208, 'scale_lr': 0.3489200702217129}. Best is trial 1552 with value: 0.2873222411163454.
checkpoint_e22 window_influence: 0.13974994592208539, penalty_k: 0.01126623938079431, scale_lr: 0.33263130465756574, EAO: 0.244
Trial 1676 finished with value: 0.24401363009602073 and parameters: {'window_influence': 0.1397499459220854, 'penalty_k': 0.011266239380794307, 'scale_lr': 0.33263130465756574}. Best is trial 1552 with value: 0.2873222411163454.
checkpoint_e22 window_influence: 0.48029075266850213, penalty_k: 0.01551623543510334, scale_lr: 0.37144786010345032, EAO: 0.241
Trial 1677 finished with value: 0.240752512422519 and parameters: {'window_influence': 0.48029075266850213, 'penalty_k': 0.015516235435103342, 'scale_lr': 0.3714478601034503}. Best is trial 1552 with value: 0.2873222411163454.
checkpoint_e22 window_influence: 0.35959877052930411, penalty_k: 0.02590938063940747, scale_lr: 0.34669563304892415, EAO: 0.256
Trial 1678 finished with value: 0.25573515346864373 and parameters: {'window_influence': 0.3595987705293041, 'penalty_k': 0.025909380639407474, 'scale_lr': 0.34669563304892415}. Best is trial 1552 with value: 0.2873222411163454.
checkpoint_e22 window_influence: 0.15610436222953866, penalty_k: 0.04626474974181569, scale_lr: 0.37795568770170890, EAO: 0.251
Trial 1679 finished with value: 0.25124098875416 and parameters: {'window_influence': 0.15610436222953866, 'penalty_k': 0.04626474974181569, 'scale_lr': 0.3779556877017089}. Best is trial 1552 with value: 0.2873222411163454.
checkpoint_e22 window_influence: 0.35144386899619301, penalty_k: 0.11890590024963189, scale_lr: 0.36846996431261747, EAO: 0.247
Trial 1680 finished with value: 0.24748380688147817 and parameters: {'window_influence': 0.351443868996193, 'penalty_k': 0.1189059002496319, 'scale_lr': 0.36846996431261747}. Best is trial 1552 with value: 0.2873222411163454.
checkpoint_e22 window_influence: 0.60366760113360773, penalty_k: 0.00067049555413969, scale_lr: 0.38579141467257705, EAO: 0.221
Trial 1681 finished with value: 0.22096859730356108 and parameters: {'window_influence': 0.6036676011336077, 'penalty_k': 0.0006704955541396856, 'scale_lr': 0.38579141467257705}. Best is trial 1552 with value: 0.2873222411163454.
checkpoint_e22 window_influence: 0.56021608468423456, penalty_k: 0.34823485752542849, scale_lr: 0.24643803672804382, EAO: 0.219
Trial 1682 finished with value: 0.21892804452558842 and parameters: {'window_influence': 0.5602160846842346, 'penalty_k': 0.3482348575254285, 'scale_lr': 0.24643803672804382}. Best is trial 1552 with value: 0.2873222411163454.
checkpoint_e22 window_influence: 0.37422914192451484, penalty_k: 0.02755188822765150, scale_lr: 0.34519357533088357, EAO: 0.261
Trial 1683 finished with value: 0.2610580367528326 and parameters: {'window_influence': 0.37422914192451484, 'penalty_k': 0.0275518882276515, 'scale_lr': 0.3451935753308836}. Best is trial 1552 with value: 0.2873222411163454.
checkpoint_e22 window_influence: 0.33620627637407080, penalty_k: 0.05597980630245246, scale_lr: 0.23321924322739027, EAO: 0.254
Trial 1684 finished with value: 0.25437500515604405 and parameters: {'window_influence': 0.3362062763740708, 'penalty_k': 0.05597980630245246, 'scale_lr': 0.23321924322739027}. Best is trial 1552 with value: 0.2873222411163454.
checkpoint_e22 window_influence: 0.07994335857436108, penalty_k: 0.01804555646012350, scale_lr: 0.36402975151941086, EAO: 0.232
Trial 1685 finished with value: 0.23204415715564558 and parameters: {'window_influence': 0.07994335857436108, 'penalty_k': 0.0180455564601235, 'scale_lr': 0.36402975151941086}. Best is trial 1552 with value: 0.2873222411163454.
checkpoint_e22 window_influence: 0.13432976456071655, penalty_k: 0.03696582474966912, scale_lr: 0.38459902433150983, EAO: 0.245
Trial 1686 finished with value: 0.24491883905195608 and parameters: {'window_influence': 0.13432976456071655, 'penalty_k': 0.03696582474966912, 'scale_lr': 0.38459902433150983}. Best is trial 1552 with value: 0.2873222411163454.
checkpoint_e22 window_influence: 0.59256395075888502, penalty_k: 0.06575636290886841, scale_lr: 0.30768020530072021, EAO: 0.224
Trial 1687 finished with value: 0.22373594725277365 and parameters: {'window_influence': 0.592563950758885, 'penalty_k': 0.06575636290886841, 'scale_lr': 0.3076802053007202}. Best is trial 1552 with value: 0.2873222411163454.
checkpoint_e22 window_influence: 0.35971944443587017, penalty_k: 0.08871804000397969, scale_lr: 0.35436397307424433, EAO: 0.253
Trial 1688 finished with value: 0.2534587461410499 and parameters: {'window_influence': 0.3597194444358702, 'penalty_k': 0.08871804000397969, 'scale_lr': 0.35436397307424433}. Best is trial 1552 with value: 0.2873222411163454.
checkpoint_e22 window_influence: 0.37524761571304605, penalty_k: 0.40070547242153531, scale_lr: 0.39614273526036559, EAO: 0.254
Trial 1689 finished with value: 0.2540668083157966 and parameters: {'window_influence': 0.37524761571304605, 'penalty_k': 0.4007054724215353, 'scale_lr': 0.3961427352603656}. Best is trial 1552 with value: 0.2873222411163454.
checkpoint_e22 window_influence: 0.34511887225277343, penalty_k: 0.01339773092349162, scale_lr: 0.32386303072863631, EAO: 0.251
Trial 1690 finished with value: 0.2514108162585313 and parameters: {'window_influence': 0.34511887225277343, 'penalty_k': 0.013397730923491624, 'scale_lr': 0.3238630307286363}. Best is trial 1552 with value: 0.2873222411163454.
checkpoint_e22 window_influence: 0.31699127074665129, penalty_k: 0.37175381097713300, scale_lr: 0.31492281428934521, EAO: 0.253
Trial 1691 finished with value: 0.25277137895667456 and parameters: {'window_influence': 0.3169912707466513, 'penalty_k': 0.371753810977133, 'scale_lr': 0.3149228142893452}. Best is trial 1552 with value: 0.2873222411163454.
checkpoint_e22 window_influence: 0.36376873324222436, penalty_k: 0.03064872442582557, scale_lr: 0.37764429324717608, EAO: 0.270
Trial 1692 finished with value: 0.27037800061024303 and parameters: {'window_influence': 0.36376873324222436, 'penalty_k': 0.030648724425825575, 'scale_lr': 0.3776442932471761}. Best is trial 1552 with value: 0.2873222411163454.
checkpoint_e22 window_influence: 0.22827799066254875, penalty_k: 0.52020440949807478, scale_lr: 0.41306526965091633, EAO: 0.251
Trial 1693 finished with value: 0.25099902696968096 and parameters: {'window_influence': 0.22827799066254875, 'penalty_k': 0.5202044094980748, 'scale_lr': 0.41306526965091633}. Best is trial 1552 with value: 0.2873222411163454.
checkpoint_e22 window_influence: 0.37787191794991587, penalty_k: 0.04938492830157631, scale_lr: 0.34025591098437191, EAO: 0.274
Trial 1694 finished with value: 0.2738962098956108 and parameters: {'window_influence': 0.37787191794991587, 'penalty_k': 0.049384928301576314, 'scale_lr': 0.3402559109843719}. Best is trial 1552 with value: 0.2873222411163454.
checkpoint_e22 window_influence: 0.37827787227166398, penalty_k: 0.00023198835187282, scale_lr: 0.38965543757461779, EAO: 0.247
Trial 1695 finished with value: 0.2465016958795912 and parameters: {'window_influence': 0.378277872271664, 'penalty_k': 0.00023198835187281802, 'scale_lr': 0.3896554375746178}. Best is trial 1552 with value: 0.2873222411163454.
checkpoint_e22 window_influence: 0.37696228434454071, penalty_k: 0.43463919370968029, scale_lr: 0.37122708035017715, EAO: 0.258
Trial 1696 finished with value: 0.2576033063535768 and parameters: {'window_influence': 0.3769622843445407, 'penalty_k': 0.4346391937096803, 'scale_lr': 0.37122708035017715}. Best is trial 1552 with value: 0.2873222411163454.
checkpoint_e22 window_influence: 0.36769869643342851, penalty_k: 0.07760583446536884, scale_lr: 0.33350747158139660, EAO: 0.271
Trial 1697 finished with value: 0.27105220298214655 and parameters: {'window_influence': 0.3676986964334285, 'penalty_k': 0.07760583446536884, 'scale_lr': 0.3335074715813966}. Best is trial 1552 with value: 0.2873222411163454.
checkpoint_e22 window_influence: 0.19425683507817693, penalty_k: 0.05739806021236803, scale_lr: 0.35900523285856145, EAO: 0.250
Trial 1698 finished with value: 0.24965970309042348 and parameters: {'window_influence': 0.19425683507817693, 'penalty_k': 0.057398060212368034, 'scale_lr': 0.35900523285856145}. Best is trial 1552 with value: 0.2873222411163454.
checkpoint_e22 window_influence: 0.54682811580863000, penalty_k: 0.07428448749010008, scale_lr: 0.40805214977306159, EAO: 0.238
Trial 1699 finished with value: 0.23808924926490319 and parameters: {'window_influence': 0.54682811580863, 'penalty_k': 0.07428448749010008, 'scale_lr': 0.4080521497730616}. Best is trial 1552 with value: 0.2873222411163454.
checkpoint_e22 window_influence: 0.38137906808091115, penalty_k: 0.09845740500302400, scale_lr: 0.22888876336082134, EAO: 0.244
Trial 1700 finished with value: 0.2441207664163132 and parameters: {'window_influence': 0.38137906808091115, 'penalty_k': 0.098457405003024, 'scale_lr': 0.22888876336082134}. Best is trial 1552 with value: 0.2873222411163454.
checkpoint_e22 window_influence: 0.37954025719088691, penalty_k: 0.04809485444988238, scale_lr: 0.39431837814343873, EAO: 0.265
Trial 1701 finished with value: 0.26540374683170787 and parameters: {'window_influence': 0.3795402571908869, 'penalty_k': 0.04809485444988238, 'scale_lr': 0.39431837814343873}. Best is trial 1552 with value: 0.2873222411163454.
checkpoint_e22 window_influence: 0.62751605198193983, penalty_k: 0.02437782030211795, scale_lr: 0.37527445740558257, EAO: 0.211
Trial 1702 finished with value: 0.21072165716469773 and parameters: {'window_influence': 0.6275160519819398, 'penalty_k': 0.02437782030211795, 'scale_lr': 0.3752744574055826}. Best is trial 1552 with value: 0.2873222411163454.
checkpoint_e22 window_influence: 0.32899176384981765, penalty_k: 0.04002510601813036, scale_lr: 0.41069074283953488, EAO: 0.255
Trial 1703 finished with value: 0.25463689657730787 and parameters: {'window_influence': 0.32899176384981765, 'penalty_k': 0.040025106018130356, 'scale_lr': 0.4106907428395349}. Best is trial 1552 with value: 0.2873222411163454.
checkpoint_e22 window_influence: 0.34971957651538410, penalty_k: 0.10944443811464841, scale_lr: 0.38495715463604874, EAO: 0.262
Trial 1704 finished with value: 0.26156931709710174 and parameters: {'window_influence': 0.3497195765153841, 'penalty_k': 0.1094444381146484, 'scale_lr': 0.38495715463604874}. Best is trial 1552 with value: 0.2873222411163454.
checkpoint_e22 window_influence: 0.36667570230328989, penalty_k: 0.06705473433088101, scale_lr: 0.39810460131048087, EAO: 0.273
Trial 1705 finished with value: 0.2729711769436433 and parameters: {'window_influence': 0.3666757023032899, 'penalty_k': 0.06705473433088101, 'scale_lr': 0.39810460131048087}. Best is trial 1552 with value: 0.2873222411163454.
checkpoint_e22 window_influence: 0.46821865582819178, penalty_k: 0.05573389347613955, scale_lr: 0.37539883371061472, EAO: 0.255
Trial 1706 finished with value: 0.2554303718412795 and parameters: {'window_influence': 0.4682186558281918, 'penalty_k': 0.05573389347613955, 'scale_lr': 0.3753988337106147}. Best is trial 1552 with value: 0.2873222411163454.
checkpoint_e22 window_influence: 0.37659327582203778, penalty_k: 0.34203657272176996, scale_lr: 0.39461314057076885, EAO: 0.247
Trial 1707 finished with value: 0.24666759414159187 and parameters: {'window_influence': 0.3765932758220378, 'penalty_k': 0.34203657272176996, 'scale_lr': 0.39461314057076885}. Best is trial 1552 with value: 0.2873222411163454.
checkpoint_e22 window_influence: 0.50577343864536095, penalty_k: 0.42742903802939464, scale_lr: 0.35913628605161052, EAO: 0.234
Trial 1708 finished with value: 0.2338991815724024 and parameters: {'window_influence': 0.505773438645361, 'penalty_k': 0.42742903802939464, 'scale_lr': 0.3591362860516105}. Best is trial 1552 with value: 0.2873222411163454.
checkpoint_e22 window_influence: 0.37747262559593486, penalty_k: 0.05848898025401721, scale_lr: 0.39654915488793441, EAO: 0.264
Trial 1709 finished with value: 0.26447618952611596 and parameters: {'window_influence': 0.37747262559593486, 'penalty_k': 0.058488980254017206, 'scale_lr': 0.3965491548879344}. Best is trial 1552 with value: 0.2873222411163454.
checkpoint_e22 window_influence: 0.55754004393772805, penalty_k: 0.03356736196721646, scale_lr: 0.38040793833296505, EAO: 0.232
Trial 1710 finished with value: 0.2315068270980827 and parameters: {'window_influence': 0.557540043937728, 'penalty_k': 0.033567361967216464, 'scale_lr': 0.38040793833296505}. Best is trial 1552 with value: 0.2873222411163454.
checkpoint_e22 window_influence: 0.36789689983468488, penalty_k: 0.06970680531575242, scale_lr: 0.36783629482742247, EAO: 0.265
Trial 1711 finished with value: 0.26534444190622347 and parameters: {'window_influence': 0.3678968998346849, 'penalty_k': 0.06970680531575242, 'scale_lr': 0.36783629482742247}. Best is trial 1552 with value: 0.2873222411163454.
checkpoint_e22 window_influence: 0.38055388004930368, penalty_k: 0.04422605846575134, scale_lr: 0.28798713778409468, EAO: 0.252
Trial 1712 finished with value: 0.2515474505783097 and parameters: {'window_influence': 0.3805538800493037, 'penalty_k': 0.04422605846575134, 'scale_lr': 0.2879871377840947}. Best is trial 1552 with value: 0.2873222411163454.
checkpoint_e22 window_influence: 0.23400474738449051, penalty_k: 0.01484540259190680, scale_lr: 0.34663845042533997, EAO: 0.234
Trial 1713 finished with value: 0.23446904316665682 and parameters: {'window_influence': 0.2340047473844905, 'penalty_k': 0.014845402591906798, 'scale_lr': 0.34663845042534}. Best is trial 1552 with value: 0.2873222411163454.
checkpoint_e22 window_influence: 0.36745224104047697, penalty_k: 0.02411147562112013, scale_lr: 0.38692202704018674, EAO: 0.259
Trial 1714 finished with value: 0.2594706789264834 and parameters: {'window_influence': 0.36745224104047697, 'penalty_k': 0.024111475621120135, 'scale_lr': 0.38692202704018674}. Best is trial 1552 with value: 0.2873222411163454.
checkpoint_e22 window_influence: 0.64131987346966990, penalty_k: 0.47078435032859456, scale_lr: 0.40898386481236082, EAO: 0.195
Trial 1715 finished with value: 0.19520131656067158 and parameters: {'window_influence': 0.6413198734696699, 'penalty_k': 0.47078435032859456, 'scale_lr': 0.4089838648123608}. Best is trial 1552 with value: 0.2873222411163454.
checkpoint_e22 window_influence: 0.36405702521686045, penalty_k: 0.05028226621778310, scale_lr: 0.36393297178873918, EAO: 0.273
Trial 1716 finished with value: 0.2734775144031377 and parameters: {'window_influence': 0.36405702521686045, 'penalty_k': 0.0502822662177831, 'scale_lr': 0.3639329717887392}. Best is trial 1552 with value: 0.2873222411163454.
checkpoint_e22 window_influence: 0.35710299785699651, penalty_k: 0.03841457645940315, scale_lr: 0.35085554939033886, EAO: 0.277
Trial 1717 finished with value: 0.2766120464094286 and parameters: {'window_influence': 0.3571029978569965, 'penalty_k': 0.03841457645940315, 'scale_lr': 0.35085554939033886}. Best is trial 1552 with value: 0.2873222411163454.
checkpoint_e22 window_influence: 0.35531456788914367, penalty_k: 0.03751057453811772, scale_lr: 0.33788053271833501, EAO: 0.270
Trial 1718 finished with value: 0.27016268591812953 and parameters: {'window_influence': 0.3553145678891437, 'penalty_k': 0.03751057453811772, 'scale_lr': 0.337880532718335}. Best is trial 1552 with value: 0.2873222411163454.
checkpoint_e22 window_influence: 0.20017852129048352, penalty_k: 0.04813561411880157, scale_lr: 0.32084917274216596, EAO: 0.256
Trial 1719 finished with value: 0.2557230636598618 and parameters: {'window_influence': 0.20017852129048352, 'penalty_k': 0.048135614118801566, 'scale_lr': 0.32084917274216596}. Best is trial 1552 with value: 0.2873222411163454.
checkpoint_e22 window_influence: 0.35825838818472389, penalty_k: 0.48691689084693390, scale_lr: 0.33881302254193812, EAO: 0.250
Trial 1720 finished with value: 0.24959556116321222 and parameters: {'window_influence': 0.3582583881847239, 'penalty_k': 0.4869168908469339, 'scale_lr': 0.3388130225419381}. Best is trial 1552 with value: 0.2873222411163454.
checkpoint_e22 window_influence: 0.34797166256145662, penalty_k: 0.03146792592442361, scale_lr: 0.35260405577974219, EAO: 0.263
Trial 1721 finished with value: 0.2628763453747199 and parameters: {'window_influence': 0.3479716625614566, 'penalty_k': 0.031467925924423615, 'scale_lr': 0.3526040557797422}. Best is trial 1552 with value: 0.2873222411163454.
checkpoint_e22 window_influence: 0.35606970186876602, penalty_k: 0.02292836574857960, scale_lr: 0.35713189291282654, EAO: 0.273
Trial 1722 finished with value: 0.2726382193405454 and parameters: {'window_influence': 0.356069701868766, 'penalty_k': 0.022928365748579597, 'scale_lr': 0.35713189291282654}. Best is trial 1552 with value: 0.2873222411163454.
checkpoint_e22 window_influence: 0.36423100099739247, penalty_k: 0.04203122131162002, scale_lr: 0.33266534045276358, EAO: 0.259
Trial 1723 finished with value: 0.25874813882316033 and parameters: {'window_influence': 0.3642310009973925, 'penalty_k': 0.042031221311620015, 'scale_lr': 0.3326653404527636}. Best is trial 1552 with value: 0.2873222411163454.
checkpoint_e22 window_influence: 0.07374724181827569, penalty_k: 0.01071241969126228, scale_lr: 0.36406576622900072, EAO: 0.233
Trial 1724 finished with value: 0.23291794895156612 and parameters: {'window_influence': 0.07374724181827569, 'penalty_k': 0.010712419691262284, 'scale_lr': 0.3640657662290007}. Best is trial 1552 with value: 0.2873222411163454.
checkpoint_e22 window_influence: 0.34221860588352404, penalty_k: 0.05283294867033297, scale_lr: 0.34593850548815153, EAO: 0.269
Trial 1725 finished with value: 0.26854682059549706 and parameters: {'window_influence': 0.34221860588352404, 'penalty_k': 0.05283294867033297, 'scale_lr': 0.3459385054881515}. Best is trial 1552 with value: 0.2873222411163454.
checkpoint_e22 window_influence: 0.35052339276914274, penalty_k: 0.02899104532078669, scale_lr: 0.36170246144366486, EAO: 0.260
