Trial 558 finished with value: 0.2613498216600922 and parameters: {'window_influence': 0.3786970820284597, 'penalty_k': 0.36679093516661165, 'scale_lr': 0.4613833355339155}. Best is trial 104 with value: 0.27492820641131904.
checkpoint_e22 window_influence: 0.12662061591918292, penalty_k: 0.00745108589467157, scale_lr: 0.49256694520626637, EAO: 0.230
Trial 559 finished with value: 0.23040062776668285 and parameters: {'window_influence': 0.12662061591918292, 'penalty_k': 0.007451085894671569, 'scale_lr': 0.49256694520626637}. Best is trial 104 with value: 0.27492820641131904.
checkpoint_e22 window_influence: 0.36514151859487110, penalty_k: 0.23697636016629769, scale_lr: 0.43708136025575528, EAO: 0.240
Trial 560 finished with value: 0.23959180930765664 and parameters: {'window_influence': 0.3651415185948711, 'penalty_k': 0.2369763601662977, 'scale_lr': 0.4370813602557553}. Best is trial 104 with value: 0.27492820641131904.
checkpoint_e22 window_influence: 0.06947401489248456, penalty_k: 0.06260654810557693, scale_lr: 0.41337394940606087, EAO: 0.240
Trial 561 finished with value: 0.2395086874806784 and parameters: {'window_influence': 0.06947401489248456, 'penalty_k': 0.06260654810557693, 'scale_lr': 0.41337394940606087}. Best is trial 104 with value: 0.27492820641131904.
checkpoint_e22 window_influence: 0.34846988769511306, penalty_k: 0.04107752855010407, scale_lr: 0.45087134475684792, EAO: 0.253
Trial 562 finished with value: 0.2530585369322358 and parameters: {'window_influence': 0.34846988769511306, 'penalty_k': 0.04107752855010407, 'scale_lr': 0.4508713447568479}. Best is trial 104 with value: 0.27492820641131904.
checkpoint_e22 window_influence: 0.38905338584021953, penalty_k: 0.17717623130119786, scale_lr: 0.42996518067871314, EAO: 0.239
Trial 563 finished with value: 0.23902137553304192 and parameters: {'window_influence': 0.38905338584021953, 'penalty_k': 0.17717623130119786, 'scale_lr': 0.42996518067871314}. Best is trial 104 with value: 0.27492820641131904.
checkpoint_e22 window_influence: 0.39762235057938322, penalty_k: 0.11131931335633602, scale_lr: 0.48091321412546995, EAO: 0.257
Trial 564 finished with value: 0.2571360932859948 and parameters: {'window_influence': 0.3976223505793832, 'penalty_k': 0.11131931335633602, 'scale_lr': 0.48091321412546995}. Best is trial 104 with value: 0.27492820641131904.
checkpoint_e22 window_influence: 0.37741182513563087, penalty_k: 0.07260409624607736, scale_lr: 0.46111954096487101, EAO: 0.270
Trial 565 finished with value: 0.26963131729422546 and parameters: {'window_influence': 0.3774118251356309, 'penalty_k': 0.07260409624607736, 'scale_lr': 0.461119540964871}. Best is trial 104 with value: 0.27492820641131904.
checkpoint_e22 window_influence: 0.35963777324169333, penalty_k: 0.21417410116105601, scale_lr: 0.46593426028768037, EAO: 0.242
Trial 566 finished with value: 0.24182860522977706 and parameters: {'window_influence': 0.3596377732416933, 'penalty_k': 0.214174101161056, 'scale_lr': 0.46593426028768037}. Best is trial 104 with value: 0.27492820641131904.
checkpoint_e22 window_influence: 0.30467310574943751, penalty_k: 0.19754702659175932, scale_lr: 0.46817616000909135, EAO: 0.255
Trial 567 finished with value: 0.2545001852681966 and parameters: {'window_influence': 0.3046731057494375, 'penalty_k': 0.19754702659175932, 'scale_lr': 0.46817616000909135}. Best is trial 104 with value: 0.27492820641131904.
checkpoint_e22 window_influence: 0.37272497320202558, penalty_k: 0.16678182867182123, scale_lr: 0.42629823510192799, EAO: 0.251
Trial 568 finished with value: 0.25149508995738457 and parameters: {'window_influence': 0.3727249732020256, 'penalty_k': 0.16678182867182123, 'scale_lr': 0.426298235101928}. Best is trial 104 with value: 0.27492820641131904.
checkpoint_e22 window_influence: 0.37810921553638493, penalty_k: 0.24980183269840822, scale_lr: 0.49734156995783430, EAO: 0.255
Trial 569 finished with value: 0.2548384102500551 and parameters: {'window_influence': 0.37810921553638493, 'penalty_k': 0.24980183269840822, 'scale_lr': 0.4973415699578343}. Best is trial 104 with value: 0.27492820641131904.
checkpoint_e22 window_influence: 0.33065405596723674, penalty_k: 0.10376625048903072, scale_lr: 0.45274862906959773, EAO: 0.255
Trial 570 finished with value: 0.2551656013460663 and parameters: {'window_influence': 0.33065405596723674, 'penalty_k': 0.10376625048903072, 'scale_lr': 0.45274862906959773}. Best is trial 104 with value: 0.27492820641131904.
checkpoint_e22 window_influence: 0.35673868602344233, penalty_k: 0.22348224554044421, scale_lr: 0.76503421737110244, EAO: 0.259
Trial 571 finished with value: 0.2587332843643863 and parameters: {'window_influence': 0.35673868602344233, 'penalty_k': 0.2234822455404442, 'scale_lr': 0.7650342173711024}. Best is trial 104 with value: 0.27492820641131904.
checkpoint_e22 window_influence: 0.34449885054370649, penalty_k: 0.20554474895120384, scale_lr: 0.39873059706232972, EAO: 0.245
Trial 572 finished with value: 0.24515676934544633 and parameters: {'window_influence': 0.3444988505437065, 'penalty_k': 0.20554474895120384, 'scale_lr': 0.3987305970623297}. Best is trial 104 with value: 0.27492820641131904.
checkpoint_e22 window_influence: 0.36752854377197652, penalty_k: 0.07491118499001995, scale_lr: 0.47306192056639179, EAO: 0.261
Trial 573 finished with value: 0.2606703480327032 and parameters: {'window_influence': 0.3675285437719765, 'penalty_k': 0.07491118499001995, 'scale_lr': 0.4730619205663918}. Best is trial 104 with value: 0.27492820641131904.
checkpoint_e22 window_influence: 0.23648654533672317, penalty_k: 0.18708233785179923, scale_lr: 0.34085704333063943, EAO: 0.253
Trial 574 finished with value: 0.25293373134804936 and parameters: {'window_influence': 0.23648654533672317, 'penalty_k': 0.18708233785179923, 'scale_lr': 0.34085704333063943}. Best is trial 104 with value: 0.27492820641131904.
checkpoint_e22 window_influence: 0.38454987724666873, penalty_k: 0.29558642141395131, scale_lr: 0.51944440172867523, EAO: 0.255
Trial 575 finished with value: 0.25510434763945217 and parameters: {'window_influence': 0.3845498772466687, 'penalty_k': 0.2955864214139513, 'scale_lr': 0.5194444017286752}. Best is trial 104 with value: 0.27492820641131904.
checkpoint_e22 window_influence: 0.37351609773630368, penalty_k: 0.23701039829778286, scale_lr: 0.44754790781238712, EAO: 0.260
Trial 576 finished with value: 0.26034329680165624 and parameters: {'window_influence': 0.3735160977363037, 'penalty_k': 0.23701039829778286, 'scale_lr': 0.4475479078123871}. Best is trial 104 with value: 0.27492820641131904.
checkpoint_e22 window_influence: 0.38951737250754426, penalty_k: 0.21535322485529645, scale_lr: 0.60131535434734440, EAO: 0.262
Trial 577 finished with value: 0.26166717671766515 and parameters: {'window_influence': 0.38951737250754426, 'penalty_k': 0.21535322485529645, 'scale_lr': 0.6013153543473444}. Best is trial 104 with value: 0.27492820641131904.
checkpoint_e22 window_influence: 0.36010860816104123, penalty_k: 0.38437708804579912, scale_lr: 0.55208438029472950, EAO: 0.252
Trial 578 finished with value: 0.2518856568428559 and parameters: {'window_influence': 0.36010860816104123, 'penalty_k': 0.3843770880457991, 'scale_lr': 0.5520843802947295}. Best is trial 104 with value: 0.27492820641131904.
checkpoint_e22 window_influence: 0.64838616848343578, penalty_k: 0.19917935506736739, scale_lr: 0.56655723311494732, EAO: 0.193
Trial 579 finished with value: 0.19307788334241727 and parameters: {'window_influence': 0.6483861684834358, 'penalty_k': 0.1991793550673674, 'scale_lr': 0.5665572331149473}. Best is trial 104 with value: 0.27492820641131904.
checkpoint_e22 window_influence: 0.38207185405847338, penalty_k: 0.15179656201694655, scale_lr: 0.38820454923381376, EAO: 0.261
Trial 580 finished with value: 0.2606456420285915 and parameters: {'window_influence': 0.3820718540584734, 'penalty_k': 0.15179656201694655, 'scale_lr': 0.38820454923381376}. Best is trial 104 with value: 0.27492820641131904.
checkpoint_e22 window_influence: 0.33702540333585790, penalty_k: 0.26271637437436968, scale_lr: 0.59201052240390573, EAO: 0.245
Trial 581 finished with value: 0.24504495902759274 and parameters: {'window_influence': 0.3370254033358579, 'penalty_k': 0.2627163743743697, 'scale_lr': 0.5920105224039057}. Best is trial 104 with value: 0.27492820641131904.
checkpoint_e22 window_influence: 0.31954249548383296, penalty_k: 0.18475053095282470, scale_lr: 0.21494647751339330, EAO: 0.247
Trial 582 finished with value: 0.24710893649153592 and parameters: {'window_influence': 0.31954249548383296, 'penalty_k': 0.1847505309528247, 'scale_lr': 0.2149464775133933}. Best is trial 104 with value: 0.27492820641131904.
checkpoint_e22 window_influence: 0.49494024344060850, penalty_k: 0.22755785182613703, scale_lr: 0.48696382980361874, EAO: 0.240
Trial 583 finished with value: 0.2398525813246161 and parameters: {'window_influence': 0.4949402434406085, 'penalty_k': 0.22755785182613703, 'scale_lr': 0.48696382980361874}. Best is trial 104 with value: 0.27492820641131904.
checkpoint_e22 window_influence: 0.37052861131601289, penalty_k: 0.21020711424907357, scale_lr: 0.51017276481545459, EAO: 0.257
Trial 584 finished with value: 0.2566092759976542 and parameters: {'window_influence': 0.3705286113160129, 'penalty_k': 0.21020711424907357, 'scale_lr': 0.5101727648154546}. Best is trial 104 with value: 0.27492820641131904.
checkpoint_e22 window_influence: 0.34999500602171307, penalty_k: 0.12802034066741746, scale_lr: 0.10011559341612167, EAO: 0.258
Trial 585 finished with value: 0.25848237734015395 and parameters: {'window_influence': 0.3499950060217131, 'penalty_k': 0.12802034066741746, 'scale_lr': 0.10011559341612167}. Best is trial 104 with value: 0.27492820641131904.
checkpoint_e22 window_influence: 0.12735141395465788, penalty_k: 0.16798877512778845, scale_lr: 0.41454728298033411, EAO: 0.241
Trial 586 finished with value: 0.2407722507065874 and parameters: {'window_influence': 0.12735141395465788, 'penalty_k': 0.16798877512778845, 'scale_lr': 0.4145472829803341}. Best is trial 104 with value: 0.27492820641131904.
checkpoint_e22 window_influence: 0.10773706202469543, penalty_k: 0.24730085879747260, scale_lr: 0.18932370832546572, EAO: 0.226
Trial 587 finished with value: 0.2257632580472202 and parameters: {'window_influence': 0.10773706202469543, 'penalty_k': 0.2473008587974726, 'scale_lr': 0.18932370832546572}. Best is trial 104 with value: 0.27492820641131904.
checkpoint_e22 window_influence: 0.39639366388529157, penalty_k: 0.19483407293435234, scale_lr: 0.32212256107540727, EAO: 0.234
Trial 588 finished with value: 0.2338486832937574 and parameters: {'window_influence': 0.39639366388529157, 'penalty_k': 0.19483407293435234, 'scale_lr': 0.32212256107540727}. Best is trial 104 with value: 0.27492820641131904.
checkpoint_e22 window_influence: 0.46035339782795553, penalty_k: 0.21914569312033641, scale_lr: 0.32934537780646467, EAO: 0.246
Trial 589 finished with value: 0.24556353506518575 and parameters: {'window_influence': 0.46035339782795553, 'penalty_k': 0.2191456931203364, 'scale_lr': 0.32934537780646467}. Best is trial 104 with value: 0.27492820641131904.
checkpoint_e22 window_influence: 0.29450212669719000, penalty_k: 0.57615605162429318, scale_lr: 0.11795932835662015, EAO: 0.243
Trial 590 finished with value: 0.24261585744173547 and parameters: {'window_influence': 0.29450212669719, 'penalty_k': 0.5761560516242932, 'scale_lr': 0.11795932835662015}. Best is trial 104 with value: 0.27492820641131904.
checkpoint_e22 window_influence: 0.38222865645153870, penalty_k: 0.08697648551740707, scale_lr: 0.66580912266211012, EAO: 0.243
Trial 591 finished with value: 0.2429761479540569 and parameters: {'window_influence': 0.3822286564515387, 'penalty_k': 0.08697648551740707, 'scale_lr': 0.6658091226621101}. Best is trial 104 with value: 0.27492820641131904.
checkpoint_e22 window_influence: 0.07020596540189833, penalty_k: 0.23426127397017699, scale_lr: 0.46327677245802046, EAO: 0.225
Trial 592 finished with value: 0.22460808071906005 and parameters: {'window_influence': 0.07020596540189833, 'penalty_k': 0.234261273970177, 'scale_lr': 0.46327677245802046}. Best is trial 104 with value: 0.27492820641131904.
checkpoint_e22 window_influence: 0.40874268743144271, penalty_k: 0.02240693673609712, scale_lr: 0.73475095208039365, EAO: 0.247
Trial 593 finished with value: 0.24694952968417144 and parameters: {'window_influence': 0.4087426874314427, 'penalty_k': 0.022406936736097116, 'scale_lr': 0.7347509520803936}. Best is trial 104 with value: 0.27492820641131904.
checkpoint_e22 window_influence: 0.39199018013814046, penalty_k: 0.17637583522464206, scale_lr: 0.38573456879646861, EAO: 0.249
Trial 594 finished with value: 0.24929338711790922 and parameters: {'window_influence': 0.39199018013814046, 'penalty_k': 0.17637583522464206, 'scale_lr': 0.3857345687964686}. Best is trial 104 with value: 0.27492820641131904.
checkpoint_e22 window_influence: 0.36422957332734185, penalty_k: 0.20225828073952379, scale_lr: 0.17225040847577169, EAO: 0.242
Trial 595 finished with value: 0.24169349276680288 and parameters: {'window_influence': 0.36422957332734185, 'penalty_k': 0.2022582807395238, 'scale_lr': 0.1722504084757717}. Best is trial 104 with value: 0.27492820641131904.
checkpoint_e22 window_influence: 0.26703720287515992, penalty_k: 0.59877492792272680, scale_lr: 0.63093861996468714, EAO: 0.239
Trial 596 finished with value: 0.23933922602393762 and parameters: {'window_influence': 0.2670372028751599, 'penalty_k': 0.5987749279227268, 'scale_lr': 0.6309386199646871}. Best is trial 104 with value: 0.27492820641131904.
checkpoint_e22 window_influence: 0.25874652468004122, penalty_k: 0.11167150984611962, scale_lr: 0.42572443811284055, EAO: 0.257
Trial 597 finished with value: 0.2568457470676763 and parameters: {'window_influence': 0.2587465246800412, 'penalty_k': 0.11167150984611962, 'scale_lr': 0.42572443811284055}. Best is trial 104 with value: 0.27492820641131904.
checkpoint_e22 window_influence: 0.37612565066374437, penalty_k: 0.00252712151327494, scale_lr: 0.53606252255935638, EAO: 0.253
Trial 598 finished with value: 0.2534523979435122 and parameters: {'window_influence': 0.37612565066374437, 'penalty_k': 0.0025271215132749436, 'scale_lr': 0.5360625225593564}. Best is trial 104 with value: 0.27492820641131904.
checkpoint_e22 window_influence: 0.61452264485490549, penalty_k: 0.50506904961220578, scale_lr: 0.64136863122075749, EAO: 0.201
Trial 599 finished with value: 0.20147968804448602 and parameters: {'window_influence': 0.6145226448549055, 'penalty_k': 0.5050690496122058, 'scale_lr': 0.6413686312207575}. Best is trial 104 with value: 0.27492820641131904.
checkpoint_e22 window_influence: 0.35799480536578876, penalty_k: 0.26899097998157662, scale_lr: 0.44475001780312234, EAO: 0.243
Trial 600 finished with value: 0.24340337314983693 and parameters: {'window_influence': 0.35799480536578876, 'penalty_k': 0.2689909799815766, 'scale_lr': 0.44475001780312234}. Best is trial 104 with value: 0.27492820641131904.
checkpoint_e22 window_influence: 0.23038168707588208, penalty_k: 0.02981971659256630, scale_lr: 0.35657916308825799, EAO: 0.249
Trial 601 finished with value: 0.24881284332614603 and parameters: {'window_influence': 0.23038168707588208, 'penalty_k': 0.029819716592566298, 'scale_lr': 0.356579163088258}. Best is trial 104 with value: 0.27492820641131904.
checkpoint_e22 window_influence: 0.39977348247548117, penalty_k: 0.18759437124545117, scale_lr: 0.58014480757993669, EAO: 0.258
Trial 602 finished with value: 0.25778175351338656 and parameters: {'window_influence': 0.39977348247548117, 'penalty_k': 0.18759437124545117, 'scale_lr': 0.5801448075799367}. Best is trial 104 with value: 0.27492820641131904.
checkpoint_e22 window_influence: 0.42647189063537938, penalty_k: 0.21122049393613612, scale_lr: 0.16415923882554218, EAO: 0.260
Trial 603 finished with value: 0.26018276574408133 and parameters: {'window_influence': 0.4264718906353794, 'penalty_k': 0.21122049393613612, 'scale_lr': 0.16415923882554218}. Best is trial 104 with value: 0.27492820641131904.
checkpoint_e22 window_influence: 0.55107186495865412, penalty_k: 0.22509916347260739, scale_lr: 0.12779393545593024, EAO: 0.231
Trial 604 finished with value: 0.23087579314786244 and parameters: {'window_influence': 0.5510718649586541, 'penalty_k': 0.2250991634726074, 'scale_lr': 0.12779393545593024}. Best is trial 104 with value: 0.27492820641131904.
checkpoint_e22 window_influence: 0.25209101469722989, penalty_k: 0.35577237384268068, scale_lr: 0.48293916254481617, EAO: 0.250
Trial 605 finished with value: 0.24992091117835627 and parameters: {'window_influence': 0.2520910146972299, 'penalty_k': 0.3557723738426807, 'scale_lr': 0.48293916254481617}. Best is trial 104 with value: 0.27492820641131904.
checkpoint_e22 window_influence: 0.38298666390614183, penalty_k: 0.25104404027493704, scale_lr: 0.40659388216742193, EAO: 0.249
Trial 606 finished with value: 0.24949739582654906 and parameters: {'window_influence': 0.38298666390614183, 'penalty_k': 0.25104404027493704, 'scale_lr': 0.4065938821674219}. Best is trial 104 with value: 0.27492820641131904.
checkpoint_e22 window_influence: 0.52025372880323428, penalty_k: 0.40983858309550053, scale_lr: 0.69727598956077652, EAO: 0.231
Trial 607 finished with value: 0.2308850119995877 and parameters: {'window_influence': 0.5202537288032343, 'penalty_k': 0.40983858309550053, 'scale_lr': 0.6972759895607765}. Best is trial 104 with value: 0.27492820641131904.
checkpoint_e22 window_influence: 0.37009276396650270, penalty_k: 0.28430156370786069, scale_lr: 0.62570855111423529, EAO: 0.258
Trial 608 finished with value: 0.2578117102384567 and parameters: {'window_influence': 0.3700927639665027, 'penalty_k': 0.2843015637078607, 'scale_lr': 0.6257085511142353}. Best is trial 104 with value: 0.27492820641131904.
checkpoint_e22 window_influence: 0.20665142928409916, penalty_k: 0.20322182006866907, scale_lr: 0.11242279023620483, EAO: 0.233
Trial 609 finished with value: 0.2332364106929399 and parameters: {'window_influence': 0.20665142928409916, 'penalty_k': 0.20322182006866907, 'scale_lr': 0.11242279023620483}. Best is trial 104 with value: 0.27492820641131904.
checkpoint_e22 window_influence: 0.34235511624356452, penalty_k: 0.23638975599947246, scale_lr: 0.67225664279485020, EAO: 0.254
Trial 610 finished with value: 0.25424479644715303 and parameters: {'window_influence': 0.3423551162435645, 'penalty_k': 0.23638975599947246, 'scale_lr': 0.6722566427948502}. Best is trial 104 with value: 0.27492820641131904.
checkpoint_e22 window_influence: 0.40647639240213368, penalty_k: 0.15768137509457966, scale_lr: 0.13868851545796476, EAO: 0.264
Trial 611 finished with value: 0.26376030357872565 and parameters: {'window_influence': 0.4064763924021337, 'penalty_k': 0.15768137509457966, 'scale_lr': 0.13868851545796476}. Best is trial 104 with value: 0.27492820641131904.
checkpoint_e22 window_influence: 0.56787662907855152, penalty_k: 0.17389569564327484, scale_lr: 0.61300038704020587, EAO: 0.223
Trial 612 finished with value: 0.2226880044350779 and parameters: {'window_influence': 0.5678766290785515, 'penalty_k': 0.17389569564327484, 'scale_lr': 0.6130003870402059}. Best is trial 104 with value: 0.27492820641131904.
checkpoint_e22 window_influence: 0.07680648033765436, penalty_k: 0.04457428398094027, scale_lr: 0.15923312659029651, EAO: 0.221
Trial 613 finished with value: 0.2208220117945012 and parameters: {'window_influence': 0.07680648033765436, 'penalty_k': 0.04457428398094027, 'scale_lr': 0.1592331265902965}. Best is trial 104 with value: 0.27492820641131904.
checkpoint_e22 window_influence: 0.38991014835429588, penalty_k: 0.13068996033503694, scale_lr: 0.10016938669030979, EAO: 0.261
Trial 614 finished with value: 0.2611923301971056 and parameters: {'window_influence': 0.3899101483542959, 'penalty_k': 0.13068996033503694, 'scale_lr': 0.1001693866903098}. Best is trial 104 with value: 0.27492820641131904.
checkpoint_e22 window_influence: 0.35823797968781379, penalty_k: 0.21983577814191288, scale_lr: 0.19179959775200409, EAO: 0.244
Trial 615 finished with value: 0.24381077047285996 and parameters: {'window_influence': 0.3582379796878138, 'penalty_k': 0.21983577814191288, 'scale_lr': 0.1917995977520041}. Best is trial 104 with value: 0.27492820641131904.
checkpoint_e22 window_influence: 0.41596380624380547, penalty_k: 0.06451435034099186, scale_lr: 0.30170813688825593, EAO: 0.257
Trial 616 finished with value: 0.25714169957531174 and parameters: {'window_influence': 0.41596380624380547, 'penalty_k': 0.06451435034099186, 'scale_lr': 0.30170813688825593}. Best is trial 104 with value: 0.27492820641131904.
checkpoint_e22 window_influence: 0.37845067543759747, penalty_k: 0.56143926850126913, scale_lr: 0.37202870622219564, EAO: 0.245
Trial 617 finished with value: 0.24465999655364976 and parameters: {'window_influence': 0.3784506754375975, 'penalty_k': 0.5614392685012691, 'scale_lr': 0.37202870622219564}. Best is trial 104 with value: 0.27492820641131904.
checkpoint_e22 window_influence: 0.39304884636443921, penalty_k: 0.53367767289258528, scale_lr: 0.12945529876851619, EAO: 0.247
Trial 618 finished with value: 0.24652042391338969 and parameters: {'window_influence': 0.3930488463644392, 'penalty_k': 0.5336776728925853, 'scale_lr': 0.1294552987685162}. Best is trial 104 with value: 0.27492820641131904.
checkpoint_e22 window_influence: 0.32480865741592085, penalty_k: 0.14432009121854023, scale_lr: 0.26754349607318734, EAO: 0.248
Trial 619 finished with value: 0.24822865244818898 and parameters: {'window_influence': 0.32480865741592085, 'penalty_k': 0.14432009121854023, 'scale_lr': 0.26754349607318734}. Best is trial 104 with value: 0.27492820641131904.
checkpoint_e22 window_influence: 0.34805148133749975, penalty_k: 0.19045594093218030, scale_lr: 0.50243462722196341, EAO: 0.254
