Trial 37 finished with value: 0.26393935502302357 and parameters: {'window_influence': 0.43181705423464234, 'penalty_k': 0.02425729552408461, 'scale_lr': 0.6148967261603407}. Best is trial 28 with value: 0.2714521815864051.
checkpoint_e16 window_influence: 0.35675774157426393, penalty_k: 0.09545292521669868, scale_lr: 0.45811284589576989, EAO: 0.271
Trial 45 finished with value: 0.27050039699164835 and parameters: {'window_influence': 0.35675774157426393, 'penalty_k': 0.09545292521669868, 'scale_lr': 0.4581128458957699}. Best is trial 42 with value: 0.27393498453425197.
checkpoint_e16 window_influence: 0.38397813303544703, penalty_k: 0.34196008853618159, scale_lr: 0.32690471779030866, EAO: 0.242
Trial 41 finished with value: 0.2420938140977689 and parameters: {'window_influence': 0.38397813303544703, 'penalty_k': 0.3419600885361816, 'scale_lr': 0.32690471779030866}. Best is trial 29 with value: 0.2605747532674937.
checkpoint_e16 window_influence: 0.44299967425982351, penalty_k: 0.36256973182611352, scale_lr: 0.59340972844252871, EAO: 0.257
Trial 38 finished with value: 0.2569511158437264 and parameters: {'window_influence': 0.4429996742598235, 'penalty_k': 0.3625697318261135, 'scale_lr': 0.5934097284425287}. Best is trial 28 with value: 0.2714521815864051.
checkpoint_e16 window_influence: 0.36341215200365551, penalty_k: 0.09801439163009973, scale_lr: 0.46320600315917365, EAO: 0.255
Trial 46 finished with value: 0.2551527618756139 and parameters: {'window_influence': 0.3634121520036555, 'penalty_k': 0.09801439163009973, 'scale_lr': 0.46320600315917365}. Best is trial 42 with value: 0.27393498453425197.
checkpoint_e16 window_influence: 0.35902502196012848, penalty_k: 0.24105670383327926, scale_lr: 0.45575130301547701, EAO: 0.238
Trial 42 finished with value: 0.23825367273596243 and parameters: {'window_influence': 0.3590250219601285, 'penalty_k': 0.24105670383327926, 'scale_lr': 0.455751303015477}. Best is trial 29 with value: 0.2605747532674937.
checkpoint_e16 window_influence: 0.48404168295777150, penalty_k: 0.02934504276169887, scale_lr: 0.62800509008661576, EAO: 0.263
Trial 39 finished with value: 0.2626741077841782 and parameters: {'window_influence': 0.4840416829577715, 'penalty_k': 0.02934504276169887, 'scale_lr': 0.6280050900866158}. Best is trial 28 with value: 0.2714521815864051.
checkpoint_e16 window_influence: 0.30365594558184728, penalty_k: 0.00096137320397523, scale_lr: 0.52969753147541609, EAO: 0.247
Trial 47 finished with value: 0.24740154647487936 and parameters: {'window_influence': 0.3036559455818473, 'penalty_k': 0.0009613732039752271, 'scale_lr': 0.5296975314754161}. Best is trial 42 with value: 0.27393498453425197.
checkpoint_e16 window_influence: 0.52126347020241171, penalty_k: 0.28046209284630014, scale_lr: 0.41970178551388004, EAO: 0.241
Trial 43 finished with value: 0.24074350994050017 and parameters: {'window_influence': 0.5212634702024117, 'penalty_k': 0.28046209284630014, 'scale_lr': 0.41970178551388004}. Best is trial 29 with value: 0.2605747532674937.
checkpoint_e16 window_influence: 0.43098177983028507, penalty_k: 0.04181549449378021, scale_lr: 0.56101746474905267, EAO: 0.265
Trial 40 finished with value: 0.265087819680935 and parameters: {'window_influence': 0.43098177983028507, 'penalty_k': 0.04181549449378021, 'scale_lr': 0.5610174647490527}. Best is trial 28 with value: 0.2714521815864051.
checkpoint_e16 window_influence: 0.40530095401480920, penalty_k: 0.05988834618820761, scale_lr: 0.43963078299140379, EAO: 0.272
Trial 48 finished with value: 0.2723761640670823 and parameters: {'window_influence': 0.4053009540148092, 'penalty_k': 0.05988834618820761, 'scale_lr': 0.4396307829914038}. Best is trial 42 with value: 0.27393498453425197.
checkpoint_e16 window_influence: 0.42043217400837712, penalty_k: 0.23386598995556060, scale_lr: 0.53135988576626214, EAO: 0.250
Trial 44 finished with value: 0.2500244816992341 and parameters: {'window_influence': 0.4204321740083771, 'penalty_k': 0.2338659899555606, 'scale_lr': 0.5313598857662621}. Best is trial 29 with value: 0.2605747532674937.
checkpoint_e16 window_influence: 0.43486819661952097, penalty_k: 0.04012486645848427, scale_lr: 0.56010208981200293, EAO: 0.269
Trial 41 finished with value: 0.2691032549714654 and parameters: {'window_influence': 0.434868196619521, 'penalty_k': 0.04012486645848427, 'scale_lr': 0.5601020898120029}. Best is trial 28 with value: 0.2714521815864051.
checkpoint_e16 window_influence: 0.39872896483355141, penalty_k: 0.06293935678288161, scale_lr: 0.43522684305054082, EAO: 0.266
Trial 49 finished with value: 0.26579494392726477 and parameters: {'window_influence': 0.3987289648335514, 'penalty_k': 0.06293935678288161, 'scale_lr': 0.4352268430505408}. Best is trial 42 with value: 0.27393498453425197.
checkpoint_e16 window_influence: 0.43774099633632702, penalty_k: 0.20931310104014217, scale_lr: 0.48741594736223959, EAO: 0.248
Trial 45 finished with value: 0.24784386139817355 and parameters: {'window_influence': 0.437740996336327, 'penalty_k': 0.20931310104014217, 'scale_lr': 0.4874159473622396}. Best is trial 29 with value: 0.2605747532674937.
checkpoint_e16 window_influence: 0.35437070797945214, penalty_k: 0.10526975763252651, scale_lr: 0.33135915821294160, EAO: 0.268
Trial 50 finished with value: 0.2682031592944773 and parameters: {'window_influence': 0.35437070797945214, 'penalty_k': 0.10526975763252651, 'scale_lr': 0.3313591582129416}. Best is trial 42 with value: 0.27393498453425197.
checkpoint_e16 window_influence: 0.42881152517853988, penalty_k: 0.05407633546851751, scale_lr: 0.55821248825753400, EAO: 0.262
Trial 42 finished with value: 0.26218096796816925 and parameters: {'window_influence': 0.4288115251785399, 'penalty_k': 0.054076335468517506, 'scale_lr': 0.558212488257534}. Best is trial 28 with value: 0.2714521815864051.
checkpoint_e16 window_influence: 0.47468462608300066, penalty_k: 0.35892325811470149, scale_lr: 0.46475498311223862, EAO: 0.247
Trial 46 finished with value: 0.24746152431499668 and parameters: {'window_influence': 0.47468462608300066, 'penalty_k': 0.3589232581147015, 'scale_lr': 0.4647549831122386}. Best is trial 29 with value: 0.2605747532674937.
checkpoint_e16 window_influence: 0.41573855512031344, penalty_k: 0.02449812049002588, scale_lr: 0.47816741366460708, EAO: 0.255
Trial 51 finished with value: 0.2552290715095473 and parameters: {'window_influence': 0.41573855512031344, 'penalty_k': 0.02449812049002588, 'scale_lr': 0.4781674136646071}. Best is trial 42 with value: 0.27393498453425197.
checkpoint_e16 window_influence: 0.47241864777651227, penalty_k: 0.11009125346805142, scale_lr: 0.51874132437254650, EAO: 0.257
Trial 43 finished with value: 0.25699045963403655 and parameters: {'window_influence': 0.47241864777651227, 'penalty_k': 0.11009125346805142, 'scale_lr': 0.5187413243725465}. Best is trial 28 with value: 0.2714521815864051.
checkpoint_e16 window_influence: 0.40337300998107367, penalty_k: 0.14808160907481124, scale_lr: 0.58556031329249947, EAO: 0.247
Trial 47 finished with value: 0.24675572306160035 and parameters: {'window_influence': 0.40337300998107367, 'penalty_k': 0.14808160907481124, 'scale_lr': 0.5855603132924995}. Best is trial 29 with value: 0.2605747532674937.
checkpoint_e16 window_influence: 0.32179020373511458, penalty_k: 0.05114307950793292, scale_lr: 0.41050036285321395, EAO: 0.271
Trial 52 finished with value: 0.27066804141533085 and parameters: {'window_influence': 0.3217902037351146, 'penalty_k': 0.05114307950793292, 'scale_lr': 0.41050036285321395}. Best is trial 42 with value: 0.27393498453425197.
checkpoint_e16 window_influence: 0.51203300488549286, penalty_k: 0.26047168237194357, scale_lr: 0.54941686338589069, EAO: 0.243
Trial 48 finished with value: 0.24346859680443275 and parameters: {'window_influence': 0.5120330048854929, 'penalty_k': 0.26047168237194357, 'scale_lr': 0.5494168633858907}. Best is trial 29 with value: 0.2605747532674937.
checkpoint_e16 window_influence: 0.53547568259739875, penalty_k: 0.05098631263866871, scale_lr: 0.55249723001672524, EAO: 0.248
Trial 44 finished with value: 0.2477105568821837 and parameters: {'window_influence': 0.5354756825973987, 'penalty_k': 0.05098631263866871, 'scale_lr': 0.5524972300167252}. Best is trial 28 with value: 0.2714521815864051.
checkpoint_e16 window_influence: 0.32329779297161459, penalty_k: 0.05173116071013643, scale_lr: 0.41943643783176054, EAO: 0.270
Trial 53 finished with value: 0.27005526950446573 and parameters: {'window_influence': 0.3232977929716146, 'penalty_k': 0.051731160710136434, 'scale_lr': 0.41943643783176054}. Best is trial 42 with value: 0.27393498453425197.
checkpoint_e16 window_influence: 0.33355794986232068, penalty_k: 0.10228200523874598, scale_lr: 0.78094192917551020, EAO: 0.247
Trial 49 finished with value: 0.2466980593839312 and parameters: {'window_influence': 0.3335579498623207, 'penalty_k': 0.10228200523874598, 'scale_lr': 0.7809419291755102}. Best is trial 29 with value: 0.2605747532674937.
checkpoint_e16 window_influence: 0.42101962730299824, penalty_k: 0.16604356522248218, scale_lr: 0.64778184968643804, EAO: 0.256
Trial 45 finished with value: 0.25600053103474096 and parameters: {'window_influence': 0.42101962730299824, 'penalty_k': 0.16604356522248218, 'scale_lr': 0.647781849686438}. Best is trial 28 with value: 0.2714521815864051.
checkpoint_e16 window_influence: 0.28666613923272388, penalty_k: 0.09145515918128522, scale_lr: 0.39822454896011922, EAO: 0.256
Trial 54 finished with value: 0.2558243360703554 and parameters: {'window_influence': 0.2866661392327239, 'penalty_k': 0.09145515918128522, 'scale_lr': 0.3982245489601192}. Best is trial 42 with value: 0.27393498453425197.
checkpoint_e16 window_influence: 0.37068215586638531, penalty_k: 0.04423501253698121, scale_lr: 0.48312448237756633, EAO: 0.253
Trial 50 finished with value: 0.2531952518757766 and parameters: {'window_influence': 0.3706821558663853, 'penalty_k': 0.044235012536981214, 'scale_lr': 0.48312448237756633}. Best is trial 29 with value: 0.2605747532674937.
checkpoint_e16 window_influence: 0.51024326576672852, penalty_k: 0.07632202233052801, scale_lr: 0.57178448674438365, EAO: 0.248
Trial 46 finished with value: 0.248115895058566 and parameters: {'window_influence': 0.5102432657667285, 'penalty_k': 0.07632202233052801, 'scale_lr': 0.5717844867443836}. Best is trial 28 with value: 0.2714521815864051.
checkpoint_e16 window_influence: 0.35649742946066082, penalty_k: 0.23791584314393921, scale_lr: 0.44928944909942803, EAO: 0.253
Trial 55 finished with value: 0.2526229231701634 and parameters: {'window_influence': 0.3564974294606608, 'penalty_k': 0.2379158431439392, 'scale_lr': 0.44928944909942803}. Best is trial 42 with value: 0.27393498453425197.
checkpoint_e16 window_influence: 0.38145964916061115, penalty_k: 0.03528219923495203, scale_lr: 0.48027219426944695, EAO: 0.256
Trial 51 finished with value: 0.2561506087460169 and parameters: {'window_influence': 0.38145964916061115, 'penalty_k': 0.03528219923495203, 'scale_lr': 0.48027219426944695}. Best is trial 29 with value: 0.2605747532674937.
checkpoint_e16 window_influence: 0.33354275421059099, penalty_k: 0.02707172285970376, scale_lr: 0.59463584796921276, EAO: 0.252
Trial 47 finished with value: 0.2523989877928563 and parameters: {'window_influence': 0.333542754210591, 'penalty_k': 0.02707172285970376, 'scale_lr': 0.5946358479692128}. Best is trial 28 with value: 0.2714521815864051.
checkpoint_e16 window_influence: 0.38814159014067751, penalty_k: 0.07132086155374905, scale_lr: 0.38127954660093211, EAO: 0.265
Trial 56 finished with value: 0.2646404439356269 and parameters: {'window_influence': 0.3881415901406775, 'penalty_k': 0.07132086155374905, 'scale_lr': 0.3812795466009321}. Best is trial 42 with value: 0.27393498453425197.
checkpoint_e16 window_influence: 0.37287889040049993, penalty_k: 0.03634650821874880, scale_lr: 0.48378475909460189, EAO: 0.259
Trial 52 finished with value: 0.2586782805439902 and parameters: {'window_influence': 0.37287889040049993, 'penalty_k': 0.036346508218748796, 'scale_lr': 0.4837847590946019}. Best is trial 29 with value: 0.2605747532674937.
checkpoint_e16 window_influence: 0.38298833781607600, penalty_k: 0.11663181407056815, scale_lr: 0.50805241829149594, EAO: 0.247
Trial 48 finished with value: 0.24688322284841926 and parameters: {'window_influence': 0.382988337816076, 'penalty_k': 0.11663181407056815, 'scale_lr': 0.5080524182914959}. Best is trial 28 with value: 0.2714521815864051.
checkpoint_e16 window_influence: 0.32323093654578744, penalty_k: 0.04299692407512053, scale_lr: 0.41177985338753448, EAO: 0.257
Trial 57 finished with value: 0.2572208524840634 and parameters: {'window_influence': 0.32323093654578744, 'penalty_k': 0.04299692407512053, 'scale_lr': 0.4117798533875345}. Best is trial 42 with value: 0.27393498453425197.
checkpoint_e16 window_influence: 0.44629874161823008, penalty_k: 0.00332926734819234, scale_lr: 0.52836247518363100, EAO: 0.265
Trial 53 finished with value: 0.26514596952413155 and parameters: {'window_influence': 0.4462987416182301, 'penalty_k': 0.00332926734819234, 'scale_lr': 0.528362475183631}. Best is trial 53 with value: 0.26514596952413155.
checkpoint_e16 window_influence: 0.46315228508748607, penalty_k: 0.08327498204719941, scale_lr: 0.68104874499015688, EAO: 0.255
Trial 49 finished with value: 0.25525455188945056 and parameters: {'window_influence': 0.46315228508748607, 'penalty_k': 0.08327498204719941, 'scale_lr': 0.6810487449901569}. Best is trial 28 with value: 0.2714521815864051.
checkpoint_e16 window_influence: 0.26295676175202287, penalty_k: 0.12102825333218493, scale_lr: 0.44881028917622640, EAO: 0.243
Trial 58 finished with value: 0.24333945298340262 and parameters: {'window_influence': 0.26295676175202287, 'penalty_k': 0.12102825333218493, 'scale_lr': 0.4488102891762264}. Best is trial 42 with value: 0.27393498453425197.
checkpoint_e16 window_influence: 0.43292312938937777, penalty_k: 0.02825844298617764, scale_lr: 0.52608014910316314, EAO: 0.252
Trial 54 finished with value: 0.2524707836469984 and parameters: {'window_influence': 0.43292312938937777, 'penalty_k': 0.02825844298617764, 'scale_lr': 0.5260801491031631}. Best is trial 53 with value: 0.26514596952413155.
checkpoint_e16 window_influence: 0.42400951214330435, penalty_k: 0.01600074415988310, scale_lr: 0.54173204114148699, EAO: 0.265
Trial 50 finished with value: 0.2647441012587974 and parameters: {'window_influence': 0.42400951214330435, 'penalty_k': 0.016000744159883097, 'scale_lr': 0.541732041141487}. Best is trial 28 with value: 0.2714521815864051.
checkpoint_e16 window_influence: 0.36043239533316207, penalty_k: 0.01860306099463234, scale_lr: 0.35665659404568650, EAO: 0.265
Trial 59 finished with value: 0.26464456471243525 and parameters: {'window_influence': 0.36043239533316207, 'penalty_k': 0.01860306099463234, 'scale_lr': 0.3566565940456865}. Best is trial 42 with value: 0.27393498453425197.
checkpoint_e16 window_influence: 0.39275359646371416, penalty_k: 0.00266243371256124, scale_lr: 0.49257392517490306, EAO: 0.254
Trial 55 finished with value: 0.25377338288760765 and parameters: {'window_influence': 0.39275359646371416, 'penalty_k': 0.002662433712561242, 'scale_lr': 0.49257392517490306}. Best is trial 53 with value: 0.26514596952413155.
checkpoint_e16 window_influence: 0.38639540916330939, penalty_k: 0.08226917097399079, scale_lr: 0.50070033331680963, EAO: 0.249
Trial 60 finished with value: 0.24861937367576895 and parameters: {'window_influence': 0.3863954091633094, 'penalty_k': 0.0822691709739908, 'scale_lr': 0.5007003333168096}. Best is trial 42 with value: 0.27393498453425197.
checkpoint_e16 window_influence: 0.40906750363286004, penalty_k: 0.02198719515466954, scale_lr: 0.54891637344435229, EAO: 0.254
Trial 51 finished with value: 0.2544646924588738 and parameters: {'window_influence': 0.40906750363286004, 'penalty_k': 0.02198719515466954, 'scale_lr': 0.5489163734443523}. Best is trial 28 with value: 0.2714521815864051.
checkpoint_e16 window_influence: 0.30200438269831692, penalty_k: 0.06674835636691598, scale_lr: 0.43791681729635717, EAO: 0.254
Trial 56 finished with value: 0.254288352420175 and parameters: {'window_influence': 0.3020043826983169, 'penalty_k': 0.06674835636691598, 'scale_lr': 0.4379168172963572}. Best is trial 53 with value: 0.26514596952413155.
checkpoint_e16 window_influence: 0.30624495803905172, penalty_k: 0.05136175685185843, scale_lr: 0.41360941801149181, EAO: 0.271
Trial 61 finished with value: 0.2705111776789029 and parameters: {'window_influence': 0.3062449580390517, 'penalty_k': 0.05136175685185843, 'scale_lr': 0.4136094180114918}. Best is trial 42 with value: 0.27393498453425197.
checkpoint_e16 window_influence: 0.46251475990727814, penalty_k: 0.02375838988090648, scale_lr: 0.53139139943487668, EAO: 0.255
Trial 57 finished with value: 0.2547902955514629 and parameters: {'window_influence': 0.46251475990727814, 'penalty_k': 0.023758389880906478, 'scale_lr': 0.5313913994348767}. Best is trial 53 with value: 0.26514596952413155.
checkpoint_e16 window_influence: 0.43844794762755607, penalty_k: 0.00358386285565175, scale_lr: 0.57617854787696343, EAO: 0.265
Trial 52 finished with value: 0.26465644451176246 and parameters: {'window_influence': 0.43844794762755607, 'penalty_k': 0.0035838628556517545, 'scale_lr': 0.5761785478769634}. Best is trial 28 with value: 0.2714521815864051.
checkpoint_e16 window_influence: 0.32513684075357063, penalty_k: 0.04753679780599732, scale_lr: 0.40096730046223089, EAO: 0.254
Trial 62 finished with value: 0.2541457930716073 and parameters: {'window_influence': 0.32513684075357063, 'penalty_k': 0.047536797805997316, 'scale_lr': 0.4009673004622309}. Best is trial 42 with value: 0.27393498453425197.
checkpoint_e16 window_influence: 0.50137886788401154, penalty_k: 0.05724119120452167, scale_lr: 0.47899767521364939, EAO: 0.250
Trial 58 finished with value: 0.24954540730734182 and parameters: {'window_influence': 0.5013788678840115, 'penalty_k': 0.057241191204521674, 'scale_lr': 0.4789976752136494}. Best is trial 53 with value: 0.26514596952413155.
checkpoint_e16 window_influence: 0.38271497992882547, penalty_k: 0.04733458198169911, scale_lr: 0.61576562463868245, EAO: 0.254
Trial 53 finished with value: 0.253790184552592 and parameters: {'window_influence': 0.38271497992882547, 'penalty_k': 0.04733458198169911, 'scale_lr': 0.6157656246386825}. Best is trial 28 with value: 0.2714521815864051.
checkpoint_e16 window_influence: 0.35633764227365289, penalty_k: 0.06373554900362377, scale_lr: 0.43196159067884493, EAO: 0.270
Trial 63 finished with value: 0.2700053849598257 and parameters: {'window_influence': 0.3563376422736529, 'penalty_k': 0.06373554900362377, 'scale_lr': 0.43196159067884493}. Best is trial 42 with value: 0.27393498453425197.
checkpoint_e16 window_influence: 0.44126958529412530, penalty_k: 0.08371748909101082, scale_lr: 0.56027874873551298, EAO: 0.256
Trial 59 finished with value: 0.2559081372327921 and parameters: {'window_influence': 0.4412695852941253, 'penalty_k': 0.08371748909101082, 'scale_lr': 0.560278748735513}. Best is trial 53 with value: 0.26514596952413155.
checkpoint_e16 window_influence: 0.45129331856393040, penalty_k: 0.08343025234590801, scale_lr: 0.51915939901075470, EAO: 0.264
Trial 54 finished with value: 0.2635143594286306 and parameters: {'window_influence': 0.4512933185639304, 'penalty_k': 0.08343025234590801, 'scale_lr': 0.5191593990107547}. Best is trial 28 with value: 0.2714521815864051.
checkpoint_e16 window_influence: 0.30341686234178644, penalty_k: 0.03638260510634975, scale_lr: 0.38086919705583566, EAO: 0.257
Trial 64 finished with value: 0.2567735420373397 and parameters: {'window_influence': 0.30341686234178644, 'penalty_k': 0.03638260510634975, 'scale_lr': 0.38086919705583566}. Best is trial 42 with value: 0.27393498453425197.
checkpoint_e16 window_influence: 0.34965689693098045, penalty_k: 0.03653689006166624, scale_lr: 0.42394251638415259, EAO: 0.253
Trial 60 finished with value: 0.2533726366312523 and parameters: {'window_influence': 0.34965689693098045, 'penalty_k': 0.036536890061666244, 'scale_lr': 0.4239425163841526}. Best is trial 53 with value: 0.26514596952413155.
checkpoint_e16 window_influence: 0.42382169425836219, penalty_k: 0.02051200577238623, scale_lr: 0.53533703895033635, EAO: 0.258
Trial 55 finished with value: 0.25834329844248005 and parameters: {'window_influence': 0.4238216942583622, 'penalty_k': 0.020512005772386228, 'scale_lr': 0.5353370389503364}. Best is trial 28 with value: 0.2714521815864051.
checkpoint_e16 window_influence: 0.33109356182680078, penalty_k: 0.01337766748629271, scale_lr: 0.48297373320646331, EAO: 0.246
Trial 65 finished with value: 0.24570424969845672 and parameters: {'window_influence': 0.3310935618268008, 'penalty_k': 0.013377667486292714, 'scale_lr': 0.4829737332064633}. Best is trial 42 with value: 0.27393498453425197.
checkpoint_e16 window_influence: 0.40849816292259467, penalty_k: 0.07967238699171275, scale_lr: 0.58117519643114590, EAO: 0.257
Trial 61 finished with value: 0.25652423682736186 and parameters: {'window_influence': 0.40849816292259467, 'penalty_k': 0.07967238699171275, 'scale_lr': 0.5811751964311459}. Best is trial 53 with value: 0.26514596952413155.
checkpoint_e16 window_influence: 0.35446718429820823, penalty_k: 0.07094871428666495, scale_lr: 0.49582049856086802, EAO: 0.268
Trial 56 finished with value: 0.26845550955068775 and parameters: {'window_influence': 0.3544671842982082, 'penalty_k': 0.07094871428666495, 'scale_lr': 0.495820498560868}. Best is trial 28 with value: 0.2714521815864051.
checkpoint_e16 window_influence: 0.40060406006001958, penalty_k: 0.08091597482091793, scale_lr: 0.46071776570214606, EAO: 0.260
