Trial 1846 finished with value: 0.22651985596592833 and parameters: {'window_influence': 0.5848996744966022, 'penalty_k': 0.18663224833486844, 'scale_lr': 0.3173509714951886}. Best is trial 1594 with value: 0.29992623191054274.
checkpoint_e32 window_influence: 0.06213410452593382, penalty_k: 0.09914540668233793, scale_lr: 0.50320699582269501, EAO: 0.228
Trial 1847 finished with value: 0.22834782799084982 and parameters: {'window_influence': 0.06213410452593382, 'penalty_k': 0.09914540668233793, 'scale_lr': 0.503206995822695}. Best is trial 1594 with value: 0.29992623191054274.
checkpoint_e32 window_influence: 0.20315082268111889, penalty_k: 0.17247993210093684, scale_lr: 0.74486948968953548, EAO: 0.254
Trial 1848 finished with value: 0.25392162406105334 and parameters: {'window_influence': 0.2031508226811189, 'penalty_k': 0.17247993210093684, 'scale_lr': 0.7448694896895355}. Best is trial 1594 with value: 0.29992623191054274.
checkpoint_e32 window_influence: 0.37681911455081929, penalty_k: 0.07924585667359929, scale_lr: 0.24467995462028475, EAO: 0.263
Trial 1849 finished with value: 0.26271666253243037 and parameters: {'window_influence': 0.3768191145508193, 'penalty_k': 0.07924585667359929, 'scale_lr': 0.24467995462028475}. Best is trial 1594 with value: 0.29992623191054274.
checkpoint_e32 window_influence: 0.28200258343627976, penalty_k: 0.21514951068357710, scale_lr: 0.55698908860163598, EAO: 0.268
Trial 1850 finished with value: 0.26843457269232446 and parameters: {'window_influence': 0.28200258343627976, 'penalty_k': 0.2151495106835771, 'scale_lr': 0.556989088601636}. Best is trial 1594 with value: 0.29992623191054274.
checkpoint_e32 window_influence: 0.50223961740556833, penalty_k: 0.15989138880270554, scale_lr: 0.22343717550931494, EAO: 0.258
Trial 1851 finished with value: 0.2577339650048473 and parameters: {'window_influence': 0.5022396174055683, 'penalty_k': 0.15989138880270554, 'scale_lr': 0.22343717550931494}. Best is trial 1594 with value: 0.29992623191054274.
checkpoint_e32 window_influence: 0.42329032581442416, penalty_k: 0.23643850530165444, scale_lr: 0.14124976922508795, EAO: 0.268
Trial 1852 finished with value: 0.2677339036774829 and parameters: {'window_influence': 0.42329032581442416, 'penalty_k': 0.23643850530165444, 'scale_lr': 0.14124976922508795}. Best is trial 1594 with value: 0.29992623191054274.
checkpoint_e32 window_influence: 0.53402899974448703, penalty_k: 0.06798583714044820, scale_lr: 0.16719391347672716, EAO: 0.252
Trial 1853 finished with value: 0.2516170039894135 and parameters: {'window_influence': 0.534028999744487, 'penalty_k': 0.0679858371404482, 'scale_lr': 0.16719391347672716}. Best is trial 1594 with value: 0.29992623191054274.
checkpoint_e32 window_influence: 0.07453169482177158, penalty_k: 0.19654799801065020, scale_lr: 0.11220172320170382, EAO: 0.236
Trial 1854 finished with value: 0.23629675218002583 and parameters: {'window_influence': 0.07453169482177158, 'penalty_k': 0.1965479980106502, 'scale_lr': 0.11220172320170382}. Best is trial 1594 with value: 0.29992623191054274.
checkpoint_e32 window_influence: 0.38705946336597441, penalty_k: 0.12969759536838324, scale_lr: 0.74657675474908647, EAO: 0.258
Trial 1855 finished with value: 0.2581903837560638 and parameters: {'window_influence': 0.3870594633659744, 'penalty_k': 0.12969759536838324, 'scale_lr': 0.7465767547490865}. Best is trial 1594 with value: 0.29992623191054274.
checkpoint_e32 window_influence: 0.43558183282348306, penalty_k: 0.02907441672750494, scale_lr: 0.10030927577567213, EAO: 0.270
Trial 1856 finished with value: 0.26985608447131104 and parameters: {'window_influence': 0.43558183282348306, 'penalty_k': 0.02907441672750494, 'scale_lr': 0.10030927577567213}. Best is trial 1594 with value: 0.29992623191054274.
checkpoint_e32 window_influence: 0.13957504246940813, penalty_k: 0.11503870628355023, scale_lr: 0.13214361627206245, EAO: 0.238
Trial 1857 finished with value: 0.23800476646520258 and parameters: {'window_influence': 0.13957504246940813, 'penalty_k': 0.11503870628355023, 'scale_lr': 0.13214361627206245}. Best is trial 1594 with value: 0.29992623191054274.
checkpoint_e32 window_influence: 0.40736879184679714, penalty_k: 0.14976055127754767, scale_lr: 0.15520556885315012, EAO: 0.272
Trial 1858 finished with value: 0.2724701149798021 and parameters: {'window_influence': 0.40736879184679714, 'penalty_k': 0.14976055127754767, 'scale_lr': 0.15520556885315012}. Best is trial 1594 with value: 0.29992623191054274.
checkpoint_e32 window_influence: 0.49862823540167356, penalty_k: 0.16741983234784019, scale_lr: 0.28454264053337069, EAO: 0.265
Trial 1859 finished with value: 0.2654194396322336 and parameters: {'window_influence': 0.49862823540167356, 'penalty_k': 0.1674198323478402, 'scale_lr': 0.2845426405333707}. Best is trial 1594 with value: 0.29992623191054274.
checkpoint_e32 window_influence: 0.45897135824219848, penalty_k: 0.02065403220275832, scale_lr: 0.47202557308420034, EAO: 0.264
Trial 1860 finished with value: 0.2642049444157903 and parameters: {'window_influence': 0.4589713582421985, 'penalty_k': 0.02065403220275832, 'scale_lr': 0.47202557308420034}. Best is trial 1594 with value: 0.29992623191054274.
checkpoint_e32 window_influence: 0.42352058357240646, penalty_k: 0.09847507384755935, scale_lr: 0.12296011000020605, EAO: 0.280
Trial 1861 finished with value: 0.2803782917013982 and parameters: {'window_influence': 0.42352058357240646, 'penalty_k': 0.09847507384755935, 'scale_lr': 0.12296011000020605}. Best is trial 1594 with value: 0.29992623191054274.
checkpoint_e32 window_influence: 0.40390087397869573, penalty_k: 0.14077403167673397, scale_lr: 0.14425886094715906, EAO: 0.274
Trial 1862 finished with value: 0.27379904251273085 and parameters: {'window_influence': 0.40390087397869573, 'penalty_k': 0.14077403167673397, 'scale_lr': 0.14425886094715906}. Best is trial 1594 with value: 0.29992623191054274.
checkpoint_e32 window_influence: 0.21920580238949383, penalty_k: 0.17782802787698879, scale_lr: 0.17615296576268891, EAO: 0.250
Trial 1863 finished with value: 0.2504911256757209 and parameters: {'window_influence': 0.21920580238949383, 'penalty_k': 0.1778280278769888, 'scale_lr': 0.1761529657626889}. Best is trial 1594 with value: 0.29992623191054274.
checkpoint_e32 window_influence: 0.44310578521966848, penalty_k: 0.13037836627462498, scale_lr: 0.11338377892274319, EAO: 0.275
Trial 1864 finished with value: 0.2747029272642562 and parameters: {'window_influence': 0.4431057852196685, 'penalty_k': 0.13037836627462498, 'scale_lr': 0.11338377892274319}. Best is trial 1594 with value: 0.29992623191054274.
checkpoint_e32 window_influence: 0.16689610037375291, penalty_k: 0.16271177669283071, scale_lr: 0.65845665510052553, EAO: 0.260
Trial 1865 finished with value: 0.2595976429983852 and parameters: {'window_influence': 0.1668961003737529, 'penalty_k': 0.1627117766928307, 'scale_lr': 0.6584566551005255}. Best is trial 1594 with value: 0.29992623191054274.
checkpoint_e32 window_influence: 0.14944314933803990, penalty_k: 0.18966835882459654, scale_lr: 0.53574146795789013, EAO: 0.247
Trial 1866 finished with value: 0.24718984404230507 and parameters: {'window_influence': 0.1494431493380399, 'penalty_k': 0.18966835882459654, 'scale_lr': 0.5357414679578901}. Best is trial 1594 with value: 0.29992623191054274.
checkpoint_e32 window_influence: 0.11374622587003699, penalty_k: 0.04352261881321793, scale_lr: 0.68153817867369293, EAO: 0.246
Trial 1867 finished with value: 0.24586540078971444 and parameters: {'window_influence': 0.113746225870037, 'penalty_k': 0.04352261881321793, 'scale_lr': 0.6815381786736929}. Best is trial 1594 with value: 0.29992623191054274.
checkpoint_e32 window_influence: 0.35071546133202791, penalty_k: 0.11784330060726766, scale_lr: 0.76545289192365407, EAO: 0.272
Trial 1868 finished with value: 0.27193214798845894 and parameters: {'window_influence': 0.3507154613320279, 'penalty_k': 0.11784330060726766, 'scale_lr': 0.7654528919236541}. Best is trial 1594 with value: 0.29992623191054274.
checkpoint_e32 window_influence: 0.27073340039779537, penalty_k: 0.15219456833104048, scale_lr: 0.69984196313310676, EAO: 0.261
Trial 1869 finished with value: 0.26099609856198475 and parameters: {'window_influence': 0.27073340039779537, 'penalty_k': 0.15219456833104048, 'scale_lr': 0.6998419631331068}. Best is trial 1594 with value: 0.29992623191054274.
checkpoint_e32 window_influence: 0.09396409018116769, penalty_k: 0.10640520761921729, scale_lr: 0.13195918453320241, EAO: 0.244
Trial 1870 finished with value: 0.24355895381148268 and parameters: {'window_influence': 0.09396409018116769, 'penalty_k': 0.10640520761921729, 'scale_lr': 0.1319591845332024}. Best is trial 1594 with value: 0.29992623191054274.
checkpoint_e32 window_influence: 0.15165226662361064, penalty_k: 0.21301267695766163, scale_lr: 0.49316234843431178, EAO: 0.257
Trial 1871 finished with value: 0.2571265680518577 and parameters: {'window_influence': 0.15165226662361064, 'penalty_k': 0.21301267695766163, 'scale_lr': 0.4931623484343118}. Best is trial 1594 with value: 0.29992623191054274.
checkpoint_e32 window_influence: 0.38903654559145601, penalty_k: 0.13426271173915988, scale_lr: 0.15037197326698168, EAO: 0.268
Trial 1872 finished with value: 0.2681818683215273 and parameters: {'window_influence': 0.389036545591456, 'penalty_k': 0.13426271173915988, 'scale_lr': 0.15037197326698168}. Best is trial 1594 with value: 0.29992623191054274.
checkpoint_e32 window_influence: 0.41616637628379788, penalty_k: 0.07768588926944549, scale_lr: 0.25487671195733019, EAO: 0.267
Trial 1873 finished with value: 0.26731268074212033 and parameters: {'window_influence': 0.4161663762837979, 'penalty_k': 0.07768588926944549, 'scale_lr': 0.2548767119573302}. Best is trial 1594 with value: 0.29992623191054274.
checkpoint_e32 window_influence: 0.43118526242092858, penalty_k: 0.14850563651012541, scale_lr: 0.22370710730160451, EAO: 0.271
Trial 1874 finished with value: 0.27103875589564563 and parameters: {'window_influence': 0.4311852624209286, 'penalty_k': 0.1485056365101254, 'scale_lr': 0.2237071073016045}. Best is trial 1594 with value: 0.29992623191054274.
checkpoint_e32 window_influence: 0.36968261599081598, penalty_k: 0.01182586549360598, scale_lr: 0.10014382657014476, EAO: 0.275
Trial 1875 finished with value: 0.2752239386119494 and parameters: {'window_influence': 0.369682615990816, 'penalty_k': 0.011825865493605977, 'scale_lr': 0.10014382657014476}. Best is trial 1594 with value: 0.29992623191054274.
checkpoint_e32 window_influence: 0.39996524312169690, penalty_k: 0.09109961787591400, scale_lr: 0.19241126904045799, EAO: 0.276
Trial 1876 finished with value: 0.2758555683663221 and parameters: {'window_influence': 0.3999652431216969, 'penalty_k': 0.091099617875914, 'scale_lr': 0.192411269040458}. Best is trial 1594 with value: 0.29992623191054274.
checkpoint_e32 window_influence: 0.45495410843228562, penalty_k: 0.05626483219957341, scale_lr: 0.44733433840143666, EAO: 0.259
Trial 1877 finished with value: 0.25948876100100154 and parameters: {'window_influence': 0.4549541084322856, 'penalty_k': 0.056264832199573414, 'scale_lr': 0.44733433840143666}. Best is trial 1594 with value: 0.29992623191054274.
checkpoint_e32 window_influence: 0.64121515029797493, penalty_k: 0.15966787504750918, scale_lr: 0.12017181615952865, EAO: 0.223
Trial 1878 finished with value: 0.2234273050737575 and parameters: {'window_influence': 0.6412151502979749, 'penalty_k': 0.15966787504750918, 'scale_lr': 0.12017181615952865}. Best is trial 1594 with value: 0.29992623191054274.
checkpoint_e32 window_influence: 0.51165853544963358, penalty_k: 0.12461259828371561, scale_lr: 0.42865132001289252, EAO: 0.259
Trial 1879 finished with value: 0.2593669250486343 and parameters: {'window_influence': 0.5116585354496336, 'penalty_k': 0.12461259828371561, 'scale_lr': 0.4286513200128925}. Best is trial 1594 with value: 0.29992623191054274.
checkpoint_e32 window_influence: 0.24320397012995759, penalty_k: 0.17619663396368371, scale_lr: 0.16316144606299876, EAO: 0.253
Trial 1880 finished with value: 0.2525708068434785 and parameters: {'window_influence': 0.2432039701299576, 'penalty_k': 0.1761966339636837, 'scale_lr': 0.16316144606299876}. Best is trial 1594 with value: 0.29992623191054274.
checkpoint_e32 window_influence: 0.60593151885909158, penalty_k: 0.13856279461492482, scale_lr: 0.13617979419344650, EAO: 0.226
Trial 1881 finished with value: 0.22634173208862784 and parameters: {'window_influence': 0.6059315188590916, 'penalty_k': 0.13856279461492482, 'scale_lr': 0.1361797941934465}. Best is trial 1594 with value: 0.29992623191054274.
checkpoint_e32 window_influence: 0.48150754754707892, penalty_k: 0.10740654640897121, scale_lr: 0.11344995305711307, EAO: 0.273
Trial 1882 finished with value: 0.2726332730636364 and parameters: {'window_influence': 0.4815075475470789, 'penalty_k': 0.10740654640897121, 'scale_lr': 0.11344995305711307}. Best is trial 1594 with value: 0.29992623191054274.
checkpoint_e32 window_influence: 0.41225501893072525, penalty_k: 0.16673768712091008, scale_lr: 0.28084974797155360, EAO: 0.263
Trial 1883 finished with value: 0.2631228213024333 and parameters: {'window_influence': 0.41225501893072525, 'penalty_k': 0.16673768712091008, 'scale_lr': 0.2808497479715536}. Best is trial 1594 with value: 0.29992623191054274.
checkpoint_e32 window_influence: 0.38212591535346535, penalty_k: 0.14928957553445474, scale_lr: 0.20932846374557895, EAO: 0.259
Trial 1884 finished with value: 0.25935069150556395 and parameters: {'window_influence': 0.38212591535346535, 'penalty_k': 0.14928957553445474, 'scale_lr': 0.20932846374557895}. Best is trial 1594 with value: 0.29992623191054274.
checkpoint_e32 window_influence: 0.43671764637482291, penalty_k: 0.00191052019196210, scale_lr: 0.12532896943069763, EAO: 0.264
Trial 1885 finished with value: 0.2644745860157943 and parameters: {'window_influence': 0.4367176463748229, 'penalty_k': 0.0019105201919621048, 'scale_lr': 0.12532896943069763}. Best is trial 1594 with value: 0.29992623191054274.
checkpoint_e32 window_influence: 0.42573475254743209, penalty_k: 0.19224561401977552, scale_lr: 0.51550755257297509, EAO: 0.265
Trial 1886 finished with value: 0.2651457121459449 and parameters: {'window_influence': 0.4257347525474321, 'penalty_k': 0.19224561401977552, 'scale_lr': 0.5155075525729751}. Best is trial 1594 with value: 0.29992623191054274.
checkpoint_e32 window_influence: 0.39340890135967527, penalty_k: 0.12274891349515997, scale_lr: 0.14763650912931675, EAO: 0.270
Trial 1887 finished with value: 0.26977326054640904 and parameters: {'window_influence': 0.39340890135967527, 'penalty_k': 0.12274891349515997, 'scale_lr': 0.14763650912931675}. Best is trial 1594 with value: 0.29992623191054274.
checkpoint_e32 window_influence: 0.56020066854169592, penalty_k: 0.13449948493043834, scale_lr: 0.31405169496424024, EAO: 0.251
Trial 1888 finished with value: 0.2508197179049011 and parameters: {'window_influence': 0.5602006685416959, 'penalty_k': 0.13449948493043834, 'scale_lr': 0.31405169496424024}. Best is trial 1594 with value: 0.29992623191054274.
checkpoint_e32 window_influence: 0.40685415390079460, penalty_k: 0.15908821659815459, scale_lr: 0.77690683031862706, EAO: 0.260
Trial 1889 finished with value: 0.2597224052117123 and parameters: {'window_influence': 0.4068541539007946, 'penalty_k': 0.15908821659815459, 'scale_lr': 0.7769068303186271}. Best is trial 1594 with value: 0.29992623191054274.
checkpoint_e32 window_influence: 0.36212809382250077, penalty_k: 0.17474326274545857, scale_lr: 0.37455784596189001, EAO: 0.268
Trial 1890 finished with value: 0.26755750651766613 and parameters: {'window_influence': 0.3621280938225008, 'penalty_k': 0.17474326274545857, 'scale_lr': 0.37455784596189}. Best is trial 1594 with value: 0.29992623191054274.
checkpoint_e32 window_influence: 0.51447487164006722, penalty_k: 0.07152604350261817, scale_lr: 0.50967293518481527, EAO: 0.256
Trial 1891 finished with value: 0.2564580995377486 and parameters: {'window_influence': 0.5144748716400672, 'penalty_k': 0.07152604350261817, 'scale_lr': 0.5096729351848153}. Best is trial 1594 with value: 0.29992623191054274.
checkpoint_e32 window_influence: 0.41971055734329571, penalty_k: 0.02730906940171682, scale_lr: 0.56371148182827802, EAO: 0.262
Trial 1892 finished with value: 0.2622969891966843 and parameters: {'window_influence': 0.4197105573432957, 'penalty_k': 0.027309069401716825, 'scale_lr': 0.563711481828278}. Best is trial 1594 with value: 0.29992623191054274.
checkpoint_e32 window_influence: 0.44355642677788837, penalty_k: 0.08590548274066681, scale_lr: 0.13318419077279073, EAO: 0.273
Trial 1893 finished with value: 0.27274024498656513 and parameters: {'window_influence': 0.44355642677788837, 'penalty_k': 0.08590548274066681, 'scale_lr': 0.13318419077279073}. Best is trial 1594 with value: 0.29992623191054274.
checkpoint_e32 window_influence: 0.39775133445267835, penalty_k: 0.14390925082894887, scale_lr: 0.11296070943623576, EAO: 0.275
Trial 1894 finished with value: 0.27528736861498376 and parameters: {'window_influence': 0.39775133445267835, 'penalty_k': 0.14390925082894887, 'scale_lr': 0.11296070943623576}. Best is trial 1594 with value: 0.29992623191054274.
checkpoint_e32 window_influence: 0.26901179148619125, penalty_k: 0.11238760121788854, scale_lr: 0.15755922696792588, EAO: 0.259
Trial 1895 finished with value: 0.2585837170481682 and parameters: {'window_influence': 0.26901179148619125, 'penalty_k': 0.11238760121788854, 'scale_lr': 0.15755922696792588}. Best is trial 1594 with value: 0.29992623191054274.
checkpoint_e32 window_influence: 0.37821099282533321, penalty_k: 0.09679158344533398, scale_lr: 0.17185874514052912, EAO: 0.268
Trial 1896 finished with value: 0.26836464384464714 and parameters: {'window_influence': 0.3782109928253332, 'penalty_k': 0.09679158344533398, 'scale_lr': 0.17185874514052912}. Best is trial 1594 with value: 0.29992623191054274.
checkpoint_e32 window_influence: 0.41801058233274646, penalty_k: 0.12163658884161777, scale_lr: 0.12341365197349347, EAO: 0.272
Trial 1897 finished with value: 0.27185487704790706 and parameters: {'window_influence': 0.41801058233274646, 'penalty_k': 0.12163658884161777, 'scale_lr': 0.12341365197349347}. Best is trial 1594 with value: 0.29992623191054274.
checkpoint_e32 window_influence: 0.43289596908496841, penalty_k: 0.20106312385321604, scale_lr: 0.14324166731400062, EAO: 0.260
Trial 1898 finished with value: 0.260461547752706 and parameters: {'window_influence': 0.4328959690849684, 'penalty_k': 0.20106312385321604, 'scale_lr': 0.14324166731400062}. Best is trial 1594 with value: 0.29992623191054274.
checkpoint_e32 window_influence: 0.12420704412256284, penalty_k: 0.25501730943781076, scale_lr: 0.11092707976249902, EAO: 0.248
Trial 1899 finished with value: 0.24777757176538792 and parameters: {'window_influence': 0.12420704412256284, 'penalty_k': 0.25501730943781076, 'scale_lr': 0.11092707976249902}. Best is trial 1594 with value: 0.29992623191054274.
checkpoint_e32 window_influence: 0.45367033042656701, penalty_k: 0.04634893151992543, scale_lr: 0.23808062832813981, EAO: 0.266
Trial 1900 finished with value: 0.26632072546375474 and parameters: {'window_influence': 0.453670330426567, 'penalty_k': 0.04634893151992543, 'scale_lr': 0.2380806283281398}. Best is trial 1594 with value: 0.29992623191054274.
checkpoint_e32 window_influence: 0.40699544788505926, penalty_k: 0.15612130951783232, scale_lr: 0.10015446148359118, EAO: 0.270
Trial 1901 finished with value: 0.2704565718891175 and parameters: {'window_influence': 0.40699544788505926, 'penalty_k': 0.15612130951783232, 'scale_lr': 0.10015446148359118}. Best is trial 1594 with value: 0.29992623191054274.
checkpoint_e32 window_influence: 0.38982025926807373, penalty_k: 0.06015516653475293, scale_lr: 0.12837282701517341, EAO: 0.263
Trial 1902 finished with value: 0.2629001354420088 and parameters: {'window_influence': 0.38982025926807373, 'penalty_k': 0.06015516653475293, 'scale_lr': 0.1283728270151734}. Best is trial 1594 with value: 0.29992623191054274.
checkpoint_e32 window_influence: 0.63211512628433042, penalty_k: 0.01601632369454492, scale_lr: 0.26227577399876867, EAO: 0.221
Trial 1903 finished with value: 0.22061326203307485 and parameters: {'window_influence': 0.6321151262843304, 'penalty_k': 0.01601632369454492, 'scale_lr': 0.26227577399876867}. Best is trial 1594 with value: 0.29992623191054274.
checkpoint_e32 window_influence: 0.35381910343874573, penalty_k: 0.22711006938558020, scale_lr: 0.29522307036044115, EAO: 0.267
Trial 1904 finished with value: 0.2668871050927697 and parameters: {'window_influence': 0.35381910343874573, 'penalty_k': 0.2271100693855802, 'scale_lr': 0.29522307036044115}. Best is trial 1594 with value: 0.29992623191054274.
checkpoint_e32 window_influence: 0.37195238428067856, penalty_k: 0.18634748250410904, scale_lr: 0.18813624946681118, EAO: 0.265
Trial 1905 finished with value: 0.2654447142428499 and parameters: {'window_influence': 0.37195238428067856, 'penalty_k': 0.18634748250410904, 'scale_lr': 0.18813624946681118}. Best is trial 1594 with value: 0.29992623191054274.
checkpoint_e32 window_influence: 0.46899068705724078, penalty_k: 0.00011200445077455, scale_lr: 0.40890179855906073, EAO: 0.260
Trial 1906 finished with value: 0.260045396906089 and parameters: {'window_influence': 0.4689906870572408, 'penalty_k': 0.00011200445077455198, 'scale_lr': 0.4089017985590607}. Best is trial 1594 with value: 0.29992623191054274.
checkpoint_e32 window_influence: 0.42603442246900691, penalty_k: 0.13351210860391619, scale_lr: 0.70174467967288701, EAO: 0.262
