Trial 238 finished with value: 0.2593983792192568 and parameters: {'window_influence': 0.42944471941017864, 'penalty_k': 0.39146831737194787, 'scale_lr': 0.6432393802651791}. Best is trial 212 with value: 0.2844979555868521.
checkpoint_e32 window_influence: 0.44858312873103645, penalty_k: 0.29797016194200171, scale_lr: 0.61203012439068349, EAO: 0.261
Trial 239 finished with value: 0.26116663047937844 and parameters: {'window_influence': 0.44858312873103645, 'penalty_k': 0.2979701619420017, 'scale_lr': 0.6120301243906835}. Best is trial 212 with value: 0.2844979555868521.
checkpoint_e32 window_influence: 0.38455657794510684, penalty_k: 0.43365431445510533, scale_lr: 0.58036362102391315, EAO: 0.253
Trial 240 finished with value: 0.2526572233414262 and parameters: {'window_influence': 0.38455657794510684, 'penalty_k': 0.4336543144551053, 'scale_lr': 0.5803636210239131}. Best is trial 212 with value: 0.2844979555868521.
checkpoint_e32 window_influence: 0.43814419246480657, penalty_k: 0.24875432627003397, scale_lr: 0.63304960277494848, EAO: 0.257
Trial 241 finished with value: 0.2568997033243257 and parameters: {'window_influence': 0.43814419246480657, 'penalty_k': 0.24875432627003397, 'scale_lr': 0.6330496027749485}. Best is trial 212 with value: 0.2844979555868521.
checkpoint_e32 window_influence: 0.42333735110261683, penalty_k: 0.01006540226945040, scale_lr: 0.64504914144272585, EAO: 0.264
Trial 242 finished with value: 0.26356414342071954 and parameters: {'window_influence': 0.42333735110261683, 'penalty_k': 0.010065402269450397, 'scale_lr': 0.6450491414427258}. Best is trial 212 with value: 0.2844979555868521.
checkpoint_e32 window_influence: 0.40794170733669510, penalty_k: 0.02402233889093081, scale_lr: 0.15878358965138645, EAO: 0.258
Trial 243 finished with value: 0.25826495177135234 and parameters: {'window_influence': 0.4079417073366951, 'penalty_k': 0.024022338890930812, 'scale_lr': 0.15878358965138645}. Best is trial 212 with value: 0.2844979555868521.
checkpoint_e32 window_influence: 0.44468408703744516, penalty_k: 0.01306910994340740, scale_lr: 0.77905487094109072, EAO: 0.267
Trial 244 finished with value: 0.2666119407953286 and parameters: {'window_influence': 0.44468408703744516, 'penalty_k': 0.013069109943407401, 'scale_lr': 0.7790548709410907}. Best is trial 212 with value: 0.2844979555868521.
checkpoint_e32 window_influence: 0.25218965994099685, penalty_k: 0.49304245933329427, scale_lr: 0.65679308510393652, EAO: 0.254
Trial 245 finished with value: 0.2543210237006831 and parameters: {'window_influence': 0.25218965994099685, 'penalty_k': 0.49304245933329427, 'scale_lr': 0.6567930851039365}. Best is trial 212 with value: 0.2844979555868521.
checkpoint_e32 window_influence: 0.39842675832056029, penalty_k: 0.00078206350887259, scale_lr: 0.62985286510162786, EAO: 0.265
Trial 246 finished with value: 0.2653682918810263 and parameters: {'window_influence': 0.3984267583205603, 'penalty_k': 0.0007820635088725894, 'scale_lr': 0.6298528651016279}. Best is trial 212 with value: 0.2844979555868521.
checkpoint_e32 window_influence: 0.43096080681319177, penalty_k: 0.17688553506859311, scale_lr: 0.71902029482832819, EAO: 0.260
Trial 247 finished with value: 0.259516147518061 and parameters: {'window_influence': 0.43096080681319177, 'penalty_k': 0.1768855350685931, 'scale_lr': 0.7190202948283282}. Best is trial 212 with value: 0.2844979555868521.
checkpoint_e32 window_influence: 0.41622677639320899, penalty_k: 0.02956865759814579, scale_lr: 0.60353680030557311, EAO: 0.266
Trial 248 finished with value: 0.26561790383685896 and parameters: {'window_influence': 0.416226776393209, 'penalty_k': 0.029568657598145788, 'scale_lr': 0.6035368003055731}. Best is trial 212 with value: 0.2844979555868521.
checkpoint_e32 window_influence: 0.22964846437022945, penalty_k: 0.50390419200224601, scale_lr: 0.66330985874124782, EAO: 0.250
Trial 249 finished with value: 0.25041007050653785 and parameters: {'window_influence': 0.22964846437022945, 'penalty_k': 0.503904192002246, 'scale_lr': 0.6633098587412478}. Best is trial 212 with value: 0.2844979555868521.
checkpoint_e32 window_influence: 0.37882430251291094, penalty_k: 0.42023391342638788, scale_lr: 0.64121006688611659, EAO: 0.266
Trial 250 finished with value: 0.26614260879473955 and parameters: {'window_influence': 0.37882430251291094, 'penalty_k': 0.4202339134263879, 'scale_lr': 0.6412100668861166}. Best is trial 212 with value: 0.2844979555868521.
checkpoint_e32 window_influence: 0.26627666881856810, penalty_k: 0.45429381152973625, scale_lr: 0.52683750606051327, EAO: 0.254
Trial 251 finished with value: 0.25428057988969294 and parameters: {'window_influence': 0.2662766688185681, 'penalty_k': 0.45429381152973625, 'scale_lr': 0.5268375060605133}. Best is trial 212 with value: 0.2844979555868521.
checkpoint_e32 window_influence: 0.46030600861985932, penalty_k: 0.02147668279991771, scale_lr: 0.61843834394121566, EAO: 0.272
Trial 252 finished with value: 0.2715806606702688 and parameters: {'window_influence': 0.4603060086198593, 'penalty_k': 0.021476682799917705, 'scale_lr': 0.6184383439412157}. Best is trial 212 with value: 0.2844979555868521.
checkpoint_e32 window_influence: 0.38903937456499471, penalty_k: 0.04808488908009587, scale_lr: 0.61973514278717301, EAO: 0.264
Trial 253 finished with value: 0.2635566019188098 and parameters: {'window_influence': 0.3890393745649947, 'penalty_k': 0.048084889080095866, 'scale_lr': 0.619735142787173}. Best is trial 212 with value: 0.2844979555868521.
checkpoint_e32 window_influence: 0.46830927266039740, penalty_k: 0.03236148118079001, scale_lr: 0.59288138836334692, EAO: 0.266
Trial 254 finished with value: 0.26579543293976204 and parameters: {'window_influence': 0.4683092726603974, 'penalty_k': 0.03236148118079001, 'scale_lr': 0.5928813883633469}. Best is trial 212 with value: 0.2844979555868521.
checkpoint_e32 window_influence: 0.46158698270764120, penalty_k: 0.35975135739259056, scale_lr: 0.60133312600808719, EAO: 0.256
Trial 255 finished with value: 0.2559672929649431 and parameters: {'window_influence': 0.4615869827076412, 'penalty_k': 0.35975135739259056, 'scale_lr': 0.6013331260080872}. Best is trial 212 with value: 0.2844979555868521.
checkpoint_e32 window_influence: 0.40352930366200934, penalty_k: 0.02291586843487209, scale_lr: 0.61825812194300422, EAO: 0.266
Trial 256 finished with value: 0.2660128383374796 and parameters: {'window_influence': 0.40352930366200934, 'penalty_k': 0.022915868434872085, 'scale_lr': 0.6182581219430042}. Best is trial 212 with value: 0.2844979555868521.
checkpoint_e32 window_influence: 0.22094254113230860, penalty_k: 0.46511322697562368, scale_lr: 0.57976190536397076, EAO: 0.246
Trial 257 finished with value: 0.2456680942720514 and parameters: {'window_influence': 0.2209425411323086, 'penalty_k': 0.4651132269756237, 'scale_lr': 0.5797619053639708}. Best is trial 212 with value: 0.2844979555868521.
checkpoint_e32 window_influence: 0.45224108990959233, penalty_k: 0.04405257927070939, scale_lr: 0.76840540416113823, EAO: 0.278
Trial 258 finished with value: 0.2778139611085256 and parameters: {'window_influence': 0.45224108990959233, 'penalty_k': 0.044052579270709394, 'scale_lr': 0.7684054041611382}. Best is trial 212 with value: 0.2844979555868521.
checkpoint_e32 window_influence: 0.41578510712809469, penalty_k: 0.07012314205241033, scale_lr: 0.76901946602264915, EAO: 0.256
Trial 259 finished with value: 0.25642021630353073 and parameters: {'window_influence': 0.4157851071280947, 'penalty_k': 0.07012314205241033, 'scale_lr': 0.7690194660226491}. Best is trial 212 with value: 0.2844979555868521.
checkpoint_e32 window_influence: 0.37364114436707241, penalty_k: 0.04454725056897317, scale_lr: 0.74991488564138298, EAO: 0.267
Trial 260 finished with value: 0.26723783663133294 and parameters: {'window_influence': 0.3736411443670724, 'penalty_k': 0.04454725056897317, 'scale_lr': 0.749914885641383}. Best is trial 212 with value: 0.2844979555868521.
checkpoint_e32 window_influence: 0.44421650254636164, penalty_k: 0.05835079920265517, scale_lr: 0.77241792826061195, EAO: 0.267
Trial 261 finished with value: 0.26693460914662215 and parameters: {'window_influence': 0.44421650254636164, 'penalty_k': 0.058350799202655165, 'scale_lr': 0.772417928260612}. Best is trial 212 with value: 0.2844979555868521.
checkpoint_e32 window_influence: 0.28023026705130399, penalty_k: 0.40942673697841120, scale_lr: 0.73917782668398924, EAO: 0.265
Trial 262 finished with value: 0.26493051605738277 and parameters: {'window_influence': 0.280230267051304, 'penalty_k': 0.4094267369784112, 'scale_lr': 0.7391778266839892}. Best is trial 212 with value: 0.2844979555868521.
checkpoint_e32 window_influence: 0.39338695453733530, penalty_k: 0.13106827713311139, scale_lr: 0.26251591616770820, EAO: 0.263
Trial 263 finished with value: 0.26306832103225275 and parameters: {'window_influence': 0.3933869545373353, 'penalty_k': 0.1310682771331114, 'scale_lr': 0.2625159161677082}. Best is trial 212 with value: 0.2844979555868521.
checkpoint_e32 window_influence: 0.42865311937086342, penalty_k: 0.09949383126831302, scale_lr: 0.78389776831525504, EAO: 0.260
Trial 264 finished with value: 0.2599540203204 and parameters: {'window_influence': 0.4286531193708634, 'penalty_k': 0.09949383126831302, 'scale_lr': 0.783897768315255}. Best is trial 212 with value: 0.2844979555868521.
checkpoint_e32 window_influence: 0.62931579098878676, penalty_k: 0.03530544029578462, scale_lr: 0.76286642860476783, EAO: 0.214
Trial 265 finished with value: 0.21445706341324783 and parameters: {'window_influence': 0.6293157909887868, 'penalty_k': 0.03530544029578462, 'scale_lr': 0.7628664286047678}. Best is trial 212 with value: 0.2844979555868521.
checkpoint_e32 window_influence: 0.40942540791839271, penalty_k: 0.44048522665677048, scale_lr: 0.68429542836617818, EAO: 0.258
Trial 266 finished with value: 0.25751837742764777 and parameters: {'window_influence': 0.4094254079183927, 'penalty_k': 0.4404852266567705, 'scale_lr': 0.6842954283661782}. Best is trial 212 with value: 0.2844979555868521.
checkpoint_e32 window_influence: 0.39881760508085345, penalty_k: 0.33407899318715822, scale_lr: 0.73143086373868904, EAO: 0.269
Trial 267 finished with value: 0.2689769746569114 and parameters: {'window_influence': 0.39881760508085345, 'penalty_k': 0.3340789931871582, 'scale_lr': 0.731430863738689}. Best is trial 212 with value: 0.2844979555868521.
checkpoint_e32 window_influence: 0.42469949414806218, penalty_k: 0.27153176222083930, scale_lr: 0.65073099409138879, EAO: 0.253
Trial 268 finished with value: 0.2529468508512993 and parameters: {'window_influence': 0.4246994941480622, 'penalty_k': 0.2715317622208393, 'scale_lr': 0.6507309940913888}. Best is trial 212 with value: 0.2844979555868521.
checkpoint_e32 window_influence: 0.06178054224775226, penalty_k: 0.34487932557953827, scale_lr: 0.79306407240635401, EAO: 0.236
Trial 269 finished with value: 0.23566224771301922 and parameters: {'window_influence': 0.06178054224775226, 'penalty_k': 0.34487932557953827, 'scale_lr': 0.793064072406354}. Best is trial 212 with value: 0.2844979555868521.
checkpoint_e32 window_influence: 0.24673566070215103, penalty_k: 0.01123328685209322, scale_lr: 0.55876116177001023, EAO: 0.265
Trial 270 finished with value: 0.26484892293205103 and parameters: {'window_influence': 0.24673566070215103, 'penalty_k': 0.01123328685209322, 'scale_lr': 0.5587611617700102}. Best is trial 212 with value: 0.2844979555868521.
checkpoint_e32 window_influence: 0.37783595984370560, penalty_k: 0.38527187890906778, scale_lr: 0.67061652868868094, EAO: 0.258
Trial 271 finished with value: 0.25758175030956426 and parameters: {'window_influence': 0.3778359598437056, 'penalty_k': 0.3852718789090678, 'scale_lr': 0.6706165286886809}. Best is trial 212 with value: 0.2844979555868521.
checkpoint_e32 window_influence: 0.44124061255359143, penalty_k: 0.22504603491987774, scale_lr: 0.71208206631346860, EAO: 0.254
Trial 272 finished with value: 0.253994920752882 and parameters: {'window_influence': 0.4412406125535914, 'penalty_k': 0.22504603491987774, 'scale_lr': 0.7120820663134686}. Best is trial 212 with value: 0.2844979555868521.
checkpoint_e32 window_influence: 0.45455833101468324, penalty_k: 0.48038111638531655, scale_lr: 0.63095693878002612, EAO: 0.265
Trial 273 finished with value: 0.26484084710842226 and parameters: {'window_influence': 0.45455833101468324, 'penalty_k': 0.48038111638531655, 'scale_lr': 0.6309569387800261}. Best is trial 212 with value: 0.2844979555868521.
checkpoint_e32 window_influence: 0.20696952284476636, penalty_k: 0.04232371645384822, scale_lr: 0.57123569716148326, EAO: 0.253
Trial 274 finished with value: 0.2525929960051203 and parameters: {'window_influence': 0.20696952284476636, 'penalty_k': 0.04232371645384822, 'scale_lr': 0.5712356971614833}. Best is trial 212 with value: 0.2844979555868521.
checkpoint_e32 window_influence: 0.35855966368196851, penalty_k: 0.14704241975075505, scale_lr: 0.60159402172847321, EAO: 0.263
Trial 275 finished with value: 0.2630146470496325 and parameters: {'window_influence': 0.3585596636819685, 'penalty_k': 0.14704241975075505, 'scale_lr': 0.6015940217284732}. Best is trial 212 with value: 0.2844979555868521.
checkpoint_e32 window_influence: 0.41442635086917068, penalty_k: 0.32576585204035485, scale_lr: 0.51178139001994871, EAO: 0.258
Trial 276 finished with value: 0.2578633678395574 and parameters: {'window_influence': 0.4144263508691707, 'penalty_k': 0.32576585204035485, 'scale_lr': 0.5117813900199487}. Best is trial 212 with value: 0.2844979555868521.
checkpoint_e32 window_influence: 0.26300084585750250, penalty_k: 0.28972379225015377, scale_lr: 0.64512447796750738, EAO: 0.261
Trial 277 finished with value: 0.2611890206249749 and parameters: {'window_influence': 0.2630008458575025, 'penalty_k': 0.28972379225015377, 'scale_lr': 0.6451244779675074}. Best is trial 212 with value: 0.2844979555868521.
checkpoint_e32 window_influence: 0.39326550580418301, penalty_k: 0.02058858263012304, scale_lr: 0.69848928588955472, EAO: 0.276
Trial 278 finished with value: 0.27566192129520867 and parameters: {'window_influence': 0.393265505804183, 'penalty_k': 0.02058858263012304, 'scale_lr': 0.6984892858895547}. Best is trial 212 with value: 0.2844979555868521.
checkpoint_e32 window_influence: 0.38954845972157381, penalty_k: 0.42935932494399925, scale_lr: 0.69850702401998410, EAO: 0.255
Trial 279 finished with value: 0.25547551914928407 and parameters: {'window_influence': 0.3895484597215738, 'penalty_k': 0.42935932494399925, 'scale_lr': 0.6985070240199841}. Best is trial 212 with value: 0.2844979555868521.
checkpoint_e32 window_influence: 0.37096460262764208, penalty_k: 0.02787339703304201, scale_lr: 0.10127098225252573, EAO: 0.274
Trial 280 finished with value: 0.27388008235673594 and parameters: {'window_influence': 0.3709646026276421, 'penalty_k': 0.027873397033042008, 'scale_lr': 0.10127098225252573}. Best is trial 212 with value: 0.2844979555868521.
checkpoint_e32 window_influence: 0.36395611186194421, penalty_k: 0.02332143712560406, scale_lr: 0.48920729069022262, EAO: 0.263
Trial 281 finished with value: 0.2629583760247967 and parameters: {'window_influence': 0.3639561118619442, 'penalty_k': 0.023321437125604055, 'scale_lr': 0.4892072906902226}. Best is trial 212 with value: 0.2844979555868521.
checkpoint_e32 window_influence: 0.38250625310376279, penalty_k: 0.03004696199721824, scale_lr: 0.34232247958235817, EAO: 0.250
Trial 282 finished with value: 0.2498777028990955 and parameters: {'window_influence': 0.3825062531037628, 'penalty_k': 0.030046961997218236, 'scale_lr': 0.3423224795823582}. Best is trial 212 with value: 0.2844979555868521.
checkpoint_e32 window_influence: 0.37123811645688293, penalty_k: 0.00003941408971993, scale_lr: 0.71664877127889193, EAO: 0.265
Trial 283 finished with value: 0.26489197602116965 and parameters: {'window_influence': 0.3712381164568829, 'penalty_k': 3.9414089719927436e-05, 'scale_lr': 0.7166487712788919}. Best is trial 212 with value: 0.2844979555868521.
checkpoint_e32 window_influence: 0.35473248108756222, penalty_k: 0.39838955859122144, scale_lr: 0.74942953075261243, EAO: 0.255
Trial 284 finished with value: 0.2553225990112235 and parameters: {'window_influence': 0.3547324810875622, 'penalty_k': 0.39838955859122144, 'scale_lr': 0.7494295307526124}. Best is trial 212 with value: 0.2844979555868521.
checkpoint_e32 window_influence: 0.39414418175301019, penalty_k: 0.31081097557798720, scale_lr: 0.11587402819617065, EAO: 0.269
Trial 285 finished with value: 0.2686788024819963 and parameters: {'window_influence': 0.3941441817530102, 'penalty_k': 0.3108109755779872, 'scale_lr': 0.11587402819617065}. Best is trial 212 with value: 0.2844979555868521.
checkpoint_e32 window_influence: 0.38234675961308240, penalty_k: 0.37257163409000738, scale_lr: 0.29236943876723942, EAO: 0.267
Trial 286 finished with value: 0.26722963263348837 and parameters: {'window_influence': 0.3823467596130824, 'penalty_k': 0.3725716340900074, 'scale_lr': 0.2923694387672394}. Best is trial 212 with value: 0.2844979555868521.
checkpoint_e32 window_influence: 0.40330480360969706, penalty_k: 0.01759080128171879, scale_lr: 0.42924861077664217, EAO: 0.266
Trial 287 finished with value: 0.2659194419175629 and parameters: {'window_influence': 0.40330480360969706, 'penalty_k': 0.017590801281718794, 'scale_lr': 0.42924861077664217}. Best is trial 212 with value: 0.2844979555868521.
checkpoint_e32 window_influence: 0.34132830497831584, penalty_k: 0.41627898668299673, scale_lr: 0.49674683160259642, EAO: 0.269
Trial 288 finished with value: 0.26912153397149186 and parameters: {'window_influence': 0.34132830497831584, 'penalty_k': 0.41627898668299673, 'scale_lr': 0.4967468316025964}. Best is trial 212 with value: 0.2844979555868521.
checkpoint_e32 window_influence: 0.58371107758576457, penalty_k: 0.51948945801089996, scale_lr: 0.20227194427955986, EAO: 0.221
Trial 289 finished with value: 0.22090280086286668 and parameters: {'window_influence': 0.5837110775857646, 'penalty_k': 0.5194894580109, 'scale_lr': 0.20227194427955986}. Best is trial 212 with value: 0.2844979555868521.
checkpoint_e32 window_influence: 0.37177709372035478, penalty_k: 0.45645592829321757, scale_lr: 0.17469671539985460, EAO: 0.249
Trial 290 finished with value: 0.2485422236405737 and parameters: {'window_influence': 0.3717770937203548, 'penalty_k': 0.45645592829321757, 'scale_lr': 0.1746967153998546}. Best is trial 212 with value: 0.2844979555868521.
checkpoint_e32 window_influence: 0.22206006284223076, penalty_k: 0.19563080234068581, scale_lr: 0.68127756947661355, EAO: 0.261
Trial 291 finished with value: 0.26102752741274793 and parameters: {'window_influence': 0.22206006284223076, 'penalty_k': 0.1956308023406858, 'scale_lr': 0.6812775694766136}. Best is trial 212 with value: 0.2844979555868521.
checkpoint_e32 window_influence: 0.39031951461613246, penalty_k: 0.03482643747243784, scale_lr: 0.10198247169785293, EAO: 0.270
Trial 292 finished with value: 0.26999314807779423 and parameters: {'window_influence': 0.39031951461613246, 'penalty_k': 0.03482643747243784, 'scale_lr': 0.10198247169785293}. Best is trial 212 with value: 0.2844979555868521.
checkpoint_e32 window_influence: 0.23542777531854756, penalty_k: 0.01045645452654585, scale_lr: 0.21434965573902409, EAO: 0.249
Trial 293 finished with value: 0.2494289605476992 and parameters: {'window_influence': 0.23542777531854756, 'penalty_k': 0.010456454526545849, 'scale_lr': 0.2143496557390241}. Best is trial 212 with value: 0.2844979555868521.
checkpoint_e32 window_influence: 0.32843604924322867, penalty_k: 0.05916671957259911, scale_lr: 0.38199279032534561, EAO: 0.255
Trial 294 finished with value: 0.2553100098923939 and parameters: {'window_influence': 0.32843604924322867, 'penalty_k': 0.059166719572599114, 'scale_lr': 0.3819927903253456}. Best is trial 212 with value: 0.2844979555868521.
checkpoint_e32 window_influence: 0.40878669587702260, penalty_k: 0.47996519635122137, scale_lr: 0.47054545919153473, EAO: 0.265
Trial 295 finished with value: 0.26502411412756616 and parameters: {'window_influence': 0.4087866958770226, 'penalty_k': 0.47996519635122137, 'scale_lr': 0.47054545919153473}. Best is trial 212 with value: 0.2844979555868521.
checkpoint_e32 window_influence: 0.36306778616511859, penalty_k: 0.02041702619914396, scale_lr: 0.72592567101248529, EAO: 0.256
Trial 296 finished with value: 0.2563218561008694 and parameters: {'window_influence': 0.3630677861651186, 'penalty_k': 0.020417026199143963, 'scale_lr': 0.7259256710124853}. Best is trial 212 with value: 0.2844979555868521.
checkpoint_e32 window_influence: 0.40199146183500584, penalty_k: 0.44417073566349657, scale_lr: 0.69777674765649178, EAO: 0.265
Trial 297 finished with value: 0.26526579466777117 and parameters: {'window_influence': 0.40199146183500584, 'penalty_k': 0.4441707356634966, 'scale_lr': 0.6977767476564918}. Best is trial 212 with value: 0.2844979555868521.
checkpoint_e32 window_influence: 0.34737340252937710, penalty_k: 0.14381975859928509, scale_lr: 0.66418451594817984, EAO: 0.266
Trial 298 finished with value: 0.26556467386038324 and parameters: {'window_influence': 0.3473734025293771, 'penalty_k': 0.14381975859928509, 'scale_lr': 0.6641845159481798}. Best is trial 212 with value: 0.2844979555868521.
checkpoint_e32 window_influence: 0.38167030303177951, penalty_k: 0.03079419519606907, scale_lr: 0.43418010089908088, EAO: 0.266
Trial 299 finished with value: 0.2655345915657718 and parameters: {'window_influence': 0.3816703030317795, 'penalty_k': 0.03079419519606907, 'scale_lr': 0.4341801008990809}. Best is trial 212 with value: 0.2844979555868521.
checkpoint_e32 window_influence: 0.27450872669132553, penalty_k: 0.00982067239947521, scale_lr: 0.65592380858653732, EAO: 0.270
