Trial 213 finished with value: 0.2636988504025025 and parameters: {'window_influence': 0.3683375220631812, 'penalty_k': 0.07471385065898116, 'scale_lr': 0.3752034168888482}. Best is trial 90 with value: 0.28226814400858996.
checkpoint_e16 window_influence: 0.41007327720505771, penalty_k: 0.02353735876850610, scale_lr: 0.42997362030208014, EAO: 0.262
Trial 209 finished with value: 0.26196230790479397 and parameters: {'window_influence': 0.4100732772050577, 'penalty_k': 0.0235373587685061, 'scale_lr': 0.42997362030208014}. Best is trial 111 with value: 0.27549627247622344.
checkpoint_e16 window_influence: 0.42153751362537123, penalty_k: 0.00114695402813247, scale_lr: 0.45541851572679976, EAO: 0.266
Trial 197 finished with value: 0.26581355069226364 and parameters: {'window_influence': 0.42153751362537123, 'penalty_k': 0.0011469540281324679, 'scale_lr': 0.45541851572679976}. Best is trial 184 with value: 0.2793023090779297.
checkpoint_e16 window_influence: 0.38628415776292108, penalty_k: 0.06329112952040455, scale_lr: 0.35661601794814285, EAO: 0.268
Trial 214 finished with value: 0.2682691948806367 and parameters: {'window_influence': 0.3862841577629211, 'penalty_k': 0.06329112952040455, 'scale_lr': 0.35661601794814285}. Best is trial 90 with value: 0.28226814400858996.
checkpoint_e16 window_influence: 0.42828734646051630, penalty_k: 0.13684223128420919, scale_lr: 0.36320845655117850, EAO: 0.239
Trial 210 finished with value: 0.23919581888410135 and parameters: {'window_influence': 0.4282873464605163, 'penalty_k': 0.1368422312842092, 'scale_lr': 0.3632084565511785}. Best is trial 111 with value: 0.27549627247622344.
checkpoint_e16 window_influence: 0.45724079465528983, penalty_k: 0.02174723918088259, scale_lr: 0.48305697084874094, EAO: 0.263
Trial 198 finished with value: 0.26343168342501166 and parameters: {'window_influence': 0.45724079465528983, 'penalty_k': 0.021747239180882588, 'scale_lr': 0.48305697084874094}. Best is trial 184 with value: 0.2793023090779297.
checkpoint_e16 window_influence: 0.39045803218410741, penalty_k: 0.04282183811114022, scale_lr: 0.34335521856421930, EAO: 0.261
Trial 215 finished with value: 0.2605571606294896 and parameters: {'window_influence': 0.3904580321841074, 'penalty_k': 0.04282183811114022, 'scale_lr': 0.3433552185642193}. Best is trial 90 with value: 0.28226814400858996.
checkpoint_e16 window_influence: 0.38835482604204319, penalty_k: 0.04136506280419040, scale_lr: 0.38127903001417640, EAO: 0.266
Trial 211 finished with value: 0.2655351689554811 and parameters: {'window_influence': 0.3883548260420432, 'penalty_k': 0.0413650628041904, 'scale_lr': 0.3812790300141764}. Best is trial 111 with value: 0.27549627247622344.
checkpoint_e16 window_influence: 0.40194550408308272, penalty_k: 0.41598373092841118, scale_lr: 0.47136508789101678, EAO: 0.246
Trial 199 finished with value: 0.24590534092934152 and parameters: {'window_influence': 0.4019455040830827, 'penalty_k': 0.4159837309284112, 'scale_lr': 0.4713650878910168}. Best is trial 184 with value: 0.2793023090779297.
checkpoint_e16 window_influence: 0.37642652856863607, penalty_k: 0.08824254596990047, scale_lr: 0.36827122203332258, EAO: 0.275
Trial 216 finished with value: 0.27510337464935414 and parameters: {'window_influence': 0.37642652856863607, 'penalty_k': 0.08824254596990047, 'scale_lr': 0.3682712220333226}. Best is trial 90 with value: 0.28226814400858996.
checkpoint_e16 window_influence: 0.39346340034886051, penalty_k: 0.03925344134907675, scale_lr: 0.34215056833436686, EAO: 0.255
Trial 212 finished with value: 0.25544358365904024 and parameters: {'window_influence': 0.3934634003488605, 'penalty_k': 0.039253441349076754, 'scale_lr': 0.34215056833436686}. Best is trial 111 with value: 0.27549627247622344.
checkpoint_e16 window_influence: 0.46860463707385280, penalty_k: 0.04068650523495242, scale_lr: 0.50198912707847043, EAO: 0.259
Trial 200 finished with value: 0.25890498105588 and parameters: {'window_influence': 0.4686046370738528, 'penalty_k': 0.040686505234952416, 'scale_lr': 0.5019891270784704}. Best is trial 184 with value: 0.2793023090779297.
checkpoint_e16 window_influence: 0.40861452310020530, penalty_k: 0.08720983501252358, scale_lr: 0.36633539105339258, EAO: 0.254
Trial 217 finished with value: 0.25390283496883825 and parameters: {'window_influence': 0.4086145231002053, 'penalty_k': 0.08720983501252358, 'scale_lr': 0.3663353910533926}. Best is trial 90 with value: 0.28226814400858996.
checkpoint_e16 window_influence: 0.38335938513578238, penalty_k: 0.06314522946197032, scale_lr: 0.40148880974315093, EAO: 0.268
Trial 213 finished with value: 0.26844675112061384 and parameters: {'window_influence': 0.3833593851357824, 'penalty_k': 0.06314522946197032, 'scale_lr': 0.40148880974315093}. Best is trial 111 with value: 0.27549627247622344.
checkpoint_e16 window_influence: 0.37854786358217657, penalty_k: 0.05269465771809560, scale_lr: 0.34863465673928373, EAO: 0.273
Trial 218 finished with value: 0.2728688547281715 and parameters: {'window_influence': 0.37854786358217657, 'penalty_k': 0.0526946577180956, 'scale_lr': 0.34863465673928373}. Best is trial 90 with value: 0.28226814400858996.
checkpoint_e16 window_influence: 0.44242436852367950, penalty_k: 0.01196380563301008, scale_lr: 0.51307613996721935, EAO: 0.270
Trial 201 finished with value: 0.26963412210466414 and parameters: {'window_influence': 0.4424243685236795, 'penalty_k': 0.011963805633010085, 'scale_lr': 0.5130761399672193}. Best is trial 184 with value: 0.2793023090779297.
checkpoint_e16 window_influence: 0.38833513319664392, penalty_k: 0.08787997280438190, scale_lr: 0.40176835446553411, EAO: 0.262
Trial 214 finished with value: 0.26240898905003945 and parameters: {'window_influence': 0.3883351331966439, 'penalty_k': 0.0878799728043819, 'scale_lr': 0.4017683544655341}. Best is trial 111 with value: 0.27549627247622344.
checkpoint_e16 window_influence: 0.37560180689627526, penalty_k: 0.05361611458096698, scale_lr: 0.32903157525660587, EAO: 0.270
Trial 219 finished with value: 0.27026978238084454 and parameters: {'window_influence': 0.37560180689627526, 'penalty_k': 0.053616114580966975, 'scale_lr': 0.32903157525660587}. Best is trial 90 with value: 0.28226814400858996.
checkpoint_e16 window_influence: 0.38033004502487078, penalty_k: 0.07301856959441952, scale_lr: 0.37961780549543717, EAO: 0.267
Trial 215 finished with value: 0.2665990755204263 and parameters: {'window_influence': 0.3803300450248708, 'penalty_k': 0.07301856959441952, 'scale_lr': 0.37961780549543717}. Best is trial 111 with value: 0.27549627247622344.
checkpoint_e16 window_influence: 0.42757713077356396, penalty_k: 0.01184745642329586, scale_lr: 0.49361557849420717, EAO: 0.254
Trial 202 finished with value: 0.2537630506283869 and parameters: {'window_influence': 0.42757713077356396, 'penalty_k': 0.01184745642329586, 'scale_lr': 0.4936155784942072}. Best is trial 184 with value: 0.2793023090779297.
checkpoint_e16 window_influence: 0.37884213264829159, penalty_k: 0.07046434877414517, scale_lr: 0.34487978972830607, EAO: 0.271
Trial 220 finished with value: 0.27065438213871745 and parameters: {'window_influence': 0.3788421326482916, 'penalty_k': 0.07046434877414517, 'scale_lr': 0.3448797897283061}. Best is trial 90 with value: 0.28226814400858996.
checkpoint_e16 window_influence: 0.37960480906067462, penalty_k: 0.06663733649728432, scale_lr: 0.38153216370559118, EAO: 0.263
Trial 216 finished with value: 0.2634284465414722 and parameters: {'window_influence': 0.3796048090606746, 'penalty_k': 0.06663733649728432, 'scale_lr': 0.3815321637055912}. Best is trial 111 with value: 0.27549627247622344.
checkpoint_e16 window_influence: 0.44408349969538435, penalty_k: 0.02973855569529059, scale_lr: 0.50747265458149060, EAO: 0.262
Trial 203 finished with value: 0.2617963786289944 and parameters: {'window_influence': 0.44408349969538435, 'penalty_k': 0.029738555695290585, 'scale_lr': 0.5074726545814906}. Best is trial 184 with value: 0.2793023090779297.
checkpoint_e16 window_influence: 0.39673514809226806, penalty_k: 0.03248962892349580, scale_lr: 0.36250049038052023, EAO: 0.272
Trial 221 finished with value: 0.27176786099022965 and parameters: {'window_influence': 0.39673514809226806, 'penalty_k': 0.0324896289234958, 'scale_lr': 0.36250049038052023}. Best is trial 90 with value: 0.28226814400858996.
checkpoint_e16 window_influence: 0.37692737279225330, penalty_k: 0.06452793398877080, scale_lr: 0.37913291648537822, EAO: 0.259
Trial 217 finished with value: 0.2586683591570311 and parameters: {'window_influence': 0.3769273727922533, 'penalty_k': 0.0645279339887708, 'scale_lr': 0.3791329164853782}. Best is trial 111 with value: 0.27549627247622344.
checkpoint_e16 window_influence: 0.44796955560703949, penalty_k: 0.00905274960103466, scale_lr: 0.47390279057169704, EAO: 0.267
Trial 204 finished with value: 0.2671675143566558 and parameters: {'window_influence': 0.4479695556070395, 'penalty_k': 0.009052749601034658, 'scale_lr': 0.47390279057169704}. Best is trial 184 with value: 0.2793023090779297.
checkpoint_e16 window_influence: 0.39352699097119631, penalty_k: 0.03555124983547560, scale_lr: 0.35521667751120539, EAO: 0.268
Trial 222 finished with value: 0.2681670320349011 and parameters: {'window_influence': 0.3935269909711963, 'penalty_k': 0.0355512498354756, 'scale_lr': 0.3552166775112054}. Best is trial 90 with value: 0.28226814400858996.
checkpoint_e16 window_influence: 0.17753861642916408, penalty_k: 0.04573212446086776, scale_lr: 0.39524386584726839, EAO: 0.245
Trial 218 finished with value: 0.2448848130984035 and parameters: {'window_influence': 0.17753861642916408, 'penalty_k': 0.04573212446086776, 'scale_lr': 0.3952438658472684}. Best is trial 111 with value: 0.27549627247622344.
checkpoint_e16 window_influence: 0.46270879951864535, penalty_k: 0.23497509961477306, scale_lr: 0.44765039452725608, EAO: 0.249
Trial 205 finished with value: 0.24876098504395988 and parameters: {'window_influence': 0.46270879951864535, 'penalty_k': 0.23497509961477306, 'scale_lr': 0.4476503945272561}. Best is trial 184 with value: 0.2793023090779297.
checkpoint_e16 window_influence: 0.36487757183398045, penalty_k: 0.05197767702732708, scale_lr: 0.33536083676152717, EAO: 0.276
Trial 223 finished with value: 0.2756466865539551 and parameters: {'window_influence': 0.36487757183398045, 'penalty_k': 0.05197767702732708, 'scale_lr': 0.33536083676152717}. Best is trial 90 with value: 0.28226814400858996.
checkpoint_e16 window_influence: 0.35675771505613102, penalty_k: 0.08000142548381173, scale_lr: 0.41664120852143283, EAO: 0.245
Trial 219 finished with value: 0.24497878945213022 and parameters: {'window_influence': 0.356757715056131, 'penalty_k': 0.08000142548381173, 'scale_lr': 0.4166412085214328}. Best is trial 111 with value: 0.27549627247622344.
checkpoint_e16 window_influence: 0.43592235249973271, penalty_k: 0.01729742139999678, scale_lr: 0.48773899764979123, EAO: 0.270
Trial 206 finished with value: 0.2703542516120081 and parameters: {'window_influence': 0.4359223524997327, 'penalty_k': 0.01729742139999678, 'scale_lr': 0.48773899764979123}. Best is trial 184 with value: 0.2793023090779297.
checkpoint_e16 window_influence: 0.36019663285746317, penalty_k: 0.05398048254595537, scale_lr: 0.32626026686076481, EAO: 0.275
Trial 224 finished with value: 0.2749654199413168 and parameters: {'window_influence': 0.3601966328574632, 'penalty_k': 0.053980482545955374, 'scale_lr': 0.3262602668607648}. Best is trial 90 with value: 0.28226814400858996.
checkpoint_e16 window_influence: 0.38864359535079041, penalty_k: 0.05280969816890649, scale_lr: 0.37188661377400406, EAO: 0.252
Trial 220 finished with value: 0.25181833297256534 and parameters: {'window_influence': 0.3886435953507904, 'penalty_k': 0.05280969816890649, 'scale_lr': 0.37188661377400406}. Best is trial 111 with value: 0.27549627247622344.
checkpoint_e16 window_influence: 0.43639670672944880, penalty_k: 0.02126442882570663, scale_lr: 0.50657680280996620, EAO: 0.259
Trial 207 finished with value: 0.25943981117107034 and parameters: {'window_influence': 0.4363967067294488, 'penalty_k': 0.021264428825706626, 'scale_lr': 0.5065768028099662}. Best is trial 184 with value: 0.2793023090779297.
checkpoint_e16 window_influence: 0.35249128954448300, penalty_k: 0.04962800660494819, scale_lr: 0.32633930041827452, EAO: 0.264
Trial 225 finished with value: 0.2637414259881508 and parameters: {'window_influence': 0.352491289544483, 'penalty_k': 0.04962800660494819, 'scale_lr': 0.3263393004182745}. Best is trial 90 with value: 0.28226814400858996.
checkpoint_e16 window_influence: 0.40112304635042145, penalty_k: 0.03986678068196026, scale_lr: 0.35663371991832621, EAO: 0.264
Trial 221 finished with value: 0.2636834556252007 and parameters: {'window_influence': 0.40112304635042145, 'penalty_k': 0.039866780681960264, 'scale_lr': 0.3566337199183262}. Best is trial 111 with value: 0.27549627247622344.
checkpoint_e16 window_influence: 0.07893579447862159, penalty_k: 0.05744677089072522, scale_lr: 0.33785556591651678, EAO: 0.230
Trial 226 finished with value: 0.2301018720235282 and parameters: {'window_influence': 0.07893579447862159, 'penalty_k': 0.057446770890725224, 'scale_lr': 0.3378555659165168}. Best is trial 90 with value: 0.28226814400858996.
checkpoint_e16 window_influence: 0.41525721520474956, penalty_k: 0.00968007408992751, scale_lr: 0.48403626787031018, EAO: 0.261
Trial 208 finished with value: 0.26053243336396487 and parameters: {'window_influence': 0.41525721520474956, 'penalty_k': 0.009680074089927508, 'scale_lr': 0.4840362678703102}. Best is trial 184 with value: 0.2793023090779297.
checkpoint_e16 window_influence: 0.40020567196937418, penalty_k: 0.03985957206246367, scale_lr: 0.35373383651424367, EAO: 0.265
Trial 222 finished with value: 0.265499884096103 and parameters: {'window_influence': 0.4002056719693742, 'penalty_k': 0.03985957206246367, 'scale_lr': 0.35373383651424367}. Best is trial 111 with value: 0.27549627247622344.
checkpoint_e16 window_influence: 0.36380394011874839, penalty_k: 0.04261960341369535, scale_lr: 0.31897580837757372, EAO: 0.276
Trial 227 finished with value: 0.2756407108854472 and parameters: {'window_influence': 0.3638039401187484, 'penalty_k': 0.042619603413695355, 'scale_lr': 0.3189758083775737}. Best is trial 90 with value: 0.28226814400858996.
checkpoint_e16 window_influence: 0.37143987584465993, penalty_k: 0.02013273911393643, scale_lr: 0.39618696397234487, EAO: 0.262
Trial 223 finished with value: 0.2617613748321688 and parameters: {'window_influence': 0.37143987584465993, 'penalty_k': 0.020132739113936433, 'scale_lr': 0.3961869639723449}. Best is trial 111 with value: 0.27549627247622344.
checkpoint_e16 window_influence: 0.39245006797343218, penalty_k: 0.02770351701334523, scale_lr: 0.75994802420397733, EAO: 0.263
Trial 209 finished with value: 0.26333466911219 and parameters: {'window_influence': 0.3924500679734322, 'penalty_k': 0.02770351701334523, 'scale_lr': 0.7599480242039773}. Best is trial 184 with value: 0.2793023090779297.
checkpoint_e16 window_influence: 0.36261229563926173, penalty_k: 0.04407149916535036, scale_lr: 0.31364643018014676, EAO: 0.261
Trial 228 finished with value: 0.26145889579765197 and parameters: {'window_influence': 0.36261229563926173, 'penalty_k': 0.04407149916535036, 'scale_lr': 0.31364643018014676}. Best is trial 90 with value: 0.28226814400858996.
checkpoint_e16 window_influence: 0.38374763051396649, penalty_k: 0.06246193566800104, scale_lr: 0.36395891746655462, EAO: 0.252
Trial 224 finished with value: 0.25193842409587486 and parameters: {'window_influence': 0.3837476305139665, 'penalty_k': 0.06246193566800104, 'scale_lr': 0.3639589174665546}. Best is trial 111 with value: 0.27549627247622344.
checkpoint_e16 window_influence: 0.42257376252947421, penalty_k: 0.00147134591023606, scale_lr: 0.45780492755757907, EAO: 0.262
Trial 210 finished with value: 0.2621292598484977 and parameters: {'window_influence': 0.4225737625294742, 'penalty_k': 0.001471345910236059, 'scale_lr': 0.45780492755757907}. Best is trial 184 with value: 0.2793023090779297.
checkpoint_e16 window_influence: 0.34634974983340550, penalty_k: 0.06383670813631251, scale_lr: 0.32576218462071538, EAO: 0.269
Trial 229 finished with value: 0.26948257475122206 and parameters: {'window_influence': 0.3463497498334055, 'penalty_k': 0.06383670813631251, 'scale_lr': 0.3257621846207154}. Best is trial 90 with value: 0.28226814400858996.
checkpoint_e16 window_influence: 0.41163059360781001, penalty_k: 0.31772286549764950, scale_lr: 0.34599233713867444, EAO: 0.250
Trial 225 finished with value: 0.24965585737935897 and parameters: {'window_influence': 0.41163059360781, 'penalty_k': 0.3177228654976495, 'scale_lr': 0.34599233713867444}. Best is trial 111 with value: 0.27549627247622344.
checkpoint_e16 window_influence: 0.45331305030309099, penalty_k: 0.04948646880252422, scale_lr: 0.49415704971629670, EAO: 0.275
Trial 211 finished with value: 0.2747884730134553 and parameters: {'window_influence': 0.453313050303091, 'penalty_k': 0.04948646880252422, 'scale_lr': 0.4941570497162967}. Best is trial 184 with value: 0.2793023090779297.
checkpoint_e16 window_influence: 0.35963232095462588, penalty_k: 0.05172488727903471, scale_lr: 0.30779552682434719, EAO: 0.271
Trial 230 finished with value: 0.2708279072511487 and parameters: {'window_influence': 0.3596323209546259, 'penalty_k': 0.05172488727903471, 'scale_lr': 0.3077955268243472}. Best is trial 90 with value: 0.28226814400858996.
checkpoint_e16 window_influence: 0.39588000094567161, penalty_k: 0.04540439326720641, scale_lr: 0.38589833198451134, EAO: 0.263
Trial 226 finished with value: 0.262813946641073 and parameters: {'window_influence': 0.3958800009456716, 'penalty_k': 0.04540439326720641, 'scale_lr': 0.38589833198451134}. Best is trial 111 with value: 0.27549627247622344.
checkpoint_e16 window_influence: 0.43761414114512476, penalty_k: 0.04489029285251982, scale_lr: 0.51453083466216964, EAO: 0.256
Trial 212 finished with value: 0.255582116423099 and parameters: {'window_influence': 0.43761414114512476, 'penalty_k': 0.044890292852519824, 'scale_lr': 0.5145308346621696}. Best is trial 184 with value: 0.2793023090779297.
checkpoint_e16 window_influence: 0.38939314890736931, penalty_k: 0.03260225809410523, scale_lr: 0.34012085467434938, EAO: 0.263
Trial 231 finished with value: 0.26269183616812636 and parameters: {'window_influence': 0.3893931489073693, 'penalty_k': 0.032602258094105226, 'scale_lr': 0.3401208546743494}. Best is trial 90 with value: 0.28226814400858996.
checkpoint_e16 window_influence: 0.37103932386872857, penalty_k: 0.00043575462768224, scale_lr: 0.40718057929090412, EAO: 0.254
Trial 227 finished with value: 0.2536582548807307 and parameters: {'window_influence': 0.37103932386872857, 'penalty_k': 0.00043575462768223605, 'scale_lr': 0.4071805792909041}. Best is trial 111 with value: 0.27549627247622344.
checkpoint_e16 window_influence: 0.45406393587336724, penalty_k: 0.02124145063742592, scale_lr: 0.49976830562284946, EAO: 0.271
Trial 213 finished with value: 0.27068827785854416 and parameters: {'window_influence': 0.45406393587336724, 'penalty_k': 0.02124145063742592, 'scale_lr': 0.49976830562284946}. Best is trial 184 with value: 0.2793023090779297.
checkpoint_e16 window_influence: 0.40202279920978529, penalty_k: 0.03846372396283665, scale_lr: 0.35037490122494769, EAO: 0.275
Trial 232 finished with value: 0.2749630570775125 and parameters: {'window_influence': 0.4020227992097853, 'penalty_k': 0.03846372396283665, 'scale_lr': 0.3503749012249477}. Best is trial 90 with value: 0.28226814400858996.
checkpoint_e16 window_influence: 0.40121282128918823, penalty_k: 0.02869520007657553, scale_lr: 0.58251148070516512, EAO: 0.258
Trial 228 finished with value: 0.2584781296006063 and parameters: {'window_influence': 0.4012128212891882, 'penalty_k': 0.028695200076575535, 'scale_lr': 0.5825114807051651}. Best is trial 111 with value: 0.27549627247622344.
checkpoint_e16 window_influence: 0.48368148092553975, penalty_k: 0.03772538900188553, scale_lr: 0.49455137788588688, EAO: 0.264
Trial 214 finished with value: 0.2638487236771157 and parameters: {'window_influence': 0.48368148092553975, 'penalty_k': 0.03772538900188553, 'scale_lr': 0.4945513778858869}. Best is trial 184 with value: 0.2793023090779297.
checkpoint_e16 window_influence: 0.37146512608756277, penalty_k: 0.04323063254357287, scale_lr: 0.32928726352214305, EAO: 0.269
Trial 233 finished with value: 0.2687940183814948 and parameters: {'window_influence': 0.37146512608756277, 'penalty_k': 0.043230632543572865, 'scale_lr': 0.32928726352214305}. Best is trial 90 with value: 0.28226814400858996.
checkpoint_e16 window_influence: 0.38610714966401410, penalty_k: 0.01806777326390501, scale_lr: 0.42115490892483592, EAO: 0.255
Trial 229 finished with value: 0.2550319560417315 and parameters: {'window_influence': 0.3861071496640141, 'penalty_k': 0.01806777326390501, 'scale_lr': 0.4211549089248359}. Best is trial 111 with value: 0.27549627247622344.
checkpoint_e16 window_influence: 0.40625366304275479, penalty_k: 0.05822058284504077, scale_lr: 0.34334334368083413, EAO: 0.269
Trial 234 finished with value: 0.2694889426352532 and parameters: {'window_influence': 0.4062536630427548, 'penalty_k': 0.058220582845040766, 'scale_lr': 0.34334334368083413}. Best is trial 90 with value: 0.28226814400858996.
checkpoint_e16 window_influence: 0.45477521306184604, penalty_k: 0.02323035618161759, scale_lr: 0.47644393487782016, EAO: 0.269
Trial 215 finished with value: 0.26854600769475223 and parameters: {'window_influence': 0.45477521306184604, 'penalty_k': 0.023230356181617586, 'scale_lr': 0.47644393487782016}. Best is trial 184 with value: 0.2793023090779297.
checkpoint_e16 window_influence: 0.41300874902070939, penalty_k: 0.05323155137192885, scale_lr: 0.37540197484207161, EAO: 0.252
