A new study created in memory with name: no-name-85c63796-79ef-48d1-b0fc-aef2c089b1c5
checkpoint_e22 window_influence: 0.37493544967559267, penalty_k: 0.50294143594649821, scale_lr: 0.64548796016040377, EAO: 0.253
Trial 0 finished with value: 0.2531532146702937 and parameters: {'window_influence': 0.37493544967559267, 'penalty_k': 0.5029414359464982, 'scale_lr': 0.6454879601604038}. Best is trial 0 with value: 0.2531532146702937.
checkpoint_e22 window_influence: 0.27644468667766492, penalty_k: 0.00170288478847158, scale_lr: 0.60786853349667169, EAO: 0.250
Trial 1 finished with value: 0.25038301823585013 and parameters: {'window_influence': 0.2764446866776649, 'penalty_k': 0.0017028847884715814, 'scale_lr': 0.6078685334966717}. Best is trial 0 with value: 0.2531532146702937.
checkpoint_e22 window_influence: 0.20190373290521690, penalty_k: 0.02480602114367951, scale_lr: 0.71390702899883951, EAO: 0.242
Trial 2 finished with value: 0.2418700266417449 and parameters: {'window_influence': 0.2019037329052169, 'penalty_k': 0.024806021143679514, 'scale_lr': 0.7139070289988395}. Best is trial 0 with value: 0.2531532146702937.
checkpoint_e22 window_influence: 0.55146676033696129, penalty_k: 0.11427992830838701, scale_lr: 0.41334332177523636, EAO: 0.226
Trial 3 finished with value: 0.22610348681124245 and parameters: {'window_influence': 0.5514667603369613, 'penalty_k': 0.11427992830838701, 'scale_lr': 0.41334332177523636}. Best is trial 0 with value: 0.2531532146702937.
checkpoint_e22 window_influence: 0.55943930450716273, penalty_k: 0.36403880331838867, scale_lr: 0.74210283957039769, EAO: 0.220
Trial 4 finished with value: 0.2198421492324612 and parameters: {'window_influence': 0.5594393045071627, 'penalty_k': 0.36403880331838867, 'scale_lr': 0.7421028395703977}. Best is trial 0 with value: 0.2531532146702937.
checkpoint_e22 window_influence: 0.28445354549404478, penalty_k: 0.29913020615029651, scale_lr: 0.51298064042018576, EAO: 0.254
Trial 5 finished with value: 0.2539084680923602 and parameters: {'window_influence': 0.2844535454940448, 'penalty_k': 0.2991302061502965, 'scale_lr': 0.5129806404201858}. Best is trial 5 with value: 0.2539084680923602.
checkpoint_e22 window_influence: 0.31318782816867213, penalty_k: 0.20699888591070642, scale_lr: 0.20174747996182402, EAO: 0.256
Trial 6 finished with value: 0.2559061364793196 and parameters: {'window_influence': 0.31318782816867213, 'penalty_k': 0.20699888591070642, 'scale_lr': 0.20174747996182402}. Best is trial 6 with value: 0.2559061364793196.
checkpoint_e22 window_influence: 0.59032442888557790, penalty_k: 0.19254182375199527, scale_lr: 0.45202011865912395, EAO: 0.228
Trial 7 finished with value: 0.2282997951880703 and parameters: {'window_influence': 0.5903244288855779, 'penalty_k': 0.19254182375199527, 'scale_lr': 0.45202011865912395}. Best is trial 6 with value: 0.2559061364793196.
checkpoint_e22 window_influence: 0.32826997467043167, penalty_k: 0.43805430962627090, scale_lr: 0.44527417304212713, EAO: 0.252
Trial 8 finished with value: 0.2515868972835502 and parameters: {'window_influence': 0.3282699746704317, 'penalty_k': 0.4380543096262709, 'scale_lr': 0.44527417304212713}. Best is trial 6 with value: 0.2559061364793196.
checkpoint_e22 window_influence: 0.22134928968090012, penalty_k: 0.36624479723526826, scale_lr: 0.73616648781104299, EAO: 0.247
Trial 9 finished with value: 0.246908264431527 and parameters: {'window_influence': 0.22134928968090012, 'penalty_k': 0.36624479723526826, 'scale_lr': 0.736166487811043}. Best is trial 6 with value: 0.2559061364793196.
checkpoint_e22 window_influence: 0.10015306152159295, penalty_k: 0.56158930180169164, scale_lr: 0.16673192496312000, EAO: 0.200
Trial 10 finished with value: 0.20037919119363878 and parameters: {'window_influence': 0.10015306152159295, 'penalty_k': 0.5615893018016916, 'scale_lr': 0.16673192496312}. Best is trial 6 with value: 0.2559061364793196.
checkpoint_e22 window_influence: 0.39780539129786702, penalty_k: 0.25336178914560853, scale_lr: 0.10275954186313943, EAO: 0.263
Trial 11 finished with value: 0.2628229313749608 and parameters: {'window_influence': 0.397805391297867, 'penalty_k': 0.25336178914560853, 'scale_lr': 0.10275954186313943}. Best is trial 11 with value: 0.2628229313749608.
checkpoint_e22 window_influence: 0.41431423357247460, penalty_k: 0.22980164527074526, scale_lr: 0.10244637791651073, EAO: 0.265
Trial 12 finished with value: 0.2646827375501152 and parameters: {'window_influence': 0.4143142335724746, 'penalty_k': 0.22980164527074526, 'scale_lr': 0.10244637791651073}. Best is trial 12 with value: 0.2646827375501152.
checkpoint_e22 window_influence: 0.43524064011585178, penalty_k: 0.25268685661063106, scale_lr: 0.12260567247266563, EAO: 0.262
Trial 13 finished with value: 0.2624764965801704 and parameters: {'window_influence': 0.4352406401158518, 'penalty_k': 0.25268685661063106, 'scale_lr': 0.12260567247266563}. Best is trial 12 with value: 0.2646827375501152.
checkpoint_e22 window_influence: 0.45822342982856695, penalty_k: 0.16891889451750949, scale_lr: 0.25477341495458189, EAO: 0.248
Trial 14 finished with value: 0.2475280167489517 and parameters: {'window_influence': 0.45822342982856695, 'penalty_k': 0.1689188945175095, 'scale_lr': 0.2547734149545819}. Best is trial 12 with value: 0.2646827375501152.
checkpoint_e22 window_influence: 0.46273945582510068, penalty_k: 0.32769371416764626, scale_lr: 0.10567797514992867, EAO: 0.251
Trial 15 finished with value: 0.25110819881282204 and parameters: {'window_influence': 0.4627394558251007, 'penalty_k': 0.32769371416764626, 'scale_lr': 0.10567797514992867}. Best is trial 12 with value: 0.2646827375501152.
checkpoint_e22 window_influence: 0.38471235936011688, penalty_k: 0.26499062559095182, scale_lr: 0.27859903085172411, EAO: 0.257
Trial 16 finished with value: 0.2573125783990069 and parameters: {'window_influence': 0.3847123593601169, 'penalty_k': 0.2649906255909518, 'scale_lr': 0.2785990308517241}. Best is trial 12 with value: 0.2646827375501152.
checkpoint_e22 window_influence: 0.64903914587038281, penalty_k: 0.10359059493298259, scale_lr: 0.30896475471280405, EAO: 0.195
Trial 17 finished with value: 0.1951802766662303 and parameters: {'window_influence': 0.6490391458703828, 'penalty_k': 0.10359059493298259, 'scale_lr': 0.30896475471280405}. Best is trial 12 with value: 0.2646827375501152.
checkpoint_e22 window_influence: 0.49516043593569548, penalty_k: 0.39206181706017884, scale_lr: 0.10182476879803759, EAO: 0.234
Trial 18 finished with value: 0.23367720133647685 and parameters: {'window_influence': 0.4951604359356955, 'penalty_k': 0.39206181706017884, 'scale_lr': 0.10182476879803759}. Best is trial 12 with value: 0.2646827375501152.
checkpoint_e22 window_influence: 0.39568970396813541, penalty_k: 0.26568556501325902, scale_lr: 0.20317972458417943, EAO: 0.251
Trial 19 finished with value: 0.2512673207414829 and parameters: {'window_influence': 0.3956897039681354, 'penalty_k': 0.265685565013259, 'scale_lr': 0.20317972458417943}. Best is trial 12 with value: 0.2646827375501152.
checkpoint_e22 window_influence: 0.50264725120701581, penalty_k: 0.43044173556132237, scale_lr: 0.34131742055645858, EAO: 0.228
Trial 20 finished with value: 0.22840103870484887 and parameters: {'window_influence': 0.5026472512070158, 'penalty_k': 0.43044173556132237, 'scale_lr': 0.3413174205564586}. Best is trial 12 with value: 0.2646827375501152.
checkpoint_e22 window_influence: 0.43959449745219703, penalty_k: 0.24026563580029967, scale_lr: 0.15158980406471267, EAO: 0.253
Trial 21 finished with value: 0.25332073709829067 and parameters: {'window_influence': 0.43959449745219703, 'penalty_k': 0.24026563580029967, 'scale_lr': 0.15158980406471267}. Best is trial 12 with value: 0.2646827375501152.
checkpoint_e22 window_influence: 0.42495871230269650, penalty_k: 0.30450444920445052, scale_lr: 0.10239303396477500, EAO: 0.250
Trial 22 finished with value: 0.24997658712592552 and parameters: {'window_influence': 0.4249587123026965, 'penalty_k': 0.3045044492044505, 'scale_lr': 0.102393033964775}. Best is trial 12 with value: 0.2646827375501152.
checkpoint_e22 window_influence: 0.36453566318796898, penalty_k: 0.23253860494459272, scale_lr: 0.21239705796321673, EAO: 0.255
Trial 23 finished with value: 0.25490526788360707 and parameters: {'window_influence': 0.364535663187969, 'penalty_k': 0.23253860494459272, 'scale_lr': 0.21239705796321673}. Best is trial 12 with value: 0.2646827375501152.
checkpoint_e22 window_influence: 0.41159313873852355, penalty_k: 0.15780344869714286, scale_lr: 0.16177578541486914, EAO: 0.256
Trial 24 finished with value: 0.25563656835536647 and parameters: {'window_influence': 0.41159313873852355, 'penalty_k': 0.15780344869714286, 'scale_lr': 0.16177578541486914}. Best is trial 12 with value: 0.2646827375501152.
checkpoint_e22 window_influence: 0.49295056814398885, penalty_k: 0.27386774550210130, scale_lr: 0.24884201275647391, EAO: 0.237
Trial 25 finished with value: 0.23735512968728212 and parameters: {'window_influence': 0.49295056814398885, 'penalty_k': 0.2738677455021013, 'scale_lr': 0.2488420127564739}. Best is trial 12 with value: 0.2646827375501152.
checkpoint_e22 window_influence: 0.42234540521387121, penalty_k: 0.23069906115467997, scale_lr: 0.15419253871704683, EAO: 0.256
Trial 26 finished with value: 0.2561732743208001 and parameters: {'window_influence': 0.4223454052138712, 'penalty_k': 0.23069906115467997, 'scale_lr': 0.15419253871704683}. Best is trial 12 with value: 0.2646827375501152.
checkpoint_e22 window_influence: 0.33773427960884778, penalty_k: 0.33294565129794856, scale_lr: 0.34108562366640804, EAO: 0.257
Trial 27 finished with value: 0.25690017355893685 and parameters: {'window_influence': 0.3377342796088478, 'penalty_k': 0.33294565129794856, 'scale_lr': 0.34108562366640804}. Best is trial 12 with value: 0.2646827375501152.
checkpoint_e22 window_influence: 0.36457798149032561, penalty_k: 0.29057129949246074, scale_lr: 0.22792501262601778, EAO: 0.252
Trial 28 finished with value: 0.25152659319280607 and parameters: {'window_influence': 0.3645779814903256, 'penalty_k': 0.29057129949246074, 'scale_lr': 0.22792501262601778}. Best is trial 12 with value: 0.2646827375501152.
checkpoint_e22 window_influence: 0.37622330981366220, penalty_k: 0.19192130321665016, scale_lr: 0.14036777102295156, EAO: 0.274
Trial 29 finished with value: 0.2735881624304182 and parameters: {'window_influence': 0.3762233098136622, 'penalty_k': 0.19192130321665016, 'scale_lr': 0.14036777102295156}. Best is trial 29 with value: 0.2735881624304182.
checkpoint_e22 window_influence: 0.38500299420548412, penalty_k: 0.20203345866672517, scale_lr: 0.17735094368008322, EAO: 0.248
Trial 30 finished with value: 0.24849825661356856 and parameters: {'window_influence': 0.3850029942054841, 'penalty_k': 0.20203345866672517, 'scale_lr': 0.17735094368008322}. Best is trial 29 with value: 0.2735881624304182.
checkpoint_e22 window_influence: 0.44944169948234036, penalty_k: 0.15431059571378714, scale_lr: 0.13046671705017568, EAO: 0.252
Trial 31 finished with value: 0.2524878039834945 and parameters: {'window_influence': 0.44944169948234036, 'penalty_k': 0.15431059571378714, 'scale_lr': 0.13046671705017568}. Best is trial 29 with value: 0.2735881624304182.
checkpoint_e22 window_influence: 0.36938468419632747, penalty_k: 0.25514041581693397, scale_lr: 0.13655175690630775, EAO: 0.256
Trial 32 finished with value: 0.2563322002931339 and parameters: {'window_influence': 0.3693846841963275, 'penalty_k': 0.255140415816934, 'scale_lr': 0.13655175690630775}. Best is trial 29 with value: 0.2735881624304182.
checkpoint_e22 window_influence: 0.40051036036959986, penalty_k: 0.22144081489094097, scale_lr: 0.19901049118609443, EAO: 0.249
Trial 33 finished with value: 0.24855944550618891 and parameters: {'window_influence': 0.40051036036959986, 'penalty_k': 0.22144081489094097, 'scale_lr': 0.19901049118609443}. Best is trial 29 with value: 0.2735881624304182.
checkpoint_e22 window_influence: 0.34574711044124307, penalty_k: 0.12162057966485411, scale_lr: 0.10366130169168890, EAO: 0.252
Trial 34 finished with value: 0.25176861131094336 and parameters: {'window_influence': 0.34574711044124307, 'penalty_k': 0.12162057966485411, 'scale_lr': 0.1036613016916889}. Best is trial 29 with value: 0.2735881624304182.
checkpoint_e22 window_influence: 0.29693378782281887, penalty_k: 0.07488998178780498, scale_lr: 0.17947928730764234, EAO: 0.248
Trial 35 finished with value: 0.24765307189730124 and parameters: {'window_influence': 0.2969337878228189, 'penalty_k': 0.07488998178780498, 'scale_lr': 0.17947928730764234}. Best is trial 29 with value: 0.2735881624304182.
checkpoint_e22 window_influence: 0.26712971571555683, penalty_k: 0.18656482963294085, scale_lr: 0.13902982833417740, EAO: 0.259
Trial 36 finished with value: 0.259321218583642 and parameters: {'window_influence': 0.2671297157155568, 'penalty_k': 0.18656482963294085, 'scale_lr': 0.1390298283341774}. Best is trial 29 with value: 0.2735881624304182.
checkpoint_e22 window_influence: 0.33192664575233405, penalty_k: 0.22338982313126904, scale_lr: 0.23673742980975354, EAO: 0.252
Trial 37 finished with value: 0.2523241583409348 and parameters: {'window_influence': 0.33192664575233405, 'penalty_k': 0.22338982313126904, 'scale_lr': 0.23673742980975354}. Best is trial 29 with value: 0.2735881624304182.
checkpoint_e22 window_influence: 0.41749623882991416, penalty_k: 0.14711586411936012, scale_lr: 0.18727166608629442, EAO: 0.248
Trial 38 finished with value: 0.24790931529388194 and parameters: {'window_influence': 0.41749623882991416, 'penalty_k': 0.14711586411936012, 'scale_lr': 0.18727166608629442}. Best is trial 29 with value: 0.2735881624304182.
checkpoint_e22 window_influence: 0.46938166130300168, penalty_k: 0.19308178849936233, scale_lr: 0.27168527741497744, EAO: 0.244
Trial 39 finished with value: 0.24385609011339948 and parameters: {'window_influence': 0.4693816613030017, 'penalty_k': 0.19308178849936233, 'scale_lr': 0.27168527741497744}. Best is trial 29 with value: 0.2735881624304182.
checkpoint_e22 window_influence: 0.51384519796401684, penalty_k: 0.28530166620649389, scale_lr: 0.13820694181234378, EAO: 0.241
Trial 40 finished with value: 0.24057267406364766 and parameters: {'window_influence': 0.5138451979640168, 'penalty_k': 0.2853016662064939, 'scale_lr': 0.13820694181234378}. Best is trial 29 with value: 0.2735881624304182.
checkpoint_e22 window_influence: 0.25744557852101069, penalty_k: 0.18400564752817686, scale_lr: 0.13525172575734004, EAO: 0.254
Trial 41 finished with value: 0.2537604084586709 and parameters: {'window_influence': 0.2574455785210107, 'penalty_k': 0.18400564752817686, 'scale_lr': 0.13525172575734004}. Best is trial 29 with value: 0.2735881624304182.
checkpoint_e22 window_influence: 0.29408959322680017, penalty_k: 0.19395481902546011, scale_lr: 0.21587467838931204, EAO: 0.254
Trial 42 finished with value: 0.2537021212946109 and parameters: {'window_influence': 0.29408959322680017, 'penalty_k': 0.1939548190254601, 'scale_lr': 0.21587467838931204}. Best is trial 29 with value: 0.2735881624304182.
checkpoint_e22 window_influence: 0.31856971799734884, penalty_k: 0.24031494069471257, scale_lr: 0.16252731428619357, EAO: 0.248
Trial 43 finished with value: 0.24787981820300342 and parameters: {'window_influence': 0.31856971799734884, 'penalty_k': 0.24031494069471257, 'scale_lr': 0.16252731428619357}. Best is trial 29 with value: 0.2735881624304182.
checkpoint_e22 window_influence: 0.25558191998998747, penalty_k: 0.17626062792104566, scale_lr: 0.12415710331806915, EAO: 0.242
Trial 44 finished with value: 0.24189249292864062 and parameters: {'window_influence': 0.25558191998998747, 'penalty_k': 0.17626062792104566, 'scale_lr': 0.12415710331806915}. Best is trial 29 with value: 0.2735881624304182.
checkpoint_e22 window_influence: 0.36771124176296327, penalty_k: 0.21153037281276754, scale_lr: 0.18102679254416829, EAO: 0.253
Trial 45 finished with value: 0.2532891941870131 and parameters: {'window_influence': 0.36771124176296327, 'penalty_k': 0.21153037281276754, 'scale_lr': 0.18102679254416829}. Best is trial 29 with value: 0.2735881624304182.
checkpoint_e22 window_influence: 0.34760004633334518, penalty_k: 0.25602882853913578, scale_lr: 0.10162907889794320, EAO: 0.252
Trial 46 finished with value: 0.25175497529467916 and parameters: {'window_influence': 0.3476000463333452, 'penalty_k': 0.2560288285391358, 'scale_lr': 0.1016290788979432}. Best is trial 29 with value: 0.2735881624304182.
checkpoint_e22 window_influence: 0.40021033373616022, penalty_k: 0.32318798782217267, scale_lr: 0.13998728695193530, EAO: 0.258
Trial 47 finished with value: 0.2584504999402093 and parameters: {'window_influence': 0.4002103337361602, 'penalty_k': 0.3231879878221727, 'scale_lr': 0.1399872869519353}. Best is trial 29 with value: 0.2735881624304182.
checkpoint_e22 window_influence: 0.30655895065159677, penalty_k: 0.13038754954474957, scale_lr: 0.22834601553156977, EAO: 0.247
Trial 48 finished with value: 0.24749284897877918 and parameters: {'window_influence': 0.3065589506515968, 'penalty_k': 0.13038754954474957, 'scale_lr': 0.22834601553156977}. Best is trial 29 with value: 0.2735881624304182.
checkpoint_e22 window_influence: 0.43685361438894393, penalty_k: 0.17816606118278172, scale_lr: 0.18642062169390755, EAO: 0.257
Trial 49 finished with value: 0.2565156148701179 and parameters: {'window_influence': 0.43685361438894393, 'penalty_k': 0.17816606118278172, 'scale_lr': 0.18642062169390755}. Best is trial 29 with value: 0.2735881624304182.
checkpoint_e22 window_influence: 0.27575451616459801, penalty_k: 0.09860555377283074, scale_lr: 0.63755785280790944, EAO: 0.254
Trial 50 finished with value: 0.25395809356274646 and parameters: {'window_influence': 0.275754516164598, 'penalty_k': 0.09860555377283074, 'scale_lr': 0.6375578528079094}. Best is trial 29 with value: 0.2735881624304182.
checkpoint_e22 window_influence: 0.39923689221814512, penalty_k: 0.31244023024706441, scale_lr: 0.13904557518165786, EAO: 0.264
Trial 51 finished with value: 0.26431346369710396 and parameters: {'window_influence': 0.3992368922181451, 'penalty_k': 0.3124402302470644, 'scale_lr': 0.13904557518165786}. Best is trial 29 with value: 0.2735881624304182.
checkpoint_e22 window_influence: 0.38569220662573811, penalty_k: 0.27580692979203314, scale_lr: 0.12017720783452680, EAO: 0.239
Trial 52 finished with value: 0.23894572766815744 and parameters: {'window_influence': 0.3856922066257381, 'penalty_k': 0.27580692979203314, 'scale_lr': 0.1201772078345268}. Best is trial 29 with value: 0.2735881624304182.
checkpoint_e22 window_influence: 0.47530276338761351, penalty_k: 0.24924744975014226, scale_lr: 0.16909326233972377, EAO: 0.243
Trial 53 finished with value: 0.24348949132169165 and parameters: {'window_influence': 0.4753027633876135, 'penalty_k': 0.24924744975014226, 'scale_lr': 0.16909326233972377}. Best is trial 29 with value: 0.2735881624304182.
checkpoint_e22 window_influence: 0.43976663137026495, penalty_k: 0.30221982874897196, scale_lr: 0.14541983173071504, EAO: 0.252
Trial 54 finished with value: 0.2522564398321679 and parameters: {'window_influence': 0.43976663137026495, 'penalty_k': 0.30221982874897196, 'scale_lr': 0.14541983173071504}. Best is trial 29 with value: 0.2735881624304182.
checkpoint_e22 window_influence: 0.41023709714245060, penalty_k: 0.20974799384153392, scale_lr: 0.10014218144706422, EAO: 0.256
Trial 55 finished with value: 0.2564348003607455 and parameters: {'window_influence': 0.4102370971424506, 'penalty_k': 0.20974799384153392, 'scale_lr': 0.10014218144706422}. Best is trial 29 with value: 0.2735881624304182.
checkpoint_e22 window_influence: 0.32373492815560412, penalty_k: 0.26722462365207100, scale_lr: 0.15681094335645440, EAO: 0.247
Trial 56 finished with value: 0.24697137793632057 and parameters: {'window_influence': 0.3237349281556041, 'penalty_k': 0.267224623652071, 'scale_lr': 0.1568109433564544}. Best is trial 29 with value: 0.2735881624304182.
checkpoint_e22 window_influence: 0.35608044654821680, penalty_k: 0.21614565388070633, scale_lr: 0.12465602296502919, EAO: 0.256
Trial 57 finished with value: 0.25573764184141545 and parameters: {'window_influence': 0.3560804465482168, 'penalty_k': 0.21614565388070633, 'scale_lr': 0.12465602296502919}. Best is trial 29 with value: 0.2735881624304182.
checkpoint_e22 window_influence: 0.38631723139416668, penalty_k: 0.35418362554753557, scale_lr: 0.21006860868725141, EAO: 0.252
Trial 58 finished with value: 0.25243481278904084 and parameters: {'window_influence': 0.3863172313941667, 'penalty_k': 0.3541836255475356, 'scale_lr': 0.2100686086872514}. Best is trial 29 with value: 0.2735881624304182.
checkpoint_e22 window_influence: 0.42817787992363399, penalty_k: 0.23832499401865065, scale_lr: 0.26545778673943793, EAO: 0.252
Trial 59 finished with value: 0.2517382027051313 and parameters: {'window_influence': 0.428177879923634, 'penalty_k': 0.23832499401865065, 'scale_lr': 0.26545778673943793}. Best is trial 29 with value: 0.2735881624304182.
checkpoint_e22 window_influence: 0.44301847602123295, penalty_k: 0.28893228315011732, scale_lr: 0.20179299741785139, EAO: 0.249
Trial 60 finished with value: 0.2494693012014637 and parameters: {'window_influence': 0.44301847602123295, 'penalty_k': 0.2889322831501173, 'scale_lr': 0.2017929974178514}. Best is trial 29 with value: 0.2735881624304182.
checkpoint_e22 window_influence: 0.41046383806374093, penalty_k: 0.32211045579566366, scale_lr: 0.14782049991497728, EAO: 0.257
Trial 61 finished with value: 0.25668841170343926 and parameters: {'window_influence': 0.4104638380637409, 'penalty_k': 0.32211045579566366, 'scale_lr': 0.14782049991497728}. Best is trial 29 with value: 0.2735881624304182.
checkpoint_e22 window_influence: 0.35404334288148609, penalty_k: 0.31751282243382078, scale_lr: 0.12837644078636626, EAO: 0.256
