Trial 1968 finished with value: 0.26818805091022474 and parameters: {'window_influence': 0.40095398991949843, 'penalty_k': 0.17858471249798233, 'scale_lr': 0.19385125765605787}. Best is trial 1594 with value: 0.29992623191054274.
checkpoint_e32 window_influence: 0.43456422844334314, penalty_k: 0.27139372063387213, scale_lr: 0.38409884027769392, EAO: 0.264
Trial 1969 finished with value: 0.26359499778931705 and parameters: {'window_influence': 0.43456422844334314, 'penalty_k': 0.2713937206338721, 'scale_lr': 0.3840988402776939}. Best is trial 1594 with value: 0.29992623191054274.
checkpoint_e32 window_influence: 0.41322072355463230, penalty_k: 0.15024732170918714, scale_lr: 0.22909503150955496, EAO: 0.263
Trial 1970 finished with value: 0.2632554564776459 and parameters: {'window_influence': 0.4132207235546323, 'penalty_k': 0.15024732170918714, 'scale_lr': 0.22909503150955496}. Best is trial 1594 with value: 0.29992623191054274.
checkpoint_e32 window_influence: 0.08507991420707156, penalty_k: 0.03484130164618579, scale_lr: 0.12976457061648961, EAO: 0.247
Trial 1971 finished with value: 0.24742227035567044 and parameters: {'window_influence': 0.08507991420707156, 'penalty_k': 0.03484130164618579, 'scale_lr': 0.1297645706164896}. Best is trial 1594 with value: 0.29992623191054274.
checkpoint_e32 window_influence: 0.37327687131941711, penalty_k: 0.34183227042739350, scale_lr: 0.16014145358505089, EAO: 0.272
Trial 1972 finished with value: 0.27181941216311806 and parameters: {'window_influence': 0.3732768713194171, 'penalty_k': 0.3418322704273935, 'scale_lr': 0.16014145358505089}. Best is trial 1594 with value: 0.29992623191054274.
checkpoint_e32 window_influence: 0.08074750814053755, penalty_k: 0.11874487661801356, scale_lr: 0.30361911159011729, EAO: 0.243
Trial 1973 finished with value: 0.24299743662520154 and parameters: {'window_influence': 0.08074750814053755, 'penalty_k': 0.11874487661801356, 'scale_lr': 0.3036191115901173}. Best is trial 1594 with value: 0.29992623191054274.
checkpoint_e32 window_influence: 0.39335559755589783, penalty_k: 0.13835615252280542, scale_lr: 0.43213703987889029, EAO: 0.262
Trial 1974 finished with value: 0.2623510438858009 and parameters: {'window_influence': 0.39335559755589783, 'penalty_k': 0.13835615252280542, 'scale_lr': 0.4321370398788903}. Best is trial 1594 with value: 0.29992623191054274.
checkpoint_e32 window_influence: 0.42001624806790105, penalty_k: 0.01466366554855347, scale_lr: 0.39043891770560807, EAO: 0.260
Trial 1975 finished with value: 0.2604978658198341 and parameters: {'window_influence': 0.42001624806790105, 'penalty_k': 0.014663665548553473, 'scale_lr': 0.39043891770560807}. Best is trial 1594 with value: 0.29992623191054274.
checkpoint_e32 window_influence: 0.44234778669209457, penalty_k: 0.16558779903379536, scale_lr: 0.76434660039564695, EAO: 0.250
Trial 1976 finished with value: 0.2500021079691445 and parameters: {'window_influence': 0.44234778669209457, 'penalty_k': 0.16558779903379536, 'scale_lr': 0.764346600395647}. Best is trial 1594 with value: 0.29992623191054274.
checkpoint_e32 window_influence: 0.38194904545485658, penalty_k: 0.12676324700643724, scale_lr: 0.28803582577390585, EAO: 0.267
Trial 1977 finished with value: 0.26676980218267055 and parameters: {'window_influence': 0.3819490454548566, 'penalty_k': 0.12676324700643724, 'scale_lr': 0.28803582577390585}. Best is trial 1594 with value: 0.29992623191054274.
checkpoint_e32 window_influence: 0.49530794904320818, penalty_k: 0.08402193056012272, scale_lr: 0.11227069732159832, EAO: 0.265
Trial 1978 finished with value: 0.26470590449445613 and parameters: {'window_influence': 0.4953079490432082, 'penalty_k': 0.08402193056012272, 'scale_lr': 0.11227069732159832}. Best is trial 1594 with value: 0.29992623191054274.
checkpoint_e32 window_influence: 0.19368110010879552, penalty_k: 0.06672540270348060, scale_lr: 0.14332232632853936, EAO: 0.250
Trial 1979 finished with value: 0.2499945500517279 and parameters: {'window_influence': 0.19368110010879552, 'penalty_k': 0.0667254027034806, 'scale_lr': 0.14332232632853936}. Best is trial 1594 with value: 0.29992623191054274.
checkpoint_e32 window_influence: 0.42995131861751001, penalty_k: 0.39189918049875894, scale_lr: 0.39638071653129880, EAO: 0.260
Trial 1980 finished with value: 0.2597778189351888 and parameters: {'window_influence': 0.42995131861751, 'penalty_k': 0.39189918049875894, 'scale_lr': 0.3963807165312988}. Best is trial 1594 with value: 0.29992623191054274.
checkpoint_e32 window_influence: 0.54523299357672883, penalty_k: 0.15533075768259302, scale_lr: 0.12332818341224283, EAO: 0.248
Trial 1981 finished with value: 0.24845602902455058 and parameters: {'window_influence': 0.5452329935767288, 'penalty_k': 0.15533075768259302, 'scale_lr': 0.12332818341224283}. Best is trial 1594 with value: 0.29992623191054274.
checkpoint_e32 window_influence: 0.45908121628529874, penalty_k: 0.18325966641361771, scale_lr: 0.17202461821168774, EAO: 0.248
Trial 1982 finished with value: 0.24811927610781134 and parameters: {'window_influence': 0.45908121628529874, 'penalty_k': 0.1832596664136177, 'scale_lr': 0.17202461821168774}. Best is trial 1594 with value: 0.29992623191054274.
Trial 1983 failed with parameters: {'window_influence': 0.40612776166810716, 'penalty_k': 0.30312065889865825, 'scale_lr': 0.6498208287499996} because of the following error: KeyboardInterrupt().
Traceback (most recent call last):
  File "/home/n26092289/anaconda3/envs/my_siamban/lib/python3.7/site-packages/optuna/study/_optimize.py", line 200, in _run_trial
    value_or_values = func(trial)
  File "../../tools/tune.py", line 269, in objective
    outputs = tracker.track(img)
  File "../../tools/tune.py", line 127, in track
    score = self._convert_score(outputs['cls'])
  File "../../tools/tune.py", line 75, in _convert_score
    score = score.softmax(1).detach()[:, 1].cpu().numpy()
KeyboardInterrupt
Trial 1983 failed with value None.
