Trial 434 finished with value: 0.27638819850072627 and parameters: {'window_influence': 0.291712002467008, 'penalty_k': 0.188764464381706, 'scale_lr': 0.43424268911445363}. Best is trial 113 with value: 0.2826390351827552.
checkpoint_e39 window_influence: 0.31561829760759286, penalty_k: 0.12797004650276966, scale_lr: 0.45112239655054920, EAO: 0.261
Trial 435 finished with value: 0.26135399398522646 and parameters: {'window_influence': 0.31561829760759286, 'penalty_k': 0.12797004650276966, 'scale_lr': 0.4511223965505492}. Best is trial 113 with value: 0.2826390351827552.
checkpoint_e39 window_influence: 0.29299564171510484, penalty_k: 0.16440789647933488, scale_lr: 0.42327322537996942, EAO: 0.271
Trial 436 finished with value: 0.2707340670673828 and parameters: {'window_influence': 0.29299564171510484, 'penalty_k': 0.16440789647933488, 'scale_lr': 0.4232732253799694}. Best is trial 113 with value: 0.2826390351827552.
checkpoint_e39 window_influence: 0.29387050881493798, penalty_k: 0.18357912076125313, scale_lr: 0.41143665886559949, EAO: 0.264
Trial 437 finished with value: 0.26428699893195456 and parameters: {'window_influence': 0.293870508814938, 'penalty_k': 0.18357912076125313, 'scale_lr': 0.4114366588655995}. Best is trial 113 with value: 0.2826390351827552.
checkpoint_e39 window_influence: 0.30343025430457687, penalty_k: 0.17670526671084807, scale_lr: 0.43665858862331131, EAO: 0.279
Trial 438 finished with value: 0.27892147876867435 and parameters: {'window_influence': 0.3034302543045769, 'penalty_k': 0.17670526671084807, 'scale_lr': 0.4366585886233113}. Best is trial 113 with value: 0.2826390351827552.
checkpoint_e39 window_influence: 0.29485389432741127, penalty_k: 0.14824603547687870, scale_lr: 0.43835181671245543, EAO: 0.277
Trial 439 finished with value: 0.27712690248721983 and parameters: {'window_influence': 0.29485389432741127, 'penalty_k': 0.1482460354768787, 'scale_lr': 0.43835181671245543}. Best is trial 113 with value: 0.2826390351827552.
checkpoint_e39 window_influence: 0.31210471773054105, penalty_k: 0.15477169140699296, scale_lr: 0.43703845893559679, EAO: 0.274
Trial 440 finished with value: 0.27363678909898775 and parameters: {'window_influence': 0.31210471773054105, 'penalty_k': 0.15477169140699296, 'scale_lr': 0.4370384589355968}. Best is trial 113 with value: 0.2826390351827552.
checkpoint_e39 window_influence: 0.29396700189082392, penalty_k: 0.14613581346208993, scale_lr: 0.43947549628726401, EAO: 0.263
Trial 441 finished with value: 0.26344458789117936 and parameters: {'window_influence': 0.2939670018908239, 'penalty_k': 0.14613581346208993, 'scale_lr': 0.439475496287264}. Best is trial 113 with value: 0.2826390351827552.
checkpoint_e39 window_influence: 0.30366696180403385, penalty_k: 0.15369807171575969, scale_lr: 0.46042765238985878, EAO: 0.270
Trial 442 finished with value: 0.2700944685233318 and parameters: {'window_influence': 0.30366696180403385, 'penalty_k': 0.1536980717157597, 'scale_lr': 0.4604276523898588}. Best is trial 113 with value: 0.2826390351827552.
checkpoint_e39 window_influence: 0.30911667553437555, penalty_k: 0.17296963108864738, scale_lr: 0.47232653114795931, EAO: 0.277
Trial 443 finished with value: 0.2768228316937036 and parameters: {'window_influence': 0.30911667553437555, 'penalty_k': 0.17296963108864738, 'scale_lr': 0.4723265311479593}. Best is trial 113 with value: 0.2826390351827552.
checkpoint_e39 window_influence: 0.32646481508703828, penalty_k: 0.16331465290063493, scale_lr: 0.48162876808968191, EAO: 0.258
Trial 444 finished with value: 0.2583752928104827 and parameters: {'window_influence': 0.3264648150870383, 'penalty_k': 0.16331465290063493, 'scale_lr': 0.4816287680896819}. Best is trial 113 with value: 0.2826390351827552.
checkpoint_e39 window_influence: 0.05450762769302947, penalty_k: 0.14167560925360209, scale_lr: 0.44234238126312908, EAO: 0.229
Trial 445 finished with value: 0.2288102662054504 and parameters: {'window_influence': 0.05450762769302947, 'penalty_k': 0.1416756092536021, 'scale_lr': 0.4423423812631291}. Best is trial 113 with value: 0.2826390351827552.
checkpoint_e39 window_influence: 0.30818393885985035, penalty_k: 0.17859123501748952, scale_lr: 0.50234184450838115, EAO: 0.270
Trial 446 finished with value: 0.2700207595054696 and parameters: {'window_influence': 0.30818393885985035, 'penalty_k': 0.17859123501748952, 'scale_lr': 0.5023418445083812}. Best is trial 113 with value: 0.2826390351827552.
checkpoint_e39 window_influence: 0.30247408063405035, penalty_k: 0.16882600565082340, scale_lr: 0.46201276465962404, EAO: 0.271
Trial 447 finished with value: 0.27127546320358914 and parameters: {'window_influence': 0.30247408063405035, 'penalty_k': 0.1688260056508234, 'scale_lr': 0.46201276465962404}. Best is trial 113 with value: 0.2826390351827552.
checkpoint_e39 window_influence: 0.31964551250756557, penalty_k: 0.13376898585502206, scale_lr: 0.43143829117163479, EAO: 0.264
Trial 448 finished with value: 0.26444202449505894 and parameters: {'window_influence': 0.31964551250756557, 'penalty_k': 0.13376898585502206, 'scale_lr': 0.4314382911716348}. Best is trial 113 with value: 0.2826390351827552.
checkpoint_e39 window_influence: 0.28703093123111711, penalty_k: 0.15949665084159106, scale_lr: 0.48086582823696372, EAO: 0.273
Trial 449 finished with value: 0.2733148713785458 and parameters: {'window_influence': 0.2870309312311171, 'penalty_k': 0.15949665084159106, 'scale_lr': 0.4808658282369637}. Best is trial 113 with value: 0.2826390351827552.
checkpoint_e39 window_influence: 0.33678698514858935, penalty_k: 0.26791720932545510, scale_lr: 0.45054116963563101, EAO: 0.260
Trial 450 finished with value: 0.2602509002738852 and parameters: {'window_influence': 0.33678698514858935, 'penalty_k': 0.2679172093254551, 'scale_lr': 0.450541169635631}. Best is trial 113 with value: 0.2826390351827552.
checkpoint_e39 window_influence: 0.29794427324229789, penalty_k: 0.09751307001427079, scale_lr: 0.47402596881317405, EAO: 0.264
Trial 451 finished with value: 0.26439925416456006 and parameters: {'window_influence': 0.2979442732422979, 'penalty_k': 0.09751307001427079, 'scale_lr': 0.47402596881317405}. Best is trial 113 with value: 0.2826390351827552.
checkpoint_e39 window_influence: 0.31240376752972754, penalty_k: 0.17770968504358481, scale_lr: 0.42653415326288219, EAO: 0.274
Trial 452 finished with value: 0.274253502245841 and parameters: {'window_influence': 0.31240376752972754, 'penalty_k': 0.1777096850435848, 'scale_lr': 0.4265341532628822}. Best is trial 113 with value: 0.2826390351827552.
checkpoint_e39 window_influence: 0.28607994214846427, penalty_k: 0.28565299959135892, scale_lr: 0.44537372890123067, EAO: 0.267
Trial 453 finished with value: 0.2673008165708402 and parameters: {'window_influence': 0.2860799421484643, 'penalty_k': 0.2856529995913589, 'scale_lr': 0.44537372890123067}. Best is trial 113 with value: 0.2826390351827552.
checkpoint_e39 window_influence: 0.30916790088163626, penalty_k: 0.11836384087025381, scale_lr: 0.46295858799238837, EAO: 0.267
Trial 454 finished with value: 0.26683325344711784 and parameters: {'window_influence': 0.30916790088163626, 'penalty_k': 0.11836384087025381, 'scale_lr': 0.46295858799238837}. Best is trial 113 with value: 0.2826390351827552.
checkpoint_e39 window_influence: 0.27845409043301561, penalty_k: 0.14651260871554511, scale_lr: 0.42080057447276187, EAO: 0.266
Trial 455 finished with value: 0.26633116469635226 and parameters: {'window_influence': 0.2784540904330156, 'penalty_k': 0.1465126087155451, 'scale_lr': 0.42080057447276187}. Best is trial 113 with value: 0.2826390351827552.
checkpoint_e39 window_influence: 0.29680269199924353, penalty_k: 0.08168688508449531, scale_lr: 0.43299062276181050, EAO: 0.260
Trial 456 finished with value: 0.26013941402600066 and parameters: {'window_influence': 0.29680269199924353, 'penalty_k': 0.08168688508449531, 'scale_lr': 0.4329906227618105}. Best is trial 113 with value: 0.2826390351827552.
checkpoint_e39 window_influence: 0.32798928744878725, penalty_k: 0.00005359865037118, scale_lr: 0.40994130233184445, EAO: 0.254
Trial 457 finished with value: 0.2540822865032568 and parameters: {'window_influence': 0.32798928744878725, 'penalty_k': 5.3598650371175505e-05, 'scale_lr': 0.40994130233184445}. Best is trial 113 with value: 0.2826390351827552.
checkpoint_e39 window_influence: 0.27983926964534850, penalty_k: 0.53083033470916707, scale_lr: 0.43747249452506254, EAO: 0.262
Trial 458 finished with value: 0.26193865624869744 and parameters: {'window_influence': 0.2798392696453485, 'penalty_k': 0.5308303347091671, 'scale_lr': 0.43747249452506254}. Best is trial 113 with value: 0.2826390351827552.
checkpoint_e39 window_influence: 0.33718887126673086, penalty_k: 0.17176452861781036, scale_lr: 0.39972714028730094, EAO: 0.273
Trial 459 finished with value: 0.2730019222187802 and parameters: {'window_influence': 0.33718887126673086, 'penalty_k': 0.17176452861781036, 'scale_lr': 0.39972714028730094}. Best is trial 113 with value: 0.2826390351827552.
checkpoint_e39 window_influence: 0.31656805260102533, penalty_k: 0.18966671674673999, scale_lr: 0.45958630816451923, EAO: 0.268
Trial 460 finished with value: 0.2678992850630264 and parameters: {'window_influence': 0.31656805260102533, 'penalty_k': 0.18966671674674, 'scale_lr': 0.45958630816451923}. Best is trial 113 with value: 0.2826390351827552.
checkpoint_e39 window_influence: 0.28132933880548233, penalty_k: 0.25819842150126038, scale_lr: 0.41854354625509371, EAO: 0.268
Trial 461 finished with value: 0.26779393367166443 and parameters: {'window_influence': 0.28132933880548233, 'penalty_k': 0.2581984215012604, 'scale_lr': 0.4185435462550937}. Best is trial 113 with value: 0.2826390351827552.
checkpoint_e39 window_influence: 0.17480607688976488, penalty_k: 0.42573788656594586, scale_lr: 0.45252681755136087, EAO: 0.236
Trial 462 finished with value: 0.23611497255117914 and parameters: {'window_influence': 0.17480607688976488, 'penalty_k': 0.42573788656594586, 'scale_lr': 0.45252681755136087}. Best is trial 113 with value: 0.2826390351827552.
checkpoint_e39 window_influence: 0.29298616014433887, penalty_k: 0.31543931879387799, scale_lr: 0.49193378274988198, EAO: 0.263
Trial 463 finished with value: 0.26328905696064475 and parameters: {'window_influence': 0.29298616014433887, 'penalty_k': 0.315439318793878, 'scale_lr': 0.491933782749882}. Best is trial 113 with value: 0.2826390351827552.
checkpoint_e39 window_influence: 0.30683708194312326, penalty_k: 0.22825365552616383, scale_lr: 0.50716322638528788, EAO: 0.266
Trial 464 finished with value: 0.2662903771288996 and parameters: {'window_influence': 0.30683708194312326, 'penalty_k': 0.22825365552616383, 'scale_lr': 0.5071632263852879}. Best is trial 113 with value: 0.2826390351827552.
checkpoint_e39 window_influence: 0.16243787488625422, penalty_k: 0.03623806655075919, scale_lr: 0.19959701389661033, EAO: 0.263
Trial 465 finished with value: 0.26329970032703587 and parameters: {'window_influence': 0.16243787488625422, 'penalty_k': 0.03623806655075919, 'scale_lr': 0.19959701389661033}. Best is trial 113 with value: 0.2826390351827552.
checkpoint_e39 window_influence: 0.19083281440215460, penalty_k: 0.06340601216717442, scale_lr: 0.43282197637878311, EAO: 0.260
Trial 466 finished with value: 0.260388881270963 and parameters: {'window_influence': 0.1908328144021546, 'penalty_k': 0.06340601216717442, 'scale_lr': 0.4328219763787831}. Best is trial 113 with value: 0.2826390351827552.
checkpoint_e39 window_influence: 0.37739181846282677, penalty_k: 0.28139115260651648, scale_lr: 0.40038232706494203, EAO: 0.255
Trial 467 finished with value: 0.25530114297459766 and parameters: {'window_influence': 0.37739181846282677, 'penalty_k': 0.2813911526065165, 'scale_lr': 0.40038232706494203}. Best is trial 113 with value: 0.2826390351827552.
checkpoint_e39 window_influence: 0.27342517623295792, penalty_k: 0.18128436608134590, scale_lr: 0.47444729758944115, EAO: 0.267
Trial 468 finished with value: 0.26708227293035847 and parameters: {'window_influence': 0.2734251762329579, 'penalty_k': 0.1812843660813459, 'scale_lr': 0.47444729758944115}. Best is trial 113 with value: 0.2826390351827552.
checkpoint_e39 window_influence: 0.35611098041458428, penalty_k: 0.19459920316908044, scale_lr: 0.44687008801479539, EAO: 0.263
Trial 469 finished with value: 0.26259168649349757 and parameters: {'window_influence': 0.3561109804145843, 'penalty_k': 0.19459920316908044, 'scale_lr': 0.4468700880147954}. Best is trial 113 with value: 0.2826390351827552.
checkpoint_e39 window_influence: 0.31825100285706798, penalty_k: 0.15819814204944121, scale_lr: 0.41878233330737286, EAO: 0.286
Trial 470 finished with value: 0.2855554635568363 and parameters: {'window_influence': 0.318251002857068, 'penalty_k': 0.15819814204944121, 'scale_lr': 0.41878233330737286}. Best is trial 470 with value: 0.2855554635568363.
checkpoint_e39 window_influence: 0.32516980595296352, penalty_k: 0.15813982223681866, scale_lr: 0.42895256877540022, EAO: 0.276
Trial 471 finished with value: 0.27597869611610243 and parameters: {'window_influence': 0.3251698059529635, 'penalty_k': 0.15813982223681866, 'scale_lr': 0.4289525687754002}. Best is trial 470 with value: 0.2855554635568363.
checkpoint_e39 window_influence: 0.33274994612453557, penalty_k: 0.15086397171762067, scale_lr: 0.41621096494081083, EAO: 0.270
Trial 472 finished with value: 0.2701583773018868 and parameters: {'window_influence': 0.33274994612453557, 'penalty_k': 0.15086397171762067, 'scale_lr': 0.41621096494081083}. Best is trial 470 with value: 0.2855554635568363.
checkpoint_e39 window_influence: 0.31578658442157265, penalty_k: 0.01550677475023112, scale_lr: 0.42753613595179313, EAO: 0.253
Trial 473 finished with value: 0.253467057536288 and parameters: {'window_influence': 0.31578658442157265, 'penalty_k': 0.015506774750231121, 'scale_lr': 0.42753613595179313}. Best is trial 470 with value: 0.2855554635568363.
checkpoint_e39 window_influence: 0.32194246063268939, penalty_k: 0.24358512874386876, scale_lr: 0.41623470726381051, EAO: 0.263
Trial 474 finished with value: 0.2631801736912107 and parameters: {'window_influence': 0.3219424606326894, 'penalty_k': 0.24358512874386876, 'scale_lr': 0.4162347072638105}. Best is trial 470 with value: 0.2855554635568363.
checkpoint_e39 window_influence: 0.34773480628673037, penalty_k: 0.16244538135935085, scale_lr: 0.40241352097564120, EAO: 0.259
Trial 475 finished with value: 0.2589362911213704 and parameters: {'window_influence': 0.34773480628673037, 'penalty_k': 0.16244538135935085, 'scale_lr': 0.4024135209756412}. Best is trial 470 with value: 0.2855554635568363.
checkpoint_e39 window_influence: 0.32343216649824702, penalty_k: 0.13946053605204164, scale_lr: 0.43583500136556186, EAO: 0.270
Trial 476 finished with value: 0.26979213008066505 and parameters: {'window_influence': 0.323432166498247, 'penalty_k': 0.13946053605204164, 'scale_lr': 0.43583500136556186}. Best is trial 470 with value: 0.2855554635568363.
checkpoint_e39 window_influence: 0.33883595857732551, penalty_k: 0.15582686682152314, scale_lr: 0.69575734926154031, EAO: 0.270
Trial 477 finished with value: 0.2699948756433115 and parameters: {'window_influence': 0.3388359585773255, 'penalty_k': 0.15582686682152314, 'scale_lr': 0.6957573492615403}. Best is trial 470 with value: 0.2855554635568363.
checkpoint_e39 window_influence: 0.30583774109578604, penalty_k: 0.02335380057814235, scale_lr: 0.44267852962678644, EAO: 0.266
Trial 478 finished with value: 0.26618277687367387 and parameters: {'window_influence': 0.30583774109578604, 'penalty_k': 0.023353800578142354, 'scale_lr': 0.44267852962678644}. Best is trial 470 with value: 0.2855554635568363.
checkpoint_e39 window_influence: 0.29642393884067142, penalty_k: 0.26691518068887127, scale_lr: 0.39313347779292718, EAO: 0.262
Trial 479 finished with value: 0.26234465904109844 and parameters: {'window_influence': 0.2964239388406714, 'penalty_k': 0.26691518068887127, 'scale_lr': 0.3931334777929272}. Best is trial 470 with value: 0.2855554635568363.
checkpoint_e39 window_influence: 0.32564198206409523, penalty_k: 0.23439048268206850, scale_lr: 0.41447014806861576, EAO: 0.258
Trial 480 finished with value: 0.25757598483223254 and parameters: {'window_influence': 0.3256419820640952, 'penalty_k': 0.2343904826820685, 'scale_lr': 0.41447014806861576}. Best is trial 470 with value: 0.2855554635568363.
checkpoint_e39 window_influence: 0.30915547252068798, penalty_k: 0.16937773348191909, scale_lr: 0.43154834775757395, EAO: 0.258
Trial 481 finished with value: 0.2583273225804655 and parameters: {'window_influence': 0.309155472520688, 'penalty_k': 0.1693777334819191, 'scale_lr': 0.43154834775757395}. Best is trial 470 with value: 0.2855554635568363.
checkpoint_e39 window_influence: 0.28924141577371942, penalty_k: 0.13138398015964384, scale_lr: 0.46128494725085561, EAO: 0.267
Trial 482 finished with value: 0.267356169296474 and parameters: {'window_influence': 0.2892414157737194, 'penalty_k': 0.13138398015964384, 'scale_lr': 0.4612849472508556}. Best is trial 470 with value: 0.2855554635568363.
checkpoint_e39 window_influence: 0.33261773525498151, penalty_k: 0.21754955739529833, scale_lr: 0.52638722642078750, EAO: 0.277
Trial 483 finished with value: 0.2771747478140079 and parameters: {'window_influence': 0.3326177352549815, 'penalty_k': 0.21754955739529833, 'scale_lr': 0.5263872264207875}. Best is trial 470 with value: 0.2855554635568363.
checkpoint_e39 window_influence: 0.33235375596447925, penalty_k: 0.22200709869899926, scale_lr: 0.52470894409856361, EAO: 0.261
Trial 484 finished with value: 0.2609729941298322 and parameters: {'window_influence': 0.33235375596447925, 'penalty_k': 0.22200709869899926, 'scale_lr': 0.5247089440985636}. Best is trial 470 with value: 0.2855554635568363.
checkpoint_e39 window_influence: 0.34129211481032529, penalty_k: 0.21725924540005648, scale_lr: 0.47956211300407703, EAO: 0.274
Trial 485 finished with value: 0.274054381360368 and parameters: {'window_influence': 0.3412921148103253, 'penalty_k': 0.21725924540005648, 'scale_lr': 0.47956211300407703}. Best is trial 470 with value: 0.2855554635568363.
checkpoint_e39 window_influence: 0.31843708825293987, penalty_k: 0.24880026540655109, scale_lr: 0.65431958961377901, EAO: 0.252
Trial 486 finished with value: 0.2517537495227364 and parameters: {'window_influence': 0.31843708825293987, 'penalty_k': 0.2488002654065511, 'scale_lr': 0.654319589613779}. Best is trial 470 with value: 0.2855554635568363.
checkpoint_e39 window_influence: 0.34665123953644889, penalty_k: 0.20760526094510662, scale_lr: 0.57749063860933814, EAO: 0.272
Trial 487 finished with value: 0.2717827282906548 and parameters: {'window_influence': 0.3466512395364489, 'penalty_k': 0.20760526094510662, 'scale_lr': 0.5774906386093381}. Best is trial 470 with value: 0.2855554635568363.
checkpoint_e39 window_influence: 0.33642772085037348, penalty_k: 0.29929935711149169, scale_lr: 0.53449464531110957, EAO: 0.259
Trial 488 finished with value: 0.2589190972408628 and parameters: {'window_influence': 0.3364277208503735, 'penalty_k': 0.2992993571114917, 'scale_lr': 0.5344946453111096}. Best is trial 470 with value: 0.2855554635568363.
checkpoint_e39 window_influence: 0.31662357055768914, penalty_k: 0.21244247736631039, scale_lr: 0.57372475821500990, EAO: 0.278
Trial 489 finished with value: 0.2779355760270018 and parameters: {'window_influence': 0.31662357055768914, 'penalty_k': 0.2124424773663104, 'scale_lr': 0.5737247582150099}. Best is trial 470 with value: 0.2855554635568363.
checkpoint_e39 window_influence: 0.32685254160860827, penalty_k: 0.23410079354973623, scale_lr: 0.56997934922206095, EAO: 0.270
Trial 490 finished with value: 0.2696359350792761 and parameters: {'window_influence': 0.32685254160860827, 'penalty_k': 0.23410079354973623, 'scale_lr': 0.569979349222061}. Best is trial 470 with value: 0.2855554635568363.
checkpoint_e39 window_influence: 0.35717986646370770, penalty_k: 0.21298114693622253, scale_lr: 0.44303046133253227, EAO: 0.267
Trial 491 finished with value: 0.2669458873267096 and parameters: {'window_influence': 0.3571798664637077, 'penalty_k': 0.21298114693622253, 'scale_lr': 0.44303046133253227}. Best is trial 470 with value: 0.2855554635568363.
checkpoint_e39 window_influence: 0.31407695414181591, penalty_k: 0.19248649062206200, scale_lr: 0.54620080589878883, EAO: 0.289
Trial 492 finished with value: 0.2888057565664857 and parameters: {'window_influence': 0.3140769541418159, 'penalty_k': 0.192486490622062, 'scale_lr': 0.5462008058987888}. Best is trial 492 with value: 0.2888057565664857.
checkpoint_e39 window_influence: 0.31575710507615229, penalty_k: 0.18828604754929268, scale_lr: 0.55761616462858221, EAO: 0.265
Trial 493 finished with value: 0.264592499691781 and parameters: {'window_influence': 0.3157571050761523, 'penalty_k': 0.18828604754929268, 'scale_lr': 0.5576161646285822}. Best is trial 492 with value: 0.2888057565664857.
checkpoint_e39 window_influence: 0.30695257689955729, penalty_k: 0.19724540243562269, scale_lr: 0.40946583175718976, EAO: 0.263
Trial 494 finished with value: 0.26289764464628407 and parameters: {'window_influence': 0.3069525768995573, 'penalty_k': 0.1972454024356227, 'scale_lr': 0.40946583175718976}. Best is trial 492 with value: 0.2888057565664857.
checkpoint_e39 window_influence: 0.32110282459759498, penalty_k: 0.12444717459094823, scale_lr: 0.59406734452562060, EAO: 0.266
Trial 495 finished with value: 0.2656094737169219 and parameters: {'window_influence': 0.321102824597595, 'penalty_k': 0.12444717459094823, 'scale_lr': 0.5940673445256206}. Best is trial 492 with value: 0.2888057565664857.
checkpoint_e39 window_influence: 0.33282479626300682, penalty_k: 0.17467712352058318, scale_lr: 0.53620049433218542, EAO: 0.265
