Trial 185 finished with value: 0.2641238084411233 and parameters: {'window_influence': 0.3136094576436312, 'penalty_k': 0.24133345307974424, 'scale_lr': 0.1917045299006362}. Best is trial 35 with value: 0.27627885390103346.
checkpoint_e32 window_influence: 0.29769268152786804, penalty_k: 0.25646999711737528, scale_lr: 0.17062631521391575, EAO: 0.261
Trial 186 finished with value: 0.26051937382880264 and parameters: {'window_influence': 0.29769268152786804, 'penalty_k': 0.2564699971173753, 'scale_lr': 0.17062631521391575}. Best is trial 35 with value: 0.27627885390103346.
checkpoint_e32 window_influence: 0.32014039260464300, penalty_k: 0.28224131250065687, scale_lr: 0.14121867067036412, EAO: 0.269
Trial 187 finished with value: 0.269054506791801 and parameters: {'window_influence': 0.320140392604643, 'penalty_k': 0.28224131250065687, 'scale_lr': 0.14121867067036412}. Best is trial 35 with value: 0.27627885390103346.
checkpoint_e32 window_influence: 0.30692751312211719, penalty_k: 0.28364721923764180, scale_lr: 0.11388168214185200, EAO: 0.255
Trial 188 finished with value: 0.25539737194776535 and parameters: {'window_influence': 0.3069275131221172, 'penalty_k': 0.2836472192376418, 'scale_lr': 0.113881682141852}. Best is trial 35 with value: 0.27627885390103346.
checkpoint_e32 window_influence: 0.32000299919634301, penalty_k: 0.25160686973219187, scale_lr: 0.13645315616362827, EAO: 0.265
Trial 189 finished with value: 0.26470192449121943 and parameters: {'window_influence': 0.320002999196343, 'penalty_k': 0.2516068697321919, 'scale_lr': 0.13645315616362827}. Best is trial 35 with value: 0.27627885390103346.
checkpoint_e32 window_influence: 0.32665643586636495, penalty_k: 0.27870926564160081, scale_lr: 0.14874168583220843, EAO: 0.254
Trial 190 finished with value: 0.2542068169005518 and parameters: {'window_influence': 0.32665643586636495, 'penalty_k': 0.2787092656416008, 'scale_lr': 0.14874168583220843}. Best is trial 35 with value: 0.27627885390103346.
checkpoint_e32 window_influence: 0.34204235142498046, penalty_k: 0.27372090579656339, scale_lr: 0.18088666254302721, EAO: 0.266
Trial 191 finished with value: 0.26572286882778495 and parameters: {'window_influence': 0.34204235142498046, 'penalty_k': 0.2737209057965634, 'scale_lr': 0.1808866625430272}. Best is trial 35 with value: 0.27627885390103346.
checkpoint_e32 window_influence: 0.35400206919959754, penalty_k: 0.29770649760762236, scale_lr: 0.19617425752614059, EAO: 0.264
Trial 192 finished with value: 0.2636836534593163 and parameters: {'window_influence': 0.35400206919959754, 'penalty_k': 0.29770649760762236, 'scale_lr': 0.1961742575261406}. Best is trial 35 with value: 0.27627885390103346.
checkpoint_e32 window_influence: 0.30331035622138613, penalty_k: 0.26783798861727198, scale_lr: 0.23334787780231583, EAO: 0.258
Trial 193 finished with value: 0.25752039798876136 and parameters: {'window_influence': 0.30331035622138613, 'penalty_k': 0.267837988617272, 'scale_lr': 0.23334787780231583}. Best is trial 35 with value: 0.27627885390103346.
checkpoint_e32 window_influence: 0.33012562976129717, penalty_k: 0.25115081530923944, scale_lr: 0.19954472124421430, EAO: 0.260
Trial 194 finished with value: 0.2604130880256009 and parameters: {'window_influence': 0.33012562976129717, 'penalty_k': 0.25115081530923944, 'scale_lr': 0.1995447212442143}. Best is trial 35 with value: 0.27627885390103346.
checkpoint_e32 window_influence: 0.29228135566592306, penalty_k: 0.22733149067656860, scale_lr: 0.14512844908511696, EAO: 0.258
Trial 195 finished with value: 0.25833023805928423 and parameters: {'window_influence': 0.29228135566592306, 'penalty_k': 0.2273314906765686, 'scale_lr': 0.14512844908511696}. Best is trial 35 with value: 0.27627885390103346.
checkpoint_e32 window_influence: 0.31739807671565468, penalty_k: 0.26486329498511907, scale_lr: 0.10002347273087853, EAO: 0.261
Trial 196 finished with value: 0.26070590123413057 and parameters: {'window_influence': 0.3173980767156547, 'penalty_k': 0.26486329498511907, 'scale_lr': 0.10002347273087853}. Best is trial 35 with value: 0.27627885390103346.
checkpoint_e32 window_influence: 0.26764242162011503, penalty_k: 0.12015907141418861, scale_lr: 0.17627550005218109, EAO: 0.255
Trial 197 finished with value: 0.25519055800467005 and parameters: {'window_influence': 0.26764242162011503, 'penalty_k': 0.1201590714141886, 'scale_lr': 0.1762755000521811}. Best is trial 35 with value: 0.27627885390103346.
checkpoint_e32 window_influence: 0.24837165392713578, penalty_k: 0.15278543634725755, scale_lr: 0.16362230938312203, EAO: 0.254
Trial 198 finished with value: 0.25362786820264366 and parameters: {'window_influence': 0.24837165392713578, 'penalty_k': 0.15278543634725755, 'scale_lr': 0.16362230938312203}. Best is trial 35 with value: 0.27627885390103346.
checkpoint_e32 window_influence: 0.34298537508835092, penalty_k: 0.24428396478027928, scale_lr: 0.22553380198347039, EAO: 0.266
Trial 199 finished with value: 0.2662528573982115 and parameters: {'window_influence': 0.3429853750883509, 'penalty_k': 0.24428396478027928, 'scale_lr': 0.2255338019834704}. Best is trial 35 with value: 0.27627885390103346.
checkpoint_e32 window_influence: 0.36703230070056964, penalty_k: 0.13164886394980518, scale_lr: 0.24345075737458827, EAO: 0.267
Trial 200 finished with value: 0.2669496760983777 and parameters: {'window_influence': 0.36703230070056964, 'penalty_k': 0.13164886394980518, 'scale_lr': 0.24345075737458827}. Best is trial 35 with value: 0.27627885390103346.
checkpoint_e32 window_influence: 0.35699118266771718, penalty_k: 0.20672822390873843, scale_lr: 0.28368474470724203, EAO: 0.245
Trial 201 finished with value: 0.24548330370003615 and parameters: {'window_influence': 0.3569911826677172, 'penalty_k': 0.20672822390873843, 'scale_lr': 0.28368474470724203}. Best is trial 35 with value: 0.27627885390103346.
checkpoint_e32 window_influence: 0.38176334113383109, penalty_k: 0.18778625556211673, scale_lr: 0.26593807801824509, EAO: 0.270
Trial 202 finished with value: 0.2698961891294495 and parameters: {'window_influence': 0.3817633411338311, 'penalty_k': 0.18778625556211673, 'scale_lr': 0.2659380780182451}. Best is trial 35 with value: 0.27627885390103346.
checkpoint_e32 window_influence: 0.38803310193938789, penalty_k: 0.18664957621024128, scale_lr: 0.25872583590705539, EAO: 0.255
Trial 203 finished with value: 0.25520016804216356 and parameters: {'window_influence': 0.3880331019393879, 'penalty_k': 0.18664957621024128, 'scale_lr': 0.2587258359070554}. Best is trial 35 with value: 0.27627885390103346.
checkpoint_e32 window_influence: 0.37907336001328340, penalty_k: 0.17057355358769427, scale_lr: 0.21190332838079973, EAO: 0.262
Trial 204 finished with value: 0.2624295162476175 and parameters: {'window_influence': 0.3790733600132834, 'penalty_k': 0.17057355358769427, 'scale_lr': 0.21190332838079973}. Best is trial 35 with value: 0.27627885390103346.
checkpoint_e32 window_influence: 0.44162980289084031, penalty_k: 0.18258112395728485, scale_lr: 0.12235059219958330, EAO: 0.261
Trial 205 finished with value: 0.26063489047734717 and parameters: {'window_influence': 0.4416298028908403, 'penalty_k': 0.18258112395728485, 'scale_lr': 0.1223505921995833}. Best is trial 35 with value: 0.27627885390103346.
checkpoint_e32 window_influence: 0.33360682305200690, penalty_k: 0.16302100730563995, scale_lr: 0.23458848662213294, EAO: 0.263
Trial 206 finished with value: 0.2634018688061373 and parameters: {'window_influence': 0.3336068230520069, 'penalty_k': 0.16302100730563995, 'scale_lr': 0.23458848662213294}. Best is trial 35 with value: 0.27627885390103346.
checkpoint_e32 window_influence: 0.41090921463544838, penalty_k: 0.14630780402310273, scale_lr: 0.19875061617222883, EAO: 0.259
Trial 207 finished with value: 0.25947855806689923 and parameters: {'window_influence': 0.4109092146354484, 'penalty_k': 0.14630780402310273, 'scale_lr': 0.19875061617222883}. Best is trial 35 with value: 0.27627885390103346.
checkpoint_e32 window_influence: 0.39789377386863289, penalty_k: 0.28781371955469742, scale_lr: 0.24735338421744640, EAO: 0.243
Trial 208 finished with value: 0.2427404921471588 and parameters: {'window_influence': 0.3978937738686329, 'penalty_k': 0.2878137195546974, 'scale_lr': 0.2473533842174464}. Best is trial 35 with value: 0.27627885390103346.
checkpoint_e32 window_influence: 0.31220361287278897, penalty_k: 0.03884113037131651, scale_lr: 0.18703819420966861, EAO: 0.269
Trial 209 finished with value: 0.26897700227857607 and parameters: {'window_influence': 0.31220361287278897, 'penalty_k': 0.03884113037131651, 'scale_lr': 0.1870381942096686}. Best is trial 35 with value: 0.27627885390103346.
checkpoint_e32 window_influence: 0.31154895920110137, penalty_k: 0.04569716321760350, scale_lr: 0.18338187250854218, EAO: 0.259
Trial 210 finished with value: 0.25939861915218154 and parameters: {'window_influence': 0.31154895920110137, 'penalty_k': 0.045697163217603504, 'scale_lr': 0.18338187250854218}. Best is trial 35 with value: 0.27627885390103346.
checkpoint_e32 window_influence: 0.28266997452412962, penalty_k: 0.02547167520217552, scale_lr: 0.21000463847663223, EAO: 0.261
Trial 211 finished with value: 0.26110612389033405 and parameters: {'window_influence': 0.2826699745241296, 'penalty_k': 0.025471675202175515, 'scale_lr': 0.21000463847663223}. Best is trial 35 with value: 0.27627885390103346.
checkpoint_e32 window_influence: 0.29806461413113639, penalty_k: 0.06161106226767501, scale_lr: 0.31385878331238398, EAO: 0.252
Trial 212 finished with value: 0.2523285788370342 and parameters: {'window_influence': 0.2980646141311364, 'penalty_k': 0.06161106226767501, 'scale_lr': 0.313858783312384}. Best is trial 35 with value: 0.27627885390103346.
checkpoint_e32 window_influence: 0.31878241186515105, penalty_k: 0.31328465623372637, scale_lr: 0.16215456979646778, EAO: 0.256
Trial 213 finished with value: 0.256278226470075 and parameters: {'window_influence': 0.31878241186515105, 'penalty_k': 0.31328465623372637, 'scale_lr': 0.16215456979646778}. Best is trial 35 with value: 0.27627885390103346.
checkpoint_e32 window_influence: 0.34898044295656866, penalty_k: 0.02831098823741366, scale_lr: 0.18959623241880003, EAO: 0.262
Trial 214 finished with value: 0.26229971653319956 and parameters: {'window_influence': 0.34898044295656866, 'penalty_k': 0.02831098823741366, 'scale_lr': 0.18959623241880003}. Best is trial 35 with value: 0.27627885390103346.
checkpoint_e32 window_influence: 0.36918770888545804, penalty_k: 0.04253601504864110, scale_lr: 0.22134859135244800, EAO: 0.262
Trial 215 finished with value: 0.261771660328396 and parameters: {'window_influence': 0.36918770888545804, 'penalty_k': 0.0425360150486411, 'scale_lr': 0.221348591352448}. Best is trial 35 with value: 0.27627885390103346.
checkpoint_e32 window_influence: 0.32865704854340905, penalty_k: 0.19496383446420235, scale_lr: 0.38492830287953939, EAO: 0.264
Trial 216 finished with value: 0.26439623704286125 and parameters: {'window_influence': 0.32865704854340905, 'penalty_k': 0.19496383446420235, 'scale_lr': 0.3849283028795394}. Best is trial 35 with value: 0.27627885390103346.
checkpoint_e32 window_influence: 0.36167414890004873, penalty_k: 0.09255711745266457, scale_lr: 0.13328864934844123, EAO: 0.270
Trial 217 finished with value: 0.270074070711446 and parameters: {'window_influence': 0.36167414890004873, 'penalty_k': 0.09255711745266457, 'scale_lr': 0.13328864934844123}. Best is trial 35 with value: 0.27627885390103346.
checkpoint_e32 window_influence: 0.07116475702878988, penalty_k: 0.08874328931961400, scale_lr: 0.13364513398582267, EAO: 0.227
Trial 218 finished with value: 0.22716084352838314 and parameters: {'window_influence': 0.07116475702878988, 'penalty_k': 0.088743289319614, 'scale_lr': 0.13364513398582267}. Best is trial 35 with value: 0.27627885390103346.
checkpoint_e32 window_influence: 0.49288741885521081, penalty_k: 0.07628463986529919, scale_lr: 0.15111663889528212, EAO: 0.243
Trial 219 finished with value: 0.24302054735703196 and parameters: {'window_influence': 0.4928874188552108, 'penalty_k': 0.0762846398652992, 'scale_lr': 0.15111663889528212}. Best is trial 35 with value: 0.27627885390103346.
checkpoint_e32 window_influence: 0.37974699147555308, penalty_k: 0.26757996540876533, scale_lr: 0.11778925380532095, EAO: 0.256
Trial 220 finished with value: 0.2561375364903512 and parameters: {'window_influence': 0.3797469914755531, 'penalty_k': 0.26757996540876533, 'scale_lr': 0.11778925380532095}. Best is trial 35 with value: 0.27627885390103346.
checkpoint_e32 window_influence: 0.34825402090967750, penalty_k: 0.10610459071061487, scale_lr: 0.26187656058903441, EAO: 0.255
Trial 221 finished with value: 0.255450346787286 and parameters: {'window_influence': 0.3482540209096775, 'penalty_k': 0.10610459071061487, 'scale_lr': 0.2618765605890344}. Best is trial 35 with value: 0.27627885390103346.
checkpoint_e32 window_influence: 0.36538842399371768, penalty_k: 0.17947865421347409, scale_lr: 0.17389600970175229, EAO: 0.268
Trial 222 finished with value: 0.2680135097930102 and parameters: {'window_influence': 0.3653884239937177, 'penalty_k': 0.1794786542134741, 'scale_lr': 0.17389600970175229}. Best is trial 35 with value: 0.27627885390103346.
checkpoint_e32 window_influence: 0.36116720288125170, penalty_k: 0.17236609940210451, scale_lr: 0.17837339654034678, EAO: 0.249
Trial 223 finished with value: 0.2492480458525138 and parameters: {'window_influence': 0.3611672028812517, 'penalty_k': 0.1723660994021045, 'scale_lr': 0.17837339654034678}. Best is trial 35 with value: 0.27627885390103346.
checkpoint_e32 window_influence: 0.38891602970184336, penalty_k: 0.18166441693667779, scale_lr: 0.14004368838594161, EAO: 0.259
Trial 224 finished with value: 0.25931352019552295 and parameters: {'window_influence': 0.38891602970184336, 'penalty_k': 0.18166441693667779, 'scale_lr': 0.1400436883859416}. Best is trial 35 with value: 0.27627885390103346.
checkpoint_e32 window_influence: 0.30731847545701130, penalty_k: 0.09554470293178881, scale_lr: 0.16989972786158258, EAO: 0.260
Trial 225 finished with value: 0.2601638886380971 and parameters: {'window_influence': 0.3073184754570113, 'penalty_k': 0.09554470293178881, 'scale_lr': 0.16989972786158258}. Best is trial 35 with value: 0.27627885390103346.
checkpoint_e32 window_influence: 0.37003028433762725, penalty_k: 0.15815845261819644, scale_lr: 0.47709825580778864, EAO: 0.258
Trial 226 finished with value: 0.2580018939404953 and parameters: {'window_influence': 0.37003028433762725, 'penalty_k': 0.15815845261819644, 'scale_lr': 0.47709825580778864}. Best is trial 35 with value: 0.27627885390103346.
checkpoint_e32 window_influence: 0.34233037133931654, penalty_k: 0.19505386369029626, scale_lr: 0.19150903400388947, EAO: 0.260
Trial 227 finished with value: 0.2597798536705777 and parameters: {'window_influence': 0.34233037133931654, 'penalty_k': 0.19505386369029626, 'scale_lr': 0.19150903400388947}. Best is trial 35 with value: 0.27627885390103346.
checkpoint_e32 window_influence: 0.36021075923433965, penalty_k: 0.17308924239044005, scale_lr: 0.15470021739552819, EAO: 0.272
Trial 228 finished with value: 0.2723871014588247 and parameters: {'window_influence': 0.36021075923433965, 'penalty_k': 0.17308924239044005, 'scale_lr': 0.1547002173955282}. Best is trial 35 with value: 0.27627885390103346.
checkpoint_e32 window_influence: 0.33905553837285368, penalty_k: 0.17753750871331092, scale_lr: 0.15716914458392370, EAO: 0.265
Trial 229 finished with value: 0.2648427321053133 and parameters: {'window_influence': 0.3390555383728537, 'penalty_k': 0.17753750871331092, 'scale_lr': 0.1571691445839237}. Best is trial 35 with value: 0.27627885390103346.
checkpoint_e32 window_influence: 0.35773072105856396, penalty_k: 0.16346786582163608, scale_lr: 0.57491058880805490, EAO: 0.255
Trial 230 finished with value: 0.25517699825085277 and parameters: {'window_influence': 0.35773072105856396, 'penalty_k': 0.16346786582163608, 'scale_lr': 0.5749105888080549}. Best is trial 35 with value: 0.27627885390103346.
checkpoint_e32 window_influence: 0.56499769020188151, penalty_k: 0.18914842049065811, scale_lr: 0.12710345152406896, EAO: 0.226
Trial 231 finished with value: 0.22633765225972585 and parameters: {'window_influence': 0.5649976902018815, 'penalty_k': 0.1891484204906581, 'scale_lr': 0.12710345152406896}. Best is trial 35 with value: 0.27627885390103346.
checkpoint_e32 window_influence: 0.37881404796482365, penalty_k: 0.13619226665190012, scale_lr: 0.17705587773711592, EAO: 0.269
Trial 232 finished with value: 0.2686593290266952 and parameters: {'window_influence': 0.37881404796482365, 'penalty_k': 0.13619226665190012, 'scale_lr': 0.17705587773711592}. Best is trial 35 with value: 0.27627885390103346.
checkpoint_e32 window_influence: 0.37133833414205636, penalty_k: 0.13618552285511099, scale_lr: 0.20290277017578143, EAO: 0.275
Trial 233 finished with value: 0.27549432260476475 and parameters: {'window_influence': 0.37133833414205636, 'penalty_k': 0.13618552285511099, 'scale_lr': 0.20290277017578143}. Best is trial 35 with value: 0.27627885390103346.
checkpoint_e32 window_influence: 0.37125809049992603, penalty_k: 0.13539567983081024, scale_lr: 0.20251345820807690, EAO: 0.267
Trial 234 finished with value: 0.26704908998274224 and parameters: {'window_influence': 0.37125809049992603, 'penalty_k': 0.13539567983081024, 'scale_lr': 0.2025134582080769}. Best is trial 35 with value: 0.27627885390103346.
checkpoint_e32 window_influence: 0.38079888803009942, penalty_k: 0.14855138889957237, scale_lr: 0.17598828128634036, EAO: 0.263
Trial 235 finished with value: 0.26285118700527565 and parameters: {'window_influence': 0.3807988880300994, 'penalty_k': 0.14855138889957237, 'scale_lr': 0.17598828128634036}. Best is trial 35 with value: 0.27627885390103346.
checkpoint_e32 window_influence: 0.36523769432635672, penalty_k: 0.13723969064345759, scale_lr: 0.21562525591726378, EAO: 0.269
Trial 236 finished with value: 0.2689037530160532 and parameters: {'window_influence': 0.3652376943263567, 'penalty_k': 0.1372396906434576, 'scale_lr': 0.21562525591726378}. Best is trial 35 with value: 0.27627885390103346.
checkpoint_e32 window_influence: 0.35751506396186050, penalty_k: 0.13357810813331403, scale_lr: 0.21354724912223130, EAO: 0.259
Trial 237 finished with value: 0.2586268764443514 and parameters: {'window_influence': 0.3575150639618605, 'penalty_k': 0.13357810813331403, 'scale_lr': 0.2135472491222313}. Best is trial 35 with value: 0.27627885390103346.
checkpoint_e32 window_influence: 0.38949269686898574, penalty_k: 0.12153054754176418, scale_lr: 0.20304545548579614, EAO: 0.262
Trial 238 finished with value: 0.26234063457667345 and parameters: {'window_influence': 0.38949269686898574, 'penalty_k': 0.12153054754176418, 'scale_lr': 0.20304545548579614}. Best is trial 35 with value: 0.27627885390103346.
checkpoint_e32 window_influence: 0.40548810203138269, penalty_k: 0.15300227379443090, scale_lr: 0.22454973395104080, EAO: 0.272
Trial 239 finished with value: 0.27166199151093395 and parameters: {'window_influence': 0.4054881020313827, 'penalty_k': 0.1530022737944309, 'scale_lr': 0.2245497339510408}. Best is trial 35 with value: 0.27627885390103346.
checkpoint_e32 window_influence: 0.40082052879890262, penalty_k: 0.14562725324865128, scale_lr: 0.22496188157861127, EAO: 0.254
Trial 240 finished with value: 0.2541099246439895 and parameters: {'window_influence': 0.4008205287989026, 'penalty_k': 0.14562725324865128, 'scale_lr': 0.22496188157861127}. Best is trial 35 with value: 0.27627885390103346.
checkpoint_e32 window_influence: 0.41454940274919577, penalty_k: 0.15838661450351085, scale_lr: 0.23521093897582218, EAO: 0.264
Trial 241 finished with value: 0.2638476017892845 and parameters: {'window_influence': 0.4145494027491958, 'penalty_k': 0.15838661450351085, 'scale_lr': 0.23521093897582218}. Best is trial 35 with value: 0.27627885390103346.
checkpoint_e32 window_influence: 0.17033020742749050, penalty_k: 0.14161442154725715, scale_lr: 0.21756386942451808, EAO: 0.254
Trial 242 finished with value: 0.2542136796121675 and parameters: {'window_influence': 0.1703302074274905, 'penalty_k': 0.14161442154725715, 'scale_lr': 0.21756386942451808}. Best is trial 35 with value: 0.27627885390103346.
checkpoint_e32 window_influence: 0.37639881573478462, penalty_k: 0.11336917345095002, scale_lr: 0.36928730315865205, EAO: 0.267
Trial 243 finished with value: 0.2666867840580824 and parameters: {'window_influence': 0.3763988157347846, 'penalty_k': 0.11336917345095002, 'scale_lr': 0.36928730315865205}. Best is trial 35 with value: 0.27627885390103346.
checkpoint_e32 window_influence: 0.40110624629103758, penalty_k: 0.15377466493059844, scale_lr: 0.20337783881266377, EAO: 0.265
Trial 244 finished with value: 0.26462013565185594 and parameters: {'window_influence': 0.4011062462910376, 'penalty_k': 0.15377466493059844, 'scale_lr': 0.20337783881266377}. Best is trial 35 with value: 0.27627885390103346.
checkpoint_e32 window_influence: 0.42852657427036994, penalty_k: 0.12745219198650465, scale_lr: 0.18885875421527376, EAO: 0.253
Trial 245 finished with value: 0.25299089541280173 and parameters: {'window_influence': 0.42852657427036994, 'penalty_k': 0.12745219198650465, 'scale_lr': 0.18885875421527376}. Best is trial 35 with value: 0.27627885390103346.
checkpoint_e32 window_influence: 0.35993502712459563, penalty_k: 0.16919863719178374, scale_lr: 0.78187363730100945, EAO: 0.263
Trial 246 finished with value: 0.26333793458657534 and parameters: {'window_influence': 0.35993502712459563, 'penalty_k': 0.16919863719178374, 'scale_lr': 0.7818736373010094}. Best is trial 35 with value: 0.27627885390103346.
checkpoint_e32 window_influence: 0.38979285261371382, penalty_k: 0.13929395463072783, scale_lr: 0.24680486777874344, EAO: 0.263
