Trial 230 finished with value: 0.25156590227431397 and parameters: {'window_influence': 0.4130087490207094, 'penalty_k': 0.05323155137192885, 'scale_lr': 0.3754019748420716}. Best is trial 111 with value: 0.27549627247622344.
checkpoint_e16 window_influence: 0.36614834250696726, penalty_k: 0.06550133025544475, scale_lr: 0.31935935510766306, EAO: 0.261
Trial 235 finished with value: 0.26088539898637836 and parameters: {'window_influence': 0.36614834250696726, 'penalty_k': 0.06550133025544475, 'scale_lr': 0.31935935510766306}. Best is trial 90 with value: 0.28226814400858996.
checkpoint_e16 window_influence: 0.40169639597968321, penalty_k: 0.04069389272329879, scale_lr: 0.35517733160112869, EAO: 0.262
Trial 231 finished with value: 0.2620153707580838 and parameters: {'window_influence': 0.4016963959796832, 'penalty_k': 0.04069389272329879, 'scale_lr': 0.3551773316011287}. Best is trial 111 with value: 0.27549627247622344.
checkpoint_e16 window_influence: 0.40729765228093362, penalty_k: 0.05191312467429592, scale_lr: 0.49433507421863349, EAO: 0.264
Trial 216 finished with value: 0.2640926675583289 and parameters: {'window_influence': 0.4072976522809336, 'penalty_k': 0.051913124674295916, 'scale_lr': 0.4943350742186335}. Best is trial 184 with value: 0.2793023090779297.
checkpoint_e16 window_influence: 0.38406607072499277, penalty_k: 0.04533598667443942, scale_lr: 0.35552214286609285, EAO: 0.272
Trial 236 finished with value: 0.27178715817569715 and parameters: {'window_influence': 0.38406607072499277, 'penalty_k': 0.04533598667443942, 'scale_lr': 0.35552214286609285}. Best is trial 90 with value: 0.28226814400858996.
checkpoint_e16 window_influence: 0.39421115857457167, penalty_k: 0.03753341339293553, scale_lr: 0.35470846952508350, EAO: 0.272
Trial 232 finished with value: 0.2722677208059202 and parameters: {'window_influence': 0.3942111585745717, 'penalty_k': 0.03753341339293553, 'scale_lr': 0.3547084695250835}. Best is trial 111 with value: 0.27549627247622344.
checkpoint_e16 window_influence: 0.47212331546387276, penalty_k: 0.03374313114129581, scale_lr: 0.52787438793226860, EAO: 0.261
Trial 217 finished with value: 0.26121947890132424 and parameters: {'window_influence': 0.47212331546387276, 'penalty_k': 0.03374313114129581, 'scale_lr': 0.5278743879322686}. Best is trial 184 with value: 0.2793023090779297.
checkpoint_e16 window_influence: 0.38327611883587354, penalty_k: 0.26062444358433340, scale_lr: 0.34636857068096294, EAO: 0.248
Trial 237 finished with value: 0.24817775153532262 and parameters: {'window_influence': 0.38327611883587354, 'penalty_k': 0.2606244435843334, 'scale_lr': 0.34636857068096294}. Best is trial 90 with value: 0.28226814400858996.
checkpoint_e16 window_influence: 0.37726304964699992, penalty_k: 0.03048979664309442, scale_lr: 0.38650074984599814, EAO: 0.255
Trial 233 finished with value: 0.2548307155569394 and parameters: {'window_influence': 0.3772630496469999, 'penalty_k': 0.030489796643094424, 'scale_lr': 0.38650074984599814}. Best is trial 111 with value: 0.27549627247622344.
checkpoint_e16 window_influence: 0.43089615540560444, penalty_k: 0.00003192263512320, scale_lr: 0.42789557319382177, EAO: 0.263
Trial 218 finished with value: 0.26293950218979906 and parameters: {'window_influence': 0.43089615540560444, 'penalty_k': 3.192263512319729e-05, 'scale_lr': 0.42789557319382177}. Best is trial 184 with value: 0.2793023090779297.
checkpoint_e16 window_influence: 0.40193404788157189, penalty_k: 0.08279376505136306, scale_lr: 0.29577084888712646, EAO: 0.262
Trial 238 finished with value: 0.26186892826382707 and parameters: {'window_influence': 0.4019340478815719, 'penalty_k': 0.08279376505136306, 'scale_lr': 0.29577084888712646}. Best is trial 90 with value: 0.28226814400858996.
checkpoint_e16 window_influence: 0.39073030827337663, penalty_k: 0.01307750434036224, scale_lr: 0.36659244895823589, EAO: 0.257
Trial 234 finished with value: 0.25660651819250446 and parameters: {'window_influence': 0.3907303082733766, 'penalty_k': 0.013077504340362242, 'scale_lr': 0.3665924489582359}. Best is trial 111 with value: 0.27549627247622344.
checkpoint_e16 window_influence: 0.45515222923557708, penalty_k: 0.02024051778818762, scale_lr: 0.46483965788285481, EAO: 0.256
Trial 219 finished with value: 0.2559487140033303 and parameters: {'window_influence': 0.4551522292355771, 'penalty_k': 0.02024051778818762, 'scale_lr': 0.4648396578828548}. Best is trial 184 with value: 0.2793023090779297.
checkpoint_e16 window_influence: 0.34599379656831841, penalty_k: 0.03071664495136916, scale_lr: 0.33636789778078802, EAO: 0.266
Trial 239 finished with value: 0.2664685698180664 and parameters: {'window_influence': 0.3459937965683184, 'penalty_k': 0.03071664495136916, 'scale_lr': 0.336367897780788}. Best is trial 90 with value: 0.28226814400858996.
checkpoint_e16 window_influence: 0.36341330414238421, penalty_k: 0.03865514868621157, scale_lr: 0.33288774565046109, EAO: 0.258
Trial 235 finished with value: 0.2584853784703627 and parameters: {'window_influence': 0.3634133041423842, 'penalty_k': 0.03865514868621157, 'scale_lr': 0.3328877456504611}. Best is trial 111 with value: 0.27549627247622344.
checkpoint_e16 window_influence: 0.36614789887194132, penalty_k: 0.04306361384562197, scale_lr: 0.50075004504579701, EAO: 0.256
Trial 220 finished with value: 0.25645104898669857 and parameters: {'window_influence': 0.3661478988719413, 'penalty_k': 0.04306361384562197, 'scale_lr': 0.500750045045797}. Best is trial 184 with value: 0.2793023090779297.
checkpoint_e16 window_influence: 0.36192770048204487, penalty_k: 0.05367273260476051, scale_lr: 0.47035543145606312, EAO: 0.265
Trial 240 finished with value: 0.26505271309032674 and parameters: {'window_influence': 0.36192770048204487, 'penalty_k': 0.053672732604760506, 'scale_lr': 0.4703554314560631}. Best is trial 90 with value: 0.28226814400858996.
checkpoint_e16 window_influence: 0.47108916679387269, penalty_k: 0.07394552446311496, scale_lr: 0.40332354619956834, EAO: 0.252
Trial 236 finished with value: 0.25238148123025894 and parameters: {'window_influence': 0.4710891667938727, 'penalty_k': 0.07394552446311496, 'scale_lr': 0.40332354619956834}. Best is trial 111 with value: 0.27549627247622344.
checkpoint_e16 window_influence: 0.44371915922185717, penalty_k: 0.01575484180660426, scale_lr: 0.51469073823397704, EAO: 0.257
Trial 221 finished with value: 0.25682288402222037 and parameters: {'window_influence': 0.4437191592218572, 'penalty_k': 0.01575484180660426, 'scale_lr': 0.514690738233977}. Best is trial 184 with value: 0.2793023090779297.
checkpoint_e16 window_influence: 0.38389505229325199, penalty_k: 0.03785766763589168, scale_lr: 0.35740674032624031, EAO: 0.270
Trial 241 finished with value: 0.2700815401910766 and parameters: {'window_influence': 0.383895052293252, 'penalty_k': 0.03785766763589168, 'scale_lr': 0.3574067403262403}. Best is trial 90 with value: 0.28226814400858996.
checkpoint_e16 window_influence: 0.41603376760129329, penalty_k: 0.24741803929773029, scale_lr: 0.34976164190015196, EAO: 0.243
Trial 237 finished with value: 0.24291503695937677 and parameters: {'window_influence': 0.4160337676012933, 'penalty_k': 0.2474180392977303, 'scale_lr': 0.34976164190015196}. Best is trial 111 with value: 0.27549627247622344.
checkpoint_e16 window_influence: 0.37743215235882943, penalty_k: 0.04645772086522382, scale_lr: 0.36838303052196442, EAO: 0.267
Trial 242 finished with value: 0.2667873698036845 and parameters: {'window_influence': 0.37743215235882943, 'penalty_k': 0.04645772086522382, 'scale_lr': 0.3683830305219644}. Best is trial 90 with value: 0.28226814400858996.
checkpoint_e16 window_influence: 0.43732334445491650, penalty_k: 0.01188506976353547, scale_lr: 0.51691428710284859, EAO: 0.268
Trial 222 finished with value: 0.2684037649049992 and parameters: {'window_influence': 0.4373233444549165, 'penalty_k': 0.011885069763535474, 'scale_lr': 0.5169142871028486}. Best is trial 184 with value: 0.2793023090779297.
checkpoint_e16 window_influence: 0.37978365211453829, penalty_k: 0.50275296691344207, scale_lr: 0.57006274851499805, EAO: 0.249
Trial 238 finished with value: 0.24867215364929138 and parameters: {'window_influence': 0.3797836521145383, 'penalty_k': 0.5027529669134421, 'scale_lr': 0.570062748514998}. Best is trial 111 with value: 0.27549627247622344.
checkpoint_e16 window_influence: 0.39079547633132766, penalty_k: 0.06684513820793328, scale_lr: 0.35312204804493058, EAO: 0.250
Trial 243 finished with value: 0.24960458672385874 and parameters: {'window_influence': 0.39079547633132766, 'penalty_k': 0.06684513820793328, 'scale_lr': 0.3531220480449306}. Best is trial 90 with value: 0.28226814400858996.
checkpoint_e16 window_influence: 0.39416602734339506, penalty_k: 0.05837134664981136, scale_lr: 0.38322802825768937, EAO: 0.258
Trial 239 finished with value: 0.25833467454687364 and parameters: {'window_influence': 0.39416602734339506, 'penalty_k': 0.05837134664981136, 'scale_lr': 0.38322802825768937}. Best is trial 111 with value: 0.27549627247622344.
checkpoint_e16 window_influence: 0.09122131977555120, penalty_k: 0.02751158326761673, scale_lr: 0.48259728986087819, EAO: 0.245
Trial 223 finished with value: 0.2452071979036176 and parameters: {'window_influence': 0.0912213197755512, 'penalty_k': 0.027511583267616727, 'scale_lr': 0.4825972898608782}. Best is trial 184 with value: 0.2793023090779297.
checkpoint_e16 window_influence: 0.37047148748742870, penalty_k: 0.04577258614808433, scale_lr: 0.70075125731227528, EAO: 0.258
Trial 244 finished with value: 0.25816929679575973 and parameters: {'window_influence': 0.3704714874874287, 'penalty_k': 0.04577258614808433, 'scale_lr': 0.7007512573122753}. Best is trial 90 with value: 0.28226814400858996.
checkpoint_e16 window_influence: 0.42482177751986017, penalty_k: 0.02818543523389261, scale_lr: 0.41303171956658868, EAO: 0.247
Trial 240 finished with value: 0.24740223507813322 and parameters: {'window_influence': 0.42482177751986017, 'penalty_k': 0.028185435233892612, 'scale_lr': 0.4130317195665887}. Best is trial 111 with value: 0.27549627247622344.
checkpoint_e16 window_influence: 0.41872199012109618, penalty_k: 0.01499190722097099, scale_lr: 0.53982554919244297, EAO: 0.255
Trial 224 finished with value: 0.25460349380727704 and parameters: {'window_influence': 0.4187219901210962, 'penalty_k': 0.01499190722097099, 'scale_lr': 0.539825549192443}. Best is trial 184 with value: 0.2793023090779297.
checkpoint_e16 window_influence: 0.39762077794775530, penalty_k: 0.05771757094444713, scale_lr: 0.37468264487777531, EAO: 0.262
Trial 245 finished with value: 0.2617680112399706 and parameters: {'window_influence': 0.3976207779477553, 'penalty_k': 0.057717570944447134, 'scale_lr': 0.3746826448777753}. Best is trial 90 with value: 0.28226814400858996.
checkpoint_e16 window_influence: 0.40310277924980092, penalty_k: 0.04156921130471385, scale_lr: 0.35581579339588443, EAO: 0.266
Trial 241 finished with value: 0.2663368970398011 and parameters: {'window_influence': 0.4031027792498009, 'penalty_k': 0.04156921130471385, 'scale_lr': 0.3558157933958844}. Best is trial 111 with value: 0.27549627247622344.
checkpoint_e16 window_influence: 0.45089013874154282, penalty_k: 0.13083577746704195, scale_lr: 0.50050272824010189, EAO: 0.263
Trial 225 finished with value: 0.26301147019475457 and parameters: {'window_influence': 0.4508901387415428, 'penalty_k': 0.13083577746704195, 'scale_lr': 0.5005027282401019}. Best is trial 184 with value: 0.2793023090779297.
checkpoint_e16 window_influence: 0.41157020561283830, penalty_k: 0.02513281384047901, scale_lr: 0.32452488573262517, EAO: 0.270
Trial 246 finished with value: 0.2703725971826693 and parameters: {'window_influence': 0.4115702056128383, 'penalty_k': 0.02513281384047901, 'scale_lr': 0.32452488573262517}. Best is trial 90 with value: 0.28226814400858996.
checkpoint_e16 window_influence: 0.40611674553307081, penalty_k: 0.04472409254191073, scale_lr: 0.37010266621759652, EAO: 0.263
Trial 242 finished with value: 0.2628137094339704 and parameters: {'window_influence': 0.4061167455330708, 'penalty_k': 0.04472409254191073, 'scale_lr': 0.3701026662175965}. Best is trial 111 with value: 0.27549627247622344.
checkpoint_e16 window_influence: 0.46612905278774430, penalty_k: 0.03646373828036367, scale_lr: 0.48665018541112209, EAO: 0.267
Trial 226 finished with value: 0.2673786940976856 and parameters: {'window_influence': 0.4661290527877443, 'penalty_k': 0.03646373828036367, 'scale_lr': 0.4866501854111221}. Best is trial 184 with value: 0.2793023090779297.
checkpoint_e16 window_influence: 0.38277206787275891, penalty_k: 0.06939698113231463, scale_lr: 0.35066936356417444, EAO: 0.263
Trial 247 finished with value: 0.2625889650326434 and parameters: {'window_influence': 0.3827720678727589, 'penalty_k': 0.06939698113231463, 'scale_lr': 0.35066936356417444}. Best is trial 90 with value: 0.28226814400858996.
checkpoint_e16 window_influence: 0.39105876704894998, penalty_k: 0.02148632917670956, scale_lr: 0.33796016443553878, EAO: 0.259
Trial 243 finished with value: 0.2590754179329407 and parameters: {'window_influence': 0.39105876704895, 'penalty_k': 0.021486329176709555, 'scale_lr': 0.3379601644355388}. Best is trial 111 with value: 0.27549627247622344.
checkpoint_e16 window_influence: 0.42659086173962024, penalty_k: 0.02583179052768035, scale_lr: 0.12370817694252101, EAO: 0.250
Trial 227 finished with value: 0.25040649101743856 and parameters: {'window_influence': 0.42659086173962024, 'penalty_k': 0.02583179052768035, 'scale_lr': 0.12370817694252101}. Best is trial 184 with value: 0.2793023090779297.
checkpoint_e16 window_influence: 0.14652214093875873, penalty_k: 0.03814138072112355, scale_lr: 0.33577258233725749, EAO: 0.237
Trial 248 finished with value: 0.23707382296159016 and parameters: {'window_influence': 0.14652214093875873, 'penalty_k': 0.03814138072112355, 'scale_lr': 0.3357725823372575}. Best is trial 90 with value: 0.28226814400858996.
checkpoint_e16 window_influence: 0.37224190014959252, penalty_k: 0.05451567598317848, scale_lr: 0.39345989139925330, EAO: 0.248
Trial 244 finished with value: 0.24773872062200453 and parameters: {'window_influence': 0.3722419001495925, 'penalty_k': 0.05451567598317848, 'scale_lr': 0.3934598913992533}. Best is trial 111 with value: 0.27549627247622344.
checkpoint_e16 window_influence: 0.29300286321383712, penalty_k: 0.00065276718774041, scale_lr: 0.52301320333200696, EAO: 0.256
Trial 228 finished with value: 0.2559777923473498 and parameters: {'window_influence': 0.2930028632138371, 'penalty_k': 0.0006527671877404142, 'scale_lr': 0.523013203332007}. Best is trial 184 with value: 0.2793023090779297.
checkpoint_e16 window_influence: 0.35343073830443311, penalty_k: 0.05485877007651187, scale_lr: 0.36430005697916595, EAO: 0.257
Trial 249 finished with value: 0.2565311573869814 and parameters: {'window_influence': 0.3534307383044331, 'penalty_k': 0.05485877007651187, 'scale_lr': 0.36430005697916595}. Best is trial 90 with value: 0.28226814400858996.
checkpoint_e16 window_influence: 0.40254899523556709, penalty_k: 0.03120886250736149, scale_lr: 0.35727303172488761, EAO: 0.263
Trial 245 finished with value: 0.26290893233646223 and parameters: {'window_influence': 0.4025489952355671, 'penalty_k': 0.03120886250736149, 'scale_lr': 0.3572730317248876}. Best is trial 111 with value: 0.27549627247622344.
checkpoint_e16 window_influence: 0.36914354045855730, penalty_k: 0.08188681757240432, scale_lr: 0.30727340566732231, EAO: 0.268
Trial 250 finished with value: 0.26784559000071473 and parameters: {'window_influence': 0.3691435404585573, 'penalty_k': 0.08188681757240432, 'scale_lr': 0.3072734056673223}. Best is trial 90 with value: 0.28226814400858996.
checkpoint_e16 window_influence: 0.44385619182353997, penalty_k: 0.05234425646735492, scale_lr: 0.27427693829429139, EAO: 0.254
Trial 229 finished with value: 0.25353005037802023 and parameters: {'window_influence': 0.44385619182353997, 'penalty_k': 0.052344256467354924, 'scale_lr': 0.2742769382942914}. Best is trial 184 with value: 0.2793023090779297.
checkpoint_e16 window_influence: 0.44906512265865844, penalty_k: 0.00983472226024709, scale_lr: 0.37838666496671591, EAO: 0.255
Trial 246 finished with value: 0.2548734632328274 and parameters: {'window_influence': 0.44906512265865844, 'penalty_k': 0.009834722260247088, 'scale_lr': 0.3783866649667159}. Best is trial 111 with value: 0.27549627247622344.
checkpoint_e16 window_influence: 0.39017526181097856, penalty_k: 0.09614626692313286, scale_lr: 0.45541932256682055, EAO: 0.270
Trial 251 finished with value: 0.26992129837352086 and parameters: {'window_influence': 0.39017526181097856, 'penalty_k': 0.09614626692313286, 'scale_lr': 0.45541932256682055}. Best is trial 90 with value: 0.28226814400858996.
checkpoint_e16 window_influence: 0.61315777178365471, penalty_k: 0.09783577139952890, scale_lr: 0.42775990821584309, EAO: 0.228
Trial 247 finished with value: 0.22787564163043247 and parameters: {'window_influence': 0.6131577717836547, 'penalty_k': 0.0978357713995289, 'scale_lr': 0.4277599082158431}. Best is trial 111 with value: 0.27549627247622344.
checkpoint_e16 window_influence: 0.45785462315595687, penalty_k: 0.01161371568368188, scale_lr: 0.50512631312025147, EAO: 0.257
Trial 230 finished with value: 0.2572501080670977 and parameters: {'window_influence': 0.4578546231559569, 'penalty_k': 0.011613715683681879, 'scale_lr': 0.5051263131202515}. Best is trial 184 with value: 0.2793023090779297.
checkpoint_e16 window_influence: 0.57386479911417054, penalty_k: 0.02622824726981748, scale_lr: 0.37546756639469747, EAO: 0.239
Trial 252 finished with value: 0.23929346546651872 and parameters: {'window_influence': 0.5738647991141705, 'penalty_k': 0.026228247269817484, 'scale_lr': 0.37546756639469747}. Best is trial 90 with value: 0.28226814400858996.
checkpoint_e16 window_influence: 0.38383322776473222, penalty_k: 0.04430756112532042, scale_lr: 0.39898928670034589, EAO: 0.265
Trial 248 finished with value: 0.26464222898570505 and parameters: {'window_influence': 0.3838332277647322, 'penalty_k': 0.04430756112532042, 'scale_lr': 0.3989892867003459}. Best is trial 111 with value: 0.27549627247622344.
checkpoint_e16 window_influence: 0.64977496618502872, penalty_k: 0.06365292781924947, scale_lr: 0.49094034490542904, EAO: 0.209
Trial 231 finished with value: 0.20927054707596943 and parameters: {'window_influence': 0.6497749661850287, 'penalty_k': 0.06365292781924947, 'scale_lr': 0.49094034490542904}. Best is trial 184 with value: 0.2793023090779297.
checkpoint_e16 window_influence: 0.42084705249128357, penalty_k: 0.04262164104754639, scale_lr: 0.15389666604581531, EAO: 0.260
Trial 253 finished with value: 0.2599926481886608 and parameters: {'window_influence': 0.42084705249128357, 'penalty_k': 0.042621641047546385, 'scale_lr': 0.1538966660458153}. Best is trial 90 with value: 0.28226814400858996.
checkpoint_e16 window_influence: 0.37856277453032544, penalty_k: 0.06301796923608036, scale_lr: 0.34277069835070018, EAO: 0.262
Trial 249 finished with value: 0.26168347398440045 and parameters: {'window_influence': 0.37856277453032544, 'penalty_k': 0.06301796923608036, 'scale_lr': 0.3427706983507002}. Best is trial 111 with value: 0.27549627247622344.
checkpoint_e16 window_influence: 0.47561327716879476, penalty_k: 0.03072896606371413, scale_lr: 0.47219937855795391, EAO: 0.255
Trial 232 finished with value: 0.255453428238388 and parameters: {'window_influence': 0.47561327716879476, 'penalty_k': 0.030728966063714135, 'scale_lr': 0.4721993785579539}. Best is trial 184 with value: 0.2793023090779297.
checkpoint_e16 window_influence: 0.40288240956445315, penalty_k: 0.06397731847204638, scale_lr: 0.35015013149867491, EAO: 0.271
Trial 254 finished with value: 0.2712479241010619 and parameters: {'window_influence': 0.40288240956445315, 'penalty_k': 0.06397731847204638, 'scale_lr': 0.3501501314986749}. Best is trial 90 with value: 0.28226814400858996.
checkpoint_e16 window_influence: 0.35879830795065654, penalty_k: 0.18221666607000819, scale_lr: 0.40647363373679091, EAO: 0.240
Trial 250 finished with value: 0.240174024570279 and parameters: {'window_influence': 0.35879830795065654, 'penalty_k': 0.1822166660700082, 'scale_lr': 0.4064736337367909}. Best is trial 111 with value: 0.27549627247622344.
checkpoint_e16 window_influence: 0.43319856229833725, penalty_k: 0.04458236729162623, scale_lr: 0.50393698152980193, EAO: 0.267
Trial 233 finished with value: 0.266686519289889 and parameters: {'window_influence': 0.43319856229833725, 'penalty_k': 0.044582367291626235, 'scale_lr': 0.5039369815298019}. Best is trial 184 with value: 0.2793023090779297.
checkpoint_e16 window_influence: 0.33392006087564952, penalty_k: 0.04936983470368511, scale_lr: 0.48506010055623228, EAO: 0.260
Trial 255 finished with value: 0.26047966035643244 and parameters: {'window_influence': 0.3339200608756495, 'penalty_k': 0.04936983470368511, 'scale_lr': 0.4850601005562323}. Best is trial 90 with value: 0.28226814400858996.
checkpoint_e16 window_influence: 0.41209159005159018, penalty_k: 0.04681020398100019, scale_lr: 0.36357361542679756, EAO: 0.258
Trial 251 finished with value: 0.2581165064035392 and parameters: {'window_influence': 0.4120915900515902, 'penalty_k': 0.046810203981000185, 'scale_lr': 0.36357361542679756}. Best is trial 111 with value: 0.27549627247622344.
checkpoint_e16 window_influence: 0.45172062512499916, penalty_k: 0.20025272888107015, scale_lr: 0.48449088788433298, EAO: 0.248
Trial 234 finished with value: 0.24800007541974387 and parameters: {'window_influence': 0.45172062512499916, 'penalty_k': 0.20025272888107015, 'scale_lr': 0.484490887884333}. Best is trial 184 with value: 0.2793023090779297.
checkpoint_e16 window_influence: 0.38055503475155111, penalty_k: 0.07373293032511427, scale_lr: 0.50332536068251321, EAO: 0.267
