Trial 300 finished with value: 0.2698350513611383 and parameters: {'window_influence': 0.27450872669132553, 'penalty_k': 0.009820672399475205, 'scale_lr': 0.6559238085865373}. Best is trial 212 with value: 0.2844979555868521.
checkpoint_e32 window_influence: 0.49225871323978787, penalty_k: 0.10364260361345558, scale_lr: 0.53944084737149378, EAO: 0.260
Trial 301 finished with value: 0.2599899081316421 and parameters: {'window_influence': 0.49225871323978787, 'penalty_k': 0.10364260361345558, 'scale_lr': 0.5394408473714938}. Best is trial 212 with value: 0.2844979555868521.
checkpoint_e32 window_influence: 0.39440601627958316, penalty_k: 0.04501647568688644, scale_lr: 0.53538488558839825, EAO: 0.267
Trial 302 finished with value: 0.26708215444795486 and parameters: {'window_influence': 0.39440601627958316, 'penalty_k': 0.045016475686886444, 'scale_lr': 0.5353848855883983}. Best is trial 212 with value: 0.2844979555868521.
checkpoint_e32 window_influence: 0.25715519215878024, penalty_k: 0.12062418090775517, scale_lr: 0.68025342684261503, EAO: 0.253
Trial 303 finished with value: 0.25274706619784115 and parameters: {'window_influence': 0.25715519215878024, 'penalty_k': 0.12062418090775517, 'scale_lr': 0.680253426842615}. Best is trial 212 with value: 0.2844979555868521.
checkpoint_e32 window_influence: 0.28544731462212386, penalty_k: 0.50501347747302727, scale_lr: 0.22606240618382653, EAO: 0.244
Trial 304 finished with value: 0.24404593744898231 and parameters: {'window_influence': 0.28544731462212386, 'penalty_k': 0.5050134774730273, 'scale_lr': 0.22606240618382653}. Best is trial 212 with value: 0.2844979555868521.
checkpoint_e32 window_influence: 0.45433638228892581, penalty_k: 0.09188290169188174, scale_lr: 0.16514040762352877, EAO: 0.267
Trial 305 finished with value: 0.26690570361972826 and parameters: {'window_influence': 0.4543363822889258, 'penalty_k': 0.09188290169188174, 'scale_lr': 0.16514040762352877}. Best is trial 212 with value: 0.2844979555868521.
checkpoint_e32 window_influence: 0.47124174078741299, penalty_k: 0.08117755143142247, scale_lr: 0.35543411157847982, EAO: 0.266
Trial 306 finished with value: 0.26567197130705283 and parameters: {'window_influence': 0.471241740787413, 'penalty_k': 0.08117755143142247, 'scale_lr': 0.3554341115784798}. Best is trial 212 with value: 0.2844979555868521.
checkpoint_e32 window_influence: 0.40989692917195053, penalty_k: 0.01844189205952765, scale_lr: 0.76099331966043704, EAO: 0.271
Trial 307 finished with value: 0.2710059543208378 and parameters: {'window_influence': 0.40989692917195053, 'penalty_k': 0.018441892059527648, 'scale_lr': 0.760993319660437}. Best is trial 212 with value: 0.2844979555868521.
checkpoint_e32 window_influence: 0.37729365187592617, penalty_k: 0.00088599359137543, scale_lr: 0.25723685486035058, EAO: 0.257
Trial 308 finished with value: 0.2571449185289988 and parameters: {'window_influence': 0.3772936518759262, 'penalty_k': 0.0008859935913754294, 'scale_lr': 0.2572368548603506}. Best is trial 212 with value: 0.2844979555868521.
checkpoint_e32 window_influence: 0.43080945062920817, penalty_k: 0.40914426076386556, scale_lr: 0.19281049729311611, EAO: 0.252
Trial 309 finished with value: 0.2521868294816676 and parameters: {'window_influence': 0.43080945062920817, 'penalty_k': 0.40914426076386556, 'scale_lr': 0.1928104972931161}. Best is trial 212 with value: 0.2844979555868521.
checkpoint_e32 window_influence: 0.21341768339012762, penalty_k: 0.58664239125098783, scale_lr: 0.15287093099797588, EAO: 0.243
Trial 310 finished with value: 0.24325835371647425 and parameters: {'window_influence': 0.21341768339012762, 'penalty_k': 0.5866423912509878, 'scale_lr': 0.15287093099797588}. Best is trial 212 with value: 0.2844979555868521.
checkpoint_e32 window_influence: 0.39864237458005475, penalty_k: 0.42463732955836364, scale_lr: 0.74139709799345299, EAO: 0.276
Trial 311 finished with value: 0.27643005689227484 and parameters: {'window_influence': 0.39864237458005475, 'penalty_k': 0.42463732955836364, 'scale_lr': 0.741397097993453}. Best is trial 212 with value: 0.2844979555868521.
checkpoint_e32 window_influence: 0.39444894622060123, penalty_k: 0.43286944608678574, scale_lr: 0.51406526361520799, EAO: 0.257
Trial 312 finished with value: 0.2573771868052521 and parameters: {'window_influence': 0.3944489462206012, 'penalty_k': 0.43286944608678574, 'scale_lr': 0.514065263615208}. Best is trial 212 with value: 0.2844979555868521.
checkpoint_e32 window_influence: 0.41499222177175038, penalty_k: 0.41862363452418472, scale_lr: 0.33050362468779226, EAO: 0.261
Trial 313 finished with value: 0.26068762508107396 and parameters: {'window_influence': 0.4149922217717504, 'penalty_k': 0.4186236345241847, 'scale_lr': 0.33050362468779226}. Best is trial 212 with value: 0.2844979555868521.
checkpoint_e32 window_influence: 0.38850561914451376, penalty_k: 0.39977755143791632, scale_lr: 0.63401412237200061, EAO: 0.266
Trial 314 finished with value: 0.26639953491891305 and parameters: {'window_influence': 0.38850561914451376, 'penalty_k': 0.3997775514379163, 'scale_lr': 0.6340141223720006}. Best is trial 212 with value: 0.2844979555868521.
checkpoint_e32 window_influence: 0.40335417709432519, penalty_k: 0.46447851024413800, scale_lr: 0.55651686316865501, EAO: 0.263
Trial 315 finished with value: 0.26349514280635167 and parameters: {'window_influence': 0.4033541770943252, 'penalty_k': 0.464478510244138, 'scale_lr': 0.556516863168655}. Best is trial 212 with value: 0.2844979555868521.
checkpoint_e32 window_influence: 0.36757421237554799, penalty_k: 0.21550240878602311, scale_lr: 0.12809933908148052, EAO: 0.265
Trial 316 finished with value: 0.26453384484459713 and parameters: {'window_influence': 0.367574212375548, 'penalty_k': 0.21550240878602311, 'scale_lr': 0.12809933908148052}. Best is trial 212 with value: 0.2844979555868521.
checkpoint_e32 window_influence: 0.43879728097083809, penalty_k: 0.42727273403468596, scale_lr: 0.61086206814254385, EAO: 0.264
Trial 317 finished with value: 0.2640894527842359 and parameters: {'window_influence': 0.4387972809708381, 'penalty_k': 0.42727273403468596, 'scale_lr': 0.6108620681425438}. Best is trial 212 with value: 0.2844979555868521.
checkpoint_e32 window_influence: 0.41640797739805052, penalty_k: 0.02381227648048302, scale_lr: 0.29497224008076539, EAO: 0.258
Trial 318 finished with value: 0.25843234723661 and parameters: {'window_influence': 0.4164079773980505, 'penalty_k': 0.02381227648048302, 'scale_lr': 0.2949722400807654}. Best is trial 212 with value: 0.2844979555868521.
checkpoint_e32 window_influence: 0.37818057924321130, penalty_k: 0.11315086214155161, scale_lr: 0.67259661609126353, EAO: 0.258
Trial 319 finished with value: 0.2576131284600351 and parameters: {'window_influence': 0.3781805792432113, 'penalty_k': 0.11315086214155161, 'scale_lr': 0.6725966160912635}. Best is trial 212 with value: 0.2844979555868521.
checkpoint_e32 window_influence: 0.29650056771280364, penalty_k: 0.44470270168644466, scale_lr: 0.10999152764931223, EAO: 0.247
Trial 320 finished with value: 0.24673084302888654 and parameters: {'window_influence': 0.29650056771280364, 'penalty_k': 0.44470270168644466, 'scale_lr': 0.10999152764931223}. Best is trial 212 with value: 0.2844979555868521.
checkpoint_e32 window_influence: 0.40246002386993623, penalty_k: 0.37550279934786324, scale_lr: 0.64924792846469714, EAO: 0.275
Trial 321 finished with value: 0.27518190298138595 and parameters: {'window_influence': 0.40246002386993623, 'penalty_k': 0.37550279934786324, 'scale_lr': 0.6492479284646971}. Best is trial 212 with value: 0.2844979555868521.
checkpoint_e32 window_influence: 0.39887974776076007, penalty_k: 0.24785098320797444, scale_lr: 0.73995347395958577, EAO: 0.266
Trial 322 finished with value: 0.2659485480043946 and parameters: {'window_influence': 0.3988797477607601, 'penalty_k': 0.24785098320797444, 'scale_lr': 0.7399534739595858}. Best is trial 212 with value: 0.2844979555868521.
checkpoint_e32 window_influence: 0.38681116579588221, penalty_k: 0.38158858256213668, scale_lr: 0.13805274791476538, EAO: 0.259
Trial 323 finished with value: 0.25891775171446607 and parameters: {'window_influence': 0.3868111657958822, 'penalty_k': 0.3815885825621367, 'scale_lr': 0.13805274791476538}. Best is trial 212 with value: 0.2844979555868521.
checkpoint_e32 window_influence: 0.35604888759166664, penalty_k: 0.39141725706110975, scale_lr: 0.64994070171579132, EAO: 0.264
Trial 324 finished with value: 0.26419993271914927 and parameters: {'window_influence': 0.35604888759166664, 'penalty_k': 0.39141725706110975, 'scale_lr': 0.6499407017157913}. Best is trial 212 with value: 0.2844979555868521.
checkpoint_e32 window_influence: 0.39697782575868035, penalty_k: 0.36085876656090632, scale_lr: 0.17794459836930532, EAO: 0.260
Trial 325 finished with value: 0.26035184710006404 and parameters: {'window_influence': 0.39697782575868035, 'penalty_k': 0.3608587665609063, 'scale_lr': 0.17794459836930532}. Best is trial 212 with value: 0.2844979555868521.
checkpoint_e32 window_influence: 0.40822688653420347, penalty_k: 0.40807238238825067, scale_lr: 0.66394343923225974, EAO: 0.277
Trial 326 finished with value: 0.27667501417359686 and parameters: {'window_influence': 0.40822688653420347, 'penalty_k': 0.40807238238825067, 'scale_lr': 0.6639434392322597}. Best is trial 212 with value: 0.2844979555868521.
checkpoint_e32 window_influence: 0.40660818745061056, penalty_k: 0.39686928382959119, scale_lr: 0.66255023759428733, EAO: 0.268
Trial 327 finished with value: 0.2676705512089458 and parameters: {'window_influence': 0.40660818745061056, 'penalty_k': 0.3968692838295912, 'scale_lr': 0.6625502375942873}. Best is trial 212 with value: 0.2844979555868521.
checkpoint_e32 window_influence: 0.36576176290972778, penalty_k: 0.41109501473495186, scale_lr: 0.70359651179500415, EAO: 0.260
Trial 328 finished with value: 0.26002548253390845 and parameters: {'window_influence': 0.3657617629097278, 'penalty_k': 0.41109501473495186, 'scale_lr': 0.7035965117950042}. Best is trial 212 with value: 0.2844979555868521.
checkpoint_e32 window_influence: 0.38322618677675224, penalty_k: 0.16690354726583551, scale_lr: 0.69079429705154960, EAO: 0.261
Trial 329 finished with value: 0.26059231531571564 and parameters: {'window_influence': 0.38322618677675224, 'penalty_k': 0.1669035472658355, 'scale_lr': 0.6907942970515496}. Best is trial 212 with value: 0.2844979555868521.
checkpoint_e32 window_influence: 0.40778415528780332, penalty_k: 0.37043595992587913, scale_lr: 0.66940441679804674, EAO: 0.272
Trial 330 finished with value: 0.27199867531293775 and parameters: {'window_influence': 0.4077841552878033, 'penalty_k': 0.37043595992587913, 'scale_lr': 0.6694044167980467}. Best is trial 212 with value: 0.2844979555868521.
checkpoint_e32 window_influence: 0.33426419103995092, penalty_k: 0.40765526740362179, scale_lr: 0.78324957514526650, EAO: 0.266
Trial 331 finished with value: 0.2663443542835189 and parameters: {'window_influence': 0.3342641910399509, 'penalty_k': 0.4076552674036218, 'scale_lr': 0.7832495751452665}. Best is trial 212 with value: 0.2844979555868521.
checkpoint_e32 window_influence: 0.37377576632947856, penalty_k: 0.41690924816122110, scale_lr: 0.52576853625408226, EAO: 0.264
Trial 332 finished with value: 0.264239018343813 and parameters: {'window_influence': 0.37377576632947856, 'penalty_k': 0.4169092481612211, 'scale_lr': 0.5257685362540823}. Best is trial 212 with value: 0.2844979555868521.
checkpoint_e32 window_influence: 0.39175426924354517, penalty_k: 0.43099000217378214, scale_lr: 0.64682297032532354, EAO: 0.274
Trial 333 finished with value: 0.27415602236259273 and parameters: {'window_influence': 0.3917542692435452, 'penalty_k': 0.43099000217378214, 'scale_lr': 0.6468229703253235}. Best is trial 212 with value: 0.2844979555868521.
checkpoint_e32 window_influence: 0.39036781119371494, penalty_k: 0.43185272534910496, scale_lr: 0.64331680878994923, EAO: 0.264
Trial 334 finished with value: 0.2636098901673061 and parameters: {'window_influence': 0.39036781119371494, 'penalty_k': 0.43185272534910496, 'scale_lr': 0.6433168087899492}. Best is trial 212 with value: 0.2844979555868521.
checkpoint_e32 window_influence: 0.35446268403589548, penalty_k: 0.38984351097797343, scale_lr: 0.64013451593500859, EAO: 0.270
Trial 335 finished with value: 0.27026128871896404 and parameters: {'window_influence': 0.3544626840358955, 'penalty_k': 0.38984351097797343, 'scale_lr': 0.6401345159350086}. Best is trial 212 with value: 0.2844979555868521.
checkpoint_e32 window_influence: 0.37950319036734920, penalty_k: 0.29953801891749210, scale_lr: 0.75020533222883967, EAO: 0.266
Trial 336 finished with value: 0.2660956602028715 and parameters: {'window_influence': 0.3795031903673492, 'penalty_k': 0.2995380189174921, 'scale_lr': 0.7502053322288397}. Best is trial 212 with value: 0.2844979555868521.
checkpoint_e32 window_influence: 0.39585486752141547, penalty_k: 0.38057735359814299, scale_lr: 0.46514630957366743, EAO: 0.265
Trial 337 finished with value: 0.2653180853865011 and parameters: {'window_influence': 0.39585486752141547, 'penalty_k': 0.380577353598143, 'scale_lr': 0.4651463095736674}. Best is trial 212 with value: 0.2844979555868521.
checkpoint_e32 window_influence: 0.40071838096267098, penalty_k: 0.40428851732343873, scale_lr: 0.44448842723230392, EAO: 0.258
Trial 338 finished with value: 0.25848722367025 and parameters: {'window_influence': 0.400718380962671, 'penalty_k': 0.40428851732343873, 'scale_lr': 0.4444884272323039}. Best is trial 212 with value: 0.2844979555868521.
checkpoint_e32 window_influence: 0.31413880384214926, penalty_k: 0.33800577621192240, scale_lr: 0.39819320316883888, EAO: 0.257
Trial 339 finished with value: 0.25737018338063866 and parameters: {'window_influence': 0.31413880384214926, 'penalty_k': 0.3380057762119224, 'scale_lr': 0.3981932031688389}. Best is trial 212 with value: 0.2844979555868521.
checkpoint_e32 window_influence: 0.38649016676374909, penalty_k: 0.27771427557764933, scale_lr: 0.68356921400961346, EAO: 0.261
Trial 340 finished with value: 0.26139438412780686 and parameters: {'window_influence': 0.3864901667637491, 'penalty_k': 0.2777142755776493, 'scale_lr': 0.6835692140096135}. Best is trial 212 with value: 0.2844979555868521.
checkpoint_e32 window_influence: 0.36914712884973178, penalty_k: 0.35240885907718039, scale_lr: 0.13954446451965369, EAO: 0.259
Trial 341 finished with value: 0.25914834348893745 and parameters: {'window_influence': 0.3691471288497318, 'penalty_k': 0.3524088590771804, 'scale_lr': 0.1395444645196537}. Best is trial 212 with value: 0.2844979555868521.
checkpoint_e32 window_influence: 0.51089920536809164, penalty_k: 0.42740868420146261, scale_lr: 0.65751133093026393, EAO: 0.246
Trial 342 finished with value: 0.24649139172662565 and parameters: {'window_influence': 0.5108992053680916, 'penalty_k': 0.4274086842014626, 'scale_lr': 0.6575113309302639}. Best is trial 212 with value: 0.2844979555868521.
checkpoint_e32 window_influence: 0.42461522935410911, penalty_k: 0.42242009251617202, scale_lr: 0.71344734141033861, EAO: 0.270
Trial 343 finished with value: 0.2704711185117078 and parameters: {'window_influence': 0.4246152293541091, 'penalty_k': 0.422420092516172, 'scale_lr': 0.7134473414103386}. Best is trial 212 with value: 0.2844979555868521.
checkpoint_e32 window_influence: 0.48266144573531983, penalty_k: 0.48285155955189324, scale_lr: 0.58833404090167785, EAO: 0.251
Trial 344 finished with value: 0.25105823358384577 and parameters: {'window_influence': 0.4826614457353198, 'penalty_k': 0.48285155955189324, 'scale_lr': 0.5883340409016778}. Best is trial 212 with value: 0.2844979555868521.
checkpoint_e32 window_influence: 0.34367051048255060, penalty_k: 0.31858057116400557, scale_lr: 0.76669092056724686, EAO: 0.258
Trial 345 finished with value: 0.25756819425075034 and parameters: {'window_influence': 0.3436705104825506, 'penalty_k': 0.31858057116400557, 'scale_lr': 0.7666909205672469}. Best is trial 212 with value: 0.2844979555868521.
checkpoint_e32 window_influence: 0.40403660765758209, penalty_k: 0.46856131884104496, scale_lr: 0.37193192741165471, EAO: 0.256
Trial 346 finished with value: 0.2556004453965319 and parameters: {'window_influence': 0.4040366076575821, 'penalty_k': 0.46856131884104496, 'scale_lr': 0.3719319274116547}. Best is trial 212 with value: 0.2844979555868521.
checkpoint_e32 window_influence: 0.54433843795176950, penalty_k: 0.45152946561877572, scale_lr: 0.60771094408848603, EAO: 0.236
Trial 347 finished with value: 0.23569887840166326 and parameters: {'window_influence': 0.5443384379517695, 'penalty_k': 0.4515294656187757, 'scale_lr': 0.607710944088486}. Best is trial 212 with value: 0.2844979555868521.
checkpoint_e32 window_influence: 0.41478188667650534, penalty_k: 0.00914021103437288, scale_lr: 0.79745321492257482, EAO: 0.251
Trial 348 finished with value: 0.25070593209286046 and parameters: {'window_influence': 0.41478188667650534, 'penalty_k': 0.009140211034372884, 'scale_lr': 0.7974532149225748}. Best is trial 212 with value: 0.2844979555868521.
checkpoint_e32 window_influence: 0.36272744311006105, penalty_k: 0.06811566637622440, scale_lr: 0.73025074287808611, EAO: 0.263
Trial 349 finished with value: 0.2626186279140837 and parameters: {'window_influence': 0.36272744311006105, 'penalty_k': 0.0681156663762244, 'scale_lr': 0.7302507428780861}. Best is trial 212 with value: 0.2844979555868521.
checkpoint_e32 window_influence: 0.38866466194341104, penalty_k: 0.53564031546028379, scale_lr: 0.45780013474643066, EAO: 0.255
Trial 350 finished with value: 0.2549964823131639 and parameters: {'window_influence': 0.38866466194341104, 'penalty_k': 0.5356403154602838, 'scale_lr': 0.45780013474643066}. Best is trial 212 with value: 0.2844979555868521.
checkpoint_e32 window_influence: 0.37637182949304937, penalty_k: 0.00894713755089247, scale_lr: 0.55179058988232277, EAO: 0.271
Trial 351 finished with value: 0.27082961416099127 and parameters: {'window_influence': 0.37637182949304937, 'penalty_k': 0.008947137550892468, 'scale_lr': 0.5517905898823228}. Best is trial 212 with value: 0.2844979555868521.
checkpoint_e32 window_influence: 0.42524827342695037, penalty_k: 0.00055398531964099, scale_lr: 0.30444555291201447, EAO: 0.256
Trial 352 finished with value: 0.2562382965068507 and parameters: {'window_influence': 0.4252482734269504, 'penalty_k': 0.0005539853196409905, 'scale_lr': 0.30444555291201447}. Best is trial 212 with value: 0.2844979555868521.
checkpoint_e32 window_influence: 0.40499401246834826, penalty_k: 0.19048886146485855, scale_lr: 0.64027447876677501, EAO: 0.269
Trial 353 finished with value: 0.2688310383781185 and parameters: {'window_influence': 0.40499401246834826, 'penalty_k': 0.19048886146485855, 'scale_lr': 0.640274478766775}. Best is trial 212 with value: 0.2844979555868521.
checkpoint_e32 window_influence: 0.29908002865171007, penalty_k: 0.24120308721952372, scale_lr: 0.65713487512543400, EAO: 0.272
Trial 354 finished with value: 0.27201593200850294 and parameters: {'window_influence': 0.2990800286517101, 'penalty_k': 0.24120308721952372, 'scale_lr': 0.657134875125434}. Best is trial 212 with value: 0.2844979555868521.
checkpoint_e32 window_influence: 0.32380824522535656, penalty_k: 0.26306139890184527, scale_lr: 0.62892443137821685, EAO: 0.269
Trial 355 finished with value: 0.2689767884529703 and parameters: {'window_influence': 0.32380824522535656, 'penalty_k': 0.26306139890184527, 'scale_lr': 0.6289244313782169}. Best is trial 212 with value: 0.2844979555868521.
checkpoint_e32 window_influence: 0.39566184372584445, penalty_k: 0.37464188512658286, scale_lr: 0.41406795577864497, EAO: 0.270
Trial 356 finished with value: 0.2700112568653696 and parameters: {'window_influence': 0.39566184372584445, 'penalty_k': 0.37464188512658286, 'scale_lr': 0.41406795577864497}. Best is trial 212 with value: 0.2844979555868521.
checkpoint_e32 window_influence: 0.18846316616049164, penalty_k: 0.21477417469298565, scale_lr: 0.47862553731069690, EAO: 0.262
Trial 357 finished with value: 0.2619620900207419 and parameters: {'window_influence': 0.18846316616049164, 'penalty_k': 0.21477417469298565, 'scale_lr': 0.4786255373106969}. Best is trial 212 with value: 0.2844979555868521.
checkpoint_e32 window_influence: 0.43678738573431336, penalty_k: 0.39702003740266312, scale_lr: 0.69127507377917874, EAO: 0.263
Trial 358 finished with value: 0.26344947632008453 and parameters: {'window_influence': 0.43678738573431336, 'penalty_k': 0.3970200374026631, 'scale_lr': 0.6912750737791787}. Best is trial 212 with value: 0.2844979555868521.
checkpoint_e32 window_influence: 0.34836314870191359, penalty_k: 0.49462277084573719, scale_lr: 0.56788229546420455, EAO: 0.257
Trial 359 finished with value: 0.25746053348227244 and parameters: {'window_influence': 0.3483631487019136, 'penalty_k': 0.4946227708457372, 'scale_lr': 0.5678822954642045}. Best is trial 212 with value: 0.2844979555868521.
checkpoint_e32 window_influence: 0.37308121153550083, penalty_k: 0.23434362754257257, scale_lr: 0.23691449966842806, EAO: 0.267
Trial 360 finished with value: 0.2666518899604557 and parameters: {'window_influence': 0.37308121153550083, 'penalty_k': 0.23434362754257257, 'scale_lr': 0.23691449966842806}. Best is trial 212 with value: 0.2844979555868521.
checkpoint_e32 window_influence: 0.41218063877962169, penalty_k: 0.02303544171191152, scale_lr: 0.67000558185394465, EAO: 0.271
Trial 361 finished with value: 0.2713205093533043 and parameters: {'window_influence': 0.4121806387796217, 'penalty_k': 0.023035441711911523, 'scale_lr': 0.6700055818539447}. Best is trial 212 with value: 0.2844979555868521.
checkpoint_e32 window_influence: 0.38860163110822771, penalty_k: 0.05297512257825081, scale_lr: 0.59738498870555756, EAO: 0.259
