Trial 62 finished with value: 0.25804472448137716 and parameters: {'window_influence': 0.22184320779949995, 'penalty_k': 0.021802374739739006, 'scale_lr': 0.39709600373040255}. Best is trial 29 with value: 0.2780172119780285.
checkpoint_e39 window_influence: 0.25200477957260781, penalty_k: 0.05721180473102175, scale_lr: 0.36160116371486817, EAO: 0.262
Trial 63 finished with value: 0.26180432403717585 and parameters: {'window_influence': 0.2520047795726078, 'penalty_k': 0.05721180473102175, 'scale_lr': 0.36160116371486817}. Best is trial 29 with value: 0.2780172119780285.
checkpoint_e39 window_influence: 0.27160604218043632, penalty_k: 0.09180068203105091, scale_lr: 0.38390017217656630, EAO: 0.264
Trial 64 finished with value: 0.2636194906341351 and parameters: {'window_influence': 0.2716060421804363, 'penalty_k': 0.0918006820310509, 'scale_lr': 0.3839001721765663}. Best is trial 29 with value: 0.2780172119780285.
checkpoint_e39 window_influence: 0.24819353766139374, penalty_k: 0.02577332965734302, scale_lr: 0.28348326410825986, EAO: 0.270
Trial 65 finished with value: 0.2698397782396495 and parameters: {'window_influence': 0.24819353766139374, 'penalty_k': 0.025773329657343025, 'scale_lr': 0.28348326410825986}. Best is trial 29 with value: 0.2780172119780285.
checkpoint_e39 window_influence: 0.30920736243827973, penalty_k: 0.02766274282801837, scale_lr: 0.31666973761904732, EAO: 0.255
Trial 66 finished with value: 0.25462370499120496 and parameters: {'window_influence': 0.30920736243827973, 'penalty_k': 0.027662742828018366, 'scale_lr': 0.3166697376190473}. Best is trial 29 with value: 0.2780172119780285.
checkpoint_e39 window_influence: 0.24691676776337410, penalty_k: 0.14905364388194925, scale_lr: 0.27839951977483207, EAO: 0.262
Trial 67 finished with value: 0.2616291446535568 and parameters: {'window_influence': 0.2469167677633741, 'penalty_k': 0.14905364388194925, 'scale_lr': 0.27839951977483207}. Best is trial 29 with value: 0.2780172119780285.
checkpoint_e39 window_influence: 0.32994452169220789, penalty_k: 0.11469634907930669, scale_lr: 0.23093702731886551, EAO: 0.268
Trial 68 finished with value: 0.26832118915106223 and parameters: {'window_influence': 0.3299445216922079, 'penalty_k': 0.11469634907930669, 'scale_lr': 0.2309370273188655}. Best is trial 29 with value: 0.2780172119780285.
checkpoint_e39 window_influence: 0.29347230154539478, penalty_k: 0.02386600459997660, scale_lr: 0.32515745131653467, EAO: 0.255
Trial 69 finished with value: 0.25505311999136837 and parameters: {'window_influence': 0.2934723015453948, 'penalty_k': 0.0238660045999766, 'scale_lr': 0.3251574513165347}. Best is trial 29 with value: 0.2780172119780285.
checkpoint_e39 window_influence: 0.22036788407913188, penalty_k: 0.07703921953947435, scale_lr: 0.29484345969108200, EAO: 0.266
Trial 70 finished with value: 0.2659056602212472 and parameters: {'window_influence': 0.22036788407913188, 'penalty_k': 0.07703921953947435, 'scale_lr': 0.294843459691082}. Best is trial 29 with value: 0.2780172119780285.
checkpoint_e39 window_influence: 0.33127679477744115, penalty_k: 0.11238562048698139, scale_lr: 0.24432616310852365, EAO: 0.263
Trial 71 finished with value: 0.2628118595093246 and parameters: {'window_influence': 0.33127679477744115, 'penalty_k': 0.11238562048698139, 'scale_lr': 0.24432616310852365}. Best is trial 29 with value: 0.2780172119780285.
checkpoint_e39 window_influence: 0.35390424368874657, penalty_k: 0.17455568399976212, scale_lr: 0.23467085001653892, EAO: 0.271
Trial 72 finished with value: 0.27120768472673445 and parameters: {'window_influence': 0.35390424368874657, 'penalty_k': 0.17455568399976212, 'scale_lr': 0.23467085001653892}. Best is trial 29 with value: 0.2780172119780285.
checkpoint_e39 window_influence: 0.26858837411020897, penalty_k: 0.17530942351329318, scale_lr: 0.28184942634714749, EAO: 0.269
Trial 73 finished with value: 0.2687786578889785 and parameters: {'window_influence': 0.26858837411020897, 'penalty_k': 0.17530942351329318, 'scale_lr': 0.2818494263471475}. Best is trial 29 with value: 0.2780172119780285.
checkpoint_e39 window_influence: 0.35135156664251466, penalty_k: 0.17936788632279890, scale_lr: 0.27947640989483624, EAO: 0.265
Trial 74 finished with value: 0.2646402209027996 and parameters: {'window_influence': 0.35135156664251466, 'penalty_k': 0.1793678863227989, 'scale_lr': 0.27947640989483624}. Best is trial 29 with value: 0.2780172119780285.
checkpoint_e39 window_influence: 0.28444502931732263, penalty_k: 0.13146614778483146, scale_lr: 0.20520075162136295, EAO: 0.265
Trial 75 finished with value: 0.26501264289869525 and parameters: {'window_influence': 0.28444502931732263, 'penalty_k': 0.13146614778483146, 'scale_lr': 0.20520075162136295}. Best is trial 29 with value: 0.2780172119780285.
checkpoint_e39 window_influence: 0.39015324382151723, penalty_k: 0.04445759090429298, scale_lr: 0.23368331348332580, EAO: 0.258
Trial 76 finished with value: 0.25804121562135895 and parameters: {'window_influence': 0.3901532438215172, 'penalty_k': 0.04445759090429298, 'scale_lr': 0.2336833134833258}. Best is trial 29 with value: 0.2780172119780285.
checkpoint_e39 window_influence: 0.37405563348266535, penalty_k: 0.07020639337082821, scale_lr: 0.28075373377479707, EAO: 0.242
Trial 77 finished with value: 0.2417289686154544 and parameters: {'window_influence': 0.37405563348266535, 'penalty_k': 0.07020639337082821, 'scale_lr': 0.28075373377479707}. Best is trial 29 with value: 0.2780172119780285.
checkpoint_e39 window_influence: 0.26280766011496198, penalty_k: 0.16171154001605950, scale_lr: 0.25599490926795737, EAO: 0.271
Trial 78 finished with value: 0.2714835053415802 and parameters: {'window_influence': 0.262807660114962, 'penalty_k': 0.1617115400160595, 'scale_lr': 0.25599490926795737}. Best is trial 29 with value: 0.2780172119780285.
checkpoint_e39 window_influence: 0.30791286155100717, penalty_k: 0.00178547913694743, scale_lr: 0.20391865005444260, EAO: 0.265
Trial 79 finished with value: 0.26468552006938595 and parameters: {'window_influence': 0.30791286155100717, 'penalty_k': 0.0017854791369474252, 'scale_lr': 0.2039186500544426}. Best is trial 29 with value: 0.2780172119780285.
checkpoint_e39 window_influence: 0.23577976927159749, penalty_k: 0.15912748709912861, scale_lr: 0.16340856490512701, EAO: 0.259
Trial 80 finished with value: 0.2591582018185437 and parameters: {'window_influence': 0.2357797692715975, 'penalty_k': 0.1591274870991286, 'scale_lr': 0.163408564905127}. Best is trial 29 with value: 0.2780172119780285.
checkpoint_e39 window_influence: 0.26578565557222006, penalty_k: 0.19166522971406508, scale_lr: 0.24729648821579375, EAO: 0.272
Trial 81 finished with value: 0.2717483837793513 and parameters: {'window_influence': 0.26578565557222006, 'penalty_k': 0.19166522971406508, 'scale_lr': 0.24729648821579375}. Best is trial 29 with value: 0.2780172119780285.
checkpoint_e39 window_influence: 0.26204937980240028, penalty_k: 0.20127033808532843, scale_lr: 0.24856956671451080, EAO: 0.269
Trial 82 finished with value: 0.2688654440689862 and parameters: {'window_influence': 0.2620493798024003, 'penalty_k': 0.20127033808532843, 'scale_lr': 0.2485695667145108}. Best is trial 29 with value: 0.2780172119780285.
checkpoint_e39 window_influence: 0.20695194064932079, penalty_k: 0.09806393883684109, scale_lr: 0.25516190441490499, EAO: 0.271
Trial 83 finished with value: 0.2710939546426137 and parameters: {'window_influence': 0.2069519406493208, 'penalty_k': 0.09806393883684109, 'scale_lr': 0.255161904414905}. Best is trial 29 with value: 0.2780172119780285.
checkpoint_e39 window_influence: 0.20368828022681773, penalty_k: 0.12892784104684321, scale_lr: 0.25497563040548693, EAO: 0.260
Trial 84 finished with value: 0.2596452979416382 and parameters: {'window_influence': 0.20368828022681773, 'penalty_k': 0.1289278410468432, 'scale_lr': 0.25497563040548693}. Best is trial 29 with value: 0.2780172119780285.
checkpoint_e39 window_influence: 0.25000244241722752, penalty_k: 0.22447983592803106, scale_lr: 0.30153529326738293, EAO: 0.263
Trial 85 finished with value: 0.2634606624279565 and parameters: {'window_influence': 0.2500024424172275, 'penalty_k': 0.22447983592803106, 'scale_lr': 0.30153529326738293}. Best is trial 29 with value: 0.2780172119780285.
checkpoint_e39 window_influence: 0.17708564640562252, penalty_k: 0.08733417598353670, scale_lr: 0.22028732907511914, EAO: 0.256
Trial 86 finished with value: 0.2564384791303456 and parameters: {'window_influence': 0.17708564640562252, 'penalty_k': 0.0873341759835367, 'scale_lr': 0.22028732907511914}. Best is trial 29 with value: 0.2780172119780285.
checkpoint_e39 window_influence: 0.29441484455882816, penalty_k: 0.15264092316880440, scale_lr: 0.18865785721222611, EAO: 0.261
Trial 87 finished with value: 0.26068415298936815 and parameters: {'window_influence': 0.29441484455882816, 'penalty_k': 0.1526409231688044, 'scale_lr': 0.1886578572122261}. Best is trial 29 with value: 0.2780172119780285.
checkpoint_e39 window_influence: 0.22917334583531365, penalty_k: 0.18232458933297377, scale_lr: 0.26589470135116527, EAO: 0.273
Trial 88 finished with value: 0.2734668649187902 and parameters: {'window_influence': 0.22917334583531365, 'penalty_k': 0.18232458933297377, 'scale_lr': 0.2658947013511653}. Best is trial 29 with value: 0.2780172119780285.
checkpoint_e39 window_influence: 0.23242762120353549, penalty_k: 0.18568018440940876, scale_lr: 0.26506817755161899, EAO: 0.268
Trial 89 finished with value: 0.2683562705429589 and parameters: {'window_influence': 0.2324276212035355, 'penalty_k': 0.18568018440940876, 'scale_lr': 0.265068177551619}. Best is trial 29 with value: 0.2780172119780285.
checkpoint_e39 window_influence: 0.21347986365224220, penalty_k: 0.17218241134268156, scale_lr: 0.24083873606991030, EAO: 0.260
Trial 90 finished with value: 0.25989706711313587 and parameters: {'window_influence': 0.2134798636522422, 'penalty_k': 0.17218241134268156, 'scale_lr': 0.2408387360699103}. Best is trial 29 with value: 0.2780172119780285.
checkpoint_e39 window_influence: 0.32069260228975949, penalty_k: 0.13919826528300711, scale_lr: 0.26729073794695596, EAO: 0.259
Trial 91 finished with value: 0.25944043714098813 and parameters: {'window_influence': 0.3206926022897595, 'penalty_k': 0.1391982652830071, 'scale_lr': 0.26729073794695596}. Best is trial 29 with value: 0.2780172119780285.
checkpoint_e39 window_influence: 0.19585610744825924, penalty_k: 0.16492019418940038, scale_lr: 0.22146799140236259, EAO: 0.265
Trial 92 finished with value: 0.26468535742866317 and parameters: {'window_influence': 0.19585610744825924, 'penalty_k': 0.16492019418940038, 'scale_lr': 0.2214679914023626}. Best is trial 29 with value: 0.2780172119780285.
checkpoint_e39 window_influence: 0.25109744238114373, penalty_k: 0.10327951088491577, scale_lr: 0.24433864054521109, EAO: 0.275
Trial 93 finished with value: 0.2749201276195728 and parameters: {'window_influence': 0.25109744238114373, 'penalty_k': 0.10327951088491577, 'scale_lr': 0.2443386405452111}. Best is trial 29 with value: 0.2780172119780285.
checkpoint_e39 window_influence: 0.27960233580660160, penalty_k: 0.19825821397605797, scale_lr: 0.25386057958595559, EAO: 0.267
Trial 94 finished with value: 0.26736026045268146 and parameters: {'window_influence': 0.2796023358066016, 'penalty_k': 0.19825821397605797, 'scale_lr': 0.2538605795859556}. Best is trial 29 with value: 0.2780172119780285.
checkpoint_e39 window_influence: 0.24502745469040790, penalty_k: 0.10023040676724022, scale_lr: 0.24222790643116643, EAO: 0.269
Trial 95 finished with value: 0.2688351911984808 and parameters: {'window_influence': 0.2450274546904079, 'penalty_k': 0.10023040676724022, 'scale_lr': 0.24222790643116643}. Best is trial 29 with value: 0.2780172119780285.
checkpoint_e39 window_influence: 0.22029167248586187, penalty_k: 0.12344500774284091, scale_lr: 0.29140502433360171, EAO: 0.261
Trial 96 finished with value: 0.26094864084710917 and parameters: {'window_influence': 0.22029167248586187, 'penalty_k': 0.12344500774284091, 'scale_lr': 0.2914050243336017}. Best is trial 29 with value: 0.2780172119780285.
checkpoint_e39 window_influence: 0.25714835197186764, penalty_k: 0.10409889823921294, scale_lr: 0.31253732894781172, EAO: 0.252
Trial 97 finished with value: 0.2524397849309735 and parameters: {'window_influence': 0.25714835197186764, 'penalty_k': 0.10409889823921294, 'scale_lr': 0.3125373289478117}. Best is trial 29 with value: 0.2780172119780285.
checkpoint_e39 window_influence: 0.23578819428186285, penalty_k: 0.15136175768258447, scale_lr: 0.26705645107797771, EAO: 0.272
Trial 98 finished with value: 0.27179837311671035 and parameters: {'window_influence': 0.23578819428186285, 'penalty_k': 0.15136175768258447, 'scale_lr': 0.2670564510779777}. Best is trial 29 with value: 0.2780172119780285.
checkpoint_e39 window_influence: 0.22876769968332236, penalty_k: 0.14212252968865191, scale_lr: 0.22175332997676001, EAO: 0.259
Trial 99 finished with value: 0.25867747230743005 and parameters: {'window_influence': 0.22876769968332236, 'penalty_k': 0.1421225296886519, 'scale_lr': 0.22175332997676}. Best is trial 29 with value: 0.2780172119780285.
checkpoint_e39 window_influence: 0.28305990148636190, penalty_k: 0.15712152982841393, scale_lr: 0.26835524797430060, EAO: 0.263
Trial 100 finished with value: 0.2630616151462726 and parameters: {'window_influence': 0.2830599014863619, 'penalty_k': 0.15712152982841393, 'scale_lr': 0.2683552479743006}. Best is trial 29 with value: 0.2780172119780285.
checkpoint_e39 window_influence: 0.20868254892022559, penalty_k: 0.16739812221762754, scale_lr: 0.30225343170798158, EAO: 0.275
Trial 101 finished with value: 0.27516240020835303 and parameters: {'window_influence': 0.20868254892022559, 'penalty_k': 0.16739812221762754, 'scale_lr': 0.3022534317079816}. Best is trial 29 with value: 0.2780172119780285.
checkpoint_e39 window_influence: 0.20534294427877969, penalty_k: 0.16948466865611964, scale_lr: 0.30179926166315185, EAO: 0.267
Trial 102 finished with value: 0.2669707739619705 and parameters: {'window_influence': 0.2053429442787797, 'penalty_k': 0.16948466865611964, 'scale_lr': 0.30179926166315185}. Best is trial 29 with value: 0.2780172119780285.
checkpoint_e39 window_influence: 0.16926073214932713, penalty_k: 0.19493544684996211, scale_lr: 0.24545726584289873, EAO: 0.251
Trial 103 finished with value: 0.25059372295693655 and parameters: {'window_influence': 0.16926073214932713, 'penalty_k': 0.1949354468499621, 'scale_lr': 0.24545726584289873}. Best is trial 29 with value: 0.2780172119780285.
checkpoint_e39 window_influence: 0.18778183171953985, penalty_k: 0.21154864233197082, scale_lr: 0.33618634102829675, EAO: 0.253
Trial 104 finished with value: 0.25286414219838815 and parameters: {'window_influence': 0.18778183171953985, 'penalty_k': 0.21154864233197082, 'scale_lr': 0.33618634102829675}. Best is trial 29 with value: 0.2780172119780285.
checkpoint_e39 window_influence: 0.21353477040645408, penalty_k: 0.18234013815524419, scale_lr: 0.27130182413037929, EAO: 0.270
Trial 105 finished with value: 0.26956124428084227 and parameters: {'window_influence': 0.21353477040645408, 'penalty_k': 0.1823401381552442, 'scale_lr': 0.2713018241303793}. Best is trial 29 with value: 0.2780172119780285.
checkpoint_e39 window_influence: 0.23743719524956097, penalty_k: 0.13430625113674644, scale_lr: 0.25624085082967285, EAO: 0.258
Trial 106 finished with value: 0.2577789651184547 and parameters: {'window_influence': 0.23743719524956097, 'penalty_k': 0.13430625113674644, 'scale_lr': 0.25624085082967285}. Best is trial 29 with value: 0.2780172119780285.
checkpoint_e39 window_influence: 0.27187879926304881, penalty_k: 0.15426461624121612, scale_lr: 0.30544284469914484, EAO: 0.264
Trial 107 finished with value: 0.26386815055114465 and parameters: {'window_influence': 0.2718787992630488, 'penalty_k': 0.15426461624121612, 'scale_lr': 0.30544284469914484}. Best is trial 29 with value: 0.2780172119780285.
checkpoint_e39 window_influence: 0.20599981652978300, penalty_k: 0.10980298817380098, scale_lr: 0.29047888846580294, EAO: 0.265
Trial 108 finished with value: 0.2654433539364396 and parameters: {'window_influence': 0.205999816529783, 'penalty_k': 0.10980298817380098, 'scale_lr': 0.29047888846580294}. Best is trial 29 with value: 0.2780172119780285.
checkpoint_e39 window_influence: 0.25918286147319686, penalty_k: 0.12044696363994463, scale_lr: 0.32722689399165972, EAO: 0.270
Trial 109 finished with value: 0.2703149104869463 and parameters: {'window_influence': 0.25918286147319686, 'penalty_k': 0.12044696363994463, 'scale_lr': 0.3272268939916597}. Best is trial 29 with value: 0.2780172119780285.
checkpoint_e39 window_influence: 0.22207873010300491, penalty_k: 0.15042858551745034, scale_lr: 0.23441791405365822, EAO: 0.269
Trial 110 finished with value: 0.26853175709644955 and parameters: {'window_influence': 0.2220787301030049, 'penalty_k': 0.15042858551745034, 'scale_lr': 0.23441791405365822}. Best is trial 29 with value: 0.2780172119780285.
checkpoint_e39 window_influence: 0.25802016337412165, penalty_k: 0.08715564701415132, scale_lr: 0.32871957782054101, EAO: 0.252
Trial 111 finished with value: 0.2521003125523164 and parameters: {'window_influence': 0.25802016337412165, 'penalty_k': 0.08715564701415132, 'scale_lr': 0.328719577820541}. Best is trial 29 with value: 0.2780172119780285.
checkpoint_e39 window_influence: 0.23222008828322860, penalty_k: 0.12245858564986568, scale_lr: 0.31658228431991892, EAO: 0.262
Trial 112 finished with value: 0.26221594717202146 and parameters: {'window_influence': 0.2322200882832286, 'penalty_k': 0.12245858564986568, 'scale_lr': 0.3165822843199189}. Best is trial 29 with value: 0.2780172119780285.
checkpoint_e39 window_influence: 0.26192350854776059, penalty_k: 0.16697348367301526, scale_lr: 0.27185150272942965, EAO: 0.283
Trial 113 finished with value: 0.2826390351827552 and parameters: {'window_influence': 0.2619235085477606, 'penalty_k': 0.16697348367301526, 'scale_lr': 0.27185150272942965}. Best is trial 113 with value: 0.2826390351827552.
checkpoint_e39 window_influence: 0.29383913102147396, penalty_k: 0.18533105176907103, scale_lr: 0.20596866507848638, EAO: 0.262
Trial 114 finished with value: 0.2620606896111636 and parameters: {'window_influence': 0.29383913102147396, 'penalty_k': 0.18533105176907103, 'scale_lr': 0.20596866507848638}. Best is trial 113 with value: 0.2826390351827552.
checkpoint_e39 window_influence: 0.24720866755093901, penalty_k: 0.17458048358729494, scale_lr: 0.27173112585920911, EAO: 0.275
Trial 115 finished with value: 0.27475567743545626 and parameters: {'window_influence': 0.247208667550939, 'penalty_k': 0.17458048358729494, 'scale_lr': 0.2717311258592091}. Best is trial 113 with value: 0.2826390351827552.
checkpoint_e39 window_influence: 0.27270061644493904, penalty_k: 0.16933699776321370, scale_lr: 0.27638266145979262, EAO: 0.279
Trial 116 finished with value: 0.2787021993379283 and parameters: {'window_influence': 0.27270061644493904, 'penalty_k': 0.1693369977632137, 'scale_lr': 0.2763826614597926}. Best is trial 113 with value: 0.2826390351827552.
checkpoint_e39 window_influence: 0.27508439201864193, penalty_k: 0.16891339491434845, scale_lr: 0.27411721952410378, EAO: 0.268
Trial 117 finished with value: 0.26848674819963736 and parameters: {'window_influence': 0.27508439201864193, 'penalty_k': 0.16891339491434845, 'scale_lr': 0.2741172195241038}. Best is trial 113 with value: 0.2826390351827552.
checkpoint_e39 window_influence: 0.24408871944548577, penalty_k: 0.20655491647923260, scale_lr: 0.28453393986522540, EAO: 0.267
Trial 118 finished with value: 0.2673960814509935 and parameters: {'window_influence': 0.24408871944548577, 'penalty_k': 0.2065549164792326, 'scale_lr': 0.2845339398652254}. Best is trial 113 with value: 0.2826390351827552.
checkpoint_e39 window_influence: 0.26720486117046244, penalty_k: 0.14584908052412532, scale_lr: 0.34434348976876267, EAO: 0.273
Trial 119 finished with value: 0.27330806269878294 and parameters: {'window_influence': 0.26720486117046244, 'penalty_k': 0.14584908052412532, 'scale_lr': 0.34434348976876267}. Best is trial 113 with value: 0.2826390351827552.
checkpoint_e39 window_influence: 0.30533950136332499, penalty_k: 0.22811671263670100, scale_lr: 0.29889437840571670, EAO: 0.254
Trial 120 finished with value: 0.25375299840196364 and parameters: {'window_influence': 0.305339501363325, 'penalty_k': 0.228116712636701, 'scale_lr': 0.2988943784057167}. Best is trial 113 with value: 0.2826390351827552.
checkpoint_e39 window_influence: 0.26881023675879095, penalty_k: 0.19093558882098505, scale_lr: 0.34653958334532015, EAO: 0.262
Trial 121 finished with value: 0.26179626620397334 and parameters: {'window_influence': 0.26881023675879095, 'penalty_k': 0.19093558882098505, 'scale_lr': 0.34653958334532015}. Best is trial 113 with value: 0.2826390351827552.
checkpoint_e39 window_influence: 0.28752749429699548, penalty_k: 0.14378780904716823, scale_lr: 0.31125608266609134, EAO: 0.257
Trial 122 finished with value: 0.25745207882993587 and parameters: {'window_influence': 0.2875274942969955, 'penalty_k': 0.14378780904716823, 'scale_lr': 0.31125608266609134}. Best is trial 113 with value: 0.2826390351827552.
checkpoint_e39 window_influence: 0.25035568241749845, penalty_k: 0.16195499460037904, scale_lr: 0.27125688186552099, EAO: 0.276
Trial 123 finished with value: 0.27587549376293896 and parameters: {'window_influence': 0.25035568241749845, 'penalty_k': 0.16195499460037904, 'scale_lr': 0.271256881865521}. Best is trial 113 with value: 0.2826390351827552.
checkpoint_e39 window_influence: 0.23827294817790920, penalty_k: 0.13669224526434312, scale_lr: 0.27058494635130481, EAO: 0.266
