Trial 83 finished with value: 0.26602642486492795 and parameters: {'window_influence': 0.4542337786461208, 'penalty_k': 0.2190484084462629, 'scale_lr': 0.6508115062407208}. Best is trial 66 with value: 0.26836136504402003.
checkpoint_e39 window_influence: 0.45735361443024691, penalty_k: 0.21962014248367762, scale_lr: 0.70887226822720617, EAO: 0.262
Trial 84 finished with value: 0.2615215118701865 and parameters: {'window_influence': 0.4573536144302469, 'penalty_k': 0.21962014248367762, 'scale_lr': 0.7088722682272062}. Best is trial 66 with value: 0.26836136504402003.
checkpoint_e39 window_influence: 0.42571664969879330, penalty_k: 0.20329431077780014, scale_lr: 0.67875047913146525, EAO: 0.263
Trial 85 finished with value: 0.26300322094826195 and parameters: {'window_influence': 0.4257166496987933, 'penalty_k': 0.20329431077780014, 'scale_lr': 0.6787504791314652}. Best is trial 66 with value: 0.26836136504402003.
checkpoint_e39 window_influence: 0.48456942410407039, penalty_k: 0.16963779079675798, scale_lr: 0.64862362190028489, EAO: 0.256
Trial 86 finished with value: 0.25576412053854486 and parameters: {'window_influence': 0.4845694241040704, 'penalty_k': 0.16963779079675798, 'scale_lr': 0.6486236219002849}. Best is trial 66 with value: 0.26836136504402003.
checkpoint_e39 window_influence: 0.37856135571584154, penalty_k: 0.24534192297252899, scale_lr: 0.71333795324042759, EAO: 0.256
Trial 87 finished with value: 0.2555523103451341 and parameters: {'window_influence': 0.37856135571584154, 'penalty_k': 0.245341922972529, 'scale_lr': 0.7133379532404276}. Best is trial 66 with value: 0.26836136504402003.
checkpoint_e39 window_influence: 0.45525399101946223, penalty_k: 0.21914260446835587, scale_lr: 0.63541787474611544, EAO: 0.259
Trial 88 finished with value: 0.2588757441295841 and parameters: {'window_influence': 0.45525399101946223, 'penalty_k': 0.21914260446835587, 'scale_lr': 0.6354178747461154}. Best is trial 66 with value: 0.26836136504402003.
checkpoint_e39 window_influence: 0.43997502145920053, penalty_k: 0.19552997818213674, scale_lr: 0.68406639687463611, EAO: 0.263
Trial 89 finished with value: 0.2634313842508851 and parameters: {'window_influence': 0.43997502145920053, 'penalty_k': 0.19552997818213674, 'scale_lr': 0.6840663968746361}. Best is trial 66 with value: 0.26836136504402003.
checkpoint_e39 window_influence: 0.51338074534993638, penalty_k: 0.15782181265415859, scale_lr: 0.72421580559270082, EAO: 0.247
Trial 90 finished with value: 0.24699069087098285 and parameters: {'window_influence': 0.5133807453499364, 'penalty_k': 0.1578218126541586, 'scale_lr': 0.7242158055927008}. Best is trial 66 with value: 0.26836136504402003.
checkpoint_e39 window_influence: 0.44226039082556290, penalty_k: 0.20270330430498840, scale_lr: 0.67048284127165547, EAO: 0.265
Trial 91 finished with value: 0.265173402016725 and parameters: {'window_influence': 0.4422603908255629, 'penalty_k': 0.2027033043049884, 'scale_lr': 0.6704828412716555}. Best is trial 66 with value: 0.26836136504402003.
checkpoint_e39 window_influence: 0.47102083352356944, penalty_k: 0.23381566426011649, scale_lr: 0.67090792748382777, EAO: 0.259
Trial 92 finished with value: 0.25946363909700054 and parameters: {'window_influence': 0.47102083352356944, 'penalty_k': 0.2338156642601165, 'scale_lr': 0.6709079274838278}. Best is trial 66 with value: 0.26836136504402003.
checkpoint_e39 window_influence: 0.40055840691484357, penalty_k: 0.17838385461747297, scale_lr: 0.64095348079059256, EAO: 0.254
Trial 93 finished with value: 0.25442064559556604 and parameters: {'window_influence': 0.40055840691484357, 'penalty_k': 0.17838385461747297, 'scale_lr': 0.6409534807905926}. Best is trial 66 with value: 0.26836136504402003.
checkpoint_e39 window_influence: 0.42734473855259392, penalty_k: 0.20659542691726984, scale_lr: 0.61977229965358682, EAO: 0.259
Trial 94 finished with value: 0.25945460414741095 and parameters: {'window_influence': 0.4273447385525939, 'penalty_k': 0.20659542691726984, 'scale_lr': 0.6197722996535868}. Best is trial 66 with value: 0.26836136504402003.
checkpoint_e39 window_influence: 0.45255644505931875, penalty_k: 0.19099278851788540, scale_lr: 0.66057792710304897, EAO: 0.260
Trial 95 finished with value: 0.25970077260238367 and parameters: {'window_influence': 0.45255644505931875, 'penalty_k': 0.1909927885178854, 'scale_lr': 0.660577927103049}. Best is trial 66 with value: 0.26836136504402003.
checkpoint_e39 window_influence: 0.49234676739088157, penalty_k: 0.11753087083022198, scale_lr: 0.73288849467658301, EAO: 0.255
Trial 96 finished with value: 0.2553290555753359 and parameters: {'window_influence': 0.49234676739088157, 'penalty_k': 0.11753087083022198, 'scale_lr': 0.732888494676583}. Best is trial 66 with value: 0.26836136504402003.
checkpoint_e39 window_influence: 0.41284621154538009, penalty_k: 0.16949398264781296, scale_lr: 0.69265400552826972, EAO: 0.247
Trial 97 finished with value: 0.24658624737001048 and parameters: {'window_influence': 0.4128462115453801, 'penalty_k': 0.16949398264781296, 'scale_lr': 0.6926540055282697}. Best is trial 66 with value: 0.26836136504402003.
checkpoint_e39 window_influence: 0.46405461492826139, penalty_k: 0.25292064048078711, scale_lr: 0.75071990836290647, EAO: 0.259
Trial 98 finished with value: 0.25923958438925626 and parameters: {'window_influence': 0.4640546149282614, 'penalty_k': 0.2529206404807871, 'scale_lr': 0.7507199083629065}. Best is trial 66 with value: 0.26836136504402003.
checkpoint_e39 window_influence: 0.43620021758009864, penalty_k: 0.22243379281957285, scale_lr: 0.70645566596103626, EAO: 0.270
Trial 99 finished with value: 0.2703712762492459 and parameters: {'window_influence': 0.43620021758009864, 'penalty_k': 0.22243379281957285, 'scale_lr': 0.7064556659610363}. Best is trial 99 with value: 0.2703712762492459.
checkpoint_e39 window_influence: 0.38930213124050728, penalty_k: 0.23396622892543351, scale_lr: 0.70563574417052444, EAO: 0.261
Trial 100 finished with value: 0.26074262254121827 and parameters: {'window_influence': 0.3893021312405073, 'penalty_k': 0.2339662289254335, 'scale_lr': 0.7056357441705244}. Best is trial 99 with value: 0.2703712762492459.
checkpoint_e39 window_influence: 0.43652176910690943, penalty_k: 0.21824236545498574, scale_lr: 0.67093152135378753, EAO: 0.262
Trial 101 finished with value: 0.2624412209280138 and parameters: {'window_influence': 0.43652176910690943, 'penalty_k': 0.21824236545498574, 'scale_lr': 0.6709315213537875}. Best is trial 99 with value: 0.2703712762492459.
checkpoint_e39 window_influence: 0.42148620367326761, penalty_k: 0.21149071629950841, scale_lr: 0.64977288497785890, EAO: 0.251
Trial 102 finished with value: 0.25139554850454254 and parameters: {'window_influence': 0.4214862036732676, 'penalty_k': 0.2114907162995084, 'scale_lr': 0.6497728849778589}. Best is trial 99 with value: 0.2703712762492459.
checkpoint_e39 window_influence: 0.47934369274446359, penalty_k: 0.19726139518464444, scale_lr: 0.71239978176354624, EAO: 0.247
Trial 103 finished with value: 0.246877642424126 and parameters: {'window_influence': 0.4793436927444636, 'penalty_k': 0.19726139518464444, 'scale_lr': 0.7123997817635462}. Best is trial 99 with value: 0.2703712762492459.
checkpoint_e39 window_influence: 0.44955022413469226, penalty_k: 0.22758980496365550, scale_lr: 0.61053306988087741, EAO: 0.257
Trial 104 finished with value: 0.25704384849565787 and parameters: {'window_influence': 0.44955022413469226, 'penalty_k': 0.2275898049636555, 'scale_lr': 0.6105330698808774}. Best is trial 99 with value: 0.2703712762492459.
checkpoint_e39 window_influence: 0.40494292996967679, penalty_k: 0.17890765410856002, scale_lr: 0.68383348966521063, EAO: 0.257
Trial 105 finished with value: 0.25722200435593845 and parameters: {'window_influence': 0.4049429299696768, 'penalty_k': 0.17890765410856002, 'scale_lr': 0.6838334896652106}. Best is trial 99 with value: 0.2703712762492459.
checkpoint_e39 window_influence: 0.44543341238653122, penalty_k: 0.24163701704733387, scale_lr: 0.73141713956215548, EAO: 0.266
Trial 106 finished with value: 0.26575955058016426 and parameters: {'window_influence': 0.4454334123865312, 'penalty_k': 0.24163701704733387, 'scale_lr': 0.7314171395621555}. Best is trial 99 with value: 0.2703712762492459.
checkpoint_e39 window_influence: 0.43169738649553252, penalty_k: 0.27046068290685998, scale_lr: 0.78529459811045799, EAO: 0.258
Trial 107 finished with value: 0.25818350384148153 and parameters: {'window_influence': 0.4316973864955325, 'penalty_k': 0.27046068290686, 'scale_lr': 0.785294598110458}. Best is trial 99 with value: 0.2703712762492459.
checkpoint_e39 window_influence: 0.46801212446711898, penalty_k: 0.25655198965935033, scale_lr: 0.72582800211161791, EAO: 0.260
Trial 108 finished with value: 0.2601815765587295 and parameters: {'window_influence': 0.468012124467119, 'penalty_k': 0.25655198965935033, 'scale_lr': 0.7258280021116179}. Best is trial 99 with value: 0.2703712762492459.
checkpoint_e39 window_influence: 0.45086408658032856, penalty_k: 0.24918764118272246, scale_lr: 0.74606961585698151, EAO: 0.268
Trial 109 finished with value: 0.2684701698097756 and parameters: {'window_influence': 0.45086408658032856, 'penalty_k': 0.24918764118272246, 'scale_lr': 0.7460696158569815}. Best is trial 99 with value: 0.2703712762492459.
checkpoint_e39 window_influence: 0.49322790594043081, penalty_k: 0.24231217521456666, scale_lr: 0.74069490637261182, EAO: 0.248
Trial 110 finished with value: 0.2483354095157569 and parameters: {'window_influence': 0.4932279059404308, 'penalty_k': 0.24231217521456666, 'scale_lr': 0.7406949063726118}. Best is trial 99 with value: 0.2703712762492459.
checkpoint_e39 window_influence: 0.44874547397567222, penalty_k: 0.24884917355396829, scale_lr: 0.76133463389653966, EAO: 0.260
Trial 111 finished with value: 0.26007263592588226 and parameters: {'window_influence': 0.4487454739756722, 'penalty_k': 0.2488491735539683, 'scale_lr': 0.7613346338965397}. Best is trial 99 with value: 0.2703712762492459.
checkpoint_e39 window_influence: 0.41839736314775833, penalty_k: 0.27445698640128763, scale_lr: 0.70027594955093020, EAO: 0.258
Trial 112 finished with value: 0.2577239387040216 and parameters: {'window_influence': 0.4183973631477583, 'penalty_k': 0.27445698640128763, 'scale_lr': 0.7002759495509302}. Best is trial 99 with value: 0.2703712762492459.
checkpoint_e39 window_influence: 0.44117706748990837, penalty_k: 0.22563127619883205, scale_lr: 0.75139979464979612, EAO: 0.263
Trial 113 finished with value: 0.2626760547480932 and parameters: {'window_influence': 0.44117706748990837, 'penalty_k': 0.22563127619883205, 'scale_lr': 0.7513997946497961}. Best is trial 99 with value: 0.2703712762492459.
checkpoint_e39 window_influence: 0.46074751722644369, penalty_k: 0.29067579320145898, scale_lr: 0.72131111102455869, EAO: 0.262
Trial 114 finished with value: 0.2618233270155705 and parameters: {'window_influence': 0.4607475172264437, 'penalty_k': 0.290675793201459, 'scale_lr': 0.7213111110245587}. Best is trial 99 with value: 0.2703712762492459.
checkpoint_e39 window_influence: 0.48173981783934755, penalty_k: 0.20711855839541776, scale_lr: 0.73530072880477515, EAO: 0.253
Trial 115 finished with value: 0.25281977174970194 and parameters: {'window_influence': 0.48173981783934755, 'penalty_k': 0.20711855839541776, 'scale_lr': 0.7353007288047751}. Best is trial 99 with value: 0.2703712762492459.
checkpoint_e39 window_influence: 0.42493977912337944, penalty_k: 0.18852871584444070, scale_lr: 0.76532036998304820, EAO: 0.264
Trial 116 finished with value: 0.26362004070504896 and parameters: {'window_influence': 0.42493977912337944, 'penalty_k': 0.1885287158444407, 'scale_lr': 0.7653203699830482}. Best is trial 99 with value: 0.2703712762492459.
checkpoint_e39 window_influence: 0.39412735026374751, penalty_k: 0.23910259978944984, scale_lr: 0.78174696406428490, EAO: 0.258
Trial 117 finished with value: 0.2583123626626604 and parameters: {'window_influence': 0.3941273502637475, 'penalty_k': 0.23910259978944984, 'scale_lr': 0.7817469640642849}. Best is trial 99 with value: 0.2703712762492459.
checkpoint_e39 window_influence: 0.45493146670816559, penalty_k: 0.22609922773893959, scale_lr: 0.70000974056473220, EAO: 0.262
Trial 118 finished with value: 0.2624629006032052 and parameters: {'window_influence': 0.4549314667081656, 'penalty_k': 0.2260992277389396, 'scale_lr': 0.7000097405647322}. Best is trial 99 with value: 0.2703712762492459.
checkpoint_e39 window_influence: 0.41034763757631260, penalty_k: 0.25889972387033700, scale_lr: 0.67170420412776755, EAO: 0.260
Trial 119 finished with value: 0.2599936335430882 and parameters: {'window_influence': 0.4103476375763126, 'penalty_k': 0.258899723870337, 'scale_lr': 0.6717042041277675}. Best is trial 99 with value: 0.2703712762492459.
checkpoint_e39 window_influence: 0.47280603261824639, penalty_k: 0.27552041750822037, scale_lr: 0.68823931534606608, EAO: 0.256
Trial 120 finished with value: 0.2555751390452307 and parameters: {'window_influence': 0.4728060326182464, 'penalty_k': 0.27552041750822037, 'scale_lr': 0.6882393153460661}. Best is trial 99 with value: 0.2703712762492459.
checkpoint_e39 window_influence: 0.43881603033398414, penalty_k: 0.15099389308354336, scale_lr: 0.65997693641705690, EAO: 0.259
Trial 121 finished with value: 0.2585353011159393 and parameters: {'window_influence': 0.43881603033398414, 'penalty_k': 0.15099389308354336, 'scale_lr': 0.6599769364170569}. Best is trial 99 with value: 0.2703712762492459.
checkpoint_e39 window_influence: 0.44453064939834591, penalty_k: 0.16706795383125642, scale_lr: 0.64636490901821408, EAO: 0.260
Trial 122 finished with value: 0.2595741333273368 and parameters: {'window_influence': 0.4445306493983459, 'penalty_k': 0.16706795383125642, 'scale_lr': 0.6463649090182141}. Best is trial 99 with value: 0.2703712762492459.
checkpoint_e39 window_influence: 0.46176090406120035, penalty_k: 0.21519569802120028, scale_lr: 0.62842379275000726, EAO: 0.253
Trial 123 finished with value: 0.2532500292106373 and parameters: {'window_influence': 0.46176090406120035, 'penalty_k': 0.21519569802120028, 'scale_lr': 0.6284237927500073}. Best is trial 99 with value: 0.2703712762492459.
checkpoint_e39 window_influence: 0.42873460555131493, penalty_k: 0.19769127892008437, scale_lr: 0.72053257657765091, EAO: 0.264
Trial 124 finished with value: 0.2637256703725675 and parameters: {'window_influence': 0.42873460555131493, 'penalty_k': 0.19769127892008437, 'scale_lr': 0.7205325765776509}. Best is trial 99 with value: 0.2703712762492459.
checkpoint_e39 window_influence: 0.38116037957153243, penalty_k: 0.13876464705638061, scale_lr: 0.73935090393320024, EAO: 0.250
Trial 125 finished with value: 0.25008052642025597 and parameters: {'window_influence': 0.3811603795715324, 'penalty_k': 0.1387646470563806, 'scale_lr': 0.7393509039332002}. Best is trial 99 with value: 0.2703712762492459.
checkpoint_e39 window_influence: 0.50629116338226210, penalty_k: 0.18843904923103436, scale_lr: 0.59335487614542559, EAO: 0.252
Trial 126 finished with value: 0.2520048557137086 and parameters: {'window_influence': 0.5062911633822621, 'penalty_k': 0.18843904923103436, 'scale_lr': 0.5933548761454256}. Best is trial 99 with value: 0.2703712762492459.
checkpoint_e39 window_influence: 0.41198908721619021, penalty_k: 0.15836804271586227, scale_lr: 0.68205978768178954, EAO: 0.255
Trial 127 finished with value: 0.2553621225240754 and parameters: {'window_influence': 0.4119890872161902, 'penalty_k': 0.15836804271586227, 'scale_lr': 0.6820597876817895}. Best is trial 99 with value: 0.2703712762492459.
checkpoint_e39 window_influence: 0.48692122119848058, penalty_k: 0.17892088247457197, scale_lr: 0.71402805510940548, EAO: 0.253
Trial 128 finished with value: 0.25348612690359595 and parameters: {'window_influence': 0.4869212211984806, 'penalty_k': 0.17892088247457197, 'scale_lr': 0.7140280551094055}. Best is trial 99 with value: 0.2703712762492459.
checkpoint_e39 window_influence: 0.47129143769585125, penalty_k: 0.30167424442886870, scale_lr: 0.63793241046990590, EAO: 0.257
Trial 129 finished with value: 0.2567156036573697 and parameters: {'window_influence': 0.47129143769585125, 'penalty_k': 0.3016742444288687, 'scale_lr': 0.6379324104699059}. Best is trial 99 with value: 0.2703712762492459.
checkpoint_e39 window_influence: 0.45547029664500982, penalty_k: 0.24313273480215392, scale_lr: 0.66143864978527944, EAO: 0.266
Trial 130 finished with value: 0.2658125483165912 and parameters: {'window_influence': 0.4554702966450098, 'penalty_k': 0.24313273480215392, 'scale_lr': 0.6614386497852794}. Best is trial 99 with value: 0.2703712762492459.
checkpoint_e39 window_influence: 0.44962256189301347, penalty_k: 0.24319373955506871, scale_lr: 0.66171720127089184, EAO: 0.272
Trial 131 finished with value: 0.27235835790634155 and parameters: {'window_influence': 0.4496225618930135, 'penalty_k': 0.2431937395550687, 'scale_lr': 0.6617172012708918}. Best is trial 131 with value: 0.27235835790634155.
checkpoint_e39 window_influence: 0.45290089540558220, penalty_k: 0.24411367834428305, scale_lr: 0.69917792103891130, EAO: 0.265
Trial 132 finished with value: 0.2648242189268756 and parameters: {'window_influence': 0.4529008954055822, 'penalty_k': 0.24411367834428305, 'scale_lr': 0.6991779210389113}. Best is trial 131 with value: 0.27235835790634155.
checkpoint_e39 window_influence: 0.45442774394319146, penalty_k: 0.25111301508284395, scale_lr: 0.69990034473837703, EAO: 0.271
Trial 133 finished with value: 0.2708133576604409 and parameters: {'window_influence': 0.45442774394319146, 'penalty_k': 0.25111301508284395, 'scale_lr': 0.699900344738377}. Best is trial 131 with value: 0.27235835790634155.
checkpoint_e39 window_influence: 0.45049213582033942, penalty_k: 0.24553485147094403, scale_lr: 0.69980639635119002, EAO: 0.269
Trial 134 finished with value: 0.2685389893689776 and parameters: {'window_influence': 0.4504921358203394, 'penalty_k': 0.24553485147094403, 'scale_lr': 0.69980639635119}. Best is trial 131 with value: 0.27235835790634155.
checkpoint_e39 window_influence: 0.43515146234314778, penalty_k: 0.25364939066179315, scale_lr: 0.67158846414392825, EAO: 0.269
Trial 135 finished with value: 0.2692303460666804 and parameters: {'window_influence': 0.4351514623431478, 'penalty_k': 0.25364939066179315, 'scale_lr': 0.6715884641439283}. Best is trial 131 with value: 0.27235835790634155.
checkpoint_e39 window_influence: 0.43385811842294525, penalty_k: 0.24844970868994376, scale_lr: 0.67338289510891958, EAO: 0.267
Trial 136 finished with value: 0.2670237695177396 and parameters: {'window_influence': 0.43385811842294525, 'penalty_k': 0.24844970868994376, 'scale_lr': 0.6733828951089196}. Best is trial 131 with value: 0.27235835790634155.
checkpoint_e39 window_influence: 0.42922733280002023, penalty_k: 0.25187486543486715, scale_lr: 0.66136823680067214, EAO: 0.266
Trial 137 finished with value: 0.266134785261096 and parameters: {'window_influence': 0.42922733280002023, 'penalty_k': 0.25187486543486715, 'scale_lr': 0.6613682368006721}. Best is trial 131 with value: 0.27235835790634155.
checkpoint_e39 window_influence: 0.43148100387644106, penalty_k: 0.25752760510858513, scale_lr: 0.65583923875779193, EAO: 0.257
Trial 138 finished with value: 0.25674032359346144 and parameters: {'window_influence': 0.43148100387644106, 'penalty_k': 0.25752760510858513, 'scale_lr': 0.6558392387577919}. Best is trial 131 with value: 0.27235835790634155.
checkpoint_e39 window_influence: 0.41988374714656185, penalty_k: 0.28495386879593060, scale_lr: 0.68286891052560950, EAO: 0.259
Trial 139 finished with value: 0.2588695208958494 and parameters: {'window_influence': 0.41988374714656185, 'penalty_k': 0.2849538687959306, 'scale_lr': 0.6828689105256095}. Best is trial 131 with value: 0.27235835790634155.
checkpoint_e39 window_influence: 0.45726487999950871, penalty_k: 0.26710961270807676, scale_lr: 0.67024037919905322, EAO: 0.261
Trial 140 finished with value: 0.2609587995017447 and parameters: {'window_influence': 0.4572648799995087, 'penalty_k': 0.26710961270807676, 'scale_lr': 0.6702403791990532}. Best is trial 131 with value: 0.27235835790634155.
checkpoint_e39 window_influence: 0.43722482734979956, penalty_k: 0.23545747375799386, scale_lr: 0.65651283296535656, EAO: 0.270
Trial 141 finished with value: 0.27021144021575044 and parameters: {'window_influence': 0.43722482734979956, 'penalty_k': 0.23545747375799386, 'scale_lr': 0.6565128329653566}. Best is trial 131 with value: 0.27235835790634155.
checkpoint_e39 window_influence: 0.43183248045425005, penalty_k: 0.25198677359274518, scale_lr: 0.65860943522399629, EAO: 0.261
Trial 142 finished with value: 0.2608418650016552 and parameters: {'window_influence': 0.43183248045425005, 'penalty_k': 0.2519867735927452, 'scale_lr': 0.6586094352239963}. Best is trial 131 with value: 0.27235835790634155.
checkpoint_e39 window_influence: 0.40036254339410027, penalty_k: 0.23047682497906685, scale_lr: 0.62314829409150962, EAO: 0.254
Trial 143 finished with value: 0.254018536730995 and parameters: {'window_influence': 0.40036254339410027, 'penalty_k': 0.23047682497906685, 'scale_lr': 0.6231482940915096}. Best is trial 131 with value: 0.27235835790634155.
checkpoint_e39 window_influence: 0.41730803838089997, penalty_k: 0.23702539846930720, scale_lr: 0.69598016913375782, EAO: 0.250
Trial 144 finished with value: 0.24950068062398492 and parameters: {'window_influence': 0.41730803838089997, 'penalty_k': 0.2370253984693072, 'scale_lr': 0.6959801691337578}. Best is trial 131 with value: 0.27235835790634155.
checkpoint_e39 window_influence: 0.43884318017275575, penalty_k: 0.22413267703035347, scale_lr: 0.64981242463347455, EAO: 0.264
