Trial 495 finished with value: 0.2688755671667859 and parameters: {'window_influence': 0.25594520212988253, 'penalty_k': 0.03723303811761909, 'scale_lr': 0.47650218273756134}. Best is trial 172 with value: 0.2898540811810067.
checkpoint_e30 window_influence: 0.28044876910538963, penalty_k: 0.14452448030549714, scale_lr: 0.50505772812360417, EAO: 0.252
Trial 496 finished with value: 0.2517525442853207 and parameters: {'window_influence': 0.28044876910538963, 'penalty_k': 0.14452448030549714, 'scale_lr': 0.5050577281236042}. Best is trial 172 with value: 0.2898540811810067.
checkpoint_e30 window_influence: 0.30350091742901242, penalty_k: 0.06068965189781099, scale_lr: 0.31306360437156516, EAO: 0.273
Trial 497 finished with value: 0.27327112308362633 and parameters: {'window_influence': 0.3035009174290124, 'penalty_k': 0.06068965189781099, 'scale_lr': 0.31306360437156516}. Best is trial 172 with value: 0.2898540811810067.
checkpoint_e30 window_influence: 0.33776291085326404, penalty_k: 0.09366255827981834, scale_lr: 0.48809618254661252, EAO: 0.270
Trial 498 finished with value: 0.27040164978281267 and parameters: {'window_influence': 0.33776291085326404, 'penalty_k': 0.09366255827981834, 'scale_lr': 0.4880961825466125}. Best is trial 172 with value: 0.2898540811810067.
checkpoint_e30 window_influence: 0.35323547078757950, penalty_k: 0.30258890032375729, scale_lr: 0.46574923599652213, EAO: 0.256
Trial 499 finished with value: 0.25590915341929693 and parameters: {'window_influence': 0.3532354707875795, 'penalty_k': 0.3025889003237573, 'scale_lr': 0.4657492359965221}. Best is trial 172 with value: 0.2898540811810067.
checkpoint_e30 window_influence: 0.46987146235198141, penalty_k: 0.10938395803814770, scale_lr: 0.54405155901831803, EAO: 0.250
Trial 500 finished with value: 0.2499549079353247 and parameters: {'window_influence': 0.4698714623519814, 'penalty_k': 0.1093839580381477, 'scale_lr': 0.544051559018318}. Best is trial 172 with value: 0.2898540811810067.
checkpoint_e30 window_influence: 0.32050134314017753, penalty_k: 0.16584739641461338, scale_lr: 0.51979995030037729, EAO: 0.258
Trial 501 finished with value: 0.2578496882707123 and parameters: {'window_influence': 0.32050134314017753, 'penalty_k': 0.16584739641461338, 'scale_lr': 0.5197999503003773}. Best is trial 172 with value: 0.2898540811810067.
checkpoint_e30 window_influence: 0.38412221608087571, penalty_k: 0.12531879169425483, scale_lr: 0.33131643193288440, EAO: 0.281
Trial 502 finished with value: 0.2805537079286769 and parameters: {'window_influence': 0.3841222160808757, 'penalty_k': 0.12531879169425483, 'scale_lr': 0.3313164319328844}. Best is trial 172 with value: 0.2898540811810067.
checkpoint_e30 window_influence: 0.38995291167261931, penalty_k: 0.18524629392151060, scale_lr: 0.33806793281601460, EAO: 0.268
Trial 503 finished with value: 0.26788131208196886 and parameters: {'window_influence': 0.3899529116726193, 'penalty_k': 0.1852462939215106, 'scale_lr': 0.3380679328160146}. Best is trial 172 with value: 0.2898540811810067.
checkpoint_e30 window_influence: 0.40245060377216962, penalty_k: 0.12598612165974299, scale_lr: 0.30738536051233012, EAO: 0.264
Trial 504 finished with value: 0.26350121109223945 and parameters: {'window_influence': 0.4024506037721696, 'penalty_k': 0.125986121659743, 'scale_lr': 0.3073853605123301}. Best is trial 172 with value: 0.2898540811810067.
checkpoint_e30 window_influence: 0.14721637267962878, penalty_k: 0.13407117510647387, scale_lr: 0.29502158121901362, EAO: 0.252
Trial 505 finished with value: 0.2518006075567346 and parameters: {'window_influence': 0.14721637267962878, 'penalty_k': 0.13407117510647387, 'scale_lr': 0.2950215812190136}. Best is trial 172 with value: 0.2898540811810067.
checkpoint_e30 window_influence: 0.37954143490213943, penalty_k: 0.14435974648303745, scale_lr: 0.32528743194330739, EAO: 0.258
Trial 506 finished with value: 0.2576248826292472 and parameters: {'window_influence': 0.37954143490213943, 'penalty_k': 0.14435974648303745, 'scale_lr': 0.3252874319433074}. Best is trial 172 with value: 0.2898540811810067.
checkpoint_e30 window_influence: 0.29560890439870158, penalty_k: 0.39894642265757851, scale_lr: 0.34681087986933362, EAO: 0.256
Trial 507 finished with value: 0.2555071002826458 and parameters: {'window_influence': 0.2956089043987016, 'penalty_k': 0.3989464226575785, 'scale_lr': 0.3468108798693336}. Best is trial 172 with value: 0.2898540811810067.
checkpoint_e30 window_influence: 0.32990287057544831, penalty_k: 0.12151755686105895, scale_lr: 0.32720124177310883, EAO: 0.262
Trial 508 finished with value: 0.26223012078099134 and parameters: {'window_influence': 0.3299028705754483, 'penalty_k': 0.12151755686105895, 'scale_lr': 0.32720124177310883}. Best is trial 172 with value: 0.2898540811810067.
checkpoint_e30 window_influence: 0.41461649386192956, penalty_k: 0.10771599887162384, scale_lr: 0.50341334599164611, EAO: 0.262
Trial 509 finished with value: 0.26181190909166646 and parameters: {'window_influence': 0.41461649386192956, 'penalty_k': 0.10771599887162384, 'scale_lr': 0.5034133459916461}. Best is trial 172 with value: 0.2898540811810067.
checkpoint_e30 window_influence: 0.23670117338485544, penalty_k: 0.09869134925488011, scale_lr: 0.57964961766860101, EAO: 0.267
Trial 510 finished with value: 0.2670793620551505 and parameters: {'window_influence': 0.23670117338485544, 'penalty_k': 0.09869134925488011, 'scale_lr': 0.579649617668601}. Best is trial 172 with value: 0.2898540811810067.
checkpoint_e30 window_influence: 0.31302011620242937, penalty_k: 0.26678754477778832, scale_lr: 0.35176739753644398, EAO: 0.267
Trial 511 finished with value: 0.2666447008164918 and parameters: {'window_influence': 0.31302011620242937, 'penalty_k': 0.2667875447777883, 'scale_lr': 0.351767397536444}. Best is trial 172 with value: 0.2898540811810067.
checkpoint_e30 window_influence: 0.38276222371908253, penalty_k: 0.12787511946358607, scale_lr: 0.17274699943072991, EAO: 0.253
Trial 512 finished with value: 0.25286223406229563 and parameters: {'window_influence': 0.38276222371908253, 'penalty_k': 0.12787511946358607, 'scale_lr': 0.1727469994307299}. Best is trial 172 with value: 0.2898540811810067.
checkpoint_e30 window_influence: 0.36646907100210840, penalty_k: 0.11189735662354840, scale_lr: 0.47399227510569347, EAO: 0.266
Trial 513 finished with value: 0.26614410654316106 and parameters: {'window_influence': 0.3664690710021084, 'penalty_k': 0.1118973566235484, 'scale_lr': 0.4739922751056935}. Best is trial 172 with value: 0.2898540811810067.
checkpoint_e30 window_influence: 0.28616477059910822, penalty_k: 0.08816832550118736, scale_lr: 0.49230620085373655, EAO: 0.271
Trial 514 finished with value: 0.2705694417037615 and parameters: {'window_influence': 0.2861647705991082, 'penalty_k': 0.08816832550118736, 'scale_lr': 0.49230620085373655}. Best is trial 172 with value: 0.2898540811810067.
checkpoint_e30 window_influence: 0.53648329418322738, penalty_k: 0.10142885074551064, scale_lr: 0.59470595016523631, EAO: 0.245
Trial 515 finished with value: 0.24494765626221168 and parameters: {'window_influence': 0.5364832941832274, 'penalty_k': 0.10142885074551064, 'scale_lr': 0.5947059501652363}. Best is trial 172 with value: 0.2898540811810067.
checkpoint_e30 window_influence: 0.08960859138972754, penalty_k: 0.48895486908443286, scale_lr: 0.63540597997168025, EAO: 0.232
Trial 516 finished with value: 0.23222619137628292 and parameters: {'window_influence': 0.08960859138972754, 'penalty_k': 0.48895486908443286, 'scale_lr': 0.6354059799716802}. Best is trial 172 with value: 0.2898540811810067.
checkpoint_e30 window_influence: 0.46278665572848843, penalty_k: 0.42730051137240987, scale_lr: 0.55889721020897210, EAO: 0.249
Trial 517 finished with value: 0.24933266173291013 and parameters: {'window_influence': 0.4627866557284884, 'penalty_k': 0.4273005113724099, 'scale_lr': 0.5588972102089721}. Best is trial 172 with value: 0.2898540811810067.
checkpoint_e30 window_influence: 0.21329391119801158, penalty_k: 0.04915044101066594, scale_lr: 0.45011040783740919, EAO: 0.263
Trial 518 finished with value: 0.26263037802484945 and parameters: {'window_influence': 0.21329391119801158, 'penalty_k': 0.04915044101066594, 'scale_lr': 0.4501104078374092}. Best is trial 172 with value: 0.2898540811810067.
checkpoint_e30 window_influence: 0.50652405705924375, penalty_k: 0.06927174849973418, scale_lr: 0.39552675753237670, EAO: 0.248
Trial 519 finished with value: 0.24762015674656968 and parameters: {'window_influence': 0.5065240570592437, 'penalty_k': 0.06927174849973418, 'scale_lr': 0.3955267575323767}. Best is trial 172 with value: 0.2898540811810067.
checkpoint_e30 window_influence: 0.34547374993534991, penalty_k: 0.15008941886684871, scale_lr: 0.53212537855465591, EAO: 0.280
Trial 520 finished with value: 0.2804450261883619 and parameters: {'window_influence': 0.3454737499353499, 'penalty_k': 0.1500894188668487, 'scale_lr': 0.5321253785546559}. Best is trial 172 with value: 0.2898540811810067.
checkpoint_e30 window_influence: 0.34238135960825306, penalty_k: 0.13888509606172766, scale_lr: 0.53383108411997549, EAO: 0.268
Trial 521 finished with value: 0.2676551546144292 and parameters: {'window_influence': 0.34238135960825306, 'penalty_k': 0.13888509606172766, 'scale_lr': 0.5338310841199755}. Best is trial 172 with value: 0.2898540811810067.
checkpoint_e30 window_influence: 0.11927228091788558, penalty_k: 0.15923759815669630, scale_lr: 0.54817949183358838, EAO: 0.252
Trial 522 finished with value: 0.2518243821776979 and parameters: {'window_influence': 0.11927228091788558, 'penalty_k': 0.1592375981566963, 'scale_lr': 0.5481794918335884}. Best is trial 172 with value: 0.2898540811810067.
checkpoint_e30 window_influence: 0.32675737428559060, penalty_k: 0.27715821445463457, scale_lr: 0.37148234760303994, EAO: 0.267
Trial 523 finished with value: 0.26663367456294657 and parameters: {'window_influence': 0.3267573742855906, 'penalty_k': 0.27715821445463457, 'scale_lr': 0.37148234760303994}. Best is trial 172 with value: 0.2898540811810067.
checkpoint_e30 window_influence: 0.33977428896168488, penalty_k: 0.11678914191082429, scale_lr: 0.52177808204691933, EAO: 0.262
Trial 524 finished with value: 0.2615006277716257 and parameters: {'window_influence': 0.3397742889616849, 'penalty_k': 0.11678914191082429, 'scale_lr': 0.5217780820469193}. Best is trial 172 with value: 0.2898540811810067.
checkpoint_e30 window_influence: 0.35297785309093616, penalty_k: 0.14428985135801392, scale_lr: 0.51329514189921110, EAO: 0.288
Trial 525 finished with value: 0.28782734359667556 and parameters: {'window_influence': 0.35297785309093616, 'penalty_k': 0.14428985135801392, 'scale_lr': 0.5132951418992111}. Best is trial 172 with value: 0.2898540811810067.
checkpoint_e30 window_influence: 0.30597530999868072, penalty_k: 0.13164419172988912, scale_lr: 0.51012266480708934, EAO: 0.265
Trial 526 finished with value: 0.2645946370998049 and parameters: {'window_influence': 0.3059753099986807, 'penalty_k': 0.13164419172988912, 'scale_lr': 0.5101226648070893}. Best is trial 172 with value: 0.2898540811810067.
checkpoint_e30 window_influence: 0.43480442384130535, penalty_k: 0.08364001425193085, scale_lr: 0.51130687527395891, EAO: 0.261
Trial 527 finished with value: 0.26118054162196025 and parameters: {'window_influence': 0.43480442384130535, 'penalty_k': 0.08364001425193085, 'scale_lr': 0.5113068752739589}. Best is trial 172 with value: 0.2898540811810067.
checkpoint_e30 window_influence: 0.36033857562997568, penalty_k: 0.17557805340703619, scale_lr: 0.48496589364068815, EAO: 0.270
Trial 528 finished with value: 0.26990955965063435 and parameters: {'window_influence': 0.3603385756299757, 'penalty_k': 0.1755780534070362, 'scale_lr': 0.48496589364068815}. Best is trial 172 with value: 0.2898540811810067.
checkpoint_e30 window_influence: 0.55517221241412684, penalty_k: 0.55486950130720192, scale_lr: 0.49456171046171404, EAO: 0.238
Trial 529 finished with value: 0.23784374475963715 and parameters: {'window_influence': 0.5551722124141268, 'penalty_k': 0.5548695013072019, 'scale_lr': 0.49456171046171404}. Best is trial 172 with value: 0.2898540811810067.
checkpoint_e30 window_influence: 0.32255235033148733, penalty_k: 0.09887889388957538, scale_lr: 0.50928921877510314, EAO: 0.266
Trial 530 finished with value: 0.26615074979580516 and parameters: {'window_influence': 0.3225523503314873, 'penalty_k': 0.09887889388957538, 'scale_lr': 0.5092892187751031}. Best is trial 172 with value: 0.2898540811810067.
checkpoint_e30 window_influence: 0.35085277536242665, penalty_k: 0.31793339570330403, scale_lr: 0.45960750666227029, EAO: 0.267
Trial 531 finished with value: 0.2671893022772742 and parameters: {'window_influence': 0.35085277536242665, 'penalty_k': 0.31793339570330403, 'scale_lr': 0.4596075066622703}. Best is trial 172 with value: 0.2898540811810067.
checkpoint_e30 window_influence: 0.33566305546510461, penalty_k: 0.12204354217728026, scale_lr: 0.31275407627047114, EAO: 0.254
Trial 532 finished with value: 0.253750734879234 and parameters: {'window_influence': 0.3356630554651046, 'penalty_k': 0.12204354217728026, 'scale_lr': 0.31275407627047114}. Best is trial 172 with value: 0.2898540811810067.
checkpoint_e30 window_influence: 0.64547568306529701, penalty_k: 0.06042545514178076, scale_lr: 0.47896826063520581, EAO: 0.222
Trial 533 finished with value: 0.22249658654133478 and parameters: {'window_influence': 0.645475683065297, 'penalty_k': 0.06042545514178076, 'scale_lr': 0.4789682606352058}. Best is trial 172 with value: 0.2898540811810067.
checkpoint_e30 window_influence: 0.20277015624235023, penalty_k: 0.33373582605164098, scale_lr: 0.52059338512094411, EAO: 0.263
Trial 534 finished with value: 0.26275600280945866 and parameters: {'window_influence': 0.20277015624235023, 'penalty_k': 0.333735826051641, 'scale_lr': 0.5205933851209441}. Best is trial 172 with value: 0.2898540811810067.
checkpoint_e30 window_influence: 0.30797857898240916, penalty_k: 0.56217536935858736, scale_lr: 0.49741442166735511, EAO: 0.254
Trial 535 finished with value: 0.25397449041285164 and parameters: {'window_influence': 0.30797857898240916, 'penalty_k': 0.5621753693585874, 'scale_lr': 0.4974144216673551}. Best is trial 172 with value: 0.2898540811810067.
checkpoint_e30 window_influence: 0.18629017009435322, penalty_k: 0.07393880069904087, scale_lr: 0.54297621533896723, EAO: 0.265
Trial 536 finished with value: 0.26490635576286936 and parameters: {'window_influence': 0.18629017009435322, 'penalty_k': 0.07393880069904087, 'scale_lr': 0.5429762153389672}. Best is trial 172 with value: 0.2898540811810067.
checkpoint_e30 window_influence: 0.60453586781164526, penalty_k: 0.09087801349421409, scale_lr: 0.61569795667133687, EAO: 0.234
Trial 537 finished with value: 0.23371674605016787 and parameters: {'window_influence': 0.6045358678116453, 'penalty_k': 0.0908780134942141, 'scale_lr': 0.6156979566713369}. Best is trial 172 with value: 0.2898540811810067.
checkpoint_e30 window_influence: 0.14461854301277960, penalty_k: 0.45890714563706436, scale_lr: 0.33700740488576958, EAO: 0.234
Trial 538 finished with value: 0.23445015982156847 and parameters: {'window_influence': 0.1446185430127796, 'penalty_k': 0.45890714563706436, 'scale_lr': 0.3370074048857696}. Best is trial 172 with value: 0.2898540811810067.
checkpoint_e30 window_influence: 0.05153199797627461, penalty_k: 0.18596391326809103, scale_lr: 0.43936745177434189, EAO: 0.237
Trial 539 finished with value: 0.2372623463350583 and parameters: {'window_influence': 0.05153199797627461, 'penalty_k': 0.18596391326809103, 'scale_lr': 0.4393674517743419}. Best is trial 172 with value: 0.2898540811810067.
checkpoint_e30 window_influence: 0.59229585582214528, penalty_k: 0.10693664070791431, scale_lr: 0.56094410128662908, EAO: 0.239
Trial 540 finished with value: 0.23900114641926154 and parameters: {'window_influence': 0.5922958558221453, 'penalty_k': 0.10693664070791431, 'scale_lr': 0.5609441012866291}. Best is trial 172 with value: 0.2898540811810067.
checkpoint_e30 window_influence: 0.35470881465858589, penalty_k: 0.20146961660848522, scale_lr: 0.36852139008911383, EAO: 0.276
Trial 541 finished with value: 0.27645167114773417 and parameters: {'window_influence': 0.3547088146585859, 'penalty_k': 0.20146961660848522, 'scale_lr': 0.36852139008911383}. Best is trial 172 with value: 0.2898540811810067.
checkpoint_e30 window_influence: 0.37092433022640731, penalty_k: 0.07635711389322507, scale_lr: 0.47500191959347132, EAO: 0.279
Trial 542 finished with value: 0.2794431199024363 and parameters: {'window_influence': 0.3709243302264073, 'penalty_k': 0.07635711389322507, 'scale_lr': 0.4750019195934713}. Best is trial 172 with value: 0.2898540811810067.
checkpoint_e30 window_influence: 0.32093358177705372, penalty_k: 0.09420997856336000, scale_lr: 0.19284419298110461, EAO: 0.266
Trial 543 finished with value: 0.2658598321845861 and parameters: {'window_influence': 0.3209335817770537, 'penalty_k': 0.09420997856336, 'scale_lr': 0.1928441929811046}. Best is trial 172 with value: 0.2898540811810067.
checkpoint_e30 window_influence: 0.54927243942909665, penalty_k: 0.13788897721197074, scale_lr: 0.42805377376714265, EAO: 0.245
Trial 544 finished with value: 0.24519395676812505 and parameters: {'window_influence': 0.5492724394290966, 'penalty_k': 0.13788897721197074, 'scale_lr': 0.42805377376714265}. Best is trial 172 with value: 0.2898540811810067.
checkpoint_e30 window_influence: 0.22279362140915002, penalty_k: 0.11679035461629692, scale_lr: 0.52325188946899626, EAO: 0.265
Trial 545 finished with value: 0.26543781476292183 and parameters: {'window_influence': 0.22279362140915002, 'penalty_k': 0.11679035461629692, 'scale_lr': 0.5232518894689963}. Best is trial 172 with value: 0.2898540811810067.
checkpoint_e30 window_influence: 0.26959634298270480, penalty_k: 0.06227637447354687, scale_lr: 0.50191249847559749, EAO: 0.264
Trial 546 finished with value: 0.2641855478286743 and parameters: {'window_influence': 0.2695963429827048, 'penalty_k': 0.06227637447354687, 'scale_lr': 0.5019124984755975}. Best is trial 172 with value: 0.2898540811810067.
checkpoint_e30 window_influence: 0.32883984026346397, penalty_k: 0.08388192728009169, scale_lr: 0.29995813697889956, EAO: 0.276
Trial 547 finished with value: 0.27606579364557576 and parameters: {'window_influence': 0.32883984026346397, 'penalty_k': 0.0838819272800917, 'scale_lr': 0.29995813697889956}. Best is trial 172 with value: 0.2898540811810067.
checkpoint_e30 window_influence: 0.51622748779667882, penalty_k: 0.03211344890255684, scale_lr: 0.48909148785244327, EAO: 0.243
Trial 548 finished with value: 0.24323831123065173 and parameters: {'window_influence': 0.5162274877966788, 'penalty_k': 0.032113448902556845, 'scale_lr': 0.4890914878524433}. Best is trial 172 with value: 0.2898540811810067.
checkpoint_e30 window_influence: 0.29902708302839154, penalty_k: 0.00587709677605810, scale_lr: 0.46211736016264460, EAO: 0.267
Trial 549 finished with value: 0.2666013060909946 and parameters: {'window_influence': 0.29902708302839154, 'penalty_k': 0.005877096776058105, 'scale_lr': 0.4621173601626446}. Best is trial 172 with value: 0.2898540811810067.
checkpoint_e30 window_influence: 0.34110115237095534, penalty_k: 0.32461521145403793, scale_lr: 0.51194228445283574, EAO: 0.272
Trial 550 finished with value: 0.272491423398014 and parameters: {'window_influence': 0.34110115237095534, 'penalty_k': 0.32461521145403793, 'scale_lr': 0.5119422844528357}. Best is trial 172 with value: 0.2898540811810067.
checkpoint_e30 window_influence: 0.36509276043676159, penalty_k: 0.15426810847398517, scale_lr: 0.31370585478334123, EAO: 0.274
Trial 551 finished with value: 0.2739539605572941 and parameters: {'window_influence': 0.3650927604367616, 'penalty_k': 0.15426810847398517, 'scale_lr': 0.31370585478334123}. Best is trial 172 with value: 0.2898540811810067.
checkpoint_e30 window_influence: 0.31677381332148014, penalty_k: 0.52402495061530463, scale_lr: 0.35842578841133876, EAO: 0.271
Trial 552 finished with value: 0.2708030846424219 and parameters: {'window_influence': 0.31677381332148014, 'penalty_k': 0.5240249506153046, 'scale_lr': 0.35842578841133876}. Best is trial 172 with value: 0.2898540811810067.
checkpoint_e30 window_influence: 0.35295054365435669, penalty_k: 0.12709410435650040, scale_lr: 0.41415119780527410, EAO: 0.264
Trial 553 finished with value: 0.2642418013476744 and parameters: {'window_influence': 0.3529505436543567, 'penalty_k': 0.1270941043565004, 'scale_lr': 0.4141511978052741}. Best is trial 172 with value: 0.2898540811810067.
checkpoint_e30 window_influence: 0.37610005492062420, penalty_k: 0.09975939149292513, scale_lr: 0.53628311080820579, EAO: 0.266
Trial 554 finished with value: 0.26597170864905767 and parameters: {'window_influence': 0.3761000549206242, 'penalty_k': 0.09975939149292513, 'scale_lr': 0.5362831108082058}. Best is trial 172 with value: 0.2898540811810067.
checkpoint_e30 window_influence: 0.33306424767695841, penalty_k: 0.08540056719897146, scale_lr: 0.28910760096197913, EAO: 0.265
Trial 555 finished with value: 0.26497132409878865 and parameters: {'window_influence': 0.3330642476769584, 'penalty_k': 0.08540056719897146, 'scale_lr': 0.2891076009619791}. Best is trial 172 with value: 0.2898540811810067.
checkpoint_e30 window_influence: 0.49075789203922615, penalty_k: 0.05451461180740545, scale_lr: 0.49784926095572668, EAO: 0.249
Trial 556 finished with value: 0.24881558259570502 and parameters: {'window_influence': 0.49075789203922615, 'penalty_k': 0.054514611807405446, 'scale_lr': 0.4978492609557267}. Best is trial 172 with value: 0.2898540811810067.
checkpoint_e30 window_influence: 0.28996854422194440, penalty_k: 0.20334673979108089, scale_lr: 0.47979372272772386, EAO: 0.267
