A new study created in memory with name: no-name-0a32997e-6149-4056-b75d-02e92ccd495e
checkpoint_e17 window_influence: 0.05694047546195205, penalty_k: 0.36799094287209588, scale_lr: 0.20035458421090557, EAO: 0.224
Trial 0 finished with value: 0.2237098708869965 and parameters: {'window_influence': 0.05694047546195205, 'penalty_k': 0.3679909428720959, 'scale_lr': 0.20035458421090557}. Best is trial 0 with value: 0.2237098708869965.
checkpoint_e17 window_influence: 0.23451899937543041, penalty_k: 0.44423485280439035, scale_lr: 0.17363742829532619, EAO: 0.249
Trial 1 finished with value: 0.24883624826504933 and parameters: {'window_influence': 0.23451899937543041, 'penalty_k': 0.44423485280439035, 'scale_lr': 0.1736374282953262}. Best is trial 1 with value: 0.24883624826504933.
checkpoint_e17 window_influence: 0.57388941992895759, penalty_k: 0.29218057066111308, scale_lr: 0.47420655117468258, EAO: 0.225
Trial 2 finished with value: 0.22542714454778812 and parameters: {'window_influence': 0.5738894199289576, 'penalty_k': 0.2921805706611131, 'scale_lr': 0.4742065511746826}. Best is trial 1 with value: 0.24883624826504933.
checkpoint_e17 window_influence: 0.60645527177478409, penalty_k: 0.29298281098439466, scale_lr: 0.72803381827586255, EAO: 0.216
Trial 3 finished with value: 0.2158933094119638 and parameters: {'window_influence': 0.6064552717747841, 'penalty_k': 0.29298281098439466, 'scale_lr': 0.7280338182758626}. Best is trial 1 with value: 0.24883624826504933.
checkpoint_e17 window_influence: 0.62234552702413093, penalty_k: 0.35376262777557205, scale_lr: 0.54813904583024475, EAO: 0.212
Trial 4 finished with value: 0.21163526534791885 and parameters: {'window_influence': 0.6223455270241309, 'penalty_k': 0.35376262777557205, 'scale_lr': 0.5481390458302448}. Best is trial 1 with value: 0.24883624826504933.
checkpoint_e17 window_influence: 0.22893153818108025, penalty_k: 0.47425393473101618, scale_lr: 0.27445281389963910, EAO: 0.242
Trial 5 finished with value: 0.24212489180206284 and parameters: {'window_influence': 0.22893153818108025, 'penalty_k': 0.4742539347310162, 'scale_lr': 0.2744528138996391}. Best is trial 1 with value: 0.24883624826504933.
checkpoint_e17 window_influence: 0.64067404292056040, penalty_k: 0.05967074962599836, scale_lr: 0.33185937809037203, EAO: 0.213
Trial 6 finished with value: 0.21318694016313164 and parameters: {'window_influence': 0.6406740429205604, 'penalty_k': 0.05967074962599836, 'scale_lr': 0.331859378090372}. Best is trial 1 with value: 0.24883624826504933.
checkpoint_e17 window_influence: 0.60248823430113485, penalty_k: 0.16985798437544114, scale_lr: 0.78896948958380630, EAO: 0.216
Trial 7 finished with value: 0.2157949934887692 and parameters: {'window_influence': 0.6024882343011349, 'penalty_k': 0.16985798437544114, 'scale_lr': 0.7889694895838063}. Best is trial 1 with value: 0.24883624826504933.
checkpoint_e17 window_influence: 0.29812281072236835, penalty_k: 0.30228604357998407, scale_lr: 0.60807835914317343, EAO: 0.256
Trial 8 finished with value: 0.2562533836902642 and parameters: {'window_influence': 0.29812281072236835, 'penalty_k': 0.30228604357998407, 'scale_lr': 0.6080783591431734}. Best is trial 8 with value: 0.2562533836902642.
checkpoint_e17 window_influence: 0.14258674836405802, penalty_k: 0.27584529086975995, scale_lr: 0.25886706390960573, EAO: 0.239
Trial 9 finished with value: 0.23918766873638805 and parameters: {'window_influence': 0.14258674836405802, 'penalty_k': 0.27584529086975995, 'scale_lr': 0.25886706390960573}. Best is trial 8 with value: 0.2562533836902642.
checkpoint_e17 window_influence: 0.41422066505554156, penalty_k: 0.56486703918784076, scale_lr: 0.64939212227337273, EAO: 0.257
Trial 10 finished with value: 0.25736565209501155 and parameters: {'window_influence': 0.41422066505554156, 'penalty_k': 0.5648670391878408, 'scale_lr': 0.6493921222733727}. Best is trial 10 with value: 0.25736565209501155.
checkpoint_e17 window_influence: 0.41343008482551247, penalty_k: 0.58508563711312955, scale_lr: 0.62950731380364056, EAO: 0.265
Trial 11 finished with value: 0.264713652734834 and parameters: {'window_influence': 0.41343008482551247, 'penalty_k': 0.5850856371131296, 'scale_lr': 0.6295073138036406}. Best is trial 11 with value: 0.264713652734834.
checkpoint_e17 window_influence: 0.44517892846173107, penalty_k: 0.59708771279799766, scale_lr: 0.65958882847215716, EAO: 0.246
Trial 12 finished with value: 0.24625452547296275 and parameters: {'window_influence': 0.44517892846173107, 'penalty_k': 0.5970877127979977, 'scale_lr': 0.6595888284721572}. Best is trial 11 with value: 0.264713652734834.
checkpoint_e17 window_influence: 0.40847899222717127, penalty_k: 0.59578731474229762, scale_lr: 0.63889554578103980, EAO: 0.253
Trial 13 finished with value: 0.25343499744568415 and parameters: {'window_influence': 0.40847899222717127, 'penalty_k': 0.5957873147422976, 'scale_lr': 0.6388955457810398}. Best is trial 11 with value: 0.264713652734834.
checkpoint_e17 window_influence: 0.45845448214100692, penalty_k: 0.51973647724209771, scale_lr: 0.49554218907130387, EAO: 0.251
Trial 14 finished with value: 0.2511698200208385 and parameters: {'window_influence': 0.4584544821410069, 'penalty_k': 0.5197364772420977, 'scale_lr': 0.4955421890713039}. Best is trial 11 with value: 0.264713652734834.
checkpoint_e17 window_influence: 0.37142890487376307, penalty_k: 0.52759948424971137, scale_lr: 0.41082630456383246, EAO: 0.255
Trial 15 finished with value: 0.2548363297208538 and parameters: {'window_influence': 0.37142890487376307, 'penalty_k': 0.5275994842497114, 'scale_lr': 0.41082630456383246}. Best is trial 11 with value: 0.264713652734834.
checkpoint_e17 window_influence: 0.50392124282389184, penalty_k: 0.44469762096283594, scale_lr: 0.55768123037330630, EAO: 0.244
Trial 16 finished with value: 0.24403986552866494 and parameters: {'window_influence': 0.5039212428238918, 'penalty_k': 0.44469762096283594, 'scale_lr': 0.5576812303733063}. Best is trial 11 with value: 0.264713652734834.
checkpoint_e17 window_influence: 0.31525249066088645, penalty_k: 0.59630619511155336, scale_lr: 0.73487604933813400, EAO: 0.254
Trial 17 finished with value: 0.25441673325329295 and parameters: {'window_influence': 0.31525249066088645, 'penalty_k': 0.5963061951115534, 'scale_lr': 0.734876049338134}. Best is trial 11 with value: 0.264713652734834.
checkpoint_e17 window_influence: 0.50435884401094266, penalty_k: 0.53225157146724289, scale_lr: 0.11075236497513219, EAO: 0.237
Trial 18 finished with value: 0.23742647826429306 and parameters: {'window_influence': 0.5043588440109427, 'penalty_k': 0.5322515714672429, 'scale_lr': 0.11075236497513219}. Best is trial 11 with value: 0.264713652734834.
checkpoint_e17 window_influence: 0.35570793540419565, penalty_k: 0.40464544500223615, scale_lr: 0.40844403010617569, EAO: 0.259
Trial 19 finished with value: 0.2592704634719748 and parameters: {'window_influence': 0.35570793540419565, 'penalty_k': 0.40464544500223615, 'scale_lr': 0.4084440301061757}. Best is trial 11 with value: 0.264713652734834.
checkpoint_e17 window_influence: 0.35883572168700689, penalty_k: 0.47352687830724483, scale_lr: 0.44541628060684213, EAO: 0.262
Trial 20 finished with value: 0.2618097891289044 and parameters: {'window_influence': 0.3588357216870069, 'penalty_k': 0.4735268783072448, 'scale_lr': 0.44541628060684213}. Best is trial 11 with value: 0.264713652734834.
checkpoint_e17 window_influence: 0.35186771784256604, penalty_k: 0.48857184186781100, scale_lr: 0.39978742614703477, EAO: 0.248
Trial 21 finished with value: 0.2475449954712294 and parameters: {'window_influence': 0.35186771784256604, 'penalty_k': 0.488571841867811, 'scale_lr': 0.3997874261470348}. Best is trial 11 with value: 0.264713652734834.
checkpoint_e17 window_influence: 0.36422406678570723, penalty_k: 0.42485959588455713, scale_lr: 0.38688894901383125, EAO: 0.260
Trial 22 finished with value: 0.26009085205027727 and parameters: {'window_influence': 0.36422406678570723, 'penalty_k': 0.42485959588455713, 'scale_lr': 0.38688894901383125}. Best is trial 11 with value: 0.264713652734834.
checkpoint_e17 window_influence: 0.28141882878064683, penalty_k: 0.47851622287847329, scale_lr: 0.49890254507066673, EAO: 0.248
Trial 23 finished with value: 0.24782899833791625 and parameters: {'window_influence': 0.28141882878064683, 'penalty_k': 0.4785162228784733, 'scale_lr': 0.4989025450706667}. Best is trial 11 with value: 0.264713652734834.
checkpoint_e17 window_influence: 0.39277568840897398, penalty_k: 0.53744638058329497, scale_lr: 0.37680320554540142, EAO: 0.263
Trial 24 finished with value: 0.26250703190642644 and parameters: {'window_influence': 0.392775688408974, 'penalty_k': 0.537446380583295, 'scale_lr': 0.3768032055454014}. Best is trial 11 with value: 0.264713652734834.
checkpoint_e17 window_influence: 0.40462435450905182, penalty_k: 0.52808747269623268, scale_lr: 0.45063652435753743, EAO: 0.251
Trial 25 finished with value: 0.2511535789060399 and parameters: {'window_influence': 0.4046243545090518, 'penalty_k': 0.5280874726962327, 'scale_lr': 0.4506365243575374}. Best is trial 11 with value: 0.264713652734834.
checkpoint_e17 window_influence: 0.47201274427488182, penalty_k: 0.53198129895746149, scale_lr: 0.33902785392442381, EAO: 0.255
Trial 26 finished with value: 0.2554398573995606 and parameters: {'window_influence': 0.4720127442748818, 'penalty_k': 0.5319812989574615, 'scale_lr': 0.3390278539244238}. Best is trial 11 with value: 0.264713652734834.
checkpoint_e17 window_influence: 0.53787289810969052, penalty_k: 0.56112694510178951, scale_lr: 0.52886474757825619, EAO: 0.229
Trial 27 finished with value: 0.22873756683211985 and parameters: {'window_influence': 0.5378728981096905, 'penalty_k': 0.5611269451017895, 'scale_lr': 0.5288647475782562}. Best is trial 11 with value: 0.264713652734834.
checkpoint_e17 window_influence: 0.42760972550681425, penalty_k: 0.48278004369867267, scale_lr: 0.45015609857805200, EAO: 0.256
Trial 28 finished with value: 0.2555579204506021 and parameters: {'window_influence': 0.42760972550681425, 'penalty_k': 0.48278004369867267, 'scale_lr': 0.450156098578052}. Best is trial 11 with value: 0.264713652734834.
checkpoint_e17 window_influence: 0.38931300437033151, penalty_k: 0.41213459075119924, scale_lr: 0.55863321718902970, EAO: 0.256
Trial 29 finished with value: 0.2564813895075302 and parameters: {'window_influence': 0.3893130043703315, 'penalty_k': 0.41213459075119924, 'scale_lr': 0.5586332171890297}. Best is trial 11 with value: 0.264713652734834.
checkpoint_e17 window_influence: 0.47691019094394194, penalty_k: 0.37239269590863400, scale_lr: 0.59646298058380276, EAO: 0.250
Trial 30 finished with value: 0.2502756058200588 and parameters: {'window_influence': 0.47691019094394194, 'penalty_k': 0.372392695908634, 'scale_lr': 0.5964629805838028}. Best is trial 11 with value: 0.264713652734834.
checkpoint_e17 window_influence: 0.34577049491638129, penalty_k: 0.44369044173991340, scale_lr: 0.36737326440920681, EAO: 0.246
Trial 31 finished with value: 0.24581097290525591 and parameters: {'window_influence': 0.3457704949163813, 'penalty_k': 0.4436904417399134, 'scale_lr': 0.3673732644092068}. Best is trial 11 with value: 0.264713652734834.
checkpoint_e17 window_influence: 0.39365236746427185, penalty_k: 0.56378288804233234, scale_lr: 0.43085800030353316, EAO: 0.267
Trial 32 finished with value: 0.26735266679670755 and parameters: {'window_influence': 0.39365236746427185, 'penalty_k': 0.5637828880423323, 'scale_lr': 0.43085800030353316}. Best is trial 32 with value: 0.26735266679670755.
checkpoint_e17 window_influence: 0.43061975607236508, penalty_k: 0.57072662096833304, scale_lr: 0.43918062072362063, EAO: 0.256
Trial 33 finished with value: 0.2561426630349663 and parameters: {'window_influence': 0.4306197560723651, 'penalty_k': 0.570726620968333, 'scale_lr': 0.43918062072362063}. Best is trial 32 with value: 0.26735266679670755.
checkpoint_e17 window_influence: 0.38329812355997706, penalty_k: 0.55806201286790913, scale_lr: 0.48146347497917380, EAO: 0.254
Trial 34 finished with value: 0.2539372101304977 and parameters: {'window_influence': 0.38329812355997706, 'penalty_k': 0.5580620128679091, 'scale_lr': 0.4814634749791738}. Best is trial 32 with value: 0.26735266679670755.
checkpoint_e17 window_influence: 0.31356881692745242, penalty_k: 0.50129659139204952, scale_lr: 0.51516536923304657, EAO: 0.254
Trial 35 finished with value: 0.2536384235552656 and parameters: {'window_influence': 0.3135688169274524, 'penalty_k': 0.5012965913920495, 'scale_lr': 0.5151653692330466}. Best is trial 32 with value: 0.26735266679670755.
checkpoint_e17 window_influence: 0.26218630065932330, penalty_k: 0.49884976958918326, scale_lr: 0.47042698606768502, EAO: 0.253
Trial 36 finished with value: 0.2530419499408908 and parameters: {'window_influence': 0.2621863006593233, 'penalty_k': 0.49884976958918326, 'scale_lr': 0.470426986067685}. Best is trial 32 with value: 0.26735266679670755.
checkpoint_e17 window_influence: 0.32833623048645583, penalty_k: 0.55796148234893717, scale_lr: 0.33314598859743227, EAO: 0.248
Trial 37 finished with value: 0.24810639817297944 and parameters: {'window_influence': 0.3283362304864558, 'penalty_k': 0.5579614823489372, 'scale_lr': 0.3331459885974323}. Best is trial 32 with value: 0.26735266679670755.
checkpoint_e17 window_influence: 0.39733585653130854, penalty_k: 0.47378541418096687, scale_lr: 0.43938745168819693, EAO: 0.252
Trial 38 finished with value: 0.2520713224643614 and parameters: {'window_influence': 0.39733585653130854, 'penalty_k': 0.47378541418096687, 'scale_lr': 0.43938745168819693}. Best is trial 32 with value: 0.26735266679670755.
checkpoint_e17 window_influence: 0.44723960264336060, penalty_k: 0.59823251998701543, scale_lr: 0.31084136701336385, EAO: 0.257
Trial 39 finished with value: 0.2568533506577577 and parameters: {'window_influence': 0.4472396026433606, 'penalty_k': 0.5982325199870154, 'scale_lr': 0.31084136701336385}. Best is trial 32 with value: 0.26735266679670755.
checkpoint_e17 window_influence: 0.33680934613725538, penalty_k: 0.55005331751098274, scale_lr: 0.37084793739098498, EAO: 0.245
Trial 40 finished with value: 0.2454993230540578 and parameters: {'window_influence': 0.3368093461372554, 'penalty_k': 0.5500533175109827, 'scale_lr': 0.370847937390985}. Best is trial 32 with value: 0.26735266679670755.
checkpoint_e17 window_influence: 0.36708680478039085, penalty_k: 0.50606177658235463, scale_lr: 0.38646127779078576, EAO: 0.245
Trial 41 finished with value: 0.2451135695465212 and parameters: {'window_influence': 0.36708680478039085, 'penalty_k': 0.5060617765823546, 'scale_lr': 0.38646127779078576}. Best is trial 32 with value: 0.26735266679670755.
checkpoint_e17 window_influence: 0.37078216913809464, penalty_k: 0.45746944503968606, scale_lr: 0.42188213814358816, EAO: 0.253
Trial 42 finished with value: 0.25331242328009956 and parameters: {'window_influence': 0.37078216913809464, 'penalty_k': 0.45746944503968606, 'scale_lr': 0.42188213814358816}. Best is trial 32 with value: 0.26735266679670755.
checkpoint_e17 window_influence: 0.40982639127258136, penalty_k: 0.51179025694787494, scale_lr: 0.46806245940757280, EAO: 0.250
Trial 43 finished with value: 0.24970689500735058 and parameters: {'window_influence': 0.40982639127258136, 'penalty_k': 0.5117902569478749, 'scale_lr': 0.4680624594075728}. Best is trial 32 with value: 0.26735266679670755.
checkpoint_e17 window_influence: 0.29537753138111122, penalty_k: 0.42734036722537955, scale_lr: 0.29249005039939119, EAO: 0.252
Trial 44 finished with value: 0.25159278172787614 and parameters: {'window_influence': 0.2953775313811112, 'penalty_k': 0.42734036722537955, 'scale_lr': 0.2924900503993912}. Best is trial 32 with value: 0.26735266679670755.
checkpoint_e17 window_influence: 0.43662729292823210, penalty_k: 0.45265111628198468, scale_lr: 0.25470709335888519, EAO: 0.253
Trial 45 finished with value: 0.25275249282519024 and parameters: {'window_influence': 0.4366272929282321, 'penalty_k': 0.4526511162819847, 'scale_lr': 0.2547070933588852}. Best is trial 32 with value: 0.26735266679670755.
checkpoint_e17 window_influence: 0.33441121009421404, penalty_k: 0.57137171052900559, scale_lr: 0.42055675771587325, EAO: 0.245
Trial 46 finished with value: 0.2446663450540566 and parameters: {'window_influence': 0.33441121009421404, 'penalty_k': 0.5713717105290056, 'scale_lr': 0.42055675771587325}. Best is trial 32 with value: 0.26735266679670755.
checkpoint_e17 window_influence: 0.38003803183760115, penalty_k: 0.53884751281273668, scale_lr: 0.36293059322252541, EAO: 0.255
Trial 47 finished with value: 0.25549608571984905 and parameters: {'window_influence': 0.38003803183760115, 'penalty_k': 0.5388475128127367, 'scale_lr': 0.3629305932225254}. Best is trial 32 with value: 0.26735266679670755.
checkpoint_e17 window_influence: 0.22699527592391147, penalty_k: 0.50065166982583165, scale_lr: 0.38899349252829002, EAO: 0.249
Trial 48 finished with value: 0.248781676881197 and parameters: {'window_influence': 0.22699527592391147, 'penalty_k': 0.5006516698258316, 'scale_lr': 0.38899349252829}. Best is trial 32 with value: 0.26735266679670755.
checkpoint_e17 window_influence: 0.40464426444545332, penalty_k: 0.57575150033612743, scale_lr: 0.52193315212813829, EAO: 0.254
Trial 49 finished with value: 0.2537541496681004 and parameters: {'window_influence': 0.4046442644454533, 'penalty_k': 0.5757515003361274, 'scale_lr': 0.5219331521281383}. Best is trial 32 with value: 0.26735266679670755.
checkpoint_e17 window_influence: 0.36309494957176214, penalty_k: 0.53462326736212118, scale_lr: 0.34725620599121426, EAO: 0.250
Trial 50 finished with value: 0.24982133925687977 and parameters: {'window_influence': 0.36309494957176214, 'penalty_k': 0.5346232673621212, 'scale_lr': 0.34725620599121426}. Best is trial 32 with value: 0.26735266679670755.
checkpoint_e17 window_influence: 0.34998814561122527, penalty_k: 0.40615222943215273, scale_lr: 0.40482373349659828, EAO: 0.260
Trial 51 finished with value: 0.2595323670685776 and parameters: {'window_influence': 0.34998814561122527, 'penalty_k': 0.40615222943215273, 'scale_lr': 0.4048237334965983}. Best is trial 32 with value: 0.26735266679670755.
checkpoint_e17 window_influence: 0.42662959583384774, penalty_k: 0.38247139923620938, scale_lr: 0.38934738954241893, EAO: 0.255
Trial 52 finished with value: 0.25530998802524274 and parameters: {'window_influence': 0.42662959583384774, 'penalty_k': 0.3824713992362094, 'scale_lr': 0.38934738954241893}. Best is trial 32 with value: 0.26735266679670755.
checkpoint_e17 window_influence: 0.34838357298937783, penalty_k: 0.46355443300072308, scale_lr: 0.42470546827013822, EAO: 0.259
Trial 53 finished with value: 0.25868715418548116 and parameters: {'window_influence': 0.34838357298937783, 'penalty_k': 0.4635544330007231, 'scale_lr': 0.4247054682701382}. Best is trial 32 with value: 0.26735266679670755.
checkpoint_e17 window_influence: 0.39256668270333128, penalty_k: 0.33466099530706850, scale_lr: 0.47801074362587376, EAO: 0.259
Trial 54 finished with value: 0.2593907689660545 and parameters: {'window_influence': 0.3925666827033313, 'penalty_k': 0.3346609953070685, 'scale_lr': 0.47801074362587376}. Best is trial 32 with value: 0.26735266679670755.
checkpoint_e17 window_influence: 0.46048401756707891, penalty_k: 0.44157400603315283, scale_lr: 0.45525633595636422, EAO: 0.261
Trial 55 finished with value: 0.2607016482246601 and parameters: {'window_influence': 0.4604840175670789, 'penalty_k': 0.44157400603315283, 'scale_lr': 0.4552563359563642}. Best is trial 32 with value: 0.26735266679670755.
checkpoint_e17 window_influence: 0.45364995174615763, penalty_k: 0.43096805459840049, scale_lr: 0.68354856300487721, EAO: 0.245
Trial 56 finished with value: 0.24505667945718376 and parameters: {'window_influence': 0.45364995174615763, 'penalty_k': 0.4309680545984005, 'scale_lr': 0.6835485630048772}. Best is trial 32 with value: 0.26735266679670755.
checkpoint_e17 window_influence: 0.41985435652963304, penalty_k: 0.47808998587264606, scale_lr: 0.49490170118568189, EAO: 0.260
Trial 57 finished with value: 0.26008195890401437 and parameters: {'window_influence': 0.41985435652963304, 'penalty_k': 0.47808998587264606, 'scale_lr': 0.4949017011856819}. Best is trial 32 with value: 0.26735266679670755.
checkpoint_e17 window_influence: 0.47233428888298812, penalty_k: 0.51857377339549782, scale_lr: 0.45387413223461787, EAO: 0.254
Trial 58 finished with value: 0.2541416380705872 and parameters: {'window_influence': 0.4723342888829881, 'penalty_k': 0.5185737733954978, 'scale_lr': 0.45387413223461787}. Best is trial 32 with value: 0.26735266679670755.
checkpoint_e17 window_influence: 0.49760546994140542, penalty_k: 0.58412633360263888, scale_lr: 0.54672730798399538, EAO: 0.240
Trial 59 finished with value: 0.23962663731923917 and parameters: {'window_influence': 0.4976054699414054, 'penalty_k': 0.5841263336026389, 'scale_lr': 0.5467273079839954}. Best is trial 32 with value: 0.26735266679670755.
checkpoint_e17 window_influence: 0.45326138362214347, penalty_k: 0.54646205522055202, scale_lr: 0.59141528219163297, EAO: 0.251
Trial 60 finished with value: 0.25147957663710524 and parameters: {'window_influence': 0.45326138362214347, 'penalty_k': 0.546462055220552, 'scale_lr': 0.591415282191633}. Best is trial 32 with value: 0.26735266679670755.
checkpoint_e17 window_influence: 0.42167044135280563, penalty_k: 0.47328183077285046, scale_lr: 0.48872805850248779, EAO: 0.249
Trial 61 finished with value: 0.24896520733591018 and parameters: {'window_influence': 0.4216704413528056, 'penalty_k': 0.47328183077285046, 'scale_lr': 0.4887280585024878}. Best is trial 32 with value: 0.26735266679670755.
checkpoint_e17 window_influence: 0.41158162512458041, penalty_k: 0.47874659121966540, scale_lr: 0.49804070994805055, EAO: 0.257
