Trial 371 finished with value: 0.2630135939130938 and parameters: {'window_influence': 0.41291798351649983, 'penalty_k': 0.16626490136831887, 'scale_lr': 0.3727625353534697}. Best is trial 35 with value: 0.27627885390103346.
checkpoint_e32 window_influence: 0.33849869263739579, penalty_k: 0.00139399026032699, scale_lr: 0.20319529568743289, EAO: 0.245
Trial 372 finished with value: 0.24514914479682115 and parameters: {'window_influence': 0.3384986926373958, 'penalty_k': 0.0013939902603269938, 'scale_lr': 0.2031952956874329}. Best is trial 35 with value: 0.27627885390103346.
checkpoint_e32 window_influence: 0.36735543303417945, penalty_k: 0.05363414450812179, scale_lr: 0.21803115484236943, EAO: 0.267
Trial 373 finished with value: 0.2667690698451143 and parameters: {'window_influence': 0.36735543303417945, 'penalty_k': 0.05363414450812179, 'scale_lr': 0.21803115484236943}. Best is trial 35 with value: 0.27627885390103346.
checkpoint_e32 window_influence: 0.38566263791506472, penalty_k: 0.19067243412034554, scale_lr: 0.37642134604054550, EAO: 0.251
Trial 374 finished with value: 0.250554653263189 and parameters: {'window_influence': 0.3856626379150647, 'penalty_k': 0.19067243412034554, 'scale_lr': 0.3764213460405455}. Best is trial 35 with value: 0.27627885390103346.
checkpoint_e32 window_influence: 0.29588924107567904, penalty_k: 0.14981583614219640, scale_lr: 0.16575659779110924, EAO: 0.255
Trial 375 finished with value: 0.2547080031618839 and parameters: {'window_influence': 0.29588924107567904, 'penalty_k': 0.1498158361421964, 'scale_lr': 0.16575659779110924}. Best is trial 35 with value: 0.27627885390103346.
checkpoint_e32 window_influence: 0.16403555009440732, penalty_k: 0.59793533104148944, scale_lr: 0.33254213745896444, EAO: 0.235
Trial 376 finished with value: 0.23466686219946156 and parameters: {'window_influence': 0.16403555009440732, 'penalty_k': 0.5979353310414894, 'scale_lr': 0.33254213745896444}. Best is trial 35 with value: 0.27627885390103346.
checkpoint_e32 window_influence: 0.27119291313459570, penalty_k: 0.17505927989303099, scale_lr: 0.25845543890983458, EAO: 0.262
Trial 377 finished with value: 0.26170032895435164 and parameters: {'window_influence': 0.2711929131345957, 'penalty_k': 0.175059279893031, 'scale_lr': 0.2584554389098346}. Best is trial 35 with value: 0.27627885390103346.
checkpoint_e32 window_influence: 0.47600083866762133, penalty_k: 0.32626613473735716, scale_lr: 0.24402907308950875, EAO: 0.244
Trial 378 finished with value: 0.2443508725098478 and parameters: {'window_influence': 0.47600083866762133, 'penalty_k': 0.32626613473735716, 'scale_lr': 0.24402907308950875}. Best is trial 35 with value: 0.27627885390103346.
checkpoint_e32 window_influence: 0.35181733814392768, penalty_k: 0.31343018654364568, scale_lr: 0.19185732176321008, EAO: 0.268
Trial 379 finished with value: 0.2677754223104415 and parameters: {'window_influence': 0.3518173381439277, 'penalty_k': 0.3134301865436457, 'scale_lr': 0.19185732176321008}. Best is trial 35 with value: 0.27627885390103346.
checkpoint_e32 window_influence: 0.30705158141896027, penalty_k: 0.36021024209456676, scale_lr: 0.73720132035699326, EAO: 0.249
Trial 380 finished with value: 0.2490161081276289 and parameters: {'window_influence': 0.3070515814189603, 'penalty_k': 0.36021024209456676, 'scale_lr': 0.7372013203569933}. Best is trial 35 with value: 0.27627885390103346.
checkpoint_e32 window_influence: 0.37883261800623247, penalty_k: 0.24003648468194608, scale_lr: 0.27645325556383726, EAO: 0.264
Trial 381 finished with value: 0.2635681488649632 and parameters: {'window_influence': 0.37883261800623247, 'penalty_k': 0.24003648468194608, 'scale_lr': 0.27645325556383726}. Best is trial 35 with value: 0.27627885390103346.
checkpoint_e32 window_influence: 0.36243133644536651, penalty_k: 0.19770874401184022, scale_lr: 0.22783414504524901, EAO: 0.257
Trial 382 finished with value: 0.25735966388772175 and parameters: {'window_influence': 0.3624313364453665, 'penalty_k': 0.19770874401184022, 'scale_lr': 0.22783414504524901}. Best is trial 35 with value: 0.27627885390103346.
checkpoint_e32 window_influence: 0.28343777965742273, penalty_k: 0.33821264839420806, scale_lr: 0.10125697393740049, EAO: 0.253
Trial 383 finished with value: 0.2532558885168254 and parameters: {'window_influence': 0.28343777965742273, 'penalty_k': 0.33821264839420806, 'scale_lr': 0.10125697393740049}. Best is trial 35 with value: 0.27627885390103346.
checkpoint_e32 window_influence: 0.33507886567658252, penalty_k: 0.16009021765987352, scale_lr: 0.17792306819736831, EAO: 0.255
Trial 384 finished with value: 0.2548074940355813 and parameters: {'window_influence': 0.3350788656765825, 'penalty_k': 0.16009021765987352, 'scale_lr': 0.1779230681973683}. Best is trial 35 with value: 0.27627885390103346.
checkpoint_e32 window_influence: 0.64531068990132245, penalty_k: 0.42692505103049422, scale_lr: 0.62517284838183906, EAO: 0.200
Trial 385 finished with value: 0.19983710542442354 and parameters: {'window_influence': 0.6453106899013225, 'penalty_k': 0.4269250510304942, 'scale_lr': 0.6251728483818391}. Best is trial 35 with value: 0.27627885390103346.
checkpoint_e32 window_influence: 0.44199572692833017, penalty_k: 0.08330821681983638, scale_lr: 0.20859130518043928, EAO: 0.255
Trial 386 finished with value: 0.2554213547003948 and parameters: {'window_influence': 0.44199572692833017, 'penalty_k': 0.08330821681983638, 'scale_lr': 0.20859130518043928}. Best is trial 35 with value: 0.27627885390103346.
checkpoint_e32 window_influence: 0.39775595117050566, penalty_k: 0.11066760436603887, scale_lr: 0.15403299353973637, EAO: 0.264
Trial 387 finished with value: 0.2641183295991363 and parameters: {'window_influence': 0.39775595117050566, 'penalty_k': 0.11066760436603887, 'scale_lr': 0.15403299353973637}. Best is trial 35 with value: 0.27627885390103346.
checkpoint_e32 window_influence: 0.42784245077376759, penalty_k: 0.30336653208259484, scale_lr: 0.23385873407057287, EAO: 0.243
Trial 388 finished with value: 0.24306307163664964 and parameters: {'window_influence': 0.4278424507737676, 'penalty_k': 0.30336653208259484, 'scale_lr': 0.23385873407057287}. Best is trial 35 with value: 0.27627885390103346.
checkpoint_e32 window_influence: 0.31556463013119668, penalty_k: 0.21219028332701337, scale_lr: 0.11750499648234183, EAO: 0.259
Trial 389 finished with value: 0.25897018260102933 and parameters: {'window_influence': 0.3155646301311967, 'penalty_k': 0.21219028332701337, 'scale_lr': 0.11750499648234183}. Best is trial 35 with value: 0.27627885390103346.
checkpoint_e32 window_influence: 0.41139043234813250, penalty_k: 0.02963636339151177, scale_lr: 0.29677000504242512, EAO: 0.260
Trial 390 finished with value: 0.26011172385235143 and parameters: {'window_influence': 0.4113904323481325, 'penalty_k': 0.029636363391511773, 'scale_lr': 0.2967700050424251}. Best is trial 35 with value: 0.27627885390103346.
checkpoint_e32 window_influence: 0.34858176913170136, penalty_k: 0.06691782190285579, scale_lr: 0.35480706771952419, EAO: 0.256
Trial 391 finished with value: 0.2564573003266885 and parameters: {'window_influence': 0.34858176913170136, 'penalty_k': 0.06691782190285579, 'scale_lr': 0.3548070677195242}. Best is trial 35 with value: 0.27627885390103346.
checkpoint_e32 window_influence: 0.37001375347782595, penalty_k: 0.17824494623120316, scale_lr: 0.19817474227429457, EAO: 0.266
Trial 392 finished with value: 0.26561172651808435 and parameters: {'window_influence': 0.37001375347782595, 'penalty_k': 0.17824494623120316, 'scale_lr': 0.19817474227429457}. Best is trial 35 with value: 0.27627885390103346.
checkpoint_e32 window_influence: 0.29614852800261154, penalty_k: 0.12362996210926680, scale_lr: 0.25977185176531986, EAO: 0.275
Trial 393 finished with value: 0.2747122622965797 and parameters: {'window_influence': 0.29614852800261154, 'penalty_k': 0.1236299621092668, 'scale_lr': 0.25977185176531986}. Best is trial 35 with value: 0.27627885390103346.
checkpoint_e32 window_influence: 0.27749293648769829, penalty_k: 0.12636342689530819, scale_lr: 0.26680253720532027, EAO: 0.257
Trial 394 finished with value: 0.25671599756896013 and parameters: {'window_influence': 0.2774929364876983, 'penalty_k': 0.1263634268953082, 'scale_lr': 0.26680253720532027}. Best is trial 35 with value: 0.27627885390103346.
checkpoint_e32 window_influence: 0.29326540168361326, penalty_k: 0.11305579916601109, scale_lr: 0.28304893447386248, EAO: 0.256
Trial 395 finished with value: 0.25634575647309543 and parameters: {'window_influence': 0.29326540168361326, 'penalty_k': 0.11305579916601109, 'scale_lr': 0.2830489344738625}. Best is trial 35 with value: 0.27627885390103346.
checkpoint_e32 window_influence: 0.30565632477987115, penalty_k: 0.14678331676939674, scale_lr: 0.40510936905754058, EAO: 0.256
Trial 396 finished with value: 0.256235350377676 and parameters: {'window_influence': 0.30565632477987115, 'penalty_k': 0.14678331676939674, 'scale_lr': 0.4051093690575406}. Best is trial 35 with value: 0.27627885390103346.
checkpoint_e32 window_influence: 0.32894726443695349, penalty_k: 0.23376581252798959, scale_lr: 0.25375210093144307, EAO: 0.262
Trial 397 finished with value: 0.2618728720439159 and parameters: {'window_influence': 0.3289472644369535, 'penalty_k': 0.23376581252798959, 'scale_lr': 0.25375210093144307}. Best is trial 35 with value: 0.27627885390103346.
checkpoint_e32 window_influence: 0.29270710654705367, penalty_k: 0.34572579623295752, scale_lr: 0.24447427937147570, EAO: 0.252
Trial 398 finished with value: 0.2523967752732882 and parameters: {'window_influence': 0.2927071065470537, 'penalty_k': 0.3457257962329575, 'scale_lr': 0.2444742793714757}. Best is trial 35 with value: 0.27627885390103346.
checkpoint_e32 window_influence: 0.25660338363673829, penalty_k: 0.33081862962795994, scale_lr: 0.22242951338305650, EAO: 0.248
Trial 399 finished with value: 0.24775552089379085 and parameters: {'window_influence': 0.2566033836367383, 'penalty_k': 0.33081862962795994, 'scale_lr': 0.2224295133830565}. Best is trial 35 with value: 0.27627885390103346.
checkpoint_e32 window_influence: 0.30532483613603678, penalty_k: 0.25876514850817967, scale_lr: 0.26352414414596353, EAO: 0.258
Trial 400 finished with value: 0.2584079373173597 and parameters: {'window_influence': 0.3053248361360368, 'penalty_k': 0.25876514850817967, 'scale_lr': 0.26352414414596353}. Best is trial 35 with value: 0.27627885390103346.
checkpoint_e32 window_influence: 0.13322631388493603, penalty_k: 0.13265651160428513, scale_lr: 0.21475748372811426, EAO: 0.246
Trial 401 finished with value: 0.246388869980971 and parameters: {'window_influence': 0.13322631388493603, 'penalty_k': 0.13265651160428513, 'scale_lr': 0.21475748372811426}. Best is trial 35 with value: 0.27627885390103346.
checkpoint_e32 window_influence: 0.31740512226843814, penalty_k: 0.09664082682193870, scale_lr: 0.18238501558423362, EAO: 0.253
Trial 402 finished with value: 0.2532157227396965 and parameters: {'window_influence': 0.31740512226843814, 'penalty_k': 0.0966408268219387, 'scale_lr': 0.18238501558423362}. Best is trial 35 with value: 0.27627885390103346.
checkpoint_e32 window_influence: 0.33895405957440244, penalty_k: 0.16509627032159499, scale_lr: 0.23835360647416984, EAO: 0.262
Trial 403 finished with value: 0.26161207343504683 and parameters: {'window_influence': 0.33895405957440244, 'penalty_k': 0.165096270321595, 'scale_lr': 0.23835360647416984}. Best is trial 35 with value: 0.27627885390103346.
checkpoint_e32 window_influence: 0.28138825996595801, penalty_k: 0.12296374397335208, scale_lr: 0.27415467784980874, EAO: 0.246
Trial 404 finished with value: 0.24573605222915246 and parameters: {'window_influence': 0.281388259965958, 'penalty_k': 0.12296374397335208, 'scale_lr': 0.27415467784980874}. Best is trial 35 with value: 0.27627885390103346.
checkpoint_e32 window_influence: 0.35896403173892405, penalty_k: 0.56381112129977073, scale_lr: 0.43528271474324243, EAO: 0.259
Trial 405 finished with value: 0.2587602003439655 and parameters: {'window_influence': 0.35896403173892405, 'penalty_k': 0.5638111212997707, 'scale_lr': 0.4352827147432424}. Best is trial 35 with value: 0.27627885390103346.
checkpoint_e32 window_influence: 0.51409107429128120, penalty_k: 0.15414178228305297, scale_lr: 0.29309594641486314, EAO: 0.251
Trial 406 finished with value: 0.25134554862733777 and parameters: {'window_influence': 0.5140910742912812, 'penalty_k': 0.15414178228305297, 'scale_lr': 0.29309594641486314}. Best is trial 35 with value: 0.27627885390103346.
checkpoint_e32 window_influence: 0.26419678763983223, penalty_k: 0.37147948672063996, scale_lr: 0.20231267772519462, EAO: 0.242
Trial 407 finished with value: 0.24214869392354313 and parameters: {'window_influence': 0.26419678763983223, 'penalty_k': 0.37147948672063996, 'scale_lr': 0.20231267772519462}. Best is trial 35 with value: 0.27627885390103346.
checkpoint_e32 window_influence: 0.37776174143922153, penalty_k: 0.32807044372242850, scale_lr: 0.24947259381793199, EAO: 0.249
Trial 408 finished with value: 0.24946509628761104 and parameters: {'window_influence': 0.37776174143922153, 'penalty_k': 0.3280704437224285, 'scale_lr': 0.249472593817932}. Best is trial 35 with value: 0.27627885390103346.
checkpoint_e32 window_influence: 0.32468550224687315, penalty_k: 0.22283994733424639, scale_lr: 0.19112811208679645, EAO: 0.261
Trial 409 finished with value: 0.26141726110524277 and parameters: {'window_influence': 0.32468550224687315, 'penalty_k': 0.2228399473342464, 'scale_lr': 0.19112811208679645}. Best is trial 35 with value: 0.27627885390103346.
checkpoint_e32 window_influence: 0.54872449289049396, penalty_k: 0.24508719814427493, scale_lr: 0.21816128164991216, EAO: 0.229
Trial 410 finished with value: 0.2287372825591545 and parameters: {'window_influence': 0.548724492890494, 'penalty_k': 0.24508719814427493, 'scale_lr': 0.21816128164991216}. Best is trial 35 with value: 0.27627885390103346.
checkpoint_e32 window_influence: 0.29918284760187541, penalty_k: 0.28679063284018413, scale_lr: 0.16964711630019591, EAO: 0.261
Trial 411 finished with value: 0.2609113542045035 and parameters: {'window_influence': 0.2991828476018754, 'penalty_k': 0.28679063284018413, 'scale_lr': 0.1696471163001959}. Best is trial 35 with value: 0.27627885390103346.
checkpoint_e32 window_influence: 0.34590779027375601, penalty_k: 0.20375526084328710, scale_lr: 0.36672809933175055, EAO: 0.264
Trial 412 finished with value: 0.26409629005484464 and parameters: {'window_influence': 0.345907790273756, 'penalty_k': 0.2037552608432871, 'scale_lr': 0.36672809933175055}. Best is trial 35 with value: 0.27627885390103346.
checkpoint_e32 window_influence: 0.22370102335861539, penalty_k: 0.14183471605406886, scale_lr: 0.25294237595246910, EAO: 0.261
Trial 413 finished with value: 0.2612105125213057 and parameters: {'window_influence': 0.2237010233586154, 'penalty_k': 0.14183471605406886, 'scale_lr': 0.2529423759524691}. Best is trial 35 with value: 0.27627885390103346.
checkpoint_e32 window_influence: 0.38847684220752471, penalty_k: 0.27251394021567460, scale_lr: 0.23067629832708231, EAO: 0.263
Trial 414 finished with value: 0.26295195471465105 and parameters: {'window_influence': 0.3884768422075247, 'penalty_k': 0.2725139402156746, 'scale_lr': 0.2306762983270823}. Best is trial 35 with value: 0.27627885390103346.
checkpoint_e32 window_influence: 0.36677870619180525, penalty_k: 0.18756075363147545, scale_lr: 0.20390756959309031, EAO: 0.266
Trial 415 finished with value: 0.2655945754632717 and parameters: {'window_influence': 0.36677870619180525, 'penalty_k': 0.18756075363147545, 'scale_lr': 0.2039075695930903}. Best is trial 35 with value: 0.27627885390103346.
checkpoint_e32 window_influence: 0.28725968375002764, penalty_k: 0.31585887181605610, scale_lr: 0.18097104803051955, EAO: 0.251
Trial 416 finished with value: 0.2509722721770527 and parameters: {'window_influence': 0.28725968375002764, 'penalty_k': 0.3158588718160561, 'scale_lr': 0.18097104803051955}. Best is trial 35 with value: 0.27627885390103346.
checkpoint_e32 window_influence: 0.31639136355209241, penalty_k: 0.10502751067624935, scale_lr: 0.31906225922377451, EAO: 0.251
Trial 417 finished with value: 0.2506036663927683 and parameters: {'window_influence': 0.3163913635520924, 'penalty_k': 0.10502751067624935, 'scale_lr': 0.3190622592237745}. Best is trial 35 with value: 0.27627885390103346.
checkpoint_e32 window_influence: 0.10419280065675599, penalty_k: 0.17407362126213657, scale_lr: 0.31160978714879733, EAO: 0.238
Trial 418 finished with value: 0.23809268016640733 and parameters: {'window_influence': 0.10419280065675599, 'penalty_k': 0.17407362126213657, 'scale_lr': 0.31160978714879733}. Best is trial 35 with value: 0.27627885390103346.
checkpoint_e32 window_influence: 0.35665526389154922, penalty_k: 0.26367048855501818, scale_lr: 0.50371577826365777, EAO: 0.267
Trial 419 finished with value: 0.2674797770938253 and parameters: {'window_influence': 0.3566552638915492, 'penalty_k': 0.2636704885550182, 'scale_lr': 0.5037157782636578}. Best is trial 35 with value: 0.27627885390103346.
checkpoint_e32 window_influence: 0.37932525305325621, penalty_k: 0.15462620265110266, scale_lr: 0.38500154212868931, EAO: 0.258
Trial 420 finished with value: 0.2577767962120413 and parameters: {'window_influence': 0.3793252530532562, 'penalty_k': 0.15462620265110266, 'scale_lr': 0.3850015421286893}. Best is trial 35 with value: 0.27627885390103346.
checkpoint_e32 window_influence: 0.33233089459602927, penalty_k: 0.19983996866720208, scale_lr: 0.26509468712821593, EAO: 0.266
Trial 421 finished with value: 0.2664942078110648 and parameters: {'window_influence': 0.33233089459602927, 'penalty_k': 0.19983996866720208, 'scale_lr': 0.26509468712821593}. Best is trial 35 with value: 0.27627885390103346.
checkpoint_e32 window_influence: 0.26744098083389306, penalty_k: 0.48825396516955144, scale_lr: 0.46257292749862311, EAO: 0.258
Trial 422 finished with value: 0.2576038570908027 and parameters: {'window_influence': 0.26744098083389306, 'penalty_k': 0.48825396516955144, 'scale_lr': 0.4625729274986231}. Best is trial 35 with value: 0.27627885390103346.
checkpoint_e32 window_influence: 0.49407256112847975, penalty_k: 0.01298189506126120, scale_lr: 0.16228487220358936, EAO: 0.251
Trial 423 finished with value: 0.25106873011928266 and parameters: {'window_influence': 0.49407256112847975, 'penalty_k': 0.012981895061261205, 'scale_lr': 0.16228487220358936}. Best is trial 35 with value: 0.27627885390103346.
checkpoint_e32 window_influence: 0.29957189748549157, penalty_k: 0.21980375961388843, scale_lr: 0.21569244621351080, EAO: 0.265
Trial 424 finished with value: 0.2647657484058442 and parameters: {'window_influence': 0.29957189748549157, 'penalty_k': 0.21980375961388843, 'scale_lr': 0.2156924462135108}. Best is trial 35 with value: 0.27627885390103346.
checkpoint_e32 window_influence: 0.34838957984137275, penalty_k: 0.35154005739866845, scale_lr: 0.28002010164807856, EAO: 0.264
Trial 425 finished with value: 0.26443134920626155 and parameters: {'window_influence': 0.34838957984137275, 'penalty_k': 0.35154005739866845, 'scale_lr': 0.28002010164807856}. Best is trial 35 with value: 0.27627885390103346.
checkpoint_e32 window_influence: 0.31551255421526386, penalty_k: 0.24928964260392858, scale_lr: 0.43992928657054065, EAO: 0.253
Trial 426 finished with value: 0.2530977687215417 and parameters: {'window_influence': 0.31551255421526386, 'penalty_k': 0.24928964260392858, 'scale_lr': 0.43992928657054065}. Best is trial 35 with value: 0.27627885390103346.
checkpoint_e32 window_influence: 0.39295727843336686, penalty_k: 0.12424902108605745, scale_lr: 0.34478856262387114, EAO: 0.259
Trial 427 finished with value: 0.2594953654258232 and parameters: {'window_influence': 0.39295727843336686, 'penalty_k': 0.12424902108605745, 'scale_lr': 0.34478856262387114}. Best is trial 35 with value: 0.27627885390103346.
checkpoint_e32 window_influence: 0.36638213834237771, penalty_k: 0.30210331381222427, scale_lr: 0.68542417565256764, EAO: 0.263
Trial 428 finished with value: 0.26292461744411205 and parameters: {'window_influence': 0.3663821383423777, 'penalty_k': 0.3021033138122243, 'scale_lr': 0.6854241756525676}. Best is trial 35 with value: 0.27627885390103346.
checkpoint_e32 window_influence: 0.33844394163456076, penalty_k: 0.36576635648053463, scale_lr: 0.23602784271481414, EAO: 0.259
Trial 429 finished with value: 0.2589293147732572 and parameters: {'window_influence': 0.33844394163456076, 'penalty_k': 0.3657663564805346, 'scale_lr': 0.23602784271481414}. Best is trial 35 with value: 0.27627885390103346.
checkpoint_e32 window_influence: 0.15986302987510734, penalty_k: 0.16843882134868010, scale_lr: 0.42495794248641039, EAO: 0.242
Trial 430 finished with value: 0.24249898799793507 and parameters: {'window_influence': 0.15986302987510734, 'penalty_k': 0.1684388213486801, 'scale_lr': 0.4249579424864104}. Best is trial 35 with value: 0.27627885390103346.
checkpoint_e32 window_influence: 0.32548764733400937, penalty_k: 0.18599940663087269, scale_lr: 0.18458498725828129, EAO: 0.251
Trial 431 finished with value: 0.25084606963929124 and parameters: {'window_influence': 0.32548764733400937, 'penalty_k': 0.1859994066308727, 'scale_lr': 0.1845849872582813}. Best is trial 35 with value: 0.27627885390103346.
checkpoint_e32 window_influence: 0.28798780565657056, penalty_k: 0.13991693559288709, scale_lr: 0.20158322623312566, EAO: 0.251
Trial 432 finished with value: 0.2509113479920519 and parameters: {'window_influence': 0.28798780565657056, 'penalty_k': 0.1399169355928871, 'scale_lr': 0.20158322623312566}. Best is trial 35 with value: 0.27627885390103346.
checkpoint_e32 window_influence: 0.60022303798193244, penalty_k: 0.38764180299945517, scale_lr: 0.22198408457750318, EAO: 0.216
