Trial 682 finished with value: 0.2486700496780194 and parameters: {'window_influence': 0.18287794483508935, 'penalty_k': 0.32037473655545995, 'scale_lr': 0.2660815126229067}. Best is trial 431 with value: 0.29227477542268554.
checkpoint_e34 window_influence: 0.31720635228694805, penalty_k: 0.28825615347661215, scale_lr: 0.36241704890634119, EAO: 0.256
Trial 683 finished with value: 0.25619566222516504 and parameters: {'window_influence': 0.31720635228694805, 'penalty_k': 0.28825615347661215, 'scale_lr': 0.3624170489063412}. Best is trial 431 with value: 0.29227477542268554.
checkpoint_e34 window_influence: 0.54240492790293460, penalty_k: 0.13957751925310544, scale_lr: 0.35561783678246761, EAO: 0.236
Trial 684 finished with value: 0.23595369601152777 and parameters: {'window_influence': 0.5424049279029346, 'penalty_k': 0.13957751925310544, 'scale_lr': 0.3556178367824676}. Best is trial 431 with value: 0.29227477542268554.
checkpoint_e34 window_influence: 0.28785545139728702, penalty_k: 0.48311552833181154, scale_lr: 0.37985196207406846, EAO: 0.260
Trial 685 finished with value: 0.26001340217464336 and parameters: {'window_influence': 0.287855451397287, 'penalty_k': 0.48311552833181154, 'scale_lr': 0.37985196207406846}. Best is trial 431 with value: 0.29227477542268554.
checkpoint_e34 window_influence: 0.50851223384182198, penalty_k: 0.43077710654988222, scale_lr: 0.32310255561730933, EAO: 0.236
Trial 686 finished with value: 0.2363625681254922 and parameters: {'window_influence': 0.508512233841822, 'penalty_k': 0.4307771065498822, 'scale_lr': 0.32310255561730933}. Best is trial 431 with value: 0.29227477542268554.
checkpoint_e34 window_influence: 0.30451294774453275, penalty_k: 0.22678496902141734, scale_lr: 0.25667417188191727, EAO: 0.272
Trial 687 finished with value: 0.27199297192377775 and parameters: {'window_influence': 0.30451294774453275, 'penalty_k': 0.22678496902141734, 'scale_lr': 0.25667417188191727}. Best is trial 431 with value: 0.29227477542268554.
checkpoint_e34 window_influence: 0.34395107231969119, penalty_k: 0.12209227073272491, scale_lr: 0.28067601683209159, EAO: 0.262
Trial 688 finished with value: 0.2618621599868061 and parameters: {'window_influence': 0.3439510723196912, 'penalty_k': 0.12209227073272491, 'scale_lr': 0.2806760168320916}. Best is trial 431 with value: 0.29227477542268554.
checkpoint_e34 window_influence: 0.32240808198352028, penalty_k: 0.18540726952724157, scale_lr: 0.29490360757870554, EAO: 0.275
Trial 689 finished with value: 0.2751489254396136 and parameters: {'window_influence': 0.3224080819835203, 'penalty_k': 0.18540726952724157, 'scale_lr': 0.29490360757870554}. Best is trial 431 with value: 0.29227477542268554.
checkpoint_e34 window_influence: 0.52872196787769743, penalty_k: 0.09728422648537663, scale_lr: 0.23861337050125511, EAO: 0.236
Trial 690 finished with value: 0.23637606239900355 and parameters: {'window_influence': 0.5287219678776974, 'penalty_k': 0.09728422648537663, 'scale_lr': 0.2386133705012551}. Best is trial 431 with value: 0.29227477542268554.
checkpoint_e34 window_influence: 0.64546921204129726, penalty_k: 0.23679262174767882, scale_lr: 0.40311248387158050, EAO: 0.214
Trial 691 finished with value: 0.2135609783292786 and parameters: {'window_influence': 0.6454692120412973, 'penalty_k': 0.23679262174767882, 'scale_lr': 0.4031124838715805}. Best is trial 431 with value: 0.29227477542268554.
checkpoint_e34 window_influence: 0.31162509809967404, penalty_k: 0.16138985473866096, scale_lr: 0.24371300056923564, EAO: 0.269
Trial 692 finished with value: 0.26864800262984223 and parameters: {'window_influence': 0.31162509809967404, 'penalty_k': 0.16138985473866096, 'scale_lr': 0.24371300056923564}. Best is trial 431 with value: 0.29227477542268554.
checkpoint_e34 window_influence: 0.61852843129105040, penalty_k: 0.20886380672296637, scale_lr: 0.34719335519380234, EAO: 0.220
Trial 693 finished with value: 0.21994159655357765 and parameters: {'window_influence': 0.6185284312910504, 'penalty_k': 0.20886380672296637, 'scale_lr': 0.34719335519380234}. Best is trial 431 with value: 0.29227477542268554.
checkpoint_e34 window_influence: 0.12775421797217260, penalty_k: 0.46387996457132863, scale_lr: 0.34532285743825158, EAO: 0.224
Trial 694 finished with value: 0.22407464634596816 and parameters: {'window_influence': 0.1277542179721726, 'penalty_k': 0.46387996457132863, 'scale_lr': 0.3453228574382516}. Best is trial 431 with value: 0.29227477542268554.
checkpoint_e34 window_influence: 0.29630147696697778, penalty_k: 0.47100253007647463, scale_lr: 0.17608283510930781, EAO: 0.261
Trial 695 finished with value: 0.26107995096987824 and parameters: {'window_influence': 0.2963014769669778, 'penalty_k': 0.47100253007647463, 'scale_lr': 0.1760828351093078}. Best is trial 431 with value: 0.29227477542268554.
checkpoint_e34 window_influence: 0.27118454004207460, penalty_k: 0.14984769611988411, scale_lr: 0.24705386141375024, EAO: 0.258
Trial 696 finished with value: 0.2577337191356876 and parameters: {'window_influence': 0.2711845400420746, 'penalty_k': 0.1498476961198841, 'scale_lr': 0.24705386141375024}. Best is trial 431 with value: 0.29227477542268554.
checkpoint_e34 window_influence: 0.13748041826790511, penalty_k: 0.51336761906743478, scale_lr: 0.21856594292883005, EAO: 0.223
Trial 697 finished with value: 0.22319420772354778 and parameters: {'window_influence': 0.1374804182679051, 'penalty_k': 0.5133676190674348, 'scale_lr': 0.21856594292883005}. Best is trial 431 with value: 0.29227477542268554.
checkpoint_e34 window_influence: 0.33667037391386279, penalty_k: 0.10861435999528449, scale_lr: 0.48590746037490690, EAO: 0.258
Trial 698 finished with value: 0.25785671622772527 and parameters: {'window_influence': 0.3366703739138628, 'penalty_k': 0.10861435999528449, 'scale_lr': 0.4859074603749069}. Best is trial 431 with value: 0.29227477542268554.
checkpoint_e34 window_influence: 0.28664923318691954, penalty_k: 0.55843472718799991, scale_lr: 0.37144400515238196, EAO: 0.254
Trial 699 finished with value: 0.2539752418917369 and parameters: {'window_influence': 0.28664923318691954, 'penalty_k': 0.5584347271879999, 'scale_lr': 0.37144400515238196}. Best is trial 431 with value: 0.29227477542268554.
checkpoint_e34 window_influence: 0.32665903803706986, penalty_k: 0.24894945207992239, scale_lr: 0.20259791759097462, EAO: 0.257
Trial 700 finished with value: 0.25702614476525687 and parameters: {'window_influence': 0.32665903803706986, 'penalty_k': 0.2489494520799224, 'scale_lr': 0.20259791759097462}. Best is trial 431 with value: 0.29227477542268554.
checkpoint_e34 window_influence: 0.31073698612830536, penalty_k: 0.17544155100141401, scale_lr: 0.30979299207216210, EAO: 0.265
Trial 701 finished with value: 0.26450735191261865 and parameters: {'window_influence': 0.31073698612830536, 'penalty_k': 0.175441551001414, 'scale_lr': 0.3097929920721621}. Best is trial 431 with value: 0.29227477542268554.
checkpoint_e34 window_influence: 0.35371920545697899, penalty_k: 0.21901799713891323, scale_lr: 0.28238542127662936, EAO: 0.269
Trial 702 finished with value: 0.26855787483414983 and parameters: {'window_influence': 0.353719205456979, 'penalty_k': 0.21901799713891323, 'scale_lr': 0.28238542127662936}. Best is trial 431 with value: 0.29227477542268554.
checkpoint_e34 window_influence: 0.19822486615369403, penalty_k: 0.29912964386992530, scale_lr: 0.37898858134988161, EAO: 0.255
Trial 703 finished with value: 0.2548387148152522 and parameters: {'window_influence': 0.19822486615369403, 'penalty_k': 0.2991296438699253, 'scale_lr': 0.3789885813498816}. Best is trial 431 with value: 0.29227477542268554.
checkpoint_e34 window_influence: 0.29768909530857085, penalty_k: 0.27989520353680380, scale_lr: 0.34340508112977175, EAO: 0.266
Trial 704 finished with value: 0.26584240818411353 and parameters: {'window_influence': 0.29768909530857085, 'penalty_k': 0.2798952035368038, 'scale_lr': 0.34340508112977175}. Best is trial 431 with value: 0.29227477542268554.
checkpoint_e34 window_influence: 0.28129495671573357, penalty_k: 0.19183863657633052, scale_lr: 0.30890719514673226, EAO: 0.255
Trial 705 finished with value: 0.25507210503991057 and parameters: {'window_influence': 0.28129495671573357, 'penalty_k': 0.19183863657633052, 'scale_lr': 0.30890719514673226}. Best is trial 431 with value: 0.29227477542268554.
checkpoint_e34 window_influence: 0.32393769856650523, penalty_k: 0.22804409059846020, scale_lr: 0.20790004952505159, EAO: 0.260
Trial 706 finished with value: 0.2604707034865046 and parameters: {'window_influence': 0.32393769856650523, 'penalty_k': 0.2280440905984602, 'scale_lr': 0.2079000495250516}. Best is trial 431 with value: 0.29227477542268554.
checkpoint_e34 window_influence: 0.34185464532590726, penalty_k: 0.08049946752600309, scale_lr: 0.45452820868757715, EAO: 0.257
Trial 707 finished with value: 0.2571383490552747 and parameters: {'window_influence': 0.34185464532590726, 'penalty_k': 0.0804994675260031, 'scale_lr': 0.45452820868757715}. Best is trial 431 with value: 0.29227477542268554.
checkpoint_e34 window_influence: 0.17781215598882030, penalty_k: 0.20510409386517145, scale_lr: 0.76519651739587291, EAO: 0.240
Trial 708 finished with value: 0.2398067426875355 and parameters: {'window_influence': 0.1778121559888203, 'penalty_k': 0.20510409386517145, 'scale_lr': 0.7651965173958729}. Best is trial 431 with value: 0.29227477542268554.
checkpoint_e34 window_influence: 0.52044935512128332, penalty_k: 0.25402096062322205, scale_lr: 0.24886020139484746, EAO: 0.244
Trial 709 finished with value: 0.2438926951187413 and parameters: {'window_influence': 0.5204493551212833, 'penalty_k': 0.25402096062322205, 'scale_lr': 0.24886020139484746}. Best is trial 431 with value: 0.29227477542268554.
checkpoint_e34 window_influence: 0.49047135910997913, penalty_k: 0.30966260570516962, scale_lr: 0.49356239742452740, EAO: 0.252
Trial 710 finished with value: 0.25197434649477163 and parameters: {'window_influence': 0.49047135910997913, 'penalty_k': 0.3096626057051696, 'scale_lr': 0.4935623974245274}. Best is trial 431 with value: 0.29227477542268554.
checkpoint_e34 window_influence: 0.30571253130006620, penalty_k: 0.18260869026295887, scale_lr: 0.67689900789283985, EAO: 0.252
Trial 711 finished with value: 0.2524962512458243 and parameters: {'window_influence': 0.3057125313000662, 'penalty_k': 0.18260869026295887, 'scale_lr': 0.6768990078928399}. Best is trial 431 with value: 0.29227477542268554.
checkpoint_e34 window_influence: 0.31647145161505991, penalty_k: 0.24033164118785261, scale_lr: 0.69255808701337385, EAO: 0.256
Trial 712 finished with value: 0.2556592421076162 and parameters: {'window_influence': 0.3164714516150599, 'penalty_k': 0.2403316411878526, 'scale_lr': 0.6925580870133738}. Best is trial 431 with value: 0.29227477542268554.
checkpoint_e34 window_influence: 0.15921880472674843, penalty_k: 0.26606951185680228, scale_lr: 0.35927095079618465, EAO: 0.254
Trial 713 finished with value: 0.25416207137873503 and parameters: {'window_influence': 0.15921880472674843, 'penalty_k': 0.2660695118568023, 'scale_lr': 0.35927095079618465}. Best is trial 431 with value: 0.29227477542268554.
checkpoint_e34 window_influence: 0.27085480482745039, penalty_k: 0.21480755884667421, scale_lr: 0.27611881479549727, EAO: 0.268
Trial 714 finished with value: 0.2682225971929426 and parameters: {'window_influence': 0.2708548048274504, 'penalty_k': 0.2148075588466742, 'scale_lr': 0.27611881479549727}. Best is trial 431 with value: 0.29227477542268554.
checkpoint_e34 window_influence: 0.33400564104215152, penalty_k: 0.19811760428434205, scale_lr: 0.32928332763627838, EAO: 0.264
Trial 715 finished with value: 0.2644180795404969 and parameters: {'window_influence': 0.3340056410421515, 'penalty_k': 0.19811760428434205, 'scale_lr': 0.3292833276362784}. Best is trial 431 with value: 0.29227477542268554.
checkpoint_e34 window_influence: 0.29438353800561523, penalty_k: 0.15623736988994155, scale_lr: 0.29402495321199940, EAO: 0.264
Trial 716 finished with value: 0.26394792840005904 and parameters: {'window_influence': 0.29438353800561523, 'penalty_k': 0.15623736988994155, 'scale_lr': 0.2940249532119994}. Best is trial 431 with value: 0.29227477542268554.
checkpoint_e34 window_influence: 0.30921232139110744, penalty_k: 0.35329841036247861, scale_lr: 0.40046443078313010, EAO: 0.257
Trial 717 finished with value: 0.2566088706376107 and parameters: {'window_influence': 0.30921232139110744, 'penalty_k': 0.3532984103624786, 'scale_lr': 0.4004644307831301}. Best is trial 431 with value: 0.29227477542268554.
checkpoint_e34 window_influence: 0.36024377975518090, penalty_k: 0.54448079944851835, scale_lr: 0.46861928447878937, EAO: 0.247
Trial 718 finished with value: 0.2473429144640279 and parameters: {'window_influence': 0.3602437797551809, 'penalty_k': 0.5444807994485183, 'scale_lr': 0.46861928447878937}. Best is trial 431 with value: 0.29227477542268554.
checkpoint_e34 window_influence: 0.51433303490538929, penalty_k: 0.48849555929406541, scale_lr: 0.72798001083561015, EAO: 0.242
Trial 719 finished with value: 0.24153343678974523 and parameters: {'window_influence': 0.5143330349053893, 'penalty_k': 0.4884955592940654, 'scale_lr': 0.7279800108356101}. Best is trial 431 with value: 0.29227477542268554.
checkpoint_e34 window_influence: 0.43859280548840085, penalty_k: 0.17157235438337184, scale_lr: 0.50218376340861604, EAO: 0.258
Trial 720 finished with value: 0.25810285088250307 and parameters: {'window_influence': 0.43859280548840085, 'penalty_k': 0.17157235438337184, 'scale_lr': 0.502183763408616}. Best is trial 431 with value: 0.29227477542268554.
checkpoint_e34 window_influence: 0.14297828813142563, penalty_k: 0.06619378237172450, scale_lr: 0.25141596263595822, EAO: 0.259
Trial 721 finished with value: 0.25890819928268105 and parameters: {'window_influence': 0.14297828813142563, 'penalty_k': 0.0661937823717245, 'scale_lr': 0.2514159626359582}. Best is trial 431 with value: 0.29227477542268554.
checkpoint_e34 window_influence: 0.32586703554269986, penalty_k: 0.22513062802609501, scale_lr: 0.36915509117176198, EAO: 0.262
Trial 722 finished with value: 0.262262482408101 and parameters: {'window_influence': 0.32586703554269986, 'penalty_k': 0.22513062802609501, 'scale_lr': 0.369155091171762}. Best is trial 431 with value: 0.29227477542268554.
checkpoint_e34 window_influence: 0.28220049175841982, penalty_k: 0.19507655754209041, scale_lr: 0.77989237283144686, EAO: 0.253
Trial 723 finished with value: 0.2525540732029008 and parameters: {'window_influence': 0.2822004917584198, 'penalty_k': 0.1950765575420904, 'scale_lr': 0.7798923728314469}. Best is trial 431 with value: 0.29227477542268554.
checkpoint_e34 window_influence: 0.34713651758001124, penalty_k: 0.24592002343215491, scale_lr: 0.66325571163167041, EAO: 0.257
Trial 724 finished with value: 0.2568241370523848 and parameters: {'window_influence': 0.34713651758001124, 'penalty_k': 0.2459200234321549, 'scale_lr': 0.6632557116316704}. Best is trial 431 with value: 0.29227477542268554.
checkpoint_e34 window_influence: 0.29596605140608045, penalty_k: 0.21056867079742062, scale_lr: 0.70957463217449213, EAO: 0.248
Trial 725 finished with value: 0.24768383825212958 and parameters: {'window_influence': 0.29596605140608045, 'penalty_k': 0.21056867079742062, 'scale_lr': 0.7095746321744921}. Best is trial 431 with value: 0.29227477542268554.
checkpoint_e34 window_influence: 0.63223129389641264, penalty_k: 0.33597605850196410, scale_lr: 0.44396713993458875, EAO: 0.211
Trial 726 finished with value: 0.21089121826538226 and parameters: {'window_influence': 0.6322312938964126, 'penalty_k': 0.3359760585019641, 'scale_lr': 0.44396713993458875}. Best is trial 431 with value: 0.29227477542268554.
checkpoint_e34 window_influence: 0.31809173507488164, penalty_k: 0.23382078091196737, scale_lr: 0.46720260094423893, EAO: 0.264
Trial 727 finished with value: 0.26445618707959245 and parameters: {'window_influence': 0.31809173507488164, 'penalty_k': 0.23382078091196737, 'scale_lr': 0.46720260094423893}. Best is trial 431 with value: 0.29227477542268554.
checkpoint_e34 window_influence: 0.33575564726426749, penalty_k: 0.18254538718950639, scale_lr: 0.39382656924404996, EAO: 0.271
Trial 728 finished with value: 0.2712538962562879 and parameters: {'window_influence': 0.3357556472642675, 'penalty_k': 0.1825453871895064, 'scale_lr': 0.39382656924404996}. Best is trial 431 with value: 0.29227477542268554.
checkpoint_e34 window_influence: 0.26899613639169728, penalty_k: 0.57120055482465815, scale_lr: 0.50780227301359104, EAO: 0.258
Trial 729 finished with value: 0.25794212090048363 and parameters: {'window_influence': 0.2689961363916973, 'penalty_k': 0.5712005548246581, 'scale_lr': 0.507802273013591}. Best is trial 431 with value: 0.29227477542268554.
checkpoint_e34 window_influence: 0.36836854042602507, penalty_k: 0.13007662411189461, scale_lr: 0.49150940590635001, EAO: 0.258
Trial 730 finished with value: 0.25796225745745793 and parameters: {'window_influence': 0.36836854042602507, 'penalty_k': 0.1300766241118946, 'scale_lr': 0.49150940590635}. Best is trial 431 with value: 0.29227477542268554.
checkpoint_e34 window_influence: 0.30155889872220637, penalty_k: 0.28456945205538381, scale_lr: 0.74537744918571314, EAO: 0.265
Trial 731 finished with value: 0.26477979323486 and parameters: {'window_influence': 0.30155889872220637, 'penalty_k': 0.2845694520553838, 'scale_lr': 0.7453774491857131}. Best is trial 431 with value: 0.29227477542268554.
checkpoint_e34 window_influence: 0.29010915463421477, penalty_k: 0.26040473835072725, scale_lr: 0.79977635253828450, EAO: 0.255
Trial 732 finished with value: 0.2546568396614819 and parameters: {'window_influence': 0.29010915463421477, 'penalty_k': 0.26040473835072725, 'scale_lr': 0.7997763525382845}. Best is trial 431 with value: 0.29227477542268554.
checkpoint_e34 window_influence: 0.44823632842326822, penalty_k: 0.31431600584918806, scale_lr: 0.30071306681216869, EAO: 0.244
Trial 733 finished with value: 0.24421539866342779 and parameters: {'window_influence': 0.4482363284232682, 'penalty_k': 0.31431600584918806, 'scale_lr': 0.3007130668121687}. Best is trial 431 with value: 0.29227477542268554.
checkpoint_e34 window_influence: 0.64215420505149956, penalty_k: 0.21785835465040784, scale_lr: 0.47902191053241089, EAO: 0.223
Trial 734 finished with value: 0.22326490573766755 and parameters: {'window_influence': 0.6421542050514996, 'penalty_k': 0.21785835465040784, 'scale_lr': 0.4790219105324109}. Best is trial 431 with value: 0.29227477542268554.
checkpoint_e34 window_influence: 0.32672633050167499, penalty_k: 0.16654508774661014, scale_lr: 0.26023190012197167, EAO: 0.267
Trial 735 finished with value: 0.26730156865546373 and parameters: {'window_influence': 0.326726330501675, 'penalty_k': 0.16654508774661014, 'scale_lr': 0.26023190012197167}. Best is trial 431 with value: 0.29227477542268554.
checkpoint_e34 window_influence: 0.31177632547843009, penalty_k: 0.10750918760168000, scale_lr: 0.52122963138242617, EAO: 0.257
Trial 736 finished with value: 0.25728585625567085 and parameters: {'window_influence': 0.3117763254784301, 'penalty_k': 0.10750918760168, 'scale_lr': 0.5212296313824262}. Best is trial 431 with value: 0.29227477542268554.
checkpoint_e34 window_influence: 0.34272642448023893, penalty_k: 0.19047303132748311, scale_lr: 0.76014696217797495, EAO: 0.255
Trial 737 finished with value: 0.2547361481238187 and parameters: {'window_influence': 0.34272642448023893, 'penalty_k': 0.1904730313274831, 'scale_lr': 0.760146962177975}. Best is trial 431 with value: 0.29227477542268554.
checkpoint_e34 window_influence: 0.38489628289273065, penalty_k: 0.20427475913421228, scale_lr: 0.41729865146915279, EAO: 0.252
Trial 738 finished with value: 0.2524768065025167 and parameters: {'window_influence': 0.38489628289273065, 'penalty_k': 0.20427475913421228, 'scale_lr': 0.4172986514691528}. Best is trial 431 with value: 0.29227477542268554.
checkpoint_e34 window_influence: 0.28192410110299043, penalty_k: 0.38413799310736996, scale_lr: 0.68765814515150814, EAO: 0.258
Trial 739 finished with value: 0.25808223809410885 and parameters: {'window_influence': 0.28192410110299043, 'penalty_k': 0.38413799310736996, 'scale_lr': 0.6876581451515081}. Best is trial 431 with value: 0.29227477542268554.
checkpoint_e34 window_influence: 0.30401570069437911, penalty_k: 0.14256276365218445, scale_lr: 0.11296543141866933, EAO: 0.266
Trial 740 finished with value: 0.2659314142736962 and parameters: {'window_influence': 0.3040157006943791, 'penalty_k': 0.14256276365218445, 'scale_lr': 0.11296543141866933}. Best is trial 431 with value: 0.29227477542268554.
checkpoint_e34 window_influence: 0.26255356812467495, penalty_k: 0.29215506833185323, scale_lr: 0.33601921908150711, EAO: 0.267
Trial 741 finished with value: 0.26674293962920587 and parameters: {'window_influence': 0.26255356812467495, 'penalty_k': 0.29215506833185323, 'scale_lr': 0.3360192190815071}. Best is trial 431 with value: 0.29227477542268554.
checkpoint_e34 window_influence: 0.48131993282168795, penalty_k: 0.22550525665234800, scale_lr: 0.50684478717606840, EAO: 0.247
Trial 742 finished with value: 0.2471280280288642 and parameters: {'window_influence': 0.48131993282168795, 'penalty_k': 0.225505256652348, 'scale_lr': 0.5068447871760684}. Best is trial 431 with value: 0.29227477542268554.
checkpoint_e34 window_influence: 0.31896456018036806, penalty_k: 0.24495723071099534, scale_lr: 0.65576425846373554, EAO: 0.260
Trial 743 finished with value: 0.25990542515021997 and parameters: {'window_influence': 0.31896456018036806, 'penalty_k': 0.24495723071099534, 'scale_lr': 0.6557642584637355}. Best is trial 431 with value: 0.29227477542268554.
checkpoint_e34 window_influence: 0.32692697564213263, penalty_k: 0.58060321333843123, scale_lr: 0.53363567154035108, EAO: 0.242
