Trial 1044 finished with value: 0.26649679879589777 and parameters: {'window_influence': 0.4121235775794562, 'penalty_k': 0.14572741972279385, 'scale_lr': 0.30039987621163144}. Best is trial 977 with value: 0.2897923603896203.
checkpoint_e32 window_influence: 0.44712160698752834, penalty_k: 0.15289272926353900, scale_lr: 0.21904491575429602, EAO: 0.271
Trial 1045 finished with value: 0.2714840553519202 and parameters: {'window_influence': 0.44712160698752834, 'penalty_k': 0.152892729263539, 'scale_lr': 0.21904491575429602}. Best is trial 977 with value: 0.2897923603896203.
checkpoint_e32 window_influence: 0.43208030819465282, penalty_k: 0.17425952572353046, scale_lr: 0.14761701892593682, EAO: 0.276
Trial 1046 finished with value: 0.2760438461129258 and parameters: {'window_influence': 0.4320803081946528, 'penalty_k': 0.17425952572353046, 'scale_lr': 0.14761701892593682}. Best is trial 977 with value: 0.2897923603896203.
checkpoint_e32 window_influence: 0.39318444624577731, penalty_k: 0.15547596138944239, scale_lr: 0.17416679429190346, EAO: 0.281
Trial 1047 finished with value: 0.28056462823860046 and parameters: {'window_influence': 0.3931844462457773, 'penalty_k': 0.1554759613894424, 'scale_lr': 0.17416679429190346}. Best is trial 977 with value: 0.2897923603896203.
checkpoint_e32 window_influence: 0.40686601634503888, penalty_k: 0.18194725146232138, scale_lr: 0.78545471440135262, EAO: 0.256
Trial 1048 finished with value: 0.2561124502037599 and parameters: {'window_influence': 0.4068660163450389, 'penalty_k': 0.18194725146232138, 'scale_lr': 0.7854547144013526}. Best is trial 977 with value: 0.2897923603896203.
checkpoint_e32 window_influence: 0.42219943436329510, penalty_k: 0.13652069936369862, scale_lr: 0.14456879328058309, EAO: 0.279
Trial 1049 finished with value: 0.27919321658650065 and parameters: {'window_influence': 0.4221994343632951, 'penalty_k': 0.13652069936369862, 'scale_lr': 0.14456879328058309}. Best is trial 977 with value: 0.2897923603896203.
checkpoint_e32 window_influence: 0.39490550175247352, penalty_k: 0.16345564078202721, scale_lr: 0.23073164423510936, EAO: 0.258
Trial 1050 finished with value: 0.2583904512892894 and parameters: {'window_influence': 0.3949055017524735, 'penalty_k': 0.1634556407820272, 'scale_lr': 0.23073164423510936}. Best is trial 977 with value: 0.2897923603896203.
checkpoint_e32 window_influence: 0.37697240473697530, penalty_k: 0.19755770430007399, scale_lr: 0.50756515514477163, EAO: 0.260
Trial 1051 finished with value: 0.2598646376433411 and parameters: {'window_influence': 0.3769724047369753, 'penalty_k': 0.197557704300074, 'scale_lr': 0.5075651551447716}. Best is trial 977 with value: 0.2897923603896203.
checkpoint_e32 window_influence: 0.43688111754830239, penalty_k: 0.14842253096504379, scale_lr: 0.20294031938564280, EAO: 0.258
Trial 1052 finished with value: 0.2577851281418064 and parameters: {'window_influence': 0.4368811175483024, 'penalty_k': 0.1484225309650438, 'scale_lr': 0.2029403193856428}. Best is trial 977 with value: 0.2897923603896203.
checkpoint_e32 window_influence: 0.40984171130963215, penalty_k: 0.13448241953276818, scale_lr: 0.16003146168890531, EAO: 0.270
Trial 1053 finished with value: 0.27007189526305936 and parameters: {'window_influence': 0.40984171130963215, 'penalty_k': 0.13448241953276818, 'scale_lr': 0.1600314616889053}. Best is trial 977 with value: 0.2897923603896203.
checkpoint_e32 window_influence: 0.38701345578016000, penalty_k: 0.18870998327394284, scale_lr: 0.52891739741133681, EAO: 0.274
Trial 1054 finished with value: 0.2744308470831654 and parameters: {'window_influence': 0.38701345578016, 'penalty_k': 0.18870998327394284, 'scale_lr': 0.5289173974113368}. Best is trial 977 with value: 0.2897923603896203.
checkpoint_e32 window_influence: 0.41811364061229278, penalty_k: 0.17089676113237282, scale_lr: 0.14205283779156325, EAO: 0.276
Trial 1055 finished with value: 0.27564067223934624 and parameters: {'window_influence': 0.4181136406122928, 'penalty_k': 0.17089676113237282, 'scale_lr': 0.14205283779156325}. Best is trial 977 with value: 0.2897923603896203.
checkpoint_e32 window_influence: 0.40133820357699940, penalty_k: 0.14617728952637729, scale_lr: 0.13325569996353190, EAO: 0.274
Trial 1056 finished with value: 0.27403353003224706 and parameters: {'window_influence': 0.4013382035769994, 'penalty_k': 0.1461772895263773, 'scale_lr': 0.1332556999635319}. Best is trial 977 with value: 0.2897923603896203.
checkpoint_e32 window_influence: 0.42806187167257126, penalty_k: 0.12749545638822177, scale_lr: 0.15487714410087805, EAO: 0.272
Trial 1057 finished with value: 0.2721591006691863 and parameters: {'window_influence': 0.42806187167257126, 'penalty_k': 0.12749545638822177, 'scale_lr': 0.15487714410087805}. Best is trial 977 with value: 0.2897923603896203.
checkpoint_e32 window_influence: 0.44657939698093219, penalty_k: 0.16115959560518978, scale_lr: 0.20689846082117017, EAO: 0.266
Trial 1058 finished with value: 0.265978970057596 and parameters: {'window_influence': 0.4465793969809322, 'penalty_k': 0.16115959560518978, 'scale_lr': 0.20689846082117017}. Best is trial 977 with value: 0.2897923603896203.
checkpoint_e32 window_influence: 0.38054346250045346, penalty_k: 0.12159453952084558, scale_lr: 0.18005311914792821, EAO: 0.267
Trial 1059 finished with value: 0.26720844748301237 and parameters: {'window_influence': 0.38054346250045346, 'penalty_k': 0.12159453952084558, 'scale_lr': 0.1800531191479282}. Best is trial 977 with value: 0.2897923603896203.
checkpoint_e32 window_influence: 0.41530207142195896, penalty_k: 0.21278170416593248, scale_lr: 0.13475551893169413, EAO: 0.265
Trial 1060 finished with value: 0.2645303832321632 and parameters: {'window_influence': 0.41530207142195896, 'penalty_k': 0.21278170416593248, 'scale_lr': 0.13475551893169413}. Best is trial 977 with value: 0.2897923603896203.
checkpoint_e32 window_influence: 0.40114410516513177, penalty_k: 0.14448758968255099, scale_lr: 0.14342649773567934, EAO: 0.275
Trial 1061 finished with value: 0.27518515179796915 and parameters: {'window_influence': 0.40114410516513177, 'penalty_k': 0.144487589682551, 'scale_lr': 0.14342649773567934}. Best is trial 977 with value: 0.2897923603896203.
checkpoint_e32 window_influence: 0.42805439169824294, penalty_k: 0.13182188635286540, scale_lr: 0.23413588451181228, EAO: 0.286
Trial 1062 finished with value: 0.28556181242068607 and parameters: {'window_influence': 0.42805439169824294, 'penalty_k': 0.1318218863528654, 'scale_lr': 0.23413588451181228}. Best is trial 977 with value: 0.2897923603896203.
checkpoint_e32 window_influence: 0.43247011652791262, penalty_k: 0.59320678051045084, scale_lr: 0.24530637972558136, EAO: 0.236
Trial 1063 finished with value: 0.23553321340946648 and parameters: {'window_influence': 0.4324701165279126, 'penalty_k': 0.5932067805104508, 'scale_lr': 0.24530637972558136}. Best is trial 977 with value: 0.2897923603896203.
checkpoint_e32 window_influence: 0.45308554889325070, penalty_k: 0.15480753182062076, scale_lr: 0.21654734015330254, EAO: 0.261
Trial 1064 finished with value: 0.2612505233505877 and parameters: {'window_influence': 0.4530855488932507, 'penalty_k': 0.15480753182062076, 'scale_lr': 0.21654734015330254}. Best is trial 977 with value: 0.2897923603896203.
checkpoint_e32 window_influence: 0.44070892181848292, penalty_k: 0.13450540031855535, scale_lr: 0.19043317314526981, EAO: 0.264
Trial 1065 finished with value: 0.2641936187458232 and parameters: {'window_influence': 0.4407089218184829, 'penalty_k': 0.13450540031855535, 'scale_lr': 0.1904331731452698}. Best is trial 977 with value: 0.2897923603896203.
checkpoint_e32 window_influence: 0.42538437036718896, penalty_k: 0.17464865312906422, scale_lr: 0.16808883385200668, EAO: 0.276
Trial 1066 finished with value: 0.276191364095463 and parameters: {'window_influence': 0.42538437036718896, 'penalty_k': 0.17464865312906422, 'scale_lr': 0.16808883385200668}. Best is trial 977 with value: 0.2897923603896203.
checkpoint_e32 window_influence: 0.41685461044047023, penalty_k: 0.53129860646295046, scale_lr: 0.34652897068483612, EAO: 0.242
Trial 1067 finished with value: 0.24239665948278535 and parameters: {'window_influence': 0.41685461044047023, 'penalty_k': 0.5312986064629505, 'scale_lr': 0.3465289706848361}. Best is trial 977 with value: 0.2897923603896203.
checkpoint_e32 window_influence: 0.43416579974658726, penalty_k: 0.14600855988552616, scale_lr: 0.25951403469476858, EAO: 0.256
Trial 1068 finished with value: 0.25602463814543513 and parameters: {'window_influence': 0.43416579974658726, 'penalty_k': 0.14600855988552616, 'scale_lr': 0.2595140346947686}. Best is trial 977 with value: 0.2897923603896203.
checkpoint_e32 window_influence: 0.41126191943479928, penalty_k: 0.16506658456314285, scale_lr: 0.18548534695663765, EAO: 0.276
Trial 1069 finished with value: 0.2761165575404477 and parameters: {'window_influence': 0.4112619194347993, 'penalty_k': 0.16506658456314285, 'scale_lr': 0.18548534695663765}. Best is trial 977 with value: 0.2897923603896203.
checkpoint_e32 window_influence: 0.42587563393389766, penalty_k: 0.55393915503328883, scale_lr: 0.27732831782958139, EAO: 0.250
Trial 1070 finished with value: 0.24965229212510875 and parameters: {'window_influence': 0.42587563393389766, 'penalty_k': 0.5539391550332888, 'scale_lr': 0.2773283178295814}. Best is trial 977 with value: 0.2897923603896203.
checkpoint_e32 window_influence: 0.44484722279155692, penalty_k: 0.13875425427738328, scale_lr: 0.16718737348790821, EAO: 0.259
Trial 1071 finished with value: 0.2587027308659825 and parameters: {'window_influence': 0.4448472227915569, 'penalty_k': 0.13875425427738328, 'scale_lr': 0.16718737348790821}. Best is trial 977 with value: 0.2897923603896203.
checkpoint_e32 window_influence: 0.40590776693615882, penalty_k: 0.34968305102720493, scale_lr: 0.15595396709241260, EAO: 0.260
Trial 1072 finished with value: 0.26012526301106786 and parameters: {'window_influence': 0.4059077669361588, 'penalty_k': 0.3496830510272049, 'scale_lr': 0.1559539670924126}. Best is trial 977 with value: 0.2897923603896203.
checkpoint_e32 window_influence: 0.41901953457695701, penalty_k: 0.19400906882548433, scale_lr: 0.24940005120674263, EAO: 0.265
Trial 1073 finished with value: 0.26479837589147615 and parameters: {'window_influence': 0.419019534576957, 'penalty_k': 0.19400906882548433, 'scale_lr': 0.24940005120674263}. Best is trial 977 with value: 0.2897923603896203.
checkpoint_e32 window_influence: 0.39668269252937960, penalty_k: 0.50977024437585317, scale_lr: 0.53766718665847157, EAO: 0.266
Trial 1074 finished with value: 0.2664404860962697 and parameters: {'window_influence': 0.3966826925293796, 'penalty_k': 0.5097702443758532, 'scale_lr': 0.5376671866584716}. Best is trial 977 with value: 0.2897923603896203.
checkpoint_e32 window_influence: 0.43475126034245465, penalty_k: 0.12887833556423142, scale_lr: 0.23942875595230720, EAO: 0.271
Trial 1075 finished with value: 0.2710864863744596 and parameters: {'window_influence': 0.43475126034245465, 'penalty_k': 0.12887833556423142, 'scale_lr': 0.2394287559523072}. Best is trial 977 with value: 0.2897923603896203.
checkpoint_e32 window_influence: 0.45520226873172998, penalty_k: 0.15591451285237215, scale_lr: 0.17739530376067394, EAO: 0.273
Trial 1076 finished with value: 0.27253775377341405 and parameters: {'window_influence': 0.45520226873173, 'penalty_k': 0.15591451285237215, 'scale_lr': 0.17739530376067394}. Best is trial 977 with value: 0.2897923603896203.
checkpoint_e32 window_influence: 0.40958201876186368, penalty_k: 0.18011159145264249, scale_lr: 0.62730472438999851, EAO: 0.272
Trial 1077 finished with value: 0.2715362805297704 and parameters: {'window_influence': 0.4095820187618637, 'penalty_k': 0.1801115914526425, 'scale_lr': 0.6273047243899985}. Best is trial 977 with value: 0.2897923603896203.
checkpoint_e32 window_influence: 0.39362142886130458, penalty_k: 0.14876736515157693, scale_lr: 0.22766057853200200, EAO: 0.271
Trial 1078 finished with value: 0.2707466234763463 and parameters: {'window_influence': 0.3936214288613046, 'penalty_k': 0.14876736515157693, 'scale_lr': 0.227660578532002}. Best is trial 977 with value: 0.2897923603896203.
checkpoint_e32 window_influence: 0.41375486599767269, penalty_k: 0.13074697501452234, scale_lr: 0.14718557153897244, EAO: 0.274
Trial 1079 finished with value: 0.2735233906565643 and parameters: {'window_influence': 0.4137548659976727, 'penalty_k': 0.13074697501452234, 'scale_lr': 0.14718557153897244}. Best is trial 977 with value: 0.2897923603896203.
checkpoint_e32 window_influence: 0.43062324309974642, penalty_k: 0.32963261581383152, scale_lr: 0.19316517612649636, EAO: 0.276
Trial 1080 finished with value: 0.27621064226074915 and parameters: {'window_influence': 0.4306232430997464, 'penalty_k': 0.3296326158138315, 'scale_lr': 0.19316517612649636}. Best is trial 977 with value: 0.2897923603896203.
checkpoint_e32 window_influence: 0.11403643829508425, penalty_k: 0.16511099147867869, scale_lr: 0.19965803579678065, EAO: 0.245
Trial 1081 finished with value: 0.24490909405597827 and parameters: {'window_influence': 0.11403643829508425, 'penalty_k': 0.1651109914786787, 'scale_lr': 0.19965803579678065}. Best is trial 977 with value: 0.2897923603896203.
checkpoint_e32 window_influence: 0.05264824019565456, penalty_k: 0.12011848950779165, scale_lr: 0.21049249093235256, EAO: 0.239
Trial 1082 finished with value: 0.23924960935018896 and parameters: {'window_influence': 0.05264824019565456, 'penalty_k': 0.12011848950779165, 'scale_lr': 0.21049249093235256}. Best is trial 977 with value: 0.2897923603896203.
checkpoint_e32 window_influence: 0.42113259304798839, penalty_k: 0.14147127493870545, scale_lr: 0.16023506085230640, EAO: 0.270
Trial 1083 finished with value: 0.26977291012682564 and parameters: {'window_influence': 0.4211325930479884, 'penalty_k': 0.14147127493870545, 'scale_lr': 0.1602350608523064}. Best is trial 977 with value: 0.2897923603896203.
checkpoint_e32 window_influence: 0.40225290015109522, penalty_k: 0.11218433725161484, scale_lr: 0.13117264155759162, EAO: 0.279
Trial 1084 finished with value: 0.27942147239194653 and parameters: {'window_influence': 0.4022529001510952, 'penalty_k': 0.11218433725161484, 'scale_lr': 0.13117264155759162}. Best is trial 977 with value: 0.2897923603896203.
checkpoint_e32 window_influence: 0.44339426012428740, penalty_k: 0.38862281635892837, scale_lr: 0.14184693605161303, EAO: 0.253
Trial 1085 finished with value: 0.2529227931082733 and parameters: {'window_influence': 0.4433942601242874, 'penalty_k': 0.38862281635892837, 'scale_lr': 0.14184693605161303}. Best is trial 977 with value: 0.2897923603896203.
checkpoint_e32 window_influence: 0.37491435618207863, penalty_k: 0.29939002383131996, scale_lr: 0.79996856195909016, EAO: 0.256
Trial 1086 finished with value: 0.2557515112486312 and parameters: {'window_influence': 0.37491435618207863, 'penalty_k': 0.29939002383131996, 'scale_lr': 0.7999685619590902}. Best is trial 977 with value: 0.2897923603896203.
checkpoint_e32 window_influence: 0.38789653554748127, penalty_k: 0.15682302230992376, scale_lr: 0.34120569193988876, EAO: 0.270
Trial 1087 finished with value: 0.2699791243284698 and parameters: {'window_influence': 0.38789653554748127, 'penalty_k': 0.15682302230992376, 'scale_lr': 0.34120569193988876}. Best is trial 977 with value: 0.2897923603896203.
checkpoint_e32 window_influence: 0.42434984977699491, penalty_k: 0.13507037942051470, scale_lr: 0.16600280314471286, EAO: 0.275
Trial 1088 finished with value: 0.27518815789523166 and parameters: {'window_influence': 0.4243498497769949, 'penalty_k': 0.1350703794205147, 'scale_lr': 0.16600280314471286}. Best is trial 977 with value: 0.2897923603896203.
checkpoint_e32 window_influence: 0.40475850268353131, penalty_k: 0.17242421187883802, scale_lr: 0.13065935753592667, EAO: 0.273
Trial 1089 finished with value: 0.2734652300918005 and parameters: {'window_influence': 0.4047585026835313, 'penalty_k': 0.17242421187883802, 'scale_lr': 0.13065935753592667}. Best is trial 977 with value: 0.2897923603896203.
checkpoint_e32 window_influence: 0.39573482533747467, penalty_k: 0.14820854154530719, scale_lr: 0.30787875285668886, EAO: 0.267
Trial 1090 finished with value: 0.266972629883425 and parameters: {'window_influence': 0.39573482533747467, 'penalty_k': 0.1482085415453072, 'scale_lr': 0.30787875285668886}. Best is trial 977 with value: 0.2897923603896203.
checkpoint_e32 window_influence: 0.43704842547069106, penalty_k: 0.26748740348526057, scale_lr: 0.60427407035733183, EAO: 0.262
Trial 1091 finished with value: 0.2616976449886958 and parameters: {'window_influence': 0.43704842547069106, 'penalty_k': 0.26748740348526057, 'scale_lr': 0.6042740703573318}. Best is trial 977 with value: 0.2897923603896203.
checkpoint_e32 window_influence: 0.41461106090977151, penalty_k: 0.51375228482917701, scale_lr: 0.15515442930349860, EAO: 0.249
Trial 1092 finished with value: 0.24938987159147497 and parameters: {'window_influence': 0.4146110609097715, 'penalty_k': 0.513752284829177, 'scale_lr': 0.1551544293034986}. Best is trial 977 with value: 0.2897923603896203.
checkpoint_e32 window_influence: 0.45334742322625271, penalty_k: 0.53798217761704148, scale_lr: 0.58025965998856610, EAO: 0.249
Trial 1093 finished with value: 0.2494204034650229 and parameters: {'window_influence': 0.4533474232262527, 'penalty_k': 0.5379821776170415, 'scale_lr': 0.5802596599885661}. Best is trial 977 with value: 0.2897923603896203.
checkpoint_e32 window_influence: 0.07864841453012611, penalty_k: 0.12629231478012284, scale_lr: 0.37441930654302930, EAO: 0.236
Trial 1094 finished with value: 0.23645278750880946 and parameters: {'window_influence': 0.07864841453012611, 'penalty_k': 0.12629231478012284, 'scale_lr': 0.3744193065430293}. Best is trial 977 with value: 0.2897923603896203.
checkpoint_e32 window_influence: 0.42358454897782194, penalty_k: 0.30990053194916667, scale_lr: 0.13081786358534067, EAO: 0.266
Trial 1095 finished with value: 0.2660142807819979 and parameters: {'window_influence': 0.42358454897782194, 'penalty_k': 0.30990053194916667, 'scale_lr': 0.13081786358534067}. Best is trial 977 with value: 0.2897923603896203.
checkpoint_e32 window_influence: 0.62853777822804791, penalty_k: 0.36120000731098256, scale_lr: 0.14506225990846486, EAO: 0.212
Trial 1096 finished with value: 0.21221452236660127 and parameters: {'window_influence': 0.6285377782280479, 'penalty_k': 0.36120000731098256, 'scale_lr': 0.14506225990846486}. Best is trial 977 with value: 0.2897923603896203.
checkpoint_e32 window_influence: 0.40661042298889732, penalty_k: 0.16131417892274272, scale_lr: 0.18241378355157534, EAO: 0.265
Trial 1097 finished with value: 0.2647732461128778 and parameters: {'window_influence': 0.4066104229888973, 'penalty_k': 0.16131417892274272, 'scale_lr': 0.18241378355157534}. Best is trial 977 with value: 0.2897923603896203.
checkpoint_e32 window_influence: 0.18033113578074686, penalty_k: 0.20802997782533855, scale_lr: 0.12810562183969831, EAO: 0.241
Trial 1098 finished with value: 0.2408656886801487 and parameters: {'window_influence': 0.18033113578074686, 'penalty_k': 0.20802997782533855, 'scale_lr': 0.1281056218396983}. Best is trial 977 with value: 0.2897923603896203.
checkpoint_e32 window_influence: 0.38554358369532188, penalty_k: 0.40669562798159664, scale_lr: 0.22123314380733219, EAO: 0.259
Trial 1099 finished with value: 0.2588272344290726 and parameters: {'window_influence': 0.3855435836953219, 'penalty_k': 0.40669562798159664, 'scale_lr': 0.2212331438073322}. Best is trial 977 with value: 0.2897923603896203.
checkpoint_e32 window_influence: 0.40008802100059215, penalty_k: 0.13803303011967472, scale_lr: 0.58948711663515496, EAO: 0.262
Trial 1100 finished with value: 0.26180780103536155 and parameters: {'window_influence': 0.40008802100059215, 'penalty_k': 0.13803303011967472, 'scale_lr': 0.589487116635155}. Best is trial 977 with value: 0.2897923603896203.
checkpoint_e32 window_influence: 0.37071731688209492, penalty_k: 0.18666635168243981, scale_lr: 0.14880745406523743, EAO: 0.270
Trial 1101 finished with value: 0.27046966467931016 and parameters: {'window_influence': 0.3707173168820949, 'penalty_k': 0.1866663516824398, 'scale_lr': 0.14880745406523743}. Best is trial 977 with value: 0.2897923603896203.
checkpoint_e32 window_influence: 0.43177819170652415, penalty_k: 0.37563318610612878, scale_lr: 0.38472230246538019, EAO: 0.263
Trial 1102 finished with value: 0.2630332972460646 and parameters: {'window_influence': 0.43177819170652415, 'penalty_k': 0.3756331861061288, 'scale_lr': 0.3847223024653802}. Best is trial 977 with value: 0.2897923603896203.
checkpoint_e32 window_influence: 0.41461256659562556, penalty_k: 0.12247102078896216, scale_lr: 0.32664017071830603, EAO: 0.261
Trial 1103 finished with value: 0.26085956582451253 and parameters: {'window_influence': 0.41461256659562556, 'penalty_k': 0.12247102078896216, 'scale_lr': 0.32664017071830603}. Best is trial 977 with value: 0.2897923603896203.
checkpoint_e32 window_influence: 0.39177777406581349, penalty_k: 0.22770412193756367, scale_lr: 0.27685923394748818, EAO: 0.266
Trial 1104 finished with value: 0.2664631214447138 and parameters: {'window_influence': 0.3917777740658135, 'penalty_k': 0.22770412193756367, 'scale_lr': 0.2768592339474882}. Best is trial 977 with value: 0.2897923603896203.
checkpoint_e32 window_influence: 0.44249628725860285, penalty_k: 0.25358914900167628, scale_lr: 0.17004060948943434, EAO: 0.256
Trial 1105 finished with value: 0.25607816378275555 and parameters: {'window_influence': 0.44249628725860285, 'penalty_k': 0.2535891490016763, 'scale_lr': 0.17004060948943434}. Best is trial 977 with value: 0.2897923603896203.
checkpoint_e32 window_influence: 0.42353736546137238, penalty_k: 0.15032144488907809, scale_lr: 0.55597787471016535, EAO: 0.276
