Trial 186 finished with value: 0.2710694541049197 and parameters: {'window_influence': 0.29219002551942014, 'penalty_k': 0.1548266292261085, 'scale_lr': 0.27162987124877364}. Best is trial 113 with value: 0.2826390351827552.
checkpoint_e39 window_influence: 0.21633017482004535, penalty_k: 0.17599557585691927, scale_lr: 0.31596286193935641, EAO: 0.256
Trial 187 finished with value: 0.25643627006348557 and parameters: {'window_influence': 0.21633017482004535, 'penalty_k': 0.17599557585691927, 'scale_lr': 0.3159628619393564}. Best is trial 113 with value: 0.2826390351827552.
checkpoint_e39 window_influence: 0.27737996445166507, penalty_k: 0.07084881555693803, scale_lr: 0.37702187454636921, EAO: 0.266
Trial 188 finished with value: 0.2663856373448682 and parameters: {'window_influence': 0.2773799644516651, 'penalty_k': 0.07084881555693803, 'scale_lr': 0.3770218745463692}. Best is trial 113 with value: 0.2826390351827552.
checkpoint_e39 window_influence: 0.31508091236400809, penalty_k: 0.20315316655595247, scale_lr: 0.21461175182990488, EAO: 0.259
Trial 189 finished with value: 0.2587768473033983 and parameters: {'window_influence': 0.3150809123640081, 'penalty_k': 0.20315316655595247, 'scale_lr': 0.21461175182990488}. Best is trial 113 with value: 0.2826390351827552.
checkpoint_e39 window_influence: 0.24450326694935537, penalty_k: 0.13250769900118914, scale_lr: 0.28485483344977519, EAO: 0.269
Trial 190 finished with value: 0.2691618104170008 and parameters: {'window_influence': 0.24450326694935537, 'penalty_k': 0.13250769900118914, 'scale_lr': 0.2848548334497752}. Best is trial 113 with value: 0.2826390351827552.
checkpoint_e39 window_influence: 0.36199386560863228, penalty_k: 0.31208173044018861, scale_lr: 0.25420785243927890, EAO: 0.257
Trial 191 finished with value: 0.2565302890611858 and parameters: {'window_influence': 0.3619938656086323, 'penalty_k': 0.3120817304401886, 'scale_lr': 0.2542078524392789}. Best is trial 113 with value: 0.2826390351827552.
checkpoint_e39 window_influence: 0.33543672829454352, penalty_k: 0.28802572306790680, scale_lr: 0.24150861061628420, EAO: 0.260
Trial 192 finished with value: 0.2597749242937662 and parameters: {'window_influence': 0.3354367282945435, 'penalty_k': 0.2880257230679068, 'scale_lr': 0.2415086106162842}. Best is trial 113 with value: 0.2826390351827552.
checkpoint_e39 window_influence: 0.37233394253149088, penalty_k: 0.36754797208552686, scale_lr: 0.25810904694295395, EAO: 0.255
Trial 193 finished with value: 0.25462847675492123 and parameters: {'window_influence': 0.3723339425314909, 'penalty_k': 0.36754797208552686, 'scale_lr': 0.25810904694295395}. Best is trial 113 with value: 0.2826390351827552.
checkpoint_e39 window_influence: 0.34862558809299798, penalty_k: 0.33225723775132721, scale_lr: 0.23051938906267608, EAO: 0.252
Trial 194 finished with value: 0.25179018819235205 and parameters: {'window_influence': 0.348625588092998, 'penalty_k': 0.3322572377513272, 'scale_lr': 0.23051938906267608}. Best is trial 113 with value: 0.2826390351827552.
checkpoint_e39 window_influence: 0.26702743237300086, penalty_k: 0.18806762182044640, scale_lr: 0.27205584583882109, EAO: 0.273
Trial 195 finished with value: 0.27303183957086347 and parameters: {'window_influence': 0.26702743237300086, 'penalty_k': 0.1880676218204464, 'scale_lr': 0.2720558458388211}. Best is trial 113 with value: 0.2826390351827552.
checkpoint_e39 window_influence: 0.26137417173725308, penalty_k: 0.18876464028686313, scale_lr: 0.27501550937084213, EAO: 0.278
Trial 196 finished with value: 0.2775886599731639 and parameters: {'window_influence': 0.2613741717372531, 'penalty_k': 0.18876464028686313, 'scale_lr': 0.2750155093708421}. Best is trial 113 with value: 0.2826390351827552.
checkpoint_e39 window_influence: 0.26048998793465811, penalty_k: 0.19040340635177175, scale_lr: 0.27643543872857912, EAO: 0.267
Trial 197 finished with value: 0.26731465823524364 and parameters: {'window_influence': 0.2604899879346581, 'penalty_k': 0.19040340635177175, 'scale_lr': 0.2764354387285791}. Best is trial 113 with value: 0.2826390351827552.
checkpoint_e39 window_influence: 0.25243866847503388, penalty_k: 0.17980822637261473, scale_lr: 0.29873108805670850, EAO: 0.261
Trial 198 finished with value: 0.2614008256090366 and parameters: {'window_influence': 0.2524386684750339, 'penalty_k': 0.17980822637261473, 'scale_lr': 0.2987310880567085}. Best is trial 113 with value: 0.2826390351827552.
checkpoint_e39 window_influence: 0.26535208877682026, penalty_k: 0.20133023001174138, scale_lr: 0.33309936756891279, EAO: 0.274
Trial 199 finished with value: 0.2742540446238789 and parameters: {'window_influence': 0.26535208877682026, 'penalty_k': 0.20133023001174138, 'scale_lr': 0.3330993675689128}. Best is trial 113 with value: 0.2826390351827552.
checkpoint_e39 window_influence: 0.23746275326807725, penalty_k: 0.19861470360194863, scale_lr: 0.32917154846179814, EAO: 0.256
Trial 200 finished with value: 0.2556001673020968 and parameters: {'window_influence': 0.23746275326807725, 'penalty_k': 0.19861470360194863, 'scale_lr': 0.32917154846179814}. Best is trial 113 with value: 0.2826390351827552.
checkpoint_e39 window_influence: 0.26621823570956377, penalty_k: 0.17253999378298743, scale_lr: 0.35247227595237440, EAO: 0.256
Trial 201 finished with value: 0.25633599875661417 and parameters: {'window_influence': 0.26621823570956377, 'penalty_k': 0.17253999378298743, 'scale_lr': 0.3524722759523744}. Best is trial 113 with value: 0.2826390351827552.
checkpoint_e39 window_influence: 0.27881639962318988, penalty_k: 0.21128805875286194, scale_lr: 0.34248765308135554, EAO: 0.268
Trial 202 finished with value: 0.2682547681942219 and parameters: {'window_influence': 0.2788163996231899, 'penalty_k': 0.21128805875286194, 'scale_lr': 0.34248765308135554}. Best is trial 113 with value: 0.2826390351827552.
checkpoint_e39 window_influence: 0.25627784073264087, penalty_k: 0.18767592599099883, scale_lr: 0.30579129430101870, EAO: 0.269
Trial 203 finished with value: 0.2688055487909937 and parameters: {'window_influence': 0.25627784073264087, 'penalty_k': 0.18767592599099883, 'scale_lr': 0.3057912943010187}. Best is trial 113 with value: 0.2826390351827552.
checkpoint_e39 window_influence: 0.27203948635405761, penalty_k: 0.16307119038038725, scale_lr: 0.26809527314619985, EAO: 0.267
Trial 204 finished with value: 0.2671646925855458 and parameters: {'window_influence': 0.2720394863540576, 'penalty_k': 0.16307119038038725, 'scale_lr': 0.26809527314619985}. Best is trial 113 with value: 0.2826390351827552.
checkpoint_e39 window_influence: 0.22686186907604136, penalty_k: 0.23786433439229168, scale_lr: 0.28930929926805077, EAO: 0.259
Trial 205 finished with value: 0.25948720982646556 and parameters: {'window_influence': 0.22686186907604136, 'penalty_k': 0.23786433439229168, 'scale_lr': 0.28930929926805077}. Best is trial 113 with value: 0.2826390351827552.
checkpoint_e39 window_influence: 0.28773005205598307, penalty_k: 0.18796737307339159, scale_lr: 0.32194073784946164, EAO: 0.270
Trial 206 finished with value: 0.2697393630093675 and parameters: {'window_influence': 0.28773005205598307, 'penalty_k': 0.1879673730733916, 'scale_lr': 0.32194073784946164}. Best is trial 113 with value: 0.2826390351827552.
checkpoint_e39 window_influence: 0.23890813670696137, penalty_k: 0.17235660322743490, scale_lr: 0.27854855906192660, EAO: 0.274
Trial 207 finished with value: 0.27439448994591953 and parameters: {'window_influence': 0.23890813670696137, 'penalty_k': 0.1723566032274349, 'scale_lr': 0.2785485590619266}. Best is trial 113 with value: 0.2826390351827552.
checkpoint_e39 window_influence: 0.24139076443052457, penalty_k: 0.15140178034325538, scale_lr: 0.28176527828571352, EAO: 0.264
Trial 208 finished with value: 0.26380908210587695 and parameters: {'window_influence': 0.24139076443052457, 'penalty_k': 0.15140178034325538, 'scale_lr': 0.2817652782857135}. Best is trial 113 with value: 0.2826390351827552.
checkpoint_e39 window_influence: 0.20349021054938743, penalty_k: 0.16962185851707184, scale_lr: 0.30544425963156868, EAO: 0.264
Trial 209 finished with value: 0.26421783355678 and parameters: {'window_influence': 0.20349021054938743, 'penalty_k': 0.16962185851707184, 'scale_lr': 0.3054442596315687}. Best is trial 113 with value: 0.2826390351827552.
checkpoint_e39 window_influence: 0.22738404060259601, penalty_k: 0.15626731269427049, scale_lr: 0.26803300036778960, EAO: 0.263
Trial 210 finished with value: 0.26330552765024384 and parameters: {'window_influence': 0.227384040602596, 'penalty_k': 0.1562673126942705, 'scale_lr': 0.2680330003677896}. Best is trial 113 with value: 0.2826390351827552.
checkpoint_e39 window_influence: 0.26165469675635011, penalty_k: 0.18120222102613745, scale_lr: 0.29271813930782614, EAO: 0.269
Trial 211 finished with value: 0.2693945786696139 and parameters: {'window_influence': 0.2616546967563501, 'penalty_k': 0.18120222102613745, 'scale_lr': 0.29271813930782614}. Best is trial 113 with value: 0.2826390351827552.
checkpoint_e39 window_influence: 0.25157345548042959, penalty_k: 0.17086033908850198, scale_lr: 0.27452996908179622, EAO: 0.272
Trial 212 finished with value: 0.2723427783182966 and parameters: {'window_influence': 0.2515734554804296, 'penalty_k': 0.17086033908850198, 'scale_lr': 0.2745299690817962}. Best is trial 113 with value: 0.2826390351827552.
checkpoint_e39 window_influence: 0.24498564723509855, penalty_k: 0.16738853600509518, scale_lr: 0.28118420670337679, EAO: 0.260
Trial 213 finished with value: 0.2604230699258122 and parameters: {'window_influence': 0.24498564723509855, 'penalty_k': 0.16738853600509518, 'scale_lr': 0.2811842067033768}. Best is trial 113 with value: 0.2826390351827552.
checkpoint_e39 window_influence: 0.25337073562584428, penalty_k: 0.14409702172016806, scale_lr: 0.31256949059209538, EAO: 0.262
Trial 214 finished with value: 0.2615270919310368 and parameters: {'window_influence': 0.2533707356258443, 'penalty_k': 0.14409702172016806, 'scale_lr': 0.3125694905920954}. Best is trial 113 with value: 0.2826390351827552.
checkpoint_e39 window_influence: 0.23473174730114688, penalty_k: 0.20089948071648789, scale_lr: 0.26843685871296991, EAO: 0.271
Trial 215 finished with value: 0.2714825826204889 and parameters: {'window_influence': 0.23473174730114688, 'penalty_k': 0.2008994807164879, 'scale_lr': 0.2684368587129699}. Best is trial 113 with value: 0.2826390351827552.
checkpoint_e39 window_influence: 0.21345933315828861, penalty_k: 0.17577837171200311, scale_lr: 0.33389957296571915, EAO: 0.261
Trial 216 finished with value: 0.26119652117897824 and parameters: {'window_influence': 0.2134593331582886, 'penalty_k': 0.1757783717120031, 'scale_lr': 0.33389957296571915}. Best is trial 113 with value: 0.2826390351827552.
checkpoint_e39 window_influence: 0.26981770641621244, penalty_k: 0.15697724760646928, scale_lr: 0.29588117310578388, EAO: 0.265
Trial 217 finished with value: 0.2649887918941374 and parameters: {'window_influence': 0.26981770641621244, 'penalty_k': 0.15697724760646928, 'scale_lr': 0.2958811731057839}. Best is trial 113 with value: 0.2826390351827552.
checkpoint_e39 window_influence: 0.29556713416036445, penalty_k: 0.16652826586819941, scale_lr: 0.25712389377368533, EAO: 0.269
Trial 218 finished with value: 0.2687311375407669 and parameters: {'window_influence': 0.29556713416036445, 'penalty_k': 0.1665282658681994, 'scale_lr': 0.25712389377368533}. Best is trial 113 with value: 0.2826390351827552.
checkpoint_e39 window_influence: 0.25672063122594790, penalty_k: 0.18306972827835863, scale_lr: 0.31939970175061816, EAO: 0.273
Trial 219 finished with value: 0.2728117903679367 and parameters: {'window_influence': 0.2567206312259479, 'penalty_k': 0.18306972827835863, 'scale_lr': 0.31939970175061816}. Best is trial 113 with value: 0.2826390351827552.
checkpoint_e39 window_influence: 0.28092574227681799, penalty_k: 0.22760186015796716, scale_lr: 0.33069521118837153, EAO: 0.268
Trial 220 finished with value: 0.2682062203322 and parameters: {'window_influence': 0.280925742276818, 'penalty_k': 0.22760186015796716, 'scale_lr': 0.33069521118837153}. Best is trial 113 with value: 0.2826390351827552.
checkpoint_e39 window_influence: 0.25134896474824175, penalty_k: 0.18305576313914043, scale_lr: 0.31277582344106408, EAO: 0.258
Trial 221 finished with value: 0.25810272434378057 and parameters: {'window_influence': 0.25134896474824175, 'penalty_k': 0.18305576313914043, 'scale_lr': 0.3127758234410641}. Best is trial 113 with value: 0.2826390351827552.
checkpoint_e39 window_influence: 0.26223180662106438, penalty_k: 0.19710847691147176, scale_lr: 0.27525278570689599, EAO: 0.277
Trial 222 finished with value: 0.2765343228006751 and parameters: {'window_influence': 0.2622318066210644, 'penalty_k': 0.19710847691147176, 'scale_lr': 0.275252785706896}. Best is trial 113 with value: 0.2826390351827552.
checkpoint_e39 window_influence: 0.26115990179672266, penalty_k: 0.19392494655427250, scale_lr: 0.28080406975363753, EAO: 0.273
Trial 223 finished with value: 0.2732751929784209 and parameters: {'window_influence': 0.26115990179672266, 'penalty_k': 0.1939249465542725, 'scale_lr': 0.28080406975363753}. Best is trial 113 with value: 0.2826390351827552.
checkpoint_e39 window_influence: 0.26152595895024539, penalty_k: 0.19500763187682366, scale_lr: 0.28241798024067005, EAO: 0.263
Trial 224 finished with value: 0.262994827354342 and parameters: {'window_influence': 0.2615259589502454, 'penalty_k': 0.19500763187682366, 'scale_lr': 0.28241798024067005}. Best is trial 113 with value: 0.2826390351827552.
checkpoint_e39 window_influence: 0.25181634654359625, penalty_k: 0.20357528580149920, scale_lr: 0.29864985922569098, EAO: 0.269
Trial 225 finished with value: 0.269166966521643 and parameters: {'window_influence': 0.25181634654359625, 'penalty_k': 0.2035752858014992, 'scale_lr': 0.298649859225691}. Best is trial 113 with value: 0.2826390351827552.
checkpoint_e39 window_influence: 0.27243075609612932, penalty_k: 0.18395304202306248, scale_lr: 0.31825640497010177, EAO: 0.274
Trial 226 finished with value: 0.2741327708571907 and parameters: {'window_influence': 0.2724307560961293, 'penalty_k': 0.18395304202306248, 'scale_lr': 0.31825640497010177}. Best is trial 113 with value: 0.2826390351827552.
checkpoint_e39 window_influence: 0.27646939187869396, penalty_k: 0.21013624092979347, scale_lr: 0.32421372600226295, EAO: 0.263
Trial 227 finished with value: 0.26259505294445085 and parameters: {'window_influence': 0.27646939187869396, 'penalty_k': 0.21013624092979347, 'scale_lr': 0.32421372600226295}. Best is trial 113 with value: 0.2826390351827552.
checkpoint_e39 window_influence: 0.58476256219866118, penalty_k: 0.19155019508857052, scale_lr: 0.34717170041368189, EAO: 0.241
Trial 228 finished with value: 0.24103721679468465 and parameters: {'window_influence': 0.5847625621986612, 'penalty_k': 0.19155019508857052, 'scale_lr': 0.3471717004136819}. Best is trial 113 with value: 0.2826390351827552.
checkpoint_e39 window_influence: 0.24431055905555291, penalty_k: 0.21849425122949678, scale_lr: 0.31424119070357265, EAO: 0.270
Trial 229 finished with value: 0.26998316205856276 and parameters: {'window_influence': 0.2443105590555529, 'penalty_k': 0.21849425122949678, 'scale_lr': 0.31424119070357265}. Best is trial 113 with value: 0.2826390351827552.
checkpoint_e39 window_influence: 0.26111443512496130, penalty_k: 0.17501946517094677, scale_lr: 0.36477908883460503, EAO: 0.257
Trial 230 finished with value: 0.2571923503182768 and parameters: {'window_influence': 0.2611144351249613, 'penalty_k': 0.17501946517094677, 'scale_lr': 0.364779088834605}. Best is trial 113 with value: 0.2826390351827552.
checkpoint_e39 window_influence: 0.26558155319306787, penalty_k: 0.18358679538399894, scale_lr: 0.28218186572059245, EAO: 0.263
Trial 231 finished with value: 0.262594328481492 and parameters: {'window_influence': 0.26558155319306787, 'penalty_k': 0.18358679538399894, 'scale_lr': 0.28218186572059245}. Best is trial 113 with value: 0.2826390351827552.
checkpoint_e39 window_influence: 0.27455758538997427, penalty_k: 0.17315923087986157, scale_lr: 0.29535471123076190, EAO: 0.266
Trial 232 finished with value: 0.2662398678863921 and parameters: {'window_influence': 0.27455758538997427, 'penalty_k': 0.17315923087986157, 'scale_lr': 0.2953547112307619}. Best is trial 113 with value: 0.2826390351827552.
checkpoint_e39 window_influence: 0.25474069414887124, penalty_k: 0.19731075729205858, scale_lr: 0.27541515588057991, EAO: 0.274
Trial 233 finished with value: 0.2742848735514695 and parameters: {'window_influence': 0.25474069414887124, 'penalty_k': 0.19731075729205858, 'scale_lr': 0.2754151558805799}. Best is trial 113 with value: 0.2826390351827552.
checkpoint_e39 window_influence: 0.23815537126067879, penalty_k: 0.19651370859940817, scale_lr: 0.27311639035510560, EAO: 0.269
Trial 234 finished with value: 0.26851153706874303 and parameters: {'window_influence': 0.2381553712606788, 'penalty_k': 0.19651370859940817, 'scale_lr': 0.2731163903551056}. Best is trial 113 with value: 0.2826390351827552.
checkpoint_e39 window_influence: 0.25485801911542139, penalty_k: 0.20914630063704576, scale_lr: 0.30635627789122988, EAO: 0.268
Trial 235 finished with value: 0.26757598026254314 and parameters: {'window_influence': 0.2548580191154214, 'penalty_k': 0.20914630063704576, 'scale_lr': 0.3063562778912299}. Best is trial 113 with value: 0.2826390351827552.
checkpoint_e39 window_influence: 0.22649574288177901, penalty_k: 0.18121790839561899, scale_lr: 0.39338293622249582, EAO: 0.271
Trial 236 finished with value: 0.2705331973549796 and parameters: {'window_influence': 0.226495742881779, 'penalty_k': 0.181217908395619, 'scale_lr': 0.3933829362224958}. Best is trial 113 with value: 0.2826390351827552.
checkpoint_e39 window_influence: 0.24920305219175362, penalty_k: 0.19513284421331276, scale_lr: 0.33500477462103123, EAO: 0.277
Trial 237 finished with value: 0.2771649475747008 and parameters: {'window_influence': 0.24920305219175362, 'penalty_k': 0.19513284421331276, 'scale_lr': 0.33500477462103123}. Best is trial 113 with value: 0.2826390351827552.
checkpoint_e39 window_influence: 0.28897535785991924, penalty_k: 0.19542707749020055, scale_lr: 0.34521570944701274, EAO: 0.273
Trial 238 finished with value: 0.2734417502230745 and parameters: {'window_influence': 0.28897535785991924, 'penalty_k': 0.19542707749020055, 'scale_lr': 0.34521570944701274}. Best is trial 113 with value: 0.2826390351827552.
checkpoint_e39 window_influence: 0.29134616157789200, penalty_k: 0.22288594094969491, scale_lr: 0.36272749486558276, EAO: 0.268
Trial 239 finished with value: 0.2684605760060675 and parameters: {'window_influence': 0.291346161577892, 'penalty_k': 0.2228859409496949, 'scale_lr': 0.36272749486558276}. Best is trial 113 with value: 0.2826390351827552.
checkpoint_e39 window_influence: 0.30007039225002607, penalty_k: 0.19949689413914679, scale_lr: 0.33122685090065690, EAO: 0.268
Trial 240 finished with value: 0.2682459683922248 and parameters: {'window_influence': 0.3000703922500261, 'penalty_k': 0.19949689413914679, 'scale_lr': 0.3312268509006569}. Best is trial 113 with value: 0.2826390351827552.
checkpoint_e39 window_influence: 0.27519384668662539, penalty_k: 0.18803672748424619, scale_lr: 0.34994074408887799, EAO: 0.268
Trial 241 finished with value: 0.2682673803311053 and parameters: {'window_influence': 0.2751938466866254, 'penalty_k': 0.18803672748424619, 'scale_lr': 0.349940744088878}. Best is trial 113 with value: 0.2826390351827552.
checkpoint_e39 window_influence: 0.24276987525443477, penalty_k: 0.20147131790137709, scale_lr: 0.32210891147652898, EAO: 0.274
Trial 242 finished with value: 0.2741654298412121 and parameters: {'window_influence': 0.24276987525443477, 'penalty_k': 0.2014713179013771, 'scale_lr': 0.322108911476529}. Best is trial 113 with value: 0.2826390351827552.
checkpoint_e39 window_influence: 0.23792227947733854, penalty_k: 0.21097050761887071, scale_lr: 0.34001995035845700, EAO: 0.271
Trial 243 finished with value: 0.2707031967072952 and parameters: {'window_influence': 0.23792227947733854, 'penalty_k': 0.2109705076188707, 'scale_lr': 0.340019950358457}. Best is trial 113 with value: 0.2826390351827552.
checkpoint_e39 window_influence: 0.28602514287997000, penalty_k: 0.19827484627935693, scale_lr: 0.32385299541535983, EAO: 0.250
Trial 244 finished with value: 0.2501812569978761 and parameters: {'window_influence': 0.28602514287997, 'penalty_k': 0.19827484627935693, 'scale_lr': 0.32385299541535983}. Best is trial 113 with value: 0.2826390351827552.
checkpoint_e39 window_influence: 0.26387865779113695, penalty_k: 0.19471302743868815, scale_lr: 0.32032490922858664, EAO: 0.268
Trial 245 finished with value: 0.26849447711696467 and parameters: {'window_influence': 0.26387865779113695, 'penalty_k': 0.19471302743868815, 'scale_lr': 0.32032490922858664}. Best is trial 113 with value: 0.2826390351827552.
checkpoint_e39 window_influence: 0.22087393343625905, penalty_k: 0.21598685253572672, scale_lr: 0.34575006211387027, EAO: 0.264
Trial 246 finished with value: 0.26383670086298533 and parameters: {'window_influence': 0.22087393343625905, 'penalty_k': 0.21598685253572672, 'scale_lr': 0.34575006211387027}. Best is trial 113 with value: 0.2826390351827552.
checkpoint_e39 window_influence: 0.28152591919899927, penalty_k: 0.24879832548296879, scale_lr: 0.44614161012059050, EAO: 0.259
Trial 247 finished with value: 0.2586553334220638 and parameters: {'window_influence': 0.2815259191989993, 'penalty_k': 0.2487983254829688, 'scale_lr': 0.4461416101205905}. Best is trial 113 with value: 0.2826390351827552.
checkpoint_e39 window_influence: 0.24674542704851524, penalty_k: 0.18482177182427317, scale_lr: 0.30693293750689854, EAO: 0.278
