Trial 176 finished with value: 0.27076489920538616 and parameters: {'window_influence': 0.40911056419773123, 'penalty_k': 0.01976867891359929, 'scale_lr': 0.6082670328921881}. Best is trial 148 with value: 0.27897518715722774.
checkpoint_e32 window_influence: 0.36919366609336290, penalty_k: 0.42618854890832769, scale_lr: 0.59472843397566133, EAO: 0.277
Trial 177 finished with value: 0.2769384852390948 and parameters: {'window_influence': 0.3691936660933629, 'penalty_k': 0.4261885489083277, 'scale_lr': 0.5947284339756613}. Best is trial 148 with value: 0.27897518715722774.
checkpoint_e32 window_influence: 0.36873454150725021, penalty_k: 0.43006010390726923, scale_lr: 0.58997320572475420, EAO: 0.258
Trial 178 finished with value: 0.25827915033673854 and parameters: {'window_influence': 0.3687345415072502, 'penalty_k': 0.43006010390726923, 'scale_lr': 0.5899732057247542}. Best is trial 148 with value: 0.27897518715722774.
checkpoint_e32 window_influence: 0.37619707058818241, penalty_k: 0.42571014896503095, scale_lr: 0.57378903855210794, EAO: 0.259
Trial 179 finished with value: 0.2590376435498881 and parameters: {'window_influence': 0.3761970705881824, 'penalty_k': 0.42571014896503095, 'scale_lr': 0.5737890385521079}. Best is trial 148 with value: 0.27897518715722774.
checkpoint_e32 window_influence: 0.39151271322731152, penalty_k: 0.40851900577763461, scale_lr: 0.59514070428394450, EAO: 0.269
Trial 180 finished with value: 0.2690664830246592 and parameters: {'window_influence': 0.3915127132273115, 'penalty_k': 0.4085190057776346, 'scale_lr': 0.5951407042839445}. Best is trial 148 with value: 0.27897518715722774.
checkpoint_e32 window_influence: 0.42106871560347431, penalty_k: 0.01140015612003040, scale_lr: 0.63866342984258706, EAO: 0.262
Trial 181 finished with value: 0.26233054776259557 and parameters: {'window_influence': 0.4210687156034743, 'penalty_k': 0.011400156120030399, 'scale_lr': 0.6386634298425871}. Best is trial 148 with value: 0.27897518715722774.
checkpoint_e32 window_influence: 0.39907560368626521, penalty_k: 0.47716532521306465, scale_lr: 0.61430797214132948, EAO: 0.282
Trial 182 finished with value: 0.2821617240343637 and parameters: {'window_influence': 0.3990756036862652, 'penalty_k': 0.47716532521306465, 'scale_lr': 0.6143079721413295}. Best is trial 182 with value: 0.2821617240343637.
checkpoint_e32 window_influence: 0.39433149833627335, penalty_k: 0.47131960418167490, scale_lr: 0.61329603468589222, EAO: 0.256
Trial 183 finished with value: 0.25588343456024076 and parameters: {'window_influence': 0.39433149833627335, 'penalty_k': 0.4713196041816749, 'scale_lr': 0.6132960346858922}. Best is trial 182 with value: 0.2821617240343637.
checkpoint_e32 window_influence: 0.40860734840871632, penalty_k: 0.49150766493421022, scale_lr: 0.62509074484069960, EAO: 0.277
Trial 184 finished with value: 0.27731373506348306 and parameters: {'window_influence': 0.4086073484087163, 'penalty_k': 0.4915076649342102, 'scale_lr': 0.6250907448406996}. Best is trial 182 with value: 0.2821617240343637.
checkpoint_e32 window_influence: 0.41149016094910529, penalty_k: 0.46055096361402037, scale_lr: 0.62683123299337318, EAO: 0.258
Trial 185 finished with value: 0.2576130419606116 and parameters: {'window_influence': 0.4114901609491053, 'penalty_k': 0.46055096361402037, 'scale_lr': 0.6268312329933732}. Best is trial 182 with value: 0.2821617240343637.
checkpoint_e32 window_influence: 0.38162763563906410, penalty_k: 0.52186860622126363, scale_lr: 0.65053456028689904, EAO: 0.265
Trial 186 finished with value: 0.2650758233981404 and parameters: {'window_influence': 0.3816276356390641, 'penalty_k': 0.5218686062212636, 'scale_lr': 0.650534560286899}. Best is trial 182 with value: 0.2821617240343637.
checkpoint_e32 window_influence: 0.40121657104451069, penalty_k: 0.44241834378858530, scale_lr: 0.56240894027121180, EAO: 0.267
Trial 187 finished with value: 0.2674476369246235 and parameters: {'window_influence': 0.4012165710445107, 'penalty_k': 0.4424183437885853, 'scale_lr': 0.5624089402712118}. Best is trial 182 with value: 0.2821617240343637.
checkpoint_e32 window_influence: 0.43243557840967295, penalty_k: 0.47478836654801754, scale_lr: 0.58142783348798244, EAO: 0.259
Trial 188 finished with value: 0.25909777106792947 and parameters: {'window_influence': 0.43243557840967295, 'penalty_k': 0.47478836654801754, 'scale_lr': 0.5814278334879824}. Best is trial 182 with value: 0.2821617240343637.
checkpoint_e32 window_influence: 0.36232984066267065, penalty_k: 0.50807684565014322, scale_lr: 0.60397300530286124, EAO: 0.264
Trial 189 finished with value: 0.26386115118497755 and parameters: {'window_influence': 0.36232984066267065, 'penalty_k': 0.5080768456501432, 'scale_lr': 0.6039730053028612}. Best is trial 182 with value: 0.2821617240343637.
checkpoint_e32 window_influence: 0.41562161302555811, penalty_k: 0.41938827590886441, scale_lr: 0.61830224400212197, EAO: 0.263
Trial 190 finished with value: 0.2626693968365832 and parameters: {'window_influence': 0.4156216130255581, 'penalty_k': 0.4193882759088644, 'scale_lr': 0.618302244002122}. Best is trial 182 with value: 0.2821617240343637.
checkpoint_e32 window_influence: 0.37618387675309256, penalty_k: 0.46012047580527704, scale_lr: 0.63473887880439239, EAO: 0.256
Trial 191 finished with value: 0.2555730600909489 and parameters: {'window_influence': 0.37618387675309256, 'penalty_k': 0.46012047580527704, 'scale_lr': 0.6347388788043924}. Best is trial 182 with value: 0.2821617240343637.
checkpoint_e32 window_influence: 0.39764533391049306, penalty_k: 0.49019790003090574, scale_lr: 0.59863608809221502, EAO: 0.265
Trial 192 finished with value: 0.2653957377604353 and parameters: {'window_influence': 0.39764533391049306, 'penalty_k': 0.49019790003090574, 'scale_lr': 0.598636088092215}. Best is trial 182 with value: 0.2821617240343637.
checkpoint_e32 window_influence: 0.38447324760353874, penalty_k: 0.44888223753114576, scale_lr: 0.66058356193834333, EAO: 0.261
Trial 193 finished with value: 0.26141411496129463 and parameters: {'window_influence': 0.38447324760353874, 'penalty_k': 0.44888223753114576, 'scale_lr': 0.6605835619383433}. Best is trial 182 with value: 0.2821617240343637.
checkpoint_e32 window_influence: 0.42684853399801537, penalty_k: 0.49402667344076379, scale_lr: 0.61631421395751285, EAO: 0.264
Trial 194 finished with value: 0.2644309426347415 and parameters: {'window_influence': 0.42684853399801537, 'penalty_k': 0.4940266734407638, 'scale_lr': 0.6163142139575128}. Best is trial 182 with value: 0.2821617240343637.
checkpoint_e32 window_influence: 0.41221133825425560, penalty_k: 0.02024916360610688, scale_lr: 0.63892697914759755, EAO: 0.255
Trial 195 finished with value: 0.2546442418200214 and parameters: {'window_influence': 0.4122113382542556, 'penalty_k': 0.02024916360610688, 'scale_lr': 0.6389269791475976}. Best is trial 182 with value: 0.2821617240343637.
checkpoint_e32 window_influence: 0.44642014162169075, penalty_k: 0.30642007869838578, scale_lr: 0.65078771131158997, EAO: 0.257
Trial 196 finished with value: 0.257157118582144 and parameters: {'window_influence': 0.44642014162169075, 'penalty_k': 0.3064200786983858, 'scale_lr': 0.65078771131159}. Best is trial 182 with value: 0.2821617240343637.
checkpoint_e32 window_influence: 0.36856177944962065, penalty_k: 0.40116733425587398, scale_lr: 0.62641050815088550, EAO: 0.266
Trial 197 finished with value: 0.2655169906291535 and parameters: {'window_influence': 0.36856177944962065, 'penalty_k': 0.401167334255874, 'scale_lr': 0.6264105081508855}. Best is trial 182 with value: 0.2821617240343637.
checkpoint_e32 window_influence: 0.40323801198299813, penalty_k: 0.43677255105057561, scale_lr: 0.58476056163012946, EAO: 0.268
Trial 198 finished with value: 0.26813689213458114 and parameters: {'window_influence': 0.40323801198299813, 'penalty_k': 0.4367725510505756, 'scale_lr': 0.5847605616301295}. Best is trial 182 with value: 0.2821617240343637.
checkpoint_e32 window_influence: 0.43224260106670259, penalty_k: 0.48232075965592885, scale_lr: 0.60745976541494362, EAO: 0.259
Trial 199 finished with value: 0.2588320177623896 and parameters: {'window_influence': 0.4322426010667026, 'penalty_k': 0.48232075965592885, 'scale_lr': 0.6074597654149436}. Best is trial 182 with value: 0.2821617240343637.
checkpoint_e32 window_influence: 0.35517705529985799, penalty_k: 0.00047061182076604, scale_lr: 0.65999531070044226, EAO: 0.270
Trial 200 finished with value: 0.2695026856854679 and parameters: {'window_influence': 0.355177055299858, 'penalty_k': 0.0004706118207660403, 'scale_lr': 0.6599953107004423}. Best is trial 182 with value: 0.2821617240343637.
checkpoint_e32 window_influence: 0.38884863152058613, penalty_k: 0.00002183602710454, scale_lr: 0.64651964392661587, EAO: 0.261
Trial 201 finished with value: 0.2611788804453563 and parameters: {'window_influence': 0.38884863152058613, 'penalty_k': 2.1836027104541172e-05, 'scale_lr': 0.6465196439266159}. Best is trial 182 with value: 0.2821617240343637.
checkpoint_e32 window_influence: 0.23377166626857762, penalty_k: 0.39050967446213042, scale_lr: 0.63510267316158298, EAO: 0.265
Trial 202 finished with value: 0.2648866733278685 and parameters: {'window_influence': 0.23377166626857762, 'penalty_k': 0.3905096744621304, 'scale_lr': 0.635102673161583}. Best is trial 182 with value: 0.2821617240343637.
checkpoint_e32 window_influence: 0.17156385313078601, penalty_k: 0.22669381926998849, scale_lr: 0.62498439883136259, EAO: 0.257
Trial 203 finished with value: 0.2565889276140104 and parameters: {'window_influence': 0.171563853130786, 'penalty_k': 0.2266938192699885, 'scale_lr': 0.6249843988313626}. Best is trial 182 with value: 0.2821617240343637.
checkpoint_e32 window_influence: 0.21554974191894619, penalty_k: 0.02269031064078617, scale_lr: 0.53221349030263909, EAO: 0.263
Trial 204 finished with value: 0.26337015434978456 and parameters: {'window_influence': 0.21554974191894619, 'penalty_k': 0.02269031064078617, 'scale_lr': 0.5322134903026391}. Best is trial 182 with value: 0.2821617240343637.
checkpoint_e32 window_influence: 0.41961212053406155, penalty_k: 0.01604006005084535, scale_lr: 0.66991921148068267, EAO: 0.270
Trial 205 finished with value: 0.2695512423306946 and parameters: {'window_influence': 0.41961212053406155, 'penalty_k': 0.01604006005084535, 'scale_lr': 0.6699192114806827}. Best is trial 182 with value: 0.2821617240343637.
checkpoint_e32 window_influence: 0.40188207556207900, penalty_k: 0.01081373529804578, scale_lr: 0.64295889595734657, EAO: 0.267
Trial 206 finished with value: 0.2667339868177243 and parameters: {'window_influence': 0.401882075562079, 'penalty_k': 0.010813735298045779, 'scale_lr': 0.6429588959573466}. Best is trial 182 with value: 0.2821617240343637.
checkpoint_e32 window_influence: 0.34064681013201598, penalty_k: 0.03779449562150780, scale_lr: 0.61073785339245090, EAO: 0.263
Trial 207 finished with value: 0.2627208910700751 and parameters: {'window_influence': 0.340646810132016, 'penalty_k': 0.0377944956215078, 'scale_lr': 0.6107378533924509}. Best is trial 182 with value: 0.2821617240343637.
checkpoint_e32 window_influence: 0.38015255218781524, penalty_k: 0.32005436481436750, scale_lr: 0.59091489042959144, EAO: 0.259
Trial 208 finished with value: 0.2591733859806526 and parameters: {'window_influence': 0.38015255218781524, 'penalty_k': 0.3200543648143675, 'scale_lr': 0.5909148904295914}. Best is trial 182 with value: 0.2821617240343637.
checkpoint_e32 window_influence: 0.43717425009393823, penalty_k: 0.41852823431500819, scale_lr: 0.62606936818300485, EAO: 0.262
Trial 209 finished with value: 0.26208517621687755 and parameters: {'window_influence': 0.43717425009393823, 'penalty_k': 0.4185282343150082, 'scale_lr': 0.6260693681830048}. Best is trial 182 with value: 0.2821617240343637.
checkpoint_e32 window_influence: 0.19745933024731571, penalty_k: 0.03290382609916284, scale_lr: 0.65491502525989687, EAO: 0.253
Trial 210 finished with value: 0.25329967921342306 and parameters: {'window_influence': 0.1974593302473157, 'penalty_k': 0.03290382609916284, 'scale_lr': 0.6549150252598969}. Best is trial 182 with value: 0.2821617240343637.
checkpoint_e32 window_influence: 0.41139249192509941, penalty_k: 0.01854682152915956, scale_lr: 0.60581405301999625, EAO: 0.264
Trial 211 finished with value: 0.2639031723989704 and parameters: {'window_influence': 0.4113924919250994, 'penalty_k': 0.01854682152915956, 'scale_lr': 0.6058140530199962}. Best is trial 182 with value: 0.2821617240343637.
checkpoint_e32 window_influence: 0.40612230549276490, penalty_k: 0.02632401938844222, scale_lr: 0.60797414186604248, EAO: 0.284
Trial 212 finished with value: 0.2844979555868521 and parameters: {'window_influence': 0.4061223054927649, 'penalty_k': 0.026324019388442223, 'scale_lr': 0.6079741418660425}. Best is trial 212 with value: 0.2844979555868521.
checkpoint_e32 window_influence: 0.39331960116804116, penalty_k: 0.00001320934869799, scale_lr: 0.57237610294178409, EAO: 0.256
Trial 213 finished with value: 0.2560030421226974 and parameters: {'window_influence': 0.39331960116804116, 'penalty_k': 1.320934869798577e-05, 'scale_lr': 0.5723761029417841}. Best is trial 212 with value: 0.2844979555868521.
checkpoint_e32 window_influence: 0.24166360874087323, penalty_k: 0.02813255096684494, scale_lr: 0.61814705004408466, EAO: 0.259
Trial 214 finished with value: 0.259453719951273 and parameters: {'window_influence': 0.24166360874087323, 'penalty_k': 0.028132550966844944, 'scale_lr': 0.6181470500440847}. Best is trial 212 with value: 0.2844979555868521.
checkpoint_e32 window_influence: 0.15389782734240348, penalty_k: 0.01238240424392309, scale_lr: 0.63717494308319422, EAO: 0.236
Trial 215 finished with value: 0.2363668176822546 and parameters: {'window_influence': 0.15389782734240348, 'penalty_k': 0.012382404243923088, 'scale_lr': 0.6371749430831942}. Best is trial 212 with value: 0.2844979555868521.
checkpoint_e32 window_influence: 0.36565275814218157, penalty_k: 0.04907423207923577, scale_lr: 0.59621069731695342, EAO: 0.271
Trial 216 finished with value: 0.2708367992465089 and parameters: {'window_influence': 0.36565275814218157, 'penalty_k': 0.049074232079235766, 'scale_lr': 0.5962106973169534}. Best is trial 212 with value: 0.2844979555868521.
checkpoint_e32 window_influence: 0.36870226563870523, penalty_k: 0.05135840534923782, scale_lr: 0.60502239887203013, EAO: 0.256
Trial 217 finished with value: 0.25564665165616246 and parameters: {'window_influence': 0.36870226563870523, 'penalty_k': 0.05135840534923782, 'scale_lr': 0.6050223988720301}. Best is trial 212 with value: 0.2844979555868521.
checkpoint_e32 window_influence: 0.35219835540140443, penalty_k: 0.47217481740106587, scale_lr: 0.58948644607374390, EAO: 0.258
Trial 218 finished with value: 0.2575817315316782 and parameters: {'window_influence': 0.35219835540140443, 'penalty_k': 0.47217481740106587, 'scale_lr': 0.5894864460737439}. Best is trial 212 with value: 0.2844979555868521.
checkpoint_e32 window_influence: 0.38506257704523944, penalty_k: 0.42701282671779817, scale_lr: 0.40356355660574128, EAO: 0.267
Trial 219 finished with value: 0.26662595388365956 and parameters: {'window_influence': 0.38506257704523944, 'penalty_k': 0.42701282671779817, 'scale_lr': 0.4035635566057413}. Best is trial 212 with value: 0.2844979555868521.
checkpoint_e32 window_influence: 0.42401628933838587, penalty_k: 0.04510556854273348, scale_lr: 0.57980660845369780, EAO: 0.272
Trial 220 finished with value: 0.2721907483731828 and parameters: {'window_influence': 0.42401628933838587, 'penalty_k': 0.04510556854273348, 'scale_lr': 0.5798066084536978}. Best is trial 212 with value: 0.2844979555868521.
checkpoint_e32 window_influence: 0.42579750113569786, penalty_k: 0.02804730790614514, scale_lr: 0.55186896793431850, EAO: 0.274
Trial 221 finished with value: 0.27414079852462786 and parameters: {'window_influence': 0.42579750113569786, 'penalty_k': 0.028047307906145142, 'scale_lr': 0.5518689679343185}. Best is trial 212 with value: 0.2844979555868521.
checkpoint_e32 window_influence: 0.42556945223593406, penalty_k: 0.02739309737568902, scale_lr: 0.57024463410950021, EAO: 0.265
Trial 222 finished with value: 0.26549316894232744 and parameters: {'window_influence': 0.42556945223593406, 'penalty_k': 0.02739309737568902, 'scale_lr': 0.5702446341095002}. Best is trial 212 with value: 0.2844979555868521.
checkpoint_e32 window_influence: 0.45488560374621978, penalty_k: 0.04206380663048209, scale_lr: 0.55935005274548644, EAO: 0.259
Trial 223 finished with value: 0.2594645970720586 and parameters: {'window_influence': 0.4548856037462198, 'penalty_k': 0.04206380663048209, 'scale_lr': 0.5593500527454864}. Best is trial 212 with value: 0.2844979555868521.
checkpoint_e32 window_influence: 0.43932884400848216, penalty_k: 0.44684957624571253, scale_lr: 0.54597755662021352, EAO: 0.257
Trial 224 finished with value: 0.25738469129655417 and parameters: {'window_influence': 0.43932884400848216, 'penalty_k': 0.44684957624571253, 'scale_lr': 0.5459775566202135}. Best is trial 212 with value: 0.2844979555868521.
checkpoint_e32 window_influence: 0.40885212784752462, penalty_k: 0.02333311903487980, scale_lr: 0.58234799633753087, EAO: 0.263
Trial 225 finished with value: 0.2633468541430264 and parameters: {'window_influence': 0.4088521278475246, 'penalty_k': 0.0233331190348798, 'scale_lr': 0.5823479963375309}. Best is trial 212 with value: 0.2844979555868521.
checkpoint_e32 window_influence: 0.42127124565307078, penalty_k: 0.01251569897407975, scale_lr: 0.62419954358512630, EAO: 0.272
Trial 226 finished with value: 0.27188438504207424 and parameters: {'window_influence': 0.4212712456530708, 'penalty_k': 0.012515698974079748, 'scale_lr': 0.6241995435851263}. Best is trial 212 with value: 0.2844979555868521.
checkpoint_e32 window_influence: 0.42736161266737355, penalty_k: 0.40588477855237270, scale_lr: 0.61320040587216429, EAO: 0.260
Trial 227 finished with value: 0.2602944929546457 and parameters: {'window_influence': 0.42736161266737355, 'penalty_k': 0.4058847785523727, 'scale_lr': 0.6132004058721643}. Best is trial 212 with value: 0.2844979555868521.
checkpoint_e32 window_influence: 0.41872241405279403, penalty_k: 0.03694068286671529, scale_lr: 0.62744208085657849, EAO: 0.273
Trial 228 finished with value: 0.2732813927700849 and parameters: {'window_influence': 0.41872241405279403, 'penalty_k': 0.03694068286671529, 'scale_lr': 0.6274420808565785}. Best is trial 212 with value: 0.2844979555868521.
checkpoint_e32 window_influence: 0.41872390751596100, penalty_k: 0.03943754112534069, scale_lr: 0.62506760892984103, EAO: 0.258
Trial 229 finished with value: 0.25827001877189654 and parameters: {'window_influence': 0.418723907515961, 'penalty_k': 0.03943754112534069, 'scale_lr': 0.625067608929841}. Best is trial 212 with value: 0.2844979555868521.
checkpoint_e32 window_influence: 0.40065678970119378, penalty_k: 0.06014372758767625, scale_lr: 0.56064487107977845, EAO: 0.260
Trial 230 finished with value: 0.25972928482342544 and parameters: {'window_influence': 0.4006567897011938, 'penalty_k': 0.06014372758767625, 'scale_lr': 0.5606448710797785}. Best is trial 212 with value: 0.2844979555868521.
checkpoint_e32 window_influence: 0.41543133052981646, penalty_k: 0.01187786501348384, scale_lr: 0.63341344605734073, EAO: 0.274
Trial 231 finished with value: 0.2735390064677572 and parameters: {'window_influence': 0.41543133052981646, 'penalty_k': 0.011877865013483837, 'scale_lr': 0.6334134460573407}. Best is trial 212 with value: 0.2844979555868521.
checkpoint_e32 window_influence: 0.41559226298641327, penalty_k: 0.18930220621130822, scale_lr: 0.65392953600702108, EAO: 0.265
Trial 232 finished with value: 0.26480251980748604 and parameters: {'window_influence': 0.4155922629864133, 'penalty_k': 0.18930220621130822, 'scale_lr': 0.6539295360070211}. Best is trial 212 with value: 0.2844979555868521.
checkpoint_e32 window_influence: 0.39780997639639998, penalty_k: 0.02796298395463541, scale_lr: 0.62954706816167760, EAO: 0.262
Trial 233 finished with value: 0.2619928733968153 and parameters: {'window_influence': 0.3978099763964, 'penalty_k': 0.02796298395463541, 'scale_lr': 0.6295470681616776}. Best is trial 212 with value: 0.2844979555868521.
checkpoint_e32 window_influence: 0.41116829698561952, penalty_k: 0.01452561560971122, scale_lr: 0.75153396805832973, EAO: 0.259
Trial 234 finished with value: 0.25886014758086784 and parameters: {'window_influence': 0.4111682969856195, 'penalty_k': 0.014525615609711218, 'scale_lr': 0.7515339680583297}. Best is trial 212 with value: 0.2844979555868521.
checkpoint_e32 window_influence: 0.42313079868934189, penalty_k: 0.03781069080694700, scale_lr: 0.59461896074259901, EAO: 0.270
Trial 235 finished with value: 0.27036765708429056 and parameters: {'window_influence': 0.4231307986893419, 'penalty_k': 0.037810690806947, 'scale_lr': 0.594618960742599}. Best is trial 212 with value: 0.2844979555868521.
checkpoint_e32 window_influence: 0.39257642323701952, penalty_k: 0.55059433201550623, scale_lr: 0.61900201327129767, EAO: 0.258
Trial 236 finished with value: 0.25802512285186024 and parameters: {'window_influence': 0.3925764232370195, 'penalty_k': 0.5505943320155062, 'scale_lr': 0.6190020132712977}. Best is trial 212 with value: 0.2844979555868521.
checkpoint_e32 window_influence: 0.40552730765034478, penalty_k: 0.01194170228432235, scale_lr: 0.67228113512276699, EAO: 0.263
Trial 237 finished with value: 0.26311662102617867 and parameters: {'window_influence': 0.4055273076503448, 'penalty_k': 0.011941702284322347, 'scale_lr': 0.672281135122767}. Best is trial 212 with value: 0.2844979555868521.
checkpoint_e32 window_influence: 0.42944471941017864, penalty_k: 0.39146831737194787, scale_lr: 0.64323938026517913, EAO: 0.259
