Trial 805 finished with value: 0.2583752239380426 and parameters: {'window_influence': 0.41644481548615353, 'penalty_k': 0.06989534959551436, 'scale_lr': 0.14843433481586163}. Best is trial 489 with value: 0.28065862270390113.
checkpoint_e32 window_influence: 0.34640005644930666, penalty_k: 0.27120839054079271, scale_lr: 0.10016243106583211, EAO: 0.257
Trial 806 finished with value: 0.2566592523722145 and parameters: {'window_influence': 0.34640005644930666, 'penalty_k': 0.2712083905407927, 'scale_lr': 0.10016243106583211}. Best is trial 489 with value: 0.28065862270390113.
checkpoint_e32 window_influence: 0.52813368759273172, penalty_k: 0.34275640730790879, scale_lr: 0.24660843180887257, EAO: 0.233
Trial 807 finished with value: 0.23297473654998996 and parameters: {'window_influence': 0.5281336875927317, 'penalty_k': 0.3427564073079088, 'scale_lr': 0.24660843180887257}. Best is trial 489 with value: 0.28065862270390113.
checkpoint_e32 window_influence: 0.60887577298766971, penalty_k: 0.30038734057327021, scale_lr: 0.65938525124629555, EAO: 0.206
Trial 808 finished with value: 0.20636369536320368 and parameters: {'window_influence': 0.6088757729876697, 'penalty_k': 0.3003873405732702, 'scale_lr': 0.6593852512462955}. Best is trial 489 with value: 0.28065862270390113.
checkpoint_e32 window_influence: 0.31085950181609950, penalty_k: 0.20473748721697499, scale_lr: 0.22869474281298277, EAO: 0.271
Trial 809 finished with value: 0.27095090070875677 and parameters: {'window_influence': 0.3108595018160995, 'penalty_k': 0.204737487216975, 'scale_lr': 0.22869474281298277}. Best is trial 489 with value: 0.28065862270390113.
checkpoint_e32 window_influence: 0.63828593635373787, penalty_k: 0.40014662293199232, scale_lr: 0.74472393830817563, EAO: 0.202
Trial 810 finished with value: 0.20163999225308255 and parameters: {'window_influence': 0.6382859363537379, 'penalty_k': 0.4001466229319923, 'scale_lr': 0.7447239383081756}. Best is trial 489 with value: 0.28065862270390113.
checkpoint_e32 window_influence: 0.18765677338241771, penalty_k: 0.47780994003494304, scale_lr: 0.46069225529787083, EAO: 0.244
Trial 811 finished with value: 0.24372148398703675 and parameters: {'window_influence': 0.1876567733824177, 'penalty_k': 0.47780994003494304, 'scale_lr': 0.46069225529787083}. Best is trial 489 with value: 0.28065862270390113.
checkpoint_e32 window_influence: 0.06880832539452603, penalty_k: 0.43721464761538381, scale_lr: 0.39865007720476864, EAO: 0.217
Trial 812 finished with value: 0.21749828907290125 and parameters: {'window_influence': 0.06880832539452603, 'penalty_k': 0.4372146476153838, 'scale_lr': 0.39865007720476864}. Best is trial 489 with value: 0.28065862270390113.
checkpoint_e32 window_influence: 0.32038532660791502, penalty_k: 0.47078221496182227, scale_lr: 0.72625287639603320, EAO: 0.261
Trial 813 finished with value: 0.26054976389902396 and parameters: {'window_influence': 0.320385326607915, 'penalty_k': 0.47078221496182227, 'scale_lr': 0.7262528763960332}. Best is trial 489 with value: 0.28065862270390113.
checkpoint_e32 window_influence: 0.35902723473859460, penalty_k: 0.17003490221894330, scale_lr: 0.17127273342731991, EAO: 0.257
Trial 814 finished with value: 0.2571450074513753 and parameters: {'window_influence': 0.3590272347385946, 'penalty_k': 0.1700349022189433, 'scale_lr': 0.1712727334273199}. Best is trial 489 with value: 0.28065862270390113.
checkpoint_e32 window_influence: 0.07811600299570765, penalty_k: 0.35867781399207921, scale_lr: 0.68663232379724892, EAO: 0.220
Trial 815 finished with value: 0.2201088101762097 and parameters: {'window_influence': 0.07811600299570765, 'penalty_k': 0.3586778139920792, 'scale_lr': 0.6866323237972489}. Best is trial 489 with value: 0.28065862270390113.
checkpoint_e32 window_influence: 0.29651919619085543, penalty_k: 0.04216807659862873, scale_lr: 0.30545151234140350, EAO: 0.250
Trial 816 finished with value: 0.25007589046305756 and parameters: {'window_influence': 0.2965191961908554, 'penalty_k': 0.04216807659862873, 'scale_lr': 0.3054515123414035}. Best is trial 489 with value: 0.28065862270390113.
checkpoint_e32 window_influence: 0.08072259430099549, penalty_k: 0.14038322253409755, scale_lr: 0.60927887359898436, EAO: 0.241
Trial 817 finished with value: 0.24077545427452257 and parameters: {'window_influence': 0.08072259430099549, 'penalty_k': 0.14038322253409755, 'scale_lr': 0.6092788735989844}. Best is trial 489 with value: 0.28065862270390113.
checkpoint_e32 window_influence: 0.33017581180671857, penalty_k: 0.54551195769171301, scale_lr: 0.64766596504279772, EAO: 0.260
Trial 818 finished with value: 0.25984131126869014 and parameters: {'window_influence': 0.33017581180671857, 'penalty_k': 0.545511957691713, 'scale_lr': 0.6476659650427977}. Best is trial 489 with value: 0.28065862270390113.
checkpoint_e32 window_influence: 0.27548921402976262, penalty_k: 0.59778636681905550, scale_lr: 0.33661486965096010, EAO: 0.236
Trial 819 finished with value: 0.23626664014366583 and parameters: {'window_influence': 0.2754892140297626, 'penalty_k': 0.5977863668190555, 'scale_lr': 0.3366148696509601}. Best is trial 489 with value: 0.28065862270390113.
checkpoint_e32 window_influence: 0.31196420564745958, penalty_k: 0.29143102827592438, scale_lr: 0.70303357914990183, EAO: 0.273
Trial 820 finished with value: 0.2727443299036685 and parameters: {'window_influence': 0.3119642056474596, 'penalty_k': 0.2914310282759244, 'scale_lr': 0.7030335791499018}. Best is trial 489 with value: 0.28065862270390113.
checkpoint_e32 window_influence: 0.59293796240414387, penalty_k: 0.32373616206203393, scale_lr: 0.70779837977877702, EAO: 0.215
Trial 821 finished with value: 0.21507710569757757 and parameters: {'window_influence': 0.5929379624041439, 'penalty_k': 0.3237361620620339, 'scale_lr': 0.707798379778777}. Best is trial 489 with value: 0.28065862270390113.
checkpoint_e32 window_influence: 0.33704632147897329, penalty_k: 0.30620996995196653, scale_lr: 0.70174768989778613, EAO: 0.255
Trial 822 finished with value: 0.2550012353595679 and parameters: {'window_influence': 0.3370463214789733, 'penalty_k': 0.30620996995196653, 'scale_lr': 0.7017476898977861}. Best is trial 489 with value: 0.28065862270390113.
checkpoint_e32 window_influence: 0.34958990106904608, penalty_k: 0.37968201667480456, scale_lr: 0.69192322447714050, EAO: 0.259
Trial 823 finished with value: 0.2592828905558198 and parameters: {'window_influence': 0.3495899010690461, 'penalty_k': 0.37968201667480456, 'scale_lr': 0.6919232244771405}. Best is trial 489 with value: 0.28065862270390113.
checkpoint_e32 window_influence: 0.31262060412640047, penalty_k: 0.19246863138028478, scale_lr: 0.71619912176500611, EAO: 0.259
Trial 824 finished with value: 0.25872584280928945 and parameters: {'window_influence': 0.31262060412640047, 'penalty_k': 0.19246863138028478, 'scale_lr': 0.7161991217650061}. Best is trial 489 with value: 0.28065862270390113.
checkpoint_e32 window_influence: 0.37362632555612740, penalty_k: 0.49188702547195057, scale_lr: 0.67448930399730167, EAO: 0.249
Trial 825 finished with value: 0.2494077231825852 and parameters: {'window_influence': 0.3736263255561274, 'penalty_k': 0.49188702547195057, 'scale_lr': 0.6744893039973017}. Best is trial 489 with value: 0.28065862270390113.
checkpoint_e32 window_influence: 0.32694488258609444, penalty_k: 0.29446600339627682, scale_lr: 0.50176632376305941, EAO: 0.257
Trial 826 finished with value: 0.25721121718728446 and parameters: {'window_influence': 0.32694488258609444, 'penalty_k': 0.2944660033962768, 'scale_lr': 0.5017663237630594}. Best is trial 489 with value: 0.28065862270390113.
checkpoint_e32 window_influence: 0.38992366163458997, penalty_k: 0.46453744548134601, scale_lr: 0.55375182509036491, EAO: 0.248
Trial 827 finished with value: 0.2476451211586231 and parameters: {'window_influence': 0.38992366163458997, 'penalty_k': 0.464537445481346, 'scale_lr': 0.5537518250903649}. Best is trial 489 with value: 0.28065862270390113.
checkpoint_e32 window_influence: 0.31326242332393117, penalty_k: 0.11358855747974161, scale_lr: 0.73700648041383110, EAO: 0.258
Trial 828 finished with value: 0.25837196748915725 and parameters: {'window_influence': 0.31326242332393117, 'penalty_k': 0.11358855747974161, 'scale_lr': 0.7370064804138311}. Best is trial 489 with value: 0.28065862270390113.
checkpoint_e32 window_influence: 0.40190788750655149, penalty_k: 0.05328916198738645, scale_lr: 0.72423404562613281, EAO: 0.256
Trial 829 finished with value: 0.25605151681153754 and parameters: {'window_influence': 0.4019078875065515, 'penalty_k': 0.05328916198738645, 'scale_lr': 0.7242340456261328}. Best is trial 489 with value: 0.28065862270390113.
checkpoint_e32 window_influence: 0.14333244008112264, penalty_k: 0.15130937557458679, scale_lr: 0.78468121470537566, EAO: 0.255
Trial 830 finished with value: 0.2549180757345223 and parameters: {'window_influence': 0.14333244008112264, 'penalty_k': 0.1513093755745868, 'scale_lr': 0.7846812147053757}. Best is trial 489 with value: 0.28065862270390113.
checkpoint_e32 window_influence: 0.45256426028871538, penalty_k: 0.31818141668074307, scale_lr: 0.76147477823315524, EAO: 0.261
Trial 831 finished with value: 0.2609398057911454 and parameters: {'window_influence': 0.4525642602887154, 'penalty_k': 0.31818141668074307, 'scale_lr': 0.7614747782331552}. Best is trial 489 with value: 0.28065862270390113.
checkpoint_e32 window_influence: 0.28984957929501953, penalty_k: 0.33292149020644435, scale_lr: 0.66479516618437329, EAO: 0.266
Trial 832 finished with value: 0.26590174297249414 and parameters: {'window_influence': 0.28984957929501953, 'penalty_k': 0.33292149020644435, 'scale_lr': 0.6647951661843733}. Best is trial 489 with value: 0.28065862270390113.
checkpoint_e32 window_influence: 0.58774192929880087, penalty_k: 0.17810624576375927, scale_lr: 0.70169544355571389, EAO: 0.220
Trial 833 finished with value: 0.21966389360708918 and parameters: {'window_influence': 0.5877419292988009, 'penalty_k': 0.17810624576375927, 'scale_lr': 0.7016954435557139}. Best is trial 489 with value: 0.28065862270390113.
checkpoint_e32 window_influence: 0.36240560315846693, penalty_k: 0.08209612667812405, scale_lr: 0.11827246489015716, EAO: 0.262
Trial 834 finished with value: 0.2620343822773879 and parameters: {'window_influence': 0.3624056031584669, 'penalty_k': 0.08209612667812405, 'scale_lr': 0.11827246489015716}. Best is trial 489 with value: 0.28065862270390113.
checkpoint_e32 window_influence: 0.34452230866997252, penalty_k: 0.31038852823050772, scale_lr: 0.19023433743609261, EAO: 0.265
Trial 835 finished with value: 0.26465013447573515 and parameters: {'window_influence': 0.3445223086699725, 'penalty_k': 0.3103885282305077, 'scale_lr': 0.1902343374360926}. Best is trial 489 with value: 0.28065862270390113.
checkpoint_e32 window_influence: 0.30594616805207442, penalty_k: 0.22128525334720273, scale_lr: 0.63532089863612407, EAO: 0.271
Trial 836 finished with value: 0.2713201219836871 and parameters: {'window_influence': 0.3059461680520744, 'penalty_k': 0.22128525334720273, 'scale_lr': 0.6353208986361241}. Best is trial 489 with value: 0.28065862270390113.
checkpoint_e32 window_influence: 0.32563259668243250, penalty_k: 0.01167075783051181, scale_lr: 0.68541469759291018, EAO: 0.264
Trial 837 finished with value: 0.26378375885447836 and parameters: {'window_influence': 0.3256325966824325, 'penalty_k': 0.011670757830511806, 'scale_lr': 0.6854146975929102}. Best is trial 489 with value: 0.28065862270390113.
checkpoint_e32 window_influence: 0.37928953257075532, penalty_k: 0.28853892753202059, scale_lr: 0.20626819481826225, EAO: 0.269
Trial 838 finished with value: 0.26949699743976435 and parameters: {'window_influence': 0.3792895325707553, 'penalty_k': 0.2885389275320206, 'scale_lr': 0.20626819481826225}. Best is trial 489 with value: 0.28065862270390113.
checkpoint_e32 window_influence: 0.26209697480923938, penalty_k: 0.34983931720221001, scale_lr: 0.52195664100495220, EAO: 0.252
Trial 839 finished with value: 0.2520164642028692 and parameters: {'window_influence': 0.2620969748092394, 'penalty_k': 0.34983931720221, 'scale_lr': 0.5219566410049522}. Best is trial 489 with value: 0.28065862270390113.
checkpoint_e32 window_influence: 0.42141137824775265, penalty_k: 0.16358816089475767, scale_lr: 0.16039003974551685, EAO: 0.254
Trial 840 finished with value: 0.2540306468925825 and parameters: {'window_influence': 0.42141137824775265, 'penalty_k': 0.16358816089475767, 'scale_lr': 0.16039003974551685}. Best is trial 489 with value: 0.28065862270390113.
checkpoint_e32 window_influence: 0.33699231549296954, penalty_k: 0.02840240380831566, scale_lr: 0.12989711668220560, EAO: 0.259
Trial 841 finished with value: 0.2590854525323806 and parameters: {'window_influence': 0.33699231549296954, 'penalty_k': 0.028402403808315657, 'scale_lr': 0.1298971166822056}. Best is trial 489 with value: 0.28065862270390113.
checkpoint_e32 window_influence: 0.29797836005257333, penalty_k: 0.26866197376372142, scale_lr: 0.75154477142311571, EAO: 0.258
Trial 842 finished with value: 0.25758956287934526 and parameters: {'window_influence': 0.29797836005257333, 'penalty_k': 0.2686619737637214, 'scale_lr': 0.7515447714231157}. Best is trial 489 with value: 0.28065862270390113.
checkpoint_e32 window_influence: 0.31727559949389605, penalty_k: 0.56746779346759713, scale_lr: 0.38626616562168942, EAO: 0.251
Trial 843 finished with value: 0.2514006516676608 and parameters: {'window_influence': 0.31727559949389605, 'penalty_k': 0.5674677934675971, 'scale_lr': 0.3862661656216894}. Best is trial 489 with value: 0.28065862270390113.
checkpoint_e32 window_influence: 0.54087734710381152, penalty_k: 0.40969765454370172, scale_lr: 0.62339779231629755, EAO: 0.234
Trial 844 finished with value: 0.2341171406148895 and parameters: {'window_influence': 0.5408773471038115, 'penalty_k': 0.4096976545437017, 'scale_lr': 0.6233977923162975}. Best is trial 489 with value: 0.28065862270390113.
checkpoint_e32 window_influence: 0.62783430155640119, penalty_k: 0.29903328428611065, scale_lr: 0.42523877624926676, EAO: 0.212
Trial 845 finished with value: 0.21246889960475085 and parameters: {'window_influence': 0.6278343015564012, 'penalty_k': 0.29903328428611065, 'scale_lr': 0.42523877624926676}. Best is trial 489 with value: 0.28065862270390113.
checkpoint_e32 window_influence: 0.27880015813793246, penalty_k: 0.33674719913898460, scale_lr: 0.65909612049818067, EAO: 0.261
Trial 846 finished with value: 0.261240609838226 and parameters: {'window_influence': 0.27880015813793246, 'penalty_k': 0.3367471991389846, 'scale_lr': 0.6590961204981807}. Best is trial 489 with value: 0.28065862270390113.
checkpoint_e32 window_influence: 0.35689124119445725, penalty_k: 0.13099090068788960, scale_lr: 0.56963069106146269, EAO: 0.264
Trial 847 finished with value: 0.26425152756576614 and parameters: {'window_influence': 0.35689124119445725, 'penalty_k': 0.1309909006878896, 'scale_lr': 0.5696306910614627}. Best is trial 489 with value: 0.28065862270390113.
checkpoint_e32 window_influence: 0.57853684250773707, penalty_k: 0.19694609203374136, scale_lr: 0.47751181384864688, EAO: 0.225
Trial 848 finished with value: 0.22499040774698179 and parameters: {'window_influence': 0.5785368425077371, 'penalty_k': 0.19694609203374136, 'scale_lr': 0.4775118138486469}. Best is trial 489 with value: 0.28065862270390113.
checkpoint_e32 window_influence: 0.30656619789902528, penalty_k: 0.27948923807604442, scale_lr: 0.77382758916820116, EAO: 0.260
Trial 849 finished with value: 0.259995796755562 and parameters: {'window_influence': 0.3065661978990253, 'penalty_k': 0.2794892380760444, 'scale_lr': 0.7738275891682012}. Best is trial 489 with value: 0.28065862270390113.
checkpoint_e32 window_influence: 0.06461987758963317, penalty_k: 0.09920433761405992, scale_lr: 0.71965655246077198, EAO: 0.239
Trial 850 finished with value: 0.2391979819754275 and parameters: {'window_influence': 0.06461987758963317, 'penalty_k': 0.09920433761405992, 'scale_lr': 0.719656552460772}. Best is trial 489 with value: 0.28065862270390113.
checkpoint_e32 window_influence: 0.34776965649333325, penalty_k: 0.23483439085608801, scale_lr: 0.17675554823377501, EAO: 0.260
Trial 851 finished with value: 0.26044711149562666 and parameters: {'window_influence': 0.34776965649333325, 'penalty_k': 0.234834390856088, 'scale_lr': 0.176755548233775}. Best is trial 489 with value: 0.28065862270390113.
checkpoint_e32 window_influence: 0.32331114192897314, penalty_k: 0.32134031093748305, scale_lr: 0.67860903351644031, EAO: 0.258
Trial 852 finished with value: 0.25817496577898663 and parameters: {'window_influence': 0.32331114192897314, 'penalty_k': 0.32134031093748305, 'scale_lr': 0.6786090335164403}. Best is trial 489 with value: 0.28065862270390113.
checkpoint_e32 window_influence: 0.36736140261652350, penalty_k: 0.14732007452167603, scale_lr: 0.36484033127477600, EAO: 0.254
Trial 853 finished with value: 0.254372796089184 and parameters: {'window_influence': 0.3673614026165235, 'penalty_k': 0.14732007452167603, 'scale_lr': 0.364840331274776}. Best is trial 489 with value: 0.28065862270390113.
checkpoint_e32 window_influence: 0.28868292632849174, penalty_k: 0.06153829990652594, scale_lr: 0.59882461418032762, EAO: 0.251
Trial 854 finished with value: 0.25111818240910044 and parameters: {'window_influence': 0.28868292632849174, 'penalty_k': 0.06153829990652594, 'scale_lr': 0.5988246141803276}. Best is trial 489 with value: 0.28065862270390113.
checkpoint_e32 window_influence: 0.24855990425222665, penalty_k: 0.11908044165436793, scale_lr: 0.34188722308391889, EAO: 0.257
Trial 855 finished with value: 0.25720925792688276 and parameters: {'window_influence': 0.24855990425222665, 'penalty_k': 0.11908044165436793, 'scale_lr': 0.3418872230839189}. Best is trial 489 with value: 0.28065862270390113.
checkpoint_e32 window_influence: 0.49211764491497179, penalty_k: 0.30448209121905917, scale_lr: 0.73640891503056227, EAO: 0.245
Trial 856 finished with value: 0.24483988936839066 and parameters: {'window_influence': 0.4921176449149718, 'penalty_k': 0.30448209121905917, 'scale_lr': 0.7364089150305623}. Best is trial 489 with value: 0.28065862270390113.
checkpoint_e32 window_influence: 0.22637622244065000, penalty_k: 0.37320509324678169, scale_lr: 0.69786069136332585, EAO: 0.250
Trial 857 finished with value: 0.2501060163708237 and parameters: {'window_influence': 0.22637622244065, 'penalty_k': 0.3732050932467817, 'scale_lr': 0.6978606913633258}. Best is trial 489 with value: 0.28065862270390113.
checkpoint_e32 window_influence: 0.33404006425762794, penalty_k: 0.57980381202849141, scale_lr: 0.57884485486255421, EAO: 0.248
Trial 858 finished with value: 0.24789537410668241 and parameters: {'window_influence': 0.33404006425762794, 'penalty_k': 0.5798038120284914, 'scale_lr': 0.5788448548625542}. Best is trial 489 with value: 0.28065862270390113.
checkpoint_e32 window_influence: 0.29956739956790146, penalty_k: 0.18200334240949390, scale_lr: 0.21010008218139781, EAO: 0.268
Trial 859 finished with value: 0.2676550847728078 and parameters: {'window_influence': 0.29956739956790146, 'penalty_k': 0.1820033424094939, 'scale_lr': 0.2101000821813978}. Best is trial 489 with value: 0.28065862270390113.
checkpoint_e32 window_influence: 0.38605965374172518, penalty_k: 0.21174909830287400, scale_lr: 0.53885507068583283, EAO: 0.269
Trial 860 finished with value: 0.26879878269463053 and parameters: {'window_influence': 0.3860596537417252, 'penalty_k': 0.211749098302874, 'scale_lr': 0.5388550706858328}. Best is trial 489 with value: 0.28065862270390113.
checkpoint_e32 window_influence: 0.46408970203542532, penalty_k: 0.29291127112588317, scale_lr: 0.78496064006341937, EAO: 0.258
Trial 861 finished with value: 0.2575529807709097 and parameters: {'window_influence': 0.4640897020354253, 'penalty_k': 0.29291127112588317, 'scale_lr': 0.7849606400634194}. Best is trial 489 with value: 0.28065862270390113.
checkpoint_e32 window_influence: 0.62168856099416903, penalty_k: 0.31725910413823327, scale_lr: 0.65119204244345419, EAO: 0.209
Trial 862 finished with value: 0.20942976386324177 and parameters: {'window_influence': 0.621688560994169, 'penalty_k': 0.31725910413823327, 'scale_lr': 0.6511920424434542}. Best is trial 489 with value: 0.28065862270390113.
checkpoint_e32 window_influence: 0.43003394988527893, penalty_k: 0.25533859987990526, scale_lr: 0.14188065513453577, EAO: 0.261
Trial 863 finished with value: 0.261187280399528 and parameters: {'window_influence': 0.43003394988527893, 'penalty_k': 0.25533859987990526, 'scale_lr': 0.14188065513453577}. Best is trial 489 with value: 0.28065862270390113.
checkpoint_e32 window_influence: 0.27158978233712927, penalty_k: 0.49968547106688699, scale_lr: 0.18780915960820080, EAO: 0.246
Trial 864 finished with value: 0.24577511889420875 and parameters: {'window_influence': 0.27158978233712927, 'penalty_k': 0.499685471066887, 'scale_lr': 0.1878091596082008}. Best is trial 489 with value: 0.28065862270390113.
checkpoint_e32 window_influence: 0.31617160886014406, penalty_k: 0.15635783325384395, scale_lr: 0.21929742188379900, EAO: 0.261
Trial 865 finished with value: 0.2606953188050084 and parameters: {'window_influence': 0.31617160886014406, 'penalty_k': 0.15635783325384395, 'scale_lr': 0.219297421883799}. Best is trial 489 with value: 0.28065862270390113.
checkpoint_e32 window_influence: 0.20233398407297651, penalty_k: 0.32791237762094844, scale_lr: 0.71567727703583861, EAO: 0.242
Trial 866 finished with value: 0.24243560239551512 and parameters: {'window_influence': 0.2023339840729765, 'penalty_k': 0.32791237762094844, 'scale_lr': 0.7156772770358386}. Best is trial 489 with value: 0.28065862270390113.
checkpoint_e32 window_influence: 0.28267143851205123, penalty_k: 0.54762476494826484, scale_lr: 0.66997365800321573, EAO: 0.252
