Trial 455 finished with value: 0.2509807889781347 and parameters: {'window_influence': 0.45588686605331, 'penalty_k': 0.170708082598473, 'scale_lr': 0.27666719853478483}. Best is trial 185 with value: 0.27577401194872897.
checkpoint_e39 window_influence: 0.42121117920929790, penalty_k: 0.27377526682061198, scale_lr: 0.73987947591839898, EAO: 0.259
Trial 456 finished with value: 0.25939520224323115 and parameters: {'window_influence': 0.4212111792092979, 'penalty_k': 0.273775266820612, 'scale_lr': 0.739879475918399}. Best is trial 185 with value: 0.27577401194872897.
checkpoint_e39 window_influence: 0.47504815907801184, penalty_k: 0.30111403918412410, scale_lr: 0.35477084089356709, EAO: 0.260
Trial 457 finished with value: 0.2600527835207257 and parameters: {'window_influence': 0.47504815907801184, 'penalty_k': 0.3011140391841241, 'scale_lr': 0.3547708408935671}. Best is trial 185 with value: 0.27577401194872897.
checkpoint_e39 window_influence: 0.44021698620735361, penalty_k: 0.26094941544767380, scale_lr: 0.69275072626529943, EAO: 0.271
Trial 458 finished with value: 0.2708969786763191 and parameters: {'window_influence': 0.4402169862073536, 'penalty_k': 0.2609494154476738, 'scale_lr': 0.6927507262652994}. Best is trial 185 with value: 0.27577401194872897.
checkpoint_e39 window_influence: 0.54365834432850035, penalty_k: 0.26717558140427045, scale_lr: 0.70503492005643098, EAO: 0.234
Trial 459 finished with value: 0.23377849155567526 and parameters: {'window_influence': 0.5436583443285004, 'penalty_k': 0.26717558140427045, 'scale_lr': 0.705034920056431}. Best is trial 185 with value: 0.27577401194872897.
checkpoint_e39 window_influence: 0.44524409655003927, penalty_k: 0.28186878010764360, scale_lr: 0.69206940968530717, EAO: 0.263
Trial 460 finished with value: 0.2631130947208986 and parameters: {'window_influence': 0.44524409655003927, 'penalty_k': 0.2818687801076436, 'scale_lr': 0.6920694096853072}. Best is trial 185 with value: 0.27577401194872897.
checkpoint_e39 window_influence: 0.45923835425736581, penalty_k: 0.20235903654588613, scale_lr: 0.72051496864840170, EAO: 0.258
Trial 461 finished with value: 0.25800824874058004 and parameters: {'window_influence': 0.4592383542573658, 'penalty_k': 0.20235903654588613, 'scale_lr': 0.7205149686484017}. Best is trial 185 with value: 0.27577401194872897.
checkpoint_e39 window_influence: 0.64669973268035696, penalty_k: 0.24563256391332872, scale_lr: 0.73143179131121405, EAO: 0.203
Trial 462 finished with value: 0.2030147683571994 and parameters: {'window_influence': 0.646699732680357, 'penalty_k': 0.24563256391332872, 'scale_lr': 0.731431791311214}. Best is trial 185 with value: 0.27577401194872897.
checkpoint_e39 window_influence: 0.55801802797630506, penalty_k: 0.22777605740859747, scale_lr: 0.79930822839118887, EAO: 0.233
Trial 463 finished with value: 0.23281722049402997 and parameters: {'window_influence': 0.5580180279763051, 'penalty_k': 0.22777605740859747, 'scale_lr': 0.7993082283911889}. Best is trial 185 with value: 0.27577401194872897.
checkpoint_e39 window_influence: 0.40036533464831048, penalty_k: 0.25798060495556463, scale_lr: 0.77911376847459679, EAO: 0.258
Trial 464 finished with value: 0.25773431027565546 and parameters: {'window_influence': 0.4003653346483105, 'penalty_k': 0.25798060495556463, 'scale_lr': 0.7791137684745968}. Best is trial 185 with value: 0.27577401194872897.
checkpoint_e39 window_influence: 0.43636197300162105, penalty_k: 0.28983506787097607, scale_lr: 0.75661590782767307, EAO: 0.266
Trial 465 finished with value: 0.26585981389129065 and parameters: {'window_influence': 0.43636197300162105, 'penalty_k': 0.28983506787097607, 'scale_lr': 0.7566159078276731}. Best is trial 185 with value: 0.27577401194872897.
checkpoint_e39 window_influence: 0.49596063525066614, penalty_k: 0.23363375092395056, scale_lr: 0.68784220780434102, EAO: 0.249
Trial 466 finished with value: 0.24875062310356436 and parameters: {'window_influence': 0.49596063525066614, 'penalty_k': 0.23363375092395056, 'scale_lr': 0.687842207804341}. Best is trial 185 with value: 0.27577401194872897.
checkpoint_e39 window_influence: 0.46609733012682841, penalty_k: 0.24818712227118223, scale_lr: 0.70220923353862119, EAO: 0.266
Trial 467 finished with value: 0.26578725274743104 and parameters: {'window_influence': 0.4660973301268284, 'penalty_k': 0.24818712227118223, 'scale_lr': 0.7022092335386212}. Best is trial 185 with value: 0.27577401194872897.
checkpoint_e39 window_influence: 0.32305309860881493, penalty_k: 0.07606328810541788, scale_lr: 0.67792134287971617, EAO: 0.248
Trial 468 finished with value: 0.2484259985811342 and parameters: {'window_influence': 0.3230530986088149, 'penalty_k': 0.07606328810541788, 'scale_lr': 0.6779213428797162}. Best is trial 185 with value: 0.27577401194872897.
checkpoint_e39 window_influence: 0.44989122532372361, penalty_k: 0.26287175746948055, scale_lr: 0.71326063911985604, EAO: 0.263
Trial 469 finished with value: 0.2631240238746007 and parameters: {'window_influence': 0.4498912253237236, 'penalty_k': 0.26287175746948055, 'scale_lr': 0.713260639119856}. Best is trial 185 with value: 0.27577401194872897.
checkpoint_e39 window_influence: 0.42400058820656722, penalty_k: 0.21656203448314704, scale_lr: 0.78461795264479184, EAO: 0.269
Trial 470 finished with value: 0.2688246016216472 and parameters: {'window_influence': 0.4240005882065672, 'penalty_k': 0.21656203448314704, 'scale_lr': 0.7846179526447918}. Best is trial 185 with value: 0.27577401194872897.
checkpoint_e39 window_influence: 0.38145114579369827, penalty_k: 0.27395460260115739, scale_lr: 0.62465035245583989, EAO: 0.259
Trial 471 finished with value: 0.25887446826308724 and parameters: {'window_influence': 0.38145114579369827, 'penalty_k': 0.2739546026011574, 'scale_lr': 0.6246503524558399}. Best is trial 185 with value: 0.27577401194872897.
checkpoint_e39 window_influence: 0.41051040323860444, penalty_k: 0.23585151410458813, scale_lr: 0.69417786612121291, EAO: 0.267
Trial 472 finished with value: 0.26668603167058974 and parameters: {'window_influence': 0.41051040323860444, 'penalty_k': 0.23585151410458813, 'scale_lr': 0.6941778661212129}. Best is trial 185 with value: 0.27577401194872897.
checkpoint_e39 window_influence: 0.43934068720183683, penalty_k: 0.25757711844316378, scale_lr: 0.72695199257080523, EAO: 0.269
Trial 473 finished with value: 0.2686541944257612 and parameters: {'window_influence': 0.43934068720183683, 'penalty_k': 0.2575771184431638, 'scale_lr': 0.7269519925708052}. Best is trial 185 with value: 0.27577401194872897.
checkpoint_e39 window_influence: 0.29453716865081769, penalty_k: 0.38816225319623171, scale_lr: 0.75008935098132268, EAO: 0.249
Trial 474 finished with value: 0.24881760236935888 and parameters: {'window_influence': 0.2945371686508177, 'penalty_k': 0.3881622531962317, 'scale_lr': 0.7500893509813227}. Best is trial 185 with value: 0.27577401194872897.
checkpoint_e39 window_influence: 0.44845532764326401, penalty_k: 0.24777725407990092, scale_lr: 0.66872410916787450, EAO: 0.263
Trial 475 finished with value: 0.262842696190365 and parameters: {'window_influence': 0.448455327643264, 'penalty_k': 0.24777725407990092, 'scale_lr': 0.6687241091678745}. Best is trial 185 with value: 0.27577401194872897.
checkpoint_e39 window_influence: 0.48275821773274019, penalty_k: 0.22414258824855743, scale_lr: 0.49154655859022783, EAO: 0.259
Trial 476 finished with value: 0.2589904175904708 and parameters: {'window_influence': 0.4827582177327402, 'penalty_k': 0.22414258824855743, 'scale_lr': 0.49154655859022783}. Best is trial 185 with value: 0.27577401194872897.
checkpoint_e39 window_influence: 0.43175958704335615, penalty_k: 0.18866243927538315, scale_lr: 0.51541748741098226, EAO: 0.262
Trial 477 finished with value: 0.2622606306056666 and parameters: {'window_influence': 0.43175958704335615, 'penalty_k': 0.18866243927538315, 'scale_lr': 0.5154174874109823}. Best is trial 185 with value: 0.27577401194872897.
checkpoint_e39 window_influence: 0.31683034206473354, penalty_k: 0.31123166832171267, scale_lr: 0.70467860194706267, EAO: 0.249
Trial 478 finished with value: 0.24949617593026743 and parameters: {'window_influence': 0.31683034206473354, 'penalty_k': 0.3112316683217127, 'scale_lr': 0.7046786019470627}. Best is trial 185 with value: 0.27577401194872897.
checkpoint_e39 window_influence: 0.22632680265217170, penalty_k: 0.28096192998827341, scale_lr: 0.43374955197543053, EAO: 0.264
Trial 479 finished with value: 0.263776305972076 and parameters: {'window_influence': 0.2263268026521717, 'penalty_k': 0.2809619299882734, 'scale_lr': 0.4337495519754305}. Best is trial 185 with value: 0.27577401194872897.
checkpoint_e39 window_influence: 0.45402269577266530, penalty_k: 0.42887656008300623, scale_lr: 0.59316266021046227, EAO: 0.255
Trial 480 finished with value: 0.2553565869244134 and parameters: {'window_influence': 0.4540226957726653, 'penalty_k': 0.42887656008300623, 'scale_lr': 0.5931626602104623}. Best is trial 185 with value: 0.27577401194872897.
checkpoint_e39 window_influence: 0.41871700321523703, penalty_k: 0.24077726647408482, scale_lr: 0.68314965399061478, EAO: 0.268
Trial 481 finished with value: 0.268336606582975 and parameters: {'window_influence': 0.418717003215237, 'penalty_k': 0.24077726647408482, 'scale_lr': 0.6831496539906148}. Best is trial 185 with value: 0.27577401194872897.
checkpoint_e39 window_influence: 0.43863423684613462, penalty_k: 0.26443498102741170, scale_lr: 0.39831964813996057, EAO: 0.261
Trial 482 finished with value: 0.26107794312926813 and parameters: {'window_influence': 0.4386342368461346, 'penalty_k': 0.2644349810274117, 'scale_lr': 0.39831964813996057}. Best is trial 185 with value: 0.27577401194872897.
checkpoint_e39 window_influence: 0.46664830226222159, penalty_k: 0.53292584570956825, scale_lr: 0.63802647791307721, EAO: 0.261
Trial 483 finished with value: 0.2610050285977077 and parameters: {'window_influence': 0.4666483022622216, 'penalty_k': 0.5329258457095682, 'scale_lr': 0.6380264779130772}. Best is trial 185 with value: 0.27577401194872897.
checkpoint_e39 window_influence: 0.39368152956531588, penalty_k: 0.29456650049227773, scale_lr: 0.65953815725534859, EAO: 0.251
Trial 484 finished with value: 0.2510954069533968 and parameters: {'window_influence': 0.3936815295653159, 'penalty_k': 0.2945665004922777, 'scale_lr': 0.6595381572553486}. Best is trial 185 with value: 0.27577401194872897.
checkpoint_e39 window_influence: 0.46012172073781149, penalty_k: 0.19987153668563812, scale_lr: 0.71339374939346323, EAO: 0.256
Trial 485 finished with value: 0.25572163163404155 and parameters: {'window_influence': 0.4601217207378115, 'penalty_k': 0.19987153668563812, 'scale_lr': 0.7133937493934632}. Best is trial 185 with value: 0.27577401194872897.
checkpoint_e39 window_influence: 0.42860398936682709, penalty_k: 0.25684938668840496, scale_lr: 0.69156742858600451, EAO: 0.263
Trial 486 finished with value: 0.2626711749206714 and parameters: {'window_influence': 0.4286039893668271, 'penalty_k': 0.25684938668840496, 'scale_lr': 0.6915674285860045}. Best is trial 185 with value: 0.27577401194872897.
checkpoint_e39 window_influence: 0.44686048969137532, penalty_k: 0.22894534006646486, scale_lr: 0.73567294869927402, EAO: 0.261
Trial 487 finished with value: 0.26081483635475966 and parameters: {'window_influence': 0.4468604896913753, 'penalty_k': 0.22894534006646486, 'scale_lr': 0.735672948699274}. Best is trial 185 with value: 0.27577401194872897.
checkpoint_e39 window_influence: 0.41149186104918584, penalty_k: 0.24376193230643825, scale_lr: 0.53943643874125935, EAO: 0.258
Trial 488 finished with value: 0.2580528174473987 and parameters: {'window_influence': 0.41149186104918584, 'penalty_k': 0.24376193230643825, 'scale_lr': 0.5394364387412593}. Best is trial 185 with value: 0.27577401194872897.
checkpoint_e39 window_influence: 0.47673242219620160, penalty_k: 0.27330441786802850, scale_lr: 0.76887031386172677, EAO: 0.258
Trial 489 finished with value: 0.2584378842900439 and parameters: {'window_influence': 0.4767324221962016, 'penalty_k': 0.2733044178680285, 'scale_lr': 0.7688703138617268}. Best is trial 185 with value: 0.27577401194872897.
checkpoint_e39 window_influence: 0.43457952601428951, penalty_k: 0.21888568950032922, scale_lr: 0.68051902113154517, EAO: 0.269
Trial 490 finished with value: 0.2690248102918873 and parameters: {'window_influence': 0.4345795260142895, 'penalty_k': 0.21888568950032922, 'scale_lr': 0.6805190211315452}. Best is trial 185 with value: 0.27577401194872897.
checkpoint_e39 window_influence: 0.45514566250963262, penalty_k: 0.12088169470705076, scale_lr: 0.45525319460588126, EAO: 0.262
Trial 491 finished with value: 0.2619353214172813 and parameters: {'window_influence': 0.4551456625096326, 'penalty_k': 0.12088169470705076, 'scale_lr': 0.45525319460588126}. Best is trial 185 with value: 0.27577401194872897.
checkpoint_e39 window_influence: 0.57678172056906629, penalty_k: 0.34527927781521417, scale_lr: 0.70687990345206353, EAO: 0.233
Trial 492 finished with value: 0.23337206862321713 and parameters: {'window_influence': 0.5767817205690663, 'penalty_k': 0.34527927781521417, 'scale_lr': 0.7068799034520635}. Best is trial 185 with value: 0.27577401194872897.
checkpoint_e39 window_influence: 0.52011201757914005, penalty_k: 0.36511414753282484, scale_lr: 0.48077487332052193, EAO: 0.247
Trial 493 finished with value: 0.24663292840728915 and parameters: {'window_influence': 0.52011201757914, 'penalty_k': 0.36511414753282484, 'scale_lr': 0.48077487332052193}. Best is trial 185 with value: 0.27577401194872897.
checkpoint_e39 window_influence: 0.46709671416660181, penalty_k: 0.48809559464095253, scale_lr: 0.72330815882007071, EAO: 0.250
Trial 494 finished with value: 0.24967233963855884 and parameters: {'window_influence': 0.4670967141666018, 'penalty_k': 0.48809559464095253, 'scale_lr': 0.7233081588200707}. Best is trial 185 with value: 0.27577401194872897.
Trial 495 failed with parameters: {'window_influence': 0.4437654752669037, 'penalty_k': 0.12341594773767742, 'scale_lr': 0.6695628155807068} because of the following error: KeyboardInterrupt().
Traceback (most recent call last):
  File "/home/n26092289/anaconda3/envs/my_siamban/lib/python3.7/site-packages/optuna/study/_optimize.py", line 200, in _run_trial
    value_or_values = func(trial)
  File "../../tools/tune.py", line 269, in objective
    outputs = tracker.track(img)
  File "../../tools/tune.py", line 125, in track
    outputs = self.model.track(x_crop)
  File "/home/n26092289/multi_task/siamban-master/siamban/models/model_builder.py", line 178, in track
    if cfg.ADJUST.ADJUST:
  File "/home/n26092289/anaconda3/envs/my_siamban/lib/python3.7/site-packages/torch/nn/modules/module.py", line 1110, in _call_impl
    return forward_call(*input, **kwargs)
  File "/home/n26092289/multi_task/siamban-master/siamban/models/backbone/resnet_atrous.py", line 194, in forward
    p4 = self.layer4(p3)
  File "/home/n26092289/anaconda3/envs/my_siamban/lib/python3.7/site-packages/torch/nn/modules/module.py", line 1110, in _call_impl
    return forward_call(*input, **kwargs)
  File "/home/n26092289/anaconda3/envs/my_siamban/lib/python3.7/site-packages/torch/nn/modules/container.py", line 141, in forward
    input = module(input)
  File "/home/n26092289/anaconda3/envs/my_siamban/lib/python3.7/site-packages/torch/nn/modules/module.py", line 1110, in _call_impl
    return forward_call(*input, **kwargs)
  File "/home/n26092289/multi_task/siamban-master/siamban/models/backbone/resnet_atrous.py", line 100, in forward
    out = self.conv3(out)
  File "/home/n26092289/anaconda3/envs/my_siamban/lib/python3.7/site-packages/torch/nn/modules/module.py", line 1110, in _call_impl
    return forward_call(*input, **kwargs)
  File "/home/n26092289/anaconda3/envs/my_siamban/lib/python3.7/site-packages/torch/nn/modules/conv.py", line 447, in forward
    return self._conv_forward(input, self.weight, self.bias)
  File "/home/n26092289/anaconda3/envs/my_siamban/lib/python3.7/site-packages/torch/nn/modules/conv.py", line 444, in _conv_forward
    self.padding, self.dilation, self.groups)
KeyboardInterrupt
Trial 495 failed with value None.
