Trial 433 finished with value: 0.2681898481356419 and parameters: {'window_influence': 0.301629997922338, 'penalty_k': 0.08160836483084645, 'scale_lr': 0.2657539190694703}. Best is trial 172 with value: 0.2898540811810067.
checkpoint_e30 window_influence: 0.15972045313296937, penalty_k: 0.09612039233080835, scale_lr: 0.79918037844569956, EAO: 0.253
Trial 434 finished with value: 0.2530192028943116 and parameters: {'window_influence': 0.15972045313296937, 'penalty_k': 0.09612039233080835, 'scale_lr': 0.7991803784456996}. Best is trial 172 with value: 0.2898540811810067.
checkpoint_e30 window_influence: 0.63096166720375280, penalty_k: 0.05349836538488153, scale_lr: 0.53665726260910129, EAO: 0.226
Trial 435 finished with value: 0.22562263815141306 and parameters: {'window_influence': 0.6309616672037528, 'penalty_k': 0.05349836538488153, 'scale_lr': 0.5366572626091013}. Best is trial 172 with value: 0.2898540811810067.
checkpoint_e30 window_influence: 0.34807968207295026, penalty_k: 0.21414434997303933, scale_lr: 0.50280117645281952, EAO: 0.276
Trial 436 finished with value: 0.27561995447651155 and parameters: {'window_influence': 0.34807968207295026, 'penalty_k': 0.21414434997303933, 'scale_lr': 0.5028011764528195}. Best is trial 172 with value: 0.2898540811810067.
checkpoint_e30 window_influence: 0.37582066663327041, penalty_k: 0.11774942431028909, scale_lr: 0.28589637333706169, EAO: 0.283
Trial 437 finished with value: 0.2827094334170101 and parameters: {'window_influence': 0.3758206666332704, 'penalty_k': 0.11774942431028909, 'scale_lr': 0.2858963733370617}. Best is trial 172 with value: 0.2898540811810067.
checkpoint_e30 window_influence: 0.31771369068438643, penalty_k: 0.12343025528699667, scale_lr: 0.30420025079854734, EAO: 0.264
Trial 438 finished with value: 0.2635542374195122 and parameters: {'window_influence': 0.31771369068438643, 'penalty_k': 0.12343025528699667, 'scale_lr': 0.30420025079854734}. Best is trial 172 with value: 0.2898540811810067.
checkpoint_e30 window_influence: 0.39989386828780571, penalty_k: 0.11490434247345470, scale_lr: 0.29094618406796702, EAO: 0.268
Trial 439 finished with value: 0.2676099123266654 and parameters: {'window_influence': 0.3998938682878057, 'penalty_k': 0.1149043424734547, 'scale_lr': 0.290946184067967}. Best is trial 172 with value: 0.2898540811810067.
checkpoint_e30 window_influence: 0.33475739649936548, penalty_k: 0.14026513437479007, scale_lr: 0.28517578014473938, EAO: 0.270
Trial 440 finished with value: 0.27016922522608827 and parameters: {'window_influence': 0.3347573964993655, 'penalty_k': 0.14026513437479007, 'scale_lr': 0.2851757801447394}. Best is trial 172 with value: 0.2898540811810067.
checkpoint_e30 window_influence: 0.43308342816532824, penalty_k: 0.10567503907759496, scale_lr: 0.48590400487067448, EAO: 0.258
Trial 441 finished with value: 0.2583534282639744 and parameters: {'window_influence': 0.43308342816532824, 'penalty_k': 0.10567503907759496, 'scale_lr': 0.4859040048706745}. Best is trial 172 with value: 0.2898540811810067.
checkpoint_e30 window_influence: 0.52277295684747327, penalty_k: 0.41746895338537232, scale_lr: 0.31661416884748222, EAO: 0.241
Trial 442 finished with value: 0.24106916839756617 and parameters: {'window_influence': 0.5227729568474733, 'penalty_k': 0.4174689533853723, 'scale_lr': 0.3166141688474822}. Best is trial 172 with value: 0.2898540811810067.
checkpoint_e30 window_influence: 0.35343065446509014, penalty_k: 0.06747649024465421, scale_lr: 0.51925165214089020, EAO: 0.270
Trial 443 finished with value: 0.2700608791859169 and parameters: {'window_influence': 0.35343065446509014, 'penalty_k': 0.06747649024465421, 'scale_lr': 0.5192516521408902}. Best is trial 172 with value: 0.2898540811810067.
checkpoint_e30 window_influence: 0.30827060784510285, penalty_k: 0.17538473925212569, scale_lr: 0.47491904877813984, EAO: 0.268
Trial 444 finished with value: 0.26842545330282147 and parameters: {'window_influence': 0.30827060784510285, 'penalty_k': 0.1753847392521257, 'scale_lr': 0.47491904877813984}. Best is trial 172 with value: 0.2898540811810067.
checkpoint_e30 window_influence: 0.37178477749112271, penalty_k: 0.03740514519497040, scale_lr: 0.45092921961910215, EAO: 0.262
Trial 445 finished with value: 0.26186768250252174 and parameters: {'window_influence': 0.3717847774911227, 'penalty_k': 0.0374051451949704, 'scale_lr': 0.45092921961910215}. Best is trial 172 with value: 0.2898540811810067.
checkpoint_e30 window_influence: 0.34078118803624763, penalty_k: 0.08111334821762053, scale_lr: 0.34271104693358495, EAO: 0.280
Trial 446 finished with value: 0.27970980234989307 and parameters: {'window_influence': 0.34078118803624763, 'penalty_k': 0.08111334821762053, 'scale_lr': 0.34271104693358495}. Best is trial 172 with value: 0.2898540811810067.
checkpoint_e30 window_influence: 0.44580879049953392, penalty_k: 0.11904011930890844, scale_lr: 0.49564388894389194, EAO: 0.262
Trial 447 finished with value: 0.2616147151807459 and parameters: {'window_influence': 0.4458087904995339, 'penalty_k': 0.11904011930890844, 'scale_lr': 0.49564388894389194}. Best is trial 172 with value: 0.2898540811810067.
checkpoint_e30 window_influence: 0.26297911180956757, penalty_k: 0.02777484570732816, scale_lr: 0.50962768901895594, EAO: 0.265
Trial 448 finished with value: 0.26532383038987956 and parameters: {'window_influence': 0.26297911180956757, 'penalty_k': 0.02777484570732816, 'scale_lr': 0.5096276890189559}. Best is trial 172 with value: 0.2898540811810067.
checkpoint_e30 window_influence: 0.32340121980373959, penalty_k: 0.09023041205414790, scale_lr: 0.30589352400891484, EAO: 0.263
Trial 449 finished with value: 0.26328437157520435 and parameters: {'window_influence': 0.3234012198037396, 'penalty_k': 0.0902304120541479, 'scale_lr': 0.30589352400891484}. Best is trial 172 with value: 0.2898540811810067.
checkpoint_e30 window_influence: 0.35878701440829075, penalty_k: 0.13507984829272943, scale_lr: 0.27279540898315086, EAO: 0.272
Trial 450 finished with value: 0.27202650874368545 and parameters: {'window_influence': 0.35878701440829075, 'penalty_k': 0.13507984829272943, 'scale_lr': 0.27279540898315086}. Best is trial 172 with value: 0.2898540811810067.
checkpoint_e30 window_influence: 0.28221855369485882, penalty_k: 0.10480836992641347, scale_lr: 0.53048413499545366, EAO: 0.257
Trial 451 finished with value: 0.2573071689140506 and parameters: {'window_influence': 0.2822185536948588, 'penalty_k': 0.10480836992641347, 'scale_lr': 0.5304841349954537}. Best is trial 172 with value: 0.2898540811810067.
checkpoint_e30 window_influence: 0.60766334065304961, penalty_k: 0.31462033764953962, scale_lr: 0.15096208645351078, EAO: 0.219
Trial 452 finished with value: 0.21854500375627503 and parameters: {'window_influence': 0.6076633406530496, 'penalty_k': 0.3146203376495396, 'scale_lr': 0.15096208645351078}. Best is trial 172 with value: 0.2898540811810067.
checkpoint_e30 window_influence: 0.38183267944463545, penalty_k: 0.19369618098202995, scale_lr: 0.36321940972243677, EAO: 0.265
Trial 453 finished with value: 0.26459595445937256 and parameters: {'window_influence': 0.38183267944463545, 'penalty_k': 0.19369618098202995, 'scale_lr': 0.36321940972243677}. Best is trial 172 with value: 0.2898540811810067.
checkpoint_e30 window_influence: 0.33057884076073735, penalty_k: 0.05620109136226349, scale_lr: 0.31866504598281253, EAO: 0.267
Trial 454 finished with value: 0.2668910317910396 and parameters: {'window_influence': 0.33057884076073735, 'penalty_k': 0.05620109136226349, 'scale_lr': 0.31866504598281253}. Best is trial 172 with value: 0.2898540811810067.
checkpoint_e30 window_influence: 0.29324414229568568, penalty_k: 0.07318994303945614, scale_lr: 0.66038871668117261, EAO: 0.268
Trial 455 finished with value: 0.26769131325124723 and parameters: {'window_influence': 0.2932441422956857, 'penalty_k': 0.07318994303945614, 'scale_lr': 0.6603887166811726}. Best is trial 172 with value: 0.2898540811810067.
checkpoint_e30 window_influence: 0.18269921441062778, penalty_k: 0.09311631991905879, scale_lr: 0.16308485075945434, EAO: 0.248
Trial 456 finished with value: 0.24797173189680752 and parameters: {'window_influence': 0.18269921441062778, 'penalty_k': 0.09311631991905879, 'scale_lr': 0.16308485075945434}. Best is trial 172 with value: 0.2898540811810067.
checkpoint_e30 window_influence: 0.34687031958285480, penalty_k: 0.11557317976047048, scale_lr: 0.28753949258574463, EAO: 0.276
Trial 457 finished with value: 0.2763113902230573 and parameters: {'window_influence': 0.3468703195828548, 'penalty_k': 0.11557317976047048, 'scale_lr': 0.2875394925857446}. Best is trial 172 with value: 0.2898540811810067.
checkpoint_e30 window_influence: 0.31397145852163583, penalty_k: 0.26425099687674253, scale_lr: 0.48137158817127640, EAO: 0.268
Trial 458 finished with value: 0.2684939884073366 and parameters: {'window_influence': 0.3139714585216358, 'penalty_k': 0.2642509968767425, 'scale_lr': 0.4813715881712764}. Best is trial 172 with value: 0.2898540811810067.
checkpoint_e30 window_influence: 0.42019073093718939, penalty_k: 0.08085948522428058, scale_lr: 0.42913525434536443, EAO: 0.257
Trial 459 finished with value: 0.2566528974509821 and parameters: {'window_influence': 0.4201907309371894, 'penalty_k': 0.08085948522428058, 'scale_lr': 0.4291352543453644}. Best is trial 172 with value: 0.2898540811810067.
checkpoint_e30 window_influence: 0.39306011169897342, penalty_k: 0.06315759657615953, scale_lr: 0.73088151657404343, EAO: 0.265
Trial 460 finished with value: 0.2648071801759363 and parameters: {'window_influence': 0.3930601116989734, 'penalty_k': 0.06315759657615953, 'scale_lr': 0.7308815165740434}. Best is trial 172 with value: 0.2898540811810067.
checkpoint_e30 window_influence: 0.45322961301587039, penalty_k: 0.00366521549775076, scale_lr: 0.41217272099326069, EAO: 0.246
Trial 461 finished with value: 0.24620426900503112 and parameters: {'window_influence': 0.4532296130158704, 'penalty_k': 0.0036652154977507567, 'scale_lr': 0.4121727209932607}. Best is trial 172 with value: 0.2898540811810067.
checkpoint_e30 window_influence: 0.36462567959074793, penalty_k: 0.15514983043047187, scale_lr: 0.46092452949846163, EAO: 0.265
Trial 462 finished with value: 0.2650462774241843 and parameters: {'window_influence': 0.36462567959074793, 'penalty_k': 0.15514983043047187, 'scale_lr': 0.46092452949846163}. Best is trial 172 with value: 0.2898540811810067.
checkpoint_e30 window_influence: 0.37785564321756182, penalty_k: 0.10171208392065138, scale_lr: 0.50092606242582283, EAO: 0.283
Trial 463 finished with value: 0.2833169241988562 and parameters: {'window_influence': 0.3778556432175618, 'penalty_k': 0.10171208392065138, 'scale_lr': 0.5009260624258228}. Best is trial 172 with value: 0.2898540811810067.
checkpoint_e30 window_influence: 0.37457734924193242, penalty_k: 0.37200258640455092, scale_lr: 0.49892407432019192, EAO: 0.260
Trial 464 finished with value: 0.2603399162370015 and parameters: {'window_influence': 0.3745773492419324, 'penalty_k': 0.3720025864045509, 'scale_lr': 0.4989240743201919}. Best is trial 172 with value: 0.2898540811810067.
checkpoint_e30 window_influence: 0.35864036982193143, penalty_k: 0.50251833501288379, scale_lr: 0.51962282282259198, EAO: 0.262
Trial 465 finished with value: 0.26231609024410324 and parameters: {'window_influence': 0.3586403698219314, 'penalty_k': 0.5025183350128838, 'scale_lr': 0.519622822822592}. Best is trial 172 with value: 0.2898540811810067.
checkpoint_e30 window_influence: 0.33762625164484455, penalty_k: 0.36030281808760606, scale_lr: 0.50648534520321908, EAO: 0.264
Trial 466 finished with value: 0.2636740232507388 and parameters: {'window_influence': 0.33762625164484455, 'penalty_k': 0.36030281808760606, 'scale_lr': 0.5064853452032191}. Best is trial 172 with value: 0.2898540811810067.
checkpoint_e30 window_influence: 0.34873205924594602, penalty_k: 0.08875052991781926, scale_lr: 0.12366775645156741, EAO: 0.266
Trial 467 finished with value: 0.266479734482804 and parameters: {'window_influence': 0.348732059245946, 'penalty_k': 0.08875052991781926, 'scale_lr': 0.12366775645156741}. Best is trial 172 with value: 0.2898540811810067.
checkpoint_e30 window_influence: 0.32233753881093041, penalty_k: 0.10199311810498073, scale_lr: 0.48965800937805731, EAO: 0.271
Trial 468 finished with value: 0.2710436993255848 and parameters: {'window_influence': 0.3223375388109304, 'penalty_k': 0.10199311810498073, 'scale_lr': 0.4896580093780573}. Best is trial 172 with value: 0.2898540811810067.
checkpoint_e30 window_influence: 0.37360238054733369, penalty_k: 0.07315205699351911, scale_lr: 0.58232972673773531, EAO: 0.269
Trial 469 finished with value: 0.26873268053783633 and parameters: {'window_influence': 0.3736023805473337, 'penalty_k': 0.07315205699351911, 'scale_lr': 0.5823297267377353}. Best is trial 172 with value: 0.2898540811810067.
checkpoint_e30 window_influence: 0.30320977296269558, penalty_k: 0.04667908745951972, scale_lr: 0.53991750645793746, EAO: 0.262
Trial 470 finished with value: 0.2623649183206442 and parameters: {'window_influence': 0.3032097729626956, 'penalty_k': 0.04667908745951972, 'scale_lr': 0.5399175064579375}. Best is trial 172 with value: 0.2898540811810067.
checkpoint_e30 window_influence: 0.36465507190036650, penalty_k: 0.12962965083325553, scale_lr: 0.55320508817920322, EAO: 0.265
Trial 471 finished with value: 0.26501632548444637 and parameters: {'window_influence': 0.3646550719003665, 'penalty_k': 0.12962965083325553, 'scale_lr': 0.5532050881792032}. Best is trial 172 with value: 0.2898540811810067.
checkpoint_e30 window_influence: 0.33156768582869794, penalty_k: 0.08719061683580792, scale_lr: 0.52461277757659897, EAO: 0.283
Trial 472 finished with value: 0.283015334690974 and parameters: {'window_influence': 0.33156768582869794, 'penalty_k': 0.08719061683580792, 'scale_lr': 0.524612777576599}. Best is trial 172 with value: 0.2898540811810067.
checkpoint_e30 window_influence: 0.32937304796148770, penalty_k: 0.24146660389321586, scale_lr: 0.51642634095990791, EAO: 0.266
Trial 473 finished with value: 0.2664525756627564 and parameters: {'window_influence': 0.3293730479614877, 'penalty_k': 0.24146660389321586, 'scale_lr': 0.5164263409599079}. Best is trial 172 with value: 0.2898540811810067.
checkpoint_e30 window_influence: 0.31623331850259390, penalty_k: 0.08150117396366159, scale_lr: 0.53208334152964676, EAO: 0.274
Trial 474 finished with value: 0.27366284232556337 and parameters: {'window_influence': 0.3162333185025939, 'penalty_k': 0.08150117396366159, 'scale_lr': 0.5320833415296468}. Best is trial 172 with value: 0.2898540811810067.
checkpoint_e30 window_influence: 0.12774960642727992, penalty_k: 0.06104531260755694, scale_lr: 0.50252894541594628, EAO: 0.253
Trial 475 finished with value: 0.2529849706868815 and parameters: {'window_influence': 0.12774960642727992, 'penalty_k': 0.06104531260755694, 'scale_lr': 0.5025289454159463}. Best is trial 172 with value: 0.2898540811810067.
checkpoint_e30 window_influence: 0.64458144086092017, penalty_k: 0.08873031433193192, scale_lr: 0.52507380221129352, EAO: 0.220
Trial 476 finished with value: 0.22038970499988494 and parameters: {'window_influence': 0.6445814408609202, 'penalty_k': 0.08873031433193192, 'scale_lr': 0.5250738022112935}. Best is trial 172 with value: 0.2898540811810067.
checkpoint_e30 window_influence: 0.06721854858979098, penalty_k: 0.07118079513687688, scale_lr: 0.54340600912802084, EAO: 0.246
Trial 477 finished with value: 0.24646772825863303 and parameters: {'window_influence': 0.06721854858979098, 'penalty_k': 0.07118079513687688, 'scale_lr': 0.5434060091280208}. Best is trial 172 with value: 0.2898540811810067.
checkpoint_e30 window_influence: 0.08549273650676170, penalty_k: 0.10054523373403451, scale_lr: 0.47501300180967732, EAO: 0.244
Trial 478 finished with value: 0.24376640983713352 and parameters: {'window_influence': 0.0854927365067617, 'penalty_k': 0.10054523373403451, 'scale_lr': 0.4750130018096773}. Best is trial 172 with value: 0.2898540811810067.
checkpoint_e30 window_influence: 0.34187021483865360, penalty_k: 0.25780403684096814, scale_lr: 0.11475450859738720, EAO: 0.258
Trial 479 finished with value: 0.25778675473075574 and parameters: {'window_influence': 0.3418702148386536, 'penalty_k': 0.25780403684096814, 'scale_lr': 0.1147545085973872}. Best is trial 172 with value: 0.2898540811810067.
checkpoint_e30 window_influence: 0.21056287078743527, penalty_k: 0.08371861935293755, scale_lr: 0.48718953371616452, EAO: 0.263
Trial 480 finished with value: 0.263064959608927 and parameters: {'window_influence': 0.21056287078743527, 'penalty_k': 0.08371861935293755, 'scale_lr': 0.4871895337161645}. Best is trial 172 with value: 0.2898540811810067.
checkpoint_e30 window_influence: 0.10336782073581599, penalty_k: 0.02267050906807043, scale_lr: 0.51088936218346426, EAO: 0.254
Trial 481 finished with value: 0.25381711882546665 and parameters: {'window_influence': 0.10336782073581599, 'penalty_k': 0.02267050906807043, 'scale_lr': 0.5108893621834643}. Best is trial 172 with value: 0.2898540811810067.
checkpoint_e30 window_influence: 0.30870365733615007, penalty_k: 0.05169807024892720, scale_lr: 0.55851988368937888, EAO: 0.277
Trial 482 finished with value: 0.2772006095061457 and parameters: {'window_influence': 0.3087036573361501, 'penalty_k': 0.0516980702489272, 'scale_lr': 0.5585198836893789}. Best is trial 172 with value: 0.2898540811810067.
checkpoint_e30 window_influence: 0.32892785460288898, penalty_k: 0.23468875402308154, scale_lr: 0.46663109012683845, EAO: 0.262
Trial 483 finished with value: 0.26197542837722515 and parameters: {'window_influence': 0.328927854602889, 'penalty_k': 0.23468875402308154, 'scale_lr': 0.46663109012683845}. Best is trial 172 with value: 0.2898540811810067.
checkpoint_e30 window_influence: 0.29456248396386026, penalty_k: 0.06689038097132284, scale_lr: 0.49816170502505341, EAO: 0.278
Trial 484 finished with value: 0.2783719078312075 and parameters: {'window_influence': 0.29456248396386026, 'penalty_k': 0.06689038097132284, 'scale_lr': 0.4981617050250534}. Best is trial 172 with value: 0.2898540811810067.
checkpoint_e30 window_influence: 0.34152037451391215, penalty_k: 0.34262608712927634, scale_lr: 0.52394585566419249, EAO: 0.257
Trial 485 finished with value: 0.2572138500286312 and parameters: {'window_influence': 0.34152037451391215, 'penalty_k': 0.34262608712927634, 'scale_lr': 0.5239458556641925}. Best is trial 172 with value: 0.2898540811810067.
checkpoint_e30 window_influence: 0.31408893492905549, penalty_k: 0.22120981091781583, scale_lr: 0.35011585895820108, EAO: 0.265
Trial 486 finished with value: 0.26543293469320467 and parameters: {'window_influence': 0.3140889349290555, 'penalty_k': 0.22120981091781583, 'scale_lr': 0.3501158589582011}. Best is trial 172 with value: 0.2898540811810067.
checkpoint_e30 window_influence: 0.24633446663224162, penalty_k: 0.59718789267024941, scale_lr: 0.48532225947597740, EAO: 0.255
Trial 487 finished with value: 0.2552573980112386 and parameters: {'window_influence': 0.24633446663224162, 'penalty_k': 0.5971878926702494, 'scale_lr': 0.4853222594759774}. Best is trial 172 with value: 0.2898540811810067.
checkpoint_e30 window_influence: 0.17132057695167491, penalty_k: 0.09498296994641009, scale_lr: 0.43764791966410038, EAO: 0.269
Trial 488 finished with value: 0.2689316558038316 and parameters: {'window_influence': 0.1713205769516749, 'penalty_k': 0.09498296994641009, 'scale_lr': 0.4376479196641004}. Best is trial 172 with value: 0.2898540811810067.
checkpoint_e30 window_influence: 0.32694978436084454, penalty_k: 0.07844677145265791, scale_lr: 0.32588835221820178, EAO: 0.266
Trial 489 finished with value: 0.2663668793875997 and parameters: {'window_influence': 0.32694978436084454, 'penalty_k': 0.07844677145265791, 'scale_lr': 0.3258883522182018}. Best is trial 172 with value: 0.2898540811810067.
checkpoint_e30 window_influence: 0.34900271434004471, penalty_k: 0.10431667573793318, scale_lr: 0.51510093849880267, EAO: 0.273
Trial 490 finished with value: 0.27343393486689743 and parameters: {'window_influence': 0.3490027143400447, 'penalty_k': 0.10431667573793318, 'scale_lr': 0.5151009384988027}. Best is trial 172 with value: 0.2898540811810067.
checkpoint_e30 window_influence: 0.33422145761056088, penalty_k: 0.08921294795689159, scale_lr: 0.45150909882858903, EAO: 0.268
Trial 491 finished with value: 0.2677096270206498 and parameters: {'window_influence': 0.3342214576105609, 'penalty_k': 0.0892129479568916, 'scale_lr': 0.45150909882858903}. Best is trial 172 with value: 0.2898540811810067.
checkpoint_e30 window_influence: 0.35606472629748853, penalty_k: 0.11848413305312450, scale_lr: 0.53210575858823839, EAO: 0.272
Trial 492 finished with value: 0.27227293712094547 and parameters: {'window_influence': 0.35606472629748853, 'penalty_k': 0.1184841330531245, 'scale_lr': 0.5321057585882384}. Best is trial 172 with value: 0.2898540811810067.
checkpoint_e30 window_influence: 0.31914542629088832, penalty_k: 0.07470230512134154, scale_lr: 0.49720501211046281, EAO: 0.280
Trial 493 finished with value: 0.2795952407082891 and parameters: {'window_influence': 0.3191454262908883, 'penalty_k': 0.07470230512134154, 'scale_lr': 0.4972050121104628}. Best is trial 172 with value: 0.2898540811810067.
checkpoint_e30 window_influence: 0.38530431257384412, penalty_k: 0.28822202961546806, scale_lr: 0.29672167476513939, EAO: 0.257
Trial 494 finished with value: 0.25724823518497186 and parameters: {'window_influence': 0.3853043125738441, 'penalty_k': 0.28822202961546806, 'scale_lr': 0.2967216747651394}. Best is trial 172 with value: 0.2898540811810067.
checkpoint_e30 window_influence: 0.25594520212988253, penalty_k: 0.03723303811761909, scale_lr: 0.47650218273756134, EAO: 0.269
