Trial 610 finished with value: 0.2551677625596039 and parameters: {'window_influence': 0.5056146723242445, 'penalty_k': 0.10264383816411764, 'scale_lr': 0.4607411394901801}. Best is trial 212 with value: 0.2844979555868521.
checkpoint_e32 window_influence: 0.31467088044923186, penalty_k: 0.25670703116461024, scale_lr: 0.32629480762318247, EAO: 0.263
Trial 611 finished with value: 0.2627514243368211 and parameters: {'window_influence': 0.31467088044923186, 'penalty_k': 0.25670703116461024, 'scale_lr': 0.32629480762318247}. Best is trial 212 with value: 0.2844979555868521.
checkpoint_e32 window_influence: 0.27478476655214873, penalty_k: 0.07160407867756105, scale_lr: 0.19981310349343998, EAO: 0.265
Trial 612 finished with value: 0.26456388237515116 and parameters: {'window_influence': 0.27478476655214873, 'penalty_k': 0.07160407867756105, 'scale_lr': 0.19981310349343998}. Best is trial 212 with value: 0.2844979555868521.
checkpoint_e32 window_influence: 0.20476223865028492, penalty_k: 0.21850296714084039, scale_lr: 0.49975424137305052, EAO: 0.258
Trial 613 finished with value: 0.2583709423983 and parameters: {'window_influence': 0.20476223865028492, 'penalty_k': 0.2185029671408404, 'scale_lr': 0.4997542413730505}. Best is trial 212 with value: 0.2844979555868521.
checkpoint_e32 window_influence: 0.33682501145094201, penalty_k: 0.11035220480084537, scale_lr: 0.29992572858617894, EAO: 0.262
Trial 614 finished with value: 0.26197373515706723 and parameters: {'window_influence': 0.336825011450942, 'penalty_k': 0.11035220480084537, 'scale_lr': 0.29992572858617894}. Best is trial 212 with value: 0.2844979555868521.
checkpoint_e32 window_influence: 0.29880382528538751, penalty_k: 0.22653457971284210, scale_lr: 0.16101009616890222, EAO: 0.260
Trial 615 finished with value: 0.2599327755047054 and parameters: {'window_influence': 0.2988038252853875, 'penalty_k': 0.2265345797128421, 'scale_lr': 0.16101009616890222}. Best is trial 212 with value: 0.2844979555868521.
checkpoint_e32 window_influence: 0.46483607583046271, penalty_k: 0.04281442912316193, scale_lr: 0.17284448335907393, EAO: 0.258
Trial 616 finished with value: 0.25832331586417145 and parameters: {'window_influence': 0.4648360758304627, 'penalty_k': 0.04281442912316193, 'scale_lr': 0.17284448335907393}. Best is trial 212 with value: 0.2844979555868521.
checkpoint_e32 window_influence: 0.32463561462787033, penalty_k: 0.08681925251768444, scale_lr: 0.53192715335441987, EAO: 0.261
Trial 617 finished with value: 0.2612266310346805 and parameters: {'window_influence': 0.32463561462787033, 'penalty_k': 0.08681925251768444, 'scale_lr': 0.5319271533544199}. Best is trial 212 with value: 0.2844979555868521.
checkpoint_e32 window_influence: 0.49557629032227613, penalty_k: 0.12748939689452027, scale_lr: 0.40863497352909939, EAO: 0.261
Trial 618 finished with value: 0.26080109124503487 and parameters: {'window_influence': 0.4955762903222761, 'penalty_k': 0.12748939689452027, 'scale_lr': 0.4086349735290994}. Best is trial 212 with value: 0.2844979555868521.
checkpoint_e32 window_influence: 0.31049789069396605, penalty_k: 0.09531008677234837, scale_lr: 0.42073367676287010, EAO: 0.259
Trial 619 finished with value: 0.25851213768488024 and parameters: {'window_influence': 0.31049789069396605, 'penalty_k': 0.09531008677234837, 'scale_lr': 0.4207336767628701}. Best is trial 212 with value: 0.2844979555868521.
checkpoint_e32 window_influence: 0.28974741200154330, penalty_k: 0.26235598027823209, scale_lr: 0.26550831482737169, EAO: 0.249
Trial 620 finished with value: 0.24934578153902923 and parameters: {'window_influence': 0.2897474120015433, 'penalty_k': 0.2623559802782321, 'scale_lr': 0.2655083148273717}. Best is trial 212 with value: 0.2844979555868521.
checkpoint_e32 window_influence: 0.33907671632841108, penalty_k: 0.17668133747226658, scale_lr: 0.13831693366031247, EAO: 0.266
Trial 621 finished with value: 0.26588303589723944 and parameters: {'window_influence': 0.3390767163284111, 'penalty_k': 0.17668133747226658, 'scale_lr': 0.13831693366031247}. Best is trial 212 with value: 0.2844979555868521.
checkpoint_e32 window_influence: 0.36005248826356012, penalty_k: 0.07791994351253112, scale_lr: 0.54819666998493499, EAO: 0.267
Trial 622 finished with value: 0.26705633019044145 and parameters: {'window_influence': 0.3600524882635601, 'penalty_k': 0.07791994351253112, 'scale_lr': 0.548196669984935}. Best is trial 212 with value: 0.2844979555868521.
checkpoint_e32 window_influence: 0.32715971334162769, penalty_k: 0.30472127203913468, scale_lr: 0.43768170293058622, EAO: 0.255
Trial 623 finished with value: 0.25529378634400485 and parameters: {'window_influence': 0.3271597133416277, 'penalty_k': 0.3047212720391347, 'scale_lr': 0.4376817029305862}. Best is trial 212 with value: 0.2844979555868521.
checkpoint_e32 window_influence: 0.25987438752247549, penalty_k: 0.06309535522958613, scale_lr: 0.22624011494814711, EAO: 0.256
Trial 624 finished with value: 0.2558232543429708 and parameters: {'window_influence': 0.2598743875224755, 'penalty_k': 0.06309535522958613, 'scale_lr': 0.2262401149481471}. Best is trial 212 with value: 0.2844979555868521.
checkpoint_e32 window_influence: 0.30606035819100930, penalty_k: 0.24446072272087505, scale_lr: 0.48504801805578640, EAO: 0.257
Trial 625 finished with value: 0.25708147253447433 and parameters: {'window_influence': 0.3060603581910093, 'penalty_k': 0.24446072272087505, 'scale_lr': 0.4850480180557864}. Best is trial 212 with value: 0.2844979555868521.
checkpoint_e32 window_influence: 0.35009736362895533, penalty_k: 0.17054121409743106, scale_lr: 0.23857784485289985, EAO: 0.273
Trial 626 finished with value: 0.272589070465022 and parameters: {'window_influence': 0.3500973636289553, 'penalty_k': 0.17054121409743106, 'scale_lr': 0.23857784485289985}. Best is trial 212 with value: 0.2844979555868521.
checkpoint_e32 window_influence: 0.31758616978895093, penalty_k: 0.10581181830000033, scale_lr: 0.71171228905881634, EAO: 0.263
Trial 627 finished with value: 0.2627096626210988 and parameters: {'window_influence': 0.31758616978895093, 'penalty_k': 0.10581181830000033, 'scale_lr': 0.7117122890588163}. Best is trial 212 with value: 0.2844979555868521.
checkpoint_e32 window_influence: 0.64248710923686425, penalty_k: 0.14012703459135278, scale_lr: 0.11296494678453087, EAO: 0.221
Trial 628 finished with value: 0.22149237663280674 and parameters: {'window_influence': 0.6424871092368643, 'penalty_k': 0.14012703459135278, 'scale_lr': 0.11296494678453087}. Best is trial 212 with value: 0.2844979555868521.
checkpoint_e32 window_influence: 0.43674277139558881, penalty_k: 0.04565667568990069, scale_lr: 0.21174363062414625, EAO: 0.268
Trial 629 finished with value: 0.2680237305963912 and parameters: {'window_influence': 0.4367427713955888, 'penalty_k': 0.045656675689900686, 'scale_lr': 0.21174363062414625}. Best is trial 212 with value: 0.2844979555868521.
checkpoint_e32 window_influence: 0.27892726035020493, penalty_k: 0.08425525770968216, scale_lr: 0.24311198452015542, EAO: 0.261
Trial 630 finished with value: 0.26073621631395527 and parameters: {'window_influence': 0.27892726035020493, 'penalty_k': 0.08425525770968216, 'scale_lr': 0.24311198452015542}. Best is trial 212 with value: 0.2844979555868521.
checkpoint_e32 window_influence: 0.54700204873257985, penalty_k: 0.06607220645916523, scale_lr: 0.14855756764267899, EAO: 0.249
Trial 631 finished with value: 0.24886254263602622 and parameters: {'window_influence': 0.5470020487325798, 'penalty_k': 0.06607220645916523, 'scale_lr': 0.148557567642679}. Best is trial 212 with value: 0.2844979555868521.
checkpoint_e32 window_influence: 0.30103918992721468, penalty_k: 0.11529676982844723, scale_lr: 0.12648820153890278, EAO: 0.263
Trial 632 finished with value: 0.2631170657592091 and parameters: {'window_influence': 0.3010391899272147, 'penalty_k': 0.11529676982844723, 'scale_lr': 0.12648820153890278}. Best is trial 212 with value: 0.2844979555868521.
checkpoint_e32 window_influence: 0.33190548533355774, penalty_k: 0.32033946841626526, scale_lr: 0.52287308860744852, EAO: 0.250
Trial 633 finished with value: 0.2495524837234156 and parameters: {'window_influence': 0.33190548533355774, 'penalty_k': 0.32033946841626526, 'scale_lr': 0.5228730886074485}. Best is trial 212 with value: 0.2844979555868521.
checkpoint_e32 window_influence: 0.31342381940345521, penalty_k: 0.20508032536898124, scale_lr: 0.38856999407577408, EAO: 0.262
Trial 634 finished with value: 0.2617984162113531 and parameters: {'window_influence': 0.3134238194034552, 'penalty_k': 0.20508032536898124, 'scale_lr': 0.3885699940757741}. Best is trial 212 with value: 0.2844979555868521.
checkpoint_e32 window_influence: 0.55388303059314681, penalty_k: 0.09472357218351142, scale_lr: 0.10102019691558248, EAO: 0.252
Trial 635 finished with value: 0.2515884016345187 and parameters: {'window_influence': 0.5538830305931468, 'penalty_k': 0.09472357218351142, 'scale_lr': 0.10102019691558248}. Best is trial 212 with value: 0.2844979555868521.
checkpoint_e32 window_influence: 0.45871552123301179, penalty_k: 0.28329849069965207, scale_lr: 0.12332764070800059, EAO: 0.263
Trial 636 finished with value: 0.2625111103421304 and parameters: {'window_influence': 0.4587155212330118, 'penalty_k': 0.2832984906996521, 'scale_lr': 0.12332764070800059}. Best is trial 212 with value: 0.2844979555868521.
checkpoint_e32 window_influence: 0.24333909949316776, penalty_k: 0.23498199870444081, scale_lr: 0.31493345831778286, EAO: 0.253
Trial 637 finished with value: 0.2530717011389694 and parameters: {'window_influence': 0.24333909949316776, 'penalty_k': 0.2349819987044408, 'scale_lr': 0.31493345831778286}. Best is trial 212 with value: 0.2844979555868521.
checkpoint_e32 window_influence: 0.29058305156555886, penalty_k: 0.07642276733323415, scale_lr: 0.19231783939699854, EAO: 0.260
Trial 638 finished with value: 0.2597119060716009 and parameters: {'window_influence': 0.29058305156555886, 'penalty_k': 0.07642276733323415, 'scale_lr': 0.19231783939699854}. Best is trial 212 with value: 0.2844979555868521.
checkpoint_e32 window_influence: 0.34894315679399118, penalty_k: 0.05343181728765309, scale_lr: 0.36252738817327490, EAO: 0.266
Trial 639 finished with value: 0.2661703640246779 and parameters: {'window_influence': 0.3489431567939912, 'penalty_k': 0.05343181728765309, 'scale_lr': 0.3625273881732749}. Best is trial 212 with value: 0.2844979555868521.
checkpoint_e32 window_influence: 0.32551567497472644, penalty_k: 0.14952177765107177, scale_lr: 0.40218811650750724, EAO: 0.258
Trial 640 finished with value: 0.2580889567005925 and parameters: {'window_influence': 0.32551567497472644, 'penalty_k': 0.14952177765107177, 'scale_lr': 0.40218811650750724}. Best is trial 212 with value: 0.2844979555868521.
checkpoint_e32 window_influence: 0.07672168764334542, penalty_k: 0.21080071756508606, scale_lr: 0.57040471079197963, EAO: 0.240
Trial 641 finished with value: 0.2399110447585098 and parameters: {'window_influence': 0.07672168764334542, 'penalty_k': 0.21080071756508606, 'scale_lr': 0.5704047107919796}. Best is trial 212 with value: 0.2844979555868521.
checkpoint_e32 window_influence: 0.49108600655059226, penalty_k: 0.10117969522984435, scale_lr: 0.14400627693049134, EAO: 0.264
Trial 642 finished with value: 0.2641488743143353 and parameters: {'window_influence': 0.49108600655059226, 'penalty_k': 0.10117969522984435, 'scale_lr': 0.14400627693049134}. Best is trial 212 with value: 0.2844979555868521.
checkpoint_e32 window_influence: 0.33783277964572445, penalty_k: 0.37850214116507125, scale_lr: 0.34272773592361616, EAO: 0.272
Trial 643 finished with value: 0.2722402050848899 and parameters: {'window_influence': 0.33783277964572445, 'penalty_k': 0.37850214116507125, 'scale_lr': 0.34272773592361616}. Best is trial 212 with value: 0.2844979555868521.
checkpoint_e32 window_influence: 0.30435876245332533, penalty_k: 0.36629804714168457, scale_lr: 0.73973173824658423, EAO: 0.250
Trial 644 finished with value: 0.2497478676884155 and parameters: {'window_influence': 0.3043587624533253, 'penalty_k': 0.36629804714168457, 'scale_lr': 0.7397317382465842}. Best is trial 212 with value: 0.2844979555868521.
checkpoint_e32 window_influence: 0.26698623794749876, penalty_k: 0.08713622599526054, scale_lr: 0.27446597870215228, EAO: 0.256
Trial 645 finished with value: 0.25639392187198 and parameters: {'window_influence': 0.26698623794749876, 'penalty_k': 0.08713622599526054, 'scale_lr': 0.2744659787021523}. Best is trial 212 with value: 0.2844979555868521.
checkpoint_e32 window_influence: 0.35964187371701389, penalty_k: 0.06970572711200279, scale_lr: 0.11423958213136536, EAO: 0.269
Trial 646 finished with value: 0.26933741521059984 and parameters: {'window_influence': 0.3596418737170139, 'penalty_k': 0.06970572711200279, 'scale_lr': 0.11423958213136536}. Best is trial 212 with value: 0.2844979555868521.
checkpoint_e32 window_influence: 0.31847575709182629, penalty_k: 0.13027888052015810, scale_lr: 0.10006497957148459, EAO: 0.274
Trial 647 finished with value: 0.27386065196942505 and parameters: {'window_influence': 0.3184757570918263, 'penalty_k': 0.1302788805201581, 'scale_lr': 0.1000649795714846}. Best is trial 212 with value: 0.2844979555868521.
checkpoint_e32 window_influence: 0.29488860569729636, penalty_k: 0.55516926650224596, scale_lr: 0.17662601913560977, EAO: 0.238
Trial 648 finished with value: 0.23789383034880568 and parameters: {'window_influence': 0.29488860569729636, 'penalty_k': 0.555169266502246, 'scale_lr': 0.17662601913560977}. Best is trial 212 with value: 0.2844979555868521.
checkpoint_e32 window_influence: 0.34146800029004143, penalty_k: 0.33451158720247809, scale_lr: 0.46046374521577510, EAO: 0.257
Trial 649 finished with value: 0.25732673092828534 and parameters: {'window_influence': 0.34146800029004143, 'penalty_k': 0.3345115872024781, 'scale_lr': 0.4604637452157751}. Best is trial 212 with value: 0.2844979555868521.
checkpoint_e32 window_influence: 0.32825877692651656, penalty_k: 0.04113443697160694, scale_lr: 0.13213032998034765, EAO: 0.272
Trial 650 finished with value: 0.2724697867302391 and parameters: {'window_influence': 0.32825877692651656, 'penalty_k': 0.041134436971606944, 'scale_lr': 0.13213032998034765}. Best is trial 212 with value: 0.2844979555868521.
checkpoint_e32 window_influence: 0.51108424660100404, penalty_k: 0.57080664911315293, scale_lr: 0.76621164820436105, EAO: 0.249
Trial 651 finished with value: 0.2493657775647272 and parameters: {'window_influence': 0.511084246601004, 'penalty_k': 0.5708066491131529, 'scale_lr': 0.766211648204361}. Best is trial 212 with value: 0.2844979555868521.
checkpoint_e32 window_influence: 0.44274079789427928, penalty_k: 0.45269780302136053, scale_lr: 0.49892315740244786, EAO: 0.255
Trial 652 finished with value: 0.254637534601417 and parameters: {'window_influence': 0.4427407978942793, 'penalty_k': 0.45269780302136053, 'scale_lr': 0.49892315740244786}. Best is trial 212 with value: 0.2844979555868521.
checkpoint_e32 window_influence: 0.31082423274736548, penalty_k: 0.11769620415100158, scale_lr: 0.46958189080154999, EAO: 0.262
Trial 653 finished with value: 0.2619851953615018 and parameters: {'window_influence': 0.3108242327473655, 'penalty_k': 0.11769620415100158, 'scale_lr': 0.46958189080155}. Best is trial 212 with value: 0.2844979555868521.
checkpoint_e32 window_influence: 0.27727126988699502, penalty_k: 0.15526802607602644, scale_lr: 0.16130345170219063, EAO: 0.252
Trial 654 finished with value: 0.25186557631667067 and parameters: {'window_influence': 0.277271269886995, 'penalty_k': 0.15526802607602644, 'scale_lr': 0.16130345170219063}. Best is trial 212 with value: 0.2844979555868521.
checkpoint_e32 window_influence: 0.46890473679366129, penalty_k: 0.20349012289645646, scale_lr: 0.72515069117822606, EAO: 0.263
Trial 655 finished with value: 0.263353087856033 and parameters: {'window_influence': 0.4689047367936613, 'penalty_k': 0.20349012289645646, 'scale_lr': 0.7251506911782261}. Best is trial 212 with value: 0.2844979555868521.
checkpoint_e32 window_influence: 0.28737696574598498, penalty_k: 0.09341523583639197, scale_lr: 0.36783843048011944, EAO: 0.255
Trial 656 finished with value: 0.2554583597352834 and parameters: {'window_influence': 0.287376965745985, 'penalty_k': 0.09341523583639197, 'scale_lr': 0.36783843048011944}. Best is trial 212 with value: 0.2844979555868521.
checkpoint_e32 window_influence: 0.09487885863473028, penalty_k: 0.34647861350902232, scale_lr: 0.78316851236564622, EAO: 0.234
Trial 657 finished with value: 0.2341931985040021 and parameters: {'window_influence': 0.09487885863473028, 'penalty_k': 0.3464786135090223, 'scale_lr': 0.7831685123656462}. Best is trial 212 with value: 0.2844979555868521.
checkpoint_e32 window_influence: 0.32074512030590174, penalty_k: 0.05767677393553659, scale_lr: 0.11261644787988816, EAO: 0.280
Trial 658 finished with value: 0.27954935336985237 and parameters: {'window_influence': 0.32074512030590174, 'penalty_k': 0.05767677393553659, 'scale_lr': 0.11261644787988816}. Best is trial 212 with value: 0.2844979555868521.
checkpoint_e32 window_influence: 0.13059245335621109, penalty_k: 0.05216950181514318, scale_lr: 0.21999046271312547, EAO: 0.247
Trial 659 finished with value: 0.2468719004494388 and parameters: {'window_influence': 0.13059245335621109, 'penalty_k': 0.052169501815143175, 'scale_lr': 0.21999046271312547}. Best is trial 212 with value: 0.2844979555868521.
checkpoint_e32 window_influence: 0.30421915790490867, penalty_k: 0.46324696918579111, scale_lr: 0.10033168934779443, EAO: 0.247
Trial 660 finished with value: 0.24714929416654555 and parameters: {'window_influence': 0.30421915790490867, 'penalty_k': 0.4632469691857911, 'scale_lr': 0.10033168934779443}. Best is trial 212 with value: 0.2844979555868521.
checkpoint_e32 window_influence: 0.31846887314735906, penalty_k: 0.05900090186145394, scale_lr: 0.12639053927547581, EAO: 0.269
Trial 661 finished with value: 0.2689863057519362 and parameters: {'window_influence': 0.31846887314735906, 'penalty_k': 0.059000901861453944, 'scale_lr': 0.1263905392754758}. Best is trial 212 with value: 0.2844979555868521.
checkpoint_e32 window_influence: 0.48552902600848979, penalty_k: 0.07111093557849237, scale_lr: 0.54529633256553744, EAO: 0.256
Trial 662 finished with value: 0.25594910864180664 and parameters: {'window_influence': 0.4855290260084898, 'penalty_k': 0.07111093557849237, 'scale_lr': 0.5452963325655374}. Best is trial 212 with value: 0.2844979555868521.
checkpoint_e32 window_influence: 0.45391115716253161, penalty_k: 0.04055337517822215, scale_lr: 0.14468649554657945, EAO: 0.264
Trial 663 finished with value: 0.26350942223779555 and parameters: {'window_influence': 0.4539111571625316, 'penalty_k': 0.040553375178222155, 'scale_lr': 0.14468649554657945}. Best is trial 212 with value: 0.2844979555868521.
checkpoint_e32 window_influence: 0.29899529229955657, penalty_k: 0.05853716278914947, scale_lr: 0.25701949353519116, EAO: 0.263
Trial 664 finished with value: 0.2629002255758619 and parameters: {'window_influence': 0.29899529229955657, 'penalty_k': 0.05853716278914947, 'scale_lr': 0.25701949353519116}. Best is trial 212 with value: 0.2844979555868521.
checkpoint_e32 window_influence: 0.06157112001492926, penalty_k: 0.07842076126717493, scale_lr: 0.74906032241038634, EAO: 0.241
Trial 665 finished with value: 0.24119727749650072 and parameters: {'window_influence': 0.06157112001492926, 'penalty_k': 0.07842076126717493, 'scale_lr': 0.7490603224103863}. Best is trial 212 with value: 0.2844979555868521.
checkpoint_e32 window_influence: 0.53779594291088617, penalty_k: 0.04380908605039625, scale_lr: 0.42040986298125727, EAO: 0.251
Trial 666 finished with value: 0.25065388463861576 and parameters: {'window_influence': 0.5377959429108862, 'penalty_k': 0.043809086050396254, 'scale_lr': 0.42040986298125727}. Best is trial 212 with value: 0.2844979555868521.
checkpoint_e32 window_influence: 0.31516948659047200, penalty_k: 0.25533796797775332, scale_lr: 0.28444967338505400, EAO: 0.256
Trial 667 finished with value: 0.2559323066133794 and parameters: {'window_influence': 0.315169486590472, 'penalty_k': 0.2553379679777533, 'scale_lr': 0.284449673385054}. Best is trial 212 with value: 0.2844979555868521.
checkpoint_e32 window_influence: 0.51629812066045766, penalty_k: 0.58830791912962499, scale_lr: 0.11282994533979583, EAO: 0.235
Trial 668 finished with value: 0.235342058103259 and parameters: {'window_influence': 0.5162981206604577, 'penalty_k': 0.588307919129625, 'scale_lr': 0.11282994533979583}. Best is trial 212 with value: 0.2844979555868521.
checkpoint_e32 window_influence: 0.43442327495883643, penalty_k: 0.35538370955816823, scale_lr: 0.13163397697183662, EAO: 0.252
Trial 669 finished with value: 0.252383975054675 and parameters: {'window_influence': 0.4344232749588364, 'penalty_k': 0.3553837095581682, 'scale_lr': 0.13163397697183662}. Best is trial 212 with value: 0.2844979555868521.
checkpoint_e32 window_influence: 0.52259694064740592, penalty_k: 0.06806129553682096, scale_lr: 0.49168758025328080, EAO: 0.248
Trial 670 finished with value: 0.24762579059697748 and parameters: {'window_influence': 0.5225969406474059, 'penalty_k': 0.06806129553682096, 'scale_lr': 0.4916875802532808}. Best is trial 212 with value: 0.2844979555868521.
checkpoint_e32 window_influence: 0.34470548000193768, penalty_k: 0.19032842954128976, scale_lr: 0.50931091864980682, EAO: 0.263
Trial 671 finished with value: 0.2630888011033942 and parameters: {'window_influence': 0.3447054800019377, 'penalty_k': 0.19032842954128976, 'scale_lr': 0.5093109186498068}. Best is trial 212 with value: 0.2844979555868521.
checkpoint_e32 window_influence: 0.28658605904494988, penalty_k: 0.52876940939134909, scale_lr: 0.11987025604757928, EAO: 0.246
