Trial 1416 finished with value: 0.26685407291340635 and parameters: {'window_influence': 0.43557415497499385, 'penalty_k': 0.18365300202875695, 'scale_lr': 0.15079872720852744}. Best is trial 977 with value: 0.2897923603896203.
checkpoint_e32 window_influence: 0.41309408537261721, penalty_k: 0.16766346777362365, scale_lr: 0.77603131692361327, EAO: 0.258
Trial 1417 finished with value: 0.2582827847057242 and parameters: {'window_influence': 0.4130940853726172, 'penalty_k': 0.16766346777362365, 'scale_lr': 0.7760313169236133}. Best is trial 977 with value: 0.2897923603896203.
checkpoint_e32 window_influence: 0.45271831069593305, penalty_k: 0.19718587063965087, scale_lr: 0.16555855495578992, EAO: 0.265
Trial 1418 finished with value: 0.26524644332930325 and parameters: {'window_influence': 0.45271831069593305, 'penalty_k': 0.19718587063965087, 'scale_lr': 0.16555855495578992}. Best is trial 977 with value: 0.2897923603896203.
checkpoint_e32 window_influence: 0.64709180457548521, penalty_k: 0.21212868524691844, scale_lr: 0.70675867535268388, EAO: 0.206
Trial 1419 finished with value: 0.20635840066564762 and parameters: {'window_influence': 0.6470918045754852, 'penalty_k': 0.21212868524691844, 'scale_lr': 0.7067586753526839}. Best is trial 977 with value: 0.2897923603896203.
checkpoint_e32 window_influence: 0.42364871944719024, penalty_k: 0.29409076361318304, scale_lr: 0.33069721311632194, EAO: 0.253
Trial 1420 finished with value: 0.25266920496535494 and parameters: {'window_influence': 0.42364871944719024, 'penalty_k': 0.29409076361318304, 'scale_lr': 0.33069721311632194}. Best is trial 977 with value: 0.2897923603896203.
checkpoint_e32 window_influence: 0.11807581245048560, penalty_k: 0.16778259653388647, scale_lr: 0.18024707771573348, EAO: 0.242
Trial 1421 finished with value: 0.24150972722507105 and parameters: {'window_influence': 0.1180758124504856, 'penalty_k': 0.16778259653388647, 'scale_lr': 0.18024707771573348}. Best is trial 977 with value: 0.2897923603896203.
checkpoint_e32 window_influence: 0.22530424218640044, penalty_k: 0.18527257405065872, scale_lr: 0.14186090477780830, EAO: 0.259
Trial 1422 finished with value: 0.2593179611655755 and parameters: {'window_influence': 0.22530424218640044, 'penalty_k': 0.18527257405065872, 'scale_lr': 0.1418609047778083}. Best is trial 977 with value: 0.2897923603896203.
checkpoint_e32 window_influence: 0.39790088349880143, penalty_k: 0.17446168439581003, scale_lr: 0.73736634306262561, EAO: 0.263
Trial 1423 finished with value: 0.2629108325979574 and parameters: {'window_influence': 0.3979008834988014, 'penalty_k': 0.17446168439581003, 'scale_lr': 0.7373663430626256}. Best is trial 977 with value: 0.2897923603896203.
checkpoint_e32 window_influence: 0.44369381342648195, penalty_k: 0.38513655096398314, scale_lr: 0.19987688320549241, EAO: 0.250
Trial 1424 finished with value: 0.24956977415860185 and parameters: {'window_influence': 0.44369381342648195, 'penalty_k': 0.38513655096398314, 'scale_lr': 0.1998768832054924}. Best is trial 977 with value: 0.2897923603896203.
checkpoint_e32 window_influence: 0.41702835781867781, penalty_k: 0.21046802032424297, scale_lr: 0.23433449324695152, EAO: 0.263
Trial 1425 finished with value: 0.26294920920598797 and parameters: {'window_influence': 0.4170283578186778, 'penalty_k': 0.21046802032424297, 'scale_lr': 0.23433449324695152}. Best is trial 977 with value: 0.2897923603896203.
checkpoint_e32 window_influence: 0.40749522865404164, penalty_k: 0.16027715205135790, scale_lr: 0.38050562898665385, EAO: 0.264
Trial 1426 finished with value: 0.26393456708609575 and parameters: {'window_influence': 0.40749522865404164, 'penalty_k': 0.1602771520513579, 'scale_lr': 0.38050562898665385}. Best is trial 977 with value: 0.2897923603896203.
checkpoint_e32 window_influence: 0.55397942733873451, penalty_k: 0.51445644847922145, scale_lr: 0.41710962956614139, EAO: 0.227
Trial 1427 finished with value: 0.22682185592205545 and parameters: {'window_influence': 0.5539794273387345, 'penalty_k': 0.5144564484792215, 'scale_lr': 0.4171096295661414}. Best is trial 977 with value: 0.2897923603896203.
checkpoint_e32 window_influence: 0.43289166765165277, penalty_k: 0.43722254947165190, scale_lr: 0.15403511403527612, EAO: 0.252
Trial 1428 finished with value: 0.25192968735123067 and parameters: {'window_influence': 0.43289166765165277, 'penalty_k': 0.4372225494716519, 'scale_lr': 0.15403511403527612}. Best is trial 977 with value: 0.2897923603896203.
checkpoint_e32 window_influence: 0.36278564745126451, penalty_k: 0.10262305116255591, scale_lr: 0.59916741398148832, EAO: 0.261
Trial 1429 finished with value: 0.26110402010078354 and parameters: {'window_influence': 0.3627856474512645, 'penalty_k': 0.1026230511625559, 'scale_lr': 0.5991674139814883}. Best is trial 977 with value: 0.2897923603896203.
checkpoint_e32 window_influence: 0.24606712676608203, penalty_k: 0.37420507239271550, scale_lr: 0.13957339024700083, EAO: 0.249
Trial 1430 finished with value: 0.24850004045217017 and parameters: {'window_influence': 0.24606712676608203, 'penalty_k': 0.3742050723927155, 'scale_lr': 0.13957339024700083}. Best is trial 977 with value: 0.2897923603896203.
checkpoint_e32 window_influence: 0.54191123036262434, penalty_k: 0.15469593698435119, scale_lr: 0.50826466021929639, EAO: 0.243
Trial 1431 finished with value: 0.24334647318696587 and parameters: {'window_influence': 0.5419112303626243, 'penalty_k': 0.1546959369843512, 'scale_lr': 0.5082646602192964}. Best is trial 977 with value: 0.2897923603896203.
checkpoint_e32 window_influence: 0.46926164750076788, penalty_k: 0.27594407545311872, scale_lr: 0.57438675967573305, EAO: 0.258
Trial 1432 finished with value: 0.25755703049462014 and parameters: {'window_influence': 0.4692616475007679, 'penalty_k': 0.2759440754531187, 'scale_lr': 0.574386759675733}. Best is trial 977 with value: 0.2897923603896203.
checkpoint_e32 window_influence: 0.39453138036669350, penalty_k: 0.24322125593484861, scale_lr: 0.17499288434464305, EAO: 0.263
Trial 1433 finished with value: 0.2631589376587209 and parameters: {'window_influence': 0.3945313803666935, 'penalty_k': 0.2432212559348486, 'scale_lr': 0.17499288434464305}. Best is trial 977 with value: 0.2897923603896203.
checkpoint_e32 window_influence: 0.37263754057797926, penalty_k: 0.30495986063020242, scale_lr: 0.13226771977863633, EAO: 0.254
Trial 1434 finished with value: 0.25432546533704775 and parameters: {'window_influence': 0.37263754057797926, 'penalty_k': 0.3049598606302024, 'scale_lr': 0.13226771977863633}. Best is trial 977 with value: 0.2897923603896203.
checkpoint_e32 window_influence: 0.38533208158805482, penalty_k: 0.49509002345128172, scale_lr: 0.70001595094658153, EAO: 0.275
Trial 1435 finished with value: 0.2748343147398011 and parameters: {'window_influence': 0.3853320815880548, 'penalty_k': 0.4950900234512817, 'scale_lr': 0.7000159509465815}. Best is trial 977 with value: 0.2897923603896203.
checkpoint_e32 window_influence: 0.41804377336670079, penalty_k: 0.13392180052935190, scale_lr: 0.47851286009488136, EAO: 0.260
Trial 1436 finished with value: 0.25969782180902434 and parameters: {'window_influence': 0.4180437733667008, 'penalty_k': 0.1339218005293519, 'scale_lr': 0.47851286009488136}. Best is trial 977 with value: 0.2897923603896203.
checkpoint_e32 window_influence: 0.40521755632342921, penalty_k: 0.54885450226763799, scale_lr: 0.67503819535214049, EAO: 0.258
Trial 1437 finished with value: 0.25789084612596325 and parameters: {'window_influence': 0.4052175563234292, 'penalty_k': 0.548854502267638, 'scale_lr': 0.6750381953521405}. Best is trial 977 with value: 0.2897923603896203.
checkpoint_e32 window_influence: 0.12106129652700390, penalty_k: 0.11525798231354289, scale_lr: 0.44129393809050116, EAO: 0.244
Trial 1438 finished with value: 0.2437566371589172 and parameters: {'window_influence': 0.1210612965270039, 'penalty_k': 0.1152579823135429, 'scale_lr': 0.44129393809050116}. Best is trial 977 with value: 0.2897923603896203.
checkpoint_e32 window_influence: 0.14946277196615276, penalty_k: 0.47385604601121284, scale_lr: 0.11461442551935250, EAO: 0.230
Trial 1439 finished with value: 0.23015935507004823 and parameters: {'window_influence': 0.14946277196615276, 'penalty_k': 0.47385604601121284, 'scale_lr': 0.1146144255193525}. Best is trial 977 with value: 0.2897923603896203.
checkpoint_e32 window_influence: 0.43142672359060591, penalty_k: 0.53277862723771874, scale_lr: 0.15828149651104284, EAO: 0.254
Trial 1440 finished with value: 0.2537384306996818 and parameters: {'window_influence': 0.4314267235906059, 'penalty_k': 0.5327786272377187, 'scale_lr': 0.15828149651104284}. Best is trial 977 with value: 0.2897923603896203.
checkpoint_e32 window_influence: 0.45956376015869554, penalty_k: 0.18012070614129094, scale_lr: 0.14778583148131430, EAO: 0.267
Trial 1441 finished with value: 0.2667899489766214 and parameters: {'window_influence': 0.45956376015869554, 'penalty_k': 0.18012070614129094, 'scale_lr': 0.1477858314813143}. Best is trial 977 with value: 0.2897923603896203.
checkpoint_e32 window_influence: 0.44400704947547970, penalty_k: 0.12393460084046942, scale_lr: 0.10069938667795020, EAO: 0.279
Trial 1442 finished with value: 0.27885306323689174 and parameters: {'window_influence': 0.4440070494754797, 'penalty_k': 0.12393460084046942, 'scale_lr': 0.1006993866779502}. Best is trial 977 with value: 0.2897923603896203.
checkpoint_e32 window_influence: 0.27103662800382039, penalty_k: 0.03425116820462432, scale_lr: 0.12453493639615644, EAO: 0.247
Trial 1443 finished with value: 0.2472987214966518 and parameters: {'window_influence': 0.2710366280038204, 'penalty_k': 0.034251168204624316, 'scale_lr': 0.12453493639615644}. Best is trial 977 with value: 0.2897923603896203.
checkpoint_e32 window_influence: 0.07272785094741874, penalty_k: 0.15938246824051355, scale_lr: 0.16677656197003163, EAO: 0.239
Trial 1444 finished with value: 0.23940926905327697 and parameters: {'window_influence': 0.07272785094741874, 'penalty_k': 0.15938246824051355, 'scale_lr': 0.16677656197003163}. Best is trial 977 with value: 0.2897923603896203.
checkpoint_e32 window_influence: 0.39210915737381041, penalty_k: 0.55904629614490153, scale_lr: 0.13332467265025216, EAO: 0.249
Trial 1445 finished with value: 0.24932625211351286 and parameters: {'window_influence': 0.3921091573738104, 'penalty_k': 0.5590462961449015, 'scale_lr': 0.13332467265025216}. Best is trial 977 with value: 0.2897923603896203.
checkpoint_e32 window_influence: 0.41945681465807161, penalty_k: 0.13916423912684639, scale_lr: 0.28198034405166028, EAO: 0.270
Trial 1446 finished with value: 0.2696883797160978 and parameters: {'window_influence': 0.4194568146580716, 'penalty_k': 0.1391642391268464, 'scale_lr': 0.2819803440516603}. Best is trial 977 with value: 0.2897923603896203.
checkpoint_e32 window_influence: 0.40904505636583893, penalty_k: 0.10301788926925551, scale_lr: 0.11084681493776162, EAO: 0.273
Trial 1447 finished with value: 0.2732069012595386 and parameters: {'window_influence': 0.40904505636583893, 'penalty_k': 0.10301788926925551, 'scale_lr': 0.11084681493776162}. Best is trial 977 with value: 0.2897923603896203.
checkpoint_e32 window_influence: 0.37597317781061690, penalty_k: 0.32958234381016605, scale_lr: 0.54533969532385007, EAO: 0.260
Trial 1448 finished with value: 0.25959834783542446 and parameters: {'window_influence': 0.3759731778106169, 'penalty_k': 0.32958234381016605, 'scale_lr': 0.5453396953238501}. Best is trial 977 with value: 0.2897923603896203.
checkpoint_e32 window_influence: 0.42768174643617468, penalty_k: 0.00150022832588374, scale_lr: 0.58619070840319676, EAO: 0.259
Trial 1449 finished with value: 0.25928864858257095 and parameters: {'window_influence': 0.4276817464361747, 'penalty_k': 0.0015002283258837429, 'scale_lr': 0.5861907084031968}. Best is trial 977 with value: 0.2897923603896203.
checkpoint_e32 window_influence: 0.14017307135010168, penalty_k: 0.29760897103174122, scale_lr: 0.20567663655086002, EAO: 0.233
Trial 1450 finished with value: 0.23262015615052323 and parameters: {'window_influence': 0.14017307135010168, 'penalty_k': 0.2976089710317412, 'scale_lr': 0.20567663655086002}. Best is trial 977 with value: 0.2897923603896203.
checkpoint_e32 window_influence: 0.08842245765905521, penalty_k: 0.42169903226014688, scale_lr: 0.39744721631405994, EAO: 0.237
Trial 1451 finished with value: 0.23663252755636122 and parameters: {'window_influence': 0.08842245765905521, 'penalty_k': 0.4216990322601469, 'scale_lr': 0.39744721631405994}. Best is trial 977 with value: 0.2897923603896203.
checkpoint_e32 window_influence: 0.39805257146404038, penalty_k: 0.30628217280430675, scale_lr: 0.72057506828832874, EAO: 0.254
Trial 1452 finished with value: 0.25403281331546906 and parameters: {'window_influence': 0.3980525714640404, 'penalty_k': 0.30628217280430675, 'scale_lr': 0.7205750682883287}. Best is trial 977 with value: 0.2897923603896203.
checkpoint_e32 window_influence: 0.05101532635159645, penalty_k: 0.26581257100708977, scale_lr: 0.69126878850381890, EAO: 0.242
Trial 1453 finished with value: 0.24210688399105537 and parameters: {'window_influence': 0.051015326351596446, 'penalty_k': 0.26581257100708977, 'scale_lr': 0.6912687885038189}. Best is trial 977 with value: 0.2897923603896203.
checkpoint_e32 window_influence: 0.13678406535338533, penalty_k: 0.59769405662248831, scale_lr: 0.14365532547940216, EAO: 0.234
Trial 1454 finished with value: 0.23374348969721212 and parameters: {'window_influence': 0.13678406535338533, 'penalty_k': 0.5976940566224883, 'scale_lr': 0.14365532547940216}. Best is trial 977 with value: 0.2897923603896203.
checkpoint_e32 window_influence: 0.09281186036163058, penalty_k: 0.16983739315159738, scale_lr: 0.12211974826591826, EAO: 0.240
Trial 1455 finished with value: 0.23964945239022495 and parameters: {'window_influence': 0.09281186036163058, 'penalty_k': 0.16983739315159738, 'scale_lr': 0.12211974826591826}. Best is trial 977 with value: 0.2897923603896203.
checkpoint_e32 window_influence: 0.48839751755895716, penalty_k: 0.45458713553479030, scale_lr: 0.34866738932396441, EAO: 0.245
Trial 1456 finished with value: 0.2453422420998899 and parameters: {'window_influence': 0.48839751755895716, 'penalty_k': 0.4545871355347903, 'scale_lr': 0.3486673893239644}. Best is trial 977 with value: 0.2897923603896203.
checkpoint_e32 window_influence: 0.58252950037367679, penalty_k: 0.40595041810916277, scale_lr: 0.10007116590179116, EAO: 0.231
Trial 1457 finished with value: 0.2306670436893052 and parameters: {'window_influence': 0.5825295003736768, 'penalty_k': 0.40595041810916277, 'scale_lr': 0.10007116590179116}. Best is trial 977 with value: 0.2897923603896203.
checkpoint_e32 window_influence: 0.38518474669843333, penalty_k: 0.18910048038627247, scale_lr: 0.62583831124323930, EAO: 0.271
Trial 1458 finished with value: 0.2708588793146901 and parameters: {'window_influence': 0.38518474669843333, 'penalty_k': 0.18910048038627247, 'scale_lr': 0.6258383112432393}. Best is trial 977 with value: 0.2897923603896203.
checkpoint_e32 window_influence: 0.12690524745447537, penalty_k: 0.36542981787279016, scale_lr: 0.75334798605301623, EAO: 0.243
Trial 1459 finished with value: 0.2425808641847556 and parameters: {'window_influence': 0.12690524745447537, 'penalty_k': 0.36542981787279016, 'scale_lr': 0.7533479860530162}. Best is trial 977 with value: 0.2897923603896203.
checkpoint_e32 window_influence: 0.35946596829990379, penalty_k: 0.22424274351779863, scale_lr: 0.15193963952188108, EAO: 0.265
Trial 1460 finished with value: 0.2649001657235913 and parameters: {'window_influence': 0.3594659682999038, 'penalty_k': 0.22424274351779863, 'scale_lr': 0.15193963952188108}. Best is trial 977 with value: 0.2897923603896203.
checkpoint_e32 window_influence: 0.41054135562568494, penalty_k: 0.34692062948581520, scale_lr: 0.18537692593295910, EAO: 0.260
Trial 1461 finished with value: 0.2603064325403392 and parameters: {'window_influence': 0.41054135562568494, 'penalty_k': 0.3469206294858152, 'scale_lr': 0.1853769259329591}. Best is trial 977 with value: 0.2897923603896203.
checkpoint_e32 window_influence: 0.43268025867128934, penalty_k: 0.57684998941150012, scale_lr: 0.21647200520641058, EAO: 0.241
Trial 1462 finished with value: 0.2406559977226141 and parameters: {'window_influence': 0.43268025867128934, 'penalty_k': 0.5768499894115001, 'scale_lr': 0.21647200520641058}. Best is trial 977 with value: 0.2897923603896203.
checkpoint_e32 window_influence: 0.50542620159005680, penalty_k: 0.48112351853275498, scale_lr: 0.64501615680016500, EAO: 0.250
Trial 1463 finished with value: 0.2502616967975609 and parameters: {'window_influence': 0.5054262015900568, 'penalty_k': 0.481123518532755, 'scale_lr': 0.645016156800165}. Best is trial 977 with value: 0.2897923603896203.
checkpoint_e32 window_influence: 0.44489812778396359, penalty_k: 0.14987787119835366, scale_lr: 0.52031424082945998, EAO: 0.280
Trial 1464 finished with value: 0.28046740821706573 and parameters: {'window_influence': 0.4448981277839636, 'penalty_k': 0.14987787119835366, 'scale_lr': 0.52031424082946}. Best is trial 977 with value: 0.2897923603896203.
checkpoint_e32 window_influence: 0.17294617663404599, penalty_k: 0.39479716936988374, scale_lr: 0.29947569884726988, EAO: 0.233
Trial 1465 finished with value: 0.2327023196995743 and parameters: {'window_influence': 0.172946176634046, 'penalty_k': 0.39479716936988374, 'scale_lr': 0.2994756988472699}. Best is trial 977 with value: 0.2897923603896203.
checkpoint_e32 window_influence: 0.40018854185742953, penalty_k: 0.13213567927574196, scale_lr: 0.24326780450051452, EAO: 0.267
Trial 1466 finished with value: 0.2667539451665025 and parameters: {'window_influence': 0.4001885418574295, 'penalty_k': 0.13213567927574196, 'scale_lr': 0.24326780450051452}. Best is trial 977 with value: 0.2897923603896203.
checkpoint_e32 window_influence: 0.41667244171220419, penalty_k: 0.25635858190282174, scale_lr: 0.43059105398821707, EAO: 0.253
Trial 1467 finished with value: 0.25316511772997013 and parameters: {'window_influence': 0.4166724417122042, 'penalty_k': 0.25635858190282174, 'scale_lr': 0.43059105398821707}. Best is trial 977 with value: 0.2897923603896203.
checkpoint_e32 window_influence: 0.38051719863028272, penalty_k: 0.11644242171344003, scale_lr: 0.13818877222944925, EAO: 0.270
Trial 1468 finished with value: 0.26957292376252695 and parameters: {'window_influence': 0.3805171986302827, 'penalty_k': 0.11644242171344003, 'scale_lr': 0.13818877222944925}. Best is trial 977 with value: 0.2897923603896203.
checkpoint_e32 window_influence: 0.60585043031118491, penalty_k: 0.56737583178360884, scale_lr: 0.26079036362786534, EAO: 0.215
Trial 1469 finished with value: 0.21515477763685753 and parameters: {'window_influence': 0.6058504303111849, 'penalty_k': 0.5673758317836088, 'scale_lr': 0.26079036362786534}. Best is trial 977 with value: 0.2897923603896203.
checkpoint_e32 window_influence: 0.45779607401554218, penalty_k: 0.20166183432002455, scale_lr: 0.28946812389472498, EAO: 0.263
Trial 1470 finished with value: 0.2632940994287894 and parameters: {'window_influence': 0.4577960740155422, 'penalty_k': 0.20166183432002455, 'scale_lr': 0.289468123894725}. Best is trial 977 with value: 0.2897923603896203.
checkpoint_e32 window_influence: 0.51889041178370610, penalty_k: 0.13991560115425095, scale_lr: 0.45245499938265427, EAO: 0.257
Trial 1471 finished with value: 0.2571015641456697 and parameters: {'window_influence': 0.5188904117837061, 'penalty_k': 0.13991560115425095, 'scale_lr': 0.45245499938265427}. Best is trial 977 with value: 0.2897923603896203.
checkpoint_e32 window_influence: 0.62788028220906145, penalty_k: 0.16230941036298172, scale_lr: 0.66268384666690749, EAO: 0.216
Trial 1472 finished with value: 0.21605443566795288 and parameters: {'window_influence': 0.6278802822090614, 'penalty_k': 0.16230941036298172, 'scale_lr': 0.6626838466669075}. Best is trial 977 with value: 0.2897923603896203.
checkpoint_e32 window_influence: 0.42106062576612729, penalty_k: 0.09678613603195738, scale_lr: 0.11999795516207806, EAO: 0.270
Trial 1473 finished with value: 0.27011255659465866 and parameters: {'window_influence': 0.4210606257661273, 'penalty_k': 0.09678613603195738, 'scale_lr': 0.11999795516207806}. Best is trial 977 with value: 0.2897923603896203.
checkpoint_e32 window_influence: 0.26238924840101596, penalty_k: 0.12403701685162127, scale_lr: 0.16501256153223459, EAO: 0.263
Trial 1474 finished with value: 0.2625986828309734 and parameters: {'window_influence': 0.26238924840101596, 'penalty_k': 0.12403701685162127, 'scale_lr': 0.1650125615322346}. Best is trial 977 with value: 0.2897923603896203.
checkpoint_e32 window_influence: 0.20655512151725380, penalty_k: 0.04068978276617926, scale_lr: 0.13242363500169022, EAO: 0.259
Trial 1475 finished with value: 0.2594382377053664 and parameters: {'window_influence': 0.2065551215172538, 'penalty_k': 0.04068978276617926, 'scale_lr': 0.13242363500169022}. Best is trial 977 with value: 0.2897923603896203.
checkpoint_e32 window_influence: 0.39827963576335801, penalty_k: 0.15024445135073239, scale_lr: 0.11700301366685809, EAO: 0.275
Trial 1476 finished with value: 0.27507901688416797 and parameters: {'window_influence': 0.398279635763358, 'penalty_k': 0.1502444513507324, 'scale_lr': 0.11700301366685809}. Best is trial 977 with value: 0.2897923603896203.
checkpoint_e32 window_influence: 0.40744770312851697, penalty_k: 0.17095909632524250, scale_lr: 0.48844390551125993, EAO: 0.267
Trial 1477 finished with value: 0.26687550859722664 and parameters: {'window_influence': 0.40744770312851697, 'penalty_k': 0.1709590963252425, 'scale_lr': 0.48844390551125993}. Best is trial 977 with value: 0.2897923603896203.
checkpoint_e32 window_influence: 0.35849718939152903, penalty_k: 0.13766676193145808, scale_lr: 0.15075078127073788, EAO: 0.266
