Trial 309 finished with value: 0.25505131483078003 and parameters: {'window_influence': 0.4314892189512818, 'penalty_k': 0.22508587256726298, 'scale_lr': 0.15529197878171486}. Best is trial 35 with value: 0.27627885390103346.
checkpoint_e32 window_influence: 0.46246096450910407, penalty_k: 0.15568843651875708, scale_lr: 0.47885023562644680, EAO: 0.253
Trial 310 finished with value: 0.25333739350724027 and parameters: {'window_influence': 0.46246096450910407, 'penalty_k': 0.15568843651875708, 'scale_lr': 0.4788502356264468}. Best is trial 35 with value: 0.27627885390103346.
checkpoint_e32 window_influence: 0.39680461977957476, penalty_k: 0.05138904046091865, scale_lr: 0.25363396788581605, EAO: 0.257
Trial 311 finished with value: 0.2566882868607839 and parameters: {'window_influence': 0.39680461977957476, 'penalty_k': 0.051389040460918654, 'scale_lr': 0.25363396788581605}. Best is trial 35 with value: 0.27627885390103346.
checkpoint_e32 window_influence: 0.34189721644347199, penalty_k: 0.01001445871483438, scale_lr: 0.10548406097032315, EAO: 0.262
Trial 312 finished with value: 0.26221620582225846 and parameters: {'window_influence': 0.341897216443472, 'penalty_k': 0.010014458714834383, 'scale_lr': 0.10548406097032315}. Best is trial 35 with value: 0.27627885390103346.
checkpoint_e32 window_influence: 0.37410927080361822, penalty_k: 0.11863868612855774, scale_lr: 0.13331954986677275, EAO: 0.258
Trial 313 finished with value: 0.2579180199683197 and parameters: {'window_influence': 0.3741092708036182, 'penalty_k': 0.11863868612855774, 'scale_lr': 0.13331954986677275}. Best is trial 35 with value: 0.27627885390103346.
checkpoint_e32 window_influence: 0.41817771419720412, penalty_k: 0.34273245013331632, scale_lr: 0.23697131854479253, EAO: 0.273
Trial 314 finished with value: 0.273230541467182 and parameters: {'window_influence': 0.4181777141972041, 'penalty_k': 0.3427324501333163, 'scale_lr': 0.23697131854479253}. Best is trial 35 with value: 0.27627885390103346.
checkpoint_e32 window_influence: 0.42074184472133241, penalty_k: 0.33639861842249891, scale_lr: 0.23497281024234029, EAO: 0.259
Trial 315 finished with value: 0.25856713544789367 and parameters: {'window_influence': 0.4207418447213324, 'penalty_k': 0.3363986184224989, 'scale_lr': 0.2349728102423403}. Best is trial 35 with value: 0.27627885390103346.
checkpoint_e32 window_influence: 0.41431401207236296, penalty_k: 0.27627904233482231, scale_lr: 0.26977870404845761, EAO: 0.259
Trial 316 finished with value: 0.2585336178298888 and parameters: {'window_influence': 0.41431401207236296, 'penalty_k': 0.2762790423348223, 'scale_lr': 0.2697787040484576}. Best is trial 35 with value: 0.27627885390103346.
checkpoint_e32 window_influence: 0.43130909934017264, penalty_k: 0.34049178924762424, scale_lr: 0.23754135609406127, EAO: 0.253
Trial 317 finished with value: 0.2534475939545205 and parameters: {'window_influence': 0.43130909934017264, 'penalty_k': 0.34049178924762424, 'scale_lr': 0.23754135609406127}. Best is trial 35 with value: 0.27627885390103346.
checkpoint_e32 window_influence: 0.45057736382533964, penalty_k: 0.02196931811866295, scale_lr: 0.24955522428271132, EAO: 0.258
Trial 318 finished with value: 0.2579170922801747 and parameters: {'window_influence': 0.45057736382533964, 'penalty_k': 0.02196931811866295, 'scale_lr': 0.24955522428271132}. Best is trial 35 with value: 0.27627885390103346.
checkpoint_e32 window_influence: 0.30766127610430777, penalty_k: 0.38393720146391414, scale_lr: 0.21258382843755547, EAO: 0.256
Trial 319 finished with value: 0.25597876243717305 and parameters: {'window_influence': 0.30766127610430777, 'penalty_k': 0.38393720146391414, 'scale_lr': 0.21258382843755547}. Best is trial 35 with value: 0.27627885390103346.
checkpoint_e32 window_influence: 0.32089895066099750, penalty_k: 0.20498580229967509, scale_lr: 0.27874251173634196, EAO: 0.261
Trial 320 finished with value: 0.26144876791452004 and parameters: {'window_influence': 0.3208989506609975, 'penalty_k': 0.20498580229967509, 'scale_lr': 0.27874251173634196}. Best is trial 35 with value: 0.27627885390103346.
checkpoint_e32 window_influence: 0.40552396421912357, penalty_k: 0.17447996063249860, scale_lr: 0.22084805896574916, EAO: 0.267
Trial 321 finished with value: 0.2668380736093211 and parameters: {'window_influence': 0.40552396421912357, 'penalty_k': 0.1744799606324986, 'scale_lr': 0.22084805896574916}. Best is trial 35 with value: 0.27627885390103346.
checkpoint_e32 window_influence: 0.27017798321634140, penalty_k: 0.09285708893181012, scale_lr: 0.19938969885051352, EAO: 0.259
Trial 322 finished with value: 0.25887845535346166 and parameters: {'window_influence': 0.2701779832163414, 'penalty_k': 0.09285708893181012, 'scale_lr': 0.19938969885051352}. Best is trial 35 with value: 0.27627885390103346.
checkpoint_e32 window_influence: 0.28756921577060807, penalty_k: 0.52375499034889461, scale_lr: 0.52812183121620571, EAO: 0.252
Trial 323 finished with value: 0.2517289217046606 and parameters: {'window_influence': 0.28756921577060807, 'penalty_k': 0.5237549903488946, 'scale_lr': 0.5281218312162057}. Best is trial 35 with value: 0.27627885390103346.
checkpoint_e32 window_influence: 0.35065115052444795, penalty_k: 0.29364665958640185, scale_lr: 0.24614433351355489, EAO: 0.263
Trial 324 finished with value: 0.2625301499676898 and parameters: {'window_influence': 0.35065115052444795, 'penalty_k': 0.29364665958640185, 'scale_lr': 0.24614433351355489}. Best is trial 35 with value: 0.27627885390103346.
checkpoint_e32 window_influence: 0.32859154272241481, penalty_k: 0.26202151081976155, scale_lr: 0.22719359310552539, EAO: 0.261
Trial 325 finished with value: 0.2613582661965998 and parameters: {'window_influence': 0.3285915427224148, 'penalty_k': 0.26202151081976155, 'scale_lr': 0.2271935931055254}. Best is trial 35 with value: 0.27627885390103346.
checkpoint_e32 window_influence: 0.42073104401418093, penalty_k: 0.18910560305673971, scale_lr: 0.34118420955779438, EAO: 0.251
Trial 326 finished with value: 0.2505959187581287 and parameters: {'window_influence': 0.42073104401418093, 'penalty_k': 0.1891056030567397, 'scale_lr': 0.3411842095577944}. Best is trial 35 with value: 0.27627885390103346.
checkpoint_e32 window_influence: 0.30077982972092709, penalty_k: 0.31020606293265357, scale_lr: 0.26262140773945436, EAO: 0.271
Trial 327 finished with value: 0.2711105099538477 and parameters: {'window_influence': 0.3007798297209271, 'penalty_k': 0.31020606293265357, 'scale_lr': 0.26262140773945436}. Best is trial 35 with value: 0.27627885390103346.
checkpoint_e32 window_influence: 0.30354670977985693, penalty_k: 0.28485452403423500, scale_lr: 0.26007395267761391, EAO: 0.272
Trial 328 finished with value: 0.27205366011315246 and parameters: {'window_influence': 0.3035467097798569, 'penalty_k': 0.284854524034235, 'scale_lr': 0.2600739526776139}. Best is trial 35 with value: 0.27627885390103346.
checkpoint_e32 window_influence: 0.29949785463821493, penalty_k: 0.26939581774227844, scale_lr: 0.26223413414364927, EAO: 0.252
Trial 329 finished with value: 0.25185501957085077 and parameters: {'window_influence': 0.29949785463821493, 'penalty_k': 0.26939581774227844, 'scale_lr': 0.26223413414364927}. Best is trial 35 with value: 0.27627885390103346.
checkpoint_e32 window_influence: 0.30104927068712012, penalty_k: 0.30763940662683087, scale_lr: 0.27273571846473843, EAO: 0.258
Trial 330 finished with value: 0.2577583884926346 and parameters: {'window_influence': 0.3010492706871201, 'penalty_k': 0.30763940662683087, 'scale_lr': 0.27273571846473843}. Best is trial 35 with value: 0.27627885390103346.
checkpoint_e32 window_influence: 0.28934025082800574, penalty_k: 0.31669172333376416, scale_lr: 0.28769399116850969, EAO: 0.257
Trial 331 finished with value: 0.2571079482634862 and parameters: {'window_influence': 0.28934025082800574, 'penalty_k': 0.31669172333376416, 'scale_lr': 0.2876939911685097}. Best is trial 35 with value: 0.27627885390103346.
checkpoint_e32 window_influence: 0.25830139161395615, penalty_k: 0.29509495445484651, scale_lr: 0.39346126107698198, EAO: 0.253
Trial 332 finished with value: 0.25265386482564417 and parameters: {'window_influence': 0.25830139161395615, 'penalty_k': 0.2950949544548465, 'scale_lr': 0.393461261076982}. Best is trial 35 with value: 0.27627885390103346.
checkpoint_e32 window_influence: 0.31583035064579573, penalty_k: 0.28603592240337128, scale_lr: 0.25597175701434888, EAO: 0.266
Trial 333 finished with value: 0.26637431009998164 and parameters: {'window_influence': 0.31583035064579573, 'penalty_k': 0.2860359224033713, 'scale_lr': 0.2559717570143489}. Best is trial 35 with value: 0.27627885390103346.
checkpoint_e32 window_influence: 0.28546950088399631, penalty_k: 0.28293317797787360, scale_lr: 0.32304030793319016, EAO: 0.244
Trial 334 finished with value: 0.24386934342423106 and parameters: {'window_influence': 0.2854695008839963, 'penalty_k': 0.2829331779778736, 'scale_lr': 0.32304030793319016}. Best is trial 35 with value: 0.27627885390103346.
checkpoint_e32 window_influence: 0.33609326721933264, penalty_k: 0.23838900711379021, scale_lr: 0.26295298737796657, EAO: 0.262
Trial 335 finished with value: 0.26184861325636144 and parameters: {'window_influence': 0.33609326721933264, 'penalty_k': 0.2383890071137902, 'scale_lr': 0.2629529873779666}. Best is trial 35 with value: 0.27627885390103346.
checkpoint_e32 window_influence: 0.27770968894457426, penalty_k: 0.25506513585309726, scale_lr: 0.24184388490166955, EAO: 0.267
Trial 336 finished with value: 0.2665444032205799 and parameters: {'window_influence': 0.27770968894457426, 'penalty_k': 0.25506513585309726, 'scale_lr': 0.24184388490166955}. Best is trial 35 with value: 0.27627885390103346.
checkpoint_e32 window_influence: 0.30488085732631093, penalty_k: 0.54776314442558549, scale_lr: 0.30385475273372936, EAO: 0.253
Trial 337 finished with value: 0.25315426835199684 and parameters: {'window_influence': 0.30488085732631093, 'penalty_k': 0.5477631444255855, 'scale_lr': 0.30385475273372936}. Best is trial 35 with value: 0.27627885390103346.
checkpoint_e32 window_influence: 0.32449078042333973, penalty_k: 0.28017208470543353, scale_lr: 0.29688364109111548, EAO: 0.266
Trial 338 finished with value: 0.26592942642244866 and parameters: {'window_influence': 0.32449078042333973, 'penalty_k': 0.28017208470543353, 'scale_lr': 0.2968836410911155}. Best is trial 35 with value: 0.27627885390103346.
checkpoint_e32 window_influence: 0.39106464785241657, penalty_k: 0.32959926870604683, scale_lr: 0.28354820847341938, EAO: 0.266
Trial 339 finished with value: 0.2660971056155073 and parameters: {'window_influence': 0.39106464785241657, 'penalty_k': 0.32959926870604683, 'scale_lr': 0.2835482084734194}. Best is trial 35 with value: 0.27627885390103346.
checkpoint_e32 window_influence: 0.50349069071738950, penalty_k: 0.35192336282732778, scale_lr: 0.27187608129143015, EAO: 0.249
Trial 340 finished with value: 0.2493806090054473 and parameters: {'window_influence': 0.5034906907173895, 'penalty_k': 0.3519233628273278, 'scale_lr': 0.27187608129143015}. Best is trial 35 with value: 0.27627885390103346.
checkpoint_e32 window_influence: 0.44374923962287582, penalty_k: 0.30315858802226442, scale_lr: 0.25447191661754309, EAO: 0.249
Trial 341 finished with value: 0.2487628833065188 and parameters: {'window_influence': 0.4437492396228758, 'penalty_k': 0.3031585880222644, 'scale_lr': 0.2544719166175431}. Best is trial 35 with value: 0.27627885390103346.
checkpoint_e32 window_influence: 0.40884997340538931, penalty_k: 0.19983602847304369, scale_lr: 0.12968141619187110, EAO: 0.263
Trial 342 finished with value: 0.26339996248725955 and parameters: {'window_influence': 0.4088499734053893, 'penalty_k': 0.1998360284730437, 'scale_lr': 0.1296814161918711}. Best is trial 35 with value: 0.27627885390103346.
checkpoint_e32 window_influence: 0.34436949703143643, penalty_k: 0.08233799747436062, scale_lr: 0.23205134880633513, EAO: 0.250
Trial 343 finished with value: 0.2503430003194305 and parameters: {'window_influence': 0.34436949703143643, 'penalty_k': 0.08233799747436062, 'scale_lr': 0.23205134880633513}. Best is trial 35 with value: 0.27627885390103346.
checkpoint_e32 window_influence: 0.19877004768268483, penalty_k: 0.22733020399758000, scale_lr: 0.39927336270907898, EAO: 0.257
Trial 344 finished with value: 0.2569461572703307 and parameters: {'window_influence': 0.19877004768268483, 'penalty_k': 0.22733020399758, 'scale_lr': 0.399273362709079}. Best is trial 35 with value: 0.27627885390103346.
checkpoint_e32 window_influence: 0.43323014385178094, penalty_k: 0.31259968560606161, scale_lr: 0.31285847145434198, EAO: 0.254
Trial 345 finished with value: 0.2543040093004219 and parameters: {'window_influence': 0.43323014385178094, 'penalty_k': 0.3125996856060616, 'scale_lr': 0.312858471454342}. Best is trial 35 with value: 0.27627885390103346.
checkpoint_e32 window_influence: 0.31616945419615233, penalty_k: 0.17578424688789962, scale_lr: 0.14427727106746277, EAO: 0.255
Trial 346 finished with value: 0.2551007372577016 and parameters: {'window_influence': 0.31616945419615233, 'penalty_k': 0.17578424688789962, 'scale_lr': 0.14427727106746277}. Best is trial 35 with value: 0.27627885390103346.
checkpoint_e32 window_influence: 0.58322785844766578, penalty_k: 0.16195690884402764, scale_lr: 0.41190722196675306, EAO: 0.231
Trial 347 finished with value: 0.23135647317016028 and parameters: {'window_influence': 0.5832278584476658, 'penalty_k': 0.16195690884402764, 'scale_lr': 0.41190722196675306}. Best is trial 35 with value: 0.27627885390103346.
checkpoint_e32 window_influence: 0.29909409477091387, penalty_k: 0.24876710664492827, scale_lr: 0.11926610026016719, EAO: 0.270
Trial 348 finished with value: 0.2699244398532844 and parameters: {'window_influence': 0.29909409477091387, 'penalty_k': 0.24876710664492827, 'scale_lr': 0.1192661002601672}. Best is trial 35 with value: 0.27627885390103346.
checkpoint_e32 window_influence: 0.29585985586312796, penalty_k: 0.25718696230810190, scale_lr: 0.11543270012218933, EAO: 0.249
Trial 349 finished with value: 0.2493368030442455 and parameters: {'window_influence': 0.29585985586312796, 'penalty_k': 0.2571869623081019, 'scale_lr': 0.11543270012218933}. Best is trial 35 with value: 0.27627885390103346.
checkpoint_e32 window_influence: 0.27330644668293058, penalty_k: 0.26481534328765555, scale_lr: 0.10089151012092099, EAO: 0.253
Trial 350 finished with value: 0.25256672307727784 and parameters: {'window_influence': 0.2733064466829306, 'penalty_k': 0.26481534328765555, 'scale_lr': 0.10089151012092099}. Best is trial 35 with value: 0.27627885390103346.
checkpoint_e32 window_influence: 0.30478962208632149, penalty_k: 0.24305106957792241, scale_lr: 0.12051904941550971, EAO: 0.252
Trial 351 finished with value: 0.2516796567091128 and parameters: {'window_influence': 0.3047896220863215, 'penalty_k': 0.2430510695779224, 'scale_lr': 0.12051904941550971}. Best is trial 35 with value: 0.27627885390103346.
checkpoint_e32 window_influence: 0.29393227134113992, penalty_k: 0.27292933806749636, scale_lr: 0.13332443977928796, EAO: 0.260
Trial 352 finished with value: 0.25978122506199813 and parameters: {'window_influence': 0.2939322713411399, 'penalty_k': 0.27292933806749636, 'scale_lr': 0.13332443977928796}. Best is trial 35 with value: 0.27627885390103346.
checkpoint_e32 window_influence: 0.28483879340637541, penalty_k: 0.24766184665529725, scale_lr: 0.15154888120416432, EAO: 0.255
Trial 353 finished with value: 0.2546905895195356 and parameters: {'window_influence': 0.2848387934063754, 'penalty_k': 0.24766184665529725, 'scale_lr': 0.15154888120416432}. Best is trial 35 with value: 0.27627885390103346.
checkpoint_e32 window_influence: 0.39637918710415720, penalty_k: 0.23168448194299207, scale_lr: 0.12371626196444079, EAO: 0.261
Trial 354 finished with value: 0.2611900260899125 and parameters: {'window_influence': 0.3963791871041572, 'penalty_k': 0.23168448194299207, 'scale_lr': 0.12371626196444079}. Best is trial 35 with value: 0.27627885390103346.
checkpoint_e32 window_influence: 0.30946222463492035, penalty_k: 0.21808801981729961, scale_lr: 0.20552661865653410, EAO: 0.266
Trial 355 finished with value: 0.26637364354560045 and parameters: {'window_influence': 0.30946222463492035, 'penalty_k': 0.2180880198172996, 'scale_lr': 0.2055266186565341}. Best is trial 35 with value: 0.27627885390103346.
checkpoint_e32 window_influence: 0.32633518938413175, penalty_k: 0.25122137096072344, scale_lr: 0.16354840341291552, EAO: 0.257
Trial 356 finished with value: 0.2571574083067537 and parameters: {'window_influence': 0.32633518938413175, 'penalty_k': 0.25122137096072344, 'scale_lr': 0.16354840341291552}. Best is trial 35 with value: 0.27627885390103346.
checkpoint_e32 window_influence: 0.38527741074418531, penalty_k: 0.29600845419789584, scale_lr: 0.18022968404541567, EAO: 0.265
Trial 357 finished with value: 0.2646418637861081 and parameters: {'window_influence': 0.3852774107441853, 'penalty_k': 0.29600845419789584, 'scale_lr': 0.18022968404541567}. Best is trial 35 with value: 0.27627885390103346.
checkpoint_e32 window_influence: 0.42296599367117838, penalty_k: 0.06384396485465864, scale_lr: 0.14552064893954386, EAO: 0.259
Trial 358 finished with value: 0.2585277897797949 and parameters: {'window_influence': 0.4229659936711784, 'penalty_k': 0.06384396485465864, 'scale_lr': 0.14552064893954386}. Best is trial 35 with value: 0.27627885390103346.
checkpoint_e32 window_influence: 0.24406444896110321, penalty_k: 0.32092962004399322, scale_lr: 0.23760526981263233, EAO: 0.253
Trial 359 finished with value: 0.2525276494462316 and parameters: {'window_influence': 0.24406444896110321, 'penalty_k': 0.3209296200439932, 'scale_lr': 0.23760526981263233}. Best is trial 35 with value: 0.27627885390103346.
checkpoint_e32 window_influence: 0.37059600459056219, penalty_k: 0.20793502506493045, scale_lr: 0.19722863040853816, EAO: 0.270
Trial 360 finished with value: 0.269998744675299 and parameters: {'window_influence': 0.3705960045905622, 'penalty_k': 0.20793502506493045, 'scale_lr': 0.19722863040853816}. Best is trial 35 with value: 0.27627885390103346.
checkpoint_e32 window_influence: 0.37360480256798695, penalty_k: 0.20783485656818018, scale_lr: 0.19443135029802269, EAO: 0.265
Trial 361 finished with value: 0.2646616817247577 and parameters: {'window_influence': 0.37360480256798695, 'penalty_k': 0.20783485656818018, 'scale_lr': 0.1944313502980227}. Best is trial 35 with value: 0.27627885390103346.
checkpoint_e32 window_influence: 0.60829989957082531, penalty_k: 0.19284122144890750, scale_lr: 0.22344817096080413, EAO: 0.228
Trial 362 finished with value: 0.22798516159135152 and parameters: {'window_influence': 0.6082998995708253, 'penalty_k': 0.1928412214489075, 'scale_lr': 0.22344817096080413}. Best is trial 35 with value: 0.27627885390103346.
checkpoint_e32 window_influence: 0.36485840654992507, penalty_k: 0.21902069793713705, scale_lr: 0.20756801961251439, EAO: 0.263
Trial 363 finished with value: 0.2626089748085999 and parameters: {'window_influence': 0.3648584065499251, 'penalty_k': 0.21902069793713705, 'scale_lr': 0.2075680196125144}. Best is trial 35 with value: 0.27627885390103346.
checkpoint_e32 window_influence: 0.45755708710233634, penalty_k: 0.09006247798704500, scale_lr: 0.45125876824106925, EAO: 0.264
Trial 364 finished with value: 0.2642153838301093 and parameters: {'window_influence': 0.45755708710233634, 'penalty_k': 0.090062477987045, 'scale_lr': 0.45125876824106925}. Best is trial 35 with value: 0.27627885390103346.
checkpoint_e32 window_influence: 0.38490811794505042, penalty_k: 0.35748597135887672, scale_lr: 0.19309307290370270, EAO: 0.261
Trial 365 finished with value: 0.26070506852574465 and parameters: {'window_influence': 0.3849081179450504, 'penalty_k': 0.3574859713588767, 'scale_lr': 0.1930930729037027}. Best is trial 35 with value: 0.27627885390103346.
checkpoint_e32 window_influence: 0.40286798440558469, penalty_k: 0.07325767853010248, scale_lr: 0.21010805661190324, EAO: 0.267
Trial 366 finished with value: 0.2665104258472357 and parameters: {'window_influence': 0.4028679844055847, 'penalty_k': 0.07325767853010248, 'scale_lr': 0.21010805661190324}. Best is trial 35 with value: 0.27627885390103346.
checkpoint_e32 window_influence: 0.35909575089005646, penalty_k: 0.20914997694427989, scale_lr: 0.17444163117220918, EAO: 0.267
Trial 367 finished with value: 0.26705411912464516 and parameters: {'window_influence': 0.35909575089005646, 'penalty_k': 0.2091499769442799, 'scale_lr': 0.17444163117220918}. Best is trial 35 with value: 0.27627885390103346.
checkpoint_e32 window_influence: 0.37418021715273264, penalty_k: 0.18428302990679463, scale_lr: 0.22837887325138595, EAO: 0.267
Trial 368 finished with value: 0.26701921921193117 and parameters: {'window_influence': 0.37418021715273264, 'penalty_k': 0.18428302990679463, 'scale_lr': 0.22837887325138595}. Best is trial 35 with value: 0.27627885390103346.
checkpoint_e32 window_influence: 0.39599609221925036, penalty_k: 0.23103339038063511, scale_lr: 0.24541415617925072, EAO: 0.255
Trial 369 finished with value: 0.25497535676733263 and parameters: {'window_influence': 0.39599609221925036, 'penalty_k': 0.2310333903806351, 'scale_lr': 0.24541415617925072}. Best is trial 35 with value: 0.27627885390103346.
checkpoint_e32 window_influence: 0.35481519168227760, penalty_k: 0.10154667386773227, scale_lr: 0.18622793182153646, EAO: 0.260
Trial 370 finished with value: 0.2601538807517145 and parameters: {'window_influence': 0.3548151916822776, 'penalty_k': 0.10154667386773227, 'scale_lr': 0.18622793182153646}. Best is trial 35 with value: 0.27627885390103346.
checkpoint_e32 window_influence: 0.41291798351649983, penalty_k: 0.16626490136831887, scale_lr: 0.37276253535346970, EAO: 0.263
