Trial 548 finished with value: 0.26685510497025355 and parameters: {'window_influence': 0.3167385542607586, 'penalty_k': 0.25144325323533595, 'scale_lr': 0.10005769477704185}. Best is trial 212 with value: 0.2844979555868521.
checkpoint_e32 window_influence: 0.29399759132413839, penalty_k: 0.07108981105970734, scale_lr: 0.52099832713297189, EAO: 0.260
Trial 549 finished with value: 0.2598832411979272 and parameters: {'window_influence': 0.2939975913241384, 'penalty_k': 0.07108981105970734, 'scale_lr': 0.5209983271329719}. Best is trial 212 with value: 0.2844979555868521.
checkpoint_e32 window_influence: 0.30744163706922611, penalty_k: 0.48807178296015025, scale_lr: 0.47708146149791808, EAO: 0.269
Trial 550 finished with value: 0.26939172982200377 and parameters: {'window_influence': 0.3074416370692261, 'penalty_k': 0.48807178296015025, 'scale_lr': 0.4770814614979181}. Best is trial 212 with value: 0.2844979555868521.
checkpoint_e32 window_influence: 0.32622948805024654, penalty_k: 0.09156582515400265, scale_lr: 0.17234239991177605, EAO: 0.258
Trial 551 finished with value: 0.2579028902015066 and parameters: {'window_influence': 0.32622948805024654, 'penalty_k': 0.09156582515400265, 'scale_lr': 0.17234239991177605}. Best is trial 212 with value: 0.2844979555868521.
checkpoint_e32 window_influence: 0.09102587822348951, penalty_k: 0.30330499594971111, scale_lr: 0.13006034797578003, EAO: 0.227
Trial 552 finished with value: 0.22706917140299712 and parameters: {'window_influence': 0.09102587822348951, 'penalty_k': 0.3033049959497111, 'scale_lr': 0.13006034797578003}. Best is trial 212 with value: 0.2844979555868521.
checkpoint_e32 window_influence: 0.14021400613085647, penalty_k: 0.05534195870696630, scale_lr: 0.39594519730284450, EAO: 0.242
Trial 553 finished with value: 0.2421970158451941 and parameters: {'window_influence': 0.14021400613085647, 'penalty_k': 0.0553419587069663, 'scale_lr': 0.3959451973028445}. Best is trial 212 with value: 0.2844979555868521.
checkpoint_e32 window_influence: 0.16649014797519243, penalty_k: 0.19274304111957857, scale_lr: 0.13637074795825876, EAO: 0.241
Trial 554 finished with value: 0.24134662789784797 and parameters: {'window_influence': 0.16649014797519243, 'penalty_k': 0.19274304111957857, 'scale_lr': 0.13637074795825876}. Best is trial 212 with value: 0.2844979555868521.
checkpoint_e32 window_influence: 0.34080865864047050, penalty_k: 0.27286186741874219, scale_lr: 0.24252183629671503, EAO: 0.253
Trial 555 finished with value: 0.25340325130922037 and parameters: {'window_influence': 0.3408086586404705, 'penalty_k': 0.2728618674187422, 'scale_lr': 0.24252183629671503}. Best is trial 212 with value: 0.2844979555868521.
checkpoint_e32 window_influence: 0.35745940279771238, penalty_k: 0.47390731088915222, scale_lr: 0.10038824972038249, EAO: 0.251
Trial 556 finished with value: 0.2506874013480132 and parameters: {'window_influence': 0.3574594027977124, 'penalty_k': 0.4739073108891522, 'scale_lr': 0.10038824972038249}. Best is trial 212 with value: 0.2844979555868521.
checkpoint_e32 window_influence: 0.57586994640097988, penalty_k: 0.07565413108656352, scale_lr: 0.71930532178600159, EAO: 0.223
Trial 557 finished with value: 0.22345375614922222 and parameters: {'window_influence': 0.5758699464009799, 'penalty_k': 0.07565413108656352, 'scale_lr': 0.7193053217860016}. Best is trial 212 with value: 0.2844979555868521.
checkpoint_e32 window_influence: 0.26575877242252144, penalty_k: 0.30933469672051322, scale_lr: 0.11699718276879204, EAO: 0.259
Trial 558 finished with value: 0.25894247994917197 and parameters: {'window_influence': 0.26575877242252144, 'penalty_k': 0.3093346967205132, 'scale_lr': 0.11699718276879204}. Best is trial 212 with value: 0.2844979555868521.
checkpoint_e32 window_influence: 0.31858138774248479, penalty_k: 0.11324087425031443, scale_lr: 0.33346424458653423, EAO: 0.266
Trial 559 finished with value: 0.2655132165769251 and parameters: {'window_influence': 0.3185813877424848, 'penalty_k': 0.11324087425031443, 'scale_lr': 0.33346424458653423}. Best is trial 212 with value: 0.2844979555868521.
checkpoint_e32 window_influence: 0.60776980817586101, penalty_k: 0.55902125315602902, scale_lr: 0.15668376664587763, EAO: 0.218
Trial 560 finished with value: 0.21817463890808383 and parameters: {'window_influence': 0.607769808175861, 'penalty_k': 0.559021253156029, 'scale_lr': 0.15668376664587763}. Best is trial 212 with value: 0.2844979555868521.
checkpoint_e32 window_influence: 0.45197568394665616, penalty_k: 0.09241615058917380, scale_lr: 0.33909485882967194, EAO: 0.268
Trial 561 finished with value: 0.26762498824334724 and parameters: {'window_influence': 0.45197568394665616, 'penalty_k': 0.0924161505891738, 'scale_lr': 0.33909485882967194}. Best is trial 212 with value: 0.2844979555868521.
checkpoint_e32 window_influence: 0.30456359674068167, penalty_k: 0.35141345549291891, scale_lr: 0.12857186382796920, EAO: 0.263
Trial 562 finished with value: 0.26287032754682915 and parameters: {'window_influence': 0.3045635967406817, 'penalty_k': 0.3514134554929189, 'scale_lr': 0.1285718638279692}. Best is trial 212 with value: 0.2844979555868521.
checkpoint_e32 window_influence: 0.33299114737898483, penalty_k: 0.49622240599093159, scale_lr: 0.30477641618962570, EAO: 0.258
Trial 563 finished with value: 0.25835581335837277 and parameters: {'window_influence': 0.33299114737898483, 'penalty_k': 0.4962224059909316, 'scale_lr': 0.3047764161896257}. Best is trial 212 with value: 0.2844979555868521.
checkpoint_e32 window_influence: 0.28840764110066702, penalty_k: 0.54596636129802489, scale_lr: 0.40443799293821692, EAO: 0.248
Trial 564 finished with value: 0.24849146937694006 and parameters: {'window_influence': 0.288407641100667, 'penalty_k': 0.5459663612980249, 'scale_lr': 0.4044379929382169}. Best is trial 212 with value: 0.2844979555868521.
checkpoint_e32 window_influence: 0.34087799133798780, penalty_k: 0.08100781516917961, scale_lr: 0.11462280559891330, EAO: 0.280
Trial 565 finished with value: 0.2799849043168673 and parameters: {'window_influence': 0.3408779913379878, 'penalty_k': 0.08100781516917961, 'scale_lr': 0.1146228055989133}. Best is trial 212 with value: 0.2844979555868521.
checkpoint_e32 window_influence: 0.35563236799710507, penalty_k: 0.15309608145723738, scale_lr: 0.11239412630238226, EAO: 0.275
Trial 566 finished with value: 0.2753981567495237 and parameters: {'window_influence': 0.35563236799710507, 'penalty_k': 0.15309608145723738, 'scale_lr': 0.11239412630238226}. Best is trial 212 with value: 0.2844979555868521.
checkpoint_e32 window_influence: 0.34530000085415824, penalty_k: 0.21986053517867665, scale_lr: 0.21126441605925975, EAO: 0.259
Trial 567 finished with value: 0.25859918366602763 and parameters: {'window_influence': 0.34530000085415824, 'penalty_k': 0.21986053517867665, 'scale_lr': 0.21126441605925975}. Best is trial 212 with value: 0.2844979555868521.
checkpoint_e32 window_influence: 0.31508452043281876, penalty_k: 0.06214182889136476, scale_lr: 0.73237421191022289, EAO: 0.263
Trial 568 finished with value: 0.2625464124044752 and parameters: {'window_influence': 0.31508452043281876, 'penalty_k': 0.062141828891364756, 'scale_lr': 0.7323742119102229}. Best is trial 212 with value: 0.2844979555868521.
checkpoint_e32 window_influence: 0.29417080924671163, penalty_k: 0.07628537519638209, scale_lr: 0.14319045944407202, EAO: 0.265
Trial 569 finished with value: 0.2652528869306169 and parameters: {'window_influence': 0.29417080924671163, 'penalty_k': 0.0762853751963821, 'scale_lr': 0.14319045944407202}. Best is trial 212 with value: 0.2844979555868521.
checkpoint_e32 window_influence: 0.12414482059771520, penalty_k: 0.04903031401983630, scale_lr: 0.18824887072427568, EAO: 0.247
Trial 570 finished with value: 0.24667903847568404 and parameters: {'window_influence': 0.1241448205977152, 'penalty_k': 0.049030314019836305, 'scale_lr': 0.18824887072427568}. Best is trial 212 with value: 0.2844979555868521.
checkpoint_e32 window_influence: 0.45812904943889277, penalty_k: 0.10214562695468617, scale_lr: 0.55233279457467399, EAO: 0.266
Trial 571 finished with value: 0.2658995644954162 and parameters: {'window_influence': 0.45812904943889277, 'penalty_k': 0.10214562695468617, 'scale_lr': 0.552332794574674}. Best is trial 212 with value: 0.2844979555868521.
checkpoint_e32 window_influence: 0.18900841329180096, penalty_k: 0.33178072298523476, scale_lr: 0.75619005513250626, EAO: 0.245
Trial 572 finished with value: 0.24526256341032865 and parameters: {'window_influence': 0.18900841329180096, 'penalty_k': 0.33178072298523476, 'scale_lr': 0.7561900551325063}. Best is trial 212 with value: 0.2844979555868521.
checkpoint_e32 window_influence: 0.32402970660073344, penalty_k: 0.57690468627145730, scale_lr: 0.12806761282867002, EAO: 0.245
Trial 573 finished with value: 0.2449910299080174 and parameters: {'window_influence': 0.32402970660073344, 'penalty_k': 0.5769046862714573, 'scale_lr': 0.12806761282867002}. Best is trial 212 with value: 0.2844979555868521.
checkpoint_e32 window_influence: 0.34641036369301270, penalty_k: 0.51533020192357304, scale_lr: 0.44932381179841119, EAO: 0.272
Trial 574 finished with value: 0.2718378690078976 and parameters: {'window_influence': 0.3464103636930127, 'penalty_k': 0.515330201923573, 'scale_lr': 0.4493238117984112}. Best is trial 212 with value: 0.2844979555868521.
checkpoint_e32 window_influence: 0.10037705943888994, penalty_k: 0.53266499456328664, scale_lr: 0.25562388858390017, EAO: 0.230
Trial 575 finished with value: 0.23041399653122677 and parameters: {'window_influence': 0.10037705943888994, 'penalty_k': 0.5326649945632866, 'scale_lr': 0.25562388858390017}. Best is trial 212 with value: 0.2844979555868521.
checkpoint_e32 window_influence: 0.27374719907864620, penalty_k: 0.13059322674806612, scale_lr: 0.77364349278753497, EAO: 0.261
Trial 576 finished with value: 0.26052353573523884 and parameters: {'window_influence': 0.2737471990786462, 'penalty_k': 0.13059322674806612, 'scale_lr': 0.773643492787535}. Best is trial 212 with value: 0.2844979555868521.
checkpoint_e32 window_influence: 0.30577535000643552, penalty_k: 0.23545914358790326, scale_lr: 0.42243999995959658, EAO: 0.279
Trial 577 finished with value: 0.2788649773815783 and parameters: {'window_influence': 0.3057753500064355, 'penalty_k': 0.23545914358790326, 'scale_lr': 0.4224399999595966}. Best is trial 212 with value: 0.2844979555868521.
checkpoint_e32 window_influence: 0.30418330720980813, penalty_k: 0.19894693538035774, scale_lr: 0.31051483754138998, EAO: 0.267
Trial 578 finished with value: 0.26701879901130027 and parameters: {'window_influence': 0.30418330720980813, 'penalty_k': 0.19894693538035774, 'scale_lr': 0.31051483754139}. Best is trial 212 with value: 0.2844979555868521.
checkpoint_e32 window_influence: 0.30658068553972123, penalty_k: 0.12292180104350087, scale_lr: 0.33966979307717499, EAO: 0.278
Trial 579 finished with value: 0.27800367336447646 and parameters: {'window_influence': 0.30658068553972123, 'penalty_k': 0.12292180104350087, 'scale_lr': 0.339669793077175}. Best is trial 212 with value: 0.2844979555868521.
checkpoint_e32 window_influence: 0.28362970426979073, penalty_k: 0.12201533010750557, scale_lr: 0.50572228951768461, EAO: 0.262
Trial 580 finished with value: 0.2622819972958991 and parameters: {'window_influence': 0.28362970426979073, 'penalty_k': 0.12201533010750557, 'scale_lr': 0.5057222895176846}. Best is trial 212 with value: 0.2844979555868521.
checkpoint_e32 window_influence: 0.30591314032069744, penalty_k: 0.22806684891637979, scale_lr: 0.45438581376290893, EAO: 0.272
Trial 581 finished with value: 0.27225570659327314 and parameters: {'window_influence': 0.30591314032069744, 'penalty_k': 0.2280668489163798, 'scale_lr': 0.45438581376290893}. Best is trial 212 with value: 0.2844979555868521.
checkpoint_e32 window_influence: 0.20740254565719379, penalty_k: 0.17886034037420134, scale_lr: 0.29102062796890171, EAO: 0.261
Trial 582 finished with value: 0.26144238688596866 and parameters: {'window_influence': 0.2074025456571938, 'penalty_k': 0.17886034037420134, 'scale_lr': 0.2910206279689017}. Best is trial 212 with value: 0.2844979555868521.
checkpoint_e32 window_influence: 0.29814794196345840, penalty_k: 0.16073965353406017, scale_lr: 0.35895186841555399, EAO: 0.268
Trial 583 finished with value: 0.26752699475462843 and parameters: {'window_influence': 0.2981479419634584, 'penalty_k': 0.16073965353406017, 'scale_lr': 0.358951868415554}. Best is trial 212 with value: 0.2844979555868521.
checkpoint_e32 window_influence: 0.31348705385191644, penalty_k: 0.11138991838259882, scale_lr: 0.39297952613835563, EAO: 0.264
Trial 584 finished with value: 0.26381765814816077 and parameters: {'window_influence': 0.31348705385191644, 'penalty_k': 0.11138991838259882, 'scale_lr': 0.39297952613835563}. Best is trial 212 with value: 0.2844979555868521.
checkpoint_e32 window_influence: 0.29277200827143440, penalty_k: 0.24173090988998872, scale_lr: 0.34599544315679442, EAO: 0.260
Trial 585 finished with value: 0.25982579534373634 and parameters: {'window_influence': 0.2927720082714344, 'penalty_k': 0.24173090988998872, 'scale_lr': 0.3459954431567944}. Best is trial 212 with value: 0.2844979555868521.
checkpoint_e32 window_influence: 0.32042001399647047, penalty_k: 0.14398254693731743, scale_lr: 0.23343241140669230, EAO: 0.265
Trial 586 finished with value: 0.2651569734865088 and parameters: {'window_influence': 0.32042001399647047, 'penalty_k': 0.14398254693731743, 'scale_lr': 0.2334324114066923}. Best is trial 212 with value: 0.2844979555868521.
checkpoint_e32 window_influence: 0.27713114800993893, penalty_k: 0.26844007134352443, scale_lr: 0.51651479518220234, EAO: 0.265
Trial 587 finished with value: 0.26528995956589535 and parameters: {'window_influence': 0.27713114800993893, 'penalty_k': 0.26844007134352443, 'scale_lr': 0.5165147951822023}. Best is trial 212 with value: 0.2844979555868521.
checkpoint_e32 window_influence: 0.30659327799935437, penalty_k: 0.10148321411444608, scale_lr: 0.42444703725152316, EAO: 0.254
Trial 588 finished with value: 0.25413757023530276 and parameters: {'window_influence': 0.3065932779993544, 'penalty_k': 0.10148321411444608, 'scale_lr': 0.42444703725152316}. Best is trial 212 with value: 0.2844979555868521.
checkpoint_e32 window_influence: 0.32436239988279802, penalty_k: 0.28115721861139109, scale_lr: 0.28610958914729778, EAO: 0.250
Trial 589 finished with value: 0.25026424380579615 and parameters: {'window_influence': 0.324362399882798, 'penalty_k': 0.2811572186113911, 'scale_lr': 0.2861095891472978}. Best is trial 212 with value: 0.2844979555868521.
checkpoint_e32 window_influence: 0.29377516365057305, penalty_k: 0.28645792009198534, scale_lr: 0.45879643577062929, EAO: 0.254
Trial 590 finished with value: 0.2536157697318046 and parameters: {'window_influence': 0.29377516365057305, 'penalty_k': 0.28645792009198534, 'scale_lr': 0.4587964357706293}. Best is trial 212 with value: 0.2844979555868521.
checkpoint_e32 window_influence: 0.26003187837492681, penalty_k: 0.08475716952950080, scale_lr: 0.53745853848083902, EAO: 0.258
Trial 591 finished with value: 0.25756677730781274 and parameters: {'window_influence': 0.2600318783749268, 'penalty_k': 0.0847571695295008, 'scale_lr': 0.537458538480839}. Best is trial 212 with value: 0.2844979555868521.
checkpoint_e32 window_influence: 0.30704204809658825, penalty_k: 0.31868561788760630, scale_lr: 0.25218874852118162, EAO: 0.247
Trial 592 finished with value: 0.24717948210190951 and parameters: {'window_influence': 0.30704204809658825, 'penalty_k': 0.3186856178876063, 'scale_lr': 0.2521887485211816}. Best is trial 212 with value: 0.2844979555868521.
checkpoint_e32 window_influence: 0.32870141279206450, penalty_k: 0.13391836201254628, scale_lr: 0.42517038618316200, EAO: 0.272
Trial 593 finished with value: 0.27200781220827647 and parameters: {'window_influence': 0.3287014127920645, 'penalty_k': 0.13391836201254628, 'scale_lr': 0.425170386183162}. Best is trial 212 with value: 0.2844979555868521.
checkpoint_e32 window_influence: 0.28192039140558223, penalty_k: 0.09752024315021635, scale_lr: 0.36806572520889458, EAO: 0.267
Trial 594 finished with value: 0.2665363791875723 and parameters: {'window_influence': 0.2819203914055822, 'penalty_k': 0.09752024315021635, 'scale_lr': 0.3680657252088946}. Best is trial 212 with value: 0.2844979555868521.
checkpoint_e32 window_influence: 0.31566047753752496, penalty_k: 0.19961056631607563, scale_lr: 0.35320146030330396, EAO: 0.270
Trial 595 finished with value: 0.2702256512593448 and parameters: {'window_influence': 0.31566047753752496, 'penalty_k': 0.19961056631607563, 'scale_lr': 0.35320146030330396}. Best is trial 212 with value: 0.2844979555868521.
checkpoint_e32 window_influence: 0.33182013582485043, penalty_k: 0.11382051341414619, scale_lr: 0.48318585877276710, EAO: 0.270
Trial 596 finished with value: 0.26961662178117085 and parameters: {'window_influence': 0.3318201358248504, 'penalty_k': 0.11382051341414619, 'scale_lr': 0.4831858587727671}. Best is trial 212 with value: 0.2844979555868521.
checkpoint_e32 window_influence: 0.44183796008090359, penalty_k: 0.07724259818228406, scale_lr: 0.41052627891519311, EAO: 0.255
Trial 597 finished with value: 0.2549797056651697 and parameters: {'window_influence': 0.4418379600809036, 'penalty_k': 0.07724259818228406, 'scale_lr': 0.4105262789151931}. Best is trial 212 with value: 0.2844979555868521.
checkpoint_e32 window_influence: 0.14789602475593447, penalty_k: 0.35945134862280081, scale_lr: 0.27494450700384188, EAO: 0.249
Trial 598 finished with value: 0.24870414868360613 and parameters: {'window_influence': 0.14789602475593447, 'penalty_k': 0.3594513486228008, 'scale_lr': 0.2749445070038419}. Best is trial 212 with value: 0.2844979555868521.
checkpoint_e32 window_influence: 0.16125474942775506, penalty_k: 0.19075563323061995, scale_lr: 0.44114058069552253, EAO: 0.252
Trial 599 finished with value: 0.25248795390371387 and parameters: {'window_influence': 0.16125474942775506, 'penalty_k': 0.19075563323061995, 'scale_lr': 0.44114058069552253}. Best is trial 212 with value: 0.2844979555868521.
checkpoint_e32 window_influence: 0.47258504209566204, penalty_k: 0.18423345291641074, scale_lr: 0.35519142215372917, EAO: 0.263
Trial 600 finished with value: 0.26337130737256226 and parameters: {'window_influence': 0.47258504209566204, 'penalty_k': 0.18423345291641074, 'scale_lr': 0.3551914221537292}. Best is trial 212 with value: 0.2844979555868521.
checkpoint_e32 window_influence: 0.29856132108319544, penalty_k: 0.12301584699323966, scale_lr: 0.38470879178441925, EAO: 0.270
Trial 601 finished with value: 0.2697138593691151 and parameters: {'window_influence': 0.29856132108319544, 'penalty_k': 0.12301584699323966, 'scale_lr': 0.38470879178441925}. Best is trial 212 with value: 0.2844979555868521.
checkpoint_e32 window_influence: 0.31556147606391055, penalty_k: 0.09351514154705010, scale_lr: 0.44512093837649813, EAO: 0.259
Trial 602 finished with value: 0.25910428602521013 and parameters: {'window_influence': 0.31556147606391055, 'penalty_k': 0.0935151415470501, 'scale_lr': 0.44512093837649813}. Best is trial 212 with value: 0.2844979555868521.
checkpoint_e32 window_influence: 0.33797311942735292, penalty_k: 0.37074179639913507, scale_lr: 0.47490612330852761, EAO: 0.269
Trial 603 finished with value: 0.26887417736092234 and parameters: {'window_influence': 0.3379731194273529, 'penalty_k': 0.37074179639913507, 'scale_lr': 0.4749061233085276}. Best is trial 212 with value: 0.2844979555868521.
checkpoint_e32 window_influence: 0.28873433319858033, penalty_k: 0.16545908204549833, scale_lr: 0.31534531679082278, EAO: 0.262
Trial 604 finished with value: 0.2616339934066059 and parameters: {'window_influence': 0.28873433319858033, 'penalty_k': 0.16545908204549833, 'scale_lr': 0.3153453167908228}. Best is trial 212 with value: 0.2844979555868521.
checkpoint_e32 window_influence: 0.30520324029169038, penalty_k: 0.06625066922882725, scale_lr: 0.33657352759818654, EAO: 0.269
Trial 605 finished with value: 0.26850239502462914 and parameters: {'window_influence': 0.3052032402916904, 'penalty_k': 0.06625066922882725, 'scale_lr': 0.33657352759818654}. Best is trial 212 with value: 0.2844979555868521.
checkpoint_e32 window_influence: 0.22424368359834054, penalty_k: 0.21240127937725906, scale_lr: 0.28509249322927949, EAO: 0.261
Trial 606 finished with value: 0.2613832090443712 and parameters: {'window_influence': 0.22424368359834054, 'penalty_k': 0.21240127937725906, 'scale_lr': 0.2850924932292795}. Best is trial 212 with value: 0.2844979555868521.
checkpoint_e32 window_influence: 0.35735763432831003, penalty_k: 0.08362937661997871, scale_lr: 0.56474967158644918, EAO: 0.267
Trial 607 finished with value: 0.2665780221180218 and parameters: {'window_influence': 0.35735763432831, 'penalty_k': 0.08362937661997871, 'scale_lr': 0.5647496715864492}. Best is trial 212 with value: 0.2844979555868521.
checkpoint_e32 window_influence: 0.32267536332659047, penalty_k: 0.29353674914554018, scale_lr: 0.43255857291823407, EAO: 0.261
Trial 608 finished with value: 0.26093839314894945 and parameters: {'window_influence': 0.32267536332659047, 'penalty_k': 0.2935367491455402, 'scale_lr': 0.4325585729182341}. Best is trial 212 with value: 0.2844979555868521.
checkpoint_e32 window_influence: 0.45004649379800848, penalty_k: 0.34001956351388707, scale_lr: 0.37829860068286086, EAO: 0.258
Trial 609 finished with value: 0.25826378354454427 and parameters: {'window_influence': 0.4500464937980085, 'penalty_k': 0.34001956351388707, 'scale_lr': 0.37829860068286086}. Best is trial 212 with value: 0.2844979555868521.
checkpoint_e32 window_influence: 0.50561467232424451, penalty_k: 0.10264383816411764, scale_lr: 0.46074113949018008, EAO: 0.255
