Trial 1548 finished with value: 0.26324460079999473 and parameters: {'window_influence': 0.2826200335571894, 'penalty_k': 0.2689654593255954, 'scale_lr': 0.7803629202123019}. Best is trial 489 with value: 0.28065862270390113.
checkpoint_e32 window_influence: 0.29818484082229524, penalty_k: 0.05487514579573102, scale_lr: 0.69070186827205660, EAO: 0.255
Trial 1549 finished with value: 0.25466940648914355 and parameters: {'window_influence': 0.29818484082229524, 'penalty_k': 0.05487514579573102, 'scale_lr': 0.6907018682720566}. Best is trial 489 with value: 0.28065862270390113.
checkpoint_e32 window_influence: 0.06082111526834338, penalty_k: 0.29095118838955086, scale_lr: 0.70788142314987401, EAO: 0.240
Trial 1550 finished with value: 0.24041370514447127 and parameters: {'window_influence': 0.060821115268343384, 'penalty_k': 0.29095118838955086, 'scale_lr': 0.707881423149874}. Best is trial 489 with value: 0.28065862270390113.
checkpoint_e32 window_influence: 0.06179736635651489, penalty_k: 0.32334942220738194, scale_lr: 0.64328786994362008, EAO: 0.228
Trial 1551 finished with value: 0.2283229263332801 and parameters: {'window_influence': 0.06179736635651489, 'penalty_k': 0.32334942220738194, 'scale_lr': 0.6432878699436201}. Best is trial 489 with value: 0.28065862270390113.
checkpoint_e32 window_influence: 0.27944154605325994, penalty_k: 0.30335322737005832, scale_lr: 0.66743935816790678, EAO: 0.259
Trial 1552 finished with value: 0.2586063497313639 and parameters: {'window_influence': 0.27944154605325994, 'penalty_k': 0.3033532273700583, 'scale_lr': 0.6674393581679068}. Best is trial 489 with value: 0.28065862270390113.
checkpoint_e32 window_influence: 0.29464439885741767, penalty_k: 0.56724761796705425, scale_lr: 0.72417689543991004, EAO: 0.247
Trial 1553 finished with value: 0.24674646332254255 and parameters: {'window_influence': 0.29464439885741767, 'penalty_k': 0.5672476179670543, 'scale_lr': 0.72417689543991}. Best is trial 489 with value: 0.28065862270390113.
checkpoint_e32 window_influence: 0.27331211570709879, penalty_k: 0.21977184070212971, scale_lr: 0.78715767115810376, EAO: 0.260
Trial 1554 finished with value: 0.2599208580284584 and parameters: {'window_influence': 0.2733121157070988, 'penalty_k': 0.2197718407021297, 'scale_lr': 0.7871576711581038}. Best is trial 489 with value: 0.28065862270390113.
checkpoint_e32 window_influence: 0.28998911450059750, penalty_k: 0.27442841616687569, scale_lr: 0.69981819219624919, EAO: 0.257
Trial 1555 finished with value: 0.25714697634301537 and parameters: {'window_influence': 0.2899891145005975, 'penalty_k': 0.2744284161668757, 'scale_lr': 0.6998181921962492}. Best is trial 489 with value: 0.28065862270390113.
checkpoint_e32 window_influence: 0.24897970602078789, penalty_k: 0.53989504609760186, scale_lr: 0.13191299895403430, EAO: 0.251
Trial 1556 finished with value: 0.2509067280869174 and parameters: {'window_influence': 0.2489797060207879, 'penalty_k': 0.5398950460976019, 'scale_lr': 0.1319129989540343}. Best is trial 489 with value: 0.28065862270390113.
checkpoint_e32 window_influence: 0.30803786622370127, penalty_k: 0.31233258700193833, scale_lr: 0.76824804682495218, EAO: 0.257
Trial 1557 finished with value: 0.25722049897521493 and parameters: {'window_influence': 0.3080378662237013, 'penalty_k': 0.31233258700193833, 'scale_lr': 0.7682480468249522}. Best is trial 489 with value: 0.28065862270390113.
checkpoint_e32 window_influence: 0.30257070805200392, penalty_k: 0.29646739929241855, scale_lr: 0.18416457345322057, EAO: 0.260
Trial 1558 finished with value: 0.26009561278955723 and parameters: {'window_influence': 0.3025707080520039, 'penalty_k': 0.29646739929241855, 'scale_lr': 0.18416457345322057}. Best is trial 489 with value: 0.28065862270390113.
checkpoint_e32 window_influence: 0.26441971353451849, penalty_k: 0.21187864828222480, scale_lr: 0.68103609036706214, EAO: 0.272
Trial 1559 finished with value: 0.271592372013786 and parameters: {'window_influence': 0.2644197135345185, 'penalty_k': 0.2118786482822248, 'scale_lr': 0.6810360903670621}. Best is trial 489 with value: 0.28065862270390113.
checkpoint_e32 window_influence: 0.14364222937427537, penalty_k: 0.25383749357755614, scale_lr: 0.62740606483793981, EAO: 0.243
Trial 1560 finished with value: 0.24318440646175446 and parameters: {'window_influence': 0.14364222937427537, 'penalty_k': 0.25383749357755614, 'scale_lr': 0.6274060648379398}. Best is trial 489 with value: 0.28065862270390113.
checkpoint_e32 window_influence: 0.28815770017527559, penalty_k: 0.19553931531317054, scale_lr: 0.73295764387881035, EAO: 0.251
Trial 1561 finished with value: 0.25076541153153753 and parameters: {'window_influence': 0.2881577001752756, 'penalty_k': 0.19553931531317054, 'scale_lr': 0.7329576438788103}. Best is trial 489 with value: 0.28065862270390113.
checkpoint_e32 window_influence: 0.31513705060662883, penalty_k: 0.31832478594025770, scale_lr: 0.66521217795245813, EAO: 0.264
Trial 1562 finished with value: 0.2641638443479693 and parameters: {'window_influence': 0.31513705060662883, 'penalty_k': 0.3183247859402577, 'scale_lr': 0.6652121779524581}. Best is trial 489 with value: 0.28065862270390113.
checkpoint_e32 window_influence: 0.29860008746370859, penalty_k: 0.49795406943257303, scale_lr: 0.75360917968096963, EAO: 0.259
Trial 1563 finished with value: 0.2586652293074422 and parameters: {'window_influence': 0.2986000874637086, 'penalty_k': 0.49795406943257303, 'scale_lr': 0.7536091796809696}. Best is trial 489 with value: 0.28065862270390113.
checkpoint_e32 window_influence: 0.32505425405609301, penalty_k: 0.27648431131177903, scale_lr: 0.64294261144218423, EAO: 0.258
Trial 1564 finished with value: 0.25824657288508684 and parameters: {'window_influence': 0.325054254056093, 'penalty_k': 0.27648431131177903, 'scale_lr': 0.6429426114421842}. Best is trial 489 with value: 0.28065862270390113.
checkpoint_e32 window_influence: 0.27457132090040715, penalty_k: 0.22589832047445629, scale_lr: 0.71579781481234883, EAO: 0.261
Trial 1565 finished with value: 0.26115465370135577 and parameters: {'window_influence': 0.27457132090040715, 'penalty_k': 0.2258983204744563, 'scale_lr': 0.7157978148123488}. Best is trial 489 with value: 0.28065862270390113.
checkpoint_e32 window_influence: 0.30836544844849767, penalty_k: 0.28476176194201513, scale_lr: 0.70201687480153252, EAO: 0.269
Trial 1566 finished with value: 0.26939366140016696 and parameters: {'window_influence': 0.30836544844849767, 'penalty_k': 0.28476176194201513, 'scale_lr': 0.7020168748015325}. Best is trial 489 with value: 0.28065862270390113.
checkpoint_e32 window_influence: 0.55469279083103007, penalty_k: 0.32747108519500118, scale_lr: 0.65795421027799639, EAO: 0.226
Trial 1567 finished with value: 0.22583431847454086 and parameters: {'window_influence': 0.5546927908310301, 'penalty_k': 0.3274710851950012, 'scale_lr': 0.6579542102779964}. Best is trial 489 with value: 0.28065862270390113.
checkpoint_e32 window_influence: 0.33272407700587292, penalty_k: 0.04178346596114191, scale_lr: 0.18901139306196801, EAO: 0.256
Trial 1568 finished with value: 0.2562160966236417 and parameters: {'window_influence': 0.3327240770058729, 'penalty_k': 0.04178346596114191, 'scale_lr': 0.189011393061968}. Best is trial 489 with value: 0.28065862270390113.
checkpoint_e32 window_influence: 0.28462725120830551, penalty_k: 0.07072127455240385, scale_lr: 0.77587832230021869, EAO: 0.260
Trial 1569 finished with value: 0.2597158615424381 and parameters: {'window_influence': 0.2846272512083055, 'penalty_k': 0.07072127455240385, 'scale_lr': 0.7758783223002187}. Best is trial 489 with value: 0.28065862270390113.
checkpoint_e32 window_influence: 0.31794583935473869, penalty_k: 0.30014789179538770, scale_lr: 0.15925768873928994, EAO: 0.254
Trial 1570 finished with value: 0.2540520089792042 and parameters: {'window_influence': 0.3179458393547387, 'penalty_k': 0.3001478917953877, 'scale_lr': 0.15925768873928994}. Best is trial 489 with value: 0.28065862270390113.
checkpoint_e32 window_influence: 0.29964652880464471, penalty_k: 0.18255158967373597, scale_lr: 0.62587734824142338, EAO: 0.259
Trial 1571 finished with value: 0.25887889257533764 and parameters: {'window_influence': 0.2996465288046447, 'penalty_k': 0.18255158967373597, 'scale_lr': 0.6258773482414234}. Best is trial 489 with value: 0.28065862270390113.
checkpoint_e32 window_influence: 0.32923027512910757, penalty_k: 0.43560812787897241, scale_lr: 0.68202501808540505, EAO: 0.256
Trial 1572 finished with value: 0.2556550200513708 and parameters: {'window_influence': 0.3292302751291076, 'penalty_k': 0.4356081278789724, 'scale_lr': 0.682025018085405}. Best is trial 489 with value: 0.28065862270390113.
checkpoint_e32 window_influence: 0.26179278892556357, penalty_k: 0.54964077967575709, scale_lr: 0.78914285973280007, EAO: 0.258
Trial 1573 finished with value: 0.2575705408201954 and parameters: {'window_influence': 0.26179278892556357, 'penalty_k': 0.5496407796757571, 'scale_lr': 0.7891428597328001}. Best is trial 489 with value: 0.28065862270390113.
checkpoint_e32 window_influence: 0.30676024361122850, penalty_k: 0.23932801205094059, scale_lr: 0.64327463227401416, EAO: 0.243
Trial 1574 finished with value: 0.2429340333352244 and parameters: {'window_influence': 0.3067602436112285, 'penalty_k': 0.2393280120509406, 'scale_lr': 0.6432746322740142}. Best is trial 489 with value: 0.28065862270390113.
checkpoint_e32 window_influence: 0.28508093634363973, penalty_k: 0.41549687338709651, scale_lr: 0.20501591863016658, EAO: 0.250
Trial 1575 finished with value: 0.24982520453329007 and parameters: {'window_influence': 0.28508093634363973, 'penalty_k': 0.4154968733870965, 'scale_lr': 0.20501591863016658}. Best is trial 489 with value: 0.28065862270390113.
checkpoint_e32 window_influence: 0.23537782736145640, penalty_k: 0.31135122720735059, scale_lr: 0.72016994251694355, EAO: 0.272
Trial 1576 finished with value: 0.27171168203760937 and parameters: {'window_influence': 0.2353778273614564, 'penalty_k': 0.3113512272073506, 'scale_lr': 0.7201699425169436}. Best is trial 489 with value: 0.28065862270390113.
checkpoint_e32 window_influence: 0.32179799228430234, penalty_k: 0.26391767084645384, scale_lr: 0.69767578885506798, EAO: 0.270
Trial 1577 finished with value: 0.26987021834385105 and parameters: {'window_influence': 0.32179799228430234, 'penalty_k': 0.26391767084645384, 'scale_lr': 0.697675788855068}. Best is trial 489 with value: 0.28065862270390113.
checkpoint_e32 window_influence: 0.62565540903373584, penalty_k: 0.29479635577417412, scale_lr: 0.74121193123070594, EAO: 0.205
Trial 1578 finished with value: 0.20527300317355288 and parameters: {'window_influence': 0.6256554090337358, 'penalty_k': 0.2947963557741741, 'scale_lr': 0.741211931230706}. Best is trial 489 with value: 0.28065862270390113.
checkpoint_e32 window_influence: 0.08916754215665479, penalty_k: 0.31984463500816701, scale_lr: 0.11215014984060701, EAO: 0.234
Trial 1579 finished with value: 0.23392021861987386 and parameters: {'window_influence': 0.08916754215665479, 'penalty_k': 0.319844635008167, 'scale_lr': 0.112150149840607}. Best is trial 489 with value: 0.28065862270390113.
checkpoint_e32 window_influence: 0.29814798011226118, penalty_k: 0.44760375887768411, scale_lr: 0.61294019738431393, EAO: 0.255
Trial 1580 finished with value: 0.2547182486188121 and parameters: {'window_influence': 0.2981479801122612, 'penalty_k': 0.4476037588776841, 'scale_lr': 0.6129401973843139}. Best is trial 489 with value: 0.28065862270390113.
checkpoint_e32 window_influence: 0.31315591013327360, penalty_k: 0.48968887690190532, scale_lr: 0.17753824107582850, EAO: 0.262
Trial 1581 finished with value: 0.2623373854572211 and parameters: {'window_influence': 0.3131559101332736, 'penalty_k': 0.4896888769019053, 'scale_lr': 0.1775382410758285}. Best is trial 489 with value: 0.28065862270390113.
checkpoint_e32 window_influence: 0.50941485720961899, penalty_k: 0.05255515680615636, scale_lr: 0.65481514646984551, EAO: 0.247
Trial 1582 finished with value: 0.2465437746387187 and parameters: {'window_influence': 0.509414857209619, 'penalty_k': 0.052555156806156356, 'scale_lr': 0.6548151464698455}. Best is trial 489 with value: 0.28065862270390113.
checkpoint_e32 window_influence: 0.63983950323018579, penalty_k: 0.16598474661974952, scale_lr: 0.76111001496965114, EAO: 0.201
Trial 1583 finished with value: 0.20134725985003682 and parameters: {'window_influence': 0.6398395032301858, 'penalty_k': 0.16598474661974952, 'scale_lr': 0.7611100149696511}. Best is trial 489 with value: 0.28065862270390113.
checkpoint_e32 window_influence: 0.32963068861856848, penalty_k: 0.33401984823619446, scale_lr: 0.79946493705091604, EAO: 0.258
Trial 1584 finished with value: 0.25775201115908664 and parameters: {'window_influence': 0.3296306886185685, 'penalty_k': 0.33401984823619446, 'scale_lr': 0.799464937050916}. Best is trial 489 with value: 0.28065862270390113.
checkpoint_e32 window_influence: 0.58793642479138042, penalty_k: 0.07856849533290666, scale_lr: 0.67432929254839047, EAO: 0.222
Trial 1585 finished with value: 0.22212289346427452 and parameters: {'window_influence': 0.5879364247913804, 'penalty_k': 0.07856849533290666, 'scale_lr': 0.6743292925483905}. Best is trial 489 with value: 0.28065862270390113.
checkpoint_e32 window_influence: 0.19291529941586696, penalty_k: 0.20193489563370126, scale_lr: 0.19331986625933170, EAO: 0.244
Trial 1586 finished with value: 0.24447886597334853 and parameters: {'window_influence': 0.19291529941586696, 'penalty_k': 0.20193489563370126, 'scale_lr': 0.1933198662593317}. Best is trial 489 with value: 0.28065862270390113.
checkpoint_e32 window_influence: 0.34272530476937046, penalty_k: 0.24778633678125783, scale_lr: 0.28009275862478561, EAO: 0.260
Trial 1587 finished with value: 0.2601070878345792 and parameters: {'window_influence': 0.34272530476937046, 'penalty_k': 0.24778633678125783, 'scale_lr': 0.2800927586247856}. Best is trial 489 with value: 0.28065862270390113.
checkpoint_e32 window_influence: 0.25058529179118566, penalty_k: 0.03325901157252185, scale_lr: 0.72749663081449467, EAO: 0.260
Trial 1588 finished with value: 0.26049303305827504 and parameters: {'window_influence': 0.25058529179118566, 'penalty_k': 0.033259011572521854, 'scale_lr': 0.7274966308144947}. Best is trial 489 with value: 0.28065862270390113.
checkpoint_e32 window_influence: 0.21909611581703400, penalty_k: 0.30937171433163946, scale_lr: 0.68753590675985565, EAO: 0.250
Trial 1589 finished with value: 0.24956523378690085 and parameters: {'window_influence': 0.219096115817034, 'penalty_k': 0.30937171433163946, 'scale_lr': 0.6875359067598557}. Best is trial 489 with value: 0.28065862270390113.
checkpoint_e32 window_influence: 0.27394104127467989, penalty_k: 0.18559487050618012, scale_lr: 0.76910051592995388, EAO: 0.265
Trial 1590 finished with value: 0.2648621693374665 and parameters: {'window_influence': 0.2739410412746799, 'penalty_k': 0.18559487050618012, 'scale_lr': 0.7691005159299539}. Best is trial 489 with value: 0.28065862270390113.
checkpoint_e32 window_influence: 0.29122636711443961, penalty_k: 0.28189372573592225, scale_lr: 0.58836608819722036, EAO: 0.259
Trial 1591 finished with value: 0.2590100214612193 and parameters: {'window_influence': 0.2912263671144396, 'penalty_k': 0.28189372573592225, 'scale_lr': 0.5883660881972204}. Best is trial 489 with value: 0.28065862270390113.
checkpoint_e32 window_influence: 0.30789777692657944, penalty_k: 0.22820541067325253, scale_lr: 0.74665416268842888, EAO: 0.264
Trial 1592 finished with value: 0.26432701266878017 and parameters: {'window_influence': 0.30789777692657944, 'penalty_k': 0.22820541067325253, 'scale_lr': 0.7466541626884289}. Best is trial 489 with value: 0.28065862270390113.
checkpoint_e32 window_influence: 0.35250589357039286, penalty_k: 0.29933361098540923, scale_lr: 0.66264181040324166, EAO: 0.267
Trial 1593 finished with value: 0.2670502734135806 and parameters: {'window_influence': 0.35250589357039286, 'penalty_k': 0.2993336109854092, 'scale_lr': 0.6626418104032417}. Best is trial 489 with value: 0.28065862270390113.
checkpoint_e32 window_influence: 0.33649349282041047, penalty_k: 0.06203519914893085, scale_lr: 0.62736710743925750, EAO: 0.259
Trial 1594 finished with value: 0.25922582480238704 and parameters: {'window_influence': 0.33649349282041047, 'penalty_k': 0.062035199148930846, 'scale_lr': 0.6273671074392575}. Best is trial 489 with value: 0.28065862270390113.
checkpoint_e32 window_influence: 0.05003744437723318, penalty_k: 0.32431130243154571, scale_lr: 0.22475218220160023, EAO: 0.211
Trial 1595 finished with value: 0.2114585673784822 and parameters: {'window_influence': 0.050037444377233176, 'penalty_k': 0.3243113024315457, 'scale_lr': 0.22475218220160023}. Best is trial 489 with value: 0.28065862270390113.
checkpoint_e32 window_influence: 0.31804221134551441, penalty_k: 0.46189560217662051, scale_lr: 0.64909963547755356, EAO: 0.254
Trial 1596 finished with value: 0.2537024180457844 and parameters: {'window_influence': 0.3180422113455144, 'penalty_k': 0.4618956021766205, 'scale_lr': 0.6490996354775536}. Best is trial 489 with value: 0.28065862270390113.
checkpoint_e32 window_influence: 0.30035884200971935, penalty_k: 0.26791411597263259, scale_lr: 0.71108456303255252, EAO: 0.271
Trial 1597 finished with value: 0.2706617582135084 and parameters: {'window_influence': 0.30035884200971935, 'penalty_k': 0.2679141159726326, 'scale_lr': 0.7110845630325525}. Best is trial 489 with value: 0.28065862270390113.
checkpoint_e32 window_influence: 0.49648846777373334, penalty_k: 0.14944430612878892, scale_lr: 0.12085448391338728, EAO: 0.247
Trial 1598 finished with value: 0.24655406516257342 and parameters: {'window_influence': 0.49648846777373334, 'penalty_k': 0.14944430612878892, 'scale_lr': 0.12085448391338728}. Best is trial 489 with value: 0.28065862270390113.
checkpoint_e32 window_influence: 0.16868338712317077, penalty_k: 0.31223930843576508, scale_lr: 0.16068298280189375, EAO: 0.236
Trial 1599 finished with value: 0.23566063323883507 and parameters: {'window_influence': 0.16868338712317077, 'penalty_k': 0.3122393084357651, 'scale_lr': 0.16068298280189375}. Best is trial 489 with value: 0.28065862270390113.
checkpoint_e32 window_influence: 0.27795982456383794, penalty_k: 0.51275223538995329, scale_lr: 0.67691703123183522, EAO: 0.264
Trial 1600 finished with value: 0.26396613937567887 and parameters: {'window_influence': 0.27795982456383794, 'penalty_k': 0.5127522353899533, 'scale_lr': 0.6769170312318352}. Best is trial 489 with value: 0.28065862270390113.
checkpoint_e32 window_influence: 0.36062350209858679, penalty_k: 0.29087912943488253, scale_lr: 0.19970053748955785, EAO: 0.268
Trial 1601 finished with value: 0.26825313373067516 and parameters: {'window_influence': 0.3606235020985868, 'penalty_k': 0.29087912943488253, 'scale_lr': 0.19970053748955785}. Best is trial 489 with value: 0.28065862270390113.
checkpoint_e32 window_influence: 0.32080004639088244, penalty_k: 0.16191011224353841, scale_lr: 0.69381552593878293, EAO: 0.258
Trial 1602 finished with value: 0.2575614851543574 and parameters: {'window_influence': 0.32080004639088244, 'penalty_k': 0.1619101122435384, 'scale_lr': 0.6938155259387829}. Best is trial 489 with value: 0.28065862270390113.
checkpoint_e32 window_influence: 0.09157968786124820, penalty_k: 0.08794027413006794, scale_lr: 0.77953272436503795, EAO: 0.245
Trial 1603 finished with value: 0.24534192342099134 and parameters: {'window_influence': 0.0915796878612482, 'penalty_k': 0.08794027413006794, 'scale_lr': 0.779532724365038}. Best is trial 489 with value: 0.28065862270390113.
checkpoint_e32 window_influence: 0.28903451274549691, penalty_k: 0.33237697718087356, scale_lr: 0.73390680759968674, EAO: 0.259
Trial 1604 finished with value: 0.2591573809826277 and parameters: {'window_influence': 0.2890345127454969, 'penalty_k': 0.33237697718087356, 'scale_lr': 0.7339068075996867}. Best is trial 489 with value: 0.28065862270390113.
checkpoint_e32 window_influence: 0.11588817654978495, penalty_k: 0.21500010468281266, scale_lr: 0.46737369597270073, EAO: 0.242
Trial 1605 finished with value: 0.24234514810690067 and parameters: {'window_influence': 0.11588817654978495, 'penalty_k': 0.21500010468281266, 'scale_lr': 0.46737369597270073}. Best is trial 489 with value: 0.28065862270390113.
checkpoint_e32 window_influence: 0.53392784245149028, penalty_k: 0.24006134051020639, scale_lr: 0.17312970979155010, EAO: 0.222
Trial 1606 finished with value: 0.22189819921807544 and parameters: {'window_influence': 0.5339278424514903, 'penalty_k': 0.2400613405102064, 'scale_lr': 0.1731297097915501}. Best is trial 489 with value: 0.28065862270390113.
checkpoint_e32 window_influence: 0.34261958602779941, penalty_k: 0.47271822738141478, scale_lr: 0.60437298887176338, EAO: 0.245
Trial 1607 finished with value: 0.245026573962797 and parameters: {'window_influence': 0.3426195860277994, 'penalty_k': 0.4727182273814148, 'scale_lr': 0.6043729888717634}. Best is trial 489 with value: 0.28065862270390113.
checkpoint_e32 window_influence: 0.11178207544860047, penalty_k: 0.57087649254516815, scale_lr: 0.26539044248812915, EAO: 0.222
Trial 1608 finished with value: 0.22156438195123906 and parameters: {'window_influence': 0.11178207544860047, 'penalty_k': 0.5708764925451681, 'scale_lr': 0.26539044248812915}. Best is trial 489 with value: 0.28065862270390113.
checkpoint_e32 window_influence: 0.26484080463221216, penalty_k: 0.30213948139499136, scale_lr: 0.52649444424374447, EAO: 0.250
Trial 1609 finished with value: 0.2500703296041101 and parameters: {'window_influence': 0.26484080463221216, 'penalty_k': 0.30213948139499136, 'scale_lr': 0.5264944442437445}. Best is trial 489 with value: 0.28065862270390113.
checkpoint_e32 window_influence: 0.30440697194343191, penalty_k: 0.28281632712321619, scale_lr: 0.50242077178962707, EAO: 0.264
