Trial 1362 finished with value: 0.26157184411597445 and parameters: {'window_influence': 0.3352359837320421, 'penalty_k': 0.39712377875833843, 'scale_lr': 0.7068506967713494}. Best is trial 489 with value: 0.28065862270390113.
checkpoint_e32 window_influence: 0.43918365864982412, penalty_k: 0.35270039196663044, scale_lr: 0.64535505676083960, EAO: 0.260
Trial 1363 finished with value: 0.2597513811859658 and parameters: {'window_influence': 0.4391836586498241, 'penalty_k': 0.35270039196663044, 'scale_lr': 0.6453550567608396}. Best is trial 489 with value: 0.28065862270390113.
checkpoint_e32 window_influence: 0.53427428430582558, penalty_k: 0.30690869630707751, scale_lr: 0.52110839621519534, EAO: 0.240
Trial 1364 finished with value: 0.23976983372273483 and parameters: {'window_influence': 0.5342742843058256, 'penalty_k': 0.3069086963070775, 'scale_lr': 0.5211083962151953}. Best is trial 489 with value: 0.28065862270390113.
checkpoint_e32 window_influence: 0.30100103118236554, penalty_k: 0.26459567041048376, scale_lr: 0.38717749915433458, EAO: 0.255
Trial 1365 finished with value: 0.25450064375148557 and parameters: {'window_influence': 0.30100103118236554, 'penalty_k': 0.26459567041048376, 'scale_lr': 0.3871774991543346}. Best is trial 489 with value: 0.28065862270390113.
checkpoint_e32 window_influence: 0.13983841262325222, penalty_k: 0.17745828946486286, scale_lr: 0.18242550480099864, EAO: 0.244
Trial 1366 finished with value: 0.24357255614869963 and parameters: {'window_influence': 0.13983841262325222, 'penalty_k': 0.17745828946486286, 'scale_lr': 0.18242550480099864}. Best is trial 489 with value: 0.28065862270390113.
checkpoint_e32 window_influence: 0.28565190934727563, penalty_k: 0.09458611705474994, scale_lr: 0.77416882354195837, EAO: 0.254
Trial 1367 finished with value: 0.2537096569208595 and parameters: {'window_influence': 0.28565190934727563, 'penalty_k': 0.09458611705474994, 'scale_lr': 0.7741688235419584}. Best is trial 489 with value: 0.28065862270390113.
checkpoint_e32 window_influence: 0.31695158067288726, penalty_k: 0.27753647095421546, scale_lr: 0.74955549273563582, EAO: 0.250
Trial 1368 finished with value: 0.25045614489694923 and parameters: {'window_influence': 0.31695158067288726, 'penalty_k': 0.27753647095421546, 'scale_lr': 0.7495554927356358}. Best is trial 489 with value: 0.28065862270390113.
checkpoint_e32 window_influence: 0.32915932745144388, penalty_k: 0.14598783418608718, scale_lr: 0.69321545410543328, EAO: 0.261
Trial 1369 finished with value: 0.26147205661225126 and parameters: {'window_influence': 0.3291593274514439, 'penalty_k': 0.14598783418608718, 'scale_lr': 0.6932154541054333}. Best is trial 489 with value: 0.28065862270390113.
checkpoint_e32 window_influence: 0.30695119593906101, penalty_k: 0.33977464681476321, scale_lr: 0.62252456719088622, EAO: 0.255
Trial 1370 finished with value: 0.2553993711263184 and parameters: {'window_influence': 0.306951195939061, 'penalty_k': 0.3397746468147632, 'scale_lr': 0.6225245671908862}. Best is trial 489 with value: 0.28065862270390113.
checkpoint_e32 window_influence: 0.64961099396639788, penalty_k: 0.03888674295708506, scale_lr: 0.44937707049232362, EAO: 0.204
Trial 1371 finished with value: 0.2040214968042645 and parameters: {'window_influence': 0.6496109939663979, 'penalty_k': 0.03888674295708506, 'scale_lr': 0.4493770704923236}. Best is trial 489 with value: 0.28065862270390113.
checkpoint_e32 window_influence: 0.42383926146890488, penalty_k: 0.10599771568395122, scale_lr: 0.78676603211420970, EAO: 0.256
Trial 1372 finished with value: 0.25615934143221475 and parameters: {'window_influence': 0.4238392614689049, 'penalty_k': 0.10599771568395122, 'scale_lr': 0.7867660321142097}. Best is trial 489 with value: 0.28065862270390113.
checkpoint_e32 window_influence: 0.34356264111198120, penalty_k: 0.29134732267357605, scale_lr: 0.51056074149238873, EAO: 0.256
Trial 1373 finished with value: 0.2558246709224654 and parameters: {'window_influence': 0.3435626411119812, 'penalty_k': 0.29134732267357605, 'scale_lr': 0.5105607414923887}. Best is trial 489 with value: 0.28065862270390113.
checkpoint_e32 window_influence: 0.29217665661069309, penalty_k: 0.15261258251024862, scale_lr: 0.67592580458489782, EAO: 0.261
Trial 1374 finished with value: 0.26146668577339593 and parameters: {'window_influence': 0.2921766566106931, 'penalty_k': 0.15261258251024862, 'scale_lr': 0.6759258045848978}. Best is trial 489 with value: 0.28065862270390113.
checkpoint_e32 window_influence: 0.27627754369785934, penalty_k: 0.48431389136650016, scale_lr: 0.46315298655443593, EAO: 0.262
Trial 1375 finished with value: 0.26210636015587707 and parameters: {'window_influence': 0.27627754369785934, 'penalty_k': 0.48431389136650016, 'scale_lr': 0.46315298655443593}. Best is trial 489 with value: 0.28065862270390113.
checkpoint_e32 window_influence: 0.25683608307136840, penalty_k: 0.32434406904507551, scale_lr: 0.48940127071400236, EAO: 0.254
Trial 1376 finished with value: 0.25396874419799664 and parameters: {'window_influence': 0.2568360830713684, 'penalty_k': 0.3243440690450755, 'scale_lr': 0.48940127071400236}. Best is trial 489 with value: 0.28065862270390113.
checkpoint_e32 window_influence: 0.32272597006420695, penalty_k: 0.12585857746464824, scale_lr: 0.53493848088711116, EAO: 0.252
Trial 1377 finished with value: 0.2516237166596622 and parameters: {'window_influence': 0.32272597006420695, 'penalty_k': 0.12585857746464824, 'scale_lr': 0.5349384808871112}. Best is trial 489 with value: 0.28065862270390113.
checkpoint_e32 window_influence: 0.41552843839660775, penalty_k: 0.02123014522277432, scale_lr: 0.55447670208512345, EAO: 0.265
Trial 1378 finished with value: 0.26507726832618556 and parameters: {'window_influence': 0.41552843839660775, 'penalty_k': 0.02123014522277432, 'scale_lr': 0.5544767020851235}. Best is trial 489 with value: 0.28065862270390113.
checkpoint_e32 window_influence: 0.30645860927761037, penalty_k: 0.30179832813843666, scale_lr: 0.72514333550251076, EAO: 0.274
Trial 1379 finished with value: 0.2739598536031033 and parameters: {'window_influence': 0.30645860927761037, 'penalty_k': 0.30179832813843666, 'scale_lr': 0.7251433355025108}. Best is trial 489 with value: 0.28065862270390113.
checkpoint_e32 window_influence: 0.31331620029582591, penalty_k: 0.30167346885235041, scale_lr: 0.72992936490888294, EAO: 0.259
Trial 1380 finished with value: 0.2585378134759461 and parameters: {'window_influence': 0.3133162002958259, 'penalty_k': 0.3016734688523504, 'scale_lr': 0.7299293649088829}. Best is trial 489 with value: 0.28065862270390113.
checkpoint_e32 window_influence: 0.32559922709556083, penalty_k: 0.28869417063247599, scale_lr: 0.70386457828602400, EAO: 0.263
Trial 1381 finished with value: 0.2626613962456463 and parameters: {'window_influence': 0.32559922709556083, 'penalty_k': 0.288694170632476, 'scale_lr': 0.703864578286024}. Best is trial 489 with value: 0.28065862270390113.
checkpoint_e32 window_influence: 0.30651083895182629, penalty_k: 0.48110376447307979, scale_lr: 0.73641790110583427, EAO: 0.249
Trial 1382 finished with value: 0.2492462734623653 and parameters: {'window_influence': 0.3065108389518263, 'penalty_k': 0.4811037644730798, 'scale_lr': 0.7364179011058343}. Best is trial 489 with value: 0.28065862270390113.
checkpoint_e32 window_influence: 0.33604436633784246, penalty_k: 0.31193928577932178, scale_lr: 0.71574543895161624, EAO: 0.271
Trial 1383 finished with value: 0.2708636972356618 and parameters: {'window_influence': 0.33604436633784246, 'penalty_k': 0.3119392857793218, 'scale_lr': 0.7157454389516162}. Best is trial 489 with value: 0.28065862270390113.
checkpoint_e32 window_influence: 0.30275042411411068, penalty_k: 0.30039417532180718, scale_lr: 0.70585148591245817, EAO: 0.267
Trial 1384 finished with value: 0.26680413791076923 and parameters: {'window_influence': 0.3027504241141107, 'penalty_k': 0.3003941753218072, 'scale_lr': 0.7058514859124582}. Best is trial 489 with value: 0.28065862270390113.
checkpoint_e32 window_influence: 0.31869782214985287, penalty_k: 0.28032638257553694, scale_lr: 0.72914499804248889, EAO: 0.272
Trial 1385 finished with value: 0.2720905284934897 and parameters: {'window_influence': 0.31869782214985287, 'penalty_k': 0.28032638257553694, 'scale_lr': 0.7291449980424889}. Best is trial 489 with value: 0.28065862270390113.
checkpoint_e32 window_influence: 0.31214373385002631, penalty_k: 0.31543764367783061, scale_lr: 0.71996459627060116, EAO: 0.256
Trial 1386 finished with value: 0.256115367318072 and parameters: {'window_influence': 0.3121437338500263, 'penalty_k': 0.3154376436778306, 'scale_lr': 0.7199645962706012}. Best is trial 489 with value: 0.28065862270390113.
checkpoint_e32 window_influence: 0.34254644329762957, penalty_k: 0.29741454665716621, scale_lr: 0.68362288794759041, EAO: 0.264
Trial 1387 finished with value: 0.2644275736396875 and parameters: {'window_influence': 0.34254644329762957, 'penalty_k': 0.2974145466571662, 'scale_lr': 0.6836228879475904}. Best is trial 489 with value: 0.28065862270390113.
checkpoint_e32 window_influence: 0.30091919166447073, penalty_k: 0.07498339569997584, scale_lr: 0.69354789305670406, EAO: 0.255
Trial 1388 finished with value: 0.2548282781267554 and parameters: {'window_influence': 0.30091919166447073, 'penalty_k': 0.07498339569997584, 'scale_lr': 0.6935478930567041}. Best is trial 489 with value: 0.28065862270390113.
checkpoint_e32 window_influence: 0.46165875487531433, penalty_k: 0.32692127650772834, scale_lr: 0.35711176302075259, EAO: 0.252
Trial 1389 finished with value: 0.251639463734336 and parameters: {'window_influence': 0.4616587548753143, 'penalty_k': 0.32692127650772834, 'scale_lr': 0.3571117630207526}. Best is trial 489 with value: 0.28065862270390113.
checkpoint_e32 window_influence: 0.33064629885839508, penalty_k: 0.08690576041375889, scale_lr: 0.66382152163354124, EAO: 0.259
Trial 1390 finished with value: 0.25945647945248984 and parameters: {'window_influence': 0.3306462988583951, 'penalty_k': 0.08690576041375889, 'scale_lr': 0.6638215216335412}. Best is trial 489 with value: 0.28065862270390113.
checkpoint_e32 window_influence: 0.32211146158933524, penalty_k: 0.48213316478403734, scale_lr: 0.63420262816753048, EAO: 0.250
Trial 1391 finished with value: 0.2503586004420025 and parameters: {'window_influence': 0.32211146158933524, 'penalty_k': 0.48213316478403734, 'scale_lr': 0.6342026281675305}. Best is trial 489 with value: 0.28065862270390113.
checkpoint_e32 window_influence: 0.21753838547173548, penalty_k: 0.27601392216923953, scale_lr: 0.34468038192155004, EAO: 0.243
Trial 1392 finished with value: 0.24284697233176814 and parameters: {'window_influence': 0.21753838547173548, 'penalty_k': 0.27601392216923953, 'scale_lr': 0.34468038192155004}. Best is trial 489 with value: 0.28065862270390113.
checkpoint_e32 window_influence: 0.35102946395261236, penalty_k: 0.26319097866292568, scale_lr: 0.70336086748588267, EAO: 0.265
Trial 1393 finished with value: 0.26471703384465317 and parameters: {'window_influence': 0.35102946395261236, 'penalty_k': 0.2631909786629257, 'scale_lr': 0.7033608674858827}. Best is trial 489 with value: 0.28065862270390113.
checkpoint_e32 window_influence: 0.29773843972478042, penalty_k: 0.31372350225998608, scale_lr: 0.72434950697318490, EAO: 0.264
Trial 1394 finished with value: 0.26396498895757564 and parameters: {'window_influence': 0.2977384397247804, 'penalty_k': 0.3137235022599861, 'scale_lr': 0.7243495069731849}. Best is trial 489 with value: 0.28065862270390113.
checkpoint_e32 window_influence: 0.57092626080876696, penalty_k: 0.28780651471245450, scale_lr: 0.74714177454016917, EAO: 0.219
Trial 1395 finished with value: 0.2193835649669655 and parameters: {'window_influence': 0.570926260808767, 'penalty_k': 0.2878065147124545, 'scale_lr': 0.7471417745401692}. Best is trial 489 with value: 0.28065862270390113.
checkpoint_e32 window_influence: 0.31245558904045695, penalty_k: 0.34211770807348496, scale_lr: 0.65050950399146246, EAO: 0.257
Trial 1396 finished with value: 0.25671102675965163 and parameters: {'window_influence': 0.31245558904045695, 'penalty_k': 0.34211770807348496, 'scale_lr': 0.6505095039914625}. Best is trial 489 with value: 0.28065862270390113.
checkpoint_e32 window_influence: 0.33000043772282361, penalty_k: 0.30472530819090210, scale_lr: 0.66801951508297397, EAO: 0.265
Trial 1397 finished with value: 0.2654912783120706 and parameters: {'window_influence': 0.3300004377228236, 'penalty_k': 0.3047253081909021, 'scale_lr': 0.668019515082974}. Best is trial 489 with value: 0.28065862270390113.
checkpoint_e32 window_influence: 0.50594643141100204, penalty_k: 0.10168468410246533, scale_lr: 0.68542645308456474, EAO: 0.241
Trial 1398 finished with value: 0.2409625156381266 and parameters: {'window_influence': 0.505946431411002, 'penalty_k': 0.10168468410246533, 'scale_lr': 0.6854264530845647}. Best is trial 489 with value: 0.28065862270390113.
checkpoint_e32 window_influence: 0.43381259220953355, penalty_k: 0.36175275837093152, scale_lr: 0.57682934055427604, EAO: 0.256
Trial 1399 finished with value: 0.25637589237554287 and parameters: {'window_influence': 0.43381259220953355, 'penalty_k': 0.3617527583709315, 'scale_lr': 0.576829340554276}. Best is trial 489 with value: 0.28065862270390113.
checkpoint_e32 window_influence: 0.51825966954268987, penalty_k: 0.33061509308246817, scale_lr: 0.31061170093924306, EAO: 0.230
Trial 1400 finished with value: 0.2301071543034499 and parameters: {'window_influence': 0.5182596695426899, 'penalty_k': 0.33061509308246817, 'scale_lr': 0.31061170093924306}. Best is trial 489 with value: 0.28065862270390113.
checkpoint_e32 window_influence: 0.41090194548530296, penalty_k: 0.06284226217946233, scale_lr: 0.59369529161995604, EAO: 0.250
Trial 1401 finished with value: 0.2502883655147824 and parameters: {'window_influence': 0.41090194548530296, 'penalty_k': 0.06284226217946233, 'scale_lr': 0.593695291619956}. Best is trial 489 with value: 0.28065862270390113.
checkpoint_e32 window_influence: 0.16479506643542843, penalty_k: 0.31826768742541345, scale_lr: 0.44117520527579113, EAO: 0.232
Trial 1402 finished with value: 0.23177449720177223 and parameters: {'window_influence': 0.16479506643542843, 'penalty_k': 0.31826768742541345, 'scale_lr': 0.4411752052757911}. Best is trial 489 with value: 0.28065862270390113.
checkpoint_e32 window_influence: 0.07652979504805729, penalty_k: 0.29709529690289899, scale_lr: 0.28023906838077139, EAO: 0.225
Trial 1403 finished with value: 0.22499771531277557 and parameters: {'window_influence': 0.07652979504805729, 'penalty_k': 0.297095296902899, 'scale_lr': 0.2802390683807714}. Best is trial 489 with value: 0.28065862270390113.
checkpoint_e32 window_influence: 0.05089582633886192, penalty_k: 0.27156303706973950, scale_lr: 0.18598967266490912, EAO: 0.224
Trial 1404 finished with value: 0.22418302297592163 and parameters: {'window_influence': 0.050895826338861916, 'penalty_k': 0.2715630370697395, 'scale_lr': 0.18598967266490912}. Best is trial 489 with value: 0.28065862270390113.
checkpoint_e32 window_influence: 0.28936917906102338, penalty_k: 0.08772370830293305, scale_lr: 0.71488332666997956, EAO: 0.258
Trial 1405 finished with value: 0.25838901986920737 and parameters: {'window_influence': 0.2893691790610234, 'penalty_k': 0.08772370830293305, 'scale_lr': 0.7148833266699796}. Best is trial 489 with value: 0.28065862270390113.
checkpoint_e32 window_influence: 0.44882774166613726, penalty_k: 0.11174188829650206, scale_lr: 0.47351429286439989, EAO: 0.257
Trial 1406 finished with value: 0.2574602632018609 and parameters: {'window_influence': 0.44882774166613726, 'penalty_k': 0.11174188829650206, 'scale_lr': 0.4735142928643999}. Best is trial 489 with value: 0.28065862270390113.
checkpoint_e32 window_influence: 0.34640140189222579, penalty_k: 0.55071236935612511, scale_lr: 0.61428412375590835, EAO: 0.262
Trial 1407 finished with value: 0.2620314047709713 and parameters: {'window_influence': 0.3464014018922258, 'penalty_k': 0.5507123693561251, 'scale_lr': 0.6142841237559084}. Best is trial 489 with value: 0.28065862270390113.
checkpoint_e32 window_influence: 0.30652899371729764, penalty_k: 0.13243399648065793, scale_lr: 0.56816761420550510, EAO: 0.265
Trial 1408 finished with value: 0.26477635009744305 and parameters: {'window_influence': 0.30652899371729764, 'penalty_k': 0.13243399648065793, 'scale_lr': 0.5681676142055051}. Best is trial 489 with value: 0.28065862270390113.
checkpoint_e32 window_influence: 0.11923537392915509, penalty_k: 0.47596167927139499, scale_lr: 0.37448263837203388, EAO: 0.218
Trial 1409 finished with value: 0.21811126233116399 and parameters: {'window_influence': 0.11923537392915509, 'penalty_k': 0.475961679271395, 'scale_lr': 0.3744826383720339}. Best is trial 489 with value: 0.28065862270390113.
checkpoint_e32 window_influence: 0.31563316581648920, penalty_k: 0.30688365778458065, scale_lr: 0.50092840743042411, EAO: 0.265
Trial 1410 finished with value: 0.26479151245297455 and parameters: {'window_influence': 0.3156331658164892, 'penalty_k': 0.30688365778458065, 'scale_lr': 0.5009284074304241}. Best is trial 489 with value: 0.28065862270390113.
checkpoint_e32 window_influence: 0.36478883478135427, penalty_k: 0.25248766855881360, scale_lr: 0.42406126360728796, EAO: 0.257
Trial 1411 finished with value: 0.25737992734686144 and parameters: {'window_influence': 0.36478883478135427, 'penalty_k': 0.2524876685588136, 'scale_lr': 0.42406126360728796}. Best is trial 489 with value: 0.28065862270390113.
checkpoint_e32 window_influence: 0.33527351581891202, penalty_k: 0.28370766456867191, scale_lr: 0.16615601473036881, EAO: 0.258
Trial 1412 finished with value: 0.2582911726057045 and parameters: {'window_influence': 0.335273515818912, 'penalty_k': 0.2837076645686719, 'scale_lr': 0.1661560147303688}. Best is trial 489 with value: 0.28065862270390113.
checkpoint_e32 window_influence: 0.40186484091107494, penalty_k: 0.34554952670954286, scale_lr: 0.26352601959104605, EAO: 0.257
Trial 1413 finished with value: 0.257022158886359 and parameters: {'window_influence': 0.40186484091107494, 'penalty_k': 0.34554952670954286, 'scale_lr': 0.26352601959104605}. Best is trial 489 with value: 0.28065862270390113.
checkpoint_e32 window_influence: 0.29196462078573071, penalty_k: 0.32865853043657872, scale_lr: 0.74379869261689158, EAO: 0.256
Trial 1414 finished with value: 0.25624668125699207 and parameters: {'window_influence': 0.2919646207857307, 'penalty_k': 0.3286585304365787, 'scale_lr': 0.7437986926168916}. Best is trial 489 with value: 0.28065862270390113.
checkpoint_e32 window_influence: 0.53519927749947716, penalty_k: 0.54040372070408904, scale_lr: 0.32434572828856528, EAO: 0.221
Trial 1415 finished with value: 0.2210644042588831 and parameters: {'window_influence': 0.5351992774994772, 'penalty_k': 0.540403720704089, 'scale_lr': 0.3243457282885653}. Best is trial 489 with value: 0.28065862270390113.
checkpoint_e32 window_influence: 0.57468654308404554, penalty_k: 0.11131388463506244, scale_lr: 0.29657792083547224, EAO: 0.231
Trial 1416 finished with value: 0.23078332314404046 and parameters: {'window_influence': 0.5746865430840455, 'penalty_k': 0.11131388463506244, 'scale_lr': 0.29657792083547224}. Best is trial 489 with value: 0.28065862270390113.
checkpoint_e32 window_influence: 0.38128512777191625, penalty_k: 0.03203139481676910, scale_lr: 0.65495184984498123, EAO: 0.261
Trial 1417 finished with value: 0.260711642421358 and parameters: {'window_influence': 0.38128512777191625, 'penalty_k': 0.0320313948167691, 'scale_lr': 0.6549518498449812}. Best is trial 489 with value: 0.28065862270390113.
checkpoint_e32 window_influence: 0.55881588311379249, penalty_k: 0.12506418023656496, scale_lr: 0.69388207064464280, EAO: 0.231
Trial 1418 finished with value: 0.23072134412643386 and parameters: {'window_influence': 0.5588158831137925, 'penalty_k': 0.12506418023656496, 'scale_lr': 0.6938820706446428}. Best is trial 489 with value: 0.28065862270390113.
checkpoint_e32 window_influence: 0.32058901926010369, penalty_k: 0.53766261277152316, scale_lr: 0.67356735122321254, EAO: 0.261
Trial 1419 finished with value: 0.2611797321133497 and parameters: {'window_influence': 0.3205890192601037, 'penalty_k': 0.5376626127715232, 'scale_lr': 0.6735673512232125}. Best is trial 489 with value: 0.28065862270390113.
checkpoint_e32 window_influence: 0.29882566835498275, penalty_k: 0.04597591528858123, scale_lr: 0.63304379384479448, EAO: 0.264
Trial 1420 finished with value: 0.2639985841100778 and parameters: {'window_influence': 0.29882566835498275, 'penalty_k': 0.04597591528858123, 'scale_lr': 0.6330437938447945}. Best is trial 489 with value: 0.28065862270390113.
checkpoint_e32 window_influence: 0.34135637514584805, penalty_k: 0.56121499833342381, scale_lr: 0.20485337408875398, EAO: 0.249
Trial 1421 finished with value: 0.2489656278394102 and parameters: {'window_influence': 0.34135637514584805, 'penalty_k': 0.5612149983334238, 'scale_lr': 0.20485337408875398}. Best is trial 489 with value: 0.28065862270390113.
checkpoint_e32 window_influence: 0.35757865703558317, penalty_k: 0.31338575203675406, scale_lr: 0.53540022217756700, EAO: 0.261
Trial 1422 finished with value: 0.2611596586137283 and parameters: {'window_influence': 0.35757865703558317, 'penalty_k': 0.31338575203675406, 'scale_lr': 0.535400222177567}. Best is trial 489 with value: 0.28065862270390113.
checkpoint_e32 window_influence: 0.39435688688595044, penalty_k: 0.29309800182399026, scale_lr: 0.13888465777975689, EAO: 0.261
Trial 1423 finished with value: 0.2613147428122962 and parameters: {'window_influence': 0.39435688688595044, 'penalty_k': 0.29309800182399026, 'scale_lr': 0.1388846577797569}. Best is trial 489 with value: 0.28065862270390113.
checkpoint_e32 window_influence: 0.30980351278768642, penalty_k: 0.07610651995997869, scale_lr: 0.40549247080251488, EAO: 0.257
