Trial 21 finished with value: 0.2492562523338853 and parameters: {'window_influence': 0.43820715614347927, 'penalty_k': 0.02045797836021311, 'scale_lr': 0.7963808890735035}. Best is trial 16 with value: 0.26118767703694057.
checkpoint_e39 window_influence: 0.35388303195039850, penalty_k: 0.06777954370621803, scale_lr: 0.72604731445848070, EAO: 0.253
Trial 22 finished with value: 0.25282266802661785 and parameters: {'window_influence': 0.3538830319503985, 'penalty_k': 0.06777954370621803, 'scale_lr': 0.7260473144584807}. Best is trial 16 with value: 0.26118767703694057.
checkpoint_e39 window_influence: 0.44310031274393374, penalty_k: 0.12358041725684506, scale_lr: 0.65426043288875890, EAO: 0.264
Trial 23 finished with value: 0.2637813664912208 and parameters: {'window_influence': 0.44310031274393374, 'penalty_k': 0.12358041725684506, 'scale_lr': 0.6542604328887589}. Best is trial 23 with value: 0.2637813664912208.
checkpoint_e39 window_influence: 0.52942343430883032, penalty_k: 0.11002430259643255, scale_lr: 0.67836457709587206, EAO: 0.248
Trial 24 finished with value: 0.24824427171208993 and parameters: {'window_influence': 0.5294234343088303, 'penalty_k': 0.11002430259643255, 'scale_lr': 0.6783645770958721}. Best is trial 23 with value: 0.2637813664912208.
checkpoint_e39 window_influence: 0.37782820820896140, penalty_k: 0.24621707860974118, scale_lr: 0.62213091996204450, EAO: 0.263
Trial 25 finished with value: 0.2625630178102633 and parameters: {'window_influence': 0.3778282082089614, 'penalty_k': 0.24621707860974118, 'scale_lr': 0.6221309199620445}. Best is trial 23 with value: 0.2637813664912208.
checkpoint_e39 window_influence: 0.49155960197688131, penalty_k: 0.27752354208399976, scale_lr: 0.63189308110383224, EAO: 0.255
Trial 26 finished with value: 0.25517379353201486 and parameters: {'window_influence': 0.4915596019768813, 'penalty_k': 0.27752354208399976, 'scale_lr': 0.6318930811038322}. Best is trial 23 with value: 0.2637813664912208.
checkpoint_e39 window_influence: 0.38716867645214925, penalty_k: 0.21179786099352679, scale_lr: 0.59701789650107795, EAO: 0.253
Trial 27 finished with value: 0.2527618353080943 and parameters: {'window_influence': 0.38716867645214925, 'penalty_k': 0.2117978609935268, 'scale_lr': 0.597017896501078}. Best is trial 23 with value: 0.2637813664912208.
checkpoint_e39 window_influence: 0.45718381933309604, penalty_k: 0.31072042735630451, scale_lr: 0.65854353732636128, EAO: 0.261
Trial 28 finished with value: 0.2611991770989527 and parameters: {'window_influence': 0.45718381933309604, 'penalty_k': 0.3107204273563045, 'scale_lr': 0.6585435373263613}. Best is trial 23 with value: 0.2637813664912208.
checkpoint_e39 window_influence: 0.43644425610381465, penalty_k: 0.31533051663376510, scale_lr: 0.67525462404292846, EAO: 0.262
Trial 29 finished with value: 0.2624327277507239 and parameters: {'window_influence': 0.43644425610381465, 'penalty_k': 0.3153305166337651, 'scale_lr': 0.6752546240429285}. Best is trial 23 with value: 0.2637813664912208.
checkpoint_e39 window_influence: 0.39128797967277767, penalty_k: 0.33808581654120390, scale_lr: 0.68126726791387160, EAO: 0.257
Trial 30 finished with value: 0.2571123513143237 and parameters: {'window_influence': 0.3912879796727777, 'penalty_k': 0.3380858165412039, 'scale_lr': 0.6812672679138716}. Best is trial 23 with value: 0.2637813664912208.
checkpoint_e39 window_influence: 0.44166994725281405, penalty_k: 0.28524094933090594, scale_lr: 0.64445261738676884, EAO: 0.261
Trial 31 finished with value: 0.2609104521390868 and parameters: {'window_influence': 0.44166994725281405, 'penalty_k': 0.28524094933090594, 'scale_lr': 0.6444526173867688}. Best is trial 23 with value: 0.2637813664912208.
checkpoint_e39 window_influence: 0.43143262339181221, penalty_k: 0.33157536647540625, scale_lr: 0.71801897344210397, EAO: 0.261
Trial 32 finished with value: 0.260725941297 and parameters: {'window_influence': 0.4314326233918122, 'penalty_k': 0.33157536647540625, 'scale_lr': 0.718018973442104}. Best is trial 23 with value: 0.2637813664912208.
checkpoint_e39 window_influence: 0.38260638074355147, penalty_k: 0.31300669668813091, scale_lr: 0.57294931511434943, EAO: 0.252
Trial 33 finished with value: 0.25205801251700255 and parameters: {'window_influence': 0.38260638074355147, 'penalty_k': 0.3130066966881309, 'scale_lr': 0.5729493151143494}. Best is trial 23 with value: 0.2637813664912208.
checkpoint_e39 window_influence: 0.45891374671038582, penalty_k: 0.36826966661559124, scale_lr: 0.51464998979122356, EAO: 0.253
Trial 34 finished with value: 0.25331783221989146 and parameters: {'window_influence': 0.4589137467103858, 'penalty_k': 0.36826966661559124, 'scale_lr': 0.5146499897912236}. Best is trial 23 with value: 0.2637813664912208.
checkpoint_e39 window_influence: 0.31064702267577321, penalty_k: 0.25380825855080918, scale_lr: 0.67921172945654429, EAO: 0.252
Trial 35 finished with value: 0.25207398456286606 and parameters: {'window_influence': 0.3106470226757732, 'penalty_k': 0.2538082585508092, 'scale_lr': 0.6792117294565443}. Best is trial 23 with value: 0.2637813664912208.
checkpoint_e39 window_influence: 0.40823375887117369, penalty_k: 0.37519684370492690, scale_lr: 0.73134582666429226, EAO: 0.256
Trial 36 finished with value: 0.2562891541094315 and parameters: {'window_influence': 0.4082337588711737, 'penalty_k': 0.3751968437049269, 'scale_lr': 0.7313458266642923}. Best is trial 23 with value: 0.2637813664912208.
checkpoint_e39 window_influence: 0.45882190746997586, penalty_k: 0.24752735715923921, scale_lr: 0.61781994594993206, EAO: 0.258
Trial 37 finished with value: 0.2583146517475446 and parameters: {'window_influence': 0.45882190746997586, 'penalty_k': 0.2475273571592392, 'scale_lr': 0.6178199459499321}. Best is trial 23 with value: 0.2637813664912208.
checkpoint_e39 window_influence: 0.36696070166110140, penalty_k: 0.29299662888150063, scale_lr: 0.57316278813242727, EAO: 0.248
Trial 38 finished with value: 0.24832545069417333 and parameters: {'window_influence': 0.3669607016611014, 'penalty_k': 0.29299662888150063, 'scale_lr': 0.5731627881324273}. Best is trial 23 with value: 0.2637813664912208.
checkpoint_e39 window_influence: 0.33634540914602917, penalty_k: 0.19788467697585110, scale_lr: 0.53862905220839596, EAO: 0.254
Trial 39 finished with value: 0.25381500928140266 and parameters: {'window_influence': 0.3363454091460292, 'penalty_k': 0.1978846769758511, 'scale_lr': 0.538629052208396}. Best is trial 23 with value: 0.2637813664912208.
checkpoint_e39 window_influence: 0.50202005673993000, penalty_k: 0.23428034166208950, scale_lr: 0.48931671988954412, EAO: 0.255
Trial 40 finished with value: 0.2546025106335074 and parameters: {'window_influence': 0.50202005673993, 'penalty_k': 0.2342803416620895, 'scale_lr': 0.4893167198895441}. Best is trial 23 with value: 0.2637813664912208.
checkpoint_e39 window_influence: 0.46217973263708706, penalty_k: 0.17559171509752758, scale_lr: 0.75431294521467107, EAO: 0.265
Trial 41 finished with value: 0.26516648781735724 and parameters: {'window_influence': 0.46217973263708706, 'penalty_k': 0.17559171509752758, 'scale_lr': 0.7543129452146711}. Best is trial 41 with value: 0.26516648781735724.
checkpoint_e39 window_influence: 0.46050477444930243, penalty_k: 0.16704570139803909, scale_lr: 0.67155288148845060, EAO: 0.261
Trial 42 finished with value: 0.2614375225654462 and parameters: {'window_influence': 0.46050477444930243, 'penalty_k': 0.1670457013980391, 'scale_lr': 0.6715528814884506}. Best is trial 41 with value: 0.26516648781735724.
checkpoint_e39 window_influence: 0.52488816647299619, penalty_k: 0.17310425660937226, scale_lr: 0.75481860415472457, EAO: 0.254
Trial 43 finished with value: 0.25423356914907935 and parameters: {'window_influence': 0.5248881664729962, 'penalty_k': 0.17310425660937226, 'scale_lr': 0.7548186041547246}. Best is trial 41 with value: 0.26516648781735724.
checkpoint_e39 window_influence: 0.42579083411022239, penalty_k: 0.16375173238300242, scale_lr: 0.70533577593300134, EAO: 0.258
Trial 44 finished with value: 0.2575057690463415 and parameters: {'window_influence': 0.4257908341102224, 'penalty_k': 0.16375173238300242, 'scale_lr': 0.7053357759330013}. Best is trial 41 with value: 0.26516648781735724.
checkpoint_e39 window_influence: 0.54791848329371018, penalty_k: 0.21618104471384558, scale_lr: 0.74785567487823856, EAO: 0.238
Trial 45 finished with value: 0.2377345813362579 and parameters: {'window_influence': 0.5479184832937102, 'penalty_k': 0.21618104471384558, 'scale_lr': 0.7478556748782386}. Best is trial 41 with value: 0.26516648781735724.
checkpoint_e39 window_influence: 0.50401590170248045, penalty_k: 0.14670116566793448, scale_lr: 0.69788913551359966, EAO: 0.260
Trial 46 finished with value: 0.2600368208032313 and parameters: {'window_influence': 0.5040159017024805, 'penalty_k': 0.14670116566793448, 'scale_lr': 0.6978891355135997}. Best is trial 41 with value: 0.26516648781735724.
checkpoint_e39 window_influence: 0.41815915028924050, penalty_k: 0.18719621006377124, scale_lr: 0.62331836761548542, EAO: 0.267
Trial 47 finished with value: 0.26699656956806417 and parameters: {'window_influence': 0.4181591502892405, 'penalty_k': 0.18719621006377124, 'scale_lr': 0.6233183676154854}. Best is trial 47 with value: 0.26699656956806417.
checkpoint_e39 window_influence: 0.40779260926936911, penalty_k: 0.20395423674606394, scale_lr: 0.61979247646417923, EAO: 0.258
Trial 48 finished with value: 0.2580840264757474 and parameters: {'window_influence': 0.4077926092693691, 'penalty_k': 0.20395423674606394, 'scale_lr': 0.6197924764641792}. Best is trial 47 with value: 0.26699656956806417.
checkpoint_e39 window_influence: 0.38074495380321621, penalty_k: 0.26550767257871949, scale_lr: 0.55761452188097005, EAO: 0.264
Trial 49 finished with value: 0.26421180337182876 and parameters: {'window_influence': 0.3807449538032162, 'penalty_k': 0.2655076725787195, 'scale_lr': 0.55761452188097}. Best is trial 47 with value: 0.26699656956806417.
checkpoint_e39 window_influence: 0.37361901766644984, penalty_k: 0.26517230659746371, scale_lr: 0.56635774658737825, EAO: 0.252
Trial 50 finished with value: 0.2520804266498341 and parameters: {'window_influence': 0.37361901766644984, 'penalty_k': 0.2651723065974637, 'scale_lr': 0.5663577465873783}. Best is trial 47 with value: 0.26699656956806417.
checkpoint_e39 window_influence: 0.41261782500482036, penalty_k: 0.23355309233338190, scale_lr: 0.60241724807221131, EAO: 0.248
Trial 51 finished with value: 0.24849358285830273 and parameters: {'window_influence': 0.41261782500482036, 'penalty_k': 0.2335530923333819, 'scale_lr': 0.6024172480722113}. Best is trial 47 with value: 0.26699656956806417.
checkpoint_e39 window_influence: 0.43599821359030999, penalty_k: 0.18433546893877056, scale_lr: 0.65714101855132401, EAO: 0.263
Trial 52 finished with value: 0.2634282761472997 and parameters: {'window_influence': 0.43599821359031, 'penalty_k': 0.18433546893877056, 'scale_lr': 0.657141018551324}. Best is trial 47 with value: 0.26699656956806417.
checkpoint_e39 window_influence: 0.34483485711427858, penalty_k: 0.19092685397763337, scale_lr: 0.63242095443248125, EAO: 0.257
Trial 53 finished with value: 0.2567555893485139 and parameters: {'window_influence': 0.3448348571142786, 'penalty_k': 0.19092685397763337, 'scale_lr': 0.6324209544324813}. Best is trial 47 with value: 0.26699656956806417.
checkpoint_e39 window_influence: 0.38903604767170963, penalty_k: 0.14431702579877487, scale_lr: 0.54190953563787880, EAO: 0.255
Trial 54 finished with value: 0.25490573569526515 and parameters: {'window_influence': 0.38903604767170963, 'penalty_k': 0.14431702579877487, 'scale_lr': 0.5419095356378788}. Best is trial 47 with value: 0.26699656956806417.
checkpoint_e39 window_influence: 0.47572692717178133, penalty_k: 0.22662200622095241, scale_lr: 0.59307124151049517, EAO: 0.256
Trial 55 finished with value: 0.2560862222822701 and parameters: {'window_influence': 0.47572692717178133, 'penalty_k': 0.2266220062209524, 'scale_lr': 0.5930712415104952}. Best is trial 47 with value: 0.26699656956806417.
checkpoint_e39 window_influence: 0.30680349061659085, penalty_k: 0.18096892597052938, scale_lr: 0.76548404038463480, EAO: 0.255
Trial 56 finished with value: 0.25509052535867305 and parameters: {'window_influence': 0.30680349061659085, 'penalty_k': 0.18096892597052938, 'scale_lr': 0.7654840403846348}. Best is trial 47 with value: 0.26699656956806417.
checkpoint_e39 window_influence: 0.41923715109195042, penalty_k: 0.13133168303122611, scale_lr: 0.65255799807458803, EAO: 0.254
Trial 57 finished with value: 0.25404424032544703 and parameters: {'window_influence': 0.4192371510919504, 'penalty_k': 0.1313316830312261, 'scale_lr': 0.652557998074588}. Best is trial 47 with value: 0.26699656956806417.
checkpoint_e39 window_influence: 0.36536099213221235, penalty_k: 0.08574154819598090, scale_lr: 0.71714202552210971, EAO: 0.250
Trial 58 finished with value: 0.2500049980675302 and parameters: {'window_influence': 0.36536099213221235, 'penalty_k': 0.0857415481959809, 'scale_lr': 0.7171420255221097}. Best is trial 47 with value: 0.26699656956806417.
checkpoint_e39 window_influence: 0.39369652436923075, penalty_k: 0.26362916121271740, scale_lr: 0.55618794711389019, EAO: 0.255
Trial 59 finished with value: 0.2552135068226636 and parameters: {'window_influence': 0.39369652436923075, 'penalty_k': 0.2636291612127174, 'scale_lr': 0.5561879471138902}. Best is trial 47 with value: 0.26699656956806417.
checkpoint_e39 window_influence: 0.44117601154427039, penalty_k: 0.18440847024435655, scale_lr: 0.60663047237603318, EAO: 0.261
Trial 60 finished with value: 0.2606586902970221 and parameters: {'window_influence': 0.4411760115442704, 'penalty_k': 0.18440847024435655, 'scale_lr': 0.6066304723760332}. Best is trial 47 with value: 0.26699656956806417.
checkpoint_e39 window_influence: 0.42644289960877713, penalty_k: 0.21056778455522843, scale_lr: 0.69457893090561407, EAO: 0.258
Trial 61 finished with value: 0.2579296829739237 and parameters: {'window_influence': 0.4264428996087771, 'penalty_k': 0.21056778455522843, 'scale_lr': 0.6945789309056141}. Best is trial 47 with value: 0.26699656956806417.
checkpoint_e39 window_influence: 0.44714240352101908, penalty_k: 0.23605749815887259, scale_lr: 0.66023068655100337, EAO: 0.259
Trial 62 finished with value: 0.25934177013189813 and parameters: {'window_influence': 0.4471424035210191, 'penalty_k': 0.2360574981588726, 'scale_lr': 0.6602306865510034}. Best is trial 47 with value: 0.26699656956806417.
checkpoint_e39 window_influence: 0.48046148632884539, penalty_k: 0.26400817548266159, scale_lr: 0.62964966049712046, EAO: 0.257
Trial 63 finished with value: 0.2571909777759536 and parameters: {'window_influence': 0.4804614863288454, 'penalty_k': 0.2640081754826616, 'scale_lr': 0.6296496604971205}. Best is trial 47 with value: 0.26699656956806417.
checkpoint_e39 window_influence: 0.40100081271047960, penalty_k: 0.28266414083182562, scale_lr: 0.66658953617520667, EAO: 0.251
Trial 64 finished with value: 0.25146348350416353 and parameters: {'window_influence': 0.4010008127104796, 'penalty_k': 0.2826641408318256, 'scale_lr': 0.6665895361752067}. Best is trial 47 with value: 0.26699656956806417.
checkpoint_e39 window_influence: 0.47567719870161818, penalty_k: 0.14824473091150647, scale_lr: 0.58371781936982992, EAO: 0.260
Trial 65 finished with value: 0.25962490879180955 and parameters: {'window_influence': 0.4756771987016182, 'penalty_k': 0.14824473091150647, 'scale_lr': 0.5837178193698299}. Best is trial 47 with value: 0.26699656956806417.
checkpoint_e39 window_influence: 0.43794103475238660, penalty_k: 0.21962017913901832, scale_lr: 0.69453209719858733, EAO: 0.268
Trial 66 finished with value: 0.26836136504402003 and parameters: {'window_influence': 0.4379410347523866, 'penalty_k': 0.21962017913901832, 'scale_lr': 0.6945320971985873}. Best is trial 66 with value: 0.26836136504402003.
checkpoint_e39 window_influence: 0.41553490272778920, penalty_k: 0.16080342826969496, scale_lr: 0.77437353451183499, EAO: 0.263
Trial 67 finished with value: 0.2626844739041677 and parameters: {'window_influence': 0.4155349027277892, 'penalty_k': 0.16080342826969496, 'scale_lr': 0.774373534511835}. Best is trial 66 with value: 0.26836136504402003.
checkpoint_e39 window_influence: 0.41646942256870273, penalty_k: 0.11659152563141331, scale_lr: 0.77497026648691947, EAO: 0.255
Trial 68 finished with value: 0.2550158236569505 and parameters: {'window_influence': 0.41646942256870273, 'penalty_k': 0.11659152563141331, 'scale_lr': 0.7749702664869195}. Best is trial 66 with value: 0.26836136504402003.
checkpoint_e39 window_influence: 0.44833796853179175, penalty_k: 0.09790282143618821, scale_lr: 0.74222183436357692, EAO: 0.257
Trial 69 finished with value: 0.25711278356914596 and parameters: {'window_influence': 0.44833796853179175, 'penalty_k': 0.09790282143618821, 'scale_lr': 0.7422218343635769}. Best is trial 66 with value: 0.26836136504402003.
checkpoint_e39 window_influence: 0.46976127640934673, penalty_k: 0.15837120612736627, scale_lr: 0.76132803415988659, EAO: 0.264
Trial 70 finished with value: 0.26427600641803045 and parameters: {'window_influence': 0.46976127640934673, 'penalty_k': 0.15837120612736627, 'scale_lr': 0.7613280341598866}. Best is trial 66 with value: 0.26836136504402003.
checkpoint_e39 window_influence: 0.50403554637524128, penalty_k: 0.15815913930288950, scale_lr: 0.77615424594447646, EAO: 0.251
Trial 71 finished with value: 0.25069161855835254 and parameters: {'window_influence': 0.5040355463752413, 'penalty_k': 0.1581591393028895, 'scale_lr': 0.7761542459444765}. Best is trial 66 with value: 0.26836136504402003.
checkpoint_e39 window_influence: 0.46480244811350646, penalty_k: 0.13341732437697601, scale_lr: 0.75857940805927560, EAO: 0.263
Trial 72 finished with value: 0.2627868651738012 and parameters: {'window_influence': 0.46480244811350646, 'penalty_k': 0.133417324376976, 'scale_lr': 0.7585794080592756}. Best is trial 66 with value: 0.26836136504402003.
checkpoint_e39 window_influence: 0.46636036977497081, penalty_k: 0.13005035608709245, scale_lr: 0.70640508924184586, EAO: 0.255
Trial 73 finished with value: 0.2550091570833834 and parameters: {'window_influence': 0.4663603697749708, 'penalty_k': 0.13005035608709245, 'scale_lr': 0.7064050892418459}. Best is trial 66 with value: 0.26836136504402003.
checkpoint_e39 window_influence: 0.49430836133695799, penalty_k: 0.18360615143153783, scale_lr: 0.72397518404388583, EAO: 0.260
Trial 74 finished with value: 0.25963995575420257 and parameters: {'window_influence': 0.494308361336958, 'penalty_k': 0.18360615143153783, 'scale_lr': 0.7239751840438858}. Best is trial 66 with value: 0.26836136504402003.
checkpoint_e39 window_influence: 0.44686412572909745, penalty_k: 0.13411501045636878, scale_lr: 0.73386284935890256, EAO: 0.260
Trial 75 finished with value: 0.26030862876554817 and parameters: {'window_influence': 0.44686412572909745, 'penalty_k': 0.13411501045636878, 'scale_lr': 0.7338628493589026}. Best is trial 66 with value: 0.26836136504402003.
checkpoint_e39 window_influence: 0.47126522442589225, penalty_k: 0.20278630266014999, scale_lr: 0.76137795197264790, EAO: 0.257
Trial 76 finished with value: 0.2567501097190671 and parameters: {'window_influence': 0.47126522442589225, 'penalty_k': 0.20278630266015, 'scale_lr': 0.7613779519726479}. Best is trial 66 with value: 0.26836136504402003.
checkpoint_e39 window_influence: 0.51559662215669599, penalty_k: 0.22025118909424235, scale_lr: 0.74098855420927356, EAO: 0.254
Trial 77 finished with value: 0.2541534311281956 and parameters: {'window_influence': 0.515596622156696, 'penalty_k': 0.22025118909424235, 'scale_lr': 0.7409885542092736}. Best is trial 66 with value: 0.26836136504402003.
checkpoint_e39 window_influence: 0.43337876401489750, penalty_k: 0.17510480949511317, scale_lr: 0.79818160328808130, EAO: 0.262
Trial 78 finished with value: 0.2619527217333879 and parameters: {'window_influence': 0.4333787640148975, 'penalty_k': 0.17510480949511317, 'scale_lr': 0.7981816032880813}. Best is trial 66 with value: 0.26836136504402003.
checkpoint_e39 window_influence: 0.45448278251364332, penalty_k: 0.19636883342726746, scale_lr: 0.69067319666863780, EAO: 0.266
Trial 79 finished with value: 0.26625252660454773 and parameters: {'window_influence': 0.4544827825136433, 'penalty_k': 0.19636883342726746, 'scale_lr': 0.6906731966686378}. Best is trial 66 with value: 0.26836136504402003.
checkpoint_e39 window_influence: 0.39986109724329100, penalty_k: 0.19588641617071081, scale_lr: 0.69510514789819722, EAO: 0.257
Trial 80 finished with value: 0.2570603076156562 and parameters: {'window_influence': 0.399861097243291, 'penalty_k': 0.19588641617071081, 'scale_lr': 0.6951051478981972}. Best is trial 66 with value: 0.26836136504402003.
checkpoint_e39 window_influence: 0.48616636289835868, penalty_k: 0.14989566303670818, scale_lr: 0.68918733778705676, EAO: 0.256
Trial 81 finished with value: 0.2561486836492531 and parameters: {'window_influence': 0.4861663628983587, 'penalty_k': 0.14989566303670818, 'scale_lr': 0.6891873377870568}. Best is trial 66 with value: 0.26836136504402003.
checkpoint_e39 window_influence: 0.45767048303103758, penalty_k: 0.17403180311779187, scale_lr: 0.70936862946776902, EAO: 0.268
Trial 82 finished with value: 0.26831822103358866 and parameters: {'window_influence': 0.4576704830310376, 'penalty_k': 0.17403180311779187, 'scale_lr': 0.709368629467769}. Best is trial 66 with value: 0.26836136504402003.
checkpoint_e39 window_influence: 0.45423377864612080, penalty_k: 0.21904840844626289, scale_lr: 0.65081150624072082, EAO: 0.266
