Trial 434 finished with value: 0.2635655254125595 and parameters: {'window_influence': 0.348940734189232, 'penalty_k': 0.21720280928027924, 'scale_lr': 0.5137477543234859}. Best is trial 431 with value: 0.29227477542268554.
checkpoint_e34 window_influence: 0.05195172918816920, penalty_k: 0.23763217899107936, scale_lr: 0.48553731983426263, EAO: 0.250
Trial 435 finished with value: 0.25017363335785825 and parameters: {'window_influence': 0.051951729188169204, 'penalty_k': 0.23763217899107936, 'scale_lr': 0.4855373198342626}. Best is trial 431 with value: 0.29227477542268554.
checkpoint_e34 window_influence: 0.33730894307479764, penalty_k: 0.15289100843225154, scale_lr: 0.50802865329908520, EAO: 0.263
Trial 436 finished with value: 0.2628156542172277 and parameters: {'window_influence': 0.33730894307479764, 'penalty_k': 0.15289100843225154, 'scale_lr': 0.5080286532990852}. Best is trial 431 with value: 0.29227477542268554.
checkpoint_e34 window_influence: 0.32264092630886260, penalty_k: 0.18929836933784269, scale_lr: 0.54095715541892786, EAO: 0.273
Trial 437 finished with value: 0.27256651422599465 and parameters: {'window_influence': 0.3226409263088626, 'penalty_k': 0.1892983693378427, 'scale_lr': 0.5409571554189279}. Best is trial 431 with value: 0.29227477542268554.
checkpoint_e34 window_influence: 0.35512395479852860, penalty_k: 0.17256676291894402, scale_lr: 0.51941617905993287, EAO: 0.245
Trial 438 finished with value: 0.24530285015338804 and parameters: {'window_influence': 0.3551239547985286, 'penalty_k': 0.17256676291894402, 'scale_lr': 0.5194161790599329}. Best is trial 431 with value: 0.29227477542268554.
checkpoint_e34 window_influence: 0.39604652384633499, penalty_k: 0.58438063653102079, scale_lr: 0.68715295197579662, EAO: 0.251
Trial 439 finished with value: 0.2508278789559031 and parameters: {'window_influence': 0.396046523846335, 'penalty_k': 0.5843806365310208, 'scale_lr': 0.6871529519757966}. Best is trial 431 with value: 0.29227477542268554.
checkpoint_e34 window_influence: 0.33030866935973857, penalty_k: 0.13411521861206924, scale_lr: 0.50266728974602670, EAO: 0.257
Trial 440 finished with value: 0.2572319726876127 and parameters: {'window_influence': 0.33030866935973857, 'penalty_k': 0.13411521861206924, 'scale_lr': 0.5026672897460267}. Best is trial 431 with value: 0.29227477542268554.
checkpoint_e34 window_influence: 0.31369606711386422, penalty_k: 0.22061433121700558, scale_lr: 0.47560469498586988, EAO: 0.279
Trial 441 finished with value: 0.2792216990657938 and parameters: {'window_influence': 0.3136960671138642, 'penalty_k': 0.22061433121700558, 'scale_lr': 0.4756046949858699}. Best is trial 431 with value: 0.29227477542268554.
checkpoint_e34 window_influence: 0.31698323638273096, penalty_k: 0.21422858396775790, scale_lr: 0.47577773034917514, EAO: 0.272
Trial 442 finished with value: 0.2723382638721931 and parameters: {'window_influence': 0.31698323638273096, 'penalty_k': 0.2142285839677579, 'scale_lr': 0.47577773034917514}. Best is trial 431 with value: 0.29227477542268554.
checkpoint_e34 window_influence: 0.34130721152855492, penalty_k: 0.22713029921371791, scale_lr: 0.44612815503845099, EAO: 0.247
Trial 443 finished with value: 0.2473865520299935 and parameters: {'window_influence': 0.3413072115285549, 'penalty_k': 0.2271302992137179, 'scale_lr': 0.446128155038451}. Best is trial 431 with value: 0.29227477542268554.
checkpoint_e34 window_influence: 0.31325821363099138, penalty_k: 0.24867172470961710, scale_lr: 0.48938614668889385, EAO: 0.267
Trial 444 finished with value: 0.2674541833197198 and parameters: {'window_influence': 0.3132582136309914, 'penalty_k': 0.2486717247096171, 'scale_lr': 0.48938614668889385}. Best is trial 431 with value: 0.29227477542268554.
checkpoint_e34 window_influence: 0.32693664990718269, penalty_k: 0.20469416737282731, scale_lr: 0.47136957296264170, EAO: 0.257
Trial 445 finished with value: 0.25685297195019763 and parameters: {'window_influence': 0.3269366499071827, 'penalty_k': 0.2046941673728273, 'scale_lr': 0.4713695729626417}. Best is trial 431 with value: 0.29227477542268554.
checkpoint_e34 window_influence: 0.45327077428515061, penalty_k: 0.22181557266680479, scale_lr: 0.52224038886732471, EAO: 0.250
Trial 446 finished with value: 0.2500216358197414 and parameters: {'window_influence': 0.4532707742851506, 'penalty_k': 0.2218155726668048, 'scale_lr': 0.5222403888673247}. Best is trial 431 with value: 0.29227477542268554.
checkpoint_e34 window_influence: 0.36194809936203631, penalty_k: 0.01775068098451044, scale_lr: 0.49517307726533621, EAO: 0.273
Trial 447 finished with value: 0.27327797368047685 and parameters: {'window_influence': 0.3619480993620363, 'penalty_k': 0.017750680984510443, 'scale_lr': 0.4951730772653362}. Best is trial 431 with value: 0.29227477542268554.
checkpoint_e34 window_influence: 0.29792098069070544, penalty_k: 0.23793600109025720, scale_lr: 0.46272249651243830, EAO: 0.259
Trial 448 finished with value: 0.2586892118783501 and parameters: {'window_influence': 0.29792098069070544, 'penalty_k': 0.2379360010902572, 'scale_lr': 0.4627224965124383}. Best is trial 431 with value: 0.29227477542268554.
checkpoint_e34 window_influence: 0.30985114939093489, penalty_k: 0.19448344641727860, scale_lr: 0.63780943156075476, EAO: 0.253
Trial 449 finished with value: 0.2534510276424206 and parameters: {'window_influence': 0.3098511493909349, 'penalty_k': 0.1944834464172786, 'scale_lr': 0.6378094315607548}. Best is trial 431 with value: 0.29227477542268554.
checkpoint_e34 window_influence: 0.27780116963552082, penalty_k: 0.20753065960688116, scale_lr: 0.54641196269226466, EAO: 0.267
Trial 450 finished with value: 0.26711351569832825 and parameters: {'window_influence': 0.2778011696355208, 'penalty_k': 0.20753065960688116, 'scale_lr': 0.5464119626922647}. Best is trial 431 with value: 0.29227477542268554.
checkpoint_e34 window_influence: 0.32193229221772279, penalty_k: 0.18179985289745959, scale_lr: 0.51079528291899456, EAO: 0.270
Trial 451 finished with value: 0.27046101994630767 and parameters: {'window_influence': 0.3219322922177228, 'penalty_k': 0.1817998528974596, 'scale_lr': 0.5107952829189946}. Best is trial 431 with value: 0.29227477542268554.
checkpoint_e34 window_influence: 0.14670199749587748, penalty_k: 0.25769813418375209, scale_lr: 0.56236298720722078, EAO: 0.241
Trial 452 finished with value: 0.24114629856454647 and parameters: {'window_influence': 0.14670199749587748, 'penalty_k': 0.2576981341837521, 'scale_lr': 0.5623629872072208}. Best is trial 431 with value: 0.29227477542268554.
checkpoint_e34 window_influence: 0.33320368181283272, penalty_k: 0.22321390511239050, scale_lr: 0.48215887641540683, EAO: 0.253
Trial 453 finished with value: 0.2531240789022872 and parameters: {'window_influence': 0.3332036818128327, 'penalty_k': 0.2232139051123905, 'scale_lr': 0.48215887641540683}. Best is trial 431 with value: 0.29227477542268554.
checkpoint_e34 window_influence: 0.34599907151710108, penalty_k: 0.16011936563184964, scale_lr: 0.53284586394425315, EAO: 0.259
Trial 454 finished with value: 0.25944418381384715 and parameters: {'window_influence': 0.3459990715171011, 'penalty_k': 0.16011936563184964, 'scale_lr': 0.5328458639442532}. Best is trial 431 with value: 0.29227477542268554.
checkpoint_e34 window_influence: 0.29397843866403017, penalty_k: 0.19837526822675650, scale_lr: 0.79879753463715875, EAO: 0.256
Trial 455 finished with value: 0.25612587318187807 and parameters: {'window_influence': 0.2939784386640302, 'penalty_k': 0.1983752682267565, 'scale_lr': 0.7987975346371587}. Best is trial 431 with value: 0.29227477542268554.
checkpoint_e34 window_influence: 0.27427122317496050, penalty_k: 0.24321623070456119, scale_lr: 0.49678624708996533, EAO: 0.278
Trial 456 finished with value: 0.27841417636813187 and parameters: {'window_influence': 0.2742712231749605, 'penalty_k': 0.2432162307045612, 'scale_lr': 0.4967862470899653}. Best is trial 431 with value: 0.29227477542268554.
checkpoint_e34 window_influence: 0.26947532677815211, penalty_k: 0.23956051676831686, scale_lr: 0.48862474316052229, EAO: 0.270
Trial 457 finished with value: 0.27020767706681076 and parameters: {'window_influence': 0.2694753267781521, 'penalty_k': 0.23956051676831686, 'scale_lr': 0.4886247431605223}. Best is trial 431 with value: 0.29227477542268554.
checkpoint_e34 window_influence: 0.26557086181945205, penalty_k: 0.25145287265329536, scale_lr: 0.52174047803896029, EAO: 0.270
Trial 458 finished with value: 0.2699264695004719 and parameters: {'window_influence': 0.26557086181945205, 'penalty_k': 0.25145287265329536, 'scale_lr': 0.5217404780389603}. Best is trial 431 with value: 0.29227477542268554.
checkpoint_e34 window_influence: 0.28020957374776295, penalty_k: 0.22932983075400332, scale_lr: 0.66796489129885794, EAO: 0.270
Trial 459 finished with value: 0.2695980883105014 and parameters: {'window_influence': 0.28020957374776295, 'penalty_k': 0.22932983075400332, 'scale_lr': 0.6679648912988579}. Best is trial 431 with value: 0.29227477542268554.
checkpoint_e34 window_influence: 0.27739858418085928, penalty_k: 0.21666121422263188, scale_lr: 0.56250346031991816, EAO: 0.260
Trial 460 finished with value: 0.2596365439334536 and parameters: {'window_influence': 0.2773985841808593, 'penalty_k': 0.21666121422263188, 'scale_lr': 0.5625034603199182}. Best is trial 431 with value: 0.29227477542268554.
checkpoint_e34 window_influence: 0.25614694145040123, penalty_k: 0.24459370471548808, scale_lr: 0.47241819256615813, EAO: 0.262
Trial 461 finished with value: 0.261710821491916 and parameters: {'window_influence': 0.25614694145040123, 'penalty_k': 0.24459370471548808, 'scale_lr': 0.47241819256615813}. Best is trial 431 with value: 0.29227477542268554.
checkpoint_e34 window_influence: 0.28458185314418544, penalty_k: 0.26449221112923788, scale_lr: 0.50047786545799566, EAO: 0.272
Trial 462 finished with value: 0.2723273913550183 and parameters: {'window_influence': 0.28458185314418544, 'penalty_k': 0.2644922111292379, 'scale_lr': 0.5004778654579957}. Best is trial 431 with value: 0.29227477542268554.
checkpoint_e34 window_influence: 0.29914261374914575, penalty_k: 0.17830362458037841, scale_lr: 0.62809818018665697, EAO: 0.263
Trial 463 finished with value: 0.26313729475184183 and parameters: {'window_influence': 0.29914261374914575, 'penalty_k': 0.1783036245803784, 'scale_lr': 0.628098180186657}. Best is trial 431 with value: 0.29227477542268554.
checkpoint_e34 window_influence: 0.09756561068938591, penalty_k: 0.21071981583936206, scale_lr: 0.54415914713793800, EAO: 0.240
Trial 464 finished with value: 0.24022294720256232 and parameters: {'window_influence': 0.0975656106893859, 'penalty_k': 0.21071981583936206, 'scale_lr': 0.544159147137938}. Best is trial 431 with value: 0.29227477542268554.
checkpoint_e34 window_influence: 0.44405420668624268, penalty_k: 0.19250972357811438, scale_lr: 0.45848715438132426, EAO: 0.249
Trial 465 finished with value: 0.24948344858196692 and parameters: {'window_influence': 0.4440542066862427, 'penalty_k': 0.19250972357811438, 'scale_lr': 0.45848715438132426}. Best is trial 431 with value: 0.29227477542268554.
checkpoint_e34 window_influence: 0.35810962912014360, penalty_k: 0.22670167109313902, scale_lr: 0.40630199690248114, EAO: 0.258
Trial 466 finished with value: 0.2583056337586263 and parameters: {'window_influence': 0.3581096291201436, 'penalty_k': 0.22670167109313902, 'scale_lr': 0.40630199690248114}. Best is trial 431 with value: 0.29227477542268554.
checkpoint_e34 window_influence: 0.58371629859561835, penalty_k: 0.16883688197931568, scale_lr: 0.33470523339138680, EAO: 0.236
Trial 467 finished with value: 0.235830878581458 and parameters: {'window_influence': 0.5837162985956184, 'penalty_k': 0.16883688197931568, 'scale_lr': 0.3347052333913868}. Best is trial 431 with value: 0.29227477542268554.
checkpoint_e34 window_influence: 0.26940727031338635, penalty_k: 0.14355313547505355, scale_lr: 0.68179011945559709, EAO: 0.252
Trial 468 finished with value: 0.2516003727186017 and parameters: {'window_influence': 0.26940727031338635, 'penalty_k': 0.14355313547505355, 'scale_lr': 0.6817901194555971}. Best is trial 431 with value: 0.29227477542268554.
checkpoint_e34 window_influence: 0.28872149768473504, penalty_k: 0.36727903221828945, scale_lr: 0.43343816071247576, EAO: 0.253
Trial 469 finished with value: 0.25333816770131024 and parameters: {'window_influence': 0.28872149768473504, 'penalty_k': 0.36727903221828945, 'scale_lr': 0.43343816071247576}. Best is trial 431 with value: 0.29227477542268554.
checkpoint_e34 window_influence: 0.30323726698533171, penalty_k: 0.23729781650108098, scale_lr: 0.18586359686933779, EAO: 0.258
Trial 470 finished with value: 0.2582851290339377 and parameters: {'window_influence': 0.3032372669853317, 'penalty_k': 0.23729781650108098, 'scale_lr': 0.1858635968693378}. Best is trial 431 with value: 0.29227477542268554.
checkpoint_e34 window_influence: 0.37130556031425860, penalty_k: 0.20277143375601547, scale_lr: 0.69693154097420229, EAO: 0.257
Trial 471 finished with value: 0.2568119219769307 and parameters: {'window_influence': 0.3713055603142586, 'penalty_k': 0.20277143375601547, 'scale_lr': 0.6969315409742023}. Best is trial 431 with value: 0.29227477542268554.
checkpoint_e34 window_influence: 0.25927640649835421, penalty_k: 0.25381830562001551, scale_lr: 0.53013378307142123, EAO: 0.258
Trial 472 finished with value: 0.25793113105180787 and parameters: {'window_influence': 0.2592764064983542, 'penalty_k': 0.2538183056200155, 'scale_lr': 0.5301337830714212}. Best is trial 431 with value: 0.29227477542268554.
checkpoint_e34 window_influence: 0.33409552835047834, penalty_k: 0.18630840080963174, scale_lr: 0.61149963218013981, EAO: 0.264
Trial 473 finished with value: 0.26373324979369234 and parameters: {'window_influence': 0.33409552835047834, 'penalty_k': 0.18630840080963174, 'scale_lr': 0.6114996321801398}. Best is trial 431 with value: 0.29227477542268554.
checkpoint_e34 window_influence: 0.20617678332435369, penalty_k: 0.21408835170906290, scale_lr: 0.64799414735401695, EAO: 0.262
Trial 474 finished with value: 0.26236497459372854 and parameters: {'window_influence': 0.20617678332435369, 'penalty_k': 0.2140883517090629, 'scale_lr': 0.647994147354017}. Best is trial 431 with value: 0.29227477542268554.
checkpoint_e34 window_influence: 0.13934259677309269, penalty_k: 0.01076625209208035, scale_lr: 0.51111090354967526, EAO: 0.259
Trial 475 finished with value: 0.25941523273543615 and parameters: {'window_influence': 0.1393425967730927, 'penalty_k': 0.01076625209208035, 'scale_lr': 0.5111109035496753}. Best is trial 431 with value: 0.29227477542268554.
checkpoint_e34 window_influence: 0.28853289696976259, penalty_k: 0.15844804832512260, scale_lr: 0.54986142765382440, EAO: 0.258
Trial 476 finished with value: 0.25778778024562976 and parameters: {'window_influence': 0.2885328969697626, 'penalty_k': 0.1584480483251226, 'scale_lr': 0.5498614276538244}. Best is trial 431 with value: 0.29227477542268554.
checkpoint_e34 window_influence: 0.31798610895184126, penalty_k: 0.23070636377322196, scale_lr: 0.48131475955864300, EAO: 0.277
Trial 477 finished with value: 0.2771778458017644 and parameters: {'window_influence': 0.31798610895184126, 'penalty_k': 0.23070636377322196, 'scale_lr': 0.481314759558643}. Best is trial 431 with value: 0.29227477542268554.
checkpoint_e34 window_influence: 0.32649366976761363, penalty_k: 0.23277225972418483, scale_lr: 0.45908383142660286, EAO: 0.252
Trial 478 finished with value: 0.251844742978976 and parameters: {'window_influence': 0.3264936697676136, 'penalty_k': 0.23277225972418483, 'scale_lr': 0.45908383142660286}. Best is trial 431 with value: 0.29227477542268554.
checkpoint_e34 window_influence: 0.38593042701956271, penalty_k: 0.24065258822749508, scale_lr: 0.45012911365653813, EAO: 0.258
Trial 479 finished with value: 0.2582797573470488 and parameters: {'window_influence': 0.3859304270195627, 'penalty_k': 0.24065258822749508, 'scale_lr': 0.4501291136565381}. Best is trial 431 with value: 0.29227477542268554.
checkpoint_e34 window_influence: 0.31612200968414189, penalty_k: 0.02506063786308258, scale_lr: 0.47947160986849863, EAO: 0.263
Trial 480 finished with value: 0.2625547718953311 and parameters: {'window_influence': 0.3161220096841419, 'penalty_k': 0.025060637863082578, 'scale_lr': 0.4794716098684986}. Best is trial 431 with value: 0.29227477542268554.
checkpoint_e34 window_influence: 0.33948416194102576, penalty_k: 0.26526826357490063, scale_lr: 0.48645400395152505, EAO: 0.264
Trial 481 finished with value: 0.26352046109069655 and parameters: {'window_influence': 0.33948416194102576, 'penalty_k': 0.26526826357490063, 'scale_lr': 0.48645400395152505}. Best is trial 431 with value: 0.29227477542268554.
checkpoint_e34 window_influence: 0.31653355144188178, penalty_k: 0.22324586303126737, scale_lr: 0.53433582739572838, EAO: 0.279
Trial 482 finished with value: 0.2786750189535986 and parameters: {'window_influence': 0.3165335514418818, 'penalty_k': 0.22324586303126737, 'scale_lr': 0.5343358273957284}. Best is trial 431 with value: 0.29227477542268554.
checkpoint_e34 window_influence: 0.35061249530613170, penalty_k: 0.22728698696577948, scale_lr: 0.57002108245834038, EAO: 0.256
Trial 483 finished with value: 0.2561547957905909 and parameters: {'window_influence': 0.3506124953061317, 'penalty_k': 0.22728698696577948, 'scale_lr': 0.5700210824583404}. Best is trial 431 with value: 0.29227477542268554.
checkpoint_e34 window_influence: 0.31990757376201834, penalty_k: 0.24462736435698715, scale_lr: 0.23724282069430563, EAO: 0.270
Trial 484 finished with value: 0.2701419247844355 and parameters: {'window_influence': 0.31990757376201834, 'penalty_k': 0.24462736435698715, 'scale_lr': 0.23724282069430563}. Best is trial 431 with value: 0.29227477542268554.
checkpoint_e34 window_influence: 0.32897930952383203, penalty_k: 0.22109775769861650, scale_lr: 0.54162052119589710, EAO: 0.254
Trial 485 finished with value: 0.253665941699249 and parameters: {'window_influence': 0.32897930952383203, 'penalty_k': 0.2210977576986165, 'scale_lr': 0.5416205211958971}. Best is trial 431 with value: 0.29227477542268554.
checkpoint_e34 window_influence: 0.31150574381852431, penalty_k: 0.25460618869893215, scale_lr: 0.56244588855601130, EAO: 0.263
Trial 486 finished with value: 0.2632148025360534 and parameters: {'window_influence': 0.3115057438185243, 'penalty_k': 0.25460618869893215, 'scale_lr': 0.5624458885560113}. Best is trial 431 with value: 0.29227477542268554.
checkpoint_e34 window_influence: 0.15317680685991927, penalty_k: 0.21515826141732275, scale_lr: 0.53138658985926046, EAO: 0.253
Trial 487 finished with value: 0.2528205962200475 and parameters: {'window_influence': 0.15317680685991927, 'penalty_k': 0.21515826141732275, 'scale_lr': 0.5313865898592605}. Best is trial 431 with value: 0.29227477542268554.
checkpoint_e34 window_influence: 0.33982109902024438, penalty_k: 0.23209929201375973, scale_lr: 0.47062587586457594, EAO: 0.250
Trial 488 finished with value: 0.2496723875524552 and parameters: {'window_influence': 0.3398210990202444, 'penalty_k': 0.23209929201375973, 'scale_lr': 0.47062587586457594}. Best is trial 431 with value: 0.29227477542268554.
checkpoint_e34 window_influence: 0.30751253688592284, penalty_k: 0.53261081291261836, scale_lr: 0.66989940956740912, EAO: 0.252
Trial 489 finished with value: 0.25152440223752 and parameters: {'window_influence': 0.30751253688592284, 'penalty_k': 0.5326108129126184, 'scale_lr': 0.6698994095674091}. Best is trial 431 with value: 0.29227477542268554.
checkpoint_e34 window_influence: 0.32504672011196517, penalty_k: 0.20682309353738371, scale_lr: 0.69950737671530283, EAO: 0.248
Trial 490 finished with value: 0.247526933688943 and parameters: {'window_influence': 0.32504672011196517, 'penalty_k': 0.2068230935373837, 'scale_lr': 0.6995073767153028}. Best is trial 431 with value: 0.29227477542268554.
checkpoint_e34 window_influence: 0.06839186971572908, penalty_k: 0.24910628135453913, scale_lr: 0.63879587276425354, EAO: 0.221
Trial 491 finished with value: 0.22142482173394382 and parameters: {'window_influence': 0.06839186971572908, 'penalty_k': 0.24910628135453913, 'scale_lr': 0.6387958727642535}. Best is trial 431 with value: 0.29227477542268554.
checkpoint_e34 window_influence: 0.31933902246201695, penalty_k: 0.07760487747873657, scale_lr: 0.59975097224401874, EAO: 0.264
Trial 492 finished with value: 0.26437483140365864 and parameters: {'window_influence': 0.31933902246201695, 'penalty_k': 0.07760487747873657, 'scale_lr': 0.5997509722440187}. Best is trial 431 with value: 0.29227477542268554.
checkpoint_e34 window_influence: 0.30277817523289713, penalty_k: 0.09298877297929865, scale_lr: 0.51465731391745251, EAO: 0.271
Trial 493 finished with value: 0.2711410661780737 and parameters: {'window_influence': 0.30277817523289713, 'penalty_k': 0.09298877297929865, 'scale_lr': 0.5146573139174525}. Best is trial 431 with value: 0.29227477542268554.
checkpoint_e34 window_influence: 0.35306301848513583, penalty_k: 0.03049464255243820, scale_lr: 0.49402849648632735, EAO: 0.257
Trial 494 finished with value: 0.25747553434798387 and parameters: {'window_influence': 0.3530630184851358, 'penalty_k': 0.030494642552438198, 'scale_lr': 0.49402849648632735}. Best is trial 431 with value: 0.29227477542268554.
checkpoint_e34 window_influence: 0.33412966020547530, penalty_k: 0.44516166395924617, scale_lr: 0.62075988798296389, EAO: 0.259
Trial 495 finished with value: 0.25860718577131026 and parameters: {'window_influence': 0.3341296602054753, 'penalty_k': 0.44516166395924617, 'scale_lr': 0.6207598879829639}. Best is trial 431 with value: 0.29227477542268554.
checkpoint_e34 window_influence: 0.31556569372565135, penalty_k: 0.22204477699061609, scale_lr: 0.39238643875549062, EAO: 0.264
