Trial 123 finished with value: 0.2715648098932049 and parameters: {'window_influence': 0.39268404372332244, 'penalty_k': 0.08011417798994665, 'scale_lr': 0.3262360270405544}. Best is trial 60 with value: 0.28121748106266425.
checkpoint_e30 window_influence: 0.43982160292446859, penalty_k: 0.06299190551957731, scale_lr: 0.34372944110575177, EAO: 0.256
Trial 124 finished with value: 0.25591466406254265 and parameters: {'window_influence': 0.4398216029244686, 'penalty_k': 0.06299190551957731, 'scale_lr': 0.34372944110575177}. Best is trial 60 with value: 0.28121748106266425.
checkpoint_e30 window_influence: 0.38644965119224500, penalty_k: 0.04824695880162412, scale_lr: 0.41610890685437729, EAO: 0.264
Trial 125 finished with value: 0.26440221937449 and parameters: {'window_influence': 0.386449651192245, 'penalty_k': 0.04824695880162412, 'scale_lr': 0.4161089068543773}. Best is trial 60 with value: 0.28121748106266425.
checkpoint_e30 window_influence: 0.35898929297265136, penalty_k: 0.03400876534575421, scale_lr: 0.36587464144591381, EAO: 0.269
Trial 126 finished with value: 0.2694300392536613 and parameters: {'window_influence': 0.35898929297265136, 'penalty_k': 0.034008765345754206, 'scale_lr': 0.3658746414459138}. Best is trial 60 with value: 0.28121748106266425.
checkpoint_e30 window_influence: 0.34206467016301928, penalty_k: 0.06882715487388058, scale_lr: 0.39094845524890337, EAO: 0.266
Trial 127 finished with value: 0.2659733420222755 and parameters: {'window_influence': 0.3420646701630193, 'penalty_k': 0.06882715487388058, 'scale_lr': 0.39094845524890337}. Best is trial 60 with value: 0.28121748106266425.
checkpoint_e30 window_influence: 0.37694263063098932, penalty_k: 0.08899224270465396, scale_lr: 0.31273881042068241, EAO: 0.269
Trial 128 finished with value: 0.26916231245287064 and parameters: {'window_influence': 0.3769426306309893, 'penalty_k': 0.08899224270465396, 'scale_lr': 0.3127388104206824}. Best is trial 60 with value: 0.28121748106266425.
checkpoint_e30 window_influence: 0.31756637827752471, penalty_k: 0.02090934904642160, scale_lr: 0.35594527614997673, EAO: 0.251
Trial 129 finished with value: 0.2511739786562881 and parameters: {'window_influence': 0.3175663782775247, 'penalty_k': 0.020909349046421603, 'scale_lr': 0.35594527614997673}. Best is trial 60 with value: 0.28121748106266425.
checkpoint_e30 window_influence: 0.40357872877373779, penalty_k: 0.05485944138160929, scale_lr: 0.40786152534044856, EAO: 0.263
Trial 130 finished with value: 0.2632958289326691 and parameters: {'window_influence': 0.4035787287737378, 'penalty_k': 0.054859441381609295, 'scale_lr': 0.40786152534044856}. Best is trial 60 with value: 0.28121748106266425.
checkpoint_e30 window_influence: 0.35246506031449787, penalty_k: 0.04539015323804576, scale_lr: 0.33239715016563348, EAO: 0.272
Trial 131 finished with value: 0.271901151392518 and parameters: {'window_influence': 0.35246506031449787, 'penalty_k': 0.04539015323804576, 'scale_lr': 0.3323971501656335}. Best is trial 60 with value: 0.28121748106266425.
checkpoint_e30 window_influence: 0.36783712795437007, penalty_k: 0.04031321168861142, scale_lr: 0.37767400457507760, EAO: 0.266
Trial 132 finished with value: 0.2659799292441306 and parameters: {'window_influence': 0.36783712795437007, 'penalty_k': 0.04031321168861142, 'scale_lr': 0.3776740045750776}. Best is trial 60 with value: 0.28121748106266425.
checkpoint_e30 window_influence: 0.36338205174396454, penalty_k: 0.00513503737167587, scale_lr: 0.35095360009635385, EAO: 0.256
Trial 133 finished with value: 0.2561204090593307 and parameters: {'window_influence': 0.36338205174396454, 'penalty_k': 0.005135037371675866, 'scale_lr': 0.35095360009635385}. Best is trial 60 with value: 0.28121748106266425.
checkpoint_e30 window_influence: 0.33657925645338893, penalty_k: 0.07722451426265992, scale_lr: 0.35921048604214056, EAO: 0.279
Trial 134 finished with value: 0.2792374308152897 and parameters: {'window_influence': 0.33657925645338893, 'penalty_k': 0.07722451426265992, 'scale_lr': 0.35921048604214056}. Best is trial 60 with value: 0.28121748106266425.
checkpoint_e30 window_influence: 0.32770398664741096, penalty_k: 0.07584493045958332, scale_lr: 0.39470584711343648, EAO: 0.270
Trial 135 finished with value: 0.27018090022530983 and parameters: {'window_influence': 0.32770398664741096, 'penalty_k': 0.07584493045958332, 'scale_lr': 0.3947058471134365}. Best is trial 60 with value: 0.28121748106266425.
checkpoint_e30 window_influence: 0.30668160725613020, penalty_k: 0.08707241733165626, scale_lr: 0.42298602882157982, EAO: 0.259
Trial 136 finished with value: 0.259301765602294 and parameters: {'window_influence': 0.3066816072561302, 'penalty_k': 0.08707241733165626, 'scale_lr': 0.4229860288215798}. Best is trial 60 with value: 0.28121748106266425.
checkpoint_e30 window_influence: 0.34172549391531853, penalty_k: 0.11110215439135321, scale_lr: 0.37387101721097571, EAO: 0.260
Trial 137 finished with value: 0.2596169745897859 and parameters: {'window_influence': 0.34172549391531853, 'penalty_k': 0.11110215439135321, 'scale_lr': 0.3738710172109757}. Best is trial 60 with value: 0.28121748106266425.
checkpoint_e30 window_influence: 0.39330125407442562, penalty_k: 0.06525864782175722, scale_lr: 0.33520632469782452, EAO: 0.266
Trial 138 finished with value: 0.26618779680835525 and parameters: {'window_influence': 0.3933012540744256, 'penalty_k': 0.06525864782175722, 'scale_lr': 0.3352063246978245}. Best is trial 60 with value: 0.28121748106266425.
checkpoint_e30 window_influence: 0.31677052119422777, penalty_k: 0.10176525741746756, scale_lr: 0.38712405490577489, EAO: 0.273
Trial 139 finished with value: 0.2726192172707581 and parameters: {'window_influence': 0.31677052119422777, 'penalty_k': 0.10176525741746756, 'scale_lr': 0.3871240549057749}. Best is trial 60 with value: 0.28121748106266425.
checkpoint_e30 window_influence: 0.37668947344187620, penalty_k: 0.05523897433900168, scale_lr: 0.48900374179794415, EAO: 0.266
Trial 140 finished with value: 0.2662177846077981 and parameters: {'window_influence': 0.3766894734418762, 'penalty_k': 0.05523897433900168, 'scale_lr': 0.48900374179794415}. Best is trial 60 with value: 0.28121748106266425.
checkpoint_e30 window_influence: 0.36074425990417947, penalty_k: 0.03420818430811524, scale_lr: 0.35667236573020172, EAO: 0.254
Trial 141 finished with value: 0.254116494662878 and parameters: {'window_influence': 0.36074425990417947, 'penalty_k': 0.034208184308115244, 'scale_lr': 0.3566723657302017}. Best is trial 60 with value: 0.28121748106266425.
checkpoint_e30 window_influence: 0.33158552249607093, penalty_k: 0.07521765092911334, scale_lr: 0.36608189152833243, EAO: 0.277
Trial 142 finished with value: 0.2766522748198936 and parameters: {'window_influence': 0.33158552249607093, 'penalty_k': 0.07521765092911334, 'scale_lr': 0.3660818915283324}. Best is trial 60 with value: 0.28121748106266425.
checkpoint_e30 window_influence: 0.33424699596055690, penalty_k: 0.07693788934839574, scale_lr: 0.40752663769303688, EAO: 0.268
Trial 143 finished with value: 0.26763348941638215 and parameters: {'window_influence': 0.3342469959605569, 'penalty_k': 0.07693788934839574, 'scale_lr': 0.4075266376930369}. Best is trial 60 with value: 0.28121748106266425.
checkpoint_e30 window_influence: 0.30341072349208237, penalty_k: 0.09430050348505747, scale_lr: 0.36925931540626494, EAO: 0.260
Trial 144 finished with value: 0.26021468021520755 and parameters: {'window_influence': 0.30341072349208237, 'penalty_k': 0.09430050348505747, 'scale_lr': 0.36925931540626494}. Best is trial 60 with value: 0.28121748106266425.
checkpoint_e30 window_influence: 0.34716231932991998, penalty_k: 0.06469462902421849, scale_lr: 0.34134305241347934, EAO: 0.268
Trial 145 finished with value: 0.2675937871501698 and parameters: {'window_influence': 0.34716231932992, 'penalty_k': 0.06469462902421849, 'scale_lr': 0.34134305241347934}. Best is trial 60 with value: 0.28121748106266425.
checkpoint_e30 window_influence: 0.28618023691651479, penalty_k: 0.02200087369825476, scale_lr: 0.38601489690740892, EAO: 0.259
Trial 146 finished with value: 0.25900360414894613 and parameters: {'window_influence': 0.2861802369165148, 'penalty_k': 0.022000873698254757, 'scale_lr': 0.3860148969074089}. Best is trial 60 with value: 0.28121748106266425.
checkpoint_e30 window_influence: 0.32578032589312600, penalty_k: 0.08218695355866264, scale_lr: 0.43429649432562883, EAO: 0.267
Trial 147 finished with value: 0.2673420044707089 and parameters: {'window_influence': 0.325780325893126, 'penalty_k': 0.08218695355866264, 'scale_lr': 0.43429649432562883}. Best is trial 60 with value: 0.28121748106266425.
checkpoint_e30 window_influence: 0.38699193691438716, penalty_k: 0.12567376830338400, scale_lr: 0.32093138540876043, EAO: 0.261
Trial 148 finished with value: 0.260619397994464 and parameters: {'window_influence': 0.38699193691438716, 'penalty_k': 0.125673768303384, 'scale_lr': 0.32093138540876043}. Best is trial 60 with value: 0.28121748106266425.
checkpoint_e30 window_influence: 0.34998574589786752, penalty_k: 0.05191383145306221, scale_lr: 0.39722425930622868, EAO: 0.279
Trial 149 finished with value: 0.27898073917239663 and parameters: {'window_influence': 0.3499857458978675, 'penalty_k': 0.051913831453062206, 'scale_lr': 0.3972242593062287}. Best is trial 60 with value: 0.28121748106266425.
checkpoint_e30 window_influence: 0.35107257236353578, penalty_k: 0.05381408501308488, scale_lr: 0.45876498960329309, EAO: 0.275
Trial 150 finished with value: 0.2749502090055768 and parameters: {'window_influence': 0.3510725723635358, 'penalty_k': 0.053814085013084885, 'scale_lr': 0.4587649896032931}. Best is trial 60 with value: 0.28121748106266425.
checkpoint_e30 window_influence: 0.34861593907728933, penalty_k: 0.04995300992335566, scale_lr: 0.45635739429518252, EAO: 0.265
Trial 151 finished with value: 0.2650520712500665 and parameters: {'window_influence': 0.3486159390772893, 'penalty_k': 0.04995300992335566, 'scale_lr': 0.4563573942951825}. Best is trial 60 with value: 0.28121748106266425.
checkpoint_e30 window_influence: 0.33362477326905360, penalty_k: 0.03256570090024336, scale_lr: 0.40748073368823534, EAO: 0.252
Trial 152 finished with value: 0.25206261970163363 and parameters: {'window_influence': 0.3336247732690536, 'penalty_k': 0.032565700900243355, 'scale_lr': 0.40748073368823534}. Best is trial 60 with value: 0.28121748106266425.
checkpoint_e30 window_influence: 0.35572181558681587, penalty_k: 0.07403392781129536, scale_lr: 0.48515883076440841, EAO: 0.262
Trial 153 finished with value: 0.26185921955157104 and parameters: {'window_influence': 0.35572181558681587, 'penalty_k': 0.07403392781129536, 'scale_lr': 0.4851588307644084}. Best is trial 60 with value: 0.28121748106266425.
checkpoint_e30 window_influence: 0.31832688997153236, penalty_k: 0.05421715842506007, scale_lr: 0.50236382186876993, EAO: 0.264
Trial 154 finished with value: 0.26377931515860364 and parameters: {'window_influence': 0.31832688997153236, 'penalty_k': 0.05421715842506007, 'scale_lr': 0.5023638218687699}. Best is trial 60 with value: 0.28121748106266425.
checkpoint_e30 window_influence: 0.37488926491969937, penalty_k: 0.10581786803821182, scale_lr: 0.46283742257788796, EAO: 0.267
Trial 155 finished with value: 0.2674391286644509 and parameters: {'window_influence': 0.37488926491969937, 'penalty_k': 0.10581786803821182, 'scale_lr': 0.46283742257788796}. Best is trial 60 with value: 0.28121748106266425.
checkpoint_e30 window_influence: 0.33820466407580652, penalty_k: 0.04386118947621069, scale_lr: 0.52528208170097257, EAO: 0.279
Trial 156 finished with value: 0.27893294618139425 and parameters: {'window_influence': 0.3382046640758065, 'penalty_k': 0.04386118947621069, 'scale_lr': 0.5252820817009726}. Best is trial 60 with value: 0.28121748106266425.
checkpoint_e30 window_influence: 0.34093871409247056, penalty_k: 0.01143890865089434, scale_lr: 0.53015912177158597, EAO: 0.265
Trial 157 finished with value: 0.2647069296458872 and parameters: {'window_influence': 0.34093871409247056, 'penalty_k': 0.011438908650894336, 'scale_lr': 0.530159121771586}. Best is trial 60 with value: 0.28121748106266425.
checkpoint_e30 window_influence: 0.30953588228206408, penalty_k: 0.06765992952923111, scale_lr: 0.46959865245014376, EAO: 0.260
Trial 158 finished with value: 0.2599318137740701 and parameters: {'window_influence': 0.3095358822820641, 'penalty_k': 0.06765992952923111, 'scale_lr': 0.46959865245014376}. Best is trial 60 with value: 0.28121748106266425.
checkpoint_e30 window_influence: 0.32790126226328625, penalty_k: 0.08858676023508202, scale_lr: 0.51074681953863355, EAO: 0.283
Trial 159 finished with value: 0.2830172167803214 and parameters: {'window_influence': 0.32790126226328625, 'penalty_k': 0.08858676023508202, 'scale_lr': 0.5107468195386335}. Best is trial 159 with value: 0.2830172167803214.
checkpoint_e30 window_influence: 0.29822419567225111, penalty_k: 0.08482001369706917, scale_lr: 0.52390676430786665, EAO: 0.270
Trial 160 finished with value: 0.27030191855217384 and parameters: {'window_influence': 0.2982241956722511, 'penalty_k': 0.08482001369706917, 'scale_lr': 0.5239067643078666}. Best is trial 159 with value: 0.2830172167803214.
checkpoint_e30 window_influence: 0.32899415402503829, penalty_k: 0.09688943422583518, scale_lr: 0.51132069006495862, EAO: 0.288
Trial 161 finished with value: 0.28820169541409346 and parameters: {'window_influence': 0.3289941540250383, 'penalty_k': 0.09688943422583518, 'scale_lr': 0.5113206900649586}. Best is trial 161 with value: 0.28820169541409346.
checkpoint_e30 window_influence: 0.33619695552449086, penalty_k: 0.07028118989422480, scale_lr: 0.51103430196732713, EAO: 0.272
Trial 162 finished with value: 0.2718586643658033 and parameters: {'window_influence': 0.33619695552449086, 'penalty_k': 0.0702811898942248, 'scale_lr': 0.5110343019673271}. Best is trial 161 with value: 0.28820169541409346.
checkpoint_e30 window_influence: 0.35547741336510214, penalty_k: 0.08997911032053166, scale_lr: 0.53897410256122191, EAO: 0.274
Trial 163 finished with value: 0.2735951753045485 and parameters: {'window_influence': 0.35547741336510214, 'penalty_k': 0.08997911032053166, 'scale_lr': 0.5389741025612219}. Best is trial 161 with value: 0.28820169541409346.
checkpoint_e30 window_influence: 0.32529519656432432, penalty_k: 0.11582529920749028, scale_lr: 0.49799558966609697, EAO: 0.280
Trial 164 finished with value: 0.2795478166724608 and parameters: {'window_influence': 0.3252951965643243, 'penalty_k': 0.11582529920749028, 'scale_lr': 0.49799558966609697}. Best is trial 161 with value: 0.28820169541409346.
checkpoint_e30 window_influence: 0.32186209451671405, penalty_k: 0.11837559224834072, scale_lr: 0.50336318296335025, EAO: 0.276
Trial 165 finished with value: 0.2762654454000597 and parameters: {'window_influence': 0.32186209451671405, 'penalty_k': 0.11837559224834072, 'scale_lr': 0.5033631829633503}. Best is trial 161 with value: 0.28820169541409346.
checkpoint_e30 window_influence: 0.31427943972856442, penalty_k: 0.11449468087981698, scale_lr: 0.50888002858881287, EAO: 0.274
Trial 166 finished with value: 0.2744887481496586 and parameters: {'window_influence': 0.3142794397285644, 'penalty_k': 0.11449468087981698, 'scale_lr': 0.5088800285888129}. Best is trial 161 with value: 0.28820169541409346.
checkpoint_e30 window_influence: 0.32317571648584281, penalty_k: 0.13598656162712705, scale_lr: 0.48625463233197136, EAO: 0.276
Trial 167 finished with value: 0.2758465475910078 and parameters: {'window_influence': 0.3231757164858428, 'penalty_k': 0.13598656162712705, 'scale_lr': 0.48625463233197136}. Best is trial 161 with value: 0.28820169541409346.
checkpoint_e30 window_influence: 0.32312654722615680, penalty_k: 0.14479347501879747, scale_lr: 0.50049920348803423, EAO: 0.273
Trial 168 finished with value: 0.27276900471225984 and parameters: {'window_influence': 0.3231265472261568, 'penalty_k': 0.14479347501879747, 'scale_lr': 0.5004992034880342}. Best is trial 161 with value: 0.28820169541409346.
checkpoint_e30 window_influence: 0.29620502271405125, penalty_k: 0.12823042390911774, scale_lr: 0.48178072861187476, EAO: 0.270
Trial 169 finished with value: 0.27042756605196777 and parameters: {'window_influence': 0.29620502271405125, 'penalty_k': 0.12823042390911774, 'scale_lr': 0.48178072861187476}. Best is trial 161 with value: 0.28820169541409346.
checkpoint_e30 window_influence: 0.32859103143520513, penalty_k: 0.11176775551503992, scale_lr: 0.51435093597434467, EAO: 0.274
Trial 170 finished with value: 0.27385566934822053 and parameters: {'window_influence': 0.3285910314352051, 'penalty_k': 0.11176775551503992, 'scale_lr': 0.5143509359743447}. Best is trial 161 with value: 0.28820169541409346.
checkpoint_e30 window_influence: 0.34338597619666622, penalty_k: 0.13107827667905891, scale_lr: 0.48080069498465106, EAO: 0.263
Trial 171 finished with value: 0.26255984822424444 and parameters: {'window_influence': 0.3433859761966662, 'penalty_k': 0.1310782766790589, 'scale_lr': 0.48080069498465106}. Best is trial 161 with value: 0.28820169541409346.
checkpoint_e30 window_influence: 0.32048539871350651, penalty_k: 0.09682606328265334, scale_lr: 0.50281215454284633, EAO: 0.290
Trial 172 finished with value: 0.2898540811810067 and parameters: {'window_influence': 0.3204853987135065, 'penalty_k': 0.09682606328265334, 'scale_lr': 0.5028121545428463}. Best is trial 172 with value: 0.2898540811810067.
checkpoint_e30 window_influence: 0.30975091556551976, penalty_k: 0.09769312985721695, scale_lr: 0.54736871403299370, EAO: 0.261
Trial 173 finished with value: 0.26147281548114326 and parameters: {'window_influence': 0.30975091556551976, 'penalty_k': 0.09769312985721695, 'scale_lr': 0.5473687140329937}. Best is trial 172 with value: 0.2898540811810067.
checkpoint_e30 window_influence: 0.32223903483695077, penalty_k: 0.07729885290899095, scale_lr: 0.51988646800332927, EAO: 0.259
Trial 174 finished with value: 0.258729655447045 and parameters: {'window_influence': 0.32223903483695077, 'penalty_k': 0.07729885290899095, 'scale_lr': 0.5198864680033293}. Best is trial 172 with value: 0.2898540811810067.
checkpoint_e30 window_influence: 0.34104874752517500, penalty_k: 0.09309184538160292, scale_lr: 0.50245047554629640, EAO: 0.278
Trial 175 finished with value: 0.2781969583858319 and parameters: {'window_influence': 0.341048747525175, 'penalty_k': 0.09309184538160292, 'scale_lr': 0.5024504755462964}. Best is trial 172 with value: 0.2898540811810067.
checkpoint_e30 window_influence: 0.33505007809973369, penalty_k: 0.11318326830656639, scale_lr: 0.49954203224533222, EAO: 0.266
Trial 176 finished with value: 0.26633892608125037 and parameters: {'window_influence': 0.3350500780997337, 'penalty_k': 0.11318326830656639, 'scale_lr': 0.4995420322453322}. Best is trial 172 with value: 0.2898540811810067.
checkpoint_e30 window_influence: 0.29105226492336683, penalty_k: 0.09437118055723347, scale_lr: 0.51427342839020940, EAO: 0.257
Trial 177 finished with value: 0.2574886318023612 and parameters: {'window_influence': 0.29105226492336683, 'penalty_k': 0.09437118055723347, 'scale_lr': 0.5142734283902094}. Best is trial 172 with value: 0.2898540811810067.
checkpoint_e30 window_influence: 0.31870022431498707, penalty_k: 0.08451332154798605, scale_lr: 0.56464880530997374, EAO: 0.263
Trial 178 finished with value: 0.26329399984541946 and parameters: {'window_influence': 0.31870022431498707, 'penalty_k': 0.08451332154798605, 'scale_lr': 0.5646488053099737}. Best is trial 172 with value: 0.2898540811810067.
checkpoint_e30 window_influence: 0.30280367415134746, penalty_k: 0.10536316121945447, scale_lr: 0.49679657145451511, EAO: 0.272
Trial 179 finished with value: 0.27234136422232885 and parameters: {'window_influence': 0.30280367415134746, 'penalty_k': 0.10536316121945447, 'scale_lr': 0.4967965714545151}. Best is trial 172 with value: 0.2898540811810067.
checkpoint_e30 window_influence: 0.33993742972536023, penalty_k: 0.11571051524834569, scale_lr: 0.47811139095928851, EAO: 0.262
Trial 180 finished with value: 0.2624365305149458 and parameters: {'window_influence': 0.33993742972536023, 'penalty_k': 0.11571051524834569, 'scale_lr': 0.4781113909592885}. Best is trial 172 with value: 0.2898540811810067.
checkpoint_e30 window_influence: 0.34881161527671195, penalty_k: 0.06331124101692953, scale_lr: 0.53183792382154826, EAO: 0.261
Trial 181 finished with value: 0.26107307911161487 and parameters: {'window_influence': 0.34881161527671195, 'penalty_k': 0.06331124101692953, 'scale_lr': 0.5318379238215483}. Best is trial 172 with value: 0.2898540811810067.
checkpoint_e30 window_influence: 0.32974092656994763, penalty_k: 0.08827972943181057, scale_lr: 0.46900198906638479, EAO: 0.283
Trial 182 finished with value: 0.2826720313812659 and parameters: {'window_influence': 0.32974092656994763, 'penalty_k': 0.08827972943181057, 'scale_lr': 0.4690019890663848}. Best is trial 172 with value: 0.2898540811810067.
checkpoint_e30 window_influence: 0.32796584091852105, penalty_k: 0.09624977436536979, scale_lr: 0.47284959757285328, EAO: 0.274
Trial 183 finished with value: 0.27387831281355723 and parameters: {'window_influence': 0.32796584091852105, 'penalty_k': 0.09624977436536979, 'scale_lr': 0.4728495975728533}. Best is trial 172 with value: 0.2898540811810067.
checkpoint_e30 window_influence: 0.31456175954073096, penalty_k: 0.13726515628112662, scale_lr: 0.49181956351514827, EAO: 0.269
Trial 184 finished with value: 0.2691163904056316 and parameters: {'window_influence': 0.31456175954073096, 'penalty_k': 0.13726515628112662, 'scale_lr': 0.4918195635151483}. Best is trial 172 with value: 0.2898540811810067.
checkpoint_e30 window_influence: 0.33249053000376905, penalty_k: 0.08309763047256739, scale_lr: 0.49851229363602073, EAO: 0.278
