Trial 248 finished with value: 0.27791305298243113 and parameters: {'window_influence': 0.24674542704851524, 'penalty_k': 0.18482177182427317, 'scale_lr': 0.30693293750689854}. Best is trial 113 with value: 0.2826390351827552.
checkpoint_e39 window_influence: 0.24233991810132560, penalty_k: 0.03571924208303847, scale_lr: 0.29659590799253632, EAO: 0.278
Trial 249 finished with value: 0.2776340945828252 and parameters: {'window_influence': 0.2423399181013256, 'penalty_k': 0.03571924208303847, 'scale_lr': 0.2965959079925363}. Best is trial 113 with value: 0.2826390351827552.
checkpoint_e39 window_influence: 0.24215072341766899, penalty_k: 0.05654798644523155, scale_lr: 0.30672241343362294, EAO: 0.259
Trial 250 finished with value: 0.25939354657884534 and parameters: {'window_influence': 0.242150723417669, 'penalty_k': 0.056547986445231554, 'scale_lr': 0.30672241343362294}. Best is trial 113 with value: 0.2826390351827552.
checkpoint_e39 window_influence: 0.23391450311673778, penalty_k: 0.00937410706748143, scale_lr: 0.33727117830046510, EAO: 0.257
Trial 251 finished with value: 0.25687874641602604 and parameters: {'window_influence': 0.23391450311673778, 'penalty_k': 0.00937410706748143, 'scale_lr': 0.3372711783004651}. Best is trial 113 with value: 0.2826390351827552.
checkpoint_e39 window_influence: 0.25016521145267179, penalty_k: 0.23221805373135357, scale_lr: 0.29050504746476280, EAO: 0.267
Trial 252 finished with value: 0.2674796908366971 and parameters: {'window_influence': 0.2501652114526718, 'penalty_k': 0.23221805373135357, 'scale_lr': 0.2905050474647628}. Best is trial 113 with value: 0.2826390351827552.
checkpoint_e39 window_influence: 0.21872628365897748, penalty_k: 0.03357704567003354, scale_lr: 0.31989379466589690, EAO: 0.266
Trial 253 finished with value: 0.2655258571835068 and parameters: {'window_influence': 0.21872628365897748, 'penalty_k': 0.033577045670033535, 'scale_lr': 0.3198937946658969}. Best is trial 113 with value: 0.2826390351827552.
checkpoint_e39 window_influence: 0.24389422088632123, penalty_k: 0.04602628495713376, scale_lr: 0.38014943361123438, EAO: 0.269
Trial 254 finished with value: 0.2686985880742228 and parameters: {'window_influence': 0.24389422088632123, 'penalty_k': 0.04602628495713376, 'scale_lr': 0.3801494336112344}. Best is trial 113 with value: 0.2826390351827552.
checkpoint_e39 window_influence: 0.22951071540367862, penalty_k: 0.04089228109539433, scale_lr: 0.29001775017094256, EAO: 0.266
Trial 255 finished with value: 0.266410574135257 and parameters: {'window_influence': 0.22951071540367862, 'penalty_k': 0.040892281095394334, 'scale_lr': 0.29001775017094256}. Best is trial 113 with value: 0.2826390351827552.
checkpoint_e39 window_influence: 0.26044504380766875, penalty_k: 0.20636565137246327, scale_lr: 0.30700651215107250, EAO: 0.261
Trial 256 finished with value: 0.26125401609796817 and parameters: {'window_influence': 0.26044504380766875, 'penalty_k': 0.20636565137246327, 'scale_lr': 0.3070065121510725}. Best is trial 113 with value: 0.2826390351827552.
checkpoint_e39 window_influence: 0.24874522307945776, penalty_k: 0.18770474626417474, scale_lr: 0.36398405033429754, EAO: 0.275
Trial 257 finished with value: 0.27470981759753654 and parameters: {'window_influence': 0.24874522307945776, 'penalty_k': 0.18770474626417474, 'scale_lr': 0.36398405033429754}. Best is trial 113 with value: 0.2826390351827552.
checkpoint_e39 window_influence: 0.20938254283892843, penalty_k: 0.19261410442346633, scale_lr: 0.41146821859788768, EAO: 0.254
Trial 258 finished with value: 0.2535626359465646 and parameters: {'window_influence': 0.20938254283892843, 'penalty_k': 0.19261410442346633, 'scale_lr': 0.4114682185978877}. Best is trial 113 with value: 0.2826390351827552.
checkpoint_e39 window_influence: 0.24244409644898182, penalty_k: 0.21990919544441356, scale_lr: 0.35534935185376110, EAO: 0.271
Trial 259 finished with value: 0.271349533302028 and parameters: {'window_influence': 0.24244409644898182, 'penalty_k': 0.21990919544441356, 'scale_lr': 0.3553493518537611}. Best is trial 113 with value: 0.2826390351827552.
checkpoint_e39 window_influence: 0.13121697876937644, penalty_k: 0.25848275510376911, scale_lr: 0.34306495736267956, EAO: 0.249
Trial 260 finished with value: 0.2491008025722775 and parameters: {'window_influence': 0.13121697876937644, 'penalty_k': 0.2584827551037691, 'scale_lr': 0.34306495736267956}. Best is trial 113 with value: 0.2826390351827552.
checkpoint_e39 window_influence: 0.23125101040036186, penalty_k: 0.20534285484879419, scale_lr: 0.36487740945670111, EAO: 0.275
Trial 261 finished with value: 0.27453875771867553 and parameters: {'window_influence': 0.23125101040036186, 'penalty_k': 0.2053428548487942, 'scale_lr': 0.3648774094567011}. Best is trial 113 with value: 0.2826390351827552.
checkpoint_e39 window_influence: 0.22447943616896979, penalty_k: 0.20502877508122272, scale_lr: 0.37171878263180091, EAO: 0.270
Trial 262 finished with value: 0.2704586569007819 and parameters: {'window_influence': 0.2244794361689698, 'penalty_k': 0.20502877508122272, 'scale_lr': 0.3717187826318009}. Best is trial 113 with value: 0.2826390351827552.
checkpoint_e39 window_influence: 0.23363594293464213, penalty_k: 0.16244913000750164, scale_lr: 0.35913077657388426, EAO: 0.268
Trial 263 finished with value: 0.267557624576053 and parameters: {'window_influence': 0.23363594293464213, 'penalty_k': 0.16244913000750164, 'scale_lr': 0.35913077657388426}. Best is trial 113 with value: 0.2826390351827552.
checkpoint_e39 window_influence: 0.20069476921423324, penalty_k: 0.17537832793416244, scale_lr: 0.38994151844427871, EAO: 0.267
Trial 264 finished with value: 0.266522388814426 and parameters: {'window_influence': 0.20069476921423324, 'penalty_k': 0.17537832793416244, 'scale_lr': 0.3899415184442787}. Best is trial 113 with value: 0.2826390351827552.
checkpoint_e39 window_influence: 0.24724748808165076, penalty_k: 0.19746765910949654, scale_lr: 0.74067867889581407, EAO: 0.266
Trial 265 finished with value: 0.26586208032156394 and parameters: {'window_influence': 0.24724748808165076, 'penalty_k': 0.19746765910949654, 'scale_lr': 0.7406786788958141}. Best is trial 113 with value: 0.2826390351827552.
checkpoint_e39 window_influence: 0.21720488145992217, penalty_k: 0.08612374394888556, scale_lr: 0.33383993531205236, EAO: 0.253
Trial 266 finished with value: 0.2526704994885902 and parameters: {'window_influence': 0.21720488145992217, 'penalty_k': 0.08612374394888556, 'scale_lr': 0.33383993531205236}. Best is trial 113 with value: 0.2826390351827552.
checkpoint_e39 window_influence: 0.23428258587947176, penalty_k: 0.22119292367166285, scale_lr: 0.35930345841617950, EAO: 0.261
Trial 267 finished with value: 0.2611646916323561 and parameters: {'window_influence': 0.23428258587947176, 'penalty_k': 0.22119292367166285, 'scale_lr': 0.3593034584161795}. Best is trial 113 with value: 0.2826390351827552.
checkpoint_e39 window_influence: 0.24910912292312304, penalty_k: 0.03221757150861815, scale_lr: 0.37676685388006481, EAO: 0.255
Trial 268 finished with value: 0.2549665986401279 and parameters: {'window_influence': 0.24910912292312304, 'penalty_k': 0.03221757150861815, 'scale_lr': 0.3767668538800648}. Best is trial 113 with value: 0.2826390351827552.
checkpoint_e39 window_influence: 0.26185394253170885, penalty_k: 0.01775547705193836, scale_lr: 0.41167225955866188, EAO: 0.255
Trial 269 finished with value: 0.2550545763072929 and parameters: {'window_influence': 0.26185394253170885, 'penalty_k': 0.017755477051938362, 'scale_lr': 0.4116722595586619}. Best is trial 113 with value: 0.2826390351827552.
checkpoint_e39 window_influence: 0.23171312138781089, penalty_k: 0.17353027165115115, scale_lr: 0.33469365854218558, EAO: 0.269
Trial 270 finished with value: 0.26942562269486064 and parameters: {'window_influence': 0.2317131213878109, 'penalty_k': 0.17353027165115115, 'scale_lr': 0.3346936585421856}. Best is trial 113 with value: 0.2826390351827552.
checkpoint_e39 window_influence: 0.21280034140514664, penalty_k: 0.20684283588952015, scale_lr: 0.30270063939500924, EAO: 0.258
Trial 271 finished with value: 0.2581150781332962 and parameters: {'window_influence': 0.21280034140514664, 'penalty_k': 0.20684283588952015, 'scale_lr': 0.30270063939500924}. Best is trial 113 with value: 0.2826390351827552.
checkpoint_e39 window_influence: 0.24441061531887442, penalty_k: 0.15845996464486492, scale_lr: 0.28524195736098179, EAO: 0.257
Trial 272 finished with value: 0.2572568530837695 and parameters: {'window_influence': 0.24441061531887442, 'penalty_k': 0.15845996464486492, 'scale_lr': 0.2852419573609818}. Best is trial 113 with value: 0.2826390351827552.
checkpoint_e39 window_influence: 0.18796670008037381, penalty_k: 0.56234226927004993, scale_lr: 0.34915930476823348, EAO: 0.235
Trial 273 finished with value: 0.23519708797699068 and parameters: {'window_influence': 0.1879667000803738, 'penalty_k': 0.5623422692700499, 'scale_lr': 0.3491593047682335}. Best is trial 113 with value: 0.2826390351827552.
checkpoint_e39 window_influence: 0.27364690187040130, penalty_k: 0.19133891645096596, scale_lr: 0.31549739913704650, EAO: 0.257
Trial 274 finished with value: 0.2573484353781716 and parameters: {'window_influence': 0.2736469018704013, 'penalty_k': 0.19133891645096596, 'scale_lr': 0.3154973991370465}. Best is trial 113 with value: 0.2826390351827552.
checkpoint_e39 window_influence: 0.25567190507315546, penalty_k: 0.06283548951935616, scale_lr: 0.48606285702407964, EAO: 0.269
Trial 275 finished with value: 0.26943946569188826 and parameters: {'window_influence': 0.25567190507315546, 'penalty_k': 0.06283548951935616, 'scale_lr': 0.48606285702407964}. Best is trial 113 with value: 0.2826390351827552.
checkpoint_e39 window_influence: 0.43584893566835958, penalty_k: 0.08112450509451362, scale_lr: 0.37048630912539954, EAO: 0.257
Trial 276 finished with value: 0.2566125971999595 and parameters: {'window_influence': 0.4358489356683596, 'penalty_k': 0.08112450509451362, 'scale_lr': 0.37048630912539954}. Best is trial 113 with value: 0.2826390351827552.
checkpoint_e39 window_influence: 0.32122771329126198, penalty_k: 0.10134387027466507, scale_lr: 0.29415454819284725, EAO: 0.244
Trial 277 finished with value: 0.2443364818042856 and parameters: {'window_influence': 0.321227713291262, 'penalty_k': 0.10134387027466507, 'scale_lr': 0.29415454819284725}. Best is trial 113 with value: 0.2826390351827552.
checkpoint_e39 window_influence: 0.41015159086247821, penalty_k: 0.17955473657301510, scale_lr: 0.55646804193677413, EAO: 0.248
Trial 278 finished with value: 0.24845680533870448 and parameters: {'window_influence': 0.4101515908624782, 'penalty_k': 0.1795547365730151, 'scale_lr': 0.5564680419367741}. Best is trial 113 with value: 0.2826390351827552.
checkpoint_e39 window_influence: 0.22270946044372589, penalty_k: 0.23507103237970042, scale_lr: 0.45905593292234614, EAO: 0.265
Trial 279 finished with value: 0.2652023785967168 and parameters: {'window_influence': 0.2227094604437259, 'penalty_k': 0.23507103237970042, 'scale_lr': 0.45905593292234614}. Best is trial 113 with value: 0.2826390351827552.
checkpoint_e39 window_influence: 0.26317563811550543, penalty_k: 0.16291504355079764, scale_lr: 0.62450983030535090, EAO: 0.258
Trial 280 finished with value: 0.2576019819068715 and parameters: {'window_influence': 0.26317563811550543, 'penalty_k': 0.16291504355079764, 'scale_lr': 0.6245098303053509}. Best is trial 113 with value: 0.2826390351827552.
checkpoint_e39 window_influence: 0.07235469187345062, penalty_k: 0.19936444419779681, scale_lr: 0.43565677256121343, EAO: 0.231
Trial 281 finished with value: 0.23055734933634114 and parameters: {'window_influence': 0.07235469187345062, 'penalty_k': 0.1993644441977968, 'scale_lr': 0.43565677256121343}. Best is trial 113 with value: 0.2826390351827552.
checkpoint_e39 window_influence: 0.23856802637771279, penalty_k: 0.14646771200110009, scale_lr: 0.39686307720806480, EAO: 0.258
Trial 282 finished with value: 0.258188996130858 and parameters: {'window_influence': 0.2385680263777128, 'penalty_k': 0.1464677120011001, 'scale_lr': 0.3968630772080648}. Best is trial 113 with value: 0.2826390351827552.
checkpoint_e39 window_influence: 0.27328704275636562, penalty_k: 0.18672060712863675, scale_lr: 0.25013331790164262, EAO: 0.269
Trial 283 finished with value: 0.2686434853367689 and parameters: {'window_influence': 0.2732870427563656, 'penalty_k': 0.18672060712863675, 'scale_lr': 0.2501333179016426}. Best is trial 113 with value: 0.2826390351827552.
checkpoint_e39 window_influence: 0.25282320978344414, penalty_k: 0.13482977770601620, scale_lr: 0.33113721373246502, EAO: 0.255
Trial 284 finished with value: 0.2553950015122328 and parameters: {'window_influence': 0.25282320978344414, 'penalty_k': 0.1348297777060162, 'scale_lr': 0.331137213732465}. Best is trial 113 with value: 0.2826390351827552.
checkpoint_e39 window_influence: 0.30882490820369818, penalty_k: 0.04958685977910041, scale_lr: 0.65909922421963052, EAO: 0.267
Trial 285 finished with value: 0.2670768423657107 and parameters: {'window_influence': 0.3088249082036982, 'penalty_k': 0.049586859779100406, 'scale_lr': 0.6590992242196305}. Best is trial 113 with value: 0.2826390351827552.
checkpoint_e39 window_influence: 0.22719704299864052, penalty_k: 0.20972084502203944, scale_lr: 0.27700496798186353, EAO: 0.263
Trial 286 finished with value: 0.2626612443264907 and parameters: {'window_influence': 0.22719704299864052, 'penalty_k': 0.20972084502203944, 'scale_lr': 0.2770049679818635}. Best is trial 113 with value: 0.2826390351827552.
checkpoint_e39 window_influence: 0.24246183063626406, penalty_k: 0.01916634336812606, scale_lr: 0.30560038892038410, EAO: 0.271
Trial 287 finished with value: 0.27054698498753027 and parameters: {'window_influence': 0.24246183063626406, 'penalty_k': 0.019166343368126056, 'scale_lr': 0.3056003889203841}. Best is trial 113 with value: 0.2826390351827552.
checkpoint_e39 window_influence: 0.26862762858452699, penalty_k: 0.17120627942572048, scale_lr: 0.26418158143346576, EAO: 0.274
Trial 288 finished with value: 0.2736917975835684 and parameters: {'window_influence': 0.268627628584527, 'penalty_k': 0.17120627942572048, 'scale_lr': 0.26418158143346576}. Best is trial 113 with value: 0.2826390351827552.
checkpoint_e39 window_influence: 0.27812938554908834, penalty_k: 0.16853329246337614, scale_lr: 0.25941560792068452, EAO: 0.268
Trial 289 finished with value: 0.2677216473512533 and parameters: {'window_influence': 0.27812938554908834, 'penalty_k': 0.16853329246337614, 'scale_lr': 0.2594156079206845}. Best is trial 113 with value: 0.2826390351827552.
checkpoint_e39 window_influence: 0.19710630465422860, penalty_k: 0.15588009929023738, scale_lr: 0.42895548575215192, EAO: 0.259
Trial 290 finished with value: 0.25852430042454866 and parameters: {'window_influence': 0.1971063046542286, 'penalty_k': 0.15588009929023738, 'scale_lr': 0.4289554857521519}. Best is trial 113 with value: 0.2826390351827552.
checkpoint_e39 window_influence: 0.27084770997445407, penalty_k: 0.17521984210252861, scale_lr: 0.24290820952086850, EAO: 0.265
Trial 291 finished with value: 0.2646833796932445 and parameters: {'window_influence': 0.27084770997445407, 'penalty_k': 0.1752198421025286, 'scale_lr': 0.2429082095208685}. Best is trial 113 with value: 0.2826390351827552.
checkpoint_e39 window_influence: 0.24893576315965726, penalty_k: 0.11157573477263902, scale_lr: 0.51814782806380044, EAO: 0.264
Trial 292 finished with value: 0.2643313274029794 and parameters: {'window_influence': 0.24893576315965726, 'penalty_k': 0.11157573477263902, 'scale_lr': 0.5181478280638004}. Best is trial 113 with value: 0.2826390351827552.
checkpoint_e39 window_influence: 0.22143844574613700, penalty_k: 0.15109561568164864, scale_lr: 0.10595910352239524, EAO: 0.251
Trial 293 finished with value: 0.25074411952883247 and parameters: {'window_influence': 0.221438445746137, 'penalty_k': 0.15109561568164864, 'scale_lr': 0.10595910352239524}. Best is trial 113 with value: 0.2826390351827552.
checkpoint_e39 window_influence: 0.20865540358784568, penalty_k: 0.18185770996288095, scale_lr: 0.34569684872035189, EAO: 0.263
Trial 294 finished with value: 0.2632918624979694 and parameters: {'window_influence': 0.20865540358784568, 'penalty_k': 0.18185770996288095, 'scale_lr': 0.3456968487203519}. Best is trial 113 with value: 0.2826390351827552.
checkpoint_e39 window_influence: 0.23638554814070012, penalty_k: 0.16806797078550553, scale_lr: 0.32169860033470632, EAO: 0.264
Trial 295 finished with value: 0.2644362619858447 and parameters: {'window_influence': 0.23638554814070012, 'penalty_k': 0.16806797078550553, 'scale_lr': 0.3216986003347063}. Best is trial 113 with value: 0.2826390351827552.
checkpoint_e39 window_influence: 0.25626437948224490, penalty_k: 0.06701125336441478, scale_lr: 0.60077375847914760, EAO: 0.254
Trial 296 finished with value: 0.2536781405409177 and parameters: {'window_influence': 0.2562643794822449, 'penalty_k': 0.06701125336441478, 'scale_lr': 0.6007737584791476}. Best is trial 113 with value: 0.2826390351827552.
checkpoint_e39 window_influence: 0.39603788601418505, penalty_k: 0.13662702524870457, scale_lr: 0.53649495129091096, EAO: 0.267
Trial 297 finished with value: 0.2674271037302366 and parameters: {'window_influence': 0.39603788601418505, 'penalty_k': 0.13662702524870457, 'scale_lr': 0.536494951290911}. Best is trial 113 with value: 0.2826390351827552.
checkpoint_e39 window_influence: 0.28485888444522700, penalty_k: 0.26450375470275750, scale_lr: 0.26477681843622392, EAO: 0.261
Trial 298 finished with value: 0.261025474262916 and parameters: {'window_influence': 0.284858884445227, 'penalty_k': 0.2645037547027575, 'scale_lr': 0.2647768184362239}. Best is trial 113 with value: 0.2826390351827552.
checkpoint_e39 window_influence: 0.30473757194825057, penalty_k: 0.09634651813214334, scale_lr: 0.28791657075259547, EAO: 0.261
Trial 299 finished with value: 0.26102603875040037 and parameters: {'window_influence': 0.3047375719482506, 'penalty_k': 0.09634651813214334, 'scale_lr': 0.28791657075259547}. Best is trial 113 with value: 0.2826390351827552.
checkpoint_e39 window_influence: 0.52842251887520375, penalty_k: 0.22623981297030485, scale_lr: 0.35740138810111727, EAO: 0.244
Trial 300 finished with value: 0.24403220481746565 and parameters: {'window_influence': 0.5284225188752038, 'penalty_k': 0.22623981297030485, 'scale_lr': 0.35740138810111727}. Best is trial 113 with value: 0.2826390351827552.
checkpoint_e39 window_influence: 0.32904446303453311, penalty_k: 0.18696661109770427, scale_lr: 0.31037418715277942, EAO: 0.261
Trial 301 finished with value: 0.2612351130058126 and parameters: {'window_influence': 0.3290444630345331, 'penalty_k': 0.18696661109770427, 'scale_lr': 0.3103741871527794}. Best is trial 113 with value: 0.2826390351827552.
checkpoint_e39 window_influence: 0.26716497406851114, penalty_k: 0.44979626163556741, scale_lr: 0.33803559401842537, EAO: 0.243
Trial 302 finished with value: 0.2429397867583647 and parameters: {'window_influence': 0.26716497406851114, 'penalty_k': 0.4497962616355674, 'scale_lr': 0.33803559401842537}. Best is trial 113 with value: 0.2826390351827552.
checkpoint_e39 window_influence: 0.24732418598653291, penalty_k: 0.16534402049384558, scale_lr: 0.29626088626283925, EAO: 0.259
Trial 303 finished with value: 0.25933935571976796 and parameters: {'window_influence': 0.2473241859865329, 'penalty_k': 0.16534402049384558, 'scale_lr': 0.29626088626283925}. Best is trial 113 with value: 0.2826390351827552.
checkpoint_e39 window_influence: 0.23465496952394879, penalty_k: 0.03876706079847658, scale_lr: 0.26640644707448313, EAO: 0.271
Trial 304 finished with value: 0.2713466427190517 and parameters: {'window_influence': 0.2346549695239488, 'penalty_k': 0.03876706079847658, 'scale_lr': 0.26640644707448313}. Best is trial 113 with value: 0.2826390351827552.
checkpoint_e39 window_influence: 0.25856429495536554, penalty_k: 0.21289555435108368, scale_lr: 0.38119554548614892, EAO: 0.278
Trial 305 finished with value: 0.2784083710332227 and parameters: {'window_influence': 0.25856429495536554, 'penalty_k': 0.21289555435108368, 'scale_lr': 0.3811955454861489}. Best is trial 113 with value: 0.2826390351827552.
checkpoint_e39 window_influence: 0.25463847111087273, penalty_k: 0.20892704893105712, scale_lr: 0.38219218276295286, EAO: 0.255
Trial 306 finished with value: 0.2552138384643609 and parameters: {'window_influence': 0.25463847111087273, 'penalty_k': 0.20892704893105712, 'scale_lr': 0.38219218276295286}. Best is trial 113 with value: 0.2826390351827552.
checkpoint_e39 window_influence: 0.22585404913284485, penalty_k: 0.20026225319924443, scale_lr: 0.36912348437265058, EAO: 0.260
Trial 307 finished with value: 0.2600586170830378 and parameters: {'window_influence': 0.22585404913284485, 'penalty_k': 0.20026225319924443, 'scale_lr': 0.3691234843726506}. Best is trial 113 with value: 0.2826390351827552.
checkpoint_e39 window_influence: 0.21342157468598350, penalty_k: 0.21913614751834995, scale_lr: 0.24876886547787200, EAO: 0.267
Trial 308 finished with value: 0.26732258432037465 and parameters: {'window_influence': 0.2134215746859835, 'penalty_k': 0.21913614751834995, 'scale_lr': 0.248768865477872}. Best is trial 113 with value: 0.2826390351827552.
checkpoint_e39 window_influence: 0.24228318900990839, penalty_k: 0.19300321492256536, scale_lr: 0.27441223582877999, EAO: 0.270
Trial 309 finished with value: 0.26988680557749134 and parameters: {'window_influence': 0.2422831890099084, 'penalty_k': 0.19300321492256536, 'scale_lr': 0.27441223582878}. Best is trial 113 with value: 0.2826390351827552.
checkpoint_e39 window_influence: 0.16412501322219714, penalty_k: 0.17832266999817936, scale_lr: 0.13456913797261988, EAO: 0.240
