Trial 123 finished with value: 0.26947318284007593 and parameters: {'window_influence': 0.35679369401714134, 'penalty_k': 0.14887748357701047, 'scale_lr': 0.1887438021850459}. Best is trial 35 with value: 0.27627885390103346.
checkpoint_e32 window_influence: 0.32620437813011804, penalty_k: 0.14822049493718481, scale_lr: 0.18192969626203026, EAO: 0.262
Trial 124 finished with value: 0.26182422811180595 and parameters: {'window_influence': 0.32620437813011804, 'penalty_k': 0.1482204949371848, 'scale_lr': 0.18192969626203026}. Best is trial 35 with value: 0.27627885390103346.
checkpoint_e32 window_influence: 0.35612306031720559, penalty_k: 0.12778862730319240, scale_lr: 0.15448960392440295, EAO: 0.260
Trial 125 finished with value: 0.25950330041530656 and parameters: {'window_influence': 0.3561230603172056, 'penalty_k': 0.1277886273031924, 'scale_lr': 0.15448960392440295}. Best is trial 35 with value: 0.27627885390103346.
checkpoint_e32 window_influence: 0.36889373551479077, penalty_k: 0.11194219049213355, scale_lr: 0.20690863726926761, EAO: 0.259
Trial 126 finished with value: 0.25861036274733584 and parameters: {'window_influence': 0.36889373551479077, 'penalty_k': 0.11194219049213355, 'scale_lr': 0.20690863726926761}. Best is trial 35 with value: 0.27627885390103346.
checkpoint_e32 window_influence: 0.33349485047972982, penalty_k: 0.19714151710436201, scale_lr: 0.12285832980659174, EAO: 0.261
Trial 127 finished with value: 0.26133668810371463 and parameters: {'window_influence': 0.3334948504797298, 'penalty_k': 0.197141517104362, 'scale_lr': 0.12285832980659174}. Best is trial 35 with value: 0.27627885390103346.
checkpoint_e32 window_influence: 0.30194813981970131, penalty_k: 0.14627859527147391, scale_lr: 0.17410528215866242, EAO: 0.267
Trial 128 finished with value: 0.2669334517019551 and parameters: {'window_influence': 0.3019481398197013, 'penalty_k': 0.1462785952714739, 'scale_lr': 0.17410528215866242}. Best is trial 35 with value: 0.27627885390103346.
checkpoint_e32 window_influence: 0.31659607580144017, penalty_k: 0.16891728975045506, scale_lr: 0.19267618509174197, EAO: 0.257
Trial 129 finished with value: 0.257140592528068 and parameters: {'window_influence': 0.31659607580144017, 'penalty_k': 0.16891728975045506, 'scale_lr': 0.19267618509174197}. Best is trial 35 with value: 0.27627885390103346.
checkpoint_e32 window_influence: 0.36226215188883415, penalty_k: 0.13127408068989482, scale_lr: 0.24205519677182646, EAO: 0.261
Trial 130 finished with value: 0.2610254330121405 and parameters: {'window_influence': 0.36226215188883415, 'penalty_k': 0.13127408068989482, 'scale_lr': 0.24205519677182646}. Best is trial 35 with value: 0.27627885390103346.
checkpoint_e32 window_influence: 0.38173899814461060, penalty_k: 0.18753587719922216, scale_lr: 0.27575453135417671, EAO: 0.256
Trial 131 finished with value: 0.2562815691155147 and parameters: {'window_influence': 0.3817389981446106, 'penalty_k': 0.18753587719922216, 'scale_lr': 0.2757545313541767}. Best is trial 35 with value: 0.27627885390103346.
checkpoint_e32 window_influence: 0.35098014487339751, penalty_k: 0.25939487823174878, scale_lr: 0.31067215062182235, EAO: 0.256
Trial 132 finished with value: 0.25569176752635137 and parameters: {'window_influence': 0.3509801448733975, 'penalty_k': 0.2593948782317488, 'scale_lr': 0.31067215062182235}. Best is trial 35 with value: 0.27627885390103346.
checkpoint_e32 window_influence: 0.39185214717627104, penalty_k: 0.21119165009359456, scale_lr: 0.33304095533070688, EAO: 0.258
Trial 133 finished with value: 0.2578833048663488 and parameters: {'window_influence': 0.39185214717627104, 'penalty_k': 0.21119165009359456, 'scale_lr': 0.3330409553307069}. Best is trial 35 with value: 0.27627885390103346.
checkpoint_e32 window_influence: 0.37081858668719830, penalty_k: 0.16010664450569895, scale_lr: 0.22006091330864891, EAO: 0.263
Trial 134 finished with value: 0.2625604118031215 and parameters: {'window_influence': 0.3708185866871983, 'penalty_k': 0.16010664450569895, 'scale_lr': 0.2200609133086489}. Best is trial 35 with value: 0.27627885390103346.
checkpoint_e32 window_influence: 0.40807103069069478, penalty_k: 0.08621404677303306, scale_lr: 0.25559700456012385, EAO: 0.262
Trial 135 finished with value: 0.2619983851303899 and parameters: {'window_influence': 0.4080710306906948, 'penalty_k': 0.08621404677303306, 'scale_lr': 0.25559700456012385}. Best is trial 35 with value: 0.27627885390103346.
checkpoint_e32 window_influence: 0.33796304992527304, penalty_k: 0.11527949449547636, scale_lr: 0.29719643035574284, EAO: 0.257
Trial 136 finished with value: 0.25684831424699567 and parameters: {'window_influence': 0.33796304992527304, 'penalty_k': 0.11527949449547636, 'scale_lr': 0.29719643035574284}. Best is trial 35 with value: 0.27627885390103346.
checkpoint_e32 window_influence: 0.42882986557130126, penalty_k: 0.15313061208206660, scale_lr: 0.20910484343826335, EAO: 0.266
Trial 137 finished with value: 0.2660095978800843 and parameters: {'window_influence': 0.42882986557130126, 'penalty_k': 0.1531306120820666, 'scale_lr': 0.20910484343826335}. Best is trial 35 with value: 0.27627885390103346.
checkpoint_e32 window_influence: 0.34538773052213528, penalty_k: 0.16988333603828268, scale_lr: 0.23983365451122116, EAO: 0.262
Trial 138 finished with value: 0.2618928653437917 and parameters: {'window_influence': 0.3453877305221353, 'penalty_k': 0.16988333603828268, 'scale_lr': 0.23983365451122116}. Best is trial 35 with value: 0.27627885390103346.
checkpoint_e32 window_influence: 0.37397442277048631, penalty_k: 0.18034251767556309, scale_lr: 0.16117627748530472, EAO: 0.264
Trial 139 finished with value: 0.26382462165462295 and parameters: {'window_influence': 0.3739744227704863, 'penalty_k': 0.18034251767556309, 'scale_lr': 0.16117627748530472}. Best is trial 35 with value: 0.27627885390103346.
checkpoint_e32 window_influence: 0.36071254975452627, penalty_k: 0.10222596673827264, scale_lr: 0.11373244052074591, EAO: 0.267
Trial 140 finished with value: 0.2666288693624783 and parameters: {'window_influence': 0.36071254975452627, 'penalty_k': 0.10222596673827264, 'scale_lr': 0.11373244052074591}. Best is trial 35 with value: 0.27627885390103346.
checkpoint_e32 window_influence: 0.35123612386963393, penalty_k: 0.07095713354877831, scale_lr: 0.19332804927404734, EAO: 0.259
Trial 141 finished with value: 0.25899167522424604 and parameters: {'window_influence': 0.35123612386963393, 'penalty_k': 0.0709571335487783, 'scale_lr': 0.19332804927404734}. Best is trial 35 with value: 0.27627885390103346.
checkpoint_e32 window_influence: 0.32253914271978784, penalty_k: 0.02707398975393817, scale_lr: 0.21531162474335269, EAO: 0.254
Trial 142 finished with value: 0.25364106160596134 and parameters: {'window_influence': 0.32253914271978784, 'penalty_k': 0.027073989753938172, 'scale_lr': 0.2153116247433527}. Best is trial 35 with value: 0.27627885390103346.
checkpoint_e32 window_influence: 0.38680933009788271, penalty_k: 0.05030840316419452, scale_lr: 0.22694850407753520, EAO: 0.257
Trial 143 finished with value: 0.25738645490349793 and parameters: {'window_influence': 0.3868093300978827, 'penalty_k': 0.05030840316419452, 'scale_lr': 0.2269485040775352}. Best is trial 35 with value: 0.27627885390103346.
checkpoint_e32 window_influence: 0.33105241702263610, penalty_k: 0.01663552271034147, scale_lr: 0.28004396735954462, EAO: 0.263
Trial 144 finished with value: 0.2628251892037508 and parameters: {'window_influence': 0.3310524170226361, 'penalty_k': 0.016635522710341473, 'scale_lr': 0.2800439673595446}. Best is trial 35 with value: 0.27627885390103346.
checkpoint_e32 window_influence: 0.35476469426665891, penalty_k: 0.09040131237083701, scale_lr: 0.26177282557386011, EAO: 0.258
Trial 145 finished with value: 0.25842801990305503 and parameters: {'window_influence': 0.3547646942666589, 'penalty_k': 0.09040131237083701, 'scale_lr': 0.2617728255738601}. Best is trial 35 with value: 0.27627885390103346.
checkpoint_e32 window_influence: 0.30920691442878817, penalty_k: 0.06419922942668743, scale_lr: 0.18483364176868006, EAO: 0.269
Trial 146 finished with value: 0.26946861648220355 and parameters: {'window_influence': 0.30920691442878817, 'penalty_k': 0.06419922942668743, 'scale_lr': 0.18483364176868006}. Best is trial 35 with value: 0.27627885390103346.
checkpoint_e32 window_influence: 0.30544595779316164, penalty_k: 0.19959335966705355, scale_lr: 0.15012052379318377, EAO: 0.258
Trial 147 finished with value: 0.2577499233610262 and parameters: {'window_influence': 0.30544595779316164, 'penalty_k': 0.19959335966705355, 'scale_lr': 0.15012052379318377}. Best is trial 35 with value: 0.27627885390103346.
checkpoint_e32 window_influence: 0.27572721230517178, penalty_k: 0.12358969559667519, scale_lr: 0.17480141419737755, EAO: 0.251
Trial 148 finished with value: 0.25130876650412876 and parameters: {'window_influence': 0.2757272123051718, 'penalty_k': 0.1235896955966752, 'scale_lr': 0.17480141419737755}. Best is trial 35 with value: 0.27627885390103346.
checkpoint_e32 window_influence: 0.31496809077065396, penalty_k: 0.13894556716122358, scale_lr: 0.13556164768928183, EAO: 0.264
Trial 149 finished with value: 0.2642943808218328 and parameters: {'window_influence': 0.31496809077065396, 'penalty_k': 0.13894556716122358, 'scale_lr': 0.13556164768928183}. Best is trial 35 with value: 0.27627885390103346.
checkpoint_e32 window_influence: 0.40238233172249771, penalty_k: 0.06734248565955910, scale_lr: 0.20186340695693097, EAO: 0.265
Trial 150 finished with value: 0.26502151660076 and parameters: {'window_influence': 0.4023823317224977, 'penalty_k': 0.0673424856595591, 'scale_lr': 0.20186340695693097}. Best is trial 35 with value: 0.27627885390103346.
checkpoint_e32 window_influence: 0.29189317644503981, penalty_k: 0.03459428240610009, scale_lr: 0.18566208846211515, EAO: 0.276
Trial 151 finished with value: 0.27574583373176376 and parameters: {'window_influence': 0.2918931764450398, 'penalty_k': 0.03459428240610009, 'scale_lr': 0.18566208846211515}. Best is trial 35 with value: 0.27627885390103346.
checkpoint_e32 window_influence: 0.30461968466034262, penalty_k: 0.03456833335141414, scale_lr: 0.18911803441427255, EAO: 0.251
Trial 152 finished with value: 0.25122098358181433 and parameters: {'window_influence': 0.3046196846603426, 'penalty_k': 0.03456833335141414, 'scale_lr': 0.18911803441427255}. Best is trial 35 with value: 0.27627885390103346.
checkpoint_e32 window_influence: 0.29007296204735922, penalty_k: 0.04204810515519936, scale_lr: 0.16692610647298772, EAO: 0.255
Trial 153 finished with value: 0.2548613249044108 and parameters: {'window_influence': 0.2900729620473592, 'penalty_k': 0.042048105155199356, 'scale_lr': 0.16692610647298772}. Best is trial 35 with value: 0.27627885390103346.
checkpoint_e32 window_influence: 0.25986934261924027, penalty_k: 0.07684593901050246, scale_lr: 0.24090834091295166, EAO: 0.264
Trial 154 finished with value: 0.26433343222228495 and parameters: {'window_influence': 0.2598693426192403, 'penalty_k': 0.07684593901050246, 'scale_lr': 0.24090834091295166}. Best is trial 35 with value: 0.27627885390103346.
checkpoint_e32 window_influence: 0.33193843687173297, penalty_k: 0.01851627005264494, scale_lr: 0.15056846770786123, EAO: 0.248
Trial 155 finished with value: 0.24827098628369773 and parameters: {'window_influence': 0.33193843687173297, 'penalty_k': 0.018516270052644942, 'scale_lr': 0.15056846770786123}. Best is trial 35 with value: 0.27627885390103346.
checkpoint_e32 window_influence: 0.27376371196222299, penalty_k: 0.21750801654950835, scale_lr: 0.18719622392976115, EAO: 0.258
Trial 156 finished with value: 0.2582794098350091 and parameters: {'window_influence': 0.273763711962223, 'penalty_k': 0.21750801654950835, 'scale_lr': 0.18719622392976115}. Best is trial 35 with value: 0.27627885390103346.
checkpoint_e32 window_influence: 0.31796725911061341, penalty_k: 0.06011216232145986, scale_lr: 0.29007527778837189, EAO: 0.264
Trial 157 finished with value: 0.26420523595761475 and parameters: {'window_influence': 0.3179672591106134, 'penalty_k': 0.060112162321459855, 'scale_lr': 0.2900752777883719}. Best is trial 35 with value: 0.27627885390103346.
checkpoint_e32 window_influence: 0.37478177023696035, penalty_k: 0.22820633812667709, scale_lr: 0.23163695053709282, EAO: 0.273
Trial 158 finished with value: 0.2731313625486886 and parameters: {'window_influence': 0.37478177023696035, 'penalty_k': 0.2282063381266771, 'scale_lr': 0.23163695053709282}. Best is trial 35 with value: 0.27627885390103346.
checkpoint_e32 window_influence: 0.29366647392003603, penalty_k: 0.18142687587908063, scale_lr: 0.21404516843448157, EAO: 0.270
Trial 159 finished with value: 0.27027446285980505 and parameters: {'window_influence': 0.29366647392003603, 'penalty_k': 0.18142687587908063, 'scale_lr': 0.21404516843448157}. Best is trial 35 with value: 0.27627885390103346.
checkpoint_e32 window_influence: 0.27964150106473640, penalty_k: 0.18968721863438381, scale_lr: 0.20719053180485508, EAO: 0.262
Trial 160 finished with value: 0.2620143148957229 and parameters: {'window_influence': 0.2796415010647364, 'penalty_k': 0.18968721863438381, 'scale_lr': 0.20719053180485508}. Best is trial 35 with value: 0.27627885390103346.
checkpoint_e32 window_influence: 0.29495060088801828, penalty_k: 0.16329882299948564, scale_lr: 0.22678571157128480, EAO: 0.257
Trial 161 finished with value: 0.2565439402209065 and parameters: {'window_influence': 0.2949506008880183, 'penalty_k': 0.16329882299948564, 'scale_lr': 0.2267857115712848}. Best is trial 35 with value: 0.27627885390103346.
checkpoint_e32 window_influence: 0.34461676345518599, penalty_k: 0.20347554016606362, scale_lr: 0.25279700447158487, EAO: 0.256
Trial 162 finished with value: 0.255505672981584 and parameters: {'window_influence': 0.344616763455186, 'penalty_k': 0.20347554016606362, 'scale_lr': 0.2527970044715849}. Best is trial 35 with value: 0.27627885390103346.
checkpoint_e32 window_influence: 0.36656044600427595, penalty_k: 0.18499233275917645, scale_lr: 0.18235021707894558, EAO: 0.256
Trial 163 finished with value: 0.2559061984463436 and parameters: {'window_influence': 0.36656044600427595, 'penalty_k': 0.18499233275917645, 'scale_lr': 0.18235021707894558}. Best is trial 35 with value: 0.27627885390103346.
checkpoint_e32 window_influence: 0.29481819843834489, penalty_k: 0.17434539395401263, scale_lr: 0.23059467047421897, EAO: 0.264
Trial 164 finished with value: 0.2642738613777044 and parameters: {'window_influence': 0.2948181984383449, 'penalty_k': 0.17434539395401263, 'scale_lr': 0.23059467047421897}. Best is trial 35 with value: 0.27627885390103346.
checkpoint_e32 window_influence: 0.32465477832139955, penalty_k: 0.14565681692582955, scale_lr: 0.21145559080991277, EAO: 0.253
Trial 165 finished with value: 0.2532113284720638 and parameters: {'window_influence': 0.32465477832139955, 'penalty_k': 0.14565681692582955, 'scale_lr': 0.21145559080991277}. Best is trial 35 with value: 0.27627885390103346.
checkpoint_e32 window_influence: 0.38114813115384022, penalty_k: 0.23616009244303926, scale_lr: 0.19859398207315940, EAO: 0.264
Trial 166 finished with value: 0.2635331981308092 and parameters: {'window_influence': 0.3811481311538402, 'penalty_k': 0.23616009244303926, 'scale_lr': 0.1985939820731594}. Best is trial 35 with value: 0.27627885390103346.
checkpoint_e32 window_influence: 0.30937296984547269, penalty_k: 0.20011431337598704, scale_lr: 0.16891148335761647, EAO: 0.246
Trial 167 finished with value: 0.24643362919247247 and parameters: {'window_influence': 0.3093729698454727, 'penalty_k': 0.20011431337598704, 'scale_lr': 0.16891148335761647}. Best is trial 35 with value: 0.27627885390103346.
checkpoint_e32 window_influence: 0.33708181358803413, penalty_k: 0.15827952531926204, scale_lr: 0.23629620036310178, EAO: 0.265
Trial 168 finished with value: 0.26513353256675287 and parameters: {'window_influence': 0.33708181358803413, 'penalty_k': 0.15827952531926204, 'scale_lr': 0.23629620036310178}. Best is trial 35 with value: 0.27627885390103346.
checkpoint_e32 window_influence: 0.39377795882242556, penalty_k: 0.10319684023100449, scale_lr: 0.12873377605799025, EAO: 0.266
Trial 169 finished with value: 0.2664785341518681 and parameters: {'window_influence': 0.39377795882242556, 'penalty_k': 0.10319684023100449, 'scale_lr': 0.12873377605799025}. Best is trial 35 with value: 0.27627885390103346.
checkpoint_e32 window_influence: 0.36180704477572262, penalty_k: 0.00854317619820347, scale_lr: 0.26438652691716008, EAO: 0.264
Trial 170 finished with value: 0.2637385836825138 and parameters: {'window_influence': 0.3618070447757226, 'penalty_k': 0.008543176198203474, 'scale_lr': 0.2643865269171601}. Best is trial 35 with value: 0.27627885390103346.
checkpoint_e32 window_influence: 0.37425052391177471, penalty_k: 0.21556182914862515, scale_lr: 0.24605704096821501, EAO: 0.248
Trial 171 finished with value: 0.2476184857570059 and parameters: {'window_influence': 0.3742505239117747, 'penalty_k': 0.21556182914862515, 'scale_lr': 0.246057040968215}. Best is trial 35 with value: 0.27627885390103346.
checkpoint_e32 window_influence: 0.34762223199249093, penalty_k: 0.18071009427333584, scale_lr: 0.27865009374891619, EAO: 0.249
Trial 172 finished with value: 0.24878638776821818 and parameters: {'window_influence': 0.3476222319924909, 'penalty_k': 0.18071009427333584, 'scale_lr': 0.2786500937489162}. Best is trial 35 with value: 0.27627885390103346.
checkpoint_e32 window_influence: 0.38180109175066940, penalty_k: 0.22399725281930688, scale_lr: 0.22163708130159901, EAO: 0.259
Trial 173 finished with value: 0.2585160741355361 and parameters: {'window_influence': 0.3818010917506694, 'penalty_k': 0.22399725281930688, 'scale_lr': 0.221637081301599}. Best is trial 35 with value: 0.27627885390103346.
checkpoint_e32 window_influence: 0.40546759337085603, penalty_k: 0.19527604065521714, scale_lr: 0.25534559799611101, EAO: 0.267
Trial 174 finished with value: 0.266590702582181 and parameters: {'window_influence': 0.405467593370856, 'penalty_k': 0.19527604065521714, 'scale_lr': 0.255345597996111}. Best is trial 35 with value: 0.27627885390103346.
checkpoint_e32 window_influence: 0.41907757092822479, penalty_k: 0.23240057128625052, scale_lr: 0.30393853856169400, EAO: 0.256
Trial 175 finished with value: 0.25638676507443914 and parameters: {'window_influence': 0.4190775709282248, 'penalty_k': 0.23240057128625052, 'scale_lr': 0.303938538561694}. Best is trial 35 with value: 0.27627885390103346.
checkpoint_e32 window_influence: 0.36580614806098344, penalty_k: 0.04931208946947224, scale_lr: 0.20405996011131317, EAO: 0.263
Trial 176 finished with value: 0.262527704784056 and parameters: {'window_influence': 0.36580614806098344, 'penalty_k': 0.04931208946947224, 'scale_lr': 0.20405996011131317}. Best is trial 35 with value: 0.27627885390103346.
checkpoint_e32 window_influence: 0.32716572309301023, penalty_k: 0.21127246762129817, scale_lr: 0.27094916915621198, EAO: 0.259
Trial 177 finished with value: 0.25875668385164524 and parameters: {'window_influence': 0.32716572309301023, 'penalty_k': 0.21127246762129817, 'scale_lr': 0.270949169156212}. Best is trial 35 with value: 0.27627885390103346.
checkpoint_e32 window_influence: 0.39234972354858416, penalty_k: 0.03353478096324218, scale_lr: 0.16005699168190918, EAO: 0.262
Trial 178 finished with value: 0.26247880904655146 and parameters: {'window_influence': 0.39234972354858416, 'penalty_k': 0.03353478096324218, 'scale_lr': 0.16005699168190918}. Best is trial 35 with value: 0.27627885390103346.
checkpoint_e32 window_influence: 0.33838727467083052, penalty_k: 0.17002339154936957, scale_lr: 0.35129043906384017, EAO: 0.260
Trial 179 finished with value: 0.25973797716745517 and parameters: {'window_influence': 0.3383872746708305, 'penalty_k': 0.17002339154936957, 'scale_lr': 0.35129043906384017}. Best is trial 35 with value: 0.27627885390103346.
checkpoint_e32 window_influence: 0.28451456073093473, penalty_k: 0.08769796531255802, scale_lr: 0.18372478982021884, EAO: 0.255
Trial 180 finished with value: 0.2551860981961576 and parameters: {'window_influence': 0.28451456073093473, 'penalty_k': 0.08769796531255802, 'scale_lr': 0.18372478982021884}. Best is trial 35 with value: 0.27627885390103346.
checkpoint_e32 window_influence: 0.35555463795466080, penalty_k: 0.05692222958349547, scale_lr: 0.21165721824487660, EAO: 0.261
Trial 181 finished with value: 0.26126280481495506 and parameters: {'window_influence': 0.3555546379546608, 'penalty_k': 0.05692222958349547, 'scale_lr': 0.2116572182448766}. Best is trial 35 with value: 0.27627885390103346.
checkpoint_e32 window_influence: 0.37464903901275587, penalty_k: 0.07408518730928287, scale_lr: 0.21845961578146561, EAO: 0.267
Trial 182 finished with value: 0.26705431720105616 and parameters: {'window_influence': 0.37464903901275587, 'penalty_k': 0.07408518730928287, 'scale_lr': 0.2184596157814656}. Best is trial 35 with value: 0.27627885390103346.
checkpoint_e32 window_influence: 0.35274994752397487, penalty_k: 0.25193309413112180, scale_lr: 0.19559439360815919, EAO: 0.270
Trial 183 finished with value: 0.27010515005123326 and parameters: {'window_influence': 0.35274994752397487, 'penalty_k': 0.2519330941311218, 'scale_lr': 0.1955943936081592}. Best is trial 35 with value: 0.27627885390103346.
checkpoint_e32 window_influence: 0.31090181030029729, penalty_k: 0.26188369698372199, scale_lr: 0.19260386770380095, EAO: 0.273
Trial 184 finished with value: 0.27296827666885487 and parameters: {'window_influence': 0.3109018103002973, 'penalty_k': 0.261883696983722, 'scale_lr': 0.19260386770380095}. Best is trial 35 with value: 0.27627885390103346.
checkpoint_e32 window_influence: 0.31360945764363118, penalty_k: 0.24133345307974424, scale_lr: 0.19170452990063619, EAO: 0.264
