Trial 66 finished with value: 0.26044103787924217 and parameters: {'window_influence': 0.4006040600600196, 'penalty_k': 0.08091597482091793, 'scale_lr': 0.46071776570214606}. Best is trial 42 with value: 0.27393498453425197.
checkpoint_e16 window_influence: 0.40632750235055098, penalty_k: 0.01507557060719614, scale_lr: 0.59932703548536459, EAO: 0.263
Trial 62 finished with value: 0.262791925329503 and parameters: {'window_influence': 0.406327502350551, 'penalty_k': 0.015075570607196142, 'scale_lr': 0.5993270354853646}. Best is trial 53 with value: 0.26514596952413155.
checkpoint_e16 window_influence: 0.31962157536332120, penalty_k: 0.07680481336125569, scale_lr: 0.46967712636380765, EAO: 0.268
Trial 57 finished with value: 0.2684259169954595 and parameters: {'window_influence': 0.3196215753633212, 'penalty_k': 0.07680481336125569, 'scale_lr': 0.46967712636380765}. Best is trial 28 with value: 0.2714521815864051.
checkpoint_e16 window_influence: 0.34541011160740864, penalty_k: 0.11338565143550867, scale_lr: 0.44269652862281444, EAO: 0.261
Trial 67 finished with value: 0.26059301421652 and parameters: {'window_influence': 0.34541011160740864, 'penalty_k': 0.11338565143550867, 'scale_lr': 0.44269652862281444}. Best is trial 42 with value: 0.27393498453425197.
checkpoint_e16 window_influence: 0.40733567754272165, penalty_k: 0.01509047894701627, scale_lr: 0.60588242530185099, EAO: 0.251
Trial 63 finished with value: 0.25102270697432805 and parameters: {'window_influence': 0.40733567754272165, 'penalty_k': 0.015090478947016268, 'scale_lr': 0.605882425301851}. Best is trial 53 with value: 0.26514596952413155.
checkpoint_e16 window_influence: 0.31869406701054015, penalty_k: 0.10539124921081908, scale_lr: 0.47457934108576644, EAO: 0.262
Trial 58 finished with value: 0.261574776737186 and parameters: {'window_influence': 0.31869406701054015, 'penalty_k': 0.10539124921081908, 'scale_lr': 0.47457934108576644}. Best is trial 28 with value: 0.2714521815864051.
checkpoint_e16 window_influence: 0.25993524498806359, penalty_k: 0.14592337512404344, scale_lr: 0.42197585831554463, EAO: 0.241
Trial 68 finished with value: 0.241448718539583 and parameters: {'window_influence': 0.2599352449880636, 'penalty_k': 0.14592337512404344, 'scale_lr': 0.4219758583155446}. Best is trial 42 with value: 0.27393498453425197.
checkpoint_e16 window_influence: 0.37753681933502853, penalty_k: 0.04903050224427302, scale_lr: 0.57207336213588134, EAO: 0.249
Trial 64 finished with value: 0.2492685053891283 and parameters: {'window_influence': 0.37753681933502853, 'penalty_k': 0.04903050224427302, 'scale_lr': 0.5720733621358813}. Best is trial 53 with value: 0.26514596952413155.
checkpoint_e16 window_influence: 0.34352126889318624, penalty_k: 0.12855305081729609, scale_lr: 0.49955523618570291, EAO: 0.252
Trial 59 finished with value: 0.25183278528170855 and parameters: {'window_influence': 0.34352126889318624, 'penalty_k': 0.1285530508172961, 'scale_lr': 0.4995552361857029}. Best is trial 28 with value: 0.2714521815864051.
checkpoint_e16 window_influence: 0.28864108430402602, penalty_k: 0.10355419985374581, scale_lr: 0.33225377978807946, EAO: 0.249
Trial 69 finished with value: 0.2493496527516745 and parameters: {'window_influence': 0.288641084304026, 'penalty_k': 0.10355419985374581, 'scale_lr': 0.33225377978807946}. Best is trial 42 with value: 0.27393498453425197.
checkpoint_e16 window_influence: 0.41938536844860341, penalty_k: 0.01453212028600036, scale_lr: 0.60376178519534518, EAO: 0.262
Trial 65 finished with value: 0.26158393004803154 and parameters: {'window_influence': 0.4193853684486034, 'penalty_k': 0.014532120286000365, 'scale_lr': 0.6037617851953452}. Best is trial 53 with value: 0.26514596952413155.
checkpoint_e16 window_influence: 0.35437867053803207, penalty_k: 0.08887738377183863, scale_lr: 0.42249329569078919, EAO: 0.261
Trial 60 finished with value: 0.26145636871820543 and parameters: {'window_influence': 0.35437867053803207, 'penalty_k': 0.08887738377183863, 'scale_lr': 0.4224932956907892}. Best is trial 28 with value: 0.2714521815864051.
checkpoint_e16 window_influence: 0.37754953363819183, penalty_k: 0.04620955587237019, scale_lr: 0.37700249438403982, EAO: 0.266
Trial 70 finished with value: 0.26571241336140206 and parameters: {'window_influence': 0.3775495336381918, 'penalty_k': 0.04620955587237019, 'scale_lr': 0.3770024943840398}. Best is trial 42 with value: 0.27393498453425197.
checkpoint_e16 window_influence: 0.41365836730892758, penalty_k: 0.00617691556623838, scale_lr: 0.60149563113253990, EAO: 0.251
Trial 66 finished with value: 0.2505872931058814 and parameters: {'window_influence': 0.4136583673089276, 'penalty_k': 0.006176915566238384, 'scale_lr': 0.6014956311325399}. Best is trial 53 with value: 0.26514596952413155.
checkpoint_e16 window_influence: 0.38384095353579306, penalty_k: 0.06535743993542525, scale_lr: 0.46468930521577689, EAO: 0.252
Trial 61 finished with value: 0.25166863178819177 and parameters: {'window_influence': 0.38384095353579306, 'penalty_k': 0.06535743993542525, 'scale_lr': 0.4646893052157769}. Best is trial 28 with value: 0.2714521815864051.
checkpoint_e16 window_influence: 0.31205949111327835, penalty_k: 0.05673740487354886, scale_lr: 0.41527819923237230, EAO: 0.264
Trial 71 finished with value: 0.26350646175262404 and parameters: {'window_influence': 0.31205949111327835, 'penalty_k': 0.056737404873548856, 'scale_lr': 0.4152781992323723}. Best is trial 42 with value: 0.27393498453425197.
checkpoint_e16 window_influence: 0.43114621379457241, penalty_k: 0.06698878958831092, scale_lr: 0.63804067545653609, EAO: 0.260
Trial 67 finished with value: 0.2604294691870852 and parameters: {'window_influence': 0.4311462137945724, 'penalty_k': 0.06698878958831092, 'scale_lr': 0.6380406754565361}. Best is trial 53 with value: 0.26514596952413155.
checkpoint_e16 window_influence: 0.36649223822862953, penalty_k: 0.04390112115754914, scale_lr: 0.46417570381035728, EAO: 0.264
Trial 62 finished with value: 0.2638863468073248 and parameters: {'window_influence': 0.36649223822862953, 'penalty_k': 0.04390112115754914, 'scale_lr': 0.4641757038103573}. Best is trial 28 with value: 0.2714521815864051.
checkpoint_e16 window_influence: 0.31829518575122601, penalty_k: 0.03622623461929821, scale_lr: 0.41745645818575877, EAO: 0.263
Trial 72 finished with value: 0.2625357122804091 and parameters: {'window_influence': 0.318295185751226, 'penalty_k': 0.03622623461929821, 'scale_lr': 0.41745645818575877}. Best is trial 42 with value: 0.27393498453425197.
checkpoint_e16 window_influence: 0.46503365657834195, penalty_k: 0.06356986887728325, scale_lr: 0.64644077344345652, EAO: 0.250
Trial 68 finished with value: 0.25012963895148377 and parameters: {'window_influence': 0.46503365657834195, 'penalty_k': 0.06356986887728325, 'scale_lr': 0.6464407734434565}. Best is trial 53 with value: 0.26514596952413155.
checkpoint_e16 window_influence: 0.30830959445111483, penalty_k: 0.06756403547831691, scale_lr: 0.50136717615746473, EAO: 0.260
Trial 63 finished with value: 0.26032053309727493 and parameters: {'window_influence': 0.30830959445111483, 'penalty_k': 0.06756403547831691, 'scale_lr': 0.5013671761574647}. Best is trial 28 with value: 0.2714521815864051.
checkpoint_e16 window_influence: 0.33744502003204185, penalty_k: 0.00878384736587650, scale_lr: 0.47406969807310473, EAO: 0.263
Trial 73 finished with value: 0.26267570687261055 and parameters: {'window_influence': 0.33744502003204185, 'penalty_k': 0.008783847365876504, 'scale_lr': 0.47406969807310473}. Best is trial 42 with value: 0.27393498453425197.
checkpoint_e16 window_influence: 0.42829126931501982, penalty_k: 0.00639420597371521, scale_lr: 0.61992367393551895, EAO: 0.257
Trial 69 finished with value: 0.2573430056615574 and parameters: {'window_influence': 0.4282912693150198, 'penalty_k': 0.0063942059737152075, 'scale_lr': 0.619923673935519}. Best is trial 53 with value: 0.26514596952413155.
checkpoint_e16 window_influence: 0.40471110182878900, penalty_k: 0.03765837534419218, scale_lr: 0.43172844685435818, EAO: 0.268
Trial 64 finished with value: 0.2675019451757757 and parameters: {'window_influence': 0.404711101828789, 'penalty_k': 0.03765837534419218, 'scale_lr': 0.4317284468543582}. Best is trial 28 with value: 0.2714521815864051.
checkpoint_e16 window_influence: 0.42327838698416032, penalty_k: 0.02289699714864476, scale_lr: 0.40002345754263929, EAO: 0.263
Trial 74 finished with value: 0.26270248050369865 and parameters: {'window_influence': 0.4232783869841603, 'penalty_k': 0.02289699714864476, 'scale_lr': 0.4000234575426393}. Best is trial 42 with value: 0.27393498453425197.
checkpoint_e16 window_influence: 0.46109096380214326, penalty_k: 0.02541580810798180, scale_lr: 0.54431224830905478, EAO: 0.259
Trial 70 finished with value: 0.25877609152377135 and parameters: {'window_influence': 0.46109096380214326, 'penalty_k': 0.025415808107981802, 'scale_lr': 0.5443122483090548}. Best is trial 53 with value: 0.26514596952413155.
checkpoint_e16 window_influence: 0.32770092275221624, penalty_k: 0.00970375755845814, scale_lr: 0.42391175465169872, EAO: 0.252
Trial 65 finished with value: 0.2518612003423334 and parameters: {'window_influence': 0.32770092275221624, 'penalty_k': 0.009703757558458141, 'scale_lr': 0.4239117546516987}. Best is trial 28 with value: 0.2714521815864051.
checkpoint_e16 window_influence: 0.36619389525908991, penalty_k: 0.06755331594617697, scale_lr: 0.51740746820823391, EAO: 0.262
Trial 75 finished with value: 0.2620555934140353 and parameters: {'window_influence': 0.3661938952590899, 'penalty_k': 0.06755331594617697, 'scale_lr': 0.5174074682082339}. Best is trial 42 with value: 0.27393498453425197.
checkpoint_e16 window_influence: 0.45158833009726118, penalty_k: 0.02116069170401848, scale_lr: 0.55053597187831571, EAO: 0.268
Trial 71 finished with value: 0.2682494244318667 and parameters: {'window_influence': 0.4515883300972612, 'penalty_k': 0.021160691704018478, 'scale_lr': 0.5505359718783157}. Best is trial 71 with value: 0.2682494244318667.
checkpoint_e16 window_influence: 0.40574803885400140, penalty_k: 0.03821841148102000, scale_lr: 0.44778996320083897, EAO: 0.266
Trial 66 finished with value: 0.2661545394155068 and parameters: {'window_influence': 0.4057480388540014, 'penalty_k': 0.038218411481019995, 'scale_lr': 0.44778996320083897}. Best is trial 28 with value: 0.2714521815864051.
checkpoint_e16 window_influence: 0.34542700637873108, penalty_k: 0.09100272412256968, scale_lr: 0.49152698566494740, EAO: 0.269
Trial 76 finished with value: 0.26853226070723885 and parameters: {'window_influence': 0.3454270063787311, 'penalty_k': 0.09100272412256968, 'scale_lr': 0.4915269856649474}. Best is trial 42 with value: 0.27393498453425197.
checkpoint_e16 window_influence: 0.44146400585721213, penalty_k: 0.02486266703031896, scale_lr: 0.54281550146357727, EAO: 0.260
Trial 72 finished with value: 0.26035765298013763 and parameters: {'window_influence': 0.4414640058572121, 'penalty_k': 0.02486266703031896, 'scale_lr': 0.5428155014635773}. Best is trial 71 with value: 0.2682494244318667.
checkpoint_e16 window_influence: 0.35761747880353739, penalty_k: 0.07995552483721366, scale_lr: 0.39698757968233134, EAO: 0.263
Trial 67 finished with value: 0.26281961132355824 and parameters: {'window_influence': 0.3576174788035374, 'penalty_k': 0.07995552483721366, 'scale_lr': 0.39698757968233134}. Best is trial 28 with value: 0.2714521815864051.
checkpoint_e16 window_influence: 0.29805957863104376, penalty_k: 0.00071864478442005, scale_lr: 0.45979674312600466, EAO: 0.253
Trial 77 finished with value: 0.2529053872193747 and parameters: {'window_influence': 0.29805957863104376, 'penalty_k': 0.0007186447844200541, 'scale_lr': 0.45979674312600466}. Best is trial 42 with value: 0.27393498453425197.
checkpoint_e16 window_influence: 0.44860869865859127, penalty_k: 0.02470270644935040, scale_lr: 0.52961831043519181, EAO: 0.253
Trial 73 finished with value: 0.2529837873771908 and parameters: {'window_influence': 0.44860869865859127, 'penalty_k': 0.0247027064493504, 'scale_lr': 0.5296183104351918}. Best is trial 71 with value: 0.2682494244318667.
checkpoint_e16 window_influence: 0.40737463051385342, penalty_k: 0.03350080645156853, scale_lr: 0.37633777633005205, EAO: 0.263
Trial 68 finished with value: 0.26335783436046384 and parameters: {'window_influence': 0.4073746305138534, 'penalty_k': 0.03350080645156853, 'scale_lr': 0.37633777633005205}. Best is trial 28 with value: 0.2714521815864051.
checkpoint_e16 window_influence: 0.32901836763648801, penalty_k: 0.04000396547863437, scale_lr: 0.43459138483583054, EAO: 0.253
Trial 78 finished with value: 0.2527092893918355 and parameters: {'window_influence': 0.329018367636488, 'penalty_k': 0.04000396547863437, 'scale_lr': 0.43459138483583054}. Best is trial 42 with value: 0.27393498453425197.
checkpoint_e16 window_influence: 0.49407787554813798, penalty_k: 0.00220754171199335, scale_lr: 0.56424531445409098, EAO: 0.251
Trial 74 finished with value: 0.2513370990026288 and parameters: {'window_influence': 0.494077875548138, 'penalty_k': 0.0022075417119933535, 'scale_lr': 0.564245314454091}. Best is trial 71 with value: 0.2682494244318667.
checkpoint_e16 window_influence: 0.39248046458246350, penalty_k: 0.10401074603052463, scale_lr: 0.44639598998108887, EAO: 0.249
Trial 69 finished with value: 0.24905844553699338 and parameters: {'window_influence': 0.3924804645824635, 'penalty_k': 0.10401074603052463, 'scale_lr': 0.44639598998108887}. Best is trial 28 with value: 0.2714521815864051.
checkpoint_e16 window_influence: 0.38388073953597884, penalty_k: 0.07757833812067251, scale_lr: 0.36263970803291590, EAO: 0.274
Trial 79 finished with value: 0.2739357810800638 and parameters: {'window_influence': 0.38388073953597884, 'penalty_k': 0.07757833812067251, 'scale_lr': 0.3626397080329159}. Best is trial 79 with value: 0.2739357810800638.
checkpoint_e16 window_influence: 0.46941961597257609, penalty_k: 0.05379330914727235, scale_lr: 0.54704662489174605, EAO: 0.253
Trial 75 finished with value: 0.2525589960983129 and parameters: {'window_influence': 0.4694196159725761, 'penalty_k': 0.05379330914727235, 'scale_lr': 0.547046624891746}. Best is trial 71 with value: 0.2682494244318667.
checkpoint_e16 window_influence: 0.28280150675125654, penalty_k: 0.12811234404856697, scale_lr: 0.42229569443909487, EAO: 0.257
Trial 70 finished with value: 0.2566593228195741 and parameters: {'window_influence': 0.28280150675125654, 'penalty_k': 0.12811234404856697, 'scale_lr': 0.42229569443909487}. Best is trial 28 with value: 0.2714521815864051.
checkpoint_e16 window_influence: 0.40133308687324948, penalty_k: 0.13332425945941712, scale_lr: 0.39356726458848712, EAO: 0.254
Trial 80 finished with value: 0.2535286880120998 and parameters: {'window_influence': 0.4013330868732495, 'penalty_k': 0.13332425945941712, 'scale_lr': 0.3935672645884871}. Best is trial 79 with value: 0.2739357810800638.
checkpoint_e16 window_influence: 0.44959562496250133, penalty_k: 0.02100867495044247, scale_lr: 0.59510763147588230, EAO: 0.264
Trial 76 finished with value: 0.2639648860426453 and parameters: {'window_influence': 0.44959562496250133, 'penalty_k': 0.02100867495044247, 'scale_lr': 0.5951076314758823}. Best is trial 71 with value: 0.2682494244318667.
checkpoint_e16 window_influence: 0.45031331650642492, penalty_k: 0.04429784676851539, scale_lr: 0.47518109261720981, EAO: 0.259
Trial 71 finished with value: 0.25897889705450555 and parameters: {'window_influence': 0.4503133165064249, 'penalty_k': 0.044297846768515385, 'scale_lr': 0.4751810926172098}. Best is trial 28 with value: 0.2714521815864051.
checkpoint_e16 window_influence: 0.38393554205246117, penalty_k: 0.05491049651300865, scale_lr: 0.36457863918132716, EAO: 0.271
Trial 81 finished with value: 0.27062323743977196 and parameters: {'window_influence': 0.38393554205246117, 'penalty_k': 0.054910496513008646, 'scale_lr': 0.36457863918132716}. Best is trial 79 with value: 0.2739357810800638.
checkpoint_e16 window_influence: 0.43851600717132899, penalty_k: 0.04321345182538382, scale_lr: 0.63332627040258549, EAO: 0.258
Trial 77 finished with value: 0.25751102594583014 and parameters: {'window_influence': 0.438516007171329, 'penalty_k': 0.04321345182538382, 'scale_lr': 0.6333262704025855}. Best is trial 71 with value: 0.2682494244318667.
checkpoint_e16 window_influence: 0.41301757970288866, penalty_k: 0.00049297063735056, scale_lr: 0.49562366678642289, EAO: 0.271
Trial 72 finished with value: 0.2705413980212638 and parameters: {'window_influence': 0.41301757970288866, 'penalty_k': 0.00049297063735056, 'scale_lr': 0.4956236667864229}. Best is trial 28 with value: 0.2714521815864051.
checkpoint_e16 window_influence: 0.37729830604165338, penalty_k: 0.07606762536397330, scale_lr: 0.37002631969657979, EAO: 0.272
Trial 82 finished with value: 0.2715668627401678 and parameters: {'window_influence': 0.3772983060416534, 'penalty_k': 0.0760676253639733, 'scale_lr': 0.3700263196965798}. Best is trial 79 with value: 0.2739357810800638.
checkpoint_e16 window_influence: 0.48071611877941234, penalty_k: 0.01918313334499504, scale_lr: 0.59959101619545030, EAO: 0.256
Trial 78 finished with value: 0.25628154040352114 and parameters: {'window_influence': 0.48071611877941234, 'penalty_k': 0.019183133344995044, 'scale_lr': 0.5995910161954503}. Best is trial 71 with value: 0.2682494244318667.
checkpoint_e16 window_influence: 0.36786576141217919, penalty_k: 0.00831347922064304, scale_lr: 0.45742625259151837, EAO: 0.265
Trial 73 finished with value: 0.26468498665627427 and parameters: {'window_influence': 0.3678657614121792, 'penalty_k': 0.008313479220643044, 'scale_lr': 0.45742625259151837}. Best is trial 28 with value: 0.2714521815864051.
checkpoint_e16 window_influence: 0.38275985651613031, penalty_k: 0.07719241985787932, scale_lr: 0.35777102109037451, EAO: 0.261
Trial 83 finished with value: 0.26100715631391946 and parameters: {'window_influence': 0.3827598565161303, 'penalty_k': 0.07719241985787932, 'scale_lr': 0.3577710210903745}. Best is trial 79 with value: 0.2739357810800638.
checkpoint_e16 window_influence: 0.42590568822182023, penalty_k: 0.07199939935974492, scale_lr: 0.56756694389211859, EAO: 0.253
Trial 79 finished with value: 0.25298167353238515 and parameters: {'window_influence': 0.42590568822182023, 'penalty_k': 0.07199939935974492, 'scale_lr': 0.5675669438921186}. Best is trial 71 with value: 0.2682494244318667.
checkpoint_e16 window_influence: 0.40889885769563433, penalty_k: 0.05982515101904616, scale_lr: 0.43553848387270455, EAO: 0.245
Trial 74 finished with value: 0.2447403604543306 and parameters: {'window_influence': 0.40889885769563433, 'penalty_k': 0.05982515101904616, 'scale_lr': 0.43553848387270455}. Best is trial 28 with value: 0.2714521815864051.
checkpoint_e16 window_influence: 0.41458227507798323, penalty_k: 0.10853377001089737, scale_lr: 0.30636508170518278, EAO: 0.259
Trial 84 finished with value: 0.25897167326231313 and parameters: {'window_influence': 0.41458227507798323, 'penalty_k': 0.10853377001089737, 'scale_lr': 0.3063650817051828}. Best is trial 79 with value: 0.2739357810800638.
checkpoint_e16 window_influence: 0.44688072370339427, penalty_k: 0.09174469202308647, scale_lr: 0.60801176515662581, EAO: 0.257
Trial 80 finished with value: 0.2570754487703486 and parameters: {'window_influence': 0.44688072370339427, 'penalty_k': 0.09174469202308647, 'scale_lr': 0.6080117651566258}. Best is trial 71 with value: 0.2682494244318667.
checkpoint_e16 window_influence: 0.39246490101005960, penalty_k: 0.00163532396253949, scale_lr: 0.48943765973068049, EAO: 0.264
Trial 75 finished with value: 0.26414302155012037 and parameters: {'window_influence': 0.3924649010100596, 'penalty_k': 0.0016353239625394936, 'scale_lr': 0.4894376597306805}. Best is trial 28 with value: 0.2714521815864051.
checkpoint_e16 window_influence: 0.43670251066212484, penalty_k: 0.08873648879013071, scale_lr: 0.35096848111411888, EAO: 0.267
Trial 85 finished with value: 0.26721771606584876 and parameters: {'window_influence': 0.43670251066212484, 'penalty_k': 0.08873648879013071, 'scale_lr': 0.3509684811141189}. Best is trial 79 with value: 0.2739357810800638.
checkpoint_e16 window_influence: 0.45733946061411379, penalty_k: 0.01699994982852399, scale_lr: 0.58215838463705971, EAO: 0.259
Trial 81 finished with value: 0.25868331453179927 and parameters: {'window_influence': 0.4573394606141138, 'penalty_k': 0.016999949828523993, 'scale_lr': 0.5821583846370597}. Best is trial 71 with value: 0.2682494244318667.
checkpoint_e16 window_influence: 0.46298610357232162, penalty_k: 0.03101595237798105, scale_lr: 0.51153383583767131, EAO: 0.274
Trial 76 finished with value: 0.27431667390150755 and parameters: {'window_influence': 0.4629861035723216, 'penalty_k': 0.03101595237798105, 'scale_lr': 0.5115338358376713}. Best is trial 76 with value: 0.27431667390150755.
checkpoint_e16 window_influence: 0.39705293418026949, penalty_k: 0.05795491496344382, scale_lr: 0.37448668088584319, EAO: 0.263
Trial 86 finished with value: 0.262670151949898 and parameters: {'window_influence': 0.3970529341802695, 'penalty_k': 0.05795491496344382, 'scale_lr': 0.3744866808858432}. Best is trial 79 with value: 0.2739357810800638.
checkpoint_e16 window_influence: 0.49539196427916654, penalty_k: 0.05813800440499979, scale_lr: 0.51092576874203899, EAO: 0.258
Trial 82 finished with value: 0.25779065199014617 and parameters: {'window_influence': 0.49539196427916654, 'penalty_k': 0.05813800440499979, 'scale_lr': 0.510925768742039}. Best is trial 71 with value: 0.2682494244318667.
checkpoint_e16 window_influence: 0.47094707090047239, penalty_k: 0.02386801749786561, scale_lr: 0.51765667633966439, EAO: 0.258
