Trial 253 finished with value: 0.25456388282582043 and parameters: {'window_influence': 0.4410712599284641, 'penalty_k': 0.03831368610706949, 'scale_lr': 0.48803765445524816}. Best is trial 244 with value: 0.2802958501184859.
checkpoint_e16 window_influence: 0.43183665762284273, penalty_k: 0.04789403091437589, scale_lr: 0.36891545936895120, EAO: 0.268
Trial 278 finished with value: 0.2677170822048575 and parameters: {'window_influence': 0.43183665762284273, 'penalty_k': 0.04789403091437589, 'scale_lr': 0.3689154593689512}. Best is trial 90 with value: 0.28226814400858996.
checkpoint_e16 window_influence: 0.38898994619572341, penalty_k: 0.29634542693143368, scale_lr: 0.40182395535157212, EAO: 0.243
Trial 274 finished with value: 0.24326336947156163 and parameters: {'window_influence': 0.3889899461957234, 'penalty_k': 0.2963454269314337, 'scale_lr': 0.4018239553515721}. Best is trial 111 with value: 0.27549627247622344.
checkpoint_e16 window_influence: 0.46382431167739963, penalty_k: 0.02174330170836692, scale_lr: 0.52056836272404805, EAO: 0.256
Trial 254 finished with value: 0.255879531849206 and parameters: {'window_influence': 0.4638243116773996, 'penalty_k': 0.02174330170836692, 'scale_lr': 0.520568362724048}. Best is trial 244 with value: 0.2802958501184859.
checkpoint_e16 window_influence: 0.41286679469447640, penalty_k: 0.09184829944956137, scale_lr: 0.33345114399132780, EAO: 0.257
Trial 279 finished with value: 0.25694337069261364 and parameters: {'window_influence': 0.4128667946944764, 'penalty_k': 0.09184829944956137, 'scale_lr': 0.3334511439913278}. Best is trial 90 with value: 0.28226814400858996.
checkpoint_e16 window_influence: 0.41576289779112258, penalty_k: 0.21838203396463346, scale_lr: 0.54846647014562300, EAO: 0.241
Trial 275 finished with value: 0.24097544354636494 and parameters: {'window_influence': 0.4157628977911226, 'penalty_k': 0.21838203396463346, 'scale_lr': 0.548466470145623}. Best is trial 111 with value: 0.27549627247622344.
checkpoint_e16 window_influence: 0.37611132405633813, penalty_k: 0.04604113872210083, scale_lr: 0.41387171188944283, EAO: 0.263
Trial 255 finished with value: 0.2634805451805999 and parameters: {'window_influence': 0.3761113240563381, 'penalty_k': 0.04604113872210083, 'scale_lr': 0.41387171188944283}. Best is trial 244 with value: 0.2802958501184859.
checkpoint_e16 window_influence: 0.39066533161514133, penalty_k: 0.06821492088443974, scale_lr: 0.30892203397201962, EAO: 0.267
Trial 280 finished with value: 0.2670909658801265 and parameters: {'window_influence': 0.39066533161514133, 'penalty_k': 0.06821492088443974, 'scale_lr': 0.3089220339720196}. Best is trial 90 with value: 0.28226814400858996.
checkpoint_e16 window_influence: 0.06276678277767433, penalty_k: 0.16567948851487471, scale_lr: 0.34143789204294012, EAO: 0.216
Trial 276 finished with value: 0.21574112688138233 and parameters: {'window_influence': 0.06276678277767433, 'penalty_k': 0.1656794885148747, 'scale_lr': 0.3414378920429401}. Best is trial 111 with value: 0.27549627247622344.
checkpoint_e16 window_influence: 0.41603279868041115, penalty_k: 0.26622603485932850, scale_lr: 0.48283996287292419, EAO: 0.246
Trial 256 finished with value: 0.24604758238647043 and parameters: {'window_influence': 0.41603279868041115, 'penalty_k': 0.2662260348593285, 'scale_lr': 0.4828399628729242}. Best is trial 244 with value: 0.2802958501184859.
checkpoint_e16 window_influence: 0.40078215160764408, penalty_k: 0.03680763292727639, scale_lr: 0.35504596707904545, EAO: 0.262
Trial 281 finished with value: 0.2620054496739938 and parameters: {'window_influence': 0.4007821516076441, 'penalty_k': 0.036807632927276394, 'scale_lr': 0.35504596707904545}. Best is trial 90 with value: 0.28226814400858996.
checkpoint_e16 window_influence: 0.40515957917071438, penalty_k: 0.03148627321473377, scale_lr: 0.36963682586378482, EAO: 0.264
Trial 277 finished with value: 0.2638689728408325 and parameters: {'window_influence': 0.4051595791707144, 'penalty_k': 0.03148627321473377, 'scale_lr': 0.3696368258637848}. Best is trial 111 with value: 0.27549627247622344.
checkpoint_e16 window_influence: 0.38712489878998929, penalty_k: 0.30843287382669471, scale_lr: 0.37617733867389447, EAO: 0.251
Trial 257 finished with value: 0.25111459322818896 and parameters: {'window_influence': 0.3871248987899893, 'penalty_k': 0.3084328738266947, 'scale_lr': 0.37617733867389447}. Best is trial 244 with value: 0.2802958501184859.
checkpoint_e16 window_influence: 0.37593926615152412, penalty_k: 0.05572574520855671, scale_lr: 0.39709720757577199, EAO: 0.260
Trial 282 finished with value: 0.2601640760535147 and parameters: {'window_influence': 0.3759392661515241, 'penalty_k': 0.055725745208556714, 'scale_lr': 0.397097207575772}. Best is trial 90 with value: 0.28226814400858996.
checkpoint_e16 window_influence: 0.26676951721128228, penalty_k: 0.04046654211107321, scale_lr: 0.38866689221627221, EAO: 0.249
Trial 278 finished with value: 0.2486809867668927 and parameters: {'window_influence': 0.2667695172112823, 'penalty_k': 0.040466542111073214, 'scale_lr': 0.3886668922162722}. Best is trial 111 with value: 0.27549627247622344.
checkpoint_e16 window_influence: 0.45456636649919385, penalty_k: 0.01196874722417753, scale_lr: 0.50122056108991564, EAO: 0.274
Trial 258 finished with value: 0.2736477921527576 and parameters: {'window_influence': 0.45456636649919385, 'penalty_k': 0.011968747224177526, 'scale_lr': 0.5012205610899156}. Best is trial 244 with value: 0.2802958501184859.
checkpoint_e16 window_influence: 0.44212403161854968, penalty_k: 0.22373020084617168, scale_lr: 0.32184225106028985, EAO: 0.253
Trial 283 finished with value: 0.25338462685666435 and parameters: {'window_influence': 0.4421240316185497, 'penalty_k': 0.22373020084617168, 'scale_lr': 0.32184225106028985}. Best is trial 90 with value: 0.28226814400858996.
checkpoint_e16 window_influence: 0.42246853511829302, penalty_k: 0.08233223276594563, scale_lr: 0.43110460673011020, EAO: 0.260
Trial 279 finished with value: 0.26010342342097587 and parameters: {'window_influence': 0.422468535118293, 'penalty_k': 0.08233223276594563, 'scale_lr': 0.4311046067301102}. Best is trial 111 with value: 0.27549627247622344.
checkpoint_e16 window_influence: 0.38767165315921498, penalty_k: 0.07791305226983751, scale_lr: 0.34370754825271976, EAO: 0.268
Trial 284 finished with value: 0.2678577796351619 and parameters: {'window_influence': 0.387671653159215, 'penalty_k': 0.07791305226983751, 'scale_lr': 0.34370754825271976}. Best is trial 90 with value: 0.28226814400858996.
checkpoint_e16 window_influence: 0.49664076106979071, penalty_k: 0.00931827413475764, scale_lr: 0.50734202271507334, EAO: 0.259
Trial 259 finished with value: 0.2586622465916765 and parameters: {'window_influence': 0.4966407610697907, 'penalty_k': 0.00931827413475764, 'scale_lr': 0.5073420227150733}. Best is trial 244 with value: 0.2802958501184859.
checkpoint_e16 window_influence: 0.37489533089194954, penalty_k: 0.01129724837519286, scale_lr: 0.41720492775860057, EAO: 0.252
Trial 280 finished with value: 0.2518213294385894 and parameters: {'window_influence': 0.37489533089194954, 'penalty_k': 0.011297248375192859, 'scale_lr': 0.4172049277586006}. Best is trial 111 with value: 0.27549627247622344.
checkpoint_e16 window_influence: 0.33382864835204906, penalty_k: 0.20467172859099617, scale_lr: 0.37930805323307037, EAO: 0.254
Trial 285 finished with value: 0.2535441590518486 and parameters: {'window_influence': 0.33382864835204906, 'penalty_k': 0.20467172859099617, 'scale_lr': 0.3793080532330704}. Best is trial 90 with value: 0.28226814400858996.
checkpoint_e16 window_influence: 0.42764710235470399, penalty_k: 0.00003810895980497, scale_lr: 0.52684429117867893, EAO: 0.259
Trial 260 finished with value: 0.2586033062600508 and parameters: {'window_influence': 0.427647102354704, 'penalty_k': 3.8108959804973586e-05, 'scale_lr': 0.5268442911786789}. Best is trial 244 with value: 0.2802958501184859.
checkpoint_e16 window_influence: 0.54739890438630390, penalty_k: 0.05854513332571052, scale_lr: 0.35343718667792523, EAO: 0.235
Trial 281 finished with value: 0.23471930423160878 and parameters: {'window_influence': 0.5473989043863039, 'penalty_k': 0.05854513332571052, 'scale_lr': 0.35343718667792523}. Best is trial 111 with value: 0.27549627247622344.
checkpoint_e16 window_influence: 0.42435123714454032, penalty_k: 0.04754732725811942, scale_lr: 0.36741704121573138, EAO: 0.271
Trial 286 finished with value: 0.2714794958994641 and parameters: {'window_influence': 0.4243512371445403, 'penalty_k': 0.04754732725811942, 'scale_lr': 0.3674170412157314}. Best is trial 90 with value: 0.28226814400858996.
checkpoint_e16 window_influence: 0.39550963210592732, penalty_k: 0.02261144014984753, scale_lr: 0.45575420797251304, EAO: 0.265
Trial 282 finished with value: 0.264852139462785 and parameters: {'window_influence': 0.3955096321059273, 'penalty_k': 0.022611440149847534, 'scale_lr': 0.45575420797251304}. Best is trial 111 with value: 0.27549627247622344.
checkpoint_e16 window_influence: 0.45702471318769233, penalty_k: 0.02003074831007408, scale_lr: 0.43475262645661139, EAO: 0.278
Trial 261 finished with value: 0.2776623535447004 and parameters: {'window_influence': 0.45702471318769233, 'penalty_k': 0.020030748310074082, 'scale_lr': 0.4347526264566114}. Best is trial 244 with value: 0.2802958501184859.
checkpoint_e16 window_influence: 0.40066438158772871, penalty_k: 0.06305851583871576, scale_lr: 0.30289731047959423, EAO: 0.275
Trial 287 finished with value: 0.27453486409371464 and parameters: {'window_influence': 0.4006643815877287, 'penalty_k': 0.06305851583871576, 'scale_lr': 0.30289731047959423}. Best is trial 90 with value: 0.28226814400858996.
checkpoint_e16 window_influence: 0.39370925035654436, penalty_k: 0.01891383053139168, scale_lr: 0.46186872351640679, EAO: 0.264
Trial 283 finished with value: 0.2644520429818611 and parameters: {'window_influence': 0.39370925035654436, 'penalty_k': 0.018913830531391677, 'scale_lr': 0.4618687235164068}. Best is trial 111 with value: 0.27549627247622344.
checkpoint_e16 window_influence: 0.47585348361534696, penalty_k: 0.02758512444042736, scale_lr: 0.44609832156272333, EAO: 0.247
Trial 262 finished with value: 0.24674246859986607 and parameters: {'window_influence': 0.47585348361534696, 'penalty_k': 0.02758512444042736, 'scale_lr': 0.44609832156272333}. Best is trial 244 with value: 0.2802958501184859.
checkpoint_e16 window_influence: 0.41444914594979387, penalty_k: 0.03260920099208440, scale_lr: 0.28778810539644428, EAO: 0.271
Trial 288 finished with value: 0.2708619472578289 and parameters: {'window_influence': 0.4144491459497939, 'penalty_k': 0.0326092009920844, 'scale_lr': 0.2877881053964443}. Best is trial 90 with value: 0.28226814400858996.
checkpoint_e16 window_influence: 0.38270026983511957, penalty_k: 0.04702666304920453, scale_lr: 0.45107575525994276, EAO: 0.257
Trial 284 finished with value: 0.2567624117179615 and parameters: {'window_influence': 0.38270026983511957, 'penalty_k': 0.047026663049204526, 'scale_lr': 0.45107575525994276}. Best is trial 111 with value: 0.27549627247622344.
checkpoint_e16 window_influence: 0.45872603850217919, penalty_k: 0.02017847292954519, scale_lr: 0.39680195773915483, EAO: 0.255
Trial 263 finished with value: 0.25511050799755547 and parameters: {'window_influence': 0.4587260385021792, 'penalty_k': 0.020178472929545194, 'scale_lr': 0.39680195773915483}. Best is trial 244 with value: 0.2802958501184859.
checkpoint_e16 window_influence: 0.40285718498727352, penalty_k: 0.05787033667110182, scale_lr: 0.29956426545366172, EAO: 0.275
Trial 289 finished with value: 0.27527529946187645 and parameters: {'window_influence': 0.4028571849872735, 'penalty_k': 0.05787033667110182, 'scale_lr': 0.2995642654536617}. Best is trial 90 with value: 0.28226814400858996.
checkpoint_e16 window_influence: 0.34547076360887652, penalty_k: 0.03755564164062092, scale_lr: 0.47535963228198469, EAO: 0.255
Trial 285 finished with value: 0.2551245977117763 and parameters: {'window_influence': 0.3454707636088765, 'penalty_k': 0.03755564164062092, 'scale_lr': 0.4753596322819847}. Best is trial 111 with value: 0.27549627247622344.
checkpoint_e16 window_influence: 0.35752138986545462, penalty_k: 0.12159597383330741, scale_lr: 0.43431394534067308, EAO: 0.256
Trial 264 finished with value: 0.25596606779873854 and parameters: {'window_influence': 0.3575213898654546, 'penalty_k': 0.1215959738333074, 'scale_lr': 0.4343139453406731}. Best is trial 244 with value: 0.2802958501184859.
checkpoint_e16 window_influence: 0.40231754601596448, penalty_k: 0.05550914087605305, scale_lr: 0.30771496312375696, EAO: 0.272
Trial 290 finished with value: 0.27179127368258266 and parameters: {'window_influence': 0.4023175460159645, 'penalty_k': 0.055509140876053055, 'scale_lr': 0.30771496312375696}. Best is trial 90 with value: 0.28226814400858996.
checkpoint_e16 window_influence: 0.37030497511315735, penalty_k: 0.09760086301309648, scale_lr: 0.51861557953415838, EAO: 0.248
Trial 286 finished with value: 0.24819525064733938 and parameters: {'window_influence': 0.37030497511315735, 'penalty_k': 0.09760086301309648, 'scale_lr': 0.5186155795341584}. Best is trial 111 with value: 0.27549627247622344.
checkpoint_e16 window_influence: 0.40715004656525144, penalty_k: 0.35071345587876707, scale_lr: 0.46508252875146111, EAO: 0.257
Trial 265 finished with value: 0.2569758926586407 and parameters: {'window_influence': 0.40715004656525144, 'penalty_k': 0.35071345587876707, 'scale_lr': 0.4650825287514611}. Best is trial 244 with value: 0.2802958501184859.
checkpoint_e16 window_influence: 0.39269897757147187, penalty_k: 0.13519602925054863, scale_lr: 0.30325562871736794, EAO: 0.256
Trial 291 finished with value: 0.25648416057834783 and parameters: {'window_influence': 0.3926989775714719, 'penalty_k': 0.13519602925054863, 'scale_lr': 0.30325562871736794}. Best is trial 90 with value: 0.28226814400858996.
checkpoint_e16 window_influence: 0.39703904528139655, penalty_k: 0.06834859925819262, scale_lr: 0.30921629318315336, EAO: 0.248
Trial 287 finished with value: 0.24843168658454243 and parameters: {'window_influence': 0.39703904528139655, 'penalty_k': 0.06834859925819262, 'scale_lr': 0.30921629318315336}. Best is trial 111 with value: 0.27549627247622344.
checkpoint_e16 window_influence: 0.45179753347958895, penalty_k: 0.21448151987469530, scale_lr: 0.42542130399488193, EAO: 0.254
Trial 266 finished with value: 0.25423985156344203 and parameters: {'window_influence': 0.45179753347958895, 'penalty_k': 0.2144815198746953, 'scale_lr': 0.4254213039948819}. Best is trial 244 with value: 0.2802958501184859.
checkpoint_e16 window_influence: 0.35733275351055593, penalty_k: 0.06334872114212650, scale_lr: 0.31694819216539372, EAO: 0.263
Trial 292 finished with value: 0.26255683709935446 and parameters: {'window_influence': 0.35733275351055593, 'penalty_k': 0.0633487211421265, 'scale_lr': 0.3169481921653937}. Best is trial 90 with value: 0.28226814400858996.
checkpoint_e16 window_influence: 0.43506492710671646, penalty_k: 0.33061065416449453, scale_lr: 0.44628933890291661, EAO: 0.249
Trial 288 finished with value: 0.24935995623832796 and parameters: {'window_influence': 0.43506492710671646, 'penalty_k': 0.33061065416449453, 'scale_lr': 0.4462893389029166}. Best is trial 111 with value: 0.27549627247622344.
checkpoint_e16 window_influence: 0.40499834063529500, penalty_k: 0.16944980295239931, scale_lr: 0.29771946180366998, EAO: 0.260
Trial 293 finished with value: 0.2600517788432478 and parameters: {'window_influence': 0.404998340635295, 'penalty_k': 0.1694498029523993, 'scale_lr': 0.29771946180367}. Best is trial 90 with value: 0.28226814400858996.
checkpoint_e16 window_influence: 0.43657153535004534, penalty_k: 0.02951099882607019, scale_lr: 0.49475892155018297, EAO: 0.258
Trial 267 finished with value: 0.257797356604076 and parameters: {'window_influence': 0.43657153535004534, 'penalty_k': 0.029510998826070195, 'scale_lr': 0.494758921550183}. Best is trial 244 with value: 0.2802958501184859.
checkpoint_e16 window_influence: 0.35629337089497126, penalty_k: 0.01047697101082435, scale_lr: 0.67254085210858428, EAO: 0.250
Trial 289 finished with value: 0.25015099346637726 and parameters: {'window_influence': 0.35629337089497126, 'penalty_k': 0.01047697101082435, 'scale_lr': 0.6725408521085843}. Best is trial 111 with value: 0.27549627247622344.
checkpoint_e16 window_influence: 0.37304035679556008, penalty_k: 0.11355240223312382, scale_lr: 0.33027234792951937, EAO: 0.259
Trial 294 finished with value: 0.2593124484022458 and parameters: {'window_influence': 0.3730403567955601, 'penalty_k': 0.11355240223312382, 'scale_lr': 0.33027234792951937}. Best is trial 90 with value: 0.28226814400858996.
checkpoint_e16 window_influence: 0.37899732206026260, penalty_k: 0.02453906216175330, scale_lr: 0.48758255817336982, EAO: 0.262
Trial 290 finished with value: 0.262218932007871 and parameters: {'window_influence': 0.3789973220602626, 'penalty_k': 0.0245390621617533, 'scale_lr': 0.4875825581733698}. Best is trial 111 with value: 0.27549627247622344.
checkpoint_e16 window_influence: 0.46876151840568847, penalty_k: 0.24610630902249536, scale_lr: 0.45461967118246055, EAO: 0.260
Trial 268 finished with value: 0.2602312521236699 and parameters: {'window_influence': 0.46876151840568847, 'penalty_k': 0.24610630902249536, 'scale_lr': 0.45461967118246055}. Best is trial 244 with value: 0.2802958501184859.
checkpoint_e16 window_influence: 0.49172218740677276, penalty_k: 0.40434012611456505, scale_lr: 0.27967251978296581, EAO: 0.247
Trial 295 finished with value: 0.24664328253366113 and parameters: {'window_influence': 0.49172218740677276, 'penalty_k': 0.40434012611456505, 'scale_lr': 0.2796725197829658}. Best is trial 90 with value: 0.28226814400858996.
checkpoint_e16 window_influence: 0.38893220607829715, penalty_k: 0.05347468520727369, scale_lr: 0.32622757927107365, EAO: 0.258
Trial 291 finished with value: 0.25775549336662135 and parameters: {'window_influence': 0.38893220607829715, 'penalty_k': 0.053474685207273685, 'scale_lr': 0.32622757927107365}. Best is trial 111 with value: 0.27549627247622344.
checkpoint_e16 window_influence: 0.34190134294425500, penalty_k: 0.01709203869823975, scale_lr: 0.54129519963613903, EAO: 0.250
Trial 269 finished with value: 0.25015205453808714 and parameters: {'window_influence': 0.341901342944255, 'penalty_k': 0.017092038698239755, 'scale_lr': 0.541295199636139}. Best is trial 244 with value: 0.2802958501184859.
checkpoint_e16 window_influence: 0.38999583774530883, penalty_k: 0.08171677941093623, scale_lr: 0.29645012444579388, EAO: 0.271
Trial 296 finished with value: 0.27079265691885135 and parameters: {'window_influence': 0.3899958377453088, 'penalty_k': 0.08171677941093623, 'scale_lr': 0.2964501244457939}. Best is trial 90 with value: 0.28226814400858996.
checkpoint_e16 window_influence: 0.47571701879605277, penalty_k: 0.11955286708269114, scale_lr: 0.41249651496050532, EAO: 0.250
Trial 292 finished with value: 0.2497414220881656 and parameters: {'window_influence': 0.47571701879605277, 'penalty_k': 0.11955286708269114, 'scale_lr': 0.4124965149605053}. Best is trial 111 with value: 0.27549627247622344.
checkpoint_e16 window_influence: 0.41837040372614998, penalty_k: 0.03967902067358577, scale_lr: 0.47551096287013372, EAO: 0.265
Trial 270 finished with value: 0.2651208483470165 and parameters: {'window_influence': 0.41837040372615, 'penalty_k': 0.039679020673585766, 'scale_lr': 0.4755109628701337}. Best is trial 244 with value: 0.2802958501184859.
checkpoint_e16 window_influence: 0.31854922210640035, penalty_k: 0.05003278610010644, scale_lr: 0.31853127616560434, EAO: 0.259
Trial 297 finished with value: 0.2589989342098314 and parameters: {'window_influence': 0.31854922210640035, 'penalty_k': 0.05003278610010644, 'scale_lr': 0.31853127616560434}. Best is trial 90 with value: 0.28226814400858996.
checkpoint_e16 window_influence: 0.40378565743767980, penalty_k: 0.03818364072424284, scale_lr: 0.42650938391924553, EAO: 0.260
Trial 293 finished with value: 0.25954274845317127 and parameters: {'window_influence': 0.4037856574376798, 'penalty_k': 0.03818364072424284, 'scale_lr': 0.42650938391924553}. Best is trial 111 with value: 0.27549627247622344.
checkpoint_e16 window_influence: 0.48302109636032009, penalty_k: 0.13817646302219444, scale_lr: 0.43753162291227027, EAO: 0.249
Trial 271 finished with value: 0.24923884559695314 and parameters: {'window_influence': 0.4830210963603201, 'penalty_k': 0.13817646302219444, 'scale_lr': 0.43753162291227027}. Best is trial 244 with value: 0.2802958501184859.
checkpoint_e16 window_influence: 0.52033760072099089, penalty_k: 0.06794173064958102, scale_lr: 0.33695680051679838, EAO: 0.253
Trial 298 finished with value: 0.2531927142564843 and parameters: {'window_influence': 0.5203376007209909, 'penalty_k': 0.06794173064958102, 'scale_lr': 0.3369568005167984}. Best is trial 90 with value: 0.28226814400858996.
checkpoint_e16 window_influence: 0.36779177109539679, penalty_k: 0.22974416691489935, scale_lr: 0.58052558729867065, EAO: 0.244
Trial 294 finished with value: 0.2437778618641016 and parameters: {'window_influence': 0.3677917710953968, 'penalty_k': 0.22974416691489935, 'scale_lr': 0.5805255872986707}. Best is trial 111 with value: 0.27549627247622344.
checkpoint_e16 window_influence: 0.45593404698472423, penalty_k: 0.03616187271382412, scale_lr: 0.49968538906654753, EAO: 0.258
Trial 272 finished with value: 0.2580490094738278 and parameters: {'window_influence': 0.45593404698472423, 'penalty_k': 0.036161872713824116, 'scale_lr': 0.4996853890665475}. Best is trial 244 with value: 0.2802958501184859.
checkpoint_e16 window_influence: 0.34597730319290348, penalty_k: 0.15871265166857906, scale_lr: 0.35235572230109891, EAO: 0.257
