Trial 124 finished with value: 0.26189423382766847 and parameters: {'window_influence': 0.3499297624641506, 'penalty_k': 0.1645565974970347, 'scale_lr': 0.14772862843984463}. Best is trial 104 with value: 0.27492820641131904.
checkpoint_e22 window_influence: 0.36460312152814284, penalty_k: 0.22716875684592064, scale_lr: 0.17636669675318870, EAO: 0.257
Trial 125 finished with value: 0.257069883428938 and parameters: {'window_influence': 0.36460312152814284, 'penalty_k': 0.22716875684592064, 'scale_lr': 0.1763666967531887}. Best is trial 104 with value: 0.27492820641131904.
checkpoint_e22 window_influence: 0.38289759957759167, penalty_k: 0.20051444220147810, scale_lr: 0.18378470443952824, EAO: 0.248
Trial 126 finished with value: 0.24774154305942658 and parameters: {'window_influence': 0.3828975995775917, 'penalty_k': 0.2005144422014781, 'scale_lr': 0.18378470443952824}. Best is trial 104 with value: 0.27492820641131904.
checkpoint_e22 window_influence: 0.39945454123734331, penalty_k: 0.12549653258140933, scale_lr: 0.13963537306951518, EAO: 0.254
Trial 127 finished with value: 0.25446594433813563 and parameters: {'window_influence': 0.3994545412373433, 'penalty_k': 0.12549653258140933, 'scale_lr': 0.13963537306951518}. Best is trial 104 with value: 0.27492820641131904.
checkpoint_e22 window_influence: 0.33681935534813573, penalty_k: 0.18412369166319884, scale_lr: 0.11361601798999904, EAO: 0.248
Trial 128 finished with value: 0.2476211067258827 and parameters: {'window_influence': 0.33681935534813573, 'penalty_k': 0.18412369166319884, 'scale_lr': 0.11361601798999904}. Best is trial 104 with value: 0.27492820641131904.
checkpoint_e22 window_influence: 0.37377402383945524, penalty_k: 0.24116559945604554, scale_lr: 0.16456037936805426, EAO: 0.246
Trial 129 finished with value: 0.2461821820920076 and parameters: {'window_influence': 0.37377402383945524, 'penalty_k': 0.24116559945604554, 'scale_lr': 0.16456037936805426}. Best is trial 104 with value: 0.27492820641131904.
checkpoint_e22 window_influence: 0.30329062859399325, penalty_k: 0.15504924191614453, scale_lr: 0.21502637517593473, EAO: 0.247
Trial 130 finished with value: 0.2471648686058153 and parameters: {'window_influence': 0.30329062859399325, 'penalty_k': 0.15504924191614453, 'scale_lr': 0.21502637517593473}. Best is trial 104 with value: 0.27492820641131904.
checkpoint_e22 window_influence: 0.41757606878108489, penalty_k: 0.20743336763297995, scale_lr: 0.12392188175978314, EAO: 0.259
Trial 131 finished with value: 0.2592207625266013 and parameters: {'window_influence': 0.4175760687810849, 'penalty_k': 0.20743336763297995, 'scale_lr': 0.12392188175978314}. Best is trial 104 with value: 0.27492820641131904.
checkpoint_e22 window_influence: 0.39310910228231594, penalty_k: 0.22841299867581349, scale_lr: 0.14102024609252395, EAO: 0.267
Trial 132 finished with value: 0.2669160381201806 and parameters: {'window_influence': 0.39310910228231594, 'penalty_k': 0.2284129986758135, 'scale_lr': 0.14102024609252395}. Best is trial 104 with value: 0.27492820641131904.
checkpoint_e22 window_influence: 0.39341562704401972, penalty_k: 0.19296950335186008, scale_lr: 0.14299858479670799, EAO: 0.255
Trial 133 finished with value: 0.2554308056710212 and parameters: {'window_influence': 0.3934156270440197, 'penalty_k': 0.19296950335186008, 'scale_lr': 0.142998584796708}. Best is trial 104 with value: 0.27492820641131904.
checkpoint_e22 window_influence: 0.35160168318994439, penalty_k: 0.21919751759157005, scale_lr: 0.16079077263540964, EAO: 0.259
Trial 134 finished with value: 0.2591686694602656 and parameters: {'window_influence': 0.3516016831899444, 'penalty_k': 0.21919751759157005, 'scale_lr': 0.16079077263540964}. Best is trial 104 with value: 0.27492820641131904.
checkpoint_e22 window_influence: 0.37175043337014285, penalty_k: 0.17361848157850276, scale_lr: 0.13063201240026162, EAO: 0.259
Trial 135 finished with value: 0.25867180114354543 and parameters: {'window_influence': 0.37175043337014285, 'penalty_k': 0.17361848157850276, 'scale_lr': 0.13063201240026162}. Best is trial 104 with value: 0.27492820641131904.
checkpoint_e22 window_influence: 0.40560913979015673, penalty_k: 0.23016014932866063, scale_lr: 0.19396864777079947, EAO: 0.252
Trial 136 finished with value: 0.2520385399703088 and parameters: {'window_influence': 0.4056091397901567, 'penalty_k': 0.23016014932866063, 'scale_lr': 0.19396864777079947}. Best is trial 104 with value: 0.27492820641131904.
checkpoint_e22 window_influence: 0.38864981394285936, penalty_k: 0.17892307312578543, scale_lr: 0.11013988392738140, EAO: 0.245
Trial 137 finished with value: 0.24533723391653076 and parameters: {'window_influence': 0.38864981394285936, 'penalty_k': 0.17892307312578543, 'scale_lr': 0.1101398839273814}. Best is trial 104 with value: 0.27492820641131904.
checkpoint_e22 window_influence: 0.33972868761684244, penalty_k: 0.24349115034233726, scale_lr: 0.14629356447251787, EAO: 0.259
Trial 138 finished with value: 0.25931888188773056 and parameters: {'window_influence': 0.33972868761684244, 'penalty_k': 0.24349115034233726, 'scale_lr': 0.14629356447251787}. Best is trial 104 with value: 0.27492820641131904.
checkpoint_e22 window_influence: 0.42961728695533768, penalty_k: 0.20439503667951237, scale_lr: 0.17449815477586686, EAO: 0.262
Trial 139 finished with value: 0.2615259157084837 and parameters: {'window_influence': 0.4296172869553377, 'penalty_k': 0.20439503667951237, 'scale_lr': 0.17449815477586686}. Best is trial 104 with value: 0.27492820641131904.
checkpoint_e22 window_influence: 0.36362733643990436, penalty_k: 0.23376981719565851, scale_lr: 0.29119875335057777, EAO: 0.253
Trial 140 finished with value: 0.2532415423935991 and parameters: {'window_influence': 0.36362733643990436, 'penalty_k': 0.2337698171956585, 'scale_lr': 0.29119875335057777}. Best is trial 104 with value: 0.27492820641131904.
checkpoint_e22 window_influence: 0.40669796534970376, penalty_k: 0.21408490035253386, scale_lr: 0.11940303521074022, EAO: 0.265
Trial 141 finished with value: 0.2647839698001621 and parameters: {'window_influence': 0.40669796534970376, 'penalty_k': 0.21408490035253386, 'scale_lr': 0.11940303521074022}. Best is trial 104 with value: 0.27492820641131904.
checkpoint_e22 window_influence: 0.38019429016835210, penalty_k: 0.21655126621863063, scale_lr: 0.12819921225239556, EAO: 0.261
Trial 142 finished with value: 0.2609127076054976 and parameters: {'window_influence': 0.3801942901683521, 'penalty_k': 0.21655126621863063, 'scale_lr': 0.12819921225239556}. Best is trial 104 with value: 0.27492820641131904.
checkpoint_e22 window_influence: 0.39681054144620453, penalty_k: 0.19632789508948514, scale_lr: 0.15701679012654526, EAO: 0.250
Trial 143 finished with value: 0.2498549246569959 and parameters: {'window_influence': 0.39681054144620453, 'penalty_k': 0.19632789508948514, 'scale_lr': 0.15701679012654526}. Best is trial 104 with value: 0.27492820641131904.
checkpoint_e22 window_influence: 0.43707043073205248, penalty_k: 0.16638057928004488, scale_lr: 0.14602923012845379, EAO: 0.256
Trial 144 finished with value: 0.25587237765633963 and parameters: {'window_influence': 0.4370704307320525, 'penalty_k': 0.16638057928004488, 'scale_lr': 0.14602923012845379}. Best is trial 104 with value: 0.27492820641131904.
checkpoint_e22 window_influence: 0.41399716526887764, penalty_k: 0.18458348743663147, scale_lr: 0.11526412848111967, EAO: 0.246
Trial 145 finished with value: 0.24552755687779526 and parameters: {'window_influence': 0.41399716526887764, 'penalty_k': 0.18458348743663147, 'scale_lr': 0.11526412848111967}. Best is trial 104 with value: 0.27492820641131904.
checkpoint_e22 window_influence: 0.35390941559889949, penalty_k: 0.22697428644192857, scale_lr: 0.18694878299869899, EAO: 0.255
Trial 146 finished with value: 0.2546589904563214 and parameters: {'window_influence': 0.3539094155988995, 'penalty_k': 0.22697428644192857, 'scale_lr': 0.186948782998699}. Best is trial 104 with value: 0.27492820641131904.
checkpoint_e22 window_influence: 0.37025661018270506, penalty_k: 0.21111112353589873, scale_lr: 0.10040064671505272, EAO: 0.270
Trial 147 finished with value: 0.27010119349006717 and parameters: {'window_influence': 0.37025661018270506, 'penalty_k': 0.21111112353589873, 'scale_lr': 0.10040064671505272}. Best is trial 104 with value: 0.27492820641131904.
checkpoint_e22 window_influence: 0.36969742538540945, penalty_k: 0.24957775480821512, scale_lr: 0.10151177244323792, EAO: 0.255
Trial 148 finished with value: 0.2549241571043565 and parameters: {'window_influence': 0.36969742538540945, 'penalty_k': 0.24957775480821512, 'scale_lr': 0.10151177244323792}. Best is trial 104 with value: 0.27492820641131904.
checkpoint_e22 window_influence: 0.33011783110481024, penalty_k: 0.14406782755425901, scale_lr: 0.13087362708323322, EAO: 0.249
Trial 149 finished with value: 0.24936093662570163 and parameters: {'window_influence': 0.33011783110481024, 'penalty_k': 0.144067827554259, 'scale_lr': 0.13087362708323322}. Best is trial 104 with value: 0.27492820641131904.
checkpoint_e22 window_influence: 0.38393654680539557, penalty_k: 0.19535786686764817, scale_lr: 0.11659197603982713, EAO: 0.253
Trial 150 finished with value: 0.2531857543844518 and parameters: {'window_influence': 0.3839365468053956, 'penalty_k': 0.19535786686764817, 'scale_lr': 0.11659197603982713}. Best is trial 104 with value: 0.27492820641131904.
checkpoint_e22 window_influence: 0.36559502025990981, penalty_k: 0.21314277469039197, scale_lr: 0.41056168348894267, EAO: 0.268
Trial 151 finished with value: 0.2680776700740907 and parameters: {'window_influence': 0.3655950202599098, 'penalty_k': 0.21314277469039197, 'scale_lr': 0.4105616834889427}. Best is trial 104 with value: 0.27492820641131904.
checkpoint_e22 window_influence: 0.34600390432015571, penalty_k: 0.21588561214685262, scale_lr: 0.44299565575422623, EAO: 0.246
Trial 152 finished with value: 0.24619332682795642 and parameters: {'window_influence': 0.3460039043201557, 'penalty_k': 0.21588561214685262, 'scale_lr': 0.4429956557542262}. Best is trial 104 with value: 0.27492820641131904.
checkpoint_e22 window_influence: 0.36362467032489870, penalty_k: 0.17894635763320432, scale_lr: 0.39700831061023323, EAO: 0.257
Trial 153 finished with value: 0.2565288977409766 and parameters: {'window_influence': 0.3636246703248987, 'penalty_k': 0.17894635763320432, 'scale_lr': 0.39700831061023323}. Best is trial 104 with value: 0.27492820641131904.
checkpoint_e22 window_influence: 0.37433499653637242, penalty_k: 0.20372311372678190, scale_lr: 0.61118575827113997, EAO: 0.252
Trial 154 finished with value: 0.2516089705674629 and parameters: {'window_influence': 0.3743349965363724, 'penalty_k': 0.2037231137267819, 'scale_lr': 0.61118575827114}. Best is trial 104 with value: 0.27492820641131904.
checkpoint_e22 window_influence: 0.35414576542254500, penalty_k: 0.23535850216057150, scale_lr: 0.54089807921256694, EAO: 0.259
Trial 155 finished with value: 0.25899938578770415 and parameters: {'window_influence': 0.354145765422545, 'penalty_k': 0.2353585021605715, 'scale_lr': 0.5408980792125669}. Best is trial 104 with value: 0.27492820641131904.
checkpoint_e22 window_influence: 0.38104305487858126, penalty_k: 0.16617578210151776, scale_lr: 0.31230252120259383, EAO: 0.246
Trial 156 finished with value: 0.24621276720994856 and parameters: {'window_influence': 0.38104305487858126, 'penalty_k': 0.16617578210151776, 'scale_lr': 0.31230252120259383}. Best is trial 104 with value: 0.27492820641131904.
checkpoint_e22 window_influence: 0.39122968963628690, penalty_k: 0.26203110861326190, scale_lr: 0.26109655216917854, EAO: 0.247
Trial 157 finished with value: 0.24701767632874047 and parameters: {'window_influence': 0.3912296896362869, 'penalty_k': 0.2620311086132619, 'scale_lr': 0.26109655216917854}. Best is trial 104 with value: 0.27492820641131904.
checkpoint_e22 window_influence: 0.32163104600448678, penalty_k: 0.21748776657089952, scale_lr: 0.13793315762373762, EAO: 0.261
Trial 158 finished with value: 0.26138788170930816 and parameters: {'window_influence': 0.3216310460044868, 'penalty_k': 0.21748776657089952, 'scale_lr': 0.13793315762373762}. Best is trial 104 with value: 0.27492820641131904.
checkpoint_e22 window_influence: 0.33934422226437877, penalty_k: 0.19061965714528467, scale_lr: 0.16760326651232757, EAO: 0.255
Trial 159 finished with value: 0.2547843713707071 and parameters: {'window_influence': 0.33934422226437877, 'penalty_k': 0.19061965714528467, 'scale_lr': 0.16760326651232757}. Best is trial 104 with value: 0.27492820641131904.
checkpoint_e22 window_influence: 0.36589113460320705, penalty_k: 0.22890010360411100, scale_lr: 0.11064443070691096, EAO: 0.262
Trial 160 finished with value: 0.26196794175520177 and parameters: {'window_influence': 0.36589113460320705, 'penalty_k': 0.228900103604111, 'scale_lr': 0.11064443070691096}. Best is trial 104 with value: 0.27492820641131904.
checkpoint_e22 window_influence: 0.40340073810857502, penalty_k: 0.21227246311853137, scale_lr: 0.15732032393371076, EAO: 0.258
Trial 161 finished with value: 0.25799523923939804 and parameters: {'window_influence': 0.403400738108575, 'penalty_k': 0.21227246311853137, 'scale_lr': 0.15732032393371076}. Best is trial 104 with value: 0.27492820641131904.
checkpoint_e22 window_influence: 0.40603051686506592, penalty_k: 0.20342252720653084, scale_lr: 0.14013887416306306, EAO: 0.269
Trial 162 finished with value: 0.269136877139894 and parameters: {'window_influence': 0.4060305168650659, 'penalty_k': 0.20342252720653084, 'scale_lr': 0.14013887416306306}. Best is trial 104 with value: 0.27492820641131904.
checkpoint_e22 window_influence: 0.38891394250540245, penalty_k: 0.20004845209012820, scale_lr: 0.12855901873487321, EAO: 0.245
Trial 163 finished with value: 0.24487084537986817 and parameters: {'window_influence': 0.38891394250540245, 'penalty_k': 0.2000484520901282, 'scale_lr': 0.12855901873487321}. Best is trial 104 with value: 0.27492820641131904.
checkpoint_e22 window_influence: 0.37325941796276946, penalty_k: 0.18004307468161149, scale_lr: 0.10032458900843419, EAO: 0.253
Trial 164 finished with value: 0.2534073600318374 and parameters: {'window_influence': 0.37325941796276946, 'penalty_k': 0.1800430746816115, 'scale_lr': 0.10032458900843419}. Best is trial 104 with value: 0.27492820641131904.
checkpoint_e22 window_influence: 0.42116546821851403, penalty_k: 0.18724124273238543, scale_lr: 0.13779562566523967, EAO: 0.258
Trial 165 finished with value: 0.2581260484166262 and parameters: {'window_influence': 0.421165468218514, 'penalty_k': 0.18724124273238543, 'scale_lr': 0.13779562566523967}. Best is trial 104 with value: 0.27492820641131904.
checkpoint_e22 window_influence: 0.35694153460806111, penalty_k: 0.20603055913084484, scale_lr: 0.17549474428151871, EAO: 0.251
Trial 166 finished with value: 0.25055428400514573 and parameters: {'window_influence': 0.3569415346080611, 'penalty_k': 0.20603055913084484, 'scale_lr': 0.1754947442815187}. Best is trial 104 with value: 0.27492820641131904.
checkpoint_e22 window_influence: 0.39861361273721746, penalty_k: 0.16047251459510981, scale_lr: 0.12113542946902149, EAO: 0.251
Trial 167 finished with value: 0.25067356325746554 and parameters: {'window_influence': 0.39861361273721746, 'penalty_k': 0.1604725145951098, 'scale_lr': 0.12113542946902149}. Best is trial 104 with value: 0.27492820641131904.
checkpoint_e22 window_influence: 0.41052278049677648, penalty_k: 0.24654777770449085, scale_lr: 0.24944377741471513, EAO: 0.245
Trial 168 finished with value: 0.24498129714795244 and parameters: {'window_influence': 0.4105227804967765, 'penalty_k': 0.24654777770449085, 'scale_lr': 0.24944377741471513}. Best is trial 104 with value: 0.27492820641131904.
checkpoint_e22 window_influence: 0.37990528680154623, penalty_k: 0.22292298725068926, scale_lr: 0.15736099442790979, EAO: 0.259
Trial 169 finished with value: 0.25925052323477055 and parameters: {'window_influence': 0.3799052868015462, 'penalty_k': 0.22292298725068926, 'scale_lr': 0.1573609944279098}. Best is trial 104 with value: 0.27492820641131904.
checkpoint_e22 window_influence: 0.34706950693376071, penalty_k: 0.15337249867205069, scale_lr: 0.13720555412319613, EAO: 0.251
Trial 170 finished with value: 0.2514991560966019 and parameters: {'window_influence': 0.3470695069337607, 'penalty_k': 0.1533724986720507, 'scale_lr': 0.13720555412319613}. Best is trial 104 with value: 0.27492820641131904.
checkpoint_e22 window_influence: 0.39458136777229652, penalty_k: 0.20320400085300416, scale_lr: 0.15408961965758147, EAO: 0.262
Trial 171 finished with value: 0.2615033137967916 and parameters: {'window_influence': 0.3945813677722965, 'penalty_k': 0.20320400085300416, 'scale_lr': 0.15408961965758147}. Best is trial 104 with value: 0.27492820641131904.
checkpoint_e22 window_influence: 0.40591102839112653, penalty_k: 0.21439232294226454, scale_lr: 0.14764920415813323, EAO: 0.255
Trial 172 finished with value: 0.25532832414638706 and parameters: {'window_influence': 0.4059110283911265, 'penalty_k': 0.21439232294226454, 'scale_lr': 0.14764920415813323}. Best is trial 104 with value: 0.27492820641131904.
checkpoint_e22 window_influence: 0.36543066651824935, penalty_k: 0.19283230457688222, scale_lr: 0.17216505223583578, EAO: 0.249
Trial 173 finished with value: 0.24866058047467132 and parameters: {'window_influence': 0.36543066651824935, 'penalty_k': 0.19283230457688222, 'scale_lr': 0.17216505223583578}. Best is trial 104 with value: 0.27492820641131904.
checkpoint_e22 window_influence: 0.38159364175145011, penalty_k: 0.18010391944979812, scale_lr: 0.18809886075015431, EAO: 0.247
Trial 174 finished with value: 0.24668114408244932 and parameters: {'window_influence': 0.3815936417514501, 'penalty_k': 0.18010391944979812, 'scale_lr': 0.1880988607501543}. Best is trial 104 with value: 0.27492820641131904.
checkpoint_e22 window_influence: 0.42394048212696928, penalty_k: 0.17119800362803628, scale_lr: 0.12253638965720265, EAO: 0.250
Trial 175 finished with value: 0.2503377091957302 and parameters: {'window_influence': 0.4239404821269693, 'penalty_k': 0.17119800362803628, 'scale_lr': 0.12253638965720265}. Best is trial 104 with value: 0.27492820641131904.
checkpoint_e22 window_influence: 0.44705347073333546, penalty_k: 0.23171392778405864, scale_lr: 0.14559883994836051, EAO: 0.254
Trial 176 finished with value: 0.25405778511752924 and parameters: {'window_influence': 0.44705347073333546, 'penalty_k': 0.23171392778405864, 'scale_lr': 0.1455988399483605}. Best is trial 104 with value: 0.27492820641131904.
checkpoint_e22 window_influence: 0.36060801513182450, penalty_k: 0.21036196246757660, scale_lr: 0.16031894503127575, EAO: 0.261
Trial 177 finished with value: 0.261406570975858 and parameters: {'window_influence': 0.3606080151318245, 'penalty_k': 0.2103619624675766, 'scale_lr': 0.16031894503127575}. Best is trial 104 with value: 0.27492820641131904.
checkpoint_e22 window_influence: 0.39439367152595023, penalty_k: 0.19480555654271015, scale_lr: 0.19860438382433743, EAO: 0.240
Trial 178 finished with value: 0.23996310008735192 and parameters: {'window_influence': 0.39439367152595023, 'penalty_k': 0.19480555654271015, 'scale_lr': 0.19860438382433743}. Best is trial 104 with value: 0.27492820641131904.
checkpoint_e22 window_influence: 0.37260887486831573, penalty_k: 0.24263835754099541, scale_lr: 0.11215292574736804, EAO: 0.254
Trial 179 finished with value: 0.2540380933541593 and parameters: {'window_influence': 0.37260887486831573, 'penalty_k': 0.24263835754099541, 'scale_lr': 0.11215292574736804}. Best is trial 104 with value: 0.27492820641131904.
checkpoint_e22 window_influence: 0.41147972420917411, penalty_k: 0.22167483081419595, scale_lr: 0.13668164642662461, EAO: 0.265
Trial 180 finished with value: 0.26549417458898655 and parameters: {'window_influence': 0.4114797242091741, 'penalty_k': 0.22167483081419595, 'scale_lr': 0.13668164642662461}. Best is trial 104 with value: 0.27492820641131904.
checkpoint_e22 window_influence: 0.40853225837250012, penalty_k: 0.22208874180424662, scale_lr: 0.13352949188294799, EAO: 0.265
Trial 181 finished with value: 0.2650661576933008 and parameters: {'window_influence': 0.4085322583725001, 'penalty_k': 0.22208874180424662, 'scale_lr': 0.133529491882948}. Best is trial 104 with value: 0.27492820641131904.
checkpoint_e22 window_influence: 0.41163522626660193, penalty_k: 0.22415355559562716, scale_lr: 0.13930109382458583, EAO: 0.268
Trial 182 finished with value: 0.2682897099028758 and parameters: {'window_influence': 0.41163522626660193, 'penalty_k': 0.22415355559562716, 'scale_lr': 0.13930109382458583}. Best is trial 104 with value: 0.27492820641131904.
checkpoint_e22 window_influence: 0.43515672181997511, penalty_k: 0.22407430098442421, scale_lr: 0.13690329350431665, EAO: 0.266
Trial 183 finished with value: 0.26612102228209256 and parameters: {'window_influence': 0.4351567218199751, 'penalty_k': 0.2240743009844242, 'scale_lr': 0.13690329350431665}. Best is trial 104 with value: 0.27492820641131904.
checkpoint_e22 window_influence: 0.43362790734612894, penalty_k: 0.25693083311768128, scale_lr: 0.16531315932644325, EAO: 0.251
Trial 184 finished with value: 0.25103187506518715 and parameters: {'window_influence': 0.43362790734612894, 'penalty_k': 0.2569308331176813, 'scale_lr': 0.16531315932644325}. Best is trial 104 with value: 0.27492820641131904.
checkpoint_e22 window_influence: 0.42224048187411961, penalty_k: 0.23421188683537961, scale_lr: 0.14278393615274060, EAO: 0.258
Trial 185 finished with value: 0.2576594999044891 and parameters: {'window_influence': 0.4222404818741196, 'penalty_k': 0.2342118868353796, 'scale_lr': 0.1427839361527406}. Best is trial 104 with value: 0.27492820641131904.
checkpoint_e22 window_influence: 0.38427909358274825, penalty_k: 0.22370256679939643, scale_lr: 0.18135786902072201, EAO: 0.251
