Trial 486 finished with value: 0.26424780966547445 and parameters: {'window_influence': 0.3222357724385197, 'penalty_k': 0.04738555860561415, 'scale_lr': 0.10086498572263355}. Best is trial 212 with value: 0.2844979555868521.
checkpoint_e32 window_influence: 0.33516802668034085, penalty_k: 0.06446946881175177, scale_lr: 0.11123783824197149, EAO: 0.272
Trial 487 finished with value: 0.27241643760504763 and parameters: {'window_influence': 0.33516802668034085, 'penalty_k': 0.06446946881175177, 'scale_lr': 0.11123783824197149}. Best is trial 212 with value: 0.2844979555868521.
checkpoint_e32 window_influence: 0.31730542178234766, penalty_k: 0.57546033015571407, scale_lr: 0.11755305077809698, EAO: 0.243
Trial 488 finished with value: 0.24306632953930676 and parameters: {'window_influence': 0.31730542178234766, 'penalty_k': 0.5754603301557141, 'scale_lr': 0.11755305077809698}. Best is trial 212 with value: 0.2844979555868521.
checkpoint_e32 window_influence: 0.30374583228501156, penalty_k: 0.06311999836702326, scale_lr: 0.10267701826150304, EAO: 0.265
Trial 489 finished with value: 0.26530236460086776 and parameters: {'window_influence': 0.30374583228501156, 'penalty_k': 0.06311999836702326, 'scale_lr': 0.10267701826150304}. Best is trial 212 with value: 0.2844979555868521.
checkpoint_e32 window_influence: 0.33013079852076760, penalty_k: 0.04657586132102805, scale_lr: 0.10035606290044388, EAO: 0.267
Trial 490 finished with value: 0.26671038955692355 and parameters: {'window_influence': 0.3301307985207676, 'penalty_k': 0.046575861321028054, 'scale_lr': 0.10035606290044388}. Best is trial 212 with value: 0.2844979555868521.
checkpoint_e32 window_influence: 0.35300784902376114, penalty_k: 0.14552697182263782, scale_lr: 0.12554243736526915, EAO: 0.277
Trial 491 finished with value: 0.2768405342732019 and parameters: {'window_influence': 0.35300784902376114, 'penalty_k': 0.14552697182263782, 'scale_lr': 0.12554243736526915}. Best is trial 212 with value: 0.2844979555868521.
checkpoint_e32 window_influence: 0.32169523880638407, penalty_k: 0.12061930551366956, scale_lr: 0.14141223545044213, EAO: 0.261
Trial 492 finished with value: 0.2608265410957298 and parameters: {'window_influence': 0.32169523880638407, 'penalty_k': 0.12061930551366956, 'scale_lr': 0.14141223545044213}. Best is trial 212 with value: 0.2844979555868521.
checkpoint_e32 window_influence: 0.06415801284224648, penalty_k: 0.15924595291770008, scale_lr: 0.11601574120691771, EAO: 0.234
Trial 493 finished with value: 0.23391084609235205 and parameters: {'window_influence': 0.06415801284224648, 'penalty_k': 0.15924595291770008, 'scale_lr': 0.11601574120691771}. Best is trial 212 with value: 0.2844979555868521.
checkpoint_e32 window_influence: 0.28554080684399841, penalty_k: 0.59689594896716613, scale_lr: 0.14322328013322957, EAO: 0.257
Trial 494 finished with value: 0.25677872824717346 and parameters: {'window_influence': 0.2855408068439984, 'penalty_k': 0.5968959489671661, 'scale_lr': 0.14322328013322957}. Best is trial 212 with value: 0.2844979555868521.
checkpoint_e32 window_influence: 0.33682577959252730, penalty_k: 0.50389190614646273, scale_lr: 0.27583640454124642, EAO: 0.243
Trial 495 finished with value: 0.24310788451656093 and parameters: {'window_influence': 0.3368257795925273, 'penalty_k': 0.5038919061464627, 'scale_lr': 0.2758364045412464}. Best is trial 212 with value: 0.2844979555868521.
checkpoint_e32 window_influence: 0.31193147342659716, penalty_k: 0.25765085010362199, scale_lr: 0.52605188728152663, EAO: 0.271
Trial 496 finished with value: 0.27098340874280386 and parameters: {'window_influence': 0.31193147342659716, 'penalty_k': 0.257650850103622, 'scale_lr': 0.5260518872815266}. Best is trial 212 with value: 0.2844979555868521.
checkpoint_e32 window_influence: 0.29602059440766476, penalty_k: 0.07678086382429759, scale_lr: 0.17152882054282403, EAO: 0.258
Trial 497 finished with value: 0.25769430065785 and parameters: {'window_influence': 0.29602059440766476, 'penalty_k': 0.0767808638242976, 'scale_lr': 0.17152882054282403}. Best is trial 212 with value: 0.2844979555868521.
checkpoint_e32 window_influence: 0.26880761579886697, penalty_k: 0.31362143263905362, scale_lr: 0.42909076535575918, EAO: 0.262
Trial 498 finished with value: 0.2619245863421176 and parameters: {'window_influence': 0.268807615798867, 'penalty_k': 0.3136214326390536, 'scale_lr': 0.4290907653557592}. Best is trial 212 with value: 0.2844979555868521.
checkpoint_e32 window_influence: 0.35259414585988724, penalty_k: 0.05403414271245845, scale_lr: 0.12290206813348281, EAO: 0.274
Trial 499 finished with value: 0.2735677607418076 and parameters: {'window_influence': 0.35259414585988724, 'penalty_k': 0.054034142712458454, 'scale_lr': 0.12290206813348281}. Best is trial 212 with value: 0.2844979555868521.
checkpoint_e32 window_influence: 0.32946850036027969, penalty_k: 0.09053336944558593, scale_lr: 0.11392823567662508, EAO: 0.278
Trial 500 finished with value: 0.27759936724494144 and parameters: {'window_influence': 0.3294685003602797, 'penalty_k': 0.09053336944558593, 'scale_lr': 0.11392823567662508}. Best is trial 212 with value: 0.2844979555868521.
checkpoint_e32 window_influence: 0.32472016176962437, penalty_k: 0.08966409443607773, scale_lr: 0.11304601688761745, EAO: 0.274
Trial 501 finished with value: 0.273514734353961 and parameters: {'window_influence': 0.32472016176962437, 'penalty_k': 0.08966409443607773, 'scale_lr': 0.11304601688761745}. Best is trial 212 with value: 0.2844979555868521.
checkpoint_e32 window_influence: 0.31096668349121853, penalty_k: 0.10385939331534982, scale_lr: 0.15683803570778787, EAO: 0.253
Trial 502 finished with value: 0.2533939637062026 and parameters: {'window_influence': 0.31096668349121853, 'penalty_k': 0.10385939331534982, 'scale_lr': 0.15683803570778787}. Best is trial 212 with value: 0.2844979555868521.
checkpoint_e32 window_influence: 0.33101659031687969, penalty_k: 0.54681418546261140, scale_lr: 0.12622917370070597, EAO: 0.253
Trial 503 finished with value: 0.2533482809861501 and parameters: {'window_influence': 0.3310165903168797, 'penalty_k': 0.5468141854626114, 'scale_lr': 0.12622917370070597}. Best is trial 212 with value: 0.2844979555868521.
checkpoint_e32 window_influence: 0.34072118154982178, penalty_k: 0.29600366549068302, scale_lr: 0.46853761609350009, EAO: 0.267
Trial 504 finished with value: 0.26733012158211655 and parameters: {'window_influence': 0.3407211815498218, 'penalty_k': 0.296003665490683, 'scale_lr': 0.4685376160935001}. Best is trial 212 with value: 0.2844979555868521.
checkpoint_e32 window_influence: 0.30286554669834032, penalty_k: 0.11461672936891276, scale_lr: 0.13846099767553549, EAO: 0.265
Trial 505 finished with value: 0.26482853238902443 and parameters: {'window_influence': 0.3028655466983403, 'penalty_k': 0.11461672936891276, 'scale_lr': 0.1384609976755355}. Best is trial 212 with value: 0.2844979555868521.
checkpoint_e32 window_influence: 0.58296819577402148, penalty_k: 0.06820551406294487, scale_lr: 0.10193582567931680, EAO: 0.252
Trial 506 finished with value: 0.2521927569939838 and parameters: {'window_influence': 0.5829681957740215, 'penalty_k': 0.06820551406294487, 'scale_lr': 0.1019358256793168}. Best is trial 212 with value: 0.2844979555868521.
checkpoint_e32 window_influence: 0.31913941975590188, penalty_k: 0.08369887516372276, scale_lr: 0.11356504206927209, EAO: 0.280
Trial 507 finished with value: 0.2798282329023369 and parameters: {'window_influence': 0.3191394197559019, 'penalty_k': 0.08369887516372276, 'scale_lr': 0.11356504206927209}. Best is trial 212 with value: 0.2844979555868521.
checkpoint_e32 window_influence: 0.32095594449526382, penalty_k: 0.09500453793531474, scale_lr: 0.11162684936432375, EAO: 0.279
Trial 508 finished with value: 0.27901138225948907 and parameters: {'window_influence': 0.3209559444952638, 'penalty_k': 0.09500453793531474, 'scale_lr': 0.11162684936432375}. Best is trial 212 with value: 0.2844979555868521.
checkpoint_e32 window_influence: 0.31987056643712869, penalty_k: 0.09423934215731962, scale_lr: 0.11317330913366619, EAO: 0.272
Trial 509 finished with value: 0.27178036797095123 and parameters: {'window_influence': 0.3198705664371287, 'penalty_k': 0.09423934215731962, 'scale_lr': 0.11317330913366619}. Best is trial 212 with value: 0.2844979555868521.
checkpoint_e32 window_influence: 0.31151988544187281, penalty_k: 0.08338605831878418, scale_lr: 0.10048831287843440, EAO: 0.273
Trial 510 finished with value: 0.27325806064092045 and parameters: {'window_influence': 0.3115198854418728, 'penalty_k': 0.08338605831878418, 'scale_lr': 0.1004883128784344}. Best is trial 212 with value: 0.2844979555868521.
checkpoint_e32 window_influence: 0.33338497472940537, penalty_k: 0.09327132612621394, scale_lr: 0.12312271911035289, EAO: 0.270
Trial 511 finished with value: 0.2696869871844121 and parameters: {'window_influence': 0.33338497472940537, 'penalty_k': 0.09327132612621394, 'scale_lr': 0.12312271911035289}. Best is trial 212 with value: 0.2844979555868521.
checkpoint_e32 window_influence: 0.29662734886677400, penalty_k: 0.10553141280827789, scale_lr: 0.13502397689049991, EAO: 0.268
Trial 512 finished with value: 0.26770303234821413 and parameters: {'window_influence': 0.296627348866774, 'penalty_k': 0.1055314128082779, 'scale_lr': 0.1350239768904999}. Best is trial 212 with value: 0.2844979555868521.
checkpoint_e32 window_influence: 0.32545051776526590, penalty_k: 0.07875010264331664, scale_lr: 0.11920208075536579, EAO: 0.268
Trial 513 finished with value: 0.26827806712892965 and parameters: {'window_influence': 0.3254505177652659, 'penalty_k': 0.07875010264331664, 'scale_lr': 0.11920208075536579}. Best is trial 212 with value: 0.2844979555868521.
checkpoint_e32 window_influence: 0.30841570497091370, penalty_k: 0.06794479682644013, scale_lr: 0.15119626788084681, EAO: 0.264
Trial 514 finished with value: 0.2638686333245378 and parameters: {'window_influence': 0.3084157049709137, 'penalty_k': 0.06794479682644013, 'scale_lr': 0.1511962678808468}. Best is trial 212 with value: 0.2844979555868521.
checkpoint_e32 window_influence: 0.34333022882575936, penalty_k: 0.56247336942197623, scale_lr: 0.11011637508594134, EAO: 0.240
Trial 515 finished with value: 0.23979142829170072 and parameters: {'window_influence': 0.34333022882575936, 'penalty_k': 0.5624733694219762, 'scale_lr': 0.11011637508594134}. Best is trial 212 with value: 0.2844979555868521.
checkpoint_e32 window_influence: 0.32010841806468132, penalty_k: 0.12809187128580810, scale_lr: 0.36111867418264004, EAO: 0.275
Trial 516 finished with value: 0.2745523389156272 and parameters: {'window_influence': 0.3201084180646813, 'penalty_k': 0.1280918712858081, 'scale_lr': 0.36111867418264004}. Best is trial 212 with value: 0.2844979555868521.
checkpoint_e32 window_influence: 0.28534519022455074, penalty_k: 0.51963088939654423, scale_lr: 0.10024840027737501, EAO: 0.238
Trial 517 finished with value: 0.23838257298963825 and parameters: {'window_influence': 0.28534519022455074, 'penalty_k': 0.5196308893965442, 'scale_lr': 0.10024840027737501}. Best is trial 212 with value: 0.2844979555868521.
checkpoint_e32 window_influence: 0.32897574664298235, penalty_k: 0.11408028276823158, scale_lr: 0.49423559566257441, EAO: 0.266
Trial 518 finished with value: 0.26599944625201266 and parameters: {'window_influence': 0.32897574664298235, 'penalty_k': 0.11408028276823158, 'scale_lr': 0.4942355956625744}. Best is trial 212 with value: 0.2844979555868521.
checkpoint_e32 window_influence: 0.34023796374807247, penalty_k: 0.23244431267437793, scale_lr: 0.12792209521909459, EAO: 0.262
Trial 519 finished with value: 0.2621820303119295 and parameters: {'window_influence': 0.34023796374807247, 'penalty_k': 0.23244431267437793, 'scale_lr': 0.1279220952190946}. Best is trial 212 with value: 0.2844979555868521.
checkpoint_e32 window_influence: 0.30419768644460282, penalty_k: 0.28691161919939423, scale_lr: 0.21585430671193603, EAO: 0.262
Trial 520 finished with value: 0.2615753304425294 and parameters: {'window_influence': 0.3041976864446028, 'penalty_k': 0.28691161919939423, 'scale_lr': 0.21585430671193603}. Best is trial 212 with value: 0.2844979555868521.
checkpoint_e32 window_influence: 0.31629060805136527, penalty_k: 0.09921578774219453, scale_lr: 0.51217486142985402, EAO: 0.263
Trial 521 finished with value: 0.26344243800494727 and parameters: {'window_influence': 0.3162906080513653, 'penalty_k': 0.09921578774219453, 'scale_lr': 0.512174861429854}. Best is trial 212 with value: 0.2844979555868521.
checkpoint_e32 window_influence: 0.29096570948886696, penalty_k: 0.08584645895101903, scale_lr: 0.14498744408820996, EAO: 0.265
Trial 522 finished with value: 0.2648359097358657 and parameters: {'window_influence': 0.29096570948886696, 'penalty_k': 0.08584645895101903, 'scale_lr': 0.14498744408820996}. Best is trial 212 with value: 0.2844979555868521.
checkpoint_e32 window_influence: 0.12223282929413859, penalty_k: 0.07519111331579965, scale_lr: 0.11496004309132125, EAO: 0.248
Trial 523 finished with value: 0.24822342638077774 and parameters: {'window_influence': 0.12223282929413859, 'penalty_k': 0.07519111331579965, 'scale_lr': 0.11496004309132125}. Best is trial 212 with value: 0.2844979555868521.
checkpoint_e32 window_influence: 0.35097210045319294, penalty_k: 0.05307592093557856, scale_lr: 0.12632608918872301, EAO: 0.272
Trial 524 finished with value: 0.2722776432832082 and parameters: {'window_influence': 0.35097210045319294, 'penalty_k': 0.053075920935578565, 'scale_lr': 0.126326089188723}. Best is trial 212 with value: 0.2844979555868521.
checkpoint_e32 window_influence: 0.33136571198975001, penalty_k: 0.24299672449619519, scale_lr: 0.39067335112667667, EAO: 0.254
Trial 525 finished with value: 0.2543798732927175 and parameters: {'window_influence': 0.33136571198975, 'penalty_k': 0.2429967244961952, 'scale_lr': 0.39067335112667667}. Best is trial 212 with value: 0.2844979555868521.
checkpoint_e32 window_influence: 0.31676106661984144, penalty_k: 0.06287892385462017, scale_lr: 0.13720980358631532, EAO: 0.267
Trial 526 finished with value: 0.2666693956144457 and parameters: {'window_influence': 0.31676106661984144, 'penalty_k': 0.06287892385462017, 'scale_lr': 0.13720980358631532}. Best is trial 212 with value: 0.2844979555868521.
checkpoint_e32 window_influence: 0.27126190520617899, penalty_k: 0.09634783971936471, scale_lr: 0.16110839108536287, EAO: 0.258
Trial 527 finished with value: 0.2580368831996026 and parameters: {'window_influence': 0.271261905206179, 'penalty_k': 0.09634783971936471, 'scale_lr': 0.16110839108536287}. Best is trial 212 with value: 0.2844979555868521.
checkpoint_e32 window_influence: 0.30296161357150198, penalty_k: 0.08396219833858105, scale_lr: 0.11355889263007450, EAO: 0.280
Trial 528 finished with value: 0.2803338704918458 and parameters: {'window_influence': 0.302961613571502, 'penalty_k': 0.08396219833858105, 'scale_lr': 0.1135588926300745}. Best is trial 212 with value: 0.2844979555868521.
checkpoint_e32 window_influence: 0.29864000518151812, penalty_k: 0.08304208502918020, scale_lr: 0.11188483125606793, EAO: 0.269
Trial 529 finished with value: 0.2689963121239732 and parameters: {'window_influence': 0.2986400051815181, 'penalty_k': 0.0830420850291802, 'scale_lr': 0.11188483125606793}. Best is trial 212 with value: 0.2844979555868521.
checkpoint_e32 window_influence: 0.28195235576551914, penalty_k: 0.10422831369600290, scale_lr: 0.11251030513256365, EAO: 0.264
Trial 530 finished with value: 0.2643467237552007 and parameters: {'window_influence': 0.28195235576551914, 'penalty_k': 0.1042283136960029, 'scale_lr': 0.11251030513256365}. Best is trial 212 with value: 0.2844979555868521.
checkpoint_e32 window_influence: 0.30649518180881968, penalty_k: 0.11674012260188871, scale_lr: 0.30203199577278672, EAO: 0.261
Trial 531 finished with value: 0.2611310588029342 and parameters: {'window_influence': 0.3064951818088197, 'penalty_k': 0.11674012260188871, 'scale_lr': 0.3020319957727867}. Best is trial 212 with value: 0.2844979555868521.
checkpoint_e32 window_influence: 0.29853244433355708, penalty_k: 0.08433463313426343, scale_lr: 0.53388530211153007, EAO: 0.264
Trial 532 finished with value: 0.2638322783073759 and parameters: {'window_influence': 0.2985324443335571, 'penalty_k': 0.08433463313426343, 'scale_lr': 0.5338853021115301}. Best is trial 212 with value: 0.2844979555868521.
checkpoint_e32 window_influence: 0.32236044094810018, penalty_k: 0.32845243655106471, scale_lr: 0.20102209964224244, EAO: 0.267
Trial 533 finished with value: 0.26699021997732847 and parameters: {'window_influence': 0.3223604409481002, 'penalty_k': 0.3284524365510647, 'scale_lr': 0.20102209964224244}. Best is trial 212 with value: 0.2844979555868521.
checkpoint_e32 window_influence: 0.31116596511736705, penalty_k: 0.06946782519059264, scale_lr: 0.10067911304393898, EAO: 0.260
Trial 534 finished with value: 0.2602043337211376 and parameters: {'window_influence': 0.31116596511736705, 'penalty_k': 0.06946782519059264, 'scale_lr': 0.10067911304393898}. Best is trial 212 with value: 0.2844979555868521.
checkpoint_e32 window_influence: 0.29194240193713183, penalty_k: 0.34569396131375174, scale_lr: 0.18534803902069089, EAO: 0.247
Trial 535 finished with value: 0.24710020701575086 and parameters: {'window_influence': 0.29194240193713183, 'penalty_k': 0.34569396131375174, 'scale_lr': 0.18534803902069089}. Best is trial 212 with value: 0.2844979555868521.
checkpoint_e32 window_influence: 0.27687092311304451, penalty_k: 0.09324840459738871, scale_lr: 0.37753501125820987, EAO: 0.265
Trial 536 finished with value: 0.26504242565573716 and parameters: {'window_influence': 0.2768709231130445, 'penalty_k': 0.09324840459738871, 'scale_lr': 0.3775350112582099}. Best is trial 212 with value: 0.2844979555868521.
checkpoint_e32 window_influence: 0.33024372270014951, penalty_k: 0.13420656826383384, scale_lr: 0.13779671279822200, EAO: 0.262
Trial 537 finished with value: 0.2620124973780741 and parameters: {'window_influence': 0.3302437227001495, 'penalty_k': 0.13420656826383384, 'scale_lr': 0.137796712798222}. Best is trial 212 with value: 0.2844979555868521.
checkpoint_e32 window_influence: 0.31304852398173411, penalty_k: 0.07715569259476872, scale_lr: 0.78482152675511230, EAO: 0.267
Trial 538 finished with value: 0.2671008862979044 and parameters: {'window_influence': 0.3130485239817341, 'penalty_k': 0.07715569259476872, 'scale_lr': 0.7848215267551123}. Best is trial 212 with value: 0.2844979555868521.
checkpoint_e32 window_influence: 0.33370037771936623, penalty_k: 0.50853975731931633, scale_lr: 0.12210957625098665, EAO: 0.246
Trial 539 finished with value: 0.24609982234433414 and parameters: {'window_influence': 0.3337003777193662, 'penalty_k': 0.5085397573193163, 'scale_lr': 0.12210957625098665}. Best is trial 212 with value: 0.2844979555868521.
checkpoint_e32 window_influence: 0.30335821979077521, penalty_k: 0.10339433217388752, scale_lr: 0.76392050861558258, EAO: 0.250
Trial 540 finished with value: 0.2504770097330334 and parameters: {'window_influence': 0.3033582197907752, 'penalty_k': 0.10339433217388752, 'scale_lr': 0.7639205086155826}. Best is trial 212 with value: 0.2844979555868521.
checkpoint_e32 window_influence: 0.51173751783715637, penalty_k: 0.12318839935199311, scale_lr: 0.36888170880994908, EAO: 0.258
Trial 541 finished with value: 0.25822033769473796 and parameters: {'window_influence': 0.5117375178371564, 'penalty_k': 0.1231883993519931, 'scale_lr': 0.3688817088099491}. Best is trial 212 with value: 0.2844979555868521.
checkpoint_e32 window_influence: 0.32314656148865645, penalty_k: 0.17786866228233453, scale_lr: 0.32406341926975668, EAO: 0.251
Trial 542 finished with value: 0.25120828748960805 and parameters: {'window_influence': 0.32314656148865645, 'penalty_k': 0.17786866228233453, 'scale_lr': 0.3240634192697567}. Best is trial 212 with value: 0.2844979555868521.
checkpoint_e32 window_influence: 0.28507739621320405, penalty_k: 0.06121876682226536, scale_lr: 0.79771363453209720, EAO: 0.255
Trial 543 finished with value: 0.2554000610016226 and parameters: {'window_influence': 0.28507739621320405, 'penalty_k': 0.06121876682226536, 'scale_lr': 0.7977136345320972}. Best is trial 212 with value: 0.2844979555868521.
checkpoint_e32 window_influence: 0.33949080598661324, penalty_k: 0.08765437331375614, scale_lr: 0.14947449771520610, EAO: 0.268
Trial 544 finished with value: 0.26770521518660756 and parameters: {'window_influence': 0.33949080598661324, 'penalty_k': 0.08765437331375614, 'scale_lr': 0.1494744977152061}. Best is trial 212 with value: 0.2844979555868521.
checkpoint_e32 window_influence: 0.62743271806422785, penalty_k: 0.52801559647639418, scale_lr: 0.11549501866795345, EAO: 0.214
Trial 545 finished with value: 0.21428090188561416 and parameters: {'window_influence': 0.6274327180642278, 'penalty_k': 0.5280155964763942, 'scale_lr': 0.11549501866795345}. Best is trial 212 with value: 0.2844979555868521.
checkpoint_e32 window_influence: 0.16140040280487802, penalty_k: 0.10853150887128948, scale_lr: 0.50134612334133899, EAO: 0.255
Trial 546 finished with value: 0.25499636988814284 and parameters: {'window_influence': 0.16140040280487802, 'penalty_k': 0.10853150887128948, 'scale_lr': 0.501346123341339}. Best is trial 212 with value: 0.2844979555868521.
checkpoint_e32 window_influence: 0.52627215219291446, penalty_k: 0.14368329907703131, scale_lr: 0.41231505731077656, EAO: 0.251
Trial 547 finished with value: 0.2514659913817072 and parameters: {'window_influence': 0.5262721521929145, 'penalty_k': 0.1436832990770313, 'scale_lr': 0.41231505731077656}. Best is trial 212 with value: 0.2844979555868521.
checkpoint_e32 window_influence: 0.31673855426075859, penalty_k: 0.25144325323533595, scale_lr: 0.10005769477704185, EAO: 0.267
