Trial 1298 finished with value: 0.22253482370841793 and parameters: {'window_influence': 0.12464536058375797, 'penalty_k': 0.5817911243913193, 'scale_lr': 0.48630989047574935}. Best is trial 1199 with value: 0.2814603819837415.
checkpoint_e22 window_influence: 0.24954758525316598, penalty_k: 0.49587246169572086, scale_lr: 0.15851542222429982, EAO: 0.242
Trial 1299 finished with value: 0.24213043545804372 and parameters: {'window_influence': 0.24954758525316598, 'penalty_k': 0.49587246169572086, 'scale_lr': 0.15851542222429982}. Best is trial 1199 with value: 0.2814603819837415.
checkpoint_e22 window_influence: 0.39008815367335847, penalty_k: 0.37056858638048668, scale_lr: 0.50164132597883537, EAO: 0.254
Trial 1300 finished with value: 0.2544467956796894 and parameters: {'window_influence': 0.3900881536733585, 'penalty_k': 0.3705685863804867, 'scale_lr': 0.5016413259788354}. Best is trial 1199 with value: 0.2814603819837415.
checkpoint_e22 window_influence: 0.41008116522612387, penalty_k: 0.19275646697394636, scale_lr: 0.24059012313346492, EAO: 0.251
Trial 1301 finished with value: 0.25138436312355644 and parameters: {'window_influence': 0.41008116522612387, 'penalty_k': 0.19275646697394636, 'scale_lr': 0.24059012313346492}. Best is trial 1199 with value: 0.2814603819837415.
checkpoint_e22 window_influence: 0.27648866607410577, penalty_k: 0.15138088457348331, scale_lr: 0.11617017271003095, EAO: 0.250
Trial 1302 finished with value: 0.24971900165565614 and parameters: {'window_influence': 0.27648866607410577, 'penalty_k': 0.1513808845734833, 'scale_lr': 0.11617017271003095}. Best is trial 1199 with value: 0.2814603819837415.
checkpoint_e22 window_influence: 0.21459237390400765, penalty_k: 0.05045088707716008, scale_lr: 0.33347692304087811, EAO: 0.240
Trial 1303 finished with value: 0.24047880783313658 and parameters: {'window_influence': 0.21459237390400765, 'penalty_k': 0.050450887077160084, 'scale_lr': 0.3334769230408781}. Best is trial 1199 with value: 0.2814603819837415.
checkpoint_e22 window_influence: 0.30252042512923055, penalty_k: 0.16658230843545016, scale_lr: 0.47327642214850618, EAO: 0.258
Trial 1304 finished with value: 0.2579258183032517 and parameters: {'window_influence': 0.30252042512923055, 'penalty_k': 0.16658230843545016, 'scale_lr': 0.4732764221485062}. Best is trial 1199 with value: 0.2814603819837415.
checkpoint_e22 window_influence: 0.21134395198021719, penalty_k: 0.21575677989721267, scale_lr: 0.19955184080791699, EAO: 0.240
Trial 1305 finished with value: 0.24012262592228448 and parameters: {'window_influence': 0.2113439519802172, 'penalty_k': 0.21575677989721267, 'scale_lr': 0.199551840807917}. Best is trial 1199 with value: 0.2814603819837415.
checkpoint_e22 window_influence: 0.07554844451533910, penalty_k: 0.24325262786309637, scale_lr: 0.41676704616820187, EAO: 0.231
Trial 1306 finished with value: 0.23112755165836676 and parameters: {'window_influence': 0.0755484445153391, 'penalty_k': 0.24325262786309637, 'scale_lr': 0.41676704616820187}. Best is trial 1199 with value: 0.2814603819837415.
checkpoint_e22 window_influence: 0.35645781867064830, penalty_k: 0.18537451277456174, scale_lr: 0.12916454365262292, EAO: 0.254
Trial 1307 finished with value: 0.25444399365564674 and parameters: {'window_influence': 0.3564578186706483, 'penalty_k': 0.18537451277456174, 'scale_lr': 0.12916454365262292}. Best is trial 1199 with value: 0.2814603819837415.
checkpoint_e22 window_influence: 0.59430488594334441, penalty_k: 0.20156825625382230, scale_lr: 0.45154725834532694, EAO: 0.220
Trial 1308 finished with value: 0.22016682045731117 and parameters: {'window_influence': 0.5943048859433444, 'penalty_k': 0.2015682562538223, 'scale_lr': 0.45154725834532694}. Best is trial 1199 with value: 0.2814603819837415.
checkpoint_e22 window_influence: 0.37912125923648904, penalty_k: 0.26733261830465843, scale_lr: 0.39044822891886760, EAO: 0.252
Trial 1309 finished with value: 0.25222032704973607 and parameters: {'window_influence': 0.37912125923648904, 'penalty_k': 0.26733261830465843, 'scale_lr': 0.3904482289188676}. Best is trial 1199 with value: 0.2814603819837415.
checkpoint_e22 window_influence: 0.32369976266736572, penalty_k: 0.51573325831788597, scale_lr: 0.10126548567893102, EAO: 0.232
Trial 1310 finished with value: 0.23208902667208417 and parameters: {'window_influence': 0.3236997626673657, 'penalty_k': 0.515733258317886, 'scale_lr': 0.10126548567893102}. Best is trial 1199 with value: 0.2814603819837415.
checkpoint_e22 window_influence: 0.42744275446206109, penalty_k: 0.13716144141336087, scale_lr: 0.34630593326829662, EAO: 0.253
Trial 1311 finished with value: 0.2526709064235532 and parameters: {'window_influence': 0.4274427544620611, 'penalty_k': 0.13716144141336087, 'scale_lr': 0.3463059332682966}. Best is trial 1199 with value: 0.2814603819837415.
checkpoint_e22 window_influence: 0.36687856314765832, penalty_k: 0.40310687504122922, scale_lr: 0.40156883023156864, EAO: 0.264
Trial 1312 finished with value: 0.2639948680270009 and parameters: {'window_influence': 0.3668785631476583, 'penalty_k': 0.4031068750412292, 'scale_lr': 0.40156883023156864}. Best is trial 1199 with value: 0.2814603819837415.
checkpoint_e22 window_influence: 0.49125376404804411, penalty_k: 0.10314267958678641, scale_lr: 0.18052165631656572, EAO: 0.255
Trial 1313 finished with value: 0.2551040648808324 and parameters: {'window_influence': 0.4912537640480441, 'penalty_k': 0.10314267958678641, 'scale_lr': 0.18052165631656572}. Best is trial 1199 with value: 0.2814603819837415.
checkpoint_e22 window_influence: 0.38977380278406321, penalty_k: 0.22827052310423496, scale_lr: 0.57779618408849198, EAO: 0.253
Trial 1314 finished with value: 0.2534816010696132 and parameters: {'window_influence': 0.3897738027840632, 'penalty_k': 0.22827052310423496, 'scale_lr': 0.577796184088492}. Best is trial 1199 with value: 0.2814603819837415.
checkpoint_e22 window_influence: 0.09837489677549871, penalty_k: 0.04386823949830258, scale_lr: 0.15067174916712978, EAO: 0.237
Trial 1315 finished with value: 0.2373294183393804 and parameters: {'window_influence': 0.09837489677549871, 'penalty_k': 0.04386823949830258, 'scale_lr': 0.15067174916712978}. Best is trial 1199 with value: 0.2814603819837415.
checkpoint_e22 window_influence: 0.40287497353087026, penalty_k: 0.06884088494106977, scale_lr: 0.16744420733165563, EAO: 0.257
Trial 1316 finished with value: 0.2569500721567045 and parameters: {'window_influence': 0.40287497353087026, 'penalty_k': 0.06884088494106977, 'scale_lr': 0.16744420733165563}. Best is trial 1199 with value: 0.2814603819837415.
checkpoint_e22 window_influence: 0.22201591573842827, penalty_k: 0.21315549626213698, scale_lr: 0.56127569902780650, EAO: 0.251
Trial 1317 finished with value: 0.2512447270678311 and parameters: {'window_influence': 0.22201591573842827, 'penalty_k': 0.21315549626213698, 'scale_lr': 0.5612756990278065}. Best is trial 1199 with value: 0.2814603819837415.
checkpoint_e22 window_influence: 0.34543151220080809, penalty_k: 0.08789285678188362, scale_lr: 0.79953151355214458, EAO: 0.252
Trial 1318 finished with value: 0.2515578302062624 and parameters: {'window_influence': 0.3454315122008081, 'penalty_k': 0.08789285678188362, 'scale_lr': 0.7995315135521446}. Best is trial 1199 with value: 0.2814603819837415.
checkpoint_e22 window_influence: 0.26271420759562519, penalty_k: 0.15935127420620637, scale_lr: 0.13949364130728667, EAO: 0.254
Trial 1319 finished with value: 0.25421324766021436 and parameters: {'window_influence': 0.2627142075956252, 'penalty_k': 0.15935127420620637, 'scale_lr': 0.13949364130728667}. Best is trial 1199 with value: 0.2814603819837415.
checkpoint_e22 window_influence: 0.13402885329454012, penalty_k: 0.17453823404445362, scale_lr: 0.48919899557668400, EAO: 0.237
Trial 1320 finished with value: 0.23737425478251 and parameters: {'window_influence': 0.13402885329454012, 'penalty_k': 0.17453823404445362, 'scale_lr': 0.489198995576684}. Best is trial 1199 with value: 0.2814603819837415.
checkpoint_e22 window_influence: 0.37438869532229235, penalty_k: 0.28452369058454657, scale_lr: 0.46795700600857748, EAO: 0.241
Trial 1321 finished with value: 0.2407542433195967 and parameters: {'window_influence': 0.37438869532229235, 'penalty_k': 0.2845236905845466, 'scale_lr': 0.4679570060085775}. Best is trial 1199 with value: 0.2814603819837415.
checkpoint_e22 window_influence: 0.38586809721103543, penalty_k: 0.19349834560811299, scale_lr: 0.52339076698023135, EAO: 0.240
Trial 1322 finished with value: 0.24020159159733998 and parameters: {'window_influence': 0.38586809721103543, 'penalty_k': 0.193498345608113, 'scale_lr': 0.5233907669802313}. Best is trial 1199 with value: 0.2814603819837415.
checkpoint_e22 window_influence: 0.35864756208204873, penalty_k: 0.23738763659988515, scale_lr: 0.27309778972857607, EAO: 0.246
Trial 1323 finished with value: 0.24634715775406457 and parameters: {'window_influence': 0.35864756208204873, 'penalty_k': 0.23738763659988515, 'scale_lr': 0.27309778972857607}. Best is trial 1199 with value: 0.2814603819837415.
checkpoint_e22 window_influence: 0.29968262171930482, penalty_k: 0.53075092845578253, scale_lr: 0.62216228231931126, EAO: 0.251
Trial 1324 finished with value: 0.2507421344034071 and parameters: {'window_influence': 0.2996826217193048, 'penalty_k': 0.5307509284557825, 'scale_lr': 0.6221622823193113}. Best is trial 1199 with value: 0.2814603819837415.
checkpoint_e22 window_influence: 0.18783756544129487, penalty_k: 0.32612434437497090, scale_lr: 0.22942395604532975, EAO: 0.229
Trial 1325 finished with value: 0.22866112308773567 and parameters: {'window_influence': 0.18783756544129487, 'penalty_k': 0.3261243443749709, 'scale_lr': 0.22942395604532975}. Best is trial 1199 with value: 0.2814603819837415.
checkpoint_e22 window_influence: 0.14473021704704106, penalty_k: 0.20215060503317539, scale_lr: 0.65058116434928281, EAO: 0.229
Trial 1326 finished with value: 0.22929826730150518 and parameters: {'window_influence': 0.14473021704704106, 'penalty_k': 0.2021506050331754, 'scale_lr': 0.6505811643492828}. Best is trial 1199 with value: 0.2814603819837415.
checkpoint_e22 window_influence: 0.30967375681515930, penalty_k: 0.25421125426811747, scale_lr: 0.67847739466649559, EAO: 0.245
Trial 1327 finished with value: 0.2445001304755366 and parameters: {'window_influence': 0.3096737568151593, 'penalty_k': 0.25421125426811747, 'scale_lr': 0.6784773946664956}. Best is trial 1199 with value: 0.2814603819837415.
checkpoint_e22 window_influence: 0.44243841769447123, penalty_k: 0.35154108291194963, scale_lr: 0.50718446559901753, EAO: 0.256
Trial 1328 finished with value: 0.25559285870654797 and parameters: {'window_influence': 0.44243841769447123, 'penalty_k': 0.35154108291194963, 'scale_lr': 0.5071844655990175}. Best is trial 1199 with value: 0.2814603819837415.
checkpoint_e22 window_influence: 0.28269431623081376, penalty_k: 0.22234941265364913, scale_lr: 0.42713383180239084, EAO: 0.260
Trial 1329 finished with value: 0.2595955320611233 and parameters: {'window_influence': 0.28269431623081376, 'penalty_k': 0.22234941265364913, 'scale_lr': 0.42713383180239084}. Best is trial 1199 with value: 0.2814603819837415.
checkpoint_e22 window_influence: 0.58190766169799879, penalty_k: 0.17925681999002707, scale_lr: 0.12587546375698355, EAO: 0.229
Trial 1330 finished with value: 0.22924597403867458 and parameters: {'window_influence': 0.5819076616979988, 'penalty_k': 0.17925681999002707, 'scale_lr': 0.12587546375698355}. Best is trial 1199 with value: 0.2814603819837415.
checkpoint_e22 window_influence: 0.41356958245354053, penalty_k: 0.55112148878728040, scale_lr: 0.19380819643390720, EAO: 0.240
Trial 1331 finished with value: 0.24009120246259177 and parameters: {'window_influence': 0.41356958245354053, 'penalty_k': 0.5511214887872804, 'scale_lr': 0.1938081964339072}. Best is trial 1199 with value: 0.2814603819837415.
checkpoint_e22 window_influence: 0.36946346677978981, penalty_k: 0.54448897269067875, scale_lr: 0.45451162585369875, EAO: 0.259
Trial 1332 finished with value: 0.25941223281670395 and parameters: {'window_influence': 0.3694634667797898, 'penalty_k': 0.5444889726906788, 'scale_lr': 0.45451162585369875}. Best is trial 1199 with value: 0.2814603819837415.
checkpoint_e22 window_influence: 0.39936478247858809, penalty_k: 0.47960931698522991, scale_lr: 0.16052752367597761, EAO: 0.248
Trial 1333 finished with value: 0.2479474944312398 and parameters: {'window_influence': 0.3993647824785881, 'penalty_k': 0.4796093169852299, 'scale_lr': 0.1605275236759776}. Best is trial 1199 with value: 0.2814603819837415.
checkpoint_e22 window_influence: 0.34916687558965681, penalty_k: 0.06085537997772757, scale_lr: 0.14661122148123815, EAO: 0.256
Trial 1334 finished with value: 0.2564498598013467 and parameters: {'window_influence': 0.3491668755896568, 'penalty_k': 0.06085537997772757, 'scale_lr': 0.14661122148123815}. Best is trial 1199 with value: 0.2814603819837415.
checkpoint_e22 window_influence: 0.38211181224295371, penalty_k: 0.27167050002936177, scale_lr: 0.11367377624100813, EAO: 0.256
Trial 1335 finished with value: 0.25560812773258706 and parameters: {'window_influence': 0.3821118122429537, 'penalty_k': 0.27167050002936177, 'scale_lr': 0.11367377624100813}. Best is trial 1199 with value: 0.2814603819837415.
checkpoint_e22 window_influence: 0.33364754562240995, penalty_k: 0.46318847606394076, scale_lr: 0.44195217195136599, EAO: 0.246
Trial 1336 finished with value: 0.24586695923310956 and parameters: {'window_influence': 0.33364754562240995, 'penalty_k': 0.46318847606394076, 'scale_lr': 0.441952171951366}. Best is trial 1199 with value: 0.2814603819837415.
checkpoint_e22 window_influence: 0.45524121059966433, penalty_k: 0.03982486336406407, scale_lr: 0.53773183970582883, EAO: 0.265
Trial 1337 finished with value: 0.26470348099625207 and parameters: {'window_influence': 0.4552412105996643, 'penalty_k': 0.039824863364064066, 'scale_lr': 0.5377318397058288}. Best is trial 1199 with value: 0.2814603819837415.
checkpoint_e22 window_influence: 0.27322678856966431, penalty_k: 0.12771055656067287, scale_lr: 0.49746234696323077, EAO: 0.256
Trial 1338 finished with value: 0.2562443493464129 and parameters: {'window_influence': 0.2732267885696643, 'penalty_k': 0.12771055656067287, 'scale_lr': 0.4974623469632308}. Best is trial 1199 with value: 0.2814603819837415.
checkpoint_e22 window_influence: 0.29357036183273594, penalty_k: 0.19121854191658189, scale_lr: 0.60207594986105173, EAO: 0.255
Trial 1339 finished with value: 0.25526203221179605 and parameters: {'window_influence': 0.29357036183273594, 'penalty_k': 0.19121854191658189, 'scale_lr': 0.6020759498610517}. Best is trial 1199 with value: 0.2814603819837415.
checkpoint_e22 window_influence: 0.63604291384148692, penalty_k: 0.07577453491386554, scale_lr: 0.17543081580162601, EAO: 0.206
Trial 1340 finished with value: 0.20636766325167524 and parameters: {'window_influence': 0.6360429138414869, 'penalty_k': 0.07577453491386554, 'scale_lr': 0.175430815801626}. Best is trial 1199 with value: 0.2814603819837415.
checkpoint_e22 window_influence: 0.36503074225505272, penalty_k: 0.30721334025530928, scale_lr: 0.21423573084532485, EAO: 0.243
Trial 1341 finished with value: 0.24343956940300096 and parameters: {'window_influence': 0.3650307422550527, 'penalty_k': 0.3072133402553093, 'scale_lr': 0.21423573084532485}. Best is trial 1199 with value: 0.2814603819837415.
checkpoint_e22 window_influence: 0.38987292370115240, penalty_k: 0.41752926092132475, scale_lr: 0.47618106296074247, EAO: 0.251
Trial 1342 finished with value: 0.25136124221532324 and parameters: {'window_influence': 0.3898729237011524, 'penalty_k': 0.41752926092132475, 'scale_lr': 0.4761810629607425}. Best is trial 1199 with value: 0.2814603819837415.
checkpoint_e22 window_influence: 0.32323721552958207, penalty_k: 0.20819778221059981, scale_lr: 0.58775067259723779, EAO: 0.269
Trial 1343 finished with value: 0.2693238042718996 and parameters: {'window_influence': 0.32323721552958207, 'penalty_k': 0.2081977822105998, 'scale_lr': 0.5877506725972378}. Best is trial 1199 with value: 0.2814603819837415.
checkpoint_e22 window_influence: 0.25007465096822340, penalty_k: 0.09738279125732820, scale_lr: 0.40889401298862565, EAO: 0.256
Trial 1344 finished with value: 0.25582129677863624 and parameters: {'window_influence': 0.2500746509682234, 'penalty_k': 0.0973827912573282, 'scale_lr': 0.40889401298862565}. Best is trial 1199 with value: 0.2814603819837415.
checkpoint_e22 window_influence: 0.37628898533679511, penalty_k: 0.16374597869175400, scale_lr: 0.63725799662460336, EAO: 0.263
Trial 1345 finished with value: 0.26339333571069606 and parameters: {'window_influence': 0.3762889853367951, 'penalty_k': 0.163745978691754, 'scale_lr': 0.6372579966246034}. Best is trial 1199 with value: 0.2814603819837415.
checkpoint_e22 window_influence: 0.40192163853885965, penalty_k: 0.15015291648025852, scale_lr: 0.51487068308488515, EAO: 0.256
Trial 1346 finished with value: 0.25635248125810933 and parameters: {'window_influence': 0.40192163853885965, 'penalty_k': 0.15015291648025852, 'scale_lr': 0.5148706830848852}. Best is trial 1199 with value: 0.2814603819837415.
checkpoint_e22 window_influence: 0.15914530382596551, penalty_k: 0.05253764693723902, scale_lr: 0.30055725709762959, EAO: 0.251
Trial 1347 finished with value: 0.25146226063976446 and parameters: {'window_influence': 0.1591453038259655, 'penalty_k': 0.052537646937239016, 'scale_lr': 0.3005572570976296}. Best is trial 1199 with value: 0.2814603819837415.
checkpoint_e22 window_influence: 0.35552350738287797, penalty_k: 0.22526972774375736, scale_lr: 0.13497111022183517, EAO: 0.250
Trial 1348 finished with value: 0.2500020512720434 and parameters: {'window_influence': 0.35552350738287797, 'penalty_k': 0.22526972774375736, 'scale_lr': 0.13497111022183517}. Best is trial 1199 with value: 0.2814603819837415.
checkpoint_e22 window_influence: 0.41776195728321935, penalty_k: 0.02415581344632935, scale_lr: 0.46228523947589284, EAO: 0.264
Trial 1349 finished with value: 0.2644641913049589 and parameters: {'window_influence': 0.41776195728321935, 'penalty_k': 0.02415581344632935, 'scale_lr': 0.46228523947589284}. Best is trial 1199 with value: 0.2814603819837415.
checkpoint_e22 window_influence: 0.54450993941097969, penalty_k: 0.25094362535449111, scale_lr: 0.38315066413388016, EAO: 0.232
Trial 1350 finished with value: 0.232316361391932 and parameters: {'window_influence': 0.5445099394109797, 'penalty_k': 0.2509436253544911, 'scale_lr': 0.38315066413388016}. Best is trial 1199 with value: 0.2814603819837415.
checkpoint_e22 window_influence: 0.31400311016294191, penalty_k: 0.29197276527149074, scale_lr: 0.48896249920979284, EAO: 0.253
Trial 1351 finished with value: 0.25321185667582646 and parameters: {'window_influence': 0.3140031101629419, 'penalty_k': 0.29197276527149074, 'scale_lr': 0.48896249920979284}. Best is trial 1199 with value: 0.2814603819837415.
checkpoint_e22 window_influence: 0.34209148496700859, penalty_k: 0.21368017421794033, scale_lr: 0.29372429187601712, EAO: 0.242
Trial 1352 finished with value: 0.24176262821850739 and parameters: {'window_influence': 0.3420914849670086, 'penalty_k': 0.21368017421794033, 'scale_lr': 0.2937242918760171}. Best is trial 1199 with value: 0.2814603819837415.
checkpoint_e22 window_influence: 0.51633547029873228, penalty_k: 0.18187313234077160, scale_lr: 0.15793702721661429, EAO: 0.239
Trial 1353 finished with value: 0.23948661328815832 and parameters: {'window_influence': 0.5163354702987323, 'penalty_k': 0.1818731323407716, 'scale_lr': 0.1579370272166143}. Best is trial 1199 with value: 0.2814603819837415.
checkpoint_e22 window_influence: 0.39370391032865892, penalty_k: 0.00987789082411180, scale_lr: 0.10089953141608722, EAO: 0.246
Trial 1354 finished with value: 0.24553236335031386 and parameters: {'window_influence': 0.3937039103286589, 'penalty_k': 0.009877890824111803, 'scale_lr': 0.10089953141608722}. Best is trial 1199 with value: 0.2814603819837415.
checkpoint_e22 window_influence: 0.58170180693731843, penalty_k: 0.59739167647847191, scale_lr: 0.33205806060707505, EAO: 0.209
Trial 1355 finished with value: 0.20933234437209805 and parameters: {'window_influence': 0.5817018069373184, 'penalty_k': 0.5973916764784719, 'scale_lr': 0.33205806060707505}. Best is trial 1199 with value: 0.2814603819837415.
checkpoint_e22 window_influence: 0.37610878781236223, penalty_k: 0.00065646080095901, scale_lr: 0.56886098502431059, EAO: 0.244
Trial 1356 finished with value: 0.24437362809733645 and parameters: {'window_influence': 0.37610878781236223, 'penalty_k': 0.000656460800959005, 'scale_lr': 0.5688609850243106}. Best is trial 1199 with value: 0.2814603819837415.
checkpoint_e22 window_influence: 0.28733400524326691, penalty_k: 0.23654114584873093, scale_lr: 0.12281950271908532, EAO: 0.263
Trial 1357 finished with value: 0.2627398935638792 and parameters: {'window_influence': 0.2873340052432669, 'penalty_k': 0.23654114584873093, 'scale_lr': 0.12281950271908532}. Best is trial 1199 with value: 0.2814603819837415.
checkpoint_e22 window_influence: 0.26309725274102419, penalty_k: 0.50582879592514440, scale_lr: 0.14127624880162062, EAO: 0.245
Trial 1358 finished with value: 0.24530059747337327 and parameters: {'window_influence': 0.2630972527410242, 'penalty_k': 0.5058287959251444, 'scale_lr': 0.14127624880162062}. Best is trial 1199 with value: 0.2814603819837415.
checkpoint_e22 window_influence: 0.13307646160252640, penalty_k: 0.19626559557520737, scale_lr: 0.68893503845211024, EAO: 0.247
