Trial 557 finished with value: 0.26695883152930716 and parameters: {'window_influence': 0.2899685442219444, 'penalty_k': 0.2033467397910809, 'scale_lr': 0.47979372272772386}. Best is trial 172 with value: 0.2898540811810067.
checkpoint_e30 window_influence: 0.10727076819932374, penalty_k: 0.22938492480915837, scale_lr: 0.33031634166234702, EAO: 0.252
Trial 558 finished with value: 0.2520056089492348 and parameters: {'window_influence': 0.10727076819932374, 'penalty_k': 0.22938492480915837, 'scale_lr': 0.330316341662347}. Best is trial 172 with value: 0.2898540811810067.
checkpoint_e30 window_influence: 0.30983701436030869, penalty_k: 0.11084728025654655, scale_lr: 0.74398746283441886, EAO: 0.270
Trial 559 finished with value: 0.2699971561872862 and parameters: {'window_influence': 0.3098370143603087, 'penalty_k': 0.11084728025654655, 'scale_lr': 0.7439874628344189}. Best is trial 172 with value: 0.2898540811810067.
checkpoint_e30 window_influence: 0.34535380499940393, penalty_k: 0.39040536542860071, scale_lr: 0.52091485944218174, EAO: 0.259
Trial 560 finished with value: 0.25907179658732765 and parameters: {'window_influence': 0.34535380499940393, 'penalty_k': 0.3904053654286007, 'scale_lr': 0.5209148594421817}. Best is trial 172 with value: 0.2898540811810067.
checkpoint_e30 window_influence: 0.36538886638388685, penalty_k: 0.06888054297027724, scale_lr: 0.38344061339462537, EAO: 0.269
Trial 561 finished with value: 0.26939100705511204 and parameters: {'window_influence': 0.36538886638388685, 'penalty_k': 0.06888054297027724, 'scale_lr': 0.3834406133946254}. Best is trial 172 with value: 0.2898540811810067.
checkpoint_e30 window_influence: 0.39631067204184073, penalty_k: 0.09503956857947095, scale_lr: 0.46872583125871120, EAO: 0.262
Trial 562 finished with value: 0.2617211211018446 and parameters: {'window_influence': 0.39631067204184073, 'penalty_k': 0.09503956857947095, 'scale_lr': 0.4687258312587112}. Best is trial 172 with value: 0.2898540811810067.
checkpoint_e30 window_influence: 0.33026472960601083, penalty_k: 0.29050317615904875, scale_lr: 0.50557299471532668, EAO: 0.263
Trial 563 finished with value: 0.2627556858266272 and parameters: {'window_influence': 0.33026472960601083, 'penalty_k': 0.29050317615904875, 'scale_lr': 0.5055729947153267}. Best is trial 172 with value: 0.2898540811810067.
checkpoint_e30 window_influence: 0.09389391077623654, penalty_k: 0.04355464847915565, scale_lr: 0.49141492663580588, EAO: 0.252
Trial 564 finished with value: 0.2522133883785426 and parameters: {'window_influence': 0.09389391077623654, 'penalty_k': 0.04355464847915565, 'scale_lr': 0.4914149266358059}. Best is trial 172 with value: 0.2898540811810067.
checkpoint_e30 window_influence: 0.38203303354207641, penalty_k: 0.07922834782717519, scale_lr: 0.28265859889878858, EAO: 0.274
Trial 565 finished with value: 0.27407028526067734 and parameters: {'window_influence': 0.3820330335420764, 'penalty_k': 0.0792283478271752, 'scale_lr': 0.2826585988987886}. Best is trial 172 with value: 0.2898540811810067.
checkpoint_e30 window_influence: 0.40825930820964995, penalty_k: 0.11795161747042941, scale_lr: 0.30358526485111625, EAO: 0.265
Trial 566 finished with value: 0.2646608264223347 and parameters: {'window_influence': 0.40825930820964995, 'penalty_k': 0.11795161747042941, 'scale_lr': 0.30358526485111625}. Best is trial 172 with value: 0.2898540811810067.
checkpoint_e30 window_influence: 0.06326641623585605, penalty_k: 0.10351832192962343, scale_lr: 0.45140459945538619, EAO: 0.245
Trial 567 finished with value: 0.24475539372703894 and parameters: {'window_influence': 0.06326641623585605, 'penalty_k': 0.10351832192962343, 'scale_lr': 0.4514045994553862}. Best is trial 172 with value: 0.2898540811810067.
checkpoint_e30 window_influence: 0.31949683892372205, penalty_k: 0.34477840994992059, scale_lr: 0.52771325783466139, EAO: 0.270
Trial 568 finished with value: 0.27046993871529895 and parameters: {'window_influence': 0.31949683892372205, 'penalty_k': 0.3447784099499206, 'scale_lr': 0.5277132578346614}. Best is trial 172 with value: 0.2898540811810067.
checkpoint_e30 window_influence: 0.35099362452642763, penalty_k: 0.07055782884613002, scale_lr: 0.40843364063510484, EAO: 0.266
Trial 569 finished with value: 0.2659332763131072 and parameters: {'window_influence': 0.35099362452642763, 'penalty_k': 0.07055782884613002, 'scale_lr': 0.40843364063510484}. Best is trial 172 with value: 0.2898540811810067.
checkpoint_e30 window_influence: 0.33748457684353250, penalty_k: 0.52830535162347692, scale_lr: 0.50935489538329526, EAO: 0.251
Trial 570 finished with value: 0.25141776443981545 and parameters: {'window_influence': 0.3374845768435325, 'penalty_k': 0.5283053516234769, 'scale_lr': 0.5093548953832953}. Best is trial 172 with value: 0.2898540811810067.
checkpoint_e30 window_influence: 0.56784013660655996, penalty_k: 0.14053455796149536, scale_lr: 0.48533443768645573, EAO: 0.239
Trial 571 finished with value: 0.23940637604734763 and parameters: {'window_influence': 0.56784013660656, 'penalty_k': 0.14053455796149536, 'scale_lr': 0.48533443768645573}. Best is trial 172 with value: 0.2898540811810067.
checkpoint_e30 window_influence: 0.37167304114175992, penalty_k: 0.09106170901435925, scale_lr: 0.63236896780230323, EAO: 0.264
Trial 572 finished with value: 0.2638443863488794 and parameters: {'window_influence': 0.3716730411417599, 'penalty_k': 0.09106170901435925, 'scale_lr': 0.6323689678023032}. Best is trial 172 with value: 0.2898540811810067.
checkpoint_e30 window_influence: 0.13468635419704350, penalty_k: 0.36063811051124650, scale_lr: 0.54500122870945078, EAO: 0.245
Trial 573 finished with value: 0.2446096097914184 and parameters: {'window_influence': 0.1346863541970435, 'penalty_k': 0.3606381105112465, 'scale_lr': 0.5450012287094508}. Best is trial 172 with value: 0.2898540811810067.
checkpoint_e30 window_influence: 0.30213084944131569, penalty_k: 0.02209694987205867, scale_lr: 0.32236106336739340, EAO: 0.284
Trial 574 finished with value: 0.2837158457898512 and parameters: {'window_influence': 0.3021308494413157, 'penalty_k': 0.022096949872058666, 'scale_lr': 0.3223610633673934}. Best is trial 172 with value: 0.2898540811810067.
checkpoint_e30 window_influence: 0.29364338575600057, penalty_k: 0.02846262077953050, scale_lr: 0.32850886981309685, EAO: 0.261
Trial 575 finished with value: 0.2608347391573394 and parameters: {'window_influence': 0.2936433857560006, 'penalty_k': 0.028462620779530504, 'scale_lr': 0.32850886981309685}. Best is trial 172 with value: 0.2898540811810067.
checkpoint_e30 window_influence: 0.30330471470659176, penalty_k: 0.46023411946673626, scale_lr: 0.31445058065910336, EAO: 0.276
Trial 576 finished with value: 0.276461632998009 and parameters: {'window_influence': 0.30330471470659176, 'penalty_k': 0.46023411946673626, 'scale_lr': 0.31445058065910336}. Best is trial 172 with value: 0.2898540811810067.
checkpoint_e30 window_influence: 0.27965261876349390, penalty_k: 0.03754927801080493, scale_lr: 0.68790899992555687, EAO: 0.259
Trial 577 finished with value: 0.2586339122759617 and parameters: {'window_influence': 0.2796526187634939, 'penalty_k': 0.03754927801080493, 'scale_lr': 0.6879089999255569}. Best is trial 172 with value: 0.2898540811810067.
checkpoint_e30 window_influence: 0.30380388940800057, penalty_k: 0.03873476171811329, scale_lr: 0.32403054684467431, EAO: 0.270
Trial 578 finished with value: 0.26983137858834694 and parameters: {'window_influence': 0.30380388940800057, 'penalty_k': 0.03873476171811329, 'scale_lr': 0.3240305468446743}. Best is trial 172 with value: 0.2898540811810067.
checkpoint_e30 window_influence: 0.31343527955613426, penalty_k: 0.02526537582905312, scale_lr: 0.34624380896528001, EAO: 0.267
Trial 579 finished with value: 0.2672052932221715 and parameters: {'window_influence': 0.31343527955613426, 'penalty_k': 0.025265375829053117, 'scale_lr': 0.34624380896528}. Best is trial 172 with value: 0.2898540811810067.
checkpoint_e30 window_influence: 0.27863706124506182, penalty_k: 0.05126193519577939, scale_lr: 0.28822183262935996, EAO: 0.261
Trial 580 finished with value: 0.26117099603501764 and parameters: {'window_influence': 0.2786370612450618, 'penalty_k': 0.051261935195779394, 'scale_lr': 0.28822183262935996}. Best is trial 172 with value: 0.2898540811810067.
checkpoint_e30 window_influence: 0.29713810556553832, penalty_k: 0.25750349154892571, scale_lr: 0.30306426056271824, EAO: 0.263
Trial 581 finished with value: 0.2628074086051646 and parameters: {'window_influence': 0.2971381055655383, 'penalty_k': 0.2575034915489257, 'scale_lr': 0.30306426056271824}. Best is trial 172 with value: 0.2898540811810067.
checkpoint_e30 window_influence: 0.31344227475982328, penalty_k: 0.02517383510617166, scale_lr: 0.56913006156604640, EAO: 0.261
Trial 582 finished with value: 0.2611166625851538 and parameters: {'window_influence': 0.3134422747598233, 'penalty_k': 0.02517383510617166, 'scale_lr': 0.5691300615660464}. Best is trial 172 with value: 0.2898540811810067.
checkpoint_e30 window_influence: 0.32334982690185082, penalty_k: 0.02124093062998654, scale_lr: 0.31545095924695599, EAO: 0.259
Trial 583 finished with value: 0.25926945413031227 and parameters: {'window_influence': 0.3233498269018508, 'penalty_k': 0.021240930629986544, 'scale_lr': 0.315450959246956}. Best is trial 172 with value: 0.2898540811810067.
checkpoint_e30 window_influence: 0.28816125711130791, penalty_k: 0.05742149347590203, scale_lr: 0.28817306512305269, EAO: 0.262
Trial 584 finished with value: 0.26168941215771 and parameters: {'window_influence': 0.2881612571113079, 'penalty_k': 0.05742149347590203, 'scale_lr': 0.2881730651230527}. Best is trial 172 with value: 0.2898540811810067.
checkpoint_e30 window_influence: 0.49004515745727567, penalty_k: 0.30363581799833644, scale_lr: 0.17588368542165722, EAO: 0.242
Trial 585 finished with value: 0.24204719848022227 and parameters: {'window_influence': 0.49004515745727567, 'penalty_k': 0.30363581799833644, 'scale_lr': 0.17588368542165722}. Best is trial 172 with value: 0.2898540811810067.
checkpoint_e30 window_influence: 0.26885986369593662, penalty_k: 0.38170838599222617, scale_lr: 0.33340315185283742, EAO: 0.259
Trial 586 finished with value: 0.2589327271391706 and parameters: {'window_influence': 0.2688598636959366, 'penalty_k': 0.3817083859922262, 'scale_lr': 0.3334031518528374}. Best is trial 172 with value: 0.2898540811810067.
checkpoint_e30 window_influence: 0.39559796795930019, penalty_k: 0.58564868655641744, scale_lr: 0.58810186077803661, EAO: 0.258
Trial 587 finished with value: 0.2581709697842598 and parameters: {'window_influence': 0.3955979679593002, 'penalty_k': 0.5856486865564174, 'scale_lr': 0.5881018607780366}. Best is trial 172 with value: 0.2898540811810067.
checkpoint_e30 window_influence: 0.32939988976042128, penalty_k: 0.20996737101676191, scale_lr: 0.34247002535738968, EAO: 0.269
Trial 588 finished with value: 0.26937492004012675 and parameters: {'window_influence': 0.3293998897604213, 'penalty_k': 0.2099673710167619, 'scale_lr': 0.3424700253573897}. Best is trial 172 with value: 0.2898540811810067.
checkpoint_e30 window_influence: 0.30573832699865727, penalty_k: 0.44754019128823824, scale_lr: 0.38164793335524944, EAO: 0.264
Trial 589 finished with value: 0.2643173773720012 and parameters: {'window_influence': 0.3057383269986573, 'penalty_k': 0.44754019128823824, 'scale_lr': 0.38164793335524944}. Best is trial 172 with value: 0.2898540811810067.
checkpoint_e30 window_influence: 0.31818649918324293, penalty_k: 0.01950737980504911, scale_lr: 0.30386203491863484, EAO: 0.250
Trial 590 finished with value: 0.24950012183044015 and parameters: {'window_influence': 0.31818649918324293, 'penalty_k': 0.019507379805049106, 'scale_lr': 0.30386203491863484}. Best is trial 172 with value: 0.2898540811810067.
checkpoint_e30 window_influence: 0.42912760455480381, penalty_k: 0.04460428567039350, scale_lr: 0.27418094408804083, EAO: 0.259
Trial 591 finished with value: 0.2590383637121053 and parameters: {'window_influence': 0.4291276045548038, 'penalty_k': 0.0446042856703935, 'scale_lr': 0.27418094408804083}. Best is trial 172 with value: 0.2898540811810067.
checkpoint_e30 window_influence: 0.51120295513996472, penalty_k: 0.12650466556205464, scale_lr: 0.55725161938425471, EAO: 0.248
Trial 592 finished with value: 0.2482984957050502 and parameters: {'window_influence': 0.5112029551399647, 'penalty_k': 0.12650466556205464, 'scale_lr': 0.5572516193842547}. Best is trial 172 with value: 0.2898540811810067.
checkpoint_e30 window_influence: 0.38213790192280139, penalty_k: 0.06357601101627761, scale_lr: 0.52367454247927092, EAO: 0.276
Trial 593 finished with value: 0.2755368120544325 and parameters: {'window_influence': 0.3821379019228014, 'penalty_k': 0.0635760110162776, 'scale_lr': 0.5236745424792709}. Best is trial 172 with value: 0.2898540811810067.
checkpoint_e30 window_influence: 0.52612716319657082, penalty_k: 0.11359327960028046, scale_lr: 0.35972641349389056, EAO: 0.244
Trial 594 finished with value: 0.24355046790305193 and parameters: {'window_influence': 0.5261271631965708, 'penalty_k': 0.11359327960028046, 'scale_lr': 0.35972641349389056}. Best is trial 172 with value: 0.2898540811810067.
checkpoint_e30 window_influence: 0.35620138987108396, penalty_k: 0.40468771068570969, scale_lr: 0.42274717704388504, EAO: 0.257
Trial 595 finished with value: 0.25704343404954044 and parameters: {'window_influence': 0.35620138987108396, 'penalty_k': 0.4046877106857097, 'scale_lr': 0.42274717704388504}. Best is trial 172 with value: 0.2898540811810067.
checkpoint_e30 window_influence: 0.25512086957965147, penalty_k: 0.41204119476847090, scale_lr: 0.46992066351096529, EAO: 0.263
Trial 596 finished with value: 0.2625315354122379 and parameters: {'window_influence': 0.25512086957965147, 'penalty_k': 0.4120411947684709, 'scale_lr': 0.4699206635109653}. Best is trial 172 with value: 0.2898540811810067.
checkpoint_e30 window_influence: 0.34195645526843182, penalty_k: 0.07584387676377458, scale_lr: 0.53328721047856709, EAO: 0.279
Trial 597 finished with value: 0.27862565576787884 and parameters: {'window_influence': 0.3419564552684318, 'penalty_k': 0.07584387676377458, 'scale_lr': 0.5332872104785671}. Best is trial 172 with value: 0.2898540811810067.
checkpoint_e30 window_influence: 0.45581101698262222, penalty_k: 0.38151674354629955, scale_lr: 0.45021220777938176, EAO: 0.254
Trial 598 finished with value: 0.2544858660397491 and parameters: {'window_influence': 0.4558110169826222, 'penalty_k': 0.38151674354629955, 'scale_lr': 0.45021220777938176}. Best is trial 172 with value: 0.2898540811810067.
checkpoint_e30 window_influence: 0.32925916764414659, penalty_k: 0.04610209433947351, scale_lr: 0.21475960505601766, EAO: 0.266
Trial 599 finished with value: 0.26624765301622993 and parameters: {'window_influence': 0.3292591676441466, 'penalty_k': 0.046102094339473515, 'scale_lr': 0.21475960505601766}. Best is trial 172 with value: 0.2898540811810067.
checkpoint_e30 window_influence: 0.36335460762949434, penalty_k: 0.01149473361972680, scale_lr: 0.49606898306477060, EAO: 0.262
Trial 600 finished with value: 0.261766387861434 and parameters: {'window_influence': 0.36335460762949434, 'penalty_k': 0.011494733619726805, 'scale_lr': 0.4960689830647706}. Best is trial 172 with value: 0.2898540811810067.
checkpoint_e30 window_influence: 0.39053462136729056, penalty_k: 0.16125975752994165, scale_lr: 0.51161417786326524, EAO: 0.251
Trial 601 finished with value: 0.2506140964787181 and parameters: {'window_influence': 0.39053462136729056, 'penalty_k': 0.16125975752994165, 'scale_lr': 0.5116141778632652}. Best is trial 172 with value: 0.2898540811810067.
checkpoint_e30 window_influence: 0.23182884967986789, penalty_k: 0.14399121061194500, scale_lr: 0.31002192557317643, EAO: 0.260
Trial 602 finished with value: 0.2600853962869179 and parameters: {'window_influence': 0.2318288496798679, 'penalty_k': 0.143991210611945, 'scale_lr': 0.3100219255731764}. Best is trial 172 with value: 0.2898540811810067.
checkpoint_e30 window_influence: 0.30956259270255709, penalty_k: 0.42468924167781869, scale_lr: 0.10192279720145297, EAO: 0.255
Trial 603 finished with value: 0.25537796088350495 and parameters: {'window_influence': 0.3095625927025571, 'penalty_k': 0.4246892416778187, 'scale_lr': 0.10192279720145297}. Best is trial 172 with value: 0.2898540811810067.
checkpoint_e30 window_influence: 0.41154640795565217, penalty_k: 0.10387631158011126, scale_lr: 0.43894078030486505, EAO: 0.270
Trial 604 finished with value: 0.269659553540916 and parameters: {'window_influence': 0.41154640795565217, 'penalty_k': 0.10387631158011126, 'scale_lr': 0.43894078030486505}. Best is trial 172 with value: 0.2898540811810067.
checkpoint_e30 window_influence: 0.23972219544024859, penalty_k: 0.00619838722661154, scale_lr: 0.29316089838927717, EAO: 0.254
Trial 605 finished with value: 0.25444390988204535 and parameters: {'window_influence': 0.2397221954402486, 'penalty_k': 0.006198387226611538, 'scale_lr': 0.29316089838927717}. Best is trial 172 with value: 0.2898540811810067.
checkpoint_e30 window_influence: 0.37322621560446029, penalty_k: 0.13045493137040085, scale_lr: 0.47942802546883212, EAO: 0.276
Trial 606 finished with value: 0.2755094754502056 and parameters: {'window_influence': 0.3732262156044603, 'penalty_k': 0.13045493137040085, 'scale_lr': 0.4794280254688321}. Best is trial 172 with value: 0.2898540811810067.
checkpoint_e30 window_influence: 0.33961125183695029, penalty_k: 0.01742829836682357, scale_lr: 0.60593513137655364, EAO: 0.271
Trial 607 finished with value: 0.27132186251200313 and parameters: {'window_influence': 0.3396112518369503, 'penalty_k': 0.01742829836682357, 'scale_lr': 0.6059351313765536}. Best is trial 172 with value: 0.2898540811810067.
checkpoint_e30 window_influence: 0.10619729403873945, penalty_k: 0.08597909424027039, scale_lr: 0.20383827343366295, EAO: 0.251
Trial 608 finished with value: 0.2508577368244892 and parameters: {'window_influence': 0.10619729403873945, 'penalty_k': 0.08597909424027039, 'scale_lr': 0.20383827343366295}. Best is trial 172 with value: 0.2898540811810067.
checkpoint_e30 window_influence: 0.44231855382302171, penalty_k: 0.46995094183865815, scale_lr: 0.51244560174743936, EAO: 0.244
Trial 609 finished with value: 0.24416795621315637 and parameters: {'window_influence': 0.4423185538230217, 'penalty_k': 0.46995094183865815, 'scale_lr': 0.5124456017474394}. Best is trial 172 with value: 0.2898540811810067.
checkpoint_e30 window_influence: 0.29192745149206956, penalty_k: 0.06904788873742435, scale_lr: 0.46218788951272105, EAO: 0.274
Trial 610 finished with value: 0.27383232716380096 and parameters: {'window_influence': 0.29192745149206956, 'penalty_k': 0.06904788873742435, 'scale_lr': 0.46218788951272105}. Best is trial 172 with value: 0.2898540811810067.
checkpoint_e30 window_influence: 0.16691762636971497, penalty_k: 0.10299187315020394, scale_lr: 0.27776728531629608, EAO: 0.263
Trial 611 finished with value: 0.26321157485973545 and parameters: {'window_influence': 0.16691762636971497, 'penalty_k': 0.10299187315020394, 'scale_lr': 0.2777672853162961}. Best is trial 172 with value: 0.2898540811810067.
checkpoint_e30 window_influence: 0.32218189784473028, penalty_k: 0.22504666222963532, scale_lr: 0.32884514574245810, EAO: 0.274
Trial 612 finished with value: 0.27370315772004244 and parameters: {'window_influence': 0.3221818978447303, 'penalty_k': 0.22504666222963532, 'scale_lr': 0.3288451457424581}. Best is trial 172 with value: 0.2898540811810067.
checkpoint_e30 window_influence: 0.13753563694315218, penalty_k: 0.27999159557644393, scale_lr: 0.57164360468543773, EAO: 0.259
Trial 613 finished with value: 0.258773850171062 and parameters: {'window_influence': 0.13753563694315218, 'penalty_k': 0.27999159557644393, 'scale_lr': 0.5716436046854377}. Best is trial 172 with value: 0.2898540811810067.
checkpoint_e30 window_influence: 0.62804089756201642, penalty_k: 0.11948641730705985, scale_lr: 0.53641847547357968, EAO: 0.229
Trial 614 finished with value: 0.22947730384464185 and parameters: {'window_influence': 0.6280408975620164, 'penalty_k': 0.11948641730705985, 'scale_lr': 0.5364184754735797}. Best is trial 172 with value: 0.2898540811810067.
checkpoint_e30 window_influence: 0.35403906982870847, penalty_k: 0.05560939433886007, scale_lr: 0.49760815949008952, EAO: 0.275
Trial 615 finished with value: 0.27486354173198946 and parameters: {'window_influence': 0.3540390698287085, 'penalty_k': 0.05560939433886007, 'scale_lr': 0.4976081594900895}. Best is trial 172 with value: 0.2898540811810067.
checkpoint_e30 window_influence: 0.46647457161025901, penalty_k: 0.00627010331936632, scale_lr: 0.48315631220660610, EAO: 0.262
Trial 616 finished with value: 0.26207806666692096 and parameters: {'window_influence': 0.466474571610259, 'penalty_k': 0.006270103319366321, 'scale_lr': 0.4831563122066061}. Best is trial 172 with value: 0.2898540811810067.
checkpoint_e30 window_influence: 0.33591925472713280, penalty_k: 0.08383299606395379, scale_lr: 0.35163377797414563, EAO: 0.272
Trial 617 finished with value: 0.27192857928150066 and parameters: {'window_influence': 0.3359192547271328, 'penalty_k': 0.0838329960639538, 'scale_lr': 0.35163377797414563}. Best is trial 172 with value: 0.2898540811810067.
checkpoint_e30 window_influence: 0.30335789940818098, penalty_k: 0.09399460847937789, scale_lr: 0.54892423413478220, EAO: 0.269
Trial 618 finished with value: 0.2687011476818139 and parameters: {'window_influence': 0.303357899408181, 'penalty_k': 0.09399460847937789, 'scale_lr': 0.5489242341347822}. Best is trial 172 with value: 0.2898540811810067.
checkpoint_e30 window_influence: 0.37757288513968484, penalty_k: 0.11263802588794290, scale_lr: 0.31694027958155879, EAO: 0.269
