Trial 247 finished with value: 0.26266158190442296 and parameters: {'window_influence': 0.3897928526137138, 'penalty_k': 0.13929395463072783, 'scale_lr': 0.24680486777874344}. Best is trial 35 with value: 0.27627885390103346.
checkpoint_e32 window_influence: 0.34766844642004202, penalty_k: 0.15844627174101625, scale_lr: 0.32504684301800657, EAO: 0.261
Trial 248 finished with value: 0.26128669979611063 and parameters: {'window_influence': 0.347668446420042, 'penalty_k': 0.15844627174101625, 'scale_lr': 0.32504684301800657}. Best is trial 35 with value: 0.27627885390103346.
checkpoint_e32 window_influence: 0.38112304783661899, penalty_k: 0.25751978431529154, scale_lr: 0.22684071861332292, EAO: 0.268
Trial 249 finished with value: 0.2684388690120806 and parameters: {'window_influence': 0.381123047836619, 'penalty_k': 0.25751978431529154, 'scale_lr': 0.22684071861332292}. Best is trial 35 with value: 0.27627885390103346.
checkpoint_e32 window_influence: 0.37429594720162246, penalty_k: 0.26364767243977105, scale_lr: 0.22449027072768804, EAO: 0.261
Trial 250 finished with value: 0.26069805922547007 and parameters: {'window_influence': 0.37429594720162246, 'penalty_k': 0.26364767243977105, 'scale_lr': 0.22449027072768804}. Best is trial 35 with value: 0.27627885390103346.
checkpoint_e32 window_influence: 0.33018416049601901, penalty_k: 0.24919464265736507, scale_lr: 0.19266667670975962, EAO: 0.272
Trial 251 finished with value: 0.2718584252203383 and parameters: {'window_influence': 0.330184160496019, 'penalty_k': 0.24919464265736507, 'scale_lr': 0.19266667670975962}. Best is trial 35 with value: 0.27627885390103346.
checkpoint_e32 window_influence: 0.33471712836004491, penalty_k: 0.23231041664159882, scale_lr: 0.18902916133844180, EAO: 0.262
Trial 252 finished with value: 0.262110389526782 and parameters: {'window_influence': 0.3347171283600449, 'penalty_k': 0.23231041664159882, 'scale_lr': 0.1890291613384418}. Best is trial 35 with value: 0.27627885390103346.
checkpoint_e32 window_influence: 0.32055693071386365, penalty_k: 0.24589444832720797, scale_lr: 0.15899829964212328, EAO: 0.251
Trial 253 finished with value: 0.2513208945349949 and parameters: {'window_influence': 0.32055693071386365, 'penalty_k': 0.24589444832720797, 'scale_lr': 0.15899829964212328}. Best is trial 35 with value: 0.27627885390103346.
checkpoint_e32 window_influence: 0.33298911936765735, penalty_k: 0.17633798601197187, scale_lr: 0.21240748229772632, EAO: 0.261
Trial 254 finished with value: 0.2608933891586172 and parameters: {'window_influence': 0.33298911936765735, 'penalty_k': 0.17633798601197187, 'scale_lr': 0.21240748229772632}. Best is trial 35 with value: 0.27627885390103346.
checkpoint_e32 window_influence: 0.29004212303337040, penalty_k: 0.21268926191105422, scale_lr: 0.19742920717081114, EAO: 0.263
Trial 255 finished with value: 0.26335929443196554 and parameters: {'window_influence': 0.2900421230333704, 'penalty_k': 0.21268926191105422, 'scale_lr': 0.19742920717081114}. Best is trial 35 with value: 0.27627885390103346.
checkpoint_e32 window_influence: 0.30684042746600027, penalty_k: 0.23783104796570267, scale_lr: 0.17113658446802477, EAO: 0.253
Trial 256 finished with value: 0.2529051681238461 and parameters: {'window_influence': 0.30684042746600027, 'penalty_k': 0.23783104796570267, 'scale_lr': 0.17113658446802477}. Best is trial 35 with value: 0.27627885390103346.
checkpoint_e32 window_influence: 0.32257096959617537, penalty_k: 0.20173937590535776, scale_lr: 0.18413628959570710, EAO: 0.261
Trial 257 finished with value: 0.26066767981624217 and parameters: {'window_influence': 0.32257096959617537, 'penalty_k': 0.20173937590535776, 'scale_lr': 0.1841362895957071}. Best is trial 35 with value: 0.27627885390103346.
checkpoint_e32 window_influence: 0.35566062970830570, penalty_k: 0.39545900325303518, scale_lr: 0.14869097403298981, EAO: 0.257
Trial 258 finished with value: 0.25716002079529493 and parameters: {'window_influence': 0.3556606297083057, 'penalty_k': 0.3954590032530352, 'scale_lr': 0.1486909740329898}. Best is trial 35 with value: 0.27627885390103346.
checkpoint_e32 window_influence: 0.34598622147583885, penalty_k: 0.27265714853198864, scale_lr: 0.20619224131911920, EAO: 0.266
Trial 259 finished with value: 0.2655606300123339 and parameters: {'window_influence': 0.34598622147583885, 'penalty_k': 0.27265714853198864, 'scale_lr': 0.2061922413191192}. Best is trial 35 with value: 0.27627885390103346.
checkpoint_e32 window_influence: 0.33003714371059417, penalty_k: 0.16524828293886426, scale_lr: 0.19436990670210300, EAO: 0.262
Trial 260 finished with value: 0.26199675636078285 and parameters: {'window_influence': 0.33003714371059417, 'penalty_k': 0.16524828293886426, 'scale_lr': 0.194369906702103}. Best is trial 35 with value: 0.27627885390103346.
checkpoint_e32 window_influence: 0.41517788508990916, penalty_k: 0.15182135749397971, scale_lr: 0.34144732151339524, EAO: 0.262
Trial 261 finished with value: 0.26177094483036334 and parameters: {'window_influence': 0.41517788508990916, 'penalty_k': 0.1518213574939797, 'scale_lr': 0.34144732151339524}. Best is trial 35 with value: 0.27627885390103346.
checkpoint_e32 window_influence: 0.29873750933804855, penalty_k: 0.18721977711003043, scale_lr: 0.23595375317891490, EAO: 0.261
Trial 262 finished with value: 0.26113667950882175 and parameters: {'window_influence': 0.29873750933804855, 'penalty_k': 0.18721977711003043, 'scale_lr': 0.2359537531789149}. Best is trial 35 with value: 0.27627885390103346.
checkpoint_e32 window_influence: 0.36620033087189580, penalty_k: 0.13972188956867687, scale_lr: 0.16177017511953604, EAO: 0.258
Trial 263 finished with value: 0.2582596488963298 and parameters: {'window_influence': 0.3662003308718958, 'penalty_k': 0.13972188956867687, 'scale_lr': 0.16177017511953604}. Best is trial 35 with value: 0.27627885390103346.
checkpoint_e32 window_influence: 0.31399503522417843, penalty_k: 0.25650024341576039, scale_lr: 0.18149597902757639, EAO: 0.265
Trial 264 finished with value: 0.26498374040049266 and parameters: {'window_influence': 0.31399503522417843, 'penalty_k': 0.2565002434157604, 'scale_lr': 0.1814959790275764}. Best is trial 35 with value: 0.27627885390103346.
checkpoint_e32 window_influence: 0.34718788312059506, penalty_k: 0.22711014666005322, scale_lr: 0.21254136060075310, EAO: 0.252
Trial 265 finished with value: 0.2522349039592394 and parameters: {'window_influence': 0.34718788312059506, 'penalty_k': 0.22711014666005322, 'scale_lr': 0.2125413606007531}. Best is trial 35 with value: 0.27627885390103346.
checkpoint_e32 window_influence: 0.40121584910449565, penalty_k: 0.29226395089867424, scale_lr: 0.13776919191202061, EAO: 0.259
Trial 266 finished with value: 0.25862237156891243 and parameters: {'window_influence': 0.40121584910449565, 'penalty_k': 0.29226395089867424, 'scale_lr': 0.1377691919120206}. Best is trial 35 with value: 0.27627885390103346.
checkpoint_e32 window_influence: 0.28476405209437394, penalty_k: 0.16861071365814984, scale_lr: 0.11176760245851863, EAO: 0.267
Trial 267 finished with value: 0.267306167420333 and parameters: {'window_influence': 0.28476405209437394, 'penalty_k': 0.16861071365814984, 'scale_lr': 0.11176760245851863}. Best is trial 35 with value: 0.27627885390103346.
checkpoint_e32 window_influence: 0.33411299114342552, penalty_k: 0.24953459209012060, scale_lr: 0.24754932182663525, EAO: 0.267
Trial 268 finished with value: 0.26715495976490705 and parameters: {'window_influence': 0.3341129911434255, 'penalty_k': 0.2495345920901206, 'scale_lr': 0.24754932182663525}. Best is trial 35 with value: 0.27627885390103346.
checkpoint_e32 window_influence: 0.26159825905662976, penalty_k: 0.49923141285701378, scale_lr: 0.27015777712762346, EAO: 0.247
Trial 269 finished with value: 0.24734532487828556 and parameters: {'window_influence': 0.26159825905662976, 'penalty_k': 0.4992314128570138, 'scale_lr': 0.27015777712762346}. Best is trial 35 with value: 0.27627885390103346.
checkpoint_e32 window_influence: 0.36120715464402403, penalty_k: 0.12955691369309486, scale_lr: 0.19976442424468566, EAO: 0.268
Trial 270 finished with value: 0.26752441000889954 and parameters: {'window_influence': 0.36120715464402403, 'penalty_k': 0.12955691369309486, 'scale_lr': 0.19976442424468566}. Best is trial 35 with value: 0.27627885390103346.
checkpoint_e32 window_influence: 0.32177964842574991, penalty_k: 0.28393350003269685, scale_lr: 0.42374466632361563, EAO: 0.261
Trial 271 finished with value: 0.26060975106751044 and parameters: {'window_influence': 0.3217796484257499, 'penalty_k': 0.28393350003269685, 'scale_lr': 0.4237446663236156}. Best is trial 35 with value: 0.27627885390103346.
checkpoint_e32 window_influence: 0.39012703382257174, penalty_k: 0.20568021985299648, scale_lr: 0.17154917413603965, EAO: 0.256
Trial 272 finished with value: 0.25632908685905176 and parameters: {'window_influence': 0.39012703382257174, 'penalty_k': 0.20568021985299648, 'scale_lr': 0.17154917413603965}. Best is trial 35 with value: 0.27627885390103346.
checkpoint_e32 window_influence: 0.62065847637608695, penalty_k: 0.57796837964491243, scale_lr: 0.21609512543617571, EAO: 0.202
Trial 273 finished with value: 0.20202368976381735 and parameters: {'window_influence': 0.620658476376087, 'penalty_k': 0.5779683796449124, 'scale_lr': 0.2160951254361757}. Best is trial 35 with value: 0.27627885390103346.
checkpoint_e32 window_influence: 0.44206145952113618, penalty_k: 0.21821207232660284, scale_lr: 0.28856412205736209, EAO: 0.249
Trial 274 finished with value: 0.2490121767651744 and parameters: {'window_influence': 0.4420614595211362, 'penalty_k': 0.21821207232660284, 'scale_lr': 0.2885641220573621}. Best is trial 35 with value: 0.27627885390103346.
checkpoint_e32 window_influence: 0.22835468904732567, penalty_k: 0.06302303739750631, scale_lr: 0.18530914498035170, EAO: 0.248
Trial 275 finished with value: 0.24822449205609842 and parameters: {'window_influence': 0.22835468904732567, 'penalty_k': 0.06302303739750631, 'scale_lr': 0.1853091449803517}. Best is trial 35 with value: 0.27627885390103346.
checkpoint_e32 window_influence: 0.37161767721959210, penalty_k: 0.15001406854675026, scale_lr: 0.23357317998034310, EAO: 0.264
Trial 276 finished with value: 0.2644198600475381 and parameters: {'window_influence': 0.3716176772195921, 'penalty_k': 0.15001406854675026, 'scale_lr': 0.2335731799803431}. Best is trial 35 with value: 0.27627885390103346.
checkpoint_e32 window_influence: 0.30506795589696289, penalty_k: 0.19445154712501808, scale_lr: 0.15356347996681294, EAO: 0.265
Trial 277 finished with value: 0.2651337643827849 and parameters: {'window_influence': 0.3050679558969629, 'penalty_k': 0.19445154712501808, 'scale_lr': 0.15356347996681294}. Best is trial 35 with value: 0.27627885390103346.
checkpoint_e32 window_influence: 0.34152544214230290, penalty_k: 0.11241691487155164, scale_lr: 0.20102213968245009, EAO: 0.262
Trial 278 finished with value: 0.26178054220792724 and parameters: {'window_influence': 0.3415254421423029, 'penalty_k': 0.11241691487155164, 'scale_lr': 0.20102213968245009}. Best is trial 35 with value: 0.27627885390103346.
checkpoint_e32 window_influence: 0.27420107186744597, penalty_k: 0.17064116396088844, scale_lr: 0.25183827104842482, EAO: 0.265
Trial 279 finished with value: 0.264846653291365 and parameters: {'window_influence': 0.27420107186744597, 'penalty_k': 0.17064116396088844, 'scale_lr': 0.2518382710484248}. Best is trial 35 with value: 0.27627885390103346.
checkpoint_e32 window_influence: 0.35489358398344695, penalty_k: 0.04068297383435390, scale_lr: 0.21534381654105536, EAO: 0.262
Trial 280 finished with value: 0.26228029050720414 and parameters: {'window_influence': 0.35489358398344695, 'penalty_k': 0.0406829738343539, 'scale_lr': 0.21534381654105536}. Best is trial 35 with value: 0.27627885390103346.
checkpoint_e32 window_influence: 0.42224058709006324, penalty_k: 0.15293520041880504, scale_lr: 0.13933247415074704, EAO: 0.252
Trial 281 finished with value: 0.2515161058645907 and parameters: {'window_influence': 0.42224058709006324, 'penalty_k': 0.15293520041880504, 'scale_lr': 0.13933247415074704}. Best is trial 35 with value: 0.27627885390103346.
checkpoint_e32 window_influence: 0.38460879436350442, penalty_k: 0.18146053620143499, scale_lr: 0.17164624387508451, EAO: 0.249
Trial 282 finished with value: 0.24937266026570545 and parameters: {'window_influence': 0.3846087943635044, 'penalty_k': 0.18146053620143499, 'scale_lr': 0.1716462438750845}. Best is trial 35 with value: 0.27627885390103346.
checkpoint_e32 window_influence: 0.40980336380386162, penalty_k: 0.12201864643938226, scale_lr: 0.18908684762654504, EAO: 0.264
Trial 283 finished with value: 0.2644561465557029 and parameters: {'window_influence': 0.4098033638038616, 'penalty_k': 0.12201864643938226, 'scale_lr': 0.18908684762654504}. Best is trial 35 with value: 0.27627885390103346.
checkpoint_e32 window_influence: 0.31443455172628509, penalty_k: 0.13997534239911519, scale_lr: 0.22785837320089047, EAO: 0.257
Trial 284 finished with value: 0.2566447626890206 and parameters: {'window_influence': 0.3144345517262851, 'penalty_k': 0.1399753423991152, 'scale_lr': 0.22785837320089047}. Best is trial 35 with value: 0.27627885390103346.
checkpoint_e32 window_influence: 0.36478112655404055, penalty_k: 0.08219096493107608, scale_lr: 0.27115027241289458, EAO: 0.260
Trial 285 finished with value: 0.26015878626243855 and parameters: {'window_influence': 0.36478112655404055, 'penalty_k': 0.08219096493107608, 'scale_lr': 0.2711502724128946}. Best is trial 35 with value: 0.27627885390103346.
checkpoint_e32 window_influence: 0.29524081664963664, penalty_k: 0.27513904941197986, scale_lr: 0.20350401000565074, EAO: 0.259
Trial 286 finished with value: 0.25851044113316185 and parameters: {'window_influence': 0.29524081664963664, 'penalty_k': 0.27513904941197986, 'scale_lr': 0.20350401000565074}. Best is trial 35 with value: 0.27627885390103346.
checkpoint_e32 window_influence: 0.32620989257288485, penalty_k: 0.05051154178650717, scale_lr: 0.30127033727057712, EAO: 0.257
Trial 287 finished with value: 0.25686678429686927 and parameters: {'window_influence': 0.32620989257288485, 'penalty_k': 0.050511541786507165, 'scale_lr': 0.3012703372705771}. Best is trial 35 with value: 0.27627885390103346.
checkpoint_e32 window_influence: 0.34768028343143509, penalty_k: 0.16261999644276270, scale_lr: 0.11539750524287448, EAO: 0.261
Trial 288 finished with value: 0.26120266833198746 and parameters: {'window_influence': 0.3476802834314351, 'penalty_k': 0.1626199964427627, 'scale_lr': 0.11539750524287448}. Best is trial 35 with value: 0.27627885390103346.
checkpoint_e32 window_influence: 0.39769361513393220, penalty_k: 0.09944982530227034, scale_lr: 0.16018188347934526, EAO: 0.259
Trial 289 finished with value: 0.25948795730747826 and parameters: {'window_influence': 0.3976936151339322, 'penalty_k': 0.09944982530227034, 'scale_lr': 0.16018188347934526}. Best is trial 35 with value: 0.27627885390103346.
checkpoint_e32 window_influence: 0.36975866112584477, penalty_k: 0.18564668762633577, scale_lr: 0.24153743246938283, EAO: 0.262
Trial 290 finished with value: 0.2619378328081069 and parameters: {'window_influence': 0.36975866112584477, 'penalty_k': 0.18564668762633577, 'scale_lr': 0.24153743246938283}. Best is trial 35 with value: 0.27627885390103346.
checkpoint_e32 window_influence: 0.37919757884779026, penalty_k: 0.23873959211706869, scale_lr: 0.18140924044030368, EAO: 0.252
Trial 291 finished with value: 0.2516359821325395 and parameters: {'window_influence': 0.37919757884779026, 'penalty_k': 0.2387395921170687, 'scale_lr': 0.18140924044030368}. Best is trial 35 with value: 0.27627885390103346.
checkpoint_e32 window_influence: 0.34120504572589638, penalty_k: 0.17227070615722559, scale_lr: 0.22370422966154752, EAO: 0.257
Trial 292 finished with value: 0.25677085692078117 and parameters: {'window_influence': 0.3412050457258964, 'penalty_k': 0.1722707061572256, 'scale_lr': 0.22370422966154752}. Best is trial 35 with value: 0.27627885390103346.
checkpoint_e32 window_influence: 0.35410212250023787, penalty_k: 0.19916171853899975, scale_lr: 0.26131091209067786, EAO: 0.258
Trial 293 finished with value: 0.25801512187089376 and parameters: {'window_influence': 0.35410212250023787, 'penalty_k': 0.19916171853899975, 'scale_lr': 0.26131091209067786}. Best is trial 35 with value: 0.27627885390103346.
checkpoint_e32 window_influence: 0.31354801643647812, penalty_k: 0.30255842810987249, scale_lr: 0.12609965661843817, EAO: 0.252
Trial 294 finished with value: 0.2517104197929545 and parameters: {'window_influence': 0.3135480164364781, 'penalty_k': 0.3025584281098725, 'scale_lr': 0.12609965661843817}. Best is trial 35 with value: 0.27627885390103346.
checkpoint_e32 window_influence: 0.29760157774167051, penalty_k: 0.13040294307993705, scale_lr: 0.19586456832761898, EAO: 0.257
Trial 295 finished with value: 0.25695957873410324 and parameters: {'window_influence': 0.2976015777416705, 'penalty_k': 0.13040294307993705, 'scale_lr': 0.19586456832761898}. Best is trial 35 with value: 0.27627885390103346.
checkpoint_e32 window_influence: 0.33246404459821682, penalty_k: 0.26390974853153931, scale_lr: 0.21612564973621440, EAO: 0.265
Trial 296 finished with value: 0.26473548614639575 and parameters: {'window_influence': 0.3324640445982168, 'penalty_k': 0.2639097485315393, 'scale_lr': 0.2161256497362144}. Best is trial 35 with value: 0.27627885390103346.
checkpoint_e32 window_influence: 0.39136879101707822, penalty_k: 0.07399609256477338, scale_lr: 0.43699669386996515, EAO: 0.257
Trial 297 finished with value: 0.2574745029574487 and parameters: {'window_influence': 0.3913687910170782, 'penalty_k': 0.07399609256477338, 'scale_lr': 0.43699669386996515}. Best is trial 35 with value: 0.27627885390103346.
checkpoint_e32 window_influence: 0.11830341802981531, penalty_k: 0.21582535805515185, scale_lr: 0.14758661309793264, EAO: 0.240
Trial 298 finished with value: 0.24014991800474927 and parameters: {'window_influence': 0.11830341802981531, 'penalty_k': 0.21582535805515185, 'scale_lr': 0.14758661309793264}. Best is trial 35 with value: 0.27627885390103346.
checkpoint_e32 window_influence: 0.36425338116760692, penalty_k: 0.15326599122169848, scale_lr: 0.16661872121443230, EAO: 0.272
Trial 299 finished with value: 0.27229023712679623 and parameters: {'window_influence': 0.3642533811676069, 'penalty_k': 0.15326599122169848, 'scale_lr': 0.1666187212144323}. Best is trial 35 with value: 0.27627885390103346.
checkpoint_e32 window_influence: 0.37812262813830938, penalty_k: 0.16325783947030345, scale_lr: 0.16416977301127408, EAO: 0.260
Trial 300 finished with value: 0.259841068004205 and parameters: {'window_influence': 0.3781226281383094, 'penalty_k': 0.16325783947030345, 'scale_lr': 0.16416977301127408}. Best is trial 35 with value: 0.27627885390103346.
checkpoint_e32 window_influence: 0.36360029257980719, penalty_k: 0.19088117735533117, scale_lr: 0.38836572060236391, EAO: 0.261
Trial 301 finished with value: 0.2606631132160745 and parameters: {'window_influence': 0.3636002925798072, 'penalty_k': 0.19088117735533117, 'scale_lr': 0.3883657206023639}. Best is trial 35 with value: 0.27627885390103346.
checkpoint_e32 window_influence: 0.37010013176439144, penalty_k: 0.03419009717784816, scale_lr: 0.17564712979021382, EAO: 0.267
Trial 302 finished with value: 0.2672657079812957 and parameters: {'window_influence': 0.37010013176439144, 'penalty_k': 0.034190097177848155, 'scale_lr': 0.17564712979021382}. Best is trial 35 with value: 0.27627885390103346.
checkpoint_e32 window_influence: 0.28186847239039192, penalty_k: 0.06251492871219475, scale_lr: 0.14230219530232477, EAO: 0.241
Trial 303 finished with value: 0.2406686919976056 and parameters: {'window_influence': 0.2818684723903919, 'penalty_k': 0.06251492871219475, 'scale_lr': 0.14230219530232477}. Best is trial 35 with value: 0.27627885390103346.
checkpoint_e32 window_influence: 0.40543652285525350, penalty_k: 0.24989488546142166, scale_lr: 0.35434444690850436, EAO: 0.260
Trial 304 finished with value: 0.25961194217689637 and parameters: {'window_influence': 0.4054365228552535, 'penalty_k': 0.24989488546142166, 'scale_lr': 0.35434444690850436}. Best is trial 35 with value: 0.27627885390103346.
checkpoint_e32 window_influence: 0.54437559933162549, penalty_k: 0.10775407448902076, scale_lr: 0.28819853477270213, EAO: 0.238
Trial 305 finished with value: 0.23821207408497974 and parameters: {'window_influence': 0.5443755993316255, 'penalty_k': 0.10775407448902076, 'scale_lr': 0.28819853477270213}. Best is trial 35 with value: 0.27627885390103346.
checkpoint_e32 window_influence: 0.35349516872853565, penalty_k: 0.17764054166126708, scale_lr: 0.16618264832544552, EAO: 0.262
Trial 306 finished with value: 0.26233663755219155 and parameters: {'window_influence': 0.35349516872853565, 'penalty_k': 0.17764054166126708, 'scale_lr': 0.16618264832544552}. Best is trial 35 with value: 0.27627885390103346.
checkpoint_e32 window_influence: 0.38409719791945457, penalty_k: 0.46702766883363683, scale_lr: 0.18770548939592308, EAO: 0.260
Trial 307 finished with value: 0.2599138034795358 and parameters: {'window_influence': 0.38409719791945457, 'penalty_k': 0.46702766883363683, 'scale_lr': 0.18770548939592308}. Best is trial 35 with value: 0.27627885390103346.
checkpoint_e32 window_influence: 0.35924657710596158, penalty_k: 0.14327725179549203, scale_lr: 0.62232643711926483, EAO: 0.262
Trial 308 finished with value: 0.2619181140893843 and parameters: {'window_influence': 0.3592465771059616, 'penalty_k': 0.14327725179549203, 'scale_lr': 0.6223264371192648}. Best is trial 35 with value: 0.27627885390103346.
checkpoint_e32 window_influence: 0.43148921895128178, penalty_k: 0.22508587256726298, scale_lr: 0.15529197878171486, EAO: 0.255
