Trial 920 finished with value: 0.25381236123602563 and parameters: {'window_influence': 0.38261193296107054, 'penalty_k': 0.5867357890061816, 'scale_lr': 0.24409546401139698}. Best is trial 903 with value: 0.2855624982981178.
checkpoint_e32 window_influence: 0.10586578018217432, penalty_k: 0.16051506327632595, scale_lr: 0.12510823146979039, EAO: 0.241
Trial 921 finished with value: 0.24055675944177116 and parameters: {'window_influence': 0.10586578018217432, 'penalty_k': 0.16051506327632595, 'scale_lr': 0.1251082314697904}. Best is trial 903 with value: 0.2855624982981178.
checkpoint_e32 window_influence: 0.37721425204855413, penalty_k: 0.14413938750115934, scale_lr: 0.13543275545947836, EAO: 0.283
Trial 922 finished with value: 0.28292696208246354 and parameters: {'window_influence': 0.37721425204855413, 'penalty_k': 0.14413938750115934, 'scale_lr': 0.13543275545947836}. Best is trial 903 with value: 0.2855624982981178.
checkpoint_e32 window_influence: 0.37604050376304177, penalty_k: 0.15001633488171925, scale_lr: 0.13603252972174268, EAO: 0.278
Trial 923 finished with value: 0.2784226351394886 and parameters: {'window_influence': 0.37604050376304177, 'penalty_k': 0.15001633488171925, 'scale_lr': 0.13603252972174268}. Best is trial 903 with value: 0.2855624982981178.
checkpoint_e32 window_influence: 0.39116377858848439, penalty_k: 0.14329243056951399, scale_lr: 0.17850651077982577, EAO: 0.282
Trial 924 finished with value: 0.2818595616798091 and parameters: {'window_influence': 0.3911637785884844, 'penalty_k': 0.143292430569514, 'scale_lr': 0.17850651077982577}. Best is trial 903 with value: 0.2855624982981178.
checkpoint_e32 window_influence: 0.39876063413667590, penalty_k: 0.14482408378640324, scale_lr: 0.17285359098462322, EAO: 0.274
Trial 925 finished with value: 0.27443511002674337 and parameters: {'window_influence': 0.3987606341366759, 'penalty_k': 0.14482408378640324, 'scale_lr': 0.17285359098462322}. Best is trial 903 with value: 0.2855624982981178.
checkpoint_e32 window_influence: 0.38166990535428091, penalty_k: 0.16477934695939531, scale_lr: 0.14730645474306966, EAO: 0.269
Trial 926 finished with value: 0.2692869024548104 and parameters: {'window_influence': 0.3816699053542809, 'penalty_k': 0.1647793469593953, 'scale_lr': 0.14730645474306966}. Best is trial 903 with value: 0.2855624982981178.
checkpoint_e32 window_influence: 0.39696299855153827, penalty_k: 0.14620865702840388, scale_lr: 0.12865736277523127, EAO: 0.279
Trial 927 finished with value: 0.27883293594771286 and parameters: {'window_influence': 0.39696299855153827, 'penalty_k': 0.14620865702840388, 'scale_lr': 0.12865736277523127}. Best is trial 903 with value: 0.2855624982981178.
checkpoint_e32 window_influence: 0.39349255804527672, penalty_k: 0.13768047754217091, scale_lr: 0.17018605110574431, EAO: 0.262
Trial 928 finished with value: 0.2623267082906351 and parameters: {'window_influence': 0.3934925580452767, 'penalty_k': 0.13768047754217091, 'scale_lr': 0.1701860511057443}. Best is trial 903 with value: 0.2855624982981178.
checkpoint_e32 window_influence: 0.37677625700339196, penalty_k: 0.17400163036309907, scale_lr: 0.11294088055673128, EAO: 0.275
Trial 929 finished with value: 0.27461198341798004 and parameters: {'window_influence': 0.37677625700339196, 'penalty_k': 0.17400163036309907, 'scale_lr': 0.11294088055673128}. Best is trial 903 with value: 0.2855624982981178.
checkpoint_e32 window_influence: 0.39317603357976438, penalty_k: 0.12817993767810987, scale_lr: 0.15258851829161141, EAO: 0.270
Trial 930 finished with value: 0.27029729949507286 and parameters: {'window_influence': 0.3931760335797644, 'penalty_k': 0.12817993767810987, 'scale_lr': 0.1525885182916114}. Best is trial 903 with value: 0.2855624982981178.
checkpoint_e32 window_influence: 0.37095701950206439, penalty_k: 0.16605901167517909, scale_lr: 0.13690372449473442, EAO: 0.273
Trial 931 finished with value: 0.27307880681946994 and parameters: {'window_influence': 0.3709570195020644, 'penalty_k': 0.16605901167517909, 'scale_lr': 0.13690372449473442}. Best is trial 903 with value: 0.2855624982981178.
checkpoint_e32 window_influence: 0.55515193681959185, penalty_k: 0.14854323088486568, scale_lr: 0.18173646677999367, EAO: 0.245
Trial 932 finished with value: 0.24491731737687336 and parameters: {'window_influence': 0.5551519368195919, 'penalty_k': 0.14854323088486568, 'scale_lr': 0.18173646677999367}. Best is trial 903 with value: 0.2855624982981178.
checkpoint_e32 window_influence: 0.37722889255380843, penalty_k: 0.57080066848852751, scale_lr: 0.12148767350622708, EAO: 0.250
Trial 933 finished with value: 0.25048737833654977 and parameters: {'window_influence': 0.3772288925538084, 'penalty_k': 0.5708006684885275, 'scale_lr': 0.12148767350622708}. Best is trial 903 with value: 0.2855624982981178.
checkpoint_e32 window_influence: 0.40934048289328306, penalty_k: 0.15654649608858615, scale_lr: 0.22725339310334711, EAO: 0.268
Trial 934 finished with value: 0.26756003632293485 and parameters: {'window_influence': 0.40934048289328306, 'penalty_k': 0.15654649608858615, 'scale_lr': 0.2272533931033471}. Best is trial 903 with value: 0.2855624982981178.
checkpoint_e32 window_influence: 0.38758453442589880, penalty_k: 0.12960973232917611, scale_lr: 0.10995562500316114, EAO: 0.265
Trial 935 finished with value: 0.2650010872904847 and parameters: {'window_influence': 0.3875845344258988, 'penalty_k': 0.1296097323291761, 'scale_lr': 0.10995562500316114}. Best is trial 903 with value: 0.2855624982981178.
checkpoint_e32 window_influence: 0.40459592211225687, penalty_k: 0.13785856408992073, scale_lr: 0.16188114356745503, EAO: 0.274
Trial 936 finished with value: 0.27353707228491947 and parameters: {'window_influence': 0.40459592211225687, 'penalty_k': 0.13785856408992073, 'scale_lr': 0.16188114356745503}. Best is trial 903 with value: 0.2855624982981178.
checkpoint_e32 window_influence: 0.41626988075322641, penalty_k: 0.15433622247752921, scale_lr: 0.10010669740845936, EAO: 0.282
Trial 937 finished with value: 0.2815778755196711 and parameters: {'window_influence': 0.4162698807532264, 'penalty_k': 0.1543362224775292, 'scale_lr': 0.10010669740845936}. Best is trial 903 with value: 0.2855624982981178.
checkpoint_e32 window_influence: 0.42505809184040555, penalty_k: 0.15752312602274049, scale_lr: 0.11167665677946483, EAO: 0.278
Trial 938 finished with value: 0.2778468494250522 and parameters: {'window_influence': 0.42505809184040555, 'penalty_k': 0.1575231260227405, 'scale_lr': 0.11167665677946483}. Best is trial 903 with value: 0.2855624982981178.
checkpoint_e32 window_influence: 0.41589446806879499, penalty_k: 0.15183920104492091, scale_lr: 0.12534374759432390, EAO: 0.270
Trial 939 finished with value: 0.27030663610231587 and parameters: {'window_influence': 0.415894468068795, 'penalty_k': 0.1518392010449209, 'scale_lr': 0.1253437475943239}. Best is trial 903 with value: 0.2855624982981178.
checkpoint_e32 window_influence: 0.41260373425020735, penalty_k: 0.13910931110576505, scale_lr: 0.20515144163677596, EAO: 0.267
Trial 940 finished with value: 0.2667007752792622 and parameters: {'window_influence': 0.41260373425020735, 'penalty_k': 0.13910931110576505, 'scale_lr': 0.20515144163677596}. Best is trial 903 with value: 0.2855624982981178.
checkpoint_e32 window_influence: 0.07741053162347289, penalty_k: 0.15318664538563620, scale_lr: 0.10011299683215057, EAO: 0.246
Trial 941 finished with value: 0.2456598699819751 and parameters: {'window_influence': 0.07741053162347289, 'penalty_k': 0.1531866453856362, 'scale_lr': 0.10011299683215057}. Best is trial 903 with value: 0.2855624982981178.
checkpoint_e32 window_influence: 0.39535379239948942, penalty_k: 0.17490658851930638, scale_lr: 0.10061919694317921, EAO: 0.284
Trial 942 finished with value: 0.284305562272789 and parameters: {'window_influence': 0.3953537923994894, 'penalty_k': 0.17490658851930638, 'scale_lr': 0.10061919694317921}. Best is trial 903 with value: 0.2855624982981178.
checkpoint_e32 window_influence: 0.39073073288469090, penalty_k: 0.14529258645494977, scale_lr: 0.11344227390464756, EAO: 0.277
Trial 943 finished with value: 0.2767970882416741 and parameters: {'window_influence': 0.3907307328846909, 'penalty_k': 0.14529258645494977, 'scale_lr': 0.11344227390464756}. Best is trial 903 with value: 0.2855624982981178.
checkpoint_e32 window_influence: 0.40373255178514805, penalty_k: 0.16488297470786967, scale_lr: 0.10001795008210261, EAO: 0.284
Trial 944 finished with value: 0.28373651151976936 and parameters: {'window_influence': 0.40373255178514805, 'penalty_k': 0.16488297470786967, 'scale_lr': 0.10001795008210261}. Best is trial 903 with value: 0.2855624982981178.
checkpoint_e32 window_influence: 0.40436363388263347, penalty_k: 0.15704072655927762, scale_lr: 0.10318440996723871, EAO: 0.277
Trial 945 finished with value: 0.27729937930901843 and parameters: {'window_influence': 0.40436363388263347, 'penalty_k': 0.15704072655927762, 'scale_lr': 0.10318440996723871}. Best is trial 903 with value: 0.2855624982981178.
checkpoint_e32 window_influence: 0.38980239382482273, penalty_k: 0.17045112474793739, scale_lr: 0.12464708161512443, EAO: 0.275
Trial 946 finished with value: 0.2746174531133194 and parameters: {'window_influence': 0.38980239382482273, 'penalty_k': 0.1704511247479374, 'scale_lr': 0.12464708161512443}. Best is trial 903 with value: 0.2855624982981178.
checkpoint_e32 window_influence: 0.41805261436813068, penalty_k: 0.16088265236656987, scale_lr: 0.10193355611156181, EAO: 0.273
Trial 947 finished with value: 0.27285395096230314 and parameters: {'window_influence': 0.4180526143681307, 'penalty_k': 0.16088265236656987, 'scale_lr': 0.10193355611156181}. Best is trial 903 with value: 0.2855624982981178.
checkpoint_e32 window_influence: 0.40152751234319556, penalty_k: 0.17944222350700959, scale_lr: 0.10051914975041021, EAO: 0.276
Trial 948 finished with value: 0.2758210767817691 and parameters: {'window_influence': 0.40152751234319556, 'penalty_k': 0.17944222350700959, 'scale_lr': 0.10051914975041021}. Best is trial 903 with value: 0.2855624982981178.
checkpoint_e32 window_influence: 0.38485648337075001, penalty_k: 0.17828357326236619, scale_lr: 0.13684615155435226, EAO: 0.269
Trial 949 finished with value: 0.2692587769370738 and parameters: {'window_influence': 0.38485648337075, 'penalty_k': 0.17828357326236619, 'scale_lr': 0.13684615155435226}. Best is trial 903 with value: 0.2855624982981178.
checkpoint_e32 window_influence: 0.39719119588965540, penalty_k: 0.14364859985577430, scale_lr: 0.12272048260201028, EAO: 0.286
Trial 950 finished with value: 0.2864013677084349 and parameters: {'window_influence': 0.3971911958896554, 'penalty_k': 0.1436485998557743, 'scale_lr': 0.12272048260201028}. Best is trial 950 with value: 0.2864013677084349.
checkpoint_e32 window_influence: 0.40160058881617611, penalty_k: 0.16721657613711244, scale_lr: 0.14477912240875701, EAO: 0.276
Trial 951 finished with value: 0.2755059805221674 and parameters: {'window_influence': 0.4016005888161761, 'penalty_k': 0.16721657613711244, 'scale_lr': 0.144779122408757}. Best is trial 950 with value: 0.2864013677084349.
checkpoint_e32 window_influence: 0.41070049123064745, penalty_k: 0.15770836587728387, scale_lr: 0.12580136039182960, EAO: 0.273
Trial 952 finished with value: 0.27339955879663064 and parameters: {'window_influence': 0.41070049123064745, 'penalty_k': 0.15770836587728387, 'scale_lr': 0.1258013603918296}. Best is trial 950 with value: 0.2864013677084349.
checkpoint_e32 window_influence: 0.38910374178137197, penalty_k: 0.17726504038979965, scale_lr: 0.12024639245076824, EAO: 0.274
Trial 953 finished with value: 0.27422185629848544 and parameters: {'window_influence': 0.38910374178137197, 'penalty_k': 0.17726504038979965, 'scale_lr': 0.12024639245076824}. Best is trial 950 with value: 0.2864013677084349.
checkpoint_e32 window_influence: 0.38419216546405627, penalty_k: 0.14598284034484812, scale_lr: 0.10056588074913383, EAO: 0.267
Trial 954 finished with value: 0.26729281313293346 and parameters: {'window_influence': 0.38419216546405627, 'penalty_k': 0.14598284034484812, 'scale_lr': 0.10056588074913383}. Best is trial 950 with value: 0.2864013677084349.
checkpoint_e32 window_influence: 0.39746971960120991, penalty_k: 0.16588283857386804, scale_lr: 0.25340894303025507, EAO: 0.263
Trial 955 finished with value: 0.262522652018361 and parameters: {'window_influence': 0.3974697196012099, 'penalty_k': 0.16588283857386804, 'scale_lr': 0.2534089430302551}. Best is trial 950 with value: 0.2864013677084349.
checkpoint_e32 window_influence: 0.41366563022727737, penalty_k: 0.12944613939259955, scale_lr: 0.13545585589359621, EAO: 0.286
Trial 956 finished with value: 0.2859584426855653 and parameters: {'window_influence': 0.41366563022727737, 'penalty_k': 0.12944613939259955, 'scale_lr': 0.1354558558935962}. Best is trial 950 with value: 0.2864013677084349.
checkpoint_e32 window_influence: 0.41706519431156958, penalty_k: 0.13075659006907098, scale_lr: 0.15587177698014937, EAO: 0.265
Trial 957 finished with value: 0.26478108157956504 and parameters: {'window_influence': 0.4170651943115696, 'penalty_k': 0.13075659006907098, 'scale_lr': 0.15587177698014937}. Best is trial 950 with value: 0.2864013677084349.
checkpoint_e32 window_influence: 0.40490143942393803, penalty_k: 0.13641136230234957, scale_lr: 0.14132007466139462, EAO: 0.279
Trial 958 finished with value: 0.27891996181835005 and parameters: {'window_influence': 0.404901439423938, 'penalty_k': 0.13641136230234957, 'scale_lr': 0.14132007466139462}. Best is trial 950 with value: 0.2864013677084349.
checkpoint_e32 window_influence: 0.41417060311400500, penalty_k: 0.13911791947453128, scale_lr: 0.16874314786353450, EAO: 0.269
Trial 959 finished with value: 0.26862321612311574 and parameters: {'window_influence': 0.414170603114005, 'penalty_k': 0.13911791947453128, 'scale_lr': 0.1687431478635345}. Best is trial 950 with value: 0.2864013677084349.
checkpoint_e32 window_influence: 0.39628261402343012, penalty_k: 0.12717680791903746, scale_lr: 0.19135203315357979, EAO: 0.272
Trial 960 finished with value: 0.2723233031063545 and parameters: {'window_influence': 0.3962826140234301, 'penalty_k': 0.12717680791903746, 'scale_lr': 0.1913520331535798}. Best is trial 950 with value: 0.2864013677084349.
checkpoint_e32 window_influence: 0.42235333273149550, penalty_k: 0.16134904619170320, scale_lr: 0.13025243476735596, EAO: 0.276
Trial 961 finished with value: 0.27638429433591966 and parameters: {'window_influence': 0.4223533327314955, 'penalty_k': 0.1613490461917032, 'scale_lr': 0.13025243476735596}. Best is trial 950 with value: 0.2864013677084349.
checkpoint_e32 window_influence: 0.37969116440432515, penalty_k: 0.14658299809214567, scale_lr: 0.15006637418603247, EAO: 0.267
Trial 962 finished with value: 0.26743511661766023 and parameters: {'window_influence': 0.37969116440432515, 'penalty_k': 0.14658299809214567, 'scale_lr': 0.15006637418603247}. Best is trial 950 with value: 0.2864013677084349.
checkpoint_e32 window_influence: 0.36816670846395283, penalty_k: 0.18341177329307748, scale_lr: 0.13959149221376138, EAO: 0.274
Trial 963 finished with value: 0.273824694195414 and parameters: {'window_influence': 0.36816670846395283, 'penalty_k': 0.18341177329307748, 'scale_lr': 0.13959149221376138}. Best is trial 950 with value: 0.2864013677084349.
checkpoint_e32 window_influence: 0.40793808130136872, penalty_k: 0.12391135987771429, scale_lr: 0.12090229512153534, EAO: 0.281
Trial 964 finished with value: 0.28062933653108474 and parameters: {'window_influence': 0.4079380813013687, 'penalty_k': 0.12391135987771429, 'scale_lr': 0.12090229512153534}. Best is trial 950 with value: 0.2864013677084349.
checkpoint_e32 window_influence: 0.40731761551275475, penalty_k: 0.12365926386211260, scale_lr: 0.13253285149385932, EAO: 0.284
Trial 965 finished with value: 0.2839655619932384 and parameters: {'window_influence': 0.40731761551275475, 'penalty_k': 0.1236592638621126, 'scale_lr': 0.13253285149385932}. Best is trial 950 with value: 0.2864013677084349.
checkpoint_e32 window_influence: 0.40703855428925101, penalty_k: 0.12074515905310723, scale_lr: 0.32144786537920461, EAO: 0.277
Trial 966 finished with value: 0.27664764625270194 and parameters: {'window_influence': 0.407038554289251, 'penalty_k': 0.12074515905310723, 'scale_lr': 0.3214478653792046}. Best is trial 950 with value: 0.2864013677084349.
checkpoint_e32 window_influence: 0.41637028778707641, penalty_k: 0.13113638278587739, scale_lr: 0.16142763966177481, EAO: 0.267
Trial 967 finished with value: 0.26748556625552294 and parameters: {'window_influence': 0.4163702877870764, 'penalty_k': 0.1311363827858774, 'scale_lr': 0.1614276396617748}. Best is trial 950 with value: 0.2864013677084349.
checkpoint_e32 window_influence: 0.39868633588402758, penalty_k: 0.12190610935072611, scale_lr: 0.30857181802820088, EAO: 0.267
Trial 968 finished with value: 0.2666054931355686 and parameters: {'window_influence': 0.3986863358840276, 'penalty_k': 0.12190610935072611, 'scale_lr': 0.3085718180282009}. Best is trial 950 with value: 0.2864013677084349.
checkpoint_e32 window_influence: 0.40913588815732965, penalty_k: 0.13495433134756599, scale_lr: 0.27959083482000474, EAO: 0.270
Trial 969 finished with value: 0.2697737345365974 and parameters: {'window_influence': 0.40913588815732965, 'penalty_k': 0.134954331347566, 'scale_lr': 0.27959083482000474}. Best is trial 950 with value: 0.2864013677084349.
checkpoint_e32 window_influence: 0.42013165845148903, penalty_k: 0.12950610549324001, scale_lr: 0.13622236032870474, EAO: 0.280
Trial 970 finished with value: 0.279827695733648 and parameters: {'window_influence': 0.42013165845148903, 'penalty_k': 0.12950610549324001, 'scale_lr': 0.13622236032870474}. Best is trial 950 with value: 0.2864013677084349.
checkpoint_e32 window_influence: 0.42399307884708670, penalty_k: 0.12485409717419048, scale_lr: 0.14989989281125710, EAO: 0.279
Trial 971 finished with value: 0.27880375208408853 and parameters: {'window_influence': 0.4239930788470867, 'penalty_k': 0.12485409717419048, 'scale_lr': 0.1498998928112571}. Best is trial 950 with value: 0.2864013677084349.
checkpoint_e32 window_influence: 0.41629754426991833, penalty_k: 0.14329995489999126, scale_lr: 0.13747983575051517, EAO: 0.279
Trial 972 finished with value: 0.27876322583212115 and parameters: {'window_influence': 0.41629754426991833, 'penalty_k': 0.14329995489999126, 'scale_lr': 0.13747983575051517}. Best is trial 950 with value: 0.2864013677084349.
checkpoint_e32 window_influence: 0.40654971426507852, penalty_k: 0.13383160640913275, scale_lr: 0.16585325107670620, EAO: 0.271
Trial 973 finished with value: 0.27105048747082067 and parameters: {'window_influence': 0.4065497142650785, 'penalty_k': 0.13383160640913275, 'scale_lr': 0.1658532510767062}. Best is trial 950 with value: 0.2864013677084349.
checkpoint_e32 window_influence: 0.42227382763484556, penalty_k: 0.14787077414394761, scale_lr: 0.18038800848608311, EAO: 0.268
Trial 974 finished with value: 0.26779405681825263 and parameters: {'window_influence': 0.42227382763484556, 'penalty_k': 0.14787077414394761, 'scale_lr': 0.1803880084860831}. Best is trial 950 with value: 0.2864013677084349.
checkpoint_e32 window_influence: 0.39228164351388406, penalty_k: 0.13322200529800740, scale_lr: 0.14941599889443247, EAO: 0.270
Trial 975 finished with value: 0.26959803288545064 and parameters: {'window_influence': 0.39228164351388406, 'penalty_k': 0.1332220052980074, 'scale_lr': 0.14941599889443247}. Best is trial 950 with value: 0.2864013677084349.
checkpoint_e32 window_influence: 0.39702174793959072, penalty_k: 0.12671283429968896, scale_lr: 0.48771922573617849, EAO: 0.268
Trial 976 finished with value: 0.26836629387566713 and parameters: {'window_influence': 0.3970217479395907, 'penalty_k': 0.12671283429968896, 'scale_lr': 0.4877192257361785}. Best is trial 950 with value: 0.2864013677084349.
checkpoint_e32 window_influence: 0.42814225755264529, penalty_k: 0.11889486470778063, scale_lr: 0.13636709797469843, EAO: 0.290
Trial 977 finished with value: 0.2897923603896203 and parameters: {'window_influence': 0.4281422575526453, 'penalty_k': 0.11889486470778063, 'scale_lr': 0.13636709797469843}. Best is trial 977 with value: 0.2897923603896203.
checkpoint_e32 window_influence: 0.41772045227109195, penalty_k: 0.11876834584516412, scale_lr: 0.13636749188708691, EAO: 0.276
Trial 978 finished with value: 0.2763710830633233 and parameters: {'window_influence': 0.41772045227109195, 'penalty_k': 0.11876834584516412, 'scale_lr': 0.1363674918870869}. Best is trial 977 with value: 0.2897923603896203.
checkpoint_e32 window_influence: 0.43466937737736183, penalty_k: 0.11590982519764625, scale_lr: 0.13195422476372809, EAO: 0.283
Trial 979 finished with value: 0.2834284334042208 and parameters: {'window_influence': 0.43466937737736183, 'penalty_k': 0.11590982519764625, 'scale_lr': 0.1319542247637281}. Best is trial 977 with value: 0.2897923603896203.
checkpoint_e32 window_influence: 0.43383984640486511, penalty_k: 0.11780483057433189, scale_lr: 0.15121926828863713, EAO: 0.263
Trial 980 finished with value: 0.2631688215504817 and parameters: {'window_influence': 0.4338398464048651, 'penalty_k': 0.11780483057433189, 'scale_lr': 0.15121926828863713}. Best is trial 977 with value: 0.2897923603896203.
checkpoint_e32 window_influence: 0.43764958779582591, penalty_k: 0.14179196689654586, scale_lr: 0.13391460780561701, EAO: 0.281
Trial 981 finished with value: 0.28079919444351664 and parameters: {'window_influence': 0.4376495877958259, 'penalty_k': 0.14179196689654586, 'scale_lr': 0.133914607805617}. Best is trial 977 with value: 0.2897923603896203.
checkpoint_e32 window_influence: 0.43036666923897549, penalty_k: 0.14529085362183036, scale_lr: 0.12913768403409126, EAO: 0.279
