Trial 1424 finished with value: 0.2568571009650463 and parameters: {'window_influence': 0.3098035127876864, 'penalty_k': 0.07610651995997869, 'scale_lr': 0.4054924708025149}. Best is trial 489 with value: 0.28065862270390113.
checkpoint_e32 window_influence: 0.28512860978619337, penalty_k: 0.09821216504790477, scale_lr: 0.46398798670717917, EAO: 0.265
Trial 1425 finished with value: 0.26543359955151874 and parameters: {'window_influence': 0.28512860978619337, 'penalty_k': 0.09821216504790477, 'scale_lr': 0.46398798670717917}. Best is trial 489 with value: 0.28065862270390113.
checkpoint_e32 window_influence: 0.43014870179692477, penalty_k: 0.32360875111135978, scale_lr: 0.73020022759749381, EAO: 0.252
Trial 1426 finished with value: 0.2518934156836533 and parameters: {'window_influence': 0.43014870179692477, 'penalty_k': 0.3236087511113598, 'scale_lr': 0.7302002275974938}. Best is trial 489 with value: 0.28065862270390113.
checkpoint_e32 window_influence: 0.32461206996464320, penalty_k: 0.26313491706357933, scale_lr: 0.70523205181156345, EAO: 0.255
Trial 1427 finished with value: 0.2552309130144313 and parameters: {'window_influence': 0.3246120699646432, 'penalty_k': 0.26313491706357933, 'scale_lr': 0.7052320518115635}. Best is trial 489 with value: 0.28065862270390113.
checkpoint_e32 window_influence: 0.37360644057736409, penalty_k: 0.05676855026435547, scale_lr: 0.76004009191449695, EAO: 0.246
Trial 1428 finished with value: 0.24638073109998937 and parameters: {'window_influence': 0.3736064405773641, 'penalty_k': 0.05676855026435547, 'scale_lr': 0.760040091914497}. Best is trial 489 with value: 0.28065862270390113.
checkpoint_e32 window_influence: 0.41836438636573686, penalty_k: 0.44660278312753454, scale_lr: 0.43563165104849816, EAO: 0.265
Trial 1429 finished with value: 0.2647869235616389 and parameters: {'window_influence': 0.41836438636573686, 'penalty_k': 0.44660278312753454, 'scale_lr': 0.43563165104849816}. Best is trial 489 with value: 0.28065862270390113.
checkpoint_e32 window_influence: 0.47050491980186437, penalty_k: 0.30359469320087745, scale_lr: 0.35274191017970946, EAO: 0.249
Trial 1430 finished with value: 0.24859680683632207 and parameters: {'window_influence': 0.4705049198018644, 'penalty_k': 0.30359469320087745, 'scale_lr': 0.35274191017970946}. Best is trial 489 with value: 0.28065862270390113.
checkpoint_e32 window_influence: 0.30110683364721774, penalty_k: 0.13821473455775135, scale_lr: 0.24420235646995658, EAO: 0.265
Trial 1431 finished with value: 0.26523242321440843 and parameters: {'window_influence': 0.30110683364721774, 'penalty_k': 0.13821473455775135, 'scale_lr': 0.24420235646995658}. Best is trial 489 with value: 0.28065862270390113.
checkpoint_e32 window_influence: 0.33456220578528856, penalty_k: 0.11902336603976879, scale_lr: 0.11413027439408308, EAO: 0.263
Trial 1432 finished with value: 0.26310906910557086 and parameters: {'window_influence': 0.33456220578528856, 'penalty_k': 0.11902336603976879, 'scale_lr': 0.11413027439408308}. Best is trial 489 with value: 0.28065862270390113.
checkpoint_e32 window_influence: 0.35151035380516304, penalty_k: 0.35027731687693564, scale_lr: 0.49010241338407856, EAO: 0.265
Trial 1433 finished with value: 0.26507515357277256 and parameters: {'window_influence': 0.35151035380516304, 'penalty_k': 0.35027731687693564, 'scale_lr': 0.49010241338407856}. Best is trial 489 with value: 0.28065862270390113.
checkpoint_e32 window_influence: 0.31147851623154260, penalty_k: 0.36546279123783698, scale_lr: 0.21317366849114835, EAO: 0.251
Trial 1434 finished with value: 0.25083614492077166 and parameters: {'window_influence': 0.3114785162315426, 'penalty_k': 0.365462791237837, 'scale_lr': 0.21317366849114835}. Best is trial 489 with value: 0.28065862270390113.
checkpoint_e32 window_influence: 0.39361587625087285, penalty_k: 0.33421189154373260, scale_lr: 0.64833050974492701, EAO: 0.255
Trial 1435 finished with value: 0.254778243661896 and parameters: {'window_influence': 0.39361587625087285, 'penalty_k': 0.3342118915437326, 'scale_lr': 0.648330509744927}. Best is trial 489 with value: 0.28065862270390113.
checkpoint_e32 window_influence: 0.62035342964868390, penalty_k: 0.28254465769057757, scale_lr: 0.60474995442444102, EAO: 0.213
Trial 1436 finished with value: 0.21254742163710477 and parameters: {'window_influence': 0.6203534296486839, 'penalty_k': 0.28254465769057757, 'scale_lr': 0.604749954424441}. Best is trial 489 with value: 0.28065862270390113.
checkpoint_e32 window_influence: 0.32489465020037023, penalty_k: 0.30735937043888012, scale_lr: 0.28630351590914271, EAO: 0.273
Trial 1437 finished with value: 0.2730465901455259 and parameters: {'window_influence': 0.3248946502003702, 'penalty_k': 0.3073593704388801, 'scale_lr': 0.2863035159091427}. Best is trial 489 with value: 0.28065862270390113.
checkpoint_e32 window_influence: 0.28883629741478811, penalty_k: 0.58694203773492415, scale_lr: 0.37244613895989542, EAO: 0.260
Trial 1438 finished with value: 0.25955815837392965 and parameters: {'window_influence': 0.2888362974147881, 'penalty_k': 0.5869420377349241, 'scale_lr': 0.3724461389598954}. Best is trial 489 with value: 0.28065862270390113.
checkpoint_e32 window_influence: 0.35938852368754742, penalty_k: 0.10188340842185226, scale_lr: 0.41761120542105185, EAO: 0.266
Trial 1439 finished with value: 0.2659730758003103 and parameters: {'window_influence': 0.3593885236875474, 'penalty_k': 0.10188340842185226, 'scale_lr': 0.41761120542105185}. Best is trial 489 with value: 0.28065862270390113.
checkpoint_e32 window_influence: 0.40793072827498733, penalty_k: 0.31992925776034997, scale_lr: 0.10328103269073896, EAO: 0.263
Trial 1440 finished with value: 0.2634262582514344 and parameters: {'window_influence': 0.40793072827498733, 'penalty_k': 0.31992925776034997, 'scale_lr': 0.10328103269073896}. Best is trial 489 with value: 0.28065862270390113.
checkpoint_e32 window_influence: 0.38380477427192816, penalty_k: 0.38664437745955782, scale_lr: 0.51756548467956520, EAO: 0.254
Trial 1441 finished with value: 0.2537534825079809 and parameters: {'window_influence': 0.38380477427192816, 'penalty_k': 0.3866443774595578, 'scale_lr': 0.5175654846795652}. Best is trial 489 with value: 0.28065862270390113.
checkpoint_e32 window_influence: 0.10405710401239829, penalty_k: 0.01976973268454762, scale_lr: 0.19222139991197457, EAO: 0.236
Trial 1442 finished with value: 0.23636676171203938 and parameters: {'window_influence': 0.10405710401239829, 'penalty_k': 0.019769732684547618, 'scale_lr': 0.19222139991197457}. Best is trial 489 with value: 0.28065862270390113.
checkpoint_e32 window_influence: 0.51283526969228455, penalty_k: 0.29345739094890178, scale_lr: 0.67630506134126400, EAO: 0.235
Trial 1443 finished with value: 0.2348017417560748 and parameters: {'window_influence': 0.5128352696922845, 'penalty_k': 0.2934573909489018, 'scale_lr': 0.676305061341264}. Best is trial 489 with value: 0.28065862270390113.
checkpoint_e32 window_influence: 0.36858306151860237, penalty_k: 0.08461529883518133, scale_lr: 0.48071671513722614, EAO: 0.267
Trial 1444 finished with value: 0.2669629452795517 and parameters: {'window_influence': 0.3685830615186024, 'penalty_k': 0.08461529883518133, 'scale_lr': 0.48071671513722614}. Best is trial 489 with value: 0.28065862270390113.
checkpoint_e32 window_influence: 0.15846205088938339, penalty_k: 0.48807745632342692, scale_lr: 0.26849506324478900, EAO: 0.234
Trial 1445 finished with value: 0.23415441871658574 and parameters: {'window_influence': 0.1584620508893834, 'penalty_k': 0.4880774563234269, 'scale_lr': 0.268495063244789}. Best is trial 489 with value: 0.28065862270390113.
checkpoint_e32 window_influence: 0.17425309309768114, penalty_k: 0.37214608806629546, scale_lr: 0.54362673983043919, EAO: 0.238
Trial 1446 finished with value: 0.23761751690531166 and parameters: {'window_influence': 0.17425309309768114, 'penalty_k': 0.37214608806629546, 'scale_lr': 0.5436267398304392}. Best is trial 489 with value: 0.28065862270390113.
checkpoint_e32 window_influence: 0.22524836972021609, penalty_k: 0.24977184819338136, scale_lr: 0.45414471236324455, EAO: 0.255
Trial 1447 finished with value: 0.25509788223156116 and parameters: {'window_influence': 0.22524836972021609, 'penalty_k': 0.24977184819338136, 'scale_lr': 0.45414471236324455}. Best is trial 489 with value: 0.28065862270390113.
checkpoint_e32 window_influence: 0.34339346428500178, penalty_k: 0.13977260267474395, scale_lr: 0.74174508152534124, EAO: 0.264
Trial 1448 finished with value: 0.26388606943977555 and parameters: {'window_influence': 0.3433934642850018, 'penalty_k': 0.13977260267474395, 'scale_lr': 0.7417450815253412}. Best is trial 489 with value: 0.28065862270390113.
checkpoint_e32 window_influence: 0.30273858669298059, penalty_k: 0.44345221603100538, scale_lr: 0.62188054445650498, EAO: 0.254
Trial 1449 finished with value: 0.2536835390620115 and parameters: {'window_influence': 0.3027385866929806, 'penalty_k': 0.4434522160310054, 'scale_lr': 0.621880544456505}. Best is trial 489 with value: 0.28065862270390113.
checkpoint_e32 window_influence: 0.64984688549928737, penalty_k: 0.06741909115466715, scale_lr: 0.38745805712269399, EAO: 0.202
Trial 1450 finished with value: 0.20238923838710396 and parameters: {'window_influence': 0.6498468854992874, 'penalty_k': 0.06741909115466715, 'scale_lr': 0.387458057122694}. Best is trial 489 with value: 0.28065862270390113.
checkpoint_e32 window_influence: 0.19760733034178726, penalty_k: 0.27471704836891042, scale_lr: 0.71233187534733178, EAO: 0.254
Trial 1451 finished with value: 0.25358899119423656 and parameters: {'window_influence': 0.19760733034178726, 'penalty_k': 0.2747170483689104, 'scale_lr': 0.7123318753473318}. Best is trial 489 with value: 0.28065862270390113.
checkpoint_e32 window_influence: 0.31972344495410815, penalty_k: 0.33453062544090750, scale_lr: 0.15437951526876947, EAO: 0.249
Trial 1452 finished with value: 0.24942879633205692 and parameters: {'window_influence': 0.31972344495410815, 'penalty_k': 0.3345306254409075, 'scale_lr': 0.15437951526876947}. Best is trial 489 with value: 0.28065862270390113.
checkpoint_e32 window_influence: 0.44032503445564058, penalty_k: 0.12506864612233776, scale_lr: 0.65779250360066299, EAO: 0.248
Trial 1453 finished with value: 0.24843575248146446 and parameters: {'window_influence': 0.4403250344556406, 'penalty_k': 0.12506864612233776, 'scale_lr': 0.657792503600663}. Best is trial 489 with value: 0.28065862270390113.
checkpoint_e32 window_influence: 0.33534037492972502, penalty_k: 0.04772844431342502, scale_lr: 0.17339664434416199, EAO: 0.254
Trial 1454 finished with value: 0.25449022832440166 and parameters: {'window_influence': 0.335340374929725, 'penalty_k': 0.04772844431342502, 'scale_lr': 0.173396644344162}. Best is trial 489 with value: 0.28065862270390113.
checkpoint_e32 window_influence: 0.47699028156396589, penalty_k: 0.42338091840778197, scale_lr: 0.58610942031453572, EAO: 0.246
Trial 1455 finished with value: 0.24572587104105367 and parameters: {'window_influence': 0.4769902815639659, 'penalty_k': 0.42338091840778197, 'scale_lr': 0.5861094203145357}. Best is trial 489 with value: 0.28065862270390113.
checkpoint_e32 window_influence: 0.20255577746044431, penalty_k: 0.15065482526542795, scale_lr: 0.31885054464920609, EAO: 0.253
Trial 1456 finished with value: 0.25271452169835085 and parameters: {'window_influence': 0.20255577746044431, 'penalty_k': 0.15065482526542795, 'scale_lr': 0.3188505446492061}. Best is trial 489 with value: 0.28065862270390113.
checkpoint_e32 window_influence: 0.28212996052199213, penalty_k: 0.31154786064957635, scale_lr: 0.79846338938235317, EAO: 0.261
Trial 1457 finished with value: 0.26145350521172933 and parameters: {'window_influence': 0.28212996052199213, 'penalty_k': 0.31154786064957635, 'scale_lr': 0.7984633893823532}. Best is trial 489 with value: 0.28065862270390113.
checkpoint_e32 window_influence: 0.29583359934518622, penalty_k: 0.11050495423717063, scale_lr: 0.68969138957848697, EAO: 0.252
Trial 1458 finished with value: 0.25184112926566504 and parameters: {'window_influence': 0.2958335993451862, 'penalty_k': 0.11050495423717063, 'scale_lr': 0.689691389578487}. Best is trial 489 with value: 0.28065862270390113.
checkpoint_e32 window_influence: 0.31368751722664473, penalty_k: 0.00062828334517540, scale_lr: 0.23461126435622329, EAO: 0.258
Trial 1459 finished with value: 0.2575953032185392 and parameters: {'window_influence': 0.31368751722664473, 'penalty_k': 0.0006282833451754025, 'scale_lr': 0.2346112643562233}. Best is trial 489 with value: 0.28065862270390113.
checkpoint_e32 window_influence: 0.41382139010145441, penalty_k: 0.09288650276502243, scale_lr: 0.67249278010969837, EAO: 0.258
Trial 1460 finished with value: 0.2578611631945866 and parameters: {'window_influence': 0.4138213901014544, 'penalty_k': 0.09288650276502243, 'scale_lr': 0.6724927801096984}. Best is trial 489 with value: 0.28065862270390113.
checkpoint_e32 window_influence: 0.38019730530845541, penalty_k: 0.22095083269816543, scale_lr: 0.25277085871890048, EAO: 0.262
Trial 1461 finished with value: 0.2619248966012544 and parameters: {'window_influence': 0.3801973053084554, 'penalty_k': 0.22095083269816543, 'scale_lr': 0.2527708587189005}. Best is trial 489 with value: 0.28065862270390113.
checkpoint_e32 window_influence: 0.39887300014149463, penalty_k: 0.29783648742864449, scale_lr: 0.63944743677500970, EAO: 0.267
Trial 1462 finished with value: 0.266758356576528 and parameters: {'window_influence': 0.3988730001414946, 'penalty_k': 0.2978364874286445, 'scale_lr': 0.6394474367750097}. Best is trial 489 with value: 0.28065862270390113.
checkpoint_e32 window_influence: 0.32587532551461068, penalty_k: 0.28801912306024735, scale_lr: 0.30253185892121387, EAO: 0.247
Trial 1463 finished with value: 0.24742203030159804 and parameters: {'window_influence': 0.3258753255146107, 'penalty_k': 0.28801912306024735, 'scale_lr': 0.30253185892121387}. Best is trial 489 with value: 0.28065862270390113.
checkpoint_e32 window_influence: 0.34953723353668281, penalty_k: 0.49819252675260628, scale_lr: 0.55726635516113865, EAO: 0.239
Trial 1464 finished with value: 0.23893353185518001 and parameters: {'window_influence': 0.3495372335366828, 'penalty_k': 0.4981925267526063, 'scale_lr': 0.5572663551611386}. Best is trial 489 with value: 0.28065862270390113.
checkpoint_e32 window_influence: 0.36817180238885017, penalty_k: 0.32319302622850959, scale_lr: 0.72572348363032702, EAO: 0.264
Trial 1465 finished with value: 0.264358777946573 and parameters: {'window_influence': 0.36817180238885017, 'penalty_k': 0.3231930262285096, 'scale_lr': 0.725723483630327}. Best is trial 489 with value: 0.28065862270390113.
checkpoint_e32 window_influence: 0.30236761995274974, penalty_k: 0.26615103667519374, scale_lr: 0.21825903580111969, EAO: 0.254
Trial 1466 finished with value: 0.2543340198756234 and parameters: {'window_influence': 0.30236761995274974, 'penalty_k': 0.26615103667519374, 'scale_lr': 0.2182590358011197}. Best is trial 489 with value: 0.28065862270390113.
checkpoint_e32 window_influence: 0.54448410655487678, penalty_k: 0.23391980095371967, scale_lr: 0.40081848421061961, EAO: 0.241
Trial 1467 finished with value: 0.24108787262585105 and parameters: {'window_influence': 0.5444841065548768, 'penalty_k': 0.23391980095371967, 'scale_lr': 0.4008184842106196}. Best is trial 489 with value: 0.28065862270390113.
checkpoint_e32 window_influence: 0.33265755584943141, penalty_k: 0.13341648536642495, scale_lr: 0.76261393335139505, EAO: 0.255
Trial 1468 finished with value: 0.2548031987455802 and parameters: {'window_influence': 0.3326575558494314, 'penalty_k': 0.13341648536642495, 'scale_lr': 0.762613933351395}. Best is trial 489 with value: 0.28065862270390113.
checkpoint_e32 window_influence: 0.30998568826878109, penalty_k: 0.34607842166744934, scale_lr: 0.43980200164472177, EAO: 0.260
Trial 1469 finished with value: 0.26013488849488703 and parameters: {'window_influence': 0.3099856882687811, 'penalty_k': 0.34607842166744934, 'scale_lr': 0.4398020016447218}. Best is trial 489 with value: 0.28065862270390113.
checkpoint_e32 window_influence: 0.42490091860546636, penalty_k: 0.30836727528920327, scale_lr: 0.52767622706643880, EAO: 0.260
Trial 1470 finished with value: 0.2601079806927743 and parameters: {'window_influence': 0.42490091860546636, 'penalty_k': 0.30836727528920327, 'scale_lr': 0.5276762270664388}. Best is trial 489 with value: 0.28065862270390113.
checkpoint_e32 window_influence: 0.28466360537068791, penalty_k: 0.15413515616904044, scale_lr: 0.33926185762326899, EAO: 0.252
Trial 1471 finished with value: 0.25208395107732556 and parameters: {'window_influence': 0.2846636053706879, 'penalty_k': 0.15413515616904044, 'scale_lr': 0.339261857623269}. Best is trial 489 with value: 0.28065862270390113.
checkpoint_e32 window_influence: 0.38960723993625979, penalty_k: 0.02893094058108584, scale_lr: 0.49911019321479683, EAO: 0.263
Trial 1472 finished with value: 0.26252207329602745 and parameters: {'window_influence': 0.3896072399362598, 'penalty_k': 0.02893094058108584, 'scale_lr': 0.4991101932147968}. Best is trial 489 with value: 0.28065862270390113.
checkpoint_e32 window_influence: 0.60785505736872714, penalty_k: 0.11939334073295670, scale_lr: 0.27841202688556793, EAO: 0.214
Trial 1473 finished with value: 0.21385932622886286 and parameters: {'window_influence': 0.6078550573687271, 'penalty_k': 0.1193933407329567, 'scale_lr': 0.27841202688556793}. Best is trial 489 with value: 0.28065862270390113.
checkpoint_e32 window_influence: 0.35785883337418817, penalty_k: 0.32151546495751132, scale_lr: 0.56830091087343515, EAO: 0.264
Trial 1474 finished with value: 0.26427723212939935 and parameters: {'window_influence': 0.35785883337418817, 'penalty_k': 0.3215154649575113, 'scale_lr': 0.5683009108734351}. Best is trial 489 with value: 0.28065862270390113.
checkpoint_e32 window_influence: 0.29520862674106624, penalty_k: 0.24338225841911409, scale_lr: 0.19968833407981168, EAO: 0.255
Trial 1475 finished with value: 0.2554881346783018 and parameters: {'window_influence': 0.29520862674106624, 'penalty_k': 0.2433822584191141, 'scale_lr': 0.19968833407981168}. Best is trial 489 with value: 0.28065862270390113.
checkpoint_e32 window_influence: 0.31782678300409611, penalty_k: 0.52228718073127922, scale_lr: 0.69705234207903533, EAO: 0.267
Trial 1476 finished with value: 0.26705830198962516 and parameters: {'window_influence': 0.3178267830040961, 'penalty_k': 0.5222871807312792, 'scale_lr': 0.6970523420790353}. Best is trial 489 with value: 0.28065862270390113.
checkpoint_e32 window_influence: 0.09846561847253160, penalty_k: 0.56176340489724852, scale_lr: 0.74940096694467839, EAO: 0.235
Trial 1477 finished with value: 0.23484339153136663 and parameters: {'window_influence': 0.0984656184725316, 'penalty_k': 0.5617634048972485, 'scale_lr': 0.7494009669446784}. Best is trial 489 with value: 0.28065862270390113.
checkpoint_e32 window_influence: 0.34078586926685916, penalty_k: 0.43421741026842603, scale_lr: 0.78934824275040383, EAO: 0.263
Trial 1478 finished with value: 0.26294941745880174 and parameters: {'window_influence': 0.34078586926685916, 'penalty_k': 0.43421741026842603, 'scale_lr': 0.7893482427504038}. Best is trial 489 with value: 0.28065862270390113.
checkpoint_e32 window_influence: 0.40904739241999116, penalty_k: 0.33428727096744537, scale_lr: 0.24306871781681777, EAO: 0.256
Trial 1479 finished with value: 0.2560232807465685 and parameters: {'window_influence': 0.40904739241999116, 'penalty_k': 0.33428727096744537, 'scale_lr': 0.24306871781681777}. Best is trial 489 with value: 0.28065862270390113.
checkpoint_e32 window_influence: 0.37771321820268716, penalty_k: 0.07990691729639353, scale_lr: 0.46797463895345615, EAO: 0.257
Trial 1480 finished with value: 0.2574182747583079 and parameters: {'window_influence': 0.37771321820268716, 'penalty_k': 0.07990691729639353, 'scale_lr': 0.46797463895345615}. Best is trial 489 with value: 0.28065862270390113.
checkpoint_e32 window_influence: 0.27538937026834032, penalty_k: 0.35601284474883038, scale_lr: 0.51476835842885316, EAO: 0.260
Trial 1481 finished with value: 0.26041404866590734 and parameters: {'window_influence': 0.2753893702683403, 'penalty_k': 0.3560128447488304, 'scale_lr': 0.5147683584288532}. Best is trial 489 with value: 0.28065862270390113.
checkpoint_e32 window_influence: 0.44771099598862130, penalty_k: 0.37723418957430815, scale_lr: 0.66368060261569950, EAO: 0.256
Trial 1482 finished with value: 0.25566185956321114 and parameters: {'window_influence': 0.4477109959886213, 'penalty_k': 0.37723418957430815, 'scale_lr': 0.6636806026156995}. Best is trial 489 with value: 0.28065862270390113.
checkpoint_e32 window_influence: 0.32896872157197177, penalty_k: 0.09601211238337165, scale_lr: 0.59356842898315176, EAO: 0.255
Trial 1483 finished with value: 0.25463781578511724 and parameters: {'window_influence': 0.32896872157197177, 'penalty_k': 0.09601211238337165, 'scale_lr': 0.5935684289831518}. Best is trial 489 with value: 0.28065862270390113.
checkpoint_e32 window_influence: 0.30922862910783477, penalty_k: 0.29501845641928892, scale_lr: 0.18202466657229344, EAO: 0.260
Trial 1484 finished with value: 0.260305315861857 and parameters: {'window_influence': 0.3092286291078348, 'penalty_k': 0.2950184564192889, 'scale_lr': 0.18202466657229344}. Best is trial 489 with value: 0.28065862270390113.
checkpoint_e32 window_influence: 0.39967355666031112, penalty_k: 0.28140924140236911, scale_lr: 0.71387788784404504, EAO: 0.264
Trial 1485 finished with value: 0.2640187627052873 and parameters: {'window_influence': 0.3996735566603111, 'penalty_k': 0.2814092414023691, 'scale_lr': 0.713877887844045}. Best is trial 489 with value: 0.28065862270390113.
checkpoint_e32 window_influence: 0.36393023816886705, penalty_k: 0.26019306896316241, scale_lr: 0.48411399893965323, EAO: 0.265
