Trial 1175 finished with value: 0.2484875648486905 and parameters: {'window_influence': 0.4979138847473787, 'penalty_k': 0.05960333940915505, 'scale_lr': 0.16786435718302198}. Best is trial 104 with value: 0.27492820641131904.
checkpoint_e22 window_influence: 0.61229012533369420, penalty_k: 0.15294197236762777, scale_lr: 0.51446015195700578, EAO: 0.214
Trial 1176 finished with value: 0.21426688013522605 and parameters: {'window_influence': 0.6122901253336942, 'penalty_k': 0.15294197236762777, 'scale_lr': 0.5144601519570058}. Best is trial 104 with value: 0.27492820641131904.
checkpoint_e22 window_influence: 0.41029268351720533, penalty_k: 0.21794984127849953, scale_lr: 0.27475500835351258, EAO: 0.242
Trial 1177 finished with value: 0.242152279833468 and parameters: {'window_influence': 0.4102926835172053, 'penalty_k': 0.21794984127849953, 'scale_lr': 0.2747550083535126}. Best is trial 104 with value: 0.27492820641131904.
checkpoint_e22 window_influence: 0.34386028723649970, penalty_k: 0.16954159746328420, scale_lr: 0.36766035125190100, EAO: 0.252
Trial 1178 finished with value: 0.25208451508021934 and parameters: {'window_influence': 0.3438602872364997, 'penalty_k': 0.1695415974632842, 'scale_lr': 0.367660351251901}. Best is trial 104 with value: 0.27492820641131904.
checkpoint_e22 window_influence: 0.30798041072637827, penalty_k: 0.19949200128368449, scale_lr: 0.18857932609817690, EAO: 0.259
Trial 1179 finished with value: 0.25891817797247957 and parameters: {'window_influence': 0.3079804107263783, 'penalty_k': 0.1994920012836845, 'scale_lr': 0.1885793260981769}. Best is trial 104 with value: 0.27492820641131904.
checkpoint_e22 window_influence: 0.59494562799915751, penalty_k: 0.44935210215953325, scale_lr: 0.60859627973519603, EAO: 0.210
Trial 1180 finished with value: 0.20994929914794316 and parameters: {'window_influence': 0.5949456279991575, 'penalty_k': 0.44935210215953325, 'scale_lr': 0.608596279735196}. Best is trial 104 with value: 0.27492820641131904.
checkpoint_e22 window_influence: 0.35664141210540518, penalty_k: 0.24721188010229256, scale_lr: 0.48186274780049371, EAO: 0.247
Trial 1181 finished with value: 0.2469100963051726 and parameters: {'window_influence': 0.3566414121054052, 'penalty_k': 0.24721188010229256, 'scale_lr': 0.4818627478004937}. Best is trial 104 with value: 0.27492820641131904.
checkpoint_e22 window_influence: 0.39416058536729442, penalty_k: 0.48239693726872546, scale_lr: 0.11733282259642300, EAO: 0.250
Trial 1182 finished with value: 0.24974213728332909 and parameters: {'window_influence': 0.3941605853672944, 'penalty_k': 0.48239693726872546, 'scale_lr': 0.117332822596423}. Best is trial 104 with value: 0.27492820641131904.
checkpoint_e22 window_influence: 0.44599649227092836, penalty_k: 0.04110858410540524, scale_lr: 0.15099030751961873, EAO: 0.257
Trial 1183 finished with value: 0.25650998610791154 and parameters: {'window_influence': 0.44599649227092836, 'penalty_k': 0.04110858410540524, 'scale_lr': 0.15099030751961873}. Best is trial 104 with value: 0.27492820641131904.
checkpoint_e22 window_influence: 0.23561491769255682, penalty_k: 0.19075433728565586, scale_lr: 0.57114878360765631, EAO: 0.242
Trial 1184 finished with value: 0.2416970333675059 and parameters: {'window_influence': 0.23561491769255682, 'penalty_k': 0.19075433728565586, 'scale_lr': 0.5711487836076563}. Best is trial 104 with value: 0.27492820641131904.
checkpoint_e22 window_influence: 0.37975556181328451, penalty_k: 0.28315599461894791, scale_lr: 0.52641110695817372, EAO: 0.261
Trial 1185 finished with value: 0.26132322308736117 and parameters: {'window_influence': 0.3797555618132845, 'penalty_k': 0.2831559946189479, 'scale_lr': 0.5264111069581737}. Best is trial 104 with value: 0.27492820641131904.
checkpoint_e22 window_influence: 0.36787327599794739, penalty_k: 0.23452722931544287, scale_lr: 0.31962541267670264, EAO: 0.247
Trial 1186 finished with value: 0.24650155734725115 and parameters: {'window_influence': 0.3678732759979474, 'penalty_k': 0.23452722931544287, 'scale_lr': 0.31962541267670264}. Best is trial 104 with value: 0.27492820641131904.
checkpoint_e22 window_influence: 0.42158165233386086, penalty_k: 0.08735161304469057, scale_lr: 0.26082334308086430, EAO: 0.247
Trial 1187 finished with value: 0.24655057508044126 and parameters: {'window_influence': 0.42158165233386086, 'penalty_k': 0.08735161304469057, 'scale_lr': 0.2608233430808643}. Best is trial 104 with value: 0.27492820641131904.
checkpoint_e22 window_influence: 0.56537440960282592, penalty_k: 0.11506985799618094, scale_lr: 0.10051692305891763, EAO: 0.238
Trial 1188 finished with value: 0.23801431768551107 and parameters: {'window_influence': 0.5653744096028259, 'penalty_k': 0.11506985799618094, 'scale_lr': 0.10051692305891763}. Best is trial 104 with value: 0.27492820641131904.
checkpoint_e22 window_influence: 0.12691161059482728, penalty_k: 0.21177705413289766, scale_lr: 0.13479047162455937, EAO: 0.231
Trial 1189 finished with value: 0.2308592974412732 and parameters: {'window_influence': 0.12691161059482728, 'penalty_k': 0.21177705413289766, 'scale_lr': 0.13479047162455937}. Best is trial 104 with value: 0.27492820641131904.
checkpoint_e22 window_influence: 0.39946980215325273, penalty_k: 0.17775244135662310, scale_lr: 0.65371943518513842, EAO: 0.264
Trial 1190 finished with value: 0.2643708915002947 and parameters: {'window_influence': 0.39946980215325273, 'penalty_k': 0.1777524413566231, 'scale_lr': 0.6537194351851384}. Best is trial 104 with value: 0.27492820641131904.
checkpoint_e22 window_influence: 0.29255683991215309, penalty_k: 0.29992649194733950, scale_lr: 0.46280691668373497, EAO: 0.251
Trial 1191 finished with value: 0.25050960081379586 and parameters: {'window_influence': 0.2925568399121531, 'penalty_k': 0.2999264919473395, 'scale_lr': 0.46280691668373497}. Best is trial 104 with value: 0.27492820641131904.
checkpoint_e22 window_influence: 0.25204365758078201, penalty_k: 0.02141090349705197, scale_lr: 0.17445921392116967, EAO: 0.238
Trial 1192 finished with value: 0.2379439029146016 and parameters: {'window_influence': 0.252043657580782, 'penalty_k': 0.02141090349705197, 'scale_lr': 0.17445921392116967}. Best is trial 104 with value: 0.27492820641131904.
checkpoint_e22 window_influence: 0.38053097583919615, penalty_k: 0.22033903009695385, scale_lr: 0.41726948716742751, EAO: 0.238
Trial 1193 finished with value: 0.23802338837365794 and parameters: {'window_influence': 0.38053097583919615, 'penalty_k': 0.22033903009695385, 'scale_lr': 0.4172694871674275}. Best is trial 104 with value: 0.27492820641131904.
checkpoint_e22 window_influence: 0.32716517952171553, penalty_k: 0.27052810742852063, scale_lr: 0.59801526302037922, EAO: 0.256
Trial 1194 finished with value: 0.2557363064914215 and parameters: {'window_influence': 0.32716517952171553, 'penalty_k': 0.2705281074285206, 'scale_lr': 0.5980152630203792}. Best is trial 104 with value: 0.27492820641131904.
checkpoint_e22 window_influence: 0.35687832558220622, penalty_k: 0.53019667870783205, scale_lr: 0.35100359102554424, EAO: 0.250
Trial 1195 finished with value: 0.24969446822637464 and parameters: {'window_influence': 0.3568783255822062, 'penalty_k': 0.530196678707832, 'scale_lr': 0.35100359102554424}. Best is trial 104 with value: 0.27492820641131904.
checkpoint_e22 window_influence: 0.27767938316154989, penalty_k: 0.07657005574130701, scale_lr: 0.20711298526547284, EAO: 0.262
Trial 1196 finished with value: 0.2616172068245043 and parameters: {'window_influence': 0.2776793831615499, 'penalty_k': 0.07657005574130701, 'scale_lr': 0.20711298526547284}. Best is trial 104 with value: 0.27492820641131904.
checkpoint_e22 window_influence: 0.40479803949034088, penalty_k: 0.39128633266415325, scale_lr: 0.45032582515601582, EAO: 0.243
Trial 1197 finished with value: 0.24268028382363357 and parameters: {'window_influence': 0.4047980394903409, 'penalty_k': 0.39128633266415325, 'scale_lr': 0.4503258251560158}. Best is trial 104 with value: 0.27492820641131904.
checkpoint_e22 window_influence: 0.38699495242613452, penalty_k: 0.12606245677591080, scale_lr: 0.33472982818590358, EAO: 0.250
Trial 1198 finished with value: 0.2501305407746051 and parameters: {'window_influence': 0.3869949524261345, 'penalty_k': 0.1260624567759108, 'scale_lr': 0.3347298281859036}. Best is trial 104 with value: 0.27492820641131904.
checkpoint_e22 window_influence: 0.37322071405203461, penalty_k: 0.03965948774120516, scale_lr: 0.49378428216214532, EAO: 0.281
Trial 1199 finished with value: 0.2814603819837415 and parameters: {'window_influence': 0.3732207140520346, 'penalty_k': 0.03965948774120516, 'scale_lr': 0.4937842821621453}. Best is trial 1199 with value: 0.2814603819837415.
checkpoint_e22 window_influence: 0.36921928393799580, penalty_k: 0.04172203447229246, scale_lr: 0.48425017327466219, EAO: 0.255
Trial 1200 finished with value: 0.2545758538493296 and parameters: {'window_influence': 0.3692192839379958, 'penalty_k': 0.04172203447229246, 'scale_lr': 0.4842501732746622}. Best is trial 1199 with value: 0.2814603819837415.
checkpoint_e22 window_influence: 0.34907253543927586, penalty_k: 0.03148208585279320, scale_lr: 0.50041916884375348, EAO: 0.267
Trial 1201 finished with value: 0.26697381289024663 and parameters: {'window_influence': 0.34907253543927586, 'penalty_k': 0.0314820858527932, 'scale_lr': 0.5004191688437535}. Best is trial 1199 with value: 0.2814603819837415.
checkpoint_e22 window_influence: 0.36948324427080098, penalty_k: 0.04548357006915767, scale_lr: 0.50041525341762594, EAO: 0.266
Trial 1202 finished with value: 0.26610062967955583 and parameters: {'window_influence': 0.369483244270801, 'penalty_k': 0.04548357006915767, 'scale_lr': 0.5004152534176259}. Best is trial 1199 with value: 0.2814603819837415.
checkpoint_e22 window_influence: 0.33954452566089099, penalty_k: 0.05741237779545250, scale_lr: 0.51694256412241590, EAO: 0.259
Trial 1203 finished with value: 0.2592123039975399 and parameters: {'window_influence': 0.339544525660891, 'penalty_k': 0.057412377795452496, 'scale_lr': 0.5169425641224159}. Best is trial 1199 with value: 0.2814603819837415.
checkpoint_e22 window_influence: 0.35495302997717354, penalty_k: 0.01641304804827633, scale_lr: 0.48334747927014254, EAO: 0.262
Trial 1204 finished with value: 0.2618116287559998 and parameters: {'window_influence': 0.35495302997717354, 'penalty_k': 0.01641304804827633, 'scale_lr': 0.48334747927014254}. Best is trial 1199 with value: 0.2814603819837415.
checkpoint_e22 window_influence: 0.52465324398267166, penalty_k: 0.06389048628816113, scale_lr: 0.29569471941746672, EAO: 0.246
Trial 1205 finished with value: 0.24557301929084266 and parameters: {'window_influence': 0.5246532439826717, 'penalty_k': 0.06389048628816113, 'scale_lr': 0.2956947194174667}. Best is trial 1199 with value: 0.2814603819837415.
checkpoint_e22 window_influence: 0.10496271636714666, penalty_k: 0.03301635314701640, scale_lr: 0.53675310905898277, EAO: 0.254
Trial 1206 finished with value: 0.2537811310674117 and parameters: {'window_influence': 0.10496271636714666, 'penalty_k': 0.0330163531470164, 'scale_lr': 0.5367531090589828}. Best is trial 1199 with value: 0.2814603819837415.
checkpoint_e22 window_influence: 0.37539499996945264, penalty_k: 0.05532001694574634, scale_lr: 0.50674545269469728, EAO: 0.262
Trial 1207 finished with value: 0.26150522871715265 and parameters: {'window_influence': 0.37539499996945264, 'penalty_k': 0.05532001694574634, 'scale_lr': 0.5067454526946973}. Best is trial 1199 with value: 0.2814603819837415.
checkpoint_e22 window_influence: 0.35896993741236971, penalty_k: 0.03757143325443299, scale_lr: 0.38764042963521816, EAO: 0.262
Trial 1208 finished with value: 0.261724485432714 and parameters: {'window_influence': 0.3589699374123697, 'penalty_k': 0.03757143325443299, 'scale_lr': 0.38764042963521816}. Best is trial 1199 with value: 0.2814603819837415.
checkpoint_e22 window_influence: 0.37612040123142026, penalty_k: 0.01452037414520892, scale_lr: 0.47274209471760636, EAO: 0.255
Trial 1209 finished with value: 0.2551579036242594 and parameters: {'window_influence': 0.37612040123142026, 'penalty_k': 0.014520374145208922, 'scale_lr': 0.47274209471760636}. Best is trial 1199 with value: 0.2814603819837415.
checkpoint_e22 window_influence: 0.31961449526995900, penalty_k: 0.33499538526164607, scale_lr: 0.67177396844001480, EAO: 0.245
Trial 1210 finished with value: 0.24537747450233474 and parameters: {'window_influence': 0.319614495269959, 'penalty_k': 0.3349953852616461, 'scale_lr': 0.6717739684400148}. Best is trial 1199 with value: 0.2814603819837415.
checkpoint_e22 window_influence: 0.30181254104787575, penalty_k: 0.02786219593650392, scale_lr: 0.55044804370732814, EAO: 0.251
Trial 1211 finished with value: 0.2513781355285063 and parameters: {'window_influence': 0.30181254104787575, 'penalty_k': 0.027862195936503922, 'scale_lr': 0.5504480437073281}. Best is trial 1199 with value: 0.2814603819837415.
checkpoint_e22 window_influence: 0.26779584190303329, penalty_k: 0.26031599415520157, scale_lr: 0.43765628619944796, EAO: 0.257
Trial 1212 finished with value: 0.25670127976473756 and parameters: {'window_influence': 0.2677958419030333, 'penalty_k': 0.26031599415520157, 'scale_lr': 0.43765628619944796}. Best is trial 1199 with value: 0.2814603819837415.
checkpoint_e22 window_influence: 0.34270921744034161, penalty_k: 0.06557329623842316, scale_lr: 0.49147236920479864, EAO: 0.260
Trial 1213 finished with value: 0.2599407812444175 and parameters: {'window_influence': 0.3427092174403416, 'penalty_k': 0.06557329623842316, 'scale_lr': 0.49147236920479864}. Best is trial 1199 with value: 0.2814603819837415.
checkpoint_e22 window_influence: 0.51355873284130160, penalty_k: 0.04923129630733825, scale_lr: 0.75967826504565639, EAO: 0.244
Trial 1214 finished with value: 0.24437860096615505 and parameters: {'window_influence': 0.5135587328413016, 'penalty_k': 0.04923129630733825, 'scale_lr': 0.7596782650456564}. Best is trial 1199 with value: 0.2814603819837415.
checkpoint_e22 window_influence: 0.38574264031912103, penalty_k: 0.57354291160282656, scale_lr: 0.46231864769591641, EAO: 0.257
Trial 1215 finished with value: 0.25655980202240675 and parameters: {'window_influence': 0.38574264031912103, 'penalty_k': 0.5735429116028266, 'scale_lr': 0.4623186476959164}. Best is trial 1199 with value: 0.2814603819837415.
checkpoint_e22 window_influence: 0.47614090718296964, penalty_k: 0.14264120853545514, scale_lr: 0.51558763641044625, EAO: 0.253
Trial 1216 finished with value: 0.25337610878353195 and parameters: {'window_influence': 0.47614090718296964, 'penalty_k': 0.14264120853545514, 'scale_lr': 0.5155876364104462}. Best is trial 1199 with value: 0.2814603819837415.
checkpoint_e22 window_influence: 0.35846714408514146, penalty_k: 0.07728782235122342, scale_lr: 0.70508942068573877, EAO: 0.246
Trial 1217 finished with value: 0.2455111238045421 and parameters: {'window_influence': 0.35846714408514146, 'penalty_k': 0.07728782235122342, 'scale_lr': 0.7050894206857388}. Best is trial 1199 with value: 0.2814603819837415.
checkpoint_e22 window_influence: 0.36827425429455457, penalty_k: 0.09319947373833221, scale_lr: 0.48876080834427449, EAO: 0.264
Trial 1218 finished with value: 0.2639141651551898 and parameters: {'window_influence': 0.36827425429455457, 'penalty_k': 0.0931994737383322, 'scale_lr': 0.4887608083442745}. Best is trial 1199 with value: 0.2814603819837415.
checkpoint_e22 window_influence: 0.38032852179240878, penalty_k: 0.38597592296956407, scale_lr: 0.69374861542969080, EAO: 0.261
Trial 1219 finished with value: 0.26077468317698654 and parameters: {'window_influence': 0.3803285217924088, 'penalty_k': 0.38597592296956407, 'scale_lr': 0.6937486154296908}. Best is trial 1199 with value: 0.2814603819837415.
checkpoint_e22 window_influence: 0.28296570534244608, penalty_k: 0.15957754619505873, scale_lr: 0.62359386519857318, EAO: 0.264
Trial 1220 finished with value: 0.26387100097367433 and parameters: {'window_influence': 0.2829657053424461, 'penalty_k': 0.15957754619505873, 'scale_lr': 0.6235938651985732}. Best is trial 1199 with value: 0.2814603819837415.
checkpoint_e22 window_influence: 0.33165181950867811, penalty_k: 0.04664787978418617, scale_lr: 0.54210764739888995, EAO: 0.262
Trial 1221 finished with value: 0.2616905196289706 and parameters: {'window_influence': 0.3316518195086781, 'penalty_k': 0.04664787978418617, 'scale_lr': 0.54210764739889}. Best is trial 1199 with value: 0.2814603819837415.
checkpoint_e22 window_influence: 0.24317549722007809, penalty_k: 0.25138169333832933, scale_lr: 0.73021496852319046, EAO: 0.253
Trial 1222 finished with value: 0.25317492778223705 and parameters: {'window_influence': 0.24317549722007809, 'penalty_k': 0.2513816933383293, 'scale_lr': 0.7302149685231905}. Best is trial 1199 with value: 0.2814603819837415.
checkpoint_e22 window_influence: 0.39321583002714483, penalty_k: 0.54845644753479550, scale_lr: 0.45612872618229733, EAO: 0.244
Trial 1223 finished with value: 0.24449744348118946 and parameters: {'window_influence': 0.39321583002714483, 'penalty_k': 0.5484564475347955, 'scale_lr': 0.45612872618229733}. Best is trial 1199 with value: 0.2814603819837415.
checkpoint_e22 window_influence: 0.30822092200398893, penalty_k: 0.01054280666380788, scale_lr: 0.52561569350753601, EAO: 0.234
Trial 1224 finished with value: 0.2343106913736196 and parameters: {'window_influence': 0.30822092200398893, 'penalty_k': 0.01054280666380788, 'scale_lr': 0.525615693507536}. Best is trial 1199 with value: 0.2814603819837415.
checkpoint_e22 window_influence: 0.36764830262216935, penalty_k: 0.03124153285790047, scale_lr: 0.78892279320980108, EAO: 0.250
Trial 1225 finished with value: 0.24967806774183987 and parameters: {'window_influence': 0.36764830262216935, 'penalty_k': 0.03124153285790047, 'scale_lr': 0.7889227932098011}. Best is trial 1199 with value: 0.2814603819837415.
checkpoint_e22 window_influence: 0.26517165095734380, penalty_k: 0.27600357036095469, scale_lr: 0.58143650509015221, EAO: 0.252
Trial 1226 finished with value: 0.25179084614525 and parameters: {'window_influence': 0.2651716509573438, 'penalty_k': 0.2760035703609547, 'scale_lr': 0.5814365050901522}. Best is trial 1199 with value: 0.2814603819837415.
checkpoint_e22 window_influence: 0.14008449488873601, penalty_k: 0.31213441439591505, scale_lr: 0.63909922737665092, EAO: 0.241
Trial 1227 finished with value: 0.24054163797357217 and parameters: {'window_influence': 0.140084494888736, 'penalty_k': 0.31213441439591505, 'scale_lr': 0.6390992273766509}. Best is trial 1199 with value: 0.2814603819837415.
checkpoint_e22 window_influence: 0.22693397578583788, penalty_k: 0.24132797975759376, scale_lr: 0.39473593673500479, EAO: 0.244
Trial 1228 finished with value: 0.24379052560988482 and parameters: {'window_influence': 0.22693397578583788, 'penalty_k': 0.24132797975759376, 'scale_lr': 0.3947359367350048}. Best is trial 1199 with value: 0.2814603819837415.
checkpoint_e22 window_influence: 0.35417893909691889, penalty_k: 0.28924817817180370, scale_lr: 0.25309737091611090, EAO: 0.243
Trial 1229 finished with value: 0.24266521057220009 and parameters: {'window_influence': 0.3541789390969189, 'penalty_k': 0.2892481781718037, 'scale_lr': 0.2530973709161109}. Best is trial 1199 with value: 0.2814603819837415.
checkpoint_e22 window_influence: 0.29609686667663049, penalty_k: 0.47318757953636831, scale_lr: 0.21868712539639348, EAO: 0.247
Trial 1230 finished with value: 0.24706101229762642 and parameters: {'window_influence': 0.2960968666766305, 'penalty_k': 0.4731875795363683, 'scale_lr': 0.21868712539639348}. Best is trial 1199 with value: 0.2814603819837415.
checkpoint_e22 window_influence: 0.38682075342592520, penalty_k: 0.40056420849981261, scale_lr: 0.48058313116534562, EAO: 0.251
Trial 1231 finished with value: 0.25147503953639083 and parameters: {'window_influence': 0.3868207534259252, 'penalty_k': 0.4005642084998126, 'scale_lr': 0.4805831311653456}. Best is trial 1199 with value: 0.2814603819837415.
checkpoint_e22 window_influence: 0.48440684409500634, penalty_k: 0.56616788581770794, scale_lr: 0.50268950806709500, EAO: 0.226
Trial 1232 finished with value: 0.22574381911899985 and parameters: {'window_influence': 0.48440684409500634, 'penalty_k': 0.5661678858177079, 'scale_lr': 0.502689508067095}. Best is trial 1199 with value: 0.2814603819837415.
checkpoint_e22 window_influence: 0.55147338080387454, penalty_k: 0.12590354706507889, scale_lr: 0.18731239657471110, EAO: 0.224
Trial 1233 finished with value: 0.22431930360513005 and parameters: {'window_influence': 0.5514733808038745, 'penalty_k': 0.1259035470650789, 'scale_lr': 0.1873123965747111}. Best is trial 1199 with value: 0.2814603819837415.
checkpoint_e22 window_influence: 0.34513519455066954, penalty_k: 0.16935711196521142, scale_lr: 0.36666039214552670, EAO: 0.266
Trial 1234 finished with value: 0.26601925286335676 and parameters: {'window_influence': 0.34513519455066954, 'penalty_k': 0.16935711196521142, 'scale_lr': 0.3666603921455267}. Best is trial 1199 with value: 0.2814603819837415.
checkpoint_e22 window_influence: 0.37595163581409152, penalty_k: 0.14786149784112673, scale_lr: 0.16076284749147060, EAO: 0.259
Trial 1235 finished with value: 0.25906129775008535 and parameters: {'window_influence': 0.3759516358140915, 'penalty_k': 0.14786149784112673, 'scale_lr': 0.1607628474914706}. Best is trial 1199 with value: 0.2814603819837415.
checkpoint_e22 window_influence: 0.36401275203324807, penalty_k: 0.03698747772595250, scale_lr: 0.42974127523394973, EAO: 0.257
Trial 1236 finished with value: 0.25654512807363417 and parameters: {'window_influence': 0.36401275203324807, 'penalty_k': 0.036987477725952504, 'scale_lr': 0.4297412752339497}. Best is trial 1199 with value: 0.2814603819837415.
checkpoint_e22 window_influence: 0.28464428857025603, penalty_k: 0.38199624996963050, scale_lr: 0.56044652232099323, EAO: 0.255
