Trial 247 finished with value: 0.26392951868171616 and parameters: {'window_influence': 0.35336064933696354, 'penalty_k': 0.10880566297484183, 'scale_lr': 0.5641827813899067}. Best is trial 172 with value: 0.2898540811810067.
checkpoint_e30 window_influence: 0.37076135046114672, penalty_k: 0.07219172455370348, scale_lr: 0.51390996212525897, EAO: 0.267
Trial 248 finished with value: 0.266945062190052 and parameters: {'window_influence': 0.3707613504611467, 'penalty_k': 0.07219172455370348, 'scale_lr': 0.513909962125259}. Best is trial 172 with value: 0.2898540811810067.
checkpoint_e30 window_influence: 0.33001229417039568, penalty_k: 0.19374237430199170, scale_lr: 0.49167631446287297, EAO: 0.253
Trial 249 finished with value: 0.2534756099547797 and parameters: {'window_influence': 0.3300122941703957, 'penalty_k': 0.1937423743019917, 'scale_lr': 0.49167631446287297}. Best is trial 172 with value: 0.2898540811810067.
checkpoint_e30 window_influence: 0.30437681415604922, penalty_k: 0.14319374097488163, scale_lr: 0.46055384959695167, EAO: 0.265
Trial 250 finished with value: 0.265066336204366 and parameters: {'window_influence': 0.3043768141560492, 'penalty_k': 0.14319374097488163, 'scale_lr': 0.46055384959695167}. Best is trial 172 with value: 0.2898540811810067.
checkpoint_e30 window_influence: 0.32094984555298817, penalty_k: 0.10067154288140892, scale_lr: 0.54095558172036085, EAO: 0.272
Trial 251 finished with value: 0.2721696200409556 and parameters: {'window_influence': 0.32094984555298817, 'penalty_k': 0.10067154288140892, 'scale_lr': 0.5409555817203608}. Best is trial 172 with value: 0.2898540811810067.
checkpoint_e30 window_influence: 0.05709695492864986, penalty_k: 0.08339318254689432, scale_lr: 0.73252544764431671, EAO: 0.224
Trial 252 finished with value: 0.22368510430905877 and parameters: {'window_influence': 0.05709695492864986, 'penalty_k': 0.08339318254689432, 'scale_lr': 0.7325254476443167}. Best is trial 172 with value: 0.2898540811810067.
checkpoint_e30 window_influence: 0.34374127129099902, penalty_k: 0.18003584830260458, scale_lr: 0.52774853588276471, EAO: 0.275
Trial 253 finished with value: 0.27534215933665995 and parameters: {'window_influence': 0.343741271290999, 'penalty_k': 0.18003584830260458, 'scale_lr': 0.5277485358827647}. Best is trial 172 with value: 0.2898540811810067.
checkpoint_e30 window_influence: 0.36000218006731866, penalty_k: 0.05773961276059457, scale_lr: 0.50602128545096747, EAO: 0.275
Trial 254 finished with value: 0.274805289519027 and parameters: {'window_influence': 0.36000218006731866, 'penalty_k': 0.05773961276059457, 'scale_lr': 0.5060212854509675}. Best is trial 172 with value: 0.2898540811810067.
checkpoint_e30 window_influence: 0.31289066549595840, penalty_k: 0.12976002424590807, scale_lr: 0.47748699558634577, EAO: 0.254
Trial 255 finished with value: 0.2537577412719649 and parameters: {'window_influence': 0.3128906654959584, 'penalty_k': 0.12976002424590807, 'scale_lr': 0.4774869955863458}. Best is trial 172 with value: 0.2898540811810067.
checkpoint_e30 window_influence: 0.32731851353684649, penalty_k: 0.17155405513773661, scale_lr: 0.49487525390387255, EAO: 0.273
Trial 256 finished with value: 0.27262213971556687 and parameters: {'window_influence': 0.3273185135368465, 'penalty_k': 0.1715540551377366, 'scale_lr': 0.49487525390387255}. Best is trial 172 with value: 0.2898540811810067.
checkpoint_e30 window_influence: 0.34311519052553685, penalty_k: 0.09287562210394171, scale_lr: 0.51724141834619886, EAO: 0.273
Trial 257 finished with value: 0.2728790042361593 and parameters: {'window_influence': 0.34311519052553685, 'penalty_k': 0.09287562210394171, 'scale_lr': 0.5172414183461989}. Best is trial 172 with value: 0.2898540811810067.
checkpoint_e30 window_influence: 0.37608992680150882, penalty_k: 0.20911680941550964, scale_lr: 0.48312268957929827, EAO: 0.263
Trial 258 finished with value: 0.26308002207821946 and parameters: {'window_influence': 0.3760899268015088, 'penalty_k': 0.20911680941550964, 'scale_lr': 0.48312268957929827}. Best is trial 172 with value: 0.2898540811810067.
checkpoint_e30 window_influence: 0.35248455290182185, penalty_k: 0.04421809054576809, scale_lr: 0.46860572397473232, EAO: 0.269
Trial 259 finished with value: 0.26896895383431657 and parameters: {'window_influence': 0.35248455290182185, 'penalty_k': 0.044218090545768085, 'scale_lr': 0.4686057239747323}. Best is trial 172 with value: 0.2898540811810067.
checkpoint_e30 window_influence: 0.32271777442544669, penalty_k: 0.16020073807802238, scale_lr: 0.50575034176041544, EAO: 0.258
Trial 260 finished with value: 0.2578470364091842 and parameters: {'window_influence': 0.3227177744254467, 'penalty_k': 0.16020073807802238, 'scale_lr': 0.5057503417604154}. Best is trial 172 with value: 0.2898540811810067.
checkpoint_e30 window_influence: 0.30048984216972319, penalty_k: 0.07531781487275535, scale_lr: 0.53019395258071222, EAO: 0.271
Trial 261 finished with value: 0.2714378309807157 and parameters: {'window_influence': 0.3004898421697232, 'penalty_k': 0.07531781487275535, 'scale_lr': 0.5301939525807122}. Best is trial 172 with value: 0.2898540811810067.
checkpoint_e30 window_influence: 0.33434547960452254, penalty_k: 0.11590591120406687, scale_lr: 0.49625192447881072, EAO: 0.272
Trial 262 finished with value: 0.27232526951446767 and parameters: {'window_influence': 0.33434547960452254, 'penalty_k': 0.11590591120406687, 'scale_lr': 0.4962519244788107}. Best is trial 172 with value: 0.2898540811810067.
checkpoint_e30 window_influence: 0.26959147901645830, penalty_k: 0.02989349940184759, scale_lr: 0.35462165441941151, EAO: 0.264
Trial 263 finished with value: 0.26375040018219287 and parameters: {'window_influence': 0.2695914790164583, 'penalty_k': 0.029893499401847594, 'scale_lr': 0.3546216544194115}. Best is trial 172 with value: 0.2898540811810067.
checkpoint_e30 window_influence: 0.31185277488201618, penalty_k: 0.10280640542241329, scale_lr: 0.44852290685056617, EAO: 0.273
Trial 264 finished with value: 0.27281359904180696 and parameters: {'window_influence': 0.3118527748820162, 'penalty_k': 0.10280640542241329, 'scale_lr': 0.44852290685056617}. Best is trial 172 with value: 0.2898540811810067.
checkpoint_e30 window_influence: 0.36080400546835528, penalty_k: 0.27568621464911108, scale_lr: 0.42484182423601191, EAO: 0.263
Trial 265 finished with value: 0.2634094637947354 and parameters: {'window_influence': 0.3608040054683553, 'penalty_k': 0.2756862146491111, 'scale_lr': 0.4248418242360119}. Best is trial 172 with value: 0.2898540811810067.
checkpoint_e30 window_influence: 0.34060475454847949, penalty_k: 0.06592457036526039, scale_lr: 0.51990685675951365, EAO: 0.270
Trial 266 finished with value: 0.2702587234780071 and parameters: {'window_influence': 0.3406047545484795, 'penalty_k': 0.0659245703652604, 'scale_lr': 0.5199068567595136}. Best is trial 172 with value: 0.2898540811810067.
checkpoint_e30 window_influence: 0.28895430695565311, penalty_k: 0.08555540551207931, scale_lr: 0.48475125335520014, EAO: 0.263
Trial 267 finished with value: 0.2632607883069573 and parameters: {'window_influence': 0.2889543069556531, 'penalty_k': 0.08555540551207931, 'scale_lr': 0.48475125335520014}. Best is trial 172 with value: 0.2898540811810067.
checkpoint_e30 window_influence: 0.32225621650243969, penalty_k: 0.05339521904808256, scale_lr: 0.55458957176315782, EAO: 0.275
Trial 268 finished with value: 0.27452097990648533 and parameters: {'window_influence': 0.3222562165024397, 'penalty_k': 0.05339521904808256, 'scale_lr': 0.5545895717631578}. Best is trial 172 with value: 0.2898540811810067.
checkpoint_e30 window_influence: 0.34452252874807665, penalty_k: 0.22544846510547289, scale_lr: 0.50644562076327693, EAO: 0.261
Trial 269 finished with value: 0.2611652094779945 and parameters: {'window_influence': 0.34452252874807665, 'penalty_k': 0.2254484651054729, 'scale_lr': 0.5064456207632769}. Best is trial 172 with value: 0.2898540811810067.
checkpoint_e30 window_influence: 0.33452175526838790, penalty_k: 0.07997220809505509, scale_lr: 0.53714142539412824, EAO: 0.272
Trial 270 finished with value: 0.27248898736102795 and parameters: {'window_influence': 0.3345217552683879, 'penalty_k': 0.07997220809505509, 'scale_lr': 0.5371414253941282}. Best is trial 172 with value: 0.2898540811810067.
checkpoint_e30 window_influence: 0.31228169702725511, penalty_k: 0.09455250608165125, scale_lr: 0.46531408270230806, EAO: 0.285
Trial 271 finished with value: 0.28494610001401205 and parameters: {'window_influence': 0.3122816970272551, 'penalty_k': 0.09455250608165125, 'scale_lr': 0.46531408270230806}. Best is trial 172 with value: 0.2898540811810067.
checkpoint_e30 window_influence: 0.18164980799578986, penalty_k: 0.09872520829784050, scale_lr: 0.46046345906440339, EAO: 0.261
Trial 272 finished with value: 0.2613353124721263 and parameters: {'window_influence': 0.18164980799578986, 'penalty_k': 0.0987252082978405, 'scale_lr': 0.4604634590644034}. Best is trial 172 with value: 0.2898540811810067.
checkpoint_e30 window_influence: 0.30728890607969100, penalty_k: 0.11269436350397184, scale_lr: 0.47575719367382990, EAO: 0.269
Trial 273 finished with value: 0.2688017091373118 and parameters: {'window_influence': 0.307288906079691, 'penalty_k': 0.11269436350397184, 'scale_lr': 0.4757571936738299}. Best is trial 172 with value: 0.2898540811810067.
checkpoint_e30 window_influence: 0.29566322279767743, penalty_k: 0.09057900633045617, scale_lr: 0.49569290013334183, EAO: 0.271
Trial 274 finished with value: 0.2706548270534694 and parameters: {'window_influence': 0.2956632227976774, 'penalty_k': 0.09057900633045617, 'scale_lr': 0.49569290013334183}. Best is trial 172 with value: 0.2898540811810067.
checkpoint_e30 window_influence: 0.36781913019991330, penalty_k: 0.10997423526521657, scale_lr: 0.45505456301067176, EAO: 0.274
Trial 275 finished with value: 0.2737452704005125 and parameters: {'window_influence': 0.3678191301999133, 'penalty_k': 0.10997423526521657, 'scale_lr': 0.45505456301067176}. Best is trial 172 with value: 0.2898540811810067.
checkpoint_e30 window_influence: 0.13055170003622496, penalty_k: 0.20054826956171817, scale_lr: 0.47231109434311819, EAO: 0.261
Trial 276 finished with value: 0.26109024197832353 and parameters: {'window_influence': 0.13055170003622496, 'penalty_k': 0.20054826956171817, 'scale_lr': 0.4723110943431182}. Best is trial 172 with value: 0.2898540811810067.
checkpoint_e30 window_influence: 0.35095936907941605, penalty_k: 0.24379553808834614, scale_lr: 0.43053832743185438, EAO: 0.265
Trial 277 finished with value: 0.26545734079630395 and parameters: {'window_influence': 0.35095936907941605, 'penalty_k': 0.24379553808834614, 'scale_lr': 0.4305383274318544}. Best is trial 172 with value: 0.2898540811810067.
checkpoint_e30 window_influence: 0.28042183611161980, penalty_k: 0.13362188930641644, scale_lr: 0.52003872975546039, EAO: 0.275
Trial 278 finished with value: 0.2754914214213689 and parameters: {'window_influence': 0.2804218361116198, 'penalty_k': 0.13362188930641644, 'scale_lr': 0.5200387297554604}. Best is trial 172 with value: 0.2898540811810067.
checkpoint_e30 window_influence: 0.31522745024890897, penalty_k: 0.07249445567892822, scale_lr: 0.48792109298553216, EAO: 0.281
Trial 279 finished with value: 0.28144761162802456 and parameters: {'window_influence': 0.31522745024890897, 'penalty_k': 0.07249445567892822, 'scale_lr': 0.48792109298553216}. Best is trial 172 with value: 0.2898540811810067.
checkpoint_e30 window_influence: 0.31622003424560335, penalty_k: 0.07115183397926128, scale_lr: 0.14230924095984593, EAO: 0.260
Trial 280 finished with value: 0.2600611661507831 and parameters: {'window_influence': 0.31622003424560335, 'penalty_k': 0.07115183397926128, 'scale_lr': 0.14230924095984593}. Best is trial 172 with value: 0.2898540811810067.
checkpoint_e30 window_influence: 0.32599587009668329, penalty_k: 0.08075422112890968, scale_lr: 0.50868222447002898, EAO: 0.268
Trial 281 finished with value: 0.2675759801413955 and parameters: {'window_influence': 0.3259958700966833, 'penalty_k': 0.08075422112890968, 'scale_lr': 0.508682224470029}. Best is trial 172 with value: 0.2898540811810067.
checkpoint_e30 window_influence: 0.33401295474625503, penalty_k: 0.09171720958660036, scale_lr: 0.10298465774017845, EAO: 0.269
Trial 282 finished with value: 0.2694284182980778 and parameters: {'window_influence': 0.33401295474625503, 'penalty_k': 0.09171720958660036, 'scale_lr': 0.10298465774017845}. Best is trial 172 with value: 0.2898540811810067.
checkpoint_e30 window_influence: 0.31141623830606913, penalty_k: 0.06942621315687651, scale_lr: 0.49184044719426712, EAO: 0.282
Trial 283 finished with value: 0.28239435381521055 and parameters: {'window_influence': 0.3114162383060691, 'penalty_k': 0.06942621315687651, 'scale_lr': 0.4918404471942671}. Best is trial 172 with value: 0.2898540811810067.
checkpoint_e30 window_influence: 0.30802559362375653, penalty_k: 0.06625685841963487, scale_lr: 0.44472238195652231, EAO: 0.276
Trial 284 finished with value: 0.27613600095113117 and parameters: {'window_influence': 0.30802559362375653, 'penalty_k': 0.06625685841963487, 'scale_lr': 0.4447223819565223}. Best is trial 172 with value: 0.2898540811810067.
checkpoint_e30 window_influence: 0.31343756964838199, penalty_k: 0.04568417437419700, scale_lr: 0.48927191200339010, EAO: 0.261
Trial 285 finished with value: 0.2607037586167576 and parameters: {'window_influence': 0.313437569648382, 'penalty_k': 0.045684174374197, 'scale_lr': 0.4892719120033901}. Best is trial 172 with value: 0.2898540811810067.
checkpoint_e30 window_influence: 0.38511115589640316, penalty_k: 0.05750854864425985, scale_lr: 0.32179287036990267, EAO: 0.275
Trial 286 finished with value: 0.2746376791378347 and parameters: {'window_influence': 0.38511115589640316, 'penalty_k': 0.057508548644259846, 'scale_lr': 0.3217928703699027}. Best is trial 172 with value: 0.2898540811810067.
checkpoint_e30 window_influence: 0.30239729637538615, penalty_k: 0.03424028133627181, scale_lr: 0.51933304664253599, EAO: 0.259
Trial 287 finished with value: 0.25912336084416243 and parameters: {'window_influence': 0.30239729637538615, 'penalty_k': 0.034240281336271806, 'scale_lr': 0.519333046642536}. Best is trial 172 with value: 0.2898540811810067.
checkpoint_e30 window_influence: 0.35598302598827947, penalty_k: 0.50738137820946960, scale_lr: 0.46440148709533302, EAO: 0.247
Trial 288 finished with value: 0.24672545904551096 and parameters: {'window_influence': 0.35598302598827947, 'penalty_k': 0.5073813782094696, 'scale_lr': 0.464401487095333}. Best is trial 172 with value: 0.2898540811810067.
checkpoint_e30 window_influence: 0.32136927181339936, penalty_k: 0.07288267488397646, scale_lr: 0.33700638016778472, EAO: 0.276
Trial 289 finished with value: 0.2757590702636455 and parameters: {'window_influence': 0.32136927181339936, 'penalty_k': 0.07288267488397646, 'scale_lr': 0.3370063801677847}. Best is trial 172 with value: 0.2898540811810067.
checkpoint_e30 window_influence: 0.34023050292248797, penalty_k: 0.09995081051091122, scale_lr: 0.49095539281793632, EAO: 0.285
Trial 290 finished with value: 0.28532395596668975 and parameters: {'window_influence': 0.34023050292248797, 'penalty_k': 0.09995081051091122, 'scale_lr': 0.4909553928179363}. Best is trial 172 with value: 0.2898540811810067.
checkpoint_e30 window_influence: 0.34450552723899525, penalty_k: 0.10268841953590732, scale_lr: 0.48568150333156845, EAO: 0.261
Trial 291 finished with value: 0.2606306123903127 and parameters: {'window_influence': 0.34450552723899525, 'penalty_k': 0.10268841953590732, 'scale_lr': 0.48568150333156845}. Best is trial 172 with value: 0.2898540811810067.
checkpoint_e30 window_influence: 0.36666851711474346, penalty_k: 0.12441951943813469, scale_lr: 0.29789726473620715, EAO: 0.281
Trial 292 finished with value: 0.28126806771852136 and parameters: {'window_influence': 0.36666851711474346, 'penalty_k': 0.12441951943813469, 'scale_lr': 0.29789726473620715}. Best is trial 172 with value: 0.2898540811810067.
checkpoint_e30 window_influence: 0.37153135667043935, penalty_k: 0.12526882164745856, scale_lr: 0.53266557586964969, EAO: 0.270
Trial 293 finished with value: 0.2702317635824041 and parameters: {'window_influence': 0.37153135667043935, 'penalty_k': 0.12526882164745856, 'scale_lr': 0.5326655758696497}. Best is trial 172 with value: 0.2898540811810067.
checkpoint_e30 window_influence: 0.38263116921832085, penalty_k: 0.12033562060145753, scale_lr: 0.30160773517276279, EAO: 0.282
Trial 294 finished with value: 0.28156542662924866 and parameters: {'window_influence': 0.38263116921832085, 'penalty_k': 0.12033562060145753, 'scale_lr': 0.3016077351727628}. Best is trial 172 with value: 0.2898540811810067.
checkpoint_e30 window_influence: 0.39443032273129397, penalty_k: 0.13877699605617744, scale_lr: 0.32232676507094188, EAO: 0.267
Trial 295 finished with value: 0.2671974089329805 and parameters: {'window_influence': 0.39443032273129397, 'penalty_k': 0.13877699605617744, 'scale_lr': 0.3223267650709419}. Best is trial 172 with value: 0.2898540811810067.
checkpoint_e30 window_influence: 0.37725578185796477, penalty_k: 0.12120504618652869, scale_lr: 0.26654034602368570, EAO: 0.275
Trial 296 finished with value: 0.2746349207875205 and parameters: {'window_influence': 0.37725578185796477, 'penalty_k': 0.12120504618652869, 'scale_lr': 0.2665403460236857}. Best is trial 172 with value: 0.2898540811810067.
checkpoint_e30 window_influence: 0.36437794425399361, penalty_k: 0.15201558478674923, scale_lr: 0.29502266320663773, EAO: 0.279
Trial 297 finished with value: 0.27917616329784317 and parameters: {'window_influence': 0.3643779442539936, 'penalty_k': 0.15201558478674923, 'scale_lr': 0.2950226632066377}. Best is trial 172 with value: 0.2898540811810067.
checkpoint_e30 window_influence: 0.36184419991859307, penalty_k: 0.14975809706806475, scale_lr: 0.27999448517099979, EAO: 0.278
Trial 298 finished with value: 0.27757627420066816 and parameters: {'window_influence': 0.36184419991859307, 'penalty_k': 0.14975809706806475, 'scale_lr': 0.2799944851709998}. Best is trial 172 with value: 0.2898540811810067.
checkpoint_e30 window_influence: 0.49842787190488874, penalty_k: 0.11915923927862809, scale_lr: 0.29676694100987411, EAO: 0.246
Trial 299 finished with value: 0.24605856878243812 and parameters: {'window_influence': 0.49842787190488874, 'penalty_k': 0.11915923927862809, 'scale_lr': 0.2967669410098741}. Best is trial 172 with value: 0.2898540811810067.
checkpoint_e30 window_influence: 0.36031242217674297, penalty_k: 0.12862564918953087, scale_lr: 0.28766433357878779, EAO: 0.278
Trial 300 finished with value: 0.2777104979850412 and parameters: {'window_influence': 0.360312422176743, 'penalty_k': 0.12862564918953087, 'scale_lr': 0.2876643335787878}. Best is trial 172 with value: 0.2898540811810067.
checkpoint_e30 window_influence: 0.39620276606958160, penalty_k: 0.10736444955542254, scale_lr: 0.32108055841609334, EAO: 0.278
Trial 301 finished with value: 0.27770318151489504 and parameters: {'window_influence': 0.3962027660695816, 'penalty_k': 0.10736444955542254, 'scale_lr': 0.32108055841609334}. Best is trial 172 with value: 0.2898540811810067.
checkpoint_e30 window_influence: 0.37860073588190807, penalty_k: 0.11253372407939222, scale_lr: 0.28680808336945562, EAO: 0.281
Trial 302 finished with value: 0.2812672984915051 and parameters: {'window_influence': 0.37860073588190807, 'penalty_k': 0.11253372407939222, 'scale_lr': 0.2868080833694556}. Best is trial 172 with value: 0.2898540811810067.
checkpoint_e30 window_influence: 0.37598185259260336, penalty_k: 0.13625963862460833, scale_lr: 0.29772858532676999, EAO: 0.277
Trial 303 finished with value: 0.27671569155726006 and parameters: {'window_influence': 0.37598185259260336, 'penalty_k': 0.13625963862460833, 'scale_lr': 0.29772858532677}. Best is trial 172 with value: 0.2898540811810067.
checkpoint_e30 window_influence: 0.37899940806897126, penalty_k: 0.11870810320766922, scale_lr: 0.27394804495535557, EAO: 0.274
Trial 304 finished with value: 0.27385719265879654 and parameters: {'window_influence': 0.37899940806897126, 'penalty_k': 0.11870810320766922, 'scale_lr': 0.2739480449553556}. Best is trial 172 with value: 0.2898540811810067.
checkpoint_e30 window_influence: 0.10131277380176779, penalty_k: 0.10845363967362286, scale_lr: 0.30856403101597030, EAO: 0.262
Trial 305 finished with value: 0.26210829052256374 and parameters: {'window_influence': 0.10131277380176779, 'penalty_k': 0.10845363967362286, 'scale_lr': 0.3085640310159703}. Best is trial 172 with value: 0.2898540811810067.
checkpoint_e30 window_influence: 0.38835275792774676, penalty_k: 0.12706750490717389, scale_lr: 0.30645246687052763, EAO: 0.270
Trial 306 finished with value: 0.2698284045346384 and parameters: {'window_influence': 0.38835275792774676, 'penalty_k': 0.1270675049071739, 'scale_lr': 0.30645246687052763}. Best is trial 172 with value: 0.2898540811810067.
checkpoint_e30 window_influence: 0.41208246747239663, penalty_k: 0.14662398865503434, scale_lr: 0.28283135588496872, EAO: 0.265
Trial 307 finished with value: 0.26536029238041825 and parameters: {'window_influence': 0.41208246747239663, 'penalty_k': 0.14662398865503434, 'scale_lr': 0.2828313558849687}. Best is trial 172 with value: 0.2898540811810067.
checkpoint_e30 window_influence: 0.45241335928632559, penalty_k: 0.09980384464185141, scale_lr: 0.29568757176283045, EAO: 0.250
Trial 308 finished with value: 0.250341173291691 and parameters: {'window_influence': 0.4524133592863256, 'penalty_k': 0.09980384464185141, 'scale_lr': 0.29568757176283045}. Best is trial 172 with value: 0.2898540811810067.
checkpoint_e30 window_influence: 0.36563263949431590, penalty_k: 0.12021937959667556, scale_lr: 0.30514729082778930, EAO: 0.277
