Trial 124 finished with value: 0.24872607132041358 and parameters: {'window_influence': 0.40238080943486737, 'penalty_k': 0.5180857894053057, 'scale_lr': 0.3624681719732262}. Best is trial 32 with value: 0.26735266679670755.
checkpoint_e17 window_influence: 0.48677964128328549, penalty_k: 0.54809442159659105, scale_lr: 0.38098951541103404, EAO: 0.251
Trial 125 finished with value: 0.2507218938411736 and parameters: {'window_influence': 0.4867796412832855, 'penalty_k': 0.548094421596591, 'scale_lr': 0.38098951541103404}. Best is trial 32 with value: 0.26735266679670755.
checkpoint_e17 window_influence: 0.36594638318802319, penalty_k: 0.53299829198246396, scale_lr: 0.43315997791575267, EAO: 0.253
Trial 126 finished with value: 0.25330732968764574 and parameters: {'window_influence': 0.3659463831880232, 'penalty_k': 0.532998291982464, 'scale_lr': 0.43315997791575267}. Best is trial 32 with value: 0.26735266679670755.
checkpoint_e17 window_influence: 0.34175988965633985, penalty_k: 0.56892011771878281, scale_lr: 0.40197183203834613, EAO: 0.253
Trial 127 finished with value: 0.2527062621543078 and parameters: {'window_influence': 0.34175988965633985, 'penalty_k': 0.5689201177187828, 'scale_lr': 0.40197183203834613}. Best is trial 32 with value: 0.26735266679670755.
checkpoint_e17 window_influence: 0.46538382970615300, penalty_k: 0.45992178581555371, scale_lr: 0.45211173213225714, EAO: 0.258
Trial 128 finished with value: 0.257880021462111 and parameters: {'window_influence': 0.465383829706153, 'penalty_k': 0.4599217858155537, 'scale_lr': 0.45211173213225714}. Best is trial 32 with value: 0.26735266679670755.
checkpoint_e17 window_influence: 0.45104072427470809, penalty_k: 0.41768901652978785, scale_lr: 0.62997718050342222, EAO: 0.259
Trial 129 finished with value: 0.2593614323958149 and parameters: {'window_influence': 0.4510407242747081, 'penalty_k': 0.41768901652978785, 'scale_lr': 0.6299771805034222}. Best is trial 32 with value: 0.26735266679670755.
checkpoint_e17 window_influence: 0.38760036139341775, penalty_k: 0.50658567719570635, scale_lr: 0.32923466695137693, EAO: 0.259
Trial 130 finished with value: 0.25948474877248934 and parameters: {'window_influence': 0.38760036139341775, 'penalty_k': 0.5065856771957064, 'scale_lr': 0.32923466695137693}. Best is trial 32 with value: 0.26735266679670755.
checkpoint_e17 window_influence: 0.44040302196834641, penalty_k: 0.45226614578126328, scale_lr: 0.42069479347041727, EAO: 0.251
Trial 131 finished with value: 0.2506562258169903 and parameters: {'window_influence': 0.4404030219683464, 'penalty_k': 0.4522661457812633, 'scale_lr': 0.42069479347041727}. Best is trial 32 with value: 0.26735266679670755.
checkpoint_e17 window_influence: 0.41309289145317091, penalty_k: 0.43837539377957008, scale_lr: 0.41479750569679097, EAO: 0.256
Trial 132 finished with value: 0.2560714398457752 and parameters: {'window_influence': 0.4130928914531709, 'penalty_k': 0.4383753937795701, 'scale_lr': 0.41479750569679097}. Best is trial 32 with value: 0.26735266679670755.
checkpoint_e17 window_influence: 0.43115434844155831, penalty_k: 0.47011363951468449, scale_lr: 0.49368486695545050, EAO: 0.253
Trial 133 finished with value: 0.2526424861535793 and parameters: {'window_influence': 0.4311543484415583, 'penalty_k': 0.4701136395146845, 'scale_lr': 0.4936848669554505}. Best is trial 32 with value: 0.26735266679670755.
checkpoint_e17 window_influence: 0.40210468520122367, penalty_k: 0.44683090903138950, scale_lr: 0.46229613405889569, EAO: 0.257
Trial 134 finished with value: 0.25675809970958446 and parameters: {'window_influence': 0.40210468520122367, 'penalty_k': 0.4468309090313895, 'scale_lr': 0.4622961340588957}. Best is trial 32 with value: 0.26735266679670755.
checkpoint_e17 window_influence: 0.47699825244677657, penalty_k: 0.42820488465225515, scale_lr: 0.39416562458091114, EAO: 0.248
Trial 135 finished with value: 0.24817912389592425 and parameters: {'window_influence': 0.47699825244677657, 'penalty_k': 0.42820488465225515, 'scale_lr': 0.39416562458091114}. Best is trial 32 with value: 0.26735266679670755.
checkpoint_e17 window_influence: 0.44506686603574280, penalty_k: 0.48984343006093456, scale_lr: 0.37807810617166859, EAO: 0.247
Trial 136 finished with value: 0.24743520868260685 and parameters: {'window_influence': 0.4450668660357428, 'penalty_k': 0.48984343006093456, 'scale_lr': 0.3780781061716686}. Best is trial 32 with value: 0.26735266679670755.
checkpoint_e17 window_influence: 0.37458022175555944, penalty_k: 0.40463959923336018, scale_lr: 0.41303738493368586, EAO: 0.254
Trial 137 finished with value: 0.25401197543473747 and parameters: {'window_influence': 0.37458022175555944, 'penalty_k': 0.4046395992333602, 'scale_lr': 0.41303738493368586}. Best is trial 32 with value: 0.26735266679670755.
checkpoint_e17 window_influence: 0.41540604281082050, penalty_k: 0.47589732865053985, scale_lr: 0.44202258139254047, EAO: 0.255
Trial 138 finished with value: 0.2549903450336883 and parameters: {'window_influence': 0.4154060428108205, 'penalty_k': 0.47589732865053985, 'scale_lr': 0.44202258139254047}. Best is trial 32 with value: 0.26735266679670755.
checkpoint_e17 window_influence: 0.45578559165056243, penalty_k: 0.52313693726695587, scale_lr: 0.35875954796886267, EAO: 0.252
Trial 139 finished with value: 0.2515858205837932 and parameters: {'window_influence': 0.4557855916505624, 'penalty_k': 0.5231369372669559, 'scale_lr': 0.35875954796886267}. Best is trial 32 with value: 0.26735266679670755.
checkpoint_e17 window_influence: 0.43600783421271483, penalty_k: 0.55882072198886679, scale_lr: 0.51867741473349627, EAO: 0.259
Trial 140 finished with value: 0.25854505622774604 and parameters: {'window_influence': 0.43600783421271483, 'penalty_k': 0.5588207219888668, 'scale_lr': 0.5186774147334963}. Best is trial 32 with value: 0.26735266679670755.
checkpoint_e17 window_influence: 0.46655214782961324, penalty_k: 0.50732449043318484, scale_lr: 0.46621290592259224, EAO: 0.257
Trial 141 finished with value: 0.25676821802205185 and parameters: {'window_influence': 0.46655214782961324, 'penalty_k': 0.5073244904331848, 'scale_lr': 0.46621290592259224}. Best is trial 32 with value: 0.26735266679670755.
checkpoint_e17 window_influence: 0.49710025506426564, penalty_k: 0.51444572329659499, scale_lr: 0.47577377608135157, EAO: 0.244
Trial 142 finished with value: 0.2437716101606687 and parameters: {'window_influence': 0.49710025506426564, 'penalty_k': 0.514445723296595, 'scale_lr': 0.4757737760813516}. Best is trial 32 with value: 0.26735266679670755.
checkpoint_e17 window_influence: 0.46295601189979152, penalty_k: 0.58068427030582725, scale_lr: 0.42698964808569173, EAO: 0.253
Trial 143 finished with value: 0.2531579124127946 and parameters: {'window_influence': 0.4629560118997915, 'penalty_k': 0.5806842703058273, 'scale_lr': 0.42698964808569173}. Best is trial 32 with value: 0.26735266679670755.
checkpoint_e17 window_influence: 0.39426072942158907, penalty_k: 0.49728080081597004, scale_lr: 0.45218483279840810, EAO: 0.262
Trial 144 finished with value: 0.26193460949310443 and parameters: {'window_influence': 0.3942607294215891, 'penalty_k': 0.49728080081597004, 'scale_lr': 0.4521848327984081}. Best is trial 32 with value: 0.26735266679670755.
checkpoint_e17 window_influence: 0.39279215388542105, penalty_k: 0.45596819745750511, scale_lr: 0.43729119530968308, EAO: 0.254
Trial 145 finished with value: 0.2542158949181316 and parameters: {'window_influence': 0.39279215388542105, 'penalty_k': 0.4559681974575051, 'scale_lr': 0.4372911953096831}. Best is trial 32 with value: 0.26735266679670755.
checkpoint_e17 window_influence: 0.42332054776197653, penalty_k: 0.49615629906841718, scale_lr: 0.45601654397336022, EAO: 0.261
Trial 146 finished with value: 0.2610760906605217 and parameters: {'window_influence': 0.42332054776197653, 'penalty_k': 0.4961562990684172, 'scale_lr': 0.4560165439733602}. Best is trial 32 with value: 0.26735266679670755.
checkpoint_e17 window_influence: 0.41893547208906823, penalty_k: 0.49869820860614450, scale_lr: 0.45369215043251576, EAO: 0.260
Trial 147 finished with value: 0.2604790160932192 and parameters: {'window_influence': 0.41893547208906823, 'penalty_k': 0.4986982086061445, 'scale_lr': 0.45369215043251576}. Best is trial 32 with value: 0.26735266679670755.
checkpoint_e17 window_influence: 0.36081823441537569, penalty_k: 0.49707192147558804, scale_lr: 0.45350806159192375, EAO: 0.263
Trial 148 finished with value: 0.26288318567401997 and parameters: {'window_influence': 0.3608182344153757, 'penalty_k': 0.49707192147558804, 'scale_lr': 0.45350806159192375}. Best is trial 32 with value: 0.26735266679670755.
checkpoint_e17 window_influence: 0.34818074040780206, penalty_k: 0.49684850930697089, scale_lr: 0.45097846285529869, EAO: 0.260
Trial 149 finished with value: 0.25988859053307434 and parameters: {'window_influence': 0.34818074040780206, 'penalty_k': 0.4968485093069709, 'scale_lr': 0.4509784628552987}. Best is trial 32 with value: 0.26735266679670755.
checkpoint_e17 window_influence: 0.38245245281922297, penalty_k: 0.53092744734779884, scale_lr: 0.48438901809575835, EAO: 0.257
Trial 150 finished with value: 0.25716590348297985 and parameters: {'window_influence': 0.38245245281922297, 'penalty_k': 0.5309274473477988, 'scale_lr': 0.48438901809575835}. Best is trial 32 with value: 0.26735266679670755.
checkpoint_e17 window_influence: 0.39511857499791808, penalty_k: 0.48253227974251006, scale_lr: 0.46228148509466005, EAO: 0.248
Trial 151 finished with value: 0.24810175743044877 and parameters: {'window_influence': 0.3951185749979181, 'penalty_k': 0.48253227974251006, 'scale_lr': 0.46228148509466005}. Best is trial 32 with value: 0.26735266679670755.
checkpoint_e17 window_influence: 0.36820702133697392, penalty_k: 0.49687667899350962, scale_lr: 0.50011391268329919, EAO: 0.254
Trial 152 finished with value: 0.2541705263339407 and parameters: {'window_influence': 0.3682070213369739, 'penalty_k': 0.4968766789935096, 'scale_lr': 0.5001139126832992}. Best is trial 32 with value: 0.26735266679670755.
checkpoint_e17 window_influence: 0.35657009364283976, penalty_k: 0.54367300720084288, scale_lr: 0.45421809828971160, EAO: 0.261
Trial 153 finished with value: 0.2612911033315387 and parameters: {'window_influence': 0.35657009364283976, 'penalty_k': 0.5436730072008429, 'scale_lr': 0.4542180982897116}. Best is trial 32 with value: 0.26735266679670755.
checkpoint_e17 window_influence: 0.35937344851028330, penalty_k: 0.54563290961032218, scale_lr: 0.45600970855108697, EAO: 0.259
Trial 154 finished with value: 0.2589979191742292 and parameters: {'window_influence': 0.3593734485102833, 'penalty_k': 0.5456329096103222, 'scale_lr': 0.45600970855108697}. Best is trial 32 with value: 0.26735266679670755.
checkpoint_e17 window_influence: 0.33358522256991580, penalty_k: 0.53437013972478820, scale_lr: 0.43387601791649261, EAO: 0.251
Trial 155 finished with value: 0.2513415374891545 and parameters: {'window_influence': 0.3335852225699158, 'penalty_k': 0.5343701397247882, 'scale_lr': 0.4338760179164926}. Best is trial 32 with value: 0.26735266679670755.
checkpoint_e17 window_influence: 0.35521860828685053, penalty_k: 0.54997749080108860, scale_lr: 0.44633656389756704, EAO: 0.255
Trial 156 finished with value: 0.2549054097475075 and parameters: {'window_influence': 0.35521860828685053, 'penalty_k': 0.5499774908010886, 'scale_lr': 0.44633656389756704}. Best is trial 32 with value: 0.26735266679670755.
checkpoint_e17 window_influence: 0.38644064600720107, penalty_k: 0.57209522497812060, scale_lr: 0.47724013250760339, EAO: 0.243
Trial 157 finished with value: 0.24307288205235955 and parameters: {'window_influence': 0.38644064600720107, 'penalty_k': 0.5720952249781206, 'scale_lr': 0.4772401325076034}. Best is trial 32 with value: 0.26735266679670755.
checkpoint_e17 window_influence: 0.32026161249043777, penalty_k: 0.51531117008171257, scale_lr: 0.40297077831401212, EAO: 0.249
Trial 158 finished with value: 0.24911307900901733 and parameters: {'window_influence': 0.3202616124904378, 'penalty_k': 0.5153111700817126, 'scale_lr': 0.4029707783140121}. Best is trial 32 with value: 0.26735266679670755.
checkpoint_e17 window_influence: 0.33926776105791229, penalty_k: 0.58818092044915637, scale_lr: 0.42879520865096776, EAO: 0.255
Trial 159 finished with value: 0.2554434294986531 and parameters: {'window_influence': 0.3392677610579123, 'penalty_k': 0.5881809204491564, 'scale_lr': 0.42879520865096776}. Best is trial 32 with value: 0.26735266679670755.
checkpoint_e17 window_influence: 0.37603597569370473, penalty_k: 0.52351070200004057, scale_lr: 0.41812121210975589, EAO: 0.257
Trial 160 finished with value: 0.2571971505516913 and parameters: {'window_influence': 0.3760359756937047, 'penalty_k': 0.5235107020000406, 'scale_lr': 0.4181212121097559}. Best is trial 32 with value: 0.26735266679670755.
checkpoint_e17 window_influence: 0.40851814933288899, penalty_k: 0.46615937389158235, scale_lr: 0.50924032551029119, EAO: 0.259
Trial 161 finished with value: 0.2588771273329006 and parameters: {'window_influence': 0.408518149332889, 'penalty_k': 0.46615937389158235, 'scale_lr': 0.5092403255102912}. Best is trial 32 with value: 0.26735266679670755.
checkpoint_e17 window_influence: 0.42384577400666634, penalty_k: 0.48024878686406847, scale_lr: 0.49080077247848181, EAO: 0.258
Trial 162 finished with value: 0.2580688750840784 and parameters: {'window_influence': 0.42384577400666634, 'penalty_k': 0.48024878686406847, 'scale_lr': 0.4908007724784818}. Best is trial 32 with value: 0.26735266679670755.
checkpoint_e17 window_influence: 0.40124087767268835, penalty_k: 0.50297131051714150, scale_lr: 0.46939526417501731, EAO: 0.251
Trial 163 finished with value: 0.2509324007281443 and parameters: {'window_influence': 0.40124087767268835, 'penalty_k': 0.5029713105171415, 'scale_lr': 0.4693952641750173}. Best is trial 32 with value: 0.26735266679670755.
checkpoint_e17 window_influence: 0.41927582654224238, penalty_k: 0.49127284284235984, scale_lr: 0.45346864054339198, EAO: 0.259
Trial 164 finished with value: 0.2592467714737101 and parameters: {'window_influence': 0.4192758265422424, 'penalty_k': 0.49127284284235984, 'scale_lr': 0.453468640543392}. Best is trial 32 with value: 0.26735266679670755.
checkpoint_e17 window_influence: 0.36573900989229202, penalty_k: 0.55946443647321653, scale_lr: 0.72312531673704838, EAO: 0.244
Trial 165 finished with value: 0.24396989433988323 and parameters: {'window_influence': 0.365739009892292, 'penalty_k': 0.5594644364732165, 'scale_lr': 0.7231253167370484}. Best is trial 32 with value: 0.26735266679670755.
checkpoint_e17 window_influence: 0.40741843710541159, penalty_k: 0.46863140946374227, scale_lr: 0.44395538021954734, EAO: 0.264
Trial 166 finished with value: 0.26369839246437804 and parameters: {'window_influence': 0.4074184371054116, 'penalty_k': 0.46863140946374227, 'scale_lr': 0.44395538021954734}. Best is trial 32 with value: 0.26735266679670755.
checkpoint_e17 window_influence: 0.39662261924714942, penalty_k: 0.46784173774766447, scale_lr: 0.44566887257550747, EAO: 0.269
Trial 167 finished with value: 0.26853695245293097 and parameters: {'window_influence': 0.3966226192471494, 'penalty_k': 0.46784173774766447, 'scale_lr': 0.44566887257550747}. Best is trial 167 with value: 0.26853695245293097.
checkpoint_e17 window_influence: 0.40716506785503248, penalty_k: 0.47108260620927095, scale_lr: 0.44182966647115096, EAO: 0.251
Trial 168 finished with value: 0.2508385427962474 and parameters: {'window_influence': 0.4071650678550325, 'penalty_k': 0.47108260620927095, 'scale_lr': 0.44182966647115096}. Best is trial 167 with value: 0.26853695245293097.
checkpoint_e17 window_influence: 0.39290624217378017, penalty_k: 0.50472390070905659, scale_lr: 0.46665510134383792, EAO: 0.254
Trial 169 finished with value: 0.25375469767950415 and parameters: {'window_influence': 0.3929062421737802, 'penalty_k': 0.5047239007090566, 'scale_lr': 0.4666551013438379}. Best is trial 167 with value: 0.26853695245293097.
checkpoint_e17 window_influence: 0.38031866270404630, penalty_k: 0.59896431466652200, scale_lr: 0.44137175831342768, EAO: 0.252
Trial 170 finished with value: 0.2522078835503842 and parameters: {'window_influence': 0.3803186627040463, 'penalty_k': 0.598964314666522, 'scale_lr': 0.4413717583134277}. Best is trial 167 with value: 0.26853695245293097.
checkpoint_e17 window_influence: 0.35020229716746321, penalty_k: 0.46222366216428545, scale_lr: 0.39373814319115680, EAO: 0.260
Trial 171 finished with value: 0.25996889749435875 and parameters: {'window_influence': 0.3502022971674632, 'penalty_k': 0.46222366216428545, 'scale_lr': 0.3937381431911568}. Best is trial 167 with value: 0.26853695245293097.
checkpoint_e17 window_influence: 0.39831204951804061, penalty_k: 0.43932655069353027, scale_lr: 0.42460683215773326, EAO: 0.255
Trial 172 finished with value: 0.254951557553396 and parameters: {'window_influence': 0.3983120495180406, 'penalty_k': 0.43932655069353027, 'scale_lr': 0.42460683215773326}. Best is trial 167 with value: 0.26853695245293097.
checkpoint_e17 window_influence: 0.41126496109758581, penalty_k: 0.48343463219997845, scale_lr: 0.41090190490620015, EAO: 0.264
Trial 173 finished with value: 0.26369957480488754 and parameters: {'window_influence': 0.4112649610975858, 'penalty_k': 0.48343463219997845, 'scale_lr': 0.41090190490620015}. Best is trial 167 with value: 0.26853695245293097.
checkpoint_e17 window_influence: 0.41504783364423631, penalty_k: 0.48691374270921217, scale_lr: 0.40961680765425318, EAO: 0.262
Trial 174 finished with value: 0.2618997141234274 and parameters: {'window_influence': 0.4150478336442363, 'penalty_k': 0.48691374270921217, 'scale_lr': 0.4096168076542532}. Best is trial 167 with value: 0.26853695245293097.
checkpoint_e17 window_influence: 0.41533492997626342, penalty_k: 0.47891772365358098, scale_lr: 0.40311829571804064, EAO: 0.250
Trial 175 finished with value: 0.24986863614824728 and parameters: {'window_influence': 0.4153349299762634, 'penalty_k': 0.478917723653581, 'scale_lr': 0.40311829571804064}. Best is trial 167 with value: 0.26853695245293097.
checkpoint_e17 window_influence: 0.42419808981382789, penalty_k: 0.49473489219478634, scale_lr: 0.45392049237763482, EAO: 0.253
Trial 176 finished with value: 0.2527039356347991 and parameters: {'window_influence': 0.4241980898138279, 'penalty_k': 0.49473489219478634, 'scale_lr': 0.4539204923776348}. Best is trial 167 with value: 0.26853695245293097.
checkpoint_e17 window_influence: 0.40898867056557253, penalty_k: 0.51599992516154125, scale_lr: 0.41260148682311582, EAO: 0.261
Trial 177 finished with value: 0.2610336575445121 and parameters: {'window_influence': 0.40898867056557253, 'penalty_k': 0.5159999251615413, 'scale_lr': 0.4126014868231158}. Best is trial 167 with value: 0.26853695245293097.
checkpoint_e17 window_influence: 0.40566139528818024, penalty_k: 0.53976238141975741, scale_lr: 0.38043186667541357, EAO: 0.252
Trial 178 finished with value: 0.25166963180148505 and parameters: {'window_influence': 0.40566139528818024, 'penalty_k': 0.5397623814197574, 'scale_lr': 0.38043186667541357}. Best is trial 167 with value: 0.26853695245293097.
checkpoint_e17 window_influence: 0.38439267927394749, penalty_k: 0.52305150632340724, scale_lr: 0.40954499048189147, EAO: 0.249
Trial 179 finished with value: 0.24906128923582838 and parameters: {'window_influence': 0.3843926792739475, 'penalty_k': 0.5230515063234072, 'scale_lr': 0.40954499048189147}. Best is trial 167 with value: 0.26853695245293097.
checkpoint_e17 window_influence: 0.37379102554199062, penalty_k: 0.51053070604799733, scale_lr: 0.43566253054602327, EAO: 0.254
Trial 180 finished with value: 0.2539960628117972 and parameters: {'window_influence': 0.3737910255419906, 'penalty_k': 0.5105307060479973, 'scale_lr': 0.4356625305460233}. Best is trial 167 with value: 0.26853695245293097.
checkpoint_e17 window_influence: 0.41338228429248924, penalty_k: 0.46829976226188252, scale_lr: 0.47951650861466988, EAO: 0.257
Trial 181 finished with value: 0.25681093753111073 and parameters: {'window_influence': 0.41338228429248924, 'penalty_k': 0.4682997622618825, 'scale_lr': 0.4795165086146699}. Best is trial 167 with value: 0.26853695245293097.
checkpoint_e17 window_influence: 0.39841356938056233, penalty_k: 0.48809839807757399, scale_lr: 0.41872503281564449, EAO: 0.249
Trial 182 finished with value: 0.24893665186515668 and parameters: {'window_influence': 0.3984135693805623, 'penalty_k': 0.488098398077574, 'scale_lr': 0.4187250328156445}. Best is trial 167 with value: 0.26853695245293097.
checkpoint_e17 window_influence: 0.43263180392163542, penalty_k: 0.25705692660107693, scale_lr: 0.46001855271035169, EAO: 0.271
Trial 183 finished with value: 0.27066574675765465 and parameters: {'window_influence': 0.4326318039216354, 'penalty_k': 0.25705692660107693, 'scale_lr': 0.4600185527103517}. Best is trial 183 with value: 0.27066574675765465.
checkpoint_e17 window_influence: 0.43081871911523528, penalty_k: 0.28204365774091894, scale_lr: 0.57756532994231125, EAO: 0.263
Trial 184 finished with value: 0.2630085283663215 and parameters: {'window_influence': 0.4308187191152353, 'penalty_k': 0.28204365774091894, 'scale_lr': 0.5775653299423112}. Best is trial 183 with value: 0.27066574675765465.
checkpoint_e17 window_influence: 0.43278949666360211, penalty_k: 0.27873661832380348, scale_lr: 0.60245549035665713, EAO: 0.245
Trial 185 finished with value: 0.24487972725939944 and parameters: {'window_influence': 0.4327894966636021, 'penalty_k': 0.2787366183238035, 'scale_lr': 0.6024554903566571}. Best is trial 183 with value: 0.27066574675765465.
checkpoint_e17 window_influence: 0.39189828477025646, penalty_k: 0.25140480270882704, scale_lr: 0.64145280565809881, EAO: 0.275
