Trial 2092 finished with value: 0.24499617395846823 and parameters: {'window_influence': 0.3523499057418601, 'penalty_k': 0.44965601649565257, 'scale_lr': 0.43144367630904035}. Best is trial 1552 with value: 0.2873222411163454.
checkpoint_e22 window_influence: 0.59408233083665274, penalty_k: 0.56368438566176093, scale_lr: 0.40982943761196033, EAO: 0.197
Trial 2093 finished with value: 0.19659855834594586 and parameters: {'window_influence': 0.5940823308366527, 'penalty_k': 0.5636843856617609, 'scale_lr': 0.40982943761196033}. Best is trial 1552 with value: 0.2873222411163454.
checkpoint_e22 window_influence: 0.34465843367981047, penalty_k: 0.04541105983102241, scale_lr: 0.32675652806619010, EAO: 0.259
Trial 2094 finished with value: 0.2587247732572439 and parameters: {'window_influence': 0.34465843367981047, 'penalty_k': 0.04541105983102241, 'scale_lr': 0.3267565280661901}. Best is trial 1552 with value: 0.2873222411163454.
checkpoint_e22 window_influence: 0.18738158116448472, penalty_k: 0.42381348347125652, scale_lr: 0.37241993966618125, EAO: 0.237
Trial 2095 finished with value: 0.237206354313265 and parameters: {'window_influence': 0.18738158116448472, 'penalty_k': 0.4238134834712565, 'scale_lr': 0.37241993966618125}. Best is trial 1552 with value: 0.2873222411163454.
checkpoint_e22 window_influence: 0.44836059434620706, penalty_k: 0.02420200080341009, scale_lr: 0.22848350109383861, EAO: 0.250
Trial 2096 finished with value: 0.24996389606134678 and parameters: {'window_influence': 0.44836059434620706, 'penalty_k': 0.024202000803410086, 'scale_lr': 0.2284835010938386}. Best is trial 1552 with value: 0.2873222411163454.
checkpoint_e22 window_influence: 0.36507698939434557, penalty_k: 0.57838905008382957, scale_lr: 0.35986599660880519, EAO: 0.248
Trial 2097 finished with value: 0.24794186142886557 and parameters: {'window_influence': 0.3650769893943456, 'penalty_k': 0.5783890500838296, 'scale_lr': 0.3598659966088052}. Best is trial 1552 with value: 0.2873222411163454.
checkpoint_e22 window_influence: 0.33448926335761092, penalty_k: 0.00117893390542889, scale_lr: 0.39425138297820694, EAO: 0.250
Trial 2098 finished with value: 0.2503303651039193 and parameters: {'window_influence': 0.3344892633576109, 'penalty_k': 0.0011789339054288916, 'scale_lr': 0.39425138297820694}. Best is trial 1552 with value: 0.2873222411163454.
checkpoint_e22 window_influence: 0.32065241351309182, penalty_k: 0.03022718962552020, scale_lr: 0.29718950011356232, EAO: 0.259
Trial 2099 finished with value: 0.25942231218020123 and parameters: {'window_influence': 0.3206524135130918, 'penalty_k': 0.030227189625520203, 'scale_lr': 0.2971895001135623}. Best is trial 1552 with value: 0.2873222411163454.
checkpoint_e22 window_influence: 0.35057924818449171, penalty_k: 0.04619000407036578, scale_lr: 0.34341556053995281, EAO: 0.270
Trial 2100 finished with value: 0.2704153364993692 and parameters: {'window_influence': 0.3505792481844917, 'penalty_k': 0.04619000407036578, 'scale_lr': 0.3434155605399528}. Best is trial 1552 with value: 0.2873222411163454.
checkpoint_e22 window_influence: 0.37112494845000815, penalty_k: 0.01209947263743105, scale_lr: 0.38230132902279607, EAO: 0.250
Trial 2101 finished with value: 0.2500562042119057 and parameters: {'window_influence': 0.37112494845000815, 'penalty_k': 0.012099472637431052, 'scale_lr': 0.38230132902279607}. Best is trial 1552 with value: 0.2873222411163454.
checkpoint_e22 window_influence: 0.24145024030574599, penalty_k: 0.03073209802701411, scale_lr: 0.21374445100731487, EAO: 0.253
Trial 2102 finished with value: 0.25345743265820714 and parameters: {'window_influence': 0.241450240305746, 'penalty_k': 0.030732098027014106, 'scale_lr': 0.21374445100731487}. Best is trial 1552 with value: 0.2873222411163454.
checkpoint_e22 window_influence: 0.12914944743324677, penalty_k: 0.04548174229332225, scale_lr: 0.41801392107039043, EAO: 0.245
Trial 2103 finished with value: 0.24507023115468218 and parameters: {'window_influence': 0.12914944743324677, 'penalty_k': 0.04548174229332225, 'scale_lr': 0.4180139210703904}. Best is trial 1552 with value: 0.2873222411163454.
checkpoint_e22 window_influence: 0.35914719036572196, penalty_k: 0.01433875000521160, scale_lr: 0.40118066995492890, EAO: 0.250
Trial 2104 finished with value: 0.24984724450159848 and parameters: {'window_influence': 0.35914719036572196, 'penalty_k': 0.014338750005211603, 'scale_lr': 0.4011806699549289}. Best is trial 1552 with value: 0.2873222411163454.
checkpoint_e22 window_influence: 0.33381480800323304, penalty_k: 0.51156801805297170, scale_lr: 0.36761316175753800, EAO: 0.249
Trial 2105 finished with value: 0.24908359233683686 and parameters: {'window_influence': 0.33381480800323304, 'penalty_k': 0.5115680180529717, 'scale_lr': 0.367613161757538}. Best is trial 1552 with value: 0.2873222411163454.
checkpoint_e22 window_influence: 0.34747707347494267, penalty_k: 0.47238794991148014, scale_lr: 0.43831960979538259, EAO: 0.257
Trial 2106 finished with value: 0.2574521035440569 and parameters: {'window_influence': 0.34747707347494267, 'penalty_k': 0.47238794991148014, 'scale_lr': 0.4383196097953826}. Best is trial 1552 with value: 0.2873222411163454.
checkpoint_e22 window_influence: 0.21156798807178909, penalty_k: 0.05699545421504443, scale_lr: 0.26465236143317417, EAO: 0.246
Trial 2107 finished with value: 0.24583244481222416 and parameters: {'window_influence': 0.2115679880717891, 'penalty_k': 0.05699545421504443, 'scale_lr': 0.26465236143317417}. Best is trial 1552 with value: 0.2873222411163454.
checkpoint_e22 window_influence: 0.36503151941951367, penalty_k: 0.03698424091484935, scale_lr: 0.38282691817473391, EAO: 0.267
Trial 2108 finished with value: 0.26677318571544273 and parameters: {'window_influence': 0.3650315194195137, 'penalty_k': 0.03698424091484935, 'scale_lr': 0.3828269181747339}. Best is trial 1552 with value: 0.2873222411163454.
checkpoint_e22 window_influence: 0.31761660702726779, penalty_k: 0.02083687579566689, scale_lr: 0.31761125112211153, EAO: 0.257
Trial 2109 finished with value: 0.25687279400786733 and parameters: {'window_influence': 0.3176166070272678, 'penalty_k': 0.02083687579566689, 'scale_lr': 0.3176112511221115}. Best is trial 1552 with value: 0.2873222411163454.
checkpoint_e22 window_influence: 0.21939642947114274, penalty_k: 0.04502765639678796, scale_lr: 0.35272381361679861, EAO: 0.249
Trial 2110 finished with value: 0.24897835058409992 and parameters: {'window_influence': 0.21939642947114274, 'penalty_k': 0.04502765639678796, 'scale_lr': 0.3527238136167986}. Best is trial 1552 with value: 0.2873222411163454.
checkpoint_e22 window_influence: 0.35365356972965600, penalty_k: 0.02863741565880194, scale_lr: 0.40185398371123698, EAO: 0.263
Trial 2111 finished with value: 0.26255948363038584 and parameters: {'window_influence': 0.353653569729656, 'penalty_k': 0.02863741565880194, 'scale_lr': 0.401853983711237}. Best is trial 1552 with value: 0.2873222411163454.
checkpoint_e22 window_influence: 0.61607386862177393, penalty_k: 0.05778359211926842, scale_lr: 0.25216624421345096, EAO: 0.212
Trial 2112 finished with value: 0.2119072967065059 and parameters: {'window_influence': 0.6160738686217739, 'penalty_k': 0.05778359211926842, 'scale_lr': 0.25216624421345096}. Best is trial 1552 with value: 0.2873222411163454.
checkpoint_e22 window_influence: 0.37762338483649016, penalty_k: 0.01990979939151718, scale_lr: 0.37042200379788931, EAO: 0.274
Trial 2113 finished with value: 0.2738379346040206 and parameters: {'window_influence': 0.37762338483649016, 'penalty_k': 0.019909799391517182, 'scale_lr': 0.3704220037978893}. Best is trial 1552 with value: 0.2873222411163454.
checkpoint_e22 window_influence: 0.34008181594044329, penalty_k: 0.03830987135255119, scale_lr: 0.21588818775618546, EAO: 0.260
Trial 2114 finished with value: 0.26037287172990115 and parameters: {'window_influence': 0.3400818159404433, 'penalty_k': 0.03830987135255119, 'scale_lr': 0.21588818775618546}. Best is trial 1552 with value: 0.2873222411163454.
checkpoint_e22 window_influence: 0.36224844544596718, penalty_k: 0.04699650766714381, scale_lr: 0.71428773122498090, EAO: 0.252
Trial 2115 finished with value: 0.2521597511642347 and parameters: {'window_influence': 0.3622484454459672, 'penalty_k': 0.046996507667143805, 'scale_lr': 0.7142877312249809}. Best is trial 1552 with value: 0.2873222411163454.
Trial 2116 failed with parameters: {'window_influence': 0.3300643923182526, 'penalty_k': 0.028390351388145888, 'scale_lr': 0.41930266230298846} because of the following error: KeyboardInterrupt().
Traceback (most recent call last):
  File "/home/n26092289/anaconda3/envs/my_siamban/lib/python3.7/site-packages/optuna/study/_optimize.py", line 200, in _run_trial
    value_or_values = func(trial)
  File "../../tools/tune.py", line 269, in objective
    outputs = tracker.track(img)
  File "../../tools/tune.py", line 125, in track
    outputs = self.model.track(x_crop)
  File "/home/n26092289/multi_task/siamban-master/siamban/models/model_builder.py", line 176, in track
    xf = self.backbone(x)
  File "/home/n26092289/anaconda3/envs/my_siamban/lib/python3.7/site-packages/torch/nn/modules/module.py", line 1110, in _call_impl
    return forward_call(*input, **kwargs)
  File "/home/n26092289/multi_task/siamban-master/siamban/models/backbone/resnet_atrous.py", line 193, in forward
    p3 = self.layer3(p2)
  File "/home/n26092289/anaconda3/envs/my_siamban/lib/python3.7/site-packages/torch/nn/modules/module.py", line 1110, in _call_impl
    return forward_call(*input, **kwargs)
  File "/home/n26092289/anaconda3/envs/my_siamban/lib/python3.7/site-packages/torch/nn/modules/container.py", line 141, in forward
    input = module(input)
  File "/home/n26092289/anaconda3/envs/my_siamban/lib/python3.7/site-packages/torch/nn/modules/module.py", line 1110, in _call_impl
    return forward_call(*input, **kwargs)
  File "/home/n26092289/multi_task/siamban-master/siamban/models/backbone/resnet_atrous.py", line 92, in forward
    out = self.conv1(x)
  File "/home/n26092289/anaconda3/envs/my_siamban/lib/python3.7/site-packages/torch/nn/modules/module.py", line 1110, in _call_impl
    return forward_call(*input, **kwargs)
  File "/home/n26092289/anaconda3/envs/my_siamban/lib/python3.7/site-packages/torch/nn/modules/conv.py", line 447, in forward
    return self._conv_forward(input, self.weight, self.bias)
  File "/home/n26092289/anaconda3/envs/my_siamban/lib/python3.7/site-packages/torch/nn/modules/conv.py", line 444, in _conv_forward
    self.padding, self.dilation, self.groups)
KeyboardInterrupt
Trial 2116 failed with value None.
