Trial 743 finished with value: 0.2574881665348037 and parameters: {'window_influence': 0.279053321727634, 'penalty_k': 0.011051044354683598, 'scale_lr': 0.3295740254743921}. Best is trial 489 with value: 0.28065862270390113.
checkpoint_e32 window_influence: 0.09524839763728166, penalty_k: 0.05672232005421687, scale_lr: 0.20891566601713363, EAO: 0.248
Trial 744 finished with value: 0.24776358387576855 and parameters: {'window_influence': 0.09524839763728166, 'penalty_k': 0.056722320054216874, 'scale_lr': 0.20891566601713363}. Best is trial 489 with value: 0.28065862270390113.
checkpoint_e32 window_influence: 0.37478460305722239, penalty_k: 0.14073061467754716, scale_lr: 0.65881758227596410, EAO: 0.250
Trial 745 finished with value: 0.25001121772740914 and parameters: {'window_influence': 0.3747846030572224, 'penalty_k': 0.14073061467754716, 'scale_lr': 0.6588175822759641}. Best is trial 489 with value: 0.28065862270390113.
checkpoint_e32 window_influence: 0.35869306239160320, penalty_k: 0.27934432978853418, scale_lr: 0.78081971586698595, EAO: 0.260
Trial 746 finished with value: 0.2604358867416537 and parameters: {'window_influence': 0.3586930623916032, 'penalty_k': 0.2793443297885342, 'scale_lr': 0.780819715866986}. Best is trial 489 with value: 0.28065862270390113.
checkpoint_e32 window_influence: 0.31289434488975432, penalty_k: 0.45545962928858885, scale_lr: 0.25353581331070241, EAO: 0.268
Trial 747 finished with value: 0.26770784184942403 and parameters: {'window_influence': 0.3128943448897543, 'penalty_k': 0.45545962928858885, 'scale_lr': 0.2535358133107024}. Best is trial 489 with value: 0.28065862270390113.
checkpoint_e32 window_influence: 0.60079181962993899, penalty_k: 0.29994302677546925, scale_lr: 0.18890112756680577, EAO: 0.217
Trial 748 finished with value: 0.21664754040842135 and parameters: {'window_influence': 0.600791819629939, 'penalty_k': 0.29994302677546925, 'scale_lr': 0.18890112756680577}. Best is trial 489 with value: 0.28065862270390113.
checkpoint_e32 window_influence: 0.33823455206039577, penalty_k: 0.17779528152458557, scale_lr: 0.29288060974989494, EAO: 0.263
Trial 749 finished with value: 0.2629305815430191 and parameters: {'window_influence': 0.33823455206039577, 'penalty_k': 0.17779528152458557, 'scale_lr': 0.29288060974989494}. Best is trial 489 with value: 0.28065862270390113.
checkpoint_e32 window_influence: 0.54672519866691882, penalty_k: 0.36028728647128294, scale_lr: 0.40700663350505101, EAO: 0.231
Trial 750 finished with value: 0.23079983478154592 and parameters: {'window_influence': 0.5467251986669188, 'penalty_k': 0.36028728647128294, 'scale_lr': 0.407006633505051}. Best is trial 489 with value: 0.28065862270390113.
checkpoint_e32 window_influence: 0.30079976397036223, penalty_k: 0.50639844357913111, scale_lr: 0.17584528406201025, EAO: 0.261
Trial 751 finished with value: 0.2614890028063844 and parameters: {'window_influence': 0.30079976397036223, 'penalty_k': 0.5063984435791311, 'scale_lr': 0.17584528406201025}. Best is trial 489 with value: 0.28065862270390113.
checkpoint_e32 window_influence: 0.32492025450790257, penalty_k: 0.24633068250425244, scale_lr: 0.68421280988104460, EAO: 0.251
Trial 752 finished with value: 0.2507048583006471 and parameters: {'window_influence': 0.3249202545079026, 'penalty_k': 0.24633068250425244, 'scale_lr': 0.6842128098810446}. Best is trial 489 with value: 0.28065862270390113.
checkpoint_e32 window_influence: 0.28619414054476849, penalty_k: 0.08339223783251817, scale_lr: 0.61217559346528161, EAO: 0.258
Trial 753 finished with value: 0.2584544257904456 and parameters: {'window_influence': 0.2861941405447685, 'penalty_k': 0.08339223783251817, 'scale_lr': 0.6121755934652816}. Best is trial 489 with value: 0.28065862270390113.
checkpoint_e32 window_influence: 0.38217350391531102, penalty_k: 0.03661255315165248, scale_lr: 0.34674286263642018, EAO: 0.267
Trial 754 finished with value: 0.26722877175827336 and parameters: {'window_influence': 0.382173503915311, 'penalty_k': 0.03661255315165248, 'scale_lr': 0.3467428626364202}. Best is trial 489 with value: 0.28065862270390113.
checkpoint_e32 window_influence: 0.35153560770069703, penalty_k: 0.22872836271654662, scale_lr: 0.15622080651408279, EAO: 0.256
Trial 755 finished with value: 0.2562780683118153 and parameters: {'window_influence': 0.35153560770069703, 'penalty_k': 0.22872836271654662, 'scale_lr': 0.1562208065140828}. Best is trial 489 with value: 0.28065862270390113.
checkpoint_e32 window_influence: 0.31063837770576896, penalty_k: 0.33207074698508576, scale_lr: 0.64608483843062703, EAO: 0.276
Trial 756 finished with value: 0.2764429988536408 and parameters: {'window_influence': 0.31063837770576896, 'penalty_k': 0.33207074698508576, 'scale_lr': 0.646084838430627}. Best is trial 489 with value: 0.28065862270390113.
checkpoint_e32 window_influence: 0.30295762119583269, penalty_k: 0.33166917810395563, scale_lr: 0.64981509736884580, EAO: 0.260
Trial 757 finished with value: 0.2601576087678351 and parameters: {'window_influence': 0.3029576211958327, 'penalty_k': 0.33166917810395563, 'scale_lr': 0.6498150973688458}. Best is trial 489 with value: 0.28065862270390113.
checkpoint_e32 window_influence: 0.28604056029816621, penalty_k: 0.34977767056895864, scale_lr: 0.64207647505744769, EAO: 0.248
Trial 758 finished with value: 0.24780332787734707 and parameters: {'window_influence': 0.2860405602981662, 'penalty_k': 0.34977767056895864, 'scale_lr': 0.6420764750574477}. Best is trial 489 with value: 0.28065862270390113.
checkpoint_e32 window_influence: 0.29676691190881671, penalty_k: 0.32261358292184156, scale_lr: 0.66197836262870879, EAO: 0.259
Trial 759 finished with value: 0.2587338308614444 and parameters: {'window_influence': 0.2967669119088167, 'penalty_k': 0.32261358292184156, 'scale_lr': 0.6619783626287088}. Best is trial 489 with value: 0.28065862270390113.
checkpoint_e32 window_influence: 0.15371449644322063, penalty_k: 0.33315721290762285, scale_lr: 0.63158478228103687, EAO: 0.240
Trial 760 finished with value: 0.23996388803168042 and parameters: {'window_influence': 0.15371449644322063, 'penalty_k': 0.33315721290762285, 'scale_lr': 0.6315847822810369}. Best is trial 489 with value: 0.28065862270390113.
checkpoint_e32 window_influence: 0.63125400344268212, penalty_k: 0.31041958437073142, scale_lr: 0.67427855215614096, EAO: 0.203
Trial 761 finished with value: 0.2026809784091585 and parameters: {'window_influence': 0.6312540034426821, 'penalty_k': 0.3104195843707314, 'scale_lr': 0.674278552156141}. Best is trial 489 with value: 0.28065862270390113.
checkpoint_e32 window_influence: 0.31444810505396975, penalty_k: 0.30263823493387987, scale_lr: 0.72950829254783522, EAO: 0.263
Trial 762 finished with value: 0.2632674840771086 and parameters: {'window_influence': 0.31444810505396975, 'penalty_k': 0.30263823493387987, 'scale_lr': 0.7295082925478352}. Best is trial 489 with value: 0.28065862270390113.
checkpoint_e32 window_influence: 0.27623750289447729, penalty_k: 0.34297060896268661, scale_lr: 0.75396229262651815, EAO: 0.262
Trial 763 finished with value: 0.2615043865592499 and parameters: {'window_influence': 0.2762375028944773, 'penalty_k': 0.3429706089626866, 'scale_lr': 0.7539622926265181}. Best is trial 489 with value: 0.28065862270390113.
checkpoint_e32 window_influence: 0.23210103743000229, penalty_k: 0.32061242257766448, scale_lr: 0.27669947727082789, EAO: 0.250
Trial 764 finished with value: 0.25034857668527744 and parameters: {'window_influence': 0.2321010374300023, 'penalty_k': 0.3206124225776645, 'scale_lr': 0.2766994772708279}. Best is trial 489 with value: 0.28065862270390113.
checkpoint_e32 window_influence: 0.30845096834416774, penalty_k: 0.29292087919548632, scale_lr: 0.10647412838139655, EAO: 0.259
Trial 765 finished with value: 0.25916675775031733 and parameters: {'window_influence': 0.30845096834416774, 'penalty_k': 0.2929208791954863, 'scale_lr': 0.10647412838139655}. Best is trial 489 with value: 0.28065862270390113.
checkpoint_e32 window_influence: 0.15612118152499180, penalty_k: 0.19072459537723488, scale_lr: 0.31727496652333192, EAO: 0.241
Trial 766 finished with value: 0.24067365529575968 and parameters: {'window_influence': 0.1561211815249918, 'penalty_k': 0.19072459537723488, 'scale_lr': 0.3172749665233319}. Best is trial 489 with value: 0.28065862270390113.
checkpoint_e32 window_influence: 0.29262836431927519, penalty_k: 0.16651221088833040, scale_lr: 0.69750523424755229, EAO: 0.271
Trial 767 finished with value: 0.27092371953696737 and parameters: {'window_influence': 0.2926283643192752, 'penalty_k': 0.1665122108883304, 'scale_lr': 0.6975052342475523}. Best is trial 489 with value: 0.28065862270390113.
checkpoint_e32 window_influence: 0.25205904998125395, penalty_k: 0.36975590799704550, scale_lr: 0.65518112234433223, EAO: 0.252
Trial 768 finished with value: 0.2520876767916408 and parameters: {'window_influence': 0.25205904998125395, 'penalty_k': 0.3697559079970455, 'scale_lr': 0.6551811223443322}. Best is trial 489 with value: 0.28065862270390113.
checkpoint_e32 window_influence: 0.48615389582586921, penalty_k: 0.06576989408254635, scale_lr: 0.68313968572019435, EAO: 0.258
Trial 769 finished with value: 0.25824910735454015 and parameters: {'window_influence': 0.4861538958258692, 'penalty_k': 0.06576989408254635, 'scale_lr': 0.6831396857201943}. Best is trial 489 with value: 0.28065862270390113.
checkpoint_e32 window_influence: 0.26602448993587552, penalty_k: 0.31461813701353991, scale_lr: 0.71547965632700983, EAO: 0.259
Trial 770 finished with value: 0.25894842199920637 and parameters: {'window_influence': 0.2660244899358755, 'penalty_k': 0.3146181370135399, 'scale_lr': 0.7154796563270098}. Best is trial 489 with value: 0.28065862270390113.
checkpoint_e32 window_influence: 0.31954160487949018, penalty_k: 0.15005004197466845, scale_lr: 0.64531303296642106, EAO: 0.253
Trial 771 finished with value: 0.25338818096533056 and parameters: {'window_influence': 0.3195416048794902, 'penalty_k': 0.15005004197466845, 'scale_lr': 0.6453130329664211}. Best is trial 489 with value: 0.28065862270390113.
checkpoint_e32 window_influence: 0.36895224177217328, penalty_k: 0.32975092123057625, scale_lr: 0.62567955813187215, EAO: 0.248
Trial 772 finished with value: 0.24787340173876382 and parameters: {'window_influence': 0.3689522417721733, 'penalty_k': 0.32975092123057625, 'scale_lr': 0.6256795581318721}. Best is trial 489 with value: 0.28065862270390113.
checkpoint_e32 window_influence: 0.30431397381273362, penalty_k: 0.10323716853213208, scale_lr: 0.78329448593188999, EAO: 0.253
Trial 773 finished with value: 0.2531267930942822 and parameters: {'window_influence': 0.3043139738127336, 'penalty_k': 0.10323716853213208, 'scale_lr': 0.78329448593189}. Best is trial 489 with value: 0.28065862270390113.
checkpoint_e32 window_influence: 0.32395180683576541, penalty_k: 0.12761801562110353, scale_lr: 0.23790663936354625, EAO: 0.256
Trial 774 finished with value: 0.25630495509481044 and parameters: {'window_influence': 0.3239518068357654, 'penalty_k': 0.12761801562110353, 'scale_lr': 0.23790663936354625}. Best is trial 489 with value: 0.28065862270390113.
checkpoint_e32 window_influence: 0.20136450716109314, penalty_k: 0.55356917782750992, scale_lr: 0.66460550798135842, EAO: 0.251
Trial 775 finished with value: 0.2508604651907595 and parameters: {'window_influence': 0.20136450716109314, 'penalty_k': 0.5535691778275099, 'scale_lr': 0.6646055079813584}. Best is trial 489 with value: 0.28065862270390113.
checkpoint_e32 window_influence: 0.33945814274996144, penalty_k: 0.20518376618584983, scale_lr: 0.43836500657682564, EAO: 0.265
Trial 776 finished with value: 0.2652141108987777 and parameters: {'window_influence': 0.33945814274996144, 'penalty_k': 0.20518376618584983, 'scale_lr': 0.43836500657682564}. Best is trial 489 with value: 0.28065862270390113.
checkpoint_e32 window_influence: 0.47252093466279221, penalty_k: 0.29595537662265980, scale_lr: 0.59674595593651136, EAO: 0.254
Trial 777 finished with value: 0.2536783165078822 and parameters: {'window_influence': 0.4725209346627922, 'penalty_k': 0.2959553766226598, 'scale_lr': 0.5967459559365114}. Best is trial 489 with value: 0.28065862270390113.
checkpoint_e32 window_influence: 0.28771733261992333, penalty_k: 0.53403053109523446, scale_lr: 0.25399346617327762, EAO: 0.252
Trial 778 finished with value: 0.25158165298341734 and parameters: {'window_influence': 0.2877173326199233, 'penalty_k': 0.5340305310952345, 'scale_lr': 0.2539934661732776}. Best is trial 489 with value: 0.28065862270390113.
checkpoint_e32 window_influence: 0.44318987095928891, penalty_k: 0.35644225564664661, scale_lr: 0.74249589926875692, EAO: 0.263
Trial 779 finished with value: 0.26277137584075694 and parameters: {'window_influence': 0.4431898709592889, 'penalty_k': 0.3564422556466466, 'scale_lr': 0.7424958992687569}. Best is trial 489 with value: 0.28065862270390113.
checkpoint_e32 window_influence: 0.31278312758257065, penalty_k: 0.27830805612881215, scale_lr: 0.36213315049610212, EAO: 0.257
Trial 780 finished with value: 0.2570214716157293 and parameters: {'window_influence': 0.31278312758257065, 'penalty_k': 0.27830805612881215, 'scale_lr': 0.3621331504961021}. Best is trial 489 with value: 0.28065862270390113.
checkpoint_e32 window_influence: 0.39559336941609102, penalty_k: 0.34139237803071165, scale_lr: 0.41817596774762400, EAO: 0.252
Trial 781 finished with value: 0.25240640451268453 and parameters: {'window_influence': 0.395593369416091, 'penalty_k': 0.34139237803071165, 'scale_lr': 0.418175967747624}. Best is trial 489 with value: 0.28065862270390113.
checkpoint_e32 window_influence: 0.44973518301625104, penalty_k: 0.55982293998939436, scale_lr: 0.79947759845327426, EAO: 0.248
Trial 782 finished with value: 0.24793460916697493 and parameters: {'window_influence': 0.44973518301625104, 'penalty_k': 0.5598229399893944, 'scale_lr': 0.7994775984532743}. Best is trial 489 with value: 0.28065862270390113.
checkpoint_e32 window_influence: 0.33241083921318276, penalty_k: 0.30886869497723474, scale_lr: 0.61661699561147942, EAO: 0.251
Trial 783 finished with value: 0.25079849756103223 and parameters: {'window_influence': 0.33241083921318276, 'penalty_k': 0.30886869497723474, 'scale_lr': 0.6166169956114794}. Best is trial 489 with value: 0.28065862270390113.
checkpoint_e32 window_influence: 0.37650711173867391, penalty_k: 0.02508755513363288, scale_lr: 0.69720164140897767, EAO: 0.258
Trial 784 finished with value: 0.2577292622347188 and parameters: {'window_influence': 0.3765071117386739, 'penalty_k': 0.02508755513363288, 'scale_lr': 0.6972016414089777}. Best is trial 489 with value: 0.28065862270390113.
checkpoint_e32 window_influence: 0.35768283866267758, penalty_k: 0.32084356092656513, scale_lr: 0.77318648587711802, EAO: 0.252
Trial 785 finished with value: 0.2520329703281565 and parameters: {'window_influence': 0.3576828386626776, 'penalty_k': 0.32084356092656513, 'scale_lr': 0.773186485877118}. Best is trial 489 with value: 0.28065862270390113.
checkpoint_e32 window_influence: 0.30333284669975807, penalty_k: 0.17994345762559444, scale_lr: 0.13420773126504176, EAO: 0.269
Trial 786 finished with value: 0.2687256360441689 and parameters: {'window_influence': 0.3033328466997581, 'penalty_k': 0.17994345762559444, 'scale_lr': 0.13420773126504176}. Best is trial 489 with value: 0.28065862270390113.
checkpoint_e32 window_influence: 0.27198977143490999, penalty_k: 0.28873629205166285, scale_lr: 0.54459881508373498, EAO: 0.252
Trial 787 finished with value: 0.25215625441898176 and parameters: {'window_influence': 0.27198977143491, 'penalty_k': 0.28873629205166285, 'scale_lr': 0.544598815083735}. Best is trial 489 with value: 0.28065862270390113.
checkpoint_e32 window_influence: 0.29082866559153342, penalty_k: 0.16660986704522943, scale_lr: 0.72479717059968307, EAO: 0.256
Trial 788 finished with value: 0.25564214223768655 and parameters: {'window_influence': 0.2908286655915334, 'penalty_k': 0.16660986704522943, 'scale_lr': 0.7247971705996831}. Best is trial 489 with value: 0.28065862270390113.
checkpoint_e32 window_influence: 0.48536893158115924, penalty_k: 0.15478545733209295, scale_lr: 0.76041509112084760, EAO: 0.256
Trial 789 finished with value: 0.25566565100012756 and parameters: {'window_influence': 0.48536893158115924, 'penalty_k': 0.15478545733209295, 'scale_lr': 0.7604150911208476}. Best is trial 489 with value: 0.28065862270390113.
checkpoint_e32 window_influence: 0.31965149043696450, penalty_k: 0.42029697847518749, scale_lr: 0.67196682555242082, EAO: 0.255
Trial 790 finished with value: 0.2554712275542864 and parameters: {'window_influence': 0.3196514904369645, 'penalty_k': 0.4202969784751875, 'scale_lr': 0.6719668255524208}. Best is trial 489 with value: 0.28065862270390113.
checkpoint_e32 window_influence: 0.34218214072681558, penalty_k: 0.18743932709153480, scale_lr: 0.63947047546119429, EAO: 0.264
Trial 791 finished with value: 0.26389675696448583 and parameters: {'window_influence': 0.3421821407268156, 'penalty_k': 0.1874393270915348, 'scale_lr': 0.6394704754611943}. Best is trial 489 with value: 0.28065862270390113.
checkpoint_e32 window_influence: 0.38893128197137711, penalty_k: 0.30250834741251914, scale_lr: 0.22012218764661209, EAO: 0.266
Trial 792 finished with value: 0.2658337844096548 and parameters: {'window_influence': 0.3889312819713771, 'penalty_k': 0.30250834741251914, 'scale_lr': 0.2201221876466121}. Best is trial 489 with value: 0.28065862270390113.
checkpoint_e32 window_influence: 0.36724559085149500, penalty_k: 0.12286628304797167, scale_lr: 0.58681702322328844, EAO: 0.256
Trial 793 finished with value: 0.2561670926407101 and parameters: {'window_influence': 0.367245590851495, 'penalty_k': 0.12286628304797167, 'scale_lr': 0.5868170232232884}. Best is trial 489 with value: 0.28065862270390113.
checkpoint_e32 window_influence: 0.14199450864955493, penalty_k: 0.00137175094405480, scale_lr: 0.37762792810387596, EAO: 0.251
Trial 794 finished with value: 0.25125838864624983 and parameters: {'window_influence': 0.14199450864955493, 'penalty_k': 0.0013717509440547976, 'scale_lr': 0.37762792810387596}. Best is trial 489 with value: 0.28065862270390113.
checkpoint_e32 window_influence: 0.55714517969183874, penalty_k: 0.52348265673094163, scale_lr: 0.28015283641180316, EAO: 0.217
Trial 795 finished with value: 0.21732066977557127 and parameters: {'window_influence': 0.5571451796918387, 'penalty_k': 0.5234826567309416, 'scale_lr': 0.28015283641180316}. Best is trial 489 with value: 0.28065862270390113.
checkpoint_e32 window_influence: 0.58385462725149262, penalty_k: 0.10018916198713750, scale_lr: 0.45235069586442755, EAO: 0.219
Trial 796 finished with value: 0.21912185702382064 and parameters: {'window_influence': 0.5838546272514926, 'penalty_k': 0.1001891619871375, 'scale_lr': 0.45235069586442755}. Best is trial 489 with value: 0.28065862270390113.
checkpoint_e32 window_influence: 0.26099859366699840, penalty_k: 0.33027770121178351, scale_lr: 0.70696647386691802, EAO: 0.256
Trial 797 finished with value: 0.25582558389117077 and parameters: {'window_influence': 0.2609985936669984, 'penalty_k': 0.3302777012117835, 'scale_lr': 0.706966473866918}. Best is trial 489 with value: 0.28065862270390113.
checkpoint_e32 window_influence: 0.32999226961546335, penalty_k: 0.21475312116641454, scale_lr: 0.29724464567890835, EAO: 0.263
Trial 798 finished with value: 0.26287983921242924 and parameters: {'window_influence': 0.32999226961546335, 'penalty_k': 0.21475312116641454, 'scale_lr': 0.29724464567890835}. Best is trial 489 with value: 0.28065862270390113.
checkpoint_e32 window_influence: 0.17120741554714416, penalty_k: 0.13530222518548127, scale_lr: 0.48470039017334199, EAO: 0.248
Trial 799 finished with value: 0.24755325580273219 and parameters: {'window_influence': 0.17120741554714416, 'penalty_k': 0.13530222518548127, 'scale_lr': 0.484700390173342}. Best is trial 489 with value: 0.28065862270390113.
checkpoint_e32 window_influence: 0.28139981412185539, penalty_k: 0.38983007034085554, scale_lr: 0.67886318208597407, EAO: 0.257
Trial 800 finished with value: 0.25658798484298273 and parameters: {'window_influence': 0.2813998141218554, 'penalty_k': 0.38983007034085554, 'scale_lr': 0.6788631820859741}. Best is trial 489 with value: 0.28065862270390113.
checkpoint_e32 window_influence: 0.24588762178793128, penalty_k: 0.28413090274480779, scale_lr: 0.56646031316542067, EAO: 0.244
Trial 801 finished with value: 0.24362083839449455 and parameters: {'window_influence': 0.24588762178793128, 'penalty_k': 0.2841309027448078, 'scale_lr': 0.5664603131654207}. Best is trial 489 with value: 0.28065862270390113.
checkpoint_e32 window_influence: 0.21730318796359976, penalty_k: 0.31450251577265115, scale_lr: 0.20354841010556976, EAO: 0.244
Trial 802 finished with value: 0.24358305062462643 and parameters: {'window_influence': 0.21730318796359976, 'penalty_k': 0.31450251577265115, 'scale_lr': 0.20354841010556976}. Best is trial 489 with value: 0.28065862270390113.
checkpoint_e32 window_influence: 0.29855308637537675, penalty_k: 0.08849019973361336, scale_lr: 0.52589035120395344, EAO: 0.250
Trial 803 finished with value: 0.24969693012838443 and parameters: {'window_influence': 0.29855308637537675, 'penalty_k': 0.08849019973361336, 'scale_lr': 0.5258903512039534}. Best is trial 489 with value: 0.28065862270390113.
checkpoint_e32 window_influence: 0.43279963297300089, penalty_k: 0.40684414402866598, scale_lr: 0.26209973688065641, EAO: 0.252
Trial 804 finished with value: 0.2518833695751865 and parameters: {'window_influence': 0.4327996329730009, 'penalty_k': 0.406844144028666, 'scale_lr': 0.2620997368806564}. Best is trial 489 with value: 0.28065862270390113.
checkpoint_e32 window_influence: 0.41644481548615353, penalty_k: 0.06989534959551436, scale_lr: 0.14843433481586163, EAO: 0.258
