Trial 62 finished with value: 0.2563875551994254 and parameters: {'window_influence': 0.3540433428814861, 'penalty_k': 0.3175128224338208, 'scale_lr': 0.12837644078636626}. Best is trial 29 with value: 0.2735881624304182.
checkpoint_e22 window_influence: 0.39637907759908031, penalty_k: 0.34318816841516042, scale_lr: 0.17213145931162113, EAO: 0.259
Trial 63 finished with value: 0.259292930970347 and parameters: {'window_influence': 0.3963790775990803, 'penalty_k': 0.3431881684151604, 'scale_lr': 0.17213145931162113}. Best is trial 29 with value: 0.2735881624304182.
checkpoint_e22 window_influence: 0.38346994629508602, penalty_k: 0.38066178936556372, scale_lr: 0.16710711038956327, EAO: 0.245
Trial 64 finished with value: 0.24527025162204494 and parameters: {'window_influence': 0.383469946295086, 'penalty_k': 0.3806617893655637, 'scale_lr': 0.16710711038956327}. Best is trial 29 with value: 0.2735881624304182.
checkpoint_e22 window_influence: 0.45858457371537725, penalty_k: 0.34356599953974765, scale_lr: 0.11630231742169042, EAO: 0.247
Trial 65 finished with value: 0.2467585415011499 and parameters: {'window_influence': 0.45858457371537725, 'penalty_k': 0.34356599953974765, 'scale_lr': 0.11630231742169042}. Best is trial 29 with value: 0.2735881624304182.
checkpoint_e22 window_influence: 0.37406917573110077, penalty_k: 0.31074646173292442, scale_lr: 0.24354374429614717, EAO: 0.252
Trial 66 finished with value: 0.2515580330680056 and parameters: {'window_influence': 0.37406917573110077, 'penalty_k': 0.3107464617329244, 'scale_lr': 0.24354374429614717}. Best is trial 29 with value: 0.2735881624304182.
checkpoint_e22 window_influence: 0.42310632585453106, penalty_k: 0.27234602855424128, scale_lr: 0.15450626204495033, EAO: 0.259
Trial 67 finished with value: 0.25949781109404757 and parameters: {'window_influence': 0.42310632585453106, 'penalty_k': 0.2723460285542413, 'scale_lr': 0.15450626204495033}. Best is trial 29 with value: 0.2735881624304182.
checkpoint_e22 window_influence: 0.33658376719965560, penalty_k: 0.25553085960142607, scale_lr: 0.19521850305261990, EAO: 0.264
Trial 68 finished with value: 0.2636076802524125 and parameters: {'window_influence': 0.3365837671996556, 'penalty_k': 0.2555308596014261, 'scale_lr': 0.1952185030526199}. Best is trial 29 with value: 0.2735881624304182.
checkpoint_e22 window_influence: 0.33259772041381475, penalty_k: 0.26657443574515971, scale_lr: 0.19191415717567106, EAO: 0.248
Trial 69 finished with value: 0.2482949458365518 and parameters: {'window_influence': 0.33259772041381475, 'penalty_k': 0.2665744357451597, 'scale_lr': 0.19191415717567106}. Best is trial 29 with value: 0.2735881624304182.
checkpoint_e22 window_influence: 0.45579261685655931, penalty_k: 0.29550554337309776, scale_lr: 0.11721493741248484, EAO: 0.245
Trial 70 finished with value: 0.24489046596899267 and parameters: {'window_influence': 0.4557926168565593, 'penalty_k': 0.29550554337309776, 'scale_lr': 0.11721493741248484}. Best is trial 29 with value: 0.2735881624304182.
checkpoint_e22 window_influence: 0.41540054582892105, penalty_k: 0.25167746667646856, scale_lr: 0.15209003332243140, EAO: 0.255
Trial 71 finished with value: 0.25479945431395273 and parameters: {'window_influence': 0.41540054582892105, 'penalty_k': 0.25167746667646856, 'scale_lr': 0.1520900333224314}. Best is trial 29 with value: 0.2735881624304182.
checkpoint_e22 window_influence: 0.34704886530846191, penalty_k: 0.23486855302532245, scale_lr: 0.10229601409723917, EAO: 0.261
Trial 72 finished with value: 0.2609139377993297 and parameters: {'window_influence': 0.3470488653084619, 'penalty_k': 0.23486855302532245, 'scale_lr': 0.10229601409723917}. Best is trial 29 with value: 0.2735881624304182.
checkpoint_e22 window_influence: 0.35504945962645151, penalty_k: 0.28481824838129582, scale_lr: 0.10409062657401283, EAO: 0.248
Trial 73 finished with value: 0.2475142772725927 and parameters: {'window_influence': 0.3550494596264515, 'penalty_k': 0.2848182483812958, 'scale_lr': 0.10409062657401283}. Best is trial 29 with value: 0.2735881624304182.
checkpoint_e22 window_influence: 0.37164649364702285, penalty_k: 0.23628193738034117, scale_lr: 0.12769324760093609, EAO: 0.250
Trial 74 finished with value: 0.2502056528639987 and parameters: {'window_influence': 0.37164649364702285, 'penalty_k': 0.23628193738034117, 'scale_lr': 0.1276932476009361}. Best is trial 29 with value: 0.2735881624304182.
checkpoint_e22 window_influence: 0.42719461072137893, penalty_k: 0.22059979083406919, scale_lr: 0.15576478743165806, EAO: 0.258
Trial 75 finished with value: 0.25800424305404107 and parameters: {'window_influence': 0.42719461072137893, 'penalty_k': 0.2205997908340692, 'scale_lr': 0.15576478743165806}. Best is trial 29 with value: 0.2735881624304182.
checkpoint_e22 window_influence: 0.34295129217180698, penalty_k: 0.27183214478191059, scale_lr: 0.22201389630240409, EAO: 0.259
Trial 76 finished with value: 0.25897750076724263 and parameters: {'window_influence': 0.342951292171807, 'penalty_k': 0.2718321447819106, 'scale_lr': 0.2220138963024041}. Best is trial 29 with value: 0.2735881624304182.
checkpoint_e22 window_influence: 0.39837611391833916, penalty_k: 0.25397521472813328, scale_lr: 0.19813684834643305, EAO: 0.248
Trial 77 finished with value: 0.24842348967383548 and parameters: {'window_influence': 0.39837611391833916, 'penalty_k': 0.2539752147281333, 'scale_lr': 0.19813684834643305}. Best is trial 29 with value: 0.2735881624304182.
checkpoint_e22 window_influence: 0.31510936986426652, penalty_k: 0.20310636643417451, scale_lr: 0.11856690857152345, EAO: 0.256
Trial 78 finished with value: 0.25565291280911223 and parameters: {'window_influence': 0.3151093698642665, 'penalty_k': 0.2031063664341745, 'scale_lr': 0.11856690857152345}. Best is trial 29 with value: 0.2735881624304182.
checkpoint_e22 window_influence: 0.42691915746746273, penalty_k: 0.22742300495538184, scale_lr: 0.16835946780656924, EAO: 0.258
Trial 79 finished with value: 0.2576031374737499 and parameters: {'window_influence': 0.42691915746746273, 'penalty_k': 0.22742300495538184, 'scale_lr': 0.16835946780656924}. Best is trial 29 with value: 0.2735881624304182.
checkpoint_e22 window_influence: 0.47866844478623272, penalty_k: 0.30803424981658867, scale_lr: 0.10062702713266930, EAO: 0.252
Trial 80 finished with value: 0.2515552192926407 and parameters: {'window_influence': 0.4786684447862327, 'penalty_k': 0.30803424981658867, 'scale_lr': 0.1006270271326693}. Best is trial 29 with value: 0.2735881624304182.
checkpoint_e22 window_influence: 0.36504241887962530, penalty_k: 0.18744139853043265, scale_lr: 0.14249298826270079, EAO: 0.257
Trial 81 finished with value: 0.2571647322274805 and parameters: {'window_influence': 0.3650424188796253, 'penalty_k': 0.18744139853043265, 'scale_lr': 0.1424929882627008}. Best is trial 29 with value: 0.2735881624304182.
checkpoint_e22 window_influence: 0.33515900846011631, penalty_k: 0.16618396178863018, scale_lr: 0.13435226982526688, EAO: 0.262
Trial 82 finished with value: 0.26209280476337526 and parameters: {'window_influence': 0.3351590084601163, 'penalty_k': 0.16618396178863018, 'scale_lr': 0.13435226982526688}. Best is trial 29 with value: 0.2735881624304182.
checkpoint_e22 window_influence: 0.33500435987693328, penalty_k: 0.16055050674453786, scale_lr: 0.18117331526417657, EAO: 0.241
Trial 83 finished with value: 0.24087089330442552 and parameters: {'window_influence': 0.3350043598769333, 'penalty_k': 0.16055050674453786, 'scale_lr': 0.18117331526417657}. Best is trial 29 with value: 0.2735881624304182.
checkpoint_e22 window_influence: 0.38226243155826356, penalty_k: 0.24104219026270443, scale_lr: 0.13280409357259831, EAO: 0.249
Trial 84 finished with value: 0.24932968319673848 and parameters: {'window_influence': 0.38226243155826356, 'penalty_k': 0.24104219026270443, 'scale_lr': 0.13280409357259831}. Best is trial 29 with value: 0.2735881624304182.
checkpoint_e22 window_influence: 0.40343151678856326, penalty_k: 0.20626104427866349, scale_lr: 0.15175371671494514, EAO: 0.265
Trial 85 finished with value: 0.26473007835750656 and parameters: {'window_influence': 0.40343151678856326, 'penalty_k': 0.20626104427866349, 'scale_lr': 0.15175371671494514}. Best is trial 29 with value: 0.2735881624304182.
checkpoint_e22 window_influence: 0.34653420254155765, penalty_k: 0.20011794417135850, scale_lr: 0.11436007060807848, EAO: 0.260
Trial 86 finished with value: 0.2600355930323523 and parameters: {'window_influence': 0.34653420254155765, 'penalty_k': 0.2001179441713585, 'scale_lr': 0.11436007060807848}. Best is trial 29 with value: 0.2735881624304182.
checkpoint_e22 window_influence: 0.32451735876254878, penalty_k: 0.17128919324947495, scale_lr: 0.18886690305034087, EAO: 0.264
Trial 87 finished with value: 0.26431581880745847 and parameters: {'window_influence': 0.3245173587625488, 'penalty_k': 0.17128919324947495, 'scale_lr': 0.18886690305034087}. Best is trial 29 with value: 0.2735881624304182.
checkpoint_e22 window_influence: 0.31019412748895286, penalty_k: 0.17320778980616947, scale_lr: 0.21032004361247242, EAO: 0.256
Trial 88 finished with value: 0.2556192650785291 and parameters: {'window_influence': 0.31019412748895286, 'penalty_k': 0.17320778980616947, 'scale_lr': 0.21032004361247242}. Best is trial 29 with value: 0.2735881624304182.
checkpoint_e22 window_influence: 0.40297699155493583, penalty_k: 0.14956002860712667, scale_lr: 0.18918205490674828, EAO: 0.251
Trial 89 finished with value: 0.2508106181413178 and parameters: {'window_influence': 0.4029769915549358, 'penalty_k': 0.14956002860712667, 'scale_lr': 0.18918205490674828}. Best is trial 29 with value: 0.2735881624304182.
checkpoint_e22 window_influence: 0.32714179645392938, penalty_k: 0.20703781936608573, scale_lr: 0.17334689641923673, EAO: 0.253
Trial 90 finished with value: 0.25267232506255793 and parameters: {'window_influence': 0.3271417964539294, 'penalty_k': 0.20703781936608573, 'scale_lr': 0.17334689641923673}. Best is trial 29 with value: 0.2735881624304182.
checkpoint_e22 window_influence: 0.36483250457818350, penalty_k: 0.22315256140774872, scale_lr: 0.13922739943563364, EAO: 0.265
Trial 91 finished with value: 0.26510332076530146 and parameters: {'window_influence': 0.3648325045781835, 'penalty_k': 0.22315256140774872, 'scale_lr': 0.13922739943563364}. Best is trial 29 with value: 0.2735881624304182.
checkpoint_e22 window_influence: 0.39068299014266328, penalty_k: 0.22085675810176819, scale_lr: 0.13925792753370977, EAO: 0.253
Trial 92 finished with value: 0.2534064441555884 and parameters: {'window_influence': 0.3906829901426633, 'penalty_k': 0.2208567581017682, 'scale_lr': 0.13925792753370977}. Best is trial 29 with value: 0.2735881624304182.
checkpoint_e22 window_influence: 0.37577823841776559, penalty_k: 0.17230095981851037, scale_lr: 0.15269491489611214, EAO: 0.264
Trial 93 finished with value: 0.26448088878296255 and parameters: {'window_influence': 0.3757782384177656, 'penalty_k': 0.17230095981851037, 'scale_lr': 0.15269491489611214}. Best is trial 29 with value: 0.2735881624304182.
checkpoint_e22 window_influence: 0.37464009197608106, penalty_k: 0.18402176338455375, scale_lr: 0.15976279471790517, EAO: 0.268
Trial 94 finished with value: 0.268321441259326 and parameters: {'window_influence': 0.37464009197608106, 'penalty_k': 0.18402176338455375, 'scale_lr': 0.15976279471790517}. Best is trial 29 with value: 0.2735881624304182.
checkpoint_e22 window_influence: 0.37748825317148094, penalty_k: 0.18891646615026089, scale_lr: 0.22885781964388338, EAO: 0.247
Trial 95 finished with value: 0.24651938168013968 and parameters: {'window_influence': 0.37748825317148094, 'penalty_k': 0.1889164661502609, 'scale_lr': 0.22885781964388338}. Best is trial 29 with value: 0.2735881624304182.
checkpoint_e22 window_influence: 0.36385047914675711, penalty_k: 0.17230266573434691, scale_lr: 0.16053048576714271, EAO: 0.260
Trial 96 finished with value: 0.2604225686774021 and parameters: {'window_influence': 0.3638504791467571, 'penalty_k': 0.1723026657343469, 'scale_lr': 0.1605304857671427}. Best is trial 29 with value: 0.2735881624304182.
checkpoint_e22 window_influence: 0.40615487609397510, penalty_k: 0.13815648668724254, scale_lr: 0.20240149309556543, EAO: 0.249
Trial 97 finished with value: 0.2485274393262902 and parameters: {'window_influence': 0.4061548760939751, 'penalty_k': 0.13815648668724254, 'scale_lr': 0.20240149309556543}. Best is trial 29 with value: 0.2735881624304182.
checkpoint_e22 window_influence: 0.38978277605157374, penalty_k: 0.19942230456861337, scale_lr: 0.18274041662472087, EAO: 0.257
Trial 98 finished with value: 0.2572215493253576 and parameters: {'window_influence': 0.38978277605157374, 'penalty_k': 0.19942230456861337, 'scale_lr': 0.18274041662472087}. Best is trial 29 with value: 0.2735881624304182.
checkpoint_e22 window_influence: 0.37339510549014759, penalty_k: 0.21092581261684010, scale_lr: 0.14987570679039017, EAO: 0.270
Trial 99 finished with value: 0.2696548514370996 and parameters: {'window_influence': 0.3733951054901476, 'penalty_k': 0.2109258126168401, 'scale_lr': 0.14987570679039017}. Best is trial 29 with value: 0.2735881624304182.
checkpoint_e22 window_influence: 0.36050580261865067, penalty_k: 0.16093212051013245, scale_lr: 0.21544411250575690, EAO: 0.252
Trial 100 finished with value: 0.2524193326026444 and parameters: {'window_influence': 0.3605058026186507, 'penalty_k': 0.16093212051013245, 'scale_lr': 0.2154441125057569}. Best is trial 29 with value: 0.2735881624304182.
checkpoint_e22 window_influence: 0.37773391720497118, penalty_k: 0.21387346624627460, scale_lr: 0.15326975099831078, EAO: 0.271
Trial 101 finished with value: 0.27132819005386616 and parameters: {'window_influence': 0.3777339172049712, 'penalty_k': 0.2138734662462746, 'scale_lr': 0.15326975099831078}. Best is trial 29 with value: 0.2735881624304182.
checkpoint_e22 window_influence: 0.37029993001590833, penalty_k: 0.21432945618765012, scale_lr: 0.14840681567131464, EAO: 0.272
Trial 102 finished with value: 0.2724403038136358 and parameters: {'window_influence': 0.37029993001590833, 'penalty_k': 0.21432945618765012, 'scale_lr': 0.14840681567131464}. Best is trial 29 with value: 0.2735881624304182.
checkpoint_e22 window_influence: 0.38217925600826314, penalty_k: 0.17959458206681664, scale_lr: 0.15101212386728380, EAO: 0.273
Trial 103 finished with value: 0.273011652253023 and parameters: {'window_influence': 0.38217925600826314, 'penalty_k': 0.17959458206681664, 'scale_lr': 0.1510121238672838}. Best is trial 29 with value: 0.2735881624304182.
checkpoint_e22 window_influence: 0.37871284548230466, penalty_k: 0.18632365354071034, scale_lr: 0.15179023218524412, EAO: 0.275
Trial 104 finished with value: 0.27492820641131904 and parameters: {'window_influence': 0.37871284548230466, 'penalty_k': 0.18632365354071034, 'scale_lr': 0.15179023218524412}. Best is trial 104 with value: 0.27492820641131904.
checkpoint_e22 window_influence: 0.37850339637498953, penalty_k: 0.18035476154836008, scale_lr: 0.15964052263645651, EAO: 0.266
Trial 105 finished with value: 0.26623087976037 and parameters: {'window_influence': 0.37850339637498953, 'penalty_k': 0.18035476154836008, 'scale_lr': 0.1596405226364565}. Best is trial 104 with value: 0.27492820641131904.
checkpoint_e22 window_influence: 0.41581653766834775, penalty_k: 0.21250169625169699, scale_lr: 0.16359259097929882, EAO: 0.252
Trial 106 finished with value: 0.25199493929380323 and parameters: {'window_influence': 0.41581653766834775, 'penalty_k': 0.212501696251697, 'scale_lr': 0.16359259097929882}. Best is trial 104 with value: 0.27492820641131904.
checkpoint_e22 window_influence: 0.35743796336386574, penalty_k: 0.18609068404857840, scale_lr: 0.17559411663027419, EAO: 0.258
Trial 107 finished with value: 0.2576705485097761 and parameters: {'window_influence': 0.35743796336386574, 'penalty_k': 0.1860906840485784, 'scale_lr': 0.1755941166302742}. Best is trial 104 with value: 0.27492820641131904.
checkpoint_e22 window_influence: 0.37547898679384195, penalty_k: 0.19841875754656871, scale_lr: 0.11577994486853004, EAO: 0.257
Trial 108 finished with value: 0.2572141523525967 and parameters: {'window_influence': 0.37547898679384195, 'penalty_k': 0.1984187575465687, 'scale_lr': 0.11577994486853004}. Best is trial 104 with value: 0.27492820641131904.
checkpoint_e22 window_influence: 0.40143381578495035, penalty_k: 0.22460973165834563, scale_lr: 0.15158159555757630, EAO: 0.257
Trial 109 finished with value: 0.2574947073571081 and parameters: {'window_influence': 0.40143381578495035, 'penalty_k': 0.22460973165834563, 'scale_lr': 0.1515815955575763}. Best is trial 104 with value: 0.27492820641131904.
checkpoint_e22 window_influence: 0.38938904314587497, penalty_k: 0.15204816909246840, scale_lr: 0.13049051447708515, EAO: 0.245
Trial 110 finished with value: 0.24527749195089185 and parameters: {'window_influence': 0.38938904314587497, 'penalty_k': 0.1520481690924684, 'scale_lr': 0.13049051447708515}. Best is trial 104 with value: 0.27492820641131904.
checkpoint_e22 window_influence: 0.37485055051359478, penalty_k: 0.18084737267753914, scale_lr: 0.14910486072334761, EAO: 0.247
Trial 111 finished with value: 0.24724269119220052 and parameters: {'window_influence': 0.3748505505135948, 'penalty_k': 0.18084737267753914, 'scale_lr': 0.1491048607233476}. Best is trial 104 with value: 0.27492820641131904.
checkpoint_e22 window_influence: 0.36918455492856606, penalty_k: 0.20746550654605014, scale_lr: 0.16257060359276468, EAO: 0.258
Trial 112 finished with value: 0.2576183689440169 and parameters: {'window_influence': 0.36918455492856606, 'penalty_k': 0.20746550654605014, 'scale_lr': 0.16257060359276468}. Best is trial 104 with value: 0.27492820641131904.
checkpoint_e22 window_influence: 0.38085567466828651, penalty_k: 0.19153414176575848, scale_lr: 0.11956445994936160, EAO: 0.256
Trial 113 finished with value: 0.25597416506550175 and parameters: {'window_influence': 0.3808556746682865, 'penalty_k': 0.19153414176575848, 'scale_lr': 0.1195644599493616}. Best is trial 104 with value: 0.27492820641131904.
checkpoint_e22 window_influence: 0.35236798122723106, penalty_k: 0.17959537547760857, scale_lr: 0.14507888698608437, EAO: 0.271
Trial 114 finished with value: 0.2706405143064212 and parameters: {'window_influence': 0.35236798122723106, 'penalty_k': 0.17959537547760857, 'scale_lr': 0.14507888698608437}. Best is trial 104 with value: 0.27492820641131904.
checkpoint_e22 window_influence: 0.35808841578077283, penalty_k: 0.21727729372579130, scale_lr: 0.14383531482323689, EAO: 0.265
Trial 115 finished with value: 0.2653794808964419 and parameters: {'window_influence': 0.35808841578077283, 'penalty_k': 0.2172772937257913, 'scale_lr': 0.1438353148232369}. Best is trial 104 with value: 0.27492820641131904.
checkpoint_e22 window_influence: 0.34343804384478188, penalty_k: 0.21249398561895533, scale_lr: 0.17435026721441899, EAO: 0.249
Trial 116 finished with value: 0.24932453381579098 and parameters: {'window_influence': 0.3434380438447819, 'penalty_k': 0.21249398561895533, 'scale_lr': 0.17435026721441899}. Best is trial 104 with value: 0.27492820641131904.
checkpoint_e22 window_influence: 0.35583444944486159, penalty_k: 0.16272948060660558, scale_lr: 0.14321696805875003, EAO: 0.266
Trial 117 finished with value: 0.2663118102080454 and parameters: {'window_influence': 0.3558344494448616, 'penalty_k': 0.16272948060660558, 'scale_lr': 0.14321696805875003}. Best is trial 104 with value: 0.27492820641131904.
checkpoint_e22 window_influence: 0.35920095710749611, penalty_k: 0.15948918156179903, scale_lr: 0.13487432538584768, EAO: 0.264
Trial 118 finished with value: 0.2641467901507044 and parameters: {'window_influence': 0.3592009571074961, 'penalty_k': 0.15948918156179903, 'scale_lr': 0.13487432538584768}. Best is trial 104 with value: 0.27492820641131904.
checkpoint_e22 window_influence: 0.35051847811352976, penalty_k: 0.18111378988178600, scale_lr: 0.23815117917274217, EAO: 0.246
Trial 119 finished with value: 0.24587358431360587 and parameters: {'window_influence': 0.35051847811352976, 'penalty_k': 0.181113789881786, 'scale_lr': 0.23815117917274217}. Best is trial 104 with value: 0.27492820641131904.
checkpoint_e22 window_influence: 0.32101655928519984, penalty_k: 0.19286505594566544, scale_lr: 0.20065111193521226, EAO: 0.245
Trial 120 finished with value: 0.24544494059996877 and parameters: {'window_influence': 0.32101655928519984, 'penalty_k': 0.19286505594566544, 'scale_lr': 0.20065111193521226}. Best is trial 104 with value: 0.27492820641131904.
checkpoint_e22 window_influence: 0.38950191006416707, penalty_k: 0.13663152606980067, scale_lr: 0.14988455134724246, EAO: 0.253
Trial 121 finished with value: 0.25322625131868737 and parameters: {'window_influence': 0.38950191006416707, 'penalty_k': 0.13663152606980067, 'scale_lr': 0.14988455134724246}. Best is trial 104 with value: 0.27492820641131904.
checkpoint_e22 window_influence: 0.36028551614465604, penalty_k: 0.14506334142493904, scale_lr: 0.16683918591904573, EAO: 0.265
Trial 122 finished with value: 0.26453746952177065 and parameters: {'window_influence': 0.36028551614465604, 'penalty_k': 0.14506334142493904, 'scale_lr': 0.16683918591904573}. Best is trial 104 with value: 0.27492820641131904.
checkpoint_e22 window_influence: 0.41151282513240323, penalty_k: 0.21656200988160987, scale_lr: 0.12547990142653589, EAO: 0.255
Trial 123 finished with value: 0.2547598659265332 and parameters: {'window_influence': 0.4115128251324032, 'penalty_k': 0.21656200988160987, 'scale_lr': 0.1254799014265359}. Best is trial 104 with value: 0.27492820641131904.
checkpoint_e22 window_influence: 0.34992976246415058, penalty_k: 0.16455659749703469, scale_lr: 0.14772862843984463, EAO: 0.262
