Trial 299 finished with value: 0.2567055083023823 and parameters: {'window_influence': 0.3459773031929035, 'penalty_k': 0.15871265166857906, 'scale_lr': 0.3523557223010989}. Best is trial 90 with value: 0.28226814400858996.
checkpoint_e16 window_influence: 0.42377502919294902, penalty_k: 0.06050881684518501, scale_lr: 0.37130631110805523, EAO: 0.251
Trial 295 finished with value: 0.2505767373292427 and parameters: {'window_influence': 0.423775029192949, 'penalty_k': 0.060508816845185005, 'scale_lr': 0.37130631110805523}. Best is trial 111 with value: 0.27549627247622344.
checkpoint_e16 window_influence: 0.39607321877195256, penalty_k: 0.00033214009038097, scale_lr: 0.48021682942443300, EAO: 0.270
Trial 273 finished with value: 0.2695514360457901 and parameters: {'window_influence': 0.39607321877195256, 'penalty_k': 0.0003321400903809682, 'scale_lr': 0.480216829424433}. Best is trial 244 with value: 0.2802958501184859.
checkpoint_e16 window_influence: 0.36742538530349922, penalty_k: 0.10042322860620317, scale_lr: 0.33208138954050165, EAO: 0.269
Trial 300 finished with value: 0.26889748889498594 and parameters: {'window_influence': 0.3674253853034992, 'penalty_k': 0.10042322860620317, 'scale_lr': 0.33208138954050165}. Best is trial 90 with value: 0.28226814400858996.
checkpoint_e16 window_influence: 0.44421733110785810, penalty_k: 0.00057423114301173, scale_lr: 0.46253830964587656, EAO: 0.259
Trial 296 finished with value: 0.2593836966084271 and parameters: {'window_influence': 0.4442173311078581, 'penalty_k': 0.0005742311430117289, 'scale_lr': 0.46253830964587656}. Best is trial 111 with value: 0.27549627247622344.
checkpoint_e16 window_influence: 0.39865767092784371, penalty_k: 0.01946341311579380, scale_lr: 0.27756115946868143, EAO: 0.270
Trial 301 finished with value: 0.26987887337440397 and parameters: {'window_influence': 0.3986576709278437, 'penalty_k': 0.0194634131157938, 'scale_lr': 0.27756115946868143}. Best is trial 90 with value: 0.28226814400858996.
checkpoint_e16 window_influence: 0.42870561152414310, penalty_k: 0.01902937515380802, scale_lr: 0.60458311530754938, EAO: 0.250
Trial 274 finished with value: 0.25019783441855653 and parameters: {'window_influence': 0.4287056115241431, 'penalty_k': 0.019029375153808016, 'scale_lr': 0.6045831153075494}. Best is trial 244 with value: 0.2802958501184859.
checkpoint_e16 window_influence: 0.39632402814104623, penalty_k: 0.07763237549805783, scale_lr: 0.71800503504857360, EAO: 0.263
Trial 297 finished with value: 0.2625079070164905 and parameters: {'window_influence': 0.3963240281410462, 'penalty_k': 0.07763237549805783, 'scale_lr': 0.7180050350485736}. Best is trial 111 with value: 0.27549627247622344.
checkpoint_e16 window_influence: 0.38293061877298817, penalty_k: 0.04248254988034661, scale_lr: 0.26812124023410289, EAO: 0.273
Trial 302 finished with value: 0.27293692989562585 and parameters: {'window_influence': 0.3829306187729882, 'penalty_k': 0.04248254988034661, 'scale_lr': 0.2681212402341029}. Best is trial 90 with value: 0.28226814400858996.
checkpoint_e16 window_influence: 0.44367904428453603, penalty_k: 0.05024565793290839, scale_lr: 0.40967140053416573, EAO: 0.257
Trial 275 finished with value: 0.25718173717822485 and parameters: {'window_influence': 0.44367904428453603, 'penalty_k': 0.05024565793290839, 'scale_lr': 0.40967140053416573}. Best is trial 244 with value: 0.2802958501184859.
checkpoint_e16 window_influence: 0.38346464004489067, penalty_k: 0.30267073430739450, scale_lr: 0.78417568199410681, EAO: 0.245
Trial 298 finished with value: 0.2451765243478907 and parameters: {'window_influence': 0.38346464004489067, 'penalty_k': 0.3026707343073945, 'scale_lr': 0.7841756819941068}. Best is trial 111 with value: 0.27549627247622344.
checkpoint_e16 window_influence: 0.37954078245508321, penalty_k: 0.03699892421377517, scale_lr: 0.22054716296302485, EAO: 0.257
Trial 303 finished with value: 0.2574015625002908 and parameters: {'window_influence': 0.3795407824550832, 'penalty_k': 0.03699892421377517, 'scale_lr': 0.22054716296302485}. Best is trial 90 with value: 0.28226814400858996.
checkpoint_e16 window_influence: 0.40920453130343531, penalty_k: 0.02388298553990014, scale_lr: 0.39923895134675946, EAO: 0.257
Trial 299 finished with value: 0.256896489822283 and parameters: {'window_influence': 0.4092045313034353, 'penalty_k': 0.023882985539900144, 'scale_lr': 0.39923895134675946}. Best is trial 111 with value: 0.27549627247622344.
checkpoint_e16 window_influence: 0.41539786477291352, penalty_k: 0.14540904304602423, scale_lr: 0.51786582805070336, EAO: 0.252
Trial 276 finished with value: 0.2524949975493478 and parameters: {'window_influence': 0.4153978647729135, 'penalty_k': 0.14540904304602423, 'scale_lr': 0.5178658280507034}. Best is trial 244 with value: 0.2802958501184859.
checkpoint_e16 window_influence: 0.35984628236902155, penalty_k: 0.04477443494558695, scale_lr: 0.25996025221857400, EAO: 0.273
Trial 304 finished with value: 0.27313581272596266 and parameters: {'window_influence': 0.35984628236902155, 'penalty_k': 0.04477443494558695, 'scale_lr': 0.259960252218574}. Best is trial 90 with value: 0.28226814400858996.
checkpoint_e16 window_influence: 0.36263577606211145, penalty_k: 0.14951676057202326, scale_lr: 0.44066624818605715, EAO: 0.246
Trial 300 finished with value: 0.24627942731225394 and parameters: {'window_influence': 0.36263577606211145, 'penalty_k': 0.14951676057202326, 'scale_lr': 0.44066624818605715}. Best is trial 111 with value: 0.27549627247622344.
checkpoint_e16 window_influence: 0.46198124662954676, penalty_k: 0.01195792100042450, scale_lr: 0.49746908710993115, EAO: 0.266
Trial 277 finished with value: 0.26580821631885154 and parameters: {'window_influence': 0.46198124662954676, 'penalty_k': 0.011957921000424495, 'scale_lr': 0.49746908710993115}. Best is trial 244 with value: 0.2802958501184859.
checkpoint_e16 window_influence: 0.33998965520008495, penalty_k: 0.02278303006486512, scale_lr: 0.24760430119810595, EAO: 0.261
Trial 305 finished with value: 0.2612086754988849 and parameters: {'window_influence': 0.33998965520008495, 'penalty_k': 0.022783030064865116, 'scale_lr': 0.24760430119810595}. Best is trial 90 with value: 0.28226814400858996.
checkpoint_e16 window_influence: 0.46357992786968089, penalty_k: 0.18375293096119127, scale_lr: 0.76214457782135758, EAO: 0.246
Trial 301 finished with value: 0.2464522333527968 and parameters: {'window_influence': 0.4635799278696809, 'penalty_k': 0.18375293096119127, 'scale_lr': 0.7621445778213576}. Best is trial 111 with value: 0.27549627247622344.
checkpoint_e16 window_influence: 0.43490240803274427, penalty_k: 0.09074889226395622, scale_lr: 0.19115573943255715, EAO: 0.251
Trial 278 finished with value: 0.2507414963187241 and parameters: {'window_influence': 0.43490240803274427, 'penalty_k': 0.09074889226395622, 'scale_lr': 0.19115573943255715}. Best is trial 244 with value: 0.2802958501184859.
checkpoint_e16 window_influence: 0.35762234157793465, penalty_k: 0.04441197247852527, scale_lr: 0.28712916381194042, EAO: 0.271
Trial 306 finished with value: 0.27095401026611404 and parameters: {'window_influence': 0.35762234157793465, 'penalty_k': 0.04441197247852527, 'scale_lr': 0.2871291638119404}. Best is trial 90 with value: 0.28226814400858996.
checkpoint_e16 window_influence: 0.38640167758599087, penalty_k: 0.04649234096208938, scale_lr: 0.50751019939859665, EAO: 0.260
Trial 302 finished with value: 0.2601851080733586 and parameters: {'window_influence': 0.38640167758599087, 'penalty_k': 0.04649234096208938, 'scale_lr': 0.5075101993985967}. Best is trial 111 with value: 0.27549627247622344.
checkpoint_e16 window_influence: 0.45051817551622630, penalty_k: 0.02864833363968061, scale_lr: 0.53053852470497742, EAO: 0.264
Trial 279 finished with value: 0.2644273675069576 and parameters: {'window_influence': 0.4505181755162263, 'penalty_k': 0.028648333639680605, 'scale_lr': 0.5305385247049774}. Best is trial 244 with value: 0.2802958501184859.
checkpoint_e16 window_influence: 0.36660915250009224, penalty_k: 0.03248195425176297, scale_lr: 0.27786229499109133, EAO: 0.266
Trial 307 finished with value: 0.26578213232077236 and parameters: {'window_influence': 0.36660915250009224, 'penalty_k': 0.032481954251762965, 'scale_lr': 0.27786229499109133}. Best is trial 90 with value: 0.28226814400858996.
checkpoint_e16 window_influence: 0.58466608793566954, penalty_k: 0.03513029416343472, scale_lr: 0.34553053088995628, EAO: 0.225
Trial 303 finished with value: 0.2246733084321022 and parameters: {'window_influence': 0.5846660879356695, 'penalty_k': 0.03513029416343472, 'scale_lr': 0.3455305308899563}. Best is trial 111 with value: 0.27549627247622344.
checkpoint_e16 window_influence: 0.47516144296615526, penalty_k: 0.04218887158455789, scale_lr: 0.46733684476268700, EAO: 0.252
Trial 280 finished with value: 0.2521227179019432 and parameters: {'window_influence': 0.47516144296615526, 'penalty_k': 0.04218887158455789, 'scale_lr': 0.467336844762687}. Best is trial 244 with value: 0.2802958501184859.
checkpoint_e16 window_influence: 0.38593582800038811, penalty_k: 0.01327836932898573, scale_lr: 0.29585500505226342, EAO: 0.273
Trial 308 finished with value: 0.2727650210140197 and parameters: {'window_influence': 0.3859358280003881, 'penalty_k': 0.013278369328985726, 'scale_lr': 0.2958550050522634}. Best is trial 90 with value: 0.28226814400858996.
checkpoint_e16 window_influence: 0.37320165372725461, penalty_k: 0.01352216562050820, scale_lr: 0.37732926414608825, EAO: 0.253
Trial 304 finished with value: 0.2529004705630667 and parameters: {'window_influence': 0.3732016537272546, 'penalty_k': 0.013522165620508203, 'scale_lr': 0.37732926414608825}. Best is trial 111 with value: 0.27549627247622344.
checkpoint_e16 window_influence: 0.40761329070699631, penalty_k: 0.06086339823059436, scale_lr: 0.50909642725078674, EAO: 0.275
Trial 281 finished with value: 0.2745309741637571 and parameters: {'window_influence': 0.4076132907069963, 'penalty_k': 0.060863398230594355, 'scale_lr': 0.5090964272507867}. Best is trial 244 with value: 0.2802958501184859.
checkpoint_e16 window_influence: 0.39276979188886790, penalty_k: 0.02012908926278335, scale_lr: 0.26835941199841484, EAO: 0.267
Trial 309 finished with value: 0.2673790706851618 and parameters: {'window_influence': 0.3927697918888679, 'penalty_k': 0.020129089262783346, 'scale_lr': 0.26835941199841484}. Best is trial 90 with value: 0.28226814400858996.
checkpoint_e16 window_influence: 0.39855532213970812, penalty_k: 0.06813524677338598, scale_lr: 0.36110672018782558, EAO: 0.259
Trial 305 finished with value: 0.25928084685550473 and parameters: {'window_influence': 0.3985553221397081, 'penalty_k': 0.06813524677338598, 'scale_lr': 0.3611067201878256}. Best is trial 111 with value: 0.27549627247622344.
checkpoint_e16 window_influence: 0.38310129563270606, penalty_k: 0.00931397013868378, scale_lr: 0.23407599141683963, EAO: 0.253
Trial 310 finished with value: 0.25271028649758515 and parameters: {'window_influence': 0.38310129563270606, 'penalty_k': 0.009313970138683778, 'scale_lr': 0.23407599141683963}. Best is trial 90 with value: 0.28226814400858996.
checkpoint_e16 window_influence: 0.39651253374423751, penalty_k: 0.05353389897256222, scale_lr: 0.48609976907843921, EAO: 0.267
Trial 282 finished with value: 0.2667969328964629 and parameters: {'window_influence': 0.3965125337442375, 'penalty_k': 0.05353389897256222, 'scale_lr': 0.4860997690784392}. Best is trial 244 with value: 0.2802958501184859.
checkpoint_e16 window_influence: 0.34269436709915752, penalty_k: 0.25172557171385834, scale_lr: 0.33670615962724765, EAO: 0.245
Trial 306 finished with value: 0.2447180598974228 and parameters: {'window_influence': 0.3426943670991575, 'penalty_k': 0.25172557171385834, 'scale_lr': 0.33670615962724765}. Best is trial 111 with value: 0.27549627247622344.
checkpoint_e16 window_influence: 0.35049323199983773, penalty_k: 0.01480168789114272, scale_lr: 0.29562986662144458, EAO: 0.268
Trial 311 finished with value: 0.2680339945889101 and parameters: {'window_influence': 0.35049323199983773, 'penalty_k': 0.014801687891142723, 'scale_lr': 0.2956298666214446}. Best is trial 90 with value: 0.28226814400858996.
checkpoint_e16 window_influence: 0.41584315013467743, penalty_k: 0.05235264938162219, scale_lr: 0.40798201903267384, EAO: 0.257
Trial 307 finished with value: 0.2569899154993577 and parameters: {'window_influence': 0.41584315013467743, 'penalty_k': 0.052352649381622186, 'scale_lr': 0.40798201903267384}. Best is trial 111 with value: 0.27549627247622344.
checkpoint_e16 window_influence: 0.38098171584215540, penalty_k: 0.06491080712720683, scale_lr: 0.54968543918665447, EAO: 0.266
Trial 283 finished with value: 0.2657577082878206 and parameters: {'window_influence': 0.3809817158421554, 'penalty_k': 0.06491080712720683, 'scale_lr': 0.5496854391866545}. Best is trial 244 with value: 0.2802958501184859.
checkpoint_e16 window_influence: 0.40446108644868245, penalty_k: 0.03330913395918155, scale_lr: 0.27341349719847335, EAO: 0.272
Trial 312 finished with value: 0.27150861167810797 and parameters: {'window_influence': 0.40446108644868245, 'penalty_k': 0.03330913395918155, 'scale_lr': 0.27341349719847335}. Best is trial 90 with value: 0.28226814400858996.
checkpoint_e16 window_influence: 0.42639476389612718, penalty_k: 0.02413931640601029, scale_lr: 0.52914804053992170, EAO: 0.259
Trial 308 finished with value: 0.2585454337844035 and parameters: {'window_influence': 0.4263947638961272, 'penalty_k': 0.024139316406010285, 'scale_lr': 0.5291480405399217}. Best is trial 111 with value: 0.27549627247622344.
checkpoint_e16 window_influence: 0.31575396690438057, penalty_k: 0.06971935614660268, scale_lr: 0.68775893539918243, EAO: 0.259
Trial 284 finished with value: 0.25921215244182727 and parameters: {'window_influence': 0.31575396690438057, 'penalty_k': 0.06971935614660268, 'scale_lr': 0.6877589353991824}. Best is trial 244 with value: 0.2802958501184859.
checkpoint_e16 window_influence: 0.41194117848552508, penalty_k: 0.12632151203602279, scale_lr: 0.30442994774485360, EAO: 0.272
Trial 313 finished with value: 0.2715142099111061 and parameters: {'window_influence': 0.4119411784855251, 'penalty_k': 0.1263215120360228, 'scale_lr': 0.3044299477448536}. Best is trial 90 with value: 0.28226814400858996.
checkpoint_e16 window_influence: 0.45297371532700359, penalty_k: 0.03933486051675586, scale_lr: 0.56489316150508040, EAO: 0.250
Trial 309 finished with value: 0.2500515883046437 and parameters: {'window_influence': 0.4529737153270036, 'penalty_k': 0.03933486051675586, 'scale_lr': 0.5648931615050804}. Best is trial 111 with value: 0.27549627247622344.
checkpoint_e16 window_influence: 0.42713722645786756, penalty_k: 0.08306106518161224, scale_lr: 0.45174855450888757, EAO: 0.261
Trial 285 finished with value: 0.2614039699963438 and parameters: {'window_influence': 0.42713722645786756, 'penalty_k': 0.08306106518161224, 'scale_lr': 0.45174855450888757}. Best is trial 244 with value: 0.2802958501184859.
checkpoint_e16 window_influence: 0.38630673761668927, penalty_k: 0.19334151305883296, scale_lr: 0.25771407204968144, EAO: 0.250
Trial 314 finished with value: 0.25027277756754945 and parameters: {'window_influence': 0.38630673761668927, 'penalty_k': 0.19334151305883296, 'scale_lr': 0.25771407204968144}. Best is trial 90 with value: 0.28226814400858996.
checkpoint_e16 window_influence: 0.50849941015946754, penalty_k: 0.08652470396391042, scale_lr: 0.42899740060266156, EAO: 0.240
Trial 310 finished with value: 0.2403473187147117 and parameters: {'window_influence': 0.5084994101594675, 'penalty_k': 0.08652470396391042, 'scale_lr': 0.42899740060266156}. Best is trial 111 with value: 0.27549627247622344.
checkpoint_e16 window_influence: 0.36250551210126208, penalty_k: 0.03345709564617314, scale_lr: 0.50989411408485219, EAO: 0.258
Trial 286 finished with value: 0.2581647464293775 and parameters: {'window_influence': 0.3625055121012621, 'penalty_k': 0.033457095646173135, 'scale_lr': 0.5098941140848522}. Best is trial 244 with value: 0.2802958501184859.
checkpoint_e16 window_influence: 0.09831474394324380, penalty_k: 0.04419748274996906, scale_lr: 0.31318906406139069, EAO: 0.242
Trial 315 finished with value: 0.24228529795640852 and parameters: {'window_influence': 0.0983147439432438, 'penalty_k': 0.044197482749969055, 'scale_lr': 0.3131890640613907}. Best is trial 90 with value: 0.28226814400858996.
checkpoint_e16 window_influence: 0.38982825158022150, penalty_k: 0.10515216266861352, scale_lr: 0.62221955561317666, EAO: 0.251
Trial 311 finished with value: 0.25082418140841695 and parameters: {'window_influence': 0.3898282515802215, 'penalty_k': 0.10515216266861352, 'scale_lr': 0.6222195556131767}. Best is trial 111 with value: 0.27549627247622344.
checkpoint_e16 window_influence: 0.44304849606712421, penalty_k: 0.22481705269363428, scale_lr: 0.53487904092594352, EAO: 0.246
Trial 287 finished with value: 0.2457571334955169 and parameters: {'window_influence': 0.4430484960671242, 'penalty_k': 0.22481705269363428, 'scale_lr': 0.5348790409259435}. Best is trial 244 with value: 0.2802958501184859.
checkpoint_e16 window_influence: 0.21704932673912361, penalty_k: 0.02672666213303564, scale_lr: 0.26353722860757078, EAO: 0.248
Trial 316 finished with value: 0.2481553239551017 and parameters: {'window_influence': 0.2170493267391236, 'penalty_k': 0.02672666213303564, 'scale_lr': 0.2635372286075708}. Best is trial 90 with value: 0.28226814400858996.
checkpoint_e16 window_influence: 0.35516949729026803, penalty_k: 0.02990281313593392, scale_lr: 0.39339289311454623, EAO: 0.252
Trial 312 finished with value: 0.25231745923922316 and parameters: {'window_influence': 0.35516949729026803, 'penalty_k': 0.029902813135933924, 'scale_lr': 0.3933928931145462}. Best is trial 111 with value: 0.27549627247622344.
checkpoint_e16 window_influence: 0.46006783293350589, penalty_k: 0.15981152021138861, scale_lr: 0.49606936114018169, EAO: 0.263
Trial 288 finished with value: 0.2634864862008793 and parameters: {'window_influence': 0.4600678329335059, 'penalty_k': 0.1598115202113886, 'scale_lr': 0.4960693611401817}. Best is trial 244 with value: 0.2802958501184859.
checkpoint_e16 window_influence: 0.45382849191860519, penalty_k: 0.56256850177708195, scale_lr: 0.27333103869848718, EAO: 0.241
Trial 317 finished with value: 0.2409474219127399 and parameters: {'window_influence': 0.4538284919186052, 'penalty_k': 0.562568501777082, 'scale_lr': 0.2733310386984872}. Best is trial 90 with value: 0.28226814400858996.
checkpoint_e16 window_influence: 0.43723458239851493, penalty_k: 0.00971308492074354, scale_lr: 0.37919617505550213, EAO: 0.258
Trial 313 finished with value: 0.25824048878943046 and parameters: {'window_influence': 0.4372345823985149, 'penalty_k': 0.009713084920743537, 'scale_lr': 0.3791961750555021}. Best is trial 111 with value: 0.27549627247622344.
checkpoint_e16 window_influence: 0.33391833911039065, penalty_k: 0.05709787734563884, scale_lr: 0.46952978384078486, EAO: 0.272
Trial 289 finished with value: 0.2722981163883597 and parameters: {'window_influence': 0.33391833911039065, 'penalty_k': 0.057097877345638835, 'scale_lr': 0.46952978384078486}. Best is trial 244 with value: 0.2802958501184859.
checkpoint_e16 window_influence: 0.37129117502279652, penalty_k: 0.05854607026292142, scale_lr: 0.25221521898938876, EAO: 0.271
Trial 318 finished with value: 0.2709007556360912 and parameters: {'window_influence': 0.3712911750227965, 'penalty_k': 0.05854607026292142, 'scale_lr': 0.25221521898938876}. Best is trial 90 with value: 0.28226814400858996.
checkpoint_e16 window_influence: 0.40402093108800802, penalty_k: 0.04851858037712249, scale_lr: 0.32236424705067324, EAO: 0.248
Trial 314 finished with value: 0.24773528354197014 and parameters: {'window_influence': 0.404020931088008, 'penalty_k': 0.04851858037712249, 'scale_lr': 0.32236424705067324}. Best is trial 111 with value: 0.27549627247622344.
checkpoint_e16 window_influence: 0.42882810083537787, penalty_k: 0.09178201704047181, scale_lr: 0.23998692729999718, EAO: 0.267
Trial 319 finished with value: 0.26667155731257386 and parameters: {'window_influence': 0.42882810083537787, 'penalty_k': 0.09178201704047181, 'scale_lr': 0.23998692729999718}. Best is trial 90 with value: 0.28226814400858996.
checkpoint_e16 window_influence: 0.34298628148809684, penalty_k: 0.06144336522389485, scale_lr: 0.43235682728811098, EAO: 0.260
Trial 290 finished with value: 0.2597109142357741 and parameters: {'window_influence': 0.34298628148809684, 'penalty_k': 0.06144336522389485, 'scale_lr': 0.432356827288111}. Best is trial 244 with value: 0.2802958501184859.
checkpoint_e16 window_influence: 0.37602811053688762, penalty_k: 0.16084053758703068, scale_lr: 0.55283063378057018, EAO: 0.245
Trial 315 finished with value: 0.24465833446843838 and parameters: {'window_influence': 0.3760281105368876, 'penalty_k': 0.16084053758703068, 'scale_lr': 0.5528306337805702}. Best is trial 111 with value: 0.27549627247622344.
checkpoint_e16 window_influence: 0.32599228964675525, penalty_k: 0.24200952853131907, scale_lr: 0.28933431263273962, EAO: 0.252
Trial 320 finished with value: 0.25191020535502007 and parameters: {'window_influence': 0.32599228964675525, 'penalty_k': 0.24200952853131907, 'scale_lr': 0.2893343126327396}. Best is trial 90 with value: 0.28226814400858996.
checkpoint_e16 window_influence: 0.41472429853040066, penalty_k: 0.18967067522112754, scale_lr: 0.47722016459163064, EAO: 0.254
Trial 316 finished with value: 0.2538979965739134 and parameters: {'window_influence': 0.41472429853040066, 'penalty_k': 0.18967067522112754, 'scale_lr': 0.47722016459163064}. Best is trial 111 with value: 0.27549627247622344.
checkpoint_e16 window_influence: 0.34663790704716463, penalty_k: 0.09704450343598803, scale_lr: 0.51869625074402503, EAO: 0.264
