Trial 930 finished with value: 0.26041237634371933 and parameters: {'window_influence': 0.3089389402964751, 'penalty_k': 0.20694852601824015, 'scale_lr': 0.7751192231414189}. Best is trial 104 with value: 0.27492820641131904.
checkpoint_e22 window_influence: 0.24256832268654982, penalty_k: 0.24883336665478739, scale_lr: 0.46773379239885948, EAO: 0.256
Trial 931 finished with value: 0.2555816535179208 and parameters: {'window_influence': 0.24256832268654982, 'penalty_k': 0.2488333666547874, 'scale_lr': 0.4677337923988595}. Best is trial 104 with value: 0.27492820641131904.
checkpoint_e22 window_influence: 0.54189635371496370, penalty_k: 0.22964854751128008, scale_lr: 0.50901241926410246, EAO: 0.229
Trial 932 finished with value: 0.22870024015021517 and parameters: {'window_influence': 0.5418963537149637, 'penalty_k': 0.22964854751128008, 'scale_lr': 0.5090124192641025}. Best is trial 104 with value: 0.27492820641131904.
checkpoint_e22 window_influence: 0.38400519373681274, penalty_k: 0.05241347728062028, scale_lr: 0.58352821055157755, EAO: 0.257
Trial 933 finished with value: 0.2572819332524044 and parameters: {'window_influence': 0.38400519373681274, 'penalty_k': 0.052413477280620284, 'scale_lr': 0.5835282105515776}. Best is trial 104 with value: 0.27492820641131904.
checkpoint_e22 window_influence: 0.34687293033123162, penalty_k: 0.28360403691672620, scale_lr: 0.33062375259635524, EAO: 0.261
Trial 934 finished with value: 0.2613463934238364 and parameters: {'window_influence': 0.3468729303312316, 'penalty_k': 0.2836040369167262, 'scale_lr': 0.33062375259635524}. Best is trial 104 with value: 0.27492820641131904.
checkpoint_e22 window_influence: 0.41757256982398072, penalty_k: 0.19116404452790942, scale_lr: 0.59245113096977908, EAO: 0.260
Trial 935 finished with value: 0.26029172836522746 and parameters: {'window_influence': 0.4175725698239807, 'penalty_k': 0.19116404452790942, 'scale_lr': 0.5924511309697791}. Best is trial 104 with value: 0.27492820641131904.
checkpoint_e22 window_influence: 0.35996381245835180, penalty_k: 0.17884899948137020, scale_lr: 0.65091130979575174, EAO: 0.260
Trial 936 finished with value: 0.25967966062508946 and parameters: {'window_influence': 0.3599638124583518, 'penalty_k': 0.1788489994813702, 'scale_lr': 0.6509113097957517}. Best is trial 104 with value: 0.27492820641131904.
checkpoint_e22 window_influence: 0.32850565864514780, penalty_k: 0.15347946741081150, scale_lr: 0.39063226976616056, EAO: 0.249
Trial 937 finished with value: 0.24881981313228607 and parameters: {'window_influence': 0.3285056586451478, 'penalty_k': 0.1534794674108115, 'scale_lr': 0.39063226976616056}. Best is trial 104 with value: 0.27492820641131904.
checkpoint_e22 window_influence: 0.38995059100997015, penalty_k: 0.01144118423958288, scale_lr: 0.23364987804300763, EAO: 0.238
Trial 938 finished with value: 0.2378543933353773 and parameters: {'window_influence': 0.38995059100997015, 'penalty_k': 0.011441184239582878, 'scale_lr': 0.23364987804300763}. Best is trial 104 with value: 0.27492820641131904.
checkpoint_e22 window_influence: 0.29132812746648273, penalty_k: 0.03418413511414618, scale_lr: 0.62236378665947889, EAO: 0.246
Trial 939 finished with value: 0.24589388054318545 and parameters: {'window_influence': 0.29132812746648273, 'penalty_k': 0.03418413511414618, 'scale_lr': 0.6223637866594789}. Best is trial 104 with value: 0.27492820641131904.
checkpoint_e22 window_influence: 0.37927340272231275, penalty_k: 0.21896017316037580, scale_lr: 0.44181022070241793, EAO: 0.252
Trial 940 finished with value: 0.25212849609977833 and parameters: {'window_influence': 0.37927340272231275, 'penalty_k': 0.2189601731603758, 'scale_lr': 0.44181022070241793}. Best is trial 104 with value: 0.27492820641131904.
checkpoint_e22 window_influence: 0.40011969091547545, penalty_k: 0.54429442330161126, scale_lr: 0.71673299582588323, EAO: 0.250
Trial 941 finished with value: 0.24955884555006416 and parameters: {'window_influence': 0.40011969091547545, 'penalty_k': 0.5442944233016113, 'scale_lr': 0.7167329958258832}. Best is trial 104 with value: 0.27492820641131904.
checkpoint_e22 window_influence: 0.36806428776238415, penalty_k: 0.19994902241622942, scale_lr: 0.30955830281217767, EAO: 0.259
Trial 942 finished with value: 0.2593421862740827 and parameters: {'window_influence': 0.36806428776238415, 'penalty_k': 0.19994902241622942, 'scale_lr': 0.30955830281217767}. Best is trial 104 with value: 0.27492820641131904.
checkpoint_e22 window_influence: 0.34031984969499829, penalty_k: 0.26076115066323902, scale_lr: 0.74972453407507977, EAO: 0.244
Trial 943 finished with value: 0.24379906167344348 and parameters: {'window_influence': 0.3403198496949983, 'penalty_k': 0.260761150663239, 'scale_lr': 0.7497245340750798}. Best is trial 104 with value: 0.27492820641131904.
checkpoint_e22 window_influence: 0.25609260676758916, penalty_k: 0.50070431870235887, scale_lr: 0.17180634075519213, EAO: 0.246
Trial 944 finished with value: 0.24617010651807475 and parameters: {'window_influence': 0.25609260676758916, 'penalty_k': 0.5007043187023589, 'scale_lr': 0.17180634075519213}. Best is trial 104 with value: 0.27492820641131904.
checkpoint_e22 window_influence: 0.44938539312657427, penalty_k: 0.06069869590669326, scale_lr: 0.52843838741905114, EAO: 0.260
Trial 945 finished with value: 0.26018862783666546 and parameters: {'window_influence': 0.4493853931265743, 'penalty_k': 0.06069869590669326, 'scale_lr': 0.5284383874190511}. Best is trial 104 with value: 0.27492820641131904.
checkpoint_e22 window_influence: 0.38275636822945169, penalty_k: 0.02519825941905304, scale_lr: 0.64498959895743324, EAO: 0.262
Trial 946 finished with value: 0.2623458516185846 and parameters: {'window_influence': 0.3827563682294517, 'penalty_k': 0.025198259419053036, 'scale_lr': 0.6449895989574332}. Best is trial 104 with value: 0.27492820641131904.
checkpoint_e22 window_influence: 0.41019573979188739, penalty_k: 0.23956465577015898, scale_lr: 0.41704515016693422, EAO: 0.241
Trial 947 finished with value: 0.24108120217555906 and parameters: {'window_influence': 0.4101957397918874, 'penalty_k': 0.23956465577015898, 'scale_lr': 0.4170451501669342}. Best is trial 104 with value: 0.27492820641131904.
checkpoint_e22 window_influence: 0.23009081580100166, penalty_k: 0.51796745231924923, scale_lr: 0.48524885978277454, EAO: 0.250
Trial 948 finished with value: 0.24964005554594645 and parameters: {'window_influence': 0.23009081580100166, 'penalty_k': 0.5179674523192492, 'scale_lr': 0.48524885978277454}. Best is trial 104 with value: 0.27492820641131904.
checkpoint_e22 window_influence: 0.35620002307998910, penalty_k: 0.27238482790703400, scale_lr: 0.57079188770349110, EAO: 0.257
Trial 949 finished with value: 0.2565899412564146 and parameters: {'window_influence': 0.3562000230799891, 'penalty_k': 0.272384827907034, 'scale_lr': 0.5707918877034911}. Best is trial 104 with value: 0.27492820641131904.
checkpoint_e22 window_influence: 0.28318006990255418, penalty_k: 0.16521692442737168, scale_lr: 0.14752549183269681, EAO: 0.242
Trial 950 finished with value: 0.24234435658871642 and parameters: {'window_influence': 0.2831800699025542, 'penalty_k': 0.16521692442737168, 'scale_lr': 0.1475254918326968}. Best is trial 104 with value: 0.27492820641131904.
checkpoint_e22 window_influence: 0.37152133961286304, penalty_k: 0.21125414216606211, scale_lr: 0.60711889785442863, EAO: 0.252
Trial 951 finished with value: 0.2520908922320459 and parameters: {'window_influence': 0.37152133961286304, 'penalty_k': 0.21125414216606211, 'scale_lr': 0.6071188978544286}. Best is trial 104 with value: 0.27492820641131904.
checkpoint_e22 window_influence: 0.64878999029494322, penalty_k: 0.30741550435578147, scale_lr: 0.69001993853723043, EAO: 0.195
Trial 952 finished with value: 0.195463681184664 and parameters: {'window_influence': 0.6487899902949432, 'penalty_k': 0.30741550435578147, 'scale_lr': 0.6900199385372304}. Best is trial 104 with value: 0.27492820641131904.
checkpoint_e22 window_influence: 0.30421111417613284, penalty_k: 0.48052270382513906, scale_lr: 0.18907727164241173, EAO: 0.256
Trial 953 finished with value: 0.2562650008414819 and parameters: {'window_influence': 0.30421111417613284, 'penalty_k': 0.48052270382513906, 'scale_lr': 0.18907727164241173}. Best is trial 104 with value: 0.27492820641131904.
checkpoint_e22 window_influence: 0.26792329101229373, penalty_k: 0.04074611749125399, scale_lr: 0.50644211087360358, EAO: 0.257
Trial 954 finished with value: 0.25710021280418566 and parameters: {'window_influence': 0.26792329101229373, 'penalty_k': 0.04074611749125399, 'scale_lr': 0.5064421108736036}. Best is trial 104 with value: 0.27492820641131904.
checkpoint_e22 window_influence: 0.39184241888031729, penalty_k: 0.18831365876427653, scale_lr: 0.45923519627391568, EAO: 0.252
Trial 955 finished with value: 0.2521344543230243 and parameters: {'window_influence': 0.3918424188803173, 'penalty_k': 0.18831365876427653, 'scale_lr': 0.4592351962739157}. Best is trial 104 with value: 0.27492820641131904.
checkpoint_e22 window_influence: 0.39886589014883800, penalty_k: 0.22028876714120088, scale_lr: 0.14101685427140703, EAO: 0.252
Trial 956 finished with value: 0.2519731637302453 and parameters: {'window_influence': 0.398865890148838, 'penalty_k': 0.22028876714120088, 'scale_lr': 0.14101685427140703}. Best is trial 104 with value: 0.27492820641131904.
checkpoint_e22 window_influence: 0.56523489416240602, penalty_k: 0.28824913946290037, scale_lr: 0.47550287485302023, EAO: 0.226
Trial 957 finished with value: 0.22649106110741452 and parameters: {'window_influence': 0.565234894162406, 'penalty_k': 0.2882491394629004, 'scale_lr': 0.47550287485302023}. Best is trial 104 with value: 0.27492820641131904.
checkpoint_e22 window_influence: 0.37249965506753879, penalty_k: 0.12900833799488670, scale_lr: 0.16339564144675045, EAO: 0.266
Trial 958 finished with value: 0.26581267273522974 and parameters: {'window_influence': 0.3724996550675388, 'penalty_k': 0.1290083379948867, 'scale_lr': 0.16339564144675045}. Best is trial 104 with value: 0.27492820641131904.
checkpoint_e22 window_influence: 0.31909137319805941, penalty_k: 0.07102538301225145, scale_lr: 0.38494825224571794, EAO: 0.259
Trial 959 finished with value: 0.2587407846155205 and parameters: {'window_influence': 0.3190913731980594, 'penalty_k': 0.07102538301225145, 'scale_lr': 0.38494825224571794}. Best is trial 104 with value: 0.27492820641131904.
checkpoint_e22 window_influence: 0.09728128132035857, penalty_k: 0.34972030133884585, scale_lr: 0.25226314350339829, EAO: 0.222
Trial 960 finished with value: 0.22227797469472496 and parameters: {'window_influence': 0.09728128132035857, 'penalty_k': 0.34972030133884585, 'scale_lr': 0.2522631435033983}. Best is trial 104 with value: 0.27492820641131904.
checkpoint_e22 window_influence: 0.50819337749784843, penalty_k: 0.11291781826887715, scale_lr: 0.13237389834646873, EAO: 0.246
Trial 961 finished with value: 0.2464961967453724 and parameters: {'window_influence': 0.5081933774978484, 'penalty_k': 0.11291781826887715, 'scale_lr': 0.13237389834646873}. Best is trial 104 with value: 0.27492820641131904.
checkpoint_e22 window_influence: 0.07560855793891536, penalty_k: 0.17439513416627445, scale_lr: 0.70615449171331079, EAO: 0.228
Trial 962 finished with value: 0.2279900055590684 and parameters: {'window_influence': 0.07560855793891536, 'penalty_k': 0.17439513416627445, 'scale_lr': 0.7061544917133108}. Best is trial 104 with value: 0.27492820641131904.
checkpoint_e22 window_influence: 0.42359370094049642, penalty_k: 0.09737587261779819, scale_lr: 0.43059140477664221, EAO: 0.246
Trial 963 finished with value: 0.245736870096951 and parameters: {'window_influence': 0.4235937009404964, 'penalty_k': 0.09737587261779819, 'scale_lr': 0.4305914047766422}. Best is trial 104 with value: 0.27492820641131904.
checkpoint_e22 window_influence: 0.34580824441078795, penalty_k: 0.25270566815519535, scale_lr: 0.34999297932738560, EAO: 0.247
Trial 964 finished with value: 0.24729193153420115 and parameters: {'window_influence': 0.34580824441078795, 'penalty_k': 0.25270566815519535, 'scale_lr': 0.3499929793273856}. Best is trial 104 with value: 0.27492820641131904.
checkpoint_e22 window_influence: 0.38435897656351475, penalty_k: 0.19859743442469152, scale_lr: 0.55018518627482560, EAO: 0.246
Trial 965 finished with value: 0.24583392238956156 and parameters: {'window_influence': 0.38435897656351475, 'penalty_k': 0.19859743442469152, 'scale_lr': 0.5501851862748256}. Best is trial 104 with value: 0.27492820641131904.
checkpoint_e22 window_influence: 0.47510864297199512, penalty_k: 0.49068318081614692, scale_lr: 0.28384634441215606, EAO: 0.231
Trial 966 finished with value: 0.23133107226311675 and parameters: {'window_influence': 0.4751086429719951, 'penalty_k': 0.4906831808161469, 'scale_lr': 0.28384634441215606}. Best is trial 104 with value: 0.27492820641131904.
checkpoint_e22 window_influence: 0.36504320782786698, penalty_k: 0.23058708131717737, scale_lr: 0.20477597671651362, EAO: 0.258
Trial 967 finished with value: 0.2584768487064819 and parameters: {'window_influence': 0.365043207827867, 'penalty_k': 0.23058708131717737, 'scale_lr': 0.20477597671651362}. Best is trial 104 with value: 0.27492820641131904.
checkpoint_e22 window_influence: 0.40987275954201313, penalty_k: 0.08429200530298825, scale_lr: 0.51865824046518660, EAO: 0.257
Trial 968 finished with value: 0.2572956128818233 and parameters: {'window_influence': 0.40987275954201313, 'penalty_k': 0.08429200530298825, 'scale_lr': 0.5186582404651866}. Best is trial 104 with value: 0.27492820641131904.
checkpoint_e22 window_influence: 0.35677956362316227, penalty_k: 0.20942913222136034, scale_lr: 0.78022788909501228, EAO: 0.250
Trial 969 finished with value: 0.24993680332734333 and parameters: {'window_influence': 0.35677956362316227, 'penalty_k': 0.20942913222136034, 'scale_lr': 0.7802278890950123}. Best is trial 104 with value: 0.27492820641131904.
checkpoint_e22 window_influence: 0.38003827473051077, penalty_k: 0.18666227287082260, scale_lr: 0.17765253677127851, EAO: 0.254
Trial 970 finished with value: 0.25402250340799004 and parameters: {'window_influence': 0.38003827473051077, 'penalty_k': 0.1866622728708226, 'scale_lr': 0.1776525367712785}. Best is trial 104 with value: 0.27492820641131904.
checkpoint_e22 window_influence: 0.62601604896184959, penalty_k: 0.14499713845561096, scale_lr: 0.62750811381011040, EAO: 0.205
Trial 971 finished with value: 0.20543519292420487 and parameters: {'window_influence': 0.6260160489618496, 'penalty_k': 0.14499713845561096, 'scale_lr': 0.6275081138101104}. Best is trial 104 with value: 0.27492820641131904.
checkpoint_e22 window_influence: 0.39526756691575815, penalty_k: 0.01255223743689141, scale_lr: 0.31504142824201736, EAO: 0.250
Trial 972 finished with value: 0.249964750939753 and parameters: {'window_influence': 0.39526756691575815, 'penalty_k': 0.012552237436891413, 'scale_lr': 0.31504142824201736}. Best is trial 104 with value: 0.27492820641131904.
checkpoint_e22 window_influence: 0.13050122275074635, penalty_k: 0.57437684737213301, scale_lr: 0.40626879320740095, EAO: 0.216
Trial 973 finished with value: 0.21589126074459494 and parameters: {'window_influence': 0.13050122275074635, 'penalty_k': 0.574376847372133, 'scale_lr': 0.40626879320740095}. Best is trial 104 with value: 0.27492820641131904.
checkpoint_e22 window_influence: 0.33816032096391119, penalty_k: 0.22605667204205002, scale_lr: 0.15389634698777716, EAO: 0.257
Trial 974 finished with value: 0.2567007850583007 and parameters: {'window_influence': 0.3381603209639112, 'penalty_k': 0.22605667204205002, 'scale_lr': 0.15389634698777716}. Best is trial 104 with value: 0.27492820641131904.
checkpoint_e22 window_influence: 0.28949001853691547, penalty_k: 0.16073519054340241, scale_lr: 0.65482330604947825, EAO: 0.270
Trial 975 finished with value: 0.26994970531725304 and parameters: {'window_influence': 0.28949001853691547, 'penalty_k': 0.1607351905434024, 'scale_lr': 0.6548233060494782}. Best is trial 104 with value: 0.27492820641131904.
checkpoint_e22 window_influence: 0.28177664792256368, penalty_k: 0.05315918295460365, scale_lr: 0.63796369357302618, EAO: 0.249
Trial 976 finished with value: 0.24878891805807749 and parameters: {'window_influence': 0.2817766479225637, 'penalty_k': 0.053159182954603645, 'scale_lr': 0.6379636935730262}. Best is trial 104 with value: 0.27492820641131904.
checkpoint_e22 window_influence: 0.29752758093450438, penalty_k: 0.16954489787170890, scale_lr: 0.67955045379858237, EAO: 0.261
Trial 977 finished with value: 0.2614516110681906 and parameters: {'window_influence': 0.2975275809345044, 'penalty_k': 0.1695448978717089, 'scale_lr': 0.6795504537985824}. Best is trial 104 with value: 0.27492820641131904.
checkpoint_e22 window_influence: 0.26866241763248194, penalty_k: 0.20187391669707214, scale_lr: 0.66528722812774299, EAO: 0.252
Trial 978 finished with value: 0.25212448702110507 and parameters: {'window_influence': 0.26866241763248194, 'penalty_k': 0.20187391669707214, 'scale_lr': 0.665287228127743}. Best is trial 104 with value: 0.27492820641131904.
checkpoint_e22 window_influence: 0.29520838964761859, penalty_k: 0.02744367047200086, scale_lr: 0.29235796388029911, EAO: 0.257
Trial 979 finished with value: 0.25749589648188614 and parameters: {'window_influence': 0.2952083896476186, 'penalty_k': 0.02744367047200086, 'scale_lr': 0.2923579638802991}. Best is trial 104 with value: 0.27492820641131904.
checkpoint_e22 window_influence: 0.27556433134343006, penalty_k: 0.04058445837860409, scale_lr: 0.69636770674792847, EAO: 0.243
Trial 980 finished with value: 0.24265834259066155 and parameters: {'window_influence': 0.27556433134343006, 'penalty_k': 0.04058445837860409, 'scale_lr': 0.6963677067479285}. Best is trial 104 with value: 0.27492820641131904.
checkpoint_e22 window_influence: 0.30978645627329876, penalty_k: 0.16240849051828485, scale_lr: 0.66326943161431684, EAO: 0.262
Trial 981 finished with value: 0.2620902011186127 and parameters: {'window_influence': 0.30978645627329876, 'penalty_k': 0.16240849051828485, 'scale_lr': 0.6632694316143168}. Best is trial 104 with value: 0.27492820641131904.
checkpoint_e22 window_influence: 0.28985874021957164, penalty_k: 0.21652814204845147, scale_lr: 0.49640818264360115, EAO: 0.258
Trial 982 finished with value: 0.257870939325511 and parameters: {'window_influence': 0.28985874021957164, 'penalty_k': 0.21652814204845147, 'scale_lr': 0.49640818264360115}. Best is trial 104 with value: 0.27492820641131904.
checkpoint_e22 window_influence: 0.25477973128542503, penalty_k: 0.24204202813364031, scale_lr: 0.53774141153236588, EAO: 0.254
Trial 983 finished with value: 0.254230779542671 and parameters: {'window_influence': 0.254779731285425, 'penalty_k': 0.2420420281336403, 'scale_lr': 0.5377414115323659}. Best is trial 104 with value: 0.27492820641131904.
checkpoint_e22 window_influence: 0.31230808835066948, penalty_k: 0.19180473577171842, scale_lr: 0.10021349379361064, EAO: 0.247
Trial 984 finished with value: 0.24694953767991648 and parameters: {'window_influence': 0.3123080883506695, 'penalty_k': 0.19180473577171842, 'scale_lr': 0.10021349379361064}. Best is trial 104 with value: 0.27492820641131904.
checkpoint_e22 window_influence: 0.28704782892105007, penalty_k: 0.06622196632694623, scale_lr: 0.62970579661715842, EAO: 0.266
Trial 985 finished with value: 0.2663637723137693 and parameters: {'window_influence': 0.2870478289210501, 'penalty_k': 0.06622196632694623, 'scale_lr': 0.6297057966171584}. Best is trial 104 with value: 0.27492820641131904.
checkpoint_e22 window_influence: 0.55064582947196294, penalty_k: 0.10755410533140755, scale_lr: 0.26042131624913656, EAO: 0.233
Trial 986 finished with value: 0.23275673274344544 and parameters: {'window_influence': 0.5506458294719629, 'penalty_k': 0.10755410533140755, 'scale_lr': 0.26042131624913656}. Best is trial 104 with value: 0.27492820641131904.
checkpoint_e22 window_influence: 0.26140861896976714, penalty_k: 0.13321012333469809, scale_lr: 0.66203124088657228, EAO: 0.264
Trial 987 finished with value: 0.2641347225119428 and parameters: {'window_influence': 0.26140861896976714, 'penalty_k': 0.1332101233346981, 'scale_lr': 0.6620312408865723}. Best is trial 104 with value: 0.27492820641131904.
checkpoint_e22 window_influence: 0.49891302425947487, penalty_k: 0.20687616788828353, scale_lr: 0.70333086469586914, EAO: 0.248
Trial 988 finished with value: 0.24802751342455545 and parameters: {'window_influence': 0.49891302425947487, 'penalty_k': 0.20687616788828353, 'scale_lr': 0.7033308646958691}. Best is trial 104 with value: 0.27492820641131904.
checkpoint_e22 window_influence: 0.32127597645649286, penalty_k: 0.17820719686603484, scale_lr: 0.72750243946275450, EAO: 0.256
Trial 989 finished with value: 0.25631277662951774 and parameters: {'window_influence': 0.32127597645649286, 'penalty_k': 0.17820719686603484, 'scale_lr': 0.7275024394627545}. Best is trial 104 with value: 0.27492820641131904.
checkpoint_e22 window_influence: 0.27511332507187197, penalty_k: 0.04676728184973476, scale_lr: 0.65710156453269486, EAO: 0.241
Trial 990 finished with value: 0.24061491643267918 and parameters: {'window_influence': 0.275113325071872, 'penalty_k': 0.04676728184973476, 'scale_lr': 0.6571015645326949}. Best is trial 104 with value: 0.27492820641131904.
checkpoint_e22 window_influence: 0.15816796233562694, penalty_k: 0.26893751452759590, scale_lr: 0.55593048352911290, EAO: 0.244
Trial 991 finished with value: 0.24383192133855044 and parameters: {'window_influence': 0.15816796233562694, 'penalty_k': 0.2689375145275959, 'scale_lr': 0.5559304835291129}. Best is trial 104 with value: 0.27492820641131904.
checkpoint_e22 window_influence: 0.29986436420487395, penalty_k: 0.01839304261236701, scale_lr: 0.44863399081318539, EAO: 0.257
