Trial 620 finished with value: 0.2539561943915801 and parameters: {'window_influence': 0.34805148133749975, 'penalty_k': 0.1904559409321803, 'scale_lr': 0.5024346272219634}. Best is trial 104 with value: 0.27492820641131904.
checkpoint_e22 window_influence: 0.37004671799648953, penalty_k: 0.20777674402085161, scale_lr: 0.25085133683314920, EAO: 0.263
Trial 621 finished with value: 0.26297505848049146 and parameters: {'window_influence': 0.3700467179964895, 'penalty_k': 0.2077767440208516, 'scale_lr': 0.2508513368331492}. Best is trial 104 with value: 0.27492820641131904.
checkpoint_e22 window_influence: 0.40511012213988362, penalty_k: 0.22846708873247881, scale_lr: 0.56321059657892802, EAO: 0.254
Trial 622 finished with value: 0.253932596888484 and parameters: {'window_influence': 0.4051101221398836, 'penalty_k': 0.2284670887324788, 'scale_lr': 0.563210596578928}. Best is trial 104 with value: 0.27492820641131904.
checkpoint_e22 window_influence: 0.10380818467550307, penalty_k: 0.34896284154225732, scale_lr: 0.71513825280615229, EAO: 0.221
Trial 623 finished with value: 0.22075801336668371 and parameters: {'window_influence': 0.10380818467550307, 'penalty_k': 0.3489628415422573, 'scale_lr': 0.7151382528061523}. Best is trial 104 with value: 0.27492820641131904.
checkpoint_e22 window_influence: 0.38542556342103851, penalty_k: 0.37675670337442130, scale_lr: 0.15641111642689981, EAO: 0.260
Trial 624 finished with value: 0.2599243084347345 and parameters: {'window_influence': 0.3854255634210385, 'penalty_k': 0.3767567033744213, 'scale_lr': 0.1564111164268998}. Best is trial 104 with value: 0.27492820641131904.
checkpoint_e22 window_influence: 0.36348306186407553, penalty_k: 0.19444125859233649, scale_lr: 0.31770912111257293, EAO: 0.261
Trial 625 finished with value: 0.26149665497667424 and parameters: {'window_influence': 0.36348306186407553, 'penalty_k': 0.1944412585923365, 'scale_lr': 0.31770912111257293}. Best is trial 104 with value: 0.27492820641131904.
checkpoint_e22 window_influence: 0.42570249175120695, penalty_k: 0.21614367465567974, scale_lr: 0.46005036913720160, EAO: 0.251
Trial 626 finished with value: 0.25113148405784513 and parameters: {'window_influence': 0.42570249175120695, 'penalty_k': 0.21614367465567974, 'scale_lr': 0.4600503691372016}. Best is trial 104 with value: 0.27492820641131904.
checkpoint_e22 window_influence: 0.39985265853621926, penalty_k: 0.39616017872507708, scale_lr: 0.52833967025980944, EAO: 0.268
Trial 627 finished with value: 0.2678917101243647 and parameters: {'window_influence': 0.39985265853621926, 'penalty_k': 0.3961601787250771, 'scale_lr': 0.5283396702598094}. Best is trial 104 with value: 0.27492820641131904.
checkpoint_e22 window_influence: 0.41406454909200618, penalty_k: 0.41573996528270990, scale_lr: 0.23089079856258082, EAO: 0.247
Trial 628 finished with value: 0.24656962342863162 and parameters: {'window_influence': 0.4140645490920062, 'penalty_k': 0.4157399652827099, 'scale_lr': 0.23089079856258082}. Best is trial 104 with value: 0.27492820641131904.
checkpoint_e22 window_influence: 0.62928237094398520, penalty_k: 0.38373841180504559, scale_lr: 0.75929778867013931, EAO: 0.201
Trial 629 finished with value: 0.20083149946559736 and parameters: {'window_influence': 0.6292823709439852, 'penalty_k': 0.3837384118050456, 'scale_lr': 0.7592977886701393}. Best is trial 104 with value: 0.27492820641131904.
checkpoint_e22 window_influence: 0.44386372021705928, penalty_k: 0.42386958436174671, scale_lr: 0.52556209526884545, EAO: 0.245
Trial 630 finished with value: 0.24497977486713146 and parameters: {'window_influence': 0.4438637202170593, 'penalty_k': 0.4238695843617467, 'scale_lr': 0.5255620952688455}. Best is trial 104 with value: 0.27492820641131904.
checkpoint_e22 window_influence: 0.31193316117024922, penalty_k: 0.39632985914911462, scale_lr: 0.50710810573229481, EAO: 0.244
Trial 631 finished with value: 0.2439826610005968 and parameters: {'window_influence': 0.3119331611702492, 'penalty_k': 0.3963298591491146, 'scale_lr': 0.5071081057322948}. Best is trial 104 with value: 0.27492820641131904.
checkpoint_e22 window_influence: 0.39696086259780156, penalty_k: 0.32889248554630734, scale_lr: 0.54404707620702131, EAO: 0.253
Trial 632 finished with value: 0.2528045131423609 and parameters: {'window_influence': 0.39696086259780156, 'penalty_k': 0.32889248554630734, 'scale_lr': 0.5440470762070213}. Best is trial 104 with value: 0.27492820641131904.
checkpoint_e22 window_influence: 0.37509226321835754, penalty_k: 0.43892226700724829, scale_lr: 0.54893317413950815, EAO: 0.254
Trial 633 finished with value: 0.2535588287604534 and parameters: {'window_influence': 0.37509226321835754, 'penalty_k': 0.4389222670072483, 'scale_lr': 0.5489331741395082}. Best is trial 104 with value: 0.27492820641131904.
checkpoint_e22 window_influence: 0.21001422955359070, penalty_k: 0.17800462213529891, scale_lr: 0.56057755904256312, EAO: 0.252
Trial 634 finished with value: 0.2518541678422835 and parameters: {'window_influence': 0.2100142295535907, 'penalty_k': 0.1780046221352989, 'scale_lr': 0.5605775590425631}. Best is trial 104 with value: 0.27492820641131904.
checkpoint_e22 window_influence: 0.16578732285995657, penalty_k: 0.40626853330141505, scale_lr: 0.53448767788007190, EAO: 0.228
Trial 635 finished with value: 0.22829557755371419 and parameters: {'window_influence': 0.16578732285995657, 'penalty_k': 0.40626853330141505, 'scale_lr': 0.5344876778800719}. Best is trial 104 with value: 0.27492820641131904.
checkpoint_e22 window_influence: 0.14271285264842618, penalty_k: 0.32308585328113382, scale_lr: 0.43716551907767359, EAO: 0.237
Trial 636 finished with value: 0.23658261084701956 and parameters: {'window_influence': 0.14271285264842618, 'penalty_k': 0.3230858532811338, 'scale_lr': 0.4371655190776736}. Best is trial 104 with value: 0.27492820641131904.
checkpoint_e22 window_influence: 0.28597704904987897, penalty_k: 0.30087136345787330, scale_lr: 0.47929448438681849, EAO: 0.251
Trial 637 finished with value: 0.2512517930652068 and parameters: {'window_influence': 0.285977049049879, 'penalty_k': 0.3008713634578733, 'scale_lr': 0.4792944843868185}. Best is trial 104 with value: 0.27492820641131904.
checkpoint_e22 window_influence: 0.21491057492136131, penalty_k: 0.10346889569585599, scale_lr: 0.18067954151881455, EAO: 0.246
Trial 638 finished with value: 0.24560811746168912 and parameters: {'window_influence': 0.2149105749213613, 'penalty_k': 0.10346889569585599, 'scale_lr': 0.18067954151881455}. Best is trial 104 with value: 0.27492820641131904.
checkpoint_e22 window_influence: 0.35114421782806104, penalty_k: 0.16652676622084855, scale_lr: 0.29732681297286678, EAO: 0.249
Trial 639 finished with value: 0.24924390278453748 and parameters: {'window_influence': 0.35114421782806104, 'penalty_k': 0.16652676622084855, 'scale_lr': 0.2973268129728668}. Best is trial 104 with value: 0.27492820641131904.
checkpoint_e22 window_influence: 0.40484104169002050, penalty_k: 0.42897287089649516, scale_lr: 0.58404495564393044, EAO: 0.256
Trial 640 finished with value: 0.25645093480503656 and parameters: {'window_influence': 0.4048410416900205, 'penalty_k': 0.42897287089649516, 'scale_lr': 0.5840449556439304}. Best is trial 104 with value: 0.27492820641131904.
checkpoint_e22 window_influence: 0.38753778353847040, penalty_k: 0.18458374465546731, scale_lr: 0.34214653158573183, EAO: 0.244
Trial 641 finished with value: 0.24391321504746027 and parameters: {'window_influence': 0.3875377835384704, 'penalty_k': 0.1845837446554673, 'scale_lr': 0.34214653158573183}. Best is trial 104 with value: 0.27492820641131904.
checkpoint_e22 window_influence: 0.43271652383350606, penalty_k: 0.20185208858454723, scale_lr: 0.11446234063880767, EAO: 0.253
Trial 642 finished with value: 0.2533909616068127 and parameters: {'window_influence': 0.43271652383350606, 'penalty_k': 0.20185208858454723, 'scale_lr': 0.11446234063880767}. Best is trial 104 with value: 0.27492820641131904.
checkpoint_e22 window_influence: 0.36587750231112770, penalty_k: 0.07750044647215049, scale_lr: 0.27510852097926985, EAO: 0.251
Trial 643 finished with value: 0.25126579028319534 and parameters: {'window_influence': 0.3658775023111277, 'penalty_k': 0.07750044647215049, 'scale_lr': 0.27510852097926985}. Best is trial 104 with value: 0.27492820641131904.
checkpoint_e22 window_influence: 0.33962595710052329, penalty_k: 0.39463022264739495, scale_lr: 0.49217173745462561, EAO: 0.254
Trial 644 finished with value: 0.2542791064919495 and parameters: {'window_influence': 0.3396259571005233, 'penalty_k': 0.39463022264739495, 'scale_lr': 0.4921717374546256}. Best is trial 104 with value: 0.27492820641131904.
checkpoint_e22 window_influence: 0.41339508109501516, penalty_k: 0.27967708657679591, scale_lr: 0.68241794234716813, EAO: 0.246
Trial 645 finished with value: 0.24595176198375904 and parameters: {'window_influence': 0.41339508109501516, 'penalty_k': 0.2796770865767959, 'scale_lr': 0.6824179423471681}. Best is trial 104 with value: 0.27492820641131904.
checkpoint_e22 window_influence: 0.38005035733993409, penalty_k: 0.25780780400666131, scale_lr: 0.14425799934448622, EAO: 0.256
Trial 646 finished with value: 0.25563422590494156 and parameters: {'window_influence': 0.3800503573399341, 'penalty_k': 0.2578078040066613, 'scale_lr': 0.14425799934448622}. Best is trial 104 with value: 0.27492820641131904.
checkpoint_e22 window_influence: 0.39405831701973348, penalty_k: 0.19543320035641962, scale_lr: 0.22025464315617629, EAO: 0.244
Trial 647 finished with value: 0.24414908195414195 and parameters: {'window_influence': 0.3940583170197335, 'penalty_k': 0.19543320035641962, 'scale_lr': 0.2202546431561763}. Best is trial 104 with value: 0.27492820641131904.
checkpoint_e22 window_influence: 0.35836212328213984, penalty_k: 0.21010355438657385, scale_lr: 0.75641357063240466, EAO: 0.259
Trial 648 finished with value: 0.2588424963074002 and parameters: {'window_influence': 0.35836212328213984, 'penalty_k': 0.21010355438657385, 'scale_lr': 0.7564135706324047}. Best is trial 104 with value: 0.27492820641131904.
checkpoint_e22 window_influence: 0.47429706242097963, penalty_k: 0.31246210908666860, scale_lr: 0.52169006661389583, EAO: 0.242
Trial 649 finished with value: 0.241927891545664 and parameters: {'window_influence': 0.47429706242097963, 'penalty_k': 0.3124621090866686, 'scale_lr': 0.5216900666138958}. Best is trial 104 with value: 0.27492820641131904.
checkpoint_e22 window_influence: 0.14545604367548592, penalty_k: 0.05422661212122622, scale_lr: 0.13053861536741529, EAO: 0.238
Trial 650 finished with value: 0.23769187896959182 and parameters: {'window_influence': 0.14545604367548592, 'penalty_k': 0.054226612121226224, 'scale_lr': 0.1305386153674153}. Best is trial 104 with value: 0.27492820641131904.
checkpoint_e22 window_influence: 0.37205284563150692, penalty_k: 0.33981816628990824, scale_lr: 0.20084760045764111, EAO: 0.253
Trial 651 finished with value: 0.25338048754426523 and parameters: {'window_influence': 0.3720528456315069, 'penalty_k': 0.33981816628990824, 'scale_lr': 0.2008476004576411}. Best is trial 104 with value: 0.27492820641131904.
checkpoint_e22 window_influence: 0.18602783353684404, penalty_k: 0.37010196339848378, scale_lr: 0.45801441035896784, EAO: 0.238
Trial 652 finished with value: 0.2380330672835916 and parameters: {'window_influence': 0.18602783353684404, 'penalty_k': 0.3701019633984838, 'scale_lr': 0.45801441035896784}. Best is trial 104 with value: 0.27492820641131904.
checkpoint_e22 window_influence: 0.58179423233867622, penalty_k: 0.24371928056712264, scale_lr: 0.17525132455122375, EAO: 0.211
Trial 653 finished with value: 0.211013061002018 and parameters: {'window_influence': 0.5817942323386762, 'penalty_k': 0.24371928056712264, 'scale_lr': 0.17525132455122375}. Best is trial 104 with value: 0.27492820641131904.
checkpoint_e22 window_influence: 0.40408809794492445, penalty_k: 0.15572996230594974, scale_lr: 0.78022277473525015, EAO: 0.244
Trial 654 finished with value: 0.24351000810057166 and parameters: {'window_influence': 0.40408809794492445, 'penalty_k': 0.15572996230594974, 'scale_lr': 0.7802227747352501}. Best is trial 104 with value: 0.27492820641131904.
checkpoint_e22 window_influence: 0.38385949579020490, penalty_k: 0.18157350433974256, scale_lr: 0.57270520610325582, EAO: 0.254
Trial 655 finished with value: 0.2540846424616449 and parameters: {'window_influence': 0.3838594957902049, 'penalty_k': 0.18157350433974256, 'scale_lr': 0.5727052061032558}. Best is trial 104 with value: 0.27492820641131904.
checkpoint_e22 window_influence: 0.41527563297280451, penalty_k: 0.22421999884256893, scale_lr: 0.14761391280038441, EAO: 0.259
Trial 656 finished with value: 0.25850718516886717 and parameters: {'window_influence': 0.4152756329728045, 'penalty_k': 0.22421999884256893, 'scale_lr': 0.1476139128003844}. Best is trial 104 with value: 0.27492820641131904.
checkpoint_e22 window_influence: 0.45570337365477676, penalty_k: 0.41229891287935505, scale_lr: 0.12073972464287749, EAO: 0.241
Trial 657 finished with value: 0.24101042129644534 and parameters: {'window_influence': 0.45570337365477676, 'penalty_k': 0.41229891287935505, 'scale_lr': 0.1207397246428775}. Best is trial 104 with value: 0.27492820641131904.
checkpoint_e22 window_influence: 0.39611026972583230, penalty_k: 0.01884887190925617, scale_lr: 0.47028466119342260, EAO: 0.259
Trial 658 finished with value: 0.2587561985947252 and parameters: {'window_influence': 0.3961102697258323, 'penalty_k': 0.018848871909256167, 'scale_lr': 0.4702846611934226}. Best is trial 104 with value: 0.27492820641131904.
checkpoint_e22 window_influence: 0.33523531287822522, penalty_k: 0.12106871682859710, scale_lr: 0.25142033151238141, EAO: 0.249
Trial 659 finished with value: 0.24945693051185064 and parameters: {'window_influence': 0.3352353128782252, 'penalty_k': 0.1210687168285971, 'scale_lr': 0.2514203315123814}. Best is trial 104 with value: 0.27492820641131904.
checkpoint_e22 window_influence: 0.42327927769281432, penalty_k: 0.13703163863047307, scale_lr: 0.10009025461043436, EAO: 0.261
Trial 660 finished with value: 0.260768522213145 and parameters: {'window_influence': 0.4232792776928143, 'penalty_k': 0.13703163863047307, 'scale_lr': 0.10009025461043436}. Best is trial 104 with value: 0.27492820641131904.
checkpoint_e22 window_influence: 0.36899621642180730, penalty_k: 0.03151952307230594, scale_lr: 0.15949058237347724, EAO: 0.269
Trial 661 finished with value: 0.2692661533147339 and parameters: {'window_influence': 0.3689962164218073, 'penalty_k': 0.03151952307230594, 'scale_lr': 0.15949058237347724}. Best is trial 104 with value: 0.27492820641131904.
checkpoint_e22 window_influence: 0.35281547005735281, penalty_k: 0.00683073082772419, scale_lr: 0.16534978541217155, EAO: 0.245
Trial 662 finished with value: 0.24477792185981098 and parameters: {'window_influence': 0.3528154700573528, 'penalty_k': 0.006830730827724191, 'scale_lr': 0.16534978541217155}. Best is trial 104 with value: 0.27492820641131904.
checkpoint_e22 window_influence: 0.36621592105799711, penalty_k: 0.04939005460499566, scale_lr: 0.28313715516178478, EAO: 0.265
Trial 663 finished with value: 0.26544937891204184 and parameters: {'window_influence': 0.3662159210579971, 'penalty_k': 0.04939005460499566, 'scale_lr': 0.2831371551617848}. Best is trial 104 with value: 0.27492820641131904.
checkpoint_e22 window_influence: 0.35493568434783407, penalty_k: 0.02656758804096226, scale_lr: 0.15423850185283003, EAO: 0.257
Trial 664 finished with value: 0.2569633405504188 and parameters: {'window_influence': 0.35493568434783407, 'penalty_k': 0.026567588040962258, 'scale_lr': 0.15423850185283003}. Best is trial 104 with value: 0.27492820641131904.
checkpoint_e22 window_influence: 0.37121187646949672, penalty_k: 0.01416358158523711, scale_lr: 0.17711381302131296, EAO: 0.257
Trial 665 finished with value: 0.25724020612433673 and parameters: {'window_influence': 0.3712118764694967, 'penalty_k': 0.014163581585237114, 'scale_lr': 0.17711381302131296}. Best is trial 104 with value: 0.27492820641131904.
checkpoint_e22 window_influence: 0.34271174353013628, penalty_k: 0.03234291250642158, scale_lr: 0.13997919490335675, EAO: 0.256
Trial 666 finished with value: 0.25608203808466595 and parameters: {'window_influence': 0.3427117435301363, 'penalty_k': 0.03234291250642158, 'scale_lr': 0.13997919490335675}. Best is trial 104 with value: 0.27492820641131904.
checkpoint_e22 window_influence: 0.37770272396168936, penalty_k: 0.08562641488900377, scale_lr: 0.16725515456161122, EAO: 0.248
Trial 667 finished with value: 0.24781929786370052 and parameters: {'window_influence': 0.37770272396168936, 'penalty_k': 0.08562641488900377, 'scale_lr': 0.16725515456161122}. Best is trial 104 with value: 0.27492820641131904.
checkpoint_e22 window_influence: 0.52146248917712701, penalty_k: 0.03218863849100673, scale_lr: 0.24242797551889794, EAO: 0.241
Trial 668 finished with value: 0.2410520885775729 and parameters: {'window_influence': 0.521462489177127, 'penalty_k': 0.03218863849100673, 'scale_lr': 0.24242797551889794}. Best is trial 104 with value: 0.27492820641131904.
checkpoint_e22 window_influence: 0.36368266255249126, penalty_k: 0.00085700568761884, scale_lr: 0.55625527570859734, EAO: 0.244
Trial 669 finished with value: 0.24386643109525122 and parameters: {'window_influence': 0.36368266255249126, 'penalty_k': 0.0008570056876188448, 'scale_lr': 0.5562552757085973}. Best is trial 104 with value: 0.27492820641131904.
checkpoint_e22 window_influence: 0.38269710841200466, penalty_k: 0.03747232336714890, scale_lr: 0.12545384094792741, EAO: 0.252
Trial 670 finished with value: 0.25179003742409917 and parameters: {'window_influence': 0.38269710841200466, 'penalty_k': 0.037472323367148896, 'scale_lr': 0.12545384094792741}. Best is trial 104 with value: 0.27492820641131904.
checkpoint_e22 window_influence: 0.53079659896338083, penalty_k: 0.06945179959698006, scale_lr: 0.15288389215493881, EAO: 0.231
Trial 671 finished with value: 0.23146964670196782 and parameters: {'window_influence': 0.5307965989633808, 'penalty_k': 0.06945179959698006, 'scale_lr': 0.1528838921549388}. Best is trial 104 with value: 0.27492820641131904.
checkpoint_e22 window_influence: 0.06120040749420441, penalty_k: 0.16567829405142259, scale_lr: 0.21037612210600098, EAO: 0.220
Trial 672 finished with value: 0.22002893443999252 and parameters: {'window_influence': 0.06120040749420441, 'penalty_k': 0.1656782940514226, 'scale_lr': 0.21037612210600098}. Best is trial 104 with value: 0.27492820641131904.
checkpoint_e22 window_influence: 0.32932420106633342, penalty_k: 0.06414206599125562, scale_lr: 0.18836594723613420, EAO: 0.260
Trial 673 finished with value: 0.2599112128581458 and parameters: {'window_influence': 0.3293242010663334, 'penalty_k': 0.06414206599125562, 'scale_lr': 0.1883659472361342}. Best is trial 104 with value: 0.27492820641131904.
checkpoint_e22 window_influence: 0.35247392884463968, penalty_k: 0.05165314563354248, scale_lr: 0.25754813201204979, EAO: 0.260
Trial 674 finished with value: 0.2599274358613704 and parameters: {'window_influence': 0.3524739288446397, 'penalty_k': 0.05165314563354248, 'scale_lr': 0.2575481320120498}. Best is trial 104 with value: 0.27492820641131904.
checkpoint_e22 window_influence: 0.39522206574792856, penalty_k: 0.46420604635970431, scale_lr: 0.11383487792781433, EAO: 0.236
Trial 675 finished with value: 0.2357843911381272 and parameters: {'window_influence': 0.39522206574792856, 'penalty_k': 0.4642060463597043, 'scale_lr': 0.11383487792781433}. Best is trial 104 with value: 0.27492820641131904.
checkpoint_e22 window_influence: 0.44025033737797115, penalty_k: 0.44657897903953142, scale_lr: 0.13227627322124516, EAO: 0.258
Trial 676 finished with value: 0.25814977730435085 and parameters: {'window_influence': 0.44025033737797115, 'penalty_k': 0.4465789790395314, 'scale_lr': 0.13227627322124516}. Best is trial 104 with value: 0.27492820641131904.
checkpoint_e22 window_influence: 0.15162551192253318, penalty_k: 0.01991200064949231, scale_lr: 0.29484886078263822, EAO: 0.242
Trial 677 finished with value: 0.24220519270596466 and parameters: {'window_influence': 0.15162551192253318, 'penalty_k': 0.019912000649492306, 'scale_lr': 0.2948488607826382}. Best is trial 104 with value: 0.27492820641131904.
checkpoint_e22 window_influence: 0.36921909058312502, penalty_k: 0.08703463336405207, scale_lr: 0.14591488388961049, EAO: 0.263
Trial 678 finished with value: 0.2625151132422734 and parameters: {'window_influence': 0.369219090583125, 'penalty_k': 0.08703463336405207, 'scale_lr': 0.1459148838896105}. Best is trial 104 with value: 0.27492820641131904.
checkpoint_e22 window_influence: 0.38209155754578905, penalty_k: 0.23825454838614443, scale_lr: 0.35987026790484078, EAO: 0.243
Trial 679 finished with value: 0.24311467956721297 and parameters: {'window_influence': 0.38209155754578905, 'penalty_k': 0.23825454838614443, 'scale_lr': 0.3598702679048408}. Best is trial 104 with value: 0.27492820641131904.
checkpoint_e22 window_influence: 0.28458683090305792, penalty_k: 0.27062773249401184, scale_lr: 0.53510021321087031, EAO: 0.254
Trial 680 finished with value: 0.2544795446764163 and parameters: {'window_influence': 0.2845868309030579, 'penalty_k': 0.27062773249401184, 'scale_lr': 0.5351002132108703}. Best is trial 104 with value: 0.27492820641131904.
checkpoint_e22 window_influence: 0.40119499885411281, penalty_k: 0.11711709181706534, scale_lr: 0.59827447557831959, EAO: 0.253
Trial 681 finished with value: 0.2525303802960287 and parameters: {'window_influence': 0.4011949988541128, 'penalty_k': 0.11711709181706534, 'scale_lr': 0.5982744755783196}. Best is trial 104 with value: 0.27492820641131904.
checkpoint_e22 window_influence: 0.36120871167298652, penalty_k: 0.21721756546972995, scale_lr: 0.16914837893292853, EAO: 0.254
