Trial 681 finished with value: 0.2142510406854676 and parameters: {'window_influence': 0.6186766437914566, 'penalty_k': 0.17108826565396765, 'scale_lr': 0.778666307985118}. Best is trial 489 with value: 0.28065862270390113.
checkpoint_e32 window_influence: 0.29916647230528221, penalty_k: 0.19981875848419761, scale_lr: 0.69891484491724565, EAO: 0.275
Trial 682 finished with value: 0.2748675081061154 and parameters: {'window_influence': 0.2991664723052822, 'penalty_k': 0.1998187584841976, 'scale_lr': 0.6989148449172456}. Best is trial 489 with value: 0.28065862270390113.
checkpoint_e32 window_influence: 0.29069438431291250, penalty_k: 0.19741060323826681, scale_lr: 0.67137729912328514, EAO: 0.259
Trial 683 finished with value: 0.25854069345850283 and parameters: {'window_influence': 0.2906943843129125, 'penalty_k': 0.1974106032382668, 'scale_lr': 0.6713772991232851}. Best is trial 489 with value: 0.28065862270390113.
checkpoint_e32 window_influence: 0.28132835138867179, penalty_k: 0.19979379988287965, scale_lr: 0.62253647436422532, EAO: 0.255
Trial 684 finished with value: 0.2552859422758343 and parameters: {'window_influence': 0.2813283513886718, 'penalty_k': 0.19979379988287965, 'scale_lr': 0.6225364743642253}. Best is trial 489 with value: 0.28065862270390113.
checkpoint_e32 window_influence: 0.26290046692856384, penalty_k: 0.18776562664920102, scale_lr: 0.48998707595564561, EAO: 0.254
Trial 685 finished with value: 0.2538234089327052 and parameters: {'window_influence': 0.26290046692856384, 'penalty_k': 0.18776562664920102, 'scale_lr': 0.4899870759556456}. Best is trial 489 with value: 0.28065862270390113.
checkpoint_e32 window_influence: 0.21650614285468528, penalty_k: 0.04636313596740398, scale_lr: 0.37244842031861591, EAO: 0.246
Trial 686 finished with value: 0.24635167026180563 and parameters: {'window_influence': 0.21650614285468528, 'penalty_k': 0.046363135967403976, 'scale_lr': 0.3724484203186159}. Best is trial 489 with value: 0.28065862270390113.
checkpoint_e32 window_influence: 0.29742800996020891, penalty_k: 0.35816754857415611, scale_lr: 0.72394890762340636, EAO: 0.265
Trial 687 finished with value: 0.26511090666782566 and parameters: {'window_influence': 0.2974280099602089, 'penalty_k': 0.3581675485741561, 'scale_lr': 0.7239489076234064}. Best is trial 489 with value: 0.28065862270390113.
checkpoint_e32 window_influence: 0.30108324763912636, penalty_k: 0.22206706674094673, scale_lr: 0.30362385016532689, EAO: 0.258
Trial 688 finished with value: 0.2578931796114619 and parameters: {'window_influence': 0.30108324763912636, 'penalty_k': 0.22206706674094673, 'scale_lr': 0.3036238501653269}. Best is trial 489 with value: 0.28065862270390113.
checkpoint_e32 window_influence: 0.55261936911317822, penalty_k: 0.40467505903622741, scale_lr: 0.68795700024628903, EAO: 0.219
Trial 689 finished with value: 0.21851973187148085 and parameters: {'window_influence': 0.5526193691131782, 'penalty_k': 0.4046750590362274, 'scale_lr': 0.687957000246289}. Best is trial 489 with value: 0.28065862270390113.
checkpoint_e32 window_influence: 0.22181130632663834, penalty_k: 0.17758302377238522, scale_lr: 0.59108506233475522, EAO: 0.245
Trial 690 finished with value: 0.24519328882054583 and parameters: {'window_influence': 0.22181130632663834, 'penalty_k': 0.17758302377238522, 'scale_lr': 0.5910850623347552}. Best is trial 489 with value: 0.28065862270390113.
checkpoint_e32 window_influence: 0.39181194961238497, penalty_k: 0.02158334877346052, scale_lr: 0.52894044056191614, EAO: 0.266
Trial 691 finished with value: 0.2662518109853675 and parameters: {'window_influence': 0.39181194961238497, 'penalty_k': 0.02158334877346052, 'scale_lr': 0.5289404405619161}. Best is trial 489 with value: 0.28065862270390113.
checkpoint_e32 window_influence: 0.28146124174476667, penalty_k: 0.32817470500860613, scale_lr: 0.66082536863191843, EAO: 0.262
Trial 692 finished with value: 0.26247166121393684 and parameters: {'window_influence': 0.28146124174476667, 'penalty_k': 0.3281747050086061, 'scale_lr': 0.6608253686319184}. Best is trial 489 with value: 0.28065862270390113.
checkpoint_e32 window_influence: 0.30664413926143846, penalty_k: 0.30178479972808719, scale_lr: 0.75154121061313950, EAO: 0.262
Trial 693 finished with value: 0.26181040916258724 and parameters: {'window_influence': 0.30664413926143846, 'penalty_k': 0.3017847997280872, 'scale_lr': 0.7515412106131395}. Best is trial 489 with value: 0.28065862270390113.
checkpoint_e32 window_influence: 0.29355846485076775, penalty_k: 0.41359082470880210, scale_lr: 0.54768749669609762, EAO: 0.259
Trial 694 finished with value: 0.2592373788356781 and parameters: {'window_influence': 0.29355846485076775, 'penalty_k': 0.4135908247088021, 'scale_lr': 0.5476874966960976}. Best is trial 489 with value: 0.28065862270390113.
checkpoint_e32 window_influence: 0.24112698009578609, penalty_k: 0.21502093691548541, scale_lr: 0.40315826874475447, EAO: 0.262
Trial 695 finished with value: 0.2620910014200017 and parameters: {'window_influence': 0.2411269800957861, 'penalty_k': 0.2150209369154854, 'scale_lr': 0.40315826874475447}. Best is trial 489 with value: 0.28065862270390113.
checkpoint_e32 window_influence: 0.52375231871104799, penalty_k: 0.19165890344894967, scale_lr: 0.42915460046006559, EAO: 0.255
Trial 696 finished with value: 0.25531231914836217 and parameters: {'window_influence': 0.523752318711048, 'penalty_k': 0.19165890344894967, 'scale_lr': 0.4291546004600656}. Best is trial 489 with value: 0.28065862270390113.
checkpoint_e32 window_influence: 0.62434046177863711, penalty_k: 0.08757765049771886, scale_lr: 0.69419906739638992, EAO: 0.214
Trial 697 finished with value: 0.2140929356701975 and parameters: {'window_influence': 0.6243404617786371, 'penalty_k': 0.08757765049771886, 'scale_lr': 0.6941990673963899}. Best is trial 489 with value: 0.28065862270390113.
checkpoint_e32 window_influence: 0.42556284488219331, penalty_k: 0.37287832635668272, scale_lr: 0.32703501445349292, EAO: 0.260
Trial 698 finished with value: 0.26029261122874126 and parameters: {'window_influence': 0.4255628448821933, 'penalty_k': 0.3728783263566827, 'scale_lr': 0.3270350144534929}. Best is trial 489 with value: 0.28065862270390113.
checkpoint_e32 window_influence: 0.31463413952746844, penalty_k: 0.34367858096008497, scale_lr: 0.56433037746035752, EAO: 0.253
Trial 699 finished with value: 0.2530831329948534 and parameters: {'window_influence': 0.31463413952746844, 'penalty_k': 0.34367858096008497, 'scale_lr': 0.5643303774603575}. Best is trial 489 with value: 0.28065862270390113.
checkpoint_e32 window_influence: 0.36906928034540021, penalty_k: 0.31906980746039476, scale_lr: 0.63772431096719273, EAO: 0.263
Trial 700 finished with value: 0.262553078735747 and parameters: {'window_influence': 0.3690692803454002, 'penalty_k': 0.31906980746039476, 'scale_lr': 0.6377243109671927}. Best is trial 489 with value: 0.28065862270390113.
checkpoint_e32 window_influence: 0.40678600611873222, penalty_k: 0.06415761869367345, scale_lr: 0.47409006010034460, EAO: 0.268
Trial 701 finished with value: 0.2682622863752086 and parameters: {'window_influence': 0.4067860061187322, 'penalty_k': 0.06415761869367345, 'scale_lr': 0.4740900601003446}. Best is trial 489 with value: 0.28065862270390113.
checkpoint_e32 window_influence: 0.27237593295952678, penalty_k: 0.17495413557134720, scale_lr: 0.76773647568290182, EAO: 0.273
Trial 702 finished with value: 0.2731392048602182 and parameters: {'window_influence': 0.2723759329595268, 'penalty_k': 0.1749541355713472, 'scale_lr': 0.7677364756829018}. Best is trial 489 with value: 0.28065862270390113.
checkpoint_e32 window_influence: 0.26474347008379612, penalty_k: 0.42553894801482739, scale_lr: 0.76654985936162823, EAO: 0.254
Trial 703 finished with value: 0.25407455588986233 and parameters: {'window_influence': 0.2647434700837961, 'penalty_k': 0.4255389480148274, 'scale_lr': 0.7665498593616282}. Best is trial 489 with value: 0.28065862270390113.
checkpoint_e32 window_influence: 0.14437871291944138, penalty_k: 0.20341518734096248, scale_lr: 0.78835957791006039, EAO: 0.251
Trial 704 finished with value: 0.2513351711800428 and parameters: {'window_influence': 0.14437871291944138, 'penalty_k': 0.20341518734096248, 'scale_lr': 0.7883595779100604}. Best is trial 489 with value: 0.28065862270390113.
checkpoint_e32 window_influence: 0.24930010537727545, penalty_k: 0.17497712260845949, scale_lr: 0.31653753225848458, EAO: 0.256
Trial 705 finished with value: 0.2559499317795281 and parameters: {'window_influence': 0.24930010537727545, 'penalty_k': 0.1749771226084595, 'scale_lr': 0.3165375322584846}. Best is trial 489 with value: 0.28065862270390113.
checkpoint_e32 window_influence: 0.27463977496730746, penalty_k: 0.18025836723008160, scale_lr: 0.73869902276810151, EAO: 0.265
Trial 706 finished with value: 0.26524624858445267 and parameters: {'window_influence': 0.27463977496730746, 'penalty_k': 0.1802583672300816, 'scale_lr': 0.7386990227681015}. Best is trial 489 with value: 0.28065862270390113.
checkpoint_e32 window_influence: 0.54657498334703447, penalty_k: 0.29344167850399117, scale_lr: 0.77136712952505138, EAO: 0.233
Trial 707 finished with value: 0.23271682579827502 and parameters: {'window_influence': 0.5465749833470345, 'penalty_k': 0.29344167850399117, 'scale_lr': 0.7713671295250514}. Best is trial 489 with value: 0.28065862270390113.
checkpoint_e32 window_influence: 0.25550185178389823, penalty_k: 0.20670806938723879, scale_lr: 0.79026863236520739, EAO: 0.257
Trial 708 finished with value: 0.25748340506863787 and parameters: {'window_influence': 0.2555018517838982, 'penalty_k': 0.2067080693872388, 'scale_lr': 0.7902686323652074}. Best is trial 489 with value: 0.28065862270390113.
checkpoint_e32 window_influence: 0.23182772788808750, penalty_k: 0.10696120529214148, scale_lr: 0.44879262113303009, EAO: 0.256
Trial 709 finished with value: 0.25607764424105 and parameters: {'window_influence': 0.2318277278880875, 'penalty_k': 0.10696120529214148, 'scale_lr': 0.4487926211330301}. Best is trial 489 with value: 0.28065862270390113.
checkpoint_e32 window_influence: 0.28349497504440008, penalty_k: 0.18597849889120366, scale_lr: 0.15537322102978485, EAO: 0.251
Trial 710 finished with value: 0.2510734780774853 and parameters: {'window_influence': 0.2834949750444001, 'penalty_k': 0.18597849889120366, 'scale_lr': 0.15537322102978485}. Best is trial 489 with value: 0.28065862270390113.
checkpoint_e32 window_influence: 0.27271496060709055, penalty_k: 0.30498882001803140, scale_lr: 0.71768821313433828, EAO: 0.273
Trial 711 finished with value: 0.27256284890378396 and parameters: {'window_influence': 0.27271496060709055, 'penalty_k': 0.3049888200180314, 'scale_lr': 0.7176882131343383}. Best is trial 489 with value: 0.28065862270390113.
checkpoint_e32 window_influence: 0.15615898429593569, penalty_k: 0.31499217109535221, scale_lr: 0.70595726447430596, EAO: 0.237
Trial 712 finished with value: 0.23655798413404605 and parameters: {'window_influence': 0.1561589842959357, 'penalty_k': 0.3149921710953522, 'scale_lr': 0.705957264474306}. Best is trial 489 with value: 0.28065862270390113.
checkpoint_e32 window_influence: 0.35121253877453801, penalty_k: 0.32540357391964825, scale_lr: 0.75125079473035794, EAO: 0.255
Trial 713 finished with value: 0.2549505075061224 and parameters: {'window_influence': 0.351212538774538, 'penalty_k': 0.32540357391964825, 'scale_lr': 0.7512507947303579}. Best is trial 489 with value: 0.28065862270390113.
checkpoint_e32 window_influence: 0.26517832476625236, penalty_k: 0.17109787341810073, scale_lr: 0.71385668785679934, EAO: 0.253
Trial 714 finished with value: 0.2533393955327631 and parameters: {'window_influence': 0.26517832476625236, 'penalty_k': 0.17109787341810073, 'scale_lr': 0.7138566878567993}. Best is trial 489 with value: 0.28065862270390113.
checkpoint_e32 window_influence: 0.46941506699632907, penalty_k: 0.33356384089253865, scale_lr: 0.72643591815958364, EAO: 0.257
Trial 715 finished with value: 0.25704805722566154 and parameters: {'window_influence': 0.46941506699632907, 'penalty_k': 0.33356384089253865, 'scale_lr': 0.7264359181595836}. Best is trial 489 with value: 0.28065862270390113.
checkpoint_e32 window_influence: 0.16740772344069868, penalty_k: 0.16175608365241054, scale_lr: 0.67866427579158717, EAO: 0.259
Trial 716 finished with value: 0.25871928599549504 and parameters: {'window_influence': 0.16740772344069868, 'penalty_k': 0.16175608365241054, 'scale_lr': 0.6786642757915872}. Best is trial 489 with value: 0.28065862270390113.
checkpoint_e32 window_influence: 0.18792857917526790, penalty_k: 0.38397031961851902, scale_lr: 0.35353323946641252, EAO: 0.241
Trial 717 finished with value: 0.2411901050103389 and parameters: {'window_influence': 0.1879285791752679, 'penalty_k': 0.383970319618519, 'scale_lr': 0.3535332394664125}. Best is trial 489 with value: 0.28065862270390113.
checkpoint_e32 window_influence: 0.25669190118925300, penalty_k: 0.30448771879892855, scale_lr: 0.28973654153604922, EAO: 0.261
Trial 718 finished with value: 0.2612957704842575 and parameters: {'window_influence': 0.256691901189253, 'penalty_k': 0.30448771879892855, 'scale_lr': 0.2897365415360492}. Best is trial 489 with value: 0.28065862270390113.
checkpoint_e32 window_influence: 0.27213346928072490, penalty_k: 0.53621456783094346, scale_lr: 0.76240564566386892, EAO: 0.256
Trial 719 finished with value: 0.25577311454022805 and parameters: {'window_influence': 0.2721334692807249, 'penalty_k': 0.5362145678309435, 'scale_lr': 0.7624056456638689}. Best is trial 489 with value: 0.28065862270390113.
checkpoint_e32 window_influence: 0.27680003388449737, penalty_k: 0.12036611005003220, scale_lr: 0.73068977166922866, EAO: 0.259
Trial 720 finished with value: 0.25884438663478787 and parameters: {'window_influence': 0.27680003388449737, 'penalty_k': 0.1203661100500322, 'scale_lr': 0.7306897716692287}. Best is trial 489 with value: 0.28065862270390113.
checkpoint_e32 window_influence: 0.34102495609432204, penalty_k: 0.23531471226935113, scale_lr: 0.70384360592884809, EAO: 0.265
Trial 721 finished with value: 0.2647234618179197 and parameters: {'window_influence': 0.34102495609432204, 'penalty_k': 0.23531471226935113, 'scale_lr': 0.7038436059288481}. Best is trial 489 with value: 0.28065862270390113.
checkpoint_e32 window_influence: 0.10648500041502046, penalty_k: 0.59309928043758475, scale_lr: 0.17007956546877756, EAO: 0.215
Trial 722 finished with value: 0.21459065020326676 and parameters: {'window_influence': 0.10648500041502046, 'penalty_k': 0.5930992804375848, 'scale_lr': 0.17007956546877756}. Best is trial 489 with value: 0.28065862270390113.
checkpoint_e32 window_influence: 0.28588511113000337, penalty_k: 0.35004097985699967, scale_lr: 0.79955250732632510, EAO: 0.255
Trial 723 finished with value: 0.25460373367962796 and parameters: {'window_influence': 0.28588511113000337, 'penalty_k': 0.35004097985699967, 'scale_lr': 0.7995525073263251}. Best is trial 489 with value: 0.28065862270390113.
checkpoint_e32 window_influence: 0.25901895724005536, penalty_k: 0.09409514032387528, scale_lr: 0.74452208389662733, EAO: 0.263
Trial 724 finished with value: 0.26278814140374096 and parameters: {'window_influence': 0.25901895724005536, 'penalty_k': 0.09409514032387528, 'scale_lr': 0.7445220838966273}. Best is trial 489 with value: 0.28065862270390113.
checkpoint_e32 window_influence: 0.50319756823703854, penalty_k: 0.28244905527903941, scale_lr: 0.66641949646163945, EAO: 0.246
Trial 725 finished with value: 0.24638362852780799 and parameters: {'window_influence': 0.5031975682370385, 'penalty_k': 0.2824490552790394, 'scale_lr': 0.6664194964616394}. Best is trial 489 with value: 0.28065862270390113.
checkpoint_e32 window_influence: 0.49319509253379468, penalty_k: 0.31244523867534962, scale_lr: 0.71361670510783137, EAO: 0.252
Trial 726 finished with value: 0.25185932697561697 and parameters: {'window_influence': 0.4931950925337947, 'penalty_k': 0.3124452386753496, 'scale_lr': 0.7136167051078314}. Best is trial 489 with value: 0.28065862270390113.
checkpoint_e32 window_influence: 0.13074810400417566, penalty_k: 0.48751332209667642, scale_lr: 0.69089695089606007, EAO: 0.221
Trial 727 finished with value: 0.2211732601489478 and parameters: {'window_influence': 0.13074810400417566, 'penalty_k': 0.4875133220966764, 'scale_lr': 0.6908969508960601}. Best is trial 489 with value: 0.28065862270390113.
checkpoint_e32 window_influence: 0.36271076106085137, penalty_k: 0.04704666222678127, scale_lr: 0.77690582067667902, EAO: 0.253
Trial 728 finished with value: 0.25294772347783656 and parameters: {'window_influence': 0.36271076106085137, 'penalty_k': 0.04704666222678127, 'scale_lr': 0.776905820676679}. Best is trial 489 with value: 0.28065862270390113.
checkpoint_e32 window_influence: 0.46756350520337159, penalty_k: 0.02911086372686335, scale_lr: 0.17863408007257386, EAO: 0.263
Trial 729 finished with value: 0.2634142514287941 and parameters: {'window_influence': 0.4675635052033716, 'penalty_k': 0.029110863726863348, 'scale_lr': 0.17863408007257386}. Best is trial 489 with value: 0.28065862270390113.
checkpoint_e32 window_influence: 0.32012279942236432, penalty_k: 0.19340489217892415, scale_lr: 0.65005272092432098, EAO: 0.271
Trial 730 finished with value: 0.27137896091472813 and parameters: {'window_influence': 0.3201227994223643, 'penalty_k': 0.19340489217892415, 'scale_lr': 0.650052720924321}. Best is trial 489 with value: 0.28065862270390113.
checkpoint_e32 window_influence: 0.24669265627092268, penalty_k: 0.07535049097045318, scale_lr: 0.37033628438422012, EAO: 0.249
Trial 731 finished with value: 0.24869266291701697 and parameters: {'window_influence': 0.24669265627092268, 'penalty_k': 0.07535049097045318, 'scale_lr': 0.3703362843842201}. Best is trial 489 with value: 0.28065862270390113.
checkpoint_e32 window_influence: 0.43680633556436899, penalty_k: 0.44232440709328691, scale_lr: 0.60340176274914170, EAO: 0.253
Trial 732 finished with value: 0.2525189598885978 and parameters: {'window_influence': 0.436806335564369, 'penalty_k': 0.4423244070932869, 'scale_lr': 0.6034017627491417}. Best is trial 489 with value: 0.28065862270390113.
checkpoint_e32 window_influence: 0.11151891493966534, penalty_k: 0.15901336502566718, scale_lr: 0.14505923052422559, EAO: 0.238
Trial 733 finished with value: 0.2384928781084898 and parameters: {'window_influence': 0.11151891493966534, 'penalty_k': 0.15901336502566718, 'scale_lr': 0.1450592305242256}. Best is trial 489 with value: 0.28065862270390113.
checkpoint_e32 window_influence: 0.63644490490824901, penalty_k: 0.47309320829967211, scale_lr: 0.73747593291745772, EAO: 0.205
Trial 734 finished with value: 0.20482315746991614 and parameters: {'window_influence': 0.636444904908249, 'penalty_k': 0.4730932082996721, 'scale_lr': 0.7374759329174577}. Best is trial 489 with value: 0.28065862270390113.
checkpoint_e32 window_influence: 0.30742401405093905, penalty_k: 0.33854248804470483, scale_lr: 0.16323116282531741, EAO: 0.260
Trial 735 finished with value: 0.25997184289664754 and parameters: {'window_influence': 0.30742401405093905, 'penalty_k': 0.3385424880447048, 'scale_lr': 0.1632311628253174}. Best is trial 489 with value: 0.28065862270390113.
checkpoint_e32 window_influence: 0.23728474334786323, penalty_k: 0.21678261841881524, scale_lr: 0.62882666557941924, EAO: 0.263
Trial 736 finished with value: 0.2633348114001072 and parameters: {'window_influence': 0.23728474334786323, 'penalty_k': 0.21678261841881524, 'scale_lr': 0.6288266655794192}. Best is trial 489 with value: 0.28065862270390113.
checkpoint_e32 window_influence: 0.34882398029755529, penalty_k: 0.28960487973365967, scale_lr: 0.67556003878232973, EAO: 0.266
Trial 737 finished with value: 0.2660869770054895 and parameters: {'window_influence': 0.3488239802975553, 'penalty_k': 0.28960487973365967, 'scale_lr': 0.6755600387823297}. Best is trial 489 with value: 0.28065862270390113.
checkpoint_e32 window_influence: 0.29497260929040037, penalty_k: 0.32126034289669042, scale_lr: 0.58019984700991778, EAO: 0.259
Trial 738 finished with value: 0.25877844748215945 and parameters: {'window_influence': 0.29497260929040037, 'penalty_k': 0.3212603428966904, 'scale_lr': 0.5801998470099178}. Best is trial 489 with value: 0.28065862270390113.
checkpoint_e32 window_influence: 0.46228142101113989, penalty_k: 0.30820487807874347, scale_lr: 0.38995427453336950, EAO: 0.240
Trial 739 finished with value: 0.239546709368384 and parameters: {'window_influence': 0.4622814210111399, 'penalty_k': 0.30820487807874347, 'scale_lr': 0.3899542745333695}. Best is trial 489 with value: 0.28065862270390113.
checkpoint_e32 window_influence: 0.45493073742233320, penalty_k: 0.48374229250910372, scale_lr: 0.71591390388836540, EAO: 0.246
Trial 740 finished with value: 0.2457560852048843 and parameters: {'window_influence': 0.4549307374223332, 'penalty_k': 0.4837422925091037, 'scale_lr': 0.7159139038883654}. Best is trial 489 with value: 0.28065862270390113.
checkpoint_e32 window_influence: 0.26861263751503522, penalty_k: 0.19978214961721683, scale_lr: 0.76277487520114362, EAO: 0.262
Trial 741 finished with value: 0.2622905248791222 and parameters: {'window_influence': 0.2686126375150352, 'penalty_k': 0.19978214961721683, 'scale_lr': 0.7627748752011436}. Best is trial 489 with value: 0.28065862270390113.
checkpoint_e32 window_influence: 0.32831666370809454, penalty_k: 0.11360405304509033, scale_lr: 0.69542652624799084, EAO: 0.261
Trial 742 finished with value: 0.2605884579139027 and parameters: {'window_influence': 0.32831666370809454, 'penalty_k': 0.11360405304509033, 'scale_lr': 0.6954265262479908}. Best is trial 489 with value: 0.28065862270390113.
checkpoint_e32 window_influence: 0.27905332172763397, penalty_k: 0.01105104435468360, scale_lr: 0.32957402547439207, EAO: 0.257
