Trial 62 finished with value: 0.25747423637204053 and parameters: {'window_influence': 0.4115816251245804, 'penalty_k': 0.4787465912196654, 'scale_lr': 0.49804070994805055}. Best is trial 32 with value: 0.26735266679670755.
checkpoint_e17 window_influence: 0.38179442297815169, penalty_k: 0.52096469450753868, scale_lr: 0.44270205571799381, EAO: 0.256
Trial 63 finished with value: 0.25627133001883823 and parameters: {'window_influence': 0.3817944229781517, 'penalty_k': 0.5209646945075387, 'scale_lr': 0.4427020557179938}. Best is trial 32 with value: 0.26735266679670755.
checkpoint_e17 window_influence: 0.43551520494817486, penalty_k: 0.49095635914977231, scale_lr: 0.42350519489198923, EAO: 0.260
Trial 64 finished with value: 0.26018351389140615 and parameters: {'window_influence': 0.43551520494817486, 'penalty_k': 0.4909563591497723, 'scale_lr': 0.42350519489198923}. Best is trial 32 with value: 0.26735266679670755.
checkpoint_e17 window_influence: 0.39305239490477495, penalty_k: 0.54604449408026390, scale_lr: 0.36831558296592015, EAO: 0.252
Trial 65 finished with value: 0.2523118365343993 and parameters: {'window_influence': 0.39305239490477495, 'penalty_k': 0.5460444940802639, 'scale_lr': 0.36831558296592015}. Best is trial 32 with value: 0.26735266679670755.
checkpoint_e17 window_influence: 0.43941006262073062, penalty_k: 0.57948323993022299, scale_lr: 0.40417251076400890, EAO: 0.263
Trial 66 finished with value: 0.2627160436496502 and parameters: {'window_influence': 0.4394100626207306, 'penalty_k': 0.579483239930223, 'scale_lr': 0.4041725107640089}. Best is trial 32 with value: 0.26735266679670755.
checkpoint_e17 window_influence: 0.44153751409160225, penalty_k: 0.58559504879595048, scale_lr: 0.46340908254758850, EAO: 0.247
Trial 67 finished with value: 0.2471072337007135 and parameters: {'window_influence': 0.44153751409160225, 'penalty_k': 0.5855950487959505, 'scale_lr': 0.4634090825475885}. Best is trial 32 with value: 0.26735266679670755.
checkpoint_e17 window_influence: 0.53685699938898135, penalty_k: 0.57503506033324037, scale_lr: 0.42637311187794386, EAO: 0.236
Trial 68 finished with value: 0.23580905068211439 and parameters: {'window_influence': 0.5368569993889813, 'penalty_k': 0.5750350603332404, 'scale_lr': 0.42637311187794386}. Best is trial 32 with value: 0.26735266679670755.
checkpoint_e17 window_influence: 0.48607961929705168, penalty_k: 0.59822192462447332, scale_lr: 0.40079437957665986, EAO: 0.244
Trial 69 finished with value: 0.24403304521872746 and parameters: {'window_influence': 0.4860796192970517, 'penalty_k': 0.5982219246244733, 'scale_lr': 0.40079437957665986}. Best is trial 32 with value: 0.26735266679670755.
checkpoint_e17 window_influence: 0.46331939056809707, penalty_k: 0.55208883776689222, scale_lr: 0.32198916126804167, EAO: 0.251
Trial 70 finished with value: 0.25149986262970825 and parameters: {'window_influence': 0.46331939056809707, 'penalty_k': 0.5520888377668922, 'scale_lr': 0.32198916126804167}. Best is trial 32 with value: 0.26735266679670755.
checkpoint_e17 window_influence: 0.43681297916024497, penalty_k: 0.49896777724664415, scale_lr: 0.42797266503098191, EAO: 0.241
Trial 71 finished with value: 0.24123420990337202 and parameters: {'window_influence': 0.436812979160245, 'penalty_k': 0.49896777724664415, 'scale_lr': 0.4279726650309819}. Best is trial 32 with value: 0.26735266679670755.
checkpoint_e17 window_influence: 0.36617540063824994, penalty_k: 0.52678349052306694, scale_lr: 0.35096067762303140, EAO: 0.252
Trial 72 finished with value: 0.2524553118803637 and parameters: {'window_influence': 0.36617540063824994, 'penalty_k': 0.5267834905230669, 'scale_lr': 0.3509606776230314}. Best is trial 32 with value: 0.26735266679670755.
checkpoint_e17 window_influence: 0.40040576894178653, penalty_k: 0.55717474448968596, scale_lr: 0.45452191174859385, EAO: 0.245
Trial 73 finished with value: 0.2449944816469177 and parameters: {'window_influence': 0.40040576894178653, 'penalty_k': 0.557174744489686, 'scale_lr': 0.45452191174859385}. Best is trial 32 with value: 0.26735266679670755.
checkpoint_e17 window_influence: 0.41845066020255411, penalty_k: 0.48869780606223662, scale_lr: 0.38436526470283622, EAO: 0.244
Trial 74 finished with value: 0.244486481375326 and parameters: {'window_influence': 0.4184506602025541, 'penalty_k': 0.4886978060622366, 'scale_lr': 0.3843652647028362}. Best is trial 32 with value: 0.26735266679670755.
checkpoint_e17 window_influence: 0.45375292759209357, penalty_k: 0.51205234198199556, scale_lr: 0.41315090851684344, EAO: 0.258
Trial 75 finished with value: 0.2581424772497115 and parameters: {'window_influence': 0.45375292759209357, 'penalty_k': 0.5120523419819956, 'scale_lr': 0.41315090851684344}. Best is trial 32 with value: 0.26735266679670755.
checkpoint_e17 window_influence: 0.37986275533405583, penalty_k: 0.43899985355420335, scale_lr: 0.37664757879093341, EAO: 0.253
Trial 76 finished with value: 0.2534036575778713 and parameters: {'window_influence': 0.37986275533405583, 'penalty_k': 0.43899985355420335, 'scale_lr': 0.3766475787909334}. Best is trial 32 with value: 0.26735266679670755.
checkpoint_e17 window_influence: 0.43323976343579174, penalty_k: 0.45990631119448561, scale_lr: 0.34851690825222681, EAO: 0.255
Trial 77 finished with value: 0.2549693766769355 and parameters: {'window_influence': 0.43323976343579174, 'penalty_k': 0.4599063111944856, 'scale_lr': 0.3485169082522268}. Best is trial 32 with value: 0.26735266679670755.
checkpoint_e17 window_influence: 0.48355948586305281, penalty_k: 0.57176489382729900, scale_lr: 0.39836283642691128, EAO: 0.248
Trial 78 finished with value: 0.24757350539046574 and parameters: {'window_influence': 0.4835594858630528, 'penalty_k': 0.571764893827299, 'scale_lr': 0.3983628364269113}. Best is trial 32 with value: 0.26735266679670755.
checkpoint_e17 window_influence: 0.40188226077155415, penalty_k: 0.53986681387662938, scale_lr: 0.43543590111863018, EAO: 0.255
Trial 79 finished with value: 0.25466516589730737 and parameters: {'window_influence': 0.40188226077155415, 'penalty_k': 0.5398668138766294, 'scale_lr': 0.4354359011186302}. Best is trial 32 with value: 0.26735266679670755.
checkpoint_e17 window_influence: 0.46377867639268622, penalty_k: 0.51453762620847798, scale_lr: 0.46916439142163224, EAO: 0.260
Trial 80 finished with value: 0.25975105838804713 and parameters: {'window_influence': 0.4637786763926862, 'penalty_k': 0.514537626208478, 'scale_lr': 0.46916439142163224}. Best is trial 32 with value: 0.26735266679670755.
checkpoint_e17 window_influence: 0.41523276340326243, penalty_k: 0.49366928124721665, scale_lr: 0.50932796784829304, EAO: 0.253
Trial 81 finished with value: 0.2526997536178527 and parameters: {'window_influence': 0.41523276340326243, 'penalty_k': 0.49366928124721665, 'scale_lr': 0.509327967848293}. Best is trial 32 with value: 0.26735266679670755.
checkpoint_e17 window_influence: 0.42037662186600333, penalty_k: 0.46698061179235689, scale_lr: 0.48936628129302823, EAO: 0.244
Trial 82 finished with value: 0.2438687480440954 and parameters: {'window_influence': 0.42037662186600333, 'penalty_k': 0.4669806117923569, 'scale_lr': 0.4893662812930282}. Best is trial 32 with value: 0.26735266679670755.
checkpoint_e17 window_influence: 0.37520473270460558, penalty_k: 0.42373742830523142, scale_lr: 0.45049328400417105, EAO: 0.254
Trial 83 finished with value: 0.2544916421175003 and parameters: {'window_influence': 0.3752047327046056, 'penalty_k': 0.4237374283052314, 'scale_lr': 0.45049328400417105}. Best is trial 32 with value: 0.26735266679670755.
checkpoint_e17 window_influence: 0.44042262935754162, penalty_k: 0.44963861437322022, scale_lr: 0.41542107300023212, EAO: 0.260
Trial 84 finished with value: 0.25988405512842705 and parameters: {'window_influence': 0.4404226293575416, 'penalty_k': 0.4496386143732202, 'scale_lr': 0.4154210730002321}. Best is trial 32 with value: 0.26735266679670755.
checkpoint_e17 window_influence: 0.39450009801044567, penalty_k: 0.48905787628712283, scale_lr: 0.40544937318967161, EAO: 0.248
Trial 85 finished with value: 0.24825238460690024 and parameters: {'window_influence': 0.39450009801044567, 'penalty_k': 0.48905787628712283, 'scale_lr': 0.4054493731896716}. Best is trial 32 with value: 0.26735266679670755.
checkpoint_e17 window_influence: 0.35723426969751476, penalty_k: 0.52648717023814484, scale_lr: 0.47745174364730336, EAO: 0.255
Trial 86 finished with value: 0.2551763653755188 and parameters: {'window_influence': 0.35723426969751476, 'penalty_k': 0.5264871702381448, 'scale_lr': 0.47745174364730336}. Best is trial 32 with value: 0.26735266679670755.
checkpoint_e17 window_influence: 0.32499766483838155, penalty_k: 0.56088692523878381, scale_lr: 0.43838443777895281, EAO: 0.244
Trial 87 finished with value: 0.24363694618630216 and parameters: {'window_influence': 0.32499766483838155, 'penalty_k': 0.5608869252387838, 'scale_lr': 0.4383844377789528}. Best is trial 32 with value: 0.26735266679670755.
checkpoint_e17 window_influence: 0.38753084471949339, penalty_k: 0.58581050075816499, scale_lr: 0.53771715105664264, EAO: 0.253
Trial 88 finished with value: 0.2530030270780974 and parameters: {'window_influence': 0.3875308447194934, 'penalty_k': 0.585810500758165, 'scale_lr': 0.5377171510566426}. Best is trial 32 with value: 0.26735266679670755.
checkpoint_e17 window_influence: 0.42686103138154896, penalty_k: 0.53706430281600737, scale_lr: 0.51460635822418233, EAO: 0.254
Trial 89 finished with value: 0.25417026053599223 and parameters: {'window_influence': 0.42686103138154896, 'penalty_k': 0.5370643028160074, 'scale_lr': 0.5146063582241823}. Best is trial 32 with value: 0.26735266679670755.
checkpoint_e17 window_influence: 0.34434813847097329, penalty_k: 0.47818112529695772, scale_lr: 0.36297413015809937, EAO: 0.256
Trial 90 finished with value: 0.25570033272592035 and parameters: {'window_influence': 0.3443481384709733, 'penalty_k': 0.4781811252969577, 'scale_lr': 0.3629741301580994}. Best is trial 32 with value: 0.26735266679670755.
checkpoint_e17 window_influence: 0.44335671736743937, penalty_k: 0.44790857465412770, scale_lr: 0.41260579650543067, EAO: 0.259
Trial 91 finished with value: 0.259320636893191 and parameters: {'window_influence': 0.44335671736743937, 'penalty_k': 0.4479085746541277, 'scale_lr': 0.41260579650543067}. Best is trial 32 with value: 0.26735266679670755.
checkpoint_e17 window_influence: 0.40544319657764938, penalty_k: 0.45537957149233660, scale_lr: 0.38672634029581171, EAO: 0.266
Trial 92 finished with value: 0.2659596132069099 and parameters: {'window_influence': 0.4054431965776494, 'penalty_k': 0.4553795714923366, 'scale_lr': 0.3867263402958117}. Best is trial 32 with value: 0.26735266679670755.
checkpoint_e17 window_influence: 0.40657707054602571, penalty_k: 0.41836461991958868, scale_lr: 0.38756735099504430, EAO: 0.255
Trial 93 finished with value: 0.2548744255692009 and parameters: {'window_influence': 0.4065770705460257, 'penalty_k': 0.4183646199195887, 'scale_lr': 0.3875673509950443}. Best is trial 32 with value: 0.26735266679670755.
checkpoint_e17 window_influence: 0.36754566537261074, penalty_k: 0.50526303540527451, scale_lr: 0.46018702764873332, EAO: 0.257
Trial 94 finished with value: 0.25718249416932826 and parameters: {'window_influence': 0.36754566537261074, 'penalty_k': 0.5052630354052745, 'scale_lr': 0.4601870276487333}. Best is trial 32 with value: 0.26735266679670755.
checkpoint_e17 window_influence: 0.41324716684316121, penalty_k: 0.40220087288776185, scale_lr: 0.37291857489368929, EAO: 0.252
Trial 95 finished with value: 0.2523824949332369 and parameters: {'window_influence': 0.4132471668431612, 'penalty_k': 0.40220087288776185, 'scale_lr': 0.3729185748936893}. Best is trial 32 with value: 0.26735266679670755.
checkpoint_e17 window_influence: 0.38232018959595443, penalty_k: 0.46265916081166381, scale_lr: 0.43582263766816698, EAO: 0.259
Trial 96 finished with value: 0.2588818288309787 and parameters: {'window_influence': 0.38232018959595443, 'penalty_k': 0.4626591608116638, 'scale_lr': 0.435822637668167}. Best is trial 32 with value: 0.26735266679670755.
checkpoint_e17 window_influence: 0.46702397884667052, penalty_k: 0.43871132043472510, scale_lr: 0.35533654491986244, EAO: 0.251
Trial 97 finished with value: 0.2512784102341024 and parameters: {'window_influence': 0.4670239788466705, 'penalty_k': 0.4387113204347251, 'scale_lr': 0.35533654491986244}. Best is trial 32 with value: 0.26735266679670755.
checkpoint_e17 window_influence: 0.43250990576901266, penalty_k: 0.48855152498681376, scale_lr: 0.33522327041192596, EAO: 0.260
Trial 98 finished with value: 0.25988414435367274 and parameters: {'window_influence': 0.43250990576901266, 'penalty_k': 0.48855152498681376, 'scale_lr': 0.33522327041192596}. Best is trial 32 with value: 0.26735266679670755.
checkpoint_e17 window_influence: 0.35518610334092443, penalty_k: 0.56220740015503323, scale_lr: 0.39174101215572404, EAO: 0.247
Trial 99 finished with value: 0.24732244172231937 and parameters: {'window_influence': 0.35518610334092443, 'penalty_k': 0.5622074001550332, 'scale_lr': 0.39174101215572404}. Best is trial 32 with value: 0.26735266679670755.
checkpoint_e17 window_influence: 0.45233641176388895, penalty_k: 0.47421829584361835, scale_lr: 0.48102227575618262, EAO: 0.261
Trial 100 finished with value: 0.26081758077309386 and parameters: {'window_influence': 0.45233641176388895, 'penalty_k': 0.47421829584361835, 'scale_lr': 0.4810222757561826}. Best is trial 32 with value: 0.26735266679670755.
checkpoint_e17 window_influence: 0.44938847488662442, penalty_k: 0.46478435873651569, scale_lr: 0.49875337207739689, EAO: 0.258
Trial 101 finished with value: 0.257993977728898 and parameters: {'window_influence': 0.4493884748866244, 'penalty_k': 0.4647843587365157, 'scale_lr': 0.4987533720773969}. Best is trial 32 with value: 0.26735266679670755.
checkpoint_e17 window_influence: 0.39451120028834452, penalty_k: 0.51342562767369071, scale_lr: 0.46663712357128878, EAO: 0.261
Trial 102 finished with value: 0.2612451294331047 and parameters: {'window_influence': 0.3945112002883445, 'penalty_k': 0.5134256276736907, 'scale_lr': 0.4666371235712888}. Best is trial 32 with value: 0.26735266679670755.
checkpoint_e17 window_influence: 0.39523368423194366, penalty_k: 0.51842241440014603, scale_lr: 0.42495784607010711, EAO: 0.254
Trial 103 finished with value: 0.25359920266924835 and parameters: {'window_influence': 0.39523368423194366, 'penalty_k': 0.518422414400146, 'scale_lr': 0.4249578460701071}. Best is trial 32 with value: 0.26735266679670755.
checkpoint_e17 window_influence: 0.37389286239937852, penalty_k: 0.54778552731499797, scale_lr: 0.44538610140882651, EAO: 0.256
Trial 104 finished with value: 0.2555773889388495 and parameters: {'window_influence': 0.3738928623993785, 'penalty_k': 0.547785527314998, 'scale_lr': 0.4453861014088265}. Best is trial 32 with value: 0.26735266679670755.
checkpoint_e17 window_influence: 0.40573165066425809, penalty_k: 0.50495177752153986, scale_lr: 0.46322997231614710, EAO: 0.258
Trial 105 finished with value: 0.258306273357655 and parameters: {'window_influence': 0.4057316506642581, 'penalty_k': 0.5049517775215399, 'scale_lr': 0.4632299723161471}. Best is trial 32 with value: 0.26735266679670755.
checkpoint_e17 window_influence: 0.43011481633681004, penalty_k: 0.52688306869137813, scale_lr: 0.47988594203761603, EAO: 0.254
Trial 106 finished with value: 0.25436777046056297 and parameters: {'window_influence': 0.43011481633681004, 'penalty_k': 0.5268830686913781, 'scale_lr': 0.47988594203761603}. Best is trial 32 with value: 0.26735266679670755.
checkpoint_e17 window_influence: 0.45754204613947014, penalty_k: 0.58014397011873464, scale_lr: 0.40762572396990771, EAO: 0.250
Trial 107 finished with value: 0.2503426297287631 and parameters: {'window_influence': 0.45754204613947014, 'penalty_k': 0.5801439701187346, 'scale_lr': 0.4076257239699077}. Best is trial 32 with value: 0.26735266679670755.
checkpoint_e17 window_influence: 0.38728796074251848, penalty_k: 0.53877394842274851, scale_lr: 0.37420217285326424, EAO: 0.250
Trial 108 finished with value: 0.24999666462341943 and parameters: {'window_influence': 0.3872879607425185, 'penalty_k': 0.5387739484227485, 'scale_lr': 0.37420217285326424}. Best is trial 32 with value: 0.26735266679670755.
checkpoint_e17 window_influence: 0.36129266055017129, penalty_k: 0.56406955179946028, scale_lr: 0.42794381260597725, EAO: 0.253
Trial 109 finished with value: 0.25298508232444283 and parameters: {'window_influence': 0.3612926605501713, 'penalty_k': 0.5640695517994603, 'scale_lr': 0.42794381260597725}. Best is trial 32 with value: 0.26735266679670755.
checkpoint_e17 window_influence: 0.47432006626747841, penalty_k: 0.49478991383817061, scale_lr: 0.40170241036370974, EAO: 0.257
Trial 110 finished with value: 0.2572352882565522 and parameters: {'window_influence': 0.4743200662674784, 'penalty_k': 0.4947899138381706, 'scale_lr': 0.40170241036370974}. Best is trial 32 with value: 0.26735266679670755.
checkpoint_e17 window_influence: 0.41663432559793834, penalty_k: 0.48007432930224836, scale_lr: 0.45262060846288832, EAO: 0.250
Trial 111 finished with value: 0.25015099370867255 and parameters: {'window_influence': 0.41663432559793834, 'penalty_k': 0.48007432930224836, 'scale_lr': 0.4526206084628883}. Best is trial 32 with value: 0.26735266679670755.
checkpoint_e17 window_influence: 0.44703420596300292, penalty_k: 0.45467015023805618, scale_lr: 0.48805110492287296, EAO: 0.257
Trial 112 finished with value: 0.25663909473554875 and parameters: {'window_influence': 0.4470342059630029, 'penalty_k': 0.4546701502380562, 'scale_lr': 0.48805110492287296}. Best is trial 32 with value: 0.26735266679670755.
checkpoint_e17 window_influence: 0.42159358517135842, penalty_k: 0.46880794107465129, scale_lr: 0.50510620996614486, EAO: 0.255
Trial 113 finished with value: 0.2551243799488719 and parameters: {'window_influence': 0.4215935851713584, 'penalty_k': 0.4688079410746513, 'scale_lr': 0.5051062099661449}. Best is trial 32 with value: 0.26735266679670755.
checkpoint_e17 window_influence: 0.40144833294197085, penalty_k: 0.44220177902289681, scale_lr: 0.46802270856055939, EAO: 0.253
Trial 114 finished with value: 0.2528385378238631 and parameters: {'window_influence': 0.40144833294197085, 'penalty_k': 0.4422017790228968, 'scale_lr': 0.4680227085605594}. Best is trial 32 with value: 0.26735266679670755.
checkpoint_e17 window_influence: 0.43852147334689612, penalty_k: 0.51096232117967977, scale_lr: 0.41866449846268194, EAO: 0.257
Trial 115 finished with value: 0.2566470145210018 and parameters: {'window_influence': 0.4385214733468961, 'penalty_k': 0.5109623211796798, 'scale_lr': 0.41866449846268194}. Best is trial 32 with value: 0.26735266679670755.
checkpoint_e17 window_influence: 0.39082705000610485, penalty_k: 0.48708418055226893, scale_lr: 0.52710695520684048, EAO: 0.259
Trial 116 finished with value: 0.25853555970560244 and parameters: {'window_influence': 0.39082705000610485, 'penalty_k': 0.48708418055226893, 'scale_lr': 0.5271069552068405}. Best is trial 32 with value: 0.26735266679670755.
checkpoint_e17 window_influence: 0.37723845420575941, penalty_k: 0.43193974990554090, scale_lr: 0.56670852422595330, EAO: 0.259
Trial 117 finished with value: 0.2593217956704822 and parameters: {'window_influence': 0.3772384542057594, 'penalty_k': 0.4319397499055409, 'scale_lr': 0.5667085242259533}. Best is trial 32 with value: 0.26735266679670755.
checkpoint_e17 window_influence: 0.42181832374091033, penalty_k: 0.48073334173137638, scale_lr: 0.44193154583238281, EAO: 0.247
Trial 118 finished with value: 0.2466343506201496 and parameters: {'window_influence': 0.42181832374091033, 'penalty_k': 0.4807333417313764, 'scale_lr': 0.4419315458323828}. Best is trial 32 with value: 0.26735266679670755.
checkpoint_e17 window_influence: 0.45790647303649801, penalty_k: 0.59404479800604770, scale_lr: 0.47658043741022288, EAO: 0.259
Trial 119 finished with value: 0.2587245461659703 and parameters: {'window_influence': 0.457906473036498, 'penalty_k': 0.5940447980060477, 'scale_lr': 0.4765804374102229}. Best is trial 32 with value: 0.26735266679670755.
checkpoint_e17 window_influence: 0.40987684742970854, penalty_k: 0.49964339810548597, scale_lr: 0.38851574053537341, EAO: 0.254
Trial 120 finished with value: 0.2540880510719811 and parameters: {'window_influence': 0.40987684742970854, 'penalty_k': 0.49964339810548597, 'scale_lr': 0.3885157405353734}. Best is trial 32 with value: 0.26735266679670755.
checkpoint_e17 window_influence: 0.42738986480519264, penalty_k: 0.47331822460029249, scale_lr: 0.34671307321308137, EAO: 0.256
Trial 121 finished with value: 0.2562403369361792 and parameters: {'window_influence': 0.42738986480519264, 'penalty_k': 0.4733182246002925, 'scale_lr': 0.34671307321308137}. Best is trial 32 with value: 0.26735266679670755.
checkpoint_e17 window_influence: 0.43051585221304245, penalty_k: 0.48902376661840852, scale_lr: 0.31655294208845214, EAO: 0.253
Trial 122 finished with value: 0.25317554109222523 and parameters: {'window_influence': 0.43051585221304245, 'penalty_k': 0.4890237666184085, 'scale_lr': 0.31655294208845214}. Best is trial 32 with value: 0.26735266679670755.
checkpoint_e17 window_influence: 0.44017546577400984, penalty_k: 0.45302603904696909, scale_lr: 0.33675583421267019, EAO: 0.244
Trial 123 finished with value: 0.24356813110956332 and parameters: {'window_influence': 0.44017546577400984, 'penalty_k': 0.4530260390469691, 'scale_lr': 0.3367558342126702}. Best is trial 32 with value: 0.26735266679670755.
checkpoint_e17 window_influence: 0.40238080943486737, penalty_k: 0.51808578940530570, scale_lr: 0.36246817197322623, EAO: 0.249
