Trial 868 finished with value: 0.2507852948293453 and parameters: {'window_influence': 0.24599422228340567, 'penalty_k': 0.5438063530929937, 'scale_lr': 0.6586743865579248}. Best is trial 431 with value: 0.29227477542268554.
checkpoint_e34 window_influence: 0.60890303608287455, penalty_k: 0.33481232352903711, scale_lr: 0.72310934932763526, EAO: 0.217
Trial 869 finished with value: 0.2170588748484123 and parameters: {'window_influence': 0.6089030360828745, 'penalty_k': 0.3348123235290371, 'scale_lr': 0.7231093493276353}. Best is trial 431 with value: 0.29227477542268554.
checkpoint_e34 window_influence: 0.26070166002267914, penalty_k: 0.43720159913659978, scale_lr: 0.54020191882459034, EAO: 0.248
Trial 870 finished with value: 0.24780203698854136 and parameters: {'window_influence': 0.26070166002267914, 'penalty_k': 0.4372015991365998, 'scale_lr': 0.5402019188245903}. Best is trial 431 with value: 0.29227477542268554.
checkpoint_e34 window_influence: 0.17501800553235541, penalty_k: 0.20821469009882651, scale_lr: 0.69959002279227211, EAO: 0.258
Trial 871 finished with value: 0.25778462695397014 and parameters: {'window_influence': 0.17501800553235541, 'penalty_k': 0.2082146900988265, 'scale_lr': 0.6995900227922721}. Best is trial 431 with value: 0.29227477542268554.
checkpoint_e34 window_influence: 0.28922327608319665, penalty_k: 0.31864982235905637, scale_lr: 0.20472715709174238, EAO: 0.254
Trial 872 finished with value: 0.254204380076106 and parameters: {'window_influence': 0.28922327608319665, 'penalty_k': 0.31864982235905637, 'scale_lr': 0.20472715709174238}. Best is trial 431 with value: 0.29227477542268554.
checkpoint_e34 window_influence: 0.11200114332478867, penalty_k: 0.25411119829492546, scale_lr: 0.61521707628690847, EAO: 0.238
Trial 873 finished with value: 0.23787557685036 and parameters: {'window_influence': 0.11200114332478867, 'penalty_k': 0.25411119829492546, 'scale_lr': 0.6152170762869085}. Best is trial 431 with value: 0.29227477542268554.
checkpoint_e34 window_influence: 0.27711033639981320, penalty_k: 0.41203345195643287, scale_lr: 0.51766655508126980, EAO: 0.247
Trial 874 finished with value: 0.24684085066967865 and parameters: {'window_influence': 0.2771103363998132, 'penalty_k': 0.4120334519564329, 'scale_lr': 0.5176665550812698}. Best is trial 431 with value: 0.29227477542268554.
checkpoint_e34 window_influence: 0.27094751390617289, penalty_k: 0.01632982678735621, scale_lr: 0.17060900694131848, EAO: 0.256
Trial 875 finished with value: 0.25617613213333656 and parameters: {'window_influence': 0.2709475139061729, 'penalty_k': 0.016329826787356214, 'scale_lr': 0.17060900694131848}. Best is trial 431 with value: 0.29227477542268554.
checkpoint_e34 window_influence: 0.47040178290828971, penalty_k: 0.48155334925755577, scale_lr: 0.57057552030628067, EAO: 0.240
Trial 876 finished with value: 0.239888272513219 and parameters: {'window_influence': 0.4704017829082897, 'penalty_k': 0.4815533492575558, 'scale_lr': 0.5705755203062807}. Best is trial 431 with value: 0.29227477542268554.
checkpoint_e34 window_influence: 0.29118330829437489, penalty_k: 0.22641493526440931, scale_lr: 0.12068490830611367, EAO: 0.261
Trial 877 finished with value: 0.26067481529179626 and parameters: {'window_influence': 0.2911833082943749, 'penalty_k': 0.2264149352644093, 'scale_lr': 0.12068490830611367}. Best is trial 431 with value: 0.29227477542268554.
checkpoint_e34 window_influence: 0.22476054512983298, penalty_k: 0.14415372710531502, scale_lr: 0.21949274679679981, EAO: 0.245
Trial 878 finished with value: 0.24481975105477544 and parameters: {'window_influence': 0.22476054512983298, 'penalty_k': 0.14415372710531502, 'scale_lr': 0.2194927467967998}. Best is trial 431 with value: 0.29227477542268554.
checkpoint_e34 window_influence: 0.42490854964812497, penalty_k: 0.49406102828663578, scale_lr: 0.78649684111853968, EAO: 0.244
Trial 879 finished with value: 0.24432071340762504 and parameters: {'window_influence': 0.42490854964812497, 'penalty_k': 0.4940610282866358, 'scale_lr': 0.7864968411185397}. Best is trial 431 with value: 0.29227477542268554.
checkpoint_e34 window_influence: 0.54242399887487958, penalty_k: 0.18927260697443479, scale_lr: 0.14010998315085232, EAO: 0.235
Trial 880 finished with value: 0.23484605708257938 and parameters: {'window_influence': 0.5424239988748796, 'penalty_k': 0.1892726069744348, 'scale_lr': 0.14010998315085232}. Best is trial 431 with value: 0.29227477542268554.
checkpoint_e34 window_influence: 0.25274323349024486, penalty_k: 0.03414132274490304, scale_lr: 0.67525419943839604, EAO: 0.253
Trial 881 finished with value: 0.2533362123176334 and parameters: {'window_influence': 0.25274323349024486, 'penalty_k': 0.03414132274490304, 'scale_lr': 0.675254199438396}. Best is trial 431 with value: 0.29227477542268554.
checkpoint_e34 window_influence: 0.29785547157464876, penalty_k: 0.24127771061355024, scale_lr: 0.42299068192082157, EAO: 0.271
Trial 882 finished with value: 0.2711300994685995 and parameters: {'window_influence': 0.29785547157464876, 'penalty_k': 0.24127771061355024, 'scale_lr': 0.42299068192082157}. Best is trial 431 with value: 0.29227477542268554.
checkpoint_e34 window_influence: 0.45697564081615394, penalty_k: 0.08737859045512075, scale_lr: 0.35742978754949883, EAO: 0.245
Trial 883 finished with value: 0.24456015762274827 and parameters: {'window_influence': 0.45697564081615394, 'penalty_k': 0.08737859045512075, 'scale_lr': 0.35742978754949883}. Best is trial 431 with value: 0.29227477542268554.
checkpoint_e34 window_influence: 0.56351113999769542, penalty_k: 0.29445660847171440, scale_lr: 0.10166104713624979, EAO: 0.237
Trial 884 finished with value: 0.2370109115916539 and parameters: {'window_influence': 0.5635111399976954, 'penalty_k': 0.2944566084717144, 'scale_lr': 0.1016610471362498}. Best is trial 431 with value: 0.29227477542268554.
checkpoint_e34 window_influence: 0.49728354645417927, penalty_k: 0.21725712590377474, scale_lr: 0.49818337608377200, EAO: 0.249
Trial 885 finished with value: 0.24851128325714328 and parameters: {'window_influence': 0.49728354645417927, 'penalty_k': 0.21725712590377474, 'scale_lr': 0.498183376083772}. Best is trial 431 with value: 0.29227477542268554.
checkpoint_e34 window_influence: 0.62417190792057475, penalty_k: 0.27085133207611090, scale_lr: 0.68798423435977740, EAO: 0.219
Trial 886 finished with value: 0.21896202202008022 and parameters: {'window_influence': 0.6241719079205748, 'penalty_k': 0.2708513320761109, 'scale_lr': 0.6879842343597774}. Best is trial 431 with value: 0.29227477542268554.
checkpoint_e34 window_influence: 0.38754920656165404, penalty_k: 0.45174937019777722, scale_lr: 0.25334435549111345, EAO: 0.246
Trial 887 finished with value: 0.24572515009137674 and parameters: {'window_influence': 0.38754920656165404, 'penalty_k': 0.4517493701977772, 'scale_lr': 0.25334435549111345}. Best is trial 431 with value: 0.29227477542268554.
checkpoint_e34 window_influence: 0.14369875578543867, penalty_k: 0.45511022038138371, scale_lr: 0.39250742610684475, EAO: 0.232
Trial 888 finished with value: 0.2317383322047024 and parameters: {'window_influence': 0.14369875578543867, 'penalty_k': 0.4551102203813837, 'scale_lr': 0.39250742610684475}. Best is trial 431 with value: 0.29227477542268554.
checkpoint_e34 window_influence: 0.40589214053433437, penalty_k: 0.20352280926250521, scale_lr: 0.63002076197471168, EAO: 0.247
Trial 889 finished with value: 0.24653188853971358 and parameters: {'window_influence': 0.40589214053433437, 'penalty_k': 0.2035228092625052, 'scale_lr': 0.6300207619747117}. Best is trial 431 with value: 0.29227477542268554.
checkpoint_e34 window_influence: 0.26350554914260860, penalty_k: 0.39005335883845454, scale_lr: 0.19461218928894619, EAO: 0.250
Trial 890 finished with value: 0.24950562932384693 and parameters: {'window_influence': 0.2635055491426086, 'penalty_k': 0.39005335883845454, 'scale_lr': 0.1946121892889462}. Best is trial 431 with value: 0.29227477542268554.
checkpoint_e34 window_influence: 0.44590465397459256, penalty_k: 0.17726271522423151, scale_lr: 0.55836095453780454, EAO: 0.255
Trial 891 finished with value: 0.25537925910174364 and parameters: {'window_influence': 0.44590465397459256, 'penalty_k': 0.1772627152242315, 'scale_lr': 0.5583609545378045}. Best is trial 431 with value: 0.29227477542268554.
checkpoint_e34 window_influence: 0.48603566218582983, penalty_k: 0.15536204708394866, scale_lr: 0.53306424980607670, EAO: 0.256
Trial 892 finished with value: 0.2557073869114 and parameters: {'window_influence': 0.48603566218582983, 'penalty_k': 0.15536204708394866, 'scale_lr': 0.5330642498060767}. Best is trial 431 with value: 0.29227477542268554.
checkpoint_e34 window_influence: 0.11142787712579433, penalty_k: 0.22864224927306817, scale_lr: 0.74149933442728755, EAO: 0.231
Trial 893 finished with value: 0.2305643940117301 and parameters: {'window_influence': 0.11142787712579433, 'penalty_k': 0.22864224927306817, 'scale_lr': 0.7414993344272875}. Best is trial 431 with value: 0.29227477542268554.
checkpoint_e34 window_influence: 0.55254663315715136, penalty_k: 0.19528822236095286, scale_lr: 0.64281752138922943, EAO: 0.242
Trial 894 finished with value: 0.24222747642334883 and parameters: {'window_influence': 0.5525466331571514, 'penalty_k': 0.19528822236095286, 'scale_lr': 0.6428175213892294}. Best is trial 431 with value: 0.29227477542268554.
checkpoint_e34 window_influence: 0.28645132721597971, penalty_k: 0.50657910482950663, scale_lr: 0.21368085659592093, EAO: 0.250
Trial 895 finished with value: 0.2502288580909977 and parameters: {'window_influence': 0.2864513272159797, 'penalty_k': 0.5065791048295066, 'scale_lr': 0.21368085659592093}. Best is trial 431 with value: 0.29227477542268554.
checkpoint_e34 window_influence: 0.07477066090479811, penalty_k: 0.24344867822031255, scale_lr: 0.51147385311691407, EAO: 0.240
Trial 896 finished with value: 0.23994402005905058 and parameters: {'window_influence': 0.07477066090479811, 'penalty_k': 0.24344867822031255, 'scale_lr': 0.5114738531169141}. Best is trial 431 with value: 0.29227477542268554.
checkpoint_e34 window_influence: 0.23796457027336759, penalty_k: 0.21453803536853147, scale_lr: 0.77139237092601698, EAO: 0.263
Trial 897 finished with value: 0.2627261141087951 and parameters: {'window_influence': 0.2379645702733676, 'penalty_k': 0.21453803536853147, 'scale_lr': 0.771392370926017}. Best is trial 431 with value: 0.29227477542268554.
checkpoint_e34 window_influence: 0.37337356294771301, penalty_k: 0.26282832730531058, scale_lr: 0.17239054708758977, EAO: 0.272
Trial 898 finished with value: 0.2717210951495946 and parameters: {'window_influence': 0.373373562947713, 'penalty_k': 0.2628283273053106, 'scale_lr': 0.17239054708758977}. Best is trial 431 with value: 0.29227477542268554.
Trial 899 failed with parameters: {'window_influence': 0.30086210278010633, 'penalty_k': 0.16906795647019282, 'scale_lr': 0.46767772080273945} because of the following error: KeyboardInterrupt().
Traceback (most recent call last):
  File "/home/n26092289/anaconda3/envs/my_siamban/lib/python3.7/site-packages/optuna/study/_optimize.py", line 200, in _run_trial
    value_or_values = func(trial)
  File "../../tools/tune.py", line 269, in objective
    outputs = tracker.track(img)
  File "../../tools/tune.py", line 127, in track
    score = self._convert_score(outputs['cls'])
  File "../../tools/tune.py", line 75, in _convert_score
    score = score.softmax(1).detach()[:, 1].cpu().numpy()
KeyboardInterrupt
Trial 899 failed with value None.
