Trial 1785 finished with value: 0.25562576343858145 and parameters: {'window_influence': 0.4646552660143797, 'penalty_k': 0.11215583426453393, 'scale_lr': 0.44281796371520044}. Best is trial 1594 with value: 0.29992623191054274.
checkpoint_e32 window_influence: 0.07525470993379213, penalty_k: 0.17485141507353319, scale_lr: 0.15230050989731195, EAO: 0.235
Trial 1786 finished with value: 0.23450113839007974 and parameters: {'window_influence': 0.07525470993379213, 'penalty_k': 0.1748514150735332, 'scale_lr': 0.15230050989731195}. Best is trial 1594 with value: 0.29992623191054274.
checkpoint_e32 window_influence: 0.45052727835695916, penalty_k: 0.09846577989289901, scale_lr: 0.72653122932722680, EAO: 0.256
Trial 1787 finished with value: 0.2562324584620755 and parameters: {'window_influence': 0.45052727835695916, 'penalty_k': 0.09846577989289901, 'scale_lr': 0.7265312293272268}. Best is trial 1594 with value: 0.29992623191054274.
checkpoint_e32 window_influence: 0.19236884833314780, penalty_k: 0.15547792981159567, scale_lr: 0.78119327183987908, EAO: 0.255
Trial 1788 finished with value: 0.255115822018162 and parameters: {'window_influence': 0.1923688483331478, 'penalty_k': 0.15547792981159567, 'scale_lr': 0.7811932718398791}. Best is trial 1594 with value: 0.29992623191054274.
checkpoint_e32 window_influence: 0.42718500215867156, penalty_k: 0.12156537134146377, scale_lr: 0.37299225818067444, EAO: 0.261
Trial 1789 finished with value: 0.2609094252915886 and parameters: {'window_influence': 0.42718500215867156, 'penalty_k': 0.12156537134146377, 'scale_lr': 0.37299225818067444}. Best is trial 1594 with value: 0.29992623191054274.
checkpoint_e32 window_influence: 0.43192952094707238, penalty_k: 0.14062658644734269, scale_lr: 0.39728665117093853, EAO: 0.261
Trial 1790 finished with value: 0.2606911244915753 and parameters: {'window_influence': 0.4319295209470724, 'penalty_k': 0.1406265864473427, 'scale_lr': 0.39728665117093853}. Best is trial 1594 with value: 0.29992623191054274.
checkpoint_e32 window_influence: 0.09848678826288282, penalty_k: 0.20201532273640826, scale_lr: 0.11237389092479709, EAO: 0.233
Trial 1791 finished with value: 0.23298549633927462 and parameters: {'window_influence': 0.09848678826288282, 'penalty_k': 0.20201532273640826, 'scale_lr': 0.11237389092479709}. Best is trial 1594 with value: 0.29992623191054274.
checkpoint_e32 window_influence: 0.35741336072589580, penalty_k: 0.18816438515723355, scale_lr: 0.10009996449637323, EAO: 0.274
Trial 1792 finished with value: 0.2742119888828053 and parameters: {'window_influence': 0.3574133607258958, 'penalty_k': 0.18816438515723355, 'scale_lr': 0.10009996449637323}. Best is trial 1594 with value: 0.29992623191054274.
checkpoint_e32 window_influence: 0.42186507099570336, penalty_k: 0.16756036614175812, scale_lr: 0.12297982309563701, EAO: 0.264
Trial 1793 finished with value: 0.26415262431875475 and parameters: {'window_influence': 0.42186507099570336, 'penalty_k': 0.16756036614175812, 'scale_lr': 0.12297982309563701}. Best is trial 1594 with value: 0.29992623191054274.
checkpoint_e32 window_influence: 0.16042966731788147, penalty_k: 0.15148396851650539, scale_lr: 0.69404474671608229, EAO: 0.253
Trial 1794 finished with value: 0.2527553926153881 and parameters: {'window_influence': 0.16042966731788147, 'penalty_k': 0.1514839685165054, 'scale_lr': 0.6940447467160823}. Best is trial 1594 with value: 0.29992623191054274.
checkpoint_e32 window_influence: 0.34915964717294828, penalty_k: 0.13181159215350538, scale_lr: 0.75764038327326344, EAO: 0.256
Trial 1795 finished with value: 0.2555517260500086 and parameters: {'window_influence': 0.3491596471729483, 'penalty_k': 0.13181159215350538, 'scale_lr': 0.7576403832732634}. Best is trial 1594 with value: 0.29992623191054274.
checkpoint_e32 window_influence: 0.22512863422727697, penalty_k: 0.06770083342515124, scale_lr: 0.13888782367317873, EAO: 0.250
Trial 1796 finished with value: 0.25012471787328644 and parameters: {'window_influence': 0.22512863422727697, 'penalty_k': 0.06770083342515124, 'scale_lr': 0.13888782367317873}. Best is trial 1594 with value: 0.29992623191054274.
checkpoint_e32 window_influence: 0.44442403709811901, penalty_k: 0.11034992193583076, scale_lr: 0.67867339077253563, EAO: 0.266
Trial 1797 finished with value: 0.2659386638703385 and parameters: {'window_influence': 0.444424037098119, 'penalty_k': 0.11034992193583076, 'scale_lr': 0.6786733907725356}. Best is trial 1594 with value: 0.29992623191054274.
checkpoint_e32 window_influence: 0.46986319432005597, penalty_k: 0.03032496907247590, scale_lr: 0.52494233762600628, EAO: 0.261
Trial 1798 finished with value: 0.2612611834959286 and parameters: {'window_influence': 0.46986319432005597, 'penalty_k': 0.0303249690724759, 'scale_lr': 0.5249423376260063}. Best is trial 1594 with value: 0.29992623191054274.
checkpoint_e32 window_influence: 0.45708991165742630, penalty_k: 0.15932503905301881, scale_lr: 0.38207159909910143, EAO: 0.261
Trial 1799 finished with value: 0.2611677082694643 and parameters: {'window_influence': 0.4570899116574263, 'penalty_k': 0.1593250390530188, 'scale_lr': 0.38207159909910143}. Best is trial 1594 with value: 0.29992623191054274.
checkpoint_e32 window_influence: 0.43542371114967166, penalty_k: 0.17658118234777700, scale_lr: 0.12755106000625649, EAO: 0.274
Trial 1800 finished with value: 0.2740033634188699 and parameters: {'window_influence': 0.43542371114967166, 'penalty_k': 0.176581182347777, 'scale_lr': 0.1275510600062565}. Best is trial 1594 with value: 0.29992623191054274.
checkpoint_e32 window_influence: 0.41932788012948158, penalty_k: 0.08711747858326402, scale_lr: 0.15324805615091924, EAO: 0.282
Trial 1801 finished with value: 0.2816472361242868 and parameters: {'window_influence': 0.4193278801294816, 'penalty_k': 0.08711747858326402, 'scale_lr': 0.15324805615091924}. Best is trial 1594 with value: 0.29992623191054274.
checkpoint_e32 window_influence: 0.52601273366332491, penalty_k: 0.12345299618481539, scale_lr: 0.11261825984886689, EAO: 0.268
Trial 1802 finished with value: 0.26770951574653146 and parameters: {'window_influence': 0.5260127336633249, 'penalty_k': 0.1234529961848154, 'scale_lr': 0.11261825984886689}. Best is trial 1594 with value: 0.29992623191054274.
checkpoint_e32 window_influence: 0.25146749038240190, penalty_k: 0.14436072565213928, scale_lr: 0.17528986587964784, EAO: 0.256
Trial 1803 finished with value: 0.25582364007709474 and parameters: {'window_influence': 0.2514674903824019, 'penalty_k': 0.14436072565213928, 'scale_lr': 0.17528986587964784}. Best is trial 1594 with value: 0.29992623191054274.
checkpoint_e32 window_influence: 0.36676585951083274, penalty_k: 0.10124160648655825, scale_lr: 0.14223833086902962, EAO: 0.269
Trial 1804 finished with value: 0.2692607478882239 and parameters: {'window_influence': 0.36676585951083274, 'penalty_k': 0.10124160648655825, 'scale_lr': 0.14223833086902962}. Best is trial 1594 with value: 0.29992623191054274.
checkpoint_e32 window_influence: 0.38272422666535288, penalty_k: 0.13280375778573414, scale_lr: 0.12390398295772780, EAO: 0.280
Trial 1805 finished with value: 0.2797068342324195 and parameters: {'window_influence': 0.3827242266653529, 'penalty_k': 0.13280375778573414, 'scale_lr': 0.1239039829577278}. Best is trial 1594 with value: 0.29992623191054274.
checkpoint_e32 window_influence: 0.42228793210370125, penalty_k: 0.16610008898154188, scale_lr: 0.21132347739327387, EAO: 0.268
Trial 1806 finished with value: 0.2676328621138402 and parameters: {'window_influence': 0.42228793210370125, 'penalty_k': 0.16610008898154188, 'scale_lr': 0.21132347739327387}. Best is trial 1594 with value: 0.29992623191054274.
checkpoint_e32 window_influence: 0.54552718573188730, penalty_k: 0.15326977215909207, scale_lr: 0.32389577207451947, EAO: 0.249
Trial 1807 finished with value: 0.24903380991966745 and parameters: {'window_influence': 0.5455271857318873, 'penalty_k': 0.15326977215909207, 'scale_lr': 0.3238957720745195}. Best is trial 1594 with value: 0.29992623191054274.
checkpoint_e32 window_influence: 0.49044306385286107, penalty_k: 0.11600959759378331, scale_lr: 0.23743990196452766, EAO: 0.259
Trial 1808 finished with value: 0.2588850511768 and parameters: {'window_influence': 0.49044306385286107, 'penalty_k': 0.1160095975937833, 'scale_lr': 0.23743990196452766}. Best is trial 1594 with value: 0.29992623191054274.
checkpoint_e32 window_influence: 0.43950463810899321, penalty_k: 0.18524888270350937, scale_lr: 0.41765331575249465, EAO: 0.260
Trial 1809 finished with value: 0.260352339686417 and parameters: {'window_influence': 0.4395046381089932, 'penalty_k': 0.18524888270350937, 'scale_lr': 0.41765331575249465}. Best is trial 1594 with value: 0.29992623191054274.
checkpoint_e32 window_influence: 0.41543444397463741, penalty_k: 0.13871358668484904, scale_lr: 0.27715559498720316, EAO: 0.250
Trial 1810 finished with value: 0.2500017893508198 and parameters: {'window_influence': 0.4154344439746374, 'penalty_k': 0.13871358668484904, 'scale_lr': 0.27715559498720316}. Best is trial 1594 with value: 0.29992623191054274.
checkpoint_e32 window_influence: 0.44907486737287822, penalty_k: 0.08044245082090437, scale_lr: 0.30575661900352158, EAO: 0.264
Trial 1811 finished with value: 0.263825115937043 and parameters: {'window_influence': 0.4490748673728782, 'penalty_k': 0.08044245082090437, 'scale_lr': 0.3057566190035216}. Best is trial 1594 with value: 0.29992623191054274.
checkpoint_e32 window_influence: 0.36058714513505047, penalty_k: 0.16212911526975912, scale_lr: 0.16246246968438499, EAO: 0.275
Trial 1812 finished with value: 0.27484119156511816 and parameters: {'window_influence': 0.36058714513505047, 'penalty_k': 0.16212911526975912, 'scale_lr': 0.162462469684385}. Best is trial 1594 with value: 0.29992623191054274.
checkpoint_e32 window_influence: 0.37981637003468044, penalty_k: 0.20048503659054664, scale_lr: 0.56790105008349279, EAO: 0.263
Trial 1813 finished with value: 0.2630232777295074 and parameters: {'window_influence': 0.37981637003468044, 'penalty_k': 0.20048503659054664, 'scale_lr': 0.5679010500834928}. Best is trial 1594 with value: 0.29992623191054274.
checkpoint_e32 window_influence: 0.49819242577859968, penalty_k: 0.05358497984679410, scale_lr: 0.35937518119903478, EAO: 0.252
Trial 1814 finished with value: 0.2517036251057454 and parameters: {'window_influence': 0.4981924257785997, 'penalty_k': 0.0535849798467941, 'scale_lr': 0.3593751811990348}. Best is trial 1594 with value: 0.29992623191054274.
checkpoint_e32 window_influence: 0.42670471003402771, penalty_k: 0.14928391963321500, scale_lr: 0.73178650553926505, EAO: 0.265
Trial 1815 finished with value: 0.2646153586787906 and parameters: {'window_influence': 0.4267047100340277, 'penalty_k': 0.149283919633215, 'scale_lr': 0.731786505539265}. Best is trial 1594 with value: 0.29992623191054274.
checkpoint_e32 window_influence: 0.43251965096801570, penalty_k: 0.00718153127448013, scale_lr: 0.11200253792751626, EAO: 0.283
Trial 1816 finished with value: 0.2828819023036375 and parameters: {'window_influence': 0.4325196509680157, 'penalty_k': 0.0071815312744801275, 'scale_lr': 0.11200253792751626}. Best is trial 1594 with value: 0.29992623191054274.
checkpoint_e32 window_influence: 0.45506053807115654, penalty_k: 0.00770205738947184, scale_lr: 0.11596019771747770, EAO: 0.272
Trial 1817 finished with value: 0.2717879771943984 and parameters: {'window_influence': 0.45506053807115654, 'penalty_k': 0.0077020573894718385, 'scale_lr': 0.1159601977174777}. Best is trial 1594 with value: 0.29992623191054274.
checkpoint_e32 window_influence: 0.46353878378036839, penalty_k: 0.02798573732790552, scale_lr: 0.10063051114445878, EAO: 0.276
Trial 1818 finished with value: 0.2758815277034674 and parameters: {'window_influence': 0.4635387837803684, 'penalty_k': 0.027985737327905522, 'scale_lr': 0.10063051114445878}. Best is trial 1594 with value: 0.29992623191054274.
checkpoint_e32 window_influence: 0.11459721465533715, penalty_k: 0.02170519764681429, scale_lr: 0.39026752384707014, EAO: 0.246
Trial 1819 finished with value: 0.24638698601383505 and parameters: {'window_influence': 0.11459721465533715, 'penalty_k': 0.021705197646814285, 'scale_lr': 0.39026752384707014}. Best is trial 1594 with value: 0.29992623191054274.
checkpoint_e32 window_influence: 0.60875770835120213, penalty_k: 0.00809344704629823, scale_lr: 0.11407192099735661, EAO: 0.236
Trial 1820 finished with value: 0.23572767501681802 and parameters: {'window_influence': 0.6087577083512021, 'penalty_k': 0.008093447046298233, 'scale_lr': 0.11407192099735661}. Best is trial 1594 with value: 0.29992623191054274.
checkpoint_e32 window_influence: 0.44591428341801487, penalty_k: 0.09140510674703056, scale_lr: 0.10963307065469684, EAO: 0.280
Trial 1821 finished with value: 0.2795093353322851 and parameters: {'window_influence': 0.44591428341801487, 'penalty_k': 0.09140510674703056, 'scale_lr': 0.10963307065469684}. Best is trial 1594 with value: 0.29992623191054274.
checkpoint_e32 window_influence: 0.43503112142246642, penalty_k: 0.01325268451785811, scale_lr: 0.26429229076417821, EAO: 0.263
Trial 1822 finished with value: 0.26260144075727077 and parameters: {'window_influence': 0.4350311214224664, 'penalty_k': 0.013252684517858111, 'scale_lr': 0.2642922907641782}. Best is trial 1594 with value: 0.29992623191054274.
checkpoint_e32 window_influence: 0.24717820560972276, penalty_k: 0.00634256840635200, scale_lr: 0.12466674610638077, EAO: 0.263
Trial 1823 finished with value: 0.26325187735198957 and parameters: {'window_influence': 0.24717820560972276, 'penalty_k': 0.006342568406352, 'scale_lr': 0.12466674610638077}. Best is trial 1594 with value: 0.29992623191054274.
checkpoint_e32 window_influence: 0.59422611220959753, penalty_k: 0.05609236155651941, scale_lr: 0.71103031414109097, EAO: 0.226
Trial 1824 finished with value: 0.225722737307471 and parameters: {'window_influence': 0.5942261122095975, 'penalty_k': 0.05609236155651941, 'scale_lr': 0.711030314141091}. Best is trial 1594 with value: 0.29992623191054274.
checkpoint_e32 window_influence: 0.47476909297195391, penalty_k: 0.18304134329531740, scale_lr: 0.54276877905612764, EAO: 0.256
Trial 1825 finished with value: 0.25609438630138953 and parameters: {'window_influence': 0.4747690929719539, 'penalty_k': 0.1830413432953174, 'scale_lr': 0.5427687790561276}. Best is trial 1594 with value: 0.29992623191054274.
checkpoint_e32 window_influence: 0.43871517866338733, penalty_k: 0.00032313301714246, scale_lr: 0.48097389990863332, EAO: 0.268
Trial 1826 finished with value: 0.2682182626511023 and parameters: {'window_influence': 0.43871517866338733, 'penalty_k': 0.0003231330171424608, 'scale_lr': 0.4809738999086333}. Best is trial 1594 with value: 0.29992623191054274.
checkpoint_e32 window_influence: 0.55635255775548376, penalty_k: 0.02523545670815373, scale_lr: 0.11101020540790837, EAO: 0.256
Trial 1827 finished with value: 0.25606836196852895 and parameters: {'window_influence': 0.5563525577554838, 'penalty_k': 0.025235456708153726, 'scale_lr': 0.11101020540790837}. Best is trial 1594 with value: 0.29992623191054274.
checkpoint_e32 window_influence: 0.19281510042226749, penalty_k: 0.03764856099542518, scale_lr: 0.13120791793103637, EAO: 0.266
Trial 1828 finished with value: 0.265916855778636 and parameters: {'window_influence': 0.1928151004222675, 'penalty_k': 0.03764856099542518, 'scale_lr': 0.13120791793103637}. Best is trial 1594 with value: 0.29992623191054274.
checkpoint_e32 window_influence: 0.45393022360989810, penalty_k: 0.00193963446558221, scale_lr: 0.11115236110476343, EAO: 0.277
Trial 1829 finished with value: 0.2766810530811791 and parameters: {'window_influence': 0.4539302236098981, 'penalty_k': 0.0019396344655822073, 'scale_lr': 0.11115236110476343}. Best is trial 1594 with value: 0.29992623191054274.
checkpoint_e32 window_influence: 0.06706498357950330, penalty_k: 0.04656964783217624, scale_lr: 0.14209915889344682, EAO: 0.246
Trial 1830 finished with value: 0.24555186388211522 and parameters: {'window_influence': 0.0670649835795033, 'penalty_k': 0.046569647832176236, 'scale_lr': 0.14209915889344682}. Best is trial 1594 with value: 0.29992623191054274.
checkpoint_e32 window_influence: 0.64741370599292125, penalty_k: 0.03538750983423433, scale_lr: 0.45935017864721445, EAO: 0.213
Trial 1831 finished with value: 0.21339438262024546 and parameters: {'window_influence': 0.6474137059929213, 'penalty_k': 0.03538750983423433, 'scale_lr': 0.45935017864721445}. Best is trial 1594 with value: 0.29992623191054274.
checkpoint_e32 window_influence: 0.43035079383177743, penalty_k: 0.03510146422486841, scale_lr: 0.29952402671398842, EAO: 0.267
Trial 1832 finished with value: 0.26661808255726727 and parameters: {'window_influence': 0.43035079383177743, 'penalty_k': 0.035101464224868414, 'scale_lr': 0.2995240267139884}. Best is trial 1594 with value: 0.29992623191054274.
checkpoint_e32 window_influence: 0.44371318188270603, penalty_k: 0.00735715177176602, scale_lr: 0.55069901277041378, EAO: 0.258
Trial 1833 finished with value: 0.25816355591140144 and parameters: {'window_influence': 0.44371318188270603, 'penalty_k': 0.007357151771766018, 'scale_lr': 0.5506990127704138}. Best is trial 1594 with value: 0.29992623191054274.
checkpoint_e32 window_influence: 0.46381976426822374, penalty_k: 0.00033392544541335, scale_lr: 0.10013989788082579, EAO: 0.271
Trial 1834 finished with value: 0.2706769675137551 and parameters: {'window_influence': 0.46381976426822374, 'penalty_k': 0.0003339254454133543, 'scale_lr': 0.10013989788082579}. Best is trial 1594 with value: 0.29992623191054274.
checkpoint_e32 window_influence: 0.43245498403367877, penalty_k: 0.01771556462940149, scale_lr: 0.43814391003944386, EAO: 0.277
Trial 1835 finished with value: 0.2769236640959251 and parameters: {'window_influence': 0.43245498403367877, 'penalty_k': 0.017715564629401492, 'scale_lr': 0.43814391003944386}. Best is trial 1594 with value: 0.29992623191054274.
checkpoint_e32 window_influence: 0.48916490495575804, penalty_k: 0.20472880554417744, scale_lr: 0.12026282570251454, EAO: 0.259
Trial 1836 finished with value: 0.25894559223235136 and parameters: {'window_influence': 0.48916490495575804, 'penalty_k': 0.20472880554417744, 'scale_lr': 0.12026282570251454}. Best is trial 1594 with value: 0.29992623191054274.
checkpoint_e32 window_influence: 0.42367017301889937, penalty_k: 0.01392339626792134, scale_lr: 0.20182355052359235, EAO: 0.268
Trial 1837 finished with value: 0.2675937624966226 and parameters: {'window_influence': 0.42367017301889937, 'penalty_k': 0.013923396267921342, 'scale_lr': 0.20182355052359235}. Best is trial 1594 with value: 0.29992623191054274.
checkpoint_e32 window_influence: 0.36451905500455806, penalty_k: 0.02849808557727721, scale_lr: 0.33403103265004536, EAO: 0.262
Trial 1838 finished with value: 0.26181594694290705 and parameters: {'window_influence': 0.36451905500455806, 'penalty_k': 0.028498085577277208, 'scale_lr': 0.33403103265004536}. Best is trial 1594 with value: 0.29992623191054274.
checkpoint_e32 window_influence: 0.16421609273223178, penalty_k: 0.01825355224014274, scale_lr: 0.12724949719657674, EAO: 0.241
Trial 1839 finished with value: 0.24064998510407237 and parameters: {'window_influence': 0.16421609273223178, 'penalty_k': 0.018253552240142742, 'scale_lr': 0.12724949719657674}. Best is trial 1594 with value: 0.29992623191054274.
checkpoint_e32 window_influence: 0.44701104068578335, penalty_k: 0.17463016710333185, scale_lr: 0.15383614418088790, EAO: 0.256
Trial 1840 finished with value: 0.25605097043562713 and parameters: {'window_influence': 0.44701104068578335, 'penalty_k': 0.17463016710333185, 'scale_lr': 0.1538361441808879}. Best is trial 1594 with value: 0.29992623191054274.
checkpoint_e32 window_influence: 0.27986609844810284, penalty_k: 0.06477661031650536, scale_lr: 0.18415063422920694, EAO: 0.260
Trial 1841 finished with value: 0.25993491388191053 and parameters: {'window_influence': 0.27986609844810284, 'penalty_k': 0.06477661031650536, 'scale_lr': 0.18415063422920694}. Best is trial 1594 with value: 0.29992623191054274.
checkpoint_e32 window_influence: 0.34742135055495749, penalty_k: 0.04367355855225037, scale_lr: 0.10015195636805352, EAO: 0.264
Trial 1842 finished with value: 0.26394785752868266 and parameters: {'window_influence': 0.3474213505549575, 'penalty_k': 0.04367355855225037, 'scale_lr': 0.10015195636805352}. Best is trial 1594 with value: 0.29992623191054274.
checkpoint_e32 window_influence: 0.60803381678385837, penalty_k: 0.10797900313472461, scale_lr: 0.13859986936354127, EAO: 0.233
Trial 1843 finished with value: 0.2328168094400468 and parameters: {'window_influence': 0.6080338167838584, 'penalty_k': 0.10797900313472461, 'scale_lr': 0.13859986936354127}. Best is trial 1594 with value: 0.29992623191054274.
checkpoint_e32 window_influence: 0.41140439709113091, penalty_k: 0.12252617434341553, scale_lr: 0.40482347862007273, EAO: 0.265
Trial 1844 finished with value: 0.26470741793149855 and parameters: {'window_influence': 0.4114043970911309, 'penalty_k': 0.12252617434341553, 'scale_lr': 0.40482347862007273}. Best is trial 1594 with value: 0.29992623191054274.
checkpoint_e32 window_influence: 0.47452371932596427, penalty_k: 0.01757090025855525, scale_lr: 0.12250047371915017, EAO: 0.264
Trial 1845 finished with value: 0.26438418321493196 and parameters: {'window_influence': 0.47452371932596427, 'penalty_k': 0.017570900258555254, 'scale_lr': 0.12250047371915017}. Best is trial 1594 with value: 0.29992623191054274.
checkpoint_e32 window_influence: 0.58489967449660218, penalty_k: 0.18663224833486844, scale_lr: 0.31735097149518859, EAO: 0.227
