Trial 103 finished with value: 0.2506630095403369 and parameters: {'window_influence': 0.3898350047527763, 'penalty_k': 0.07225860528703233, 'scale_lr': 0.5275621588648507}. Best is trial 71 with value: 0.2682494244318667.
checkpoint_e16 window_influence: 0.43395107845304109, penalty_k: 0.01621175394876480, scale_lr: 0.41031515393030332, EAO: 0.262
Trial 98 finished with value: 0.2620270644140437 and parameters: {'window_influence': 0.4339510784530411, 'penalty_k': 0.0162117539487648, 'scale_lr': 0.4103151539303033}. Best is trial 91 with value: 0.2755729326508879.
checkpoint_e16 window_influence: 0.35098902417392008, penalty_k: 0.04373943501748306, scale_lr: 0.32814344676190016, EAO: 0.270
Trial 108 finished with value: 0.26967609358754585 and parameters: {'window_influence': 0.3509890241739201, 'penalty_k': 0.043739435017483064, 'scale_lr': 0.32814344676190016}. Best is trial 90 with value: 0.28226814400858996.
checkpoint_e16 window_influence: 0.49990590976655414, penalty_k: 0.09353115671366805, scale_lr: 0.51625191345268062, EAO: 0.256
Trial 104 finished with value: 0.2562891183103003 and parameters: {'window_influence': 0.49990590976655414, 'penalty_k': 0.09353115671366805, 'scale_lr': 0.5162519134526806}. Best is trial 71 with value: 0.2682494244318667.
checkpoint_e16 window_influence: 0.50586672592961390, penalty_k: 0.04755456122297819, scale_lr: 0.44788970161185732, EAO: 0.255
Trial 99 finished with value: 0.2545169071574521 and parameters: {'window_influence': 0.5058667259296139, 'penalty_k': 0.04755456122297819, 'scale_lr': 0.4478897016118573}. Best is trial 91 with value: 0.2755729326508879.
checkpoint_e16 window_influence: 0.43551317150199803, penalty_k: 0.01580337850513280, scale_lr: 0.37158779192235608, EAO: 0.259
Trial 109 finished with value: 0.2587232717532453 and parameters: {'window_influence': 0.43551317150199803, 'penalty_k': 0.015803378505132804, 'scale_lr': 0.3715877919223561}. Best is trial 90 with value: 0.28226814400858996.
checkpoint_e16 window_influence: 0.45053284462735876, penalty_k: 0.00040560322849384, scale_lr: 0.50459244868935971, EAO: 0.257
Trial 105 finished with value: 0.25677196081818604 and parameters: {'window_influence': 0.45053284462735876, 'penalty_k': 0.0004056032284938428, 'scale_lr': 0.5045924486893597}. Best is trial 71 with value: 0.2682494244318667.
checkpoint_e16 window_influence: 0.41634761096185924, penalty_k: 0.03023485865351881, scale_lr: 0.56900770095995645, EAO: 0.257
Trial 100 finished with value: 0.25746862136009263 and parameters: {'window_influence': 0.41634761096185924, 'penalty_k': 0.03023485865351881, 'scale_lr': 0.5690077009599565}. Best is trial 91 with value: 0.2755729326508879.
checkpoint_e16 window_influence: 0.37387982859528207, penalty_k: 0.06557688508989257, scale_lr: 0.38878203253507987, EAO: 0.260
Trial 110 finished with value: 0.2598833196410319 and parameters: {'window_influence': 0.37387982859528207, 'penalty_k': 0.06557688508989257, 'scale_lr': 0.38878203253507987}. Best is trial 90 with value: 0.28226814400858996.
checkpoint_e16 window_influence: 0.47141382571384477, penalty_k: 0.05072529842727977, scale_lr: 0.53317919714202189, EAO: 0.254
Trial 106 finished with value: 0.2536576013497221 and parameters: {'window_influence': 0.47141382571384477, 'penalty_k': 0.05072529842727977, 'scale_lr': 0.5331791971420219}. Best is trial 71 with value: 0.2682494244318667.
checkpoint_e16 window_influence: 0.45707487773588384, penalty_k: 0.01213319258028261, scale_lr: 0.51230685598599379, EAO: 0.257
Trial 101 finished with value: 0.2565638877269698 and parameters: {'window_influence': 0.45707487773588384, 'penalty_k': 0.012133192580282611, 'scale_lr': 0.5123068559859938}. Best is trial 91 with value: 0.2755729326508879.
checkpoint_e16 window_influence: 0.38670545215028201, penalty_k: 0.05517969058747448, scale_lr: 0.36490368015292429, EAO: 0.267
Trial 111 finished with value: 0.2668967633470287 and parameters: {'window_influence': 0.386705452150282, 'penalty_k': 0.055179690587474475, 'scale_lr': 0.3649036801529243}. Best is trial 90 with value: 0.28226814400858996.
checkpoint_e16 window_influence: 0.41822050377212278, penalty_k: 0.02829261619867385, scale_lr: 0.49543059454856675, EAO: 0.258
Trial 107 finished with value: 0.2582764587993544 and parameters: {'window_influence': 0.4182205037721228, 'penalty_k': 0.028292616198673848, 'scale_lr': 0.49543059454856675}. Best is trial 71 with value: 0.2682494244318667.
checkpoint_e16 window_influence: 0.44479137306992828, penalty_k: 0.00076864337387298, scale_lr: 0.52467782401477248, EAO: 0.259
Trial 102 finished with value: 0.2591593173461232 and parameters: {'window_influence': 0.4447913730699283, 'penalty_k': 0.0007686433738729806, 'scale_lr': 0.5246778240147725}. Best is trial 91 with value: 0.2755729326508879.
checkpoint_e16 window_influence: 0.39306827685182705, penalty_k: 0.04762760827161042, scale_lr: 0.34066136330455360, EAO: 0.267
Trial 112 finished with value: 0.26732724947415715 and parameters: {'window_influence': 0.39306827685182705, 'penalty_k': 0.04762760827161042, 'scale_lr': 0.3406613633045536}. Best is trial 90 with value: 0.28226814400858996.
checkpoint_e16 window_influence: 0.42965761155577664, penalty_k: 0.06452724126449860, scale_lr: 0.47196308982942775, EAO: 0.251
Trial 108 finished with value: 0.25096032368700677 and parameters: {'window_influence': 0.42965761155577664, 'penalty_k': 0.0645272412644986, 'scale_lr': 0.47196308982942775}. Best is trial 71 with value: 0.2682494244318667.
checkpoint_e16 window_influence: 0.47750364638370973, penalty_k: 0.06107152759693801, scale_lr: 0.49879809779993423, EAO: 0.263
Trial 103 finished with value: 0.2634583997532604 and parameters: {'window_influence': 0.47750364638370973, 'penalty_k': 0.061071527596938006, 'scale_lr': 0.4987980977999342}. Best is trial 91 with value: 0.2755729326508879.
checkpoint_e16 window_influence: 0.36274643371603216, penalty_k: 0.02966395932826889, scale_lr: 0.35240504960835151, EAO: 0.262
Trial 113 finished with value: 0.2619187445417652 and parameters: {'window_influence': 0.36274643371603216, 'penalty_k': 0.02966395932826889, 'scale_lr': 0.3524050496083515}. Best is trial 90 with value: 0.28226814400858996.
checkpoint_e16 window_influence: 0.48505201560126476, penalty_k: 0.01139836750657682, scale_lr: 0.55459343114753790, EAO: 0.254
Trial 109 finished with value: 0.25405012713215214 and parameters: {'window_influence': 0.48505201560126476, 'penalty_k': 0.011398367506576822, 'scale_lr': 0.5545934311475379}. Best is trial 71 with value: 0.2682494244318667.
checkpoint_e16 window_influence: 0.44918759361111599, penalty_k: 0.03591022503201394, scale_lr: 0.54090986328163648, EAO: 0.261
Trial 104 finished with value: 0.26126228927112205 and parameters: {'window_influence': 0.449187593611116, 'penalty_k': 0.03591022503201394, 'scale_lr': 0.5409098632816365}. Best is trial 91 with value: 0.2755729326508879.
checkpoint_e16 window_influence: 0.41043661063503140, penalty_k: 0.12039602222267179, scale_lr: 0.42882422570151157, EAO: 0.257
Trial 114 finished with value: 0.2569066763408785 and parameters: {'window_influence': 0.4104366106350314, 'penalty_k': 0.12039602222267179, 'scale_lr': 0.4288242257015116}. Best is trial 90 with value: 0.28226814400858996.
checkpoint_e16 window_influence: 0.40685856806591109, penalty_k: 0.03730978683008467, scale_lr: 0.46431857818163602, EAO: 0.255
Trial 110 finished with value: 0.25538717016456575 and parameters: {'window_influence': 0.4068585680659111, 'penalty_k': 0.03730978683008467, 'scale_lr': 0.464318578181636}. Best is trial 71 with value: 0.2682494244318667.
checkpoint_e16 window_influence: 0.42785547918958555, penalty_k: 0.01670741847047551, scale_lr: 0.46957850582374971, EAO: 0.260
Trial 105 finished with value: 0.26028509668218414 and parameters: {'window_influence': 0.42785547918958555, 'penalty_k': 0.016707418470475507, 'scale_lr': 0.4695785058237497}. Best is trial 91 with value: 0.2755729326508879.
checkpoint_e16 window_influence: 0.37910497344689353, penalty_k: 0.05764208402352461, scale_lr: 0.39994682998509185, EAO: 0.268
Trial 115 finished with value: 0.2680027286817388 and parameters: {'window_influence': 0.37910497344689353, 'penalty_k': 0.05764208402352461, 'scale_lr': 0.39994682998509185}. Best is trial 90 with value: 0.28226814400858996.
checkpoint_e16 window_influence: 0.44720042872275223, penalty_k: 0.04568715369133119, scale_lr: 0.57986222261477027, EAO: 0.275
Trial 111 finished with value: 0.27549627247622344 and parameters: {'window_influence': 0.44720042872275223, 'penalty_k': 0.045687153691331195, 'scale_lr': 0.5798622226147703}. Best is trial 111 with value: 0.27549627247622344.
checkpoint_e16 window_influence: 0.41876642892160609, penalty_k: 0.07712942495835647, scale_lr: 0.51673783921154248, EAO: 0.255
Trial 106 finished with value: 0.2545176253813069 and parameters: {'window_influence': 0.4187664289216061, 'penalty_k': 0.07712942495835647, 'scale_lr': 0.5167378392115425}. Best is trial 91 with value: 0.2755729326508879.
checkpoint_e16 window_influence: 0.39780380279753802, penalty_k: 0.08549926941632754, scale_lr: 0.32355470874186726, EAO: 0.261
Trial 116 finished with value: 0.2610393927955046 and parameters: {'window_influence': 0.397803802797538, 'penalty_k': 0.08549926941632754, 'scale_lr': 0.32355470874186726}. Best is trial 90 with value: 0.28226814400858996.
checkpoint_e16 window_influence: 0.46553081780189154, penalty_k: 0.02299489077424987, scale_lr: 0.57378074550499070, EAO: 0.255
Trial 112 finished with value: 0.2549111948507588 and parameters: {'window_influence': 0.46553081780189154, 'penalty_k': 0.022994890774249866, 'scale_lr': 0.5737807455049907}. Best is trial 111 with value: 0.27549627247622344.
checkpoint_e16 window_influence: 0.45595742920617249, penalty_k: 0.05353754758643507, scale_lr: 0.48003106412928986, EAO: 0.251
Trial 107 finished with value: 0.2513276732307139 and parameters: {'window_influence': 0.4559574292061725, 'penalty_k': 0.05353754758643507, 'scale_lr': 0.48003106412928986}. Best is trial 91 with value: 0.2755729326508879.
checkpoint_e16 window_influence: 0.34332619767216344, penalty_k: 0.02057530445442221, scale_lr: 0.29762088641365481, EAO: 0.261
Trial 117 finished with value: 0.2610061541199684 and parameters: {'window_influence': 0.34332619767216344, 'penalty_k': 0.020575304454422214, 'scale_lr': 0.2976208864136548}. Best is trial 90 with value: 0.28226814400858996.
checkpoint_e16 window_influence: 0.44221318245657804, penalty_k: 0.08218389334548770, scale_lr: 0.53620007045284956, EAO: 0.253
Trial 113 finished with value: 0.25271738132810206 and parameters: {'window_influence': 0.44221318245657804, 'penalty_k': 0.0821838933454877, 'scale_lr': 0.5362000704528496}. Best is trial 111 with value: 0.27549627247622344.
checkpoint_e16 window_influence: 0.47185123843920151, penalty_k: 0.02794076447454197, scale_lr: 0.55343688930240198, EAO: 0.254
Trial 108 finished with value: 0.25443229109533433 and parameters: {'window_influence': 0.4718512384392015, 'penalty_k': 0.02794076447454197, 'scale_lr': 0.553436889302402}. Best is trial 91 with value: 0.2755729326508879.
checkpoint_e16 window_influence: 0.37033889934907599, penalty_k: 0.03778973126993920, scale_lr: 0.36667061632747688, EAO: 0.266
Trial 118 finished with value: 0.2656790210706432 and parameters: {'window_influence': 0.370338899349076, 'penalty_k': 0.0377897312699392, 'scale_lr': 0.3666706163274769}. Best is trial 90 with value: 0.28226814400858996.
checkpoint_e16 window_influence: 0.42937508241640404, penalty_k: 0.04643402465499498, scale_lr: 0.52200023772395110, EAO: 0.258
Trial 114 finished with value: 0.2578548942881871 and parameters: {'window_influence': 0.42937508241640404, 'penalty_k': 0.04643402465499498, 'scale_lr': 0.5220002377239511}. Best is trial 111 with value: 0.27549627247622344.
checkpoint_e16 window_influence: 0.37692281758272417, penalty_k: 0.04446832240973055, scale_lr: 0.45585333721299870, EAO: 0.266
Trial 109 finished with value: 0.2663848908330367 and parameters: {'window_influence': 0.37692281758272417, 'penalty_k': 0.044468322409730546, 'scale_lr': 0.4558533372129987}. Best is trial 91 with value: 0.2755729326508879.
checkpoint_e16 window_influence: 0.41112492547760660, penalty_k: 0.07472068745123607, scale_lr: 0.40776118506972175, EAO: 0.266
Trial 119 finished with value: 0.2657872927261562 and parameters: {'window_influence': 0.4111249254776066, 'penalty_k': 0.07472068745123607, 'scale_lr': 0.40776118506972175}. Best is trial 90 with value: 0.28226814400858996.
checkpoint_e16 window_influence: 0.45560577827137233, penalty_k: 0.01365867142294844, scale_lr: 0.63175267453773243, EAO: 0.258
Trial 115 finished with value: 0.25770600951784023 and parameters: {'window_influence': 0.45560577827137233, 'penalty_k': 0.013658671422948444, 'scale_lr': 0.6317526745377324}. Best is trial 111 with value: 0.27549627247622344.
checkpoint_e16 window_influence: 0.48798720787281324, penalty_k: 0.01122065187113330, scale_lr: 0.50600571886814227, EAO: 0.257
Trial 110 finished with value: 0.2567272918616853 and parameters: {'window_influence': 0.48798720787281324, 'penalty_k': 0.011220651871133303, 'scale_lr': 0.5060057188681423}. Best is trial 91 with value: 0.2755729326508879.
checkpoint_e16 window_influence: 0.42516558921093767, penalty_k: 0.10617148711124874, scale_lr: 0.43749563614762410, EAO: 0.252
Trial 120 finished with value: 0.2521108076945553 and parameters: {'window_influence': 0.42516558921093767, 'penalty_k': 0.10617148711124874, 'scale_lr': 0.4374956361476241}. Best is trial 90 with value: 0.28226814400858996.
checkpoint_e16 window_influence: 0.38585812459135899, penalty_k: 0.06028473092471413, scale_lr: 0.55884316024632030, EAO: 0.248
Trial 116 finished with value: 0.24794669976321662 and parameters: {'window_influence': 0.385858124591359, 'penalty_k': 0.06028473092471413, 'scale_lr': 0.5588431602463203}. Best is trial 111 with value: 0.27549627247622344.
checkpoint_e16 window_influence: 0.39277460011306908, penalty_k: 0.07801223840222557, scale_lr: 0.47516383326885725, EAO: 0.245
Trial 111 finished with value: 0.24508717783340594 and parameters: {'window_influence': 0.3927746001130691, 'penalty_k': 0.07801223840222557, 'scale_lr': 0.47516383326885725}. Best is trial 91 with value: 0.2755729326508879.
checkpoint_e16 window_influence: 0.38787459162836357, penalty_k: 0.03851166901647582, scale_lr: 0.32923383022848968, EAO: 0.259
Trial 121 finished with value: 0.2594351002840492 and parameters: {'window_influence': 0.3878745916283636, 'penalty_k': 0.03851166901647582, 'scale_lr': 0.3292338302284897}. Best is trial 90 with value: 0.28226814400858996.
checkpoint_e16 window_influence: 0.41450739591033031, penalty_k: 0.03204610566454718, scale_lr: 0.44579959699444527, EAO: 0.260
Trial 117 finished with value: 0.25993633439870384 and parameters: {'window_influence': 0.4145073959103303, 'penalty_k': 0.03204610566454718, 'scale_lr': 0.44579959699444527}. Best is trial 111 with value: 0.27549627247622344.
checkpoint_e16 window_influence: 0.43737401671809828, penalty_k: 0.07217748060752098, scale_lr: 0.49349222518807645, EAO: 0.268
Trial 112 finished with value: 0.26797000942676047 and parameters: {'window_influence': 0.4373740167180983, 'penalty_k': 0.07217748060752098, 'scale_lr': 0.49349222518807645}. Best is trial 91 with value: 0.2755729326508879.
checkpoint_e16 window_influence: 0.39160189039976540, penalty_k: 0.04714718547770753, scale_lr: 0.38505872681161646, EAO: 0.267
Trial 122 finished with value: 0.2667859014941425 and parameters: {'window_influence': 0.3916018903997654, 'penalty_k': 0.047147185477707534, 'scale_lr': 0.38505872681161646}. Best is trial 90 with value: 0.28226814400858996.
checkpoint_e16 window_influence: 0.40017392767587334, penalty_k: 0.03341138350785421, scale_lr: 0.45067006078470456, EAO: 0.265
Trial 118 finished with value: 0.2654982117133412 and parameters: {'window_influence': 0.40017392767587334, 'penalty_k': 0.033411383507854206, 'scale_lr': 0.45067006078470456}. Best is trial 111 with value: 0.27549627247622344.
checkpoint_e16 window_influence: 0.39803371834053258, penalty_k: 0.06157659223609967, scale_lr: 0.46201618844327758, EAO: 0.260
Trial 113 finished with value: 0.26043478617580923 and parameters: {'window_influence': 0.3980337183405326, 'penalty_k': 0.06157659223609967, 'scale_lr': 0.4620161884432776}. Best is trial 91 with value: 0.2755729326508879.
checkpoint_e16 window_influence: 0.35294737674317639, penalty_k: 0.06410552881754888, scale_lr: 0.34448672090346921, EAO: 0.267
Trial 123 finished with value: 0.2672324622186219 and parameters: {'window_influence': 0.3529473767431764, 'penalty_k': 0.06410552881754888, 'scale_lr': 0.3444867209034692}. Best is trial 90 with value: 0.28226814400858996.
checkpoint_e16 window_influence: 0.39607462714018232, penalty_k: 0.02193028999404187, scale_lr: 0.49813764932956589, EAO: 0.256
Trial 119 finished with value: 0.2564508830144153 and parameters: {'window_influence': 0.3960746271401823, 'penalty_k': 0.021930289994041872, 'scale_lr': 0.4981376493295659}. Best is trial 111 with value: 0.27549627247622344.
checkpoint_e16 window_influence: 0.41348060333512221, penalty_k: 0.03779931456992049, scale_lr: 0.43686308344479818, EAO: 0.267
Trial 114 finished with value: 0.2668002476779426 and parameters: {'window_influence': 0.4134806033351222, 'penalty_k': 0.037799314569920486, 'scale_lr': 0.4368630834447982}. Best is trial 91 with value: 0.2755729326508879.
checkpoint_e16 window_influence: 0.36222612408158184, penalty_k: 0.01078805711890981, scale_lr: 0.31731764217146535, EAO: 0.266
Trial 124 finished with value: 0.2660581431980055 and parameters: {'window_influence': 0.36222612408158184, 'penalty_k': 0.01078805711890981, 'scale_lr': 0.31731764217146535}. Best is trial 90 with value: 0.28226814400858996.
checkpoint_e16 window_influence: 0.40403265339549921, penalty_k: 0.00020732662810755, scale_lr: 0.44770723759973052, EAO: 0.260
Trial 120 finished with value: 0.26017981616219854 and parameters: {'window_influence': 0.4040326533954992, 'penalty_k': 0.00020732662810755195, 'scale_lr': 0.4477072375997305}. Best is trial 111 with value: 0.27549627247622344.
checkpoint_e16 window_influence: 0.34888147647112927, penalty_k: 0.08621583476581135, scale_lr: 0.52680214381461554, EAO: 0.251
Trial 115 finished with value: 0.2513481328884761 and parameters: {'window_influence': 0.34888147647112927, 'penalty_k': 0.08621583476581135, 'scale_lr': 0.5268021438146155}. Best is trial 91 with value: 0.2755729326508879.
checkpoint_e16 window_influence: 0.40172830037502077, penalty_k: 0.03114858470429718, scale_lr: 0.35779051421136021, EAO: 0.266
Trial 125 finished with value: 0.26603305757772633 and parameters: {'window_influence': 0.4017283003750208, 'penalty_k': 0.031148584704297176, 'scale_lr': 0.3577905142113602}. Best is trial 90 with value: 0.28226814400858996.
checkpoint_e16 window_influence: 0.36590485216259211, penalty_k: 0.00198462634154395, scale_lr: 0.45840061439479196, EAO: 0.260
Trial 121 finished with value: 0.2602012216802535 and parameters: {'window_influence': 0.3659048521625921, 'penalty_k': 0.0019846263415439457, 'scale_lr': 0.45840061439479196}. Best is trial 111 with value: 0.27549627247622344.
checkpoint_e16 window_influence: 0.45107447611148410, penalty_k: 0.02306901918981912, scale_lr: 0.47460267604431511, EAO: 0.262
Trial 116 finished with value: 0.26206832233725524 and parameters: {'window_influence': 0.4510744761114841, 'penalty_k': 0.023069019189819122, 'scale_lr': 0.4746026760443151}. Best is trial 91 with value: 0.2755729326508879.
checkpoint_e16 window_influence: 0.44631715393804272, penalty_k: 0.05248106519807158, scale_lr: 0.41844581933311642, EAO: 0.263
Trial 126 finished with value: 0.26348066523792296 and parameters: {'window_influence': 0.4463171539380427, 'penalty_k': 0.05248106519807158, 'scale_lr': 0.4184458193331164}. Best is trial 90 with value: 0.28226814400858996.
checkpoint_e16 window_influence: 0.37173177556977222, penalty_k: 0.03983197349079906, scale_lr: 0.46791373349270377, EAO: 0.257
Trial 122 finished with value: 0.2570792738863123 and parameters: {'window_influence': 0.3717317755697722, 'penalty_k': 0.03983197349079906, 'scale_lr': 0.46791373349270377}. Best is trial 111 with value: 0.27549627247622344.
checkpoint_e16 window_influence: 0.38118338295713189, penalty_k: 0.11617516714123899, scale_lr: 0.53979207183537781, EAO: 0.246
Trial 117 finished with value: 0.24563374443025124 and parameters: {'window_influence': 0.3811833829571319, 'penalty_k': 0.11617516714123899, 'scale_lr': 0.5397920718353778}. Best is trial 91 with value: 0.2755729326508879.
checkpoint_e16 window_influence: 0.37994691220050403, penalty_k: 0.09488629196933443, scale_lr: 0.37482835550263527, EAO: 0.258
Trial 127 finished with value: 0.2575033156852412 and parameters: {'window_influence': 0.37994691220050403, 'penalty_k': 0.09488629196933443, 'scale_lr': 0.37482835550263527}. Best is trial 90 with value: 0.28226814400858996.
checkpoint_e16 window_influence: 0.42519209578448297, penalty_k: 0.01957942728689070, scale_lr: 0.41058048149852205, EAO: 0.255
Trial 123 finished with value: 0.2546807429412516 and parameters: {'window_influence': 0.42519209578448297, 'penalty_k': 0.019579427286890702, 'scale_lr': 0.41058048149852205}. Best is trial 111 with value: 0.27549627247622344.
checkpoint_e16 window_influence: 0.46673132242527310, penalty_k: 0.04783826237457861, scale_lr: 0.49870061097027601, EAO: 0.266
Trial 118 finished with value: 0.26622409627931876 and parameters: {'window_influence': 0.4667313224252731, 'penalty_k': 0.04783826237457861, 'scale_lr': 0.498700610970276}. Best is trial 91 with value: 0.2755729326508879.
checkpoint_e16 window_influence: 0.41574711262126612, penalty_k: 0.01771101049641893, scale_lr: 0.33387206355793481, EAO: 0.268
