Trial 991 finished with value: 0.26346911199209166 and parameters: {'window_influence': 0.322504078276103, 'penalty_k': 0.20042570947316315, 'scale_lr': 0.21011603905266982}. Best is trial 489 with value: 0.28065862270390113.
checkpoint_e32 window_influence: 0.26979187592850012, penalty_k: 0.58381962940688115, scale_lr: 0.61846716782820810, EAO: 0.253
Trial 992 finished with value: 0.253161855647719 and parameters: {'window_influence': 0.2697918759285001, 'penalty_k': 0.5838196294068811, 'scale_lr': 0.6184671678282081}. Best is trial 489 with value: 0.28065862270390113.
checkpoint_e32 window_influence: 0.14246042208724680, penalty_k: 0.44430963457409095, scale_lr: 0.15387996821065147, EAO: 0.229
Trial 993 finished with value: 0.22887492694748127 and parameters: {'window_influence': 0.1424604220872468, 'penalty_k': 0.44430963457409095, 'scale_lr': 0.15387996821065147}. Best is trial 489 with value: 0.28065862270390113.
checkpoint_e32 window_influence: 0.38895204011237516, penalty_k: 0.23904542967593195, scale_lr: 0.68510834037185708, EAO: 0.269
Trial 994 finished with value: 0.2687074397879887 and parameters: {'window_influence': 0.38895204011237516, 'penalty_k': 0.23904542967593195, 'scale_lr': 0.6851083403718571}. Best is trial 489 with value: 0.28065862270390113.
checkpoint_e32 window_influence: 0.41012566834490988, penalty_k: 0.25683543957733607, scale_lr: 0.19800846282063389, EAO: 0.270
Trial 995 finished with value: 0.27013392243685763 and parameters: {'window_influence': 0.4101256683449099, 'penalty_k': 0.25683543957733607, 'scale_lr': 0.1980084628206339}. Best is trial 489 with value: 0.28065862270390113.
checkpoint_e32 window_influence: 0.13153250492039989, penalty_k: 0.15246039347755269, scale_lr: 0.54064263797589296, EAO: 0.244
Trial 996 finished with value: 0.24386432857775106 and parameters: {'window_influence': 0.1315325049203999, 'penalty_k': 0.1524603934775527, 'scale_lr': 0.540642637975893}. Best is trial 489 with value: 0.28065862270390113.
checkpoint_e32 window_influence: 0.29637895525573765, penalty_k: 0.39154280233899186, scale_lr: 0.74252009660241802, EAO: 0.270
Trial 997 finished with value: 0.27048899203054305 and parameters: {'window_influence': 0.29637895525573765, 'penalty_k': 0.39154280233899186, 'scale_lr': 0.742520096602418}. Best is trial 489 with value: 0.28065862270390113.
checkpoint_e32 window_influence: 0.30943494997333876, penalty_k: 0.18804228327229139, scale_lr: 0.39394990809513336, EAO: 0.257
Trial 998 finished with value: 0.25702690472447776 and parameters: {'window_influence': 0.30943494997333876, 'penalty_k': 0.1880422832722914, 'scale_lr': 0.39394990809513336}. Best is trial 489 with value: 0.28065862270390113.
checkpoint_e32 window_influence: 0.35417989406492656, penalty_k: 0.30573259546266274, scale_lr: 0.78561147170578682, EAO: 0.264
Trial 999 finished with value: 0.2640920965894451 and parameters: {'window_influence': 0.35417989406492656, 'penalty_k': 0.30573259546266274, 'scale_lr': 0.7856114717057868}. Best is trial 489 with value: 0.28065862270390113.
checkpoint_e32 window_influence: 0.32979764329930483, penalty_k: 0.14255062400618179, scale_lr: 0.66148027636094031, EAO: 0.263
Trial 1000 finished with value: 0.2632412958314748 and parameters: {'window_influence': 0.32979764329930483, 'penalty_k': 0.1425506240061818, 'scale_lr': 0.6614802763609403}. Best is trial 489 with value: 0.28065862270390113.
checkpoint_e32 window_influence: 0.24426797011638929, penalty_k: 0.31919874596781717, scale_lr: 0.32728366880480603, EAO: 0.247
Trial 1001 finished with value: 0.2469917174156119 and parameters: {'window_influence': 0.2442679701163893, 'penalty_k': 0.31919874596781717, 'scale_lr': 0.327283668804806}. Best is trial 489 with value: 0.28065862270390113.
checkpoint_e32 window_influence: 0.37552003277448265, penalty_k: 0.36309818067198851, scale_lr: 0.13659433517454725, EAO: 0.255
Trial 1002 finished with value: 0.25508852109191865 and parameters: {'window_influence': 0.37552003277448265, 'penalty_k': 0.3630981806719885, 'scale_lr': 0.13659433517454725}. Best is trial 489 with value: 0.28065862270390113.
checkpoint_e32 window_influence: 0.34327523714550573, penalty_k: 0.06068158521017530, scale_lr: 0.76511153038586466, EAO: 0.254
Trial 1003 finished with value: 0.25406945787551927 and parameters: {'window_influence': 0.34327523714550573, 'penalty_k': 0.060681585210175304, 'scale_lr': 0.7651115303858647}. Best is trial 489 with value: 0.28065862270390113.
checkpoint_e32 window_influence: 0.51821304644636901, penalty_k: 0.17405367566493121, scale_lr: 0.17837706225147845, EAO: 0.248
Trial 1004 finished with value: 0.24801218418813334 and parameters: {'window_influence': 0.518213046446369, 'penalty_k': 0.1740536756649312, 'scale_lr': 0.17837706225147845}. Best is trial 489 with value: 0.28065862270390113.
checkpoint_e32 window_influence: 0.08554674533057116, penalty_k: 0.57963795908039140, scale_lr: 0.27222208870106024, EAO: 0.213
Trial 1005 finished with value: 0.2126088048505589 and parameters: {'window_influence': 0.08554674533057116, 'penalty_k': 0.5796379590803914, 'scale_lr': 0.27222208870106024}. Best is trial 489 with value: 0.28065862270390113.
checkpoint_e32 window_influence: 0.08806521628894876, penalty_k: 0.57164398819353779, scale_lr: 0.79993168106990664, EAO: 0.213
Trial 1006 finished with value: 0.21266344668177084 and parameters: {'window_influence': 0.08806521628894876, 'penalty_k': 0.5716439881935378, 'scale_lr': 0.7999316810699066}. Best is trial 489 with value: 0.28065862270390113.
checkpoint_e32 window_influence: 0.28030868570240530, penalty_k: 0.29197889652318681, scale_lr: 0.52603042838368930, EAO: 0.255
Trial 1007 finished with value: 0.2553511298284298 and parameters: {'window_influence': 0.2803086857024053, 'penalty_k': 0.2919788965231868, 'scale_lr': 0.5260304283836893}. Best is trial 489 with value: 0.28065862270390113.
checkpoint_e32 window_influence: 0.25669774208828117, penalty_k: 0.12517514152481615, scale_lr: 0.70219922501283072, EAO: 0.265
Trial 1008 finished with value: 0.2651263200412921 and parameters: {'window_influence': 0.25669774208828117, 'penalty_k': 0.12517514152481615, 'scale_lr': 0.7021992250128307}. Best is trial 489 with value: 0.28065862270390113.
checkpoint_e32 window_influence: 0.32137242346184569, penalty_k: 0.09327702734753396, scale_lr: 0.25075004023208308, EAO: 0.263
Trial 1009 finished with value: 0.26282744660852403 and parameters: {'window_influence': 0.3213724234618457, 'penalty_k': 0.09327702734753396, 'scale_lr': 0.2507500402320831}. Best is trial 489 with value: 0.28065862270390113.
checkpoint_e32 window_influence: 0.30950124812178847, penalty_k: 0.02973171596850022, scale_lr: 0.67789602267423199, EAO: 0.264
Trial 1010 finished with value: 0.2641700069473042 and parameters: {'window_influence': 0.3095012481217885, 'penalty_k': 0.029731715968500216, 'scale_lr': 0.677896022674232}. Best is trial 489 with value: 0.28065862270390113.
checkpoint_e32 window_influence: 0.29115578932958108, penalty_k: 0.01348534827123798, scale_lr: 0.22059331655759060, EAO: 0.262
Trial 1011 finished with value: 0.2620327816140361 and parameters: {'window_influence': 0.2911557893295811, 'penalty_k': 0.013485348271237985, 'scale_lr': 0.2205933165575906}. Best is trial 489 with value: 0.28065862270390113.
checkpoint_e32 window_influence: 0.44180824239672695, penalty_k: 0.33001300637777808, scale_lr: 0.60435586353210580, EAO: 0.243
Trial 1012 finished with value: 0.24332923005993773 and parameters: {'window_influence': 0.44180824239672695, 'penalty_k': 0.3300130063777781, 'scale_lr': 0.6043558635321058}. Best is trial 489 with value: 0.28065862270390113.
checkpoint_e32 window_influence: 0.35706677503269479, penalty_k: 0.16062964305633406, scale_lr: 0.71546546751953022, EAO: 0.255
Trial 1013 finished with value: 0.25506787129291675 and parameters: {'window_influence': 0.3570667750326948, 'penalty_k': 0.16062964305633406, 'scale_lr': 0.7154654675195302}. Best is trial 489 with value: 0.28065862270390113.
checkpoint_e32 window_influence: 0.33120000219584306, penalty_k: 0.21671024119876331, scale_lr: 0.65141874673190914, EAO: 0.260
Trial 1014 finished with value: 0.2603096468298416 and parameters: {'window_influence': 0.33120000219584306, 'penalty_k': 0.2167102411987633, 'scale_lr': 0.6514187467319091}. Best is trial 489 with value: 0.28065862270390113.
checkpoint_e32 window_influence: 0.30192638440942021, penalty_k: 0.52126244977499314, scale_lr: 0.63296054942803026, EAO: 0.248
Trial 1015 finished with value: 0.24766411941225935 and parameters: {'window_influence': 0.3019263844094202, 'penalty_k': 0.5212624497749931, 'scale_lr': 0.6329605494280303}. Best is trial 489 with value: 0.28065862270390113.
checkpoint_e32 window_influence: 0.39379248476766165, penalty_k: 0.27442746278946989, scale_lr: 0.75460425543214238, EAO: 0.247
Trial 1016 finished with value: 0.2471882950484268 and parameters: {'window_influence': 0.39379248476766165, 'penalty_k': 0.2744274627894699, 'scale_lr': 0.7546042554321424}. Best is trial 489 with value: 0.28065862270390113.
checkpoint_e32 window_influence: 0.37179725482700882, penalty_k: 0.34172931681132329, scale_lr: 0.50294301769200089, EAO: 0.265
Trial 1017 finished with value: 0.265449861685435 and parameters: {'window_influence': 0.3717972548270088, 'penalty_k': 0.3417293168113233, 'scale_lr': 0.5029430176920009}. Best is trial 489 with value: 0.28065862270390113.
checkpoint_e32 window_influence: 0.34782856663594952, penalty_k: 0.30731437820946156, scale_lr: 0.43037137496580535, EAO: 0.271
Trial 1018 finished with value: 0.27146844917196566 and parameters: {'window_influence': 0.3478285666359495, 'penalty_k': 0.30731437820946156, 'scale_lr': 0.43037137496580535}. Best is trial 489 with value: 0.28065862270390113.
checkpoint_e32 window_influence: 0.31911797269750852, penalty_k: 0.13411286741053224, scale_lr: 0.47871280730287213, EAO: 0.251
Trial 1019 finished with value: 0.25113022460685513 and parameters: {'window_influence': 0.3191179726975085, 'penalty_k': 0.13411286741053224, 'scale_lr': 0.47871280730287213}. Best is trial 489 with value: 0.28065862270390113.
checkpoint_e32 window_influence: 0.29488562909768523, penalty_k: 0.28441336423688796, scale_lr: 0.21049543414255498, EAO: 0.252
Trial 1020 finished with value: 0.25179249163323303 and parameters: {'window_influence': 0.29488562909768523, 'penalty_k': 0.28441336423688796, 'scale_lr': 0.21049543414255498}. Best is trial 489 with value: 0.28065862270390113.
checkpoint_e32 window_influence: 0.14255899063968491, penalty_k: 0.10007135141104188, scale_lr: 0.41036984234244384, EAO: 0.246
Trial 1021 finished with value: 0.24586732461442792 and parameters: {'window_influence': 0.1425589906396849, 'penalty_k': 0.10007135141104188, 'scale_lr': 0.41036984234244384}. Best is trial 489 with value: 0.28065862270390113.
checkpoint_e32 window_influence: 0.26766893221680027, penalty_k: 0.31775722884415974, scale_lr: 0.77183912936256183, EAO: 0.260
Trial 1022 finished with value: 0.26037781297918255 and parameters: {'window_influence': 0.26766893221680027, 'penalty_k': 0.31775722884415974, 'scale_lr': 0.7718391293625618}. Best is trial 489 with value: 0.28065862270390113.
checkpoint_e32 window_influence: 0.33359960153742046, penalty_k: 0.04190016703120659, scale_lr: 0.17075573499248164, EAO: 0.258
Trial 1023 finished with value: 0.25796833797925856 and parameters: {'window_influence': 0.33359960153742046, 'penalty_k': 0.04190016703120659, 'scale_lr': 0.17075573499248164}. Best is trial 489 with value: 0.28065862270390113.
checkpoint_e32 window_influence: 0.40425772754020595, penalty_k: 0.26124896947388210, scale_lr: 0.69203727970846829, EAO: 0.257
Trial 1024 finished with value: 0.2565234310137547 and parameters: {'window_influence': 0.40425772754020595, 'penalty_k': 0.2612489694738821, 'scale_lr': 0.6920372797084683}. Best is trial 489 with value: 0.28065862270390113.
checkpoint_e32 window_influence: 0.55492743682655421, penalty_k: 0.40942284584317001, scale_lr: 0.56912567644960621, EAO: 0.225
Trial 1025 finished with value: 0.22541323667619287 and parameters: {'window_influence': 0.5549274368265542, 'penalty_k': 0.40942284584317, 'scale_lr': 0.5691256764496062}. Best is trial 489 with value: 0.28065862270390113.
checkpoint_e32 window_influence: 0.06649947690184549, penalty_k: 0.30522108569718520, scale_lr: 0.23234908453507011, EAO: 0.226
Trial 1026 finished with value: 0.22628503922766785 and parameters: {'window_influence': 0.06649947690184549, 'penalty_k': 0.3052210856971852, 'scale_lr': 0.2323490845350701}. Best is trial 489 with value: 0.28065862270390113.
checkpoint_e32 window_influence: 0.51014644803344122, penalty_k: 0.19133700910802587, scale_lr: 0.35442416182539249, EAO: 0.249
Trial 1027 finished with value: 0.24914379757109698 and parameters: {'window_influence': 0.5101464480334412, 'penalty_k': 0.19133700910802587, 'scale_lr': 0.3544241618253925}. Best is trial 489 with value: 0.28065862270390113.
checkpoint_e32 window_influence: 0.19048780181240255, penalty_k: 0.20380380897404030, scale_lr: 0.73213107941509326, EAO: 0.253
Trial 1028 finished with value: 0.2533576063872353 and parameters: {'window_influence': 0.19048780181240255, 'penalty_k': 0.2038038089740403, 'scale_lr': 0.7321310794150933}. Best is trial 489 with value: 0.28065862270390113.
checkpoint_e32 window_influence: 0.27922311099793534, penalty_k: 0.24711097074324925, scale_lr: 0.53965012139847002, EAO: 0.262
Trial 1029 finished with value: 0.261956042632824 and parameters: {'window_influence': 0.27922311099793534, 'penalty_k': 0.24711097074324925, 'scale_lr': 0.53965012139847}. Best is trial 489 with value: 0.28065862270390113.
checkpoint_e32 window_influence: 0.30692720216504132, penalty_k: 0.06764943084860962, scale_lr: 0.19525106348661436, EAO: 0.254
Trial 1030 finished with value: 0.25399634950771566 and parameters: {'window_influence': 0.3069272021650413, 'penalty_k': 0.06764943084860962, 'scale_lr': 0.19525106348661436}. Best is trial 489 with value: 0.28065862270390113.
checkpoint_e32 window_influence: 0.42396677302018476, penalty_k: 0.32846184294180547, scale_lr: 0.67374443282531937, EAO: 0.258
Trial 1031 finished with value: 0.2581867788865314 and parameters: {'window_influence': 0.42396677302018476, 'penalty_k': 0.32846184294180547, 'scale_lr': 0.6737444328253194}. Best is trial 489 with value: 0.28065862270390113.
checkpoint_e32 window_influence: 0.63364390696933892, penalty_k: 0.16655487977405681, scale_lr: 0.71137823651334431, EAO: 0.217
Trial 1032 finished with value: 0.21678251131036416 and parameters: {'window_influence': 0.6336439069693389, 'penalty_k': 0.1665548797740568, 'scale_lr': 0.7113782365133443}. Best is trial 489 with value: 0.28065862270390113.
checkpoint_e32 window_influence: 0.47608257327709025, penalty_k: 0.29969374840828578, scale_lr: 0.62199463869930494, EAO: 0.247
Trial 1033 finished with value: 0.24711151717881846 and parameters: {'window_influence': 0.47608257327709025, 'penalty_k': 0.2996937484082858, 'scale_lr': 0.6219946386993049}. Best is trial 489 with value: 0.28065862270390113.
checkpoint_e32 window_influence: 0.23444665411296667, penalty_k: 0.17869586841162496, scale_lr: 0.78684876689172245, EAO: 0.263
Trial 1034 finished with value: 0.26261235543382844 and parameters: {'window_influence': 0.23444665411296667, 'penalty_k': 0.17869586841162496, 'scale_lr': 0.7868487668917225}. Best is trial 489 with value: 0.28065862270390113.
checkpoint_e32 window_influence: 0.20901770833684416, penalty_k: 0.34692700208615473, scale_lr: 0.31353540995722556, EAO: 0.251
Trial 1035 finished with value: 0.2507375619881521 and parameters: {'window_influence': 0.20901770833684416, 'penalty_k': 0.34692700208615473, 'scale_lr': 0.31353540995722556}. Best is trial 489 with value: 0.28065862270390113.
checkpoint_e32 window_influence: 0.38098193110407375, penalty_k: 0.11251067269425843, scale_lr: 0.28102285247930370, EAO: 0.274
Trial 1036 finished with value: 0.27361036128387217 and parameters: {'window_influence': 0.38098193110407375, 'penalty_k': 0.11251067269425843, 'scale_lr': 0.2810228524793037}. Best is trial 489 with value: 0.28065862270390113.
checkpoint_e32 window_influence: 0.38187115451393167, penalty_k: 0.11849669363038383, scale_lr: 0.27134159228321358, EAO: 0.270
Trial 1037 finished with value: 0.2702828471859296 and parameters: {'window_influence': 0.38187115451393167, 'penalty_k': 0.11849669363038383, 'scale_lr': 0.2713415922832136}. Best is trial 489 with value: 0.28065862270390113.
checkpoint_e32 window_influence: 0.38583770358094271, penalty_k: 0.11689211491548858, scale_lr: 0.12392167367985643, EAO: 0.267
Trial 1038 finished with value: 0.2665492616048673 and parameters: {'window_influence': 0.3858377035809427, 'penalty_k': 0.11689211491548858, 'scale_lr': 0.12392167367985643}. Best is trial 489 with value: 0.28065862270390113.
checkpoint_e32 window_influence: 0.36869927861424717, penalty_k: 0.10285422351731786, scale_lr: 0.25851987952792216, EAO: 0.268
Trial 1039 finished with value: 0.268245411718764 and parameters: {'window_influence': 0.3686992786142472, 'penalty_k': 0.10285422351731786, 'scale_lr': 0.25851987952792216}. Best is trial 489 with value: 0.28065862270390113.
checkpoint_e32 window_influence: 0.39318022964232685, penalty_k: 0.13006908302005946, scale_lr: 0.10741525554508463, EAO: 0.257
Trial 1040 finished with value: 0.25717933342708804 and parameters: {'window_influence': 0.39318022964232685, 'penalty_k': 0.13006908302005946, 'scale_lr': 0.10741525554508463}. Best is trial 489 with value: 0.28065862270390113.
checkpoint_e32 window_influence: 0.38039142286277905, penalty_k: 0.12172640050912378, scale_lr: 0.14472087349571802, EAO: 0.258
Trial 1041 finished with value: 0.2584846649106925 and parameters: {'window_influence': 0.38039142286277905, 'penalty_k': 0.12172640050912378, 'scale_lr': 0.14472087349571802}. Best is trial 489 with value: 0.28065862270390113.
checkpoint_e32 window_influence: 0.40515691629081296, penalty_k: 0.14784772066925458, scale_lr: 0.58808913818411046, EAO: 0.249
Trial 1042 finished with value: 0.24883653635416575 and parameters: {'window_influence': 0.40515691629081296, 'penalty_k': 0.14784772066925458, 'scale_lr': 0.5880891381841105}. Best is trial 489 with value: 0.28065862270390113.
checkpoint_e32 window_influence: 0.38127528931634058, penalty_k: 0.10854148363354586, scale_lr: 0.44573951083679930, EAO: 0.273
Trial 1043 finished with value: 0.27335487972430095 and parameters: {'window_influence': 0.3812752893163406, 'penalty_k': 0.10854148363354586, 'scale_lr': 0.4457395108367993}. Best is trial 489 with value: 0.28065862270390113.
checkpoint_e32 window_influence: 0.39986660080907621, penalty_k: 0.10683494143435611, scale_lr: 0.48461402906672513, EAO: 0.256
Trial 1044 finished with value: 0.2563358616174721 and parameters: {'window_influence': 0.3998666008090762, 'penalty_k': 0.10683494143435611, 'scale_lr': 0.4846140290667251}. Best is trial 489 with value: 0.28065862270390113.
checkpoint_e32 window_influence: 0.16632860302806929, penalty_k: 0.09676246731842884, scale_lr: 0.55592350651708489, EAO: 0.246
Trial 1045 finished with value: 0.24591804828827943 and parameters: {'window_influence': 0.1663286030280693, 'penalty_k': 0.09676246731842884, 'scale_lr': 0.5559235065170849}. Best is trial 489 with value: 0.28065862270390113.
checkpoint_e32 window_influence: 0.38894988673008740, penalty_k: 0.09076406342252755, scale_lr: 0.24206703921173231, EAO: 0.259
Trial 1046 finished with value: 0.25948771888889915 and parameters: {'window_influence': 0.3889498867300874, 'penalty_k': 0.09076406342252755, 'scale_lr': 0.2420670392117323}. Best is trial 489 with value: 0.28065862270390113.
checkpoint_e32 window_influence: 0.41237244135134637, penalty_k: 0.10312714308078766, scale_lr: 0.52282502273782538, EAO: 0.270
Trial 1047 finished with value: 0.26970681857045103 and parameters: {'window_influence': 0.4123724413513464, 'penalty_k': 0.10312714308078766, 'scale_lr': 0.5228250227378254}. Best is trial 489 with value: 0.28065862270390113.
checkpoint_e32 window_influence: 0.37531297258701529, penalty_k: 0.12527500640327102, scale_lr: 0.53876792374760019, EAO: 0.256
Trial 1048 finished with value: 0.2556397670168218 and parameters: {'window_influence': 0.3753129725870153, 'penalty_k': 0.12527500640327102, 'scale_lr': 0.5387679237476002}. Best is trial 489 with value: 0.28065862270390113.
checkpoint_e32 window_influence: 0.15306354849520823, penalty_k: 0.09676356698807174, scale_lr: 0.36727253556072637, EAO: 0.236
Trial 1049 finished with value: 0.23633743331926624 and parameters: {'window_influence': 0.15306354849520823, 'penalty_k': 0.09676356698807174, 'scale_lr': 0.36727253556072637}. Best is trial 489 with value: 0.28065862270390113.
checkpoint_e32 window_influence: 0.39784339290956672, penalty_k: 0.08317600879092950, scale_lr: 0.45459160253252484, EAO: 0.274
Trial 1050 finished with value: 0.2738414163269648 and parameters: {'window_influence': 0.3978433929095667, 'penalty_k': 0.0831760087909295, 'scale_lr': 0.45459160253252484}. Best is trial 489 with value: 0.28065862270390113.
checkpoint_e32 window_influence: 0.40114810974888654, penalty_k: 0.11527194252082239, scale_lr: 0.44521556745814361, EAO: 0.266
Trial 1051 finished with value: 0.26611991529542256 and parameters: {'window_influence': 0.40114810974888654, 'penalty_k': 0.11527194252082239, 'scale_lr': 0.4452155674581436}. Best is trial 489 with value: 0.28065862270390113.
checkpoint_e32 window_influence: 0.40936040224409237, penalty_k: 0.08529960034412247, scale_lr: 0.44584622028996590, EAO: 0.264
Trial 1052 finished with value: 0.26393240859838035 and parameters: {'window_influence': 0.40936040224409237, 'penalty_k': 0.08529960034412247, 'scale_lr': 0.4458462202899659}. Best is trial 489 with value: 0.28065862270390113.
checkpoint_e32 window_influence: 0.39443645631257246, penalty_k: 0.07575671301154963, scale_lr: 0.45990237915482790, EAO: 0.259
