Trial 248 finished with value: 0.24993688679807555 and parameters: {'window_influence': 0.360311751804543, 'penalty_k': 0.29217181730027914, 'scale_lr': 0.6137806286425755}. Best is trial 195 with value: 0.28105787121183506.
checkpoint_e34 window_influence: 0.34141783056320146, penalty_k: 0.24038544716704977, scale_lr: 0.53793586886069134, EAO: 0.283
Trial 249 finished with value: 0.2825044647949498 and parameters: {'window_influence': 0.34141783056320146, 'penalty_k': 0.24038544716704977, 'scale_lr': 0.5379358688606913}. Best is trial 249 with value: 0.2825044647949498.
checkpoint_e34 window_influence: 0.32011835111924564, penalty_k: 0.21368766762373281, scale_lr: 0.53803361359560453, EAO: 0.266
Trial 250 finished with value: 0.2664856089324486 and parameters: {'window_influence': 0.32011835111924564, 'penalty_k': 0.2136876676237328, 'scale_lr': 0.5380336135956045}. Best is trial 249 with value: 0.2825044647949498.
checkpoint_e34 window_influence: 0.33860244522280047, penalty_k: 0.22624127522638854, scale_lr: 0.53489200262434256, EAO: 0.266
Trial 251 finished with value: 0.2660757772685067 and parameters: {'window_influence': 0.3386024452228005, 'penalty_k': 0.22624127522638854, 'scale_lr': 0.5348920026243426}. Best is trial 249 with value: 0.2825044647949498.
checkpoint_e34 window_influence: 0.32684341221408275, penalty_k: 0.24565337462742640, scale_lr: 0.52330796029962501, EAO: 0.258
Trial 252 finished with value: 0.2578017069556849 and parameters: {'window_influence': 0.32684341221408275, 'penalty_k': 0.2456533746274264, 'scale_lr': 0.523307960299625}. Best is trial 249 with value: 0.2825044647949498.
checkpoint_e34 window_influence: 0.31168698713380361, penalty_k: 0.23630216845859611, scale_lr: 0.56507292304196843, EAO: 0.269
Trial 253 finished with value: 0.2687254170697879 and parameters: {'window_influence': 0.3116869871338036, 'penalty_k': 0.2363021684585961, 'scale_lr': 0.5650729230419684}. Best is trial 249 with value: 0.2825044647949498.
checkpoint_e34 window_influence: 0.27478489619374413, penalty_k: 0.21733178824338129, scale_lr: 0.54716252617327799, EAO: 0.264
Trial 254 finished with value: 0.2637175609304653 and parameters: {'window_influence': 0.27478489619374413, 'penalty_k': 0.21733178824338129, 'scale_lr': 0.547162526173278}. Best is trial 249 with value: 0.2825044647949498.
checkpoint_e34 window_influence: 0.34399830838041795, penalty_k: 0.25513088187026128, scale_lr: 0.50052746019574801, EAO: 0.256
Trial 255 finished with value: 0.25622498474227706 and parameters: {'window_influence': 0.34399830838041795, 'penalty_k': 0.2551308818702613, 'scale_lr': 0.500527460195748}. Best is trial 249 with value: 0.2825044647949498.
checkpoint_e34 window_influence: 0.33159481520579592, penalty_k: 0.26641509648713518, scale_lr: 0.58382477848123915, EAO: 0.262
Trial 256 finished with value: 0.262272877240084 and parameters: {'window_influence': 0.3315948152057959, 'penalty_k': 0.2664150964871352, 'scale_lr': 0.5838247784812391}. Best is trial 249 with value: 0.2825044647949498.
checkpoint_e34 window_influence: 0.28793010563547494, penalty_k: 0.19792076346248699, scale_lr: 0.52681438637188838, EAO: 0.275
Trial 257 finished with value: 0.2749679250324645 and parameters: {'window_influence': 0.28793010563547494, 'penalty_k': 0.197920763462487, 'scale_lr': 0.5268143863718884}. Best is trial 249 with value: 0.2825044647949498.
checkpoint_e34 window_influence: 0.28893789918061441, penalty_k: 0.31679731249467613, scale_lr: 0.53233709376093863, EAO: 0.274
Trial 258 finished with value: 0.27409903347734516 and parameters: {'window_influence': 0.2889378991806144, 'penalty_k': 0.31679731249467613, 'scale_lr': 0.5323370937609386}. Best is trial 249 with value: 0.2825044647949498.
checkpoint_e34 window_influence: 0.28942274858697581, penalty_k: 0.31444991317595883, scale_lr: 0.47093357981610473, EAO: 0.272
Trial 259 finished with value: 0.2721291747761936 and parameters: {'window_influence': 0.2894227485869758, 'penalty_k': 0.31444991317595883, 'scale_lr': 0.47093357981610473}. Best is trial 249 with value: 0.2825044647949498.
checkpoint_e34 window_influence: 0.28717742584416789, penalty_k: 0.31807367237413098, scale_lr: 0.47317174433612463, EAO: 0.264
Trial 260 finished with value: 0.2638048590804503 and parameters: {'window_influence': 0.2871774258441679, 'penalty_k': 0.318073672374131, 'scale_lr': 0.47317174433612463}. Best is trial 249 with value: 0.2825044647949498.
checkpoint_e34 window_influence: 0.27848578464179041, penalty_k: 0.30893016259095851, scale_lr: 0.53164512689238119, EAO: 0.268
Trial 261 finished with value: 0.267521798004949 and parameters: {'window_influence': 0.2784857846417904, 'penalty_k': 0.3089301625909585, 'scale_lr': 0.5316451268923812}. Best is trial 249 with value: 0.2825044647949498.
checkpoint_e34 window_influence: 0.28690122798581974, penalty_k: 0.19433334973259142, scale_lr: 0.50607165039973190, EAO: 0.279
Trial 262 finished with value: 0.279469851919306 and parameters: {'window_influence': 0.28690122798581974, 'penalty_k': 0.19433334973259142, 'scale_lr': 0.5060716503997319}. Best is trial 249 with value: 0.2825044647949498.
checkpoint_e34 window_influence: 0.29094230034579921, penalty_k: 0.20407066280017697, scale_lr: 0.48966507198808051, EAO: 0.268
Trial 263 finished with value: 0.2677094037455272 and parameters: {'window_influence': 0.2909423003457992, 'penalty_k': 0.20407066280017697, 'scale_lr': 0.4896650719880805}. Best is trial 249 with value: 0.2825044647949498.
checkpoint_e34 window_influence: 0.28838672947835736, penalty_k: 0.19632304925597571, scale_lr: 0.50947299732845819, EAO: 0.262
Trial 264 finished with value: 0.26228085663018186 and parameters: {'window_influence': 0.28838672947835736, 'penalty_k': 0.1963230492559757, 'scale_lr': 0.5094729973284582}. Best is trial 249 with value: 0.2825044647949498.
checkpoint_e34 window_influence: 0.26933306241540034, penalty_k: 0.18255014919541795, scale_lr: 0.53980075179277276, EAO: 0.261
Trial 265 finished with value: 0.2613738590503127 and parameters: {'window_influence': 0.26933306241540034, 'penalty_k': 0.18255014919541795, 'scale_lr': 0.5398007517927728}. Best is trial 249 with value: 0.2825044647949498.
checkpoint_e34 window_influence: 0.28277772233740456, penalty_k: 0.32597822865493303, scale_lr: 0.52129202770050187, EAO: 0.262
Trial 266 finished with value: 0.26215104958633095 and parameters: {'window_influence': 0.28277772233740456, 'penalty_k': 0.32597822865493303, 'scale_lr': 0.5212920277005019}. Best is trial 249 with value: 0.2825044647949498.
checkpoint_e34 window_influence: 0.29500391040195623, penalty_k: 0.29689721723933599, scale_lr: 0.48248246651549342, EAO: 0.266
Trial 267 finished with value: 0.2656124071255932 and parameters: {'window_influence': 0.2950039104019562, 'penalty_k': 0.296897217239336, 'scale_lr': 0.4824824665154934}. Best is trial 249 with value: 0.2825044647949498.
checkpoint_e34 window_influence: 0.29868745085305443, penalty_k: 0.32437057213568171, scale_lr: 0.55811481147277275, EAO: 0.258
Trial 268 finished with value: 0.2575598274910353 and parameters: {'window_influence': 0.2986874508530544, 'penalty_k': 0.3243705721356817, 'scale_lr': 0.5581148114727728}. Best is trial 249 with value: 0.2825044647949498.
checkpoint_e34 window_influence: 0.31146318900216802, penalty_k: 0.30910187548055379, scale_lr: 0.50633000513613524, EAO: 0.275
Trial 269 finished with value: 0.27472769777949263 and parameters: {'window_influence': 0.311463189002168, 'penalty_k': 0.3091018754805538, 'scale_lr': 0.5063300051361352}. Best is trial 249 with value: 0.2825044647949498.
checkpoint_e34 window_influence: 0.26988724921377133, penalty_k: 0.32349182988218106, scale_lr: 0.47877252205968435, EAO: 0.254
Trial 270 finished with value: 0.25397189882228044 and parameters: {'window_influence': 0.26988724921377133, 'penalty_k': 0.32349182988218106, 'scale_lr': 0.47877252205968435}. Best is trial 249 with value: 0.2825044647949498.
checkpoint_e34 window_influence: 0.30765924066605949, penalty_k: 0.29829235532008713, scale_lr: 0.51139880304337071, EAO: 0.260
Trial 271 finished with value: 0.2604309737197752 and parameters: {'window_influence': 0.3076592406660595, 'penalty_k': 0.29829235532008713, 'scale_lr': 0.5113988030433707}. Best is trial 249 with value: 0.2825044647949498.
checkpoint_e34 window_influence: 0.19534086442505838, penalty_k: 0.31693814515130841, scale_lr: 0.46369508945320592, EAO: 0.253
Trial 272 finished with value: 0.25299645960330963 and parameters: {'window_influence': 0.19534086442505838, 'penalty_k': 0.3169381451513084, 'scale_lr': 0.4636950894532059}. Best is trial 249 with value: 0.2825044647949498.
checkpoint_e34 window_influence: 0.28124175879096114, penalty_k: 0.34020223320668236, scale_lr: 0.52054574325500624, EAO: 0.258
Trial 273 finished with value: 0.2584638671298337 and parameters: {'window_influence': 0.28124175879096114, 'penalty_k': 0.34020223320668236, 'scale_lr': 0.5205457432550062}. Best is trial 249 with value: 0.2825044647949498.
checkpoint_e34 window_influence: 0.26092303054702776, penalty_k: 0.30937785990179906, scale_lr: 0.49174579569625765, EAO: 0.273
Trial 274 finished with value: 0.2728977987194449 and parameters: {'window_influence': 0.26092303054702776, 'penalty_k': 0.30937785990179906, 'scale_lr': 0.49174579569625765}. Best is trial 249 with value: 0.2825044647949498.
checkpoint_e34 window_influence: 0.25630424992367662, penalty_k: 0.31137950323220376, scale_lr: 0.49736509972263104, EAO: 0.265
Trial 275 finished with value: 0.2654219183131931 and parameters: {'window_influence': 0.2563042499236766, 'penalty_k': 0.31137950323220376, 'scale_lr': 0.49736509972263104}. Best is trial 249 with value: 0.2825044647949498.
checkpoint_e34 window_influence: 0.26553636786515888, penalty_k: 0.30604337048724589, scale_lr: 0.46649491347875027, EAO: 0.258
Trial 276 finished with value: 0.2577090359073344 and parameters: {'window_influence': 0.2655363678651589, 'penalty_k': 0.3060433704872459, 'scale_lr': 0.4664949134787503}. Best is trial 249 with value: 0.2825044647949498.
checkpoint_e34 window_influence: 0.27971292743626575, penalty_k: 0.28978231333122734, scale_lr: 0.49591837626944979, EAO: 0.271
Trial 277 finished with value: 0.27068565967606334 and parameters: {'window_influence': 0.27971292743626575, 'penalty_k': 0.28978231333122734, 'scale_lr': 0.4959183762694498}. Best is trial 249 with value: 0.2825044647949498.
checkpoint_e34 window_influence: 0.29613269219143196, penalty_k: 0.20014127229420328, scale_lr: 0.50394341605065196, EAO: 0.271
Trial 278 finished with value: 0.2713659139789217 and parameters: {'window_influence': 0.29613269219143196, 'penalty_k': 0.20014127229420328, 'scale_lr': 0.503943416050652}. Best is trial 249 with value: 0.2825044647949498.
checkpoint_e34 window_influence: 0.29252663111461519, penalty_k: 0.19761790380855393, scale_lr: 0.50538173563943001, EAO: 0.288
Trial 279 finished with value: 0.28839627738163726 and parameters: {'window_influence': 0.2925266311146152, 'penalty_k': 0.19761790380855393, 'scale_lr': 0.50538173563943}. Best is trial 279 with value: 0.28839627738163726.
checkpoint_e34 window_influence: 0.26134050472965503, penalty_k: 0.17729100579757839, scale_lr: 0.49332967220584500, EAO: 0.263
Trial 280 finished with value: 0.2626326078685319 and parameters: {'window_influence': 0.26134050472965503, 'penalty_k': 0.1772910057975784, 'scale_lr': 0.493329672205845}. Best is trial 279 with value: 0.28839627738163726.
checkpoint_e34 window_influence: 0.27821840915662727, penalty_k: 0.19280911671234940, scale_lr: 0.51150822999512380, EAO: 0.268
Trial 281 finished with value: 0.26847305712176533 and parameters: {'window_influence': 0.27821840915662727, 'penalty_k': 0.1928091167123494, 'scale_lr': 0.5115082299951238}. Best is trial 279 with value: 0.28839627738163726.
checkpoint_e34 window_influence: 0.11516628715936905, penalty_k: 0.22130943746765649, scale_lr: 0.54173890023233229, EAO: 0.236
Trial 282 finished with value: 0.23559066532103995 and parameters: {'window_influence': 0.11516628715936905, 'penalty_k': 0.2213094374676565, 'scale_lr': 0.5417389002323323}. Best is trial 279 with value: 0.28839627738163726.
checkpoint_e34 window_influence: 0.28582570030136689, penalty_k: 0.21242886573413031, scale_lr: 0.52587519372949199, EAO: 0.266
Trial 283 finished with value: 0.2656155443046151 and parameters: {'window_influence': 0.2858257003013669, 'penalty_k': 0.2124288657341303, 'scale_lr': 0.525875193729492}. Best is trial 279 with value: 0.28839627738163726.
checkpoint_e34 window_influence: 0.29636625547064638, penalty_k: 0.17289467395490593, scale_lr: 0.48547158759448561, EAO: 0.263
Trial 284 finished with value: 0.263163091932855 and parameters: {'window_influence': 0.2963662554706464, 'penalty_k': 0.17289467395490593, 'scale_lr': 0.4854715875944856}. Best is trial 279 with value: 0.28839627738163726.
checkpoint_e34 window_influence: 0.24966852065791545, penalty_k: 0.32952224356240317, scale_lr: 0.44993157230016423, EAO: 0.247
Trial 285 finished with value: 0.24680019872702233 and parameters: {'window_influence': 0.24966852065791545, 'penalty_k': 0.32952224356240317, 'scale_lr': 0.44993157230016423}. Best is trial 279 with value: 0.28839627738163726.
checkpoint_e34 window_influence: 0.27191671799810813, penalty_k: 0.19068093444522335, scale_lr: 0.50622234010286882, EAO: 0.268
Trial 286 finished with value: 0.2676577278511311 and parameters: {'window_influence': 0.2719167179981081, 'penalty_k': 0.19068093444522335, 'scale_lr': 0.5062223401028688}. Best is trial 279 with value: 0.28839627738163726.
checkpoint_e34 window_influence: 0.29080930008658307, penalty_k: 0.30447921079554241, scale_lr: 0.57484719173063359, EAO: 0.270
Trial 287 finished with value: 0.27013619389475846 and parameters: {'window_influence': 0.29080930008658307, 'penalty_k': 0.3044792107955424, 'scale_lr': 0.5748471917306336}. Best is trial 279 with value: 0.28839627738163726.
checkpoint_e34 window_influence: 0.30689879355764316, penalty_k: 0.36061594269604291, scale_lr: 0.52242438937550262, EAO: 0.255
Trial 288 finished with value: 0.25511996835712497 and parameters: {'window_influence': 0.30689879355764316, 'penalty_k': 0.3606159426960429, 'scale_lr': 0.5224243893755026}. Best is trial 279 with value: 0.28839627738163726.
checkpoint_e34 window_influence: 0.46037760690083246, penalty_k: 0.20826298920224454, scale_lr: 0.63126218838979642, EAO: 0.253
Trial 289 finished with value: 0.25299292069867374 and parameters: {'window_influence': 0.46037760690083246, 'penalty_k': 0.20826298920224454, 'scale_lr': 0.6312621883897964}. Best is trial 279 with value: 0.28839627738163726.
checkpoint_e34 window_influence: 0.26858347968984347, penalty_k: 0.02202976088266449, scale_lr: 0.53736332661286901, EAO: 0.252
Trial 290 finished with value: 0.2515508259336154 and parameters: {'window_influence': 0.2685834796898435, 'penalty_k': 0.022029760882664493, 'scale_lr': 0.537363326612869}. Best is trial 279 with value: 0.28839627738163726.
checkpoint_e34 window_influence: 0.31394986155272858, penalty_k: 0.23922232115392522, scale_lr: 0.60005175950642742, EAO: 0.255
Trial 291 finished with value: 0.2547801819031801 and parameters: {'window_influence': 0.3139498615527286, 'penalty_k': 0.23922232115392522, 'scale_lr': 0.6000517595064274}. Best is trial 279 with value: 0.28839627738163726.
checkpoint_e34 window_influence: 0.25453701023036052, penalty_k: 0.16834402380878485, scale_lr: 0.54953780711117028, EAO: 0.263
Trial 292 finished with value: 0.26293620333923556 and parameters: {'window_influence': 0.2545370102303605, 'penalty_k': 0.16834402380878485, 'scale_lr': 0.5495378071111703}. Best is trial 279 with value: 0.28839627738163726.
checkpoint_e34 window_influence: 0.37855623551899897, penalty_k: 0.18324292090044211, scale_lr: 0.47796615722459751, EAO: 0.258
Trial 293 finished with value: 0.2578538581123197 and parameters: {'window_influence': 0.378556235518999, 'penalty_k': 0.1832429209004421, 'scale_lr': 0.4779661572245975}. Best is trial 279 with value: 0.28839627738163726.
checkpoint_e34 window_influence: 0.29263738951417045, penalty_k: 0.19704282710237822, scale_lr: 0.42124213882329165, EAO: 0.263
Trial 294 finished with value: 0.26300207610295073 and parameters: {'window_influence': 0.29263738951417045, 'penalty_k': 0.19704282710237822, 'scale_lr': 0.42124213882329165}. Best is trial 279 with value: 0.28839627738163726.
checkpoint_e34 window_influence: 0.22423014548064785, penalty_k: 0.22994002140895248, scale_lr: 0.49947029737608534, EAO: 0.254
Trial 295 finished with value: 0.2540441374105167 and parameters: {'window_influence': 0.22423014548064785, 'penalty_k': 0.22994002140895248, 'scale_lr': 0.49947029737608534}. Best is trial 279 with value: 0.28839627738163726.
checkpoint_e34 window_influence: 0.30650257910064083, penalty_k: 0.15866989115034669, scale_lr: 0.55861292759081937, EAO: 0.262
Trial 296 finished with value: 0.2621431772907575 and parameters: {'window_influence': 0.3065025791006408, 'penalty_k': 0.1586698911503467, 'scale_lr': 0.5586129275908194}. Best is trial 279 with value: 0.28839627738163726.
checkpoint_e34 window_influence: 0.25976596057783724, penalty_k: 0.22126712452988093, scale_lr: 0.51463436303143650, EAO: 0.269
Trial 297 finished with value: 0.2687847870515614 and parameters: {'window_influence': 0.25976596057783724, 'penalty_k': 0.22126712452988093, 'scale_lr': 0.5146343630314365}. Best is trial 279 with value: 0.28839627738163726.
checkpoint_e34 window_influence: 0.28084613769226224, penalty_k: 0.28472114322521902, scale_lr: 0.52715636149920209, EAO: 0.262
Trial 298 finished with value: 0.2624717390513032 and parameters: {'window_influence': 0.28084613769226224, 'penalty_k': 0.284721143225219, 'scale_lr': 0.5271563614992021}. Best is trial 279 with value: 0.28839627738163726.
checkpoint_e34 window_influence: 0.32019606743260293, penalty_k: 0.31456033692757379, scale_lr: 0.58117748788730039, EAO: 0.270
Trial 299 finished with value: 0.2703848218893617 and parameters: {'window_influence': 0.3201960674326029, 'penalty_k': 0.3145603369275738, 'scale_lr': 0.5811774878873004}. Best is trial 279 with value: 0.28839627738163726.
checkpoint_e34 window_influence: 0.23963594555782849, penalty_k: 0.03468188075289678, scale_lr: 0.60990669269647468, EAO: 0.263
Trial 300 finished with value: 0.2633373350268457 and parameters: {'window_influence': 0.2396359455578285, 'penalty_k': 0.034681880752896785, 'scale_lr': 0.6099066926964747}. Best is trial 279 with value: 0.28839627738163726.
checkpoint_e34 window_influence: 0.34440840691547997, penalty_k: 0.17849983693530844, scale_lr: 0.10500123808398387, EAO: 0.252
Trial 301 finished with value: 0.2518343729216878 and parameters: {'window_influence': 0.34440840691547997, 'penalty_k': 0.17849983693530844, 'scale_lr': 0.10500123808398387}. Best is trial 279 with value: 0.28839627738163726.
checkpoint_e34 window_influence: 0.30598588117985770, penalty_k: 0.20565601373018871, scale_lr: 0.49120870260244992, EAO: 0.267
Trial 302 finished with value: 0.2665962030490239 and parameters: {'window_influence': 0.3059858811798577, 'penalty_k': 0.2056560137301887, 'scale_lr': 0.4912087026024499}. Best is trial 279 with value: 0.28839627738163726.
checkpoint_e34 window_influence: 0.37027406135952778, penalty_k: 0.24129945616747922, scale_lr: 0.45929438977034015, EAO: 0.254
Trial 303 finished with value: 0.2543054256376212 and parameters: {'window_influence': 0.3702740613595278, 'penalty_k': 0.24129945616747922, 'scale_lr': 0.45929438977034015}. Best is trial 279 with value: 0.28839627738163726.
checkpoint_e34 window_influence: 0.20453768346324797, penalty_k: 0.29548614490653680, scale_lr: 0.62899830192778039, EAO: 0.258
Trial 304 finished with value: 0.25799579978958376 and parameters: {'window_influence': 0.20453768346324797, 'penalty_k': 0.2954861449065368, 'scale_lr': 0.6289983019277804}. Best is trial 279 with value: 0.28839627738163726.
checkpoint_e34 window_influence: 0.27425482194901041, penalty_k: 0.04819224744185387, scale_lr: 0.65786066124660492, EAO: 0.254
Trial 305 finished with value: 0.2535855041407957 and parameters: {'window_influence': 0.2742548219490104, 'penalty_k': 0.048192247441853873, 'scale_lr': 0.6578606612466049}. Best is trial 279 with value: 0.28839627738163726.
checkpoint_e34 window_influence: 0.13544824904526095, penalty_k: 0.01023613035314333, scale_lr: 0.56907657304882364, EAO: 0.247
Trial 306 finished with value: 0.24736938825467739 and parameters: {'window_influence': 0.13544824904526095, 'penalty_k': 0.010236130353143334, 'scale_lr': 0.5690765730488236}. Best is trial 279 with value: 0.28839627738163726.
checkpoint_e34 window_influence: 0.52522325134080239, penalty_k: 0.18766358358136731, scale_lr: 0.51211473921868411, EAO: 0.247
Trial 307 finished with value: 0.24669459122952406 and parameters: {'window_influence': 0.5252232513408024, 'penalty_k': 0.1876635835813673, 'scale_lr': 0.5121147392186841}. Best is trial 279 with value: 0.28839627738163726.
checkpoint_e34 window_influence: 0.29622247052529527, penalty_k: 0.16393137320349238, scale_lr: 0.59311304519676855, EAO: 0.264
Trial 308 finished with value: 0.264244818529947 and parameters: {'window_influence': 0.29622247052529527, 'penalty_k': 0.16393137320349238, 'scale_lr': 0.5931130451967686}. Best is trial 279 with value: 0.28839627738163726.
checkpoint_e34 window_influence: 0.32022475596825312, penalty_k: 0.56416163136145103, scale_lr: 0.54413796613038101, EAO: 0.258
Trial 309 finished with value: 0.2578167883845849 and parameters: {'window_influence': 0.3202247559682531, 'penalty_k': 0.564161631361451, 'scale_lr': 0.544137966130381}. Best is trial 279 with value: 0.28839627738163726.
checkpoint_e34 window_influence: 0.28393461233781236, penalty_k: 0.33370782567146606, scale_lr: 0.47424504746712814, EAO: 0.259
