Trial 61 finished with value: 0.2549245902677862 and parameters: {'window_influence': 0.2972338669201539, 'penalty_k': 0.07020640077215738, 'scale_lr': 0.3334374784634835}. Best is trial 60 with value: 0.28121748106266425.
checkpoint_e30 window_influence: 0.27658658591553681, penalty_k: 0.11257530909366004, scale_lr: 0.29400458870387558, EAO: 0.268
Trial 62 finished with value: 0.26780290077856883 and parameters: {'window_influence': 0.2765865859155368, 'penalty_k': 0.11257530909366004, 'scale_lr': 0.2940045887038756}. Best is trial 60 with value: 0.28121748106266425.
checkpoint_e30 window_influence: 0.34970708742041856, penalty_k: 0.06223486532754251, scale_lr: 0.35788707524844360, EAO: 0.267
Trial 63 finished with value: 0.26687045134906845 and parameters: {'window_influence': 0.34970708742041856, 'penalty_k': 0.06223486532754251, 'scale_lr': 0.3578870752484436}. Best is trial 60 with value: 0.28121748106266425.
checkpoint_e30 window_influence: 0.24969779243602547, penalty_k: 0.08961648128044261, scale_lr: 0.33117138743748498, EAO: 0.260
Trial 64 finished with value: 0.2598940723431789 and parameters: {'window_influence': 0.24969779243602547, 'penalty_k': 0.08961648128044261, 'scale_lr': 0.331171387437485}. Best is trial 60 with value: 0.28121748106266425.
checkpoint_e30 window_influence: 0.22437094451494324, penalty_k: 0.13956101205296276, scale_lr: 0.39802899567062089, EAO: 0.259
Trial 65 finished with value: 0.2592513443735557 and parameters: {'window_influence': 0.22437094451494324, 'penalty_k': 0.13956101205296276, 'scale_lr': 0.3980289956706209}. Best is trial 60 with value: 0.28121748106266425.
checkpoint_e30 window_influence: 0.33629350587328222, penalty_k: 0.04361261605925416, scale_lr: 0.28071495849420652, EAO: 0.266
Trial 66 finished with value: 0.26640385589221627 and parameters: {'window_influence': 0.3362935058732822, 'penalty_k': 0.043612616059254164, 'scale_lr': 0.2807149584942065}. Best is trial 60 with value: 0.28121748106266425.
checkpoint_e30 window_influence: 0.29677239440871017, penalty_k: 0.17832990647018718, scale_lr: 0.30171506090206374, EAO: 0.270
Trial 67 finished with value: 0.26992464174584646 and parameters: {'window_influence': 0.29677239440871017, 'penalty_k': 0.17832990647018718, 'scale_lr': 0.30171506090206374}. Best is trial 60 with value: 0.28121748106266425.
checkpoint_e30 window_influence: 0.40866827813124862, penalty_k: 0.02387619105910972, scale_lr: 0.36616092251295751, EAO: 0.263
Trial 68 finished with value: 0.2629764932927077 and parameters: {'window_influence': 0.4086682781312486, 'penalty_k': 0.023876191059109722, 'scale_lr': 0.3661609225129575}. Best is trial 60 with value: 0.28121748106266425.
checkpoint_e30 window_influence: 0.31494713793075135, penalty_k: 0.00789606097800465, scale_lr: 0.32252287187242851, EAO: 0.262
Trial 69 finished with value: 0.26242349411898513 and parameters: {'window_influence': 0.31494713793075135, 'penalty_k': 0.007896060978004653, 'scale_lr': 0.3225228718724285}. Best is trial 60 with value: 0.28121748106266425.
checkpoint_e30 window_influence: 0.35817091461694534, penalty_k: 0.20976729281139661, scale_lr: 0.30825216005817130, EAO: 0.265
Trial 70 finished with value: 0.2647701911325377 and parameters: {'window_influence': 0.35817091461694534, 'penalty_k': 0.2097672928113966, 'scale_lr': 0.3082521600581713}. Best is trial 60 with value: 0.28121748106266425.
checkpoint_e30 window_influence: 0.29772317725409408, penalty_k: 0.17620945797691337, scale_lr: 0.25282337791853743, EAO: 0.269
Trial 71 finished with value: 0.26933640290081984 and parameters: {'window_influence': 0.2977231772540941, 'penalty_k': 0.17620945797691337, 'scale_lr': 0.25282337791853743}. Best is trial 60 with value: 0.28121748106266425.
checkpoint_e30 window_influence: 0.25733128050209308, penalty_k: 0.15331739363336258, scale_lr: 0.29549215587960148, EAO: 0.271
Trial 72 finished with value: 0.27133412943865226 and parameters: {'window_influence': 0.2573312805020931, 'penalty_k': 0.15331739363336258, 'scale_lr': 0.2954921558796015}. Best is trial 60 with value: 0.28121748106266425.
checkpoint_e30 window_influence: 0.25811312170185075, penalty_k: 0.23640400195818823, scale_lr: 0.28669518183125275, EAO: 0.257
Trial 73 finished with value: 0.2572876764991419 and parameters: {'window_influence': 0.25811312170185075, 'penalty_k': 0.23640400195818823, 'scale_lr': 0.28669518183125275}. Best is trial 60 with value: 0.28121748106266425.
checkpoint_e30 window_influence: 0.27709320948947719, penalty_k: 0.18406660587107343, scale_lr: 0.34183372423408093, EAO: 0.271
Trial 74 finished with value: 0.27071329060851074 and parameters: {'window_influence': 0.2770932094894772, 'penalty_k': 0.18406660587107343, 'scale_lr': 0.3418337242340809}. Best is trial 60 with value: 0.28121748106266425.
checkpoint_e30 window_influence: 0.19648829524862083, penalty_k: 0.18583045155564190, scale_lr: 0.34963582471846361, EAO: 0.263
Trial 75 finished with value: 0.2631117061870854 and parameters: {'window_influence': 0.19648829524862083, 'penalty_k': 0.1858304515556419, 'scale_lr': 0.3496358247184636}. Best is trial 60 with value: 0.28121748106266425.
checkpoint_e30 window_influence: 0.24055147367661694, penalty_k: 0.15458387048333461, scale_lr: 0.37673810950771452, EAO: 0.269
Trial 76 finished with value: 0.2694468372842161 and parameters: {'window_influence': 0.24055147367661694, 'penalty_k': 0.1545838704833346, 'scale_lr': 0.3767381095077145}. Best is trial 60 with value: 0.28121748106266425.
checkpoint_e30 window_influence: 0.28472683613602345, penalty_k: 0.12364552439082817, scale_lr: 0.44190264719496219, EAO: 0.267
Trial 77 finished with value: 0.2673005561639623 and parameters: {'window_influence': 0.28472683613602345, 'penalty_k': 0.12364552439082817, 'scale_lr': 0.4419026471949622}. Best is trial 60 with value: 0.28121748106266425.
checkpoint_e30 window_influence: 0.32750664722224443, penalty_k: 0.10016007076168240, scale_lr: 0.39767312309576763, EAO: 0.273
Trial 78 finished with value: 0.2733623051061863 and parameters: {'window_influence': 0.32750664722224443, 'penalty_k': 0.1001600707616824, 'scale_lr': 0.39767312309576763}. Best is trial 60 with value: 0.28121748106266425.
checkpoint_e30 window_influence: 0.32394944952423232, penalty_k: 0.07350097288467333, scale_lr: 0.39965721134116067, EAO: 0.278
Trial 79 finished with value: 0.2777204641966316 and parameters: {'window_influence': 0.3239494495242323, 'penalty_k': 0.07350097288467333, 'scale_lr': 0.39965721134116067}. Best is trial 60 with value: 0.28121748106266425.
checkpoint_e30 window_influence: 0.32443848217367954, penalty_k: 0.07524374183614709, scale_lr: 0.40322602302297100, EAO: 0.263
Trial 80 finished with value: 0.2625678099267851 and parameters: {'window_influence': 0.32443848217367954, 'penalty_k': 0.07524374183614709, 'scale_lr': 0.403226023022971}. Best is trial 60 with value: 0.28121748106266425.
checkpoint_e30 window_influence: 0.34101097766326111, penalty_k: 0.09799857905181550, scale_lr: 0.41513966259140678, EAO: 0.266
Trial 81 finished with value: 0.26593281667891555 and parameters: {'window_influence': 0.3410109776632611, 'penalty_k': 0.0979985790518155, 'scale_lr': 0.4151396625914068}. Best is trial 60 with value: 0.28121748106266425.
checkpoint_e30 window_influence: 0.32388796547374088, penalty_k: 0.05811809096399947, scale_lr: 0.37862312026455963, EAO: 0.278
Trial 82 finished with value: 0.277611035278173 and parameters: {'window_influence': 0.3238879654737409, 'penalty_k': 0.058118090963999475, 'scale_lr': 0.37862312026455963}. Best is trial 60 with value: 0.28121748106266425.
checkpoint_e30 window_influence: 0.36262944490676235, penalty_k: 0.05528192079132259, scale_lr: 0.37798464864434778, EAO: 0.274
Trial 83 finished with value: 0.2738485436856262 and parameters: {'window_influence': 0.36262944490676235, 'penalty_k': 0.05528192079132259, 'scale_lr': 0.3779846486443478}. Best is trial 60 with value: 0.28121748106266425.
checkpoint_e30 window_influence: 0.38618937176932289, penalty_k: 0.05859717793706271, scale_lr: 0.37962117169272724, EAO: 0.276
Trial 84 finished with value: 0.27611666851169697 and parameters: {'window_influence': 0.3861893717693229, 'penalty_k': 0.058597177937062705, 'scale_lr': 0.37962117169272724}. Best is trial 60 with value: 0.28121748106266425.
checkpoint_e30 window_influence: 0.37557968199885866, penalty_k: 0.05695577151470795, scale_lr: 0.38099443600939625, EAO: 0.270
Trial 85 finished with value: 0.2695501048148163 and parameters: {'window_influence': 0.37557968199885866, 'penalty_k': 0.056955771514707945, 'scale_lr': 0.38099443600939625}. Best is trial 60 with value: 0.28121748106266425.
checkpoint_e30 window_influence: 0.35805657203383845, penalty_k: 0.00002671772332447, scale_lr: 0.36280991701409393, EAO: 0.263
Trial 86 finished with value: 0.26300992223063135 and parameters: {'window_influence': 0.35805657203383845, 'penalty_k': 2.6717723324472253e-05, 'scale_lr': 0.36280991701409393}. Best is trial 60 with value: 0.28121748106266425.
checkpoint_e30 window_influence: 0.34269454106048552, penalty_k: 0.02840897376770561, scale_lr: 0.38818347423881394, EAO: 0.262
Trial 87 finished with value: 0.26245624953653757 and parameters: {'window_influence': 0.3426945410604855, 'penalty_k': 0.028408973767705608, 'scale_lr': 0.38818347423881394}. Best is trial 60 with value: 0.28121748106266425.
checkpoint_e30 window_influence: 0.39388031447011113, penalty_k: 0.05117903997357319, scale_lr: 0.43274935985886803, EAO: 0.257
Trial 88 finished with value: 0.2568208635822544 and parameters: {'window_influence': 0.3938803144701111, 'penalty_k': 0.05117903997357319, 'scale_lr': 0.43274935985886803}. Best is trial 60 with value: 0.28121748106266425.
checkpoint_e30 window_influence: 0.32387408996924888, penalty_k: 0.06937485387175102, scale_lr: 0.41274943700477290, EAO: 0.269
Trial 89 finished with value: 0.2689359973116619 and parameters: {'window_influence': 0.3238740899692489, 'penalty_k': 0.06937485387175102, 'scale_lr': 0.4127494370047729}. Best is trial 60 with value: 0.28121748106266425.
checkpoint_e30 window_influence: 0.43221548953018252, penalty_k: 0.08179196032677216, scale_lr: 0.32188981396251315, EAO: 0.264
Trial 90 finished with value: 0.26383169698036785 and parameters: {'window_influence': 0.4322154895301825, 'penalty_k': 0.08179196032677216, 'scale_lr': 0.32188981396251315}. Best is trial 60 with value: 0.28121748106266425.
checkpoint_e30 window_influence: 0.33200813868349643, penalty_k: 0.09998188064652383, scale_lr: 0.44647435669868679, EAO: 0.273
Trial 91 finished with value: 0.27268397044844744 and parameters: {'window_influence': 0.33200813868349643, 'penalty_k': 0.09998188064652383, 'scale_lr': 0.4464743566986868}. Best is trial 60 with value: 0.28121748106266425.
checkpoint_e30 window_influence: 0.35954834908719907, penalty_k: 0.03542652749656349, scale_lr: 0.37225313452587261, EAO: 0.266
Trial 92 finished with value: 0.26617893122318315 and parameters: {'window_influence': 0.35954834908719907, 'penalty_k': 0.03542652749656349, 'scale_lr': 0.3722531345258726}. Best is trial 60 with value: 0.28121748106266425.
checkpoint_e30 window_influence: 0.33209953600728870, penalty_k: 0.10032155049003069, scale_lr: 0.44993482509609861, EAO: 0.266
Trial 93 finished with value: 0.26625098342575676 and parameters: {'window_influence': 0.3320995360072887, 'penalty_k': 0.10032155049003069, 'scale_lr': 0.4499348250960986}. Best is trial 60 with value: 0.28121748106266425.
checkpoint_e30 window_influence: 0.30796392527643968, penalty_k: 0.06838963708248549, scale_lr: 0.39896347419525141, EAO: 0.269
Trial 94 finished with value: 0.2686093540453329 and parameters: {'window_influence': 0.3079639252764397, 'penalty_k': 0.0683896370824855, 'scale_lr': 0.3989634741952514}. Best is trial 60 with value: 0.28121748106266425.
checkpoint_e30 window_influence: 0.35152544263565788, penalty_k: 0.05517374404778722, scale_lr: 0.35415748146825915, EAO: 0.269
Trial 95 finished with value: 0.26943012902407143 and parameters: {'window_influence': 0.3515254426356579, 'penalty_k': 0.05517374404778722, 'scale_lr': 0.35415748146825915}. Best is trial 60 with value: 0.28121748106266425.
checkpoint_e30 window_influence: 0.38092824498640593, penalty_k: 0.10475373017228044, scale_lr: 0.41645749041188812, EAO: 0.257
Trial 96 finished with value: 0.25693197711938764 and parameters: {'window_influence': 0.38092824498640593, 'penalty_k': 0.10475373017228044, 'scale_lr': 0.4164574904118881}. Best is trial 60 with value: 0.28121748106266425.
checkpoint_e30 window_influence: 0.36488042260636866, penalty_k: 0.02159325902901425, scale_lr: 0.33598795722526281, EAO: 0.259
Trial 97 finished with value: 0.25862329459287287 and parameters: {'window_influence': 0.36488042260636866, 'penalty_k': 0.021593259029014253, 'scale_lr': 0.3359879572252628}. Best is trial 60 with value: 0.28121748106266425.
checkpoint_e30 window_influence: 0.31937887358751560, penalty_k: 0.08114446830785212, scale_lr: 0.38329811387921187, EAO: 0.263
Trial 98 finished with value: 0.26338657312761476 and parameters: {'window_influence': 0.3193788735875156, 'penalty_k': 0.08114446830785212, 'scale_lr': 0.38329811387921187}. Best is trial 60 with value: 0.28121748106266425.
checkpoint_e30 window_influence: 0.34113933357041271, penalty_k: 0.03977303703956626, scale_lr: 0.42880866619173941, EAO: 0.270
Trial 99 finished with value: 0.269579986852359 and parameters: {'window_influence': 0.3411393335704127, 'penalty_k': 0.03977303703956626, 'scale_lr': 0.4288086661917394}. Best is trial 60 with value: 0.28121748106266425.
checkpoint_e30 window_influence: 0.30877008931972022, penalty_k: 0.11190176596264635, scale_lr: 0.36629147302868648, EAO: 0.255
Trial 100 finished with value: 0.2547370720563865 and parameters: {'window_influence': 0.3087700893197202, 'penalty_k': 0.11190176596264635, 'scale_lr': 0.3662914730286865}. Best is trial 60 with value: 0.28121748106266425.
checkpoint_e30 window_influence: 0.32917517287664727, penalty_k: 0.05566113316426108, scale_lr: 0.44040842912402639, EAO: 0.267
Trial 101 finished with value: 0.26682610846147303 and parameters: {'window_influence': 0.32917517287664727, 'penalty_k': 0.05566113316426108, 'scale_lr': 0.4404084291240264}. Best is trial 60 with value: 0.28121748106266425.
checkpoint_e30 window_influence: 0.35140434979463964, penalty_k: 0.08967722271043611, scale_lr: 0.46964445198209576, EAO: 0.270
Trial 102 finished with value: 0.26989398739202236 and parameters: {'window_influence': 0.35140434979463964, 'penalty_k': 0.08967722271043611, 'scale_lr': 0.46964445198209576}. Best is trial 60 with value: 0.28121748106266425.
checkpoint_e30 window_influence: 0.36787237882109169, penalty_k: 0.12437890231595894, scale_lr: 0.48799427505397802, EAO: 0.275
Trial 103 finished with value: 0.2748441252766586 and parameters: {'window_influence': 0.3678723788210917, 'penalty_k': 0.12437890231595894, 'scale_lr': 0.487994275053978}. Best is trial 60 with value: 0.28121748106266425.
checkpoint_e30 window_influence: 0.37149274126672122, penalty_k: 0.07071094984313009, scale_lr: 0.48961649581090738, EAO: 0.279
Trial 104 finished with value: 0.2789496036806727 and parameters: {'window_influence': 0.3714927412667212, 'penalty_k': 0.07071094984313009, 'scale_lr': 0.4896164958109074}. Best is trial 60 with value: 0.28121748106266425.
checkpoint_e30 window_influence: 0.38151701174692598, penalty_k: 0.07257584544307907, scale_lr: 0.49228739689009238, EAO: 0.271
Trial 105 finished with value: 0.2713189281341506 and parameters: {'window_influence': 0.381517011746926, 'penalty_k': 0.07257584544307907, 'scale_lr': 0.4922873968900924}. Best is trial 60 with value: 0.28121748106266425.
checkpoint_e30 window_influence: 0.39631020996417737, penalty_k: 0.09252488677137750, scale_lr: 0.45336693414677320, EAO: 0.263
Trial 106 finished with value: 0.2628596719445252 and parameters: {'window_influence': 0.3963102099641774, 'penalty_k': 0.0925248867713775, 'scale_lr': 0.4533669341467732}. Best is trial 60 with value: 0.28121748106266425.
checkpoint_e30 window_influence: 0.38205764441407875, penalty_k: 0.12215249302394782, scale_lr: 0.40629376281504692, EAO: 0.266
Trial 107 finished with value: 0.2657841218075132 and parameters: {'window_influence': 0.38205764441407875, 'penalty_k': 0.12215249302394782, 'scale_lr': 0.4062937628150469}. Best is trial 60 with value: 0.28121748106266425.
checkpoint_e30 window_influence: 0.34422171120089312, penalty_k: 0.04910051356989385, scale_lr: 0.38933317804305240, EAO: 0.276
Trial 108 finished with value: 0.27617015738070494 and parameters: {'window_influence': 0.3442217112008931, 'penalty_k': 0.049100513569893846, 'scale_lr': 0.3893331780430524}. Best is trial 60 with value: 0.28121748106266425.
checkpoint_e30 window_influence: 0.37217344081755921, penalty_k: 0.04464689693281533, scale_lr: 0.39015777628928355, EAO: 0.278
Trial 109 finished with value: 0.2782345273630406 and parameters: {'window_influence': 0.3721734408175592, 'penalty_k': 0.04464689693281533, 'scale_lr': 0.39015777628928355}. Best is trial 60 with value: 0.28121748106266425.
checkpoint_e30 window_influence: 0.36824163319937653, penalty_k: 0.04619603246756891, scale_lr: 0.39222138730716299, EAO: 0.273
Trial 110 finished with value: 0.2732660284614175 and parameters: {'window_influence': 0.36824163319937653, 'penalty_k': 0.046196032467568905, 'scale_lr': 0.392221387307163}. Best is trial 60 with value: 0.28121748106266425.
checkpoint_e30 window_influence: 0.36524676990019328, penalty_k: 0.04411379723350237, scale_lr: 0.39658541638825512, EAO: 0.272
Trial 111 finished with value: 0.2717548482180611 and parameters: {'window_influence': 0.3652467699001933, 'penalty_k': 0.044113797233502366, 'scale_lr': 0.3965854163882551}. Best is trial 60 with value: 0.28121748106266425.
checkpoint_e30 window_influence: 0.37325705466340808, penalty_k: 0.01457010045478391, scale_lr: 0.38631663664295496, EAO: 0.271
Trial 112 finished with value: 0.2708432863398296 and parameters: {'window_influence': 0.3732570546634081, 'penalty_k': 0.014570100454783907, 'scale_lr': 0.38631663664295496}. Best is trial 60 with value: 0.28121748106266425.
checkpoint_e30 window_influence: 0.40745745311557979, penalty_k: 0.02966432435267836, scale_lr: 0.42328169429157375, EAO: 0.255
Trial 113 finished with value: 0.25512446329845645 and parameters: {'window_influence': 0.4074574531155798, 'penalty_k': 0.029664324352678365, 'scale_lr': 0.42328169429157375}. Best is trial 60 with value: 0.28121748106266425.
checkpoint_e30 window_influence: 0.42312611798091582, penalty_k: 0.06001363978620015, scale_lr: 0.37822970891221652, EAO: 0.273
Trial 114 finished with value: 0.27299983811572315 and parameters: {'window_influence': 0.4231261179809158, 'penalty_k': 0.06001363978620015, 'scale_lr': 0.3782297089122165}. Best is trial 60 with value: 0.28121748106266425.
checkpoint_e30 window_influence: 0.36595015009062287, penalty_k: 0.04395219371307740, scale_lr: 0.35610569426138794, EAO: 0.273
Trial 115 finished with value: 0.2728271204523924 and parameters: {'window_influence': 0.36595015009062287, 'penalty_k': 0.043952193713077396, 'scale_lr': 0.35610569426138794}. Best is trial 60 with value: 0.28121748106266425.
checkpoint_e30 window_influence: 0.34476736595042451, penalty_k: 0.07706720094492600, scale_lr: 0.40553249115866175, EAO: 0.259
Trial 116 finished with value: 0.2585769567063184 and parameters: {'window_influence': 0.3447673659504245, 'penalty_k': 0.077067200944926, 'scale_lr': 0.40553249115866175}. Best is trial 60 with value: 0.28121748106266425.
checkpoint_e30 window_influence: 0.40072595743274492, penalty_k: 0.02491169365946656, scale_lr: 0.34527551241298726, EAO: 0.253
Trial 117 finished with value: 0.25294653108207193 and parameters: {'window_influence': 0.4007259574327449, 'penalty_k': 0.024911693659466556, 'scale_lr': 0.34527551241298726}. Best is trial 60 with value: 0.28121748106266425.
checkpoint_e30 window_influence: 0.38648519280825033, penalty_k: 0.06297457780404897, scale_lr: 0.36269123186254187, EAO: 0.268
Trial 118 finished with value: 0.2679612198011662 and parameters: {'window_influence': 0.38648519280825033, 'penalty_k': 0.06297457780404897, 'scale_lr': 0.3626912318625419}. Best is trial 60 with value: 0.28121748106266425.
checkpoint_e30 window_influence: 0.35291535525180978, penalty_k: 0.03518648084086821, scale_lr: 0.39315272985042288, EAO: 0.272
Trial 119 finished with value: 0.2715436103261583 and parameters: {'window_influence': 0.3529153552518098, 'penalty_k': 0.035186480840868214, 'scale_lr': 0.3931527298504229}. Best is trial 60 with value: 0.28121748106266425.
checkpoint_e30 window_influence: 0.37052714932597480, penalty_k: 0.04869409179630223, scale_lr: 0.43029445593555643, EAO: 0.260
Trial 120 finished with value: 0.2601260803942758 and parameters: {'window_influence': 0.3705271493259748, 'penalty_k': 0.04869409179630223, 'scale_lr': 0.43029445593555643}. Best is trial 60 with value: 0.28121748106266425.
checkpoint_e30 window_influence: 0.42134847628457583, penalty_k: 0.06020625971442343, scale_lr: 0.37549584028377242, EAO: 0.264
Trial 121 finished with value: 0.26443533593319296 and parameters: {'window_influence': 0.42134847628457583, 'penalty_k': 0.06020625971442343, 'scale_lr': 0.3754958402837724}. Best is trial 60 with value: 0.28121748106266425.
checkpoint_e30 window_influence: 0.42003541823016988, penalty_k: 0.01389198490960102, scale_lr: 0.37741288053069350, EAO: 0.258
Trial 122 finished with value: 0.25840878934879613 and parameters: {'window_influence': 0.4200354182301699, 'penalty_k': 0.013891984909601016, 'scale_lr': 0.3774128805306935}. Best is trial 60 with value: 0.28121748106266425.
checkpoint_e30 window_influence: 0.39268404372332244, penalty_k: 0.08011417798994665, scale_lr: 0.32623602704055438, EAO: 0.272
