Trial 672 finished with value: 0.24577001506477836 and parameters: {'window_influence': 0.2865860590449499, 'penalty_k': 0.5287694093913491, 'scale_lr': 0.11987025604757928}. Best is trial 212 with value: 0.2844979555868521.
checkpoint_e32 window_influence: 0.32655355813794751, penalty_k: 0.16807171203548296, scale_lr: 0.31592766159640606, EAO: 0.257
Trial 673 finished with value: 0.25706015884633954 and parameters: {'window_influence': 0.3265535581379475, 'penalty_k': 0.16807171203548296, 'scale_lr': 0.31592766159640606}. Best is trial 212 with value: 0.2844979555868521.
checkpoint_e32 window_influence: 0.15508253127769997, penalty_k: 0.54703577099252398, scale_lr: 0.37959268948284203, EAO: 0.233
Trial 674 finished with value: 0.23345781965711251 and parameters: {'window_influence': 0.15508253127769997, 'penalty_k': 0.547035770992524, 'scale_lr': 0.379592689482842}. Best is trial 212 with value: 0.2844979555868521.
checkpoint_e32 window_influence: 0.19680355145859907, penalty_k: 0.21584762913886599, scale_lr: 0.11335821834734069, EAO: 0.252
Trial 675 finished with value: 0.2521713522633886 and parameters: {'window_influence': 0.19680355145859907, 'penalty_k': 0.215847629138866, 'scale_lr': 0.1133582183473407}. Best is trial 212 with value: 0.2844979555868521.
checkpoint_e32 window_influence: 0.30761627616602272, penalty_k: 0.48104390250193696, scale_lr: 0.71014783969249995, EAO: 0.256
Trial 676 finished with value: 0.25573272361018795 and parameters: {'window_influence': 0.3076162761660227, 'penalty_k': 0.48104390250193696, 'scale_lr': 0.7101478396925}. Best is trial 212 with value: 0.2844979555868521.
checkpoint_e32 window_influence: 0.33545914953830347, penalty_k: 0.26758509774337025, scale_lr: 0.43787855023821431, EAO: 0.265
Trial 677 finished with value: 0.26512553318729243 and parameters: {'window_influence': 0.33545914953830347, 'penalty_k': 0.26758509774337025, 'scale_lr': 0.4378785502382143}. Best is trial 212 with value: 0.2844979555868521.
checkpoint_e32 window_influence: 0.29741343974548051, penalty_k: 0.08154591057005767, scale_lr: 0.33289402173215132, EAO: 0.263
Trial 678 finished with value: 0.26321287441059826 and parameters: {'window_influence': 0.2974134397454805, 'penalty_k': 0.08154591057005767, 'scale_lr': 0.3328940217321513}. Best is trial 212 with value: 0.2844979555868521.
checkpoint_e32 window_influence: 0.55345304848820853, penalty_k: 0.30767011290525320, scale_lr: 0.15417795832942613, EAO: 0.240
Trial 679 finished with value: 0.23950577715063484 and parameters: {'window_influence': 0.5534530484882085, 'penalty_k': 0.3076701129052532, 'scale_lr': 0.15417795832942613}. Best is trial 212 with value: 0.2844979555868521.
checkpoint_e32 window_influence: 0.47543856207772089, penalty_k: 0.03419602210016318, scale_lr: 0.29545327991181997, EAO: 0.277
Trial 680 finished with value: 0.2766771561246577 and parameters: {'window_influence': 0.4754385620777209, 'penalty_k': 0.034196022100163176, 'scale_lr': 0.29545327991181997}. Best is trial 212 with value: 0.2844979555868521.
checkpoint_e32 window_influence: 0.35943038230425112, penalty_k: 0.29116233415187859, scale_lr: 0.13542200915619285, EAO: 0.259
Trial 681 finished with value: 0.25925994634143706 and parameters: {'window_influence': 0.3594303823042511, 'penalty_k': 0.2911623341518786, 'scale_lr': 0.13542200915619285}. Best is trial 212 with value: 0.2844979555868521.
checkpoint_e32 window_influence: 0.31806710926740006, penalty_k: 0.10988627013896185, scale_lr: 0.11125505929247971, EAO: 0.273
Trial 682 finished with value: 0.2732807430552273 and parameters: {'window_influence': 0.31806710926740006, 'penalty_k': 0.10988627013896185, 'scale_lr': 0.11125505929247971}. Best is trial 212 with value: 0.2844979555868521.
checkpoint_e32 window_influence: 0.24560328419193797, penalty_k: 0.27655202569832160, scale_lr: 0.79609249979149144, EAO: 0.262
Trial 683 finished with value: 0.2621131722277742 and parameters: {'window_influence': 0.24560328419193797, 'penalty_k': 0.2765520256983216, 'scale_lr': 0.7960924997914914}. Best is trial 212 with value: 0.2844979555868521.
checkpoint_e32 window_influence: 0.27019509025394761, penalty_k: 0.05683693846565958, scale_lr: 0.23064682373404125, EAO: 0.256
Trial 684 finished with value: 0.2564166236699112 and parameters: {'window_influence': 0.2701950902539476, 'penalty_k': 0.05683693846565958, 'scale_lr': 0.23064682373404125}. Best is trial 212 with value: 0.2844979555868521.
checkpoint_e32 window_influence: 0.32298354494197906, penalty_k: 0.37795720436234992, scale_lr: 0.21155811185309520, EAO: 0.252
Trial 685 finished with value: 0.25155584889698807 and parameters: {'window_influence': 0.32298354494197906, 'penalty_k': 0.3779572043623499, 'scale_lr': 0.2115581118530952}. Best is trial 212 with value: 0.2844979555868521.
checkpoint_e32 window_influence: 0.34903411124137429, penalty_k: 0.08164726878751380, scale_lr: 0.56770548312167646, EAO: 0.271
Trial 686 finished with value: 0.27086521570033173 and parameters: {'window_influence': 0.3490341112413743, 'penalty_k': 0.0816472687875138, 'scale_lr': 0.5677054831216765}. Best is trial 212 with value: 0.2844979555868521.
checkpoint_e32 window_influence: 0.42841800838628630, penalty_k: 0.23406693375089777, scale_lr: 0.53357415893300109, EAO: 0.262
Trial 687 finished with value: 0.26237832918399717 and parameters: {'window_influence': 0.4284180083862863, 'penalty_k': 0.23406693375089777, 'scale_lr': 0.5335741589330011}. Best is trial 212 with value: 0.2844979555868521.
checkpoint_e32 window_influence: 0.64714571116058228, penalty_k: 0.07037363445996972, scale_lr: 0.57683160534605615, EAO: 0.212
Trial 688 finished with value: 0.21225812540548603 and parameters: {'window_influence': 0.6471457111605823, 'penalty_k': 0.07037363445996972, 'scale_lr': 0.5768316053460562}. Best is trial 212 with value: 0.2844979555868521.
checkpoint_e32 window_influence: 0.30699426421090914, penalty_k: 0.18441160186082803, scale_lr: 0.40144232870835223, EAO: 0.262
Trial 689 finished with value: 0.26199330698426176 and parameters: {'window_influence': 0.30699426421090914, 'penalty_k': 0.18441160186082803, 'scale_lr': 0.4014423287083522}. Best is trial 212 with value: 0.2844979555868521.
checkpoint_e32 window_influence: 0.13203041746844407, penalty_k: 0.10429863010329553, scale_lr: 0.35221375864165644, EAO: 0.246
Trial 690 finished with value: 0.24619853314830037 and parameters: {'window_influence': 0.13203041746844407, 'penalty_k': 0.10429863010329553, 'scale_lr': 0.35221375864165644}. Best is trial 212 with value: 0.2844979555868521.
checkpoint_e32 window_influence: 0.18294111845118780, penalty_k: 0.12400970438479486, scale_lr: 0.10009505942347634, EAO: 0.250
Trial 691 finished with value: 0.2503878731068557 and parameters: {'window_influence': 0.1829411184511878, 'penalty_k': 0.12400970438479486, 'scale_lr': 0.10009505942347634}. Best is trial 212 with value: 0.2844979555868521.
checkpoint_e32 window_influence: 0.28271072180589074, penalty_k: 0.50945359085028918, scale_lr: 0.12541839724009693, EAO: 0.245
Trial 692 finished with value: 0.24472297304044893 and parameters: {'window_influence': 0.28271072180589074, 'penalty_k': 0.5094535908502892, 'scale_lr': 0.12541839724009693}. Best is trial 212 with value: 0.2844979555868521.
checkpoint_e32 window_influence: 0.33617843437255035, penalty_k: 0.15442679361806483, scale_lr: 0.69489535585041784, EAO: 0.264
Trial 693 finished with value: 0.26409257960513355 and parameters: {'window_influence': 0.33617843437255035, 'penalty_k': 0.15442679361806483, 'scale_lr': 0.6948953558504178}. Best is trial 212 with value: 0.2844979555868521.
checkpoint_e32 window_influence: 0.08392955863487173, penalty_k: 0.04816747846264229, scale_lr: 0.14430262055296855, EAO: 0.243
Trial 694 finished with value: 0.2434651421579888 and parameters: {'window_influence': 0.08392955863487173, 'penalty_k': 0.048167478462642285, 'scale_lr': 0.14430262055296855}. Best is trial 212 with value: 0.2844979555868521.
checkpoint_e32 window_influence: 0.29372237085590941, penalty_k: 0.09356101597069377, scale_lr: 0.75332326953257978, EAO: 0.255
Trial 695 finished with value: 0.25526769053402953 and parameters: {'window_influence': 0.2937223708559094, 'penalty_k': 0.09356101597069377, 'scale_lr': 0.7533232695325798}. Best is trial 212 with value: 0.2844979555868521.
checkpoint_e32 window_influence: 0.36187931132711759, penalty_k: 0.32748209978459752, scale_lr: 0.47014286118767384, EAO: 0.269
Trial 696 finished with value: 0.26855699487817963 and parameters: {'window_influence': 0.3618793113271176, 'penalty_k': 0.3274820997845975, 'scale_lr': 0.47014286118767384}. Best is trial 212 with value: 0.2844979555868521.
checkpoint_e32 window_influence: 0.17875927383704862, penalty_k: 0.58296413000922487, scale_lr: 0.25863640662371123, EAO: 0.226
Trial 697 finished with value: 0.22618533071221375 and parameters: {'window_influence': 0.17875927383704862, 'penalty_k': 0.5829641300092249, 'scale_lr': 0.25863640662371123}. Best is trial 212 with value: 0.2844979555868521.
checkpoint_e32 window_influence: 0.13994933325971767, penalty_k: 0.46978934413625095, scale_lr: 0.17098537243603731, EAO: 0.239
Trial 698 finished with value: 0.23865075821314402 and parameters: {'window_influence': 0.13994933325971767, 'penalty_k': 0.46978934413625095, 'scale_lr': 0.17098537243603731}. Best is trial 212 with value: 0.2844979555868521.
checkpoint_e32 window_influence: 0.31245724799336050, penalty_k: 0.13849767633256807, scale_lr: 0.73420135818449772, EAO: 0.265
Trial 699 finished with value: 0.2653648422622099 and parameters: {'window_influence': 0.3124572479933605, 'penalty_k': 0.13849767633256807, 'scale_lr': 0.7342013581844977}. Best is trial 212 with value: 0.2844979555868521.
checkpoint_e32 window_influence: 0.33392540535824988, penalty_k: 0.03603800483056550, scale_lr: 0.12354226468146362, EAO: 0.261
Trial 700 finished with value: 0.2613961506422942 and parameters: {'window_influence': 0.3339254053582499, 'penalty_k': 0.036038004830565504, 'scale_lr': 0.12354226468146362}. Best is trial 212 with value: 0.2844979555868521.
checkpoint_e32 window_influence: 0.32367350489177038, penalty_k: 0.39282554438761996, scale_lr: 0.11302822052863459, EAO: 0.256
Trial 701 finished with value: 0.2561306826225141 and parameters: {'window_influence': 0.3236735048917704, 'penalty_k': 0.39282554438761996, 'scale_lr': 0.1130282205286346}. Best is trial 212 with value: 0.2844979555868521.
checkpoint_e32 window_influence: 0.45667535002177972, penalty_k: 0.31548764683990038, scale_lr: 0.13925699126636457, EAO: 0.267
Trial 702 finished with value: 0.26704506170216613 and parameters: {'window_influence': 0.4566753500217797, 'penalty_k': 0.3154876468399004, 'scale_lr': 0.13925699126636457}. Best is trial 212 with value: 0.2844979555868521.
checkpoint_e32 window_influence: 0.29938605186756972, penalty_k: 0.08454047286974038, scale_lr: 0.18523940716927748, EAO: 0.253
Trial 703 finished with value: 0.2529568383848764 and parameters: {'window_influence': 0.2993860518675697, 'penalty_k': 0.08454047286974038, 'scale_lr': 0.18523940716927748}. Best is trial 212 with value: 0.2844979555868521.
checkpoint_e32 window_influence: 0.25860142289264693, penalty_k: 0.53717330686629272, scale_lr: 0.48235721950144811, EAO: 0.252
Trial 704 finished with value: 0.2516296625258477 and parameters: {'window_influence': 0.2586014228926469, 'penalty_k': 0.5371733068662927, 'scale_lr': 0.4823572195014481}. Best is trial 212 with value: 0.2844979555868521.
checkpoint_e32 window_influence: 0.31322775848911028, penalty_k: 0.06177022889529675, scale_lr: 0.10021941374336146, EAO: 0.270
Trial 705 finished with value: 0.2698558243673022 and parameters: {'window_influence': 0.3132277584891103, 'penalty_k': 0.06177022889529675, 'scale_lr': 0.10021941374336146}. Best is trial 212 with value: 0.2844979555868521.
checkpoint_e32 window_influence: 0.34349343287948869, penalty_k: 0.10667976350024461, scale_lr: 0.55730280736114357, EAO: 0.263
Trial 706 finished with value: 0.2631892546163342 and parameters: {'window_influence': 0.3434934328794887, 'penalty_k': 0.1066797635002446, 'scale_lr': 0.5573028073611436}. Best is trial 212 with value: 0.2844979555868521.
checkpoint_e32 window_influence: 0.44160815770289247, penalty_k: 0.25275212530348207, scale_lr: 0.15796988796338748, EAO: 0.255
Trial 707 finished with value: 0.25484983277756995 and parameters: {'window_influence': 0.44160815770289247, 'penalty_k': 0.25275212530348207, 'scale_lr': 0.15796988796338748}. Best is trial 212 with value: 0.2844979555868521.
checkpoint_e32 window_influence: 0.28243547712428380, penalty_k: 0.43925958063217035, scale_lr: 0.51330893616095907, EAO: 0.264
Trial 708 finished with value: 0.2641929595814488 and parameters: {'window_influence': 0.2824354771242838, 'penalty_k': 0.43925958063217035, 'scale_lr': 0.5133089361609591}. Best is trial 212 with value: 0.2844979555868521.
checkpoint_e32 window_influence: 0.32854150889410971, penalty_k: 0.35728305425200269, scale_lr: 0.77485996924147749, EAO: 0.244
Trial 709 finished with value: 0.24367941146701333 and parameters: {'window_influence': 0.3285415088941097, 'penalty_k': 0.3572830542520027, 'scale_lr': 0.7748599692414775}. Best is trial 212 with value: 0.2844979555868521.
checkpoint_e32 window_influence: 0.19800784934234331, penalty_k: 0.22106683841771557, scale_lr: 0.12608476170474270, EAO: 0.253
Trial 710 finished with value: 0.25332772150272276 and parameters: {'window_influence': 0.1980078493423433, 'penalty_k': 0.22106683841771557, 'scale_lr': 0.1260847617047427}. Best is trial 212 with value: 0.2844979555868521.
checkpoint_e32 window_influence: 0.50184570039150567, penalty_k: 0.07081498919563260, scale_lr: 0.32537334025802234, EAO: 0.264
Trial 711 finished with value: 0.26381607493007087 and parameters: {'window_influence': 0.5018457003915057, 'penalty_k': 0.0708149891956326, 'scale_lr': 0.32537334025802234}. Best is trial 212 with value: 0.2844979555868521.
checkpoint_e32 window_influence: 0.36532834673104142, penalty_k: 0.05416439716322699, scale_lr: 0.24482466230822020, EAO: 0.270
Trial 712 finished with value: 0.27027255514772924 and parameters: {'window_influence': 0.3653283467310414, 'penalty_k': 0.05416439716322699, 'scale_lr': 0.2448246623082202}. Best is trial 212 with value: 0.2844979555868521.
checkpoint_e32 window_influence: 0.05457098502725999, penalty_k: 0.09387866319104646, scale_lr: 0.72058437435211831, EAO: 0.242
Trial 713 finished with value: 0.24220965190873883 and parameters: {'window_influence': 0.05457098502725999, 'penalty_k': 0.09387866319104646, 'scale_lr': 0.7205843743521183}. Best is trial 212 with value: 0.2844979555868521.
checkpoint_e32 window_influence: 0.30288941318315232, penalty_k: 0.56406924864481733, scale_lr: 0.37435111077842903, EAO: 0.244
Trial 714 finished with value: 0.24366714429806888 and parameters: {'window_influence': 0.3028894131831523, 'penalty_k': 0.5640692486448173, 'scale_lr': 0.37435111077842903}. Best is trial 212 with value: 0.2844979555868521.
checkpoint_e32 window_influence: 0.31699167899375225, penalty_k: 0.12120172230224799, scale_lr: 0.68341177277491116, EAO: 0.257
Trial 715 finished with value: 0.25739655322660276 and parameters: {'window_influence': 0.31699167899375225, 'penalty_k': 0.12120172230224799, 'scale_lr': 0.6834117727749112}. Best is trial 212 with value: 0.2844979555868521.
checkpoint_e32 window_influence: 0.34181462622824826, penalty_k: 0.45802182054308416, scale_lr: 0.44141391028633753, EAO: 0.280
Trial 716 finished with value: 0.27975972675211064 and parameters: {'window_influence': 0.34181462622824826, 'penalty_k': 0.45802182054308416, 'scale_lr': 0.44141391028633753}. Best is trial 212 with value: 0.2844979555868521.
checkpoint_e32 window_influence: 0.35243869126288718, penalty_k: 0.45484556134156451, scale_lr: 0.44678476672577505, EAO: 0.274
Trial 717 finished with value: 0.27362869795018097 and parameters: {'window_influence': 0.3524386912628872, 'penalty_k': 0.4548455613415645, 'scale_lr': 0.44678476672577505}. Best is trial 212 with value: 0.2844979555868521.
checkpoint_e32 window_influence: 0.34559680775348933, penalty_k: 0.44338965885707848, scale_lr: 0.41537300633645202, EAO: 0.254
Trial 718 finished with value: 0.25424121029493285 and parameters: {'window_influence': 0.34559680775348933, 'penalty_k': 0.4433896588570785, 'scale_lr': 0.415373006336452}. Best is trial 212 with value: 0.2844979555868521.
checkpoint_e32 window_influence: 0.07053138047246288, penalty_k: 0.03313983494822348, scale_lr: 0.40366519832957448, EAO: 0.239
Trial 719 finished with value: 0.2386484800921223 and parameters: {'window_influence': 0.07053138047246288, 'penalty_k': 0.03313983494822348, 'scale_lr': 0.4036651983295745}. Best is trial 212 with value: 0.2844979555868521.
checkpoint_e32 window_influence: 0.53072022670551600, penalty_k: 0.47756625436026318, scale_lr: 0.43658282593875103, EAO: 0.241
Trial 720 finished with value: 0.24068111865743388 and parameters: {'window_influence': 0.530720226705516, 'penalty_k': 0.4775662543602632, 'scale_lr': 0.43658282593875103}. Best is trial 212 with value: 0.2844979555868521.
checkpoint_e32 window_influence: 0.15861679840345319, penalty_k: 0.45391646943543829, scale_lr: 0.49139608064274393, EAO: 0.236
Trial 721 finished with value: 0.23634002818082406 and parameters: {'window_influence': 0.1586167984034532, 'penalty_k': 0.4539164694354383, 'scale_lr': 0.4913960806427439}. Best is trial 212 with value: 0.2844979555868521.
checkpoint_e32 window_influence: 0.48329171955917671, penalty_k: 0.49638436902861782, scale_lr: 0.45648643739369987, EAO: 0.247
Trial 722 finished with value: 0.2466354599691988 and parameters: {'window_influence': 0.4832917195591767, 'penalty_k': 0.4963843690286178, 'scale_lr': 0.4564864373936999}. Best is trial 212 with value: 0.2844979555868521.
checkpoint_e32 window_influence: 0.09426010495997539, penalty_k: 0.04568871858157396, scale_lr: 0.30657779190578643, EAO: 0.249
Trial 723 finished with value: 0.24948149768075323 and parameters: {'window_influence': 0.09426010495997539, 'penalty_k': 0.04568871858157396, 'scale_lr': 0.30657779190578643}. Best is trial 212 with value: 0.2844979555868521.
checkpoint_e32 window_influence: 0.63501545678674054, penalty_k: 0.47075785081031468, scale_lr: 0.44243459528752976, EAO: 0.206
Trial 724 finished with value: 0.20579956550665987 and parameters: {'window_influence': 0.6350154567867405, 'penalty_k': 0.4707578508103147, 'scale_lr': 0.44243459528752976}. Best is trial 212 with value: 0.2844979555868521.
checkpoint_e32 window_influence: 0.60287246722363941, penalty_k: 0.38326374867282087, scale_lr: 0.34470868857584208, EAO: 0.223
Trial 725 finished with value: 0.22272537297349634 and parameters: {'window_influence': 0.6028724672236394, 'penalty_k': 0.38326374867282087, 'scale_lr': 0.3447086885758421}. Best is trial 212 with value: 0.2844979555868521.
checkpoint_e32 window_influence: 0.29175002747857837, penalty_k: 0.48025042710139731, scale_lr: 0.38802105554568034, EAO: 0.260
Trial 726 finished with value: 0.2604858095689518 and parameters: {'window_influence': 0.29175002747857837, 'penalty_k': 0.4802504271013973, 'scale_lr': 0.38802105554568034}. Best is trial 212 with value: 0.2844979555868521.
checkpoint_e32 window_influence: 0.44699665361762103, penalty_k: 0.19986697325522515, scale_lr: 0.43188516136761990, EAO: 0.271
Trial 727 finished with value: 0.27129085628482386 and parameters: {'window_influence': 0.44699665361762103, 'penalty_k': 0.19986697325522515, 'scale_lr': 0.4318851613676199}. Best is trial 212 with value: 0.2844979555868521.
checkpoint_e32 window_influence: 0.12095572229631149, penalty_k: 0.46201134690858869, scale_lr: 0.42264571155002539, EAO: 0.242
Trial 728 finished with value: 0.2424219352443044 and parameters: {'window_influence': 0.12095572229631149, 'penalty_k': 0.4620113469085887, 'scale_lr': 0.4226457115500254}. Best is trial 212 with value: 0.2844979555868521.
checkpoint_e32 window_influence: 0.27107557015574241, penalty_k: 0.49374775858175890, scale_lr: 0.19426226871362365, EAO: 0.253
Trial 729 finished with value: 0.25336375432770425 and parameters: {'window_influence': 0.2710755701557424, 'penalty_k': 0.4937477585817589, 'scale_lr': 0.19426226871362365}. Best is trial 212 with value: 0.2844979555868521.
checkpoint_e32 window_influence: 0.23006225350353524, penalty_k: 0.07621956784733952, scale_lr: 0.53237924296182726, EAO: 0.258
Trial 730 finished with value: 0.2576485124181926 and parameters: {'window_influence': 0.23006225350353524, 'penalty_k': 0.07621956784733952, 'scale_lr': 0.5323792429618273}. Best is trial 212 with value: 0.2844979555868521.
checkpoint_e32 window_influence: 0.33636773489188793, penalty_k: 0.23739747028116703, scale_lr: 0.57590890845575027, EAO: 0.257
Trial 731 finished with value: 0.2573923593371864 and parameters: {'window_influence': 0.3363677348918879, 'penalty_k': 0.23739747028116703, 'scale_lr': 0.5759089084557503}. Best is trial 212 with value: 0.2844979555868521.
checkpoint_e32 window_influence: 0.36718206464741199, penalty_k: 0.06605137421510315, scale_lr: 0.70409452943948314, EAO: 0.265
Trial 732 finished with value: 0.2645045838704923 and parameters: {'window_influence': 0.367182064647412, 'penalty_k': 0.06605137421510315, 'scale_lr': 0.7040945294394831}. Best is trial 212 with value: 0.2844979555868521.
checkpoint_e32 window_influence: 0.46644128299055676, penalty_k: 0.13137221795739468, scale_lr: 0.28238770748711606, EAO: 0.271
Trial 733 finished with value: 0.2705787626829574 and parameters: {'window_influence': 0.46644128299055676, 'penalty_k': 0.13137221795739468, 'scale_lr': 0.28238770748711606}. Best is trial 212 with value: 0.2844979555868521.
checkpoint_e32 window_influence: 0.30980967850592844, penalty_k: 0.05260786986182520, scale_lr: 0.59097033924063869, EAO: 0.264
