Trial 310 finished with value: 0.26658466482550147 and parameters: {'window_influence': 0.3508202418480626, 'penalty_k': 0.20315130396938688, 'scale_lr': 0.5086072200048672}. Best is trial 273 with value: 0.27645499755938846.
checkpoint_e17 window_influence: 0.36077491395022077, penalty_k: 0.18778909665743709, scale_lr: 0.56574993171817067, EAO: 0.265
Trial 311 finished with value: 0.26450636558901003 and parameters: {'window_influence': 0.36077491395022077, 'penalty_k': 0.1877890966574371, 'scale_lr': 0.5657499317181707}. Best is trial 273 with value: 0.27645499755938846.
checkpoint_e17 window_influence: 0.33221604457179932, penalty_k: 0.16633410761286638, scale_lr: 0.59061602588538520, EAO: 0.256
Trial 312 finished with value: 0.2555849292898566 and parameters: {'window_influence': 0.3322160445717993, 'penalty_k': 0.16633410761286638, 'scale_lr': 0.5906160258853852}. Best is trial 273 with value: 0.27645499755938846.
checkpoint_e17 window_influence: 0.34518747498699986, penalty_k: 0.18397213820444819, scale_lr: 0.54101692880352303, EAO: 0.260
Trial 313 finished with value: 0.26007904209257143 and parameters: {'window_influence': 0.34518747498699986, 'penalty_k': 0.1839721382044482, 'scale_lr': 0.541016928803523}. Best is trial 273 with value: 0.27645499755938846.
checkpoint_e17 window_influence: 0.32138015372003131, penalty_k: 0.12203675732194424, scale_lr: 0.57779015105735188, EAO: 0.259
Trial 314 finished with value: 0.258974156001719 and parameters: {'window_influence': 0.3213801537200313, 'penalty_k': 0.12203675732194424, 'scale_lr': 0.5777901510573519}. Best is trial 273 with value: 0.27645499755938846.
checkpoint_e17 window_influence: 0.35950858046944212, penalty_k: 0.20027293168252264, scale_lr: 0.61074345833173183, EAO: 0.254
Trial 315 finished with value: 0.253708582825777 and parameters: {'window_influence': 0.3595085804694421, 'penalty_k': 0.20027293168252264, 'scale_lr': 0.6107434583317318}. Best is trial 273 with value: 0.27645499755938846.
checkpoint_e17 window_influence: 0.31707612725104611, penalty_k: 0.38997007266216305, scale_lr: 0.54794163870266199, EAO: 0.253
Trial 316 finished with value: 0.252676776996473 and parameters: {'window_influence': 0.3170761272510461, 'penalty_k': 0.38997007266216305, 'scale_lr': 0.547941638702662}. Best is trial 273 with value: 0.27645499755938846.
checkpoint_e17 window_influence: 0.34025508940737070, penalty_k: 0.15804957045006632, scale_lr: 0.56524296055692480, EAO: 0.255
Trial 317 finished with value: 0.25476411487755735 and parameters: {'window_influence': 0.3402550894073707, 'penalty_k': 0.15804957045006632, 'scale_lr': 0.5652429605569248}. Best is trial 273 with value: 0.27645499755938846.
checkpoint_e17 window_influence: 0.36260168160515222, penalty_k: 0.33006577931987946, scale_lr: 0.52941838022416665, EAO: 0.269
Trial 318 finished with value: 0.268899241962084 and parameters: {'window_influence': 0.3626016816051522, 'penalty_k': 0.33006577931987946, 'scale_lr': 0.5294183802241667}. Best is trial 273 with value: 0.27645499755938846.
checkpoint_e17 window_influence: 0.36671455703459854, penalty_k: 0.36023919463726339, scale_lr: 0.52681303011596770, EAO: 0.260
Trial 319 finished with value: 0.25960700789360497 and parameters: {'window_influence': 0.36671455703459854, 'penalty_k': 0.3602391946372634, 'scale_lr': 0.5268130301159677}. Best is trial 273 with value: 0.27645499755938846.
checkpoint_e17 window_influence: 0.30754218456479265, penalty_k: 0.31866552789879876, scale_lr: 0.53712371542774029, EAO: 0.254
Trial 320 finished with value: 0.253777066805983 and parameters: {'window_influence': 0.30754218456479265, 'penalty_k': 0.31866552789879876, 'scale_lr': 0.5371237154277403}. Best is trial 273 with value: 0.27645499755938846.
