Trial 128 finished with value: 0.2680509653760166 and parameters: {'window_influence': 0.4157471126212661, 'penalty_k': 0.017711010496418933, 'scale_lr': 0.3338720635579348}. Best is trial 90 with value: 0.28226814400858996.
checkpoint_e16 window_influence: 0.37936070416615891, penalty_k: 0.00992375718286569, scale_lr: 0.45446593664062485, EAO: 0.257
Trial 124 finished with value: 0.25697577932501225 and parameters: {'window_influence': 0.3793607041661589, 'penalty_k': 0.009923757182865693, 'scale_lr': 0.45446593664062485}. Best is trial 111 with value: 0.27549627247622344.
checkpoint_e16 window_influence: 0.33517536932980108, penalty_k: 0.06531347498824713, scale_lr: 0.45196253039695689, EAO: 0.263
Trial 119 finished with value: 0.26326334076683694 and parameters: {'window_influence': 0.3351753693298011, 'penalty_k': 0.06531347498824713, 'scale_lr': 0.4519625303969569}. Best is trial 91 with value: 0.2755729326508879.
checkpoint_e16 window_influence: 0.39736827799864827, penalty_k: 0.07289793987378151, scale_lr: 0.28811431337407661, EAO: 0.265
Trial 129 finished with value: 0.26478077023009944 and parameters: {'window_influence': 0.39736827799864827, 'penalty_k': 0.07289793987378151, 'scale_lr': 0.2881143133740766}. Best is trial 90 with value: 0.28226814400858996.
checkpoint_e16 window_influence: 0.36620338863941304, penalty_k: 0.04806437134823730, scale_lr: 0.48742724799877829, EAO: 0.262
Trial 125 finished with value: 0.2618847180430482 and parameters: {'window_influence': 0.36620338863941304, 'penalty_k': 0.0480643713482373, 'scale_lr': 0.4874272479987783}. Best is trial 111 with value: 0.27549627247622344.
checkpoint_e16 window_influence: 0.43295206884115778, penalty_k: 0.09880798969204313, scale_lr: 0.48454721379665711, EAO: 0.255
Trial 120 finished with value: 0.2546002883009794 and parameters: {'window_influence': 0.4329520688411578, 'penalty_k': 0.09880798969204313, 'scale_lr': 0.4845472137966571}. Best is trial 91 with value: 0.2755729326508879.
checkpoint_e16 window_influence: 0.42725720160024949, penalty_k: 0.04382946433382022, scale_lr: 0.39170515835873015, EAO: 0.260
Trial 130 finished with value: 0.2595640296131615 and parameters: {'window_influence': 0.4272572016002495, 'penalty_k': 0.04382946433382022, 'scale_lr': 0.39170515835873015}. Best is trial 90 with value: 0.28226814400858996.
checkpoint_e16 window_influence: 0.43730837390590360, penalty_k: 0.06848183761775047, scale_lr: 0.49333073129761207, EAO: 0.259
Trial 126 finished with value: 0.2591262824409376 and parameters: {'window_influence': 0.4373083739059036, 'penalty_k': 0.06848183761775047, 'scale_lr': 0.49333073129761207}. Best is trial 111 with value: 0.27549627247622344.
checkpoint_e16 window_influence: 0.44598044441332935, penalty_k: 0.07862564941704066, scale_lr: 0.51287705848076026, EAO: 0.254
Trial 121 finished with value: 0.2540305142964774 and parameters: {'window_influence': 0.44598044441332935, 'penalty_k': 0.07862564941704066, 'scale_lr': 0.5128770584807603}. Best is trial 91 with value: 0.2755729326508879.
checkpoint_e16 window_influence: 0.34410258268974858, penalty_k: 0.05150816537158187, scale_lr: 0.41152799265038620, EAO: 0.268
Trial 131 finished with value: 0.26788672683684805 and parameters: {'window_influence': 0.3441025826897486, 'penalty_k': 0.05150816537158187, 'scale_lr': 0.4115279926503862}. Best is trial 90 with value: 0.28226814400858996.
checkpoint_e16 window_influence: 0.41711511087836750, penalty_k: 0.10854235723705478, scale_lr: 0.51608358312625413, EAO: 0.258
Trial 127 finished with value: 0.25762170625895986 and parameters: {'window_influence': 0.4171151108783675, 'penalty_k': 0.10854235723705478, 'scale_lr': 0.5160835831262541}. Best is trial 111 with value: 0.27549627247622344.
checkpoint_e16 window_influence: 0.43275556933587694, penalty_k: 0.03083449667601495, scale_lr: 0.49724564400622495, EAO: 0.269
Trial 122 finished with value: 0.2690927490470855 and parameters: {'window_influence': 0.43275556933587694, 'penalty_k': 0.03083449667601495, 'scale_lr': 0.49724564400622495}. Best is trial 91 with value: 0.2755729326508879.
checkpoint_e16 window_influence: 0.33440710461657897, penalty_k: 0.02605268458244427, scale_lr: 0.44365492806671869, EAO: 0.262
Trial 132 finished with value: 0.26163993260967056 and parameters: {'window_influence': 0.33440710461657897, 'penalty_k': 0.026052684582444273, 'scale_lr': 0.4436549280667187}. Best is trial 90 with value: 0.28226814400858996.
checkpoint_e16 window_influence: 0.44654652442485482, penalty_k: 0.13559649019326311, scale_lr: 0.54126888647923854, EAO: 0.259
Trial 128 finished with value: 0.25908385259591465 and parameters: {'window_influence': 0.4465465244248548, 'penalty_k': 0.13559649019326311, 'scale_lr': 0.5412688864792385}. Best is trial 111 with value: 0.27549627247622344.
checkpoint_e16 window_influence: 0.40545557134494276, penalty_k: 0.03024959100765152, scale_lr: 0.46669998106514360, EAO: 0.260
Trial 123 finished with value: 0.26040132652695586 and parameters: {'window_influence': 0.40545557134494276, 'penalty_k': 0.030249591007651525, 'scale_lr': 0.4666999810651436}. Best is trial 91 with value: 0.2755729326508879.
checkpoint_e16 window_influence: 0.38000955033236899, penalty_k: 0.06511679930954745, scale_lr: 0.42003522137951727, EAO: 0.269
Trial 133 finished with value: 0.26914767805880646 and parameters: {'window_influence': 0.380009550332369, 'penalty_k': 0.06511679930954745, 'scale_lr': 0.42003522137951727}. Best is trial 90 with value: 0.28226814400858996.
checkpoint_e16 window_influence: 0.39184394972303449, penalty_k: 0.05105404041147545, scale_lr: 0.43425458543594087, EAO: 0.264
Trial 129 finished with value: 0.26447305367971824 and parameters: {'window_influence': 0.3918439497230345, 'penalty_k': 0.051054040411475446, 'scale_lr': 0.43425458543594087}. Best is trial 111 with value: 0.27549627247622344.
checkpoint_e16 window_influence: 0.42616191169393752, penalty_k: 0.00934079635736093, scale_lr: 0.51900405734977006, EAO: 0.266
Trial 124 finished with value: 0.2663972689126565 and parameters: {'window_influence': 0.4261619116939375, 'penalty_k': 0.009340796357360934, 'scale_lr': 0.5190040573497701}. Best is trial 91 with value: 0.2755729326508879.
checkpoint_e16 window_influence: 0.36658194746940709, penalty_k: 0.00672922800933658, scale_lr: 0.35941661535346264, EAO: 0.261
Trial 134 finished with value: 0.2605200047657742 and parameters: {'window_influence': 0.3665819474694071, 'penalty_k': 0.006729228009336584, 'scale_lr': 0.35941661535346264}. Best is trial 90 with value: 0.28226814400858996.
checkpoint_e16 window_influence: 0.35597975498303736, penalty_k: 0.09658846011006003, scale_lr: 0.47712695742055244, EAO: 0.249
Trial 130 finished with value: 0.24918503423289554 and parameters: {'window_influence': 0.35597975498303736, 'penalty_k': 0.09658846011006003, 'scale_lr': 0.47712695742055244}. Best is trial 111 with value: 0.27549627247622344.
checkpoint_e16 window_influence: 0.49680205415799211, penalty_k: 0.04257359916629878, scale_lr: 0.49342645088692610, EAO: 0.263
Trial 125 finished with value: 0.2628560370303751 and parameters: {'window_influence': 0.4968020541579921, 'penalty_k': 0.04257359916629878, 'scale_lr': 0.4934264508869261}. Best is trial 91 with value: 0.2755729326508879.
checkpoint_e16 window_influence: 0.40682950819312291, penalty_k: 0.03687532090067788, scale_lr: 0.40254387733115171, EAO: 0.270
Trial 135 finished with value: 0.2701863333946321 and parameters: {'window_influence': 0.4068295081931229, 'penalty_k': 0.03687532090067788, 'scale_lr': 0.4025438773311517}. Best is trial 90 with value: 0.28226814400858996.
checkpoint_e16 window_influence: 0.38621100821162052, penalty_k: 0.04741887311722189, scale_lr: 0.44096152262614502, EAO: 0.255
Trial 131 finished with value: 0.25549874660687716 and parameters: {'window_influence': 0.3862110082116205, 'penalty_k': 0.047418873117221885, 'scale_lr': 0.440961522626145}. Best is trial 111 with value: 0.27549627247622344.
checkpoint_e16 window_influence: 0.48155620933188681, penalty_k: 0.02066128857328173, scale_lr: 0.56303705660328585, EAO: 0.255
Trial 126 finished with value: 0.2548651047111527 and parameters: {'window_influence': 0.4815562093318868, 'penalty_k': 0.02066128857328173, 'scale_lr': 0.5630370566032858}. Best is trial 91 with value: 0.2755729326508879.
checkpoint_e16 window_influence: 0.39006979578821710, penalty_k: 0.08797911625777873, scale_lr: 0.37692258801550937, EAO: 0.260
Trial 136 finished with value: 0.2596425933808815 and parameters: {'window_influence': 0.3900697957882171, 'penalty_k': 0.08797911625777873, 'scale_lr': 0.3769225880155094}. Best is trial 90 with value: 0.28226814400858996.
checkpoint_e16 window_influence: 0.40818038989329275, penalty_k: 0.03294514690387298, scale_lr: 0.60619460991900720, EAO: 0.262
Trial 132 finished with value: 0.26205168228323866 and parameters: {'window_influence': 0.40818038989329275, 'penalty_k': 0.03294514690387298, 'scale_lr': 0.6061946099190072}. Best is trial 111 with value: 0.27549627247622344.
checkpoint_e16 window_influence: 0.51857283823400102, penalty_k: 0.05685947422780824, scale_lr: 0.53369605443083978, EAO: 0.248
Trial 127 finished with value: 0.24832083527150192 and parameters: {'window_influence': 0.518572838234001, 'penalty_k': 0.056859474227808245, 'scale_lr': 0.5336960544308398}. Best is trial 91 with value: 0.2755729326508879.
checkpoint_e16 window_influence: 0.31060551712275730, penalty_k: 0.05576005579955699, scale_lr: 0.46161029999147224, EAO: 0.256
Trial 137 finished with value: 0.25636310493800696 and parameters: {'window_influence': 0.3106055171227573, 'penalty_k': 0.05576005579955699, 'scale_lr': 0.46161029999147224}. Best is trial 90 with value: 0.28226814400858996.
checkpoint_e16 window_influence: 0.40044427127918697, penalty_k: 0.08102190339235266, scale_lr: 0.43068167045611416, EAO: 0.261
Trial 133 finished with value: 0.26111166397245916 and parameters: {'window_influence': 0.40044427127918697, 'penalty_k': 0.08102190339235266, 'scale_lr': 0.43068167045611416}. Best is trial 111 with value: 0.27549627247622344.
checkpoint_e16 window_influence: 0.41578022669562603, penalty_k: 0.00154573517644455, scale_lr: 0.44327078235582512, EAO: 0.265
Trial 128 finished with value: 0.2652528994693989 and parameters: {'window_influence': 0.41578022669562603, 'penalty_k': 0.0015457351764445529, 'scale_lr': 0.4432707823558251}. Best is trial 91 with value: 0.2755729326508879.
checkpoint_e16 window_influence: 0.35300250506813147, penalty_k: 0.07619319174202903, scale_lr: 0.42922245673296977, EAO: 0.251
Trial 138 finished with value: 0.25103186313214343 and parameters: {'window_influence': 0.35300250506813147, 'penalty_k': 0.07619319174202903, 'scale_lr': 0.42922245673296977}. Best is trial 90 with value: 0.28226814400858996.
checkpoint_e16 window_influence: 0.40408894419521096, penalty_k: 0.08433496124502853, scale_lr: 0.42386173005610911, EAO: 0.261
Trial 134 finished with value: 0.2607151137861779 and parameters: {'window_influence': 0.40408894419521096, 'penalty_k': 0.08433496124502853, 'scale_lr': 0.4238617300561091}. Best is trial 111 with value: 0.27549627247622344.
checkpoint_e16 window_influence: 0.45800927648262058, penalty_k: 0.03482015708712487, scale_lr: 0.50279883381077384, EAO: 0.255
Trial 129 finished with value: 0.25492644770358636 and parameters: {'window_influence': 0.4580092764826206, 'penalty_k': 0.03482015708712487, 'scale_lr': 0.5027988338107738}. Best is trial 91 with value: 0.2755729326508879.
checkpoint_e16 window_influence: 0.32718347095631273, penalty_k: 0.01835873179282258, scale_lr: 0.31621552634468969, EAO: 0.261
Trial 139 finished with value: 0.2612941800578823 and parameters: {'window_influence': 0.3271834709563127, 'penalty_k': 0.018358731792822578, 'scale_lr': 0.3162155263446897}. Best is trial 90 with value: 0.28226814400858996.
checkpoint_e16 window_influence: 0.40627366287313660, penalty_k: 0.08047884339838381, scale_lr: 0.43394138565185619, EAO: 0.258
Trial 135 finished with value: 0.2584581238830962 and parameters: {'window_influence': 0.4062736628731366, 'penalty_k': 0.0804788433983838, 'scale_lr': 0.4339413856518562}. Best is trial 111 with value: 0.27549627247622344.
checkpoint_e16 window_influence: 0.43942216584404886, penalty_k: 0.04689766886734995, scale_lr: 0.42531516401154856, EAO: 0.252
Trial 130 finished with value: 0.2521396401088412 and parameters: {'window_influence': 0.43942216584404886, 'penalty_k': 0.046897668867349945, 'scale_lr': 0.42531516401154856}. Best is trial 91 with value: 0.2755729326508879.
checkpoint_e16 window_influence: 0.37057018864811070, penalty_k: 0.04119776496015102, scale_lr: 0.34934272310748249, EAO: 0.276
Trial 140 finished with value: 0.27600447064250466 and parameters: {'window_influence': 0.3705701886481107, 'penalty_k': 0.04119776496015102, 'scale_lr': 0.3493427231074825}. Best is trial 90 with value: 0.28226814400858996.
checkpoint_e16 window_influence: 0.39028738298149340, penalty_k: 0.03328094896705679, scale_lr: 0.38958827961841297, EAO: 0.266
Trial 136 finished with value: 0.26563814143097497 and parameters: {'window_influence': 0.3902873829814934, 'penalty_k': 0.033280948967056787, 'scale_lr': 0.38958827961841297}. Best is trial 111 with value: 0.27549627247622344.
checkpoint_e16 window_influence: 0.43383084338652772, penalty_k: 0.06979011097627023, scale_lr: 0.49643636269274871, EAO: 0.253
Trial 131 finished with value: 0.25348476217529636 and parameters: {'window_influence': 0.4338308433865277, 'penalty_k': 0.06979011097627023, 'scale_lr': 0.4964363626927487}. Best is trial 91 with value: 0.2755729326508879.
checkpoint_e16 window_influence: 0.37120956559825624, penalty_k: 0.03815568565342822, scale_lr: 0.34815391095359266, EAO: 0.264
Trial 141 finished with value: 0.26445526738719244 and parameters: {'window_influence': 0.37120956559825624, 'penalty_k': 0.038155685653428216, 'scale_lr': 0.34815391095359266}. Best is trial 90 with value: 0.28226814400858996.
checkpoint_e16 window_influence: 0.39170269879063069, penalty_k: 0.03376448613847850, scale_lr: 0.39563367486038598, EAO: 0.264
Trial 137 finished with value: 0.26391274457782266 and parameters: {'window_influence': 0.3917026987906307, 'penalty_k': 0.033764486138478496, 'scale_lr': 0.395633674860386}. Best is trial 111 with value: 0.27549627247622344.
checkpoint_e16 window_influence: 0.47260379192336566, penalty_k: 0.07191978301027564, scale_lr: 0.48554427162913960, EAO: 0.265
Trial 132 finished with value: 0.26460753647777124 and parameters: {'window_influence': 0.47260379192336566, 'penalty_k': 0.07191978301027564, 'scale_lr': 0.4855442716291396}. Best is trial 91 with value: 0.2755729326508879.
checkpoint_e16 window_influence: 0.41798415453487309, penalty_k: 0.00210114515792212, scale_lr: 0.33594302179278024, EAO: 0.267
Trial 142 finished with value: 0.26702518827789196 and parameters: {'window_influence': 0.4179841545348731, 'penalty_k': 0.0021011451579221203, 'scale_lr': 0.33594302179278024}. Best is trial 90 with value: 0.28226814400858996.
checkpoint_e16 window_influence: 0.36269653378181560, penalty_k: 0.03551726995268804, scale_lr: 0.39027227452790247, EAO: 0.262
Trial 138 finished with value: 0.26180376288125184 and parameters: {'window_influence': 0.3626965337818156, 'penalty_k': 0.03551726995268804, 'scale_lr': 0.3902722745279025}. Best is trial 111 with value: 0.27549627247622344.
checkpoint_e16 window_influence: 0.45831003629220374, penalty_k: 0.08506601328004681, scale_lr: 0.46459428716658463, EAO: 0.257
Trial 133 finished with value: 0.2569929715700266 and parameters: {'window_influence': 0.45831003629220374, 'penalty_k': 0.08506601328004681, 'scale_lr': 0.46459428716658463}. Best is trial 91 with value: 0.2755729326508879.
checkpoint_e16 window_influence: 0.39835398699007502, penalty_k: 0.04498907352896234, scale_lr: 0.30620008387118092, EAO: 0.268
Trial 143 finished with value: 0.26849045192565374 and parameters: {'window_influence': 0.398353986990075, 'penalty_k': 0.04498907352896234, 'scale_lr': 0.3062000838711809}. Best is trial 90 with value: 0.28226814400858996.
checkpoint_e16 window_influence: 0.36488477891623206, penalty_k: 0.03337114665392943, scale_lr: 0.40297401326670390, EAO: 0.265
Trial 139 finished with value: 0.265366125700435 and parameters: {'window_influence': 0.36488477891623206, 'penalty_k': 0.03337114665392943, 'scale_lr': 0.4029740132667039}. Best is trial 111 with value: 0.27549627247622344.
checkpoint_e16 window_influence: 0.44276165420418517, penalty_k: 0.02043029025089791, scale_lr: 0.51621469019173138, EAO: 0.269
Trial 134 finished with value: 0.2693300625173057 and parameters: {'window_influence': 0.4427616542041852, 'penalty_k': 0.02043029025089791, 'scale_lr': 0.5162146901917314}. Best is trial 91 with value: 0.2755729326508879.
checkpoint_e16 window_influence: 0.43450503168224547, penalty_k: 0.02756798821427525, scale_lr: 0.36573027231741984, EAO: 0.267
Trial 144 finished with value: 0.26707668184507183 and parameters: {'window_influence': 0.43450503168224547, 'penalty_k': 0.027567988214275252, 'scale_lr': 0.36573027231741984}. Best is trial 90 with value: 0.28226814400858996.
checkpoint_e16 window_influence: 0.34767801163876721, penalty_k: 0.03386896283316213, scale_lr: 0.38558413225883648, EAO: 0.261
Trial 140 finished with value: 0.2611788199321041 and parameters: {'window_influence': 0.3476780116387672, 'penalty_k': 0.03386896283316213, 'scale_lr': 0.3855841322588365}. Best is trial 111 with value: 0.27549627247622344.
checkpoint_e16 window_influence: 0.36362275282306639, penalty_k: 0.01712049323246865, scale_lr: 0.54666350999113422, EAO: 0.252
Trial 135 finished with value: 0.25166644452790904 and parameters: {'window_influence': 0.3636227528230664, 'penalty_k': 0.01712049323246865, 'scale_lr': 0.5466635099911342}. Best is trial 91 with value: 0.2755729326508879.
checkpoint_e16 window_influence: 0.37966244430397489, penalty_k: 0.06297122162282681, scale_lr: 0.39275216738052515, EAO: 0.273
Trial 145 finished with value: 0.27262955479990175 and parameters: {'window_influence': 0.3796624443039749, 'penalty_k': 0.06297122162282681, 'scale_lr': 0.39275216738052515}. Best is trial 90 with value: 0.28226814400858996.
checkpoint_e16 window_influence: 0.36515600597411502, penalty_k: 0.03122252033153623, scale_lr: 0.40613496304246610, EAO: 0.253
Trial 141 finished with value: 0.2525233276854686 and parameters: {'window_influence': 0.365156005974115, 'penalty_k': 0.03122252033153623, 'scale_lr': 0.4061349630424661}. Best is trial 111 with value: 0.27549627247622344.
checkpoint_e16 window_influence: 0.41698077573845438, penalty_k: 0.03200320431014170, scale_lr: 0.51707783389656237, EAO: 0.266
Trial 136 finished with value: 0.2657655430881958 and parameters: {'window_influence': 0.4169807757384544, 'penalty_k': 0.0320032043101417, 'scale_lr': 0.5170778338965624}. Best is trial 91 with value: 0.2755729326508879.
checkpoint_e16 window_influence: 0.38297093862388265, penalty_k: 0.06437994831989320, scale_lr: 0.38867197183453284, EAO: 0.277
Trial 146 finished with value: 0.27683099862036664 and parameters: {'window_influence': 0.38297093862388265, 'penalty_k': 0.0643799483198932, 'scale_lr': 0.38867197183453284}. Best is trial 90 with value: 0.28226814400858996.
checkpoint_e16 window_influence: 0.37490820841537786, penalty_k: 0.04043861194963748, scale_lr: 0.37052112793884773, EAO: 0.252
Trial 142 finished with value: 0.2516887570784344 and parameters: {'window_influence': 0.37490820841537786, 'penalty_k': 0.04043861194963748, 'scale_lr': 0.3705211279388477}. Best is trial 111 with value: 0.27549627247622344.
checkpoint_e16 window_influence: 0.40178877552787096, penalty_k: 0.01191621648577573, scale_lr: 0.52774438391560075, EAO: 0.269
Trial 137 finished with value: 0.26912397309774305 and parameters: {'window_influence': 0.40178877552787096, 'penalty_k': 0.011916216485775726, 'scale_lr': 0.5277443839156007}. Best is trial 91 with value: 0.2755729326508879.
checkpoint_e16 window_influence: 0.36330413017649221, penalty_k: 0.06387214538946422, scale_lr: 0.39047138702189049, EAO: 0.269
Trial 147 finished with value: 0.26899725749967546 and parameters: {'window_influence': 0.3633041301764922, 'penalty_k': 0.06387214538946422, 'scale_lr': 0.3904713870218905}. Best is trial 90 with value: 0.28226814400858996.
checkpoint_e16 window_influence: 0.35703204022536655, penalty_k: 0.01415157958979203, scale_lr: 0.39854865969173231, EAO: 0.261
Trial 143 finished with value: 0.26119893437963193 and parameters: {'window_influence': 0.35703204022536655, 'penalty_k': 0.014151579589792025, 'scale_lr': 0.3985486596917323}. Best is trial 111 with value: 0.27549627247622344.
checkpoint_e16 window_influence: 0.40455024127162381, penalty_k: 0.00084012389548161, scale_lr: 0.58022348689185954, EAO: 0.258
Trial 138 finished with value: 0.2577143753689479 and parameters: {'window_influence': 0.4045502412716238, 'penalty_k': 0.0008401238954816106, 'scale_lr': 0.5802234868918595}. Best is trial 91 with value: 0.2755729326508879.
checkpoint_e16 window_influence: 0.38161801290725905, penalty_k: 0.09735124645304306, scale_lr: 0.38012351694294499, EAO: 0.262
Trial 148 finished with value: 0.2617215625033146 and parameters: {'window_influence': 0.38161801290725905, 'penalty_k': 0.09735124645304306, 'scale_lr': 0.380123516942945}. Best is trial 90 with value: 0.28226814400858996.
checkpoint_e16 window_influence: 0.38778255530137146, penalty_k: 0.05277323754453718, scale_lr: 0.41677402569081440, EAO: 0.268
Trial 144 finished with value: 0.26755026388701386 and parameters: {'window_influence': 0.38778255530137146, 'penalty_k': 0.05277323754453718, 'scale_lr': 0.4167740256908144}. Best is trial 111 with value: 0.27549627247622344.
checkpoint_e16 window_influence: 0.38852101493298163, penalty_k: 0.01323367626943278, scale_lr: 0.53047248227381827, EAO: 0.267
