Trial 1907 finished with value: 0.2619348381592975 and parameters: {'window_influence': 0.4260344224690069, 'penalty_k': 0.13351210860391619, 'scale_lr': 0.701744679672887}. Best is trial 1594 with value: 0.29992623191054274.
checkpoint_e32 window_influence: 0.44636879926884693, penalty_k: 0.16928851756245286, scale_lr: 0.45429161896099457, EAO: 0.256
Trial 1908 finished with value: 0.25600286427794433 and parameters: {'window_influence': 0.4463687992688469, 'penalty_k': 0.16928851756245286, 'scale_lr': 0.45429161896099457}. Best is trial 1594 with value: 0.29992623191054274.
checkpoint_e32 window_influence: 0.61261170492233630, penalty_k: 0.15354189423532918, scale_lr: 0.37041766999570352, EAO: 0.224
Trial 1909 finished with value: 0.22382881086531695 and parameters: {'window_influence': 0.6126117049223363, 'penalty_k': 0.15354189423532918, 'scale_lr': 0.3704176699957035}. Best is trial 1594 with value: 0.29992623191054274.
checkpoint_e32 window_influence: 0.41267236880774100, penalty_k: 0.14115465264392821, scale_lr: 0.34415044837723840, EAO: 0.260
Trial 1910 finished with value: 0.26048395600987645 and parameters: {'window_influence': 0.412672368807741, 'penalty_k': 0.1411546526439282, 'scale_lr': 0.3441504483772384}. Best is trial 1594 with value: 0.29992623191054274.
checkpoint_e32 window_influence: 0.27397261712258658, penalty_k: 0.26331120709568939, scale_lr: 0.15270592070468239, EAO: 0.247
Trial 1911 finished with value: 0.24684879771335339 and parameters: {'window_influence': 0.2739726171225866, 'penalty_k': 0.2633112070956894, 'scale_lr': 0.1527059207046824}. Best is trial 1594 with value: 0.29992623191054274.
checkpoint_e32 window_influence: 0.40098223074702971, penalty_k: 0.20719235619568635, scale_lr: 0.64737642740214429, EAO: 0.271
Trial 1912 finished with value: 0.27065669169755485 and parameters: {'window_influence': 0.4009822307470297, 'penalty_k': 0.20719235619568635, 'scale_lr': 0.6473764274021443}. Best is trial 1594 with value: 0.29992623191054274.
checkpoint_e32 window_influence: 0.43585772358926361, penalty_k: 0.11797846699192546, scale_lr: 0.13697602673019330, EAO: 0.277
Trial 1913 finished with value: 0.276696478448263 and parameters: {'window_influence': 0.4358577235892636, 'penalty_k': 0.11797846699192546, 'scale_lr': 0.1369760267301933}. Best is trial 1594 with value: 0.29992623191054274.
checkpoint_e32 window_influence: 0.22355809741961916, penalty_k: 0.17742470905118451, scale_lr: 0.41491781569776442, EAO: 0.259
Trial 1914 finished with value: 0.2591430773216534 and parameters: {'window_influence': 0.22355809741961916, 'penalty_k': 0.17742470905118451, 'scale_lr': 0.4149178156977644}. Best is trial 1594 with value: 0.29992623191054274.
checkpoint_e32 window_influence: 0.34629923584141720, penalty_k: 0.12880229315998276, scale_lr: 0.71769363336121528, EAO: 0.268
Trial 1915 finished with value: 0.2681152780608433 and parameters: {'window_influence': 0.3462992358414172, 'penalty_k': 0.12880229315998276, 'scale_lr': 0.7176936333612153}. Best is trial 1594 with value: 0.29992623191054274.
checkpoint_e32 window_influence: 0.39025926355591106, penalty_k: 0.14661050105860104, scale_lr: 0.11302965757053077, EAO: 0.273
Trial 1916 finished with value: 0.27309200749164675 and parameters: {'window_influence': 0.39025926355591106, 'penalty_k': 0.14661050105860104, 'scale_lr': 0.11302965757053077}. Best is trial 1594 with value: 0.29992623191054274.
checkpoint_e32 window_influence: 0.42046503398934959, penalty_k: 0.10424103758369280, scale_lr: 0.57833790237655691, EAO: 0.262
Trial 1917 finished with value: 0.2618215706774859 and parameters: {'window_influence': 0.4204650339893496, 'penalty_k': 0.1042410375836928, 'scale_lr': 0.5783379023765569}. Best is trial 1594 with value: 0.29992623191054274.
checkpoint_e32 window_influence: 0.15983482111755545, penalty_k: 0.24589869364695646, scale_lr: 0.17124947157290643, EAO: 0.249
Trial 1918 finished with value: 0.24851327183527674 and parameters: {'window_influence': 0.15983482111755545, 'penalty_k': 0.24589869364695646, 'scale_lr': 0.17124947157290643}. Best is trial 1594 with value: 0.29992623191054274.
checkpoint_e32 window_influence: 0.57649324091418563, penalty_k: 0.16415544113493319, scale_lr: 0.47187431592440754, EAO: 0.230
Trial 1919 finished with value: 0.23042830164597286 and parameters: {'window_influence': 0.5764932409141856, 'penalty_k': 0.1641554411349332, 'scale_lr': 0.47187431592440754}. Best is trial 1594 with value: 0.29992623191054274.
checkpoint_e32 window_influence: 0.46190834780617734, penalty_k: 0.14102797265656242, scale_lr: 0.32983303018502880, EAO: 0.258
Trial 1920 finished with value: 0.25822789427953036 and parameters: {'window_influence': 0.46190834780617734, 'penalty_k': 0.14102797265656242, 'scale_lr': 0.3298330301850288}. Best is trial 1594 with value: 0.29992623191054274.
checkpoint_e32 window_influence: 0.12663316123009849, penalty_k: 0.02945392048320912, scale_lr: 0.10007149815893483, EAO: 0.253
Trial 1921 finished with value: 0.25268802016488906 and parameters: {'window_influence': 0.1266331612300985, 'penalty_k': 0.029453920483209117, 'scale_lr': 0.10007149815893483}. Best is trial 1594 with value: 0.29992623191054274.
checkpoint_e32 window_influence: 0.63646063444308165, penalty_k: 0.16041848630142427, scale_lr: 0.12361150809663306, EAO: 0.226
Trial 1922 finished with value: 0.22571205626416013 and parameters: {'window_influence': 0.6364606344430817, 'penalty_k': 0.16041848630142427, 'scale_lr': 0.12361150809663306}. Best is trial 1594 with value: 0.29992623191054274.
checkpoint_e32 window_influence: 0.37824591312492506, penalty_k: 0.18231723115779558, scale_lr: 0.36249715628651125, EAO: 0.268
Trial 1923 finished with value: 0.26808215035655636 and parameters: {'window_influence': 0.37824591312492506, 'penalty_k': 0.18231723115779558, 'scale_lr': 0.36249715628651125}. Best is trial 1594 with value: 0.29992623191054274.
checkpoint_e32 window_influence: 0.59667677057364488, penalty_k: 0.11261552813314817, scale_lr: 0.14201186878804889, EAO: 0.237
Trial 1924 finished with value: 0.23747418439242898 and parameters: {'window_influence': 0.5966767705736449, 'penalty_k': 0.11261552813314817, 'scale_lr': 0.1420118687880489}. Best is trial 1594 with value: 0.29992623191054274.
checkpoint_e32 window_influence: 0.40851079047211919, penalty_k: 0.27697047912529627, scale_lr: 0.20330152918585101, EAO: 0.260
Trial 1925 finished with value: 0.2596716187228032 and parameters: {'window_influence': 0.4085107904721192, 'penalty_k': 0.27697047912529627, 'scale_lr': 0.203301529185851}. Best is trial 1594 with value: 0.29992623191054274.
checkpoint_e32 window_influence: 0.43104376281295487, penalty_k: 0.07898189599586423, scale_lr: 0.48460123461055821, EAO: 0.266
Trial 1926 finished with value: 0.2656339005362697 and parameters: {'window_influence': 0.43104376281295487, 'penalty_k': 0.07898189599586423, 'scale_lr': 0.4846012346105582}. Best is trial 1594 with value: 0.29992623191054274.
checkpoint_e32 window_influence: 0.44844386107548662, penalty_k: 0.03957326095438832, scale_lr: 0.16051000791507486, EAO: 0.260
Trial 1927 finished with value: 0.2602353185051825 and parameters: {'window_influence': 0.4484438610754866, 'penalty_k': 0.03957326095438832, 'scale_lr': 0.16051000791507486}. Best is trial 1594 with value: 0.29992623191054274.
checkpoint_e32 window_influence: 0.62472609147049596, penalty_k: 0.13037266070851494, scale_lr: 0.66473364569212778, EAO: 0.212
Trial 1928 finished with value: 0.2118589518273749 and parameters: {'window_influence': 0.624726091470496, 'penalty_k': 0.13037266070851494, 'scale_lr': 0.6647336456921278}. Best is trial 1594 with value: 0.29992623191054274.
checkpoint_e32 window_influence: 0.36490718415814849, penalty_k: 0.31142988651389758, scale_lr: 0.12345100076582671, EAO: 0.272
Trial 1929 finished with value: 0.27216709689880775 and parameters: {'window_influence': 0.3649071841581485, 'penalty_k': 0.3114298865138976, 'scale_lr': 0.12345100076582671}. Best is trial 1594 with value: 0.29992623191054274.
checkpoint_e32 window_influence: 0.40063994812954645, penalty_k: 0.15009605795261144, scale_lr: 0.35049543479112910, EAO: 0.282
Trial 1930 finished with value: 0.28183740371368765 and parameters: {'window_influence': 0.40063994812954645, 'penalty_k': 0.15009605795261144, 'scale_lr': 0.3504954347911291}. Best is trial 1594 with value: 0.29992623191054274.
checkpoint_e32 window_influence: 0.41813236687114869, penalty_k: 0.06431679473771668, scale_lr: 0.13402873412489860, EAO: 0.272
Trial 1931 finished with value: 0.2723882994879552 and parameters: {'window_influence': 0.4181323668711487, 'penalty_k': 0.06431679473771668, 'scale_lr': 0.1340287341248986}. Best is trial 1594 with value: 0.29992623191054274.
checkpoint_e32 window_influence: 0.38807513676464800, penalty_k: 0.16811889674346542, scale_lr: 0.73280536357088755, EAO: 0.258
Trial 1932 finished with value: 0.2577726810080249 and parameters: {'window_influence': 0.388075136764648, 'penalty_k': 0.16811889674346542, 'scale_lr': 0.7328053635708875}. Best is trial 1594 with value: 0.29992623191054274.
checkpoint_e32 window_influence: 0.22347421218540423, penalty_k: 0.09232229464486663, scale_lr: 0.51729369543692894, EAO: 0.267
Trial 1933 finished with value: 0.2666164972190935 and parameters: {'window_influence': 0.22347421218540423, 'penalty_k': 0.09232229464486663, 'scale_lr': 0.5172936954369289}. Best is trial 1594 with value: 0.29992623191054274.
checkpoint_e32 window_influence: 0.48664839544765676, penalty_k: 0.19336253841979670, scale_lr: 0.75553882852330734, EAO: 0.259
Trial 1934 finished with value: 0.25890461040463875 and parameters: {'window_influence': 0.48664839544765676, 'penalty_k': 0.1933625384197967, 'scale_lr': 0.7555388285233073}. Best is trial 1594 with value: 0.29992623191054274.
checkpoint_e32 window_influence: 0.44117734788202628, penalty_k: 0.12412085897405588, scale_lr: 0.17986207350056244, EAO: 0.270
Trial 1935 finished with value: 0.27047289005382275 and parameters: {'window_influence': 0.4411773478820263, 'penalty_k': 0.12412085897405588, 'scale_lr': 0.17986207350056244}. Best is trial 1594 with value: 0.29992623191054274.
checkpoint_e32 window_influence: 0.42911010474757405, penalty_k: 0.01495347102742737, scale_lr: 0.14940270515197368, EAO: 0.265
Trial 1936 finished with value: 0.26459691007205144 and parameters: {'window_influence': 0.42911010474757405, 'penalty_k': 0.01495347102742737, 'scale_lr': 0.14940270515197368}. Best is trial 1594 with value: 0.29992623191054274.
checkpoint_e32 window_influence: 0.41164409559973308, penalty_k: 0.22099328467811405, scale_lr: 0.11121919810169122, EAO: 0.273
Trial 1937 finished with value: 0.2729589243124171 and parameters: {'window_influence': 0.4116440955997331, 'penalty_k': 0.22099328467811405, 'scale_lr': 0.11121919810169122}. Best is trial 1594 with value: 0.29992623191054274.
checkpoint_e32 window_influence: 0.38215836760410604, penalty_k: 0.10484533679722469, scale_lr: 0.27065468864429298, EAO: 0.260
Trial 1938 finished with value: 0.25968778829991335 and parameters: {'window_influence': 0.38215836760410604, 'penalty_k': 0.10484533679722469, 'scale_lr': 0.270654688644293}. Best is trial 1594 with value: 0.29992623191054274.
checkpoint_e32 window_influence: 0.21056457686762667, penalty_k: 0.13782605831042713, scale_lr: 0.67768824793030502, EAO: 0.259
Trial 1939 finished with value: 0.2585775700163066 and parameters: {'window_influence': 0.21056457686762667, 'penalty_k': 0.13782605831042713, 'scale_lr': 0.677688247930305}. Best is trial 1594 with value: 0.29992623191054274.
checkpoint_e32 window_influence: 0.28217588929615223, penalty_k: 0.15055457964223529, scale_lr: 0.13228670221341410, EAO: 0.265
Trial 1940 finished with value: 0.26500194023052853 and parameters: {'window_influence': 0.2821758892961522, 'penalty_k': 0.1505545796422353, 'scale_lr': 0.1322867022134141}. Best is trial 1594 with value: 0.29992623191054274.
checkpoint_e32 window_influence: 0.61118676900946078, penalty_k: 0.17737729967682719, scale_lr: 0.52853089473542880, EAO: 0.217
Trial 1941 finished with value: 0.21685465709949897 and parameters: {'window_influence': 0.6111867690094608, 'penalty_k': 0.1773772996768272, 'scale_lr': 0.5285308947354288}. Best is trial 1594 with value: 0.29992623191054274.
checkpoint_e32 window_influence: 0.39765170161010877, penalty_k: 0.11601225076141775, scale_lr: 0.11831987553688755, EAO: 0.278
Trial 1942 finished with value: 0.27755922472816175 and parameters: {'window_influence': 0.39765170161010877, 'penalty_k': 0.11601225076141775, 'scale_lr': 0.11831987553688755}. Best is trial 1594 with value: 0.29992623191054274.
checkpoint_e32 window_influence: 0.23678895539526967, penalty_k: 0.16554055039879692, scale_lr: 0.21510282134432243, EAO: 0.274
Trial 1943 finished with value: 0.27370472415918257 and parameters: {'window_influence': 0.23678895539526967, 'penalty_k': 0.16554055039879692, 'scale_lr': 0.21510282134432243}. Best is trial 1594 with value: 0.29992623191054274.
checkpoint_e32 window_influence: 0.42313789266342372, penalty_k: 0.12987064713303437, scale_lr: 0.54942273312681289, EAO: 0.267
Trial 1944 finished with value: 0.26715209050391747 and parameters: {'window_influence': 0.4231378926634237, 'penalty_k': 0.12987064713303437, 'scale_lr': 0.5494227331268129}. Best is trial 1594 with value: 0.29992623191054274.
checkpoint_e32 window_influence: 0.17451425490387582, penalty_k: 0.23779885867348802, scale_lr: 0.15894378320563657, EAO: 0.245
Trial 1945 finished with value: 0.2454374531299118 and parameters: {'window_influence': 0.17451425490387582, 'penalty_k': 0.23779885867348802, 'scale_lr': 0.15894378320563657}. Best is trial 1594 with value: 0.29992623191054274.
checkpoint_e32 window_influence: 0.57447546221083168, penalty_k: 0.15741631407897860, scale_lr: 0.64411694575016487, EAO: 0.224
Trial 1946 finished with value: 0.22442792646768617 and parameters: {'window_influence': 0.5744754622108317, 'penalty_k': 0.1574163140789786, 'scale_lr': 0.6441169457501649}. Best is trial 1594 with value: 0.29992623191054274.
checkpoint_e32 window_influence: 0.56759649066093421, penalty_k: 0.04494934255191321, scale_lr: 0.14220416841205336, EAO: 0.246
Trial 1947 finished with value: 0.2455238669626112 and parameters: {'window_influence': 0.5675964906609342, 'penalty_k': 0.04494934255191321, 'scale_lr': 0.14220416841205336}. Best is trial 1594 with value: 0.29992623191054274.
checkpoint_e32 window_influence: 0.45848458244718260, penalty_k: 0.14541733095721046, scale_lr: 0.45985191355779709, EAO: 0.268
Trial 1948 finished with value: 0.2679684938696342 and parameters: {'window_influence': 0.4584845824471826, 'penalty_k': 0.14541733095721046, 'scale_lr': 0.4598519135577971}. Best is trial 1594 with value: 0.29992623191054274.
checkpoint_e32 window_influence: 0.24308718878035551, penalty_k: 0.20669322165707724, scale_lr: 0.11487236001411751, EAO: 0.263
Trial 1949 finished with value: 0.26251466644973287 and parameters: {'window_influence': 0.2430871887803555, 'penalty_k': 0.20669322165707724, 'scale_lr': 0.1148723600141175}. Best is trial 1594 with value: 0.29992623191054274.
checkpoint_e32 window_influence: 0.36069552192590437, penalty_k: 0.08682927560735566, scale_lr: 0.68896388580742718, EAO: 0.266
Trial 1950 finished with value: 0.2658027528626163 and parameters: {'window_influence': 0.36069552192590437, 'penalty_k': 0.08682927560735566, 'scale_lr': 0.6889638858074272}. Best is trial 1594 with value: 0.29992623191054274.
checkpoint_e32 window_influence: 0.26545213469114748, penalty_k: 0.18874043200110296, scale_lr: 0.23779904012486819, EAO: 0.255
Trial 1951 finished with value: 0.2548399942556048 and parameters: {'window_influence': 0.2654521346911475, 'penalty_k': 0.18874043200110296, 'scale_lr': 0.2377990401248682}. Best is trial 1594 with value: 0.29992623191054274.
checkpoint_e32 window_influence: 0.43893377742403994, penalty_k: 0.00019414885053505, scale_lr: 0.56795570551443175, EAO: 0.267
Trial 1952 finished with value: 0.26726975794730146 and parameters: {'window_influence': 0.43893377742403994, 'penalty_k': 0.00019414885053505027, 'scale_lr': 0.5679557055144318}. Best is trial 1594 with value: 0.29992623191054274.
checkpoint_e32 window_influence: 0.47674332249953566, penalty_k: 0.13722604408638894, scale_lr: 0.79867375845205846, EAO: 0.260
Trial 1953 finished with value: 0.2604098054693966 and parameters: {'window_influence': 0.47674332249953566, 'penalty_k': 0.13722604408638894, 'scale_lr': 0.7986737584520585}. Best is trial 1594 with value: 0.29992623191054274.
checkpoint_e32 window_influence: 0.20052235539025451, penalty_k: 0.10417188245210149, scale_lr: 0.10035534309362365, EAO: 0.255
Trial 1954 finished with value: 0.25536461889259215 and parameters: {'window_influence': 0.2005223553902545, 'penalty_k': 0.10417188245210149, 'scale_lr': 0.10035534309362365}. Best is trial 1594 with value: 0.29992623191054274.
checkpoint_e32 window_influence: 0.40574871782855737, penalty_k: 0.12404243253637788, scale_lr: 0.12865262465293240, EAO: 0.277
Trial 1955 finished with value: 0.27746629212203067 and parameters: {'window_influence': 0.40574871782855737, 'penalty_k': 0.12404243253637788, 'scale_lr': 0.1286526246529324}. Best is trial 1594 with value: 0.29992623191054274.
checkpoint_e32 window_influence: 0.53675711738493970, penalty_k: 0.05487576941383734, scale_lr: 0.16936413331665270, EAO: 0.256
Trial 1956 finished with value: 0.255512988119106 and parameters: {'window_influence': 0.5367571173849397, 'penalty_k': 0.054875769413837344, 'scale_lr': 0.1693641333166527}. Best is trial 1594 with value: 0.29992623191054274.
checkpoint_e32 window_influence: 0.37314557171593415, penalty_k: 0.17333131469272334, scale_lr: 0.42303035636269537, EAO: 0.267
Trial 1957 finished with value: 0.26744098997697596 and parameters: {'window_influence': 0.37314557171593415, 'penalty_k': 0.17333131469272334, 'scale_lr': 0.42303035636269537}. Best is trial 1594 with value: 0.29992623191054274.
checkpoint_e32 window_influence: 0.41662855256830145, penalty_k: 0.02290747864272270, scale_lr: 0.18545393194253168, EAO: 0.265
Trial 1958 finished with value: 0.2645140906296125 and parameters: {'window_influence': 0.41662855256830145, 'penalty_k': 0.022907478642722703, 'scale_lr': 0.18545393194253168}. Best is trial 1594 with value: 0.29992623191054274.
checkpoint_e32 window_influence: 0.38959776358321818, penalty_k: 0.15587999876687553, scale_lr: 0.31820311644560317, EAO: 0.271
Trial 1959 finished with value: 0.27135642551309697 and parameters: {'window_influence': 0.3895977635832182, 'penalty_k': 0.15587999876687553, 'scale_lr': 0.3182031164456032}. Best is trial 1594 with value: 0.29992623191054274.
checkpoint_e32 window_influence: 0.42628257642151535, penalty_k: 0.14324221769595905, scale_lr: 0.14735684273480235, EAO: 0.273
Trial 1960 finished with value: 0.2726164551042929 and parameters: {'window_influence': 0.42628257642151535, 'penalty_k': 0.14324221769595905, 'scale_lr': 0.14735684273480235}. Best is trial 1594 with value: 0.29992623191054274.
checkpoint_e32 window_influence: 0.44910688287659661, penalty_k: 0.11305136729270127, scale_lr: 0.12159666590427211, EAO: 0.280
Trial 1961 finished with value: 0.27989548051018054 and parameters: {'window_influence': 0.4491068828765966, 'penalty_k': 0.11305136729270127, 'scale_lr': 0.12159666590427211}. Best is trial 1594 with value: 0.29992623191054274.
checkpoint_e32 window_influence: 0.26206698478205553, penalty_k: 0.28744738421526983, scale_lr: 0.13632530334738446, EAO: 0.242
Trial 1962 finished with value: 0.24214540749061397 and parameters: {'window_influence': 0.26206698478205553, 'penalty_k': 0.28744738421526983, 'scale_lr': 0.13632530334738446}. Best is trial 1594 with value: 0.29992623191054274.
checkpoint_e32 window_influence: 0.34998510898065543, penalty_k: 0.07153697855196746, scale_lr: 0.37721036435457928, EAO: 0.257
Trial 1963 finished with value: 0.2574493378643098 and parameters: {'window_influence': 0.34998510898065543, 'penalty_k': 0.07153697855196746, 'scale_lr': 0.3772103643545793}. Best is trial 1594 with value: 0.29992623191054274.
checkpoint_e32 window_influence: 0.56450440364929666, penalty_k: 0.09829111541843497, scale_lr: 0.11276586239950630, EAO: 0.246
Trial 1964 finished with value: 0.24634554315873278 and parameters: {'window_influence': 0.5645044036492967, 'penalty_k': 0.09829111541843497, 'scale_lr': 0.1127658623995063}. Best is trial 1594 with value: 0.29992623191054274.
checkpoint_e32 window_influence: 0.06066100182314771, penalty_k: 0.16328840593708160, scale_lr: 0.58355050562380439, EAO: 0.232
Trial 1965 finished with value: 0.23182770313043904 and parameters: {'window_influence': 0.06066100182314771, 'penalty_k': 0.1632884059370816, 'scale_lr': 0.5835505056238044}. Best is trial 1594 with value: 0.29992623191054274.
checkpoint_e32 window_influence: 0.15575152349296437, penalty_k: 0.13040545779122878, scale_lr: 0.10003552427313027, EAO: 0.242
Trial 1966 finished with value: 0.24204672745815137 and parameters: {'window_influence': 0.15575152349296437, 'penalty_k': 0.13040545779122878, 'scale_lr': 0.10003552427313027}. Best is trial 1594 with value: 0.29992623191054274.
checkpoint_e32 window_influence: 0.51368271275227628, penalty_k: 0.19527749936579170, scale_lr: 0.15238836431561167, EAO: 0.252
Trial 1967 finished with value: 0.2519755792932782 and parameters: {'window_influence': 0.5136827127522763, 'penalty_k': 0.1952774993657917, 'scale_lr': 0.15238836431561167}. Best is trial 1594 with value: 0.29992623191054274.
checkpoint_e32 window_influence: 0.40095398991949843, penalty_k: 0.17858471249798233, scale_lr: 0.19385125765605787, EAO: 0.268
