Trial 806 finished with value: 0.2358966555173804 and parameters: {'window_influence': 0.5086439308231122, 'penalty_k': 0.09277196112349329, 'scale_lr': 0.15392323819041276}. Best is trial 104 with value: 0.27492820641131904.
checkpoint_e22 window_influence: 0.25525317733347064, penalty_k: 0.22281484588183431, scale_lr: 0.51752374813305424, EAO: 0.244
Trial 807 finished with value: 0.2441421177207939 and parameters: {'window_influence': 0.25525317733347064, 'penalty_k': 0.2228148458818343, 'scale_lr': 0.5175237481330542}. Best is trial 104 with value: 0.27492820641131904.
checkpoint_e22 window_influence: 0.28983735128096960, penalty_k: 0.08912250121107519, scale_lr: 0.13401378831803343, EAO: 0.252
Trial 808 finished with value: 0.25162525051008394 and parameters: {'window_influence': 0.2898373512809696, 'penalty_k': 0.08912250121107519, 'scale_lr': 0.13401378831803343}. Best is trial 104 with value: 0.27492820641131904.
checkpoint_e22 window_influence: 0.20099745514776587, penalty_k: 0.19907047100528019, scale_lr: 0.16854237470005809, EAO: 0.237
Trial 809 finished with value: 0.2366068320788019 and parameters: {'window_influence': 0.20099745514776587, 'penalty_k': 0.1990704710052802, 'scale_lr': 0.1685423747000581}. Best is trial 104 with value: 0.27492820641131904.
checkpoint_e22 window_influence: 0.32487839809476510, penalty_k: 0.17251467830295755, scale_lr: 0.40265781583583438, EAO: 0.255
Trial 810 finished with value: 0.25537627275154845 and parameters: {'window_influence': 0.3248783980947651, 'penalty_k': 0.17251467830295755, 'scale_lr': 0.4026578158358344}. Best is trial 104 with value: 0.27492820641131904.
checkpoint_e22 window_influence: 0.28376440919754531, penalty_k: 0.04913409352282315, scale_lr: 0.75265102263066952, EAO: 0.247
Trial 811 finished with value: 0.24666144165808593 and parameters: {'window_influence': 0.2837644091975453, 'penalty_k': 0.04913409352282315, 'scale_lr': 0.7526510226306695}. Best is trial 104 with value: 0.27492820641131904.
checkpoint_e22 window_influence: 0.30061276673034709, penalty_k: 0.23453457357387802, scale_lr: 0.49608510511706727, EAO: 0.266
Trial 812 finished with value: 0.265545701714066 and parameters: {'window_influence': 0.3006127667303471, 'penalty_k': 0.23453457357387802, 'scale_lr': 0.49608510511706727}. Best is trial 104 with value: 0.27492820641131904.
checkpoint_e22 window_influence: 0.22804539343260505, penalty_k: 0.12286439265186375, scale_lr: 0.44844682254845342, EAO: 0.264
Trial 813 finished with value: 0.26426468159609695 and parameters: {'window_influence': 0.22804539343260505, 'penalty_k': 0.12286439265186375, 'scale_lr': 0.4484468225484534}. Best is trial 104 with value: 0.27492820641131904.
checkpoint_e22 window_influence: 0.25768451756101030, penalty_k: 0.06328483194420659, scale_lr: 0.17755929245822677, EAO: 0.249
Trial 814 finished with value: 0.24892721888495656 and parameters: {'window_influence': 0.2576845175610103, 'penalty_k': 0.06328483194420659, 'scale_lr': 0.17755929245822677}. Best is trial 104 with value: 0.27492820641131904.
checkpoint_e22 window_influence: 0.35076321092970925, penalty_k: 0.01433366173511228, scale_lr: 0.30746506806899776, EAO: 0.256
Trial 815 finished with value: 0.2556130121030459 and parameters: {'window_influence': 0.35076321092970925, 'penalty_k': 0.01433366173511228, 'scale_lr': 0.30746506806899776}. Best is trial 104 with value: 0.27492820641131904.
checkpoint_e22 window_influence: 0.23733706145059236, penalty_k: 0.18890667034113218, scale_lr: 0.27002880212128971, EAO: 0.248
Trial 816 finished with value: 0.2476295446598433 and parameters: {'window_influence': 0.23733706145059236, 'penalty_k': 0.18890667034113218, 'scale_lr': 0.2700288021212897}. Best is trial 104 with value: 0.27492820641131904.
checkpoint_e22 window_influence: 0.36336441855210055, penalty_k: 0.08179739646512868, scale_lr: 0.12121464195252124, EAO: 0.256
Trial 817 finished with value: 0.25601403136563494 and parameters: {'window_influence': 0.36336441855210055, 'penalty_k': 0.08179739646512868, 'scale_lr': 0.12121464195252124}. Best is trial 104 with value: 0.27492820641131904.
checkpoint_e22 window_influence: 0.35715144198320192, penalty_k: 0.20849850539358419, scale_lr: 0.14758385726968345, EAO: 0.258
Trial 818 finished with value: 0.2575378110253714 and parameters: {'window_influence': 0.3571514419832019, 'penalty_k': 0.2084985053935842, 'scale_lr': 0.14758385726968345}. Best is trial 104 with value: 0.27492820641131904.
checkpoint_e22 window_influence: 0.46900233261252056, penalty_k: 0.22036531626842551, scale_lr: 0.25751289752683304, EAO: 0.251
Trial 819 finished with value: 0.2513614413820631 and parameters: {'window_influence': 0.46900233261252056, 'penalty_k': 0.2203653162684255, 'scale_lr': 0.25751289752683304}. Best is trial 104 with value: 0.27492820641131904.
checkpoint_e22 window_influence: 0.24699400191587881, penalty_k: 0.16012383893474549, scale_lr: 0.13442868097268298, EAO: 0.248
Trial 820 finished with value: 0.24820733882062804 and parameters: {'window_influence': 0.2469940019158788, 'penalty_k': 0.1601238389347455, 'scale_lr': 0.13442868097268298}. Best is trial 104 with value: 0.27492820641131904.
checkpoint_e22 window_influence: 0.22225578993735512, penalty_k: 0.13346721106310097, scale_lr: 0.48399071353585654, EAO: 0.249
Trial 821 finished with value: 0.24911645509120894 and parameters: {'window_influence': 0.22225578993735512, 'penalty_k': 0.13346721106310097, 'scale_lr': 0.48399071353585654}. Best is trial 104 with value: 0.27492820641131904.
checkpoint_e22 window_influence: 0.33130994995528523, penalty_k: 0.22924833968194716, scale_lr: 0.29423387582300936, EAO: 0.262
Trial 822 finished with value: 0.26192938494003887 and parameters: {'window_influence': 0.33130994995528523, 'penalty_k': 0.22924833968194716, 'scale_lr': 0.29423387582300936}. Best is trial 104 with value: 0.27492820641131904.
checkpoint_e22 window_influence: 0.51468145869340998, penalty_k: 0.18267079048654197, scale_lr: 0.19939004306190491, EAO: 0.240
Trial 823 finished with value: 0.23995312406280175 and parameters: {'window_influence': 0.51468145869341, 'penalty_k': 0.18267079048654197, 'scale_lr': 0.19939004306190491}. Best is trial 104 with value: 0.27492820641131904.
checkpoint_e22 window_influence: 0.27668751164220773, penalty_k: 0.11784546521480924, scale_lr: 0.23491062126787768, EAO: 0.253
Trial 824 finished with value: 0.25289522971564193 and parameters: {'window_influence': 0.27668751164220773, 'penalty_k': 0.11784546521480924, 'scale_lr': 0.23491062126787768}. Best is trial 104 with value: 0.27492820641131904.
checkpoint_e22 window_influence: 0.18030474184883061, penalty_k: 0.20024777784468611, scale_lr: 0.62679657634213026, EAO: 0.233
Trial 825 finished with value: 0.2329432647523841 and parameters: {'window_influence': 0.1803047418488306, 'penalty_k': 0.20024777784468611, 'scale_lr': 0.6267965763421303}. Best is trial 104 with value: 0.27492820641131904.
checkpoint_e22 window_influence: 0.44840421403229969, penalty_k: 0.14462639241316327, scale_lr: 0.15994105436937861, EAO: 0.260
Trial 826 finished with value: 0.25983251534341795 and parameters: {'window_influence': 0.4484042140322997, 'penalty_k': 0.14462639241316327, 'scale_lr': 0.1599410543693786}. Best is trial 104 with value: 0.27492820641131904.
checkpoint_e22 window_influence: 0.37026065797783242, penalty_k: 0.07684904723740851, scale_lr: 0.42924472337889807, EAO: 0.260
Trial 827 finished with value: 0.26044397225709465 and parameters: {'window_influence': 0.3702606579778324, 'penalty_k': 0.07684904723740851, 'scale_lr': 0.4292447233788981}. Best is trial 104 with value: 0.27492820641131904.
checkpoint_e22 window_influence: 0.48403886473155056, penalty_k: 0.24133137698922416, scale_lr: 0.18218393798646371, EAO: 0.245
Trial 828 finished with value: 0.24519122628177084 and parameters: {'window_influence': 0.48403886473155056, 'penalty_k': 0.24133137698922416, 'scale_lr': 0.1821839379864637}. Best is trial 104 with value: 0.27492820641131904.
checkpoint_e22 window_influence: 0.06492980521828695, penalty_k: 0.10220479937681407, scale_lr: 0.33356662198682874, EAO: 0.226
Trial 829 finished with value: 0.22648866517030128 and parameters: {'window_influence': 0.06492980521828695, 'penalty_k': 0.10220479937681407, 'scale_lr': 0.33356662198682874}. Best is trial 104 with value: 0.27492820641131904.
checkpoint_e22 window_influence: 0.13427668639530313, penalty_k: 0.02470754409976436, scale_lr: 0.73010273969726425, EAO: 0.231
Trial 830 finished with value: 0.2314556964892682 and parameters: {'window_influence': 0.13427668639530313, 'penalty_k': 0.02470754409976436, 'scale_lr': 0.7301027396972642}. Best is trial 104 with value: 0.27492820641131904.
checkpoint_e22 window_influence: 0.29797891665590159, penalty_k: 0.21186546779493409, scale_lr: 0.14679175920760942, EAO: 0.261
Trial 831 finished with value: 0.2605993126829465 and parameters: {'window_influence': 0.2979789166559016, 'penalty_k': 0.2118654677949341, 'scale_lr': 0.14679175920760942}. Best is trial 104 with value: 0.27492820641131904.
checkpoint_e22 window_influence: 0.35081375464282266, penalty_k: 0.17214139317377095, scale_lr: 0.37533547741884665, EAO: 0.254
Trial 832 finished with value: 0.2539347630085015 and parameters: {'window_influence': 0.35081375464282266, 'penalty_k': 0.17214139317377095, 'scale_lr': 0.37533547741884665}. Best is trial 104 with value: 0.27492820641131904.
checkpoint_e22 window_influence: 0.37349329079387877, penalty_k: 0.19642638748928576, scale_lr: 0.46566530392016847, EAO: 0.255
Trial 833 finished with value: 0.25513229761424105 and parameters: {'window_influence': 0.3734932907938788, 'penalty_k': 0.19642638748928576, 'scale_lr': 0.46566530392016847}. Best is trial 104 with value: 0.27492820641131904.
checkpoint_e22 window_influence: 0.31428912731842845, penalty_k: 0.25629824547663871, scale_lr: 0.50858856998979207, EAO: 0.251
Trial 834 finished with value: 0.25107912058995024 and parameters: {'window_influence': 0.31428912731842845, 'penalty_k': 0.2562982454766387, 'scale_lr': 0.5085885699897921}. Best is trial 104 with value: 0.27492820641131904.
checkpoint_e22 window_influence: 0.36495250200076118, penalty_k: 0.04806805565920173, scale_lr: 0.12837242725126141, EAO: 0.243
Trial 835 finished with value: 0.24295605646400917 and parameters: {'window_influence': 0.3649525020007612, 'penalty_k': 0.04806805565920173, 'scale_lr': 0.1283724272512614}. Best is trial 104 with value: 0.27492820641131904.
checkpoint_e22 window_influence: 0.34392953753105393, penalty_k: 0.21519909693021794, scale_lr: 0.66845510824274679, EAO: 0.254
Trial 836 finished with value: 0.25361129278089944 and parameters: {'window_influence': 0.34392953753105393, 'penalty_k': 0.21519909693021794, 'scale_lr': 0.6684551082427468}. Best is trial 104 with value: 0.27492820641131904.
checkpoint_e22 window_influence: 0.38083309076036853, penalty_k: 0.22852227875941228, scale_lr: 0.42006007199447348, EAO: 0.240
Trial 837 finished with value: 0.24034853418910407 and parameters: {'window_influence': 0.38083309076036853, 'penalty_k': 0.22852227875941228, 'scale_lr': 0.4200600719944735}. Best is trial 104 with value: 0.27492820641131904.
checkpoint_e22 window_influence: 0.26787654262110638, penalty_k: 0.18632477270398556, scale_lr: 0.49602010185203477, EAO: 0.259
Trial 838 finished with value: 0.25863776882974115 and parameters: {'window_influence': 0.2678765426211064, 'penalty_k': 0.18632477270398556, 'scale_lr': 0.49602010185203477}. Best is trial 104 with value: 0.27492820641131904.
checkpoint_e22 window_influence: 0.16896450527749807, penalty_k: 0.03916995318682392, scale_lr: 0.52764778710648397, EAO: 0.238
Trial 839 finished with value: 0.23815093171305773 and parameters: {'window_influence': 0.16896450527749807, 'penalty_k': 0.03916995318682392, 'scale_lr': 0.527647787106484}. Best is trial 104 with value: 0.27492820641131904.
checkpoint_e22 window_influence: 0.07036894539747673, penalty_k: 0.05664075084844179, scale_lr: 0.28859378735194396, EAO: 0.238
Trial 840 finished with value: 0.23841549050274904 and parameters: {'window_influence': 0.07036894539747673, 'penalty_k': 0.05664075084844179, 'scale_lr': 0.28859378735194396}. Best is trial 104 with value: 0.27492820641131904.
checkpoint_e22 window_influence: 0.64544793581894888, penalty_k: 0.20298499386591018, scale_lr: 0.11798134726655304, EAO: 0.200
Trial 841 finished with value: 0.2003274225607151 and parameters: {'window_influence': 0.6454479358189489, 'penalty_k': 0.20298499386591018, 'scale_lr': 0.11798134726655304}. Best is trial 104 with value: 0.27492820641131904.
checkpoint_e22 window_influence: 0.23712223778824387, penalty_k: 0.15693176575746301, scale_lr: 0.16354171157004738, EAO: 0.261
Trial 842 finished with value: 0.2608573158703199 and parameters: {'window_influence': 0.23712223778824387, 'penalty_k': 0.156931765757463, 'scale_lr': 0.16354171157004738}. Best is trial 104 with value: 0.27492820641131904.
checkpoint_e22 window_influence: 0.36063218378621792, penalty_k: 0.24155376474744800, scale_lr: 0.21669895931768796, EAO: 0.249
Trial 843 finished with value: 0.24882932873518487 and parameters: {'window_influence': 0.3606321837862179, 'penalty_k': 0.241553764747448, 'scale_lr': 0.21669895931768796}. Best is trial 104 with value: 0.27492820641131904.
checkpoint_e22 window_influence: 0.32690376122036691, penalty_k: 0.22224978901092995, scale_lr: 0.44555816853065838, EAO: 0.263
Trial 844 finished with value: 0.26314320621209414 and parameters: {'window_influence': 0.3269037612203669, 'penalty_k': 0.22224978901092995, 'scale_lr': 0.4455581685306584}. Best is trial 104 with value: 0.27492820641131904.
checkpoint_e22 window_influence: 0.28691551831589912, penalty_k: 0.01762920185887192, scale_lr: 0.13579929651333641, EAO: 0.238
Trial 845 finished with value: 0.23847355639062276 and parameters: {'window_influence': 0.2869155183158991, 'penalty_k': 0.017629201858871915, 'scale_lr': 0.13579929651333641}. Best is trial 104 with value: 0.27492820641131904.
checkpoint_e22 window_influence: 0.62012920645643477, penalty_k: 0.27846376556254432, scale_lr: 0.47222475368810746, EAO: 0.206
Trial 846 finished with value: 0.20604300196093273 and parameters: {'window_influence': 0.6201292064564348, 'penalty_k': 0.2784637655625443, 'scale_lr': 0.47222475368810746}. Best is trial 104 with value: 0.27492820641131904.
checkpoint_e22 window_influence: 0.10794473139213573, penalty_k: 0.19487605257864027, scale_lr: 0.15787552453983622, EAO: 0.221
Trial 847 finished with value: 0.22103311545480558 and parameters: {'window_influence': 0.10794473139213573, 'penalty_k': 0.19487605257864027, 'scale_lr': 0.15787552453983622}. Best is trial 104 with value: 0.27492820641131904.
checkpoint_e22 window_influence: 0.58056024833513442, penalty_k: 0.17923510260619444, scale_lr: 0.19239598553160958, EAO: 0.226
Trial 848 finished with value: 0.2259252124685582 and parameters: {'window_influence': 0.5805602483351344, 'penalty_k': 0.17923510260619444, 'scale_lr': 0.19239598553160958}. Best is trial 104 with value: 0.27492820641131904.
checkpoint_e22 window_influence: 0.59886334028868071, penalty_k: 0.08628376445059563, scale_lr: 0.17457949730420977, EAO: 0.219
Trial 849 finished with value: 0.2194159076344676 and parameters: {'window_influence': 0.5988633402886807, 'penalty_k': 0.08628376445059563, 'scale_lr': 0.17457949730420977}. Best is trial 104 with value: 0.27492820641131904.
checkpoint_e22 window_influence: 0.16162700873348312, penalty_k: 0.20735699176557612, scale_lr: 0.51831595926111396, EAO: 0.239
Trial 850 finished with value: 0.23889326322369459 and parameters: {'window_influence': 0.16162700873348312, 'penalty_k': 0.20735699176557612, 'scale_lr': 0.518315959261114}. Best is trial 104 with value: 0.27492820641131904.
checkpoint_e22 window_influence: 0.37835883753375893, penalty_k: 0.16567986850281122, scale_lr: 0.35145365741916024, EAO: 0.239
Trial 851 finished with value: 0.2392491393578731 and parameters: {'window_influence': 0.37835883753375893, 'penalty_k': 0.16567986850281122, 'scale_lr': 0.35145365741916024}. Best is trial 104 with value: 0.27492820641131904.
checkpoint_e22 window_influence: 0.39049700142747756, penalty_k: 0.03350561897618275, scale_lr: 0.11056543260928031, EAO: 0.258
Trial 852 finished with value: 0.25770547610472855 and parameters: {'window_influence': 0.39049700142747756, 'penalty_k': 0.033505618976182754, 'scale_lr': 0.11056543260928031}. Best is trial 104 with value: 0.27492820641131904.
checkpoint_e22 window_influence: 0.29994139824753868, penalty_k: 0.00913712941453207, scale_lr: 0.24506510691722344, EAO: 0.246
Trial 853 finished with value: 0.24605505059405072 and parameters: {'window_influence': 0.2999413982475387, 'penalty_k': 0.00913712941453207, 'scale_lr': 0.24506510691722344}. Best is trial 104 with value: 0.27492820641131904.
checkpoint_e22 window_influence: 0.61515880818668012, penalty_k: 0.06474118815677156, scale_lr: 0.14884991808356027, EAO: 0.210
Trial 854 finished with value: 0.20958324358230684 and parameters: {'window_influence': 0.6151588081866801, 'penalty_k': 0.06474118815677156, 'scale_lr': 0.14884991808356027}. Best is trial 104 with value: 0.27492820641131904.
checkpoint_e22 window_influence: 0.34615768808781361, penalty_k: 0.21915188354649651, scale_lr: 0.79088092259083775, EAO: 0.254
Trial 855 finished with value: 0.25376999426663405 and parameters: {'window_influence': 0.3461576880878136, 'penalty_k': 0.2191518835464965, 'scale_lr': 0.7908809225908378}. Best is trial 104 with value: 0.27492820641131904.
checkpoint_e22 window_influence: 0.36864962045647898, penalty_k: 0.11586002391015662, scale_lr: 0.77121636336770960, EAO: 0.244
Trial 856 finished with value: 0.24448198407161525 and parameters: {'window_influence': 0.368649620456479, 'penalty_k': 0.11586002391015662, 'scale_lr': 0.7712163633677096}. Best is trial 104 with value: 0.27492820641131904.
checkpoint_e22 window_influence: 0.20920018898109502, penalty_k: 0.22974802838866523, scale_lr: 0.64175894591529492, EAO: 0.243
Trial 857 finished with value: 0.24269725588279042 and parameters: {'window_influence': 0.20920018898109502, 'penalty_k': 0.22974802838866523, 'scale_lr': 0.6417589459152949}. Best is trial 104 with value: 0.27492820641131904.
checkpoint_e22 window_influence: 0.50353334027589280, penalty_k: 0.25431975239730298, scale_lr: 0.47778790748632100, EAO: 0.238
Trial 858 finished with value: 0.23845787316076156 and parameters: {'window_influence': 0.5035333402758928, 'penalty_k': 0.254319752397303, 'scale_lr': 0.477787907486321}. Best is trial 104 with value: 0.27492820641131904.
checkpoint_e22 window_influence: 0.14144280887525343, penalty_k: 0.19379819610438215, scale_lr: 0.28032838806276800, EAO: 0.237
Trial 859 finished with value: 0.23722839361526132 and parameters: {'window_influence': 0.14144280887525343, 'penalty_k': 0.19379819610438215, 'scale_lr': 0.280328388062768}. Best is trial 104 with value: 0.27492820641131904.
checkpoint_e22 window_influence: 0.42617811766020824, penalty_k: 0.20713615062684612, scale_lr: 0.39693366135936570, EAO: 0.261
Trial 860 finished with value: 0.2607489691032627 and parameters: {'window_influence': 0.42617811766020824, 'penalty_k': 0.20713615062684612, 'scale_lr': 0.3969336613593657}. Best is trial 104 with value: 0.27492820641131904.
checkpoint_e22 window_influence: 0.48348978332139714, penalty_k: 0.14072400523618200, scale_lr: 0.45976463622546232, EAO: 0.249
Trial 861 finished with value: 0.24857315808776917 and parameters: {'window_influence': 0.48348978332139714, 'penalty_k': 0.140724005236182, 'scale_lr': 0.4597646362254623}. Best is trial 104 with value: 0.27492820641131904.
checkpoint_e22 window_influence: 0.09317025089719749, penalty_k: 0.24598083701748846, scale_lr: 0.13681628473261415, EAO: 0.218
Trial 862 finished with value: 0.2177955620899433 and parameters: {'window_influence': 0.09317025089719749, 'penalty_k': 0.24598083701748846, 'scale_lr': 0.13681628473261415}. Best is trial 104 with value: 0.27492820641131904.
checkpoint_e22 window_influence: 0.38708170376894935, penalty_k: 0.10210912390177766, scale_lr: 0.49032290843546067, EAO: 0.241
Trial 863 finished with value: 0.2413115814570489 and parameters: {'window_influence': 0.38708170376894935, 'penalty_k': 0.10210912390177766, 'scale_lr': 0.49032290843546067}. Best is trial 104 with value: 0.27492820641131904.
checkpoint_e22 window_influence: 0.26255924167507255, penalty_k: 0.29201065448363250, scale_lr: 0.12106282191118696, EAO: 0.268
Trial 864 finished with value: 0.2682880529058658 and parameters: {'window_influence': 0.26255924167507255, 'penalty_k': 0.2920106544836325, 'scale_lr': 0.12106282191118696}. Best is trial 104 with value: 0.27492820641131904.
checkpoint_e22 window_influence: 0.26174385918007509, penalty_k: 0.02387552571520208, scale_lr: 0.61434979588976824, EAO: 0.246
Trial 865 finished with value: 0.24637070140702938 and parameters: {'window_influence': 0.2617438591800751, 'penalty_k': 0.02387552571520208, 'scale_lr': 0.6143497958897682}. Best is trial 104 with value: 0.27492820641131904.
checkpoint_e22 window_influence: 0.24484035932451564, penalty_k: 0.26666397172460543, scale_lr: 0.12065212384622195, EAO: 0.251
Trial 866 finished with value: 0.2505807424100434 and parameters: {'window_influence': 0.24484035932451564, 'penalty_k': 0.26666397172460543, 'scale_lr': 0.12065212384622195}. Best is trial 104 with value: 0.27492820641131904.
checkpoint_e22 window_influence: 0.26245685034011923, penalty_k: 0.28702267737084869, scale_lr: 0.53606636725258350, EAO: 0.251
Trial 867 finished with value: 0.251209283444455 and parameters: {'window_influence': 0.26245685034011923, 'penalty_k': 0.2870226773708487, 'scale_lr': 0.5360663672525835}. Best is trial 104 with value: 0.27492820641131904.
checkpoint_e22 window_influence: 0.31237475802627707, penalty_k: 0.07637029939534304, scale_lr: 0.69551129660441302, EAO: 0.259
