Trial 558 finished with value: 0.24344272093801964 and parameters: {'window_influence': 0.44516249081292864, 'penalty_k': 0.4739024476346084, 'scale_lr': 0.551187566388488}. Best is trial 492 with value: 0.2888057565664857.
checkpoint_e39 window_influence: 0.40536033312456754, penalty_k: 0.24892582709620678, scale_lr: 0.56929130176802245, EAO: 0.263
Trial 559 finished with value: 0.26324472321969705 and parameters: {'window_influence': 0.40536033312456754, 'penalty_k': 0.24892582709620678, 'scale_lr': 0.5692913017680225}. Best is trial 492 with value: 0.2888057565664857.
checkpoint_e39 window_influence: 0.33635920623060850, penalty_k: 0.07540938696735411, scale_lr: 0.52862583466121671, EAO: 0.266
Trial 560 finished with value: 0.26575296505437634 and parameters: {'window_influence': 0.3363592062306085, 'penalty_k': 0.07540938696735411, 'scale_lr': 0.5286258346612167}. Best is trial 492 with value: 0.2888057565664857.
checkpoint_e39 window_influence: 0.38195394106075675, penalty_k: 0.26977555394419295, scale_lr: 0.56282412299944873, EAO: 0.262
Trial 561 finished with value: 0.2624998544532109 and parameters: {'window_influence': 0.38195394106075675, 'penalty_k': 0.26977555394419295, 'scale_lr': 0.5628241229994487}. Best is trial 492 with value: 0.2888057565664857.
checkpoint_e39 window_influence: 0.41736581515118465, penalty_k: 0.12212135971499891, scale_lr: 0.59267016511645432, EAO: 0.265
Trial 562 finished with value: 0.26549130835668827 and parameters: {'window_influence': 0.41736581515118465, 'penalty_k': 0.1221213597149989, 'scale_lr': 0.5926701651164543}. Best is trial 492 with value: 0.2888057565664857.
checkpoint_e39 window_influence: 0.34893232079441250, penalty_k: 0.28969186493730920, scale_lr: 0.55095893994115963, EAO: 0.266
Trial 563 finished with value: 0.26557359456773694 and parameters: {'window_influence': 0.3489323207944125, 'penalty_k': 0.2896918649373092, 'scale_lr': 0.5509589399411596}. Best is trial 492 with value: 0.2888057565664857.
checkpoint_e39 window_influence: 0.34238723993887399, penalty_k: 0.37437224877425923, scale_lr: 0.51519849757683323, EAO: 0.257
Trial 564 finished with value: 0.25683435519051745 and parameters: {'window_influence': 0.342387239938874, 'penalty_k': 0.37437224877425923, 'scale_lr': 0.5151984975768332}. Best is trial 492 with value: 0.2888057565664857.
checkpoint_e39 window_influence: 0.39567526574135697, penalty_k: 0.14062187351010400, scale_lr: 0.57219258063850675, EAO: 0.260
Trial 565 finished with value: 0.2595956022661876 and parameters: {'window_influence': 0.395675265741357, 'penalty_k': 0.140621873510104, 'scale_lr': 0.5721925806385068}. Best is trial 492 with value: 0.2888057565664857.
checkpoint_e39 window_influence: 0.42603564157056617, penalty_k: 0.10117732829749761, scale_lr: 0.54841294685567832, EAO: 0.251
Trial 566 finished with value: 0.251297888050719 and parameters: {'window_influence': 0.42603564157056617, 'penalty_k': 0.1011773282974976, 'scale_lr': 0.5484129468556783}. Best is trial 492 with value: 0.2888057565664857.
checkpoint_e39 window_influence: 0.38005697246983206, penalty_k: 0.30634367676461211, scale_lr: 0.58705649335063448, EAO: 0.257
Trial 567 finished with value: 0.2570015133275249 and parameters: {'window_influence': 0.38005697246983206, 'penalty_k': 0.3063436767646121, 'scale_lr': 0.5870564933506345}. Best is trial 492 with value: 0.2888057565664857.
checkpoint_e39 window_influence: 0.35058586615615511, penalty_k: 0.02684997347326460, scale_lr: 0.52869758941432832, EAO: 0.273
Trial 568 finished with value: 0.27326722067546066 and parameters: {'window_influence': 0.3505858661561551, 'penalty_k': 0.0268499734732646, 'scale_lr': 0.5286975894143283}. Best is trial 492 with value: 0.2888057565664857.
checkpoint_e39 window_influence: 0.33468757659925219, penalty_k: 0.14930654190743470, scale_lr: 0.50576939455574110, EAO: 0.271
Trial 569 finished with value: 0.2710573662345002 and parameters: {'window_influence': 0.3346875765992522, 'penalty_k': 0.1493065419074347, 'scale_lr': 0.5057693945557411}. Best is trial 492 with value: 0.2888057565664857.
checkpoint_e39 window_influence: 0.36245953216558024, penalty_k: 0.26159465342522159, scale_lr: 0.60033011118885438, EAO: 0.256
Trial 570 finished with value: 0.25579627936448507 and parameters: {'window_influence': 0.36245953216558024, 'penalty_k': 0.2615946534252216, 'scale_lr': 0.6003301111888544}. Best is trial 492 with value: 0.2888057565664857.
checkpoint_e39 window_influence: 0.32748435601893361, penalty_k: 0.12579157678841132, scale_lr: 0.49412654857545191, EAO: 0.280
Trial 571 finished with value: 0.2803815869175322 and parameters: {'window_influence': 0.3274843560189336, 'penalty_k': 0.12579157678841132, 'scale_lr': 0.4941265485754519}. Best is trial 492 with value: 0.2888057565664857.
checkpoint_e39 window_influence: 0.32987961795143339, penalty_k: 0.11968084833377743, scale_lr: 0.53822805530500428, EAO: 0.272
Trial 572 finished with value: 0.2721167504787445 and parameters: {'window_influence': 0.3298796179514334, 'penalty_k': 0.11968084833377743, 'scale_lr': 0.5382280553050043}. Best is trial 492 with value: 0.2888057565664857.
checkpoint_e39 window_influence: 0.38669575959247160, penalty_k: 0.34682483455867363, scale_lr: 0.48809257782055770, EAO: 0.238
Trial 573 finished with value: 0.23779213095341273 and parameters: {'window_influence': 0.3866957595924716, 'penalty_k': 0.34682483455867363, 'scale_lr': 0.4880925778205577}. Best is trial 492 with value: 0.2888057565664857.
checkpoint_e39 window_influence: 0.51036776266098827, penalty_k: 0.11006574532271436, scale_lr: 0.52346752273554809, EAO: 0.250
Trial 574 finished with value: 0.24970710955984224 and parameters: {'window_influence': 0.5103677626609883, 'penalty_k': 0.11006574532271436, 'scale_lr': 0.5234675227355481}. Best is trial 492 with value: 0.2888057565664857.
checkpoint_e39 window_influence: 0.34262815732755214, penalty_k: 0.08831715532805248, scale_lr: 0.57787318302900281, EAO: 0.267
Trial 575 finished with value: 0.26711423725374345 and parameters: {'window_influence': 0.34262815732755214, 'penalty_k': 0.08831715532805248, 'scale_lr': 0.5778731830290028}. Best is trial 492 with value: 0.2888057565664857.
checkpoint_e39 window_influence: 0.36591326402551289, penalty_k: 0.27605803623245995, scale_lr: 0.55374475325023753, EAO: 0.263
Trial 576 finished with value: 0.26324967961243495 and parameters: {'window_influence': 0.3659132640255129, 'penalty_k': 0.27605803623245995, 'scale_lr': 0.5537447532502375}. Best is trial 492 with value: 0.2888057565664857.
checkpoint_e39 window_influence: 0.32829590372549367, penalty_k: 0.13029716348553319, scale_lr: 0.56131480821658464, EAO: 0.272
Trial 577 finished with value: 0.2723198035141317 and parameters: {'window_influence': 0.32829590372549367, 'penalty_k': 0.1302971634855332, 'scale_lr': 0.5613148082165846}. Best is trial 492 with value: 0.2888057565664857.
checkpoint_e39 window_influence: 0.34967490494560016, penalty_k: 0.57101621774400579, scale_lr: 0.49357978730312990, EAO: 0.247
Trial 578 finished with value: 0.24677210186070542 and parameters: {'window_influence': 0.34967490494560016, 'penalty_k': 0.5710162177440058, 'scale_lr': 0.4935797873031299}. Best is trial 492 with value: 0.2888057565664857.
checkpoint_e39 window_influence: 0.45434598794294923, penalty_k: 0.13500874327324394, scale_lr: 0.54279275131504667, EAO: 0.242
Trial 579 finished with value: 0.2420653826216372 and parameters: {'window_influence': 0.4543459879429492, 'penalty_k': 0.13500874327324394, 'scale_lr': 0.5427927513150467}. Best is trial 492 with value: 0.2888057565664857.
checkpoint_e39 window_influence: 0.45407686205702025, penalty_k: 0.11455070278683722, scale_lr: 0.58159470793492030, EAO: 0.251
Trial 580 finished with value: 0.2511220762157828 and parameters: {'window_influence': 0.45407686205702025, 'penalty_k': 0.11455070278683722, 'scale_lr': 0.5815947079349203}. Best is trial 492 with value: 0.2888057565664857.
checkpoint_e39 window_influence: 0.32681004265773883, penalty_k: 0.05624344254308669, scale_lr: 0.61444056902062827, EAO: 0.272
Trial 581 finished with value: 0.2724571722915502 and parameters: {'window_influence': 0.32681004265773883, 'penalty_k': 0.05624344254308669, 'scale_lr': 0.6144405690206283}. Best is trial 492 with value: 0.2888057565664857.
checkpoint_e39 window_influence: 0.34524146427948182, penalty_k: 0.12634313573002670, scale_lr: 0.50972376678737541, EAO: 0.258
Trial 582 finished with value: 0.25784189272217634 and parameters: {'window_influence': 0.3452414642794818, 'penalty_k': 0.1263431357300267, 'scale_lr': 0.5097237667873754}. Best is trial 492 with value: 0.2888057565664857.
checkpoint_e39 window_influence: 0.42657648845253332, penalty_k: 0.07074476612585143, scale_lr: 0.53504186515937058, EAO: 0.243
Trial 583 finished with value: 0.2428077990567781 and parameters: {'window_influence': 0.4265764884525333, 'penalty_k': 0.07074476612585143, 'scale_lr': 0.5350418651593706}. Best is trial 492 with value: 0.2888057565664857.
checkpoint_e39 window_influence: 0.36173949487132062, penalty_k: 0.23579943589831354, scale_lr: 0.55985901883754396, EAO: 0.270
Trial 584 finished with value: 0.27016955262761777 and parameters: {'window_influence': 0.3617394948713206, 'penalty_k': 0.23579943589831354, 'scale_lr': 0.559859018837544}. Best is trial 492 with value: 0.2888057565664857.
checkpoint_e39 window_influence: 0.49335559635150794, penalty_k: 0.14812223362237997, scale_lr: 0.56911589000853469, EAO: 0.256
Trial 585 finished with value: 0.2563136019478969 and parameters: {'window_influence': 0.49335559635150794, 'penalty_k': 0.14812223362237997, 'scale_lr': 0.5691158900085347}. Best is trial 492 with value: 0.2888057565664857.
checkpoint_e39 window_influence: 0.32721791297679836, penalty_k: 0.55436181174270982, scale_lr: 0.45664061739884937, EAO: 0.248
Trial 586 finished with value: 0.2478123057058187 and parameters: {'window_influence': 0.32721791297679836, 'penalty_k': 0.5543618117427098, 'scale_lr': 0.45664061739884937}. Best is trial 492 with value: 0.2888057565664857.
checkpoint_e39 window_influence: 0.53317084135412829, penalty_k: 0.31689254442084913, scale_lr: 0.52318600489087375, EAO: 0.244
Trial 587 finished with value: 0.24391830518720595 and parameters: {'window_influence': 0.5331708413541283, 'penalty_k': 0.31689254442084913, 'scale_lr': 0.5231860048908737}. Best is trial 492 with value: 0.2888057565664857.
checkpoint_e39 window_influence: 0.33837648339877591, penalty_k: 0.09383692442807397, scale_lr: 0.54465642173728746, EAO: 0.275
Trial 588 finished with value: 0.2752656759769936 and parameters: {'window_influence': 0.3383764833987759, 'penalty_k': 0.09383692442807397, 'scale_lr': 0.5446564217372875}. Best is trial 492 with value: 0.2888057565664857.
checkpoint_e39 window_influence: 0.40720402811035694, penalty_k: 0.10544720718178716, scale_lr: 0.63738686680462053, EAO: 0.262
Trial 589 finished with value: 0.26185392249163575 and parameters: {'window_influence': 0.40720402811035694, 'penalty_k': 0.10544720718178716, 'scale_lr': 0.6373868668046205}. Best is trial 492 with value: 0.2888057565664857.
checkpoint_e39 window_influence: 0.32151581807000190, penalty_k: 0.52018802202456726, scale_lr: 0.72215079011789574, EAO: 0.251
Trial 590 finished with value: 0.2505635554955258 and parameters: {'window_influence': 0.3215158180700019, 'penalty_k': 0.5201880220245673, 'scale_lr': 0.7221507901178957}. Best is trial 492 with value: 0.2888057565664857.
checkpoint_e39 window_influence: 0.07552799574427399, penalty_k: 0.21416028638442383, scale_lr: 0.46934455453909285, EAO: 0.253
Trial 591 finished with value: 0.2529056399939506 and parameters: {'window_influence': 0.07552799574427399, 'penalty_k': 0.21416028638442383, 'scale_lr': 0.46934455453909285}. Best is trial 492 with value: 0.2888057565664857.
checkpoint_e39 window_influence: 0.09835805463585978, penalty_k: 0.03189770145641761, scale_lr: 0.52041308594586200, EAO: 0.250
Trial 592 finished with value: 0.2504588993099647 and parameters: {'window_influence': 0.09835805463585978, 'penalty_k': 0.03189770145641761, 'scale_lr': 0.520413085945862}. Best is trial 492 with value: 0.2888057565664857.
checkpoint_e39 window_influence: 0.42850467325749858, penalty_k: 0.22431030118742887, scale_lr: 0.49777734175304345, EAO: 0.251
Trial 593 finished with value: 0.2512799757040613 and parameters: {'window_influence': 0.4285046732574986, 'penalty_k': 0.22431030118742887, 'scale_lr': 0.49777734175304345}. Best is trial 492 with value: 0.2888057565664857.
checkpoint_e39 window_influence: 0.58261671298790096, penalty_k: 0.30222563622912241, scale_lr: 0.60031740801120159, EAO: 0.233
Trial 594 finished with value: 0.2326077626851516 and parameters: {'window_influence': 0.582616712987901, 'penalty_k': 0.3022256362291224, 'scale_lr': 0.6003174080112016}. Best is trial 492 with value: 0.2888057565664857.
checkpoint_e39 window_influence: 0.32166790919906385, penalty_k: 0.12018453332285607, scale_lr: 0.38168194696290653, EAO: 0.256
Trial 595 finished with value: 0.256153577711524 and parameters: {'window_influence': 0.32166790919906385, 'penalty_k': 0.12018453332285607, 'scale_lr': 0.3816819469629065}. Best is trial 492 with value: 0.2888057565664857.
checkpoint_e39 window_influence: 0.05019638610017235, penalty_k: 0.13914967246744336, scale_lr: 0.54600393462997265, EAO: 0.235
Trial 596 finished with value: 0.23461703526053002 and parameters: {'window_influence': 0.05019638610017235, 'penalty_k': 0.13914967246744336, 'scale_lr': 0.5460039346299727}. Best is trial 492 with value: 0.2888057565664857.
checkpoint_e39 window_influence: 0.37482404663734986, penalty_k: 0.40101895348056349, scale_lr: 0.56391069960672802, EAO: 0.248
Trial 597 finished with value: 0.24761048631697166 and parameters: {'window_influence': 0.37482404663734986, 'penalty_k': 0.4010189534805635, 'scale_lr': 0.563910699606728}. Best is trial 492 with value: 0.2888057565664857.
checkpoint_e39 window_influence: 0.41503778034534861, penalty_k: 0.15514371215253545, scale_lr: 0.44905041183656436, EAO: 0.259
Trial 598 finished with value: 0.25852127506480954 and parameters: {'window_influence': 0.4150377803453486, 'penalty_k': 0.15514371215253545, 'scale_lr': 0.44905041183656436}. Best is trial 492 with value: 0.2888057565664857.
checkpoint_e39 window_influence: 0.33767952496570308, penalty_k: 0.34800065807574138, scale_lr: 0.61136729576819482, EAO: 0.254
Trial 599 finished with value: 0.25398752378012107 and parameters: {'window_influence': 0.3376795249657031, 'penalty_k': 0.3480006580757414, 'scale_lr': 0.6113672957681948}. Best is trial 492 with value: 0.2888057565664857.
checkpoint_e39 window_influence: 0.35449193662827100, penalty_k: 0.13054713642801397, scale_lr: 0.39218913930216220, EAO: 0.256
Trial 600 finished with value: 0.25596693236895696 and parameters: {'window_influence': 0.354491936628271, 'penalty_k': 0.13054713642801397, 'scale_lr': 0.3921891393021622}. Best is trial 492 with value: 0.2888057565664857.
checkpoint_e39 window_influence: 0.44486528444186846, penalty_k: 0.32285101474001826, scale_lr: 0.42158318373840764, EAO: 0.253
Trial 601 finished with value: 0.2526875776730902 and parameters: {'window_influence': 0.44486528444186846, 'penalty_k': 0.32285101474001826, 'scale_lr': 0.42158318373840764}. Best is trial 492 with value: 0.2888057565664857.
checkpoint_e39 window_influence: 0.38579431290712679, penalty_k: 0.09772543421965593, scale_lr: 0.63104166168280373, EAO: 0.259
Trial 602 finished with value: 0.2589142197758202 and parameters: {'window_influence': 0.3857943129071268, 'penalty_k': 0.09772543421965593, 'scale_lr': 0.6310416616828037}. Best is trial 492 with value: 0.2888057565664857.
checkpoint_e39 window_influence: 0.56880590304192435, penalty_k: 0.47954342450522736, scale_lr: 0.56878648598506720, EAO: 0.223
Trial 603 finished with value: 0.223034591451893 and parameters: {'window_influence': 0.5688059030419244, 'penalty_k': 0.47954342450522736, 'scale_lr': 0.5687864859850672}. Best is trial 492 with value: 0.2888057565664857.
checkpoint_e39 window_influence: 0.55030518167564391, penalty_k: 0.28801879870971159, scale_lr: 0.58549109843741032, EAO: 0.237
Trial 604 finished with value: 0.23662783247910865 and parameters: {'window_influence': 0.5503051816756439, 'penalty_k': 0.2880187987097116, 'scale_lr': 0.5854910984374103}. Best is trial 492 with value: 0.2888057565664857.
checkpoint_e39 window_influence: 0.14265387642682228, penalty_k: 0.24228298211432509, scale_lr: 0.48146600350532875, EAO: 0.255
Trial 605 finished with value: 0.2552854575640787 and parameters: {'window_influence': 0.14265387642682228, 'penalty_k': 0.24228298211432509, 'scale_lr': 0.48146600350532875}. Best is trial 492 with value: 0.2888057565664857.
checkpoint_e39 window_influence: 0.11273736310157864, penalty_k: 0.04313703273092594, scale_lr: 0.17607183943006532, EAO: 0.256
Trial 606 finished with value: 0.25607162689774987 and parameters: {'window_influence': 0.11273736310157864, 'penalty_k': 0.04313703273092594, 'scale_lr': 0.17607183943006532}. Best is trial 492 with value: 0.2888057565664857.
checkpoint_e39 window_influence: 0.15416377057665440, penalty_k: 0.08643023642945113, scale_lr: 0.53459680967098611, EAO: 0.263
Trial 607 finished with value: 0.26268016153234774 and parameters: {'window_influence': 0.1541637705766544, 'penalty_k': 0.08643023642945113, 'scale_lr': 0.5345968096709861}. Best is trial 492 with value: 0.2888057565664857.
checkpoint_e39 window_influence: 0.29585065437565811, penalty_k: 0.42473861994117135, scale_lr: 0.51879691242129322, EAO: 0.276
Trial 608 finished with value: 0.2764816050364719 and parameters: {'window_influence': 0.2958506543756581, 'penalty_k': 0.42473861994117135, 'scale_lr': 0.5187969124212932}. Best is trial 492 with value: 0.2888057565664857.
checkpoint_e39 window_influence: 0.31793986431942045, penalty_k: 0.22869759676231238, scale_lr: 0.69861245491954216, EAO: 0.268
Trial 609 finished with value: 0.2682517547069526 and parameters: {'window_influence': 0.31793986431942045, 'penalty_k': 0.22869759676231238, 'scale_lr': 0.6986124549195422}. Best is trial 492 with value: 0.2888057565664857.
checkpoint_e39 window_influence: 0.10009009342561337, penalty_k: 0.26582474098372849, scale_lr: 0.55060985226300652, EAO: 0.230
Trial 610 finished with value: 0.22967011893425532 and parameters: {'window_influence': 0.10009009342561337, 'penalty_k': 0.2658247409837285, 'scale_lr': 0.5506098522630065}. Best is trial 492 with value: 0.2888057565664857.
checkpoint_e39 window_influence: 0.33367089579375164, penalty_k: 0.20948020052621527, scale_lr: 0.50453298757305165, EAO: 0.272
Trial 611 finished with value: 0.2720555368720031 and parameters: {'window_influence': 0.33367089579375164, 'penalty_k': 0.20948020052621527, 'scale_lr': 0.5045329875730517}. Best is trial 492 with value: 0.2888057565664857.
checkpoint_e39 window_influence: 0.28244300872970751, penalty_k: 0.04993345331823783, scale_lr: 0.45722457778807646, EAO: 0.261
Trial 612 finished with value: 0.26063686318513823 and parameters: {'window_influence': 0.2824430087297075, 'penalty_k': 0.04993345331823783, 'scale_lr': 0.45722457778807646}. Best is trial 492 with value: 0.2888057565664857.
checkpoint_e39 window_influence: 0.30062324298032367, penalty_k: 0.14586914777373697, scale_lr: 0.47035130959358745, EAO: 0.262
Trial 613 finished with value: 0.262288972371962 and parameters: {'window_influence': 0.30062324298032367, 'penalty_k': 0.14586914777373697, 'scale_lr': 0.47035130959358745}. Best is trial 492 with value: 0.2888057565664857.
checkpoint_e39 window_influence: 0.36366281637803022, penalty_k: 0.27690345674346761, scale_lr: 0.44751373364066943, EAO: 0.263
Trial 614 finished with value: 0.26264780075327165 and parameters: {'window_influence': 0.3636628163780302, 'penalty_k': 0.2769034567434676, 'scale_lr': 0.44751373364066943}. Best is trial 492 with value: 0.2888057565664857.
checkpoint_e39 window_influence: 0.34964391365690550, penalty_k: 0.11755304416625179, scale_lr: 0.76434208396835079, EAO: 0.256
Trial 615 finished with value: 0.2560837399063072 and parameters: {'window_influence': 0.3496439136569055, 'penalty_k': 0.11755304416625179, 'scale_lr': 0.7643420839683508}. Best is trial 492 with value: 0.2888057565664857.
checkpoint_e39 window_influence: 0.32141470178294895, penalty_k: 0.24966538114109876, scale_lr: 0.70035852701709023, EAO: 0.244
Trial 616 finished with value: 0.2443610975533966 and parameters: {'window_influence': 0.32141470178294895, 'penalty_k': 0.24966538114109876, 'scale_lr': 0.7003585270170902}. Best is trial 492 with value: 0.2888057565664857.
checkpoint_e39 window_influence: 0.33174362969955168, penalty_k: 0.29755421529552756, scale_lr: 0.41128362933404439, EAO: 0.256
Trial 617 finished with value: 0.25566913817471604 and parameters: {'window_influence': 0.3317436296995517, 'penalty_k': 0.29755421529552756, 'scale_lr': 0.4112836293340444}. Best is trial 492 with value: 0.2888057565664857.
checkpoint_e39 window_influence: 0.31121466642924339, penalty_k: 0.54480733226877442, scale_lr: 0.57713869640557258, EAO: 0.261
Trial 618 finished with value: 0.26052381728238205 and parameters: {'window_influence': 0.3112146664292434, 'penalty_k': 0.5448073322687744, 'scale_lr': 0.5771386964055726}. Best is trial 492 with value: 0.2888057565664857.
checkpoint_e39 window_influence: 0.34405329663775791, penalty_k: 0.16126541450554266, scale_lr: 0.16999578849612335, EAO: 0.255
Trial 619 finished with value: 0.25451257497799107 and parameters: {'window_influence': 0.3440532966377579, 'penalty_k': 0.16126541450554266, 'scale_lr': 0.16999578849612335}. Best is trial 492 with value: 0.2888057565664857.
checkpoint_e39 window_influence: 0.47223248460707556, penalty_k: 0.06411606601282516, scale_lr: 0.42422020912485658, EAO: 0.247
