Trial 744 finished with value: 0.2416954984873291 and parameters: {'window_influence': 0.3562958286477425, 'penalty_k': 0.5857823237336178, 'scale_lr': 0.16386789306424923}. Best is trial 104 with value: 0.27492820641131904.
checkpoint_e22 window_influence: 0.24022967729582759, penalty_k: 0.36736761290398229, scale_lr: 0.57244436638087848, EAO: 0.256
Trial 745 finished with value: 0.2563577599036015 and parameters: {'window_influence': 0.2402296772958276, 'penalty_k': 0.3673676129039823, 'scale_lr': 0.5724443663808785}. Best is trial 104 with value: 0.27492820641131904.
checkpoint_e22 window_influence: 0.46100625287272834, penalty_k: 0.25875020687460265, scale_lr: 0.59310426451696396, EAO: 0.251
Trial 746 finished with value: 0.2514232805347055 and parameters: {'window_influence': 0.46100625287272834, 'penalty_k': 0.25875020687460265, 'scale_lr': 0.593104264516964}. Best is trial 104 with value: 0.27492820641131904.
checkpoint_e22 window_influence: 0.38027145824088782, penalty_k: 0.18676594810910882, scale_lr: 0.39133779961751736, EAO: 0.258
Trial 747 finished with value: 0.2578779387522519 and parameters: {'window_influence': 0.3802714582408878, 'penalty_k': 0.18676594810910882, 'scale_lr': 0.39133779961751736}. Best is trial 104 with value: 0.27492820641131904.
checkpoint_e22 window_influence: 0.32761984136142408, penalty_k: 0.20291699399254051, scale_lr: 0.42937557003701543, EAO: 0.262
Trial 748 finished with value: 0.26227168260308786 and parameters: {'window_influence': 0.3276198413614241, 'penalty_k': 0.2029169939925405, 'scale_lr': 0.42937557003701543}. Best is trial 104 with value: 0.27492820641131904.
checkpoint_e22 window_influence: 0.36805426850150685, penalty_k: 0.13574725709854080, scale_lr: 0.15164763005058318, EAO: 0.258
Trial 749 finished with value: 0.2584739362563544 and parameters: {'window_influence': 0.36805426850150685, 'penalty_k': 0.1357472570985408, 'scale_lr': 0.15164763005058318}. Best is trial 104 with value: 0.27492820641131904.
checkpoint_e22 window_influence: 0.11282147073814786, penalty_k: 0.30493862392805743, scale_lr: 0.17017201199810175, EAO: 0.219
Trial 750 finished with value: 0.2190344844891773 and parameters: {'window_influence': 0.11282147073814786, 'penalty_k': 0.30493862392805743, 'scale_lr': 0.17017201199810175}. Best is trial 104 with value: 0.27492820641131904.
checkpoint_e22 window_influence: 0.39430015228798487, penalty_k: 0.23589233201326706, scale_lr: 0.18943372230859290, EAO: 0.251
Trial 751 finished with value: 0.250775249932355 and parameters: {'window_influence': 0.3943001522879849, 'penalty_k': 0.23589233201326706, 'scale_lr': 0.1894337223085929}. Best is trial 104 with value: 0.27492820641131904.
checkpoint_e22 window_influence: 0.34302996209007858, penalty_k: 0.21487557982166847, scale_lr: 0.12558276885355021, EAO: 0.251
Trial 752 finished with value: 0.2511544346930535 and parameters: {'window_influence': 0.3430299620900786, 'penalty_k': 0.21487557982166847, 'scale_lr': 0.12558276885355021}. Best is trial 104 with value: 0.27492820641131904.
checkpoint_e22 window_influence: 0.40654101431333273, penalty_k: 0.08299110910728731, scale_lr: 0.77238199587717560, EAO: 0.241
Trial 753 finished with value: 0.24077378897889842 and parameters: {'window_influence': 0.4065410143133327, 'penalty_k': 0.08299110910728731, 'scale_lr': 0.7723819958771756}. Best is trial 104 with value: 0.27492820641131904.
checkpoint_e22 window_influence: 0.58457188057121723, penalty_k: 0.46928944295887137, scale_lr: 0.25922737929401268, EAO: 0.208
Trial 754 finished with value: 0.2082880017597501 and parameters: {'window_influence': 0.5845718805712172, 'penalty_k': 0.4692894429588714, 'scale_lr': 0.2592273792940127}. Best is trial 104 with value: 0.27492820641131904.
checkpoint_e22 window_influence: 0.38161839408559822, penalty_k: 0.11276797534598584, scale_lr: 0.29910809581080916, EAO: 0.254
Trial 755 finished with value: 0.25386534806916383 and parameters: {'window_influence': 0.3816183940855982, 'penalty_k': 0.11276797534598584, 'scale_lr': 0.29910809581080916}. Best is trial 104 with value: 0.27492820641131904.
checkpoint_e22 window_influence: 0.35234320617904996, penalty_k: 0.16271609165596543, scale_lr: 0.14299679508236957, EAO: 0.260
Trial 756 finished with value: 0.2600891078875317 and parameters: {'window_influence': 0.35234320617904996, 'penalty_k': 0.16271609165596543, 'scale_lr': 0.14299679508236957}. Best is trial 104 with value: 0.27492820641131904.
checkpoint_e22 window_influence: 0.29444731059389095, penalty_k: 0.02567262448458895, scale_lr: 0.50471461685851160, EAO: 0.274
Trial 757 finished with value: 0.27362562976474686 and parameters: {'window_influence': 0.29444731059389095, 'penalty_k': 0.02567262448458895, 'scale_lr': 0.5047146168585116}. Best is trial 104 with value: 0.27492820641131904.
checkpoint_e22 window_influence: 0.05314383338997586, penalty_k: 0.01515437621825159, scale_lr: 0.50575934000284828, EAO: 0.238
Trial 758 finished with value: 0.23760367796673038 and parameters: {'window_influence': 0.05314383338997586, 'penalty_k': 0.015154376218251595, 'scale_lr': 0.5057593400028483}. Best is trial 104 with value: 0.27492820641131904.
checkpoint_e22 window_influence: 0.22162463246829794, penalty_k: 0.04420311105850618, scale_lr: 0.48363033645281805, EAO: 0.259
Trial 759 finished with value: 0.25921389448448895 and parameters: {'window_influence': 0.22162463246829794, 'penalty_k': 0.04420311105850618, 'scale_lr': 0.48363033645281805}. Best is trial 104 with value: 0.27492820641131904.
checkpoint_e22 window_influence: 0.29213624766766272, penalty_k: 0.49266599026081903, scale_lr: 0.70067046554043255, EAO: 0.250
Trial 760 finished with value: 0.2502196728577459 and parameters: {'window_influence': 0.2921362476676627, 'penalty_k': 0.49266599026081903, 'scale_lr': 0.7006704655404326}. Best is trial 104 with value: 0.27492820641131904.
checkpoint_e22 window_influence: 0.31062772018436519, penalty_k: 0.04128891688698050, scale_lr: 0.49300406759992449, EAO: 0.272
Trial 761 finished with value: 0.2719598873480549 and parameters: {'window_influence': 0.3106277201843652, 'penalty_k': 0.0412889168869805, 'scale_lr': 0.4930040675999245}. Best is trial 104 with value: 0.27492820641131904.
checkpoint_e22 window_influence: 0.27905070773809615, penalty_k: 0.02663992798415555, scale_lr: 0.49986605887257801, EAO: 0.260
Trial 762 finished with value: 0.25961772346399664 and parameters: {'window_influence': 0.27905070773809615, 'penalty_k': 0.026639927984155553, 'scale_lr': 0.499866058872578}. Best is trial 104 with value: 0.27492820641131904.
checkpoint_e22 window_influence: 0.30776914436829650, penalty_k: 0.01112014020346028, scale_lr: 0.48927810477199180, EAO: 0.248
Trial 763 finished with value: 0.24836583817150534 and parameters: {'window_influence': 0.3077691443682965, 'penalty_k': 0.011120140203460277, 'scale_lr': 0.4892781047719918}. Best is trial 104 with value: 0.27492820641131904.
checkpoint_e22 window_influence: 0.25564164845936760, penalty_k: 0.03534470309160526, scale_lr: 0.50760227335571106, EAO: 0.260
Trial 764 finished with value: 0.2604768356777788 and parameters: {'window_influence': 0.2556416484593676, 'penalty_k': 0.035344703091605256, 'scale_lr': 0.5076022733557111}. Best is trial 104 with value: 0.27492820641131904.
checkpoint_e22 window_influence: 0.32037066534412578, penalty_k: 0.06440155684470880, scale_lr: 0.70860241722061801, EAO: 0.251
Trial 765 finished with value: 0.25057930487200497 and parameters: {'window_influence': 0.3203706653441258, 'penalty_k': 0.0644015568447088, 'scale_lr': 0.708602417220618}. Best is trial 104 with value: 0.27492820641131904.
checkpoint_e22 window_influence: 0.30468867000690070, penalty_k: 0.02765805878981274, scale_lr: 0.51901006294848784, EAO: 0.262
Trial 766 finished with value: 0.2619102784409756 and parameters: {'window_influence': 0.3046886700069007, 'penalty_k': 0.02765805878981274, 'scale_lr': 0.5190100629484878}. Best is trial 104 with value: 0.27492820641131904.
checkpoint_e22 window_influence: 0.26764794007885356, penalty_k: 0.04475508976847135, scale_lr: 0.36695040649957933, EAO: 0.252
Trial 767 finished with value: 0.25201428166734496 and parameters: {'window_influence': 0.26764794007885356, 'penalty_k': 0.044755089768471354, 'scale_lr': 0.36695040649957933}. Best is trial 104 with value: 0.27492820641131904.
checkpoint_e22 window_influence: 0.29354063101593381, penalty_k: 0.05433382411869112, scale_lr: 0.33954857023747503, EAO: 0.257
Trial 768 finished with value: 0.25675952482998854 and parameters: {'window_influence': 0.2935406310159338, 'penalty_k': 0.054333824118691115, 'scale_lr': 0.33954857023747503}. Best is trial 104 with value: 0.27492820641131904.
checkpoint_e22 window_influence: 0.30646447930883808, penalty_k: 0.03670122761266292, scale_lr: 0.47611601414955784, EAO: 0.272
Trial 769 finished with value: 0.2720221726269257 and parameters: {'window_influence': 0.3064644793088381, 'penalty_k': 0.036701227612662916, 'scale_lr': 0.47611601414955784}. Best is trial 104 with value: 0.27492820641131904.
checkpoint_e22 window_influence: 0.31124705797221702, penalty_k: 0.04102918925806081, scale_lr: 0.46930051514741494, EAO: 0.266
Trial 770 finished with value: 0.265781139273469 and parameters: {'window_influence': 0.311247057972217, 'penalty_k': 0.04102918925806081, 'scale_lr': 0.46930051514741494}. Best is trial 104 with value: 0.27492820641131904.
checkpoint_e22 window_influence: 0.27238739599196427, penalty_k: 0.03136656749156189, scale_lr: 0.47829913651388728, EAO: 0.255
Trial 771 finished with value: 0.25545388908405614 and parameters: {'window_influence': 0.27238739599196427, 'penalty_k': 0.031366567491561886, 'scale_lr': 0.4782991365138873}. Best is trial 104 with value: 0.27492820641131904.
checkpoint_e22 window_influence: 0.33980164934368223, penalty_k: 0.04394127151288255, scale_lr: 0.49193828214504431, EAO: 0.248
Trial 772 finished with value: 0.24818493874092412 and parameters: {'window_influence': 0.33980164934368223, 'penalty_k': 0.043941271512882546, 'scale_lr': 0.4919382821450443}. Best is trial 104 with value: 0.27492820641131904.
checkpoint_e22 window_influence: 0.29871962134375890, penalty_k: 0.01374925370437467, scale_lr: 0.46451519956925991, EAO: 0.254
Trial 773 finished with value: 0.2544342115884874 and parameters: {'window_influence': 0.2987196213437589, 'penalty_k': 0.013749253704374666, 'scale_lr': 0.4645151995692599}. Best is trial 104 with value: 0.27492820641131904.
checkpoint_e22 window_influence: 0.33688383204951527, penalty_k: 0.01977766388673579, scale_lr: 0.48646581113700355, EAO: 0.255
Trial 774 finished with value: 0.25534899908352676 and parameters: {'window_influence': 0.3368838320495153, 'penalty_k': 0.019777663886735786, 'scale_lr': 0.48646581113700355}. Best is trial 104 with value: 0.27492820641131904.
checkpoint_e22 window_influence: 0.26850501238362695, penalty_k: 0.04033980520639772, scale_lr: 0.47666048035449776, EAO: 0.259
Trial 775 finished with value: 0.25923480559897616 and parameters: {'window_influence': 0.26850501238362695, 'penalty_k': 0.04033980520639772, 'scale_lr': 0.47666048035449776}. Best is trial 104 with value: 0.27492820641131904.
checkpoint_e22 window_influence: 0.29804407695356971, penalty_k: 0.55801277406814986, scale_lr: 0.45286454993249331, EAO: 0.258
Trial 776 finished with value: 0.2576086502976534 and parameters: {'window_influence': 0.2980440769535697, 'penalty_k': 0.5580127740681499, 'scale_lr': 0.4528645499324933}. Best is trial 104 with value: 0.27492820641131904.
checkpoint_e22 window_influence: 0.30585751453822030, penalty_k: 0.02581707462903955, scale_lr: 0.27287679827536909, EAO: 0.259
Trial 777 finished with value: 0.2588042367280014 and parameters: {'window_influence': 0.3058575145382203, 'penalty_k': 0.025817074629039552, 'scale_lr': 0.2728767982753691}. Best is trial 104 with value: 0.27492820641131904.
checkpoint_e22 window_influence: 0.31769193424171632, penalty_k: 0.56820372590876289, scale_lr: 0.46510274097344417, EAO: 0.252
Trial 778 finished with value: 0.2524253336515853 and parameters: {'window_influence': 0.3176919342417163, 'penalty_k': 0.5682037259087629, 'scale_lr': 0.4651027409734442}. Best is trial 104 with value: 0.27492820641131904.
checkpoint_e22 window_influence: 0.33795642676900317, penalty_k: 0.05532593487318937, scale_lr: 0.79957590297630476, EAO: 0.245
Trial 779 finished with value: 0.2451956173995646 and parameters: {'window_influence': 0.33795642676900317, 'penalty_k': 0.05532593487318937, 'scale_lr': 0.7995759029763048}. Best is trial 104 with value: 0.27492820641131904.
checkpoint_e22 window_influence: 0.33125162801807517, penalty_k: 0.51180210766869938, scale_lr: 0.18185360842358503, EAO: 0.239
Trial 780 finished with value: 0.2387254659722491 and parameters: {'window_influence': 0.3312516280180752, 'penalty_k': 0.5118021076686994, 'scale_lr': 0.18185360842358503}. Best is trial 104 with value: 0.27492820641131904.
checkpoint_e22 window_influence: 0.30018081892111742, penalty_k: 0.53298503204019232, scale_lr: 0.30976277537221009, EAO: 0.241
Trial 781 finished with value: 0.24105364835359216 and parameters: {'window_influence': 0.3001808189211174, 'penalty_k': 0.5329850320401923, 'scale_lr': 0.3097627753722101}. Best is trial 104 with value: 0.27492820641131904.
checkpoint_e22 window_influence: 0.28944141936328838, penalty_k: 0.03257261883962299, scale_lr: 0.68721637496100418, EAO: 0.242
Trial 782 finished with value: 0.2421569626142339 and parameters: {'window_influence': 0.2894414193632884, 'penalty_k': 0.032572618839622994, 'scale_lr': 0.6872163749610042}. Best is trial 104 with value: 0.27492820641131904.
checkpoint_e22 window_influence: 0.28386398952141728, penalty_k: 0.05357266739794887, scale_lr: 0.49289035294868233, EAO: 0.263
Trial 783 finished with value: 0.2629022721231468 and parameters: {'window_influence': 0.2838639895214173, 'penalty_k': 0.05357266739794887, 'scale_lr': 0.49289035294868233}. Best is trial 104 with value: 0.27492820641131904.
checkpoint_e22 window_influence: 0.19341669253406582, penalty_k: 0.02464806869522666, scale_lr: 0.22058397198681803, EAO: 0.257
Trial 784 finished with value: 0.25681246229545857 and parameters: {'window_influence': 0.19341669253406582, 'penalty_k': 0.024648068695226663, 'scale_lr': 0.22058397198681803}. Best is trial 104 with value: 0.27492820641131904.
checkpoint_e22 window_influence: 0.27140191312992973, penalty_k: 0.24831347918117239, scale_lr: 0.71746536853299792, EAO: 0.256
Trial 785 finished with value: 0.25586600819738897 and parameters: {'window_influence': 0.27140191312992973, 'penalty_k': 0.2483134791811724, 'scale_lr': 0.7174653685329979}. Best is trial 104 with value: 0.27492820641131904.
checkpoint_e22 window_influence: 0.29005762605826579, penalty_k: 0.33896478628002469, scale_lr: 0.15790528038465881, EAO: 0.262
Trial 786 finished with value: 0.2618329906003262 and parameters: {'window_influence': 0.2900576260582658, 'penalty_k': 0.3389647862800247, 'scale_lr': 0.1579052803846588}. Best is trial 104 with value: 0.27492820641131904.
checkpoint_e22 window_influence: 0.08836689086903832, penalty_k: 0.26580118445819595, scale_lr: 0.44089482768118088, EAO: 0.219
Trial 787 finished with value: 0.21949498440191997 and parameters: {'window_influence': 0.08836689086903832, 'penalty_k': 0.26580118445819595, 'scale_lr': 0.4408948276811809}. Best is trial 104 with value: 0.27492820641131904.
checkpoint_e22 window_influence: 0.27608207302789234, penalty_k: 0.06160274505422018, scale_lr: 0.17246135033054960, EAO: 0.241
Trial 788 finished with value: 0.24057475029210734 and parameters: {'window_influence': 0.27608207302789234, 'penalty_k': 0.061602745054220184, 'scale_lr': 0.1724613503305496}. Best is trial 104 with value: 0.27492820641131904.
checkpoint_e22 window_influence: 0.31969200533418946, penalty_k: 0.52976985940203858, scale_lr: 0.20799941108797826, EAO: 0.248
Trial 789 finished with value: 0.2475022823829961 and parameters: {'window_influence': 0.31969200533418946, 'penalty_k': 0.5297698594020386, 'scale_lr': 0.20799941108797826}. Best is trial 104 with value: 0.27492820641131904.
checkpoint_e22 window_influence: 0.31073923267700243, penalty_k: 0.17837578381763092, scale_lr: 0.14410997338754744, EAO: 0.260
Trial 790 finished with value: 0.26018307194477175 and parameters: {'window_influence': 0.31073923267700243, 'penalty_k': 0.17837578381763092, 'scale_lr': 0.14410997338754744}. Best is trial 104 with value: 0.27492820641131904.
checkpoint_e22 window_influence: 0.31838391321712362, penalty_k: 0.28759765250156677, scale_lr: 0.73922686605478827, EAO: 0.248
Trial 791 finished with value: 0.24822402085230602 and parameters: {'window_influence': 0.3183839132171236, 'penalty_k': 0.28759765250156677, 'scale_lr': 0.7392268660547883}. Best is trial 104 with value: 0.27492820641131904.
checkpoint_e22 window_influence: 0.30631150929321593, penalty_k: 0.00223432087795455, scale_lr: 0.33677848124152387, EAO: 0.250
Trial 792 finished with value: 0.24981553458828268 and parameters: {'window_influence': 0.30631150929321593, 'penalty_k': 0.0022343208779545543, 'scale_lr': 0.3367784812415239}. Best is trial 104 with value: 0.27492820641131904.
checkpoint_e22 window_influence: 0.32725896472895849, penalty_k: 0.59965527454502920, scale_lr: 0.19529015911665465, EAO: 0.252
Trial 793 finished with value: 0.25150049447528716 and parameters: {'window_influence': 0.3272589647289585, 'penalty_k': 0.5996552745450292, 'scale_lr': 0.19529015911665465}. Best is trial 104 with value: 0.27492820641131904.
checkpoint_e22 window_influence: 0.31809094077913802, penalty_k: 0.57258903996068145, scale_lr: 0.65481893842440819, EAO: 0.249
Trial 794 finished with value: 0.2494153639044219 and parameters: {'window_influence': 0.318090940779138, 'penalty_k': 0.5725890399606814, 'scale_lr': 0.6548189384244082}. Best is trial 104 with value: 0.27492820641131904.
checkpoint_e22 window_influence: 0.29674728182044985, penalty_k: 0.19004747676857914, scale_lr: 0.36088501771983006, EAO: 0.247
Trial 795 finished with value: 0.2470877852624025 and parameters: {'window_influence': 0.29674728182044985, 'penalty_k': 0.19004747676857914, 'scale_lr': 0.36088501771983006}. Best is trial 104 with value: 0.27492820641131904.
checkpoint_e22 window_influence: 0.28282136373097938, penalty_k: 0.07994171636507635, scale_lr: 0.50846967080844352, EAO: 0.275
Trial 796 finished with value: 0.27466901700671126 and parameters: {'window_influence': 0.2828213637309794, 'penalty_k': 0.07994171636507635, 'scale_lr': 0.5084696708084435}. Best is trial 104 with value: 0.27492820641131904.
checkpoint_e22 window_influence: 0.28749041917878154, penalty_k: 0.05381237279832179, scale_lr: 0.50588949691314733, EAO: 0.259
Trial 797 finished with value: 0.2591146688030018 and parameters: {'window_influence': 0.28749041917878154, 'penalty_k': 0.053812372798321795, 'scale_lr': 0.5058894969131473}. Best is trial 104 with value: 0.27492820641131904.
checkpoint_e22 window_influence: 0.30539566434616894, penalty_k: 0.07374992862415786, scale_lr: 0.67918461537960528, EAO: 0.257
Trial 798 finished with value: 0.25696117449097516 and parameters: {'window_influence': 0.30539566434616894, 'penalty_k': 0.07374992862415786, 'scale_lr': 0.6791846153796053}. Best is trial 104 with value: 0.27492820641131904.
checkpoint_e22 window_influence: 0.56257689636869246, penalty_k: 0.06831220499728076, scale_lr: 0.24471590906801874, EAO: 0.233
Trial 799 finished with value: 0.23289836779600237 and parameters: {'window_influence': 0.5625768963686925, 'penalty_k': 0.06831220499728076, 'scale_lr': 0.24471590906801874}. Best is trial 104 with value: 0.27492820641131904.
checkpoint_e22 window_influence: 0.27525992124453869, penalty_k: 0.10109707761932682, scale_lr: 0.49890128814773749, EAO: 0.257
Trial 800 finished with value: 0.2574594420025019 and parameters: {'window_influence': 0.2752599212445387, 'penalty_k': 0.10109707761932682, 'scale_lr': 0.4989012881477375}. Best is trial 104 with value: 0.27492820641131904.
checkpoint_e22 window_influence: 0.28067510481736091, penalty_k: 0.03658374385907059, scale_lr: 0.47518229456040761, EAO: 0.261
Trial 801 finished with value: 0.26096065887590736 and parameters: {'window_influence': 0.2806751048173609, 'penalty_k': 0.036583743859070594, 'scale_lr': 0.4751822945604076}. Best is trial 104 with value: 0.27492820641131904.
checkpoint_e22 window_influence: 0.26777838469865095, penalty_k: 0.07395659409123483, scale_lr: 0.45919686200890425, EAO: 0.243
Trial 802 finished with value: 0.24271273867386142 and parameters: {'window_influence': 0.26777838469865095, 'penalty_k': 0.07395659409123483, 'scale_lr': 0.45919686200890425}. Best is trial 104 with value: 0.27492820641131904.
checkpoint_e22 window_influence: 0.31162575879206006, penalty_k: 0.02384307725293917, scale_lr: 0.51239243627465647, EAO: 0.268
Trial 803 finished with value: 0.2679957412486154 and parameters: {'window_influence': 0.31162575879206006, 'penalty_k': 0.023843077252939167, 'scale_lr': 0.5123924362746565}. Best is trial 104 with value: 0.27492820641131904.
checkpoint_e22 window_influence: 0.26440883038861113, penalty_k: 0.04102047030324781, scale_lr: 0.38284365545958199, EAO: 0.259
Trial 804 finished with value: 0.2594407503682423 and parameters: {'window_influence': 0.2644088303886111, 'penalty_k': 0.04102047030324781, 'scale_lr': 0.382843655459582}. Best is trial 104 with value: 0.27492820641131904.
checkpoint_e22 window_influence: 0.29092752873380767, penalty_k: 0.15064966748194863, scale_lr: 0.48205346311203640, EAO: 0.252
Trial 805 finished with value: 0.2524501684962249 and parameters: {'window_influence': 0.29092752873380767, 'penalty_k': 0.15064966748194863, 'scale_lr': 0.4820534631120364}. Best is trial 104 with value: 0.27492820641131904.
checkpoint_e22 window_influence: 0.50864393082311221, penalty_k: 0.09277196112349329, scale_lr: 0.15392323819041276, EAO: 0.236
