Trial 145 finished with value: 0.264174515699468 and parameters: {'window_influence': 0.43884318017275575, 'penalty_k': 0.22413267703035347, 'scale_lr': 0.6498124246334746}. Best is trial 131 with value: 0.27235835790634155.
checkpoint_e39 window_influence: 0.47991286284989287, penalty_k: 0.27569392904733042, scale_lr: 0.63461344956466004, EAO: 0.257
Trial 146 finished with value: 0.2573925300948019 and parameters: {'window_influence': 0.4799128628498929, 'penalty_k': 0.2756939290473304, 'scale_lr': 0.63461344956466}. Best is trial 131 with value: 0.27235835790634155.
checkpoint_e39 window_influence: 0.45152414251116091, penalty_k: 0.25427218247855948, scale_lr: 0.68334130323357190, EAO: 0.265
Trial 147 finished with value: 0.26545409385750934 and parameters: {'window_influence': 0.4515241425111609, 'penalty_k': 0.2542721824785595, 'scale_lr': 0.6833413032335719}. Best is trial 131 with value: 0.27235835790634155.
checkpoint_e39 window_influence: 0.46062485302917094, penalty_k: 0.21214367376698817, scale_lr: 0.66750863457983423, EAO: 0.263
Trial 148 finished with value: 0.26347613782902074 and parameters: {'window_influence': 0.46062485302917094, 'penalty_k': 0.21214367376698817, 'scale_lr': 0.6675086345798342}. Best is trial 131 with value: 0.27235835790634155.
checkpoint_e39 window_influence: 0.42671129902841987, penalty_k: 0.26643737757023422, scale_lr: 0.70856510458819244, EAO: 0.254
Trial 149 finished with value: 0.2543538010459605 and parameters: {'window_influence': 0.42671129902841987, 'penalty_k': 0.2664373775702342, 'scale_lr': 0.7085651045881924}. Best is trial 131 with value: 0.27235835790634155.
checkpoint_e39 window_influence: 0.40537098087738388, penalty_k: 0.24549618164752890, scale_lr: 0.61458388411867837, EAO: 0.261
Trial 150 finished with value: 0.2605449746900458 and parameters: {'window_influence': 0.4053709808773839, 'penalty_k': 0.2454961816475289, 'scale_lr': 0.6145838841186784}. Best is trial 131 with value: 0.27235835790634155.
checkpoint_e39 window_influence: 0.44639861473037851, penalty_k: 0.24175342257422025, scale_lr: 0.68758158078398046, EAO: 0.269
Trial 151 finished with value: 0.26895819525650844 and parameters: {'window_influence': 0.4463986147303785, 'penalty_k': 0.24175342257422025, 'scale_lr': 0.6875815807839805}. Best is trial 131 with value: 0.27235835790634155.
checkpoint_e39 window_influence: 0.46942304894764902, penalty_k: 0.23147278534207338, scale_lr: 0.69105884101229009, EAO: 0.259
Trial 152 finished with value: 0.25879911448412796 and parameters: {'window_influence': 0.469423048947649, 'penalty_k': 0.23147278534207338, 'scale_lr': 0.6910588410122901}. Best is trial 131 with value: 0.27235835790634155.
checkpoint_e39 window_influence: 0.43946216090335077, penalty_k: 0.25753793255941576, scale_lr: 0.67419723783883023, EAO: 0.272
Trial 153 finished with value: 0.2716747380611373 and parameters: {'window_influence': 0.4394621609033508, 'penalty_k': 0.25753793255941576, 'scale_lr': 0.6741972378388302}. Best is trial 131 with value: 0.27235835790634155.
checkpoint_e39 window_influence: 0.43809347071579730, penalty_k: 0.25875766815920193, scale_lr: 0.70868624394335400, EAO: 0.273
Trial 154 finished with value: 0.2725364441067223 and parameters: {'window_influence': 0.4380934707157973, 'penalty_k': 0.2587576681592019, 'scale_lr': 0.708686243943354}. Best is trial 154 with value: 0.2725364441067223.
checkpoint_e39 window_influence: 0.43648590127818299, penalty_k: 0.28635614292403527, scale_lr: 0.70732348055112726, EAO: 0.252
Trial 155 finished with value: 0.2520716969923275 and parameters: {'window_influence': 0.436485901278183, 'penalty_k': 0.2863561429240353, 'scale_lr': 0.7073234805511273}. Best is trial 154 with value: 0.2725364441067223.
checkpoint_e39 window_influence: 0.42259787462437448, penalty_k: 0.26160546999128054, scale_lr: 0.68147783131479633, EAO: 0.264
Trial 156 finished with value: 0.26364908706608825 and parameters: {'window_influence': 0.4225978746243745, 'penalty_k': 0.26160546999128054, 'scale_lr': 0.6814778313147963}. Best is trial 154 with value: 0.2725364441067223.
checkpoint_e39 window_influence: 0.43964918667148728, penalty_k: 0.25455346146211005, scale_lr: 0.69688918602771155, EAO: 0.271
Trial 157 finished with value: 0.2706314779030598 and parameters: {'window_influence': 0.4396491866714873, 'penalty_k': 0.25455346146211005, 'scale_lr': 0.6968891860277115}. Best is trial 154 with value: 0.2725364441067223.
checkpoint_e39 window_influence: 0.44481178487834999, penalty_k: 0.30207975274941612, scale_lr: 0.72075977650372813, EAO: 0.261
Trial 158 finished with value: 0.2608499452471733 and parameters: {'window_influence': 0.44481178487835, 'penalty_k': 0.3020797527494161, 'scale_lr': 0.7207597765037281}. Best is trial 154 with value: 0.2725364441067223.
checkpoint_e39 window_influence: 0.41052846239078516, penalty_k: 0.27650810149519450, scale_lr: 0.70017818642676044, EAO: 0.256
Trial 159 finished with value: 0.2559565369312356 and parameters: {'window_influence': 0.41052846239078516, 'penalty_k': 0.2765081014951945, 'scale_lr': 0.7001781864267604}. Best is trial 154 with value: 0.2725364441067223.
checkpoint_e39 window_influence: 0.49407751319671134, penalty_k: 0.26473705517124241, scale_lr: 0.71525718421798767, EAO: 0.256
Trial 160 finished with value: 0.2559656340295706 and parameters: {'window_influence': 0.49407751319671134, 'penalty_k': 0.2647370551712424, 'scale_lr': 0.7152571842179877}. Best is trial 154 with value: 0.2725364441067223.
checkpoint_e39 window_influence: 0.43391474810274877, penalty_k: 0.25206474826227748, scale_lr: 0.69222640531110069, EAO: 0.266
Trial 161 finished with value: 0.2658284828066826 and parameters: {'window_influence': 0.43391474810274877, 'penalty_k': 0.2520647482622775, 'scale_lr': 0.6922264053111007}. Best is trial 154 with value: 0.2725364441067223.
checkpoint_e39 window_influence: 0.44648738925873616, penalty_k: 0.23361692049053034, scale_lr: 0.67355262477854361, EAO: 0.260
Trial 162 finished with value: 0.2597942093644685 and parameters: {'window_influence': 0.44648738925873616, 'penalty_k': 0.23361692049053034, 'scale_lr': 0.6735526247785436}. Best is trial 154 with value: 0.2725364441067223.
checkpoint_e39 window_influence: 0.42431168685096549, penalty_k: 0.25421653979622216, scale_lr: 0.67639472442402504, EAO: 0.265
Trial 163 finished with value: 0.26455599451210443 and parameters: {'window_influence': 0.4243116868509655, 'penalty_k': 0.25421653979622216, 'scale_lr': 0.676394724424025}. Best is trial 154 with value: 0.2725364441067223.
checkpoint_e39 window_influence: 0.46564426912251650, penalty_k: 0.22076780532603296, scale_lr: 0.70254759736046346, EAO: 0.264
Trial 164 finished with value: 0.26366430224199605 and parameters: {'window_influence': 0.4656442691225165, 'penalty_k': 0.22076780532603296, 'scale_lr': 0.7025475973604635}. Best is trial 154 with value: 0.2725364441067223.
checkpoint_e39 window_influence: 0.39395205620685109, penalty_k: 0.23811652902946678, scale_lr: 0.64303548040296521, EAO: 0.254
Trial 165 finished with value: 0.25413916235774514 and parameters: {'window_influence': 0.3939520562068511, 'penalty_k': 0.23811652902946678, 'scale_lr': 0.6430354804029652}. Best is trial 154 with value: 0.2725364441067223.
checkpoint_e39 window_influence: 0.43825672112237962, penalty_k: 0.28243723343426796, scale_lr: 0.73035490641850531, EAO: 0.261
Trial 166 finished with value: 0.26101263733656427 and parameters: {'window_influence': 0.4382567211223796, 'penalty_k': 0.28243723343426796, 'scale_lr': 0.7303549064185053}. Best is trial 154 with value: 0.2725364441067223.
checkpoint_e39 window_influence: 0.47923900208533532, penalty_k: 0.21339812026597857, scale_lr: 0.66386562528878457, EAO: 0.262
Trial 167 finished with value: 0.2621784170832091 and parameters: {'window_influence': 0.4792390020853353, 'penalty_k': 0.21339812026597857, 'scale_lr': 0.6638656252887846}. Best is trial 154 with value: 0.2725364441067223.
checkpoint_e39 window_influence: 0.41833118742802716, penalty_k: 0.26927873551491965, scale_lr: 0.71126497804026023, EAO: 0.257
Trial 168 finished with value: 0.2565885665940075 and parameters: {'window_influence': 0.41833118742802716, 'penalty_k': 0.26927873551491965, 'scale_lr': 0.7112649780402602}. Best is trial 154 with value: 0.2725364441067223.
checkpoint_e39 window_influence: 0.44722051804369495, penalty_k: 0.25035199934267721, scale_lr: 0.67406988003851254, EAO: 0.264
Trial 169 finished with value: 0.264407336893605 and parameters: {'window_influence': 0.44722051804369495, 'penalty_k': 0.2503519993426772, 'scale_lr': 0.6740698800385125}. Best is trial 154 with value: 0.2725364441067223.
checkpoint_e39 window_influence: 0.46164570720278525, penalty_k: 0.22688469660554070, scale_lr: 0.69404147853077369, EAO: 0.248
Trial 170 finished with value: 0.24762868002905108 and parameters: {'window_influence': 0.46164570720278525, 'penalty_k': 0.2268846966055407, 'scale_lr': 0.6940414785307737}. Best is trial 154 with value: 0.2725364441067223.
checkpoint_e39 window_influence: 0.45131946728927042, penalty_k: 0.20635960305479245, scale_lr: 0.64965509405981869, EAO: 0.257
Trial 171 finished with value: 0.2566837928886336 and parameters: {'window_influence': 0.4513194672892704, 'penalty_k': 0.20635960305479245, 'scale_lr': 0.6496550940598187}. Best is trial 154 with value: 0.2725364441067223.
checkpoint_e39 window_influence: 0.43143809363018570, penalty_k: 0.24107126456870254, scale_lr: 0.68965221607035654, EAO: 0.260
Trial 172 finished with value: 0.2603209222841069 and parameters: {'window_influence': 0.4314380936301857, 'penalty_k': 0.24107126456870254, 'scale_lr': 0.6896522160703565}. Best is trial 154 with value: 0.2725364441067223.
checkpoint_e39 window_influence: 0.43728784485062050, penalty_k: 0.22383410883886259, scale_lr: 0.63737772216504118, EAO: 0.256
Trial 173 finished with value: 0.25621307477718447 and parameters: {'window_influence': 0.4372878448506205, 'penalty_k': 0.2238341088388626, 'scale_lr': 0.6373777221650412}. Best is trial 154 with value: 0.2725364441067223.
checkpoint_e39 window_influence: 0.47338613430037524, penalty_k: 0.25809878095560390, scale_lr: 0.65620538498249981, EAO: 0.256
Trial 174 finished with value: 0.25551166215805504 and parameters: {'window_influence': 0.47338613430037524, 'penalty_k': 0.2580987809556039, 'scale_lr': 0.6562053849824998}. Best is trial 154 with value: 0.2725364441067223.
checkpoint_e39 window_influence: 0.45449756105309752, penalty_k: 0.21375125700250419, scale_lr: 0.74650059830711446, EAO: 0.262
Trial 175 finished with value: 0.26233000829210124 and parameters: {'window_influence': 0.4544975610530975, 'penalty_k': 0.2137512570025042, 'scale_lr': 0.7465005983071145}. Best is trial 154 with value: 0.2725364441067223.
checkpoint_e39 window_influence: 0.41966164284893615, penalty_k: 0.24285438026061376, scale_lr: 0.72281631562240278, EAO: 0.261
Trial 176 finished with value: 0.2607057617326093 and parameters: {'window_influence': 0.41966164284893615, 'penalty_k': 0.24285438026061376, 'scale_lr': 0.7228163156224028}. Best is trial 154 with value: 0.2725364441067223.
checkpoint_e39 window_influence: 0.40598668120814446, penalty_k: 0.19881036937809854, scale_lr: 0.68406189926290839, EAO: 0.253
Trial 177 finished with value: 0.2533577448590015 and parameters: {'window_influence': 0.40598668120814446, 'penalty_k': 0.19881036937809854, 'scale_lr': 0.6840618992629084}. Best is trial 154 with value: 0.2725364441067223.
checkpoint_e39 window_influence: 0.44553272288642937, penalty_k: 0.29071761097628868, scale_lr: 0.66753251366065114, EAO: 0.260
Trial 178 finished with value: 0.2599457443608501 and parameters: {'window_influence': 0.44553272288642937, 'penalty_k': 0.2907176109762887, 'scale_lr': 0.6675325136606511}. Best is trial 154 with value: 0.2725364441067223.
checkpoint_e39 window_influence: 0.46227309623528046, penalty_k: 0.23212796465804281, scale_lr: 0.62738305948965278, EAO: 0.265
Trial 179 finished with value: 0.2650646811457184 and parameters: {'window_influence': 0.46227309623528046, 'penalty_k': 0.2321279646580428, 'scale_lr': 0.6273830594896528}. Best is trial 154 with value: 0.2725364441067223.
checkpoint_e39 window_influence: 0.43032111579550653, penalty_k: 0.27217721767065839, scale_lr: 0.70431479398794750, EAO: 0.261
Trial 180 finished with value: 0.2607055128347583 and parameters: {'window_influence': 0.4303211157955065, 'penalty_k': 0.2721772176706584, 'scale_lr': 0.7043147939879475}. Best is trial 154 with value: 0.2725364441067223.
checkpoint_e39 window_influence: 0.43474629597722741, penalty_k: 0.25711061952811592, scale_lr: 0.69204611861306853, EAO: 0.271
Trial 181 finished with value: 0.2707575270678939 and parameters: {'window_influence': 0.4347462959772274, 'penalty_k': 0.2571106195281159, 'scale_lr': 0.6920461186130685}. Best is trial 154 with value: 0.2725364441067223.
checkpoint_e39 window_influence: 0.44124618522323028, penalty_k: 0.24966599512046719, scale_lr: 0.68178061475580831, EAO: 0.267
Trial 182 finished with value: 0.2672832682123029 and parameters: {'window_influence': 0.4412461852232303, 'penalty_k': 0.2496659951204672, 'scale_lr': 0.6817806147558083}. Best is trial 154 with value: 0.2725364441067223.
checkpoint_e39 window_influence: 0.44345347074843994, penalty_k: 0.26315479120161417, scale_lr: 0.68532185848531491, EAO: 0.266
Trial 183 finished with value: 0.2664476582189886 and parameters: {'window_influence': 0.44345347074843994, 'penalty_k': 0.26315479120161417, 'scale_lr': 0.6853218584853149}. Best is trial 154 with value: 0.2725364441067223.
checkpoint_e39 window_influence: 0.44320473496780938, penalty_k: 0.26294033224870034, scale_lr: 0.68887538719582664, EAO: 0.271
Trial 184 finished with value: 0.2705851839325292 and parameters: {'window_influence': 0.4432047349678094, 'penalty_k': 0.26294033224870034, 'scale_lr': 0.6888753871958266}. Best is trial 154 with value: 0.2725364441067223.
checkpoint_e39 window_influence: 0.44286874027179834, penalty_k: 0.26726972036430463, scale_lr: 0.71049558649455402, EAO: 0.276
Trial 185 finished with value: 0.27577401194872897 and parameters: {'window_influence': 0.44286874027179834, 'penalty_k': 0.26726972036430463, 'scale_lr': 0.710495586494554}. Best is trial 185 with value: 0.27577401194872897.
checkpoint_e39 window_influence: 0.40699541981041676, penalty_k: 0.27964886673563694, scale_lr: 0.71990179404265431, EAO: 0.252
Trial 186 finished with value: 0.25210444193060805 and parameters: {'window_influence': 0.40699541981041676, 'penalty_k': 0.27964886673563694, 'scale_lr': 0.7199017940426543}. Best is trial 185 with value: 0.27577401194872897.
checkpoint_e39 window_influence: 0.41943785593306621, penalty_k: 0.25974406659590366, scale_lr: 0.71002302428404684, EAO: 0.260
Trial 187 finished with value: 0.2595570807049914 and parameters: {'window_influence': 0.4194378559330662, 'penalty_k': 0.25974406659590366, 'scale_lr': 0.7100230242840468}. Best is trial 185 with value: 0.27577401194872897.
checkpoint_e39 window_influence: 0.46689889710633908, penalty_k: 0.29644320033513505, scale_lr: 0.74321012327412561, EAO: 0.264
Trial 188 finished with value: 0.26412521696429914 and parameters: {'window_influence': 0.4668988971063391, 'penalty_k': 0.29644320033513505, 'scale_lr': 0.7432101232741256}. Best is trial 185 with value: 0.27577401194872897.
checkpoint_e39 window_influence: 0.43905475535882832, penalty_k: 0.24741211611718003, scale_lr: 0.69939825945115164, EAO: 0.267
Trial 189 finished with value: 0.26659290862034973 and parameters: {'window_influence': 0.4390547553588283, 'penalty_k': 0.24741211611718003, 'scale_lr': 0.6993982594511516}. Best is trial 185 with value: 0.27577401194872897.
checkpoint_e39 window_influence: 0.45123315374961842, penalty_k: 0.27496832378586922, scale_lr: 0.73279231629953223, EAO: 0.265
Trial 190 finished with value: 0.2650239508205313 and parameters: {'window_influence': 0.4512331537496184, 'penalty_k': 0.2749683237858692, 'scale_lr': 0.7327923162995322}. Best is trial 185 with value: 0.27577401194872897.
checkpoint_e39 window_influence: 0.43805971454849890, penalty_k: 0.24508488774579892, scale_lr: 0.69753170174316081, EAO: 0.267
Trial 191 finished with value: 0.26676242877312795 and parameters: {'window_influence': 0.4380597145484989, 'penalty_k': 0.24508488774579892, 'scale_lr': 0.6975317017431608}. Best is trial 185 with value: 0.27577401194872897.
checkpoint_e39 window_influence: 0.43032765653115002, penalty_k: 0.24141945629912853, scale_lr: 0.68006906717408755, EAO: 0.268
Trial 192 finished with value: 0.26752652264222865 and parameters: {'window_influence': 0.43032765653115, 'penalty_k': 0.24141945629912853, 'scale_lr': 0.6800690671740875}. Best is trial 185 with value: 0.27577401194872897.
checkpoint_e39 window_influence: 0.42650100220893117, penalty_k: 0.26036089251543465, scale_lr: 0.67886710387593685, EAO: 0.267
Trial 193 finished with value: 0.26658835704249095 and parameters: {'window_influence': 0.42650100220893117, 'penalty_k': 0.26036089251543465, 'scale_lr': 0.6788671038759369}. Best is trial 185 with value: 0.27577401194872897.
checkpoint_e39 window_influence: 0.41444400750096522, penalty_k: 0.23552301859742933, scale_lr: 0.71154774432731760, EAO: 0.260
Trial 194 finished with value: 0.2597190327639502 and parameters: {'window_influence': 0.4144440075009652, 'penalty_k': 0.23552301859742933, 'scale_lr': 0.7115477443273176}. Best is trial 185 with value: 0.27577401194872897.
checkpoint_e39 window_influence: 0.45902843931232878, penalty_k: 0.26637006173505001, scale_lr: 0.67401314342231844, EAO: 0.266
Trial 195 finished with value: 0.2664587113673125 and parameters: {'window_influence': 0.4590284393123288, 'penalty_k': 0.26637006173505, 'scale_lr': 0.6740131434223184}. Best is trial 185 with value: 0.27577401194872897.
checkpoint_e39 window_influence: 0.44407529207278668, penalty_k: 0.24895491411390444, scale_lr: 0.68950357804825568, EAO: 0.272
Trial 196 finished with value: 0.27156156113719554 and parameters: {'window_influence': 0.4440752920727867, 'penalty_k': 0.24895491411390444, 'scale_lr': 0.6895035780482557}. Best is trial 185 with value: 0.27577401194872897.
checkpoint_e39 window_influence: 0.47306023981861978, penalty_k: 0.24951256295956623, scale_lr: 0.72628924628667713, EAO: 0.252
Trial 197 finished with value: 0.25213233502657434 and parameters: {'window_influence': 0.4730602398186198, 'penalty_k': 0.24951256295956623, 'scale_lr': 0.7262892462866771}. Best is trial 185 with value: 0.27577401194872897.
checkpoint_e39 window_influence: 0.44472885336630597, penalty_k: 0.23359249501298662, scale_lr: 0.69124681957967005, EAO: 0.269
Trial 198 finished with value: 0.2693438131998225 and parameters: {'window_influence': 0.44472885336630597, 'penalty_k': 0.23359249501298662, 'scale_lr': 0.69124681957967}. Best is trial 185 with value: 0.27577401194872897.
checkpoint_e39 window_influence: 0.44560884227352432, penalty_k: 0.23289188759086224, scale_lr: 0.69203253859151814, EAO: 0.260
Trial 199 finished with value: 0.2596969957031855 and parameters: {'window_influence': 0.4456088422735243, 'penalty_k': 0.23289188759086224, 'scale_lr': 0.6920325385915181}. Best is trial 185 with value: 0.27577401194872897.
checkpoint_e39 window_influence: 0.48658577973117401, penalty_k: 0.28430593654658876, scale_lr: 0.71078709248287830, EAO: 0.252
Trial 200 finished with value: 0.2515224238963631 and parameters: {'window_influence': 0.486585779731174, 'penalty_k': 0.28430593654658876, 'scale_lr': 0.7107870924828783}. Best is trial 185 with value: 0.27577401194872897.
checkpoint_e39 window_influence: 0.43172940508904661, penalty_k: 0.25469151730830780, scale_lr: 0.67970404454841526, EAO: 0.266
Trial 201 finished with value: 0.2662645192529128 and parameters: {'window_influence': 0.4317294050890466, 'penalty_k': 0.2546915173083078, 'scale_lr': 0.6797040445484153}. Best is trial 185 with value: 0.27577401194872897.
checkpoint_e39 window_influence: 0.45084474480786696, penalty_k: 0.23638732039062074, scale_lr: 0.69657645647291200, EAO: 0.270
Trial 202 finished with value: 0.2702564254887705 and parameters: {'window_influence': 0.45084474480786696, 'penalty_k': 0.23638732039062074, 'scale_lr': 0.696576456472912}. Best is trial 185 with value: 0.27577401194872897.
checkpoint_e39 window_influence: 0.45540674429892547, penalty_k: 0.23032886323202037, scale_lr: 0.70166972473016653, EAO: 0.267
Trial 203 finished with value: 0.2670740230175538 and parameters: {'window_influence': 0.45540674429892547, 'penalty_k': 0.23032886323202037, 'scale_lr': 0.7016697247301665}. Best is trial 185 with value: 0.27577401194872897.
checkpoint_e39 window_influence: 0.44646349787667855, penalty_k: 0.24245026928404201, scale_lr: 0.71722643416213572, EAO: 0.266
Trial 204 finished with value: 0.2662620486888459 and parameters: {'window_influence': 0.44646349787667855, 'penalty_k': 0.242450269284042, 'scale_lr': 0.7172264341621357}. Best is trial 185 with value: 0.27577401194872897.
checkpoint_e39 window_influence: 0.46280720312066265, penalty_k: 0.26658003556310500, scale_lr: 0.50897872069032368, EAO: 0.265
Trial 205 finished with value: 0.2648044433293304 and parameters: {'window_influence': 0.46280720312066265, 'penalty_k': 0.266580035563105, 'scale_lr': 0.5089787206903237}. Best is trial 185 with value: 0.27577401194872897.
checkpoint_e39 window_influence: 0.47518289190759122, penalty_k: 0.22194599555022609, scale_lr: 0.68748082093675189, EAO: 0.256
Trial 206 finished with value: 0.25591769547966436 and parameters: {'window_influence': 0.4751828919075912, 'penalty_k': 0.2219459955502261, 'scale_lr': 0.6874808209367519}. Best is trial 185 with value: 0.27577401194872897.
checkpoint_e39 window_influence: 0.44190647812041817, penalty_k: 0.25733865427617314, scale_lr: 0.32644297694091334, EAO: 0.253
