Trial 52 finished with value: 0.26156562197256866 and parameters: {'window_influence': 0.3271441589725581, 'penalty_k': 0.01897257691370218, 'scale_lr': 0.6954177029483932}. Best is trial 31 with value: 0.2786483215849574.
checkpoint_e32 window_influence: 0.31729568582911644, penalty_k: 0.05001161376389383, scale_lr: 0.74283383815606019, EAO: 0.268
Trial 53 finished with value: 0.26786504903944525 and parameters: {'window_influence': 0.31729568582911644, 'penalty_k': 0.050011613763893834, 'scale_lr': 0.7428338381560602}. Best is trial 31 with value: 0.2786483215849574.
checkpoint_e32 window_influence: 0.26293809819835090, penalty_k: 0.00051374691579094, scale_lr: 0.66077760538173547, EAO: 0.274
Trial 54 finished with value: 0.27359583398433235 and parameters: {'window_influence': 0.2629380981983509, 'penalty_k': 0.000513746915790942, 'scale_lr': 0.6607776053817355}. Best is trial 31 with value: 0.2786483215849574.
checkpoint_e32 window_influence: 0.26551364368318930, penalty_k: 0.37085810023985682, scale_lr: 0.65771406391247189, EAO: 0.269
Trial 55 finished with value: 0.2687808363054826 and parameters: {'window_influence': 0.2655136436831893, 'penalty_k': 0.3708581002398568, 'scale_lr': 0.6577140639124719}. Best is trial 31 with value: 0.2786483215849574.
checkpoint_e32 window_influence: 0.25031709585724649, penalty_k: 0.06136948074301578, scale_lr: 0.61956521870815862, EAO: 0.257
Trial 56 finished with value: 0.25738306525276927 and parameters: {'window_influence': 0.2503170958572465, 'penalty_k': 0.061369480743015785, 'scale_lr': 0.6195652187081586}. Best is trial 31 with value: 0.2786483215849574.
checkpoint_e32 window_influence: 0.37847427037827774, penalty_k: 0.12026969060860086, scale_lr: 0.67077008843223596, EAO: 0.259
Trial 57 finished with value: 0.2585963961191294 and parameters: {'window_influence': 0.37847427037827774, 'penalty_k': 0.12026969060860086, 'scale_lr': 0.670770088432236}. Best is trial 31 with value: 0.2786483215849574.
checkpoint_e32 window_influence: 0.35534090646674726, penalty_k: 0.06661094643021231, scale_lr: 0.57533365034168460, EAO: 0.267
Trial 58 finished with value: 0.26667358496082505 and parameters: {'window_influence': 0.35534090646674726, 'penalty_k': 0.06661094643021231, 'scale_lr': 0.5753336503416846}. Best is trial 31 with value: 0.2786483215849574.
checkpoint_e32 window_influence: 0.41544361436645433, penalty_k: 0.01404189797368738, scale_lr: 0.54486974904909047, EAO: 0.264
Trial 59 finished with value: 0.263506961304967 and parameters: {'window_influence': 0.41544361436645433, 'penalty_k': 0.014041897973687378, 'scale_lr': 0.5448697490490905}. Best is trial 31 with value: 0.2786483215849574.
checkpoint_e32 window_influence: 0.32598481188101669, penalty_k: 0.35542530195847749, scale_lr: 0.61264271440172702, EAO: 0.260
Trial 60 finished with value: 0.2595056488019664 and parameters: {'window_influence': 0.3259848118810167, 'penalty_k': 0.3554253019584775, 'scale_lr': 0.612642714401727}. Best is trial 31 with value: 0.2786483215849574.
checkpoint_e32 window_influence: 0.22826806409280165, penalty_k: 0.03321495219568855, scale_lr: 0.73122045901831723, EAO: 0.273
Trial 61 finished with value: 0.2729109795839806 and parameters: {'window_influence': 0.22826806409280165, 'penalty_k': 0.033214952195688555, 'scale_lr': 0.7312204590183172}. Best is trial 31 with value: 0.2786483215849574.
checkpoint_e32 window_influence: 0.18195829533779548, penalty_k: 0.00622283563755170, scale_lr: 0.64313939574608703, EAO: 0.271
Trial 62 finished with value: 0.2707661892461583 and parameters: {'window_influence': 0.18195829533779548, 'penalty_k': 0.006222835637551702, 'scale_lr': 0.643139395746087}. Best is trial 31 with value: 0.2786483215849574.
checkpoint_e32 window_influence: 0.17582607960477326, penalty_k: 0.00029277928487353, scale_lr: 0.63973653544177822, EAO: 0.262
Trial 63 finished with value: 0.2624386240675197 and parameters: {'window_influence': 0.17582607960477326, 'penalty_k': 0.00029277928487353444, 'scale_lr': 0.6397365354417782}. Best is trial 31 with value: 0.2786483215849574.
checkpoint_e32 window_influence: 0.21752029799347020, penalty_k: 0.02470978567643529, scale_lr: 0.67089720676611397, EAO: 0.262
Trial 64 finished with value: 0.2615468176763232 and parameters: {'window_influence': 0.2175202979934702, 'penalty_k': 0.024709785676435295, 'scale_lr': 0.670897206766114}. Best is trial 31 with value: 0.2786483215849574.
checkpoint_e32 window_influence: 0.17114090701903284, penalty_k: 0.00012126221905567, scale_lr: 0.63868557139686843, EAO: 0.255
Trial 65 finished with value: 0.25515947454586263 and parameters: {'window_influence': 0.17114090701903284, 'penalty_k': 0.00012126221905567336, 'scale_lr': 0.6386855713968684}. Best is trial 31 with value: 0.2786483215849574.
checkpoint_e32 window_influence: 0.23211126402323859, penalty_k: 0.03356248393784435, scale_lr: 0.60261701514832955, EAO: 0.260
Trial 66 finished with value: 0.2596479037064847 and parameters: {'window_influence': 0.2321112640232386, 'penalty_k': 0.033562483937844355, 'scale_lr': 0.6026170151483295}. Best is trial 31 with value: 0.2786483215849574.
checkpoint_e32 window_influence: 0.30257345064496466, penalty_k: 0.05280529258643828, scale_lr: 0.70895532548786255, EAO: 0.262
Trial 67 finished with value: 0.2624619809108052 and parameters: {'window_influence': 0.30257345064496466, 'penalty_k': 0.05280529258643828, 'scale_lr': 0.7089553254878626}. Best is trial 31 with value: 0.2786483215849574.
checkpoint_e32 window_influence: 0.27521540356808405, penalty_k: 0.08211398709286202, scale_lr: 0.77828776438091141, EAO: 0.263
Trial 68 finished with value: 0.26278629856623287 and parameters: {'window_influence': 0.27521540356808405, 'penalty_k': 0.08211398709286202, 'scale_lr': 0.7782877643809114}. Best is trial 31 with value: 0.2786483215849574.
checkpoint_e32 window_influence: 0.19638609700846923, penalty_k: 0.01911225642521029, scale_lr: 0.57704575541881298, EAO: 0.261
Trial 69 finished with value: 0.2612565631062035 and parameters: {'window_influence': 0.19638609700846923, 'penalty_k': 0.01911225642521029, 'scale_lr': 0.577045755418813}. Best is trial 31 with value: 0.2786483215849574.
checkpoint_e32 window_influence: 0.24004148362307073, penalty_k: 0.03122992479142975, scale_lr: 0.73849970744502891, EAO: 0.259
Trial 70 finished with value: 0.25881232660475784 and parameters: {'window_influence': 0.24004148362307073, 'penalty_k': 0.031229924791429754, 'scale_lr': 0.7384997074450289}. Best is trial 31 with value: 0.2786483215849574.
checkpoint_e32 window_influence: 0.27436902941803210, penalty_k: 0.00076137188529050, scale_lr: 0.69219359639550060, EAO: 0.268
Trial 71 finished with value: 0.2676222294084425 and parameters: {'window_influence': 0.2743690294180321, 'penalty_k': 0.0007613718852905009, 'scale_lr': 0.6921935963955006}. Best is trial 31 with value: 0.2786483215849574.
checkpoint_e32 window_influence: 0.43830922609244866, penalty_k: 0.43033213189619163, scale_lr: 0.65108435895835703, EAO: 0.255
Trial 72 finished with value: 0.25453602843652895 and parameters: {'window_influence': 0.43830922609244866, 'penalty_k': 0.4303321318961916, 'scale_lr': 0.651084358958357}. Best is trial 31 with value: 0.2786483215849574.
checkpoint_e32 window_influence: 0.38410851900012988, penalty_k: 0.40403104302881276, scale_lr: 0.61968268681177485, EAO: 0.258
Trial 73 finished with value: 0.25845568542315706 and parameters: {'window_influence': 0.3841085190001299, 'penalty_k': 0.40403104302881276, 'scale_lr': 0.6196826868117749}. Best is trial 31 with value: 0.2786483215849574.
checkpoint_e32 window_influence: 0.11872707418037590, penalty_k: 0.04234677654509033, scale_lr: 0.72233589008883781, EAO: 0.246
Trial 74 finished with value: 0.24643594971517238 and parameters: {'window_influence': 0.1187270741803759, 'penalty_k': 0.04234677654509033, 'scale_lr': 0.7223358900888378}. Best is trial 31 with value: 0.2786483215849574.
checkpoint_e32 window_influence: 0.36751554344438747, penalty_k: 0.07259257735853811, scale_lr: 0.67208793467298145, EAO: 0.258
Trial 75 finished with value: 0.25781491053540534 and parameters: {'window_influence': 0.36751554344438747, 'penalty_k': 0.07259257735853811, 'scale_lr': 0.6720879346729814}. Best is trial 31 with value: 0.2786483215849574.
checkpoint_e32 window_influence: 0.40719752867108944, penalty_k: 0.38442216339723784, scale_lr: 0.74808835749952152, EAO: 0.258
Trial 76 finished with value: 0.257647919097567 and parameters: {'window_influence': 0.40719752867108944, 'penalty_k': 0.38442216339723784, 'scale_lr': 0.7480883574995215}. Best is trial 31 with value: 0.2786483215849574.
checkpoint_e32 window_influence: 0.33931575135689440, penalty_k: 0.09635444364554997, scale_lr: 0.68887656361417071, EAO: 0.269
Trial 77 finished with value: 0.2690506328533335 and parameters: {'window_influence': 0.3393157513568944, 'penalty_k': 0.09635444364554997, 'scale_lr': 0.6888765636141707}. Best is trial 31 with value: 0.2786483215849574.
checkpoint_e32 window_influence: 0.25051319126901772, penalty_k: 0.05804188147452884, scale_lr: 0.65832916023962007, EAO: 0.266
Trial 78 finished with value: 0.26579438616347506 and parameters: {'window_influence': 0.2505131912690177, 'penalty_k': 0.05804188147452884, 'scale_lr': 0.6583291602396201}. Best is trial 31 with value: 0.2786483215849574.
checkpoint_e32 window_influence: 0.35510196140291672, penalty_k: 0.02125158121274242, scale_lr: 0.77368397013113577, EAO: 0.276
Trial 79 finished with value: 0.2759419150226484 and parameters: {'window_influence': 0.3551019614029167, 'penalty_k': 0.021251581212742416, 'scale_lr': 0.7736839701311358}. Best is trial 31 with value: 0.2786483215849574.
checkpoint_e32 window_influence: 0.31122865091683022, penalty_k: 0.01438674890831178, scale_lr: 0.77581234372693708, EAO: 0.258
Trial 80 finished with value: 0.2579606953190594 and parameters: {'window_influence': 0.3112286509168302, 'penalty_k': 0.014386748908311781, 'scale_lr': 0.7758123437269371}. Best is trial 31 with value: 0.2786483215849574.
checkpoint_e32 window_influence: 0.38458459624859820, penalty_k: 0.04457619543395202, scale_lr: 0.75663423202890800, EAO: 0.251
Trial 81 finished with value: 0.25116660888117504 and parameters: {'window_influence': 0.3845845962485982, 'penalty_k': 0.04457619543395202, 'scale_lr': 0.756634232028908}. Best is trial 31 with value: 0.2786483215849574.
checkpoint_e32 window_influence: 0.35735771406850919, penalty_k: 0.01819756478961893, scale_lr: 0.71134608443993441, EAO: 0.262
Trial 82 finished with value: 0.2618786532098685 and parameters: {'window_influence': 0.3573577140685092, 'penalty_k': 0.01819756478961893, 'scale_lr': 0.7113460844399344}. Best is trial 31 with value: 0.2786483215849574.
checkpoint_e32 window_influence: 0.41322560985664930, penalty_k: 0.03214902927586032, scale_lr: 0.72074539946807747, EAO: 0.268
Trial 83 finished with value: 0.2679688299332208 and parameters: {'window_influence': 0.4132256098566493, 'penalty_k': 0.03214902927586032, 'scale_lr': 0.7207453994680775}. Best is trial 31 with value: 0.2786483215849574.
checkpoint_e32 window_influence: 0.33771402036269565, penalty_k: 0.44848243764774715, scale_lr: 0.79890892161130145, EAO: 0.249
Trial 84 finished with value: 0.24919352238255787 and parameters: {'window_influence': 0.33771402036269565, 'penalty_k': 0.44848243764774715, 'scale_lr': 0.7989089216113014}. Best is trial 31 with value: 0.2786483215849574.
checkpoint_e32 window_influence: 0.40225217900223958, penalty_k: 0.20684842518551755, scale_lr: 0.69632071054379163, EAO: 0.266
Trial 85 finished with value: 0.2664281456329958 and parameters: {'window_influence': 0.4022521790022396, 'penalty_k': 0.20684842518551755, 'scale_lr': 0.6963207105437916}. Best is trial 31 with value: 0.2786483215849574.
checkpoint_e32 window_influence: 0.36979187191274226, penalty_k: 0.42129493186329925, scale_lr: 0.63132186676288060, EAO: 0.254
Trial 86 finished with value: 0.25431059197924 and parameters: {'window_influence': 0.36979187191274226, 'penalty_k': 0.42129493186329925, 'scale_lr': 0.6313218667628806}. Best is trial 31 with value: 0.2786483215849574.
checkpoint_e32 window_influence: 0.35070372703801084, penalty_k: 0.40621485264557289, scale_lr: 0.73616144988326249, EAO: 0.263
Trial 87 finished with value: 0.26264111497780174 and parameters: {'window_influence': 0.35070372703801084, 'penalty_k': 0.4062148526455729, 'scale_lr': 0.7361614498832625}. Best is trial 31 with value: 0.2786483215849574.
checkpoint_e32 window_influence: 0.43288708093477957, penalty_k: 0.00930469409941296, scale_lr: 0.77318500641044763, EAO: 0.268
Trial 88 finished with value: 0.267709138189874 and parameters: {'window_influence': 0.43288708093477957, 'penalty_k': 0.009304694099412958, 'scale_lr': 0.7731850064104476}. Best is trial 31 with value: 0.2786483215849574.
checkpoint_e32 window_influence: 0.38637156878749795, penalty_k: 0.46505295339680741, scale_lr: 0.67935985616737182, EAO: 0.257
Trial 89 finished with value: 0.2574199848785633 and parameters: {'window_influence': 0.38637156878749795, 'penalty_k': 0.4650529533968074, 'scale_lr': 0.6793598561673718}. Best is trial 31 with value: 0.2786483215849574.
checkpoint_e32 window_influence: 0.45342913124365980, penalty_k: 0.04763705805161225, scale_lr: 0.64691116643369040, EAO: 0.258
Trial 90 finished with value: 0.2576774909971206 and parameters: {'window_influence': 0.4534291312436598, 'penalty_k': 0.047637058051612245, 'scale_lr': 0.6469111664336904}. Best is trial 31 with value: 0.2786483215849574.
checkpoint_e32 window_influence: 0.29464667866860794, penalty_k: 0.02699564421941758, scale_lr: 0.73557221968165165, EAO: 0.278
Trial 91 finished with value: 0.27793809807882075 and parameters: {'window_influence': 0.29464667866860794, 'penalty_k': 0.02699564421941758, 'scale_lr': 0.7355722196816517}. Best is trial 31 with value: 0.2786483215849574.
checkpoint_e32 window_influence: 0.32623804402929529, penalty_k: 0.02586504469971929, scale_lr: 0.74641670013609707, EAO: 0.268
Trial 92 finished with value: 0.2679694786183233 and parameters: {'window_influence': 0.3262380440292953, 'penalty_k': 0.02586504469971929, 'scale_lr': 0.7464167001360971}. Best is trial 31 with value: 0.2786483215849574.
checkpoint_e32 window_influence: 0.30713158028461857, penalty_k: 0.01166244041386751, scale_lr: 0.70517946279184540, EAO: 0.267
Trial 93 finished with value: 0.26727444890553387 and parameters: {'window_influence': 0.30713158028461857, 'penalty_k': 0.011662440413867511, 'scale_lr': 0.7051794627918454}. Best is trial 31 with value: 0.2786483215849574.
checkpoint_e32 window_influence: 0.27641930854916597, penalty_k: 0.06190001938163658, scale_lr: 0.72729844504857932, EAO: 0.267
Trial 94 finished with value: 0.26719798347572 and parameters: {'window_influence': 0.27641930854916597, 'penalty_k': 0.061900019381636584, 'scale_lr': 0.7272984450485793}. Best is trial 31 with value: 0.2786483215849574.
checkpoint_e32 window_influence: 0.29506048911674460, penalty_k: 0.37807914750145138, scale_lr: 0.66588300181107885, EAO: 0.253
Trial 95 finished with value: 0.25254075610783044 and parameters: {'window_influence': 0.2950604891167446, 'penalty_k': 0.3780791475014514, 'scale_lr': 0.6658830018110788}. Best is trial 31 with value: 0.2786483215849574.
checkpoint_e32 window_influence: 0.36981862540752924, penalty_k: 0.03621585716116854, scale_lr: 0.68542889665111095, EAO: 0.258
Trial 96 finished with value: 0.2584439596630693 and parameters: {'window_influence': 0.36981862540752924, 'penalty_k': 0.03621585716116854, 'scale_lr': 0.685428896651111}. Best is trial 31 with value: 0.2786483215849574.
checkpoint_e32 window_influence: 0.35079990626594948, penalty_k: 0.07451621300653759, scale_lr: 0.76019370956334253, EAO: 0.271
Trial 97 finished with value: 0.27061691468324117 and parameters: {'window_influence': 0.3507999062659495, 'penalty_k': 0.07451621300653759, 'scale_lr': 0.7601937095633425}. Best is trial 31 with value: 0.2786483215849574.
checkpoint_e32 window_influence: 0.33232129184494447, penalty_k: 0.04930269010779791, scale_lr: 0.76447349180250235, EAO: 0.254
Trial 98 finished with value: 0.25371524079786084 and parameters: {'window_influence': 0.33232129184494447, 'penalty_k': 0.049302690107797906, 'scale_lr': 0.7644734918025023}. Best is trial 31 with value: 0.2786483215849574.
checkpoint_e32 window_influence: 0.34989569270492510, penalty_k: 0.07684147760188907, scale_lr: 0.78691513647376576, EAO: 0.259
Trial 99 finished with value: 0.258700569289002 and parameters: {'window_influence': 0.3498956927049251, 'penalty_k': 0.07684147760188907, 'scale_lr': 0.7869151364737658}. Best is trial 31 with value: 0.2786483215849574.
checkpoint_e32 window_influence: 0.31681895769787660, penalty_k: 0.02364322632387092, scale_lr: 0.75361409489074893, EAO: 0.264
Trial 100 finished with value: 0.26357730393244966 and parameters: {'window_influence': 0.3168189576978766, 'penalty_k': 0.02364322632387092, 'scale_lr': 0.7536140948907489}. Best is trial 31 with value: 0.2786483215849574.
checkpoint_e32 window_influence: 0.38492647816736619, penalty_k: 0.00240211334988632, scale_lr: 0.71290340549550324, EAO: 0.261
Trial 101 finished with value: 0.26071906616775004 and parameters: {'window_influence': 0.3849264781673662, 'penalty_k': 0.0024021133498863248, 'scale_lr': 0.7129034054955032}. Best is trial 31 with value: 0.2786483215849574.
checkpoint_e32 window_influence: 0.39747511058347079, penalty_k: 0.03046664052551407, scale_lr: 0.72887892833229995, EAO: 0.269
Trial 102 finished with value: 0.26883720558106416 and parameters: {'window_influence': 0.3974751105834708, 'penalty_k': 0.030466640525514073, 'scale_lr': 0.7288789283323}. Best is trial 31 with value: 0.2786483215849574.
checkpoint_e32 window_influence: 0.42132818017158941, penalty_k: 0.06535762760499481, scale_lr: 0.60713377212689112, EAO: 0.264
Trial 103 finished with value: 0.2638972692979061 and parameters: {'window_influence': 0.4213281801715894, 'penalty_k': 0.0653576276049948, 'scale_lr': 0.6071337721268911}. Best is trial 31 with value: 0.2786483215849574.
checkpoint_e32 window_influence: 0.28665571972905657, penalty_k: 0.01398070182949098, scale_lr: 0.69998971980520230, EAO: 0.267
Trial 104 finished with value: 0.26699341427746826 and parameters: {'window_influence': 0.28665571972905657, 'penalty_k': 0.013980701829490984, 'scale_lr': 0.6999897198052023}. Best is trial 31 with value: 0.2786483215849574.
checkpoint_e32 window_influence: 0.35596016639618944, penalty_k: 0.39569182131732528, scale_lr: 0.63611874625838338, EAO: 0.268
Trial 105 finished with value: 0.26762935604021804 and parameters: {'window_influence': 0.35596016639618944, 'penalty_k': 0.3956918213173253, 'scale_lr': 0.6361187462583834}. Best is trial 31 with value: 0.2786483215849574.
checkpoint_e32 window_influence: 0.37434864780471488, penalty_k: 0.08823005618289911, scale_lr: 0.73863448975729962, EAO: 0.256
Trial 106 finished with value: 0.25553288407684344 and parameters: {'window_influence': 0.3743486478047149, 'penalty_k': 0.08823005618289911, 'scale_lr': 0.7386344897572996}. Best is trial 31 with value: 0.2786483215849574.
checkpoint_e32 window_influence: 0.34262799285759504, penalty_k: 0.04262314696526975, scale_lr: 0.66328786799535444, EAO: 0.263
Trial 107 finished with value: 0.262665673545221 and parameters: {'window_influence': 0.34262799285759504, 'penalty_k': 0.042623146965269754, 'scale_lr': 0.6632878679953544}. Best is trial 31 with value: 0.2786483215849574.
checkpoint_e32 window_influence: 0.40771660248346558, penalty_k: 0.05492172035346549, scale_lr: 0.76630834502698975, EAO: 0.266
Trial 108 finished with value: 0.2655223718867069 and parameters: {'window_influence': 0.4077166024834656, 'penalty_k': 0.05492172035346549, 'scale_lr': 0.7663083450269897}. Best is trial 31 with value: 0.2786483215849574.
checkpoint_e32 window_influence: 0.33060560331298794, penalty_k: 0.07368087414408894, scale_lr: 0.67755740872592407, EAO: 0.258
Trial 109 finished with value: 0.2579834681700885 and parameters: {'window_influence': 0.33060560331298794, 'penalty_k': 0.07368087414408894, 'scale_lr': 0.6775574087259241}. Best is trial 31 with value: 0.2786483215849574.
checkpoint_e32 window_influence: 0.26890536321416153, penalty_k: 0.00871431189633720, scale_lr: 0.58817848424804142, EAO: 0.265
Trial 110 finished with value: 0.26454870530017993 and parameters: {'window_influence': 0.26890536321416153, 'penalty_k': 0.008714311896337201, 'scale_lr': 0.5881784842480414}. Best is trial 31 with value: 0.2786483215849574.
checkpoint_e32 window_influence: 0.29057774605985959, penalty_k: 0.02356946858087022, scale_lr: 0.78338777345007360, EAO: 0.256
Trial 111 finished with value: 0.25567322339468856 and parameters: {'window_influence': 0.2905777460598596, 'penalty_k': 0.023569468580870216, 'scale_lr': 0.7833877734500736}. Best is trial 31 with value: 0.2786483215849574.
checkpoint_e32 window_influence: 0.25577931851401359, penalty_k: 0.03639994151570569, scale_lr: 0.75136124220546363, EAO: 0.259
Trial 112 finished with value: 0.2585333712338432 and parameters: {'window_influence': 0.2557793185140136, 'penalty_k': 0.03639994151570569, 'scale_lr': 0.7513612422054636}. Best is trial 31 with value: 0.2786483215849574.
checkpoint_e32 window_influence: 0.30028255621000505, penalty_k: 0.43079714374375877, scale_lr: 0.72294764010754997, EAO: 0.256
Trial 113 finished with value: 0.25644893168918487 and parameters: {'window_influence': 0.30028255621000505, 'penalty_k': 0.43079714374375877, 'scale_lr': 0.72294764010755}. Best is trial 31 with value: 0.2786483215849574.
checkpoint_e32 window_influence: 0.31447938672915343, penalty_k: 0.00105009985867786, scale_lr: 0.65071390819052677, EAO: 0.267
