Trial 1602 finished with value: 0.25160367974663167 and parameters: {'window_influence': 0.43491414033336845, 'penalty_k': 0.20681703410353214, 'scale_lr': 0.6274740182693372}. Best is trial 1594 with value: 0.29992623191054274.
checkpoint_e32 window_influence: 0.58217802008407671, penalty_k: 0.10759309539089526, scale_lr: 0.38472450399068531, EAO: 0.233
Trial 1603 finished with value: 0.23277382177066028 and parameters: {'window_influence': 0.5821780200840767, 'penalty_k': 0.10759309539089526, 'scale_lr': 0.3847245039906853}. Best is trial 1594 with value: 0.29992623191054274.
checkpoint_e32 window_influence: 0.43561749667882299, penalty_k: 0.26408742192910567, scale_lr: 0.15030176995300323, EAO: 0.258
Trial 1604 finished with value: 0.258012116924534 and parameters: {'window_influence': 0.435617496678823, 'penalty_k': 0.26408742192910567, 'scale_lr': 0.15030176995300323}. Best is trial 1594 with value: 0.29992623191054274.
checkpoint_e32 window_influence: 0.44949956327447066, penalty_k: 0.14683338630302734, scale_lr: 0.17573824120974813, EAO: 0.258
Trial 1605 finished with value: 0.25792596646683 and parameters: {'window_influence': 0.44949956327447066, 'penalty_k': 0.14683338630302734, 'scale_lr': 0.17573824120974813}. Best is trial 1594 with value: 0.29992623191054274.
checkpoint_e32 window_influence: 0.35311252189663006, penalty_k: 0.27740469840883314, scale_lr: 0.30403231998100444, EAO: 0.258
Trial 1606 finished with value: 0.25816840290780957 and parameters: {'window_influence': 0.35311252189663006, 'penalty_k': 0.27740469840883314, 'scale_lr': 0.30403231998100444}. Best is trial 1594 with value: 0.29992623191054274.
checkpoint_e32 window_influence: 0.64927094157727705, penalty_k: 0.09336813307385280, scale_lr: 0.25357708945195451, EAO: 0.212
Trial 1607 finished with value: 0.21165681375962933 and parameters: {'window_influence': 0.649270941577277, 'penalty_k': 0.0933681330738528, 'scale_lr': 0.2535770894519545}. Best is trial 1594 with value: 0.29992623191054274.
checkpoint_e32 window_influence: 0.17174078673617890, penalty_k: 0.42803506493202859, scale_lr: 0.19123603338340620, EAO: 0.239
Trial 1608 finished with value: 0.2386264011748438 and parameters: {'window_influence': 0.1717407867361789, 'penalty_k': 0.4280350649320286, 'scale_lr': 0.1912360333834062}. Best is trial 1594 with value: 0.29992623191054274.
checkpoint_e32 window_influence: 0.42361965152140252, penalty_k: 0.46578741579732652, scale_lr: 0.55879627822561695, EAO: 0.251
Trial 1609 finished with value: 0.2512193563871267 and parameters: {'window_influence': 0.4236196515214025, 'penalty_k': 0.4657874157973265, 'scale_lr': 0.558796278225617}. Best is trial 1594 with value: 0.29992623191054274.
checkpoint_e32 window_influence: 0.43204609676059941, penalty_k: 0.57441323829788915, scale_lr: 0.49599489832183352, EAO: 0.250
Trial 1610 finished with value: 0.24967153546044496 and parameters: {'window_influence': 0.4320460967605994, 'penalty_k': 0.5744132382978892, 'scale_lr': 0.4959948983218335}. Best is trial 1594 with value: 0.29992623191054274.
checkpoint_e32 window_influence: 0.39256901757060114, penalty_k: 0.31952293126552378, scale_lr: 0.68744736661688977, EAO: 0.259
Trial 1611 finished with value: 0.25910956757824594 and parameters: {'window_influence': 0.39256901757060114, 'penalty_k': 0.3195229312655238, 'scale_lr': 0.6874473666168898}. Best is trial 1594 with value: 0.29992623191054274.
checkpoint_e32 window_influence: 0.27396158811929083, penalty_k: 0.51020457746672054, scale_lr: 0.11453004362351443, EAO: 0.251
Trial 1612 finished with value: 0.25142933985566707 and parameters: {'window_influence': 0.27396158811929083, 'penalty_k': 0.5102045774667205, 'scale_lr': 0.11453004362351443}. Best is trial 1594 with value: 0.29992623191054274.
checkpoint_e32 window_influence: 0.45698322693724630, penalty_k: 0.17597071906625178, scale_lr: 0.13949222100724470, EAO: 0.266
Trial 1613 finished with value: 0.2660863142672593 and parameters: {'window_influence': 0.4569832269372463, 'penalty_k': 0.17597071906625178, 'scale_lr': 0.1394922210072447}. Best is trial 1594 with value: 0.29992623191054274.
checkpoint_e32 window_influence: 0.54405772418687937, penalty_k: 0.03341505114582853, scale_lr: 0.46823552516391903, EAO: 0.245
Trial 1614 finished with value: 0.24533448271392808 and parameters: {'window_influence': 0.5440577241868794, 'penalty_k': 0.03341505114582853, 'scale_lr': 0.46823552516391903}. Best is trial 1594 with value: 0.29992623191054274.
checkpoint_e32 window_influence: 0.40694956055252818, penalty_k: 0.30586549229692983, scale_lr: 0.36027778567416746, EAO: 0.259
Trial 1615 finished with value: 0.2590052997314833 and parameters: {'window_influence': 0.4069495605525282, 'penalty_k': 0.30586549229692983, 'scale_lr': 0.36027778567416746}. Best is trial 1594 with value: 0.29992623191054274.
checkpoint_e32 window_influence: 0.37665452445624054, penalty_k: 0.44785805626266117, scale_lr: 0.16089507517075038, EAO: 0.252
Trial 1616 finished with value: 0.25206703492781013 and parameters: {'window_influence': 0.37665452445624054, 'penalty_k': 0.4478580562626612, 'scale_lr': 0.16089507517075038}. Best is trial 1594 with value: 0.29992623191054274.
checkpoint_e32 window_influence: 0.22229137624639325, penalty_k: 0.38258400741261539, scale_lr: 0.12636563788029115, EAO: 0.238
Trial 1617 finished with value: 0.23805105855794456 and parameters: {'window_influence': 0.22229137624639325, 'penalty_k': 0.3825840074126154, 'scale_lr': 0.12636563788029115}. Best is trial 1594 with value: 0.29992623191054274.
checkpoint_e32 window_influence: 0.44277455962116113, penalty_k: 0.12072584139011615, scale_lr: 0.14668308317342818, EAO: 0.268
Trial 1618 finished with value: 0.26847841742077494 and parameters: {'window_influence': 0.44277455962116113, 'penalty_k': 0.12072584139011615, 'scale_lr': 0.14668308317342818}. Best is trial 1594 with value: 0.29992623191054274.
checkpoint_e32 window_influence: 0.10942784537112923, penalty_k: 0.36719352536667582, scale_lr: 0.11724616173138155, EAO: 0.236
Trial 1619 finished with value: 0.23582595477743848 and parameters: {'window_influence': 0.10942784537112923, 'penalty_k': 0.3671935253666758, 'scale_lr': 0.11724616173138155}. Best is trial 1594 with value: 0.29992623191054274.
checkpoint_e32 window_influence: 0.52209356347393721, penalty_k: 0.13390307894984946, scale_lr: 0.13525959180327429, EAO: 0.249
Trial 1620 finished with value: 0.2490247642485107 and parameters: {'window_influence': 0.5220935634739372, 'penalty_k': 0.13390307894984946, 'scale_lr': 0.1352595918032743}. Best is trial 1594 with value: 0.29992623191054274.
checkpoint_e32 window_influence: 0.10400876130728628, penalty_k: 0.16093969293747867, scale_lr: 0.21015949042156135, EAO: 0.243
Trial 1621 finished with value: 0.2432221579479008 and parameters: {'window_influence': 0.10400876130728628, 'penalty_k': 0.16093969293747867, 'scale_lr': 0.21015949042156135}. Best is trial 1594 with value: 0.29992623191054274.
checkpoint_e32 window_influence: 0.20553915063553460, penalty_k: 0.14643641566808668, scale_lr: 0.70787574677987886, EAO: 0.262
Trial 1622 finished with value: 0.2624907392433019 and parameters: {'window_influence': 0.2055391506355346, 'penalty_k': 0.14643641566808668, 'scale_lr': 0.7078757467798789}. Best is trial 1594 with value: 0.29992623191054274.
checkpoint_e32 window_influence: 0.42507895835401222, penalty_k: 0.01269919152785588, scale_lr: 0.16730649793183472, EAO: 0.255
Trial 1623 finished with value: 0.2553067904541163 and parameters: {'window_influence': 0.4250789583540122, 'penalty_k': 0.012699191527855883, 'scale_lr': 0.16730649793183472}. Best is trial 1594 with value: 0.29992623191054274.
checkpoint_e32 window_influence: 0.40115198347919029, penalty_k: 0.19370891687663014, scale_lr: 0.32118497697833953, EAO: 0.255
Trial 1624 finished with value: 0.2548813728418777 and parameters: {'window_influence': 0.4011519834791903, 'penalty_k': 0.19370891687663014, 'scale_lr': 0.32118497697833953}. Best is trial 1594 with value: 0.29992623191054274.
checkpoint_e32 window_influence: 0.36646025689300460, penalty_k: 0.55562133537552005, scale_lr: 0.11469196249218405, EAO: 0.253
Trial 1625 finished with value: 0.2530628351297805 and parameters: {'window_influence': 0.3664602568930046, 'penalty_k': 0.55562133537552, 'scale_lr': 0.11469196249218405}. Best is trial 1594 with value: 0.29992623191054274.
checkpoint_e32 window_influence: 0.23379549613001896, penalty_k: 0.29239470538556406, scale_lr: 0.51566133933563640, EAO: 0.253
Trial 1626 finished with value: 0.25266124453486466 and parameters: {'window_influence': 0.23379549613001896, 'penalty_k': 0.29239470538556406, 'scale_lr': 0.5156613393356364}. Best is trial 1594 with value: 0.29992623191054274.
checkpoint_e32 window_influence: 0.63937717455913834, penalty_k: 0.23563648264512566, scale_lr: 0.13136636301210153, EAO: 0.221
Trial 1627 finished with value: 0.2207300404949886 and parameters: {'window_influence': 0.6393771745591383, 'penalty_k': 0.23563648264512566, 'scale_lr': 0.13136636301210153}. Best is trial 1594 with value: 0.29992623191054274.
checkpoint_e32 window_influence: 0.24575573987400057, penalty_k: 0.27185508863861008, scale_lr: 0.54139257664688922, EAO: 0.271
Trial 1628 finished with value: 0.27121243704625264 and parameters: {'window_influence': 0.24575573987400057, 'penalty_k': 0.2718550886386101, 'scale_lr': 0.5413925766468892}. Best is trial 1594 with value: 0.29992623191054274.
checkpoint_e32 window_influence: 0.38788020735163270, penalty_k: 0.10163466122649942, scale_lr: 0.77566540860304478, EAO: 0.271
Trial 1629 finished with value: 0.2714918135869794 and parameters: {'window_influence': 0.3878802073516327, 'penalty_k': 0.10163466122649942, 'scale_lr': 0.7756654086030448}. Best is trial 1594 with value: 0.29992623191054274.
checkpoint_e32 window_influence: 0.19032448791184373, penalty_k: 0.12777786728700308, scale_lr: 0.75094831006437435, EAO: 0.253
Trial 1630 finished with value: 0.2528054533087141 and parameters: {'window_influence': 0.19032448791184373, 'penalty_k': 0.12777786728700308, 'scale_lr': 0.7509483100643743}. Best is trial 1594 with value: 0.29992623191054274.
checkpoint_e32 window_influence: 0.48014698040144060, penalty_k: 0.16775981274832855, scale_lr: 0.18091201969916951, EAO: 0.264
Trial 1631 finished with value: 0.26388300912893886 and parameters: {'window_influence': 0.4801469804014406, 'penalty_k': 0.16775981274832855, 'scale_lr': 0.1809120196991695}. Best is trial 1594 with value: 0.29992623191054274.
checkpoint_e32 window_influence: 0.41543288508958426, penalty_k: 0.18280152569227617, scale_lr: 0.14925534501043647, EAO: 0.272
Trial 1632 finished with value: 0.27156684075186893 and parameters: {'window_influence': 0.41543288508958426, 'penalty_k': 0.18280152569227617, 'scale_lr': 0.14925534501043647}. Best is trial 1594 with value: 0.29992623191054274.
checkpoint_e32 window_influence: 0.49296311779449986, penalty_k: 0.11784630083652506, scale_lr: 0.22805400595012199, EAO: 0.265
Trial 1633 finished with value: 0.2654688417669234 and parameters: {'window_influence': 0.49296311779449986, 'penalty_k': 0.11784630083652506, 'scale_lr': 0.22805400595012199}. Best is trial 1594 with value: 0.29992623191054274.
checkpoint_e32 window_influence: 0.43117488265944853, penalty_k: 0.49473855339882011, scale_lr: 0.11145803915739434, EAO: 0.242
Trial 1634 finished with value: 0.2422127582556833 and parameters: {'window_influence': 0.43117488265944853, 'penalty_k': 0.4947385533988201, 'scale_lr': 0.11145803915739434}. Best is trial 1594 with value: 0.29992623191054274.
checkpoint_e32 window_influence: 0.46840599274620054, penalty_k: 0.52573587451541803, scale_lr: 0.58109390315586140, EAO: 0.252
Trial 1635 finished with value: 0.25161927914231774 and parameters: {'window_influence': 0.46840599274620054, 'penalty_k': 0.525735874515418, 'scale_lr': 0.5810939031558614}. Best is trial 1594 with value: 0.29992623191054274.
checkpoint_e32 window_influence: 0.40842629820837378, penalty_k: 0.13818982854551007, scale_lr: 0.12766442882542894, EAO: 0.275
Trial 1636 finished with value: 0.2746475821103507 and parameters: {'window_influence': 0.4084262982083738, 'penalty_k': 0.13818982854551007, 'scale_lr': 0.12766442882542894}. Best is trial 1594 with value: 0.29992623191054274.
checkpoint_e32 window_influence: 0.44551622576146166, penalty_k: 0.15528534158455276, scale_lr: 0.15023613171731509, EAO: 0.261
Trial 1637 finished with value: 0.26087441416533014 and parameters: {'window_influence': 0.44551622576146166, 'penalty_k': 0.15528534158455276, 'scale_lr': 0.1502361317173151}. Best is trial 1594 with value: 0.29992623191054274.
checkpoint_e32 window_influence: 0.62958944666417371, penalty_k: 0.08972054107659727, scale_lr: 0.66949322388458943, EAO: 0.215
Trial 1638 finished with value: 0.21497953755826485 and parameters: {'window_influence': 0.6295894466641737, 'penalty_k': 0.08972054107659727, 'scale_lr': 0.6694932238845894}. Best is trial 1594 with value: 0.29992623191054274.
checkpoint_e32 window_influence: 0.39581321904845046, penalty_k: 0.14640086604285166, scale_lr: 0.16315423546580066, EAO: 0.282
Trial 1639 finished with value: 0.2821158684971856 and parameters: {'window_influence': 0.39581321904845046, 'penalty_k': 0.14640086604285166, 'scale_lr': 0.16315423546580066}. Best is trial 1594 with value: 0.29992623191054274.
checkpoint_e32 window_influence: 0.42112766792783674, penalty_k: 0.05096428700292159, scale_lr: 0.60931977676035376, EAO: 0.272
Trial 1640 finished with value: 0.2720683151023175 and parameters: {'window_influence': 0.42112766792783674, 'penalty_k': 0.05096428700292159, 'scale_lr': 0.6093197767603538}. Best is trial 1594 with value: 0.29992623191054274.
checkpoint_e32 window_influence: 0.39645923411827966, penalty_k: 0.43566760053780695, scale_lr: 0.11130239085642679, EAO: 0.263
Trial 1641 finished with value: 0.2630661366795137 and parameters: {'window_influence': 0.39645923411827966, 'penalty_k': 0.43566760053780695, 'scale_lr': 0.11130239085642679}. Best is trial 1594 with value: 0.29992623191054274.
checkpoint_e32 window_influence: 0.43065540156927801, penalty_k: 0.16913353226258165, scale_lr: 0.27093677192257359, EAO: 0.267
Trial 1642 finished with value: 0.26730361284036946 and parameters: {'window_influence': 0.430655401569278, 'penalty_k': 0.16913353226258165, 'scale_lr': 0.2709367719225736}. Best is trial 1594 with value: 0.29992623191054274.
checkpoint_e32 window_influence: 0.40608185560941273, penalty_k: 0.37752974216952034, scale_lr: 0.13672493404407954, EAO: 0.252
Trial 1643 finished with value: 0.2518524018123867 and parameters: {'window_influence': 0.40608185560941273, 'penalty_k': 0.37752974216952034, 'scale_lr': 0.13672493404407954}. Best is trial 1594 with value: 0.29992623191054274.
checkpoint_e32 window_influence: 0.07157231555853211, penalty_k: 0.15374781913238930, scale_lr: 0.16239411304392348, EAO: 0.242
Trial 1644 finished with value: 0.24165222478833626 and parameters: {'window_influence': 0.0715723155585321, 'penalty_k': 0.1537478191323893, 'scale_lr': 0.16239411304392348}. Best is trial 1594 with value: 0.29992623191054274.
checkpoint_e32 window_influence: 0.59365067062459653, penalty_k: 0.11049308739184449, scale_lr: 0.12718248914168212, EAO: 0.242
Trial 1645 finished with value: 0.242225374148144 and parameters: {'window_influence': 0.5936506706245965, 'penalty_k': 0.11049308739184449, 'scale_lr': 0.12718248914168212}. Best is trial 1594 with value: 0.29992623191054274.
checkpoint_e32 window_influence: 0.41771466857450762, penalty_k: 0.13115465474353541, scale_lr: 0.11146250079148939, EAO: 0.281
Trial 1646 finished with value: 0.2811136874483853 and parameters: {'window_influence': 0.4177146685745076, 'penalty_k': 0.1311546547435354, 'scale_lr': 0.1114625007914894}. Best is trial 1594 with value: 0.29992623191054274.
checkpoint_e32 window_influence: 0.38157996447288872, penalty_k: 0.39021633149533569, scale_lr: 0.24802894182885749, EAO: 0.261
Trial 1647 finished with value: 0.2613111132892167 and parameters: {'window_influence': 0.3815799644728887, 'penalty_k': 0.3902163314953357, 'scale_lr': 0.24802894182885749}. Best is trial 1594 with value: 0.29992623191054274.
checkpoint_e32 window_influence: 0.43851942950008632, penalty_k: 0.17678625212449292, scale_lr: 0.63458956113297937, EAO: 0.265
Trial 1648 finished with value: 0.264973470411165 and parameters: {'window_influence': 0.4385194295000863, 'penalty_k': 0.17678625212449292, 'scale_lr': 0.6345895611329794}. Best is trial 1594 with value: 0.29992623191054274.
checkpoint_e32 window_influence: 0.35331520080629303, penalty_k: 0.14713745566852074, scale_lr: 0.37390646609590972, EAO: 0.273
Trial 1649 finished with value: 0.2725162756273417 and parameters: {'window_influence': 0.35331520080629303, 'penalty_k': 0.14713745566852074, 'scale_lr': 0.3739064660959097}. Best is trial 1594 with value: 0.29992623191054274.
checkpoint_e32 window_influence: 0.45584890448440807, penalty_k: 0.45526149796650128, scale_lr: 0.38890239520074510, EAO: 0.256
Trial 1650 finished with value: 0.25617395432257073 and parameters: {'window_influence': 0.45584890448440807, 'penalty_k': 0.4552614979665013, 'scale_lr': 0.3889023952007451}. Best is trial 1594 with value: 0.29992623191054274.
checkpoint_e32 window_influence: 0.52205224056204058, penalty_k: 0.24731278049868666, scale_lr: 0.43964836884354819, EAO: 0.251
Trial 1651 finished with value: 0.2506719201924355 and parameters: {'window_influence': 0.5220522405620406, 'penalty_k': 0.24731278049868666, 'scale_lr': 0.4396483688435482}. Best is trial 1594 with value: 0.29992623191054274.
checkpoint_e32 window_influence: 0.39727528256696870, penalty_k: 0.16258497770820723, scale_lr: 0.14158150371131353, EAO: 0.270
Trial 1652 finished with value: 0.27026456012958433 and parameters: {'window_influence': 0.3972752825669687, 'penalty_k': 0.16258497770820723, 'scale_lr': 0.14158150371131353}. Best is trial 1594 with value: 0.29992623191054274.
checkpoint_e32 window_influence: 0.25775847549448500, penalty_k: 0.21803203822634890, scale_lr: 0.12299328851798312, EAO: 0.263
Trial 1653 finished with value: 0.2630067898975155 and parameters: {'window_influence': 0.257758475494485, 'penalty_k': 0.2180320382263489, 'scale_lr': 0.12299328851798312}. Best is trial 1594 with value: 0.29992623191054274.
checkpoint_e32 window_influence: 0.41198397885519733, penalty_k: 0.19184742326691967, scale_lr: 0.42652957387930990, EAO: 0.266
Trial 1654 finished with value: 0.26567570344219366 and parameters: {'window_influence': 0.41198397885519733, 'penalty_k': 0.19184742326691967, 'scale_lr': 0.4265295738793099}. Best is trial 1594 with value: 0.29992623191054274.
checkpoint_e32 window_influence: 0.42489084176488434, penalty_k: 0.12140228444441126, scale_lr: 0.47665696266150914, EAO: 0.268
Trial 1655 finished with value: 0.26831484513311854 and parameters: {'window_influence': 0.42489084176488434, 'penalty_k': 0.12140228444441126, 'scale_lr': 0.47665696266150914}. Best is trial 1594 with value: 0.29992623191054274.
checkpoint_e32 window_influence: 0.37645746651188761, penalty_k: 0.31034805432403212, scale_lr: 0.20445554860591844, EAO: 0.267
Trial 1656 finished with value: 0.2668601657316937 and parameters: {'window_influence': 0.3764574665118876, 'penalty_k': 0.3103480543240321, 'scale_lr': 0.20445554860591844}. Best is trial 1594 with value: 0.29992623191054274.
checkpoint_e32 window_influence: 0.40227198005776155, penalty_k: 0.20616405470795190, scale_lr: 0.16024714662875383, EAO: 0.260
Trial 1657 finished with value: 0.2599329050721192 and parameters: {'window_influence': 0.40227198005776155, 'penalty_k': 0.2061640547079519, 'scale_lr': 0.16024714662875383}. Best is trial 1594 with value: 0.29992623191054274.
checkpoint_e32 window_influence: 0.38695728977958310, penalty_k: 0.47084412838475831, scale_lr: 0.14094812824907058, EAO: 0.255
Trial 1658 finished with value: 0.2548007565300639 and parameters: {'window_influence': 0.3869572897795831, 'penalty_k': 0.4708441283847583, 'scale_lr': 0.14094812824907058}. Best is trial 1594 with value: 0.29992623191054274.
checkpoint_e32 window_influence: 0.20241640263938301, penalty_k: 0.13894587883533388, scale_lr: 0.65476087010379502, EAO: 0.261
Trial 1659 finished with value: 0.2607651965889504 and parameters: {'window_influence': 0.20241640263938301, 'penalty_k': 0.13894587883533388, 'scale_lr': 0.654760870103795}. Best is trial 1594 with value: 0.29992623191054274.
checkpoint_e32 window_influence: 0.11889099749623347, penalty_k: 0.02400555810530863, scale_lr: 0.68804689690537968, EAO: 0.236
Trial 1660 finished with value: 0.23632138688874438 and parameters: {'window_influence': 0.11889099749623347, 'penalty_k': 0.024005558105308633, 'scale_lr': 0.6880468969053797}. Best is trial 1594 with value: 0.29992623191054274.
checkpoint_e32 window_influence: 0.54086508043077597, penalty_k: 0.03781383495117496, scale_lr: 0.11190777221504231, EAO: 0.254
Trial 1661 finished with value: 0.25386075063691876 and parameters: {'window_influence': 0.540865080430776, 'penalty_k': 0.03781383495117496, 'scale_lr': 0.1119077722150423}. Best is trial 1594 with value: 0.29992623191054274.
checkpoint_e32 window_influence: 0.06785417814641648, penalty_k: 0.51934539738839924, scale_lr: 0.23920499605096548, EAO: 0.223
Trial 1662 finished with value: 0.22320592573018577 and parameters: {'window_influence': 0.06785417814641648, 'penalty_k': 0.5193453973883992, 'scale_lr': 0.23920499605096548}. Best is trial 1594 with value: 0.29992623191054274.
checkpoint_e32 window_influence: 0.13518152750238502, penalty_k: 0.47602307078552797, scale_lr: 0.10067938345128023, EAO: 0.233
