Trial 23 finished with value: 0.2524828571614211 and parameters: {'window_influence': 0.3401915043808604, 'penalty_k': 0.1508430315929966, 'scale_lr': 0.5609028832259878}. Best is trial 15 with value: 0.268644418597706.
checkpoint_e16 window_influence: 0.35131552139218641, penalty_k: 0.09018778887970244, scale_lr: 0.36222663324854060, EAO: 0.258
Trial 18 finished with value: 0.2577002690574987 and parameters: {'window_influence': 0.3513155213921864, 'penalty_k': 0.09018778887970244, 'scale_lr': 0.3622266332485406}. Best is trial 14 with value: 0.26288465386241433.
checkpoint_e16 window_influence: 0.39563443286759709, penalty_k: 0.07611893034987940, scale_lr: 0.73744145454994636, EAO: 0.249
Trial 20 finished with value: 0.2492965654871328 and parameters: {'window_influence': 0.3956344328675971, 'penalty_k': 0.0761189303498794, 'scale_lr': 0.7374414545499464}. Best is trial 5 with value: 0.25779982583551875.
checkpoint_e16 window_influence: 0.43979367605757980, penalty_k: 0.07999366839343897, scale_lr: 0.37051276352622192, EAO: 0.265
Trial 24 finished with value: 0.26530060898966906 and parameters: {'window_influence': 0.4397936760575798, 'penalty_k': 0.07999366839343897, 'scale_lr': 0.3705127635262219}. Best is trial 15 with value: 0.268644418597706.
checkpoint_e16 window_influence: 0.46436356463066020, penalty_k: 0.14305752867035593, scale_lr: 0.44102346194283265, EAO: 0.260
Trial 19 finished with value: 0.2604175691561001 and parameters: {'window_influence': 0.4643635646306602, 'penalty_k': 0.14305752867035593, 'scale_lr': 0.44102346194283265}. Best is trial 14 with value: 0.26288465386241433.
checkpoint_e16 window_influence: 0.49268766422327698, penalty_k: 0.15785580024722906, scale_lr: 0.62527889006854631, EAO: 0.251
Trial 21 finished with value: 0.25073406269879844 and parameters: {'window_influence': 0.492687664223277, 'penalty_k': 0.15785580024722906, 'scale_lr': 0.6252788900685463}. Best is trial 5 with value: 0.25779982583551875.
checkpoint_e16 window_influence: 0.50089533547065590, penalty_k: 0.03607808573231547, scale_lr: 0.43385704471981984, EAO: 0.255
Trial 25 finished with value: 0.25508905008314103 and parameters: {'window_influence': 0.5008953354706559, 'penalty_k': 0.03607808573231547, 'scale_lr': 0.43385704471981984}. Best is trial 15 with value: 0.268644418597706.
checkpoint_e16 window_influence: 0.50471915611127549, penalty_k: 0.25281590961726785, scale_lr: 0.48657614792522541, EAO: 0.237
Trial 20 finished with value: 0.23676245380950167 and parameters: {'window_influence': 0.5047191561112755, 'penalty_k': 0.25281590961726785, 'scale_lr': 0.4865761479252254}. Best is trial 14 with value: 0.26288465386241433.
checkpoint_e16 window_influence: 0.45558750714394242, penalty_k: 0.08371136334871995, scale_lr: 0.72456306684562188, EAO: 0.250
Trial 22 finished with value: 0.25034988180893225 and parameters: {'window_influence': 0.4555875071439424, 'penalty_k': 0.08371136334871995, 'scale_lr': 0.7245630668456219}. Best is trial 5 with value: 0.25779982583551875.
checkpoint_e16 window_influence: 0.37592071350033024, penalty_k: 0.17692383742330875, scale_lr: 0.10752468716326957, EAO: 0.249
Trial 26 finished with value: 0.24876295799404624 and parameters: {'window_influence': 0.37592071350033024, 'penalty_k': 0.17692383742330875, 'scale_lr': 0.10752468716326957}. Best is trial 15 with value: 0.268644418597706.
checkpoint_e16 window_influence: 0.46710598843865053, penalty_k: 0.14200780211559783, scale_lr: 0.43461047829277094, EAO: 0.256
Trial 21 finished with value: 0.2559997055952142 and parameters: {'window_influence': 0.46710598843865053, 'penalty_k': 0.14200780211559783, 'scale_lr': 0.43461047829277094}. Best is trial 14 with value: 0.26288465386241433.
checkpoint_e16 window_influence: 0.42925319171749088, penalty_k: 0.19048288599528529, scale_lr: 0.61650787640011828, EAO: 0.244
Trial 23 finished with value: 0.2442993974782587 and parameters: {'window_influence': 0.4292531917174909, 'penalty_k': 0.1904828859952853, 'scale_lr': 0.6165078764001183}. Best is trial 5 with value: 0.25779982583551875.
checkpoint_e16 window_influence: 0.29952744133900455, penalty_k: 0.09113271729435513, scale_lr: 0.27631947005116464, EAO: 0.253
Trial 27 finished with value: 0.25294828530007263 and parameters: {'window_influence': 0.29952744133900455, 'penalty_k': 0.09113271729435513, 'scale_lr': 0.27631947005116464}. Best is trial 15 with value: 0.268644418597706.
checkpoint_e16 window_influence: 0.37115236397864260, penalty_k: 0.06192122607766527, scale_lr: 0.36080315218484166, EAO: 0.254
Trial 22 finished with value: 0.25370542529394957 and parameters: {'window_influence': 0.3711523639786426, 'penalty_k': 0.061921226077665266, 'scale_lr': 0.36080315218484166}. Best is trial 14 with value: 0.26288465386241433.
checkpoint_e16 window_influence: 0.36068136810300128, penalty_k: 0.25641614392172590, scale_lr: 0.50726683321039434, EAO: 0.246
Trial 24 finished with value: 0.24647517005602518 and parameters: {'window_influence': 0.3606813681030013, 'penalty_k': 0.2564161439217259, 'scale_lr': 0.5072668332103943}. Best is trial 5 with value: 0.25779982583551875.
checkpoint_e16 window_influence: 0.40689935379294040, penalty_k: 0.00086957659804838, scale_lr: 0.46718939871737353, EAO: 0.254
Trial 28 finished with value: 0.25429668041264136 and parameters: {'window_influence': 0.4068993537929404, 'penalty_k': 0.000869576598048382, 'scale_lr': 0.4671893987173735}. Best is trial 15 with value: 0.268644418597706.
checkpoint_e16 window_influence: 0.40649902212757488, penalty_k: 0.12767067937036664, scale_lr: 0.45097357078985389, EAO: 0.255
Trial 23 finished with value: 0.2548147736162674 and parameters: {'window_influence': 0.4064990221275749, 'penalty_k': 0.12767067937036664, 'scale_lr': 0.4509735707898539}. Best is trial 14 with value: 0.26288465386241433.
checkpoint_e16 window_influence: 0.48748400678204085, penalty_k: 0.17464909010351856, scale_lr: 0.73829963571999069, EAO: 0.252
Trial 25 finished with value: 0.25153689855724815 and parameters: {'window_influence': 0.48748400678204085, 'penalty_k': 0.17464909010351856, 'scale_lr': 0.7382996357199907}. Best is trial 5 with value: 0.25779982583551875.
checkpoint_e16 window_influence: 0.33854406096822587, penalty_k: 0.15808500027445310, scale_lr: 0.36737098185105088, EAO: 0.254
Trial 29 finished with value: 0.2540242216451381 and parameters: {'window_influence': 0.33854406096822587, 'penalty_k': 0.1580850002744531, 'scale_lr': 0.3673709818510509}. Best is trial 15 with value: 0.268644418597706.
checkpoint_e16 window_influence: 0.34286834302820135, penalty_k: 0.06157929562199951, scale_lr: 0.32849683734741192, EAO: 0.254
Trial 24 finished with value: 0.2538657845035801 and parameters: {'window_influence': 0.34286834302820135, 'penalty_k': 0.061579295621999514, 'scale_lr': 0.3284968373474119}. Best is trial 14 with value: 0.26288465386241433.
checkpoint_e16 window_influence: 0.42076810404566473, penalty_k: 0.30927146799901317, scale_lr: 0.68230662278247101, EAO: 0.245
Trial 26 finished with value: 0.2450264189543763 and parameters: {'window_influence': 0.4207681040456647, 'penalty_k': 0.30927146799901317, 'scale_lr': 0.682306622782471}. Best is trial 5 with value: 0.25779982583551875.
checkpoint_e16 window_influence: 0.23224572174482588, penalty_k: 0.09328493556508302, scale_lr: 0.60524707446048276, EAO: 0.248
Trial 30 finished with value: 0.248484057139575 and parameters: {'window_influence': 0.23224572174482588, 'penalty_k': 0.09328493556508302, 'scale_lr': 0.6052470744604828}. Best is trial 15 with value: 0.268644418597706.
checkpoint_e16 window_influence: 0.39669784237189720, penalty_k: 0.24402430139137185, scale_lr: 0.58947428281327718, EAO: 0.251
Trial 27 finished with value: 0.25118427281457234 and parameters: {'window_influence': 0.3966978423718972, 'penalty_k': 0.24402430139137185, 'scale_lr': 0.5894742828132772}. Best is trial 5 with value: 0.25779982583551875.
checkpoint_e16 window_influence: 0.44683335964510834, penalty_k: 0.11591751018726976, scale_lr: 0.50191833910398520, EAO: 0.253
Trial 31 finished with value: 0.2525163562438352 and parameters: {'window_influence': 0.44683335964510834, 'penalty_k': 0.11591751018726976, 'scale_lr': 0.5019183391039852}. Best is trial 15 with value: 0.268644418597706.
checkpoint_e16 window_influence: 0.27251175974729941, penalty_k: 0.00034602085677540, scale_lr: 0.40385074875301608, EAO: 0.250
Trial 25 finished with value: 0.2498620600719762 and parameters: {'window_influence': 0.2725117597472994, 'penalty_k': 0.0003460208567753987, 'scale_lr': 0.4038507487530161}. Best is trial 14 with value: 0.26288465386241433.
checkpoint_e16 window_influence: 0.54725230936961300, penalty_k: 0.10177426296021780, scale_lr: 0.51563147698432110, EAO: 0.246
Trial 28 finished with value: 0.24596862725126065 and parameters: {'window_influence': 0.547252309369613, 'penalty_k': 0.1017742629602178, 'scale_lr': 0.5156314769843211}. Best is trial 5 with value: 0.25779982583551875.
checkpoint_e16 window_influence: 0.49142850968303420, penalty_k: 0.05221597145932180, scale_lr: 0.50956864851813366, EAO: 0.248
Trial 32 finished with value: 0.24816846702156997 and parameters: {'window_influence': 0.4914285096830342, 'penalty_k': 0.0522159714593218, 'scale_lr': 0.5095686485181337}. Best is trial 15 with value: 0.268644418597706.
checkpoint_e16 window_influence: 0.49250825247999869, penalty_k: 0.16563078824680111, scale_lr: 0.46845900983821692, EAO: 0.255
Trial 26 finished with value: 0.2552053855686653 and parameters: {'window_influence': 0.4925082524799987, 'penalty_k': 0.1656307882468011, 'scale_lr': 0.4684590098382169}. Best is trial 14 with value: 0.26288465386241433.
checkpoint_e16 window_influence: 0.48447159507378856, penalty_k: 0.18961835836165239, scale_lr: 0.42044481501618419, EAO: 0.261
Trial 29 finished with value: 0.2605747532674937 and parameters: {'window_influence': 0.48447159507378856, 'penalty_k': 0.1896183583616524, 'scale_lr': 0.4204448150161842}. Best is trial 29 with value: 0.2605747532674937.
checkpoint_e16 window_influence: 0.42131716075386139, penalty_k: 0.03532179434076716, scale_lr: 0.42512222355423940, EAO: 0.257
Trial 33 finished with value: 0.25708654886338766 and parameters: {'window_influence': 0.4213171607538614, 'penalty_k': 0.03532179434076716, 'scale_lr': 0.4251222235542394}. Best is trial 15 with value: 0.268644418597706.
checkpoint_e16 window_influence: 0.55093181789225998, penalty_k: 0.09937121457316136, scale_lr: 0.54660670321902993, EAO: 0.228
Trial 27 finished with value: 0.22754765180795172 and parameters: {'window_influence': 0.55093181789226, 'penalty_k': 0.09937121457316136, 'scale_lr': 0.5466067032190299}. Best is trial 14 with value: 0.26288465386241433.
checkpoint_e16 window_influence: 0.53036634080738732, penalty_k: 0.15645013931858101, scale_lr: 0.43343383571041111, EAO: 0.234
Trial 30 finished with value: 0.23351212360752308 and parameters: {'window_influence': 0.5303663408073873, 'penalty_k': 0.156450139318581, 'scale_lr': 0.4334338357104111}. Best is trial 29 with value: 0.2605747532674937.
checkpoint_e16 window_influence: 0.37421331043857564, penalty_k: 0.12440664121410580, scale_lr: 0.61933174598685969, EAO: 0.252
Trial 34 finished with value: 0.2515829046203838 and parameters: {'window_influence': 0.37421331043857564, 'penalty_k': 0.1244066412141058, 'scale_lr': 0.6193317459868597}. Best is trial 15 with value: 0.268644418597706.
checkpoint_e16 window_influence: 0.44737859473513497, penalty_k: 0.05215229736335741, scale_lr: 0.50905820755010844, EAO: 0.271
Trial 28 finished with value: 0.2714521815864051 and parameters: {'window_influence': 0.44737859473513497, 'penalty_k': 0.05215229736335741, 'scale_lr': 0.5090582075501084}. Best is trial 28 with value: 0.2714521815864051.
checkpoint_e16 window_influence: 0.46106993393953660, penalty_k: 0.18602403546100832, scale_lr: 0.39599398645494743, EAO: 0.251
Trial 31 finished with value: 0.25143906564974206 and parameters: {'window_influence': 0.4610699339395366, 'penalty_k': 0.18602403546100832, 'scale_lr': 0.39599398645494743}. Best is trial 29 with value: 0.2605747532674937.
checkpoint_e16 window_influence: 0.48026390574183320, penalty_k: 0.07475881460701386, scale_lr: 0.46941352049017737, EAO: 0.261
Trial 35 finished with value: 0.2607405824753327 and parameters: {'window_influence': 0.4802639057418332, 'penalty_k': 0.07475881460701386, 'scale_lr': 0.46941352049017737}. Best is trial 15 with value: 0.268644418597706.
checkpoint_e16 window_influence: 0.36438002007033704, penalty_k: 0.03439502247444509, scale_lr: 0.48576720206192875, EAO: 0.258
Trial 29 finished with value: 0.25770902827503234 and parameters: {'window_influence': 0.36438002007033704, 'penalty_k': 0.03439502247444509, 'scale_lr': 0.48576720206192875}. Best is trial 28 with value: 0.2714521815864051.
checkpoint_e16 window_influence: 0.48729942811783494, penalty_k: 0.31373187655354762, scale_lr: 0.64603847085901289, EAO: 0.250
Trial 32 finished with value: 0.24989657921762 and parameters: {'window_influence': 0.48729942811783494, 'penalty_k': 0.3137318765535476, 'scale_lr': 0.6460384708590129}. Best is trial 29 with value: 0.2605747532674937.
checkpoint_e16 window_influence: 0.53953356500352745, penalty_k: 0.18056706654528162, scale_lr: 0.54019968364514470, EAO: 0.234
Trial 36 finished with value: 0.23411873600831845 and parameters: {'window_influence': 0.5395335650035274, 'penalty_k': 0.18056706654528162, 'scale_lr': 0.5401996836451447}. Best is trial 15 with value: 0.268644418597706.
checkpoint_e16 window_influence: 0.39649073236771026, penalty_k: 0.03945923735610322, scale_lr: 0.57839639521063113, EAO: 0.261
Trial 30 finished with value: 0.26142392779995755 and parameters: {'window_influence': 0.39649073236771026, 'penalty_k': 0.03945923735610322, 'scale_lr': 0.5783963952106311}. Best is trial 28 with value: 0.2714521815864051.
checkpoint_e16 window_influence: 0.54524167776935784, penalty_k: 0.12767376901465433, scale_lr: 0.50639688963553597, EAO: 0.236
Trial 33 finished with value: 0.23556193757832536 and parameters: {'window_influence': 0.5452416777693578, 'penalty_k': 0.12767376901465433, 'scale_lr': 0.506396889635536}. Best is trial 29 with value: 0.2605747532674937.
checkpoint_e16 window_influence: 0.42908398167866862, penalty_k: 0.13200678975621064, scale_lr: 0.49480054818853597, EAO: 0.256
Trial 37 finished with value: 0.25634374736043497 and parameters: {'window_influence': 0.4290839816786686, 'penalty_k': 0.13200678975621064, 'scale_lr': 0.49480054818853597}. Best is trial 15 with value: 0.268644418597706.
checkpoint_e16 window_influence: 0.39768747181494202, penalty_k: 0.05565380240250541, scale_lr: 0.60029171339000742, EAO: 0.265
Trial 31 finished with value: 0.2648664166529973 and parameters: {'window_influence': 0.397687471814942, 'penalty_k': 0.05565380240250541, 'scale_lr': 0.6002917133900074}. Best is trial 28 with value: 0.2714521815864051.
checkpoint_e16 window_influence: 0.41263544282297576, penalty_k: 0.20567832913990017, scale_lr: 0.45806336211177257, EAO: 0.252
Trial 34 finished with value: 0.25236134019082157 and parameters: {'window_influence': 0.41263544282297576, 'penalty_k': 0.20567832913990017, 'scale_lr': 0.45806336211177257}. Best is trial 29 with value: 0.2605747532674937.
checkpoint_e16 window_influence: 0.35696620232607690, penalty_k: 0.03007692606233227, scale_lr: 0.44946720188045391, EAO: 0.270
Trial 38 finished with value: 0.2704230081138572 and parameters: {'window_influence': 0.3569662023260769, 'penalty_k': 0.030076926062332268, 'scale_lr': 0.4494672018804539}. Best is trial 38 with value: 0.2704230081138572.
checkpoint_e16 window_influence: 0.44787092465653228, penalty_k: 0.06718020703155179, scale_lr: 0.53193583835840097, EAO: 0.259
Trial 32 finished with value: 0.2589744758315203 and parameters: {'window_influence': 0.4478709246565323, 'penalty_k': 0.0671802070315518, 'scale_lr': 0.531935838358401}. Best is trial 28 with value: 0.2714521815864051.
checkpoint_e16 window_influence: 0.33660067167710489, penalty_k: 0.26013430696118633, scale_lr: 0.58878570458636381, EAO: 0.242
Trial 35 finished with value: 0.24247738337371408 and parameters: {'window_influence': 0.3366006716771049, 'penalty_k': 0.26013430696118633, 'scale_lr': 0.5887857045863638}. Best is trial 29 with value: 0.2605747532674937.
checkpoint_e16 window_influence: 0.36900672833528952, penalty_k: 0.02241986895801708, scale_lr: 0.45774524182629878, EAO: 0.272
Trial 39 finished with value: 0.2718446838661907 and parameters: {'window_influence': 0.3690067283352895, 'penalty_k': 0.022419868958017085, 'scale_lr': 0.4577452418262988}. Best is trial 39 with value: 0.2718446838661907.
checkpoint_e16 window_influence: 0.37807515131843406, penalty_k: 0.22151995060569293, scale_lr: 0.38832812798041666, EAO: 0.240
Trial 36 finished with value: 0.23954499313017216 and parameters: {'window_influence': 0.37807515131843406, 'penalty_k': 0.22151995060569293, 'scale_lr': 0.38832812798041666}. Best is trial 29 with value: 0.2605747532674937.
checkpoint_e16 window_influence: 0.37293684855954401, penalty_k: 0.04797953079134813, scale_lr: 0.48894093725615018, EAO: 0.251
Trial 33 finished with value: 0.2506712326189367 and parameters: {'window_influence': 0.372936848559544, 'penalty_k': 0.04797953079134813, 'scale_lr': 0.4889409372561502}. Best is trial 28 with value: 0.2714521815864051.
checkpoint_e16 window_influence: 0.31611415233040219, penalty_k: 0.05637213067298266, scale_lr: 0.41126404448161902, EAO: 0.261
Trial 40 finished with value: 0.26141028966360946 and parameters: {'window_influence': 0.3161141523304022, 'penalty_k': 0.05637213067298266, 'scale_lr': 0.411264044481619}. Best is trial 39 with value: 0.2718446838661907.
checkpoint_e16 window_influence: 0.51498147095236424, penalty_k: 0.14781795390546310, scale_lr: 0.35407107515532954, EAO: 0.242
Trial 37 finished with value: 0.2415297658947425 and parameters: {'window_influence': 0.5149814709523642, 'penalty_k': 0.1478179539054631, 'scale_lr': 0.35407107515532954}. Best is trial 29 with value: 0.2605747532674937.
checkpoint_e16 window_influence: 0.37291524911407792, penalty_k: 0.02406416386508116, scale_lr: 0.39103909299803208, EAO: 0.260
Trial 41 finished with value: 0.26044553700016765 and parameters: {'window_influence': 0.3729152491140779, 'penalty_k': 0.02406416386508116, 'scale_lr': 0.3910390929980321}. Best is trial 39 with value: 0.2718446838661907.
checkpoint_e16 window_influence: 0.40990506447101632, penalty_k: 0.09306102805030356, scale_lr: 0.66067158581940977, EAO: 0.238
Trial 34 finished with value: 0.23779358454351504 and parameters: {'window_influence': 0.4099050644710163, 'penalty_k': 0.09306102805030356, 'scale_lr': 0.6606715858194098}. Best is trial 28 with value: 0.2714521815864051.
checkpoint_e16 window_influence: 0.57090585671955385, penalty_k: 0.12058135222347170, scale_lr: 0.69789737217326631, EAO: 0.235
Trial 38 finished with value: 0.23483948724541237 and parameters: {'window_influence': 0.5709058567195539, 'penalty_k': 0.1205813522234717, 'scale_lr': 0.6978973721732663}. Best is trial 29 with value: 0.2605747532674937.
checkpoint_e16 window_influence: 0.39076348935892502, penalty_k: 0.02874573456406827, scale_lr: 0.44041524366633233, EAO: 0.274
Trial 42 finished with value: 0.27393498453425197 and parameters: {'window_influence': 0.390763489358925, 'penalty_k': 0.028745734564068273, 'scale_lr': 0.44041524366633233}. Best is trial 42 with value: 0.27393498453425197.
checkpoint_e16 window_influence: 0.53666149105503935, penalty_k: 0.11223217285810595, scale_lr: 0.44725535374126191, EAO: 0.240
Trial 35 finished with value: 0.24011450133672574 and parameters: {'window_influence': 0.5366614910550394, 'penalty_k': 0.11223217285810595, 'scale_lr': 0.4472553537412619}. Best is trial 28 with value: 0.2714521815864051.
checkpoint_e16 window_influence: 0.44512016399521137, penalty_k: 0.19009809130040373, scale_lr: 0.63392101957070002, EAO: 0.240
Trial 39 finished with value: 0.23976003287768946 and parameters: {'window_influence': 0.44512016399521137, 'penalty_k': 0.19009809130040373, 'scale_lr': 0.6339210195707}. Best is trial 29 with value: 0.2605747532674937.
checkpoint_e16 window_influence: 0.34331833012481239, penalty_k: 0.02296385595994963, scale_lr: 0.45027263813704049, EAO: 0.266
Trial 43 finished with value: 0.2659241818194467 and parameters: {'window_influence': 0.3433183301248124, 'penalty_k': 0.022963855959949632, 'scale_lr': 0.4502726381370405}. Best is trial 42 with value: 0.27393498453425197.
checkpoint_e16 window_influence: 0.43569545399786280, penalty_k: 0.02684857219812682, scale_lr: 0.41797640840488393, EAO: 0.270
Trial 36 finished with value: 0.27003143739894153 and parameters: {'window_influence': 0.4356954539978628, 'penalty_k': 0.026848572198126818, 'scale_lr': 0.4179764084048839}. Best is trial 28 with value: 0.2714521815864051.
checkpoint_e16 window_influence: 0.38844181486526363, penalty_k: 0.06071330976805382, scale_lr: 0.34589863733112608, EAO: 0.264
Trial 44 finished with value: 0.26389433631325154 and parameters: {'window_influence': 0.38844181486526363, 'penalty_k': 0.06071330976805382, 'scale_lr': 0.3458986373311261}. Best is trial 42 with value: 0.27393498453425197.
checkpoint_e16 window_influence: 0.48070206212464239, penalty_k: 0.29065192671241358, scale_lr: 0.66313316140205791, EAO: 0.247
Trial 40 finished with value: 0.24694342154070614 and parameters: {'window_influence': 0.4807020621246424, 'penalty_k': 0.2906519267124136, 'scale_lr': 0.6631331614020579}. Best is trial 29 with value: 0.2605747532674937.
checkpoint_e16 window_influence: 0.43181705423464234, penalty_k: 0.02425729552408461, scale_lr: 0.61489672616034075, EAO: 0.264
