Trial 1478 finished with value: 0.2660644840055365 and parameters: {'window_influence': 0.358497189391529, 'penalty_k': 0.13766676193145808, 'scale_lr': 0.15075078127073788}. Best is trial 977 with value: 0.2897923603896203.
checkpoint_e32 window_influence: 0.22897756318450702, penalty_k: 0.50796537905404315, scale_lr: 0.31407533904522955, EAO: 0.242
Trial 1479 finished with value: 0.24151411519302585 and parameters: {'window_influence': 0.22897756318450702, 'penalty_k': 0.5079653790540432, 'scale_lr': 0.31407533904522955}. Best is trial 977 with value: 0.2897923603896203.
checkpoint_e32 window_influence: 0.43669742873867784, penalty_k: 0.10984177659801350, scale_lr: 0.61747717688861692, EAO: 0.263
Trial 1480 finished with value: 0.2627473202178149 and parameters: {'window_influence': 0.43669742873867784, 'penalty_k': 0.1098417765980135, 'scale_lr': 0.6174771768886169}. Best is trial 977 with value: 0.2897923603896203.
checkpoint_e32 window_influence: 0.39095807767131796, penalty_k: 0.15580710369839962, scale_lr: 0.56147118669373963, EAO: 0.264
Trial 1481 finished with value: 0.264367862506126 and parameters: {'window_influence': 0.39095807767131796, 'penalty_k': 0.15580710369839962, 'scale_lr': 0.5614711866937396}. Best is trial 977 with value: 0.2897923603896203.
checkpoint_e32 window_influence: 0.47175312651607265, penalty_k: 0.01382331019528336, scale_lr: 0.37556736594155316, EAO: 0.261
Trial 1482 finished with value: 0.26144280211954585 and parameters: {'window_influence': 0.47175312651607265, 'penalty_k': 0.013823310195283359, 'scale_lr': 0.37556736594155316}. Best is trial 977 with value: 0.2897923603896203.
checkpoint_e32 window_influence: 0.42531137882726550, penalty_k: 0.28371836842136589, scale_lr: 0.31600545273080172, EAO: 0.266
Trial 1483 finished with value: 0.2655218790580587 and parameters: {'window_influence': 0.4253113788272655, 'penalty_k': 0.2837183684213659, 'scale_lr': 0.3160054527308017}. Best is trial 977 with value: 0.2897923603896203.
checkpoint_e32 window_influence: 0.37335156342450171, penalty_k: 0.11964989988974301, scale_lr: 0.19158678803938001, EAO: 0.268
Trial 1484 finished with value: 0.26806372228434416 and parameters: {'window_influence': 0.3733515634245017, 'penalty_k': 0.119649899889743, 'scale_lr': 0.19158678803938}. Best is trial 977 with value: 0.2897923603896203.
checkpoint_e32 window_influence: 0.40901638487757513, penalty_k: 0.17579703683775330, scale_lr: 0.11409084135475485, EAO: 0.275
Trial 1485 finished with value: 0.27481730318650965 and parameters: {'window_influence': 0.40901638487757513, 'penalty_k': 0.1757970368377533, 'scale_lr': 0.11409084135475485}. Best is trial 977 with value: 0.2897923603896203.
checkpoint_e32 window_influence: 0.44217219974655469, penalty_k: 0.12847025600495721, scale_lr: 0.46556796675599565, EAO: 0.264
Trial 1486 finished with value: 0.26352960501259903 and parameters: {'window_influence': 0.4421721997465547, 'penalty_k': 0.1284702560049572, 'scale_lr': 0.46556796675599565}. Best is trial 977 with value: 0.2897923603896203.
checkpoint_e32 window_influence: 0.57285195022591540, penalty_k: 0.52489393964419295, scale_lr: 0.17243388033054835, EAO: 0.220
Trial 1487 finished with value: 0.21974239516548993 and parameters: {'window_influence': 0.5728519502259154, 'penalty_k': 0.524893939644193, 'scale_lr': 0.17243388033054835}. Best is trial 977 with value: 0.2897923603896203.
checkpoint_e32 window_influence: 0.07994080977970963, penalty_k: 0.40096125337947086, scale_lr: 0.13244952261052453, EAO: 0.234
Trial 1488 finished with value: 0.2337255812272793 and parameters: {'window_influence': 0.07994080977970963, 'penalty_k': 0.40096125337947086, 'scale_lr': 0.13244952261052453}. Best is trial 977 with value: 0.2897923603896203.
checkpoint_e32 window_influence: 0.39056032085175474, penalty_k: 0.54727228856263321, scale_lr: 0.50709971456770919, EAO: 0.261
Trial 1489 finished with value: 0.26124989235304236 and parameters: {'window_influence': 0.39056032085175474, 'penalty_k': 0.5472722885626332, 'scale_lr': 0.5070997145677092}. Best is trial 977 with value: 0.2897923603896203.
checkpoint_e32 window_influence: 0.41722815514304901, penalty_k: 0.45395873619362531, scale_lr: 0.10002231277538255, EAO: 0.263
Trial 1490 finished with value: 0.2633488054682569 and parameters: {'window_influence': 0.417228155143049, 'penalty_k': 0.4539587361936253, 'scale_lr': 0.10002231277538255}. Best is trial 977 with value: 0.2897923603896203.
checkpoint_e32 window_influence: 0.42544998443659066, penalty_k: 0.30267153652159301, scale_lr: 0.60427223247696082, EAO: 0.252
Trial 1491 finished with value: 0.25171600924274784 and parameters: {'window_influence': 0.42544998443659066, 'penalty_k': 0.302671536521593, 'scale_lr': 0.6042722324769608}. Best is trial 977 with value: 0.2897923603896203.
checkpoint_e32 window_influence: 0.40039754603681244, penalty_k: 0.14383956548837740, scale_lr: 0.23218455249153078, EAO: 0.266
Trial 1492 finished with value: 0.2655334442369337 and parameters: {'window_influence': 0.40039754603681244, 'penalty_k': 0.1438395654883774, 'scale_lr': 0.23218455249153078}. Best is trial 977 with value: 0.2897923603896203.
checkpoint_e32 window_influence: 0.38299082960529701, penalty_k: 0.46563976893381342, scale_lr: 0.14347388753632226, EAO: 0.252
Trial 1493 finished with value: 0.25225686790739615 and parameters: {'window_influence': 0.382990829605297, 'penalty_k': 0.4656397689338134, 'scale_lr': 0.14347388753632226}. Best is trial 977 with value: 0.2897923603896203.
checkpoint_e32 window_influence: 0.64994776346432781, penalty_k: 0.18809627350832811, scale_lr: 0.12592714118257592, EAO: 0.215
Trial 1494 finished with value: 0.21525431006419948 and parameters: {'window_influence': 0.6499477634643278, 'penalty_k': 0.1880962735083281, 'scale_lr': 0.12592714118257592}. Best is trial 977 with value: 0.2897923603896203.
checkpoint_e32 window_influence: 0.45294673193391838, penalty_k: 0.58695291951296158, scale_lr: 0.16246914397338913, EAO: 0.247
Trial 1495 finished with value: 0.24663148693195203 and parameters: {'window_influence': 0.4529467319339184, 'penalty_k': 0.5869529195129616, 'scale_lr': 0.16246914397338913}. Best is trial 977 with value: 0.2897923603896203.
checkpoint_e32 window_influence: 0.18238936370200509, penalty_k: 0.44070815822445497, scale_lr: 0.11066831486955793, EAO: 0.241
Trial 1496 finished with value: 0.24074026124506462 and parameters: {'window_influence': 0.1823893637020051, 'penalty_k': 0.44070815822445497, 'scale_lr': 0.11066831486955793}. Best is trial 977 with value: 0.2897923603896203.
checkpoint_e32 window_influence: 0.51349957148383263, penalty_k: 0.16098604078472833, scale_lr: 0.14010696444477136, EAO: 0.259
Trial 1497 finished with value: 0.25875078626279907 and parameters: {'window_influence': 0.5134995714838326, 'penalty_k': 0.16098604078472833, 'scale_lr': 0.14010696444477136}. Best is trial 977 with value: 0.2897923603896203.
checkpoint_e32 window_influence: 0.41165847513506515, penalty_k: 0.04612441776350897, scale_lr: 0.42091794475572936, EAO: 0.258
Trial 1498 finished with value: 0.2575053238287205 and parameters: {'window_influence': 0.41165847513506515, 'penalty_k': 0.046124417763508965, 'scale_lr': 0.42091794475572936}. Best is trial 977 with value: 0.2897923603896203.
checkpoint_e32 window_influence: 0.59585214239097106, penalty_k: 0.10861377386887484, scale_lr: 0.10008458889125312, EAO: 0.238
Trial 1499 finished with value: 0.23821077653305317 and parameters: {'window_influence': 0.5958521423909711, 'penalty_k': 0.10861377386887484, 'scale_lr': 0.10008458889125312}. Best is trial 977 with value: 0.2897923603896203.
checkpoint_e32 window_influence: 0.43508890315093390, penalty_k: 0.09749189258623274, scale_lr: 0.15449119443747406, EAO: 0.267
Trial 1500 finished with value: 0.26655216860335046 and parameters: {'window_influence': 0.4350889031509339, 'penalty_k': 0.09749189258623274, 'scale_lr': 0.15449119443747406}. Best is trial 977 with value: 0.2897923603896203.
checkpoint_e32 window_influence: 0.52705387188430941, penalty_k: 0.20788145148822820, scale_lr: 0.58751626844292593, EAO: 0.249
Trial 1501 finished with value: 0.2491045692344991 and parameters: {'window_influence': 0.5270538718843094, 'penalty_k': 0.2078814514882282, 'scale_lr': 0.5875162684429259}. Best is trial 977 with value: 0.2897923603896203.
checkpoint_e32 window_influence: 0.36899901043919958, penalty_k: 0.13372856642012443, scale_lr: 0.67836646136908452, EAO: 0.268
Trial 1502 finished with value: 0.2679367656024491 and parameters: {'window_influence': 0.3689990104391996, 'penalty_k': 0.13372856642012443, 'scale_lr': 0.6783664613690845}. Best is trial 977 with value: 0.2897923603896203.
checkpoint_e32 window_influence: 0.40103356922847266, penalty_k: 0.15099126114709283, scale_lr: 0.27231115702610442, EAO: 0.268
Trial 1503 finished with value: 0.2676972522725904 and parameters: {'window_influence': 0.40103356922847266, 'penalty_k': 0.15099126114709283, 'scale_lr': 0.2723111570261044}. Best is trial 977 with value: 0.2897923603896203.
checkpoint_e32 window_influence: 0.07819830232894320, penalty_k: 0.49499415851136080, scale_lr: 0.12442235131122897, EAO: 0.221
Trial 1504 finished with value: 0.22066591643705602 and parameters: {'window_influence': 0.0781983023289432, 'penalty_k': 0.4949941585113608, 'scale_lr': 0.12442235131122897}. Best is trial 977 with value: 0.2897923603896203.
checkpoint_e32 window_influence: 0.42386806585628578, penalty_k: 0.12315517057667577, scale_lr: 0.18258725024598163, EAO: 0.270
Trial 1505 finished with value: 0.2697049440528319 and parameters: {'window_influence': 0.4238680658562858, 'penalty_k': 0.12315517057667577, 'scale_lr': 0.18258725024598163}. Best is trial 977 with value: 0.2897923603896203.
checkpoint_e32 window_influence: 0.60882507801106067, penalty_k: 0.41721548318387608, scale_lr: 0.13425415022378501, EAO: 0.216
Trial 1506 finished with value: 0.21609168663257505 and parameters: {'window_influence': 0.6088250780110607, 'penalty_k': 0.4172154831838761, 'scale_lr': 0.134254150223785}. Best is trial 977 with value: 0.2897923603896203.
checkpoint_e32 window_influence: 0.24742758385824010, penalty_k: 0.24486829694598888, scale_lr: 0.11528984627563485, EAO: 0.246
Trial 1507 finished with value: 0.2460382858185264 and parameters: {'window_influence': 0.2474275838582401, 'penalty_k': 0.24486829694598888, 'scale_lr': 0.11528984627563485}. Best is trial 977 with value: 0.2897923603896203.
checkpoint_e32 window_influence: 0.38487595365861299, penalty_k: 0.16841945269360212, scale_lr: 0.15289549758364152, EAO: 0.273
Trial 1508 finished with value: 0.27317026590670995 and parameters: {'window_influence': 0.384875953658613, 'penalty_k': 0.16841945269360212, 'scale_lr': 0.15289549758364152}. Best is trial 977 with value: 0.2897923603896203.
checkpoint_e32 window_influence: 0.41464789826353388, penalty_k: 0.02102129305546570, scale_lr: 0.25202714177459784, EAO: 0.275
Trial 1509 finished with value: 0.2752543865907483 and parameters: {'window_influence': 0.4146478982635339, 'penalty_k': 0.021021293055465705, 'scale_lr': 0.25202714177459784}. Best is trial 977 with value: 0.2897923603896203.
checkpoint_e32 window_influence: 0.55341139545991835, penalty_k: 0.22627180660895541, scale_lr: 0.12297664096325822, EAO: 0.235
Trial 1510 finished with value: 0.23508112847320434 and parameters: {'window_influence': 0.5534113954599184, 'penalty_k': 0.2262718066089554, 'scale_lr': 0.12297664096325822}. Best is trial 977 with value: 0.2897923603896203.
checkpoint_e32 window_influence: 0.19884328454175207, penalty_k: 0.14027747526843160, scale_lr: 0.20533957105871897, EAO: 0.251
Trial 1511 finished with value: 0.2505552623330093 and parameters: {'window_influence': 0.19884328454175207, 'penalty_k': 0.1402774752684316, 'scale_lr': 0.20533957105871897}. Best is trial 977 with value: 0.2897923603896203.
checkpoint_e32 window_influence: 0.44378704779166933, penalty_k: 0.37961214193875858, scale_lr: 0.14139072482653539, EAO: 0.256
Trial 1512 finished with value: 0.2564151352498589 and parameters: {'window_influence': 0.44378704779166933, 'penalty_k': 0.3796121419387586, 'scale_lr': 0.1413907248265354}. Best is trial 977 with value: 0.2897923603896203.
checkpoint_e32 window_influence: 0.57280154663847127, penalty_k: 0.18018474618432620, scale_lr: 0.49345757020466763, EAO: 0.229
Trial 1513 finished with value: 0.22943436996481284 and parameters: {'window_influence': 0.5728015466384713, 'penalty_k': 0.1801847461843262, 'scale_lr': 0.49345757020466763}. Best is trial 977 with value: 0.2897923603896203.
checkpoint_e32 window_influence: 0.35700805336097091, penalty_k: 0.15773607918160665, scale_lr: 0.65430261676838486, EAO: 0.257
Trial 1514 finished with value: 0.25739951528669375 and parameters: {'window_influence': 0.3570080533609709, 'penalty_k': 0.15773607918160665, 'scale_lr': 0.6543026167683849}. Best is trial 977 with value: 0.2897923603896203.
checkpoint_e32 window_influence: 0.39450516594205348, penalty_k: 0.11239966116701539, scale_lr: 0.63810941942247690, EAO: 0.256
Trial 1515 finished with value: 0.2563854062218007 and parameters: {'window_influence': 0.3945051659420535, 'penalty_k': 0.11239966116701539, 'scale_lr': 0.6381094194224769}. Best is trial 977 with value: 0.2897923603896203.
checkpoint_e32 window_influence: 0.17131222642462707, penalty_k: 0.19502263570174855, scale_lr: 0.77239759252584173, EAO: 0.254
Trial 1516 finished with value: 0.2544966140777115 and parameters: {'window_influence': 0.17131222642462707, 'penalty_k': 0.19502263570174855, 'scale_lr': 0.7723975925258417}. Best is trial 977 with value: 0.2897923603896203.
checkpoint_e32 window_influence: 0.57911863347049963, penalty_k: 0.52136228905902293, scale_lr: 0.72610957585663294, EAO: 0.215
Trial 1517 finished with value: 0.21513444754650923 and parameters: {'window_influence': 0.5791186334704996, 'penalty_k': 0.5213622890590229, 'scale_lr': 0.7261095758566329}. Best is trial 977 with value: 0.2897923603896203.
checkpoint_e32 window_influence: 0.15925113868352714, penalty_k: 0.34913450025392390, scale_lr: 0.17316023174030906, EAO: 0.251
Trial 1518 finished with value: 0.251317473991615 and parameters: {'window_influence': 0.15925113868352714, 'penalty_k': 0.3491345002539239, 'scale_lr': 0.17316023174030906}. Best is trial 977 with value: 0.2897923603896203.
checkpoint_e32 window_influence: 0.40658469106361950, penalty_k: 0.59919840023708915, scale_lr: 0.11620397450227021, EAO: 0.250
Trial 1519 finished with value: 0.2496208456473622 and parameters: {'window_influence': 0.4065846910636195, 'penalty_k': 0.5991984002370891, 'scale_lr': 0.11620397450227021}. Best is trial 977 with value: 0.2897923603896203.
checkpoint_e32 window_influence: 0.47792391822099001, penalty_k: 0.33980661056342154, scale_lr: 0.56919691860727317, EAO: 0.249
Trial 1520 finished with value: 0.24883081745810626 and parameters: {'window_influence': 0.47792391822099, 'penalty_k': 0.33980661056342154, 'scale_lr': 0.5691969186072732}. Best is trial 977 with value: 0.2897923603896203.
checkpoint_e32 window_influence: 0.51213522048540394, penalty_k: 0.43455404731097047, scale_lr: 0.39835891756246966, EAO: 0.244
Trial 1521 finished with value: 0.24410674690715667 and parameters: {'window_influence': 0.5121352204854039, 'penalty_k': 0.43455404731097047, 'scale_lr': 0.39835891756246966}. Best is trial 977 with value: 0.2897923603896203.
checkpoint_e32 window_influence: 0.42994633411243177, penalty_k: 0.48405764747896673, scale_lr: 0.39097782284329263, EAO: 0.254
Trial 1522 finished with value: 0.25387642908144775 and parameters: {'window_influence': 0.42994633411243177, 'penalty_k': 0.48405764747896673, 'scale_lr': 0.39097782284329263}. Best is trial 977 with value: 0.2897923603896203.
checkpoint_e32 window_influence: 0.37462755003865433, penalty_k: 0.14616301334283124, scale_lr: 0.22910533761937391, EAO: 0.260
Trial 1523 finished with value: 0.26024558007474835 and parameters: {'window_influence': 0.37462755003865433, 'penalty_k': 0.14616301334283124, 'scale_lr': 0.2291053376193739}. Best is trial 977 with value: 0.2897923603896203.
checkpoint_e32 window_influence: 0.45727880811518934, penalty_k: 0.33008892286175417, scale_lr: 0.16251587321210298, EAO: 0.249
Trial 1524 finished with value: 0.24909949114894478 and parameters: {'window_influence': 0.45727880811518934, 'penalty_k': 0.3300889228617542, 'scale_lr': 0.16251587321210298}. Best is trial 977 with value: 0.2897923603896203.
checkpoint_e32 window_influence: 0.41916876255836122, penalty_k: 0.13025979944655469, scale_lr: 0.32783887605469764, EAO: 0.259
Trial 1525 finished with value: 0.25857944435220426 and parameters: {'window_influence': 0.4191687625583612, 'penalty_k': 0.1302597994465547, 'scale_lr': 0.32783887605469764}. Best is trial 977 with value: 0.2897923603896203.
checkpoint_e32 window_influence: 0.21303586911169881, penalty_k: 0.09641978757805630, scale_lr: 0.13310835886721992, EAO: 0.250
Trial 1526 finished with value: 0.24978635884155104 and parameters: {'window_influence': 0.2130358691116988, 'penalty_k': 0.0964197875780563, 'scale_lr': 0.13310835886721992}. Best is trial 977 with value: 0.2897923603896203.
checkpoint_e32 window_influence: 0.39275206485052416, penalty_k: 0.15415776518247140, scale_lr: 0.37082661283217183, EAO: 0.267
Trial 1527 finished with value: 0.26706298852596827 and parameters: {'window_influence': 0.39275206485052416, 'penalty_k': 0.1541577651824714, 'scale_lr': 0.37082661283217183}. Best is trial 977 with value: 0.2897923603896203.
checkpoint_e32 window_influence: 0.40458181173165220, penalty_k: 0.26505108130333793, scale_lr: 0.34631095319127103, EAO: 0.261
Trial 1528 finished with value: 0.2614590116148073 and parameters: {'window_influence': 0.4045818117316522, 'penalty_k': 0.26505108130333793, 'scale_lr': 0.34631095319127103}. Best is trial 977 with value: 0.2897923603896203.
checkpoint_e32 window_influence: 0.50603876605814224, penalty_k: 0.16799972836220384, scale_lr: 0.61046785379136659, EAO: 0.248
Trial 1529 finished with value: 0.247529777024335 and parameters: {'window_influence': 0.5060387660581422, 'penalty_k': 0.16799972836220384, 'scale_lr': 0.6104678537913666}. Best is trial 977 with value: 0.2897923603896203.
checkpoint_e32 window_influence: 0.43536382317176947, penalty_k: 0.30940803241342241, scale_lr: 0.11172814543800028, EAO: 0.256
Trial 1530 finished with value: 0.2563358442933579 and parameters: {'window_influence': 0.43536382317176947, 'penalty_k': 0.3094080324134224, 'scale_lr': 0.11172814543800028}. Best is trial 977 with value: 0.2897923603896203.
checkpoint_e32 window_influence: 0.16169852427488601, penalty_k: 0.02741297351179934, scale_lr: 0.51738346625390363, EAO: 0.253
Trial 1531 finished with value: 0.25273155402846453 and parameters: {'window_influence': 0.161698524274886, 'penalty_k': 0.027412973511799336, 'scale_lr': 0.5173834662539036}. Best is trial 977 with value: 0.2897923603896203.
checkpoint_e32 window_influence: 0.38305204488491862, penalty_k: 0.14124584564826576, scale_lr: 0.73689405311682976, EAO: 0.266
Trial 1532 finished with value: 0.2662882524413791 and parameters: {'window_influence': 0.3830520448849186, 'penalty_k': 0.14124584564826576, 'scale_lr': 0.7368940531168298}. Best is trial 977 with value: 0.2897923603896203.
checkpoint_e32 window_influence: 0.52207337711272794, penalty_k: 0.11710934685033855, scale_lr: 0.19281027969039330, EAO: 0.254
Trial 1533 finished with value: 0.2539483902415609 and parameters: {'window_influence': 0.5220733771127279, 'penalty_k': 0.11710934685033855, 'scale_lr': 0.1928102796903933}. Best is trial 977 with value: 0.2897923603896203.
checkpoint_e32 window_influence: 0.41593554393366633, penalty_k: 0.23254180409271286, scale_lr: 0.46886394362531669, EAO: 0.256
Trial 1534 finished with value: 0.25562909094056463 and parameters: {'window_influence': 0.41593554393366633, 'penalty_k': 0.23254180409271286, 'scale_lr': 0.4688639436253167}. Best is trial 977 with value: 0.2897923603896203.
checkpoint_e32 window_influence: 0.13193518016925548, penalty_k: 0.13034813386639904, scale_lr: 0.14313381202851849, EAO: 0.239
Trial 1535 finished with value: 0.23920738618306028 and parameters: {'window_influence': 0.13193518016925548, 'penalty_k': 0.13034813386639904, 'scale_lr': 0.1431338120285185}. Best is trial 977 with value: 0.2897923603896203.
checkpoint_e32 window_influence: 0.26475961506201662, penalty_k: 0.16085123349157412, scale_lr: 0.12693995757868493, EAO: 0.261
Trial 1536 finished with value: 0.26078802565249 and parameters: {'window_influence': 0.2647596150620166, 'penalty_k': 0.16085123349157412, 'scale_lr': 0.12693995757868493}. Best is trial 977 with value: 0.2897923603896203.
checkpoint_e32 window_influence: 0.36561722364265481, penalty_k: 0.04708758620369577, scale_lr: 0.15687330266939634, EAO: 0.269
Trial 1537 finished with value: 0.26864444627994444 and parameters: {'window_influence': 0.3656172236426548, 'penalty_k': 0.04708758620369577, 'scale_lr': 0.15687330266939634}. Best is trial 977 with value: 0.2897923603896203.
checkpoint_e32 window_influence: 0.44701048527467213, penalty_k: 0.17686904557624306, scale_lr: 0.28597371624584889, EAO: 0.272
Trial 1538 finished with value: 0.27223477149155084 and parameters: {'window_influence': 0.44701048527467213, 'penalty_k': 0.17686904557624306, 'scale_lr': 0.2859737162458489}. Best is trial 977 with value: 0.2897923603896203.
checkpoint_e32 window_influence: 0.42568424135144423, penalty_k: 0.14017689077906662, scale_lr: 0.44122203880937244, EAO: 0.257
Trial 1539 finished with value: 0.25727342293272176 and parameters: {'window_influence': 0.4256842413514442, 'penalty_k': 0.14017689077906662, 'scale_lr': 0.44122203880937244}. Best is trial 977 with value: 0.2897923603896203.
checkpoint_e32 window_influence: 0.09164039719132594, penalty_k: 0.31852666105992083, scale_lr: 0.10945830874978332, EAO: 0.239
