Trial 371 finished with value: 0.26690162342738327 and parameters: {'window_influence': 0.35418999348914165, 'penalty_k': 0.08102189067128748, 'scale_lr': 0.26573419210352456}. Best is trial 172 with value: 0.2898540811810067.
checkpoint_e30 window_influence: 0.36642530758228309, penalty_k: 0.01316910157297722, scale_lr: 0.46854459565153350, EAO: 0.265
Trial 372 finished with value: 0.2647154959357851 and parameters: {'window_influence': 0.3664253075822831, 'penalty_k': 0.013169101572977224, 'scale_lr': 0.4685445956515335}. Best is trial 172 with value: 0.2898540811810067.
checkpoint_e30 window_influence: 0.05620144009593464, penalty_k: 0.09929205425116633, scale_lr: 0.43930792913145628, EAO: 0.242
Trial 373 finished with value: 0.241783465735796 and parameters: {'window_influence': 0.05620144009593464, 'penalty_k': 0.09929205425116633, 'scale_lr': 0.4393079291314563}. Best is trial 172 with value: 0.2898540811810067.
checkpoint_e30 window_influence: 0.33669279677339226, penalty_k: 0.17174590710519497, scale_lr: 0.32126593254174340, EAO: 0.271
Trial 374 finished with value: 0.271234320370647 and parameters: {'window_influence': 0.33669279677339226, 'penalty_k': 0.17174590710519497, 'scale_lr': 0.3212659325417434}. Best is trial 172 with value: 0.2898540811810067.
checkpoint_e30 window_influence: 0.30020757648670116, penalty_k: 0.08905535561815081, scale_lr: 0.32952323823310659, EAO: 0.267
Trial 375 finished with value: 0.26721796738665277 and parameters: {'window_influence': 0.30020757648670116, 'penalty_k': 0.08905535561815081, 'scale_lr': 0.3295232382331066}. Best is trial 172 with value: 0.2898540811810067.
checkpoint_e30 window_influence: 0.11423984771568754, penalty_k: 0.12890804283927340, scale_lr: 0.25088556851275279, EAO: 0.257
Trial 376 finished with value: 0.2572876032653863 and parameters: {'window_influence': 0.11423984771568754, 'penalty_k': 0.1289080428392734, 'scale_lr': 0.2508855685127528}. Best is trial 172 with value: 0.2898540811810067.
checkpoint_e30 window_influence: 0.32419708930157615, penalty_k: 0.11015634099754565, scale_lr: 0.29122944394146189, EAO: 0.257
Trial 377 finished with value: 0.25709901532021967 and parameters: {'window_influence': 0.32419708930157615, 'penalty_k': 0.11015634099754565, 'scale_lr': 0.2912294439414619}. Best is trial 172 with value: 0.2898540811810067.
checkpoint_e30 window_influence: 0.38066550288555756, penalty_k: 0.15616835963081160, scale_lr: 0.48152568888743441, EAO: 0.264
Trial 378 finished with value: 0.26368286945228653 and parameters: {'window_influence': 0.38066550288555756, 'penalty_k': 0.1561683596308116, 'scale_lr': 0.4815256888874344}. Best is trial 172 with value: 0.2898540811810067.
checkpoint_e30 window_influence: 0.07347581638042955, penalty_k: 0.21477309130366945, scale_lr: 0.28020062216139147, EAO: 0.242
Trial 379 finished with value: 0.24237118406993588 and parameters: {'window_influence': 0.07347581638042955, 'penalty_k': 0.21477309130366945, 'scale_lr': 0.28020062216139147}. Best is trial 172 with value: 0.2898540811810067.
checkpoint_e30 window_influence: 0.63601199942922482, penalty_k: 0.06025976436149216, scale_lr: 0.23604707118034834, EAO: 0.224
Trial 380 finished with value: 0.22388035277040993 and parameters: {'window_influence': 0.6360119994292248, 'penalty_k': 0.060259764361492156, 'scale_lr': 0.23604707118034834}. Best is trial 172 with value: 0.2898540811810067.
checkpoint_e30 window_influence: 0.40198633394536781, penalty_k: 0.19147543272648127, scale_lr: 0.68537695730661119, EAO: 0.269
Trial 381 finished with value: 0.2693276543442796 and parameters: {'window_influence': 0.4019863339453678, 'penalty_k': 0.19147543272648127, 'scale_lr': 0.6853769573066112}. Best is trial 172 with value: 0.2898540811810067.
checkpoint_e30 window_influence: 0.34955215565203018, penalty_k: 0.54896195644210377, scale_lr: 0.46903243801870087, EAO: 0.242
Trial 382 finished with value: 0.24153268161585661 and parameters: {'window_influence': 0.3495521556520302, 'penalty_k': 0.5489619564421038, 'scale_lr': 0.46903243801870087}. Best is trial 172 with value: 0.2898540811810067.
checkpoint_e30 window_influence: 0.28070757202497543, penalty_k: 0.07489461432696499, scale_lr: 0.77870180662524446, EAO: 0.266
Trial 383 finished with value: 0.26629999710050056 and parameters: {'window_influence': 0.2807075720249754, 'penalty_k': 0.074894614326965, 'scale_lr': 0.7787018066252445}. Best is trial 172 with value: 0.2898540811810067.
checkpoint_e30 window_influence: 0.32995082758346422, penalty_k: 0.28174981774279018, scale_lr: 0.20926073831161177, EAO: 0.266
Trial 384 finished with value: 0.266167438854047 and parameters: {'window_influence': 0.3299508275834642, 'penalty_k': 0.2817498177427902, 'scale_lr': 0.20926073831161177}. Best is trial 172 with value: 0.2898540811810067.
checkpoint_e30 window_influence: 0.36749811783029235, penalty_k: 0.10295569653599310, scale_lr: 0.54951913482087500, EAO: 0.272
Trial 385 finished with value: 0.27219815213021226 and parameters: {'window_influence': 0.36749811783029235, 'penalty_k': 0.1029556965359931, 'scale_lr': 0.549519134820875}. Best is trial 172 with value: 0.2898540811810067.
checkpoint_e30 window_influence: 0.56553390454920294, penalty_k: 0.20479742582141119, scale_lr: 0.45123067608976236, EAO: 0.236
Trial 386 finished with value: 0.23591309204334165 and parameters: {'window_influence': 0.5655339045492029, 'penalty_k': 0.2047974258214112, 'scale_lr': 0.45123067608976236}. Best is trial 172 with value: 0.2898540811810067.
checkpoint_e30 window_influence: 0.30915842017182205, penalty_k: 0.12286501615906716, scale_lr: 0.27131129326929210, EAO: 0.269
Trial 387 finished with value: 0.26874608952340073 and parameters: {'window_influence': 0.30915842017182205, 'penalty_k': 0.12286501615906716, 'scale_lr': 0.2713112932692921}. Best is trial 172 with value: 0.2898540811810067.
checkpoint_e30 window_influence: 0.40950412550274412, penalty_k: 0.46912877038705791, scale_lr: 0.51376428205815683, EAO: 0.244
Trial 388 finished with value: 0.2444741180757197 and parameters: {'window_influence': 0.4095041255027441, 'penalty_k': 0.4691287703870579, 'scale_lr': 0.5137642820581568}. Best is trial 172 with value: 0.2898540811810067.
checkpoint_e30 window_influence: 0.38849397067584002, penalty_k: 0.08908841975486741, scale_lr: 0.48809970202219233, EAO: 0.280
Trial 389 finished with value: 0.2796833824699487 and parameters: {'window_influence': 0.38849397067584, 'penalty_k': 0.0890884197548674, 'scale_lr': 0.4880997020221923}. Best is trial 172 with value: 0.2898540811810067.
checkpoint_e30 window_influence: 0.38985768157714284, penalty_k: 0.08941700155086363, scale_lr: 0.33838986269321825, EAO: 0.263
Trial 390 finished with value: 0.26291266053430434 and parameters: {'window_influence': 0.38985768157714284, 'penalty_k': 0.08941700155086363, 'scale_lr': 0.33838986269321825}. Best is trial 172 with value: 0.2898540811810067.
checkpoint_e30 window_influence: 0.38014255908702993, penalty_k: 0.26905178858803280, scale_lr: 0.22613397387298390, EAO: 0.270
Trial 391 finished with value: 0.27034008339410875 and parameters: {'window_influence': 0.38014255908702993, 'penalty_k': 0.2690517885880328, 'scale_lr': 0.2261339738729839}. Best is trial 172 with value: 0.2898540811810067.
checkpoint_e30 window_influence: 0.49039053223841411, penalty_k: 0.07559349657262210, scale_lr: 0.30787453732074888, EAO: 0.249
Trial 392 finished with value: 0.24935511360323526 and parameters: {'window_influence': 0.4903905322384141, 'penalty_k': 0.0755934965726221, 'scale_lr': 0.3078745373207489}. Best is trial 172 with value: 0.2898540811810067.
checkpoint_e30 window_influence: 0.39401369322600827, penalty_k: 0.30879130162574120, scale_lr: 0.18766232597154475, EAO: 0.257
Trial 393 finished with value: 0.25739690564512235 and parameters: {'window_influence': 0.39401369322600827, 'penalty_k': 0.3087913016257412, 'scale_lr': 0.18766232597154475}. Best is trial 172 with value: 0.2898540811810067.
checkpoint_e30 window_influence: 0.41294518544611802, penalty_k: 0.08706175388646581, scale_lr: 0.48886842155976573, EAO: 0.261
Trial 394 finished with value: 0.2608026109211813 and parameters: {'window_influence': 0.412945185446118, 'penalty_k': 0.08706175388646581, 'scale_lr': 0.48886842155976573}. Best is trial 172 with value: 0.2898540811810067.
checkpoint_e30 window_influence: 0.42519212796692152, penalty_k: 0.05516412148302394, scale_lr: 0.47625711151887873, EAO: 0.261
Trial 395 finished with value: 0.26145009787344353 and parameters: {'window_influence': 0.4251921279669215, 'penalty_k': 0.05516412148302394, 'scale_lr': 0.47625711151887873}. Best is trial 172 with value: 0.2898540811810067.
checkpoint_e30 window_influence: 0.37779662502142741, penalty_k: 0.37086462632976291, scale_lr: 0.25639828396522835, EAO: 0.253
Trial 396 finished with value: 0.2525065715720014 and parameters: {'window_influence': 0.3777966250214274, 'penalty_k': 0.3708646263297629, 'scale_lr': 0.25639828396522835}. Best is trial 172 with value: 0.2898540811810067.
checkpoint_e30 window_influence: 0.53077542091733798, penalty_k: 0.23895451534695966, scale_lr: 0.57171015219789945, EAO: 0.243
Trial 397 finished with value: 0.24316767173084786 and parameters: {'window_influence': 0.530775420917338, 'penalty_k': 0.23895451534695966, 'scale_lr': 0.5717101521978994}. Best is trial 172 with value: 0.2898540811810067.
checkpoint_e30 window_influence: 0.36420342778580062, penalty_k: 0.09751307108095313, scale_lr: 0.28865280142531841, EAO: 0.287
Trial 398 finished with value: 0.287384530998827 and parameters: {'window_influence': 0.3642034277858006, 'penalty_k': 0.09751307108095313, 'scale_lr': 0.2886528014253184}. Best is trial 172 with value: 0.2898540811810067.
checkpoint_e30 window_influence: 0.35977427070022794, penalty_k: 0.07052274917636518, scale_lr: 0.28927532032748732, EAO: 0.261
Trial 399 finished with value: 0.2606756652031488 and parameters: {'window_influence': 0.35977427070022794, 'penalty_k': 0.07052274917636518, 'scale_lr': 0.2892753203274873}. Best is trial 172 with value: 0.2898540811810067.
checkpoint_e30 window_influence: 0.36703182798610290, penalty_k: 0.09860078106923391, scale_lr: 0.29901159372324987, EAO: 0.279
Trial 400 finished with value: 0.27936409607650786 and parameters: {'window_influence': 0.3670318279861029, 'penalty_k': 0.09860078106923391, 'scale_lr': 0.29901159372324987}. Best is trial 172 with value: 0.2898540811810067.
checkpoint_e30 window_influence: 0.34166425743825946, penalty_k: 0.08327650385223977, scale_lr: 0.27598834783056303, EAO: 0.269
Trial 401 finished with value: 0.2691244553865456 and parameters: {'window_influence': 0.34166425743825946, 'penalty_k': 0.08327650385223977, 'scale_lr': 0.27598834783056303}. Best is trial 172 with value: 0.2898540811810067.
checkpoint_e30 window_influence: 0.35803494786889395, penalty_k: 0.06430860667060592, scale_lr: 0.45994991314035377, EAO: 0.257
Trial 402 finished with value: 0.257495281415257 and parameters: {'window_influence': 0.35803494786889395, 'penalty_k': 0.06430860667060592, 'scale_lr': 0.45994991314035377}. Best is trial 172 with value: 0.2898540811810067.
checkpoint_e30 window_influence: 0.34999119392047240, penalty_k: 0.09420061203605076, scale_lr: 0.43558461175276764, EAO: 0.271
Trial 403 finished with value: 0.27122242918344047 and parameters: {'window_influence': 0.3499911939204724, 'penalty_k': 0.09420061203605076, 'scale_lr': 0.43558461175276764}. Best is trial 172 with value: 0.2898540811810067.
checkpoint_e30 window_influence: 0.37065772765853455, penalty_k: 0.08019879855959815, scale_lr: 0.52713086070559023, EAO: 0.274
Trial 404 finished with value: 0.2742057647404632 and parameters: {'window_influence': 0.37065772765853455, 'penalty_k': 0.08019879855959815, 'scale_lr': 0.5271308607055902}. Best is trial 172 with value: 0.2898540811810067.
checkpoint_e30 window_influence: 0.47336381623220858, penalty_k: 0.10159351512800881, scale_lr: 0.54015358439225492, EAO: 0.256
Trial 405 finished with value: 0.2560267395726064 and parameters: {'window_influence': 0.4733638162322086, 'penalty_k': 0.10159351512800881, 'scale_lr': 0.5401535843922549}. Best is trial 172 with value: 0.2898540811810067.
checkpoint_e30 window_influence: 0.33993517617679653, penalty_k: 0.08995211489972926, scale_lr: 0.30854289493719572, EAO: 0.270
Trial 406 finished with value: 0.26992320657018726 and parameters: {'window_influence': 0.3399351761767965, 'penalty_k': 0.08995211489972926, 'scale_lr': 0.3085428949371957}. Best is trial 172 with value: 0.2898540811810067.
checkpoint_e30 window_influence: 0.31991512045222009, penalty_k: 0.07272123159639515, scale_lr: 0.48852274872119927, EAO: 0.283
Trial 407 finished with value: 0.28283961292931703 and parameters: {'window_influence': 0.3199151204522201, 'penalty_k': 0.07272123159639515, 'scale_lr': 0.4885227487211993}. Best is trial 172 with value: 0.2898540811810067.
checkpoint_e30 window_influence: 0.31192871542333539, penalty_k: 0.43681476634007510, scale_lr: 0.29587128618956443, EAO: 0.259
Trial 408 finished with value: 0.25891073350983906 and parameters: {'window_influence': 0.3119287154233354, 'penalty_k': 0.4368147663400751, 'scale_lr': 0.29587128618956443}. Best is trial 172 with value: 0.2898540811810067.
checkpoint_e30 window_influence: 0.29363861248941181, penalty_k: 0.06012250457883857, scale_lr: 0.60312545278690133, EAO: 0.269
Trial 409 finished with value: 0.2685994307200114 and parameters: {'window_influence': 0.2936386124894118, 'penalty_k': 0.060122504578838575, 'scale_lr': 0.6031254527869013}. Best is trial 172 with value: 0.2898540811810067.
checkpoint_e30 window_influence: 0.32448517920838760, penalty_k: 0.22677882628189588, scale_lr: 0.26827643101140419, EAO: 0.269
Trial 410 finished with value: 0.26853901747523284 and parameters: {'window_influence': 0.3244851792083876, 'penalty_k': 0.22677882628189588, 'scale_lr': 0.2682764310114042}. Best is trial 172 with value: 0.2898540811810067.
checkpoint_e30 window_influence: 0.31733814243386765, penalty_k: 0.28880494721854055, scale_lr: 0.50876359097352342, EAO: 0.260
Trial 411 finished with value: 0.25955906013647717 and parameters: {'window_influence': 0.31733814243386765, 'penalty_k': 0.28880494721854055, 'scale_lr': 0.5087635909735234}. Best is trial 172 with value: 0.2898540811810067.
checkpoint_e30 window_influence: 0.33725000090745944, penalty_k: 0.32485772829509557, scale_lr: 0.31748074361336953, EAO: 0.272
Trial 412 finished with value: 0.27152468936472407 and parameters: {'window_influence': 0.33725000090745944, 'penalty_k': 0.32485772829509557, 'scale_lr': 0.31748074361336953}. Best is trial 172 with value: 0.2898540811810067.
checkpoint_e30 window_influence: 0.30382409036068969, penalty_k: 0.07042505109319716, scale_lr: 0.48190605858612656, EAO: 0.265
Trial 413 finished with value: 0.265194226874084 and parameters: {'window_influence': 0.3038240903606897, 'penalty_k': 0.07042505109319716, 'scale_lr': 0.48190605858612656}. Best is trial 172 with value: 0.2898540811810067.
checkpoint_e30 window_influence: 0.20924682314963339, penalty_k: 0.07577333724777496, scale_lr: 0.41839228547280582, EAO: 0.272
Trial 414 finished with value: 0.2724072692113194 and parameters: {'window_influence': 0.2092468231496334, 'penalty_k': 0.07577333724777496, 'scale_lr': 0.4183922854728058}. Best is trial 172 with value: 0.2898540811810067.
checkpoint_e30 window_influence: 0.32762731804493428, penalty_k: 0.02056859867880209, scale_lr: 0.51480811268131466, EAO: 0.262
Trial 415 finished with value: 0.2615736407962272 and parameters: {'window_influence': 0.3276273180449343, 'penalty_k': 0.02056859867880209, 'scale_lr': 0.5148081126813147}. Best is trial 172 with value: 0.2898540811810067.
checkpoint_e30 window_influence: 0.34744907507883060, penalty_k: 0.10697237805200618, scale_lr: 0.18013564180208852, EAO: 0.260
Trial 416 finished with value: 0.2598463749982477 and parameters: {'window_influence': 0.3474490750788306, 'penalty_k': 0.10697237805200618, 'scale_lr': 0.18013564180208852}. Best is trial 172 with value: 0.2898540811810067.
checkpoint_e30 window_influence: 0.35865724879990279, penalty_k: 0.05086452083566564, scale_lr: 0.28111340833182663, EAO: 0.262
Trial 417 finished with value: 0.2624501040795954 and parameters: {'window_influence': 0.3586572487999028, 'penalty_k': 0.05086452083566564, 'scale_lr': 0.28111340833182663}. Best is trial 172 with value: 0.2898540811810067.
checkpoint_e30 window_influence: 0.33564356395750738, penalty_k: 0.29739935950848595, scale_lr: 0.49559369485691185, EAO: 0.274
Trial 418 finished with value: 0.27412458515264154 and parameters: {'window_influence': 0.3356435639575074, 'penalty_k': 0.29739935950848595, 'scale_lr': 0.49559369485691185}. Best is trial 172 with value: 0.2898540811810067.
checkpoint_e30 window_influence: 0.31926684557983026, penalty_k: 0.06193025532386866, scale_lr: 0.46938439873731092, EAO: 0.266
Trial 419 finished with value: 0.2661974044834695 and parameters: {'window_influence': 0.31926684557983026, 'penalty_k': 0.06193025532386866, 'scale_lr': 0.4693843987373109}. Best is trial 172 with value: 0.2898540811810067.
checkpoint_e30 window_influence: 0.34964930907046726, penalty_k: 0.24651496851053367, scale_lr: 0.34128811980410073, EAO: 0.270
Trial 420 finished with value: 0.26977605463528054 and parameters: {'window_influence': 0.34964930907046726, 'penalty_k': 0.24651496851053367, 'scale_lr': 0.34128811980410073}. Best is trial 172 with value: 0.2898540811810067.
checkpoint_e30 window_influence: 0.08554762646763359, penalty_k: 0.16529621080107892, scale_lr: 0.44480253597006431, EAO: 0.251
Trial 421 finished with value: 0.2507481964501908 and parameters: {'window_influence': 0.08554762646763359, 'penalty_k': 0.16529621080107892, 'scale_lr': 0.4448025359700643}. Best is trial 172 with value: 0.2898540811810067.
checkpoint_e30 window_influence: 0.29040172251725804, penalty_k: 0.08021149953850289, scale_lr: 0.25814010623172207, EAO: 0.265
Trial 422 finished with value: 0.2645859963646749 and parameters: {'window_influence': 0.29040172251725804, 'penalty_k': 0.08021149953850289, 'scale_lr': 0.25814010623172207}. Best is trial 172 with value: 0.2898540811810067.
checkpoint_e30 window_influence: 0.30212591426962587, penalty_k: 0.04153578169045984, scale_lr: 0.52635373033949351, EAO: 0.265
Trial 423 finished with value: 0.264929494964398 and parameters: {'window_influence': 0.3021259142696259, 'penalty_k': 0.04153578169045984, 'scale_lr': 0.5263537303394935}. Best is trial 172 with value: 0.2898540811810067.
checkpoint_e30 window_influence: 0.33030993174719764, penalty_k: 0.10108120002013783, scale_lr: 0.27944774687721319, EAO: 0.273
Trial 424 finished with value: 0.2734759720118065 and parameters: {'window_influence': 0.33030993174719764, 'penalty_k': 0.10108120002013783, 'scale_lr': 0.2794477468772132}. Best is trial 172 with value: 0.2898540811810067.
checkpoint_e30 window_influence: 0.37217272976446425, penalty_k: 0.12367644486954441, scale_lr: 0.49249597774316928, EAO: 0.266
Trial 425 finished with value: 0.26644507529047445 and parameters: {'window_influence': 0.37217272976446425, 'penalty_k': 0.1236764448695444, 'scale_lr': 0.4924959777431693}. Best is trial 172 with value: 0.2898540811810067.
checkpoint_e30 window_influence: 0.31511536919468480, penalty_k: 0.34131222105245346, scale_lr: 0.32804469218813831, EAO: 0.274
Trial 426 finished with value: 0.2744039079038108 and parameters: {'window_influence': 0.3151153691946848, 'penalty_k': 0.34131222105245346, 'scale_lr': 0.3280446921881383}. Best is trial 172 with value: 0.2898540811810067.
checkpoint_e30 window_influence: 0.27583518140252811, penalty_k: 0.09178114631278984, scale_lr: 0.47385566855974331, EAO: 0.259
Trial 427 finished with value: 0.25906901188739917 and parameters: {'window_influence': 0.2758351814025281, 'penalty_k': 0.09178114631278984, 'scale_lr': 0.4738556685597433}. Best is trial 172 with value: 0.2898540811810067.
checkpoint_e30 window_influence: 0.35716912963959468, penalty_k: 0.27519181796551945, scale_lr: 0.29770352332422212, EAO: 0.259
Trial 428 finished with value: 0.25945747928406165 and parameters: {'window_influence': 0.3571691296395947, 'penalty_k': 0.27519181796551945, 'scale_lr': 0.2977035233242221}. Best is trial 172 with value: 0.2898540811810067.
checkpoint_e30 window_influence: 0.34024085412737537, penalty_k: 0.07129338986909757, scale_lr: 0.54992908669676366, EAO: 0.268
Trial 429 finished with value: 0.26842676036483876 and parameters: {'window_influence': 0.34024085412737537, 'penalty_k': 0.07129338986909757, 'scale_lr': 0.5499290866967637}. Best is trial 172 with value: 0.2898540811810067.
checkpoint_e30 window_influence: 0.32740660996172410, penalty_k: 0.14941067782882317, scale_lr: 0.51184947883573806, EAO: 0.279
Trial 430 finished with value: 0.27866928636785443 and parameters: {'window_influence': 0.3274066099617241, 'penalty_k': 0.14941067782882317, 'scale_lr': 0.5118494788357381}. Best is trial 172 with value: 0.2898540811810067.
checkpoint_e30 window_influence: 0.36451939659568122, penalty_k: 0.11066273751055294, scale_lr: 0.24799580393340970, EAO: 0.266
Trial 431 finished with value: 0.2662054970254743 and parameters: {'window_influence': 0.3645193965956812, 'penalty_k': 0.11066273751055294, 'scale_lr': 0.2479958039334097}. Best is trial 172 with value: 0.2898540811810067.
checkpoint_e30 window_influence: 0.22970626793917912, penalty_k: 0.13510081011512518, scale_lr: 0.46116752928119192, EAO: 0.267
Trial 432 finished with value: 0.2666154602557663 and parameters: {'window_influence': 0.22970626793917912, 'penalty_k': 0.13510081011512518, 'scale_lr': 0.4611675292811919}. Best is trial 172 with value: 0.2898540811810067.
checkpoint_e30 window_influence: 0.30162999792233802, penalty_k: 0.08160836483084645, scale_lr: 0.26575391906947032, EAO: 0.268
