Trial 619 finished with value: 0.2693007997865599 and parameters: {'window_influence': 0.37757288513968484, 'penalty_k': 0.1126380258879429, 'scale_lr': 0.3169402795815588}. Best is trial 172 with value: 0.2898540811810067.
checkpoint_e30 window_influence: 0.31800459947783893, penalty_k: 0.07686989010394987, scale_lr: 0.40120890278990268, EAO: 0.272
Trial 620 finished with value: 0.27181973617251326 and parameters: {'window_influence': 0.31800459947783893, 'penalty_k': 0.07686989010394987, 'scale_lr': 0.4012089027899027}. Best is trial 172 with value: 0.2898540811810067.
Trial 621 failed with parameters: {'window_influence': 0.34840985506481825, 'penalty_k': 0.39445546136322046, 'scale_lr': 0.5263546472617361} because of the following error: KeyboardInterrupt().
Traceback (most recent call last):
  File "/home/n26092289/anaconda3/envs/my_siamban/lib/python3.7/site-packages/optuna/study/_optimize.py", line 200, in _run_trial
    value_or_values = func(trial)
  File "../../tools/tune.py", line 269, in objective
    outputs = tracker.track(img)
  File "../../tools/tune.py", line 127, in track
    score = self._convert_score(outputs['cls'])
  File "../../tools/tune.py", line 75, in _convert_score
    score = score.softmax(1).detach()[:, 1].cpu().numpy()
KeyboardInterrupt
Trial 621 failed with value None.
