Trial 77 finished with value: 0.2575825785960608 and parameters: {'window_influence': 0.4709470709004724, 'penalty_k': 0.02386801749786561, 'scale_lr': 0.5176566763396644}. Best is trial 76 with value: 0.27431667390150755.
checkpoint_e16 window_influence: 0.38347705502324947, penalty_k: 0.06984489512355560, scale_lr: 0.36523502706290517, EAO: 0.271
Trial 87 finished with value: 0.27063174357986064 and parameters: {'window_influence': 0.38347705502324947, 'penalty_k': 0.0698448951235556, 'scale_lr': 0.36523502706290517}. Best is trial 79 with value: 0.2739357810800638.
checkpoint_e16 window_influence: 0.46833692093469131, penalty_k: 0.02740178046425279, scale_lr: 0.54975561600357870, EAO: 0.255
Trial 83 finished with value: 0.2547305458929481 and parameters: {'window_influence': 0.4683369209346913, 'penalty_k': 0.02740178046425279, 'scale_lr': 0.5497556160035787}. Best is trial 71 with value: 0.2682494244318667.
checkpoint_e16 window_influence: 0.45285621935778808, penalty_k: 0.06545514694209537, scale_lr: 0.48861400079622141, EAO: 0.269
Trial 78 finished with value: 0.26939260747616856 and parameters: {'window_influence': 0.4528562193577881, 'penalty_k': 0.06545514694209537, 'scale_lr': 0.4886140007962214}. Best is trial 76 with value: 0.27431667390150755.
checkpoint_e16 window_influence: 0.45627503025921767, penalty_k: 0.06976542604176365, scale_lr: 0.36716083941796845, EAO: 0.258
Trial 88 finished with value: 0.2581450653270008 and parameters: {'window_influence': 0.4562750302592177, 'penalty_k': 0.06976542604176365, 'scale_lr': 0.36716083941796845}. Best is trial 79 with value: 0.2739357810800638.
checkpoint_e16 window_influence: 0.39405905092519683, penalty_k: 0.00245054336539810, scale_lr: 0.59668243257216835, EAO: 0.255
Trial 84 finished with value: 0.2553530761866066 and parameters: {'window_influence': 0.39405905092519683, 'penalty_k': 0.0024505433653981, 'scale_lr': 0.5966824325721684}. Best is trial 71 with value: 0.2682494244318667.
checkpoint_e16 window_influence: 0.48841024039574354, penalty_k: 0.07385083978766561, scale_lr: 0.49231703900374241, EAO: 0.254
Trial 79 finished with value: 0.25434621938360413 and parameters: {'window_influence': 0.48841024039574354, 'penalty_k': 0.07385083978766561, 'scale_lr': 0.4923170390037424}. Best is trial 76 with value: 0.27431667390150755.
checkpoint_e16 window_influence: 0.37396591494489412, penalty_k: 0.01800377229006645, scale_lr: 0.31538635582686614, EAO: 0.266
Trial 89 finished with value: 0.2655666472950602 and parameters: {'window_influence': 0.3739659149448941, 'penalty_k': 0.01800377229006645, 'scale_lr': 0.31538635582686614}. Best is trial 79 with value: 0.2739357810800638.
checkpoint_e16 window_influence: 0.42897361350399715, penalty_k: 0.04679659958268019, scale_lr: 0.66113308153692463, EAO: 0.256
Trial 85 finished with value: 0.25596620548304505 and parameters: {'window_influence': 0.42897361350399715, 'penalty_k': 0.04679659958268019, 'scale_lr': 0.6611330815369246}. Best is trial 71 with value: 0.2682494244318667.
checkpoint_e16 window_influence: 0.45964824528433007, penalty_k: 0.01795535954722916, scale_lr: 0.52509827449940039, EAO: 0.266
Trial 80 finished with value: 0.2662121113238296 and parameters: {'window_influence': 0.45964824528433007, 'penalty_k': 0.017955359547229162, 'scale_lr': 0.5250982744994004}. Best is trial 76 with value: 0.27431667390150755.
checkpoint_e16 window_influence: 0.41204989241075712, penalty_k: 0.03210448587862708, scale_lr: 0.35150493074168554, EAO: 0.282
Trial 90 finished with value: 0.28226814400858996 and parameters: {'window_influence': 0.4120498924107571, 'penalty_k': 0.032104485878627076, 'scale_lr': 0.35150493074168554}. Best is trial 90 with value: 0.28226814400858996.
checkpoint_e16 window_influence: 0.47793071018973732, penalty_k: 0.10669904568220118, scale_lr: 0.54109095744663993, EAO: 0.253
Trial 86 finished with value: 0.2527815388833604 and parameters: {'window_influence': 0.4779307101897373, 'penalty_k': 0.10669904568220118, 'scale_lr': 0.5410909574466399}. Best is trial 71 with value: 0.2682494244318667.
checkpoint_e16 window_influence: 0.44020179436393914, penalty_k: 0.05503493927537027, scale_lr: 0.47849240496819512, EAO: 0.264
Trial 81 finished with value: 0.2639189114173253 and parameters: {'window_influence': 0.44020179436393914, 'penalty_k': 0.05503493927537027, 'scale_lr': 0.4784924049681951}. Best is trial 76 with value: 0.27431667390150755.
checkpoint_e16 window_influence: 0.40963527538987787, penalty_k: 0.03402007971087693, scale_lr: 0.33277024536699407, EAO: 0.274
Trial 91 finished with value: 0.27370783099071766 and parameters: {'window_influence': 0.4096352753898779, 'penalty_k': 0.03402007971087693, 'scale_lr': 0.33277024536699407}. Best is trial 90 with value: 0.28226814400858996.
checkpoint_e16 window_influence: 0.45534198203141141, penalty_k: 0.06846912945235893, scale_lr: 0.62096275421863190, EAO: 0.258
Trial 87 finished with value: 0.2578361159175392 and parameters: {'window_influence': 0.4553419820314114, 'penalty_k': 0.06846912945235893, 'scale_lr': 0.6209627542186319}. Best is trial 71 with value: 0.2682494244318667.
checkpoint_e16 window_influence: 0.44963636206284435, penalty_k: 0.08984557203102014, scale_lr: 0.50648782638849754, EAO: 0.265
Trial 82 finished with value: 0.2646803852867305 and parameters: {'window_influence': 0.44963636206284435, 'penalty_k': 0.08984557203102014, 'scale_lr': 0.5064878263884975}. Best is trial 76 with value: 0.27431667390150755.
checkpoint_e16 window_influence: 0.41272644187172863, penalty_k: 0.02971923417180355, scale_lr: 0.33854955900095129, EAO: 0.264
Trial 92 finished with value: 0.26381148864340975 and parameters: {'window_influence': 0.41272644187172863, 'penalty_k': 0.029719234171803555, 'scale_lr': 0.3385495590009513}. Best is trial 90 with value: 0.28226814400858996.
checkpoint_e16 window_influence: 0.41885258110799167, penalty_k: 0.01882621953689195, scale_lr: 0.57687382734675852, EAO: 0.253
Trial 88 finished with value: 0.25332321153908244 and parameters: {'window_influence': 0.4188525811079917, 'penalty_k': 0.018826219536891953, 'scale_lr': 0.5768738273467585}. Best is trial 71 with value: 0.2682494244318667.
checkpoint_e16 window_influence: 0.41980913575672574, penalty_k: 0.03356739850593195, scale_lr: 0.46031351257463637, EAO: 0.269
Trial 83 finished with value: 0.26895207384737524 and parameters: {'window_influence': 0.41980913575672574, 'penalty_k': 0.033567398505931954, 'scale_lr': 0.4603135125746364}. Best is trial 76 with value: 0.27431667390150755.
checkpoint_e16 window_influence: 0.42744131043749156, penalty_k: 0.01618650334681415, scale_lr: 0.29310141859414507, EAO: 0.271
Trial 93 finished with value: 0.2708095137665911 and parameters: {'window_influence': 0.42744131043749156, 'penalty_k': 0.01618650334681415, 'scale_lr': 0.29310141859414507}. Best is trial 90 with value: 0.28226814400858996.
checkpoint_e16 window_influence: 0.53086430168179188, penalty_k: 0.08989407553524362, scale_lr: 0.51594285081442570, EAO: 0.237
Trial 89 finished with value: 0.23666536450628342 and parameters: {'window_influence': 0.5308643016817919, 'penalty_k': 0.08989407553524362, 'scale_lr': 0.5159428508144257}. Best is trial 71 with value: 0.2682494244318667.
checkpoint_e16 window_influence: 0.42119054076753432, penalty_k: 0.06817008516405983, scale_lr: 0.53076833252906463, EAO: 0.261
Trial 84 finished with value: 0.260629050675931 and parameters: {'window_influence': 0.4211905407675343, 'penalty_k': 0.06817008516405983, 'scale_lr': 0.5307683325290646}. Best is trial 76 with value: 0.27431667390150755.
checkpoint_e16 window_influence: 0.43127831688937018, penalty_k: 0.01341733797319408, scale_lr: 0.31173206931936420, EAO: 0.268
Trial 94 finished with value: 0.26807251675584454 and parameters: {'window_influence': 0.4312783168893702, 'penalty_k': 0.013417337973194075, 'scale_lr': 0.3117320693193642}. Best is trial 90 with value: 0.28226814400858996.
checkpoint_e16 window_influence: 0.50917206165522066, penalty_k: 0.03214915938121215, scale_lr: 0.64166127409691553, EAO: 0.249
Trial 90 finished with value: 0.24857701185515257 and parameters: {'window_influence': 0.5091720616552207, 'penalty_k': 0.03214915938121215, 'scale_lr': 0.6416612740969155}. Best is trial 71 with value: 0.2682494244318667.
checkpoint_e16 window_influence: 0.47941071844372796, penalty_k: 0.02817742394348571, scale_lr: 0.46073326121459074, EAO: 0.254
Trial 85 finished with value: 0.2542388356798063 and parameters: {'window_influence': 0.47941071844372796, 'penalty_k': 0.028177423943485713, 'scale_lr': 0.46073326121459074}. Best is trial 76 with value: 0.27431667390150755.
checkpoint_e16 window_influence: 0.44030892036611152, penalty_k: 0.03424245205513543, scale_lr: 0.27427386930342074, EAO: 0.262
Trial 95 finished with value: 0.2618274210187478 and parameters: {'window_influence': 0.4403089203661115, 'penalty_k': 0.03424245205513543, 'scale_lr': 0.27427386930342074}. Best is trial 90 with value: 0.28226814400858996.
checkpoint_e16 window_influence: 0.45334543537969169, penalty_k: 0.01648447906415528, scale_lr: 0.57150083694954057, EAO: 0.254
Trial 91 finished with value: 0.25387538884713395 and parameters: {'window_influence': 0.4533454353796917, 'penalty_k': 0.01648447906415528, 'scale_lr': 0.5715008369495406}. Best is trial 71 with value: 0.2682494244318667.
checkpoint_e16 window_influence: 0.49185293117829393, penalty_k: 0.00061082176840233, scale_lr: 0.48340352141965193, EAO: 0.252
Trial 86 finished with value: 0.25207137334637525 and parameters: {'window_influence': 0.49185293117829393, 'penalty_k': 0.0006108217684023254, 'scale_lr': 0.4834035214196519}. Best is trial 76 with value: 0.27431667390150755.
checkpoint_e16 window_influence: 0.42320382433940762, penalty_k: 0.01033527561214519, scale_lr: 0.29851123737879298, EAO: 0.262
Trial 96 finished with value: 0.2615811064597068 and parameters: {'window_influence': 0.4232038243394076, 'penalty_k': 0.010335275612145187, 'scale_lr': 0.298511237378793}. Best is trial 90 with value: 0.28226814400858996.
checkpoint_e16 window_influence: 0.44081139521414403, penalty_k: 0.03994867462842142, scale_lr: 0.58869863856050098, EAO: 0.259
Trial 92 finished with value: 0.2593013570318377 and parameters: {'window_influence': 0.44081139521414403, 'penalty_k': 0.039948674628421416, 'scale_lr': 0.588698638560501}. Best is trial 71 with value: 0.2682494244318667.
checkpoint_e16 window_influence: 0.45842691977748573, penalty_k: 0.05584507652628460, scale_lr: 0.51200614883430973, EAO: 0.273
Trial 87 finished with value: 0.2732289105169172 and parameters: {'window_influence': 0.45842691977748573, 'penalty_k': 0.0558450765262846, 'scale_lr': 0.5120061488343097}. Best is trial 76 with value: 0.27431667390150755.
checkpoint_e16 window_influence: 0.40506588278176991, penalty_k: 0.06953461884291716, scale_lr: 0.34830745635535659, EAO: 0.270
Trial 97 finished with value: 0.2698399299165098 and parameters: {'window_influence': 0.4050658827817699, 'penalty_k': 0.06953461884291716, 'scale_lr': 0.3483074563553566}. Best is trial 90 with value: 0.28226814400858996.
checkpoint_e16 window_influence: 0.44264363532757112, penalty_k: 0.04315503457500711, scale_lr: 0.61081377029038053, EAO: 0.259
Trial 93 finished with value: 0.2587416426437657 and parameters: {'window_influence': 0.4426436353275711, 'penalty_k': 0.043155034575007106, 'scale_lr': 0.6108137702903805}. Best is trial 71 with value: 0.2682494244318667.
checkpoint_e16 window_influence: 0.46072069655142639, penalty_k: 0.05442716704582148, scale_lr: 0.56274862682214000, EAO: 0.261
Trial 88 finished with value: 0.2606790406796021 and parameters: {'window_influence': 0.4607206965514264, 'penalty_k': 0.054427167045821484, 'scale_lr': 0.56274862682214}. Best is trial 76 with value: 0.27431667390150755.
checkpoint_e16 window_influence: 0.39450329761883052, penalty_k: 0.04070324710539595, scale_lr: 0.32591537375011637, EAO: 0.271
Trial 98 finished with value: 0.27057022880005643 and parameters: {'window_influence': 0.3945032976188305, 'penalty_k': 0.04070324710539595, 'scale_lr': 0.32591537375011637}. Best is trial 90 with value: 0.28226814400858996.
checkpoint_e16 window_influence: 0.49013341631851159, penalty_k: 0.05696534864083877, scale_lr: 0.55671430628905683, EAO: 0.260
Trial 94 finished with value: 0.25981037191501477 and parameters: {'window_influence': 0.4901334163185116, 'penalty_k': 0.05696534864083877, 'scale_lr': 0.5567143062890568}. Best is trial 71 with value: 0.2682494244318667.
checkpoint_e16 window_influence: 0.50335897342139801, penalty_k: 0.09320660784468307, scale_lr: 0.50957035426720931, EAO: 0.250
Trial 89 finished with value: 0.25009207372985237 and parameters: {'window_influence': 0.503358973421398, 'penalty_k': 0.09320660784468307, 'scale_lr': 0.5095703542672093}. Best is trial 76 with value: 0.27431667390150755.
checkpoint_e16 window_influence: 0.46420615038168489, penalty_k: 0.02670781333687030, scale_lr: 0.28780955966130439, EAO: 0.269
Trial 99 finished with value: 0.2692853325023884 and parameters: {'window_influence': 0.4642061503816849, 'penalty_k': 0.026707813336870296, 'scale_lr': 0.2878095596613044}. Best is trial 90 with value: 0.28226814400858996.
checkpoint_e16 window_influence: 0.48938954369249948, penalty_k: 0.05943565958543627, scale_lr: 0.59519039664179485, EAO: 0.258
Trial 95 finished with value: 0.25780970488137345 and parameters: {'window_influence': 0.4893895436924995, 'penalty_k': 0.05943565958543627, 'scale_lr': 0.5951903966417948}. Best is trial 71 with value: 0.2682494244318667.
checkpoint_e16 window_influence: 0.43598798191602461, penalty_k: 0.01861321980369715, scale_lr: 0.54252225301196599, EAO: 0.262
Trial 90 finished with value: 0.2624940380332916 and parameters: {'window_influence': 0.4359879819160246, 'penalty_k': 0.01861321980369715, 'scale_lr': 0.542522253011966}. Best is trial 76 with value: 0.27431667390150755.
checkpoint_e16 window_influence: 0.36728419521616101, penalty_k: 0.07815899436857847, scale_lr: 0.34210647989057524, EAO: 0.260
Trial 100 finished with value: 0.2603153812328005 and parameters: {'window_influence': 0.367284195216161, 'penalty_k': 0.07815899436857847, 'scale_lr': 0.34210647989057524}. Best is trial 90 with value: 0.28226814400858996.
checkpoint_e16 window_influence: 0.39990945244728643, penalty_k: 0.07567215824154003, scale_lr: 0.56243662490471624, EAO: 0.252
Trial 96 finished with value: 0.2517934408250863 and parameters: {'window_influence': 0.39990945244728643, 'penalty_k': 0.07567215824154003, 'scale_lr': 0.5624366249047162}. Best is trial 71 with value: 0.2682494244318667.
checkpoint_e16 window_influence: 0.46793294119545703, penalty_k: 0.03406561062316733, scale_lr: 0.49464738709235667, EAO: 0.276
Trial 91 finished with value: 0.2755729326508879 and parameters: {'window_influence': 0.46793294119545703, 'penalty_k': 0.03406561062316733, 'scale_lr': 0.49464738709235667}. Best is trial 91 with value: 0.2755729326508879.
checkpoint_e16 window_influence: 0.38850282085799193, penalty_k: 0.05141866277681744, scale_lr: 0.38419679333824491, EAO: 0.275
Trial 101 finished with value: 0.2753291008312528 and parameters: {'window_influence': 0.3885028208579919, 'penalty_k': 0.05141866277681744, 'scale_lr': 0.3841967933382449}. Best is trial 90 with value: 0.28226814400858996.
checkpoint_e16 window_influence: 0.43392348247960522, penalty_k: 0.03528241162609873, scale_lr: 0.61766339603400466, EAO: 0.258
Trial 97 finished with value: 0.258001805623857 and parameters: {'window_influence': 0.4339234824796052, 'penalty_k': 0.03528241162609873, 'scale_lr': 0.6176633960340047}. Best is trial 71 with value: 0.2682494244318667.
checkpoint_e16 window_influence: 0.46872602658389884, penalty_k: 0.03214467809866052, scale_lr: 0.49733630983824878, EAO: 0.259
Trial 92 finished with value: 0.25868819538897614 and parameters: {'window_influence': 0.46872602658389884, 'penalty_k': 0.03214467809866052, 'scale_lr': 0.4973363098382488}. Best is trial 91 with value: 0.2755729326508879.
checkpoint_e16 window_influence: 0.41623510954731535, penalty_k: 0.04855625049423461, scale_lr: 0.38055328854964571, EAO: 0.258
Trial 102 finished with value: 0.25849129847152447 and parameters: {'window_influence': 0.41623510954731535, 'penalty_k': 0.048556250494234614, 'scale_lr': 0.3805532885496457}. Best is trial 90 with value: 0.28226814400858996.
checkpoint_e16 window_influence: 0.47848006779207258, penalty_k: 0.11915388789399534, scale_lr: 0.58837265249487669, EAO: 0.255
Trial 98 finished with value: 0.25544669745656534 and parameters: {'window_influence': 0.4784800677920726, 'penalty_k': 0.11915388789399534, 'scale_lr': 0.5883726524948767}. Best is trial 71 with value: 0.2682494244318667.
checkpoint_e16 window_influence: 0.47881088705739638, penalty_k: 0.05370339352035541, scale_lr: 0.53042059950748111, EAO: 0.255
Trial 93 finished with value: 0.25507802516222 and parameters: {'window_influence': 0.4788108870573964, 'penalty_k': 0.053703393520355414, 'scale_lr': 0.5304205995074811}. Best is trial 91 with value: 0.2755729326508879.
checkpoint_e16 window_influence: 0.38966739911096210, penalty_k: 0.00017311430880673, scale_lr: 0.31849791453806114, EAO: 0.262
Trial 103 finished with value: 0.26235698732903334 and parameters: {'window_influence': 0.3896673991109621, 'penalty_k': 0.00017311430880672524, 'scale_lr': 0.31849791453806114}. Best is trial 90 with value: 0.28226814400858996.
checkpoint_e16 window_influence: 0.41361910606237057, penalty_k: 0.05021277719108120, scale_lr: 0.49937512234545511, EAO: 0.261
Trial 99 finished with value: 0.260961739876406 and parameters: {'window_influence': 0.41361910606237057, 'penalty_k': 0.0502127771910812, 'scale_lr': 0.4993751223454551}. Best is trial 71 with value: 0.2682494244318667.
checkpoint_e16 window_influence: 0.45406894427212730, penalty_k: 0.01389801248944127, scale_lr: 0.51448535812961671, EAO: 0.268
Trial 94 finished with value: 0.2684380294588523 and parameters: {'window_influence': 0.4540689442721273, 'penalty_k': 0.013898012489441267, 'scale_lr': 0.5144853581296167}. Best is trial 91 with value: 0.2755729326508879.
checkpoint_e16 window_influence: 0.40526937606259072, penalty_k: 0.06156953930853785, scale_lr: 0.35869464868584483, EAO: 0.255
Trial 104 finished with value: 0.254971805929653 and parameters: {'window_influence': 0.4052693760625907, 'penalty_k': 0.061569539308537855, 'scale_lr': 0.35869464868584483}. Best is trial 90 with value: 0.28226814400858996.
checkpoint_e16 window_influence: 0.41991595330029297, penalty_k: 0.05403446983261010, scale_lr: 0.50121400850830433, EAO: 0.254
Trial 100 finished with value: 0.2539676619254477 and parameters: {'window_influence': 0.41991595330029297, 'penalty_k': 0.0540344698326101, 'scale_lr': 0.5012140085083043}. Best is trial 71 with value: 0.2682494244318667.
checkpoint_e16 window_influence: 0.42420251047912172, penalty_k: 0.04030080781302822, scale_lr: 0.55187367024904732, EAO: 0.253
Trial 95 finished with value: 0.2530771689565201 and parameters: {'window_influence': 0.4242025104791217, 'penalty_k': 0.04030080781302822, 'scale_lr': 0.5518736702490473}. Best is trial 91 with value: 0.2755729326508879.
checkpoint_e16 window_influence: 0.37966908555251044, penalty_k: 0.09927402535179541, scale_lr: 0.38693753106724021, EAO: 0.259
Trial 105 finished with value: 0.25894978642463684 and parameters: {'window_influence': 0.37966908555251044, 'penalty_k': 0.09927402535179541, 'scale_lr': 0.3869375310672402}. Best is trial 90 with value: 0.28226814400858996.
checkpoint_e16 window_influence: 0.40621991319650197, penalty_k: 0.01218309308973130, scale_lr: 0.55251072649002198, EAO: 0.248
Trial 101 finished with value: 0.2483720219111055 and parameters: {'window_influence': 0.40621991319650197, 'penalty_k': 0.012183093089731305, 'scale_lr': 0.552510726490022}. Best is trial 71 with value: 0.2682494244318667.
checkpoint_e16 window_influence: 0.44037674456526116, penalty_k: 0.06961377769141733, scale_lr: 0.58481043520968867, EAO: 0.262
Trial 96 finished with value: 0.26229003326195044 and parameters: {'window_influence': 0.44037674456526116, 'penalty_k': 0.06961377769141733, 'scale_lr': 0.5848104352096887}. Best is trial 91 with value: 0.2755729326508879.
checkpoint_e16 window_influence: 0.42510360166296512, penalty_k: 0.02862266066261753, scale_lr: 0.40285314692382729, EAO: 0.252
Trial 106 finished with value: 0.2523052920776654 and parameters: {'window_influence': 0.4251036016629651, 'penalty_k': 0.028622660662617528, 'scale_lr': 0.4028531469238273}. Best is trial 90 with value: 0.28226814400858996.
checkpoint_e16 window_influence: 0.44759361136078468, penalty_k: 0.04025016463520758, scale_lr: 0.51337441969583741, EAO: 0.262
Trial 102 finished with value: 0.26225898808580106 and parameters: {'window_influence': 0.4475936113607847, 'penalty_k': 0.04025016463520758, 'scale_lr': 0.5133744196958374}. Best is trial 71 with value: 0.2682494244318667.
checkpoint_e16 window_influence: 0.46264513976870075, penalty_k: 0.09870190436213182, scale_lr: 0.48641579196719475, EAO: 0.259
Trial 97 finished with value: 0.2585296017246518 and parameters: {'window_influence': 0.46264513976870075, 'penalty_k': 0.09870190436213182, 'scale_lr': 0.48641579196719475}. Best is trial 91 with value: 0.2755729326508879.
checkpoint_e16 window_influence: 0.44938430675250407, penalty_k: 0.08327874485075930, scale_lr: 0.25502326437825606, EAO: 0.268
Trial 107 finished with value: 0.2677208288171427 and parameters: {'window_influence': 0.44938430675250407, 'penalty_k': 0.0832787448507593, 'scale_lr': 0.25502326437825606}. Best is trial 90 with value: 0.28226814400858996.
checkpoint_e16 window_influence: 0.38983500475277633, penalty_k: 0.07225860528703233, scale_lr: 0.52756215886485069, EAO: 0.251
