Trial 1604 finished with value: 0.2584074104462213 and parameters: {'window_influence': 0.34013379713440095, 'penalty_k': 0.10106177188019941, 'scale_lr': 0.43875637290538055}. Best is trial 1552 with value: 0.2873222411163454.
checkpoint_e22 window_influence: 0.32150851167635852, penalty_k: 0.04669472660767293, scale_lr: 0.41595391354990296, EAO: 0.271
Trial 1605 finished with value: 0.2713077632876916 and parameters: {'window_influence': 0.3215085116763585, 'penalty_k': 0.04669472660767293, 'scale_lr': 0.41595391354990296}. Best is trial 1552 with value: 0.2873222411163454.
checkpoint_e22 window_influence: 0.35281191761155123, penalty_k: 0.06516045123415498, scale_lr: 0.39224780602149201, EAO: 0.260
Trial 1606 finished with value: 0.25975419423444485 and parameters: {'window_influence': 0.35281191761155123, 'penalty_k': 0.06516045123415498, 'scale_lr': 0.392247806021492}. Best is trial 1552 with value: 0.2873222411163454.
checkpoint_e22 window_influence: 0.36875772814445201, penalty_k: 0.02361277928716510, scale_lr: 0.42747766883892480, EAO: 0.265
Trial 1607 finished with value: 0.2648470823963483 and parameters: {'window_influence': 0.368757728144452, 'penalty_k': 0.023612779287165105, 'scale_lr': 0.4274776688389248}. Best is trial 1552 with value: 0.2873222411163454.
checkpoint_e22 window_influence: 0.33415404820103684, penalty_k: 0.03838654761917962, scale_lr: 0.38254879645304835, EAO: 0.254
Trial 1608 finished with value: 0.25373787965958683 and parameters: {'window_influence': 0.33415404820103684, 'penalty_k': 0.03838654761917962, 'scale_lr': 0.38254879645304835}. Best is trial 1552 with value: 0.2873222411163454.
checkpoint_e22 window_influence: 0.37101110961071027, penalty_k: 0.04902658430393694, scale_lr: 0.40553888323461917, EAO: 0.258
Trial 1609 finished with value: 0.2575506681228072 and parameters: {'window_influence': 0.37101110961071027, 'penalty_k': 0.04902658430393694, 'scale_lr': 0.4055388832346192}. Best is trial 1552 with value: 0.2873222411163454.
checkpoint_e22 window_influence: 0.34547034111755703, penalty_k: 0.07822023883770457, scale_lr: 0.37520014132692525, EAO: 0.264
Trial 1610 finished with value: 0.26396538577670975 and parameters: {'window_influence': 0.34547034111755703, 'penalty_k': 0.07822023883770457, 'scale_lr': 0.37520014132692525}. Best is trial 1552 with value: 0.2873222411163454.
checkpoint_e22 window_influence: 0.35318483230641412, penalty_k: 0.38258531095769399, scale_lr: 0.40946184651409484, EAO: 0.257
Trial 1611 finished with value: 0.25688594719016455 and parameters: {'window_influence': 0.3531848323064141, 'penalty_k': 0.382585310957694, 'scale_lr': 0.40946184651409484}. Best is trial 1552 with value: 0.2873222411163454.
checkpoint_e22 window_influence: 0.32258523761803126, penalty_k: 0.10814011026077705, scale_lr: 0.74965234424642357, EAO: 0.250
Trial 1612 finished with value: 0.25022981957933765 and parameters: {'window_influence': 0.32258523761803126, 'penalty_k': 0.10814011026077705, 'scale_lr': 0.7496523442464236}. Best is trial 1552 with value: 0.2873222411163454.
checkpoint_e22 window_influence: 0.36053623818362096, penalty_k: 0.03040714597299239, scale_lr: 0.38951652958535549, EAO: 0.271
Trial 1613 finished with value: 0.2707378588677422 and parameters: {'window_influence': 0.36053623818362096, 'penalty_k': 0.03040714597299239, 'scale_lr': 0.3895165295853555}. Best is trial 1552 with value: 0.2873222411163454.
checkpoint_e22 window_influence: 0.33966647295158192, penalty_k: 0.01067205282618431, scale_lr: 0.43466326963294089, EAO: 0.260
Trial 1614 finished with value: 0.2597636724027192 and parameters: {'window_influence': 0.3396664729515819, 'penalty_k': 0.010672052826184306, 'scale_lr': 0.4346632696329409}. Best is trial 1552 with value: 0.2873222411163454.
checkpoint_e22 window_influence: 0.36910608633994768, penalty_k: 0.05936839054281487, scale_lr: 0.35674348202864686, EAO: 0.266
Trial 1615 finished with value: 0.2664956704266672 and parameters: {'window_influence': 0.3691060863399477, 'penalty_k': 0.05936839054281487, 'scale_lr': 0.35674348202864686}. Best is trial 1552 with value: 0.2873222411163454.
checkpoint_e22 window_influence: 0.52102093130413141, penalty_k: 0.04707730578563531, scale_lr: 0.33833908807735874, EAO: 0.245
Trial 1616 finished with value: 0.24496828213455232 and parameters: {'window_influence': 0.5210209313041314, 'penalty_k': 0.047077305785635314, 'scale_lr': 0.33833908807735874}. Best is trial 1552 with value: 0.2873222411163454.
checkpoint_e22 window_influence: 0.15335585088049755, penalty_k: 0.03476000807027049, scale_lr: 0.26795217308001129, EAO: 0.246
Trial 1617 finished with value: 0.24595105163450162 and parameters: {'window_influence': 0.15335585088049755, 'penalty_k': 0.034760008070270486, 'scale_lr': 0.2679521730800113}. Best is trial 1552 with value: 0.2873222411163454.
checkpoint_e22 window_influence: 0.33276580425385627, penalty_k: 0.45648527411756512, scale_lr: 0.42113644848896636, EAO: 0.252
Trial 1618 finished with value: 0.25195597045547596 and parameters: {'window_influence': 0.33276580425385627, 'penalty_k': 0.4564852741175651, 'scale_lr': 0.42113644848896636}. Best is trial 1552 with value: 0.2873222411163454.
checkpoint_e22 window_influence: 0.35268419616324431, penalty_k: 0.02046896562906923, scale_lr: 0.40047196710798655, EAO: 0.261
Trial 1619 finished with value: 0.2606597284718258 and parameters: {'window_influence': 0.3526841961632443, 'penalty_k': 0.020468965629069233, 'scale_lr': 0.40047196710798655}. Best is trial 1552 with value: 0.2873222411163454.
checkpoint_e22 window_influence: 0.37085476970650860, penalty_k: 0.08778727220520388, scale_lr: 0.36378678352130295, EAO: 0.265
Trial 1620 finished with value: 0.2652528310209755 and parameters: {'window_influence': 0.3708547697065086, 'penalty_k': 0.08778727220520388, 'scale_lr': 0.36378678352130295}. Best is trial 1552 with value: 0.2873222411163454.
checkpoint_e22 window_influence: 0.34635432776208563, penalty_k: 0.06350787904210967, scale_lr: 0.38621917429379665, EAO: 0.257
Trial 1621 finished with value: 0.25722063629607844 and parameters: {'window_influence': 0.34635432776208563, 'penalty_k': 0.06350787904210967, 'scale_lr': 0.38621917429379665}. Best is trial 1552 with value: 0.2873222411163454.
checkpoint_e22 window_influence: 0.61462631722896965, penalty_k: 0.56178509376988561, scale_lr: 0.44347552135960877, EAO: 0.195
Trial 1622 finished with value: 0.19549722509170936 and parameters: {'window_influence': 0.6146263172289697, 'penalty_k': 0.5617850937698856, 'scale_lr': 0.44347552135960877}. Best is trial 1552 with value: 0.2873222411163454.
checkpoint_e22 window_influence: 0.50076309629206250, penalty_k: 0.35688465099677474, scale_lr: 0.71188827691585599, EAO: 0.235
Trial 1623 finished with value: 0.2347503091867377 and parameters: {'window_influence': 0.5007630962920625, 'penalty_k': 0.35688465099677474, 'scale_lr': 0.711888276915856}. Best is trial 1552 with value: 0.2873222411163454.
checkpoint_e22 window_influence: 0.31769165047657116, penalty_k: 0.07264396897746536, scale_lr: 0.42274980540183238, EAO: 0.263
Trial 1624 finished with value: 0.2631091382808802 and parameters: {'window_influence': 0.31769165047657116, 'penalty_k': 0.07264396897746536, 'scale_lr': 0.4227498054018324}. Best is trial 1552 with value: 0.2873222411163454.
checkpoint_e22 window_influence: 0.35776498758120839, penalty_k: 0.04441194000491472, scale_lr: 0.34732463869105629, EAO: 0.273
Trial 1625 finished with value: 0.27286389058198385 and parameters: {'window_influence': 0.3577649875812084, 'penalty_k': 0.04441194000491472, 'scale_lr': 0.3473246386910563}. Best is trial 1552 with value: 0.2873222411163454.
checkpoint_e22 window_influence: 0.37266101290805309, penalty_k: 0.01079967802383130, scale_lr: 0.34981103411298353, EAO: 0.253
Trial 1626 finished with value: 0.25319548169287237 and parameters: {'window_influence': 0.3726610129080531, 'penalty_k': 0.010799678023831298, 'scale_lr': 0.34981103411298353}. Best is trial 1552 with value: 0.2873222411163454.
checkpoint_e22 window_influence: 0.36042729666495449, penalty_k: 0.03191989470225919, scale_lr: 0.36988998932886569, EAO: 0.274
Trial 1627 finished with value: 0.2742026402213709 and parameters: {'window_influence': 0.3604272966649545, 'penalty_k': 0.031919894702259186, 'scale_lr': 0.3698899893288657}. Best is trial 1552 with value: 0.2873222411163454.
checkpoint_e22 window_influence: 0.33716446944868883, penalty_k: 0.02863573819642379, scale_lr: 0.36874741244566128, EAO: 0.273
Trial 1628 finished with value: 0.2726947041304131 and parameters: {'window_influence': 0.33716446944868883, 'penalty_k': 0.02863573819642379, 'scale_lr': 0.3687474124456613}. Best is trial 1552 with value: 0.2873222411163454.
checkpoint_e22 window_influence: 0.08994994793928995, penalty_k: 0.02425114636462558, scale_lr: 0.36062157726052185, EAO: 0.238
Trial 1629 finished with value: 0.23814337567342975 and parameters: {'window_influence': 0.08994994793928995, 'penalty_k': 0.024251146364625584, 'scale_lr': 0.36062157726052185}. Best is trial 1552 with value: 0.2873222411163454.
checkpoint_e22 window_influence: 0.36050188231677671, penalty_k: 0.03077726466537703, scale_lr: 0.37021585453400407, EAO: 0.275
Trial 1630 finished with value: 0.2747341992893839 and parameters: {'window_influence': 0.3605018823167767, 'penalty_k': 0.030777264665377033, 'scale_lr': 0.3702158545340041}. Best is trial 1552 with value: 0.2873222411163454.
checkpoint_e22 window_influence: 0.34592412058927730, penalty_k: 0.01705514676599579, scale_lr: 0.37099011208963728, EAO: 0.265
Trial 1631 finished with value: 0.2650348779752972 and parameters: {'window_influence': 0.3459241205892773, 'penalty_k': 0.017055146765995788, 'scale_lr': 0.3709901120896373}. Best is trial 1552 with value: 0.2873222411163454.
checkpoint_e22 window_influence: 0.32665029128262779, penalty_k: 0.03095933878193517, scale_lr: 0.34736563336363790, EAO: 0.264
Trial 1632 finished with value: 0.2638288738766337 and parameters: {'window_influence': 0.3266502912826278, 'penalty_k': 0.03095933878193517, 'scale_lr': 0.3473656333636379}. Best is trial 1552 with value: 0.2873222411163454.
checkpoint_e22 window_influence: 0.33736095539531596, penalty_k: 0.03081819675262856, scale_lr: 0.36830993788045513, EAO: 0.278
Trial 1633 finished with value: 0.27821228144372384 and parameters: {'window_influence': 0.33736095539531596, 'penalty_k': 0.030818196752628556, 'scale_lr': 0.36830993788045513}. Best is trial 1552 with value: 0.2873222411163454.
checkpoint_e22 window_influence: 0.54068254793586401, penalty_k: 0.00977000864873814, scale_lr: 0.36004652006982801, EAO: 0.242
Trial 1634 finished with value: 0.2417303397040057 and parameters: {'window_influence': 0.540682547935864, 'penalty_k': 0.009770008648738136, 'scale_lr': 0.360046520069828}. Best is trial 1552 with value: 0.2873222411163454.
checkpoint_e22 window_influence: 0.13939911761875670, penalty_k: 0.03504719027937336, scale_lr: 0.37955859701917638, EAO: 0.244
Trial 1635 finished with value: 0.24407013802508998 and parameters: {'window_influence': 0.1393991176187567, 'penalty_k': 0.035047190279373364, 'scale_lr': 0.3795585970191764}. Best is trial 1552 with value: 0.2873222411163454.
checkpoint_e22 window_influence: 0.35981991133666663, penalty_k: 0.02049540142106888, scale_lr: 0.35118423018404621, EAO: 0.260
Trial 1636 finished with value: 0.2599890144254134 and parameters: {'window_influence': 0.35981991133666663, 'penalty_k': 0.02049540142106888, 'scale_lr': 0.3511842301840462}. Best is trial 1552 with value: 0.2873222411163454.
checkpoint_e22 window_influence: 0.35779448007754527, penalty_k: 0.04072031436016946, scale_lr: 0.36975860765615587, EAO: 0.273
Trial 1637 finished with value: 0.27310612204113627 and parameters: {'window_influence': 0.3577944800775453, 'penalty_k': 0.04072031436016946, 'scale_lr': 0.36975860765615587}. Best is trial 1552 with value: 0.2873222411163454.
checkpoint_e22 window_influence: 0.36283367507006198, penalty_k: 0.04011870082315369, scale_lr: 0.36641039139110193, EAO: 0.265
Trial 1638 finished with value: 0.26543073156257957 and parameters: {'window_influence': 0.362833675070062, 'penalty_k': 0.04011870082315369, 'scale_lr': 0.36641039139110193}. Best is trial 1552 with value: 0.2873222411163454.
checkpoint_e22 window_influence: 0.35854459963879132, penalty_k: 0.04248657617245127, scale_lr: 0.34072868723206595, EAO: 0.264
Trial 1639 finished with value: 0.2638584713383419 and parameters: {'window_influence': 0.3585445996387913, 'penalty_k': 0.042486576172451274, 'scale_lr': 0.34072868723206595}. Best is trial 1552 with value: 0.2873222411163454.
checkpoint_e22 window_influence: 0.35675311640843810, penalty_k: 0.02517266530774338, scale_lr: 0.36750906173211978, EAO: 0.254
Trial 1640 finished with value: 0.25422885856492733 and parameters: {'window_influence': 0.3567531164084381, 'penalty_k': 0.025172665307743383, 'scale_lr': 0.3675090617321198}. Best is trial 1552 with value: 0.2873222411163454.
checkpoint_e22 window_influence: 0.37044770226295964, penalty_k: 0.00985306922455387, scale_lr: 0.34755008380776414, EAO: 0.260
Trial 1641 finished with value: 0.25972653876959795 and parameters: {'window_influence': 0.37044770226295964, 'penalty_k': 0.009853069224553866, 'scale_lr': 0.34755008380776414}. Best is trial 1552 with value: 0.2873222411163454.
checkpoint_e22 window_influence: 0.57574188808766080, penalty_k: 0.03559320416968988, scale_lr: 0.37626848879459046, EAO: 0.233
Trial 1642 finished with value: 0.23260461054439466 and parameters: {'window_influence': 0.5757418880876608, 'penalty_k': 0.035593204169689883, 'scale_lr': 0.37626848879459046}. Best is trial 1552 with value: 0.2873222411163454.
checkpoint_e22 window_influence: 0.35231263480167474, penalty_k: 0.04927136452867697, scale_lr: 0.35551999880834023, EAO: 0.262
Trial 1643 finished with value: 0.2618771327462623 and parameters: {'window_influence': 0.35231263480167474, 'penalty_k': 0.04927136452867697, 'scale_lr': 0.35551999880834023}. Best is trial 1552 with value: 0.2873222411163454.
checkpoint_e22 window_influence: 0.37033699679987175, penalty_k: 0.02921892133682547, scale_lr: 0.38031134324006843, EAO: 0.252
Trial 1644 finished with value: 0.2521342186908412 and parameters: {'window_influence': 0.37033699679987175, 'penalty_k': 0.029218921336825465, 'scale_lr': 0.38031134324006843}. Best is trial 1552 with value: 0.2873222411163454.
checkpoint_e22 window_influence: 0.34732481991368092, penalty_k: 0.04275269594539696, scale_lr: 0.35836556513694734, EAO: 0.260
Trial 1645 finished with value: 0.25988244919515235 and parameters: {'window_influence': 0.3473248199136809, 'penalty_k': 0.042752695945396955, 'scale_lr': 0.35836556513694734}. Best is trial 1552 with value: 0.2873222411163454.
checkpoint_e22 window_influence: 0.36066486741310205, penalty_k: 0.00145507089940355, scale_lr: 0.37176261922017717, EAO: 0.264
Trial 1646 finished with value: 0.2639999125546556 and parameters: {'window_influence': 0.36066486741310205, 'penalty_k': 0.0014550708994035544, 'scale_lr': 0.37176261922017717}. Best is trial 1552 with value: 0.2873222411163454.
checkpoint_e22 window_influence: 0.37311590790007393, penalty_k: 0.01706147176969672, scale_lr: 0.38240808744982413, EAO: 0.263
Trial 1647 finished with value: 0.2629241206781651 and parameters: {'window_influence': 0.37311590790007393, 'penalty_k': 0.017061471769696718, 'scale_lr': 0.38240808744982413}. Best is trial 1552 with value: 0.2873222411163454.
checkpoint_e22 window_influence: 0.34686323830816163, penalty_k: 0.03178894023835720, scale_lr: 0.34496947228486924, EAO: 0.272
Trial 1648 finished with value: 0.27191760808956333 and parameters: {'window_influence': 0.3468632383081616, 'penalty_k': 0.031788940238357204, 'scale_lr': 0.34496947228486924}. Best is trial 1552 with value: 0.2873222411163454.
checkpoint_e22 window_influence: 0.36113947909617505, penalty_k: 0.04749934584624180, scale_lr: 0.38876218062258378, EAO: 0.271
Trial 1649 finished with value: 0.2711971568140557 and parameters: {'window_influence': 0.36113947909617505, 'penalty_k': 0.047499345846241804, 'scale_lr': 0.3887621806225838}. Best is trial 1552 with value: 0.2873222411163454.
checkpoint_e22 window_influence: 0.34278329423871001, penalty_k: 0.01916099956136228, scale_lr: 0.36569666551950974, EAO: 0.254
Trial 1650 finished with value: 0.25376008620591667 and parameters: {'window_influence': 0.34278329423871, 'penalty_k': 0.019160999561362285, 'scale_lr': 0.36569666551950974}. Best is trial 1552 with value: 0.2873222411163454.
checkpoint_e22 window_influence: 0.37026736370543123, penalty_k: 0.04198678011664544, scale_lr: 0.33291059760755259, EAO: 0.248
Trial 1651 finished with value: 0.24848931640144287 and parameters: {'window_influence': 0.37026736370543123, 'penalty_k': 0.041986780116645445, 'scale_lr': 0.3329105976075526}. Best is trial 1552 with value: 0.2873222411163454.
checkpoint_e22 window_influence: 0.35477774432981396, penalty_k: 0.03063022217805001, scale_lr: 0.39254328610151612, EAO: 0.266
Trial 1652 finished with value: 0.2657827922120327 and parameters: {'window_influence': 0.35477774432981396, 'penalty_k': 0.030630222178050014, 'scale_lr': 0.3925432861015161}. Best is trial 1552 with value: 0.2873222411163454.
checkpoint_e22 window_influence: 0.34166663304452005, penalty_k: 0.05152772363467097, scale_lr: 0.37634433910620763, EAO: 0.269
Trial 1653 finished with value: 0.2694459951263133 and parameters: {'window_influence': 0.34166663304452005, 'penalty_k': 0.05152772363467097, 'scale_lr': 0.3763443391062076}. Best is trial 1552 with value: 0.2873222411163454.
checkpoint_e22 window_influence: 0.35990321807705067, penalty_k: 0.02076709276371059, scale_lr: 0.36015110222585162, EAO: 0.254
Trial 1654 finished with value: 0.2535485675543304 and parameters: {'window_influence': 0.35990321807705067, 'penalty_k': 0.020767092763710592, 'scale_lr': 0.3601511022258516}. Best is trial 1552 with value: 0.2873222411163454.
checkpoint_e22 window_influence: 0.15180785587852905, penalty_k: 0.03301786358771400, scale_lr: 0.39119902637928883, EAO: 0.251
Trial 1655 finished with value: 0.25130067923204685 and parameters: {'window_influence': 0.15180785587852905, 'penalty_k': 0.033017863587714, 'scale_lr': 0.39119902637928883}. Best is trial 1552 with value: 0.2873222411163454.
checkpoint_e22 window_influence: 0.36815818844774573, penalty_k: 0.00971311868049104, scale_lr: 0.34148856631430230, EAO: 0.254
Trial 1656 finished with value: 0.2537418924938373 and parameters: {'window_influence': 0.3681581884477457, 'penalty_k': 0.009713118680491038, 'scale_lr': 0.3414885663143023}. Best is trial 1552 with value: 0.2873222411163454.
checkpoint_e22 window_influence: 0.20704581888417506, penalty_k: 0.05269689225325819, scale_lr: 0.37285372578623199, EAO: 0.254
Trial 1657 finished with value: 0.25422504096011805 and parameters: {'window_influence': 0.20704581888417506, 'penalty_k': 0.052696892253258194, 'scale_lr': 0.372853725786232}. Best is trial 1552 with value: 0.2873222411163454.
checkpoint_e22 window_influence: 0.19350239083654397, penalty_k: 0.04173976653157488, scale_lr: 0.40019273519748910, EAO: 0.255
Trial 1658 finished with value: 0.2550801972184724 and parameters: {'window_influence': 0.19350239083654397, 'penalty_k': 0.04173976653157488, 'scale_lr': 0.4001927351974891}. Best is trial 1552 with value: 0.2873222411163454.
checkpoint_e22 window_influence: 0.35064592334805456, penalty_k: 0.02177733639256656, scale_lr: 0.38262579786343409, EAO: 0.260
Trial 1659 finished with value: 0.2595256963759903 and parameters: {'window_influence': 0.35064592334805456, 'penalty_k': 0.021777336392566564, 'scale_lr': 0.3826257978634341}. Best is trial 1552 with value: 0.2873222411163454.
checkpoint_e22 window_influence: 0.37495143499655986, penalty_k: 0.05524285458342595, scale_lr: 0.35658941301442704, EAO: 0.265
Trial 1660 finished with value: 0.2653406961419718 and parameters: {'window_influence': 0.37495143499655986, 'penalty_k': 0.055242854583425954, 'scale_lr': 0.35658941301442704}. Best is trial 1552 with value: 0.2873222411163454.
checkpoint_e22 window_influence: 0.33821388345439707, penalty_k: 0.00017044445469529, scale_lr: 0.40365155397046659, EAO: 0.250
Trial 1661 finished with value: 0.25012637983735014 and parameters: {'window_influence': 0.33821388345439707, 'penalty_k': 0.00017044445469529407, 'scale_lr': 0.4036515539704666}. Best is trial 1552 with value: 0.2873222411163454.
checkpoint_e22 window_influence: 0.33141221918786173, penalty_k: 0.04346355081167674, scale_lr: 0.32795146916833079, EAO: 0.256
Trial 1662 finished with value: 0.25600918715562276 and parameters: {'window_influence': 0.33141221918786173, 'penalty_k': 0.043463550811676736, 'scale_lr': 0.3279514691683308}. Best is trial 1552 with value: 0.2873222411163454.
checkpoint_e22 window_influence: 0.35882523235362523, penalty_k: 0.02803908179976930, scale_lr: 0.36954366410779177, EAO: 0.256
Trial 1663 finished with value: 0.2560910965974738 and parameters: {'window_influence': 0.35882523235362523, 'penalty_k': 0.028039081799769296, 'scale_lr': 0.36954366410779177}. Best is trial 1552 with value: 0.2873222411163454.
checkpoint_e22 window_influence: 0.34712311340897456, penalty_k: 0.03770946044417971, scale_lr: 0.39020357360617719, EAO: 0.257
Trial 1664 finished with value: 0.25701957541268045 and parameters: {'window_influence': 0.34712311340897456, 'penalty_k': 0.03770946044417971, 'scale_lr': 0.3902035736061772}. Best is trial 1552 with value: 0.2873222411163454.
checkpoint_e22 window_influence: 0.37532524417164309, penalty_k: 0.06031844177602128, scale_lr: 0.34824111397700624, EAO: 0.264
