Trial 1970 finished with value: 0.26995664604795655 and parameters: {'window_influence': 0.3416726786351515, 'penalty_k': 0.0372348215199623, 'scale_lr': 0.35375609815124004}. Best is trial 1552 with value: 0.2873222411163454.
checkpoint_e22 window_influence: 0.35860003441592930, penalty_k: 0.34708845646422481, scale_lr: 0.74383496053786002, EAO: 0.255
Trial 1971 finished with value: 0.2553446265013237 and parameters: {'window_influence': 0.3586000344159293, 'penalty_k': 0.3470884564642248, 'scale_lr': 0.74383496053786}. Best is trial 1552 with value: 0.2873222411163454.
checkpoint_e22 window_influence: 0.32518969775219281, penalty_k: 0.30224394582649317, scale_lr: 0.38627846192520959, EAO: 0.242
Trial 1972 finished with value: 0.24166205876726446 and parameters: {'window_influence': 0.3251896977521928, 'penalty_k': 0.30224394582649317, 'scale_lr': 0.3862784619252096}. Best is trial 1552 with value: 0.2873222411163454.
checkpoint_e22 window_influence: 0.38090473968329847, penalty_k: 0.05870170195256521, scale_lr: 0.31579962784637822, EAO: 0.270
Trial 1973 finished with value: 0.2696494658788045 and parameters: {'window_influence': 0.38090473968329847, 'penalty_k': 0.05870170195256521, 'scale_lr': 0.3157996278463782}. Best is trial 1552 with value: 0.2873222411163454.
checkpoint_e22 window_influence: 0.34966790573754569, penalty_k: 0.13738314927286427, scale_lr: 0.36500653818963380, EAO: 0.242
Trial 1974 finished with value: 0.2422168588008338 and parameters: {'window_influence': 0.3496679057375457, 'penalty_k': 0.13738314927286427, 'scale_lr': 0.3650065381896338}. Best is trial 1552 with value: 0.2873222411163454.
checkpoint_e22 window_influence: 0.29007750089531081, penalty_k: 0.04864104494545885, scale_lr: 0.40193633776185178, EAO: 0.254
Trial 1975 finished with value: 0.2536481677637837 and parameters: {'window_influence': 0.2900775008953108, 'penalty_k': 0.04864104494545885, 'scale_lr': 0.4019363377618518}. Best is trial 1552 with value: 0.2873222411163454.
checkpoint_e22 window_influence: 0.36506513798278212, penalty_k: 0.02714023717714225, scale_lr: 0.34163462862988075, EAO: 0.264
Trial 1976 finished with value: 0.26387543013183085 and parameters: {'window_influence': 0.3650651379827821, 'penalty_k': 0.02714023717714225, 'scale_lr': 0.34163462862988075}. Best is trial 1552 with value: 0.2873222411163454.
checkpoint_e22 window_influence: 0.24564683265007067, penalty_k: 0.11450075301668342, scale_lr: 0.79209626476407147, EAO: 0.257
Trial 1977 finished with value: 0.2569838833154702 and parameters: {'window_influence': 0.24564683265007067, 'penalty_k': 0.11450075301668342, 'scale_lr': 0.7920962647640715}. Best is trial 1552 with value: 0.2873222411163454.
checkpoint_e22 window_influence: 0.06358218152175066, penalty_k: 0.40329971527996594, scale_lr: 0.43662439766307981, EAO: 0.222
Trial 1978 finished with value: 0.22248193694324028 and parameters: {'window_influence': 0.06358218152175066, 'penalty_k': 0.40329971527996594, 'scale_lr': 0.4366243976630798}. Best is trial 1552 with value: 0.2873222411163454.
checkpoint_e22 window_influence: 0.55191350099307324, penalty_k: 0.32211092512554762, scale_lr: 0.73784332039429668, EAO: 0.219
Trial 1979 finished with value: 0.21890996862960055 and parameters: {'window_influence': 0.5519135009930732, 'penalty_k': 0.3221109251255476, 'scale_lr': 0.7378433203942967}. Best is trial 1552 with value: 0.2873222411163454.
checkpoint_e22 window_influence: 0.33526489754668332, penalty_k: 0.06944002970627319, scale_lr: 0.38056802300576398, EAO: 0.251
Trial 1980 finished with value: 0.25073786049596664 and parameters: {'window_influence': 0.3352648975466833, 'penalty_k': 0.06944002970627319, 'scale_lr': 0.380568023005764}. Best is trial 1552 with value: 0.2873222411163454.
checkpoint_e22 window_influence: 0.39097551124048630, penalty_k: 0.47043530222177021, scale_lr: 0.79809454687472492, EAO: 0.247
Trial 1981 finished with value: 0.24651886462196101 and parameters: {'window_influence': 0.3909755112404863, 'penalty_k': 0.4704353022217702, 'scale_lr': 0.7980945468747249}. Best is trial 1552 with value: 0.2873222411163454.
checkpoint_e22 window_influence: 0.31651684735612484, penalty_k: 0.54769871431243611, scale_lr: 0.39682714585518852, EAO: 0.247
Trial 1982 finished with value: 0.24735081759167882 and parameters: {'window_influence': 0.31651684735612484, 'penalty_k': 0.5476987143124361, 'scale_lr': 0.3968271458551885}. Best is trial 1552 with value: 0.2873222411163454.
checkpoint_e22 window_influence: 0.37233284710532899, penalty_k: 0.03818274375413471, scale_lr: 0.28267641405417976, EAO: 0.266
Trial 1983 finished with value: 0.26562018432025986 and parameters: {'window_influence': 0.372332847105329, 'penalty_k': 0.03818274375413471, 'scale_lr': 0.28267641405417976}. Best is trial 1552 with value: 0.2873222411163454.
checkpoint_e22 window_influence: 0.27732375412787585, penalty_k: 0.00029752746673341, scale_lr: 0.25511071523548356, EAO: 0.238
Trial 1984 finished with value: 0.23836218323407135 and parameters: {'window_influence': 0.27732375412787585, 'penalty_k': 0.0002975274667334146, 'scale_lr': 0.25511071523548356}. Best is trial 1552 with value: 0.2873222411163454.
checkpoint_e22 window_influence: 0.46716088669578776, penalty_k: 0.01978729766496153, scale_lr: 0.18263996337660321, EAO: 0.243
Trial 1985 finished with value: 0.24258444682369387 and parameters: {'window_influence': 0.46716088669578776, 'penalty_k': 0.019787297664961533, 'scale_lr': 0.1826399633766032}. Best is trial 1552 with value: 0.2873222411163454.
checkpoint_e22 window_influence: 0.35554648991892512, penalty_k: 0.05216805165766808, scale_lr: 0.26652150324473611, EAO: 0.262
Trial 1986 finished with value: 0.26230534232728847 and parameters: {'window_influence': 0.3555464899189251, 'penalty_k': 0.05216805165766808, 'scale_lr': 0.2665215032447361}. Best is trial 1552 with value: 0.2873222411163454.
checkpoint_e22 window_influence: 0.34679369546831795, penalty_k: 0.03446096845248924, scale_lr: 0.21235992247096022, EAO: 0.258
Trial 1987 finished with value: 0.25834776667075426 and parameters: {'window_influence': 0.34679369546831795, 'penalty_k': 0.034460968452489235, 'scale_lr': 0.21235992247096022}. Best is trial 1552 with value: 0.2873222411163454.
checkpoint_e22 window_influence: 0.36415220967627593, penalty_k: 0.09959867479728005, scale_lr: 0.23049021350566756, EAO: 0.248
Trial 1988 finished with value: 0.24795355659917118 and parameters: {'window_influence': 0.36415220967627593, 'penalty_k': 0.09959867479728005, 'scale_lr': 0.23049021350566756}. Best is trial 1552 with value: 0.2873222411163454.
checkpoint_e22 window_influence: 0.38040500884582856, penalty_k: 0.01927423470706999, scale_lr: 0.35544436226346982, EAO: 0.254
Trial 1989 finished with value: 0.2544248164669285 and parameters: {'window_influence': 0.38040500884582856, 'penalty_k': 0.019274234707069994, 'scale_lr': 0.3554443622634698}. Best is trial 1552 with value: 0.2873222411163454.
checkpoint_e22 window_influence: 0.21686395888285115, penalty_k: 0.05832015898764662, scale_lr: 0.42613019080468967, EAO: 0.255
Trial 1990 finished with value: 0.25484589717494766 and parameters: {'window_influence': 0.21686395888285115, 'penalty_k': 0.05832015898764662, 'scale_lr': 0.42613019080468967}. Best is trial 1552 with value: 0.2873222411163454.
checkpoint_e22 window_influence: 0.33251816886147567, penalty_k: 0.04153794261688277, scale_lr: 0.40767504441884017, EAO: 0.253
Trial 1991 finished with value: 0.25306963484461714 and parameters: {'window_influence': 0.33251816886147567, 'penalty_k': 0.04153794261688277, 'scale_lr': 0.40767504441884017}. Best is trial 1552 with value: 0.2873222411163454.
checkpoint_e22 window_influence: 0.53092729049635023, penalty_k: 0.07575055768073752, scale_lr: 0.37372380728335880, EAO: 0.242
Trial 1992 finished with value: 0.24164952059102252 and parameters: {'window_influence': 0.5309272904963502, 'penalty_k': 0.07575055768073752, 'scale_lr': 0.3737238072833588}. Best is trial 1552 with value: 0.2873222411163454.
checkpoint_e22 window_influence: 0.34461844624011057, penalty_k: 0.31473462229764737, scale_lr: 0.33095659992089654, EAO: 0.251
Trial 1993 finished with value: 0.2509567349301121 and parameters: {'window_influence': 0.34461844624011057, 'penalty_k': 0.31473462229764737, 'scale_lr': 0.33095659992089654}. Best is trial 1552 with value: 0.2873222411163454.
checkpoint_e22 window_influence: 0.54589803461551700, penalty_k: 0.02777958885689921, scale_lr: 0.21907359378349145, EAO: 0.232
Trial 1994 finished with value: 0.23184199152680918 and parameters: {'window_influence': 0.545898034615517, 'penalty_k': 0.027779588856899212, 'scale_lr': 0.21907359378349145}. Best is trial 1552 with value: 0.2873222411163454.
checkpoint_e22 window_influence: 0.10677755841682762, penalty_k: 0.01264975666759873, scale_lr: 0.39131411061331034, EAO: 0.238
Trial 1995 finished with value: 0.2383893135238469 and parameters: {'window_influence': 0.10677755841682762, 'penalty_k': 0.012649756667598731, 'scale_lr': 0.39131411061331034}. Best is trial 1552 with value: 0.2873222411163454.
checkpoint_e22 window_influence: 0.26065495905603886, penalty_k: 0.06792476968958951, scale_lr: 0.36306229340299145, EAO: 0.245
Trial 1996 finished with value: 0.2448959009555297 and parameters: {'window_influence': 0.26065495905603886, 'penalty_k': 0.0679247696895895, 'scale_lr': 0.36306229340299145}. Best is trial 1552 with value: 0.2873222411163454.
checkpoint_e22 window_influence: 0.14812646074724956, penalty_k: 0.46458964491411414, scale_lr: 0.44603059241623078, EAO: 0.237
Trial 1997 finished with value: 0.23653953280148468 and parameters: {'window_influence': 0.14812646074724956, 'penalty_k': 0.46458964491411414, 'scale_lr': 0.4460305924162308}. Best is trial 1552 with value: 0.2873222411163454.
checkpoint_e22 window_influence: 0.56114832823365624, penalty_k: 0.05055355922594082, scale_lr: 0.52223944023395652, EAO: 0.233
Trial 1998 finished with value: 0.23332488488375655 and parameters: {'window_influence': 0.5611483282336562, 'penalty_k': 0.05055355922594082, 'scale_lr': 0.5222394402339565}. Best is trial 1552 with value: 0.2873222411163454.
checkpoint_e22 window_influence: 0.30280888083868590, penalty_k: 0.32561234473726403, scale_lr: 0.19798918489106745, EAO: 0.254
Trial 1999 finished with value: 0.2539658060039931 and parameters: {'window_influence': 0.3028088808386859, 'penalty_k': 0.325612344737264, 'scale_lr': 0.19798918489106745}. Best is trial 1552 with value: 0.2873222411163454.
checkpoint_e22 window_influence: 0.35853506056321860, penalty_k: 0.29016711925463401, scale_lr: 0.31614229163907248, EAO: 0.246
Trial 2000 finished with value: 0.24580040319663723 and parameters: {'window_influence': 0.3585350605632186, 'penalty_k': 0.290167119254634, 'scale_lr': 0.3161422916390725}. Best is trial 1552 with value: 0.2873222411163454.
checkpoint_e22 window_influence: 0.17295411115015427, penalty_k: 0.14130385472350965, scale_lr: 0.34312726858904624, EAO: 0.233
Trial 2001 finished with value: 0.2329889993842055 and parameters: {'window_influence': 0.17295411115015427, 'penalty_k': 0.14130385472350965, 'scale_lr': 0.34312726858904624}. Best is trial 1552 with value: 0.2873222411163454.
checkpoint_e22 window_influence: 0.13012897172768045, penalty_k: 0.11313270225604757, scale_lr: 0.30469927796683777, EAO: 0.236
Trial 2002 finished with value: 0.23556291275635 and parameters: {'window_influence': 0.13012897172768045, 'penalty_k': 0.11313270225604757, 'scale_lr': 0.30469927796683777}. Best is trial 1552 with value: 0.2873222411163454.
checkpoint_e22 window_influence: 0.43727798629653047, penalty_k: 0.03759509234959427, scale_lr: 0.38098855043749280, EAO: 0.262
Trial 2003 finished with value: 0.2624828796682319 and parameters: {'window_influence': 0.4372779862965305, 'penalty_k': 0.037595092349594274, 'scale_lr': 0.3809885504374928}. Best is trial 1552 with value: 0.2873222411163454.
checkpoint_e22 window_influence: 0.46021331200104498, penalty_k: 0.41165395556808093, scale_lr: 0.40546577765101205, EAO: 0.248
Trial 2004 finished with value: 0.2477502511526511 and parameters: {'window_influence': 0.460213312001045, 'penalty_k': 0.41165395556808093, 'scale_lr': 0.40546577765101205}. Best is trial 1552 with value: 0.2873222411163454.
checkpoint_e22 window_influence: 0.39188647721383102, penalty_k: 0.09313753491345204, scale_lr: 0.42108461870733149, EAO: 0.257
Trial 2005 finished with value: 0.2569441118739485 and parameters: {'window_influence': 0.391886477213831, 'penalty_k': 0.09313753491345204, 'scale_lr': 0.4210846187073315}. Best is trial 1552 with value: 0.2873222411163454.
checkpoint_e22 window_influence: 0.37263976569759605, penalty_k: 0.34826265168137216, scale_lr: 0.36736100102888314, EAO: 0.259
Trial 2006 finished with value: 0.25880146874644894 and parameters: {'window_influence': 0.37263976569759605, 'penalty_k': 0.34826265168137216, 'scale_lr': 0.36736100102888314}. Best is trial 1552 with value: 0.2873222411163454.
checkpoint_e22 window_influence: 0.32906700896908536, penalty_k: 0.02158578463909289, scale_lr: 0.39202802811583859, EAO: 0.258
Trial 2007 finished with value: 0.25824585908312137 and parameters: {'window_influence': 0.32906700896908536, 'penalty_k': 0.021585784639092893, 'scale_lr': 0.3920280281158386}. Best is trial 1552 with value: 0.2873222411163454.
checkpoint_e22 window_influence: 0.31407994513604337, penalty_k: 0.04751694052819005, scale_lr: 0.35045867957727406, EAO: 0.257
Trial 2008 finished with value: 0.2568413308723186 and parameters: {'window_influence': 0.31407994513604337, 'penalty_k': 0.04751694052819005, 'scale_lr': 0.35045867957727406}. Best is trial 1552 with value: 0.2873222411163454.
checkpoint_e22 window_influence: 0.34501735731808647, penalty_k: 0.13534706397013235, scale_lr: 0.25120488877482633, EAO: 0.247
Trial 2009 finished with value: 0.24718031995907064 and parameters: {'window_influence': 0.34501735731808647, 'penalty_k': 0.13534706397013235, 'scale_lr': 0.25120488877482633}. Best is trial 1552 with value: 0.2873222411163454.
checkpoint_e22 window_influence: 0.35725769851653266, penalty_k: 0.03136859605085418, scale_lr: 0.43041577383244867, EAO: 0.267
Trial 2010 finished with value: 0.26725091942684437 and parameters: {'window_influence': 0.35725769851653266, 'penalty_k': 0.03136859605085418, 'scale_lr': 0.43041577383244867}. Best is trial 1552 with value: 0.2873222411163454.
checkpoint_e22 window_influence: 0.27011686538033769, penalty_k: 0.01070144809153550, scale_lr: 0.38009624559440752, EAO: 0.254
Trial 2011 finished with value: 0.25439023935213323 and parameters: {'window_influence': 0.2701168653803377, 'penalty_k': 0.0107014480915355, 'scale_lr': 0.3800962455944075}. Best is trial 1552 with value: 0.2873222411163454.
checkpoint_e22 window_influence: 0.36735828048397023, penalty_k: 0.06576604602330248, scale_lr: 0.50937505496816982, EAO: 0.260
Trial 2012 finished with value: 0.25980025190648026 and parameters: {'window_influence': 0.36735828048397023, 'penalty_k': 0.06576604602330248, 'scale_lr': 0.5093750549681698}. Best is trial 1552 with value: 0.2873222411163454.
checkpoint_e22 window_influence: 0.38002713389976656, penalty_k: 0.12659873070216704, scale_lr: 0.45514749892064671, EAO: 0.251
Trial 2013 finished with value: 0.25104505829210205 and parameters: {'window_influence': 0.38002713389976656, 'penalty_k': 0.12659873070216704, 'scale_lr': 0.4551474989206467}. Best is trial 1552 with value: 0.2873222411163454.
checkpoint_e22 window_influence: 0.33944348046668604, penalty_k: 0.49771044455593566, scale_lr: 0.40945341119044676, EAO: 0.249
Trial 2014 finished with value: 0.24854540176750198 and parameters: {'window_influence': 0.33944348046668604, 'penalty_k': 0.49771044455593566, 'scale_lr': 0.40945341119044676}. Best is trial 1552 with value: 0.2873222411163454.
checkpoint_e22 window_influence: 0.63055986111868834, penalty_k: 0.08548272415958236, scale_lr: 0.33311264439371646, EAO: 0.209
Trial 2015 finished with value: 0.20876480475431536 and parameters: {'window_influence': 0.6305598611186883, 'penalty_k': 0.08548272415958236, 'scale_lr': 0.33311264439371646}. Best is trial 1552 with value: 0.2873222411163454.
checkpoint_e22 window_influence: 0.28597852415878416, penalty_k: 0.43855253722245435, scale_lr: 0.29077236335714107, EAO: 0.252
Trial 2016 finished with value: 0.25163001912396127 and parameters: {'window_influence': 0.28597852415878416, 'penalty_k': 0.43855253722245435, 'scale_lr': 0.2907723633571411}. Best is trial 1552 with value: 0.2873222411163454.
checkpoint_e22 window_influence: 0.35098537896773729, penalty_k: 0.05839437477630154, scale_lr: 0.18856570947717341, EAO: 0.260
Trial 2017 finished with value: 0.25959007593432093 and parameters: {'window_influence': 0.3509853789677373, 'penalty_k': 0.058394374776301536, 'scale_lr': 0.1885657094771734}. Best is trial 1552 with value: 0.2873222411163454.
checkpoint_e22 window_influence: 0.38931805266167591, penalty_k: 0.04034230470038212, scale_lr: 0.39263933414455898, EAO: 0.252
Trial 2018 finished with value: 0.25241890616290935 and parameters: {'window_influence': 0.3893180526616759, 'penalty_k': 0.04034230470038212, 'scale_lr': 0.392639334144559}. Best is trial 1552 with value: 0.2873222411163454.
checkpoint_e22 window_influence: 0.36621685406428872, penalty_k: 0.02644063393531315, scale_lr: 0.36720406290543517, EAO: 0.268
Trial 2019 finished with value: 0.267752988672838 and parameters: {'window_influence': 0.3662168540642887, 'penalty_k': 0.026440633935313155, 'scale_lr': 0.36720406290543517}. Best is trial 1552 with value: 0.2873222411163454.
checkpoint_e22 window_influence: 0.32633562980332298, penalty_k: 0.04964614011925639, scale_lr: 0.35402806092574562, EAO: 0.265
Trial 2020 finished with value: 0.2651385160965648 and parameters: {'window_influence': 0.326335629803323, 'penalty_k': 0.04964614011925639, 'scale_lr': 0.3540280609257456}. Best is trial 1552 with value: 0.2873222411163454.
checkpoint_e22 window_influence: 0.05419238833568313, penalty_k: 0.01094498380981668, scale_lr: 0.41103285413956664, EAO: 0.232
Trial 2021 finished with value: 0.2324915322952154 and parameters: {'window_influence': 0.05419238833568313, 'penalty_k': 0.010944983809816677, 'scale_lr': 0.41103285413956664}. Best is trial 1552 with value: 0.2873222411163454.
checkpoint_e22 window_influence: 0.33971291337655668, penalty_k: 0.03422198857033479, scale_lr: 0.52826059298153138, EAO: 0.269
Trial 2022 finished with value: 0.2686479213397677 and parameters: {'window_influence': 0.3397129133765567, 'penalty_k': 0.03422198857033479, 'scale_lr': 0.5282605929815314}. Best is trial 1552 with value: 0.2873222411163454.
checkpoint_e22 window_influence: 0.16965313324717310, penalty_k: 0.07477263161922709, scale_lr: 0.70208360098709865, EAO: 0.252
Trial 2023 finished with value: 0.2519407244474907 and parameters: {'window_influence': 0.1696531332471731, 'penalty_k': 0.07477263161922709, 'scale_lr': 0.7020836009870987}. Best is trial 1552 with value: 0.2873222411163454.
checkpoint_e22 window_influence: 0.20353049189406969, penalty_k: 0.36411306887602346, scale_lr: 0.30166068100207338, EAO: 0.239
Trial 2024 finished with value: 0.2385185231886259 and parameters: {'window_influence': 0.2035304918940697, 'penalty_k': 0.36411306887602346, 'scale_lr': 0.3016606810020734}. Best is trial 1552 with value: 0.2873222411163454.
checkpoint_e22 window_influence: 0.24841573634104774, penalty_k: 0.55514314619509553, scale_lr: 0.37834646607775374, EAO: 0.251
Trial 2025 finished with value: 0.2512987398398601 and parameters: {'window_influence': 0.24841573634104774, 'penalty_k': 0.5551431461950955, 'scale_lr': 0.37834646607775374}. Best is trial 1552 with value: 0.2873222411163454.
checkpoint_e22 window_influence: 0.30234365012571035, penalty_k: 0.02388604389272799, scale_lr: 0.23782611935638048, EAO: 0.261
Trial 2026 finished with value: 0.2611146200357414 and parameters: {'window_influence': 0.30234365012571035, 'penalty_k': 0.023886043892727988, 'scale_lr': 0.23782611935638048}. Best is trial 1552 with value: 0.2873222411163454.
checkpoint_e22 window_influence: 0.64067528623368719, penalty_k: 0.05549540406935433, scale_lr: 0.39684717464893138, EAO: 0.204
Trial 2027 finished with value: 0.2036454577029236 and parameters: {'window_influence': 0.6406752862336872, 'penalty_k': 0.05549540406935433, 'scale_lr': 0.3968471746489314}. Best is trial 1552 with value: 0.2873222411163454.
checkpoint_e22 window_influence: 0.35333379182971530, penalty_k: 0.04132186061095981, scale_lr: 0.58791584006707964, EAO: 0.247
Trial 2028 finished with value: 0.24736052612221338 and parameters: {'window_influence': 0.3533337918297153, 'penalty_k': 0.04132186061095981, 'scale_lr': 0.5879158400670796}. Best is trial 1552 with value: 0.2873222411163454.
checkpoint_e22 window_influence: 0.36973390152691837, penalty_k: 0.40178606079228235, scale_lr: 0.31977911902548345, EAO: 0.237
Trial 2029 finished with value: 0.2365318465281308 and parameters: {'window_influence': 0.3697339015269184, 'penalty_k': 0.40178606079228235, 'scale_lr': 0.31977911902548345}. Best is trial 1552 with value: 0.2873222411163454.
checkpoint_e22 window_influence: 0.13854538725317517, penalty_k: 0.06270451509364072, scale_lr: 0.78274124752926011, EAO: 0.248
Trial 2030 finished with value: 0.2484294041627791 and parameters: {'window_influence': 0.13854538725317517, 'penalty_k': 0.06270451509364072, 'scale_lr': 0.7827412475292601}. Best is trial 1552 with value: 0.2873222411163454.
checkpoint_e22 window_influence: 0.32328815914223696, penalty_k: 0.43093303562030816, scale_lr: 0.44126417378256899, EAO: 0.257
