Trial 1053 finished with value: 0.25942544027314923 and parameters: {'window_influence': 0.39443645631257246, 'penalty_k': 0.07575671301154963, 'scale_lr': 0.4599023791548279}. Best is trial 489 with value: 0.28065862270390113.
checkpoint_e32 window_influence: 0.38884364986825309, penalty_k: 0.10733613931214013, scale_lr: 0.41641735029088139, EAO: 0.258
Trial 1054 finished with value: 0.2584772212960856 and parameters: {'window_influence': 0.3888436498682531, 'penalty_k': 0.10733613931214013, 'scale_lr': 0.4164173502908814}. Best is trial 489 with value: 0.28065862270390113.
checkpoint_e32 window_influence: 0.41514660710045787, penalty_k: 0.08703539281463293, scale_lr: 0.51066812891856606, EAO: 0.262
Trial 1055 finished with value: 0.26151569030149197 and parameters: {'window_influence': 0.41514660710045787, 'penalty_k': 0.08703539281463293, 'scale_lr': 0.510668128918566}. Best is trial 489 with value: 0.28065862270390113.
checkpoint_e32 window_influence: 0.24489391070721089, penalty_k: 0.10583241319699482, scale_lr: 0.37423781978020632, EAO: 0.254
Trial 1056 finished with value: 0.2541755956968641 and parameters: {'window_influence': 0.2448939107072109, 'penalty_k': 0.10583241319699482, 'scale_lr': 0.3742378197802063}. Best is trial 489 with value: 0.28065862270390113.
checkpoint_e32 window_influence: 0.39730812045865604, penalty_k: 0.08545606006163611, scale_lr: 0.45349470184449014, EAO: 0.262
Trial 1057 finished with value: 0.2618085634175355 and parameters: {'window_influence': 0.39730812045865604, 'penalty_k': 0.08545606006163611, 'scale_lr': 0.45349470184449014}. Best is trial 489 with value: 0.28065862270390113.
checkpoint_e32 window_influence: 0.41891968893021281, penalty_k: 0.11242424064425377, scale_lr: 0.50033524534701801, EAO: 0.267
Trial 1058 finished with value: 0.266927120343941 and parameters: {'window_influence': 0.4189196889302128, 'penalty_k': 0.11242424064425377, 'scale_lr': 0.500335245347018}. Best is trial 489 with value: 0.28065862270390113.
checkpoint_e32 window_influence: 0.27171489012532973, penalty_k: 0.07222818695615767, scale_lr: 0.43853331113659244, EAO: 0.257
Trial 1059 finished with value: 0.256600832369754 and parameters: {'window_influence': 0.27171489012532973, 'penalty_k': 0.07222818695615767, 'scale_lr': 0.43853331113659244}. Best is trial 489 with value: 0.28065862270390113.
checkpoint_e32 window_influence: 0.28677710117672972, penalty_k: 0.10926734601237170, scale_lr: 0.53344603508937571, EAO: 0.265
Trial 1060 finished with value: 0.2651039267458567 and parameters: {'window_influence': 0.2867771011767297, 'penalty_k': 0.1092673460123717, 'scale_lr': 0.5334460350893757}. Best is trial 489 with value: 0.28065862270390113.
checkpoint_e32 window_influence: 0.38518220371096779, penalty_k: 0.54588689114784728, scale_lr: 0.50181132152044139, EAO: 0.259
Trial 1061 finished with value: 0.25939942393603366 and parameters: {'window_influence': 0.3851822037109678, 'penalty_k': 0.5458868911478473, 'scale_lr': 0.5018113215204414}. Best is trial 489 with value: 0.28065862270390113.
checkpoint_e32 window_influence: 0.29431129468903566, penalty_k: 0.09416131211723096, scale_lr: 0.60322636505497684, EAO: 0.264
Trial 1062 finished with value: 0.26374627716415294 and parameters: {'window_influence': 0.29431129468903566, 'penalty_k': 0.09416131211723096, 'scale_lr': 0.6032263650549768}. Best is trial 489 with value: 0.28065862270390113.
checkpoint_e32 window_influence: 0.42494116986953789, penalty_k: 0.08189909879659166, scale_lr: 0.47447001173062431, EAO: 0.262
Trial 1063 finished with value: 0.26244977770782096 and parameters: {'window_influence': 0.4249411698695379, 'penalty_k': 0.08189909879659166, 'scale_lr': 0.4744700117306243}. Best is trial 489 with value: 0.28065862270390113.
checkpoint_e32 window_influence: 0.40502410811835471, penalty_k: 0.22977423076265016, scale_lr: 0.54146292909393423, EAO: 0.263
Trial 1064 finished with value: 0.2625567512056692 and parameters: {'window_influence': 0.4050241081183547, 'penalty_k': 0.22977423076265016, 'scale_lr': 0.5414629290939342}. Best is trial 489 with value: 0.28065862270390113.
checkpoint_e32 window_influence: 0.26083892435532513, penalty_k: 0.09290816964500420, scale_lr: 0.39443505332765427, EAO: 0.264
Trial 1065 finished with value: 0.26378979188639945 and parameters: {'window_influence': 0.26083892435532513, 'penalty_k': 0.0929081696450042, 'scale_lr': 0.3944350533276543}. Best is trial 489 with value: 0.28065862270390113.
checkpoint_e32 window_influence: 0.27867321858398153, penalty_k: 0.05142576037051239, scale_lr: 0.42814343474559513, EAO: 0.258
Trial 1066 finished with value: 0.2578357161908615 and parameters: {'window_influence': 0.27867321858398153, 'penalty_k': 0.05142576037051239, 'scale_lr': 0.42814343474559513}. Best is trial 489 with value: 0.28065862270390113.
checkpoint_e32 window_influence: 0.16814274222474743, penalty_k: 0.11736430164957040, scale_lr: 0.56537612164009043, EAO: 0.249
Trial 1067 finished with value: 0.24892243597565628 and parameters: {'window_influence': 0.16814274222474743, 'penalty_k': 0.1173643016495704, 'scale_lr': 0.5653761216400904}. Best is trial 489 with value: 0.28065862270390113.
checkpoint_e32 window_influence: 0.58605026372853553, penalty_k: 0.10834834445271027, scale_lr: 0.52198138834419205, EAO: 0.225
Trial 1068 finished with value: 0.22516078871440112 and parameters: {'window_influence': 0.5860502637285355, 'penalty_k': 0.10834834445271027, 'scale_lr': 0.521981388344192}. Best is trial 489 with value: 0.28065862270390113.
checkpoint_e32 window_influence: 0.22655294725577721, penalty_k: 0.07265630181020402, scale_lr: 0.38100330933797788, EAO: 0.258
Trial 1069 finished with value: 0.25837405577180833 and parameters: {'window_influence': 0.2265529472557772, 'penalty_k': 0.07265630181020402, 'scale_lr': 0.3810033093379779}. Best is trial 489 with value: 0.28065862270390113.
checkpoint_e32 window_influence: 0.37998951722258473, penalty_k: 0.27302426706952199, scale_lr: 0.41801091293556097, EAO: 0.266
Trial 1070 finished with value: 0.2664203143459025 and parameters: {'window_influence': 0.3799895172225847, 'penalty_k': 0.273024267069522, 'scale_lr': 0.418010912935561}. Best is trial 489 with value: 0.28065862270390113.
checkpoint_e32 window_influence: 0.43027310828752768, penalty_k: 0.10011456251821101, scale_lr: 0.61646683985317674, EAO: 0.262
Trial 1071 finished with value: 0.2622569984173387 and parameters: {'window_influence': 0.4302731082875277, 'penalty_k': 0.100114562518211, 'scale_lr': 0.6164668398531767}. Best is trial 489 with value: 0.28065862270390113.
checkpoint_e32 window_influence: 0.56080606534845345, penalty_k: 0.05773476707914851, scale_lr: 0.46748942556037942, EAO: 0.240
Trial 1072 finished with value: 0.2399261910014036 and parameters: {'window_influence': 0.5608060653484535, 'penalty_k': 0.057734767079148507, 'scale_lr': 0.4674894255603794}. Best is trial 489 with value: 0.28065862270390113.
checkpoint_e32 window_influence: 0.30343236011760044, penalty_k: 0.23936169268884216, scale_lr: 0.50033258083120091, EAO: 0.267
Trial 1073 finished with value: 0.26743100813733856 and parameters: {'window_influence': 0.30343236011760044, 'penalty_k': 0.23936169268884216, 'scale_lr': 0.5003325808312009}. Best is trial 489 with value: 0.28065862270390113.
checkpoint_e32 window_influence: 0.49862831002182462, penalty_k: 0.13107318903917745, scale_lr: 0.47942640494315936, EAO: 0.249
Trial 1074 finished with value: 0.2488082784220455 and parameters: {'window_influence': 0.4986283100218246, 'penalty_k': 0.13107318903917745, 'scale_lr': 0.47942640494315936}. Best is trial 489 with value: 0.28065862270390113.
checkpoint_e32 window_influence: 0.29120385659815307, penalty_k: 0.21129901254144534, scale_lr: 0.40182007571006628, EAO: 0.258
Trial 1075 finished with value: 0.25812794401393674 and parameters: {'window_influence': 0.29120385659815307, 'penalty_k': 0.21129901254144534, 'scale_lr': 0.4018200757100663}. Best is trial 489 with value: 0.28065862270390113.
checkpoint_e32 window_influence: 0.25047885514561324, penalty_k: 0.37111537256011889, scale_lr: 0.39982758527215057, EAO: 0.261
Trial 1076 finished with value: 0.2611807921553046 and parameters: {'window_influence': 0.25047885514561324, 'penalty_k': 0.3711153725601189, 'scale_lr': 0.39982758527215057}. Best is trial 489 with value: 0.28065862270390113.
checkpoint_e32 window_influence: 0.20029615064294040, penalty_k: 0.02290109687735488, scale_lr: 0.64169776474967621, EAO: 0.252
Trial 1077 finished with value: 0.2519704137391191 and parameters: {'window_influence': 0.2002961506429404, 'penalty_k': 0.02290109687735488, 'scale_lr': 0.6416977647496762}. Best is trial 489 with value: 0.28065862270390113.
checkpoint_e32 window_influence: 0.31299016243396832, penalty_k: 0.21865026602904480, scale_lr: 0.44914971334573645, EAO: 0.267
Trial 1078 finished with value: 0.26666285909288295 and parameters: {'window_influence': 0.3129901624339683, 'penalty_k': 0.2186502660290448, 'scale_lr': 0.44914971334573645}. Best is trial 489 with value: 0.28065862270390113.
checkpoint_e32 window_influence: 0.39732435369298763, penalty_k: 0.25260680925686324, scale_lr: 0.52192096938452726, EAO: 0.250
Trial 1079 finished with value: 0.2503944576634624 and parameters: {'window_influence': 0.39732435369298763, 'penalty_k': 0.25260680925686324, 'scale_lr': 0.5219209693845273}. Best is trial 489 with value: 0.28065862270390113.
checkpoint_e32 window_influence: 0.30185433886611579, penalty_k: 0.11314335899509641, scale_lr: 0.43776251192701554, EAO: 0.258
Trial 1080 finished with value: 0.2579953204083249 and parameters: {'window_influence': 0.3018543388661158, 'penalty_k': 0.11314335899509641, 'scale_lr': 0.43776251192701554}. Best is trial 489 with value: 0.28065862270390113.
checkpoint_e32 window_influence: 0.06862001463144807, penalty_k: 0.28789334418229928, scale_lr: 0.37918984074499457, EAO: 0.215
Trial 1081 finished with value: 0.21517240807292906 and parameters: {'window_influence': 0.06862001463144807, 'penalty_k': 0.2878933441822993, 'scale_lr': 0.37918984074499457}. Best is trial 489 with value: 0.28065862270390113.
checkpoint_e32 window_influence: 0.12852271366441170, penalty_k: 0.38324871694111434, scale_lr: 0.50717722797992515, EAO: 0.220
Trial 1082 finished with value: 0.2203227480252584 and parameters: {'window_influence': 0.1285227136644117, 'penalty_k': 0.38324871694111434, 'scale_lr': 0.5071772279799251}. Best is trial 489 with value: 0.28065862270390113.
checkpoint_e32 window_influence: 0.37317827009552701, penalty_k: 0.07972339892235267, scale_lr: 0.47079064162131273, EAO: 0.259
Trial 1083 finished with value: 0.2592627051763418 and parameters: {'window_influence': 0.373178270095527, 'penalty_k': 0.07972339892235267, 'scale_lr': 0.47079064162131273}. Best is trial 489 with value: 0.28065862270390113.
checkpoint_e32 window_influence: 0.28208006414254388, penalty_k: 0.06584308676844726, scale_lr: 0.48893577853988157, EAO: 0.258
Trial 1084 finished with value: 0.25804278932935826 and parameters: {'window_influence': 0.2820800641425439, 'penalty_k': 0.06584308676844726, 'scale_lr': 0.48893577853988157}. Best is trial 489 with value: 0.28065862270390113.
checkpoint_e32 window_influence: 0.26483289827504225, penalty_k: 0.22914217468191439, scale_lr: 0.35476301616977807, EAO: 0.264
Trial 1085 finished with value: 0.26376811572448994 and parameters: {'window_influence': 0.26483289827504225, 'penalty_k': 0.2291421746819144, 'scale_lr': 0.35476301616977807}. Best is trial 489 with value: 0.28065862270390113.
checkpoint_e32 window_influence: 0.22102296474969341, penalty_k: 0.12276359548628948, scale_lr: 0.42878321437462336, EAO: 0.262
Trial 1086 finished with value: 0.2623693142237702 and parameters: {'window_influence': 0.2210229647496934, 'penalty_k': 0.12276359548628948, 'scale_lr': 0.42878321437462336}. Best is trial 489 with value: 0.28065862270390113.
checkpoint_e32 window_influence: 0.41127130911573129, penalty_k: 0.58261690287166834, scale_lr: 0.25769471485448647, EAO: 0.238
Trial 1087 finished with value: 0.23838312893621322 and parameters: {'window_influence': 0.4112713091157313, 'penalty_k': 0.5826169028716683, 'scale_lr': 0.2576947148544865}. Best is trial 489 with value: 0.28065862270390113.
checkpoint_e32 window_influence: 0.31793944654655448, penalty_k: 0.26731962368512874, scale_lr: 0.59422967822613393, EAO: 0.257
Trial 1088 finished with value: 0.25665242224931717 and parameters: {'window_influence': 0.3179394465465545, 'penalty_k': 0.26731962368512874, 'scale_lr': 0.5942296782261339}. Best is trial 489 with value: 0.28065862270390113.
checkpoint_e32 window_influence: 0.32423695285518495, penalty_k: 0.09588521110122485, scale_lr: 0.48957751424787871, EAO: 0.255
Trial 1089 finished with value: 0.2550305691434116 and parameters: {'window_influence': 0.32423695285518495, 'penalty_k': 0.09588521110122485, 'scale_lr': 0.4895775142478787}. Best is trial 489 with value: 0.28065862270390113.
checkpoint_e32 window_influence: 0.38652741633755333, penalty_k: 0.33651281385764792, scale_lr: 0.56030505052427693, EAO: 0.263
Trial 1090 finished with value: 0.26271640248899536 and parameters: {'window_influence': 0.38652741633755333, 'penalty_k': 0.3365128138576479, 'scale_lr': 0.5603050505242769}. Best is trial 489 with value: 0.28065862270390113.
checkpoint_e32 window_influence: 0.29903554535266752, penalty_k: 0.35651264110154751, scale_lr: 0.57038610329964157, EAO: 0.263
Trial 1091 finished with value: 0.26314022755477484 and parameters: {'window_influence': 0.2990355453526675, 'penalty_k': 0.3565126411015475, 'scale_lr': 0.5703861032996416}. Best is trial 489 with value: 0.28065862270390113.
checkpoint_e32 window_influence: 0.29049749897119392, penalty_k: 0.29507337401898481, scale_lr: 0.65335092559646923, EAO: 0.268
Trial 1092 finished with value: 0.2680745291394916 and parameters: {'window_influence': 0.2904974989711939, 'penalty_k': 0.2950733740189848, 'scale_lr': 0.6533509255964692}. Best is trial 489 with value: 0.28065862270390113.
checkpoint_e32 window_influence: 0.36451425972040868, penalty_k: 0.28368389163008090, scale_lr: 0.29905100197363099, EAO: 0.256
Trial 1093 finished with value: 0.25622157946350127 and parameters: {'window_influence': 0.3645142597204087, 'penalty_k': 0.2836838916300809, 'scale_lr': 0.299051001973631}. Best is trial 489 with value: 0.28065862270390113.
checkpoint_e32 window_influence: 0.30829565118515867, penalty_k: 0.20536766273125304, scale_lr: 0.34778595605023482, EAO: 0.264
Trial 1094 finished with value: 0.26377454266800143 and parameters: {'window_influence': 0.30829565118515867, 'penalty_k': 0.20536766273125304, 'scale_lr': 0.3477859560502348}. Best is trial 489 with value: 0.28065862270390113.
checkpoint_e32 window_influence: 0.55246527745305807, penalty_k: 0.32208308535422725, scale_lr: 0.43563596006956024, EAO: 0.226
Trial 1095 finished with value: 0.225683360383278 and parameters: {'window_influence': 0.5524652774530581, 'penalty_k': 0.32208308535422725, 'scale_lr': 0.43563596006956024}. Best is trial 489 with value: 0.28065862270390113.
checkpoint_e32 window_influence: 0.10102221801019468, penalty_k: 0.08271147747380483, scale_lr: 0.57928296599055817, EAO: 0.240
Trial 1096 finished with value: 0.23964896295371094 and parameters: {'window_influence': 0.10102221801019468, 'penalty_k': 0.08271147747380483, 'scale_lr': 0.5792829659905582}. Best is trial 489 with value: 0.28065862270390113.
checkpoint_e32 window_influence: 0.27469292501496728, penalty_k: 0.12317136530852628, scale_lr: 0.46378445518596922, EAO: 0.252
Trial 1097 finished with value: 0.2518995301267965 and parameters: {'window_influence': 0.2746929250149673, 'penalty_k': 0.12317136530852628, 'scale_lr': 0.4637844551859692}. Best is trial 489 with value: 0.28065862270390113.
checkpoint_e32 window_influence: 0.33026643141726786, penalty_k: 0.48998707359448340, scale_lr: 0.39590321666908385, EAO: 0.264
Trial 1098 finished with value: 0.26376020472224165 and parameters: {'window_influence': 0.33026643141726786, 'penalty_k': 0.4899870735944834, 'scale_lr': 0.39590321666908385}. Best is trial 489 with value: 0.28065862270390113.
checkpoint_e32 window_influence: 0.34101716142301131, penalty_k: 0.00164190699895214, scale_lr: 0.52804268940448829, EAO: 0.251
Trial 1099 finished with value: 0.2507264413605861 and parameters: {'window_influence': 0.3410171614230113, 'penalty_k': 0.0016419069989521418, 'scale_lr': 0.5280426894044883}. Best is trial 489 with value: 0.28065862270390113.
checkpoint_e32 window_influence: 0.44366665978390946, penalty_k: 0.04372308666395498, scale_lr: 0.27778507813814840, EAO: 0.267
Trial 1100 finished with value: 0.26688548080562574 and parameters: {'window_influence': 0.44366665978390946, 'penalty_k': 0.043723086663954976, 'scale_lr': 0.2777850781381484}. Best is trial 489 with value: 0.28065862270390113.
checkpoint_e32 window_influence: 0.56865618657383132, penalty_k: 0.25899660974289807, scale_lr: 0.34550993373334277, EAO: 0.233
Trial 1101 finished with value: 0.233283682325022 and parameters: {'window_influence': 0.5686561865738313, 'penalty_k': 0.25899660974289807, 'scale_lr': 0.34550993373334277}. Best is trial 489 with value: 0.28065862270390113.
checkpoint_e32 window_influence: 0.32069941479054503, penalty_k: 0.55474477058048222, scale_lr: 0.41604015195272864, EAO: 0.264
Trial 1102 finished with value: 0.26363512201280126 and parameters: {'window_influence': 0.32069941479054503, 'penalty_k': 0.5547447705804822, 'scale_lr': 0.41604015195272864}. Best is trial 489 with value: 0.28065862270390113.
checkpoint_e32 window_influence: 0.39729285427055094, penalty_k: 0.10447226205946314, scale_lr: 0.63240887288045267, EAO: 0.252
Trial 1103 finished with value: 0.2523370138634511 and parameters: {'window_influence': 0.39729285427055094, 'penalty_k': 0.10447226205946314, 'scale_lr': 0.6324088728804527}. Best is trial 489 with value: 0.28065862270390113.
checkpoint_e32 window_influence: 0.28657047686515835, penalty_k: 0.23428325627896049, scale_lr: 0.66213365713241856, EAO: 0.262
Trial 1104 finished with value: 0.2617582311111737 and parameters: {'window_influence': 0.28657047686515835, 'penalty_k': 0.2342832562789605, 'scale_lr': 0.6621336571324186}. Best is trial 489 with value: 0.28065862270390113.
checkpoint_e32 window_influence: 0.37975627353396513, penalty_k: 0.31155424839748802, scale_lr: 0.68340053675639012, EAO: 0.254
Trial 1105 finished with value: 0.2544306691705696 and parameters: {'window_influence': 0.3797562735339651, 'penalty_k': 0.311554248397488, 'scale_lr': 0.6834005367563901}. Best is trial 489 with value: 0.28065862270390113.
checkpoint_e32 window_influence: 0.26230054624142907, penalty_k: 0.02583414699628283, scale_lr: 0.29464927608172625, EAO: 0.251
Trial 1106 finished with value: 0.25061571707085867 and parameters: {'window_influence': 0.26230054624142907, 'penalty_k': 0.02583414699628283, 'scale_lr': 0.29464927608172625}. Best is trial 489 with value: 0.28065862270390113.
checkpoint_e32 window_influence: 0.30027190490692046, penalty_k: 0.52707068457274242, scale_lr: 0.40761139014405612, EAO: 0.250
Trial 1107 finished with value: 0.25046915270206405 and parameters: {'window_influence': 0.30027190490692046, 'penalty_k': 0.5270706845727424, 'scale_lr': 0.4076113901440561}. Best is trial 489 with value: 0.28065862270390113.
checkpoint_e32 window_influence: 0.59688888264076201, penalty_k: 0.33293983346516393, scale_lr: 0.23850995205320299, EAO: 0.211
Trial 1108 finished with value: 0.2113882384406842 and parameters: {'window_influence': 0.596888882640762, 'penalty_k': 0.3329398334651639, 'scale_lr': 0.238509952053203}. Best is trial 489 with value: 0.28065862270390113.
checkpoint_e32 window_influence: 0.23869500050110043, penalty_k: 0.51629894969988099, scale_lr: 0.69865392144145422, EAO: 0.243
Trial 1109 finished with value: 0.24256129229698725 and parameters: {'window_influence': 0.23869500050110043, 'penalty_k': 0.516298949699881, 'scale_lr': 0.6986539214414542}. Best is trial 489 with value: 0.28065862270390113.
checkpoint_e32 window_influence: 0.35530456130584476, penalty_k: 0.27761785444790155, scale_lr: 0.55132499728072581, EAO: 0.251
Trial 1110 finished with value: 0.25132522544240565 and parameters: {'window_influence': 0.35530456130584476, 'penalty_k': 0.27761785444790155, 'scale_lr': 0.5513249972807258}. Best is trial 489 with value: 0.28065862270390113.
checkpoint_e32 window_influence: 0.31154041307898989, penalty_k: 0.46644314261075037, scale_lr: 0.46357585732796391, EAO: 0.259
Trial 1111 finished with value: 0.2586491423530307 and parameters: {'window_influence': 0.3115404130789899, 'penalty_k': 0.46644314261075037, 'scale_lr': 0.4635758573279639}. Best is trial 489 with value: 0.28065862270390113.
checkpoint_e32 window_influence: 0.42031244641106608, penalty_k: 0.13251173683759690, scale_lr: 0.72065878714842158, EAO: 0.263
Trial 1112 finished with value: 0.26274651470707683 and parameters: {'window_influence': 0.4203124464110661, 'penalty_k': 0.1325117368375969, 'scale_lr': 0.7206587871484216}. Best is trial 489 with value: 0.28065862270390113.
checkpoint_e32 window_influence: 0.32905987654760921, penalty_k: 0.29553263589516704, scale_lr: 0.75140362565184560, EAO: 0.260
Trial 1113 finished with value: 0.2602552097381615 and parameters: {'window_influence': 0.3290598765476092, 'penalty_k': 0.29553263589516704, 'scale_lr': 0.7514036256518456}. Best is trial 489 with value: 0.28065862270390113.
checkpoint_e32 window_influence: 0.64430788800253147, penalty_k: 0.34762950577551704, scale_lr: 0.51398613519010072, EAO: 0.195
Trial 1114 finished with value: 0.19535912403730843 and parameters: {'window_influence': 0.6443078880025315, 'penalty_k': 0.34762950577551704, 'scale_lr': 0.5139861351901007}. Best is trial 489 with value: 0.28065862270390113.
checkpoint_e32 window_influence: 0.36438466411033094, penalty_k: 0.21502580961051074, scale_lr: 0.73562743760555260, EAO: 0.261
