A new study created in memory with name: no-name-04c8d448-5d1c-4c90-a414-ed88ce6162b0
checkpoint_e16 window_influence: 0.05244309376448786, penalty_k: 0.20404889930452255, scale_lr: 0.19143261411672677, EAO: 0.231
Trial 0 finished with value: 0.23147974429818674 and parameters: {'window_influence': 0.05244309376448786, 'penalty_k': 0.20404889930452255, 'scale_lr': 0.19143261411672677}. Best is trial 0 with value: 0.23147974429818674.
checkpoint_e16 window_influence: 0.17706685166311908, penalty_k: 0.28991204773701790, scale_lr: 0.68007670487575733, EAO: 0.240
Trial 1 finished with value: 0.24036669240492145 and parameters: {'window_influence': 0.17706685166311908, 'penalty_k': 0.2899120477370179, 'scale_lr': 0.6800767048757573}. Best is trial 1 with value: 0.24036669240492145.
A new study created in memory with name: no-name-35aa066d-22d3-4829-abbe-2a9fac28356f
checkpoint_e16 window_influence: 0.53714976598905484, penalty_k: 0.59525466544143057, scale_lr: 0.15377687993877670, EAO: 0.225
Trial 2 finished with value: 0.22547676432423475 and parameters: {'window_influence': 0.5371497659890548, 'penalty_k': 0.5952546654414306, 'scale_lr': 0.1537768799387767}. Best is trial 1 with value: 0.24036669240492145.
A new study created in memory with name: no-name-c74938cd-970d-4a57-8284-34e1071de59b
checkpoint_e16 window_influence: 0.13383731924066997, penalty_k: 0.49529455945796641, scale_lr: 0.71084299843117071, EAO: 0.230
Trial 3 finished with value: 0.2301078025645357 and parameters: {'window_influence': 0.13383731924066997, 'penalty_k': 0.4952945594579664, 'scale_lr': 0.7108429984311707}. Best is trial 1 with value: 0.24036669240492145.
checkpoint_e16 window_influence: 0.37094598270967249, penalty_k: 0.49319058689598949, scale_lr: 0.44697336459516890, EAO: 0.240
Trial 0 finished with value: 0.23977126496109535 and parameters: {'window_influence': 0.3709459827096725, 'penalty_k': 0.4931905868959895, 'scale_lr': 0.4469733645951689}. Best is trial 0 with value: 0.23977126496109535.
checkpoint_e16 window_influence: 0.54267151060065000, penalty_k: 0.35301767950627949, scale_lr: 0.41636349303859277, EAO: 0.228
Trial 0 finished with value: 0.2277617947599752 and parameters: {'window_influence': 0.54267151060065, 'penalty_k': 0.3530176795062795, 'scale_lr': 0.41636349303859277}. Best is trial 0 with value: 0.2277617947599752.
checkpoint_e16 window_influence: 0.19428805039466124, penalty_k: 0.13744714100006053, scale_lr: 0.44355841525977291, EAO: 0.239
Trial 4 finished with value: 0.23887369593953697 and parameters: {'window_influence': 0.19428805039466124, 'penalty_k': 0.13744714100006053, 'scale_lr': 0.4435584152597729}. Best is trial 1 with value: 0.24036669240492145.
checkpoint_e16 window_influence: 0.50554549330178100, penalty_k: 0.31722177841534283, scale_lr: 0.32265500264427305, EAO: 0.246
Trial 1 finished with value: 0.24562716738479892 and parameters: {'window_influence': 0.505545493301781, 'penalty_k': 0.3172217784153428, 'scale_lr': 0.32265500264427305}. Best is trial 1 with value: 0.24562716738479892.
checkpoint_e16 window_influence: 0.59393023916435084, penalty_k: 0.36874249003202325, scale_lr: 0.20858404606915293, EAO: 0.215
Trial 1 finished with value: 0.21473946180043182 and parameters: {'window_influence': 0.5939302391643508, 'penalty_k': 0.36874249003202325, 'scale_lr': 0.20858404606915293}. Best is trial 0 with value: 0.2277617947599752.
checkpoint_e16 window_influence: 0.14121173361353120, penalty_k: 0.12330278459749899, scale_lr: 0.75744616623266492, EAO: 0.243
Trial 5 finished with value: 0.24264570967695578 and parameters: {'window_influence': 0.1412117336135312, 'penalty_k': 0.123302784597499, 'scale_lr': 0.7574461662326649}. Best is trial 5 with value: 0.24264570967695578.
checkpoint_e16 window_influence: 0.15180302345416560, penalty_k: 0.03528718367439265, scale_lr: 0.31986299979140720, EAO: 0.248
Trial 2 finished with value: 0.2477799826642362 and parameters: {'window_influence': 0.1518030234541656, 'penalty_k': 0.03528718367439265, 'scale_lr': 0.3198629997914072}. Best is trial 2 with value: 0.2477799826642362.
checkpoint_e16 window_influence: 0.23698369953582998, penalty_k: 0.11602586883986436, scale_lr: 0.45327574951777150, EAO: 0.244
Trial 2 finished with value: 0.24445607743369854 and parameters: {'window_influence': 0.23698369953582998, 'penalty_k': 0.11602586883986436, 'scale_lr': 0.4532757495177715}. Best is trial 2 with value: 0.24445607743369854.
checkpoint_e16 window_influence: 0.23801651557930559, penalty_k: 0.05598162945731364, scale_lr: 0.20462744520801718, EAO: 0.245
Trial 6 finished with value: 0.24459094893399294 and parameters: {'window_influence': 0.2380165155793056, 'penalty_k': 0.05598162945731364, 'scale_lr': 0.20462744520801718}. Best is trial 6 with value: 0.24459094893399294.
checkpoint_e16 window_influence: 0.60875283749522258, penalty_k: 0.38243645091588724, scale_lr: 0.40605973126202144, EAO: 0.202
Trial 3 finished with value: 0.20204378670550943 and parameters: {'window_influence': 0.6087528374952226, 'penalty_k': 0.38243645091588724, 'scale_lr': 0.40605973126202144}. Best is trial 2 with value: 0.2477799826642362.
checkpoint_e16 window_influence: 0.38389372044561887, penalty_k: 0.28933481048310300, scale_lr: 0.36437328056713558, EAO: 0.253
Trial 3 finished with value: 0.25312969978989625 and parameters: {'window_influence': 0.38389372044561887, 'penalty_k': 0.289334810483103, 'scale_lr': 0.3643732805671356}. Best is trial 3 with value: 0.25312969978989625.
checkpoint_e16 window_influence: 0.13085475132267099, penalty_k: 0.28912040084287227, scale_lr: 0.15559669058589584, EAO: 0.234
Trial 7 finished with value: 0.23395403256503547 and parameters: {'window_influence': 0.130854751322671, 'penalty_k': 0.28912040084287227, 'scale_lr': 0.15559669058589584}. Best is trial 6 with value: 0.24459094893399294.
checkpoint_e16 window_influence: 0.62317443443571274, penalty_k: 0.49626840752424539, scale_lr: 0.58057969837558177, EAO: 0.198
Trial 4 finished with value: 0.1982751106464766 and parameters: {'window_influence': 0.6231744344357127, 'penalty_k': 0.4962684075242454, 'scale_lr': 0.5805796983755818}. Best is trial 2 with value: 0.2477799826642362.
checkpoint_e16 window_influence: 0.51439055658895172, penalty_k: 0.52102484964215345, scale_lr: 0.24751701193606612, EAO: 0.233
Trial 4 finished with value: 0.23288689232696363 and parameters: {'window_influence': 0.5143905565889517, 'penalty_k': 0.5210248496421535, 'scale_lr': 0.24751701193606612}. Best is trial 3 with value: 0.25312969978989625.
checkpoint_e16 window_influence: 0.10001441170678604, penalty_k: 0.24201693193919263, scale_lr: 0.33273252832953304, EAO: 0.239
Trial 8 finished with value: 0.2387532950416813 and parameters: {'window_influence': 0.10001441170678604, 'penalty_k': 0.24201693193919263, 'scale_lr': 0.33273252832953304}. Best is trial 6 with value: 0.24459094893399294.
checkpoint_e16 window_influence: 0.19998649969867516, penalty_k: 0.19409454978102267, scale_lr: 0.60681964159838320, EAO: 0.242
Trial 5 finished with value: 0.24150092996717468 and parameters: {'window_influence': 0.19998649969867516, 'penalty_k': 0.19409454978102267, 'scale_lr': 0.6068196415983832}. Best is trial 2 with value: 0.2477799826642362.
checkpoint_e16 window_influence: 0.41013004879154663, penalty_k: 0.11508657297406648, scale_lr: 0.62248835181731943, EAO: 0.258
Trial 5 finished with value: 0.25779982583551875 and parameters: {'window_influence': 0.41013004879154663, 'penalty_k': 0.11508657297406648, 'scale_lr': 0.6224883518173194}. Best is trial 5 with value: 0.25779982583551875.
checkpoint_e16 window_influence: 0.17141855756562527, penalty_k: 0.38117561253695575, scale_lr: 0.23415774754174642, EAO: 0.223
Trial 9 finished with value: 0.22282591552996053 and parameters: {'window_influence': 0.17141855756562527, 'penalty_k': 0.38117561253695575, 'scale_lr': 0.23415774754174642}. Best is trial 6 with value: 0.24459094893399294.
checkpoint_e16 window_influence: 0.32381762669583120, penalty_k: 0.02416959039809481, scale_lr: 0.24270543748908352, EAO: 0.260
Trial 6 finished with value: 0.2603454032564551 and parameters: {'window_influence': 0.3238176266958312, 'penalty_k': 0.02416959039809481, 'scale_lr': 0.24270543748908352}. Best is trial 6 with value: 0.2603454032564551.
checkpoint_e16 window_influence: 0.36526561849817496, penalty_k: 0.39473809629076245, scale_lr: 0.70314171704487149, EAO: 0.252
Trial 6 finished with value: 0.25232675483798594 and parameters: {'window_influence': 0.36526561849817496, 'penalty_k': 0.39473809629076245, 'scale_lr': 0.7031417170448715}. Best is trial 5 with value: 0.25779982583551875.
checkpoint_e16 window_influence: 0.34202721703358641, penalty_k: 0.01444973130892954, scale_lr: 0.33849876603158890, EAO: 0.266
Trial 10 finished with value: 0.2657500083853559 and parameters: {'window_influence': 0.3420272170335864, 'penalty_k': 0.014449731308929535, 'scale_lr': 0.3384987660315889}. Best is trial 10 with value: 0.2657500083853559.
checkpoint_e16 window_influence: 0.42131061949661613, penalty_k: 0.53830603033924751, scale_lr: 0.79850176338913903, EAO: 0.246
Trial 7 finished with value: 0.24603855894590781 and parameters: {'window_influence': 0.42131061949661613, 'penalty_k': 0.5383060303392475, 'scale_lr': 0.798501763389139}. Best is trial 6 with value: 0.2603454032564551.
checkpoint_e16 window_influence: 0.55969820517253410, penalty_k: 0.22724465210149816, scale_lr: 0.26314928330120729, EAO: 0.221
Trial 7 finished with value: 0.221024238905771 and parameters: {'window_influence': 0.5596982051725341, 'penalty_k': 0.22724465210149816, 'scale_lr': 0.2631492833012073}. Best is trial 5 with value: 0.25779982583551875.
checkpoint_e16 window_influence: 0.31744354020179533, penalty_k: 0.04029717772223701, scale_lr: 0.30533803531449011, EAO: 0.260
Trial 11 finished with value: 0.25973463700554233 and parameters: {'window_influence': 0.3174435402017953, 'penalty_k': 0.04029717772223701, 'scale_lr': 0.3053380353144901}. Best is trial 10 with value: 0.2657500083853559.
checkpoint_e16 window_influence: 0.31924602253002210, penalty_k: 0.41356068565571813, scale_lr: 0.66548927470490304, EAO: 0.248
Trial 8 finished with value: 0.24823036886812225 and parameters: {'window_influence': 0.3192460225300221, 'penalty_k': 0.41356068565571813, 'scale_lr': 0.665489274704903}. Best is trial 5 with value: 0.25779982583551875.
checkpoint_e16 window_influence: 0.33544545176735702, penalty_k: 0.03391878978885315, scale_lr: 0.36013828371748591, EAO: 0.268
Trial 12 finished with value: 0.26807531005725627 and parameters: {'window_influence': 0.335445451767357, 'penalty_k': 0.033918789788853154, 'scale_lr': 0.3601382837174859}. Best is trial 12 with value: 0.26807531005725627.
checkpoint_e16 window_influence: 0.19217297527719929, penalty_k: 0.11569237818431771, scale_lr: 0.70670258544335307, EAO: 0.248
Trial 8 finished with value: 0.2484833822260058 and parameters: {'window_influence': 0.1921729752771993, 'penalty_k': 0.11569237818431771, 'scale_lr': 0.7067025854433531}. Best is trial 6 with value: 0.2603454032564551.
checkpoint_e16 window_influence: 0.59254971559388991, penalty_k: 0.50957221377153628, scale_lr: 0.66484561218776184, EAO: 0.216
Trial 9 finished with value: 0.21630404574599693 and parameters: {'window_influence': 0.5925497155938899, 'penalty_k': 0.5095722137715363, 'scale_lr': 0.6648456121877618}. Best is trial 5 with value: 0.25779982583551875.
checkpoint_e16 window_influence: 0.40945470607574824, penalty_k: 0.02986508456673629, scale_lr: 0.44668905587223418, EAO: 0.268
Trial 13 finished with value: 0.2677951464202346 and parameters: {'window_influence': 0.40945470607574824, 'penalty_k': 0.02986508456673629, 'scale_lr': 0.4466890558722342}. Best is trial 12 with value: 0.26807531005725627.
checkpoint_e16 window_influence: 0.39222948612848363, penalty_k: 0.07976763942593545, scale_lr: 0.40675824173864616, EAO: 0.262
Trial 9 finished with value: 0.2617767662173364 and parameters: {'window_influence': 0.39222948612848363, 'penalty_k': 0.07976763942593545, 'scale_lr': 0.40675824173864616}. Best is trial 9 with value: 0.2617767662173364.
checkpoint_e16 window_influence: 0.12755821857895508, penalty_k: 0.00707054941265173, scale_lr: 0.79029003394456687, EAO: 0.248
Trial 10 finished with value: 0.24825894341963092 and parameters: {'window_influence': 0.12755821857895508, 'penalty_k': 0.007070549412651728, 'scale_lr': 0.7902900339445669}. Best is trial 5 with value: 0.25779982583551875.
checkpoint_e16 window_influence: 0.45197741938716751, penalty_k: 0.12248750980237560, scale_lr: 0.49889146177992078, EAO: 0.266
Trial 14 finished with value: 0.2659214614489214 and parameters: {'window_influence': 0.4519774193871675, 'penalty_k': 0.1224875098023756, 'scale_lr': 0.4988914617799208}. Best is trial 12 with value: 0.26807531005725627.
checkpoint_e16 window_influence: 0.07374738856077784, penalty_k: 0.18683343394367313, scale_lr: 0.10301546743039169, EAO: 0.224
Trial 10 finished with value: 0.22413699698399722 and parameters: {'window_influence': 0.07374738856077784, 'penalty_k': 0.18683343394367313, 'scale_lr': 0.1030154674303917}. Best is trial 9 with value: 0.2617767662173364.
checkpoint_e16 window_influence: 0.41843030254301178, penalty_k: 0.21830544750208158, scale_lr: 0.48033112085318064, EAO: 0.252
Trial 11 finished with value: 0.2515356191774694 and parameters: {'window_influence': 0.4184303025430118, 'penalty_k': 0.21830544750208158, 'scale_lr': 0.48033112085318064}. Best is trial 5 with value: 0.25779982583551875.
checkpoint_e16 window_influence: 0.43208483111155288, penalty_k: 0.01583845917701271, scale_lr: 0.47730575991295965, EAO: 0.269
Trial 15 finished with value: 0.268644418597706 and parameters: {'window_influence': 0.4320848311115529, 'penalty_k': 0.01583845917701271, 'scale_lr': 0.47730575991295965}. Best is trial 15 with value: 0.268644418597706.
checkpoint_e16 window_influence: 0.30107022202559619, penalty_k: 0.00217993089596660, scale_lr: 0.21694221279583864, EAO: 0.251
Trial 11 finished with value: 0.25088229248436483 and parameters: {'window_influence': 0.3010702220255962, 'penalty_k': 0.002179930895966603, 'scale_lr': 0.21694221279583864}. Best is trial 9 with value: 0.2617767662173364.
checkpoint_e16 window_influence: 0.45147161604512387, penalty_k: 0.24295297010112088, scale_lr: 0.54789479786793427, EAO: 0.254
Trial 12 finished with value: 0.25424272918361956 and parameters: {'window_influence': 0.45147161604512387, 'penalty_k': 0.24295297010112088, 'scale_lr': 0.5478947978679343}. Best is trial 5 with value: 0.25779982583551875.
checkpoint_e16 window_influence: 0.62211023525324394, penalty_k: 0.00052854268506770, scale_lr: 0.57212709231062098, EAO: 0.206
Trial 16 finished with value: 0.2060934837029232 and parameters: {'window_influence': 0.6221102352532439, 'penalty_k': 0.0005285426850677039, 'scale_lr': 0.572127092310621}. Best is trial 15 with value: 0.268644418597706.
checkpoint_e16 window_influence: 0.30695149838917857, penalty_k: 0.09016100419635421, scale_lr: 0.27224010928716275, EAO: 0.251
Trial 12 finished with value: 0.251202425033581 and parameters: {'window_influence': 0.30695149838917857, 'penalty_k': 0.09016100419635421, 'scale_lr': 0.27224010928716275}. Best is trial 9 with value: 0.2617767662173364.
checkpoint_e16 window_influence: 0.50320404981394229, penalty_k: 0.13612275667007093, scale_lr: 0.55264571866833956, EAO: 0.245
Trial 13 finished with value: 0.24452202100821627 and parameters: {'window_influence': 0.5032040498139423, 'penalty_k': 0.13612275667007093, 'scale_lr': 0.5526457186683396}. Best is trial 5 with value: 0.25779982583551875.
checkpoint_e16 window_influence: 0.28140959883285976, penalty_k: 0.10716480592918902, scale_lr: 0.52575728394377230, EAO: 0.254
Trial 17 finished with value: 0.2540121027003459 and parameters: {'window_influence': 0.28140959883285976, 'penalty_k': 0.10716480592918902, 'scale_lr': 0.5257572839437723}. Best is trial 15 with value: 0.268644418597706.
checkpoint_e16 window_influence: 0.44434625348490769, penalty_k: 0.14080728260941888, scale_lr: 0.16820853538832586, EAO: 0.253
Trial 13 finished with value: 0.2525274456153071 and parameters: {'window_influence': 0.4443462534849077, 'penalty_k': 0.14080728260941888, 'scale_lr': 0.16820853538832586}. Best is trial 9 with value: 0.2617767662173364.
checkpoint_e16 window_influence: 0.45266542780127539, penalty_k: 0.12781156734192589, scale_lr: 0.55515541558176773, EAO: 0.248
Trial 14 finished with value: 0.24787128395665953 and parameters: {'window_influence': 0.4526654278012754, 'penalty_k': 0.1278115673419259, 'scale_lr': 0.5551554155817677}. Best is trial 5 with value: 0.25779982583551875.
checkpoint_e16 window_influence: 0.39541201471692761, penalty_k: 0.20059855455702305, scale_lr: 0.39494042907974475, EAO: 0.254
Trial 18 finished with value: 0.25361402908234093 and parameters: {'window_influence': 0.3954120147169276, 'penalty_k': 0.20059855455702305, 'scale_lr': 0.39494042907974475}. Best is trial 15 with value: 0.268644418597706.
checkpoint_e16 window_influence: 0.28692832784577055, penalty_k: 0.00655774165042240, scale_lr: 0.40806679395931733, EAO: 0.263
Trial 14 finished with value: 0.26288465386241433 and parameters: {'window_influence': 0.28692832784577055, 'penalty_k': 0.006557741650422402, 'scale_lr': 0.40806679395931733}. Best is trial 14 with value: 0.26288465386241433.
checkpoint_e16 window_influence: 0.63831210417558570, penalty_k: 0.04928436812435234, scale_lr: 0.11282232774943701, EAO: 0.215
Trial 15 finished with value: 0.21523133804643058 and parameters: {'window_influence': 0.6383121041755857, 'penalty_k': 0.04928436812435234, 'scale_lr': 0.11282232774943701}. Best is trial 5 with value: 0.25779982583551875.
checkpoint_e16 window_influence: 0.46145573996261674, penalty_k: 0.07783563370576640, scale_lr: 0.39424270130987654, EAO: 0.261
Trial 19 finished with value: 0.2610864575073971 and parameters: {'window_influence': 0.46145573996261674, 'penalty_k': 0.0778356337057664, 'scale_lr': 0.39424270130987654}. Best is trial 15 with value: 0.268644418597706.
checkpoint_e16 window_influence: 0.22980678735389060, penalty_k: 0.22501228961950764, scale_lr: 0.39238722707499640, EAO: 0.247
Trial 15 finished with value: 0.2471457499919868 and parameters: {'window_influence': 0.2298067873538906, 'penalty_k': 0.22501228961950764, 'scale_lr': 0.3923872270749964}. Best is trial 14 with value: 0.26288465386241433.
checkpoint_e16 window_influence: 0.45793580090383129, penalty_k: 0.21275688629001041, scale_lr: 0.56594977249732381, EAO: 0.228
Trial 16 finished with value: 0.2280726129931163 and parameters: {'window_influence': 0.4579358009038313, 'penalty_k': 0.2127568862900104, 'scale_lr': 0.5659497724973238}. Best is trial 5 with value: 0.25779982583551875.
checkpoint_e16 window_influence: 0.26989027007031163, penalty_k: 0.00032675788456238, scale_lr: 0.27247115093503305, EAO: 0.249
Trial 20 finished with value: 0.2492331697083101 and parameters: {'window_influence': 0.26989027007031163, 'penalty_k': 0.0003267578845623769, 'scale_lr': 0.27247115093503305}. Best is trial 15 with value: 0.268644418597706.
checkpoint_e16 window_influence: 0.30769686563788856, penalty_k: 0.27484564701618913, scale_lr: 0.61660235122382334, EAO: 0.252
Trial 17 finished with value: 0.25224767916086244 and parameters: {'window_influence': 0.30769686563788856, 'penalty_k': 0.27484564701618913, 'scale_lr': 0.6166023512238233}. Best is trial 5 with value: 0.25779982583551875.
checkpoint_e16 window_influence: 0.27295330663963635, penalty_k: 0.06864571088649232, scale_lr: 0.52930345896555464, EAO: 0.259
Trial 16 finished with value: 0.2587234038041859 and parameters: {'window_influence': 0.27295330663963635, 'penalty_k': 0.06864571088649232, 'scale_lr': 0.5293034589655546}. Best is trial 14 with value: 0.26288465386241433.
checkpoint_e16 window_influence: 0.36901135990713518, penalty_k: 0.04719815675263548, scale_lr: 0.42596625925256215, EAO: 0.265
Trial 21 finished with value: 0.265136211565355 and parameters: {'window_influence': 0.3690113599071352, 'penalty_k': 0.04719815675263548, 'scale_lr': 0.42596625925256215}. Best is trial 15 with value: 0.268644418597706.
checkpoint_e16 window_influence: 0.47798223448704497, penalty_k: 0.17187894526663333, scale_lr: 0.75378334272251246, EAO: 0.256
Trial 18 finished with value: 0.25599119279200466 and parameters: {'window_influence': 0.47798223448704497, 'penalty_k': 0.17187894526663333, 'scale_lr': 0.7537833427225125}. Best is trial 5 with value: 0.25779982583551875.
checkpoint_e16 window_influence: 0.40813230532221090, penalty_k: 0.07261076760343874, scale_lr: 0.47985317073411743, EAO: 0.264
Trial 22 finished with value: 0.2636256646213493 and parameters: {'window_influence': 0.4081323053222109, 'penalty_k': 0.07261076760343874, 'scale_lr': 0.47985317073411743}. Best is trial 15 with value: 0.268644418597706.
checkpoint_e16 window_influence: 0.39494180207302648, penalty_k: 0.00405581811014128, scale_lr: 0.50685472822410893, EAO: 0.256
Trial 17 finished with value: 0.25586760916360995 and parameters: {'window_influence': 0.3949418020730265, 'penalty_k': 0.004055818110141279, 'scale_lr': 0.5068547282241089}. Best is trial 14 with value: 0.26288465386241433.
checkpoint_e16 window_influence: 0.26517749633944776, penalty_k: 0.16814047167785656, scale_lr: 0.79867172674078313, EAO: 0.247
Trial 19 finished with value: 0.24687196738351652 and parameters: {'window_influence': 0.26517749633944776, 'penalty_k': 0.16814047167785656, 'scale_lr': 0.7986717267407831}. Best is trial 5 with value: 0.25779982583551875.
checkpoint_e16 window_influence: 0.34019150438086038, penalty_k: 0.15084303159299661, scale_lr: 0.56090288322598780, EAO: 0.252
