Trial 62 finished with value: 0.2586145614220844 and parameters: {'window_influence': 0.27025650092312664, 'penalty_k': 0.02464560431764312, 'scale_lr': 0.7646555285136915}. Best is trial 10 with value: 0.2721887084284449.
checkpoint_e34 window_influence: 0.28609062247823441, penalty_k: 0.05447108472379093, scale_lr: 0.72464279619523075, EAO: 0.264
Trial 63 finished with value: 0.26373012061041545 and parameters: {'window_influence': 0.2860906224782344, 'penalty_k': 0.05447108472379093, 'scale_lr': 0.7246427961952308}. Best is trial 10 with value: 0.2721887084284449.
checkpoint_e34 window_influence: 0.21772079022893692, penalty_k: 0.12790951512254739, scale_lr: 0.69327866222351398, EAO: 0.244
Trial 64 finished with value: 0.24409166263128684 and parameters: {'window_influence': 0.21772079022893692, 'penalty_k': 0.1279095151225474, 'scale_lr': 0.693278662223514}. Best is trial 10 with value: 0.2721887084284449.
checkpoint_e34 window_influence: 0.31169770301676786, penalty_k: 0.07005498085745426, scale_lr: 0.74717622305070386, EAO: 0.261
Trial 65 finished with value: 0.26079959501095906 and parameters: {'window_influence': 0.31169770301676786, 'penalty_k': 0.07005498085745426, 'scale_lr': 0.7471762230507039}. Best is trial 10 with value: 0.2721887084284449.
checkpoint_e34 window_influence: 0.34199599972409350, penalty_k: 0.04749376975582683, scale_lr: 0.79740812825320717, EAO: 0.265
Trial 66 finished with value: 0.26544130042316466 and parameters: {'window_influence': 0.3419959997240935, 'penalty_k': 0.04749376975582683, 'scale_lr': 0.7974081282532072}. Best is trial 10 with value: 0.2721887084284449.
checkpoint_e34 window_influence: 0.34267426348326468, penalty_k: 0.00917519353373396, scale_lr: 0.79986540115189986, EAO: 0.260
Trial 67 finished with value: 0.2601007614436188 and parameters: {'window_influence': 0.3426742634832647, 'penalty_k': 0.009175193533733958, 'scale_lr': 0.7998654011518999}. Best is trial 10 with value: 0.2721887084284449.
checkpoint_e34 window_influence: 0.37394196641996297, penalty_k: 0.03514341945513781, scale_lr: 0.74364287015049146, EAO: 0.243
Trial 68 finished with value: 0.24324773252010345 and parameters: {'window_influence': 0.37394196641996297, 'penalty_k': 0.03514341945513781, 'scale_lr': 0.7436428701504915}. Best is trial 10 with value: 0.2721887084284449.
checkpoint_e34 window_influence: 0.32895194054232435, penalty_k: 0.09153335343354002, scale_lr: 0.71979660792527977, EAO: 0.259
Trial 69 finished with value: 0.25906744175325563 and parameters: {'window_influence': 0.32895194054232435, 'penalty_k': 0.09153335343354002, 'scale_lr': 0.7197966079252798}. Best is trial 10 with value: 0.2721887084284449.
checkpoint_e34 window_influence: 0.40906308409099568, penalty_k: 0.10422541476359745, scale_lr: 0.69505233034171920, EAO: 0.258
Trial 70 finished with value: 0.25769563691645136 and parameters: {'window_influence': 0.4090630840909957, 'penalty_k': 0.10422541476359745, 'scale_lr': 0.6950523303417192}. Best is trial 10 with value: 0.2721887084284449.
checkpoint_e34 window_influence: 0.27137411829056168, penalty_k: 0.05737449342693214, scale_lr: 0.76658936888784790, EAO: 0.257
Trial 71 finished with value: 0.25747807154325936 and parameters: {'window_influence': 0.2713741182905617, 'penalty_k': 0.05737449342693214, 'scale_lr': 0.7665893688878479}. Best is trial 10 with value: 0.2721887084284449.
checkpoint_e34 window_influence: 0.29956604308279361, penalty_k: 0.08166086156738722, scale_lr: 0.78117076358048299, EAO: 0.266
Trial 72 finished with value: 0.26569824944424436 and parameters: {'window_influence': 0.2995660430827936, 'penalty_k': 0.08166086156738722, 'scale_lr': 0.781170763580483}. Best is trial 10 with value: 0.2721887084284449.
checkpoint_e34 window_influence: 0.30264595142189876, penalty_k: 0.04304803740447741, scale_lr: 0.78220919423112245, EAO: 0.248
Trial 73 finished with value: 0.24765907064443682 and parameters: {'window_influence': 0.30264595142189876, 'penalty_k': 0.04304803740447741, 'scale_lr': 0.7822091942311225}. Best is trial 10 with value: 0.2721887084284449.
checkpoint_e34 window_influence: 0.35754592415427577, penalty_k: 0.08566214376814345, scale_lr: 0.74585668307053743, EAO: 0.246
Trial 74 finished with value: 0.24595352861939407 and parameters: {'window_influence': 0.3575459241542758, 'penalty_k': 0.08566214376814345, 'scale_lr': 0.7458566830705374}. Best is trial 10 with value: 0.2721887084284449.
checkpoint_e34 window_influence: 0.31633003448015767, penalty_k: 0.12156579457358847, scale_lr: 0.78060146981164602, EAO: 0.254
Trial 75 finished with value: 0.2539386465176334 and parameters: {'window_influence': 0.3163300344801577, 'penalty_k': 0.12156579457358847, 'scale_lr': 0.780601469811646}. Best is trial 10 with value: 0.2721887084284449.
checkpoint_e34 window_influence: 0.24033651530568947, penalty_k: 0.02268105350489551, scale_lr: 0.72403683495659721, EAO: 0.244
Trial 76 finished with value: 0.2444378811775184 and parameters: {'window_influence': 0.24033651530568947, 'penalty_k': 0.022681053504895507, 'scale_lr': 0.7240368349565972}. Best is trial 10 with value: 0.2721887084284449.
checkpoint_e34 window_influence: 0.26774027956410951, penalty_k: 0.13638170536167965, scale_lr: 0.79952815385534026, EAO: 0.257
Trial 77 finished with value: 0.25738407689623716 and parameters: {'window_influence': 0.2677402795641095, 'penalty_k': 0.13638170536167965, 'scale_lr': 0.7995281538553403}. Best is trial 10 with value: 0.2721887084284449.
checkpoint_e34 window_influence: 0.28966437160703562, penalty_k: 0.15758391649022915, scale_lr: 0.74106321617352866, EAO: 0.265
Trial 78 finished with value: 0.265374984016748 and parameters: {'window_influence': 0.2896643716070356, 'penalty_k': 0.15758391649022915, 'scale_lr': 0.7410632161735287}. Best is trial 10 with value: 0.2721887084284449.
checkpoint_e34 window_influence: 0.34862184195742196, penalty_k: 0.07436463150943931, scale_lr: 0.70735783313235945, EAO: 0.263
Trial 79 finished with value: 0.2627518025597906 and parameters: {'window_influence': 0.34862184195742196, 'penalty_k': 0.07436463150943931, 'scale_lr': 0.7073578331323594}. Best is trial 10 with value: 0.2721887084284449.
checkpoint_e34 window_influence: 0.26217525878106657, penalty_k: 0.04931156568987817, scale_lr: 0.76704435081157529, EAO: 0.257
Trial 80 finished with value: 0.25694497226457286 and parameters: {'window_influence': 0.26217525878106657, 'penalty_k': 0.04931156568987817, 'scale_lr': 0.7670443508115753}. Best is trial 10 with value: 0.2721887084284449.
checkpoint_e34 window_influence: 0.28887246044069570, penalty_k: 0.16202226779479167, scale_lr: 0.74963174899672280, EAO: 0.253
Trial 81 finished with value: 0.25302498042583466 and parameters: {'window_influence': 0.2888724604406957, 'penalty_k': 0.16202226779479167, 'scale_lr': 0.7496317489967228}. Best is trial 10 with value: 0.2721887084284449.
checkpoint_e34 window_influence: 0.30019324079334514, penalty_k: 0.10046905410643736, scale_lr: 0.72547300858385788, EAO: 0.267
Trial 82 finished with value: 0.2666285075550157 and parameters: {'window_influence': 0.30019324079334514, 'penalty_k': 0.10046905410643736, 'scale_lr': 0.7254730085838579}. Best is trial 10 with value: 0.2721887084284449.
checkpoint_e34 window_influence: 0.24248421039528695, penalty_k: 0.09701868870745937, scale_lr: 0.69202522214491913, EAO: 0.256
Trial 83 finished with value: 0.25554844506872376 and parameters: {'window_influence': 0.24248421039528695, 'penalty_k': 0.09701868870745937, 'scale_lr': 0.6920252221449191}. Best is trial 10 with value: 0.2721887084284449.
checkpoint_e34 window_influence: 0.31993834694733281, penalty_k: 0.11336030085975582, scale_lr: 0.78542929169176190, EAO: 0.262
Trial 84 finished with value: 0.2622015032220662 and parameters: {'window_influence': 0.3199383469473328, 'penalty_k': 0.11336030085975582, 'scale_lr': 0.7854292916917619}. Best is trial 10 with value: 0.2721887084284449.
checkpoint_e34 window_influence: 0.30648697244195278, penalty_k: 0.07994684138130871, scale_lr: 0.72167725323126952, EAO: 0.271
Trial 85 finished with value: 0.27096611249253033 and parameters: {'window_influence': 0.3064869724419528, 'penalty_k': 0.07994684138130871, 'scale_lr': 0.7216772532312695}. Best is trial 10 with value: 0.2721887084284449.
checkpoint_e34 window_influence: 0.30294934007946211, penalty_k: 0.08276370317031555, scale_lr: 0.66608379847524524, EAO: 0.260
Trial 86 finished with value: 0.2597563041419518 and parameters: {'window_influence': 0.3029493400794621, 'penalty_k': 0.08276370317031555, 'scale_lr': 0.6660837984752452}. Best is trial 10 with value: 0.2721887084284449.
checkpoint_e34 window_influence: 0.22263735667009071, penalty_k: 0.09774619373319990, scale_lr: 0.71842759362817676, EAO: 0.257
Trial 87 finished with value: 0.2565410126273225 and parameters: {'window_influence': 0.2226373566700907, 'penalty_k': 0.0977461937331999, 'scale_lr': 0.7184275936281768}. Best is trial 10 with value: 0.2721887084284449.
checkpoint_e34 window_influence: 0.25336025962342457, penalty_k: 0.13943025845793378, scale_lr: 0.68526091888108187, EAO: 0.257
Trial 88 finished with value: 0.257213221756908 and parameters: {'window_influence': 0.25336025962342457, 'penalty_k': 0.13943025845793378, 'scale_lr': 0.6852609188810819}. Best is trial 10 with value: 0.2721887084284449.
checkpoint_e34 window_influence: 0.26293603683416450, penalty_k: 0.06334641787592896, scale_lr: 0.73336467786962212, EAO: 0.255
Trial 89 finished with value: 0.2546889032653677 and parameters: {'window_influence': 0.2629360368341645, 'penalty_k': 0.06334641787592896, 'scale_lr': 0.7333646778696221}. Best is trial 10 with value: 0.2721887084284449.
checkpoint_e34 window_influence: 0.32883083384547301, penalty_k: 0.11576616581528550, scale_lr: 0.70426896001705130, EAO: 0.268
Trial 90 finished with value: 0.26812624361941484 and parameters: {'window_influence': 0.328830833845473, 'penalty_k': 0.1157661658152855, 'scale_lr': 0.7042689600170513}. Best is trial 10 with value: 0.2721887084284449.
checkpoint_e34 window_influence: 0.32826784536386044, penalty_k: 0.11839524374904992, scale_lr: 0.75781974807839458, EAO: 0.270
Trial 91 finished with value: 0.2700564379129953 and parameters: {'window_influence': 0.32826784536386044, 'penalty_k': 0.11839524374904992, 'scale_lr': 0.7578197480783946}. Best is trial 10 with value: 0.2721887084284449.
checkpoint_e34 window_influence: 0.33080423761171768, penalty_k: 0.11214109920219516, scale_lr: 0.75473828456263115, EAO: 0.258
Trial 92 finished with value: 0.2577548138494414 and parameters: {'window_influence': 0.3308042376117177, 'penalty_k': 0.11214109920219516, 'scale_lr': 0.7547382845626311}. Best is trial 10 with value: 0.2721887084284449.
checkpoint_e34 window_influence: 0.31594892208845787, penalty_k: 0.12464008467451163, scale_lr: 0.70475778181040727, EAO: 0.266
Trial 93 finished with value: 0.2658062426418793 and parameters: {'window_influence': 0.3159489220884579, 'penalty_k': 0.12464008467451163, 'scale_lr': 0.7047577818104073}. Best is trial 10 with value: 0.2721887084284449.
checkpoint_e34 window_influence: 0.28216555833623919, penalty_k: 0.14375654382834147, scale_lr: 0.65549350837041720, EAO: 0.261
Trial 94 finished with value: 0.2613761903551536 and parameters: {'window_influence': 0.2821655583362392, 'penalty_k': 0.14375654382834147, 'scale_lr': 0.6554935083704172}. Best is trial 10 with value: 0.2721887084284449.
checkpoint_e34 window_influence: 0.36570582843201382, penalty_k: 0.18294700030364305, scale_lr: 0.71786296270331362, EAO: 0.263
Trial 95 finished with value: 0.26325696809747356 and parameters: {'window_influence': 0.3657058284320138, 'penalty_k': 0.18294700030364305, 'scale_lr': 0.7178629627033136}. Best is trial 10 with value: 0.2721887084284449.
checkpoint_e34 window_influence: 0.33139566127757891, penalty_k: 0.10237931077428425, scale_lr: 0.67956557386381122, EAO: 0.261
Trial 96 finished with value: 0.26122260784230583 and parameters: {'window_influence': 0.3313956612775789, 'penalty_k': 0.10237931077428425, 'scale_lr': 0.6795655738638112}. Best is trial 10 with value: 0.2721887084284449.
checkpoint_e34 window_influence: 0.30441730734266004, penalty_k: 0.06182029639894948, scale_lr: 0.75502231580959989, EAO: 0.266
Trial 97 finished with value: 0.2663243798826768 and parameters: {'window_influence': 0.30441730734266004, 'penalty_k': 0.06182029639894948, 'scale_lr': 0.7550223158095999}. Best is trial 10 with value: 0.2721887084284449.
checkpoint_e34 window_influence: 0.28819718771959718, penalty_k: 0.11820696654180256, scale_lr: 0.72848171318337129, EAO: 0.259
Trial 98 finished with value: 0.25902297269038066 and parameters: {'window_influence': 0.2881971877195972, 'penalty_k': 0.11820696654180256, 'scale_lr': 0.7284817131833713}. Best is trial 10 with value: 0.2721887084284449.
checkpoint_e34 window_influence: 0.31718748407729075, penalty_k: 0.07928986554751288, scale_lr: 0.70219463375207536, EAO: 0.263
Trial 99 finished with value: 0.26271373766466855 and parameters: {'window_influence': 0.31718748407729075, 'penalty_k': 0.07928986554751288, 'scale_lr': 0.7021946337520754}. Best is trial 10 with value: 0.2721887084284449.
checkpoint_e34 window_influence: 0.23510259116214749, penalty_k: 0.13150148263718234, scale_lr: 0.76055058715882606, EAO: 0.262
Trial 100 finished with value: 0.2619637848158193 and parameters: {'window_influence': 0.2351025911621475, 'penalty_k': 0.13150148263718234, 'scale_lr': 0.7605505871588261}. Best is trial 10 with value: 0.2721887084284449.
checkpoint_e34 window_influence: 0.30038438985146509, penalty_k: 0.02895874328608923, scale_lr: 0.75030941481180702, EAO: 0.256
Trial 101 finished with value: 0.25590423488520025 and parameters: {'window_influence': 0.3003843898514651, 'penalty_k': 0.028958743286089234, 'scale_lr': 0.750309414811807}. Best is trial 10 with value: 0.2721887084284449.
checkpoint_e34 window_influence: 0.25944997654773605, penalty_k: 0.05634999798504874, scale_lr: 0.73016546479949052, EAO: 0.260
Trial 102 finished with value: 0.2602141664280155 and parameters: {'window_influence': 0.25944997654773605, 'penalty_k': 0.056349997985048736, 'scale_lr': 0.7301654647994905}. Best is trial 10 with value: 0.2721887084284449.
checkpoint_e34 window_influence: 0.27451666715484790, penalty_k: 0.09823756918467053, scale_lr: 0.77110920366679470, EAO: 0.260
Trial 103 finished with value: 0.2601048794340312 and parameters: {'window_influence': 0.2745166671548479, 'penalty_k': 0.09823756918467053, 'scale_lr': 0.7711092036667947}. Best is trial 10 with value: 0.2721887084284449.
checkpoint_e34 window_influence: 0.33853081496855980, penalty_k: 0.06769481239488061, scale_lr: 0.73829498615530509, EAO: 0.260
Trial 104 finished with value: 0.25957643392124796 and parameters: {'window_influence': 0.3385308149685598, 'penalty_k': 0.06769481239488061, 'scale_lr': 0.7382949861553051}. Best is trial 10 with value: 0.2721887084284449.
checkpoint_e34 window_influence: 0.30526428153713658, penalty_k: 0.08639279602801209, scale_lr: 0.76084305545104602, EAO: 0.274
Trial 105 finished with value: 0.27409944501591893 and parameters: {'window_influence': 0.3052642815371366, 'penalty_k': 0.08639279602801209, 'scale_lr': 0.760843055451046}. Best is trial 105 with value: 0.27409944501591893.
checkpoint_e34 window_influence: 0.34890580983379110, penalty_k: 0.03977153019651945, scale_lr: 0.71782996615860084, EAO: 0.254
Trial 106 finished with value: 0.2543209050971318 and parameters: {'window_influence': 0.3489058098337911, 'penalty_k': 0.03977153019651945, 'scale_lr': 0.7178299661586008}. Best is trial 105 with value: 0.27409944501591893.
checkpoint_e34 window_influence: 0.32301483907363859, penalty_k: 0.08755605699495063, scale_lr: 0.78546803880972638, EAO: 0.248
Trial 107 finished with value: 0.24809329375261213 and parameters: {'window_influence': 0.3230148390736386, 'penalty_k': 0.08755605699495063, 'scale_lr': 0.7854680388097264}. Best is trial 105 with value: 0.27409944501591893.
checkpoint_e34 window_influence: 0.28924054905777918, penalty_k: 0.15015120129837442, scale_lr: 0.69206147861211131, EAO: 0.261
Trial 108 finished with value: 0.26074734536128313 and parameters: {'window_influence': 0.2892405490577792, 'penalty_k': 0.15015120129837442, 'scale_lr': 0.6920614786121113}. Best is trial 105 with value: 0.27409944501591893.
checkpoint_e34 window_influence: 0.30769643855551271, penalty_k: 0.10626796121183547, scale_lr: 0.76507922101421721, EAO: 0.259
Trial 109 finished with value: 0.2588336874193292 and parameters: {'window_influence': 0.3076964385555127, 'penalty_k': 0.10626796121183547, 'scale_lr': 0.7650792210142172}. Best is trial 105 with value: 0.27409944501591893.
checkpoint_e34 window_influence: 0.26639187376316759, penalty_k: 0.01061141835816602, scale_lr: 0.66876196355357653, EAO: 0.250
Trial 110 finished with value: 0.24953215217929545 and parameters: {'window_influence': 0.2663918737631676, 'penalty_k': 0.010611418358166022, 'scale_lr': 0.6687619635535765}. Best is trial 105 with value: 0.27409944501591893.
checkpoint_e34 window_influence: 0.30650815645811441, penalty_k: 0.05989961581895425, scale_lr: 0.75456401353397407, EAO: 0.267
Trial 111 finished with value: 0.26722626048859544 and parameters: {'window_influence': 0.3065081564581144, 'penalty_k': 0.059899615818954255, 'scale_lr': 0.7545640135339741}. Best is trial 105 with value: 0.27409944501591893.
checkpoint_e34 window_influence: 0.28090182585327877, penalty_k: 0.07621402849200287, scale_lr: 0.74178740893533834, EAO: 0.265
Trial 112 finished with value: 0.2648001703304973 and parameters: {'window_influence': 0.2809018258532788, 'penalty_k': 0.07621402849200287, 'scale_lr': 0.7417874089353383}. Best is trial 105 with value: 0.27409944501591893.
checkpoint_e34 window_influence: 0.33393301937589448, penalty_k: 0.09192805445718694, scale_lr: 0.78230135162725922, EAO: 0.257
Trial 113 finished with value: 0.25657039656629405 and parameters: {'window_influence': 0.3339330193758945, 'penalty_k': 0.09192805445718694, 'scale_lr': 0.7823013516272592}. Best is trial 105 with value: 0.27409944501591893.
checkpoint_e34 window_influence: 0.24262355200609634, penalty_k: 0.03696724867451834, scale_lr: 0.71298771968133812, EAO: 0.248
Trial 114 finished with value: 0.24764527840827538 and parameters: {'window_influence': 0.24262355200609634, 'penalty_k': 0.03696724867451834, 'scale_lr': 0.7129877196813381}. Best is trial 105 with value: 0.27409944501591893.
checkpoint_e34 window_influence: 0.29358463193354145, penalty_k: 0.05537366954667611, scale_lr: 0.75410130466569902, EAO: 0.280
Trial 115 finished with value: 0.2796841496374549 and parameters: {'window_influence': 0.29358463193354145, 'penalty_k': 0.05537366954667611, 'scale_lr': 0.754101304665699}. Best is trial 115 with value: 0.2796841496374549.
checkpoint_e34 window_influence: 0.30850606231745442, penalty_k: 0.05251855444306408, scale_lr: 0.77265333306581174, EAO: 0.259
Trial 116 finished with value: 0.25888050093156534 and parameters: {'window_influence': 0.3085060623174544, 'penalty_k': 0.05251855444306408, 'scale_lr': 0.7726533330658117}. Best is trial 115 with value: 0.2796841496374549.
checkpoint_e34 window_influence: 0.29431544158752165, penalty_k: 0.03098874940420950, scale_lr: 0.75550378799212314, EAO: 0.246
Trial 117 finished with value: 0.24642319020217027 and parameters: {'window_influence': 0.29431544158752165, 'penalty_k': 0.030988749404209495, 'scale_lr': 0.7555037879921231}. Best is trial 115 with value: 0.2796841496374549.
checkpoint_e34 window_influence: 0.35694756848728876, penalty_k: 0.07049169262267586, scale_lr: 0.73412325685569391, EAO: 0.253
Trial 118 finished with value: 0.25255998641979405 and parameters: {'window_influence': 0.35694756848728876, 'penalty_k': 0.07049169262267586, 'scale_lr': 0.7341232568556939}. Best is trial 115 with value: 0.2796841496374549.
checkpoint_e34 window_influence: 0.31916119466906434, penalty_k: 0.11697755065409438, scale_lr: 0.78982949078792564, EAO: 0.270
Trial 119 finished with value: 0.2696477664195425 and parameters: {'window_influence': 0.31916119466906434, 'penalty_k': 0.11697755065409438, 'scale_lr': 0.7898294907879256}. Best is trial 115 with value: 0.2796841496374549.
checkpoint_e34 window_influence: 0.32181215479996828, penalty_k: 0.01487241821203006, scale_lr: 0.79193866799622048, EAO: 0.250
Trial 120 finished with value: 0.2502953970456511 and parameters: {'window_influence': 0.3218121547999683, 'penalty_k': 0.014872418212030059, 'scale_lr': 0.7919386679962205}. Best is trial 115 with value: 0.2796841496374549.
checkpoint_e34 window_influence: 0.31197519965987341, penalty_k: 0.11649826641390973, scale_lr: 0.77211257646447873, EAO: 0.249
Trial 121 finished with value: 0.24869980554028256 and parameters: {'window_influence': 0.3119751996598734, 'penalty_k': 0.11649826641390973, 'scale_lr': 0.7721125764644787}. Best is trial 115 with value: 0.2796841496374549.
checkpoint_e34 window_influence: 0.34153375115257506, penalty_k: 0.12932656274407159, scale_lr: 0.76156862682858217, EAO: 0.257
Trial 122 finished with value: 0.25705036599703923 and parameters: {'window_influence': 0.34153375115257506, 'penalty_k': 0.1293265627440716, 'scale_lr': 0.7615686268285822}. Best is trial 115 with value: 0.2796841496374549.
checkpoint_e34 window_influence: 0.29305440041219405, penalty_k: 0.08113425150454970, scale_lr: 0.74258620842030287, EAO: 0.267
Trial 123 finished with value: 0.2670703612691988 and parameters: {'window_influence': 0.29305440041219405, 'penalty_k': 0.0811342515045497, 'scale_lr': 0.7425862084203029}. Best is trial 115 with value: 0.2796841496374549.
checkpoint_e34 window_influence: 0.27471004324716247, penalty_k: 0.05966853172913422, scale_lr: 0.74647166467223824, EAO: 0.265
