Trial 1610 finished with value: 0.2641439244029968 and parameters: {'window_influence': 0.3044069719434319, 'penalty_k': 0.2828163271232162, 'scale_lr': 0.5024207717896271}. Best is trial 489 with value: 0.28065862270390113.
checkpoint_e32 window_influence: 0.33209436664757952, penalty_k: 0.25945490985724573, scale_lr: 0.70895737950120041, EAO: 0.268
Trial 1611 finished with value: 0.267552153366368 and parameters: {'window_influence': 0.3320943666475795, 'penalty_k': 0.25945490985724573, 'scale_lr': 0.7089573795012004}. Best is trial 489 with value: 0.28065862270390113.
checkpoint_e32 window_influence: 0.12834141994271694, penalty_k: 0.17703090657780138, scale_lr: 0.76325561586232660, EAO: 0.242
Trial 1612 finished with value: 0.24207694489296858 and parameters: {'window_influence': 0.12834141994271694, 'penalty_k': 0.17703090657780138, 'scale_lr': 0.7632556158623266}. Best is trial 489 with value: 0.28065862270390113.
checkpoint_e32 window_influence: 0.31434427549489724, penalty_k: 0.47476531223290763, scale_lr: 0.21374858082791900, EAO: 0.255
Trial 1613 finished with value: 0.25509357749204326 and parameters: {'window_influence': 0.31434427549489724, 'penalty_k': 0.47476531223290763, 'scale_lr': 0.213748580827919}. Best is trial 489 with value: 0.28065862270390113.
checkpoint_e32 window_influence: 0.35316463996410974, penalty_k: 0.14131643116060427, scale_lr: 0.56307209236305700, EAO: 0.260
Trial 1614 finished with value: 0.25956759928930095 and parameters: {'window_influence': 0.35316463996410974, 'penalty_k': 0.14131643116060427, 'scale_lr': 0.563072092363057}. Best is trial 489 with value: 0.28065862270390113.
checkpoint_e32 window_influence: 0.29035545820087699, penalty_k: 0.31384808610986548, scale_lr: 0.63574247035530662, EAO: 0.263
Trial 1615 finished with value: 0.26344652698049703 and parameters: {'window_influence': 0.290355458200877, 'penalty_k': 0.3138480861098655, 'scale_lr': 0.6357424703553066}. Best is trial 489 with value: 0.28065862270390113.
checkpoint_e32 window_influence: 0.48652423883422996, penalty_k: 0.45172003861211973, scale_lr: 0.47777541130279882, EAO: 0.247
Trial 1616 finished with value: 0.2470062051604434 and parameters: {'window_influence': 0.48652423883422996, 'penalty_k': 0.45172003861211973, 'scale_lr': 0.4777754113027988}. Best is trial 489 with value: 0.28065862270390113.
checkpoint_e32 window_influence: 0.32308246711875804, penalty_k: 0.04678829247240703, scale_lr: 0.10004153435343172, EAO: 0.257
Trial 1617 finished with value: 0.25674438876349753 and parameters: {'window_influence': 0.32308246711875804, 'penalty_k': 0.04678829247240703, 'scale_lr': 0.10004153435343172}. Best is trial 489 with value: 0.28065862270390113.
checkpoint_e32 window_influence: 0.30408217436381246, penalty_k: 0.20752373700213222, scale_lr: 0.75055345517335903, EAO: 0.253
Trial 1618 finished with value: 0.2534831757467937 and parameters: {'window_influence': 0.30408217436381246, 'penalty_k': 0.20752373700213222, 'scale_lr': 0.750553455173359}. Best is trial 489 with value: 0.28065862270390113.
checkpoint_e32 window_influence: 0.23965420646329538, penalty_k: 0.53481916033648180, scale_lr: 0.28524547494895025, EAO: 0.250
Trial 1619 finished with value: 0.2502775247988662 and parameters: {'window_influence': 0.23965420646329538, 'penalty_k': 0.5348191603364818, 'scale_lr': 0.28524547494895025}. Best is trial 489 with value: 0.28065862270390113.
checkpoint_e32 window_influence: 0.11728837774218834, penalty_k: 0.32319607274202089, scale_lr: 0.79896214188537928, EAO: 0.236
Trial 1620 finished with value: 0.2364098090466445 and parameters: {'window_influence': 0.11728837774218834, 'penalty_k': 0.3231960727420209, 'scale_lr': 0.7989621418853793}. Best is trial 489 with value: 0.28065862270390113.
checkpoint_e32 window_influence: 0.34377101881023492, penalty_k: 0.42680097071005463, scale_lr: 0.66317891433574527, EAO: 0.256
Trial 1621 finished with value: 0.2562372530621242 and parameters: {'window_influence': 0.3437710188102349, 'penalty_k': 0.42680097071005463, 'scale_lr': 0.6631789143357453}. Best is trial 489 with value: 0.28065862270390113.
checkpoint_e32 window_influence: 0.36715782704894778, penalty_k: 0.30291063012379199, scale_lr: 0.24772123709543806, EAO: 0.263
Trial 1622 finished with value: 0.2625967493144477 and parameters: {'window_influence': 0.3671578270489478, 'penalty_k': 0.302910630123792, 'scale_lr': 0.24772123709543806}. Best is trial 489 with value: 0.28065862270390113.
checkpoint_e32 window_influence: 0.28162629051559274, penalty_k: 0.07841040057559365, scale_lr: 0.61880020489962040, EAO: 0.269
Trial 1623 finished with value: 0.26920763827194044 and parameters: {'window_influence': 0.28162629051559274, 'penalty_k': 0.07841040057559365, 'scale_lr': 0.6188002048996204}. Best is trial 489 with value: 0.28065862270390113.
checkpoint_e32 window_influence: 0.33231827444015960, penalty_k: 0.19193654449716524, scale_lr: 0.31519399239717649, EAO: 0.256
Trial 1624 finished with value: 0.25611945253804447 and parameters: {'window_influence': 0.3323182744401596, 'penalty_k': 0.19193654449716524, 'scale_lr': 0.3151939923971765}. Best is trial 489 with value: 0.28065862270390113.
checkpoint_e32 window_influence: 0.45546084052759994, penalty_k: 0.22995577652277779, scale_lr: 0.51371183771172380, EAO: 0.251
Trial 1625 finished with value: 0.25103496172563816 and parameters: {'window_influence': 0.45546084052759994, 'penalty_k': 0.2299557765227778, 'scale_lr': 0.5137118377117238}. Best is trial 489 with value: 0.28065862270390113.
checkpoint_e32 window_influence: 0.31384241984628658, penalty_k: 0.38318012291672293, scale_lr: 0.67592320483954937, EAO: 0.262
Trial 1626 finished with value: 0.26180612465472725 and parameters: {'window_influence': 0.3138424198462866, 'penalty_k': 0.38318012291672293, 'scale_lr': 0.6759232048395494}. Best is trial 489 with value: 0.28065862270390113.
checkpoint_e32 window_influence: 0.29739252032654945, penalty_k: 0.59333766394684395, scale_lr: 0.72646025545381065, EAO: 0.257
Trial 1627 finished with value: 0.25737948957982104 and parameters: {'window_influence': 0.29739252032654945, 'penalty_k': 0.593337663946844, 'scale_lr': 0.7264602554538107}. Best is trial 489 with value: 0.28065862270390113.
checkpoint_e32 window_influence: 0.35556579475168171, penalty_k: 0.34266638082711776, scale_lr: 0.78202355100616538, EAO: 0.257
Trial 1628 finished with value: 0.25687091652213073 and parameters: {'window_influence': 0.3555657947516817, 'penalty_k': 0.34266638082711776, 'scale_lr': 0.7820235510061654}. Best is trial 489 with value: 0.28065862270390113.
checkpoint_e32 window_influence: 0.37507705745302211, penalty_k: 0.27250989012791937, scale_lr: 0.69173523023664873, EAO: 0.258
Trial 1629 finished with value: 0.2576092588223093 and parameters: {'window_influence': 0.3750770574530221, 'penalty_k': 0.2725098901279194, 'scale_lr': 0.6917352302366487}. Best is trial 489 with value: 0.28065862270390113.
checkpoint_e32 window_influence: 0.48575485247582184, penalty_k: 0.49587411119561531, scale_lr: 0.25885405368065056, EAO: 0.238
Trial 1630 finished with value: 0.2380441240663451 and parameters: {'window_influence': 0.48575485247582184, 'penalty_k': 0.4958741111956153, 'scale_lr': 0.25885405368065056}. Best is trial 489 with value: 0.28065862270390113.
checkpoint_e32 window_influence: 0.26909549594445514, penalty_k: 0.29018632558045893, scale_lr: 0.45626261716775735, EAO: 0.259
Trial 1631 finished with value: 0.25889846773409264 and parameters: {'window_influence': 0.26909549594445514, 'penalty_k': 0.2901863255804589, 'scale_lr': 0.45626261716775735}. Best is trial 489 with value: 0.28065862270390113.
checkpoint_e32 window_influence: 0.39199836982607217, penalty_k: 0.06331660970760296, scale_lr: 0.23547663666695129, EAO: 0.264
Trial 1632 finished with value: 0.2638923001240909 and parameters: {'window_influence': 0.39199836982607217, 'penalty_k': 0.06331660970760296, 'scale_lr': 0.2354766366669513}. Best is trial 489 with value: 0.28065862270390113.
checkpoint_e32 window_influence: 0.25373180304885279, penalty_k: 0.14899669832431625, scale_lr: 0.64964233535146454, EAO: 0.256
Trial 1633 finished with value: 0.2564443353472686 and parameters: {'window_influence': 0.2537318030488528, 'penalty_k': 0.14899669832431625, 'scale_lr': 0.6496423353514645}. Best is trial 489 with value: 0.28065862270390113.
checkpoint_e32 window_influence: 0.52322271284524446, penalty_k: 0.09373696481067370, scale_lr: 0.48328665271900773, EAO: 0.246
Trial 1634 finished with value: 0.24622195771312325 and parameters: {'window_influence': 0.5232227128452445, 'penalty_k': 0.0937369648106737, 'scale_lr': 0.4832866527190077}. Best is trial 489 with value: 0.28065862270390113.
checkpoint_e32 window_influence: 0.32400229106550438, penalty_k: 0.02348654953826606, scale_lr: 0.27628378395375702, EAO: 0.258
Trial 1635 finished with value: 0.25796669539881917 and parameters: {'window_influence': 0.3240022910655044, 'penalty_k': 0.023486549538266056, 'scale_lr': 0.276283783953757}. Best is trial 489 with value: 0.28065862270390113.
checkpoint_e32 window_influence: 0.29373743824849935, penalty_k: 0.31268919010423984, scale_lr: 0.33815153132347625, EAO: 0.259
Trial 1636 finished with value: 0.2588010459411435 and parameters: {'window_influence': 0.29373743824849935, 'penalty_k': 0.31268919010423984, 'scale_lr': 0.33815153132347625}. Best is trial 489 with value: 0.28065862270390113.
checkpoint_e32 window_influence: 0.33808871310327421, penalty_k: 0.33359937987676958, scale_lr: 0.21232550005261697, EAO: 0.262
Trial 1637 finished with value: 0.262074737347723 and parameters: {'window_influence': 0.3380887131032742, 'penalty_k': 0.3335993798767696, 'scale_lr': 0.21232550005261697}. Best is trial 489 with value: 0.28065862270390113.
checkpoint_e32 window_influence: 0.56806517188687500, penalty_k: 0.39892031180938275, scale_lr: 0.18864555668971419, EAO: 0.221
Trial 1638 finished with value: 0.22131883619519754 and parameters: {'window_influence': 0.568065171886875, 'penalty_k': 0.39892031180938275, 'scale_lr': 0.1886455566897142}. Best is trial 489 with value: 0.28065862270390113.
checkpoint_e32 window_influence: 0.30890816838467539, penalty_k: 0.53540890694926990, scale_lr: 0.58291709876804843, EAO: 0.238
Trial 1639 finished with value: 0.23842625743974516 and parameters: {'window_influence': 0.3089081683846754, 'penalty_k': 0.5354089069492699, 'scale_lr': 0.5829170987680484}. Best is trial 489 with value: 0.28065862270390113.
checkpoint_e32 window_influence: 0.28084434739221609, penalty_k: 0.24875581229553270, scale_lr: 0.49657326284989434, EAO: 0.259
Trial 1640 finished with value: 0.25869084404009146 and parameters: {'window_influence': 0.2808443473922161, 'penalty_k': 0.2487558122955327, 'scale_lr': 0.49657326284989434}. Best is trial 489 with value: 0.28065862270390113.
checkpoint_e32 window_influence: 0.34729411666281246, penalty_k: 0.16289894522281567, scale_lr: 0.29235188002517737, EAO: 0.255
Trial 1641 finished with value: 0.2547565096519827 and parameters: {'window_influence': 0.34729411666281246, 'penalty_k': 0.16289894522281567, 'scale_lr': 0.29235188002517737}. Best is trial 489 with value: 0.28065862270390113.
checkpoint_e32 window_influence: 0.59406904796817239, penalty_k: 0.13194422321214683, scale_lr: 0.55009037815079298, EAO: 0.215
Trial 1642 finished with value: 0.2150881623591834 and parameters: {'window_influence': 0.5940690479681724, 'penalty_k': 0.13194422321214683, 'scale_lr': 0.550090378150793}. Best is trial 489 with value: 0.28065862270390113.
checkpoint_e32 window_influence: 0.36192683029204054, penalty_k: 0.28068511830763554, scale_lr: 0.71827066232503944, EAO: 0.260
Trial 1643 finished with value: 0.2596172490497915 and parameters: {'window_influence': 0.36192683029204054, 'penalty_k': 0.28068511830763554, 'scale_lr': 0.7182706623250394}. Best is trial 489 with value: 0.28065862270390113.
checkpoint_e32 window_influence: 0.31350342795211583, penalty_k: 0.29704835621786507, scale_lr: 0.14719926074322881, EAO: 0.267
Trial 1644 finished with value: 0.266647395443141 and parameters: {'window_influence': 0.31350342795211583, 'penalty_k': 0.2970483562178651, 'scale_lr': 0.1471992607432288}. Best is trial 489 with value: 0.28065862270390113.
checkpoint_e32 window_influence: 0.29975987907416446, penalty_k: 0.31799238921196310, scale_lr: 0.75261012758189738, EAO: 0.273
Trial 1645 finished with value: 0.2728359211629968 and parameters: {'window_influence': 0.29975987907416446, 'penalty_k': 0.3179923892119631, 'scale_lr': 0.7526101275818974}. Best is trial 489 with value: 0.28065862270390113.
checkpoint_e32 window_influence: 0.06696274163398641, penalty_k: 0.40805691487312062, scale_lr: 0.66643495003791375, EAO: 0.225
Trial 1646 finished with value: 0.22476998171428356 and parameters: {'window_influence': 0.06696274163398641, 'penalty_k': 0.4080569148731206, 'scale_lr': 0.6664349500379138}. Best is trial 489 with value: 0.28065862270390113.
checkpoint_e32 window_influence: 0.40368774100200916, penalty_k: 0.35337275009399455, scale_lr: 0.74006337601676508, EAO: 0.258
Trial 1647 finished with value: 0.25830314671847876 and parameters: {'window_influence': 0.40368774100200916, 'penalty_k': 0.35337275009399455, 'scale_lr': 0.7400633760167651}. Best is trial 489 with value: 0.28065862270390113.
checkpoint_e32 window_influence: 0.62877797950278413, penalty_k: 0.52590872600528149, scale_lr: 0.59863101993615109, EAO: 0.202
Trial 1648 finished with value: 0.20230137726398018 and parameters: {'window_influence': 0.6287779795027841, 'penalty_k': 0.5259087260052815, 'scale_lr': 0.5986310199361511}. Best is trial 489 with value: 0.28065862270390113.
checkpoint_e32 window_influence: 0.32946132673965489, penalty_k: 0.04233720387390499, scale_lr: 0.77267163167632946, EAO: 0.264
Trial 1649 finished with value: 0.2638718666947954 and parameters: {'window_influence': 0.3294613267396549, 'penalty_k': 0.042337203873904994, 'scale_lr': 0.7726716316763295}. Best is trial 489 with value: 0.28065862270390113.
checkpoint_e32 window_influence: 0.37214205487101654, penalty_k: 0.30376394166470394, scale_lr: 0.43710367839418074, EAO: 0.273
Trial 1650 finished with value: 0.2732254476930068 and parameters: {'window_influence': 0.37214205487101654, 'penalty_k': 0.30376394166470394, 'scale_lr': 0.43710367839418074}. Best is trial 489 with value: 0.28065862270390113.
checkpoint_e32 window_influence: 0.28458883516970107, penalty_k: 0.36448349162148014, scale_lr: 0.69599023085053191, EAO: 0.256
Trial 1651 finished with value: 0.2564323473630882 and parameters: {'window_influence': 0.28458883516970107, 'penalty_k': 0.36448349162148014, 'scale_lr': 0.6959902308505319}. Best is trial 489 with value: 0.28065862270390113.
checkpoint_e32 window_influence: 0.39547560917800301, penalty_k: 0.57849532783459945, scale_lr: 0.52703372863041609, EAO: 0.263
Trial 1652 finished with value: 0.2631422439968683 and parameters: {'window_influence': 0.395475609178003, 'penalty_k': 0.5784953278345994, 'scale_lr': 0.5270337286304161}. Best is trial 489 with value: 0.28065862270390113.
checkpoint_e32 window_influence: 0.59316151101080450, penalty_k: 0.45403172990884788, scale_lr: 0.19706240011291004, EAO: 0.213
Trial 1653 finished with value: 0.2133539990196383 and parameters: {'window_influence': 0.5931615110108045, 'penalty_k': 0.4540317299088479, 'scale_lr': 0.19706240011291004}. Best is trial 489 with value: 0.28065862270390113.
checkpoint_e32 window_influence: 0.31903099581662575, penalty_k: 0.07088565526572968, scale_lr: 0.64391824682819510, EAO: 0.267
Trial 1654 finished with value: 0.26709472915021387 and parameters: {'window_influence': 0.31903099581662575, 'penalty_k': 0.07088565526572968, 'scale_lr': 0.6439182468281951}. Best is trial 489 with value: 0.28065862270390113.
checkpoint_e32 window_influence: 0.26991392628242095, penalty_k: 0.33069622156606648, scale_lr: 0.22267632315644170, EAO: 0.241
Trial 1655 finished with value: 0.24109215561936542 and parameters: {'window_influence': 0.26991392628242095, 'penalty_k': 0.3306962215660665, 'scale_lr': 0.2226763231564417}. Best is trial 489 with value: 0.28065862270390113.
checkpoint_e32 window_influence: 0.30430995169320385, penalty_k: 0.56779494915126461, scale_lr: 0.61832839499284686, EAO: 0.263
Trial 1656 finished with value: 0.2626465329430937 and parameters: {'window_influence': 0.30430995169320385, 'penalty_k': 0.5677949491512646, 'scale_lr': 0.6183283949928469}. Best is trial 489 with value: 0.28065862270390113.
checkpoint_e32 window_influence: 0.38008546371661506, penalty_k: 0.20321673550696268, scale_lr: 0.17071152573816648, EAO: 0.258
Trial 1657 finished with value: 0.2579768515699278 and parameters: {'window_influence': 0.38008546371661506, 'penalty_k': 0.20321673550696268, 'scale_lr': 0.17071152573816648}. Best is trial 489 with value: 0.28065862270390113.
checkpoint_e32 window_influence: 0.34521603302258885, penalty_k: 0.55171138838647771, scale_lr: 0.67644857909492540, EAO: 0.248
Trial 1658 finished with value: 0.24762865192279582 and parameters: {'window_influence': 0.34521603302258885, 'penalty_k': 0.5517113883864777, 'scale_lr': 0.6764485790949254}. Best is trial 489 with value: 0.28065862270390113.
checkpoint_e32 window_influence: 0.33381409402141526, penalty_k: 0.28914802625819858, scale_lr: 0.70877383740066446, EAO: 0.257
Trial 1659 finished with value: 0.25669288465647194 and parameters: {'window_influence': 0.33381409402141526, 'penalty_k': 0.2891480262581986, 'scale_lr': 0.7087738374006645}. Best is trial 489 with value: 0.28065862270390113.
checkpoint_e32 window_influence: 0.49389474844928771, penalty_k: 0.14172428511582569, scale_lr: 0.30333652006692746, EAO: 0.251
Trial 1660 finished with value: 0.2511592202070283 and parameters: {'window_influence': 0.4938947484492877, 'penalty_k': 0.1417242851158257, 'scale_lr': 0.30333652006692746}. Best is trial 489 with value: 0.28065862270390113.
checkpoint_e32 window_influence: 0.29297393942987948, penalty_k: 0.18025051297221803, scale_lr: 0.79052242464464084, EAO: 0.256
Trial 1661 finished with value: 0.2564275116939855 and parameters: {'window_influence': 0.2929739394298795, 'penalty_k': 0.18025051297221803, 'scale_lr': 0.7905224246446408}. Best is trial 489 with value: 0.28065862270390113.
checkpoint_e32 window_influence: 0.46954271125550801, penalty_k: 0.25895719543439971, scale_lr: 0.65618687636456341, EAO: 0.251
Trial 1662 finished with value: 0.2510356224043582 and parameters: {'window_influence': 0.469542711255508, 'penalty_k': 0.2589571954343997, 'scale_lr': 0.6561868763645634}. Best is trial 489 with value: 0.28065862270390113.
checkpoint_e32 window_influence: 0.35741740397103644, penalty_k: 0.32235032152429594, scale_lr: 0.24530626251828436, EAO: 0.261
Trial 1663 finished with value: 0.26066704591115314 and parameters: {'window_influence': 0.35741740397103644, 'penalty_k': 0.32235032152429594, 'scale_lr': 0.24530626251828436}. Best is trial 489 with value: 0.28065862270390113.
checkpoint_e32 window_influence: 0.31480330172398530, penalty_k: 0.21862704523787754, scale_lr: 0.26880172962011695, EAO: 0.265
Trial 1664 finished with value: 0.26483329373404263 and parameters: {'window_influence': 0.3148033017239853, 'penalty_k': 0.21862704523787754, 'scale_lr': 0.26880172962011695}. Best is trial 489 with value: 0.28065862270390113.
checkpoint_e32 window_influence: 0.25779564322786785, penalty_k: 0.17429979065009191, scale_lr: 0.63331319047105195, EAO: 0.256
Trial 1665 finished with value: 0.2557305167239856 and parameters: {'window_influence': 0.25779564322786785, 'penalty_k': 0.1742997906500919, 'scale_lr': 0.633313190471052}. Best is trial 489 with value: 0.28065862270390113.
checkpoint_e32 window_influence: 0.15290357455184775, penalty_k: 0.09137061255909995, scale_lr: 0.12984838603883730, EAO: 0.250
Trial 1666 finished with value: 0.24966845891582287 and parameters: {'window_influence': 0.15290357455184775, 'penalty_k': 0.09137061255909995, 'scale_lr': 0.1298483860388373}. Best is trial 489 with value: 0.28065862270390113.
checkpoint_e32 window_influence: 0.32681875721977482, penalty_k: 0.58370534995347212, scale_lr: 0.51403120440689620, EAO: 0.259
Trial 1667 finished with value: 0.25876822867771476 and parameters: {'window_influence': 0.3268187572197748, 'penalty_k': 0.5837053499534721, 'scale_lr': 0.5140312044068962}. Best is trial 489 with value: 0.28065862270390113.
checkpoint_e32 window_influence: 0.24331040036428614, penalty_k: 0.12036884130477990, scale_lr: 0.46033223608967994, EAO: 0.257
Trial 1668 finished with value: 0.25666495121833754 and parameters: {'window_influence': 0.24331040036428614, 'penalty_k': 0.1203688413047799, 'scale_lr': 0.46033223608967994}. Best is trial 489 with value: 0.28065862270390113.
checkpoint_e32 window_influence: 0.38890785064132649, penalty_k: 0.30908308937049223, scale_lr: 0.55900174011221415, EAO: 0.263
Trial 1669 finished with value: 0.26272695184480854 and parameters: {'window_influence': 0.3889078506413265, 'penalty_k': 0.3090830893704922, 'scale_lr': 0.5590017401122142}. Best is trial 489 with value: 0.28065862270390113.
checkpoint_e32 window_influence: 0.05161211285997985, penalty_k: 0.18982026929426477, scale_lr: 0.48581839454034903, EAO: 0.229
Trial 1670 finished with value: 0.22930022674362835 and parameters: {'window_influence': 0.05161211285997985, 'penalty_k': 0.18982026929426477, 'scale_lr': 0.48581839454034903}. Best is trial 489 with value: 0.28065862270390113.
checkpoint_e32 window_influence: 0.29994815070461228, penalty_k: 0.38107070057918258, scale_lr: 0.76252650909559450, EAO: 0.250
