Trial 424 finished with value: 0.24984894486946788 and parameters: {'window_influence': 0.3207131431201402, 'penalty_k': 0.08684699963348923, 'scale_lr': 0.13277997181998724}. Best is trial 212 with value: 0.2844979555868521.
checkpoint_e32 window_influence: 0.33095126240712547, penalty_k: 0.10603054705050280, scale_lr: 0.11759953875962874, EAO: 0.279
Trial 425 finished with value: 0.2787991200641888 and parameters: {'window_influence': 0.33095126240712547, 'penalty_k': 0.1060305470505028, 'scale_lr': 0.11759953875962874}. Best is trial 212 with value: 0.2844979555868521.
checkpoint_e32 window_influence: 0.33478430986413271, penalty_k: 0.09954031493461248, scale_lr: 0.10219847532237537, EAO: 0.273
Trial 426 finished with value: 0.27296527547807226 and parameters: {'window_influence': 0.3347843098641327, 'penalty_k': 0.09954031493461248, 'scale_lr': 0.10219847532237537}. Best is trial 212 with value: 0.2844979555868521.
checkpoint_e32 window_influence: 0.32586040536502825, penalty_k: 0.11262810826906691, scale_lr: 0.12102404112192855, EAO: 0.274
Trial 427 finished with value: 0.2743049152498323 and parameters: {'window_influence': 0.32586040536502825, 'penalty_k': 0.11262810826906691, 'scale_lr': 0.12102404112192855}. Best is trial 212 with value: 0.2844979555868521.
checkpoint_e32 window_influence: 0.31386834966157423, penalty_k: 0.09950400400953242, scale_lr: 0.14123053604252922, EAO: 0.267
Trial 428 finished with value: 0.2672535872798625 and parameters: {'window_influence': 0.31386834966157423, 'penalty_k': 0.09950400400953242, 'scale_lr': 0.14123053604252922}. Best is trial 212 with value: 0.2844979555868521.
checkpoint_e32 window_influence: 0.35085033682886824, penalty_k: 0.06252353827279349, scale_lr: 0.14678542542858178, EAO: 0.267
Trial 429 finished with value: 0.26657972678663283 and parameters: {'window_influence': 0.35085033682886824, 'penalty_k': 0.06252353827279349, 'scale_lr': 0.14678542542858178}. Best is trial 212 with value: 0.2844979555868521.
checkpoint_e32 window_influence: 0.33213669253929606, penalty_k: 0.07309579341956934, scale_lr: 0.11240625290530629, EAO: 0.281
Trial 430 finished with value: 0.2805106260064172 and parameters: {'window_influence': 0.33213669253929606, 'penalty_k': 0.07309579341956934, 'scale_lr': 0.11240625290530629}. Best is trial 212 with value: 0.2844979555868521.
checkpoint_e32 window_influence: 0.33201037488924934, penalty_k: 0.07952499609401979, scale_lr: 0.10923335565650111, EAO: 0.276
Trial 431 finished with value: 0.2759596102727138 and parameters: {'window_influence': 0.33201037488924934, 'penalty_k': 0.07952499609401979, 'scale_lr': 0.10923335565650111}. Best is trial 212 with value: 0.2844979555868521.
checkpoint_e32 window_influence: 0.30633656833340239, penalty_k: 0.07514313118731390, scale_lr: 0.11006927126374416, EAO: 0.276
Trial 432 finished with value: 0.2764347007240706 and parameters: {'window_influence': 0.3063365683334024, 'penalty_k': 0.0751431311873139, 'scale_lr': 0.11006927126374416}. Best is trial 212 with value: 0.2844979555868521.
checkpoint_e32 window_influence: 0.31084074342258039, penalty_k: 0.07283592799532013, scale_lr: 0.11422786476149989, EAO: 0.283
Trial 433 finished with value: 0.2826666959780988 and parameters: {'window_influence': 0.3108407434225804, 'penalty_k': 0.07283592799532013, 'scale_lr': 0.11422786476149989}. Best is trial 212 with value: 0.2844979555868521.
checkpoint_e32 window_influence: 0.30827077676362613, penalty_k: 0.09762047406577071, scale_lr: 0.11055674381398783, EAO: 0.272
Trial 434 finished with value: 0.2722397786451549 and parameters: {'window_influence': 0.30827077676362613, 'penalty_k': 0.09762047406577071, 'scale_lr': 0.11055674381398783}. Best is trial 212 with value: 0.2844979555868521.
checkpoint_e32 window_influence: 0.32565170715832675, penalty_k: 0.07209771390206660, scale_lr: 0.11486035550983378, EAO: 0.270
Trial 435 finished with value: 0.2701026080100517 and parameters: {'window_influence': 0.32565170715832675, 'penalty_k': 0.0720977139020666, 'scale_lr': 0.11486035550983378}. Best is trial 212 with value: 0.2844979555868521.
checkpoint_e32 window_influence: 0.30417966701503302, penalty_k: 0.06934007455279501, scale_lr: 0.10215939401504806, EAO: 0.265
Trial 436 finished with value: 0.2651855672399203 and parameters: {'window_influence': 0.304179667015033, 'penalty_k': 0.069340074552795, 'scale_lr': 0.10215939401504806}. Best is trial 212 with value: 0.2844979555868521.
checkpoint_e32 window_influence: 0.29547971368741072, penalty_k: 0.08111154347998589, scale_lr: 0.12038050011062759, EAO: 0.258
Trial 437 finished with value: 0.25807352200513933 and parameters: {'window_influence': 0.2954797136874107, 'penalty_k': 0.08111154347998589, 'scale_lr': 0.12038050011062759}. Best is trial 212 with value: 0.2844979555868521.
checkpoint_e32 window_influence: 0.31065998904560826, penalty_k: 0.09191864432540806, scale_lr: 0.10045043876361785, EAO: 0.269
Trial 438 finished with value: 0.2690347589370681 and parameters: {'window_influence': 0.31065998904560826, 'penalty_k': 0.09191864432540806, 'scale_lr': 0.10045043876361785}. Best is trial 212 with value: 0.2844979555868521.
checkpoint_e32 window_influence: 0.32139964999931669, penalty_k: 0.06260430976396382, scale_lr: 0.12600298251185948, EAO: 0.267
Trial 439 finished with value: 0.2673804265696828 and parameters: {'window_influence': 0.3213996499993167, 'penalty_k': 0.06260430976396382, 'scale_lr': 0.12600298251185948}. Best is trial 212 with value: 0.2844979555868521.
checkpoint_e32 window_influence: 0.31772900323582337, penalty_k: 0.07796363601396404, scale_lr: 0.11389238548561320, EAO: 0.281
Trial 440 finished with value: 0.280738581062817 and parameters: {'window_influence': 0.31772900323582337, 'penalty_k': 0.07796363601396404, 'scale_lr': 0.1138923854856132}. Best is trial 212 with value: 0.2844979555868521.
checkpoint_e32 window_influence: 0.30274515706596294, penalty_k: 0.07321547834038150, scale_lr: 0.11119340507978379, EAO: 0.279
Trial 441 finished with value: 0.27907361550544335 and parameters: {'window_influence': 0.30274515706596294, 'penalty_k': 0.0732154783403815, 'scale_lr': 0.11119340507978379}. Best is trial 212 with value: 0.2844979555868521.
checkpoint_e32 window_influence: 0.31122165458003215, penalty_k: 0.07219680176875398, scale_lr: 0.15259568701175444, EAO: 0.258
Trial 442 finished with value: 0.2583755446764512 and parameters: {'window_influence': 0.31122165458003215, 'penalty_k': 0.07219680176875398, 'scale_lr': 0.15259568701175444}. Best is trial 212 with value: 0.2844979555868521.
checkpoint_e32 window_influence: 0.31658092643006680, penalty_k: 0.10194340735937663, scale_lr: 0.10015934896443862, EAO: 0.276
Trial 443 finished with value: 0.2755765577520781 and parameters: {'window_influence': 0.3165809264300668, 'penalty_k': 0.10194340735937663, 'scale_lr': 0.10015934896443862}. Best is trial 212 with value: 0.2844979555868521.
checkpoint_e32 window_influence: 0.30486991536643354, penalty_k: 0.06112145085071402, scale_lr: 0.12353362116312228, EAO: 0.257
Trial 444 finished with value: 0.2571337994763522 and parameters: {'window_influence': 0.30486991536643354, 'penalty_k': 0.06112145085071402, 'scale_lr': 0.12353362116312228}. Best is trial 212 with value: 0.2844979555868521.
checkpoint_e32 window_influence: 0.28232543208087668, penalty_k: 0.08726793339390126, scale_lr: 0.11701283435341672, EAO: 0.261
Trial 445 finished with value: 0.2612158094600933 and parameters: {'window_influence': 0.2823254320808767, 'penalty_k': 0.08726793339390126, 'scale_lr': 0.11701283435341672}. Best is trial 212 with value: 0.2844979555868521.
checkpoint_e32 window_influence: 0.30118970361211939, penalty_k: 0.10939685479696558, scale_lr: 0.13071332246433537, EAO: 0.266
Trial 446 finished with value: 0.26561143206871624 and parameters: {'window_influence': 0.3011897036121194, 'penalty_k': 0.10939685479696558, 'scale_lr': 0.13071332246433537}. Best is trial 212 with value: 0.2844979555868521.
checkpoint_e32 window_influence: 0.29741992538932333, penalty_k: 0.07395199338825947, scale_lr: 0.11496610622241839, EAO: 0.271
Trial 447 finished with value: 0.27108528349942307 and parameters: {'window_influence': 0.2974199253893233, 'penalty_k': 0.07395199338825947, 'scale_lr': 0.11496610622241839}. Best is trial 212 with value: 0.2844979555868521.
checkpoint_e32 window_influence: 0.34273102543941908, penalty_k: 0.09238788176407703, scale_lr: 0.12793233721715527, EAO: 0.270
Trial 448 finished with value: 0.2695576789054444 and parameters: {'window_influence': 0.3427310254394191, 'penalty_k': 0.09238788176407703, 'scale_lr': 0.12793233721715527}. Best is trial 212 with value: 0.2844979555868521.
checkpoint_e32 window_influence: 0.32078320081806222, penalty_k: 0.06206897236923673, scale_lr: 0.15010944214487970, EAO: 0.254
Trial 449 finished with value: 0.25437042280668165 and parameters: {'window_influence': 0.3207832008180622, 'penalty_k': 0.06206897236923673, 'scale_lr': 0.1501094421448797}. Best is trial 212 with value: 0.2844979555868521.
checkpoint_e32 window_influence: 0.33578784196190931, penalty_k: 0.05511514070497539, scale_lr: 0.13623634452637595, EAO: 0.274
Trial 450 finished with value: 0.27352155260438843 and parameters: {'window_influence': 0.3357878419619093, 'penalty_k': 0.05511514070497539, 'scale_lr': 0.13623634452637595}. Best is trial 212 with value: 0.2844979555868521.
checkpoint_e32 window_influence: 0.30970828233135866, penalty_k: 0.07806500652087818, scale_lr: 0.11056273882012738, EAO: 0.280
Trial 451 finished with value: 0.2796379888687677 and parameters: {'window_influence': 0.30970828233135866, 'penalty_k': 0.07806500652087818, 'scale_lr': 0.11056273882012738}. Best is trial 212 with value: 0.2844979555868521.
checkpoint_e32 window_influence: 0.29669713078599103, penalty_k: 0.07326836739792310, scale_lr: 0.11149661286014123, EAO: 0.271
Trial 452 finished with value: 0.2713387381982028 and parameters: {'window_influence': 0.296697130785991, 'penalty_k': 0.0732683673979231, 'scale_lr': 0.11149661286014123}. Best is trial 212 with value: 0.2844979555868521.
checkpoint_e32 window_influence: 0.30988158866692711, penalty_k: 0.09483869165304218, scale_lr: 0.14345173348937199, EAO: 0.267
Trial 453 finished with value: 0.26686040130330296 and parameters: {'window_influence': 0.3098815886669271, 'penalty_k': 0.09483869165304218, 'scale_lr': 0.14345173348937199}. Best is trial 212 with value: 0.2844979555868521.
checkpoint_e32 window_influence: 0.31721989048636828, penalty_k: 0.10507115159107636, scale_lr: 0.11818170901441570, EAO: 0.279
Trial 454 finished with value: 0.27878715927765624 and parameters: {'window_influence': 0.3172198904863683, 'penalty_k': 0.10507115159107636, 'scale_lr': 0.1181817090144157}. Best is trial 212 with value: 0.2844979555868521.
checkpoint_e32 window_influence: 0.29380896168223691, penalty_k: 0.10229123068833054, scale_lr: 0.11523641085786170, EAO: 0.280
Trial 455 finished with value: 0.27978220376057356 and parameters: {'window_influence': 0.2938089616822369, 'penalty_k': 0.10229123068833054, 'scale_lr': 0.1152364108578617}. Best is trial 212 with value: 0.2844979555868521.
checkpoint_e32 window_influence: 0.27940507530659808, penalty_k: 0.10826901715596646, scale_lr: 0.11419858611142497, EAO: 0.270
Trial 456 finished with value: 0.26995499347283586 and parameters: {'window_influence': 0.2794050753065981, 'penalty_k': 0.10826901715596646, 'scale_lr': 0.11419858611142497}. Best is trial 212 with value: 0.2844979555868521.
checkpoint_e32 window_influence: 0.30249987595660760, penalty_k: 0.11230973275975681, scale_lr: 0.10035812944120082, EAO: 0.272
Trial 457 finished with value: 0.2722514623064336 and parameters: {'window_influence': 0.3024998759566076, 'penalty_k': 0.11230973275975681, 'scale_lr': 0.10035812944120082}. Best is trial 212 with value: 0.2844979555868521.
checkpoint_e32 window_influence: 0.28983348909356271, penalty_k: 0.12700173143602342, scale_lr: 0.12980234918944741, EAO: 0.269
Trial 458 finished with value: 0.2686147278523057 and parameters: {'window_influence': 0.2898334890935627, 'penalty_k': 0.12700173143602342, 'scale_lr': 0.1298023491894474}. Best is trial 212 with value: 0.2844979555868521.
checkpoint_e32 window_influence: 0.33026539485791845, penalty_k: 0.09476120254828098, scale_lr: 0.11608871816314044, EAO: 0.277
Trial 459 finished with value: 0.27740050931044713 and parameters: {'window_influence': 0.33026539485791845, 'penalty_k': 0.09476120254828098, 'scale_lr': 0.11608871816314044}. Best is trial 212 with value: 0.2844979555868521.
checkpoint_e32 window_influence: 0.32231624193820807, penalty_k: 0.10125589528271003, scale_lr: 0.14122518070558981, EAO: 0.268
Trial 460 finished with value: 0.2676480043588615 and parameters: {'window_influence': 0.32231624193820807, 'penalty_k': 0.10125589528271003, 'scale_lr': 0.14122518070558981}. Best is trial 212 with value: 0.2844979555868521.
checkpoint_e32 window_influence: 0.33051740823528658, penalty_k: 0.11985226984952965, scale_lr: 0.16318314151757038, EAO: 0.272
Trial 461 finished with value: 0.27220347984050347 and parameters: {'window_influence': 0.3305174082352866, 'penalty_k': 0.11985226984952965, 'scale_lr': 0.16318314151757038}. Best is trial 212 with value: 0.2844979555868521.
checkpoint_e32 window_influence: 0.29044452036289692, penalty_k: 0.08332824554516920, scale_lr: 0.12342937924662895, EAO: 0.263
Trial 462 finished with value: 0.2625740425494628 and parameters: {'window_influence': 0.2904445203628969, 'penalty_k': 0.0833282455451692, 'scale_lr': 0.12342937924662895}. Best is trial 212 with value: 0.2844979555868521.
checkpoint_e32 window_influence: 0.31462424066284411, penalty_k: 0.13634949587529108, scale_lr: 0.11682093466082588, EAO: 0.271
Trial 463 finished with value: 0.2705357403653424 and parameters: {'window_influence': 0.3146242406628441, 'penalty_k': 0.13634949587529108, 'scale_lr': 0.11682093466082588}. Best is trial 212 with value: 0.2844979555868521.
checkpoint_e32 window_influence: 0.34219861413751085, penalty_k: 0.09254682890755699, scale_lr: 0.12813431363468963, EAO: 0.267
Trial 464 finished with value: 0.26707952487759473 and parameters: {'window_influence': 0.34219861413751085, 'penalty_k': 0.09254682890755699, 'scale_lr': 0.12813431363468963}. Best is trial 212 with value: 0.2844979555868521.
checkpoint_e32 window_influence: 0.33398297591005061, penalty_k: 0.08697677084052817, scale_lr: 0.14306069020146883, EAO: 0.260
Trial 465 finished with value: 0.26037150100479284 and parameters: {'window_influence': 0.3339829759100506, 'penalty_k': 0.08697677084052817, 'scale_lr': 0.14306069020146883}. Best is trial 212 with value: 0.2844979555868521.
checkpoint_e32 window_influence: 0.32461340552588036, penalty_k: 0.10592038450858199, scale_lr: 0.10089630463485490, EAO: 0.276
Trial 466 finished with value: 0.2763912972153687 and parameters: {'window_influence': 0.32461340552588036, 'penalty_k': 0.10592038450858199, 'scale_lr': 0.1008963046348549}. Best is trial 212 with value: 0.2844979555868521.
checkpoint_e32 window_influence: 0.31597552490333125, penalty_k: 0.06478077721295737, scale_lr: 0.13181125202162466, EAO: 0.254
Trial 467 finished with value: 0.25384478543589756 and parameters: {'window_influence': 0.31597552490333125, 'penalty_k': 0.06478077721295737, 'scale_lr': 0.13181125202162466}. Best is trial 212 with value: 0.2844979555868521.
checkpoint_e32 window_influence: 0.29241585626908800, penalty_k: 0.12141690656046925, scale_lr: 0.11592374448333101, EAO: 0.273
Trial 468 finished with value: 0.2733420873802852 and parameters: {'window_influence': 0.292415856269088, 'penalty_k': 0.12141690656046925, 'scale_lr': 0.11592374448333101}. Best is trial 212 with value: 0.2844979555868521.
checkpoint_e32 window_influence: 0.34108349867815557, penalty_k: 0.13718675398165964, scale_lr: 0.16728721262927621, EAO: 0.259
Trial 469 finished with value: 0.2591821281163673 and parameters: {'window_influence': 0.34108349867815557, 'penalty_k': 0.13718675398165964, 'scale_lr': 0.1672872126292762}. Best is trial 212 with value: 0.2844979555868521.
checkpoint_e32 window_influence: 0.33098707927327958, penalty_k: 0.09939946709557845, scale_lr: 0.14670862723753000, EAO: 0.266
Trial 470 finished with value: 0.2658852158280892 and parameters: {'window_influence': 0.3309870792732796, 'penalty_k': 0.09939946709557845, 'scale_lr': 0.14670862723753}. Best is trial 212 with value: 0.2844979555868521.
checkpoint_e32 window_influence: 0.31174912882386330, penalty_k: 0.05475105613312308, scale_lr: 0.10006159871574366, EAO: 0.269
Trial 471 finished with value: 0.2688816035302674 and parameters: {'window_influence': 0.3117491288238633, 'penalty_k': 0.05475105613312308, 'scale_lr': 0.10006159871574366}. Best is trial 212 with value: 0.2844979555868521.
checkpoint_e32 window_influence: 0.35133784057226147, penalty_k: 0.08304026984027529, scale_lr: 0.12208037757398220, EAO: 0.270
Trial 472 finished with value: 0.2704391334115005 and parameters: {'window_influence': 0.3513378405722615, 'penalty_k': 0.0830402698402753, 'scale_lr': 0.1220803775739822}. Best is trial 212 with value: 0.2844979555868521.
checkpoint_e32 window_influence: 0.28986382958087115, penalty_k: 0.11019452539911789, scale_lr: 0.13457057821518290, EAO: 0.270
Trial 473 finished with value: 0.2699895934845374 and parameters: {'window_influence': 0.28986382958087115, 'penalty_k': 0.11019452539911789, 'scale_lr': 0.1345705782151829}. Best is trial 212 with value: 0.2844979555868521.
checkpoint_e32 window_influence: 0.32947504722866022, penalty_k: 0.26667950286163994, scale_lr: 0.15319634861448000, EAO: 0.261
Trial 474 finished with value: 0.26082256169823126 and parameters: {'window_influence': 0.3294750472286602, 'penalty_k': 0.26667950286163994, 'scale_lr': 0.15319634861448}. Best is trial 212 with value: 0.2844979555868521.
checkpoint_e32 window_influence: 0.34585802150510581, penalty_k: 0.48643344555611562, scale_lr: 0.11819527994845751, EAO: 0.262
Trial 475 finished with value: 0.26160551086673894 and parameters: {'window_influence': 0.3458580215051058, 'penalty_k': 0.4864334455561156, 'scale_lr': 0.11819527994845751}. Best is trial 212 with value: 0.2844979555868521.
checkpoint_e32 window_influence: 0.31932645818428296, penalty_k: 0.09274561208703963, scale_lr: 0.15903293812723016, EAO: 0.278
Trial 476 finished with value: 0.2782714926009256 and parameters: {'window_influence': 0.31932645818428296, 'penalty_k': 0.09274561208703963, 'scale_lr': 0.15903293812723016}. Best is trial 212 with value: 0.2844979555868521.
checkpoint_e32 window_influence: 0.30330638571853830, penalty_k: 0.08969058265223746, scale_lr: 0.11321425215228956, EAO: 0.273
Trial 477 finished with value: 0.27271389167725557 and parameters: {'window_influence': 0.3033063857185383, 'penalty_k': 0.08969058265223746, 'scale_lr': 0.11321425215228956}. Best is trial 212 with value: 0.2844979555868521.
checkpoint_e32 window_influence: 0.31925200541878440, penalty_k: 0.07772646493363969, scale_lr: 0.15269087443015311, EAO: 0.272
Trial 478 finished with value: 0.27241920849414375 and parameters: {'window_influence': 0.3192520054187844, 'penalty_k': 0.07772646493363969, 'scale_lr': 0.1526908744301531}. Best is trial 212 with value: 0.2844979555868521.
checkpoint_e32 window_influence: 0.27995536906333895, penalty_k: 0.10270170462099990, scale_lr: 0.13195123861309663, EAO: 0.257
Trial 479 finished with value: 0.2573441095589622 and parameters: {'window_influence': 0.27995536906333895, 'penalty_k': 0.1027017046209999, 'scale_lr': 0.13195123861309663}. Best is trial 212 with value: 0.2844979555868521.
checkpoint_e32 window_influence: 0.32851773488326391, penalty_k: 0.07039006121731958, scale_lr: 0.18361224869594911, EAO: 0.259
Trial 480 finished with value: 0.259080282980349 and parameters: {'window_influence': 0.3285177348832639, 'penalty_k': 0.07039006121731958, 'scale_lr': 0.1836122486959491}. Best is trial 212 with value: 0.2844979555868521.
checkpoint_e32 window_influence: 0.31269206779642517, penalty_k: 0.46884294468152066, scale_lr: 0.16028986434932499, EAO: 0.251
Trial 481 finished with value: 0.25060357934818034 and parameters: {'window_influence': 0.31269206779642517, 'penalty_k': 0.46884294468152066, 'scale_lr': 0.160289864349325}. Best is trial 212 with value: 0.2844979555868521.
checkpoint_e32 window_influence: 0.29904714590846704, penalty_k: 0.09322270905467429, scale_lr: 0.12979406435971139, EAO: 0.267
Trial 482 finished with value: 0.2668971340588438 and parameters: {'window_influence': 0.29904714590846704, 'penalty_k': 0.0932227090546743, 'scale_lr': 0.1297940643597114}. Best is trial 212 with value: 0.2844979555868521.
checkpoint_e32 window_influence: 0.34469622332953803, penalty_k: 0.05702810097585166, scale_lr: 0.11066357836514426, EAO: 0.277
Trial 483 finished with value: 0.27735385656114514 and parameters: {'window_influence': 0.34469622332953803, 'penalty_k': 0.05702810097585166, 'scale_lr': 0.11066357836514426}. Best is trial 212 with value: 0.2844979555868521.
checkpoint_e32 window_influence: 0.34523400106430263, penalty_k: 0.05582568980441292, scale_lr: 0.11173202009785885, EAO: 0.271
Trial 484 finished with value: 0.27102574288118175 and parameters: {'window_influence': 0.34523400106430263, 'penalty_k': 0.05582568980441292, 'scale_lr': 0.11173202009785885}. Best is trial 212 with value: 0.2844979555868521.
checkpoint_e32 window_influence: 0.33506839002780014, penalty_k: 0.06514522802079593, scale_lr: 0.10218909616773117, EAO: 0.279
Trial 485 finished with value: 0.278678156314342 and parameters: {'window_influence': 0.33506839002780014, 'penalty_k': 0.06514522802079593, 'scale_lr': 0.10218909616773117}. Best is trial 212 with value: 0.2844979555868521.
checkpoint_e32 window_influence: 0.32223577243851970, penalty_k: 0.04738555860561415, scale_lr: 0.10086498572263355, EAO: 0.264
