Trial 186 finished with value: 0.2514403520560846 and parameters: {'window_influence': 0.38427909358274825, 'penalty_k': 0.22370256679939643, 'scale_lr': 0.181357869020722}. Best is trial 104 with value: 0.27492820641131904.
checkpoint_e22 window_influence: 0.35532698106372357, penalty_k: 0.20236582397283115, scale_lr: 0.22897260416721787, EAO: 0.245
Trial 187 finished with value: 0.2452015057811892 and parameters: {'window_influence': 0.35532698106372357, 'penalty_k': 0.20236582397283115, 'scale_lr': 0.22897260416721787}. Best is trial 104 with value: 0.27492820641131904.
checkpoint_e22 window_influence: 0.37059543497804026, penalty_k: 0.18717839127388242, scale_lr: 0.13006998978385151, EAO: 0.260
Trial 188 finished with value: 0.25962642350090226 and parameters: {'window_influence': 0.37059543497804026, 'penalty_k': 0.18717839127388242, 'scale_lr': 0.1300699897838515}. Best is trial 104 with value: 0.27492820641131904.
checkpoint_e22 window_influence: 0.44721486196839966, penalty_k: 0.25111437642824036, scale_lr: 0.69911819496626137, EAO: 0.237
Trial 189 finished with value: 0.23677964242008642 and parameters: {'window_influence': 0.44721486196839966, 'penalty_k': 0.25111437642824036, 'scale_lr': 0.6991181949662614}. Best is trial 104 with value: 0.27492820641131904.
checkpoint_e22 window_influence: 0.39130818535672612, penalty_k: 0.16845321373359573, scale_lr: 0.36733878275326776, EAO: 0.257
Trial 190 finished with value: 0.25669594811714763 and parameters: {'window_influence': 0.3913081853567261, 'penalty_k': 0.16845321373359573, 'scale_lr': 0.36733878275326776}. Best is trial 104 with value: 0.27492820641131904.
checkpoint_e22 window_influence: 0.41554111859731441, penalty_k: 0.22279035955323034, scale_lr: 0.13759783340307274, EAO: 0.265
Trial 191 finished with value: 0.2650215941352573 and parameters: {'window_influence': 0.4155411185973144, 'penalty_k': 0.22279035955323034, 'scale_lr': 0.13759783340307274}. Best is trial 104 with value: 0.27492820641131904.
checkpoint_e22 window_influence: 0.37873921170346647, penalty_k: 0.23846475807259193, scale_lr: 0.14879373247275085, EAO: 0.259
Trial 192 finished with value: 0.25896518786505957 and parameters: {'window_influence': 0.37873921170346647, 'penalty_k': 0.23846475807259193, 'scale_lr': 0.14879373247275085}. Best is trial 104 with value: 0.27492820641131904.
checkpoint_e22 window_influence: 0.43546261098176930, penalty_k: 0.22225536410241528, scale_lr: 0.12928600502199186, EAO: 0.249
Trial 193 finished with value: 0.24934671643545958 and parameters: {'window_influence': 0.4354626109817693, 'penalty_k': 0.22225536410241528, 'scale_lr': 0.12928600502199186}. Best is trial 104 with value: 0.27492820641131904.
checkpoint_e22 window_influence: 0.40880034368187096, penalty_k: 0.21143688982135889, scale_lr: 0.15556244188314403, EAO: 0.254
Trial 194 finished with value: 0.25383946644823724 and parameters: {'window_influence': 0.40880034368187096, 'penalty_k': 0.2114368898213589, 'scale_lr': 0.15556244188314403}. Best is trial 104 with value: 0.27492820641131904.
checkpoint_e22 window_influence: 0.34497950520352544, penalty_k: 0.19920294686171008, scale_lr: 0.11434561657275816, EAO: 0.261
Trial 195 finished with value: 0.2607704013343749 and parameters: {'window_influence': 0.34497950520352544, 'penalty_k': 0.19920294686171008, 'scale_lr': 0.11434561657275816}. Best is trial 104 with value: 0.27492820641131904.
checkpoint_e22 window_influence: 0.36480696963175452, penalty_k: 0.18566473273051545, scale_lr: 0.16743202449066610, EAO: 0.257
Trial 196 finished with value: 0.2569948583841324 and parameters: {'window_influence': 0.3648069696317545, 'penalty_k': 0.18566473273051545, 'scale_lr': 0.1674320244906661}. Best is trial 104 with value: 0.27492820641131904.
checkpoint_e22 window_influence: 0.39516364265129700, penalty_k: 0.22478746960156129, scale_lr: 0.13307646214851029, EAO: 0.260
Trial 197 finished with value: 0.2604949795981733 and parameters: {'window_influence': 0.395163642651297, 'penalty_k': 0.2247874696015613, 'scale_lr': 0.1330764621485103}. Best is trial 104 with value: 0.27492820641131904.
checkpoint_e22 window_influence: 0.33480515726374543, penalty_k: 0.24269559161971252, scale_lr: 0.50954453108943509, EAO: 0.250
Trial 198 finished with value: 0.25029170597956435 and parameters: {'window_influence': 0.33480515726374543, 'penalty_k': 0.24269559161971252, 'scale_lr': 0.5095445310894351}. Best is trial 104 with value: 0.27492820641131904.
checkpoint_e22 window_influence: 0.38499996703609130, penalty_k: 0.20818478607065927, scale_lr: 0.27221736754396642, EAO: 0.239
Trial 199 finished with value: 0.23853359189702245 and parameters: {'window_influence': 0.3849999670360913, 'penalty_k': 0.20818478607065927, 'scale_lr': 0.2722173675439664}. Best is trial 104 with value: 0.27492820641131904.
checkpoint_e22 window_influence: 0.35659851606640391, penalty_k: 0.19610707749721187, scale_lr: 0.10126936081947130, EAO: 0.262
Trial 200 finished with value: 0.26172860711812973 and parameters: {'window_influence': 0.3565985160664039, 'penalty_k': 0.19610707749721187, 'scale_lr': 0.1012693608194713}. Best is trial 104 with value: 0.27492820641131904.
checkpoint_e22 window_influence: 0.41528843866137799, penalty_k: 0.22222834768120264, scale_lr: 0.14135068472868376, EAO: 0.265
Trial 201 finished with value: 0.2654408428484831 and parameters: {'window_influence': 0.415288438661378, 'penalty_k': 0.22222834768120264, 'scale_lr': 0.14135068472868376}. Best is trial 104 with value: 0.27492820641131904.
checkpoint_e22 window_influence: 0.41690747632573200, penalty_k: 0.23180294751611868, scale_lr: 0.13834886220609013, EAO: 0.264
Trial 202 finished with value: 0.26424593054424456 and parameters: {'window_influence': 0.416907476325732, 'penalty_k': 0.23180294751611868, 'scale_lr': 0.13834886220609013}. Best is trial 104 with value: 0.27492820641131904.
checkpoint_e22 window_influence: 0.42709162589253596, penalty_k: 0.17534664951514986, scale_lr: 0.14688717644025173, EAO: 0.264
Trial 203 finished with value: 0.2640518139654059 and parameters: {'window_influence': 0.42709162589253596, 'penalty_k': 0.17534664951514986, 'scale_lr': 0.14688717644025173}. Best is trial 104 with value: 0.27492820641131904.
checkpoint_e22 window_influence: 0.37268811223367793, penalty_k: 0.21630234896235651, scale_lr: 0.33181813319935660, EAO: 0.247
Trial 204 finished with value: 0.246509306980827 and parameters: {'window_influence': 0.3726881122336779, 'penalty_k': 0.2163023489623565, 'scale_lr': 0.3318181331993566}. Best is trial 104 with value: 0.27492820641131904.
checkpoint_e22 window_influence: 0.40213043589191122, penalty_k: 0.20701091019058906, scale_lr: 0.12340684935878621, EAO: 0.252
Trial 205 finished with value: 0.25222457460756226 and parameters: {'window_influence': 0.4021304358919112, 'penalty_k': 0.20701091019058906, 'scale_lr': 0.12340684935878621}. Best is trial 104 with value: 0.27492820641131904.
checkpoint_e22 window_influence: 0.39011574521436670, penalty_k: 0.25747171461764340, scale_lr: 0.16353978132319336, EAO: 0.251
Trial 206 finished with value: 0.2508586527007382 and parameters: {'window_influence': 0.3901157452143667, 'penalty_k': 0.2574717146176434, 'scale_lr': 0.16353978132319336}. Best is trial 104 with value: 0.27492820641131904.
checkpoint_e22 window_influence: 0.13887747322161084, penalty_k: 0.19154040049718157, scale_lr: 0.17740693108216030, EAO: 0.236
Trial 207 finished with value: 0.23636842349438164 and parameters: {'window_influence': 0.13887747322161084, 'penalty_k': 0.19154040049718157, 'scale_lr': 0.1774069310821603}. Best is trial 104 with value: 0.27492820641131904.
checkpoint_e22 window_influence: 0.46522136707918160, penalty_k: 0.22418760737305349, scale_lr: 0.15873450781091961, EAO: 0.251
Trial 208 finished with value: 0.25072971598161914 and parameters: {'window_influence': 0.4652213670791816, 'penalty_k': 0.2241876073730535, 'scale_lr': 0.1587345078109196}. Best is trial 104 with value: 0.27492820641131904.
checkpoint_e22 window_influence: 0.40658764221576488, penalty_k: 0.23637378346172366, scale_lr: 0.25337757863890376, EAO: 0.245
Trial 209 finished with value: 0.2452780889665208 and parameters: {'window_influence': 0.4065876422157649, 'penalty_k': 0.23637378346172366, 'scale_lr': 0.25337757863890376}. Best is trial 104 with value: 0.27492820641131904.
checkpoint_e22 window_influence: 0.45274078057903283, penalty_k: 0.15796042879135436, scale_lr: 0.14600940101107318, EAO: 0.256
Trial 210 finished with value: 0.2557858740532301 and parameters: {'window_influence': 0.45274078057903283, 'penalty_k': 0.15796042879135436, 'scale_lr': 0.14600940101107318}. Best is trial 104 with value: 0.27492820641131904.
checkpoint_e22 window_influence: 0.41802651229604615, penalty_k: 0.22512731230698318, scale_lr: 0.13583474129655962, EAO: 0.263
Trial 211 finished with value: 0.2627184319544614 and parameters: {'window_influence': 0.41802651229604615, 'penalty_k': 0.22512731230698318, 'scale_lr': 0.13583474129655962}. Best is trial 104 with value: 0.27492820641131904.
checkpoint_e22 window_influence: 0.41343525489248739, penalty_k: 0.21616475906576071, scale_lr: 0.13109069326987580, EAO: 0.262
Trial 212 finished with value: 0.2624575128642524 and parameters: {'window_influence': 0.4134352548924874, 'penalty_k': 0.21616475906576071, 'scale_lr': 0.1310906932698758}. Best is trial 104 with value: 0.27492820641131904.
checkpoint_e22 window_influence: 0.43840178495114712, penalty_k: 0.20289329419170224, scale_lr: 0.11808442940103425, EAO: 0.254
Trial 213 finished with value: 0.2543555146794978 and parameters: {'window_influence': 0.4384017849511471, 'penalty_k': 0.20289329419170224, 'scale_lr': 0.11808442940103425}. Best is trial 104 with value: 0.27492820641131904.
checkpoint_e22 window_influence: 0.37540080926741565, penalty_k: 0.24356252543986964, scale_lr: 0.28476694203796249, EAO: 0.239
Trial 214 finished with value: 0.238815843877269 and parameters: {'window_influence': 0.37540080926741565, 'penalty_k': 0.24356252543986964, 'scale_lr': 0.2847669420379625}. Best is trial 104 with value: 0.27492820641131904.
checkpoint_e22 window_influence: 0.39991693617756419, penalty_k: 0.18111029473429097, scale_lr: 0.14334862291172737, EAO: 0.265
Trial 215 finished with value: 0.26451480328067534 and parameters: {'window_influence': 0.3999169361775642, 'penalty_k': 0.18111029473429097, 'scale_lr': 0.14334862291172737}. Best is trial 104 with value: 0.27492820641131904.
checkpoint_e22 window_influence: 0.42627126406992488, penalty_k: 0.21834545143057482, scale_lr: 0.15699478387434454, EAO: 0.267
Trial 216 finished with value: 0.26657150443491895 and parameters: {'window_influence': 0.4262712640699249, 'penalty_k': 0.21834545143057482, 'scale_lr': 0.15699478387434454}. Best is trial 104 with value: 0.27492820641131904.
checkpoint_e22 window_influence: 0.42946135881046543, penalty_k: 0.27524184738226881, scale_lr: 0.16538434168876553, EAO: 0.257
Trial 217 finished with value: 0.25728872188223084 and parameters: {'window_influence': 0.42946135881046543, 'penalty_k': 0.2752418473822688, 'scale_lr': 0.16538434168876553}. Best is trial 104 with value: 0.27492820641131904.
checkpoint_e22 window_influence: 0.38567272917921519, penalty_k: 0.21165728563254643, scale_lr: 0.15559199582507430, EAO: 0.264
Trial 218 finished with value: 0.2639187826373713 and parameters: {'window_influence': 0.3856727291792152, 'penalty_k': 0.21165728563254643, 'scale_lr': 0.1555919958250743}. Best is trial 104 with value: 0.27492820641131904.
checkpoint_e22 window_influence: 0.36085764708936441, penalty_k: 0.18838133387071712, scale_lr: 0.21112433370241868, EAO: 0.247
Trial 219 finished with value: 0.24664990034529832 and parameters: {'window_influence': 0.3608576470893644, 'penalty_k': 0.18838133387071712, 'scale_lr': 0.21112433370241868}. Best is trial 104 with value: 0.27492820641131904.
checkpoint_e22 window_influence: 0.34771830428220613, penalty_k: 0.57178988981169199, scale_lr: 0.17619594113525280, EAO: 0.243
Trial 220 finished with value: 0.2428179355413933 and parameters: {'window_influence': 0.3477183042822061, 'penalty_k': 0.571789889811692, 'scale_lr': 0.1761959411352528}. Best is trial 104 with value: 0.27492820641131904.
checkpoint_e22 window_influence: 0.41633527748994842, penalty_k: 0.22940728249359718, scale_lr: 0.13884755093574158, EAO: 0.267
Trial 221 finished with value: 0.26679027910397307 and parameters: {'window_influence': 0.4163352774899484, 'penalty_k': 0.22940728249359718, 'scale_lr': 0.13884755093574158}. Best is trial 104 with value: 0.27492820641131904.
checkpoint_e22 window_influence: 0.43046628977036339, penalty_k: 0.22867283909679947, scale_lr: 0.12611352028728434, EAO: 0.257
Trial 222 finished with value: 0.2570111438389716 and parameters: {'window_influence': 0.4304662897703634, 'penalty_k': 0.22867283909679947, 'scale_lr': 0.12611352028728434}. Best is trial 104 with value: 0.27492820641131904.
checkpoint_e22 window_influence: 0.39631839095036980, penalty_k: 0.19984660451978797, scale_lr: 0.15279225556901033, EAO: 0.259
Trial 223 finished with value: 0.2588472559563513 and parameters: {'window_influence': 0.3963183909503698, 'penalty_k': 0.19984660451978797, 'scale_lr': 0.15279225556901033}. Best is trial 104 with value: 0.27492820641131904.
checkpoint_e22 window_influence: 0.44799771855423748, penalty_k: 0.21653441290807399, scale_lr: 0.11281339658389192, EAO: 0.265
Trial 224 finished with value: 0.2653340352017705 and parameters: {'window_influence': 0.4479977185542375, 'penalty_k': 0.216534412908074, 'scale_lr': 0.11281339658389192}. Best is trial 104 with value: 0.27492820641131904.
checkpoint_e22 window_influence: 0.36596896745371915, penalty_k: 0.21157434772799255, scale_lr: 0.11099308088750226, EAO: 0.263
Trial 225 finished with value: 0.2625668690941198 and parameters: {'window_influence': 0.36596896745371915, 'penalty_k': 0.21157434772799255, 'scale_lr': 0.11099308088750226}. Best is trial 104 with value: 0.27492820641131904.
checkpoint_e22 window_influence: 0.44309754697335491, penalty_k: 0.23707835584862810, scale_lr: 0.29852172562857143, EAO: 0.247
Trial 226 finished with value: 0.2469805552344012 and parameters: {'window_influence': 0.4430975469733549, 'penalty_k': 0.2370783558486281, 'scale_lr': 0.29852172562857143}. Best is trial 104 with value: 0.27492820641131904.
checkpoint_e22 window_influence: 0.46440352430100379, penalty_k: 0.17394844644206012, scale_lr: 0.37464933708214737, EAO: 0.256
Trial 227 finished with value: 0.2555413404252471 and parameters: {'window_influence': 0.4644035243010038, 'penalty_k': 0.17394844644206012, 'scale_lr': 0.37464933708214737}. Best is trial 104 with value: 0.27492820641131904.
checkpoint_e22 window_influence: 0.45249630092902393, penalty_k: 0.19891910198967150, scale_lr: 0.11437403951027968, EAO: 0.254
Trial 228 finished with value: 0.25388290157647636 and parameters: {'window_influence': 0.45249630092902393, 'penalty_k': 0.1989191019896715, 'scale_lr': 0.11437403951027968}. Best is trial 104 with value: 0.27492820641131904.
checkpoint_e22 window_influence: 0.37919978731810516, penalty_k: 0.24713496648122946, scale_lr: 0.78993436908182768, EAO: 0.259
Trial 229 finished with value: 0.25937875505627656 and parameters: {'window_influence': 0.37919978731810516, 'penalty_k': 0.24713496648122946, 'scale_lr': 0.7899343690818277}. Best is trial 104 with value: 0.27492820641131904.
checkpoint_e22 window_influence: 0.44215348025106727, penalty_k: 0.13843125834055781, scale_lr: 0.14909255640849106, EAO: 0.259
Trial 230 finished with value: 0.25884366011231896 and parameters: {'window_influence': 0.44215348025106727, 'penalty_k': 0.1384312583405578, 'scale_lr': 0.14909255640849106}. Best is trial 104 with value: 0.27492820641131904.
checkpoint_e22 window_influence: 0.41508989119983331, penalty_k: 0.21803752001500673, scale_lr: 0.13553361231265509, EAO: 0.270
Trial 231 finished with value: 0.27016417064317844 and parameters: {'window_influence': 0.4150898911998333, 'penalty_k': 0.21803752001500673, 'scale_lr': 0.1355336123126551}. Best is trial 104 with value: 0.27492820641131904.
checkpoint_e22 window_influence: 0.42774638343504467, penalty_k: 0.21458602509856819, scale_lr: 0.43239581145387451, EAO: 0.253
Trial 232 finished with value: 0.2527628525243542 and parameters: {'window_influence': 0.4277463834350447, 'penalty_k': 0.2145860250985682, 'scale_lr': 0.4323958114538745}. Best is trial 104 with value: 0.27492820641131904.
checkpoint_e22 window_influence: 0.41717626813770475, penalty_k: 0.23039223072514609, scale_lr: 0.13839064904655130, EAO: 0.256
Trial 233 finished with value: 0.25640772246732946 and parameters: {'window_influence': 0.41717626813770475, 'penalty_k': 0.23039223072514609, 'scale_lr': 0.1383906490465513}. Best is trial 104 with value: 0.27492820641131904.
checkpoint_e22 window_influence: 0.36919676367419452, penalty_k: 0.20517499811414119, scale_lr: 0.10087266127408909, EAO: 0.265
Trial 234 finished with value: 0.2654073982825124 and parameters: {'window_influence': 0.3691967636741945, 'penalty_k': 0.2051749981141412, 'scale_lr': 0.10087266127408909}. Best is trial 104 with value: 0.27492820641131904.
checkpoint_e22 window_influence: 0.38388600354780578, penalty_k: 0.19592893420664542, scale_lr: 0.10921388243339254, EAO: 0.257
Trial 235 finished with value: 0.25744716132559425 and parameters: {'window_influence': 0.3838860035478058, 'penalty_k': 0.19592893420664542, 'scale_lr': 0.10921388243339254}. Best is trial 104 with value: 0.27492820641131904.
checkpoint_e22 window_influence: 0.39798263814494850, penalty_k: 0.20585687539970796, scale_lr: 0.12250391647330845, EAO: 0.257
Trial 236 finished with value: 0.25734095923542005 and parameters: {'window_influence': 0.3979826381449485, 'penalty_k': 0.20585687539970796, 'scale_lr': 0.12250391647330845}. Best is trial 104 with value: 0.27492820641131904.
checkpoint_e22 window_influence: 0.37302976412428696, penalty_k: 0.18691390605968924, scale_lr: 0.10258735903178165, EAO: 0.260
Trial 237 finished with value: 0.2603231604869773 and parameters: {'window_influence': 0.37302976412428696, 'penalty_k': 0.18691390605968924, 'scale_lr': 0.10258735903178165}. Best is trial 104 with value: 0.27492820641131904.
checkpoint_e22 window_influence: 0.35427218739537314, penalty_k: 0.16929173536256642, scale_lr: 0.32679689574126258, EAO: 0.259
Trial 238 finished with value: 0.2593855014661463 and parameters: {'window_influence': 0.35427218739537314, 'penalty_k': 0.16929173536256642, 'scale_lr': 0.3267968957412626}. Best is trial 104 with value: 0.27492820641131904.
checkpoint_e22 window_influence: 0.61403375117702230, penalty_k: 0.21583661087199443, scale_lr: 0.10027924846457142, EAO: 0.218
Trial 239 finished with value: 0.21757419570917036 and parameters: {'window_influence': 0.6140337511770223, 'penalty_k': 0.21583661087199443, 'scale_lr': 0.10027924846457142}. Best is trial 104 with value: 0.27492820641131904.
checkpoint_e22 window_influence: 0.38993230327746004, penalty_k: 0.20433373508002070, scale_lr: 0.45949257802477483, EAO: 0.267
Trial 240 finished with value: 0.2671089003968045 and parameters: {'window_influence': 0.38993230327746004, 'penalty_k': 0.2043337350800207, 'scale_lr': 0.45949257802477483}. Best is trial 104 with value: 0.27492820641131904.
checkpoint_e22 window_influence: 0.38559696385622250, penalty_k: 0.20281078632222402, scale_lr: 0.44935243812792519, EAO: 0.244
Trial 241 finished with value: 0.2442998884896922 and parameters: {'window_influence': 0.3855969638562225, 'penalty_k': 0.20281078632222402, 'scale_lr': 0.4493524381279252}. Best is trial 104 with value: 0.27492820641131904.
checkpoint_e22 window_influence: 0.40490719007386639, penalty_k: 0.19048529675485815, scale_lr: 0.48017443540586630, EAO: 0.263
Trial 242 finished with value: 0.26276906991634913 and parameters: {'window_influence': 0.4049071900738664, 'penalty_k': 0.19048529675485815, 'scale_lr': 0.4801744354058663}. Best is trial 104 with value: 0.27492820641131904.
checkpoint_e22 window_influence: 0.52765237219740169, penalty_k: 0.49752830146120680, scale_lr: 0.46336081538184576, EAO: 0.226
Trial 243 finished with value: 0.22588917606972098 and parameters: {'window_influence': 0.5276523721974017, 'penalty_k': 0.4975283014612068, 'scale_lr': 0.46336081538184576}. Best is trial 104 with value: 0.27492820641131904.
checkpoint_e22 window_influence: 0.48049790795101599, penalty_k: 0.21744807658138074, scale_lr: 0.12590594679449665, EAO: 0.254
Trial 244 finished with value: 0.2539788607538231 and parameters: {'window_influence': 0.480497907951016, 'penalty_k': 0.21744807658138074, 'scale_lr': 0.12590594679449665}. Best is trial 104 with value: 0.27492820641131904.
checkpoint_e22 window_influence: 0.42135408420290188, penalty_k: 0.20804622812568421, scale_lr: 0.16068894600547481, EAO: 0.257
Trial 245 finished with value: 0.2570890754582436 and parameters: {'window_influence': 0.4213540842029019, 'penalty_k': 0.2080462281256842, 'scale_lr': 0.16068894600547481}. Best is trial 104 with value: 0.27492820641131904.
checkpoint_e22 window_influence: 0.36988495580953079, penalty_k: 0.18253760504743957, scale_lr: 0.31625051571880658, EAO: 0.260
Trial 246 finished with value: 0.26002015203722123 and parameters: {'window_influence': 0.3698849558095308, 'penalty_k': 0.18253760504743957, 'scale_lr': 0.3162505157188066}. Best is trial 104 with value: 0.27492820641131904.
checkpoint_e22 window_influence: 0.39250826983591297, penalty_k: 0.23554872199421911, scale_lr: 0.27946703818387592, EAO: 0.242
Trial 247 finished with value: 0.24230625613675855 and parameters: {'window_influence': 0.39250826983591297, 'penalty_k': 0.2355487219942191, 'scale_lr': 0.2794670381838759}. Best is trial 104 with value: 0.27492820641131904.
checkpoint_e22 window_influence: 0.37603170094891458, penalty_k: 0.22421769078431075, scale_lr: 0.35370804452622739, EAO: 0.245
