Trial 806 finished with value: 0.2586518445514082 and parameters: {'window_influence': 0.2764710284296303, 'penalty_k': 0.22569423810587827, 'scale_lr': 0.4280668386245168}. Best is trial 431 with value: 0.29227477542268554.
checkpoint_e34 window_influence: 0.08048391046771797, penalty_k: 0.41096942066765996, scale_lr: 0.62289267108194923, EAO: 0.247
Trial 807 finished with value: 0.24685126403725244 and parameters: {'window_influence': 0.08048391046771797, 'penalty_k': 0.41096942066765996, 'scale_lr': 0.6228926710819492}. Best is trial 431 with value: 0.29227477542268554.
checkpoint_e34 window_influence: 0.22455077796755427, penalty_k: 0.21197492432937728, scale_lr: 0.45102429733361116, EAO: 0.258
Trial 808 finished with value: 0.25757441306259576 and parameters: {'window_influence': 0.22455077796755427, 'penalty_k': 0.21197492432937728, 'scale_lr': 0.45102429733361116}. Best is trial 431 with value: 0.29227477542268554.
checkpoint_e34 window_influence: 0.60470735299693945, penalty_k: 0.20008961471142300, scale_lr: 0.76838740551446127, EAO: 0.227
Trial 809 finished with value: 0.2273918793695729 and parameters: {'window_influence': 0.6047073529969395, 'penalty_k': 0.200089614711423, 'scale_lr': 0.7683874055144613}. Best is trial 431 with value: 0.29227477542268554.
checkpoint_e34 window_influence: 0.28362095592310727, penalty_k: 0.09144156519594379, scale_lr: 0.41014728928747396, EAO: 0.258
Trial 810 finished with value: 0.2578061621000127 and parameters: {'window_influence': 0.28362095592310727, 'penalty_k': 0.09144156519594379, 'scale_lr': 0.41014728928747396}. Best is trial 431 with value: 0.29227477542268554.
checkpoint_e34 window_influence: 0.26014048965213044, penalty_k: 0.24991460136537835, scale_lr: 0.50072480483988169, EAO: 0.261
Trial 811 finished with value: 0.260675802281717 and parameters: {'window_influence': 0.26014048965213044, 'penalty_k': 0.24991460136537835, 'scale_lr': 0.5007248048398817}. Best is trial 431 with value: 0.29227477542268554.
checkpoint_e34 window_influence: 0.24923388534015553, penalty_k: 0.02416437561445973, scale_lr: 0.48423295634473745, EAO: 0.246
Trial 812 finished with value: 0.24609092089945708 and parameters: {'window_influence': 0.24923388534015553, 'penalty_k': 0.024164375614459735, 'scale_lr': 0.48423295634473745}. Best is trial 431 with value: 0.29227477542268554.
checkpoint_e34 window_influence: 0.16172799939863988, penalty_k: 0.05662274052995421, scale_lr: 0.79761706094335372, EAO: 0.245
Trial 813 finished with value: 0.2454010213051385 and parameters: {'window_influence': 0.16172799939863988, 'penalty_k': 0.05662274052995421, 'scale_lr': 0.7976170609433537}. Best is trial 431 with value: 0.29227477542268554.
checkpoint_e34 window_influence: 0.27941127529357590, penalty_k: 0.04563455063193840, scale_lr: 0.17838380434883691, EAO: 0.260
Trial 814 finished with value: 0.2596268034199389 and parameters: {'window_influence': 0.2794112752935759, 'penalty_k': 0.0456345506319384, 'scale_lr': 0.1783838043488369}. Best is trial 431 with value: 0.29227477542268554.
checkpoint_e34 window_influence: 0.26666835838666225, penalty_k: 0.59767480655108296, scale_lr: 0.46416207474983007, EAO: 0.248
Trial 815 finished with value: 0.2482218076664258 and parameters: {'window_influence': 0.26666835838666225, 'penalty_k': 0.597674806551083, 'scale_lr': 0.46416207474983007}. Best is trial 431 with value: 0.29227477542268554.
checkpoint_e34 window_influence: 0.23474543595945618, penalty_k: 0.23704546610267505, scale_lr: 0.61033135916997205, EAO: 0.258
Trial 816 finished with value: 0.25819409886995953 and parameters: {'window_influence': 0.23474543595945618, 'penalty_k': 0.23704546610267505, 'scale_lr': 0.610331359169972}. Best is trial 431 with value: 0.29227477542268554.
checkpoint_e34 window_influence: 0.28477769147188375, penalty_k: 0.22021687325748157, scale_lr: 0.13821615039335500, EAO: 0.240
Trial 817 finished with value: 0.23968682547168033 and parameters: {'window_influence': 0.28477769147188375, 'penalty_k': 0.22021687325748157, 'scale_lr': 0.138216150393355}. Best is trial 431 with value: 0.29227477542268554.
checkpoint_e34 window_influence: 0.28862004467121610, penalty_k: 0.01714449385525602, scale_lr: 0.47694118603287528, EAO: 0.250
Trial 818 finished with value: 0.24964770886713897 and parameters: {'window_influence': 0.2886200446712161, 'penalty_k': 0.017144493855256016, 'scale_lr': 0.4769411860328753}. Best is trial 431 with value: 0.29227477542268554.
checkpoint_e34 window_influence: 0.25818422086832332, penalty_k: 0.00099920243767743, scale_lr: 0.49474734592509595, EAO: 0.261
Trial 819 finished with value: 0.26111827966401246 and parameters: {'window_influence': 0.2581842208683233, 'penalty_k': 0.0009992024376774267, 'scale_lr': 0.49474734592509595}. Best is trial 431 with value: 0.29227477542268554.
checkpoint_e34 window_influence: 0.59380223736094839, penalty_k: 0.20043296551115394, scale_lr: 0.58942161690791517, EAO: 0.233
Trial 820 finished with value: 0.23324229816595712 and parameters: {'window_influence': 0.5938022373609484, 'penalty_k': 0.20043296551115394, 'scale_lr': 0.5894216169079152}. Best is trial 431 with value: 0.29227477542268554.
checkpoint_e34 window_influence: 0.26863119093643978, penalty_k: 0.10893290283421167, scale_lr: 0.44183135943542029, EAO: 0.254
Trial 821 finished with value: 0.253876657687067 and parameters: {'window_influence': 0.2686311909364398, 'penalty_k': 0.10893290283421167, 'scale_lr': 0.4418313594354203}. Best is trial 431 with value: 0.29227477542268554.
checkpoint_e34 window_influence: 0.29348558380695194, penalty_k: 0.26403688147054938, scale_lr: 0.77831648608759751, EAO: 0.265
Trial 822 finished with value: 0.26542454733838877 and parameters: {'window_influence': 0.29348558380695194, 'penalty_k': 0.2640368814705494, 'scale_lr': 0.7783164860875975}. Best is trial 431 with value: 0.29227477542268554.
checkpoint_e34 window_influence: 0.51787024649969127, penalty_k: 0.12615087510363751, scale_lr: 0.56044908867507648, EAO: 0.244
Trial 823 finished with value: 0.24402500022717608 and parameters: {'window_influence': 0.5178702464996913, 'penalty_k': 0.1261508751036375, 'scale_lr': 0.5604490886750765}. Best is trial 431 with value: 0.29227477542268554.
checkpoint_e34 window_influence: 0.27420749189289706, penalty_k: 0.19058868761091541, scale_lr: 0.75883346727475121, EAO: 0.276
Trial 824 finished with value: 0.275663799931848 and parameters: {'window_influence': 0.27420749189289706, 'penalty_k': 0.1905886876109154, 'scale_lr': 0.7588334672747512}. Best is trial 431 with value: 0.29227477542268554.
checkpoint_e34 window_influence: 0.05035694458879875, penalty_k: 0.40668609440996506, scale_lr: 0.50459787725949645, EAO: 0.218
Trial 825 finished with value: 0.21840919033298647 and parameters: {'window_influence': 0.05035694458879875, 'penalty_k': 0.40668609440996506, 'scale_lr': 0.5045978772594965}. Best is trial 431 with value: 0.29227477542268554.
checkpoint_e34 window_influence: 0.50681986245152699, penalty_k: 0.32456433395199241, scale_lr: 0.64496345594765458, EAO: 0.240
Trial 826 finished with value: 0.2400548100713792 and parameters: {'window_influence': 0.506819862451527, 'penalty_k': 0.3245643339519924, 'scale_lr': 0.6449634559476546}. Best is trial 431 with value: 0.29227477542268554.
checkpoint_e34 window_influence: 0.24159866007427439, penalty_k: 0.20887833254020521, scale_lr: 0.11082852182463548, EAO: 0.254
Trial 827 finished with value: 0.25442656426410365 and parameters: {'window_influence': 0.24159866007427439, 'penalty_k': 0.2088783325402052, 'scale_lr': 0.11082852182463548}. Best is trial 431 with value: 0.29227477542268554.
checkpoint_e34 window_influence: 0.28133403630111342, penalty_k: 0.42107994411423993, scale_lr: 0.46073458933350447, EAO: 0.265
Trial 828 finished with value: 0.2649377970312669 and parameters: {'window_influence': 0.2813340363011134, 'penalty_k': 0.42107994411423993, 'scale_lr': 0.4607345893335045}. Best is trial 431 with value: 0.29227477542268554.
checkpoint_e34 window_influence: 0.25508380080773341, penalty_k: 0.23430517283763252, scale_lr: 0.47971918942642672, EAO: 0.265
Trial 829 finished with value: 0.2646370946876402 and parameters: {'window_influence': 0.2550838008077334, 'penalty_k': 0.23430517283763252, 'scale_lr': 0.4797191894264267}. Best is trial 431 with value: 0.29227477542268554.
checkpoint_e34 window_influence: 0.15805100577375633, penalty_k: 0.22182132087510853, scale_lr: 0.50453250144518558, EAO: 0.253
Trial 830 finished with value: 0.2530031199983465 and parameters: {'window_influence': 0.15805100577375633, 'penalty_k': 0.22182132087510853, 'scale_lr': 0.5045325014451856}. Best is trial 431 with value: 0.29227477542268554.
checkpoint_e34 window_influence: 0.42392787088717238, penalty_k: 0.52580857373794854, scale_lr: 0.48674219238031957, EAO: 0.255
Trial 831 finished with value: 0.25508994548543684 and parameters: {'window_influence': 0.4239278708871724, 'penalty_k': 0.5258085737379485, 'scale_lr': 0.48674219238031957}. Best is trial 431 with value: 0.29227477542268554.
checkpoint_e34 window_influence: 0.28564439172437822, penalty_k: 0.24467291243496567, scale_lr: 0.57318314339888266, EAO: 0.276
Trial 832 finished with value: 0.275798898523416 and parameters: {'window_influence': 0.2856443917243782, 'penalty_k': 0.24467291243496567, 'scale_lr': 0.5731831433988827}. Best is trial 431 with value: 0.29227477542268554.
checkpoint_e34 window_influence: 0.26586809993350197, penalty_k: 0.39516369505534127, scale_lr: 0.73879894236281562, EAO: 0.258
Trial 833 finished with value: 0.25792143306111903 and parameters: {'window_influence': 0.26586809993350197, 'penalty_k': 0.39516369505534127, 'scale_lr': 0.7387989423628156}. Best is trial 431 with value: 0.29227477542268554.
checkpoint_e34 window_influence: 0.22928727414730254, penalty_k: 0.20688063500375689, scale_lr: 0.60382252012326176, EAO: 0.261
Trial 834 finished with value: 0.2609328520976431 and parameters: {'window_influence': 0.22928727414730254, 'penalty_k': 0.2068806350037569, 'scale_lr': 0.6038225201232618}. Best is trial 431 with value: 0.29227477542268554.
checkpoint_e34 window_influence: 0.27818477147796433, penalty_k: 0.06706805410710563, scale_lr: 0.78732939505578681, EAO: 0.261
Trial 835 finished with value: 0.2609239713690145 and parameters: {'window_influence': 0.27818477147796433, 'penalty_k': 0.06706805410710563, 'scale_lr': 0.7873293950557868}. Best is trial 431 with value: 0.29227477542268554.
checkpoint_e34 window_influence: 0.57912687039049149, penalty_k: 0.18587187603647443, scale_lr: 0.62342078690252400, EAO: 0.234
Trial 836 finished with value: 0.23393420523744288 and parameters: {'window_influence': 0.5791268703904915, 'penalty_k': 0.18587187603647443, 'scale_lr': 0.623420786902524}. Best is trial 431 with value: 0.29227477542268554.
checkpoint_e34 window_influence: 0.29204249297873686, penalty_k: 0.44316605863931069, scale_lr: 0.15787359791348154, EAO: 0.241
Trial 837 finished with value: 0.24094157484246465 and parameters: {'window_influence': 0.29204249297873686, 'penalty_k': 0.4431660586393107, 'scale_lr': 0.15787359791348154}. Best is trial 431 with value: 0.29227477542268554.
checkpoint_e34 window_influence: 0.15023576605194897, penalty_k: 0.04235693886122097, scale_lr: 0.43100278606402587, EAO: 0.256
Trial 838 finished with value: 0.2555460630030167 and parameters: {'window_influence': 0.15023576605194897, 'penalty_k': 0.042356938861220966, 'scale_lr': 0.43100278606402587}. Best is trial 431 with value: 0.29227477542268554.
checkpoint_e34 window_influence: 0.25563035365810816, penalty_k: 0.51580009969115048, scale_lr: 0.23550776939398127, EAO: 0.250
Trial 839 finished with value: 0.24994888338373927 and parameters: {'window_influence': 0.25563035365810816, 'penalty_k': 0.5158000996911505, 'scale_lr': 0.23550776939398127}. Best is trial 431 with value: 0.29227477542268554.
checkpoint_e34 window_influence: 0.29018457681166226, penalty_k: 0.22178886645628124, scale_lr: 0.67772396530593759, EAO: 0.267
Trial 840 finished with value: 0.266744351847385 and parameters: {'window_influence': 0.29018457681166226, 'penalty_k': 0.22178886645628124, 'scale_lr': 0.6777239653059376}. Best is trial 431 with value: 0.29227477542268554.
checkpoint_e34 window_influence: 0.62403928957181343, penalty_k: 0.25576453843806801, scale_lr: 0.46960214449571791, EAO: 0.217
Trial 841 finished with value: 0.21663741325217534 and parameters: {'window_influence': 0.6240392895718134, 'penalty_k': 0.255764538438068, 'scale_lr': 0.4696021444957179}. Best is trial 431 with value: 0.29227477542268554.
checkpoint_e34 window_influence: 0.24753591441754083, penalty_k: 0.19836486128362171, scale_lr: 0.54961760156462658, EAO: 0.267
Trial 842 finished with value: 0.2668383313509507 and parameters: {'window_influence': 0.24753591441754083, 'penalty_k': 0.1983648612836217, 'scale_lr': 0.5496176015646266}. Best is trial 431 with value: 0.29227477542268554.
checkpoint_e34 window_influence: 0.27063628012215929, penalty_k: 0.08129682494454935, scale_lr: 0.72106991938937137, EAO: 0.260
Trial 843 finished with value: 0.25980455646427664 and parameters: {'window_influence': 0.2706362801221593, 'penalty_k': 0.08129682494454935, 'scale_lr': 0.7210699193893714}. Best is trial 431 with value: 0.29227477542268554.
checkpoint_e34 window_influence: 0.27790716159736401, penalty_k: 0.23435135662113726, scale_lr: 0.19355493822000211, EAO: 0.252
Trial 844 finished with value: 0.25174185409536204 and parameters: {'window_influence': 0.277907161597364, 'penalty_k': 0.23435135662113726, 'scale_lr': 0.1935549382200021}. Best is trial 431 with value: 0.29227477542268554.
checkpoint_e34 window_influence: 0.22052684155932673, penalty_k: 0.10166306874637367, scale_lr: 0.49678066499232287, EAO: 0.269
Trial 845 finished with value: 0.26932549803722194 and parameters: {'window_influence': 0.22052684155932673, 'penalty_k': 0.10166306874637367, 'scale_lr': 0.4967806649923229}. Best is trial 431 with value: 0.29227477542268554.
checkpoint_e34 window_influence: 0.52763057016905779, penalty_k: 0.21644004142671386, scale_lr: 0.45013570163539990, EAO: 0.244
Trial 846 finished with value: 0.24412692750130244 and parameters: {'window_influence': 0.5276305701690578, 'penalty_k': 0.21644004142671386, 'scale_lr': 0.4501357016353999}. Best is trial 431 with value: 0.29227477542268554.
checkpoint_e34 window_influence: 0.29941398547919357, penalty_k: 0.30573493810103081, scale_lr: 0.63496597270619248, EAO: 0.253
Trial 847 finished with value: 0.2528859612539532 and parameters: {'window_influence': 0.29941398547919357, 'penalty_k': 0.3057349381010308, 'scale_lr': 0.6349659727061925}. Best is trial 431 with value: 0.29227477542268554.
checkpoint_e34 window_influence: 0.29716579094916634, penalty_k: 0.17802317544949767, scale_lr: 0.38883412403256834, EAO: 0.263
Trial 848 finished with value: 0.2625532998907857 and parameters: {'window_influence': 0.29716579094916634, 'penalty_k': 0.17802317544949767, 'scale_lr': 0.38883412403256834}. Best is trial 431 with value: 0.29227477542268554.
checkpoint_e34 window_influence: 0.26414093132230704, penalty_k: 0.22702043012162582, scale_lr: 0.75571769614975526, EAO: 0.279
Trial 849 finished with value: 0.27862236527650336 and parameters: {'window_influence': 0.26414093132230704, 'penalty_k': 0.22702043012162582, 'scale_lr': 0.7557176961497553}. Best is trial 431 with value: 0.29227477542268554.
checkpoint_e34 window_influence: 0.25651683871925807, penalty_k: 0.20562207148124939, scale_lr: 0.76434066759475505, EAO: 0.264
Trial 850 finished with value: 0.26399378496699216 and parameters: {'window_influence': 0.25651683871925807, 'penalty_k': 0.2056220714812494, 'scale_lr': 0.764340667594755}. Best is trial 431 with value: 0.29227477542268554.
checkpoint_e34 window_influence: 0.23998723836237321, penalty_k: 0.47121821745710546, scale_lr: 0.75965567012936397, EAO: 0.262
Trial 851 finished with value: 0.26182148460207916 and parameters: {'window_influence': 0.2399872383623732, 'penalty_k': 0.47121821745710546, 'scale_lr': 0.759655670129364}. Best is trial 431 with value: 0.29227477542268554.
checkpoint_e34 window_influence: 0.40082279640007412, penalty_k: 0.56042772102698868, scale_lr: 0.78556612833000794, EAO: 0.239
Trial 852 finished with value: 0.23889532897288238 and parameters: {'window_influence': 0.4008227964000741, 'penalty_k': 0.5604277210269887, 'scale_lr': 0.7855661283300079}. Best is trial 431 with value: 0.29227477542268554.
checkpoint_e34 window_influence: 0.26614182058473829, penalty_k: 0.19153846908921471, scale_lr: 0.79986596558471013, EAO: 0.266
Trial 853 finished with value: 0.2663913483057565 and parameters: {'window_influence': 0.2661418205847383, 'penalty_k': 0.1915384690892147, 'scale_lr': 0.7998659655847101}. Best is trial 431 with value: 0.29227477542268554.
checkpoint_e34 window_influence: 0.25030015569778902, penalty_k: 0.24751025233137908, scale_lr: 0.77312761708434219, EAO: 0.275
Trial 854 finished with value: 0.27486766020699244 and parameters: {'window_influence': 0.250300155697789, 'penalty_k': 0.24751025233137908, 'scale_lr': 0.7731276170843422}. Best is trial 431 with value: 0.29227477542268554.
checkpoint_e34 window_influence: 0.08205898974951786, penalty_k: 0.22362155728389702, scale_lr: 0.75538166265071949, EAO: 0.253
Trial 855 finished with value: 0.25254907852750486 and parameters: {'window_influence': 0.08205898974951786, 'penalty_k': 0.22362155728389702, 'scale_lr': 0.7553816626507195}. Best is trial 431 with value: 0.29227477542268554.
checkpoint_e34 window_influence: 0.26934222264219543, penalty_k: 0.05179526079152830, scale_lr: 0.75357111801087517, EAO: 0.253
Trial 856 finished with value: 0.25296911518505916 and parameters: {'window_influence': 0.26934222264219543, 'penalty_k': 0.051795260791528304, 'scale_lr': 0.7535711180108752}. Best is trial 431 with value: 0.29227477542268554.
checkpoint_e34 window_influence: 0.23394118405385789, penalty_k: 0.26619499061134327, scale_lr: 0.73269446220391421, EAO: 0.255
Trial 857 finished with value: 0.254952450108722 and parameters: {'window_influence': 0.2339411840538579, 'penalty_k': 0.2661949906113433, 'scale_lr': 0.7326944622039142}. Best is trial 431 with value: 0.29227477542268554.
checkpoint_e34 window_influence: 0.27995468947030000, penalty_k: 0.35344995686832981, scale_lr: 0.74049139155705967, EAO: 0.256
Trial 858 finished with value: 0.25564855621839927 and parameters: {'window_influence': 0.2799546894703, 'penalty_k': 0.3534499568683298, 'scale_lr': 0.7404913915570597}. Best is trial 431 with value: 0.29227477542268554.
checkpoint_e34 window_influence: 0.21562739467174741, penalty_k: 0.21326494394051632, scale_lr: 0.54962218007342767, EAO: 0.251
Trial 859 finished with value: 0.25127306459395865 and parameters: {'window_influence': 0.2156273946717474, 'penalty_k': 0.21326494394051632, 'scale_lr': 0.5496221800734277}. Best is trial 431 with value: 0.29227477542268554.
checkpoint_e34 window_influence: 0.19296454801950227, penalty_k: 0.13458476903133273, scale_lr: 0.41059301552092520, EAO: 0.253
Trial 860 finished with value: 0.25337538438114693 and parameters: {'window_influence': 0.19296454801950227, 'penalty_k': 0.13458476903133273, 'scale_lr': 0.4105930155209252}. Best is trial 431 with value: 0.29227477542268554.
checkpoint_e34 window_influence: 0.43101253611375845, penalty_k: 0.49211464840822094, scale_lr: 0.70987594504358420, EAO: 0.243
Trial 861 finished with value: 0.24268093917185699 and parameters: {'window_influence': 0.43101253611375845, 'penalty_k': 0.49211464840822094, 'scale_lr': 0.7098759450435842}. Best is trial 431 with value: 0.29227477542268554.
checkpoint_e34 window_influence: 0.38999047319041125, penalty_k: 0.36975265356149206, scale_lr: 0.74840258209286459, EAO: 0.250
Trial 862 finished with value: 0.249847227964944 and parameters: {'window_influence': 0.38999047319041125, 'penalty_k': 0.36975265356149206, 'scale_lr': 0.7484025820928646}. Best is trial 431 with value: 0.29227477542268554.
checkpoint_e34 window_influence: 0.63603006641042725, penalty_k: 0.19695677177190166, scale_lr: 0.50977306401337541, EAO: 0.221
Trial 863 finished with value: 0.2207794595297759 and parameters: {'window_influence': 0.6360300664104273, 'penalty_k': 0.19695677177190166, 'scale_lr': 0.5097730640133754}. Best is trial 431 with value: 0.29227477542268554.
checkpoint_e34 window_influence: 0.61668346313867084, penalty_k: 0.23466223508867620, scale_lr: 0.77083010239507355, EAO: 0.231
Trial 864 finished with value: 0.23125408171880535 and parameters: {'window_influence': 0.6166834631386708, 'penalty_k': 0.2346622350886762, 'scale_lr': 0.7708301023950735}. Best is trial 431 with value: 0.29227477542268554.
checkpoint_e34 window_influence: 0.26245925208866555, penalty_k: 0.16166600342009610, scale_lr: 0.52914344390477064, EAO: 0.261
Trial 865 finished with value: 0.26065222973503716 and parameters: {'window_influence': 0.26245925208866555, 'penalty_k': 0.1616660034200961, 'scale_lr': 0.5291434439047706}. Best is trial 431 with value: 0.29227477542268554.
checkpoint_e34 window_influence: 0.45436008724064042, penalty_k: 0.17977047740580124, scale_lr: 0.57952710800218310, EAO: 0.248
Trial 866 finished with value: 0.2477377265449462 and parameters: {'window_influence': 0.4543600872406404, 'penalty_k': 0.17977047740580124, 'scale_lr': 0.5795271080021831}. Best is trial 431 with value: 0.29227477542268554.
checkpoint_e34 window_influence: 0.28050905996044617, penalty_k: 0.12035585021564169, scale_lr: 0.59250435500348331, EAO: 0.253
Trial 867 finished with value: 0.2533719009015618 and parameters: {'window_influence': 0.28050905996044617, 'penalty_k': 0.12035585021564169, 'scale_lr': 0.5925043550034833}. Best is trial 431 with value: 0.29227477542268554.
checkpoint_e34 window_influence: 0.24599422228340567, penalty_k: 0.54380635309299374, scale_lr: 0.65867438655792476, EAO: 0.251
