Trial 1115 finished with value: 0.260863251438955 and parameters: {'window_influence': 0.36438466411033094, 'penalty_k': 0.21502580961051074, 'scale_lr': 0.7356274376055526}. Best is trial 489 with value: 0.28065862270390113.
checkpoint_e32 window_influence: 0.34085100784156036, penalty_k: 0.09697046835032298, scale_lr: 0.45178581103338739, EAO: 0.261
Trial 1116 finished with value: 0.26102429828265816 and parameters: {'window_influence': 0.34085100784156036, 'penalty_k': 0.09697046835032298, 'scale_lr': 0.4517858110333874}. Best is trial 489 with value: 0.28065862270390113.
checkpoint_e32 window_influence: 0.52152818582216320, penalty_k: 0.06085482065829203, scale_lr: 0.61177448457715422, EAO: 0.238
Trial 1117 finished with value: 0.2379684362833093 and parameters: {'window_influence': 0.5215281858221632, 'penalty_k': 0.06085482065829203, 'scale_lr': 0.6117744845771542}. Best is trial 489 with value: 0.28065862270390113.
checkpoint_e32 window_influence: 0.45856116357998988, penalty_k: 0.55456830127483048, scale_lr: 0.36585415083737205, EAO: 0.247
Trial 1118 finished with value: 0.2474490226647718 and parameters: {'window_influence': 0.4585611635799899, 'penalty_k': 0.5545683012748305, 'scale_lr': 0.36585415083737205}. Best is trial 489 with value: 0.28065862270390113.
checkpoint_e32 window_influence: 0.40854746459257307, penalty_k: 0.59637699534945887, scale_lr: 0.25278990136879409, EAO: 0.230
Trial 1119 finished with value: 0.22952937213628272 and parameters: {'window_influence': 0.4085474645925731, 'penalty_k': 0.5963769953494589, 'scale_lr': 0.2527899013687941}. Best is trial 489 with value: 0.28065862270390113.
checkpoint_e32 window_influence: 0.39188493344303632, penalty_k: 0.24742574030561754, scale_lr: 0.21970076588960216, EAO: 0.259
Trial 1120 finished with value: 0.25904122479562836 and parameters: {'window_influence': 0.3918849334430363, 'penalty_k': 0.24742574030561754, 'scale_lr': 0.21970076588960216}. Best is trial 489 with value: 0.28065862270390113.
checkpoint_e32 window_influence: 0.27990550299548222, penalty_k: 0.42395490384620499, scale_lr: 0.77418238142544560, EAO: 0.254
Trial 1121 finished with value: 0.253573068940058 and parameters: {'window_influence': 0.2799055029954822, 'penalty_k': 0.423954903846205, 'scale_lr': 0.7741823814254456}. Best is trial 489 with value: 0.28065862270390113.
checkpoint_e32 window_influence: 0.20941893545066126, penalty_k: 0.32494360748568196, scale_lr: 0.31997890165982473, EAO: 0.238
Trial 1122 finished with value: 0.2384954512846179 and parameters: {'window_influence': 0.20941893545066126, 'penalty_k': 0.32494360748568196, 'scale_lr': 0.31997890165982473}. Best is trial 489 with value: 0.28065862270390113.
checkpoint_e32 window_influence: 0.14568583876119737, penalty_k: 0.30272999796216038, scale_lr: 0.67536649905693380, EAO: 0.244
Trial 1123 finished with value: 0.2437349110236013 and parameters: {'window_influence': 0.14568583876119737, 'penalty_k': 0.3027299979621604, 'scale_lr': 0.6753664990569338}. Best is trial 489 with value: 0.28065862270390113.
checkpoint_e32 window_influence: 0.05115842998952796, penalty_k: 0.11289010863704174, scale_lr: 0.48922831076341816, EAO: 0.232
Trial 1124 finished with value: 0.23249722490223443 and parameters: {'window_influence': 0.051158429989527965, 'penalty_k': 0.11289010863704174, 'scale_lr': 0.48922831076341816}. Best is trial 489 with value: 0.28065862270390113.
checkpoint_e32 window_influence: 0.29560626578570598, penalty_k: 0.31899921399418396, scale_lr: 0.64029345072877653, EAO: 0.259
Trial 1125 finished with value: 0.25909958440598435 and parameters: {'window_influence': 0.295606265785706, 'penalty_k': 0.31899921399418396, 'scale_lr': 0.6402934507287765}. Best is trial 489 with value: 0.28065862270390113.
checkpoint_e32 window_influence: 0.61011691738309182, penalty_k: 0.26577167233234278, scale_lr: 0.28328501774867937, EAO: 0.219
Trial 1126 finished with value: 0.21897143422345805 and parameters: {'window_influence': 0.6101169173830918, 'penalty_k': 0.2657716723323428, 'scale_lr': 0.28328501774867937}. Best is trial 489 with value: 0.28065862270390113.
checkpoint_e32 window_influence: 0.31231987626831204, penalty_k: 0.28338772422509295, scale_lr: 0.70681034605061688, EAO: 0.267
Trial 1127 finished with value: 0.2666001060629279 and parameters: {'window_influence': 0.31231987626831204, 'penalty_k': 0.28338772422509295, 'scale_lr': 0.7068103460506169}. Best is trial 489 with value: 0.28065862270390113.
checkpoint_e32 window_influence: 0.48262694256183031, penalty_k: 0.44043632362916085, scale_lr: 0.68949338865947352, EAO: 0.238
Trial 1128 finished with value: 0.23829729364412586 and parameters: {'window_influence': 0.4826269425618303, 'penalty_k': 0.44043632362916085, 'scale_lr': 0.6894933886594735}. Best is trial 489 with value: 0.28065862270390113.
checkpoint_e32 window_influence: 0.10204529519567304, penalty_k: 0.08015005002297589, scale_lr: 0.37994399793988742, EAO: 0.247
Trial 1129 finished with value: 0.24709456922804438 and parameters: {'window_influence': 0.10204529519567304, 'penalty_k': 0.08015005002297589, 'scale_lr': 0.3799439979398874}. Best is trial 489 with value: 0.28065862270390113.
checkpoint_e32 window_influence: 0.60040859947972203, penalty_k: 0.19744317168203682, scale_lr: 0.66363606699746924, EAO: 0.220
Trial 1130 finished with value: 0.22014832018109842 and parameters: {'window_influence': 0.600408599479722, 'penalty_k': 0.19744317168203682, 'scale_lr': 0.6636360669974692}. Best is trial 489 with value: 0.28065862270390113.
checkpoint_e32 window_influence: 0.37272667068892973, penalty_k: 0.35791100782751939, scale_lr: 0.33957398431918806, EAO: 0.258
Trial 1131 finished with value: 0.25848105870853594 and parameters: {'window_influence': 0.37272667068892973, 'penalty_k': 0.3579110078275194, 'scale_lr': 0.33957398431918806}. Best is trial 489 with value: 0.28065862270390113.
checkpoint_e32 window_influence: 0.32499213378439495, penalty_k: 0.22510416487452761, scale_lr: 0.79972221836472202, EAO: 0.269
Trial 1132 finished with value: 0.26866762994266136 and parameters: {'window_influence': 0.32499213378439495, 'penalty_k': 0.2251041648745276, 'scale_lr': 0.799722218364722}. Best is trial 489 with value: 0.28065862270390113.
checkpoint_e32 window_influence: 0.25310706165296371, penalty_k: 0.13308580924623736, scale_lr: 0.27021093440628607, EAO: 0.254
Trial 1133 finished with value: 0.2544744358799322 and parameters: {'window_influence': 0.2531070616529637, 'penalty_k': 0.13308580924623736, 'scale_lr': 0.2702109344062861}. Best is trial 489 with value: 0.28065862270390113.
checkpoint_e32 window_influence: 0.30425844309756067, penalty_k: 0.33921745743798670, scale_lr: 0.55302816979837321, EAO: 0.243
Trial 1134 finished with value: 0.24308487161145947 and parameters: {'window_influence': 0.30425844309756067, 'penalty_k': 0.3392174574379867, 'scale_lr': 0.5530281697983732}. Best is trial 489 with value: 0.28065862270390113.
checkpoint_e32 window_influence: 0.43341686359453446, penalty_k: 0.31035940022083175, scale_lr: 0.47970851478722515, EAO: 0.257
Trial 1135 finished with value: 0.2566850047285964 and parameters: {'window_influence': 0.43341686359453446, 'penalty_k': 0.31035940022083175, 'scale_lr': 0.47970851478722515}. Best is trial 489 with value: 0.28065862270390113.
checkpoint_e32 window_influence: 0.34282877896637520, penalty_k: 0.53649969421263910, scale_lr: 0.58721717523355199, EAO: 0.256
Trial 1136 finished with value: 0.2564945263348944 and parameters: {'window_influence': 0.3428287789663752, 'penalty_k': 0.5364996942126391, 'scale_lr': 0.587217175233552}. Best is trial 489 with value: 0.28065862270390113.
checkpoint_e32 window_influence: 0.27348401272738926, penalty_k: 0.29814044077136448, scale_lr: 0.42472481350953661, EAO: 0.240
Trial 1137 finished with value: 0.23975570851225195 and parameters: {'window_influence': 0.27348401272738926, 'penalty_k': 0.2981404407713645, 'scale_lr': 0.4247248135095366}. Best is trial 489 with value: 0.28065862270390113.
checkpoint_e32 window_influence: 0.38372270469744091, penalty_k: 0.24080043009510449, scale_lr: 0.23338635042558889, EAO: 0.276
Trial 1138 finished with value: 0.27649241401170327 and parameters: {'window_influence': 0.3837227046974409, 'penalty_k': 0.2408004300951045, 'scale_lr': 0.2333863504255889}. Best is trial 489 with value: 0.28065862270390113.
checkpoint_e32 window_influence: 0.07859003686160582, penalty_k: 0.24150571779392743, scale_lr: 0.23109373993262838, EAO: 0.228
Trial 1139 finished with value: 0.22828078730319573 and parameters: {'window_influence': 0.07859003686160582, 'penalty_k': 0.24150571779392743, 'scale_lr': 0.23109373993262838}. Best is trial 489 with value: 0.28065862270390113.
checkpoint_e32 window_influence: 0.38201411305138266, penalty_k: 0.24563914091061007, scale_lr: 0.25468613321791861, EAO: 0.250
Trial 1140 finished with value: 0.2502164588105388 and parameters: {'window_influence': 0.38201411305138266, 'penalty_k': 0.24563914091061007, 'scale_lr': 0.2546861332179186}. Best is trial 489 with value: 0.28065862270390113.
checkpoint_e32 window_influence: 0.39121668862090425, penalty_k: 0.22314593713841824, scale_lr: 0.24173462310996346, EAO: 0.264
Trial 1141 finished with value: 0.263977674933953 and parameters: {'window_influence': 0.39121668862090425, 'penalty_k': 0.22314593713841824, 'scale_lr': 0.24173462310996346}. Best is trial 489 with value: 0.28065862270390113.
checkpoint_e32 window_influence: 0.40260969625936932, penalty_k: 0.25520630157000135, scale_lr: 0.21896149607624926, EAO: 0.264
Trial 1142 finished with value: 0.26407329962263265 and parameters: {'window_influence': 0.4026096962593693, 'penalty_k': 0.25520630157000135, 'scale_lr': 0.21896149607624926}. Best is trial 489 with value: 0.28065862270390113.
checkpoint_e32 window_influence: 0.13293672171868667, penalty_k: 0.01054173912044815, scale_lr: 0.23697300336888819, EAO: 0.247
Trial 1143 finished with value: 0.24744893192518047 and parameters: {'window_influence': 0.13293672171868667, 'penalty_k': 0.010541739120448146, 'scale_lr': 0.23697300336888819}. Best is trial 489 with value: 0.28065862270390113.
checkpoint_e32 window_influence: 0.37518485523500034, penalty_k: 0.04421548189678115, scale_lr: 0.21006171749139485, EAO: 0.263
Trial 1144 finished with value: 0.2625168263912201 and parameters: {'window_influence': 0.37518485523500034, 'penalty_k': 0.04421548189678115, 'scale_lr': 0.21006171749139485}. Best is trial 489 with value: 0.28065862270390113.
checkpoint_e32 window_influence: 0.36486540343784940, penalty_k: 0.24436767982647087, scale_lr: 0.26398795296978211, EAO: 0.265
Trial 1145 finished with value: 0.2654748327000354 and parameters: {'window_influence': 0.3648654034378494, 'penalty_k': 0.24436767982647087, 'scale_lr': 0.2639879529697821}. Best is trial 489 with value: 0.28065862270390113.
checkpoint_e32 window_influence: 0.38571146259461947, penalty_k: 0.25841367676800325, scale_lr: 0.23181146907079925, EAO: 0.261
Trial 1146 finished with value: 0.2611884590450341 and parameters: {'window_influence': 0.38571146259461947, 'penalty_k': 0.25841367676800325, 'scale_lr': 0.23181146907079925}. Best is trial 489 with value: 0.28065862270390113.
checkpoint_e32 window_influence: 0.41045444141913956, penalty_k: 0.03284065319548869, scale_lr: 0.20287993285418271, EAO: 0.263
Trial 1147 finished with value: 0.2627385047877707 and parameters: {'window_influence': 0.41045444141913956, 'penalty_k': 0.032840653195488685, 'scale_lr': 0.2028799328541827}. Best is trial 489 with value: 0.28065862270390113.
checkpoint_e32 window_influence: 0.35320328918959187, penalty_k: 0.09219330910941241, scale_lr: 0.24925333059753782, EAO: 0.261
Trial 1148 finished with value: 0.2606569786018472 and parameters: {'window_influence': 0.3532032891895919, 'penalty_k': 0.09219330910941241, 'scale_lr': 0.24925333059753782}. Best is trial 489 with value: 0.28065862270390113.
checkpoint_e32 window_influence: 0.64941466283724480, penalty_k: 0.11635351671432906, scale_lr: 0.41066210064263520, EAO: 0.204
Trial 1149 finished with value: 0.20439689927469423 and parameters: {'window_influence': 0.6494146628372448, 'penalty_k': 0.11635351671432906, 'scale_lr': 0.4106621006426352}. Best is trial 489 with value: 0.28065862270390113.
checkpoint_e32 window_influence: 0.39956694096495798, penalty_k: 0.06282499830994701, scale_lr: 0.21775387446156980, EAO: 0.268
Trial 1150 finished with value: 0.2680255221884425 and parameters: {'window_influence': 0.399566940964958, 'penalty_k': 0.062824998309947, 'scale_lr': 0.2177538744615698}. Best is trial 489 with value: 0.28065862270390113.
checkpoint_e32 window_influence: 0.37331657250378730, penalty_k: 0.20760441296829465, scale_lr: 0.38949206932749175, EAO: 0.259
Trial 1151 finished with value: 0.2590298794391679 and parameters: {'window_influence': 0.3733165725037873, 'penalty_k': 0.20760441296829465, 'scale_lr': 0.38949206932749175}. Best is trial 489 with value: 0.28065862270390113.
checkpoint_e32 window_influence: 0.38597373986262917, penalty_k: 0.40117689349030405, scale_lr: 0.77492787682249487, EAO: 0.257
Trial 1152 finished with value: 0.25672869323714964 and parameters: {'window_influence': 0.3859737398626292, 'penalty_k': 0.40117689349030405, 'scale_lr': 0.7749278768224949}. Best is trial 489 with value: 0.28065862270390113.
checkpoint_e32 window_influence: 0.50469602733432906, penalty_k: 0.13646069479809986, scale_lr: 0.62972186879620717, EAO: 0.248
Trial 1153 finished with value: 0.24842068964872904 and parameters: {'window_influence': 0.5046960273343291, 'penalty_k': 0.13646069479809986, 'scale_lr': 0.6297218687962072}. Best is trial 489 with value: 0.28065862270390113.
checkpoint_e32 window_influence: 0.36591237432779161, penalty_k: 0.41476796440324354, scale_lr: 0.53668391762830381, EAO: 0.270
Trial 1154 finished with value: 0.26951730305828697 and parameters: {'window_influence': 0.3659123743277916, 'penalty_k': 0.41476796440324354, 'scale_lr': 0.5366839176283038}. Best is trial 489 with value: 0.28065862270390113.
checkpoint_e32 window_influence: 0.17980976874148519, penalty_k: 0.26732474796787414, scale_lr: 0.51310203002184640, EAO: 0.240
Trial 1155 finished with value: 0.23961913446343042 and parameters: {'window_influence': 0.1798097687414852, 'penalty_k': 0.26732474796787414, 'scale_lr': 0.5131020300218464}. Best is trial 489 with value: 0.28065862270390113.
checkpoint_e32 window_influence: 0.42001019112140375, penalty_k: 0.24006622359337879, scale_lr: 0.64702888526851110, EAO: 0.262
Trial 1156 finished with value: 0.2617402544351128 and parameters: {'window_influence': 0.42001019112140375, 'penalty_k': 0.24006622359337879, 'scale_lr': 0.6470288852685111}. Best is trial 489 with value: 0.28065862270390113.
checkpoint_e32 window_influence: 0.62232307565351686, penalty_k: 0.36695659824804144, scale_lr: 0.57847308366105155, EAO: 0.209
Trial 1157 finished with value: 0.20938028334602107 and parameters: {'window_influence': 0.6223230756535169, 'penalty_k': 0.36695659824804144, 'scale_lr': 0.5784730836610515}. Best is trial 489 with value: 0.28065862270390113.
checkpoint_e32 window_influence: 0.35303390340488960, penalty_k: 0.55880352645048248, scale_lr: 0.28882348195729879, EAO: 0.253
Trial 1158 finished with value: 0.2529291650507508 and parameters: {'window_influence': 0.3530339034048896, 'penalty_k': 0.5588035264504825, 'scale_lr': 0.2888234819572988}. Best is trial 489 with value: 0.28065862270390113.
checkpoint_e32 window_influence: 0.32864835443272039, penalty_k: 0.10706992040846922, scale_lr: 0.59746827347852072, EAO: 0.255
Trial 1159 finished with value: 0.2547103019385803 and parameters: {'window_influence': 0.3286483544327204, 'penalty_k': 0.10706992040846922, 'scale_lr': 0.5974682734785207}. Best is trial 489 with value: 0.28065862270390113.
checkpoint_e32 window_influence: 0.39251787596777904, penalty_k: 0.23105163060075876, scale_lr: 0.22725418318181773, EAO: 0.256
Trial 1160 finished with value: 0.25576802536966353 and parameters: {'window_influence': 0.39251787596777904, 'penalty_k': 0.23105163060075876, 'scale_lr': 0.22725418318181773}. Best is trial 489 with value: 0.28065862270390113.
checkpoint_e32 window_influence: 0.06624679658200816, penalty_k: 0.21649628101618074, scale_lr: 0.26609691541857661, EAO: 0.230
Trial 1161 finished with value: 0.23023755848407745 and parameters: {'window_influence': 0.06624679658200816, 'penalty_k': 0.21649628101618074, 'scale_lr': 0.2660969154185766}. Best is trial 489 with value: 0.28065862270390113.
checkpoint_e32 window_influence: 0.31532664949594374, penalty_k: 0.09026579254555916, scale_lr: 0.49382285856743796, EAO: 0.253
Trial 1162 finished with value: 0.2534122007285676 and parameters: {'window_influence': 0.31532664949594374, 'penalty_k': 0.09026579254555916, 'scale_lr': 0.49382285856743796}. Best is trial 489 with value: 0.28065862270390113.
checkpoint_e32 window_influence: 0.38010539516332681, penalty_k: 0.04834480583791173, scale_lr: 0.45967781173738087, EAO: 0.266
Trial 1163 finished with value: 0.2661223695045564 and parameters: {'window_influence': 0.3801053951633268, 'penalty_k': 0.04834480583791173, 'scale_lr': 0.45967781173738087}. Best is trial 489 with value: 0.28065862270390113.
checkpoint_e32 window_influence: 0.19111864837061168, penalty_k: 0.38085779313775076, scale_lr: 0.32405116574737652, EAO: 0.231
Trial 1164 finished with value: 0.23105141405409912 and parameters: {'window_influence': 0.19111864837061168, 'penalty_k': 0.38085779313775076, 'scale_lr': 0.3240511657473765}. Best is trial 489 with value: 0.28065862270390113.
checkpoint_e32 window_influence: 0.34121259123180092, penalty_k: 0.07793307106653879, scale_lr: 0.75999296366292723, EAO: 0.258
Trial 1165 finished with value: 0.2575346577942856 and parameters: {'window_influence': 0.3412125912318009, 'penalty_k': 0.0779330710665388, 'scale_lr': 0.7599929636629272}. Best is trial 489 with value: 0.28065862270390113.
checkpoint_e32 window_influence: 0.11612026984332852, penalty_k: 0.12403600468204343, scale_lr: 0.30673315483262054, EAO: 0.234
Trial 1166 finished with value: 0.23398104655306515 and parameters: {'window_influence': 0.11612026984332852, 'penalty_k': 0.12403600468204343, 'scale_lr': 0.30673315483262054}. Best is trial 489 with value: 0.28065862270390113.
checkpoint_e32 window_influence: 0.49067813122726006, penalty_k: 0.23432083154108704, scale_lr: 0.65962367768934316, EAO: 0.244
Trial 1167 finished with value: 0.24431392992657375 and parameters: {'window_influence': 0.49067813122726006, 'penalty_k': 0.23432083154108704, 'scale_lr': 0.6596236776893432}. Best is trial 489 with value: 0.28065862270390113.
checkpoint_e32 window_influence: 0.32158440869015004, penalty_k: 0.18819813055658957, scale_lr: 0.78622058566441544, EAO: 0.258
Trial 1168 finished with value: 0.25822597923802165 and parameters: {'window_influence': 0.32158440869015004, 'penalty_k': 0.18819813055658957, 'scale_lr': 0.7862205856644154}. Best is trial 489 with value: 0.28065862270390113.
checkpoint_e32 window_influence: 0.36138278235736726, penalty_k: 0.25717343236077467, scale_lr: 0.62068130175334690, EAO: 0.257
Trial 1169 finished with value: 0.25733569985240456 and parameters: {'window_influence': 0.36138278235736726, 'penalty_k': 0.25717343236077467, 'scale_lr': 0.6206813017533469}. Best is trial 489 with value: 0.28065862270390113.
checkpoint_e32 window_influence: 0.33440662714021840, penalty_k: 0.14361370127720813, scale_lr: 0.35658826693071943, EAO: 0.256
Trial 1170 finished with value: 0.2558347029172308 and parameters: {'window_influence': 0.3344066271402184, 'penalty_k': 0.14361370127720813, 'scale_lr': 0.35658826693071943}. Best is trial 489 with value: 0.28065862270390113.
checkpoint_e32 window_influence: 0.39668725798155541, penalty_k: 0.27389471659653142, scale_lr: 0.19267261390861629, EAO: 0.265
Trial 1171 finished with value: 0.26483391443403753 and parameters: {'window_influence': 0.3966872579815554, 'penalty_k': 0.2738947165965314, 'scale_lr': 0.19267261390861629}. Best is trial 489 with value: 0.28065862270390113.
checkpoint_e32 window_influence: 0.30626031021993283, penalty_k: 0.10318398056270595, scale_lr: 0.44966719024751117, EAO: 0.259
Trial 1172 finished with value: 0.25917064004797274 and parameters: {'window_influence': 0.30626031021993283, 'penalty_k': 0.10318398056270595, 'scale_lr': 0.4496671902475112}. Best is trial 489 with value: 0.28065862270390113.
checkpoint_e32 window_influence: 0.37522997701540506, penalty_k: 0.06658846250420866, scale_lr: 0.24179229568491267, EAO: 0.266
Trial 1173 finished with value: 0.26579052022075267 and parameters: {'window_influence': 0.37522997701540506, 'penalty_k': 0.06658846250420866, 'scale_lr': 0.24179229568491267}. Best is trial 489 with value: 0.28065862270390113.
checkpoint_e32 window_influence: 0.40782711839228913, penalty_k: 0.43072549369367419, scale_lr: 0.67492347034661360, EAO: 0.257
Trial 1174 finished with value: 0.2574516717132514 and parameters: {'window_influence': 0.40782711839228913, 'penalty_k': 0.4307254936936742, 'scale_lr': 0.6749234703466136}. Best is trial 489 with value: 0.28065862270390113.
checkpoint_e32 window_influence: 0.35203129145254530, penalty_k: 0.33996612856740965, scale_lr: 0.52696552080175985, EAO: 0.262
Trial 1175 finished with value: 0.2616863339775946 and parameters: {'window_influence': 0.3520312914525453, 'penalty_k': 0.33996612856740965, 'scale_lr': 0.5269655208017598}. Best is trial 489 with value: 0.28065862270390113.
checkpoint_e32 window_influence: 0.31766367296070747, penalty_k: 0.20375099937999641, scale_lr: 0.20556100112694739, EAO: 0.251
