Trial 186 finished with value: 0.25766178838363507 and parameters: {'window_influence': 0.33395156217225314, 'penalty_k': 0.11734280974167352, 'scale_lr': 0.49488658449197964}. Best is trial 115 with value: 0.2796841496374549.
checkpoint_e34 window_influence: 0.29035143639802063, penalty_k: 0.22769876966420532, scale_lr: 0.74457484918184003, EAO: 0.272
Trial 187 finished with value: 0.27233314368782974 and parameters: {'window_influence': 0.29035143639802063, 'penalty_k': 0.22769876966420532, 'scale_lr': 0.74457484918184}. Best is trial 115 with value: 0.2796841496374549.
checkpoint_e34 window_influence: 0.29351106815697825, penalty_k: 0.16908308363446398, scale_lr: 0.60339337409620530, EAO: 0.259
Trial 188 finished with value: 0.2591051539269889 and parameters: {'window_influence': 0.29351106815697825, 'penalty_k': 0.16908308363446398, 'scale_lr': 0.6033933740962053}. Best is trial 115 with value: 0.2796841496374549.
checkpoint_e34 window_influence: 0.29060901238659903, penalty_k: 0.17666013991355484, scale_lr: 0.74759341241358024, EAO: 0.272
Trial 189 finished with value: 0.2722574958229453 and parameters: {'window_influence': 0.29060901238659903, 'penalty_k': 0.17666013991355484, 'scale_lr': 0.7475934124135802}. Best is trial 115 with value: 0.2796841496374549.
checkpoint_e34 window_influence: 0.26776366050200029, penalty_k: 0.22242702548619184, scale_lr: 0.74537028673526096, EAO: 0.263
Trial 190 finished with value: 0.26340024500358394 and parameters: {'window_influence': 0.2677636605020003, 'penalty_k': 0.22242702548619184, 'scale_lr': 0.745370286735261}. Best is trial 115 with value: 0.2796841496374549.
checkpoint_e34 window_influence: 0.28905013579701677, penalty_k: 0.20854649134472353, scale_lr: 0.75351857975057801, EAO: 0.264
Trial 191 finished with value: 0.2643935561058967 and parameters: {'window_influence': 0.28905013579701677, 'penalty_k': 0.20854649134472353, 'scale_lr': 0.753518579750578}. Best is trial 115 with value: 0.2796841496374549.
checkpoint_e34 window_influence: 0.29903964948004996, penalty_k: 0.26029672423675132, scale_lr: 0.72281712496198658, EAO: 0.255
Trial 192 finished with value: 0.25522050861178375 and parameters: {'window_influence': 0.29903964948004996, 'penalty_k': 0.2602967242367513, 'scale_lr': 0.7228171249619866}. Best is trial 115 with value: 0.2796841496374549.
checkpoint_e34 window_influence: 0.31554929397842751, penalty_k: 0.19742037733400772, scale_lr: 0.76918014939639456, EAO: 0.264
Trial 193 finished with value: 0.26365981802223176 and parameters: {'window_influence': 0.3155492939784275, 'penalty_k': 0.19742037733400772, 'scale_lr': 0.7691801493963946}. Best is trial 115 with value: 0.2796841496374549.
checkpoint_e34 window_influence: 0.28730003648630603, penalty_k: 0.18103093619438188, scale_lr: 0.73940254698486363, EAO: 0.268
Trial 194 finished with value: 0.26778412258964246 and parameters: {'window_influence': 0.28730003648630603, 'penalty_k': 0.18103093619438188, 'scale_lr': 0.7394025469848636}. Best is trial 115 with value: 0.2796841496374549.
checkpoint_e34 window_influence: 0.27452371588804503, penalty_k: 0.16876448515220488, scale_lr: 0.78605109432032316, EAO: 0.281
Trial 195 finished with value: 0.28105787121183506 and parameters: {'window_influence': 0.27452371588804503, 'penalty_k': 0.16876448515220488, 'scale_lr': 0.7860510943203232}. Best is trial 195 with value: 0.28105787121183506.
checkpoint_e34 window_influence: 0.24675144055627632, penalty_k: 0.17096169888643389, scale_lr: 0.78820518633530512, EAO: 0.259
Trial 196 finished with value: 0.25922786807868536 and parameters: {'window_influence': 0.24675144055627632, 'penalty_k': 0.1709616988864339, 'scale_lr': 0.7882051863353051}. Best is trial 195 with value: 0.28105787121183506.
checkpoint_e34 window_influence: 0.27164010356058294, penalty_k: 0.15831898690763907, scale_lr: 0.77995124069820776, EAO: 0.262
Trial 197 finished with value: 0.2624990174440834 and parameters: {'window_influence': 0.27164010356058294, 'penalty_k': 0.15831898690763907, 'scale_lr': 0.7799512406982078}. Best is trial 195 with value: 0.28105787121183506.
checkpoint_e34 window_influence: 0.38558528721844199, penalty_k: 0.17172639766427092, scale_lr: 0.75731973934708552, EAO: 0.253
Trial 198 finished with value: 0.2527682318435452 and parameters: {'window_influence': 0.385585287218442, 'penalty_k': 0.17172639766427092, 'scale_lr': 0.7573197393470855}. Best is trial 195 with value: 0.28105787121183506.
checkpoint_e34 window_influence: 0.27737774767302020, penalty_k: 0.30067839970530591, scale_lr: 0.73376009234588790, EAO: 0.248
Trial 199 finished with value: 0.24773582046836373 and parameters: {'window_influence': 0.2773777476730202, 'penalty_k': 0.3006783997053059, 'scale_lr': 0.7337600923458879}. Best is trial 195 with value: 0.28105787121183506.
checkpoint_e34 window_influence: 0.30623170710751779, penalty_k: 0.23592951070957727, scale_lr: 0.79535332761514554, EAO: 0.257
Trial 200 finished with value: 0.256727769244008 and parameters: {'window_influence': 0.3062317071075178, 'penalty_k': 0.23592951070957727, 'scale_lr': 0.7953533276151455}. Best is trial 195 with value: 0.28105787121183506.
checkpoint_e34 window_influence: 0.31764415983891608, penalty_k: 0.14658320758971077, scale_lr: 0.77743165314006590, EAO: 0.272
Trial 201 finished with value: 0.27153953643349127 and parameters: {'window_influence': 0.3176441598389161, 'penalty_k': 0.14658320758971077, 'scale_lr': 0.7774316531400659}. Best is trial 195 with value: 0.28105787121183506.
checkpoint_e34 window_influence: 0.34267106109610163, penalty_k: 0.15262592621734730, scale_lr: 0.77325128000917143, EAO: 0.251
Trial 202 finished with value: 0.25051133019652794 and parameters: {'window_influence': 0.3426710610961016, 'penalty_k': 0.1526259262173473, 'scale_lr': 0.7732512800091714}. Best is trial 195 with value: 0.28105787121183506.
checkpoint_e34 window_influence: 0.32814266112376872, penalty_k: 0.14133989097277580, scale_lr: 0.74988379476275591, EAO: 0.260
Trial 203 finished with value: 0.2603013181710631 and parameters: {'window_influence': 0.3281426611237687, 'penalty_k': 0.1413398909727758, 'scale_lr': 0.7498837947627559}. Best is trial 195 with value: 0.28105787121183506.
checkpoint_e34 window_influence: 0.31629005616770262, penalty_k: 0.18944862276928748, scale_lr: 0.78248287387985715, EAO: 0.252
Trial 204 finished with value: 0.25245151281114514 and parameters: {'window_influence': 0.3162900561677026, 'penalty_k': 0.18944862276928748, 'scale_lr': 0.7824828738798572}. Best is trial 195 with value: 0.28105787121183506.
checkpoint_e34 window_influence: 0.35702827493247818, penalty_k: 0.17564149020927891, scale_lr: 0.79938828492694070, EAO: 0.248
Trial 205 finished with value: 0.24825028245284306 and parameters: {'window_influence': 0.3570282749324782, 'penalty_k': 0.1756414902092789, 'scale_lr': 0.7993882849269407}. Best is trial 195 with value: 0.28105787121183506.
checkpoint_e34 window_influence: 0.29756529062469422, penalty_k: 0.15422126143160386, scale_lr: 0.71610766199787235, EAO: 0.263
Trial 206 finished with value: 0.2629454615033739 and parameters: {'window_influence': 0.2975652906246942, 'penalty_k': 0.15422126143160386, 'scale_lr': 0.7161076619978723}. Best is trial 195 with value: 0.28105787121183506.
checkpoint_e34 window_influence: 0.37292196076185935, penalty_k: 0.13513465893768697, scale_lr: 0.75761670685419957, EAO: 0.245
Trial 207 finished with value: 0.2447717364241437 and parameters: {'window_influence': 0.37292196076185935, 'penalty_k': 0.13513465893768697, 'scale_lr': 0.7576167068541996}. Best is trial 195 with value: 0.28105787121183506.
checkpoint_e34 window_influence: 0.26438725557520004, penalty_k: 0.16364357279392133, scale_lr: 0.76624150229833021, EAO: 0.268
Trial 208 finished with value: 0.26788356470140984 and parameters: {'window_influence': 0.26438725557520004, 'penalty_k': 0.16364357279392133, 'scale_lr': 0.7662415022983302}. Best is trial 195 with value: 0.28105787121183506.
checkpoint_e34 window_influence: 0.28409199878032576, penalty_k: 0.20129595271815842, scale_lr: 0.73211658801890767, EAO: 0.253
Trial 209 finished with value: 0.2534855347944469 and parameters: {'window_influence': 0.28409199878032576, 'penalty_k': 0.20129595271815842, 'scale_lr': 0.7321165880189077}. Best is trial 195 with value: 0.28105787121183506.
checkpoint_e34 window_influence: 0.41709193865378902, penalty_k: 0.12899235287905725, scale_lr: 0.69496696536850011, EAO: 0.239
Trial 210 finished with value: 0.238840833851477 and parameters: {'window_influence': 0.417091938653789, 'penalty_k': 0.12899235287905725, 'scale_lr': 0.6949669653685001}. Best is trial 195 with value: 0.28105787121183506.
checkpoint_e34 window_influence: 0.30589928331191724, penalty_k: 0.03730949847048538, scale_lr: 0.77252453270369981, EAO: 0.257
Trial 211 finished with value: 0.2565651689845372 and parameters: {'window_influence': 0.30589928331191724, 'penalty_k': 0.03730949847048538, 'scale_lr': 0.7725245327036998}. Best is trial 195 with value: 0.28105787121183506.
checkpoint_e34 window_influence: 0.32241869922173966, penalty_k: 0.07085675032341100, scale_lr: 0.73877783410176523, EAO: 0.263
Trial 212 finished with value: 0.26349557651494576 and parameters: {'window_influence': 0.32241869922173966, 'penalty_k': 0.070856750323411, 'scale_lr': 0.7387778341017652}. Best is trial 195 with value: 0.28105787121183506.
checkpoint_e34 window_influence: 0.34108405425857208, penalty_k: 0.05373119766401675, scale_lr: 0.78286921715345326, EAO: 0.266
Trial 213 finished with value: 0.2660535171143408 and parameters: {'window_influence': 0.3410840542585721, 'penalty_k': 0.05373119766401675, 'scale_lr': 0.7828692171534533}. Best is trial 195 with value: 0.28105787121183506.
checkpoint_e34 window_influence: 0.29454297171906235, penalty_k: 0.33969634198137366, scale_lr: 0.71612546653896914, EAO: 0.255
Trial 214 finished with value: 0.2552901662704421 and parameters: {'window_influence': 0.29454297171906235, 'penalty_k': 0.33969634198137366, 'scale_lr': 0.7161254665389691}. Best is trial 195 with value: 0.28105787121183506.
checkpoint_e34 window_influence: 0.31470692995518756, penalty_k: 0.09527755316680739, scale_lr: 0.75190765528530956, EAO: 0.271
Trial 215 finished with value: 0.2705421908114984 and parameters: {'window_influence': 0.31470692995518756, 'penalty_k': 0.09527755316680739, 'scale_lr': 0.7519076552853096}. Best is trial 195 with value: 0.28105787121183506.
checkpoint_e34 window_influence: 0.32000058828393158, penalty_k: 0.09809149801492738, scale_lr: 0.75016766579703320, EAO: 0.265
Trial 216 finished with value: 0.26503093613357076 and parameters: {'window_influence': 0.3200005882839316, 'penalty_k': 0.09809149801492738, 'scale_lr': 0.7501676657970332}. Best is trial 195 with value: 0.28105787121183506.
checkpoint_e34 window_influence: 0.35182897874828112, penalty_k: 0.09120325407308644, scale_lr: 0.72776288555697644, EAO: 0.249
Trial 217 finished with value: 0.24869162025975017 and parameters: {'window_influence': 0.3518289787482811, 'penalty_k': 0.09120325407308644, 'scale_lr': 0.7277628855569764}. Best is trial 195 with value: 0.28105787121183506.
checkpoint_e34 window_influence: 0.57950019703472311, penalty_k: 0.12174758565320556, scale_lr: 0.76044219423169990, EAO: 0.237
Trial 218 finished with value: 0.23654751182813955 and parameters: {'window_influence': 0.5795001970347231, 'penalty_k': 0.12174758565320556, 'scale_lr': 0.7604421942316999}. Best is trial 195 with value: 0.28105787121183506.
checkpoint_e34 window_influence: 0.33082371883914014, penalty_k: 0.18607936339022760, scale_lr: 0.74689958459448280, EAO: 0.258
Trial 219 finished with value: 0.25758626996501677 and parameters: {'window_influence': 0.33082371883914014, 'penalty_k': 0.1860793633902276, 'scale_lr': 0.7468995845944828}. Best is trial 195 with value: 0.28105787121183506.
checkpoint_e34 window_influence: 0.23261253158656531, penalty_k: 0.07712628409388107, scale_lr: 0.71023078872656020, EAO: 0.251
Trial 220 finished with value: 0.25050825413649647 and parameters: {'window_influence': 0.2326125315865653, 'penalty_k': 0.07712628409388107, 'scale_lr': 0.7102307887265602}. Best is trial 195 with value: 0.28105787121183506.
checkpoint_e34 window_influence: 0.28350397173901565, penalty_k: 0.06252830331889692, scale_lr: 0.55486446859075134, EAO: 0.267
Trial 221 finished with value: 0.2667981312890363 and parameters: {'window_influence': 0.28350397173901565, 'penalty_k': 0.06252830331889692, 'scale_lr': 0.5548644685907513}. Best is trial 195 with value: 0.28105787121183506.
checkpoint_e34 window_influence: 0.30029337219496827, penalty_k: 0.04634440562482327, scale_lr: 0.60226197772785228, EAO: 0.269
Trial 222 finished with value: 0.2688575744386611 and parameters: {'window_influence': 0.30029337219496827, 'penalty_k': 0.04634440562482327, 'scale_lr': 0.6022619777278523}. Best is trial 195 with value: 0.28105787121183506.
checkpoint_e34 window_influence: 0.31691666494708381, penalty_k: 0.03002926924201186, scale_lr: 0.64274137286993083, EAO: 0.259
Trial 223 finished with value: 0.25942650304092624 and parameters: {'window_influence': 0.3169166649470838, 'penalty_k': 0.030029269242011856, 'scale_lr': 0.6427413728699308}. Best is trial 195 with value: 0.28105787121183506.
checkpoint_e34 window_influence: 0.30222212243228758, penalty_k: 0.04389012132032313, scale_lr: 0.55072186026990622, EAO: 0.251
Trial 224 finished with value: 0.2505929550019706 and parameters: {'window_influence': 0.3022221224322876, 'penalty_k': 0.04389012132032313, 'scale_lr': 0.5507218602699062}. Best is trial 195 with value: 0.28105787121183506.
checkpoint_e34 window_influence: 0.33715814439655295, penalty_k: 0.14683111220633976, scale_lr: 0.68193940724978064, EAO: 0.257
Trial 225 finished with value: 0.25653160248345475 and parameters: {'window_influence': 0.33715814439655295, 'penalty_k': 0.14683111220633976, 'scale_lr': 0.6819394072497806}. Best is trial 195 with value: 0.28105787121183506.
checkpoint_e34 window_influence: 0.30469997802972110, penalty_k: 0.10918384646399346, scale_lr: 0.69494923339269243, EAO: 0.262
Trial 226 finished with value: 0.2621162170317115 and parameters: {'window_influence': 0.3046999780297211, 'penalty_k': 0.10918384646399346, 'scale_lr': 0.6949492333926924}. Best is trial 195 with value: 0.28105787121183506.
checkpoint_e34 window_influence: 0.26567151998142141, penalty_k: 0.27643045686849937, scale_lr: 0.51845435013360230, EAO: 0.273
Trial 227 finished with value: 0.27331109890123695 and parameters: {'window_influence': 0.2656715199814214, 'penalty_k': 0.2764304568684994, 'scale_lr': 0.5184543501336023}. Best is trial 195 with value: 0.28105787121183506.
checkpoint_e34 window_influence: 0.24863439282458580, penalty_k: 0.22725858588847564, scale_lr: 0.58834091515434039, EAO: 0.273
Trial 228 finished with value: 0.2730753800975598 and parameters: {'window_influence': 0.2486343928245858, 'penalty_k': 0.22725858588847564, 'scale_lr': 0.5883409151543404}. Best is trial 195 with value: 0.28105787121183506.
checkpoint_e34 window_influence: 0.25258193505961463, penalty_k: 0.25975596137366880, scale_lr: 0.54225955527575620, EAO: 0.261
Trial 229 finished with value: 0.2607440098029811 and parameters: {'window_influence': 0.2525819350596146, 'penalty_k': 0.2597559613736688, 'scale_lr': 0.5422595552757562}. Best is trial 195 with value: 0.28105787121183506.
checkpoint_e34 window_influence: 0.25276679630101284, penalty_k: 0.23250139624732316, scale_lr: 0.72341061209086233, EAO: 0.269
Trial 230 finished with value: 0.26902570581533075 and parameters: {'window_influence': 0.25276679630101284, 'penalty_k': 0.23250139624732316, 'scale_lr': 0.7234106120908623}. Best is trial 195 with value: 0.28105787121183506.
checkpoint_e34 window_influence: 0.24127459269303567, penalty_k: 0.28599423854044409, scale_lr: 0.57611977264666880, EAO: 0.269
Trial 231 finished with value: 0.2690378361480023 and parameters: {'window_influence': 0.24127459269303567, 'penalty_k': 0.2859942385404441, 'scale_lr': 0.5761197726466688}. Best is trial 195 with value: 0.28105787121183506.
checkpoint_e34 window_influence: 0.23788664750517968, penalty_k: 0.22681140284901724, scale_lr: 0.58158892977007581, EAO: 0.274
Trial 232 finished with value: 0.2740959855841427 and parameters: {'window_influence': 0.23788664750517968, 'penalty_k': 0.22681140284901724, 'scale_lr': 0.5815889297700758}. Best is trial 195 with value: 0.28105787121183506.
checkpoint_e34 window_influence: 0.22308984835228346, penalty_k: 0.26925925801645678, scale_lr: 0.58539811061994063, EAO: 0.263
Trial 233 finished with value: 0.26299324128928225 and parameters: {'window_influence': 0.22308984835228346, 'penalty_k': 0.2692592580164568, 'scale_lr': 0.5853981106199406}. Best is trial 195 with value: 0.28105787121183506.
checkpoint_e34 window_influence: 0.24437019160070117, penalty_k: 0.20831391867787777, scale_lr: 0.57889331033267111, EAO: 0.263
Trial 234 finished with value: 0.26321957793419926 and parameters: {'window_influence': 0.24437019160070117, 'penalty_k': 0.20831391867787777, 'scale_lr': 0.5788933103326711}. Best is trial 195 with value: 0.28105787121183506.
checkpoint_e34 window_influence: 0.26754727502777470, penalty_k: 0.22933415658876910, scale_lr: 0.56801054373687832, EAO: 0.258
Trial 235 finished with value: 0.2581738011866081 and parameters: {'window_influence': 0.2675472750277747, 'penalty_k': 0.2293341565887691, 'scale_lr': 0.5680105437368783}. Best is trial 195 with value: 0.28105787121183506.
checkpoint_e34 window_influence: 0.23948497022958704, penalty_k: 0.24784222380977161, scale_lr: 0.59368118509756573, EAO: 0.266
Trial 236 finished with value: 0.2663804054623697 and parameters: {'window_influence': 0.23948497022958704, 'penalty_k': 0.2478422238097716, 'scale_lr': 0.5936811850975657}. Best is trial 195 with value: 0.28105787121183506.
checkpoint_e34 window_influence: 0.25862460588858016, penalty_k: 0.21624408324785291, scale_lr: 0.61620170220543535, EAO: 0.263
Trial 237 finished with value: 0.2625214427224989 and parameters: {'window_influence': 0.25862460588858016, 'penalty_k': 0.2162440832478529, 'scale_lr': 0.6162017022054354}. Best is trial 195 with value: 0.28105787121183506.
checkpoint_e34 window_influence: 0.35652793408789024, penalty_k: 0.27066379890906633, scale_lr: 0.52877722536118166, EAO: 0.270
Trial 238 finished with value: 0.2697425199354567 and parameters: {'window_influence': 0.35652793408789024, 'penalty_k': 0.27066379890906633, 'scale_lr': 0.5287772253611817}. Best is trial 195 with value: 0.28105787121183506.
checkpoint_e34 window_influence: 0.36025993690396985, penalty_k: 0.25162192615928042, scale_lr: 0.51408815827538068, EAO: 0.256
Trial 239 finished with value: 0.2562188464936202 and parameters: {'window_influence': 0.36025993690396985, 'penalty_k': 0.2516219261592804, 'scale_lr': 0.5140881582753807}. Best is trial 195 with value: 0.28105787121183506.
checkpoint_e34 window_influence: 0.34825611759636826, penalty_k: 0.28426459931524573, scale_lr: 0.59465262194566315, EAO: 0.261
Trial 240 finished with value: 0.26146681394761173 and parameters: {'window_influence': 0.34825611759636826, 'penalty_k': 0.2842645993152457, 'scale_lr': 0.5946526219456632}. Best is trial 195 with value: 0.28105787121183506.
checkpoint_e34 window_influence: 0.23135132956576318, penalty_k: 0.27322759546784375, scale_lr: 0.53243800766160210, EAO: 0.254
Trial 241 finished with value: 0.25382048921371864 and parameters: {'window_influence': 0.23135132956576318, 'penalty_k': 0.27322759546784375, 'scale_lr': 0.5324380076616021}. Best is trial 195 with value: 0.28105787121183506.
checkpoint_e34 window_influence: 0.33584257677691787, penalty_k: 0.29902496496158165, scale_lr: 0.57734387226293316, EAO: 0.273
Trial 242 finished with value: 0.27340609901319674 and parameters: {'window_influence': 0.33584257677691787, 'penalty_k': 0.29902496496158165, 'scale_lr': 0.5773438722629332}. Best is trial 195 with value: 0.28105787121183506.
checkpoint_e34 window_influence: 0.33809390284455365, penalty_k: 0.30438268672254581, scale_lr: 0.55052603574111147, EAO: 0.262
Trial 243 finished with value: 0.2615709553162257 and parameters: {'window_influence': 0.33809390284455365, 'penalty_k': 0.3043826867225458, 'scale_lr': 0.5505260357411115}. Best is trial 195 with value: 0.28105787121183506.
checkpoint_e34 window_influence: 0.06976644933960685, penalty_k: 0.28137871762454925, scale_lr: 0.56612530312551002, EAO: 0.242
Trial 244 finished with value: 0.2424321358766013 and parameters: {'window_influence': 0.06976644933960685, 'penalty_k': 0.28137871762454925, 'scale_lr': 0.56612530312551}. Best is trial 195 with value: 0.28105787121183506.
checkpoint_e34 window_influence: 0.36974898659178684, penalty_k: 0.23082539246994938, scale_lr: 0.50901272552426235, EAO: 0.257
Trial 245 finished with value: 0.25657281976162905 and parameters: {'window_influence': 0.36974898659178684, 'penalty_k': 0.23082539246994938, 'scale_lr': 0.5090127255242624}. Best is trial 195 with value: 0.28105787121183506.
checkpoint_e34 window_influence: 0.35106652697547613, penalty_k: 0.27008609328768923, scale_lr: 0.52022788553582466, EAO: 0.265
Trial 246 finished with value: 0.2654671984595981 and parameters: {'window_influence': 0.35106652697547613, 'penalty_k': 0.27008609328768923, 'scale_lr': 0.5202278855358247}. Best is trial 195 with value: 0.28105787121183506.
checkpoint_e34 window_influence: 0.32778567539470260, penalty_k: 0.24937851202818256, scale_lr: 0.55690166795181917, EAO: 0.264
Trial 247 finished with value: 0.26388271982834594 and parameters: {'window_influence': 0.3277856753947026, 'penalty_k': 0.24937851202818256, 'scale_lr': 0.5569016679518192}. Best is trial 195 with value: 0.28105787121183506.
checkpoint_e34 window_influence: 0.36031175180454300, penalty_k: 0.29217181730027914, scale_lr: 0.61378062864257554, EAO: 0.250
