Trial 248 finished with value: 0.25731085059119435 and parameters: {'window_influence': 0.3348057931222543, 'penalty_k': 0.24433655494608947, 'scale_lr': 0.5571108495527918}. Best is trial 186 with value: 0.27539417147636414.
checkpoint_e17 window_influence: 0.34555375207427380, penalty_k: 0.25465545842924819, scale_lr: 0.53612239885401980, EAO: 0.260
Trial 249 finished with value: 0.2598710773679299 and parameters: {'window_influence': 0.3455537520742738, 'penalty_k': 0.2546554584292482, 'scale_lr': 0.5361223988540198}. Best is trial 186 with value: 0.27539417147636414.
checkpoint_e17 window_influence: 0.34892134345947307, penalty_k: 0.23503296347587338, scale_lr: 0.52828157340307658, EAO: 0.253
Trial 250 finished with value: 0.25304818722775313 and parameters: {'window_influence': 0.34892134345947307, 'penalty_k': 0.23503296347587338, 'scale_lr': 0.5282815734030766}. Best is trial 186 with value: 0.27539417147636414.
checkpoint_e17 window_influence: 0.33135350437038824, penalty_k: 0.24711892660663859, scale_lr: 0.62795292886327303, EAO: 0.255
Trial 251 finished with value: 0.2551800051961488 and parameters: {'window_influence': 0.33135350437038824, 'penalty_k': 0.2471189266066386, 'scale_lr': 0.627952928863273}. Best is trial 186 with value: 0.27539417147636414.
checkpoint_e17 window_influence: 0.34829353000736629, penalty_k: 0.22792100699580356, scale_lr: 0.59523214266401303, EAO: 0.259
Trial 252 finished with value: 0.2589895324251516 and parameters: {'window_influence': 0.3482935300073663, 'penalty_k': 0.22792100699580356, 'scale_lr': 0.595232142664013}. Best is trial 186 with value: 0.27539417147636414.
checkpoint_e17 window_influence: 0.35757822180740090, penalty_k: 0.26754986234405315, scale_lr: 0.61620844957453291, EAO: 0.271
Trial 253 finished with value: 0.27107625957426984 and parameters: {'window_influence': 0.3575782218074009, 'penalty_k': 0.26754986234405315, 'scale_lr': 0.6162084495745329}. Best is trial 186 with value: 0.27539417147636414.
checkpoint_e17 window_influence: 0.35527215797241712, penalty_k: 0.26937217989301315, scale_lr: 0.60987469647733417, EAO: 0.261
Trial 254 finished with value: 0.2609572274898126 and parameters: {'window_influence': 0.3552721579724171, 'penalty_k': 0.26937217989301315, 'scale_lr': 0.6098746964773342}. Best is trial 186 with value: 0.27539417147636414.
checkpoint_e17 window_influence: 0.36548736357602379, penalty_k: 0.20055127035960038, scale_lr: 0.56207984327761118, EAO: 0.272
Trial 255 finished with value: 0.2717302295008326 and parameters: {'window_influence': 0.3654873635760238, 'penalty_k': 0.20055127035960038, 'scale_lr': 0.5620798432776112}. Best is trial 186 with value: 0.27539417147636414.
checkpoint_e17 window_influence: 0.36522244068088322, penalty_k: 0.18834066608823741, scale_lr: 0.55525344216732275, EAO: 0.256
Trial 256 finished with value: 0.2564892532621942 and parameters: {'window_influence': 0.3652224406808832, 'penalty_k': 0.1883406660882374, 'scale_lr': 0.5552534421673228}. Best is trial 186 with value: 0.27539417147636414.
checkpoint_e17 window_influence: 0.37146314567596267, penalty_k: 0.20699597622446955, scale_lr: 0.54775499871330879, EAO: 0.264
Trial 257 finished with value: 0.2635236927043132 and parameters: {'window_influence': 0.37146314567596267, 'penalty_k': 0.20699597622446955, 'scale_lr': 0.5477549987133088}. Best is trial 186 with value: 0.27539417147636414.
checkpoint_e17 window_influence: 0.37056313083466458, penalty_k: 0.20247860704658402, scale_lr: 0.54714720293213848, EAO: 0.259
Trial 258 finished with value: 0.2589989537751772 and parameters: {'window_influence': 0.3705631308346646, 'penalty_k': 0.20247860704658402, 'scale_lr': 0.5471472029321385}. Best is trial 186 with value: 0.27539417147636414.
checkpoint_e17 window_influence: 0.35796472752111680, penalty_k: 0.19749303997473897, scale_lr: 0.53959346382048523, EAO: 0.275
Trial 259 finished with value: 0.27460788044987655 and parameters: {'window_influence': 0.3579647275211168, 'penalty_k': 0.19749303997473897, 'scale_lr': 0.5395934638204852}. Best is trial 186 with value: 0.27539417147636414.
checkpoint_e17 window_influence: 0.35686707386317829, penalty_k: 0.19449894543152363, scale_lr: 0.52865281086995974, EAO: 0.255
Trial 260 finished with value: 0.25466187552707953 and parameters: {'window_influence': 0.3568670738631783, 'penalty_k': 0.19449894543152363, 'scale_lr': 0.5286528108699597}. Best is trial 186 with value: 0.27539417147636414.
checkpoint_e17 window_influence: 0.35834890676543069, penalty_k: 0.18351248419496780, scale_lr: 0.56536083385622460, EAO: 0.269
Trial 261 finished with value: 0.26935955203645595 and parameters: {'window_influence': 0.3583489067654307, 'penalty_k': 0.1835124841949678, 'scale_lr': 0.5653608338562246}. Best is trial 186 with value: 0.27539417147636414.
checkpoint_e17 window_influence: 0.35681281669221110, penalty_k: 0.18572650307018135, scale_lr: 0.56084794022407924, EAO: 0.271
Trial 262 finished with value: 0.2710096621053006 and parameters: {'window_influence': 0.3568128166922111, 'penalty_k': 0.18572650307018135, 'scale_lr': 0.5608479402240792}. Best is trial 186 with value: 0.27539417147636414.
checkpoint_e17 window_influence: 0.35367726111140413, penalty_k: 0.18276368817525496, scale_lr: 0.56067994951380384, EAO: 0.268
Trial 263 finished with value: 0.26832973199888943 and parameters: {'window_influence': 0.35367726111140413, 'penalty_k': 0.18276368817525496, 'scale_lr': 0.5606799495138038}. Best is trial 186 with value: 0.27539417147636414.
checkpoint_e17 window_influence: 0.35159757788993784, penalty_k: 0.18450794727470521, scale_lr: 0.55943337708409180, EAO: 0.267
Trial 264 finished with value: 0.2666155944267909 and parameters: {'window_influence': 0.35159757788993784, 'penalty_k': 0.1845079472747052, 'scale_lr': 0.5594333770840918}. Best is trial 186 with value: 0.27539417147636414.
checkpoint_e17 window_influence: 0.35713907572749914, penalty_k: 0.17500583417062610, scale_lr: 0.55817305474999401, EAO: 0.274
Trial 265 finished with value: 0.273900702171694 and parameters: {'window_influence': 0.35713907572749914, 'penalty_k': 0.1750058341706261, 'scale_lr': 0.558173054749994}. Best is trial 186 with value: 0.27539417147636414.
checkpoint_e17 window_influence: 0.32716880392738390, penalty_k: 0.16802855609270689, scale_lr: 0.55974475200398099, EAO: 0.267
Trial 266 finished with value: 0.2674796704233177 and parameters: {'window_influence': 0.3271688039273839, 'penalty_k': 0.1680285560927069, 'scale_lr': 0.559744752003981}. Best is trial 186 with value: 0.27539417147636414.
checkpoint_e17 window_influence: 0.32765537497754388, penalty_k: 0.17675347667042385, scale_lr: 0.56787279137942936, EAO: 0.258
Trial 267 finished with value: 0.257752777902576 and parameters: {'window_influence': 0.3276553749775439, 'penalty_k': 0.17675347667042385, 'scale_lr': 0.5678727913794294}. Best is trial 186 with value: 0.27539417147636414.
checkpoint_e17 window_influence: 0.33436048373019972, penalty_k: 0.17405242132279339, scale_lr: 0.56157273953337994, EAO: 0.269
Trial 268 finished with value: 0.26854577303175037 and parameters: {'window_influence': 0.3343604837301997, 'penalty_k': 0.1740524213227934, 'scale_lr': 0.5615727395333799}. Best is trial 186 with value: 0.27539417147636414.
checkpoint_e17 window_influence: 0.32572205165296220, penalty_k: 0.17443487405727207, scale_lr: 0.54719471864308367, EAO: 0.265
Trial 269 finished with value: 0.264755328556871 and parameters: {'window_influence': 0.3257220516529622, 'penalty_k': 0.17443487405727207, 'scale_lr': 0.5471947186430837}. Best is trial 186 with value: 0.27539417147636414.
checkpoint_e17 window_influence: 0.34021869678641775, penalty_k: 0.18637559081811139, scale_lr: 0.56521130370460582, EAO: 0.261
Trial 270 finished with value: 0.26122045105065755 and parameters: {'window_influence': 0.34021869678641775, 'penalty_k': 0.1863755908181114, 'scale_lr': 0.5652113037046058}. Best is trial 186 with value: 0.27539417147636414.
checkpoint_e17 window_influence: 0.30529428018876725, penalty_k: 0.16825657400185176, scale_lr: 0.53687782576842114, EAO: 0.259
Trial 271 finished with value: 0.2591750927087737 and parameters: {'window_influence': 0.30529428018876725, 'penalty_k': 0.16825657400185176, 'scale_lr': 0.5368778257684211}. Best is trial 186 with value: 0.27539417147636414.
checkpoint_e17 window_influence: 0.33472494534918129, penalty_k: 0.15739052257209651, scale_lr: 0.56463378878214754, EAO: 0.270
Trial 272 finished with value: 0.2699348249328815 and parameters: {'window_influence': 0.3347249453491813, 'penalty_k': 0.15739052257209651, 'scale_lr': 0.5646337887821475}. Best is trial 186 with value: 0.27539417147636414.
checkpoint_e17 window_influence: 0.31980766088782026, penalty_k: 0.16105226435869149, scale_lr: 0.59043687223762253, EAO: 0.276
Trial 273 finished with value: 0.27645499755938846 and parameters: {'window_influence': 0.31980766088782026, 'penalty_k': 0.1610522643586915, 'scale_lr': 0.5904368722376225}. Best is trial 273 with value: 0.27645499755938846.
checkpoint_e17 window_influence: 0.31662744082817285, penalty_k: 0.16202638422915061, scale_lr: 0.56556886448858390, EAO: 0.261
Trial 274 finished with value: 0.2606788999666043 and parameters: {'window_influence': 0.31662744082817285, 'penalty_k': 0.1620263842291506, 'scale_lr': 0.5655688644885839}. Best is trial 273 with value: 0.27645499755938846.
checkpoint_e17 window_influence: 0.29578039409590473, penalty_k: 0.16070402587911389, scale_lr: 0.53590469717678668, EAO: 0.263
Trial 275 finished with value: 0.2631745202148833 and parameters: {'window_influence': 0.29578039409590473, 'penalty_k': 0.1607040258791139, 'scale_lr': 0.5359046971767867}. Best is trial 273 with value: 0.27645499755938846.
checkpoint_e17 window_influence: 0.32393360551995759, penalty_k: 0.15572331616842264, scale_lr: 0.52403816789576152, EAO: 0.261
Trial 276 finished with value: 0.261294600319087 and parameters: {'window_influence': 0.3239336055199576, 'penalty_k': 0.15572331616842264, 'scale_lr': 0.5240381678957615}. Best is trial 273 with value: 0.27645499755938846.
checkpoint_e17 window_influence: 0.33711923425197637, penalty_k: 0.15027435561117022, scale_lr: 0.56565410722664311, EAO: 0.267
Trial 277 finished with value: 0.2670811287513593 and parameters: {'window_influence': 0.3371192342519764, 'penalty_k': 0.15027435561117022, 'scale_lr': 0.5656541072266431}. Best is trial 273 with value: 0.27645499755938846.
checkpoint_e17 window_influence: 0.33354126681735302, penalty_k: 0.15083208001541229, scale_lr: 0.56627304739651463, EAO: 0.265
Trial 278 finished with value: 0.26481839947826497 and parameters: {'window_influence': 0.333541266817353, 'penalty_k': 0.1508320800154123, 'scale_lr': 0.5662730473965146}. Best is trial 273 with value: 0.27645499755938846.
checkpoint_e17 window_influence: 0.33761988377524943, penalty_k: 0.14677109949695183, scale_lr: 0.58759123972941263, EAO: 0.255
Trial 279 finished with value: 0.25508115186197 and parameters: {'window_influence': 0.33761988377524943, 'penalty_k': 0.14677109949695183, 'scale_lr': 0.5875912397294126}. Best is trial 273 with value: 0.27645499755938846.
checkpoint_e17 window_influence: 0.31393789549346807, penalty_k: 0.17730410624769488, scale_lr: 0.55857528857484418, EAO: 0.256
Trial 280 finished with value: 0.2559265105462656 and parameters: {'window_influence': 0.31393789549346807, 'penalty_k': 0.17730410624769488, 'scale_lr': 0.5585752885748442}. Best is trial 273 with value: 0.27645499755938846.
checkpoint_e17 window_influence: 0.32868902406910766, penalty_k: 0.18287903697980837, scale_lr: 0.54126409129112751, EAO: 0.259
Trial 281 finished with value: 0.25939850448592894 and parameters: {'window_influence': 0.32868902406910766, 'penalty_k': 0.18287903697980837, 'scale_lr': 0.5412640912911275}. Best is trial 273 with value: 0.27645499755938846.
checkpoint_e17 window_influence: 0.30339684055610672, penalty_k: 0.13957632953410784, scale_lr: 0.56603496874544390, EAO: 0.265
Trial 282 finished with value: 0.2653513436879569 and parameters: {'window_influence': 0.3033968405561067, 'penalty_k': 0.13957632953410784, 'scale_lr': 0.5660349687454439}. Best is trial 273 with value: 0.27645499755938846.
checkpoint_e17 window_influence: 0.34885739224809326, penalty_k: 0.17060696665121761, scale_lr: 0.58725600740617478, EAO: 0.257
Trial 283 finished with value: 0.25736514824192697 and parameters: {'window_influence': 0.34885739224809326, 'penalty_k': 0.1706069666512176, 'scale_lr': 0.5872560074061748}. Best is trial 273 with value: 0.27645499755938846.
checkpoint_e17 window_influence: 0.34030452272164963, penalty_k: 0.19066758197049294, scale_lr: 0.51706488968175424, EAO: 0.251
Trial 284 finished with value: 0.2511762926975886 and parameters: {'window_influence': 0.3403045227216496, 'penalty_k': 0.19066758197049294, 'scale_lr': 0.5170648896817542}. Best is trial 273 with value: 0.27645499755938846.
checkpoint_e17 window_influence: 0.35189141296958698, penalty_k: 0.19699997428301472, scale_lr: 0.54607181798525706, EAO: 0.266
Trial 285 finished with value: 0.2656925446013125 and parameters: {'window_influence': 0.351891412969587, 'penalty_k': 0.19699997428301472, 'scale_lr': 0.5460718179852571}. Best is trial 273 with value: 0.27645499755938846.
checkpoint_e17 window_influence: 0.33104409843981647, penalty_k: 0.16522652005921526, scale_lr: 0.57589204597651467, EAO: 0.268
Trial 286 finished with value: 0.2682191579322505 and parameters: {'window_influence': 0.33104409843981647, 'penalty_k': 0.16522652005921526, 'scale_lr': 0.5758920459765147}. Best is trial 273 with value: 0.27645499755938846.
checkpoint_e17 window_influence: 0.32923697074301284, penalty_k: 0.17114725898581010, scale_lr: 0.58145744972459668, EAO: 0.261
Trial 287 finished with value: 0.26084755070325805 and parameters: {'window_influence': 0.32923697074301284, 'penalty_k': 0.1711472589858101, 'scale_lr': 0.5814574497245967}. Best is trial 273 with value: 0.27645499755938846.
checkpoint_e17 window_influence: 0.31168615375015468, penalty_k: 0.13429590190463553, scale_lr: 0.59849250772513374, EAO: 0.242
Trial 288 finished with value: 0.24156223600957452 and parameters: {'window_influence': 0.3116861537501547, 'penalty_k': 0.13429590190463553, 'scale_lr': 0.5984925077251337}. Best is trial 273 with value: 0.27645499755938846.
checkpoint_e17 window_influence: 0.32600775677154153, penalty_k: 0.16305876584693224, scale_lr: 0.57024151330683992, EAO: 0.267
Trial 289 finished with value: 0.26687453039051073 and parameters: {'window_influence': 0.32600775677154153, 'penalty_k': 0.16305876584693224, 'scale_lr': 0.5702415133068399}. Best is trial 273 with value: 0.27645499755938846.
checkpoint_e17 window_influence: 0.32154357135153827, penalty_k: 0.16244676612490952, scale_lr: 0.57370752498740174, EAO: 0.260
Trial 290 finished with value: 0.2603180921538089 and parameters: {'window_influence': 0.32154357135153827, 'penalty_k': 0.16244676612490952, 'scale_lr': 0.5737075249874017}. Best is trial 273 with value: 0.27645499755938846.
checkpoint_e17 window_influence: 0.33750007371965629, penalty_k: 0.17948552597031397, scale_lr: 0.56295735617828457, EAO: 0.262
Trial 291 finished with value: 0.2623209424498605 and parameters: {'window_influence': 0.3375000737196563, 'penalty_k': 0.17948552597031397, 'scale_lr': 0.5629573561782846}. Best is trial 273 with value: 0.27645499755938846.
checkpoint_e17 window_influence: 0.31983773318897174, penalty_k: 0.16285551387248942, scale_lr: 0.58507717889743893, EAO: 0.257
Trial 292 finished with value: 0.25691827374502896 and parameters: {'window_influence': 0.31983773318897174, 'penalty_k': 0.16285551387248942, 'scale_lr': 0.5850771788974389}. Best is trial 273 with value: 0.27645499755938846.
checkpoint_e17 window_influence: 0.34494649492792978, penalty_k: 0.18478644369275030, scale_lr: 0.54062913003653834, EAO: 0.253
Trial 293 finished with value: 0.2525584148924525 and parameters: {'window_influence': 0.3449464949279298, 'penalty_k': 0.1847864436927503, 'scale_lr': 0.5406291300365383}. Best is trial 273 with value: 0.27645499755938846.
checkpoint_e17 window_influence: 0.30276693276212280, penalty_k: 0.14814708858240422, scale_lr: 0.59674504697846431, EAO: 0.260
Trial 294 finished with value: 0.2603431827411419 and parameters: {'window_influence': 0.3027669327621228, 'penalty_k': 0.14814708858240422, 'scale_lr': 0.5967450469784643}. Best is trial 273 with value: 0.27645499755938846.
checkpoint_e17 window_influence: 0.28506570683114002, penalty_k: 0.19704705549734736, scale_lr: 0.57158511271036827, EAO: 0.264
Trial 295 finished with value: 0.26353751334959896 and parameters: {'window_influence': 0.28506570683114, 'penalty_k': 0.19704705549734736, 'scale_lr': 0.5715851127103683}. Best is trial 273 with value: 0.27645499755938846.
checkpoint_e17 window_influence: 0.33177152085006312, penalty_k: 0.17237865055979082, scale_lr: 0.55189233250923242, EAO: 0.266
Trial 296 finished with value: 0.2657272592186928 and parameters: {'window_influence': 0.3317715208500631, 'penalty_k': 0.17237865055979082, 'scale_lr': 0.5518923325092324}. Best is trial 273 with value: 0.27645499755938846.
checkpoint_e17 window_influence: 0.35197592631471475, penalty_k: 0.15157780348146516, scale_lr: 0.53110821280455855, EAO: 0.259
Trial 297 finished with value: 0.25916411915445714 and parameters: {'window_influence': 0.35197592631471475, 'penalty_k': 0.15157780348146516, 'scale_lr': 0.5311082128045586}. Best is trial 273 with value: 0.27645499755938846.
checkpoint_e17 window_influence: 0.32095021419707093, penalty_k: 0.13311995122535339, scale_lr: 0.60656341633258493, EAO: 0.255
Trial 298 finished with value: 0.2550153763192456 and parameters: {'window_influence': 0.3209502141970709, 'penalty_k': 0.1331199512253534, 'scale_lr': 0.6065634163325849}. Best is trial 273 with value: 0.27645499755938846.
checkpoint_e17 window_influence: 0.34084680418405194, penalty_k: 0.18278909694831980, scale_lr: 0.58671789232727523, EAO: 0.249
Trial 299 finished with value: 0.24916385635127866 and parameters: {'window_influence': 0.34084680418405194, 'penalty_k': 0.1827890969483198, 'scale_lr': 0.5867178923272752}. Best is trial 273 with value: 0.27645499755938846.
checkpoint_e17 window_influence: 0.30953997452226545, penalty_k: 0.16361777903173017, scale_lr: 0.56152059984150526, EAO: 0.270
Trial 300 finished with value: 0.2698393788158409 and parameters: {'window_influence': 0.30953997452226545, 'penalty_k': 0.16361777903173017, 'scale_lr': 0.5615205998415053}. Best is trial 273 with value: 0.27645499755938846.
checkpoint_e17 window_influence: 0.32378140281419626, penalty_k: 0.16200318552968693, scale_lr: 0.56033777945188967, EAO: 0.256
Trial 301 finished with value: 0.25608622428120636 and parameters: {'window_influence': 0.32378140281419626, 'penalty_k': 0.16200318552968693, 'scale_lr': 0.5603377794518897}. Best is trial 273 with value: 0.27645499755938846.
checkpoint_e17 window_influence: 0.29056907453754244, penalty_k: 0.17394899846403716, scale_lr: 0.54251115734633237, EAO: 0.256
Trial 302 finished with value: 0.2560397835402954 and parameters: {'window_influence': 0.29056907453754244, 'penalty_k': 0.17394899846403716, 'scale_lr': 0.5425111573463324}. Best is trial 273 with value: 0.27645499755938846.
checkpoint_e17 window_influence: 0.31220960670555165, penalty_k: 0.19391729575150374, scale_lr: 0.51764158991879927, EAO: 0.267
Trial 303 finished with value: 0.26655169982251115 and parameters: {'window_influence': 0.31220960670555165, 'penalty_k': 0.19391729575150374, 'scale_lr': 0.5176415899187993}. Best is trial 273 with value: 0.27645499755938846.
checkpoint_e17 window_influence: 0.29955345595088256, penalty_k: 0.14242671657824563, scale_lr: 0.57110660043157202, EAO: 0.249
Trial 304 finished with value: 0.24920812976069567 and parameters: {'window_influence': 0.29955345595088256, 'penalty_k': 0.14242671657824563, 'scale_lr': 0.571106600431572}. Best is trial 273 with value: 0.27645499755938846.
checkpoint_e17 window_influence: 0.35749943877165075, penalty_k: 0.15659474718109015, scale_lr: 0.55459386348500861, EAO: 0.262
Trial 305 finished with value: 0.2620954530510476 and parameters: {'window_influence': 0.35749943877165075, 'penalty_k': 0.15659474718109015, 'scale_lr': 0.5545938634850086}. Best is trial 273 with value: 0.27645499755938846.
checkpoint_e17 window_influence: 0.34158255743083110, penalty_k: 0.17869979080487219, scale_lr: 0.57351193989096405, EAO: 0.265
Trial 306 finished with value: 0.26536589624678214 and parameters: {'window_influence': 0.3415825574308311, 'penalty_k': 0.1786997908048722, 'scale_lr': 0.573511939890964}. Best is trial 273 with value: 0.27645499755938846.
checkpoint_e17 window_influence: 0.27832576173495288, penalty_k: 0.12686890626861302, scale_lr: 0.52813898274138926, EAO: 0.266
Trial 307 finished with value: 0.26593719604538707 and parameters: {'window_influence': 0.2783257617349529, 'penalty_k': 0.12686890626861302, 'scale_lr': 0.5281389827413893}. Best is trial 273 with value: 0.27645499755938846.
checkpoint_e17 window_influence: 0.30742235692534187, penalty_k: 0.16713639014763090, scale_lr: 0.55506302315548695, EAO: 0.265
Trial 308 finished with value: 0.26514360472196485 and parameters: {'window_influence': 0.30742235692534187, 'penalty_k': 0.1671363901476309, 'scale_lr': 0.555063023155487}. Best is trial 273 with value: 0.27645499755938846.
checkpoint_e17 window_influence: 0.33119474417981487, penalty_k: 0.14976516397549808, scale_lr: 0.60331015401064425, EAO: 0.266
Trial 309 finished with value: 0.26610121960804717 and parameters: {'window_influence': 0.33119474417981487, 'penalty_k': 0.14976516397549808, 'scale_lr': 0.6033101540106443}. Best is trial 273 with value: 0.27645499755938846.
checkpoint_e17 window_influence: 0.35082024184806260, penalty_k: 0.20315130396938688, scale_lr: 0.50860722000486724, EAO: 0.267
