Trial 682 finished with value: 0.24498512141588258 and parameters: {'window_influence': 0.5513042910727842, 'penalty_k': 0.18216552808551217, 'scale_lr': 0.1606435415057128}. Best is trial 492 with value: 0.2888057565664857.
checkpoint_e39 window_influence: 0.26455212998267408, penalty_k: 0.52102939473294263, scale_lr: 0.39880321563825338, EAO: 0.261
Trial 683 finished with value: 0.26078103973371225 and parameters: {'window_influence': 0.2645521299826741, 'penalty_k': 0.5210293947329426, 'scale_lr': 0.3988032156382534}. Best is trial 492 with value: 0.2888057565664857.
checkpoint_e39 window_influence: 0.57836629116125127, penalty_k: 0.24182731050009876, scale_lr: 0.78209746639941391, EAO: 0.237
Trial 684 finished with value: 0.23738664073672722 and parameters: {'window_influence': 0.5783662911612513, 'penalty_k': 0.24182731050009876, 'scale_lr': 0.7820974663994139}. Best is trial 492 with value: 0.2888057565664857.
checkpoint_e39 window_influence: 0.46787037783093727, penalty_k: 0.31273113533693153, scale_lr: 0.53612864421319395, EAO: 0.244
Trial 685 finished with value: 0.2438285347165131 and parameters: {'window_influence': 0.46787037783093727, 'penalty_k': 0.31273113533693153, 'scale_lr': 0.536128644213194}. Best is trial 492 with value: 0.2888057565664857.
checkpoint_e39 window_influence: 0.31366660628882664, penalty_k: 0.59082687248608434, scale_lr: 0.67955271500639558, EAO: 0.253
Trial 686 finished with value: 0.25289986543054505 and parameters: {'window_influence': 0.31366660628882664, 'penalty_k': 0.5908268724860843, 'scale_lr': 0.6795527150063956}. Best is trial 492 with value: 0.2888057565664857.
checkpoint_e39 window_influence: 0.39101340834859710, penalty_k: 0.11397873139840067, scale_lr: 0.59869556853344674, EAO: 0.259
Trial 687 finished with value: 0.2592578438239369 and parameters: {'window_influence': 0.3910134083485971, 'penalty_k': 0.11397873139840067, 'scale_lr': 0.5986955685334467}. Best is trial 492 with value: 0.2888057565664857.
checkpoint_e39 window_influence: 0.52043852087065579, penalty_k: 0.20805940952261626, scale_lr: 0.19753797750644575, EAO: 0.244
Trial 688 finished with value: 0.24394757651943502 and parameters: {'window_influence': 0.5204385208706558, 'penalty_k': 0.20805940952261626, 'scale_lr': 0.19753797750644575}. Best is trial 492 with value: 0.2888057565664857.
checkpoint_e39 window_influence: 0.08743369617746544, penalty_k: 0.08561462177618454, scale_lr: 0.35673906461343247, EAO: 0.245
Trial 689 finished with value: 0.24469765027364096 and parameters: {'window_influence': 0.08743369617746544, 'penalty_k': 0.08561462177618454, 'scale_lr': 0.35673906461343247}. Best is trial 492 with value: 0.2888057565664857.
checkpoint_e39 window_influence: 0.28185255867662995, penalty_k: 0.22692572443947404, scale_lr: 0.28960643676953796, EAO: 0.269
Trial 690 finished with value: 0.2688855335600977 and parameters: {'window_influence': 0.28185255867662995, 'penalty_k': 0.22692572443947404, 'scale_lr': 0.28960643676953796}. Best is trial 492 with value: 0.2888057565664857.
checkpoint_e39 window_influence: 0.30073734832536131, penalty_k: 0.16290239950535285, scale_lr: 0.55145860647961231, EAO: 0.274
Trial 691 finished with value: 0.2741723604560868 and parameters: {'window_influence': 0.3007373483253613, 'penalty_k': 0.16290239950535285, 'scale_lr': 0.5514586064796123}. Best is trial 492 with value: 0.2888057565664857.
checkpoint_e39 window_influence: 0.36719165814465876, penalty_k: 0.49341289605244110, scale_lr: 0.41438884281794491, EAO: 0.255
Trial 692 finished with value: 0.2551822884659457 and parameters: {'window_influence': 0.36719165814465876, 'penalty_k': 0.4934128960524411, 'scale_lr': 0.4143888428179449}. Best is trial 492 with value: 0.2888057565664857.
checkpoint_e39 window_influence: 0.32344031415240132, penalty_k: 0.14853591759446055, scale_lr: 0.24445231845870882, EAO: 0.259
Trial 693 finished with value: 0.2589652481965902 and parameters: {'window_influence': 0.3234403141524013, 'penalty_k': 0.14853591759446055, 'scale_lr': 0.24445231845870882}. Best is trial 492 with value: 0.2888057565664857.
checkpoint_e39 window_influence: 0.13674849780305418, penalty_k: 0.33985283590365822, scale_lr: 0.37882670083059194, EAO: 0.233
Trial 694 finished with value: 0.23283458743395843 and parameters: {'window_influence': 0.13674849780305418, 'penalty_k': 0.3398528359036582, 'scale_lr': 0.37882670083059194}. Best is trial 492 with value: 0.2888057565664857.
checkpoint_e39 window_influence: 0.14461666206546983, penalty_k: 0.19173823262326087, scale_lr: 0.49617256747075861, EAO: 0.247
Trial 695 finished with value: 0.24654368904790258 and parameters: {'window_influence': 0.14461666206546983, 'penalty_k': 0.19173823262326087, 'scale_lr': 0.4961725674707586}. Best is trial 492 with value: 0.2888057565664857.
checkpoint_e39 window_influence: 0.50787538409017852, penalty_k: 0.43110779213764450, scale_lr: 0.58675736652872967, EAO: 0.251
Trial 696 finished with value: 0.25146675588396505 and parameters: {'window_influence': 0.5078753840901785, 'penalty_k': 0.4311077921376445, 'scale_lr': 0.5867573665287297}. Best is trial 492 with value: 0.2888057565664857.
checkpoint_e39 window_influence: 0.57190255003393431, penalty_k: 0.13383203523101392, scale_lr: 0.51626018908121785, EAO: 0.244
Trial 697 finished with value: 0.244383444206986 and parameters: {'window_influence': 0.5719025500339343, 'penalty_k': 0.13383203523101392, 'scale_lr': 0.5162601890812178}. Best is trial 492 with value: 0.2888057565664857.
checkpoint_e39 window_influence: 0.53370814375151665, penalty_k: 0.27603710337605214, scale_lr: 0.17540401965654850, EAO: 0.241
Trial 698 finished with value: 0.24074351563443983 and parameters: {'window_influence': 0.5337081437515167, 'penalty_k': 0.27603710337605214, 'scale_lr': 0.1754040196565485}. Best is trial 492 with value: 0.2888057565664857.
checkpoint_e39 window_influence: 0.34313041479765688, penalty_k: 0.03895520096851279, scale_lr: 0.31437081202147743, EAO: 0.249
Trial 699 finished with value: 0.24899411516460945 and parameters: {'window_influence': 0.3431304147976569, 'penalty_k': 0.03895520096851279, 'scale_lr': 0.31437081202147743}. Best is trial 492 with value: 0.2888057565664857.
checkpoint_e39 window_influence: 0.33054771386306131, penalty_k: 0.32646924263706950, scale_lr: 0.47963546439774873, EAO: 0.265
Trial 700 finished with value: 0.26474511587038274 and parameters: {'window_influence': 0.3305477138630613, 'penalty_k': 0.3264692426370695, 'scale_lr': 0.47963546439774873}. Best is trial 492 with value: 0.2888057565664857.
checkpoint_e39 window_influence: 0.26956374288491852, penalty_k: 0.29567067427859012, scale_lr: 0.42702347324941825, EAO: 0.279
Trial 701 finished with value: 0.2789281715707081 and parameters: {'window_influence': 0.2695637428849185, 'penalty_k': 0.2956706742785901, 'scale_lr': 0.42702347324941825}. Best is trial 492 with value: 0.2888057565664857.
checkpoint_e39 window_influence: 0.27349187942719538, penalty_k: 0.29520559572501998, scale_lr: 0.44203232809501936, EAO: 0.266
Trial 702 finished with value: 0.2657875992297157 and parameters: {'window_influence': 0.2734918794271954, 'penalty_k': 0.29520559572502, 'scale_lr': 0.44203232809501936}. Best is trial 492 with value: 0.2888057565664857.
checkpoint_e39 window_influence: 0.16758814275211920, penalty_k: 0.31315334077085022, scale_lr: 0.46498566286700388, EAO: 0.246
Trial 703 finished with value: 0.24628754729420188 and parameters: {'window_influence': 0.1675881427521192, 'penalty_k': 0.3131533407708502, 'scale_lr': 0.4649856628670039}. Best is trial 492 with value: 0.2888057565664857.
checkpoint_e39 window_influence: 0.28977363540132689, penalty_k: 0.05840261892609297, scale_lr: 0.42624343841732948, EAO: 0.262
Trial 704 finished with value: 0.2616396397957957 and parameters: {'window_influence': 0.2897736354013269, 'penalty_k': 0.05840261892609297, 'scale_lr': 0.4262434384173295}. Best is trial 492 with value: 0.2888057565664857.
checkpoint_e39 window_influence: 0.41504470498521495, penalty_k: 0.38803383289739657, scale_lr: 0.41577181601872459, EAO: 0.255
Trial 705 finished with value: 0.25511804495642826 and parameters: {'window_influence': 0.41504470498521495, 'penalty_k': 0.38803383289739657, 'scale_lr': 0.4157718160187246}. Best is trial 492 with value: 0.2888057565664857.
checkpoint_e39 window_influence: 0.26594993279150708, penalty_k: 0.28403045387290987, scale_lr: 0.44918162048539145, EAO: 0.258
Trial 706 finished with value: 0.2581385945280393 and parameters: {'window_influence': 0.2659499327915071, 'penalty_k': 0.28403045387290987, 'scale_lr': 0.44918162048539145}. Best is trial 492 with value: 0.2888057565664857.
checkpoint_e39 window_influence: 0.28008202329635734, penalty_k: 0.32638391737385630, scale_lr: 0.42710390473705379, EAO: 0.266
Trial 707 finished with value: 0.26599901963055617 and parameters: {'window_influence': 0.28008202329635734, 'penalty_k': 0.3263839173738563, 'scale_lr': 0.4271039047370538}. Best is trial 492 with value: 0.2888057565664857.
checkpoint_e39 window_influence: 0.31653223616701232, penalty_k: 0.29562016184934381, scale_lr: 0.79922770539133181, EAO: 0.260
Trial 708 finished with value: 0.25959923360648196 and parameters: {'window_influence': 0.3165322361670123, 'penalty_k': 0.2956201618493438, 'scale_lr': 0.7992277053913318}. Best is trial 492 with value: 0.2888057565664857.
checkpoint_e39 window_influence: 0.30210241000838722, penalty_k: 0.30206882707798366, scale_lr: 0.43638906486186380, EAO: 0.283
Trial 709 finished with value: 0.2830800819930022 and parameters: {'window_influence': 0.3021024100083872, 'penalty_k': 0.30206882707798366, 'scale_lr': 0.4363890648618638}. Best is trial 492 with value: 0.2888057565664857.
checkpoint_e39 window_influence: 0.18395882486919735, penalty_k: 0.31362379061373136, scale_lr: 0.39930619752885349, EAO: 0.240
Trial 710 finished with value: 0.24019350293206004 and parameters: {'window_influence': 0.18395882486919735, 'penalty_k': 0.31362379061373136, 'scale_lr': 0.3993061975288535}. Best is trial 492 with value: 0.2888057565664857.
checkpoint_e39 window_influence: 0.29355837530100354, penalty_k: 0.27558451174894816, scale_lr: 0.43092898936530488, EAO: 0.278
Trial 711 finished with value: 0.27776332726565806 and parameters: {'window_influence': 0.29355837530100354, 'penalty_k': 0.27558451174894816, 'scale_lr': 0.4309289893653049}. Best is trial 492 with value: 0.2888057565664857.
checkpoint_e39 window_influence: 0.30284712349778614, penalty_k: 0.30234203934839549, scale_lr: 0.43682994167362255, EAO: 0.282
Trial 712 finished with value: 0.2823749942992761 and parameters: {'window_influence': 0.30284712349778614, 'penalty_k': 0.3023420393483955, 'scale_lr': 0.43682994167362255}. Best is trial 492 with value: 0.2888057565664857.
checkpoint_e39 window_influence: 0.30437888018801573, penalty_k: 0.30945565608014985, scale_lr: 0.45418856525544227, EAO: 0.274
Trial 713 finished with value: 0.2735950871090579 and parameters: {'window_influence': 0.30437888018801573, 'penalty_k': 0.30945565608014985, 'scale_lr': 0.45418856525544227}. Best is trial 492 with value: 0.2888057565664857.
checkpoint_e39 window_influence: 0.59092278713145796, penalty_k: 0.32043022468024801, scale_lr: 0.43488615853213275, EAO: 0.234
Trial 714 finished with value: 0.23408776794264957 and parameters: {'window_influence': 0.590922787131458, 'penalty_k': 0.320430224680248, 'scale_lr': 0.43488615853213275}. Best is trial 492 with value: 0.2888057565664857.
checkpoint_e39 window_influence: 0.29778621876088107, penalty_k: 0.29349684855565389, scale_lr: 0.42293105801290365, EAO: 0.266
Trial 715 finished with value: 0.2661627692783751 and parameters: {'window_influence': 0.29778621876088107, 'penalty_k': 0.2934968485556539, 'scale_lr': 0.42293105801290365}. Best is trial 492 with value: 0.2888057565664857.
checkpoint_e39 window_influence: 0.50401790336501007, penalty_k: 0.29784780102451380, scale_lr: 0.21653100314911028, EAO: 0.247
Trial 716 finished with value: 0.24697790197967515 and parameters: {'window_influence': 0.5040179033650101, 'penalty_k': 0.2978478010245138, 'scale_lr': 0.21653100314911028}. Best is trial 492 with value: 0.2888057565664857.
checkpoint_e39 window_influence: 0.08512303974179719, penalty_k: 0.33132552584010505, scale_lr: 0.44292041696717971, EAO: 0.249
Trial 717 finished with value: 0.24857000740078405 and parameters: {'window_influence': 0.08512303974179719, 'penalty_k': 0.33132552584010505, 'scale_lr': 0.4429204169671797}. Best is trial 492 with value: 0.2888057565664857.
checkpoint_e39 window_influence: 0.30450888290870121, penalty_k: 0.30816112436715676, scale_lr: 0.46668336723694825, EAO: 0.268
Trial 718 finished with value: 0.2678311032856383 and parameters: {'window_influence': 0.3045088829087012, 'penalty_k': 0.30816112436715676, 'scale_lr': 0.46668336723694825}. Best is trial 492 with value: 0.2888057565664857.
checkpoint_e39 window_influence: 0.28752642693550923, penalty_k: 0.28060367249610346, scale_lr: 0.40441666990703412, EAO: 0.258
Trial 719 finished with value: 0.25824345091009526 and parameters: {'window_influence': 0.2875264269355092, 'penalty_k': 0.28060367249610346, 'scale_lr': 0.4044166699070341}. Best is trial 492 with value: 0.2888057565664857.
checkpoint_e39 window_influence: 0.31413770001484670, penalty_k: 0.29975278068781480, scale_lr: 0.41610240533797327, EAO: 0.262
Trial 720 finished with value: 0.26226398457841177 and parameters: {'window_influence': 0.3141377000148467, 'penalty_k': 0.2997527806878148, 'scale_lr': 0.41610240533797327}. Best is trial 492 with value: 0.2888057565664857.
checkpoint_e39 window_influence: 0.29499671929086313, penalty_k: 0.29451963481997789, scale_lr: 0.45011837637376811, EAO: 0.273
Trial 721 finished with value: 0.27296344711770854 and parameters: {'window_influence': 0.29499671929086313, 'penalty_k': 0.2945196348199779, 'scale_lr': 0.4501183763737681}. Best is trial 492 with value: 0.2888057565664857.
checkpoint_e39 window_influence: 0.31692261393976556, penalty_k: 0.27849307791697303, scale_lr: 0.43383551031360218, EAO: 0.273
Trial 722 finished with value: 0.2725337459062173 and parameters: {'window_influence': 0.31692261393976556, 'penalty_k': 0.27849307791697303, 'scale_lr': 0.4338355103136022}. Best is trial 492 with value: 0.2888057565664857.
checkpoint_e39 window_influence: 0.30375074241298045, penalty_k: 0.26580578765141533, scale_lr: 0.46037715240020466, EAO: 0.266
Trial 723 finished with value: 0.2663781697430262 and parameters: {'window_influence': 0.30375074241298045, 'penalty_k': 0.2658057876514153, 'scale_lr': 0.46037715240020466}. Best is trial 492 with value: 0.2888057565664857.
checkpoint_e39 window_influence: 0.28811081676076356, penalty_k: 0.30575320400526063, scale_lr: 0.43214899088495790, EAO: 0.273
Trial 724 finished with value: 0.27321262445633976 and parameters: {'window_influence': 0.28811081676076356, 'penalty_k': 0.3057532040052606, 'scale_lr': 0.4321489908849579}. Best is trial 492 with value: 0.2888057565664857.
checkpoint_e39 window_influence: 0.30906207950180081, penalty_k: 0.28487215178476227, scale_lr: 0.18694703686967432, EAO: 0.266
Trial 725 finished with value: 0.26619314850588155 and parameters: {'window_influence': 0.3090620795018008, 'penalty_k': 0.2848721517847623, 'scale_lr': 0.18694703686967432}. Best is trial 492 with value: 0.2888057565664857.
checkpoint_e39 window_influence: 0.27893105177124888, penalty_k: 0.28597004609061100, scale_lr: 0.14371488284835007, EAO: 0.263
Trial 726 finished with value: 0.2627235349358582 and parameters: {'window_influence': 0.2789310517712489, 'penalty_k': 0.285970046090611, 'scale_lr': 0.14371488284835007}. Best is trial 492 with value: 0.2888057565664857.
checkpoint_e39 window_influence: 0.32411201844594978, penalty_k: 0.32312108818557744, scale_lr: 0.41499469289997248, EAO: 0.263
Trial 727 finished with value: 0.26345787009572597 and parameters: {'window_influence': 0.3241120184459498, 'penalty_k': 0.32312108818557744, 'scale_lr': 0.4149946928999725}. Best is trial 492 with value: 0.2888057565664857.
checkpoint_e39 window_influence: 0.37736794104244120, penalty_k: 0.26918390215206534, scale_lr: 0.44510273213594259, EAO: 0.269
Trial 728 finished with value: 0.2688209028626845 and parameters: {'window_influence': 0.3773679410424412, 'penalty_k': 0.26918390215206534, 'scale_lr': 0.4451027321359426}. Best is trial 492 with value: 0.2888057565664857.
checkpoint_e39 window_influence: 0.30069598839898504, penalty_k: 0.34330732156874572, scale_lr: 0.40813853017941321, EAO: 0.264
Trial 729 finished with value: 0.26359911614317233 and parameters: {'window_influence': 0.30069598839898504, 'penalty_k': 0.3433073215687457, 'scale_lr': 0.4081385301794132}. Best is trial 492 with value: 0.2888057565664857.
checkpoint_e39 window_influence: 0.31869888190057893, penalty_k: 0.30159252170424883, scale_lr: 0.47134518858880342, EAO: 0.274
Trial 730 finished with value: 0.273541579038147 and parameters: {'window_influence': 0.31869888190057893, 'penalty_k': 0.30159252170424883, 'scale_lr': 0.4713451885888034}. Best is trial 492 with value: 0.2888057565664857.
checkpoint_e39 window_influence: 0.29297049545475934, penalty_k: 0.30811225945391590, scale_lr: 0.43203970398474245, EAO: 0.281
Trial 731 finished with value: 0.2806578328212102 and parameters: {'window_influence': 0.29297049545475934, 'penalty_k': 0.3081122594539159, 'scale_lr': 0.43203970398474245}. Best is trial 492 with value: 0.2888057565664857.
checkpoint_e39 window_influence: 0.29231408926914465, penalty_k: 0.35904662575047586, scale_lr: 0.42596477817133949, EAO: 0.274
Trial 732 finished with value: 0.2738266379489162 and parameters: {'window_influence': 0.29231408926914465, 'penalty_k': 0.35904662575047586, 'scale_lr': 0.4259647781713395}. Best is trial 492 with value: 0.2888057565664857.
checkpoint_e39 window_influence: 0.28166813327013290, penalty_k: 0.30484567223707015, scale_lr: 0.43946867907957521, EAO: 0.273
Trial 733 finished with value: 0.27288180292864156 and parameters: {'window_influence': 0.2816681332701329, 'penalty_k': 0.30484567223707015, 'scale_lr': 0.4394686790795752}. Best is trial 492 with value: 0.2888057565664857.
checkpoint_e39 window_influence: 0.29942590422108983, penalty_k: 0.31752185326559762, scale_lr: 0.39408987260299327, EAO: 0.267
Trial 734 finished with value: 0.26726703345775604 and parameters: {'window_influence': 0.29942590422108983, 'penalty_k': 0.3175218532655976, 'scale_lr': 0.3940898726029933}. Best is trial 492 with value: 0.2888057565664857.
checkpoint_e39 window_influence: 0.31007126752727587, penalty_k: 0.32267670753379452, scale_lr: 0.71915808933201586, EAO: 0.264
Trial 735 finished with value: 0.2635277854354401 and parameters: {'window_influence': 0.3100712675272759, 'penalty_k': 0.3226767075337945, 'scale_lr': 0.7191580893320159}. Best is trial 492 with value: 0.2888057565664857.
checkpoint_e39 window_influence: 0.28754857932717326, penalty_k: 0.36599197451801452, scale_lr: 0.45398758888287821, EAO: 0.272
Trial 736 finished with value: 0.2716716291095183 and parameters: {'window_influence': 0.28754857932717326, 'penalty_k': 0.3659919745180145, 'scale_lr': 0.4539875888828782}. Best is trial 492 with value: 0.2888057565664857.
checkpoint_e39 window_influence: 0.33600378199373776, penalty_k: 0.30588861698125308, scale_lr: 0.42295105036933850, EAO: 0.265
Trial 737 finished with value: 0.26523042573192257 and parameters: {'window_influence': 0.33600378199373776, 'penalty_k': 0.3058886169812531, 'scale_lr': 0.4229510503693385}. Best is trial 492 with value: 0.2888057565664857.
checkpoint_e39 window_influence: 0.36570076510889382, penalty_k: 0.28670976382161972, scale_lr: 0.38383019717844008, EAO: 0.268
Trial 738 finished with value: 0.267593827795207 and parameters: {'window_influence': 0.3657007651088938, 'penalty_k': 0.2867097638216197, 'scale_lr': 0.3838301971784401}. Best is trial 492 with value: 0.2888057565664857.
checkpoint_e39 window_influence: 0.31931322273998142, penalty_k: 0.29489440025213376, scale_lr: 0.40606982532993424, EAO: 0.262
Trial 739 finished with value: 0.2623194147173951 and parameters: {'window_influence': 0.3193132227399814, 'penalty_k': 0.29489440025213376, 'scale_lr': 0.40606982532993424}. Best is trial 492 with value: 0.2888057565664857.
checkpoint_e39 window_influence: 0.62968851791703806, penalty_k: 0.31729656968700010, scale_lr: 0.21084668718009483, EAO: 0.212
Trial 740 finished with value: 0.21189513875216973 and parameters: {'window_influence': 0.6296885179170381, 'penalty_k': 0.3172965696870001, 'scale_lr': 0.21084668718009483}. Best is trial 492 with value: 0.2888057565664857.
checkpoint_e39 window_influence: 0.60830101220740651, penalty_k: 0.26098785421722270, scale_lr: 0.48141472902469917, EAO: 0.223
Trial 741 finished with value: 0.22338916137208784 and parameters: {'window_influence': 0.6083010122074065, 'penalty_k': 0.2609878542172227, 'scale_lr': 0.4814147290246992}. Best is trial 492 with value: 0.2888057565664857.
checkpoint_e39 window_influence: 0.27381545018014986, penalty_k: 0.33452109250372669, scale_lr: 0.43777127563592572, EAO: 0.276
Trial 742 finished with value: 0.2757816842901028 and parameters: {'window_influence': 0.27381545018014986, 'penalty_k': 0.3345210925037267, 'scale_lr': 0.4377712756359257}. Best is trial 492 with value: 0.2888057565664857.
checkpoint_e39 window_influence: 0.14672005278410807, penalty_k: 0.12160723332676918, scale_lr: 0.46408078412225157, EAO: 0.255
Trial 743 finished with value: 0.25548947802404076 and parameters: {'window_influence': 0.14672005278410807, 'penalty_k': 0.12160723332676918, 'scale_lr': 0.46408078412225157}. Best is trial 492 with value: 0.2888057565664857.
checkpoint_e39 window_influence: 0.39927481795907532, penalty_k: 0.28716636300275006, scale_lr: 0.42132236655173150, EAO: 0.260
