Trial 1106 finished with value: 0.2760617583990097 and parameters: {'window_influence': 0.4235373654613724, 'penalty_k': 0.1503214448890781, 'scale_lr': 0.5559778747101654}. Best is trial 977 with value: 0.2897923603896203.
checkpoint_e32 window_influence: 0.37456678889164541, penalty_k: 0.28259725480960429, scale_lr: 0.63285029895630207, EAO: 0.264
Trial 1107 finished with value: 0.2637355368796403 and parameters: {'window_influence': 0.3745667888916454, 'penalty_k': 0.2825972548096043, 'scale_lr': 0.6328502989563021}. Best is trial 977 with value: 0.2897923603896203.
checkpoint_e32 window_influence: 0.40877463463529151, penalty_k: 0.16884148217205824, scale_lr: 0.13386952803335142, EAO: 0.271
Trial 1108 finished with value: 0.2710122982176339 and parameters: {'window_influence': 0.4087746346352915, 'penalty_k': 0.16884148217205824, 'scale_lr': 0.13386952803335142}. Best is trial 977 with value: 0.2897923603896203.
checkpoint_e32 window_influence: 0.39645328906880228, penalty_k: 0.33774416980799826, scale_lr: 0.39820267516799085, EAO: 0.260
Trial 1109 finished with value: 0.25980596298851616 and parameters: {'window_influence': 0.3964532890688023, 'penalty_k': 0.33774416980799826, 'scale_lr': 0.39820267516799085}. Best is trial 977 with value: 0.2897923603896203.
checkpoint_e32 window_influence: 0.45127107154504448, penalty_k: 0.41761896137666699, scale_lr: 0.40902733756636855, EAO: 0.253
Trial 1110 finished with value: 0.253095547358195 and parameters: {'window_influence': 0.4512710715450445, 'penalty_k': 0.417618961376667, 'scale_lr': 0.40902733756636855}. Best is trial 977 with value: 0.2897923603896203.
checkpoint_e32 window_influence: 0.38455265165147196, penalty_k: 0.11328696201920445, scale_lr: 0.68712910628132207, EAO: 0.270
Trial 1111 finished with value: 0.26979916700260426 and parameters: {'window_influence': 0.38455265165147196, 'penalty_k': 0.11328696201920445, 'scale_lr': 0.6871291062813221}. Best is trial 977 with value: 0.2897923603896203.
checkpoint_e32 window_influence: 0.41970197304279427, penalty_k: 0.32456025217184514, scale_lr: 0.26911792850522531, EAO: 0.265
Trial 1112 finished with value: 0.2647212322771065 and parameters: {'window_influence': 0.4197019730427943, 'penalty_k': 0.32456025217184514, 'scale_lr': 0.2691179285052253}. Best is trial 977 with value: 0.2897923603896203.
checkpoint_e32 window_influence: 0.43053669846251863, penalty_k: 0.57080944386082255, scale_lr: 0.12387770544629889, EAO: 0.243
Trial 1113 finished with value: 0.24312291942476258 and parameters: {'window_influence': 0.43053669846251863, 'penalty_k': 0.5708094438608226, 'scale_lr': 0.12387770544629889}. Best is trial 977 with value: 0.2897923603896203.
checkpoint_e32 window_influence: 0.40612026491292436, penalty_k: 0.56599132503367189, scale_lr: 0.15697023946103847, EAO: 0.243
Trial 1114 finished with value: 0.24324158106635257 and parameters: {'window_influence': 0.40612026491292436, 'penalty_k': 0.5659913250336719, 'scale_lr': 0.15697023946103847}. Best is trial 977 with value: 0.2897923603896203.
checkpoint_e32 window_influence: 0.39576371662013199, penalty_k: 0.54249785620144675, scale_lr: 0.52210309409841926, EAO: 0.260
Trial 1115 finished with value: 0.2601376106220532 and parameters: {'window_influence': 0.395763716620132, 'penalty_k': 0.5424978562014467, 'scale_lr': 0.5221030940984193}. Best is trial 977 with value: 0.2897923603896203.
checkpoint_e32 window_influence: 0.43704174898215958, penalty_k: 0.13748077693586774, scale_lr: 0.61165936329850390, EAO: 0.263
Trial 1116 finished with value: 0.26338204995888037 and parameters: {'window_influence': 0.4370417489821596, 'penalty_k': 0.13748077693586774, 'scale_lr': 0.6116593632985039}. Best is trial 977 with value: 0.2897923603896203.
checkpoint_e32 window_influence: 0.41212372953838022, penalty_k: 0.19592334472087081, scale_lr: 0.14332542589517078, EAO: 0.273
Trial 1117 finished with value: 0.27317012113526584 and parameters: {'window_influence': 0.4121237295383802, 'penalty_k': 0.1959233447208708, 'scale_lr': 0.14332542589517078}. Best is trial 977 with value: 0.2897923603896203.
checkpoint_e32 window_influence: 0.38262375215070366, penalty_k: 0.58586482649390237, scale_lr: 0.29349666357666826, EAO: 0.246
Trial 1118 finished with value: 0.24587204658645925 and parameters: {'window_influence': 0.38262375215070366, 'penalty_k': 0.5858648264939024, 'scale_lr': 0.29349666357666826}. Best is trial 977 with value: 0.2897923603896203.
checkpoint_e32 window_influence: 0.37173886043096760, penalty_k: 0.12560663076134768, scale_lr: 0.12549243982420749, EAO: 0.275
Trial 1119 finished with value: 0.274749852292906 and parameters: {'window_influence': 0.3717388604309676, 'penalty_k': 0.12560663076134768, 'scale_lr': 0.1254924398242075}. Best is trial 977 with value: 0.2897923603896203.
checkpoint_e32 window_influence: 0.42071960143327070, penalty_k: 0.15135382254584848, scale_lr: 0.19675786071001974, EAO: 0.268
Trial 1120 finished with value: 0.26820675634998614 and parameters: {'window_influence': 0.4207196014332707, 'penalty_k': 0.15135382254584848, 'scale_lr': 0.19675786071001974}. Best is trial 977 with value: 0.2897923603896203.
checkpoint_e32 window_influence: 0.53634279372587956, penalty_k: 0.14320888455879205, scale_lr: 0.17282120543344803, EAO: 0.255
Trial 1121 finished with value: 0.25470290963000397 and parameters: {'window_influence': 0.5363427937258796, 'penalty_k': 0.14320888455879205, 'scale_lr': 0.17282120543344803}. Best is trial 977 with value: 0.2897923603896203.
checkpoint_e32 window_influence: 0.40403293864806167, penalty_k: 0.17640723988849077, scale_lr: 0.14066840379401332, EAO: 0.275
Trial 1122 finished with value: 0.2746271024026522 and parameters: {'window_influence': 0.40403293864806167, 'penalty_k': 0.17640723988849077, 'scale_lr': 0.14066840379401332}. Best is trial 977 with value: 0.2897923603896203.
checkpoint_e32 window_influence: 0.44436301329977390, penalty_k: 0.58206293988271940, scale_lr: 0.23670973383516403, EAO: 0.245
Trial 1123 finished with value: 0.24493537625161613 and parameters: {'window_influence': 0.4443630132997739, 'penalty_k': 0.5820629398827194, 'scale_lr': 0.23670973383516403}. Best is trial 977 with value: 0.2897923603896203.
checkpoint_e32 window_influence: 0.43048616084411162, penalty_k: 0.55895229335638041, scale_lr: 0.20948147130268624, EAO: 0.246
Trial 1124 finished with value: 0.246484250860001 and parameters: {'window_influence': 0.4304861608441116, 'penalty_k': 0.5589522933563804, 'scale_lr': 0.20948147130268624}. Best is trial 977 with value: 0.2897923603896203.
checkpoint_e32 window_influence: 0.39339334233138001, penalty_k: 0.16194194382584404, scale_lr: 0.47187630758195531, EAO: 0.267
Trial 1125 finished with value: 0.2672763859353414 and parameters: {'window_influence': 0.39339334233138, 'penalty_k': 0.16194194382584404, 'scale_lr': 0.4718763075819553}. Best is trial 977 with value: 0.2897923603896203.
checkpoint_e32 window_influence: 0.41448806967050722, penalty_k: 0.11156326588342272, scale_lr: 0.56521292539848145, EAO: 0.270
Trial 1126 finished with value: 0.2700257020268014 and parameters: {'window_influence': 0.4144880696705072, 'penalty_k': 0.11156326588342272, 'scale_lr': 0.5652129253984814}. Best is trial 977 with value: 0.2897923603896203.
checkpoint_e32 window_influence: 0.37901230071088665, penalty_k: 0.57911672828678951, scale_lr: 0.48706958365744801, EAO: 0.257
Trial 1127 finished with value: 0.2574815925786166 and parameters: {'window_influence': 0.37901230071088665, 'penalty_k': 0.5791167282867895, 'scale_lr': 0.487069583657448}. Best is trial 977 with value: 0.2897923603896203.
checkpoint_e32 window_influence: 0.46107223017391602, penalty_k: 0.12970131656794009, scale_lr: 0.76736038698645059, EAO: 0.259
Trial 1128 finished with value: 0.2587706402428751 and parameters: {'window_influence': 0.461072230173916, 'penalty_k': 0.1297013165679401, 'scale_lr': 0.7673603869864506}. Best is trial 977 with value: 0.2897923603896203.
checkpoint_e32 window_influence: 0.24130879877797570, penalty_k: 0.27387014184020886, scale_lr: 0.49914628837686892, EAO: 0.256
Trial 1129 finished with value: 0.2562844272914941 and parameters: {'window_influence': 0.2413087987779757, 'penalty_k': 0.27387014184020886, 'scale_lr': 0.4991462883768689}. Best is trial 977 with value: 0.2897923603896203.
checkpoint_e32 window_influence: 0.40038452453650553, penalty_k: 0.15506209784415223, scale_lr: 0.36175575729305609, EAO: 0.264
Trial 1130 finished with value: 0.2643002598750882 and parameters: {'window_influence': 0.4003845245365055, 'penalty_k': 0.15506209784415223, 'scale_lr': 0.3617557572930561}. Best is trial 977 with value: 0.2897923603896203.
checkpoint_e32 window_influence: 0.42050277288594629, penalty_k: 0.14070790703731242, scale_lr: 0.12340350179718931, EAO: 0.277
Trial 1131 finished with value: 0.2765137273969689 and parameters: {'window_influence': 0.4205027728859463, 'penalty_k': 0.14070790703731242, 'scale_lr': 0.12340350179718931}. Best is trial 977 with value: 0.2897923603896203.
checkpoint_e32 window_influence: 0.57561794850499792, penalty_k: 0.29076250826221606, scale_lr: 0.15608372095583947, EAO: 0.227
Trial 1132 finished with value: 0.22711729518766324 and parameters: {'window_influence': 0.5756179485049979, 'penalty_k': 0.29076250826221606, 'scale_lr': 0.15608372095583947}. Best is trial 977 with value: 0.2897923603896203.
checkpoint_e32 window_influence: 0.55957054117610638, penalty_k: 0.18593538630944997, scale_lr: 0.14047944490792147, EAO: 0.243
Trial 1133 finished with value: 0.24296524254529456 and parameters: {'window_influence': 0.5595705411761064, 'penalty_k': 0.18593538630944997, 'scale_lr': 0.14047944490792147}. Best is trial 977 with value: 0.2897923603896203.
checkpoint_e32 window_influence: 0.38748426773934846, penalty_k: 0.12335566225718061, scale_lr: 0.30794217123283674, EAO: 0.266
Trial 1134 finished with value: 0.26640364757882873 and parameters: {'window_influence': 0.38748426773934846, 'penalty_k': 0.12335566225718061, 'scale_lr': 0.30794217123283674}. Best is trial 977 with value: 0.2897923603896203.
checkpoint_e32 window_influence: 0.40816320442931142, penalty_k: 0.11492206129457529, scale_lr: 0.63822420572160454, EAO: 0.268
Trial 1135 finished with value: 0.2680308512919317 and parameters: {'window_influence': 0.4081632044293114, 'penalty_k': 0.11492206129457529, 'scale_lr': 0.6382242057216045}. Best is trial 977 with value: 0.2897923603896203.
checkpoint_e32 window_influence: 0.43578240200256313, penalty_k: 0.24069060921912305, scale_lr: 0.64790589126557407, EAO: 0.269
Trial 1136 finished with value: 0.26919523517533045 and parameters: {'window_influence': 0.43578240200256313, 'penalty_k': 0.24069060921912305, 'scale_lr': 0.6479058912655741}. Best is trial 977 with value: 0.2897923603896203.
checkpoint_e32 window_influence: 0.44872840231796846, penalty_k: 0.20327104687602893, scale_lr: 0.12021556806067406, EAO: 0.269
Trial 1137 finished with value: 0.268646406630675 and parameters: {'window_influence': 0.44872840231796846, 'penalty_k': 0.20327104687602893, 'scale_lr': 0.12021556806067406}. Best is trial 977 with value: 0.2897923603896203.
checkpoint_e32 window_influence: 0.36885237659457210, penalty_k: 0.49436931901845488, scale_lr: 0.33232325553197661, EAO: 0.267
Trial 1138 finished with value: 0.267001035494533 and parameters: {'window_influence': 0.3688523765945721, 'penalty_k': 0.4943693190184549, 'scale_lr': 0.3323232555319766}. Best is trial 977 with value: 0.2897923603896203.
checkpoint_e32 window_influence: 0.39429605615890800, penalty_k: 0.16660347238114215, scale_lr: 0.53621394191676242, EAO: 0.265
Trial 1139 finished with value: 0.2650381097100615 and parameters: {'window_influence': 0.394296056158908, 'penalty_k': 0.16660347238114215, 'scale_lr': 0.5362139419167624}. Best is trial 977 with value: 0.2897923603896203.
checkpoint_e32 window_influence: 0.42622352554091147, penalty_k: 0.13609135023586388, scale_lr: 0.17123902135414099, EAO: 0.270
Trial 1140 finished with value: 0.2696049794312415 and parameters: {'window_influence': 0.4262235255409115, 'penalty_k': 0.13609135023586388, 'scale_lr': 0.17123902135414099}. Best is trial 977 with value: 0.2897923603896203.
checkpoint_e32 window_influence: 0.41095485446791780, penalty_k: 0.15032200339533289, scale_lr: 0.51259427980495387, EAO: 0.261
Trial 1141 finished with value: 0.2613714666264813 and parameters: {'window_influence': 0.4109548544679178, 'penalty_k': 0.1503220033953329, 'scale_lr': 0.5125942798049539}. Best is trial 977 with value: 0.2897923603896203.
checkpoint_e32 window_influence: 0.09688723478618483, penalty_k: 0.12733431722088873, scale_lr: 0.35904279407729744, EAO: 0.235
Trial 1142 finished with value: 0.23525068745380495 and parameters: {'window_influence': 0.09688723478618483, 'penalty_k': 0.12733431722088873, 'scale_lr': 0.35904279407729744}. Best is trial 977 with value: 0.2897923603896203.
checkpoint_e32 window_influence: 0.40151992774863610, penalty_k: 0.17557005171340728, scale_lr: 0.66981340179250481, EAO: 0.266
Trial 1143 finished with value: 0.2663012111816949 and parameters: {'window_influence': 0.4015199277486361, 'penalty_k': 0.17557005171340728, 'scale_lr': 0.6698134017925048}. Best is trial 977 with value: 0.2897923603896203.
checkpoint_e32 window_influence: 0.41949648286003710, penalty_k: 0.40994894065623361, scale_lr: 0.38242353002172169, EAO: 0.268
Trial 1144 finished with value: 0.26818587740020056 and parameters: {'window_influence': 0.4194964828600371, 'penalty_k': 0.4099489406562336, 'scale_lr': 0.3824235300217217}. Best is trial 977 with value: 0.2897923603896203.
checkpoint_e32 window_influence: 0.14037758900956337, penalty_k: 0.15917276786269799, scale_lr: 0.13106003581027564, EAO: 0.248
Trial 1145 finished with value: 0.24792997127141408 and parameters: {'window_influence': 0.14037758900956337, 'penalty_k': 0.159172767862698, 'scale_lr': 0.13106003581027564}. Best is trial 977 with value: 0.2897923603896203.
checkpoint_e32 window_influence: 0.38302899359999654, penalty_k: 0.11294618703216212, scale_lr: 0.14618000950243731, EAO: 0.266
Trial 1146 finished with value: 0.26638576212694975 and parameters: {'window_influence': 0.38302899359999654, 'penalty_k': 0.11294618703216212, 'scale_lr': 0.1461800095024373}. Best is trial 977 with value: 0.2897923603896203.
checkpoint_e32 window_influence: 0.43556657899323764, penalty_k: 0.14287805554311586, scale_lr: 0.11729888767670332, EAO: 0.272
Trial 1147 finished with value: 0.271610844002022 and parameters: {'window_influence': 0.43556657899323764, 'penalty_k': 0.14287805554311586, 'scale_lr': 0.11729888767670332}. Best is trial 977 with value: 0.2897923603896203.
checkpoint_e32 window_influence: 0.36983609098105469, penalty_k: 0.35658026901200301, scale_lr: 0.29391916619084368, EAO: 0.277
Trial 1148 finished with value: 0.2772418913560185 and parameters: {'window_influence': 0.3698360909810547, 'penalty_k': 0.356580269012003, 'scale_lr': 0.2939191661908437}. Best is trial 977 with value: 0.2897923603896203.
checkpoint_e32 window_influence: 0.51324897974742301, penalty_k: 0.52486460555958514, scale_lr: 0.61780753006584432, EAO: 0.245
Trial 1149 finished with value: 0.24476948059429 and parameters: {'window_influence': 0.513248979747423, 'penalty_k': 0.5248646055595851, 'scale_lr': 0.6178075300658443}. Best is trial 977 with value: 0.2897923603896203.
checkpoint_e32 window_influence: 0.08295612260382412, penalty_k: 0.53997813932144800, scale_lr: 0.16002163300284789, EAO: 0.227
Trial 1150 finished with value: 0.22704558595409238 and parameters: {'window_influence': 0.08295612260382412, 'penalty_k': 0.539978139321448, 'scale_lr': 0.16002163300284789}. Best is trial 977 with value: 0.2897923603896203.
checkpoint_e32 window_influence: 0.39239472351473764, penalty_k: 0.43349480417748187, scale_lr: 0.78196609146918972, EAO: 0.264
Trial 1151 finished with value: 0.2640602373010744 and parameters: {'window_influence': 0.39239472351473764, 'penalty_k': 0.4334948041774819, 'scale_lr': 0.7819660914691897}. Best is trial 977 with value: 0.2897923603896203.
checkpoint_e32 window_influence: 0.41195461860986543, penalty_k: 0.10812524538062343, scale_lr: 0.18732424841944234, EAO: 0.265
Trial 1152 finished with value: 0.26527848718612174 and parameters: {'window_influence': 0.41195461860986543, 'penalty_k': 0.10812524538062343, 'scale_lr': 0.18732424841944234}. Best is trial 977 with value: 0.2897923603896203.
checkpoint_e32 window_influence: 0.45872516141865721, penalty_k: 0.13215459249124056, scale_lr: 0.74195043687845719, EAO: 0.255
Trial 1153 finished with value: 0.25489889479022687 and parameters: {'window_influence': 0.4587251614186572, 'penalty_k': 0.13215459249124056, 'scale_lr': 0.7419504368784572}. Best is trial 977 with value: 0.2897923603896203.
checkpoint_e32 window_influence: 0.42545625727017777, penalty_k: 0.55400113238208082, scale_lr: 0.26142305570308494, EAO: 0.240
Trial 1154 finished with value: 0.23985560807755324 and parameters: {'window_influence': 0.4254562572701778, 'penalty_k': 0.5540011323820808, 'scale_lr': 0.26142305570308494}. Best is trial 977 with value: 0.2897923603896203.
checkpoint_e32 window_influence: 0.59252106880979927, penalty_k: 0.14896135015035192, scale_lr: 0.13348318039414558, EAO: 0.242
Trial 1155 finished with value: 0.24209074506430123 and parameters: {'window_influence': 0.5925210688097993, 'penalty_k': 0.14896135015035192, 'scale_lr': 0.13348318039414558}. Best is trial 977 with value: 0.2897923603896203.
checkpoint_e32 window_influence: 0.40453538000563855, penalty_k: 0.18646575371545204, scale_lr: 0.22919827559254746, EAO: 0.265
Trial 1156 finished with value: 0.2647441830940363 and parameters: {'window_influence': 0.40453538000563855, 'penalty_k': 0.18646575371545204, 'scale_lr': 0.22919827559254746}. Best is trial 977 with value: 0.2897923603896203.
checkpoint_e32 window_influence: 0.61681356699221968, penalty_k: 0.21679898501894251, scale_lr: 0.11569286780598287, EAO: 0.228
Trial 1157 finished with value: 0.22804424784532407 and parameters: {'window_influence': 0.6168135669922197, 'penalty_k': 0.2167989850189425, 'scale_lr': 0.11569286780598287}. Best is trial 977 with value: 0.2897923603896203.
checkpoint_e32 window_influence: 0.24871194465419061, penalty_k: 0.16385595810713291, scale_lr: 0.69377542568090900, EAO: 0.254
Trial 1158 finished with value: 0.25411630112950395 and parameters: {'window_influence': 0.2487119446541906, 'penalty_k': 0.1638559581071329, 'scale_lr': 0.693775425680909}. Best is trial 977 with value: 0.2897923603896203.
checkpoint_e32 window_influence: 0.44269516578389811, penalty_k: 0.38121424153407318, scale_lr: 0.14979913472337092, EAO: 0.245
Trial 1159 finished with value: 0.24524441476517578 and parameters: {'window_influence': 0.4426951657838981, 'penalty_k': 0.3812142415340732, 'scale_lr': 0.14979913472337092}. Best is trial 977 with value: 0.2897923603896203.
checkpoint_e32 window_influence: 0.06752376445958708, penalty_k: 0.12257305594877760, scale_lr: 0.58480958265816252, EAO: 0.231
Trial 1160 finished with value: 0.23063842697841366 and parameters: {'window_influence': 0.06752376445958708, 'penalty_k': 0.1225730559487776, 'scale_lr': 0.5848095826581625}. Best is trial 977 with value: 0.2897923603896203.
checkpoint_e32 window_influence: 0.37887003104798878, penalty_k: 0.13737522886647865, scale_lr: 0.60257016534424712, EAO: 0.268
Trial 1161 finished with value: 0.267547750497252 and parameters: {'window_influence': 0.3788700310479888, 'penalty_k': 0.13737522886647865, 'scale_lr': 0.6025701653442471}. Best is trial 977 with value: 0.2897923603896203.
checkpoint_e32 window_influence: 0.39440557984721059, penalty_k: 0.31505171252236641, scale_lr: 0.72100367634214235, EAO: 0.268
Trial 1162 finished with value: 0.2682914380135575 and parameters: {'window_influence': 0.3944055798472106, 'penalty_k': 0.3150517125223664, 'scale_lr': 0.7210036763421424}. Best is trial 977 with value: 0.2897923603896203.
checkpoint_e32 window_influence: 0.41412977028450054, penalty_k: 0.39980316873804289, scale_lr: 0.42250061106648085, EAO: 0.256
Trial 1163 finished with value: 0.25616598692609044 and parameters: {'window_influence': 0.41412977028450054, 'penalty_k': 0.3998031687380429, 'scale_lr': 0.42250061106648085}. Best is trial 977 with value: 0.2897923603896203.
checkpoint_e32 window_influence: 0.42709572494224446, penalty_k: 0.37169255430648473, scale_lr: 0.39094896565686599, EAO: 0.257
Trial 1164 finished with value: 0.2572483172625061 and parameters: {'window_influence': 0.42709572494224446, 'penalty_k': 0.37169255430648473, 'scale_lr': 0.390948965656866}. Best is trial 977 with value: 0.2897923603896203.
checkpoint_e32 window_influence: 0.18362935349236462, penalty_k: 0.22537223076863688, scale_lr: 0.34891766411181341, EAO: 0.253
Trial 1165 finished with value: 0.2526231752178533 and parameters: {'window_influence': 0.18362935349236462, 'penalty_k': 0.22537223076863688, 'scale_lr': 0.3489176641118134}. Best is trial 977 with value: 0.2897923603896203.
checkpoint_e32 window_influence: 0.07007711837222230, penalty_k: 0.42251551989285963, scale_lr: 0.54218504819359370, EAO: 0.233
Trial 1166 finished with value: 0.2326938038676735 and parameters: {'window_influence': 0.0700771183722223, 'penalty_k': 0.4225155198928596, 'scale_lr': 0.5421850481935937}. Best is trial 977 with value: 0.2897923603896203.
checkpoint_e32 window_influence: 0.40287781477799051, penalty_k: 0.17558320758824172, scale_lr: 0.51883380831570791, EAO: 0.266
Trial 1167 finished with value: 0.2662340566758218 and parameters: {'window_influence': 0.4028778147779905, 'penalty_k': 0.17558320758824172, 'scale_lr': 0.5188338083157079}. Best is trial 977 with value: 0.2897923603896203.
checkpoint_e32 window_influence: 0.38487087018600785, penalty_k: 0.15296265902602643, scale_lr: 0.45988722297946205, EAO: 0.268
