Trial 434 finished with value: 0.2594330178164854 and parameters: {'window_influence': 0.40221250426769845, 'penalty_k': 0.5656327583871447, 'scale_lr': 0.6367967850778605}. Best is trial 104 with value: 0.27492820641131904.
checkpoint_e22 window_influence: 0.43117499567874601, penalty_k: 0.22134219279598411, scale_lr: 0.13272738140511486, EAO: 0.265
Trial 435 finished with value: 0.2648100229055901 and parameters: {'window_influence': 0.431174995678746, 'penalty_k': 0.2213421927959841, 'scale_lr': 0.13272738140511486}. Best is trial 104 with value: 0.27492820641131904.
checkpoint_e22 window_influence: 0.38919257181912575, penalty_k: 0.18350926562075809, scale_lr: 0.15890459343754162, EAO: 0.260
Trial 436 finished with value: 0.2599245119627898 and parameters: {'window_influence': 0.38919257181912575, 'penalty_k': 0.1835092656207581, 'scale_lr': 0.15890459343754162}. Best is trial 104 with value: 0.27492820641131904.
checkpoint_e22 window_influence: 0.36448630723503633, penalty_k: 0.54059743922757786, scale_lr: 0.18199918404306212, EAO: 0.243
Trial 437 finished with value: 0.24286869937569144 and parameters: {'window_influence': 0.36448630723503633, 'penalty_k': 0.5405974392275779, 'scale_lr': 0.18199918404306212}. Best is trial 104 with value: 0.27492820641131904.
checkpoint_e22 window_influence: 0.11571975413285868, penalty_k: 0.40037924945199610, scale_lr: 0.58379878222145276, EAO: 0.227
Trial 438 finished with value: 0.22716294017022218 and parameters: {'window_influence': 0.11571975413285868, 'penalty_k': 0.4003792494519961, 'scale_lr': 0.5837987822214528}. Best is trial 104 with value: 0.27492820641131904.
checkpoint_e22 window_influence: 0.34774304965606523, penalty_k: 0.37931851604499589, scale_lr: 0.50563818596148991, EAO: 0.250
Trial 439 finished with value: 0.25048379127572223 and parameters: {'window_influence': 0.34774304965606523, 'penalty_k': 0.3793185160449959, 'scale_lr': 0.5056381859614899}. Best is trial 104 with value: 0.27492820641131904.
checkpoint_e22 window_influence: 0.41294518590020701, penalty_k: 0.50218982304847604, scale_lr: 0.11013708401430146, EAO: 0.243
Trial 440 finished with value: 0.2428357446096777 and parameters: {'window_influence': 0.412945185900207, 'penalty_k': 0.502189823048476, 'scale_lr': 0.11013708401430146}. Best is trial 104 with value: 0.27492820641131904.
checkpoint_e22 window_influence: 0.15239566446300293, penalty_k: 0.24390730523764159, scale_lr: 0.68596073786260825, EAO: 0.239
Trial 441 finished with value: 0.2387198055905055 and parameters: {'window_influence': 0.15239566446300293, 'penalty_k': 0.2439073052376416, 'scale_lr': 0.6859607378626082}. Best is trial 104 with value: 0.27492820641131904.
checkpoint_e22 window_influence: 0.37957181628804759, penalty_k: 0.19406016807881277, scale_lr: 0.53800370898658922, EAO: 0.259
Trial 442 finished with value: 0.25882639941888125 and parameters: {'window_influence': 0.3795718162880476, 'penalty_k': 0.19406016807881277, 'scale_lr': 0.5380037089865892}. Best is trial 104 with value: 0.27492820641131904.
checkpoint_e22 window_influence: 0.39638905842026362, penalty_k: 0.17086691797919287, scale_lr: 0.30753939212318815, EAO: 0.256
Trial 443 finished with value: 0.25575639870835515 and parameters: {'window_influence': 0.3963890584202636, 'penalty_k': 0.17086691797919287, 'scale_lr': 0.30753939212318815}. Best is trial 104 with value: 0.27492820641131904.
checkpoint_e22 window_influence: 0.35502613274188821, penalty_k: 0.20084889610793791, scale_lr: 0.24090603630829846, EAO: 0.257
Trial 444 finished with value: 0.2574580677641117 and parameters: {'window_influence': 0.3550261327418882, 'penalty_k': 0.2008488961079379, 'scale_lr': 0.24090603630829846}. Best is trial 104 with value: 0.27492820641131904.
checkpoint_e22 window_influence: 0.42059098066497286, penalty_k: 0.21241854968659099, scale_lr: 0.44938169141501966, EAO: 0.260
Trial 445 finished with value: 0.2597728776253336 and parameters: {'window_influence': 0.42059098066497286, 'penalty_k': 0.212418549686591, 'scale_lr': 0.44938169141501966}. Best is trial 104 with value: 0.27492820641131904.
checkpoint_e22 window_influence: 0.37358862588417702, penalty_k: 0.48593113740945210, scale_lr: 0.12481689904952543, EAO: 0.252
Trial 446 finished with value: 0.2524552840164037 and parameters: {'window_influence': 0.373588625884177, 'penalty_k': 0.4859311374094521, 'scale_lr': 0.12481689904952543}. Best is trial 104 with value: 0.27492820641131904.
checkpoint_e22 window_influence: 0.23332904403604957, penalty_k: 0.22924941410356434, scale_lr: 0.56566305824136121, EAO: 0.256
Trial 447 finished with value: 0.2558250040785084 and parameters: {'window_influence': 0.23332904403604957, 'penalty_k': 0.22924941410356434, 'scale_lr': 0.5656630582413612}. Best is trial 104 with value: 0.27492820641131904.
checkpoint_e22 window_influence: 0.38857407812849309, penalty_k: 0.18564656963651038, scale_lr: 0.14431975080021514, EAO: 0.255
Trial 448 finished with value: 0.25481557101011276 and parameters: {'window_influence': 0.3885740781284931, 'penalty_k': 0.18564656963651038, 'scale_lr': 0.14431975080021514}. Best is trial 104 with value: 0.27492820641131904.
checkpoint_e22 window_influence: 0.40460428058582432, penalty_k: 0.43722783474746957, scale_lr: 0.16092732634046295, EAO: 0.252
Trial 449 finished with value: 0.2520524638939679 and parameters: {'window_influence': 0.4046042805858243, 'penalty_k': 0.43722783474746957, 'scale_lr': 0.16092732634046295}. Best is trial 104 with value: 0.27492820641131904.
checkpoint_e22 window_influence: 0.08317478778358578, penalty_k: 0.41941183416840089, scale_lr: 0.47422797774341385, EAO: 0.226
Trial 450 finished with value: 0.2255943400588462 and parameters: {'window_influence': 0.08317478778358578, 'penalty_k': 0.4194118341684009, 'scale_lr': 0.47422797774341385}. Best is trial 104 with value: 0.27492820641131904.
checkpoint_e22 window_influence: 0.28107221943042504, penalty_k: 0.46924538491485546, scale_lr: 0.21045439413037181, EAO: 0.255
Trial 451 finished with value: 0.2553054392337799 and parameters: {'window_influence': 0.28107221943042504, 'penalty_k': 0.46924538491485546, 'scale_lr': 0.2104543941303718}. Best is trial 104 with value: 0.27492820641131904.
checkpoint_e22 window_influence: 0.26279872114053648, penalty_k: 0.20987572033007781, scale_lr: 0.13439627740910851, EAO: 0.249
Trial 452 finished with value: 0.24926673693627846 and parameters: {'window_influence': 0.2627987211405365, 'penalty_k': 0.20987572033007781, 'scale_lr': 0.1343962774091085}. Best is trial 104 with value: 0.27492820641131904.
checkpoint_e22 window_influence: 0.46070832107659460, penalty_k: 0.25499907303579700, scale_lr: 0.41001505319824300, EAO: 0.252
Trial 453 finished with value: 0.25223187599482577 and parameters: {'window_influence': 0.4607083210765946, 'penalty_k': 0.254999073035797, 'scale_lr': 0.410015053198243}. Best is trial 104 with value: 0.27492820641131904.
checkpoint_e22 window_influence: 0.36148377109560953, penalty_k: 0.34638475786655759, scale_lr: 0.35205090184639642, EAO: 0.253
Trial 454 finished with value: 0.253020089028812 and parameters: {'window_influence': 0.36148377109560953, 'penalty_k': 0.3463847578665576, 'scale_lr': 0.3520509018463964}. Best is trial 104 with value: 0.27492820641131904.
checkpoint_e22 window_influence: 0.33900353935970928, penalty_k: 0.16509069781353033, scale_lr: 0.60880870381991348, EAO: 0.246
Trial 455 finished with value: 0.24645561337228714 and parameters: {'window_influence': 0.3390035393597093, 'penalty_k': 0.16509069781353033, 'scale_lr': 0.6088087038199135}. Best is trial 104 with value: 0.27492820641131904.
checkpoint_e22 window_influence: 0.38649940587630194, penalty_k: 0.14406264172107508, scale_lr: 0.65168503323175497, EAO: 0.259
Trial 456 finished with value: 0.25915715661717625 and parameters: {'window_influence': 0.38649940587630194, 'penalty_k': 0.14406264172107508, 'scale_lr': 0.651685033231755}. Best is trial 104 with value: 0.27492820641131904.
checkpoint_e22 window_influence: 0.43986759710290602, penalty_k: 0.21938414078900753, scale_lr: 0.15188284679232125, EAO: 0.257
Trial 457 finished with value: 0.25684347900190974 and parameters: {'window_influence': 0.439867597102906, 'penalty_k': 0.21938414078900753, 'scale_lr': 0.15188284679232125}. Best is trial 104 with value: 0.27492820641131904.
checkpoint_e22 window_influence: 0.37480456383530758, penalty_k: 0.19322309848910543, scale_lr: 0.10703536887164601, EAO: 0.260
Trial 458 finished with value: 0.25999957698632065 and parameters: {'window_influence': 0.3748045638353076, 'penalty_k': 0.19322309848910543, 'scale_lr': 0.10703536887164601}. Best is trial 104 with value: 0.27492820641131904.
checkpoint_e22 window_influence: 0.41034856449594836, penalty_k: 0.27952579428969332, scale_lr: 0.12445603665308214, EAO: 0.258
Trial 459 finished with value: 0.2582316502201848 and parameters: {'window_influence': 0.41034856449594836, 'penalty_k': 0.2795257942896933, 'scale_lr': 0.12445603665308214}. Best is trial 104 with value: 0.27492820641131904.
checkpoint_e22 window_influence: 0.35288462781141616, penalty_k: 0.36962291262523611, scale_lr: 0.49791730677645557, EAO: 0.244
Trial 460 finished with value: 0.2441472957531611 and parameters: {'window_influence': 0.35288462781141616, 'penalty_k': 0.3696229126252361, 'scale_lr': 0.49791730677645557}. Best is trial 104 with value: 0.27492820641131904.
checkpoint_e22 window_influence: 0.39803949374020597, penalty_k: 0.24117241846457732, scale_lr: 0.37453064992460072, EAO: 0.252
Trial 461 finished with value: 0.2522568658478861 and parameters: {'window_influence': 0.398039493740206, 'penalty_k': 0.24117241846457732, 'scale_lr': 0.3745306499246007}. Best is trial 104 with value: 0.27492820641131904.
checkpoint_e22 window_influence: 0.63925466125290020, penalty_k: 0.17942916118300550, scale_lr: 0.34000080284796863, EAO: 0.202
Trial 462 finished with value: 0.20210162156481085 and parameters: {'window_influence': 0.6392546612529002, 'penalty_k': 0.1794291611830055, 'scale_lr': 0.34000080284796863}. Best is trial 104 with value: 0.27492820641131904.
checkpoint_e22 window_influence: 0.36795778065109702, penalty_k: 0.20459513078746891, scale_lr: 0.17776002538383381, EAO: 0.250
Trial 463 finished with value: 0.2495078131919954 and parameters: {'window_influence': 0.367957780651097, 'penalty_k': 0.2045951307874689, 'scale_lr': 0.17776002538383381}. Best is trial 104 with value: 0.27492820641131904.
checkpoint_e22 window_influence: 0.38548154747680435, penalty_k: 0.22982102130316148, scale_lr: 0.14133681857572769, EAO: 0.273
Trial 464 finished with value: 0.27339235668986794 and parameters: {'window_influence': 0.38548154747680435, 'penalty_k': 0.22982102130316148, 'scale_lr': 0.1413368185757277}. Best is trial 104 with value: 0.27492820641131904.
checkpoint_e22 window_influence: 0.42224085790090471, penalty_k: 0.22855320096013115, scale_lr: 0.22328323791320928, EAO: 0.260
Trial 465 finished with value: 0.2595645901633472 and parameters: {'window_influence': 0.4222408579009047, 'penalty_k': 0.22855320096013115, 'scale_lr': 0.22328323791320928}. Best is trial 104 with value: 0.27492820641131904.
checkpoint_e22 window_influence: 0.57163983257912854, penalty_k: 0.23516401257636646, scale_lr: 0.13904209479510823, EAO: 0.229
Trial 466 finished with value: 0.22909240055132687 and parameters: {'window_influence': 0.5716398325791285, 'penalty_k': 0.23516401257636646, 'scale_lr': 0.13904209479510823}. Best is trial 104 with value: 0.27492820641131904.
checkpoint_e22 window_influence: 0.39029229946952398, penalty_k: 0.31569248359503504, scale_lr: 0.54267531424772986, EAO: 0.245
Trial 467 finished with value: 0.24532471506333933 and parameters: {'window_influence': 0.390292299469524, 'penalty_k': 0.31569248359503504, 'scale_lr': 0.5426753142477299}. Best is trial 104 with value: 0.27492820641131904.
checkpoint_e22 window_influence: 0.40233398901819328, penalty_k: 0.26547195529744227, scale_lr: 0.44360532618042692, EAO: 0.252
Trial 468 finished with value: 0.25218262874740893 and parameters: {'window_influence': 0.4023339890181933, 'penalty_k': 0.2654719552974423, 'scale_lr': 0.4436053261804269}. Best is trial 104 with value: 0.27492820641131904.
checkpoint_e22 window_influence: 0.51615746901253790, penalty_k: 0.22016873712525828, scale_lr: 0.16436957097162294, EAO: 0.241
Trial 469 finished with value: 0.24106288949648538 and parameters: {'window_influence': 0.5161574690125379, 'penalty_k': 0.22016873712525828, 'scale_lr': 0.16436957097162294}. Best is trial 104 with value: 0.27492820641131904.
checkpoint_e22 window_influence: 0.37975509233950189, penalty_k: 0.21244832539746797, scale_lr: 0.36547276766367531, EAO: 0.241
Trial 470 finished with value: 0.2405352833552089 and parameters: {'window_influence': 0.3797550923395019, 'penalty_k': 0.21244832539746797, 'scale_lr': 0.3654727676636753}. Best is trial 104 with value: 0.27492820641131904.
checkpoint_e22 window_influence: 0.41527804419023795, penalty_k: 0.24902575498040863, scale_lr: 0.10072577997918013, EAO: 0.267
Trial 471 finished with value: 0.2672698270014631 and parameters: {'window_influence': 0.41527804419023795, 'penalty_k': 0.24902575498040863, 'scale_lr': 0.10072577997918013}. Best is trial 104 with value: 0.27492820641131904.
checkpoint_e22 window_influence: 0.20095360948590438, penalty_k: 0.24943340492822474, scale_lr: 0.10895133241685684, EAO: 0.241
Trial 472 finished with value: 0.2409883749073114 and parameters: {'window_influence': 0.20095360948590438, 'penalty_k': 0.24943340492822474, 'scale_lr': 0.10895133241685684}. Best is trial 104 with value: 0.27492820641131904.
checkpoint_e22 window_influence: 0.41136476809099654, penalty_k: 0.24485356044820833, scale_lr: 0.10202795530565603, EAO: 0.261
Trial 473 finished with value: 0.2614089150012024 and parameters: {'window_influence': 0.41136476809099654, 'penalty_k': 0.24485356044820833, 'scale_lr': 0.10202795530565603}. Best is trial 104 with value: 0.27492820641131904.
checkpoint_e22 window_influence: 0.39643208568180499, penalty_k: 0.49600427130073382, scale_lr: 0.10023857874889883, EAO: 0.242
Trial 474 finished with value: 0.2416529427698957 and parameters: {'window_influence': 0.396432085681805, 'penalty_k': 0.4960042713007338, 'scale_lr': 0.10023857874889883}. Best is trial 104 with value: 0.27492820641131904.
checkpoint_e22 window_influence: 0.13754913482129397, penalty_k: 0.23106554771991034, scale_lr: 0.12501120968874180, EAO: 0.226
Trial 475 finished with value: 0.22554310538419864 and parameters: {'window_influence': 0.13754913482129397, 'penalty_k': 0.23106554771991034, 'scale_lr': 0.1250112096887418}. Best is trial 104 with value: 0.27492820641131904.
checkpoint_e22 window_influence: 0.30194063764412743, penalty_k: 0.25567412671577205, scale_lr: 0.11654387284522044, EAO: 0.250
Trial 476 finished with value: 0.24972291036349972 and parameters: {'window_influence': 0.30194063764412743, 'penalty_k': 0.25567412671577205, 'scale_lr': 0.11654387284522044}. Best is trial 104 with value: 0.27492820641131904.
checkpoint_e22 window_influence: 0.38371740768797641, penalty_k: 0.20031496861611800, scale_lr: 0.58302452940994776, EAO: 0.249
Trial 477 finished with value: 0.24886689438083306 and parameters: {'window_influence': 0.3837174076879764, 'penalty_k': 0.200314968616118, 'scale_lr': 0.5830245294099478}. Best is trial 104 with value: 0.27492820641131904.
checkpoint_e22 window_influence: 0.39055891163052481, penalty_k: 0.22450480364092246, scale_lr: 0.56086984276143970, EAO: 0.256
Trial 478 finished with value: 0.256407920362019 and parameters: {'window_influence': 0.3905589116305248, 'penalty_k': 0.22450480364092246, 'scale_lr': 0.5608698427614397}. Best is trial 104 with value: 0.27492820641131904.
checkpoint_e22 window_influence: 0.37181566088805457, penalty_k: 0.20888864554494449, scale_lr: 0.51536680285396741, EAO: 0.242
Trial 479 finished with value: 0.2421611224005862 and parameters: {'window_influence': 0.37181566088805457, 'penalty_k': 0.2088886455449445, 'scale_lr': 0.5153668028539674}. Best is trial 104 with value: 0.27492820641131904.
checkpoint_e22 window_influence: 0.40689048743603085, penalty_k: 0.44828805074732497, scale_lr: 0.77845788649780345, EAO: 0.238
Trial 480 finished with value: 0.23834208199163762 and parameters: {'window_influence': 0.40689048743603085, 'penalty_k': 0.448288050747325, 'scale_lr': 0.7784578864978035}. Best is trial 104 with value: 0.27492820641131904.
checkpoint_e22 window_influence: 0.29308130389365550, penalty_k: 0.23963133477731219, scale_lr: 0.39523654722438195, EAO: 0.259
Trial 481 finished with value: 0.2587552506749223 and parameters: {'window_influence': 0.2930813038936555, 'penalty_k': 0.2396313347773122, 'scale_lr': 0.39523654722438195}. Best is trial 104 with value: 0.27492820641131904.
checkpoint_e22 window_influence: 0.37793585270215974, penalty_k: 0.40731043555660157, scale_lr: 0.45875440752642516, EAO: 0.252
Trial 482 finished with value: 0.25189663342586377 and parameters: {'window_influence': 0.37793585270215974, 'penalty_k': 0.40731043555660157, 'scale_lr': 0.45875440752642516}. Best is trial 104 with value: 0.27492820641131904.
checkpoint_e22 window_influence: 0.31921161998133168, penalty_k: 0.19346170297845802, scale_lr: 0.29099506308504408, EAO: 0.245
Trial 483 finished with value: 0.24538492471948872 and parameters: {'window_influence': 0.3192116199813317, 'penalty_k': 0.19346170297845802, 'scale_lr': 0.2909950630850441}. Best is trial 104 with value: 0.27492820641131904.
checkpoint_e22 window_influence: 0.41676146418782595, penalty_k: 0.22300402751865320, scale_lr: 0.66947944263437220, EAO: 0.260
Trial 484 finished with value: 0.25996200588902807 and parameters: {'window_influence': 0.41676146418782595, 'penalty_k': 0.2230040275186532, 'scale_lr': 0.6694794426343722}. Best is trial 104 with value: 0.27492820641131904.
checkpoint_e22 window_influence: 0.36389296942479565, penalty_k: 0.30127366738315953, scale_lr: 0.48665240348851541, EAO: 0.253
Trial 485 finished with value: 0.25255383187677805 and parameters: {'window_influence': 0.36389296942479565, 'penalty_k': 0.3012736673831595, 'scale_lr': 0.4866524034885154}. Best is trial 104 with value: 0.27492820641131904.
checkpoint_e22 window_influence: 0.39427137786237748, penalty_k: 0.43412308672977790, scale_lr: 0.13473901217852632, EAO: 0.250
Trial 486 finished with value: 0.2499524132628751 and parameters: {'window_influence': 0.3942713778623775, 'penalty_k': 0.4341230867297779, 'scale_lr': 0.13473901217852632}. Best is trial 104 with value: 0.27492820641131904.
checkpoint_e22 window_influence: 0.38433405646563296, penalty_k: 0.20344439876975937, scale_lr: 0.52865769541757013, EAO: 0.247
Trial 487 finished with value: 0.24670448850810042 and parameters: {'window_influence': 0.38433405646563296, 'penalty_k': 0.20344439876975937, 'scale_lr': 0.5286576954175701}. Best is trial 104 with value: 0.27492820641131904.
checkpoint_e22 window_influence: 0.43495667724171833, penalty_k: 0.26689271987932167, scale_lr: 0.12180360967347627, EAO: 0.258
Trial 488 finished with value: 0.25782318431429746 and parameters: {'window_influence': 0.4349566772417183, 'penalty_k': 0.26689271987932167, 'scale_lr': 0.12180360967347627}. Best is trial 104 with value: 0.27492820641131904.
checkpoint_e22 window_influence: 0.40268442803025395, penalty_k: 0.55309406436204711, scale_lr: 0.62825725312487934, EAO: 0.256
Trial 489 finished with value: 0.25550986668927883 and parameters: {'window_influence': 0.40268442803025395, 'penalty_k': 0.5530940643620471, 'scale_lr': 0.6282572531248793}. Best is trial 104 with value: 0.27492820641131904.
checkpoint_e22 window_influence: 0.21292831634468218, penalty_k: 0.18341601949847744, scale_lr: 0.18801446836834945, EAO: 0.243
Trial 490 finished with value: 0.24281599596748507 and parameters: {'window_influence': 0.21292831634468218, 'penalty_k': 0.18341601949847744, 'scale_lr': 0.18801446836834945}. Best is trial 104 with value: 0.27492820641131904.
checkpoint_e22 window_influence: 0.36767362086484434, penalty_k: 0.21439449487009210, scale_lr: 0.14670374837586125, EAO: 0.251
Trial 491 finished with value: 0.25114410891523203 and parameters: {'window_influence': 0.36767362086484434, 'penalty_k': 0.2143944948700921, 'scale_lr': 0.14670374837586125}. Best is trial 104 with value: 0.27492820641131904.
checkpoint_e22 window_influence: 0.35588984941734453, penalty_k: 0.23578855511013339, scale_lr: 0.54748157425703892, EAO: 0.255
Trial 492 finished with value: 0.2547475720445315 and parameters: {'window_influence': 0.35588984941734453, 'penalty_k': 0.23578855511013339, 'scale_lr': 0.5474815742570389}. Best is trial 104 with value: 0.27492820641131904.
checkpoint_e22 window_influence: 0.38039198308736610, penalty_k: 0.45931516953503565, scale_lr: 0.43499533207019514, EAO: 0.258
Trial 493 finished with value: 0.25782283322840205 and parameters: {'window_influence': 0.3803919830873661, 'penalty_k': 0.45931516953503565, 'scale_lr': 0.43499533207019514}. Best is trial 104 with value: 0.27492820641131904.
checkpoint_e22 window_influence: 0.34571447201125871, penalty_k: 0.50708334832388990, scale_lr: 0.56994763419162509, EAO: 0.257
Trial 494 finished with value: 0.2567330503124532 and parameters: {'window_influence': 0.3457144720112587, 'penalty_k': 0.5070833483238899, 'scale_lr': 0.5699476341916251}. Best is trial 104 with value: 0.27492820641131904.
checkpoint_e22 window_influence: 0.39509929919083425, penalty_k: 0.52998701084604649, scale_lr: 0.25161609583485578, EAO: 0.243
Trial 495 finished with value: 0.2434694533789061 and parameters: {'window_influence': 0.39509929919083425, 'penalty_k': 0.5299870108460465, 'scale_lr': 0.2516160958348558}. Best is trial 104 with value: 0.27492820641131904.
checkpoint_e22 window_influence: 0.41139509373613348, penalty_k: 0.42222252211648359, scale_lr: 0.33689984085634073, EAO: 0.247
