Trial 929 finished with value: 0.26397344161097597 and parameters: {'window_influence': 0.37194948436756736, 'penalty_k': 0.10999167563623247, 'scale_lr': 0.6502403965884401}. Best is trial 489 with value: 0.28065862270390113.
checkpoint_e32 window_influence: 0.27409969993023914, penalty_k: 0.22721176161157836, scale_lr: 0.48284092787017413, EAO: 0.260
Trial 930 finished with value: 0.2600944947784509 and parameters: {'window_influence': 0.27409969993023914, 'penalty_k': 0.22721176161157836, 'scale_lr': 0.48284092787017413}. Best is trial 489 with value: 0.28065862270390113.
checkpoint_e32 window_influence: 0.46833889666801315, penalty_k: 0.42442559651267259, scale_lr: 0.17138378195088042, EAO: 0.242
Trial 931 finished with value: 0.241999957195627 and parameters: {'window_influence': 0.46833889666801315, 'penalty_k': 0.4244255965126726, 'scale_lr': 0.17138378195088042}. Best is trial 489 with value: 0.28065862270390113.
checkpoint_e32 window_influence: 0.31565414488035182, penalty_k: 0.31319642629136701, scale_lr: 0.33129207570278141, EAO: 0.272
Trial 932 finished with value: 0.2721403026726188 and parameters: {'window_influence': 0.3156541448803518, 'penalty_k': 0.313196426291367, 'scale_lr': 0.3312920757027814}. Best is trial 489 with value: 0.28065862270390113.
checkpoint_e32 window_influence: 0.29121597053713438, penalty_k: 0.33526263125133565, scale_lr: 0.31749187950635749, EAO: 0.255
Trial 933 finished with value: 0.25516433008318024 and parameters: {'window_influence': 0.2912159705371344, 'penalty_k': 0.33526263125133565, 'scale_lr': 0.3174918795063575}. Best is trial 489 with value: 0.28065862270390113.
checkpoint_e32 window_influence: 0.31369724967896723, penalty_k: 0.32543428894719939, scale_lr: 0.30428466166943902, EAO: 0.258
Trial 934 finished with value: 0.2575022406815513 and parameters: {'window_influence': 0.3136972496789672, 'penalty_k': 0.3254342889471994, 'scale_lr': 0.304284661669439}. Best is trial 489 with value: 0.28065862270390113.
checkpoint_e32 window_influence: 0.30419889539197004, penalty_k: 0.31056980284062941, scale_lr: 0.23632690639707676, EAO: 0.265
Trial 935 finished with value: 0.2645783226906769 and parameters: {'window_influence': 0.30419889539197004, 'penalty_k': 0.3105698028406294, 'scale_lr': 0.23632690639707676}. Best is trial 489 with value: 0.28065862270390113.
checkpoint_e32 window_influence: 0.17601874770205561, penalty_k: 0.03847859247783634, scale_lr: 0.27808345537200996, EAO: 0.246
Trial 936 finished with value: 0.24585530803940162 and parameters: {'window_influence': 0.1760187477020556, 'penalty_k': 0.03847859247783634, 'scale_lr': 0.27808345537200996}. Best is trial 489 with value: 0.28065862270390113.
checkpoint_e32 window_influence: 0.52348212442869468, penalty_k: 0.33767724276119515, scale_lr: 0.24797440243197569, EAO: 0.231
Trial 937 finished with value: 0.23069010166133322 and parameters: {'window_influence': 0.5234821244286947, 'penalty_k': 0.33767724276119515, 'scale_lr': 0.2479744024319757}. Best is trial 489 with value: 0.28065862270390113.
checkpoint_e32 window_influence: 0.16868066206734017, penalty_k: 0.50959456382203228, scale_lr: 0.22434382636933686, EAO: 0.226
Trial 938 finished with value: 0.22576804580242654 and parameters: {'window_influence': 0.16868066206734017, 'penalty_k': 0.5095945638220323, 'scale_lr': 0.22434382636933686}. Best is trial 489 with value: 0.28065862270390113.
checkpoint_e32 window_influence: 0.28285333917211963, penalty_k: 0.35542092383156748, scale_lr: 0.26641381833197114, EAO: 0.255
Trial 939 finished with value: 0.2546906305280158 and parameters: {'window_influence': 0.28285333917211963, 'penalty_k': 0.3554209238315675, 'scale_lr': 0.26641381833197114}. Best is trial 489 with value: 0.28065862270390113.
checkpoint_e32 window_influence: 0.39138834789577487, penalty_k: 0.46521901789367814, scale_lr: 0.20589795344617542, EAO: 0.248
Trial 940 finished with value: 0.24844845681171107 and parameters: {'window_influence': 0.39138834789577487, 'penalty_k': 0.46521901789367814, 'scale_lr': 0.20589795344617542}. Best is trial 489 with value: 0.28065862270390113.
checkpoint_e32 window_influence: 0.29646424123160553, penalty_k: 0.12926223898056427, scale_lr: 0.74970417662060562, EAO: 0.254
Trial 941 finished with value: 0.2542668304186526 and parameters: {'window_influence': 0.29646424123160553, 'penalty_k': 0.12926223898056427, 'scale_lr': 0.7497041766206056}. Best is trial 489 with value: 0.28065862270390113.
checkpoint_e32 window_influence: 0.27013854672554699, penalty_k: 0.31942112692654923, scale_lr: 0.34149029410885223, EAO: 0.256
Trial 942 finished with value: 0.2563246742981236 and parameters: {'window_influence': 0.270138546725547, 'penalty_k': 0.3194211269265492, 'scale_lr': 0.34149029410885223}. Best is trial 489 with value: 0.28065862270390113.
checkpoint_e32 window_influence: 0.12338560124588127, penalty_k: 0.19178146285276887, scale_lr: 0.25824055281512831, EAO: 0.235
Trial 943 finished with value: 0.23459967940561172 and parameters: {'window_influence': 0.12338560124588127, 'penalty_k': 0.19178146285276887, 'scale_lr': 0.2582405528151283}. Best is trial 489 with value: 0.28065862270390113.
checkpoint_e32 window_influence: 0.19947260243450698, penalty_k: 0.20189987550224681, scale_lr: 0.29116827745492158, EAO: 0.238
Trial 944 finished with value: 0.23845264018793416 and parameters: {'window_influence': 0.19947260243450698, 'penalty_k': 0.2018998755022468, 'scale_lr': 0.2911682774549216}. Best is trial 489 with value: 0.28065862270390113.
checkpoint_e32 window_influence: 0.19127245207756080, penalty_k: 0.07338988742743245, scale_lr: 0.78094672184058622, EAO: 0.251
Trial 945 finished with value: 0.2505406421132204 and parameters: {'window_influence': 0.1912724520775608, 'penalty_k': 0.07338988742743245, 'scale_lr': 0.7809467218405862}. Best is trial 489 with value: 0.28065862270390113.
checkpoint_e32 window_influence: 0.31923809763587302, penalty_k: 0.30869902336318517, scale_lr: 0.77354877394586685, EAO: 0.254
Trial 946 finished with value: 0.25368861878305915 and parameters: {'window_influence': 0.319238097635873, 'penalty_k': 0.30869902336318517, 'scale_lr': 0.7735487739458669}. Best is trial 489 with value: 0.28065862270390113.
checkpoint_e32 window_influence: 0.38193818998581996, penalty_k: 0.44892682387126925, scale_lr: 0.33205956829913758, EAO: 0.261
Trial 947 finished with value: 0.2608851740151886 and parameters: {'window_influence': 0.38193818998581996, 'penalty_k': 0.44892682387126925, 'scale_lr': 0.3320595682991376}. Best is trial 489 with value: 0.28065862270390113.
checkpoint_e32 window_influence: 0.43025470220606832, penalty_k: 0.15987395084842254, scale_lr: 0.36446729068972927, EAO: 0.252
Trial 948 finished with value: 0.25220767348035567 and parameters: {'window_influence': 0.4302547022060683, 'penalty_k': 0.15987395084842254, 'scale_lr': 0.3644672906897293}. Best is trial 489 with value: 0.28065862270390113.
checkpoint_e32 window_influence: 0.55383345155724972, penalty_k: 0.51811301790540298, scale_lr: 0.42202488860000886, EAO: 0.223
Trial 949 finished with value: 0.22255160108329805 and parameters: {'window_influence': 0.5538334515572497, 'penalty_k': 0.518113017905403, 'scale_lr': 0.42202488860000886}. Best is trial 489 with value: 0.28065862270390113.
checkpoint_e32 window_influence: 0.30995598036342736, penalty_k: 0.34372925062479814, scale_lr: 0.38572478998920501, EAO: 0.261
Trial 950 finished with value: 0.26100514447543677 and parameters: {'window_influence': 0.30995598036342736, 'penalty_k': 0.34372925062479814, 'scale_lr': 0.385724789989205}. Best is trial 489 with value: 0.28065862270390113.
checkpoint_e32 window_influence: 0.60518597386412365, penalty_k: 0.32493023357114931, scale_lr: 0.19310386567419058, EAO: 0.219
Trial 951 finished with value: 0.21898539188673827 and parameters: {'window_influence': 0.6051859738641236, 'penalty_k': 0.3249302335711493, 'scale_lr': 0.19310386567419058}. Best is trial 489 with value: 0.28065862270390113.
checkpoint_e32 window_influence: 0.59661787580470604, penalty_k: 0.43529254323617006, scale_lr: 0.79944474018409140, EAO: 0.208
Trial 952 finished with value: 0.20806280238841607 and parameters: {'window_influence': 0.596617875804706, 'penalty_k': 0.43529254323617006, 'scale_lr': 0.7994447401840914}. Best is trial 489 with value: 0.28065862270390113.
checkpoint_e32 window_influence: 0.36711845571143265, penalty_k: 0.53509197358342975, scale_lr: 0.57122372942181865, EAO: 0.253
Trial 953 finished with value: 0.25285929520198 and parameters: {'window_influence': 0.36711845571143265, 'penalty_k': 0.5350919735834297, 'scale_lr': 0.5712237294218186}. Best is trial 489 with value: 0.28065862270390113.
checkpoint_e32 window_influence: 0.29126238724493936, penalty_k: 0.21184006357361174, scale_lr: 0.18341057113126855, EAO: 0.271
Trial 954 finished with value: 0.2714167863009422 and parameters: {'window_influence': 0.29126238724493936, 'penalty_k': 0.21184006357361174, 'scale_lr': 0.18341057113126855}. Best is trial 489 with value: 0.28065862270390113.
checkpoint_e32 window_influence: 0.32947595681818481, penalty_k: 0.01325657551759895, scale_lr: 0.26419170414361121, EAO: 0.263
Trial 955 finished with value: 0.26336750103448464 and parameters: {'window_influence': 0.3294759568181848, 'penalty_k': 0.013256575517598946, 'scale_lr': 0.2641917041436112}. Best is trial 489 with value: 0.28065862270390113.
checkpoint_e32 window_influence: 0.49438000245101854, penalty_k: 0.29811910079021620, scale_lr: 0.75673261499962574, EAO: 0.255
Trial 956 finished with value: 0.2549421925976024 and parameters: {'window_influence': 0.49438000245101854, 'penalty_k': 0.2981191007902162, 'scale_lr': 0.7567326149996257}. Best is trial 489 with value: 0.28065862270390113.
checkpoint_e32 window_influence: 0.45329924168650143, penalty_k: 0.05239130779852397, scale_lr: 0.34930738042502463, EAO: 0.265
Trial 957 finished with value: 0.26545963563570163 and parameters: {'window_influence': 0.45329924168650143, 'penalty_k': 0.05239130779852397, 'scale_lr': 0.3493073804250246}. Best is trial 489 with value: 0.28065862270390113.
checkpoint_e32 window_influence: 0.22231999952579681, penalty_k: 0.14838623971107520, scale_lr: 0.29633655380314117, EAO: 0.256
Trial 958 finished with value: 0.2559163847832176 and parameters: {'window_influence': 0.2223199995257968, 'penalty_k': 0.1483862397110752, 'scale_lr': 0.29633655380314117}. Best is trial 489 with value: 0.28065862270390113.
checkpoint_e32 window_influence: 0.62034200343533519, penalty_k: 0.17512286946617872, scale_lr: 0.46751946778654774, EAO: 0.209
Trial 959 finished with value: 0.20913949493712525 and parameters: {'window_influence': 0.6203420034353352, 'penalty_k': 0.17512286946617872, 'scale_lr': 0.46751946778654774}. Best is trial 489 with value: 0.28065862270390113.
checkpoint_e32 window_influence: 0.48099896179419088, penalty_k: 0.06105490262076327, scale_lr: 0.27070076452640662, EAO: 0.261
Trial 960 finished with value: 0.26119296549539256 and parameters: {'window_influence': 0.4809989617941909, 'penalty_k': 0.06105490262076327, 'scale_lr': 0.2707007645264066}. Best is trial 489 with value: 0.28065862270390113.
checkpoint_e32 window_influence: 0.50848766741926243, penalty_k: 0.33063427480171842, scale_lr: 0.54686548961527126, EAO: 0.246
Trial 961 finished with value: 0.24555781738060276 and parameters: {'window_influence': 0.5084876674192624, 'penalty_k': 0.3306342748017184, 'scale_lr': 0.5468654896152713}. Best is trial 489 with value: 0.28065862270390113.
checkpoint_e32 window_influence: 0.34522330220699243, penalty_k: 0.24868165282047960, scale_lr: 0.22633195154836314, EAO: 0.259
Trial 962 finished with value: 0.25867865664687584 and parameters: {'window_influence': 0.34522330220699243, 'penalty_k': 0.2486816528204796, 'scale_lr': 0.22633195154836314}. Best is trial 489 with value: 0.28065862270390113.
checkpoint_e32 window_influence: 0.54131657374853881, penalty_k: 0.31029430900113253, scale_lr: 0.21005926430947763, EAO: 0.221
Trial 963 finished with value: 0.22100235570252427 and parameters: {'window_influence': 0.5413165737485388, 'penalty_k': 0.31029430900113253, 'scale_lr': 0.21005926430947763}. Best is trial 489 with value: 0.28065862270390113.
checkpoint_e32 window_influence: 0.31724666594567458, penalty_k: 0.14079704620949390, scale_lr: 0.74466606567881222, EAO: 0.251
Trial 964 finished with value: 0.2513487408073937 and parameters: {'window_influence': 0.3172466659456746, 'penalty_k': 0.1407970462094939, 'scale_lr': 0.7446660656788122}. Best is trial 489 with value: 0.28065862270390113.
checkpoint_e32 window_influence: 0.25030360203685620, penalty_k: 0.51333058244873675, scale_lr: 0.62488492382232796, EAO: 0.247
Trial 965 finished with value: 0.2466166356835908 and parameters: {'window_influence': 0.2503036020368562, 'penalty_k': 0.5133305824487367, 'scale_lr': 0.624884923822328}. Best is trial 489 with value: 0.28065862270390113.
checkpoint_e32 window_influence: 0.30112455386394005, penalty_k: 0.37281507530026825, scale_lr: 0.25012850921684388, EAO: 0.251
Trial 966 finished with value: 0.25124593951353213 and parameters: {'window_influence': 0.30112455386394005, 'penalty_k': 0.37281507530026825, 'scale_lr': 0.2501285092168439}. Best is trial 489 with value: 0.28065862270390113.
checkpoint_e32 window_influence: 0.27884943932236989, penalty_k: 0.11354878411571481, scale_lr: 0.37595519686886419, EAO: 0.256
Trial 967 finished with value: 0.2562445607490656 and parameters: {'window_influence': 0.2788494393223699, 'penalty_k': 0.11354878411571481, 'scale_lr': 0.3759551968688642}. Best is trial 489 with value: 0.28065862270390113.
checkpoint_e32 window_influence: 0.07971398662203377, penalty_k: 0.27858665512940051, scale_lr: 0.58213888412893566, EAO: 0.221
Trial 968 finished with value: 0.22109721746386551 and parameters: {'window_influence': 0.07971398662203377, 'penalty_k': 0.2785866551294005, 'scale_lr': 0.5821388841289357}. Best is trial 489 with value: 0.28065862270390113.
checkpoint_e32 window_influence: 0.26430525613761596, penalty_k: 0.10393880448570025, scale_lr: 0.76527412227360436, EAO: 0.250
Trial 969 finished with value: 0.2503947067430349 and parameters: {'window_influence': 0.26430525613761596, 'penalty_k': 0.10393880448570025, 'scale_lr': 0.7652741222736044}. Best is trial 489 with value: 0.28065862270390113.
checkpoint_e32 window_influence: 0.35120070740103371, penalty_k: 0.48659333367420238, scale_lr: 0.33320966241151156, EAO: 0.260
Trial 970 finished with value: 0.2599507405505917 and parameters: {'window_influence': 0.3512007074010337, 'penalty_k': 0.4865933336742024, 'scale_lr': 0.33320966241151156}. Best is trial 489 with value: 0.28065862270390113.
checkpoint_e32 window_influence: 0.51656965667501908, penalty_k: 0.18347937207938825, scale_lr: 0.30263073948540509, EAO: 0.249
Trial 971 finished with value: 0.2491336078420887 and parameters: {'window_influence': 0.5165696566750191, 'penalty_k': 0.18347937207938825, 'scale_lr': 0.3026307394854051}. Best is trial 489 with value: 0.28065862270390113.
checkpoint_e32 window_influence: 0.33025333951425762, penalty_k: 0.22700387805871236, scale_lr: 0.39152982352157961, EAO: 0.258
Trial 972 finished with value: 0.25759839629981574 and parameters: {'window_influence': 0.3302533395142576, 'penalty_k': 0.22700387805871236, 'scale_lr': 0.3915298235215796}. Best is trial 489 with value: 0.28065862270390113.
checkpoint_e32 window_influence: 0.39826722028069567, penalty_k: 0.29982456451193984, scale_lr: 0.44206306484211322, EAO: 0.258
Trial 973 finished with value: 0.2576420205395396 and parameters: {'window_influence': 0.39826722028069567, 'penalty_k': 0.29982456451193984, 'scale_lr': 0.4420630648421132}. Best is trial 489 with value: 0.28065862270390113.
checkpoint_e32 window_influence: 0.30858044981435079, penalty_k: 0.03426122623067820, scale_lr: 0.78256654935447734, EAO: 0.250
Trial 974 finished with value: 0.24995053032549416 and parameters: {'window_influence': 0.3085804498143508, 'penalty_k': 0.0342612262306782, 'scale_lr': 0.7825665493544773}. Best is trial 489 with value: 0.28065862270390113.
checkpoint_e32 window_influence: 0.37786908466162988, penalty_k: 0.07861667864905425, scale_lr: 0.41912008421894287, EAO: 0.260
Trial 975 finished with value: 0.2601489301740639 and parameters: {'window_influence': 0.3778690846616299, 'penalty_k': 0.07861667864905425, 'scale_lr': 0.41912008421894287}. Best is trial 489 with value: 0.28065862270390113.
checkpoint_e32 window_influence: 0.41976214895486813, penalty_k: 0.16729796554802767, scale_lr: 0.36171646229162768, EAO: 0.248
Trial 976 finished with value: 0.24786454190810522 and parameters: {'window_influence': 0.41976214895486813, 'penalty_k': 0.16729796554802767, 'scale_lr': 0.3617164622916277}. Best is trial 489 with value: 0.28065862270390113.
checkpoint_e32 window_influence: 0.53691417029741828, penalty_k: 0.32011383956087885, scale_lr: 0.59712435150239562, EAO: 0.235
Trial 977 finished with value: 0.23548560353314005 and parameters: {'window_influence': 0.5369141702974183, 'penalty_k': 0.32011383956087885, 'scale_lr': 0.5971243515023956}. Best is trial 489 with value: 0.28065862270390113.
checkpoint_e32 window_influence: 0.43596055288207469, penalty_k: 0.12624430091522337, scale_lr: 0.22720928824203779, EAO: 0.264
Trial 978 finished with value: 0.26424417771944186 and parameters: {'window_influence': 0.4359605528820747, 'penalty_k': 0.12624430091522337, 'scale_lr': 0.2272092882420378}. Best is trial 489 with value: 0.28065862270390113.
checkpoint_e32 window_influence: 0.28832259111082659, penalty_k: 0.34346760202061422, scale_lr: 0.31458606886107809, EAO: 0.262
Trial 979 finished with value: 0.26169909767019073 and parameters: {'window_influence': 0.2883225911108266, 'penalty_k': 0.3434676020206142, 'scale_lr': 0.3145860688610781}. Best is trial 489 with value: 0.28065862270390113.
checkpoint_e32 window_influence: 0.33957689110903971, penalty_k: 0.47575787073394593, scale_lr: 0.18850669178413210, EAO: 0.255
Trial 980 finished with value: 0.2554641811828303 and parameters: {'window_influence': 0.3395768911090397, 'penalty_k': 0.47575787073394593, 'scale_lr': 0.1885066917841321}. Best is trial 489 with value: 0.28065862270390113.
checkpoint_e32 window_influence: 0.64931819677396740, penalty_k: 0.26633267099801416, scale_lr: 0.16578336665408031, EAO: 0.200
Trial 981 finished with value: 0.20024668903854803 and parameters: {'window_influence': 0.6493181967739674, 'penalty_k': 0.26633267099801416, 'scale_lr': 0.1657833666540803}. Best is trial 489 with value: 0.28065862270390113.
checkpoint_e32 window_influence: 0.32055855804392713, penalty_k: 0.08822520601001038, scale_lr: 0.49267415686312094, EAO: 0.253
Trial 982 finished with value: 0.2528579460411537 and parameters: {'window_influence': 0.32055855804392713, 'penalty_k': 0.08822520601001038, 'scale_lr': 0.49267415686312094}. Best is trial 489 with value: 0.28065862270390113.
checkpoint_e32 window_influence: 0.36025780507765498, penalty_k: 0.29521437110427207, scale_lr: 0.28515788119966606, EAO: 0.262
Trial 983 finished with value: 0.2621230414000953 and parameters: {'window_influence': 0.360257805077655, 'penalty_k': 0.29521437110427207, 'scale_lr': 0.28515788119966606}. Best is trial 489 with value: 0.28065862270390113.
checkpoint_e32 window_influence: 0.30029765072798636, penalty_k: 0.59583341607039486, scale_lr: 0.23889599836999817, EAO: 0.254
Trial 984 finished with value: 0.25375291111508036 and parameters: {'window_influence': 0.30029765072798636, 'penalty_k': 0.5958334160703949, 'scale_lr': 0.23889599836999817}. Best is trial 489 with value: 0.28065862270390113.
checkpoint_e32 window_influence: 0.10975857827639654, penalty_k: 0.39608743932438628, scale_lr: 0.70023562508362869, EAO: 0.242
Trial 985 finished with value: 0.24159245798742868 and parameters: {'window_influence': 0.10975857827639654, 'penalty_k': 0.3960874393243863, 'scale_lr': 0.7002356250836287}. Best is trial 489 with value: 0.28065862270390113.
checkpoint_e32 window_influence: 0.31168472143473713, penalty_k: 0.31399175173819144, scale_lr: 0.55694281439060389, EAO: 0.256
Trial 986 finished with value: 0.2556710477040066 and parameters: {'window_influence': 0.31168472143473713, 'penalty_k': 0.31399175173819144, 'scale_lr': 0.5569428143906039}. Best is trial 489 with value: 0.28065862270390113.
checkpoint_e32 window_influence: 0.45689908962626913, penalty_k: 0.21979545496652556, scale_lr: 0.63961991711764921, EAO: 0.253
Trial 987 finished with value: 0.252747507296442 and parameters: {'window_influence': 0.45689908962626913, 'penalty_k': 0.21979545496652556, 'scale_lr': 0.6396199171176492}. Best is trial 489 with value: 0.28065862270390113.
checkpoint_e32 window_influence: 0.33761401113366757, penalty_k: 0.33176005972656158, scale_lr: 0.72958726151729747, EAO: 0.255
Trial 988 finished with value: 0.25530707866438035 and parameters: {'window_influence': 0.33761401113366757, 'penalty_k': 0.3317600597265616, 'scale_lr': 0.7295872615172975}. Best is trial 489 with value: 0.28065862270390113.
checkpoint_e32 window_influence: 0.28405433253858275, penalty_k: 0.28510353911378838, scale_lr: 0.50670840253266936, EAO: 0.264
Trial 989 finished with value: 0.26384720054826116 and parameters: {'window_influence': 0.28405433253858275, 'penalty_k': 0.2851035391137884, 'scale_lr': 0.5067084025326694}. Best is trial 489 with value: 0.28065862270390113.
checkpoint_e32 window_influence: 0.36622663151945462, penalty_k: 0.35383967349444273, scale_lr: 0.45643505859844291, EAO: 0.265
Trial 990 finished with value: 0.26497225826833304 and parameters: {'window_influence': 0.3662266315194546, 'penalty_k': 0.35383967349444273, 'scale_lr': 0.4564350585984429}. Best is trial 489 with value: 0.28065862270390113.
checkpoint_e32 window_influence: 0.32250407827610300, penalty_k: 0.20042570947316315, scale_lr: 0.21011603905266982, EAO: 0.263
