Trial 187 finished with value: 0.25497207699752433 and parameters: {'window_influence': 0.4275558856497741, 'penalty_k': 0.013507686852641197, 'scale_lr': 0.41088888419403985}. Best is trial 111 with value: 0.27549627247622344.
checkpoint_e16 window_influence: 0.38124952091007730, penalty_k: 0.02180708295812295, scale_lr: 0.48940400111306714, EAO: 0.266
Trial 178 finished with value: 0.26586836449256757 and parameters: {'window_influence': 0.3812495209100773, 'penalty_k': 0.021807082958122954, 'scale_lr': 0.48940400111306714}. Best is trial 91 with value: 0.2755729326508879.
checkpoint_e16 window_influence: 0.43389000055613225, penalty_k: 0.05016692524578138, scale_lr: 0.39383737710901379, EAO: 0.258
Trial 192 finished with value: 0.25833305801317946 and parameters: {'window_influence': 0.43389000055613225, 'penalty_k': 0.050166925245781376, 'scale_lr': 0.3938373771090138}. Best is trial 90 with value: 0.28226814400858996.
checkpoint_e16 window_influence: 0.38144577680008457, penalty_k: 0.03085937571976577, scale_lr: 0.39243265829504698, EAO: 0.258
Trial 188 finished with value: 0.25822032194554323 and parameters: {'window_influence': 0.38144577680008457, 'penalty_k': 0.03085937571976577, 'scale_lr': 0.392432658295047}. Best is trial 111 with value: 0.27549627247622344.
checkpoint_e16 window_influence: 0.41115439289761263, penalty_k: 0.09586861975733117, scale_lr: 0.54999146744002281, EAO: 0.266
Trial 179 finished with value: 0.266241057738056 and parameters: {'window_influence': 0.41115439289761263, 'penalty_k': 0.09586861975733117, 'scale_lr': 0.5499914674400228}. Best is trial 91 with value: 0.2755729326508879.
checkpoint_e16 window_influence: 0.37472688602696552, penalty_k: 0.01058011787815059, scale_lr: 0.38442557384173226, EAO: 0.272
Trial 193 finished with value: 0.271730286803672 and parameters: {'window_influence': 0.3747268860269655, 'penalty_k': 0.010580117878150587, 'scale_lr': 0.38442557384173226}. Best is trial 90 with value: 0.28226814400858996.
checkpoint_e16 window_influence: 0.39806607718447518, penalty_k: 0.04351063738221766, scale_lr: 0.36014308584549154, EAO: 0.265
Trial 189 finished with value: 0.26544208854921464 and parameters: {'window_influence': 0.3980660771844752, 'penalty_k': 0.04351063738221766, 'scale_lr': 0.36014308584549154}. Best is trial 111 with value: 0.27549627247622344.
checkpoint_e16 window_influence: 0.39398924939994157, penalty_k: 0.03411086895505774, scale_lr: 0.52474887152853533, EAO: 0.265
Trial 180 finished with value: 0.2648714139936416 and parameters: {'window_influence': 0.39398924939994157, 'penalty_k': 0.03411086895505774, 'scale_lr': 0.5247488715285353}. Best is trial 91 with value: 0.2755729326508879.
checkpoint_e16 window_influence: 0.37058879729968119, penalty_k: 0.00630834272390984, scale_lr: 0.36846566193490404, EAO: 0.264
Trial 194 finished with value: 0.2642218422720103 and parameters: {'window_influence': 0.3705887972996812, 'penalty_k': 0.0063083427239098416, 'scale_lr': 0.36846566193490404}. Best is trial 90 with value: 0.28226814400858996.
checkpoint_e16 window_influence: 0.39659911012320775, penalty_k: 0.39335575188512523, scale_lr: 0.35687812291008042, EAO: 0.247
Trial 190 finished with value: 0.24676894560092832 and parameters: {'window_influence': 0.39659911012320775, 'penalty_k': 0.3933557518851252, 'scale_lr': 0.3568781229100804}. Best is trial 111 with value: 0.27549627247622344.
checkpoint_e16 window_influence: 0.38394158742885959, penalty_k: 0.02130798186310512, scale_lr: 0.38279566831652095, EAO: 0.265
Trial 195 finished with value: 0.26538364365091166 and parameters: {'window_influence': 0.3839415874288596, 'penalty_k': 0.021307981863105122, 'scale_lr': 0.38279566831652095}. Best is trial 90 with value: 0.28226814400858996.
checkpoint_e16 window_influence: 0.43163076386843274, penalty_k: 0.01417205687894023, scale_lr: 0.51242685907114782, EAO: 0.271
Trial 181 finished with value: 0.27069039654925586 and parameters: {'window_influence': 0.43163076386843274, 'penalty_k': 0.014172056878940234, 'scale_lr': 0.5124268590711478}. Best is trial 91 with value: 0.2755729326508879.
checkpoint_e16 window_influence: 0.37244962686243344, penalty_k: 0.22692007777602954, scale_lr: 0.36222223503226858, EAO: 0.252
Trial 191 finished with value: 0.25162082971111543 and parameters: {'window_influence': 0.37244962686243344, 'penalty_k': 0.22692007777602954, 'scale_lr': 0.3622222350322686}. Best is trial 111 with value: 0.27549627247622344.
checkpoint_e16 window_influence: 0.41181702122683683, penalty_k: 0.14933761595181799, scale_lr: 0.35675149053125921, EAO: 0.269
Trial 196 finished with value: 0.2685081296093096 and parameters: {'window_influence': 0.41181702122683683, 'penalty_k': 0.149337615951818, 'scale_lr': 0.3567514905312592}. Best is trial 90 with value: 0.28226814400858996.
checkpoint_e16 window_influence: 0.40851181192696240, penalty_k: 0.04368711675821135, scale_lr: 0.38569567168183699, EAO: 0.261
Trial 192 finished with value: 0.26096387552778894 and parameters: {'window_influence': 0.4085118119269624, 'penalty_k': 0.04368711675821135, 'scale_lr': 0.385695671681837}. Best is trial 111 with value: 0.27549627247622344.
checkpoint_e16 window_influence: 0.42075142740943050, penalty_k: 0.16749676842002897, scale_lr: 0.50661567570271693, EAO: 0.245
Trial 182 finished with value: 0.24455229798710443 and parameters: {'window_influence': 0.4207514274094305, 'penalty_k': 0.16749676842002897, 'scale_lr': 0.5066156757027169}. Best is trial 91 with value: 0.2755729326508879.
checkpoint_e16 window_influence: 0.36115806920575882, penalty_k: 0.00082565385872597, scale_lr: 0.34552028820519259, EAO: 0.263
Trial 197 finished with value: 0.26318461659962566 and parameters: {'window_influence': 0.3611580692057588, 'penalty_k': 0.0008256538587259749, 'scale_lr': 0.3455202882051926}. Best is trial 90 with value: 0.28226814400858996.
checkpoint_e16 window_influence: 0.39124766136661820, penalty_k: 0.02182757910625717, scale_lr: 0.34296908639157692, EAO: 0.261
Trial 193 finished with value: 0.26092020482794054 and parameters: {'window_influence': 0.3912476613666182, 'penalty_k': 0.021827579106257166, 'scale_lr': 0.3429690863915769}. Best is trial 111 with value: 0.27549627247622344.
checkpoint_e16 window_influence: 0.43059814867398688, penalty_k: 0.01679876920339151, scale_lr: 0.49179633882764723, EAO: 0.270
Trial 183 finished with value: 0.27046400799257 and parameters: {'window_influence': 0.4305981486739869, 'penalty_k': 0.016798769203391507, 'scale_lr': 0.49179633882764723}. Best is trial 91 with value: 0.2755729326508879.
checkpoint_e16 window_influence: 0.40061543142956396, penalty_k: 0.19249274138618683, scale_lr: 0.49045096068305993, EAO: 0.251
Trial 198 finished with value: 0.2506092037490713 and parameters: {'window_influence': 0.40061543142956396, 'penalty_k': 0.19249274138618683, 'scale_lr': 0.49045096068305993}. Best is trial 90 with value: 0.28226814400858996.
checkpoint_e16 window_influence: 0.40186202119123643, penalty_k: 0.03313026620017249, scale_lr: 0.44914671001473511, EAO: 0.263
Trial 194 finished with value: 0.2630974954463602 and parameters: {'window_influence': 0.40186202119123643, 'penalty_k': 0.03313026620017249, 'scale_lr': 0.4491467100147351}. Best is trial 111 with value: 0.27549627247622344.
checkpoint_e16 window_influence: 0.43098441053399256, penalty_k: 0.01324491801756136, scale_lr: 0.47179492273616730, EAO: 0.279
Trial 184 finished with value: 0.2793023090779297 and parameters: {'window_influence': 0.43098441053399256, 'penalty_k': 0.01324491801756136, 'scale_lr': 0.4717949227361673}. Best is trial 184 with value: 0.2793023090779297.
checkpoint_e16 window_influence: 0.38060139917907093, penalty_k: 0.02960584083644688, scale_lr: 0.79271539726518148, EAO: 0.255
Trial 199 finished with value: 0.25480958050101754 and parameters: {'window_influence': 0.38060139917907093, 'penalty_k': 0.029605840836446882, 'scale_lr': 0.7927153972651815}. Best is trial 90 with value: 0.28226814400858996.
checkpoint_e16 window_influence: 0.38194201158473479, penalty_k: 0.04546742481665633, scale_lr: 0.43440552430691104, EAO: 0.256
Trial 195 finished with value: 0.2559220928365622 and parameters: {'window_influence': 0.3819420115847348, 'penalty_k': 0.04546742481665633, 'scale_lr': 0.43440552430691104}. Best is trial 111 with value: 0.27549627247622344.
checkpoint_e16 window_influence: 0.43359038254502535, penalty_k: 0.00903690848832346, scale_lr: 0.52118259991816851, EAO: 0.271
Trial 185 finished with value: 0.27068989178756386 and parameters: {'window_influence': 0.43359038254502535, 'penalty_k': 0.009036908488323456, 'scale_lr': 0.5211825999181685}. Best is trial 184 with value: 0.2793023090779297.
checkpoint_e16 window_influence: 0.05162116800373501, penalty_k: 0.09074978963635395, scale_lr: 0.26032233664386434, EAO: 0.224
Trial 200 finished with value: 0.22427752559504857 and parameters: {'window_influence': 0.05162116800373501, 'penalty_k': 0.09074978963635395, 'scale_lr': 0.26032233664386434}. Best is trial 90 with value: 0.28226814400858996.
checkpoint_e16 window_influence: 0.34644384608359330, penalty_k: 0.06443960319705819, scale_lr: 0.44838862832096915, EAO: 0.254
Trial 196 finished with value: 0.2542523957970666 and parameters: {'window_influence': 0.3464438460835933, 'penalty_k': 0.06443960319705819, 'scale_lr': 0.44838862832096915}. Best is trial 111 with value: 0.27549627247622344.
checkpoint_e16 window_influence: 0.44326738103126673, penalty_k: 0.00074126332305432, scale_lr: 0.53484330818054326, EAO: 0.255
Trial 186 finished with value: 0.2548243501564352 and parameters: {'window_influence': 0.4432673810312667, 'penalty_k': 0.0007412633230543232, 'scale_lr': 0.5348433081805433}. Best is trial 184 with value: 0.2793023090779297.
checkpoint_e16 window_influence: 0.33952838013339703, penalty_k: 0.21934774555916625, scale_lr: 0.40198393589233222, EAO: 0.249
Trial 201 finished with value: 0.24900548687068427 and parameters: {'window_influence': 0.33952838013339703, 'penalty_k': 0.21934774555916625, 'scale_lr': 0.4019839358923322}. Best is trial 90 with value: 0.28226814400858996.
checkpoint_e16 window_influence: 0.36737221753403815, penalty_k: 0.15867762211656791, scale_lr: 0.41513717460067040, EAO: 0.244
Trial 197 finished with value: 0.24371318585746657 and parameters: {'window_influence': 0.36737221753403815, 'penalty_k': 0.1586776221165679, 'scale_lr': 0.4151371746006704}. Best is trial 111 with value: 0.27549627247622344.
checkpoint_e16 window_influence: 0.42969004200598160, penalty_k: 0.01242263586204888, scale_lr: 0.51762606019897306, EAO: 0.270
Trial 187 finished with value: 0.27030489333276825 and parameters: {'window_influence': 0.4296900420059816, 'penalty_k': 0.01242263586204888, 'scale_lr': 0.5176260601989731}. Best is trial 184 with value: 0.2793023090779297.
checkpoint_e16 window_influence: 0.37253366906496216, penalty_k: 0.06590531687899936, scale_lr: 0.38388976011834519, EAO: 0.274
Trial 202 finished with value: 0.27417348379768974 and parameters: {'window_influence': 0.37253366906496216, 'penalty_k': 0.06590531687899936, 'scale_lr': 0.3838897601183452}. Best is trial 90 with value: 0.28226814400858996.
checkpoint_e16 window_influence: 0.39943063840355347, penalty_k: 0.03317756802870010, scale_lr: 0.40174729017021737, EAO: 0.254
Trial 198 finished with value: 0.2544286037848248 and parameters: {'window_influence': 0.3994306384035535, 'penalty_k': 0.033177568028700095, 'scale_lr': 0.4017472901702174}. Best is trial 111 with value: 0.27549627247622344.
checkpoint_e16 window_influence: 0.37287742016431158, penalty_k: 0.06200837712682673, scale_lr: 0.38252779717492635, EAO: 0.263
Trial 203 finished with value: 0.26255936369421035 and parameters: {'window_influence': 0.3728774201643116, 'penalty_k': 0.06200837712682673, 'scale_lr': 0.38252779717492635}. Best is trial 90 with value: 0.28226814400858996.
checkpoint_e16 window_influence: 0.42952042874416740, penalty_k: 0.00036641611148512, scale_lr: 0.51354544534860269, EAO: 0.264
Trial 188 finished with value: 0.2644030141636608 and parameters: {'window_influence': 0.4295204287441674, 'penalty_k': 0.00036641611148511763, 'scale_lr': 0.5135454453486027}. Best is trial 184 with value: 0.2793023090779297.
checkpoint_e16 window_influence: 0.42346094364675735, penalty_k: 0.00897072265790620, scale_lr: 0.45988354923076774, EAO: 0.259
Trial 199 finished with value: 0.2585974146680134 and parameters: {'window_influence': 0.42346094364675735, 'penalty_k': 0.008970722657906202, 'scale_lr': 0.45988354923076774}. Best is trial 111 with value: 0.27549627247622344.
checkpoint_e16 window_influence: 0.39137601022803670, penalty_k: 0.07502288643679837, scale_lr: 0.36966081573249876, EAO: 0.264
Trial 204 finished with value: 0.2637169785737022 and parameters: {'window_influence': 0.3913760102280367, 'penalty_k': 0.07502288643679837, 'scale_lr': 0.36966081573249876}. Best is trial 90 with value: 0.28226814400858996.
checkpoint_e16 window_influence: 0.43953357059599996, penalty_k: 0.11249435339929964, scale_lr: 0.33194635912346149, EAO: 0.265
Trial 200 finished with value: 0.2651079937936814 and parameters: {'window_influence': 0.43953357059599996, 'penalty_k': 0.11249435339929964, 'scale_lr': 0.3319463591234615}. Best is trial 111 with value: 0.27549627247622344.
checkpoint_e16 window_influence: 0.41258089365126716, penalty_k: 0.01294405261916523, scale_lr: 0.47574062642259463, EAO: 0.270
Trial 189 finished with value: 0.2698085818106566 and parameters: {'window_influence': 0.41258089365126716, 'penalty_k': 0.012944052619165225, 'scale_lr': 0.4757406264225946}. Best is trial 184 with value: 0.2793023090779297.
checkpoint_e16 window_influence: 0.36010723925564753, penalty_k: 0.03995677530201552, scale_lr: 0.31198398764553092, EAO: 0.269
Trial 205 finished with value: 0.2690333816094127 and parameters: {'window_influence': 0.3601072392556475, 'penalty_k': 0.03995677530201552, 'scale_lr': 0.3119839876455309}. Best is trial 90 with value: 0.28226814400858996.
checkpoint_e16 window_influence: 0.45834307612729092, penalty_k: 0.05205403846724247, scale_lr: 0.33205865161213899, EAO: 0.256
Trial 201 finished with value: 0.2562072819204834 and parameters: {'window_influence': 0.4583430761272909, 'penalty_k': 0.05205403846724247, 'scale_lr': 0.332058651612139}. Best is trial 111 with value: 0.27549627247622344.
checkpoint_e16 window_influence: 0.44682378318673460, penalty_k: 0.01763122738854700, scale_lr: 0.47425311096224920, EAO: 0.267
Trial 190 finished with value: 0.2671138765971835 and parameters: {'window_influence': 0.4468237831867346, 'penalty_k': 0.017631227388547003, 'scale_lr': 0.4742531109622492}. Best is trial 184 with value: 0.2793023090779297.
checkpoint_e16 window_influence: 0.40420252409131635, penalty_k: 0.49105759324293868, scale_lr: 0.43896298062057854, EAO: 0.247
Trial 206 finished with value: 0.24735266836435815 and parameters: {'window_influence': 0.40420252409131635, 'penalty_k': 0.4910575932429387, 'scale_lr': 0.43896298062057854}. Best is trial 90 with value: 0.28226814400858996.
checkpoint_e16 window_influence: 0.43945559494460035, penalty_k: 0.12993899399675296, scale_lr: 0.32188208726702550, EAO: 0.264
Trial 202 finished with value: 0.26357941535430224 and parameters: {'window_influence': 0.43945559494460035, 'penalty_k': 0.12993899399675296, 'scale_lr': 0.3218820872670255}. Best is trial 111 with value: 0.27549627247622344.
checkpoint_e16 window_influence: 0.41265760403250268, penalty_k: 0.01382654859163528, scale_lr: 0.52099232143854635, EAO: 0.263
Trial 191 finished with value: 0.2626003541234063 and parameters: {'window_influence': 0.4126576040325027, 'penalty_k': 0.013826548591635276, 'scale_lr': 0.5209923214385463}. Best is trial 184 with value: 0.2793023090779297.
checkpoint_e16 window_influence: 0.38290306164774851, penalty_k: 0.01861487147409520, scale_lr: 0.39333434552407964, EAO: 0.271
Trial 207 finished with value: 0.27092061512838533 and parameters: {'window_influence': 0.3829030616477485, 'penalty_k': 0.0186148714740952, 'scale_lr': 0.39333434552407964}. Best is trial 90 with value: 0.28226814400858996.
checkpoint_e16 window_influence: 0.43786764596548738, penalty_k: 0.07518514103233967, scale_lr: 0.33090235628511155, EAO: 0.255
Trial 203 finished with value: 0.25514848118390493 and parameters: {'window_influence': 0.4378676459654874, 'penalty_k': 0.07518514103233967, 'scale_lr': 0.33090235628511155}. Best is trial 111 with value: 0.27549627247622344.
checkpoint_e16 window_influence: 0.40179328888185872, penalty_k: 0.00965133103096063, scale_lr: 0.48658551376372966, EAO: 0.273
Trial 192 finished with value: 0.27328542032377506 and parameters: {'window_influence': 0.4017932888818587, 'penalty_k': 0.009651331030960632, 'scale_lr': 0.48658551376372966}. Best is trial 184 with value: 0.2793023090779297.
checkpoint_e16 window_influence: 0.37521119543460923, penalty_k: 0.15815056553856408, scale_lr: 0.39278861850615132, EAO: 0.248
Trial 208 finished with value: 0.2478902852995609 and parameters: {'window_influence': 0.37521119543460923, 'penalty_k': 0.15815056553856408, 'scale_lr': 0.3927886185061513}. Best is trial 90 with value: 0.28226814400858996.
checkpoint_e16 window_influence: 0.45386745953950708, penalty_k: 0.11145440751999058, scale_lr: 0.29954202704384475, EAO: 0.258
Trial 204 finished with value: 0.25804745611863406 and parameters: {'window_influence': 0.4538674595395071, 'penalty_k': 0.11145440751999058, 'scale_lr': 0.29954202704384475}. Best is trial 111 with value: 0.27549627247622344.
checkpoint_e16 window_influence: 0.42744037869765850, penalty_k: 0.01794246901463418, scale_lr: 0.48418868594593334, EAO: 0.258
Trial 193 finished with value: 0.2575457292964788 and parameters: {'window_influence': 0.4274403786976585, 'penalty_k': 0.017942469014634182, 'scale_lr': 0.48418868594593334}. Best is trial 184 with value: 0.2793023090779297.
checkpoint_e16 window_influence: 0.35357330491351691, penalty_k: 0.06195485950631609, scale_lr: 0.42539617079238573, EAO: 0.270
Trial 209 finished with value: 0.2696251150796084 and parameters: {'window_influence': 0.3535733049135169, 'penalty_k': 0.06195485950631609, 'scale_lr': 0.42539617079238573}. Best is trial 90 with value: 0.28226814400858996.
checkpoint_e16 window_influence: 0.43424885865516688, penalty_k: 0.10311591967460584, scale_lr: 0.31078656389955067, EAO: 0.255
Trial 205 finished with value: 0.2547012958221319 and parameters: {'window_influence': 0.4342488586551669, 'penalty_k': 0.10311591967460584, 'scale_lr': 0.31078656389955067}. Best is trial 111 with value: 0.27549627247622344.
checkpoint_e16 window_influence: 0.41175057089646572, penalty_k: 0.00902803783802638, scale_lr: 0.49361437838559569, EAO: 0.268
Trial 194 finished with value: 0.2675080876040265 and parameters: {'window_influence': 0.4117505708964657, 'penalty_k': 0.00902803783802638, 'scale_lr': 0.4936143783855957}. Best is trial 184 with value: 0.2793023090779297.
checkpoint_e16 window_influence: 0.38807401663636287, penalty_k: 0.04962396910458661, scale_lr: 0.36200923594268930, EAO: 0.277
Trial 210 finished with value: 0.27656300141801676 and parameters: {'window_influence': 0.3880740166363629, 'penalty_k': 0.04962396910458661, 'scale_lr': 0.3620092359426893}. Best is trial 90 with value: 0.28226814400858996.
checkpoint_e16 window_influence: 0.46426655896385832, penalty_k: 0.14919929466425122, scale_lr: 0.34869240461341300, EAO: 0.249
Trial 206 finished with value: 0.24901137961362435 and parameters: {'window_influence': 0.4642665589638583, 'penalty_k': 0.14919929466425122, 'scale_lr': 0.348692404613413}. Best is trial 111 with value: 0.27549627247622344.
checkpoint_e16 window_influence: 0.38908548278328997, penalty_k: 0.05141636970285124, scale_lr: 0.36278045864994252, EAO: 0.279
Trial 211 finished with value: 0.27884679269499896 and parameters: {'window_influence': 0.38908548278328997, 'penalty_k': 0.05141636970285124, 'scale_lr': 0.3627804586499425}. Best is trial 90 with value: 0.28226814400858996.
checkpoint_e16 window_influence: 0.44089148238559006, penalty_k: 0.02046472534349892, scale_lr: 0.47611642501341639, EAO: 0.273
Trial 195 finished with value: 0.27340832279949656 and parameters: {'window_influence': 0.44089148238559006, 'penalty_k': 0.020464725343498923, 'scale_lr': 0.4761164250134164}. Best is trial 184 with value: 0.2793023090779297.
checkpoint_e16 window_influence: 0.44527722211430087, penalty_k: 0.03106851159686796, scale_lr: 0.35751421048891430, EAO: 0.258
Trial 207 finished with value: 0.2579704660589133 and parameters: {'window_influence': 0.4452772221143009, 'penalty_k': 0.031068511596867958, 'scale_lr': 0.3575142104889143}. Best is trial 111 with value: 0.27549627247622344.
checkpoint_e16 window_influence: 0.39702016964380826, penalty_k: 0.05023000461277682, scale_lr: 0.35821229831244583, EAO: 0.265
Trial 212 finished with value: 0.264989732969098 and parameters: {'window_influence': 0.39702016964380826, 'penalty_k': 0.050230004612776824, 'scale_lr': 0.35821229831244583}. Best is trial 90 with value: 0.28226814400858996.
checkpoint_e16 window_influence: 0.41917276189888203, penalty_k: 0.12747304971691986, scale_lr: 0.37161700433928485, EAO: 0.237
Trial 208 finished with value: 0.2374326431654333 and parameters: {'window_influence': 0.41917276189888203, 'penalty_k': 0.12747304971691986, 'scale_lr': 0.37161700433928485}. Best is trial 111 with value: 0.27549627247622344.
checkpoint_e16 window_influence: 0.43333341794604724, penalty_k: 0.02778474135919108, scale_lr: 0.46680208139233470, EAO: 0.265
Trial 196 finished with value: 0.26494620080158965 and parameters: {'window_influence': 0.43333341794604724, 'penalty_k': 0.027784741359191078, 'scale_lr': 0.4668020813923347}. Best is trial 184 with value: 0.2793023090779297.
checkpoint_e16 window_influence: 0.36833752206318121, penalty_k: 0.07471385065898116, scale_lr: 0.37520341688884817, EAO: 0.264
