Trial 620 finished with value: 0.24865085516518692 and parameters: {'window_influence': 0.3208656239325362, 'penalty_k': 0.20883309461599298, 'scale_lr': 0.7665586431509535}. Best is trial 431 with value: 0.29227477542268554.
checkpoint_e34 window_influence: 0.33860334513421253, penalty_k: 0.22773359444275582, scale_lr: 0.51447309710977163, EAO: 0.267
Trial 621 finished with value: 0.2673544114440437 and parameters: {'window_influence': 0.33860334513421253, 'penalty_k': 0.22773359444275582, 'scale_lr': 0.5144730971097716}. Best is trial 431 with value: 0.29227477542268554.
checkpoint_e34 window_influence: 0.31068153835664492, penalty_k: 0.08351112920688422, scale_lr: 0.52611458523290044, EAO: 0.269
Trial 622 finished with value: 0.26866577456637125 and parameters: {'window_influence': 0.3106815383566449, 'penalty_k': 0.08351112920688422, 'scale_lr': 0.5261145852329004}. Best is trial 431 with value: 0.29227477542268554.
checkpoint_e34 window_influence: 0.14773758404237231, penalty_k: 0.41282281553272376, scale_lr: 0.72753084430518211, EAO: 0.245
Trial 623 finished with value: 0.24494032598123316 and parameters: {'window_influence': 0.1477375840423723, 'penalty_k': 0.41282281553272376, 'scale_lr': 0.7275308443051821}. Best is trial 431 with value: 0.29227477542268554.
checkpoint_e34 window_influence: 0.32577984046447517, penalty_k: 0.17942923866395286, scale_lr: 0.54935526766021181, EAO: 0.271
Trial 624 finished with value: 0.2706978170246613 and parameters: {'window_influence': 0.32577984046447517, 'penalty_k': 0.17942923866395286, 'scale_lr': 0.5493552676602118}. Best is trial 431 with value: 0.29227477542268554.
checkpoint_e34 window_influence: 0.30751942458274550, penalty_k: 0.38246132800243993, scale_lr: 0.29634482018698349, EAO: 0.259
Trial 625 finished with value: 0.25917939702427484 and parameters: {'window_influence': 0.3075194245827455, 'penalty_k': 0.3824613280024399, 'scale_lr': 0.2963448201869835}. Best is trial 431 with value: 0.29227477542268554.
checkpoint_e34 window_influence: 0.36669021989472989, penalty_k: 0.19931331074550857, scale_lr: 0.48747209397949676, EAO: 0.265
Trial 626 finished with value: 0.26482309970429274 and parameters: {'window_influence': 0.3666902198947299, 'penalty_k': 0.19931331074550857, 'scale_lr': 0.48747209397949676}. Best is trial 431 with value: 0.29227477542268554.
checkpoint_e34 window_influence: 0.34425931933449733, penalty_k: 0.15672378904196402, scale_lr: 0.67826328343919129, EAO: 0.267
Trial 627 finished with value: 0.2672923486528358 and parameters: {'window_influence': 0.3442593193344973, 'penalty_k': 0.15672378904196402, 'scale_lr': 0.6782632834391913}. Best is trial 431 with value: 0.29227477542268554.
checkpoint_e34 window_influence: 0.35683900987435108, penalty_k: 0.21870797166929259, scale_lr: 0.50412384421655332, EAO: 0.271
Trial 628 finished with value: 0.2710135836547952 and parameters: {'window_influence': 0.3568390098743511, 'penalty_k': 0.2187079716692926, 'scale_lr': 0.5041238442165533}. Best is trial 431 with value: 0.29227477542268554.
checkpoint_e34 window_influence: 0.32789088476996947, penalty_k: 0.18275541747814866, scale_lr: 0.15633443317464191, EAO: 0.256
Trial 629 finished with value: 0.25642118487900833 and parameters: {'window_influence': 0.32789088476996947, 'penalty_k': 0.18275541747814866, 'scale_lr': 0.1563344331746419}. Best is trial 431 with value: 0.29227477542268554.
checkpoint_e34 window_influence: 0.29800282533292577, penalty_k: 0.16711085891560290, scale_lr: 0.53952087469745169, EAO: 0.259
Trial 630 finished with value: 0.25897553799355905 and parameters: {'window_influence': 0.29800282533292577, 'penalty_k': 0.1671108589156029, 'scale_lr': 0.5395208746974517}. Best is trial 431 with value: 0.29227477542268554.
checkpoint_e34 window_influence: 0.31741659281919893, penalty_k: 0.29815265652510548, scale_lr: 0.35445885765960117, EAO: 0.279
Trial 631 finished with value: 0.2793546488008848 and parameters: {'window_influence': 0.31741659281919893, 'penalty_k': 0.2981526565251055, 'scale_lr': 0.35445885765960117}. Best is trial 431 with value: 0.29227477542268554.
checkpoint_e34 window_influence: 0.31898088267820601, penalty_k: 0.29716998396258920, scale_lr: 0.33363210533236759, EAO: 0.270
Trial 632 finished with value: 0.2696718044760751 and parameters: {'window_influence': 0.318980882678206, 'penalty_k': 0.2971699839625892, 'scale_lr': 0.3336321053323676}. Best is trial 431 with value: 0.29227477542268554.
checkpoint_e34 window_influence: 0.54999821415995453, penalty_k: 0.29051953625467380, scale_lr: 0.40054473411672842, EAO: 0.238
Trial 633 finished with value: 0.23827792419408395 and parameters: {'window_influence': 0.5499982141599545, 'penalty_k': 0.2905195362546738, 'scale_lr': 0.4005447341167284}. Best is trial 431 with value: 0.29227477542268554.
checkpoint_e34 window_influence: 0.31293519366240791, penalty_k: 0.32179147650406564, scale_lr: 0.42876395005359047, EAO: 0.252
Trial 634 finished with value: 0.2524722818800104 and parameters: {'window_influence': 0.3129351936624079, 'penalty_k': 0.32179147650406564, 'scale_lr': 0.42876395005359047}. Best is trial 431 with value: 0.29227477542268554.
checkpoint_e34 window_influence: 0.40941640186667949, penalty_k: 0.33799954413159600, scale_lr: 0.28208403658885717, EAO: 0.255
Trial 635 finished with value: 0.2546073768318184 and parameters: {'window_influence': 0.4094164018666795, 'penalty_k': 0.337999544131596, 'scale_lr': 0.28208403658885717}. Best is trial 431 with value: 0.29227477542268554.
checkpoint_e34 window_influence: 0.33348842758526154, penalty_k: 0.30094420608373029, scale_lr: 0.35769461803412350, EAO: 0.267
Trial 636 finished with value: 0.2673814724373624 and parameters: {'window_influence': 0.33348842758526154, 'penalty_k': 0.3009442060837303, 'scale_lr': 0.3576946180341235}. Best is trial 431 with value: 0.29227477542268554.
checkpoint_e34 window_influence: 0.39111598261242586, penalty_k: 0.31082601954372502, scale_lr: 0.42020930041808602, EAO: 0.254
Trial 637 finished with value: 0.25449171728961834 and parameters: {'window_influence': 0.39111598261242586, 'penalty_k': 0.310826019543725, 'scale_lr': 0.420209300418086}. Best is trial 431 with value: 0.29227477542268554.
checkpoint_e34 window_influence: 0.30150453289566753, penalty_k: 0.07150848428974993, scale_lr: 0.44188495444682246, EAO: 0.263
Trial 638 finished with value: 0.26333787552709503 and parameters: {'window_influence': 0.30150453289566753, 'penalty_k': 0.07150848428974993, 'scale_lr': 0.44188495444682246}. Best is trial 431 with value: 0.29227477542268554.
checkpoint_e34 window_influence: 0.31745837311911951, penalty_k: 0.02905636020333309, scale_lr: 0.33070526224976099, EAO: 0.258
Trial 639 finished with value: 0.25844196520927476 and parameters: {'window_influence': 0.3174583731191195, 'penalty_k': 0.029056360203333093, 'scale_lr': 0.330705262249761}. Best is trial 431 with value: 0.29227477542268554.
checkpoint_e34 window_influence: 0.28736532574843060, penalty_k: 0.19851641112935792, scale_lr: 0.32612375314457664, EAO: 0.272
Trial 640 finished with value: 0.27166192718153076 and parameters: {'window_influence': 0.2873653257484306, 'penalty_k': 0.19851641112935792, 'scale_lr': 0.32612375314457664}. Best is trial 431 with value: 0.29227477542268554.
checkpoint_e34 window_influence: 0.34067874602483977, penalty_k: 0.33111301475214233, scale_lr: 0.37838727749547701, EAO: 0.259
Trial 641 finished with value: 0.25929023064975815 and parameters: {'window_influence': 0.3406787460248398, 'penalty_k': 0.33111301475214233, 'scale_lr': 0.378387277495477}. Best is trial 431 with value: 0.29227477542268554.
checkpoint_e34 window_influence: 0.54293488965900116, penalty_k: 0.13677375277730078, scale_lr: 0.47749556776178576, EAO: 0.238
Trial 642 finished with value: 0.23843207077039935 and parameters: {'window_influence': 0.5429348896590012, 'penalty_k': 0.13677375277730078, 'scale_lr': 0.47749556776178576}. Best is trial 431 with value: 0.29227477542268554.
checkpoint_e34 window_influence: 0.32506125928238355, penalty_k: 0.18861890799302009, scale_lr: 0.45694110341268596, EAO: 0.259
Trial 643 finished with value: 0.2586015959580739 and parameters: {'window_influence': 0.32506125928238355, 'penalty_k': 0.18861890799302009, 'scale_lr': 0.45694110341268596}. Best is trial 431 with value: 0.29227477542268554.
checkpoint_e34 window_influence: 0.30306516109723530, penalty_k: 0.05800889616218819, scale_lr: 0.28452419692658071, EAO: 0.257
Trial 644 finished with value: 0.2573106500918303 and parameters: {'window_influence': 0.3030651610972353, 'penalty_k': 0.05800889616218819, 'scale_lr': 0.2845241969265807}. Best is trial 431 with value: 0.29227477542268554.
checkpoint_e34 window_influence: 0.31349749958244716, penalty_k: 0.20665197358520052, scale_lr: 0.71713659556251186, EAO: 0.262
Trial 645 finished with value: 0.26215851730932066 and parameters: {'window_influence': 0.31349749958244716, 'penalty_k': 0.20665197358520052, 'scale_lr': 0.7171365955625119}. Best is trial 431 with value: 0.29227477542268554.
checkpoint_e34 window_influence: 0.50648064094392931, penalty_k: 0.28910788307084029, scale_lr: 0.23209858844070097, EAO: 0.243
Trial 646 finished with value: 0.24315563819515026 and parameters: {'window_influence': 0.5064806409439293, 'penalty_k': 0.2891078830708403, 'scale_lr': 0.23209858844070097}. Best is trial 431 with value: 0.29227477542268554.
checkpoint_e34 window_influence: 0.35185658260377795, penalty_k: 0.11298584057255087, scale_lr: 0.70154335979899896, EAO: 0.245
Trial 647 finished with value: 0.24545128510250308 and parameters: {'window_influence': 0.35185658260377795, 'penalty_k': 0.11298584057255087, 'scale_lr': 0.701543359798999}. Best is trial 431 with value: 0.29227477542268554.
checkpoint_e34 window_influence: 0.28882773167644810, penalty_k: 0.14819278470225150, scale_lr: 0.43684863390463857, EAO: 0.254
Trial 648 finished with value: 0.25426035525837565 and parameters: {'window_influence': 0.2888277316764481, 'penalty_k': 0.1481927847022515, 'scale_lr': 0.4368486339046386}. Best is trial 431 with value: 0.29227477542268554.
checkpoint_e34 window_influence: 0.33530150454180269, penalty_k: 0.26947176023868513, scale_lr: 0.25754039175192994, EAO: 0.267
Trial 649 finished with value: 0.2671184560995761 and parameters: {'window_influence': 0.3353015045418027, 'penalty_k': 0.26947176023868513, 'scale_lr': 0.25754039175192994}. Best is trial 431 with value: 0.29227477542268554.
checkpoint_e34 window_influence: 0.29688850838122749, penalty_k: 0.12489591849971581, scale_lr: 0.47214470407930242, EAO: 0.264
Trial 650 finished with value: 0.2635010062921338 and parameters: {'window_influence': 0.2968885083812275, 'penalty_k': 0.1248959184997158, 'scale_lr': 0.4721447040793024}. Best is trial 431 with value: 0.29227477542268554.
checkpoint_e34 window_influence: 0.31998015450880318, penalty_k: 0.17370100240477132, scale_lr: 0.51652077518257711, EAO: 0.265
Trial 651 finished with value: 0.2647701067531981 and parameters: {'window_influence': 0.3199801545088032, 'penalty_k': 0.17370100240477132, 'scale_lr': 0.5165207751825771}. Best is trial 431 with value: 0.29227477542268554.
checkpoint_e34 window_influence: 0.30782042065541831, penalty_k: 0.21835741171611850, scale_lr: 0.12920403539422776, EAO: 0.258
Trial 652 finished with value: 0.2575554492754665 and parameters: {'window_influence': 0.3078204206554183, 'penalty_k': 0.2183574117161185, 'scale_lr': 0.12920403539422776}. Best is trial 431 with value: 0.29227477542268554.
checkpoint_e34 window_influence: 0.11976188612145711, penalty_k: 0.03700715120943297, scale_lr: 0.40577907281828041, EAO: 0.250
Trial 653 finished with value: 0.2497459692441351 and parameters: {'window_influence': 0.1197618861214571, 'penalty_k': 0.037007151209432966, 'scale_lr': 0.4057790728182804}. Best is trial 431 with value: 0.29227477542268554.
checkpoint_e34 window_influence: 0.57113612457702922, penalty_k: 0.30690819651387879, scale_lr: 0.35459999158509475, EAO: 0.226
Trial 654 finished with value: 0.22626370349066044 and parameters: {'window_influence': 0.5711361245770292, 'penalty_k': 0.3069081965138788, 'scale_lr': 0.35459999158509475}. Best is trial 431 with value: 0.29227477542268554.
checkpoint_e34 window_influence: 0.27918386080677293, penalty_k: 0.19577520217856759, scale_lr: 0.29130448042261309, EAO: 0.271
Trial 655 finished with value: 0.270702874091098 and parameters: {'window_influence': 0.27918386080677293, 'penalty_k': 0.1957752021785676, 'scale_lr': 0.2913044804226131}. Best is trial 431 with value: 0.29227477542268554.
checkpoint_e34 window_influence: 0.33009942150838389, penalty_k: 0.09164060408564702, scale_lr: 0.38869800878172633, EAO: 0.247
Trial 656 finished with value: 0.24740211835237053 and parameters: {'window_influence': 0.3300994215083839, 'penalty_k': 0.09164060408564702, 'scale_lr': 0.38869800878172633}. Best is trial 431 with value: 0.29227477542268554.
checkpoint_e34 window_influence: 0.34506480134137085, penalty_k: 0.23077134277645844, scale_lr: 0.30180071126555302, EAO: 0.247
Trial 657 finished with value: 0.24667492835986904 and parameters: {'window_influence': 0.34506480134137085, 'penalty_k': 0.23077134277645844, 'scale_lr': 0.301800711265553}. Best is trial 431 with value: 0.29227477542268554.
checkpoint_e34 window_influence: 0.36069849158010386, penalty_k: 0.35085865650159737, scale_lr: 0.27250764852919485, EAO: 0.255
Trial 658 finished with value: 0.255384950194417 and parameters: {'window_influence': 0.36069849158010386, 'penalty_k': 0.35085865650159737, 'scale_lr': 0.27250764852919485}. Best is trial 431 with value: 0.29227477542268554.
checkpoint_e34 window_influence: 0.29652698355909168, penalty_k: 0.31987651843124265, scale_lr: 0.75262243501219406, EAO: 0.261
Trial 659 finished with value: 0.2607740828297972 and parameters: {'window_influence': 0.2965269835590917, 'penalty_k': 0.31987651843124265, 'scale_lr': 0.7526224350121941}. Best is trial 431 with value: 0.29227477542268554.
checkpoint_e34 window_influence: 0.37888002345289096, penalty_k: 0.57646907013006521, scale_lr: 0.38162534138265891, EAO: 0.242
Trial 660 finished with value: 0.24209253271905387 and parameters: {'window_influence': 0.37888002345289096, 'penalty_k': 0.5764690701300652, 'scale_lr': 0.3816253413826589}. Best is trial 431 with value: 0.29227477542268554.
checkpoint_e34 window_influence: 0.16708618080699461, penalty_k: 0.39638377839181677, scale_lr: 0.22235639936796292, EAO: 0.231
Trial 661 finished with value: 0.2311956251903278 and parameters: {'window_influence': 0.1670861808069946, 'penalty_k': 0.39638377839181677, 'scale_lr': 0.22235639936796292}. Best is trial 431 with value: 0.29227477542268554.
checkpoint_e34 window_influence: 0.31032056036089622, penalty_k: 0.27946014103507755, scale_lr: 0.32150566109172696, EAO: 0.276
Trial 662 finished with value: 0.276179019513169 and parameters: {'window_influence': 0.3103205603608962, 'penalty_k': 0.27946014103507755, 'scale_lr': 0.32150566109172696}. Best is trial 431 with value: 0.29227477542268554.
checkpoint_e34 window_influence: 0.32541464450001512, penalty_k: 0.27297013276512594, scale_lr: 0.31823985442859681, EAO: 0.259
Trial 663 finished with value: 0.2588740214705467 and parameters: {'window_influence': 0.3254146445000151, 'penalty_k': 0.27297013276512594, 'scale_lr': 0.3182398544285968}. Best is trial 431 with value: 0.29227477542268554.
checkpoint_e34 window_influence: 0.31139420986968092, penalty_k: 0.28336630085245079, scale_lr: 0.78538289175714193, EAO: 0.249
Trial 664 finished with value: 0.24927417152538534 and parameters: {'window_influence': 0.3113942098696809, 'penalty_k': 0.2833663008524508, 'scale_lr': 0.7853828917571419}. Best is trial 431 with value: 0.29227477542268554.
checkpoint_e34 window_influence: 0.33755759525464907, penalty_k: 0.27778498246867278, scale_lr: 0.28108049545205727, EAO: 0.281
Trial 665 finished with value: 0.2813933344512451 and parameters: {'window_influence': 0.33755759525464907, 'penalty_k': 0.2777849824686728, 'scale_lr': 0.28108049545205727}. Best is trial 431 with value: 0.29227477542268554.
checkpoint_e34 window_influence: 0.33703858335593034, penalty_k: 0.27364699083531735, scale_lr: 0.73862369624548430, EAO: 0.248
Trial 666 finished with value: 0.2476539058777375 and parameters: {'window_influence': 0.33703858335593034, 'penalty_k': 0.27364699083531735, 'scale_lr': 0.7386236962454843}. Best is trial 431 with value: 0.29227477542268554.
checkpoint_e34 window_influence: 0.32141880322543620, penalty_k: 0.28520841935121088, scale_lr: 0.34477494232325484, EAO: 0.257
Trial 667 finished with value: 0.25652355343345706 and parameters: {'window_influence': 0.3214188032254362, 'penalty_k': 0.2852084193512109, 'scale_lr': 0.34477494232325484}. Best is trial 431 with value: 0.29227477542268554.
checkpoint_e34 window_influence: 0.31099992807641452, penalty_k: 0.29720375788707221, scale_lr: 0.41589440143218120, EAO: 0.265
Trial 668 finished with value: 0.2646565173215013 and parameters: {'window_influence': 0.3109999280764145, 'penalty_k': 0.2972037578870722, 'scale_lr': 0.4158944014321812}. Best is trial 431 with value: 0.29227477542268554.
checkpoint_e34 window_influence: 0.06126079940824702, penalty_k: 0.28779871952799396, scale_lr: 0.31300780338460787, EAO: 0.236
Trial 669 finished with value: 0.23643933733304343 and parameters: {'window_influence': 0.061260799408247024, 'penalty_k': 0.28779871952799396, 'scale_lr': 0.3130078033846079}. Best is trial 431 with value: 0.29227477542268554.
checkpoint_e34 window_influence: 0.33520429081906561, penalty_k: 0.27055184683683248, scale_lr: 0.31749646022225164, EAO: 0.259
Trial 670 finished with value: 0.25890662048648044 and parameters: {'window_influence': 0.3352042908190656, 'penalty_k': 0.2705518468368325, 'scale_lr': 0.31749646022225164}. Best is trial 431 with value: 0.29227477542268554.
checkpoint_e34 window_influence: 0.28341981242250663, penalty_k: 0.36856438371500910, scale_lr: 0.31868813681353497, EAO: 0.259
Trial 671 finished with value: 0.2585346281407325 and parameters: {'window_influence': 0.28341981242250663, 'penalty_k': 0.3685643837150091, 'scale_lr': 0.318688136813535}. Best is trial 431 with value: 0.29227477542268554.
checkpoint_e34 window_influence: 0.32774133783519799, penalty_k: 0.27650064785446632, scale_lr: 0.26334665314060302, EAO: 0.254
Trial 672 finished with value: 0.25403745914620113 and parameters: {'window_influence': 0.327741337835198, 'penalty_k': 0.2765006478544663, 'scale_lr': 0.263346653140603}. Best is trial 431 with value: 0.29227477542268554.
checkpoint_e34 window_influence: 0.29359636163053704, penalty_k: 0.25817593737368200, scale_lr: 0.28998506544228864, EAO: 0.273
Trial 673 finished with value: 0.27306651045394137 and parameters: {'window_influence': 0.29359636163053704, 'penalty_k': 0.258175937373682, 'scale_lr': 0.28998506544228864}. Best is trial 431 with value: 0.29227477542268554.
checkpoint_e34 window_influence: 0.53487339621504493, penalty_k: 0.30401541662455106, scale_lr: 0.32664192175626805, EAO: 0.237
Trial 674 finished with value: 0.2367950318668916 and parameters: {'window_influence': 0.5348733962150449, 'penalty_k': 0.30401541662455106, 'scale_lr': 0.32664192175626805}. Best is trial 431 with value: 0.29227477542268554.
checkpoint_e34 window_influence: 0.31708081973849650, penalty_k: 0.27800177231416678, scale_lr: 0.30430315802170066, EAO: 0.270
Trial 675 finished with value: 0.269811759210699 and parameters: {'window_influence': 0.3170808197384965, 'penalty_k': 0.2780017723141668, 'scale_lr': 0.30430315802170066}. Best is trial 431 with value: 0.29227477542268554.
checkpoint_e34 window_influence: 0.34869476839123265, penalty_k: 0.26694319873504041, scale_lr: 0.29556098657352509, EAO: 0.254
Trial 676 finished with value: 0.2536892545659368 and parameters: {'window_influence': 0.34869476839123265, 'penalty_k': 0.2669431987350404, 'scale_lr': 0.2955609865735251}. Best is trial 431 with value: 0.29227477542268554.
checkpoint_e34 window_influence: 0.30404235720529643, penalty_k: 0.29671505651395191, scale_lr: 0.33650460470067034, EAO: 0.263
Trial 677 finished with value: 0.2628693405569084 and parameters: {'window_influence': 0.30404235720529643, 'penalty_k': 0.2967150565139519, 'scale_lr': 0.33650460470067034}. Best is trial 431 with value: 0.29227477542268554.
checkpoint_e34 window_influence: 0.33176430331019235, penalty_k: 0.16677426995713282, scale_lr: 0.27884700589978006, EAO: 0.275
Trial 678 finished with value: 0.2754462486117836 and parameters: {'window_influence': 0.33176430331019235, 'penalty_k': 0.16677426995713282, 'scale_lr': 0.27884700589978006}. Best is trial 431 with value: 0.29227477542268554.
checkpoint_e34 window_influence: 0.44070796713383215, penalty_k: 0.23878770345204314, scale_lr: 0.31310181317288838, EAO: 0.254
Trial 679 finished with value: 0.2542795404428389 and parameters: {'window_influence': 0.44070796713383215, 'penalty_k': 0.23878770345204314, 'scale_lr': 0.3131018131728884}. Best is trial 431 with value: 0.29227477542268554.
checkpoint_e34 window_influence: 0.48329644269110195, penalty_k: 0.25984727642379607, scale_lr: 0.34553491284865712, EAO: 0.251
Trial 680 finished with value: 0.25100833940796735 and parameters: {'window_influence': 0.48329644269110195, 'penalty_k': 0.25984727642379607, 'scale_lr': 0.3455349128486571}. Best is trial 431 with value: 0.29227477542268554.
checkpoint_e34 window_influence: 0.27526052233956766, penalty_k: 0.21397915369100423, scale_lr: 0.25855047274399495, EAO: 0.254
Trial 681 finished with value: 0.2537046145738625 and parameters: {'window_influence': 0.27526052233956766, 'penalty_k': 0.21397915369100423, 'scale_lr': 0.25855047274399495}. Best is trial 431 with value: 0.29227477542268554.
checkpoint_e34 window_influence: 0.18287794483508935, penalty_k: 0.32037473655545995, scale_lr: 0.26608151262290669, EAO: 0.249
