Trial 1671 finished with value: 0.25003073400840525 and parameters: {'window_influence': 0.2999481507046123, 'penalty_k': 0.3810707005791826, 'scale_lr': 0.7625265090955945}. Best is trial 489 with value: 0.28065862270390113.
Trial 1672 failed with parameters: {'window_influence': 0.2833893434720737, 'penalty_k': 0.23317497922875155, 'scale_lr': 0.7288975255439542} because of the following error: KeyboardInterrupt().
Traceback (most recent call last):
  File "/home/n26092289/anaconda3/envs/my_siamban/lib/python3.7/site-packages/optuna/study/_optimize.py", line 200, in _run_trial
    value_or_values = func(trial)
  File "../../tools/tune.py", line 269, in objective
    outputs = tracker.track(img)
  File "../../tools/tune.py", line 127, in track
    score = self._convert_score(outputs['cls'])
  File "../../tools/tune.py", line 75, in _convert_score
    score = score.softmax(1).detach()[:, 1].cpu().numpy()
KeyboardInterrupt
Trial 1672 failed with value None.
A new study created in memory with name: no-name-a08c3e21-e3d4-4dd1-8462-6f78b6d4b2f6
Trial 0 failed with parameters: {'window_influence': 0.24641415333123695, 'penalty_k': 0.3656457265949153, 'scale_lr': 0.7818207299344921} because of the following error: KeyboardInterrupt().
Traceback (most recent call last):
  File "/home/n26092289/anaconda3/envs/my_siamban/lib/python3.7/site-packages/optuna/study/_optimize.py", line 200, in _run_trial
    value_or_values = func(trial)
  File "../../tools/tune.py", line 269, in objective
    outputs = tracker.track(img)
  File "../../tools/tune.py", line 127, in track
    score = self._convert_score(outputs['cls'])
  File "../../tools/tune.py", line 75, in _convert_score
    score = score.softmax(1).detach()[:, 1].cpu().numpy()
KeyboardInterrupt
Trial 0 failed with value None.
A new study created in memory with name: no-name-92abea11-49ab-4c5a-b5e5-8f12b909c2e9
checkpoint_e32 window_influence: 0.54075835373025760, penalty_k: 0.53407501781801492, scale_lr: 0.39180263901118539, EAO: 0.236
Trial 0 finished with value: 0.23578897784880506 and parameters: {'window_influence': 0.5407583537302576, 'penalty_k': 0.5340750178180149, 'scale_lr': 0.3918026390111854}. Best is trial 0 with value: 0.23578897784880506.
checkpoint_e32 window_influence: 0.26228504433069177, penalty_k: 0.41303382598880461, scale_lr: 0.33721754163492978, EAO: 0.257
Trial 1 finished with value: 0.2569609058460569 and parameters: {'window_influence': 0.2622850443306918, 'penalty_k': 0.4130338259888046, 'scale_lr': 0.3372175416349298}. Best is trial 1 with value: 0.2569609058460569.
Trial 2 failed with parameters: {'window_influence': 0.14680426951164022, 'penalty_k': 0.2674884240278161, 'scale_lr': 0.7283101547535293} because of the following error: KeyboardInterrupt().
Traceback (most recent call last):
  File "/home/n26092289/anaconda3/envs/my_siamban/lib/python3.7/site-packages/optuna/study/_optimize.py", line 200, in _run_trial
    value_or_values = func(trial)
  File "../../tools/tune.py", line 269, in objective
    outputs = tracker.track(img)
  File "../../tools/tune.py", line 127, in track
    score = self._convert_score(outputs['cls'])
  File "../../tools/tune.py", line 75, in _convert_score
    score = score.softmax(1).detach()[:, 1].cpu().numpy()
KeyboardInterrupt
Trial 2 failed with value None.
A new study created in memory with name: no-name-76a355ec-13c5-44f6-8b93-f896df1d1e75
checkpoint_e32 window_influence: 0.40982501215457834, penalty_k: 0.14553995139296941, scale_lr: 0.67013696110179133, EAO: 0.265
Trial 0 finished with value: 0.2652184807551586 and parameters: {'window_influence': 0.40982501215457834, 'penalty_k': 0.1455399513929694, 'scale_lr': 0.6701369611017913}. Best is trial 0 with value: 0.2652184807551586.
checkpoint_e32 window_influence: 0.05204655362728124, penalty_k: 0.12631881346582677, scale_lr: 0.50675741792769713, EAO: 0.240
Trial 1 finished with value: 0.24013657213711156 and parameters: {'window_influence': 0.052046553627281236, 'penalty_k': 0.12631881346582677, 'scale_lr': 0.5067574179276971}. Best is trial 0 with value: 0.2652184807551586.
checkpoint_e32 window_influence: 0.25829472879885673, penalty_k: 0.04588676803571527, scale_lr: 0.55557787997503871, EAO: 0.263
Trial 2 finished with value: 0.2633721772127035 and parameters: {'window_influence': 0.25829472879885673, 'penalty_k': 0.04588676803571527, 'scale_lr': 0.5555778799750387}. Best is trial 0 with value: 0.2652184807551586.
checkpoint_e32 window_influence: 0.50716774577488499, penalty_k: 0.17707949338148926, scale_lr: 0.59535325753008284, EAO: 0.252
Trial 3 finished with value: 0.25249684032628206 and parameters: {'window_influence': 0.507167745774885, 'penalty_k': 0.17707949338148926, 'scale_lr': 0.5953532575300828}. Best is trial 0 with value: 0.2652184807551586.
checkpoint_e32 window_influence: 0.44113039596459730, penalty_k: 0.46969976030728489, scale_lr: 0.18340087938297589, EAO: 0.252
Trial 4 finished with value: 0.2521200289692336 and parameters: {'window_influence': 0.4411303959645973, 'penalty_k': 0.4696997603072849, 'scale_lr': 0.1834008793829759}. Best is trial 0 with value: 0.2652184807551586.
checkpoint_e32 window_influence: 0.13537273509704736, penalty_k: 0.19409377370337685, scale_lr: 0.13547102381075754, EAO: 0.249
Trial 5 finished with value: 0.24925403278775332 and parameters: {'window_influence': 0.13537273509704736, 'penalty_k': 0.19409377370337685, 'scale_lr': 0.13547102381075754}. Best is trial 0 with value: 0.2652184807551586.
checkpoint_e32 window_influence: 0.27807771011068128, penalty_k: 0.56680312687956691, scale_lr: 0.32997019443774811, EAO: 0.259
Trial 6 finished with value: 0.25876450980824184 and parameters: {'window_influence': 0.2780777101106813, 'penalty_k': 0.5668031268795669, 'scale_lr': 0.3299701944377481}. Best is trial 0 with value: 0.2652184807551586.
checkpoint_e32 window_influence: 0.58290827707285264, penalty_k: 0.53227112810717758, scale_lr: 0.11011410977146253, EAO: 0.220
Trial 7 finished with value: 0.21983170170124952 and parameters: {'window_influence': 0.5829082770728526, 'penalty_k': 0.5322711281071776, 'scale_lr': 0.11011410977146253}. Best is trial 0 with value: 0.2652184807551586.
checkpoint_e32 window_influence: 0.21916160203635399, penalty_k: 0.28900653478604349, scale_lr: 0.32198606088327530, EAO: 0.257
Trial 8 finished with value: 0.25730154493717644 and parameters: {'window_influence': 0.219161602036354, 'penalty_k': 0.2890065347860435, 'scale_lr': 0.3219860608832753}. Best is trial 0 with value: 0.2652184807551586.
checkpoint_e32 window_influence: 0.60633051035615615, penalty_k: 0.13466814361959309, scale_lr: 0.67747643334794294, EAO: 0.224
Trial 9 finished with value: 0.22445545545438442 and parameters: {'window_influence': 0.6063305103561561, 'penalty_k': 0.1346681436195931, 'scale_lr': 0.6774764333479429}. Best is trial 0 with value: 0.2652184807551586.
checkpoint_e32 window_influence: 0.39804894922745876, penalty_k: 0.00091599918080554, scale_lr: 0.79164052385076800, EAO: 0.258
Trial 10 finished with value: 0.25771507021130585 and parameters: {'window_influence': 0.39804894922745876, 'penalty_k': 0.0009159991808055379, 'scale_lr': 0.791640523850768}. Best is trial 0 with value: 0.2652184807551586.
checkpoint_e32 window_influence: 0.32092344890388186, penalty_k: 0.00053938294965214, scale_lr: 0.60911411107619540, EAO: 0.271
Trial 11 finished with value: 0.2714806470444532 and parameters: {'window_influence': 0.32092344890388186, 'penalty_k': 0.0005393829496521396, 'scale_lr': 0.6091141110761954}. Best is trial 11 with value: 0.2714806470444532.
checkpoint_e32 window_influence: 0.36619492883928034, penalty_k: 0.00964038494920613, scale_lr: 0.67394997564512615, EAO: 0.265
Trial 12 finished with value: 0.2649140754729752 and parameters: {'window_influence': 0.36619492883928034, 'penalty_k': 0.009640384949206132, 'scale_lr': 0.6739499756451262}. Best is trial 11 with value: 0.2714806470444532.
checkpoint_e32 window_influence: 0.33730985752243903, penalty_k: 0.08221403876267977, scale_lr: 0.79536556769135403, EAO: 0.259
Trial 13 finished with value: 0.2589003518829501 and parameters: {'window_influence': 0.337309857522439, 'penalty_k': 0.08221403876267977, 'scale_lr': 0.795365567691354}. Best is trial 11 with value: 0.2714806470444532.
checkpoint_e32 window_influence: 0.48633238951682789, penalty_k: 0.25657655074039543, scale_lr: 0.45114089556265419, EAO: 0.258
Trial 14 finished with value: 0.25808819292522056 and parameters: {'window_influence': 0.4863323895168279, 'penalty_k': 0.2565765507403954, 'scale_lr': 0.4511408955626542}. Best is trial 11 with value: 0.2714806470444532.
checkpoint_e32 window_influence: 0.32253750872181569, penalty_k: 0.08233505789975690, scale_lr: 0.62031925857797188, EAO: 0.264
Trial 15 finished with value: 0.2642714028678289 and parameters: {'window_influence': 0.3225375087218157, 'penalty_k': 0.0823350578997569, 'scale_lr': 0.6203192585779719}. Best is trial 11 with value: 0.2714806470444532.
checkpoint_e32 window_influence: 0.41274039212291108, penalty_k: 0.36866175851886185, scale_lr: 0.70000539487308389, EAO: 0.269
Trial 16 finished with value: 0.2692571393236881 and parameters: {'window_influence': 0.4127403921229111, 'penalty_k': 0.36866175851886185, 'scale_lr': 0.7000053948730839}. Best is trial 11 with value: 0.2714806470444532.
checkpoint_e32 window_influence: 0.50910223735660498, penalty_k: 0.37598458788188116, scale_lr: 0.72422356438463975, EAO: 0.244
Trial 17 finished with value: 0.24438972395610034 and parameters: {'window_influence': 0.509102237356605, 'penalty_k': 0.37598458788188116, 'scale_lr': 0.7242235643846398}. Best is trial 11 with value: 0.2714806470444532.
checkpoint_e32 window_influence: 0.64580514956423007, penalty_k: 0.36475165693837325, scale_lr: 0.56191280674247168, EAO: 0.201
Trial 18 finished with value: 0.20113454153382682 and parameters: {'window_influence': 0.6458051495642301, 'penalty_k': 0.36475165693837325, 'scale_lr': 0.5619128067424717}. Best is trial 11 with value: 0.2714806470444532.
checkpoint_e32 window_influence: 0.30947878050555033, penalty_k: 0.23172520322752974, scale_lr: 0.73391951073411543, EAO: 0.268
Trial 19 finished with value: 0.267511376702204 and parameters: {'window_influence': 0.30947878050555033, 'penalty_k': 0.23172520322752974, 'scale_lr': 0.7339195107341154}. Best is trial 11 with value: 0.2714806470444532.
checkpoint_e32 window_influence: 0.21241281184603911, penalty_k: 0.33812005810094892, scale_lr: 0.51087528444476626, EAO: 0.252
Trial 20 finished with value: 0.25242238849159176 and parameters: {'window_influence': 0.2124128118460391, 'penalty_k': 0.3381200581009489, 'scale_lr': 0.5108752844447663}. Best is trial 11 with value: 0.2714806470444532.
checkpoint_e32 window_influence: 0.32122318798389227, penalty_k: 0.23340466064974610, scale_lr: 0.73709928142578063, EAO: 0.257
Trial 21 finished with value: 0.25704547338854006 and parameters: {'window_influence': 0.32122318798389227, 'penalty_k': 0.2334046606497461, 'scale_lr': 0.7370992814257806}. Best is trial 11 with value: 0.2714806470444532.
checkpoint_e32 window_influence: 0.39492975247170259, penalty_k: 0.42101500998293562, scale_lr: 0.63417298973368630, EAO: 0.277
Trial 22 finished with value: 0.2770072551883333 and parameters: {'window_influence': 0.3949297524717026, 'penalty_k': 0.4210150099829356, 'scale_lr': 0.6341729897336863}. Best is trial 22 with value: 0.2770072551883333.
checkpoint_e32 window_influence: 0.38202038214362372, penalty_k: 0.41813438361162603, scale_lr: 0.63815105693642271, EAO: 0.274
Trial 23 finished with value: 0.2744937441576787 and parameters: {'window_influence': 0.3820203821436237, 'penalty_k': 0.418134383611626, 'scale_lr': 0.6381510569364227}. Best is trial 22 with value: 0.2770072551883333.
checkpoint_e32 window_influence: 0.37428744790195756, penalty_k: 0.43456147286248598, scale_lr: 0.63437897193254078, EAO: 0.263
Trial 24 finished with value: 0.26291669838554493 and parameters: {'window_influence': 0.37428744790195756, 'penalty_k': 0.434561472862486, 'scale_lr': 0.6343789719325408}. Best is trial 22 with value: 0.2770072551883333.
checkpoint_e32 window_influence: 0.36117739950276173, penalty_k: 0.44144518000391886, scale_lr: 0.62060433400504755, EAO: 0.266
Trial 25 finished with value: 0.2659678884395739 and parameters: {'window_influence': 0.36117739950276173, 'penalty_k': 0.44144518000391886, 'scale_lr': 0.6206043340050476}. Best is trial 22 with value: 0.2770072551883333.
checkpoint_e32 window_influence: 0.45692346933323519, penalty_k: 0.32814530227305239, scale_lr: 0.56549296917326075, EAO: 0.261
Trial 26 finished with value: 0.2609005783025811 and parameters: {'window_influence': 0.4569234693332352, 'penalty_k': 0.3281453022730524, 'scale_lr': 0.5654929691732608}. Best is trial 22 with value: 0.2770072551883333.
checkpoint_e32 window_influence: 0.41856064289147660, penalty_k: 0.41102658472600895, scale_lr: 0.63838890019004602, EAO: 0.264
Trial 27 finished with value: 0.26439845870907713 and parameters: {'window_influence': 0.4185606428914766, 'penalty_k': 0.41102658472600895, 'scale_lr': 0.638388900190046}. Best is trial 22 with value: 0.2770072551883333.
checkpoint_e32 window_influence: 0.37831738047752378, penalty_k: 0.50493969494861668, scale_lr: 0.59135807884744662, EAO: 0.261
Trial 28 finished with value: 0.2606081693637662 and parameters: {'window_influence': 0.3783173804775238, 'penalty_k': 0.5049396949486167, 'scale_lr': 0.5913580788474466}. Best is trial 22 with value: 0.2770072551883333.
checkpoint_e32 window_influence: 0.41555989310124447, penalty_k: 0.59596979644751569, scale_lr: 0.66738747342867721, EAO: 0.248
Trial 29 finished with value: 0.2481041433123069 and parameters: {'window_influence': 0.41555989310124447, 'penalty_k': 0.5959697964475157, 'scale_lr': 0.6673874734286772}. Best is trial 22 with value: 0.2770072551883333.
checkpoint_e32 window_influence: 0.46064262639701942, penalty_k: 0.27820340211760342, scale_lr: 0.51200585876904681, EAO: 0.259
Trial 30 finished with value: 0.2592496553935656 and parameters: {'window_influence': 0.4606426263970194, 'penalty_k': 0.2782034021176034, 'scale_lr': 0.5120058587690468}. Best is trial 22 with value: 0.2770072551883333.
checkpoint_e32 window_influence: 0.40363060972768816, penalty_k: 0.39378935096103379, scale_lr: 0.69985993105955002, EAO: 0.279
Trial 31 finished with value: 0.2786483215849574 and parameters: {'window_influence': 0.40363060972768816, 'penalty_k': 0.3937893509610338, 'scale_lr': 0.69985993105955}. Best is trial 31 with value: 0.2786483215849574.
checkpoint_e32 window_influence: 0.36947710078855467, penalty_k: 0.40751422198006337, scale_lr: 0.65645169892119803, EAO: 0.259
Trial 32 finished with value: 0.25887573237826184 and parameters: {'window_influence': 0.36947710078855467, 'penalty_k': 0.4075142219800634, 'scale_lr': 0.656451698921198}. Best is trial 31 with value: 0.2786483215849574.
checkpoint_e32 window_influence: 0.28795876860348218, penalty_k: 0.48205017994051069, scale_lr: 0.75561496183901333, EAO: 0.263
Trial 33 finished with value: 0.26311977601390546 and parameters: {'window_influence': 0.2879587686034822, 'penalty_k': 0.4820501799405107, 'scale_lr': 0.7556149618390133}. Best is trial 31 with value: 0.2786483215849574.
checkpoint_e32 window_influence: 0.34785023950483579, penalty_k: 0.31620846093387911, scale_lr: 0.71130340034815165, EAO: 0.257
Trial 34 finished with value: 0.25658985269748097 and parameters: {'window_influence': 0.3478502395048358, 'penalty_k': 0.3162084609338791, 'scale_lr': 0.7113034003481516}. Best is trial 31 with value: 0.2786483215849574.
checkpoint_e32 window_influence: 0.25839307555714569, penalty_k: 0.39068036485109248, scale_lr: 0.60045799680899892, EAO: 0.259
Trial 35 finished with value: 0.25934163777808833 and parameters: {'window_influence': 0.2583930755571457, 'penalty_k': 0.3906803648510925, 'scale_lr': 0.6004579968089989}. Best is trial 31 with value: 0.2786483215849574.
checkpoint_e32 window_influence: 0.39416665824165009, penalty_k: 0.45413595971573140, scale_lr: 0.68543162142854519, EAO: 0.261
Trial 36 finished with value: 0.26075022267859155 and parameters: {'window_influence': 0.3941666582416501, 'penalty_k': 0.4541359597157314, 'scale_lr': 0.6854316214285452}. Best is trial 31 with value: 0.2786483215849574.
checkpoint_e32 window_influence: 0.34092887299117192, penalty_k: 0.34139824594270790, scale_lr: 0.54181384084094519, EAO: 0.268
Trial 37 finished with value: 0.26844728247421545 and parameters: {'window_influence': 0.3409288729911719, 'penalty_k': 0.3413982459427079, 'scale_lr': 0.5418138408409452}. Best is trial 31 with value: 0.2786483215849574.
checkpoint_e32 window_influence: 0.42936673180276475, penalty_k: 0.41814338717131466, scale_lr: 0.64679806276903473, EAO: 0.262
Trial 38 finished with value: 0.26213443745684817 and parameters: {'window_influence': 0.42936673180276475, 'penalty_k': 0.41814338717131466, 'scale_lr': 0.6467980627690347}. Best is trial 31 with value: 0.2786483215849574.
checkpoint_e32 window_influence: 0.30371175603914247, penalty_k: 0.48586576037357665, scale_lr: 0.60239872878675238, EAO: 0.261
Trial 39 finished with value: 0.26117503606691594 and parameters: {'window_influence': 0.30371175603914247, 'penalty_k': 0.48586576037357665, 'scale_lr': 0.6023987287867524}. Best is trial 31 with value: 0.2786483215849574.
checkpoint_e32 window_influence: 0.48066364793635408, penalty_k: 0.16488414493767006, scale_lr: 0.76458955209882506, EAO: 0.259
Trial 40 finished with value: 0.25936858937507723 and parameters: {'window_influence': 0.4806636479363541, 'penalty_k': 0.16488414493767006, 'scale_lr': 0.7645895520988251}. Best is trial 31 with value: 0.2786483215849574.
checkpoint_e32 window_influence: 0.43268810477809577, penalty_k: 0.38747150778759476, scale_lr: 0.70556160263973078, EAO: 0.267
Trial 41 finished with value: 0.26708425218012277 and parameters: {'window_influence': 0.4326881047780958, 'penalty_k': 0.38747150778759476, 'scale_lr': 0.7055616026397308}. Best is trial 31 with value: 0.2786483215849574.
checkpoint_e32 window_influence: 0.39748984721173813, penalty_k: 0.35052698255564929, scale_lr: 0.68783696076969547, EAO: 0.263
Trial 42 finished with value: 0.26274857766986864 and parameters: {'window_influence': 0.39748984721173813, 'penalty_k': 0.3505269825556493, 'scale_lr': 0.6878369607696955}. Best is trial 31 with value: 0.2786483215849574.
checkpoint_e32 window_influence: 0.44822585716684615, penalty_k: 0.31558697146117110, scale_lr: 0.70298185222101017, EAO: 0.264
Trial 43 finished with value: 0.26424207277898865 and parameters: {'window_influence': 0.44822585716684615, 'penalty_k': 0.3155869714611711, 'scale_lr': 0.7029818522210102}. Best is trial 31 with value: 0.2786483215849574.
checkpoint_e32 window_influence: 0.39671434093843999, penalty_k: 0.36445108589880704, scale_lr: 0.65537170735550454, EAO: 0.269
Trial 44 finished with value: 0.2690786671468882 and parameters: {'window_influence': 0.39671434093844, 'penalty_k': 0.36445108589880704, 'scale_lr': 0.6553717073555045}. Best is trial 31 with value: 0.2786483215849574.
checkpoint_e32 window_influence: 0.34329687819383442, penalty_k: 0.45069711154927394, scale_lr: 0.76117304548902109, EAO: 0.248
Trial 45 finished with value: 0.24792721831217046 and parameters: {'window_influence': 0.3432968781938344, 'penalty_k': 0.45069711154927394, 'scale_lr': 0.7611730454890211}. Best is trial 31 with value: 0.2786483215849574.
checkpoint_e32 window_influence: 0.53171284187365886, penalty_k: 0.39478639913606184, scale_lr: 0.58637038553134047, EAO: 0.244
Trial 46 finished with value: 0.243538522199402 and parameters: {'window_influence': 0.5317128418736589, 'penalty_k': 0.39478639913606184, 'scale_lr': 0.5863703855313405}. Best is trial 31 with value: 0.2786483215849574.
checkpoint_e32 window_influence: 0.39334911988255389, penalty_k: 0.29097899082547035, scale_lr: 0.67932160261367558, EAO: 0.258
Trial 47 finished with value: 0.2579473759827575 and parameters: {'window_influence': 0.3933491198825539, 'penalty_k': 0.29097899082547035, 'scale_lr': 0.6793216026136756}. Best is trial 31 with value: 0.2786483215849574.
checkpoint_e32 window_influence: 0.42161557217235679, penalty_k: 0.42243363754581936, scale_lr: 0.62898735757537194, EAO: 0.258
Trial 48 finished with value: 0.25754096013743705 and parameters: {'window_influence': 0.4216155721723568, 'penalty_k': 0.42243363754581936, 'scale_lr': 0.6289873575753719}. Best is trial 31 with value: 0.2786483215849574.
checkpoint_e32 window_influence: 0.36052415862512699, penalty_k: 0.10183562108983005, scale_lr: 0.79396069107009692, EAO: 0.259
Trial 49 finished with value: 0.25884874716279954 and parameters: {'window_influence': 0.360524158625127, 'penalty_k': 0.10183562108983005, 'scale_lr': 0.7939606910700969}. Best is trial 31 with value: 0.2786483215849574.
checkpoint_e32 window_influence: 0.29205565005964323, penalty_k: 0.03327798726994564, scale_lr: 0.72756645610677517, EAO: 0.269
Trial 50 finished with value: 0.26913995404795904 and parameters: {'window_influence': 0.29205565005964323, 'penalty_k': 0.033277987269945644, 'scale_lr': 0.7275664561067752}. Best is trial 31 with value: 0.2786483215849574.
checkpoint_e32 window_influence: 0.29198234387219557, penalty_k: 0.04112383788921540, scale_lr: 0.72047133392296181, EAO: 0.258
Trial 51 finished with value: 0.25814824351450294 and parameters: {'window_influence': 0.29198234387219557, 'penalty_k': 0.0411238378892154, 'scale_lr': 0.7204713339229618}. Best is trial 31 with value: 0.2786483215849574.
checkpoint_e32 window_influence: 0.32714415897255811, penalty_k: 0.01897257691370218, scale_lr: 0.69541770294839322, EAO: 0.262
