Trial 372 finished with value: 0.25501363573035574 and parameters: {'window_influence': 0.2735144819549549, 'penalty_k': 0.1649901768995264, 'scale_lr': 0.586294158012633}. Best is trial 279 with value: 0.28839627738163726.
checkpoint_e34 window_influence: 0.29450028055681110, penalty_k: 0.18710231296298616, scale_lr: 0.61978475338159544, EAO: 0.274
Trial 373 finished with value: 0.27367302884415884 and parameters: {'window_influence': 0.2945002805568111, 'penalty_k': 0.18710231296298616, 'scale_lr': 0.6197847533815954}. Best is trial 279 with value: 0.28839627738163726.
checkpoint_e34 window_influence: 0.29333685701507367, penalty_k: 0.17163778844171451, scale_lr: 0.65601488753068482, EAO: 0.274
Trial 374 finished with value: 0.2737415767297512 and parameters: {'window_influence': 0.29333685701507367, 'penalty_k': 0.1716377884417145, 'scale_lr': 0.6560148875306848}. Best is trial 279 with value: 0.28839627738163726.
checkpoint_e34 window_influence: 0.29385768505592191, penalty_k: 0.19045338729875799, scale_lr: 0.64511745014299793, EAO: 0.265
Trial 375 finished with value: 0.2651926751543836 and parameters: {'window_influence': 0.2938576850559219, 'penalty_k': 0.190453387298758, 'scale_lr': 0.6451174501429979}. Best is trial 279 with value: 0.28839627738163726.
checkpoint_e34 window_influence: 0.30030893218955140, penalty_k: 0.17964865474742645, scale_lr: 0.65802621936556638, EAO: 0.286
Trial 376 finished with value: 0.28577232924176427 and parameters: {'window_influence': 0.3003089321895514, 'penalty_k': 0.17964865474742645, 'scale_lr': 0.6580262193655664}. Best is trial 279 with value: 0.28839627738163726.
checkpoint_e34 window_influence: 0.31299564628873372, penalty_k: 0.16717501913719687, scale_lr: 0.65867799305305741, EAO: 0.271
Trial 377 finished with value: 0.2713717637144453 and parameters: {'window_influence': 0.3129956462887337, 'penalty_k': 0.16717501913719687, 'scale_lr': 0.6586779930530574}. Best is trial 279 with value: 0.28839627738163726.
checkpoint_e34 window_influence: 0.30679269630898787, penalty_k: 0.18441242124744012, scale_lr: 0.65305562619479263, EAO: 0.255
Trial 378 finished with value: 0.255126871653204 and parameters: {'window_influence': 0.30679269630898787, 'penalty_k': 0.18441242124744012, 'scale_lr': 0.6530556261947926}. Best is trial 279 with value: 0.28839627738163726.
checkpoint_e34 window_influence: 0.29430689752899492, penalty_k: 0.17854095745728116, scale_lr: 0.15847884066776136, EAO: 0.242
Trial 379 finished with value: 0.24227990161597243 and parameters: {'window_influence': 0.2943068975289949, 'penalty_k': 0.17854095745728116, 'scale_lr': 0.15847884066776136}. Best is trial 279 with value: 0.28839627738163726.
checkpoint_e34 window_influence: 0.29897873157255933, penalty_k: 0.15913409649187843, scale_lr: 0.64142726929201166, EAO: 0.262
Trial 380 finished with value: 0.26192582301734907 and parameters: {'window_influence': 0.29897873157255933, 'penalty_k': 0.15913409649187843, 'scale_lr': 0.6414272692920117}. Best is trial 279 with value: 0.28839627738163726.
checkpoint_e34 window_influence: 0.31201102524849655, penalty_k: 0.18976245047929682, scale_lr: 0.67759685266252068, EAO: 0.257
Trial 381 finished with value: 0.25730097118189665 and parameters: {'window_influence': 0.31201102524849655, 'penalty_k': 0.18976245047929682, 'scale_lr': 0.6775968526625207}. Best is trial 279 with value: 0.28839627738163726.
checkpoint_e34 window_influence: 0.28244924514315251, penalty_k: 0.17898269213101475, scale_lr: 0.66698259252043424, EAO: 0.255
Trial 382 finished with value: 0.25508287754969866 and parameters: {'window_influence': 0.2824492451431525, 'penalty_k': 0.17898269213101475, 'scale_lr': 0.6669825925204342}. Best is trial 279 with value: 0.28839627738163726.
checkpoint_e34 window_influence: 0.31912337314081224, penalty_k: 0.16629038807198387, scale_lr: 0.48653769789640755, EAO: 0.269
Trial 383 finished with value: 0.26902727310250446 and parameters: {'window_influence': 0.31912337314081224, 'penalty_k': 0.16629038807198387, 'scale_lr': 0.48653769789640755}. Best is trial 279 with value: 0.28839627738163726.
checkpoint_e34 window_influence: 0.30388615845559536, penalty_k: 0.19851437099616026, scale_lr: 0.63327318711154090, EAO: 0.260
Trial 384 finished with value: 0.259538281981538 and parameters: {'window_influence': 0.30388615845559536, 'penalty_k': 0.19851437099616026, 'scale_lr': 0.6332731871115409}. Best is trial 279 with value: 0.28839627738163726.
checkpoint_e34 window_influence: 0.41436391075406259, penalty_k: 0.14889494874370710, scale_lr: 0.51300852179816725, EAO: 0.264
Trial 385 finished with value: 0.26369156125115184 and parameters: {'window_influence': 0.4143639107540626, 'penalty_k': 0.1488949487437071, 'scale_lr': 0.5130085217981672}. Best is trial 279 with value: 0.28839627738163726.
checkpoint_e34 window_influence: 0.28648175824517885, penalty_k: 0.18657800564672761, scale_lr: 0.53697955947737042, EAO: 0.263
Trial 386 finished with value: 0.2628833580065549 and parameters: {'window_influence': 0.28648175824517885, 'penalty_k': 0.1865780056467276, 'scale_lr': 0.5369795594773704}. Best is trial 279 with value: 0.28839627738163726.
checkpoint_e34 window_influence: 0.29796651745647695, penalty_k: 0.17723979333629211, scale_lr: 0.65432039502602501, EAO: 0.265
Trial 387 finished with value: 0.26538063906799486 and parameters: {'window_influence': 0.29796651745647695, 'penalty_k': 0.1772397933362921, 'scale_lr': 0.654320395026025}. Best is trial 279 with value: 0.28839627738163726.
checkpoint_e34 window_influence: 0.27292713128589130, penalty_k: 0.15317484965523431, scale_lr: 0.53419869567734679, EAO: 0.274
Trial 388 finished with value: 0.27355914720432545 and parameters: {'window_influence': 0.2729271312858913, 'penalty_k': 0.1531748496552343, 'scale_lr': 0.5341986956773468}. Best is trial 279 with value: 0.28839627738163726.
checkpoint_e34 window_influence: 0.28182152456658455, penalty_k: 0.16952296888951437, scale_lr: 0.68274549678205887, EAO: 0.254
Trial 389 finished with value: 0.2537198396233039 and parameters: {'window_influence': 0.28182152456658455, 'penalty_k': 0.16952296888951437, 'scale_lr': 0.6827454967820589}. Best is trial 279 with value: 0.28839627738163726.
checkpoint_e34 window_influence: 0.32014748268873272, penalty_k: 0.16064363539880328, scale_lr: 0.53245527003916915, EAO: 0.249
Trial 390 finished with value: 0.24908038252979758 and parameters: {'window_influence': 0.3201474826887327, 'penalty_k': 0.16064363539880328, 'scale_lr': 0.5324552700391691}. Best is trial 279 with value: 0.28839627738163726.
checkpoint_e34 window_influence: 0.29997450948812393, penalty_k: 0.15908179100481865, scale_lr: 0.55422514024600555, EAO: 0.266
Trial 391 finished with value: 0.2664896552640248 and parameters: {'window_influence': 0.29997450948812393, 'penalty_k': 0.15908179100481865, 'scale_lr': 0.5542251402460056}. Best is trial 279 with value: 0.28839627738163726.
checkpoint_e34 window_influence: 0.27406755277573475, penalty_k: 0.20344234444960574, scale_lr: 0.66505552417189417, EAO: 0.264
Trial 392 finished with value: 0.26403178426066065 and parameters: {'window_influence': 0.27406755277573475, 'penalty_k': 0.20344234444960574, 'scale_lr': 0.6650555241718942}. Best is trial 279 with value: 0.28839627738163726.
checkpoint_e34 window_influence: 0.32430215675573926, penalty_k: 0.19302967483452974, scale_lr: 0.54602235120023090, EAO: 0.275
Trial 393 finished with value: 0.2752235795908827 and parameters: {'window_influence': 0.32430215675573926, 'penalty_k': 0.19302967483452974, 'scale_lr': 0.5460223512002309}. Best is trial 279 with value: 0.28839627738163726.
checkpoint_e34 window_influence: 0.32835111427366998, penalty_k: 0.18820869387590172, scale_lr: 0.54677345500956587, EAO: 0.280
Trial 394 finished with value: 0.28019265388327885 and parameters: {'window_influence': 0.32835111427367, 'penalty_k': 0.18820869387590172, 'scale_lr': 0.5467734550095659}. Best is trial 279 with value: 0.28839627738163726.
checkpoint_e34 window_influence: 0.32528956638137163, penalty_k: 0.19193344407601645, scale_lr: 0.53623368018971995, EAO: 0.268
Trial 395 finished with value: 0.2678217694647913 and parameters: {'window_influence': 0.32528956638137163, 'penalty_k': 0.19193344407601645, 'scale_lr': 0.53623368018972}. Best is trial 279 with value: 0.28839627738163726.
checkpoint_e34 window_influence: 0.31281370212928750, penalty_k: 0.17843189339904841, scale_lr: 0.54743639545976319, EAO: 0.262
Trial 396 finished with value: 0.26191670695940655 and parameters: {'window_influence': 0.3128137021292875, 'penalty_k': 0.1784318933990484, 'scale_lr': 0.5474363954597632}. Best is trial 279 with value: 0.28839627738163726.
checkpoint_e34 window_influence: 0.30942141319348937, penalty_k: 0.18984440081534795, scale_lr: 0.52176074186176025, EAO: 0.286
Trial 397 finished with value: 0.2855106956832777 and parameters: {'window_influence': 0.30942141319348937, 'penalty_k': 0.18984440081534795, 'scale_lr': 0.5217607418617602}. Best is trial 279 with value: 0.28839627738163726.
checkpoint_e34 window_influence: 0.31036273007780807, penalty_k: 0.20619943336478888, scale_lr: 0.52099605408862526, EAO: 0.276
Trial 398 finished with value: 0.27609543187346886 and parameters: {'window_influence': 0.31036273007780807, 'penalty_k': 0.20619943336478888, 'scale_lr': 0.5209960540886253}. Best is trial 279 with value: 0.28839627738163726.
checkpoint_e34 window_influence: 0.32976571666045756, penalty_k: 0.20621960877785925, scale_lr: 0.52028781910943878, EAO: 0.267
Trial 399 finished with value: 0.26739521857684223 and parameters: {'window_influence': 0.32976571666045756, 'penalty_k': 0.20621960877785925, 'scale_lr': 0.5202878191094388}. Best is trial 279 with value: 0.28839627738163726.
checkpoint_e34 window_influence: 0.31432291864093609, penalty_k: 0.20649374356175401, scale_lr: 0.50452387148021638, EAO: 0.272
Trial 400 finished with value: 0.2723650123651435 and parameters: {'window_influence': 0.3143229186409361, 'penalty_k': 0.206493743561754, 'scale_lr': 0.5045238714802164}. Best is trial 279 with value: 0.28839627738163726.
checkpoint_e34 window_influence: 0.32174675614180709, penalty_k: 0.19525477937655275, scale_lr: 0.51491528796143549, EAO: 0.271
Trial 401 finished with value: 0.27146240529732973 and parameters: {'window_influence': 0.3217467561418071, 'penalty_k': 0.19525477937655275, 'scale_lr': 0.5149152879614355}. Best is trial 279 with value: 0.28839627738163726.
checkpoint_e34 window_influence: 0.30955188728273358, penalty_k: 0.21390452275448216, scale_lr: 0.54763101134824088, EAO: 0.263
Trial 402 finished with value: 0.26333851458095925 and parameters: {'window_influence': 0.3095518872827336, 'penalty_k': 0.21390452275448216, 'scale_lr': 0.5476310113482409}. Best is trial 279 with value: 0.28839627738163726.
checkpoint_e34 window_influence: 0.06124663238087047, penalty_k: 0.19474354001822089, scale_lr: 0.52489324004456306, EAO: 0.237
Trial 403 finished with value: 0.2369021684900532 and parameters: {'window_influence': 0.06124663238087047, 'penalty_k': 0.1947435400182209, 'scale_lr': 0.5248932400445631}. Best is trial 279 with value: 0.28839627738163726.
checkpoint_e34 window_influence: 0.32856609144034771, penalty_k: 0.17385992577721829, scale_lr: 0.49609592195668700, EAO: 0.264
Trial 404 finished with value: 0.2637962496014145 and parameters: {'window_influence': 0.3285660914403477, 'penalty_k': 0.1738599257772183, 'scale_lr': 0.496095921956687}. Best is trial 279 with value: 0.28839627738163726.
checkpoint_e34 window_influence: 0.31315217329960654, penalty_k: 0.21318144720152798, scale_lr: 0.55755385273397540, EAO: 0.272
Trial 405 finished with value: 0.2715988908477915 and parameters: {'window_influence': 0.31315217329960654, 'penalty_k': 0.21318144720152798, 'scale_lr': 0.5575538527339754}. Best is trial 279 with value: 0.28839627738163726.
checkpoint_e34 window_influence: 0.30353223238856786, penalty_k: 0.20191325020758200, scale_lr: 0.52295813491379994, EAO: 0.276
Trial 406 finished with value: 0.2755074513758101 and parameters: {'window_influence': 0.30353223238856786, 'penalty_k': 0.201913250207582, 'scale_lr': 0.5229581349137999}. Best is trial 279 with value: 0.28839627738163726.
checkpoint_e34 window_influence: 0.33912437859210842, penalty_k: 0.20247626427034573, scale_lr: 0.52553958330681849, EAO: 0.260
Trial 407 finished with value: 0.26015649996395035 and parameters: {'window_influence': 0.3391243785921084, 'penalty_k': 0.20247626427034573, 'scale_lr': 0.5255395833068185}. Best is trial 279 with value: 0.28839627738163726.
checkpoint_e34 window_influence: 0.30282655179306117, penalty_k: 0.18633868169826617, scale_lr: 0.50377396500459948, EAO: 0.269
Trial 408 finished with value: 0.26886899938912895 and parameters: {'window_influence': 0.30282655179306117, 'penalty_k': 0.18633868169826617, 'scale_lr': 0.5037739650045995}. Best is trial 279 with value: 0.28839627738163726.
checkpoint_e34 window_influence: 0.32258058274401968, penalty_k: 0.22192326819171782, scale_lr: 0.48678083230964786, EAO: 0.279
Trial 409 finished with value: 0.2789143189424422 and parameters: {'window_influence': 0.3225805827440197, 'penalty_k': 0.22192326819171782, 'scale_lr': 0.48678083230964786}. Best is trial 279 with value: 0.28839627738163726.
checkpoint_e34 window_influence: 0.32520558003639094, penalty_k: 0.20564346639871650, scale_lr: 0.49081381089852189, EAO: 0.266
Trial 410 finished with value: 0.2660353379399796 and parameters: {'window_influence': 0.32520558003639094, 'penalty_k': 0.2056434663987165, 'scale_lr': 0.4908138108985219}. Best is trial 279 with value: 0.28839627738163726.
checkpoint_e34 window_influence: 0.31365154665126299, penalty_k: 0.01111301768242419, scale_lr: 0.48123356174660248, EAO: 0.264
Trial 411 finished with value: 0.2643878426614816 and parameters: {'window_influence': 0.313651546651263, 'penalty_k': 0.01111301768242419, 'scale_lr': 0.4812335617466025}. Best is trial 279 with value: 0.28839627738163726.
checkpoint_e34 window_influence: 0.33986668781438800, penalty_k: 0.21615676145342502, scale_lr: 0.51169990664997556, EAO: 0.272
Trial 412 finished with value: 0.2721243998626383 and parameters: {'window_influence': 0.339866687814388, 'penalty_k': 0.21615676145342502, 'scale_lr': 0.5116999066499756}. Best is trial 279 with value: 0.28839627738163726.
checkpoint_e34 window_influence: 0.32989504249857787, penalty_k: 0.19244671887688600, scale_lr: 0.54137739035423815, EAO: 0.273
Trial 413 finished with value: 0.273331904253824 and parameters: {'window_influence': 0.3298950424985779, 'penalty_k': 0.192446718876886, 'scale_lr': 0.5413773903542382}. Best is trial 279 with value: 0.28839627738163726.
checkpoint_e34 window_influence: 0.30545749398637012, penalty_k: 0.42743798075933759, scale_lr: 0.49794852635311199, EAO: 0.249
Trial 414 finished with value: 0.24898114358264256 and parameters: {'window_influence': 0.3054574939863701, 'penalty_k': 0.4274379807593376, 'scale_lr': 0.497948526353112}. Best is trial 279 with value: 0.28839627738163726.
checkpoint_e34 window_influence: 0.32179578011731114, penalty_k: 0.19982342965070651, scale_lr: 0.51486356178930570, EAO: 0.267
Trial 415 finished with value: 0.2673229955560793 and parameters: {'window_influence': 0.32179578011731114, 'penalty_k': 0.1998234296507065, 'scale_lr': 0.5148635617893057}. Best is trial 279 with value: 0.28839627738163726.
checkpoint_e34 window_influence: 0.30111045793231239, penalty_k: 0.22254507269013038, scale_lr: 0.47436930121665133, EAO: 0.266
Trial 416 finished with value: 0.26578025174577063 and parameters: {'window_influence': 0.3011104579323124, 'penalty_k': 0.22254507269013038, 'scale_lr': 0.47436930121665133}. Best is trial 279 with value: 0.28839627738163726.
checkpoint_e34 window_influence: 0.31953860642156701, penalty_k: 0.18376718933310432, scale_lr: 0.52858334796837503, EAO: 0.261
Trial 417 finished with value: 0.2611552525341995 and parameters: {'window_influence': 0.319538606421567, 'penalty_k': 0.18376718933310432, 'scale_lr': 0.528583347968375}. Best is trial 279 with value: 0.28839627738163726.
checkpoint_e34 window_influence: 0.33629321317417360, penalty_k: 0.21293742148057265, scale_lr: 0.43794141727732999, EAO: 0.256
Trial 418 finished with value: 0.2557602118307013 and parameters: {'window_influence': 0.3362932131741736, 'penalty_k': 0.21293742148057265, 'scale_lr': 0.43794141727733}. Best is trial 279 with value: 0.28839627738163726.
checkpoint_e34 window_influence: 0.42518286755408552, penalty_k: 0.19743151219501937, scale_lr: 0.45903504760538655, EAO: 0.253
Trial 419 finished with value: 0.25309481641383674 and parameters: {'window_influence': 0.4251828675540855, 'penalty_k': 0.19743151219501937, 'scale_lr': 0.45903504760538655}. Best is trial 279 with value: 0.28839627738163726.
checkpoint_e34 window_influence: 0.28682048737067051, penalty_k: 0.23362886543087871, scale_lr: 0.48709251345901505, EAO: 0.271
Trial 420 finished with value: 0.27123783268337326 and parameters: {'window_influence': 0.2868204873706705, 'penalty_k': 0.2336288654308787, 'scale_lr': 0.48709251345901505}. Best is trial 279 with value: 0.28839627738163726.
checkpoint_e34 window_influence: 0.30743371068425174, penalty_k: 0.17891241362797780, scale_lr: 0.52432099724872816, EAO: 0.269
Trial 421 finished with value: 0.2685642856044498 and parameters: {'window_influence': 0.30743371068425174, 'penalty_k': 0.1789124136279778, 'scale_lr': 0.5243209972487282}. Best is trial 279 with value: 0.28839627738163726.
checkpoint_e34 window_influence: 0.29362277951170651, penalty_k: 0.22125798416376838, scale_lr: 0.50394275350172413, EAO: 0.264
Trial 422 finished with value: 0.2636616779415588 and parameters: {'window_influence': 0.2936227795117065, 'penalty_k': 0.22125798416376838, 'scale_lr': 0.5039427535017241}. Best is trial 279 with value: 0.28839627738163726.
checkpoint_e34 window_influence: 0.31179497688765168, penalty_k: 0.14448054628647125, scale_lr: 0.54433947672100336, EAO: 0.264
Trial 423 finished with value: 0.26423357560382627 and parameters: {'window_influence': 0.3117949768876517, 'penalty_k': 0.14448054628647125, 'scale_lr': 0.5443394767210034}. Best is trial 279 with value: 0.28839627738163726.
checkpoint_e34 window_influence: 0.32966353807068177, penalty_k: 0.02143441725709977, scale_lr: 0.51524639836582253, EAO: 0.253
Trial 424 finished with value: 0.25347927418666155 and parameters: {'window_influence': 0.32966353807068177, 'penalty_k': 0.02143441725709977, 'scale_lr': 0.5152463983658225}. Best is trial 279 with value: 0.28839627738163726.
checkpoint_e34 window_influence: 0.28535834335316690, penalty_k: 0.20458761929986610, scale_lr: 0.53618522136233315, EAO: 0.267
Trial 425 finished with value: 0.26717836197798817 and parameters: {'window_influence': 0.2853583433531669, 'penalty_k': 0.2045876192998661, 'scale_lr': 0.5361852213623332}. Best is trial 279 with value: 0.28839627738163726.
checkpoint_e34 window_influence: 0.49037594542984336, penalty_k: 0.18596484234155866, scale_lr: 0.56394151893295863, EAO: 0.250
Trial 426 finished with value: 0.24957056694883642 and parameters: {'window_influence': 0.49037594542984336, 'penalty_k': 0.18596484234155866, 'scale_lr': 0.5639415189329586}. Best is trial 279 with value: 0.28839627738163726.
checkpoint_e34 window_influence: 0.32023688354727692, penalty_k: 0.16827056862472939, scale_lr: 0.50208747787188934, EAO: 0.272
Trial 427 finished with value: 0.2720187477222303 and parameters: {'window_influence': 0.3202368835472769, 'penalty_k': 0.1682705686247294, 'scale_lr': 0.5020874778718893}. Best is trial 279 with value: 0.28839627738163726.
checkpoint_e34 window_influence: 0.29946520198894944, penalty_k: 0.00068645962441306, scale_lr: 0.48096183563959977, EAO: 0.260
Trial 428 finished with value: 0.25975994511348444 and parameters: {'window_influence': 0.29946520198894944, 'penalty_k': 0.0006864596244130633, 'scale_lr': 0.48096183563959977}. Best is trial 279 with value: 0.28839627738163726.
checkpoint_e34 window_influence: 0.50341881912263875, penalty_k: 0.19647191784497670, scale_lr: 0.52675694360156256, EAO: 0.246
Trial 429 finished with value: 0.2459267830945612 and parameters: {'window_influence': 0.5034188191226387, 'penalty_k': 0.1964719178449767, 'scale_lr': 0.5267569436015626}. Best is trial 279 with value: 0.28839627738163726.
checkpoint_e34 window_influence: 0.30614216446669684, penalty_k: 0.20975343415479969, scale_lr: 0.55251560368449915, EAO: 0.262
Trial 430 finished with value: 0.26229764860335403 and parameters: {'window_influence': 0.30614216446669684, 'penalty_k': 0.2097534341547997, 'scale_lr': 0.5525156036844991}. Best is trial 279 with value: 0.28839627738163726.
checkpoint_e34 window_influence: 0.33855842846801809, penalty_k: 0.23066427162284150, scale_lr: 0.51298803912104363, EAO: 0.292
Trial 431 finished with value: 0.29227477542268554 and parameters: {'window_influence': 0.3385584284680181, 'penalty_k': 0.2306642716228415, 'scale_lr': 0.5129880391210436}. Best is trial 431 with value: 0.29227477542268554.
checkpoint_e34 window_influence: 0.34378582599876351, penalty_k: 0.23420719132231538, scale_lr: 0.49657697117591854, EAO: 0.265
Trial 432 finished with value: 0.26479760145511083 and parameters: {'window_influence': 0.3437858259987635, 'penalty_k': 0.23420719132231538, 'scale_lr': 0.49657697117591854}. Best is trial 431 with value: 0.29227477542268554.
checkpoint_e34 window_influence: 0.33633102275529808, penalty_k: 0.22783695325562506, scale_lr: 0.46403611129321509, EAO: 0.255
Trial 433 finished with value: 0.2551220076961246 and parameters: {'window_influence': 0.3363310227552981, 'penalty_k': 0.22783695325562506, 'scale_lr': 0.4640361112932151}. Best is trial 431 with value: 0.29227477542268554.
checkpoint_e34 window_influence: 0.34894073418923199, penalty_k: 0.21720280928027924, scale_lr: 0.51374775432348585, EAO: 0.264
