Trial 1540 finished with value: 0.23920852484984126 and parameters: {'window_influence': 0.09164039719132594, 'penalty_k': 0.31852666105992083, 'scale_lr': 0.10945830874978332}. Best is trial 977 with value: 0.2897923603896203.
checkpoint_e32 window_influence: 0.40370448364568795, penalty_k: 0.54223260465272682, scale_lr: 0.14415544667585739, EAO: 0.252
Trial 1541 finished with value: 0.2522194134752925 and parameters: {'window_influence': 0.40370448364568795, 'penalty_k': 0.5422326046527268, 'scale_lr': 0.1441554466758574}. Best is trial 977 with value: 0.2897923603896203.
checkpoint_e32 window_influence: 0.38853111798020978, penalty_k: 0.48578615190308594, scale_lr: 0.17471389789944863, EAO: 0.249
Trial 1542 finished with value: 0.2489711601075118 and parameters: {'window_influence': 0.3885311179802098, 'penalty_k': 0.48578615190308594, 'scale_lr': 0.17471389789944863}. Best is trial 977 with value: 0.2897923603896203.
checkpoint_e32 window_influence: 0.43090826260832660, penalty_k: 0.10888174721350775, scale_lr: 0.21580329838936674, EAO: 0.264
Trial 1543 finished with value: 0.26380451962472945 and parameters: {'window_influence': 0.4309082626083266, 'penalty_k': 0.10888174721350775, 'scale_lr': 0.21580329838936674}. Best is trial 977 with value: 0.2897923603896203.
checkpoint_e32 window_influence: 0.41375970593208378, penalty_k: 0.12690497969482775, scale_lr: 0.75546455751136898, EAO: 0.262
Trial 1544 finished with value: 0.2622833431857388 and parameters: {'window_influence': 0.4137597059320838, 'penalty_k': 0.12690497969482775, 'scale_lr': 0.755464557511369}. Best is trial 977 with value: 0.2897923603896203.
checkpoint_e32 window_influence: 0.39563466644428724, penalty_k: 0.39862838624745861, scale_lr: 0.66030346257409689, EAO: 0.278
Trial 1545 finished with value: 0.27788029465733505 and parameters: {'window_influence': 0.39563466644428724, 'penalty_k': 0.3986283862474586, 'scale_lr': 0.6603034625740969}. Best is trial 977 with value: 0.2897923603896203.
checkpoint_e32 window_influence: 0.37152504805536263, penalty_k: 0.42318306383946913, scale_lr: 0.52703443779673520, EAO: 0.261
Trial 1546 finished with value: 0.26083310808592697 and parameters: {'window_influence': 0.37152504805536263, 'penalty_k': 0.42318306383946913, 'scale_lr': 0.5270344377967352}. Best is trial 977 with value: 0.2897923603896203.
checkpoint_e32 window_influence: 0.27193463583861349, penalty_k: 0.19257299997192465, scale_lr: 0.53266517565398896, EAO: 0.266
Trial 1547 finished with value: 0.26605328687322816 and parameters: {'window_influence': 0.2719346358386135, 'penalty_k': 0.19257299997192465, 'scale_lr': 0.532665175653989}. Best is trial 977 with value: 0.2897923603896203.
checkpoint_e32 window_influence: 0.46283738984485878, penalty_k: 0.09742746359002888, scale_lr: 0.12648960145792396, EAO: 0.267
Trial 1548 finished with value: 0.2665938337038203 and parameters: {'window_influence': 0.4628373898448588, 'penalty_k': 0.09742746359002888, 'scale_lr': 0.12648960145792396}. Best is trial 977 with value: 0.2897923603896203.
checkpoint_e32 window_influence: 0.40572965683111517, penalty_k: 0.15077529809282039, scale_lr: 0.58285963827290854, EAO: 0.264
Trial 1549 finished with value: 0.26416420149124736 and parameters: {'window_influence': 0.40572965683111517, 'penalty_k': 0.1507752980928204, 'scale_lr': 0.5828596382729085}. Best is trial 977 with value: 0.2897923603896203.
checkpoint_e32 window_influence: 0.43743843788702264, penalty_k: 0.21342968289415348, scale_lr: 0.11139958500742977, EAO: 0.270
Trial 1550 finished with value: 0.26979465425256793 and parameters: {'window_influence': 0.43743843788702264, 'penalty_k': 0.21342968289415348, 'scale_lr': 0.11139958500742977}. Best is trial 977 with value: 0.2897923603896203.
checkpoint_e32 window_influence: 0.42236071547014986, penalty_k: 0.44596148073212161, scale_lr: 0.13053028113854331, EAO: 0.258
Trial 1551 finished with value: 0.2580410254801192 and parameters: {'window_influence': 0.42236071547014986, 'penalty_k': 0.4459614807321216, 'scale_lr': 0.1305302811385433}. Best is trial 977 with value: 0.2897923603896203.
checkpoint_e32 window_influence: 0.56209957591199899, penalty_k: 0.12057793841306691, scale_lr: 0.15738383301226436, EAO: 0.251
Trial 1552 finished with value: 0.2507965581082716 and parameters: {'window_influence': 0.562099575911999, 'penalty_k': 0.12057793841306691, 'scale_lr': 0.15738383301226436}. Best is trial 977 with value: 0.2897923603896203.
checkpoint_e32 window_influence: 0.35525274490270825, penalty_k: 0.14002684003374388, scale_lr: 0.10013141075643231, EAO: 0.280
Trial 1553 finished with value: 0.2799657146499409 and parameters: {'window_influence': 0.35525274490270825, 'penalty_k': 0.14002684003374388, 'scale_lr': 0.10013141075643231}. Best is trial 977 with value: 0.2897923603896203.
checkpoint_e32 window_influence: 0.23675001696182379, penalty_k: 0.16738409630622375, scale_lr: 0.50195988586929285, EAO: 0.265
Trial 1554 finished with value: 0.2652471759091548 and parameters: {'window_influence': 0.2367500169618238, 'penalty_k': 0.16738409630622375, 'scale_lr': 0.5019598858692929}. Best is trial 977 with value: 0.2897923603896203.
checkpoint_e32 window_influence: 0.39442712187806145, penalty_k: 0.46649380949460795, scale_lr: 0.32851567568166784, EAO: 0.260
Trial 1555 finished with value: 0.26022338806613676 and parameters: {'window_influence': 0.39442712187806145, 'penalty_k': 0.46649380949460795, 'scale_lr': 0.32851567568166784}. Best is trial 977 with value: 0.2897923603896203.
checkpoint_e32 window_influence: 0.62900010760301772, penalty_k: 0.53495889733465662, scale_lr: 0.30922076029171530, EAO: 0.210
Trial 1556 finished with value: 0.20975627937937172 and parameters: {'window_influence': 0.6290001076030177, 'penalty_k': 0.5349588973346566, 'scale_lr': 0.3092207602917153}. Best is trial 977 with value: 0.2897923603896203.
checkpoint_e32 window_influence: 0.19010154341417712, penalty_k: 0.01049031117084620, scale_lr: 0.14289649235649868, EAO: 0.243
Trial 1557 finished with value: 0.2432647532806164 and parameters: {'window_influence': 0.19010154341417712, 'penalty_k': 0.0104903111708462, 'scale_lr': 0.14289649235649868}. Best is trial 977 with value: 0.2897923603896203.
checkpoint_e32 window_influence: 0.37878953720759134, penalty_k: 0.05309717113729874, scale_lr: 0.12095732304655854, EAO: 0.277
Trial 1558 finished with value: 0.2770390519645156 and parameters: {'window_influence': 0.37878953720759134, 'penalty_k': 0.05309717113729874, 'scale_lr': 0.12095732304655854}. Best is trial 977 with value: 0.2897923603896203.
checkpoint_e32 window_influence: 0.44671089902474720, penalty_k: 0.15364100078162071, scale_lr: 0.36419246218857099, EAO: 0.265
Trial 1559 finished with value: 0.2645826468743929 and parameters: {'window_influence': 0.4467108990247472, 'penalty_k': 0.1536410007816207, 'scale_lr': 0.364192462188571}. Best is trial 977 with value: 0.2897923603896203.
checkpoint_e32 window_influence: 0.41172868096089954, penalty_k: 0.56804924109583765, scale_lr: 0.18392015156630814, EAO: 0.257
Trial 1560 finished with value: 0.25661126572669035 and parameters: {'window_influence': 0.41172868096089954, 'penalty_k': 0.5680492410958377, 'scale_lr': 0.18392015156630814}. Best is trial 977 with value: 0.2897923603896203.
checkpoint_e32 window_influence: 0.42621517076121057, penalty_k: 0.36542176807609006, scale_lr: 0.60478024066313829, EAO: 0.263
Trial 1561 finished with value: 0.26344729554120117 and parameters: {'window_influence': 0.42621517076121057, 'penalty_k': 0.36542176807609006, 'scale_lr': 0.6047802406631383}. Best is trial 977 with value: 0.2897923603896203.
checkpoint_e32 window_influence: 0.50126265083417787, penalty_k: 0.39166116149821006, scale_lr: 0.10025081069224329, EAO: 0.252
Trial 1562 finished with value: 0.2524455720937349 and parameters: {'window_influence': 0.5012626508341779, 'penalty_k': 0.39166116149821006, 'scale_lr': 0.10025081069224329}. Best is trial 977 with value: 0.2897923603896203.
checkpoint_e32 window_influence: 0.40159788156296394, penalty_k: 0.59967919551206139, scale_lr: 0.16463679305921286, EAO: 0.245
Trial 1563 finished with value: 0.24481858555378952 and parameters: {'window_influence': 0.40159788156296394, 'penalty_k': 0.5996791955120614, 'scale_lr': 0.16463679305921286}. Best is trial 977 with value: 0.2897923603896203.
checkpoint_e32 window_influence: 0.38649452349895619, penalty_k: 0.18165789206458069, scale_lr: 0.54776992842610439, EAO: 0.264
Trial 1564 finished with value: 0.26351109413596674 and parameters: {'window_influence': 0.3864945234989562, 'penalty_k': 0.1816578920645807, 'scale_lr': 0.5477699284261044}. Best is trial 977 with value: 0.2897923603896203.
checkpoint_e32 window_influence: 0.41741618484694298, penalty_k: 0.29574167638966198, scale_lr: 0.13501340641436013, EAO: 0.270
Trial 1565 finished with value: 0.2700542176399774 and parameters: {'window_influence': 0.417416184846943, 'penalty_k': 0.295741676389662, 'scale_lr': 0.13501340641436013}. Best is trial 977 with value: 0.2897923603896203.
checkpoint_e32 window_influence: 0.43835214660831734, penalty_k: 0.58532287233084490, scale_lr: 0.14908951201776183, EAO: 0.251
Trial 1566 finished with value: 0.25100222732720334 and parameters: {'window_influence': 0.43835214660831734, 'penalty_k': 0.5853228723308449, 'scale_lr': 0.14908951201776183}. Best is trial 977 with value: 0.2897923603896203.
checkpoint_e32 window_influence: 0.40614984281809863, penalty_k: 0.13008538083952106, scale_lr: 0.12240978927639214, EAO: 0.272
Trial 1567 finished with value: 0.271633444217647 and parameters: {'window_influence': 0.4061498428180986, 'penalty_k': 0.13008538083952106, 'scale_lr': 0.12240978927639214}. Best is trial 977 with value: 0.2897923603896203.
checkpoint_e32 window_influence: 0.37497445829569032, penalty_k: 0.36189171358659750, scale_lr: 0.19845048320851519, EAO: 0.257
Trial 1568 finished with value: 0.2574367560749132 and parameters: {'window_influence': 0.3749744582956903, 'penalty_k': 0.3618917135865975, 'scale_lr': 0.1984504832085152}. Best is trial 977 with value: 0.2897923603896203.
checkpoint_e32 window_influence: 0.42681995901507341, penalty_k: 0.11117757492872522, scale_lr: 0.11413133670325516, EAO: 0.270
Trial 1569 finished with value: 0.26964870997803 and parameters: {'window_influence': 0.4268199590150734, 'penalty_k': 0.11117757492872522, 'scale_lr': 0.11413133670325516}. Best is trial 977 with value: 0.2897923603896203.
checkpoint_e32 window_influence: 0.11208716588617590, penalty_k: 0.50478282791874063, scale_lr: 0.56819864115191221, EAO: 0.223
Trial 1570 finished with value: 0.22348774194232818 and parameters: {'window_influence': 0.1120871658861759, 'penalty_k': 0.5047828279187406, 'scale_lr': 0.5681986411519122}. Best is trial 977 with value: 0.2897923603896203.
checkpoint_e32 window_influence: 0.46754770794074774, penalty_k: 0.20082120271010917, scale_lr: 0.26063817440426906, EAO: 0.258
Trial 1571 finished with value: 0.25845975919467645 and parameters: {'window_influence': 0.46754770794074774, 'penalty_k': 0.20082120271010917, 'scale_lr': 0.26063817440426906}. Best is trial 977 with value: 0.2897923603896203.
checkpoint_e32 window_influence: 0.39330323818549473, penalty_k: 0.00101737596739887, scale_lr: 0.43383922366572569, EAO: 0.256
Trial 1572 finished with value: 0.25567087161589447 and parameters: {'window_influence': 0.39330323818549473, 'penalty_k': 0.0010173759673988703, 'scale_lr': 0.4338392236657257}. Best is trial 977 with value: 0.2897923603896203.
checkpoint_e32 window_influence: 0.45336406239514032, penalty_k: 0.14711497090988174, scale_lr: 0.34435569945573130, EAO: 0.267
Trial 1573 finished with value: 0.2666925337862193 and parameters: {'window_influence': 0.4533640623951403, 'penalty_k': 0.14711497090988174, 'scale_lr': 0.3443556994557313}. Best is trial 977 with value: 0.2897923603896203.
checkpoint_e32 window_influence: 0.35982499270920926, penalty_k: 0.23906818964737980, scale_lr: 0.78399344899571921, EAO: 0.250
Trial 1574 finished with value: 0.25020132898315184 and parameters: {'window_influence': 0.35982499270920926, 'penalty_k': 0.2390681896473798, 'scale_lr': 0.7839934489957192}. Best is trial 977 with value: 0.2897923603896203.
checkpoint_e32 window_influence: 0.48788935821328960, penalty_k: 0.16115616372662162, scale_lr: 0.45615108644904545, EAO: 0.264
Trial 1575 finished with value: 0.26438316521121236 and parameters: {'window_influence': 0.4878893582132896, 'penalty_k': 0.16115616372662162, 'scale_lr': 0.45615108644904545}. Best is trial 977 with value: 0.2897923603896203.
checkpoint_e32 window_influence: 0.41337238502562296, penalty_k: 0.28288631266629938, scale_lr: 0.62218911647067054, EAO: 0.265
Trial 1576 finished with value: 0.2653037264821975 and parameters: {'window_influence': 0.41337238502562296, 'penalty_k': 0.2828863126662994, 'scale_lr': 0.6221891164706705}. Best is trial 977 with value: 0.2897923603896203.
checkpoint_e32 window_influence: 0.56989538398095796, penalty_k: 0.09428905421207934, scale_lr: 0.40371646599518812, EAO: 0.238
Trial 1577 finished with value: 0.23771485516695473 and parameters: {'window_influence': 0.569895383980958, 'penalty_k': 0.09428905421207934, 'scale_lr': 0.4037164659951881}. Best is trial 977 with value: 0.2897923603896203.
checkpoint_e32 window_influence: 0.25671813745411259, penalty_k: 0.55730159989348349, scale_lr: 0.28998546987490270, EAO: 0.253
Trial 1578 finished with value: 0.25313560543506125 and parameters: {'window_influence': 0.2567181374541126, 'penalty_k': 0.5573015998934835, 'scale_lr': 0.2899854698749027}. Best is trial 977 with value: 0.2897923603896203.
checkpoint_e32 window_influence: 0.38263444015229808, penalty_k: 0.12281123097312523, scale_lr: 0.53827664485319859, EAO: 0.269
Trial 1579 finished with value: 0.26888815737594435 and parameters: {'window_influence': 0.3826344401522981, 'penalty_k': 0.12281123097312523, 'scale_lr': 0.5382766448531986}. Best is trial 977 with value: 0.2897923603896203.
checkpoint_e32 window_influence: 0.05637899386445094, penalty_k: 0.48910100525668387, scale_lr: 0.63861445670522676, EAO: 0.228
Trial 1580 finished with value: 0.22790216321383067 and parameters: {'window_influence': 0.056378993864450944, 'penalty_k': 0.4891010052566839, 'scale_lr': 0.6386144567052268}. Best is trial 977 with value: 0.2897923603896203.
checkpoint_e32 window_influence: 0.43378929939497468, penalty_k: 0.13384723291560036, scale_lr: 0.24290797910174200, EAO: 0.260
Trial 1581 finished with value: 0.2595007967173569 and parameters: {'window_influence': 0.4337892993949747, 'penalty_k': 0.13384723291560036, 'scale_lr': 0.242907979101742}. Best is trial 977 with value: 0.2897923603896203.
checkpoint_e32 window_influence: 0.39972117577986177, penalty_k: 0.17065013977879609, scale_lr: 0.59411154726859372, EAO: 0.262
Trial 1582 finished with value: 0.262196960124543 and parameters: {'window_influence': 0.39972117577986177, 'penalty_k': 0.1706501397787961, 'scale_lr': 0.5941115472685937}. Best is trial 977 with value: 0.2897923603896203.
checkpoint_e32 window_influence: 0.41738830100949953, penalty_k: 0.41026197649158502, scale_lr: 0.48498407115163233, EAO: 0.259
Trial 1583 finished with value: 0.25874440093350604 and parameters: {'window_influence': 0.41738830100949953, 'penalty_k': 0.410261976491585, 'scale_lr': 0.48498407115163233}. Best is trial 977 with value: 0.2897923603896203.
checkpoint_e32 window_influence: 0.44381317907844275, penalty_k: 0.14353877794916947, scale_lr: 0.10000045690938647, EAO: 0.278
Trial 1584 finished with value: 0.27804621212123853 and parameters: {'window_influence': 0.44381317907844275, 'penalty_k': 0.14353877794916947, 'scale_lr': 0.10000045690938647}. Best is trial 977 with value: 0.2897923603896203.
checkpoint_e32 window_influence: 0.40972422540204001, penalty_k: 0.10791313641082750, scale_lr: 0.13453135428823909, EAO: 0.274
Trial 1585 finished with value: 0.27395498146855735 and parameters: {'window_influence': 0.40972422540204, 'penalty_k': 0.1079131364108275, 'scale_lr': 0.1345313542882391}. Best is trial 977 with value: 0.2897923603896203.
checkpoint_e32 window_influence: 0.13050957071011893, penalty_k: 0.25216180855357884, scale_lr: 0.70158384498625503, EAO: 0.244
Trial 1586 finished with value: 0.24364304354762642 and parameters: {'window_influence': 0.13050957071011893, 'penalty_k': 0.25216180855357884, 'scale_lr': 0.701583844986255}. Best is trial 977 with value: 0.2897923603896203.
checkpoint_e32 window_influence: 0.39282760738100198, penalty_k: 0.15504939092259890, scale_lr: 0.22211272780348879, EAO: 0.267
Trial 1587 finished with value: 0.2672735627710335 and parameters: {'window_influence': 0.392827607381002, 'penalty_k': 0.1550493909225989, 'scale_lr': 0.22211272780348879}. Best is trial 977 with value: 0.2897923603896203.
checkpoint_e32 window_influence: 0.42616954364613818, penalty_k: 0.03896653292999036, scale_lr: 0.14929751334867278, EAO: 0.263
Trial 1588 finished with value: 0.26307543040048786 and parameters: {'window_influence': 0.4261695436461382, 'penalty_k': 0.03896653292999036, 'scale_lr': 0.14929751334867278}. Best is trial 977 with value: 0.2897923603896203.
checkpoint_e32 window_influence: 0.36851029344798841, penalty_k: 0.21965008182418139, scale_lr: 0.17045310064642902, EAO: 0.258
Trial 1589 finished with value: 0.2583199632240505 and parameters: {'window_influence': 0.3685102934479884, 'penalty_k': 0.2196500818241814, 'scale_lr': 0.17045310064642902}. Best is trial 977 with value: 0.2897923603896203.
checkpoint_e32 window_influence: 0.56278840546074105, penalty_k: 0.33858644673734817, scale_lr: 0.76332855748238360, EAO: 0.222
Trial 1590 finished with value: 0.2223724945168185 and parameters: {'window_influence': 0.562788405460741, 'penalty_k': 0.33858644673734817, 'scale_lr': 0.7633285574823836}. Best is trial 977 with value: 0.2897923603896203.
checkpoint_e32 window_influence: 0.40422464177367567, penalty_k: 0.18575530827015566, scale_lr: 0.12484632743270067, EAO: 0.278
Trial 1591 finished with value: 0.27758017642711236 and parameters: {'window_influence': 0.4042246417736757, 'penalty_k': 0.18575530827015566, 'scale_lr': 0.12484632743270067}. Best is trial 977 with value: 0.2897923603896203.
checkpoint_e32 window_influence: 0.38086261828400930, penalty_k: 0.12131022196679431, scale_lr: 0.79593976780231890, EAO: 0.250
Trial 1592 finished with value: 0.24951404411860598 and parameters: {'window_influence': 0.3808626182840093, 'penalty_k': 0.12131022196679431, 'scale_lr': 0.7959397678023189}. Best is trial 977 with value: 0.2897923603896203.
checkpoint_e32 window_influence: 0.41858687609510808, penalty_k: 0.13656379740674165, scale_lr: 0.67135140293650519, EAO: 0.267
Trial 1593 finished with value: 0.26718868684720215 and parameters: {'window_influence': 0.4185868760951081, 'penalty_k': 0.13656379740674165, 'scale_lr': 0.6713514029365052}. Best is trial 977 with value: 0.2897923603896203.
checkpoint_e32 window_influence: 0.43185078149641393, penalty_k: 0.16388908178755718, scale_lr: 0.11143263297687162, EAO: 0.300
Trial 1594 finished with value: 0.29992623191054274 and parameters: {'window_influence': 0.4318507814964139, 'penalty_k': 0.16388908178755718, 'scale_lr': 0.11143263297687162}. Best is trial 1594 with value: 0.29992623191054274.
checkpoint_e32 window_influence: 0.45821344871029562, penalty_k: 0.17183689974965563, scale_lr: 0.73668654029639435, EAO: 0.252
Trial 1595 finished with value: 0.25170529058309105 and parameters: {'window_influence': 0.4582134487102956, 'penalty_k': 0.17183689974965563, 'scale_lr': 0.7366865402963944}. Best is trial 1594 with value: 0.29992623191054274.
checkpoint_e32 window_influence: 0.44210282126442529, penalty_k: 0.19563335740057403, scale_lr: 0.27171188740148805, EAO: 0.261
Trial 1596 finished with value: 0.26106900606698136 and parameters: {'window_influence': 0.4421028212644253, 'penalty_k': 0.19563335740057403, 'scale_lr': 0.27171188740148805}. Best is trial 1594 with value: 0.29992623191054274.
checkpoint_e32 window_influence: 0.45135205068951562, penalty_k: 0.02590378015663846, scale_lr: 0.14047078715562830, EAO: 0.269
Trial 1597 finished with value: 0.2689375695658893 and parameters: {'window_influence': 0.4513520506895156, 'penalty_k': 0.02590378015663846, 'scale_lr': 0.1404707871556283}. Best is trial 1594 with value: 0.29992623191054274.
checkpoint_e32 window_influence: 0.47123643859787218, penalty_k: 0.18055856512076193, scale_lr: 0.15728333226540614, EAO: 0.261
Trial 1598 finished with value: 0.26100786436137147 and parameters: {'window_influence': 0.4712364385978722, 'penalty_k': 0.18055856512076193, 'scale_lr': 0.15728333226540614}. Best is trial 1594 with value: 0.29992623191054274.
checkpoint_e32 window_influence: 0.63372946741094083, penalty_k: 0.05714899677934586, scale_lr: 0.13456341804640456, EAO: 0.227
Trial 1599 finished with value: 0.22702212201628258 and parameters: {'window_influence': 0.6337294674109408, 'penalty_k': 0.05714899677934586, 'scale_lr': 0.13456341804640456}. Best is trial 1594 with value: 0.29992623191054274.
checkpoint_e32 window_influence: 0.08907843880815314, penalty_k: 0.34798046090962853, scale_lr: 0.12251628827575611, EAO: 0.237
Trial 1600 finished with value: 0.23691835878341178 and parameters: {'window_influence': 0.08907843880815314, 'penalty_k': 0.34798046090962853, 'scale_lr': 0.12251628827575611}. Best is trial 1594 with value: 0.29992623191054274.
checkpoint_e32 window_influence: 0.17602044636444408, penalty_k: 0.16276564220460857, scale_lr: 0.71879081907127018, EAO: 0.257
Trial 1601 finished with value: 0.2574929216407179 and parameters: {'window_influence': 0.17602044636444408, 'penalty_k': 0.16276564220460857, 'scale_lr': 0.7187908190712702}. Best is trial 1594 with value: 0.29992623191054274.
checkpoint_e32 window_influence: 0.43491414033336845, penalty_k: 0.20681703410353214, scale_lr: 0.62747401826933724, EAO: 0.252
