Trial 495 finished with value: 0.2673975492759449 and parameters: {'window_influence': 0.3040507324506537, 'penalty_k': 0.2970252047155968, 'scale_lr': 0.7977770105325885}. Best is trial 489 with value: 0.28065862270390113.
checkpoint_e32 window_influence: 0.27971001006080509, penalty_k: 0.28410359740266411, scale_lr: 0.76696474434636697, EAO: 0.257
Trial 496 finished with value: 0.2566787890665899 and parameters: {'window_influence': 0.2797100100608051, 'penalty_k': 0.2841035974026641, 'scale_lr': 0.766964744346367}. Best is trial 489 with value: 0.28065862270390113.
checkpoint_e32 window_influence: 0.31294305695564972, penalty_k: 0.31078586566620353, scale_lr: 0.72605966468613270, EAO: 0.267
Trial 497 finished with value: 0.26668556531270343 and parameters: {'window_influence': 0.3129430569556497, 'penalty_k': 0.31078586566620353, 'scale_lr': 0.7260596646861327}. Best is trial 489 with value: 0.28065862270390113.
checkpoint_e32 window_influence: 0.29089254398427228, penalty_k: 0.29008608610617698, scale_lr: 0.51190097190804040, EAO: 0.261
Trial 498 finished with value: 0.26139128171816106 and parameters: {'window_influence': 0.2908925439842723, 'penalty_k': 0.290086086106177, 'scale_lr': 0.5119009719080404}. Best is trial 489 with value: 0.28065862270390113.
checkpoint_e32 window_influence: 0.30269150310077897, penalty_k: 0.31948458048410261, scale_lr: 0.49135647707031471, EAO: 0.262
Trial 499 finished with value: 0.26228279214564376 and parameters: {'window_influence': 0.30269150310077897, 'penalty_k': 0.3194845804841026, 'scale_lr': 0.4913564770703147}. Best is trial 489 with value: 0.28065862270390113.
checkpoint_e32 window_influence: 0.32532565179466622, penalty_k: 0.29464224654094645, scale_lr: 0.66783741226318893, EAO: 0.272
Trial 500 finished with value: 0.272133300398908 and parameters: {'window_influence': 0.3253256517946662, 'penalty_k': 0.29464224654094645, 'scale_lr': 0.6678374122631889}. Best is trial 489 with value: 0.28065862270390113.
checkpoint_e32 window_influence: 0.05405986485766945, penalty_k: 0.28877875932531238, scale_lr: 0.69874360555923054, EAO: 0.222
Trial 501 finished with value: 0.2221278556115259 and parameters: {'window_influence': 0.05405986485766945, 'penalty_k': 0.2887787593253124, 'scale_lr': 0.6987436055592305}. Best is trial 489 with value: 0.28065862270390113.
checkpoint_e32 window_influence: 0.32523778189440822, penalty_k: 0.29674276413240319, scale_lr: 0.55443329292376531, EAO: 0.264
Trial 502 finished with value: 0.26373728679689934 and parameters: {'window_influence': 0.3252377818944082, 'penalty_k': 0.2967427641324032, 'scale_lr': 0.5544332929237653}. Best is trial 489 with value: 0.28065862270390113.
checkpoint_e32 window_influence: 0.31541844664927637, penalty_k: 0.00210644350714186, scale_lr: 0.72165609356093741, EAO: 0.264
Trial 503 finished with value: 0.2643787414441264 and parameters: {'window_influence': 0.3154184466492764, 'penalty_k': 0.002106443507141856, 'scale_lr': 0.7216560935609374}. Best is trial 489 with value: 0.28065862270390113.
checkpoint_e32 window_influence: 0.33104656471886401, penalty_k: 0.30541061730897401, scale_lr: 0.71731430367980364, EAO: 0.271
Trial 504 finished with value: 0.2709100033209576 and parameters: {'window_influence': 0.331046564718864, 'penalty_k': 0.305410617308974, 'scale_lr': 0.7173143036798036}. Best is trial 489 with value: 0.28065862270390113.
checkpoint_e32 window_influence: 0.33068449478025275, penalty_k: 0.31331110731088518, scale_lr: 0.66105760277569814, EAO: 0.277
Trial 505 finished with value: 0.2771313616294202 and parameters: {'window_influence': 0.33068449478025275, 'penalty_k': 0.3133111073108852, 'scale_lr': 0.6610576027756981}. Best is trial 489 with value: 0.28065862270390113.
checkpoint_e32 window_influence: 0.32757876062938202, penalty_k: 0.31080093112253987, scale_lr: 0.65970847355397577, EAO: 0.277
Trial 506 finished with value: 0.27747044064165133 and parameters: {'window_influence': 0.327578760629382, 'penalty_k': 0.31080093112253987, 'scale_lr': 0.6597084735539758}. Best is trial 489 with value: 0.28065862270390113.
checkpoint_e32 window_influence: 0.32713490615961910, penalty_k: 0.31466863579524085, scale_lr: 0.69168234812996576, EAO: 0.259
Trial 507 finished with value: 0.2585725219147961 and parameters: {'window_influence': 0.3271349061596191, 'penalty_k': 0.31466863579524085, 'scale_lr': 0.6916823481299658}. Best is trial 489 with value: 0.28065862270390113.
checkpoint_e32 window_influence: 0.32971603430428187, penalty_k: 0.33099692934097974, scale_lr: 0.65855413410965469, EAO: 0.267
Trial 508 finished with value: 0.2668230818902574 and parameters: {'window_influence': 0.32971603430428187, 'penalty_k': 0.33099692934097974, 'scale_lr': 0.6585541341096547}. Best is trial 489 with value: 0.28065862270390113.
checkpoint_e32 window_influence: 0.32212779877032877, penalty_k: 0.30670488643740795, scale_lr: 0.71252416898156723, EAO: 0.267
Trial 509 finished with value: 0.2674285412077012 and parameters: {'window_influence': 0.32212779877032877, 'penalty_k': 0.30670488643740795, 'scale_lr': 0.7125241689815672}. Best is trial 489 with value: 0.28065862270390113.
checkpoint_e32 window_influence: 0.31169694921802088, penalty_k: 0.32156834480836727, scale_lr: 0.65838304263222702, EAO: 0.271
Trial 510 finished with value: 0.2712370998612264 and parameters: {'window_influence': 0.3116969492180209, 'penalty_k': 0.32156834480836727, 'scale_lr': 0.658383042632227}. Best is trial 489 with value: 0.28065862270390113.
checkpoint_e32 window_influence: 0.30884433361113472, penalty_k: 0.32160264332766558, scale_lr: 0.67729805236621698, EAO: 0.271
Trial 511 finished with value: 0.27064952666197367 and parameters: {'window_influence': 0.3088443336111347, 'penalty_k': 0.3216026433276656, 'scale_lr': 0.677298052366217}. Best is trial 489 with value: 0.28065862270390113.
checkpoint_e32 window_influence: 0.31541651866426434, penalty_k: 0.30327840446165016, scale_lr: 0.67012070126863299, EAO: 0.274
Trial 512 finished with value: 0.273734431198942 and parameters: {'window_influence': 0.31541651866426434, 'penalty_k': 0.30327840446165016, 'scale_lr': 0.670120701268633}. Best is trial 489 with value: 0.28065862270390113.
checkpoint_e32 window_influence: 0.31173441656322065, penalty_k: 0.31505294229214492, scale_lr: 0.67225173544331984, EAO: 0.268
Trial 513 finished with value: 0.26809667638404583 and parameters: {'window_influence': 0.31173441656322065, 'penalty_k': 0.3150529422921449, 'scale_lr': 0.6722517354433198}. Best is trial 489 with value: 0.28065862270390113.
checkpoint_e32 window_influence: 0.30216809867813660, penalty_k: 0.29413107160837226, scale_lr: 0.65254650014929938, EAO: 0.268
Trial 514 finished with value: 0.26792384629569405 and parameters: {'window_influence': 0.3021680986781366, 'penalty_k': 0.29413107160837226, 'scale_lr': 0.6525465001492994}. Best is trial 489 with value: 0.28065862270390113.
checkpoint_e32 window_influence: 0.31745083451193912, penalty_k: 0.32867117339920082, scale_lr: 0.67188743308980159, EAO: 0.263
Trial 515 finished with value: 0.26288848957879757 and parameters: {'window_influence': 0.3174508345119391, 'penalty_k': 0.3286711733992008, 'scale_lr': 0.6718874330898016}. Best is trial 489 with value: 0.28065862270390113.
checkpoint_e32 window_influence: 0.29788537337789672, penalty_k: 0.33583922609633554, scale_lr: 0.65451500322504041, EAO: 0.256
Trial 516 finished with value: 0.25639817560833644 and parameters: {'window_influence': 0.2978853733778967, 'penalty_k': 0.33583922609633554, 'scale_lr': 0.6545150032250404}. Best is trial 489 with value: 0.28065862270390113.
checkpoint_e32 window_influence: 0.31899874724739591, penalty_k: 0.30377992217458716, scale_lr: 0.68562209706627786, EAO: 0.255
Trial 517 finished with value: 0.2546690631566978 and parameters: {'window_influence': 0.3189987472473959, 'penalty_k': 0.30377992217458716, 'scale_lr': 0.6856220970662779}. Best is trial 489 with value: 0.28065862270390113.
checkpoint_e32 window_influence: 0.33398027547186793, penalty_k: 0.32274795221022234, scale_lr: 0.66501210755051421, EAO: 0.270
Trial 518 finished with value: 0.27025825003298315 and parameters: {'window_influence': 0.3339802754718679, 'penalty_k': 0.32274795221022234, 'scale_lr': 0.6650121075505142}. Best is trial 489 with value: 0.28065862270390113.
checkpoint_e32 window_influence: 0.30769086766517206, penalty_k: 0.28282465031259052, scale_lr: 0.68236675661108059, EAO: 0.264
Trial 519 finished with value: 0.264150089304137 and parameters: {'window_influence': 0.30769086766517206, 'penalty_k': 0.2828246503125905, 'scale_lr': 0.6823667566110806}. Best is trial 489 with value: 0.28065862270390113.
checkpoint_e32 window_influence: 0.31916684523703748, penalty_k: 0.29694402538488690, scale_lr: 0.64701303194103532, EAO: 0.268
Trial 520 finished with value: 0.26757436578835897 and parameters: {'window_influence': 0.3191668452370375, 'penalty_k': 0.2969440253848869, 'scale_lr': 0.6470130319410353}. Best is trial 489 with value: 0.28065862270390113.
checkpoint_e32 window_influence: 0.28779355052299144, penalty_k: 0.31265433900705919, scale_lr: 0.65413360109713814, EAO: 0.260
Trial 521 finished with value: 0.260060046685905 and parameters: {'window_influence': 0.28779355052299144, 'penalty_k': 0.3126543390070592, 'scale_lr': 0.6541336010971381}. Best is trial 489 with value: 0.28065862270390113.
checkpoint_e32 window_influence: 0.30343959132021453, penalty_k: 0.34215043008336393, scale_lr: 0.69561234030810559, EAO: 0.258
Trial 522 finished with value: 0.258206981468976 and parameters: {'window_influence': 0.30343959132021453, 'penalty_k': 0.34215043008336393, 'scale_lr': 0.6956123403081056}. Best is trial 489 with value: 0.28065862270390113.
checkpoint_e32 window_influence: 0.33643779232015908, penalty_k: 0.28258440701624193, scale_lr: 0.66418448274698827, EAO: 0.262
Trial 523 finished with value: 0.26199920602687976 and parameters: {'window_influence': 0.3364377923201591, 'penalty_k': 0.28258440701624193, 'scale_lr': 0.6641844827469883}. Best is trial 489 with value: 0.28065862270390113.
checkpoint_e32 window_influence: 0.32277389847402427, penalty_k: 0.30437746305267777, scale_lr: 0.74841250708406482, EAO: 0.253
Trial 524 finished with value: 0.25312182331472877 and parameters: {'window_influence': 0.32277389847402427, 'penalty_k': 0.30437746305267777, 'scale_lr': 0.7484125070840648}. Best is trial 489 with value: 0.28065862270390113.
checkpoint_e32 window_influence: 0.29688667673429348, penalty_k: 0.32272589105318611, scale_lr: 0.67125665547996072, EAO: 0.258
Trial 525 finished with value: 0.25800444712726084 and parameters: {'window_influence': 0.2968866767342935, 'penalty_k': 0.3227258910531861, 'scale_lr': 0.6712566554799607}. Best is trial 489 with value: 0.28065862270390113.
checkpoint_e32 window_influence: 0.31236443259184660, penalty_k: 0.31407909430559705, scale_lr: 0.64097157306913455, EAO: 0.266
Trial 526 finished with value: 0.26579472428657175 and parameters: {'window_influence': 0.3123644325918466, 'penalty_k': 0.31407909430559705, 'scale_lr': 0.6409715730691345}. Best is trial 489 with value: 0.28065862270390113.
checkpoint_e32 window_influence: 0.27738213807038742, penalty_k: 0.29130181820911255, scale_lr: 0.52912134080079953, EAO: 0.251
Trial 527 finished with value: 0.25134790700867893 and parameters: {'window_influence': 0.2773821380703874, 'penalty_k': 0.29130181820911255, 'scale_lr': 0.5291213408007995}. Best is trial 489 with value: 0.28065862270390113.
checkpoint_e32 window_influence: 0.33612794122627598, penalty_k: 0.27934723616518170, scale_lr: 0.60314793048296100, EAO: 0.254
Trial 528 finished with value: 0.2541786727260768 and parameters: {'window_influence': 0.336127941226276, 'penalty_k': 0.2793472361651817, 'scale_lr': 0.603147930482961}. Best is trial 489 with value: 0.28065862270390113.
checkpoint_e32 window_influence: 0.26886326240462599, penalty_k: 0.35087659177312974, scale_lr: 0.69723672920508017, EAO: 0.242
Trial 529 finished with value: 0.24169090341746322 and parameters: {'window_influence': 0.268863262404626, 'penalty_k': 0.35087659177312974, 'scale_lr': 0.6972367292050802}. Best is trial 489 with value: 0.28065862270390113.
checkpoint_e32 window_influence: 0.56821318444636382, penalty_k: 0.33469229706295406, scale_lr: 0.71105547377346912, EAO: 0.218
Trial 530 finished with value: 0.21832958221193252 and parameters: {'window_influence': 0.5682131844463638, 'penalty_k': 0.33469229706295406, 'scale_lr': 0.7110554737734691}. Best is trial 489 with value: 0.28065862270390113.
checkpoint_e32 window_influence: 0.32723372499997583, penalty_k: 0.30418295963256098, scale_lr: 0.72652164136741870, EAO: 0.260
Trial 531 finished with value: 0.2601332689325015 and parameters: {'window_influence': 0.32723372499997583, 'penalty_k': 0.304182959632561, 'scale_lr': 0.7265216413674187}. Best is trial 489 with value: 0.28065862270390113.
checkpoint_e32 window_influence: 0.29414967329860997, penalty_k: 0.31946828639367986, scale_lr: 0.78022905956746469, EAO: 0.273
Trial 532 finished with value: 0.273486284887403 and parameters: {'window_influence': 0.29414967329860997, 'penalty_k': 0.31946828639367986, 'scale_lr': 0.7802290595674647}. Best is trial 489 with value: 0.28065862270390113.
checkpoint_e32 window_influence: 0.59261432700590544, penalty_k: 0.33065068429346245, scale_lr: 0.77416565055170217, EAO: 0.216
Trial 533 finished with value: 0.21558115631341934 and parameters: {'window_influence': 0.5926143270059054, 'penalty_k': 0.33065068429346245, 'scale_lr': 0.7741656505517022}. Best is trial 489 with value: 0.28065862270390113.
checkpoint_e32 window_influence: 0.28528252434347917, penalty_k: 0.29380765617161836, scale_lr: 0.79197752478509997, EAO: 0.255
Trial 534 finished with value: 0.2547411195388654 and parameters: {'window_influence': 0.28528252434347917, 'penalty_k': 0.29380765617161836, 'scale_lr': 0.7919775247851}. Best is trial 489 with value: 0.28065862270390113.
checkpoint_e32 window_influence: 0.25416157143380408, penalty_k: 0.34377323946878602, scale_lr: 0.77704396230466066, EAO: 0.253
Trial 535 finished with value: 0.2529594306417597 and parameters: {'window_influence': 0.2541615714338041, 'penalty_k': 0.343773239468786, 'scale_lr': 0.7770439623046607}. Best is trial 489 with value: 0.28065862270390113.
checkpoint_e32 window_influence: 0.09809998385897922, penalty_k: 0.37116574557270809, scale_lr: 0.66394956952341944, EAO: 0.219
Trial 536 finished with value: 0.21876418687463775 and parameters: {'window_influence': 0.09809998385897922, 'penalty_k': 0.3711657455727081, 'scale_lr': 0.6639495695234194}. Best is trial 489 with value: 0.28065862270390113.
checkpoint_e32 window_influence: 0.43684253102720677, penalty_k: 0.32078088753927242, scale_lr: 0.78278830578384739, EAO: 0.253
Trial 537 finished with value: 0.25334530196538785 and parameters: {'window_influence': 0.43684253102720677, 'penalty_k': 0.3207808875392724, 'scale_lr': 0.7827883057838474}. Best is trial 489 with value: 0.28065862270390113.
checkpoint_e32 window_influence: 0.31249233676432242, penalty_k: 0.02402858689528520, scale_lr: 0.75804783409881760, EAO: 0.255
Trial 538 finished with value: 0.25455778455588873 and parameters: {'window_influence': 0.3124923367643224, 'penalty_k': 0.024028586895285198, 'scale_lr': 0.7580478340988176}. Best is trial 489 with value: 0.28065862270390113.
checkpoint_e32 window_influence: 0.23494114276072053, penalty_k: 0.27278130484445251, scale_lr: 0.63525171427448368, EAO: 0.247
Trial 539 finished with value: 0.24667657954179176 and parameters: {'window_influence': 0.23494114276072053, 'penalty_k': 0.2727813048444525, 'scale_lr': 0.6352517142744837}. Best is trial 489 with value: 0.28065862270390113.
checkpoint_e32 window_influence: 0.33781284813111462, penalty_k: 0.29130515298598253, scale_lr: 0.60177335862870840, EAO: 0.265
Trial 540 finished with value: 0.2646603013078372 and parameters: {'window_influence': 0.3378128481311146, 'penalty_k': 0.29130515298598253, 'scale_lr': 0.6017733586287084}. Best is trial 489 with value: 0.28065862270390113.
checkpoint_e32 window_influence: 0.29277430246185299, penalty_k: 0.31490635181084586, scale_lr: 0.74282513276910278, EAO: 0.257
Trial 541 finished with value: 0.25724114513978724 and parameters: {'window_influence': 0.292774302461853, 'penalty_k': 0.31490635181084586, 'scale_lr': 0.7428251327691028}. Best is trial 489 with value: 0.28065862270390113.
checkpoint_e32 window_influence: 0.26441614041656836, penalty_k: 0.35709429004914844, scale_lr: 0.68290365005665732, EAO: 0.246
Trial 542 finished with value: 0.24566583329342245 and parameters: {'window_influence': 0.26441614041656836, 'penalty_k': 0.35709429004914844, 'scale_lr': 0.6829036500566573}. Best is trial 489 with value: 0.28065862270390113.
checkpoint_e32 window_influence: 0.32149081077664532, penalty_k: 0.30408366829164246, scale_lr: 0.71725530164098839, EAO: 0.266
Trial 543 finished with value: 0.2661327588848951 and parameters: {'window_influence': 0.3214908107766453, 'penalty_k': 0.30408366829164246, 'scale_lr': 0.7172553016409884}. Best is trial 489 with value: 0.28065862270390113.
checkpoint_e32 window_influence: 0.50083897051793858, penalty_k: 0.28067503499725249, scale_lr: 0.49037529584491046, EAO: 0.245
Trial 544 finished with value: 0.24529498076535822 and parameters: {'window_influence': 0.5008389705179386, 'penalty_k': 0.2806750349972525, 'scale_lr': 0.49037529584491046}. Best is trial 489 with value: 0.28065862270390113.
checkpoint_e32 window_influence: 0.47248510690471945, penalty_k: 0.33617955261095178, scale_lr: 0.64909892207827169, EAO: 0.258
Trial 545 finished with value: 0.25845085575086313 and parameters: {'window_influence': 0.47248510690471945, 'penalty_k': 0.3361795526109518, 'scale_lr': 0.6490989220782717}. Best is trial 489 with value: 0.28065862270390113.
checkpoint_e32 window_influence: 0.30467356491661657, penalty_k: 0.29958946253318552, scale_lr: 0.66683513851288490, EAO: 0.251
Trial 546 finished with value: 0.25070899391804286 and parameters: {'window_influence': 0.30467356491661657, 'penalty_k': 0.2995894625331855, 'scale_lr': 0.6668351385128849}. Best is trial 489 with value: 0.28065862270390113.
checkpoint_e32 window_influence: 0.33450884884311077, penalty_k: 0.32266096095091190, scale_lr: 0.78228582354732523, EAO: 0.266
Trial 547 finished with value: 0.2664447527348511 and parameters: {'window_influence': 0.3345088488431108, 'penalty_k': 0.3226609609509119, 'scale_lr': 0.7822858235473252}. Best is trial 489 with value: 0.28065862270390113.
checkpoint_e32 window_influence: 0.29323443613056377, penalty_k: 0.27674140332648028, scale_lr: 0.68268249905745071, EAO: 0.265
Trial 548 finished with value: 0.2652930057024568 and parameters: {'window_influence': 0.29323443613056377, 'penalty_k': 0.2767414033264803, 'scale_lr': 0.6826824990574507}. Best is trial 489 with value: 0.28065862270390113.
checkpoint_e32 window_influence: 0.48064614271645945, penalty_k: 0.29137337071662406, scale_lr: 0.46141919260839354, EAO: 0.244
Trial 549 finished with value: 0.24359692851217782 and parameters: {'window_influence': 0.48064614271645945, 'penalty_k': 0.29137337071662406, 'scale_lr': 0.46141919260839354}. Best is trial 489 with value: 0.28065862270390113.
checkpoint_e32 window_influence: 0.30856973080986166, penalty_k: 0.40275204087796007, scale_lr: 0.62115003131045443, EAO: 0.256
Trial 550 finished with value: 0.25647820895764883 and parameters: {'window_influence': 0.30856973080986166, 'penalty_k': 0.40275204087796007, 'scale_lr': 0.6211500313104544}. Best is trial 489 with value: 0.28065862270390113.
checkpoint_e32 window_influence: 0.32187796571282762, penalty_k: 0.12518678381733164, scale_lr: 0.56634557878191782, EAO: 0.256
Trial 551 finished with value: 0.2561039068107683 and parameters: {'window_influence': 0.3218779657128276, 'penalty_k': 0.12518678381733164, 'scale_lr': 0.5663455787819178}. Best is trial 489 with value: 0.28065862270390113.
checkpoint_e32 window_influence: 0.44913159208608566, penalty_k: 0.03088532103413459, scale_lr: 0.52349454977328180, EAO: 0.267
Trial 552 finished with value: 0.2670970321065042 and parameters: {'window_influence': 0.44913159208608566, 'penalty_k': 0.03088532103413459, 'scale_lr': 0.5234945497732818}. Best is trial 489 with value: 0.28065862270390113.
checkpoint_e32 window_influence: 0.28030851518805971, penalty_k: 0.31233088521962166, scale_lr: 0.70640356108156876, EAO: 0.259
Trial 553 finished with value: 0.2592544966354603 and parameters: {'window_influence': 0.2803085151880597, 'penalty_k': 0.31233088521962166, 'scale_lr': 0.7064035610815688}. Best is trial 489 with value: 0.28065862270390113.
checkpoint_e32 window_influence: 0.33961864252899643, penalty_k: 0.34571957572103884, scale_lr: 0.75354612294222334, EAO: 0.254
Trial 554 finished with value: 0.2538692891840043 and parameters: {'window_influence': 0.33961864252899643, 'penalty_k': 0.34571957572103884, 'scale_lr': 0.7535461229422233}. Best is trial 489 with value: 0.28065862270390113.
checkpoint_e32 window_influence: 0.13077033036815910, penalty_k: 0.26703418983085464, scale_lr: 0.49887389915441088, EAO: 0.233
Trial 555 finished with value: 0.23345760631609738 and parameters: {'window_influence': 0.1307703303681591, 'penalty_k': 0.26703418983085464, 'scale_lr': 0.4988738991544109}. Best is trial 489 with value: 0.28065862270390113.
checkpoint_e32 window_influence: 0.31345561351422918, penalty_k: 0.36539245730310166, scale_lr: 0.60914796955962913, EAO: 0.257
Trial 556 finished with value: 0.25742715167078545 and parameters: {'window_influence': 0.3134556135142292, 'penalty_k': 0.36539245730310166, 'scale_lr': 0.6091479695596291}. Best is trial 489 with value: 0.28065862270390113.
checkpoint_e32 window_influence: 0.25102321990807375, penalty_k: 0.00691920701778124, scale_lr: 0.64041592310424100, EAO: 0.252
