Trial 291 finished with value: 0.2644913456425434 and parameters: {'window_influence': 0.34663790704716463, 'penalty_k': 0.09704450343598803, 'scale_lr': 0.518696250744025}. Best is trial 244 with value: 0.2802958501184859.
checkpoint_e16 window_influence: 0.39789970175764894, penalty_k: 0.04465252973678895, scale_lr: 0.35374098265605880, EAO: 0.269
Trial 321 finished with value: 0.26911301232450374 and parameters: {'window_influence': 0.39789970175764894, 'penalty_k': 0.04465252973678895, 'scale_lr': 0.3537409826560588}. Best is trial 90 with value: 0.28226814400858996.
checkpoint_e16 window_influence: 0.39565388270485657, penalty_k: 0.06244945536477072, scale_lr: 0.35898631980776319, EAO: 0.255
Trial 317 finished with value: 0.2550057800320106 and parameters: {'window_influence': 0.3956538827048566, 'penalty_k': 0.06244945536477072, 'scale_lr': 0.3589863198077632}. Best is trial 111 with value: 0.27549627247622344.
checkpoint_e16 window_influence: 0.33463652507165581, penalty_k: 0.05494426854450439, scale_lr: 0.45734345466304061, EAO: 0.255
Trial 292 finished with value: 0.25539823494306424 and parameters: {'window_influence': 0.3346365250716558, 'penalty_k': 0.05494426854450439, 'scale_lr': 0.4573434546630406}. Best is trial 244 with value: 0.2802958501184859.
checkpoint_e16 window_influence: 0.36003572227050590, penalty_k: 0.25054718588885289, scale_lr: 0.34524265673570609, EAO: 0.253
Trial 322 finished with value: 0.2528622817944705 and parameters: {'window_influence': 0.3600357222705059, 'penalty_k': 0.2505471858888529, 'scale_lr': 0.3452426567357061}. Best is trial 90 with value: 0.28226814400858996.
checkpoint_e16 window_influence: 0.38201989542749415, penalty_k: 0.01969828943699540, scale_lr: 0.41988785983113935, EAO: 0.262
Trial 318 finished with value: 0.2616326962181223 and parameters: {'window_influence': 0.38201989542749415, 'penalty_k': 0.019698289436995402, 'scale_lr': 0.41988785983113935}. Best is trial 111 with value: 0.27549627247622344.
checkpoint_e16 window_influence: 0.27882734318842861, penalty_k: 0.04626045294252624, scale_lr: 0.56878001554064683, EAO: 0.255
Trial 293 finished with value: 0.2550018696280999 and parameters: {'window_influence': 0.2788273431884286, 'penalty_k': 0.04626045294252624, 'scale_lr': 0.5687800155406468}. Best is trial 244 with value: 0.2802958501184859.
checkpoint_e16 window_influence: 0.29401656240758833, penalty_k: 0.16786475159888523, scale_lr: 0.73185600260015482, EAO: 0.251
Trial 323 finished with value: 0.25067926670719937 and parameters: {'window_influence': 0.29401656240758833, 'penalty_k': 0.16786475159888523, 'scale_lr': 0.7318560026001548}. Best is trial 90 with value: 0.28226814400858996.
checkpoint_e16 window_influence: 0.32688782104635167, penalty_k: 0.03801907869531673, scale_lr: 0.40269919215425048, EAO: 0.251
Trial 319 finished with value: 0.2510686901405575 and parameters: {'window_influence': 0.32688782104635167, 'penalty_k': 0.038019078695316726, 'scale_lr': 0.4026991921542505}. Best is trial 111 with value: 0.27549627247622344.
checkpoint_e16 window_influence: 0.47091502156402343, penalty_k: 0.07578728749011113, scale_lr: 0.64674030179278197, EAO: 0.257
Trial 294 finished with value: 0.2573442285865303 and parameters: {'window_influence': 0.47091502156402343, 'penalty_k': 0.07578728749011113, 'scale_lr': 0.646740301792782}. Best is trial 244 with value: 0.2802958501184859.
checkpoint_e16 window_influence: 0.38006987409801640, penalty_k: 0.01135178496051896, scale_lr: 0.26503233710150004, EAO: 0.254
Trial 324 finished with value: 0.25441484819582805 and parameters: {'window_influence': 0.3800698740980164, 'penalty_k': 0.01135178496051896, 'scale_lr': 0.26503233710150004}. Best is trial 90 with value: 0.28226814400858996.
checkpoint_e16 window_influence: 0.36082091898624769, penalty_k: 0.05332846176449918, scale_lr: 0.49851242668685869, EAO: 0.255
Trial 320 finished with value: 0.2546438305237429 and parameters: {'window_influence': 0.3608209189862477, 'penalty_k': 0.05332846176449918, 'scale_lr': 0.4985124266868587}. Best is trial 111 with value: 0.27549627247622344.
checkpoint_e16 window_influence: 0.30267486528744370, penalty_k: 0.04436100509606920, scale_lr: 0.48325682485042210, EAO: 0.262
Trial 295 finished with value: 0.26203969666143745 and parameters: {'window_influence': 0.3026748652874437, 'penalty_k': 0.0443610050960692, 'scale_lr': 0.4832568248504221}. Best is trial 244 with value: 0.2802958501184859.
checkpoint_e16 window_influence: 0.41491165046805595, penalty_k: 0.07920323255656821, scale_lr: 0.51742381476673616, EAO: 0.255
Trial 325 finished with value: 0.2552681112798249 and parameters: {'window_influence': 0.41491165046805595, 'penalty_k': 0.0792032325565682, 'scale_lr': 0.5174238147667362}. Best is trial 90 with value: 0.28226814400858996.
checkpoint_e16 window_influence: 0.47946908816624978, penalty_k: 0.02918328200188884, scale_lr: 0.29757004956642730, EAO: 0.260
Trial 321 finished with value: 0.26014348416309047 and parameters: {'window_influence': 0.4794690881662498, 'penalty_k': 0.02918328200188884, 'scale_lr': 0.2975700495664273}. Best is trial 111 with value: 0.27549627247622344.
checkpoint_e16 window_influence: 0.32256407995717729, penalty_k: 0.02802665957899617, scale_lr: 0.50291628638754893, EAO: 0.262
Trial 296 finished with value: 0.2618531587162638 and parameters: {'window_influence': 0.3225640799571773, 'penalty_k': 0.028026659578996173, 'scale_lr': 0.5029162863875489}. Best is trial 244 with value: 0.2802958501184859.
checkpoint_e16 window_influence: 0.38767373856602488, penalty_k: 0.05547296705781288, scale_lr: 0.36032567576021984, EAO: 0.262
Trial 326 finished with value: 0.2619598182599719 and parameters: {'window_influence': 0.3876737385660249, 'penalty_k': 0.055472967057812884, 'scale_lr': 0.36032567576021984}. Best is trial 90 with value: 0.28226814400858996.
checkpoint_e16 window_influence: 0.40611207008261635, penalty_k: 0.36932345261050797, scale_lr: 0.38732532761633054, EAO: 0.243
Trial 322 finished with value: 0.24326028499176833 and parameters: {'window_influence': 0.40611207008261635, 'penalty_k': 0.369323452610508, 'scale_lr': 0.38732532761633054}. Best is trial 111 with value: 0.27549627247622344.
checkpoint_e16 window_influence: 0.36961987720672579, penalty_k: 0.40672699249984645, scale_lr: 0.52574624674683101, EAO: 0.244
Trial 297 finished with value: 0.24363678197065988 and parameters: {'window_influence': 0.3696198772067258, 'penalty_k': 0.40672699249984645, 'scale_lr': 0.525746246746831}. Best is trial 244 with value: 0.2802958501184859.
checkpoint_e16 window_influence: 0.34441248598866836, penalty_k: 0.03120476750492492, scale_lr: 0.19772729025475305, EAO: 0.267
Trial 327 finished with value: 0.26685974783286814 and parameters: {'window_influence': 0.34441248598866836, 'penalty_k': 0.031204767504924923, 'scale_lr': 0.19772729025475305}. Best is trial 90 with value: 0.28226814400858996.
checkpoint_e16 window_influence: 0.37115919307579770, penalty_k: 0.07325844340102589, scale_lr: 0.35043529478516849, EAO: 0.254
Trial 323 finished with value: 0.25356142574209506 and parameters: {'window_influence': 0.3711591930757977, 'penalty_k': 0.07325844340102589, 'scale_lr': 0.3504352947851685}. Best is trial 111 with value: 0.27549627247622344.
checkpoint_e16 window_influence: 0.37000690518670254, penalty_k: 0.07063038035271681, scale_lr: 0.32628303618030552, EAO: 0.267
Trial 328 finished with value: 0.2666009885024249 and parameters: {'window_influence': 0.37000690518670254, 'penalty_k': 0.0706303803527168, 'scale_lr': 0.3262830361803055}. Best is trial 90 with value: 0.28226814400858996.
checkpoint_e16 window_influence: 0.49086041818021797, penalty_k: 0.33089632868776198, scale_lr: 0.47030123417430708, EAO: 0.247
Trial 298 finished with value: 0.2469610429512776 and parameters: {'window_influence': 0.49086041818021797, 'penalty_k': 0.330896328687762, 'scale_lr': 0.4703012341743071}. Best is trial 244 with value: 0.2802958501184859.
checkpoint_e16 window_influence: 0.38813219838918805, penalty_k: 0.04246217811985063, scale_lr: 0.44063622221008253, EAO: 0.261
Trial 324 finished with value: 0.26106467213087936 and parameters: {'window_influence': 0.38813219838918805, 'penalty_k': 0.04246217811985063, 'scale_lr': 0.44063622221008253}. Best is trial 111 with value: 0.27549627247622344.
checkpoint_e16 window_influence: 0.39961341400779193, penalty_k: 0.03934238874696059, scale_lr: 0.30132366596695553, EAO: 0.273
Trial 329 finished with value: 0.272998475325786 and parameters: {'window_influence': 0.39961341400779193, 'penalty_k': 0.03934238874696059, 'scale_lr': 0.30132366596695553}. Best is trial 90 with value: 0.28226814400858996.
checkpoint_e16 window_influence: 0.43340321971991014, penalty_k: 0.01033184424375834, scale_lr: 0.36931954056716715, EAO: 0.253
Trial 325 finished with value: 0.25327856560063555 and parameters: {'window_influence': 0.43340321971991014, 'penalty_k': 0.010331844243758336, 'scale_lr': 0.36931954056716715}. Best is trial 111 with value: 0.27549627247622344.
checkpoint_e16 window_influence: 0.45110936365886822, penalty_k: 0.06256543878664943, scale_lr: 0.33066265515425219, EAO: 0.259
Trial 299 finished with value: 0.25941054183777756 and parameters: {'window_influence': 0.4511093636588682, 'penalty_k': 0.06256543878664943, 'scale_lr': 0.3306626551542522}. Best is trial 244 with value: 0.2802958501184859.
checkpoint_e16 window_influence: 0.40596713305199567, penalty_k: 0.04271569644482937, scale_lr: 0.33916604183708093, EAO: 0.276
Trial 330 finished with value: 0.2757637784248445 and parameters: {'window_influence': 0.40596713305199567, 'penalty_k': 0.042715696444829365, 'scale_lr': 0.33916604183708093}. Best is trial 90 with value: 0.28226814400858996.
checkpoint_e16 window_influence: 0.41772285131366060, penalty_k: 0.09453035201225748, scale_lr: 0.40812124673722688, EAO: 0.267
Trial 326 finished with value: 0.26686213783374646 and parameters: {'window_influence': 0.4177228513136606, 'penalty_k': 0.09453035201225748, 'scale_lr': 0.4081212467372269}. Best is trial 111 with value: 0.27549627247622344.
checkpoint_e16 window_influence: 0.43814407133170963, penalty_k: 0.03718416067938454, scale_lr: 0.41650205715348027, EAO: 0.261
Trial 300 finished with value: 0.26090706073171727 and parameters: {'window_influence': 0.43814407133170963, 'penalty_k': 0.03718416067938454, 'scale_lr': 0.41650205715348027}. Best is trial 244 with value: 0.2802958501184859.
checkpoint_e16 window_influence: 0.42228881710091098, penalty_k: 0.27551807282576180, scale_lr: 0.31822286718245035, EAO: 0.252
Trial 331 finished with value: 0.2517739966269431 and parameters: {'window_influence': 0.422288817100911, 'penalty_k': 0.2755180728257618, 'scale_lr': 0.31822286718245035}. Best is trial 90 with value: 0.28226814400858996.
checkpoint_e16 window_influence: 0.42179484754882623, penalty_k: 0.10041277688886292, scale_lr: 0.39913686776421892, EAO: 0.248
Trial 327 finished with value: 0.24806711471419993 and parameters: {'window_influence': 0.42179484754882623, 'penalty_k': 0.10041277688886292, 'scale_lr': 0.3991368677642189}. Best is trial 111 with value: 0.27549627247622344.
checkpoint_e16 window_influence: 0.46150134763830275, penalty_k: 0.10973093874120039, scale_lr: 0.49153499623524910, EAO: 0.258
Trial 301 finished with value: 0.2583370658198023 and parameters: {'window_influence': 0.46150134763830275, 'penalty_k': 0.10973093874120039, 'scale_lr': 0.4915349962352491}. Best is trial 244 with value: 0.2802958501184859.
checkpoint_e16 window_influence: 0.40718361224689809, penalty_k: 0.04090724857733674, scale_lr: 0.34247346518176963, EAO: 0.268
Trial 332 finished with value: 0.2679539960089738 and parameters: {'window_influence': 0.4071836122468981, 'penalty_k': 0.04090724857733674, 'scale_lr': 0.34247346518176963}. Best is trial 90 with value: 0.28226814400858996.
checkpoint_e16 window_influence: 0.44116007628477488, penalty_k: 0.09228988924924604, scale_lr: 0.37976098150176657, EAO: 0.255
Trial 328 finished with value: 0.25455897368066677 and parameters: {'window_influence': 0.4411600762847749, 'penalty_k': 0.09228988924924604, 'scale_lr': 0.37976098150176657}. Best is trial 111 with value: 0.27549627247622344.
checkpoint_e16 window_influence: 0.42759835313408623, penalty_k: 0.02239801661756357, scale_lr: 0.51058506055853792, EAO: 0.264
Trial 302 finished with value: 0.26447458092759296 and parameters: {'window_influence': 0.42759835313408623, 'penalty_k': 0.02239801661756357, 'scale_lr': 0.5105850605585379}. Best is trial 244 with value: 0.2802958501184859.
checkpoint_e16 window_influence: 0.24104584503457405, penalty_k: 0.14642526685055340, scale_lr: 0.18840835734390055, EAO: 0.245
Trial 333 finished with value: 0.24515314818155476 and parameters: {'window_influence': 0.24104584503457405, 'penalty_k': 0.1464252668505534, 'scale_lr': 0.18840835734390055}. Best is trial 90 with value: 0.28226814400858996.
checkpoint_e16 window_influence: 0.41340561144572396, penalty_k: 0.00016556681318067, scale_lr: 0.36608827088830881, EAO: 0.251
Trial 329 finished with value: 0.2513268698400598 and parameters: {'window_influence': 0.41340561144572396, 'penalty_k': 0.00016556681318066757, 'scale_lr': 0.3660882708883088}. Best is trial 111 with value: 0.27549627247622344.
checkpoint_e16 window_influence: 0.44668082288620481, penalty_k: 0.29257661935861190, scale_lr: 0.54578530652100055, EAO: 0.258
Trial 303 finished with value: 0.25814636584704487 and parameters: {'window_influence': 0.4466808228862048, 'penalty_k': 0.2925766193586119, 'scale_lr': 0.5457853065210005}. Best is trial 244 with value: 0.2802958501184859.
checkpoint_e16 window_influence: 0.42912750135526223, penalty_k: 0.04061689348044804, scale_lr: 0.31440247945007965, EAO: 0.270
Trial 334 finished with value: 0.27006384578904485 and parameters: {'window_influence': 0.42912750135526223, 'penalty_k': 0.040616893480448044, 'scale_lr': 0.31440247945007965}. Best is trial 90 with value: 0.28226814400858996.
checkpoint_e16 window_influence: 0.39965055037793185, penalty_k: 0.07617815208876730, scale_lr: 0.54402946464134949, EAO: 0.249
Trial 330 finished with value: 0.24938273835715238 and parameters: {'window_influence': 0.39965055037793185, 'penalty_k': 0.0761781520887673, 'scale_lr': 0.5440294646413495}. Best is trial 111 with value: 0.27549627247622344.
checkpoint_e16 window_influence: 0.33308156162599661, penalty_k: 0.05289186077680333, scale_lr: 0.44334674909159666, EAO: 0.269
Trial 304 finished with value: 0.2686565629229313 and parameters: {'window_influence': 0.3330815616259966, 'penalty_k': 0.05289186077680333, 'scale_lr': 0.44334674909159666}. Best is trial 244 with value: 0.2802958501184859.
checkpoint_e16 window_influence: 0.44168821512085049, penalty_k: 0.06191471477812435, scale_lr: 0.33456643392464797, EAO: 0.272
Trial 335 finished with value: 0.2724901386877386 and parameters: {'window_influence': 0.4416882151208505, 'penalty_k': 0.06191471477812435, 'scale_lr': 0.33456643392464797}. Best is trial 90 with value: 0.28226814400858996.
checkpoint_e16 window_influence: 0.42774683984392131, penalty_k: 0.02265798431376592, scale_lr: 0.41055714839378016, EAO: 0.253
Trial 331 finished with value: 0.2531024138253879 and parameters: {'window_influence': 0.4277468398439213, 'penalty_k': 0.022657984313765915, 'scale_lr': 0.41055714839378016}. Best is trial 111 with value: 0.27549627247622344.
checkpoint_e16 window_influence: 0.47635678910094503, penalty_k: 0.07809081773633553, scale_lr: 0.46635689514840739, EAO: 0.251
Trial 305 finished with value: 0.25113945405899996 and parameters: {'window_influence': 0.47635678910094503, 'penalty_k': 0.07809081773633553, 'scale_lr': 0.4663568951484074}. Best is trial 244 with value: 0.2802958501184859.
checkpoint_e16 window_influence: 0.39990093484178452, penalty_k: 0.30502220213481857, scale_lr: 0.36015734816458406, EAO: 0.250
Trial 336 finished with value: 0.25013298922922556 and parameters: {'window_influence': 0.3999009348417845, 'penalty_k': 0.30502220213481857, 'scale_lr': 0.36015734816458406}. Best is trial 90 with value: 0.28226814400858996.
checkpoint_e16 window_influence: 0.45445994118966038, penalty_k: 0.08656756490589304, scale_lr: 0.33813017484924252, EAO: 0.254
Trial 332 finished with value: 0.2544562301742352 and parameters: {'window_influence': 0.4544599411896604, 'penalty_k': 0.08656756490589304, 'scale_lr': 0.3381301748492425}. Best is trial 111 with value: 0.27549627247622344.
checkpoint_e16 window_influence: 0.51288691939036057, penalty_k: 0.01635542265016805, scale_lr: 0.49923832062352480, EAO: 0.254
Trial 306 finished with value: 0.2538408492881108 and parameters: {'window_influence': 0.5128869193903606, 'penalty_k': 0.016355422650168046, 'scale_lr': 0.4992383206235248}. Best is trial 244 with value: 0.2802958501184859.
checkpoint_e16 window_influence: 0.41396122853112294, penalty_k: 0.02961113583296572, scale_lr: 0.30320434304427490, EAO: 0.270
Trial 337 finished with value: 0.26971749501015113 and parameters: {'window_influence': 0.41396122853112294, 'penalty_k': 0.02961113583296572, 'scale_lr': 0.3032043430442749}. Best is trial 90 with value: 0.28226814400858996.
checkpoint_e16 window_influence: 0.16165880302435187, penalty_k: 0.11546812949079513, scale_lr: 0.38907809113742325, EAO: 0.246
Trial 333 finished with value: 0.24552047918967115 and parameters: {'window_influence': 0.16165880302435187, 'penalty_k': 0.11546812949079513, 'scale_lr': 0.38907809113742325}. Best is trial 111 with value: 0.27549627247622344.
checkpoint_e16 window_influence: 0.57546444469371727, penalty_k: 0.05361527466336354, scale_lr: 0.36910815724595553, EAO: 0.240
Trial 338 finished with value: 0.23958974125666346 and parameters: {'window_influence': 0.5754644446937173, 'penalty_k': 0.05361527466336354, 'scale_lr': 0.3691081572459555}. Best is trial 90 with value: 0.28226814400858996.
checkpoint_e16 window_influence: 0.29322310464464429, penalty_k: 0.19084195705590878, scale_lr: 0.51972628994974379, EAO: 0.251
Trial 307 finished with value: 0.2506407064999022 and parameters: {'window_influence': 0.2932231046446443, 'penalty_k': 0.19084195705590878, 'scale_lr': 0.5197262899497438}. Best is trial 244 with value: 0.2802958501184859.
checkpoint_e16 window_influence: 0.35212110225367194, penalty_k: 0.57298547116449239, scale_lr: 0.35375898423642882, EAO: 0.240
Trial 334 finished with value: 0.23991938123131187 and parameters: {'window_influence': 0.35212110225367194, 'penalty_k': 0.5729854711644924, 'scale_lr': 0.3537589842364288}. Best is trial 111 with value: 0.27549627247622344.
checkpoint_e16 window_influence: 0.13497961652808013, penalty_k: 0.07298218521575178, scale_lr: 0.33816189250365886, EAO: 0.247
Trial 339 finished with value: 0.2474454212479475 and parameters: {'window_influence': 0.13497961652808013, 'penalty_k': 0.07298218521575178, 'scale_lr': 0.33816189250365886}. Best is trial 90 with value: 0.28226814400858996.
checkpoint_e16 window_influence: 0.40954555146609045, penalty_k: 0.06078782179952021, scale_lr: 0.57195991393889589, EAO: 0.257
Trial 335 finished with value: 0.2571314145636752 and parameters: {'window_influence': 0.40954555146609045, 'penalty_k': 0.060787821799520206, 'scale_lr': 0.5719599139388959}. Best is trial 111 with value: 0.27549627247622344.
checkpoint_e16 window_influence: 0.31390732627835483, penalty_k: 0.03500029975703706, scale_lr: 0.48156021974882723, EAO: 0.264
Trial 308 finished with value: 0.26399659650112556 and parameters: {'window_influence': 0.3139073262783548, 'penalty_k': 0.03500029975703706, 'scale_lr': 0.48156021974882723}. Best is trial 244 with value: 0.2802958501184859.
checkpoint_e16 window_influence: 0.39976257668350312, penalty_k: 0.04557307655643916, scale_lr: 0.38236720251727696, EAO: 0.273
Trial 340 finished with value: 0.27250695985749485 and parameters: {'window_influence': 0.3997625766835031, 'penalty_k': 0.04557307655643916, 'scale_lr': 0.38236720251727696}. Best is trial 90 with value: 0.28226814400858996.
checkpoint_e16 window_influence: 0.64665998654361645, penalty_k: 0.12637147272974780, scale_lr: 0.60691541678343064, EAO: 0.208
Trial 336 finished with value: 0.20790959731107805 and parameters: {'window_influence': 0.6466599865436164, 'penalty_k': 0.1263714727297478, 'scale_lr': 0.6069154167834306}. Best is trial 111 with value: 0.27549627247622344.
checkpoint_e16 window_influence: 0.43701313087120902, penalty_k: 0.17676267713481708, scale_lr: 0.58066622703578363, EAO: 0.241
Trial 309 finished with value: 0.24084603568402732 and parameters: {'window_influence': 0.437013130871209, 'penalty_k': 0.17676267713481708, 'scale_lr': 0.5806662270357836}. Best is trial 244 with value: 0.2802958501184859.
checkpoint_e16 window_influence: 0.40855051285433686, penalty_k: 0.02617084502205759, scale_lr: 0.32157879637063441, EAO: 0.257
Trial 341 finished with value: 0.2572811434908611 and parameters: {'window_influence': 0.40855051285433686, 'penalty_k': 0.02617084502205759, 'scale_lr': 0.3215787963706344}. Best is trial 90 with value: 0.28226814400858996.
checkpoint_e16 window_influence: 0.37596137029599475, penalty_k: 0.20088566239397909, scale_lr: 0.41913881576081247, EAO: 0.247
Trial 337 finished with value: 0.24677982211597566 and parameters: {'window_influence': 0.37596137029599475, 'penalty_k': 0.2008856623939791, 'scale_lr': 0.41913881576081247}. Best is trial 111 with value: 0.27549627247622344.
checkpoint_e16 window_influence: 0.45639245332156009, penalty_k: 0.02939627626022396, scale_lr: 0.53309179685031405, EAO: 0.270
Trial 310 finished with value: 0.27029061499165324 and parameters: {'window_influence': 0.4563924533215601, 'penalty_k': 0.029396276260223956, 'scale_lr': 0.533091796850314}. Best is trial 244 with value: 0.2802958501184859.
checkpoint_e16 window_influence: 0.39280217299644005, penalty_k: 0.06278498849648326, scale_lr: 0.10472608468828271, EAO: 0.257
