Trial 992 finished with value: 0.2573154073784022 and parameters: {'window_influence': 0.29986436420487395, 'penalty_k': 0.01839304261236701, 'scale_lr': 0.4486339908131854}. Best is trial 104 with value: 0.27492820641131904.
checkpoint_e22 window_influence: 0.24019912746867689, penalty_k: 0.23007761496427925, scale_lr: 0.68338130853592294, EAO: 0.258
Trial 993 finished with value: 0.2576434935738401 and parameters: {'window_influence': 0.2401991274686769, 'penalty_k': 0.23007761496427925, 'scale_lr': 0.6833813085359229}. Best is trial 104 with value: 0.27492820641131904.
checkpoint_e22 window_influence: 0.19041727705504233, penalty_k: 0.58353638296995258, scale_lr: 0.51333461206358633, EAO: 0.238
Trial 994 finished with value: 0.23779117067654928 and parameters: {'window_influence': 0.19041727705504233, 'penalty_k': 0.5835363829699526, 'scale_lr': 0.5133346120635863}. Best is trial 104 with value: 0.27492820641131904.
checkpoint_e22 window_influence: 0.32886536543071310, penalty_k: 0.15598754976691923, scale_lr: 0.64782590563938891, EAO: 0.257
Trial 995 finished with value: 0.2570246034036807 and parameters: {'window_influence': 0.3288653654307131, 'penalty_k': 0.15598754976691923, 'scale_lr': 0.6478259056393889}. Best is trial 104 with value: 0.27492820641131904.
checkpoint_e22 window_influence: 0.22117432795383055, penalty_k: 0.09100682940795843, scale_lr: 0.58330126476187827, EAO: 0.251
Trial 996 finished with value: 0.25139402791978865 and parameters: {'window_influence': 0.22117432795383055, 'penalty_k': 0.09100682940795843, 'scale_lr': 0.5833012647618783}. Best is trial 104 with value: 0.27492820641131904.
checkpoint_e22 window_influence: 0.42645712184678919, penalty_k: 0.07883159914801013, scale_lr: 0.47802188069875767, EAO: 0.252
Trial 997 finished with value: 0.25208081486748485 and parameters: {'window_influence': 0.4264571218467892, 'penalty_k': 0.07883159914801013, 'scale_lr': 0.4780218806987577}. Best is trial 104 with value: 0.27492820641131904.
checkpoint_e22 window_influence: 0.28460990588053947, penalty_k: 0.19110775982202516, scale_lr: 0.49339579476055273, EAO: 0.252
Trial 998 finished with value: 0.251700180029966 and parameters: {'window_influence': 0.28460990588053947, 'penalty_k': 0.19110775982202516, 'scale_lr': 0.49339579476055273}. Best is trial 104 with value: 0.27492820641131904.
checkpoint_e22 window_influence: 0.52272543703057817, penalty_k: 0.21142527262820043, scale_lr: 0.43361327484533757, EAO: 0.238
Trial 999 finished with value: 0.23763010578184593 and parameters: {'window_influence': 0.5227254370305782, 'penalty_k': 0.21142527262820043, 'scale_lr': 0.43361327484533757}. Best is trial 104 with value: 0.27492820641131904.
checkpoint_e22 window_influence: 0.56547070015872791, penalty_k: 0.05915430910481996, scale_lr: 0.59771725093438344, EAO: 0.225
Trial 1000 finished with value: 0.2247547524246743 and parameters: {'window_influence': 0.5654707001587279, 'penalty_k': 0.05915430910481996, 'scale_lr': 0.5977172509343834}. Best is trial 104 with value: 0.27492820641131904.
checkpoint_e22 window_influence: 0.41200968089763074, penalty_k: 0.36897316802457203, scale_lr: 0.45618583744553187, EAO: 0.258
Trial 1001 finished with value: 0.25783913291809035 and parameters: {'window_influence': 0.41200968089763074, 'penalty_k': 0.36897316802457203, 'scale_lr': 0.45618583744553187}. Best is trial 104 with value: 0.27492820641131904.
checkpoint_e22 window_influence: 0.16548909762964928, penalty_k: 0.00085127688184682, scale_lr: 0.75109667667207392, EAO: 0.240
Trial 1002 finished with value: 0.23953386020611941 and parameters: {'window_influence': 0.16548909762964928, 'penalty_k': 0.0008512768818468158, 'scale_lr': 0.7510966766720739}. Best is trial 104 with value: 0.27492820641131904.
checkpoint_e22 window_influence: 0.40073721753434494, penalty_k: 0.03135808783119209, scale_lr: 0.13061083417397401, EAO: 0.254
Trial 1003 finished with value: 0.25366470217704773 and parameters: {'window_influence': 0.40073721753434494, 'penalty_k': 0.03135808783119209, 'scale_lr': 0.130610834173974}. Best is trial 104 with value: 0.27492820641131904.
checkpoint_e22 window_influence: 0.27319653947252098, penalty_k: 0.18142829843410727, scale_lr: 0.57215773538458758, EAO: 0.254
Trial 1004 finished with value: 0.2539992628664505 and parameters: {'window_influence': 0.273196539472521, 'penalty_k': 0.18142829843410727, 'scale_lr': 0.5721577353845876}. Best is trial 104 with value: 0.27492820641131904.
checkpoint_e22 window_influence: 0.30868592875802636, penalty_k: 0.53683788015852241, scale_lr: 0.62027607826796605, EAO: 0.245
Trial 1005 finished with value: 0.2445640198704673 and parameters: {'window_influence': 0.30868592875802636, 'penalty_k': 0.5368378801585224, 'scale_lr': 0.620276078267966}. Best is trial 104 with value: 0.27492820641131904.
checkpoint_e22 window_influence: 0.13583065679474129, penalty_k: 0.25728450734579300, scale_lr: 0.33663700548175285, EAO: 0.232
Trial 1006 finished with value: 0.23150771626127445 and parameters: {'window_influence': 0.1358306567947413, 'penalty_k': 0.257284507345793, 'scale_lr': 0.33663700548175285}. Best is trial 104 with value: 0.27492820641131904.
checkpoint_e22 window_influence: 0.38969285628451600, penalty_k: 0.22144726966284525, scale_lr: 0.64770907245829645, EAO: 0.252
Trial 1007 finished with value: 0.25243366412757856 and parameters: {'window_influence': 0.389692856284516, 'penalty_k': 0.22144726966284525, 'scale_lr': 0.6477090724582965}. Best is trial 104 with value: 0.27492820641131904.
checkpoint_e22 window_influence: 0.35106319918778234, penalty_k: 0.24283455879179372, scale_lr: 0.23463034617207562, EAO: 0.244
Trial 1008 finished with value: 0.24385272342015088 and parameters: {'window_influence': 0.35106319918778234, 'penalty_k': 0.24283455879179372, 'scale_lr': 0.23463034617207562}. Best is trial 104 with value: 0.27492820641131904.
checkpoint_e22 window_influence: 0.44082836202682202, penalty_k: 0.29733964132700819, scale_lr: 0.14577469417021266, EAO: 0.258
Trial 1009 finished with value: 0.258330384708517 and parameters: {'window_influence': 0.440828362026822, 'penalty_k': 0.2973396413270082, 'scale_lr': 0.14577469417021266}. Best is trial 104 with value: 0.27492820641131904.
checkpoint_e22 window_influence: 0.37400831376383353, penalty_k: 0.20323490762082849, scale_lr: 0.40298429323008900, EAO: 0.239
Trial 1010 finished with value: 0.2386578400202883 and parameters: {'window_influence': 0.37400831376383353, 'penalty_k': 0.2032349076208285, 'scale_lr': 0.402984293230089}. Best is trial 104 with value: 0.27492820641131904.
checkpoint_e22 window_influence: 0.29802553605169724, penalty_k: 0.12184014605663329, scale_lr: 0.60838179246609847, EAO: 0.260
Trial 1011 finished with value: 0.2598291505885318 and parameters: {'window_influence': 0.29802553605169724, 'penalty_k': 0.12184014605663329, 'scale_lr': 0.6083817924660985}. Best is trial 104 with value: 0.27492820641131904.
checkpoint_e22 window_influence: 0.36379314406334406, penalty_k: 0.55712142093457961, scale_lr: 0.52450894504506462, EAO: 0.245
Trial 1012 finished with value: 0.24484870891745497 and parameters: {'window_influence': 0.36379314406334406, 'penalty_k': 0.5571214209345796, 'scale_lr': 0.5245089450450646}. Best is trial 104 with value: 0.27492820641131904.
checkpoint_e22 window_influence: 0.20979342538300452, penalty_k: 0.16512720951129950, scale_lr: 0.38164158075295207, EAO: 0.244
Trial 1013 finished with value: 0.24404911824115894 and parameters: {'window_influence': 0.20979342538300452, 'penalty_k': 0.1651272095112995, 'scale_lr': 0.38164158075295207}. Best is trial 104 with value: 0.27492820641131904.
checkpoint_e22 window_influence: 0.38536148337328724, penalty_k: 0.27930487313362773, scale_lr: 0.54220591363395443, EAO: 0.260
Trial 1014 finished with value: 0.260292195692295 and parameters: {'window_influence': 0.38536148337328724, 'penalty_k': 0.27930487313362773, 'scale_lr': 0.5422059136339544}. Best is trial 104 with value: 0.27492820641131904.
checkpoint_e22 window_influence: 0.32776286523158832, penalty_k: 0.14637651047001635, scale_lr: 0.48223987236993288, EAO: 0.245
Trial 1015 finished with value: 0.24463655799627304 and parameters: {'window_influence': 0.3277628652315883, 'penalty_k': 0.14637651047001635, 'scale_lr': 0.4822398723699329}. Best is trial 104 with value: 0.27492820641131904.
checkpoint_e22 window_influence: 0.40445350151077303, penalty_k: 0.59363183561860122, scale_lr: 0.11924472231855802, EAO: 0.252
Trial 1016 finished with value: 0.25226587135859624 and parameters: {'window_influence': 0.40445350151077303, 'penalty_k': 0.5936318356186012, 'scale_lr': 0.11924472231855802}. Best is trial 104 with value: 0.27492820641131904.
checkpoint_e22 window_influence: 0.17187177450797869, penalty_k: 0.19590592410269367, scale_lr: 0.50862590300724775, EAO: 0.247
Trial 1017 finished with value: 0.24679919059683636 and parameters: {'window_influence': 0.1718717745079787, 'penalty_k': 0.19590592410269367, 'scale_lr': 0.5086259030072477}. Best is trial 104 with value: 0.27492820641131904.
checkpoint_e22 window_influence: 0.41702340857176518, penalty_k: 0.23242593547274340, scale_lr: 0.35537988542189686, EAO: 0.242
Trial 1018 finished with value: 0.24187606118801164 and parameters: {'window_influence': 0.4170234085717652, 'penalty_k': 0.2324259354727434, 'scale_lr': 0.35537988542189686}. Best is trial 104 with value: 0.27492820641131904.
checkpoint_e22 window_influence: 0.58591962266671926, penalty_k: 0.21616349932451645, scale_lr: 0.16598041908912636, EAO: 0.207
Trial 1019 finished with value: 0.2067226631854608 and parameters: {'window_influence': 0.5859196226667193, 'penalty_k': 0.21616349932451645, 'scale_lr': 0.16598041908912636}. Best is trial 104 with value: 0.27492820641131904.
checkpoint_e22 window_influence: 0.26236284797932152, penalty_k: 0.17586496320061096, scale_lr: 0.46395780909937123, EAO: 0.270
Trial 1020 finished with value: 0.27031233034482816 and parameters: {'window_influence': 0.2623628479793215, 'penalty_k': 0.17586496320061096, 'scale_lr': 0.46395780909937123}. Best is trial 104 with value: 0.27492820641131904.
checkpoint_e22 window_influence: 0.26709570938198662, penalty_k: 0.15491224254443728, scale_lr: 0.45848551326453940, EAO: 0.261
Trial 1021 finished with value: 0.26124799245499014 and parameters: {'window_influence': 0.2670957093819866, 'penalty_k': 0.15491224254443728, 'scale_lr': 0.4584855132645394}. Best is trial 104 with value: 0.27492820641131904.
checkpoint_e22 window_influence: 0.60483536663711912, penalty_k: 0.16891723397971992, scale_lr: 0.45515932787070212, EAO: 0.211
Trial 1022 finished with value: 0.21146410976241276 and parameters: {'window_influence': 0.6048353666371191, 'penalty_k': 0.16891723397971992, 'scale_lr': 0.4551593278707021}. Best is trial 104 with value: 0.27492820641131904.
checkpoint_e22 window_influence: 0.25066013455885827, penalty_k: 0.17715070211051226, scale_lr: 0.47573088277033748, EAO: 0.264
Trial 1023 finished with value: 0.2639924237519745 and parameters: {'window_influence': 0.25066013455885827, 'penalty_k': 0.17715070211051226, 'scale_lr': 0.4757308827703375}. Best is trial 104 with value: 0.27492820641131904.
checkpoint_e22 window_influence: 0.25778281268465403, penalty_k: 0.18046645517523821, scale_lr: 0.21990858641135347, EAO: 0.250
Trial 1024 finished with value: 0.24981788957748957 and parameters: {'window_influence': 0.25778281268465403, 'penalty_k': 0.1804664551752382, 'scale_lr': 0.21990858641135347}. Best is trial 104 with value: 0.27492820641131904.
checkpoint_e22 window_influence: 0.24902167207851034, penalty_k: 0.14450900792149762, scale_lr: 0.43393676366977296, EAO: 0.251
Trial 1025 finished with value: 0.2511750348215181 and parameters: {'window_influence': 0.24902167207851034, 'penalty_k': 0.14450900792149762, 'scale_lr': 0.43393676366977296}. Best is trial 104 with value: 0.27492820641131904.
checkpoint_e22 window_influence: 0.28636228460398416, penalty_k: 0.16143722640825414, scale_lr: 0.44918501130974514, EAO: 0.257
Trial 1026 finished with value: 0.2565841892870461 and parameters: {'window_influence': 0.28636228460398416, 'penalty_k': 0.16143722640825414, 'scale_lr': 0.44918501130974514}. Best is trial 104 with value: 0.27492820641131904.
checkpoint_e22 window_influence: 0.26839971655629624, penalty_k: 0.13406349051530653, scale_lr: 0.46732769340688263, EAO: 0.262
Trial 1027 finished with value: 0.2623032911763928 and parameters: {'window_influence': 0.26839971655629624, 'penalty_k': 0.13406349051530653, 'scale_lr': 0.4673276934068826}. Best is trial 104 with value: 0.27492820641131904.
checkpoint_e22 window_influence: 0.22421927112231962, penalty_k: 0.03818571782799071, scale_lr: 0.41026530537050043, EAO: 0.259
Trial 1028 finished with value: 0.25892192894608024 and parameters: {'window_influence': 0.22421927112231962, 'penalty_k': 0.03818571782799071, 'scale_lr': 0.41026530537050043}. Best is trial 104 with value: 0.27492820641131904.
checkpoint_e22 window_influence: 0.23385293194247878, penalty_k: 0.18680230234042003, scale_lr: 0.47160260388899161, EAO: 0.259
Trial 1029 finished with value: 0.25870901903485866 and parameters: {'window_influence': 0.23385293194247878, 'penalty_k': 0.18680230234042003, 'scale_lr': 0.4716026038889916}. Best is trial 104 with value: 0.27492820641131904.
checkpoint_e22 window_influence: 0.25909393581458867, penalty_k: 0.07297953073425463, scale_lr: 0.48847189446123701, EAO: 0.258
Trial 1030 finished with value: 0.25816558077325663 and parameters: {'window_influence': 0.25909393581458867, 'penalty_k': 0.07297953073425463, 'scale_lr': 0.488471894461237}. Best is trial 104 with value: 0.27492820641131904.
checkpoint_e22 window_influence: 0.27224924042298976, penalty_k: 0.31973979391077217, scale_lr: 0.44410460366976878, EAO: 0.256
Trial 1031 finished with value: 0.25577169535605887 and parameters: {'window_influence': 0.27224924042298976, 'penalty_k': 0.3197397939107722, 'scale_lr': 0.4441046036697688}. Best is trial 104 with value: 0.27492820641131904.
checkpoint_e22 window_influence: 0.30994813411940159, penalty_k: 0.10002959184043039, scale_lr: 0.42247113764608935, EAO: 0.262
Trial 1032 finished with value: 0.26177682654886714 and parameters: {'window_influence': 0.3099481341194016, 'penalty_k': 0.10002959184043039, 'scale_lr': 0.42247113764608935}. Best is trial 104 with value: 0.27492820641131904.
checkpoint_e22 window_influence: 0.28277680988736725, penalty_k: 0.05095117087946992, scale_lr: 0.13091936554213085, EAO: 0.252
Trial 1033 finished with value: 0.25207950974383003 and parameters: {'window_influence': 0.28277680988736725, 'penalty_k': 0.05095117087946992, 'scale_lr': 0.13091936554213085}. Best is trial 104 with value: 0.27492820641131904.
checkpoint_e22 window_influence: 0.12194223774352453, penalty_k: 0.02430057996509798, scale_lr: 0.67578353476104869, EAO: 0.230
Trial 1034 finished with value: 0.22985871202819716 and parameters: {'window_influence': 0.12194223774352453, 'penalty_k': 0.024300579965097976, 'scale_lr': 0.6757835347610487}. Best is trial 104 with value: 0.27492820641131904.
checkpoint_e22 window_influence: 0.28695978495387686, penalty_k: 0.33251056120608358, scale_lr: 0.77702306729564385, EAO: 0.256
Trial 1035 finished with value: 0.25614796609171037 and parameters: {'window_influence': 0.28695978495387686, 'penalty_k': 0.3325105612060836, 'scale_lr': 0.7770230672956439}. Best is trial 104 with value: 0.27492820641131904.
checkpoint_e22 window_influence: 0.24531429800739235, penalty_k: 0.56936740335552338, scale_lr: 0.18695526270626095, EAO: 0.249
Trial 1036 finished with value: 0.24914159637883426 and parameters: {'window_influence': 0.24531429800739235, 'penalty_k': 0.5693674033555234, 'scale_lr': 0.18695526270626095}. Best is trial 104 with value: 0.27492820641131904.
checkpoint_e22 window_influence: 0.49948939699248995, penalty_k: 0.17417456988759075, scale_lr: 0.75117761900589253, EAO: 0.250
Trial 1037 finished with value: 0.2503285933195091 and parameters: {'window_influence': 0.49948939699248995, 'penalty_k': 0.17417456988759075, 'scale_lr': 0.7511776190058925}. Best is trial 104 with value: 0.27492820641131904.
checkpoint_e22 window_influence: 0.27715647675027572, penalty_k: 0.26952471736507672, scale_lr: 0.30838855472953192, EAO: 0.255
Trial 1038 finished with value: 0.25502101004850575 and parameters: {'window_influence': 0.2771564767502757, 'penalty_k': 0.2695247173650767, 'scale_lr': 0.3083885547295319}. Best is trial 104 with value: 0.27492820641131904.
checkpoint_e22 window_influence: 0.29619506872353879, penalty_k: 0.08354931485215115, scale_lr: 0.37439554694275790, EAO: 0.258
Trial 1039 finished with value: 0.25756314178792444 and parameters: {'window_influence': 0.2961950687235388, 'penalty_k': 0.08354931485215115, 'scale_lr': 0.3743955469427579}. Best is trial 104 with value: 0.27492820641131904.
checkpoint_e22 window_influence: 0.42870435117713807, penalty_k: 0.30455942115146784, scale_lr: 0.36695943350781957, EAO: 0.249
Trial 1040 finished with value: 0.24921366439117648 and parameters: {'window_influence': 0.42870435117713807, 'penalty_k': 0.30455942115146784, 'scale_lr': 0.36695943350781957}. Best is trial 104 with value: 0.27492820641131904.
checkpoint_e22 window_influence: 0.63027866190262460, penalty_k: 0.11266014975085860, scale_lr: 0.27789878374518717, EAO: 0.204
Trial 1041 finished with value: 0.20431391622235134 and parameters: {'window_influence': 0.6302786619026246, 'penalty_k': 0.1126601497508586, 'scale_lr': 0.2778987837451872}. Best is trial 104 with value: 0.27492820641131904.
checkpoint_e22 window_influence: 0.23442286235992876, penalty_k: 0.28516505399641351, scale_lr: 0.69996589437479062, EAO: 0.252
Trial 1042 finished with value: 0.25207964233993513 and parameters: {'window_influence': 0.23442286235992876, 'penalty_k': 0.2851650539964135, 'scale_lr': 0.6999658943747906}. Best is trial 104 with value: 0.27492820641131904.
checkpoint_e22 window_influence: 0.32021784651631763, penalty_k: 0.24868051732475177, scale_lr: 0.14877709119192919, EAO: 0.262
Trial 1043 finished with value: 0.26226890577775674 and parameters: {'window_influence': 0.32021784651631763, 'penalty_k': 0.24868051732475177, 'scale_lr': 0.1487770911919292}. Best is trial 104 with value: 0.27492820641131904.
checkpoint_e22 window_influence: 0.25759309483473714, penalty_k: 0.19577424266857313, scale_lr: 0.20701421823500388, EAO: 0.263
Trial 1044 finished with value: 0.2630489711475566 and parameters: {'window_influence': 0.25759309483473714, 'penalty_k': 0.19577424266857313, 'scale_lr': 0.20701421823500388}. Best is trial 104 with value: 0.27492820641131904.
checkpoint_e22 window_influence: 0.30130694401270713, penalty_k: 0.15367895594900829, scale_lr: 0.46480845548098743, EAO: 0.259
Trial 1045 finished with value: 0.25882502287868564 and parameters: {'window_influence': 0.30130694401270713, 'penalty_k': 0.1536789559490083, 'scale_lr': 0.4648084554809874}. Best is trial 104 with value: 0.27492820641131904.
checkpoint_e22 window_influence: 0.11316766849946125, penalty_k: 0.01965391879375910, scale_lr: 0.71728092985600655, EAO: 0.234
Trial 1046 finished with value: 0.23414909488301935 and parameters: {'window_influence': 0.11316766849946125, 'penalty_k': 0.0196539187937591, 'scale_lr': 0.7172809298560066}. Best is trial 104 with value: 0.27492820641131904.
checkpoint_e22 window_influence: 0.39683181673925649, penalty_k: 0.05818640932721661, scale_lr: 0.50340812470762553, EAO: 0.259
Trial 1047 finished with value: 0.25902595576958926 and parameters: {'window_influence': 0.3968318167392565, 'penalty_k': 0.05818640932721661, 'scale_lr': 0.5034081247076255}. Best is trial 104 with value: 0.27492820641131904.
checkpoint_e22 window_influence: 0.33899502460395220, penalty_k: 0.16983897454540159, scale_lr: 0.34202449248421596, EAO: 0.249
Trial 1048 finished with value: 0.24877295788468384 and parameters: {'window_influence': 0.3389950246039522, 'penalty_k': 0.1698389745454016, 'scale_lr': 0.34202449248421596}. Best is trial 104 with value: 0.27492820641131904.
checkpoint_e22 window_influence: 0.37765857050984064, penalty_k: 0.18609574896487535, scale_lr: 0.78854446072425288, EAO: 0.250
Trial 1049 finished with value: 0.2500968448878304 and parameters: {'window_influence': 0.37765857050984064, 'penalty_k': 0.18609574896487535, 'scale_lr': 0.7885444607242529}. Best is trial 104 with value: 0.27492820641131904.
checkpoint_e22 window_influence: 0.40859983048484788, penalty_k: 0.03968309045833025, scale_lr: 0.11025993111944123, EAO: 0.267
Trial 1050 finished with value: 0.26745431040360673 and parameters: {'window_influence': 0.4085998304848479, 'penalty_k': 0.03968309045833025, 'scale_lr': 0.11025993111944123}. Best is trial 104 with value: 0.27492820641131904.
checkpoint_e22 window_influence: 0.14137806941863346, penalty_k: 0.19725559717910218, scale_lr: 0.48993329809626218, EAO: 0.236
Trial 1051 finished with value: 0.23573059976343216 and parameters: {'window_influence': 0.14137806941863346, 'penalty_k': 0.19725559717910218, 'scale_lr': 0.4899332980962622}. Best is trial 104 with value: 0.27492820641131904.
checkpoint_e22 window_influence: 0.38855630445050804, penalty_k: 0.00900951020729641, scale_lr: 0.76064982722016705, EAO: 0.256
Trial 1052 finished with value: 0.2563923998940282 and parameters: {'window_influence': 0.38855630445050804, 'penalty_k': 0.009009510207296411, 'scale_lr': 0.760649827220167}. Best is trial 104 with value: 0.27492820641131904.
checkpoint_e22 window_influence: 0.26352434937978653, penalty_k: 0.25578300184175573, scale_lr: 0.63693557525106048, EAO: 0.249
