Trial 496 finished with value: 0.24652671202169202 and parameters: {'window_influence': 0.4113950937361335, 'penalty_k': 0.4222225221164836, 'scale_lr': 0.3368998408563407}. Best is trial 104 with value: 0.27492820641131904.
checkpoint_e22 window_influence: 0.42077061660613724, penalty_k: 0.39132369940259476, scale_lr: 0.41678723473585866, EAO: 0.257
Trial 497 finished with value: 0.25687390523470516 and parameters: {'window_influence': 0.42077061660613724, 'penalty_k': 0.39132369940259476, 'scale_lr': 0.41678723473585866}. Best is trial 104 with value: 0.27492820641131904.
checkpoint_e22 window_influence: 0.37228568826645037, penalty_k: 0.33618094316166436, scale_lr: 0.11713560187821384, EAO: 0.257
Trial 498 finished with value: 0.25661575358088423 and parameters: {'window_influence': 0.37228568826645037, 'penalty_k': 0.33618094316166436, 'scale_lr': 0.11713560187821384}. Best is trial 104 with value: 0.27492820641131904.
checkpoint_e22 window_influence: 0.63015948628203566, penalty_k: 0.19293497375756347, scale_lr: 0.13618662570460824, EAO: 0.203
Trial 499 finished with value: 0.20282794232290935 and parameters: {'window_influence': 0.6301594862820357, 'penalty_k': 0.19293497375756347, 'scale_lr': 0.13618662570460824}. Best is trial 104 with value: 0.27492820641131904.
checkpoint_e22 window_influence: 0.28049417840165469, penalty_k: 0.48889651951429247, scale_lr: 0.15113232762750273, EAO: 0.248
Trial 500 finished with value: 0.248224428150712 and parameters: {'window_influence': 0.2804941784016547, 'penalty_k': 0.48889651951429247, 'scale_lr': 0.15113232762750273}. Best is trial 104 with value: 0.27492820641131904.
checkpoint_e22 window_influence: 0.25097203683981917, penalty_k: 0.47617694275180450, scale_lr: 0.26999327423212705, EAO: 0.239
Trial 501 finished with value: 0.23869453394800666 and parameters: {'window_influence': 0.25097203683981917, 'penalty_k': 0.4761769427518045, 'scale_lr': 0.26999327423212705}. Best is trial 104 with value: 0.27492820641131904.
checkpoint_e22 window_influence: 0.38756224138443529, penalty_k: 0.22597305786164851, scale_lr: 0.10013133929223378, EAO: 0.264
Trial 502 finished with value: 0.26392144564448333 and parameters: {'window_influence': 0.3875622413844353, 'penalty_k': 0.2259730578616485, 'scale_lr': 0.10013133929223378}. Best is trial 104 with value: 0.27492820641131904.
checkpoint_e22 window_influence: 0.57164078810218577, penalty_k: 0.21022839152114098, scale_lr: 0.31358704939996146, EAO: 0.227
Trial 503 finished with value: 0.2270303882840203 and parameters: {'window_influence': 0.5716407881021858, 'penalty_k': 0.21022839152114098, 'scale_lr': 0.31358704939996146}. Best is trial 104 with value: 0.27492820641131904.
checkpoint_e22 window_influence: 0.05675695644543771, penalty_k: 0.32967232133253710, scale_lr: 0.16587446668032163, EAO: 0.203
Trial 504 finished with value: 0.20253889020380936 and parameters: {'window_influence': 0.05675695644543771, 'penalty_k': 0.3296723213325371, 'scale_lr': 0.16587446668032163}. Best is trial 104 with value: 0.27492820641131904.
checkpoint_e22 window_influence: 0.33315306585551069, penalty_k: 0.25724144404085603, scale_lr: 0.59599531105254933, EAO: 0.252
Trial 505 finished with value: 0.2521969677834976 and parameters: {'window_influence': 0.3331530658555107, 'penalty_k': 0.257241444040856, 'scale_lr': 0.5959953110525493}. Best is trial 104 with value: 0.27492820641131904.
checkpoint_e22 window_influence: 0.64625854535438521, penalty_k: 0.17627422464807832, scale_lr: 0.12739277604891389, EAO: 0.204
Trial 506 finished with value: 0.2038091707035778 and parameters: {'window_influence': 0.6462585453543852, 'penalty_k': 0.17627422464807832, 'scale_lr': 0.12739277604891389}. Best is trial 104 with value: 0.27492820641131904.
checkpoint_e22 window_influence: 0.40073389963791517, penalty_k: 0.06125056492405698, scale_lr: 0.14858805875939790, EAO: 0.267
Trial 507 finished with value: 0.2667937530734675 and parameters: {'window_influence': 0.40073389963791517, 'penalty_k': 0.06125056492405698, 'scale_lr': 0.1485880587593979}. Best is trial 104 with value: 0.27492820641131904.
checkpoint_e22 window_influence: 0.40265613916194187, penalty_k: 0.05414814999406901, scale_lr: 0.15069938650461959, EAO: 0.250
Trial 508 finished with value: 0.250491288558739 and parameters: {'window_influence': 0.4026561391619419, 'penalty_k': 0.054148149994069014, 'scale_lr': 0.1506993865046196}. Best is trial 104 with value: 0.27492820641131904.
checkpoint_e22 window_influence: 0.43016992973234280, penalty_k: 0.24696149499077474, scale_lr: 0.17565861095842183, EAO: 0.256
Trial 509 finished with value: 0.25620195517937344 and parameters: {'window_influence': 0.4301699297323428, 'penalty_k': 0.24696149499077474, 'scale_lr': 0.17565861095842183}. Best is trial 104 with value: 0.27492820641131904.
checkpoint_e22 window_influence: 0.41344658140825119, penalty_k: 0.12304183197687051, scale_lr: 0.14040864114671028, EAO: 0.263
Trial 510 finished with value: 0.26268752646155474 and parameters: {'window_influence': 0.4134465814082512, 'penalty_k': 0.1230418319768705, 'scale_lr': 0.14040864114671028}. Best is trial 104 with value: 0.27492820641131904.
checkpoint_e22 window_influence: 0.39882804883494671, penalty_k: 0.14406762291935860, scale_lr: 0.15986632911244247, EAO: 0.257
Trial 511 finished with value: 0.25691642606161474 and parameters: {'window_influence': 0.3988280488349467, 'penalty_k': 0.1440676229193586, 'scale_lr': 0.15986632911244247}. Best is trial 104 with value: 0.27492820641131904.
checkpoint_e22 window_influence: 0.39196272544028810, penalty_k: 0.12741786769744157, scale_lr: 0.11435416498399931, EAO: 0.252
Trial 512 finished with value: 0.2524878939961999 and parameters: {'window_influence': 0.3919627254402881, 'penalty_k': 0.12741786769744157, 'scale_lr': 0.1143541649839993}. Best is trial 104 with value: 0.27492820641131904.
checkpoint_e22 window_influence: 0.42387400251240787, penalty_k: 0.09042611570384700, scale_lr: 0.19726513178171540, EAO: 0.245
Trial 513 finished with value: 0.24536094342063114 and parameters: {'window_influence': 0.42387400251240787, 'penalty_k': 0.090426115703847, 'scale_lr': 0.1972651317817154}. Best is trial 104 with value: 0.27492820641131904.
checkpoint_e22 window_influence: 0.46916807645392899, penalty_k: 0.13489221065666648, scale_lr: 0.61159851084386208, EAO: 0.267
Trial 514 finished with value: 0.2666001631840458 and parameters: {'window_influence': 0.469168076453929, 'penalty_k': 0.13489221065666648, 'scale_lr': 0.6115985108438621}. Best is trial 104 with value: 0.27492820641131904.
checkpoint_e22 window_influence: 0.44976158509053088, penalty_k: 0.07019377553601111, scale_lr: 0.64764705896320618, EAO: 0.257
Trial 515 finished with value: 0.25720645384332996 and parameters: {'window_influence': 0.4497615850905309, 'penalty_k': 0.07019377553601111, 'scale_lr': 0.6476470589632062}. Best is trial 104 with value: 0.27492820641131904.
checkpoint_e22 window_influence: 0.49763791414299652, penalty_k: 0.09696590496449856, scale_lr: 0.47268948967119151, EAO: 0.250
Trial 516 finished with value: 0.25011548896630603 and parameters: {'window_influence': 0.4976379141429965, 'penalty_k': 0.09696590496449856, 'scale_lr': 0.4726894896711915}. Best is trial 104 with value: 0.27492820641131904.
checkpoint_e22 window_influence: 0.40482309430318925, penalty_k: 0.15985339715891778, scale_lr: 0.13141752695387818, EAO: 0.256
Trial 517 finished with value: 0.2561856763270812 and parameters: {'window_influence': 0.40482309430318925, 'penalty_k': 0.15985339715891778, 'scale_lr': 0.13141752695387818}. Best is trial 104 with value: 0.27492820641131904.
checkpoint_e22 window_influence: 0.38089509398486326, penalty_k: 0.01789115482278442, scale_lr: 0.14666377758949287, EAO: 0.252
Trial 518 finished with value: 0.2519279842575391 and parameters: {'window_influence': 0.38089509398486326, 'penalty_k': 0.017891154822784416, 'scale_lr': 0.14666377758949287}. Best is trial 104 with value: 0.27492820641131904.
checkpoint_e22 window_influence: 0.54322857075965703, penalty_k: 0.34778964631622766, scale_lr: 0.49387672050866993, EAO: 0.230
Trial 519 finished with value: 0.23038238165824393 and parameters: {'window_influence': 0.543228570759657, 'penalty_k': 0.34778964631622766, 'scale_lr': 0.49387672050866993}. Best is trial 104 with value: 0.27492820641131904.
checkpoint_e22 window_influence: 0.38925447904357541, penalty_k: 0.00715754702427569, scale_lr: 0.39612657655552386, EAO: 0.261
Trial 520 finished with value: 0.26096729716149775 and parameters: {'window_influence': 0.3892544790435754, 'penalty_k': 0.007157547024275693, 'scale_lr': 0.39612657655552386}. Best is trial 104 with value: 0.27492820641131904.
checkpoint_e22 window_influence: 0.41003187440539945, penalty_k: 0.05199557813325134, scale_lr: 0.36764919993092454, EAO: 0.259
Trial 521 finished with value: 0.2589327782634797 and parameters: {'window_influence': 0.41003187440539945, 'penalty_k': 0.05199557813325134, 'scale_lr': 0.36764919993092454}. Best is trial 104 with value: 0.27492820641131904.
checkpoint_e22 window_influence: 0.37408694921486974, penalty_k: 0.28883260786971032, scale_lr: 0.37848177686177104, EAO: 0.246
Trial 522 finished with value: 0.24582567756495824 and parameters: {'window_influence': 0.37408694921486974, 'penalty_k': 0.2888326078697103, 'scale_lr': 0.37848177686177104}. Best is trial 104 with value: 0.27492820641131904.
checkpoint_e22 window_influence: 0.39856752437031689, penalty_k: 0.15259749329343469, scale_lr: 0.20853772724446337, EAO: 0.249
Trial 523 finished with value: 0.24899303513329205 and parameters: {'window_influence': 0.3985675243703169, 'penalty_k': 0.1525974932934347, 'scale_lr': 0.20853772724446337}. Best is trial 104 with value: 0.27492820641131904.
checkpoint_e22 window_influence: 0.47842775455758180, penalty_k: 0.09533012178382652, scale_lr: 0.23926249813333877, EAO: 0.238
Trial 524 finished with value: 0.2381655840369744 and parameters: {'window_influence': 0.4784277545575818, 'penalty_k': 0.09533012178382652, 'scale_lr': 0.23926249813333877}. Best is trial 104 with value: 0.27492820641131904.
checkpoint_e22 window_influence: 0.43560844896091144, penalty_k: 0.04856130919000099, scale_lr: 0.72670085567926168, EAO: 0.259
Trial 525 finished with value: 0.2594821992807272 and parameters: {'window_influence': 0.43560844896091144, 'penalty_k': 0.04856130919000099, 'scale_lr': 0.7267008556792617}. Best is trial 104 with value: 0.27492820641131904.
checkpoint_e22 window_influence: 0.36576895904355500, penalty_k: 0.31140368709643457, scale_lr: 0.45338266317648485, EAO: 0.249
Trial 526 finished with value: 0.24902916118139173 and parameters: {'window_influence': 0.365768959043555, 'penalty_k': 0.31140368709643457, 'scale_lr': 0.45338266317648485}. Best is trial 104 with value: 0.27492820641131904.
checkpoint_e22 window_influence: 0.38308320686981878, penalty_k: 0.24338047477500546, scale_lr: 0.16825754513029495, EAO: 0.248
Trial 527 finished with value: 0.2478057988048569 and parameters: {'window_influence': 0.3830832068698188, 'penalty_k': 0.24338047477500546, 'scale_lr': 0.16825754513029495}. Best is trial 104 with value: 0.27492820641131904.
checkpoint_e22 window_influence: 0.27345325823177241, penalty_k: 0.26052685334046788, scale_lr: 0.30358763084490575, EAO: 0.252
Trial 528 finished with value: 0.25245866894237395 and parameters: {'window_influence': 0.2734532582317724, 'penalty_k': 0.2605268533404679, 'scale_lr': 0.30358763084490575}. Best is trial 104 with value: 0.27492820641131904.
checkpoint_e22 window_influence: 0.42085216336748571, penalty_k: 0.11535136886696591, scale_lr: 0.63669054266030933, EAO: 0.260
Trial 529 finished with value: 0.25984952150563884 and parameters: {'window_influence': 0.4208521633674857, 'penalty_k': 0.11535136886696591, 'scale_lr': 0.6366905426603093}. Best is trial 104 with value: 0.27492820641131904.
checkpoint_e22 window_influence: 0.39118347651059759, penalty_k: 0.07895105787222345, scale_lr: 0.12199888748391877, EAO: 0.260
Trial 530 finished with value: 0.2595548156073423 and parameters: {'window_influence': 0.3911834765105976, 'penalty_k': 0.07895105787222345, 'scale_lr': 0.12199888748391877}. Best is trial 104 with value: 0.27492820641131904.
checkpoint_e22 window_influence: 0.37382250973158893, penalty_k: 0.03819222332612107, scale_lr: 0.18448448960936792, EAO: 0.244
Trial 531 finished with value: 0.24443577211804507 and parameters: {'window_influence': 0.3738225097315889, 'penalty_k': 0.03819222332612107, 'scale_lr': 0.18448448960936792}. Best is trial 104 with value: 0.27492820641131904.
checkpoint_e22 window_influence: 0.40848261437761912, penalty_k: 0.22848352523721777, scale_lr: 0.13779824413621494, EAO: 0.253
Trial 532 finished with value: 0.253366810458947 and parameters: {'window_influence': 0.4084826143776191, 'penalty_k': 0.22848352523721777, 'scale_lr': 0.13779824413621494}. Best is trial 104 with value: 0.27492820641131904.
checkpoint_e22 window_influence: 0.36165442715460427, penalty_k: 0.27540043198240299, scale_lr: 0.28143439195047032, EAO: 0.253
Trial 533 finished with value: 0.25349507505089286 and parameters: {'window_influence': 0.3616544271546043, 'penalty_k': 0.275400431982403, 'scale_lr': 0.2814343919504703}. Best is trial 104 with value: 0.27492820641131904.
checkpoint_e22 window_influence: 0.39783064806775764, penalty_k: 0.58008250393822147, scale_lr: 0.61669604283621759, EAO: 0.259
Trial 534 finished with value: 0.2587313325545652 and parameters: {'window_influence': 0.39783064806775764, 'penalty_k': 0.5800825039382215, 'scale_lr': 0.6166960428362176}. Best is trial 104 with value: 0.27492820641131904.
checkpoint_e22 window_influence: 0.38098092327905808, penalty_k: 0.06815845783923734, scale_lr: 0.65937323489399469, EAO: 0.250
Trial 535 finished with value: 0.25044473890608887 and parameters: {'window_influence': 0.3809809232790581, 'penalty_k': 0.06815845783923734, 'scale_lr': 0.6593732348939947}. Best is trial 104 with value: 0.27492820641131904.
checkpoint_e22 window_influence: 0.11845093049563704, penalty_k: 0.07878471947635594, scale_lr: 0.50789804478399969, EAO: 0.247
Trial 536 finished with value: 0.2465354177525373 and parameters: {'window_influence': 0.11845093049563704, 'penalty_k': 0.07878471947635594, 'scale_lr': 0.5078980447839997}. Best is trial 104 with value: 0.27492820641131904.
checkpoint_e22 window_influence: 0.50626786129871859, penalty_k: 0.20259248513809525, scale_lr: 0.15522563487552249, EAO: 0.236
Trial 537 finished with value: 0.23644266495617425 and parameters: {'window_influence': 0.5062678612987186, 'penalty_k': 0.20259248513809525, 'scale_lr': 0.1552256348755225}. Best is trial 104 with value: 0.27492820641131904.
checkpoint_e22 window_influence: 0.17381188621056179, penalty_k: 0.03703379981510302, scale_lr: 0.43099372895173549, EAO: 0.255
Trial 538 finished with value: 0.2552357369927856 and parameters: {'window_influence': 0.1738118862105618, 'penalty_k': 0.03703379981510302, 'scale_lr': 0.4309937289517355}. Best is trial 104 with value: 0.27492820641131904.
checkpoint_e22 window_influence: 0.41819965416807614, penalty_k: 0.01830972869560332, scale_lr: 0.41208460995738172, EAO: 0.259
Trial 539 finished with value: 0.25883996365516165 and parameters: {'window_influence': 0.41819965416807614, 'penalty_k': 0.018309728695603322, 'scale_lr': 0.4120846099573817}. Best is trial 104 with value: 0.27492820641131904.
checkpoint_e22 window_influence: 0.38803591157879086, penalty_k: 0.35836459152205469, scale_lr: 0.11194588062082081, EAO: 0.253
Trial 540 finished with value: 0.2526373305941016 and parameters: {'window_influence': 0.38803591157879086, 'penalty_k': 0.3583645915220547, 'scale_lr': 0.11194588062082081}. Best is trial 104 with value: 0.27492820641131904.
checkpoint_e22 window_influence: 0.36675545238367019, penalty_k: 0.09913288420008132, scale_lr: 0.71787800588158590, EAO: 0.255
Trial 541 finished with value: 0.25460623138076893 and parameters: {'window_influence': 0.3667554523836702, 'penalty_k': 0.09913288420008132, 'scale_lr': 0.7178780058815859}. Best is trial 104 with value: 0.27492820641131904.
checkpoint_e22 window_influence: 0.40444567308320722, penalty_k: 0.05810996982856498, scale_lr: 0.22597191212926038, EAO: 0.243
Trial 542 finished with value: 0.24281659910107048 and parameters: {'window_influence': 0.4044456730832072, 'penalty_k': 0.058109969828564985, 'scale_lr': 0.22597191212926038}. Best is trial 104 with value: 0.27492820641131904.
checkpoint_e22 window_influence: 0.43352033034751541, penalty_k: 0.03385859511469788, scale_lr: 0.13050890985946673, EAO: 0.257
Trial 543 finished with value: 0.2571396478186778 and parameters: {'window_influence': 0.4335203303475154, 'penalty_k': 0.03385859511469788, 'scale_lr': 0.13050890985946673}. Best is trial 104 with value: 0.27492820641131904.
checkpoint_e22 window_influence: 0.34925100725209135, penalty_k: 0.09851369842581348, scale_lr: 0.17498635156927647, EAO: 0.243
Trial 544 finished with value: 0.24266470278181682 and parameters: {'window_influence': 0.34925100725209135, 'penalty_k': 0.09851369842581348, 'scale_lr': 0.17498635156927647}. Best is trial 104 with value: 0.27492820641131904.
checkpoint_e22 window_influence: 0.37775483993060466, penalty_k: 0.04879345416116851, scale_lr: 0.14817090443316766, EAO: 0.255
Trial 545 finished with value: 0.25532679465728075 and parameters: {'window_influence': 0.37775483993060466, 'penalty_k': 0.04879345416116851, 'scale_lr': 0.14817090443316766}. Best is trial 104 with value: 0.27492820641131904.
checkpoint_e22 window_influence: 0.39437101577962619, penalty_k: 0.21727726504173883, scale_lr: 0.47311536631968748, EAO: 0.242
Trial 546 finished with value: 0.242220055402779 and parameters: {'window_influence': 0.3943710157796262, 'penalty_k': 0.21727726504173883, 'scale_lr': 0.4731153663196875}. Best is trial 104 with value: 0.27492820641131904.
checkpoint_e22 window_influence: 0.16483865736755443, penalty_k: 0.11074916687853709, scale_lr: 0.15989107764370955, EAO: 0.239
Trial 547 finished with value: 0.2387644049476802 and parameters: {'window_influence': 0.16483865736755443, 'penalty_k': 0.11074916687853709, 'scale_lr': 0.15989107764370955}. Best is trial 104 with value: 0.27492820641131904.
checkpoint_e22 window_influence: 0.10535733297645819, penalty_k: 0.19045934280042265, scale_lr: 0.57734289751284462, EAO: 0.240
Trial 548 finished with value: 0.23972272382276813 and parameters: {'window_influence': 0.10535733297645819, 'penalty_k': 0.19045934280042265, 'scale_lr': 0.5773428975128446}. Best is trial 104 with value: 0.27492820641131904.
checkpoint_e22 window_influence: 0.51402404000439550, penalty_k: 0.08946334127366010, scale_lr: 0.35755067181178479, EAO: 0.249
Trial 549 finished with value: 0.2486176249699864 and parameters: {'window_influence': 0.5140240400043955, 'penalty_k': 0.0894633412736601, 'scale_lr': 0.3575506718117848}. Best is trial 104 with value: 0.27492820641131904.
checkpoint_e22 window_influence: 0.35932204851297705, penalty_k: 0.01476504592457350, scale_lr: 0.11967906532663705, EAO: 0.240
Trial 550 finished with value: 0.23959671360690418 and parameters: {'window_influence': 0.35932204851297705, 'penalty_k': 0.014765045924573499, 'scale_lr': 0.11967906532663705}. Best is trial 104 with value: 0.27492820641131904.
checkpoint_e22 window_influence: 0.41720074772694093, penalty_k: 0.31933299971617313, scale_lr: 0.13877813099597489, EAO: 0.254
Trial 551 finished with value: 0.25364396315280013 and parameters: {'window_influence': 0.41720074772694093, 'penalty_k': 0.3193329997161731, 'scale_lr': 0.13877813099597489}. Best is trial 104 with value: 0.27492820641131904.
checkpoint_e22 window_influence: 0.37270657311199690, penalty_k: 0.08176401077466293, scale_lr: 0.20276322539734870, EAO: 0.248
Trial 552 finished with value: 0.247819956664632 and parameters: {'window_influence': 0.3727065731119969, 'penalty_k': 0.08176401077466293, 'scale_lr': 0.2027632253973487}. Best is trial 104 with value: 0.27492820641131904.
checkpoint_e22 window_influence: 0.59993491660056109, penalty_k: 0.27704264745314966, scale_lr: 0.26801032243522943, EAO: 0.210
Trial 553 finished with value: 0.20976113352349135 and parameters: {'window_influence': 0.5999349166005611, 'penalty_k': 0.27704264745314966, 'scale_lr': 0.26801032243522943}. Best is trial 104 with value: 0.27492820641131904.
checkpoint_e22 window_influence: 0.44743439668625468, penalty_k: 0.11993693550417464, scale_lr: 0.52745148910319317, EAO: 0.254
Trial 554 finished with value: 0.2540893423848036 and parameters: {'window_influence': 0.4474343966862547, 'penalty_k': 0.11993693550417464, 'scale_lr': 0.5274514891031932}. Best is trial 104 with value: 0.27492820641131904.
checkpoint_e22 window_influence: 0.40597768415344249, penalty_k: 0.13743174063931898, scale_lr: 0.69648564208190500, EAO: 0.255
Trial 555 finished with value: 0.2545924615569231 and parameters: {'window_influence': 0.4059776841534425, 'penalty_k': 0.13743174063931898, 'scale_lr': 0.696485642081905}. Best is trial 104 with value: 0.27492820641131904.
checkpoint_e22 window_influence: 0.38954366447356864, penalty_k: 0.23677701078994629, scale_lr: 0.44933154893047295, EAO: 0.272
Trial 556 finished with value: 0.2716564205967314 and parameters: {'window_influence': 0.38954366447356864, 'penalty_k': 0.23677701078994629, 'scale_lr': 0.44933154893047295}. Best is trial 104 with value: 0.27492820641131904.
checkpoint_e22 window_influence: 0.38667594673103861, penalty_k: 0.28866381662828727, scale_lr: 0.44340922542576622, EAO: 0.247
Trial 557 finished with value: 0.2467187613975711 and parameters: {'window_influence': 0.3866759467310386, 'penalty_k': 0.2886638166282873, 'scale_lr': 0.4434092254257662}. Best is trial 104 with value: 0.27492820641131904.
checkpoint_e22 window_influence: 0.37869708202845970, penalty_k: 0.36679093516661165, scale_lr: 0.46138333553391547, EAO: 0.261
