Trial 342 finished with value: 0.25738365917913314 and parameters: {'window_influence': 0.39280217299644005, 'penalty_k': 0.06278498849648326, 'scale_lr': 0.1047260846882827}. Best is trial 90 with value: 0.28226814400858996.
checkpoint_e16 window_influence: 0.33739410049408802, penalty_k: 0.03667163984840978, scale_lr: 0.37508015295204322, EAO: 0.254
Trial 338 finished with value: 0.2539423229248543 and parameters: {'window_influence': 0.337394100494088, 'penalty_k': 0.03667163984840978, 'scale_lr': 0.3750801529520432}. Best is trial 111 with value: 0.27549627247622344.
checkpoint_e16 window_influence: 0.46567930255560497, penalty_k: 0.01964506480321478, scale_lr: 0.53493085425425480, EAO: 0.256
Trial 311 finished with value: 0.2557997419461002 and parameters: {'window_influence': 0.46567930255560497, 'penalty_k': 0.019645064803214776, 'scale_lr': 0.5349308542542548}. Best is trial 244 with value: 0.2802958501184859.
checkpoint_e16 window_influence: 0.42112212907149510, penalty_k: 0.21982472430322503, scale_lr: 0.28567010658054598, EAO: 0.253
Trial 343 finished with value: 0.2534903897866001 and parameters: {'window_influence': 0.4211221290714951, 'penalty_k': 0.21982472430322503, 'scale_lr': 0.285670106580546}. Best is trial 90 with value: 0.28226814400858996.
checkpoint_e16 window_influence: 0.55566630015480567, penalty_k: 0.30917286692449991, scale_lr: 0.39650440314002761, EAO: 0.227
Trial 339 finished with value: 0.2271852938503754 and parameters: {'window_influence': 0.5556663001548057, 'penalty_k': 0.3091728669244999, 'scale_lr': 0.3965044031400276}. Best is trial 111 with value: 0.27549627247622344.
checkpoint_e16 window_influence: 0.45288148628644037, penalty_k: 0.02873041738193872, scale_lr: 0.55583290361929838, EAO: 0.254
Trial 312 finished with value: 0.25416790554678537 and parameters: {'window_influence': 0.45288148628644037, 'penalty_k': 0.028730417381938718, 'scale_lr': 0.5558329036192984}. Best is trial 244 with value: 0.2802958501184859.
checkpoint_e16 window_influence: 0.35869610874356206, penalty_k: 0.10531704966473542, scale_lr: 0.35407703843077970, EAO: 0.261
Trial 344 finished with value: 0.2614005231639234 and parameters: {'window_influence': 0.35869610874356206, 'penalty_k': 0.10531704966473542, 'scale_lr': 0.3540770384307797}. Best is trial 90 with value: 0.28226814400858996.
checkpoint_e16 window_influence: 0.46728780470090309, penalty_k: 0.01750402250936184, scale_lr: 0.36440325771647242, EAO: 0.252
Trial 340 finished with value: 0.25199534071654806 and parameters: {'window_influence': 0.4672878047009031, 'penalty_k': 0.01750402250936184, 'scale_lr': 0.3644032577164724}. Best is trial 111 with value: 0.27549627247622344.
checkpoint_e16 window_influence: 0.42353063625802484, penalty_k: 0.00866510753896732, scale_lr: 0.72890479354503812, EAO: 0.261
Trial 313 finished with value: 0.26053372273842496 and parameters: {'window_influence': 0.42353063625802484, 'penalty_k': 0.008665107538967317, 'scale_lr': 0.7289047935450381}. Best is trial 244 with value: 0.2802958501184859.
checkpoint_e16 window_influence: 0.39623910139771407, penalty_k: 0.08842902447727939, scale_lr: 0.37625579775356233, EAO: 0.262
Trial 345 finished with value: 0.2622996213111451 and parameters: {'window_influence': 0.39623910139771407, 'penalty_k': 0.08842902447727939, 'scale_lr': 0.3762557977535623}. Best is trial 90 with value: 0.28226814400858996.
checkpoint_e16 window_influence: 0.39325796795696322, penalty_k: 0.22464106544384638, scale_lr: 0.46112182593300000, EAO: 0.246
Trial 341 finished with value: 0.2464015509297208 and parameters: {'window_influence': 0.3932579679569632, 'penalty_k': 0.22464106544384638, 'scale_lr': 0.461121825933}. Best is trial 111 with value: 0.27549627247622344.
checkpoint_e16 window_influence: 0.49899460046942867, penalty_k: 0.20777477404387296, scale_lr: 0.42560116690356686, EAO: 0.257
Trial 314 finished with value: 0.25699098426394346 and parameters: {'window_influence': 0.4989946004694287, 'penalty_k': 0.20777477404387296, 'scale_lr': 0.42560116690356686}. Best is trial 244 with value: 0.2802958501184859.
checkpoint_e16 window_influence: 0.43556321875074117, penalty_k: 0.03978086114252511, scale_lr: 0.30755060336524548, EAO: 0.262
Trial 346 finished with value: 0.2623457241712547 and parameters: {'window_influence': 0.43556321875074117, 'penalty_k': 0.03978086114252511, 'scale_lr': 0.3075506033652455}. Best is trial 90 with value: 0.28226814400858996.
checkpoint_e16 window_influence: 0.49395316624344948, penalty_k: 0.43283114938487832, scale_lr: 0.33229589314379476, EAO: 0.228
Trial 342 finished with value: 0.22823217402144177 and parameters: {'window_influence': 0.4939531662434495, 'penalty_k': 0.4328311493848783, 'scale_lr': 0.33229589314379476}. Best is trial 111 with value: 0.27549627247622344.
checkpoint_e16 window_influence: 0.37384808564373267, penalty_k: 0.11883814878720755, scale_lr: 0.33246076153344356, EAO: 0.262
Trial 347 finished with value: 0.2623042125042861 and parameters: {'window_influence': 0.3738480856437327, 'penalty_k': 0.11883814878720755, 'scale_lr': 0.33246076153344356}. Best is trial 90 with value: 0.28226814400858996.
checkpoint_e16 window_influence: 0.48069435017128603, penalty_k: 0.04353865946889972, scale_lr: 0.78939713857235616, EAO: 0.252
Trial 315 finished with value: 0.2523991403177502 and parameters: {'window_influence': 0.48069435017128603, 'penalty_k': 0.04353865946889972, 'scale_lr': 0.7893971385723562}. Best is trial 244 with value: 0.2802958501184859.
checkpoint_e16 window_influence: 0.44632184858416396, penalty_k: 0.06895863349936364, scale_lr: 0.52353364344134390, EAO: 0.254
Trial 343 finished with value: 0.25375465206741316 and parameters: {'window_influence': 0.44632184858416396, 'penalty_k': 0.06895863349936364, 'scale_lr': 0.5235336434413439}. Best is trial 111 with value: 0.27549627247622344.
checkpoint_e16 window_influence: 0.30962967120641827, penalty_k: 0.05380061385548748, scale_lr: 0.40195823710683559, EAO: 0.258
Trial 348 finished with value: 0.25824903945128125 and parameters: {'window_influence': 0.30962967120641827, 'penalty_k': 0.05380061385548748, 'scale_lr': 0.4019582371068356}. Best is trial 90 with value: 0.28226814400858996.
checkpoint_e16 window_influence: 0.45857978142151318, penalty_k: 0.02457941450632165, scale_lr: 0.24439075529719406, EAO: 0.264
Trial 316 finished with value: 0.26419368295407875 and parameters: {'window_influence': 0.4585797814215132, 'penalty_k': 0.024579414506321652, 'scale_lr': 0.24439075529719406}. Best is trial 244 with value: 0.2802958501184859.
checkpoint_e16 window_influence: 0.52183242081334380, penalty_k: 0.27315336890990755, scale_lr: 0.63870417588900075, EAO: 0.243
Trial 344 finished with value: 0.24343844521336439 and parameters: {'window_influence': 0.5218324208133438, 'penalty_k': 0.27315336890990755, 'scale_lr': 0.6387041758890007}. Best is trial 111 with value: 0.27549627247622344.
checkpoint_e16 window_influence: 0.25765098954889343, penalty_k: 0.07574434942990785, scale_lr: 0.36027224216668163, EAO: 0.244
Trial 349 finished with value: 0.2437893225531268 and parameters: {'window_influence': 0.2576509895488934, 'penalty_k': 0.07574434942990785, 'scale_lr': 0.36027224216668163}. Best is trial 90 with value: 0.28226814400858996.
checkpoint_e16 window_influence: 0.36714462180144697, penalty_k: 0.21564241396709824, scale_lr: 0.65920248167715900, EAO: 0.250
Trial 345 finished with value: 0.25020890464869944 and parameters: {'window_influence': 0.36714462180144697, 'penalty_k': 0.21564241396709824, 'scale_lr': 0.659202481677159}. Best is trial 111 with value: 0.27549627247622344.
checkpoint_e16 window_influence: 0.44232888983867058, penalty_k: 0.01493171403232924, scale_lr: 0.49342302017552270, EAO: 0.261
Trial 317 finished with value: 0.26100948677072683 and parameters: {'window_influence': 0.4423288898386706, 'penalty_k': 0.014931714032329235, 'scale_lr': 0.4934230201755227}. Best is trial 244 with value: 0.2802958501184859.
checkpoint_e16 window_influence: 0.40940505348346101, penalty_k: 0.03652384032819414, scale_lr: 0.25377439653467027, EAO: 0.273
Trial 350 finished with value: 0.27298564984788737 and parameters: {'window_influence': 0.409405053483461, 'penalty_k': 0.03652384032819414, 'scale_lr': 0.25377439653467027}. Best is trial 90 with value: 0.28226814400858996.
checkpoint_e16 window_influence: 0.22863328267991298, penalty_k: 0.29179766048399969, scale_lr: 0.48796041469677304, EAO: 0.249
Trial 346 finished with value: 0.24932594239954056 and parameters: {'window_influence': 0.22863328267991298, 'penalty_k': 0.2917976604839997, 'scale_lr': 0.48796041469677304}. Best is trial 111 with value: 0.27549627247622344.
checkpoint_e16 window_influence: 0.40588969242441553, penalty_k: 0.03707461872222621, scale_lr: 0.59206377390564913, EAO: 0.271
Trial 318 finished with value: 0.27088600257790185 and parameters: {'window_influence': 0.4058896924244155, 'penalty_k': 0.03707461872222621, 'scale_lr': 0.5920637739056491}. Best is trial 244 with value: 0.2802958501184859.
checkpoint_e16 window_influence: 0.46153952842895019, penalty_k: 0.02464150937875834, scale_lr: 0.25158970858560525, EAO: 0.262
Trial 351 finished with value: 0.26173814404301526 and parameters: {'window_influence': 0.4615395284289502, 'penalty_k': 0.024641509378758336, 'scale_lr': 0.25158970858560525}. Best is trial 90 with value: 0.28226814400858996.
checkpoint_e16 window_influence: 0.42121120234261411, penalty_k: 0.04710466206756987, scale_lr: 0.40574708189555203, EAO: 0.256
Trial 347 finished with value: 0.2559981045078456 and parameters: {'window_influence': 0.4212112023426141, 'penalty_k': 0.04710466206756987, 'scale_lr': 0.40574708189555203}. Best is trial 111 with value: 0.27549627247622344.
checkpoint_e16 window_influence: 0.40250893258029008, penalty_k: 0.04791150347187655, scale_lr: 0.50881406520353245, EAO: 0.272
Trial 319 finished with value: 0.2718428575653371 and parameters: {'window_influence': 0.4025089325802901, 'penalty_k': 0.047911503471876546, 'scale_lr': 0.5088140652035325}. Best is trial 244 with value: 0.2802958501184859.
checkpoint_e16 window_influence: 0.27806569462676217, penalty_k: 0.20189061919103474, scale_lr: 0.24124441655599457, EAO: 0.237
Trial 352 finished with value: 0.23727062205231286 and parameters: {'window_influence': 0.27806569462676217, 'penalty_k': 0.20189061919103474, 'scale_lr': 0.24124441655599457}. Best is trial 90 with value: 0.28226814400858996.
checkpoint_e16 window_influence: 0.38292922794869588, penalty_k: 0.02811417535366976, scale_lr: 0.38523864431710148, EAO: 0.264
Trial 348 finished with value: 0.2642448047191147 and parameters: {'window_influence': 0.3829292279486959, 'penalty_k': 0.02811417535366976, 'scale_lr': 0.3852386443171015}. Best is trial 111 with value: 0.27549627247622344.
checkpoint_e16 window_influence: 0.40686735292530124, penalty_k: 0.06172692386664667, scale_lr: 0.62985449929970283, EAO: 0.256
Trial 320 finished with value: 0.2556135950655472 and parameters: {'window_influence': 0.40686735292530124, 'penalty_k': 0.061726923866646674, 'scale_lr': 0.6298544992997028}. Best is trial 244 with value: 0.2802958501184859.
checkpoint_e16 window_influence: 0.41600062029601387, penalty_k: 0.06385527781570419, scale_lr: 0.22498614816648535, EAO: 0.267
Trial 353 finished with value: 0.267041992123534 and parameters: {'window_influence': 0.41600062029601387, 'penalty_k': 0.06385527781570419, 'scale_lr': 0.22498614816648535}. Best is trial 90 with value: 0.28226814400858996.
checkpoint_e16 window_influence: 0.40316323312453900, penalty_k: 0.14320626035431691, scale_lr: 0.58550502098864188, EAO: 0.251
Trial 349 finished with value: 0.25079093176901823 and parameters: {'window_influence': 0.403163233124539, 'penalty_k': 0.1432062603543169, 'scale_lr': 0.5855050209886419}. Best is trial 111 with value: 0.27549627247622344.
checkpoint_e16 window_influence: 0.38767060769217837, penalty_k: 0.04167307184023263, scale_lr: 0.60795775506338523, EAO: 0.257
Trial 321 finished with value: 0.2573300180881004 and parameters: {'window_influence': 0.38767060769217837, 'penalty_k': 0.041673071840232626, 'scale_lr': 0.6079577550633852}. Best is trial 244 with value: 0.2802958501184859.
checkpoint_e16 window_influence: 0.42297378174982520, penalty_k: 0.03226437146142161, scale_lr: 0.34097477620920497, EAO: 0.255
Trial 354 finished with value: 0.25529597433117346 and parameters: {'window_influence': 0.4229737817498252, 'penalty_k': 0.03226437146142161, 'scale_lr': 0.34097477620920497}. Best is trial 90 with value: 0.28226814400858996.
checkpoint_e16 window_influence: 0.38700672744563913, penalty_k: 0.05862456718938753, scale_lr: 0.34897433320968446, EAO: 0.262
Trial 350 finished with value: 0.26196289044327853 and parameters: {'window_influence': 0.38700672744563913, 'penalty_k': 0.05862456718938753, 'scale_lr': 0.34897433320968446}. Best is trial 111 with value: 0.27549627247622344.
checkpoint_e16 window_influence: 0.39814231501362296, penalty_k: 0.05020435017817419, scale_lr: 0.59283032303652883, EAO: 0.268
Trial 322 finished with value: 0.268123257148072 and parameters: {'window_influence': 0.39814231501362296, 'penalty_k': 0.05020435017817419, 'scale_lr': 0.5928303230365288}. Best is trial 244 with value: 0.2802958501184859.
checkpoint_e16 window_influence: 0.40532653428191912, penalty_k: 0.05009449012544460, scale_lr: 0.67404612378406825, EAO: 0.256
Trial 355 finished with value: 0.2555616743317464 and parameters: {'window_influence': 0.4053265342819191, 'penalty_k': 0.0500944901254446, 'scale_lr': 0.6740461237840683}. Best is trial 90 with value: 0.28226814400858996.
checkpoint_e16 window_influence: 0.43048011056155111, penalty_k: 0.26472834253266148, scale_lr: 0.45327757144155623, EAO: 0.253
Trial 351 finished with value: 0.25339820672099184 and parameters: {'window_influence': 0.4304801105615511, 'penalty_k': 0.2647283425326615, 'scale_lr': 0.4532775714415562}. Best is trial 111 with value: 0.27549627247622344.
checkpoint_e16 window_influence: 0.40177743252332071, penalty_k: 0.12300589195640446, scale_lr: 0.46580967929323303, EAO: 0.247
Trial 323 finished with value: 0.247318110693761 and parameters: {'window_influence': 0.4017774325233207, 'penalty_k': 0.12300589195640446, 'scale_lr': 0.465809679293233}. Best is trial 244 with value: 0.2802958501184859.
checkpoint_e16 window_influence: 0.41082472525289382, penalty_k: 0.08675823768831419, scale_lr: 0.36632315368175167, EAO: 0.260
Trial 356 finished with value: 0.25953511772601584 and parameters: {'window_influence': 0.4108247252528938, 'penalty_k': 0.08675823768831419, 'scale_lr': 0.36632315368175167}. Best is trial 90 with value: 0.28226814400858996.
checkpoint_e16 window_influence: 0.53568159960304540, penalty_k: 0.00962574998434062, scale_lr: 0.42540283016649788, EAO: 0.245
Trial 352 finished with value: 0.24450081744329716 and parameters: {'window_influence': 0.5356815996030454, 'penalty_k': 0.009625749984340615, 'scale_lr': 0.4254028301664979}. Best is trial 111 with value: 0.27549627247622344.
checkpoint_e16 window_influence: 0.37918791569493443, penalty_k: 0.06976909994391033, scale_lr: 0.62013377970830141, EAO: 0.266
Trial 324 finished with value: 0.2656150840041114 and parameters: {'window_influence': 0.37918791569493443, 'penalty_k': 0.06976909994391033, 'scale_lr': 0.6201337797083014}. Best is trial 244 with value: 0.2802958501184859.
checkpoint_e16 window_influence: 0.39542447575285089, penalty_k: 0.01940219163369444, scale_lr: 0.34537978121185209, EAO: 0.267
Trial 357 finished with value: 0.2667899893187895 and parameters: {'window_influence': 0.3954244757528509, 'penalty_k': 0.019402191633694443, 'scale_lr': 0.3453797812118521}. Best is trial 90 with value: 0.28226814400858996.
checkpoint_e16 window_influence: 0.56892355631171276, penalty_k: 0.03514504528754156, scale_lr: 0.37739895505117943, EAO: 0.226
Trial 353 finished with value: 0.22567228342944046 and parameters: {'window_influence': 0.5689235563117128, 'penalty_k': 0.03514504528754156, 'scale_lr': 0.37739895505117943}. Best is trial 111 with value: 0.27549627247622344.
checkpoint_e16 window_influence: 0.41430537119712246, penalty_k: 0.05532818628091810, scale_lr: 0.66560031722227375, EAO: 0.253
Trial 325 finished with value: 0.2530644503914244 and parameters: {'window_influence': 0.41430537119712246, 'penalty_k': 0.0553281862809181, 'scale_lr': 0.6656003172222738}. Best is trial 244 with value: 0.2802958501184859.
checkpoint_e16 window_influence: 0.33683013890149688, penalty_k: 0.06309844278145831, scale_lr: 0.32701511196359484, EAO: 0.271
Trial 358 finished with value: 0.27144535939867903 and parameters: {'window_influence': 0.3368301389014969, 'penalty_k': 0.0630984427814583, 'scale_lr': 0.32701511196359484}. Best is trial 90 with value: 0.28226814400858996.
checkpoint_e16 window_influence: 0.41609034594181543, penalty_k: 0.04598915120378386, scale_lr: 0.13348273701027541, EAO: 0.260
Trial 354 finished with value: 0.26045234410501106 and parameters: {'window_influence': 0.41609034594181543, 'penalty_k': 0.045989151203783864, 'scale_lr': 0.1334827370102754}. Best is trial 111 with value: 0.27549627247622344.
