Trial 1354 finished with value: 0.25500300635651846 and parameters: {'window_influence': 0.2147716631672583, 'penalty_k': 0.46391526504990677, 'scale_lr': 0.7971012635782597}. Best is trial 977 with value: 0.2897923603896203.
checkpoint_e32 window_influence: 0.47868914522173744, penalty_k: 0.01300246473856467, scale_lr: 0.61907845468141320, EAO: 0.270
Trial 1355 finished with value: 0.2695885937267203 and parameters: {'window_influence': 0.47868914522173744, 'penalty_k': 0.013002464738564673, 'scale_lr': 0.6190784546814132}. Best is trial 977 with value: 0.2897923603896203.
checkpoint_e32 window_influence: 0.39870460132837471, penalty_k: 0.21630011682426942, scale_lr: 0.11311126215280577, EAO: 0.268
Trial 1356 finished with value: 0.2680342202264119 and parameters: {'window_influence': 0.3987046013283747, 'penalty_k': 0.21630011682426942, 'scale_lr': 0.11311126215280577}. Best is trial 977 with value: 0.2897923603896203.
checkpoint_e32 window_influence: 0.19876148476109692, penalty_k: 0.17237603845406255, scale_lr: 0.13627364355906196, EAO: 0.247
Trial 1357 finished with value: 0.2469639431049184 and parameters: {'window_influence': 0.19876148476109692, 'penalty_k': 0.17237603845406255, 'scale_lr': 0.13627364355906196}. Best is trial 977 with value: 0.2897923603896203.
checkpoint_e32 window_influence: 0.05797141426456509, penalty_k: 0.11762171777210023, scale_lr: 0.15353193529058207, EAO: 0.236
Trial 1358 finished with value: 0.23628294134769984 and parameters: {'window_influence': 0.05797141426456509, 'penalty_k': 0.11762171777210023, 'scale_lr': 0.15353193529058207}. Best is trial 977 with value: 0.2897923603896203.
checkpoint_e32 window_influence: 0.10571714404922503, penalty_k: 0.48335968291222658, scale_lr: 0.24336569547304659, EAO: 0.234
Trial 1359 finished with value: 0.2337758634996608 and parameters: {'window_influence': 0.10571714404922503, 'penalty_k': 0.4833596829122266, 'scale_lr': 0.2433656954730466}. Best is trial 977 with value: 0.2897923603896203.
checkpoint_e32 window_influence: 0.42189995122698648, penalty_k: 0.27773012214782944, scale_lr: 0.75873849173615748, EAO: 0.250
Trial 1360 finished with value: 0.24980493840890203 and parameters: {'window_influence': 0.4218999512269865, 'penalty_k': 0.27773012214782944, 'scale_lr': 0.7587384917361575}. Best is trial 977 with value: 0.2897923603896203.
checkpoint_e32 window_influence: 0.24271004874246860, penalty_k: 0.14810996204807422, scale_lr: 0.53280194631464717, EAO: 0.254
Trial 1361 finished with value: 0.25421706835428876 and parameters: {'window_influence': 0.2427100487424686, 'penalty_k': 0.14810996204807422, 'scale_lr': 0.5328019463146472}. Best is trial 977 with value: 0.2897923603896203.
checkpoint_e32 window_influence: 0.43587423103154072, penalty_k: 0.18983104711889520, scale_lr: 0.57604926831490699, EAO: 0.272
Trial 1362 finished with value: 0.27211389315079865 and parameters: {'window_influence': 0.4358742310315407, 'penalty_k': 0.1898310471188952, 'scale_lr': 0.576049268314907}. Best is trial 977 with value: 0.2897923603896203.
checkpoint_e32 window_influence: 0.54615313341011884, penalty_k: 0.10261881867703732, scale_lr: 0.12310548233739554, EAO: 0.249
Trial 1363 finished with value: 0.24916877125094578 and parameters: {'window_influence': 0.5461531334101188, 'penalty_k': 0.10261881867703732, 'scale_lr': 0.12310548233739554}. Best is trial 977 with value: 0.2897923603896203.
checkpoint_e32 window_influence: 0.25741228361039908, penalty_k: 0.35789207422767355, scale_lr: 0.13734791044691042, EAO: 0.244
Trial 1364 finished with value: 0.24410494931829654 and parameters: {'window_influence': 0.2574122836103991, 'penalty_k': 0.35789207422767355, 'scale_lr': 0.13734791044691042}. Best is trial 977 with value: 0.2897923603896203.
checkpoint_e32 window_influence: 0.36024750038285253, penalty_k: 0.13313109623682834, scale_lr: 0.44806108257555122, EAO: 0.264
Trial 1365 finished with value: 0.26390066997307104 and parameters: {'window_influence': 0.3602475003828525, 'penalty_k': 0.13313109623682834, 'scale_lr': 0.4480610825755512}. Best is trial 977 with value: 0.2897923603896203.
checkpoint_e32 window_influence: 0.41305231906372408, penalty_k: 0.43325583009343771, scale_lr: 0.20790637885957031, EAO: 0.256
Trial 1366 finished with value: 0.25619530714139704 and parameters: {'window_influence': 0.4130523190637241, 'penalty_k': 0.4332558300934377, 'scale_lr': 0.2079063788595703}. Best is trial 977 with value: 0.2897923603896203.
checkpoint_e32 window_influence: 0.12120718460427099, penalty_k: 0.16025863468384061, scale_lr: 0.11191031192686959, EAO: 0.255
Trial 1367 finished with value: 0.2545466418188762 and parameters: {'window_influence': 0.12120718460427099, 'penalty_k': 0.1602586346838406, 'scale_lr': 0.1119103119268696}. Best is trial 977 with value: 0.2897923603896203.
checkpoint_e32 window_influence: 0.39952358714446529, penalty_k: 0.25612627795580178, scale_lr: 0.74412950004207201, EAO: 0.259
Trial 1368 finished with value: 0.25863736038043245 and parameters: {'window_influence': 0.3995235871444653, 'penalty_k': 0.2561262779558018, 'scale_lr': 0.744129500042072}. Best is trial 977 with value: 0.2897923603896203.
checkpoint_e32 window_influence: 0.37710870677768987, penalty_k: 0.24157659351958963, scale_lr: 0.18360300154448278, EAO: 0.264
Trial 1369 finished with value: 0.2642105060621975 and parameters: {'window_influence': 0.3771087067776899, 'penalty_k': 0.24157659351958963, 'scale_lr': 0.18360300154448278}. Best is trial 977 with value: 0.2897923603896203.
checkpoint_e32 window_influence: 0.42492914437482110, penalty_k: 0.46933536779117513, scale_lr: 0.35712151369898149, EAO: 0.253
Trial 1370 finished with value: 0.2527782609913407 and parameters: {'window_influence': 0.4249291443748211, 'penalty_k': 0.46933536779117513, 'scale_lr': 0.3571215136989815}. Best is trial 977 with value: 0.2897923603896203.
checkpoint_e32 window_influence: 0.63983664981431021, penalty_k: 0.12270219872347388, scale_lr: 0.78128652280207611, EAO: 0.213
Trial 1371 finished with value: 0.21288576316300448 and parameters: {'window_influence': 0.6398366498143102, 'penalty_k': 0.12270219872347388, 'scale_lr': 0.7812865228020761}. Best is trial 977 with value: 0.2897923603896203.
checkpoint_e32 window_influence: 0.16931794121305710, penalty_k: 0.55959359823026700, scale_lr: 0.10040867920353935, EAO: 0.233
Trial 1372 finished with value: 0.23283505724455283 and parameters: {'window_influence': 0.1693179412130571, 'penalty_k': 0.559593598230267, 'scale_lr': 0.10040867920353935}. Best is trial 977 with value: 0.2897923603896203.
checkpoint_e32 window_influence: 0.39007214475259716, penalty_k: 0.03279902503904165, scale_lr: 0.25132153468724272, EAO: 0.262
Trial 1373 finished with value: 0.2619236465392074 and parameters: {'window_influence': 0.39007214475259716, 'penalty_k': 0.032799025039041654, 'scale_lr': 0.2513215346872427}. Best is trial 977 with value: 0.2897923603896203.
checkpoint_e32 window_influence: 0.44557558886977627, penalty_k: 0.14549251438762470, scale_lr: 0.32396913274676803, EAO: 0.264
Trial 1374 finished with value: 0.2641134903561778 and parameters: {'window_influence': 0.4455755888697763, 'penalty_k': 0.1454925143876247, 'scale_lr': 0.32396913274676803}. Best is trial 977 with value: 0.2897923603896203.
checkpoint_e32 window_influence: 0.46441826783284063, penalty_k: 0.18182576779515985, scale_lr: 0.47052779891187213, EAO: 0.251
Trial 1375 finished with value: 0.25056737522041894 and parameters: {'window_influence': 0.4644182678328406, 'penalty_k': 0.18182576779515985, 'scale_lr': 0.47052779891187213}. Best is trial 977 with value: 0.2897923603896203.
checkpoint_e32 window_influence: 0.41189131244199034, penalty_k: 0.52930345930585498, scale_lr: 0.16164405689831610, EAO: 0.258
Trial 1376 finished with value: 0.2575318433526086 and parameters: {'window_influence': 0.41189131244199034, 'penalty_k': 0.529303459305855, 'scale_lr': 0.1616440568983161}. Best is trial 977 with value: 0.2897923603896203.
checkpoint_e32 window_influence: 0.40390461969772307, penalty_k: 0.38714094774968244, scale_lr: 0.13174221517056398, EAO: 0.263
Trial 1377 finished with value: 0.2629896486556627 and parameters: {'window_influence': 0.40390461969772307, 'penalty_k': 0.38714094774968244, 'scale_lr': 0.13174221517056398}. Best is trial 977 with value: 0.2897923603896203.
checkpoint_e32 window_influence: 0.10615382593953010, penalty_k: 0.11280678166154383, scale_lr: 0.49329604992464321, EAO: 0.234
Trial 1378 finished with value: 0.2335499670447373 and parameters: {'window_influence': 0.1061538259395301, 'penalty_k': 0.11280678166154383, 'scale_lr': 0.4932960499246432}. Best is trial 977 with value: 0.2897923603896203.
checkpoint_e32 window_influence: 0.42909305537626619, penalty_k: 0.16471435055298711, scale_lr: 0.14562493836638890, EAO: 0.278
Trial 1379 finished with value: 0.2776561285543248 and parameters: {'window_influence': 0.4290930553762662, 'penalty_k': 0.1647143505529871, 'scale_lr': 0.1456249383663889}. Best is trial 977 with value: 0.2897923603896203.
checkpoint_e32 window_influence: 0.38627648209213122, penalty_k: 0.31495912628439110, scale_lr: 0.11498214568547255, EAO: 0.273
Trial 1380 finished with value: 0.2734770731833892 and parameters: {'window_influence': 0.3862764820921312, 'penalty_k': 0.3149591262843911, 'scale_lr': 0.11498214568547255}. Best is trial 977 with value: 0.2897923603896203.
checkpoint_e32 window_influence: 0.41761842873557242, penalty_k: 0.41526238329698734, scale_lr: 0.40701303836972180, EAO: 0.260
Trial 1381 finished with value: 0.2604866648713748 and parameters: {'window_influence': 0.4176184287355724, 'penalty_k': 0.41526238329698734, 'scale_lr': 0.4070130383697218}. Best is trial 977 with value: 0.2897923603896203.
checkpoint_e32 window_influence: 0.61113359531358080, penalty_k: 0.13632837126379227, scale_lr: 0.59085185889180825, EAO: 0.219
Trial 1382 finished with value: 0.21899213968980602 and parameters: {'window_influence': 0.6111335953135808, 'penalty_k': 0.13632837126379227, 'scale_lr': 0.5908518588918082}. Best is trial 977 with value: 0.2897923603896203.
checkpoint_e32 window_influence: 0.37421843396969290, penalty_k: 0.14927800368037669, scale_lr: 0.17360867675415140, EAO: 0.270
Trial 1383 finished with value: 0.27009932945171994 and parameters: {'window_influence': 0.3742184339696929, 'penalty_k': 0.1492780036803767, 'scale_lr': 0.1736086767541514}. Best is trial 977 with value: 0.2897923603896203.
checkpoint_e32 window_influence: 0.43758534174301733, penalty_k: 0.45166479637804957, scale_lr: 0.63623109645818265, EAO: 0.265
Trial 1384 finished with value: 0.2652595438729457 and parameters: {'window_influence': 0.43758534174301733, 'penalty_k': 0.45166479637804957, 'scale_lr': 0.6362310964581827}. Best is trial 977 with value: 0.2897923603896203.
checkpoint_e32 window_influence: 0.39656779915334256, penalty_k: 0.33935357599799687, scale_lr: 0.42913497483121804, EAO: 0.265
Trial 1385 finished with value: 0.26477283124274353 and parameters: {'window_influence': 0.39656779915334256, 'penalty_k': 0.33935357599799687, 'scale_lr': 0.42913497483121804}. Best is trial 977 with value: 0.2897923603896203.
checkpoint_e32 window_influence: 0.45112791260382779, penalty_k: 0.12781866019906041, scale_lr: 0.26471277681798294, EAO: 0.262
Trial 1386 finished with value: 0.2615658384028489 and parameters: {'window_influence': 0.4511279126038278, 'penalty_k': 0.1278186601990604, 'scale_lr': 0.26471277681798294}. Best is trial 977 with value: 0.2897923603896203.
checkpoint_e32 window_influence: 0.40641998012848052, penalty_k: 0.28653991707152920, scale_lr: 0.36817500856450391, EAO: 0.264
Trial 1387 finished with value: 0.2643095337278475 and parameters: {'window_influence': 0.4064199801284805, 'penalty_k': 0.2865399170715292, 'scale_lr': 0.3681750085645039}. Best is trial 977 with value: 0.2897923603896203.
checkpoint_e32 window_influence: 0.42406923230850718, penalty_k: 0.09972626500378901, scale_lr: 0.67945544467531016, EAO: 0.263
Trial 1388 finished with value: 0.26332941063778187 and parameters: {'window_influence': 0.4240692323085072, 'penalty_k': 0.099726265003789, 'scale_lr': 0.6794554446753102}. Best is trial 977 with value: 0.2897923603896203.
checkpoint_e32 window_influence: 0.39022318020643787, penalty_k: 0.15580268187990221, scale_lr: 0.30091561981992543, EAO: 0.260
Trial 1389 finished with value: 0.26004106375744673 and parameters: {'window_influence': 0.39022318020643787, 'penalty_k': 0.1558026818799022, 'scale_lr': 0.30091561981992543}. Best is trial 977 with value: 0.2897923603896203.
checkpoint_e32 window_influence: 0.61179183531362202, penalty_k: 0.17256679595363522, scale_lr: 0.12449943955637155, EAO: 0.231
Trial 1390 finished with value: 0.23054512796120916 and parameters: {'window_influence': 0.611791835313622, 'penalty_k': 0.17256679595363522, 'scale_lr': 0.12449943955637155}. Best is trial 977 with value: 0.2897923603896203.
checkpoint_e32 window_influence: 0.41255881720732046, penalty_k: 0.13918831851324215, scale_lr: 0.14759859251819013, EAO: 0.276
Trial 1391 finished with value: 0.2758754896439188 and parameters: {'window_influence': 0.41255881720732046, 'penalty_k': 0.13918831851324215, 'scale_lr': 0.14759859251819013}. Best is trial 977 with value: 0.2897923603896203.
checkpoint_e32 window_influence: 0.36842269791451027, penalty_k: 0.26337997864396190, scale_lr: 0.56100196680221748, EAO: 0.257
Trial 1392 finished with value: 0.257039268387527 and parameters: {'window_influence': 0.36842269791451027, 'penalty_k': 0.2633799786439619, 'scale_lr': 0.5610019668022175}. Best is trial 977 with value: 0.2897923603896203.
checkpoint_e32 window_influence: 0.42759117382013190, penalty_k: 0.11307662075306205, scale_lr: 0.13565367398791342, EAO: 0.275
Trial 1393 finished with value: 0.2751275582042167 and parameters: {'window_influence': 0.4275911738201319, 'penalty_k': 0.11307662075306205, 'scale_lr': 0.13565367398791342}. Best is trial 977 with value: 0.2897923603896203.
checkpoint_e32 window_influence: 0.64740890706516396, penalty_k: 0.12557787091245357, scale_lr: 0.10022800159794783, EAO: 0.225
Trial 1394 finished with value: 0.22468646403735246 and parameters: {'window_influence': 0.647408907065164, 'penalty_k': 0.12557787091245357, 'scale_lr': 0.10022800159794783}. Best is trial 977 with value: 0.2897923603896203.
checkpoint_e32 window_influence: 0.40303414623979922, penalty_k: 0.22216010956759139, scale_lr: 0.52498282368436877, EAO: 0.260
Trial 1395 finished with value: 0.25979484018029236 and parameters: {'window_influence': 0.4030341462397992, 'penalty_k': 0.22216010956759139, 'scale_lr': 0.5249828236843688}. Best is trial 977 with value: 0.2897923603896203.
checkpoint_e32 window_influence: 0.43742114320725889, penalty_k: 0.14417273342734840, scale_lr: 0.11728653196196896, EAO: 0.283
Trial 1396 finished with value: 0.28330346354381825 and parameters: {'window_influence': 0.4374211432072589, 'penalty_k': 0.1441727334273484, 'scale_lr': 0.11728653196196896}. Best is trial 977 with value: 0.2897923603896203.
checkpoint_e32 window_influence: 0.45852111662798106, penalty_k: 0.16639732915515543, scale_lr: 0.11397853179246627, EAO: 0.271
Trial 1397 finished with value: 0.27140551775209304 and parameters: {'window_influence': 0.45852111662798106, 'penalty_k': 0.16639732915515543, 'scale_lr': 0.11397853179246627}. Best is trial 977 with value: 0.2897923603896203.
checkpoint_e32 window_influence: 0.48402915181189166, penalty_k: 0.15192042332417149, scale_lr: 0.61196068736210485, EAO: 0.266
Trial 1398 finished with value: 0.26588912920011737 and parameters: {'window_influence': 0.48402915181189166, 'penalty_k': 0.1519204233241715, 'scale_lr': 0.6119606873621048}. Best is trial 977 with value: 0.2897923603896203.
checkpoint_e32 window_influence: 0.44679046777662812, penalty_k: 0.15999674419057161, scale_lr: 0.11295194128773529, EAO: 0.271
Trial 1399 finished with value: 0.2707540858688393 and parameters: {'window_influence': 0.4467904677766281, 'penalty_k': 0.1599967441905716, 'scale_lr': 0.1129519412877353}. Best is trial 977 with value: 0.2897923603896203.
checkpoint_e32 window_influence: 0.46490319057748186, penalty_k: 0.19501437221912374, scale_lr: 0.10009337227417298, EAO: 0.279
Trial 1400 finished with value: 0.2789308427552867 and parameters: {'window_influence': 0.46490319057748186, 'penalty_k': 0.19501437221912374, 'scale_lr': 0.10009337227417298}. Best is trial 977 with value: 0.2897923603896203.
checkpoint_e32 window_influence: 0.26131097082995131, penalty_k: 0.01872700388611745, scale_lr: 0.27511998281065686, EAO: 0.259
Trial 1401 finished with value: 0.25874919801708157 and parameters: {'window_influence': 0.2613109708299513, 'penalty_k': 0.018727003886117446, 'scale_lr': 0.27511998281065686}. Best is trial 977 with value: 0.2897923603896203.
checkpoint_e32 window_influence: 0.05676936476857891, penalty_k: 0.57746373892392977, scale_lr: 0.12188396214940320, EAO: 0.220
Trial 1402 finished with value: 0.2203280803391604 and parameters: {'window_influence': 0.05676936476857891, 'penalty_k': 0.5774637389239298, 'scale_lr': 0.1218839621494032}. Best is trial 977 with value: 0.2897923603896203.
checkpoint_e32 window_influence: 0.23261125566812457, penalty_k: 0.17604576824810922, scale_lr: 0.65038914722641261, EAO: 0.258
Trial 1403 finished with value: 0.2575659357556483 and parameters: {'window_influence': 0.23261125566812457, 'penalty_k': 0.17604576824810922, 'scale_lr': 0.6503891472264126}. Best is trial 977 with value: 0.2897923603896203.
checkpoint_e32 window_influence: 0.44222509474015964, penalty_k: 0.14475782261244277, scale_lr: 0.45873741992522410, EAO: 0.255
Trial 1404 finished with value: 0.25547438030078157 and parameters: {'window_influence': 0.44222509474015964, 'penalty_k': 0.14475782261244277, 'scale_lr': 0.4587374199252241}. Best is trial 977 with value: 0.2897923603896203.
checkpoint_e32 window_influence: 0.49895485663933031, penalty_k: 0.04454964261754954, scale_lr: 0.39735100763740411, EAO: 0.255
Trial 1405 finished with value: 0.2545588238210213 and parameters: {'window_influence': 0.4989548566393303, 'penalty_k': 0.04454964261754954, 'scale_lr': 0.3973510076374041}. Best is trial 977 with value: 0.2897923603896203.
checkpoint_e32 window_influence: 0.35856020605316408, penalty_k: 0.02513930374718992, scale_lr: 0.16258432089054514, EAO: 0.264
Trial 1406 finished with value: 0.26425665526128395 and parameters: {'window_influence': 0.3585602060531641, 'penalty_k': 0.025139303747189923, 'scale_lr': 0.16258432089054514}. Best is trial 977 with value: 0.2897923603896203.
checkpoint_e32 window_influence: 0.37775020177972740, penalty_k: 0.23087336966406863, scale_lr: 0.30723810964550863, EAO: 0.268
Trial 1407 finished with value: 0.2676387015518134 and parameters: {'window_influence': 0.3777502017797274, 'penalty_k': 0.23087336966406863, 'scale_lr': 0.30723810964550863}. Best is trial 977 with value: 0.2897923603896203.
checkpoint_e32 window_influence: 0.43871022780021857, penalty_k: 0.35971532904394060, scale_lr: 0.12477581504227248, EAO: 0.263
Trial 1408 finished with value: 0.26303923251183053 and parameters: {'window_influence': 0.43871022780021857, 'penalty_k': 0.3597153290439406, 'scale_lr': 0.12477581504227248}. Best is trial 977 with value: 0.2897923603896203.
checkpoint_e32 window_influence: 0.47588178787678265, penalty_k: 0.14667946279005792, scale_lr: 0.11209925334623873, EAO: 0.274
Trial 1409 finished with value: 0.2743508151876248 and parameters: {'window_influence': 0.47588178787678265, 'penalty_k': 0.14667946279005792, 'scale_lr': 0.11209925334623873}. Best is trial 977 with value: 0.2897923603896203.
checkpoint_e32 window_influence: 0.38747834266811021, penalty_k: 0.32290247274249773, scale_lr: 0.21868378077319200, EAO: 0.263
Trial 1410 finished with value: 0.2626720374313796 and parameters: {'window_influence': 0.3874783426681102, 'penalty_k': 0.3229024727424977, 'scale_lr': 0.218683780773192}. Best is trial 977 with value: 0.2897923603896203.
checkpoint_e32 window_influence: 0.41591269286536392, penalty_k: 0.18374488032806216, scale_lr: 0.14257166039631339, EAO: 0.282
Trial 1411 finished with value: 0.28188743357493623 and parameters: {'window_influence': 0.4159126928653639, 'penalty_k': 0.18374488032806216, 'scale_lr': 0.1425716603963134}. Best is trial 977 with value: 0.2897923603896203.
checkpoint_e32 window_influence: 0.43535685660445506, penalty_k: 0.18845679046114294, scale_lr: 0.19169534406960298, EAO: 0.261
Trial 1412 finished with value: 0.26079906923014945 and parameters: {'window_influence': 0.43535685660445506, 'penalty_k': 0.18845679046114294, 'scale_lr': 0.19169534406960298}. Best is trial 977 with value: 0.2897923603896203.
checkpoint_e32 window_influence: 0.45290291465712129, penalty_k: 0.20163890082387856, scale_lr: 0.35308384140175131, EAO: 0.258
Trial 1413 finished with value: 0.25834321479002637 and parameters: {'window_influence': 0.4529029146571213, 'penalty_k': 0.20163890082387856, 'scale_lr': 0.3530838414017513}. Best is trial 977 with value: 0.2897923603896203.
checkpoint_e32 window_influence: 0.41701607834728727, penalty_k: 0.17930715716709544, scale_lr: 0.62938502566347543, EAO: 0.269
Trial 1414 finished with value: 0.26900213629734226 and parameters: {'window_influence': 0.41701607834728727, 'penalty_k': 0.17930715716709544, 'scale_lr': 0.6293850256634754}. Best is trial 977 with value: 0.2897923603896203.
checkpoint_e32 window_influence: 0.42786401545769098, penalty_k: 0.50202861620431705, scale_lr: 0.54876668174242649, EAO: 0.264
Trial 1415 finished with value: 0.26439670758034156 and parameters: {'window_influence': 0.427864015457691, 'penalty_k': 0.502028616204317, 'scale_lr': 0.5487666817424265}. Best is trial 977 with value: 0.2897923603896203.
checkpoint_e32 window_influence: 0.43557415497499385, penalty_k: 0.18365300202875695, scale_lr: 0.15079872720852744, EAO: 0.267
