Trial 1292 finished with value: 0.2605608011770055 and parameters: {'window_influence': 0.2210575818613488, 'penalty_k': 0.10427905576822061, 'scale_lr': 0.12428026533068422}. Best is trial 977 with value: 0.2897923603896203.
checkpoint_e32 window_influence: 0.14838395380202885, penalty_k: 0.13197401299410025, scale_lr: 0.37887558972489799, EAO: 0.238
Trial 1293 finished with value: 0.23849707926676525 and parameters: {'window_influence': 0.14838395380202885, 'penalty_k': 0.13197401299410025, 'scale_lr': 0.378875589724898}. Best is trial 977 with value: 0.2897923603896203.
checkpoint_e32 window_influence: 0.39359933928994190, penalty_k: 0.19013014912220894, scale_lr: 0.61763173587158571, EAO: 0.266
Trial 1294 finished with value: 0.26649541771266516 and parameters: {'window_influence': 0.3935993392899419, 'penalty_k': 0.19013014912220894, 'scale_lr': 0.6176317358715857}. Best is trial 977 with value: 0.2897923603896203.
checkpoint_e32 window_influence: 0.58402871347367036, penalty_k: 0.39938435996029420, scale_lr: 0.15370246256542205, EAO: 0.220
Trial 1295 finished with value: 0.21995311139560328 and parameters: {'window_influence': 0.5840287134736704, 'penalty_k': 0.3993843599602942, 'scale_lr': 0.15370246256542205}. Best is trial 977 with value: 0.2897923603896203.
checkpoint_e32 window_influence: 0.43378247694577021, penalty_k: 0.14955821515469214, scale_lr: 0.46109799552757375, EAO: 0.266
Trial 1296 finished with value: 0.2658140662966705 and parameters: {'window_influence': 0.4337824769457702, 'penalty_k': 0.14955821515469214, 'scale_lr': 0.46109799552757375}. Best is trial 977 with value: 0.2897923603896203.
checkpoint_e32 window_influence: 0.15222414774885876, penalty_k: 0.42844757603611811, scale_lr: 0.53139116204479830, EAO: 0.235
Trial 1297 finished with value: 0.23543459867558827 and parameters: {'window_influence': 0.15222414774885876, 'penalty_k': 0.4284475760361181, 'scale_lr': 0.5313911620447983}. Best is trial 977 with value: 0.2897923603896203.
checkpoint_e32 window_influence: 0.36171068754782121, penalty_k: 0.27426005808181164, scale_lr: 0.11155295974105765, EAO: 0.266
Trial 1298 finished with value: 0.2661118750892034 and parameters: {'window_influence': 0.3617106875478212, 'penalty_k': 0.27426005808181164, 'scale_lr': 0.11155295974105765}. Best is trial 977 with value: 0.2897923603896203.
checkpoint_e32 window_influence: 0.10692690590043555, penalty_k: 0.16528891701579762, scale_lr: 0.10082033530755852, EAO: 0.252
Trial 1299 finished with value: 0.25213642236663075 and parameters: {'window_influence': 0.10692690590043555, 'penalty_k': 0.16528891701579762, 'scale_lr': 0.10082033530755852}. Best is trial 977 with value: 0.2897923603896203.
checkpoint_e32 window_influence: 0.37541111596733989, penalty_k: 0.58782833058376105, scale_lr: 0.18021447516801375, EAO: 0.249
Trial 1300 finished with value: 0.24868277321016885 and parameters: {'window_influence': 0.3754111159673399, 'penalty_k': 0.587828330583761, 'scale_lr': 0.18021447516801375}. Best is trial 977 with value: 0.2897923603896203.
checkpoint_e32 window_influence: 0.42699131064420504, penalty_k: 0.34040626007762625, scale_lr: 0.73264330733163918, EAO: 0.260
Trial 1301 finished with value: 0.2604720163030353 and parameters: {'window_influence': 0.42699131064420504, 'penalty_k': 0.34040626007762625, 'scale_lr': 0.7326433073316392}. Best is trial 977 with value: 0.2897923603896203.
checkpoint_e32 window_influence: 0.59434317715417428, penalty_k: 0.11054255454150730, scale_lr: 0.43526437696654530, EAO: 0.231
Trial 1302 finished with value: 0.2308454031987888 and parameters: {'window_influence': 0.5943431771541743, 'penalty_k': 0.1105425545415073, 'scale_lr': 0.4352643769665453}. Best is trial 977 with value: 0.2897923603896203.
checkpoint_e32 window_influence: 0.46931127636306774, penalty_k: 0.24859562185062886, scale_lr: 0.13296864686280091, EAO: 0.275
Trial 1303 finished with value: 0.27545425532067697 and parameters: {'window_influence': 0.46931127636306774, 'penalty_k': 0.24859562185062886, 'scale_lr': 0.1329686468628009}. Best is trial 977 with value: 0.2897923603896203.
checkpoint_e32 window_influence: 0.39881166839335519, penalty_k: 0.13268085967071386, scale_lr: 0.55838525517307780, EAO: 0.266
Trial 1304 finished with value: 0.265671102375519 and parameters: {'window_influence': 0.3988116683933552, 'penalty_k': 0.13268085967071386, 'scale_lr': 0.5583852551730778}. Best is trial 977 with value: 0.2897923603896203.
checkpoint_e32 window_influence: 0.25740422860209455, penalty_k: 0.35331602956290653, scale_lr: 0.32370669851903477, EAO: 0.253
Trial 1305 finished with value: 0.2529725689228957 and parameters: {'window_influence': 0.25740422860209455, 'penalty_k': 0.35331602956290653, 'scale_lr': 0.3237066985190348}. Best is trial 977 with value: 0.2897923603896203.
checkpoint_e32 window_influence: 0.21934798335164787, penalty_k: 0.51948089761506733, scale_lr: 0.23415990417687294, EAO: 0.247
Trial 1306 finished with value: 0.2471047241271027 and parameters: {'window_influence': 0.21934798335164787, 'penalty_k': 0.5194808976150673, 'scale_lr': 0.23415990417687294}. Best is trial 977 with value: 0.2897923603896203.
checkpoint_e32 window_influence: 0.21907548002085153, penalty_k: 0.00006880308459811, scale_lr: 0.41485132500047228, EAO: 0.259
Trial 1307 finished with value: 0.2591988529737403 and parameters: {'window_influence': 0.21907548002085153, 'penalty_k': 6.8803084598109e-05, 'scale_lr': 0.4148513250004723}. Best is trial 977 with value: 0.2897923603896203.
checkpoint_e32 window_influence: 0.40847091926900803, penalty_k: 0.17442831159316519, scale_lr: 0.20151648586975068, EAO: 0.258
Trial 1308 finished with value: 0.25829930730709216 and parameters: {'window_influence': 0.408470919269008, 'penalty_k': 0.1744283115931652, 'scale_lr': 0.20151648586975068}. Best is trial 977 with value: 0.2897923603896203.
checkpoint_e32 window_influence: 0.38465953383247348, penalty_k: 0.14939460427980258, scale_lr: 0.47250463390730535, EAO: 0.276
Trial 1309 finished with value: 0.2760879005479619 and parameters: {'window_influence': 0.3846595338324735, 'penalty_k': 0.14939460427980258, 'scale_lr': 0.47250463390730535}. Best is trial 977 with value: 0.2897923603896203.
checkpoint_e32 window_influence: 0.52485322533335488, penalty_k: 0.38146463148230553, scale_lr: 0.57510312464627211, EAO: 0.243
Trial 1310 finished with value: 0.2434136477427754 and parameters: {'window_influence': 0.5248532253333549, 'penalty_k': 0.3814646314823055, 'scale_lr': 0.5751031246462721}. Best is trial 977 with value: 0.2897923603896203.
checkpoint_e32 window_influence: 0.44117697945220119, penalty_k: 0.11923680061351202, scale_lr: 0.68331906987096669, EAO: 0.274
Trial 1311 finished with value: 0.2742156695907678 and parameters: {'window_influence': 0.4411769794522012, 'penalty_k': 0.11923680061351202, 'scale_lr': 0.6833190698709667}. Best is trial 977 with value: 0.2897923603896203.
checkpoint_e32 window_influence: 0.20306049283645325, penalty_k: 0.36093599919096364, scale_lr: 0.16441845948678255, EAO: 0.243
Trial 1312 finished with value: 0.24341957404361508 and parameters: {'window_influence': 0.20306049283645325, 'penalty_k': 0.36093599919096364, 'scale_lr': 0.16441845948678255}. Best is trial 977 with value: 0.2897923603896203.
checkpoint_e32 window_influence: 0.41489951429500443, penalty_k: 0.14049657744316760, scale_lr: 0.36756020441545534, EAO: 0.257
Trial 1313 finished with value: 0.2567935257059772 and parameters: {'window_influence': 0.41489951429500443, 'penalty_k': 0.1404965774431676, 'scale_lr': 0.36756020441545534}. Best is trial 977 with value: 0.2897923603896203.
checkpoint_e32 window_influence: 0.42592081711880714, penalty_k: 0.10259969184917460, scale_lr: 0.14646664597311476, EAO: 0.267
Trial 1314 finished with value: 0.2667330531327705 and parameters: {'window_influence': 0.42592081711880714, 'penalty_k': 0.1025996918491746, 'scale_lr': 0.14646664597311476}. Best is trial 977 with value: 0.2897923603896203.
checkpoint_e32 window_influence: 0.36387626512897253, penalty_k: 0.50756123428315836, scale_lr: 0.59073699562067072, EAO: 0.263
Trial 1315 finished with value: 0.26330672040945147 and parameters: {'window_influence': 0.36387626512897253, 'penalty_k': 0.5075612342831584, 'scale_lr': 0.5907369956206707}. Best is trial 977 with value: 0.2897923603896203.
checkpoint_e32 window_influence: 0.40454046186504322, penalty_k: 0.23123683868787526, scale_lr: 0.12342811676514201, EAO: 0.273
Trial 1316 finished with value: 0.27297748958434515 and parameters: {'window_influence': 0.4045404618650432, 'penalty_k': 0.23123683868787526, 'scale_lr': 0.12342811676514201}. Best is trial 977 with value: 0.2897923603896203.
checkpoint_e32 window_influence: 0.38658636980257233, penalty_k: 0.23988618012970284, scale_lr: 0.66544660611803186, EAO: 0.264
Trial 1317 finished with value: 0.2637354174886293 and parameters: {'window_influence': 0.3865863698025723, 'penalty_k': 0.23988618012970284, 'scale_lr': 0.6654466061180319}. Best is trial 977 with value: 0.2897923603896203.
checkpoint_e32 window_influence: 0.45046942086433650, penalty_k: 0.02197515257324087, scale_lr: 0.10005909590808063, EAO: 0.279
Trial 1318 finished with value: 0.27892102682735864 and parameters: {'window_influence': 0.4504694208643365, 'penalty_k': 0.02197515257324087, 'scale_lr': 0.10005909590808063}. Best is trial 977 with value: 0.2897923603896203.
checkpoint_e32 window_influence: 0.41628214524591067, penalty_k: 0.15531705167459625, scale_lr: 0.51349806068230042, EAO: 0.262
Trial 1319 finished with value: 0.26249811531809286 and parameters: {'window_influence': 0.4162821452459107, 'penalty_k': 0.15531705167459625, 'scale_lr': 0.5134980606823004}. Best is trial 977 with value: 0.2897923603896203.
checkpoint_e32 window_influence: 0.39533420526679380, penalty_k: 0.25686632722083302, scale_lr: 0.76583490726507608, EAO: 0.258
Trial 1320 finished with value: 0.25795836849668163 and parameters: {'window_influence': 0.3953342052667938, 'penalty_k': 0.256866327220833, 'scale_lr': 0.7658349072650761}. Best is trial 977 with value: 0.2897923603896203.
checkpoint_e32 window_influence: 0.48833245647083290, penalty_k: 0.12651120299088087, scale_lr: 0.13474222058802410, EAO: 0.264
Trial 1321 finished with value: 0.2640480443350668 and parameters: {'window_influence': 0.4883324564708329, 'penalty_k': 0.12651120299088087, 'scale_lr': 0.1347422205880241}. Best is trial 977 with value: 0.2897923603896203.
checkpoint_e32 window_influence: 0.37344392637116680, penalty_k: 0.18349312393234174, scale_lr: 0.29953200659477675, EAO: 0.272
Trial 1322 finished with value: 0.2723914216446683 and parameters: {'window_influence': 0.3734439263711668, 'penalty_k': 0.18349312393234174, 'scale_lr': 0.29953200659477675}. Best is trial 977 with value: 0.2897923603896203.
checkpoint_e32 window_influence: 0.43665411325819165, penalty_k: 0.57629549551402104, scale_lr: 0.11681534022084793, EAO: 0.246
Trial 1323 finished with value: 0.2457835081268132 and parameters: {'window_influence': 0.43665411325819165, 'penalty_k': 0.576295495514021, 'scale_lr': 0.11681534022084793}. Best is trial 977 with value: 0.2897923603896203.
checkpoint_e32 window_influence: 0.40907998302610765, penalty_k: 0.44001960367152748, scale_lr: 0.14445033381475073, EAO: 0.257
Trial 1324 finished with value: 0.25690909681039126 and parameters: {'window_influence': 0.40907998302610765, 'penalty_k': 0.4400196036715275, 'scale_lr': 0.14445033381475073}. Best is trial 977 with value: 0.2897923603896203.
checkpoint_e32 window_influence: 0.61817275110484804, penalty_k: 0.54557967392670836, scale_lr: 0.15807531893756327, EAO: 0.209
Trial 1325 finished with value: 0.20892917304261913 and parameters: {'window_influence': 0.618172751104848, 'penalty_k': 0.5455796739267084, 'scale_lr': 0.15807531893756327}. Best is trial 977 with value: 0.2897923603896203.
checkpoint_e32 window_influence: 0.42455031479481248, penalty_k: 0.39243351754730360, scale_lr: 0.12697940238376287, EAO: 0.265
Trial 1326 finished with value: 0.26523837265444966 and parameters: {'window_influence': 0.4245503147948125, 'penalty_k': 0.3924335175473036, 'scale_lr': 0.12697940238376287}. Best is trial 977 with value: 0.2897923603896203.
checkpoint_e32 window_influence: 0.18612164991290486, penalty_k: 0.16444402314647075, scale_lr: 0.18296945145008456, EAO: 0.246
Trial 1327 finished with value: 0.24628257182070878 and parameters: {'window_influence': 0.18612164991290486, 'penalty_k': 0.16444402314647075, 'scale_lr': 0.18296945145008456}. Best is trial 977 with value: 0.2897923603896203.
checkpoint_e32 window_influence: 0.39382458360258960, penalty_k: 0.13873526833174327, scale_lr: 0.11057474852100173, EAO: 0.273
Trial 1328 finished with value: 0.2728177273903436 and parameters: {'window_influence': 0.3938245836025896, 'penalty_k': 0.13873526833174327, 'scale_lr': 0.11057474852100173}. Best is trial 977 with value: 0.2897923603896203.
checkpoint_e32 window_influence: 0.19224260460390410, penalty_k: 0.31932909909901042, scale_lr: 0.10011485860489799, EAO: 0.249
Trial 1329 finished with value: 0.24904271796709154 and parameters: {'window_influence': 0.1922426046039041, 'penalty_k': 0.3193290990990104, 'scale_lr': 0.100114858604898}. Best is trial 977 with value: 0.2897923603896203.
checkpoint_e32 window_influence: 0.21365660282642215, penalty_k: 0.20672985748267433, scale_lr: 0.65305865521420392, EAO: 0.258
Trial 1330 finished with value: 0.25794616159869405 and parameters: {'window_influence': 0.21365660282642215, 'penalty_k': 0.20672985748267433, 'scale_lr': 0.6530586552142039}. Best is trial 977 with value: 0.2897923603896203.
checkpoint_e32 window_influence: 0.40516466043599869, penalty_k: 0.12582105793673806, scale_lr: 0.69400801286275626, EAO: 0.272
Trial 1331 finished with value: 0.271971564225065 and parameters: {'window_influence': 0.4051646604359987, 'penalty_k': 0.12582105793673806, 'scale_lr': 0.6940080128627563}. Best is trial 977 with value: 0.2897923603896203.
checkpoint_e32 window_influence: 0.38014569720258673, penalty_k: 0.59939508359368887, scale_lr: 0.13465848883788442, EAO: 0.247
Trial 1332 finished with value: 0.24677628975331298 and parameters: {'window_influence': 0.38014569720258673, 'penalty_k': 0.5993950835936889, 'scale_lr': 0.13465848883788442}. Best is trial 977 with value: 0.2897923603896203.
checkpoint_e32 window_influence: 0.46120010376821441, penalty_k: 0.11324026125074441, scale_lr: 0.16696743035845674, EAO: 0.266
Trial 1333 finished with value: 0.2663880095976155 and parameters: {'window_influence': 0.4612001037682144, 'penalty_k': 0.1132402612507444, 'scale_lr': 0.16696743035845674}. Best is trial 977 with value: 0.2897923603896203.
checkpoint_e32 window_influence: 0.42121558765949041, penalty_k: 0.15236316294062072, scale_lr: 0.63738803109259501, EAO: 0.273
Trial 1334 finished with value: 0.2733735463968137 and parameters: {'window_influence': 0.4212155876594904, 'penalty_k': 0.15236316294062072, 'scale_lr': 0.637388031092595}. Best is trial 977 with value: 0.2897923603896203.
checkpoint_e32 window_influence: 0.36255637496844417, penalty_k: 0.55628654215614981, scale_lr: 0.54782790639043311, EAO: 0.257
Trial 1335 finished with value: 0.25656803497454017 and parameters: {'window_influence': 0.3625563749684442, 'penalty_k': 0.5562865421561498, 'scale_lr': 0.5478279063904331}. Best is trial 977 with value: 0.2897923603896203.
checkpoint_e32 window_influence: 0.44337954211383551, penalty_k: 0.03930933753071275, scale_lr: 0.15002511775338634, EAO: 0.261
Trial 1336 finished with value: 0.2608226248767318 and parameters: {'window_influence': 0.4433795421138355, 'penalty_k': 0.03930933753071275, 'scale_lr': 0.15002511775338634}. Best is trial 977 with value: 0.2897923603896203.
checkpoint_e32 window_influence: 0.43044433099845331, penalty_k: 0.14169711520508219, scale_lr: 0.12354029303362346, EAO: 0.277
Trial 1337 finished with value: 0.27748547482296704 and parameters: {'window_influence': 0.4304443309984533, 'penalty_k': 0.14169711520508219, 'scale_lr': 0.12354029303362346}. Best is trial 977 with value: 0.2897923603896203.
checkpoint_e32 window_influence: 0.39489599767641831, penalty_k: 0.28164296440925751, scale_lr: 0.43439768998689032, EAO: 0.259
Trial 1338 finished with value: 0.2592907429831784 and parameters: {'window_influence': 0.3948959976764183, 'penalty_k': 0.2816429644092575, 'scale_lr': 0.4343976899868903}. Best is trial 977 with value: 0.2897923603896203.
checkpoint_e32 window_influence: 0.41056538173014095, penalty_k: 0.17632801142407023, scale_lr: 0.11384083779726983, EAO: 0.280
Trial 1339 finished with value: 0.2803245457570727 and parameters: {'window_influence': 0.41056538173014095, 'penalty_k': 0.17632801142407023, 'scale_lr': 0.11384083779726983}. Best is trial 977 with value: 0.2897923603896203.
checkpoint_e32 window_influence: 0.60645933085497816, penalty_k: 0.48369791722858435, scale_lr: 0.14228834697649984, EAO: 0.217
Trial 1340 finished with value: 0.2172213703151641 and parameters: {'window_influence': 0.6064593308549782, 'penalty_k': 0.48369791722858435, 'scale_lr': 0.14228834697649984}. Best is trial 977 with value: 0.2897923603896203.
checkpoint_e32 window_influence: 0.38371279679836418, penalty_k: 0.16212774931469695, scale_lr: 0.48240142353445814, EAO: 0.266
Trial 1341 finished with value: 0.26576018000279017 and parameters: {'window_influence': 0.3837127967983642, 'penalty_k': 0.16212774931469695, 'scale_lr': 0.48240142353445814}. Best is trial 977 with value: 0.2897923603896203.
checkpoint_e32 window_influence: 0.64255106946141249, penalty_k: 0.42229507121718030, scale_lr: 0.34105265608529572, EAO: 0.204
Trial 1342 finished with value: 0.20387285378405717 and parameters: {'window_influence': 0.6425510694614125, 'penalty_k': 0.4222950712171803, 'scale_lr': 0.3410526560852957}. Best is trial 977 with value: 0.2897923603896203.
checkpoint_e32 window_influence: 0.17579138076829534, penalty_k: 0.19633702030045444, scale_lr: 0.26707310809854024, EAO: 0.246
Trial 1343 finished with value: 0.24588903445538465 and parameters: {'window_influence': 0.17579138076829534, 'penalty_k': 0.19633702030045444, 'scale_lr': 0.26707310809854024}. Best is trial 977 with value: 0.2897923603896203.
checkpoint_e32 window_influence: 0.63186867568860272, penalty_k: 0.11742146159957592, scale_lr: 0.28689442356111355, EAO: 0.215
Trial 1344 finished with value: 0.21510545497502737 and parameters: {'window_influence': 0.6318686756886027, 'penalty_k': 0.11742146159957592, 'scale_lr': 0.28689442356111355}. Best is trial 977 with value: 0.2897923603896203.
checkpoint_e32 window_influence: 0.41895485955575501, penalty_k: 0.10224790058580382, scale_lr: 0.38709355939736823, EAO: 0.263
Trial 1345 finished with value: 0.262608081889831 and parameters: {'window_influence': 0.418954859555755, 'penalty_k': 0.10224790058580382, 'scale_lr': 0.3870935593973682}. Best is trial 977 with value: 0.2897923603896203.
checkpoint_e32 window_influence: 0.40121524190491059, penalty_k: 0.12895004297518228, scale_lr: 0.19721799358966394, EAO: 0.273
Trial 1346 finished with value: 0.27252439651789706 and parameters: {'window_influence': 0.4012152419049106, 'penalty_k': 0.12895004297518228, 'scale_lr': 0.19721799358966394}. Best is trial 977 with value: 0.2897923603896203.
checkpoint_e32 window_influence: 0.45046509137908730, penalty_k: 0.41026963382847059, scale_lr: 0.22522153050789206, EAO: 0.262
Trial 1347 finished with value: 0.2615429073935602 and parameters: {'window_influence': 0.4504650913790873, 'penalty_k': 0.4102696338284706, 'scale_lr': 0.22522153050789206}. Best is trial 977 with value: 0.2897923603896203.
checkpoint_e32 window_influence: 0.37163622451671996, penalty_k: 0.52302285451274988, scale_lr: 0.50538068012466486, EAO: 0.269
Trial 1348 finished with value: 0.26863622362536144 and parameters: {'window_influence': 0.37163622451671996, 'penalty_k': 0.5230228545127499, 'scale_lr': 0.5053806801246649}. Best is trial 977 with value: 0.2897923603896203.
checkpoint_e32 window_influence: 0.23856329635163254, penalty_k: 0.14423557351082641, scale_lr: 0.60397282097475102, EAO: 0.261
Trial 1349 finished with value: 0.26054292777931787 and parameters: {'window_influence': 0.23856329635163254, 'penalty_k': 0.14423557351082641, 'scale_lr': 0.603972820974751}. Best is trial 977 with value: 0.2897923603896203.
checkpoint_e32 window_influence: 0.43286172170287768, penalty_k: 0.37060972845503393, scale_lr: 0.12664144741306366, EAO: 0.265
Trial 1350 finished with value: 0.2650970544030027 and parameters: {'window_influence': 0.4328617217028777, 'penalty_k': 0.3706097284550339, 'scale_lr': 0.12664144741306366}. Best is trial 977 with value: 0.2897923603896203.
checkpoint_e32 window_influence: 0.41082311544495426, penalty_k: 0.15682146608116149, scale_lr: 0.71601577376019288, EAO: 0.259
Trial 1351 finished with value: 0.2589270748743197 and parameters: {'window_influence': 0.41082311544495426, 'penalty_k': 0.1568214660811615, 'scale_lr': 0.7160157737601929}. Best is trial 977 with value: 0.2897923603896203.
checkpoint_e32 window_influence: 0.38632378757130609, penalty_k: 0.33317870993710152, scale_lr: 0.17391020851534505, EAO: 0.279
Trial 1352 finished with value: 0.27859823151332574 and parameters: {'window_influence': 0.3863237875713061, 'penalty_k': 0.3331787099371015, 'scale_lr': 0.17391020851534505}. Best is trial 977 with value: 0.2897923603896203.
checkpoint_e32 window_influence: 0.14776192903012711, penalty_k: 0.13447364185427008, scale_lr: 0.15549264599838117, EAO: 0.246
Trial 1353 finished with value: 0.24582861357830404 and parameters: {'window_influence': 0.1477619290301271, 'penalty_k': 0.13447364185427008, 'scale_lr': 0.15549264599838117}. Best is trial 977 with value: 0.2897923603896203.
checkpoint_e32 window_influence: 0.21477166316725829, penalty_k: 0.46391526504990677, scale_lr: 0.79710126357825972, EAO: 0.255
