Trial 1300 finished with value: 0.2561682393638099 and parameters: {'window_influence': 0.20332960099599665, 'penalty_k': 0.09901840341311409, 'scale_lr': 0.640847470021501}. Best is trial 489 with value: 0.28065862270390113.
checkpoint_e32 window_influence: 0.09528443894880939, penalty_k: 0.30483734711543231, scale_lr: 0.44006439697532462, EAO: 0.225
Trial 1301 finished with value: 0.2250630636888791 and parameters: {'window_influence': 0.09528443894880939, 'penalty_k': 0.3048373471154323, 'scale_lr': 0.4400643969753246}. Best is trial 489 with value: 0.28065862270390113.
checkpoint_e32 window_influence: 0.09634020783723068, penalty_k: 0.37584064390658900, scale_lr: 0.26725327410671501, EAO: 0.223
Trial 1302 finished with value: 0.2231342994827565 and parameters: {'window_influence': 0.09634020783723068, 'penalty_k': 0.375840643906589, 'scale_lr': 0.267253274106715}. Best is trial 489 with value: 0.28065862270390113.
checkpoint_e32 window_influence: 0.21293661212401954, penalty_k: 0.14386332699943638, scale_lr: 0.28508618791340046, EAO: 0.250
Trial 1303 finished with value: 0.24959956739491562 and parameters: {'window_influence': 0.21293661212401954, 'penalty_k': 0.14386332699943638, 'scale_lr': 0.28508618791340046}. Best is trial 489 with value: 0.28065862270390113.
checkpoint_e32 window_influence: 0.38919815146251352, penalty_k: 0.46627894386943913, scale_lr: 0.65369702050623746, EAO: 0.265
Trial 1304 finished with value: 0.2646207018959813 and parameters: {'window_influence': 0.3891981514625135, 'penalty_k': 0.46627894386943913, 'scale_lr': 0.6536970205062375}. Best is trial 489 with value: 0.28065862270390113.
checkpoint_e32 window_influence: 0.54258015318250041, penalty_k: 0.16216669632255720, scale_lr: 0.20714629613343838, EAO: 0.232
Trial 1305 finished with value: 0.23202052579178073 and parameters: {'window_influence': 0.5425801531825004, 'penalty_k': 0.1621666963225572, 'scale_lr': 0.20714629613343838}. Best is trial 489 with value: 0.28065862270390113.
checkpoint_e32 window_influence: 0.32108541749912883, penalty_k: 0.43786858036962262, scale_lr: 0.18411636865102940, EAO: 0.248
Trial 1306 finished with value: 0.24771195038305066 and parameters: {'window_influence': 0.32108541749912883, 'penalty_k': 0.4378685803696226, 'scale_lr': 0.1841163686510294}. Best is trial 489 with value: 0.28065862270390113.
checkpoint_e32 window_influence: 0.37222892867151902, penalty_k: 0.18497904596042139, scale_lr: 0.68063227097636991, EAO: 0.261
Trial 1307 finished with value: 0.2608506688620986 and parameters: {'window_influence': 0.372228928671519, 'penalty_k': 0.1849790459604214, 'scale_lr': 0.6806322709763699}. Best is trial 489 with value: 0.28065862270390113.
checkpoint_e32 window_influence: 0.34438960955408165, penalty_k: 0.13516184697692377, scale_lr: 0.31274744193794923, EAO: 0.262
Trial 1308 finished with value: 0.2615458568542953 and parameters: {'window_influence': 0.34438960955408165, 'penalty_k': 0.13516184697692377, 'scale_lr': 0.31274744193794923}. Best is trial 489 with value: 0.28065862270390113.
checkpoint_e32 window_influence: 0.28821100961385043, penalty_k: 0.28966541362999187, scale_lr: 0.56349959426611962, EAO: 0.271
Trial 1309 finished with value: 0.27140717414336474 and parameters: {'window_influence': 0.28821100961385043, 'penalty_k': 0.2896654136299919, 'scale_lr': 0.5634995942661196}. Best is trial 489 with value: 0.28065862270390113.
checkpoint_e32 window_influence: 0.47386178245350552, penalty_k: 0.31550491099251105, scale_lr: 0.50235141780279624, EAO: 0.249
Trial 1310 finished with value: 0.24938728260557827 and parameters: {'window_influence': 0.4738617824535055, 'penalty_k': 0.31550491099251105, 'scale_lr': 0.5023514178027962}. Best is trial 489 with value: 0.28065862270390113.
checkpoint_e32 window_influence: 0.30736082126626907, penalty_k: 0.22226525228595623, scale_lr: 0.76853558515560960, EAO: 0.264
Trial 1311 finished with value: 0.2636189326886239 and parameters: {'window_influence': 0.30736082126626907, 'penalty_k': 0.22226525228595623, 'scale_lr': 0.7685355851556096}. Best is trial 489 with value: 0.28065862270390113.
checkpoint_e32 window_influence: 0.27283519995268923, penalty_k: 0.56915859003493863, scale_lr: 0.22738106735574462, EAO: 0.239
Trial 1312 finished with value: 0.23886389176293119 and parameters: {'window_influence': 0.27283519995268923, 'penalty_k': 0.5691585900349386, 'scale_lr': 0.22738106735574462}. Best is trial 489 with value: 0.28065862270390113.
checkpoint_e32 window_influence: 0.40811456349998920, penalty_k: 0.11293918861552560, scale_lr: 0.78715599561610072, EAO: 0.254
Trial 1313 finished with value: 0.2537069768319285 and parameters: {'window_influence': 0.4081145634999892, 'penalty_k': 0.1129391886155256, 'scale_lr': 0.7871559956161007}. Best is trial 489 with value: 0.28065862270390113.
checkpoint_e32 window_influence: 0.58152131262456197, penalty_k: 0.05219300762669159, scale_lr: 0.74272099851913809, EAO: 0.225
Trial 1314 finished with value: 0.22452580317006848 and parameters: {'window_influence': 0.581521312624562, 'penalty_k': 0.052193007626691594, 'scale_lr': 0.7427209985191381}. Best is trial 489 with value: 0.28065862270390113.
checkpoint_e32 window_influence: 0.38220948188017972, penalty_k: 0.52812351288160664, scale_lr: 0.47285796435333927, EAO: 0.258
Trial 1315 finished with value: 0.2582946062330308 and parameters: {'window_influence': 0.3822094818801797, 'penalty_k': 0.5281235128816066, 'scale_lr': 0.47285796435333927}. Best is trial 489 with value: 0.28065862270390113.
checkpoint_e32 window_influence: 0.33258937588725251, penalty_k: 0.07243844420639856, scale_lr: 0.69853068084774728, EAO: 0.262
Trial 1316 finished with value: 0.2620105165533903 and parameters: {'window_influence': 0.3325893758872525, 'penalty_k': 0.07243844420639856, 'scale_lr': 0.6985306808477473}. Best is trial 489 with value: 0.28065862270390113.
checkpoint_e32 window_influence: 0.12287465521976521, penalty_k: 0.35595168670906119, scale_lr: 0.54218370670562699, EAO: 0.221
Trial 1317 finished with value: 0.22082316972375884 and parameters: {'window_influence': 0.1228746552197652, 'penalty_k': 0.3559516867090612, 'scale_lr': 0.542183706705627}. Best is trial 489 with value: 0.28065862270390113.
checkpoint_e32 window_influence: 0.23696633003810660, penalty_k: 0.32754785719436652, scale_lr: 0.39934148577058215, EAO: 0.250
Trial 1318 finished with value: 0.25005237085790166 and parameters: {'window_influence': 0.2369663300381066, 'penalty_k': 0.3275478571943665, 'scale_lr': 0.39934148577058215}. Best is trial 489 with value: 0.28065862270390113.
checkpoint_e32 window_influence: 0.35698558297443739, penalty_k: 0.20221966144576931, scale_lr: 0.25914007997598321, EAO: 0.257
Trial 1319 finished with value: 0.25748733515904204 and parameters: {'window_influence': 0.3569855829744374, 'penalty_k': 0.2022196614457693, 'scale_lr': 0.2591400799759832}. Best is trial 489 with value: 0.28065862270390113.
checkpoint_e32 window_influence: 0.29610949751280080, penalty_k: 0.08497416800024404, scale_lr: 0.58878521300364051, EAO: 0.261
Trial 1320 finished with value: 0.2608043697427928 and parameters: {'window_influence': 0.2961094975128008, 'penalty_k': 0.08497416800024404, 'scale_lr': 0.5887852130036405}. Best is trial 489 with value: 0.28065862270390113.
checkpoint_e32 window_influence: 0.09014683393882744, penalty_k: 0.01395439689335404, scale_lr: 0.45941547669851490, EAO: 0.250
Trial 1321 finished with value: 0.2501405909415183 and parameters: {'window_influence': 0.09014683393882744, 'penalty_k': 0.013954396893354041, 'scale_lr': 0.4594154766985149}. Best is trial 489 with value: 0.28065862270390113.
checkpoint_e32 window_influence: 0.39526801976347836, penalty_k: 0.12692589834178672, scale_lr: 0.66798862364315470, EAO: 0.259
Trial 1322 finished with value: 0.2592936706373362 and parameters: {'window_influence': 0.39526801976347836, 'penalty_k': 0.12692589834178672, 'scale_lr': 0.6679886236431547}. Best is trial 489 with value: 0.28065862270390113.
checkpoint_e32 window_influence: 0.42297650525475455, penalty_k: 0.30953062865102338, scale_lr: 0.24708453480154396, EAO: 0.265
Trial 1323 finished with value: 0.26488879734907694 and parameters: {'window_influence': 0.42297650525475455, 'penalty_k': 0.3095306286510234, 'scale_lr': 0.24708453480154396}. Best is trial 489 with value: 0.28065862270390113.
checkpoint_e32 window_influence: 0.31825701607610890, penalty_k: 0.10073533356020697, scale_lr: 0.38797735532979849, EAO: 0.253
Trial 1324 finished with value: 0.2528043841201115 and parameters: {'window_influence': 0.3182570160761089, 'penalty_k': 0.10073533356020697, 'scale_lr': 0.3879773553297985}. Best is trial 489 with value: 0.28065862270390113.
checkpoint_e32 window_influence: 0.37309435268517793, penalty_k: 0.17115062276178691, scale_lr: 0.52359327571006320, EAO: 0.256
Trial 1325 finished with value: 0.25581005984932426 and parameters: {'window_influence': 0.37309435268517793, 'penalty_k': 0.1711506227617869, 'scale_lr': 0.5235932757100632}. Best is trial 489 with value: 0.28065862270390113.
checkpoint_e32 window_influence: 0.30626175597745470, penalty_k: 0.24815325370509034, scale_lr: 0.63278501299146228, EAO: 0.263
Trial 1326 finished with value: 0.2627030975086902 and parameters: {'window_influence': 0.3062617559774547, 'penalty_k': 0.24815325370509034, 'scale_lr': 0.6327850129914623}. Best is trial 489 with value: 0.28065862270390113.
checkpoint_e32 window_influence: 0.33959236927711495, penalty_k: 0.50036486367518274, scale_lr: 0.61145911893090477, EAO: 0.252
Trial 1327 finished with value: 0.2519591764463642 and parameters: {'window_influence': 0.33959236927711495, 'penalty_k': 0.5003648636751827, 'scale_lr': 0.6114591189309048}. Best is trial 489 with value: 0.28065862270390113.
checkpoint_e32 window_influence: 0.35690420169239062, penalty_k: 0.47035288286703014, scale_lr: 0.42985787941712050, EAO: 0.259
Trial 1328 finished with value: 0.258645848106078 and parameters: {'window_influence': 0.3569042016923906, 'penalty_k': 0.47035288286703014, 'scale_lr': 0.4298578794171205}. Best is trial 489 with value: 0.28065862270390113.
checkpoint_e32 window_influence: 0.15652476134727503, penalty_k: 0.33452254150638450, scale_lr: 0.19770791876595437, EAO: 0.231
Trial 1329 finished with value: 0.2314109409121963 and parameters: {'window_influence': 0.15652476134727503, 'penalty_k': 0.3345225415063845, 'scale_lr': 0.19770791876595437}. Best is trial 489 with value: 0.28065862270390113.
checkpoint_e32 window_influence: 0.11267191918178196, penalty_k: 0.06383606449190335, scale_lr: 0.36762856797239385, EAO: 0.251
Trial 1330 finished with value: 0.2513877756711913 and parameters: {'window_influence': 0.11267191918178196, 'penalty_k': 0.06383606449190335, 'scale_lr': 0.36762856797239385}. Best is trial 489 with value: 0.28065862270390113.
checkpoint_e32 window_influence: 0.26684611488378507, penalty_k: 0.28518255653646041, scale_lr: 0.49755692910450544, EAO: 0.252
Trial 1331 finished with value: 0.2517523307020102 and parameters: {'window_influence': 0.26684611488378507, 'penalty_k': 0.2851825565364604, 'scale_lr': 0.49755692910450544}. Best is trial 489 with value: 0.28065862270390113.
checkpoint_e32 window_influence: 0.28083763281335034, penalty_k: 0.14849180236216494, scale_lr: 0.71265067822464867, EAO: 0.266
Trial 1332 finished with value: 0.26557669158631225 and parameters: {'window_influence': 0.28083763281335034, 'penalty_k': 0.14849180236216494, 'scale_lr': 0.7126506782246487}. Best is trial 489 with value: 0.28065862270390113.
checkpoint_e32 window_influence: 0.32206069411819099, penalty_k: 0.58745578688197719, scale_lr: 0.75465825224980576, EAO: 0.252
Trial 1333 finished with value: 0.2519112210569343 and parameters: {'window_influence': 0.322060694118191, 'penalty_k': 0.5874557868819772, 'scale_lr': 0.7546582522498058}. Best is trial 489 with value: 0.28065862270390113.
checkpoint_e32 window_influence: 0.40365001980624676, penalty_k: 0.21018262996397272, scale_lr: 0.32970821487148566, EAO: 0.252
Trial 1334 finished with value: 0.25238059830617127 and parameters: {'window_influence': 0.40365001980624676, 'penalty_k': 0.21018262996397272, 'scale_lr': 0.32970821487148566}. Best is trial 489 with value: 0.28065862270390113.
checkpoint_e32 window_influence: 0.45511590291125059, penalty_k: 0.23436110212630834, scale_lr: 0.30125467266794281, EAO: 0.258
Trial 1335 finished with value: 0.2584083385583831 and parameters: {'window_influence': 0.4551159029112506, 'penalty_k': 0.23436110212630834, 'scale_lr': 0.3012546726679428}. Best is trial 489 with value: 0.28065862270390113.
checkpoint_e32 window_influence: 0.38870512904057070, penalty_k: 0.19253064156599251, scale_lr: 0.22735562443122681, EAO: 0.271
Trial 1336 finished with value: 0.27070603574194557 and parameters: {'window_influence': 0.3887051290405707, 'penalty_k': 0.1925306415659925, 'scale_lr': 0.2273556244312268}. Best is trial 489 with value: 0.28065862270390113.
checkpoint_e32 window_influence: 0.55496205963261458, penalty_k: 0.11512505391187515, scale_lr: 0.27323461338843491, EAO: 0.231
Trial 1337 finished with value: 0.23058546861497367 and parameters: {'window_influence': 0.5549620596326146, 'penalty_k': 0.11512505391187515, 'scale_lr': 0.2732346133884349}. Best is trial 489 with value: 0.28065862270390113.
checkpoint_e32 window_influence: 0.30055910957121679, penalty_k: 0.30189451104201404, scale_lr: 0.72872268742068302, EAO: 0.274
Trial 1338 finished with value: 0.2740082041156001 and parameters: {'window_influence': 0.3005591095712168, 'penalty_k': 0.30189451104201404, 'scale_lr': 0.728722687420683}. Best is trial 489 with value: 0.28065862270390113.
checkpoint_e32 window_influence: 0.56291465238158467, penalty_k: 0.27742710037545176, scale_lr: 0.74606144870492708, EAO: 0.226
Trial 1339 finished with value: 0.2255521228885263 and parameters: {'window_influence': 0.5629146523815847, 'penalty_k': 0.27742710037545176, 'scale_lr': 0.7460614487049271}. Best is trial 489 with value: 0.28065862270390113.
checkpoint_e32 window_influence: 0.29909166050101926, penalty_k: 0.29199252156942740, scale_lr: 0.72651199000175359, EAO: 0.273
Trial 1340 finished with value: 0.2726101558504066 and parameters: {'window_influence': 0.29909166050101926, 'penalty_k': 0.2919925215694274, 'scale_lr': 0.7265119900017536}. Best is trial 489 with value: 0.28065862270390113.
checkpoint_e32 window_influence: 0.61586892853425346, penalty_k: 0.30166976491370995, scale_lr: 0.72917823101544810, EAO: 0.213
Trial 1341 finished with value: 0.2132490416004406 and parameters: {'window_influence': 0.6158689285342535, 'penalty_k': 0.30166976491370995, 'scale_lr': 0.7291782310154481}. Best is trial 489 with value: 0.28065862270390113.
checkpoint_e32 window_influence: 0.28560712861010323, penalty_k: 0.30924304624612864, scale_lr: 0.71567127045425116, EAO: 0.267
Trial 1342 finished with value: 0.266778579208909 and parameters: {'window_influence': 0.28560712861010323, 'penalty_k': 0.30924304624612864, 'scale_lr': 0.7156712704542512}. Best is trial 489 with value: 0.28065862270390113.
checkpoint_e32 window_influence: 0.30779863378326122, penalty_k: 0.31557247206774225, scale_lr: 0.69939010414580793, EAO: 0.255
Trial 1343 finished with value: 0.2553188849270828 and parameters: {'window_influence': 0.3077986337832612, 'penalty_k': 0.31557247206774225, 'scale_lr': 0.6993901041458079}. Best is trial 489 with value: 0.28065862270390113.
checkpoint_e32 window_influence: 0.29292609720489543, penalty_k: 0.29743538778258677, scale_lr: 0.73376625866569956, EAO: 0.258
Trial 1344 finished with value: 0.258348764442816 and parameters: {'window_influence': 0.29292609720489543, 'penalty_k': 0.29743538778258677, 'scale_lr': 0.7337662586656996}. Best is trial 489 with value: 0.28065862270390113.
checkpoint_e32 window_influence: 0.31389021857093458, penalty_k: 0.29089830879126727, scale_lr: 0.77529959904236490, EAO: 0.256
Trial 1345 finished with value: 0.2557057312470141 and parameters: {'window_influence': 0.3138902185709346, 'penalty_k': 0.29089830879126727, 'scale_lr': 0.7752995990423649}. Best is trial 489 with value: 0.28065862270390113.
checkpoint_e32 window_influence: 0.29086638029306855, penalty_k: 0.31581831507841368, scale_lr: 0.68555778102637033, EAO: 0.253
Trial 1346 finished with value: 0.252597354776491 and parameters: {'window_influence': 0.29086638029306855, 'penalty_k': 0.3158183150784137, 'scale_lr': 0.6855577810263703}. Best is trial 489 with value: 0.28065862270390113.
checkpoint_e32 window_influence: 0.27890990179613889, penalty_k: 0.30149722801301021, scale_lr: 0.33781157759906849, EAO: 0.249
Trial 1347 finished with value: 0.24934464057044284 and parameters: {'window_influence': 0.2789099017961389, 'penalty_k': 0.3014972280130102, 'scale_lr': 0.3378115775990685}. Best is trial 489 with value: 0.28065862270390113.
checkpoint_e32 window_influence: 0.30007424418341211, penalty_k: 0.32433240495931365, scale_lr: 0.44680489767868448, EAO: 0.264
Trial 1348 finished with value: 0.2638736121295913 and parameters: {'window_influence': 0.3000742441834121, 'penalty_k': 0.32433240495931365, 'scale_lr': 0.4468048976786845}. Best is trial 489 with value: 0.28065862270390113.
checkpoint_e32 window_influence: 0.13726944376469541, penalty_k: 0.15787765694060846, scale_lr: 0.42008193483486050, EAO: 0.251
Trial 1349 finished with value: 0.2509994491086743 and parameters: {'window_influence': 0.1372694437646954, 'penalty_k': 0.15787765694060846, 'scale_lr': 0.4200819348348605}. Best is trial 489 with value: 0.28065862270390113.
checkpoint_e32 window_influence: 0.31300202294582818, penalty_k: 0.27774805641049283, scale_lr: 0.57725710737199498, EAO: 0.273
Trial 1350 finished with value: 0.27276331380130797 and parameters: {'window_influence': 0.3130020229458282, 'penalty_k': 0.2777480564104928, 'scale_lr': 0.577257107371995}. Best is trial 489 with value: 0.28065862270390113.
checkpoint_e32 window_influence: 0.32682629444863864, penalty_k: 0.33935771564555350, scale_lr: 0.75771665051793990, EAO: 0.264
Trial 1351 finished with value: 0.2640917395673147 and parameters: {'window_influence': 0.32682629444863864, 'penalty_k': 0.3393577156455535, 'scale_lr': 0.7577166505179399}. Best is trial 489 with value: 0.28065862270390113.
checkpoint_e32 window_influence: 0.59330748199984717, penalty_k: 0.30485616666853399, scale_lr: 0.12263481730757862, EAO: 0.229
Trial 1352 finished with value: 0.22868952094539394 and parameters: {'window_influence': 0.5933074819998472, 'penalty_k': 0.304856166668534, 'scale_lr': 0.12263481730757862}. Best is trial 489 with value: 0.28065862270390113.
checkpoint_e32 window_influence: 0.30494739524401104, penalty_k: 0.00066957226007120, scale_lr: 0.79994508794594410, EAO: 0.247
Trial 1353 finished with value: 0.24665530686213719 and parameters: {'window_influence': 0.30494739524401104, 'penalty_k': 0.0006695722600712009, 'scale_lr': 0.7999450879459441}. Best is trial 489 with value: 0.28065862270390113.
checkpoint_e32 window_influence: 0.26446120983297389, penalty_k: 0.13947249818183485, scale_lr: 0.47733956535544059, EAO: 0.269
Trial 1354 finished with value: 0.2686503771843949 and parameters: {'window_influence': 0.2644612098329739, 'penalty_k': 0.13947249818183485, 'scale_lr': 0.4773395653554406}. Best is trial 489 with value: 0.28065862270390113.
checkpoint_e32 window_influence: 0.32519248025975295, penalty_k: 0.51181919068784199, scale_lr: 0.71780869796968561, EAO: 0.259
Trial 1355 finished with value: 0.2594462747617466 and parameters: {'window_influence': 0.32519248025975295, 'penalty_k': 0.511819190687842, 'scale_lr': 0.7178086979696856}. Best is trial 489 with value: 0.28065862270390113.
checkpoint_e32 window_influence: 0.49701152989345321, penalty_k: 0.28756363987466477, scale_lr: 0.55230004937541954, EAO: 0.236
Trial 1356 finished with value: 0.23611208299795786 and parameters: {'window_influence': 0.4970115298934532, 'penalty_k': 0.28756363987466477, 'scale_lr': 0.5523000493754195}. Best is trial 489 with value: 0.28065862270390113.
checkpoint_e32 window_influence: 0.27598947766031051, penalty_k: 0.32787281239829819, scale_lr: 0.73683852433324271, EAO: 0.256
Trial 1357 finished with value: 0.2558489126887748 and parameters: {'window_influence': 0.2759894776603105, 'penalty_k': 0.3278728123982982, 'scale_lr': 0.7368385243332427}. Best is trial 489 with value: 0.28065862270390113.
checkpoint_e32 window_influence: 0.29429387295526832, penalty_k: 0.16613759369362935, scale_lr: 0.65642710182208674, EAO: 0.264
Trial 1358 finished with value: 0.2635494620819402 and parameters: {'window_influence': 0.2942938729552683, 'penalty_k': 0.16613759369362935, 'scale_lr': 0.6564271018220867}. Best is trial 489 with value: 0.28065862270390113.
checkpoint_e32 window_influence: 0.24914256787579259, penalty_k: 0.13192573159982382, scale_lr: 0.60282115418058657, EAO: 0.265
Trial 1359 finished with value: 0.2649802064629105 and parameters: {'window_influence': 0.2491425678757926, 'penalty_k': 0.13192573159982382, 'scale_lr': 0.6028211541805866}. Best is trial 489 with value: 0.28065862270390113.
checkpoint_e32 window_influence: 0.31483071740532748, penalty_k: 0.31925178461384779, scale_lr: 0.28813841657464473, EAO: 0.248
Trial 1360 finished with value: 0.24750430197492848 and parameters: {'window_influence': 0.3148307174053275, 'penalty_k': 0.3192517846138478, 'scale_lr': 0.28813841657464473}. Best is trial 489 with value: 0.28065862270390113.
checkpoint_e32 window_influence: 0.62958583261233014, penalty_k: 0.11882803588035157, scale_lr: 0.40778000622549371, EAO: 0.206
Trial 1361 finished with value: 0.2058481893888334 and parameters: {'window_influence': 0.6295858326123301, 'penalty_k': 0.11882803588035157, 'scale_lr': 0.4077800062254937}. Best is trial 489 with value: 0.28065862270390113.
checkpoint_e32 window_influence: 0.33523598373204211, penalty_k: 0.39712377875833843, scale_lr: 0.70685069677134937, EAO: 0.262
