Trial 1237 finished with value: 0.2547468323775423 and parameters: {'window_influence': 0.28464428857025603, 'penalty_k': 0.3819962499696305, 'scale_lr': 0.5604465223209932}. Best is trial 1199 with value: 0.2814603819837415.
checkpoint_e22 window_influence: 0.31599790354330426, penalty_k: 0.02030845137159338, scale_lr: 0.23593302571046237, EAO: 0.246
Trial 1238 finished with value: 0.2455208808547113 and parameters: {'window_influence': 0.31599790354330426, 'penalty_k': 0.02030845137159338, 'scale_lr': 0.23593302571046237}. Best is trial 1199 with value: 0.2814603819837415.
checkpoint_e22 window_influence: 0.25867626255796150, penalty_k: 0.36732454737504999, scale_lr: 0.66319674668532913, EAO: 0.249
Trial 1239 finished with value: 0.24858554707067768 and parameters: {'window_influence': 0.2586762625579615, 'penalty_k': 0.36732454737505, 'scale_lr': 0.6631967466853291}. Best is trial 1199 with value: 0.2814603819837415.
checkpoint_e22 window_influence: 0.38929571107096855, penalty_k: 0.23246429605636773, scale_lr: 0.26704044430298146, EAO: 0.246
Trial 1240 finished with value: 0.24576799765350374 and parameters: {'window_influence': 0.38929571107096855, 'penalty_k': 0.23246429605636773, 'scale_lr': 0.26704044430298146}. Best is trial 1199 with value: 0.2814603819837415.
checkpoint_e22 window_influence: 0.05158699623490659, penalty_k: 0.32577332222628169, scale_lr: 0.46729726441825292, EAO: 0.211
Trial 1241 finished with value: 0.21114611589327092 and parameters: {'window_influence': 0.05158699623490659, 'penalty_k': 0.3257733222262817, 'scale_lr': 0.4672972644182529}. Best is trial 1199 with value: 0.2814603819837415.
checkpoint_e22 window_influence: 0.46293475409259693, penalty_k: 0.18197438264706695, scale_lr: 0.41513021856868987, EAO: 0.254
Trial 1242 finished with value: 0.25355313851581357 and parameters: {'window_influence': 0.46293475409259693, 'penalty_k': 0.18197438264706695, 'scale_lr': 0.41513021856868987}. Best is trial 1199 with value: 0.2814603819837415.
checkpoint_e22 window_influence: 0.37356907507927167, penalty_k: 0.26447469998611850, scale_lr: 0.59814403357648183, EAO: 0.258
Trial 1243 finished with value: 0.2579033054956576 and parameters: {'window_influence': 0.3735690750792717, 'penalty_k': 0.2644746999861185, 'scale_lr': 0.5981440335764818}. Best is trial 1199 with value: 0.2814603819837415.
checkpoint_e22 window_influence: 0.39819423263590376, penalty_k: 0.10636759667036860, scale_lr: 0.17560631009706043, EAO: 0.252
Trial 1244 finished with value: 0.2523755317296439 and parameters: {'window_influence': 0.39819423263590376, 'penalty_k': 0.1063675966703686, 'scale_lr': 0.17560631009706043}. Best is trial 1199 with value: 0.2814603819837415.
checkpoint_e22 window_influence: 0.33409069677722253, penalty_k: 0.59018672456636501, scale_lr: 0.71872638602064409, EAO: 0.248
Trial 1245 finished with value: 0.24838406174648098 and parameters: {'window_influence': 0.33409069677722253, 'penalty_k': 0.590186724566365, 'scale_lr': 0.7187263860206441}. Best is trial 1199 with value: 0.2814603819837415.
checkpoint_e22 window_influence: 0.58608542434876476, penalty_k: 0.49170648551389695, scale_lr: 0.12945362394952081, EAO: 0.211
Trial 1246 finished with value: 0.21090262916272248 and parameters: {'window_influence': 0.5860854243487648, 'penalty_k': 0.49170648551389695, 'scale_lr': 0.1294536239495208}. Best is trial 1199 with value: 0.2814603819837415.
checkpoint_e22 window_influence: 0.35037890367772873, penalty_k: 0.05758569284791229, scale_lr: 0.32620816087388849, EAO: 0.271
Trial 1247 finished with value: 0.2707482547294803 and parameters: {'window_influence': 0.3503789036777287, 'penalty_k': 0.05758569284791229, 'scale_lr': 0.3262081608738885}. Best is trial 1199 with value: 0.2814603819837415.
checkpoint_e22 window_influence: 0.33807926934162169, penalty_k: 0.07119393383129684, scale_lr: 0.35810238394024585, EAO: 0.265
Trial 1248 finished with value: 0.2649125996522787 and parameters: {'window_influence': 0.3380792693416217, 'penalty_k': 0.07119393383129684, 'scale_lr': 0.35810238394024585}. Best is trial 1199 with value: 0.2814603819837415.
checkpoint_e22 window_influence: 0.34875309111506408, penalty_k: 0.05382262639284087, scale_lr: 0.47709892117315478, EAO: 0.257
Trial 1249 finished with value: 0.25698323008733065 and parameters: {'window_influence': 0.3487530911150641, 'penalty_k': 0.05382262639284087, 'scale_lr': 0.4770989211731548}. Best is trial 1199 with value: 0.2814603819837415.
checkpoint_e22 window_influence: 0.32524749496504818, penalty_k: 0.06757211691040226, scale_lr: 0.32667011078324137, EAO: 0.263
Trial 1250 finished with value: 0.26300987110632223 and parameters: {'window_influence': 0.3252474949650482, 'penalty_k': 0.06757211691040226, 'scale_lr': 0.3266701107832414}. Best is trial 1199 with value: 0.2814603819837415.
checkpoint_e22 window_influence: 0.30483296586318698, penalty_k: 0.19517562689210985, scale_lr: 0.44014422770265427, EAO: 0.258
Trial 1251 finished with value: 0.25793113547369717 and parameters: {'window_influence': 0.304832965863187, 'penalty_k': 0.19517562689210985, 'scale_lr': 0.44014422770265427}. Best is trial 1199 with value: 0.2814603819837415.
checkpoint_e22 window_influence: 0.35209045336388317, penalty_k: 0.22525505553758293, scale_lr: 0.30104823748868026, EAO: 0.269
Trial 1252 finished with value: 0.2691678969961841 and parameters: {'window_influence': 0.35209045336388317, 'penalty_k': 0.22525505553758293, 'scale_lr': 0.30104823748868026}. Best is trial 1199 with value: 0.2814603819837415.
checkpoint_e22 window_influence: 0.52838644123835909, penalty_k: 0.08417342543379427, scale_lr: 0.11173744217821421, EAO: 0.239
Trial 1253 finished with value: 0.23918468317365257 and parameters: {'window_influence': 0.5283864412383591, 'penalty_k': 0.08417342543379427, 'scale_lr': 0.11173744217821421}. Best is trial 1199 with value: 0.2814603819837415.
checkpoint_e22 window_influence: 0.27906524506791930, penalty_k: 0.20343087727018089, scale_lr: 0.49784047214215693, EAO: 0.268
Trial 1254 finished with value: 0.2679812708278982 and parameters: {'window_influence': 0.2790652450679193, 'penalty_k': 0.2034308772701809, 'scale_lr': 0.49784047214215693}. Best is trial 1199 with value: 0.2814603819837415.
checkpoint_e22 window_influence: 0.33985110933619311, penalty_k: 0.29745330996613872, scale_lr: 0.44913162225288461, EAO: 0.250
Trial 1255 finished with value: 0.25006589051184613 and parameters: {'window_influence': 0.3398511093361931, 'penalty_k': 0.2974533099661387, 'scale_lr': 0.4491316222528846}. Best is trial 1199 with value: 0.2814603819837415.
checkpoint_e22 window_influence: 0.29286749659897654, penalty_k: 0.33980554808010033, scale_lr: 0.31619316625273686, EAO: 0.256
Trial 1256 finished with value: 0.2562188573363351 and parameters: {'window_influence': 0.29286749659897654, 'penalty_k': 0.33980554808010033, 'scale_lr': 0.31619316625273686}. Best is trial 1199 with value: 0.2814603819837415.
checkpoint_e22 window_influence: 0.35783981969495465, penalty_k: 0.18235235226151492, scale_lr: 0.28909362692519242, EAO: 0.258
Trial 1257 finished with value: 0.25824598998315934 and parameters: {'window_influence': 0.35783981969495465, 'penalty_k': 0.18235235226151492, 'scale_lr': 0.2890936269251924}. Best is trial 1199 with value: 0.2814603819837415.
checkpoint_e22 window_influence: 0.06549714866065548, penalty_k: 0.06200512946270584, scale_lr: 0.40883048087835339, EAO: 0.234
Trial 1258 finished with value: 0.2338121349855167 and parameters: {'window_influence': 0.06549714866065548, 'penalty_k': 0.06200512946270584, 'scale_lr': 0.4088304808783534}. Best is trial 1199 with value: 0.2814603819837415.
checkpoint_e22 window_influence: 0.62396931002804756, penalty_k: 0.21044787795233355, scale_lr: 0.48970328436691113, EAO: 0.209
Trial 1259 finished with value: 0.20915573490102116 and parameters: {'window_influence': 0.6239693100280476, 'penalty_k': 0.21044787795233355, 'scale_lr': 0.48970328436691113}. Best is trial 1199 with value: 0.2814603819837415.
checkpoint_e22 window_influence: 0.27205804623518204, penalty_k: 0.25143191847638541, scale_lr: 0.51224497942025449, EAO: 0.249
Trial 1260 finished with value: 0.24943500478577807 and parameters: {'window_influence': 0.27205804623518204, 'penalty_k': 0.2514319184763854, 'scale_lr': 0.5122449794202545}. Best is trial 1199 with value: 0.2814603819837415.
checkpoint_e22 window_influence: 0.31832204945875037, penalty_k: 0.16848871393809414, scale_lr: 0.22118865107075530, EAO: 0.256
Trial 1261 finished with value: 0.25577893483687225 and parameters: {'window_influence': 0.31832204945875037, 'penalty_k': 0.16848871393809414, 'scale_lr': 0.2211886510707553}. Best is trial 1199 with value: 0.2814603819837415.
checkpoint_e22 window_influence: 0.48927192520262780, penalty_k: 0.15485290341496979, scale_lr: 0.39383861985395152, EAO: 0.261
Trial 1262 finished with value: 0.2605181949410012 and parameters: {'window_influence': 0.4892719252026278, 'penalty_k': 0.1548529034149698, 'scale_lr': 0.3938386198539515}. Best is trial 1199 with value: 0.2814603819837415.
checkpoint_e22 window_influence: 0.33165099166508066, penalty_k: 0.23803886173830563, scale_lr: 0.20118246780544996, EAO: 0.268
Trial 1263 finished with value: 0.2675776233275731 and parameters: {'window_influence': 0.33165099166508066, 'penalty_k': 0.23803886173830563, 'scale_lr': 0.20118246780544996}. Best is trial 1199 with value: 0.2814603819837415.
checkpoint_e22 window_influence: 0.24142158423541479, penalty_k: 0.18848445710325396, scale_lr: 0.45899779694424536, EAO: 0.262
Trial 1264 finished with value: 0.26221385313485696 and parameters: {'window_influence': 0.2414215842354148, 'penalty_k': 0.18848445710325396, 'scale_lr': 0.45899779694424536}. Best is trial 1199 with value: 0.2814603819837415.
checkpoint_e22 window_influence: 0.25592217489685654, penalty_k: 0.28215745714812557, scale_lr: 0.52849376669179471, EAO: 0.253
Trial 1265 finished with value: 0.25294017398018176 and parameters: {'window_influence': 0.25592217489685654, 'penalty_k': 0.28215745714812557, 'scale_lr': 0.5284937666917947}. Best is trial 1199 with value: 0.2814603819837415.
checkpoint_e22 window_influence: 0.50956644656853567, penalty_k: 0.08043128326287596, scale_lr: 0.27542888858181536, EAO: 0.239
Trial 1266 finished with value: 0.23884667044248037 and parameters: {'window_influence': 0.5095664465685357, 'penalty_k': 0.08043128326287596, 'scale_lr': 0.27542888858181536}. Best is trial 1199 with value: 0.2814603819837415.
checkpoint_e22 window_influence: 0.36288249442158432, penalty_k: 0.05537716466680838, scale_lr: 0.33977543586718129, EAO: 0.254
Trial 1267 finished with value: 0.2543701734848139 and parameters: {'window_influence': 0.3628824944215843, 'penalty_k': 0.05537716466680838, 'scale_lr': 0.3397754358671813}. Best is trial 1199 with value: 0.2814603819837415.
checkpoint_e22 window_influence: 0.45093386621462161, penalty_k: 0.21739255667190824, scale_lr: 0.14433239087214142, EAO: 0.259
Trial 1268 finished with value: 0.25939846583982795 and parameters: {'window_influence': 0.4509338662146216, 'penalty_k': 0.21739255667190824, 'scale_lr': 0.14433239087214142}. Best is trial 1199 with value: 0.2814603819837415.
checkpoint_e22 window_influence: 0.38165539544246740, penalty_k: 0.13763774674558149, scale_lr: 0.38101797793700481, EAO: 0.257
Trial 1269 finished with value: 0.2571019622368541 and parameters: {'window_influence': 0.3816553954424674, 'penalty_k': 0.1376377467455815, 'scale_lr': 0.3810179779370048}. Best is trial 1199 with value: 0.2814603819837415.
checkpoint_e22 window_influence: 0.40042326061754824, penalty_k: 0.55662034914220770, scale_lr: 0.23272900237361235, EAO: 0.239
Trial 1270 finished with value: 0.238538845343803 and parameters: {'window_influence': 0.40042326061754824, 'penalty_k': 0.5566203491422077, 'scale_lr': 0.23272900237361235}. Best is trial 1199 with value: 0.2814603819837415.
checkpoint_e22 window_influence: 0.30231716886865162, penalty_k: 0.22769436625137751, scale_lr: 0.47292403512503900, EAO: 0.254
Trial 1271 finished with value: 0.2541660467177872 and parameters: {'window_influence': 0.3023171688686516, 'penalty_k': 0.2276943662513775, 'scale_lr': 0.472924035125039}. Best is trial 1199 with value: 0.2814603819837415.
checkpoint_e22 window_influence: 0.41002720980459950, penalty_k: 0.19997804706440261, scale_lr: 0.11934077598709089, EAO: 0.251
Trial 1272 finished with value: 0.25105350052680425 and parameters: {'window_influence': 0.4100272098045995, 'penalty_k': 0.19997804706440261, 'scale_lr': 0.11934077598709089}. Best is trial 1199 with value: 0.2814603819837415.
checkpoint_e22 window_influence: 0.43561652331805689, penalty_k: 0.41251011501002161, scale_lr: 0.50842256300659550, EAO: 0.244
Trial 1273 finished with value: 0.24416269422546635 and parameters: {'window_influence': 0.4356165233180569, 'penalty_k': 0.4125101150100216, 'scale_lr': 0.5084225630065955}. Best is trial 1199 with value: 0.2814603819837415.
checkpoint_e22 window_influence: 0.11998420979068464, penalty_k: 0.16242058761814560, scale_lr: 0.42551218223769327, EAO: 0.240
Trial 1274 finished with value: 0.2404702428758629 and parameters: {'window_influence': 0.11998420979068464, 'penalty_k': 0.1624205876181456, 'scale_lr': 0.42551218223769327}. Best is trial 1199 with value: 0.2814603819837415.
checkpoint_e22 window_influence: 0.34920681226525951, penalty_k: 0.56354225587948870, scale_lr: 0.49439886387936616, EAO: 0.246
Trial 1275 finished with value: 0.24630911914798304 and parameters: {'window_influence': 0.3492068122652595, 'penalty_k': 0.5635422558794887, 'scale_lr': 0.49439886387936616}. Best is trial 1199 with value: 0.2814603819837415.
checkpoint_e22 window_influence: 0.38225361880276215, penalty_k: 0.26345209093815036, scale_lr: 0.34946163740949343, EAO: 0.244
Trial 1276 finished with value: 0.24437015225005343 and parameters: {'window_influence': 0.38225361880276215, 'penalty_k': 0.26345209093815036, 'scale_lr': 0.34946163740949343}. Best is trial 1199 with value: 0.2814603819837415.
checkpoint_e22 window_influence: 0.31468672912894369, penalty_k: 0.31628412568615866, scale_lr: 0.12993350847795568, EAO: 0.265
Trial 1277 finished with value: 0.26543757089269837 and parameters: {'window_influence': 0.3146867291289437, 'penalty_k': 0.31628412568615866, 'scale_lr': 0.12993350847795568}. Best is trial 1199 with value: 0.2814603819837415.
checkpoint_e22 window_influence: 0.36675211033506838, penalty_k: 0.20769548253964151, scale_lr: 0.15373933561870670, EAO: 0.256
Trial 1278 finished with value: 0.25599161777796786 and parameters: {'window_influence': 0.3667521103350684, 'penalty_k': 0.2076954825396415, 'scale_lr': 0.1537393356187067}. Best is trial 1199 with value: 0.2814603819837415.
checkpoint_e22 window_influence: 0.28528837643071719, penalty_k: 0.09561524130701021, scale_lr: 0.47953330620187506, EAO: 0.266
Trial 1279 finished with value: 0.265764222639363 and parameters: {'window_influence': 0.2852883764307172, 'penalty_k': 0.09561524130701021, 'scale_lr': 0.47953330620187506}. Best is trial 1199 with value: 0.2814603819837415.
checkpoint_e22 window_influence: 0.39194649244594781, penalty_k: 0.17744665754720307, scale_lr: 0.44846379596574759, EAO: 0.249
Trial 1280 finished with value: 0.24881924822078488 and parameters: {'window_influence': 0.3919464924459478, 'penalty_k': 0.17744665754720307, 'scale_lr': 0.4484637959657476}. Best is trial 1199 with value: 0.2814603819837415.
checkpoint_e22 window_influence: 0.37807378398046942, penalty_k: 0.19125137875355080, scale_lr: 0.28289065882353215, EAO: 0.248
Trial 1281 finished with value: 0.2477858752254548 and parameters: {'window_influence': 0.3780737839804694, 'penalty_k': 0.1912513787535508, 'scale_lr': 0.28289065882353215}. Best is trial 1199 with value: 0.2814603819837415.
checkpoint_e22 window_influence: 0.55587636726574963, penalty_k: 0.34300917284810473, scale_lr: 0.46456055562509074, EAO: 0.225
Trial 1282 finished with value: 0.22491306127086888 and parameters: {'window_influence': 0.5558763672657496, 'penalty_k': 0.3430091728481047, 'scale_lr': 0.46456055562509074}. Best is trial 1199 with value: 0.2814603819837415.
checkpoint_e22 window_influence: 0.26614236855293566, penalty_k: 0.24286807370799018, scale_lr: 0.18522343624594051, EAO: 0.260
Trial 1283 finished with value: 0.25978034189561516 and parameters: {'window_influence': 0.26614236855293566, 'penalty_k': 0.24286807370799018, 'scale_lr': 0.1852234362459405}. Best is trial 1199 with value: 0.2814603819837415.
checkpoint_e22 window_influence: 0.53126283223260051, penalty_k: 0.06432038134045637, scale_lr: 0.31052549293518372, EAO: 0.238
Trial 1284 finished with value: 0.23771372976584162 and parameters: {'window_influence': 0.5312628322326005, 'penalty_k': 0.06432038134045637, 'scale_lr': 0.3105254929351837}. Best is trial 1199 with value: 0.2814603819837415.
checkpoint_e22 window_influence: 0.18018661460559335, penalty_k: 0.21938806183393575, scale_lr: 0.16913044900601212, EAO: 0.233
Trial 1285 finished with value: 0.23260430773583854 and parameters: {'window_influence': 0.18018661460559335, 'penalty_k': 0.21938806183393575, 'scale_lr': 0.16913044900601212}. Best is trial 1199 with value: 0.2814603819837415.
checkpoint_e22 window_influence: 0.61243556028650370, penalty_k: 0.04723217100524853, scale_lr: 0.10706799019001266, EAO: 0.216
Trial 1286 finished with value: 0.21552478207078407 and parameters: {'window_influence': 0.6124355602865037, 'penalty_k': 0.047232171005248534, 'scale_lr': 0.10706799019001266}. Best is trial 1199 with value: 0.2814603819837415.
checkpoint_e22 window_influence: 0.41943882570049612, penalty_k: 0.25537786926847234, scale_lr: 0.20855441202747244, EAO: 0.245
Trial 1287 finished with value: 0.24508216456184542 and parameters: {'window_influence': 0.4194388257004961, 'penalty_k': 0.25537786926847234, 'scale_lr': 0.20855441202747244}. Best is trial 1199 with value: 0.2814603819837415.
checkpoint_e22 window_influence: 0.35988574744789803, penalty_k: 0.07763886322163625, scale_lr: 0.36187336314926916, EAO: 0.268
Trial 1288 finished with value: 0.2680285210168459 and parameters: {'window_influence': 0.35988574744789803, 'penalty_k': 0.07763886322163625, 'scale_lr': 0.36187336314926916}. Best is trial 1199 with value: 0.2814603819837415.
checkpoint_e22 window_influence: 0.59952507456802306, penalty_k: 0.20655446757270540, scale_lr: 0.25971581038064140, EAO: 0.213
Trial 1289 finished with value: 0.21307035244819594 and parameters: {'window_influence': 0.5995250745680231, 'penalty_k': 0.2065544675727054, 'scale_lr': 0.2597158103806414}. Best is trial 1199 with value: 0.2814603819837415.
checkpoint_e22 window_influence: 0.23120540381548293, penalty_k: 0.29573158362594038, scale_lr: 0.52904497645197412, EAO: 0.253
Trial 1290 finished with value: 0.25262206386986785 and parameters: {'window_influence': 0.23120540381548293, 'penalty_k': 0.2957315836259404, 'scale_lr': 0.5290449764519741}. Best is trial 1199 with value: 0.2814603819837415.
checkpoint_e22 window_influence: 0.17291589703339755, penalty_k: 0.11856160354089686, scale_lr: 0.37476315438602237, EAO: 0.241
Trial 1291 finished with value: 0.24119172657166071 and parameters: {'window_influence': 0.17291589703339755, 'penalty_k': 0.11856160354089686, 'scale_lr': 0.37476315438602237}. Best is trial 1199 with value: 0.2814603819837415.
checkpoint_e22 window_influence: 0.56480853322844249, penalty_k: 0.27877048019809503, scale_lr: 0.13605697846364187, EAO: 0.231
Trial 1292 finished with value: 0.23134015651980067 and parameters: {'window_influence': 0.5648085332284425, 'penalty_k': 0.278770480198095, 'scale_lr': 0.13605697846364187}. Best is trial 1199 with value: 0.2814603819837415.
checkpoint_e22 window_influence: 0.39771202774863013, penalty_k: 0.42867253002555328, scale_lr: 0.32625796552780062, EAO: 0.243
Trial 1293 finished with value: 0.2428018321109012 and parameters: {'window_influence': 0.3977120277486301, 'penalty_k': 0.4286725300255533, 'scale_lr': 0.3262579655278006}. Best is trial 1199 with value: 0.2814603819837415.
checkpoint_e22 window_influence: 0.33096200295489175, penalty_k: 0.17596781341937109, scale_lr: 0.14652826087265744, EAO: 0.257
Trial 1294 finished with value: 0.25697049583361403 and parameters: {'window_influence': 0.33096200295489175, 'penalty_k': 0.1759678134193711, 'scale_lr': 0.14652826087265744}. Best is trial 1199 with value: 0.2814603819837415.
checkpoint_e22 window_influence: 0.34427644068088042, penalty_k: 0.22866219732267437, scale_lr: 0.51547063888711675, EAO: 0.248
Trial 1295 finished with value: 0.247932370116071 and parameters: {'window_influence': 0.3442764406808804, 'penalty_k': 0.22866219732267437, 'scale_lr': 0.5154706388871167}. Best is trial 1199 with value: 0.2814603819837415.
checkpoint_e22 window_influence: 0.29042921304494224, penalty_k: 0.30447819282240896, scale_lr: 0.43512206647052976, EAO: 0.264
Trial 1296 finished with value: 0.26361960299858234 and parameters: {'window_influence': 0.29042921304494224, 'penalty_k': 0.30447819282240896, 'scale_lr': 0.43512206647052976}. Best is trial 1199 with value: 0.2814603819837415.
checkpoint_e22 window_influence: 0.37194917436596936, penalty_k: 0.35770163791792270, scale_lr: 0.54452425637062185, EAO: 0.249
Trial 1297 finished with value: 0.2490696002676235 and parameters: {'window_influence': 0.37194917436596936, 'penalty_k': 0.3577016379179227, 'scale_lr': 0.5445242563706219}. Best is trial 1199 with value: 0.2814603819837415.
checkpoint_e22 window_influence: 0.12464536058375797, penalty_k: 0.58179112439131930, scale_lr: 0.48630989047574935, EAO: 0.223
