Trial 1724 finished with value: 0.26294804527992155 and parameters: {'window_influence': 0.4507098347577306, 'penalty_k': 0.15451043703917564, 'scale_lr': 0.6610983617083586}. Best is trial 1594 with value: 0.29992623191054274.
checkpoint_e32 window_influence: 0.42317077058418689, penalty_k: 0.22565300042008288, scale_lr: 0.14035608781069381, EAO: 0.267
Trial 1725 finished with value: 0.2670538231003575 and parameters: {'window_influence': 0.4231707705841869, 'penalty_k': 0.22565300042008288, 'scale_lr': 0.1403560878106938}. Best is trial 1594 with value: 0.29992623191054274.
checkpoint_e32 window_influence: 0.55786599656276337, penalty_k: 0.12255286695139661, scale_lr: 0.15057009234272298, EAO: 0.241
Trial 1726 finished with value: 0.24072966452051953 and parameters: {'window_influence': 0.5578659965627634, 'penalty_k': 0.12255286695139661, 'scale_lr': 0.15057009234272298}. Best is trial 1594 with value: 0.29992623191054274.
checkpoint_e32 window_influence: 0.38755258160171741, penalty_k: 0.32219854246684698, scale_lr: 0.11420548286996018, EAO: 0.275
Trial 1727 finished with value: 0.27469368503103414 and parameters: {'window_influence': 0.3875525816017174, 'penalty_k': 0.322198542466847, 'scale_lr': 0.11420548286996018}. Best is trial 1594 with value: 0.29992623191054274.
checkpoint_e32 window_influence: 0.05260914740017769, penalty_k: 0.19959616196762631, scale_lr: 0.76752458381991262, EAO: 0.230
Trial 1728 finished with value: 0.2304586855376639 and parameters: {'window_influence': 0.05260914740017769, 'penalty_k': 0.1995961619676263, 'scale_lr': 0.7675245838199126}. Best is trial 1594 with value: 0.29992623191054274.
checkpoint_e32 window_influence: 0.43026085841172440, penalty_k: 0.10980119634423699, scale_lr: 0.25249562738753045, EAO: 0.267
Trial 1729 finished with value: 0.2671166732907295 and parameters: {'window_influence': 0.4302608584117244, 'penalty_k': 0.10980119634423699, 'scale_lr': 0.25249562738753045}. Best is trial 1594 with value: 0.29992623191054274.
checkpoint_e32 window_influence: 0.54071623763684029, penalty_k: 0.07794498764811818, scale_lr: 0.29811118816987531, EAO: 0.254
Trial 1730 finished with value: 0.2535746176916409 and parameters: {'window_influence': 0.5407162376368403, 'penalty_k': 0.07794498764811818, 'scale_lr': 0.2981111881698753}. Best is trial 1594 with value: 0.29992623191054274.
checkpoint_e32 window_influence: 0.40741966820511805, penalty_k: 0.13809149260848155, scale_lr: 0.13189198490864568, EAO: 0.275
Trial 1731 finished with value: 0.27548963721932435 and parameters: {'window_influence': 0.40741966820511805, 'penalty_k': 0.13809149260848155, 'scale_lr': 0.13189198490864568}. Best is trial 1594 with value: 0.29992623191054274.
checkpoint_e32 window_influence: 0.43829658511325292, penalty_k: 0.03725041211675864, scale_lr: 0.12271102613386173, EAO: 0.274
Trial 1732 finished with value: 0.2735494878597376 and parameters: {'window_influence': 0.4382965851132529, 'penalty_k': 0.03725041211675864, 'scale_lr': 0.12271102613386173}. Best is trial 1594 with value: 0.29992623191054274.
checkpoint_e32 window_influence: 0.41630514808637187, penalty_k: 0.17277946729167890, scale_lr: 0.16663267133219850, EAO: 0.281
Trial 1733 finished with value: 0.2812946194676849 and parameters: {'window_influence': 0.41630514808637187, 'penalty_k': 0.1727794672916789, 'scale_lr': 0.1666326713321985}. Best is trial 1594 with value: 0.29992623191054274.
checkpoint_e32 window_influence: 0.50538068389727353, penalty_k: 0.14968198788378370, scale_lr: 0.11223846658698480, EAO: 0.264
Trial 1734 finished with value: 0.2644448116179404 and parameters: {'window_influence': 0.5053806838972735, 'penalty_k': 0.1496819878837837, 'scale_lr': 0.1122384665869848}. Best is trial 1594 with value: 0.29992623191054274.
checkpoint_e32 window_influence: 0.39917229507581192, penalty_k: 0.08857774868869152, scale_lr: 0.10005535470882242, EAO: 0.267
Trial 1735 finished with value: 0.2670592592983711 and parameters: {'window_influence': 0.3991722950758119, 'penalty_k': 0.08857774868869152, 'scale_lr': 0.10005535470882242}. Best is trial 1594 with value: 0.29992623191054274.
checkpoint_e32 window_influence: 0.37075330527690026, penalty_k: 0.18939820427490114, scale_lr: 0.14392131684473369, EAO: 0.264
Trial 1736 finished with value: 0.2642998468827426 and parameters: {'window_influence': 0.37075330527690026, 'penalty_k': 0.18939820427490114, 'scale_lr': 0.1439213168447337}. Best is trial 1594 with value: 0.29992623191054274.
checkpoint_e32 window_influence: 0.38283537702408177, penalty_k: 0.13277299490774219, scale_lr: 0.60958003285053375, EAO: 0.260
Trial 1737 finished with value: 0.2598489404209261 and parameters: {'window_influence': 0.38283537702408177, 'penalty_k': 0.1327729949077422, 'scale_lr': 0.6095800328505337}. Best is trial 1594 with value: 0.29992623191054274.
checkpoint_e32 window_influence: 0.46365178183751199, penalty_k: 0.16108101114469697, scale_lr: 0.58715465060881322, EAO: 0.260
Trial 1738 finished with value: 0.2596679917438243 and parameters: {'window_influence': 0.463651781837512, 'penalty_k': 0.16108101114469697, 'scale_lr': 0.5871546506088132}. Best is trial 1594 with value: 0.29992623191054274.
checkpoint_e32 window_influence: 0.41645727116911180, penalty_k: 0.11473094159726019, scale_lr: 0.19556127937101664, EAO: 0.275
Trial 1739 finished with value: 0.275291656878421 and parameters: {'window_influence': 0.4164572711691118, 'penalty_k': 0.11473094159726019, 'scale_lr': 0.19556127937101664}. Best is trial 1594 with value: 0.29992623191054274.
checkpoint_e32 window_influence: 0.44522156066391921, penalty_k: 0.10154787813092050, scale_lr: 0.50128106018902063, EAO: 0.260
Trial 1740 finished with value: 0.26005379776886806 and parameters: {'window_influence': 0.4452215606639192, 'penalty_k': 0.1015478781309205, 'scale_lr': 0.5012810601890206}. Best is trial 1594 with value: 0.29992623191054274.
checkpoint_e32 window_influence: 0.58789433071674435, penalty_k: 0.44625378967875884, scale_lr: 0.13764090431820294, EAO: 0.221
Trial 1741 finished with value: 0.22068091621243857 and parameters: {'window_influence': 0.5878943307167444, 'penalty_k': 0.44625378967875884, 'scale_lr': 0.13764090431820294}. Best is trial 1594 with value: 0.29992623191054274.
checkpoint_e32 window_influence: 0.39525298729754305, penalty_k: 0.43693274024420603, scale_lr: 0.33790494219600781, EAO: 0.266
Trial 1742 finished with value: 0.26632514414263936 and parameters: {'window_influence': 0.39525298729754305, 'penalty_k': 0.43693274024420603, 'scale_lr': 0.3379049421960078}. Best is trial 1594 with value: 0.29992623191054274.
checkpoint_e32 window_influence: 0.42885368299004983, penalty_k: 0.30046129575024560, scale_lr: 0.15750338706672770, EAO: 0.261
Trial 1743 finished with value: 0.26140073147731097 and parameters: {'window_influence': 0.42885368299004983, 'penalty_k': 0.3004612957502456, 'scale_lr': 0.1575033870667277}. Best is trial 1594 with value: 0.29992623191054274.
checkpoint_e32 window_influence: 0.50938867335928895, penalty_k: 0.14600843842273953, scale_lr: 0.51734629381499531, EAO: 0.251
Trial 1744 finished with value: 0.25067356150082454 and parameters: {'window_influence': 0.509388673359289, 'penalty_k': 0.14600843842273953, 'scale_lr': 0.5173462938149953}. Best is trial 1594 with value: 0.29992623191054274.
checkpoint_e32 window_influence: 0.40777082583243029, penalty_k: 0.28545072831089552, scale_lr: 0.12466099244553010, EAO: 0.270
Trial 1745 finished with value: 0.26999303395670604 and parameters: {'window_influence': 0.4077708258324303, 'penalty_k': 0.2854507283108955, 'scale_lr': 0.1246609924455301}. Best is trial 1594 with value: 0.29992623191054274.
checkpoint_e32 window_influence: 0.36712762727926918, penalty_k: 0.17361201155102216, scale_lr: 0.11196873251616084, EAO: 0.285
Trial 1746 finished with value: 0.28538310315793125 and parameters: {'window_influence': 0.3671276272792692, 'penalty_k': 0.17361201155102216, 'scale_lr': 0.11196873251616084}. Best is trial 1594 with value: 0.29992623191054274.
checkpoint_e32 window_influence: 0.36547900399473582, penalty_k: 0.18182199199175558, scale_lr: 0.11003136703965906, EAO: 0.275
Trial 1747 finished with value: 0.2753684789669223 and parameters: {'window_influence': 0.3654790039947358, 'penalty_k': 0.18182199199175558, 'scale_lr': 0.11003136703965906}. Best is trial 1594 with value: 0.29992623191054274.
checkpoint_e32 window_influence: 0.35416528381489520, penalty_k: 0.19840093880370430, scale_lr: 0.11095597313306380, EAO: 0.264
Trial 1748 finished with value: 0.2641530458520098 and parameters: {'window_influence': 0.3541652838148952, 'penalty_k': 0.1984009388037043, 'scale_lr': 0.1109559731330638}. Best is trial 1594 with value: 0.29992623191054274.
checkpoint_e32 window_influence: 0.35853719843168930, penalty_k: 0.21162552694007458, scale_lr: 0.10024541498601705, EAO: 0.271
Trial 1749 finished with value: 0.27059867996268155 and parameters: {'window_influence': 0.3585371984316893, 'penalty_k': 0.21162552694007458, 'scale_lr': 0.10024541498601705}. Best is trial 1594 with value: 0.29992623191054274.
checkpoint_e32 window_influence: 0.36812095499024189, penalty_k: 0.17715422219633215, scale_lr: 0.41424154780240696, EAO: 0.264
Trial 1750 finished with value: 0.26415656034539386 and parameters: {'window_influence': 0.3681209549902419, 'penalty_k': 0.17715422219633215, 'scale_lr': 0.41424154780240696}. Best is trial 1594 with value: 0.29992623191054274.
checkpoint_e32 window_influence: 0.37148990248643626, penalty_k: 0.53137546860684060, scale_lr: 0.12138275191481929, EAO: 0.257
Trial 1751 finished with value: 0.2570286442230387 and parameters: {'window_influence': 0.37148990248643626, 'penalty_k': 0.5313754686068406, 'scale_lr': 0.12138275191481929}. Best is trial 1594 with value: 0.29992623191054274.
checkpoint_e32 window_influence: 0.16045630275280354, penalty_k: 0.17115340686273087, scale_lr: 0.11328908298165929, EAO: 0.251
Trial 1752 finished with value: 0.25086786404130906 and parameters: {'window_influence': 0.16045630275280354, 'penalty_k': 0.17115340686273087, 'scale_lr': 0.1132890829816593}. Best is trial 1594 with value: 0.29992623191054274.
checkpoint_e32 window_influence: 0.11732985870281415, penalty_k: 0.18190770845191373, scale_lr: 0.12603660199512781, EAO: 0.243
Trial 1753 finished with value: 0.24336173452012907 and parameters: {'window_influence': 0.11732985870281415, 'penalty_k': 0.18190770845191373, 'scale_lr': 0.1260366019951278}. Best is trial 1594 with value: 0.29992623191054274.
checkpoint_e32 window_influence: 0.34517888256132656, penalty_k: 0.42721488510081207, scale_lr: 0.13089745491396265, EAO: 0.251
Trial 1754 finished with value: 0.2514564325896705 and parameters: {'window_influence': 0.34517888256132656, 'penalty_k': 0.42721488510081207, 'scale_lr': 0.13089745491396265}. Best is trial 1594 with value: 0.29992623191054274.
checkpoint_e32 window_influence: 0.35080310565779754, penalty_k: 0.50937765703464699, scale_lr: 0.53720250082494014, EAO: 0.270
Trial 1755 finished with value: 0.2697946189986012 and parameters: {'window_influence': 0.35080310565779754, 'penalty_k': 0.509377657034647, 'scale_lr': 0.5372025008249401}. Best is trial 1594 with value: 0.29992623191054274.
checkpoint_e32 window_influence: 0.10646842725937122, penalty_k: 0.37289026173460649, scale_lr: 0.11122767572168296, EAO: 0.230
Trial 1756 finished with value: 0.22950819286146784 and parameters: {'window_influence': 0.10646842725937122, 'penalty_k': 0.3728902617346065, 'scale_lr': 0.11122767572168296}. Best is trial 1594 with value: 0.29992623191054274.
checkpoint_e32 window_influence: 0.24736153864537075, penalty_k: 0.19260099448213003, scale_lr: 0.67264774760932278, EAO: 0.266
Trial 1757 finished with value: 0.2662696389526856 and parameters: {'window_influence': 0.24736153864537075, 'penalty_k': 0.19260099448213003, 'scale_lr': 0.6726477476093228}. Best is trial 1594 with value: 0.29992623191054274.
checkpoint_e32 window_influence: 0.57661435663807348, penalty_k: 0.05633300130582873, scale_lr: 0.47027253709273997, EAO: 0.239
Trial 1758 finished with value: 0.23912548837138387 and parameters: {'window_influence': 0.5766143566380735, 'penalty_k': 0.05633300130582873, 'scale_lr': 0.47027253709274}. Best is trial 1594 with value: 0.29992623191054274.
checkpoint_e32 window_influence: 0.37491418636267676, penalty_k: 0.21983616990628452, scale_lr: 0.10000168447231182, EAO: 0.269
Trial 1759 finished with value: 0.26880907309733754 and parameters: {'window_influence': 0.37491418636267676, 'penalty_k': 0.21983616990628452, 'scale_lr': 0.10000168447231182}. Best is trial 1594 with value: 0.29992623191054274.
checkpoint_e32 window_influence: 0.46778645745854081, penalty_k: 0.27610555015032107, scale_lr: 0.12109277027146470, EAO: 0.258
Trial 1760 finished with value: 0.2584276029734108 and parameters: {'window_influence': 0.4677864574585408, 'penalty_k': 0.27610555015032107, 'scale_lr': 0.1210927702714647}. Best is trial 1594 with value: 0.29992623191054274.
checkpoint_e32 window_influence: 0.45269467104945582, penalty_k: 0.16633947121847320, scale_lr: 0.13459774754957668, EAO: 0.282
Trial 1761 finished with value: 0.28249245494361813 and parameters: {'window_influence': 0.4526946710494558, 'penalty_k': 0.1663394712184732, 'scale_lr': 0.13459774754957668}. Best is trial 1594 with value: 0.29992623191054274.
checkpoint_e32 window_influence: 0.47141801106775638, penalty_k: 0.16887277675587217, scale_lr: 0.13268719510292878, EAO: 0.273
Trial 1762 finished with value: 0.2725694438790887 and parameters: {'window_influence': 0.4714180110677564, 'penalty_k': 0.16887277675587217, 'scale_lr': 0.13268719510292878}. Best is trial 1594 with value: 0.29992623191054274.
checkpoint_e32 window_influence: 0.44303544195751177, penalty_k: 0.16513013609493041, scale_lr: 0.13709785417224726, EAO: 0.274
Trial 1763 finished with value: 0.2735134395278566 and parameters: {'window_influence': 0.44303544195751177, 'penalty_k': 0.1651301360949304, 'scale_lr': 0.13709785417224726}. Best is trial 1594 with value: 0.29992623191054274.
checkpoint_e32 window_influence: 0.45133513490184296, penalty_k: 0.18024601249135064, scale_lr: 0.14579600853463812, EAO: 0.273
Trial 1764 finished with value: 0.2727693687609541 and parameters: {'window_influence': 0.45133513490184296, 'penalty_k': 0.18024601249135064, 'scale_lr': 0.14579600853463812}. Best is trial 1594 with value: 0.29992623191054274.
checkpoint_e32 window_influence: 0.45507995300538984, penalty_k: 0.15819027797073709, scale_lr: 0.12198000161685917, EAO: 0.273
Trial 1765 finished with value: 0.27298592333871174 and parameters: {'window_influence': 0.45507995300538984, 'penalty_k': 0.1581902779707371, 'scale_lr': 0.12198000161685917}. Best is trial 1594 with value: 0.29992623191054274.
checkpoint_e32 window_influence: 0.52504791648734050, penalty_k: 0.16930006779200926, scale_lr: 0.11321144390349933, EAO: 0.258
Trial 1766 finished with value: 0.25844154494807003 and parameters: {'window_influence': 0.5250479164873405, 'penalty_k': 0.16930006779200926, 'scale_lr': 0.11321144390349933}. Best is trial 1594 with value: 0.29992623191054274.
checkpoint_e32 window_influence: 0.46246026291661180, penalty_k: 0.15892745382659446, scale_lr: 0.13478492285525628, EAO: 0.272
Trial 1767 finished with value: 0.27184213431385473 and parameters: {'window_influence': 0.4624602629166118, 'penalty_k': 0.15892745382659446, 'scale_lr': 0.13478492285525628}. Best is trial 1594 with value: 0.29992623191054274.
checkpoint_e32 window_influence: 0.48706858216698212, penalty_k: 0.17005020362076501, scale_lr: 0.14483247570035090, EAO: 0.268
Trial 1768 finished with value: 0.2680737150878441 and parameters: {'window_influence': 0.4870685821669821, 'penalty_k': 0.170050203620765, 'scale_lr': 0.1448324757003509}. Best is trial 1594 with value: 0.29992623191054274.
checkpoint_e32 window_influence: 0.46787301220545685, penalty_k: 0.18756036533345183, scale_lr: 0.12427644022951417, EAO: 0.274
Trial 1769 finished with value: 0.27442553863535085 and parameters: {'window_influence': 0.46787301220545685, 'penalty_k': 0.18756036533345183, 'scale_lr': 0.12427644022951417}. Best is trial 1594 with value: 0.29992623191054274.
checkpoint_e32 window_influence: 0.53422845722744494, penalty_k: 0.15402999393617933, scale_lr: 0.71126748431627396, EAO: 0.244
Trial 1770 finished with value: 0.24396066718954382 and parameters: {'window_influence': 0.5342284572274449, 'penalty_k': 0.15402999393617933, 'scale_lr': 0.711267484316274}. Best is trial 1594 with value: 0.29992623191054274.
checkpoint_e32 window_influence: 0.44776916244871279, penalty_k: 0.19009531805735466, scale_lr: 0.10940847220239099, EAO: 0.268
Trial 1771 finished with value: 0.2683786820711159 and parameters: {'window_influence': 0.4477691624487128, 'penalty_k': 0.19009531805735466, 'scale_lr': 0.10940847220239099}. Best is trial 1594 with value: 0.29992623191054274.
checkpoint_e32 window_influence: 0.45677660947126086, penalty_k: 0.07162165910476852, scale_lr: 0.13475295318070998, EAO: 0.269
Trial 1772 finished with value: 0.2685291291615827 and parameters: {'window_influence': 0.45677660947126086, 'penalty_k': 0.07162165910476852, 'scale_lr': 0.13475295318070998}. Best is trial 1594 with value: 0.29992623191054274.
checkpoint_e32 window_influence: 0.43857372148536294, penalty_k: 0.02189227461198566, scale_lr: 0.35192318648428456, EAO: 0.259
Trial 1773 finished with value: 0.2591679133777696 and parameters: {'window_influence': 0.43857372148536294, 'penalty_k': 0.02189227461198566, 'scale_lr': 0.35192318648428456}. Best is trial 1594 with value: 0.29992623191054274.
checkpoint_e32 window_influence: 0.45409442283782903, penalty_k: 0.12897922362794531, scale_lr: 0.12308728500230189, EAO: 0.267
Trial 1774 finished with value: 0.2674919063967418 and parameters: {'window_influence': 0.454094422837829, 'penalty_k': 0.1289792236279453, 'scale_lr': 0.12308728500230189}. Best is trial 1594 with value: 0.29992623191054274.
checkpoint_e32 window_influence: 0.43848793457991281, penalty_k: 0.17793172892582881, scale_lr: 0.14793821387901673, EAO: 0.260
Trial 1775 finished with value: 0.26046390383224177 and parameters: {'window_influence': 0.4384879345799128, 'penalty_k': 0.1779317289258288, 'scale_lr': 0.14793821387901673}. Best is trial 1594 with value: 0.29992623191054274.
checkpoint_e32 window_influence: 0.12899824302751936, penalty_k: 0.15535947425841362, scale_lr: 0.11028060423222025, EAO: 0.253
Trial 1776 finished with value: 0.25318365404760934 and parameters: {'window_influence': 0.12899824302751936, 'penalty_k': 0.15535947425841362, 'scale_lr': 0.11028060423222025}. Best is trial 1594 with value: 0.29992623191054274.
checkpoint_e32 window_influence: 0.48296496956549972, penalty_k: 0.04950447681555048, scale_lr: 0.48764209381509038, EAO: 0.261
Trial 1777 finished with value: 0.2607550393275129 and parameters: {'window_influence': 0.4829649695654997, 'penalty_k': 0.04950447681555048, 'scale_lr': 0.4876420938150904}. Best is trial 1594 with value: 0.29992623191054274.
checkpoint_e32 window_influence: 0.44482582347315547, penalty_k: 0.14382215951194019, scale_lr: 0.13303723777490598, EAO: 0.268
Trial 1778 finished with value: 0.2678038831648788 and parameters: {'window_influence': 0.44482582347315547, 'penalty_k': 0.1438221595119402, 'scale_lr': 0.13303723777490598}. Best is trial 1594 with value: 0.29992623191054274.
checkpoint_e32 window_influence: 0.60608549165758463, penalty_k: 0.16559722440960320, scale_lr: 0.10064118312701192, EAO: 0.237
Trial 1779 finished with value: 0.23653075492721262 and parameters: {'window_influence': 0.6060854916575846, 'penalty_k': 0.1655972244096032, 'scale_lr': 0.10064118312701192}. Best is trial 1594 with value: 0.29992623191054274.
checkpoint_e32 window_influence: 0.43589513428347409, penalty_k: 0.08653271235244565, scale_lr: 0.25524491117197046, EAO: 0.271
Trial 1780 finished with value: 0.2710267085491157 and parameters: {'window_influence': 0.4358951342834741, 'penalty_k': 0.08653271235244565, 'scale_lr': 0.25524491117197046}. Best is trial 1594 with value: 0.29992623191054274.
checkpoint_e32 window_influence: 0.59930693807127655, penalty_k: 0.12546656046609933, scale_lr: 0.22898545767792902, EAO: 0.231
Trial 1781 finished with value: 0.2309219686359894 and parameters: {'window_influence': 0.5993069380712766, 'penalty_k': 0.12546656046609933, 'scale_lr': 0.22898545767792902}. Best is trial 1594 with value: 0.29992623191054274.
checkpoint_e32 window_influence: 0.47537309225431129, penalty_k: 0.01149796476016751, scale_lr: 0.14823676204743180, EAO: 0.267
Trial 1782 finished with value: 0.2669458544351221 and parameters: {'window_influence': 0.4753730922543113, 'penalty_k': 0.011497964760167513, 'scale_lr': 0.1482367620474318}. Best is trial 1594 with value: 0.29992623191054274.
checkpoint_e32 window_influence: 0.42973893865865986, penalty_k: 0.04199191645587129, scale_lr: 0.12020199029086316, EAO: 0.282
Trial 1783 finished with value: 0.28220933166945855 and parameters: {'window_influence': 0.42973893865865986, 'penalty_k': 0.04199191645587129, 'scale_lr': 0.12020199029086316}. Best is trial 1594 with value: 0.29992623191054274.
checkpoint_e32 window_influence: 0.25922301922616831, penalty_k: 0.13895269110930067, scale_lr: 0.13541236587918609, EAO: 0.259
Trial 1784 finished with value: 0.25946084222173305 and parameters: {'window_influence': 0.2592230192261683, 'penalty_k': 0.13895269110930067, 'scale_lr': 0.1354123658791861}. Best is trial 1594 with value: 0.29992623191054274.
checkpoint_e32 window_influence: 0.46465526601437968, penalty_k: 0.11215583426453393, scale_lr: 0.44281796371520044, EAO: 0.256
