Trial 1230 finished with value: 0.2641046139282909 and parameters: {'window_influence': 0.4407951219402722, 'penalty_k': 0.009092158237004235, 'scale_lr': 0.47367831701952207}. Best is trial 977 with value: 0.2897923603896203.
checkpoint_e32 window_influence: 0.40273403415600612, penalty_k: 0.39762792043978495, scale_lr: 0.37862560680856971, EAO: 0.280
Trial 1231 finished with value: 0.2804655896696618 and parameters: {'window_influence': 0.4027340341560061, 'penalty_k': 0.39762792043978495, 'scale_lr': 0.3786256068085697}. Best is trial 977 with value: 0.2897923603896203.
checkpoint_e32 window_influence: 0.53650593779581524, penalty_k: 0.19316572995413744, scale_lr: 0.10000594237610079, EAO: 0.262
Trial 1232 finished with value: 0.26155447608571714 and parameters: {'window_influence': 0.5365059377958152, 'penalty_k': 0.19316572995413744, 'scale_lr': 0.10000594237610079}. Best is trial 977 with value: 0.2897923603896203.
checkpoint_e32 window_influence: 0.42775988407698190, penalty_k: 0.34954635596676104, scale_lr: 0.33943361026653768, EAO: 0.260
Trial 1233 finished with value: 0.25959410058046745 and parameters: {'window_influence': 0.4277598840769819, 'penalty_k': 0.34954635596676104, 'scale_lr': 0.3394336102665377}. Best is trial 977 with value: 0.2897923603896203.
checkpoint_e32 window_influence: 0.62619687388340672, penalty_k: 0.59909443468951473, scale_lr: 0.19224019658317709, EAO: 0.198
Trial 1234 finished with value: 0.1982435610720782 and parameters: {'window_influence': 0.6261968738834067, 'penalty_k': 0.5990944346895147, 'scale_lr': 0.1922401965831771}. Best is trial 977 with value: 0.2897923603896203.
checkpoint_e32 window_influence: 0.20132678071693094, penalty_k: 0.44290851705448508, scale_lr: 0.12848680676124805, EAO: 0.243
Trial 1235 finished with value: 0.24283859218523754 and parameters: {'window_influence': 0.20132678071693094, 'penalty_k': 0.4429085170544851, 'scale_lr': 0.12848680676124805}. Best is trial 977 with value: 0.2897923603896203.
checkpoint_e32 window_influence: 0.45512089300787323, penalty_k: 0.15385189608070798, scale_lr: 0.15027717090645770, EAO: 0.265
Trial 1236 finished with value: 0.265301050754582 and parameters: {'window_influence': 0.45512089300787323, 'penalty_k': 0.15385189608070798, 'scale_lr': 0.1502771709064577}. Best is trial 977 with value: 0.2897923603896203.
checkpoint_e32 window_influence: 0.13586799793974366, penalty_k: 0.10710375172651676, scale_lr: 0.31354576288351566, EAO: 0.246
Trial 1237 finished with value: 0.24571201047761654 and parameters: {'window_influence': 0.13586799793974366, 'penalty_k': 0.10710375172651676, 'scale_lr': 0.31354576288351566}. Best is trial 977 with value: 0.2897923603896203.
checkpoint_e32 window_influence: 0.12325802707752079, penalty_k: 0.55925635441221866, scale_lr: 0.54371197686429062, EAO: 0.231
Trial 1238 finished with value: 0.2312444243125799 and parameters: {'window_influence': 0.12325802707752079, 'penalty_k': 0.5592563544122187, 'scale_lr': 0.5437119768642906}. Best is trial 977 with value: 0.2897923603896203.
checkpoint_e32 window_influence: 0.05307300709223772, penalty_k: 0.13754132378242440, scale_lr: 0.74924628243101732, EAO: 0.236
Trial 1239 finished with value: 0.2357825314005216 and parameters: {'window_influence': 0.05307300709223772, 'penalty_k': 0.1375413237824244, 'scale_lr': 0.7492462824310173}. Best is trial 977 with value: 0.2897923603896203.
checkpoint_e32 window_influence: 0.41017395051579675, penalty_k: 0.31332877525498859, scale_lr: 0.12222654067218663, EAO: 0.270
Trial 1240 finished with value: 0.2703195627990777 and parameters: {'window_influence': 0.41017395051579675, 'penalty_k': 0.3133287752549886, 'scale_lr': 0.12222654067218663}. Best is trial 977 with value: 0.2897923603896203.
checkpoint_e32 window_influence: 0.36874768565057470, penalty_k: 0.11908748282215614, scale_lr: 0.70303387917519611, EAO: 0.259
Trial 1241 finished with value: 0.259478309593065 and parameters: {'window_influence': 0.3687476856505747, 'penalty_k': 0.11908748282215614, 'scale_lr': 0.7030338791751961}. Best is trial 977 with value: 0.2897923603896203.
checkpoint_e32 window_influence: 0.54860957483419781, penalty_k: 0.21684997590041946, scale_lr: 0.28116406271912708, EAO: 0.242
Trial 1242 finished with value: 0.24150775912089076 and parameters: {'window_influence': 0.5486095748341978, 'penalty_k': 0.21684997590041946, 'scale_lr': 0.2811640627191271}. Best is trial 977 with value: 0.2897923603896203.
checkpoint_e32 window_influence: 0.39203088860501001, penalty_k: 0.18548306836828479, scale_lr: 0.75698810642009851, EAO: 0.260
Trial 1243 finished with value: 0.25970215035405586 and parameters: {'window_influence': 0.39203088860501, 'penalty_k': 0.1854830683682848, 'scale_lr': 0.7569881064200985}. Best is trial 977 with value: 0.2897923603896203.
checkpoint_e32 window_influence: 0.41864886119460215, penalty_k: 0.49950516002708134, scale_lr: 0.41519238841708422, EAO: 0.248
Trial 1244 finished with value: 0.24786708182920286 and parameters: {'window_influence': 0.41864886119460215, 'penalty_k': 0.49950516002708134, 'scale_lr': 0.4151923884170842}. Best is trial 977 with value: 0.2897923603896203.
checkpoint_e32 window_influence: 0.43787328210373022, penalty_k: 0.24815634367006198, scale_lr: 0.16371147219203039, EAO: 0.270
Trial 1245 finished with value: 0.2695837420661275 and parameters: {'window_influence': 0.4378732821037302, 'penalty_k': 0.24815634367006198, 'scale_lr': 0.1637114721920304}. Best is trial 977 with value: 0.2897923603896203.
checkpoint_e32 window_influence: 0.40021756088475663, penalty_k: 0.57700970888866110, scale_lr: 0.32497018853958182, EAO: 0.259
Trial 1246 finished with value: 0.25886910360276216 and parameters: {'window_influence': 0.40021756088475663, 'penalty_k': 0.5770097088886611, 'scale_lr': 0.3249701885395818}. Best is trial 977 with value: 0.2897923603896203.
checkpoint_e32 window_influence: 0.41826139834425119, penalty_k: 0.53627300228357877, scale_lr: 0.78469730034321072, EAO: 0.246
Trial 1247 finished with value: 0.24566297760096992 and parameters: {'window_influence': 0.4182613983442512, 'penalty_k': 0.5362730022835788, 'scale_lr': 0.7846973003432107}. Best is trial 977 with value: 0.2897923603896203.
checkpoint_e32 window_influence: 0.38428806729293358, penalty_k: 0.34586925130015717, scale_lr: 0.67120488799833411, EAO: 0.266
Trial 1248 finished with value: 0.26583684629541104 and parameters: {'window_influence': 0.3842880672929336, 'penalty_k': 0.34586925130015717, 'scale_lr': 0.6712048879983341}. Best is trial 977 with value: 0.2897923603896203.
checkpoint_e32 window_influence: 0.42946860101910322, penalty_k: 0.20250306784480310, scale_lr: 0.13673054034227933, EAO: 0.264
Trial 1249 finished with value: 0.26411120969105545 and parameters: {'window_influence': 0.4294686010191032, 'penalty_k': 0.2025030678448031, 'scale_lr': 0.13673054034227933}. Best is trial 977 with value: 0.2897923603896203.
checkpoint_e32 window_influence: 0.40706215167098503, penalty_k: 0.16161942504696275, scale_lr: 0.49479992335532424, EAO: 0.258
Trial 1250 finished with value: 0.25791542431930214 and parameters: {'window_influence': 0.40706215167098503, 'penalty_k': 0.16161942504696275, 'scale_lr': 0.49479992335532424}. Best is trial 977 with value: 0.2897923603896203.
checkpoint_e32 window_influence: 0.47171028956648992, penalty_k: 0.14548038023932769, scale_lr: 0.21963625724948502, EAO: 0.269
Trial 1251 finished with value: 0.26939073301912325 and parameters: {'window_influence': 0.4717102895664899, 'penalty_k': 0.1454803802393277, 'scale_lr': 0.21963625724948502}. Best is trial 977 with value: 0.2897923603896203.
checkpoint_e32 window_influence: 0.39426141582525681, penalty_k: 0.13109906681109712, scale_lr: 0.29443557952746968, EAO: 0.272
Trial 1252 finished with value: 0.27196485924769226 and parameters: {'window_influence': 0.3942614158252568, 'penalty_k': 0.13109906681109712, 'scale_lr': 0.2944355795274697}. Best is trial 977 with value: 0.2897923603896203.
checkpoint_e32 window_influence: 0.36496845921430648, penalty_k: 0.17304423745536851, scale_lr: 0.59269817793946489, EAO: 0.256
Trial 1253 finished with value: 0.2558106483846176 and parameters: {'window_influence': 0.3649684592143065, 'penalty_k': 0.1730442374553685, 'scale_lr': 0.5926981779394649}. Best is trial 977 with value: 0.2897923603896203.
checkpoint_e32 window_influence: 0.41999271806900051, penalty_k: 0.23375544311125993, scale_lr: 0.11435807990750244, EAO: 0.271
Trial 1254 finished with value: 0.27133455920994765 and parameters: {'window_influence': 0.4199927180690005, 'penalty_k': 0.23375544311125993, 'scale_lr': 0.11435807990750244}. Best is trial 977 with value: 0.2897923603896203.
checkpoint_e32 window_influence: 0.37757068134312383, penalty_k: 0.10560509333214455, scale_lr: 0.14839209302042811, EAO: 0.262
Trial 1255 finished with value: 0.2620840881292413 and parameters: {'window_influence': 0.3775706813431238, 'penalty_k': 0.10560509333214455, 'scale_lr': 0.1483920930204281}. Best is trial 977 with value: 0.2897923603896203.
checkpoint_e32 window_influence: 0.43679161267831984, penalty_k: 0.12012919422299624, scale_lr: 0.18061072658523106, EAO: 0.259
Trial 1256 finished with value: 0.2587091052919869 and parameters: {'window_influence': 0.43679161267831984, 'penalty_k': 0.12012919422299624, 'scale_lr': 0.18061072658523106}. Best is trial 977 with value: 0.2897923603896203.
checkpoint_e32 window_influence: 0.40591905263665695, penalty_k: 0.15469606957752818, scale_lr: 0.24536644671492114, EAO: 0.268
Trial 1257 finished with value: 0.2676266084720449 and parameters: {'window_influence': 0.40591905263665695, 'penalty_k': 0.15469606957752818, 'scale_lr': 0.24536644671492114}. Best is trial 977 with value: 0.2897923603896203.
checkpoint_e32 window_influence: 0.44918278735717732, penalty_k: 0.13929020299912773, scale_lr: 0.13144132793895436, EAO: 0.277
Trial 1258 finished with value: 0.27651418369960007 and parameters: {'window_influence': 0.4491827873571773, 'penalty_k': 0.13929020299912773, 'scale_lr': 0.13144132793895436}. Best is trial 977 with value: 0.2897923603896203.
checkpoint_e32 window_influence: 0.39069061445668057, penalty_k: 0.12763298951557608, scale_lr: 0.11122907498166806, EAO: 0.269
Trial 1259 finished with value: 0.26876828946718356 and parameters: {'window_influence': 0.3906906144566806, 'penalty_k': 0.12763298951557608, 'scale_lr': 0.11122907498166806}. Best is trial 977 with value: 0.2897923603896203.
checkpoint_e32 window_influence: 0.41449496539901082, penalty_k: 0.51487593286717526, scale_lr: 0.56434087462077587, EAO: 0.257
Trial 1260 finished with value: 0.2566052657680783 and parameters: {'window_influence': 0.4144949653990108, 'penalty_k': 0.5148759328671753, 'scale_lr': 0.5643408746207759}. Best is trial 977 with value: 0.2897923603896203.
checkpoint_e32 window_influence: 0.42758424026893388, penalty_k: 0.14712049812344785, scale_lr: 0.15971134717407698, EAO: 0.276
Trial 1261 finished with value: 0.27591158758576323 and parameters: {'window_influence': 0.4275842402689339, 'penalty_k': 0.14712049812344785, 'scale_lr': 0.15971134717407698}. Best is trial 977 with value: 0.2897923603896203.
checkpoint_e32 window_influence: 0.25126659487935121, penalty_k: 0.40812581948629334, scale_lr: 0.14105193031060631, EAO: 0.255
Trial 1262 finished with value: 0.25469250855891684 and parameters: {'window_influence': 0.2512665948793512, 'penalty_k': 0.40812581948629334, 'scale_lr': 0.1410519303106063}. Best is trial 977 with value: 0.2897923603896203.
checkpoint_e32 window_influence: 0.40071586523415142, penalty_k: 0.17120288114597634, scale_lr: 0.27219554553217584, EAO: 0.260
Trial 1263 finished with value: 0.2595545383003669 and parameters: {'window_influence': 0.4007158652341514, 'penalty_k': 0.17120288114597634, 'scale_lr': 0.27219554553217584}. Best is trial 977 with value: 0.2897923603896203.
checkpoint_e32 window_influence: 0.17880095584101144, penalty_k: 0.54023331456029089, scale_lr: 0.62632780208155114, EAO: 0.244
Trial 1264 finished with value: 0.24382435500137206 and parameters: {'window_influence': 0.17880095584101144, 'penalty_k': 0.5402333145602909, 'scale_lr': 0.6263278020815511}. Best is trial 977 with value: 0.2897923603896203.
checkpoint_e32 window_influence: 0.45915638768431594, penalty_k: 0.56930100387823723, scale_lr: 0.64525055169182843, EAO: 0.263
Trial 1265 finished with value: 0.26253125913501757 and parameters: {'window_influence': 0.45915638768431594, 'penalty_k': 0.5693010038782372, 'scale_lr': 0.6452505516918284}. Best is trial 977 with value: 0.2897923603896203.
checkpoint_e32 window_influence: 0.38814899832303273, penalty_k: 0.10572884230902235, scale_lr: 0.44533174593758063, EAO: 0.263
Trial 1266 finished with value: 0.26261726984890493 and parameters: {'window_influence': 0.38814899832303273, 'penalty_k': 0.10572884230902235, 'scale_lr': 0.4453317459375806}. Best is trial 977 with value: 0.2897923603896203.
checkpoint_e32 window_influence: 0.41172289968420117, penalty_k: 0.37914312472220135, scale_lr: 0.12209281900978615, EAO: 0.266
Trial 1267 finished with value: 0.26633728029039816 and parameters: {'window_influence': 0.41172289968420117, 'penalty_k': 0.37914312472220135, 'scale_lr': 0.12209281900978615}. Best is trial 977 with value: 0.2897923603896203.
checkpoint_e32 window_influence: 0.37651866164270992, penalty_k: 0.11560432209270202, scale_lr: 0.10005703862662815, EAO: 0.269
Trial 1268 finished with value: 0.2688533409945364 and parameters: {'window_influence': 0.3765186616427099, 'penalty_k': 0.11560432209270202, 'scale_lr': 0.10005703862662815}. Best is trial 977 with value: 0.2897923603896203.
checkpoint_e32 window_influence: 0.44235601564382687, penalty_k: 0.44351955395566750, scale_lr: 0.17213364375705242, EAO: 0.246
Trial 1269 finished with value: 0.24612607340502546 and parameters: {'window_influence': 0.44235601564382687, 'penalty_k': 0.4435195539556675, 'scale_lr': 0.17213364375705242}. Best is trial 977 with value: 0.2897923603896203.
checkpoint_e32 window_influence: 0.42586583323738453, penalty_k: 0.15710020460758509, scale_lr: 0.12687339833999073, EAO: 0.273
Trial 1270 finished with value: 0.2734289805942435 and parameters: {'window_influence': 0.42586583323738453, 'penalty_k': 0.1571002046075851, 'scale_lr': 0.12687339833999073}. Best is trial 977 with value: 0.2897923603896203.
checkpoint_e32 window_influence: 0.23093809381402108, penalty_k: 0.01782605001004242, scale_lr: 0.15360078872321523, EAO: 0.249
Trial 1271 finished with value: 0.2491122814940243 and parameters: {'window_influence': 0.23093809381402108, 'penalty_k': 0.01782605001004242, 'scale_lr': 0.15360078872321523}. Best is trial 977 with value: 0.2897923603896203.
checkpoint_e32 window_influence: 0.40135604762515920, penalty_k: 0.22465514916104928, scale_lr: 0.39737129699994411, EAO: 0.264
Trial 1272 finished with value: 0.26414418153888813 and parameters: {'window_influence': 0.4013560476251592, 'penalty_k': 0.22465514916104928, 'scale_lr': 0.3973712969999441}. Best is trial 977 with value: 0.2897923603896203.
checkpoint_e32 window_influence: 0.36628867125139403, penalty_k: 0.13948465865870741, scale_lr: 0.35464546138010444, EAO: 0.272
Trial 1273 finished with value: 0.27179806976298976 and parameters: {'window_influence': 0.366288671251394, 'penalty_k': 0.1394846586587074, 'scale_lr': 0.35464546138010444}. Best is trial 977 with value: 0.2897923603896203.
checkpoint_e32 window_influence: 0.41532577898835182, penalty_k: 0.29354380933163371, scale_lr: 0.51332032396639959, EAO: 0.257
Trial 1274 finished with value: 0.2573984748706585 and parameters: {'window_influence': 0.4153257789883518, 'penalty_k': 0.2935438093316337, 'scale_lr': 0.5133203239663996}. Best is trial 977 with value: 0.2897923603896203.
checkpoint_e32 window_influence: 0.43177236881114650, penalty_k: 0.29902651786935286, scale_lr: 0.22542572879598397, EAO: 0.264
Trial 1275 finished with value: 0.26419241362955515 and parameters: {'window_influence': 0.4317723688111465, 'penalty_k': 0.29902651786935286, 'scale_lr': 0.22542572879598397}. Best is trial 977 with value: 0.2897923603896203.
checkpoint_e32 window_influence: 0.13073552986751844, penalty_k: 0.26795969681125364, scale_lr: 0.11248367956206401, EAO: 0.246
Trial 1276 finished with value: 0.2457789297753233 and parameters: {'window_influence': 0.13073552986751844, 'penalty_k': 0.26795969681125364, 'scale_lr': 0.11248367956206401}. Best is trial 977 with value: 0.2897923603896203.
checkpoint_e32 window_influence: 0.38724028782219677, penalty_k: 0.18188145434124117, scale_lr: 0.60505844183633994, EAO: 0.267
Trial 1277 finished with value: 0.2674345421960683 and parameters: {'window_influence': 0.38724028782219677, 'penalty_k': 0.18188145434124117, 'scale_lr': 0.6050584418363399}. Best is trial 977 with value: 0.2897923603896203.
checkpoint_e32 window_influence: 0.55935862660094637, penalty_k: 0.46024991694463735, scale_lr: 0.13841850237065337, EAO: 0.227
Trial 1278 finished with value: 0.22721707239383604 and parameters: {'window_influence': 0.5593586266009464, 'penalty_k': 0.46024991694463735, 'scale_lr': 0.13841850237065337}. Best is trial 977 with value: 0.2897923603896203.
checkpoint_e32 window_influence: 0.40347896618461287, penalty_k: 0.54539179326479326, scale_lr: 0.19056554556278810, EAO: 0.249
Trial 1279 finished with value: 0.24872376430567686 and parameters: {'window_influence': 0.4034789661846129, 'penalty_k': 0.5453917932647933, 'scale_lr': 0.1905655455627881}. Best is trial 977 with value: 0.2897923603896203.
checkpoint_e32 window_influence: 0.09201335744524097, penalty_k: 0.12584993537096439, scale_lr: 0.12315859690506979, EAO: 0.239
Trial 1280 finished with value: 0.23937882525407203 and parameters: {'window_influence': 0.09201335744524097, 'penalty_k': 0.1258499353709644, 'scale_lr': 0.12315859690506979}. Best is trial 977 with value: 0.2897923603896203.
checkpoint_e32 window_influence: 0.41999429577404768, penalty_k: 0.32265816422039328, scale_lr: 0.21076589574428917, EAO: 0.263
Trial 1281 finished with value: 0.26286978904551606 and parameters: {'window_influence': 0.4199942957740477, 'penalty_k': 0.3226581642203933, 'scale_lr': 0.21076589574428917}. Best is trial 977 with value: 0.2897923603896203.
checkpoint_e32 window_influence: 0.43787884300491686, penalty_k: 0.47168487322256425, scale_lr: 0.14513890799862955, EAO: 0.256
Trial 1282 finished with value: 0.25577253896773344 and parameters: {'window_influence': 0.43787884300491686, 'penalty_k': 0.47168487322256425, 'scale_lr': 0.14513890799862955}. Best is trial 977 with value: 0.2897923603896203.
checkpoint_e32 window_influence: 0.39623355589549247, penalty_k: 0.16729398229415296, scale_lr: 0.33745538739505365, EAO: 0.269
Trial 1283 finished with value: 0.26874179090183925 and parameters: {'window_influence': 0.3962335558954925, 'penalty_k': 0.16729398229415296, 'scale_lr': 0.33745538739505365}. Best is trial 977 with value: 0.2897923603896203.
checkpoint_e32 window_influence: 0.56479323444754614, penalty_k: 0.50221150792197200, scale_lr: 0.16526172631391003, EAO: 0.227
Trial 1284 finished with value: 0.22671370177976485 and parameters: {'window_influence': 0.5647932344475461, 'penalty_k': 0.502211507921972, 'scale_lr': 0.16526172631391003}. Best is trial 977 with value: 0.2897923603896203.
checkpoint_e32 window_influence: 0.38021539811400995, penalty_k: 0.14598579191991529, scale_lr: 0.70421039444948175, EAO: 0.269
Trial 1285 finished with value: 0.269460299332452 and parameters: {'window_influence': 0.38021539811400995, 'penalty_k': 0.1459857919199153, 'scale_lr': 0.7042103944494817}. Best is trial 977 with value: 0.2897923603896203.
checkpoint_e32 window_influence: 0.53916338029107935, penalty_k: 0.20520806575590139, scale_lr: 0.25567099210956357, EAO: 0.250
Trial 1286 finished with value: 0.25031619306986896 and parameters: {'window_influence': 0.5391633802910794, 'penalty_k': 0.2052080657559014, 'scale_lr': 0.25567099210956357}. Best is trial 977 with value: 0.2897923603896203.
checkpoint_e32 window_influence: 0.45378933085158457, penalty_k: 0.13567685527740167, scale_lr: 0.48898976359519741, EAO: 0.268
Trial 1287 finished with value: 0.26800079722472325 and parameters: {'window_influence': 0.45378933085158457, 'penalty_k': 0.13567685527740167, 'scale_lr': 0.4889897635951974}. Best is trial 977 with value: 0.2897923603896203.
checkpoint_e32 window_influence: 0.41011604655371070, penalty_k: 0.12028538655839445, scale_lr: 0.11188231110235469, EAO: 0.275
Trial 1288 finished with value: 0.27528696549617176 and parameters: {'window_influence': 0.4101160465537107, 'penalty_k': 0.12028538655839445, 'scale_lr': 0.11188231110235469}. Best is trial 977 with value: 0.2897923603896203.
checkpoint_e32 window_influence: 0.49526732141727331, penalty_k: 0.03107487660918529, scale_lr: 0.78870718180931820, EAO: 0.266
Trial 1289 finished with value: 0.2658032222491939 and parameters: {'window_influence': 0.4952673214172733, 'penalty_k': 0.031074876609185287, 'scale_lr': 0.7887071818093182}. Best is trial 977 with value: 0.2897923603896203.
checkpoint_e32 window_influence: 0.14478813582280992, penalty_k: 0.15729528519953298, scale_lr: 0.72531641372905531, EAO: 0.248
Trial 1290 finished with value: 0.24847241206382348 and parameters: {'window_influence': 0.14478813582280992, 'penalty_k': 0.15729528519953298, 'scale_lr': 0.7253164137290553}. Best is trial 977 with value: 0.2897923603896203.
checkpoint_e32 window_influence: 0.41855711169709708, penalty_k: 0.00367642122764690, scale_lr: 0.13785678409301882, EAO: 0.274
Trial 1291 finished with value: 0.2737128629795904 and parameters: {'window_influence': 0.4185571116970971, 'penalty_k': 0.0036764212276469005, 'scale_lr': 0.13785678409301882}. Best is trial 977 with value: 0.2897923603896203.
checkpoint_e32 window_influence: 0.22105758186134880, penalty_k: 0.10427905576822061, scale_lr: 0.12428026533068422, EAO: 0.261
