Trial 1114 finished with value: 0.21713280962492393 and parameters: {'window_influence': 0.602815374950723, 'penalty_k': 0.22939080854622504, 'scale_lr': 0.19383419637895316}. Best is trial 104 with value: 0.27492820641131904.
checkpoint_e22 window_influence: 0.35418162776904394, penalty_k: 0.47436635071647271, scale_lr: 0.34971067029143843, EAO: 0.258
Trial 1115 finished with value: 0.25795928927941053 and parameters: {'window_influence': 0.35418162776904394, 'penalty_k': 0.4743663507164727, 'scale_lr': 0.34971067029143843}. Best is trial 104 with value: 0.27492820641131904.
checkpoint_e22 window_influence: 0.05829520340159910, penalty_k: 0.32680629260515182, scale_lr: 0.24300172002743084, EAO: 0.214
Trial 1116 finished with value: 0.2141295269252808 and parameters: {'window_influence': 0.058295203401599105, 'penalty_k': 0.3268062926051518, 'scale_lr': 0.24300172002743084}. Best is trial 104 with value: 0.27492820641131904.
checkpoint_e22 window_influence: 0.53236188025908482, penalty_k: 0.36341335360380733, scale_lr: 0.16314443581976742, EAO: 0.232
Trial 1117 finished with value: 0.23213943548318816 and parameters: {'window_influence': 0.5323618802590848, 'penalty_k': 0.36341335360380733, 'scale_lr': 0.16314443581976742}. Best is trial 104 with value: 0.27492820641131904.
checkpoint_e22 window_influence: 0.61279677772333074, penalty_k: 0.16113879428076375, scale_lr: 0.37479301771042794, EAO: 0.214
Trial 1118 finished with value: 0.21388903042165244 and parameters: {'window_influence': 0.6127967777233307, 'penalty_k': 0.16113879428076375, 'scale_lr': 0.37479301771042794}. Best is trial 104 with value: 0.27492820641131904.
checkpoint_e22 window_influence: 0.62753671223476226, penalty_k: 0.20861564456619400, scale_lr: 0.64831582527372134, EAO: 0.205
Trial 1119 finished with value: 0.2046900684755992 and parameters: {'window_influence': 0.6275367122347623, 'penalty_k': 0.208615644566194, 'scale_lr': 0.6483158252737213}. Best is trial 104 with value: 0.27492820641131904.
checkpoint_e22 window_influence: 0.15063925798051109, penalty_k: 0.01703909001088956, scale_lr: 0.56196328966682285, EAO: 0.225
Trial 1120 finished with value: 0.22485313734145668 and parameters: {'window_influence': 0.1506392579805111, 'penalty_k': 0.017039090010889563, 'scale_lr': 0.5619632896668229}. Best is trial 104 with value: 0.27492820641131904.
checkpoint_e22 window_influence: 0.39427258014222843, penalty_k: 0.39537220272515317, scale_lr: 0.45736841651553045, EAO: 0.244
Trial 1121 finished with value: 0.24431406882235673 and parameters: {'window_influence': 0.39427258014222843, 'penalty_k': 0.39537220272515317, 'scale_lr': 0.45736841651553045}. Best is trial 104 with value: 0.27492820641131904.
checkpoint_e22 window_influence: 0.41695134610500634, penalty_k: 0.52363610698825414, scale_lr: 0.26424701769663783, EAO: 0.234
Trial 1122 finished with value: 0.23365220294250705 and parameters: {'window_influence': 0.41695134610500634, 'penalty_k': 0.5236361069882541, 'scale_lr': 0.26424701769663783}. Best is trial 104 with value: 0.27492820641131904.
checkpoint_e22 window_influence: 0.25830182917068367, penalty_k: 0.25923201037103771, scale_lr: 0.14029463974698464, EAO: 0.253
Trial 1123 finished with value: 0.25277327491742807 and parameters: {'window_influence': 0.25830182917068367, 'penalty_k': 0.2592320103710377, 'scale_lr': 0.14029463974698464}. Best is trial 104 with value: 0.27492820641131904.
checkpoint_e22 window_influence: 0.37680529864636242, penalty_k: 0.12370709080283937, scale_lr: 0.49439876516458636, EAO: 0.261
Trial 1124 finished with value: 0.2605665922770655 and parameters: {'window_influence': 0.3768052986463624, 'penalty_k': 0.12370709080283937, 'scale_lr': 0.49439876516458636}. Best is trial 104 with value: 0.27492820641131904.
checkpoint_e22 window_influence: 0.34773325257107146, penalty_k: 0.20135495163341713, scale_lr: 0.31723724569149075, EAO: 0.244
Trial 1125 finished with value: 0.24438823365825948 and parameters: {'window_influence': 0.34773325257107146, 'penalty_k': 0.20135495163341713, 'scale_lr': 0.31723724569149075}. Best is trial 104 with value: 0.27492820641131904.
checkpoint_e22 window_influence: 0.32323074732044416, penalty_k: 0.08765427567481947, scale_lr: 0.22692836674711306, EAO: 0.252
Trial 1126 finished with value: 0.2520222553029293 and parameters: {'window_influence': 0.32323074732044416, 'penalty_k': 0.08765427567481947, 'scale_lr': 0.22692836674711306}. Best is trial 104 with value: 0.27492820641131904.
checkpoint_e22 window_influence: 0.30175760516054723, penalty_k: 0.03356973146391933, scale_lr: 0.40218345965129859, EAO: 0.247
Trial 1127 finished with value: 0.24722931303871357 and parameters: {'window_influence': 0.3017576051605472, 'penalty_k': 0.033569731463919325, 'scale_lr': 0.4021834596512986}. Best is trial 104 with value: 0.27492820641131904.
checkpoint_e22 window_influence: 0.36578118571898177, penalty_k: 0.52072813181767119, scale_lr: 0.11273589545907334, EAO: 0.240
Trial 1128 finished with value: 0.2399083700000755 and parameters: {'window_influence': 0.36578118571898177, 'penalty_k': 0.5207281318176712, 'scale_lr': 0.11273589545907334}. Best is trial 104 with value: 0.27492820641131904.
checkpoint_e22 window_influence: 0.28585622568175795, penalty_k: 0.50686860604310613, scale_lr: 0.47438998738424887, EAO: 0.251
Trial 1129 finished with value: 0.25127510151000526 and parameters: {'window_influence': 0.28585622568175795, 'penalty_k': 0.5068686060431061, 'scale_lr': 0.47438998738424887}. Best is trial 104 with value: 0.27492820641131904.
checkpoint_e22 window_influence: 0.62455960812666134, penalty_k: 0.06851572312890231, scale_lr: 0.13901352597697397, EAO: 0.214
Trial 1130 finished with value: 0.2135894970317197 and parameters: {'window_influence': 0.6245596081266613, 'penalty_k': 0.0685157231289023, 'scale_lr': 0.13901352597697397}. Best is trial 104 with value: 0.27492820641131904.
checkpoint_e22 window_influence: 0.38463844260802904, penalty_k: 0.59711722787070298, scale_lr: 0.59518798130062289, EAO: 0.249
Trial 1131 finished with value: 0.2487210879723231 and parameters: {'window_influence': 0.38463844260802904, 'penalty_k': 0.597117227870703, 'scale_lr': 0.5951879813006229}. Best is trial 104 with value: 0.27492820641131904.
checkpoint_e22 window_influence: 0.19732935065617463, penalty_k: 0.21814033756626705, scale_lr: 0.42264749199801305, EAO: 0.240
Trial 1132 finished with value: 0.23960167944915894 and parameters: {'window_influence': 0.19732935065617463, 'penalty_k': 0.21814033756626705, 'scale_lr': 0.42264749199801305}. Best is trial 104 with value: 0.27492820641131904.
checkpoint_e22 window_influence: 0.33486735571186016, penalty_k: 0.18777117001632704, scale_lr: 0.18098036238723814, EAO: 0.253
Trial 1133 finished with value: 0.25315714033880854 and parameters: {'window_influence': 0.33486735571186016, 'penalty_k': 0.18777117001632704, 'scale_lr': 0.18098036238723814}. Best is trial 104 with value: 0.27492820641131904.
checkpoint_e22 window_influence: 0.39732645633240987, penalty_k: 0.17159872313568125, scale_lr: 0.15794860894164614, EAO: 0.267
Trial 1134 finished with value: 0.26729012129268026 and parameters: {'window_influence': 0.39732645633240987, 'penalty_k': 0.17159872313568125, 'scale_lr': 0.15794860894164614}. Best is trial 104 with value: 0.27492820641131904.
checkpoint_e22 window_influence: 0.48051872527508921, penalty_k: 0.04624363272239804, scale_lr: 0.48550286783004742, EAO: 0.249
Trial 1135 finished with value: 0.24857158643928 and parameters: {'window_influence': 0.4805187252750892, 'penalty_k': 0.046243632722398044, 'scale_lr': 0.4855028678300474}. Best is trial 104 with value: 0.27492820641131904.
checkpoint_e22 window_influence: 0.55104145527034532, penalty_k: 0.24508661869308138, scale_lr: 0.10070899835116950, EAO: 0.238
Trial 1136 finished with value: 0.23756237988307224 and parameters: {'window_influence': 0.5510414552703453, 'penalty_k': 0.24508661869308138, 'scale_lr': 0.1007089983511695}. Best is trial 104 with value: 0.27492820641131904.
checkpoint_e22 window_influence: 0.41065172286088997, penalty_k: 0.14620403064746168, scale_lr: 0.73956609747573321, EAO: 0.244
Trial 1137 finished with value: 0.24445667566080403 and parameters: {'window_influence': 0.41065172286088997, 'penalty_k': 0.14620403064746168, 'scale_lr': 0.7395660974757332}. Best is trial 104 with value: 0.27492820641131904.
checkpoint_e22 window_influence: 0.45931956442774052, penalty_k: 0.58288510095100809, scale_lr: 0.65933283417588329, EAO: 0.240
Trial 1138 finished with value: 0.23987332428616237 and parameters: {'window_influence': 0.4593195644277405, 'penalty_k': 0.5828851009510081, 'scale_lr': 0.6593328341758833}. Best is trial 104 with value: 0.27492820641131904.
checkpoint_e22 window_influence: 0.07579981770509592, penalty_k: 0.23041781236115808, scale_lr: 0.53701736236530673, EAO: 0.226
Trial 1139 finished with value: 0.22636553227174572 and parameters: {'window_influence': 0.07579981770509592, 'penalty_k': 0.23041781236115808, 'scale_lr': 0.5370173623653067}. Best is trial 104 with value: 0.27492820641131904.
checkpoint_e22 window_influence: 0.27530324785506849, penalty_k: 0.27591590103377928, scale_lr: 0.78394127975338301, EAO: 0.253
Trial 1140 finished with value: 0.252501899755098 and parameters: {'window_influence': 0.2753032478550685, 'penalty_k': 0.2759159010337793, 'scale_lr': 0.783941279753383}. Best is trial 104 with value: 0.27492820641131904.
checkpoint_e22 window_influence: 0.37798416850410588, penalty_k: 0.01149717567625668, scale_lr: 0.61698181083265879, EAO: 0.251
Trial 1141 finished with value: 0.2506062788813095 and parameters: {'window_influence': 0.3779841685041059, 'penalty_k': 0.01149717567625668, 'scale_lr': 0.6169818108326588}. Best is trial 104 with value: 0.27492820641131904.
checkpoint_e22 window_influence: 0.35669908392686744, penalty_k: 0.50040161742072031, scale_lr: 0.51921667756243317, EAO: 0.249
Trial 1142 finished with value: 0.2487320818794452 and parameters: {'window_influence': 0.35669908392686744, 'penalty_k': 0.5004016174207203, 'scale_lr': 0.5192166775624332}. Best is trial 104 with value: 0.27492820641131904.
checkpoint_e22 window_influence: 0.36783501501574994, penalty_k: 0.20098152008963777, scale_lr: 0.12440853943644230, EAO: 0.255
Trial 1143 finished with value: 0.25462013398244127 and parameters: {'window_influence': 0.36783501501574994, 'penalty_k': 0.20098152008963777, 'scale_lr': 0.1244085394364423}. Best is trial 104 with value: 0.27492820641131904.
checkpoint_e22 window_influence: 0.43394409006548557, penalty_k: 0.46883922052687887, scale_lr: 0.21673258279375240, EAO: 0.238
Trial 1144 finished with value: 0.23805521616363914 and parameters: {'window_influence': 0.43394409006548557, 'penalty_k': 0.4688392205268789, 'scale_lr': 0.2167325827937524}. Best is trial 104 with value: 0.27492820641131904.
checkpoint_e22 window_influence: 0.39176409821624164, penalty_k: 0.18393260242888698, scale_lr: 0.19912103154231672, EAO: 0.250
Trial 1145 finished with value: 0.24963747122423435 and parameters: {'window_influence': 0.39176409821624164, 'penalty_k': 0.18393260242888698, 'scale_lr': 0.19912103154231672}. Best is trial 104 with value: 0.27492820641131904.
checkpoint_e22 window_influence: 0.28874962177888819, penalty_k: 0.09414992777024470, scale_lr: 0.16956163128571602, EAO: 0.247
Trial 1146 finished with value: 0.24697079521611454 and parameters: {'window_influence': 0.2887496217788882, 'penalty_k': 0.0941499277702447, 'scale_lr': 0.16956163128571602}. Best is trial 104 with value: 0.27492820641131904.
checkpoint_e22 window_influence: 0.64916469995583004, penalty_k: 0.15620541562923729, scale_lr: 0.34042086438530955, EAO: 0.196
Trial 1147 finished with value: 0.19599050913399796 and parameters: {'window_influence': 0.64916469995583, 'penalty_k': 0.1562054156292373, 'scale_lr': 0.34042086438530955}. Best is trial 104 with value: 0.27492820641131904.
checkpoint_e22 window_influence: 0.30915507634609707, penalty_k: 0.21152265276446075, scale_lr: 0.45096298351712760, EAO: 0.258
Trial 1148 finished with value: 0.2580872414315619 and parameters: {'window_influence': 0.30915507634609707, 'penalty_k': 0.21152265276446075, 'scale_lr': 0.4509629835171276}. Best is trial 104 with value: 0.27492820641131904.
checkpoint_e22 window_influence: 0.38556766701072137, penalty_k: 0.05711672688751771, scale_lr: 0.14846178452793363, EAO: 0.259
Trial 1149 finished with value: 0.25910061076889196 and parameters: {'window_influence': 0.38556766701072137, 'penalty_k': 0.05711672688751771, 'scale_lr': 0.14846178452793363}. Best is trial 104 with value: 0.27492820641131904.
checkpoint_e22 window_influence: 0.40654211231796156, penalty_k: 0.03020621119598739, scale_lr: 0.28654218871391179, EAO: 0.250
Trial 1150 finished with value: 0.24973831707384528 and parameters: {'window_influence': 0.40654211231796156, 'penalty_k': 0.03020621119598739, 'scale_lr': 0.2865421887139118}. Best is trial 104 with value: 0.27492820641131904.
checkpoint_e22 window_influence: 0.34744776178894671, penalty_k: 0.29356542329672303, scale_lr: 0.50461958710691390, EAO: 0.254
Trial 1151 finished with value: 0.25413058201471966 and parameters: {'window_influence': 0.3474477617889467, 'penalty_k': 0.293565423296723, 'scale_lr': 0.5046195871069139}. Best is trial 104 with value: 0.27492820641131904.
checkpoint_e22 window_influence: 0.14649218712793524, penalty_k: 0.32082772210722726, scale_lr: 0.70824812894535205, EAO: 0.242
Trial 1152 finished with value: 0.2424435052202969 and parameters: {'window_influence': 0.14649218712793524, 'penalty_k': 0.32082772210722726, 'scale_lr': 0.708248128945352}. Best is trial 104 with value: 0.27492820641131904.
checkpoint_e22 window_influence: 0.58895822555797617, penalty_k: 0.11133927960493570, scale_lr: 0.54840342314487145, EAO: 0.226
Trial 1153 finished with value: 0.22598943386862919 and parameters: {'window_influence': 0.5889582255579762, 'penalty_k': 0.1113392796049357, 'scale_lr': 0.5484034231448714}. Best is trial 104 with value: 0.27492820641131904.
checkpoint_e22 window_influence: 0.25333023233503232, penalty_k: 0.21838600099113528, scale_lr: 0.68861325496396553, EAO: 0.261
Trial 1154 finished with value: 0.2605757586112836 and parameters: {'window_influence': 0.2533302323350323, 'penalty_k': 0.21838600099113528, 'scale_lr': 0.6886132549639655}. Best is trial 104 with value: 0.27492820641131904.
checkpoint_e22 window_influence: 0.21453334221080506, penalty_k: 0.36016694814266248, scale_lr: 0.43162565875146730, EAO: 0.246
Trial 1155 finished with value: 0.24620619337490904 and parameters: {'window_influence': 0.21453334221080506, 'penalty_k': 0.3601669481426625, 'scale_lr': 0.4316256587514673}. Best is trial 104 with value: 0.27492820641131904.
checkpoint_e22 window_influence: 0.17994171813619084, penalty_k: 0.16927894374341312, scale_lr: 0.38177874423161834, EAO: 0.234
Trial 1156 finished with value: 0.23382589154369463 and parameters: {'window_influence': 0.17994171813619084, 'penalty_k': 0.16927894374341312, 'scale_lr': 0.38177874423161834}. Best is trial 104 with value: 0.27492820641131904.
checkpoint_e22 window_influence: 0.09041827241318939, penalty_k: 0.26807116602343684, scale_lr: 0.67033413221030402, EAO: 0.225
Trial 1157 finished with value: 0.22488948121303465 and parameters: {'window_influence': 0.0904182724131894, 'penalty_k': 0.26807116602343684, 'scale_lr': 0.670334132210304}. Best is trial 104 with value: 0.27492820641131904.
checkpoint_e22 window_influence: 0.37357083548550768, penalty_k: 0.43692752232787585, scale_lr: 0.64046811301213724, EAO: 0.263
Trial 1158 finished with value: 0.26317481454310376 and parameters: {'window_influence': 0.3735708354855077, 'penalty_k': 0.43692752232787585, 'scale_lr': 0.6404681130121372}. Best is trial 104 with value: 0.27492820641131904.
checkpoint_e22 window_influence: 0.42147921725519893, penalty_k: 0.25516605196283554, scale_lr: 0.47196581054191356, EAO: 0.254
Trial 1159 finished with value: 0.25394100199143094 and parameters: {'window_influence': 0.42147921725519893, 'penalty_k': 0.25516605196283554, 'scale_lr': 0.47196581054191356}. Best is trial 104 with value: 0.27492820641131904.
checkpoint_e22 window_influence: 0.26592211325658199, penalty_k: 0.19618162920993942, scale_lr: 0.13552032038621187, EAO: 0.253
Trial 1160 finished with value: 0.2525712997932744 and parameters: {'window_influence': 0.265922113256582, 'penalty_k': 0.19618162920993942, 'scale_lr': 0.13552032038621187}. Best is trial 104 with value: 0.27492820641131904.
checkpoint_e22 window_influence: 0.36196845678376194, penalty_k: 0.22614212598915592, scale_lr: 0.55997858814992019, EAO: 0.245
Trial 1161 finished with value: 0.24468825884708545 and parameters: {'window_influence': 0.36196845678376194, 'penalty_k': 0.22614212598915592, 'scale_lr': 0.5599785881499202}. Best is trial 104 with value: 0.27492820641131904.
checkpoint_e22 window_influence: 0.31789554697330469, penalty_k: 0.45967141681371654, scale_lr: 0.58334756872215199, EAO: 0.251
Trial 1162 finished with value: 0.25088269838957283 and parameters: {'window_influence': 0.3178955469733047, 'penalty_k': 0.45967141681371654, 'scale_lr': 0.583347568722152}. Best is trial 104 with value: 0.27492820641131904.
checkpoint_e22 window_influence: 0.61909532220142438, penalty_k: 0.54258304938432755, scale_lr: 0.15487196754741422, EAO: 0.199
Trial 1163 finished with value: 0.19910362314402572 and parameters: {'window_influence': 0.6190953222014244, 'penalty_k': 0.5425830493843276, 'scale_lr': 0.15487196754741422}. Best is trial 104 with value: 0.27492820641131904.
checkpoint_e22 window_influence: 0.39868041685515448, penalty_k: 0.07052719928875255, scale_lr: 0.12105973265954739, EAO: 0.251
Trial 1164 finished with value: 0.2505074001666976 and parameters: {'window_influence': 0.3986804168551545, 'penalty_k': 0.07052719928875255, 'scale_lr': 0.12105973265954739}. Best is trial 104 with value: 0.27492820641131904.
checkpoint_e22 window_influence: 0.51229782626332410, penalty_k: 0.17964482250923119, scale_lr: 0.49596712320344588, EAO: 0.242
Trial 1165 finished with value: 0.2421173831311668 and parameters: {'window_influence': 0.5122978262633241, 'penalty_k': 0.1796448225092312, 'scale_lr': 0.4959671232034459}. Best is trial 104 with value: 0.27492820641131904.
checkpoint_e22 window_influence: 0.37825467223350023, penalty_k: 0.13550903661910707, scale_lr: 0.72552640780284072, EAO: 0.244
Trial 1166 finished with value: 0.2441212653629179 and parameters: {'window_influence': 0.37825467223350023, 'penalty_k': 0.13550903661910707, 'scale_lr': 0.7255264078028407}. Best is trial 104 with value: 0.27492820641131904.
checkpoint_e22 window_influence: 0.29407585602674352, penalty_k: 0.04573483043093546, scale_lr: 0.24722980501491706, EAO: 0.258
Trial 1167 finished with value: 0.2579559704394844 and parameters: {'window_influence': 0.2940758560267435, 'penalty_k': 0.04573483043093546, 'scale_lr': 0.24722980501491706}. Best is trial 104 with value: 0.27492820641131904.
checkpoint_e22 window_influence: 0.08497315186429155, penalty_k: 0.20581621853491783, scale_lr: 0.30877560663979664, EAO: 0.226
Trial 1168 finished with value: 0.2256797546051382 and parameters: {'window_influence': 0.08497315186429155, 'penalty_k': 0.20581621853491783, 'scale_lr': 0.30877560663979664}. Best is trial 104 with value: 0.27492820641131904.
checkpoint_e22 window_influence: 0.54046365837073784, penalty_k: 0.23717500927946772, scale_lr: 0.44177976544740133, EAO: 0.235
Trial 1169 finished with value: 0.23472452763377166 and parameters: {'window_influence': 0.5404636583707378, 'penalty_k': 0.23717500927946772, 'scale_lr': 0.44177976544740133}. Best is trial 104 with value: 0.27492820641131904.
checkpoint_e22 window_influence: 0.33292277488638988, penalty_k: 0.31085557159690136, scale_lr: 0.40789583537219859, EAO: 0.251
Trial 1170 finished with value: 0.2512367050337598 and parameters: {'window_influence': 0.3329227748863899, 'penalty_k': 0.31085557159690136, 'scale_lr': 0.4078958353721986}. Best is trial 104 with value: 0.27492820641131904.
checkpoint_e22 window_influence: 0.38714650136085504, penalty_k: 0.02341823383381936, scale_lr: 0.76924021843587609, EAO: 0.254
Trial 1171 finished with value: 0.2537249799787514 and parameters: {'window_influence': 0.38714650136085504, 'penalty_k': 0.023418233833819357, 'scale_lr': 0.7692402184358761}. Best is trial 104 with value: 0.27492820641131904.
checkpoint_e22 window_influence: 0.36585236469431814, penalty_k: 0.10233237218566976, scale_lr: 0.46673969056156450, EAO: 0.258
Trial 1172 finished with value: 0.2578081504964247 and parameters: {'window_influence': 0.36585236469431814, 'penalty_k': 0.10233237218566976, 'scale_lr': 0.4667396905615645}. Best is trial 104 with value: 0.27492820641131904.
checkpoint_e22 window_influence: 0.27480783057653368, penalty_k: 0.19033741489250652, scale_lr: 0.14142289773829647, EAO: 0.261
Trial 1173 finished with value: 0.2612281083697226 and parameters: {'window_influence': 0.2748078305765337, 'penalty_k': 0.19033741489250652, 'scale_lr': 0.14142289773829647}. Best is trial 104 with value: 0.27492820641131904.
checkpoint_e22 window_influence: 0.63994869793426146, penalty_k: 0.00005773771312502, scale_lr: 0.62956001195912359, EAO: 0.198
Trial 1174 finished with value: 0.19762921351485135 and parameters: {'window_influence': 0.6399486979342615, 'penalty_k': 5.773771312501952e-05, 'scale_lr': 0.6295600119591236}. Best is trial 104 with value: 0.27492820641131904.
checkpoint_e22 window_influence: 0.49791388474737869, penalty_k: 0.05960333940915505, scale_lr: 0.16786435718302198, EAO: 0.248
