Trial 310 finished with value: 0.2589861136384127 and parameters: {'window_influence': 0.28393461233781236, 'penalty_k': 0.33370782567146606, 'scale_lr': 0.47424504746712814}. Best is trial 279 with value: 0.28839627738163726.
checkpoint_e34 window_influence: 0.24629252237261706, penalty_k: 0.31284339741768941, scale_lr: 0.53174775268080454, EAO: 0.253
Trial 311 finished with value: 0.2534881272936255 and parameters: {'window_influence': 0.24629252237261706, 'penalty_k': 0.3128433974176894, 'scale_lr': 0.5317477526808045}. Best is trial 279 with value: 0.28839627738163726.
checkpoint_e34 window_influence: 0.38580865392235919, penalty_k: 0.02572512926367576, scale_lr: 0.48642355600791315, EAO: 0.265
Trial 312 finished with value: 0.26515097673830945 and parameters: {'window_influence': 0.3858086539223592, 'penalty_k': 0.02572512926367576, 'scale_lr': 0.48642355600791315}. Best is trial 279 with value: 0.28839627738163726.
checkpoint_e34 window_influence: 0.39810022271862650, penalty_k: 0.35867565889783770, scale_lr: 0.55107262816442637, EAO: 0.243
Trial 313 finished with value: 0.242583789900551 and parameters: {'window_influence': 0.3981002227186265, 'penalty_k': 0.3586756588978377, 'scale_lr': 0.5510726281644264}. Best is trial 279 with value: 0.28839627738163726.
checkpoint_e34 window_influence: 0.35021122950343003, penalty_k: 0.20908103070115416, scale_lr: 0.50604362717078755, EAO: 0.258
Trial 314 finished with value: 0.2575294044686527 and parameters: {'window_influence': 0.35021122950343003, 'penalty_k': 0.20908103070115416, 'scale_lr': 0.5060436271707875}. Best is trial 279 with value: 0.28839627738163726.
checkpoint_e34 window_influence: 0.26704171840545288, penalty_k: 0.06112498813096991, scale_lr: 0.66774096990937448, EAO: 0.252
Trial 315 finished with value: 0.25188635289669037 and parameters: {'window_influence': 0.2670417184054529, 'penalty_k': 0.061124988130969914, 'scale_lr': 0.6677409699093745}. Best is trial 279 with value: 0.28839627738163726.
checkpoint_e34 window_influence: 0.30843562246291756, penalty_k: 0.27872629056961529, scale_lr: 0.64082167830333669, EAO: 0.279
Trial 316 finished with value: 0.2786229365482563 and parameters: {'window_influence': 0.30843562246291756, 'penalty_k': 0.2787262905696153, 'scale_lr': 0.6408216783033367}. Best is trial 279 with value: 0.28839627738163726.
checkpoint_e34 window_influence: 0.30337241611318366, penalty_k: 0.26271393863830483, scale_lr: 0.62445641355531933, EAO: 0.259
Trial 317 finished with value: 0.2593059563418714 and parameters: {'window_influence': 0.30337241611318366, 'penalty_k': 0.26271393863830483, 'scale_lr': 0.6244564135553193}. Best is trial 279 with value: 0.28839627738163726.
checkpoint_e34 window_influence: 0.28957991950323597, penalty_k: 0.28375460401544117, scale_lr: 0.61003042265155560, EAO: 0.267
Trial 318 finished with value: 0.266735690577728 and parameters: {'window_influence': 0.28957991950323597, 'penalty_k': 0.28375460401544117, 'scale_lr': 0.6100304226515556}. Best is trial 279 with value: 0.28839627738163726.
checkpoint_e34 window_influence: 0.31029986190073972, penalty_k: 0.27461595384748888, scale_lr: 0.63946839185013027, EAO: 0.268
Trial 319 finished with value: 0.26751852277817767 and parameters: {'window_influence': 0.3102998619007397, 'penalty_k': 0.2746159538474889, 'scale_lr': 0.6394683918501303}. Best is trial 279 with value: 0.28839627738163726.
checkpoint_e34 window_influence: 0.32482894387768713, penalty_k: 0.22381242254573155, scale_lr: 0.58088550282252527, EAO: 0.262
Trial 320 finished with value: 0.26187300997051766 and parameters: {'window_influence': 0.3248289438776871, 'penalty_k': 0.22381242254573155, 'scale_lr': 0.5808855028225253}. Best is trial 279 with value: 0.28839627738163726.
checkpoint_e34 window_influence: 0.29436960276267510, penalty_k: 0.25340424475562834, scale_lr: 0.31050785454267504, EAO: 0.262
Trial 321 finished with value: 0.26176982827302886 and parameters: {'window_influence': 0.2943696027626751, 'penalty_k': 0.25340424475562834, 'scale_lr': 0.31050785454267504}. Best is trial 279 with value: 0.28839627738163726.
checkpoint_e34 window_influence: 0.27245465570585986, penalty_k: 0.29961523478295132, scale_lr: 0.59654568267960295, EAO: 0.263
Trial 322 finished with value: 0.2628853133902317 and parameters: {'window_influence': 0.27245465570585986, 'penalty_k': 0.2996152347829513, 'scale_lr': 0.596545682679603}. Best is trial 279 with value: 0.28839627738163726.
checkpoint_e34 window_influence: 0.30949548275867139, penalty_k: 0.19690166905878731, scale_lr: 0.56518214231815089, EAO: 0.281
Trial 323 finished with value: 0.2809097772933603 and parameters: {'window_influence': 0.3094954827586714, 'penalty_k': 0.1969016690587873, 'scale_lr': 0.5651821423181509}. Best is trial 279 with value: 0.28839627738163726.
checkpoint_e34 window_influence: 0.28313840909794963, penalty_k: 0.19679319532946044, scale_lr: 0.55925328860280255, EAO: 0.262
Trial 324 finished with value: 0.2619173507380292 and parameters: {'window_influence': 0.28313840909794963, 'penalty_k': 0.19679319532946044, 'scale_lr': 0.5592532886028025}. Best is trial 279 with value: 0.28839627738163726.
checkpoint_e34 window_influence: 0.30221133600890049, penalty_k: 0.23693722700492861, scale_lr: 0.57327778823688502, EAO: 0.255
Trial 325 finished with value: 0.25483274811167056 and parameters: {'window_influence': 0.3022113360089005, 'penalty_k': 0.2369372270049286, 'scale_lr': 0.573277788236885}. Best is trial 279 with value: 0.28839627738163726.
checkpoint_e34 window_influence: 0.25933992430606911, penalty_k: 0.00085838728101910, scale_lr: 0.54090248558572418, EAO: 0.246
Trial 326 finished with value: 0.24605256791521862 and parameters: {'window_influence': 0.2593399243060691, 'penalty_k': 0.000858387281019099, 'scale_lr': 0.5409024855857242}. Best is trial 279 with value: 0.28839627738163726.
checkpoint_e34 window_influence: 0.23207793700630586, penalty_k: 0.21275768156949557, scale_lr: 0.56087488414905107, EAO: 0.265
Trial 327 finished with value: 0.26549173461470177 and parameters: {'window_influence': 0.23207793700630586, 'penalty_k': 0.21275768156949557, 'scale_lr': 0.5608748841490511}. Best is trial 279 with value: 0.28839627738163726.
checkpoint_e34 window_influence: 0.33073106106416850, penalty_k: 0.19606014081332185, scale_lr: 0.64753765630020232, EAO: 0.266
Trial 328 finished with value: 0.2660182611486776 and parameters: {'window_influence': 0.3307310610641685, 'penalty_k': 0.19606014081332185, 'scale_lr': 0.6475376563002023}. Best is trial 279 with value: 0.28839627738163726.
checkpoint_e34 window_influence: 0.30910989096750374, penalty_k: 0.29276345909490153, scale_lr: 0.67424704765637522, EAO: 0.266
Trial 329 finished with value: 0.26649745844486283 and parameters: {'window_influence': 0.30910989096750374, 'penalty_k': 0.29276345909490153, 'scale_lr': 0.6742470476563752}. Best is trial 279 with value: 0.28839627738163726.
checkpoint_e34 window_influence: 0.28525039429307431, penalty_k: 0.22614785091737849, scale_lr: 0.51990337974456668, EAO: 0.281
Trial 330 finished with value: 0.2814999067686438 and parameters: {'window_influence': 0.2852503942930743, 'penalty_k': 0.2261478509173785, 'scale_lr': 0.5199033797445667}. Best is trial 279 with value: 0.28839627738163726.
checkpoint_e34 window_influence: 0.21775375976086497, penalty_k: 0.22168677754896426, scale_lr: 0.52769292088295328, EAO: 0.262
Trial 331 finished with value: 0.26229710798195705 and parameters: {'window_influence': 0.21775375976086497, 'penalty_k': 0.22168677754896426, 'scale_lr': 0.5276929208829533}. Best is trial 279 with value: 0.28839627738163726.
checkpoint_e34 window_influence: 0.64292659113294470, penalty_k: 0.24321111507475673, scale_lr: 0.54229944046330170, EAO: 0.223
Trial 332 finished with value: 0.22269289128906358 and parameters: {'window_influence': 0.6429265911329447, 'penalty_k': 0.24321111507475673, 'scale_lr': 0.5422994404633017}. Best is trial 279 with value: 0.28839627738163726.
checkpoint_e34 window_influence: 0.09925244037310088, penalty_k: 0.22822516736034806, scale_lr: 0.51774493696161006, EAO: 0.231
Trial 333 finished with value: 0.23076679254692745 and parameters: {'window_influence': 0.09925244037310088, 'penalty_k': 0.22822516736034806, 'scale_lr': 0.5177449369616101}. Best is trial 279 with value: 0.28839627738163726.
checkpoint_e34 window_influence: 0.27765359028727549, penalty_k: 0.21176215023265196, scale_lr: 0.56922645599509669, EAO: 0.264
Trial 334 finished with value: 0.26404488516774605 and parameters: {'window_influence': 0.2776535902872755, 'penalty_k': 0.21176215023265196, 'scale_lr': 0.5692264559950967}. Best is trial 279 with value: 0.28839627738163726.
checkpoint_e34 window_influence: 0.25063541134663886, penalty_k: 0.03743994203231252, scale_lr: 0.59082162041462727, EAO: 0.264
Trial 335 finished with value: 0.26354806246311685 and parameters: {'window_influence': 0.25063541134663886, 'penalty_k': 0.03743994203231252, 'scale_lr': 0.5908216204146273}. Best is trial 279 with value: 0.28839627738163726.
checkpoint_e34 window_influence: 0.16830603956430781, penalty_k: 0.25793322118712059, scale_lr: 0.52981694841355775, EAO: 0.245
Trial 336 finished with value: 0.24458394878036607 and parameters: {'window_influence': 0.1683060395643078, 'penalty_k': 0.2579332211871206, 'scale_lr': 0.5298169484135578}. Best is trial 279 with value: 0.28839627738163726.
checkpoint_e34 window_influence: 0.26333069485869448, penalty_k: 0.18738189597707094, scale_lr: 0.50761066890505890, EAO: 0.280
Trial 337 finished with value: 0.28026551656364423 and parameters: {'window_influence': 0.2633306948586945, 'penalty_k': 0.18738189597707094, 'scale_lr': 0.5076106689050589}. Best is trial 279 with value: 0.28839627738163726.
checkpoint_e34 window_influence: 0.25620400925027131, penalty_k: 0.18126286694228949, scale_lr: 0.49791055452061767, EAO: 0.264
Trial 338 finished with value: 0.26376298881643184 and parameters: {'window_influence': 0.2562040092502713, 'penalty_k': 0.1812628669422895, 'scale_lr': 0.49791055452061767}. Best is trial 279 with value: 0.28839627738163726.
checkpoint_e34 window_influence: 0.26565062744897394, penalty_k: 0.19811018482835890, scale_lr: 0.52329054726125135, EAO: 0.271
Trial 339 finished with value: 0.2708503184764366 and parameters: {'window_influence': 0.26565062744897394, 'penalty_k': 0.1981101848283589, 'scale_lr': 0.5232905472612513}. Best is trial 279 with value: 0.28839627738163726.
checkpoint_e34 window_influence: 0.27463663201994881, penalty_k: 0.18847303387535802, scale_lr: 0.51120285204969451, EAO: 0.267
Trial 340 finished with value: 0.2671436524488092 and parameters: {'window_influence': 0.2746366320199488, 'penalty_k': 0.18847303387535802, 'scale_lr': 0.5112028520496945}. Best is trial 279 with value: 0.28839627738163726.
checkpoint_e34 window_influence: 0.28797022030186475, penalty_k: 0.23014053925348718, scale_lr: 0.55076478927683670, EAO: 0.272
Trial 341 finished with value: 0.2723987945696203 and parameters: {'window_influence': 0.28797022030186475, 'penalty_k': 0.23014053925348718, 'scale_lr': 0.5507647892768367}. Best is trial 279 with value: 0.28839627738163726.
checkpoint_e34 window_influence: 0.26244237908403706, penalty_k: 0.22586246851737363, scale_lr: 0.54294539827922850, EAO: 0.268
Trial 342 finished with value: 0.2681989446282387 and parameters: {'window_influence': 0.26244237908403706, 'penalty_k': 0.22586246851737363, 'scale_lr': 0.5429453982792285}. Best is trial 279 with value: 0.28839627738163726.
checkpoint_e34 window_influence: 0.23993451956747397, penalty_k: 0.21258854019497714, scale_lr: 0.55599396627733721, EAO: 0.260
Trial 343 finished with value: 0.259937654362946 and parameters: {'window_influence': 0.23993451956747397, 'penalty_k': 0.21258854019497714, 'scale_lr': 0.5559939662773372}. Best is trial 279 with value: 0.28839627738163726.
checkpoint_e34 window_influence: 0.28619832832463504, penalty_k: 0.24366008075898737, scale_lr: 0.58333813183525762, EAO: 0.273
Trial 344 finished with value: 0.27320567506357907 and parameters: {'window_influence': 0.28619832832463504, 'penalty_k': 0.24366008075898737, 'scale_lr': 0.5833381318352576}. Best is trial 279 with value: 0.28839627738163726.
checkpoint_e34 window_influence: 0.15994810840253346, penalty_k: 0.25661852554905107, scale_lr: 0.55934777055310925, EAO: 0.245
Trial 345 finished with value: 0.24537872789594217 and parameters: {'window_influence': 0.15994810840253346, 'penalty_k': 0.25661852554905107, 'scale_lr': 0.5593477705531092}. Best is trial 279 with value: 0.28839627738163726.
checkpoint_e34 window_influence: 0.27758794343739673, penalty_k: 0.23812446355363120, scale_lr: 0.58094298363724173, EAO: 0.271
Trial 346 finished with value: 0.27055084620549424 and parameters: {'window_influence': 0.27758794343739673, 'penalty_k': 0.2381244635536312, 'scale_lr': 0.5809429836372417}. Best is trial 279 with value: 0.28839627738163726.
checkpoint_e34 window_influence: 0.36613408955880755, penalty_k: 0.27741289529274671, scale_lr: 0.57426976742144109, EAO: 0.251
Trial 347 finished with value: 0.2514112952763472 and parameters: {'window_influence': 0.36613408955880755, 'penalty_k': 0.2774128952927467, 'scale_lr': 0.5742697674214411}. Best is trial 279 with value: 0.28839627738163726.
checkpoint_e34 window_influence: 0.25103471705077263, penalty_k: 0.24812154031054784, scale_lr: 0.60517240618819401, EAO: 0.275
Trial 348 finished with value: 0.27524953056884005 and parameters: {'window_influence': 0.2510347170507726, 'penalty_k': 0.24812154031054784, 'scale_lr': 0.605172406188194}. Best is trial 279 with value: 0.28839627738163726.
checkpoint_e34 window_influence: 0.24602072134936048, penalty_k: 0.24449451130462116, scale_lr: 0.59928024273946723, EAO: 0.275
Trial 349 finished with value: 0.2754273203814902 and parameters: {'window_influence': 0.24602072134936048, 'penalty_k': 0.24449451130462116, 'scale_lr': 0.5992802427394672}. Best is trial 279 with value: 0.28839627738163726.
checkpoint_e34 window_influence: 0.23199747025509881, penalty_k: 0.24808903730118731, scale_lr: 0.61183705581770231, EAO: 0.262
Trial 350 finished with value: 0.2620262729564333 and parameters: {'window_influence': 0.23199747025509881, 'penalty_k': 0.2480890373011873, 'scale_lr': 0.6118370558177023}. Best is trial 279 with value: 0.28839627738163726.
checkpoint_e34 window_influence: 0.21524041440071418, penalty_k: 0.26187784577602596, scale_lr: 0.60269879577489038, EAO: 0.254
Trial 351 finished with value: 0.25373045264220817 and parameters: {'window_influence': 0.21524041440071418, 'penalty_k': 0.26187784577602596, 'scale_lr': 0.6026987957748904}. Best is trial 279 with value: 0.28839627738163726.
checkpoint_e34 window_influence: 0.24886314604473009, penalty_k: 0.24569833647750525, scale_lr: 0.58521483201691982, EAO: 0.272
Trial 352 finished with value: 0.2724218054757855 and parameters: {'window_influence': 0.2488631460447301, 'penalty_k': 0.24569833647750525, 'scale_lr': 0.5852148320169198}. Best is trial 279 with value: 0.28839627738163726.
checkpoint_e34 window_influence: 0.23902446833949040, penalty_k: 0.27952408611984114, scale_lr: 0.62066941953366173, EAO: 0.273
Trial 353 finished with value: 0.27289794845794274 and parameters: {'window_influence': 0.2390244683394904, 'penalty_k': 0.27952408611984114, 'scale_lr': 0.6206694195336617}. Best is trial 279 with value: 0.28839627738163726.
checkpoint_e34 window_influence: 0.22932435876793611, penalty_k: 0.27250342745564460, scale_lr: 0.60558097425338719, EAO: 0.268
Trial 354 finished with value: 0.26792465786381464 and parameters: {'window_influence': 0.2293243587679361, 'penalty_k': 0.2725034274556446, 'scale_lr': 0.6055809742533872}. Best is trial 279 with value: 0.28839627738163726.
checkpoint_e34 window_influence: 0.24599876723752367, penalty_k: 0.27964908102684322, scale_lr: 0.62156228447249062, EAO: 0.267
Trial 355 finished with value: 0.267413479344147 and parameters: {'window_influence': 0.24599876723752367, 'penalty_k': 0.2796490810268432, 'scale_lr': 0.6215622844724906}. Best is trial 279 with value: 0.28839627738163726.
checkpoint_e34 window_influence: 0.23167276554243321, penalty_k: 0.26252388690534789, scale_lr: 0.62051792616954193, EAO: 0.260
Trial 356 finished with value: 0.2596709021344418 and parameters: {'window_influence': 0.2316727655424332, 'penalty_k': 0.2625238869053479, 'scale_lr': 0.6205179261695419}. Best is trial 279 with value: 0.28839627738163726.
checkpoint_e34 window_influence: 0.24198053498382474, penalty_k: 0.23840716048069049, scale_lr: 0.59125208645367899, EAO: 0.268
Trial 357 finished with value: 0.26787850642349664 and parameters: {'window_influence': 0.24198053498382474, 'penalty_k': 0.2384071604806905, 'scale_lr': 0.591252086453679}. Best is trial 279 with value: 0.28839627738163726.
checkpoint_e34 window_influence: 0.25473772748287388, penalty_k: 0.25094679692359495, scale_lr: 0.59873371279463805, EAO: 0.272
Trial 358 finished with value: 0.2724928764429519 and parameters: {'window_influence': 0.2547377274828739, 'penalty_k': 0.25094679692359495, 'scale_lr': 0.598733712794638}. Best is trial 279 with value: 0.28839627738163726.
checkpoint_e34 window_influence: 0.25949638223358557, penalty_k: 0.28978769988393566, scale_lr: 0.61131105771491456, EAO: 0.270
Trial 359 finished with value: 0.2699988259653735 and parameters: {'window_influence': 0.25949638223358557, 'penalty_k': 0.28978769988393566, 'scale_lr': 0.6113110577149146}. Best is trial 279 with value: 0.28839627738163726.
checkpoint_e34 window_influence: 0.23665561736514582, penalty_k: 0.26921618518522633, scale_lr: 0.62847749700253375, EAO: 0.262
Trial 360 finished with value: 0.2616619118224315 and parameters: {'window_influence': 0.23665561736514582, 'penalty_k': 0.26921618518522633, 'scale_lr': 0.6284774970025337}. Best is trial 279 with value: 0.28839627738163726.
checkpoint_e34 window_influence: 0.22137722701070839, penalty_k: 0.20545428577388156, scale_lr: 0.64662722398381345, EAO: 0.259
Trial 361 finished with value: 0.2586819810595939 and parameters: {'window_influence': 0.2213772270107084, 'penalty_k': 0.20545428577388156, 'scale_lr': 0.6466272239838134}. Best is trial 279 with value: 0.28839627738163726.
checkpoint_e34 window_influence: 0.26477777369152111, penalty_k: 0.21954777745798243, scale_lr: 0.57599893015395065, EAO: 0.265
Trial 362 finished with value: 0.26485674652626845 and parameters: {'window_influence': 0.2647777736915211, 'penalty_k': 0.21954777745798243, 'scale_lr': 0.5759989301539507}. Best is trial 279 with value: 0.28839627738163726.
checkpoint_e34 window_influence: 0.24467854409075765, penalty_k: 0.23502734685193338, scale_lr: 0.50698796841196769, EAO: 0.265
Trial 363 finished with value: 0.2647561854947873 and parameters: {'window_influence': 0.24467854409075765, 'penalty_k': 0.23502734685193338, 'scale_lr': 0.5069879684119677}. Best is trial 279 with value: 0.28839627738163726.
checkpoint_e34 window_influence: 0.21233027152813819, penalty_k: 0.25575486762759564, scale_lr: 0.59016759711879840, EAO: 0.253
Trial 364 finished with value: 0.25257740702813236 and parameters: {'window_influence': 0.2123302715281382, 'penalty_k': 0.25575486762759564, 'scale_lr': 0.5901675971187984}. Best is trial 279 with value: 0.28839627738163726.
checkpoint_e34 window_influence: 0.26818225597057399, penalty_k: 0.30311421981635656, scale_lr: 0.52056073026869143, EAO: 0.259
Trial 365 finished with value: 0.259090811862209 and parameters: {'window_influence': 0.268182255970574, 'penalty_k': 0.30311421981635656, 'scale_lr': 0.5205607302686914}. Best is trial 279 with value: 0.28839627738163726.
checkpoint_e34 window_influence: 0.25622338079171214, penalty_k: 0.28498731466025556, scale_lr: 0.56818349106116894, EAO: 0.271
Trial 366 finished with value: 0.2712129621001763 and parameters: {'window_influence': 0.25622338079171214, 'penalty_k': 0.28498731466025556, 'scale_lr': 0.5681834910611689}. Best is trial 279 with value: 0.28839627738163726.
checkpoint_e34 window_influence: 0.18131734468175248, penalty_k: 0.24571987577931179, scale_lr: 0.63508672294166246, EAO: 0.258
Trial 367 finished with value: 0.25832366222530845 and parameters: {'window_influence': 0.18131734468175248, 'penalty_k': 0.24571987577931179, 'scale_lr': 0.6350867229416625}. Best is trial 279 with value: 0.28839627738163726.
checkpoint_e34 window_influence: 0.19505072216060446, penalty_k: 0.20066477347057224, scale_lr: 0.60496870535876379, EAO: 0.251
Trial 368 finished with value: 0.25094120107530576 and parameters: {'window_influence': 0.19505072216060446, 'penalty_k': 0.20066477347057224, 'scale_lr': 0.6049687053587638}. Best is trial 279 with value: 0.28839627738163726.
checkpoint_e34 window_influence: 0.27508882199291362, penalty_k: 0.17039616090525200, scale_lr: 0.49855516938510697, EAO: 0.275
Trial 369 finished with value: 0.27493844750693175 and parameters: {'window_influence': 0.2750888219929136, 'penalty_k': 0.170396160905252, 'scale_lr': 0.49855516938510697}. Best is trial 279 with value: 0.28839627738163726.
checkpoint_e34 window_influence: 0.27947417794801177, penalty_k: 0.21805761605254184, scale_lr: 0.53312451525123972, EAO: 0.269
Trial 370 finished with value: 0.268541339633426 and parameters: {'window_influence': 0.27947417794801177, 'penalty_k': 0.21805761605254184, 'scale_lr': 0.5331245152512397}. Best is trial 279 with value: 0.28839627738163726.
checkpoint_e34 window_influence: 0.30101137506135295, penalty_k: 0.17367043841626872, scale_lr: 0.50184272812807507, EAO: 0.262
Trial 371 finished with value: 0.26225495816973166 and parameters: {'window_influence': 0.30101137506135295, 'penalty_k': 0.17367043841626872, 'scale_lr': 0.5018427281280751}. Best is trial 279 with value: 0.28839627738163726.
checkpoint_e34 window_influence: 0.27351448195495492, penalty_k: 0.16499017689952639, scale_lr: 0.58629415801263296, EAO: 0.255
