Trial 1168 finished with value: 0.26828724781914454 and parameters: {'window_influence': 0.38487087018600785, 'penalty_k': 0.15296265902602643, 'scale_lr': 0.45988722297946205}. Best is trial 977 with value: 0.2897923603896203.
checkpoint_e32 window_influence: 0.17595334871092297, penalty_k: 0.11051805130570805, scale_lr: 0.12826555363916489, EAO: 0.246
Trial 1169 finished with value: 0.24601160922670753 and parameters: {'window_influence': 0.17595334871092297, 'penalty_k': 0.11051805130570805, 'scale_lr': 0.1282655536391649}. Best is trial 977 with value: 0.2897923603896203.
checkpoint_e32 window_influence: 0.23770307103331734, penalty_k: 0.14161655189480549, scale_lr: 0.16343224605507811, EAO: 0.258
Trial 1170 finished with value: 0.25817947707525113 and parameters: {'window_influence': 0.23770307103331734, 'penalty_k': 0.1416165518948055, 'scale_lr': 0.1634322460550781}. Best is trial 977 with value: 0.2897923603896203.
checkpoint_e32 window_influence: 0.43570930486915638, penalty_k: 0.47012567025736679, scale_lr: 0.11478987979334533, EAO: 0.250
Trial 1171 finished with value: 0.24974271073573973 and parameters: {'window_influence': 0.4357093048691564, 'penalty_k': 0.4701256702573668, 'scale_lr': 0.11478987979334533}. Best is trial 977 with value: 0.2897923603896203.
checkpoint_e32 window_influence: 0.41924122264834957, penalty_k: 0.35140387710393534, scale_lr: 0.13885437912916340, EAO: 0.262
Trial 1172 finished with value: 0.26170965374969857 and parameters: {'window_influence': 0.41924122264834957, 'penalty_k': 0.35140387710393534, 'scale_lr': 0.1388543791291634}. Best is trial 977 with value: 0.2897923603896203.
checkpoint_e32 window_influence: 0.36762140470025129, penalty_k: 0.26220881563626491, scale_lr: 0.24654028225492994, EAO: 0.252
Trial 1173 finished with value: 0.2524326258316273 and parameters: {'window_influence': 0.3676214047002513, 'penalty_k': 0.2622088156362649, 'scale_lr': 0.24654028225492994}. Best is trial 977 with value: 0.2897923603896203.
checkpoint_e32 window_influence: 0.40540322602070555, penalty_k: 0.12805040964527889, scale_lr: 0.28747318907699126, EAO: 0.266
Trial 1174 finished with value: 0.26636631932200455 and parameters: {'window_influence': 0.40540322602070555, 'penalty_k': 0.1280504096452789, 'scale_lr': 0.28747318907699126}. Best is trial 977 with value: 0.2897923603896203.
checkpoint_e32 window_influence: 0.44497824877408598, penalty_k: 0.56924248191036775, scale_lr: 0.20578657424334990, EAO: 0.238
Trial 1175 finished with value: 0.23791363998884107 and parameters: {'window_influence': 0.444978248774086, 'penalty_k': 0.5692424819103677, 'scale_lr': 0.2057865742433499}. Best is trial 977 with value: 0.2897923603896203.
checkpoint_e32 window_influence: 0.19079142524103004, penalty_k: 0.20116864489754682, scale_lr: 0.12486468571829762, EAO: 0.249
Trial 1176 finished with value: 0.24892578286126377 and parameters: {'window_influence': 0.19079142524103004, 'penalty_k': 0.20116864489754682, 'scale_lr': 0.12486468571829762}. Best is trial 977 with value: 0.2897923603896203.
checkpoint_e32 window_influence: 0.38954077249010360, penalty_k: 0.16018073830869886, scale_lr: 0.17410325339542465, EAO: 0.266
Trial 1177 finished with value: 0.266049190749967 and parameters: {'window_influence': 0.3895407724901036, 'penalty_k': 0.16018073830869886, 'scale_lr': 0.17410325339542465}. Best is trial 977 with value: 0.2897923603896203.
checkpoint_e32 window_influence: 0.56546917580352585, penalty_k: 0.12194563048743809, scale_lr: 0.14892976834361579, EAO: 0.244
Trial 1178 finished with value: 0.24398342344334456 and parameters: {'window_influence': 0.5654691758035258, 'penalty_k': 0.12194563048743809, 'scale_lr': 0.1489297683436158}. Best is trial 977 with value: 0.2897923603896203.
checkpoint_e32 window_influence: 0.53027665509901645, penalty_k: 0.14514194057574897, scale_lr: 0.26981429502135601, EAO: 0.250
Trial 1179 finished with value: 0.2496486754436803 and parameters: {'window_influence': 0.5302766550990164, 'penalty_k': 0.14514194057574897, 'scale_lr': 0.269814295021356}. Best is trial 977 with value: 0.2897923603896203.
checkpoint_e32 window_influence: 0.42538064489968885, penalty_k: 0.52360426550101258, scale_lr: 0.71071778689812037, EAO: 0.264
Trial 1180 finished with value: 0.26384939350248354 and parameters: {'window_influence': 0.42538064489968885, 'penalty_k': 0.5236042655010126, 'scale_lr': 0.7107177868981204}. Best is trial 977 with value: 0.2897923603896203.
checkpoint_e32 window_influence: 0.41371518725526946, penalty_k: 0.17000302166157780, scale_lr: 0.11222303079838344, EAO: 0.275
Trial 1181 finished with value: 0.2746229479467966 and parameters: {'window_influence': 0.41371518725526946, 'penalty_k': 0.1700030216615778, 'scale_lr': 0.11222303079838344}. Best is trial 977 with value: 0.2897923603896203.
checkpoint_e32 window_influence: 0.46431343110653056, penalty_k: 0.13405166313430208, scale_lr: 0.13221296860969445, EAO: 0.274
Trial 1182 finished with value: 0.2739784680004042 and parameters: {'window_influence': 0.46431343110653056, 'penalty_k': 0.13405166313430208, 'scale_lr': 0.13221296860969445}. Best is trial 977 with value: 0.2897923603896203.
checkpoint_e32 window_influence: 0.21273999840448657, penalty_k: 0.48966770409695021, scale_lr: 0.48189749843080387, EAO: 0.255
Trial 1183 finished with value: 0.25456960814270546 and parameters: {'window_influence': 0.21273999840448657, 'penalty_k': 0.4896677040969502, 'scale_lr': 0.4818974984308039}. Best is trial 977 with value: 0.2897923603896203.
checkpoint_e32 window_influence: 0.39742212562823209, penalty_k: 0.15491715010577828, scale_lr: 0.18662939344428858, EAO: 0.264
Trial 1184 finished with value: 0.2644977991779645 and parameters: {'window_influence': 0.3974221256282321, 'penalty_k': 0.15491715010577828, 'scale_lr': 0.18662939344428858}. Best is trial 977 with value: 0.2897923603896203.
checkpoint_e32 window_influence: 0.45068723968480334, penalty_k: 0.11098528826836815, scale_lr: 0.65896900752622722, EAO: 0.267
Trial 1185 finished with value: 0.26744114795351415 and parameters: {'window_influence': 0.45068723968480334, 'penalty_k': 0.11098528826836815, 'scale_lr': 0.6589690075262272}. Best is trial 977 with value: 0.2897923603896203.
checkpoint_e32 window_influence: 0.37773310407640143, penalty_k: 0.24667913864882166, scale_lr: 0.15461806649455326, EAO: 0.264
Trial 1186 finished with value: 0.26394970036619075 and parameters: {'window_influence': 0.3777331040764014, 'penalty_k': 0.24667913864882166, 'scale_lr': 0.15461806649455326}. Best is trial 977 with value: 0.2897923603896203.
checkpoint_e32 window_influence: 0.43145942016301941, penalty_k: 0.18257484141344066, scale_lr: 0.13881482549023505, EAO: 0.273
Trial 1187 finished with value: 0.272615296569297 and parameters: {'window_influence': 0.4314594201630194, 'penalty_k': 0.18257484141344066, 'scale_lr': 0.13881482549023505}. Best is trial 977 with value: 0.2897923603896203.
checkpoint_e32 window_influence: 0.41300667950997921, penalty_k: 0.13220753253693240, scale_lr: 0.31577423070544763, EAO: 0.260
Trial 1188 finished with value: 0.2599035752255742 and parameters: {'window_influence': 0.4130066795099792, 'penalty_k': 0.1322075325369324, 'scale_lr': 0.31577423070544763}. Best is trial 977 with value: 0.2897923603896203.
checkpoint_e32 window_influence: 0.39730330269125463, penalty_k: 0.14661743518503975, scale_lr: 0.12097872119739438, EAO: 0.269
Trial 1189 finished with value: 0.26904245835494217 and parameters: {'window_influence': 0.39730330269125463, 'penalty_k': 0.14661743518503975, 'scale_lr': 0.12097872119739438}. Best is trial 977 with value: 0.2897923603896203.
checkpoint_e32 window_influence: 0.55057184719269192, penalty_k: 0.26035596867599820, scale_lr: 0.11099882062963551, EAO: 0.238
Trial 1190 finished with value: 0.238437554640014 and parameters: {'window_influence': 0.5505718471926919, 'penalty_k': 0.2603559686759982, 'scale_lr': 0.11099882062963551}. Best is trial 977 with value: 0.2897923603896203.
checkpoint_e32 window_influence: 0.42092206392080606, penalty_k: 0.10750747025569238, scale_lr: 0.15920875064141424, EAO: 0.278
Trial 1191 finished with value: 0.27750403161455944 and parameters: {'window_influence': 0.42092206392080606, 'penalty_k': 0.10750747025569238, 'scale_lr': 0.15920875064141424}. Best is trial 977 with value: 0.2897923603896203.
checkpoint_e32 window_influence: 0.38737452183407395, penalty_k: 0.45191989305627167, scale_lr: 0.72766692057554483, EAO: 0.261
Trial 1192 finished with value: 0.26108670071130846 and parameters: {'window_influence': 0.38737452183407395, 'penalty_k': 0.45191989305627167, 'scale_lr': 0.7276669205755448}. Best is trial 977 with value: 0.2897923603896203.
checkpoint_e32 window_influence: 0.40682606217954254, penalty_k: 0.51340705146564447, scale_lr: 0.42987456265676383, EAO: 0.262
Trial 1193 finished with value: 0.26234859276593214 and parameters: {'window_influence': 0.40682606217954254, 'penalty_k': 0.5134070514656445, 'scale_lr': 0.4298745626567638}. Best is trial 977 with value: 0.2897923603896203.
checkpoint_e32 window_influence: 0.43844964046114132, penalty_k: 0.01343927969655904, scale_lr: 0.57817370740177754, EAO: 0.274
Trial 1194 finished with value: 0.2743331685783417 and parameters: {'window_influence': 0.4384496404611413, 'penalty_k': 0.01343927969655904, 'scale_lr': 0.5781737074017775}. Best is trial 977 with value: 0.2897923603896203.
checkpoint_e32 window_influence: 0.36689126761443736, penalty_k: 0.44821262424269948, scale_lr: 0.21514507052475410, EAO: 0.235
Trial 1195 finished with value: 0.235370767613252 and parameters: {'window_influence': 0.36689126761443736, 'penalty_k': 0.4482126242426995, 'scale_lr': 0.2151450705247541}. Best is trial 977 with value: 0.2897923603896203.
checkpoint_e32 window_influence: 0.42668190532940808, penalty_k: 0.30884826859280123, scale_lr: 0.61474159720296806, EAO: 0.259
Trial 1196 finished with value: 0.25933760901292163 and parameters: {'window_influence': 0.4266819053294081, 'penalty_k': 0.30884826859280123, 'scale_lr': 0.6147415972029681}. Best is trial 977 with value: 0.2897923603896203.
checkpoint_e32 window_influence: 0.08583519261462669, penalty_k: 0.52993549837871545, scale_lr: 0.13895057602946997, EAO: 0.228
Trial 1197 finished with value: 0.22762727695025078 and parameters: {'window_influence': 0.08583519261462669, 'penalty_k': 0.5299354983787155, 'scale_lr': 0.13895057602946997}. Best is trial 977 with value: 0.2897923603896203.
checkpoint_e32 window_influence: 0.39976095560336061, penalty_k: 0.16192401591857208, scale_lr: 0.39941277687621968, EAO: 0.264
Trial 1198 finished with value: 0.26356983620946 and parameters: {'window_influence': 0.3997609556033606, 'penalty_k': 0.16192401591857208, 'scale_lr': 0.3994127768762197}. Best is trial 977 with value: 0.2897923603896203.
checkpoint_e32 window_influence: 0.50008008410631555, penalty_k: 0.38715493612985469, scale_lr: 0.23576178730459535, EAO: 0.252
Trial 1199 finished with value: 0.2524419691019911 and parameters: {'window_influence': 0.5000800841063155, 'penalty_k': 0.3871549361298547, 'scale_lr': 0.23576178730459535}. Best is trial 977 with value: 0.2897923603896203.
checkpoint_e32 window_influence: 0.37938389139133777, penalty_k: 0.12085050925991805, scale_lr: 0.17718966198281222, EAO: 0.260
Trial 1200 finished with value: 0.2596736274720208 and parameters: {'window_influence': 0.37938389139133777, 'penalty_k': 0.12085050925991805, 'scale_lr': 0.17718966198281222}. Best is trial 977 with value: 0.2897923603896203.
checkpoint_e32 window_influence: 0.40955876182418149, penalty_k: 0.28891529219578299, scale_lr: 0.55498072860985070, EAO: 0.255
Trial 1201 finished with value: 0.2552276681957206 and parameters: {'window_influence': 0.4095587618241815, 'penalty_k': 0.288915292195783, 'scale_lr': 0.5549807286098507}. Best is trial 977 with value: 0.2897923603896203.
checkpoint_e32 window_influence: 0.58670873323843442, penalty_k: 0.14011402940880185, scale_lr: 0.12396448414828291, EAO: 0.243
Trial 1202 finished with value: 0.24278966700885354 and parameters: {'window_influence': 0.5867087332384344, 'penalty_k': 0.14011402940880185, 'scale_lr': 0.12396448414828291}. Best is trial 977 with value: 0.2897923603896203.
checkpoint_e32 window_influence: 0.57529800926021124, penalty_k: 0.33806748295913269, scale_lr: 0.62463063571921196, EAO: 0.226
Trial 1203 finished with value: 0.2261144299574984 and parameters: {'window_influence': 0.5752980092602112, 'penalty_k': 0.3380674829591327, 'scale_lr': 0.624630635719212}. Best is trial 977 with value: 0.2897923603896203.
checkpoint_e32 window_influence: 0.45132244932802429, penalty_k: 0.15097701432382057, scale_lr: 0.40785086200822068, EAO: 0.254
Trial 1204 finished with value: 0.25411260836735006 and parameters: {'window_influence': 0.4513224493280243, 'penalty_k': 0.15097701432382057, 'scale_lr': 0.4078508620082207}. Best is trial 977 with value: 0.2897923603896203.
checkpoint_e32 window_influence: 0.38958966968796088, penalty_k: 0.17291755032998224, scale_lr: 0.11355116998503914, EAO: 0.278
Trial 1205 finished with value: 0.2780946610662026 and parameters: {'window_influence': 0.3895896696879609, 'penalty_k': 0.17291755032998224, 'scale_lr': 0.11355116998503914}. Best is trial 977 with value: 0.2897923603896203.
checkpoint_e32 window_influence: 0.41897835022259444, penalty_k: 0.59245242309253854, scale_lr: 0.68135499689258028, EAO: 0.248
Trial 1206 finished with value: 0.24773232705467116 and parameters: {'window_influence': 0.41897835022259444, 'penalty_k': 0.5924524230925385, 'scale_lr': 0.6813549968925803}. Best is trial 977 with value: 0.2897923603896203.
checkpoint_e32 window_influence: 0.43487757597635390, penalty_k: 0.42803852203030257, scale_lr: 0.15032166865850097, EAO: 0.261
Trial 1207 finished with value: 0.2606380752068225 and parameters: {'window_influence': 0.4348775759763539, 'penalty_k': 0.42803852203030257, 'scale_lr': 0.15032166865850097}. Best is trial 977 with value: 0.2897923603896203.
checkpoint_e32 window_influence: 0.59465776581592200, penalty_k: 0.19300939512146059, scale_lr: 0.50248826690968418, EAO: 0.223
Trial 1208 finished with value: 0.22284052224178624 and parameters: {'window_influence': 0.594657765815922, 'penalty_k': 0.1930093951214606, 'scale_lr': 0.5024882669096842}. Best is trial 977 with value: 0.2897923603896203.
checkpoint_e32 window_influence: 0.39923398787661823, penalty_k: 0.12269812801230137, scale_lr: 0.13631513597088316, EAO: 0.274
Trial 1209 finished with value: 0.27411594653759547 and parameters: {'window_influence': 0.39923398787661823, 'penalty_k': 0.12269812801230137, 'scale_lr': 0.13631513597088316}. Best is trial 977 with value: 0.2897923603896203.
checkpoint_e32 window_influence: 0.41645439735775064, penalty_k: 0.13367808349281654, scale_lr: 0.10034712758426877, EAO: 0.270
Trial 1210 finished with value: 0.27034775622007323 and parameters: {'window_influence': 0.41645439735775064, 'penalty_k': 0.13367808349281654, 'scale_lr': 0.10034712758426877}. Best is trial 977 with value: 0.2897923603896203.
checkpoint_e32 window_influence: 0.36716239701177000, penalty_k: 0.21398697292597296, scale_lr: 0.16265987063346785, EAO: 0.267
Trial 1211 finished with value: 0.26655448948949334 and parameters: {'window_influence': 0.36716239701177, 'penalty_k': 0.21398697292597296, 'scale_lr': 0.16265987063346785}. Best is trial 977 with value: 0.2897923603896203.
checkpoint_e32 window_influence: 0.48322454795922726, penalty_k: 0.41373953439621924, scale_lr: 0.76884993430834214, EAO: 0.256
Trial 1212 finished with value: 0.25641593179567074 and parameters: {'window_influence': 0.48322454795922726, 'penalty_k': 0.41373953439621924, 'scale_lr': 0.7688499343083421}. Best is trial 977 with value: 0.2897923603896203.
checkpoint_e32 window_influence: 0.37955084379774912, penalty_k: 0.16329719525652328, scale_lr: 0.20066753519007363, EAO: 0.259
Trial 1213 finished with value: 0.2593731557935234 and parameters: {'window_influence': 0.3795508437977491, 'penalty_k': 0.16329719525652328, 'scale_lr': 0.20066753519007363}. Best is trial 977 with value: 0.2897923603896203.
checkpoint_e32 window_influence: 0.23350241267829963, penalty_k: 0.14618010111062468, scale_lr: 0.59702997832238469, EAO: 0.265
Trial 1214 finished with value: 0.26474819598886057 and parameters: {'window_influence': 0.23350241267829963, 'penalty_k': 0.14618010111062468, 'scale_lr': 0.5970299783223847}. Best is trial 977 with value: 0.2897923603896203.
checkpoint_e32 window_influence: 0.40592031949552421, penalty_k: 0.49821978964505709, scale_lr: 0.12615666748716589, EAO: 0.255
Trial 1215 finished with value: 0.2554423663674331 and parameters: {'window_influence': 0.4059203194955242, 'penalty_k': 0.4982197896450571, 'scale_lr': 0.1261566674871659}. Best is trial 977 with value: 0.2897923603896203.
checkpoint_e32 window_influence: 0.62009601516970803, penalty_k: 0.36986072231337525, scale_lr: 0.14731366376494065, EAO: 0.216
Trial 1216 finished with value: 0.21633337892410232 and parameters: {'window_influence': 0.620096015169708, 'penalty_k': 0.36986072231337525, 'scale_lr': 0.14731366376494065}. Best is trial 977 with value: 0.2897923603896203.
checkpoint_e32 window_influence: 0.55565850118994253, penalty_k: 0.33327602565574321, scale_lr: 0.11221312243352111, EAO: 0.240
Trial 1217 finished with value: 0.24021510543619715 and parameters: {'window_influence': 0.5556585011899425, 'penalty_k': 0.3332760256557432, 'scale_lr': 0.1122131224335211}. Best is trial 977 with value: 0.2897923603896203.
checkpoint_e32 window_influence: 0.42887721519733885, penalty_k: 0.10631715248902629, scale_lr: 0.25496641264606928, EAO: 0.261
Trial 1218 finished with value: 0.26053621456390474 and parameters: {'window_influence': 0.42887721519733885, 'penalty_k': 0.10631715248902629, 'scale_lr': 0.2549664126460693}. Best is trial 977 with value: 0.2897923603896203.
checkpoint_e32 window_influence: 0.50573535810365522, penalty_k: 0.13266133243344008, scale_lr: 0.12758249498020080, EAO: 0.266
Trial 1219 finished with value: 0.2663110847153315 and parameters: {'window_influence': 0.5057353581036552, 'penalty_k': 0.13266133243344008, 'scale_lr': 0.1275824949802008}. Best is trial 977 with value: 0.2897923603896203.
checkpoint_e32 window_influence: 0.38850591784861427, penalty_k: 0.11743073473891753, scale_lr: 0.63949692867226038, EAO: 0.245
Trial 1220 finished with value: 0.24483824757541098 and parameters: {'window_influence': 0.38850591784861427, 'penalty_k': 0.11743073473891753, 'scale_lr': 0.6394969286722604}. Best is trial 977 with value: 0.2897923603896203.
checkpoint_e32 window_influence: 0.46620160621273893, penalty_k: 0.15509255765274557, scale_lr: 0.17245785329076430, EAO: 0.259
Trial 1221 finished with value: 0.25903361048397977 and parameters: {'window_influence': 0.46620160621273893, 'penalty_k': 0.15509255765274557, 'scale_lr': 0.1724578532907643}. Best is trial 977 with value: 0.2897923603896203.
checkpoint_e32 window_influence: 0.44604411577513958, penalty_k: 0.17731285867321120, scale_lr: 0.14030774668313478, EAO: 0.276
Trial 1222 finished with value: 0.27551894289691276 and parameters: {'window_influence': 0.4460441157751396, 'penalty_k': 0.1773128586732112, 'scale_lr': 0.14030774668313478}. Best is trial 977 with value: 0.2897923603896203.
checkpoint_e32 window_influence: 0.19578394845781708, penalty_k: 0.27276409810543184, scale_lr: 0.44406033147558616, EAO: 0.254
Trial 1223 finished with value: 0.2540111905796741 and parameters: {'window_influence': 0.19578394845781708, 'penalty_k': 0.27276409810543184, 'scale_lr': 0.44406033147558616}. Best is trial 977 with value: 0.2897923603896203.
checkpoint_e32 window_influence: 0.41037801931521323, penalty_k: 0.14284489531935107, scale_lr: 0.52728171743639729, EAO: 0.264
Trial 1224 finished with value: 0.26402964346050245 and parameters: {'window_influence': 0.4103780193152132, 'penalty_k': 0.14284489531935107, 'scale_lr': 0.5272817174363973}. Best is trial 977 with value: 0.2897923603896203.
checkpoint_e32 window_influence: 0.42227881692950753, penalty_k: 0.12731028031472563, scale_lr: 0.45659667566866041, EAO: 0.280
Trial 1225 finished with value: 0.2800536059994039 and parameters: {'window_influence': 0.42227881692950753, 'penalty_k': 0.12731028031472563, 'scale_lr': 0.4565966756686604}. Best is trial 977 with value: 0.2897923603896203.
checkpoint_e32 window_influence: 0.09783906696055927, penalty_k: 0.16637766641114457, scale_lr: 0.57045561242363640, EAO: 0.248
Trial 1226 finished with value: 0.248493243705451 and parameters: {'window_influence': 0.09783906696055927, 'penalty_k': 0.16637766641114457, 'scale_lr': 0.5704556124236364}. Best is trial 977 with value: 0.2897923603896203.
checkpoint_e32 window_influence: 0.39480098097304683, penalty_k: 0.48036276467295252, scale_lr: 0.65737977905615419, EAO: 0.265
Trial 1227 finished with value: 0.26543639945547753 and parameters: {'window_influence': 0.39480098097304683, 'penalty_k': 0.4803627646729525, 'scale_lr': 0.6573797790561542}. Best is trial 977 with value: 0.2897923603896203.
checkpoint_e32 window_influence: 0.37850330655842745, penalty_k: 0.29666980891928829, scale_lr: 0.36399357774046481, EAO: 0.268
Trial 1228 finished with value: 0.2683937814298684 and parameters: {'window_influence': 0.37850330655842745, 'penalty_k': 0.2966698089192883, 'scale_lr': 0.3639935777404648}. Best is trial 977 with value: 0.2897923603896203.
checkpoint_e32 window_influence: 0.25292960882828658, penalty_k: 0.32393872069068441, scale_lr: 0.11284787307543392, EAO: 0.258
Trial 1229 finished with value: 0.2575516941828456 and parameters: {'window_influence': 0.2529296088282866, 'penalty_k': 0.3239387206906844, 'scale_lr': 0.11284787307543392}. Best is trial 977 with value: 0.2897923603896203.
checkpoint_e32 window_influence: 0.44079512194027221, penalty_k: 0.00909215823700424, scale_lr: 0.47367831701952207, EAO: 0.264
