Trial 496 finished with value: 0.26426289224527716 and parameters: {'window_influence': 0.31556569372565135, 'penalty_k': 0.2220447769906161, 'scale_lr': 0.3923864387554906}. Best is trial 431 with value: 0.29227477542268554.
checkpoint_e34 window_influence: 0.34561474833252914, penalty_k: 0.10491046660854185, scale_lr: 0.55418678546893718, EAO: 0.251
Trial 497 finished with value: 0.25124398582592244 and parameters: {'window_influence': 0.34561474833252914, 'penalty_k': 0.10491046660854185, 'scale_lr': 0.5541867854689372}. Best is trial 431 with value: 0.29227477542268554.
checkpoint_e34 window_influence: 0.15480828754162859, penalty_k: 0.23771627220135941, scale_lr: 0.65653926752892400, EAO: 0.249
Trial 498 finished with value: 0.24851469083772443 and parameters: {'window_influence': 0.1548082875416286, 'penalty_k': 0.2377162722013594, 'scale_lr': 0.656539267528924}. Best is trial 431 with value: 0.29227477542268554.
checkpoint_e34 window_influence: 0.51320752760591359, penalty_k: 0.26538431751729719, scale_lr: 0.78292490908421553, EAO: 0.243
Trial 499 finished with value: 0.24332397346331822 and parameters: {'window_influence': 0.5132075276059136, 'penalty_k': 0.2653843175172972, 'scale_lr': 0.7829249090842155}. Best is trial 431 with value: 0.29227477542268554.
checkpoint_e34 window_influence: 0.30261902567214227, penalty_k: 0.20437031633000949, scale_lr: 0.57214635662343127, EAO: 0.271
Trial 500 finished with value: 0.2710791456142092 and parameters: {'window_influence': 0.30261902567214227, 'penalty_k': 0.2043703163300095, 'scale_lr': 0.5721463566234313}. Best is trial 431 with value: 0.29227477542268554.
checkpoint_e34 window_influence: 0.37274773320010723, penalty_k: 0.22385737071873985, scale_lr: 0.52036850034107185, EAO: 0.270
Trial 501 finished with value: 0.2697450141838896 and parameters: {'window_influence': 0.37274773320010723, 'penalty_k': 0.22385737071873985, 'scale_lr': 0.5203685003410718}. Best is trial 431 with value: 0.29227477542268554.
checkpoint_e34 window_influence: 0.19839050212103757, penalty_k: 0.04334680460450539, scale_lr: 0.54199972179884959, EAO: 0.253
Trial 502 finished with value: 0.2530495054353543 and parameters: {'window_influence': 0.19839050212103757, 'penalty_k': 0.04334680460450539, 'scale_lr': 0.5419997217988496}. Best is trial 431 with value: 0.29227477542268554.
checkpoint_e34 window_influence: 0.32199334716372779, penalty_k: 0.18723499674207841, scale_lr: 0.50545543522598602, EAO: 0.263
Trial 503 finished with value: 0.2625495336525808 and parameters: {'window_influence': 0.3219933471637278, 'penalty_k': 0.1872349967420784, 'scale_lr': 0.505455435225986}. Best is trial 431 with value: 0.29227477542268554.
checkpoint_e34 window_influence: 0.29783384615695363, penalty_k: 0.13091177874458595, scale_lr: 0.52941331042969697, EAO: 0.267
Trial 504 finished with value: 0.26701164760482987 and parameters: {'window_influence': 0.29783384615695363, 'penalty_k': 0.13091177874458595, 'scale_lr': 0.529413310429697}. Best is trial 431 with value: 0.29227477542268554.
checkpoint_e34 window_influence: 0.18127126356493953, penalty_k: 0.21380210547877204, scale_lr: 0.38771172113726166, EAO: 0.246
Trial 505 finished with value: 0.2462541114508621 and parameters: {'window_influence': 0.18127126356493953, 'penalty_k': 0.21380210547877204, 'scale_lr': 0.38771172113726166}. Best is trial 431 with value: 0.29227477542268554.
checkpoint_e34 window_influence: 0.33421628378773682, penalty_k: 0.37638626239292428, scale_lr: 0.48608417294704931, EAO: 0.262
Trial 506 finished with value: 0.2624521122836485 and parameters: {'window_influence': 0.3342162837877368, 'penalty_k': 0.3763862623929243, 'scale_lr': 0.4860841729470493}. Best is trial 431 with value: 0.29227477542268554.
checkpoint_e34 window_influence: 0.62996232075821423, penalty_k: 0.24236879021905805, scale_lr: 0.55219879093840540, EAO: 0.223
Trial 507 finished with value: 0.22309966233929968 and parameters: {'window_influence': 0.6299623207582142, 'penalty_k': 0.24236879021905805, 'scale_lr': 0.5521987909384054}. Best is trial 431 with value: 0.29227477542268554.
checkpoint_e34 window_influence: 0.30532611734387272, penalty_k: 0.06372079099255734, scale_lr: 0.60273007816097968, EAO: 0.270
Trial 508 finished with value: 0.2704840099545029 and parameters: {'window_influence': 0.3053261173438727, 'penalty_k': 0.06372079099255734, 'scale_lr': 0.6027300781609797}. Best is trial 431 with value: 0.29227477542268554.
checkpoint_e34 window_influence: 0.22363229825260417, penalty_k: 0.25875022808386788, scale_lr: 0.47378467276404840, EAO: 0.263
Trial 509 finished with value: 0.26341721142937496 and parameters: {'window_influence': 0.22363229825260417, 'penalty_k': 0.2587502280838679, 'scale_lr': 0.4737846727640484}. Best is trial 431 with value: 0.29227477542268554.
checkpoint_e34 window_influence: 0.05055500869965901, penalty_k: 0.19719302942704742, scale_lr: 0.44848759469589849, EAO: 0.225
Trial 510 finished with value: 0.22501781134586024 and parameters: {'window_influence': 0.05055500869965901, 'penalty_k': 0.19719302942704742, 'scale_lr': 0.4484875946958985}. Best is trial 431 with value: 0.29227477542268554.
checkpoint_e34 window_influence: 0.51797650280457053, penalty_k: 0.01196374098475567, scale_lr: 0.68793175524406092, EAO: 0.239
Trial 511 finished with value: 0.23919482274753293 and parameters: {'window_influence': 0.5179765028045705, 'penalty_k': 0.011963740984755673, 'scale_lr': 0.6879317552440609}. Best is trial 431 with value: 0.29227477542268554.
checkpoint_e34 window_influence: 0.31362455899296898, penalty_k: 0.22993097614956692, scale_lr: 0.51188927625194658, EAO: 0.270
Trial 512 finished with value: 0.27003406054847606 and parameters: {'window_influence': 0.313624558992969, 'penalty_k': 0.22993097614956692, 'scale_lr': 0.5118892762519466}. Best is trial 431 with value: 0.29227477542268554.
checkpoint_e34 window_influence: 0.35968775634873229, penalty_k: 0.21297022689629955, scale_lr: 0.63333074834601755, EAO: 0.251
Trial 513 finished with value: 0.25070054774604195 and parameters: {'window_influence': 0.3596877563487323, 'penalty_k': 0.21297022689629955, 'scale_lr': 0.6333307483460175}. Best is trial 431 with value: 0.29227477542268554.
checkpoint_e34 window_influence: 0.32744310576537938, penalty_k: 0.27574793703509931, scale_lr: 0.10260109268358281, EAO: 0.261
Trial 514 finished with value: 0.2609522541364034 and parameters: {'window_influence': 0.3274431057653794, 'penalty_k': 0.2757479370350993, 'scale_lr': 0.1026010926835828}. Best is trial 431 with value: 0.29227477542268554.
checkpoint_e34 window_influence: 0.39601809399910870, penalty_k: 0.18618932707345265, scale_lr: 0.49719460120040687, EAO: 0.259
Trial 515 finished with value: 0.2592491409400614 and parameters: {'window_influence': 0.3960180939991087, 'penalty_k': 0.18618932707345265, 'scale_lr': 0.49719460120040687}. Best is trial 431 with value: 0.29227477542268554.
checkpoint_e34 window_influence: 0.28909820275287418, penalty_k: 0.20177643638603035, scale_lr: 0.53564258988410507, EAO: 0.275
Trial 516 finished with value: 0.27489848816540186 and parameters: {'window_influence': 0.2890982027528742, 'penalty_k': 0.20177643638603035, 'scale_lr': 0.5356425898841051}. Best is trial 431 with value: 0.29227477542268554.
checkpoint_e34 window_influence: 0.42527989462050170, penalty_k: 0.24982402254978220, scale_lr: 0.20581652017235433, EAO: 0.245
Trial 517 finished with value: 0.2451179528502914 and parameters: {'window_influence': 0.4252798946205017, 'penalty_k': 0.2498240225497822, 'scale_lr': 0.20581652017235433}. Best is trial 431 with value: 0.29227477542268554.
checkpoint_e34 window_influence: 0.12895632940124546, penalty_k: 0.34667790648599117, scale_lr: 0.36601731155112438, EAO: 0.243
Trial 518 finished with value: 0.24276483410257635 and parameters: {'window_influence': 0.12895632940124546, 'penalty_k': 0.34667790648599117, 'scale_lr': 0.3660173115511244}. Best is trial 431 with value: 0.29227477542268554.
checkpoint_e34 window_influence: 0.53348046676652883, penalty_k: 0.08481254689597136, scale_lr: 0.57014416330633555, EAO: 0.248
Trial 519 finished with value: 0.2484943970916717 and parameters: {'window_influence': 0.5334804667665288, 'penalty_k': 0.08481254689597136, 'scale_lr': 0.5701441633063355}. Best is trial 431 with value: 0.29227477542268554.
checkpoint_e34 window_influence: 0.34376123532638997, penalty_k: 0.14728718137183811, scale_lr: 0.70821017829929156, EAO: 0.260
Trial 520 finished with value: 0.25962956292115574 and parameters: {'window_influence': 0.34376123532638997, 'penalty_k': 0.1472871813718381, 'scale_lr': 0.7082101782992916}. Best is trial 431 with value: 0.29227477542268554.
checkpoint_e34 window_influence: 0.25173635332966005, penalty_k: 0.03629600203966918, scale_lr: 0.27069100675597807, EAO: 0.247
Trial 521 finished with value: 0.24749838857631373 and parameters: {'window_influence': 0.25173635332966005, 'penalty_k': 0.03629600203966918, 'scale_lr': 0.27069100675597807}. Best is trial 431 with value: 0.29227477542268554.
checkpoint_e34 window_influence: 0.31089004083502303, penalty_k: 0.17732499011913486, scale_lr: 0.67809134673211524, EAO: 0.253
Trial 522 finished with value: 0.2531984091653087 and parameters: {'window_influence': 0.31089004083502303, 'penalty_k': 0.17732499011913486, 'scale_lr': 0.6780913467321152}. Best is trial 431 with value: 0.29227477542268554.
checkpoint_e34 window_influence: 0.37935618039015595, penalty_k: 0.23608526389093512, scale_lr: 0.61386013466245648, EAO: 0.262
Trial 523 finished with value: 0.2619166691007653 and parameters: {'window_influence': 0.37935618039015595, 'penalty_k': 0.23608526389093512, 'scale_lr': 0.6138601346624565}. Best is trial 431 with value: 0.29227477542268554.
checkpoint_e34 window_influence: 0.56727730300603718, penalty_k: 0.05309771289942965, scale_lr: 0.51776692121221968, EAO: 0.243
Trial 524 finished with value: 0.24277507035228296 and parameters: {'window_influence': 0.5672773030060372, 'penalty_k': 0.053097712899429654, 'scale_lr': 0.5177669212122197}. Best is trial 431 with value: 0.29227477542268554.
checkpoint_e34 window_influence: 0.08755260491553524, penalty_k: 0.22276771422928002, scale_lr: 0.79882927286203864, EAO: 0.239
Trial 525 finished with value: 0.23878240815507687 and parameters: {'window_influence': 0.08755260491553524, 'penalty_k': 0.22276771422928002, 'scale_lr': 0.7988292728620386}. Best is trial 431 with value: 0.29227477542268554.
checkpoint_e34 window_influence: 0.29613298710341018, penalty_k: 0.19333996801708747, scale_lr: 0.46782098104466074, EAO: 0.265
Trial 526 finished with value: 0.26455107670489364 and parameters: {'window_influence': 0.2961329871034102, 'penalty_k': 0.19333996801708747, 'scale_lr': 0.46782098104466074}. Best is trial 431 with value: 0.29227477542268554.
checkpoint_e34 window_influence: 0.32623248207133382, penalty_k: 0.21016714106855516, scale_lr: 0.77159586289491933, EAO: 0.282
Trial 527 finished with value: 0.28239071793187925 and parameters: {'window_influence': 0.3262324820713338, 'penalty_k': 0.21016714106855516, 'scale_lr': 0.7715958628949193}. Best is trial 431 with value: 0.29227477542268554.
checkpoint_e34 window_influence: 0.27711189189259061, penalty_k: 0.00553714794288564, scale_lr: 0.44342036310210042, EAO: 0.267
Trial 528 finished with value: 0.2672613688964185 and parameters: {'window_influence': 0.2771118918925906, 'penalty_k': 0.005537147942885637, 'scale_lr': 0.4434203631021004}. Best is trial 431 with value: 0.29227477542268554.
checkpoint_e34 window_influence: 0.33594791054579726, penalty_k: 0.21635957240540948, scale_lr: 0.76948671228134291, EAO: 0.272
Trial 529 finished with value: 0.2716071080507302 and parameters: {'window_influence': 0.33594791054579726, 'penalty_k': 0.21635957240540948, 'scale_lr': 0.7694867122813429}. Best is trial 431 with value: 0.29227477542268554.
checkpoint_e34 window_influence: 0.61651258640021611, penalty_k: 0.12585020449086851, scale_lr: 0.76916071073471537, EAO: 0.222
Trial 530 finished with value: 0.2218406327008232 and parameters: {'window_influence': 0.6165125864002161, 'penalty_k': 0.1258502044908685, 'scale_lr': 0.7691607107347154}. Best is trial 431 with value: 0.29227477542268554.
checkpoint_e34 window_influence: 0.35890591240972020, penalty_k: 0.23474185163747485, scale_lr: 0.42430059008318510, EAO: 0.259
Trial 531 finished with value: 0.2591333870844143 and parameters: {'window_influence': 0.3589059124097202, 'penalty_k': 0.23474185163747485, 'scale_lr': 0.4243005900831851}. Best is trial 431 with value: 0.29227477542268554.
checkpoint_e34 window_influence: 0.31799828363099075, penalty_k: 0.07417610829704437, scale_lr: 0.77894315121011437, EAO: 0.262
Trial 532 finished with value: 0.2617986754067545 and parameters: {'window_influence': 0.31799828363099075, 'penalty_k': 0.07417610829704437, 'scale_lr': 0.7789431512101144}. Best is trial 431 with value: 0.29227477542268554.
checkpoint_e34 window_influence: 0.19113355129873830, penalty_k: 0.25901988423070976, scale_lr: 0.79015537120771262, EAO: 0.248
Trial 533 finished with value: 0.24812051526656964 and parameters: {'window_influence': 0.1911335512987383, 'penalty_k': 0.25901988423070976, 'scale_lr': 0.7901553712077126}. Best is trial 431 with value: 0.29227477542268554.
checkpoint_e34 window_influence: 0.29916089546016345, penalty_k: 0.20777428959721184, scale_lr: 0.49176506983731405, EAO: 0.263
Trial 534 finished with value: 0.2631594567764096 and parameters: {'window_influence': 0.29916089546016345, 'penalty_k': 0.20777428959721184, 'scale_lr': 0.49176506983731405}. Best is trial 431 with value: 0.29227477542268554.
checkpoint_e34 window_influence: 0.26397945920754690, penalty_k: 0.24731290826110719, scale_lr: 0.59104621141465619, EAO: 0.260
Trial 535 finished with value: 0.26007105264721847 and parameters: {'window_influence': 0.2639794592075469, 'penalty_k': 0.2473129082611072, 'scale_lr': 0.5910462114146562}. Best is trial 431 with value: 0.29227477542268554.
checkpoint_e34 window_influence: 0.34842707139140383, penalty_k: 0.22629109950039836, scale_lr: 0.64434541193587525, EAO: 0.253
Trial 536 finished with value: 0.25346934389535003 and parameters: {'window_influence': 0.34842707139140383, 'penalty_k': 0.22629109950039836, 'scale_lr': 0.6443454119358752}. Best is trial 431 with value: 0.29227477542268554.
checkpoint_e34 window_influence: 0.24498416765499664, penalty_k: 0.27207516823154398, scale_lr: 0.43437525680009109, EAO: 0.258
Trial 537 finished with value: 0.25756443788607913 and parameters: {'window_influence': 0.24498416765499664, 'penalty_k': 0.272075168231544, 'scale_lr': 0.4343752568000911}. Best is trial 431 with value: 0.29227477542268554.
checkpoint_e34 window_influence: 0.43690164392741748, penalty_k: 0.20823511260753405, scale_lr: 0.50146964450711140, EAO: 0.256
Trial 538 finished with value: 0.25575584966719633 and parameters: {'window_influence': 0.4369016439274175, 'penalty_k': 0.20823511260753405, 'scale_lr': 0.5014696445071114}. Best is trial 431 with value: 0.29227477542268554.
checkpoint_e34 window_influence: 0.28730561100253527, penalty_k: 0.16157048212230180, scale_lr: 0.14253562747337478, EAO: 0.246
Trial 539 finished with value: 0.2458242215519029 and parameters: {'window_influence': 0.28730561100253527, 'penalty_k': 0.1615704821223018, 'scale_lr': 0.14253562747337478}. Best is trial 431 with value: 0.29227477542268554.
checkpoint_e34 window_influence: 0.32811615158768753, penalty_k: 0.23283808803960343, scale_lr: 0.75589462970179044, EAO: 0.258
Trial 540 finished with value: 0.2576873479335289 and parameters: {'window_influence': 0.32811615158768753, 'penalty_k': 0.23283808803960343, 'scale_lr': 0.7558946297017904}. Best is trial 431 with value: 0.29227477542268554.
checkpoint_e34 window_influence: 0.31037825193977758, penalty_k: 0.21755972965952564, scale_lr: 0.45426312383128653, EAO: 0.260
Trial 541 finished with value: 0.26007788852462926 and parameters: {'window_influence': 0.3103782519397776, 'penalty_k': 0.21755972965952564, 'scale_lr': 0.45426312383128653}. Best is trial 431 with value: 0.29227477542268554.
checkpoint_e34 window_influence: 0.27129278084469216, penalty_k: 0.17750743079082898, scale_lr: 0.78711018504194230, EAO: 0.264
Trial 542 finished with value: 0.2640903411599679 and parameters: {'window_influence': 0.27129278084469216, 'penalty_k': 0.17750743079082898, 'scale_lr': 0.7871101850419423}. Best is trial 431 with value: 0.29227477542268554.
checkpoint_e34 window_influence: 0.30133383808688818, penalty_k: 0.02427042386260446, scale_lr: 0.65890069451080691, EAO: 0.260
Trial 543 finished with value: 0.2604538905547886 and parameters: {'window_influence': 0.3013338380868882, 'penalty_k': 0.024270423862604463, 'scale_lr': 0.6589006945108069}. Best is trial 431 with value: 0.29227477542268554.
checkpoint_e34 window_influence: 0.33639017800971427, penalty_k: 0.24516174491643727, scale_lr: 0.30215412044431955, EAO: 0.262
Trial 544 finished with value: 0.26192189371440466 and parameters: {'window_influence': 0.33639017800971427, 'penalty_k': 0.24516174491643727, 'scale_lr': 0.30215412044431955}. Best is trial 431 with value: 0.29227477542268554.
checkpoint_e34 window_influence: 0.32068993048052302, penalty_k: 0.19819525875439234, scale_lr: 0.48402008805739677, EAO: 0.260
Trial 545 finished with value: 0.26001741519061533 and parameters: {'window_influence': 0.320689930480523, 'penalty_k': 0.19819525875439234, 'scale_lr': 0.48402008805739677}. Best is trial 431 with value: 0.29227477542268554.
checkpoint_e34 window_influence: 0.21801879710481747, penalty_k: 0.26322836576270858, scale_lr: 0.62190634592217631, EAO: 0.250
Trial 546 finished with value: 0.25020699118211015 and parameters: {'window_influence': 0.21801879710481747, 'penalty_k': 0.2632283657627086, 'scale_lr': 0.6219063459221763}. Best is trial 431 with value: 0.29227477542268554.
checkpoint_e34 window_influence: 0.48858199742714536, penalty_k: 0.11751229207248373, scale_lr: 0.52027103017617460, EAO: 0.243
Trial 547 finished with value: 0.2431344365685936 and parameters: {'window_influence': 0.48858199742714536, 'penalty_k': 0.11751229207248373, 'scale_lr': 0.5202710301761746}. Best is trial 431 with value: 0.29227477542268554.
checkpoint_e34 window_influence: 0.39996839071273976, penalty_k: 0.21728487500477334, scale_lr: 0.50337871697081404, EAO: 0.253
Trial 548 finished with value: 0.25262285435829707 and parameters: {'window_influence': 0.39996839071273976, 'penalty_k': 0.21728487500477334, 'scale_lr': 0.503378716970814}. Best is trial 431 with value: 0.29227477542268554.
checkpoint_e34 window_influence: 0.28580728108047393, penalty_k: 0.09750162640105767, scale_lr: 0.69623186468272569, EAO: 0.267
Trial 549 finished with value: 0.2673246163299413 and parameters: {'window_influence': 0.28580728108047393, 'penalty_k': 0.09750162640105767, 'scale_lr': 0.6962318646827257}. Best is trial 431 with value: 0.29227477542268554.
checkpoint_e34 window_influence: 0.30925491878337985, penalty_k: 0.13838891465315953, scale_lr: 0.46938442953736281, EAO: 0.259
Trial 550 finished with value: 0.2592551790601839 and parameters: {'window_influence': 0.30925491878337985, 'penalty_k': 0.13838891465315953, 'scale_lr': 0.4693844295373628}. Best is trial 431 with value: 0.29227477542268554.
checkpoint_e34 window_influence: 0.34629274418693240, penalty_k: 0.20459420355911723, scale_lr: 0.63055499016074024, EAO: 0.266
Trial 551 finished with value: 0.26563615921309325 and parameters: {'window_influence': 0.3462927441869324, 'penalty_k': 0.20459420355911723, 'scale_lr': 0.6305549901607402}. Best is trial 431 with value: 0.29227477542268554.
checkpoint_e34 window_influence: 0.26068249474742300, penalty_k: 0.18427010416111061, scale_lr: 0.73547946330894198, EAO: 0.257
Trial 552 finished with value: 0.25683035689398526 and parameters: {'window_influence': 0.260682494747423, 'penalty_k': 0.18427010416111061, 'scale_lr': 0.735479463308942}. Best is trial 431 with value: 0.29227477542268554.
checkpoint_e34 window_influence: 0.48393664529036817, penalty_k: 0.23035309735071330, scale_lr: 0.67414086148587227, EAO: 0.249
Trial 553 finished with value: 0.24890140456155063 and parameters: {'window_influence': 0.4839366452903682, 'penalty_k': 0.2303530973507133, 'scale_lr': 0.6741408614858723}. Best is trial 431 with value: 0.29227477542268554.
checkpoint_e34 window_influence: 0.29408004890314871, penalty_k: 0.06177614851409212, scale_lr: 0.53134684712133384, EAO: 0.257
Trial 554 finished with value: 0.25742690749769287 and parameters: {'window_influence': 0.2940800489031487, 'penalty_k': 0.06177614851409212, 'scale_lr': 0.5313468471213338}. Best is trial 431 with value: 0.29227477542268554.
checkpoint_e34 window_influence: 0.46645605342119956, penalty_k: 0.25271363022079329, scale_lr: 0.76239222112584182, EAO: 0.260
Trial 555 finished with value: 0.2601531810028766 and parameters: {'window_influence': 0.46645605342119956, 'penalty_k': 0.2527136302207933, 'scale_lr': 0.7623922211258418}. Best is trial 431 with value: 0.29227477542268554.
checkpoint_e34 window_influence: 0.60467109415914178, penalty_k: 0.16671738270940770, scale_lr: 0.59904582807025164, EAO: 0.229
Trial 556 finished with value: 0.22867795952209613 and parameters: {'window_influence': 0.6046710941591418, 'penalty_k': 0.1667173827094077, 'scale_lr': 0.5990458280702516}. Best is trial 431 with value: 0.29227477542268554.
checkpoint_e34 window_influence: 0.28053490289812766, penalty_k: 0.15170914467482460, scale_lr: 0.51247622236222767, EAO: 0.266
Trial 557 finished with value: 0.26612388863553843 and parameters: {'window_influence': 0.28053490289812766, 'penalty_k': 0.1517091446748246, 'scale_lr': 0.5124762223622277}. Best is trial 431 with value: 0.29227477542268554.
checkpoint_e34 window_influence: 0.20767552184786162, penalty_k: 0.24105238107066665, scale_lr: 0.77710612461586681, EAO: 0.249
