Trial 1848 finished with value: 0.23768782294620344 and parameters: {'window_influence': 0.33992528541793743, 'penalty_k': 0.10935431873326362, 'scale_lr': 0.2807635123049663}. Best is trial 1552 with value: 0.2873222411163454.
checkpoint_e22 window_influence: 0.35233121886814178, penalty_k: 0.01149853142203153, scale_lr: 0.38212616872424465, EAO: 0.264
Trial 1849 finished with value: 0.2644682576258977 and parameters: {'window_influence': 0.3523312188681418, 'penalty_k': 0.011498531422031534, 'scale_lr': 0.38212616872424465}. Best is trial 1552 with value: 0.2873222411163454.
checkpoint_e22 window_influence: 0.33399730811898126, penalty_k: 0.58454062665801521, scale_lr: 0.39491060542510059, EAO: 0.254
Trial 1850 finished with value: 0.25410684658502175 and parameters: {'window_influence': 0.33399730811898126, 'penalty_k': 0.5845406266580152, 'scale_lr': 0.3949106054251006}. Best is trial 1552 with value: 0.2873222411163454.
checkpoint_e22 window_influence: 0.36351168737760725, penalty_k: 0.02562689651941773, scale_lr: 0.36631046289101254, EAO: 0.255
Trial 1851 finished with value: 0.2546653300523758 and parameters: {'window_influence': 0.36351168737760725, 'penalty_k': 0.02562689651941773, 'scale_lr': 0.36631046289101254}. Best is trial 1552 with value: 0.2873222411163454.
checkpoint_e22 window_influence: 0.34691573386839641, penalty_k: 0.04735151668928243, scale_lr: 0.32659942644677170, EAO: 0.256
Trial 1852 finished with value: 0.2560252532726381 and parameters: {'window_influence': 0.3469157338683964, 'penalty_k': 0.04735151668928243, 'scale_lr': 0.3265994264467717}. Best is trial 1552 with value: 0.2873222411163454.
checkpoint_e22 window_influence: 0.31795726576270700, penalty_k: 0.03540506398547461, scale_lr: 0.35104648210271649, EAO: 0.259
Trial 1853 finished with value: 0.2591646247036089 and parameters: {'window_influence': 0.317957265762707, 'penalty_k': 0.035405063985474605, 'scale_lr': 0.3510464821027165}. Best is trial 1552 with value: 0.2873222411163454.
checkpoint_e22 window_influence: 0.35977379502894602, penalty_k: 0.06101561820089401, scale_lr: 0.40912242564163726, EAO: 0.265
Trial 1854 finished with value: 0.2649848656804581 and parameters: {'window_influence': 0.359773795028946, 'penalty_k': 0.06101561820089401, 'scale_lr': 0.40912242564163726}. Best is trial 1552 with value: 0.2873222411163454.
checkpoint_e22 window_influence: 0.33025098592647451, penalty_k: 0.09803111790544367, scale_lr: 0.38214842976786351, EAO: 0.249
Trial 1855 finished with value: 0.2486511366517563 and parameters: {'window_influence': 0.3302509859264745, 'penalty_k': 0.09803111790544367, 'scale_lr': 0.3821484297678635}. Best is trial 1552 with value: 0.2873222411163454.
checkpoint_e22 window_influence: 0.23948143851399761, penalty_k: 0.01863428037989369, scale_lr: 0.34257374086166792, EAO: 0.247
Trial 1856 finished with value: 0.24730279163374164 and parameters: {'window_influence': 0.2394814385139976, 'penalty_k': 0.018634280379893692, 'scale_lr': 0.3425737408616679}. Best is trial 1552 with value: 0.2873222411163454.
checkpoint_e22 window_influence: 0.37004760521911817, penalty_k: 0.05313918141150454, scale_lr: 0.39715767307197231, EAO: 0.274
Trial 1857 finished with value: 0.27402548516184333 and parameters: {'window_influence': 0.37004760521911817, 'penalty_k': 0.05313918141150454, 'scale_lr': 0.3971576730719723}. Best is trial 1552 with value: 0.2873222411163454.
checkpoint_e22 window_influence: 0.37543364086482012, penalty_k: 0.07872607702333267, scale_lr: 0.40219723760024589, EAO: 0.256
Trial 1858 finished with value: 0.25598477669120806 and parameters: {'window_influence': 0.3754336408648201, 'penalty_k': 0.07872607702333267, 'scale_lr': 0.4021972376002459}. Best is trial 1552 with value: 0.2873222411163454.
checkpoint_e22 window_influence: 0.34418371512837787, penalty_k: 0.12543038133309631, scale_lr: 0.41463616427009814, EAO: 0.265
Trial 1859 finished with value: 0.2650780726254471 and parameters: {'window_influence': 0.34418371512837787, 'penalty_k': 0.1254303813330963, 'scale_lr': 0.41463616427009814}. Best is trial 1552 with value: 0.2873222411163454.
checkpoint_e22 window_influence: 0.37476814830663790, penalty_k: 0.06564589475633678, scale_lr: 0.41992573286535134, EAO: 0.264
Trial 1860 finished with value: 0.2640680104372947 and parameters: {'window_influence': 0.3747681483066379, 'penalty_k': 0.06564589475633678, 'scale_lr': 0.41992573286535134}. Best is trial 1552 with value: 0.2873222411163454.
checkpoint_e22 window_influence: 0.35251257130076291, penalty_k: 0.02914928860284945, scale_lr: 0.40116086571882331, EAO: 0.259
Trial 1861 finished with value: 0.25892390104813306 and parameters: {'window_influence': 0.3525125713007629, 'penalty_k': 0.029149288602849453, 'scale_lr': 0.4011608657188233}. Best is trial 1552 with value: 0.2873222411163454.
checkpoint_e22 window_influence: 0.63061009063699636, penalty_k: 0.51782711970327622, scale_lr: 0.25327793906219742, EAO: 0.198
Trial 1862 finished with value: 0.19815259566152 and parameters: {'window_influence': 0.6306100906369964, 'penalty_k': 0.5178271197032762, 'scale_lr': 0.2532779390621974}. Best is trial 1552 with value: 0.2873222411163454.
checkpoint_e22 window_influence: 0.33953536358755343, penalty_k: 0.38591025919949745, scale_lr: 0.39095739130175927, EAO: 0.250
Trial 1863 finished with value: 0.2504980462959142 and parameters: {'window_influence': 0.33953536358755343, 'penalty_k': 0.38591025919949745, 'scale_lr': 0.39095739130175927}. Best is trial 1552 with value: 0.2873222411163454.
checkpoint_e22 window_influence: 0.37032206308444071, penalty_k: 0.00950234654654111, scale_lr: 0.41386948779144184, EAO: 0.257
Trial 1864 finished with value: 0.2567023275102057 and parameters: {'window_influence': 0.3703220630844407, 'penalty_k': 0.009502346546541113, 'scale_lr': 0.41386948779144184}. Best is trial 1552 with value: 0.2873222411163454.
checkpoint_e22 window_influence: 0.31133560976882102, penalty_k: 0.05535270592523718, scale_lr: 0.42793685568436712, EAO: 0.253
Trial 1865 finished with value: 0.252845461048731 and parameters: {'window_influence': 0.311335609768821, 'penalty_k': 0.05535270592523718, 'scale_lr': 0.4279368556843671}. Best is trial 1552 with value: 0.2873222411163454.
checkpoint_e22 window_influence: 0.32642700284537141, penalty_k: 0.03887826889945417, scale_lr: 0.39675072301918479, EAO: 0.252
Trial 1866 finished with value: 0.2522167291461937 and parameters: {'window_influence': 0.3264270028453714, 'penalty_k': 0.03887826889945417, 'scale_lr': 0.3967507230191848}. Best is trial 1552 with value: 0.2873222411163454.
checkpoint_e22 window_influence: 0.48702640594527202, penalty_k: 0.09058575418342993, scale_lr: 0.37948376758175739, EAO: 0.257
Trial 1867 finished with value: 0.25664996791903566 and parameters: {'window_influence': 0.487026405945272, 'penalty_k': 0.09058575418342993, 'scale_lr': 0.3794837675817574}. Best is trial 1552 with value: 0.2873222411163454.
checkpoint_e22 window_influence: 0.48019088038606428, penalty_k: 0.02458916886587105, scale_lr: 0.40418207293765573, EAO: 0.260
Trial 1868 finished with value: 0.2604115784047096 and parameters: {'window_influence': 0.4801908803860643, 'penalty_k': 0.024589168865871053, 'scale_lr': 0.40418207293765573}. Best is trial 1552 with value: 0.2873222411163454.
checkpoint_e22 window_influence: 0.35542861097254919, penalty_k: 0.04308406167089645, scale_lr: 0.43976029263776073, EAO: 0.264
Trial 1869 finished with value: 0.2639230779879461 and parameters: {'window_influence': 0.3554286109725492, 'penalty_k': 0.04308406167089645, 'scale_lr': 0.43976029263776073}. Best is trial 1552 with value: 0.2873222411163454.
checkpoint_e22 window_influence: 0.19770915309564047, penalty_k: 0.05813869224450888, scale_lr: 0.38580782658542495, EAO: 0.255
Trial 1870 finished with value: 0.25489417009237336 and parameters: {'window_influence': 0.19770915309564047, 'penalty_k': 0.05813869224450888, 'scale_lr': 0.38580782658542495}. Best is trial 1552 with value: 0.2873222411163454.
checkpoint_e22 window_influence: 0.36501881115461804, penalty_k: 0.07218283891160764, scale_lr: 0.29484211092077106, EAO: 0.258
Trial 1871 finished with value: 0.2584033299510072 and parameters: {'window_influence': 0.36501881115461804, 'penalty_k': 0.07218283891160764, 'scale_lr': 0.29484211092077106}. Best is trial 1552 with value: 0.2873222411163454.
checkpoint_e22 window_influence: 0.38224460248768544, penalty_k: 0.00080192477291527, scale_lr: 0.41465778023917554, EAO: 0.256
Trial 1872 finished with value: 0.25642119299590105 and parameters: {'window_influence': 0.38224460248768544, 'penalty_k': 0.000801924772915269, 'scale_lr': 0.41465778023917554}. Best is trial 1552 with value: 0.2873222411163454.
checkpoint_e22 window_influence: 0.34159785761158445, penalty_k: 0.03441607161984199, scale_lr: 0.39542166651202315, EAO: 0.258
Trial 1873 finished with value: 0.2575153795078518 and parameters: {'window_influence': 0.34159785761158445, 'penalty_k': 0.03441607161984199, 'scale_lr': 0.39542166651202315}. Best is trial 1552 with value: 0.2873222411163454.
checkpoint_e22 window_influence: 0.25395676579325432, penalty_k: 0.02009382939221344, scale_lr: 0.37857992553403763, EAO: 0.260
Trial 1874 finished with value: 0.259985465950113 and parameters: {'window_influence': 0.2539567657932543, 'penalty_k': 0.020093829392213436, 'scale_lr': 0.37857992553403763}. Best is trial 1552 with value: 0.2873222411163454.
checkpoint_e22 window_influence: 0.35339539430274769, penalty_k: 0.04636248321163653, scale_lr: 0.28256501779827503, EAO: 0.253
Trial 1875 finished with value: 0.2525244741056993 and parameters: {'window_influence': 0.3533953943027477, 'penalty_k': 0.04636248321163653, 'scale_lr': 0.28256501779827503}. Best is trial 1552 with value: 0.2873222411163454.
checkpoint_e22 window_influence: 0.32814733332986951, penalty_k: 0.08340696594554411, scale_lr: 0.22803412182018701, EAO: 0.249
Trial 1876 finished with value: 0.2492233440885699 and parameters: {'window_influence': 0.3281473333298695, 'penalty_k': 0.08340696594554411, 'scale_lr': 0.228034121820187}. Best is trial 1552 with value: 0.2873222411163454.
checkpoint_e22 window_influence: 0.37303465276685926, penalty_k: 0.05355450107328343, scale_lr: 0.42941631864813651, EAO: 0.268
Trial 1877 finished with value: 0.26754689149982563 and parameters: {'window_influence': 0.37303465276685926, 'penalty_k': 0.053554501073283425, 'scale_lr': 0.4294163186481365}. Best is trial 1552 with value: 0.2873222411163454.
checkpoint_e22 window_influence: 0.36090807583058615, penalty_k: 0.03124736219831552, scale_lr: 0.44656918633694825, EAO: 0.266
Trial 1878 finished with value: 0.2662978157764528 and parameters: {'window_influence': 0.36090807583058615, 'penalty_k': 0.031247362198315518, 'scale_lr': 0.44656918633694825}. Best is trial 1552 with value: 0.2873222411163454.
checkpoint_e22 window_influence: 0.12230456293573999, penalty_k: 0.34177237447997788, scale_lr: 0.37285990049680362, EAO: 0.218
Trial 1879 finished with value: 0.21758075797460913 and parameters: {'window_influence': 0.12230456293573999, 'penalty_k': 0.3417723744799779, 'scale_lr': 0.3728599004968036}. Best is trial 1552 with value: 0.2873222411163454.
checkpoint_e22 window_influence: 0.45233876972476494, penalty_k: 0.42634962121137027, scale_lr: 0.40916185907601932, EAO: 0.244
Trial 1880 finished with value: 0.24442735792902426 and parameters: {'window_influence': 0.45233876972476494, 'penalty_k': 0.42634962121137027, 'scale_lr': 0.4091618590760193}. Best is trial 1552 with value: 0.2873222411163454.
checkpoint_e22 window_influence: 0.38486571742509290, penalty_k: 0.00990888976531958, scale_lr: 0.20650489814176015, EAO: 0.245
Trial 1881 finished with value: 0.24490507619410026 and parameters: {'window_influence': 0.3848657174250929, 'penalty_k': 0.009908889765319579, 'scale_lr': 0.20650489814176015}. Best is trial 1552 with value: 0.2873222411163454.
checkpoint_e22 window_influence: 0.05806408044283229, penalty_k: 0.06753154253672512, scale_lr: 0.39038903547919285, EAO: 0.234
Trial 1882 finished with value: 0.23371405481565288 and parameters: {'window_influence': 0.05806408044283229, 'penalty_k': 0.06753154253672512, 'scale_lr': 0.39038903547919285}. Best is trial 1552 with value: 0.2873222411163454.
checkpoint_e22 window_influence: 0.34680412365584851, penalty_k: 0.40737455612118911, scale_lr: 0.20080594027766280, EAO: 0.247
Trial 1883 finished with value: 0.24707109341776468 and parameters: {'window_influence': 0.3468041236558485, 'penalty_k': 0.4073745561211891, 'scale_lr': 0.2008059402776628}. Best is trial 1552 with value: 0.2873222411163454.
checkpoint_e22 window_influence: 0.08479944243679061, penalty_k: 0.37121161946395476, scale_lr: 0.40035170884506205, EAO: 0.216
Trial 1884 finished with value: 0.21564804635396817 and parameters: {'window_influence': 0.0847994424367906, 'penalty_k': 0.37121161946395476, 'scale_lr': 0.40035170884506205}. Best is trial 1552 with value: 0.2873222411163454.
checkpoint_e22 window_influence: 0.31047567255356001, penalty_k: 0.04169658644109781, scale_lr: 0.23230829352941323, EAO: 0.240
Trial 1885 finished with value: 0.23962461609181349 and parameters: {'window_influence': 0.31047567255356, 'penalty_k': 0.04169658644109781, 'scale_lr': 0.23230829352941323}. Best is trial 1552 with value: 0.2873222411163454.
checkpoint_e22 window_influence: 0.48700260793016492, penalty_k: 0.39440547964964495, scale_lr: 0.31573823834564174, EAO: 0.231
Trial 1886 finished with value: 0.23085083061359762 and parameters: {'window_influence': 0.4870026079301649, 'penalty_k': 0.39440547964964495, 'scale_lr': 0.31573823834564174}. Best is trial 1552 with value: 0.2873222411163454.
checkpoint_e22 window_influence: 0.36999345781645354, penalty_k: 0.02441888826174402, scale_lr: 0.36358108026140551, EAO: 0.254
Trial 1887 finished with value: 0.25440895484714976 and parameters: {'window_influence': 0.36999345781645354, 'penalty_k': 0.02441888826174402, 'scale_lr': 0.3635810802614055}. Best is trial 1552 with value: 0.2873222411163454.
checkpoint_e22 window_influence: 0.33368093905096158, penalty_k: 0.05220074816792092, scale_lr: 0.38462454313965344, EAO: 0.265
Trial 1888 finished with value: 0.2653651484023265 and parameters: {'window_influence': 0.3336809390509616, 'penalty_k': 0.05220074816792092, 'scale_lr': 0.38462454313965344}. Best is trial 1552 with value: 0.2873222411163454.
checkpoint_e22 window_influence: 0.16345157808399294, penalty_k: 0.33097380910311547, scale_lr: 0.42806401854510812, EAO: 0.234
Trial 1889 finished with value: 0.23390009756979904 and parameters: {'window_influence': 0.16345157808399294, 'penalty_k': 0.33097380910311547, 'scale_lr': 0.4280640185451081}. Best is trial 1552 with value: 0.2873222411163454.
checkpoint_e22 window_influence: 0.35246874205988560, penalty_k: 0.00003717342862327, scale_lr: 0.32926165471247104, EAO: 0.252
Trial 1890 finished with value: 0.2518565854648264 and parameters: {'window_influence': 0.3524687420598856, 'penalty_k': 3.717342862327028e-05, 'scale_lr': 0.32926165471247104}. Best is trial 1552 with value: 0.2873222411163454.
checkpoint_e22 window_influence: 0.36068148240346593, penalty_k: 0.49894939968018820, scale_lr: 0.37465637656162770, EAO: 0.243
Trial 1891 finished with value: 0.24323528708238912 and parameters: {'window_influence': 0.3606814824034659, 'penalty_k': 0.4989493996801882, 'scale_lr': 0.3746563765616277}. Best is trial 1552 with value: 0.2873222411163454.
checkpoint_e22 window_influence: 0.21055107619997246, penalty_k: 0.03633496663719808, scale_lr: 0.41312076035456624, EAO: 0.254
Trial 1892 finished with value: 0.25371275109246494 and parameters: {'window_influence': 0.21055107619997246, 'penalty_k': 0.03633496663719808, 'scale_lr': 0.41312076035456624}. Best is trial 1552 with value: 0.2873222411163454.
checkpoint_e22 window_influence: 0.32198641869302824, penalty_k: 0.12271506913377003, scale_lr: 0.35173648862218376, EAO: 0.249
Trial 1893 finished with value: 0.24917914827422397 and parameters: {'window_influence': 0.32198641869302824, 'penalty_k': 0.12271506913377003, 'scale_lr': 0.35173648862218376}. Best is trial 1552 with value: 0.2873222411163454.
checkpoint_e22 window_influence: 0.34066500031823199, penalty_k: 0.42936156062033615, scale_lr: 0.26932325237735566, EAO: 0.253
Trial 1894 finished with value: 0.252837617828594 and parameters: {'window_influence': 0.340665000318232, 'penalty_k': 0.42936156062033615, 'scale_lr': 0.26932325237735566}. Best is trial 1552 with value: 0.2873222411163454.
checkpoint_e22 window_influence: 0.56933517923200383, penalty_k: 0.39247543573273197, scale_lr: 0.39523862058632947, EAO: 0.213
Trial 1895 finished with value: 0.2134522252329966 and parameters: {'window_influence': 0.5693351792320038, 'penalty_k': 0.39247543573273197, 'scale_lr': 0.39523862058632947}. Best is trial 1552 with value: 0.2873222411163454.
checkpoint_e22 window_influence: 0.30307691051253027, penalty_k: 0.01842212237450546, scale_lr: 0.37128950110169373, EAO: 0.271
Trial 1896 finished with value: 0.27050664627212817 and parameters: {'window_influence': 0.3030769105125303, 'penalty_k': 0.018422122374505457, 'scale_lr': 0.37128950110169373}. Best is trial 1552 with value: 0.2873222411163454.
checkpoint_e22 window_influence: 0.05975196287249546, penalty_k: 0.10389543732458081, scale_lr: 0.44486343537546824, EAO: 0.236
Trial 1897 finished with value: 0.23642330120007196 and parameters: {'window_influence': 0.05975196287249546, 'penalty_k': 0.10389543732458081, 'scale_lr': 0.44486343537546824}. Best is trial 1552 with value: 0.2873222411163454.
checkpoint_e22 window_influence: 0.38779877091165216, penalty_k: 0.38333628313197826, scale_lr: 0.40648054033936670, EAO: 0.244
Trial 1898 finished with value: 0.24433262325156996 and parameters: {'window_influence': 0.38779877091165216, 'penalty_k': 0.38333628313197826, 'scale_lr': 0.4064805403393667}. Best is trial 1552 with value: 0.2873222411163454.
checkpoint_e22 window_influence: 0.37336783251643407, penalty_k: 0.39351957237515567, scale_lr: 0.35698624908348503, EAO: 0.256
Trial 1899 finished with value: 0.2557804291325856 and parameters: {'window_influence': 0.3733678325164341, 'penalty_k': 0.39351957237515567, 'scale_lr': 0.35698624908348503}. Best is trial 1552 with value: 0.2873222411163454.
checkpoint_e22 window_influence: 0.57650782851103055, penalty_k: 0.06552541241921983, scale_lr: 0.38936050907153147, EAO: 0.235
Trial 1900 finished with value: 0.2353265904556445 and parameters: {'window_influence': 0.5765078285110306, 'penalty_k': 0.06552541241921983, 'scale_lr': 0.38936050907153147}. Best is trial 1552 with value: 0.2873222411163454.
checkpoint_e22 window_influence: 0.35056762914996070, penalty_k: 0.04188985343474447, scale_lr: 0.29836885344080222, EAO: 0.264
Trial 1901 finished with value: 0.2641387627255626 and parameters: {'window_influence': 0.3505676291499607, 'penalty_k': 0.04188985343474447, 'scale_lr': 0.2983688534408022}. Best is trial 1552 with value: 0.2873222411163454.
checkpoint_e22 window_influence: 0.36529651065840479, penalty_k: 0.08311640943172530, scale_lr: 0.25840178032315059, EAO: 0.249
Trial 1902 finished with value: 0.2489676015769563 and parameters: {'window_influence': 0.3652965106584048, 'penalty_k': 0.0831164094317253, 'scale_lr': 0.2584017803231506}. Best is trial 1552 with value: 0.2873222411163454.
checkpoint_e22 window_influence: 0.63619941970660210, penalty_k: 0.48250953077332603, scale_lr: 0.42606538812681694, EAO: 0.197
Trial 1903 finished with value: 0.19703367752272907 and parameters: {'window_influence': 0.6361994197066021, 'penalty_k': 0.48250953077332603, 'scale_lr': 0.42606538812681694}. Best is trial 1552 with value: 0.2873222411163454.
checkpoint_e22 window_influence: 0.23898063249886639, penalty_k: 0.11423531427070557, scale_lr: 0.34003661740617813, EAO: 0.244
Trial 1904 finished with value: 0.24416325798606484 and parameters: {'window_influence': 0.2389806324988664, 'penalty_k': 0.11423531427070557, 'scale_lr': 0.34003661740617813}. Best is trial 1552 with value: 0.2873222411163454.
checkpoint_e22 window_influence: 0.22143654087821965, penalty_k: 0.30691050746364301, scale_lr: 0.21642922044581037, EAO: 0.240
Trial 1905 finished with value: 0.23959957705280646 and parameters: {'window_influence': 0.22143654087821965, 'penalty_k': 0.306910507463643, 'scale_lr': 0.21642922044581037}. Best is trial 1552 with value: 0.2873222411163454.
checkpoint_e22 window_influence: 0.58096032186018887, penalty_k: 0.12971639836168458, scale_lr: 0.37617327614133106, EAO: 0.228
Trial 1906 finished with value: 0.22755803640295819 and parameters: {'window_influence': 0.5809603218601889, 'penalty_k': 0.12971639836168458, 'scale_lr': 0.37617327614133106}. Best is trial 1552 with value: 0.2873222411163454.
checkpoint_e22 window_influence: 0.33305052554697662, penalty_k: 0.56716462650895572, scale_lr: 0.39347491946970731, EAO: 0.249
Trial 1907 finished with value: 0.2492524491456466 and parameters: {'window_influence': 0.3330505255469766, 'penalty_k': 0.5671646265089557, 'scale_lr': 0.3934749194697073}. Best is trial 1552 with value: 0.2873222411163454.
checkpoint_e22 window_influence: 0.38603398538338179, penalty_k: 0.14026164769930055, scale_lr: 0.19480950917867756, EAO: 0.254
Trial 1908 finished with value: 0.2539097580119846 and parameters: {'window_influence': 0.3860339853833818, 'penalty_k': 0.14026164769930055, 'scale_lr': 0.19480950917867756}. Best is trial 1552 with value: 0.2873222411163454.
checkpoint_e22 window_influence: 0.34454091482938765, penalty_k: 0.02909033207523802, scale_lr: 0.30958455704909227, EAO: 0.273
