Trial 393 finished with value: 0.25898955514033634 and parameters: {'window_influence': 0.42273643802777355, 'penalty_k': 0.24773558969786982, 'scale_lr': 0.7386044044884916}. Best is trial 185 with value: 0.27577401194872897.
checkpoint_e39 window_influence: 0.44039410525330486, penalty_k: 0.08141799818361389, scale_lr: 0.68813247935188770, EAO: 0.264
Trial 394 finished with value: 0.2637707333012325 and parameters: {'window_influence': 0.44039410525330486, 'penalty_k': 0.0814179981836139, 'scale_lr': 0.6881324793518877}. Best is trial 185 with value: 0.27577401194872897.
checkpoint_e39 window_influence: 0.43198220268543885, penalty_k: 0.22662933076583336, scale_lr: 0.61575987535014520, EAO: 0.259
Trial 395 finished with value: 0.2586625321972661 and parameters: {'window_influence': 0.43198220268543885, 'penalty_k': 0.22662933076583336, 'scale_lr': 0.6157598753501452}. Best is trial 185 with value: 0.27577401194872897.
checkpoint_e39 window_influence: 0.45708854315622771, penalty_k: 0.25844900055342490, scale_lr: 0.72275556275897612, EAO: 0.260
Trial 396 finished with value: 0.2604652621397158 and parameters: {'window_influence': 0.4570885431562277, 'penalty_k': 0.2584490005534249, 'scale_lr': 0.7227555627589761}. Best is trial 185 with value: 0.27577401194872897.
checkpoint_e39 window_influence: 0.36738937483328410, penalty_k: 0.23981439028189422, scale_lr: 0.66652266474335931, EAO: 0.247
Trial 397 finished with value: 0.24727383976787087 and parameters: {'window_influence': 0.3673893748332841, 'penalty_k': 0.23981439028189422, 'scale_lr': 0.6665226647433593}. Best is trial 185 with value: 0.27577401194872897.
checkpoint_e39 window_influence: 0.44463100074613149, penalty_k: 0.26040266920918514, scale_lr: 0.79581924687236438, EAO: 0.271
Trial 398 finished with value: 0.2706927467531305 and parameters: {'window_influence': 0.4446310007461315, 'penalty_k': 0.26040266920918514, 'scale_lr': 0.7958192468723644}. Best is trial 185 with value: 0.27577401194872897.
checkpoint_e39 window_influence: 0.41297802424720764, penalty_k: 0.26206108307676301, scale_lr: 0.77365545110731682, EAO: 0.265
Trial 399 finished with value: 0.26515584723736213 and parameters: {'window_influence': 0.41297802424720764, 'penalty_k': 0.262061083076763, 'scale_lr': 0.7736554511073168}. Best is trial 185 with value: 0.27577401194872897.
checkpoint_e39 window_influence: 0.44175288771411197, penalty_k: 0.36148804956672936, scale_lr: 0.79982779070156751, EAO: 0.258
Trial 400 finished with value: 0.2577184305443027 and parameters: {'window_influence': 0.441752887714112, 'penalty_k': 0.36148804956672936, 'scale_lr': 0.7998277907015675}. Best is trial 185 with value: 0.27577401194872897.
checkpoint_e39 window_influence: 0.42789833806169669, penalty_k: 0.49804423750738280, scale_lr: 0.79311373719965794, EAO: 0.257
Trial 401 finished with value: 0.25703665971513684 and parameters: {'window_influence': 0.4278983380616967, 'penalty_k': 0.4980442375073828, 'scale_lr': 0.7931137371996579}. Best is trial 185 with value: 0.27577401194872897.
checkpoint_e39 window_influence: 0.44525736421430723, penalty_k: 0.31586375193742788, scale_lr: 0.78740671449510902, EAO: 0.256
Trial 402 finished with value: 0.2562246734533853 and parameters: {'window_influence': 0.4452573642143072, 'penalty_k': 0.3158637519374279, 'scale_lr': 0.787406714495109}. Best is trial 185 with value: 0.27577401194872897.
checkpoint_e39 window_influence: 0.39540485207167786, penalty_k: 0.29850971483146738, scale_lr: 0.78069878490433431, EAO: 0.260
Trial 403 finished with value: 0.26043503628513676 and parameters: {'window_influence': 0.39540485207167786, 'penalty_k': 0.2985097148314674, 'scale_lr': 0.7806987849043343}. Best is trial 185 with value: 0.27577401194872897.
checkpoint_e39 window_influence: 0.46359395898876610, penalty_k: 0.23151452664080463, scale_lr: 0.79987042930266161, EAO: 0.260
Trial 404 finished with value: 0.2601333260536194 and parameters: {'window_influence': 0.4635939589887661, 'penalty_k': 0.23151452664080463, 'scale_lr': 0.7998704293026616}. Best is trial 185 with value: 0.27577401194872897.
checkpoint_e39 window_influence: 0.42121374251768684, penalty_k: 0.26656608889748695, scale_lr: 0.67987518082855980, EAO: 0.254
Trial 405 finished with value: 0.25377889128962183 and parameters: {'window_influence': 0.42121374251768684, 'penalty_k': 0.26656608889748695, 'scale_lr': 0.6798751808285598}. Best is trial 185 with value: 0.27577401194872897.
checkpoint_e39 window_influence: 0.43594411137639971, penalty_k: 0.24809381728129354, scale_lr: 0.64960500657580111, EAO: 0.260
Trial 406 finished with value: 0.2600993732126748 and parameters: {'window_influence': 0.4359441113763997, 'penalty_k': 0.24809381728129354, 'scale_lr': 0.6496050065758011}. Best is trial 185 with value: 0.27577401194872897.
checkpoint_e39 window_influence: 0.53295145121899401, penalty_k: 0.59657970143865557, scale_lr: 0.70322906474009084, EAO: 0.236
Trial 407 finished with value: 0.23642059984972807 and parameters: {'window_influence': 0.532951451218994, 'penalty_k': 0.5965797014386556, 'scale_lr': 0.7032290647400908}. Best is trial 185 with value: 0.27577401194872897.
checkpoint_e39 window_influence: 0.47844418223373530, penalty_k: 0.20715592425102303, scale_lr: 0.76465392229995088, EAO: 0.253
Trial 408 finished with value: 0.2532817240410704 and parameters: {'window_influence': 0.4784441822337353, 'penalty_k': 0.20715592425102303, 'scale_lr': 0.7646539222999509}. Best is trial 185 with value: 0.27577401194872897.
checkpoint_e39 window_influence: 0.44813661270776950, penalty_k: 0.22052432473484582, scale_lr: 0.65859369320932937, EAO: 0.260
Trial 409 finished with value: 0.2600314538411009 and parameters: {'window_influence': 0.4481366127077695, 'penalty_k': 0.22052432473484582, 'scale_lr': 0.6585936932093294}. Best is trial 185 with value: 0.27577401194872897.
checkpoint_e39 window_influence: 0.41075381894614449, penalty_k: 0.27692367168811688, scale_lr: 0.69163458663833066, EAO: 0.261
Trial 410 finished with value: 0.2612604257779393 and parameters: {'window_influence': 0.4107538189461445, 'penalty_k': 0.2769236716881169, 'scale_lr': 0.6916345866383307}. Best is trial 185 with value: 0.27577401194872897.
checkpoint_e39 window_influence: 0.43034181727297582, penalty_k: 0.06786733032147926, scale_lr: 0.35551121330591773, EAO: 0.261
Trial 411 finished with value: 0.261452654210048 and parameters: {'window_influence': 0.4303418172729758, 'penalty_k': 0.06786733032147926, 'scale_lr': 0.35551121330591773}. Best is trial 185 with value: 0.27577401194872897.
checkpoint_e39 window_influence: 0.46093718386556537, penalty_k: 0.23834015221074767, scale_lr: 0.28486675249323656, EAO: 0.262
Trial 412 finished with value: 0.26177621681273466 and parameters: {'window_influence': 0.46093718386556537, 'penalty_k': 0.23834015221074767, 'scale_lr': 0.28486675249323656}. Best is trial 185 with value: 0.27577401194872897.
checkpoint_e39 window_influence: 0.44323689979411290, penalty_k: 0.18120559107862150, scale_lr: 0.67264952193285898, EAO: 0.261
Trial 413 finished with value: 0.2612764301702259 and parameters: {'window_influence': 0.4432368997941129, 'penalty_k': 0.1812055910786215, 'scale_lr': 0.672649521932859}. Best is trial 185 with value: 0.27577401194872897.
checkpoint_e39 window_influence: 0.42217616656024987, penalty_k: 0.25764855198231906, scale_lr: 0.51185383174345633, EAO: 0.259
Trial 414 finished with value: 0.25852765433672 and parameters: {'window_influence': 0.42217616656024987, 'penalty_k': 0.25764855198231906, 'scale_lr': 0.5118538317434563}. Best is trial 185 with value: 0.27577401194872897.
checkpoint_e39 window_influence: 0.47278149690267685, penalty_k: 0.09099389792604165, scale_lr: 0.75505437882019233, EAO: 0.254
Trial 415 finished with value: 0.2541061794854761 and parameters: {'window_influence': 0.47278149690267685, 'penalty_k': 0.09099389792604165, 'scale_lr': 0.7550543788201923}. Best is trial 185 with value: 0.27577401194872897.
checkpoint_e39 window_influence: 0.45303008438540676, penalty_k: 0.24565099337124932, scale_lr: 0.70788775002849547, EAO: 0.261
Trial 416 finished with value: 0.2614700963826683 and parameters: {'window_influence': 0.45303008438540676, 'penalty_k': 0.24565099337124932, 'scale_lr': 0.7078877500284955}. Best is trial 185 with value: 0.27577401194872897.
checkpoint_e39 window_influence: 0.40139119046240329, penalty_k: 0.27085698823544807, scale_lr: 0.63577474135853218, EAO: 0.264
Trial 417 finished with value: 0.2640011206390412 and parameters: {'window_influence': 0.4013911904624033, 'penalty_k': 0.27085698823544807, 'scale_lr': 0.6357747413585322}. Best is trial 185 with value: 0.27577401194872897.
checkpoint_e39 window_influence: 0.21176082209601729, penalty_k: 0.29139923997219935, scale_lr: 0.68996373086771512, EAO: 0.249
Trial 418 finished with value: 0.24911740331388102 and parameters: {'window_influence': 0.2117608220960173, 'penalty_k': 0.29139923997219935, 'scale_lr': 0.6899637308677151}. Best is trial 185 with value: 0.27577401194872897.
checkpoint_e39 window_influence: 0.38415698595423253, penalty_k: 0.00018232755423508, scale_lr: 0.67401457573347834, EAO: 0.252
Trial 419 finished with value: 0.2521187047042498 and parameters: {'window_influence': 0.38415698595423253, 'penalty_k': 0.0001823275542350844, 'scale_lr': 0.6740145757334783}. Best is trial 185 with value: 0.27577401194872897.
checkpoint_e39 window_influence: 0.54093121107725606, penalty_k: 0.23019282017099796, scale_lr: 0.70915011595375699, EAO: 0.233
Trial 420 finished with value: 0.2330272781655071 and parameters: {'window_influence': 0.5409312110772561, 'penalty_k': 0.23019282017099796, 'scale_lr': 0.709150115953757}. Best is trial 185 with value: 0.27577401194872897.
checkpoint_e39 window_influence: 0.60031780643629906, penalty_k: 0.25741442484006377, scale_lr: 0.66384450286171182, EAO: 0.225
Trial 421 finished with value: 0.22455685858319446 and parameters: {'window_influence': 0.6003178064362991, 'penalty_k': 0.25741442484006377, 'scale_lr': 0.6638445028617118}. Best is trial 185 with value: 0.27577401194872897.
checkpoint_e39 window_influence: 0.50495741225948798, penalty_k: 0.22068359224163547, scale_lr: 0.69756825861724103, EAO: 0.248
Trial 422 finished with value: 0.24763927420949547 and parameters: {'window_influence': 0.504957412259488, 'penalty_k': 0.22068359224163547, 'scale_lr': 0.697568258617241}. Best is trial 185 with value: 0.27577401194872897.
checkpoint_e39 window_influence: 0.34937260311696433, penalty_k: 0.23964704303612475, scale_lr: 0.79930742940672261, EAO: 0.255
Trial 423 finished with value: 0.25549389688464685 and parameters: {'window_influence': 0.34937260311696433, 'penalty_k': 0.23964704303612475, 'scale_lr': 0.7993074294067226}. Best is trial 185 with value: 0.27577401194872897.
checkpoint_e39 window_influence: 0.43730525557978561, penalty_k: 0.28010316632805343, scale_lr: 0.77170302635761712, EAO: 0.266
Trial 424 finished with value: 0.2658149802345571 and parameters: {'window_influence': 0.4373052555797856, 'penalty_k': 0.28010316632805343, 'scale_lr': 0.7717030263576171}. Best is trial 185 with value: 0.27577401194872897.
checkpoint_e39 window_influence: 0.45863962378581918, penalty_k: 0.25270846475211151, scale_lr: 0.57686413259676794, EAO: 0.258
Trial 425 finished with value: 0.25774108194481066 and parameters: {'window_influence': 0.4586396237858192, 'penalty_k': 0.2527084647521115, 'scale_lr': 0.5768641325967679}. Best is trial 185 with value: 0.27577401194872897.
checkpoint_e39 window_influence: 0.48991351717081122, penalty_k: 0.16029349168813856, scale_lr: 0.62414483681993715, EAO: 0.251
Trial 426 finished with value: 0.25141454675817876 and parameters: {'window_influence': 0.4899135171708112, 'penalty_k': 0.16029349168813856, 'scale_lr': 0.6241448368199372}. Best is trial 185 with value: 0.27577401194872897.
checkpoint_e39 window_influence: 0.43532435856678647, penalty_k: 0.10382812975879019, scale_lr: 0.68209754834724967, EAO: 0.265
Trial 427 finished with value: 0.2646859310627953 and parameters: {'window_influence': 0.4353243585667865, 'penalty_k': 0.10382812975879019, 'scale_lr': 0.6820975483472497}. Best is trial 185 with value: 0.27577401194872897.
checkpoint_e39 window_influence: 0.41815857656716177, penalty_k: 0.26459643970364272, scale_lr: 0.74128664624012652, EAO: 0.265
Trial 428 finished with value: 0.265091876188914 and parameters: {'window_influence': 0.41815857656716177, 'penalty_k': 0.2645964397036427, 'scale_lr': 0.7412866462401265}. Best is trial 185 with value: 0.27577401194872897.
checkpoint_e39 window_influence: 0.56751573311434178, penalty_k: 0.19258921863019959, scale_lr: 0.71328503531893517, EAO: 0.239
Trial 429 finished with value: 0.23873282496522114 and parameters: {'window_influence': 0.5675157331143418, 'penalty_k': 0.1925892186301996, 'scale_lr': 0.7132850353189352}. Best is trial 185 with value: 0.27577401194872897.
checkpoint_e39 window_influence: 0.36891423034260185, penalty_k: 0.21084804588052508, scale_lr: 0.64838658664749238, EAO: 0.255
Trial 430 finished with value: 0.2552336604614568 and parameters: {'window_influence': 0.36891423034260185, 'penalty_k': 0.21084804588052508, 'scale_lr': 0.6483865866474924}. Best is trial 185 with value: 0.27577401194872897.
checkpoint_e39 window_influence: 0.44760817068658521, penalty_k: 0.23203335477641160, scale_lr: 0.69450387176239470, EAO: 0.267
Trial 431 finished with value: 0.26700899792395955 and parameters: {'window_influence': 0.4476081706865852, 'penalty_k': 0.2320333547764116, 'scale_lr': 0.6945038717623947}. Best is trial 185 with value: 0.27577401194872897.
checkpoint_e39 window_influence: 0.46941705785508864, penalty_k: 0.30658043112495459, scale_lr: 0.53393818542398930, EAO: 0.252
Trial 432 finished with value: 0.2520035865103326 and parameters: {'window_influence': 0.46941705785508864, 'penalty_k': 0.3065804311249546, 'scale_lr': 0.5339381854239893}. Best is trial 185 with value: 0.27577401194872897.
checkpoint_e39 window_influence: 0.51288359548288220, penalty_k: 0.24941534067937343, scale_lr: 0.56654562052855595, EAO: 0.248
Trial 433 finished with value: 0.24764083537871276 and parameters: {'window_influence': 0.5128835954828822, 'penalty_k': 0.24941534067937343, 'scale_lr': 0.566545620528556}. Best is trial 185 with value: 0.27577401194872897.
checkpoint_e39 window_influence: 0.63243999160996967, penalty_k: 0.26930943254080142, scale_lr: 0.72205310915877630, EAO: 0.214
Trial 434 finished with value: 0.21392803451394646 and parameters: {'window_influence': 0.6324399916099697, 'penalty_k': 0.2693094325408014, 'scale_lr': 0.7220531091587763}. Best is trial 185 with value: 0.27577401194872897.
checkpoint_e39 window_influence: 0.42797105316048423, penalty_k: 0.23913720785313997, scale_lr: 0.68029108400479565, EAO: 0.267
Trial 435 finished with value: 0.2674187934253274 and parameters: {'window_influence': 0.4279710531604842, 'penalty_k': 0.23913720785313997, 'scale_lr': 0.6802910840047957}. Best is trial 185 with value: 0.27577401194872897.
checkpoint_e39 window_influence: 0.62159252392541586, penalty_k: 0.57730372253066387, scale_lr: 0.70105090916350121, EAO: 0.204
Trial 436 finished with value: 0.20377127850443366 and parameters: {'window_influence': 0.6215925239254159, 'penalty_k': 0.5773037225306639, 'scale_lr': 0.7010509091635012}. Best is trial 185 with value: 0.27577401194872897.
checkpoint_e39 window_influence: 0.44905991917868687, penalty_k: 0.04416266693440762, scale_lr: 0.77784801841208029, EAO: 0.264
Trial 437 finished with value: 0.26407603095702037 and parameters: {'window_influence': 0.4490599191786869, 'penalty_k': 0.044162666934407624, 'scale_lr': 0.7778480184120803}. Best is trial 185 with value: 0.27577401194872897.
checkpoint_e39 window_influence: 0.40538594177767462, penalty_k: 0.25711783122799464, scale_lr: 0.67004419721296049, EAO: 0.261
Trial 438 finished with value: 0.2612772866841254 and parameters: {'window_influence': 0.4053859417776746, 'penalty_k': 0.25711783122799464, 'scale_lr': 0.6700441972129605}. Best is trial 185 with value: 0.27577401194872897.
checkpoint_e39 window_influence: 0.43924951918239880, penalty_k: 0.22196208744404261, scale_lr: 0.48081789101350453, EAO: 0.260
Trial 439 finished with value: 0.26023088819612333 and parameters: {'window_influence': 0.4392495191823988, 'penalty_k': 0.2219620874440426, 'scale_lr': 0.48081789101350453}. Best is trial 185 with value: 0.27577401194872897.
checkpoint_e39 window_influence: 0.28710321825402557, penalty_k: 0.27915717550013985, scale_lr: 0.15736266722627629, EAO: 0.257
Trial 440 finished with value: 0.2565045179269178 and parameters: {'window_influence': 0.28710321825402557, 'penalty_k': 0.27915717550013985, 'scale_lr': 0.1573626672262763}. Best is trial 185 with value: 0.27577401194872897.
checkpoint_e39 window_influence: 0.45975847019430549, penalty_k: 0.32161056024003004, scale_lr: 0.75068137185607664, EAO: 0.262
Trial 441 finished with value: 0.2618033569154701 and parameters: {'window_influence': 0.4597584701943055, 'penalty_k': 0.32161056024003004, 'scale_lr': 0.7506813718560766}. Best is trial 185 with value: 0.27577401194872897.
checkpoint_e39 window_influence: 0.48124856122576831, penalty_k: 0.24179285634439213, scale_lr: 0.65828049016130707, EAO: 0.256
Trial 442 finished with value: 0.2564855688592283 and parameters: {'window_influence': 0.4812485612257683, 'penalty_k': 0.24179285634439213, 'scale_lr': 0.6582804901613071}. Best is trial 185 with value: 0.27577401194872897.
checkpoint_e39 window_influence: 0.42426207435141122, penalty_k: 0.26361009761371251, scale_lr: 0.72972996386361733, EAO: 0.265
Trial 443 finished with value: 0.2653501616503165 and parameters: {'window_influence': 0.4242620743514112, 'penalty_k': 0.2636100976137125, 'scale_lr': 0.7297299638636173}. Best is trial 185 with value: 0.27577401194872897.
checkpoint_e39 window_influence: 0.33515214931260567, penalty_k: 0.22728748863351619, scale_lr: 0.68823223345514462, EAO: 0.260
Trial 444 finished with value: 0.259799459358541 and parameters: {'window_influence': 0.3351521493126057, 'penalty_k': 0.2272874886335162, 'scale_lr': 0.6882322334551446}. Best is trial 185 with value: 0.27577401194872897.
checkpoint_e39 window_influence: 0.44382798069044122, penalty_k: 0.24888437565891197, scale_lr: 0.71266688261563782, EAO: 0.264
Trial 445 finished with value: 0.2639435866499335 and parameters: {'window_influence': 0.4438279806904412, 'penalty_k': 0.24888437565891197, 'scale_lr': 0.7126668826156378}. Best is trial 185 with value: 0.27577401194872897.
checkpoint_e39 window_influence: 0.43171221476256733, penalty_k: 0.28839082191563692, scale_lr: 0.69892919647722518, EAO: 0.260
Trial 446 finished with value: 0.2596972937264094 and parameters: {'window_influence': 0.4317122147625673, 'penalty_k': 0.2883908219156369, 'scale_lr': 0.6989291964772252}. Best is trial 185 with value: 0.27577401194872897.
checkpoint_e39 window_influence: 0.13574806680672161, penalty_k: 0.20802399273586888, scale_lr: 0.59804862183512586, EAO: 0.249
Trial 447 finished with value: 0.2488290924972635 and parameters: {'window_influence': 0.1357480668067216, 'penalty_k': 0.20802399273586888, 'scale_lr': 0.5980486218351259}. Best is trial 185 with value: 0.27577401194872897.
checkpoint_e39 window_influence: 0.41462661343446716, penalty_k: 0.26959791750411138, scale_lr: 0.67825699161290942, EAO: 0.253
Trial 448 finished with value: 0.2530616115384955 and parameters: {'window_influence': 0.41462661343446716, 'penalty_k': 0.2695979175041114, 'scale_lr': 0.6782569916129094}. Best is trial 185 with value: 0.27577401194872897.
checkpoint_e39 window_influence: 0.27165958665847645, penalty_k: 0.46478993510863031, scale_lr: 0.46392199058369576, EAO: 0.238
Trial 449 finished with value: 0.2381679836085172 and parameters: {'window_influence': 0.27165958665847645, 'penalty_k': 0.4647899351086303, 'scale_lr': 0.46392199058369576}. Best is trial 185 with value: 0.27577401194872897.
checkpoint_e39 window_influence: 0.45561616660448673, penalty_k: 0.23372533463193357, scale_lr: 0.61002923545826204, EAO: 0.257
Trial 450 finished with value: 0.25651210534378766 and parameters: {'window_influence': 0.4556161666044867, 'penalty_k': 0.23372533463193357, 'scale_lr': 0.610029235458262}. Best is trial 185 with value: 0.27577401194872897.
checkpoint_e39 window_influence: 0.46830398948147267, penalty_k: 0.25096829737324744, scale_lr: 0.76797605451552531, EAO: 0.261
Trial 451 finished with value: 0.26102054609758096 and parameters: {'window_influence': 0.46830398948147267, 'penalty_k': 0.25096829737324744, 'scale_lr': 0.7679760545155253}. Best is trial 185 with value: 0.27577401194872897.
checkpoint_e39 window_influence: 0.52780814399959874, penalty_k: 0.25710330616366123, scale_lr: 0.64573345203713528, EAO: 0.246
Trial 452 finished with value: 0.24632133210335322 and parameters: {'window_influence': 0.5278081439995987, 'penalty_k': 0.2571033061636612, 'scale_lr': 0.6457334520371353}. Best is trial 185 with value: 0.27577401194872897.
checkpoint_e39 window_influence: 0.44390278172975506, penalty_k: 0.21812299781375435, scale_lr: 0.71811204420610553, EAO: 0.264
Trial 453 finished with value: 0.2643545790901029 and parameters: {'window_influence': 0.44390278172975506, 'penalty_k': 0.21812299781375435, 'scale_lr': 0.7181120442061055}. Best is trial 185 with value: 0.27577401194872897.
checkpoint_e39 window_influence: 0.43068414495318263, penalty_k: 0.24025285221528062, scale_lr: 0.66190061237931963, EAO: 0.261
Trial 454 finished with value: 0.2609965247594244 and parameters: {'window_influence': 0.43068414495318263, 'penalty_k': 0.24025285221528062, 'scale_lr': 0.6619006123793196}. Best is trial 185 with value: 0.27577401194872897.
checkpoint_e39 window_influence: 0.45588686605331002, penalty_k: 0.17070808259847300, scale_lr: 0.27666719853478483, EAO: 0.251
