Trial 557 finished with value: 0.25154128761553185 and parameters: {'window_influence': 0.25102321990807375, 'penalty_k': 0.006919207017781238, 'scale_lr': 0.640415923104241}. Best is trial 489 with value: 0.28065862270390113.
checkpoint_e32 window_influence: 0.29652104624294395, penalty_k: 0.13510237737729808, scale_lr: 0.65534287396514035, EAO: 0.257
Trial 558 finished with value: 0.25693000550192546 and parameters: {'window_influence': 0.29652104624294395, 'penalty_k': 0.13510237737729808, 'scale_lr': 0.6553428739651403}. Best is trial 489 with value: 0.28065862270390113.
checkpoint_e32 window_influence: 0.32579142951661172, penalty_k: 0.05354304647318244, scale_lr: 0.79119711095387824, EAO: 0.254
Trial 559 finished with value: 0.2541985551152772 and parameters: {'window_influence': 0.3257914295166117, 'penalty_k': 0.05354304647318244, 'scale_lr': 0.7911971109538782}. Best is trial 489 with value: 0.28065862270390113.
checkpoint_e32 window_influence: 0.28470268098951229, penalty_k: 0.32285501695651209, scale_lr: 0.72373695006084571, EAO: 0.264
Trial 560 finished with value: 0.2638261862159745 and parameters: {'window_influence': 0.2847026809895123, 'penalty_k': 0.3228550169565121, 'scale_lr': 0.7237369500608457}. Best is trial 489 with value: 0.28065862270390113.
checkpoint_e32 window_influence: 0.30274929264022182, penalty_k: 0.10747988263478660, scale_lr: 0.73488706269871007, EAO: 0.261
Trial 561 finished with value: 0.26051455421176384 and parameters: {'window_influence': 0.3027492926402218, 'penalty_k': 0.1074798826347866, 'scale_lr': 0.7348870626987101}. Best is trial 489 with value: 0.28065862270390113.
checkpoint_e32 window_influence: 0.33065405054403502, penalty_k: 0.28659268017936962, scale_lr: 0.53744288099774828, EAO: 0.251
Trial 562 finished with value: 0.25131361743783565 and parameters: {'window_influence': 0.330654050544035, 'penalty_k': 0.2865926801793696, 'scale_lr': 0.5374428809977483}. Best is trial 489 with value: 0.28065862270390113.
checkpoint_e32 window_influence: 0.31483775231114530, penalty_k: 0.30474576884672105, scale_lr: 0.69014777186628873, EAO: 0.251
Trial 563 finished with value: 0.25099816536758 and parameters: {'window_influence': 0.3148377523111453, 'penalty_k': 0.30474576884672105, 'scale_lr': 0.6901477718662887}. Best is trial 489 with value: 0.28065862270390113.
checkpoint_e32 window_influence: 0.34413292724386846, penalty_k: 0.14056896094652860, scale_lr: 0.59012248224570873, EAO: 0.264
Trial 564 finished with value: 0.26440548321338203 and parameters: {'window_influence': 0.34413292724386846, 'penalty_k': 0.1405689609465286, 'scale_lr': 0.5901224822457087}. Best is trial 489 with value: 0.28065862270390113.
checkpoint_e32 window_influence: 0.27029802126794061, penalty_k: 0.07091025576986852, scale_lr: 0.76616001192029171, EAO: 0.269
Trial 565 finished with value: 0.26877382773209396 and parameters: {'window_influence': 0.2702980212679406, 'penalty_k': 0.07091025576986852, 'scale_lr': 0.7661600119202917}. Best is trial 489 with value: 0.28065862270390113.
checkpoint_e32 window_influence: 0.42072721284926667, penalty_k: 0.32965302728518342, scale_lr: 0.53657200267098726, EAO: 0.256
Trial 566 finished with value: 0.25637293019430424 and parameters: {'window_influence': 0.4207272128492667, 'penalty_k': 0.3296530272851834, 'scale_lr': 0.5365720026709873}. Best is trial 489 with value: 0.28065862270390113.
checkpoint_e32 window_influence: 0.30411313440654136, penalty_k: 0.29695377088923902, scale_lr: 0.51426994050652686, EAO: 0.258
Trial 567 finished with value: 0.25802745336924143 and parameters: {'window_influence': 0.30411313440654136, 'penalty_k': 0.296953770889239, 'scale_lr': 0.5142699405065269}. Best is trial 489 with value: 0.28065862270390113.
checkpoint_e32 window_influence: 0.17921707310258389, penalty_k: 0.04387928513612609, scale_lr: 0.79950294671126398, EAO: 0.242
Trial 568 finished with value: 0.2422083089870166 and parameters: {'window_influence': 0.1792170731025839, 'penalty_k': 0.04387928513612609, 'scale_lr': 0.799502946711264}. Best is trial 489 with value: 0.28065862270390113.
checkpoint_e32 window_influence: 0.09947665088139424, penalty_k: 0.27239258460843729, scale_lr: 0.51045835864130640, EAO: 0.232
Trial 569 finished with value: 0.23245119309522272 and parameters: {'window_influence': 0.09947665088139424, 'penalty_k': 0.2723925846084373, 'scale_lr': 0.5104583586413064}. Best is trial 489 with value: 0.28065862270390113.
checkpoint_e32 window_influence: 0.18709585464709105, penalty_k: 0.31372339962031337, scale_lr: 0.65094768879260878, EAO: 0.247
Trial 570 finished with value: 0.2473491696201689 and parameters: {'window_influence': 0.18709585464709105, 'penalty_k': 0.31372339962031337, 'scale_lr': 0.6509476887926088}. Best is trial 489 with value: 0.28065862270390113.
checkpoint_e32 window_influence: 0.32577987076951259, penalty_k: 0.11873060035491927, scale_lr: 0.67292035283846496, EAO: 0.251
Trial 571 finished with value: 0.25121655042578533 and parameters: {'window_influence': 0.3257798707695126, 'penalty_k': 0.11873060035491927, 'scale_lr': 0.672920352838465}. Best is trial 489 with value: 0.28065862270390113.
checkpoint_e32 window_influence: 0.34143421395286838, penalty_k: 0.01914578087650542, scale_lr: 0.61063680512159757, EAO: 0.259
Trial 572 finished with value: 0.2586434149766356 and parameters: {'window_influence': 0.3414342139528684, 'penalty_k': 0.019145780876505425, 'scale_lr': 0.6106368051215976}. Best is trial 489 with value: 0.28065862270390113.
checkpoint_e32 window_influence: 0.28989367167276281, penalty_k: 0.28029992662238296, scale_lr: 0.63254900810665893, EAO: 0.268
Trial 573 finished with value: 0.26769030166835317 and parameters: {'window_influence': 0.2898936716727628, 'penalty_k': 0.28029992662238296, 'scale_lr': 0.6325490081066589}. Best is trial 489 with value: 0.28065862270390113.
checkpoint_e32 window_influence: 0.31298217742031148, penalty_k: 0.33283516402102636, scale_lr: 0.75401233095047726, EAO: 0.263
Trial 574 finished with value: 0.2629431179626201 and parameters: {'window_influence': 0.3129821774203115, 'penalty_k': 0.33283516402102636, 'scale_lr': 0.7540123309504773}. Best is trial 489 with value: 0.28065862270390113.
checkpoint_e32 window_influence: 0.43777251548384771, penalty_k: 0.14794472233391931, scale_lr: 0.48535420443413740, EAO: 0.253
Trial 575 finished with value: 0.2533428803449724 and parameters: {'window_influence': 0.4377725154838477, 'penalty_k': 0.1479447223339193, 'scale_lr': 0.4853542044341374}. Best is trial 489 with value: 0.28065862270390113.
checkpoint_e32 window_influence: 0.33209764697469152, penalty_k: 0.26366891973224399, scale_lr: 0.70266410451583861, EAO: 0.271
Trial 576 finished with value: 0.27148563021082217 and parameters: {'window_influence': 0.3320976469746915, 'penalty_k': 0.263668919732244, 'scale_lr': 0.7026641045158386}. Best is trial 489 with value: 0.28065862270390113.
checkpoint_e32 window_influence: 0.46046700764252013, penalty_k: 0.53348885996583661, scale_lr: 0.57447282487448748, EAO: 0.242
Trial 577 finished with value: 0.24216436122248813 and parameters: {'window_influence': 0.46046700764252013, 'penalty_k': 0.5334888599658366, 'scale_lr': 0.5744728248744875}. Best is trial 489 with value: 0.28065862270390113.
checkpoint_e32 window_influence: 0.21399554816922370, penalty_k: 0.26155650601537289, scale_lr: 0.57996799431777757, EAO: 0.239
Trial 578 finished with value: 0.23874537780032895 and parameters: {'window_influence': 0.2139955481692237, 'penalty_k': 0.2615565060153729, 'scale_lr': 0.5799679943177776}. Best is trial 489 with value: 0.28065862270390113.
checkpoint_e32 window_influence: 0.33531031987946602, penalty_k: 0.26614189543567729, scale_lr: 0.70117959265690821, EAO: 0.267
Trial 579 finished with value: 0.266934922495024 and parameters: {'window_influence': 0.335310319879466, 'penalty_k': 0.2661418954356773, 'scale_lr': 0.7011795926569082}. Best is trial 489 with value: 0.28065862270390113.
checkpoint_e32 window_influence: 0.57182811530580180, penalty_k: 0.26213584087669367, scale_lr: 0.74467618190285145, EAO: 0.222
Trial 580 finished with value: 0.22151794466303615 and parameters: {'window_influence': 0.5718281153058018, 'penalty_k': 0.26213584087669367, 'scale_lr': 0.7446761819028515}. Best is trial 489 with value: 0.28065862270390113.
checkpoint_e32 window_influence: 0.58546755587577759, penalty_k: 0.44316978216976000, scale_lr: 0.72793485765443477, EAO: 0.211
Trial 581 finished with value: 0.21082436572003171 and parameters: {'window_influence': 0.5854675558757776, 'penalty_k': 0.44316978216976, 'scale_lr': 0.7279348576544348}. Best is trial 489 with value: 0.28065862270390113.
checkpoint_e32 window_influence: 0.34644370732141699, penalty_k: 0.28349816062345512, scale_lr: 0.70699706830540199, EAO: 0.264
Trial 582 finished with value: 0.263716097587977 and parameters: {'window_influence': 0.346443707321417, 'penalty_k': 0.2834981606234551, 'scale_lr': 0.706997068305402}. Best is trial 489 with value: 0.28065862270390113.
checkpoint_e32 window_influence: 0.32624823041051337, penalty_k: 0.27395347161980182, scale_lr: 0.55437149361554916, EAO: 0.257
Trial 583 finished with value: 0.2566280255957348 and parameters: {'window_influence': 0.3262482304105134, 'penalty_k': 0.2739534716198018, 'scale_lr': 0.5543714936155492}. Best is trial 489 with value: 0.28065862270390113.
checkpoint_e32 window_influence: 0.20973552662732489, penalty_k: 0.29103116423879266, scale_lr: 0.43236910820814578, EAO: 0.238
Trial 584 finished with value: 0.23836149111753557 and parameters: {'window_influence': 0.2097355266273249, 'penalty_k': 0.29103116423879266, 'scale_lr': 0.4323691082081458}. Best is trial 489 with value: 0.28065862270390113.
checkpoint_e32 window_influence: 0.53634193995212709, penalty_k: 0.08134742440341228, scale_lr: 0.45475493658598620, EAO: 0.245
Trial 585 finished with value: 0.24537931727926907 and parameters: {'window_influence': 0.5363419399521271, 'penalty_k': 0.08134742440341228, 'scale_lr': 0.4547549365859862}. Best is trial 489 with value: 0.28065862270390113.
checkpoint_e32 window_influence: 0.48987982124028479, penalty_k: 0.54338642067643028, scale_lr: 0.68707595036773128, EAO: 0.239
Trial 586 finished with value: 0.23865378490550732 and parameters: {'window_influence': 0.4898798212402848, 'penalty_k': 0.5433864206764303, 'scale_lr': 0.6870759503677313}. Best is trial 489 with value: 0.28065862270390113.
checkpoint_e32 window_influence: 0.34394647856468102, penalty_k: 0.25078043245163989, scale_lr: 0.53999785899122510, EAO: 0.262
Trial 587 finished with value: 0.26218298313821237 and parameters: {'window_influence': 0.343946478564681, 'penalty_k': 0.2507804324516399, 'scale_lr': 0.5399978589912251}. Best is trial 489 with value: 0.28065862270390113.
checkpoint_e32 window_influence: 0.32976760835527913, penalty_k: 0.13169226484410565, scale_lr: 0.49846977641176277, EAO: 0.256
Trial 588 finished with value: 0.2556239431951104 and parameters: {'window_influence': 0.32976760835527913, 'penalty_k': 0.13169226484410565, 'scale_lr': 0.49846977641176277}. Best is trial 489 with value: 0.28065862270390113.
checkpoint_e32 window_influence: 0.27633368171623363, penalty_k: 0.30212001459309767, scale_lr: 0.41740076593099085, EAO: 0.249
Trial 589 finished with value: 0.2494217999340073 and parameters: {'window_influence': 0.2763336817162336, 'penalty_k': 0.3021200145930977, 'scale_lr': 0.41740076593099085}. Best is trial 489 with value: 0.28065862270390113.
checkpoint_e32 window_influence: 0.31975809016664247, penalty_k: 0.49324597521807612, scale_lr: 0.57025955940301265, EAO: 0.252
Trial 590 finished with value: 0.25152939915414746 and parameters: {'window_influence': 0.3197580901666425, 'penalty_k': 0.4932459752180761, 'scale_lr': 0.5702595594030127}. Best is trial 489 with value: 0.28065862270390113.
checkpoint_e32 window_influence: 0.29870375423861345, penalty_k: 0.15273027894692795, scale_lr: 0.52074721649430533, EAO: 0.256
Trial 591 finished with value: 0.25564038347664886 and parameters: {'window_influence': 0.29870375423861345, 'penalty_k': 0.15273027894692795, 'scale_lr': 0.5207472164943053}. Best is trial 489 with value: 0.28065862270390113.
checkpoint_e32 window_influence: 0.34763221464793614, penalty_k: 0.10205734737165294, scale_lr: 0.71285175850901283, EAO: 0.250
Trial 592 finished with value: 0.250067384989281 and parameters: {'window_influence': 0.34763221464793614, 'penalty_k': 0.10205734737165294, 'scale_lr': 0.7128517585090128}. Best is trial 489 with value: 0.28065862270390113.
checkpoint_e32 window_influence: 0.55946293716270512, penalty_k: 0.25552035866919287, scale_lr: 0.73565622178834855, EAO: 0.231
Trial 593 finished with value: 0.2305581681733209 and parameters: {'window_influence': 0.5594629371627051, 'penalty_k': 0.25552035866919287, 'scale_lr': 0.7356562217883486}. Best is trial 489 with value: 0.28065862270390113.
checkpoint_e32 window_influence: 0.09391663877361839, penalty_k: 0.38100441785249545, scale_lr: 0.77906535449783143, EAO: 0.227
Trial 594 finished with value: 0.226743459035226 and parameters: {'window_influence': 0.09391663877361839, 'penalty_k': 0.38100441785249545, 'scale_lr': 0.7790653544978314}. Best is trial 489 with value: 0.28065862270390113.
checkpoint_e32 window_influence: 0.33523855478009373, penalty_k: 0.05807922391350530, scale_lr: 0.48048176050821562, EAO: 0.266
Trial 595 finished with value: 0.26564794179142975 and parameters: {'window_influence': 0.33523855478009373, 'penalty_k': 0.0580792239135053, 'scale_lr': 0.4804817605082156}. Best is trial 489 with value: 0.28065862270390113.
checkpoint_e32 window_influence: 0.40696726246665149, penalty_k: 0.28676384937662702, scale_lr: 0.69527336932727013, EAO: 0.261
Trial 596 finished with value: 0.26083510793079207 and parameters: {'window_influence': 0.4069672624666515, 'penalty_k': 0.286763849376627, 'scale_lr': 0.6952733693272701}. Best is trial 489 with value: 0.28065862270390113.
checkpoint_e32 window_influence: 0.25628969487718339, penalty_k: 0.34789960284302068, scale_lr: 0.67861710463284630, EAO: 0.256
Trial 597 finished with value: 0.25612547781651585 and parameters: {'window_influence': 0.2562896948771834, 'penalty_k': 0.3478996028430207, 'scale_lr': 0.6786171046328463}. Best is trial 489 with value: 0.28065862270390113.
checkpoint_e32 window_influence: 0.51784537534896369, penalty_k: 0.03983833872383319, scale_lr: 0.51078136796948692, EAO: 0.239
Trial 598 finished with value: 0.2392547921073146 and parameters: {'window_influence': 0.5178453753489637, 'penalty_k': 0.03983833872383319, 'scale_lr': 0.5107813679694869}. Best is trial 489 with value: 0.28065862270390113.
checkpoint_e32 window_influence: 0.28712440112140608, penalty_k: 0.11789645531163788, scale_lr: 0.60467485780780483, EAO: 0.269
Trial 599 finished with value: 0.2685459234365603 and parameters: {'window_influence': 0.2871244011214061, 'penalty_k': 0.11789645531163788, 'scale_lr': 0.6046748578078048}. Best is trial 489 with value: 0.28065862270390113.
checkpoint_e32 window_influence: 0.23483742298713484, penalty_k: 0.59192479228774042, scale_lr: 0.72203225305446483, EAO: 0.256
Trial 600 finished with value: 0.2559636755566287 and parameters: {'window_influence': 0.23483742298713484, 'penalty_k': 0.5919247922877404, 'scale_lr': 0.7220322530544648}. Best is trial 489 with value: 0.28065862270390113.
checkpoint_e32 window_influence: 0.31479542580194275, penalty_k: 0.00278686168406386, scale_lr: 0.44568695340114284, EAO: 0.267
Trial 601 finished with value: 0.2668960726236909 and parameters: {'window_influence': 0.31479542580194275, 'penalty_k': 0.0027868616840638627, 'scale_lr': 0.44568695340114284}. Best is trial 489 with value: 0.28065862270390113.
checkpoint_e32 window_influence: 0.29897459254896247, penalty_k: 0.50618283413372533, scale_lr: 0.63073365511255564, EAO: 0.246
Trial 602 finished with value: 0.24569805008851417 and parameters: {'window_influence': 0.29897459254896247, 'penalty_k': 0.5061828341337253, 'scale_lr': 0.6307336551125556}. Best is trial 489 with value: 0.28065862270390113.
checkpoint_e32 window_influence: 0.32397599619929340, penalty_k: 0.30370913197645222, scale_lr: 0.76379464480738124, EAO: 0.268
Trial 603 finished with value: 0.2682553861078208 and parameters: {'window_influence': 0.3239759961992934, 'penalty_k': 0.3037091319764522, 'scale_lr': 0.7637946448073812}. Best is trial 489 with value: 0.28065862270390113.
checkpoint_e32 window_influence: 0.34848588841065287, penalty_k: 0.27975058192078089, scale_lr: 0.52365952812865812, EAO: 0.259
Trial 604 finished with value: 0.2585424253247618 and parameters: {'window_influence': 0.34848588841065287, 'penalty_k': 0.2797505819207809, 'scale_lr': 0.5236595281286581}. Best is trial 489 with value: 0.28065862270390113.
checkpoint_e32 window_influence: 0.42961005380102435, penalty_k: 0.23981086595171536, scale_lr: 0.64819343719127021, EAO: 0.255
Trial 605 finished with value: 0.25458383420860864 and parameters: {'window_influence': 0.42961005380102435, 'penalty_k': 0.23981086595171536, 'scale_lr': 0.6481934371912702}. Best is trial 489 with value: 0.28065862270390113.
checkpoint_e32 window_influence: 0.41655630039661906, penalty_k: 0.36103690313436443, scale_lr: 0.46314463037993386, EAO: 0.250
Trial 606 finished with value: 0.2501857877383387 and parameters: {'window_influence': 0.41655630039661906, 'penalty_k': 0.36103690313436443, 'scale_lr': 0.46314463037993386}. Best is trial 489 with value: 0.28065862270390113.
checkpoint_e32 window_influence: 0.26878849155279899, penalty_k: 0.13465238716460948, scale_lr: 0.47500255078381665, EAO: 0.258
Trial 607 finished with value: 0.2583436344454928 and parameters: {'window_influence': 0.268788491552799, 'penalty_k': 0.13465238716460948, 'scale_lr': 0.47500255078381665}. Best is trial 489 with value: 0.28065862270390113.
checkpoint_e32 window_influence: 0.33406165640437391, penalty_k: 0.27305585447749653, scale_lr: 0.66933198621763146, EAO: 0.262
Trial 608 finished with value: 0.2616486628123415 and parameters: {'window_influence': 0.3340616564043739, 'penalty_k': 0.27305585447749653, 'scale_lr': 0.6693319862176315}. Best is trial 489 with value: 0.28065862270390113.
checkpoint_e32 window_influence: 0.30339591998390175, penalty_k: 0.07195747123390850, scale_lr: 0.34447563894853250, EAO: 0.251
Trial 609 finished with value: 0.2508088785216091 and parameters: {'window_influence': 0.30339591998390175, 'penalty_k': 0.0719574712339085, 'scale_lr': 0.3444756389485325}. Best is trial 489 with value: 0.28065862270390113.
checkpoint_e32 window_influence: 0.24719404722420532, penalty_k: 0.02985704478173912, scale_lr: 0.39919154546725244, EAO: 0.259
Trial 610 finished with value: 0.2591505259033141 and parameters: {'window_influence': 0.24719404722420532, 'penalty_k': 0.029857044781739117, 'scale_lr': 0.39919154546725244}. Best is trial 489 with value: 0.28065862270390113.
checkpoint_e32 window_influence: 0.31719743629657415, penalty_k: 0.16005017118197859, scale_lr: 0.73951728401099603, EAO: 0.259
Trial 611 finished with value: 0.25948577683146407 and parameters: {'window_influence': 0.31719743629657415, 'penalty_k': 0.1600501711819786, 'scale_lr': 0.739517284010996}. Best is trial 489 with value: 0.28065862270390113.
checkpoint_e32 window_influence: 0.33889418842946317, penalty_k: 0.29628115663562193, scale_lr: 0.55948164567883318, EAO: 0.259
Trial 612 finished with value: 0.2593869608107621 and parameters: {'window_influence': 0.3388941884294632, 'penalty_k': 0.29628115663562193, 'scale_lr': 0.5594816456788332}. Best is trial 489 with value: 0.28065862270390113.
checkpoint_e32 window_influence: 0.28436099508798873, penalty_k: 0.31207270011867005, scale_lr: 0.43427179389413223, EAO: 0.259
Trial 613 finished with value: 0.2593455407314184 and parameters: {'window_influence': 0.28436099508798873, 'penalty_k': 0.31207270011867005, 'scale_lr': 0.43427179389413223}. Best is trial 489 with value: 0.28065862270390113.
checkpoint_e32 window_influence: 0.30730253376564437, penalty_k: 0.26021463874823336, scale_lr: 0.71522965076767642, EAO: 0.268
Trial 614 finished with value: 0.26776537705000825 and parameters: {'window_influence': 0.30730253376564437, 'penalty_k': 0.26021463874823336, 'scale_lr': 0.7152296507676764}. Best is trial 489 with value: 0.28065862270390113.
checkpoint_e32 window_influence: 0.32473353059763421, penalty_k: 0.14279499385981151, scale_lr: 0.61478279078443510, EAO: 0.259
Trial 615 finished with value: 0.25893576782408767 and parameters: {'window_influence': 0.3247335305976342, 'penalty_k': 0.1427949938598115, 'scale_lr': 0.6147827907844351}. Best is trial 489 with value: 0.28065862270390113.
checkpoint_e32 window_influence: 0.53270324941349512, penalty_k: 0.11541531760265990, scale_lr: 0.78588100969587471, EAO: 0.244
Trial 616 finished with value: 0.24362428849790155 and parameters: {'window_influence': 0.5327032494134951, 'penalty_k': 0.1154153176026599, 'scale_lr': 0.7858810096958747}. Best is trial 489 with value: 0.28065862270390113.
checkpoint_e32 window_influence: 0.08394480122063297, penalty_k: 0.23484414280385460, scale_lr: 0.69379839953373112, EAO: 0.240
Trial 617 finished with value: 0.24001201835831976 and parameters: {'window_influence': 0.08394480122063297, 'penalty_k': 0.2348441428038546, 'scale_lr': 0.6937983995337311}. Best is trial 489 with value: 0.28065862270390113.
checkpoint_e32 window_influence: 0.35138342667533318, penalty_k: 0.08329094154276098, scale_lr: 0.58913557027058283, EAO: 0.262
Trial 618 finished with value: 0.26231737556011697 and parameters: {'window_influence': 0.3513834266753332, 'penalty_k': 0.08329094154276098, 'scale_lr': 0.5891355702705828}. Best is trial 489 with value: 0.28065862270390113.
checkpoint_e32 window_influence: 0.28949829225472545, penalty_k: 0.52469588870883233, scale_lr: 0.62991407837702684, EAO: 0.266
