Trial 256 finished with value: 0.26683382647551174 and parameters: {'window_influence': 0.3805550347515511, 'penalty_k': 0.07373293032511427, 'scale_lr': 0.5033253606825132}. Best is trial 90 with value: 0.28226814400858996.
checkpoint_e16 window_influence: 0.38400479369775714, penalty_k: 0.07365150634652377, scale_lr: 0.32608612558932271, EAO: 0.250
Trial 252 finished with value: 0.250040369365758 and parameters: {'window_influence': 0.38400479369775714, 'penalty_k': 0.07365150634652377, 'scale_lr': 0.3260861255893227}. Best is trial 111 with value: 0.27549627247622344.
checkpoint_e16 window_influence: 0.40916301521031562, penalty_k: 0.58784793720625084, scale_lr: 0.52758541506784196, EAO: 0.245
Trial 235 finished with value: 0.24527644057099413 and parameters: {'window_influence': 0.4091630152103156, 'penalty_k': 0.5878479372062508, 'scale_lr': 0.527585415067842}. Best is trial 184 with value: 0.2793023090779297.
checkpoint_e16 window_influence: 0.35941935034629352, penalty_k: 0.03408156018700947, scale_lr: 0.37934953346933953, EAO: 0.267
Trial 257 finished with value: 0.2668216940227563 and parameters: {'window_influence': 0.3594193503462935, 'penalty_k': 0.034081560187009474, 'scale_lr': 0.37934953346933953}. Best is trial 90 with value: 0.28226814400858996.
checkpoint_e16 window_influence: 0.43224704936871300, penalty_k: 0.04167558341751464, scale_lr: 0.59286120502039796, EAO: 0.258
Trial 253 finished with value: 0.2579517256680543 and parameters: {'window_influence': 0.432247049368713, 'penalty_k': 0.041675583417514636, 'scale_lr': 0.592861205020398}. Best is trial 111 with value: 0.27549627247622344.
checkpoint_e16 window_influence: 0.64926513912306638, penalty_k: 0.05398183555462750, scale_lr: 0.33334491265020133, EAO: 0.210
Trial 258 finished with value: 0.21004456881342864 and parameters: {'window_influence': 0.6492651391230664, 'penalty_k': 0.053981835554627496, 'scale_lr': 0.33334491265020133}. Best is trial 90 with value: 0.28226814400858996.
checkpoint_e16 window_influence: 0.46163778720472853, penalty_k: 0.01941635326323978, scale_lr: 0.51200022026982717, EAO: 0.260
Trial 236 finished with value: 0.2601218691201714 and parameters: {'window_influence': 0.46163778720472853, 'penalty_k': 0.019416353263239778, 'scale_lr': 0.5120002202698272}. Best is trial 184 with value: 0.2793023090779297.
checkpoint_e16 window_influence: 0.36970147863471348, penalty_k: 0.01802895265238926, scale_lr: 0.44053524630562951, EAO: 0.261
Trial 254 finished with value: 0.26067442634725957 and parameters: {'window_influence': 0.3697014786347135, 'penalty_k': 0.018028952652389258, 'scale_lr': 0.4405352463056295}. Best is trial 111 with value: 0.27549627247622344.
checkpoint_e16 window_influence: 0.39296918267634967, penalty_k: 0.02196794500810599, scale_lr: 0.31630831628390366, EAO: 0.264
Trial 259 finished with value: 0.26419493719571974 and parameters: {'window_influence': 0.39296918267634967, 'penalty_k': 0.021967945008105994, 'scale_lr': 0.31630831628390366}. Best is trial 90 with value: 0.28226814400858996.
checkpoint_e16 window_influence: 0.43651854643362747, penalty_k: 0.18413606944197008, scale_lr: 0.46462545118061049, EAO: 0.248
Trial 237 finished with value: 0.2484012209181863 and parameters: {'window_influence': 0.4365185464336275, 'penalty_k': 0.18413606944197008, 'scale_lr': 0.4646254511806105}. Best is trial 184 with value: 0.2793023090779297.
checkpoint_e16 window_influence: 0.45829542732277356, penalty_k: 0.05315135374032871, scale_lr: 0.20276196259942292, EAO: 0.258
Trial 255 finished with value: 0.25761412465717737 and parameters: {'window_influence': 0.45829542732277356, 'penalty_k': 0.05315135374032871, 'scale_lr': 0.20276196259942292}. Best is trial 111 with value: 0.27549627247622344.
checkpoint_e16 window_influence: 0.19435200202050798, penalty_k: 0.11769639653983285, scale_lr: 0.36180272923561746, EAO: 0.247
Trial 260 finished with value: 0.24672932099036085 and parameters: {'window_influence': 0.19435200202050798, 'penalty_k': 0.11769639653983285, 'scale_lr': 0.36180272923561746}. Best is trial 90 with value: 0.28226814400858996.
checkpoint_e16 window_influence: 0.31524064029163273, penalty_k: 0.03319014604918504, scale_lr: 0.39170044924317132, EAO: 0.250
Trial 256 finished with value: 0.249847131531413 and parameters: {'window_influence': 0.31524064029163273, 'penalty_k': 0.03319014604918504, 'scale_lr': 0.3917004492431713}. Best is trial 111 with value: 0.27549627247622344.
checkpoint_e16 window_influence: 0.42328403661309461, penalty_k: 0.01119808525046731, scale_lr: 0.44698825676703352, EAO: 0.257
Trial 238 finished with value: 0.2573723577992703 and parameters: {'window_influence': 0.4232840366130946, 'penalty_k': 0.011198085250467308, 'scale_lr': 0.4469882567670335}. Best is trial 184 with value: 0.2793023090779297.
checkpoint_e16 window_influence: 0.37246313852727053, penalty_k: 0.03957366716597194, scale_lr: 0.34121064999780948, EAO: 0.266
Trial 261 finished with value: 0.2660132136529054 and parameters: {'window_influence': 0.37246313852727053, 'penalty_k': 0.03957366716597194, 'scale_lr': 0.3412106499978095}. Best is trial 90 with value: 0.28226814400858996.
checkpoint_e16 window_influence: 0.34999696494950810, penalty_k: 0.26680793587213680, scale_lr: 0.47016602338232805, EAO: 0.239
Trial 257 finished with value: 0.2388627440706501 and parameters: {'window_influence': 0.3499969649495081, 'penalty_k': 0.2668079358721368, 'scale_lr': 0.47016602338232805}. Best is trial 111 with value: 0.27549627247622344.
checkpoint_e16 window_influence: 0.56944047072706716, penalty_k: 0.03546081400796544, scale_lr: 0.49290919049151261, EAO: 0.239
Trial 239 finished with value: 0.23908398148974752 and parameters: {'window_influence': 0.5694404707270672, 'penalty_k': 0.03546081400796544, 'scale_lr': 0.4929091904915126}. Best is trial 184 with value: 0.2793023090779297.
checkpoint_e16 window_influence: 0.41205441751695876, penalty_k: 0.06718023480592283, scale_lr: 0.28513412126071913, EAO: 0.262
Trial 262 finished with value: 0.26192714491995367 and parameters: {'window_influence': 0.41205441751695876, 'penalty_k': 0.06718023480592283, 'scale_lr': 0.28513412126071913}. Best is trial 90 with value: 0.28226814400858996.
checkpoint_e16 window_influence: 0.42160603925283868, penalty_k: 0.08705705847805371, scale_lr: 0.56216177998979644, EAO: 0.262
Trial 258 finished with value: 0.2615724680263822 and parameters: {'window_influence': 0.4216060392528387, 'penalty_k': 0.08705705847805371, 'scale_lr': 0.5621617799897964}. Best is trial 111 with value: 0.27549627247622344.
checkpoint_e16 window_influence: 0.45083695411692498, penalty_k: 0.05084834005400252, scale_lr: 0.47636877109098597, EAO: 0.258
Trial 240 finished with value: 0.2578161710767242 and parameters: {'window_influence': 0.450836954116925, 'penalty_k': 0.050848340054002523, 'scale_lr': 0.47636877109098597}. Best is trial 184 with value: 0.2793023090779297.
checkpoint_e16 window_influence: 0.38318359263264917, penalty_k: 0.09965511123056520, scale_lr: 0.38365753044457307, EAO: 0.263
Trial 263 finished with value: 0.2625597559703075 and parameters: {'window_influence': 0.3831835926326492, 'penalty_k': 0.0996551112305652, 'scale_lr': 0.38365753044457307}. Best is trial 90 with value: 0.28226814400858996.
checkpoint_e16 window_influence: 0.39935991572428181, penalty_k: 0.06477726073026549, scale_lr: 0.41937813212755692, EAO: 0.256
Trial 259 finished with value: 0.2560705996868087 and parameters: {'window_influence': 0.3993599157242818, 'penalty_k': 0.06477726073026549, 'scale_lr': 0.4193781321275569}. Best is trial 111 with value: 0.27549627247622344.
checkpoint_e16 window_influence: 0.44495212820108226, penalty_k: 0.02308195251256405, scale_lr: 0.51543961593001697, EAO: 0.261
Trial 241 finished with value: 0.26092910857462304 and parameters: {'window_influence': 0.44495212820108226, 'penalty_k': 0.023081952512564046, 'scale_lr': 0.515439615930017}. Best is trial 184 with value: 0.2793023090779297.
checkpoint_e16 window_influence: 0.40376316468052870, penalty_k: 0.08541182981545678, scale_lr: 0.36144579288134326, EAO: 0.277
Trial 264 finished with value: 0.2769595158051669 and parameters: {'window_influence': 0.4037631646805287, 'penalty_k': 0.08541182981545678, 'scale_lr': 0.36144579288134326}. Best is trial 90 with value: 0.28226814400858996.
checkpoint_e16 window_influence: 0.38940920537309770, penalty_k: 0.02484378594601458, scale_lr: 0.36999644581530011, EAO: 0.265
Trial 260 finished with value: 0.2650820191313581 and parameters: {'window_influence': 0.3894092053730977, 'penalty_k': 0.024843785946014583, 'scale_lr': 0.3699964458153001}. Best is trial 111 with value: 0.27549627247622344.
checkpoint_e16 window_influence: 0.43465005702029630, penalty_k: 0.02164249390943514, scale_lr: 0.53295830440036274, EAO: 0.261
Trial 242 finished with value: 0.2612036047427635 and parameters: {'window_influence': 0.4346500570202963, 'penalty_k': 0.02164249390943514, 'scale_lr': 0.5329583044003627}. Best is trial 184 with value: 0.2793023090779297.
checkpoint_e16 window_influence: 0.40328867679545194, penalty_k: 0.08828316570954774, scale_lr: 0.40822516779344131, EAO: 0.251
Trial 265 finished with value: 0.2514659621851231 and parameters: {'window_influence': 0.40328867679545194, 'penalty_k': 0.08828316570954774, 'scale_lr': 0.4082251677934413}. Best is trial 90 with value: 0.28226814400858996.
checkpoint_e16 window_influence: 0.38597748789596820, penalty_k: 0.23864355491534114, scale_lr: 0.37308318132613855, EAO: 0.248
Trial 261 finished with value: 0.24846014653037235 and parameters: {'window_influence': 0.3859774878959682, 'penalty_k': 0.23864355491534114, 'scale_lr': 0.37308318132613855}. Best is trial 111 with value: 0.27549627247622344.
checkpoint_e16 window_influence: 0.32378988242109336, penalty_k: 0.01104572625175606, scale_lr: 0.51157074773861066, EAO: 0.260
Trial 243 finished with value: 0.25974192440025207 and parameters: {'window_influence': 0.32378988242109336, 'penalty_k': 0.011045726251756064, 'scale_lr': 0.5115707477386107}. Best is trial 184 with value: 0.2793023090779297.
checkpoint_e16 window_influence: 0.42972209049108279, penalty_k: 0.08371561274026330, scale_lr: 0.36864272736200926, EAO: 0.266
Trial 266 finished with value: 0.2662584086864944 and parameters: {'window_influence': 0.4297220904910828, 'penalty_k': 0.0837156127402633, 'scale_lr': 0.36864272736200926}. Best is trial 90 with value: 0.28226814400858996.
checkpoint_e16 window_influence: 0.39504309526805947, penalty_k: 0.04702476150376472, scale_lr: 0.35571022837788230, EAO: 0.251
Trial 262 finished with value: 0.2513511503736178 and parameters: {'window_influence': 0.3950430952680595, 'penalty_k': 0.04702476150376472, 'scale_lr': 0.3557102283778823}. Best is trial 111 with value: 0.27549627247622344.
checkpoint_e16 window_influence: 0.41921670851803938, penalty_k: 0.10460246422345548, scale_lr: 0.54745178162001196, EAO: 0.256
Trial 267 finished with value: 0.25644797849945905 and parameters: {'window_influence': 0.4192167085180394, 'penalty_k': 0.10460246422345548, 'scale_lr': 0.547451781620012}. Best is trial 90 with value: 0.28226814400858996.
checkpoint_e16 window_influence: 0.44348293246669429, penalty_k: 0.03255967354013869, scale_lr: 0.49916328931256326, EAO: 0.280
Trial 244 finished with value: 0.2802958501184859 and parameters: {'window_influence': 0.4434829324666943, 'penalty_k': 0.032559673540138695, 'scale_lr': 0.49916328931256326}. Best is trial 244 with value: 0.2802958501184859.
checkpoint_e16 window_influence: 0.36505909096701467, penalty_k: 0.02578756096682392, scale_lr: 0.38329053821330000, EAO: 0.260
Trial 263 finished with value: 0.2597747018666771 and parameters: {'window_influence': 0.36505909096701467, 'penalty_k': 0.02578756096682392, 'scale_lr': 0.3832905382133}. Best is trial 111 with value: 0.27549627247622344.
checkpoint_e16 window_influence: 0.39621476032787917, penalty_k: 0.12748621271577076, scale_lr: 0.57358967864588151, EAO: 0.261
Trial 268 finished with value: 0.2606823050030848 and parameters: {'window_influence': 0.39621476032787917, 'penalty_k': 0.12748621271577076, 'scale_lr': 0.5735896786458815}. Best is trial 90 with value: 0.28226814400858996.
checkpoint_e16 window_influence: 0.40701681340470441, penalty_k: 0.04148659743664034, scale_lr: 0.40215353148780991, EAO: 0.258
Trial 264 finished with value: 0.2580258636091783 and parameters: {'window_influence': 0.4070168134047044, 'penalty_k': 0.041486597436640335, 'scale_lr': 0.4021535314878099}. Best is trial 111 with value: 0.27549627247622344.
checkpoint_e16 window_influence: 0.46789554419387519, penalty_k: 0.06327333038599754, scale_lr: 0.50112697169504006, EAO: 0.262
Trial 245 finished with value: 0.26227335825683623 and parameters: {'window_influence': 0.4678955441938752, 'penalty_k': 0.06327333038599754, 'scale_lr': 0.5011269716950401}. Best is trial 244 with value: 0.2802958501184859.
checkpoint_e16 window_influence: 0.35057436808029901, penalty_k: 0.17904775756622798, scale_lr: 0.63802687473391750, EAO: 0.258
Trial 269 finished with value: 0.25814293228029234 and parameters: {'window_influence': 0.350574368080299, 'penalty_k': 0.17904775756622798, 'scale_lr': 0.6380268747339175}. Best is trial 90 with value: 0.28226814400858996.
checkpoint_e16 window_influence: 0.37911843893657388, penalty_k: 0.01206543695690543, scale_lr: 0.36934061903491994, EAO: 0.248
Trial 265 finished with value: 0.24794312227305357 and parameters: {'window_influence': 0.3791184389365739, 'penalty_k': 0.012065436956905429, 'scale_lr': 0.36934061903491994}. Best is trial 111 with value: 0.27549627247622344.
checkpoint_e16 window_influence: 0.33639691385213055, penalty_k: 0.03569477768546024, scale_lr: 0.48725282508029316, EAO: 0.258
Trial 246 finished with value: 0.25814600494818957 and parameters: {'window_influence': 0.33639691385213055, 'penalty_k': 0.03569477768546024, 'scale_lr': 0.48725282508029316}. Best is trial 244 with value: 0.2802958501184859.
checkpoint_e16 window_influence: 0.36793174032872900, penalty_k: 0.07823695607996831, scale_lr: 0.32452186790291565, EAO: 0.272
Trial 270 finished with value: 0.2716079017495721 and parameters: {'window_influence': 0.367931740328729, 'penalty_k': 0.0782369560799683, 'scale_lr': 0.32452186790291565}. Best is trial 90 with value: 0.28226814400858996.
checkpoint_e16 window_influence: 0.39182811613538554, penalty_k: 0.00008321571797427, scale_lr: 0.34718611810039279, EAO: 0.257
Trial 266 finished with value: 0.257309647655584 and parameters: {'window_influence': 0.39182811613538554, 'penalty_k': 8.321571797427398e-05, 'scale_lr': 0.3471861181003928}. Best is trial 111 with value: 0.27549627247622344.
checkpoint_e16 window_influence: 0.41938715954023237, penalty_k: 0.00909378465883487, scale_lr: 0.49689934133333974, EAO: 0.264
Trial 247 finished with value: 0.2636588204318915 and parameters: {'window_influence': 0.41938715954023237, 'penalty_k': 0.009093784658834874, 'scale_lr': 0.49689934133333974}. Best is trial 244 with value: 0.2802958501184859.
checkpoint_e16 window_influence: 0.40838407556790013, penalty_k: 0.06023546177615235, scale_lr: 0.44193111364277443, EAO: 0.251
Trial 271 finished with value: 0.2509323992137987 and parameters: {'window_influence': 0.40838407556790013, 'penalty_k': 0.060235461776152355, 'scale_lr': 0.44193111364277443}. Best is trial 90 with value: 0.28226814400858996.
checkpoint_e16 window_influence: 0.41353814014448437, penalty_k: 0.05898941164145597, scale_lr: 0.39248036755805488, EAO: 0.252
Trial 267 finished with value: 0.2515306940408257 and parameters: {'window_influence': 0.41353814014448437, 'penalty_k': 0.05898941164145597, 'scale_lr': 0.3924803675580549}. Best is trial 111 with value: 0.27549627247622344.
checkpoint_e16 window_influence: 0.44845671213291821, penalty_k: 0.11204594402091991, scale_lr: 0.52437012505025815, EAO: 0.246
Trial 248 finished with value: 0.2462834923611424 and parameters: {'window_influence': 0.4484567121329182, 'penalty_k': 0.11204594402091991, 'scale_lr': 0.5243701250502582}. Best is trial 244 with value: 0.2802958501184859.
checkpoint_e16 window_influence: 0.36171341692670217, penalty_k: 0.34520745715426393, scale_lr: 0.46946443774926522, EAO: 0.251
Trial 272 finished with value: 0.2507960666122475 and parameters: {'window_influence': 0.36171341692670217, 'penalty_k': 0.34520745715426393, 'scale_lr': 0.4694644377492652}. Best is trial 90 with value: 0.28226814400858996.
checkpoint_e16 window_influence: 0.37561651178510747, penalty_k: 0.03210574861158842, scale_lr: 0.43505537552387474, EAO: 0.261
Trial 268 finished with value: 0.26070347494953044 and parameters: {'window_influence': 0.37561651178510747, 'penalty_k': 0.03210574861158842, 'scale_lr': 0.43505537552387474}. Best is trial 111 with value: 0.27549627247622344.
checkpoint_e16 window_influence: 0.23475286173814736, penalty_k: 0.07623898309826163, scale_lr: 0.47246596266798935, EAO: 0.256
Trial 249 finished with value: 0.25569760769121047 and parameters: {'window_influence': 0.23475286173814736, 'penalty_k': 0.07623898309826163, 'scale_lr': 0.47246596266798935}. Best is trial 244 with value: 0.2802958501184859.
checkpoint_e16 window_influence: 0.39444510022045104, penalty_k: 0.07167094020231779, scale_lr: 0.38593789601503858, EAO: 0.245
Trial 273 finished with value: 0.2447768941037054 and parameters: {'window_influence': 0.39444510022045104, 'penalty_k': 0.07167094020231779, 'scale_lr': 0.3859378960150386}. Best is trial 90 with value: 0.28226814400858996.
checkpoint_e16 window_influence: 0.35698053195452173, penalty_k: 0.07201233726016580, scale_lr: 0.69943643344191764, EAO: 0.244
Trial 269 finished with value: 0.2442116026834744 and parameters: {'window_influence': 0.35698053195452173, 'penalty_k': 0.0720123372601658, 'scale_lr': 0.6994364334419176}. Best is trial 111 with value: 0.27549627247622344.
checkpoint_e16 window_influence: 0.48522556994923083, penalty_k: 0.05350623747286135, scale_lr: 0.45728112006222094, EAO: 0.263
Trial 250 finished with value: 0.2626930611526094 and parameters: {'window_influence': 0.48522556994923083, 'penalty_k': 0.053506237472861345, 'scale_lr': 0.45728112006222094}. Best is trial 244 with value: 0.2802958501184859.
checkpoint_e16 window_influence: 0.37792728209898457, penalty_k: 0.02647582825336623, scale_lr: 0.41666209779899355, EAO: 0.265
Trial 274 finished with value: 0.264918773942362 and parameters: {'window_influence': 0.3779272820989846, 'penalty_k': 0.026475828253366227, 'scale_lr': 0.41666209779899355}. Best is trial 90 with value: 0.28226814400858996.
checkpoint_e16 window_influence: 0.40119560273664318, penalty_k: 0.11427275854466137, scale_lr: 0.41420798270313552, EAO: 0.249
Trial 270 finished with value: 0.24932940558689395 and parameters: {'window_influence': 0.4011956027366432, 'penalty_k': 0.11427275854466137, 'scale_lr': 0.4142079827031355}. Best is trial 111 with value: 0.27549627247622344.
checkpoint_e16 window_influence: 0.40122040504075102, penalty_k: 0.00038807791967766, scale_lr: 0.54447177373109901, EAO: 0.262
Trial 251 finished with value: 0.2618714981083948 and parameters: {'window_influence': 0.401220405040751, 'penalty_k': 0.0003880779196776575, 'scale_lr': 0.544471773731099}. Best is trial 244 with value: 0.2802958501184859.
checkpoint_e16 window_influence: 0.41887136810409276, penalty_k: 0.05792606003192882, scale_lr: 0.12953582564479660, EAO: 0.259
Trial 275 finished with value: 0.2585344234012007 and parameters: {'window_influence': 0.41887136810409276, 'penalty_k': 0.057926060031928815, 'scale_lr': 0.1295358256447966}. Best is trial 90 with value: 0.28226814400858996.
checkpoint_e16 window_influence: 0.38416961642892444, penalty_k: 0.05099056500464892, scale_lr: 0.38044932446465612, EAO: 0.259
Trial 271 finished with value: 0.25898391244615 and parameters: {'window_influence': 0.38416961642892444, 'penalty_k': 0.05099056500464892, 'scale_lr': 0.3804493244646561}. Best is trial 111 with value: 0.27549627247622344.
checkpoint_e16 window_influence: 0.40164214334186943, penalty_k: 0.04528218924219798, scale_lr: 0.34428339447594147, EAO: 0.273
Trial 276 finished with value: 0.27305459855048636 and parameters: {'window_influence': 0.40164214334186943, 'penalty_k': 0.04528218924219798, 'scale_lr': 0.3442833944759415}. Best is trial 90 with value: 0.28226814400858996.
checkpoint_e16 window_influence: 0.42934404461163350, penalty_k: 0.02837465736982900, scale_lr: 0.50706797141398852, EAO: 0.255
Trial 252 finished with value: 0.25489225365766666 and parameters: {'window_influence': 0.4293440446116335, 'penalty_k': 0.028374657369829, 'scale_lr': 0.5070679714139885}. Best is trial 244 with value: 0.2802958501184859.
checkpoint_e16 window_influence: 0.33189073076905912, penalty_k: 0.02149776435219726, scale_lr: 0.36052122270775050, EAO: 0.259
Trial 272 finished with value: 0.2592344076895132 and parameters: {'window_influence': 0.3318907307690591, 'penalty_k': 0.02149776435219726, 'scale_lr': 0.3605212227077505}. Best is trial 111 with value: 0.27549627247622344.
checkpoint_e16 window_influence: 0.40504576451709617, penalty_k: 0.14359886609252187, scale_lr: 0.34686488829891593, EAO: 0.260
Trial 277 finished with value: 0.26005549716755627 and parameters: {'window_influence': 0.4050457645170962, 'penalty_k': 0.14359886609252187, 'scale_lr': 0.34686488829891593}. Best is trial 90 with value: 0.28226814400858996.
checkpoint_e16 window_influence: 0.36512779919505428, penalty_k: 0.20478025915327031, scale_lr: 0.53484645831950561, EAO: 0.260
Trial 273 finished with value: 0.2601296459513951 and parameters: {'window_influence': 0.3651277991950543, 'penalty_k': 0.2047802591532703, 'scale_lr': 0.5348464583195056}. Best is trial 111 with value: 0.27549627247622344.
checkpoint_e16 window_influence: 0.44107125992846408, penalty_k: 0.03831368610706949, scale_lr: 0.48803765445524816, EAO: 0.255
