Trial 159 finished with value: 0.2514085143925698 and parameters: {'window_influence': 0.37734317939828044, 'penalty_k': 0.20290943515585025, 'scale_lr': 0.5541587902955034}. Best is trial 91 with value: 0.2755729326508879.
checkpoint_e16 window_influence: 0.42617386545109071, penalty_k: 0.08525234067113177, scale_lr: 0.30134738783921078, EAO: 0.263
Trial 170 finished with value: 0.26287855117059333 and parameters: {'window_influence': 0.4261738654510907, 'penalty_k': 0.08525234067113177, 'scale_lr': 0.3013473878392108}. Best is trial 90 with value: 0.28226814400858996.
checkpoint_e16 window_influence: 0.37630910219946018, penalty_k: 0.05030432900195068, scale_lr: 0.33801180149327642, EAO: 0.256
Trial 166 finished with value: 0.25642228326419503 and parameters: {'window_influence': 0.3763091021994602, 'penalty_k': 0.050304329001950684, 'scale_lr': 0.3380118014932764}. Best is trial 111 with value: 0.27549627247622344.
checkpoint_e16 window_influence: 0.38398457144101056, penalty_k: 0.04435451079879715, scale_lr: 0.39335183645301552, EAO: 0.268
Trial 171 finished with value: 0.26830070108417575 and parameters: {'window_influence': 0.38398457144101056, 'penalty_k': 0.04435451079879715, 'scale_lr': 0.3933518364530155}. Best is trial 90 with value: 0.28226814400858996.
checkpoint_e16 window_influence: 0.42237897790806556, penalty_k: 0.09033054372372244, scale_lr: 0.43551127866990141, EAO: 0.258
Trial 167 finished with value: 0.25849141495499184 and parameters: {'window_influence': 0.42237897790806556, 'penalty_k': 0.09033054372372244, 'scale_lr': 0.4355112786699014}. Best is trial 111 with value: 0.27549627247622344.
checkpoint_e16 window_influence: 0.45795607822295958, penalty_k: 0.00964725114765464, scale_lr: 0.53771988748812471, EAO: 0.260
Trial 160 finished with value: 0.2603092023996803 and parameters: {'window_influence': 0.4579560782229596, 'penalty_k': 0.009647251147654645, 'scale_lr': 0.5377198874881247}. Best is trial 91 with value: 0.2755729326508879.
checkpoint_e16 window_influence: 0.35360296792662238, penalty_k: 0.05463788946611246, scale_lr: 0.41021046548817203, EAO: 0.268
Trial 172 finished with value: 0.267789686901298 and parameters: {'window_influence': 0.3536029679266224, 'penalty_k': 0.05463788946611246, 'scale_lr': 0.410210465488172}. Best is trial 90 with value: 0.28226814400858996.
checkpoint_e16 window_influence: 0.35761764239732075, penalty_k: 0.00126991426131078, scale_lr: 0.36709253501132377, EAO: 0.253
Trial 168 finished with value: 0.2533199653271737 and parameters: {'window_influence': 0.35761764239732075, 'penalty_k': 0.0012699142613107756, 'scale_lr': 0.3670925350113238}. Best is trial 111 with value: 0.27549627247622344.
checkpoint_e16 window_influence: 0.43959660789587285, penalty_k: 0.03854097482333109, scale_lr: 0.46888774881652606, EAO: 0.264
Trial 161 finished with value: 0.2636296298445725 and parameters: {'window_influence': 0.43959660789587285, 'penalty_k': 0.03854097482333109, 'scale_lr': 0.46888774881652606}. Best is trial 91 with value: 0.2755729326508879.
checkpoint_e16 window_influence: 0.39784816966065306, penalty_k: 0.07460814343979442, scale_lr: 0.37231516021859745, EAO: 0.264
Trial 173 finished with value: 0.26411175630926115 and parameters: {'window_influence': 0.39784816966065306, 'penalty_k': 0.07460814343979442, 'scale_lr': 0.37231516021859745}. Best is trial 90 with value: 0.28226814400858996.
checkpoint_e16 window_influence: 0.38854748269146777, penalty_k: 0.02178912202008988, scale_lr: 0.35918508002635635, EAO: 0.275
Trial 169 finished with value: 0.27543949832518894 and parameters: {'window_influence': 0.38854748269146777, 'penalty_k': 0.021789122020089882, 'scale_lr': 0.35918508002635635}. Best is trial 111 with value: 0.27549627247622344.
checkpoint_e16 window_influence: 0.42483818499977671, penalty_k: 0.06344247613306540, scale_lr: 0.49586374995987009, EAO: 0.253
Trial 162 finished with value: 0.25274440022261163 and parameters: {'window_influence': 0.4248381849997767, 'penalty_k': 0.0634424761330654, 'scale_lr': 0.4958637499598701}. Best is trial 91 with value: 0.2755729326508879.
checkpoint_e16 window_influence: 0.36395737251705718, penalty_k: 0.01818773999269599, scale_lr: 0.42312952559477501, EAO: 0.262
Trial 174 finished with value: 0.2624205164914209 and parameters: {'window_influence': 0.3639573725170572, 'penalty_k': 0.01818773999269599, 'scale_lr': 0.423129525594775}. Best is trial 90 with value: 0.28226814400858996.
checkpoint_e16 window_influence: 0.38961242850534539, penalty_k: 0.02232963074677779, scale_lr: 0.31696537588825441, EAO: 0.251
Trial 170 finished with value: 0.25096314073335835 and parameters: {'window_influence': 0.3896124285053454, 'penalty_k': 0.02232963074677779, 'scale_lr': 0.3169653758882544}. Best is trial 111 with value: 0.27549627247622344.
checkpoint_e16 window_influence: 0.30663687599620715, penalty_k: 0.02415020540225229, scale_lr: 0.51456965396317844, EAO: 0.254
Trial 163 finished with value: 0.25380660157378127 and parameters: {'window_influence': 0.30663687599620715, 'penalty_k': 0.024150205402252295, 'scale_lr': 0.5145696539631784}. Best is trial 91 with value: 0.2755729326508879.
checkpoint_e16 window_influence: 0.37919446657796896, penalty_k: 0.04422410462337859, scale_lr: 0.44773625007112072, EAO: 0.264
Trial 175 finished with value: 0.2643137058106864 and parameters: {'window_influence': 0.37919446657796896, 'penalty_k': 0.044224104623378585, 'scale_lr': 0.4477362500711207}. Best is trial 90 with value: 0.28226814400858996.
checkpoint_e16 window_influence: 0.36804525203169020, penalty_k: 0.05805067739118254, scale_lr: 0.35502540526533982, EAO: 0.255
Trial 171 finished with value: 0.25537161262539343 and parameters: {'window_influence': 0.3680452520316902, 'penalty_k': 0.05805067739118254, 'scale_lr': 0.3550254052653398}. Best is trial 111 with value: 0.27549627247622344.
checkpoint_e16 window_influence: 0.45048853345918299, penalty_k: 0.04860100756339805, scale_lr: 0.44037888710692352, EAO: 0.257
Trial 164 finished with value: 0.256940051368097 and parameters: {'window_influence': 0.450488533459183, 'penalty_k': 0.048601007563398045, 'scale_lr': 0.4403788871069235}. Best is trial 91 with value: 0.2755729326508879.
checkpoint_e16 window_influence: 0.34754247857228615, penalty_k: 0.02910584430202511, scale_lr: 0.36493781587560231, EAO: 0.259
Trial 176 finished with value: 0.2586812807655916 and parameters: {'window_influence': 0.34754247857228615, 'penalty_k': 0.029105844302025105, 'scale_lr': 0.3649378158756023}. Best is trial 90 with value: 0.28226814400858996.
checkpoint_e16 window_influence: 0.40836473351361530, penalty_k: 0.02946154964341190, scale_lr: 0.38586290348307956, EAO: 0.264
Trial 172 finished with value: 0.26446653399767917 and parameters: {'window_influence': 0.4083647335136153, 'penalty_k': 0.029461549643411897, 'scale_lr': 0.38586290348307956}. Best is trial 111 with value: 0.27549627247622344.
checkpoint_e16 window_influence: 0.47418441602526978, penalty_k: 0.03585524582735199, scale_lr: 0.48953244395299456, EAO: 0.258
Trial 165 finished with value: 0.2578688550407324 and parameters: {'window_influence': 0.4741844160252698, 'penalty_k': 0.035855245827351986, 'scale_lr': 0.48953244395299456}. Best is trial 91 with value: 0.2755729326508879.
checkpoint_e16 window_influence: 0.39076637718585572, penalty_k: 0.06057489583157635, scale_lr: 0.38387658830102456, EAO: 0.261
Trial 177 finished with value: 0.2606802972230485 and parameters: {'window_influence': 0.3907663771858557, 'penalty_k': 0.060574895831576346, 'scale_lr': 0.38387658830102456}. Best is trial 90 with value: 0.28226814400858996.
checkpoint_e16 window_influence: 0.39859113806336516, penalty_k: 0.01572784776663731, scale_lr: 0.37786277850173006, EAO: 0.262
Trial 173 finished with value: 0.2622403907097452 and parameters: {'window_influence': 0.39859113806336516, 'penalty_k': 0.015727847766637305, 'scale_lr': 0.37786277850173006}. Best is trial 111 with value: 0.27549627247622344.
checkpoint_e16 window_influence: 0.31821990621111035, penalty_k: 0.01102358454902601, scale_lr: 0.41439738985142427, EAO: 0.252
Trial 166 finished with value: 0.25227754793273727 and parameters: {'window_influence': 0.31821990621111035, 'penalty_k': 0.01102358454902601, 'scale_lr': 0.41439738985142427}. Best is trial 91 with value: 0.2755729326508879.
checkpoint_e16 window_influence: 0.43950862656340578, penalty_k: 0.10839145843356411, scale_lr: 0.32670296747841837, EAO: 0.263
Trial 178 finished with value: 0.2625980552861361 and parameters: {'window_influence': 0.4395086265634058, 'penalty_k': 0.10839145843356411, 'scale_lr': 0.32670296747841837}. Best is trial 90 with value: 0.28226814400858996.
checkpoint_e16 window_influence: 0.41024567656665523, penalty_k: 0.02867365842914798, scale_lr: 0.39779754274902662, EAO: 0.265
Trial 174 finished with value: 0.26533646936096794 and parameters: {'window_influence': 0.4102456765666552, 'penalty_k': 0.028673658429147975, 'scale_lr': 0.3977975427490266}. Best is trial 111 with value: 0.27549627247622344.
checkpoint_e16 window_influence: 0.41895292501024917, penalty_k: 0.00082411969492391, scale_lr: 0.39654725157160453, EAO: 0.272
Trial 179 finished with value: 0.27154230174979543 and parameters: {'window_influence': 0.41895292501024917, 'penalty_k': 0.0008241196949239082, 'scale_lr': 0.39654725157160453}. Best is trial 90 with value: 0.28226814400858996.
checkpoint_e16 window_influence: 0.35598988163846007, penalty_k: 0.06329722214675211, scale_lr: 0.45659638649152573, EAO: 0.275
Trial 167 finished with value: 0.2752466120007562 and parameters: {'window_influence': 0.35598988163846007, 'penalty_k': 0.06329722214675211, 'scale_lr': 0.45659638649152573}. Best is trial 91 with value: 0.2755729326508879.
checkpoint_e16 window_influence: 0.40929607819542535, penalty_k: 0.03064237403290018, scale_lr: 0.41561309876172675, EAO: 0.262
Trial 175 finished with value: 0.26197985414324737 and parameters: {'window_influence': 0.40929607819542535, 'penalty_k': 0.03064237403290018, 'scale_lr': 0.41561309876172675}. Best is trial 111 with value: 0.27549627247622344.
checkpoint_e16 window_influence: 0.42731943545711154, penalty_k: 0.01116658140572411, scale_lr: 0.35084741690024190, EAO: 0.265
Trial 180 finished with value: 0.26481750322793557 and parameters: {'window_influence': 0.42731943545711154, 'penalty_k': 0.011166581405724109, 'scale_lr': 0.3508474169002419}. Best is trial 90 with value: 0.28226814400858996.
checkpoint_e16 window_influence: 0.42042439910712026, penalty_k: 0.01467290749602061, scale_lr: 0.39430847267683367, EAO: 0.256
Trial 176 finished with value: 0.25595198989641377 and parameters: {'window_influence': 0.42042439910712026, 'penalty_k': 0.014672907496020605, 'scale_lr': 0.39430847267683367}. Best is trial 111 with value: 0.27549627247622344.
checkpoint_e16 window_influence: 0.40041385150853864, penalty_k: 0.14207990451106436, scale_lr: 0.45915085071607475, EAO: 0.255
Trial 168 finished with value: 0.2551987153606686 and parameters: {'window_influence': 0.40041385150853864, 'penalty_k': 0.14207990451106436, 'scale_lr': 0.45915085071607475}. Best is trial 91 with value: 0.2755729326508879.
checkpoint_e16 window_influence: 0.40940135465096644, penalty_k: 0.00053041402718523, scale_lr: 0.39983831859735919, EAO: 0.269
Trial 181 finished with value: 0.2692279044569023 and parameters: {'window_influence': 0.40940135465096644, 'penalty_k': 0.0005304140271852262, 'scale_lr': 0.3998383185973592}. Best is trial 90 with value: 0.28226814400858996.
checkpoint_e16 window_influence: 0.38455729834059610, penalty_k: 0.00109475431659564, scale_lr: 0.42543781312795481, EAO: 0.258
Trial 177 finished with value: 0.25819615674454993 and parameters: {'window_influence': 0.3845572983405961, 'penalty_k': 0.001094754316595642, 'scale_lr': 0.4254378131279548}. Best is trial 111 with value: 0.27549627247622344.
checkpoint_e16 window_influence: 0.36985994492772523, penalty_k: 0.02880808552104481, scale_lr: 0.39194967226999267, EAO: 0.260
Trial 169 finished with value: 0.2601449252144108 and parameters: {'window_influence': 0.3698599449277252, 'penalty_k': 0.028808085521044812, 'scale_lr': 0.39194967226999267}. Best is trial 91 with value: 0.2755729326508879.
checkpoint_e16 window_influence: 0.37050432753493928, penalty_k: 0.02300712171787198, scale_lr: 0.43178214045607488, EAO: 0.262
Trial 182 finished with value: 0.2623768775322573 and parameters: {'window_influence': 0.3705043275349393, 'penalty_k': 0.023007121717871983, 'scale_lr': 0.4317821404560749}. Best is trial 90 with value: 0.28226814400858996.
checkpoint_e16 window_influence: 0.40535643009029676, penalty_k: 0.02575778688460632, scale_lr: 0.40351012426185695, EAO: 0.258
Trial 178 finished with value: 0.25768707189860385 and parameters: {'window_influence': 0.40535643009029676, 'penalty_k': 0.02575778688460632, 'scale_lr': 0.40351012426185695}. Best is trial 111 with value: 0.27549627247622344.
checkpoint_e16 window_influence: 0.34980233761791912, penalty_k: 0.05654149606156963, scale_lr: 0.50468573233921821, EAO: 0.265
Trial 170 finished with value: 0.2645401511856211 and parameters: {'window_influence': 0.3498023376179191, 'penalty_k': 0.056541496061569635, 'scale_lr': 0.5046857323392182}. Best is trial 91 with value: 0.2755729326508879.
checkpoint_e16 window_influence: 0.41833004086847164, penalty_k: 0.03887067247132212, scale_lr: 0.39032700463538872, EAO: 0.272
Trial 183 finished with value: 0.2722823335145547 and parameters: {'window_influence': 0.41833004086847164, 'penalty_k': 0.038870672471322115, 'scale_lr': 0.3903270046353887}. Best is trial 90 with value: 0.28226814400858996.
checkpoint_e16 window_influence: 0.41392786665860043, penalty_k: 0.04090270626597672, scale_lr: 0.38707014870227818, EAO: 0.260
Trial 179 finished with value: 0.2601129445966666 and parameters: {'window_influence': 0.41392786665860043, 'penalty_k': 0.04090270626597672, 'scale_lr': 0.3870701487022782}. Best is trial 111 with value: 0.27549627247622344.
checkpoint_e16 window_influence: 0.43768017261240405, penalty_k: 0.08218261606103275, scale_lr: 0.47962174659391693, EAO: 0.259
Trial 171 finished with value: 0.2585013337372764 and parameters: {'window_influence': 0.43768017261240405, 'penalty_k': 0.08218261606103275, 'scale_lr': 0.47962174659391693}. Best is trial 91 with value: 0.2755729326508879.
checkpoint_e16 window_influence: 0.40428321529974853, penalty_k: 0.03644362505358344, scale_lr: 0.37397998908641683, EAO: 0.258
Trial 184 finished with value: 0.25814615547414715 and parameters: {'window_influence': 0.40428321529974853, 'penalty_k': 0.03644362505358344, 'scale_lr': 0.37397998908641683}. Best is trial 90 with value: 0.28226814400858996.
checkpoint_e16 window_influence: 0.43358448766437258, penalty_k: 0.07287731929632708, scale_lr: 0.36425173038566988, EAO: 0.250
Trial 180 finished with value: 0.2501190933512478 and parameters: {'window_influence': 0.4335844876643726, 'penalty_k': 0.07287731929632708, 'scale_lr': 0.3642517303856699}. Best is trial 111 with value: 0.27549627247622344.
checkpoint_e16 window_influence: 0.46070871717274975, penalty_k: 0.06422098051100748, scale_lr: 0.43844096595460341, EAO: 0.251
Trial 172 finished with value: 0.2511443834963853 and parameters: {'window_influence': 0.46070871717274975, 'penalty_k': 0.06422098051100748, 'scale_lr': 0.4384409659546034}. Best is trial 91 with value: 0.2755729326508879.
checkpoint_e16 window_influence: 0.42053064221090913, penalty_k: 0.01492386494136236, scale_lr: 0.39057854496955269, EAO: 0.270
Trial 185 finished with value: 0.2704223958941979 and parameters: {'window_influence': 0.42053064221090913, 'penalty_k': 0.014923864941362362, 'scale_lr': 0.3905785449695527}. Best is trial 90 with value: 0.28226814400858996.
checkpoint_e16 window_influence: 0.37780778000082610, penalty_k: 0.05470974842885516, scale_lr: 0.41094755598701743, EAO: 0.251
Trial 181 finished with value: 0.25070868511267796 and parameters: {'window_influence': 0.3778077800008261, 'penalty_k': 0.05470974842885516, 'scale_lr': 0.41094755598701743}. Best is trial 111 with value: 0.27549627247622344.
checkpoint_e16 window_influence: 0.34336206749296222, penalty_k: 0.09761321345428582, scale_lr: 0.52452883810707207, EAO: 0.270
Trial 173 finished with value: 0.26995047278762835 and parameters: {'window_influence': 0.3433620674929622, 'penalty_k': 0.09761321345428582, 'scale_lr': 0.5245288381070721}. Best is trial 91 with value: 0.2755729326508879.
checkpoint_e16 window_influence: 0.44653634255518843, penalty_k: 0.04357712341916972, scale_lr: 0.35841144064681041, EAO: 0.262
Trial 186 finished with value: 0.2622080336256725 and parameters: {'window_influence': 0.4465363425551884, 'penalty_k': 0.043577123419169715, 'scale_lr': 0.3584114406468104}. Best is trial 90 with value: 0.28226814400858996.
checkpoint_e16 window_influence: 0.39753255795592757, penalty_k: 0.20118790344563925, scale_lr: 0.37830636121295891, EAO: 0.255
Trial 182 finished with value: 0.2552620637707594 and parameters: {'window_influence': 0.39753255795592757, 'penalty_k': 0.20118790344563925, 'scale_lr': 0.3783063612129589}. Best is trial 111 with value: 0.27549627247622344.
checkpoint_e16 window_influence: 0.39496808198092903, penalty_k: 0.02841273508661454, scale_lr: 0.37454360065789960, EAO: 0.271
Trial 187 finished with value: 0.27056778525191594 and parameters: {'window_influence': 0.39496808198092903, 'penalty_k': 0.02841273508661454, 'scale_lr': 0.3745436006578996}. Best is trial 90 with value: 0.28226814400858996.
checkpoint_e16 window_influence: 0.35549838249620769, penalty_k: 0.04349263789062623, scale_lr: 0.52254529298936081, EAO: 0.259
Trial 174 finished with value: 0.2594970109138062 and parameters: {'window_influence': 0.3554983824962077, 'penalty_k': 0.04349263789062623, 'scale_lr': 0.5225452929893608}. Best is trial 91 with value: 0.2755729326508879.
checkpoint_e16 window_influence: 0.36564436082278728, penalty_k: 0.02771683548880225, scale_lr: 0.39763903346516077, EAO: 0.266
Trial 183 finished with value: 0.2663152225739588 and parameters: {'window_influence': 0.3656443608227873, 'penalty_k': 0.02771683548880225, 'scale_lr': 0.3976390334651608}. Best is trial 111 with value: 0.27549627247622344.
checkpoint_e16 window_influence: 0.41593610498321365, penalty_k: 0.06518637561068182, scale_lr: 0.45834626974288950, EAO: 0.266
Trial 188 finished with value: 0.2662948363316738 and parameters: {'window_influence': 0.41593610498321365, 'penalty_k': 0.06518637561068182, 'scale_lr': 0.4583462697428895}. Best is trial 90 with value: 0.28226814400858996.
checkpoint_e16 window_influence: 0.38879268959439228, penalty_k: 0.02404863026620225, scale_lr: 0.44228045482580652, EAO: 0.259
Trial 184 finished with value: 0.25885341322518945 and parameters: {'window_influence': 0.3887926895943923, 'penalty_k': 0.02404863026620225, 'scale_lr': 0.4422804548258065}. Best is trial 111 with value: 0.27549627247622344.
checkpoint_e16 window_influence: 0.34658519631429996, penalty_k: 0.10692406678087696, scale_lr: 0.53469853123885025, EAO: 0.252
Trial 175 finished with value: 0.2523431085595271 and parameters: {'window_influence': 0.34658519631429996, 'penalty_k': 0.10692406678087696, 'scale_lr': 0.5346985312388502}. Best is trial 91 with value: 0.2755729326508879.
checkpoint_e16 window_influence: 0.38356947023455890, penalty_k: 0.07720564155624068, scale_lr: 0.33595799324094033, EAO: 0.265
Trial 189 finished with value: 0.2649485438577528 and parameters: {'window_influence': 0.3835694702345589, 'penalty_k': 0.07720564155624068, 'scale_lr': 0.33595799324094033}. Best is trial 90 with value: 0.28226814400858996.
checkpoint_e16 window_influence: 0.41388719264894419, penalty_k: 0.17420864495896626, scale_lr: 0.42572585893538462, EAO: 0.251
Trial 185 finished with value: 0.25130725421798905 and parameters: {'window_influence': 0.4138871926489442, 'penalty_k': 0.17420864495896626, 'scale_lr': 0.4257258589353846}. Best is trial 111 with value: 0.27549627247622344.
checkpoint_e16 window_influence: 0.41187821064629704, penalty_k: 0.00074059768485207, scale_lr: 0.50731016745580360, EAO: 0.270
Trial 176 finished with value: 0.2698005631081457 and parameters: {'window_influence': 0.41187821064629704, 'penalty_k': 0.00074059768485207, 'scale_lr': 0.5073101674558036}. Best is trial 91 with value: 0.2755729326508879.
checkpoint_e16 window_influence: 0.46558313103040860, penalty_k: 0.05249120774501335, scale_lr: 0.40668086760581906, EAO: 0.260
Trial 190 finished with value: 0.2597497155268987 and parameters: {'window_influence': 0.4655831310304086, 'penalty_k': 0.05249120774501335, 'scale_lr': 0.40668086760581906}. Best is trial 90 with value: 0.28226814400858996.
checkpoint_e16 window_influence: 0.35588054384272855, penalty_k: 0.03781201758129071, scale_lr: 0.39656474962151378, EAO: 0.261
Trial 186 finished with value: 0.2614432484274957 and parameters: {'window_influence': 0.35588054384272855, 'penalty_k': 0.037812017581290706, 'scale_lr': 0.3965647496215138}. Best is trial 111 with value: 0.27549627247622344.
checkpoint_e16 window_influence: 0.33590290813057916, penalty_k: 0.00085433093608982, scale_lr: 0.50305857909791296, EAO: 0.261
Trial 177 finished with value: 0.2606026718044669 and parameters: {'window_influence': 0.33590290813057916, 'penalty_k': 0.0008543309360898206, 'scale_lr': 0.503058579097913}. Best is trial 91 with value: 0.2755729326508879.
checkpoint_e16 window_influence: 0.39449731071709665, penalty_k: 0.03788567770010571, scale_lr: 0.41501348926830850, EAO: 0.261
Trial 191 finished with value: 0.260891030110964 and parameters: {'window_influence': 0.39449731071709665, 'penalty_k': 0.03788567770010571, 'scale_lr': 0.4150134892683085}. Best is trial 90 with value: 0.28226814400858996.
checkpoint_e16 window_influence: 0.42755588564977409, penalty_k: 0.01350768685264120, scale_lr: 0.41088888419403985, EAO: 0.255
