Trial 1909 finished with value: 0.27284480655581 and parameters: {'window_influence': 0.34454091482938765, 'penalty_k': 0.029090332075238017, 'scale_lr': 0.30958455704909227}. Best is trial 1552 with value: 0.2873222411163454.
checkpoint_e22 window_influence: 0.11318388324519216, penalty_k: 0.47743348319352924, scale_lr: 0.41922211717249636, EAO: 0.212
Trial 1910 finished with value: 0.2116480532094715 and parameters: {'window_influence': 0.11318388324519216, 'penalty_k': 0.47743348319352924, 'scale_lr': 0.41922211717249636}. Best is trial 1552 with value: 0.2873222411163454.
checkpoint_e22 window_influence: 0.35710573257780315, penalty_k: 0.50224359692963638, scale_lr: 0.25010907723236137, EAO: 0.246
Trial 1911 finished with value: 0.2455367681577923 and parameters: {'window_influence': 0.35710573257780315, 'penalty_k': 0.5022435969296364, 'scale_lr': 0.25010907723236137}. Best is trial 1552 with value: 0.2873222411163454.
checkpoint_e22 window_influence: 0.09916176041456215, penalty_k: 0.05581767576977747, scale_lr: 0.24339960241623732, EAO: 0.253
Trial 1912 finished with value: 0.2532463337226612 and parameters: {'window_influence': 0.09916176041456215, 'penalty_k': 0.05581767576977747, 'scale_lr': 0.24339960241623732}. Best is trial 1552 with value: 0.2873222411163454.
checkpoint_e22 window_influence: 0.37522032687694995, penalty_k: 0.43767072529881745, scale_lr: 0.36103528890508646, EAO: 0.257
Trial 1913 finished with value: 0.2568273935618439 and parameters: {'window_influence': 0.37522032687694995, 'penalty_k': 0.43767072529881745, 'scale_lr': 0.36103528890508646}. Best is trial 1552 with value: 0.2873222411163454.
checkpoint_e22 window_influence: 0.31678826670455440, penalty_k: 0.36894641619297353, scale_lr: 0.40653107200880151, EAO: 0.249
Trial 1914 finished with value: 0.24902524144911184 and parameters: {'window_influence': 0.3167882667045544, 'penalty_k': 0.3689464161929735, 'scale_lr': 0.4065310720088015}. Best is trial 1552 with value: 0.2873222411163454.
checkpoint_e22 window_influence: 0.32894875514706839, penalty_k: 0.01244008992774976, scale_lr: 0.38168520434758924, EAO: 0.268
Trial 1915 finished with value: 0.267773170236165 and parameters: {'window_influence': 0.3289487551470684, 'penalty_k': 0.012440089927749757, 'scale_lr': 0.38168520434758924}. Best is trial 1552 with value: 0.2873222411163454.
checkpoint_e22 window_influence: 0.05503093231171879, penalty_k: 0.04225467041237340, scale_lr: 0.32357194401921474, EAO: 0.237
Trial 1916 finished with value: 0.2371461790630488 and parameters: {'window_influence': 0.055030932311718794, 'penalty_k': 0.0422546704123734, 'scale_lr': 0.32357194401921474}. Best is trial 1552 with value: 0.2873222411163454.
checkpoint_e22 window_influence: 0.17374425982459912, penalty_k: 0.02587210230338155, scale_lr: 0.27935401350161793, EAO: 0.233
Trial 1917 finished with value: 0.23280403187604454 and parameters: {'window_influence': 0.17374425982459912, 'penalty_k': 0.025872102303381547, 'scale_lr': 0.2793540135016179}. Best is trial 1552 with value: 0.2873222411163454.
checkpoint_e22 window_influence: 0.08770197769135635, penalty_k: 0.05340572170430699, scale_lr: 0.33907926610970607, EAO: 0.246
Trial 1918 finished with value: 0.24571593311744008 and parameters: {'window_influence': 0.08770197769135635, 'penalty_k': 0.05340572170430699, 'scale_lr': 0.33907926610970607}. Best is trial 1552 with value: 0.2873222411163454.
checkpoint_e22 window_influence: 0.36322428049536865, penalty_k: 0.07134198549804821, scale_lr: 0.44143406681111330, EAO: 0.264
Trial 1919 finished with value: 0.2635027682030104 and parameters: {'window_influence': 0.36322428049536865, 'penalty_k': 0.07134198549804821, 'scale_lr': 0.4414340668111133}. Best is trial 1552 with value: 0.2873222411163454.
checkpoint_e22 window_influence: 0.34314388642777655, penalty_k: 0.03356050911313305, scale_lr: 0.36389561984992097, EAO: 0.261
Trial 1920 finished with value: 0.2606724423121631 and parameters: {'window_influence': 0.34314388642777655, 'penalty_k': 0.033560509113133054, 'scale_lr': 0.36389561984992097}. Best is trial 1552 with value: 0.2873222411163454.
checkpoint_e22 window_influence: 0.47508912725928854, penalty_k: 0.02132996264330862, scale_lr: 0.38881404817499382, EAO: 0.254
Trial 1921 finished with value: 0.25429754752696043 and parameters: {'window_influence': 0.47508912725928854, 'penalty_k': 0.02132996264330862, 'scale_lr': 0.3888140481749938}. Best is trial 1552 with value: 0.2873222411163454.
checkpoint_e22 window_influence: 0.35400347572124596, penalty_k: 0.06053481074902699, scale_lr: 0.40459112089221738, EAO: 0.263
Trial 1922 finished with value: 0.2627610731415632 and parameters: {'window_influence': 0.35400347572124596, 'penalty_k': 0.060534810749026995, 'scale_lr': 0.4045911208922174}. Best is trial 1552 with value: 0.2873222411163454.
checkpoint_e22 window_influence: 0.15643493176117682, penalty_k: 0.09226639740928877, scale_lr: 0.35212618193350226, EAO: 0.239
Trial 1923 finished with value: 0.23920426614643112 and parameters: {'window_influence': 0.15643493176117682, 'penalty_k': 0.09226639740928877, 'scale_lr': 0.35212618193350226}. Best is trial 1552 with value: 0.2873222411163454.
checkpoint_e22 window_influence: 0.16671935204534166, penalty_k: 0.04506136225204421, scale_lr: 0.37267102818091108, EAO: 0.243
Trial 1924 finished with value: 0.2433874046172553 and parameters: {'window_influence': 0.16671935204534166, 'penalty_k': 0.045061362252044206, 'scale_lr': 0.3726710281809111}. Best is trial 1552 with value: 0.2873222411163454.
checkpoint_e22 window_influence: 0.59773855582762314, penalty_k: 0.01447660516401321, scale_lr: 0.41973412202379290, EAO: 0.221
Trial 1925 finished with value: 0.22139577876503874 and parameters: {'window_influence': 0.5977385558276231, 'penalty_k': 0.014476605164013206, 'scale_lr': 0.4197341220237929}. Best is trial 1552 with value: 0.2873222411163454.
checkpoint_e22 window_influence: 0.37416550872304660, penalty_k: 0.03510612898880688, scale_lr: 0.38938566841214139, EAO: 0.270
Trial 1926 finished with value: 0.2700302910998585 and parameters: {'window_influence': 0.3741655087230466, 'penalty_k': 0.03510612898880688, 'scale_lr': 0.3893856684121414}. Best is trial 1552 with value: 0.2873222411163454.
checkpoint_e22 window_influence: 0.33531965903761968, penalty_k: 0.10395586839804365, scale_lr: 0.26713614293860188, EAO: 0.255
Trial 1927 finished with value: 0.25541589512088436 and parameters: {'window_influence': 0.3353196590376197, 'penalty_k': 0.10395586839804365, 'scale_lr': 0.2671361429386019}. Best is trial 1552 with value: 0.2873222411163454.
checkpoint_e22 window_influence: 0.58261186734586567, penalty_k: 0.05072685896238350, scale_lr: 0.37727595610023446, EAO: 0.231
Trial 1928 finished with value: 0.2314850891508707 and parameters: {'window_influence': 0.5826118673458657, 'penalty_k': 0.0507268589623835, 'scale_lr': 0.37727595610023446}. Best is trial 1552 with value: 0.2873222411163454.
checkpoint_e22 window_influence: 0.30482321501929810, penalty_k: 0.07533681207411566, scale_lr: 0.40754651166238409, EAO: 0.269
Trial 1929 finished with value: 0.26867178960786603 and parameters: {'window_influence': 0.3048232150192981, 'penalty_k': 0.07533681207411566, 'scale_lr': 0.4075465116623841}. Best is trial 1552 with value: 0.2873222411163454.
checkpoint_e22 window_influence: 0.38427901701101336, penalty_k: 0.00920645838208089, scale_lr: 0.32953865685173978, EAO: 0.254
Trial 1930 finished with value: 0.2535473545028911 and parameters: {'window_influence': 0.38427901701101336, 'penalty_k': 0.009206458382080892, 'scale_lr': 0.3295386568517398}. Best is trial 1552 with value: 0.2873222411163454.
checkpoint_e22 window_influence: 0.36671023595024976, penalty_k: 0.03096587617223182, scale_lr: 0.35333152931077033, EAO: 0.268
Trial 1931 finished with value: 0.2678303139481118 and parameters: {'window_influence': 0.36671023595024976, 'penalty_k': 0.030965876172231815, 'scale_lr': 0.35333152931077033}. Best is trial 1552 with value: 0.2873222411163454.
checkpoint_e22 window_influence: 0.35176758986500456, penalty_k: 0.35843222176979317, scale_lr: 0.39769619641023118, EAO: 0.249
Trial 1932 finished with value: 0.2492415480376259 and parameters: {'window_influence': 0.35176758986500456, 'penalty_k': 0.35843222176979317, 'scale_lr': 0.3976961964102312}. Best is trial 1552 with value: 0.2873222411163454.
checkpoint_e22 window_influence: 0.26714280041239041, penalty_k: 0.13904833388323359, scale_lr: 0.21633853087194257, EAO: 0.244
Trial 1933 finished with value: 0.24412357667839624 and parameters: {'window_influence': 0.2671428004123904, 'penalty_k': 0.1390483338832336, 'scale_lr': 0.21633853087194257}. Best is trial 1552 with value: 0.2873222411163454.
checkpoint_e22 window_influence: 0.32307853727271668, penalty_k: 0.34253721508618895, scale_lr: 0.77157995244732092, EAO: 0.258
Trial 1934 finished with value: 0.258420447871937 and parameters: {'window_influence': 0.3230785372727167, 'penalty_k': 0.34253721508618895, 'scale_lr': 0.7715799524473209}. Best is trial 1552 with value: 0.2873222411163454.
checkpoint_e22 window_influence: 0.34098767558183740, penalty_k: 0.06268227131899808, scale_lr: 0.45055768997062456, EAO: 0.249
Trial 1935 finished with value: 0.2485906381190308 and parameters: {'window_influence': 0.3409876755818374, 'penalty_k': 0.06268227131899808, 'scale_lr': 0.45055768997062456}. Best is trial 1552 with value: 0.2873222411163454.
checkpoint_e22 window_influence: 0.51758273696965473, penalty_k: 0.02379594256941902, scale_lr: 0.24310392379306506, EAO: 0.241
Trial 1936 finished with value: 0.24128018586131617 and parameters: {'window_influence': 0.5175827369696547, 'penalty_k': 0.023795942569419023, 'scale_lr': 0.24310392379306506}. Best is trial 1552 with value: 0.2873222411163454.
checkpoint_e22 window_influence: 0.07669704879483463, penalty_k: 0.04412848047630899, scale_lr: 0.19312573265728206, EAO: 0.239
Trial 1937 finished with value: 0.23880351359039786 and parameters: {'window_influence': 0.07669704879483463, 'penalty_k': 0.04412848047630899, 'scale_lr': 0.19312573265728206}. Best is trial 1552 with value: 0.2873222411163454.
checkpoint_e22 window_influence: 0.36152951666281424, penalty_k: 0.05445070600878059, scale_lr: 0.36521215668161799, EAO: 0.269
Trial 1938 finished with value: 0.269455998106216 and parameters: {'window_influence': 0.36152951666281424, 'penalty_k': 0.05445070600878059, 'scale_lr': 0.365212156681618}. Best is trial 1552 with value: 0.2873222411163454.
checkpoint_e22 window_influence: 0.38849832040093146, penalty_k: 0.03516330411076206, scale_lr: 0.22879783886789609, EAO: 0.248
Trial 1939 finished with value: 0.24808039697932033 and parameters: {'window_influence': 0.38849832040093146, 'penalty_k': 0.03516330411076206, 'scale_lr': 0.2287978388678961}. Best is trial 1552 with value: 0.2873222411163454.
checkpoint_e22 window_influence: 0.29795868655804120, penalty_k: 0.08267432707548465, scale_lr: 0.43121515175375313, EAO: 0.262
Trial 1940 finished with value: 0.262061725423588 and parameters: {'window_influence': 0.2979586865580412, 'penalty_k': 0.08267432707548465, 'scale_lr': 0.43121515175375313}. Best is trial 1552 with value: 0.2873222411163454.
checkpoint_e22 window_influence: 0.35126008167058842, penalty_k: 0.00015324977192680, scale_lr: 0.37852808884964945, EAO: 0.260
Trial 1941 finished with value: 0.25979031077245385 and parameters: {'window_influence': 0.3512600816705884, 'penalty_k': 0.0001532497719268014, 'scale_lr': 0.37852808884964945}. Best is trial 1552 with value: 0.2873222411163454.
checkpoint_e22 window_influence: 0.37676587452010968, penalty_k: 0.41903559192478190, scale_lr: 0.31533798942508029, EAO: 0.265
Trial 1942 finished with value: 0.2654949130444992 and parameters: {'window_influence': 0.3767658745201097, 'penalty_k': 0.4190355919247819, 'scale_lr': 0.3153379894250803}. Best is trial 1552 with value: 0.2873222411163454.
checkpoint_e22 window_influence: 0.19239895638978030, penalty_k: 0.31163419345347504, scale_lr: 0.39188075239207015, EAO: 0.233
Trial 1943 finished with value: 0.23301277031016543 and parameters: {'window_influence': 0.1923989563897803, 'penalty_k': 0.31163419345347504, 'scale_lr': 0.39188075239207015}. Best is trial 1552 with value: 0.2873222411163454.
checkpoint_e22 window_influence: 0.51547660558521458, penalty_k: 0.02022103093949147, scale_lr: 0.75086532524901206, EAO: 0.238
Trial 1944 finished with value: 0.23815881109576884 and parameters: {'window_influence': 0.5154766055852146, 'penalty_k': 0.02022103093949147, 'scale_lr': 0.7508653252490121}. Best is trial 1552 with value: 0.2873222411163454.
checkpoint_e22 window_influence: 0.14353184791232815, penalty_k: 0.04377122277163788, scale_lr: 0.34028234725240530, EAO: 0.242
Trial 1945 finished with value: 0.24168773401316587 and parameters: {'window_influence': 0.14353184791232815, 'penalty_k': 0.043771222771637884, 'scale_lr': 0.3402823472524053}. Best is trial 1552 with value: 0.2873222411163454.
checkpoint_e22 window_influence: 0.25268621336655012, penalty_k: 0.52725824185318604, scale_lr: 0.41673203630933198, EAO: 0.252
Trial 1946 finished with value: 0.25210955636045795 and parameters: {'window_influence': 0.2526862133665501, 'penalty_k': 0.527258241853186, 'scale_lr': 0.416732036309332}. Best is trial 1552 with value: 0.2873222411163454.
checkpoint_e22 window_influence: 0.36373992433452568, penalty_k: 0.47262587437612996, scale_lr: 0.35895798436547666, EAO: 0.248
Trial 1947 finished with value: 0.2479383204647196 and parameters: {'window_influence': 0.3637399243345257, 'penalty_k': 0.47262587437612996, 'scale_lr': 0.35895798436547666}. Best is trial 1552 with value: 0.2873222411163454.
checkpoint_e22 window_influence: 0.31813021205445080, penalty_k: 0.06695677111978587, scale_lr: 0.28952250938198920, EAO: 0.263
Trial 1948 finished with value: 0.26257280308783537 and parameters: {'window_influence': 0.3181302120544508, 'penalty_k': 0.06695677111978587, 'scale_lr': 0.2895225093819892}. Best is trial 1552 with value: 0.2873222411163454.
checkpoint_e22 window_influence: 0.33404696415898044, penalty_k: 0.02907364846135537, scale_lr: 0.43549788741462125, EAO: 0.249
Trial 1949 finished with value: 0.24946817137846133 and parameters: {'window_influence': 0.33404696415898044, 'penalty_k': 0.02907364846135537, 'scale_lr': 0.43549788741462125}. Best is trial 1552 with value: 0.2873222411163454.
checkpoint_e22 window_influence: 0.09617960256282854, penalty_k: 0.59146188203160932, scale_lr: 0.30066390592173153, EAO: 0.218
Trial 1950 finished with value: 0.21777798968359707 and parameters: {'window_influence': 0.09617960256282854, 'penalty_k': 0.5914618820316093, 'scale_lr': 0.30066390592173153}. Best is trial 1552 with value: 0.2873222411163454.
checkpoint_e22 window_influence: 0.23092140424206575, penalty_k: 0.12139567879499917, scale_lr: 0.39887086772021485, EAO: 0.251
Trial 1951 finished with value: 0.25070160257864776 and parameters: {'window_influence': 0.23092140424206575, 'penalty_k': 0.12139567879499917, 'scale_lr': 0.39887086772021485}. Best is trial 1552 with value: 0.2873222411163454.
checkpoint_e22 window_influence: 0.62822633703757891, penalty_k: 0.57486471077989898, scale_lr: 0.37392444353386045, EAO: 0.194
Trial 1952 finished with value: 0.19426016545877223 and parameters: {'window_influence': 0.6282263370375789, 'penalty_k': 0.574864710779899, 'scale_lr': 0.37392444353386045}. Best is trial 1552 with value: 0.2873222411163454.
checkpoint_e22 window_influence: 0.44536003537656865, penalty_k: 0.39112118416913177, scale_lr: 0.41485359226251950, EAO: 0.251
Trial 1953 finished with value: 0.25119133469292787 and parameters: {'window_influence': 0.44536003537656865, 'penalty_k': 0.3911211841691318, 'scale_lr': 0.4148535922625195}. Best is trial 1552 with value: 0.2873222411163454.
checkpoint_e22 window_influence: 0.34590847671083097, penalty_k: 0.10108984969704989, scale_lr: 0.75912289749544903, EAO: 0.252
Trial 1954 finished with value: 0.25221931225642924 and parameters: {'window_influence': 0.34590847671083097, 'penalty_k': 0.10108984969704989, 'scale_lr': 0.759122897495449}. Best is trial 1552 with value: 0.2873222411163454.
checkpoint_e22 window_influence: 0.37611198797965018, penalty_k: 0.05475937058373844, scale_lr: 0.38477135043552074, EAO: 0.253
Trial 1955 finished with value: 0.2526041716337204 and parameters: {'window_influence': 0.3761119879796502, 'penalty_k': 0.05475937058373844, 'scale_lr': 0.38477135043552074}. Best is trial 1552 with value: 0.2873222411163454.
checkpoint_e22 window_influence: 0.17462737344110738, penalty_k: 0.44998071023677255, scale_lr: 0.23750505912569211, EAO: 0.228
Trial 1956 finished with value: 0.22774237424619798 and parameters: {'window_influence': 0.17462737344110738, 'penalty_k': 0.44998071023677255, 'scale_lr': 0.23750505912569211}. Best is trial 1552 with value: 0.2873222411163454.
checkpoint_e22 window_influence: 0.35474117326116283, penalty_k: 0.01347453187916009, scale_lr: 0.20415432024735020, EAO: 0.250
Trial 1957 finished with value: 0.24986381132185945 and parameters: {'window_influence': 0.35474117326116283, 'penalty_k': 0.01347453187916009, 'scale_lr': 0.2041543202473502}. Best is trial 1552 with value: 0.2873222411163454.
checkpoint_e22 window_influence: 0.17889767388893507, penalty_k: 0.04250258064768399, scale_lr: 0.36595740462210913, EAO: 0.244
Trial 1958 finished with value: 0.2441329341836092 and parameters: {'window_influence': 0.17889767388893507, 'penalty_k': 0.04250258064768399, 'scale_lr': 0.36595740462210913}. Best is trial 1552 with value: 0.2873222411163454.
checkpoint_e22 window_influence: 0.36698424606674435, penalty_k: 0.07763934513193198, scale_lr: 0.34759177576015526, EAO: 0.263
Trial 1959 finished with value: 0.2632421703963745 and parameters: {'window_influence': 0.36698424606674435, 'penalty_k': 0.07763934513193198, 'scale_lr': 0.34759177576015526}. Best is trial 1552 with value: 0.2873222411163454.
checkpoint_e22 window_influence: 0.33998597580687989, penalty_k: 0.03212198060550636, scale_lr: 0.40047256513365403, EAO: 0.258
Trial 1960 finished with value: 0.2581661297538416 and parameters: {'window_influence': 0.3399859758068799, 'penalty_k': 0.03212198060550636, 'scale_lr': 0.40047256513365403}. Best is trial 1552 with value: 0.2873222411163454.
checkpoint_e22 window_influence: 0.20601959131759376, penalty_k: 0.53450634546956399, scale_lr: 0.33192419991482996, EAO: 0.242
Trial 1961 finished with value: 0.2415232508163142 and parameters: {'window_influence': 0.20601959131759376, 'penalty_k': 0.534506345469564, 'scale_lr': 0.33192419991482996}. Best is trial 1552 with value: 0.2873222411163454.
checkpoint_e22 window_influence: 0.32788058600055975, penalty_k: 0.06292537618012789, scale_lr: 0.27482624105180065, EAO: 0.260
Trial 1962 finished with value: 0.26026173178257983 and parameters: {'window_influence': 0.32788058600055975, 'penalty_k': 0.06292537618012789, 'scale_lr': 0.27482624105180065}. Best is trial 1552 with value: 0.2873222411163454.
checkpoint_e22 window_influence: 0.60801458234801520, penalty_k: 0.51522801082146796, scale_lr: 0.70424159519612428, EAO: 0.205
Trial 1963 finished with value: 0.2048299669977126 and parameters: {'window_influence': 0.6080145823480152, 'penalty_k': 0.515228010821468, 'scale_lr': 0.7042415951961243}. Best is trial 1552 with value: 0.2873222411163454.
checkpoint_e22 window_influence: 0.51013025623797481, penalty_k: 0.02114006316347403, scale_lr: 0.38684266453466848, EAO: 0.249
Trial 1964 finished with value: 0.24915755733968767 and parameters: {'window_influence': 0.5101302562379748, 'penalty_k': 0.021140063163474034, 'scale_lr': 0.3868426645346685}. Best is trial 1552 with value: 0.2873222411163454.
checkpoint_e22 window_influence: 0.38723305080424131, penalty_k: 0.04685807453066605, scale_lr: 0.42161902843828447, EAO: 0.256
Trial 1965 finished with value: 0.2562472230292917 and parameters: {'window_influence': 0.3872330508042413, 'penalty_k': 0.04685807453066605, 'scale_lr': 0.42161902843828447}. Best is trial 1552 with value: 0.2873222411163454.
checkpoint_e22 window_influence: 0.35587670293019624, penalty_k: 0.01008940789793017, scale_lr: 0.72085974880397163, EAO: 0.252
Trial 1966 finished with value: 0.2518073221047719 and parameters: {'window_influence': 0.35587670293019624, 'penalty_k': 0.01008940789793017, 'scale_lr': 0.7208597488039716}. Best is trial 1552 with value: 0.2873222411163454.
checkpoint_e22 window_influence: 0.30744516480238521, penalty_k: 0.08783809044601285, scale_lr: 0.45199630570756505, EAO: 0.249
Trial 1967 finished with value: 0.24896137773748336 and parameters: {'window_influence': 0.3074451648023852, 'penalty_k': 0.08783809044601285, 'scale_lr': 0.45199630570756505}. Best is trial 1552 with value: 0.2873222411163454.
checkpoint_e22 window_influence: 0.37191430129857711, penalty_k: 0.37925470265071975, scale_lr: 0.37327218616778896, EAO: 0.247
Trial 1968 finished with value: 0.24700321596327837 and parameters: {'window_influence': 0.3719143012985771, 'penalty_k': 0.37925470265071975, 'scale_lr': 0.37327218616778896}. Best is trial 1552 with value: 0.2873222411163454.
checkpoint_e22 window_influence: 0.50589081122637380, penalty_k: 0.58667682154012724, scale_lr: 0.41128439679015638, EAO: 0.234
Trial 1969 finished with value: 0.23353565514572266 and parameters: {'window_influence': 0.5058908112263738, 'penalty_k': 0.5866768215401272, 'scale_lr': 0.4112843967901564}. Best is trial 1552 with value: 0.2873222411163454.
checkpoint_e22 window_influence: 0.34167267863515149, penalty_k: 0.03723482151996230, scale_lr: 0.35375609815124004, EAO: 0.270
