Trial 207 finished with value: 0.2528953103394043 and parameters: {'window_influence': 0.44190647812041817, 'penalty_k': 0.25733865427617314, 'scale_lr': 0.32644297694091334}. Best is trial 185 with value: 0.27577401194872897.
checkpoint_e39 window_influence: 0.42527076803089370, penalty_k: 0.23785351917358616, scale_lr: 0.73944125438270469, EAO: 0.261
Trial 208 finished with value: 0.26064051772520797 and parameters: {'window_influence': 0.4252707680308937, 'penalty_k': 0.23785351917358616, 'scale_lr': 0.7394412543827047}. Best is trial 185 with value: 0.27577401194872897.
checkpoint_e39 window_influence: 0.45399745318340068, penalty_k: 0.27520146180191335, scale_lr: 0.70070077588986523, EAO: 0.266
Trial 209 finished with value: 0.26612771187371353 and parameters: {'window_influence': 0.4539974531834007, 'penalty_k': 0.27520146180191335, 'scale_lr': 0.7007007758898652}. Best is trial 185 with value: 0.27577401194872897.
checkpoint_e39 window_influence: 0.53368944980821165, penalty_k: 0.22614899500694344, scale_lr: 0.72773430960983543, EAO: 0.236
Trial 210 finished with value: 0.23595672918529045 and parameters: {'window_influence': 0.5336894498082116, 'penalty_k': 0.22614899500694344, 'scale_lr': 0.7277343096098354}. Best is trial 185 with value: 0.27577401194872897.
checkpoint_e39 window_influence: 0.46205266512479010, penalty_k: 0.23098600326397795, scale_lr: 0.69545084129652823, EAO: 0.257
Trial 211 finished with value: 0.2565501639998056 and parameters: {'window_influence': 0.4620526651247901, 'penalty_k': 0.23098600326397795, 'scale_lr': 0.6954508412965282}. Best is trial 185 with value: 0.27577401194872897.
checkpoint_e39 window_influence: 0.45012630740258447, penalty_k: 0.24143907333377718, scale_lr: 0.70616073938300272, EAO: 0.270
Trial 212 finished with value: 0.27049011258575006 and parameters: {'window_influence': 0.45012630740258447, 'penalty_k': 0.24143907333377718, 'scale_lr': 0.7061607393830027}. Best is trial 185 with value: 0.27577401194872897.
checkpoint_e39 window_influence: 0.44043441227586960, penalty_k: 0.24767177477831948, scale_lr: 0.66642083178588785, EAO: 0.271
Trial 213 finished with value: 0.2713458621041562 and parameters: {'window_influence': 0.4404344122758696, 'penalty_k': 0.24767177477831948, 'scale_lr': 0.6664208317858878}. Best is trial 185 with value: 0.27577401194872897.
checkpoint_e39 window_influence: 0.43218850902561540, penalty_k: 0.24090534741128891, scale_lr: 0.66209378381602690, EAO: 0.263
Trial 214 finished with value: 0.2627491400372691 and parameters: {'window_influence': 0.4321885090256154, 'penalty_k': 0.2409053474112889, 'scale_lr': 0.6620937838160269}. Best is trial 185 with value: 0.27577401194872897.
checkpoint_e39 window_influence: 0.06766127940102373, penalty_k: 0.26127667229151058, scale_lr: 0.48005157342335864, EAO: 0.238
Trial 215 finished with value: 0.23799371168138536 and parameters: {'window_influence': 0.06766127940102373, 'penalty_k': 0.2612766722915106, 'scale_lr': 0.48005157342335864}. Best is trial 185 with value: 0.27577401194872897.
checkpoint_e39 window_influence: 0.45038364110928891, penalty_k: 0.21724187294746380, scale_lr: 0.70959117020812990, EAO: 0.262
Trial 216 finished with value: 0.2617963408915008 and parameters: {'window_influence': 0.4503836411092889, 'penalty_k': 0.2172418729474638, 'scale_lr': 0.7095911702081299}. Best is trial 185 with value: 0.27577401194872897.
checkpoint_e39 window_influence: 0.57004143171855293, penalty_k: 0.24551838696634212, scale_lr: 0.66769608092972232, EAO: 0.233
Trial 217 finished with value: 0.2326734901322582 and parameters: {'window_influence': 0.5700414317185529, 'penalty_k': 0.24551838696634212, 'scale_lr': 0.6676960809297223}. Best is trial 185 with value: 0.27577401194872897.
checkpoint_e39 window_influence: 0.46806890878289714, penalty_k: 0.26738072472945995, scale_lr: 0.75100687924067266, EAO: 0.256
Trial 218 finished with value: 0.25564400906242973 and parameters: {'window_influence': 0.46806890878289714, 'penalty_k': 0.26738072472945995, 'scale_lr': 0.7510068792406727}. Best is trial 185 with value: 0.27577401194872897.
checkpoint_e39 window_influence: 0.41927477789522921, penalty_k: 0.25389125857659645, scale_lr: 0.68940475042005145, EAO: 0.267
Trial 219 finished with value: 0.26710040352451125 and parameters: {'window_influence': 0.4192747778952292, 'penalty_k': 0.25389125857659645, 'scale_lr': 0.6894047504200514}. Best is trial 185 with value: 0.27577401194872897.
checkpoint_e39 window_influence: 0.43817382037797975, penalty_k: 0.23544404204614328, scale_lr: 0.71175024895270855, EAO: 0.268
Trial 220 finished with value: 0.2683873691452228 and parameters: {'window_influence': 0.43817382037797975, 'penalty_k': 0.23544404204614328, 'scale_lr': 0.7117502489527086}. Best is trial 185 with value: 0.27577401194872897.
checkpoint_e39 window_influence: 0.43787414183340884, penalty_k: 0.23724798130105368, scale_lr: 0.71403336718879873, EAO: 0.260
Trial 221 finished with value: 0.25954302388235806 and parameters: {'window_influence': 0.43787414183340884, 'penalty_k': 0.23724798130105368, 'scale_lr': 0.7140333671887987}. Best is trial 185 with value: 0.27577401194872897.
checkpoint_e39 window_influence: 0.44848625653988133, penalty_k: 0.22440196970486834, scale_lr: 0.72664650741450709, EAO: 0.268
Trial 222 finished with value: 0.2682177185769973 and parameters: {'window_influence': 0.44848625653988133, 'penalty_k': 0.22440196970486834, 'scale_lr': 0.7266465074145071}. Best is trial 185 with value: 0.27577401194872897.
checkpoint_e39 window_influence: 0.45063295896385019, penalty_k: 0.21242211377270856, scale_lr: 0.72903067913828445, EAO: 0.264
Trial 223 finished with value: 0.26433669430453605 and parameters: {'window_influence': 0.4506329589638502, 'penalty_k': 0.21242211377270856, 'scale_lr': 0.7290306791382845}. Best is trial 185 with value: 0.27577401194872897.
checkpoint_e39 window_influence: 0.45792397562150400, penalty_k: 0.22584847285573673, scale_lr: 0.71977008512047203, EAO: 0.258
Trial 224 finished with value: 0.25774715646980256 and parameters: {'window_influence': 0.457923975621504, 'penalty_k': 0.22584847285573673, 'scale_lr': 0.719770085120472}. Best is trial 185 with value: 0.27577401194872897.
checkpoint_e39 window_influence: 0.44175934258270200, penalty_k: 0.22150484553632288, scale_lr: 0.69949815776882107, EAO: 0.268
Trial 225 finished with value: 0.26756056325464717 and parameters: {'window_influence': 0.441759342582702, 'penalty_k': 0.22150484553632288, 'scale_lr': 0.6994981577688211}. Best is trial 185 with value: 0.27577401194872897.
checkpoint_e39 window_influence: 0.14684887682035974, penalty_k: 0.25556534994181684, scale_lr: 0.72935146893251523, EAO: 0.249
Trial 226 finished with value: 0.24871385152020106 and parameters: {'window_influence': 0.14684887682035974, 'penalty_k': 0.25556534994181684, 'scale_lr': 0.7293514689325152}. Best is trial 185 with value: 0.27577401194872897.
checkpoint_e39 window_influence: 0.44813390111394891, penalty_k: 0.27552613311498447, scale_lr: 0.70418466788366074, EAO: 0.262
Trial 227 finished with value: 0.26220870217898995 and parameters: {'window_influence': 0.4481339011139489, 'penalty_k': 0.2755261331149845, 'scale_lr': 0.7041846678836607}. Best is trial 185 with value: 0.27577401194872897.
checkpoint_e39 window_influence: 0.34778928959983380, penalty_k: 0.20866235047421650, scale_lr: 0.76716281282918342, EAO: 0.252
Trial 228 finished with value: 0.2521664436028256 and parameters: {'window_influence': 0.3477892895998338, 'penalty_k': 0.2086623504742165, 'scale_lr': 0.7671628128291834}. Best is trial 185 with value: 0.27577401194872897.
checkpoint_e39 window_influence: 0.32082149839177593, penalty_k: 0.23921090338751094, scale_lr: 0.74652957187664093, EAO: 0.255
Trial 229 finished with value: 0.2549508517471755 and parameters: {'window_influence': 0.32082149839177593, 'penalty_k': 0.23921090338751094, 'scale_lr': 0.7465295718766409}. Best is trial 185 with value: 0.27577401194872897.
checkpoint_e39 window_influence: 0.47999631457416275, penalty_k: 0.24997661122929193, scale_lr: 0.71404281403478365, EAO: 0.259
Trial 230 finished with value: 0.2587019904115336 and parameters: {'window_influence': 0.47999631457416275, 'penalty_k': 0.24997661122929193, 'scale_lr': 0.7140428140347836}. Best is trial 185 with value: 0.27577401194872897.
checkpoint_e39 window_influence: 0.43827459211473241, penalty_k: 0.22180174374580289, scale_lr: 0.69560162613409604, EAO: 0.267
Trial 231 finished with value: 0.26680381862613245 and parameters: {'window_influence': 0.4382745921147324, 'penalty_k': 0.2218017437458029, 'scale_lr': 0.695601626134096}. Best is trial 185 with value: 0.27577401194872897.
checkpoint_e39 window_influence: 0.44413509018189862, penalty_k: 0.22938875729156408, scale_lr: 0.70021229152076703, EAO: 0.270
Trial 232 finished with value: 0.27007111779800275 and parameters: {'window_influence': 0.4441350901818986, 'penalty_k': 0.22938875729156408, 'scale_lr': 0.700212291520767}. Best is trial 185 with value: 0.27577401194872897.
checkpoint_e39 window_influence: 0.46323034165574339, penalty_k: 0.23134947686688051, scale_lr: 0.69074997507693703, EAO: 0.263
Trial 233 finished with value: 0.26252915643579594 and parameters: {'window_influence': 0.4632303416557434, 'penalty_k': 0.2313494768668805, 'scale_lr': 0.690749975076937}. Best is trial 185 with value: 0.27577401194872897.
checkpoint_e39 window_influence: 0.42706634539667393, penalty_k: 0.26177507315011422, scale_lr: 0.70627642896481124, EAO: 0.260
Trial 234 finished with value: 0.2602938555362748 and parameters: {'window_influence': 0.42706634539667393, 'penalty_k': 0.2617750731501142, 'scale_lr': 0.7062764289648112}. Best is trial 185 with value: 0.27577401194872897.
checkpoint_e39 window_influence: 0.45102260435120195, penalty_k: 0.24607112292433864, scale_lr: 0.67536654416686903, EAO: 0.261
Trial 235 finished with value: 0.26085136643027873 and parameters: {'window_influence': 0.45102260435120195, 'penalty_k': 0.24607112292433864, 'scale_lr': 0.675366544166869}. Best is trial 185 with value: 0.27577401194872897.
checkpoint_e39 window_influence: 0.43879285303778337, penalty_k: 0.58081901131124425, scale_lr: 0.72731679529660420, EAO: 0.253
Trial 236 finished with value: 0.2529267237438419 and parameters: {'window_influence': 0.43879285303778337, 'penalty_k': 0.5808190113112442, 'scale_lr': 0.7273167952966042}. Best is trial 185 with value: 0.27577401194872897.
checkpoint_e39 window_influence: 0.41332238195894222, penalty_k: 0.23334121439332831, scale_lr: 0.68675849809371081, EAO: 0.260
Trial 237 finished with value: 0.26006220796001633 and parameters: {'window_influence': 0.4133223819589422, 'penalty_k': 0.2333412143933283, 'scale_lr': 0.6867584980937108}. Best is trial 185 with value: 0.27577401194872897.
checkpoint_e39 window_influence: 0.46116104945979580, penalty_k: 0.20922023195057041, scale_lr: 0.56209432225830891, EAO: 0.249
Trial 238 finished with value: 0.24915384034800336 and parameters: {'window_influence': 0.4611610494597958, 'penalty_k': 0.2092202319505704, 'scale_lr': 0.5620943222583089}. Best is trial 185 with value: 0.27577401194872897.
checkpoint_e39 window_influence: 0.42915998434145070, penalty_k: 0.26497102584465065, scale_lr: 0.65543757038262307, EAO: 0.258
Trial 239 finished with value: 0.25781899787546175 and parameters: {'window_influence': 0.4291599843414507, 'penalty_k': 0.26497102584465065, 'scale_lr': 0.6554375703826231}. Best is trial 185 with value: 0.27577401194872897.
checkpoint_e39 window_influence: 0.45175174382259087, penalty_k: 0.24251801172510928, scale_lr: 0.72033532406348522, EAO: 0.263
Trial 240 finished with value: 0.26275123080344703 and parameters: {'window_influence': 0.45175174382259087, 'penalty_k': 0.24251801172510928, 'scale_lr': 0.7203353240634852}. Best is trial 185 with value: 0.27577401194872897.
checkpoint_e39 window_influence: 0.44082877708337764, penalty_k: 0.22005711157018129, scale_lr: 0.57965671874030134, EAO: 0.261
Trial 241 finished with value: 0.26115282715820687 and parameters: {'window_influence': 0.44082877708337764, 'penalty_k': 0.2200571115701813, 'scale_lr': 0.5796567187403013}. Best is trial 185 with value: 0.27577401194872897.
checkpoint_e39 window_influence: 0.44426062427786606, penalty_k: 0.22417542634770232, scale_lr: 0.70072492820603205, EAO: 0.259
Trial 242 finished with value: 0.25949101580110023 and parameters: {'window_influence': 0.44426062427786606, 'penalty_k': 0.22417542634770232, 'scale_lr': 0.700724928206032}. Best is trial 185 with value: 0.27577401194872897.
checkpoint_e39 window_influence: 0.43340205440922741, penalty_k: 0.25592078754921960, scale_lr: 0.70284049183510511, EAO: 0.262
Trial 243 finished with value: 0.26173910395643574 and parameters: {'window_influence': 0.4334020544092274, 'penalty_k': 0.2559207875492196, 'scale_lr': 0.7028404918351051}. Best is trial 185 with value: 0.27577401194872897.
checkpoint_e39 window_influence: 0.47093897031242532, penalty_k: 0.23192124103621978, scale_lr: 0.68720524882144662, EAO: 0.258
Trial 244 finished with value: 0.2584804694463567 and parameters: {'window_influence': 0.4709389703124253, 'penalty_k': 0.23192124103621978, 'scale_lr': 0.6872052488214466}. Best is trial 185 with value: 0.27577401194872897.
checkpoint_e39 window_influence: 0.45093306120418725, penalty_k: 0.20416944495957978, scale_lr: 0.66812399260579047, EAO: 0.265
Trial 245 finished with value: 0.26504922088811067 and parameters: {'window_influence': 0.45093306120418725, 'penalty_k': 0.20416944495957978, 'scale_lr': 0.6681239926057905}. Best is trial 185 with value: 0.27577401194872897.
checkpoint_e39 window_influence: 0.42024951120505838, penalty_k: 0.24703321091987865, scale_lr: 0.71413752800120478, EAO: 0.260
Trial 246 finished with value: 0.2597452420892754 and parameters: {'window_influence': 0.4202495112050584, 'penalty_k': 0.24703321091987865, 'scale_lr': 0.7141375280012048}. Best is trial 185 with value: 0.27577401194872897.
checkpoint_e39 window_influence: 0.36546558740206220, penalty_k: 0.21886735104205987, scale_lr: 0.78964495423016079, EAO: 0.255
Trial 247 finished with value: 0.255369597576498 and parameters: {'window_influence': 0.3654655874020622, 'penalty_k': 0.21886735104205987, 'scale_lr': 0.7896449542301608}. Best is trial 185 with value: 0.27577401194872897.
checkpoint_e39 window_influence: 0.44186853996599995, penalty_k: 0.23454593269229848, scale_lr: 0.39950596030534608, EAO: 0.267
Trial 248 finished with value: 0.2669464095336635 and parameters: {'window_influence': 0.44186853996599995, 'penalty_k': 0.23454593269229848, 'scale_lr': 0.3995059603053461}. Best is trial 185 with value: 0.27577401194872897.
checkpoint_e39 window_influence: 0.45973811564745293, penalty_k: 0.27021737873536494, scale_lr: 0.69695760366463155, EAO: 0.269
Trial 249 finished with value: 0.26858608588212873 and parameters: {'window_influence': 0.4597381156474529, 'penalty_k': 0.27021737873536494, 'scale_lr': 0.6969576036646316}. Best is trial 185 with value: 0.27577401194872897.
checkpoint_e39 window_influence: 0.47205989172183915, penalty_k: 0.28917849605745560, scale_lr: 0.12154324631385666, EAO: 0.257
Trial 250 finished with value: 0.25747068947165963 and parameters: {'window_influence': 0.47205989172183915, 'penalty_k': 0.2891784960574556, 'scale_lr': 0.12154324631385666}. Best is trial 185 with value: 0.27577401194872897.
checkpoint_e39 window_influence: 0.45969567943616874, penalty_k: 0.27062840658828219, scale_lr: 0.52451314295577811, EAO: 0.263
Trial 251 finished with value: 0.2628999841285915 and parameters: {'window_influence': 0.45969567943616874, 'penalty_k': 0.2706284065882822, 'scale_lr': 0.5245131429557781}. Best is trial 185 with value: 0.27577401194872897.
checkpoint_e39 window_influence: 0.42683275988557512, penalty_k: 0.04670868445854320, scale_lr: 0.73809395373311104, EAO: 0.255
Trial 252 finished with value: 0.2548320224372352 and parameters: {'window_influence': 0.4268327598855751, 'penalty_k': 0.046708684458543204, 'scale_lr': 0.738093953733111}. Best is trial 185 with value: 0.27577401194872897.
checkpoint_e39 window_influence: 0.45873085175961148, penalty_k: 0.30885329623960128, scale_lr: 0.67852649091813011, EAO: 0.250
Trial 253 finished with value: 0.24982360453625035 and parameters: {'window_influence': 0.4587308517596115, 'penalty_k': 0.3088532962396013, 'scale_lr': 0.6785264909181301}. Best is trial 185 with value: 0.27577401194872897.
checkpoint_e39 window_influence: 0.48452317647160664, penalty_k: 0.25809611297199481, scale_lr: 0.69280068306475495, EAO: 0.261
Trial 254 finished with value: 0.26090946266563925 and parameters: {'window_influence': 0.48452317647160664, 'penalty_k': 0.2580961129719948, 'scale_lr': 0.692800683064755}. Best is trial 185 with value: 0.27577401194872897.
checkpoint_e39 window_influence: 0.45048509554171634, penalty_k: 0.27733588171612783, scale_lr: 0.41757564843634565, EAO: 0.269
Trial 255 finished with value: 0.2690275029801741 and parameters: {'window_influence': 0.45048509554171634, 'penalty_k': 0.27733588171612783, 'scale_lr': 0.41757564843634565}. Best is trial 185 with value: 0.27577401194872897.
checkpoint_e39 window_influence: 0.46936991166584791, penalty_k: 0.28526075917923938, scale_lr: 0.44821847376587071, EAO: 0.263
Trial 256 finished with value: 0.2632115692263696 and parameters: {'window_influence': 0.4693699116658479, 'penalty_k': 0.2852607591792394, 'scale_lr': 0.4482184737658707}. Best is trial 185 with value: 0.27577401194872897.
checkpoint_e39 window_influence: 0.39904061089546050, penalty_k: 0.27538403033565167, scale_lr: 0.66856241276131667, EAO: 0.257
Trial 257 finished with value: 0.25733615942602234 and parameters: {'window_influence': 0.3990406108954605, 'penalty_k': 0.2753840303356517, 'scale_lr': 0.6685624127613167}. Best is trial 185 with value: 0.27577401194872897.
checkpoint_e39 window_influence: 0.43285097694339403, penalty_k: 0.26905952546526496, scale_lr: 0.65156175361084445, EAO: 0.263
Trial 258 finished with value: 0.2627507108377247 and parameters: {'window_influence': 0.43285097694339403, 'penalty_k': 0.26905952546526496, 'scale_lr': 0.6515617536108445}. Best is trial 185 with value: 0.27577401194872897.
checkpoint_e39 window_influence: 0.45621645907878550, penalty_k: 0.25373599772620703, scale_lr: 0.42838359272885879, EAO: 0.253
Trial 259 finished with value: 0.25301477682542023 and parameters: {'window_influence': 0.4562164590787855, 'penalty_k': 0.25373599772620703, 'scale_lr': 0.4283835927288588}. Best is trial 185 with value: 0.27577401194872897.
checkpoint_e39 window_influence: 0.41393521029606312, penalty_k: 0.29101844028256085, scale_lr: 0.68339599206828350, EAO: 0.257
Trial 260 finished with value: 0.2570838550241982 and parameters: {'window_influence': 0.4139352102960631, 'penalty_k': 0.29101844028256085, 'scale_lr': 0.6833959920682835}. Best is trial 185 with value: 0.27577401194872897.
checkpoint_e39 window_influence: 0.44115560645200935, penalty_k: 0.26393464809524081, scale_lr: 0.59868768077196166, EAO: 0.263
Trial 261 finished with value: 0.2632832241252186 and parameters: {'window_influence': 0.44115560645200935, 'penalty_k': 0.2639346480952408, 'scale_lr': 0.5986876807719617}. Best is trial 185 with value: 0.27577401194872897.
checkpoint_e39 window_influence: 0.42593718551034976, penalty_k: 0.27690211785710123, scale_lr: 0.42007519422121781, EAO: 0.260
Trial 262 finished with value: 0.25964367220072243 and parameters: {'window_influence': 0.42593718551034976, 'penalty_k': 0.2769021178571012, 'scale_lr': 0.4200751942212178}. Best is trial 185 with value: 0.27577401194872897.
checkpoint_e39 window_influence: 0.46821783081151669, penalty_k: 0.24818170277786866, scale_lr: 0.70577260305643863, EAO: 0.264
Trial 263 finished with value: 0.26391859304129595 and parameters: {'window_influence': 0.4682178308115167, 'penalty_k': 0.24818170277786866, 'scale_lr': 0.7057726030564386}. Best is trial 185 with value: 0.27577401194872897.
checkpoint_e39 window_influence: 0.45205403221320711, penalty_k: 0.29811395807396035, scale_lr: 0.66997077379026759, EAO: 0.263
Trial 264 finished with value: 0.2632777963469668 and parameters: {'window_influence': 0.4520540322132071, 'penalty_k': 0.29811395807396035, 'scale_lr': 0.6699707737902676}. Best is trial 185 with value: 0.27577401194872897.
checkpoint_e39 window_influence: 0.43610899811247955, penalty_k: 0.25655918669589767, scale_lr: 0.53954320522684185, EAO: 0.266
Trial 265 finished with value: 0.2664521638213134 and parameters: {'window_influence': 0.43610899811247955, 'penalty_k': 0.25655918669589767, 'scale_lr': 0.5395432052268418}. Best is trial 185 with value: 0.27577401194872897.
checkpoint_e39 window_influence: 0.47872065706176842, penalty_k: 0.23970736666551704, scale_lr: 0.69202839677609296, EAO: 0.254
Trial 266 finished with value: 0.25444458073716825 and parameters: {'window_influence': 0.4787206570617684, 'penalty_k': 0.23970736666551704, 'scale_lr': 0.692028396776093}. Best is trial 185 with value: 0.27577401194872897.
checkpoint_e39 window_influence: 0.45817200682686593, penalty_k: 0.27877012579247862, scale_lr: 0.47169171579423469, EAO: 0.258
Trial 267 finished with value: 0.25841419198891014 and parameters: {'window_influence': 0.45817200682686593, 'penalty_k': 0.2787701257924786, 'scale_lr': 0.4716917157942347}. Best is trial 185 with value: 0.27577401194872897.
checkpoint_e39 window_influence: 0.41632412727983520, penalty_k: 0.24850977103750083, scale_lr: 0.38678688175410403, EAO: 0.263
Trial 268 finished with value: 0.2631696628603509 and parameters: {'window_influence': 0.4163241272798352, 'penalty_k': 0.24850977103750083, 'scale_lr': 0.38678688175410403}. Best is trial 185 with value: 0.27577401194872897.
checkpoint_e39 window_influence: 0.29151300323680607, penalty_k: 0.26640062929203095, scale_lr: 0.77307659813296947, EAO: 0.252
