Trial 744 finished with value: 0.26025389007678845 and parameters: {'window_influence': 0.3992748179590753, 'penalty_k': 0.28716636300275006, 'scale_lr': 0.4213223665517315}. Best is trial 492 with value: 0.2888057565664857.
checkpoint_e39 window_influence: 0.45080247224481668, penalty_k: 0.10154213582797755, scale_lr: 0.11013447496157042, EAO: 0.245
Trial 745 finished with value: 0.24476278549045083 and parameters: {'window_influence': 0.4508024722448167, 'penalty_k': 0.10154213582797755, 'scale_lr': 0.11013447496157042}. Best is trial 492 with value: 0.2888057565664857.
checkpoint_e39 window_influence: 0.30504605541795937, penalty_k: 0.13085720491864533, scale_lr: 0.45199246928918052, EAO: 0.253
Trial 746 finished with value: 0.2525685415035341 and parameters: {'window_influence': 0.30504605541795937, 'penalty_k': 0.13085720491864533, 'scale_lr': 0.4519924692891805}. Best is trial 492 with value: 0.2888057565664857.
checkpoint_e39 window_influence: 0.53955619187024118, penalty_k: 0.41019470469546915, scale_lr: 0.43270038425512231, EAO: 0.240
Trial 747 finished with value: 0.23957570781552695 and parameters: {'window_influence': 0.5395561918702412, 'penalty_k': 0.41019470469546915, 'scale_lr': 0.4327003842551223}. Best is trial 492 with value: 0.2888057565664857.
checkpoint_e39 window_influence: 0.32854819846379230, penalty_k: 0.36176198692608386, scale_lr: 0.61304358341385856, EAO: 0.264
Trial 748 finished with value: 0.26432892195577545 and parameters: {'window_influence': 0.3285481984637923, 'penalty_k': 0.36176198692608386, 'scale_lr': 0.6130435834138586}. Best is trial 492 with value: 0.2888057565664857.
checkpoint_e39 window_influence: 0.09242596131728997, penalty_k: 0.14099058344657642, scale_lr: 0.57663888660269602, EAO: 0.236
Trial 749 finished with value: 0.235555298929292 and parameters: {'window_influence': 0.09242596131728997, 'penalty_k': 0.14099058344657642, 'scale_lr': 0.576638886602696}. Best is trial 492 with value: 0.2888057565664857.
checkpoint_e39 window_influence: 0.35431948025329218, penalty_k: 0.50513155004687404, scale_lr: 0.40442544175870343, EAO: 0.251
Trial 750 finished with value: 0.2512456015115831 and parameters: {'window_influence': 0.3543194802532922, 'penalty_k': 0.505131550046874, 'scale_lr': 0.40442544175870343}. Best is trial 492 with value: 0.2888057565664857.
checkpoint_e39 window_influence: 0.29410236882844265, penalty_k: 0.08170716440531438, scale_lr: 0.56431452497227308, EAO: 0.269
Trial 751 finished with value: 0.26876305346566487 and parameters: {'window_influence': 0.29410236882844265, 'penalty_k': 0.08170716440531438, 'scale_lr': 0.5643145249722731}. Best is trial 492 with value: 0.2888057565664857.
checkpoint_e39 window_influence: 0.39002578455892839, penalty_k: 0.33993569380129035, scale_lr: 0.62510038508968369, EAO: 0.257
Trial 752 finished with value: 0.2569382942425526 and parameters: {'window_influence': 0.3900257845589284, 'penalty_k': 0.33993569380129035, 'scale_lr': 0.6251003850896837}. Best is trial 492 with value: 0.2888057565664857.
checkpoint_e39 window_influence: 0.34128931401584184, penalty_k: 0.27062490621650626, scale_lr: 0.10129776978920207, EAO: 0.263
Trial 753 finished with value: 0.2627341969589877 and parameters: {'window_influence': 0.34128931401584184, 'penalty_k': 0.27062490621650626, 'scale_lr': 0.10129776978920207}. Best is trial 492 with value: 0.2888057565664857.
checkpoint_e39 window_influence: 0.31651732572815355, penalty_k: 0.35263121186280111, scale_lr: 0.66021980075146924, EAO: 0.259
Trial 754 finished with value: 0.2592064855786843 and parameters: {'window_influence': 0.31651732572815355, 'penalty_k': 0.3526312118628011, 'scale_lr': 0.6602198007514692}. Best is trial 492 with value: 0.2888057565664857.
checkpoint_e39 window_influence: 0.51647598655379867, penalty_k: 0.32264249244075521, scale_lr: 0.36879820767712235, EAO: 0.242
Trial 755 finished with value: 0.2417927775683442 and parameters: {'window_influence': 0.5164759865537987, 'penalty_k': 0.3226424924407552, 'scale_lr': 0.36879820767712235}. Best is trial 492 with value: 0.2888057565664857.
checkpoint_e39 window_influence: 0.27105199428736232, penalty_k: 0.30023737700295178, scale_lr: 0.41669215511618507, EAO: 0.284
Trial 756 finished with value: 0.28372380513001266 and parameters: {'window_influence': 0.2710519942873623, 'penalty_k': 0.3002373770029518, 'scale_lr': 0.41669215511618507}. Best is trial 492 with value: 0.2888057565664857.
checkpoint_e39 window_influence: 0.26800958150059512, penalty_k: 0.31318417748808230, scale_lr: 0.39133771450536120, EAO: 0.269
Trial 757 finished with value: 0.268891999210284 and parameters: {'window_influence': 0.2680095815005951, 'penalty_k': 0.3131841774880823, 'scale_lr': 0.3913377145053612}. Best is trial 492 with value: 0.2888057565664857.
checkpoint_e39 window_influence: 0.27626507563746633, penalty_k: 0.10895950507589153, scale_lr: 0.41658747882724750, EAO: 0.275
Trial 758 finished with value: 0.2752354441256058 and parameters: {'window_influence': 0.27626507563746633, 'penalty_k': 0.10895950507589153, 'scale_lr': 0.4165874788272475}. Best is trial 492 with value: 0.2888057565664857.
checkpoint_e39 window_influence: 0.17100312672699441, penalty_k: 0.32870733669715968, scale_lr: 0.22197092267649149, EAO: 0.248
Trial 759 finished with value: 0.24796175538766674 and parameters: {'window_influence': 0.17100312672699441, 'penalty_k': 0.3287073366971597, 'scale_lr': 0.2219709226764915}. Best is trial 492 with value: 0.2888057565664857.
checkpoint_e39 window_influence: 0.28473950348475202, penalty_k: 0.15240106522166741, scale_lr: 0.49136311462961380, EAO: 0.260
Trial 760 finished with value: 0.2595509383373144 and parameters: {'window_influence': 0.284739503484752, 'penalty_k': 0.1524010652216674, 'scale_lr': 0.4913631146296138}. Best is trial 492 with value: 0.2888057565664857.
checkpoint_e39 window_influence: 0.27037443100849501, penalty_k: 0.30764410063518938, scale_lr: 0.59079639128361472, EAO: 0.279
Trial 761 finished with value: 0.27949964927464 and parameters: {'window_influence': 0.270374431008495, 'penalty_k': 0.3076441006351894, 'scale_lr': 0.5907963912836147}. Best is trial 492 with value: 0.2888057565664857.
checkpoint_e39 window_influence: 0.07615712193671448, penalty_k: 0.30377764300500715, scale_lr: 0.58788127543970414, EAO: 0.251
Trial 762 finished with value: 0.2505894589836035 and parameters: {'window_influence': 0.07615712193671448, 'penalty_k': 0.30377764300500715, 'scale_lr': 0.5878812754397041}. Best is trial 492 with value: 0.2888057565664857.
checkpoint_e39 window_influence: 0.59527995404075362, penalty_k: 0.35745611691361173, scale_lr: 0.61115852281818128, EAO: 0.222
Trial 763 finished with value: 0.22172103749542701 and parameters: {'window_influence': 0.5952799540407536, 'penalty_k': 0.35745611691361173, 'scale_lr': 0.6111585228181813}. Best is trial 492 with value: 0.2888057565664857.
checkpoint_e39 window_influence: 0.26442007545616980, penalty_k: 0.33207775086365504, scale_lr: 0.59727724718422071, EAO: 0.256
Trial 764 finished with value: 0.25621552710852974 and parameters: {'window_influence': 0.2644200754561698, 'penalty_k': 0.33207775086365504, 'scale_lr': 0.5972772471842207}. Best is trial 492 with value: 0.2888057565664857.
checkpoint_e39 window_influence: 0.27281303623892666, penalty_k: 0.30996565214021371, scale_lr: 0.57712011536633145, EAO: 0.274
Trial 765 finished with value: 0.2737964597053644 and parameters: {'window_influence': 0.27281303623892666, 'penalty_k': 0.3099656521402137, 'scale_lr': 0.5771201153663315}. Best is trial 492 with value: 0.2888057565664857.
checkpoint_e39 window_influence: 0.43385379651826389, penalty_k: 0.29849901322817407, scale_lr: 0.70632277043852398, EAO: 0.247
Trial 766 finished with value: 0.24708046945856837 and parameters: {'window_influence': 0.4338537965182639, 'penalty_k': 0.29849901322817407, 'scale_lr': 0.706322770438524}. Best is trial 492 with value: 0.2888057565664857.
checkpoint_e39 window_influence: 0.26726013617308103, penalty_k: 0.52926449308737322, scale_lr: 0.15032191099918563, EAO: 0.243
Trial 767 finished with value: 0.242687599869763 and parameters: {'window_influence': 0.26726013617308103, 'penalty_k': 0.5292644930873732, 'scale_lr': 0.15032191099918563}. Best is trial 492 with value: 0.2888057565664857.
checkpoint_e39 window_influence: 0.25659938756649991, penalty_k: 0.37942974992924638, scale_lr: 0.55540203241083963, EAO: 0.268
Trial 768 finished with value: 0.26849768868064494 and parameters: {'window_influence': 0.2565993875664999, 'penalty_k': 0.3794297499292464, 'scale_lr': 0.5554020324108396}. Best is trial 492 with value: 0.2888057565664857.
checkpoint_e39 window_influence: 0.61900647195608116, penalty_k: 0.31520306538874288, scale_lr: 0.59780809857345563, EAO: 0.219
Trial 769 finished with value: 0.21917809703485752 and parameters: {'window_influence': 0.6190064719560812, 'penalty_k': 0.3152030653887429, 'scale_lr': 0.5978080985734556}. Best is trial 492 with value: 0.2888057565664857.
checkpoint_e39 window_influence: 0.27522093660631486, penalty_k: 0.34376535786522888, scale_lr: 0.57383953600954551, EAO: 0.264
Trial 770 finished with value: 0.2637533891370626 and parameters: {'window_influence': 0.27522093660631486, 'penalty_k': 0.3437653578652289, 'scale_lr': 0.5738395360095455}. Best is trial 492 with value: 0.2888057565664857.
checkpoint_e39 window_influence: 0.28200773679254354, penalty_k: 0.39670585584233109, scale_lr: 0.58825324209625474, EAO: 0.264
Trial 771 finished with value: 0.2642344519859407 and parameters: {'window_influence': 0.28200773679254354, 'penalty_k': 0.3967058558423311, 'scale_lr': 0.5882532420962547}. Best is trial 492 with value: 0.2888057565664857.
checkpoint_e39 window_influence: 0.47957151719402080, penalty_k: 0.57481485989286007, scale_lr: 0.56067027823875948, EAO: 0.237
Trial 772 finished with value: 0.23747916028993885 and parameters: {'window_influence': 0.4795715171940208, 'penalty_k': 0.5748148598928601, 'scale_lr': 0.5606702782387595}. Best is trial 492 with value: 0.2888057565664857.
checkpoint_e39 window_influence: 0.26043278560559424, penalty_k: 0.11881497332612805, scale_lr: 0.16290615460241009, EAO: 0.254
Trial 773 finished with value: 0.2541675441027657 and parameters: {'window_influence': 0.26043278560559424, 'penalty_k': 0.11881497332612805, 'scale_lr': 0.1629061546024101}. Best is trial 492 with value: 0.2888057565664857.
checkpoint_e39 window_influence: 0.48422687562335387, penalty_k: 0.41322983018252102, scale_lr: 0.69478469490514705, EAO: 0.242
Trial 774 finished with value: 0.24206758490422878 and parameters: {'window_influence': 0.48422687562335387, 'penalty_k': 0.413229830182521, 'scale_lr': 0.694784694905147}. Best is trial 492 with value: 0.2888057565664857.
checkpoint_e39 window_influence: 0.06047389275555787, penalty_k: 0.44770379409238115, scale_lr: 0.12508943951941265, EAO: 0.220
Trial 775 finished with value: 0.22032380328188098 and parameters: {'window_influence': 0.06047389275555787, 'penalty_k': 0.44770379409238115, 'scale_lr': 0.12508943951941265}. Best is trial 492 with value: 0.2888057565664857.
checkpoint_e39 window_influence: 0.17134174729739263, penalty_k: 0.47617834258305758, scale_lr: 0.12080167280715756, EAO: 0.235
Trial 776 finished with value: 0.23467468482449771 and parameters: {'window_influence': 0.17134174729739263, 'penalty_k': 0.4761783425830576, 'scale_lr': 0.12080167280715756}. Best is trial 492 with value: 0.2888057565664857.
checkpoint_e39 window_influence: 0.58459137065005229, penalty_k: 0.32544764613723853, scale_lr: 0.38813016924275090, EAO: 0.235
Trial 777 finished with value: 0.23474838378710475 and parameters: {'window_influence': 0.5845913706500523, 'penalty_k': 0.32544764613723853, 'scale_lr': 0.3881301692427509}. Best is trial 492 with value: 0.2888057565664857.
checkpoint_e39 window_influence: 0.28143572235646691, penalty_k: 0.35127114423627648, scale_lr: 0.62436377734575665, EAO: 0.261
Trial 778 finished with value: 0.2607350251296671 and parameters: {'window_influence': 0.2814357223564669, 'penalty_k': 0.3512711442362765, 'scale_lr': 0.6243637773457567}. Best is trial 492 with value: 0.2888057565664857.
checkpoint_e39 window_influence: 0.38089673893400450, penalty_k: 0.36545863744494700, scale_lr: 0.57133718093641361, EAO: 0.258
Trial 779 finished with value: 0.25804268241655537 and parameters: {'window_influence': 0.3808967389340045, 'penalty_k': 0.365458637444947, 'scale_lr': 0.5713371809364136}. Best is trial 492 with value: 0.2888057565664857.
checkpoint_e39 window_influence: 0.29635157210070945, penalty_k: 0.09289906742284706, scale_lr: 0.63786787863097549, EAO: 0.269
Trial 780 finished with value: 0.2685352826748437 and parameters: {'window_influence': 0.29635157210070945, 'penalty_k': 0.09289906742284706, 'scale_lr': 0.6378678786309755}. Best is trial 492 with value: 0.2888057565664857.
checkpoint_e39 window_influence: 0.42416277179766282, penalty_k: 0.14025220016743842, scale_lr: 0.37396382017337998, EAO: 0.267
Trial 781 finished with value: 0.26706657940294687 and parameters: {'window_influence': 0.4241627717976628, 'penalty_k': 0.14025220016743842, 'scale_lr': 0.37396382017338}. Best is trial 492 with value: 0.2888057565664857.
checkpoint_e39 window_influence: 0.25848772762367722, penalty_k: 0.55548749585427193, scale_lr: 0.23723336394739628, EAO: 0.250
Trial 782 finished with value: 0.24984381160115807 and parameters: {'window_influence': 0.2584877276236772, 'penalty_k': 0.5554874958542719, 'scale_lr': 0.23723336394739628}. Best is trial 492 with value: 0.2888057565664857.
Trial 783 failed with parameters: {'window_influence': 0.1903638906997655, 'penalty_k': 0.4543092205204302, 'scale_lr': 0.6012868596923873} because of the following error: KeyboardInterrupt().
Traceback (most recent call last):
  File "/home/n26092289/anaconda3/envs/my_siamban/lib/python3.7/site-packages/optuna/study/_optimize.py", line 200, in _run_trial
    value_or_values = func(trial)
  File "../../tools/tune.py", line 269, in objective
    outputs = tracker.track(img)
  File "../../tools/tune.py", line 127, in track
    score = self._convert_score(outputs['cls'])
  File "../../tools/tune.py", line 75, in _convert_score
    score = score.softmax(1).detach()[:, 1].cpu().numpy()
KeyboardInterrupt
Trial 783 failed with value None.
A new study created in memory with name: no-name-40ae81ba-e0e9-4340-9fd3-68e7a211a01d
checkpoint_e39 window_influence: 0.40603488376935648, penalty_k: 0.32093236604897901, scale_lr: 0.70026708130633919, EAO: 0.255
Trial 0 finished with value: 0.2547343651938245 and parameters: {'window_influence': 0.4060348837693565, 'penalty_k': 0.320932366048979, 'scale_lr': 0.7002670813063392}. Best is trial 0 with value: 0.2547343651938245.
checkpoint_e39 window_influence: 0.32055214688909867, penalty_k: 0.47833567828710688, scale_lr: 0.72039316860932090, EAO: 0.252
Trial 1 finished with value: 0.25159690577567106 and parameters: {'window_influence': 0.32055214688909867, 'penalty_k': 0.4783356782871069, 'scale_lr': 0.7203931686093209}. Best is trial 0 with value: 0.2547343651938245.
checkpoint_e39 window_influence: 0.46139447208798212, penalty_k: 0.06905684685632096, scale_lr: 0.32299820010637231, EAO: 0.256
Trial 2 finished with value: 0.25624566349556777 and parameters: {'window_influence': 0.4613944720879821, 'penalty_k': 0.06905684685632096, 'scale_lr': 0.3229982001063723}. Best is trial 2 with value: 0.25624566349556777.
checkpoint_e39 window_influence: 0.20615325984277139, penalty_k: 0.49063619050963181, scale_lr: 0.55460666622908328, EAO: 0.249
Trial 3 finished with value: 0.24880093214957694 and parameters: {'window_influence': 0.20615325984277139, 'penalty_k': 0.4906361905096318, 'scale_lr': 0.5546066662290833}. Best is trial 2 with value: 0.25624566349556777.
checkpoint_e39 window_influence: 0.09599463129805526, penalty_k: 0.43077154132425016, scale_lr: 0.38987372739729120, EAO: 0.234
Trial 4 finished with value: 0.2335134907587757 and parameters: {'window_influence': 0.09599463129805526, 'penalty_k': 0.43077154132425016, 'scale_lr': 0.3898737273972912}. Best is trial 2 with value: 0.25624566349556777.
checkpoint_e39 window_influence: 0.51733608305296119, penalty_k: 0.16031027322040203, scale_lr: 0.19291598744678815, EAO: 0.254
Trial 5 finished with value: 0.2542967087006181 and parameters: {'window_influence': 0.5173360830529612, 'penalty_k': 0.16031027322040203, 'scale_lr': 0.19291598744678815}. Best is trial 2 with value: 0.25624566349556777.
checkpoint_e39 window_influence: 0.56867681261203218, penalty_k: 0.21467265570077196, scale_lr: 0.40110157332876861, EAO: 0.243
Trial 6 finished with value: 0.24252731334872363 and parameters: {'window_influence': 0.5686768126120322, 'penalty_k': 0.21467265570077196, 'scale_lr': 0.4011015733287686}. Best is trial 2 with value: 0.25624566349556777.
checkpoint_e39 window_influence: 0.09236774867168956, penalty_k: 0.05890062733900592, scale_lr: 0.43693925086298924, EAO: 0.243
Trial 7 finished with value: 0.2429219608505567 and parameters: {'window_influence': 0.09236774867168956, 'penalty_k': 0.05890062733900592, 'scale_lr': 0.43693925086298924}. Best is trial 2 with value: 0.25624566349556777.
checkpoint_e39 window_influence: 0.33877169842417909, penalty_k: 0.14183927010690633, scale_lr: 0.77641311189397744, EAO: 0.261
Trial 8 finished with value: 0.2611200055334626 and parameters: {'window_influence': 0.3387716984241791, 'penalty_k': 0.14183927010690633, 'scale_lr': 0.7764131118939774}. Best is trial 8 with value: 0.2611200055334626.
checkpoint_e39 window_influence: 0.55991039685395727, penalty_k: 0.07185209222957308, scale_lr: 0.69657942707186915, EAO: 0.231
Trial 9 finished with value: 0.23073146080340795 and parameters: {'window_influence': 0.5599103968539573, 'penalty_k': 0.07185209222957308, 'scale_lr': 0.6965794270718692}. Best is trial 8 with value: 0.2611200055334626.
checkpoint_e39 window_influence: 0.31708834989795720, penalty_k: 0.59233396771200597, scale_lr: 0.57959026405015790, EAO: 0.243
Trial 10 finished with value: 0.24254836172350053 and parameters: {'window_influence': 0.3170883498979572, 'penalty_k': 0.592333967712006, 'scale_lr': 0.5795902640501579}. Best is trial 8 with value: 0.2611200055334626.
checkpoint_e39 window_influence: 0.43316470158953668, penalty_k: 0.04574255642108103, scale_lr: 0.78371765741987254, EAO: 0.261
Trial 11 finished with value: 0.26083206143078763 and parameters: {'window_influence': 0.4331647015895367, 'penalty_k': 0.045742556421081035, 'scale_lr': 0.7837176574198725}. Best is trial 8 with value: 0.2611200055334626.
checkpoint_e39 window_influence: 0.62906995562055179, penalty_k: 0.00856405899703785, scale_lr: 0.78923970167693369, EAO: 0.215
Trial 12 finished with value: 0.21481219479223576 and parameters: {'window_influence': 0.6290699556205518, 'penalty_k': 0.008564058997037848, 'scale_lr': 0.7892397016769337}. Best is trial 8 with value: 0.2611200055334626.
checkpoint_e39 window_influence: 0.41148460859765457, penalty_k: 0.16416957725585668, scale_lr: 0.79410333572701486, EAO: 0.253
Trial 13 finished with value: 0.2534391921225602 and parameters: {'window_influence': 0.41148460859765457, 'penalty_k': 0.16416957725585668, 'scale_lr': 0.7941033357270149}. Best is trial 8 with value: 0.2611200055334626.
checkpoint_e39 window_influence: 0.26900342141305755, penalty_k: 0.24512417550787940, scale_lr: 0.52903705842720794, EAO: 0.261
Trial 14 finished with value: 0.2607809346381242 and parameters: {'window_influence': 0.26900342141305755, 'penalty_k': 0.2451241755078794, 'scale_lr': 0.5290370584272079}. Best is trial 8 with value: 0.2611200055334626.
checkpoint_e39 window_influence: 0.40421179969241489, penalty_k: 0.12818401835887580, scale_lr: 0.64774306470114018, EAO: 0.251
Trial 15 finished with value: 0.2505503959529768 and parameters: {'window_influence': 0.4042117996924149, 'penalty_k': 0.1281840183588758, 'scale_lr': 0.6477430647011402}. Best is trial 8 with value: 0.2611200055334626.
checkpoint_e39 window_influence: 0.47598166163551014, penalty_k: 0.00651227757795364, scale_lr: 0.79856766486653874, EAO: 0.261
Trial 16 finished with value: 0.26118767703694057 and parameters: {'window_influence': 0.47598166163551014, 'penalty_k': 0.00651227757795364, 'scale_lr': 0.7985676648665387}. Best is trial 16 with value: 0.26118767703694057.
checkpoint_e39 window_influence: 0.49264481827460332, penalty_k: 0.11377307174506679, scale_lr: 0.60550459914941568, EAO: 0.259
Trial 17 finished with value: 0.25874080884505096 and parameters: {'window_influence': 0.4926448182746033, 'penalty_k': 0.11377307174506679, 'scale_lr': 0.6055045991494157}. Best is trial 16 with value: 0.26118767703694057.
checkpoint_e39 window_influence: 0.36295534421950448, penalty_k: 0.00625085040964806, scale_lr: 0.64388879794733700, EAO: 0.250
Trial 18 finished with value: 0.2504445872292286 and parameters: {'window_influence': 0.3629553442195045, 'penalty_k': 0.006250850409648057, 'scale_lr': 0.643888797947337}. Best is trial 16 with value: 0.26118767703694057.
checkpoint_e39 window_influence: 0.24256261258658196, penalty_k: 0.11005587001283010, scale_lr: 0.50824487627727055, EAO: 0.252
Trial 19 finished with value: 0.2515915702513563 and parameters: {'window_influence': 0.24256261258658196, 'penalty_k': 0.1100558700128301, 'scale_lr': 0.5082448762772706}. Best is trial 16 with value: 0.26118767703694057.
checkpoint_e39 window_influence: 0.48018474635496905, penalty_k: 0.18968528718547326, scale_lr: 0.74387674509863400, EAO: 0.253
Trial 20 finished with value: 0.2526884656248054 and parameters: {'window_influence': 0.48018474635496905, 'penalty_k': 0.18968528718547326, 'scale_lr': 0.743876745098634}. Best is trial 16 with value: 0.26118767703694057.
checkpoint_e39 window_influence: 0.43820715614347927, penalty_k: 0.02045797836021311, scale_lr: 0.79638088907350346, EAO: 0.249
