Trial 185 finished with value: 0.2778991013159597 and parameters: {'window_influence': 0.33249053000376905, 'penalty_k': 0.0830976304725674, 'scale_lr': 0.49851229363602073}. Best is trial 172 with value: 0.2898540811810067.
checkpoint_e30 window_influence: 0.33358392372447077, penalty_k: 0.07658211770551514, scale_lr: 0.52242957867128570, EAO: 0.281
Trial 186 finished with value: 0.28110785188713694 and parameters: {'window_influence': 0.33358392372447077, 'penalty_k': 0.07658211770551514, 'scale_lr': 0.5224295786712857}. Best is trial 172 with value: 0.2898540811810067.
checkpoint_e30 window_influence: 0.33541092644125170, penalty_k: 0.08337412952392435, scale_lr: 0.51519836482383896, EAO: 0.287
Trial 187 finished with value: 0.2865381826593624 and parameters: {'window_influence': 0.3354109264412517, 'penalty_k': 0.08337412952392435, 'scale_lr': 0.515198364823839}. Best is trial 172 with value: 0.2898540811810067.
checkpoint_e30 window_influence: 0.33620485129770894, penalty_k: 0.08665659790123958, scale_lr: 0.51869415761140347, EAO: 0.271
Trial 188 finished with value: 0.27101384182044164 and parameters: {'window_influence': 0.33620485129770894, 'penalty_k': 0.08665659790123958, 'scale_lr': 0.5186941576114035}. Best is trial 172 with value: 0.2898540811810067.
checkpoint_e30 window_influence: 0.30425114483383453, penalty_k: 0.07345716332898056, scale_lr: 0.53643375434443064, EAO: 0.268
Trial 189 finished with value: 0.2679735052634061 and parameters: {'window_influence': 0.30425114483383453, 'penalty_k': 0.07345716332898056, 'scale_lr': 0.5364337543444306}. Best is trial 172 with value: 0.2898540811810067.
checkpoint_e30 window_influence: 0.33027425670089761, penalty_k: 0.08402249422720792, scale_lr: 0.50073815296124236, EAO: 0.278
Trial 190 finished with value: 0.2776659719827699 and parameters: {'window_influence': 0.3302742567008976, 'penalty_k': 0.08402249422720792, 'scale_lr': 0.5007381529612424}. Best is trial 172 with value: 0.2898540811810067.
checkpoint_e30 window_influence: 0.33596070615355628, penalty_k: 0.09977525017052827, scale_lr: 0.50844295422244679, EAO: 0.276
Trial 191 finished with value: 0.2762562792475631 and parameters: {'window_influence': 0.3359607061535563, 'penalty_k': 0.09977525017052827, 'scale_lr': 0.5084429542224468}. Best is trial 172 with value: 0.2898540811810067.
checkpoint_e30 window_influence: 0.32549245847156200, penalty_k: 0.08581174131939130, scale_lr: 0.52479394995863671, EAO: 0.275
Trial 192 finished with value: 0.27485302908391485 and parameters: {'window_influence': 0.325492458471562, 'penalty_k': 0.0858117413193913, 'scale_lr': 0.5247939499586367}. Best is trial 172 with value: 0.2898540811810067.
checkpoint_e30 window_influence: 0.31471833674595751, penalty_k: 0.08483138170204993, scale_lr: 0.50283125802392159, EAO: 0.285
Trial 193 finished with value: 0.2846786349527235 and parameters: {'window_influence': 0.3147183367459575, 'penalty_k': 0.08483138170204993, 'scale_lr': 0.5028312580239216}. Best is trial 172 with value: 0.2898540811810067.
checkpoint_e30 window_influence: 0.30944395418992282, penalty_k: 0.07848944310663736, scale_lr: 0.55898643720735142, EAO: 0.266
Trial 194 finished with value: 0.2659279551447892 and parameters: {'window_influence': 0.3094439541899228, 'penalty_k': 0.07848944310663736, 'scale_lr': 0.5589864372073514}. Best is trial 172 with value: 0.2898540811810067.
checkpoint_e30 window_influence: 0.35034315111806208, penalty_k: 0.06999878387922995, scale_lr: 0.54484888724655844, EAO: 0.276
Trial 195 finished with value: 0.2755747029209525 and parameters: {'window_influence': 0.3503431511180621, 'penalty_k': 0.06999878387922995, 'scale_lr': 0.5448488872465584}. Best is trial 172 with value: 0.2898540811810067.
checkpoint_e30 window_influence: 0.33448875620547552, penalty_k: 0.09044250669491175, scale_lr: 0.50163686416546960, EAO: 0.281
Trial 196 finished with value: 0.2811941480248924 and parameters: {'window_influence': 0.3344887562054755, 'penalty_k': 0.09044250669491175, 'scale_lr': 0.5016368641654696}. Best is trial 172 with value: 0.2898540811810067.
checkpoint_e30 window_influence: 0.28231657216013384, penalty_k: 0.09235024699679099, scale_lr: 0.49966334109648569, EAO: 0.260
Trial 197 finished with value: 0.25965913845513894 and parameters: {'window_influence': 0.28231657216013384, 'penalty_k': 0.092350246996791, 'scale_lr': 0.4996633410964857}. Best is trial 172 with value: 0.2898540811810067.
checkpoint_e30 window_influence: 0.35776063603492730, penalty_k: 0.10063794167636141, scale_lr: 0.52276923215766158, EAO: 0.269
Trial 198 finished with value: 0.268731389527883 and parameters: {'window_influence': 0.3577606360349273, 'penalty_k': 0.1006379416763614, 'scale_lr': 0.5227692321576616}. Best is trial 172 with value: 0.2898540811810067.
checkpoint_e30 window_influence: 0.34391303188442202, penalty_k: 0.06355175804289685, scale_lr: 0.47050148378875589, EAO: 0.264
Trial 199 finished with value: 0.2642871137193548 and parameters: {'window_influence': 0.343913031884422, 'penalty_k': 0.06355175804289685, 'scale_lr': 0.4705014837887559}. Best is trial 172 with value: 0.2898540811810067.
checkpoint_e30 window_influence: 0.31319391302017074, penalty_k: 0.08610624522767686, scale_lr: 0.51020795739296643, EAO: 0.273
Trial 200 finished with value: 0.2731417676176482 and parameters: {'window_influence': 0.31319391302017074, 'penalty_k': 0.08610624522767686, 'scale_lr': 0.5102079573929664}. Best is trial 172 with value: 0.2898540811810067.
checkpoint_e30 window_influence: 0.33070682394345474, penalty_k: 0.07648967189169821, scale_lr: 0.49290304113878980, EAO: 0.266
Trial 201 finished with value: 0.265697899024661 and parameters: {'window_influence': 0.33070682394345474, 'penalty_k': 0.07648967189169821, 'scale_lr': 0.4929030411387898}. Best is trial 172 with value: 0.2898540811810067.
checkpoint_e30 window_influence: 0.33517409202019716, penalty_k: 0.10370338659998549, scale_lr: 0.52874596710585287, EAO: 0.272
Trial 202 finished with value: 0.27223683433319495 and parameters: {'window_influence': 0.33517409202019716, 'penalty_k': 0.10370338659998549, 'scale_lr': 0.5287459671058529}. Best is trial 172 with value: 0.2898540811810067.
checkpoint_e30 window_influence: 0.32890868887592373, penalty_k: 0.07795346654895766, scale_lr: 0.48039200001299232, EAO: 0.260
Trial 203 finished with value: 0.25972676464939504 and parameters: {'window_influence': 0.3289086888759237, 'penalty_k': 0.07795346654895766, 'scale_lr': 0.4803920000129923}. Best is trial 172 with value: 0.2898540811810067.
checkpoint_e30 window_influence: 0.30064454223373599, penalty_k: 0.06165155946791231, scale_lr: 0.51057648264162780, EAO: 0.266
Trial 204 finished with value: 0.265882298410908 and parameters: {'window_influence': 0.300644542233736, 'penalty_k': 0.061651559467912315, 'scale_lr': 0.5105764826416278}. Best is trial 172 with value: 0.2898540811810067.
checkpoint_e30 window_influence: 0.34819765285999060, penalty_k: 0.09378335861987092, scale_lr: 0.49678885132113643, EAO: 0.280
Trial 205 finished with value: 0.28047760975797004 and parameters: {'window_influence': 0.3481976528599906, 'penalty_k': 0.09378335861987092, 'scale_lr': 0.4967888513211364}. Best is trial 172 with value: 0.2898540811810067.
checkpoint_e30 window_influence: 0.35398351030599789, penalty_k: 0.09208390894738909, scale_lr: 0.49782887595668890, EAO: 0.272
Trial 206 finished with value: 0.2715746395108176 and parameters: {'window_influence': 0.3539835103059979, 'penalty_k': 0.09208390894738909, 'scale_lr': 0.4978288759566889}. Best is trial 172 with value: 0.2898540811810067.
checkpoint_e30 window_influence: 0.34538394803001182, penalty_k: 0.10615687867785317, scale_lr: 0.46400005995529198, EAO: 0.269
Trial 207 finished with value: 0.26873416302165365 and parameters: {'window_influence': 0.3453839480300118, 'penalty_k': 0.10615687867785317, 'scale_lr': 0.464000059955292}. Best is trial 172 with value: 0.2898540811810067.
checkpoint_e30 window_influence: 0.35955148124866498, penalty_k: 0.08514206941156152, scale_lr: 0.54313242483196200, EAO: 0.269
Trial 208 finished with value: 0.2687647305731851 and parameters: {'window_influence': 0.359551481248665, 'penalty_k': 0.08514206941156152, 'scale_lr': 0.543132424831962}. Best is trial 172 with value: 0.2898540811810067.
checkpoint_e30 window_influence: 0.31825046298751386, penalty_k: 0.04536273207989116, scale_lr: 0.51857439581373854, EAO: 0.268
Trial 209 finished with value: 0.2676535362635202 and parameters: {'window_influence': 0.31825046298751386, 'penalty_k': 0.04536273207989116, 'scale_lr': 0.5185743958137385}. Best is trial 172 with value: 0.2898540811810067.
checkpoint_e30 window_influence: 0.36840997197172082, penalty_k: 0.06666314851461817, scale_lr: 0.48690624356556506, EAO: 0.276
Trial 210 finished with value: 0.27630196493573306 and parameters: {'window_influence': 0.3684099719717208, 'penalty_k': 0.06666314851461817, 'scale_lr': 0.48690624356556506}. Best is trial 172 with value: 0.2898540811810067.
checkpoint_e30 window_influence: 0.33146967922643972, penalty_k: 0.07550704052652585, scale_lr: 0.50124132549523470, EAO: 0.279
Trial 211 finished with value: 0.27859368847637644 and parameters: {'window_influence': 0.3314696792264397, 'penalty_k': 0.07550704052652585, 'scale_lr': 0.5012413254952347}. Best is trial 172 with value: 0.2898540811810067.
checkpoint_e30 window_influence: 0.33804076838601554, penalty_k: 0.09564062370674768, scale_lr: 0.50446966406378924, EAO: 0.273
Trial 212 finished with value: 0.2725789437933666 and parameters: {'window_influence': 0.33804076838601554, 'penalty_k': 0.09564062370674768, 'scale_lr': 0.5044696640637892}. Best is trial 172 with value: 0.2898540811810067.
checkpoint_e30 window_influence: 0.31487539426772831, penalty_k: 0.07561797496984964, scale_lr: 0.53091183783222584, EAO: 0.269
Trial 213 finished with value: 0.26871029008937075 and parameters: {'window_influence': 0.3148753942677283, 'penalty_k': 0.07561797496984964, 'scale_lr': 0.5309118378322258}. Best is trial 172 with value: 0.2898540811810067.
checkpoint_e30 window_influence: 0.34512013310735656, penalty_k: 0.08546440942265415, scale_lr: 0.47648497927799482, EAO: 0.260
Trial 214 finished with value: 0.2595557651020647 and parameters: {'window_influence': 0.34512013310735656, 'penalty_k': 0.08546440942265415, 'scale_lr': 0.4764849792779948}. Best is trial 172 with value: 0.2898540811810067.
checkpoint_e30 window_influence: 0.32091058883750651, penalty_k: 0.11902028036311549, scale_lr: 0.50422370374805614, EAO: 0.279
Trial 215 finished with value: 0.27862506820176675 and parameters: {'window_influence': 0.3209105888375065, 'penalty_k': 0.11902028036311549, 'scale_lr': 0.5042237037480561}. Best is trial 172 with value: 0.2898540811810067.
checkpoint_e30 window_influence: 0.32808059167069492, penalty_k: 0.11898598158871937, scale_lr: 0.49537209973472490, EAO: 0.272
Trial 216 finished with value: 0.27198301207243913 and parameters: {'window_influence': 0.3280805916706949, 'penalty_k': 0.11898598158871937, 'scale_lr': 0.4953720997347249}. Best is trial 172 with value: 0.2898540811810067.
checkpoint_e30 window_influence: 0.29308706483609431, penalty_k: 0.10512513594206843, scale_lr: 0.51502132365136533, EAO: 0.256
Trial 217 finished with value: 0.2555480300168681 and parameters: {'window_influence': 0.2930870648360943, 'penalty_k': 0.10512513594206843, 'scale_lr': 0.5150213236513653}. Best is trial 172 with value: 0.2898540811810067.
checkpoint_e30 window_influence: 0.30819331375339737, penalty_k: 0.11986015899829811, scale_lr: 0.50054319716894935, EAO: 0.279
Trial 218 finished with value: 0.27933455706854177 and parameters: {'window_influence': 0.30819331375339737, 'penalty_k': 0.1198601589982981, 'scale_lr': 0.5005431971689493}. Best is trial 172 with value: 0.2898540811810067.
checkpoint_e30 window_influence: 0.30562572551496880, penalty_k: 0.12229411194708978, scale_lr: 0.44969927825317085, EAO: 0.278
Trial 219 finished with value: 0.27752162237477496 and parameters: {'window_influence': 0.3056257255149688, 'penalty_k': 0.12229411194708978, 'scale_lr': 0.44969927825317085}. Best is trial 172 with value: 0.2898540811810067.
checkpoint_e30 window_influence: 0.35552335536966612, penalty_k: 0.10930841363965763, scale_lr: 0.49007624656429860, EAO: 0.275
Trial 220 finished with value: 0.274623869577559 and parameters: {'window_influence': 0.3555233553696661, 'penalty_k': 0.10930841363965763, 'scale_lr': 0.4900762465642986}. Best is trial 172 with value: 0.2898540811810067.
checkpoint_e30 window_influence: 0.31787172191163121, penalty_k: 0.09464329538258838, scale_lr: 0.50641946767871571, EAO: 0.275
Trial 221 finished with value: 0.27527017782374125 and parameters: {'window_influence': 0.3178717219116312, 'penalty_k': 0.09464329538258838, 'scale_lr': 0.5064194676787157}. Best is trial 172 with value: 0.2898540811810067.
checkpoint_e30 window_influence: 0.34202578957637664, penalty_k: 0.10978350560012223, scale_lr: 0.52048582296370394, EAO: 0.264
Trial 222 finished with value: 0.2642179737851872 and parameters: {'window_influence': 0.34202578957637664, 'penalty_k': 0.10978350560012223, 'scale_lr': 0.5204858229637039}. Best is trial 172 with value: 0.2898540811810067.
checkpoint_e30 window_influence: 0.33136829731629758, penalty_k: 0.12837236372841473, scale_lr: 0.47878333718317828, EAO: 0.255
Trial 223 finished with value: 0.2549582281854095 and parameters: {'window_influence': 0.3313682973162976, 'penalty_k': 0.12837236372841473, 'scale_lr': 0.4787833371831783}. Best is trial 172 with value: 0.2898540811810067.
checkpoint_e30 window_influence: 0.31209146434403501, penalty_k: 0.16196242400682687, scale_lr: 0.50196572428967356, EAO: 0.268
Trial 224 finished with value: 0.26807042562622363 and parameters: {'window_influence': 0.312091464344035, 'penalty_k': 0.16196242400682687, 'scale_lr': 0.5019657242896736}. Best is trial 172 with value: 0.2898540811810067.
checkpoint_e30 window_influence: 0.32495125403914799, penalty_k: 0.28542638001953502, scale_lr: 0.46859055209623357, EAO: 0.265
Trial 225 finished with value: 0.26546419042397323 and parameters: {'window_influence': 0.324951254039148, 'penalty_k': 0.285426380019535, 'scale_lr': 0.46859055209623357}. Best is trial 172 with value: 0.2898540811810067.
checkpoint_e30 window_influence: 0.34169320239519918, penalty_k: 0.08877625555470446, scale_lr: 0.53183221015570081, EAO: 0.275
Trial 226 finished with value: 0.2751149742341623 and parameters: {'window_influence': 0.3416932023951992, 'penalty_k': 0.08877625555470446, 'scale_lr': 0.5318322101557008}. Best is trial 172 with value: 0.2898540811810067.
checkpoint_e30 window_influence: 0.29795999910795579, penalty_k: 0.32467129241139586, scale_lr: 0.49066324752338941, EAO: 0.270
Trial 227 finished with value: 0.2704932074236676 and parameters: {'window_influence': 0.2979599991079558, 'penalty_k': 0.32467129241139586, 'scale_lr': 0.4906632475233894}. Best is trial 172 with value: 0.2898540811810067.
checkpoint_e30 window_influence: 0.34898679344790184, penalty_k: 0.20892287401562576, scale_lr: 0.51372158615668595, EAO: 0.267
Trial 228 finished with value: 0.2672283323557396 and parameters: {'window_influence': 0.34898679344790184, 'penalty_k': 0.20892287401562576, 'scale_lr': 0.513721586156686}. Best is trial 172 with value: 0.2898540811810067.
checkpoint_e30 window_influence: 0.36254532055225619, penalty_k: 0.07146764313112212, scale_lr: 0.54721999787635656, EAO: 0.261
Trial 229 finished with value: 0.2609706129121587 and parameters: {'window_influence': 0.3625453205522562, 'penalty_k': 0.07146764313112212, 'scale_lr': 0.5472199978763566}. Best is trial 172 with value: 0.2898540811810067.
checkpoint_e30 window_influence: 0.33179410605580195, penalty_k: 0.08206375784453450, scale_lr: 0.50140212400659134, EAO: 0.276
Trial 230 finished with value: 0.27576972538135885 and parameters: {'window_influence': 0.33179410605580195, 'penalty_k': 0.0820637578445345, 'scale_lr': 0.5014021240065913}. Best is trial 172 with value: 0.2898540811810067.
checkpoint_e30 window_influence: 0.32152519979661953, penalty_k: 0.05780395388576277, scale_lr: 0.52515479766069451, EAO: 0.267
Trial 231 finished with value: 0.2671928840076051 and parameters: {'window_influence': 0.32152519979661953, 'penalty_k': 0.05780395388576277, 'scale_lr': 0.5251547976606945}. Best is trial 172 with value: 0.2898540811810067.
checkpoint_e30 window_influence: 0.31039884519632127, penalty_k: 0.40608007457297218, scale_lr: 0.49384018702199162, EAO: 0.262
Trial 232 finished with value: 0.2622401103740785 and parameters: {'window_influence': 0.31039884519632127, 'penalty_k': 0.4060800745729722, 'scale_lr': 0.4938401870219916}. Best is trial 172 with value: 0.2898540811810067.
checkpoint_e30 window_influence: 0.33796127312792218, penalty_k: 0.06385418372999353, scale_lr: 0.48506231735058947, EAO: 0.274
Trial 233 finished with value: 0.27386110627312 and parameters: {'window_influence': 0.3379612731279222, 'penalty_k': 0.06385418372999353, 'scale_lr': 0.48506231735058947}. Best is trial 172 with value: 0.2898540811810067.
checkpoint_e30 window_influence: 0.31940565149439099, penalty_k: 0.03934057145632365, scale_lr: 0.50509303116634219, EAO: 0.276
Trial 234 finished with value: 0.27565016682312743 and parameters: {'window_influence': 0.319405651494391, 'penalty_k': 0.03934057145632365, 'scale_lr': 0.5050930311663422}. Best is trial 172 with value: 0.2898540811810067.
checkpoint_e30 window_influence: 0.58150385674254568, penalty_k: 0.09383780095766289, scale_lr: 0.51654885956397201, EAO: 0.231
Trial 235 finished with value: 0.23125504423690035 and parameters: {'window_influence': 0.5815038567425457, 'penalty_k': 0.09383780095766289, 'scale_lr': 0.516548859563972}. Best is trial 172 with value: 0.2898540811810067.
checkpoint_e30 window_influence: 0.32786794853736290, penalty_k: 0.26376241966940173, scale_lr: 0.46975871410125608, EAO: 0.270
Trial 236 finished with value: 0.27034375822641016 and parameters: {'window_influence': 0.3278679485373629, 'penalty_k': 0.2637624196694017, 'scale_lr': 0.4697587141012561}. Best is trial 172 with value: 0.2898540811810067.
checkpoint_e30 window_influence: 0.34932376047717695, penalty_k: 0.07777663555685239, scale_lr: 0.53464894150431597, EAO: 0.265
Trial 237 finished with value: 0.26525670732182216 and parameters: {'window_influence': 0.34932376047717695, 'penalty_k': 0.0777766355568524, 'scale_lr': 0.534648941504316}. Best is trial 172 with value: 0.2898540811810067.
checkpoint_e30 window_influence: 0.28848155368185624, penalty_k: 0.22386667960181064, scale_lr: 0.48094007345409095, EAO: 0.278
Trial 238 finished with value: 0.27764650700780436 and parameters: {'window_influence': 0.28848155368185624, 'penalty_k': 0.22386667960181064, 'scale_lr': 0.48094007345409095}. Best is trial 172 with value: 0.2898540811810067.
checkpoint_e30 window_influence: 0.27553742083201010, penalty_k: 0.14736083598843666, scale_lr: 0.48025244100375286, EAO: 0.266
Trial 239 finished with value: 0.26640503780870906 and parameters: {'window_influence': 0.2755374208320101, 'penalty_k': 0.14736083598843666, 'scale_lr': 0.48025244100375286}. Best is trial 172 with value: 0.2898540811810067.
checkpoint_e30 window_influence: 0.28414343360868582, penalty_k: 0.11882711469319251, scale_lr: 0.45866539353627517, EAO: 0.274
Trial 240 finished with value: 0.273920626114539 and parameters: {'window_influence': 0.2841434336086858, 'penalty_k': 0.11882711469319251, 'scale_lr': 0.45866539353627517}. Best is trial 172 with value: 0.2898540811810067.
checkpoint_e30 window_influence: 0.29915347884360699, penalty_k: 0.22761684821327782, scale_lr: 0.50573447855529130, EAO: 0.270
Trial 241 finished with value: 0.2703283669623902 and parameters: {'window_influence': 0.299153478843607, 'penalty_k': 0.22761684821327782, 'scale_lr': 0.5057344785552913}. Best is trial 172 with value: 0.2898540811810067.
checkpoint_e30 window_influence: 0.30854983853887263, penalty_k: 0.24948237862669473, scale_lr: 0.49107049258098134, EAO: 0.270
Trial 242 finished with value: 0.26982747963288933 and parameters: {'window_influence': 0.30854983853887263, 'penalty_k': 0.24948237862669473, 'scale_lr': 0.49107049258098134}. Best is trial 172 with value: 0.2898540811810067.
checkpoint_e30 window_influence: 0.33528978915867991, penalty_k: 0.09776825938549308, scale_lr: 0.51798359563311280, EAO: 0.271
Trial 243 finished with value: 0.2711604700340488 and parameters: {'window_influence': 0.3352897891586799, 'penalty_k': 0.09776825938549308, 'scale_lr': 0.5179835956331128}. Best is trial 172 with value: 0.2898540811810067.
checkpoint_e30 window_influence: 0.31912694338617958, penalty_k: 0.05304469064546199, scale_lr: 0.44273581443094767, EAO: 0.276
Trial 244 finished with value: 0.2758133831789823 and parameters: {'window_influence': 0.3191269433861796, 'penalty_k': 0.053044690645461995, 'scale_lr': 0.44273581443094767}. Best is trial 172 with value: 0.2898540811810067.
checkpoint_e30 window_influence: 0.29041368914351234, penalty_k: 0.08559718165473897, scale_lr: 0.47825422905067644, EAO: 0.277
Trial 245 finished with value: 0.2774079908442691 and parameters: {'window_influence': 0.29041368914351234, 'penalty_k': 0.08559718165473897, 'scale_lr': 0.47825422905067644}. Best is trial 172 with value: 0.2898540811810067.
checkpoint_e30 window_influence: 0.33636979624592056, penalty_k: 0.06655179251365791, scale_lr: 0.50009509731831625, EAO: 0.262
Trial 246 finished with value: 0.2624943284242134 and parameters: {'window_influence': 0.33636979624592056, 'penalty_k': 0.0665517925136579, 'scale_lr': 0.5000950973183163}. Best is trial 172 with value: 0.2898540811810067.
checkpoint_e30 window_influence: 0.35336064933696354, penalty_k: 0.10880566297484183, scale_lr: 0.56418278138990674, EAO: 0.264
