Trial 372 finished with value: 0.2566660676545244 and parameters: {'window_influence': 0.3617455660006462, 'penalty_k': 0.4819238032392906, 'scale_lr': 0.16410213383475414}. Best is trial 104 with value: 0.27492820641131904.
checkpoint_e22 window_influence: 0.38858777551846785, penalty_k: 0.43532055549966969, scale_lr: 0.43434317842255926, EAO: 0.255
Trial 373 finished with value: 0.25495206601009135 and parameters: {'window_influence': 0.38858777551846785, 'penalty_k': 0.4353205554996697, 'scale_lr': 0.43434317842255926}. Best is trial 104 with value: 0.27492820641131904.
checkpoint_e22 window_influence: 0.33941442309859876, penalty_k: 0.15658191369028820, scale_lr: 0.60077946100085222, EAO: 0.255
Trial 374 finished with value: 0.25504815118099616 and parameters: {'window_influence': 0.33941442309859876, 'penalty_k': 0.1565819136902882, 'scale_lr': 0.6007794610008522}. Best is trial 104 with value: 0.27492820641131904.
checkpoint_e22 window_influence: 0.35286460249231072, penalty_k: 0.26702382814587405, scale_lr: 0.13214033437785414, EAO: 0.259
Trial 375 finished with value: 0.25884931752594503 and parameters: {'window_influence': 0.3528646024923107, 'penalty_k': 0.26702382814587405, 'scale_lr': 0.13214033437785414}. Best is trial 104 with value: 0.27492820641131904.
checkpoint_e22 window_influence: 0.40685428436281845, penalty_k: 0.46456176119230563, scale_lr: 0.18836728954480331, EAO: 0.248
Trial 376 finished with value: 0.24835562227460428 and parameters: {'window_influence': 0.40685428436281845, 'penalty_k': 0.46456176119230563, 'scale_lr': 0.1883672895448033}. Best is trial 104 with value: 0.27492820641131904.
checkpoint_e22 window_influence: 0.37408875070769121, penalty_k: 0.20782212889671703, scale_lr: 0.48889219576521370, EAO: 0.253
Trial 377 finished with value: 0.25251884019471765 and parameters: {'window_influence': 0.3740887507076912, 'penalty_k': 0.20782212889671703, 'scale_lr': 0.4888921957652137}. Best is trial 104 with value: 0.27492820641131904.
checkpoint_e22 window_influence: 0.44519212187407675, penalty_k: 0.49041314418018939, scale_lr: 0.57914802727655368, EAO: 0.247
Trial 378 finished with value: 0.24706653014915744 and parameters: {'window_influence': 0.44519212187407675, 'penalty_k': 0.4904131441801894, 'scale_lr': 0.5791480272765537}. Best is trial 104 with value: 0.27492820641131904.
checkpoint_e22 window_influence: 0.38755434331211536, penalty_k: 0.23896261763914345, scale_lr: 0.37010438468663376, EAO: 0.242
Trial 379 finished with value: 0.2421415686849656 and parameters: {'window_influence': 0.38755434331211536, 'penalty_k': 0.23896261763914345, 'scale_lr': 0.37010438468663376}. Best is trial 104 with value: 0.27492820641131904.
checkpoint_e22 window_influence: 0.49664324938356036, penalty_k: 0.00013386080069333, scale_lr: 0.61969301893789963, EAO: 0.260
Trial 380 finished with value: 0.26022763410961725 and parameters: {'window_influence': 0.49664324938356036, 'penalty_k': 0.00013386080069333062, 'scale_lr': 0.6196930189378996}. Best is trial 104 with value: 0.27492820641131904.
checkpoint_e22 window_influence: 0.41250858465962353, penalty_k: 0.40729643011746663, scale_lr: 0.14408083879753833, EAO: 0.251
Trial 381 finished with value: 0.2510252396871404 and parameters: {'window_influence': 0.41250858465962353, 'penalty_k': 0.40729643011746663, 'scale_lr': 0.14408083879753833}. Best is trial 104 with value: 0.27492820641131904.
checkpoint_e22 window_influence: 0.36653221610820569, penalty_k: 0.17959970986648791, scale_lr: 0.11439736884461499, EAO: 0.256
Trial 382 finished with value: 0.2564727765152125 and parameters: {'window_influence': 0.3665322161082057, 'penalty_k': 0.1795997098664879, 'scale_lr': 0.11439736884461499}. Best is trial 104 with value: 0.27492820641131904.
checkpoint_e22 window_influence: 0.42692073622549453, penalty_k: 0.19649148319302404, scale_lr: 0.45973433214624521, EAO: 0.247
Trial 383 finished with value: 0.24738442279943607 and parameters: {'window_influence': 0.42692073622549453, 'penalty_k': 0.19649148319302404, 'scale_lr': 0.4597343321462452}. Best is trial 104 with value: 0.27492820641131904.
checkpoint_e22 window_influence: 0.39408662632987901, penalty_k: 0.45238715103100574, scale_lr: 0.67280609236219058, EAO: 0.258
Trial 384 finished with value: 0.2576706777743208 and parameters: {'window_influence': 0.394086626329879, 'penalty_k': 0.45238715103100574, 'scale_lr': 0.6728060923621906}. Best is trial 104 with value: 0.27492820641131904.
checkpoint_e22 window_influence: 0.37799184699473137, penalty_k: 0.12415268159966621, scale_lr: 0.35811909372727885, EAO: 0.244
Trial 385 finished with value: 0.2435707415385944 and parameters: {'window_influence': 0.3779918469947314, 'penalty_k': 0.1241526815996662, 'scale_lr': 0.35811909372727885}. Best is trial 104 with value: 0.27492820641131904.
checkpoint_e22 window_influence: 0.35750822710338304, penalty_k: 0.52217249586806314, scale_lr: 0.31436760443839784, EAO: 0.253
Trial 386 finished with value: 0.25258136128749303 and parameters: {'window_influence': 0.35750822710338304, 'penalty_k': 0.5221724958680631, 'scale_lr': 0.31436760443839784}. Best is trial 104 with value: 0.27492820641131904.
checkpoint_e22 window_influence: 0.47514346201388163, penalty_k: 0.22946772739325161, scale_lr: 0.15758342038505543, EAO: 0.250
Trial 387 finished with value: 0.24963492724469039 and parameters: {'window_influence': 0.47514346201388163, 'penalty_k': 0.2294677273932516, 'scale_lr': 0.15758342038505543}. Best is trial 104 with value: 0.27492820641131904.
checkpoint_e22 window_influence: 0.40443845921352639, penalty_k: 0.21777559418475539, scale_lr: 0.50186941280668074, EAO: 0.262
Trial 388 finished with value: 0.2622017228627593 and parameters: {'window_influence': 0.4044384592135264, 'penalty_k': 0.2177755941847554, 'scale_lr': 0.5018694128066807}. Best is trial 104 with value: 0.27492820641131904.
checkpoint_e22 window_influence: 0.32697351474573988, penalty_k: 0.18785648499178065, scale_lr: 0.13684746926097580, EAO: 0.259
Trial 389 finished with value: 0.2594594855497523 and parameters: {'window_influence': 0.3269735147457399, 'penalty_k': 0.18785648499178065, 'scale_lr': 0.1368474692609758}. Best is trial 104 with value: 0.27492820641131904.
checkpoint_e22 window_influence: 0.29205653413271160, penalty_k: 0.16766353688438485, scale_lr: 0.12729612772789281, EAO: 0.263
Trial 390 finished with value: 0.2629062110573296 and parameters: {'window_influence': 0.2920565341327116, 'penalty_k': 0.16766353688438485, 'scale_lr': 0.1272961277278928}. Best is trial 104 with value: 0.27492820641131904.
checkpoint_e22 window_influence: 0.38168347286948079, penalty_k: 0.48235973849231800, scale_lr: 0.26189535396243196, EAO: 0.237
Trial 391 finished with value: 0.2369044011807054 and parameters: {'window_influence': 0.3816834728694808, 'penalty_k': 0.482359738492318, 'scale_lr': 0.26189535396243196}. Best is trial 104 with value: 0.27492820641131904.
checkpoint_e22 window_influence: 0.34318163845231381, penalty_k: 0.19921245802669030, scale_lr: 0.17802278134863606, EAO: 0.252
Trial 392 finished with value: 0.25162999507615236 and parameters: {'window_influence': 0.3431816384523138, 'penalty_k': 0.1992124580266903, 'scale_lr': 0.17802278134863606}. Best is trial 104 with value: 0.27492820641131904.
checkpoint_e22 window_influence: 0.36924057059223769, penalty_k: 0.28556874240887320, scale_lr: 0.53620536772676708, EAO: 0.253
Trial 393 finished with value: 0.25302779468579023 and parameters: {'window_influence': 0.3692405705922377, 'penalty_k': 0.2855687424088732, 'scale_lr': 0.5362053677267671}. Best is trial 104 with value: 0.27492820641131904.
checkpoint_e22 window_influence: 0.25239120913080265, penalty_k: 0.02922035970005771, scale_lr: 0.62799459387779633, EAO: 0.248
Trial 394 finished with value: 0.2481715559838264 and parameters: {'window_influence': 0.25239120913080265, 'penalty_k': 0.029220359700057708, 'scale_lr': 0.6279945938777963}. Best is trial 104 with value: 0.27492820641131904.
checkpoint_e22 window_influence: 0.43692955064731726, penalty_k: 0.46924994775940115, scale_lr: 0.48288608704526748, EAO: 0.246
Trial 395 finished with value: 0.24630521558891466 and parameters: {'window_influence': 0.43692955064731726, 'penalty_k': 0.46924994775940115, 'scale_lr': 0.4828860870452675}. Best is trial 104 with value: 0.27492820641131904.
checkpoint_e22 window_influence: 0.39755003086069929, penalty_k: 0.25010148945230926, scale_lr: 0.32356706830379184, EAO: 0.258
Trial 396 finished with value: 0.2575529207422481 and parameters: {'window_influence': 0.3975500308606993, 'penalty_k': 0.25010148945230926, 'scale_lr': 0.32356706830379184}. Best is trial 104 with value: 0.27492820641131904.
checkpoint_e22 window_influence: 0.41606686842642593, penalty_k: 0.21006788492299952, scale_lr: 0.60013382941474458, EAO: 0.261
Trial 397 finished with value: 0.26140076327856965 and parameters: {'window_influence': 0.41606686842642593, 'penalty_k': 0.21006788492299952, 'scale_lr': 0.6001338294147446}. Best is trial 104 with value: 0.27492820641131904.
checkpoint_e22 window_influence: 0.35771188147382604, penalty_k: 0.14508437075691374, scale_lr: 0.10143383461065246, EAO: 0.256
Trial 398 finished with value: 0.2555545752004879 and parameters: {'window_influence': 0.35771188147382604, 'penalty_k': 0.14508437075691374, 'scale_lr': 0.10143383461065246}. Best is trial 104 with value: 0.27492820641131904.
checkpoint_e22 window_influence: 0.38835848925273697, penalty_k: 0.44275182954982362, scale_lr: 0.20172563315671480, EAO: 0.237
Trial 399 finished with value: 0.23710046569264032 and parameters: {'window_influence': 0.38835848925273697, 'penalty_k': 0.4427518295498236, 'scale_lr': 0.2017256331567148}. Best is trial 104 with value: 0.27492820641131904.
checkpoint_e22 window_influence: 0.37411946242487332, penalty_k: 0.22200156560978276, scale_lr: 0.28264233180809750, EAO: 0.243
Trial 400 finished with value: 0.24324685583511987 and parameters: {'window_influence': 0.3741194624248733, 'penalty_k': 0.22200156560978276, 'scale_lr': 0.2826423318080975}. Best is trial 104 with value: 0.27492820641131904.
checkpoint_e22 window_influence: 0.45257060314863190, penalty_k: 0.18164555130858645, scale_lr: 0.58909109980913343, EAO: 0.251
Trial 401 finished with value: 0.2506651925604518 and parameters: {'window_influence': 0.4525706031486319, 'penalty_k': 0.18164555130858645, 'scale_lr': 0.5890910998091334}. Best is trial 104 with value: 0.27492820641131904.
checkpoint_e22 window_influence: 0.46852423050487657, penalty_k: 0.20492554514397104, scale_lr: 0.15068881283305316, EAO: 0.250
Trial 402 finished with value: 0.24955255089978862 and parameters: {'window_influence': 0.46852423050487657, 'penalty_k': 0.20492554514397104, 'scale_lr': 0.15068881283305316}. Best is trial 104 with value: 0.27492820641131904.
checkpoint_e22 window_influence: 0.34920931622406903, penalty_k: 0.19128254266420455, scale_lr: 0.16920199346798168, EAO: 0.251
Trial 403 finished with value: 0.2513048598557953 and parameters: {'window_influence': 0.34920931622406903, 'penalty_k': 0.19128254266420455, 'scale_lr': 0.16920199346798168}. Best is trial 104 with value: 0.27492820641131904.
checkpoint_e22 window_influence: 0.40901719745275089, penalty_k: 0.09574684562953156, scale_lr: 0.55534887461468851, EAO: 0.262
Trial 404 finished with value: 0.26245727129583435 and parameters: {'window_influence': 0.4090171974527509, 'penalty_k': 0.09574684562953156, 'scale_lr': 0.5553488746146885}. Best is trial 104 with value: 0.27492820641131904.
checkpoint_e22 window_influence: 0.39784679084987051, penalty_k: 0.06960696521699103, scale_lr: 0.51670398474897117, EAO: 0.254
Trial 405 finished with value: 0.25441204308252025 and parameters: {'window_influence': 0.3978467908498705, 'penalty_k': 0.06960696521699103, 'scale_lr': 0.5167039847489712}. Best is trial 104 with value: 0.27492820641131904.
checkpoint_e22 window_influence: 0.50635390501171929, penalty_k: 0.34140420334685395, scale_lr: 0.11742821649770809, EAO: 0.234
Trial 406 finished with value: 0.23352648747888038 and parameters: {'window_influence': 0.5063539050117193, 'penalty_k': 0.34140420334685395, 'scale_lr': 0.11742821649770809}. Best is trial 104 with value: 0.27492820641131904.
checkpoint_e22 window_influence: 0.22396477990082375, penalty_k: 0.24100290046721368, scale_lr: 0.13849645646160827, EAO: 0.239
Trial 407 finished with value: 0.23879924846616218 and parameters: {'window_influence': 0.22396477990082375, 'penalty_k': 0.24100290046721368, 'scale_lr': 0.13849645646160827}. Best is trial 104 with value: 0.27492820641131904.
checkpoint_e22 window_influence: 0.38340208818493182, penalty_k: 0.16016606563490302, scale_lr: 0.57094027922831847, EAO: 0.251
Trial 408 finished with value: 0.2507232038107345 and parameters: {'window_influence': 0.3834020881849318, 'penalty_k': 0.16016606563490302, 'scale_lr': 0.5709402792283185}. Best is trial 104 with value: 0.27492820641131904.
checkpoint_e22 window_influence: 0.36530750143736945, penalty_k: 0.36272076567646361, scale_lr: 0.70950882324148090, EAO: 0.262
Trial 409 finished with value: 0.2616221202098257 and parameters: {'window_influence': 0.36530750143736945, 'penalty_k': 0.3627207656764636, 'scale_lr': 0.7095088232414809}. Best is trial 104 with value: 0.27492820641131904.
checkpoint_e22 window_influence: 0.42852280384601532, penalty_k: 0.22516624061224200, scale_lr: 0.43718508180505400, EAO: 0.250
Trial 410 finished with value: 0.2503200626470209 and parameters: {'window_influence': 0.4285228038460153, 'penalty_k': 0.225166240612242, 'scale_lr': 0.437185081805054}. Best is trial 104 with value: 0.27492820641131904.
checkpoint_e22 window_influence: 0.48823701934339719, penalty_k: 0.17328075479434554, scale_lr: 0.15675956364697755, EAO: 0.241
Trial 411 finished with value: 0.24067512560423795 and parameters: {'window_influence': 0.4882370193433972, 'penalty_k': 0.17328075479434554, 'scale_lr': 0.15675956364697755}. Best is trial 104 with value: 0.27492820641131904.
checkpoint_e22 window_influence: 0.33848178445633975, penalty_k: 0.39349543867552711, scale_lr: 0.29348654652313022, EAO: 0.247
Trial 412 finished with value: 0.24681378343725593 and parameters: {'window_influence': 0.33848178445633975, 'penalty_k': 0.3934954386755271, 'scale_lr': 0.2934865465231302}. Best is trial 104 with value: 0.27492820641131904.
checkpoint_e22 window_influence: 0.26562517696818067, penalty_k: 0.41597914222276794, scale_lr: 0.34896007889815411, EAO: 0.249
Trial 413 finished with value: 0.24866437657577237 and parameters: {'window_influence': 0.26562517696818067, 'penalty_k': 0.41597914222276794, 'scale_lr': 0.3489600788981541}. Best is trial 104 with value: 0.27492820641131904.
checkpoint_e22 window_influence: 0.37445246693339246, penalty_k: 0.20161373901642338, scale_lr: 0.40040449172090053, EAO: 0.250
Trial 414 finished with value: 0.2498930335287156 and parameters: {'window_influence': 0.37445246693339246, 'penalty_k': 0.20161373901642338, 'scale_lr': 0.40040449172090053}. Best is trial 104 with value: 0.27492820641131904.
checkpoint_e22 window_influence: 0.39136884117200149, penalty_k: 0.25759536003253902, scale_lr: 0.12990873884101786, EAO: 0.254
Trial 415 finished with value: 0.25385436009827667 and parameters: {'window_influence': 0.3913688411720015, 'penalty_k': 0.257595360032539, 'scale_lr': 0.12990873884101786}. Best is trial 104 with value: 0.27492820641131904.
checkpoint_e22 window_influence: 0.42106096794366571, penalty_k: 0.21557623140335627, scale_lr: 0.16838990354928685, EAO: 0.249
Trial 416 finished with value: 0.24856690947360138 and parameters: {'window_influence': 0.4210609679436657, 'penalty_k': 0.21557623140335627, 'scale_lr': 0.16838990354928685}. Best is trial 104 with value: 0.27492820641131904.
checkpoint_e22 window_influence: 0.32423069546380523, penalty_k: 0.18962547942355623, scale_lr: 0.14620778331454545, EAO: 0.261
Trial 417 finished with value: 0.26148631611490636 and parameters: {'window_influence': 0.32423069546380523, 'penalty_k': 0.18962547942355623, 'scale_lr': 0.14620778331454545}. Best is trial 104 with value: 0.27492820641131904.
checkpoint_e22 window_influence: 0.35922740715042151, penalty_k: 0.30757157297432952, scale_lr: 0.25267282081176301, EAO: 0.256
Trial 418 finished with value: 0.2560598186966849 and parameters: {'window_influence': 0.3592274071504215, 'penalty_k': 0.3075715729743295, 'scale_lr': 0.252672820811763}. Best is trial 104 with value: 0.27492820641131904.
checkpoint_e22 window_influence: 0.40407920291023774, penalty_k: 0.33043999019822212, scale_lr: 0.54995862994063316, EAO: 0.257
Trial 419 finished with value: 0.2569138600331981 and parameters: {'window_influence': 0.40407920291023774, 'penalty_k': 0.3304399901982221, 'scale_lr': 0.5499586299406332}. Best is trial 104 with value: 0.27492820641131904.
checkpoint_e22 window_influence: 0.38294741139052041, penalty_k: 0.23314974095583099, scale_lr: 0.45834374920035043, EAO: 0.251
Trial 420 finished with value: 0.25120902673258044 and parameters: {'window_influence': 0.3829474113905204, 'penalty_k': 0.233149740955831, 'scale_lr': 0.4583437492003504}. Best is trial 104 with value: 0.27492820641131904.
checkpoint_e22 window_influence: 0.55027247110990862, penalty_k: 0.20939429217137503, scale_lr: 0.73527335947843264, EAO: 0.222
Trial 421 finished with value: 0.22209989503631747 and parameters: {'window_influence': 0.5502724711099086, 'penalty_k': 0.20939429217137503, 'scale_lr': 0.7352733594784326}. Best is trial 104 with value: 0.27492820641131904.
checkpoint_e22 window_influence: 0.36999516438088292, penalty_k: 0.27195066011189128, scale_lr: 0.47798836761578012, EAO: 0.253
Trial 422 finished with value: 0.2528283019981733 and parameters: {'window_influence': 0.3699951643808829, 'penalty_k': 0.2719506601118913, 'scale_lr': 0.4779883676157801}. Best is trial 104 with value: 0.27492820641131904.
checkpoint_e22 window_influence: 0.55902246924266075, penalty_k: 0.17604455424299406, scale_lr: 0.19373043880223259, EAO: 0.239
Trial 423 finished with value: 0.23869990557432175 and parameters: {'window_influence': 0.5590224692426607, 'penalty_k': 0.17604455424299406, 'scale_lr': 0.1937304388022326}. Best is trial 104 with value: 0.27492820641131904.
checkpoint_e22 window_influence: 0.35054773128526384, penalty_k: 0.21913655909696358, scale_lr: 0.11750701932155429, EAO: 0.257
Trial 424 finished with value: 0.2566061331852665 and parameters: {'window_influence': 0.35054773128526384, 'penalty_k': 0.21913655909696358, 'scale_lr': 0.11750701932155429}. Best is trial 104 with value: 0.27492820641131904.
checkpoint_e22 window_influence: 0.18844831583057500, penalty_k: 0.19627836729107562, scale_lr: 0.22790188105708792, EAO: 0.256
Trial 425 finished with value: 0.25649001667412313 and parameters: {'window_influence': 0.188448315830575, 'penalty_k': 0.19627836729107562, 'scale_lr': 0.22790188105708792}. Best is trial 104 with value: 0.27492820641131904.
checkpoint_e22 window_influence: 0.41437529026501413, penalty_k: 0.15593583650476378, scale_lr: 0.38576456384979652, EAO: 0.260
Trial 426 finished with value: 0.25951111141016814 and parameters: {'window_influence': 0.41437529026501413, 'penalty_k': 0.15593583650476378, 'scale_lr': 0.3857645638497965}. Best is trial 104 with value: 0.27492820641131904.
checkpoint_e22 window_influence: 0.39681497463783333, penalty_k: 0.51898393245901830, scale_lr: 0.32817968450317891, EAO: 0.246
Trial 427 finished with value: 0.24556354300035693 and parameters: {'window_influence': 0.39681497463783333, 'penalty_k': 0.5189839324590183, 'scale_lr': 0.3281796845031789}. Best is trial 104 with value: 0.27492820641131904.
checkpoint_e22 window_influence: 0.38271521856969953, penalty_k: 0.23321650768160002, scale_lr: 0.14722905530214564, EAO: 0.259
Trial 428 finished with value: 0.259460801152679 and parameters: {'window_influence': 0.38271521856969953, 'penalty_k': 0.23321650768160002, 'scale_lr': 0.14722905530214564}. Best is trial 104 with value: 0.27492820641131904.
checkpoint_e22 window_influence: 0.36311469258449652, penalty_k: 0.45178115972177912, scale_lr: 0.27277371401892458, EAO: 0.248
Trial 429 finished with value: 0.24754030911660777 and parameters: {'window_influence': 0.3631146925844965, 'penalty_k': 0.4517811597217791, 'scale_lr': 0.2727737140189246}. Best is trial 104 with value: 0.27492820641131904.
checkpoint_e22 window_influence: 0.37396647677368350, penalty_k: 0.20520015717074599, scale_lr: 0.52601536766565815, EAO: 0.238
Trial 430 finished with value: 0.2381253089240896 and parameters: {'window_influence': 0.3739664767736835, 'penalty_k': 0.205200157170746, 'scale_lr': 0.5260153676656582}. Best is trial 104 with value: 0.27492820641131904.
checkpoint_e22 window_influence: 0.33496552385845746, penalty_k: 0.42928051762198771, scale_lr: 0.60146257656893332, EAO: 0.246
Trial 431 finished with value: 0.2462285959381398 and parameters: {'window_influence': 0.33496552385845746, 'penalty_k': 0.4292805176219877, 'scale_lr': 0.6014625765689333}. Best is trial 104 with value: 0.27492820641131904.
checkpoint_e22 window_influence: 0.31225686165637945, penalty_k: 0.46154360332153871, scale_lr: 0.17348551668821718, EAO: 0.261
Trial 432 finished with value: 0.26087366359505226 and parameters: {'window_influence': 0.31225686165637945, 'penalty_k': 0.4615436033215387, 'scale_lr': 0.17348551668821718}. Best is trial 104 with value: 0.27492820641131904.
checkpoint_e22 window_influence: 0.44473590595539281, penalty_k: 0.29655347457674047, scale_lr: 0.42297188212815956, EAO: 0.245
Trial 433 finished with value: 0.24540182015275566 and parameters: {'window_influence': 0.4447359059553928, 'penalty_k': 0.2965534745767405, 'scale_lr': 0.42297188212815956}. Best is trial 104 with value: 0.27492820641131904.
checkpoint_e22 window_influence: 0.40221250426769845, penalty_k: 0.56563275838714466, scale_lr: 0.63679678507786053, EAO: 0.259
