Trial 1787 finished with value: 0.2606526439994331 and parameters: {'window_influence': 0.33262818857908766, 'penalty_k': 0.06646879163604541, 'scale_lr': 0.32048476912316637}. Best is trial 1552 with value: 0.2873222411163454.
checkpoint_e22 window_influence: 0.11997246897421748, penalty_k: 0.45353358205826988, scale_lr: 0.41919231217381975, EAO: 0.220
Trial 1788 finished with value: 0.22027964241863265 and parameters: {'window_influence': 0.11997246897421748, 'penalty_k': 0.4535335820582699, 'scale_lr': 0.41919231217381975}. Best is trial 1552 with value: 0.2873222411163454.
checkpoint_e22 window_influence: 0.09697949250819654, penalty_k: 0.04231845634781930, scale_lr: 0.38085538184686796, EAO: 0.249
Trial 1789 finished with value: 0.24900427072997985 and parameters: {'window_influence': 0.09697949250819654, 'penalty_k': 0.0423184563478193, 'scale_lr': 0.38085538184686796}. Best is trial 1552 with value: 0.2873222411163454.
checkpoint_e22 window_influence: 0.47062967476736739, penalty_k: 0.11175138079861356, scale_lr: 0.26978090622802836, EAO: 0.238
Trial 1790 finished with value: 0.23765089829278185 and parameters: {'window_influence': 0.4706296747673674, 'penalty_k': 0.11175138079861356, 'scale_lr': 0.26978090622802836}. Best is trial 1552 with value: 0.2873222411163454.
checkpoint_e22 window_influence: 0.35480431977396809, penalty_k: 0.02256906915783152, scale_lr: 0.29265411470182856, EAO: 0.249
Trial 1791 finished with value: 0.24875597334731886 and parameters: {'window_influence': 0.3548043197739681, 'penalty_k': 0.022569069157831516, 'scale_lr': 0.29265411470182856}. Best is trial 1552 with value: 0.2873222411163454.
checkpoint_e22 window_influence: 0.38369377748974326, penalty_k: 0.05481631560906219, scale_lr: 0.34880139473811361, EAO: 0.262
Trial 1792 finished with value: 0.2624056468891904 and parameters: {'window_influence': 0.38369377748974326, 'penalty_k': 0.05481631560906219, 'scale_lr': 0.3488013947381136}. Best is trial 1552 with value: 0.2873222411163454.
checkpoint_e22 window_influence: 0.37016998739834872, penalty_k: 0.56492174240151538, scale_lr: 0.39788363001302779, EAO: 0.264
Trial 1793 finished with value: 0.26398572277247423 and parameters: {'window_influence': 0.3701699873983487, 'penalty_k': 0.5649217424015154, 'scale_lr': 0.3978836300130278}. Best is trial 1552 with value: 0.2873222411163454.
checkpoint_e22 window_influence: 0.33865892571434630, penalty_k: 0.03174726075509085, scale_lr: 0.40711852770159496, EAO: 0.263
Trial 1794 finished with value: 0.26285550767570975 and parameters: {'window_influence': 0.3386589257143463, 'penalty_k': 0.03174726075509085, 'scale_lr': 0.40711852770159496}. Best is trial 1552 with value: 0.2873222411163454.
checkpoint_e22 window_influence: 0.35950064316890051, penalty_k: 0.08212484435759625, scale_lr: 0.36546788799213181, EAO: 0.269
Trial 1795 finished with value: 0.26850176463282205 and parameters: {'window_influence': 0.3595006431689005, 'penalty_k': 0.08212484435759625, 'scale_lr': 0.3654678879921318}. Best is trial 1552 with value: 0.2873222411163454.
checkpoint_e22 window_influence: 0.23986038200541610, penalty_k: 0.01186766999712066, scale_lr: 0.31003521989000576, EAO: 0.248
Trial 1796 finished with value: 0.2476438080997971 and parameters: {'window_influence': 0.2398603820054161, 'penalty_k': 0.011867669997120661, 'scale_lr': 0.31003521989000576}. Best is trial 1552 with value: 0.2873222411163454.
checkpoint_e22 window_influence: 0.34609578291434689, penalty_k: 0.44324109039989257, scale_lr: 0.20933153379557465, EAO: 0.244
Trial 1797 finished with value: 0.24432385609886512 and parameters: {'window_influence': 0.3460957829143469, 'penalty_k': 0.44324109039989257, 'scale_lr': 0.20933153379557465}. Best is trial 1552 with value: 0.2873222411163454.
checkpoint_e22 window_influence: 0.38269381777803813, penalty_k: 0.04246818574056090, scale_lr: 0.24907902379016619, EAO: 0.267
Trial 1798 finished with value: 0.26744343794700576 and parameters: {'window_influence': 0.3826938177780381, 'penalty_k': 0.042468185740560896, 'scale_lr': 0.2490790237901662}. Best is trial 1552 with value: 0.2873222411163454.
checkpoint_e22 window_influence: 0.32343225714852769, penalty_k: 0.07232535827995791, scale_lr: 0.38466514251562861, EAO: 0.253
Trial 1799 finished with value: 0.2527041481883545 and parameters: {'window_influence': 0.3234322571485277, 'penalty_k': 0.07232535827995791, 'scale_lr': 0.3846651425156286}. Best is trial 1552 with value: 0.2873222411163454.
checkpoint_e22 window_influence: 0.52483409143643178, penalty_k: 0.09833719903962196, scale_lr: 0.41904985647192239, EAO: 0.244
Trial 1800 finished with value: 0.24415866043267212 and parameters: {'window_influence': 0.5248340914364318, 'penalty_k': 0.09833719903962196, 'scale_lr': 0.4190498564719224}. Best is trial 1552 with value: 0.2873222411163454.
checkpoint_e22 window_influence: 0.05473961426048918, penalty_k: 0.05713869886460277, scale_lr: 0.35272887304820438, EAO: 0.242
Trial 1801 finished with value: 0.24152358179169942 and parameters: {'window_influence': 0.05473961426048918, 'penalty_k': 0.057138698864602766, 'scale_lr': 0.3527288730482044}. Best is trial 1552 with value: 0.2873222411163454.
checkpoint_e22 window_influence: 0.37002991729686285, penalty_k: 0.11903089637166642, scale_lr: 0.22736611260648379, EAO: 0.241
Trial 1802 finished with value: 0.2411566273710592 and parameters: {'window_influence': 0.37002991729686285, 'penalty_k': 0.11903089637166642, 'scale_lr': 0.2273661126064838}. Best is trial 1552 with value: 0.2873222411163454.
checkpoint_e22 window_influence: 0.46181637552501947, penalty_k: 0.02406027922823881, scale_lr: 0.26899280140646070, EAO: 0.247
Trial 1803 finished with value: 0.2470919131869223 and parameters: {'window_influence': 0.4618163755250195, 'penalty_k': 0.02406027922823881, 'scale_lr': 0.2689928014064607}. Best is trial 1552 with value: 0.2873222411163454.
checkpoint_e22 window_influence: 0.21824943139939626, penalty_k: 0.03486293603850474, scale_lr: 0.33568551743520719, EAO: 0.244
Trial 1804 finished with value: 0.24434747292501172 and parameters: {'window_influence': 0.21824943139939626, 'penalty_k': 0.03486293603850474, 'scale_lr': 0.3356855174352072}. Best is trial 1552 with value: 0.2873222411163454.
checkpoint_e22 window_influence: 0.35517377917001175, penalty_k: 0.05011764001254819, scale_lr: 0.37123135244280614, EAO: 0.273
Trial 1805 finished with value: 0.27327998146051313 and parameters: {'window_influence': 0.35517377917001175, 'penalty_k': 0.05011764001254819, 'scale_lr': 0.37123135244280614}. Best is trial 1552 with value: 0.2873222411163454.
checkpoint_e22 window_influence: 0.64772658826308382, penalty_k: 0.01407614988441118, scale_lr: 0.43019647312740544, EAO: 0.206
Trial 1806 finished with value: 0.20623900075026644 and parameters: {'window_influence': 0.6477265882630838, 'penalty_k': 0.014076149884411176, 'scale_lr': 0.43019647312740544}. Best is trial 1552 with value: 0.2873222411163454.
checkpoint_e22 window_influence: 0.24704680494503617, penalty_k: 0.53672084885687199, scale_lr: 0.39934347287726812, EAO: 0.257
Trial 1807 finished with value: 0.25684507942296625 and parameters: {'window_influence': 0.24704680494503617, 'penalty_k': 0.536720848856872, 'scale_lr': 0.3993434728772681}. Best is trial 1552 with value: 0.2873222411163454.
checkpoint_e22 window_influence: 0.53699776726240378, penalty_k: 0.06480573000738934, scale_lr: 0.32743075445671205, EAO: 0.237
Trial 1808 finished with value: 0.23693979876797375 and parameters: {'window_influence': 0.5369977672624038, 'penalty_k': 0.06480573000738934, 'scale_lr': 0.32743075445671205}. Best is trial 1552 with value: 0.2873222411163454.
checkpoint_e22 window_influence: 0.52258640266126632, penalty_k: 0.02991128212370624, scale_lr: 0.29980172269525196, EAO: 0.242
Trial 1809 finished with value: 0.24183965759064124 and parameters: {'window_influence': 0.5225864026612663, 'penalty_k': 0.029911282123706244, 'scale_lr': 0.29980172269525196}. Best is trial 1552 with value: 0.2873222411163454.
checkpoint_e22 window_influence: 0.31116403497887291, penalty_k: 0.13813201121760080, scale_lr: 0.38268966842935631, EAO: 0.243
Trial 1810 finished with value: 0.24338833793876616 and parameters: {'window_influence': 0.3111640349788729, 'penalty_k': 0.1381320112176008, 'scale_lr': 0.3826896684293563}. Best is trial 1552 with value: 0.2873222411163454.
checkpoint_e22 window_influence: 0.33635289120949158, penalty_k: 0.54119016545691412, scale_lr: 0.36292187151415894, EAO: 0.249
Trial 1811 finished with value: 0.24869847570250675 and parameters: {'window_influence': 0.3363528912094916, 'penalty_k': 0.5411901654569141, 'scale_lr': 0.36292187151415894}. Best is trial 1552 with value: 0.2873222411163454.
checkpoint_e22 window_influence: 0.58513792045937363, penalty_k: 0.04334315862842375, scale_lr: 0.41312952885379761, EAO: 0.233
Trial 1812 finished with value: 0.2327592305051602 and parameters: {'window_influence': 0.5851379204593736, 'penalty_k': 0.04334315862842375, 'scale_lr': 0.4131295288537976}. Best is trial 1552 with value: 0.2873222411163454.
checkpoint_e22 window_influence: 0.37287095190305125, penalty_k: 0.08982301149117720, scale_lr: 0.39478296368104854, EAO: 0.248
Trial 1813 finished with value: 0.24818059414382873 and parameters: {'window_influence': 0.37287095190305125, 'penalty_k': 0.0898230114911772, 'scale_lr': 0.39478296368104854}. Best is trial 1552 with value: 0.2873222411163454.
checkpoint_e22 window_influence: 0.34900610973276147, penalty_k: 0.01881365088909384, scale_lr: 0.37332801343182853, EAO: 0.259
Trial 1814 finished with value: 0.25940832943935704 and parameters: {'window_influence': 0.34900610973276147, 'penalty_k': 0.01881365088909384, 'scale_lr': 0.37332801343182853}. Best is trial 1552 with value: 0.2873222411163454.
checkpoint_e22 window_influence: 0.36159810692984301, penalty_k: 0.33658611688753964, scale_lr: 0.34400460687948359, EAO: 0.257
Trial 1815 finished with value: 0.2568582700398879 and parameters: {'window_influence': 0.361598106929843, 'penalty_k': 0.33658611688753964, 'scale_lr': 0.3440046068794836}. Best is trial 1552 with value: 0.2873222411163454.
checkpoint_e22 window_influence: 0.38548336652297782, penalty_k: 0.05826910113596948, scale_lr: 0.77280611882796646, EAO: 0.243
Trial 1816 finished with value: 0.24285043951699403 and parameters: {'window_influence': 0.3854833665229778, 'penalty_k': 0.058269101135969475, 'scale_lr': 0.7728061188279665}. Best is trial 1552 with value: 0.2873222411163454.
checkpoint_e22 window_influence: 0.08596726838705915, penalty_k: 0.03654753705579242, scale_lr: 0.42840859768811934, EAO: 0.247
Trial 1817 finished with value: 0.2474457095187854 and parameters: {'window_influence': 0.08596726838705915, 'penalty_k': 0.03654753705579242, 'scale_lr': 0.42840859768811934}. Best is trial 1552 with value: 0.2873222411163454.
checkpoint_e22 window_influence: 0.22054035730838337, penalty_k: 0.37556415950254302, scale_lr: 0.35805313828939112, EAO: 0.237
Trial 1818 finished with value: 0.2367662976427776 and parameters: {'window_influence': 0.22054035730838337, 'penalty_k': 0.375564159502543, 'scale_lr': 0.3580531382893911}. Best is trial 1552 with value: 0.2873222411163454.
checkpoint_e22 window_influence: 0.46172612672518482, penalty_k: 0.04612033808543462, scale_lr: 0.23904770326501346, EAO: 0.238
Trial 1819 finished with value: 0.2382688172222153 and parameters: {'window_influence': 0.4617261267251848, 'penalty_k': 0.04612033808543462, 'scale_lr': 0.23904770326501346}. Best is trial 1552 with value: 0.2873222411163454.
checkpoint_e22 window_influence: 0.33178294208162479, penalty_k: 0.02324564325104396, scale_lr: 0.19523984413073225, EAO: 0.256
Trial 1820 finished with value: 0.2563391576210658 and parameters: {'window_influence': 0.3317829420816248, 'penalty_k': 0.023245643251043956, 'scale_lr': 0.19523984413073225}. Best is trial 1552 with value: 0.2873222411163454.
checkpoint_e22 window_influence: 0.17943430474676036, penalty_k: 0.07231375300953211, scale_lr: 0.22052602711277100, EAO: 0.243
Trial 1821 finished with value: 0.24307283734887597 and parameters: {'window_influence': 0.17943430474676036, 'penalty_k': 0.0723137530095321, 'scale_lr': 0.220526027112771}. Best is trial 1552 with value: 0.2873222411163454.
checkpoint_e22 window_influence: 0.34558918037446784, penalty_k: 0.45625917278896849, scale_lr: 0.38810801957366836, EAO: 0.252
Trial 1822 finished with value: 0.2519776311710598 and parameters: {'window_influence': 0.34558918037446784, 'penalty_k': 0.4562591727889685, 'scale_lr': 0.38810801957366836}. Best is trial 1552 with value: 0.2873222411163454.
checkpoint_e22 window_influence: 0.55789027630764165, penalty_k: 0.49812254114255161, scale_lr: 0.40795206334419748, EAO: 0.217
Trial 1823 finished with value: 0.21703516068012735 and parameters: {'window_influence': 0.5578902763076417, 'penalty_k': 0.4981225411425516, 'scale_lr': 0.4079520633441975}. Best is trial 1552 with value: 0.2873222411163454.
checkpoint_e22 window_influence: 0.36188832210042643, penalty_k: 0.00145749565493248, scale_lr: 0.37708905077636029, EAO: 0.255
Trial 1824 finished with value: 0.25500953881963484 and parameters: {'window_influence': 0.36188832210042643, 'penalty_k': 0.0014574956549324794, 'scale_lr': 0.3770890507763603}. Best is trial 1552 with value: 0.2873222411163454.
checkpoint_e22 window_influence: 0.32218207031333668, penalty_k: 0.03250241507413651, scale_lr: 0.33301810364772222, EAO: 0.268
Trial 1825 finished with value: 0.26789225020059726 and parameters: {'window_influence': 0.3221820703133367, 'penalty_k': 0.03250241507413651, 'scale_lr': 0.3330181036477222}. Best is trial 1552 with value: 0.2873222411163454.
checkpoint_e22 window_influence: 0.37717948266284868, penalty_k: 0.13104639825779466, scale_lr: 0.26365606930213215, EAO: 0.240
Trial 1826 finished with value: 0.23969954815579625 and parameters: {'window_influence': 0.3771794826628487, 'penalty_k': 0.13104639825779466, 'scale_lr': 0.26365606930213215}. Best is trial 1552 with value: 0.2873222411163454.
checkpoint_e22 window_influence: 0.60926655278401665, penalty_k: 0.48428490612681474, scale_lr: 0.39997635678511295, EAO: 0.198
Trial 1827 finished with value: 0.19829973905551723 and parameters: {'window_influence': 0.6092665527840166, 'penalty_k': 0.48428490612681474, 'scale_lr': 0.39997635678511295}. Best is trial 1552 with value: 0.2873222411163454.
checkpoint_e22 window_influence: 0.34790280050736738, penalty_k: 0.36012327929520921, scale_lr: 0.28525801351757074, EAO: 0.259
Trial 1828 finished with value: 0.2588284442700991 and parameters: {'window_influence': 0.3479028005073674, 'penalty_k': 0.3601232792952092, 'scale_lr': 0.28525801351757074}. Best is trial 1552 with value: 0.2873222411163454.
checkpoint_e22 window_influence: 0.36715625215333508, penalty_k: 0.05391498586582285, scale_lr: 0.36112856164601731, EAO: 0.272
Trial 1829 finished with value: 0.27231208465205947 and parameters: {'window_influence': 0.3671562521533351, 'penalty_k': 0.05391498586582285, 'scale_lr': 0.3611285616460173}. Best is trial 1552 with value: 0.2873222411163454.
checkpoint_e22 window_influence: 0.10534065564625836, penalty_k: 0.01565689961692984, scale_lr: 0.44056758589220224, EAO: 0.254
Trial 1830 finished with value: 0.2537541452462111 and parameters: {'window_influence': 0.10534065564625836, 'penalty_k': 0.015656899616929842, 'scale_lr': 0.44056758589220224}. Best is trial 1552 with value: 0.2873222411163454.
checkpoint_e22 window_influence: 0.33085845124634999, penalty_k: 0.41519563654992137, scale_lr: 0.38646917928919067, EAO: 0.255
Trial 1831 finished with value: 0.25480625408936325 and parameters: {'window_influence': 0.33085845124635, 'penalty_k': 0.41519563654992137, 'scale_lr': 0.38646917928919067}. Best is trial 1552 with value: 0.2873222411163454.
checkpoint_e22 window_influence: 0.15417974631859840, penalty_k: 0.12480652451445795, scale_lr: 0.42309600481510440, EAO: 0.245
Trial 1832 finished with value: 0.24479206415211283 and parameters: {'window_influence': 0.1541797463185984, 'penalty_k': 0.12480652451445795, 'scale_lr': 0.4230960048151044}. Best is trial 1552 with value: 0.2873222411163454.
checkpoint_e22 window_influence: 0.35587931285063801, penalty_k: 0.04350845340098046, scale_lr: 0.31385340532172901, EAO: 0.278
Trial 1833 finished with value: 0.2778064833908546 and parameters: {'window_influence': 0.355879312850638, 'penalty_k': 0.04350845340098046, 'scale_lr': 0.313853405321729}. Best is trial 1552 with value: 0.2873222411163454.
checkpoint_e22 window_influence: 0.48237194227434321, penalty_k: 0.08505840881182888, scale_lr: 0.33264212166560508, EAO: 0.264
Trial 1834 finished with value: 0.26409623366061263 and parameters: {'window_influence': 0.4823719422743432, 'penalty_k': 0.08505840881182888, 'scale_lr': 0.3326421216656051}. Best is trial 1552 with value: 0.2873222411163454.
checkpoint_e22 window_influence: 0.34313137310065789, penalty_k: 0.06810542493176575, scale_lr: 0.34573214250028744, EAO: 0.260
Trial 1835 finished with value: 0.2600668436143456 and parameters: {'window_influence': 0.3431313731006579, 'penalty_k': 0.06810542493176575, 'scale_lr': 0.34573214250028744}. Best is trial 1552 with value: 0.2873222411163454.
checkpoint_e22 window_influence: 0.35094995784787031, penalty_k: 0.04736858290704134, scale_lr: 0.34884517673414861, EAO: 0.263
Trial 1836 finished with value: 0.26259867580440954 and parameters: {'window_influence': 0.3509499578478703, 'penalty_k': 0.04736858290704134, 'scale_lr': 0.3488451767341486}. Best is trial 1552 with value: 0.2873222411163454.
checkpoint_e22 window_influence: 0.20455638099760787, penalty_k: 0.09290958954796745, scale_lr: 0.32828854319552536, EAO: 0.254
Trial 1837 finished with value: 0.2538527496219651 and parameters: {'window_influence': 0.20455638099760787, 'penalty_k': 0.09290958954796745, 'scale_lr': 0.32828854319552536}. Best is trial 1552 with value: 0.2873222411163454.
checkpoint_e22 window_influence: 0.33725332208472747, penalty_k: 0.07759186610859381, scale_lr: 0.35803680773753088, EAO: 0.247
Trial 1838 finished with value: 0.2469031139602506 and parameters: {'window_influence': 0.33725332208472747, 'penalty_k': 0.07759186610859381, 'scale_lr': 0.3580368077375309}. Best is trial 1552 with value: 0.2873222411163454.
checkpoint_e22 window_influence: 0.35610541209152369, penalty_k: 0.05887889271311030, scale_lr: 0.30817763751368488, EAO: 0.255
Trial 1839 finished with value: 0.25492104239822405 and parameters: {'window_influence': 0.3561054120915237, 'penalty_k': 0.0588788927131103, 'scale_lr': 0.3081776375136849}. Best is trial 1552 with value: 0.2873222411163454.
checkpoint_e22 window_influence: 0.51854044606109062, penalty_k: 0.03687668374272031, scale_lr: 0.37071076858382229, EAO: 0.240
Trial 1840 finished with value: 0.23978580885786352 and parameters: {'window_influence': 0.5185404460610906, 'penalty_k': 0.03687668374272031, 'scale_lr': 0.3707107685838223}. Best is trial 1552 with value: 0.2873222411163454.
checkpoint_e22 window_influence: 0.16527455980124903, penalty_k: 0.04712555582247963, scale_lr: 0.31897837061257461, EAO: 0.244
Trial 1841 finished with value: 0.24443069918126595 and parameters: {'window_influence': 0.16527455980124903, 'penalty_k': 0.04712555582247963, 'scale_lr': 0.3189783706125746}. Best is trial 1552 with value: 0.2873222411163454.
checkpoint_e22 window_influence: 0.60617025265294555, penalty_k: 0.02952998839513221, scale_lr: 0.33864513068535446, EAO: 0.217
Trial 1842 finished with value: 0.21687442330810114 and parameters: {'window_influence': 0.6061702526529456, 'penalty_k': 0.029529988395132212, 'scale_lr': 0.33864513068535446}. Best is trial 1552 with value: 0.2873222411163454.
checkpoint_e22 window_influence: 0.32143173142335535, penalty_k: 0.10892599629656906, scale_lr: 0.34917962610644282, EAO: 0.251
Trial 1843 finished with value: 0.25143257552773 and parameters: {'window_influence': 0.32143173142335535, 'penalty_k': 0.10892599629656906, 'scale_lr': 0.3491796261064428}. Best is trial 1552 with value: 0.2873222411163454.
checkpoint_e22 window_influence: 0.19011211716055759, penalty_k: 0.06253316531406600, scale_lr: 0.20613605323208634, EAO: 0.247
Trial 1844 finished with value: 0.246507175509038 and parameters: {'window_influence': 0.1901121171605576, 'penalty_k': 0.062533165314066, 'scale_lr': 0.20613605323208634}. Best is trial 1552 with value: 0.2873222411163454.
checkpoint_e22 window_influence: 0.10641153463883790, penalty_k: 0.04137958011158131, scale_lr: 0.36803883810467286, EAO: 0.247
Trial 1845 finished with value: 0.24654723346475663 and parameters: {'window_influence': 0.1064115346388379, 'penalty_k': 0.041379580111581306, 'scale_lr': 0.36803883810467286}. Best is trial 1552 with value: 0.2873222411163454.
checkpoint_e22 window_influence: 0.35884258145771503, penalty_k: 0.31725512940691997, scale_lr: 0.31579555367547119, EAO: 0.255
Trial 1846 finished with value: 0.2554586760518027 and parameters: {'window_influence': 0.358842581457715, 'penalty_k': 0.31725512940691997, 'scale_lr': 0.3157955536754712}. Best is trial 1552 with value: 0.2873222411163454.
checkpoint_e22 window_influence: 0.30934894084446679, penalty_k: 0.07427167921743404, scale_lr: 0.30212962139732552, EAO: 0.259
Trial 1847 finished with value: 0.25926967564879394 and parameters: {'window_influence': 0.3093489408444668, 'penalty_k': 0.07427167921743404, 'scale_lr': 0.3021296213973255}. Best is trial 1552 with value: 0.2873222411163454.
checkpoint_e22 window_influence: 0.33992528541793743, penalty_k: 0.10935431873326362, scale_lr: 0.28076351230496632, EAO: 0.238
