Trial 982 finished with value: 0.2785726752344186 and parameters: {'window_influence': 0.4303666692389755, 'penalty_k': 0.14529085362183036, 'scale_lr': 0.12913768403409126}. Best is trial 977 with value: 0.2897923603896203.
checkpoint_e32 window_influence: 0.43516332035835215, penalty_k: 0.15829338263688988, scale_lr: 0.15923993100503037, EAO: 0.258
Trial 983 finished with value: 0.2583419906535769 and parameters: {'window_influence': 0.43516332035835215, 'penalty_k': 0.15829338263688988, 'scale_lr': 0.15923993100503037}. Best is trial 977 with value: 0.2897923603896203.
checkpoint_e32 window_influence: 0.43363209080506282, penalty_k: 0.14656910282581642, scale_lr: 0.12393956911393927, EAO: 0.275
Trial 984 finished with value: 0.2753730680399794 and parameters: {'window_influence': 0.4336320908050628, 'penalty_k': 0.14656910282581642, 'scale_lr': 0.12393956911393927}. Best is trial 977 with value: 0.2897923603896203.
checkpoint_e32 window_influence: 0.42482431270582582, penalty_k: 0.13879775176756179, scale_lr: 0.14273303540230065, EAO: 0.277
Trial 985 finished with value: 0.27729511721347405 and parameters: {'window_influence': 0.4248243127058258, 'penalty_k': 0.1387977517675618, 'scale_lr': 0.14273303540230065}. Best is trial 977 with value: 0.2897923603896203.
checkpoint_e32 window_influence: 0.41088639840908558, penalty_k: 0.12307490359249927, scale_lr: 0.12325063183727444, EAO: 0.275
Trial 986 finished with value: 0.27544376060245485 and parameters: {'window_influence': 0.4108863984090856, 'penalty_k': 0.12307490359249927, 'scale_lr': 0.12325063183727444}. Best is trial 977 with value: 0.2897923603896203.
checkpoint_e32 window_influence: 0.43129965121371305, penalty_k: 0.15356166452091388, scale_lr: 0.13520516141216565, EAO: 0.268
Trial 987 finished with value: 0.26768880440452236 and parameters: {'window_influence': 0.43129965121371305, 'penalty_k': 0.15356166452091388, 'scale_lr': 0.13520516141216565}. Best is trial 977 with value: 0.2897923603896203.
checkpoint_e32 window_influence: 0.40610379575174871, penalty_k: 0.16880873021346574, scale_lr: 0.12035505279936493, EAO: 0.273
Trial 988 finished with value: 0.2726733300501738 and parameters: {'window_influence': 0.4061037957517487, 'penalty_k': 0.16880873021346574, 'scale_lr': 0.12035505279936493}. Best is trial 977 with value: 0.2897923603896203.
checkpoint_e32 window_influence: 0.39361579650855161, penalty_k: 0.13739769193657236, scale_lr: 0.14983387435398321, EAO: 0.273
Trial 989 finished with value: 0.27270970875170175 and parameters: {'window_influence': 0.3936157965085516, 'penalty_k': 0.13739769193657236, 'scale_lr': 0.1498338743539832}. Best is trial 977 with value: 0.2897923603896203.
checkpoint_e32 window_influence: 0.44386713875486711, penalty_k: 0.19260786399709096, scale_lr: 0.17146922633946363, EAO: 0.271
Trial 990 finished with value: 0.27127661325824937 and parameters: {'window_influence': 0.4438671387548671, 'penalty_k': 0.19260786399709096, 'scale_lr': 0.17146922633946363}. Best is trial 977 with value: 0.2897923603896203.
checkpoint_e32 window_influence: 0.40413173521780599, penalty_k: 0.12034747060907687, scale_lr: 0.13329272627848188, EAO: 0.285
Trial 991 finished with value: 0.2853972753737031 and parameters: {'window_influence': 0.404131735217806, 'penalty_k': 0.12034747060907687, 'scale_lr': 0.13329272627848188}. Best is trial 977 with value: 0.2897923603896203.
checkpoint_e32 window_influence: 0.40345697308172340, penalty_k: 0.12253644364757720, scale_lr: 0.14879989330449025, EAO: 0.271
Trial 992 finished with value: 0.2709421823179819 and parameters: {'window_influence': 0.4034569730817234, 'penalty_k': 0.1225364436475772, 'scale_lr': 0.14879989330449025}. Best is trial 977 with value: 0.2897923603896203.
checkpoint_e32 window_influence: 0.42229985663583636, penalty_k: 0.11641548088241654, scale_lr: 0.15975180564501226, EAO: 0.275
Trial 993 finished with value: 0.27483160054780603 and parameters: {'window_influence': 0.42229985663583636, 'penalty_k': 0.11641548088241654, 'scale_lr': 0.15975180564501226}. Best is trial 977 with value: 0.2897923603896203.
checkpoint_e32 window_influence: 0.40852978736112927, penalty_k: 0.15295109713578967, scale_lr: 0.13536974303354937, EAO: 0.274
Trial 994 finished with value: 0.2738224997874198 and parameters: {'window_influence': 0.40852978736112927, 'penalty_k': 0.15295109713578967, 'scale_lr': 0.13536974303354937}. Best is trial 977 with value: 0.2897923603896203.
checkpoint_e32 window_influence: 0.39248980255497457, penalty_k: 0.13510656774614394, scale_lr: 0.13186612864144664, EAO: 0.272
Trial 995 finished with value: 0.2723280382834799 and parameters: {'window_influence': 0.39248980255497457, 'penalty_k': 0.13510656774614394, 'scale_lr': 0.13186612864144664}. Best is trial 977 with value: 0.2897923603896203.
checkpoint_e32 window_influence: 0.38419385137856282, penalty_k: 0.11683202052974052, scale_lr: 0.12010568920504719, EAO: 0.281
Trial 996 finished with value: 0.2808443951170619 and parameters: {'window_influence': 0.3841938513785628, 'penalty_k': 0.11683202052974052, 'scale_lr': 0.12010568920504719}. Best is trial 977 with value: 0.2897923603896203.
checkpoint_e32 window_influence: 0.38040634614613972, penalty_k: 0.11748595958403253, scale_lr: 0.17877074439938911, EAO: 0.266
Trial 997 finished with value: 0.265797311334106 and parameters: {'window_influence': 0.3804063461461397, 'penalty_k': 0.11748595958403253, 'scale_lr': 0.17877074439938911}. Best is trial 977 with value: 0.2897923603896203.
checkpoint_e32 window_influence: 0.38406115289742637, penalty_k: 0.14434560034391017, scale_lr: 0.14448653337949624, EAO: 0.276
Trial 998 finished with value: 0.2755577622996113 and parameters: {'window_influence': 0.38406115289742637, 'penalty_k': 0.14434560034391017, 'scale_lr': 0.14448653337949624}. Best is trial 977 with value: 0.2897923603896203.
checkpoint_e32 window_influence: 0.39758042110769010, penalty_k: 0.12773854627407905, scale_lr: 0.15867372601150426, EAO: 0.273
Trial 999 finished with value: 0.27321139420193385 and parameters: {'window_influence': 0.3975804211076901, 'penalty_k': 0.12773854627407905, 'scale_lr': 0.15867372601150426}. Best is trial 977 with value: 0.2897923603896203.
checkpoint_e32 window_influence: 0.41014235115086922, penalty_k: 0.15822452186075375, scale_lr: 0.12496471930286873, EAO: 0.278
Trial 1000 finished with value: 0.27791544213527586 and parameters: {'window_influence': 0.4101423511508692, 'penalty_k': 0.15822452186075375, 'scale_lr': 0.12496471930286873}. Best is trial 977 with value: 0.2897923603896203.
checkpoint_e32 window_influence: 0.10957012441962449, penalty_k: 0.13712954911228686, scale_lr: 0.13554378372007864, EAO: 0.236
Trial 1001 finished with value: 0.23615168646826007 and parameters: {'window_influence': 0.10957012441962449, 'penalty_k': 0.13712954911228686, 'scale_lr': 0.13554378372007864}. Best is trial 977 with value: 0.2897923603896203.
checkpoint_e32 window_influence: 0.38650586890310679, penalty_k: 0.16966300096224821, scale_lr: 0.11707586379160245, EAO: 0.279
Trial 1002 finished with value: 0.27906569868810777 and parameters: {'window_influence': 0.3865058689031068, 'penalty_k': 0.1696630009622482, 'scale_lr': 0.11707586379160245}. Best is trial 977 with value: 0.2897923603896203.
checkpoint_e32 window_influence: 0.42690300290234717, penalty_k: 0.11727703105942357, scale_lr: 0.14179535415315406, EAO: 0.271
Trial 1003 finished with value: 0.27143598420590886 and parameters: {'window_influence': 0.4269030029023472, 'penalty_k': 0.11727703105942357, 'scale_lr': 0.14179535415315406}. Best is trial 977 with value: 0.2897923603896203.
checkpoint_e32 window_influence: 0.37650229068707336, penalty_k: 0.59580342534402653, scale_lr: 0.16922507041176357, EAO: 0.244
Trial 1004 finished with value: 0.24408442581572184 and parameters: {'window_influence': 0.37650229068707336, 'penalty_k': 0.5958034253440265, 'scale_lr': 0.16922507041176357}. Best is trial 977 with value: 0.2897923603896203.
checkpoint_e32 window_influence: 0.40068903961419766, penalty_k: 0.13187068405160315, scale_lr: 0.12119447683088450, EAO: 0.278
Trial 1005 finished with value: 0.2784543740070932 and parameters: {'window_influence': 0.40068903961419766, 'penalty_k': 0.13187068405160315, 'scale_lr': 0.1211944768308845}. Best is trial 977 with value: 0.2897923603896203.
checkpoint_e32 window_influence: 0.41480062215618285, penalty_k: 0.14480087838225905, scale_lr: 0.19928731644407277, EAO: 0.267
Trial 1006 finished with value: 0.2673098907116952 and parameters: {'window_influence': 0.41480062215618285, 'penalty_k': 0.14480087838225905, 'scale_lr': 0.19928731644407277}. Best is trial 977 with value: 0.2897923603896203.
checkpoint_e32 window_influence: 0.44164777112060316, penalty_k: 0.11577433193474387, scale_lr: 0.15407941705798767, EAO: 0.262
Trial 1007 finished with value: 0.2623653510600571 and parameters: {'window_influence': 0.44164777112060316, 'penalty_k': 0.11577433193474387, 'scale_lr': 0.15407941705798767}. Best is trial 977 with value: 0.2897923603896203.
checkpoint_e32 window_influence: 0.38843585130450770, penalty_k: 0.15243160923310994, scale_lr: 0.11299035140682237, EAO: 0.264
Trial 1008 finished with value: 0.2642834758370872 and parameters: {'window_influence': 0.3884358513045077, 'penalty_k': 0.15243160923310994, 'scale_lr': 0.11299035140682237}. Best is trial 977 with value: 0.2897923603896203.
checkpoint_e32 window_influence: 0.41869949154841474, penalty_k: 0.12460142537399824, scale_lr: 0.13190110473702144, EAO: 0.283
Trial 1009 finished with value: 0.2829494808868664 and parameters: {'window_influence': 0.41869949154841474, 'penalty_k': 0.12460142537399824, 'scale_lr': 0.13190110473702144}. Best is trial 977 with value: 0.2897923603896203.
checkpoint_e32 window_influence: 0.42612531245808039, penalty_k: 0.12743109778391593, scale_lr: 0.14425894496186786, EAO: 0.277
Trial 1010 finished with value: 0.27677147054090734 and parameters: {'window_influence': 0.4261253124580804, 'penalty_k': 0.12743109778391593, 'scale_lr': 0.14425894496186786}. Best is trial 977 with value: 0.2897923603896203.
checkpoint_e32 window_influence: 0.41429914875680557, penalty_k: 0.14003403510003107, scale_lr: 0.13276539508253224, EAO: 0.282
Trial 1011 finished with value: 0.2822221575713739 and parameters: {'window_influence': 0.41429914875680557, 'penalty_k': 0.14003403510003107, 'scale_lr': 0.13276539508253224}. Best is trial 977 with value: 0.2897923603896203.
checkpoint_e32 window_influence: 0.43390969000315932, penalty_k: 0.12670520378447489, scale_lr: 0.16829983153792391, EAO: 0.268
Trial 1012 finished with value: 0.2683578252307768 and parameters: {'window_influence': 0.4339096900031593, 'penalty_k': 0.1267052037844749, 'scale_lr': 0.1682998315379239}. Best is trial 977 with value: 0.2897923603896203.
checkpoint_e32 window_influence: 0.41891506352221458, penalty_k: 0.13393714019417174, scale_lr: 0.15235689921944559, EAO: 0.276
Trial 1013 finished with value: 0.2762901818122321 and parameters: {'window_influence': 0.4189150635222146, 'penalty_k': 0.13393714019417174, 'scale_lr': 0.1523568992194456}. Best is trial 977 with value: 0.2897923603896203.
checkpoint_e32 window_influence: 0.41254817621398127, penalty_k: 0.14336974416042911, scale_lr: 0.13615270509619823, EAO: 0.269
Trial 1014 finished with value: 0.26884410378894186 and parameters: {'window_influence': 0.41254817621398127, 'penalty_k': 0.1433697441604291, 'scale_lr': 0.13615270509619823}. Best is trial 977 with value: 0.2897923603896203.
checkpoint_e32 window_influence: 0.43951968674802577, penalty_k: 0.11548469474011122, scale_lr: 0.18916412000064681, EAO: 0.267
Trial 1015 finished with value: 0.26744426453743525 and parameters: {'window_influence': 0.4395196867480258, 'penalty_k': 0.11548469474011122, 'scale_lr': 0.1891641200006468}. Best is trial 977 with value: 0.2897923603896203.
checkpoint_e32 window_influence: 0.42646462610619768, penalty_k: 0.14115285847750414, scale_lr: 0.15809999614387873, EAO: 0.269
Trial 1016 finished with value: 0.2690448101337363 and parameters: {'window_influence': 0.4264646261061977, 'penalty_k': 0.14115285847750414, 'scale_lr': 0.15809999614387873}. Best is trial 977 with value: 0.2897923603896203.
checkpoint_e32 window_influence: 0.40895137014791988, penalty_k: 0.12624354499668697, scale_lr: 0.13369543050993149, EAO: 0.272
Trial 1017 finished with value: 0.2719876443346341 and parameters: {'window_influence': 0.4089513701479199, 'penalty_k': 0.12624354499668697, 'scale_lr': 0.1336954305099315}. Best is trial 977 with value: 0.2897923603896203.
checkpoint_e32 window_influence: 0.41873241098539860, penalty_k: 0.11325957686323332, scale_lr: 0.14374841514708836, EAO: 0.273
Trial 1018 finished with value: 0.27326372732234194 and parameters: {'window_influence': 0.4187324109853986, 'penalty_k': 0.11325957686323332, 'scale_lr': 0.14374841514708836}. Best is trial 977 with value: 0.2897923603896203.
checkpoint_e32 window_influence: 0.40191721321044627, penalty_k: 0.15529161033043565, scale_lr: 0.12729346655149820, EAO: 0.288
Trial 1019 finished with value: 0.28771503663402265 and parameters: {'window_influence': 0.40191721321044627, 'penalty_k': 0.15529161033043565, 'scale_lr': 0.1272934665514982}. Best is trial 977 with value: 0.2897923603896203.
checkpoint_e32 window_influence: 0.40372547611096121, penalty_k: 0.14179272804290097, scale_lr: 0.16370542077648081, EAO: 0.269
Trial 1020 finished with value: 0.26859050001797635 and parameters: {'window_influence': 0.4037254761109612, 'penalty_k': 0.14179272804290097, 'scale_lr': 0.16370542077648081}. Best is trial 977 with value: 0.2897923603896203.
checkpoint_e32 window_influence: 0.40029841058259363, penalty_k: 0.13108690134778730, scale_lr: 0.14796973760448151, EAO: 0.271
Trial 1021 finished with value: 0.2714144706847222 and parameters: {'window_influence': 0.40029841058259363, 'penalty_k': 0.1310869013477873, 'scale_lr': 0.1479697376044815}. Best is trial 977 with value: 0.2897923603896203.
checkpoint_e32 window_influence: 0.43347636120570754, penalty_k: 0.11709996386696379, scale_lr: 0.12983336976293158, EAO: 0.275
Trial 1022 finished with value: 0.2750868473838015 and parameters: {'window_influence': 0.43347636120570754, 'penalty_k': 0.1170999638669638, 'scale_lr': 0.12983336976293158}. Best is trial 977 with value: 0.2897923603896203.
checkpoint_e32 window_influence: 0.41845597106487115, penalty_k: 0.15800930395387713, scale_lr: 0.18125693437320067, EAO: 0.270
Trial 1023 finished with value: 0.2697170968583929 and parameters: {'window_influence': 0.41845597106487115, 'penalty_k': 0.15800930395387713, 'scale_lr': 0.18125693437320067}. Best is trial 977 with value: 0.2897923603896203.
checkpoint_e32 window_influence: 0.40389402621471121, penalty_k: 0.14668066076681188, scale_lr: 0.12790779474770222, EAO: 0.281
Trial 1024 finished with value: 0.2812560699819549 and parameters: {'window_influence': 0.4038940262147112, 'penalty_k': 0.14668066076681188, 'scale_lr': 0.12790779474770222}. Best is trial 977 with value: 0.2897923603896203.
checkpoint_e32 window_influence: 0.40274793306760032, penalty_k: 0.15049549968323381, scale_lr: 0.26370101670185914, EAO: 0.261
Trial 1025 finished with value: 0.26145026972138785 and parameters: {'window_influence': 0.4027479330676003, 'penalty_k': 0.1504954996832338, 'scale_lr': 0.26370101670185914}. Best is trial 977 with value: 0.2897923603896203.
checkpoint_e32 window_influence: 0.41270223303865516, penalty_k: 0.14251743894181099, scale_lr: 0.15863778281855268, EAO: 0.275
Trial 1026 finished with value: 0.275190349819699 and parameters: {'window_influence': 0.41270223303865516, 'penalty_k': 0.142517438941811, 'scale_lr': 0.15863778281855268}. Best is trial 977 with value: 0.2897923603896203.
checkpoint_e32 window_influence: 0.39881705412235757, penalty_k: 0.16258880798845302, scale_lr: 0.14135415086766537, EAO: 0.273
Trial 1027 finished with value: 0.273092463430835 and parameters: {'window_influence': 0.3988170541223576, 'penalty_k': 0.16258880798845302, 'scale_lr': 0.14135415086766537}. Best is trial 977 with value: 0.2897923603896203.
checkpoint_e32 window_influence: 0.42434982674239730, penalty_k: 0.13219395910432616, scale_lr: 0.13111227977566345, EAO: 0.281
Trial 1028 finished with value: 0.2812541643899631 and parameters: {'window_influence': 0.4243498267423973, 'penalty_k': 0.13219395910432616, 'scale_lr': 0.13111227977566345}. Best is trial 977 with value: 0.2897923603896203.
checkpoint_e32 window_influence: 0.42886334837319484, penalty_k: 0.13160832709971346, scale_lr: 0.17435498648787148, EAO: 0.280
Trial 1029 finished with value: 0.2798274249686458 and parameters: {'window_influence': 0.42886334837319484, 'penalty_k': 0.13160832709971346, 'scale_lr': 0.17435498648787148}. Best is trial 977 with value: 0.2897923603896203.
checkpoint_e32 window_influence: 0.44370339221895599, penalty_k: 0.13812954826458906, scale_lr: 0.15250737328724168, EAO: 0.267
Trial 1030 finished with value: 0.2667838640935053 and parameters: {'window_influence': 0.443703392218956, 'penalty_k': 0.13812954826458906, 'scale_lr': 0.15250737328724168}. Best is trial 977 with value: 0.2897923603896203.
checkpoint_e32 window_influence: 0.42182384749871826, penalty_k: 0.15197279349468698, scale_lr: 0.13762189477389680, EAO: 0.283
Trial 1031 finished with value: 0.28275661382491024 and parameters: {'window_influence': 0.42182384749871826, 'penalty_k': 0.15197279349468698, 'scale_lr': 0.1376218947738968}. Best is trial 977 with value: 0.2897923603896203.
checkpoint_e32 window_influence: 0.42877033260978559, penalty_k: 0.15367416352665231, scale_lr: 0.16561637531083387, EAO: 0.286
Trial 1032 finished with value: 0.2861735427646133 and parameters: {'window_influence': 0.4287703326097856, 'penalty_k': 0.1536741635266523, 'scale_lr': 0.16561637531083387}. Best is trial 977 with value: 0.2897923603896203.
checkpoint_e32 window_influence: 0.43706196050725249, penalty_k: 0.15445101373261758, scale_lr: 0.17036440658453739, EAO: 0.272
Trial 1033 finished with value: 0.27167152389278254 and parameters: {'window_influence': 0.4370619605072525, 'penalty_k': 0.15445101373261758, 'scale_lr': 0.1703644065845374}. Best is trial 977 with value: 0.2897923603896203.
checkpoint_e32 window_influence: 0.42480408407638154, penalty_k: 0.17192258913520608, scale_lr: 0.15943116543929634, EAO: 0.287
Trial 1034 finished with value: 0.28736517923634225 and parameters: {'window_influence': 0.42480408407638154, 'penalty_k': 0.17192258913520608, 'scale_lr': 0.15943116543929634}. Best is trial 977 with value: 0.2897923603896203.
checkpoint_e32 window_influence: 0.42276401859160340, penalty_k: 0.16993679417693816, scale_lr: 0.18477181108792495, EAO: 0.278
Trial 1035 finished with value: 0.27815404703946617 and parameters: {'window_influence': 0.4227640185916034, 'penalty_k': 0.16993679417693816, 'scale_lr': 0.18477181108792495}. Best is trial 977 with value: 0.2897923603896203.
checkpoint_e32 window_influence: 0.42493520060269696, penalty_k: 0.18181760994110702, scale_lr: 0.17331792489150361, EAO: 0.280
Trial 1036 finished with value: 0.2798238202202611 and parameters: {'window_influence': 0.42493520060269696, 'penalty_k': 0.18181760994110702, 'scale_lr': 0.1733179248915036}. Best is trial 977 with value: 0.2897923603896203.
checkpoint_e32 window_influence: 0.41656947000755862, penalty_k: 0.16626277859304245, scale_lr: 0.16492560956969526, EAO: 0.280
Trial 1037 finished with value: 0.28047811421679286 and parameters: {'window_influence': 0.4165694700075586, 'penalty_k': 0.16626277859304245, 'scale_lr': 0.16492560956969526}. Best is trial 977 with value: 0.2897923603896203.
checkpoint_e32 window_influence: 0.44645299353428908, penalty_k: 0.18203087161049794, scale_lr: 0.19649351672541013, EAO: 0.262
Trial 1038 finished with value: 0.26182866823382495 and parameters: {'window_influence': 0.4464529935342891, 'penalty_k': 0.18203087161049794, 'scale_lr': 0.19649351672541013}. Best is trial 977 with value: 0.2897923603896203.
checkpoint_e32 window_influence: 0.41231414032433239, penalty_k: 0.16033644513641029, scale_lr: 0.15668549937903087, EAO: 0.277
Trial 1039 finished with value: 0.2773257887096909 and parameters: {'window_influence': 0.4123141403243324, 'penalty_k': 0.1603364451364103, 'scale_lr': 0.15668549937903087}. Best is trial 977 with value: 0.2897923603896203.
checkpoint_e32 window_influence: 0.42825268843137115, penalty_k: 0.17436169836083798, scale_lr: 0.15272071225695469, EAO: 0.265
Trial 1040 finished with value: 0.2654516212945062 and parameters: {'window_influence': 0.42825268843137115, 'penalty_k': 0.17436169836083798, 'scale_lr': 0.1527207122569547}. Best is trial 977 with value: 0.2897923603896203.
checkpoint_e32 window_influence: 0.40156635397712054, penalty_k: 0.19628223087359231, scale_lr: 0.18558978116228561, EAO: 0.259
Trial 1041 finished with value: 0.25850563175309965 and parameters: {'window_influence': 0.40156635397712054, 'penalty_k': 0.1962822308735923, 'scale_lr': 0.1855897811622856}. Best is trial 977 with value: 0.2897923603896203.
checkpoint_e32 window_influence: 0.39131769872096805, penalty_k: 0.15250888324179840, scale_lr: 0.36539338928430842, EAO: 0.270
Trial 1042 finished with value: 0.2702033746290982 and parameters: {'window_influence': 0.39131769872096805, 'penalty_k': 0.1525088832417984, 'scale_lr': 0.3653933892843084}. Best is trial 977 with value: 0.2897923603896203.
checkpoint_e32 window_influence: 0.42267950536684434, penalty_k: 0.16235207986003758, scale_lr: 0.16292588069947389, EAO: 0.279
Trial 1043 finished with value: 0.27854562920283493 and parameters: {'window_influence': 0.42267950536684434, 'penalty_k': 0.16235207986003758, 'scale_lr': 0.1629258806994739}. Best is trial 977 with value: 0.2897923603896203.
checkpoint_e32 window_influence: 0.41212357757945622, penalty_k: 0.14572741972279385, scale_lr: 0.30039987621163144, EAO: 0.266
