Trial 496 finished with value: 0.2653146719302588 and parameters: {'window_influence': 0.3328247962630068, 'penalty_k': 0.17467712352058318, 'scale_lr': 0.5362004943321854}. Best is trial 492 with value: 0.2888057565664857.
checkpoint_e39 window_influence: 0.30356360503571950, penalty_k: 0.28726663650830142, scale_lr: 0.55473700556765504, EAO: 0.273
Trial 497 finished with value: 0.272809130026073 and parameters: {'window_influence': 0.3035636050357195, 'penalty_k': 0.2872666365083014, 'scale_lr': 0.554737005567655}. Best is trial 492 with value: 0.2888057565664857.
checkpoint_e39 window_influence: 0.36460805080716524, penalty_k: 0.04029786873380820, scale_lr: 0.58044129048952009, EAO: 0.265
Trial 498 finished with value: 0.26480487158628013 and parameters: {'window_influence': 0.36460805080716524, 'penalty_k': 0.040297868733808195, 'scale_lr': 0.5804412904895201}. Best is trial 492 with value: 0.2888057565664857.
checkpoint_e39 window_influence: 0.31327988177774069, penalty_k: 0.35447209585407008, scale_lr: 0.55550379933071170, EAO: 0.265
Trial 499 finished with value: 0.2654974387307477 and parameters: {'window_influence': 0.3132798817777407, 'penalty_k': 0.3544720958540701, 'scale_lr': 0.5555037993307117}. Best is trial 492 with value: 0.2888057565664857.
checkpoint_e39 window_influence: 0.32327183480606247, penalty_k: 0.18998953405224980, scale_lr: 0.54176171965973063, EAO: 0.264
Trial 500 finished with value: 0.26436275964587685 and parameters: {'window_influence': 0.3232718348060625, 'penalty_k': 0.1899895340522498, 'scale_lr': 0.5417617196597306}. Best is trial 492 with value: 0.2888057565664857.
checkpoint_e39 window_influence: 0.29860234962006732, penalty_k: 0.48572935643236970, scale_lr: 0.51333009451399825, EAO: 0.258
Trial 501 finished with value: 0.25847100393801203 and parameters: {'window_influence': 0.2986023496200673, 'penalty_k': 0.4857293564323697, 'scale_lr': 0.5133300945139982}. Best is trial 492 with value: 0.2888057565664857.
checkpoint_e39 window_influence: 0.34842384674167476, penalty_k: 0.00610530368978901, scale_lr: 0.56619067671232659, EAO: 0.256
Trial 502 finished with value: 0.2563434535168051 and parameters: {'window_influence': 0.34842384674167476, 'penalty_k': 0.00610530368978901, 'scale_lr': 0.5661906767123266}. Best is trial 492 with value: 0.2888057565664857.
checkpoint_e39 window_influence: 0.31088141748333936, penalty_k: 0.20472637555580650, scale_lr: 0.59143179316582550, EAO: 0.267
Trial 503 finished with value: 0.2674828935565987 and parameters: {'window_influence': 0.31088141748333936, 'penalty_k': 0.2047263755558065, 'scale_lr': 0.5914317931658255}. Best is trial 492 with value: 0.2888057565664857.
checkpoint_e39 window_influence: 0.33537940050262544, penalty_k: 0.05396431565473153, scale_lr: 0.52248939988062304, EAO: 0.259
Trial 504 finished with value: 0.2591003945203331 and parameters: {'window_influence': 0.33537940050262544, 'penalty_k': 0.05396431565473153, 'scale_lr': 0.522489399880623}. Best is trial 492 with value: 0.2888057565664857.
checkpoint_e39 window_influence: 0.29183303105957936, penalty_k: 0.27452775247424333, scale_lr: 0.60617132740822999, EAO: 0.260
Trial 505 finished with value: 0.25964032791978947 and parameters: {'window_influence': 0.29183303105957936, 'penalty_k': 0.2745277524742433, 'scale_lr': 0.60617132740823}. Best is trial 492 with value: 0.2888057565664857.
checkpoint_e39 window_influence: 0.32187548066910354, penalty_k: 0.14783107649025667, scale_lr: 0.62362860438393564, EAO: 0.281
Trial 506 finished with value: 0.2806768573638869 and parameters: {'window_influence': 0.32187548066910354, 'penalty_k': 0.14783107649025667, 'scale_lr': 0.6236286043839356}. Best is trial 492 with value: 0.2888057565664857.
checkpoint_e39 window_influence: 0.32487163467809771, penalty_k: 0.14406506412636563, scale_lr: 0.50672776214417548, EAO: 0.273
Trial 507 finished with value: 0.2731989238078032 and parameters: {'window_influence': 0.3248716346780977, 'penalty_k': 0.14406506412636563, 'scale_lr': 0.5067277621441755}. Best is trial 492 with value: 0.2888057565664857.
checkpoint_e39 window_influence: 0.34191396739657504, penalty_k: 0.53976458987740061, scale_lr: 0.64610153083264721, EAO: 0.247
Trial 508 finished with value: 0.24727824936068155 and parameters: {'window_influence': 0.34191396739657504, 'penalty_k': 0.5397645898774006, 'scale_lr': 0.6461015308326472}. Best is trial 492 with value: 0.2888057565664857.
checkpoint_e39 window_influence: 0.31195889429644913, penalty_k: 0.10873928308452382, scale_lr: 0.66596317130335247, EAO: 0.277
Trial 509 finished with value: 0.27667773206059526 and parameters: {'window_influence': 0.31195889429644913, 'penalty_k': 0.10873928308452382, 'scale_lr': 0.6659631713033525}. Best is trial 492 with value: 0.2888057565664857.
checkpoint_e39 window_influence: 0.30515880184186051, penalty_k: 0.12727022652180128, scale_lr: 0.57547253529608688, EAO: 0.272
Trial 510 finished with value: 0.27161470491711687 and parameters: {'window_influence': 0.3051588018418605, 'penalty_k': 0.12727022652180128, 'scale_lr': 0.5754725352960869}. Best is trial 492 with value: 0.2888057565664857.
checkpoint_e39 window_influence: 0.31038639794846506, penalty_k: 0.17968857460872625, scale_lr: 0.66625405881527910, EAO: 0.259
Trial 511 finished with value: 0.2590886864478026 and parameters: {'window_influence': 0.31038639794846506, 'penalty_k': 0.17968857460872625, 'scale_lr': 0.6662540588152791}. Best is trial 492 with value: 0.2888057565664857.
checkpoint_e39 window_influence: 0.29604830342630700, penalty_k: 0.06573095268036905, scale_lr: 0.63437622543413519, EAO: 0.262
Trial 512 finished with value: 0.2616348745740526 and parameters: {'window_influence': 0.296048303426307, 'penalty_k': 0.06573095268036905, 'scale_lr': 0.6343762254341352}. Best is trial 492 with value: 0.2888057565664857.
checkpoint_e39 window_influence: 0.53801887410471338, penalty_k: 0.30587179198548642, scale_lr: 0.63723002004322948, EAO: 0.239
Trial 513 finished with value: 0.23907796057259165 and parameters: {'window_influence': 0.5380188741047134, 'penalty_k': 0.3058717919854864, 'scale_lr': 0.6372300200432295}. Best is trial 492 with value: 0.2888057565664857.
checkpoint_e39 window_influence: 0.31280051112173446, penalty_k: 0.11823089307024226, scale_lr: 0.64998773360911954, EAO: 0.274
Trial 514 finished with value: 0.2741230755317502 and parameters: {'window_influence': 0.31280051112173446, 'penalty_k': 0.11823089307024226, 'scale_lr': 0.6499877336091195}. Best is trial 492 with value: 0.2888057565664857.
checkpoint_e39 window_influence: 0.29895430175577503, penalty_k: 0.19969629867679076, scale_lr: 0.52406746054623188, EAO: 0.272
Trial 515 finished with value: 0.27243588749713044 and parameters: {'window_influence': 0.29895430175577503, 'penalty_k': 0.19969629867679076, 'scale_lr': 0.5240674605462319}. Best is trial 492 with value: 0.2888057565664857.
checkpoint_e39 window_influence: 0.33119042410777932, penalty_k: 0.07707205832761363, scale_lr: 0.64636948642673875, EAO: 0.270
Trial 516 finished with value: 0.27027427580783037 and parameters: {'window_influence': 0.3311904241077793, 'penalty_k': 0.07707205832761363, 'scale_lr': 0.6463694864267387}. Best is trial 492 with value: 0.2888057565664857.
checkpoint_e39 window_influence: 0.31987675070177507, penalty_k: 0.32317321470956206, scale_lr: 0.62209655485790094, EAO: 0.270
Trial 517 finished with value: 0.27032517508520343 and parameters: {'window_influence': 0.31987675070177507, 'penalty_k': 0.32317321470956206, 'scale_lr': 0.6220965548579009}. Best is trial 492 with value: 0.2888057565664857.
checkpoint_e39 window_influence: 0.28807971888934930, penalty_k: 0.09463910740261595, scale_lr: 0.68504806189780720, EAO: 0.254
Trial 518 finished with value: 0.25415800154451434 and parameters: {'window_influence': 0.2880797188893493, 'penalty_k': 0.09463910740261595, 'scale_lr': 0.6850480618978072}. Best is trial 492 with value: 0.2888057565664857.
checkpoint_e39 window_influence: 0.35183585365087849, penalty_k: 0.29112994617327592, scale_lr: 0.55339689207742804, EAO: 0.272
Trial 519 finished with value: 0.27216964560311013 and parameters: {'window_influence': 0.3518358536508785, 'penalty_k': 0.2911299461732759, 'scale_lr': 0.553396892077428}. Best is trial 492 with value: 0.2888057565664857.
checkpoint_e39 window_influence: 0.30436602915200106, penalty_k: 0.59550541133977386, scale_lr: 0.61888689199742553, EAO: 0.259
Trial 520 finished with value: 0.2590296320556625 and parameters: {'window_influence': 0.30436602915200106, 'penalty_k': 0.5955054113397739, 'scale_lr': 0.6188868919974255}. Best is trial 492 with value: 0.2888057565664857.
checkpoint_e39 window_influence: 0.31735596156017676, penalty_k: 0.10360572927946500, scale_lr: 0.60565804373652643, EAO: 0.270
Trial 521 finished with value: 0.2699898910837445 and parameters: {'window_influence': 0.31735596156017676, 'penalty_k': 0.103605729279465, 'scale_lr': 0.6056580437365264}. Best is trial 492 with value: 0.2888057565664857.
checkpoint_e39 window_influence: 0.33640226404325080, penalty_k: 0.58466045496892893, scale_lr: 0.50228989316455652, EAO: 0.246
Trial 522 finished with value: 0.24575666604730173 and parameters: {'window_influence': 0.3364022640432508, 'penalty_k': 0.5846604549689289, 'scale_lr': 0.5022898931645565}. Best is trial 492 with value: 0.2888057565664857.
checkpoint_e39 window_influence: 0.41542667794900179, penalty_k: 0.25855800411993302, scale_lr: 0.67495121345215081, EAO: 0.250
Trial 523 finished with value: 0.2497354694377116 and parameters: {'window_influence': 0.4154266779490018, 'penalty_k': 0.258558004119933, 'scale_lr': 0.6749512134521508}. Best is trial 492 with value: 0.2888057565664857.
checkpoint_e39 window_influence: 0.29166876074535364, penalty_k: 0.41778790885902467, scale_lr: 0.59617492599135724, EAO: 0.262
Trial 524 finished with value: 0.2622025768931319 and parameters: {'window_influence': 0.29166876074535364, 'penalty_k': 0.41778790885902467, 'scale_lr': 0.5961749259913572}. Best is trial 492 with value: 0.2888057565664857.
checkpoint_e39 window_influence: 0.30334403874861321, penalty_k: 0.18652183097212810, scale_lr: 0.65176866852291948, EAO: 0.259
Trial 525 finished with value: 0.2585955700738643 and parameters: {'window_influence': 0.3033440387486132, 'penalty_k': 0.1865218309721281, 'scale_lr': 0.6517686685229195}. Best is trial 492 with value: 0.2888057565664857.
checkpoint_e39 window_influence: 0.28363086203978899, penalty_k: 0.14694578332114747, scale_lr: 0.71487918569482822, EAO: 0.269
Trial 526 finished with value: 0.2685768674544203 and parameters: {'window_influence': 0.283630862039789, 'penalty_k': 0.14694578332114747, 'scale_lr': 0.7148791856948282}. Best is trial 492 with value: 0.2888057565664857.
checkpoint_e39 window_influence: 0.37082848130041407, penalty_k: 0.17170449434570079, scale_lr: 0.67282277199673235, EAO: 0.270
Trial 527 finished with value: 0.27029966399437044 and parameters: {'window_influence': 0.37082848130041407, 'penalty_k': 0.1717044943457008, 'scale_lr': 0.6728227719967323}. Best is trial 492 with value: 0.2888057565664857.
checkpoint_e39 window_influence: 0.31878813311968202, penalty_k: 0.31026687264963515, scale_lr: 0.66248847827898161, EAO: 0.265
Trial 528 finished with value: 0.265003560156357 and parameters: {'window_influence': 0.318788133119682, 'penalty_k': 0.31026687264963515, 'scale_lr': 0.6624884782789816}. Best is trial 492 with value: 0.2888057565664857.
checkpoint_e39 window_influence: 0.33088428949233273, penalty_k: 0.11079530064320581, scale_lr: 0.54706484846430636, EAO: 0.287
Trial 529 finished with value: 0.28676769664374796 and parameters: {'window_influence': 0.33088428949233273, 'penalty_k': 0.11079530064320581, 'scale_lr': 0.5470648484643064}. Best is trial 492 with value: 0.2888057565664857.
checkpoint_e39 window_influence: 0.33264900071338155, penalty_k: 0.33615505285185260, scale_lr: 0.53939412724548086, EAO: 0.250
Trial 530 finished with value: 0.2504496263658128 and parameters: {'window_influence': 0.33264900071338155, 'penalty_k': 0.3361550528518526, 'scale_lr': 0.5393941272454809}. Best is trial 492 with value: 0.2888057565664857.
checkpoint_e39 window_influence: 0.34684535004484562, penalty_k: 0.11193147421821326, scale_lr: 0.54263076776952734, EAO: 0.272
Trial 531 finished with value: 0.2719020640583542 and parameters: {'window_influence': 0.3468453500448456, 'penalty_k': 0.11193147421821326, 'scale_lr': 0.5426307677695273}. Best is trial 492 with value: 0.2888057565664857.
checkpoint_e39 window_influence: 0.35861562274087011, penalty_k: 0.08927920003064363, scale_lr: 0.57093128626402490, EAO: 0.267
Trial 532 finished with value: 0.2666051326001563 and parameters: {'window_influence': 0.3586156227408701, 'penalty_k': 0.08927920003064363, 'scale_lr': 0.5709312862640249}. Best is trial 492 with value: 0.2888057565664857.
checkpoint_e39 window_influence: 0.32253128067693276, penalty_k: 0.07622724679695972, scale_lr: 0.58739275020647930, EAO: 0.274
Trial 533 finished with value: 0.2740631835247443 and parameters: {'window_influence': 0.32253128067693276, 'penalty_k': 0.07622724679695972, 'scale_lr': 0.5873927502064793}. Best is trial 492 with value: 0.2888057565664857.
checkpoint_e39 window_influence: 0.64878534948584532, penalty_k: 0.12867822506025289, scale_lr: 0.56124601539924956, EAO: 0.210
Trial 534 finished with value: 0.2098354820192345 and parameters: {'window_influence': 0.6487853494858453, 'penalty_k': 0.1286782250602529, 'scale_lr': 0.5612460153992496}. Best is trial 492 with value: 0.2888057565664857.
checkpoint_e39 window_influence: 0.61611651000429157, penalty_k: 0.10179780223820162, scale_lr: 0.58012083860809505, EAO: 0.217
Trial 535 finished with value: 0.2170528392118167 and parameters: {'window_influence': 0.6161165100042916, 'penalty_k': 0.10179780223820162, 'scale_lr': 0.580120838608095}. Best is trial 492 with value: 0.2888057565664857.
checkpoint_e39 window_influence: 0.39232452203295454, penalty_k: 0.11412126126244326, scale_lr: 0.54372345593130433, EAO: 0.261
Trial 536 finished with value: 0.2605419850082901 and parameters: {'window_influence': 0.39232452203295454, 'penalty_k': 0.11412126126244326, 'scale_lr': 0.5437234559313043}. Best is trial 492 with value: 0.2888057565664857.
checkpoint_e39 window_influence: 0.08262810073824206, penalty_k: 0.13947231238798913, scale_lr: 0.49662989399994306, EAO: 0.243
Trial 537 finished with value: 0.24346663033574578 and parameters: {'window_influence': 0.08262810073824206, 'penalty_k': 0.13947231238798913, 'scale_lr': 0.49662989399994306}. Best is trial 492 with value: 0.2888057565664857.
checkpoint_e39 window_influence: 0.33466837323481458, penalty_k: 0.22893138916216774, scale_lr: 0.52224004104203181, EAO: 0.265
Trial 538 finished with value: 0.26453558694783263 and parameters: {'window_influence': 0.3346683732348146, 'penalty_k': 0.22893138916216774, 'scale_lr': 0.5222400410420318}. Best is trial 492 with value: 0.2888057565664857.
checkpoint_e39 window_influence: 0.30997489982880233, penalty_k: 0.08625461846662304, scale_lr: 0.53300865898836391, EAO: 0.279
Trial 539 finished with value: 0.27889896287181515 and parameters: {'window_influence': 0.30997489982880233, 'penalty_k': 0.08625461846662304, 'scale_lr': 0.5330086589883639}. Best is trial 492 with value: 0.2888057565664857.
checkpoint_e39 window_influence: 0.31396580279559566, penalty_k: 0.06260368157510640, scale_lr: 0.62288988280282886, EAO: 0.271
Trial 540 finished with value: 0.27071066691381174 and parameters: {'window_influence': 0.31396580279559566, 'penalty_k': 0.0626036815751064, 'scale_lr': 0.6228898828028289}. Best is trial 492 with value: 0.2888057565664857.
checkpoint_e39 window_influence: 0.33095501707986957, penalty_k: 0.08537274898338851, scale_lr: 0.54295897426567152, EAO: 0.272
Trial 541 finished with value: 0.2717105450668955 and parameters: {'window_influence': 0.3309550170798696, 'penalty_k': 0.08537274898338851, 'scale_lr': 0.5429589742656715}. Best is trial 492 with value: 0.2888057565664857.
checkpoint_e39 window_influence: 0.34161764470711642, penalty_k: 0.10645307351613296, scale_lr: 0.52912748691686695, EAO: 0.270
Trial 542 finished with value: 0.2698093145722296 and parameters: {'window_influence': 0.3416176447071164, 'penalty_k': 0.10645307351613296, 'scale_lr': 0.529127486916867}. Best is trial 492 with value: 0.2888057565664857.
checkpoint_e39 window_influence: 0.31066273263770788, penalty_k: 0.04462977566858992, scale_lr: 0.56825307001213998, EAO: 0.263
Trial 543 finished with value: 0.26336284296783974 and parameters: {'window_influence': 0.3106627326377079, 'penalty_k': 0.04462977566858992, 'scale_lr': 0.56825307001214}. Best is trial 492 with value: 0.2888057565664857.
checkpoint_e39 window_influence: 0.32045662579002543, penalty_k: 0.09413235511721729, scale_lr: 0.51337046377851137, EAO: 0.271
Trial 544 finished with value: 0.2705755207717903 and parameters: {'window_influence': 0.32045662579002543, 'penalty_k': 0.09413235511721729, 'scale_lr': 0.5133704637785114}. Best is trial 492 with value: 0.2888057565664857.
checkpoint_e39 window_influence: 0.30317390650136805, penalty_k: 0.24137839415119133, scale_lr: 0.62073799319232326, EAO: 0.262
Trial 545 finished with value: 0.26215230994592836 and parameters: {'window_influence': 0.30317390650136805, 'penalty_k': 0.24137839415119133, 'scale_lr': 0.6207379931923233}. Best is trial 492 with value: 0.2888057565664857.
checkpoint_e39 window_influence: 0.34951681499218229, penalty_k: 0.12001151549190395, scale_lr: 0.56027490833167970, EAO: 0.285
Trial 546 finished with value: 0.28503254570854386 and parameters: {'window_influence': 0.3495168149921823, 'penalty_k': 0.12001151549190395, 'scale_lr': 0.5602749083316797}. Best is trial 492 with value: 0.2888057565664857.
checkpoint_e39 window_influence: 0.35789358678421779, penalty_k: 0.11709838564597230, scale_lr: 0.59138503657351993, EAO: 0.265
Trial 547 finished with value: 0.2646398029434002 and parameters: {'window_influence': 0.3578935867842178, 'penalty_k': 0.1170983856459723, 'scale_lr': 0.5913850365735199}. Best is trial 492 with value: 0.2888057565664857.
checkpoint_e39 window_influence: 0.38545210322561813, penalty_k: 0.12900832364117554, scale_lr: 0.56025664605276271, EAO: 0.279
Trial 548 finished with value: 0.27942363524097735 and parameters: {'window_influence': 0.3854521032256181, 'penalty_k': 0.12900832364117554, 'scale_lr': 0.5602566460527627}. Best is trial 492 with value: 0.2888057565664857.
checkpoint_e39 window_influence: 0.40400134092414530, penalty_k: 0.12440021440453682, scale_lr: 0.54418727732549665, EAO: 0.251
Trial 549 finished with value: 0.25132741863892333 and parameters: {'window_influence': 0.4040013409241453, 'penalty_k': 0.12440021440453682, 'scale_lr': 0.5441872773254967}. Best is trial 492 with value: 0.2888057565664857.
checkpoint_e39 window_influence: 0.35792820068261433, penalty_k: 0.10668511316988230, scale_lr: 0.53274573079677545, EAO: 0.270
Trial 550 finished with value: 0.26971911057466413 and parameters: {'window_influence': 0.35792820068261433, 'penalty_k': 0.1066851131698823, 'scale_lr': 0.5327457307967755}. Best is trial 492 with value: 0.2888057565664857.
checkpoint_e39 window_influence: 0.37364487419362435, penalty_k: 0.12841681849878767, scale_lr: 0.55313280775472251, EAO: 0.266
Trial 551 finished with value: 0.2661213397495146 and parameters: {'window_influence': 0.37364487419362435, 'penalty_k': 0.12841681849878767, 'scale_lr': 0.5531328077547225}. Best is trial 492 with value: 0.2888057565664857.
checkpoint_e39 window_influence: 0.35409102076280591, penalty_k: 0.11602944873847718, scale_lr: 0.56050444981114222, EAO: 0.275
Trial 552 finished with value: 0.2746152206649625 and parameters: {'window_influence': 0.3540910207628059, 'penalty_k': 0.11602944873847718, 'scale_lr': 0.5605044498111422}. Best is trial 492 with value: 0.2888057565664857.
checkpoint_e39 window_influence: 0.37300477888518674, penalty_k: 0.13181845251804067, scale_lr: 0.60599734551341655, EAO: 0.269
Trial 553 finished with value: 0.2686085307258901 and parameters: {'window_influence': 0.37300477888518674, 'penalty_k': 0.13181845251804067, 'scale_lr': 0.6059973455134166}. Best is trial 492 with value: 0.2888057565664857.
checkpoint_e39 window_influence: 0.34018611068227117, penalty_k: 0.10404256735860636, scale_lr: 0.57194163175130597, EAO: 0.279
Trial 554 finished with value: 0.2792722896589496 and parameters: {'window_influence': 0.34018611068227117, 'penalty_k': 0.10404256735860636, 'scale_lr': 0.571941631751306}. Best is trial 492 with value: 0.2888057565664857.
checkpoint_e39 window_influence: 0.36681316729432378, penalty_k: 0.13787507906013491, scale_lr: 0.57454907137377609, EAO: 0.268
Trial 555 finished with value: 0.2682231422362289 and parameters: {'window_influence': 0.3668131672943238, 'penalty_k': 0.1378750790601349, 'scale_lr': 0.5745490713737761}. Best is trial 492 with value: 0.2888057565664857.
checkpoint_e39 window_influence: 0.34559167168903027, penalty_k: 0.09631239339413479, scale_lr: 0.55690122677477494, EAO: 0.262
Trial 556 finished with value: 0.2617555666502898 and parameters: {'window_influence': 0.34559167168903027, 'penalty_k': 0.09631239339413479, 'scale_lr': 0.5569012267747749}. Best is trial 492 with value: 0.2888057565664857.
checkpoint_e39 window_influence: 0.39264154478261803, penalty_k: 0.51699830777179323, scale_lr: 0.58445167255842412, EAO: 0.246
Trial 557 finished with value: 0.2462773446023949 and parameters: {'window_influence': 0.39264154478261803, 'penalty_k': 0.5169983077717932, 'scale_lr': 0.5844516725584241}. Best is trial 492 with value: 0.2888057565664857.
checkpoint_e39 window_influence: 0.44516249081292864, penalty_k: 0.47390244763460843, scale_lr: 0.55118756638848798, EAO: 0.243
