Trial 309 finished with value: 0.27653757034520793 and parameters: {'window_influence': 0.3656326394943159, 'penalty_k': 0.12021937959667556, 'scale_lr': 0.3051472908277893}. Best is trial 172 with value: 0.2898540811810067.
checkpoint_e30 window_influence: 0.38723361770616305, penalty_k: 0.10965123368188519, scale_lr: 0.26662230035410794, EAO: 0.280
Trial 310 finished with value: 0.28041469990237944 and parameters: {'window_influence': 0.38723361770616305, 'penalty_k': 0.10965123368188519, 'scale_lr': 0.26662230035410794}. Best is trial 172 with value: 0.2898540811810067.
checkpoint_e30 window_influence: 0.39524885105243374, penalty_k: 0.35094170993655449, scale_lr: 0.27242775437976269, EAO: 0.256
Trial 311 finished with value: 0.25565302111511307 and parameters: {'window_influence': 0.39524885105243374, 'penalty_k': 0.3509417099365545, 'scale_lr': 0.2724277543797627}. Best is trial 172 with value: 0.2898540811810067.
checkpoint_e30 window_influence: 0.36974063904518012, penalty_k: 0.10765105746498672, scale_lr: 0.25567708858769722, EAO: 0.280
Trial 312 finished with value: 0.279935317492582 and parameters: {'window_influence': 0.3697406390451801, 'penalty_k': 0.10765105746498672, 'scale_lr': 0.2556770885876972}. Best is trial 172 with value: 0.2898540811810067.
checkpoint_e30 window_influence: 0.38722452830052917, penalty_k: 0.10573048205024470, scale_lr: 0.23996932207505925, EAO: 0.279
Trial 313 finished with value: 0.2794089724983626 and parameters: {'window_influence': 0.38722452830052917, 'penalty_k': 0.1057304820502447, 'scale_lr': 0.23996932207505925}. Best is trial 172 with value: 0.2898540811810067.
checkpoint_e30 window_influence: 0.39997848693546267, penalty_k: 0.10921011244420310, scale_lr: 0.24475392068317475, EAO: 0.279
Trial 314 finished with value: 0.2786337410410245 and parameters: {'window_influence': 0.3999784869354627, 'penalty_k': 0.1092101124442031, 'scale_lr': 0.24475392068317475}. Best is trial 172 with value: 0.2898540811810067.
checkpoint_e30 window_influence: 0.37717477824129558, penalty_k: 0.09783703603415039, scale_lr: 0.25703539615561471, EAO: 0.280
Trial 315 finished with value: 0.2797078462393303 and parameters: {'window_influence': 0.3771747782412956, 'penalty_k': 0.0978370360341504, 'scale_lr': 0.2570353961556147}. Best is trial 172 with value: 0.2898540811810067.
checkpoint_e30 window_influence: 0.38438181475753541, penalty_k: 0.10327419160437923, scale_lr: 0.23363271182166187, EAO: 0.271
Trial 316 finished with value: 0.27134313331386906 and parameters: {'window_influence': 0.3843818147575354, 'penalty_k': 0.10327419160437923, 'scale_lr': 0.23363271182166187}. Best is trial 172 with value: 0.2898540811810067.
checkpoint_e30 window_influence: 0.41025584704237683, penalty_k: 0.09646791501561014, scale_lr: 0.26210997714167700, EAO: 0.274
Trial 317 finished with value: 0.2740830453794177 and parameters: {'window_influence': 0.41025584704237683, 'penalty_k': 0.09646791501561014, 'scale_lr': 0.262109977141677}. Best is trial 172 with value: 0.2898540811810067.
checkpoint_e30 window_influence: 0.38334259232490875, penalty_k: 0.11166770094629754, scale_lr: 0.25642166494509466, EAO: 0.273
Trial 318 finished with value: 0.2726159473744834 and parameters: {'window_influence': 0.38334259232490875, 'penalty_k': 0.11166770094629754, 'scale_lr': 0.25642166494509466}. Best is trial 172 with value: 0.2898540811810067.
checkpoint_e30 window_influence: 0.38549259215892240, penalty_k: 0.13148067927984861, scale_lr: 0.23627096512522430, EAO: 0.264
Trial 319 finished with value: 0.2637818577449496 and parameters: {'window_influence': 0.3854925921589224, 'penalty_k': 0.1314806792798486, 'scale_lr': 0.2362709651252243}. Best is trial 172 with value: 0.2898540811810067.
checkpoint_e30 window_influence: 0.37489950577976139, penalty_k: 0.09774347660853754, scale_lr: 0.28695058549330882, EAO: 0.279
Trial 320 finished with value: 0.279371219376723 and parameters: {'window_influence': 0.3748995057797614, 'penalty_k': 0.09774347660853754, 'scale_lr': 0.2869505854933088}. Best is trial 172 with value: 0.2898540811810067.
checkpoint_e30 window_influence: 0.40104749832815845, penalty_k: 0.09480952617883462, scale_lr: 0.25194117574966934, EAO: 0.279
Trial 321 finished with value: 0.27943156235586336 and parameters: {'window_influence': 0.40104749832815845, 'penalty_k': 0.09480952617883462, 'scale_lr': 0.25194117574966934}. Best is trial 172 with value: 0.2898540811810067.
checkpoint_e30 window_influence: 0.38798227682277275, penalty_k: 0.10055411850239261, scale_lr: 0.24530080020293268, EAO: 0.277
Trial 322 finished with value: 0.27704397776747136 and parameters: {'window_influence': 0.38798227682277275, 'penalty_k': 0.10055411850239261, 'scale_lr': 0.24530080020293268}. Best is trial 172 with value: 0.2898540811810067.
checkpoint_e30 window_influence: 0.37367112366901001, penalty_k: 0.09356459229355797, scale_lr: 0.24427889506605163, EAO: 0.275
Trial 323 finished with value: 0.2751059208095558 and parameters: {'window_influence': 0.37367112366901, 'penalty_k': 0.09356459229355797, 'scale_lr': 0.24427889506605163}. Best is trial 172 with value: 0.2898540811810067.
checkpoint_e30 window_influence: 0.42088329504785643, penalty_k: 0.11402704333625892, scale_lr: 0.26762830789566938, EAO: 0.273
Trial 324 finished with value: 0.2730065832535426 and parameters: {'window_influence': 0.42088329504785643, 'penalty_k': 0.11402704333625892, 'scale_lr': 0.2676283078956694}. Best is trial 172 with value: 0.2898540811810067.
checkpoint_e30 window_influence: 0.39568433239077289, penalty_k: 0.09564324049769597, scale_lr: 0.25733011663607080, EAO: 0.275
Trial 325 finished with value: 0.2752093978650202 and parameters: {'window_influence': 0.3956843323907729, 'penalty_k': 0.09564324049769597, 'scale_lr': 0.2573301166360708}. Best is trial 172 with value: 0.2898540811810067.
checkpoint_e30 window_influence: 0.37807825147837398, penalty_k: 0.10911855647893480, scale_lr: 0.21708504813052676, EAO: 0.265
Trial 326 finished with value: 0.2648128212346294 and parameters: {'window_influence': 0.378078251478374, 'penalty_k': 0.1091185564789348, 'scale_lr': 0.21708504813052676}. Best is trial 172 with value: 0.2898540811810067.
checkpoint_e30 window_influence: 0.41749944861754018, penalty_k: 0.09188612713191101, scale_lr: 0.27599767066597303, EAO: 0.265
Trial 327 finished with value: 0.2653935704895151 and parameters: {'window_influence': 0.4174994486175402, 'penalty_k': 0.09188612713191101, 'scale_lr': 0.275997670665973}. Best is trial 172 with value: 0.2898540811810067.
checkpoint_e30 window_influence: 0.40413517289456824, penalty_k: 0.12161842475530618, scale_lr: 0.26018412469207175, EAO: 0.271
Trial 328 finished with value: 0.27061451438481243 and parameters: {'window_influence': 0.40413517289456824, 'penalty_k': 0.12161842475530618, 'scale_lr': 0.26018412469207175}. Best is trial 172 with value: 0.2898540811810067.
checkpoint_e30 window_influence: 0.40805972074052405, penalty_k: 0.10382357063158176, scale_lr: 0.21404920969495800, EAO: 0.264
Trial 329 finished with value: 0.2642014030276275 and parameters: {'window_influence': 0.40805972074052405, 'penalty_k': 0.10382357063158176, 'scale_lr': 0.214049209694958}. Best is trial 172 with value: 0.2898540811810067.
checkpoint_e30 window_influence: 0.40726963349368517, penalty_k: 0.08857608115387891, scale_lr: 0.22518913860275747, EAO: 0.268
Trial 330 finished with value: 0.2678466253891224 and parameters: {'window_influence': 0.40726963349368517, 'penalty_k': 0.08857608115387891, 'scale_lr': 0.22518913860275747}. Best is trial 172 with value: 0.2898540811810067.
checkpoint_e30 window_influence: 0.38531438964047288, penalty_k: 0.00050395063131811, scale_lr: 0.28298979837300609, EAO: 0.256
Trial 331 finished with value: 0.2556555148789553 and parameters: {'window_influence': 0.3853143896404729, 'penalty_k': 0.0005039506313181119, 'scale_lr': 0.2829897983730061}. Best is trial 172 with value: 0.2898540811810067.
checkpoint_e30 window_influence: 0.42923368577115883, penalty_k: 0.32722335657528484, scale_lr: 0.24811830536835591, EAO: 0.258
Trial 332 finished with value: 0.2584724935695408 and parameters: {'window_influence': 0.42923368577115883, 'penalty_k': 0.32722335657528484, 'scale_lr': 0.2481183053683559}. Best is trial 172 with value: 0.2898540811810067.
checkpoint_e30 window_influence: 0.36919782541386942, penalty_k: 0.36917807376921280, scale_lr: 0.26246762786994954, EAO: 0.253
Trial 333 finished with value: 0.25296468681436246 and parameters: {'window_influence': 0.3691978254138694, 'penalty_k': 0.3691780737692128, 'scale_lr': 0.26246762786994954}. Best is trial 172 with value: 0.2898540811810067.
checkpoint_e30 window_influence: 0.24926235154738596, penalty_k: 0.13462697493346409, scale_lr: 0.25063329914240401, EAO: 0.265
Trial 334 finished with value: 0.2646863268521743 and parameters: {'window_influence': 0.24926235154738596, 'penalty_k': 0.1346269749334641, 'scale_lr': 0.250633299142404}. Best is trial 172 with value: 0.2898540811810067.
checkpoint_e30 window_influence: 0.14481197370398330, penalty_k: 0.11350732623033408, scale_lr: 0.22763434634192353, EAO: 0.249
Trial 335 finished with value: 0.2486790458603603 and parameters: {'window_influence': 0.1448119737039833, 'penalty_k': 0.11350732623033408, 'scale_lr': 0.22763434634192353}. Best is trial 172 with value: 0.2898540811810067.
checkpoint_e30 window_influence: 0.40039001001890689, penalty_k: 0.08876602406986395, scale_lr: 0.26670995644588569, EAO: 0.273
Trial 336 finished with value: 0.27263912921998557 and parameters: {'window_influence': 0.4003900100189069, 'penalty_k': 0.08876602406986395, 'scale_lr': 0.2667099564458857}. Best is trial 172 with value: 0.2898540811810067.
checkpoint_e30 window_influence: 0.15640909801775421, penalty_k: 0.10197511902520195, scale_lr: 0.23458347709274002, EAO: 0.265
Trial 337 finished with value: 0.264869374291199 and parameters: {'window_influence': 0.1564090980177542, 'penalty_k': 0.10197511902520195, 'scale_lr': 0.23458347709274002}. Best is trial 172 with value: 0.2898540811810067.
checkpoint_e30 window_influence: 0.38001882482486232, penalty_k: 0.08477437736564677, scale_lr: 0.28424686342255018, EAO: 0.287
Trial 338 finished with value: 0.28658632516134075 and parameters: {'window_influence': 0.3800188248248623, 'penalty_k': 0.08477437736564677, 'scale_lr': 0.2842468634225502}. Best is trial 172 with value: 0.2898540811810067.
checkpoint_e30 window_influence: 0.38880300843228061, penalty_k: 0.08301573866399886, scale_lr: 0.28482684428692467, EAO: 0.277
Trial 339 finished with value: 0.276870131068598 and parameters: {'window_influence': 0.3888030084322806, 'penalty_k': 0.08301573866399886, 'scale_lr': 0.2848268442869247}. Best is trial 172 with value: 0.2898540811810067.
checkpoint_e30 window_influence: 0.37509032114018753, penalty_k: 0.09383373885755258, scale_lr: 0.28527564133394462, EAO: 0.272
Trial 340 finished with value: 0.27225711172431466 and parameters: {'window_influence': 0.37509032114018753, 'penalty_k': 0.09383373885755258, 'scale_lr': 0.2852756413339446}. Best is trial 172 with value: 0.2898540811810067.
checkpoint_e30 window_influence: 0.39302448696707970, penalty_k: 0.58391153048138400, scale_lr: 0.27490743105403581, EAO: 0.240
Trial 341 finished with value: 0.24037179344795584 and parameters: {'window_influence': 0.3930244869670797, 'penalty_k': 0.583911530481384, 'scale_lr': 0.2749074310540358}. Best is trial 172 with value: 0.2898540811810067.
checkpoint_e30 window_influence: 0.37059927002828036, penalty_k: 0.08397933244791836, scale_lr: 0.30128423086974865, EAO: 0.274
Trial 342 finished with value: 0.27386628854565503 and parameters: {'window_influence': 0.37059927002828036, 'penalty_k': 0.08397933244791836, 'scale_lr': 0.30128423086974865}. Best is trial 172 with value: 0.2898540811810067.
checkpoint_e30 window_influence: 0.21959160668566347, penalty_k: 0.10479191323850003, scale_lr: 0.27204698498925961, EAO: 0.260
Trial 343 finished with value: 0.25994352251291275 and parameters: {'window_influence': 0.21959160668566347, 'penalty_k': 0.10479191323850003, 'scale_lr': 0.2720469849892596}. Best is trial 172 with value: 0.2898540811810067.
checkpoint_e30 window_influence: 0.36012005043107026, penalty_k: 0.07935583378470393, scale_lr: 0.25572662026580512, EAO: 0.280
Trial 344 finished with value: 0.28009808166482586 and parameters: {'window_influence': 0.36012005043107026, 'penalty_k': 0.07935583378470393, 'scale_lr': 0.2557266202658051}. Best is trial 172 with value: 0.2898540811810067.
checkpoint_e30 window_influence: 0.35430496681724211, penalty_k: 0.07771598237802778, scale_lr: 0.19628563733839316, EAO: 0.268
Trial 345 finished with value: 0.26788780141652113 and parameters: {'window_influence': 0.3543049668172421, 'penalty_k': 0.07771598237802778, 'scale_lr': 0.19628563733839316}. Best is trial 172 with value: 0.2898540811810067.
checkpoint_e30 window_influence: 0.35533216503705967, penalty_k: 0.30439751258690978, scale_lr: 0.24123369217153037, EAO: 0.261
Trial 346 finished with value: 0.26102329100050575 and parameters: {'window_influence': 0.35533216503705967, 'penalty_k': 0.3043975125869098, 'scale_lr': 0.24123369217153037}. Best is trial 172 with value: 0.2898540811810067.
checkpoint_e30 window_influence: 0.35776115216296339, penalty_k: 0.25413412201362767, scale_lr: 0.25997253837245493, EAO: 0.256
Trial 347 finished with value: 0.25601599456333535 and parameters: {'window_influence': 0.3577611521629634, 'penalty_k': 0.2541341220136277, 'scale_lr': 0.25997253837245493}. Best is trial 172 with value: 0.2898540811810067.
checkpoint_e30 window_influence: 0.40136047840956079, penalty_k: 0.18775896434595224, scale_lr: 0.24887182813079137, EAO: 0.254
Trial 348 finished with value: 0.253853550286797 and parameters: {'window_influence': 0.4013604784095608, 'penalty_k': 0.18775896434595224, 'scale_lr': 0.24887182813079137}. Best is trial 172 with value: 0.2898540811810067.
checkpoint_e30 window_influence: 0.19426896675600416, penalty_k: 0.08378196238129509, scale_lr: 0.22713476026357471, EAO: 0.258
Trial 349 finished with value: 0.2575299362462711 and parameters: {'window_influence': 0.19426896675600416, 'penalty_k': 0.0837819623812951, 'scale_lr': 0.2271347602635747}. Best is trial 172 with value: 0.2898540811810067.
checkpoint_e30 window_influence: 0.36505550236495488, penalty_k: 0.06859627326614454, scale_lr: 0.26070518340999876, EAO: 0.276
Trial 350 finished with value: 0.275626207027978 and parameters: {'window_influence': 0.3650555023649549, 'penalty_k': 0.06859627326614454, 'scale_lr': 0.26070518340999876}. Best is trial 172 with value: 0.2898540811810067.
checkpoint_e30 window_influence: 0.38558209054473325, penalty_k: 0.11287839699304808, scale_lr: 0.23718585577215420, EAO: 0.280
Trial 351 finished with value: 0.2796203691542633 and parameters: {'window_influence': 0.38558209054473325, 'penalty_k': 0.11287839699304808, 'scale_lr': 0.2371858557721542}. Best is trial 172 with value: 0.2898540811810067.
checkpoint_e30 window_influence: 0.44051912430105222, penalty_k: 0.25742074176335833, scale_lr: 0.20015992280655051, EAO: 0.255
Trial 352 finished with value: 0.25484451609171505 and parameters: {'window_influence': 0.4405191243010522, 'penalty_k': 0.25742074176335833, 'scale_lr': 0.2001599228065505}. Best is trial 172 with value: 0.2898540811810067.
checkpoint_e30 window_influence: 0.34849368294256072, penalty_k: 0.12128095095083367, scale_lr: 0.30753071675574573, EAO: 0.273
Trial 353 finished with value: 0.27308586391249323 and parameters: {'window_influence': 0.3484936829425607, 'penalty_k': 0.12128095095083367, 'scale_lr': 0.3075307167557457}. Best is trial 172 with value: 0.2898540811810067.
checkpoint_e30 window_influence: 0.38050440345864373, penalty_k: 0.14121198408345356, scale_lr: 0.18623239763263238, EAO: 0.269
Trial 354 finished with value: 0.26892578813845547 and parameters: {'window_influence': 0.3805044034586437, 'penalty_k': 0.14121198408345356, 'scale_lr': 0.18623239763263238}. Best is trial 172 with value: 0.2898540811810067.
checkpoint_e30 window_influence: 0.36095204372947232, penalty_k: 0.16100755178018716, scale_lr: 0.29049770007061232, EAO: 0.271
Trial 355 finished with value: 0.2705383676944709 and parameters: {'window_influence': 0.3609520437294723, 'penalty_k': 0.16100755178018716, 'scale_lr': 0.2904977000706123}. Best is trial 172 with value: 0.2898540811810067.
checkpoint_e30 window_influence: 0.60114602095490288, penalty_k: 0.09109458504769359, scale_lr: 0.27282473016452158, EAO: 0.235
Trial 356 finished with value: 0.2349278933512486 and parameters: {'window_influence': 0.6011460209549029, 'penalty_k': 0.09109458504769359, 'scale_lr': 0.2728247301645216}. Best is trial 172 with value: 0.2898540811810067.
checkpoint_e30 window_influence: 0.41605863450536024, penalty_k: 0.07553767387911300, scale_lr: 0.20603422816318726, EAO: 0.257
Trial 357 finished with value: 0.25673864830315596 and parameters: {'window_influence': 0.41605863450536024, 'penalty_k': 0.075537673879113, 'scale_lr': 0.20603422816318726}. Best is trial 172 with value: 0.2898540811810067.
checkpoint_e30 window_influence: 0.39997141957471816, penalty_k: 0.11371870179224861, scale_lr: 0.24781770855759999, EAO: 0.280
Trial 358 finished with value: 0.2797663546190029 and parameters: {'window_influence': 0.39997141957471816, 'penalty_k': 0.1137187017922486, 'scale_lr': 0.2478177085576}. Best is trial 172 with value: 0.2898540811810067.
checkpoint_e30 window_influence: 0.34774728938738014, penalty_k: 0.12656562452803988, scale_lr: 0.16691933228254213, EAO: 0.272
Trial 359 finished with value: 0.27219865677075655 and parameters: {'window_influence': 0.34774728938738014, 'penalty_k': 0.12656562452803988, 'scale_lr': 0.16691933228254213}. Best is trial 172 with value: 0.2898540811810067.
checkpoint_e30 window_influence: 0.37912731579068931, penalty_k: 0.17710604451497369, scale_lr: 0.21383244582480848, EAO: 0.269
Trial 360 finished with value: 0.2692460756355185 and parameters: {'window_influence': 0.3791273157906893, 'penalty_k': 0.1771060445149737, 'scale_lr': 0.21383244582480848}. Best is trial 172 with value: 0.2898540811810067.
checkpoint_e30 window_influence: 0.36622134948106799, penalty_k: 0.11332422197464591, scale_lr: 0.30504432567758266, EAO: 0.278
Trial 361 finished with value: 0.2782869798138859 and parameters: {'window_influence': 0.366221349481068, 'penalty_k': 0.11332422197464591, 'scale_lr': 0.30504432567758266}. Best is trial 172 with value: 0.2898540811810067.
checkpoint_e30 window_influence: 0.26885900252200762, penalty_k: 0.13108980952945418, scale_lr: 0.24086354762207218, EAO: 0.266
Trial 362 finished with value: 0.26550130485519163 and parameters: {'window_influence': 0.2688590025220076, 'penalty_k': 0.13108980952945418, 'scale_lr': 0.24086354762207218}. Best is trial 172 with value: 0.2898540811810067.
checkpoint_e30 window_influence: 0.12591178897729696, penalty_k: 0.11158141165592861, scale_lr: 0.57188278263840742, EAO: 0.262
Trial 363 finished with value: 0.2618172505522162 and parameters: {'window_influence': 0.12591178897729696, 'penalty_k': 0.11158141165592861, 'scale_lr': 0.5718827826384074}. Best is trial 172 with value: 0.2898540811810067.
checkpoint_e30 window_influence: 0.34407711939921765, penalty_k: 0.29363424920508974, scale_lr: 0.27549657088254975, EAO: 0.261
Trial 364 finished with value: 0.2605588654192483 and parameters: {'window_influence': 0.34407711939921765, 'penalty_k': 0.29363424920508974, 'scale_lr': 0.27549657088254975}. Best is trial 172 with value: 0.2898540811810067.
checkpoint_e30 window_influence: 0.23479663255650013, penalty_k: 0.06682486414904783, scale_lr: 0.31587369545001803, EAO: 0.268
Trial 365 finished with value: 0.2675664965214768 and parameters: {'window_influence': 0.23479663255650013, 'penalty_k': 0.06682486414904783, 'scale_lr': 0.31587369545001803}. Best is trial 172 with value: 0.2898540811810067.
checkpoint_e30 window_influence: 0.29333469727508904, penalty_k: 0.08257856825848528, scale_lr: 0.45675447999718155, EAO: 0.275
Trial 366 finished with value: 0.2747236469048795 and parameters: {'window_influence': 0.29333469727508904, 'penalty_k': 0.08257856825848528, 'scale_lr': 0.45675447999718155}. Best is trial 172 with value: 0.2898540811810067.
checkpoint_e30 window_influence: 0.17211769222715637, penalty_k: 0.09887685032240172, scale_lr: 0.25732336008713175, EAO: 0.262
Trial 367 finished with value: 0.2624426521058005 and parameters: {'window_influence': 0.17211769222715637, 'penalty_k': 0.09887685032240172, 'scale_lr': 0.25732336008713175}. Best is trial 172 with value: 0.2898540811810067.
checkpoint_e30 window_influence: 0.26075347653562142, penalty_k: 0.11463033132421153, scale_lr: 0.29167754000877011, EAO: 0.269
Trial 368 finished with value: 0.2685017428868185 and parameters: {'window_influence': 0.2607534765356214, 'penalty_k': 0.11463033132421153, 'scale_lr': 0.2916775400087701}. Best is trial 172 with value: 0.2898540811810067.
checkpoint_e30 window_influence: 0.39274502989523163, penalty_k: 0.06539584073410978, scale_lr: 0.22844982407932413, EAO: 0.270
Trial 369 finished with value: 0.27033996569916485 and parameters: {'window_influence': 0.39274502989523163, 'penalty_k': 0.06539584073410978, 'scale_lr': 0.22844982407932413}. Best is trial 172 with value: 0.2898540811810067.
checkpoint_e30 window_influence: 0.31424767728635977, penalty_k: 0.14163329996570800, scale_lr: 0.13243223784427410, EAO: 0.255
Trial 370 finished with value: 0.2548848745541844 and parameters: {'window_influence': 0.3142476772863598, 'penalty_k': 0.141633299965708, 'scale_lr': 0.1324322378442741}. Best is trial 172 with value: 0.2898540811810067.
checkpoint_e30 window_influence: 0.35418999348914165, penalty_k: 0.08102189067128748, scale_lr: 0.26573419210352456, EAO: 0.267
