Trial 1543 finished with value: 0.2688130846595376 and parameters: {'window_influence': 0.3434727707444659, 'penalty_k': 0.0304035719303454, 'scale_lr': 0.3678384104361705}. Best is trial 1199 with value: 0.2814603819837415.
checkpoint_e22 window_influence: 0.34608437799095032, penalty_k: 0.03502933537365158, scale_lr: 0.38151814313906740, EAO: 0.258
Trial 1544 finished with value: 0.2578590200320492 and parameters: {'window_influence': 0.3460843779909503, 'penalty_k': 0.035029335373651584, 'scale_lr': 0.3815181431390674}. Best is trial 1199 with value: 0.2814603819837415.
checkpoint_e22 window_influence: 0.34683291972107039, penalty_k: 0.03938865914327216, scale_lr: 0.38790984671017742, EAO: 0.252
Trial 1545 finished with value: 0.2521503996558306 and parameters: {'window_influence': 0.3468329197210704, 'penalty_k': 0.039388659143272164, 'scale_lr': 0.3879098467101774}. Best is trial 1199 with value: 0.2814603819837415.
checkpoint_e22 window_influence: 0.33738233130033962, penalty_k: 0.04406311408035939, scale_lr: 0.39284303308896257, EAO: 0.254
Trial 1546 finished with value: 0.2541482479470532 and parameters: {'window_influence': 0.3373823313003396, 'penalty_k': 0.04406311408035939, 'scale_lr': 0.39284303308896257}. Best is trial 1199 with value: 0.2814603819837415.
checkpoint_e22 window_influence: 0.34914353201155746, penalty_k: 0.02838198403320603, scale_lr: 0.39993430789094797, EAO: 0.255
Trial 1547 finished with value: 0.254720171958935 and parameters: {'window_influence': 0.34914353201155746, 'penalty_k': 0.028381984033206027, 'scale_lr': 0.39993430789094797}. Best is trial 1199 with value: 0.2814603819837415.
checkpoint_e22 window_influence: 0.35078662839626962, penalty_k: 0.01249406317445626, scale_lr: 0.36276477070248364, EAO: 0.261
Trial 1548 finished with value: 0.26117539684462354 and parameters: {'window_influence': 0.3507866283962696, 'penalty_k': 0.012494063174456262, 'scale_lr': 0.36276477070248364}. Best is trial 1199 with value: 0.2814603819837415.
checkpoint_e22 window_influence: 0.53597243261306604, penalty_k: 0.04986422829885186, scale_lr: 0.37259173766392678, EAO: 0.235
Trial 1549 finished with value: 0.23503872818820845 and parameters: {'window_influence': 0.535972432613066, 'penalty_k': 0.049864228298851856, 'scale_lr': 0.3725917376639268}. Best is trial 1199 with value: 0.2814603819837415.
checkpoint_e22 window_influence: 0.33848545047263329, penalty_k: 0.06513734329757709, scale_lr: 0.37905831520426991, EAO: 0.263
Trial 1550 finished with value: 0.26343660547239023 and parameters: {'window_influence': 0.3384854504726333, 'penalty_k': 0.06513734329757709, 'scale_lr': 0.3790583152042699}. Best is trial 1199 with value: 0.2814603819837415.
checkpoint_e22 window_influence: 0.32636372740624153, penalty_k: 0.03377928783537551, scale_lr: 0.41403305794299045, EAO: 0.265
Trial 1551 finished with value: 0.2651382616259218 and parameters: {'window_influence': 0.32636372740624153, 'penalty_k': 0.03377928783537551, 'scale_lr': 0.41403305794299045}. Best is trial 1199 with value: 0.2814603819837415.
checkpoint_e22 window_influence: 0.35414738918922239, penalty_k: 0.02340920997722332, scale_lr: 0.39767615628872649, EAO: 0.287
Trial 1552 finished with value: 0.2873222411163454 and parameters: {'window_influence': 0.3541473891892224, 'penalty_k': 0.023409209977223316, 'scale_lr': 0.3976761562887265}. Best is trial 1552 with value: 0.2873222411163454.
checkpoint_e22 window_influence: 0.35479566100813259, penalty_k: 0.01583312948932693, scale_lr: 0.39991118896785505, EAO: 0.250
Trial 1553 finished with value: 0.24996257300783947 and parameters: {'window_influence': 0.3547956610081326, 'penalty_k': 0.015833129489326934, 'scale_lr': 0.39991118896785505}. Best is trial 1552 with value: 0.2873222411163454.
checkpoint_e22 window_influence: 0.35406686312820140, penalty_k: 0.02101851034754875, scale_lr: 0.38295530889968721, EAO: 0.252
Trial 1554 finished with value: 0.25171770143315075 and parameters: {'window_influence': 0.3540668631282014, 'penalty_k': 0.021018510347548747, 'scale_lr': 0.3829553088996872}. Best is trial 1552 with value: 0.2873222411163454.
checkpoint_e22 window_influence: 0.34005073100271460, penalty_k: 0.00542863379845225, scale_lr: 0.41735831238497795, EAO: 0.272
Trial 1555 finished with value: 0.2718391818244283 and parameters: {'window_influence': 0.3400507310027146, 'penalty_k': 0.005428633798452251, 'scale_lr': 0.41735831238497795}. Best is trial 1552 with value: 0.2873222411163454.
checkpoint_e22 window_influence: 0.36128386135510210, penalty_k: 0.02736296857140809, scale_lr: 0.40179553336262053, EAO: 0.259
Trial 1556 finished with value: 0.2589257473383493 and parameters: {'window_influence': 0.3612838613551021, 'penalty_k': 0.027362968571408085, 'scale_lr': 0.4017955333626205}. Best is trial 1552 with value: 0.2873222411163454.
checkpoint_e22 window_influence: 0.61092491186938136, penalty_k: 0.04023880737055462, scale_lr: 0.35700647730999097, EAO: 0.217
Trial 1557 finished with value: 0.21725004117905608 and parameters: {'window_influence': 0.6109249118693814, 'penalty_k': 0.040238807370554616, 'scale_lr': 0.35700647730999097}. Best is trial 1552 with value: 0.2873222411163454.
checkpoint_e22 window_influence: 0.34357889382574414, penalty_k: 0.01688314586390820, scale_lr: 0.39296557509396673, EAO: 0.268
Trial 1558 finished with value: 0.2675009406194454 and parameters: {'window_influence': 0.34357889382574414, 'penalty_k': 0.016883145863908204, 'scale_lr': 0.39296557509396673}. Best is trial 1552 with value: 0.2873222411163454.
checkpoint_e22 window_influence: 0.36444425969413330, penalty_k: 0.03373286306060745, scale_lr: 0.37933484576581022, EAO: 0.272
Trial 1559 finished with value: 0.27200741102782694 and parameters: {'window_influence': 0.3644442596941333, 'penalty_k': 0.03373286306060745, 'scale_lr': 0.3793348457658102}. Best is trial 1552 with value: 0.2873222411163454.
checkpoint_e22 window_influence: 0.36388471445267062, penalty_k: 0.00046598859822627, scale_lr: 0.37715387219044788, EAO: 0.257
Trial 1560 finished with value: 0.2567070832824319 and parameters: {'window_influence': 0.3638847144526706, 'penalty_k': 0.0004659885982262746, 'scale_lr': 0.3771538721904479}. Best is trial 1552 with value: 0.2873222411163454.
checkpoint_e22 window_influence: 0.36137599245777491, penalty_k: 0.02594573832579519, scale_lr: 0.39382097375243574, EAO: 0.258
Trial 1561 finished with value: 0.25771389283785007 and parameters: {'window_influence': 0.3613759924577749, 'penalty_k': 0.025945738325795192, 'scale_lr': 0.39382097375243574}. Best is trial 1552 with value: 0.2873222411163454.
checkpoint_e22 window_influence: 0.35239583187804457, penalty_k: 0.03623762538913768, scale_lr: 0.36309524296178669, EAO: 0.264
Trial 1562 finished with value: 0.26447775317886013 and parameters: {'window_influence': 0.3523958318780446, 'penalty_k': 0.03623762538913768, 'scale_lr': 0.3630952429617867}. Best is trial 1552 with value: 0.2873222411163454.
checkpoint_e22 window_influence: 0.36342413602071627, penalty_k: 0.05449359286245618, scale_lr: 0.41220829999073055, EAO: 0.256
Trial 1563 finished with value: 0.25633187234644 and parameters: {'window_influence': 0.36342413602071627, 'penalty_k': 0.05449359286245618, 'scale_lr': 0.41220829999073055}. Best is trial 1552 with value: 0.2873222411163454.
checkpoint_e22 window_influence: 0.35080887140897837, penalty_k: 0.01540122145561832, scale_lr: 0.37145926327996781, EAO: 0.267
Trial 1564 finished with value: 0.266917285940996 and parameters: {'window_influence': 0.3508088714089784, 'penalty_k': 0.015401221455618324, 'scale_lr': 0.3714592632799678}. Best is trial 1552 with value: 0.2873222411163454.
checkpoint_e22 window_influence: 0.36280616864716897, penalty_k: 0.03017824130312812, scale_lr: 0.38712038815725441, EAO: 0.254
Trial 1565 finished with value: 0.25399850478501823 and parameters: {'window_influence': 0.36280616864716897, 'penalty_k': 0.03017824130312812, 'scale_lr': 0.3871203881572544}. Best is trial 1552 with value: 0.2873222411163454.
checkpoint_e22 window_influence: 0.34346673141697703, penalty_k: 0.04590513526258853, scale_lr: 0.37449137897852686, EAO: 0.265
Trial 1566 finished with value: 0.26479240694666295 and parameters: {'window_influence': 0.34346673141697703, 'penalty_k': 0.04590513526258853, 'scale_lr': 0.37449137897852686}. Best is trial 1552 with value: 0.2873222411163454.
checkpoint_e22 window_influence: 0.36483139799474829, penalty_k: 0.01107480341007029, scale_lr: 0.39650658132338751, EAO: 0.263
Trial 1567 finished with value: 0.26264313638694886 and parameters: {'window_influence': 0.3648313979947483, 'penalty_k': 0.011074803410070288, 'scale_lr': 0.3965065813233875}. Best is trial 1552 with value: 0.2873222411163454.
checkpoint_e22 window_influence: 0.35271329418122577, penalty_k: 0.04950882442646297, scale_lr: 0.42463590752655572, EAO: 0.261
Trial 1568 finished with value: 0.2614407028730323 and parameters: {'window_influence': 0.35271329418122577, 'penalty_k': 0.04950882442646297, 'scale_lr': 0.4246359075265557}. Best is trial 1552 with value: 0.2873222411163454.
checkpoint_e22 window_influence: 0.36828650940782637, penalty_k: 0.06272065741693192, scale_lr: 0.35983178991058967, EAO: 0.268
Trial 1569 finished with value: 0.26801724532028526 and parameters: {'window_influence': 0.36828650940782637, 'penalty_k': 0.06272065741693192, 'scale_lr': 0.35983178991058967}. Best is trial 1552 with value: 0.2873222411163454.
checkpoint_e22 window_influence: 0.33788617794676090, penalty_k: 0.02717455086045636, scale_lr: 0.40731559172254972, EAO: 0.265
Trial 1570 finished with value: 0.2651363148437283 and parameters: {'window_influence': 0.3378861779467609, 'penalty_k': 0.027174550860456358, 'scale_lr': 0.4073155917225497}. Best is trial 1552 with value: 0.2873222411163454.
checkpoint_e22 window_influence: 0.35327853450906171, penalty_k: 0.04153272203454429, scale_lr: 0.38217657121539717, EAO: 0.283
Trial 1571 finished with value: 0.28262298233140776 and parameters: {'window_influence': 0.3532785345090617, 'penalty_k': 0.04153272203454429, 'scale_lr': 0.38217657121539717}. Best is trial 1552 with value: 0.2873222411163454.
checkpoint_e22 window_influence: 0.33778539109477801, penalty_k: 0.05655288001527593, scale_lr: 0.39231738814163158, EAO: 0.264
Trial 1572 finished with value: 0.26427663965680737 and parameters: {'window_influence': 0.337785391094778, 'penalty_k': 0.05655288001527593, 'scale_lr': 0.3923173881416316}. Best is trial 1552 with value: 0.2873222411163454.
checkpoint_e22 window_influence: 0.34963439063569912, penalty_k: 0.06903586517639239, scale_lr: 0.41389005204973656, EAO: 0.249
Trial 1573 finished with value: 0.24935538697291196 and parameters: {'window_influence': 0.3496343906356991, 'penalty_k': 0.06903586517639239, 'scale_lr': 0.41389005204973656}. Best is trial 1552 with value: 0.2873222411163454.
checkpoint_e22 window_influence: 0.63107524090122002, penalty_k: 0.04421476826086822, scale_lr: 0.42223707960121543, EAO: 0.210
Trial 1574 finished with value: 0.2099977006636015 and parameters: {'window_influence': 0.63107524090122, 'penalty_k': 0.044214768260868224, 'scale_lr': 0.4222370796012154}. Best is trial 1552 with value: 0.2873222411163454.
checkpoint_e22 window_influence: 0.32821044010714329, penalty_k: 0.05297195465796698, scale_lr: 0.40250770920516676, EAO: 0.269
Trial 1575 finished with value: 0.2689909025178692 and parameters: {'window_influence': 0.3282104401071433, 'penalty_k': 0.05297195465796698, 'scale_lr': 0.40250770920516676}. Best is trial 1552 with value: 0.2873222411163454.
checkpoint_e22 window_influence: 0.35193363942448169, penalty_k: 0.08339425768878209, scale_lr: 0.35076634325447070, EAO: 0.246
Trial 1576 finished with value: 0.24576659682320384 and parameters: {'window_influence': 0.3519336394244817, 'penalty_k': 0.08339425768878209, 'scale_lr': 0.3507663432544707}. Best is trial 1552 with value: 0.2873222411163454.
checkpoint_e22 window_influence: 0.33744917520395340, penalty_k: 0.03815854947042313, scale_lr: 0.38452319063336465, EAO: 0.259
Trial 1577 finished with value: 0.25945748806726643 and parameters: {'window_influence': 0.3374491752039534, 'penalty_k': 0.03815854947042313, 'scale_lr': 0.38452319063336465}. Best is trial 1552 with value: 0.2873222411163454.
checkpoint_e22 window_influence: 0.35614526840177418, penalty_k: 0.01781570418366312, scale_lr: 0.36892621621468263, EAO: 0.266
Trial 1578 finished with value: 0.2661459725198707 and parameters: {'window_influence': 0.3561452684017742, 'penalty_k': 0.017815704183663125, 'scale_lr': 0.36892621621468263}. Best is trial 1552 with value: 0.2873222411163454.
checkpoint_e22 window_influence: 0.34604310654949810, penalty_k: 0.06753901285972352, scale_lr: 0.42620537420060733, EAO: 0.257
Trial 1579 finished with value: 0.25666634138764405 and parameters: {'window_influence': 0.3460431065494981, 'penalty_k': 0.06753901285972352, 'scale_lr': 0.42620537420060733}. Best is trial 1552 with value: 0.2873222411163454.
checkpoint_e22 window_influence: 0.36790808965118021, penalty_k: 0.02425351364779330, scale_lr: 0.40417937344580512, EAO: 0.261
Trial 1580 finished with value: 0.2607341436593513 and parameters: {'window_influence': 0.3679080896511802, 'penalty_k': 0.024253513647793302, 'scale_lr': 0.4041793734458051}. Best is trial 1552 with value: 0.2873222411163454.
checkpoint_e22 window_influence: 0.32922461670067099, penalty_k: 0.03693977845974320, scale_lr: 0.39467349167580884, EAO: 0.253
Trial 1581 finished with value: 0.2527867574396172 and parameters: {'window_influence': 0.329224616700671, 'penalty_k': 0.0369397784597432, 'scale_lr': 0.39467349167580884}. Best is trial 1552 with value: 0.2873222411163454.
checkpoint_e22 window_influence: 0.34697367479908253, penalty_k: 0.05320777017030587, scale_lr: 0.37973084887590508, EAO: 0.265
Trial 1582 finished with value: 0.26451064076850084 and parameters: {'window_influence': 0.34697367479908253, 'penalty_k': 0.05320777017030587, 'scale_lr': 0.3797308488759051}. Best is trial 1552 with value: 0.2873222411163454.
checkpoint_e22 window_influence: 0.10040026858903944, penalty_k: 0.00004573589089632, scale_lr: 0.41252605375435158, EAO: 0.231
Trial 1583 finished with value: 0.2312478114797817 and parameters: {'window_influence': 0.10040026858903944, 'penalty_k': 4.573589089632013e-05, 'scale_lr': 0.4125260537543516}. Best is trial 1552 with value: 0.2873222411163454.
checkpoint_e22 window_influence: 0.33409390793049210, penalty_k: 0.08234909606438934, scale_lr: 0.43241063995477602, EAO: 0.273
Trial 1584 finished with value: 0.27286534756422043 and parameters: {'window_influence': 0.3340939079304921, 'penalty_k': 0.08234909606438934, 'scale_lr': 0.432410639954776}. Best is trial 1552 with value: 0.2873222411163454.
checkpoint_e22 window_influence: 0.33639340768196735, penalty_k: 0.06248978141568551, scale_lr: 0.43186855417103015, EAO: 0.259
Trial 1585 finished with value: 0.2588785076892473 and parameters: {'window_influence': 0.33639340768196735, 'penalty_k': 0.062489781415685515, 'scale_lr': 0.43186855417103015}. Best is trial 1552 with value: 0.2873222411163454.
checkpoint_e22 window_influence: 0.35450042685618544, penalty_k: 0.08340009104454896, scale_lr: 0.42729908188891763, EAO: 0.257
Trial 1586 finished with value: 0.25709363690963605 and parameters: {'window_influence': 0.35450042685618544, 'penalty_k': 0.08340009104454896, 'scale_lr': 0.42729908188891763}. Best is trial 1552 with value: 0.2873222411163454.
checkpoint_e22 window_influence: 0.47026572340402395, penalty_k: 0.07878191792993514, scale_lr: 0.41401899626347877, EAO: 0.256
Trial 1587 finished with value: 0.2555440855098934 and parameters: {'window_influence': 0.47026572340402395, 'penalty_k': 0.07878191792993514, 'scale_lr': 0.41401899626347877}. Best is trial 1552 with value: 0.2873222411163454.
checkpoint_e22 window_influence: 0.17490397362129476, penalty_k: 0.09489423890160628, scale_lr: 0.43594875476083073, EAO: 0.257
Trial 1588 finished with value: 0.25662887156978853 and parameters: {'window_influence': 0.17490397362129476, 'penalty_k': 0.09489423890160628, 'scale_lr': 0.4359487547608307}. Best is trial 1552 with value: 0.2873222411163454.
checkpoint_e22 window_influence: 0.34301356635772845, penalty_k: 0.09563233776018845, scale_lr: 0.40037855484932661, EAO: 0.267
Trial 1589 finished with value: 0.26685676808522 and parameters: {'window_influence': 0.34301356635772845, 'penalty_k': 0.09563233776018845, 'scale_lr': 0.4003785548493266}. Best is trial 1552 with value: 0.2873222411163454.
checkpoint_e22 window_influence: 0.33116170612617829, penalty_k: 0.08311075177949155, scale_lr: 0.41813322105750150, EAO: 0.260
Trial 1590 finished with value: 0.2603943352776814 and parameters: {'window_influence': 0.3311617061261783, 'penalty_k': 0.08311075177949155, 'scale_lr': 0.4181332210575015}. Best is trial 1552 with value: 0.2873222411163454.
checkpoint_e22 window_influence: 0.36609632796246933, penalty_k: 0.06997557691477008, scale_lr: 0.38950569209680075, EAO: 0.268
Trial 1591 finished with value: 0.2681561475241087 and parameters: {'window_influence': 0.3660963279624693, 'penalty_k': 0.06997557691477008, 'scale_lr': 0.38950569209680075}. Best is trial 1552 with value: 0.2873222411163454.
checkpoint_e22 window_influence: 0.35673495617476386, penalty_k: 0.07269749028276047, scale_lr: 0.42064103515930429, EAO: 0.255
Trial 1592 finished with value: 0.2549991597368465 and parameters: {'window_influence': 0.35673495617476386, 'penalty_k': 0.07269749028276047, 'scale_lr': 0.4206410351593043}. Best is trial 1552 with value: 0.2873222411163454.
checkpoint_e22 window_influence: 0.34485164957896575, penalty_k: 0.08911112419959916, scale_lr: 0.35699332293860797, EAO: 0.260
Trial 1593 finished with value: 0.26042274282715183 and parameters: {'window_influence': 0.34485164957896575, 'penalty_k': 0.08911112419959916, 'scale_lr': 0.35699332293860797}. Best is trial 1552 with value: 0.2873222411163454.
checkpoint_e22 window_influence: 0.36889459572991867, penalty_k: 0.06041662367133104, scale_lr: 0.44060267000723130, EAO: 0.254
Trial 1594 finished with value: 0.25369497364371774 and parameters: {'window_influence': 0.3688945957299187, 'penalty_k': 0.060416623671331035, 'scale_lr': 0.4406026700072313}. Best is trial 1552 with value: 0.2873222411163454.
checkpoint_e22 window_influence: 0.20648440164938919, penalty_k: 0.07428664781385388, scale_lr: 0.40330691180257283, EAO: 0.255
Trial 1595 finished with value: 0.25513467041215276 and parameters: {'window_influence': 0.2064844016493892, 'penalty_k': 0.07428664781385388, 'scale_lr': 0.40330691180257283}. Best is trial 1552 with value: 0.2873222411163454.
checkpoint_e22 window_influence: 0.33046460331625588, penalty_k: 0.03989593134934907, scale_lr: 0.37442305714117985, EAO: 0.256
Trial 1596 finished with value: 0.255538876887744 and parameters: {'window_influence': 0.3304646033162559, 'penalty_k': 0.039895931349349066, 'scale_lr': 0.37442305714117985}. Best is trial 1552 with value: 0.2873222411163454.
checkpoint_e22 window_influence: 0.34887948391171325, penalty_k: 0.05484019849453504, scale_lr: 0.42992756572084678, EAO: 0.252
Trial 1597 finished with value: 0.25184174499860623 and parameters: {'window_influence': 0.34887948391171325, 'penalty_k': 0.05484019849453504, 'scale_lr': 0.4299275657208468}. Best is trial 1552 with value: 0.2873222411163454.
checkpoint_e22 window_influence: 0.36967183763278716, penalty_k: 0.04818763565685665, scale_lr: 0.38823426632650265, EAO: 0.265
Trial 1598 finished with value: 0.26460815887383327 and parameters: {'window_influence': 0.36967183763278716, 'penalty_k': 0.04818763565685665, 'scale_lr': 0.38823426632650265}. Best is trial 1552 with value: 0.2873222411163454.
checkpoint_e22 window_influence: 0.35603285343008184, penalty_k: 0.09327138870478696, scale_lr: 0.41008525565532561, EAO: 0.267
Trial 1599 finished with value: 0.26719793392633034 and parameters: {'window_influence': 0.35603285343008184, 'penalty_k': 0.09327138870478696, 'scale_lr': 0.4100852556553256}. Best is trial 1552 with value: 0.2873222411163454.
checkpoint_e22 window_influence: 0.34039171143482388, penalty_k: 0.06174134613598575, scale_lr: 0.34075680600321384, EAO: 0.267
Trial 1600 finished with value: 0.26653615760851684 and parameters: {'window_influence': 0.3403917114348239, 'penalty_k': 0.06174134613598575, 'scale_lr': 0.34075680600321384}. Best is trial 1552 with value: 0.2873222411163454.
checkpoint_e22 window_influence: 0.35739194185163853, penalty_k: 0.01037942209499552, scale_lr: 0.35698478990558813, EAO: 0.260
Trial 1601 finished with value: 0.2596751239483919 and parameters: {'window_influence': 0.35739194185163853, 'penalty_k': 0.01037942209499552, 'scale_lr': 0.35698478990558813}. Best is trial 1552 with value: 0.2873222411163454.
checkpoint_e22 window_influence: 0.32671131120756203, penalty_k: 0.08005260045903645, scale_lr: 0.39843755275394627, EAO: 0.259
Trial 1602 finished with value: 0.2592648009701473 and parameters: {'window_influence': 0.326711311207562, 'penalty_k': 0.08005260045903645, 'scale_lr': 0.39843755275394627}. Best is trial 1552 with value: 0.2873222411163454.
checkpoint_e22 window_influence: 0.36483084473943594, penalty_k: 0.02409413205671267, scale_lr: 0.37231895517371510, EAO: 0.267
Trial 1603 finished with value: 0.2671912894016359 and parameters: {'window_influence': 0.36483084473943594, 'penalty_k': 0.024094132056712667, 'scale_lr': 0.3723189551737151}. Best is trial 1552 with value: 0.2873222411163454.
checkpoint_e22 window_influence: 0.34013379713440095, penalty_k: 0.10106177188019941, scale_lr: 0.43875637290538055, EAO: 0.258
