Trial 1482 finished with value: 0.20038222285305582 and parameters: {'window_influence': 0.6486957039391381, 'penalty_k': 0.03268632676078028, 'scale_lr': 0.1898993284534437}. Best is trial 1199 with value: 0.2814603819837415.
checkpoint_e22 window_influence: 0.28827627943786682, penalty_k: 0.32241130075189356, scale_lr: 0.30883782837768864, EAO: 0.249
Trial 1483 finished with value: 0.2491841484618381 and parameters: {'window_influence': 0.2882762794378668, 'penalty_k': 0.32241130075189356, 'scale_lr': 0.30883782837768864}. Best is trial 1199 with value: 0.2814603819837415.
checkpoint_e22 window_influence: 0.31245084631391079, penalty_k: 0.28125093329550205, scale_lr: 0.11455108653509176, EAO: 0.257
Trial 1484 finished with value: 0.2572389683587764 and parameters: {'window_influence': 0.3124508463139108, 'penalty_k': 0.28125093329550205, 'scale_lr': 0.11455108653509176}. Best is trial 1199 with value: 0.2814603819837415.
checkpoint_e22 window_influence: 0.45834307495721982, penalty_k: 0.00982485078227823, scale_lr: 0.10026843244155112, EAO: 0.262
Trial 1485 finished with value: 0.2617302358877368 and parameters: {'window_influence': 0.4583430749572198, 'penalty_k': 0.009824850782278235, 'scale_lr': 0.10026843244155112}. Best is trial 1199 with value: 0.2814603819837415.
checkpoint_e22 window_influence: 0.35741649597633302, penalty_k: 0.05711470620612542, scale_lr: 0.38831095571215679, EAO: 0.270
Trial 1486 finished with value: 0.2701273141958849 and parameters: {'window_influence': 0.357416495976333, 'penalty_k': 0.05711470620612542, 'scale_lr': 0.3883109557121568}. Best is trial 1199 with value: 0.2814603819837415.
checkpoint_e22 window_influence: 0.35363977606615432, penalty_k: 0.05779901241474410, scale_lr: 0.48559447287500790, EAO: 0.272
Trial 1487 finished with value: 0.27211089135427785 and parameters: {'window_influence': 0.3536397760661543, 'penalty_k': 0.0577990124147441, 'scale_lr': 0.4855944728750079}. Best is trial 1199 with value: 0.2814603819837415.
checkpoint_e22 window_influence: 0.34687985991390824, penalty_k: 0.06072284847677595, scale_lr: 0.42013653294841696, EAO: 0.260
Trial 1488 finished with value: 0.26007723808288574 and parameters: {'window_influence': 0.34687985991390824, 'penalty_k': 0.06072284847677595, 'scale_lr': 0.42013653294841696}. Best is trial 1199 with value: 0.2814603819837415.
checkpoint_e22 window_influence: 0.34929876918566605, penalty_k: 0.05030409687906752, scale_lr: 0.39606306295497001, EAO: 0.278
Trial 1489 finished with value: 0.27824175030719944 and parameters: {'window_influence': 0.34929876918566605, 'penalty_k': 0.05030409687906752, 'scale_lr': 0.39606306295497}. Best is trial 1199 with value: 0.2814603819837415.
checkpoint_e22 window_influence: 0.33869044583770552, penalty_k: 0.05542734406051406, scale_lr: 0.39083343297725981, EAO: 0.279
Trial 1490 finished with value: 0.27897886804691174 and parameters: {'window_influence': 0.3386904458377055, 'penalty_k': 0.055427344060514055, 'scale_lr': 0.3908334329772598}. Best is trial 1199 with value: 0.2814603819837415.
checkpoint_e22 window_influence: 0.33701123578916170, penalty_k: 0.05313698273999887, scale_lr: 0.41305131043208909, EAO: 0.255
Trial 1491 finished with value: 0.25451210110895034 and parameters: {'window_influence': 0.3370112357891617, 'penalty_k': 0.053136982739998874, 'scale_lr': 0.4130513104320891}. Best is trial 1199 with value: 0.2814603819837415.
checkpoint_e22 window_influence: 0.33926149612467460, penalty_k: 0.05460776248819427, scale_lr: 0.43267956677320063, EAO: 0.255
Trial 1492 finished with value: 0.2552737018199471 and parameters: {'window_influence': 0.3392614961246746, 'penalty_k': 0.05460776248819427, 'scale_lr': 0.43267956677320063}. Best is trial 1199 with value: 0.2814603819837415.
checkpoint_e22 window_influence: 0.33484101165346847, penalty_k: 0.07002540770765449, scale_lr: 0.36618248050165020, EAO: 0.270
Trial 1493 finished with value: 0.27019750563109796 and parameters: {'window_influence': 0.33484101165346847, 'penalty_k': 0.07002540770765449, 'scale_lr': 0.3661824805016502}. Best is trial 1199 with value: 0.2814603819837415.
checkpoint_e22 window_influence: 0.33315292601403390, penalty_k: 0.06994098952648495, scale_lr: 0.39352764205971258, EAO: 0.246
Trial 1494 finished with value: 0.24590523771154202 and parameters: {'window_influence': 0.3331529260140339, 'penalty_k': 0.06994098952648495, 'scale_lr': 0.3935276420597126}. Best is trial 1199 with value: 0.2814603819837415.
checkpoint_e22 window_influence: 0.33049652998374290, penalty_k: 0.06141192680842469, scale_lr: 0.38728871547010829, EAO: 0.254
Trial 1495 finished with value: 0.2535152443177332 and parameters: {'window_influence': 0.3304965299837429, 'penalty_k': 0.06141192680842469, 'scale_lr': 0.3872887154701083}. Best is trial 1199 with value: 0.2814603819837415.
checkpoint_e22 window_influence: 0.33972371278933461, penalty_k: 0.07349688566245020, scale_lr: 0.37181529412488556, EAO: 0.266
Trial 1496 finished with value: 0.26642882720968586 and parameters: {'window_influence': 0.3397237127893346, 'penalty_k': 0.0734968856624502, 'scale_lr': 0.37181529412488556}. Best is trial 1199 with value: 0.2814603819837415.
checkpoint_e22 window_influence: 0.33084787108188030, penalty_k: 0.08188255738389179, scale_lr: 0.35072789266301901, EAO: 0.250
Trial 1497 finished with value: 0.249727525483302 and parameters: {'window_influence': 0.3308478710818803, 'penalty_k': 0.08188255738389179, 'scale_lr': 0.350727892663019}. Best is trial 1199 with value: 0.2814603819837415.
checkpoint_e22 window_influence: 0.34562970955418332, penalty_k: 0.07577258962468938, scale_lr: 0.39877643287853309, EAO: 0.263
Trial 1498 finished with value: 0.2629182809978966 and parameters: {'window_influence': 0.3456297095541833, 'penalty_k': 0.07577258962468938, 'scale_lr': 0.3987764328785331}. Best is trial 1199 with value: 0.2814603819837415.
checkpoint_e22 window_influence: 0.32422664273467966, penalty_k: 0.06718797162156555, scale_lr: 0.37972124661837131, EAO: 0.254
Trial 1499 finished with value: 0.25410686784643466 and parameters: {'window_influence': 0.32422664273467966, 'penalty_k': 0.06718797162156555, 'scale_lr': 0.3797212466183713}. Best is trial 1199 with value: 0.2814603819837415.
checkpoint_e22 window_influence: 0.34085880833001636, penalty_k: 0.04531293584328153, scale_lr: 0.41614800975566368, EAO: 0.280
Trial 1500 finished with value: 0.28049811399806807 and parameters: {'window_influence': 0.34085880833001636, 'penalty_k': 0.04531293584328153, 'scale_lr': 0.4161480097556637}. Best is trial 1199 with value: 0.2814603819837415.
checkpoint_e22 window_influence: 0.34811336038874396, penalty_k: 0.04332062902543441, scale_lr: 0.40709376734827007, EAO: 0.266
Trial 1501 finished with value: 0.2656479717754736 and parameters: {'window_influence': 0.34811336038874396, 'penalty_k': 0.04332062902543441, 'scale_lr': 0.4070937673482701}. Best is trial 1199 with value: 0.2814603819837415.
checkpoint_e22 window_influence: 0.35169009787655192, penalty_k: 0.03973662987455051, scale_lr: 0.41685327809009548, EAO: 0.261
Trial 1502 finished with value: 0.2614630768454172 and parameters: {'window_influence': 0.3516900978765519, 'penalty_k': 0.03973662987455051, 'scale_lr': 0.4168532780900955}. Best is trial 1199 with value: 0.2814603819837415.
checkpoint_e22 window_influence: 0.32214829619196628, penalty_k: 0.04855487665925154, scale_lr: 0.43521536251891657, EAO: 0.259
Trial 1503 finished with value: 0.2594953281123464 and parameters: {'window_influence': 0.3221482961919663, 'penalty_k': 0.04855487665925154, 'scale_lr': 0.43521536251891657}. Best is trial 1199 with value: 0.2814603819837415.
checkpoint_e22 window_influence: 0.33787640559418042, penalty_k: 0.05007350103369791, scale_lr: 0.45120140259313846, EAO: 0.257
Trial 1504 finished with value: 0.25706124996266716 and parameters: {'window_influence': 0.3378764055941804, 'penalty_k': 0.05007350103369791, 'scale_lr': 0.45120140259313846}. Best is trial 1199 with value: 0.2814603819837415.
checkpoint_e22 window_influence: 0.34931508148534318, penalty_k: 0.03782937529572947, scale_lr: 0.41981434593813072, EAO: 0.263
Trial 1505 finished with value: 0.2626481683758216 and parameters: {'window_influence': 0.3493150814853432, 'penalty_k': 0.03782937529572947, 'scale_lr': 0.4198143459381307}. Best is trial 1199 with value: 0.2814603819837415.
checkpoint_e22 window_influence: 0.34736379748035368, penalty_k: 0.03789721192004000, scale_lr: 0.40591064553539513, EAO: 0.273
Trial 1506 finished with value: 0.27282073560768993 and parameters: {'window_influence': 0.3473637974803537, 'penalty_k': 0.03789721192004, 'scale_lr': 0.40591064553539513}. Best is trial 1199 with value: 0.2814603819837415.
checkpoint_e22 window_influence: 0.34081021613571316, penalty_k: 0.04046401659021168, scale_lr: 0.41207239446374672, EAO: 0.246
Trial 1507 finished with value: 0.24589153603325045 and parameters: {'window_influence': 0.34081021613571316, 'penalty_k': 0.04046401659021168, 'scale_lr': 0.4120723944637467}. Best is trial 1199 with value: 0.2814603819837415.
checkpoint_e22 window_influence: 0.35052446760628037, penalty_k: 0.05530073345646843, scale_lr: 0.40238317615158686, EAO: 0.277
Trial 1508 finished with value: 0.276672669966531 and parameters: {'window_influence': 0.35052446760628037, 'penalty_k': 0.05530073345646843, 'scale_lr': 0.40238317615158686}. Best is trial 1199 with value: 0.2814603819837415.
checkpoint_e22 window_influence: 0.34669262729353106, penalty_k: 0.05025402787836689, scale_lr: 0.39754336002428309, EAO: 0.270
Trial 1509 finished with value: 0.2700539357293912 and parameters: {'window_influence': 0.34669262729353106, 'penalty_k': 0.050254027878366886, 'scale_lr': 0.3975433600242831}. Best is trial 1199 with value: 0.2814603819837415.
checkpoint_e22 window_influence: 0.32497409201551453, penalty_k: 0.05551805035881141, scale_lr: 0.39532141130973986, EAO: 0.269
Trial 1510 finished with value: 0.2685627299474507 and parameters: {'window_influence': 0.3249740920155145, 'penalty_k': 0.05551805035881141, 'scale_lr': 0.39532141130973986}. Best is trial 1199 with value: 0.2814603819837415.
checkpoint_e22 window_influence: 0.35643845320234474, penalty_k: 0.03437934252603381, scale_lr: 0.38090858218046131, EAO: 0.264
Trial 1511 finished with value: 0.26364024801225194 and parameters: {'window_influence': 0.35643845320234474, 'penalty_k': 0.03437934252603381, 'scale_lr': 0.3809085821804613}. Best is trial 1199 with value: 0.2814603819837415.
checkpoint_e22 window_influence: 0.33176726227521419, penalty_k: 0.06123043392289419, scale_lr: 0.42594008806913158, EAO: 0.247
Trial 1512 finished with value: 0.24706524622634174 and parameters: {'window_influence': 0.3317672622752142, 'penalty_k': 0.061230433922894185, 'scale_lr': 0.4259400880691316}. Best is trial 1199 with value: 0.2814603819837415.
checkpoint_e22 window_influence: 0.35560171616054409, penalty_k: 0.04414786205330449, scale_lr: 0.40535356675160977, EAO: 0.263
Trial 1513 finished with value: 0.26264496256665487 and parameters: {'window_influence': 0.3556017161605441, 'penalty_k': 0.04414786205330449, 'scale_lr': 0.4053535667516098}. Best is trial 1199 with value: 0.2814603819837415.
checkpoint_e22 window_influence: 0.34488478066592387, penalty_k: 0.05274650250022830, scale_lr: 0.40225749073184247, EAO: 0.267
Trial 1514 finished with value: 0.26703897457781844 and parameters: {'window_influence': 0.3448847806659239, 'penalty_k': 0.052746502500228304, 'scale_lr': 0.40225749073184247}. Best is trial 1199 with value: 0.2814603819837415.
checkpoint_e22 window_influence: 0.32046630203094723, penalty_k: 0.02793330073666992, scale_lr: 0.38139007360395161, EAO: 0.249
Trial 1515 finished with value: 0.24863251165403583 and parameters: {'window_influence': 0.3204663020309472, 'penalty_k': 0.027933300736669917, 'scale_lr': 0.3813900736039516}. Best is trial 1199 with value: 0.2814603819837415.
checkpoint_e22 window_influence: 0.33719222162944157, penalty_k: 0.04084475634546222, scale_lr: 0.38923262523492580, EAO: 0.255
Trial 1516 finished with value: 0.2552686286408727 and parameters: {'window_influence': 0.33719222162944157, 'penalty_k': 0.04084475634546222, 'scale_lr': 0.3892326252349258}. Best is trial 1199 with value: 0.2814603819837415.
checkpoint_e22 window_influence: 0.35589542708411559, penalty_k: 0.06148922693315111, scale_lr: 0.42532641559405104, EAO: 0.257
Trial 1517 finished with value: 0.2571869143625585 and parameters: {'window_influence': 0.3558954270841156, 'penalty_k': 0.06148922693315111, 'scale_lr': 0.42532641559405104}. Best is trial 1199 with value: 0.2814603819837415.
checkpoint_e22 window_influence: 0.59780075043874437, penalty_k: 0.03073892960141058, scale_lr: 0.40540868398081942, EAO: 0.219
Trial 1518 finished with value: 0.2194478514838994 and parameters: {'window_influence': 0.5978007504387444, 'penalty_k': 0.03073892960141058, 'scale_lr': 0.4054086839808194}. Best is trial 1199 with value: 0.2814603819837415.
checkpoint_e22 window_influence: 0.20104260708764582, penalty_k: 0.04961495768020559, scale_lr: 0.42679379340668316, EAO: 0.254
Trial 1519 finished with value: 0.2543652502259588 and parameters: {'window_influence': 0.20104260708764582, 'penalty_k': 0.049614957680205594, 'scale_lr': 0.42679379340668316}. Best is trial 1199 with value: 0.2814603819837415.
checkpoint_e22 window_influence: 0.32327124310167615, penalty_k: 0.07136681613174853, scale_lr: 0.40595053809040738, EAO: 0.263
Trial 1520 finished with value: 0.2632617769929452 and parameters: {'window_influence': 0.32327124310167615, 'penalty_k': 0.07136681613174853, 'scale_lr': 0.4059505380904074}. Best is trial 1199 with value: 0.2814603819837415.
checkpoint_e22 window_influence: 0.34330571791709835, penalty_k: 0.02247592232254879, scale_lr: 0.41732308633991128, EAO: 0.255
Trial 1521 finished with value: 0.25539319598820154 and parameters: {'window_influence': 0.34330571791709835, 'penalty_k': 0.022475922322548792, 'scale_lr': 0.4173230863399113}. Best is trial 1199 with value: 0.2814603819837415.
checkpoint_e22 window_influence: 0.35973678752082316, penalty_k: 0.03815780544843875, scale_lr: 0.39347325752319051, EAO: 0.276
Trial 1522 finished with value: 0.2760888147281437 and parameters: {'window_influence': 0.35973678752082316, 'penalty_k': 0.038157805448438754, 'scale_lr': 0.3934732575231905}. Best is trial 1199 with value: 0.2814603819837415.
checkpoint_e22 window_influence: 0.35130278455372788, penalty_k: 0.04140840718243316, scale_lr: 0.37825491696668356, EAO: 0.264
Trial 1523 finished with value: 0.2637007346725076 and parameters: {'window_influence': 0.3513027845537279, 'penalty_k': 0.04140840718243316, 'scale_lr': 0.37825491696668356}. Best is trial 1199 with value: 0.2814603819837415.
checkpoint_e22 window_influence: 0.35776821561486427, penalty_k: 0.02882848938278522, scale_lr: 0.39283635623809376, EAO: 0.275
Trial 1524 finished with value: 0.27505634646347865 and parameters: {'window_influence': 0.35776821561486427, 'penalty_k': 0.02882848938278522, 'scale_lr': 0.39283635623809376}. Best is trial 1199 with value: 0.2814603819837415.
checkpoint_e22 window_influence: 0.36159668786421933, penalty_k: 0.02387421213462857, scale_lr: 0.39852751971945838, EAO: 0.264
Trial 1525 finished with value: 0.26362754883078054 and parameters: {'window_influence': 0.36159668786421933, 'penalty_k': 0.023874212134628574, 'scale_lr': 0.3985275197194584}. Best is trial 1199 with value: 0.2814603819837415.
checkpoint_e22 window_influence: 0.35987664847404260, penalty_k: 0.02190782545895193, scale_lr: 0.40201928633631206, EAO: 0.257
Trial 1526 finished with value: 0.2573943680258301 and parameters: {'window_influence': 0.3598766484740426, 'penalty_k': 0.021907825458951927, 'scale_lr': 0.40201928633631206}. Best is trial 1199 with value: 0.2814603819837415.
checkpoint_e22 window_influence: 0.33244474318158523, penalty_k: 0.03095585320471052, scale_lr: 0.38700282934100255, EAO: 0.246
Trial 1527 finished with value: 0.24626636178028294 and parameters: {'window_influence': 0.33244474318158523, 'penalty_k': 0.030955853204710525, 'scale_lr': 0.38700282934100255}. Best is trial 1199 with value: 0.2814603819837415.
checkpoint_e22 window_influence: 0.34661267576065141, penalty_k: 0.03225413008472051, scale_lr: 0.38851921494574276, EAO: 0.250
Trial 1528 finished with value: 0.2497676528566252 and parameters: {'window_influence': 0.3466126757606514, 'penalty_k': 0.032254130084720514, 'scale_lr': 0.38851921494574276}. Best is trial 1199 with value: 0.2814603819837415.
checkpoint_e22 window_influence: 0.35559203012180107, penalty_k: 0.03732137732624440, scale_lr: 0.41865263103620287, EAO: 0.266
Trial 1529 finished with value: 0.2660945956178797 and parameters: {'window_influence': 0.3555920301218011, 'penalty_k': 0.037321377326244395, 'scale_lr': 0.41865263103620287}. Best is trial 1199 with value: 0.2814603819837415.
checkpoint_e22 window_influence: 0.33478955541258615, penalty_k: 0.01884667776618710, scale_lr: 0.37440440919609858, EAO: 0.256
Trial 1530 finished with value: 0.25631618209001494 and parameters: {'window_influence': 0.33478955541258615, 'penalty_k': 0.0188466777661871, 'scale_lr': 0.3744044091960986}. Best is trial 1199 with value: 0.2814603819837415.
checkpoint_e22 window_influence: 0.36190792854952403, penalty_k: 0.01119194247681085, scale_lr: 0.43719827171137710, EAO: 0.258
Trial 1531 finished with value: 0.25776784267367386 and parameters: {'window_influence': 0.361907928549524, 'penalty_k': 0.011191942476810848, 'scale_lr': 0.4371982717113771}. Best is trial 1199 with value: 0.2814603819837415.
checkpoint_e22 window_influence: 0.34257477651901530, penalty_k: 0.04803038605906969, scale_lr: 0.41323311815634844, EAO: 0.267
Trial 1532 finished with value: 0.2665805491974683 and parameters: {'window_influence': 0.3425747765190153, 'penalty_k': 0.04803038605906969, 'scale_lr': 0.41323311815634844}. Best is trial 1199 with value: 0.2814603819837415.
checkpoint_e22 window_influence: 0.31870378366987284, penalty_k: 0.03460358605781488, scale_lr: 0.39193708153404899, EAO: 0.251
Trial 1533 finished with value: 0.25070306531539777 and parameters: {'window_influence': 0.31870378366987284, 'penalty_k': 0.034603586057814884, 'scale_lr': 0.391937081534049}. Best is trial 1199 with value: 0.2814603819837415.
checkpoint_e22 window_influence: 0.33219583021060051, penalty_k: 0.02096177224387124, scale_lr: 0.36546324518436091, EAO: 0.258
Trial 1534 finished with value: 0.2576474295399053 and parameters: {'window_influence': 0.3321958302106005, 'penalty_k': 0.02096177224387124, 'scale_lr': 0.3654632451843609}. Best is trial 1199 with value: 0.2814603819837415.
checkpoint_e22 window_influence: 0.36176251510198315, penalty_k: 0.03777867352857375, scale_lr: 0.39722937816011505, EAO: 0.277
Trial 1535 finished with value: 0.2771711610560495 and parameters: {'window_influence': 0.36176251510198315, 'penalty_k': 0.03777867352857375, 'scale_lr': 0.39722937816011505}. Best is trial 1199 with value: 0.2814603819837415.
checkpoint_e22 window_influence: 0.36378500978859168, penalty_k: 0.04153983518867743, scale_lr: 0.39094757593334933, EAO: 0.256
Trial 1536 finished with value: 0.25554066999414105 and parameters: {'window_influence': 0.3637850097885917, 'penalty_k': 0.04153983518867743, 'scale_lr': 0.39094757593334933}. Best is trial 1199 with value: 0.2814603819837415.
checkpoint_e22 window_influence: 0.36231184742758815, penalty_k: 0.05242413875153100, scale_lr: 0.41110829005792571, EAO: 0.261
Trial 1537 finished with value: 0.26120417310697275 and parameters: {'window_influence': 0.36231184742758815, 'penalty_k': 0.052424138751531, 'scale_lr': 0.4111082900579257}. Best is trial 1199 with value: 0.2814603819837415.
checkpoint_e22 window_influence: 0.36219435939089761, penalty_k: 0.06336674552903483, scale_lr: 0.38418148614855530, EAO: 0.267
Trial 1538 finished with value: 0.2670473143216071 and parameters: {'window_influence': 0.3621943593908976, 'penalty_k': 0.06336674552903483, 'scale_lr': 0.3841814861485553}. Best is trial 1199 with value: 0.2814603819837415.
checkpoint_e22 window_influence: 0.35350519294936711, penalty_k: 0.04424792367991690, scale_lr: 0.40198975706786688, EAO: 0.266
Trial 1539 finished with value: 0.26594589614286657 and parameters: {'window_influence': 0.3535051929493671, 'penalty_k': 0.044247923679916895, 'scale_lr': 0.4019897570678669}. Best is trial 1199 with value: 0.2814603819837415.
checkpoint_e22 window_influence: 0.36157370591837340, penalty_k: 0.05431224335256231, scale_lr: 0.40638723079400468, EAO: 0.270
Trial 1540 finished with value: 0.26961346933754476 and parameters: {'window_influence': 0.3615737059183734, 'penalty_k': 0.05431224335256231, 'scale_lr': 0.4063872307940047}. Best is trial 1199 with value: 0.2814603819837415.
checkpoint_e22 window_influence: 0.34956670254739153, penalty_k: 0.03292296179658832, scale_lr: 0.39889281029959350, EAO: 0.277
Trial 1541 finished with value: 0.2766408856685569 and parameters: {'window_influence': 0.34956670254739153, 'penalty_k': 0.032922961796588324, 'scale_lr': 0.3988928102995935}. Best is trial 1199 with value: 0.2814603819837415.
checkpoint_e22 window_influence: 0.34509178910316424, penalty_k: 0.03801909550388152, scale_lr: 0.36970484315093916, EAO: 0.274
Trial 1542 finished with value: 0.27430784587210755 and parameters: {'window_influence': 0.34509178910316424, 'penalty_k': 0.03801909550388152, 'scale_lr': 0.36970484315093916}. Best is trial 1199 with value: 0.2814603819837415.
checkpoint_e22 window_influence: 0.34347277074446592, penalty_k: 0.03040357193034540, scale_lr: 0.36783841043617049, EAO: 0.269
