Trial 61 finished with value: 0.25691893630153767 and parameters: {'window_influence': 0.34087784307837893, 'penalty_k': 0.015388132537069138, 'scale_lr': 0.22820307653847188}. Best is trial 35 with value: 0.27627885390103346.
checkpoint_e32 window_influence: 0.34256634493124494, penalty_k: 0.06002581513917343, scale_lr: 0.26727661771287925, EAO: 0.261
Trial 62 finished with value: 0.26128237476436106 and parameters: {'window_influence': 0.34256634493124494, 'penalty_k': 0.060025815139173426, 'scale_lr': 0.26727661771287925}. Best is trial 35 with value: 0.27627885390103346.
checkpoint_e32 window_influence: 0.28487776137032134, penalty_k: 0.03088960434488352, scale_lr: 0.30575213816862584, EAO: 0.250
Trial 63 finished with value: 0.2500104629775373 and parameters: {'window_influence': 0.28487776137032134, 'penalty_k': 0.03088960434488352, 'scale_lr': 0.30575213816862584}. Best is trial 35 with value: 0.27627885390103346.
checkpoint_e32 window_influence: 0.31159096092182265, penalty_k: 0.11558347886761883, scale_lr: 0.19418433323927586, EAO: 0.268
Trial 64 finished with value: 0.2678821784088282 and parameters: {'window_influence': 0.31159096092182265, 'penalty_k': 0.11558347886761883, 'scale_lr': 0.19418433323927586}. Best is trial 35 with value: 0.27627885390103346.
checkpoint_e32 window_influence: 0.29615283663987074, penalty_k: 0.12839767579545375, scale_lr: 0.19354426044968456, EAO: 0.265
Trial 65 finished with value: 0.264610981432403 and parameters: {'window_influence': 0.29615283663987074, 'penalty_k': 0.12839767579545375, 'scale_lr': 0.19354426044968456}. Best is trial 35 with value: 0.27627885390103346.
checkpoint_e32 window_influence: 0.30151105738112299, penalty_k: 0.11635128997120520, scale_lr: 0.18929083616010628, EAO: 0.254
Trial 66 finished with value: 0.25419623150331216 and parameters: {'window_influence': 0.301511057381123, 'penalty_k': 0.1163512899712052, 'scale_lr': 0.18929083616010628}. Best is trial 35 with value: 0.27627885390103346.
checkpoint_e32 window_influence: 0.35582928216699777, penalty_k: 0.05662610642729897, scale_lr: 0.21429625240930530, EAO: 0.267
Trial 67 finished with value: 0.26737612940189315 and parameters: {'window_influence': 0.3558292821669978, 'penalty_k': 0.05662610642729897, 'scale_lr': 0.2142962524093053}. Best is trial 35 with value: 0.27627885390103346.
checkpoint_e32 window_influence: 0.35718632872297684, penalty_k: 0.02267863134692311, scale_lr: 0.21790882502979758, EAO: 0.255
Trial 68 finished with value: 0.2553761400342957 and parameters: {'window_influence': 0.35718632872297684, 'penalty_k': 0.022678631346923106, 'scale_lr': 0.21790882502979758}. Best is trial 35 with value: 0.27627885390103346.
checkpoint_e32 window_influence: 0.38265839004334073, penalty_k: 0.05570438146720256, scale_lr: 0.12910636166816625, EAO: 0.268
Trial 69 finished with value: 0.267854651845083 and parameters: {'window_influence': 0.38265839004334073, 'penalty_k': 0.05570438146720256, 'scale_lr': 0.12910636166816625}. Best is trial 35 with value: 0.27627885390103346.
checkpoint_e32 window_influence: 0.41561028372968156, penalty_k: 0.05440322425614601, scale_lr: 0.12567282039372796, EAO: 0.269
Trial 70 finished with value: 0.269195743934895 and parameters: {'window_influence': 0.41561028372968156, 'penalty_k': 0.054403224256146014, 'scale_lr': 0.12567282039372796}. Best is trial 35 with value: 0.27627885390103346.
checkpoint_e32 window_influence: 0.38665109983365076, penalty_k: 0.05317285026696476, scale_lr: 0.11995361826687931, EAO: 0.260
Trial 71 finished with value: 0.25995846662094924 and parameters: {'window_influence': 0.38665109983365076, 'penalty_k': 0.05317285026696476, 'scale_lr': 0.11995361826687931}. Best is trial 35 with value: 0.27627885390103346.
checkpoint_e32 window_influence: 0.41818317104857489, penalty_k: 0.08041977657204358, scale_lr: 0.14456101943908461, EAO: 0.257
Trial 72 finished with value: 0.2569027384970246 and parameters: {'window_influence': 0.4181831710485749, 'penalty_k': 0.08041977657204358, 'scale_lr': 0.14456101943908461}. Best is trial 35 with value: 0.27627885390103346.
checkpoint_e32 window_influence: 0.40117703772249891, penalty_k: 0.05403928581200343, scale_lr: 0.16747454318090194, EAO: 0.253
Trial 73 finished with value: 0.25283109239204143 and parameters: {'window_influence': 0.4011770377224989, 'penalty_k': 0.05403928581200343, 'scale_lr': 0.16747454318090194}. Best is trial 35 with value: 0.27627885390103346.
checkpoint_e32 window_influence: 0.37281859357069497, penalty_k: 0.06544081584255497, scale_lr: 0.12571821431172223, EAO: 0.259
Trial 74 finished with value: 0.2590921740464079 and parameters: {'window_influence': 0.37281859357069497, 'penalty_k': 0.06544081584255497, 'scale_lr': 0.12571821431172223}. Best is trial 35 with value: 0.27627885390103346.
checkpoint_e32 window_influence: 0.46414776772881650, penalty_k: 0.08919924609798691, scale_lr: 0.16712647832912345, EAO: 0.243
Trial 75 finished with value: 0.2430908777486018 and parameters: {'window_influence': 0.4641477677288165, 'penalty_k': 0.0891992460979869, 'scale_lr': 0.16712647832912345}. Best is trial 35 with value: 0.27627885390103346.
checkpoint_e32 window_influence: 0.43730945366026158, penalty_k: 0.11032785052078756, scale_lr: 0.23412033030723137, EAO: 0.257
Trial 76 finished with value: 0.2569502147474909 and parameters: {'window_influence': 0.4373094536602616, 'penalty_k': 0.11032785052078756, 'scale_lr': 0.23412033030723137}. Best is trial 35 with value: 0.27627885390103346.
checkpoint_e32 window_influence: 0.38503750807829562, penalty_k: 0.04580558134367612, scale_lr: 0.14744443794744083, EAO: 0.259
Trial 77 finished with value: 0.25863356185637837 and parameters: {'window_influence': 0.3850375080782956, 'penalty_k': 0.04580558134367612, 'scale_lr': 0.14744443794744083}. Best is trial 35 with value: 0.27627885390103346.
checkpoint_e32 window_influence: 0.33556771047617895, penalty_k: 0.07625479262584772, scale_lr: 0.20913945666370637, EAO: 0.263
Trial 78 finished with value: 0.26336760576662976 and parameters: {'window_influence': 0.33556771047617895, 'penalty_k': 0.07625479262584772, 'scale_lr': 0.20913945666370637}. Best is trial 35 with value: 0.27627885390103346.
checkpoint_e32 window_influence: 0.36818559594415246, penalty_k: 0.15932782596138262, scale_lr: 0.25311984221418155, EAO: 0.267
Trial 79 finished with value: 0.26736440818484236 and parameters: {'window_influence': 0.36818559594415246, 'penalty_k': 0.15932782596138262, 'scale_lr': 0.25311984221418155}. Best is trial 35 with value: 0.27627885390103346.
checkpoint_e32 window_influence: 0.31000679999627517, penalty_k: 0.01504381399616495, scale_lr: 0.10712097921843121, EAO: 0.257
Trial 80 finished with value: 0.256506630196804 and parameters: {'window_influence': 0.3100067999962752, 'penalty_k': 0.015043813996164952, 'scale_lr': 0.10712097921843121}. Best is trial 35 with value: 0.27627885390103346.
checkpoint_e32 window_influence: 0.36323580201611111, penalty_k: 0.15729863590149959, scale_lr: 0.25246071386789620, EAO: 0.260
Trial 81 finished with value: 0.2600934993081946 and parameters: {'window_influence': 0.3632358020161111, 'penalty_k': 0.1572986359014996, 'scale_lr': 0.2524607138678962}. Best is trial 35 with value: 0.27627885390103346.
checkpoint_e32 window_influence: 0.37758602113533468, penalty_k: 0.10716930781395637, scale_lr: 0.26724417628774066, EAO: 0.261
Trial 82 finished with value: 0.26070688125806124 and parameters: {'window_influence': 0.3775860211353347, 'penalty_k': 0.10716930781395637, 'scale_lr': 0.26724417628774066}. Best is trial 35 with value: 0.27627885390103346.
checkpoint_e32 window_influence: 0.33345448606500444, penalty_k: 0.14954691282493071, scale_lr: 0.20540819764062895, EAO: 0.269
Trial 83 finished with value: 0.2685481757531321 and parameters: {'window_influence': 0.33345448606500444, 'penalty_k': 0.1495469128249307, 'scale_lr': 0.20540819764062895}. Best is trial 35 with value: 0.27627885390103346.
checkpoint_e32 window_influence: 0.40257207419674840, penalty_k: 0.09808253342448983, scale_lr: 0.17481786687792422, EAO: 0.257
Trial 84 finished with value: 0.2570288806426816 and parameters: {'window_influence': 0.4025720741967484, 'penalty_k': 0.09808253342448983, 'scale_lr': 0.17481786687792422}. Best is trial 35 with value: 0.27627885390103346.
checkpoint_e32 window_influence: 0.34118221920683522, penalty_k: 0.06932233054384034, scale_lr: 0.20913877633900382, EAO: 0.265
Trial 85 finished with value: 0.265335294834482 and parameters: {'window_influence': 0.3411822192068352, 'penalty_k': 0.06932233054384034, 'scale_lr': 0.20913877633900382}. Best is trial 35 with value: 0.27627885390103346.
checkpoint_e32 window_influence: 0.33021115919110633, penalty_k: 0.12813371047027264, scale_lr: 0.23365622280224199, EAO: 0.256
Trial 86 finished with value: 0.25595510696492546 and parameters: {'window_influence': 0.33021115919110633, 'penalty_k': 0.12813371047027264, 'scale_lr': 0.233656222802242}. Best is trial 35 with value: 0.27627885390103346.
checkpoint_e32 window_influence: 0.31366983827829847, penalty_k: 0.14855230435429859, scale_lr: 0.12705689468107434, EAO: 0.260
Trial 87 finished with value: 0.25954323461869866 and parameters: {'window_influence': 0.3136698382782985, 'penalty_k': 0.1485523043542986, 'scale_lr': 0.12705689468107434}. Best is trial 35 with value: 0.27627885390103346.
checkpoint_e32 window_influence: 0.38784247664616223, penalty_k: 0.08600936589709882, scale_lr: 0.15722698670165600, EAO: 0.257
Trial 88 finished with value: 0.2571698095255751 and parameters: {'window_influence': 0.3878424766461622, 'penalty_k': 0.08600936589709882, 'scale_lr': 0.157226986701656}. Best is trial 35 with value: 0.27627885390103346.
checkpoint_e32 window_influence: 0.35895623295237361, penalty_k: 0.04185388263149781, scale_lr: 0.21969305911114276, EAO: 0.267
Trial 89 finished with value: 0.26706206562315543 and parameters: {'window_influence': 0.3589562329523736, 'penalty_k': 0.041853882631497814, 'scale_lr': 0.21969305911114276}. Best is trial 35 with value: 0.27627885390103346.
checkpoint_e32 window_influence: 0.41925774628755846, penalty_k: 0.06448249743878033, scale_lr: 0.17939387421345537, EAO: 0.258
Trial 90 finished with value: 0.25834596883959887 and parameters: {'window_influence': 0.41925774628755846, 'penalty_k': 0.06448249743878033, 'scale_lr': 0.17939387421345537}. Best is trial 35 with value: 0.27627885390103346.
checkpoint_e32 window_influence: 0.36836713950567124, penalty_k: 0.12021113531260404, scale_lr: 0.25182173140245995, EAO: 0.265
Trial 91 finished with value: 0.2651497453330009 and parameters: {'window_influence': 0.36836713950567124, 'penalty_k': 0.12021113531260404, 'scale_lr': 0.25182173140245995}. Best is trial 35 with value: 0.27627885390103346.
checkpoint_e32 window_influence: 0.34797247709754880, penalty_k: 0.17957565961570487, scale_lr: 0.29214512991391361, EAO: 0.261
Trial 92 finished with value: 0.2611805970470111 and parameters: {'window_influence': 0.3479724770975488, 'penalty_k': 0.17957565961570487, 'scale_lr': 0.2921451299139136}. Best is trial 35 with value: 0.27627885390103346.
checkpoint_e32 window_influence: 0.32194381610310824, penalty_k: 0.14435187024436760, scale_lr: 0.20182472746947311, EAO: 0.261
Trial 93 finished with value: 0.2606082779726362 and parameters: {'window_influence': 0.32194381610310824, 'penalty_k': 0.1443518702443676, 'scale_lr': 0.2018247274694731}. Best is trial 35 with value: 0.27627885390103346.
checkpoint_e32 window_influence: 0.36158837469283656, penalty_k: 0.15976431539220912, scale_lr: 0.27789478868494066, EAO: 0.267
Trial 94 finished with value: 0.26727905336434277 and parameters: {'window_influence': 0.36158837469283656, 'penalty_k': 0.15976431539220912, 'scale_lr': 0.27789478868494066}. Best is trial 35 with value: 0.27627885390103346.
checkpoint_e32 window_influence: 0.39612260807274485, penalty_k: 0.09717974339688748, scale_lr: 0.24569524816660754, EAO: 0.261
Trial 95 finished with value: 0.2607330018427314 and parameters: {'window_influence': 0.39612260807274485, 'penalty_k': 0.09717974339688748, 'scale_lr': 0.24569524816660754}. Best is trial 35 with value: 0.27627885390103346.
checkpoint_e32 window_influence: 0.37423167303036231, penalty_k: 0.12019462576472204, scale_lr: 0.22900519861805571, EAO: 0.265
Trial 96 finished with value: 0.2647841929541371 and parameters: {'window_influence': 0.3742316730303623, 'penalty_k': 0.12019462576472204, 'scale_lr': 0.2290051986180557}. Best is trial 35 with value: 0.27627885390103346.
checkpoint_e32 window_influence: 0.33579782601895081, penalty_k: 0.03904594899007237, scale_lr: 0.15928592998188126, EAO: 0.258
Trial 97 finished with value: 0.2577547914976996 and parameters: {'window_influence': 0.3357978260189508, 'penalty_k': 0.03904594899007237, 'scale_lr': 0.15928592998188126}. Best is trial 35 with value: 0.27627885390103346.
checkpoint_e32 window_influence: 0.41163868425230832, penalty_k: 0.07822626308221528, scale_lr: 0.26378297449261384, EAO: 0.261
Trial 98 finished with value: 0.2613916475234962 and parameters: {'window_influence': 0.4116386842523083, 'penalty_k': 0.07822626308221528, 'scale_lr': 0.26378297449261384}. Best is trial 35 with value: 0.27627885390103346.
checkpoint_e32 window_influence: 0.29155841385842007, penalty_k: 0.10241576754537442, scale_lr: 0.13212673901832780, EAO: 0.260
Trial 99 finished with value: 0.25967775188325865 and parameters: {'window_influence': 0.2915584138584201, 'penalty_k': 0.10241576754537442, 'scale_lr': 0.1321267390183278}. Best is trial 35 with value: 0.27627885390103346.
checkpoint_e32 window_influence: 0.31344134007444269, penalty_k: 0.00194007724563967, scale_lr: 0.20052973231052337, EAO: 0.257
Trial 100 finished with value: 0.25653254240751266 and parameters: {'window_influence': 0.3134413400744427, 'penalty_k': 0.0019400772456396737, 'scale_lr': 0.20052973231052337}. Best is trial 35 with value: 0.27627885390103346.
checkpoint_e32 window_influence: 0.36310061685685824, penalty_k: 0.15510070611286500, scale_lr: 0.28816963305184434, EAO: 0.258
Trial 101 finished with value: 0.2576311734027979 and parameters: {'window_influence': 0.36310061685685824, 'penalty_k': 0.155100706112865, 'scale_lr': 0.28816963305184434}. Best is trial 35 with value: 0.27627885390103346.
checkpoint_e32 window_influence: 0.35266785953197888, penalty_k: 0.16354556203908199, scale_lr: 0.30711701191274154, EAO: 0.249
Trial 102 finished with value: 0.24913325911857248 and parameters: {'window_influence': 0.3526678595319789, 'penalty_k': 0.163545562039082, 'scale_lr': 0.30711701191274154}. Best is trial 35 with value: 0.27627885390103346.
checkpoint_e32 window_influence: 0.38516760343620055, penalty_k: 0.17633561200933390, scale_lr: 0.27011007759355599, EAO: 0.270
Trial 103 finished with value: 0.26998067126283803 and parameters: {'window_influence': 0.38516760343620055, 'penalty_k': 0.1763356120093339, 'scale_lr': 0.270110077593556}. Best is trial 35 with value: 0.27627885390103346.
checkpoint_e32 window_influence: 0.38256674359353909, penalty_k: 0.18303398113618274, scale_lr: 0.24039560865883983, EAO: 0.275
Trial 104 finished with value: 0.27465673105988075 and parameters: {'window_influence': 0.3825667435935391, 'penalty_k': 0.18303398113618274, 'scale_lr': 0.24039560865883983}. Best is trial 35 with value: 0.27627885390103346.
checkpoint_e32 window_influence: 0.38358761398551422, penalty_k: 0.20800956964581779, scale_lr: 0.10088712492060159, EAO: 0.261
Trial 105 finished with value: 0.26073866361767295 and parameters: {'window_influence': 0.3835876139855142, 'penalty_k': 0.2080095696458178, 'scale_lr': 0.10088712492060159}. Best is trial 35 with value: 0.27627885390103346.
checkpoint_e32 window_influence: 0.40070410381024296, penalty_k: 0.13859074100401292, scale_lr: 0.21878610336946067, EAO: 0.246
Trial 106 finished with value: 0.24601425987675907 and parameters: {'window_influence': 0.40070410381024296, 'penalty_k': 0.13859074100401292, 'scale_lr': 0.21878610336946067}. Best is trial 35 with value: 0.27627885390103346.
checkpoint_e32 window_influence: 0.42778349993421028, penalty_k: 0.05397573641775984, scale_lr: 0.17692738138359435, EAO: 0.256
Trial 107 finished with value: 0.25565422726113624 and parameters: {'window_influence': 0.4277834999342103, 'penalty_k': 0.05397573641775984, 'scale_lr': 0.17692738138359435}. Best is trial 35 with value: 0.27627885390103346.
checkpoint_e32 window_influence: 0.32814544079005381, penalty_k: 0.19087060920262536, scale_lr: 0.27280675272017219, EAO: 0.269
Trial 108 finished with value: 0.2692169515582604 and parameters: {'window_influence': 0.3281454407900538, 'penalty_k': 0.19087060920262536, 'scale_lr': 0.2728067527201722}. Best is trial 35 with value: 0.27627885390103346.
checkpoint_e32 window_influence: 0.33061784557671187, penalty_k: 0.17271021594193700, scale_lr: 0.24003559165966562, EAO: 0.264
Trial 109 finished with value: 0.2635461323992993 and parameters: {'window_influence': 0.33061784557671187, 'penalty_k': 0.172710215941937, 'scale_lr': 0.24003559165966562}. Best is trial 35 with value: 0.27627885390103346.
checkpoint_e32 window_influence: 0.38015856353845856, penalty_k: 0.17846894164481183, scale_lr: 0.27856347663082665, EAO: 0.247
Trial 110 finished with value: 0.24719578451742003 and parameters: {'window_influence': 0.38015856353845856, 'penalty_k': 0.17846894164481183, 'scale_lr': 0.27856347663082665}. Best is trial 35 with value: 0.27627885390103346.
checkpoint_e32 window_influence: 0.34775707136831374, penalty_k: 0.18188879706852640, scale_lr: 0.26469438538650791, EAO: 0.269
Trial 111 finished with value: 0.26900938395562213 and parameters: {'window_influence': 0.34775707136831374, 'penalty_k': 0.1818887970685264, 'scale_lr': 0.2646943853865079}. Best is trial 35 with value: 0.27627885390103346.
checkpoint_e32 window_influence: 0.34524706364485880, penalty_k: 0.19383418400981151, scale_lr: 0.26476065214448269, EAO: 0.267
Trial 112 finished with value: 0.26711233160117775 and parameters: {'window_influence': 0.3452470636448588, 'penalty_k': 0.1938341840098115, 'scale_lr': 0.2647606521444827}. Best is trial 35 with value: 0.27627885390103346.
checkpoint_e32 window_influence: 0.32144363004048648, penalty_k: 0.22149876905057886, scale_lr: 0.29546103373194654, EAO: 0.261
Trial 113 finished with value: 0.26113482364794105 and parameters: {'window_influence': 0.3214436300404865, 'penalty_k': 0.22149876905057886, 'scale_lr': 0.29546103373194654}. Best is trial 35 with value: 0.27627885390103346.
checkpoint_e32 window_influence: 0.39307241504216184, penalty_k: 0.19277986495209640, scale_lr: 0.27246390533548359, EAO: 0.264
Trial 114 finished with value: 0.26351417473903516 and parameters: {'window_influence': 0.39307241504216184, 'penalty_k': 0.1927798649520964, 'scale_lr': 0.2724639053354836}. Best is trial 35 with value: 0.27627885390103346.
checkpoint_e32 window_influence: 0.33933947940171716, penalty_k: 0.18178508504732230, scale_lr: 0.24434706015380098, EAO: 0.263
Trial 115 finished with value: 0.2625322555744551 and parameters: {'window_influence': 0.33933947940171716, 'penalty_k': 0.1817850850473223, 'scale_lr': 0.24434706015380098}. Best is trial 35 with value: 0.27627885390103346.
checkpoint_e32 window_influence: 0.30580619162052664, penalty_k: 0.20551552523439820, scale_lr: 0.19518235215141178, EAO: 0.252
Trial 116 finished with value: 0.25228230673365476 and parameters: {'window_influence': 0.30580619162052664, 'penalty_k': 0.2055155252343982, 'scale_lr': 0.19518235215141178}. Best is trial 35 with value: 0.27627885390103346.
checkpoint_e32 window_influence: 0.40878838731227507, penalty_k: 0.22334584876469110, scale_lr: 0.32295942220056206, EAO: 0.242
Trial 117 finished with value: 0.2419996001129228 and parameters: {'window_influence': 0.40878838731227507, 'penalty_k': 0.2233458487646911, 'scale_lr': 0.32295942220056206}. Best is trial 35 with value: 0.27627885390103346.
checkpoint_e32 window_influence: 0.37952111798003169, penalty_k: 0.24211483095360067, scale_lr: 0.14054806647184953, EAO: 0.252
Trial 118 finished with value: 0.2524154217747169 and parameters: {'window_influence': 0.3795211179800317, 'penalty_k': 0.24211483095360067, 'scale_lr': 0.14054806647184953}. Best is trial 35 with value: 0.27627885390103346.
checkpoint_e32 window_influence: 0.28734964515715877, penalty_k: 0.18374337738980684, scale_lr: 0.22925311512429555, EAO: 0.252
Trial 119 finished with value: 0.2518210721815505 and parameters: {'window_influence': 0.2873496451571588, 'penalty_k': 0.18374337738980684, 'scale_lr': 0.22925311512429555}. Best is trial 35 with value: 0.27627885390103346.
checkpoint_e32 window_influence: 0.34541701386982820, penalty_k: 0.13686590745200869, scale_lr: 0.25942471476966988, EAO: 0.263
Trial 120 finished with value: 0.26285908668021846 and parameters: {'window_influence': 0.3454170138698282, 'penalty_k': 0.1368659074520087, 'scale_lr': 0.2594247147696699}. Best is trial 35 with value: 0.27627885390103346.
checkpoint_e32 window_influence: 0.35843963232568510, penalty_k: 0.16848384764671936, scale_lr: 0.22272420631255890, EAO: 0.271
Trial 121 finished with value: 0.2708806153841135 and parameters: {'window_influence': 0.3584396323256851, 'penalty_k': 0.16848384764671936, 'scale_lr': 0.2227242063125589}. Best is trial 35 with value: 0.27627885390103346.
checkpoint_e32 window_influence: 0.39502169826196448, penalty_k: 0.17032034284840428, scale_lr: 0.22380324066881957, EAO: 0.266
Trial 122 finished with value: 0.26581215919033296 and parameters: {'window_influence': 0.3950216982619645, 'penalty_k': 0.17032034284840428, 'scale_lr': 0.22380324066881957}. Best is trial 35 with value: 0.27627885390103346.
checkpoint_e32 window_influence: 0.35679369401714134, penalty_k: 0.14887748357701047, scale_lr: 0.18874380218504591, EAO: 0.269
