Trial 744 finished with value: 0.24183656396420022 and parameters: {'window_influence': 0.32692697564213263, 'penalty_k': 0.5806032133384312, 'scale_lr': 0.5336356715403511}. Best is trial 431 with value: 0.29227477542268554.
checkpoint_e34 window_influence: 0.54282773722439759, penalty_k: 0.17870941017275938, scale_lr: 0.27137452746124380, EAO: 0.242
Trial 745 finished with value: 0.2415571267284998 and parameters: {'window_influence': 0.5428277372243976, 'penalty_k': 0.17870941017275938, 'scale_lr': 0.2713745274612438}. Best is trial 431 with value: 0.29227477542268554.
checkpoint_e34 window_influence: 0.09451534635739589, penalty_k: 0.27728230612343407, scale_lr: 0.77337414751476974, EAO: 0.237
Trial 746 finished with value: 0.2372306478701956 and parameters: {'window_influence': 0.09451534635739589, 'penalty_k': 0.2772823061234341, 'scale_lr': 0.7733741475147697}. Best is trial 431 with value: 0.29227477542268554.
checkpoint_e34 window_influence: 0.29467045812574821, penalty_k: 0.20318510408642662, scale_lr: 0.45611648119530745, EAO: 0.256
Trial 747 finished with value: 0.25579447196266514 and parameters: {'window_influence': 0.2946704581257482, 'penalty_k': 0.20318510408642662, 'scale_lr': 0.45611648119530745}. Best is trial 431 with value: 0.29227477542268554.
checkpoint_e34 window_influence: 0.35484518842886620, penalty_k: 0.09704833993000364, scale_lr: 0.70448182593031106, EAO: 0.264
Trial 748 finished with value: 0.26411546712241524 and parameters: {'window_influence': 0.3548451884288662, 'penalty_k': 0.09704833993000364, 'scale_lr': 0.7044818259303111}. Best is trial 431 with value: 0.29227477542268554.
checkpoint_e34 window_influence: 0.30775733982240588, penalty_k: 0.32847192778222895, scale_lr: 0.48336596095656781, EAO: 0.260
Trial 749 finished with value: 0.260391706858224 and parameters: {'window_influence': 0.3077573398224059, 'penalty_k': 0.32847192778222895, 'scale_lr': 0.4833659609565678}. Best is trial 431 with value: 0.29227477542268554.
checkpoint_e34 window_influence: 0.58639464437035360, penalty_k: 0.26422632606550250, scale_lr: 0.19119723591377760, EAO: 0.228
Trial 750 finished with value: 0.2281376021664317 and parameters: {'window_influence': 0.5863946443703536, 'penalty_k': 0.2642263260655025, 'scale_lr': 0.1911972359137776}. Best is trial 431 with value: 0.29227477542268554.
checkpoint_e34 window_influence: 0.08801163365059717, penalty_k: 0.23197027363359213, scale_lr: 0.49760401518806596, EAO: 0.233
Trial 751 finished with value: 0.23320967401188564 and parameters: {'window_influence': 0.08801163365059717, 'penalty_k': 0.23197027363359213, 'scale_lr': 0.49760401518806596}. Best is trial 431 with value: 0.29227477542268554.
checkpoint_e34 window_influence: 0.10005575183891574, penalty_k: 0.21267512543833847, scale_lr: 0.13098690386667478, EAO: 0.250
Trial 752 finished with value: 0.24953981743353168 and parameters: {'window_influence': 0.10005575183891574, 'penalty_k': 0.21267512543833847, 'scale_lr': 0.13098690386667478}. Best is trial 431 with value: 0.29227477542268554.
checkpoint_e34 window_influence: 0.45493140897814133, penalty_k: 0.19163007685199746, scale_lr: 0.31905288388749203, EAO: 0.250
Trial 753 finished with value: 0.25041726988747837 and parameters: {'window_influence': 0.4549314089781413, 'penalty_k': 0.19163007685199746, 'scale_lr': 0.31905288388749203}. Best is trial 431 with value: 0.29227477542268554.
checkpoint_e34 window_influence: 0.27877645439171372, penalty_k: 0.16466548072662618, scale_lr: 0.43154967949609763, EAO: 0.260
Trial 754 finished with value: 0.2598473234026413 and parameters: {'window_influence': 0.2787764543917137, 'penalty_k': 0.16466548072662618, 'scale_lr': 0.4315496794960976}. Best is trial 431 with value: 0.29227477542268554.
checkpoint_e34 window_influence: 0.47660101341554945, penalty_k: 0.39916590308025085, scale_lr: 0.67312185936629532, EAO: 0.245
Trial 755 finished with value: 0.24465708658704913 and parameters: {'window_influence': 0.47660101341554945, 'penalty_k': 0.39916590308025085, 'scale_lr': 0.6731218593662953}. Best is trial 431 with value: 0.29227477542268554.
checkpoint_e34 window_influence: 0.34106511597928890, penalty_k: 0.36148861108754698, scale_lr: 0.52508868032340872, EAO: 0.257
Trial 756 finished with value: 0.2570446077279928 and parameters: {'window_influence': 0.3410651159792889, 'penalty_k': 0.361488611087547, 'scale_lr': 0.5250886803234087}. Best is trial 431 with value: 0.29227477542268554.
checkpoint_e34 window_influence: 0.33133590464406149, penalty_k: 0.00299452535303018, scale_lr: 0.35163809981012961, EAO: 0.262
Trial 757 finished with value: 0.26218988322387865 and parameters: {'window_influence': 0.3313359046440615, 'penalty_k': 0.0029945253530301794, 'scale_lr': 0.3516380998101296}. Best is trial 431 with value: 0.29227477542268554.
checkpoint_e34 window_influence: 0.56178646250268172, penalty_k: 0.07046398020487354, scale_lr: 0.63720457838210165, EAO: 0.243
Trial 758 finished with value: 0.24330495721925566 and parameters: {'window_influence': 0.5617864625026817, 'penalty_k': 0.07046398020487354, 'scale_lr': 0.6372045783821016}. Best is trial 431 with value: 0.29227477542268554.
checkpoint_e34 window_influence: 0.31532939064189536, penalty_k: 0.15422660229600307, scale_lr: 0.50570689485820441, EAO: 0.258
Trial 759 finished with value: 0.25752855649566264 and parameters: {'window_influence': 0.31532939064189536, 'penalty_k': 0.15422660229600307, 'scale_lr': 0.5057068948582044}. Best is trial 431 with value: 0.29227477542268554.
checkpoint_e34 window_influence: 0.26010849785777679, penalty_k: 0.22087491713008886, scale_lr: 0.73104133630540591, EAO: 0.275
Trial 760 finished with value: 0.27526865033357123 and parameters: {'window_influence': 0.2601084978577768, 'penalty_k': 0.22087491713008886, 'scale_lr': 0.7310413363054059}. Best is trial 431 with value: 0.29227477542268554.
checkpoint_e34 window_influence: 0.29351458880303105, penalty_k: 0.30673464363523356, scale_lr: 0.24442719417403228, EAO: 0.270
Trial 761 finished with value: 0.2696265739396336 and parameters: {'window_influence': 0.29351458880303105, 'penalty_k': 0.30673464363523356, 'scale_lr': 0.24442719417403228}. Best is trial 431 with value: 0.29227477542268554.
checkpoint_e34 window_influence: 0.21354817171313090, penalty_k: 0.25032140021604338, scale_lr: 0.71817143903486214, EAO: 0.246
Trial 762 finished with value: 0.24630584525383584 and parameters: {'window_influence': 0.2135481717131309, 'penalty_k': 0.2503214002160434, 'scale_lr': 0.7181714390348621}. Best is trial 431 with value: 0.29227477542268554.
checkpoint_e34 window_influence: 0.11158152355119361, penalty_k: 0.54236333606912113, scale_lr: 0.55400349120165404, EAO: 0.226
Trial 763 finished with value: 0.22610087698794962 and parameters: {'window_influence': 0.1115815235511936, 'penalty_k': 0.5423633360691211, 'scale_lr': 0.554003491201654}. Best is trial 431 with value: 0.29227477542268554.
checkpoint_e34 window_influence: 0.31802846089219872, penalty_k: 0.18593226284597328, scale_lr: 0.46916402654440598, EAO: 0.268
Trial 764 finished with value: 0.26794169479753915 and parameters: {'window_influence': 0.3180284608921987, 'penalty_k': 0.18593226284597328, 'scale_lr': 0.469164026544406}. Best is trial 431 with value: 0.29227477542268554.
checkpoint_e34 window_influence: 0.27718366592795241, penalty_k: 0.49750067843195855, scale_lr: 0.22588149694873502, EAO: 0.250
Trial 765 finished with value: 0.24963731482261564 and parameters: {'window_influence': 0.2771836659279524, 'penalty_k': 0.49750067843195855, 'scale_lr': 0.22588149694873502}. Best is trial 431 with value: 0.29227477542268554.
checkpoint_e34 window_influence: 0.20579593566904564, penalty_k: 0.20287155534373089, scale_lr: 0.36979371341217615, EAO: 0.254
Trial 766 finished with value: 0.25393544361601034 and parameters: {'window_influence': 0.20579593566904564, 'penalty_k': 0.20287155534373089, 'scale_lr': 0.36979371341217615}. Best is trial 431 with value: 0.29227477542268554.
checkpoint_e34 window_influence: 0.57520975921515916, penalty_k: 0.23881549434218732, scale_lr: 0.51518268499445485, EAO: 0.235
Trial 767 finished with value: 0.2349923343314388 and parameters: {'window_influence': 0.5752097592151592, 'penalty_k': 0.23881549434218732, 'scale_lr': 0.5151826849944549}. Best is trial 431 with value: 0.29227477542268554.
checkpoint_e34 window_influence: 0.46591718453177577, penalty_k: 0.13607454252839069, scale_lr: 0.53555487002282443, EAO: 0.253
Trial 768 finished with value: 0.25276172209561354 and parameters: {'window_influence': 0.4659171845317758, 'penalty_k': 0.13607454252839069, 'scale_lr': 0.5355548700228244}. Best is trial 431 with value: 0.29227477542268554.
checkpoint_e34 window_influence: 0.30635348040048604, penalty_k: 0.17377472375915681, scale_lr: 0.78609716865967438, EAO: 0.255
Trial 769 finished with value: 0.2550014804412679 and parameters: {'window_influence': 0.30635348040048604, 'penalty_k': 0.1737747237591568, 'scale_lr': 0.7860971686596744}. Best is trial 431 with value: 0.29227477542268554.
checkpoint_e34 window_influence: 0.33435429772996028, penalty_k: 0.21377098428212402, scale_lr: 0.49064744166380014, EAO: 0.254
Trial 770 finished with value: 0.25401354902158907 and parameters: {'window_influence': 0.3343542977299603, 'penalty_k': 0.21377098428212402, 'scale_lr': 0.49064744166380014}. Best is trial 431 with value: 0.29227477542268554.
checkpoint_e34 window_influence: 0.41269635767030671, penalty_k: 0.29277919928394969, scale_lr: 0.38550413723859400, EAO: 0.267
Trial 771 finished with value: 0.2671810469128252 and parameters: {'window_influence': 0.4126963576703067, 'penalty_k': 0.2927791992839497, 'scale_lr': 0.385504137238594}. Best is trial 431 with value: 0.29227477542268554.
checkpoint_e34 window_influence: 0.46802544794998646, penalty_k: 0.34579842499631630, scale_lr: 0.28977289443735854, EAO: 0.249
Trial 772 finished with value: 0.24924884881915116 and parameters: {'window_influence': 0.46802544794998646, 'penalty_k': 0.3457984249963163, 'scale_lr': 0.28977289443735854}. Best is trial 431 with value: 0.29227477542268554.
checkpoint_e34 window_influence: 0.28899222217574771, penalty_k: 0.39006819582748514, scale_lr: 0.69474762411648849, EAO: 0.244
Trial 773 finished with value: 0.24385027223970832 and parameters: {'window_influence': 0.2889922221757477, 'penalty_k': 0.39006819582748514, 'scale_lr': 0.6947476241164885}. Best is trial 431 with value: 0.29227477542268554.
checkpoint_e34 window_influence: 0.35027534405220401, penalty_k: 0.27647854309080877, scale_lr: 0.15896732391223170, EAO: 0.247
Trial 774 finished with value: 0.24721116717995667 and parameters: {'window_influence': 0.350275344052204, 'penalty_k': 0.27647854309080877, 'scale_lr': 0.1589673239122317}. Best is trial 431 with value: 0.29227477542268554.
checkpoint_e34 window_influence: 0.37467889378871633, penalty_k: 0.41927624096797728, scale_lr: 0.74583626583733220, EAO: 0.252
Trial 775 finished with value: 0.25154039057774275 and parameters: {'window_influence': 0.3746788937887163, 'penalty_k': 0.4192762409679773, 'scale_lr': 0.7458362658373322}. Best is trial 431 with value: 0.29227477542268554.
checkpoint_e34 window_influence: 0.49565660806656031, penalty_k: 0.25639623580127835, scale_lr: 0.23496813883732529, EAO: 0.251
Trial 776 finished with value: 0.25126128250021273 and parameters: {'window_influence': 0.4956566080665603, 'penalty_k': 0.25639623580127835, 'scale_lr': 0.23496813883732529}. Best is trial 431 with value: 0.29227477542268554.
checkpoint_e34 window_influence: 0.32495083906680972, penalty_k: 0.19742788235440850, scale_lr: 0.51646463779619012, EAO: 0.270
Trial 777 finished with value: 0.27021060726506924 and parameters: {'window_influence': 0.3249508390668097, 'penalty_k': 0.1974278823544085, 'scale_lr': 0.5164646377961901}. Best is trial 431 with value: 0.29227477542268554.
checkpoint_e34 window_influence: 0.30265308612793373, penalty_k: 0.23448743700558047, scale_lr: 0.56533831835834236, EAO: 0.263
Trial 778 finished with value: 0.26296431964975064 and parameters: {'window_influence': 0.30265308612793373, 'penalty_k': 0.23448743700558047, 'scale_lr': 0.5653383183583424}. Best is trial 431 with value: 0.29227477542268554.
checkpoint_e34 window_influence: 0.36254843216741389, penalty_k: 0.11713563680489708, scale_lr: 0.65531417830545291, EAO: 0.252
Trial 779 finished with value: 0.2524501975716614 and parameters: {'window_influence': 0.3625484321674139, 'penalty_k': 0.11713563680489708, 'scale_lr': 0.6553141783054529}. Best is trial 431 with value: 0.29227477542268554.
checkpoint_e34 window_influence: 0.31289341496410822, penalty_k: 0.42952873668815372, scale_lr: 0.53491627601719394, EAO: 0.257
Trial 780 finished with value: 0.25724642457273916 and parameters: {'window_influence': 0.3128934149641082, 'penalty_k': 0.4295287366881537, 'scale_lr': 0.5349162760171939}. Best is trial 431 with value: 0.29227477542268554.
checkpoint_e34 window_influence: 0.26612528109805783, penalty_k: 0.22171095583963463, scale_lr: 0.47759375495329992, EAO: 0.278
Trial 781 finished with value: 0.2777289799073847 and parameters: {'window_influence': 0.26612528109805783, 'penalty_k': 0.22171095583963463, 'scale_lr': 0.4775937549532999}. Best is trial 431 with value: 0.29227477542268554.
checkpoint_e34 window_influence: 0.25715856660471853, penalty_k: 0.07890425243122812, scale_lr: 0.45872856094673803, EAO: 0.257
Trial 782 finished with value: 0.2572636212396428 and parameters: {'window_influence': 0.25715856660471853, 'penalty_k': 0.07890425243122812, 'scale_lr': 0.45872856094673803}. Best is trial 431 with value: 0.29227477542268554.
checkpoint_e34 window_influence: 0.26642458116407797, penalty_k: 0.22359558829299628, scale_lr: 0.47769847531352555, EAO: 0.280
Trial 783 finished with value: 0.27969990161860864 and parameters: {'window_influence': 0.26642458116407797, 'penalty_k': 0.22359558829299628, 'scale_lr': 0.47769847531352555}. Best is trial 431 with value: 0.29227477542268554.
checkpoint_e34 window_influence: 0.26506872363174266, penalty_k: 0.22294886613466441, scale_lr: 0.47773045165882749, EAO: 0.283
Trial 784 finished with value: 0.2827472194302373 and parameters: {'window_influence': 0.26506872363174266, 'penalty_k': 0.22294886613466441, 'scale_lr': 0.4777304516588275}. Best is trial 431 with value: 0.29227477542268554.
checkpoint_e34 window_influence: 0.26268764100295311, penalty_k: 0.22501038788643180, scale_lr: 0.47185778009952289, EAO: 0.260
Trial 785 finished with value: 0.25967342957733125 and parameters: {'window_influence': 0.2626876410029531, 'penalty_k': 0.2250103878864318, 'scale_lr': 0.4718577800995229}. Best is trial 431 with value: 0.29227477542268554.
checkpoint_e34 window_influence: 0.24313454745310223, penalty_k: 0.22798554650103064, scale_lr: 0.44550758056868012, EAO: 0.260
Trial 786 finished with value: 0.259597914247978 and parameters: {'window_influence': 0.24313454745310223, 'penalty_k': 0.22798554650103064, 'scale_lr': 0.4455075805686801}. Best is trial 431 with value: 0.29227477542268554.
checkpoint_e34 window_influence: 0.26687864116963711, penalty_k: 0.22089527413156734, scale_lr: 0.47924927501873410, EAO: 0.281
Trial 787 finished with value: 0.28112184050364225 and parameters: {'window_influence': 0.2668786411696371, 'penalty_k': 0.22089527413156734, 'scale_lr': 0.4792492750187341}. Best is trial 431 with value: 0.29227477542268554.
checkpoint_e34 window_influence: 0.25282647247480122, penalty_k: 0.23670150087613995, scale_lr: 0.47718468467660785, EAO: 0.269
Trial 788 finished with value: 0.268559084796324 and parameters: {'window_influence': 0.2528264724748012, 'penalty_k': 0.23670150087613995, 'scale_lr': 0.47718468467660785}. Best is trial 431 with value: 0.29227477542268554.
checkpoint_e34 window_influence: 0.26769657950786657, penalty_k: 0.22288458476372447, scale_lr: 0.46205610083529514, EAO: 0.270
Trial 789 finished with value: 0.2699751417811324 and parameters: {'window_influence': 0.26769657950786657, 'penalty_k': 0.22288458476372447, 'scale_lr': 0.46205610083529514}. Best is trial 431 with value: 0.29227477542268554.
checkpoint_e34 window_influence: 0.25377235069015719, penalty_k: 0.24371219615555237, scale_lr: 0.44876915678552376, EAO: 0.265
Trial 790 finished with value: 0.2654756343340486 and parameters: {'window_influence': 0.2537723506901572, 'penalty_k': 0.24371219615555237, 'scale_lr': 0.44876915678552376}. Best is trial 431 with value: 0.29227477542268554.
checkpoint_e34 window_influence: 0.27189266122299749, penalty_k: 0.22376988702378556, scale_lr: 0.48028933159620585, EAO: 0.274
Trial 791 finished with value: 0.2736995280152414 and parameters: {'window_influence': 0.2718926612229975, 'penalty_k': 0.22376988702378556, 'scale_lr': 0.48028933159620585}. Best is trial 431 with value: 0.29227477542268554.
checkpoint_e34 window_influence: 0.24493699845421618, penalty_k: 0.23524738624121866, scale_lr: 0.46355306745729674, EAO: 0.266
Trial 792 finished with value: 0.2661456896401033 and parameters: {'window_influence': 0.24493699845421618, 'penalty_k': 0.23524738624121866, 'scale_lr': 0.46355306745729674}. Best is trial 431 with value: 0.29227477542268554.
checkpoint_e34 window_influence: 0.27142050268675250, penalty_k: 0.21576122043641180, scale_lr: 0.47723939361116835, EAO: 0.275
Trial 793 finished with value: 0.2753161283406785 and parameters: {'window_influence': 0.2714205026867525, 'penalty_k': 0.2157612204364118, 'scale_lr': 0.47723939361116835}. Best is trial 431 with value: 0.29227477542268554.
checkpoint_e34 window_influence: 0.26062254546684821, penalty_k: 0.59483164360617391, scale_lr: 0.47944826235973315, EAO: 0.244
Trial 794 finished with value: 0.24424394837966779 and parameters: {'window_influence': 0.2606225454668482, 'penalty_k': 0.5948316436061739, 'scale_lr': 0.47944826235973315}. Best is trial 431 with value: 0.29227477542268554.
checkpoint_e34 window_influence: 0.23643447088926992, penalty_k: 0.24390308196779878, scale_lr: 0.43699365370373483, EAO: 0.246
Trial 795 finished with value: 0.24649979567866984 and parameters: {'window_influence': 0.23643447088926992, 'penalty_k': 0.24390308196779878, 'scale_lr': 0.43699365370373483}. Best is trial 431 with value: 0.29227477542268554.
checkpoint_e34 window_influence: 0.26206729870604389, penalty_k: 0.22923776160313442, scale_lr: 0.49113124833636673, EAO: 0.271
Trial 796 finished with value: 0.2708325837322367 and parameters: {'window_influence': 0.2620672987060439, 'penalty_k': 0.22923776160313442, 'scale_lr': 0.49113124833636673}. Best is trial 431 with value: 0.29227477542268554.
checkpoint_e34 window_influence: 0.27324275130331771, penalty_k: 0.21626211042291543, scale_lr: 0.21572649045088463, EAO: 0.269
Trial 797 finished with value: 0.2689419904860055 and parameters: {'window_influence': 0.2732427513033177, 'penalty_k': 0.21626211042291543, 'scale_lr': 0.21572649045088463}. Best is trial 431 with value: 0.29227477542268554.
checkpoint_e34 window_influence: 0.25156141212556515, penalty_k: 0.25596035132578693, scale_lr: 0.45305398868496533, EAO: 0.259
Trial 798 finished with value: 0.2590561957984436 and parameters: {'window_influence': 0.25156141212556515, 'penalty_k': 0.25596035132578693, 'scale_lr': 0.4530539886849653}. Best is trial 431 with value: 0.29227477542268554.
checkpoint_e34 window_influence: 0.26854888733196436, penalty_k: 0.24534802495580316, scale_lr: 0.20268178715752730, EAO: 0.257
Trial 799 finished with value: 0.25672399852334 and parameters: {'window_influence': 0.26854888733196436, 'penalty_k': 0.24534802495580316, 'scale_lr': 0.2026817871575273}. Best is trial 431 with value: 0.29227477542268554.
checkpoint_e34 window_influence: 0.28032567072248843, penalty_k: 0.21322037376621716, scale_lr: 0.49045836095790313, EAO: 0.267
Trial 800 finished with value: 0.26681102933437845 and parameters: {'window_influence': 0.28032567072248843, 'penalty_k': 0.21322037376621716, 'scale_lr': 0.49045836095790313}. Best is trial 431 with value: 0.29227477542268554.
checkpoint_e34 window_influence: 0.25880647148014030, penalty_k: 0.37874898867633089, scale_lr: 0.46942485160577346, EAO: 0.252
Trial 801 finished with value: 0.25189831023051484 and parameters: {'window_influence': 0.2588064714801403, 'penalty_k': 0.3787489886763309, 'scale_lr': 0.46942485160577346}. Best is trial 431 with value: 0.29227477542268554.
checkpoint_e34 window_influence: 0.07311318646502613, penalty_k: 0.44204825674308851, scale_lr: 0.46592313590964268, EAO: 0.227
Trial 802 finished with value: 0.2269283103627887 and parameters: {'window_influence': 0.07311318646502613, 'penalty_k': 0.4420482567430885, 'scale_lr': 0.4659231359096427}. Best is trial 431 with value: 0.29227477542268554.
checkpoint_e34 window_influence: 0.24571494597144677, penalty_k: 0.36934761306843505, scale_lr: 0.49678619315015171, EAO: 0.251
Trial 803 finished with value: 0.25123595482692485 and parameters: {'window_influence': 0.24571494597144677, 'penalty_k': 0.36934761306843505, 'scale_lr': 0.4967861931501517}. Best is trial 431 with value: 0.29227477542268554.
checkpoint_e34 window_influence: 0.26923136211688697, penalty_k: 0.46527021407378777, scale_lr: 0.48626952126135103, EAO: 0.263
Trial 804 finished with value: 0.26307576949276573 and parameters: {'window_influence': 0.269231362116887, 'penalty_k': 0.46527021407378777, 'scale_lr': 0.48626952126135103}. Best is trial 431 with value: 0.29227477542268554.
checkpoint_e34 window_influence: 0.11331809738822954, penalty_k: 0.23250803712784374, scale_lr: 0.58209040969452508, EAO: 0.241
Trial 805 finished with value: 0.24066232229635967 and parameters: {'window_influence': 0.11331809738822954, 'penalty_k': 0.23250803712784374, 'scale_lr': 0.5820904096945251}. Best is trial 431 with value: 0.29227477542268554.
checkpoint_e34 window_influence: 0.27647102842963028, penalty_k: 0.22569423810587827, scale_lr: 0.42806683862451678, EAO: 0.259
