Trial 248 finished with value: 0.24468874761728737 and parameters: {'window_influence': 0.3760317009489146, 'penalty_k': 0.22421769078431075, 'scale_lr': 0.3537080445262274}. Best is trial 104 with value: 0.27492820641131904.
checkpoint_e22 window_influence: 0.40798885069454516, penalty_k: 0.19743175265921906, scale_lr: 0.23478253347286182, EAO: 0.239
Trial 249 finished with value: 0.23946289282019545 and parameters: {'window_influence': 0.40798885069454516, 'penalty_k': 0.19743175265921906, 'scale_lr': 0.23478253347286182}. Best is trial 104 with value: 0.27492820641131904.
checkpoint_e22 window_influence: 0.43453458993857763, penalty_k: 0.08387475620600704, scale_lr: 0.14755746172115519, EAO: 0.254
Trial 250 finished with value: 0.25401372741150663 and parameters: {'window_influence': 0.43453458993857763, 'penalty_k': 0.08387475620600704, 'scale_lr': 0.1475574617211552}. Best is trial 104 with value: 0.27492820641131904.
checkpoint_e22 window_influence: 0.36349007700016767, penalty_k: 0.20996517552549479, scale_lr: 0.12819175016829787, EAO: 0.268
Trial 251 finished with value: 0.2677406984252658 and parameters: {'window_influence': 0.36349007700016767, 'penalty_k': 0.2099651755254948, 'scale_lr': 0.12819175016829787}. Best is trial 104 with value: 0.27492820641131904.
checkpoint_e22 window_influence: 0.35557808813753172, penalty_k: 0.15005329996176001, scale_lr: 0.38659686159443002, EAO: 0.242
Trial 252 finished with value: 0.24225431874515566 and parameters: {'window_influence': 0.3555780881375317, 'penalty_k': 0.15005329996176, 'scale_lr': 0.38659686159443}. Best is trial 104 with value: 0.27492820641131904.
checkpoint_e22 window_influence: 0.36324965643903551, penalty_k: 0.17636589612550804, scale_lr: 0.13841416526447284, EAO: 0.263
Trial 253 finished with value: 0.2631973980403528 and parameters: {'window_influence': 0.3632496564390355, 'penalty_k': 0.17636589612550804, 'scale_lr': 0.13841416526447284}. Best is trial 104 with value: 0.27492820641131904.
checkpoint_e22 window_influence: 0.34641364380736511, penalty_k: 0.19560992507836336, scale_lr: 0.16830328344076673, EAO: 0.248
Trial 254 finished with value: 0.24841079188556206 and parameters: {'window_influence': 0.3464136438073651, 'penalty_k': 0.19560992507836336, 'scale_lr': 0.16830328344076673}. Best is trial 104 with value: 0.27492820641131904.
checkpoint_e22 window_influence: 0.38537361376693902, penalty_k: 0.20420344606954158, scale_lr: 0.15151931513597411, EAO: 0.270
Trial 255 finished with value: 0.27002528709609336 and parameters: {'window_influence': 0.385373613766939, 'penalty_k': 0.20420344606954158, 'scale_lr': 0.1515193151359741}. Best is trial 104 with value: 0.27492820641131904.
checkpoint_e22 window_influence: 0.39219475532991593, penalty_k: 0.20445347486001406, scale_lr: 0.19077636753338315, EAO: 0.254
Trial 256 finished with value: 0.25373676134561135 and parameters: {'window_influence': 0.39219475532991593, 'penalty_k': 0.20445347486001406, 'scale_lr': 0.19077636753338315}. Best is trial 104 with value: 0.27492820641131904.
checkpoint_e22 window_influence: 0.38270131711761807, penalty_k: 0.18682942261261132, scale_lr: 0.41768338430235924, EAO: 0.265
Trial 257 finished with value: 0.26485081846878783 and parameters: {'window_influence': 0.38270131711761807, 'penalty_k': 0.18682942261261132, 'scale_lr': 0.41768338430235924}. Best is trial 104 with value: 0.27492820641131904.
checkpoint_e22 window_influence: 0.39914635487824168, penalty_k: 0.16195997564450737, scale_lr: 0.15635909870720832, EAO: 0.248
Trial 258 finished with value: 0.24818098417869427 and parameters: {'window_influence': 0.3991463548782417, 'penalty_k': 0.16195997564450737, 'scale_lr': 0.15635909870720832}. Best is trial 104 with value: 0.27492820641131904.
checkpoint_e22 window_influence: 0.37095494510191174, penalty_k: 0.20771700114898423, scale_lr: 0.55760402449867863, EAO: 0.269
Trial 259 finished with value: 0.2690599775774692 and parameters: {'window_influence': 0.37095494510191174, 'penalty_k': 0.20771700114898423, 'scale_lr': 0.5576040244986786}. Best is trial 104 with value: 0.27492820641131904.
checkpoint_e22 window_influence: 0.41211709117729245, penalty_k: 0.23245811803067185, scale_lr: 0.55532754792271710, EAO: 0.259
Trial 260 finished with value: 0.25931183878726105 and parameters: {'window_influence': 0.41211709117729245, 'penalty_k': 0.23245811803067185, 'scale_lr': 0.5553275479227171}. Best is trial 104 with value: 0.27492820641131904.
checkpoint_e22 window_influence: 0.38299785257008828, penalty_k: 0.25977706503539594, scale_lr: 0.39546924618331519, EAO: 0.244
Trial 261 finished with value: 0.2443204133854649 and parameters: {'window_influence': 0.3829978525700883, 'penalty_k': 0.25977706503539594, 'scale_lr': 0.3954692461833152}. Best is trial 104 with value: 0.27492820641131904.
checkpoint_e22 window_influence: 0.39349764230338052, penalty_k: 0.03265242318806133, scale_lr: 0.42126958520659052, EAO: 0.258
Trial 262 finished with value: 0.2578845071356471 and parameters: {'window_influence': 0.3934976423033805, 'penalty_k': 0.03265242318806133, 'scale_lr': 0.4212695852065905}. Best is trial 104 with value: 0.27492820641131904.
checkpoint_e22 window_influence: 0.37513088973481518, penalty_k: 0.17841894147786097, scale_lr: 0.59267678361924669, EAO: 0.253
Trial 263 finished with value: 0.2528036582639547 and parameters: {'window_influence': 0.3751308897348152, 'penalty_k': 0.17841894147786097, 'scale_lr': 0.5926767836192467}. Best is trial 104 with value: 0.27492820641131904.
checkpoint_e22 window_influence: 0.42039591646478097, penalty_k: 0.19165344796267497, scale_lr: 0.45990350844503508, EAO: 0.247
Trial 264 finished with value: 0.24707588468625294 and parameters: {'window_influence': 0.42039591646478097, 'penalty_k': 0.19165344796267497, 'scale_lr': 0.4599035084450351}. Best is trial 104 with value: 0.27492820641131904.
checkpoint_e22 window_influence: 0.40486046584528418, penalty_k: 0.22605248452501503, scale_lr: 0.30618105173606003, EAO: 0.250
Trial 265 finished with value: 0.24985186034828666 and parameters: {'window_influence': 0.4048604658452842, 'penalty_k': 0.22605248452501503, 'scale_lr': 0.30618105173606003}. Best is trial 104 with value: 0.27492820641131904.
checkpoint_e22 window_influence: 0.36556474535124722, penalty_k: 0.20725373709312142, scale_lr: 0.48446648207670601, EAO: 0.262
Trial 266 finished with value: 0.26172143984131696 and parameters: {'window_influence': 0.3655647453512472, 'penalty_k': 0.20725373709312142, 'scale_lr': 0.484466482076706}. Best is trial 104 with value: 0.27492820641131904.
checkpoint_e22 window_influence: 0.38724043274048603, penalty_k: 0.16741689166281787, scale_lr: 0.34191388341556939, EAO: 0.250
Trial 267 finished with value: 0.25029157665444585 and parameters: {'window_influence': 0.38724043274048603, 'penalty_k': 0.16741689166281787, 'scale_lr': 0.3419138834155694}. Best is trial 104 with value: 0.27492820641131904.
checkpoint_e22 window_influence: 0.34265761565916586, penalty_k: 0.24872308452054601, scale_lr: 0.51240456787129329, EAO: 0.256
Trial 268 finished with value: 0.256168487534775 and parameters: {'window_influence': 0.34265761565916586, 'penalty_k': 0.248723084520546, 'scale_lr': 0.5124045678712933}. Best is trial 104 with value: 0.27492820641131904.
checkpoint_e22 window_influence: 0.37972205921774294, penalty_k: 0.21615550819505441, scale_lr: 0.55676194444804250, EAO: 0.255
Trial 269 finished with value: 0.2545222568560422 and parameters: {'window_influence': 0.37972205921774294, 'penalty_k': 0.2161555081950544, 'scale_lr': 0.5567619444480425}. Best is trial 104 with value: 0.27492820641131904.
checkpoint_e22 window_influence: 0.39884276288391263, penalty_k: 0.19570940523723812, scale_lr: 0.48260263192737962, EAO: 0.270
Trial 270 finished with value: 0.2697592604208768 and parameters: {'window_influence': 0.3988427628839126, 'penalty_k': 0.19570940523723812, 'scale_lr': 0.4826026319273796}. Best is trial 104 with value: 0.27492820641131904.
checkpoint_e22 window_influence: 0.39431965162183030, penalty_k: 0.18365451341923239, scale_lr: 0.50851595555783269, EAO: 0.257
Trial 271 finished with value: 0.2574741201914423 and parameters: {'window_influence': 0.3943196516218303, 'penalty_k': 0.1836545134192324, 'scale_lr': 0.5085159555578327}. Best is trial 104 with value: 0.27492820641131904.
checkpoint_e22 window_influence: 0.21292879832526723, penalty_k: 0.19735717698531810, scale_lr: 0.43264476740017155, EAO: 0.237
Trial 272 finished with value: 0.23694045841693878 and parameters: {'window_influence': 0.21292879832526723, 'penalty_k': 0.1973571769853181, 'scale_lr': 0.43264476740017155}. Best is trial 104 with value: 0.27492820641131904.
checkpoint_e22 window_influence: 0.35783321877234087, penalty_k: 0.17490232305553732, scale_lr: 0.43359517153052662, EAO: 0.259
Trial 273 finished with value: 0.2591410545193083 and parameters: {'window_influence': 0.35783321877234087, 'penalty_k': 0.17490232305553732, 'scale_lr': 0.4335951715305266}. Best is trial 104 with value: 0.27492820641131904.
checkpoint_e22 window_influence: 0.28242590848822618, penalty_k: 0.15430239622102637, scale_lr: 0.17873367186104777, EAO: 0.261
Trial 274 finished with value: 0.2608869305955685 and parameters: {'window_influence': 0.2824259084882262, 'penalty_k': 0.15430239622102637, 'scale_lr': 0.17873367186104777}. Best is trial 104 with value: 0.27492820641131904.
checkpoint_e22 window_influence: 0.36727645702587502, penalty_k: 0.19242897892123728, scale_lr: 0.41032456356148717, EAO: 0.247
Trial 275 finished with value: 0.24697953862387959 and parameters: {'window_influence': 0.367276457025875, 'penalty_k': 0.19242897892123728, 'scale_lr': 0.41032456356148717}. Best is trial 104 with value: 0.27492820641131904.
checkpoint_e22 window_influence: 0.37792958874312677, penalty_k: 0.20760857246007619, scale_lr: 0.47343720289986357, EAO: 0.251
Trial 276 finished with value: 0.25103922551724966 and parameters: {'window_influence': 0.37792958874312677, 'penalty_k': 0.2076085724600762, 'scale_lr': 0.4734372028998636}. Best is trial 104 with value: 0.27492820641131904.
checkpoint_e22 window_influence: 0.07390091063498855, penalty_k: 0.35455830941971356, scale_lr: 0.44369894837828500, EAO: 0.232
Trial 277 finished with value: 0.23187281251922856 and parameters: {'window_influence': 0.07390091063498855, 'penalty_k': 0.35455830941971356, 'scale_lr': 0.443698948378285}. Best is trial 104 with value: 0.27492820641131904.
checkpoint_e22 window_influence: 0.40278595250933164, penalty_k: 0.16700556928651644, scale_lr: 0.26057454835532623, EAO: 0.242
Trial 278 finished with value: 0.24245059665867952 and parameters: {'window_influence': 0.40278595250933164, 'penalty_k': 0.16700556928651644, 'scale_lr': 0.26057454835532623}. Best is trial 104 with value: 0.27492820641131904.
checkpoint_e22 window_influence: 0.32701064272092395, penalty_k: 0.23820719364534587, scale_lr: 0.48330879194311782, EAO: 0.253
Trial 279 finished with value: 0.2531979548616138 and parameters: {'window_influence': 0.32701064272092395, 'penalty_k': 0.23820719364534587, 'scale_lr': 0.4833087919431178}. Best is trial 104 with value: 0.27492820641131904.
checkpoint_e22 window_influence: 0.38947399042961717, penalty_k: 0.13079530006569656, scale_lr: 0.53341674277155859, EAO: 0.253
Trial 280 finished with value: 0.25332870728116696 and parameters: {'window_influence': 0.38947399042961717, 'penalty_k': 0.13079530006569656, 'scale_lr': 0.5334167427715586}. Best is trial 104 with value: 0.27492820641131904.
checkpoint_e22 window_influence: 0.35769760229772440, penalty_k: 0.29770259022430962, scale_lr: 0.49665504517568171, EAO: 0.261
Trial 281 finished with value: 0.2606979880512245 and parameters: {'window_influence': 0.3576976022977244, 'penalty_k': 0.2977025902243096, 'scale_lr': 0.4966550451756817}. Best is trial 104 with value: 0.27492820641131904.
checkpoint_e22 window_influence: 0.37998527229149637, penalty_k: 0.11766897372811203, scale_lr: 0.47057959141594252, EAO: 0.257
Trial 282 finished with value: 0.2573186945987911 and parameters: {'window_influence': 0.37998527229149637, 'penalty_k': 0.11766897372811203, 'scale_lr': 0.4705795914159425}. Best is trial 104 with value: 0.27492820641131904.
checkpoint_e22 window_influence: 0.42522782091452904, penalty_k: 0.21277032853455990, scale_lr: 0.16554627673753256, EAO: 0.255
Trial 283 finished with value: 0.2550326358012068 and parameters: {'window_influence': 0.42522782091452904, 'penalty_k': 0.2127703285345599, 'scale_lr': 0.16554627673753256}. Best is trial 104 with value: 0.27492820641131904.
checkpoint_e22 window_influence: 0.40865587126017200, penalty_k: 0.18888281823091069, scale_lr: 0.12802086182316225, EAO: 0.256
Trial 284 finished with value: 0.2556092381113913 and parameters: {'window_influence': 0.408655871260172, 'penalty_k': 0.1888828182309107, 'scale_lr': 0.12802086182316225}. Best is trial 104 with value: 0.27492820641131904.
checkpoint_e22 window_influence: 0.37052429469709908, penalty_k: 0.32208738757159971, scale_lr: 0.59281175229053895, EAO: 0.256
Trial 285 finished with value: 0.25572028271551056 and parameters: {'window_influence': 0.3705242946970991, 'penalty_k': 0.3220873875715997, 'scale_lr': 0.592811752290539}. Best is trial 104 with value: 0.27492820641131904.
checkpoint_e22 window_influence: 0.33636518333044002, penalty_k: 0.38783375000039166, scale_lr: 0.45548711004951103, EAO: 0.249
Trial 286 finished with value: 0.24901135938196647 and parameters: {'window_influence': 0.33636518333044, 'penalty_k': 0.38783375000039166, 'scale_lr': 0.45548711004951103}. Best is trial 104 with value: 0.27492820641131904.
checkpoint_e22 window_influence: 0.34964155478857434, penalty_k: 0.20058304101340041, scale_lr: 0.52875510638691947, EAO: 0.255
Trial 287 finished with value: 0.2550880551580491 and parameters: {'window_influence': 0.34964155478857434, 'penalty_k': 0.2005830410134004, 'scale_lr': 0.5287551063869195}. Best is trial 104 with value: 0.27492820641131904.
checkpoint_e22 window_influence: 0.39833177296341782, penalty_k: 0.21995416945306717, scale_lr: 0.35687736998838304, EAO: 0.250
Trial 288 finished with value: 0.2503179947171754 and parameters: {'window_influence': 0.3983317729634178, 'penalty_k': 0.21995416945306717, 'scale_lr': 0.35687736998838304}. Best is trial 104 with value: 0.27492820641131904.
checkpoint_e22 window_influence: 0.38643717744473549, penalty_k: 0.17764542599855335, scale_lr: 0.15335049025179609, EAO: 0.259
Trial 289 finished with value: 0.25850733097006634 and parameters: {'window_influence': 0.3864371774447355, 'penalty_k': 0.17764542599855335, 'scale_lr': 0.1533504902517961}. Best is trial 104 with value: 0.27492820641131904.
checkpoint_e22 window_influence: 0.36930446630828428, penalty_k: 0.28406419366091762, scale_lr: 0.45949545544831272, EAO: 0.238
Trial 290 finished with value: 0.2380100543179163 and parameters: {'window_influence': 0.3693044663082843, 'penalty_k': 0.2840641936609176, 'scale_lr': 0.4594954554483127}. Best is trial 104 with value: 0.27492820641131904.
checkpoint_e22 window_influence: 0.41528906538290539, penalty_k: 0.22854778194713815, scale_lr: 0.14297799448800166, EAO: 0.256
Trial 291 finished with value: 0.25601818224763484 and parameters: {'window_influence': 0.4152890653829054, 'penalty_k': 0.22854778194713815, 'scale_lr': 0.14297799448800166}. Best is trial 104 with value: 0.27492820641131904.
checkpoint_e22 window_influence: 0.39742741880612259, penalty_k: 0.20248419682770982, scale_lr: 0.17347649029850037, EAO: 0.251
Trial 292 finished with value: 0.25084060569846534 and parameters: {'window_influence': 0.3974274188061226, 'penalty_k': 0.20248419682770982, 'scale_lr': 0.17347649029850037}. Best is trial 104 with value: 0.27492820641131904.
checkpoint_e22 window_influence: 0.43249930154935962, penalty_k: 0.19124980317854037, scale_lr: 0.49339930422370371, EAO: 0.260
Trial 293 finished with value: 0.26012376180993835 and parameters: {'window_influence': 0.4324993015493596, 'penalty_k': 0.19124980317854037, 'scale_lr': 0.4933993042237037}. Best is trial 104 with value: 0.27492820641131904.
checkpoint_e22 window_influence: 0.29418408311643385, penalty_k: 0.21096977382052828, scale_lr: 0.28700470950446555, EAO: 0.256
Trial 294 finished with value: 0.2555171958193546 and parameters: {'window_influence': 0.29418408311643385, 'penalty_k': 0.21096977382052828, 'scale_lr': 0.28700470950446555}. Best is trial 104 with value: 0.27492820641131904.
checkpoint_e22 window_influence: 0.31601418056340924, penalty_k: 0.23366275194810812, scale_lr: 0.21126618177051359, EAO: 0.245
Trial 295 finished with value: 0.2449519771749411 and parameters: {'window_influence': 0.31601418056340924, 'penalty_k': 0.23366275194810812, 'scale_lr': 0.2112661817705136}. Best is trial 104 with value: 0.27492820641131904.
checkpoint_e22 window_influence: 0.36102091994494190, penalty_k: 0.16266241944695140, scale_lr: 0.64238465506951103, EAO: 0.260
Trial 296 finished with value: 0.2604830286851743 and parameters: {'window_influence': 0.3610209199449419, 'penalty_k': 0.1626624194469514, 'scale_lr': 0.642384655069511}. Best is trial 104 with value: 0.27492820641131904.
checkpoint_e22 window_influence: 0.37775714842300373, penalty_k: 0.18171173121916384, scale_lr: 0.12677243285295625, EAO: 0.250
Trial 297 finished with value: 0.25004664420839245 and parameters: {'window_influence': 0.37775714842300373, 'penalty_k': 0.18171173121916384, 'scale_lr': 0.12677243285295625}. Best is trial 104 with value: 0.27492820641131904.
checkpoint_e22 window_influence: 0.18291031072918856, penalty_k: 0.26317372204175343, scale_lr: 0.40454157231094873, EAO: 0.233
Trial 298 finished with value: 0.2327260102440671 and parameters: {'window_influence': 0.18291031072918856, 'penalty_k': 0.26317372204175343, 'scale_lr': 0.4045415723109487}. Best is trial 104 with value: 0.27492820641131904.
checkpoint_e22 window_influence: 0.34720324556097487, penalty_k: 0.14272362647098913, scale_lr: 0.19581285538553009, EAO: 0.261
Trial 299 finished with value: 0.26138827374310997 and parameters: {'window_influence': 0.34720324556097487, 'penalty_k': 0.14272362647098913, 'scale_lr': 0.1958128553855301}. Best is trial 104 with value: 0.27492820641131904.
checkpoint_e22 window_influence: 0.38732829059221174, penalty_k: 0.24386998170266722, scale_lr: 0.65668989971651393, EAO: 0.255
Trial 300 finished with value: 0.25482631759430335 and parameters: {'window_influence': 0.38732829059221174, 'penalty_k': 0.24386998170266722, 'scale_lr': 0.6566898997165139}. Best is trial 104 with value: 0.27492820641131904.
checkpoint_e22 window_influence: 0.40811644778662964, penalty_k: 0.22042735325588780, scale_lr: 0.15580868841127643, EAO: 0.255
Trial 301 finished with value: 0.255480284068158 and parameters: {'window_influence': 0.40811644778662964, 'penalty_k': 0.2204273532558878, 'scale_lr': 0.15580868841127643}. Best is trial 104 with value: 0.27492820641131904.
checkpoint_e22 window_influence: 0.37083163420589937, penalty_k: 0.30882239240600717, scale_lr: 0.22683228215636594, EAO: 0.240
Trial 302 finished with value: 0.23996670822787092 and parameters: {'window_influence': 0.3708316342058994, 'penalty_k': 0.3088223924060072, 'scale_lr': 0.22683228215636594}. Best is trial 104 with value: 0.27492820641131904.
checkpoint_e22 window_influence: 0.42529199563556713, penalty_k: 0.33416535609716547, scale_lr: 0.13797998059727240, EAO: 0.258
Trial 303 finished with value: 0.25782116756933493 and parameters: {'window_influence': 0.42529199563556713, 'penalty_k': 0.33416535609716547, 'scale_lr': 0.1379799805972724}. Best is trial 104 with value: 0.27492820641131904.
checkpoint_e22 window_influence: 0.39672347136722408, penalty_k: 0.19874893170271163, scale_lr: 0.29927052237024054, EAO: 0.248
Trial 304 finished with value: 0.247661186730474 and parameters: {'window_influence': 0.3967234713672241, 'penalty_k': 0.19874893170271163, 'scale_lr': 0.29927052237024054}. Best is trial 104 with value: 0.27492820641131904.
checkpoint_e22 window_influence: 0.35565504389995578, penalty_k: 0.21073647693281908, scale_lr: 0.36881663612487936, EAO: 0.245
Trial 305 finished with value: 0.24546467028255384 and parameters: {'window_influence': 0.3556550438999558, 'penalty_k': 0.21073647693281908, 'scale_lr': 0.36881663612487936}. Best is trial 104 with value: 0.27492820641131904.
checkpoint_e22 window_influence: 0.37970542542654834, penalty_k: 0.18428536371996468, scale_lr: 0.26314898127378616, EAO: 0.245
Trial 306 finished with value: 0.24530229814411178 and parameters: {'window_influence': 0.37970542542654834, 'penalty_k': 0.18428536371996468, 'scale_lr': 0.26314898127378616}. Best is trial 104 with value: 0.27492820641131904.
checkpoint_e22 window_influence: 0.43754147745148492, penalty_k: 0.22870577739143280, scale_lr: 0.16654723437756869, EAO: 0.255
Trial 307 finished with value: 0.2548991649494908 and parameters: {'window_influence': 0.4375414774514849, 'penalty_k': 0.2287057773914328, 'scale_lr': 0.1665472343775687}. Best is trial 104 with value: 0.27492820641131904.
checkpoint_e22 window_influence: 0.33768450499951869, penalty_k: 0.19452343401281952, scale_lr: 0.44778126288393361, EAO: 0.254
Trial 308 finished with value: 0.2538428461648584 and parameters: {'window_influence': 0.3376845049995187, 'penalty_k': 0.19452343401281952, 'scale_lr': 0.4477812628839336}. Best is trial 104 with value: 0.27492820641131904.
checkpoint_e22 window_influence: 0.41633805781013733, penalty_k: 0.20948719648080549, scale_lr: 0.18165904375361400, EAO: 0.256
Trial 309 finished with value: 0.25554509018737126 and parameters: {'window_influence': 0.41633805781013733, 'penalty_k': 0.2094871964808055, 'scale_lr': 0.181659043753614}. Best is trial 104 with value: 0.27492820641131904.
checkpoint_e22 window_influence: 0.38917738742179814, penalty_k: 0.42082258563566810, scale_lr: 0.56726716737761762, EAO: 0.268
