Trial 114 finished with value: 0.2673455216293413 and parameters: {'window_influence': 0.31447938672915343, 'penalty_k': 0.0010500998586778637, 'scale_lr': 0.6507139081905268}. Best is trial 31 with value: 0.2786483215849574.
checkpoint_e32 window_influence: 0.26374654706026585, penalty_k: 0.02645059872697450, scale_lr: 0.62503474582146390, EAO: 0.258
Trial 115 finished with value: 0.2582733422760072 and parameters: {'window_influence': 0.26374654706026585, 'penalty_k': 0.026450598726974504, 'scale_lr': 0.6250347458214639}. Best is trial 31 with value: 0.2786483215849574.
checkpoint_e32 window_influence: 0.22804337182477044, penalty_k: 0.05630958027680359, scale_lr: 0.69886357980665137, EAO: 0.267
Trial 116 finished with value: 0.2670243668362377 and parameters: {'window_influence': 0.22804337182477044, 'penalty_k': 0.05630958027680359, 'scale_lr': 0.6988635798066514}. Best is trial 31 with value: 0.2786483215849574.
checkpoint_e32 window_influence: 0.36070579944109321, penalty_k: 0.36117645669173537, scale_lr: 0.71382384184088266, EAO: 0.261
Trial 117 finished with value: 0.26059071471293765 and parameters: {'window_influence': 0.3607057994410932, 'penalty_k': 0.36117645669173537, 'scale_lr': 0.7138238418408827}. Best is trial 31 with value: 0.2786483215849574.
checkpoint_e32 window_influence: 0.28385887759023792, penalty_k: 0.03892523833394330, scale_lr: 0.73662031130361882, EAO: 0.263
Trial 118 finished with value: 0.2634728548487997 and parameters: {'window_influence': 0.2838588775902379, 'penalty_k': 0.0389252383339433, 'scale_lr': 0.7366203113036188}. Best is trial 31 with value: 0.2786483215849574.
checkpoint_e32 window_influence: 0.24261032650598294, penalty_k: 0.41625696998895384, scale_lr: 0.77698106977132719, EAO: 0.259
Trial 119 finished with value: 0.2588439168241935 and parameters: {'window_influence': 0.24261032650598294, 'penalty_k': 0.41625696998895384, 'scale_lr': 0.7769810697713272}. Best is trial 31 with value: 0.2786483215849574.
checkpoint_e32 window_influence: 0.32178287041038917, penalty_k: 0.10553166182142135, scale_lr: 0.68696173293113671, EAO: 0.267
Trial 120 finished with value: 0.2674424440516689 and parameters: {'window_influence': 0.32178287041038917, 'penalty_k': 0.10553166182142135, 'scale_lr': 0.6869617329311367}. Best is trial 31 with value: 0.2786483215849574.
checkpoint_e32 window_influence: 0.39589033706061433, penalty_k: 0.37572194602967829, scale_lr: 0.65255930437118514, EAO: 0.266
Trial 121 finished with value: 0.26633348358355885 and parameters: {'window_influence': 0.39589033706061433, 'penalty_k': 0.3757219460296783, 'scale_lr': 0.6525593043711851}. Best is trial 31 with value: 0.2786483215849574.
checkpoint_e32 window_influence: 0.37790286191514061, penalty_k: 0.34396373369757582, scale_lr: 0.61594590681518790, EAO: 0.268
Trial 122 finished with value: 0.2677562182269445 and parameters: {'window_influence': 0.3779028619151406, 'penalty_k': 0.3439637336975758, 'scale_lr': 0.6159459068151879}. Best is trial 31 with value: 0.2786483215849574.
checkpoint_e32 window_influence: 0.42539313052733974, penalty_k: 0.36824534220752808, scale_lr: 0.66326706726910634, EAO: 0.264
Trial 123 finished with value: 0.26448938571582964 and parameters: {'window_influence': 0.42539313052733974, 'penalty_k': 0.3682453422075281, 'scale_lr': 0.6632670672691063}. Best is trial 31 with value: 0.2786483215849574.
checkpoint_e32 window_influence: 0.40940207044587879, penalty_k: 0.39995658988734617, scale_lr: 0.63478898586329013, EAO: 0.265
Trial 124 finished with value: 0.26506112994459585 and parameters: {'window_influence': 0.4094020704458788, 'penalty_k': 0.39995658988734617, 'scale_lr': 0.6347889858632901}. Best is trial 31 with value: 0.2786483215849574.
checkpoint_e32 window_influence: 0.39261108567003733, penalty_k: 0.01746378992044828, scale_lr: 0.59729309442260348, EAO: 0.264
Trial 125 finished with value: 0.26439318872564205 and parameters: {'window_influence': 0.39261108567003733, 'penalty_k': 0.01746378992044828, 'scale_lr': 0.5972930944226035}. Best is trial 31 with value: 0.2786483215849574.
checkpoint_e32 window_influence: 0.43759193892626402, penalty_k: 0.33653882241186950, scale_lr: 0.67999448942191953, EAO: 0.265
Trial 126 finished with value: 0.2649112824138587 and parameters: {'window_influence': 0.437591938926264, 'penalty_k': 0.3365388224118695, 'scale_lr': 0.6799944894219195}. Best is trial 31 with value: 0.2786483215849574.
checkpoint_e32 window_influence: 0.36414667012121005, penalty_k: 0.35357198276976826, scale_lr: 0.72619462676527258, EAO: 0.267
Trial 127 finished with value: 0.26664510163349836 and parameters: {'window_influence': 0.36414667012121005, 'penalty_k': 0.35357198276976826, 'scale_lr': 0.7261946267652726}. Best is trial 31 with value: 0.2786483215849574.
checkpoint_e32 window_influence: 0.34539877325674728, penalty_k: 0.00033349859319722, scale_lr: 0.76372211639504328, EAO: 0.264
Trial 128 finished with value: 0.26445793408930784 and parameters: {'window_influence': 0.3453987732567473, 'penalty_k': 0.00033349859319721856, 'scale_lr': 0.7637221163950433}. Best is trial 31 with value: 0.2786483215849574.
checkpoint_e32 window_influence: 0.30913289872898847, penalty_k: 0.15233204008688273, scale_lr: 0.70296785257683059, EAO: 0.270
Trial 129 finished with value: 0.2704919428239024 and parameters: {'window_influence': 0.30913289872898847, 'penalty_k': 0.15233204008688273, 'scale_lr': 0.7029678525768306}. Best is trial 31 with value: 0.2786483215849574.
checkpoint_e32 window_influence: 0.31377655133833726, penalty_k: 0.12339454376691057, scale_lr: 0.70518820245838354, EAO: 0.264
Trial 130 finished with value: 0.26353517344327476 and parameters: {'window_influence': 0.31377655133833726, 'penalty_k': 0.12339454376691057, 'scale_lr': 0.7051882024583835}. Best is trial 31 with value: 0.2786483215849574.
checkpoint_e32 window_influence: 0.29848596907247998, penalty_k: 0.38251388063661212, scale_lr: 0.64486276415777244, EAO: 0.265
Trial 131 finished with value: 0.2647543676136955 and parameters: {'window_influence': 0.29848596907248, 'penalty_k': 0.3825138806366121, 'scale_lr': 0.6448627641577724}. Best is trial 31 with value: 0.2786483215849574.
checkpoint_e32 window_influence: 0.27139757818651250, penalty_k: 0.03154925930585539, scale_lr: 0.74392706756638138, EAO: 0.267
Trial 132 finished with value: 0.26653851659559624 and parameters: {'window_influence': 0.2713975781865125, 'penalty_k': 0.03154925930585539, 'scale_lr': 0.7439270675663814}. Best is trial 31 with value: 0.2786483215849574.
checkpoint_e32 window_influence: 0.33014157018815837, penalty_k: 0.16297956400225616, scale_lr: 0.69756852711873674, EAO: 0.264
Trial 133 finished with value: 0.2641088798399863 and parameters: {'window_influence': 0.3301415701881584, 'penalty_k': 0.16297956400225616, 'scale_lr': 0.6975685271187367}. Best is trial 31 with value: 0.2786483215849574.
checkpoint_e32 window_influence: 0.28480242929438038, penalty_k: 0.13441235149657424, scale_lr: 0.71398057981601393, EAO: 0.264
Trial 134 finished with value: 0.2637278456392327 and parameters: {'window_influence': 0.2848024292943804, 'penalty_k': 0.13441235149657424, 'scale_lr': 0.7139805798160139}. Best is trial 31 with value: 0.2786483215849574.
checkpoint_e32 window_influence: 0.30206584103806511, penalty_k: 0.06788585950281545, scale_lr: 0.67715845564988975, EAO: 0.266
Trial 135 finished with value: 0.2659613284153667 and parameters: {'window_influence': 0.3020658410380651, 'penalty_k': 0.06788585950281545, 'scale_lr': 0.6771584556498897}. Best is trial 31 with value: 0.2786483215849574.
checkpoint_e32 window_influence: 0.37885210255853707, penalty_k: 0.04947538471932501, scale_lr: 0.79988408183363791, EAO: 0.255
Trial 136 finished with value: 0.2548411473995302 and parameters: {'window_influence': 0.3788521025585371, 'penalty_k': 0.049475384719325013, 'scale_lr': 0.7998840818336379}. Best is trial 31 with value: 0.2786483215849574.
checkpoint_e32 window_influence: 0.41460239268320676, penalty_k: 0.43889713239039468, scale_lr: 0.65573983037908423, EAO: 0.274
Trial 137 finished with value: 0.2735001866410418 and parameters: {'window_influence': 0.41460239268320676, 'penalty_k': 0.4388971323903947, 'scale_lr': 0.6557398303790842}. Best is trial 31 with value: 0.2786483215849574.
checkpoint_e32 window_influence: 0.25666191864536536, penalty_k: 0.41270530158684471, scale_lr: 0.66592677100118081, EAO: 0.250
Trial 138 finished with value: 0.25044794913714497 and parameters: {'window_influence': 0.25666191864536536, 'penalty_k': 0.4127053015868447, 'scale_lr': 0.6659267710011808}. Best is trial 31 with value: 0.2786483215849574.
checkpoint_e32 window_influence: 0.42134678260342051, penalty_k: 0.44257559633703558, scale_lr: 0.73335951041730862, EAO: 0.268
Trial 139 finished with value: 0.26799843066591555 and parameters: {'window_influence': 0.4213467826034205, 'penalty_k': 0.4425755963370356, 'scale_lr': 0.7333595104173086}. Best is trial 31 with value: 0.2786483215849574.
checkpoint_e32 window_influence: 0.44421999165494885, penalty_k: 0.01768460856180779, scale_lr: 0.62495332795369352, EAO: 0.270
Trial 140 finished with value: 0.270073468123025 and parameters: {'window_influence': 0.44421999165494885, 'penalty_k': 0.017684608561807785, 'scale_lr': 0.6249533279536935}. Best is trial 31 with value: 0.2786483215849574.
checkpoint_e32 window_influence: 0.44719841774067898, penalty_k: 0.01759691228805537, scale_lr: 0.62595706955333286, EAO: 0.273
Trial 141 finished with value: 0.2729869059067431 and parameters: {'window_influence': 0.447198417740679, 'penalty_k': 0.017596912288055374, 'scale_lr': 0.6259570695533329}. Best is trial 31 with value: 0.2786483215849574.
checkpoint_e32 window_influence: 0.44609348728139808, penalty_k: 0.01280323749277104, scale_lr: 0.62722675700602037, EAO: 0.261
Trial 142 finished with value: 0.2610788646388829 and parameters: {'window_influence': 0.4460934872813981, 'penalty_k': 0.012803237492771041, 'scale_lr': 0.6272267570060204}. Best is trial 31 with value: 0.2786483215849574.
checkpoint_e32 window_influence: 0.44988544009452663, penalty_k: 0.02400350003574457, scale_lr: 0.61834519533448029, EAO: 0.260
Trial 143 finished with value: 0.2602846773901606 and parameters: {'window_influence': 0.44988544009452663, 'penalty_k': 0.024003500035744568, 'scale_lr': 0.6183451953344803}. Best is trial 31 with value: 0.2786483215849574.
checkpoint_e32 window_influence: 0.46264605648397650, penalty_k: 0.01161878215530280, scale_lr: 0.64316716855754985, EAO: 0.270
Trial 144 finished with value: 0.26951131200402734 and parameters: {'window_influence': 0.4626460564839765, 'penalty_k': 0.0116187821553028, 'scale_lr': 0.6431671685575499}. Best is trial 31 with value: 0.2786483215849574.
checkpoint_e32 window_influence: 0.47558415453191666, penalty_k: 0.01374079469541590, scale_lr: 0.59838324042130697, EAO: 0.264
Trial 145 finished with value: 0.26434200311579353 and parameters: {'window_influence': 0.47558415453191666, 'penalty_k': 0.0137407946954159, 'scale_lr': 0.598383240421307}. Best is trial 31 with value: 0.2786483215849574.
checkpoint_e32 window_influence: 0.46458592605321763, penalty_k: 0.04615990269895974, scale_lr: 0.61223953704985024, EAO: 0.267
Trial 146 finished with value: 0.2672343570890465 and parameters: {'window_influence': 0.46458592605321763, 'penalty_k': 0.04615990269895974, 'scale_lr': 0.6122395370498502}. Best is trial 31 with value: 0.2786483215849574.
checkpoint_e32 window_influence: 0.43716203996588904, penalty_k: 0.00033944222338513, scale_lr: 0.63828855594647693, EAO: 0.271
Trial 147 finished with value: 0.27148418952294484 and parameters: {'window_influence': 0.43716203996588904, 'penalty_k': 0.00033944222338513425, 'scale_lr': 0.6382885559464769}. Best is trial 31 with value: 0.2786483215849574.
checkpoint_e32 window_influence: 0.43878178946731977, penalty_k: 0.02431773181187611, scale_lr: 0.57363914166354590, EAO: 0.279
Trial 148 finished with value: 0.27897518715722774 and parameters: {'window_influence': 0.43878178946731977, 'penalty_k': 0.024317731811876107, 'scale_lr': 0.5736391416635459}. Best is trial 148 with value: 0.27897518715722774.
checkpoint_e32 window_influence: 0.40557864416347217, penalty_k: 0.00015988301049069, scale_lr: 0.59119690094494648, EAO: 0.269
Trial 149 finished with value: 0.2693906391902668 and parameters: {'window_influence': 0.40557864416347217, 'penalty_k': 0.00015988301049068752, 'scale_lr': 0.5911969009449465}. Best is trial 148 with value: 0.27897518715722774.
checkpoint_e32 window_influence: 0.42763127489887470, penalty_k: 0.03598040717201129, scale_lr: 0.58029273973634288, EAO: 0.267
Trial 150 finished with value: 0.2667639932739056 and parameters: {'window_influence': 0.4276312748988747, 'penalty_k': 0.035980407172011286, 'scale_lr': 0.5802927397363429}. Best is trial 148 with value: 0.27897518715722774.
checkpoint_e32 window_influence: 0.44442415536514990, penalty_k: 0.02097898553232526, scale_lr: 0.56651110317169340, EAO: 0.264
Trial 151 finished with value: 0.2637114244384494 and parameters: {'window_influence': 0.4444241553651499, 'penalty_k': 0.020978985532325262, 'scale_lr': 0.5665111031716934}. Best is trial 148 with value: 0.27897518715722774.
checkpoint_e32 window_influence: 0.43591782232526471, penalty_k: 0.02626008894424838, scale_lr: 0.63106082684672116, EAO: 0.265
Trial 152 finished with value: 0.26545356535087755 and parameters: {'window_influence': 0.4359178223252647, 'penalty_k': 0.026260088944248382, 'scale_lr': 0.6310608268467212}. Best is trial 148 with value: 0.27897518715722774.
checkpoint_e32 window_influence: 0.41681982769007692, penalty_k: 0.04046282776619337, scale_lr: 0.60530754301669276, EAO: 0.263
Trial 153 finished with value: 0.2628734733879082 and parameters: {'window_influence': 0.4168198276900769, 'penalty_k': 0.040462827766193366, 'scale_lr': 0.6053075430166928}. Best is trial 148 with value: 0.27897518715722774.
checkpoint_e32 window_influence: 0.47044845246482697, penalty_k: 0.00820408279192728, scale_lr: 0.66179063625966950, EAO: 0.274
Trial 154 finished with value: 0.27392274135254263 and parameters: {'window_influence': 0.47044845246482697, 'penalty_k': 0.008204082791927279, 'scale_lr': 0.6617906362596695}. Best is trial 148 with value: 0.27897518715722774.
checkpoint_e32 window_influence: 0.49931039447330056, penalty_k: 0.00801266280800972, scale_lr: 0.65539921996671169, EAO: 0.258
Trial 155 finished with value: 0.2576093670071625 and parameters: {'window_influence': 0.49931039447330056, 'penalty_k': 0.008012662808009718, 'scale_lr': 0.6553992199667117}. Best is trial 148 with value: 0.27897518715722774.
checkpoint_e32 window_influence: 0.20089887551264118, penalty_k: 0.43783976215139059, scale_lr: 0.64441445538385322, EAO: 0.259
Trial 156 finished with value: 0.2587057833022218 and parameters: {'window_influence': 0.20089887551264118, 'penalty_k': 0.4378397621513906, 'scale_lr': 0.6444144553838532}. Best is trial 148 with value: 0.27897518715722774.
checkpoint_e32 window_influence: 0.46868180244471697, penalty_k: 0.05328512860774823, scale_lr: 0.66563523745664122, EAO: 0.261
Trial 157 finished with value: 0.26140350600083667 and parameters: {'window_influence': 0.46868180244471697, 'penalty_k': 0.05328512860774823, 'scale_lr': 0.6656352374566412}. Best is trial 148 with value: 0.27897518715722774.
checkpoint_e32 window_influence: 0.47709896450190065, penalty_k: 0.03150278254712438, scale_lr: 0.68693729471895837, EAO: 0.271
Trial 158 finished with value: 0.27051405523850663 and parameters: {'window_influence': 0.47709896450190065, 'penalty_k': 0.03150278254712438, 'scale_lr': 0.6869372947189584}. Best is trial 148 with value: 0.27897518715722774.
checkpoint_e32 window_influence: 0.45406197839159146, penalty_k: 0.45549667436584795, scale_lr: 0.65009466551883188, EAO: 0.255
Trial 159 finished with value: 0.25456387016589077 and parameters: {'window_influence': 0.45406197839159146, 'penalty_k': 0.45549667436584795, 'scale_lr': 0.6500946655188319}. Best is trial 148 with value: 0.27897518715722774.
checkpoint_e32 window_influence: 0.48035764496687877, penalty_k: 0.02982783000745194, scale_lr: 0.67654928090434840, EAO: 0.264
Trial 160 finished with value: 0.26382103101993964 and parameters: {'window_influence': 0.48035764496687877, 'penalty_k': 0.02982783000745194, 'scale_lr': 0.6765492809043484}. Best is trial 148 with value: 0.27897518715722774.
checkpoint_e32 window_influence: 0.45812442570484407, penalty_k: 0.08680693109580571, scale_lr: 0.69291452863303860, EAO: 0.253
Trial 161 finished with value: 0.2533326190177018 and parameters: {'window_influence': 0.4581244257048441, 'penalty_k': 0.08680693109580571, 'scale_lr': 0.6929145286330386}. Best is trial 148 with value: 0.27897518715722774.
checkpoint_e32 window_influence: 0.49129279253571562, penalty_k: 0.00068209011080500, scale_lr: 0.63468244452656064, EAO: 0.257
Trial 162 finished with value: 0.25700953748168015 and parameters: {'window_influence': 0.4912927925357156, 'penalty_k': 0.000682090110805003, 'scale_lr': 0.6346824445265606}. Best is trial 148 with value: 0.27897518715722774.
checkpoint_e32 window_influence: 0.47138087045212684, penalty_k: 0.06259538586165515, scale_lr: 0.60781496029803750, EAO: 0.254
Trial 163 finished with value: 0.25400014009659855 and parameters: {'window_influence': 0.47138087045212684, 'penalty_k': 0.06259538586165515, 'scale_lr': 0.6078149602980375}. Best is trial 148 with value: 0.27897518715722774.
checkpoint_e32 window_influence: 0.43256428300252941, penalty_k: 0.01454170371287232, scale_lr: 0.65881709499500740, EAO: 0.269
Trial 164 finished with value: 0.269228783201396 and parameters: {'window_influence': 0.4325642830025294, 'penalty_k': 0.01454170371287232, 'scale_lr': 0.6588170949950074}. Best is trial 148 with value: 0.27897518715722774.
checkpoint_e32 window_influence: 0.52131256046537977, penalty_k: 0.04028694960411321, scale_lr: 0.47274127233977009, EAO: 0.257
Trial 165 finished with value: 0.25682231711178294 and parameters: {'window_influence': 0.5213125604653798, 'penalty_k': 0.040286949604113206, 'scale_lr': 0.4727412723397701}. Best is trial 148 with value: 0.27897518715722774.
checkpoint_e32 window_influence: 0.38953700494273641, penalty_k: 0.02092963206814456, scale_lr: 0.68626267405455355, EAO: 0.262
Trial 166 finished with value: 0.2623673481791 and parameters: {'window_influence': 0.3895370049427364, 'penalty_k': 0.020929632068144563, 'scale_lr': 0.6862626740545535}. Best is trial 148 with value: 0.27897518715722774.
checkpoint_e32 window_influence: 0.48493755166525926, penalty_k: 0.03121046403028292, scale_lr: 0.67199003617140507, EAO: 0.258
Trial 167 finished with value: 0.2582577980630766 and parameters: {'window_influence': 0.48493755166525926, 'penalty_k': 0.031210464030282922, 'scale_lr': 0.6719900361714051}. Best is trial 148 with value: 0.27897518715722774.
checkpoint_e32 window_influence: 0.40969229905054638, penalty_k: 0.00777178197320304, scale_lr: 0.61793048117491445, EAO: 0.276
Trial 168 finished with value: 0.2761404474939757 and parameters: {'window_influence': 0.4096922990505464, 'penalty_k': 0.007771781973203036, 'scale_lr': 0.6179304811749144}. Best is trial 148 with value: 0.27897518715722774.
checkpoint_e32 window_influence: 0.40439097638825156, penalty_k: 0.00693691205532600, scale_lr: 0.62244053452272663, EAO: 0.262
Trial 169 finished with value: 0.26185750591803375 and parameters: {'window_influence': 0.40439097638825156, 'penalty_k': 0.006936912055326004, 'scale_lr': 0.6224405345227266}. Best is trial 148 with value: 0.27897518715722774.
checkpoint_e32 window_influence: 0.41903161478708023, penalty_k: 0.27353313443085847, scale_lr: 0.55013302520424912, EAO: 0.258
Trial 170 finished with value: 0.25848501460338996 and parameters: {'window_influence': 0.41903161478708023, 'penalty_k': 0.27353313443085847, 'scale_lr': 0.5501330252042491}. Best is trial 148 with value: 0.27897518715722774.
checkpoint_e32 window_influence: 0.39679688812048480, penalty_k: 0.00042101732639255, scale_lr: 0.64297752794815499, EAO: 0.277
Trial 171 finished with value: 0.27694660449415687 and parameters: {'window_influence': 0.3967968881204848, 'penalty_k': 0.00042101732639254763, 'scale_lr': 0.642977527948155}. Best is trial 148 with value: 0.27897518715722774.
checkpoint_e32 window_influence: 0.39504864421065877, penalty_k: 0.00105505397844720, scale_lr: 0.63858630496653601, EAO: 0.276
Trial 172 finished with value: 0.2764039819802695 and parameters: {'window_influence': 0.3950486442106588, 'penalty_k': 0.0010550539784472018, 'scale_lr': 0.638586304966536}. Best is trial 148 with value: 0.27897518715722774.
checkpoint_e32 window_influence: 0.40020767510827743, penalty_k: 0.00988665691197605, scale_lr: 0.63773660671809163, EAO: 0.260
Trial 173 finished with value: 0.25951924459721015 and parameters: {'window_influence': 0.4002076751082774, 'penalty_k': 0.009886656911976049, 'scale_lr': 0.6377366067180916}. Best is trial 148 with value: 0.27897518715722774.
checkpoint_e32 window_influence: 0.38479319877963669, penalty_k: 0.01674963308306897, scale_lr: 0.61691002585870169, EAO: 0.277
Trial 174 finished with value: 0.2767439268953432 and parameters: {'window_influence': 0.3847931987796367, 'penalty_k': 0.016749633083068968, 'scale_lr': 0.6169100258587017}. Best is trial 148 with value: 0.27897518715722774.
checkpoint_e32 window_influence: 0.38742526325765347, penalty_k: 0.00202879589345929, scale_lr: 0.62185893840314144, EAO: 0.266
Trial 175 finished with value: 0.26635585168028264 and parameters: {'window_influence': 0.3874252632576535, 'penalty_k': 0.0020287958934592882, 'scale_lr': 0.6218589384031414}. Best is trial 148 with value: 0.27897518715722774.
checkpoint_e32 window_influence: 0.40911056419773123, penalty_k: 0.01976867891359929, scale_lr: 0.60826703289218809, EAO: 0.271
