Trial 310 finished with value: 0.24016498035289408 and parameters: {'window_influence': 0.16412501322219714, 'penalty_k': 0.17832266999817936, 'scale_lr': 0.13456913797261988}. Best is trial 113 with value: 0.2826390351827552.
checkpoint_e39 window_influence: 0.26176355783396338, penalty_k: 0.21278939588765150, scale_lr: 0.31969815956386705, EAO: 0.268
Trial 311 finished with value: 0.2680957533600854 and parameters: {'window_influence': 0.2617635578339634, 'penalty_k': 0.2127893958876515, 'scale_lr': 0.31969815956386705}. Best is trial 113 with value: 0.2826390351827552.
checkpoint_e39 window_influence: 0.28716735534195859, penalty_k: 0.24371849562435421, scale_lr: 0.40158326549320705, EAO: 0.264
Trial 312 finished with value: 0.263625893772133 and parameters: {'window_influence': 0.2871673553419586, 'penalty_k': 0.24371849562435421, 'scale_lr': 0.40158326549320705}. Best is trial 113 with value: 0.2826390351827552.
checkpoint_e39 window_influence: 0.26748759091816499, penalty_k: 0.18668958111315384, scale_lr: 0.28639881356254038, EAO: 0.265
Trial 313 finished with value: 0.26504404721705893 and parameters: {'window_influence': 0.267487590918165, 'penalty_k': 0.18668958111315384, 'scale_lr': 0.2863988135625404}. Best is trial 113 with value: 0.2826390351827552.
checkpoint_e39 window_influence: 0.47842112978804274, penalty_k: 0.20031670473985763, scale_lr: 0.38443556354414726, EAO: 0.252
Trial 314 finished with value: 0.25157965901421336 and parameters: {'window_influence': 0.47842112978804274, 'penalty_k': 0.20031670473985763, 'scale_lr': 0.38443556354414726}. Best is trial 113 with value: 0.2826390351827552.
checkpoint_e39 window_influence: 0.23484896812253561, penalty_k: 0.17695716445060483, scale_lr: 0.30050804601710523, EAO: 0.262
Trial 315 finished with value: 0.26214513128123634 and parameters: {'window_influence': 0.2348489681225356, 'penalty_k': 0.17695716445060483, 'scale_lr': 0.30050804601710523}. Best is trial 113 with value: 0.2826390351827552.
checkpoint_e39 window_influence: 0.18173978270133029, penalty_k: 0.19967346320588017, scale_lr: 0.42299965117373145, EAO: 0.259
Trial 316 finished with value: 0.25945075564995046 and parameters: {'window_influence': 0.1817397827013303, 'penalty_k': 0.19967346320588017, 'scale_lr': 0.42299965117373145}. Best is trial 113 with value: 0.2826390351827552.
checkpoint_e39 window_influence: 0.19435749086344487, penalty_k: 0.15946090507949229, scale_lr: 0.79337672049778440, EAO: 0.246
Trial 317 finished with value: 0.24642844897944752 and parameters: {'window_influence': 0.19435749086344487, 'penalty_k': 0.1594609050794923, 'scale_lr': 0.7933767204977844}. Best is trial 113 with value: 0.2826390351827552.
checkpoint_e39 window_influence: 0.29747227119211123, penalty_k: 0.23075473813586964, scale_lr: 0.25494623322261345, EAO: 0.270
Trial 318 finished with value: 0.2698869908728251 and parameters: {'window_influence': 0.2974722711921112, 'penalty_k': 0.23075473813586964, 'scale_lr': 0.25494623322261345}. Best is trial 113 with value: 0.2826390351827552.
checkpoint_e39 window_influence: 0.31727926130666118, penalty_k: 0.21653841623645281, scale_lr: 0.35682951589186496, EAO: 0.264
Trial 319 finished with value: 0.2644873431664172 and parameters: {'window_influence': 0.3172792613066612, 'penalty_k': 0.2165384162364528, 'scale_lr': 0.35682951589186496}. Best is trial 113 with value: 0.2826390351827552.
checkpoint_e39 window_influence: 0.25437268872256236, penalty_k: 0.17180358317424863, scale_lr: 0.32596583105686860, EAO: 0.276
Trial 320 finished with value: 0.27622798612204996 and parameters: {'window_influence': 0.25437268872256236, 'penalty_k': 0.17180358317424863, 'scale_lr': 0.3259658310568686}. Best is trial 113 with value: 0.2826390351827552.
checkpoint_e39 window_influence: 0.25002264140745495, penalty_k: 0.17014037812082999, scale_lr: 0.32894657020695961, EAO: 0.262
Trial 321 finished with value: 0.2617173752164453 and parameters: {'window_influence': 0.25002264140745495, 'penalty_k': 0.17014037812083, 'scale_lr': 0.3289465702069596}. Best is trial 113 with value: 0.2826390351827552.
checkpoint_e39 window_influence: 0.22701955322622785, penalty_k: 0.07887939097847488, scale_lr: 0.30870468004343493, EAO: 0.254
Trial 322 finished with value: 0.2537082958875633 and parameters: {'window_influence': 0.22701955322622785, 'penalty_k': 0.07887939097847488, 'scale_lr': 0.30870468004343493}. Best is trial 113 with value: 0.2826390351827552.
checkpoint_e39 window_influence: 0.36593006599655753, penalty_k: 0.18070161944086155, scale_lr: 0.28009291455887197, EAO: 0.272
Trial 323 finished with value: 0.2715651684902548 and parameters: {'window_influence': 0.36593006599655753, 'penalty_k': 0.18070161944086155, 'scale_lr': 0.280092914558872}. Best is trial 113 with value: 0.2826390351827552.
checkpoint_e39 window_influence: 0.24454840299198399, penalty_k: 0.15263480509153685, scale_lr: 0.28903544855354851, EAO: 0.267
Trial 324 finished with value: 0.2666051256947401 and parameters: {'window_influence': 0.244548402991984, 'penalty_k': 0.15263480509153685, 'scale_lr': 0.2890354485535485}. Best is trial 113 with value: 0.2826390351827552.
checkpoint_e39 window_influence: 0.34987481808252102, penalty_k: 0.11865290219340396, scale_lr: 0.32304603375344620, EAO: 0.266
Trial 325 finished with value: 0.2664071624962295 and parameters: {'window_influence': 0.349874818082521, 'penalty_k': 0.11865290219340396, 'scale_lr': 0.3230460337534462}. Best is trial 113 with value: 0.2826390351827552.
checkpoint_e39 window_influence: 0.20754067731834341, penalty_k: 0.16814186783373103, scale_lr: 0.68491425788082139, EAO: 0.265
Trial 326 finished with value: 0.2649991086464587 and parameters: {'window_influence': 0.20754067731834341, 'penalty_k': 0.16814186783373103, 'scale_lr': 0.6849142578808214}. Best is trial 113 with value: 0.2826390351827552.
checkpoint_e39 window_influence: 0.26127677810338085, penalty_k: 0.05603378626569697, scale_lr: 0.26932028858716128, EAO: 0.270
Trial 327 finished with value: 0.26957674918135976 and parameters: {'window_influence': 0.26127677810338085, 'penalty_k': 0.056033786265696967, 'scale_lr': 0.2693202885871613}. Best is trial 113 with value: 0.2826390351827552.
checkpoint_e39 window_influence: 0.22304209326644822, penalty_k: 0.18610445509820089, scale_lr: 0.24057363639043688, EAO: 0.259
Trial 328 finished with value: 0.2588018849492073 and parameters: {'window_influence': 0.22304209326644822, 'penalty_k': 0.1861044550982009, 'scale_lr': 0.24057363639043688}. Best is trial 113 with value: 0.2826390351827552.
checkpoint_e39 window_influence: 0.38154665586464420, penalty_k: 0.03048170006761319, scale_lr: 0.30108027758840661, EAO: 0.261
Trial 329 finished with value: 0.26093230475255147 and parameters: {'window_influence': 0.3815466558646442, 'penalty_k': 0.030481700067613193, 'scale_lr': 0.3010802775884066}. Best is trial 113 with value: 0.2826390351827552.
checkpoint_e39 window_influence: 0.27709296348467927, penalty_k: 0.15093070982056112, scale_lr: 0.45931437337025821, EAO: 0.263
Trial 330 finished with value: 0.26269134327890425 and parameters: {'window_influence': 0.27709296348467927, 'penalty_k': 0.15093070982056112, 'scale_lr': 0.4593143733702582}. Best is trial 113 with value: 0.2826390351827552.
checkpoint_e39 window_influence: 0.23801725349508016, penalty_k: 0.17107497862659540, scale_lr: 0.31587086182854013, EAO: 0.272
Trial 331 finished with value: 0.27197338652804615 and parameters: {'window_influence': 0.23801725349508016, 'penalty_k': 0.1710749786265954, 'scale_lr': 0.31587086182854013}. Best is trial 113 with value: 0.2826390351827552.
checkpoint_e39 window_influence: 0.25487707685427508, penalty_k: 0.13619136738975815, scale_lr: 0.27628232623562998, EAO: 0.264
Trial 332 finished with value: 0.26360379583467314 and parameters: {'window_influence': 0.2548770768542751, 'penalty_k': 0.13619136738975815, 'scale_lr': 0.27628232623563}. Best is trial 113 with value: 0.2826390351827552.
checkpoint_e39 window_influence: 0.24865430873541461, penalty_k: 0.09064523299008670, scale_lr: 0.29601844445563996, EAO: 0.274
Trial 333 finished with value: 0.2735488773361454 and parameters: {'window_influence': 0.2486543087354146, 'penalty_k': 0.0906452329900867, 'scale_lr': 0.29601844445563996}. Best is trial 113 with value: 0.2826390351827552.
checkpoint_e39 window_influence: 0.27076270939885611, penalty_k: 0.12716839297921226, scale_lr: 0.29607780135733275, EAO: 0.267
Trial 334 finished with value: 0.26711092386546176 and parameters: {'window_influence': 0.2707627093988561, 'penalty_k': 0.12716839297921226, 'scale_lr': 0.29607780135733275}. Best is trial 113 with value: 0.2826390351827552.
checkpoint_e39 window_influence: 0.25253026437050335, penalty_k: 0.09457843267215466, scale_lr: 0.33370115013837509, EAO: 0.261
Trial 335 finished with value: 0.2609704374903586 and parameters: {'window_influence': 0.25253026437050335, 'penalty_k': 0.09457843267215466, 'scale_lr': 0.3337011501383751}. Best is trial 113 with value: 0.2826390351827552.
checkpoint_e39 window_influence: 0.24356978030185794, penalty_k: 0.23855596013543739, scale_lr: 0.31094183015341514, EAO: 0.265
Trial 336 finished with value: 0.26462573909420306 and parameters: {'window_influence': 0.24356978030185794, 'penalty_k': 0.2385559601354374, 'scale_lr': 0.31094183015341514}. Best is trial 113 with value: 0.2826390351827552.
checkpoint_e39 window_influence: 0.33433757362896876, penalty_k: 0.10874680692161616, scale_lr: 0.29098943937758187, EAO: 0.254
Trial 337 finished with value: 0.2540818137851188 and parameters: {'window_influence': 0.33433757362896876, 'penalty_k': 0.10874680692161616, 'scale_lr': 0.29098943937758187}. Best is trial 113 with value: 0.2826390351827552.
checkpoint_e39 window_influence: 0.26289764191080645, penalty_k: 0.29879494013195457, scale_lr: 0.37115288698785526, EAO: 0.260
Trial 338 finished with value: 0.26032951165263246 and parameters: {'window_influence': 0.26289764191080645, 'penalty_k': 0.29879494013195457, 'scale_lr': 0.37115288698785526}. Best is trial 113 with value: 0.2826390351827552.
checkpoint_e39 window_influence: 0.28068940073619936, penalty_k: 0.06956233076564380, scale_lr: 0.32423566057087444, EAO: 0.260
Trial 339 finished with value: 0.2597017015020053 and parameters: {'window_influence': 0.28068940073619936, 'penalty_k': 0.0695623307656438, 'scale_lr': 0.32423566057087444}. Best is trial 113 with value: 0.2826390351827552.
checkpoint_e39 window_influence: 0.25324461547382388, penalty_k: 0.08991169212159228, scale_lr: 0.30806859887506743, EAO: 0.259
Trial 340 finished with value: 0.25851636840318276 and parameters: {'window_influence': 0.2532446154738239, 'penalty_k': 0.08991169212159228, 'scale_lr': 0.30806859887506743}. Best is trial 113 with value: 0.2826390351827552.
checkpoint_e39 window_influence: 0.23283543714023808, penalty_k: 0.05078873717062575, scale_lr: 0.39307768909955731, EAO: 0.263
Trial 341 finished with value: 0.26332711373887413 and parameters: {'window_influence': 0.23283543714023808, 'penalty_k': 0.05078873717062575, 'scale_lr': 0.3930776890995573}. Best is trial 113 with value: 0.2826390351827552.
checkpoint_e39 window_influence: 0.27413426183830181, penalty_k: 0.20314174492170797, scale_lr: 0.33591925405371204, EAO: 0.274
Trial 342 finished with value: 0.27372117104326804 and parameters: {'window_influence': 0.2741342618383018, 'penalty_k': 0.20314174492170797, 'scale_lr': 0.33591925405371204}. Best is trial 113 with value: 0.2826390351827552.
checkpoint_e39 window_influence: 0.26970630024140396, penalty_k: 0.20885264977775625, scale_lr: 0.34206880929937705, EAO: 0.276
Trial 343 finished with value: 0.2758021324994118 and parameters: {'window_influence': 0.26970630024140396, 'penalty_k': 0.20885264977775625, 'scale_lr': 0.34206880929937705}. Best is trial 113 with value: 0.2826390351827552.
checkpoint_e39 window_influence: 0.27512489391725042, penalty_k: 0.21119646814995188, scale_lr: 0.35120005930062259, EAO: 0.269
Trial 344 finished with value: 0.2690137372147746 and parameters: {'window_influence': 0.2751248939172504, 'penalty_k': 0.21119646814995188, 'scale_lr': 0.3512000593006226}. Best is trial 113 with value: 0.2826390351827552.
checkpoint_e39 window_influence: 0.30388593815728948, penalty_k: 0.22390835305405254, scale_lr: 0.33676562174225821, EAO: 0.262
Trial 345 finished with value: 0.26169060643126324 and parameters: {'window_influence': 0.3038859381572895, 'penalty_k': 0.22390835305405254, 'scale_lr': 0.3367656217422582}. Best is trial 113 with value: 0.2826390351827552.
checkpoint_e39 window_influence: 0.11665450828160168, penalty_k: 0.20617460668235674, scale_lr: 0.34318103924610155, EAO: 0.243
Trial 346 finished with value: 0.24308854517171052 and parameters: {'window_influence': 0.11665450828160168, 'penalty_k': 0.20617460668235674, 'scale_lr': 0.34318103924610155}. Best is trial 113 with value: 0.2826390351827552.
checkpoint_e39 window_influence: 0.26091549018404858, penalty_k: 0.19705831654106176, scale_lr: 0.36129099350974386, EAO: 0.252
Trial 347 finished with value: 0.25154443375948 and parameters: {'window_influence': 0.2609154901840486, 'penalty_k': 0.19705831654106176, 'scale_lr': 0.36129099350974386}. Best is trial 113 with value: 0.2826390351827552.
checkpoint_e39 window_influence: 0.14796696340382876, penalty_k: 0.22473960506683544, scale_lr: 0.32853467601587033, EAO: 0.247
Trial 348 finished with value: 0.24667897511546205 and parameters: {'window_influence': 0.14796696340382876, 'penalty_k': 0.22473960506683544, 'scale_lr': 0.32853467601587033}. Best is trial 113 with value: 0.2826390351827552.
checkpoint_e39 window_influence: 0.28560058117955639, penalty_k: 0.00794157392960528, scale_lr: 0.34972319935517454, EAO: 0.250
Trial 349 finished with value: 0.2501310899974854 and parameters: {'window_influence': 0.2856005811795564, 'penalty_k': 0.007941573929605275, 'scale_lr': 0.34972319935517454}. Best is trial 113 with value: 0.2826390351827552.
checkpoint_e39 window_influence: 0.31847623240959544, penalty_k: 0.20986050047922494, scale_lr: 0.41334252965119239, EAO: 0.280
Trial 350 finished with value: 0.2801753256500252 and parameters: {'window_influence': 0.31847623240959544, 'penalty_k': 0.20986050047922494, 'scale_lr': 0.4133425296511924}. Best is trial 113 with value: 0.2826390351827552.
checkpoint_e39 window_influence: 0.31800594659701353, penalty_k: 0.27893437945945054, scale_lr: 0.43965633874789473, EAO: 0.264
Trial 351 finished with value: 0.264071278031764 and parameters: {'window_influence': 0.31800594659701353, 'penalty_k': 0.27893437945945054, 'scale_lr': 0.4396563387478947}. Best is trial 113 with value: 0.2826390351827552.
checkpoint_e39 window_influence: 0.33997217876291841, penalty_k: 0.24193304608647798, scale_lr: 0.40874311857650214, EAO: 0.268
Trial 352 finished with value: 0.2678805442481506 and parameters: {'window_influence': 0.3399721787629184, 'penalty_k': 0.24193304608647798, 'scale_lr': 0.40874311857650214}. Best is trial 113 with value: 0.2826390351827552.
checkpoint_e39 window_influence: 0.32497520016513731, penalty_k: 0.19143207923217620, scale_lr: 0.37599397137377166, EAO: 0.271
Trial 353 finished with value: 0.27083175302278706 and parameters: {'window_influence': 0.3249752001651373, 'penalty_k': 0.1914320792321762, 'scale_lr': 0.37599397137377166}. Best is trial 113 with value: 0.2826390351827552.
checkpoint_e39 window_influence: 0.35823189060141664, penalty_k: 0.21579069397081851, scale_lr: 0.41941984686179479, EAO: 0.269
Trial 354 finished with value: 0.2690186708923278 and parameters: {'window_influence': 0.35823189060141664, 'penalty_k': 0.21579069397081851, 'scale_lr': 0.4194198468617948}. Best is trial 113 with value: 0.2826390351827552.
checkpoint_e39 window_influence: 0.42300902407627777, penalty_k: 0.25136879527817863, scale_lr: 0.39684604942000867, EAO: 0.253
Trial 355 finished with value: 0.2533287786977078 and parameters: {'window_influence': 0.4230090240762778, 'penalty_k': 0.2513687952781786, 'scale_lr': 0.3968460494200087}. Best is trial 113 with value: 0.2826390351827552.
checkpoint_e39 window_influence: 0.21274724528348116, penalty_k: 0.18665938628086939, scale_lr: 0.38541111480679852, EAO: 0.265
Trial 356 finished with value: 0.2646285297909403 and parameters: {'window_influence': 0.21274724528348116, 'penalty_k': 0.1866593862808694, 'scale_lr': 0.3854111148067985}. Best is trial 113 with value: 0.2826390351827552.
checkpoint_e39 window_influence: 0.31363588705609491, penalty_k: 0.20796543128813588, scale_lr: 0.31683094866210054, EAO: 0.261
Trial 357 finished with value: 0.26076315252519233 and parameters: {'window_influence': 0.3136358870560949, 'penalty_k': 0.20796543128813588, 'scale_lr': 0.31683094866210054}. Best is trial 113 with value: 0.2826390351827552.
checkpoint_e39 window_influence: 0.23836436001264166, penalty_k: 0.02506548862441628, scale_lr: 0.63753398591811627, EAO: 0.243
Trial 358 finished with value: 0.24329860308548298 and parameters: {'window_influence': 0.23836436001264166, 'penalty_k': 0.02506548862441628, 'scale_lr': 0.6375339859181163}. Best is trial 113 with value: 0.2826390351827552.
checkpoint_e39 window_influence: 0.38515454529189247, penalty_k: 0.15639763917146507, scale_lr: 0.36285894392641405, EAO: 0.256
Trial 359 finished with value: 0.25595336037922684 and parameters: {'window_influence': 0.38515454529189247, 'penalty_k': 0.15639763917146507, 'scale_lr': 0.36285894392641405}. Best is trial 113 with value: 0.2826390351827552.
checkpoint_e39 window_influence: 0.17771823421021968, penalty_k: 0.22662872199877207, scale_lr: 0.40413498095408346, EAO: 0.262
Trial 360 finished with value: 0.26182310567881034 and parameters: {'window_influence': 0.17771823421021968, 'penalty_k': 0.22662872199877207, 'scale_lr': 0.40413498095408346}. Best is trial 113 with value: 0.2826390351827552.
checkpoint_e39 window_influence: 0.29750532540594893, penalty_k: 0.19027189845647724, scale_lr: 0.36896860212279126, EAO: 0.255
Trial 361 finished with value: 0.25539163815054466 and parameters: {'window_influence': 0.29750532540594893, 'penalty_k': 0.19027189845647724, 'scale_lr': 0.36896860212279126}. Best is trial 113 with value: 0.2826390351827552.
checkpoint_e39 window_influence: 0.22453703254333171, penalty_k: 0.17989920431335535, scale_lr: 0.42052077397060034, EAO: 0.256
Trial 362 finished with value: 0.25561268015847943 and parameters: {'window_influence': 0.2245370325433317, 'penalty_k': 0.17989920431335535, 'scale_lr': 0.42052077397060034}. Best is trial 113 with value: 0.2826390351827552.
checkpoint_e39 window_influence: 0.34243903061295111, penalty_k: 0.16051095863289527, scale_lr: 0.73227936741324318, EAO: 0.257
Trial 363 finished with value: 0.2574826385674438 and parameters: {'window_influence': 0.3424390306129511, 'penalty_k': 0.16051095863289527, 'scale_lr': 0.7322793674132432}. Best is trial 113 with value: 0.2826390351827552.
checkpoint_e39 window_influence: 0.19366181120055073, penalty_k: 0.14479281591687823, scale_lr: 0.27775392427556189, EAO: 0.261
Trial 364 finished with value: 0.26098405127602864 and parameters: {'window_influence': 0.19366181120055073, 'penalty_k': 0.14479281591687823, 'scale_lr': 0.2777539242755619}. Best is trial 113 with value: 0.2826390351827552.
checkpoint_e39 window_influence: 0.25975826787209505, penalty_k: 0.21341998869678414, scale_lr: 0.45167480646278252, EAO: 0.274
Trial 365 finished with value: 0.2741285408657741 and parameters: {'window_influence': 0.25975826787209505, 'penalty_k': 0.21341998869678414, 'scale_lr': 0.4516748064627825}. Best is trial 113 with value: 0.2826390351827552.
checkpoint_e39 window_influence: 0.25900019877302283, penalty_k: 0.21864011369917613, scale_lr: 0.45823495577324924, EAO: 0.259
Trial 366 finished with value: 0.25941762897541853 and parameters: {'window_influence': 0.2590001987730228, 'penalty_k': 0.21864011369917613, 'scale_lr': 0.45823495577324924}. Best is trial 113 with value: 0.2826390351827552.
checkpoint_e39 window_influence: 0.24741490982580105, penalty_k: 0.21007919637571498, scale_lr: 0.44425045908338806, EAO: 0.266
Trial 367 finished with value: 0.2662729359254604 and parameters: {'window_influence': 0.24741490982580105, 'penalty_k': 0.21007919637571498, 'scale_lr': 0.44425045908338806}. Best is trial 113 with value: 0.2826390351827552.
checkpoint_e39 window_influence: 0.26983554274738436, penalty_k: 0.23147833358407457, scale_lr: 0.43272897894806606, EAO: 0.278
Trial 368 finished with value: 0.2780659098208435 and parameters: {'window_influence': 0.26983554274738436, 'penalty_k': 0.23147833358407457, 'scale_lr': 0.43272897894806606}. Best is trial 113 with value: 0.2826390351827552.
checkpoint_e39 window_influence: 0.28276185767086559, penalty_k: 0.22628157627512785, scale_lr: 0.42062714098511922, EAO: 0.260
Trial 369 finished with value: 0.2598049084587795 and parameters: {'window_influence': 0.2827618576708656, 'penalty_k': 0.22628157627512785, 'scale_lr': 0.4206271409851192}. Best is trial 113 with value: 0.2826390351827552.
checkpoint_e39 window_influence: 0.30360446792866203, penalty_k: 0.20049833824935256, scale_lr: 0.47161194845597720, EAO: 0.259
Trial 370 finished with value: 0.25919641093994544 and parameters: {'window_influence': 0.303604467928662, 'penalty_k': 0.20049833824935256, 'scale_lr': 0.4716119484559772}. Best is trial 113 with value: 0.2826390351827552.
checkpoint_e39 window_influence: 0.27088017985577356, penalty_k: 0.23463753320972769, scale_lr: 0.40632797185408048, EAO: 0.266
Trial 371 finished with value: 0.2663468579814686 and parameters: {'window_influence': 0.27088017985577356, 'penalty_k': 0.2346375332097277, 'scale_lr': 0.4063279718540805}. Best is trial 113 with value: 0.2826390351827552.
checkpoint_e39 window_influence: 0.32904470997334118, penalty_k: 0.19800787180495041, scale_lr: 0.51313805306530125, EAO: 0.260
