Trial 124 finished with value: 0.26493166568802623 and parameters: {'window_influence': 0.27471004324716247, 'penalty_k': 0.059668531729134215, 'scale_lr': 0.7464716646722382}. Best is trial 115 with value: 0.2796841496374549.
checkpoint_e34 window_influence: 0.32483258124279935, penalty_k: 0.04393461640162509, scale_lr: 0.78009111431235734, EAO: 0.249
Trial 125 finished with value: 0.24923695024193787 and parameters: {'window_influence': 0.32483258124279935, 'penalty_k': 0.04393461640162509, 'scale_lr': 0.7800911143123573}. Best is trial 115 with value: 0.2796841496374549.
checkpoint_e34 window_influence: 0.29218028389280543, penalty_k: 0.08034311573739307, scale_lr: 0.79739451898394875, EAO: 0.260
Trial 126 finished with value: 0.2597717550711903 and parameters: {'window_influence': 0.2921802838928054, 'penalty_k': 0.08034311573739307, 'scale_lr': 0.7973945189839488}. Best is trial 115 with value: 0.2796841496374549.
checkpoint_e34 window_influence: 0.25638544728955265, penalty_k: 0.08871437627849146, scale_lr: 0.75430524235482088, EAO: 0.268
Trial 127 finished with value: 0.26757309912908367 and parameters: {'window_influence': 0.25638544728955265, 'penalty_k': 0.08871437627849146, 'scale_lr': 0.7543052423548209}. Best is trial 115 with value: 0.2796841496374549.
checkpoint_e34 window_influence: 0.24600927487088417, penalty_k: 0.11234279151549123, scale_lr: 0.76311919579023968, EAO: 0.244
Trial 128 finished with value: 0.24377432768422413 and parameters: {'window_influence': 0.24600927487088417, 'penalty_k': 0.11234279151549123, 'scale_lr': 0.7631191957902397}. Best is trial 115 with value: 0.2796841496374549.
checkpoint_e34 window_influence: 0.21720972359055660, penalty_k: 0.05076066024771104, scale_lr: 0.78173737657709685, EAO: 0.260
Trial 129 finished with value: 0.2601271160249788 and parameters: {'window_influence': 0.2172097235905566, 'penalty_k': 0.05076066024771104, 'scale_lr': 0.7817373765770969}. Best is trial 115 with value: 0.2796841496374549.
checkpoint_e34 window_influence: 0.26076676394335246, penalty_k: 0.06736496439987608, scale_lr: 0.74785338976836124, EAO: 0.266
Trial 130 finished with value: 0.2659044670985966 and parameters: {'window_influence': 0.26076676394335246, 'penalty_k': 0.06736496439987608, 'scale_lr': 0.7478533897683612}. Best is trial 115 with value: 0.2796841496374549.
checkpoint_e34 window_influence: 0.27929279210065633, penalty_k: 0.08477129115076946, scale_lr: 0.73553824530672562, EAO: 0.268
Trial 131 finished with value: 0.2678308453017134 and parameters: {'window_influence': 0.27929279210065633, 'penalty_k': 0.08477129115076946, 'scale_lr': 0.7355382453067256}. Best is trial 115 with value: 0.2796841496374549.
checkpoint_e34 window_influence: 0.27774422906060320, penalty_k: 0.08973252554022283, scale_lr: 0.72504401118165018, EAO: 0.255
Trial 132 finished with value: 0.2554089933997247 and parameters: {'window_influence': 0.2777442290606032, 'penalty_k': 0.08973252554022283, 'scale_lr': 0.7250440111816502}. Best is trial 115 with value: 0.2796841496374549.
checkpoint_e34 window_influence: 0.25546946205404658, penalty_k: 0.10593938002290894, scale_lr: 0.76963682400731226, EAO: 0.262
Trial 133 finished with value: 0.2623802922605499 and parameters: {'window_influence': 0.2554694620540466, 'penalty_k': 0.10593938002290894, 'scale_lr': 0.7696368240073123}. Best is trial 115 with value: 0.2796841496374549.
checkpoint_e34 window_influence: 0.23030102360917754, penalty_k: 0.12525291992042062, scale_lr: 0.75474002646037175, EAO: 0.260
Trial 134 finished with value: 0.26004880036765 and parameters: {'window_influence': 0.23030102360917754, 'penalty_k': 0.12525291992042062, 'scale_lr': 0.7547400264603717}. Best is trial 115 with value: 0.2796841496374549.
checkpoint_e34 window_influence: 0.31568779633461019, penalty_k: 0.05939569086125543, scale_lr: 0.70895098086589958, EAO: 0.264
Trial 135 finished with value: 0.2636896005369783 and parameters: {'window_influence': 0.3156877963346102, 'penalty_k': 0.05939569086125543, 'scale_lr': 0.7089509808658996}. Best is trial 115 with value: 0.2796841496374549.
checkpoint_e34 window_influence: 0.28227220378600226, penalty_k: 0.02496665175090530, scale_lr: 0.78762736140079148, EAO: 0.260
Trial 136 finished with value: 0.25960809301312376 and parameters: {'window_influence': 0.28227220378600226, 'penalty_k': 0.024966651750905303, 'scale_lr': 0.7876273614007915}. Best is trial 115 with value: 0.2796841496374549.
checkpoint_e34 window_influence: 0.33383418828763162, penalty_k: 0.07369580890109262, scale_lr: 0.73055774743351476, EAO: 0.262
Trial 137 finished with value: 0.26237609637219733 and parameters: {'window_influence': 0.3338341882876316, 'penalty_k': 0.07369580890109262, 'scale_lr': 0.7305577474335148}. Best is trial 115 with value: 0.2796841496374549.
checkpoint_e34 window_influence: 0.30288726034189800, penalty_k: 0.14418665673604131, scale_lr: 0.79965752179001781, EAO: 0.261
Trial 138 finished with value: 0.26122761372385955 and parameters: {'window_influence': 0.302887260341898, 'penalty_k': 0.1441866567360413, 'scale_lr': 0.7996575217900178}. Best is trial 115 with value: 0.2796841496374549.
checkpoint_e34 window_influence: 0.20756370127466009, penalty_k: 0.09034894447303519, scale_lr: 0.74117679574506723, EAO: 0.251
Trial 139 finished with value: 0.25124278434408387 and parameters: {'window_influence': 0.2075637012746601, 'penalty_k': 0.0903489444730352, 'scale_lr': 0.7411767957450672}. Best is trial 115 with value: 0.2796841496374549.
checkpoint_e34 window_influence: 0.37445940759414520, penalty_k: 0.04482892538630097, scale_lr: 0.77198697511072267, EAO: 0.268
Trial 140 finished with value: 0.26758290391142775 and parameters: {'window_influence': 0.3744594075941452, 'penalty_k': 0.04482892538630097, 'scale_lr': 0.7719869751107227}. Best is trial 115 with value: 0.2796841496374549.
checkpoint_e34 window_influence: 0.38675498201379305, penalty_k: 0.04120125319796813, scale_lr: 0.76135874135938264, EAO: 0.253
Trial 141 finished with value: 0.2531781022141619 and parameters: {'window_influence': 0.38675498201379305, 'penalty_k': 0.04120125319796813, 'scale_lr': 0.7613587413593826}. Best is trial 115 with value: 0.2796841496374549.
checkpoint_e34 window_influence: 0.35446653350891444, penalty_k: 0.05102640044067814, scale_lr: 0.77319564950168851, EAO: 0.256
Trial 142 finished with value: 0.25636028044107484 and parameters: {'window_influence': 0.35446653350891444, 'penalty_k': 0.05102640044067814, 'scale_lr': 0.7731956495016885}. Best is trial 115 with value: 0.2796841496374549.
checkpoint_e34 window_influence: 0.36778773485797084, penalty_k: 0.06347530413384855, scale_lr: 0.71622578954823268, EAO: 0.273
Trial 143 finished with value: 0.27332357014340114 and parameters: {'window_influence': 0.36778773485797084, 'penalty_k': 0.06347530413384855, 'scale_lr': 0.7162257895482327}. Best is trial 115 with value: 0.2796841496374549.
checkpoint_e34 window_influence: 0.36978118129357590, penalty_k: 0.07477885236343694, scale_lr: 0.70273261596288494, EAO: 0.265
Trial 144 finished with value: 0.2649939470295984 and parameters: {'window_influence': 0.3697811812935759, 'penalty_k': 0.07477885236343694, 'scale_lr': 0.7027326159628849}. Best is trial 115 with value: 0.2796841496374549.
checkpoint_e34 window_influence: 0.38126843336071153, penalty_k: 0.00064820010553261, scale_lr: 0.68390563348026956, EAO: 0.246
Trial 145 finished with value: 0.2464776558241224 and parameters: {'window_influence': 0.38126843336071153, 'penalty_k': 0.000648200105532612, 'scale_lr': 0.6839056334802696}. Best is trial 115 with value: 0.2796841496374549.
checkpoint_e34 window_influence: 0.36728970149850276, penalty_k: 0.10173102510218437, scale_lr: 0.73291729207576561, EAO: 0.262
Trial 146 finished with value: 0.26222858481048567 and parameters: {'window_influence': 0.36728970149850276, 'penalty_k': 0.10173102510218437, 'scale_lr': 0.7329172920757656}. Best is trial 115 with value: 0.2796841496374549.
checkpoint_e34 window_influence: 0.35525455810889445, penalty_k: 0.02747532961155578, scale_lr: 0.54716567698477159, EAO: 0.276
Trial 147 finished with value: 0.27596592182308677 and parameters: {'window_influence': 0.35525455810889445, 'penalty_k': 0.027475329611555785, 'scale_lr': 0.5471656769847716}. Best is trial 115 with value: 0.2796841496374549.
checkpoint_e34 window_influence: 0.40199533885718236, penalty_k: 0.02935471838403373, scale_lr: 0.64444145449029733, EAO: 0.264
Trial 148 finished with value: 0.26444147581734306 and parameters: {'window_influence': 0.40199533885718236, 'penalty_k': 0.029354718384033734, 'scale_lr': 0.6444414544902973}. Best is trial 115 with value: 0.2796841496374549.
checkpoint_e34 window_influence: 0.34896560848471542, penalty_k: 0.01926910689212508, scale_lr: 0.56745163091738915, EAO: 0.252
Trial 149 finished with value: 0.2524091114963942 and parameters: {'window_influence': 0.3489656084847154, 'penalty_k': 0.019269106892125083, 'scale_lr': 0.5674516309173891}. Best is trial 115 with value: 0.2796841496374549.
checkpoint_e34 window_influence: 0.37722514651095523, penalty_k: 0.03958611229702595, scale_lr: 0.40367797843507713, EAO: 0.257
Trial 150 finished with value: 0.2571163947989301 and parameters: {'window_influence': 0.37722514651095523, 'penalty_k': 0.03958611229702595, 'scale_lr': 0.40367797843507713}. Best is trial 115 with value: 0.2796841496374549.
checkpoint_e34 window_influence: 0.33848957076234593, penalty_k: 0.08345643035019631, scale_lr: 0.71618065897954220, EAO: 0.255
Trial 151 finished with value: 0.2551674908859943 and parameters: {'window_influence': 0.3384895707623459, 'penalty_k': 0.08345643035019631, 'scale_lr': 0.7161806589795422}. Best is trial 115 with value: 0.2796841496374549.
checkpoint_e34 window_influence: 0.36309034875257595, penalty_k: 0.06834609770934538, scale_lr: 0.77704777077490328, EAO: 0.263
Trial 152 finished with value: 0.26348305796462346 and parameters: {'window_influence': 0.36309034875257595, 'penalty_k': 0.06834609770934538, 'scale_lr': 0.7770477707749033}. Best is trial 115 with value: 0.2796841496374549.
checkpoint_e34 window_influence: 0.32564892371630566, penalty_k: 0.11831417201125174, scale_lr: 0.74787888080283227, EAO: 0.259
Trial 153 finished with value: 0.2592572115543412 and parameters: {'window_influence': 0.32564892371630566, 'penalty_k': 0.11831417201125174, 'scale_lr': 0.7478788808028323}. Best is trial 115 with value: 0.2796841496374549.
checkpoint_e34 window_influence: 0.34864224583321513, penalty_k: 0.04598570832952303, scale_lr: 0.71827138126340329, EAO: 0.273
Trial 154 finished with value: 0.27251719889359743 and parameters: {'window_influence': 0.3486422458332151, 'penalty_k': 0.045985708329523034, 'scale_lr': 0.7182713812634033}. Best is trial 115 with value: 0.2796841496374549.
checkpoint_e34 window_influence: 0.34804641440064338, penalty_k: 0.05060709279968574, scale_lr: 0.70036144609197026, EAO: 0.272
Trial 155 finished with value: 0.272336424184524 and parameters: {'window_influence': 0.3480464144006434, 'penalty_k': 0.05060709279968574, 'scale_lr': 0.7003614460919703}. Best is trial 115 with value: 0.2796841496374549.
checkpoint_e34 window_influence: 0.35092670485497335, penalty_k: 0.03270775082035304, scale_lr: 0.68937299577112487, EAO: 0.252
Trial 156 finished with value: 0.25214928231103634 and parameters: {'window_influence': 0.35092670485497335, 'penalty_k': 0.032707750820353036, 'scale_lr': 0.6893729957711249}. Best is trial 115 with value: 0.2796841496374549.
checkpoint_e34 window_influence: 0.34214280653223100, penalty_k: 0.05804766773274933, scale_lr: 0.66676085425888587, EAO: 0.260
Trial 157 finished with value: 0.2602092003434654 and parameters: {'window_influence': 0.342142806532231, 'penalty_k': 0.05804766773274933, 'scale_lr': 0.6667608542588859}. Best is trial 115 with value: 0.2796841496374549.
checkpoint_e34 window_influence: 0.32054623420073741, penalty_k: 0.01361027957258966, scale_lr: 0.71644009968110101, EAO: 0.249
Trial 158 finished with value: 0.24883295389694896 and parameters: {'window_influence': 0.3205462342007374, 'penalty_k': 0.01361027957258966, 'scale_lr': 0.716440099681101}. Best is trial 115 with value: 0.2796841496374549.
checkpoint_e34 window_influence: 0.32876951221658235, penalty_k: 0.16792014620994603, scale_lr: 0.69961692294337141, EAO: 0.276
Trial 159 finished with value: 0.2763866284271566 and parameters: {'window_influence': 0.32876951221658235, 'penalty_k': 0.16792014620994603, 'scale_lr': 0.6996169229433714}. Best is trial 115 with value: 0.2796841496374549.
checkpoint_e34 window_influence: 0.35746544667295044, penalty_k: 0.17826917905992928, scale_lr: 0.69873140068854267, EAO: 0.265
Trial 160 finished with value: 0.26517461706710055 and parameters: {'window_influence': 0.35746544667295044, 'penalty_k': 0.17826917905992928, 'scale_lr': 0.6987314006885427}. Best is trial 115 with value: 0.2796841496374549.
checkpoint_e34 window_influence: 0.33097095864928666, penalty_k: 0.20227453970207349, scale_lr: 0.67718172736860327, EAO: 0.253
Trial 161 finished with value: 0.2525281934597628 and parameters: {'window_influence': 0.33097095864928666, 'penalty_k': 0.20227453970207349, 'scale_lr': 0.6771817273686033}. Best is trial 115 with value: 0.2796841496374549.
checkpoint_e34 window_influence: 0.34809887919278726, penalty_k: 0.13550622270475685, scale_lr: 0.71782178535703600, EAO: 0.271
Trial 162 finished with value: 0.271406613593179 and parameters: {'window_influence': 0.34809887919278726, 'penalty_k': 0.13550622270475685, 'scale_lr': 0.717821785357036}. Best is trial 115 with value: 0.2796841496374549.
checkpoint_e34 window_influence: 0.39465533053778729, penalty_k: 0.16716671102791658, scale_lr: 0.63457317005085823, EAO: 0.257
Trial 163 finished with value: 0.2572030839396686 and parameters: {'window_influence': 0.3946553305377873, 'penalty_k': 0.16716671102791658, 'scale_lr': 0.6345731700508582}. Best is trial 115 with value: 0.2796841496374549.
checkpoint_e34 window_influence: 0.34574288568903827, penalty_k: 0.15719795036902329, scale_lr: 0.70587716582638249, EAO: 0.266
Trial 164 finished with value: 0.2662804613753063 and parameters: {'window_influence': 0.34574288568903827, 'penalty_k': 0.1571979503690233, 'scale_lr': 0.7058771658263825}. Best is trial 115 with value: 0.2796841496374549.
checkpoint_e34 window_influence: 0.36000887758669797, penalty_k: 0.14002046026631329, scale_lr: 0.68658843309955819, EAO: 0.250
Trial 165 finished with value: 0.24992112845667008 and parameters: {'window_influence': 0.360008877586698, 'penalty_k': 0.1400204602663133, 'scale_lr': 0.6865884330995582}. Best is trial 115 with value: 0.2796841496374549.
checkpoint_e34 window_influence: 0.32978928969894417, penalty_k: 0.18691080416899047, scale_lr: 0.65428782828295873, EAO: 0.256
Trial 166 finished with value: 0.2559231387648156 and parameters: {'window_influence': 0.32978928969894417, 'penalty_k': 0.18691080416899047, 'scale_lr': 0.6542878282829587}. Best is trial 115 with value: 0.2796841496374549.
checkpoint_e34 window_influence: 0.31504761158212297, penalty_k: 0.13189559369028564, scale_lr: 0.72441826587725089, EAO: 0.257
Trial 167 finished with value: 0.25698918134458665 and parameters: {'window_influence': 0.31504761158212297, 'penalty_k': 0.13189559369028564, 'scale_lr': 0.7244182658772509}. Best is trial 115 with value: 0.2796841496374549.
checkpoint_e34 window_influence: 0.34143990779106104, penalty_k: 0.21811451106899987, scale_lr: 0.72017603363098870, EAO: 0.263
Trial 168 finished with value: 0.2628920103718595 and parameters: {'window_influence': 0.34143990779106104, 'penalty_k': 0.21811451106899987, 'scale_lr': 0.7201760336309887}. Best is trial 115 with value: 0.2796841496374549.
checkpoint_e34 window_influence: 0.31383647913842305, penalty_k: 0.14896052390738276, scale_lr: 0.70207822424060207, EAO: 0.267
Trial 169 finished with value: 0.266828552191335 and parameters: {'window_influence': 0.31383647913842305, 'penalty_k': 0.14896052390738276, 'scale_lr': 0.7020782242406021}. Best is trial 115 with value: 0.2796841496374549.
checkpoint_e34 window_influence: 0.38352000955023863, penalty_k: 0.24469698492954900, scale_lr: 0.67146081855636386, EAO: 0.250
Trial 170 finished with value: 0.250080018872168 and parameters: {'window_influence': 0.3835200095502386, 'penalty_k': 0.244696984929549, 'scale_lr': 0.6714608185563639}. Best is trial 115 with value: 0.2796841496374549.
checkpoint_e34 window_influence: 0.29792212958323200, penalty_k: 0.10093019297208294, scale_lr: 0.73238520622430991, EAO: 0.255
Trial 171 finished with value: 0.255002168620505 and parameters: {'window_influence': 0.297922129583232, 'penalty_k': 0.10093019297208294, 'scale_lr': 0.7323852062243099}. Best is trial 115 with value: 0.2796841496374549.
checkpoint_e34 window_influence: 0.33411794277588069, penalty_k: 0.11432353322651098, scale_lr: 0.74017068036487998, EAO: 0.271
Trial 172 finished with value: 0.2706860996843354 and parameters: {'window_influence': 0.3341179427758807, 'penalty_k': 0.11432353322651098, 'scale_lr': 0.74017068036488}. Best is trial 115 with value: 0.2796841496374549.
checkpoint_e34 window_influence: 0.33470018734954948, penalty_k: 0.11346509391281218, scale_lr: 0.71116213280432483, EAO: 0.261
Trial 173 finished with value: 0.2605256684790782 and parameters: {'window_influence': 0.3347001873495495, 'penalty_k': 0.11346509391281218, 'scale_lr': 0.7111621328043248}. Best is trial 115 with value: 0.2796841496374549.
checkpoint_e34 window_influence: 0.32493696211531004, penalty_k: 0.16367444786561944, scale_lr: 0.74719012290448461, EAO: 0.262
Trial 174 finished with value: 0.26240316360462 and parameters: {'window_influence': 0.32493696211531004, 'penalty_k': 0.16367444786561944, 'scale_lr': 0.7471901229044846}. Best is trial 115 with value: 0.2796841496374549.
checkpoint_e34 window_influence: 0.34686363793875680, penalty_k: 0.12934587023023913, scale_lr: 0.69073457832139729, EAO: 0.255
Trial 175 finished with value: 0.2551447952665934 and parameters: {'window_influence': 0.3468636379387568, 'penalty_k': 0.12934587023023913, 'scale_lr': 0.6907345783213973}. Best is trial 115 with value: 0.2796841496374549.
checkpoint_e34 window_influence: 0.36522679924392787, penalty_k: 0.04981228941363705, scale_lr: 0.74008388116675550, EAO: 0.260
Trial 176 finished with value: 0.25984312024542955 and parameters: {'window_influence': 0.36522679924392787, 'penalty_k': 0.04981228941363705, 'scale_lr': 0.7400838811667555}. Best is trial 115 with value: 0.2796841496374549.
checkpoint_e34 window_influence: 0.30651900127044851, penalty_k: 0.10795161572020580, scale_lr: 0.76110663883726504, EAO: 0.261
Trial 177 finished with value: 0.2606541280581699 and parameters: {'window_influence': 0.3065190012704485, 'penalty_k': 0.1079516157202058, 'scale_lr': 0.761106638837265}. Best is trial 115 with value: 0.2796841496374549.
checkpoint_e34 window_influence: 0.32347902215383634, penalty_k: 0.06438545465535270, scale_lr: 0.78757233091120604, EAO: 0.265
Trial 178 finished with value: 0.26494128553847957 and parameters: {'window_influence': 0.32347902215383634, 'penalty_k': 0.0643854546553527, 'scale_lr': 0.787572330911206}. Best is trial 115 with value: 0.2796841496374549.
checkpoint_e34 window_influence: 0.34903610273668739, penalty_k: 0.14238155224560645, scale_lr: 0.62373006100249317, EAO: 0.262
Trial 179 finished with value: 0.26166617294879463 and parameters: {'window_influence': 0.3490361027366874, 'penalty_k': 0.14238155224560645, 'scale_lr': 0.6237300610024932}. Best is trial 115 with value: 0.2796841496374549.
checkpoint_e34 window_influence: 0.35694888697468419, penalty_k: 0.12330661682770189, scale_lr: 0.72137372502054609, EAO: 0.269
Trial 180 finished with value: 0.2690975142688286 and parameters: {'window_influence': 0.3569488869746842, 'penalty_k': 0.12330661682770189, 'scale_lr': 0.7213737250205461}. Best is trial 115 with value: 0.2796841496374549.
checkpoint_e34 window_influence: 0.36130494046654577, penalty_k: 0.12141856593617228, scale_lr: 0.72150533070540879, EAO: 0.267
Trial 181 finished with value: 0.2667016001130507 and parameters: {'window_influence': 0.36130494046654577, 'penalty_k': 0.12141856593617228, 'scale_lr': 0.7215053307054088}. Best is trial 115 with value: 0.2796841496374549.
checkpoint_e34 window_influence: 0.35256227091659526, penalty_k: 0.10173038870972782, scale_lr: 0.70575798638402998, EAO: 0.260
Trial 182 finished with value: 0.2601045936467202 and parameters: {'window_influence': 0.35256227091659526, 'penalty_k': 0.10173038870972782, 'scale_lr': 0.70575798638403}. Best is trial 115 with value: 0.2796841496374549.
checkpoint_e34 window_influence: 0.33594168708341793, penalty_k: 0.13431169912098967, scale_lr: 0.73221737951026267, EAO: 0.266
Trial 183 finished with value: 0.2662055030222831 and parameters: {'window_influence': 0.33594168708341793, 'penalty_k': 0.13431169912098967, 'scale_lr': 0.7322173795102627}. Best is trial 115 with value: 0.2796841496374549.
checkpoint_e34 window_influence: 0.36924769477153280, penalty_k: 0.19057458625663221, scale_lr: 0.76296691681240403, EAO: 0.257
Trial 184 finished with value: 0.2570065444683641 and parameters: {'window_influence': 0.3692476947715328, 'penalty_k': 0.1905745862566322, 'scale_lr': 0.762966916812404}. Best is trial 115 with value: 0.2796841496374549.
checkpoint_e34 window_influence: 0.31071146558551532, penalty_k: 0.15236521990948720, scale_lr: 0.65975653636982357, EAO: 0.267
Trial 185 finished with value: 0.26749276254719834 and parameters: {'window_influence': 0.3107114655855153, 'penalty_k': 0.1523652199094872, 'scale_lr': 0.6597565363698236}. Best is trial 115 with value: 0.2796841496374549.
checkpoint_e34 window_influence: 0.33395156217225314, penalty_k: 0.11734280974167352, scale_lr: 0.49488658449197964, EAO: 0.258
