Trial 186 finished with value: 0.27539417147636414 and parameters: {'window_influence': 0.39189828477025646, 'penalty_k': 0.25140480270882704, 'scale_lr': 0.6414528056580988}. Best is trial 186 with value: 0.27539417147636414.
checkpoint_e17 window_influence: 0.38628509464729355, penalty_k: 0.24451358074579860, scale_lr: 0.61792857099060128, EAO: 0.263
Trial 187 finished with value: 0.2633297195037206 and parameters: {'window_influence': 0.38628509464729355, 'penalty_k': 0.2445135807457986, 'scale_lr': 0.6179285709906013}. Best is trial 186 with value: 0.27539417147636414.
checkpoint_e17 window_influence: 0.38866357535947116, penalty_k: 0.24671085896302389, scale_lr: 0.62921652176960263, EAO: 0.250
Trial 188 finished with value: 0.2498092983311754 and parameters: {'window_influence': 0.38866357535947116, 'penalty_k': 0.2467108589630239, 'scale_lr': 0.6292165217696026}. Best is trial 186 with value: 0.27539417147636414.
checkpoint_e17 window_influence: 0.36784195259619296, penalty_k: 0.24740086895870289, scale_lr: 0.65697538955197954, EAO: 0.252
Trial 189 finished with value: 0.2522240342890344 and parameters: {'window_influence': 0.36784195259619296, 'penalty_k': 0.2474008689587029, 'scale_lr': 0.6569753895519795}. Best is trial 186 with value: 0.27539417147636414.
checkpoint_e17 window_influence: 0.39128190039045879, penalty_k: 0.23323627286455545, scale_lr: 0.61187416346276879, EAO: 0.254
Trial 190 finished with value: 0.25385575880849265 and parameters: {'window_influence': 0.3912819003904588, 'penalty_k': 0.23323627286455545, 'scale_lr': 0.6118741634627688}. Best is trial 186 with value: 0.27539417147636414.
checkpoint_e17 window_influence: 0.40594800035283113, penalty_k: 0.25934567412970028, scale_lr: 0.64259386594230017, EAO: 0.263
Trial 191 finished with value: 0.2630552939646612 and parameters: {'window_influence': 0.40594800035283113, 'penalty_k': 0.2593456741297003, 'scale_lr': 0.6425938659423002}. Best is trial 186 with value: 0.27539417147636414.
checkpoint_e17 window_influence: 0.39982240112594625, penalty_k: 0.26082812884110468, scale_lr: 0.65262072700676266, EAO: 0.263
Trial 192 finished with value: 0.26280748480703775 and parameters: {'window_influence': 0.39982240112594625, 'penalty_k': 0.2608281288411047, 'scale_lr': 0.6526207270067627}. Best is trial 186 with value: 0.27539417147636414.
checkpoint_e17 window_influence: 0.38314008055182519, penalty_k: 0.25789536480484426, scale_lr: 0.64424285163829431, EAO: 0.265
Trial 193 finished with value: 0.26472301581283897 and parameters: {'window_influence': 0.3831400805518252, 'penalty_k': 0.25789536480484426, 'scale_lr': 0.6442428516382943}. Best is trial 186 with value: 0.27539417147636414.
checkpoint_e17 window_influence: 0.35980285060153372, penalty_k: 0.25934574002703659, scale_lr: 0.64226551547503730, EAO: 0.253
Trial 194 finished with value: 0.2531991479236905 and parameters: {'window_influence': 0.3598028506015337, 'penalty_k': 0.2593457400270366, 'scale_lr': 0.6422655154750373}. Best is trial 186 with value: 0.27539417147636414.
checkpoint_e17 window_influence: 0.39965681510511586, penalty_k: 0.26995143001022054, scale_lr: 0.64881683394417544, EAO: 0.264
Trial 195 finished with value: 0.2636742451326634 and parameters: {'window_influence': 0.39965681510511586, 'penalty_k': 0.26995143001022054, 'scale_lr': 0.6488168339441754}. Best is trial 186 with value: 0.27539417147636414.
checkpoint_e17 window_influence: 0.40239249774121116, penalty_k: 0.27614936140893920, scale_lr: 0.67793795323735584, EAO: 0.258
Trial 196 finished with value: 0.2582702764529523 and parameters: {'window_influence': 0.40239249774121116, 'penalty_k': 0.2761493614089392, 'scale_lr': 0.6779379532373558}. Best is trial 186 with value: 0.27539417147636414.
checkpoint_e17 window_influence: 0.38554255536983850, penalty_k: 0.26158750675081971, scale_lr: 0.65292456889769157, EAO: 0.262
Trial 197 finished with value: 0.26167317934152556 and parameters: {'window_influence': 0.3855425553698385, 'penalty_k': 0.2615875067508197, 'scale_lr': 0.6529245688976916}. Best is trial 186 with value: 0.27539417147636414.
checkpoint_e17 window_influence: 0.37994125453965505, penalty_k: 0.28809255999341377, scale_lr: 0.62308014312719240, EAO: 0.249
Trial 198 finished with value: 0.24945417137407674 and parameters: {'window_influence': 0.37994125453965505, 'penalty_k': 0.28809255999341377, 'scale_lr': 0.6230801431271924}. Best is trial 186 with value: 0.27539417147636414.
checkpoint_e17 window_influence: 0.40858112385354517, penalty_k: 0.26327919520461535, scale_lr: 0.63860268588601676, EAO: 0.256
Trial 199 finished with value: 0.25608506150604265 and parameters: {'window_influence': 0.40858112385354517, 'penalty_k': 0.26327919520461535, 'scale_lr': 0.6386026858860168}. Best is trial 186 with value: 0.27539417147636414.
checkpoint_e17 window_influence: 0.39817721272329093, penalty_k: 0.22947148707488788, scale_lr: 0.66968949639321251, EAO: 0.262
Trial 200 finished with value: 0.2616067983028365 and parameters: {'window_influence': 0.39817721272329093, 'penalty_k': 0.22947148707488788, 'scale_lr': 0.6696894963932125}. Best is trial 186 with value: 0.27539417147636414.
checkpoint_e17 window_influence: 0.37956572678553763, penalty_k: 0.26372711349599370, scale_lr: 0.64880220498148922, EAO: 0.266
Trial 201 finished with value: 0.266177960043031 and parameters: {'window_influence': 0.3795657267855376, 'penalty_k': 0.2637271134959937, 'scale_lr': 0.6488022049814892}. Best is trial 186 with value: 0.27539417147636414.
checkpoint_e17 window_influence: 0.37553763189103578, penalty_k: 0.30830390959693238, scale_lr: 0.65291889562889360, EAO: 0.256
Trial 202 finished with value: 0.25638472997560735 and parameters: {'window_influence': 0.3755376318910358, 'penalty_k': 0.3083039095969324, 'scale_lr': 0.6529188956288936}. Best is trial 186 with value: 0.27539417147636414.
checkpoint_e17 window_influence: 0.38530259095150787, penalty_k: 0.26654308239318492, scale_lr: 0.62295341305620244, EAO: 0.256
Trial 203 finished with value: 0.25610854949166134 and parameters: {'window_influence': 0.3853025909515079, 'penalty_k': 0.2665430823931849, 'scale_lr': 0.6229534130562024}. Best is trial 186 with value: 0.27539417147636414.
checkpoint_e17 window_influence: 0.39672270508867419, penalty_k: 0.25226150984141582, scale_lr: 0.64418907641821488, EAO: 0.258
Trial 204 finished with value: 0.2577208273900234 and parameters: {'window_influence': 0.3967227050886742, 'penalty_k': 0.2522615098414158, 'scale_lr': 0.6441890764182149}. Best is trial 186 with value: 0.27539417147636414.
checkpoint_e17 window_influence: 0.41365744093817852, penalty_k: 0.23628189240319372, scale_lr: 0.66715878680700036, EAO: 0.259
Trial 205 finished with value: 0.25910069351273823 and parameters: {'window_influence': 0.4136574409381785, 'penalty_k': 0.23628189240319372, 'scale_lr': 0.6671587868070004}. Best is trial 186 with value: 0.27539417147636414.
checkpoint_e17 window_influence: 0.37199116399152954, penalty_k: 0.27141259314710503, scale_lr: 0.59065044753595231, EAO: 0.265
Trial 206 finished with value: 0.26502323508020337 and parameters: {'window_influence': 0.37199116399152954, 'penalty_k': 0.27141259314710503, 'scale_lr': 0.5906504475359523}. Best is trial 186 with value: 0.27539417147636414.
checkpoint_e17 window_influence: 0.42726436923878680, penalty_k: 0.28906907109771551, scale_lr: 0.58486233888743033, EAO: 0.256
Trial 207 finished with value: 0.2556828805586187 and parameters: {'window_influence': 0.4272643692387868, 'penalty_k': 0.2890690710977155, 'scale_lr': 0.5848623388874303}. Best is trial 186 with value: 0.27539417147636414.
checkpoint_e17 window_influence: 0.37094552717901663, penalty_k: 0.26762611566108802, scale_lr: 0.61967821907877274, EAO: 0.268
Trial 208 finished with value: 0.26786233436285967 and parameters: {'window_influence': 0.37094552717901663, 'penalty_k': 0.267626115661088, 'scale_lr': 0.6196782190787727}. Best is trial 186 with value: 0.27539417147636414.
checkpoint_e17 window_influence: 0.36828486108290237, penalty_k: 0.27298448147280030, scale_lr: 0.61035737727171857, EAO: 0.260
Trial 209 finished with value: 0.25993496730802507 and parameters: {'window_influence': 0.36828486108290237, 'penalty_k': 0.2729844814728003, 'scale_lr': 0.6103573772717186}. Best is trial 186 with value: 0.27539417147636414.
checkpoint_e17 window_influence: 0.37504684361473006, penalty_k: 0.25247584465171558, scale_lr: 0.61796590561970877, EAO: 0.254
Trial 210 finished with value: 0.254244947881718 and parameters: {'window_influence': 0.37504684361473006, 'penalty_k': 0.2524758446517156, 'scale_lr': 0.6179659056197088}. Best is trial 186 with value: 0.27539417147636414.
checkpoint_e17 window_influence: 0.38829308264910001, penalty_k: 0.27124759075357269, scale_lr: 0.63388502401873670, EAO: 0.258
Trial 211 finished with value: 0.2578002734760928 and parameters: {'window_influence': 0.3882930826491, 'penalty_k': 0.2712475907535727, 'scale_lr': 0.6338850240187367}. Best is trial 186 with value: 0.27539417147636414.
checkpoint_e17 window_influence: 0.40399721569887653, penalty_k: 0.24545923388220392, scale_lr: 0.60357080849384082, EAO: 0.256
Trial 212 finished with value: 0.2558981878607254 and parameters: {'window_influence': 0.40399721569887653, 'penalty_k': 0.24545923388220392, 'scale_lr': 0.6035708084938408}. Best is trial 186 with value: 0.27539417147636414.
checkpoint_e17 window_influence: 0.39773303522198711, penalty_k: 0.22101167997283735, scale_lr: 0.58402319234152433, EAO: 0.266
Trial 213 finished with value: 0.2663819217463819 and parameters: {'window_influence': 0.3977330352219871, 'penalty_k': 0.22101167997283735, 'scale_lr': 0.5840231923415243}. Best is trial 186 with value: 0.27539417147636414.
checkpoint_e17 window_influence: 0.38119561800893964, penalty_k: 0.22542219000524974, scale_lr: 0.64180639012636409, EAO: 0.256
Trial 214 finished with value: 0.2563975401889018 and parameters: {'window_influence': 0.38119561800893964, 'penalty_k': 0.22542219000524974, 'scale_lr': 0.6418063901263641}. Best is trial 186 with value: 0.27539417147636414.
checkpoint_e17 window_influence: 0.39306325505314366, penalty_k: 0.21545436696211653, scale_lr: 0.57958096924535796, EAO: 0.273
Trial 215 finished with value: 0.27348695822605273 and parameters: {'window_influence': 0.39306325505314366, 'penalty_k': 0.21545436696211653, 'scale_lr': 0.579580969245358}. Best is trial 186 with value: 0.27539417147636414.
checkpoint_e17 window_influence: 0.37633983195568677, penalty_k: 0.22348735508146766, scale_lr: 0.58891001272655641, EAO: 0.249
Trial 216 finished with value: 0.2494766445058148 and parameters: {'window_influence': 0.37633983195568677, 'penalty_k': 0.22348735508146766, 'scale_lr': 0.5889100127265564}. Best is trial 186 with value: 0.27539417147636414.
checkpoint_e17 window_influence: 0.39788184344249089, penalty_k: 0.21301102719051776, scale_lr: 0.57302856936996238, EAO: 0.263
Trial 217 finished with value: 0.262913004230193 and parameters: {'window_influence': 0.3978818434424909, 'penalty_k': 0.21301102719051776, 'scale_lr': 0.5730285693699624}. Best is trial 186 with value: 0.27539417147636414.
checkpoint_e17 window_influence: 0.40266380845083405, penalty_k: 0.20156150519257751, scale_lr: 0.57513520980948130, EAO: 0.251
Trial 218 finished with value: 0.25126033748795346 and parameters: {'window_influence': 0.40266380845083405, 'penalty_k': 0.2015615051925775, 'scale_lr': 0.5751352098094813}. Best is trial 186 with value: 0.27539417147636414.
checkpoint_e17 window_influence: 0.36512434166368413, penalty_k: 0.21400050743144569, scale_lr: 0.55895119188329778, EAO: 0.266
Trial 219 finished with value: 0.2660118262094211 and parameters: {'window_influence': 0.3651243416636841, 'penalty_k': 0.2140005074314457, 'scale_lr': 0.5589511918832978}. Best is trial 186 with value: 0.27539417147636414.
checkpoint_e17 window_influence: 0.36023205480674891, penalty_k: 0.21424502516901542, scale_lr: 0.55325623024580528, EAO: 0.265
Trial 220 finished with value: 0.2646291278968982 and parameters: {'window_influence': 0.3602320548067489, 'penalty_k': 0.21424502516901542, 'scale_lr': 0.5532562302458053}. Best is trial 186 with value: 0.27539417147636414.
checkpoint_e17 window_influence: 0.36309527177931228, penalty_k: 0.20414749387604780, scale_lr: 0.56589585646841722, EAO: 0.260
Trial 221 finished with value: 0.26042741718815593 and parameters: {'window_influence': 0.3630952717793123, 'penalty_k': 0.2041474938760478, 'scale_lr': 0.5658958564684172}. Best is trial 186 with value: 0.27539417147636414.
checkpoint_e17 window_influence: 0.35082312045824593, penalty_k: 0.21417241891674069, scale_lr: 0.58485332080316810, EAO: 0.248
Trial 222 finished with value: 0.247857019365803 and parameters: {'window_influence': 0.35082312045824593, 'penalty_k': 0.2141724189167407, 'scale_lr': 0.5848533208031681}. Best is trial 186 with value: 0.27539417147636414.
checkpoint_e17 window_influence: 0.36965707618469040, penalty_k: 0.23812372710168417, scale_lr: 0.55197932676620520, EAO: 0.259
Trial 223 finished with value: 0.2587281045148043 and parameters: {'window_influence': 0.3696570761846904, 'penalty_k': 0.23812372710168417, 'scale_lr': 0.5519793267662052}. Best is trial 186 with value: 0.27539417147636414.
checkpoint_e17 window_influence: 0.38761624209483359, penalty_k: 0.26018076384115113, scale_lr: 0.57533657225271784, EAO: 0.258
Trial 224 finished with value: 0.2584501085121457 and parameters: {'window_influence': 0.3876162420948336, 'penalty_k': 0.26018076384115113, 'scale_lr': 0.5753365722527178}. Best is trial 186 with value: 0.27539417147636414.
checkpoint_e17 window_influence: 0.34451777597411282, penalty_k: 0.21477353879823005, scale_lr: 0.59514391238077591, EAO: 0.257
Trial 225 finished with value: 0.2569885363544875 and parameters: {'window_influence': 0.3445177759741128, 'penalty_k': 0.21477353879823005, 'scale_lr': 0.5951439123807759}. Best is trial 186 with value: 0.27539417147636414.
checkpoint_e17 window_influence: 0.39153464555200979, penalty_k: 0.26904661448103911, scale_lr: 0.53761842523345693, EAO: 0.248
Trial 226 finished with value: 0.24819952612969934 and parameters: {'window_influence': 0.3915346455520098, 'penalty_k': 0.2690466144810391, 'scale_lr': 0.5376184252334569}. Best is trial 186 with value: 0.27539417147636414.
checkpoint_e17 window_influence: 0.36598392129803647, penalty_k: 0.24270253675153286, scale_lr: 0.55466087049123602, EAO: 0.273
Trial 227 finished with value: 0.27284021633185024 and parameters: {'window_influence': 0.3659839212980365, 'penalty_k': 0.24270253675153286, 'scale_lr': 0.554660870491236}. Best is trial 186 with value: 0.27539417147636414.
checkpoint_e17 window_influence: 0.36232397148622314, penalty_k: 0.24565022809549880, scale_lr: 0.55137171505017435, EAO: 0.252
Trial 228 finished with value: 0.25243205080429715 and parameters: {'window_influence': 0.36232397148622314, 'penalty_k': 0.2456502280954988, 'scale_lr': 0.5513717150501743}. Best is trial 186 with value: 0.27539417147636414.
checkpoint_e17 window_influence: 0.37435566126085545, penalty_k: 0.23850925622716956, scale_lr: 0.56301743782645042, EAO: 0.257
Trial 229 finished with value: 0.2569659631547889 and parameters: {'window_influence': 0.37435566126085545, 'penalty_k': 0.23850925622716956, 'scale_lr': 0.5630174378264504}. Best is trial 186 with value: 0.27539417147636414.
checkpoint_e17 window_influence: 0.32853174496610632, penalty_k: 0.28521504203249559, scale_lr: 0.60246460932843870, EAO: 0.251
Trial 230 finished with value: 0.25141293912883694 and parameters: {'window_influence': 0.3285317449661063, 'penalty_k': 0.2852150420324956, 'scale_lr': 0.6024646093284387}. Best is trial 186 with value: 0.27539417147636414.
checkpoint_e17 window_influence: 0.35559736896958466, penalty_k: 0.25583545855521944, scale_lr: 0.57493210566919262, EAO: 0.261
Trial 231 finished with value: 0.26063426771784215 and parameters: {'window_influence': 0.35559736896958466, 'penalty_k': 0.25583545855521944, 'scale_lr': 0.5749321056691926}. Best is trial 186 with value: 0.27539417147636414.
checkpoint_e17 window_influence: 0.38125099293503556, penalty_k: 0.27481467174519297, scale_lr: 0.61789293332462669, EAO: 0.258
Trial 232 finished with value: 0.2584792445224475 and parameters: {'window_influence': 0.38125099293503556, 'penalty_k': 0.274814671745193, 'scale_lr': 0.6178929333246267}. Best is trial 186 with value: 0.27539417147636414.
checkpoint_e17 window_influence: 0.39870454985658021, penalty_k: 0.25792774249446210, scale_lr: 0.63026288696704158, EAO: 0.261
Trial 233 finished with value: 0.26110502368793254 and parameters: {'window_influence': 0.3987045498565802, 'penalty_k': 0.2579277424944621, 'scale_lr': 0.6302628869670416}. Best is trial 186 with value: 0.27539417147636414.
checkpoint_e17 window_influence: 0.10539359340676141, penalty_k: 0.30156914915706118, scale_lr: 0.54306820669830824, EAO: 0.231
Trial 234 finished with value: 0.2307309802712464 and parameters: {'window_influence': 0.10539359340676141, 'penalty_k': 0.3015691491570612, 'scale_lr': 0.5430682066983082}. Best is trial 186 with value: 0.27539417147636414.
checkpoint_e17 window_influence: 0.63668360231268606, penalty_k: 0.22188130420390667, scale_lr: 0.59430572226403866, EAO: 0.212
Trial 235 finished with value: 0.2117044430801539 and parameters: {'window_influence': 0.6366836023126861, 'penalty_k': 0.22188130420390667, 'scale_lr': 0.5943057222640387}. Best is trial 186 with value: 0.27539417147636414.
checkpoint_e17 window_influence: 0.40898549547883478, penalty_k: 0.19027674961269200, scale_lr: 0.65484820903142038, EAO: 0.258
Trial 236 finished with value: 0.25837241676522466 and parameters: {'window_influence': 0.4089854954788348, 'penalty_k': 0.190276749612692, 'scale_lr': 0.6548482090314204}. Best is trial 186 with value: 0.27539417147636414.
checkpoint_e17 window_influence: 0.36737633205833353, penalty_k: 0.23640164378601342, scale_lr: 0.56547972104850230, EAO: 0.259
Trial 237 finished with value: 0.2589897006386664 and parameters: {'window_influence': 0.36737633205833353, 'penalty_k': 0.23640164378601342, 'scale_lr': 0.5654797210485023}. Best is trial 186 with value: 0.27539417147636414.
checkpoint_e17 window_influence: 0.39017656390352490, penalty_k: 0.24660939483628314, scale_lr: 0.61848472996527593, EAO: 0.269
Trial 238 finished with value: 0.2694555331415277 and parameters: {'window_influence': 0.3901765639035249, 'penalty_k': 0.24660939483628314, 'scale_lr': 0.6184847299652759}. Best is trial 186 with value: 0.27539417147636414.
checkpoint_e17 window_influence: 0.38401533834608392, penalty_k: 0.24623602421337154, scale_lr: 0.61257573472114246, EAO: 0.258
Trial 239 finished with value: 0.25800439430688454 and parameters: {'window_influence': 0.3840153383460839, 'penalty_k': 0.24623602421337154, 'scale_lr': 0.6125757347211425}. Best is trial 186 with value: 0.27539417147636414.
checkpoint_e17 window_influence: 0.33958108702646556, penalty_k: 0.22936418950869197, scale_lr: 0.57781651265903389, EAO: 0.263
Trial 240 finished with value: 0.26306387981990487 and parameters: {'window_influence': 0.33958108702646556, 'penalty_k': 0.22936418950869197, 'scale_lr': 0.5778165126590339}. Best is trial 186 with value: 0.27539417147636414.
checkpoint_e17 window_influence: 0.34557383146380977, penalty_k: 0.22912956374293192, scale_lr: 0.57800542126048715, EAO: 0.265
Trial 241 finished with value: 0.26451676635722804 and parameters: {'window_influence': 0.34557383146380977, 'penalty_k': 0.22912956374293192, 'scale_lr': 0.5780054212604872}. Best is trial 186 with value: 0.27539417147636414.
checkpoint_e17 window_influence: 0.39068261394520415, penalty_k: 0.22853990242912808, scale_lr: 0.58306958235575057, EAO: 0.257
Trial 242 finished with value: 0.2574976895882831 and parameters: {'window_influence': 0.39068261394520415, 'penalty_k': 0.22853990242912808, 'scale_lr': 0.5830695823557506}. Best is trial 186 with value: 0.27539417147636414.
checkpoint_e17 window_influence: 0.31201911529913567, penalty_k: 0.22126691606543525, scale_lr: 0.60072155042901076, EAO: 0.260
Trial 243 finished with value: 0.2598902363239265 and parameters: {'window_influence': 0.3120191152991357, 'penalty_k': 0.22126691606543525, 'scale_lr': 0.6007215504290108}. Best is trial 186 with value: 0.27539417147636414.
checkpoint_e17 window_influence: 0.33876679962699435, penalty_k: 0.21282330957316625, scale_lr: 0.57777352611033617, EAO: 0.256
Trial 244 finished with value: 0.2557218984011712 and parameters: {'window_influence': 0.33876679962699435, 'penalty_k': 0.21282330957316625, 'scale_lr': 0.5777735261103362}. Best is trial 186 with value: 0.27539417147636414.
checkpoint_e17 window_influence: 0.35557670400251501, penalty_k: 0.23883758141501563, scale_lr: 0.55610627484594088, EAO: 0.265
Trial 245 finished with value: 0.26484051225631217 and parameters: {'window_influence': 0.355576704002515, 'penalty_k': 0.23883758141501563, 'scale_lr': 0.5561062748459409}. Best is trial 186 with value: 0.27539417147636414.
checkpoint_e17 window_influence: 0.33104918961976088, penalty_k: 0.24355226301411054, scale_lr: 0.55458801693595361, EAO: 0.269
Trial 246 finished with value: 0.2691433148655465 and parameters: {'window_influence': 0.3310491896197609, 'penalty_k': 0.24355226301411054, 'scale_lr': 0.5545880169359536}. Best is trial 186 with value: 0.27539417147636414.
checkpoint_e17 window_influence: 0.31671969446281534, penalty_k: 0.23523494024866781, scale_lr: 0.55355157440419134, EAO: 0.252
Trial 247 finished with value: 0.2517033417413874 and parameters: {'window_influence': 0.31671969446281534, 'penalty_k': 0.2352349402486678, 'scale_lr': 0.5535515744041913}. Best is trial 186 with value: 0.27539417147636414.
checkpoint_e17 window_influence: 0.33480579312225428, penalty_k: 0.24433655494608947, scale_lr: 0.55711084955279178, EAO: 0.257
