Trial 1726 finished with value: 0.26044276804943395 and parameters: {'window_influence': 0.35052339276914274, 'penalty_k': 0.028991045320786685, 'scale_lr': 0.36170246144366486}. Best is trial 1552 with value: 0.2873222411163454.
checkpoint_e22 window_influence: 0.36383885094242935, penalty_k: 0.00007878385178431, scale_lr: 0.31194437611906300, EAO: 0.262
Trial 1727 finished with value: 0.26187014616117243 and parameters: {'window_influence': 0.36383885094242935, 'penalty_k': 7.878385178430522e-05, 'scale_lr': 0.311944376119063}. Best is trial 1552 with value: 0.2873222411163454.
checkpoint_e22 window_influence: 0.34141125184431781, penalty_k: 0.03889507652278867, scale_lr: 0.36904048690270747, EAO: 0.272
Trial 1728 finished with value: 0.2719398208749973 and parameters: {'window_influence': 0.3414112518443178, 'penalty_k': 0.03889507652278867, 'scale_lr': 0.36904048690270747}. Best is trial 1552 with value: 0.2873222411163454.
checkpoint_e22 window_influence: 0.36957840185503066, penalty_k: 0.05158210250791885, scale_lr: 0.34905922398939576, EAO: 0.268
Trial 1729 finished with value: 0.26756986793948384 and parameters: {'window_influence': 0.36957840185503066, 'penalty_k': 0.05158210250791885, 'scale_lr': 0.34905922398939576}. Best is trial 1552 with value: 0.2873222411163454.
checkpoint_e22 window_influence: 0.35014436317369102, penalty_k: 0.02076258298059469, scale_lr: 0.32660013127654924, EAO: 0.253
Trial 1730 finished with value: 0.2532719868591161 and parameters: {'window_influence': 0.350144363173691, 'penalty_k': 0.020762582980594694, 'scale_lr': 0.32660013127654924}. Best is trial 1552 with value: 0.2873222411163454.
checkpoint_e22 window_influence: 0.35860140234776255, penalty_k: 0.44584810380724393, scale_lr: 0.37240188353092996, EAO: 0.246
Trial 1731 finished with value: 0.24590788854331505 and parameters: {'window_influence': 0.35860140234776255, 'penalty_k': 0.44584810380724393, 'scale_lr': 0.37240188353092996}. Best is trial 1552 with value: 0.2873222411163454.
checkpoint_e22 window_influence: 0.05252037301059920, penalty_k: 0.03460983545487872, scale_lr: 0.33739587037456881, EAO: 0.236
Trial 1732 finished with value: 0.2358391268587694 and parameters: {'window_influence': 0.0525203730105992, 'penalty_k': 0.03460983545487872, 'scale_lr': 0.3373958703745688}. Best is trial 1552 with value: 0.2873222411163454.
checkpoint_e22 window_influence: 0.33588003706533764, penalty_k: 0.04876298494337723, scale_lr: 0.36423151196652687, EAO: 0.273
Trial 1733 finished with value: 0.2728915901445761 and parameters: {'window_influence': 0.33588003706533764, 'penalty_k': 0.048762984943377226, 'scale_lr': 0.36423151196652687}. Best is trial 1552 with value: 0.2873222411163454.
checkpoint_e22 window_influence: 0.37645877408667155, penalty_k: 0.01469051836015725, scale_lr: 0.35199431821437954, EAO: 0.259
Trial 1734 finished with value: 0.2591038927799318 and parameters: {'window_influence': 0.37645877408667155, 'penalty_k': 0.014690518360157254, 'scale_lr': 0.35199431821437954}. Best is trial 1552 with value: 0.2873222411163454.
checkpoint_e22 window_influence: 0.35262956438132165, penalty_k: 0.03080792842951555, scale_lr: 0.37957614024302921, EAO: 0.285
Trial 1735 finished with value: 0.2849549909796172 and parameters: {'window_influence': 0.35262956438132165, 'penalty_k': 0.030807928429515546, 'scale_lr': 0.3795761402430292}. Best is trial 1552 with value: 0.2873222411163454.
checkpoint_e22 window_influence: 0.32498365463870749, penalty_k: 0.37718576535860832, scale_lr: 0.27376339501276686, EAO: 0.250
Trial 1736 finished with value: 0.24968371431275113 and parameters: {'window_influence': 0.3249836546387075, 'penalty_k': 0.3771857653586083, 'scale_lr': 0.27376339501276686}. Best is trial 1552 with value: 0.2873222411163454.
checkpoint_e22 window_influence: 0.34282778999889929, penalty_k: 0.00951664448363766, scale_lr: 0.25310734746713226, EAO: 0.250
Trial 1737 finished with value: 0.2501983027148053 and parameters: {'window_influence': 0.3428277899988993, 'penalty_k': 0.009516644483637655, 'scale_lr': 0.25310734746713226}. Best is trial 1552 with value: 0.2873222411163454.
checkpoint_e22 window_influence: 0.33439179298788940, penalty_k: 0.02641741120964020, scale_lr: 0.38382103489579639, EAO: 0.256
Trial 1738 finished with value: 0.2561181520180004 and parameters: {'window_influence': 0.3343917929878894, 'penalty_k': 0.026417411209640196, 'scale_lr': 0.3838210348957964}. Best is trial 1552 with value: 0.2873222411163454.
checkpoint_e22 window_influence: 0.35190776453819272, penalty_k: 0.02009572877494142, scale_lr: 0.22335782580525759, EAO: 0.242
Trial 1739 finished with value: 0.2416945389979254 and parameters: {'window_influence': 0.3519077645381927, 'penalty_k': 0.02009572877494142, 'scale_lr': 0.2233578258052576}. Best is trial 1552 with value: 0.2873222411163454.
checkpoint_e22 window_influence: 0.44839685966907450, penalty_k: 0.00004380299936957, scale_lr: 0.30730979698147431, EAO: 0.261
Trial 1740 finished with value: 0.26115285629421714 and parameters: {'window_influence': 0.4483968596690745, 'penalty_k': 4.3802999369568774e-05, 'scale_lr': 0.3073097969814743}. Best is trial 1552 with value: 0.2873222411163454.
checkpoint_e22 window_influence: 0.36447195097881818, penalty_k: 0.03060697855080164, scale_lr: 0.38115888713939944, EAO: 0.271
Trial 1741 finished with value: 0.2706510041787372 and parameters: {'window_influence': 0.3644719509788182, 'penalty_k': 0.030606978550801644, 'scale_lr': 0.38115888713939944}. Best is trial 1552 with value: 0.2873222411163454.
checkpoint_e22 window_influence: 0.08062758044275153, penalty_k: 0.05949448209151079, scale_lr: 0.38541302248731313, EAO: 0.244
Trial 1742 finished with value: 0.2440930452288651 and parameters: {'window_influence': 0.08062758044275153, 'penalty_k': 0.05949448209151079, 'scale_lr': 0.38541302248731313}. Best is trial 1552 with value: 0.2873222411163454.
checkpoint_e22 window_influence: 0.22703264552527119, penalty_k: 0.03622049034602406, scale_lr: 0.35687231669138797, EAO: 0.243
Trial 1743 finished with value: 0.2427270343996645 and parameters: {'window_influence': 0.2270326455252712, 'penalty_k': 0.036220490346024065, 'scale_lr': 0.35687231669138797}. Best is trial 1552 with value: 0.2873222411163454.
checkpoint_e22 window_influence: 0.11386960311247848, penalty_k: 0.01496744648541042, scale_lr: 0.30239674186792792, EAO: 0.244
Trial 1744 finished with value: 0.24378964359440455 and parameters: {'window_influence': 0.11386960311247848, 'penalty_k': 0.014967446485410422, 'scale_lr': 0.3023967418679279}. Best is trial 1552 with value: 0.2873222411163454.
checkpoint_e22 window_influence: 0.21383161332094394, penalty_k: 0.04760278371861448, scale_lr: 0.32102906917748225, EAO: 0.248
Trial 1745 finished with value: 0.24777302800155268 and parameters: {'window_influence': 0.21383161332094394, 'penalty_k': 0.04760278371861448, 'scale_lr': 0.32102906917748225}. Best is trial 1552 with value: 0.2873222411163454.
checkpoint_e22 window_influence: 0.37913287176656058, penalty_k: 0.12346113911421946, scale_lr: 0.26236615433621457, EAO: 0.245
Trial 1746 finished with value: 0.2445963542999291 and parameters: {'window_influence': 0.3791328717665606, 'penalty_k': 0.12346113911421946, 'scale_lr': 0.2623661543362146}. Best is trial 1552 with value: 0.2873222411163454.
checkpoint_e22 window_influence: 0.59798736096382976, penalty_k: 0.06159564404508963, scale_lr: 0.39972199228645805, EAO: 0.224
Trial 1747 finished with value: 0.2235069086517745 and parameters: {'window_influence': 0.5979873609638298, 'penalty_k': 0.06159564404508963, 'scale_lr': 0.39972199228645805}. Best is trial 1552 with value: 0.2873222411163454.
checkpoint_e22 window_influence: 0.34445598971435726, penalty_k: 0.02694009108120304, scale_lr: 0.37984288659334303, EAO: 0.259
Trial 1748 finished with value: 0.25892481341110013 and parameters: {'window_influence': 0.34445598971435726, 'penalty_k': 0.026940091081203044, 'scale_lr': 0.37984288659334303}. Best is trial 1552 with value: 0.2873222411163454.
checkpoint_e22 window_influence: 0.18458080633657425, penalty_k: 0.04181961419453316, scale_lr: 0.28361955775726666, EAO: 0.253
Trial 1749 finished with value: 0.25331494024371715 and parameters: {'window_influence': 0.18458080633657425, 'penalty_k': 0.04181961419453316, 'scale_lr': 0.28361955775726666}. Best is trial 1552 with value: 0.2873222411163454.
checkpoint_e22 window_influence: 0.59698775157841544, penalty_k: 0.01685548536384793, scale_lr: 0.37103846723748302, EAO: 0.222
Trial 1750 finished with value: 0.22169911292025712 and parameters: {'window_influence': 0.5969877515784154, 'penalty_k': 0.01685548536384793, 'scale_lr': 0.371038467237483}. Best is trial 1552 with value: 0.2873222411163454.
checkpoint_e22 window_influence: 0.31323569857396960, penalty_k: 0.05386289151090722, scale_lr: 0.33231178373449083, EAO: 0.259
Trial 1751 finished with value: 0.2586851567635691 and parameters: {'window_influence': 0.3132356985739696, 'penalty_k': 0.053862891510907215, 'scale_lr': 0.33231178373449083}. Best is trial 1552 with value: 0.2873222411163454.
checkpoint_e22 window_influence: 0.11115331200846645, penalty_k: 0.35452744211643111, scale_lr: 0.39402176895360219, EAO: 0.220
Trial 1752 finished with value: 0.21992245207472547 and parameters: {'window_influence': 0.11115331200846645, 'penalty_k': 0.3545274421164311, 'scale_lr': 0.3940217689536022}. Best is trial 1552 with value: 0.2873222411163454.
checkpoint_e22 window_influence: 0.47271177172688905, penalty_k: 0.32416813673811240, scale_lr: 0.41140714553158614, EAO: 0.251
Trial 1753 finished with value: 0.2507998063191166 and parameters: {'window_influence': 0.47271177172688905, 'penalty_k': 0.3241681367381124, 'scale_lr': 0.41140714553158614}. Best is trial 1552 with value: 0.2873222411163454.
checkpoint_e22 window_influence: 0.32041849570356845, penalty_k: 0.03448517531448307, scale_lr: 0.24071546289675680, EAO: 0.242
Trial 1754 finished with value: 0.24174891733299425 and parameters: {'window_influence': 0.32041849570356845, 'penalty_k': 0.03448517531448307, 'scale_lr': 0.2407154628967568}. Best is trial 1552 with value: 0.2873222411163454.
checkpoint_e22 window_influence: 0.52783480474110533, penalty_k: 0.40551720268324931, scale_lr: 0.35921202359791266, EAO: 0.230
Trial 1755 finished with value: 0.23015655831592838 and parameters: {'window_influence': 0.5278348047411053, 'penalty_k': 0.4055172026832493, 'scale_lr': 0.35921202359791266}. Best is trial 1552 with value: 0.2873222411163454.
checkpoint_e22 window_influence: 0.36546744675631104, penalty_k: 0.06787303363899581, scale_lr: 0.37664885111297630, EAO: 0.268
Trial 1756 finished with value: 0.26761244055701466 and parameters: {'window_influence': 0.36546744675631104, 'penalty_k': 0.06787303363899581, 'scale_lr': 0.3766488511129763}. Best is trial 1552 with value: 0.2873222411163454.
checkpoint_e22 window_influence: 0.53652914769177085, penalty_k: 0.02366277713160319, scale_lr: 0.38845907008157021, EAO: 0.241
Trial 1757 finished with value: 0.24083223944999338 and parameters: {'window_influence': 0.5365291476917708, 'penalty_k': 0.023662777131603193, 'scale_lr': 0.3884590700815702}. Best is trial 1552 with value: 0.2873222411163454.
checkpoint_e22 window_influence: 0.35419708699106178, penalty_k: 0.04996876284071134, scale_lr: 0.34335306090057904, EAO: 0.264
Trial 1758 finished with value: 0.26359851543254 and parameters: {'window_influence': 0.3541970869910618, 'penalty_k': 0.04996876284071134, 'scale_lr': 0.34335306090057904}. Best is trial 1552 with value: 0.2873222411163454.
checkpoint_e22 window_influence: 0.33469240410191908, penalty_k: 0.00822924925464813, scale_lr: 0.28984862454295091, EAO: 0.257
Trial 1759 finished with value: 0.25651923288417056 and parameters: {'window_influence': 0.3346924041019191, 'penalty_k': 0.00822924925464813, 'scale_lr': 0.2898486245429509}. Best is trial 1552 with value: 0.2873222411163454.
checkpoint_e22 window_influence: 0.38229196182989300, penalty_k: 0.36175179216037667, scale_lr: 0.40577744973555480, EAO: 0.239
Trial 1760 finished with value: 0.23853427971281657 and parameters: {'window_influence': 0.382291961829893, 'penalty_k': 0.3617517921603767, 'scale_lr': 0.4057774497355548}. Best is trial 1552 with value: 0.2873222411163454.
checkpoint_e22 window_influence: 0.37065699995788820, penalty_k: 0.42179833340442746, scale_lr: 0.25653192547064807, EAO: 0.262
Trial 1761 finished with value: 0.26191370570805017 and parameters: {'window_influence': 0.3706569999578882, 'penalty_k': 0.42179833340442746, 'scale_lr': 0.25653192547064807}. Best is trial 1552 with value: 0.2873222411163454.
checkpoint_e22 window_influence: 0.34451179574932544, penalty_k: 0.52528675623318244, scale_lr: 0.36681205765742553, EAO: 0.251
Trial 1762 finished with value: 0.2511973232636607 and parameters: {'window_influence': 0.34451179574932544, 'penalty_k': 0.5252867562331824, 'scale_lr': 0.3668120576574255}. Best is trial 1552 with value: 0.2873222411163454.
checkpoint_e22 window_influence: 0.18498645739522790, penalty_k: 0.03689168014193277, scale_lr: 0.35252523887200676, EAO: 0.253
Trial 1763 finished with value: 0.2532890939373311 and parameters: {'window_influence': 0.1849864573952279, 'penalty_k': 0.03689168014193277, 'scale_lr': 0.35252523887200676}. Best is trial 1552 with value: 0.2873222411163454.
checkpoint_e22 window_influence: 0.32882143055491453, penalty_k: 0.02847849795603498, scale_lr: 0.41991331373732921, EAO: 0.249
Trial 1764 finished with value: 0.24858111076480974 and parameters: {'window_influence': 0.32882143055491453, 'penalty_k': 0.02847849795603498, 'scale_lr': 0.4199133137373292}. Best is trial 1552 with value: 0.2873222411163454.
checkpoint_e22 window_influence: 0.35849163416455543, penalty_k: 0.50956091113813184, scale_lr: 0.22466706918745247, EAO: 0.241
Trial 1765 finished with value: 0.24118975501477233 and parameters: {'window_influence': 0.35849163416455543, 'penalty_k': 0.5095609111381318, 'scale_lr': 0.22466706918745247}. Best is trial 1552 with value: 0.2873222411163454.
checkpoint_e22 window_influence: 0.14658501453094475, penalty_k: 0.06143838439930945, scale_lr: 0.38981867007084914, EAO: 0.246
Trial 1766 finished with value: 0.2462414740546932 and parameters: {'window_influence': 0.14658501453094475, 'penalty_k': 0.06143838439930945, 'scale_lr': 0.38981867007084914}. Best is trial 1552 with value: 0.2873222411163454.
checkpoint_e22 window_influence: 0.37928822683974384, penalty_k: 0.57783934047946617, scale_lr: 0.37615445626089972, EAO: 0.241
Trial 1767 finished with value: 0.24146614532645155 and parameters: {'window_influence': 0.37928822683974384, 'penalty_k': 0.5778393404794662, 'scale_lr': 0.3761544562608997}. Best is trial 1552 with value: 0.2873222411163454.
checkpoint_e22 window_influence: 0.63343695639403297, penalty_k: 0.12831471427967983, scale_lr: 0.33923633644140977, EAO: 0.205
Trial 1768 finished with value: 0.20495115596104443 and parameters: {'window_influence': 0.633436956394033, 'penalty_k': 0.12831471427967983, 'scale_lr': 0.33923633644140977}. Best is trial 1552 with value: 0.2873222411163454.
checkpoint_e22 window_influence: 0.22785859260350053, penalty_k: 0.04404280064205545, scale_lr: 0.40613453250729276, EAO: 0.266
Trial 1769 finished with value: 0.26611470909622625 and parameters: {'window_influence': 0.22785859260350053, 'penalty_k': 0.04404280064205545, 'scale_lr': 0.40613453250729276}. Best is trial 1552 with value: 0.2873222411163454.
checkpoint_e22 window_influence: 0.34787314038293221, penalty_k: 0.01109079504888300, scale_lr: 0.21371693511201195, EAO: 0.247
Trial 1770 finished with value: 0.24705464968351815 and parameters: {'window_influence': 0.3478731403829322, 'penalty_k': 0.011090795048883, 'scale_lr': 0.21371693511201195}. Best is trial 1552 with value: 0.2873222411163454.
checkpoint_e22 window_influence: 0.36991984355530377, penalty_k: 0.02273182074834256, scale_lr: 0.20904419554832424, EAO: 0.246
Trial 1771 finished with value: 0.24550602948520242 and parameters: {'window_influence': 0.3699198435553038, 'penalty_k': 0.022731820748342565, 'scale_lr': 0.20904419554832424}. Best is trial 1552 with value: 0.2873222411163454.
checkpoint_e22 window_influence: 0.32260787764573418, penalty_k: 0.05256067691678676, scale_lr: 0.32022228366668781, EAO: 0.243
Trial 1772 finished with value: 0.24330189363743232 and parameters: {'window_influence': 0.3226078776457342, 'penalty_k': 0.05256067691678676, 'scale_lr': 0.3202222836666878}. Best is trial 1552 with value: 0.2873222411163454.
checkpoint_e22 window_influence: 0.35561410666011312, penalty_k: 0.03839833193991118, scale_lr: 0.39222572441950093, EAO: 0.263
Trial 1773 finished with value: 0.26250788066687625 and parameters: {'window_influence': 0.3556141066601131, 'penalty_k': 0.03839833193991118, 'scale_lr': 0.39222572441950093}. Best is trial 1552 with value: 0.2873222411163454.
checkpoint_e22 window_influence: 0.51253934913231347, penalty_k: 0.07371230684219640, scale_lr: 0.37274769124152063, EAO: 0.248
Trial 1774 finished with value: 0.24845286501132377 and parameters: {'window_influence': 0.5125393491323135, 'penalty_k': 0.0737123068421964, 'scale_lr': 0.37274769124152063}. Best is trial 1552 with value: 0.2873222411163454.
checkpoint_e22 window_influence: 0.53065029321804147, penalty_k: 0.32967324059612746, scale_lr: 0.35556912565331195, EAO: 0.233
Trial 1775 finished with value: 0.23271531351213534 and parameters: {'window_influence': 0.5306502932180415, 'penalty_k': 0.32967324059612746, 'scale_lr': 0.35556912565331195}. Best is trial 1552 with value: 0.2873222411163454.
checkpoint_e22 window_influence: 0.33690171867414848, penalty_k: 0.03306394831326782, scale_lr: 0.41947444108591608, EAO: 0.257
Trial 1776 finished with value: 0.25693006958903336 and parameters: {'window_influence': 0.3369017186741485, 'penalty_k': 0.033063948313267824, 'scale_lr': 0.4194744410859161}. Best is trial 1552 with value: 0.2873222411163454.
checkpoint_e22 window_influence: 0.36490167590197126, penalty_k: 0.06128938822825419, scale_lr: 0.29246816135045850, EAO: 0.258
Trial 1777 finished with value: 0.2577622337796824 and parameters: {'window_influence': 0.36490167590197126, 'penalty_k': 0.061289388228254194, 'scale_lr': 0.2924681613504585}. Best is trial 1552 with value: 0.2873222411163454.
checkpoint_e22 window_influence: 0.56660628015006276, penalty_k: 0.31360546868527756, scale_lr: 0.24131777982105002, EAO: 0.220
Trial 1778 finished with value: 0.2198233582624575 and parameters: {'window_influence': 0.5666062801500628, 'penalty_k': 0.31360546868527756, 'scale_lr': 0.24131777982105002}. Best is trial 1552 with value: 0.2873222411163454.
checkpoint_e22 window_influence: 0.64312802713266315, penalty_k: 0.04484008790167213, scale_lr: 0.39711087760478003, EAO: 0.206
Trial 1779 finished with value: 0.2055719751046925 and parameters: {'window_influence': 0.6431280271326631, 'penalty_k': 0.04484008790167213, 'scale_lr': 0.39711087760478003}. Best is trial 1552 with value: 0.2873222411163454.
checkpoint_e22 window_influence: 0.34278625789234507, penalty_k: 0.02052201106232981, scale_lr: 0.76657690290009906, EAO: 0.256
Trial 1780 finished with value: 0.2560470115120818 and parameters: {'window_influence': 0.34278625789234507, 'penalty_k': 0.020522011062329815, 'scale_lr': 0.766576902900099}. Best is trial 1552 with value: 0.2873222411163454.
checkpoint_e22 window_influence: 0.49250957786916927, penalty_k: 0.00006330541659336, scale_lr: 0.37996930261052997, EAO: 0.258
Trial 1781 finished with value: 0.2581452387498646 and parameters: {'window_influence': 0.49250957786916927, 'penalty_k': 6.330541659335664e-05, 'scale_lr': 0.37996930261052997}. Best is trial 1552 with value: 0.2873222411163454.
checkpoint_e22 window_influence: 0.38090895580600886, penalty_k: 0.03122474018188254, scale_lr: 0.35914714298110739, EAO: 0.256
Trial 1782 finished with value: 0.255879506771642 and parameters: {'window_influence': 0.38090895580600886, 'penalty_k': 0.031224740181882545, 'scale_lr': 0.3591471429811074}. Best is trial 1552 with value: 0.2873222411163454.
checkpoint_e22 window_influence: 0.45176864356832713, penalty_k: 0.05047292391250316, scale_lr: 0.34175089451123453, EAO: 0.251
Trial 1783 finished with value: 0.25144730393237213 and parameters: {'window_influence': 0.45176864356832713, 'penalty_k': 0.05047292391250316, 'scale_lr': 0.3417508945112345}. Best is trial 1552 with value: 0.2873222411163454.
checkpoint_e22 window_influence: 0.35064528708421089, penalty_k: 0.33098539616460859, scale_lr: 0.40537989069512670, EAO: 0.259
Trial 1784 finished with value: 0.2592233741065351 and parameters: {'window_influence': 0.3506452870842109, 'penalty_k': 0.3309853961646086, 'scale_lr': 0.4053798906951267}. Best is trial 1552 with value: 0.2873222411163454.
checkpoint_e22 window_influence: 0.31618478967757030, penalty_k: 0.34602579752523510, scale_lr: 0.38916976980436513, EAO: 0.254
Trial 1785 finished with value: 0.2538171520199233 and parameters: {'window_influence': 0.3161847896775703, 'penalty_k': 0.3460257975252351, 'scale_lr': 0.38916976980436513}. Best is trial 1552 with value: 0.2873222411163454.
checkpoint_e22 window_influence: 0.36645623394751831, penalty_k: 0.01080610843108549, scale_lr: 0.36858444656696865, EAO: 0.257
Trial 1786 finished with value: 0.2565622652570407 and parameters: {'window_influence': 0.3664562339475183, 'penalty_k': 0.010806108431085489, 'scale_lr': 0.36858444656696865}. Best is trial 1552 with value: 0.2873222411163454.
checkpoint_e22 window_influence: 0.33262818857908766, penalty_k: 0.06646879163604541, scale_lr: 0.32048476912316637, EAO: 0.261
