Trial 362 finished with value: 0.2593178169392958 and parameters: {'window_influence': 0.3886016311082277, 'penalty_k': 0.052975122578250815, 'scale_lr': 0.5973849887055576}. Best is trial 212 with value: 0.2844979555868521.
checkpoint_e32 window_influence: 0.27376183425328043, penalty_k: 0.15233061080247925, scale_lr: 0.65219173515807227, EAO: 0.266
Trial 363 finished with value: 0.26642290545188313 and parameters: {'window_influence': 0.27376183425328043, 'penalty_k': 0.15233061080247925, 'scale_lr': 0.6521917351580723}. Best is trial 212 with value: 0.2844979555868521.
checkpoint_e32 window_influence: 0.43254485851726238, penalty_k: 0.41136915645775490, scale_lr: 0.15059905433108656, EAO: 0.246
Trial 364 finished with value: 0.2457874024180862 and parameters: {'window_influence': 0.4325448585172624, 'penalty_k': 0.4113691564577549, 'scale_lr': 0.15059905433108656}. Best is trial 212 with value: 0.2844979555868521.
checkpoint_e32 window_influence: 0.42002156160685289, penalty_k: 0.03388422879898297, scale_lr: 0.62325496199058539, EAO: 0.263
Trial 365 finished with value: 0.26334886277109626 and parameters: {'window_influence': 0.4200215616068529, 'penalty_k': 0.03388422879898297, 'scale_lr': 0.6232549619905854}. Best is trial 212 with value: 0.2844979555868521.
checkpoint_e32 window_influence: 0.24966465293617096, penalty_k: 0.25855753720856861, scale_lr: 0.61363162128034021, EAO: 0.274
Trial 366 finished with value: 0.2735048572464687 and parameters: {'window_influence': 0.24966465293617096, 'penalty_k': 0.2585575372085686, 'scale_lr': 0.6136316212803402}. Best is trial 212 with value: 0.2844979555868521.
checkpoint_e32 window_influence: 0.46805182929246197, penalty_k: 0.01504986954381909, scale_lr: 0.45376152755920746, EAO: 0.261
Trial 367 finished with value: 0.2609022881199674 and parameters: {'window_influence': 0.468051829292462, 'penalty_k': 0.01504986954381909, 'scale_lr': 0.45376152755920746}. Best is trial 212 with value: 0.2844979555868521.
checkpoint_e32 window_influence: 0.39973153136031592, penalty_k: 0.00098155994041815, scale_lr: 0.34440329212209153, EAO: 0.255
Trial 368 finished with value: 0.25529150034838577 and parameters: {'window_influence': 0.3997315313603159, 'penalty_k': 0.000981559940418153, 'scale_lr': 0.34440329212209153}. Best is trial 212 with value: 0.2844979555868521.
checkpoint_e32 window_influence: 0.36044871494805392, penalty_k: 0.43577996826006643, scale_lr: 0.77711896828437377, EAO: 0.252
Trial 369 finished with value: 0.2519446844613649 and parameters: {'window_influence': 0.3604487149480539, 'penalty_k': 0.43577996826006643, 'scale_lr': 0.7771189682843738}. Best is trial 212 with value: 0.2844979555868521.
checkpoint_e32 window_influence: 0.38182213724588865, penalty_k: 0.08618342285722035, scale_lr: 0.75719352233226378, EAO: 0.268
Trial 370 finished with value: 0.26750562570201675 and parameters: {'window_influence': 0.38182213724588865, 'penalty_k': 0.08618342285722035, 'scale_lr': 0.7571935223322638}. Best is trial 212 with value: 0.2844979555868521.
checkpoint_e32 window_influence: 0.40809477765925489, penalty_k: 0.12026127915333854, scale_lr: 0.63477899786833869, EAO: 0.268
Trial 371 finished with value: 0.26783778209511827 and parameters: {'window_influence': 0.4080947776592549, 'penalty_k': 0.12026127915333854, 'scale_lr': 0.6347789978683387}. Best is trial 212 with value: 0.2844979555868521.
checkpoint_e32 window_influence: 0.44805750793667659, penalty_k: 0.44805089263985404, scale_lr: 0.67770185701976393, EAO: 0.259
Trial 372 finished with value: 0.25930057611407303 and parameters: {'window_influence': 0.4480575079366766, 'penalty_k': 0.44805089263985404, 'scale_lr': 0.6777018570197639}. Best is trial 212 with value: 0.2844979555868521.
checkpoint_e32 window_influence: 0.30685060236007011, penalty_k: 0.42110405343710594, scale_lr: 0.70714208300044545, EAO: 0.255
Trial 373 finished with value: 0.25525064602857683 and parameters: {'window_influence': 0.3068506023600701, 'penalty_k': 0.42110405343710594, 'scale_lr': 0.7071420830004455}. Best is trial 212 with value: 0.2844979555868521.
checkpoint_e32 window_influence: 0.38987906624260293, penalty_k: 0.02831780566726283, scale_lr: 0.50813218183958053, EAO: 0.253
Trial 374 finished with value: 0.25337033319037133 and parameters: {'window_influence': 0.38987906624260293, 'penalty_k': 0.028317805667262833, 'scale_lr': 0.5081321818395805}. Best is trial 212 with value: 0.2844979555868521.
checkpoint_e32 window_influence: 0.41875523537146714, penalty_k: 0.04806040272390726, scale_lr: 0.17749971316028249, EAO: 0.270
Trial 375 finished with value: 0.26978944338918703 and parameters: {'window_influence': 0.41875523537146714, 'penalty_k': 0.048060402723907256, 'scale_lr': 0.17749971316028249}. Best is trial 212 with value: 0.2844979555868521.
checkpoint_e32 window_influence: 0.33384143350665124, penalty_k: 0.28357257005927911, scale_lr: 0.20606626676329223, EAO: 0.249
Trial 376 finished with value: 0.24873978905076902 and parameters: {'window_influence': 0.33384143350665124, 'penalty_k': 0.2835725700592791, 'scale_lr': 0.20606626676329223}. Best is trial 212 with value: 0.2844979555868521.
checkpoint_e32 window_influence: 0.37285301572675816, penalty_k: 0.32166517996202965, scale_lr: 0.73830999531250285, EAO: 0.256
Trial 377 finished with value: 0.2563800077612807 and parameters: {'window_influence': 0.37285301572675816, 'penalty_k': 0.32166517996202965, 'scale_lr': 0.7383099953125029}. Best is trial 212 with value: 0.2844979555868521.
checkpoint_e32 window_influence: 0.39944915910974588, penalty_k: 0.30013299521582598, scale_lr: 0.18602375346562602, EAO: 0.257
Trial 378 finished with value: 0.25724651912848157 and parameters: {'window_influence': 0.3994491591097459, 'penalty_k': 0.300132995215826, 'scale_lr': 0.18602375346562602}. Best is trial 212 with value: 0.2844979555868521.
checkpoint_e32 window_influence: 0.46148431498196935, penalty_k: 0.38535145696379813, scale_lr: 0.58400391175301825, EAO: 0.259
Trial 379 finished with value: 0.25926295086378004 and parameters: {'window_influence': 0.46148431498196935, 'penalty_k': 0.38535145696379813, 'scale_lr': 0.5840039117530182}. Best is trial 212 with value: 0.2844979555868521.
checkpoint_e32 window_influence: 0.43092592548724523, penalty_k: 0.36487916285254540, scale_lr: 0.64688895035386973, EAO: 0.262
Trial 380 finished with value: 0.262018204643959 and parameters: {'window_influence': 0.43092592548724523, 'penalty_k': 0.3648791628525454, 'scale_lr': 0.6468889503538697}. Best is trial 212 with value: 0.2844979555868521.
checkpoint_e32 window_influence: 0.28784099486275699, penalty_k: 0.01446486421258443, scale_lr: 0.60405913862158900, EAO: 0.264
Trial 381 finished with value: 0.26449240447302175 and parameters: {'window_influence': 0.287840994862757, 'penalty_k': 0.01446486421258443, 'scale_lr': 0.604059138621589}. Best is trial 212 with value: 0.2844979555868521.
checkpoint_e32 window_influence: 0.23781374354808343, penalty_k: 0.16550369637090878, scale_lr: 0.48344117599855574, EAO: 0.255
Trial 382 finished with value: 0.25520211536952153 and parameters: {'window_influence': 0.23781374354808343, 'penalty_k': 0.16550369637090878, 'scale_lr': 0.48344117599855574}. Best is trial 212 with value: 0.2844979555868521.
checkpoint_e32 window_influence: 0.26527266573512970, penalty_k: 0.35272507372273959, scale_lr: 0.41646180254381671, EAO: 0.252
Trial 383 finished with value: 0.2524515343754272 and parameters: {'window_influence': 0.2652726657351297, 'penalty_k': 0.3527250737227396, 'scale_lr': 0.4164618025438167}. Best is trial 212 with value: 0.2844979555868521.
checkpoint_e32 window_influence: 0.14543196544229098, penalty_k: 0.17633310655240375, scale_lr: 0.66714903123875791, EAO: 0.255
Trial 384 finished with value: 0.2554806925780405 and parameters: {'window_influence': 0.14543196544229098, 'penalty_k': 0.17633310655240375, 'scale_lr': 0.6671490312387579}. Best is trial 212 with value: 0.2844979555868521.
checkpoint_e32 window_influence: 0.38352666602908858, penalty_k: 0.03742242922527229, scale_lr: 0.54248374590058568, EAO: 0.254
Trial 385 finished with value: 0.2540917747267863 and parameters: {'window_influence': 0.3835266660290886, 'penalty_k': 0.03742242922527229, 'scale_lr': 0.5424837459005857}. Best is trial 212 with value: 0.2844979555868521.
checkpoint_e32 window_influence: 0.41051741335454350, penalty_k: 0.46066524844705059, scale_lr: 0.11597900284380347, EAO: 0.249
Trial 386 finished with value: 0.2485318527352519 and parameters: {'window_influence': 0.4105174133545435, 'penalty_k': 0.4606652484470506, 'scale_lr': 0.11597900284380347}. Best is trial 212 with value: 0.2844979555868521.
checkpoint_e32 window_influence: 0.36392411741115116, penalty_k: 0.01946600347821852, scale_lr: 0.61539458746002307, EAO: 0.271
Trial 387 finished with value: 0.27123406390106775 and parameters: {'window_influence': 0.36392411741115116, 'penalty_k': 0.019466003478218523, 'scale_lr': 0.6153945874600231}. Best is trial 212 with value: 0.2844979555868521.
checkpoint_e32 window_influence: 0.35259374164602275, penalty_k: 0.40491859894273796, scale_lr: 0.44567090499988293, EAO: 0.260
Trial 388 finished with value: 0.26001352350401685 and parameters: {'window_influence': 0.35259374164602275, 'penalty_k': 0.40491859894273796, 'scale_lr': 0.44567090499988293}. Best is trial 212 with value: 0.2844979555868521.
checkpoint_e32 window_influence: 0.39589750467390106, penalty_k: 0.49931481492421687, scale_lr: 0.16460079141985184, EAO: 0.248
Trial 389 finished with value: 0.2482996036609014 and parameters: {'window_influence': 0.39589750467390106, 'penalty_k': 0.49931481492421687, 'scale_lr': 0.16460079141985184}. Best is trial 212 with value: 0.2844979555868521.
checkpoint_e32 window_influence: 0.37552050137427900, penalty_k: 0.33008363551246289, scale_lr: 0.72380074960532781, EAO: 0.259
Trial 390 finished with value: 0.2589563633489415 and parameters: {'window_influence': 0.375520501374279, 'penalty_k': 0.3300836355124629, 'scale_lr': 0.7238007496053278}. Best is trial 212 with value: 0.2844979555868521.
checkpoint_e32 window_influence: 0.42041886369551440, penalty_k: 0.52120022123371046, scale_lr: 0.31830868201968410, EAO: 0.257
Trial 391 finished with value: 0.25704351025141353 and parameters: {'window_influence': 0.4204188636955144, 'penalty_k': 0.5212002212337105, 'scale_lr': 0.3183086820196841}. Best is trial 212 with value: 0.2844979555868521.
checkpoint_e32 window_influence: 0.54404390830217364, penalty_k: 0.13024067836290198, scale_lr: 0.38594762416667749, EAO: 0.250
Trial 392 finished with value: 0.2503525935174004 and parameters: {'window_influence': 0.5440439083021736, 'penalty_k': 0.13024067836290198, 'scale_lr': 0.3859476241666775}. Best is trial 212 with value: 0.2844979555868521.
checkpoint_e32 window_influence: 0.62256453428050729, penalty_k: 0.47666604312264632, scale_lr: 0.63336707769932954, EAO: 0.207
Trial 393 finished with value: 0.20704154761099233 and parameters: {'window_influence': 0.6225645342805073, 'penalty_k': 0.4766660431226463, 'scale_lr': 0.6333670776993295}. Best is trial 212 with value: 0.2844979555868521.
checkpoint_e32 window_influence: 0.44907770443124712, penalty_k: 0.43624696665843521, scale_lr: 0.23156504707345413, EAO: 0.258
Trial 394 finished with value: 0.25779968536481623 and parameters: {'window_influence': 0.4490777044312471, 'penalty_k': 0.4362469666584352, 'scale_lr': 0.23156504707345413}. Best is trial 212 with value: 0.2844979555868521.
checkpoint_e32 window_influence: 0.40596596958547188, penalty_k: 0.11128789004368247, scale_lr: 0.68943717218631262, EAO: 0.260
Trial 395 finished with value: 0.2602165625468502 and parameters: {'window_influence': 0.4059659695854719, 'penalty_k': 0.11128789004368247, 'scale_lr': 0.6894371721863126}. Best is trial 212 with value: 0.2844979555868521.
checkpoint_e32 window_influence: 0.47701790007976641, penalty_k: 0.00002998757095057, scale_lr: 0.59250634764947596, EAO: 0.274
Trial 396 finished with value: 0.2738308769052591 and parameters: {'window_influence': 0.4770179000797664, 'penalty_k': 2.9987570950565888e-05, 'scale_lr': 0.592506347649476}. Best is trial 212 with value: 0.2844979555868521.
checkpoint_e32 window_influence: 0.48850440191498234, penalty_k: 0.51140171863855599, scale_lr: 0.59100255594338325, EAO: 0.246
Trial 397 finished with value: 0.24598340332750382 and parameters: {'window_influence': 0.48850440191498234, 'penalty_k': 0.511401718638556, 'scale_lr': 0.5910025559433832}. Best is trial 212 with value: 0.2844979555868521.
checkpoint_e32 window_influence: 0.47970760348047964, penalty_k: 0.00174153607935466, scale_lr: 0.25827886310395698, EAO: 0.269
Trial 398 finished with value: 0.26945837490200025 and parameters: {'window_influence': 0.47970760348047964, 'penalty_k': 0.001741536079354665, 'scale_lr': 0.258278863103957}. Best is trial 212 with value: 0.2844979555868521.
checkpoint_e32 window_influence: 0.48226466767971432, penalty_k: 0.02257124856535931, scale_lr: 0.56704203229528927, EAO: 0.255
Trial 399 finished with value: 0.2546894314085565 and parameters: {'window_influence': 0.4822646676797143, 'penalty_k': 0.022571248565359314, 'scale_lr': 0.5670420322952893}. Best is trial 212 with value: 0.2844979555868521.
checkpoint_e32 window_influence: 0.45973347479149590, penalty_k: 0.00028499178750029, scale_lr: 0.26990422611048454, EAO: 0.261
Trial 400 finished with value: 0.26135695083596844 and parameters: {'window_influence': 0.4597334747914959, 'penalty_k': 0.00028499178750029106, 'scale_lr': 0.26990422611048454}. Best is trial 212 with value: 0.2844979555868521.
checkpoint_e32 window_influence: 0.46972895295056810, penalty_k: 0.05647554065101430, scale_lr: 0.49367667692345185, EAO: 0.261
Trial 401 finished with value: 0.26108785942802587 and parameters: {'window_influence': 0.4697289529505681, 'penalty_k': 0.0564755406510143, 'scale_lr': 0.49367667692345185}. Best is trial 212 with value: 0.2844979555868521.
checkpoint_e32 window_influence: 0.18330079549979625, penalty_k: 0.41967964701881250, scale_lr: 0.58094370451613342, EAO: 0.250
Trial 402 finished with value: 0.25043262420146445 and parameters: {'window_influence': 0.18330079549979625, 'penalty_k': 0.4196796470188125, 'scale_lr': 0.5809437045161334}. Best is trial 212 with value: 0.2844979555868521.
checkpoint_e32 window_influence: 0.38535051770081036, penalty_k: 0.49296063137092261, scale_lr: 0.27468835417968596, EAO: 0.258
Trial 403 finished with value: 0.25840885573770944 and parameters: {'window_influence': 0.38535051770081036, 'penalty_k': 0.4929606313709226, 'scale_lr': 0.27468835417968596}. Best is trial 212 with value: 0.2844979555868521.
checkpoint_e32 window_influence: 0.49133300679021158, penalty_k: 0.39283967604313930, scale_lr: 0.24771328779860610, EAO: 0.259
Trial 404 finished with value: 0.25925685580426117 and parameters: {'window_influence': 0.4913330067902116, 'penalty_k': 0.3928396760431393, 'scale_lr': 0.2477132877986061}. Best is trial 212 with value: 0.2844979555868521.
checkpoint_e32 window_influence: 0.36892673540758170, penalty_k: 0.02873905136626197, scale_lr: 0.32174336611015297, EAO: 0.252
Trial 405 finished with value: 0.25178306816312357 and parameters: {'window_influence': 0.3689267354075817, 'penalty_k': 0.028739051366261974, 'scale_lr': 0.321743366110153}. Best is trial 212 with value: 0.2844979555868521.
checkpoint_e32 window_influence: 0.39505699266623900, penalty_k: 0.01496050701099879, scale_lr: 0.59701367308870801, EAO: 0.271
Trial 406 finished with value: 0.2705274571975072 and parameters: {'window_influence': 0.395056992666239, 'penalty_k': 0.014960507010998792, 'scale_lr': 0.597013673088708}. Best is trial 212 with value: 0.2844979555868521.
checkpoint_e32 window_influence: 0.32433546247996703, penalty_k: 0.03862584848094885, scale_lr: 0.55202507510461984, EAO: 0.259
Trial 407 finished with value: 0.2592845285326485 and parameters: {'window_influence': 0.32433546247996703, 'penalty_k': 0.03862584848094885, 'scale_lr': 0.5520250751046198}. Best is trial 212 with value: 0.2844979555868521.
checkpoint_e32 window_influence: 0.64654051198617957, penalty_k: 0.53576864092144927, scale_lr: 0.22448808061657255, EAO: 0.203
Trial 408 finished with value: 0.20320790212571135 and parameters: {'window_influence': 0.6465405119861796, 'penalty_k': 0.5357686409214493, 'scale_lr': 0.22448808061657255}. Best is trial 212 with value: 0.2844979555868521.
checkpoint_e32 window_influence: 0.44079487425801611, penalty_k: 0.40620240477176500, scale_lr: 0.61084549235148744, EAO: 0.262
Trial 409 finished with value: 0.2621231171779516 and parameters: {'window_influence': 0.4407948742580161, 'penalty_k': 0.406202404771765, 'scale_lr': 0.6108454923514874}. Best is trial 212 with value: 0.2844979555868521.
checkpoint_e32 window_influence: 0.50032960475206079, penalty_k: 0.34310760217465253, scale_lr: 0.74629717894561831, EAO: 0.246
Trial 410 finished with value: 0.24599556412880982 and parameters: {'window_influence': 0.5003296047520608, 'penalty_k': 0.3431076021746525, 'scale_lr': 0.7462971789456183}. Best is trial 212 with value: 0.2844979555868521.
checkpoint_e32 window_influence: 0.25483585283110743, penalty_k: 0.45248006426994458, scale_lr: 0.69948766395451312, EAO: 0.264
Trial 411 finished with value: 0.26424394093635606 and parameters: {'window_influence': 0.25483585283110743, 'penalty_k': 0.4524800642699446, 'scale_lr': 0.6994876639545131}. Best is trial 212 with value: 0.2844979555868521.
checkpoint_e32 window_influence: 0.34437112245314550, penalty_k: 0.07939789797624468, scale_lr: 0.13280141203157877, EAO: 0.277
Trial 412 finished with value: 0.276813997606921 and parameters: {'window_influence': 0.3443711224531455, 'penalty_k': 0.07939789797624468, 'scale_lr': 0.13280141203157877}. Best is trial 212 with value: 0.2844979555868521.
checkpoint_e32 window_influence: 0.34021773494461621, penalty_k: 0.20585970458894964, scale_lr: 0.10548774458919340, EAO: 0.264
Trial 413 finished with value: 0.2640030782639496 and parameters: {'window_influence': 0.3402177349446162, 'penalty_k': 0.20585970458894964, 'scale_lr': 0.1054877445891934}. Best is trial 212 with value: 0.2844979555868521.
checkpoint_e32 window_influence: 0.34903325996891665, penalty_k: 0.04337071903873092, scale_lr: 0.12434255923590232, EAO: 0.277
Trial 414 finished with value: 0.2770619081045554 and parameters: {'window_influence': 0.34903325996891665, 'penalty_k': 0.04337071903873092, 'scale_lr': 0.12434255923590232}. Best is trial 212 with value: 0.2844979555868521.
checkpoint_e32 window_influence: 0.34876540447947668, penalty_k: 0.07752331875832043, scale_lr: 0.13740294598332140, EAO: 0.272
Trial 415 finished with value: 0.27189067702710146 and parameters: {'window_influence': 0.3487654044794767, 'penalty_k': 0.07752331875832043, 'scale_lr': 0.1374029459833214}. Best is trial 212 with value: 0.2844979555868521.
checkpoint_e32 window_influence: 0.35692328782554528, penalty_k: 0.04990222547884325, scale_lr: 0.19926273437373909, EAO: 0.271
Trial 416 finished with value: 0.2710222363835428 and parameters: {'window_influence': 0.3569232878255453, 'penalty_k': 0.04990222547884325, 'scale_lr': 0.1992627343737391}. Best is trial 212 with value: 0.2844979555868521.
checkpoint_e32 window_influence: 0.33141191292920841, penalty_k: 0.09246069016803543, scale_lr: 0.10549582985387874, EAO: 0.280
Trial 417 finished with value: 0.2798984709793959 and parameters: {'window_influence': 0.3314119129292084, 'penalty_k': 0.09246069016803543, 'scale_lr': 0.10549582985387874}. Best is trial 212 with value: 0.2844979555868521.
checkpoint_e32 window_influence: 0.33374689664254259, penalty_k: 0.08356087968332490, scale_lr: 0.13741523659147470, EAO: 0.275
Trial 418 finished with value: 0.27505693790631564 and parameters: {'window_influence': 0.3337468966425426, 'penalty_k': 0.0835608796833249, 'scale_lr': 0.1374152365914747}. Best is trial 212 with value: 0.2844979555868521.
checkpoint_e32 window_influence: 0.31610090972005483, penalty_k: 0.06789159736846206, scale_lr: 0.12372184630020051, EAO: 0.268
Trial 419 finished with value: 0.26776724102778166 and parameters: {'window_influence': 0.31610090972005483, 'penalty_k': 0.06789159736846206, 'scale_lr': 0.12372184630020051}. Best is trial 212 with value: 0.2844979555868521.
checkpoint_e32 window_influence: 0.34009224654234821, penalty_k: 0.08197742292500823, scale_lr: 0.12382246597216945, EAO: 0.266
Trial 420 finished with value: 0.266091927280271 and parameters: {'window_influence': 0.3400922465423482, 'penalty_k': 0.08197742292500823, 'scale_lr': 0.12382246597216945}. Best is trial 212 with value: 0.2844979555868521.
checkpoint_e32 window_influence: 0.32320866647202928, penalty_k: 0.07452906067691956, scale_lr: 0.13015360412206020, EAO: 0.267
Trial 421 finished with value: 0.2667947352780559 and parameters: {'window_influence': 0.3232086664720293, 'penalty_k': 0.07452906067691956, 'scale_lr': 0.1301536041220602}. Best is trial 212 with value: 0.2844979555868521.
checkpoint_e32 window_influence: 0.33845892250518628, penalty_k: 0.09175121355566900, scale_lr: 0.11925449774706388, EAO: 0.274
Trial 422 finished with value: 0.2741444943760469 and parameters: {'window_influence': 0.3384589225051863, 'penalty_k': 0.091751213555669, 'scale_lr': 0.11925449774706388}. Best is trial 212 with value: 0.2844979555868521.
checkpoint_e32 window_influence: 0.33344171885479301, penalty_k: 0.08740146670237255, scale_lr: 0.11759444409832578, EAO: 0.277
Trial 423 finished with value: 0.2771000240634127 and parameters: {'window_influence': 0.333441718854793, 'penalty_k': 0.08740146670237255, 'scale_lr': 0.11759444409832578}. Best is trial 212 with value: 0.2844979555868521.
checkpoint_e32 window_influence: 0.32071314312014021, penalty_k: 0.08684699963348923, scale_lr: 0.13277997181998724, EAO: 0.250
