Trial 1053 finished with value: 0.2486541034366057 and parameters: {'window_influence': 0.2635243493797865, 'penalty_k': 0.25578300184175573, 'scale_lr': 0.6369355752510605}. Best is trial 104 with value: 0.27492820641131904.
checkpoint_e22 window_influence: 0.41797467185167880, penalty_k: 0.22515843263552920, scale_lr: 0.13723356180624563, EAO: 0.252
Trial 1054 finished with value: 0.25238322381808503 and parameters: {'window_influence': 0.4179746718516788, 'penalty_k': 0.2251584326355292, 'scale_lr': 0.13723356180624563}. Best is trial 104 with value: 0.27492820641131904.
checkpoint_e22 window_influence: 0.44370458048153860, penalty_k: 0.20679066550910263, scale_lr: 0.15599406337180705, EAO: 0.261
Trial 1055 finished with value: 0.2605604033886902 and parameters: {'window_influence': 0.4437045804815386, 'penalty_k': 0.20679066550910263, 'scale_lr': 0.15599406337180705}. Best is trial 104 with value: 0.27492820641131904.
checkpoint_e22 window_influence: 0.09788561119447636, penalty_k: 0.06842048887424687, scale_lr: 0.32804881650156359, EAO: 0.243
Trial 1056 finished with value: 0.24301682400509594 and parameters: {'window_influence': 0.09788561119447636, 'penalty_k': 0.06842048887424687, 'scale_lr': 0.3280488165015636}. Best is trial 104 with value: 0.27492820641131904.
checkpoint_e22 window_influence: 0.46866750447421557, penalty_k: 0.16311039347858813, scale_lr: 0.43947046886085750, EAO: 0.257
Trial 1057 finished with value: 0.25676895762846724 and parameters: {'window_influence': 0.46866750447421557, 'penalty_k': 0.16311039347858813, 'scale_lr': 0.4394704688608575}. Best is trial 104 with value: 0.27492820641131904.
checkpoint_e22 window_influence: 0.36144502877047596, penalty_k: 0.23787498757408729, scale_lr: 0.17297603970250755, EAO: 0.238
Trial 1058 finished with value: 0.23829155766624746 and parameters: {'window_influence': 0.36144502877047596, 'penalty_k': 0.2378749875740873, 'scale_lr': 0.17297603970250755}. Best is trial 104 with value: 0.27492820641131904.
checkpoint_e22 window_influence: 0.19841923424180630, penalty_k: 0.31287780207815918, scale_lr: 0.25668667478348395, EAO: 0.249
Trial 1059 finished with value: 0.24929453262953255 and parameters: {'window_influence': 0.1984192342418063, 'penalty_k': 0.3128778020781592, 'scale_lr': 0.25668667478348395}. Best is trial 104 with value: 0.27492820641131904.
checkpoint_e22 window_influence: 0.30528904160535192, penalty_k: 0.58446293891794210, scale_lr: 0.10034806694938095, EAO: 0.239
Trial 1060 finished with value: 0.23911177978767612 and parameters: {'window_influence': 0.3052890416053519, 'penalty_k': 0.5844629389179421, 'scale_lr': 0.10034806694938095}. Best is trial 104 with value: 0.27492820641131904.
checkpoint_e22 window_influence: 0.27422195582060449, penalty_k: 0.09275765156020242, scale_lr: 0.42610914352897961, EAO: 0.268
Trial 1061 finished with value: 0.26794958375091477 and parameters: {'window_influence': 0.2742219558206045, 'penalty_k': 0.09275765156020242, 'scale_lr': 0.4261091435289796}. Best is trial 104 with value: 0.27492820641131904.
checkpoint_e22 window_influence: 0.58117294328837477, penalty_k: 0.18138061166754346, scale_lr: 0.12164153140784073, EAO: 0.230
Trial 1062 finished with value: 0.22982184552564855 and parameters: {'window_influence': 0.5811729432883748, 'penalty_k': 0.18138061166754346, 'scale_lr': 0.12164153140784073}. Best is trial 104 with value: 0.27492820641131904.
checkpoint_e22 window_influence: 0.47038432617999532, penalty_k: 0.29104699775659160, scale_lr: 0.72728227562157544, EAO: 0.236
Trial 1063 finished with value: 0.23559709002331988 and parameters: {'window_influence': 0.4703843261799953, 'penalty_k': 0.2910469977565916, 'scale_lr': 0.7272822756215754}. Best is trial 104 with value: 0.27492820641131904.
checkpoint_e22 window_influence: 0.28933146129368248, penalty_k: 0.51011856118738175, scale_lr: 0.22622885639423920, EAO: 0.247
Trial 1064 finished with value: 0.24700705894852074 and parameters: {'window_influence': 0.2893314612936825, 'penalty_k': 0.5101185611873817, 'scale_lr': 0.2262288563942392}. Best is trial 104 with value: 0.27492820641131904.
checkpoint_e22 window_influence: 0.39877726361501620, penalty_k: 0.04769326767986344, scale_lr: 0.14011770935186627, EAO: 0.256
Trial 1065 finished with value: 0.2557321197497166 and parameters: {'window_influence': 0.3987772636150162, 'penalty_k': 0.04769326767986344, 'scale_lr': 0.14011770935186627}. Best is trial 104 with value: 0.27492820641131904.
checkpoint_e22 window_influence: 0.37527662346724605, penalty_k: 0.21385313400285086, scale_lr: 0.28822329512455919, EAO: 0.240
Trial 1066 finished with value: 0.2402385918468964 and parameters: {'window_influence': 0.37527662346724605, 'penalty_k': 0.21385313400285086, 'scale_lr': 0.2882232951245592}. Best is trial 104 with value: 0.27492820641131904.
checkpoint_e22 window_influence: 0.45376766646087008, penalty_k: 0.02855367125719489, scale_lr: 0.16279451149461205, EAO: 0.256
Trial 1067 finished with value: 0.25576631197842153 and parameters: {'window_influence': 0.4537676664608701, 'penalty_k': 0.028553671257194886, 'scale_lr': 0.16279451149461205}. Best is trial 104 with value: 0.27492820641131904.
checkpoint_e22 window_influence: 0.34742388364817478, penalty_k: 0.26654629948142522, scale_lr: 0.46440051451280023, EAO: 0.261
Trial 1068 finished with value: 0.2605318544599099 and parameters: {'window_influence': 0.3474238836481748, 'penalty_k': 0.2665462994814252, 'scale_lr': 0.46440051451280023}. Best is trial 104 with value: 0.27492820641131904.
checkpoint_e22 window_influence: 0.05952956398886972, penalty_k: 0.19950198386389600, scale_lr: 0.65002921661268820, EAO: 0.223
Trial 1069 finished with value: 0.22307389556634716 and parameters: {'window_influence': 0.059529563988869716, 'penalty_k': 0.199501983863896, 'scale_lr': 0.6500292166126882}. Best is trial 104 with value: 0.27492820641131904.
checkpoint_e22 window_influence: 0.43507207028585593, penalty_k: 0.12516456775126872, scale_lr: 0.38969854001651927, EAO: 0.259
Trial 1070 finished with value: 0.25940539645470256 and parameters: {'window_influence': 0.4350720702858559, 'penalty_k': 0.12516456775126872, 'scale_lr': 0.38969854001651927}. Best is trial 104 with value: 0.27492820641131904.
checkpoint_e22 window_influence: 0.15506140252858794, penalty_k: 0.37754416807067165, scale_lr: 0.18979027129337980, EAO: 0.229
Trial 1071 finished with value: 0.22894494047736733 and parameters: {'window_influence': 0.15506140252858794, 'penalty_k': 0.37754416807067165, 'scale_lr': 0.1897902712933798}. Best is trial 104 with value: 0.27492820641131904.
checkpoint_e22 window_influence: 0.53101152461758494, penalty_k: 0.00049602518477861, scale_lr: 0.61972500281514709, EAO: 0.249
Trial 1072 finished with value: 0.24927094663546337 and parameters: {'window_influence': 0.5310115246175849, 'penalty_k': 0.0004960251847786097, 'scale_lr': 0.6197250028151471}. Best is trial 104 with value: 0.27492820641131904.
checkpoint_e22 window_influence: 0.24137595783706686, penalty_k: 0.15056919461594673, scale_lr: 0.50083694882587160, EAO: 0.258
Trial 1073 finished with value: 0.25849496058332244 and parameters: {'window_influence': 0.24137595783706686, 'penalty_k': 0.15056919461594673, 'scale_lr': 0.5008369488258716}. Best is trial 104 with value: 0.27492820641131904.
checkpoint_e22 window_influence: 0.48946237399637127, penalty_k: 0.22444161057836898, scale_lr: 0.47763720568995371, EAO: 0.248
Trial 1074 finished with value: 0.24796987591477915 and parameters: {'window_influence': 0.48946237399637127, 'penalty_k': 0.22444161057836898, 'scale_lr': 0.4776372056899537}. Best is trial 104 with value: 0.27492820641131904.
checkpoint_e22 window_influence: 0.38670623269971005, penalty_k: 0.18835583395216346, scale_lr: 0.59292917423413871, EAO: 0.247
Trial 1075 finished with value: 0.24714526140350637 and parameters: {'window_influence': 0.38670623269971005, 'penalty_k': 0.18835583395216346, 'scale_lr': 0.5929291742341387}. Best is trial 104 with value: 0.27492820641131904.
checkpoint_e22 window_influence: 0.33069520526254859, penalty_k: 0.17409364696526833, scale_lr: 0.15055649176748978, EAO: 0.262
Trial 1076 finished with value: 0.26158022480766946 and parameters: {'window_influence': 0.3306952052625486, 'penalty_k': 0.17409364696526833, 'scale_lr': 0.15055649176748978}. Best is trial 104 with value: 0.27492820641131904.
checkpoint_e22 window_influence: 0.36076310615799162, penalty_k: 0.23534387452676528, scale_lr: 0.12703836157030429, EAO: 0.255
Trial 1077 finished with value: 0.2551901125447537 and parameters: {'window_influence': 0.3607631061579916, 'penalty_k': 0.23534387452676528, 'scale_lr': 0.1270383615703043}. Best is trial 104 with value: 0.27492820641131904.
checkpoint_e22 window_influence: 0.37623462052623075, penalty_k: 0.28068175347564750, scale_lr: 0.36280493231119726, EAO: 0.261
Trial 1078 finished with value: 0.2607590657303004 and parameters: {'window_influence': 0.37623462052623075, 'penalty_k': 0.2806817534756475, 'scale_lr': 0.36280493231119726}. Best is trial 104 with value: 0.27492820641131904.
checkpoint_e22 window_influence: 0.09163868913898571, penalty_k: 0.10269325421184242, scale_lr: 0.30179696918164273, EAO: 0.237
Trial 1079 finished with value: 0.23711732211636333 and parameters: {'window_influence': 0.09163868913898571, 'penalty_k': 0.10269325421184242, 'scale_lr': 0.3017969691816427}. Best is trial 104 with value: 0.27492820641131904.
checkpoint_e22 window_influence: 0.40150875526166041, penalty_k: 0.08008670744050686, scale_lr: 0.45252744407591933, EAO: 0.260
Trial 1080 finished with value: 0.2596850454564986 and parameters: {'window_influence': 0.4015087552616604, 'penalty_k': 0.08008670744050686, 'scale_lr': 0.4525274440759193}. Best is trial 104 with value: 0.27492820641131904.
checkpoint_e22 window_influence: 0.39050372191284149, penalty_k: 0.14032142593936453, scale_lr: 0.39806589621290189, EAO: 0.238
Trial 1081 finished with value: 0.2379544164712836 and parameters: {'window_influence': 0.3905037219128415, 'penalty_k': 0.14032142593936453, 'scale_lr': 0.3980658962129019}. Best is trial 104 with value: 0.27492820641131904.
checkpoint_e22 window_influence: 0.55505331196304919, penalty_k: 0.33964564459356583, scale_lr: 0.66765124136275322, EAO: 0.219
Trial 1082 finished with value: 0.21908964555922564 and parameters: {'window_influence': 0.5550533119630492, 'penalty_k': 0.33964564459356583, 'scale_lr': 0.6676512413627532}. Best is trial 104 with value: 0.27492820641131904.
checkpoint_e22 window_influence: 0.31310458887324083, penalty_k: 0.25074474434981481, scale_lr: 0.17977329035066333, EAO: 0.255
Trial 1083 finished with value: 0.2545549528506713 and parameters: {'window_influence': 0.31310458887324083, 'penalty_k': 0.2507447443498148, 'scale_lr': 0.17977329035066333}. Best is trial 104 with value: 0.27492820641131904.
checkpoint_e22 window_influence: 0.29144967430809410, penalty_k: 0.20782537931640824, scale_lr: 0.41766183968170528, EAO: 0.246
Trial 1084 finished with value: 0.24569893289145414 and parameters: {'window_influence': 0.2914496743080941, 'penalty_k': 0.20782537931640824, 'scale_lr': 0.4176618396817053}. Best is trial 104 with value: 0.27492820641131904.
checkpoint_e22 window_influence: 0.45641056853360940, penalty_k: 0.06317280788935326, scale_lr: 0.32328209221785464, EAO: 0.253
Trial 1085 finished with value: 0.2529274682567372 and parameters: {'window_influence': 0.4564105685336094, 'penalty_k': 0.06317280788935326, 'scale_lr': 0.32328209221785464}. Best is trial 104 with value: 0.27492820641131904.
checkpoint_e22 window_influence: 0.07231542278902969, penalty_k: 0.01481728436034542, scale_lr: 0.48388056788831652, EAO: 0.232
Trial 1086 finished with value: 0.2319293929551675 and parameters: {'window_influence': 0.07231542278902969, 'penalty_k': 0.01481728436034542, 'scale_lr': 0.4838805678883165}. Best is trial 104 with value: 0.27492820641131904.
checkpoint_e22 window_influence: 0.41922731266189617, penalty_k: 0.03573840525014645, scale_lr: 0.13836309420671841, EAO: 0.249
Trial 1087 finished with value: 0.2494595863106774 and parameters: {'window_influence': 0.41922731266189617, 'penalty_k': 0.03573840525014645, 'scale_lr': 0.1383630942067184}. Best is trial 104 with value: 0.27492820641131904.
checkpoint_e22 window_influence: 0.34954816102211550, penalty_k: 0.48951761526692572, scale_lr: 0.52001752331434636, EAO: 0.250
Trial 1088 finished with value: 0.25014594948388696 and parameters: {'window_influence': 0.3495481610221155, 'penalty_k': 0.4895176152669257, 'scale_lr': 0.5200175233143464}. Best is trial 104 with value: 0.27492820641131904.
checkpoint_e22 window_influence: 0.36725335235745099, penalty_k: 0.19445548500804871, scale_lr: 0.20842415850241802, EAO: 0.258
Trial 1089 finished with value: 0.2583714466148276 and parameters: {'window_influence': 0.367253352357451, 'penalty_k': 0.1944554850080487, 'scale_lr': 0.20842415850241802}. Best is trial 104 with value: 0.27492820641131904.
checkpoint_e22 window_influence: 0.40781975035648765, penalty_k: 0.16202053642558667, scale_lr: 0.24326689310198285, EAO: 0.247
Trial 1090 finished with value: 0.2472370586744169 and parameters: {'window_influence': 0.40781975035648765, 'penalty_k': 0.16202053642558667, 'scale_lr': 0.24326689310198285}. Best is trial 104 with value: 0.27492820641131904.
checkpoint_e22 window_influence: 0.27548168974262666, penalty_k: 0.11372124679509876, scale_lr: 0.76522081890619220, EAO: 0.258
Trial 1091 finished with value: 0.2581154231012352 and parameters: {'window_influence': 0.27548168974262666, 'penalty_k': 0.11372124679509876, 'scale_lr': 0.7652208189061922}. Best is trial 104 with value: 0.27492820641131904.
checkpoint_e22 window_influence: 0.57594177639885291, penalty_k: 0.21662998303466860, scale_lr: 0.68963508069498680, EAO: 0.216
Trial 1092 finished with value: 0.21613442098222127 and parameters: {'window_influence': 0.5759417763988529, 'penalty_k': 0.2166299830346686, 'scale_lr': 0.6896350806949868}. Best is trial 104 with value: 0.27492820641131904.
checkpoint_e22 window_influence: 0.38208027620854229, penalty_k: 0.18625480281116777, scale_lr: 0.27228014933201283, EAO: 0.242
Trial 1093 finished with value: 0.24159471951122205 and parameters: {'window_influence': 0.3820802762085423, 'penalty_k': 0.18625480281116777, 'scale_lr': 0.27228014933201283}. Best is trial 104 with value: 0.27492820641131904.
checkpoint_e22 window_influence: 0.39439334159635220, penalty_k: 0.46420166819444275, scale_lr: 0.16398430065500638, EAO: 0.243
Trial 1094 finished with value: 0.24316307441975044 and parameters: {'window_influence': 0.3943933415963522, 'penalty_k': 0.46420166819444275, 'scale_lr': 0.16398430065500638}. Best is trial 104 with value: 0.27492820641131904.
checkpoint_e22 window_influence: 0.26444507799726369, penalty_k: 0.20107494023983999, scale_lr: 0.11355907667421070, EAO: 0.257
Trial 1095 finished with value: 0.25743589307961423 and parameters: {'window_influence': 0.2644450779972637, 'penalty_k': 0.20107494023984, 'scale_lr': 0.1135590766742107}. Best is trial 104 with value: 0.27492820641131904.
checkpoint_e22 window_influence: 0.54103116905684701, penalty_k: 0.04592823855318875, scale_lr: 0.49368728728633982, EAO: 0.240
Trial 1096 finished with value: 0.2399554164792464 and parameters: {'window_influence': 0.541031169056847, 'penalty_k': 0.04592823855318875, 'scale_lr': 0.4936872872863398}. Best is trial 104 with value: 0.27492820641131904.
checkpoint_e22 window_influence: 0.63402771202145847, penalty_k: 0.26388959331569456, scale_lr: 0.15277960375118654, EAO: 0.214
Trial 1097 finished with value: 0.2141478713450393 and parameters: {'window_influence': 0.6340277120214585, 'penalty_k': 0.26388959331569456, 'scale_lr': 0.15277960375118654}. Best is trial 104 with value: 0.27492820641131904.
checkpoint_e22 window_influence: 0.35926623963794763, penalty_k: 0.17478647090204924, scale_lr: 0.44030729474621566, EAO: 0.252
Trial 1098 finished with value: 0.251749803501416 and parameters: {'window_influence': 0.3592662396379476, 'penalty_k': 0.17478647090204924, 'scale_lr': 0.44030729474621566}. Best is trial 104 with value: 0.27492820641131904.
checkpoint_e22 window_influence: 0.11100862044262139, penalty_k: 0.23674310542183824, scale_lr: 0.63226912101892796, EAO: 0.237
Trial 1099 finished with value: 0.23699898763400754 and parameters: {'window_influence': 0.11100862044262139, 'penalty_k': 0.23674310542183824, 'scale_lr': 0.632269121018928}. Best is trial 104 with value: 0.27492820641131904.
checkpoint_e22 window_influence: 0.21284213803190022, penalty_k: 0.35157124932471662, scale_lr: 0.46918726282568401, EAO: 0.259
Trial 1100 finished with value: 0.25945118105993037 and parameters: {'window_influence': 0.21284213803190022, 'penalty_k': 0.3515712493247166, 'scale_lr': 0.469187262825684}. Best is trial 104 with value: 0.27492820641131904.
checkpoint_e22 window_influence: 0.33789036829556340, penalty_k: 0.22274861335473914, scale_lr: 0.74523833961204522, EAO: 0.251
Trial 1101 finished with value: 0.2513075413984981 and parameters: {'window_influence': 0.3378903682955634, 'penalty_k': 0.22274861335473914, 'scale_lr': 0.7452383396120452}. Best is trial 104 with value: 0.27492820641131904.
checkpoint_e22 window_influence: 0.31914470535301409, penalty_k: 0.13549052037524290, scale_lr: 0.13028431551215300, EAO: 0.245
Trial 1102 finished with value: 0.24523982914482675 and parameters: {'window_influence': 0.3191447053530141, 'penalty_k': 0.1354905203752429, 'scale_lr': 0.130284315512153}. Best is trial 104 with value: 0.27492820641131904.
checkpoint_e22 window_influence: 0.37476572019669141, penalty_k: 0.53606238751714774, scale_lr: 0.68067959755537455, EAO: 0.254
Trial 1103 finished with value: 0.2541849123753183 and parameters: {'window_influence': 0.3747657201966914, 'penalty_k': 0.5360623875171477, 'scale_lr': 0.6806795975553745}. Best is trial 104 with value: 0.27492820641131904.
checkpoint_e22 window_influence: 0.29955480285942138, penalty_k: 0.21088998299457912, scale_lr: 0.61047336593424328, EAO: 0.255
Trial 1104 finished with value: 0.25496848181980414 and parameters: {'window_influence': 0.2995548028594214, 'penalty_k': 0.21088998299457912, 'scale_lr': 0.6104733659342433}. Best is trial 104 with value: 0.27492820641131904.
checkpoint_e22 window_influence: 0.24648526471707657, penalty_k: 0.02691105440104552, scale_lr: 0.14925076337005153, EAO: 0.239
Trial 1105 finished with value: 0.2391208218244033 and parameters: {'window_influence': 0.24648526471707657, 'penalty_k': 0.02691105440104552, 'scale_lr': 0.14925076337005153}. Best is trial 104 with value: 0.27492820641131904.
checkpoint_e22 window_influence: 0.49295386170007249, penalty_k: 0.05487229135443362, scale_lr: 0.70738157853821693, EAO: 0.246
Trial 1106 finished with value: 0.24550697128704893 and parameters: {'window_influence': 0.4929538617000725, 'penalty_k': 0.054872291354433625, 'scale_lr': 0.7073815785382169}. Best is trial 104 with value: 0.27492820641131904.
checkpoint_e22 window_influence: 0.28222936421546008, penalty_k: 0.24507152513396355, scale_lr: 0.17460515756699563, EAO: 0.260
Trial 1107 finished with value: 0.2597317197095088 and parameters: {'window_influence': 0.2822293642154601, 'penalty_k': 0.24507152513396355, 'scale_lr': 0.17460515756699563}. Best is trial 104 with value: 0.27492820641131904.
checkpoint_e22 window_influence: 0.18166655439222229, penalty_k: 0.27957613588725216, scale_lr: 0.57835569021852939, EAO: 0.255
Trial 1108 finished with value: 0.25478005687880323 and parameters: {'window_influence': 0.1816665543922223, 'penalty_k': 0.27957613588725216, 'scale_lr': 0.5783556902185294}. Best is trial 104 with value: 0.27492820641131904.
checkpoint_e22 window_influence: 0.36839442472195966, penalty_k: 0.29318274492978047, scale_lr: 0.50836411396036196, EAO: 0.245
Trial 1109 finished with value: 0.2451294235339979 and parameters: {'window_influence': 0.36839442472195966, 'penalty_k': 0.29318274492978047, 'scale_lr': 0.508364113960362}. Best is trial 104 with value: 0.27492820641131904.
checkpoint_e22 window_influence: 0.38661647163283958, penalty_k: 0.30415064773261336, scale_lr: 0.29868791096853287, EAO: 0.252
Trial 1110 finished with value: 0.25216763557457345 and parameters: {'window_influence': 0.3866164716328396, 'penalty_k': 0.30415064773261336, 'scale_lr': 0.29868791096853287}. Best is trial 104 with value: 0.27492820641131904.
checkpoint_e22 window_influence: 0.42908088509371828, penalty_k: 0.17954987173919679, scale_lr: 0.79828323208763674, EAO: 0.254
Trial 1111 finished with value: 0.25396691153689127 and parameters: {'window_influence': 0.4290808850937183, 'penalty_k': 0.1795498717391968, 'scale_lr': 0.7982832320876367}. Best is trial 104 with value: 0.27492820641131904.
checkpoint_e22 window_influence: 0.23004628412361877, penalty_k: 0.07852127339352148, scale_lr: 0.52783643833666871, EAO: 0.253
Trial 1112 finished with value: 0.25279493581473345 and parameters: {'window_influence': 0.23004628412361877, 'penalty_k': 0.07852127339352148, 'scale_lr': 0.5278364383366687}. Best is trial 104 with value: 0.27492820641131904.
checkpoint_e22 window_influence: 0.40445267196402079, penalty_k: 0.19351865316277092, scale_lr: 0.12338678921541650, EAO: 0.249
Trial 1113 finished with value: 0.2488460337243429 and parameters: {'window_influence': 0.4044526719640208, 'penalty_k': 0.19351865316277092, 'scale_lr': 0.1233867892154165}. Best is trial 104 with value: 0.27492820641131904.
checkpoint_e22 window_influence: 0.60281537495072302, penalty_k: 0.22939080854622504, scale_lr: 0.19383419637895316, EAO: 0.217
