Trial 619 finished with value: 0.26630132984582 and parameters: {'window_influence': 0.28949829225472545, 'penalty_k': 0.5246958887088323, 'scale_lr': 0.6299140783770268}. Best is trial 489 with value: 0.28065862270390113.
checkpoint_e32 window_influence: 0.40670193067539162, penalty_k: 0.22401926355592069, scale_lr: 0.75573956107931606, EAO: 0.250
Trial 620 finished with value: 0.24974513926157138 and parameters: {'window_influence': 0.4067019306753916, 'penalty_k': 0.2240192635559207, 'scale_lr': 0.7557395610793161}. Best is trial 489 with value: 0.28065862270390113.
checkpoint_e32 window_influence: 0.30762416447280294, penalty_k: 0.29117836552249476, scale_lr: 0.50107235605241685, EAO: 0.263
Trial 621 finished with value: 0.262558521051717 and parameters: {'window_influence': 0.30762416447280294, 'penalty_k': 0.29117836552249476, 'scale_lr': 0.5010723560524168}. Best is trial 489 with value: 0.28065862270390113.
checkpoint_e32 window_influence: 0.33590935671233413, penalty_k: 0.33773594661732831, scale_lr: 0.79803738216874964, EAO: 0.269
Trial 622 finished with value: 0.26903104291456503 and parameters: {'window_influence': 0.33590935671233413, 'penalty_k': 0.3377359466173283, 'scale_lr': 0.7980373821687496}. Best is trial 489 with value: 0.28065862270390113.
checkpoint_e32 window_influence: 0.61379594612722688, penalty_k: 0.27259009745698193, scale_lr: 0.42257604746140909, EAO: 0.224
Trial 623 finished with value: 0.22386493806431934 and parameters: {'window_influence': 0.6137959461272269, 'penalty_k': 0.27259009745698193, 'scale_lr': 0.4225760474614091}. Best is trial 489 with value: 0.28065862270390113.
checkpoint_e32 window_influence: 0.32245562270586614, penalty_k: 0.01694624109356130, scale_lr: 0.54695549189014669, EAO: 0.253
Trial 624 finished with value: 0.25333508085913775 and parameters: {'window_influence': 0.32245562270586614, 'penalty_k': 0.0169462410935613, 'scale_lr': 0.5469554918901467}. Best is trial 489 with value: 0.28065862270390113.
checkpoint_e32 window_influence: 0.60908251096243071, penalty_k: 0.10004426164652179, scale_lr: 0.53692583262636329, EAO: 0.216
Trial 625 finished with value: 0.21591637998334762 and parameters: {'window_influence': 0.6090825109624307, 'penalty_k': 0.10004426164652179, 'scale_lr': 0.5369258326263633}. Best is trial 489 with value: 0.28065862270390113.
checkpoint_e32 window_influence: 0.45722253524433054, penalty_k: 0.31428466890239004, scale_lr: 0.55920459208021445, EAO: 0.265
Trial 626 finished with value: 0.2651756651760117 and parameters: {'window_influence': 0.45722253524433054, 'penalty_k': 0.31428466890239004, 'scale_lr': 0.5592045920802144}. Best is trial 489 with value: 0.28065862270390113.
checkpoint_e32 window_influence: 0.27795898129373220, penalty_k: 0.30449536521540493, scale_lr: 0.66373869104499361, EAO: 0.265
Trial 627 finished with value: 0.2654707978774862 and parameters: {'window_influence': 0.2779589812937322, 'penalty_k': 0.30449536521540493, 'scale_lr': 0.6637386910449936}. Best is trial 489 with value: 0.28065862270390113.
checkpoint_e32 window_influence: 0.29459403985522620, penalty_k: 0.28581227426317513, scale_lr: 0.67774144908386413, EAO: 0.265
Trial 628 finished with value: 0.26521178783197713 and parameters: {'window_influence': 0.2945940398552262, 'penalty_k': 0.2858122742631751, 'scale_lr': 0.6777414490838641}. Best is trial 489 with value: 0.28065862270390113.
checkpoint_e32 window_influence: 0.26210546721387801, penalty_k: 0.15027789057248572, scale_lr: 0.46161904520164126, EAO: 0.255
Trial 629 finished with value: 0.25538999132993745 and parameters: {'window_influence': 0.262105467213878, 'penalty_k': 0.15027789057248572, 'scale_lr': 0.46161904520164126}. Best is trial 489 with value: 0.28065862270390113.
checkpoint_e32 window_influence: 0.52662849304966475, penalty_k: 0.50977973278040256, scale_lr: 0.70543873527497403, EAO: 0.237
Trial 630 finished with value: 0.23653490889847764 and parameters: {'window_influence': 0.5266284930496647, 'penalty_k': 0.5097797327804026, 'scale_lr': 0.705438735274974}. Best is trial 489 with value: 0.28065862270390113.
checkpoint_e32 window_influence: 0.35727980170956491, penalty_k: 0.25880245940265190, scale_lr: 0.49324919928557942, EAO: 0.263
Trial 631 finished with value: 0.2626730581003476 and parameters: {'window_influence': 0.3572798017095649, 'penalty_k': 0.2588024594026519, 'scale_lr': 0.4932491992855794}. Best is trial 489 with value: 0.28065862270390113.
checkpoint_e32 window_influence: 0.05561497219336659, penalty_k: 0.16140862979149440, scale_lr: 0.77483764085254947, EAO: 0.240
Trial 632 finished with value: 0.23966279680409083 and parameters: {'window_influence': 0.055614972193366585, 'penalty_k': 0.1614086297914944, 'scale_lr': 0.7748376408525495}. Best is trial 489 with value: 0.28065862270390113.
checkpoint_e32 window_influence: 0.31345948140715696, penalty_k: 0.56919370006521408, scale_lr: 0.37801736476630859, EAO: 0.255
Trial 633 finished with value: 0.2551848601277282 and parameters: {'window_influence': 0.31345948140715696, 'penalty_k': 0.5691937000652141, 'scale_lr': 0.3780173647663086}. Best is trial 489 with value: 0.28065862270390113.
checkpoint_e32 window_influence: 0.34521886255929102, penalty_k: 0.12849739901215970, scale_lr: 0.36286507866379214, EAO: 0.249
Trial 634 finished with value: 0.2485232453157262 and parameters: {'window_influence': 0.345218862559291, 'penalty_k': 0.1284973990121597, 'scale_lr': 0.36286507866379214}. Best is trial 489 with value: 0.28065862270390113.
checkpoint_e32 window_influence: 0.22341727492029417, penalty_k: 0.39841392630942463, scale_lr: 0.59281121320705255, EAO: 0.240
Trial 635 finished with value: 0.24037469245069396 and parameters: {'window_influence': 0.22341727492029417, 'penalty_k': 0.3984139263094246, 'scale_lr': 0.5928112132070525}. Best is trial 489 with value: 0.28065862270390113.
checkpoint_e32 window_influence: 0.44646478356172398, penalty_k: 0.32520361273747772, scale_lr: 0.64715102579046857, EAO: 0.265
Trial 636 finished with value: 0.26452736193087045 and parameters: {'window_influence': 0.446464783561724, 'penalty_k': 0.3252036127374777, 'scale_lr': 0.6471510257904686}. Best is trial 489 with value: 0.28065862270390113.
checkpoint_e32 window_influence: 0.32861624633835945, penalty_k: 0.43485080455880920, scale_lr: 0.61186716598561464, EAO: 0.247
Trial 637 finished with value: 0.24729197775203038 and parameters: {'window_influence': 0.32861624633835945, 'penalty_k': 0.4348508045588092, 'scale_lr': 0.6118671659856146}. Best is trial 489 with value: 0.28065862270390113.
checkpoint_e32 window_influence: 0.39894956021323891, penalty_k: 0.29809609701656214, scale_lr: 0.44824836695797821, EAO: 0.267
Trial 638 finished with value: 0.2673107684264338 and parameters: {'window_influence': 0.3989495602132389, 'penalty_k': 0.29809609701656214, 'scale_lr': 0.4482483669579782}. Best is trial 489 with value: 0.28065862270390113.
checkpoint_e32 window_influence: 0.29732770606616521, penalty_k: 0.24555942096972969, scale_lr: 0.72913115740514245, EAO: 0.264
Trial 639 finished with value: 0.26422272664986973 and parameters: {'window_influence': 0.2973277060661652, 'penalty_k': 0.24555942096972969, 'scale_lr': 0.7291311574051424}. Best is trial 489 with value: 0.28065862270390113.
checkpoint_e32 window_influence: 0.49958262094488548, penalty_k: 0.05860006527286441, scale_lr: 0.57717091314762781, EAO: 0.256
Trial 640 finished with value: 0.25629963980215353 and parameters: {'window_influence': 0.4995826209448855, 'penalty_k': 0.05860006527286441, 'scale_lr': 0.5771709131476278}. Best is trial 489 with value: 0.28065862270390113.
checkpoint_e32 window_influence: 0.31449415628171989, penalty_k: 0.56357963764639141, scale_lr: 0.46775356917556149, EAO: 0.265
Trial 641 finished with value: 0.2647845303503478 and parameters: {'window_influence': 0.3144941562817199, 'penalty_k': 0.5635796376463914, 'scale_lr': 0.4677535691755615}. Best is trial 489 with value: 0.28065862270390113.
checkpoint_e32 window_influence: 0.42351868399433140, penalty_k: 0.36998819616201628, scale_lr: 0.40726969313336336, EAO: 0.257
Trial 642 finished with value: 0.2573473582543978 and parameters: {'window_influence': 0.4235186839943314, 'penalty_k': 0.3699881961620163, 'scale_lr': 0.40726969313336336}. Best is trial 489 with value: 0.28065862270390113.
checkpoint_e32 window_influence: 0.33862195306816401, penalty_k: 0.35063659291561722, scale_lr: 0.68939963271087779, EAO: 0.267
Trial 643 finished with value: 0.26667050247996804 and parameters: {'window_influence': 0.338621953068164, 'penalty_k': 0.3506365929156172, 'scale_lr': 0.6893996327108778}. Best is trial 489 with value: 0.28065862270390113.
checkpoint_e32 window_influence: 0.35229922410098463, penalty_k: 0.45179012379386269, scale_lr: 0.77076895461083494, EAO: 0.267
Trial 644 finished with value: 0.2667961163007147 and parameters: {'window_influence': 0.35229922410098463, 'penalty_k': 0.4517901237938627, 'scale_lr': 0.7707689546108349}. Best is trial 489 with value: 0.28065862270390113.
checkpoint_e32 window_influence: 0.30467399831469066, penalty_k: 0.27028466339208307, scale_lr: 0.66632319036005194, EAO: 0.266
Trial 645 finished with value: 0.2656086612401939 and parameters: {'window_influence': 0.30467399831469066, 'penalty_k': 0.27028466339208307, 'scale_lr': 0.6663231903600519}. Best is trial 489 with value: 0.28065862270390113.
checkpoint_e32 window_influence: 0.06838678267762022, penalty_k: 0.05022470981316525, scale_lr: 0.33622986752642670, EAO: 0.237
Trial 646 finished with value: 0.23719952988430737 and parameters: {'window_influence': 0.06838678267762022, 'penalty_k': 0.05022470981316525, 'scale_lr': 0.3362298675264267}. Best is trial 489 with value: 0.28065862270390113.
checkpoint_e32 window_influence: 0.11171486759496879, penalty_k: 0.14297354645770705, scale_lr: 0.70519336317330672, EAO: 0.250
Trial 647 finished with value: 0.24985941033053205 and parameters: {'window_influence': 0.11171486759496879, 'penalty_k': 0.14297354645770705, 'scale_lr': 0.7051933631733067}. Best is trial 489 with value: 0.28065862270390113.
checkpoint_e32 window_influence: 0.48067165182536387, penalty_k: 0.09246537778394955, scale_lr: 0.74388343409638635, EAO: 0.250
Trial 648 finished with value: 0.24968175323513464 and parameters: {'window_influence': 0.48067165182536387, 'penalty_k': 0.09246537778394955, 'scale_lr': 0.7438834340963864}. Best is trial 489 with value: 0.28065862270390113.
checkpoint_e32 window_influence: 0.27722743719516835, penalty_k: 0.31569506985065693, scale_lr: 0.56336290672121336, EAO: 0.267
Trial 649 finished with value: 0.26698699569314477 and parameters: {'window_influence': 0.27722743719516835, 'penalty_k': 0.31569506985065693, 'scale_lr': 0.5633629067212134}. Best is trial 489 with value: 0.28065862270390113.
checkpoint_e32 window_influence: 0.32447453212463395, penalty_k: 0.28467283570018403, scale_lr: 0.53439904295332086, EAO: 0.261
Trial 650 finished with value: 0.2610379499875433 and parameters: {'window_influence': 0.32447453212463395, 'penalty_k': 0.28467283570018403, 'scale_lr': 0.5343990429533209}. Best is trial 489 with value: 0.28065862270390113.
checkpoint_e32 window_influence: 0.39301467155096503, penalty_k: 0.10943311607783177, scale_lr: 0.65345125114598945, EAO: 0.250
Trial 651 finished with value: 0.2501088873884542 and parameters: {'window_influence': 0.39301467155096503, 'penalty_k': 0.10943311607783177, 'scale_lr': 0.6534512511459895}. Best is trial 489 with value: 0.28065862270390113.
checkpoint_e32 window_influence: 0.36327683480419992, penalty_k: 0.30833092389919653, scale_lr: 0.35599203504593868, EAO: 0.254
Trial 652 finished with value: 0.25380867659076445 and parameters: {'window_influence': 0.3632768348041999, 'penalty_k': 0.30833092389919653, 'scale_lr': 0.3559920350459387}. Best is trial 489 with value: 0.28065862270390113.
checkpoint_e32 window_influence: 0.29327940434440974, penalty_k: 0.03508940895602843, scale_lr: 0.63219178657214814, EAO: 0.264
Trial 653 finished with value: 0.26383760650225774 and parameters: {'window_influence': 0.29327940434440974, 'penalty_k': 0.03508940895602843, 'scale_lr': 0.6321917865721481}. Best is trial 489 with value: 0.28065862270390113.
checkpoint_e32 window_influence: 0.33268739453882651, penalty_k: 0.43063184518190856, scale_lr: 0.67941009567210264, EAO: 0.255
Trial 654 finished with value: 0.2549733367513835 and parameters: {'window_influence': 0.3326873945388265, 'penalty_k': 0.43063184518190856, 'scale_lr': 0.6794100956721026}. Best is trial 489 with value: 0.28065862270390113.
checkpoint_e32 window_influence: 0.50879927711160100, penalty_k: 0.16610424316543010, scale_lr: 0.72119823652439874, EAO: 0.241
Trial 655 finished with value: 0.2413079737405467 and parameters: {'window_influence': 0.508799277111601, 'penalty_k': 0.1661042431654301, 'scale_lr': 0.7211982365243987}. Best is trial 489 with value: 0.28065862270390113.
checkpoint_e32 window_influence: 0.41133738701838918, penalty_k: 0.48023748723735438, scale_lr: 0.75196646998715178, EAO: 0.256
Trial 656 finished with value: 0.2558749185466185 and parameters: {'window_influence': 0.4113373870183892, 'penalty_k': 0.4802374872373544, 'scale_lr': 0.7519664699871518}. Best is trial 489 with value: 0.28065862270390113.
checkpoint_e32 window_influence: 0.19020769219096550, penalty_k: 0.33248150387370540, scale_lr: 0.48962645038891167, EAO: 0.249
Trial 657 finished with value: 0.24892697343981363 and parameters: {'window_influence': 0.1902076921909655, 'penalty_k': 0.3324815038737054, 'scale_lr': 0.48962645038891167}. Best is trial 489 with value: 0.28065862270390113.
checkpoint_e32 window_influence: 0.60516053187900787, penalty_k: 0.12504908734729356, scale_lr: 0.78640960229713786, EAO: 0.218
Trial 658 finished with value: 0.2177485223344671 and parameters: {'window_influence': 0.6051605318790079, 'penalty_k': 0.12504908734729356, 'scale_lr': 0.7864096022971379}. Best is trial 489 with value: 0.28065862270390113.
checkpoint_e32 window_influence: 0.31633271334921581, penalty_k: 0.58772550993328565, scale_lr: 0.63935045732355400, EAO: 0.250
Trial 659 finished with value: 0.2503771525694103 and parameters: {'window_influence': 0.3163327133492158, 'penalty_k': 0.5877255099332857, 'scale_lr': 0.639350457323554}. Best is trial 489 with value: 0.28065862270390113.
checkpoint_e32 window_influence: 0.30468584945132415, penalty_k: 0.25595918505196541, scale_lr: 0.69039607112046619, EAO: 0.267
Trial 660 finished with value: 0.2674436858756755 and parameters: {'window_influence': 0.30468584945132415, 'penalty_k': 0.2559591850519654, 'scale_lr': 0.6903960711204662}. Best is trial 489 with value: 0.28065862270390113.
checkpoint_e32 window_influence: 0.51491245885268866, penalty_k: 0.29960298820251374, scale_lr: 0.38300162084331624, EAO: 0.240
Trial 661 finished with value: 0.23983546897647826 and parameters: {'window_influence': 0.5149124588526887, 'penalty_k': 0.29960298820251374, 'scale_lr': 0.38300162084331624}. Best is trial 489 with value: 0.28065862270390113.
checkpoint_e32 window_influence: 0.34527390987984147, penalty_k: 0.44546581627414167, scale_lr: 0.44379250728395203, EAO: 0.258
Trial 662 finished with value: 0.2577161615699287 and parameters: {'window_influence': 0.34527390987984147, 'penalty_k': 0.44546581627414167, 'scale_lr': 0.44379250728395203}. Best is trial 489 with value: 0.28065862270390113.
checkpoint_e32 window_influence: 0.28862138223180239, penalty_k: 0.22614748458525114, scale_lr: 0.42458649920295455, EAO: 0.263
Trial 663 finished with value: 0.26253184415702896 and parameters: {'window_influence': 0.2886213822318024, 'penalty_k': 0.22614748458525114, 'scale_lr': 0.42458649920295455}. Best is trial 489 with value: 0.28065862270390113.
checkpoint_e32 window_influence: 0.56090066174874786, penalty_k: 0.15245776719502027, scale_lr: 0.79928025805577618, EAO: 0.226
Trial 664 finished with value: 0.22579019444017875 and parameters: {'window_influence': 0.5609006617487479, 'penalty_k': 0.15245776719502027, 'scale_lr': 0.7992802580557762}. Best is trial 489 with value: 0.28065862270390113.
checkpoint_e32 window_influence: 0.44087089474277080, penalty_k: 0.27561917712618844, scale_lr: 0.54524038424956378, EAO: 0.259
Trial 665 finished with value: 0.2589840395906107 and parameters: {'window_influence': 0.4408708947427708, 'penalty_k': 0.27561917712618844, 'scale_lr': 0.5452403842495638}. Best is trial 489 with value: 0.28065862270390113.
checkpoint_e32 window_influence: 0.35837237317902942, penalty_k: 0.24179894494220011, scale_lr: 0.65909586684863741, EAO: 0.262
Trial 666 finished with value: 0.2623979878740582 and parameters: {'window_influence': 0.3583723731790294, 'penalty_k': 0.2417989449422001, 'scale_lr': 0.6590958668486374}. Best is trial 489 with value: 0.28065862270390113.
checkpoint_e32 window_influence: 0.64278387992703290, penalty_k: 0.50705622256573502, scale_lr: 0.52117045994195366, EAO: 0.190
Trial 667 finished with value: 0.18991590273089526 and parameters: {'window_influence': 0.6427838799270329, 'penalty_k': 0.507056222565735, 'scale_lr': 0.5211704599419537}. Best is trial 489 with value: 0.28065862270390113.
checkpoint_e32 window_influence: 0.13548363748344786, penalty_k: 0.07260007558270520, scale_lr: 0.51285414951275021, EAO: 0.246
Trial 668 finished with value: 0.24646828153995964 and parameters: {'window_influence': 0.13548363748344786, 'penalty_k': 0.0726000755827052, 'scale_lr': 0.5128541495127502}. Best is trial 489 with value: 0.28065862270390113.
checkpoint_e32 window_influence: 0.32454848363939759, penalty_k: 0.21241505987182979, scale_lr: 0.61752806757110335, EAO: 0.260
Trial 669 finished with value: 0.2598684807497311 and parameters: {'window_influence': 0.3245484836393976, 'penalty_k': 0.2124150598718298, 'scale_lr': 0.6175280675711033}. Best is trial 489 with value: 0.28065862270390113.
checkpoint_e32 window_influence: 0.20606613595139719, penalty_k: 0.38621111551206405, scale_lr: 0.73522694254671861, EAO: 0.257
Trial 670 finished with value: 0.2571258780554058 and parameters: {'window_influence': 0.2060661359513972, 'penalty_k': 0.38621111551206405, 'scale_lr': 0.7352269425467186}. Best is trial 489 with value: 0.28065862270390113.
checkpoint_e32 window_influence: 0.30828863367373716, penalty_k: 0.32231350544700815, scale_lr: 0.59813261661285200, EAO: 0.261
Trial 671 finished with value: 0.26088573341447163 and parameters: {'window_influence': 0.30828863367373716, 'penalty_k': 0.32231350544700815, 'scale_lr': 0.598132616612852}. Best is trial 489 with value: 0.28065862270390113.
checkpoint_e32 window_influence: 0.57233367966203363, penalty_k: 0.29029371571639107, scale_lr: 0.71354617125772302, EAO: 0.226
Trial 672 finished with value: 0.22574976244108463 and parameters: {'window_influence': 0.5723336796620336, 'penalty_k': 0.29029371571639107, 'scale_lr': 0.713546171257723}. Best is trial 489 with value: 0.28065862270390113.
checkpoint_e32 window_influence: 0.27103038594362472, penalty_k: 0.01227764779766810, scale_lr: 0.67535450194292568, EAO: 0.268
Trial 673 finished with value: 0.26798571494778967 and parameters: {'window_influence': 0.2710303859436247, 'penalty_k': 0.012277647797668101, 'scale_lr': 0.6753545019429257}. Best is trial 489 with value: 0.28065862270390113.
checkpoint_e32 window_influence: 0.33542884478719576, penalty_k: 0.00000952249413795, scale_lr: 0.76248763338815961, EAO: 0.254
Trial 674 finished with value: 0.2540342149332287 and parameters: {'window_influence': 0.33542884478719576, 'penalty_k': 9.522494137950699e-06, 'scale_lr': 0.7624876333881596}. Best is trial 489 with value: 0.28065862270390113.
checkpoint_e32 window_influence: 0.17547211292674039, penalty_k: 0.13615635211320737, scale_lr: 0.47001605334154639, EAO: 0.251
Trial 675 finished with value: 0.2509627432479122 and parameters: {'window_influence': 0.1754721129267404, 'penalty_k': 0.13615635211320737, 'scale_lr': 0.4700160533415464}. Best is trial 489 with value: 0.28065862270390113.
checkpoint_e32 window_influence: 0.07085301835994839, penalty_k: 0.55410054849669343, scale_lr: 0.57330380592455166, EAO: 0.213
Trial 676 finished with value: 0.21285574780247077 and parameters: {'window_influence': 0.0708530183599484, 'penalty_k': 0.5541005484966934, 'scale_lr': 0.5733038059245517}. Best is trial 489 with value: 0.28065862270390113.
checkpoint_e32 window_influence: 0.06457113901072076, penalty_k: 0.26509960483675482, scale_lr: 0.39242267892241756, EAO: 0.212
Trial 677 finished with value: 0.21178683063121345 and parameters: {'window_influence': 0.06457113901072076, 'penalty_k': 0.2650996048367548, 'scale_lr': 0.39242267892241756}. Best is trial 489 with value: 0.28065862270390113.
checkpoint_e32 window_influence: 0.20177815098155388, penalty_k: 0.45633948074906161, scale_lr: 0.64582171531481758, EAO: 0.241
Trial 678 finished with value: 0.24107397002417866 and parameters: {'window_influence': 0.20177815098155388, 'penalty_k': 0.4563394807490616, 'scale_lr': 0.6458217153148176}. Best is trial 489 with value: 0.28065862270390113.
checkpoint_e32 window_influence: 0.37973459417140337, penalty_k: 0.34059073363257347, scale_lr: 0.50641155642893965, EAO: 0.260
Trial 679 finished with value: 0.25960978120565414 and parameters: {'window_influence': 0.3797345941714034, 'penalty_k': 0.3405907336325735, 'scale_lr': 0.5064115564289396}. Best is trial 489 with value: 0.28065862270390113.
checkpoint_e32 window_influence: 0.31809529636314876, penalty_k: 0.31039147707521647, scale_lr: 0.41599992185024148, EAO: 0.261
Trial 680 finished with value: 0.261419228543111 and parameters: {'window_influence': 0.31809529636314876, 'penalty_k': 0.31039147707521647, 'scale_lr': 0.4159999218502415}. Best is trial 489 with value: 0.28065862270390113.
checkpoint_e32 window_influence: 0.61867664379145659, penalty_k: 0.17108826565396765, scale_lr: 0.77866630798511804, EAO: 0.214
