A new study created in memory with name: no-name-17f1c2ef-ca26-4d1f-9e59-832b6a580a93
checkpoint_e34 window_influence: 0.09837716162465278, penalty_k: 0.13252836132100282, scale_lr: 0.69939948937432339, EAO: 0.246
Trial 0 finished with value: 0.24609341036255766 and parameters: {'window_influence': 0.09837716162465278, 'penalty_k': 0.13252836132100282, 'scale_lr': 0.6993994893743234}. Best is trial 0 with value: 0.24609341036255766.
checkpoint_e34 window_influence: 0.09382615365181808, penalty_k: 0.50969950608480197, scale_lr: 0.13342459938246634, EAO: 0.216
Trial 1 finished with value: 0.21644754265624333 and parameters: {'window_influence': 0.09382615365181808, 'penalty_k': 0.509699506084802, 'scale_lr': 0.13342459938246634}. Best is trial 0 with value: 0.24609341036255766.
checkpoint_e34 window_influence: 0.56596345344820009, penalty_k: 0.20739878732378969, scale_lr: 0.69998748828523605, EAO: 0.231
Trial 2 finished with value: 0.2314132250300268 and parameters: {'window_influence': 0.5659634534482001, 'penalty_k': 0.2073987873237897, 'scale_lr': 0.699987488285236}. Best is trial 0 with value: 0.24609341036255766.
checkpoint_e34 window_influence: 0.22589847859009171, penalty_k: 0.35478332624393455, scale_lr: 0.12778570490608468, EAO: 0.254
Trial 3 finished with value: 0.25390524005259923 and parameters: {'window_influence': 0.2258984785900917, 'penalty_k': 0.35478332624393455, 'scale_lr': 0.12778570490608468}. Best is trial 3 with value: 0.25390524005259923.
checkpoint_e34 window_influence: 0.15694712621842496, penalty_k: 0.15778758844832358, scale_lr: 0.68765071937548106, EAO: 0.251
Trial 4 finished with value: 0.25100852839830445 and parameters: {'window_influence': 0.15694712621842496, 'penalty_k': 0.15778758844832358, 'scale_lr': 0.6876507193754811}. Best is trial 3 with value: 0.25390524005259923.
checkpoint_e34 window_influence: 0.21605155772811813, penalty_k: 0.13189500347563679, scale_lr: 0.68975926594355130, EAO: 0.255
Trial 5 finished with value: 0.2554032790467022 and parameters: {'window_influence': 0.21605155772811813, 'penalty_k': 0.1318950034756368, 'scale_lr': 0.6897592659435513}. Best is trial 5 with value: 0.2554032790467022.
checkpoint_e34 window_influence: 0.48998599708226892, penalty_k: 0.23718486359835644, scale_lr: 0.27218711609632806, EAO: 0.246
Trial 6 finished with value: 0.2458265302021329 and parameters: {'window_influence': 0.4899859970822689, 'penalty_k': 0.23718486359835644, 'scale_lr': 0.27218711609632806}. Best is trial 5 with value: 0.2554032790467022.
checkpoint_e34 window_influence: 0.49900450243638433, penalty_k: 0.56966055618517242, scale_lr: 0.60002950580095848, EAO: 0.235
Trial 7 finished with value: 0.23539045144145082 and parameters: {'window_influence': 0.49900450243638433, 'penalty_k': 0.5696605561851724, 'scale_lr': 0.6000295058009585}. Best is trial 5 with value: 0.2554032790467022.
checkpoint_e34 window_influence: 0.23577333131769301, penalty_k: 0.16878934720005315, scale_lr: 0.72005798461354131, EAO: 0.269
Trial 8 finished with value: 0.26896408333526395 and parameters: {'window_influence': 0.235773331317693, 'penalty_k': 0.16878934720005315, 'scale_lr': 0.7200579846135413}. Best is trial 8 with value: 0.26896408333526395.
checkpoint_e34 window_influence: 0.33357935438953212, penalty_k: 0.48613276301718800, scale_lr: 0.41479519012439625, EAO: 0.236
Trial 9 finished with value: 0.23648961924198197 and parameters: {'window_influence': 0.3335793543895321, 'penalty_k': 0.486132763017188, 'scale_lr': 0.41479519012439625}. Best is trial 8 with value: 0.26896408333526395.
checkpoint_e34 window_influence: 0.32594482334058150, penalty_k: 0.04395492115720512, scale_lr: 0.79130494784073413, EAO: 0.272
Trial 10 finished with value: 0.2721887084284449 and parameters: {'window_influence': 0.3259448233405815, 'penalty_k': 0.04395492115720512, 'scale_lr': 0.7913049478407341}. Best is trial 10 with value: 0.2721887084284449.
checkpoint_e34 window_influence: 0.33746148234672618, penalty_k: 0.01205343771688235, scale_lr: 0.78030249603544588, EAO: 0.255
Trial 11 finished with value: 0.2554973248180335 and parameters: {'window_influence': 0.3374614823467262, 'penalty_k': 0.012053437716882345, 'scale_lr': 0.7803024960354459}. Best is trial 10 with value: 0.2721887084284449.
checkpoint_e34 window_influence: 0.27991484380215809, penalty_k: 0.01297137858659558, scale_lr: 0.79771654974667339, EAO: 0.262
Trial 12 finished with value: 0.2620272216031222 and parameters: {'window_influence': 0.2799148438021581, 'penalty_k': 0.012971378586595583, 'scale_lr': 0.7977165497466734}. Best is trial 10 with value: 0.2721887084284449.
checkpoint_e34 window_influence: 0.41477863508826873, penalty_k: 0.07227164879118567, scale_lr: 0.57263163203861067, EAO: 0.259
Trial 13 finished with value: 0.2589857213017417 and parameters: {'window_influence': 0.41477863508826873, 'penalty_k': 0.07227164879118567, 'scale_lr': 0.5726316320386107}. Best is trial 10 with value: 0.2721887084284449.
checkpoint_e34 window_influence: 0.38869086430902250, penalty_k: 0.28999952367188453, scale_lr: 0.52996068756640691, EAO: 0.263
Trial 14 finished with value: 0.26334754038390107 and parameters: {'window_influence': 0.3886908643090225, 'penalty_k': 0.28999952367188453, 'scale_lr': 0.5299606875664069}. Best is trial 10 with value: 0.2721887084284449.
checkpoint_e34 window_influence: 0.27663849405044211, penalty_k: 0.08610985171463491, scale_lr: 0.44878518766765335, EAO: 0.262
Trial 15 finished with value: 0.26240925054724623 and parameters: {'window_influence': 0.2766384940504421, 'penalty_k': 0.08610985171463491, 'scale_lr': 0.44878518766765335}. Best is trial 10 with value: 0.2721887084284449.
checkpoint_e34 window_influence: 0.17217850944621696, penalty_k: 0.21400105923680307, scale_lr: 0.76452018467925442, EAO: 0.245
Trial 16 finished with value: 0.24535913262667694 and parameters: {'window_influence': 0.17217850944621696, 'penalty_k': 0.21400105923680307, 'scale_lr': 0.7645201846792544}. Best is trial 10 with value: 0.2721887084284449.
checkpoint_e34 window_influence: 0.64841227332283657, penalty_k: 0.00106243823447246, scale_lr: 0.61363252983713101, EAO: 0.228
Trial 17 finished with value: 0.22829544095973658 and parameters: {'window_influence': 0.6484122733228366, 'penalty_k': 0.0010624382344724612, 'scale_lr': 0.613632529837131}. Best is trial 10 with value: 0.2721887084284449.
checkpoint_e34 window_influence: 0.28150471834018964, penalty_k: 0.06755496160802951, scale_lr: 0.52179954687166064, EAO: 0.254
Trial 18 finished with value: 0.25405130795831604 and parameters: {'window_influence': 0.28150471834018964, 'penalty_k': 0.06755496160802951, 'scale_lr': 0.5217995468716606}. Best is trial 10 with value: 0.2721887084284449.
checkpoint_e34 window_influence: 0.33425864389270338, penalty_k: 0.17736792533542498, scale_lr: 0.79119919037917485, EAO: 0.262
Trial 19 finished with value: 0.2622331965987275 and parameters: {'window_influence': 0.3342586438927034, 'penalty_k': 0.17736792533542498, 'scale_lr': 0.7911991903791749}. Best is trial 10 with value: 0.2721887084284449.
checkpoint_e34 window_influence: 0.05766621591922738, penalty_k: 0.26539571138228857, scale_lr: 0.64647058897740695, EAO: 0.229
Trial 20 finished with value: 0.22868561865837594 and parameters: {'window_influence': 0.05766621591922738, 'penalty_k': 0.26539571138228857, 'scale_lr': 0.646470588977407}. Best is trial 10 with value: 0.2721887084284449.
checkpoint_e34 window_influence: 0.38754828411397613, penalty_k: 0.27635736453844378, scale_lr: 0.52650692578880898, EAO: 0.251
Trial 21 finished with value: 0.25106960783402127 and parameters: {'window_influence': 0.3875482841139761, 'penalty_k': 0.2763573645384438, 'scale_lr': 0.526506925788809}. Best is trial 10 with value: 0.2721887084284449.
checkpoint_e34 window_influence: 0.39900562705213488, penalty_k: 0.31485919670485968, scale_lr: 0.72917033343354998, EAO: 0.252
Trial 22 finished with value: 0.2517589617793153 and parameters: {'window_influence': 0.3990056270521349, 'penalty_k': 0.3148591967048597, 'scale_lr': 0.72917033343355}. Best is trial 10 with value: 0.2721887084284449.
checkpoint_e34 window_influence: 0.37917106335890127, penalty_k: 0.34785962175115981, scale_lr: 0.74224252639201949, EAO: 0.255
Trial 23 finished with value: 0.2546682264504394 and parameters: {'window_influence': 0.3791710633589013, 'penalty_k': 0.3478596217511598, 'scale_lr': 0.7422425263920195}. Best is trial 10 with value: 0.2721887084284449.
checkpoint_e34 window_influence: 0.44518509341748369, penalty_k: 0.18003642999880520, scale_lr: 0.65660368108004374, EAO: 0.248
Trial 24 finished with value: 0.24777919387187414 and parameters: {'window_influence': 0.4451850934174837, 'penalty_k': 0.1800364299988052, 'scale_lr': 0.6566036810800437}. Best is trial 10 with value: 0.2721887084284449.
checkpoint_e34 window_influence: 0.31116194343681086, penalty_k: 0.12603250780466577, scale_lr: 0.73611165282859470, EAO: 0.263
Trial 25 finished with value: 0.26315197881644337 and parameters: {'window_influence': 0.31116194343681086, 'penalty_k': 0.12603250780466577, 'scale_lr': 0.7361116528285947}. Best is trial 10 with value: 0.2721887084284449.
checkpoint_e34 window_influence: 0.25094208825358089, penalty_k: 0.24910767315026777, scale_lr: 0.65825512667379715, EAO: 0.264
Trial 26 finished with value: 0.26381335861799193 and parameters: {'window_influence': 0.2509420882535809, 'penalty_k': 0.24910767315026777, 'scale_lr': 0.6582551266737972}. Best is trial 10 with value: 0.2721887084284449.
checkpoint_e34 window_influence: 0.23158099639866120, penalty_k: 0.22351289144670894, scale_lr: 0.64466206040552798, EAO: 0.262
Trial 27 finished with value: 0.2616878890288555 and parameters: {'window_influence': 0.2315809963986612, 'penalty_k': 0.22351289144670894, 'scale_lr': 0.644662060405528}. Best is trial 10 with value: 0.2721887084284449.
checkpoint_e34 window_influence: 0.25417760116604443, penalty_k: 0.08759048239344203, scale_lr: 0.75143474541180488, EAO: 0.264
Trial 28 finished with value: 0.26439646443700404 and parameters: {'window_influence': 0.25417760116604443, 'penalty_k': 0.08759048239344203, 'scale_lr': 0.7514347454118049}. Best is trial 10 with value: 0.2721887084284449.
checkpoint_e34 window_influence: 0.17223681712168060, penalty_k: 0.11210041277886262, scale_lr: 0.72980899154537704, EAO: 0.248
Trial 29 finished with value: 0.24752623448526956 and parameters: {'window_influence': 0.1722368171216806, 'penalty_k': 0.11210041277886262, 'scale_lr': 0.729808991545377}. Best is trial 10 with value: 0.2721887084284449.
checkpoint_e34 window_influence: 0.30389166053641908, penalty_k: 0.05631000805581482, scale_lr: 0.76570083778886255, EAO: 0.268
Trial 30 finished with value: 0.2682583407173312 and parameters: {'window_influence': 0.3038916605364191, 'penalty_k': 0.05631000805581482, 'scale_lr': 0.7657008377888626}. Best is trial 10 with value: 0.2721887084284449.
checkpoint_e34 window_influence: 0.29950217327533574, penalty_k: 0.06168457654082055, scale_lr: 0.78552399866791400, EAO: 0.258
Trial 31 finished with value: 0.25844527108640203 and parameters: {'window_influence': 0.29950217327533574, 'penalty_k': 0.06168457654082055, 'scale_lr': 0.785523998667914}. Best is trial 10 with value: 0.2721887084284449.
checkpoint_e34 window_influence: 0.35130039638115285, penalty_k: 0.04397199902919197, scale_lr: 0.71208193195680292, EAO: 0.260
Trial 32 finished with value: 0.25964599672129485 and parameters: {'window_influence': 0.35130039638115285, 'penalty_k': 0.04397199902919197, 'scale_lr': 0.7120819319568029}. Best is trial 10 with value: 0.2721887084284449.
checkpoint_e34 window_influence: 0.25804701566529925, penalty_k: 0.09792898149664764, scale_lr: 0.75625677798595592, EAO: 0.270
Trial 33 finished with value: 0.27012165526791315 and parameters: {'window_influence': 0.25804701566529925, 'penalty_k': 0.09792898149664764, 'scale_lr': 0.7562567779859559}. Best is trial 10 with value: 0.2721887084284449.
checkpoint_e34 window_influence: 0.20645163586387777, penalty_k: 0.10843766202908375, scale_lr: 0.69674822729888519, EAO: 0.262
Trial 34 finished with value: 0.2622832909711008 and parameters: {'window_influence': 0.20645163586387777, 'penalty_k': 0.10843766202908375, 'scale_lr': 0.6967482272988852}. Best is trial 10 with value: 0.2721887084284449.
checkpoint_e34 window_influence: 0.31293185614834429, penalty_k: 0.03947885233489221, scale_lr: 0.79848947809666138, EAO: 0.254
Trial 35 finished with value: 0.25429639668484044 and parameters: {'window_influence': 0.3129318561483443, 'penalty_k': 0.03947885233489221, 'scale_lr': 0.7984894780966614}. Best is trial 10 with value: 0.2721887084284449.
checkpoint_e34 window_influence: 0.12848606737684248, penalty_k: 0.15122202996103290, scale_lr: 0.70404636512300012, EAO: 0.243
Trial 36 finished with value: 0.24278486701773433 and parameters: {'window_influence': 0.12848606737684248, 'penalty_k': 0.1512220299610329, 'scale_lr': 0.7040463651230001}. Best is trial 10 with value: 0.2721887084284449.
checkpoint_e34 window_influence: 0.21088373761399987, penalty_k: 0.09955772173325417, scale_lr: 0.73431240084677940, EAO: 0.244
Trial 37 finished with value: 0.24436566554676226 and parameters: {'window_influence': 0.21088373761399987, 'penalty_k': 0.09955772173325417, 'scale_lr': 0.7343124008467794}. Best is trial 10 with value: 0.2721887084284449.
checkpoint_e34 window_influence: 0.26195096687311625, penalty_k: 0.14121723098223185, scale_lr: 0.76119917160308570, EAO: 0.243
Trial 38 finished with value: 0.24319079209391664 and parameters: {'window_influence': 0.26195096687311625, 'penalty_k': 0.14121723098223185, 'scale_lr': 0.7611991716030857}. Best is trial 10 with value: 0.2721887084284449.
checkpoint_e34 window_influence: 0.23240126077485485, penalty_k: 0.03319135882134450, scale_lr: 0.67905569849045477, EAO: 0.256
Trial 39 finished with value: 0.256406778545399 and parameters: {'window_influence': 0.23240126077485485, 'penalty_k': 0.0331913588213445, 'scale_lr': 0.6790556984904548}. Best is trial 10 with value: 0.2721887084284449.
checkpoint_e34 window_influence: 0.28964187754238185, penalty_k: 0.16774540642570465, scale_lr: 0.68125967733274873, EAO: 0.253
Trial 40 finished with value: 0.2531020060423913 and parameters: {'window_influence': 0.28964187754238185, 'penalty_k': 0.16774540642570465, 'scale_lr': 0.6812596773327487}. Best is trial 10 with value: 0.2721887084284449.
checkpoint_e34 window_influence: 0.25351866416723956, penalty_k: 0.08367646530780246, scale_lr: 0.75884336875230274, EAO: 0.261
Trial 41 finished with value: 0.26139434844982334 and parameters: {'window_influence': 0.25351866416723956, 'penalty_k': 0.08367646530780246, 'scale_lr': 0.7588433687523027}. Best is trial 10 with value: 0.2721887084284449.
checkpoint_e34 window_influence: 0.19517985636061386, penalty_k: 0.11536759593067414, scale_lr: 0.75558875653389168, EAO: 0.254
Trial 42 finished with value: 0.25373928642612165 and parameters: {'window_influence': 0.19517985636061386, 'penalty_k': 0.11536759593067414, 'scale_lr': 0.7555887565338917}. Best is trial 10 with value: 0.2721887084284449.
checkpoint_e34 window_influence: 0.25049528122555731, penalty_k: 0.05206551067923229, scale_lr: 0.71283748429288118, EAO: 0.249
Trial 43 finished with value: 0.2491605316356915 and parameters: {'window_influence': 0.2504952812255573, 'penalty_k': 0.05206551067923229, 'scale_lr': 0.7128374842928812}. Best is trial 10 with value: 0.2721887084284449.
checkpoint_e34 window_influence: 0.35722845173043283, penalty_k: 0.08821017134991718, scale_lr: 0.77075890272395242, EAO: 0.264
Trial 44 finished with value: 0.26353234288896005 and parameters: {'window_influence': 0.3572284517304328, 'penalty_k': 0.08821017134991718, 'scale_lr': 0.7707589027239524}. Best is trial 10 with value: 0.2721887084284449.
checkpoint_e34 window_influence: 0.31128284559011782, penalty_k: 0.13609758878873920, scale_lr: 0.76103648386155365, EAO: 0.263
Trial 45 finished with value: 0.26297906228924184 and parameters: {'window_influence': 0.3112828455901178, 'penalty_k': 0.1360975887887392, 'scale_lr': 0.7610364838615536}. Best is trial 10 with value: 0.2721887084284449.
checkpoint_e34 window_influence: 0.27365624699725821, penalty_k: 0.03576680170310385, scale_lr: 0.79381224072992618, EAO: 0.261
Trial 46 finished with value: 0.2611064687371254 and parameters: {'window_influence': 0.2736562469972582, 'penalty_k': 0.03576680170310385, 'scale_lr': 0.7938122407299262}. Best is trial 10 with value: 0.2721887084284449.
checkpoint_e34 window_influence: 0.23348344837026205, penalty_k: 0.02199661334197432, scale_lr: 0.71311291311575153, EAO: 0.246
Trial 47 finished with value: 0.24550950085002232 and parameters: {'window_influence': 0.23348344837026205, 'penalty_k': 0.021996613341974322, 'scale_lr': 0.7131129131157515}. Best is trial 10 with value: 0.2721887084284449.
checkpoint_e34 window_influence: 0.18672931245168614, penalty_k: 0.00009359672595905, scale_lr: 0.61942075667867413, EAO: 0.248
Trial 48 finished with value: 0.24770449956015841 and parameters: {'window_influence': 0.18672931245168614, 'penalty_k': 9.359672595905116e-05, 'scale_lr': 0.6194207566786741}. Best is trial 10 with value: 0.2721887084284449.
checkpoint_e34 window_influence: 0.14099463524648376, penalty_k: 0.20065571737435334, scale_lr: 0.67659194656404398, EAO: 0.244
Trial 49 finished with value: 0.2444307377667931 and parameters: {'window_influence': 0.14099463524648376, 'penalty_k': 0.20065571737435334, 'scale_lr': 0.676591946564044}. Best is trial 10 with value: 0.2721887084284449.
checkpoint_e34 window_influence: 0.29576545497103707, penalty_k: 0.07075661749712980, scale_lr: 0.74003435318252553, EAO: 0.260
Trial 50 finished with value: 0.2595711538825578 and parameters: {'window_influence': 0.29576545497103707, 'penalty_k': 0.0707566174971298, 'scale_lr': 0.7400343531825255}. Best is trial 10 with value: 0.2721887084284449.
checkpoint_e34 window_influence: 0.24940010119385728, penalty_k: 0.14987810569359550, scale_lr: 0.67053064936562756, EAO: 0.255
Trial 51 finished with value: 0.2549106206108884 and parameters: {'window_influence': 0.24940010119385728, 'penalty_k': 0.1498781056935955, 'scale_lr': 0.6705306493656276}. Best is trial 10 with value: 0.2721887084284449.
checkpoint_e34 window_influence: 0.26610601430297398, penalty_k: 0.09475722779538368, scale_lr: 0.69874067098943660, EAO: 0.266
Trial 52 finished with value: 0.26642132277895764 and parameters: {'window_influence': 0.266106014302974, 'penalty_k': 0.09475722779538368, 'scale_lr': 0.6987406709894366}. Best is trial 10 with value: 0.2721887084284449.
checkpoint_e34 window_influence: 0.32497526230761531, penalty_k: 0.09508303468540323, scale_lr: 0.79708281380470292, EAO: 0.260
Trial 53 finished with value: 0.25970894691905355 and parameters: {'window_influence': 0.3249752623076153, 'penalty_k': 0.09508303468540323, 'scale_lr': 0.7970828138047029}. Best is trial 10 with value: 0.2721887084284449.
checkpoint_e34 window_influence: 0.27303482119521144, penalty_k: 0.05820546629273865, scale_lr: 0.76497631180118797, EAO: 0.268
Trial 54 finished with value: 0.2682766594537875 and parameters: {'window_influence': 0.27303482119521144, 'penalty_k': 0.05820546629273865, 'scale_lr': 0.764976311801188}. Best is trial 10 with value: 0.2721887084284449.
checkpoint_e34 window_influence: 0.27933006883853112, penalty_k: 0.06610135871133480, scale_lr: 0.77245596220768342, EAO: 0.265
Trial 55 finished with value: 0.2647467434285133 and parameters: {'window_influence': 0.2793300688385311, 'penalty_k': 0.0661013587113348, 'scale_lr': 0.7724559622076834}. Best is trial 10 with value: 0.2721887084284449.
checkpoint_e34 window_influence: 0.34066144318980740, penalty_k: 0.01738927975987586, scale_lr: 0.70500308450406313, EAO: 0.265
Trial 56 finished with value: 0.26451590275619086 and parameters: {'window_influence': 0.3406614431898074, 'penalty_k': 0.017389279759875864, 'scale_lr': 0.7050030845040631}. Best is trial 10 with value: 0.2721887084284449.
checkpoint_e34 window_influence: 0.22722633430401090, penalty_k: 0.12385294320933646, scale_lr: 0.73071508692797549, EAO: 0.262
Trial 57 finished with value: 0.2616368599417733 and parameters: {'window_influence': 0.2272263343040109, 'penalty_k': 0.12385294320933646, 'scale_lr': 0.7307150869279755}. Best is trial 10 with value: 0.2721887084284449.
checkpoint_e34 window_influence: 0.36528457689423605, penalty_k: 0.05031094766111560, scale_lr: 0.77792467263468745, EAO: 0.259
Trial 58 finished with value: 0.2593337994038574 and parameters: {'window_influence': 0.36528457689423605, 'penalty_k': 0.0503109476611156, 'scale_lr': 0.7779246726346875}. Best is trial 10 with value: 0.2721887084284449.
checkpoint_e34 window_influence: 0.32731744427879544, penalty_k: 0.06712122403848443, scale_lr: 0.63986239532034517, EAO: 0.263
Trial 59 finished with value: 0.26279018988938835 and parameters: {'window_influence': 0.32731744427879544, 'penalty_k': 0.06712122403848443, 'scale_lr': 0.6398623953203452}. Best is trial 10 with value: 0.2721887084284449.
checkpoint_e34 window_influence: 0.29856123076687269, penalty_k: 0.10831810313848683, scale_lr: 0.58576846796516857, EAO: 0.263
Trial 60 finished with value: 0.2633063724128211 and parameters: {'window_influence': 0.2985612307668727, 'penalty_k': 0.10831810313848683, 'scale_lr': 0.5857684679651686}. Best is trial 10 with value: 0.2721887084284449.
checkpoint_e34 window_influence: 0.27783710549871821, penalty_k: 0.07616856716287559, scale_lr: 0.77725749195973759, EAO: 0.262
Trial 61 finished with value: 0.26155126930736916 and parameters: {'window_influence': 0.2778371054987182, 'penalty_k': 0.0761685671628756, 'scale_lr': 0.7772574919597376}. Best is trial 10 with value: 0.2721887084284449.
checkpoint_e34 window_influence: 0.27025650092312664, penalty_k: 0.02464560431764312, scale_lr: 0.76465552851369145, EAO: 0.259
