Trial 269 finished with value: 0.2517048960051885 and parameters: {'window_influence': 0.29151300323680607, 'penalty_k': 0.26640062929203095, 'scale_lr': 0.7730765981329695}. Best is trial 185 with value: 0.27577401194872897.
checkpoint_e39 window_influence: 0.23565074043479201, penalty_k: 0.23931209073691387, scale_lr: 0.75367532384015523, EAO: 0.248
Trial 270 finished with value: 0.24767194997246672 and parameters: {'window_influence': 0.235650740434792, 'penalty_k': 0.23931209073691387, 'scale_lr': 0.7536753238401552}. Best is trial 185 with value: 0.27577401194872897.
checkpoint_e39 window_influence: 0.44617790047029066, penalty_k: 0.25778506293969283, scale_lr: 0.71381931696509537, EAO: 0.272
Trial 271 finished with value: 0.27239275366310184 and parameters: {'window_influence': 0.44617790047029066, 'penalty_k': 0.25778506293969283, 'scale_lr': 0.7138193169650954}. Best is trial 185 with value: 0.27577401194872897.
checkpoint_e39 window_influence: 0.44464012890513033, penalty_k: 0.32855478028537455, scale_lr: 0.71427574793345583, EAO: 0.260
Trial 272 finished with value: 0.2598065483133967 and parameters: {'window_influence': 0.4446401289051303, 'penalty_k': 0.32855478028537455, 'scale_lr': 0.7142757479334558}. Best is trial 185 with value: 0.27577401194872897.
checkpoint_e39 window_influence: 0.42659210461818897, penalty_k: 0.25820850250666155, scale_lr: 0.65933570323381507, EAO: 0.262
Trial 273 finished with value: 0.2615497105005311 and parameters: {'window_influence': 0.42659210461818897, 'penalty_k': 0.25820850250666155, 'scale_lr': 0.6593357032338151}. Best is trial 185 with value: 0.27577401194872897.
checkpoint_e39 window_influence: 0.40594369365483679, penalty_k: 0.26761623083575364, scale_lr: 0.64120752812469350, EAO: 0.264
Trial 274 finished with value: 0.26391049686486157 and parameters: {'window_influence': 0.4059436936548368, 'penalty_k': 0.26761623083575364, 'scale_lr': 0.6412075281246935}. Best is trial 185 with value: 0.27577401194872897.
checkpoint_e39 window_influence: 0.38626986540840358, penalty_k: 0.24741129623906732, scale_lr: 0.67985162802147270, EAO: 0.262
Trial 275 finished with value: 0.26193788817258384 and parameters: {'window_influence': 0.3862698654084036, 'penalty_k': 0.24741129623906732, 'scale_lr': 0.6798516280214727}. Best is trial 185 with value: 0.27577401194872897.
checkpoint_e39 window_influence: 0.49547075871982610, penalty_k: 0.28192297963291307, scale_lr: 0.69841456325619233, EAO: 0.256
Trial 276 finished with value: 0.2559425806611534 and parameters: {'window_influence': 0.4954707587198261, 'penalty_k': 0.2819229796329131, 'scale_lr': 0.6984145632561923}. Best is trial 185 with value: 0.27577401194872897.
checkpoint_e39 window_influence: 0.43767260595817842, penalty_k: 0.23390866572329364, scale_lr: 0.71613957928367011, EAO: 0.263
Trial 277 finished with value: 0.2634614947123256 and parameters: {'window_influence': 0.4376726059581784, 'penalty_k': 0.23390866572329364, 'scale_lr': 0.7161395792836701}. Best is trial 185 with value: 0.27577401194872897.
checkpoint_e39 window_influence: 0.44610616754166660, penalty_k: 0.39841134886163387, scale_lr: 0.68947395742527651, EAO: 0.255
Trial 278 finished with value: 0.2547513632997265 and parameters: {'window_influence': 0.4461061675416666, 'penalty_k': 0.3984113488616339, 'scale_lr': 0.6894739574252765}. Best is trial 185 with value: 0.27577401194872897.
checkpoint_e39 window_influence: 0.46484713426355390, penalty_k: 0.00848712563560855, scale_lr: 0.73778127749003053, EAO: 0.249
Trial 279 finished with value: 0.24924425883748666 and parameters: {'window_influence': 0.4648471342635539, 'penalty_k': 0.00848712563560855, 'scale_lr': 0.7377812774900305}. Best is trial 185 with value: 0.27577401194872897.
checkpoint_e39 window_influence: 0.42431675540196290, penalty_k: 0.25794670364233535, scale_lr: 0.60952550869807909, EAO: 0.259
Trial 280 finished with value: 0.25926192401628184 and parameters: {'window_influence': 0.4243167554019629, 'penalty_k': 0.25794670364233535, 'scale_lr': 0.6095255086980791}. Best is trial 185 with value: 0.27577401194872897.
checkpoint_e39 window_influence: 0.63824586897692104, penalty_k: 0.24550907773166269, scale_lr: 0.70373556628009837, EAO: 0.206
Trial 281 finished with value: 0.2064307405938947 and parameters: {'window_influence': 0.638245868976921, 'penalty_k': 0.2455090777316627, 'scale_lr': 0.7037355662800984}. Best is trial 185 with value: 0.27577401194872897.
checkpoint_e39 window_influence: 0.35215655845604338, penalty_k: 0.26918421412059673, scale_lr: 0.67489448082255710, EAO: 0.243
Trial 282 finished with value: 0.24323600615427746 and parameters: {'window_influence': 0.3521565584560434, 'penalty_k': 0.26918421412059673, 'scale_lr': 0.6748944808225571}. Best is trial 185 with value: 0.27577401194872897.
checkpoint_e39 window_influence: 0.37353299241187510, penalty_k: 0.23264581641759666, scale_lr: 0.72222907138221104, EAO: 0.261
Trial 283 finished with value: 0.26147455776610024 and parameters: {'window_influence': 0.3735329924118751, 'penalty_k': 0.23264581641759666, 'scale_lr': 0.722229071382211}. Best is trial 185 with value: 0.27577401194872897.
checkpoint_e39 window_influence: 0.44822502255701269, penalty_k: 0.30221862146546175, scale_lr: 0.65718975612480868, EAO: 0.257
Trial 284 finished with value: 0.2570086024035283 and parameters: {'window_influence': 0.4482250225570127, 'penalty_k': 0.30221862146546175, 'scale_lr': 0.6571897561248087}. Best is trial 185 with value: 0.27577401194872897.
checkpoint_e39 window_influence: 0.43306226353092420, penalty_k: 0.25602849971463321, scale_lr: 0.79608741971010955, EAO: 0.267
Trial 285 finished with value: 0.2669292523003206 and parameters: {'window_influence': 0.4330622635309242, 'penalty_k': 0.2560284997146332, 'scale_lr': 0.7960874197101095}. Best is trial 185 with value: 0.27577401194872897.
checkpoint_e39 window_influence: 0.45609421163249675, penalty_k: 0.24147760856395856, scale_lr: 0.68930386560314960, EAO: 0.271
Trial 286 finished with value: 0.2708937814080618 and parameters: {'window_influence': 0.45609421163249675, 'penalty_k': 0.24147760856395856, 'scale_lr': 0.6893038656031496}. Best is trial 185 with value: 0.27577401194872897.
checkpoint_e39 window_influence: 0.47418600069807759, penalty_k: 0.24313409938176178, scale_lr: 0.54601508161915469, EAO: 0.253
Trial 287 finished with value: 0.2533036274154012 and parameters: {'window_influence': 0.4741860006980776, 'penalty_k': 0.24313409938176178, 'scale_lr': 0.5460150816191547}. Best is trial 185 with value: 0.27577401194872897.
checkpoint_e39 window_influence: 0.45926453497363812, penalty_k: 0.28362811674446464, scale_lr: 0.68252549165481136, EAO: 0.264
Trial 288 finished with value: 0.26371451085660513 and parameters: {'window_influence': 0.4592645349736381, 'penalty_k': 0.28362811674446464, 'scale_lr': 0.6825254916548114}. Best is trial 185 with value: 0.27577401194872897.
checkpoint_e39 window_influence: 0.48756664412063233, penalty_k: 0.25339697182869858, scale_lr: 0.56315489198230273, EAO: 0.264
Trial 289 finished with value: 0.2644700510957377 and parameters: {'window_influence': 0.48756664412063233, 'penalty_k': 0.2533969718286986, 'scale_lr': 0.5631548919823027}. Best is trial 185 with value: 0.27577401194872897.
checkpoint_e39 window_influence: 0.45172451877008590, penalty_k: 0.26995040531682479, scale_lr: 0.70624598715181097, EAO: 0.257
Trial 290 finished with value: 0.2566524859729821 and parameters: {'window_influence': 0.4517245187700859, 'penalty_k': 0.2699504053168248, 'scale_lr': 0.706245987151811}. Best is trial 185 with value: 0.27577401194872897.
checkpoint_e39 window_influence: 0.46735974041933054, penalty_k: 0.23842264179946471, scale_lr: 0.64302581924139735, EAO: 0.259
Trial 291 finished with value: 0.2587762958392864 and parameters: {'window_influence': 0.46735974041933054, 'penalty_k': 0.2384226417994647, 'scale_lr': 0.6430258192413973}. Best is trial 185 with value: 0.27577401194872897.
checkpoint_e39 window_influence: 0.43840602121772843, penalty_k: 0.25836240341801892, scale_lr: 0.73472755600524031, EAO: 0.270
Trial 292 finished with value: 0.2696431256770118 and parameters: {'window_influence': 0.4384060212177284, 'penalty_k': 0.2583624034180189, 'scale_lr': 0.7347275560052403}. Best is trial 185 with value: 0.27577401194872897.
checkpoint_e39 window_influence: 0.41204861462482723, penalty_k: 0.26101045858588717, scale_lr: 0.75065244369178241, EAO: 0.263
Trial 293 finished with value: 0.2625394514421137 and parameters: {'window_influence': 0.4120486146248272, 'penalty_k': 0.2610104585858872, 'scale_lr': 0.7506524436917824}. Best is trial 185 with value: 0.27577401194872897.
checkpoint_e39 window_influence: 0.50435709293102748, penalty_k: 0.27879004444590483, scale_lr: 0.66812547464539485, EAO: 0.255
Trial 294 finished with value: 0.255024341003197 and parameters: {'window_influence': 0.5043570929310275, 'penalty_k': 0.2787900444459048, 'scale_lr': 0.6681254746453948}. Best is trial 185 with value: 0.27577401194872897.
checkpoint_e39 window_influence: 0.45144991340584778, penalty_k: 0.25292871218621671, scale_lr: 0.73892553595788613, EAO: 0.269
Trial 295 finished with value: 0.268656282102674 and parameters: {'window_influence': 0.4514499134058478, 'penalty_k': 0.2529287121862167, 'scale_lr': 0.7389255359578861}. Best is trial 185 with value: 0.27577401194872897.
checkpoint_e39 window_influence: 0.42519636368002056, penalty_k: 0.26684281166927881, scale_lr: 0.73461395894631754, EAO: 0.264
Trial 296 finished with value: 0.2638356234363424 and parameters: {'window_influence': 0.42519636368002056, 'penalty_k': 0.2668428116692788, 'scale_lr': 0.7346139589463175}. Best is trial 185 with value: 0.27577401194872897.
checkpoint_e39 window_influence: 0.45828230194352337, penalty_k: 0.06543663040851116, scale_lr: 0.68923221865762663, EAO: 0.254
Trial 297 finished with value: 0.2543293004476927 and parameters: {'window_influence': 0.4582823019435234, 'penalty_k': 0.06543663040851116, 'scale_lr': 0.6892322186576266}. Best is trial 185 with value: 0.27577401194872897.
checkpoint_e39 window_influence: 0.44741348094798655, penalty_k: 0.25116483465204315, scale_lr: 0.37815893360075459, EAO: 0.257
Trial 298 finished with value: 0.25662565019314854 and parameters: {'window_influence': 0.44741348094798655, 'penalty_k': 0.25116483465204315, 'scale_lr': 0.3781589336007546}. Best is trial 185 with value: 0.27577401194872897.
checkpoint_e39 window_influence: 0.34031883805054863, penalty_k: 0.29193986372870562, scale_lr: 0.71976543068686161, EAO: 0.244
Trial 299 finished with value: 0.2439935148004594 and parameters: {'window_influence': 0.34031883805054863, 'penalty_k': 0.2919398637287056, 'scale_lr': 0.7197654306868616}. Best is trial 185 with value: 0.27577401194872897.
checkpoint_e39 window_influence: 0.47844226315444843, penalty_k: 0.27410791867617634, scale_lr: 0.76140842740980919, EAO: 0.255
Trial 300 finished with value: 0.2550876608830157 and parameters: {'window_influence': 0.47844226315444843, 'penalty_k': 0.27410791867617634, 'scale_lr': 0.7614084274098092}. Best is trial 185 with value: 0.27577401194872897.
checkpoint_e39 window_influence: 0.43605250910167781, penalty_k: 0.25956727893730214, scale_lr: 0.69564272625575585, EAO: 0.264
Trial 301 finished with value: 0.26406380497827764 and parameters: {'window_influence': 0.4360525091016778, 'penalty_k': 0.25956727893730214, 'scale_lr': 0.6956427262557558}. Best is trial 185 with value: 0.27577401194872897.
checkpoint_e39 window_influence: 0.46845136488451727, penalty_k: 0.24319553541556094, scale_lr: 0.52816175117128084, EAO: 0.256
Trial 302 finished with value: 0.25622681425354343 and parameters: {'window_influence': 0.4684513648845173, 'penalty_k': 0.24319553541556094, 'scale_lr': 0.5281617511712808}. Best is trial 185 with value: 0.27577401194872897.
checkpoint_e39 window_influence: 0.39245909001202017, penalty_k: 0.23032431621360180, scale_lr: 0.66695365993753442, EAO: 0.250
Trial 303 finished with value: 0.2502926116188367 and parameters: {'window_influence': 0.3924590900120202, 'penalty_k': 0.2303243162136018, 'scale_lr': 0.6669536599375344}. Best is trial 185 with value: 0.27577401194872897.
checkpoint_e39 window_influence: 0.41918288156392430, penalty_k: 0.25217002806231981, scale_lr: 0.73005010858914643, EAO: 0.254
Trial 304 finished with value: 0.2544376737460857 and parameters: {'window_influence': 0.4191828815639243, 'penalty_k': 0.2521700280623198, 'scale_lr': 0.7300501085891464}. Best is trial 185 with value: 0.27577401194872897.
checkpoint_e39 window_influence: 0.44868232567366123, penalty_k: 0.28427924783264702, scale_lr: 0.68128452570107190, EAO: 0.263
Trial 305 finished with value: 0.2625093640593009 and parameters: {'window_influence': 0.44868232567366123, 'penalty_k': 0.284279247832647, 'scale_lr': 0.6812845257010719}. Best is trial 185 with value: 0.27577401194872897.
checkpoint_e39 window_influence: 0.43223799609080144, penalty_k: 0.26264765379386668, scale_lr: 0.70266213129907018, EAO: 0.256
Trial 306 finished with value: 0.2556767587254687 and parameters: {'window_influence': 0.43223799609080144, 'penalty_k': 0.2626476537938667, 'scale_lr': 0.7026621312990702}. Best is trial 185 with value: 0.27577401194872897.
checkpoint_e39 window_influence: 0.45944814414899260, penalty_k: 0.22671058141161943, scale_lr: 0.62759745476724560, EAO: 0.261
Trial 307 finished with value: 0.2606762476810595 and parameters: {'window_influence': 0.4594481441489926, 'penalty_k': 0.22671058141161943, 'scale_lr': 0.6275974547672456}. Best is trial 185 with value: 0.27577401194872897.
checkpoint_e39 window_influence: 0.35833931286476201, penalty_k: 0.31032819947721518, scale_lr: 0.44197064123341862, EAO: 0.263
Trial 308 finished with value: 0.263018047543076 and parameters: {'window_influence': 0.358339312864762, 'penalty_k': 0.3103281994772152, 'scale_lr': 0.4419706412334186}. Best is trial 185 with value: 0.27577401194872897.
checkpoint_e39 window_influence: 0.44340219423753707, penalty_k: 0.24271546337978048, scale_lr: 0.65132563067528204, EAO: 0.265
Trial 309 finished with value: 0.2646660682995145 and parameters: {'window_influence': 0.4434021942375371, 'penalty_k': 0.24271546337978048, 'scale_lr': 0.651325630675282}. Best is trial 185 with value: 0.27577401194872897.
checkpoint_e39 window_influence: 0.61274350033451219, penalty_k: 0.21472094264789235, scale_lr: 0.71386679177675894, EAO: 0.221
Trial 310 finished with value: 0.22100849637413414 and parameters: {'window_influence': 0.6127435003345122, 'penalty_k': 0.21472094264789235, 'scale_lr': 0.7138667917767589}. Best is trial 185 with value: 0.27577401194872897.
checkpoint_e39 window_influence: 0.40225686596476240, penalty_k: 0.27070564935532299, scale_lr: 0.23329042328226202, EAO: 0.253
Trial 311 finished with value: 0.25345477831315216 and parameters: {'window_influence': 0.4022568659647624, 'penalty_k': 0.270705649355323, 'scale_lr': 0.23329042328226202}. Best is trial 185 with value: 0.27577401194872897.
checkpoint_e39 window_influence: 0.48403809520798680, penalty_k: 0.29378533972379717, scale_lr: 0.69198074442834701, EAO: 0.251
Trial 312 finished with value: 0.25102310754903934 and parameters: {'window_influence': 0.4840380952079868, 'penalty_k': 0.29378533972379717, 'scale_lr': 0.691980744428347}. Best is trial 185 with value: 0.27577401194872897.
checkpoint_e39 window_influence: 0.46376312958413302, penalty_k: 0.02348655620481943, scale_lr: 0.41899310038996296, EAO: 0.256
Trial 313 finished with value: 0.2560751404825265 and parameters: {'window_influence': 0.463763129584133, 'penalty_k': 0.02348655620481943, 'scale_lr': 0.41899310038996296}. Best is trial 185 with value: 0.27577401194872897.
checkpoint_e39 window_influence: 0.42477602328575786, penalty_k: 0.33949876444641641, scale_lr: 0.67597618913429258, EAO: 0.260
Trial 314 finished with value: 0.2602942522342612 and parameters: {'window_influence': 0.42477602328575786, 'penalty_k': 0.3394987644464164, 'scale_lr': 0.6759761891342926}. Best is trial 185 with value: 0.27577401194872897.
checkpoint_e39 window_influence: 0.44085647739701017, penalty_k: 0.10774903524331711, scale_lr: 0.46124413466018377, EAO: 0.260
Trial 315 finished with value: 0.26012114562639377 and parameters: {'window_influence': 0.44085647739701017, 'penalty_k': 0.10774903524331711, 'scale_lr': 0.46124413466018377}. Best is trial 185 with value: 0.27577401194872897.
checkpoint_e39 window_influence: 0.45338747832982751, penalty_k: 0.25136112483518686, scale_lr: 0.72792593969635255, EAO: 0.269
Trial 316 finished with value: 0.26918607398988753 and parameters: {'window_influence': 0.4533874783298275, 'penalty_k': 0.25136112483518686, 'scale_lr': 0.7279259396963526}. Best is trial 185 with value: 0.27577401194872897.
checkpoint_e39 window_influence: 0.45394575386502573, penalty_k: 0.25476419238917480, scale_lr: 0.73396548207257606, EAO: 0.265
Trial 317 finished with value: 0.2654278595757678 and parameters: {'window_influence': 0.4539457538650257, 'penalty_k': 0.2547641923891748, 'scale_lr': 0.7339654820725761}. Best is trial 185 with value: 0.27577401194872897.
checkpoint_e39 window_influence: 0.33043346566992554, penalty_k: 0.27201472824589695, scale_lr: 0.75031304527131493, EAO: 0.251
Trial 318 finished with value: 0.2505921674210851 and parameters: {'window_influence': 0.33043346566992554, 'penalty_k': 0.27201472824589695, 'scale_lr': 0.7503130452713149}. Best is trial 185 with value: 0.27577401194872897.
checkpoint_e39 window_influence: 0.47635776548605269, penalty_k: 0.22994784380537328, scale_lr: 0.77316673023189908, EAO: 0.257
Trial 319 finished with value: 0.25682767462439654 and parameters: {'window_influence': 0.4763577654860527, 'penalty_k': 0.22994784380537328, 'scale_lr': 0.7731667302318991}. Best is trial 185 with value: 0.27577401194872897.
checkpoint_e39 window_influence: 0.51987797086061316, penalty_k: 0.25874301767507568, scale_lr: 0.72170365086128996, EAO: 0.245
Trial 320 finished with value: 0.24539395773071584 and parameters: {'window_influence': 0.5198779708606132, 'penalty_k': 0.2587430176750757, 'scale_lr': 0.72170365086129}. Best is trial 185 with value: 0.27577401194872897.
checkpoint_e39 window_influence: 0.43534179332494788, penalty_k: 0.24094900403352693, scale_lr: 0.58836425923422642, EAO: 0.263
Trial 321 finished with value: 0.26278770224350256 and parameters: {'window_influence': 0.4353417933249479, 'penalty_k': 0.24094900403352693, 'scale_lr': 0.5883642592342264}. Best is trial 185 with value: 0.27577401194872897.
checkpoint_e39 window_influence: 0.49846634618123520, penalty_k: 0.27997578702371184, scale_lr: 0.73595362140122378, EAO: 0.253
Trial 322 finished with value: 0.25313713916433533 and parameters: {'window_influence': 0.4984663461812352, 'penalty_k': 0.27997578702371184, 'scale_lr': 0.7359536214012238}. Best is trial 185 with value: 0.27577401194872897.
checkpoint_e39 window_influence: 0.41386214641479896, penalty_k: 0.24697006357189552, scale_lr: 0.58199651991452361, EAO: 0.255
Trial 323 finished with value: 0.2553855178923142 and parameters: {'window_influence': 0.41386214641479896, 'penalty_k': 0.24697006357189552, 'scale_lr': 0.5819965199145236}. Best is trial 185 with value: 0.27577401194872897.
checkpoint_e39 window_influence: 0.46310941110382930, penalty_k: 0.45411902642611968, scale_lr: 0.49256932572533063, EAO: 0.254
Trial 324 finished with value: 0.2536696167738457 and parameters: {'window_influence': 0.4631094111038293, 'penalty_k': 0.4541190264261197, 'scale_lr': 0.49256932572533063}. Best is trial 185 with value: 0.27577401194872897.
checkpoint_e39 window_influence: 0.44365868724489310, penalty_k: 0.22076580085954528, scale_lr: 0.65894773935926199, EAO: 0.260
Trial 325 finished with value: 0.2595688426276533 and parameters: {'window_influence': 0.4436586872448931, 'penalty_k': 0.22076580085954528, 'scale_lr': 0.658947739359262}. Best is trial 185 with value: 0.27577401194872897.
checkpoint_e39 window_influence: 0.42847342145459710, penalty_k: 0.26847177369657854, scale_lr: 0.70826359363914382, EAO: 0.263
Trial 326 finished with value: 0.26324584880253166 and parameters: {'window_influence': 0.4284734214545971, 'penalty_k': 0.26847177369657854, 'scale_lr': 0.7082635936391438}. Best is trial 185 with value: 0.27577401194872897.
checkpoint_e39 window_influence: 0.28719374641514706, penalty_k: 0.26044545336201153, scale_lr: 0.68550476998131604, EAO: 0.249
Trial 327 finished with value: 0.24883639648920153 and parameters: {'window_influence': 0.28719374641514706, 'penalty_k': 0.2604454533620115, 'scale_lr': 0.685504769981316}. Best is trial 185 with value: 0.27577401194872897.
checkpoint_e39 window_influence: 0.45282738780261678, penalty_k: 0.23513459726415839, scale_lr: 0.71622061521829328, EAO: 0.262
Trial 328 finished with value: 0.2622420226291912 and parameters: {'window_influence': 0.4528273878026168, 'penalty_k': 0.2351345972641584, 'scale_lr': 0.7162206152182933}. Best is trial 185 with value: 0.27577401194872897.
checkpoint_e39 window_influence: 0.47010260796763897, penalty_k: 0.21061675936878393, scale_lr: 0.49084752597863385, EAO: 0.258
Trial 329 finished with value: 0.25830099016912583 and parameters: {'window_influence': 0.470102607967639, 'penalty_k': 0.21061675936878393, 'scale_lr': 0.49084752597863385}. Best is trial 185 with value: 0.27577401194872897.
checkpoint_e39 window_influence: 0.42134134973169257, penalty_k: 0.25070418538185624, scale_lr: 0.63833801051130312, EAO: 0.259
Trial 330 finished with value: 0.2594406564182382 and parameters: {'window_influence': 0.42134134973169257, 'penalty_k': 0.25070418538185624, 'scale_lr': 0.6383380105113031}. Best is trial 185 with value: 0.27577401194872897.
checkpoint_e39 window_influence: 0.43901528098721032, penalty_k: 0.23045061486472265, scale_lr: 0.61181524913940599, EAO: 0.260
