Trial 858 finished with value: 0.26109534368767 and parameters: {'window_influence': 0.3059587052108563, 'penalty_k': 0.07977244168018091, 'scale_lr': 0.21756525566634805}. Best is trial 212 with value: 0.2844979555868521.
checkpoint_e32 window_influence: 0.31748899775095851, penalty_k: 0.12539642716490718, scale_lr: 0.44157494617277476, EAO: 0.257
Trial 859 finished with value: 0.2572339599936958 and parameters: {'window_influence': 0.3174889977509585, 'penalty_k': 0.12539642716490718, 'scale_lr': 0.44157494617277476}. Best is trial 212 with value: 0.2844979555868521.
checkpoint_e32 window_influence: 0.41434871937592915, penalty_k: 0.02022759753465835, scale_lr: 0.40381370098004910, EAO: 0.263
Trial 860 finished with value: 0.26347072731430937 and parameters: {'window_influence': 0.41434871937592915, 'penalty_k': 0.020227597534658352, 'scale_lr': 0.4038137009800491}. Best is trial 212 with value: 0.2844979555868521.
checkpoint_e32 window_influence: 0.49569959363420840, penalty_k: 0.52398419424468012, scale_lr: 0.68904430060599497, EAO: 0.236
Trial 861 finished with value: 0.2355883991936358 and parameters: {'window_influence': 0.4956995936342084, 'penalty_k': 0.5239841942446801, 'scale_lr': 0.689044300605995}. Best is trial 212 with value: 0.2844979555868521.
checkpoint_e32 window_influence: 0.34640192725974422, penalty_k: 0.10939434036073840, scale_lr: 0.11523945573105830, EAO: 0.276
Trial 862 finished with value: 0.27634705233622375 and parameters: {'window_influence': 0.3464019272597442, 'penalty_k': 0.1093943403607384, 'scale_lr': 0.1152394557310583}. Best is trial 212 with value: 0.2844979555868521.
checkpoint_e32 window_influence: 0.36434816191822522, penalty_k: 0.49065239288192236, scale_lr: 0.75846065024012499, EAO: 0.256
Trial 863 finished with value: 0.2559577301750338 and parameters: {'window_influence': 0.3643481619182252, 'penalty_k': 0.49065239288192236, 'scale_lr': 0.758460650240125}. Best is trial 212 with value: 0.2844979555868521.
checkpoint_e32 window_influence: 0.13746960454786683, penalty_k: 0.53481842061662455, scale_lr: 0.13413289879519535, EAO: 0.243
Trial 864 finished with value: 0.2429481571525093 and parameters: {'window_influence': 0.13746960454786683, 'penalty_k': 0.5348184206166245, 'scale_lr': 0.13413289879519535}. Best is trial 212 with value: 0.2844979555868521.
checkpoint_e32 window_influence: 0.28573942069769409, penalty_k: 0.20293153521567853, scale_lr: 0.58622713242256186, EAO: 0.265
Trial 865 finished with value: 0.2647627242575816 and parameters: {'window_influence': 0.2857394206976941, 'penalty_k': 0.20293153521567853, 'scale_lr': 0.5862271324225619}. Best is trial 212 with value: 0.2844979555868521.
checkpoint_e32 window_influence: 0.29886490892967510, penalty_k: 0.31932690886368598, scale_lr: 0.62478649804766728, EAO: 0.258
Trial 866 finished with value: 0.25837356621414664 and parameters: {'window_influence': 0.2988649089296751, 'penalty_k': 0.319326908863686, 'scale_lr': 0.6247864980476673}. Best is trial 212 with value: 0.2844979555868521.
checkpoint_e32 window_influence: 0.33257101102111325, penalty_k: 0.05345450409382622, scale_lr: 0.47928165144967672, EAO: 0.257
Trial 867 finished with value: 0.25743041096664054 and parameters: {'window_influence': 0.33257101102111325, 'penalty_k': 0.05345450409382622, 'scale_lr': 0.4792816514496767}. Best is trial 212 with value: 0.2844979555868521.
checkpoint_e32 window_influence: 0.26148119927648888, penalty_k: 0.06774148489483500, scale_lr: 0.11303271691357540, EAO: 0.273
Trial 868 finished with value: 0.2728109357923996 and parameters: {'window_influence': 0.2614811992764889, 'penalty_k': 0.067741484894835, 'scale_lr': 0.1130327169135754}. Best is trial 212 with value: 0.2844979555868521.
checkpoint_e32 window_influence: 0.31792918347137245, penalty_k: 0.24665314584059544, scale_lr: 0.52717717904966488, EAO: 0.272
Trial 869 finished with value: 0.27195796346276757 and parameters: {'window_influence': 0.31792918347137245, 'penalty_k': 0.24665314584059544, 'scale_lr': 0.5271771790496649}. Best is trial 212 with value: 0.2844979555868521.
checkpoint_e32 window_influence: 0.45537972518157704, penalty_k: 0.57997718204274429, scale_lr: 0.65597309684816096, EAO: 0.248
Trial 870 finished with value: 0.24784071398217503 and parameters: {'window_influence': 0.45537972518157704, 'penalty_k': 0.5799771820427443, 'scale_lr': 0.655973096848161}. Best is trial 212 with value: 0.2844979555868521.
checkpoint_e32 window_influence: 0.05979343818921029, penalty_k: 0.09181721597289999, scale_lr: 0.16150014708255642, EAO: 0.246
Trial 871 finished with value: 0.24611555379096087 and parameters: {'window_influence': 0.05979343818921029, 'penalty_k': 0.09181721597289999, 'scale_lr': 0.16150014708255642}. Best is trial 212 with value: 0.2844979555868521.
checkpoint_e32 window_influence: 0.34170638848038176, penalty_k: 0.28967815808853814, scale_lr: 0.54857894887758185, EAO: 0.266
Trial 872 finished with value: 0.2662181840316067 and parameters: {'window_influence': 0.34170638848038176, 'penalty_k': 0.28967815808853814, 'scale_lr': 0.5485789488775819}. Best is trial 212 with value: 0.2844979555868521.
checkpoint_e32 window_influence: 0.53531185410119830, penalty_k: 0.08149680927386088, scale_lr: 0.60509453122954049, EAO: 0.251
Trial 873 finished with value: 0.25081308591898865 and parameters: {'window_influence': 0.5353118541011983, 'penalty_k': 0.08149680927386088, 'scale_lr': 0.6050945312295405}. Best is trial 212 with value: 0.2844979555868521.
checkpoint_e32 window_influence: 0.44376125875394434, penalty_k: 0.04089964173510273, scale_lr: 0.12767686898577293, EAO: 0.273
Trial 874 finished with value: 0.2730947047229705 and parameters: {'window_influence': 0.44376125875394434, 'penalty_k': 0.04089964173510273, 'scale_lr': 0.12767686898577293}. Best is trial 212 with value: 0.2844979555868521.
checkpoint_e32 window_influence: 0.42728365989376382, penalty_k: 0.30583551004727016, scale_lr: 0.42312117163325408, EAO: 0.262
Trial 875 finished with value: 0.2620402719916367 and parameters: {'window_influence': 0.4272836598937638, 'penalty_k': 0.30583551004727016, 'scale_lr': 0.4231211716332541}. Best is trial 212 with value: 0.2844979555868521.
checkpoint_e32 window_influence: 0.30894982601360832, penalty_k: 0.47525183299187279, scale_lr: 0.10049748694119245, EAO: 0.241
Trial 876 finished with value: 0.24129522676632656 and parameters: {'window_influence': 0.3089498260136083, 'penalty_k': 0.4752518329918728, 'scale_lr': 0.10049748694119245}. Best is trial 212 with value: 0.2844979555868521.
checkpoint_e32 window_influence: 0.08709614297679519, penalty_k: 0.39989272770278156, scale_lr: 0.35342615885879525, EAO: 0.235
Trial 877 finished with value: 0.2347074972420204 and parameters: {'window_influence': 0.08709614297679519, 'penalty_k': 0.39989272770278156, 'scale_lr': 0.35342615885879525}. Best is trial 212 with value: 0.2844979555868521.
checkpoint_e32 window_influence: 0.60104708937978613, penalty_k: 0.43515155807801775, scale_lr: 0.29294089192739470, EAO: 0.214
Trial 878 finished with value: 0.21386442945255496 and parameters: {'window_influence': 0.6010470893797861, 'penalty_k': 0.43515155807801775, 'scale_lr': 0.2929408919273947}. Best is trial 212 with value: 0.2844979555868521.
checkpoint_e32 window_influence: 0.22637432252239212, penalty_k: 0.09951684658649443, scale_lr: 0.13900287081395513, EAO: 0.256
Trial 879 finished with value: 0.25592371960723304 and parameters: {'window_influence': 0.22637432252239212, 'penalty_k': 0.09951684658649443, 'scale_lr': 0.13900287081395513}. Best is trial 212 with value: 0.2844979555868521.
checkpoint_e32 window_influence: 0.47365443396000056, penalty_k: 0.36760862198553529, scale_lr: 0.26577451870417812, EAO: 0.257
Trial 880 finished with value: 0.2565013021836436 and parameters: {'window_influence': 0.47365443396000056, 'penalty_k': 0.3676086219855353, 'scale_lr': 0.2657745187041781}. Best is trial 212 with value: 0.2844979555868521.
checkpoint_e32 window_influence: 0.35488012241772904, penalty_k: 0.06432360207029110, scale_lr: 0.74571390932613857, EAO: 0.272
Trial 881 finished with value: 0.27210743373971646 and parameters: {'window_influence': 0.35488012241772904, 'penalty_k': 0.0643236020702911, 'scale_lr': 0.7457139093261386}. Best is trial 212 with value: 0.2844979555868521.
checkpoint_e32 window_influence: 0.22189723132691699, penalty_k: 0.11103591883809780, scale_lr: 0.12118093641231371, EAO: 0.258
Trial 882 finished with value: 0.25769103106444446 and parameters: {'window_influence': 0.221897231326917, 'penalty_k': 0.1110359188380978, 'scale_lr': 0.12118093641231371}. Best is trial 212 with value: 0.2844979555868521.
checkpoint_e32 window_influence: 0.32415692172313382, penalty_k: 0.23688908885439486, scale_lr: 0.32327844309016779, EAO: 0.267
Trial 883 finished with value: 0.26674261289398843 and parameters: {'window_influence': 0.3241569217231338, 'penalty_k': 0.23688908885439486, 'scale_lr': 0.3232784430901678}. Best is trial 212 with value: 0.2844979555868521.
checkpoint_e32 window_influence: 0.40431148036109871, penalty_k: 0.07653686221348316, scale_lr: 0.58728664343512826, EAO: 0.259
Trial 884 finished with value: 0.2587106087949218 and parameters: {'window_influence': 0.4043114803610987, 'penalty_k': 0.07653686221348316, 'scale_lr': 0.5872866434351283}. Best is trial 212 with value: 0.2844979555868521.
checkpoint_e32 window_influence: 0.38100988024393906, penalty_k: 0.16640427017222748, scale_lr: 0.46761271151854722, EAO: 0.261
Trial 885 finished with value: 0.2611924558877945 and parameters: {'window_influence': 0.38100988024393906, 'penalty_k': 0.16640427017222748, 'scale_lr': 0.4676127115185472}. Best is trial 212 with value: 0.2844979555868521.
checkpoint_e32 window_influence: 0.30089611723168236, penalty_k: 0.42729833191711436, scale_lr: 0.49948885007377564, EAO: 0.269
Trial 886 finished with value: 0.2694133043410332 and parameters: {'window_influence': 0.30089611723168236, 'penalty_k': 0.42729833191711436, 'scale_lr': 0.49948885007377564}. Best is trial 212 with value: 0.2844979555868521.
checkpoint_e32 window_influence: 0.29022429849725850, penalty_k: 0.12403604474960339, scale_lr: 0.45419006119106564, EAO: 0.265
Trial 887 finished with value: 0.26527662326892215 and parameters: {'window_influence': 0.2902242984972585, 'penalty_k': 0.12403604474960339, 'scale_lr': 0.45419006119106564}. Best is trial 212 with value: 0.2844979555868521.
checkpoint_e32 window_influence: 0.33471344254980956, penalty_k: 0.28139314104443569, scale_lr: 0.19388890086711741, EAO: 0.255
Trial 888 finished with value: 0.2550281993136173 and parameters: {'window_influence': 0.33471344254980956, 'penalty_k': 0.2813931410444357, 'scale_lr': 0.1938889008671174}. Best is trial 212 with value: 0.2844979555868521.
checkpoint_e32 window_influence: 0.31457225863680405, penalty_k: 0.02729215148451180, scale_lr: 0.10001069952088587, EAO: 0.280
Trial 889 finished with value: 0.2795188110170326 and parameters: {'window_influence': 0.31457225863680405, 'penalty_k': 0.0272921514845118, 'scale_lr': 0.10001069952088587}. Best is trial 212 with value: 0.2844979555868521.
checkpoint_e32 window_influence: 0.32186192605696023, penalty_k: 0.08907363118480256, scale_lr: 0.11314977998438085, EAO: 0.277
Trial 890 finished with value: 0.2769816520858586 and parameters: {'window_influence': 0.32186192605696023, 'penalty_k': 0.08907363118480256, 'scale_lr': 0.11314977998438085}. Best is trial 212 with value: 0.2844979555868521.
checkpoint_e32 window_influence: 0.61662237754298976, penalty_k: 0.56058610444286427, scale_lr: 0.11197485902331954, EAO: 0.210
Trial 891 finished with value: 0.21004869001425377 and parameters: {'window_influence': 0.6166223775429898, 'penalty_k': 0.5605861044428643, 'scale_lr': 0.11197485902331954}. Best is trial 212 with value: 0.2844979555868521.
checkpoint_e32 window_influence: 0.33936550227869988, penalty_k: 0.05077959444322143, scale_lr: 0.12551891939408150, EAO: 0.276
Trial 892 finished with value: 0.2758628860479448 and parameters: {'window_influence': 0.3393655022786999, 'penalty_k': 0.05077959444322143, 'scale_lr': 0.1255189193940815}. Best is trial 212 with value: 0.2844979555868521.
checkpoint_e32 window_influence: 0.31288307608637722, penalty_k: 0.45815643635746151, scale_lr: 0.14756533271788330, EAO: 0.242
Trial 893 finished with value: 0.24228742397655317 and parameters: {'window_influence': 0.3128830760863772, 'penalty_k': 0.4581564363574615, 'scale_lr': 0.1475653327178833}. Best is trial 212 with value: 0.2844979555868521.
checkpoint_e32 window_influence: 0.32862356561652489, penalty_k: 0.15542121740680120, scale_lr: 0.10204457960925943, EAO: 0.280
Trial 894 finished with value: 0.28026144067204095 and parameters: {'window_influence': 0.3286235656165249, 'penalty_k': 0.1554212174068012, 'scale_lr': 0.10204457960925943}. Best is trial 212 with value: 0.2844979555868521.
checkpoint_e32 window_influence: 0.35223925542529361, penalty_k: 0.22372421881995158, scale_lr: 0.10099564103017372, EAO: 0.268
Trial 895 finished with value: 0.26802265728876845 and parameters: {'window_influence': 0.3522392554252936, 'penalty_k': 0.22372421881995158, 'scale_lr': 0.10099564103017372}. Best is trial 212 with value: 0.2844979555868521.
checkpoint_e32 window_influence: 0.33041461046656517, penalty_k: 0.17520818477555550, scale_lr: 0.64146118215321790, EAO: 0.267
Trial 896 finished with value: 0.26735660270219896 and parameters: {'window_influence': 0.3304146104665652, 'penalty_k': 0.1752081847755555, 'scale_lr': 0.6414611821532179}. Best is trial 212 with value: 0.2844979555868521.
checkpoint_e32 window_influence: 0.34803699051518144, penalty_k: 0.06681781810625727, scale_lr: 0.10003932781328394, EAO: 0.276
Trial 897 finished with value: 0.2764567286987615 and parameters: {'window_influence': 0.34803699051518144, 'penalty_k': 0.06681781810625727, 'scale_lr': 0.10003932781328394}. Best is trial 212 with value: 0.2844979555868521.
checkpoint_e32 window_influence: 0.36040462581095400, penalty_k: 0.13477730160392848, scale_lr: 0.55541786206306099, EAO: 0.261
Trial 898 finished with value: 0.26067547409272773 and parameters: {'window_influence': 0.360404625810954, 'penalty_k': 0.13477730160392848, 'scale_lr': 0.555417862063061}. Best is trial 212 with value: 0.2844979555868521.
checkpoint_e32 window_influence: 0.33031478818880472, penalty_k: 0.15898591699256073, scale_lr: 0.57154701010686204, EAO: 0.268
Trial 899 finished with value: 0.2681441284049817 and parameters: {'window_influence': 0.3303147881888047, 'penalty_k': 0.15898591699256073, 'scale_lr': 0.571547010106862}. Best is trial 212 with value: 0.2844979555868521.
checkpoint_e32 window_influence: 0.33943632470482338, penalty_k: 0.15135976918793023, scale_lr: 0.62701388201991148, EAO: 0.273
Trial 900 finished with value: 0.2725393000414701 and parameters: {'window_influence': 0.3394363247048234, 'penalty_k': 0.15135976918793023, 'scale_lr': 0.6270138820199115}. Best is trial 212 with value: 0.2844979555868521.
checkpoint_e32 window_influence: 0.32162715909131340, penalty_k: 0.25658952725450207, scale_lr: 0.67058453615126301, EAO: 0.263
Trial 901 finished with value: 0.26280074669578213 and parameters: {'window_influence': 0.3216271590913134, 'penalty_k': 0.25658952725450207, 'scale_lr': 0.670584536151263}. Best is trial 212 with value: 0.2844979555868521.
checkpoint_e32 window_influence: 0.52384846072090308, penalty_k: 0.07624425681285610, scale_lr: 0.11563000774449547, EAO: 0.254
Trial 902 finished with value: 0.253972558652967 and parameters: {'window_influence': 0.5238484607209031, 'penalty_k': 0.0762442568128561, 'scale_lr': 0.11563000774449547}. Best is trial 212 with value: 0.2844979555868521.
checkpoint_e32 window_influence: 0.38597882087362290, penalty_k: 0.14280937665799609, scale_lr: 0.10016288419908993, EAO: 0.286
Trial 903 finished with value: 0.2855624982981178 and parameters: {'window_influence': 0.3859788208736229, 'penalty_k': 0.1428093766579961, 'scale_lr': 0.10016288419908993}. Best is trial 903 with value: 0.2855624982981178.
checkpoint_e32 window_influence: 0.09950681745491385, penalty_k: 0.18617530808157162, scale_lr: 0.59854379947987402, EAO: 0.240
Trial 904 finished with value: 0.23966287143104445 and parameters: {'window_influence': 0.09950681745491385, 'penalty_k': 0.18617530808157162, 'scale_lr': 0.598543799479874}. Best is trial 903 with value: 0.2855624982981178.
checkpoint_e32 window_influence: 0.38434675166817450, penalty_k: 0.14372773695251642, scale_lr: 0.10170910960001235, EAO: 0.275
Trial 905 finished with value: 0.2750843587687345 and parameters: {'window_influence': 0.3843467516681745, 'penalty_k': 0.14372773695251642, 'scale_lr': 0.10170910960001235}. Best is trial 903 with value: 0.2855624982981178.
checkpoint_e32 window_influence: 0.39955503559376204, penalty_k: 0.15918376547488391, scale_lr: 0.65429868308303707, EAO: 0.273
Trial 906 finished with value: 0.2728340704508913 and parameters: {'window_influence': 0.39955503559376204, 'penalty_k': 0.15918376547488391, 'scale_lr': 0.6542986830830371}. Best is trial 903 with value: 0.2855624982981178.
checkpoint_e32 window_influence: 0.40885047489974580, penalty_k: 0.14141662775233316, scale_lr: 0.61384640751036323, EAO: 0.270
Trial 907 finished with value: 0.26995791664453056 and parameters: {'window_influence': 0.4088504748997458, 'penalty_k': 0.14141662775233316, 'scale_lr': 0.6138464075103632}. Best is trial 903 with value: 0.2855624982981178.
checkpoint_e32 window_influence: 0.38864852109591475, penalty_k: 0.17166366338327438, scale_lr: 0.10036118224675229, EAO: 0.280
Trial 908 finished with value: 0.2800876450974767 and parameters: {'window_influence': 0.38864852109591475, 'penalty_k': 0.17166366338327438, 'scale_lr': 0.10036118224675229}. Best is trial 903 with value: 0.2855624982981178.
checkpoint_e32 window_influence: 0.58771025850898639, penalty_k: 0.16796452148312344, scale_lr: 0.10055559964234850, EAO: 0.244
Trial 909 finished with value: 0.24380531252884283 and parameters: {'window_influence': 0.5877102585089864, 'penalty_k': 0.16796452148312344, 'scale_lr': 0.1005555996423485}. Best is trial 903 with value: 0.2855624982981178.
checkpoint_e32 window_influence: 0.36947989594904540, penalty_k: 0.20868310652862301, scale_lr: 0.11591373553081998, EAO: 0.268
Trial 910 finished with value: 0.2677680883950334 and parameters: {'window_influence': 0.3694798959490454, 'penalty_k': 0.208683106528623, 'scale_lr': 0.11591373553081998}. Best is trial 903 with value: 0.2855624982981178.
checkpoint_e32 window_influence: 0.37909944830966225, penalty_k: 0.15086105796201163, scale_lr: 0.10041562184909272, EAO: 0.277
Trial 911 finished with value: 0.27699458017581846 and parameters: {'window_influence': 0.37909944830966225, 'penalty_k': 0.15086105796201163, 'scale_lr': 0.10041562184909272}. Best is trial 903 with value: 0.2855624982981178.
checkpoint_e32 window_influence: 0.38869025474947011, penalty_k: 0.15120296770919253, scale_lr: 0.12472691527340717, EAO: 0.278
Trial 912 finished with value: 0.2778004376990039 and parameters: {'window_influence': 0.3886902547494701, 'penalty_k': 0.15120296770919253, 'scale_lr': 0.12472691527340717}. Best is trial 903 with value: 0.2855624982981178.
checkpoint_e32 window_influence: 0.36333500045744133, penalty_k: 0.17185114033435428, scale_lr: 0.11459820233390786, EAO: 0.277
Trial 913 finished with value: 0.2771670490624459 and parameters: {'window_influence': 0.3633350004574413, 'penalty_k': 0.17185114033435428, 'scale_lr': 0.11459820233390786}. Best is trial 903 with value: 0.2855624982981178.
checkpoint_e32 window_influence: 0.61109009953710491, penalty_k: 0.18269716403703709, scale_lr: 0.13126419495279143, EAO: 0.222
Trial 914 finished with value: 0.22245984772841135 and parameters: {'window_influence': 0.6110900995371049, 'penalty_k': 0.1826971640370371, 'scale_lr': 0.13126419495279143}. Best is trial 903 with value: 0.2855624982981178.
checkpoint_e32 window_influence: 0.40080594477115561, penalty_k: 0.54831224128229528, scale_lr: 0.11191629408379229, EAO: 0.241
Trial 915 finished with value: 0.2414748434855686 and parameters: {'window_influence': 0.4008059447711556, 'penalty_k': 0.5483122412822953, 'scale_lr': 0.11191629408379229}. Best is trial 903 with value: 0.2855624982981178.
checkpoint_e32 window_influence: 0.38017259911675472, penalty_k: 0.13528317774736773, scale_lr: 0.12519560758628789, EAO: 0.283
Trial 916 finished with value: 0.2834560240550739 and parameters: {'window_influence': 0.3801725991167547, 'penalty_k': 0.13528317774736773, 'scale_lr': 0.1251956075862879}. Best is trial 903 with value: 0.2855624982981178.
checkpoint_e32 window_influence: 0.37243856905336459, penalty_k: 0.13449181750263631, scale_lr: 0.13535539271114080, EAO: 0.268
Trial 917 finished with value: 0.26793245510841773 and parameters: {'window_influence': 0.3724385690533646, 'penalty_k': 0.1344918175026363, 'scale_lr': 0.1353553927111408}. Best is trial 903 with value: 0.2855624982981178.
checkpoint_e32 window_influence: 0.38759436881517673, penalty_k: 0.13740321505131964, scale_lr: 0.14841056430651087, EAO: 0.269
Trial 918 finished with value: 0.2689109086021175 and parameters: {'window_influence': 0.3875943688151767, 'penalty_k': 0.13740321505131964, 'scale_lr': 0.14841056430651087}. Best is trial 903 with value: 0.2855624982981178.
checkpoint_e32 window_influence: 0.39100025853645820, penalty_k: 0.19542708885910220, scale_lr: 0.21624496075766034, EAO: 0.265
Trial 919 finished with value: 0.2653760711957769 and parameters: {'window_influence': 0.3910002585364582, 'penalty_k': 0.1954270888591022, 'scale_lr': 0.21624496075766034}. Best is trial 903 with value: 0.2855624982981178.
checkpoint_e32 window_influence: 0.38261193296107054, penalty_k: 0.58673578900618162, scale_lr: 0.24409546401139698, EAO: 0.254
