Trial 278 finished with value: 0.31788364313687795 and parameters: {'window_influence': 0.45642337127915455, 'penalty_k': 0.40129143631595016, 'scale_lr': 0.7942309406159935}. Best is trial 277 with value: 0.33762729968078403.
checkpoint_e18 window_influence: 0.47335628370360550, penalty_k: 0.42698168845339540, scale_lr: 0.77869463816710560, EAO: 0.299
Trial 279 finished with value: 0.29927573071843455 and parameters: {'window_influence': 0.4733562837036055, 'penalty_k': 0.4269816884533954, 'scale_lr': 0.7786946381671056}. Best is trial 277 with value: 0.33762729968078403.
checkpoint_e18 window_influence: 0.41781699645866333, penalty_k: 0.02275873558352490, scale_lr: 0.36436808204877846, EAO: 0.316
Trial 132 finished with value: 0.3160552087345012 and parameters: {'window_influence': 0.4178169964586633, 'penalty_k': 0.022758735583524897, 'scale_lr': 0.36436808204877846}. Best is trial 31 with value: 0.34328013252655354.
checkpoint_e18 window_influence: 0.53705224671608387, penalty_k: 0.44579656595981221, scale_lr: 0.76676691546607978, EAO: 0.292
Trial 280 finished with value: 0.29228449493994507 and parameters: {'window_influence': 0.5370522467160839, 'penalty_k': 0.4457965659598122, 'scale_lr': 0.7667669154660798}. Best is trial 277 with value: 0.33762729968078403.
checkpoint_e18 window_influence: 0.39169288393866697, penalty_k: 0.38522824601729228, scale_lr: 0.79781458010281270, EAO: 0.297
Trial 281 finished with value: 0.2968603023527197 and parameters: {'window_influence': 0.39169288393866697, 'penalty_k': 0.3852282460172923, 'scale_lr': 0.7978145801028127}. Best is trial 277 with value: 0.33762729968078403.
checkpoint_e18 window_influence: 0.40792390422596070, penalty_k: 0.00088874239985677, scale_lr: 0.38563264441946282, EAO: 0.314
Trial 133 finished with value: 0.31429508624141783 and parameters: {'window_influence': 0.4079239042259607, 'penalty_k': 0.0008887423998567706, 'scale_lr': 0.3856326444194628}. Best is trial 31 with value: 0.34328013252655354.
checkpoint_e18 window_influence: 0.48767339625592443, penalty_k: 0.37304094799236232, scale_lr: 0.67733132766209114, EAO: 0.312
Trial 282 finished with value: 0.3117062902288214 and parameters: {'window_influence': 0.48767339625592443, 'penalty_k': 0.3730409479923623, 'scale_lr': 0.6773313276620911}. Best is trial 277 with value: 0.33762729968078403.
checkpoint_e18 window_influence: 0.42323286815621652, penalty_k: 0.40983038237380381, scale_lr: 0.78044122610466904, EAO: 0.315
Trial 283 finished with value: 0.315012924576084 and parameters: {'window_influence': 0.4232328681562165, 'penalty_k': 0.4098303823738038, 'scale_lr': 0.780441226104669}. Best is trial 277 with value: 0.33762729968078403.
checkpoint_e18 window_influence: 0.37693905739311800, penalty_k: 0.03758628724039628, scale_lr: 0.40112054441224615, EAO: 0.307
Trial 134 finished with value: 0.3074787319982098 and parameters: {'window_influence': 0.376939057393118, 'penalty_k': 0.037586287240396275, 'scale_lr': 0.40112054441224615}. Best is trial 31 with value: 0.34328013252655354.
checkpoint_e18 window_influence: 0.05435419599775609, penalty_k: 0.49486716981349865, scale_lr: 0.75922473912138344, EAO: 0.239
Trial 284 finished with value: 0.23858722905240634 and parameters: {'window_influence': 0.054354195997756094, 'penalty_k': 0.49486716981349865, 'scale_lr': 0.7592247391213834}. Best is trial 277 with value: 0.33762729968078403.
checkpoint_e18 window_influence: 0.40826089426505802, penalty_k: 0.32955399330483603, scale_lr: 0.66306621509271180, EAO: 0.309
Trial 285 finished with value: 0.3087328769237615 and parameters: {'window_influence': 0.408260894265058, 'penalty_k': 0.32955399330483603, 'scale_lr': 0.6630662150927118}. Best is trial 277 with value: 0.33762729968078403.
checkpoint_e18 window_influence: 0.44077072867410100, penalty_k: 0.05604130493052394, scale_lr: 0.44046968657511421, EAO: 0.327
Trial 135 finished with value: 0.32713519947074265 and parameters: {'window_influence': 0.440770728674101, 'penalty_k': 0.056041304930523936, 'scale_lr': 0.4404696865751142}. Best is trial 31 with value: 0.34328013252655354.
checkpoint_e18 window_influence: 0.45653938919933557, penalty_k: 0.43135581717310290, scale_lr: 0.58001252644824075, EAO: 0.298
Trial 286 finished with value: 0.2980035449512274 and parameters: {'window_influence': 0.45653938919933557, 'penalty_k': 0.4313558171731029, 'scale_lr': 0.5800125264482408}. Best is trial 277 with value: 0.33762729968078403.
checkpoint_e18 window_influence: 0.43013500516236308, penalty_k: 0.45442697726925041, scale_lr: 0.74534742002028553, EAO: 0.293
Trial 287 finished with value: 0.29314611933342677 and parameters: {'window_influence': 0.4301350051623631, 'penalty_k': 0.4544269772692504, 'scale_lr': 0.7453474200202855}. Best is trial 277 with value: 0.33762729968078403.
checkpoint_e18 window_influence: 0.40889275443652012, penalty_k: 0.01624592284755619, scale_lr: 0.34384790055207076, EAO: 0.316
Trial 136 finished with value: 0.3164254803253983 and parameters: {'window_influence': 0.4088927544365201, 'penalty_k': 0.016245922847556188, 'scale_lr': 0.34384790055207076}. Best is trial 31 with value: 0.34328013252655354.
checkpoint_e18 window_influence: 0.51431316223774293, penalty_k: 0.58607097674631392, scale_lr: 0.57331141501068583, EAO: 0.287
Trial 288 finished with value: 0.28651573888754567 and parameters: {'window_influence': 0.5143131622377429, 'penalty_k': 0.5860709767463139, 'scale_lr': 0.5733114150106858}. Best is trial 277 with value: 0.33762729968078403.
checkpoint_e18 window_influence: 0.46638015709991260, penalty_k: 0.39936066717716207, scale_lr: 0.63986863577861808, EAO: 0.316
Trial 289 finished with value: 0.3163329401716648 and parameters: {'window_influence': 0.4663801570999126, 'penalty_k': 0.39936066717716207, 'scale_lr': 0.6398686357786181}. Best is trial 277 with value: 0.33762729968078403.
checkpoint_e18 window_influence: 0.30727532012939296, penalty_k: 0.35740095091873231, scale_lr: 0.77350855651352635, EAO: 0.301
Trial 290 finished with value: 0.301456331510952 and parameters: {'window_influence': 0.30727532012939296, 'penalty_k': 0.3574009509187323, 'scale_lr': 0.7735085565135263}. Best is trial 277 with value: 0.33762729968078403.
checkpoint_e18 window_influence: 0.39325741405560627, penalty_k: 0.07866719462477648, scale_lr: 0.35707353456787438, EAO: 0.307
Trial 137 finished with value: 0.30746222110573884 and parameters: {'window_influence': 0.39325741405560627, 'penalty_k': 0.07866719462477648, 'scale_lr': 0.3570735345678744}. Best is trial 31 with value: 0.34328013252655354.
checkpoint_e18 window_influence: 0.26074368184770502, penalty_k: 0.51639495230921229, scale_lr: 0.55678703711773114, EAO: 0.282
Trial 291 finished with value: 0.28220311288471817 and parameters: {'window_influence': 0.260743681847705, 'penalty_k': 0.5163949523092123, 'scale_lr': 0.5567870371177311}. Best is trial 277 with value: 0.33762729968078403.
checkpoint_e18 window_influence: 0.44386590571639017, penalty_k: 0.47812583426683786, scale_lr: 0.53838812181226148, EAO: 0.310
Trial 292 finished with value: 0.309806343008572 and parameters: {'window_influence': 0.4438659057163902, 'penalty_k': 0.47812583426683786, 'scale_lr': 0.5383881218122615}. Best is trial 277 with value: 0.33762729968078403.
checkpoint_e18 window_influence: 0.33593359607603362, penalty_k: 0.04819243891537617, scale_lr: 0.42514399372092054, EAO: 0.319
Trial 138 finished with value: 0.3187333820858818 and parameters: {'window_influence': 0.3359335960760336, 'penalty_k': 0.04819243891537617, 'scale_lr': 0.42514399372092054}. Best is trial 31 with value: 0.34328013252655354.
checkpoint_e18 window_influence: 0.41835991027665537, penalty_k: 0.41899995200221191, scale_lr: 0.76113953522833233, EAO: 0.321
Trial 293 finished with value: 0.32137861076727914 and parameters: {'window_influence': 0.41835991027665537, 'penalty_k': 0.4189999520022119, 'scale_lr': 0.7611395352283323}. Best is trial 277 with value: 0.33762729968078403.
checkpoint_e18 window_influence: 0.40297491856670070, penalty_k: 0.43888385971300042, scale_lr: 0.78580932418872684, EAO: 0.296
Trial 294 finished with value: 0.2959218385270597 and parameters: {'window_influence': 0.4029749185667007, 'penalty_k': 0.4388838597130004, 'scale_lr': 0.7858093241887268}. Best is trial 277 with value: 0.33762729968078403.
checkpoint_e18 window_influence: 0.35648252502138605, penalty_k: 0.16173517112329516, scale_lr: 0.38230362508649440, EAO: 0.316
Trial 139 finished with value: 0.3160657146329546 and parameters: {'window_influence': 0.35648252502138605, 'penalty_k': 0.16173517112329516, 'scale_lr': 0.3823036250864944}. Best is trial 31 with value: 0.34328013252655354.
checkpoint_e18 window_influence: 0.38893442581615406, penalty_k: 0.38998224724942754, scale_lr: 0.73803735584695440, EAO: 0.303
Trial 295 finished with value: 0.3032059249131132 and parameters: {'window_influence': 0.38893442581615406, 'penalty_k': 0.38998224724942754, 'scale_lr': 0.7380373558469544}. Best is trial 277 with value: 0.33762729968078403.
checkpoint_e18 window_influence: 0.45088255878552413, penalty_k: 0.46085267632333404, scale_lr: 0.77062910283852704, EAO: 0.325
Trial 296 finished with value: 0.3246118281949819 and parameters: {'window_influence': 0.45088255878552413, 'penalty_k': 0.46085267632333404, 'scale_lr': 0.770629102838527}. Best is trial 277 with value: 0.33762729968078403.
checkpoint_e18 window_influence: 0.36753860017065365, penalty_k: 0.02811696244305231, scale_lr: 0.41102082128731932, EAO: 0.324
Trial 140 finished with value: 0.323898751564063 and parameters: {'window_influence': 0.36753860017065365, 'penalty_k': 0.028116962443052305, 'scale_lr': 0.4110208212873193}. Best is trial 31 with value: 0.34328013252655354.
checkpoint_e18 window_influence: 0.43932085730421411, penalty_k: 0.45422829311074947, scale_lr: 0.60208534082596421, EAO: 0.297
Trial 297 finished with value: 0.297266717376876 and parameters: {'window_influence': 0.4393208573042141, 'penalty_k': 0.45422829311074947, 'scale_lr': 0.6020853408259642}. Best is trial 277 with value: 0.33762729968078403.
checkpoint_e18 window_influence: 0.42590848527969272, penalty_k: 0.42063765297399530, scale_lr: 0.45852100537687340, EAO: 0.318
Trial 298 finished with value: 0.3181331612836526 and parameters: {'window_influence': 0.4259084852796927, 'penalty_k': 0.4206376529739953, 'scale_lr': 0.4585210053768734}. Best is trial 277 with value: 0.33762729968078403.
checkpoint_e18 window_influence: 0.45385938625866645, penalty_k: 0.06671029730330054, scale_lr: 0.31718643330242902, EAO: 0.306
Trial 141 finished with value: 0.3059377157154714 and parameters: {'window_influence': 0.45385938625866645, 'penalty_k': 0.06671029730330054, 'scale_lr': 0.317186433302429}. Best is trial 31 with value: 0.34328013252655354.
checkpoint_e18 window_influence: 0.45029111888483286, penalty_k: 0.57291113941088789, scale_lr: 0.79982648885983310, EAO: 0.300
Trial 299 finished with value: 0.3004056182236987 and parameters: {'window_influence': 0.45029111888483286, 'penalty_k': 0.5729111394108879, 'scale_lr': 0.7998264888598331}. Best is trial 277 with value: 0.33762729968078403.
checkpoint_e18 window_influence: 0.41007041459759630, penalty_k: 0.37590649879974636, scale_lr: 0.59511923189626692, EAO: 0.289
Trial 300 finished with value: 0.289080228091214 and parameters: {'window_influence': 0.4100704145975963, 'penalty_k': 0.37590649879974636, 'scale_lr': 0.5951192318962669}. Best is trial 277 with value: 0.33762729968078403.
checkpoint_e18 window_influence: 0.40904489693636037, penalty_k: 0.05784641637696533, scale_lr: 0.33358607993096862, EAO: 0.301
Trial 142 finished with value: 0.3011878607685928 and parameters: {'window_influence': 0.40904489693636037, 'penalty_k': 0.05784641637696533, 'scale_lr': 0.3335860799309686}. Best is trial 31 with value: 0.34328013252655354.
checkpoint_e18 window_influence: 0.48592511524144993, penalty_k: 0.40410668584641785, scale_lr: 0.75491988493831963, EAO: 0.313
Trial 301 finished with value: 0.3126503743434231 and parameters: {'window_influence': 0.48592511524144993, 'penalty_k': 0.40410668584641785, 'scale_lr': 0.7549198849383196}. Best is trial 277 with value: 0.33762729968078403.
checkpoint_e18 window_influence: 0.43527867613776472, penalty_k: 0.43543856990431157, scale_lr: 0.77532053420131886, EAO: 0.316
Trial 302 finished with value: 0.31588675568771735 and parameters: {'window_influence': 0.4352786761377647, 'penalty_k': 0.43543856990431157, 'scale_lr': 0.7753205342013189}. Best is trial 277 with value: 0.33762729968078403.
checkpoint_e18 window_influence: 0.38648903152367253, penalty_k: 0.17590049686447309, scale_lr: 0.35712495436482605, EAO: 0.299
Trial 143 finished with value: 0.2994537292055583 and parameters: {'window_influence': 0.38648903152367253, 'penalty_k': 0.1759004968644731, 'scale_lr': 0.35712495436482605}. Best is trial 31 with value: 0.34328013252655354.
checkpoint_e18 window_influence: 0.46818043565205081, penalty_k: 0.44658516874187110, scale_lr: 0.74470100477143264, EAO: 0.319
Trial 303 finished with value: 0.3188177643467016 and parameters: {'window_influence': 0.4681804356520508, 'penalty_k': 0.4465851687418711, 'scale_lr': 0.7447010047714326}. Best is trial 277 with value: 0.33762729968078403.
checkpoint_e18 window_influence: 0.37716621949431034, penalty_k: 0.46457489117103812, scale_lr: 0.71127937693392573, EAO: 0.295
Trial 304 finished with value: 0.2947683613819835 and parameters: {'window_influence': 0.37716621949431034, 'penalty_k': 0.4645748911710381, 'scale_lr': 0.7112793769339257}. Best is trial 277 with value: 0.33762729968078403.
checkpoint_e18 window_influence: 0.46518465513082663, penalty_k: 0.01441586691649946, scale_lr: 0.37749518253669562, EAO: 0.333
Trial 144 finished with value: 0.3332586061165954 and parameters: {'window_influence': 0.46518465513082663, 'penalty_k': 0.014415866916499463, 'scale_lr': 0.3774951825366956}. Best is trial 31 with value: 0.34328013252655354.
checkpoint_e18 window_influence: 0.50059802604518244, penalty_k: 0.42375453171690808, scale_lr: 0.78330641385054167, EAO: 0.308
Trial 305 finished with value: 0.30826002550728127 and parameters: {'window_influence': 0.5005980260451824, 'penalty_k': 0.4237545317169081, 'scale_lr': 0.7833064138505417}. Best is trial 277 with value: 0.33762729968078403.
checkpoint_e18 window_influence: 0.42101266855929220, penalty_k: 0.34095315475109034, scale_lr: 0.48953085408025798, EAO: 0.290
Trial 306 finished with value: 0.289854882118303 and parameters: {'window_influence': 0.4210126685592922, 'penalty_k': 0.34095315475109034, 'scale_lr': 0.489530854080258}. Best is trial 277 with value: 0.33762729968078403.
checkpoint_e18 window_influence: 0.43213328628367581, penalty_k: 0.01222090295955612, scale_lr: 0.37405377222739306, EAO: 0.332
Trial 145 finished with value: 0.33178348242076916 and parameters: {'window_influence': 0.4321332862836758, 'penalty_k': 0.012220902959556116, 'scale_lr': 0.37405377222739306}. Best is trial 31 with value: 0.34328013252655354.
checkpoint_e18 window_influence: 0.39577593883773726, penalty_k: 0.24479161469689864, scale_lr: 0.76807487175861833, EAO: 0.314
Trial 307 finished with value: 0.31413086611009294 and parameters: {'window_influence': 0.39577593883773726, 'penalty_k': 0.24479161469689864, 'scale_lr': 0.7680748717586183}. Best is trial 277 with value: 0.33762729968078403.
checkpoint_e18 window_influence: 0.44992285081551120, penalty_k: 0.40822697093581528, scale_lr: 0.75835945009477113, EAO: 0.318
Trial 308 finished with value: 0.3180284020617778 and parameters: {'window_influence': 0.4499228508155112, 'penalty_k': 0.4082269709358153, 'scale_lr': 0.7583594500947711}. Best is trial 277 with value: 0.33762729968078403.
checkpoint_e18 window_influence: 0.44220057749059410, penalty_k: 0.00881750288090803, scale_lr: 0.39650813131190527, EAO: 0.343
Trial 146 finished with value: 0.3431218061233773 and parameters: {'window_influence': 0.4422005774905941, 'penalty_k': 0.008817502880908032, 'scale_lr': 0.39650813131190527}. Best is trial 31 with value: 0.34328013252655354.
checkpoint_e18 window_influence: 0.42906672377282823, penalty_k: 0.53554339186364319, scale_lr: 0.65477492891654032, EAO: 0.314
Trial 309 finished with value: 0.3138864677587836 and parameters: {'window_influence': 0.42906672377282823, 'penalty_k': 0.5355433918636432, 'scale_lr': 0.6547749289165403}. Best is trial 277 with value: 0.33762729968078403.
checkpoint_e18 window_influence: 0.41156216916304922, penalty_k: 0.39079621998660119, scale_lr: 0.61225683064091607, EAO: 0.311
Trial 310 finished with value: 0.3107417872907587 and parameters: {'window_influence': 0.4115621691630492, 'penalty_k': 0.3907962199866012, 'scale_lr': 0.6122568306409161}. Best is trial 277 with value: 0.33762729968078403.
checkpoint_e18 window_influence: 0.42848095239440420, penalty_k: 0.00103185057179227, scale_lr: 0.39665003054713832, EAO: 0.345
Trial 147 finished with value: 0.3450871682816442 and parameters: {'window_influence': 0.4284809523944042, 'penalty_k': 0.0010318505717922671, 'scale_lr': 0.3966500305471383}. Best is trial 147 with value: 0.3450871682816442.
checkpoint_e18 window_influence: 0.47772288801939311, penalty_k: 0.41459670953416439, scale_lr: 0.73222559381307650, EAO: 0.317
Trial 311 finished with value: 0.31703026470971013 and parameters: {'window_influence': 0.4777228880193931, 'penalty_k': 0.4145967095341644, 'scale_lr': 0.7322255938130765}. Best is trial 277 with value: 0.33762729968078403.
checkpoint_e18 window_influence: 0.43748102299502212, penalty_k: 0.55079558683431828, scale_lr: 0.78843635344667806, EAO: 0.305
Trial 312 finished with value: 0.3048285795556896 and parameters: {'window_influence': 0.4374810229950221, 'penalty_k': 0.5507955868343183, 'scale_lr': 0.7884363534466781}. Best is trial 277 with value: 0.33762729968078403.
checkpoint_e18 window_influence: 0.46323907461524683, penalty_k: 0.36625644242156824, scale_lr: 0.46735295463584420, EAO: 0.311
Trial 313 finished with value: 0.311083376987435 and parameters: {'window_influence': 0.4632390746152468, 'penalty_k': 0.36625644242156824, 'scale_lr': 0.4673529546358442}. Best is trial 277 with value: 0.33762729968078403.
checkpoint_e18 window_influence: 0.43810406260142770, penalty_k: 0.00741068312368947, scale_lr: 0.40296360513844454, EAO: 0.318
Trial 148 finished with value: 0.3178174231882689 and parameters: {'window_influence': 0.4381040626014277, 'penalty_k': 0.007410683123689473, 'scale_lr': 0.40296360513844454}. Best is trial 147 with value: 0.3450871682816442.
checkpoint_e18 window_influence: 0.45052694952324635, penalty_k: 0.09651253458474718, scale_lr: 0.51672916111275657, EAO: 0.339
Trial 314 finished with value: 0.3389813084778619 and parameters: {'window_influence': 0.45052694952324635, 'penalty_k': 0.09651253458474718, 'scale_lr': 0.5167291611127566}. Best is trial 314 with value: 0.3389813084778619.
checkpoint_e18 window_influence: 0.44866724477239256, penalty_k: 0.06629094611469556, scale_lr: 0.57741315919016223, EAO: 0.332
Trial 315 finished with value: 0.33211804909001064 and parameters: {'window_influence': 0.44866724477239256, 'penalty_k': 0.06629094611469556, 'scale_lr': 0.5774131591901622}. Best is trial 314 with value: 0.3389813084778619.
checkpoint_e18 window_influence: 0.46486160007822802, penalty_k: 0.00051929539742793, scale_lr: 0.42426067728672023, EAO: 0.326
Trial 149 finished with value: 0.3264825082590608 and parameters: {'window_influence': 0.464861600078228, 'penalty_k': 0.0005192953974279331, 'scale_lr': 0.42426067728672023}. Best is trial 147 with value: 0.3450871682816442.
checkpoint_e18 window_influence: 0.42030436378431718, penalty_k: 0.10113854165619571, scale_lr: 0.48272787545390095, EAO: 0.321
Trial 316 finished with value: 0.3213414363128202 and parameters: {'window_influence': 0.4203043637843172, 'penalty_k': 0.10113854165619571, 'scale_lr': 0.48272787545390095}. Best is trial 314 with value: 0.3389813084778619.
checkpoint_e18 window_influence: 0.45490112211910672, penalty_k: 0.06817391933781117, scale_lr: 0.53869223798866683, EAO: 0.334
Trial 317 finished with value: 0.33358702805719487 and parameters: {'window_influence': 0.4549011221191067, 'penalty_k': 0.06817391933781117, 'scale_lr': 0.5386922379886668}. Best is trial 314 with value: 0.3389813084778619.
checkpoint_e18 window_influence: 0.42794799954076912, penalty_k: 0.01731061284879602, scale_lr: 0.44143799620822105, EAO: 0.326
Trial 150 finished with value: 0.3256959824130693 and parameters: {'window_influence': 0.4279479995407691, 'penalty_k': 0.017310612848796023, 'scale_lr': 0.44143799620822105}. Best is trial 147 with value: 0.3450871682816442.
checkpoint_e18 window_influence: 0.45733504467703712, penalty_k: 0.08815831547494321, scale_lr: 0.50329789735442876, EAO: 0.334
Trial 318 finished with value: 0.3340541409031426 and parameters: {'window_influence': 0.4573350446770371, 'penalty_k': 0.08815831547494321, 'scale_lr': 0.5032978973544288}. Best is trial 314 with value: 0.3389813084778619.
checkpoint_e18 window_influence: 0.45735180308873247, penalty_k: 0.07331133870625997, scale_lr: 0.52054418190324292, EAO: 0.322
Trial 319 finished with value: 0.3219858469434285 and parameters: {'window_influence': 0.45735180308873247, 'penalty_k': 0.07331133870625997, 'scale_lr': 0.5205441819032429}. Best is trial 314 with value: 0.3389813084778619.
checkpoint_e18 window_influence: 0.42197013395013883, penalty_k: 0.02959751978773518, scale_lr: 0.39123876974642446, EAO: 0.316
Trial 151 finished with value: 0.31572729662234683 and parameters: {'window_influence': 0.4219701339501388, 'penalty_k': 0.02959751978773518, 'scale_lr': 0.39123876974642446}. Best is trial 147 with value: 0.3450871682816442.
checkpoint_e18 window_influence: 0.46158492718734440, penalty_k: 0.05292908726169034, scale_lr: 0.50442695826366235, EAO: 0.330
