Trial 186 finished with value: 0.31513887522053624 and parameters: {'window_influence': 0.3406052882378176, 'penalty_k': 0.05016900658066272, 'scale_lr': 0.45889859185872606}. Best is trial 65 with value: 0.36006941660832803.
checkpoint_e24 window_influence: 0.53674223976578084, penalty_k: 0.00189892023944066, scale_lr: 0.45352306053174285, EAO: 0.336
Trial 187 finished with value: 0.3359055755667186 and parameters: {'window_influence': 0.5367422397657808, 'penalty_k': 0.0018989202394406567, 'scale_lr': 0.45352306053174285}. Best is trial 65 with value: 0.36006941660832803.
checkpoint_e24 window_influence: 0.51814712456033585, penalty_k: 0.13802879604391344, scale_lr: 0.44265513678258006, EAO: 0.335
Trial 188 finished with value: 0.335228644456381 and parameters: {'window_influence': 0.5181471245603358, 'penalty_k': 0.13802879604391344, 'scale_lr': 0.44265513678258006}. Best is trial 65 with value: 0.36006941660832803.
checkpoint_e24 window_influence: 0.46551168275825577, penalty_k: 0.06500404064572836, scale_lr: 0.46888851856644614, EAO: 0.354
Trial 189 finished with value: 0.35423939817146566 and parameters: {'window_influence': 0.4655116827582558, 'penalty_k': 0.06500404064572836, 'scale_lr': 0.46888851856644614}. Best is trial 65 with value: 0.36006941660832803.
checkpoint_e24 window_influence: 0.44680484665224973, penalty_k: 0.08473434503141966, scale_lr: 0.47322793651216438, EAO: 0.338
Trial 190 finished with value: 0.33842082431808057 and parameters: {'window_influence': 0.44680484665224973, 'penalty_k': 0.08473434503141966, 'scale_lr': 0.4732279365121644}. Best is trial 65 with value: 0.36006941660832803.
checkpoint_e24 window_influence: 0.49010588406159084, penalty_k: 0.06423079185450381, scale_lr: 0.48797230481302734, EAO: 0.310
Trial 191 finished with value: 0.31001783101475194 and parameters: {'window_influence': 0.49010588406159084, 'penalty_k': 0.06423079185450381, 'scale_lr': 0.48797230481302734}. Best is trial 65 with value: 0.36006941660832803.
checkpoint_e24 window_influence: 0.47153076982430525, penalty_k: 0.03075412897350078, scale_lr: 0.42759686866920393, EAO: 0.328
Trial 192 finished with value: 0.3277756705706222 and parameters: {'window_influence': 0.47153076982430525, 'penalty_k': 0.03075412897350078, 'scale_lr': 0.42759686866920393}. Best is trial 65 with value: 0.36006941660832803.
checkpoint_e24 window_influence: 0.50717069734041853, penalty_k: 0.01872212260212776, scale_lr: 0.45952065016101939, EAO: 0.350
Trial 193 finished with value: 0.3504475699556477 and parameters: {'window_influence': 0.5071706973404185, 'penalty_k': 0.01872212260212776, 'scale_lr': 0.4595206501610194}. Best is trial 65 with value: 0.36006941660832803.
checkpoint_e24 window_influence: 0.50462452770249611, penalty_k: 0.01541347405853237, scale_lr: 0.49494765569562382, EAO: 0.337
Trial 194 finished with value: 0.33660780397834483 and parameters: {'window_influence': 0.5046245277024961, 'penalty_k': 0.015413474058532373, 'scale_lr': 0.4949476556956238}. Best is trial 65 with value: 0.36006941660832803.
checkpoint_e24 window_influence: 0.52130966594831118, penalty_k: 0.01964112971212987, scale_lr: 0.46737695779728544, EAO: 0.325
Trial 195 finished with value: 0.3245266917730584 and parameters: {'window_influence': 0.5213096659483112, 'penalty_k': 0.019641129712129866, 'scale_lr': 0.46737695779728544}. Best is trial 65 with value: 0.36006941660832803.
checkpoint_e24 window_influence: 0.46364118799779452, penalty_k: 0.15968895119358020, scale_lr: 0.45266836974143826, EAO: 0.320
Trial 196 finished with value: 0.3199777556184665 and parameters: {'window_influence': 0.4636411879977945, 'penalty_k': 0.1596889511935802, 'scale_lr': 0.45266836974143826}. Best is trial 65 with value: 0.36006941660832803.
checkpoint_e24 window_influence: 0.48705394255762408, penalty_k: 0.03506934110538829, scale_lr: 0.44038831575953619, EAO: 0.341
Trial 197 finished with value: 0.3409115622247703 and parameters: {'window_influence': 0.4870539425576241, 'penalty_k': 0.035069341105388285, 'scale_lr': 0.4403883157595362}. Best is trial 65 with value: 0.36006941660832803.
checkpoint_e24 window_influence: 0.50943847557645383, penalty_k: 0.00073588347524110, scale_lr: 0.41312060223215485, EAO: 0.330
Trial 198 finished with value: 0.32964139591163233 and parameters: {'window_influence': 0.5094384755764538, 'penalty_k': 0.0007358834752411031, 'scale_lr': 0.41312060223215485}. Best is trial 65 with value: 0.36006941660832803.
checkpoint_e24 window_influence: 0.54694105647149971, penalty_k: 0.01052053498033106, scale_lr: 0.46247220982753551, EAO: 0.310
Trial 199 finished with value: 0.31000349215496376 and parameters: {'window_influence': 0.5469410564714997, 'penalty_k': 0.01052053498033106, 'scale_lr': 0.4624722098275355}. Best is trial 65 with value: 0.36006941660832803.
checkpoint_e24 window_influence: 0.53150147542610837, penalty_k: 0.02475342821984612, scale_lr: 0.43142967220740597, EAO: 0.324
Trial 200 finished with value: 0.3237960121163134 and parameters: {'window_influence': 0.5315014754261084, 'penalty_k': 0.02475342821984612, 'scale_lr': 0.43142967220740597}. Best is trial 65 with value: 0.36006941660832803.
checkpoint_e24 window_influence: 0.49680708436224452, penalty_k: 0.04275443494310747, scale_lr: 0.41920792782250282, EAO: 0.328
Trial 201 finished with value: 0.32830270110169274 and parameters: {'window_influence': 0.4968070843622445, 'penalty_k': 0.04275443494310747, 'scale_lr': 0.4192079278225028}. Best is trial 65 with value: 0.36006941660832803.
checkpoint_e24 window_influence: 0.50158763499840109, penalty_k: 0.20537975616317050, scale_lr: 0.44746565804743554, EAO: 0.329
Trial 202 finished with value: 0.3286468387809709 and parameters: {'window_influence': 0.5015876349984011, 'penalty_k': 0.2053797561631705, 'scale_lr': 0.44746565804743554}. Best is trial 65 with value: 0.36006941660832803.
checkpoint_e24 window_influence: 0.48090264674895700, penalty_k: 0.05678163395184264, scale_lr: 0.40925601202331785, EAO: 0.322
Trial 203 finished with value: 0.3217607602651017 and parameters: {'window_influence': 0.480902646748957, 'penalty_k': 0.056781633951842644, 'scale_lr': 0.40925601202331785}. Best is trial 65 with value: 0.36006941660832803.
checkpoint_e24 window_influence: 0.51826650101977767, penalty_k: 0.07407891328491933, scale_lr: 0.47129299501002375, EAO: 0.332
Trial 204 finished with value: 0.3320446295033169 and parameters: {'window_influence': 0.5182665010197777, 'penalty_k': 0.07407891328491933, 'scale_lr': 0.47129299501002375}. Best is trial 65 with value: 0.36006941660832803.
checkpoint_e24 window_influence: 0.49165453614343485, penalty_k: 0.04716298530859347, scale_lr: 0.49902594416138529, EAO: 0.336
Trial 205 finished with value: 0.336045211275264 and parameters: {'window_influence': 0.49165453614343485, 'penalty_k': 0.04716298530859347, 'scale_lr': 0.4990259441613853}. Best is trial 65 with value: 0.36006941660832803.
checkpoint_e24 window_influence: 0.50715981292085177, penalty_k: 0.10181394548259176, scale_lr: 0.39780310324633211, EAO: 0.326
Trial 206 finished with value: 0.32567639237248014 and parameters: {'window_influence': 0.5071598129208518, 'penalty_k': 0.10181394548259176, 'scale_lr': 0.3978031032463321}. Best is trial 65 with value: 0.36006941660832803.
checkpoint_e24 window_influence: 0.45530135127520299, penalty_k: 0.02263521114348086, scale_lr: 0.43474720996032129, EAO: 0.323
Trial 207 finished with value: 0.322602985028163 and parameters: {'window_influence': 0.455301351275203, 'penalty_k': 0.02263521114348086, 'scale_lr': 0.4347472099603213}. Best is trial 65 with value: 0.36006941660832803.
checkpoint_e24 window_influence: 0.52800244918317230, penalty_k: 0.03466465057605729, scale_lr: 0.45580045187339291, EAO: 0.315
Trial 208 finished with value: 0.31498670670772805 and parameters: {'window_influence': 0.5280024491831723, 'penalty_k': 0.03466465057605729, 'scale_lr': 0.4558004518733929}. Best is trial 65 with value: 0.36006941660832803.
checkpoint_e24 window_influence: 0.48365004623858970, penalty_k: 0.00018969444109955, scale_lr: 0.41906849313923278, EAO: 0.328
Trial 209 finished with value: 0.3278595286236663 and parameters: {'window_influence': 0.4836500462385897, 'penalty_k': 0.00018969444109955338, 'scale_lr': 0.4190684931392328}. Best is trial 65 with value: 0.36006941660832803.
checkpoint_e24 window_influence: 0.51623571814552427, penalty_k: 0.06067478772105057, scale_lr: 0.40427509731379468, EAO: 0.309
Trial 210 finished with value: 0.3085279662437476 and parameters: {'window_influence': 0.5162357181455243, 'penalty_k': 0.060674787721050574, 'scale_lr': 0.4042750973137947}. Best is trial 65 with value: 0.36006941660832803.
checkpoint_e24 window_influence: 0.49850551096406492, penalty_k: 0.01583296211272990, scale_lr: 0.39379145791775277, EAO: 0.348
Trial 211 finished with value: 0.34766626543571977 and parameters: {'window_influence': 0.4985055109640649, 'penalty_k': 0.015832962112729904, 'scale_lr': 0.3937914579177528}. Best is trial 65 with value: 0.36006941660832803.
checkpoint_e24 window_influence: 0.49894009631415082, penalty_k: 0.01653323962311399, scale_lr: 0.39278365646215452, EAO: 0.329
Trial 212 finished with value: 0.32905614706560793 and parameters: {'window_influence': 0.4989400963141508, 'penalty_k': 0.01653323962311399, 'scale_lr': 0.3927836564621545}. Best is trial 65 with value: 0.36006941660832803.
checkpoint_e24 window_influence: 0.47093819244439938, penalty_k: 0.01074074244975672, scale_lr: 0.28371482623532884, EAO: 0.343
Trial 213 finished with value: 0.3434481429450707 and parameters: {'window_influence': 0.4709381924443994, 'penalty_k': 0.010740742449756717, 'scale_lr': 0.28371482623532884}. Best is trial 65 with value: 0.36006941660832803.
checkpoint_e24 window_influence: 0.50731194647344746, penalty_k: 0.03634626661094492, scale_lr: 0.42601467563831669, EAO: 0.336
Trial 214 finished with value: 0.33563815016690857 and parameters: {'window_influence': 0.5073119464734475, 'penalty_k': 0.03634626661094492, 'scale_lr': 0.4260146756383167}. Best is trial 65 with value: 0.36006941660832803.
checkpoint_e24 window_influence: 0.49100444734824794, penalty_k: 0.36356201162560153, scale_lr: 0.25530529012383318, EAO: 0.310
Trial 215 finished with value: 0.3096878424808673 and parameters: {'window_influence': 0.49100444734824794, 'penalty_k': 0.36356201162560153, 'scale_lr': 0.2553052901238332}. Best is trial 65 with value: 0.36006941660832803.
checkpoint_e24 window_influence: 0.52166351386043019, penalty_k: 0.02679562866936815, scale_lr: 0.44435487664051093, EAO: 0.319
Trial 216 finished with value: 0.3191941991042534 and parameters: {'window_influence': 0.5216635138604302, 'penalty_k': 0.026795628669368146, 'scale_lr': 0.44435487664051093}. Best is trial 65 with value: 0.36006941660832803.
checkpoint_e24 window_influence: 0.22061477920488717, penalty_k: 0.04803833345177855, scale_lr: 0.41243838917091746, EAO: 0.301
Trial 217 finished with value: 0.30055005430943305 and parameters: {'window_influence': 0.22061477920488717, 'penalty_k': 0.04803833345177855, 'scale_lr': 0.41243838917091746}. Best is trial 65 with value: 0.36006941660832803.
checkpoint_e24 window_influence: 0.53691246684852290, penalty_k: 0.50376142571753146, scale_lr: 0.39036976103093973, EAO: 0.281
Trial 218 finished with value: 0.2813684192960828 and parameters: {'window_influence': 0.5369124668485229, 'penalty_k': 0.5037614257175315, 'scale_lr': 0.39036976103093973}. Best is trial 65 with value: 0.36006941660832803.
checkpoint_e24 window_influence: 0.63180829869635424, penalty_k: 0.01064236211072807, scale_lr: 0.27514051283000707, EAO: 0.254
Trial 219 finished with value: 0.2535464874385396 and parameters: {'window_influence': 0.6318082986963542, 'penalty_k': 0.010642362110728072, 'scale_lr': 0.27514051283000707}. Best is trial 65 with value: 0.36006941660832803.
checkpoint_e24 window_influence: 0.47835394247509216, penalty_k: 0.02663495143088394, scale_lr: 0.43272425654568336, EAO: 0.321
Trial 220 finished with value: 0.3208826804671306 and parameters: {'window_influence': 0.47835394247509216, 'penalty_k': 0.026634951430883937, 'scale_lr': 0.43272425654568336}. Best is trial 65 with value: 0.36006941660832803.
checkpoint_e24 window_influence: 0.49888530715820867, penalty_k: 0.01893968891160015, scale_lr: 0.32119857830449189, EAO: 0.321
Trial 221 finished with value: 0.32077796722432517 and parameters: {'window_influence': 0.49888530715820867, 'penalty_k': 0.018939688911600146, 'scale_lr': 0.3211985783044919}. Best is trial 65 with value: 0.36006941660832803.
checkpoint_e24 window_influence: 0.51014868744835995, penalty_k: 0.01119799274027806, scale_lr: 0.37489525306766314, EAO: 0.343
Trial 222 finished with value: 0.3430553442773188 and parameters: {'window_influence': 0.51014868744836, 'penalty_k': 0.011197992740278065, 'scale_lr': 0.37489525306766314}. Best is trial 65 with value: 0.36006941660832803.
checkpoint_e24 window_influence: 0.49826700035697197, penalty_k: 0.03986929057341462, scale_lr: 0.77331024730176989, EAO: 0.320
Trial 223 finished with value: 0.3202763211402448 and parameters: {'window_influence': 0.49826700035697197, 'penalty_k': 0.039869290573414616, 'scale_lr': 0.7733102473017699}. Best is trial 65 with value: 0.36006941660832803.
checkpoint_e24 window_influence: 0.51698629497700155, penalty_k: 0.02440647709183323, scale_lr: 0.39882495273978841, EAO: 0.333
Trial 224 finished with value: 0.3333826557903438 and parameters: {'window_influence': 0.5169862949770015, 'penalty_k': 0.024406477091833228, 'scale_lr': 0.3988249527397884}. Best is trial 65 with value: 0.36006941660832803.
checkpoint_e24 window_influence: 0.39973927904351514, penalty_k: 0.00007306952552763, scale_lr: 0.33847972852294073, EAO: 0.321
Trial 225 finished with value: 0.3207379220640613 and parameters: {'window_influence': 0.39973927904351514, 'penalty_k': 7.306952552762862e-05, 'scale_lr': 0.3384797285229407}. Best is trial 65 with value: 0.36006941660832803.
checkpoint_e24 window_influence: 0.48468013571038071, penalty_k: 0.11771670124365999, scale_lr: 0.30187629493144141, EAO: 0.316
Trial 226 finished with value: 0.31649619798947864 and parameters: {'window_influence': 0.4846801357103807, 'penalty_k': 0.11771670124365999, 'scale_lr': 0.3018762949314414}. Best is trial 65 with value: 0.36006941660832803.
checkpoint_e24 window_influence: 0.52715878477998612, penalty_k: 0.05102759793030354, scale_lr: 0.48119410213483410, EAO: 0.316
Trial 227 finished with value: 0.3159242416170321 and parameters: {'window_influence': 0.5271587847799861, 'penalty_k': 0.051027597930303537, 'scale_lr': 0.4811941021348341}. Best is trial 65 with value: 0.36006941660832803.
Trial 228 failed with parameters: {'window_influence': 0.0655829332616863, 'penalty_k': 0.016665207124617602, 'scale_lr': 0.4127492847910878} because of the following error: KeyboardInterrupt().
Traceback (most recent call last):
  File "/home/n26092289/anaconda3/envs/my_siamban/lib/python3.7/site-packages/optuna/study/_optimize.py", line 200, in _run_trial
    value_or_values = func(trial)
  File "../../tools/tune.py", line 269, in objective
    outputs = tracker.track(img)
  File "../../tools/tune.py", line 127, in track
    score = self._convert_score(outputs['cls'])
  File "../../tools/tune.py", line 75, in _convert_score
    score = score.softmax(1).detach()[:, 1].cpu().numpy()
KeyboardInterrupt
Trial 228 failed with value None.
A new study created in memory with name: no-name-b8047d68-be60-4763-8fb6-2775e01745d9
checkpoint_e24 window_influence: 0.15323793993051935, penalty_k: 0.15086682041195970, scale_lr: 0.52330060856380278, EAO: 0.275
Trial 0 finished with value: 0.2754392091054397 and parameters: {'window_influence': 0.15323793993051935, 'penalty_k': 0.1508668204119597, 'scale_lr': 0.5233006085638028}. Best is trial 0 with value: 0.2754392091054397.
checkpoint_e24 window_influence: 0.05011021906290761, penalty_k: 0.25437246703960587, scale_lr: 0.52730208272756829, EAO: 0.230
Trial 1 finished with value: 0.22985845038863006 and parameters: {'window_influence': 0.05011021906290761, 'penalty_k': 0.25437246703960587, 'scale_lr': 0.5273020827275683}. Best is trial 0 with value: 0.2754392091054397.
checkpoint_e24 window_influence: 0.42109667727874306, penalty_k: 0.47749664615958975, scale_lr: 0.76362581320044232, EAO: 0.321
Trial 2 finished with value: 0.32113641117797287 and parameters: {'window_influence': 0.42109667727874306, 'penalty_k': 0.47749664615958975, 'scale_lr': 0.7636258132004423}. Best is trial 2 with value: 0.32113641117797287.
checkpoint_e24 window_influence: 0.17143313810457456, penalty_k: 0.46957552341126985, scale_lr: 0.58207101459592270, EAO: 0.273
Trial 3 finished with value: 0.2728531604726955 and parameters: {'window_influence': 0.17143313810457456, 'penalty_k': 0.46957552341126985, 'scale_lr': 0.5820710145959227}. Best is trial 2 with value: 0.32113641117797287.
checkpoint_e24 window_influence: 0.54856024287729410, penalty_k: 0.28806076481554999, scale_lr: 0.34284422851400054, EAO: 0.297
Trial 4 finished with value: 0.2966506704977978 and parameters: {'window_influence': 0.5485602428772941, 'penalty_k': 0.28806076481555, 'scale_lr': 0.34284422851400054}. Best is trial 2 with value: 0.32113641117797287.
checkpoint_e24 window_influence: 0.13542911214283693, penalty_k: 0.43479077266244331, scale_lr: 0.18556178462378775, EAO: 0.264
Trial 5 finished with value: 0.2638618686899601 and parameters: {'window_influence': 0.13542911214283693, 'penalty_k': 0.4347907726624433, 'scale_lr': 0.18556178462378775}. Best is trial 2 with value: 0.32113641117797287.
checkpoint_e24 window_influence: 0.06581897624277919, penalty_k: 0.09138220726670207, scale_lr: 0.35571965700362795, EAO: 0.256
Trial 6 finished with value: 0.255799730696103 and parameters: {'window_influence': 0.06581897624277919, 'penalty_k': 0.09138220726670207, 'scale_lr': 0.35571965700362795}. Best is trial 2 with value: 0.32113641117797287.
checkpoint_e24 window_influence: 0.05650310098563863, penalty_k: 0.29842581386918093, scale_lr: 0.31040845126963768, EAO: 0.234
Trial 7 finished with value: 0.2341792302256892 and parameters: {'window_influence': 0.05650310098563863, 'penalty_k': 0.29842581386918093, 'scale_lr': 0.3104084512696377}. Best is trial 2 with value: 0.32113641117797287.
checkpoint_e24 window_influence: 0.07730780203232493, penalty_k: 0.31686104088334371, scale_lr: 0.37347299538117062, EAO: 0.230
Trial 8 finished with value: 0.22976921301639497 and parameters: {'window_influence': 0.07730780203232493, 'penalty_k': 0.3168610408833437, 'scale_lr': 0.3734729953811706}. Best is trial 2 with value: 0.32113641117797287.
checkpoint_e24 window_influence: 0.52729677498945993, penalty_k: 0.09547590416629501, scale_lr: 0.24655370136012358, EAO: 0.323
Trial 9 finished with value: 0.322578980707009 and parameters: {'window_influence': 0.5272967749894599, 'penalty_k': 0.095475904166295, 'scale_lr': 0.24655370136012358}. Best is trial 9 with value: 0.322578980707009.
checkpoint_e24 window_influence: 0.64753006287537485, penalty_k: 0.01796016705462450, scale_lr: 0.10194839611006298, EAO: 0.274
Trial 10 finished with value: 0.27387580994502114 and parameters: {'window_influence': 0.6475300628753748, 'penalty_k': 0.0179601670546245, 'scale_lr': 0.10194839611006298}. Best is trial 9 with value: 0.322578980707009.
checkpoint_e24 window_influence: 0.43034822085304630, penalty_k: 0.57823747306243911, scale_lr: 0.75772309595849785, EAO: 0.293
Trial 11 finished with value: 0.29280188934812285 and parameters: {'window_influence': 0.4303482208530463, 'penalty_k': 0.5782374730624391, 'scale_lr': 0.7577230959584978}. Best is trial 9 with value: 0.322578980707009.
checkpoint_e24 window_influence: 0.40257159973729001, penalty_k: 0.18031289679507756, scale_lr: 0.79730708545096274, EAO: 0.316
Trial 12 finished with value: 0.31598087640819844 and parameters: {'window_influence': 0.40257159973729, 'penalty_k': 0.18031289679507756, 'scale_lr': 0.7973070854509627}. Best is trial 9 with value: 0.322578980707009.
checkpoint_e24 window_influence: 0.49215728387565960, penalty_k: 0.41076587782643048, scale_lr: 0.67857869980729779, EAO: 0.294
Trial 13 finished with value: 0.29392732905970476 and parameters: {'window_influence': 0.4921572838756596, 'penalty_k': 0.4107658778264305, 'scale_lr': 0.6785786998072978}. Best is trial 9 with value: 0.322578980707009.
checkpoint_e24 window_influence: 0.30378009286961727, penalty_k: 0.00716260101045117, scale_lr: 0.65579984324623608, EAO: 0.309
Trial 14 finished with value: 0.30927776101730214 and parameters: {'window_influence': 0.30378009286961727, 'penalty_k': 0.007162601010451172, 'scale_lr': 0.6557998432462361}. Best is trial 9 with value: 0.322578980707009.
checkpoint_e24 window_influence: 0.34717468180637262, penalty_k: 0.54852118776210801, scale_lr: 0.43596636103185593, EAO: 0.291
Trial 15 finished with value: 0.2910834304437563 and parameters: {'window_influence': 0.3471746818063726, 'penalty_k': 0.548521187762108, 'scale_lr': 0.43596636103185593}. Best is trial 9 with value: 0.322578980707009.
checkpoint_e24 window_influence: 0.54373440983818488, penalty_k: 0.37047063243117173, scale_lr: 0.24652686224736958, EAO: 0.287
Trial 16 finished with value: 0.28679415641591705 and parameters: {'window_influence': 0.5437344098381849, 'penalty_k': 0.37047063243117173, 'scale_lr': 0.24652686224736958}. Best is trial 9 with value: 0.322578980707009.
checkpoint_e24 window_influence: 0.29856323823406583, penalty_k: 0.50429767526264446, scale_lr: 0.45003055321341157, EAO: 0.314
Trial 17 finished with value: 0.31432593025354094 and parameters: {'window_influence': 0.29856323823406583, 'penalty_k': 0.5042976752626445, 'scale_lr': 0.45003055321341157}. Best is trial 9 with value: 0.322578980707009.
checkpoint_e24 window_influence: 0.63457830367544077, penalty_k: 0.36871836102770861, scale_lr: 0.71479288882513914, EAO: 0.241
