Trial 80 finished with value: 0.32266087685113753 and parameters: {'window_influence': 0.46039684128399816, 'penalty_k': 0.49701140638331764, 'scale_lr': 0.7828830133146862}. Best is trial 71 with value: 0.3394765648628487.
checkpoint_e24 window_influence: 0.46855738622163273, penalty_k: 0.55270491824045231, scale_lr: 0.75701757789305668, EAO: 0.319
Trial 81 finished with value: 0.31897159210670784 and parameters: {'window_influence': 0.46855738622163273, 'penalty_k': 0.5527049182404523, 'scale_lr': 0.7570175778930567}. Best is trial 71 with value: 0.3394765648628487.
checkpoint_e24 window_influence: 0.41799429406777772, penalty_k: 0.58147600040427050, scale_lr: 0.73458264641484794, EAO: 0.314
Trial 82 finished with value: 0.3140899763960783 and parameters: {'window_influence': 0.4179942940677777, 'penalty_k': 0.5814760004042705, 'scale_lr': 0.7345826464148479}. Best is trial 71 with value: 0.3394765648628487.
checkpoint_e24 window_influence: 0.45559643357665791, penalty_k: 0.52118052749628974, scale_lr: 0.77236814709870771, EAO: 0.324
Trial 83 finished with value: 0.32357780687539955 and parameters: {'window_influence': 0.4555964335766579, 'penalty_k': 0.5211805274962897, 'scale_lr': 0.7723681470987077}. Best is trial 71 with value: 0.3394765648628487.
checkpoint_e24 window_influence: 0.48863147105392207, penalty_k: 0.55942544602018129, scale_lr: 0.68828581288010182, EAO: 0.324
Trial 84 finished with value: 0.32392037883111013 and parameters: {'window_influence': 0.4886314710539221, 'penalty_k': 0.5594254460201813, 'scale_lr': 0.6882858128801018}. Best is trial 71 with value: 0.3394765648628487.
checkpoint_e24 window_influence: 0.43909337977076379, penalty_k: 0.54071579789832025, scale_lr: 0.75281177090447471, EAO: 0.329
Trial 85 finished with value: 0.32924588250742814 and parameters: {'window_influence': 0.4390933797707638, 'penalty_k': 0.5407157978983202, 'scale_lr': 0.7528117709044747}. Best is trial 71 with value: 0.3394765648628487.
checkpoint_e24 window_influence: 0.39699439379878598, penalty_k: 0.50775693749250483, scale_lr: 0.72043560663739370, EAO: 0.297
Trial 86 finished with value: 0.2971398930141434 and parameters: {'window_influence': 0.396994393798786, 'penalty_k': 0.5077569374925048, 'scale_lr': 0.7204356066373937}. Best is trial 71 with value: 0.3394765648628487.
checkpoint_e24 window_influence: 0.42612733791615776, penalty_k: 0.53544443457646429, scale_lr: 0.78319382319794284, EAO: 0.305
Trial 87 finished with value: 0.30469266780387566 and parameters: {'window_influence': 0.42612733791615776, 'penalty_k': 0.5354444345764643, 'scale_lr': 0.7831938231979428}. Best is trial 71 with value: 0.3394765648628487.
checkpoint_e24 window_influence: 0.44470234733296915, penalty_k: 0.58379901974773563, scale_lr: 0.74262548731221922, EAO: 0.313
Trial 88 finished with value: 0.3134816217051406 and parameters: {'window_influence': 0.44470234733296915, 'penalty_k': 0.5837990197477356, 'scale_lr': 0.7426254873122192}. Best is trial 71 with value: 0.3394765648628487.
checkpoint_e24 window_influence: 0.50239217133930492, penalty_k: 0.56612474017512193, scale_lr: 0.66435538082096524, EAO: 0.283
Trial 89 finished with value: 0.28276571225563374 and parameters: {'window_influence': 0.5023921713393049, 'penalty_k': 0.5661247401751219, 'scale_lr': 0.6643553808209652}. Best is trial 71 with value: 0.3394765648628487.
checkpoint_e24 window_influence: 0.47819541475122546, penalty_k: 0.47553479187534670, scale_lr: 0.70526731209958260, EAO: 0.307
Trial 90 finished with value: 0.306678021000517 and parameters: {'window_influence': 0.47819541475122546, 'penalty_k': 0.4755347918753467, 'scale_lr': 0.7052673120995826}. Best is trial 71 with value: 0.3394765648628487.
checkpoint_e24 window_influence: 0.45838193299650559, penalty_k: 0.54488766291976720, scale_lr: 0.75660927583223836, EAO: 0.314
Trial 91 finished with value: 0.3138459616482026 and parameters: {'window_influence': 0.4583819329965056, 'penalty_k': 0.5448876629197672, 'scale_lr': 0.7566092758322384}. Best is trial 71 with value: 0.3394765648628487.
checkpoint_e24 window_influence: 0.46883670564207364, penalty_k: 0.52091021532178283, scale_lr: 0.76079489114082821, EAO: 0.330
Trial 92 finished with value: 0.3301831705329019 and parameters: {'window_influence': 0.46883670564207364, 'penalty_k': 0.5209102153217828, 'scale_lr': 0.7607948911408282}. Best is trial 71 with value: 0.3394765648628487.
checkpoint_e24 window_influence: 0.44049050180731369, penalty_k: 0.52300609884528360, scale_lr: 0.79884891986958384, EAO: 0.315
Trial 93 finished with value: 0.31532524624687225 and parameters: {'window_influence': 0.4404905018073137, 'penalty_k': 0.5230060988452836, 'scale_lr': 0.7988489198695838}. Best is trial 71 with value: 0.3394765648628487.
checkpoint_e24 window_influence: 0.47190675843535906, penalty_k: 0.49947369969617517, scale_lr: 0.76663808513435217, EAO: 0.307
Trial 94 finished with value: 0.3074379061214655 and parameters: {'window_influence': 0.47190675843535906, 'penalty_k': 0.49947369969617517, 'scale_lr': 0.7666380851343522}. Best is trial 71 with value: 0.3394765648628487.
checkpoint_e24 window_influence: 0.50097216962963143, penalty_k: 0.46204603335347555, scale_lr: 0.73132645287718012, EAO: 0.298
Trial 95 finished with value: 0.29848906345636467 and parameters: {'window_influence': 0.5009721696296314, 'penalty_k': 0.46204603335347555, 'scale_lr': 0.7313264528771801}. Best is trial 71 with value: 0.3394765648628487.
checkpoint_e24 window_influence: 0.43294676568980084, penalty_k: 0.58731663229540687, scale_lr: 0.77979645557983202, EAO: 0.301
Trial 96 finished with value: 0.3011799730679404 and parameters: {'window_influence': 0.43294676568980084, 'penalty_k': 0.5873166322954069, 'scale_lr': 0.779796455579832}. Best is trial 71 with value: 0.3394765648628487.
checkpoint_e24 window_influence: 0.41766727572425305, penalty_k: 0.56576464493859324, scale_lr: 0.74863144308338825, EAO: 0.307
Trial 97 finished with value: 0.30688752239780204 and parameters: {'window_influence': 0.41766727572425305, 'penalty_k': 0.5657646449385932, 'scale_lr': 0.7486314430833882}. Best is trial 71 with value: 0.3394765648628487.
checkpoint_e24 window_influence: 0.53594151251399191, penalty_k: 0.52772208180170721, scale_lr: 0.76450987996938680, EAO: 0.281
Trial 98 finished with value: 0.2805691657711096 and parameters: {'window_influence': 0.5359415125139919, 'penalty_k': 0.5277220818017072, 'scale_lr': 0.7645098799693868}. Best is trial 71 with value: 0.3394765648628487.
checkpoint_e24 window_influence: 0.48403076586440907, penalty_k: 0.51324202364731031, scale_lr: 0.69755744825646659, EAO: 0.310
Trial 99 finished with value: 0.3100632460432758 and parameters: {'window_influence': 0.4840307658644091, 'penalty_k': 0.5132420236473103, 'scale_lr': 0.6975574482564666}. Best is trial 71 with value: 0.3394765648628487.
checkpoint_e24 window_influence: 0.45515267016302252, penalty_k: 0.54401075751262595, scale_lr: 0.71757248047609068, EAO: 0.321
Trial 100 finished with value: 0.321216375505414 and parameters: {'window_influence': 0.4551526701630225, 'penalty_k': 0.544010757512626, 'scale_lr': 0.7175724804760907}. Best is trial 71 with value: 0.3394765648628487.
checkpoint_e24 window_influence: 0.46919473223223523, penalty_k: 0.55880549697691018, scale_lr: 0.74465167691622791, EAO: 0.323
Trial 101 finished with value: 0.3234926705694384 and parameters: {'window_influence': 0.46919473223223523, 'penalty_k': 0.5588054969769102, 'scale_lr': 0.7446516769162279}. Best is trial 71 with value: 0.3394765648628487.
checkpoint_e24 window_influence: 0.44465672894045016, penalty_k: 0.57074342829370972, scale_lr: 0.78405152550776869, EAO: 0.297
Trial 102 finished with value: 0.2972238975276279 and parameters: {'window_influence': 0.44465672894045016, 'penalty_k': 0.5707434282937097, 'scale_lr': 0.7840515255077687}. Best is trial 71 with value: 0.3394765648628487.
checkpoint_e24 window_influence: 0.49612838188899600, penalty_k: 0.54990975329679825, scale_lr: 0.75847477993793966, EAO: 0.292
Trial 103 finished with value: 0.2918814445052165 and parameters: {'window_influence': 0.496128381888996, 'penalty_k': 0.5499097532967983, 'scale_lr': 0.7584747799379397}. Best is trial 71 with value: 0.3394765648628487.
checkpoint_e24 window_influence: 0.46402720137484921, penalty_k: 0.53017459761880703, scale_lr: 0.72656557996246340, EAO: 0.320
Trial 104 finished with value: 0.3202903921270185 and parameters: {'window_influence': 0.4640272013748492, 'penalty_k': 0.530174597618807, 'scale_lr': 0.7265655799624634}. Best is trial 71 with value: 0.3394765648628487.
checkpoint_e24 window_influence: 0.51865859555986638, penalty_k: 0.58454550555733931, scale_lr: 0.79880011528555905, EAO: 0.294
Trial 105 finished with value: 0.2935969157557543 and parameters: {'window_influence': 0.5186585955598664, 'penalty_k': 0.5845455055573393, 'scale_lr': 0.798800115285559}. Best is trial 71 with value: 0.3394765648628487.
checkpoint_e24 window_influence: 0.43193656431750971, penalty_k: 0.51356634924697697, scale_lr: 0.77459897363644958, EAO: 0.305
Trial 106 finished with value: 0.3047181352799041 and parameters: {'window_influence': 0.4319365643175097, 'penalty_k': 0.513566349246977, 'scale_lr': 0.7745989736364496}. Best is trial 71 with value: 0.3394765648628487.
checkpoint_e24 window_influence: 0.48518422857240606, penalty_k: 0.54662110756391757, scale_lr: 0.68463210679441311, EAO: 0.289
Trial 107 finished with value: 0.28937757496472 and parameters: {'window_influence': 0.48518422857240606, 'penalty_k': 0.5466211075639176, 'scale_lr': 0.6846321067944131}. Best is trial 71 with value: 0.3394765648628487.
checkpoint_e24 window_influence: 0.44987572519696689, penalty_k: 0.49408388779920703, scale_lr: 0.74243504990037468, EAO: 0.314
Trial 108 finished with value: 0.31437618108574983 and parameters: {'window_influence': 0.4498757251969669, 'penalty_k': 0.49408388779920703, 'scale_lr': 0.7424350499003747}. Best is trial 71 with value: 0.3394765648628487.
checkpoint_e24 window_influence: 0.47907577723333111, penalty_k: 0.56972194670336951, scale_lr: 0.70882084649720956, EAO: 0.320
Trial 109 finished with value: 0.3198668361289956 and parameters: {'window_influence': 0.4790757772333311, 'penalty_k': 0.5697219467033695, 'scale_lr': 0.7088208464972096}. Best is trial 71 with value: 0.3394765648628487.
checkpoint_e24 window_influence: 0.41598944385088260, penalty_k: 0.53287638286177541, scale_lr: 0.76644593930968619, EAO: 0.298
Trial 110 finished with value: 0.29750999083546814 and parameters: {'window_influence': 0.4159894438508826, 'penalty_k': 0.5328763828617754, 'scale_lr': 0.7664459393096862}. Best is trial 71 with value: 0.3394765648628487.
checkpoint_e24 window_influence: 0.49301920852500253, penalty_k: 0.56090054396662525, scale_lr: 0.68587222959918415, EAO: 0.289
Trial 111 finished with value: 0.2885736233993263 and parameters: {'window_influence': 0.49301920852500253, 'penalty_k': 0.5609005439666253, 'scale_lr': 0.6858722295991841}. Best is trial 71 with value: 0.3394765648628487.
checkpoint_e24 window_influence: 0.46558142749083925, penalty_k: 0.58943396829762018, scale_lr: 0.78693017607938742, EAO: 0.319
Trial 112 finished with value: 0.3185469291321498 and parameters: {'window_influence': 0.46558142749083925, 'penalty_k': 0.5894339682976202, 'scale_lr': 0.7869301760793874}. Best is trial 71 with value: 0.3394765648628487.
checkpoint_e24 window_influence: 0.51396798386802389, penalty_k: 0.55660471626363073, scale_lr: 0.64862946020923762, EAO: 0.287
Trial 113 finished with value: 0.28742779460862455 and parameters: {'window_influence': 0.5139679838680239, 'penalty_k': 0.5566047162636307, 'scale_lr': 0.6486294602092376}. Best is trial 71 with value: 0.3394765648628487.
checkpoint_e24 window_influence: 0.49033297793712982, penalty_k: 0.57627788598271479, scale_lr: 0.72578488435076050, EAO: 0.277
Trial 114 finished with value: 0.27742141537397286 and parameters: {'window_influence': 0.4903329779371298, 'penalty_k': 0.5762778859827148, 'scale_lr': 0.7257848843507605}. Best is trial 71 with value: 0.3394765648628487.
checkpoint_e24 window_influence: 0.43712470726567954, penalty_k: 0.52013590251087394, scale_lr: 0.75739554970883882, EAO: 0.303
Trial 115 finished with value: 0.3032190377030391 and parameters: {'window_influence': 0.43712470726567954, 'penalty_k': 0.5201359025108739, 'scale_lr': 0.7573955497088388}. Best is trial 71 with value: 0.3394765648628487.
checkpoint_e24 window_influence: 0.45423306957940474, penalty_k: 0.54398312211132516, scale_lr: 0.66677883445426755, EAO: 0.319
Trial 116 finished with value: 0.3185535855446344 and parameters: {'window_influence': 0.45423306957940474, 'penalty_k': 0.5439831221113252, 'scale_lr': 0.6667788344542676}. Best is trial 71 with value: 0.3394765648628487.
checkpoint_e24 window_influence: 0.47179598393335526, penalty_k: 0.48434942338598702, scale_lr: 0.69769335205632943, EAO: 0.327
Trial 117 finished with value: 0.3269039861538995 and parameters: {'window_influence': 0.47179598393335526, 'penalty_k': 0.484349423385987, 'scale_lr': 0.6976933520563294}. Best is trial 71 with value: 0.3394765648628487.
checkpoint_e24 window_influence: 0.47390575358448045, penalty_k: 0.50152942618055507, scale_lr: 0.73844730902429923, EAO: 0.298
Trial 118 finished with value: 0.2980523883484681 and parameters: {'window_influence': 0.47390575358448045, 'penalty_k': 0.5015294261805551, 'scale_lr': 0.7384473090242992}. Best is trial 71 with value: 0.3394765648628487.
checkpoint_e24 window_influence: 0.44774949694145527, penalty_k: 0.48062196571137206, scale_lr: 0.70764612629335222, EAO: 0.303
Trial 119 finished with value: 0.3034685418763513 and parameters: {'window_influence': 0.44774949694145527, 'penalty_k': 0.48062196571137206, 'scale_lr': 0.7076461262933522}. Best is trial 71 with value: 0.3394765648628487.
checkpoint_e24 window_influence: 0.39182319189183334, penalty_k: 0.48720093129256592, scale_lr: 0.77033777075406962, EAO: 0.295
Trial 120 finished with value: 0.29496394752992267 and parameters: {'window_influence': 0.39182319189183334, 'penalty_k': 0.4872009312925659, 'scale_lr': 0.7703377707540696}. Best is trial 71 with value: 0.3394765648628487.
checkpoint_e24 window_influence: 0.50292556510408892, penalty_k: 0.53630833006637835, scale_lr: 0.68955994932273990, EAO: 0.290
Trial 121 finished with value: 0.29003345380729273 and parameters: {'window_influence': 0.5029255651040889, 'penalty_k': 0.5363083300663783, 'scale_lr': 0.6895599493227399}. Best is trial 71 with value: 0.3394765648628487.
checkpoint_e24 window_influence: 0.46325864909891407, penalty_k: 0.55907296610418700, scale_lr: 0.67803700720518623, EAO: 0.325
Trial 122 finished with value: 0.3249277843575533 and parameters: {'window_influence': 0.46325864909891407, 'penalty_k': 0.559072966104187, 'scale_lr': 0.6780370072051862}. Best is trial 71 with value: 0.3394765648628487.
checkpoint_e24 window_influence: 0.46090559341079440, penalty_k: 0.59971330164697811, scale_lr: 0.66895929066453441, EAO: 0.314
Trial 123 finished with value: 0.31383921924964 and parameters: {'window_influence': 0.4609055934107944, 'penalty_k': 0.5997133016469781, 'scale_lr': 0.6689592906645344}. Best is trial 71 with value: 0.3394765648628487.
checkpoint_e24 window_influence: 0.42296235870666032, penalty_k: 0.52634480446698240, scale_lr: 0.71635736161212127, EAO: 0.331
Trial 124 finished with value: 0.33051981826236737 and parameters: {'window_influence': 0.4229623587066603, 'penalty_k': 0.5263448044669824, 'scale_lr': 0.7163573616121213}. Best is trial 71 with value: 0.3394765648628487.
checkpoint_e24 window_influence: 0.40476207285541954, penalty_k: 0.50802023808639862, scale_lr: 0.64218292891402284, EAO: 0.331
Trial 125 finished with value: 0.3306500250727286 and parameters: {'window_influence': 0.40476207285541954, 'penalty_k': 0.5080202380863986, 'scale_lr': 0.6421829289140228}. Best is trial 71 with value: 0.3394765648628487.
checkpoint_e24 window_influence: 0.42758679374755887, penalty_k: 0.50956387540255255, scale_lr: 0.63669033869561087, EAO: 0.301
Trial 126 finished with value: 0.30104289021241526 and parameters: {'window_influence': 0.42758679374755887, 'penalty_k': 0.5095638754025525, 'scale_lr': 0.6366903386956109}. Best is trial 71 with value: 0.3394765648628487.
checkpoint_e24 window_influence: 0.40658464373145370, penalty_k: 0.52312610498864154, scale_lr: 0.64979372296059523, EAO: 0.320
Trial 127 finished with value: 0.31984853854671064 and parameters: {'window_influence': 0.4065846437314537, 'penalty_k': 0.5231261049886415, 'scale_lr': 0.6497937229605952}. Best is trial 71 with value: 0.3394765648628487.
checkpoint_e24 window_influence: 0.40447398292330067, penalty_k: 0.45653049777756549, scale_lr: 0.71636613128330673, EAO: 0.308
Trial 128 finished with value: 0.3076185411284406 and parameters: {'window_influence': 0.40447398292330067, 'penalty_k': 0.4565304977775655, 'scale_lr': 0.7163661312833067}. Best is trial 71 with value: 0.3394765648628487.
checkpoint_e24 window_influence: 0.41781433499619525, penalty_k: 0.47298915010774378, scale_lr: 0.73257435502548063, EAO: 0.325
Trial 129 finished with value: 0.32523790715037615 and parameters: {'window_influence': 0.41781433499619525, 'penalty_k': 0.4729891501077438, 'scale_lr': 0.7325743550254806}. Best is trial 71 with value: 0.3394765648628487.
checkpoint_e24 window_influence: 0.37147078665319960, penalty_k: 0.48640701287303750, scale_lr: 0.60863658419234112, EAO: 0.296
Trial 130 finished with value: 0.2958174683588488 and parameters: {'window_influence': 0.3714707866531996, 'penalty_k': 0.4864070128730375, 'scale_lr': 0.6086365841923411}. Best is trial 71 with value: 0.3394765648628487.
checkpoint_e24 window_influence: 0.42521013407769886, penalty_k: 0.47764661648307344, scale_lr: 0.73711193534259911, EAO: 0.315
Trial 131 finished with value: 0.3153284161355245 and parameters: {'window_influence': 0.42521013407769886, 'penalty_k': 0.47764661648307344, 'scale_lr': 0.7371119353425991}. Best is trial 71 with value: 0.3394765648628487.
checkpoint_e24 window_influence: 0.43735751500696146, penalty_k: 0.49839033987028175, scale_lr: 0.62345480795285879, EAO: 0.307
Trial 132 finished with value: 0.30723704606410596 and parameters: {'window_influence': 0.43735751500696146, 'penalty_k': 0.49839033987028175, 'scale_lr': 0.6234548079528588}. Best is trial 71 with value: 0.3394765648628487.
checkpoint_e24 window_influence: 0.39479546842186847, penalty_k: 0.46853162449655011, scale_lr: 0.75108470052441756, EAO: 0.297
Trial 133 finished with value: 0.2969703600100506 and parameters: {'window_influence': 0.39479546842186847, 'penalty_k': 0.4685316244965501, 'scale_lr': 0.7510847005244176}. Best is trial 71 with value: 0.3394765648628487.
checkpoint_e24 window_influence: 0.41978924957047797, penalty_k: 0.43979128666389045, scale_lr: 0.70179777514817288, EAO: 0.310
Trial 134 finished with value: 0.30989096061496885 and parameters: {'window_influence': 0.419789249570478, 'penalty_k': 0.43979128666389045, 'scale_lr': 0.7017977751481729}. Best is trial 71 with value: 0.3394765648628487.
checkpoint_e24 window_influence: 0.44522620619945219, penalty_k: 0.50927023221364909, scale_lr: 0.78762621792398058, EAO: 0.318
Trial 135 finished with value: 0.3183992506233171 and parameters: {'window_influence': 0.4452262061994522, 'penalty_k': 0.5092702322136491, 'scale_lr': 0.7876262179239806}. Best is trial 71 with value: 0.3394765648628487.
checkpoint_e24 window_influence: 0.41045346575403907, penalty_k: 0.42933812829436180, scale_lr: 0.73631299639961389, EAO: 0.316
Trial 136 finished with value: 0.3156239414725322 and parameters: {'window_influence': 0.41045346575403907, 'penalty_k': 0.4293381282943618, 'scale_lr': 0.7363129963996139}. Best is trial 71 with value: 0.3394765648628487.
checkpoint_e24 window_influence: 0.38215632304973968, penalty_k: 0.53417098042101085, scale_lr: 0.72210466549581709, EAO: 0.308
Trial 137 finished with value: 0.3076253633090958 and parameters: {'window_influence': 0.3821563230497397, 'penalty_k': 0.5341709804210109, 'scale_lr': 0.7221046654958171}. Best is trial 71 with value: 0.3394765648628487.
checkpoint_e24 window_influence: 0.47427128804489799, penalty_k: 0.51930250514395315, scale_lr: 0.79999233896252830, EAO: 0.303
Trial 138 finished with value: 0.30341996142372546 and parameters: {'window_influence': 0.474271288044898, 'penalty_k': 0.5193025051439532, 'scale_lr': 0.7999923389625283}. Best is trial 71 with value: 0.3394765648628487.
checkpoint_e24 window_influence: 0.43640949486984171, penalty_k: 0.44725399667583277, scale_lr: 0.75293513415128988, EAO: 0.311
Trial 139 finished with value: 0.31136500887601753 and parameters: {'window_influence': 0.4364094948698417, 'penalty_k': 0.44725399667583277, 'scale_lr': 0.7529351341512899}. Best is trial 71 with value: 0.3394765648628487.
checkpoint_e24 window_influence: 0.45449418606401554, penalty_k: 0.40290717319290209, scale_lr: 0.59351168548119670, EAO: 0.307
Trial 140 finished with value: 0.3072521441873409 and parameters: {'window_influence': 0.45449418606401554, 'penalty_k': 0.4029071731929021, 'scale_lr': 0.5935116854811967}. Best is trial 71 with value: 0.3394765648628487.
checkpoint_e24 window_influence: 0.46555809100665013, penalty_k: 0.56653049581098258, scale_lr: 0.67321726974780083, EAO: 0.315
Trial 141 finished with value: 0.31473500643954666 and parameters: {'window_influence': 0.46555809100665013, 'penalty_k': 0.5665304958109826, 'scale_lr': 0.6732172697478008}. Best is trial 71 with value: 0.3394765648628487.
checkpoint_e24 window_influence: 0.44804542932674751, penalty_k: 0.54468049887316450, scale_lr: 0.65981383822025030, EAO: 0.317
