Trial 67 finished with value: 0.3026230491204948 and parameters: {'window_influence': 0.39849824093014335, 'penalty_k': 0.4281969270635515, 'scale_lr': 0.7042703838625793}. Best is trial 14 with value: 0.33692474274783746.
checkpoint_e18 window_influence: 0.50058189526706887, penalty_k: 0.47973486070565274, scale_lr: 0.68430041180113288, EAO: 0.284
Trial 68 finished with value: 0.2843930412823124 and parameters: {'window_influence': 0.5005818952670689, 'penalty_k': 0.47973486070565274, 'scale_lr': 0.6843004118011329}. Best is trial 14 with value: 0.33692474274783746.
checkpoint_e18 window_influence: 0.35508338105432868, penalty_k: 0.12229292707028094, scale_lr: 0.39054163216535054, EAO: 0.305
Trial 33 finished with value: 0.3052612615582544 and parameters: {'window_influence': 0.3550833810543287, 'penalty_k': 0.12229292707028094, 'scale_lr': 0.39054163216535054}. Best is trial 31 with value: 0.34328013252655354.
checkpoint_e18 window_influence: 0.45748812954730544, penalty_k: 0.32862651887095040, scale_lr: 0.75242970853753233, EAO: 0.329
Trial 69 finished with value: 0.32919033434140543 and parameters: {'window_influence': 0.45748812954730544, 'penalty_k': 0.3286265188709504, 'scale_lr': 0.7524297085375323}. Best is trial 14 with value: 0.33692474274783746.
checkpoint_e18 window_influence: 0.37212280096404599, penalty_k: 0.35443117807221980, scale_lr: 0.65657182333922393, EAO: 0.308
Trial 70 finished with value: 0.3084934904649564 and parameters: {'window_influence': 0.372122800964046, 'penalty_k': 0.3544311780722198, 'scale_lr': 0.6565718233392239}. Best is trial 14 with value: 0.33692474274783746.
checkpoint_e18 window_influence: 0.39816572667954231, penalty_k: 0.21105535738397579, scale_lr: 0.52105244174283805, EAO: 0.301
Trial 34 finished with value: 0.3011692770492242 and parameters: {'window_influence': 0.3981657266795423, 'penalty_k': 0.2110553573839758, 'scale_lr': 0.521052441742838}. Best is trial 31 with value: 0.34328013252655354.
checkpoint_e18 window_influence: 0.47050600420157840, penalty_k: 0.39683628913544922, scale_lr: 0.74550802065187849, EAO: 0.319
Trial 71 finished with value: 0.31885784823838836 and parameters: {'window_influence': 0.4705060042015784, 'penalty_k': 0.3968362891354492, 'scale_lr': 0.7455080206518785}. Best is trial 14 with value: 0.33692474274783746.
checkpoint_e18 window_influence: 0.43478204994179731, penalty_k: 0.33200030147871168, scale_lr: 0.74945305827881714, EAO: 0.317
Trial 72 finished with value: 0.316887654856949 and parameters: {'window_influence': 0.4347820499417973, 'penalty_k': 0.3320003014787117, 'scale_lr': 0.7494530582788171}. Best is trial 14 with value: 0.33692474274783746.
checkpoint_e18 window_influence: 0.36865848594241152, penalty_k: 0.05692744953549569, scale_lr: 0.45870593640758633, EAO: 0.319
Trial 35 finished with value: 0.3185457600577796 and parameters: {'window_influence': 0.3686584859424115, 'penalty_k': 0.056927449535495694, 'scale_lr': 0.45870593640758633}. Best is trial 31 with value: 0.34328013252655354.
checkpoint_e18 window_influence: 0.47673938002801053, penalty_k: 0.36511794460190533, scale_lr: 0.72119333392390927, EAO: 0.316
Trial 73 finished with value: 0.3159277513333332 and parameters: {'window_influence': 0.47673938002801053, 'penalty_k': 0.36511794460190533, 'scale_lr': 0.7211933339239093}. Best is trial 14 with value: 0.33692474274783746.
checkpoint_e18 window_influence: 0.45359088784530510, penalty_k: 0.40369040689750796, scale_lr: 0.75515914269070883, EAO: 0.312
Trial 74 finished with value: 0.3119123782745131 and parameters: {'window_influence': 0.4535908878453051, 'penalty_k': 0.40369040689750796, 'scale_lr': 0.7551591426907088}. Best is trial 14 with value: 0.33692474274783746.
checkpoint_e18 window_influence: 0.30587525243528507, penalty_k: 0.09050250399215012, scale_lr: 0.42157706529127448, EAO: 0.304
Trial 36 finished with value: 0.30416290763519155 and parameters: {'window_influence': 0.30587525243528507, 'penalty_k': 0.09050250399215012, 'scale_lr': 0.4215770652912745}. Best is trial 31 with value: 0.34328013252655354.
checkpoint_e18 window_influence: 0.41030096384780024, penalty_k: 0.31704356010228191, scale_lr: 0.69467926666948987, EAO: 0.314
Trial 75 finished with value: 0.3135618638783577 and parameters: {'window_influence': 0.41030096384780024, 'penalty_k': 0.3170435601022819, 'scale_lr': 0.6946792666694899}. Best is trial 14 with value: 0.33692474274783746.
checkpoint_e18 window_influence: 0.49319226979853659, penalty_k: 0.33754925341922071, scale_lr: 0.72715876768682453, EAO: 0.287
Trial 76 finished with value: 0.28717301032190656 and parameters: {'window_influence': 0.4931922697985366, 'penalty_k': 0.3375492534192207, 'scale_lr': 0.7271587676868245}. Best is trial 14 with value: 0.33692474274783746.
checkpoint_e18 window_influence: 0.43093898450641732, penalty_k: 0.44441603751104869, scale_lr: 0.74408297675244206, EAO: 0.316
Trial 77 finished with value: 0.3163374887946051 and parameters: {'window_influence': 0.4309389845064173, 'penalty_k': 0.4444160375110487, 'scale_lr': 0.7440829767524421}. Best is trial 14 with value: 0.33692474274783746.
checkpoint_e18 window_influence: 0.47149317579932892, penalty_k: 0.15601295574015184, scale_lr: 0.36180812664870388, EAO: 0.318
Trial 37 finished with value: 0.3182544493141805 and parameters: {'window_influence': 0.4714931757993289, 'penalty_k': 0.15601295574015184, 'scale_lr': 0.3618081266487039}. Best is trial 31 with value: 0.34328013252655354.
checkpoint_e18 window_influence: 0.51727429729188756, penalty_k: 0.39428336576855522, scale_lr: 0.77757954530714157, EAO: 0.285
Trial 78 finished with value: 0.2849903603588097 and parameters: {'window_influence': 0.5172742972918876, 'penalty_k': 0.3942833657685552, 'scale_lr': 0.7775795453071416}. Best is trial 14 with value: 0.33692474274783746.
checkpoint_e18 window_influence: 0.47606854970101981, penalty_k: 0.37353266691358866, scale_lr: 0.67762575332481212, EAO: 0.298
Trial 79 finished with value: 0.2980637703424298 and parameters: {'window_influence': 0.4760685497010198, 'penalty_k': 0.37353266691358866, 'scale_lr': 0.6776257533248121}. Best is trial 14 with value: 0.33692474274783746.
checkpoint_e18 window_influence: 0.37646136563521743, penalty_k: 0.23313152390612166, scale_lr: 0.55321270215383833, EAO: 0.302
Trial 38 finished with value: 0.3023471962153216 and parameters: {'window_influence': 0.3764613656352174, 'penalty_k': 0.23313152390612166, 'scale_lr': 0.5532127021538383}. Best is trial 31 with value: 0.34328013252655354.
checkpoint_e18 window_influence: 0.45685815618486980, penalty_k: 0.45817138051038048, scale_lr: 0.71827863219765198, EAO: 0.311
Trial 80 finished with value: 0.3113057989090797 and parameters: {'window_influence': 0.4568581561848698, 'penalty_k': 0.4581713805103805, 'scale_lr': 0.718278632197652}. Best is trial 14 with value: 0.33692474274783746.
checkpoint_e18 window_influence: 0.42647554022383827, penalty_k: 0.32477488720719211, scale_lr: 0.75020828761477942, EAO: 0.308
Trial 81 finished with value: 0.3077047101370555 and parameters: {'window_influence': 0.42647554022383827, 'penalty_k': 0.3247748872071921, 'scale_lr': 0.7502082876147794}. Best is trial 14 with value: 0.33692474274783746.
checkpoint_e18 window_influence: 0.23441296528974059, penalty_k: 0.03572528158898344, scale_lr: 0.46827450260137393, EAO: 0.314
Trial 39 finished with value: 0.3143810936565065 and parameters: {'window_influence': 0.2344129652897406, 'penalty_k': 0.03572528158898344, 'scale_lr': 0.46827450260137393}. Best is trial 31 with value: 0.34328013252655354.
checkpoint_e18 window_influence: 0.43534971271325362, penalty_k: 0.34999819731901000, scale_lr: 0.76250027884708838, EAO: 0.320
Trial 82 finished with value: 0.3197281798384069 and parameters: {'window_influence': 0.4353497127132536, 'penalty_k': 0.34999819731901, 'scale_lr': 0.7625002788470884}. Best is trial 14 with value: 0.33692474274783746.
checkpoint_e18 window_influence: 0.44587457526585866, penalty_k: 0.39102588637094771, scale_lr: 0.76621999490023918, EAO: 0.315
Trial 83 finished with value: 0.3147873561901805 and parameters: {'window_influence': 0.44587457526585866, 'penalty_k': 0.3910258863709477, 'scale_lr': 0.7662199949002392}. Best is trial 14 with value: 0.33692474274783746.
checkpoint_e18 window_influence: 0.39944751690048091, penalty_k: 0.29440155935186857, scale_lr: 0.51418371235602978, EAO: 0.308
Trial 40 finished with value: 0.30820956501515456 and parameters: {'window_influence': 0.3994475169004809, 'penalty_k': 0.29440155935186857, 'scale_lr': 0.5141837123560298}. Best is trial 31 with value: 0.34328013252655354.
checkpoint_e18 window_influence: 0.38419672221635359, penalty_k: 0.42539361592837044, scale_lr: 0.79734195529310281, EAO: 0.305
Trial 84 finished with value: 0.30460794241048017 and parameters: {'window_influence': 0.3841967222163536, 'penalty_k': 0.42539361592837044, 'scale_lr': 0.7973419552931028}. Best is trial 14 with value: 0.33692474274783746.
checkpoint_e18 window_influence: 0.40186925770330884, penalty_k: 0.29949786988653093, scale_lr: 0.78355729803952479, EAO: 0.312
Trial 85 finished with value: 0.31154601096179235 and parameters: {'window_influence': 0.40186925770330884, 'penalty_k': 0.29949786988653093, 'scale_lr': 0.7835572980395248}. Best is trial 14 with value: 0.33692474274783746.
checkpoint_e18 window_influence: 0.43180705010404263, penalty_k: 0.00317617612621126, scale_lr: 0.30248995101068238, EAO: 0.323
Trial 41 finished with value: 0.3230340651269089 and parameters: {'window_influence': 0.43180705010404263, 'penalty_k': 0.0031761761262112643, 'scale_lr': 0.3024899510106824}. Best is trial 31 with value: 0.34328013252655354.
checkpoint_e18 window_influence: 0.50879185474509891, penalty_k: 0.28340597695012698, scale_lr: 0.70736689084372850, EAO: 0.292
Trial 86 finished with value: 0.29204257899453206 and parameters: {'window_influence': 0.5087918547450989, 'penalty_k': 0.283405976950127, 'scale_lr': 0.7073668908437285}. Best is trial 14 with value: 0.33692474274783746.
checkpoint_e18 window_influence: 0.48508676826960612, penalty_k: 0.44986270872021855, scale_lr: 0.74045389208002121, EAO: 0.324
Trial 87 finished with value: 0.3242952643897283 and parameters: {'window_influence': 0.4850867682696061, 'penalty_k': 0.44986270872021855, 'scale_lr': 0.7404538920800212}. Best is trial 14 with value: 0.33692474274783746.
checkpoint_e18 window_influence: 0.43591231291146065, penalty_k: 0.01779563134552425, scale_lr: 0.40244250090344613, EAO: 0.327
Trial 42 finished with value: 0.3266860204911881 and parameters: {'window_influence': 0.43591231291146065, 'penalty_k': 0.017795631345524247, 'scale_lr': 0.40244250090344613}. Best is trial 31 with value: 0.34328013252655354.
checkpoint_e18 window_influence: 0.48693139131356700, penalty_k: 0.48735664968121056, scale_lr: 0.76539334440716400, EAO: 0.319
Trial 88 finished with value: 0.3186045406161579 and parameters: {'window_influence': 0.486931391313567, 'penalty_k': 0.48735664968121056, 'scale_lr': 0.765393344407164}. Best is trial 14 with value: 0.33692474274783746.
checkpoint_e18 window_influence: 0.44264489919706440, penalty_k: 0.46747341653609914, scale_lr: 0.64943255608255812, EAO: 0.304
Trial 89 finished with value: 0.30431849239865166 and parameters: {'window_influence': 0.4426448991970644, 'penalty_k': 0.46747341653609914, 'scale_lr': 0.6494325560825581}. Best is trial 14 with value: 0.33692474274783746.
checkpoint_e18 window_influence: 0.38041221953913518, penalty_k: 0.06721401794625043, scale_lr: 0.41038799946076571, EAO: 0.330
Trial 43 finished with value: 0.3300684363461654 and parameters: {'window_influence': 0.3804122195391352, 'penalty_k': 0.06721401794625043, 'scale_lr': 0.4103879994607657}. Best is trial 31 with value: 0.34328013252655354.
checkpoint_e18 window_influence: 0.41019012703536811, penalty_k: 0.41543364743462619, scale_lr: 0.72579215746024905, EAO: 0.296
Trial 90 finished with value: 0.29625187176442797 and parameters: {'window_influence': 0.4101901270353681, 'penalty_k': 0.4154336474346262, 'scale_lr': 0.725792157460249}. Best is trial 14 with value: 0.33692474274783746.
checkpoint_e18 window_influence: 0.47169127854687276, penalty_k: 0.45284955285597350, scale_lr: 0.69006377838459831, EAO: 0.315
Trial 91 finished with value: 0.3153207318328234 and parameters: {'window_influence': 0.47169127854687276, 'penalty_k': 0.4528495528559735, 'scale_lr': 0.6900637783845983}. Best is trial 14 with value: 0.33692474274783746.
checkpoint_e18 window_influence: 0.36928207354565484, penalty_k: 0.06275720928726129, scale_lr: 0.41704853660623781, EAO: 0.308
Trial 44 finished with value: 0.30792241546430477 and parameters: {'window_influence': 0.36928207354565484, 'penalty_k': 0.06275720928726129, 'scale_lr': 0.4170485366062378}. Best is trial 31 with value: 0.34328013252655354.
checkpoint_e18 window_influence: 0.45401462326964470, penalty_k: 0.43572968281743646, scale_lr: 0.74337459759242308, EAO: 0.305
Trial 92 finished with value: 0.3054831695347908 and parameters: {'window_influence': 0.4540146232696447, 'penalty_k': 0.43572968281743646, 'scale_lr': 0.7433745975924231}. Best is trial 14 with value: 0.33692474274783746.
checkpoint_e18 window_influence: 0.49033450432079490, penalty_k: 0.34769939326777521, scale_lr: 0.78465725369998862, EAO: 0.303
Trial 93 finished with value: 0.3025271790500745 and parameters: {'window_influence': 0.4903345043207949, 'penalty_k': 0.3476993932677752, 'scale_lr': 0.7846572536999886}. Best is trial 14 with value: 0.33692474274783746.
checkpoint_e18 window_influence: 0.39079795845326404, penalty_k: 0.03219590541870541, scale_lr: 0.37131272542368909, EAO: 0.331
Trial 45 finished with value: 0.3311720832544542 and parameters: {'window_influence': 0.39079795845326404, 'penalty_k': 0.03219590541870541, 'scale_lr': 0.3713127254236891}. Best is trial 31 with value: 0.34328013252655354.
checkpoint_e18 window_influence: 0.43383852865279993, penalty_k: 0.41156035955401737, scale_lr: 0.76098883936146999, EAO: 0.311
Trial 94 finished with value: 0.3112649016575127 and parameters: {'window_influence': 0.4338385286527999, 'penalty_k': 0.4115603595540174, 'scale_lr': 0.76098883936147}. Best is trial 14 with value: 0.33692474274783746.
checkpoint_e18 window_influence: 0.47178051069631127, penalty_k: 0.44329421829000371, scale_lr: 0.71268516818700334, EAO: 0.311
Trial 95 finished with value: 0.31110823148651345 and parameters: {'window_influence': 0.4717805106963113, 'penalty_k': 0.4432942182900037, 'scale_lr': 0.7126851681870033}. Best is trial 14 with value: 0.33692474274783746.
checkpoint_e18 window_influence: 0.39797610009039841, penalty_k: 0.03140720897227055, scale_lr: 0.37835923003247668, EAO: 0.309
Trial 46 finished with value: 0.3088272485287737 and parameters: {'window_influence': 0.3979761000903984, 'penalty_k': 0.03140720897227055, 'scale_lr': 0.3783592300324767}. Best is trial 31 with value: 0.34328013252655354.
checkpoint_e18 window_influence: 0.42074081793650564, penalty_k: 0.36590670962362659, scale_lr: 0.73956321616301990, EAO: 0.325
Trial 96 finished with value: 0.32469123277218886 and parameters: {'window_influence': 0.42074081793650564, 'penalty_k': 0.3659067096236266, 'scale_lr': 0.7395632161630199}. Best is trial 14 with value: 0.33692474274783746.
checkpoint_e18 window_influence: 0.41154186672272253, penalty_k: 0.50113134618307897, scale_lr: 0.73207365538173108, EAO: 0.308
Trial 97 finished with value: 0.3083587955060172 and parameters: {'window_influence': 0.4115418667227225, 'penalty_k': 0.501131346183079, 'scale_lr': 0.7320736553817311}. Best is trial 14 with value: 0.33692474274783746.
checkpoint_e18 window_influence: 0.49003805219409274, penalty_k: 0.08263304405501644, scale_lr: 0.35935670940864239, EAO: 0.318
Trial 47 finished with value: 0.3177174812161041 and parameters: {'window_influence': 0.49003805219409274, 'penalty_k': 0.08263304405501644, 'scale_lr': 0.3593567094086424}. Best is trial 31 with value: 0.34328013252655354.
checkpoint_e18 window_influence: 0.39031550161882550, penalty_k: 0.36498573474436830, scale_lr: 0.76562372298507753, EAO: 0.301
Trial 98 finished with value: 0.30107743017636385 and parameters: {'window_influence': 0.3903155016188255, 'penalty_k': 0.3649857347443683, 'scale_lr': 0.7656237229850775}. Best is trial 14 with value: 0.33692474274783746.
checkpoint_e18 window_influence: 0.42313653076326513, penalty_k: 0.48336202752607743, scale_lr: 0.67261425936785291, EAO: 0.297
Trial 99 finished with value: 0.2969285154620961 and parameters: {'window_influence': 0.42313653076326513, 'penalty_k': 0.48336202752607743, 'scale_lr': 0.6726142593678529}. Best is trial 14 with value: 0.33692474274783746.
checkpoint_e18 window_influence: 0.44204280684849528, penalty_k: 0.03972689533934072, scale_lr: 0.41187874630186561, EAO: 0.318
Trial 48 finished with value: 0.31803900148386155 and parameters: {'window_influence': 0.4420428068484953, 'penalty_k': 0.03972689533934072, 'scale_lr': 0.4118787463018656}. Best is trial 31 with value: 0.34328013252655354.
checkpoint_e18 window_influence: 0.44936003879226138, penalty_k: 0.38080752605817753, scale_lr: 0.78640749474167693, EAO: 0.316
Trial 100 finished with value: 0.3157393558943782 and parameters: {'window_influence': 0.4493600387922614, 'penalty_k': 0.3808075260581775, 'scale_lr': 0.7864074947416769}. Best is trial 14 with value: 0.33692474274783746.
checkpoint_e18 window_influence: 0.46330707950594124, penalty_k: 0.39172489735575433, scale_lr: 0.74602104568075311, EAO: 0.308
Trial 101 finished with value: 0.30787305748416294 and parameters: {'window_influence': 0.46330707950594124, 'penalty_k': 0.39172489735575433, 'scale_lr': 0.7460210456807531}. Best is trial 14 with value: 0.33692474274783746.
checkpoint_e18 window_influence: 0.43544965004209124, penalty_k: 0.42588386565738767, scale_lr: 0.69969294732575316, EAO: 0.311
Trial 102 finished with value: 0.31121759864606746 and parameters: {'window_influence': 0.43544965004209124, 'penalty_k': 0.4258838656573877, 'scale_lr': 0.6996929473257532}. Best is trial 14 with value: 0.33692474274783746.
checkpoint_e18 window_influence: 0.46110253098188536, penalty_k: 0.02134845999393775, scale_lr: 0.31878574833058165, EAO: 0.325
Trial 49 finished with value: 0.3252822966659115 and parameters: {'window_influence': 0.46110253098188536, 'penalty_k': 0.02134845999393775, 'scale_lr': 0.31878574833058165}. Best is trial 31 with value: 0.34328013252655354.
checkpoint_e18 window_influence: 0.49321760442752693, penalty_k: 0.46546578896132590, scale_lr: 0.74150936971743331, EAO: 0.309
Trial 103 finished with value: 0.308932289481163 and parameters: {'window_influence': 0.49321760442752693, 'penalty_k': 0.4654657889613259, 'scale_lr': 0.7415093697174333}. Best is trial 14 with value: 0.33692474274783746.
checkpoint_e18 window_influence: 0.47516776810951067, penalty_k: 0.35001367734786148, scale_lr: 0.76893445980562669, EAO: 0.313
Trial 104 finished with value: 0.31264875921989693 and parameters: {'window_influence': 0.47516776810951067, 'penalty_k': 0.3500136773478615, 'scale_lr': 0.7689344598056267}. Best is trial 14 with value: 0.33692474274783746.
checkpoint_e18 window_influence: 0.35199585539934392, penalty_k: 0.00100272134977524, scale_lr: 0.35871258131033629, EAO: 0.315
Trial 50 finished with value: 0.3154866039057186 and parameters: {'window_influence': 0.3519958553993439, 'penalty_k': 0.0010027213497752372, 'scale_lr': 0.3587125813103363}. Best is trial 31 with value: 0.34328013252655354.
checkpoint_e18 window_influence: 0.45619305425763601, penalty_k: 0.40275719832268070, scale_lr: 0.72210254856169220, EAO: 0.303
Trial 105 finished with value: 0.30333920182652974 and parameters: {'window_influence': 0.456193054257636, 'penalty_k': 0.4027571983226807, 'scale_lr': 0.7221025485616922}. Best is trial 14 with value: 0.33692474274783746.
checkpoint_e18 window_influence: 0.43772230156057657, penalty_k: 0.44910091155219756, scale_lr: 0.75553773163967397, EAO: 0.303
Trial 106 finished with value: 0.30348719981162003 and parameters: {'window_influence': 0.43772230156057657, 'penalty_k': 0.44910091155219756, 'scale_lr': 0.755537731639674}. Best is trial 14 with value: 0.33692474274783746.
checkpoint_e18 window_influence: 0.38247830129085220, penalty_k: 0.06108798535776400, scale_lr: 0.45266373969439189, EAO: 0.323
Trial 51 finished with value: 0.32258076809259706 and parameters: {'window_influence': 0.3824783012908522, 'penalty_k': 0.061087985357764, 'scale_lr': 0.4526637396943919}. Best is trial 31 with value: 0.34328013252655354.
checkpoint_e18 window_influence: 0.50849212911383546, penalty_k: 0.32196164357073809, scale_lr: 0.78476271189208369, EAO: 0.281
Trial 107 finished with value: 0.281304073125008 and parameters: {'window_influence': 0.5084921291138355, 'penalty_k': 0.3219616435707381, 'scale_lr': 0.7847627118920837}. Best is trial 14 with value: 0.33692474274783746.
checkpoint_e18 window_influence: 0.41923144889452563, penalty_k: 0.37112277017903672, scale_lr: 0.79840804997752790, EAO: 0.312
Trial 108 finished with value: 0.3122753440058185 and parameters: {'window_influence': 0.4192314488945256, 'penalty_k': 0.3711227701790367, 'scale_lr': 0.7984080499775279}. Best is trial 14 with value: 0.33692474274783746.
checkpoint_e18 window_influence: 0.40758507964040636, penalty_k: 0.11280838679771030, scale_lr: 0.41054074346307434, EAO: 0.294
Trial 52 finished with value: 0.2940924832677099 and parameters: {'window_influence': 0.40758507964040636, 'penalty_k': 0.1128083867977103, 'scale_lr': 0.41054074346307434}. Best is trial 31 with value: 0.34328013252655354.
checkpoint_e18 window_influence: 0.46469647670039238, penalty_k: 0.33893386675246445, scale_lr: 0.71148797361881377, EAO: 0.311
