Trial 1927 finished with value: 0.30980046870411604 and parameters: {'window_influence': 0.5385335228664679, 'penalty_k': 0.04259997309079924, 'scale_lr': 0.49861636106499607}. Best is trial 1044 with value: 0.36650777071830365.
checkpoint_e29 window_influence: 0.25714252705344320, penalty_k: 0.35784681406818442, scale_lr: 0.19436597837811037, EAO: 0.292
Trial 1928 finished with value: 0.2921679887906123 and parameters: {'window_influence': 0.2571425270534432, 'penalty_k': 0.3578468140681844, 'scale_lr': 0.19436597837811037}. Best is trial 1044 with value: 0.36650777071830365.
Trial 1929 failed with parameters: {'window_influence': 0.6026460463203989, 'penalty_k': 0.1739829601188719, 'scale_lr': 0.7087795015229197} because of the following error: KeyboardInterrupt().
Traceback (most recent call last):
  File "/home/n26092289/anaconda3/envs/my_siamban/lib/python3.7/site-packages/optuna/study/_optimize.py", line 200, in _run_trial
    value_or_values = func(trial)
  File "../../tools/tune.py", line 269, in objective
    outputs = tracker.track(img)
  File "../../tools/tune.py", line 127, in track
    score = self._convert_score(outputs['cls'])
  File "../../tools/tune.py", line 75, in _convert_score
    score = score.softmax(1).detach()[:, 1].cpu().numpy()
KeyboardInterrupt
Trial 1929 failed with value None.
