Trial 447 finished with value: 0.33733390787696094 and parameters: {'window_influence': 0.47319602520151655, 'penalty_k': 0.03253456369710302, 'scale_lr': 0.12064729694443264}. Best is trial 330 with value: 0.36352008859471124.
checkpoint_e31 window_influence: 0.49401530239503660, penalty_k: 0.04890075674071735, scale_lr: 0.10165672033714888, EAO: 0.333
Trial 448 finished with value: 0.3332439419244514 and parameters: {'window_influence': 0.4940153023950366, 'penalty_k': 0.048900756740717345, 'scale_lr': 0.10165672033714888}. Best is trial 330 with value: 0.36352008859471124.
checkpoint_e31 window_influence: 0.45003468803979835, penalty_k: 0.24528237274965184, scale_lr: 0.11730449278380245, EAO: 0.311
Trial 449 finished with value: 0.310538968861335 and parameters: {'window_influence': 0.45003468803979835, 'penalty_k': 0.24528237274965184, 'scale_lr': 0.11730449278380245}. Best is trial 330 with value: 0.36352008859471124.
checkpoint_e31 window_influence: 0.51532724753202375, penalty_k: 0.02811570110060761, scale_lr: 0.14983328351752631, EAO: 0.327
Trial 450 finished with value: 0.32741095461965997 and parameters: {'window_influence': 0.5153272475320237, 'penalty_k': 0.02811570110060761, 'scale_lr': 0.1498332835175263}. Best is trial 330 with value: 0.36352008859471124.
checkpoint_e31 window_influence: 0.33433579802151980, penalty_k: 0.27701790493090228, scale_lr: 0.14723065546101857, EAO: 0.307
Trial 451 finished with value: 0.30701402815399464 and parameters: {'window_influence': 0.3343357980215198, 'penalty_k': 0.2770179049309023, 'scale_lr': 0.14723065546101857}. Best is trial 330 with value: 0.36352008859471124.
checkpoint_e31 window_influence: 0.48102098311742558, penalty_k: 0.10197461919003793, scale_lr: 0.13655180886504908, EAO: 0.322
Trial 452 finished with value: 0.32172044537642586 and parameters: {'window_influence': 0.4810209831174256, 'penalty_k': 0.10197461919003793, 'scale_lr': 0.13655180886504908}. Best is trial 330 with value: 0.36352008859471124.
checkpoint_e31 window_influence: 0.46259135281950320, penalty_k: 0.12757446527134442, scale_lr: 0.33438369366708498, EAO: 0.337
Trial 453 finished with value: 0.3372209591624338 and parameters: {'window_influence': 0.4625913528195032, 'penalty_k': 0.12757446527134442, 'scale_lr': 0.334383693667085}. Best is trial 330 with value: 0.36352008859471124.
checkpoint_e31 window_influence: 0.36123292095849824, penalty_k: 0.06356634992917659, scale_lr: 0.10134809851834529, EAO: 0.322
Trial 454 finished with value: 0.3220887349969218 and parameters: {'window_influence': 0.36123292095849824, 'penalty_k': 0.06356634992917659, 'scale_lr': 0.1013480985183453}. Best is trial 330 with value: 0.36352008859471124.
checkpoint_e31 window_influence: 0.43084256043502506, penalty_k: 0.02224783686175789, scale_lr: 0.16827143147106879, EAO: 0.343
Trial 455 finished with value: 0.34285290463889156 and parameters: {'window_influence': 0.43084256043502506, 'penalty_k': 0.022247836861757894, 'scale_lr': 0.1682714314710688}. Best is trial 330 with value: 0.36352008859471124.
checkpoint_e31 window_influence: 0.53518678655177998, penalty_k: 0.14552556883155648, scale_lr: 0.41002508571138402, EAO: 0.309
Trial 456 finished with value: 0.30937827903241033 and parameters: {'window_influence': 0.53518678655178, 'penalty_k': 0.14552556883155648, 'scale_lr': 0.410025085711384}. Best is trial 330 with value: 0.36352008859471124.
checkpoint_e31 window_influence: 0.40477257423997315, penalty_k: 0.26358049145974860, scale_lr: 0.35424270553260706, EAO: 0.303
Trial 457 finished with value: 0.3030866040677876 and parameters: {'window_influence': 0.40477257423997315, 'penalty_k': 0.2635804914597486, 'scale_lr': 0.35424270553260706}. Best is trial 330 with value: 0.36352008859471124.
checkpoint_e31 window_influence: 0.50718811495487792, penalty_k: 0.04496876791988604, scale_lr: 0.42888337940002519, EAO: 0.308
Trial 458 finished with value: 0.3078922565577095 and parameters: {'window_influence': 0.5071881149548779, 'penalty_k': 0.04496876791988604, 'scale_lr': 0.4288833794000252}. Best is trial 330 with value: 0.36352008859471124.
checkpoint_e31 window_influence: 0.49609827339529761, penalty_k: 0.03307271447072493, scale_lr: 0.21042579681279600, EAO: 0.339
Trial 459 finished with value: 0.3394119743011341 and parameters: {'window_influence': 0.4960982733952976, 'penalty_k': 0.03307271447072493, 'scale_lr': 0.210425796812796}. Best is trial 330 with value: 0.36352008859471124.
checkpoint_e31 window_influence: 0.52135622558286387, penalty_k: 0.08414793054715597, scale_lr: 0.13374306088334742, EAO: 0.320
Trial 460 finished with value: 0.3196460661489212 and parameters: {'window_influence': 0.5213562255828639, 'penalty_k': 0.08414793054715597, 'scale_lr': 0.13374306088334742}. Best is trial 330 with value: 0.36352008859471124.
checkpoint_e31 window_influence: 0.48609983896508152, penalty_k: 0.11244315955385509, scale_lr: 0.31890636191001759, EAO: 0.330
Trial 461 finished with value: 0.33046807812577556 and parameters: {'window_influence': 0.4860998389650815, 'penalty_k': 0.11244315955385509, 'scale_lr': 0.3189063619100176}. Best is trial 330 with value: 0.36352008859471124.
checkpoint_e31 window_influence: 0.47078133971786112, penalty_k: 0.05315346876312708, scale_lr: 0.38926056033050765, EAO: 0.319
Trial 462 finished with value: 0.3190406149231506 and parameters: {'window_influence': 0.4707813397178611, 'penalty_k': 0.05315346876312708, 'scale_lr': 0.38926056033050765}. Best is trial 330 with value: 0.36352008859471124.
checkpoint_e31 window_influence: 0.50577336960112540, penalty_k: 0.23191334062016189, scale_lr: 0.36097597459582575, EAO: 0.317
Trial 463 finished with value: 0.3165163398368813 and parameters: {'window_influence': 0.5057733696011254, 'penalty_k': 0.2319133406201619, 'scale_lr': 0.36097597459582575}. Best is trial 330 with value: 0.36352008859471124.
checkpoint_e31 window_influence: 0.48521448714087034, penalty_k: 0.18591259270185848, scale_lr: 0.11641096157783827, EAO: 0.343
Trial 464 finished with value: 0.34279042018526723 and parameters: {'window_influence': 0.48521448714087034, 'penalty_k': 0.18591259270185848, 'scale_lr': 0.11641096157783827}. Best is trial 330 with value: 0.36352008859471124.
checkpoint_e31 window_influence: 0.05884191202545391, penalty_k: 0.01682955885803784, scale_lr: 0.72475772715890474, EAO: 0.251
Trial 465 finished with value: 0.25062844099237763 and parameters: {'window_influence': 0.05884191202545391, 'penalty_k': 0.01682955885803784, 'scale_lr': 0.7247577271589047}. Best is trial 330 with value: 0.36352008859471124.
checkpoint_e31 window_influence: 0.55172130881914361, penalty_k: 0.04133588909868849, scale_lr: 0.64870333871394015, EAO: 0.321
Trial 466 finished with value: 0.3205620797227793 and parameters: {'window_influence': 0.5517213088191436, 'penalty_k': 0.04133588909868849, 'scale_lr': 0.6487033387139401}. Best is trial 330 with value: 0.36352008859471124.
checkpoint_e31 window_influence: 0.39857089643410359, penalty_k: 0.06836943201260691, scale_lr: 0.26931619784228672, EAO: 0.293
Trial 467 finished with value: 0.2926656248388587 and parameters: {'window_influence': 0.3985708964341036, 'penalty_k': 0.06836943201260691, 'scale_lr': 0.2693161978422867}. Best is trial 330 with value: 0.36352008859471124.
checkpoint_e31 window_influence: 0.45334483947464321, penalty_k: 0.28021208858557112, scale_lr: 0.50618168848840539, EAO: 0.322
Trial 468 finished with value: 0.3216172220757963 and parameters: {'window_influence': 0.4533448394746432, 'penalty_k': 0.2802120885855711, 'scale_lr': 0.5061816884884054}. Best is trial 330 with value: 0.36352008859471124.
checkpoint_e31 window_influence: 0.59425387346644554, penalty_k: 0.02734111487343256, scale_lr: 0.23165250831473608, EAO: 0.309
Trial 469 finished with value: 0.3086152199641276 and parameters: {'window_influence': 0.5942538734664455, 'penalty_k': 0.027341114873432555, 'scale_lr': 0.23165250831473608}. Best is trial 330 with value: 0.36352008859471124.
checkpoint_e31 window_influence: 0.52964413248610409, penalty_k: 0.01857966640652103, scale_lr: 0.43623794058188187, EAO: 0.316
Trial 470 finished with value: 0.3159509133620021 and parameters: {'window_influence': 0.5296441324861041, 'penalty_k': 0.01857966640652103, 'scale_lr': 0.43623794058188187}. Best is trial 330 with value: 0.36352008859471124.
checkpoint_e31 window_influence: 0.50012990331377383, penalty_k: 0.15298009213863581, scale_lr: 0.78619811707902854, EAO: 0.329
Trial 471 finished with value: 0.32891124597087446 and parameters: {'window_influence': 0.5001299033137738, 'penalty_k': 0.1529800921386358, 'scale_lr': 0.7861981170790285}. Best is trial 330 with value: 0.36352008859471124.
checkpoint_e31 window_influence: 0.51558894402627531, penalty_k: 0.09369194769085165, scale_lr: 0.17079427162453303, EAO: 0.320
Trial 472 finished with value: 0.31970427222984776 and parameters: {'window_influence': 0.5155889440262753, 'penalty_k': 0.09369194769085165, 'scale_lr': 0.17079427162453303}. Best is trial 330 with value: 0.36352008859471124.
checkpoint_e31 window_influence: 0.56144594614027465, penalty_k: 0.29030689935546333, scale_lr: 0.41922321541995011, EAO: 0.292
Trial 473 finished with value: 0.29238094354649924 and parameters: {'window_influence': 0.5614459461402747, 'penalty_k': 0.29030689935546333, 'scale_lr': 0.4192232154199501}. Best is trial 330 with value: 0.36352008859471124.
checkpoint_e31 window_influence: 0.47066501146977263, penalty_k: 0.05582218713341856, scale_lr: 0.20711059288733744, EAO: 0.321
Trial 474 finished with value: 0.3214030310453608 and parameters: {'window_influence': 0.47066501146977263, 'penalty_k': 0.05582218713341856, 'scale_lr': 0.20711059288733744}. Best is trial 330 with value: 0.36352008859471124.
checkpoint_e31 window_influence: 0.49429767255889367, penalty_k: 0.30054078983506000, scale_lr: 0.15793945057437170, EAO: 0.307
Trial 475 finished with value: 0.306713399314231 and parameters: {'window_influence': 0.4942976725588937, 'penalty_k': 0.30054078983506, 'scale_lr': 0.1579394505743717}. Best is trial 330 with value: 0.36352008859471124.
checkpoint_e31 window_influence: 0.30876471131143357, penalty_k: 0.16286537227967765, scale_lr: 0.18494672151031516, EAO: 0.301
Trial 476 finished with value: 0.3007491643790605 and parameters: {'window_influence': 0.30876471131143357, 'penalty_k': 0.16286537227967765, 'scale_lr': 0.18494672151031516}. Best is trial 330 with value: 0.36352008859471124.
checkpoint_e31 window_influence: 0.57676514959805103, penalty_k: 0.03510068329647349, scale_lr: 0.25220617732371642, EAO: 0.295
Trial 477 finished with value: 0.29532670000647754 and parameters: {'window_influence': 0.576765149598051, 'penalty_k': 0.03510068329647349, 'scale_lr': 0.2522061773237164}. Best is trial 330 with value: 0.36352008859471124.
checkpoint_e31 window_influence: 0.43608055430309017, penalty_k: 0.07550436909936692, scale_lr: 0.22180119883952221, EAO: 0.313
Trial 478 finished with value: 0.3125889890388756 and parameters: {'window_influence': 0.4360805543030902, 'penalty_k': 0.07550436909936692, 'scale_lr': 0.2218011988395222}. Best is trial 330 with value: 0.36352008859471124.
checkpoint_e31 window_influence: 0.47939055038613282, penalty_k: 0.11927080492495346, scale_lr: 0.34356663648314584, EAO: 0.308
Trial 479 finished with value: 0.3082512247191329 and parameters: {'window_influence': 0.4793905503861328, 'penalty_k': 0.11927080492495346, 'scale_lr': 0.34356663648314584}. Best is trial 330 with value: 0.36352008859471124.
checkpoint_e31 window_influence: 0.54175469129143927, penalty_k: 0.19316895439004170, scale_lr: 0.57754656867245635, EAO: 0.317
Trial 480 finished with value: 0.31701419650348706 and parameters: {'window_influence': 0.5417546912914393, 'penalty_k': 0.1931689543900417, 'scale_lr': 0.5775465686724564}. Best is trial 330 with value: 0.36352008859471124.
checkpoint_e31 window_influence: 0.51543423326206317, penalty_k: 0.31639751020684886, scale_lr: 0.44498802907217971, EAO: 0.301
Trial 481 finished with value: 0.3006970970547153 and parameters: {'window_influence': 0.5154342332620632, 'penalty_k': 0.31639751020684886, 'scale_lr': 0.4449880290721797}. Best is trial 330 with value: 0.36352008859471124.
checkpoint_e31 window_influence: 0.25683199752515357, penalty_k: 0.01479427157643217, scale_lr: 0.29744171615162174, EAO: 0.306
Trial 482 finished with value: 0.3064791056896462 and parameters: {'window_influence': 0.25683199752515357, 'penalty_k': 0.014794271576432174, 'scale_lr': 0.29744171615162174}. Best is trial 330 with value: 0.36352008859471124.
checkpoint_e31 window_influence: 0.28773925881330187, penalty_k: 0.04591513158934882, scale_lr: 0.24106614394685164, EAO: 0.290
Trial 483 finished with value: 0.2904786153874045 and parameters: {'window_influence': 0.28773925881330187, 'penalty_k': 0.04591513158934882, 'scale_lr': 0.24106614394685164}. Best is trial 330 with value: 0.36352008859471124.
checkpoint_e31 window_influence: 0.45815383529922699, penalty_k: 0.02742141369328540, scale_lr: 0.38917176245539120, EAO: 0.314
Trial 484 finished with value: 0.31422115201384176 and parameters: {'window_influence': 0.458153835299227, 'penalty_k': 0.027421413693285396, 'scale_lr': 0.3891717624553912}. Best is trial 330 with value: 0.36352008859471124.
checkpoint_e31 window_influence: 0.61999474950140321, penalty_k: 0.36118732102380940, scale_lr: 0.14174316641773388, EAO: 0.246
Trial 485 finished with value: 0.245541199056091 and parameters: {'window_influence': 0.6199947495014032, 'penalty_k': 0.3611873210238094, 'scale_lr': 0.14174316641773388}. Best is trial 330 with value: 0.36352008859471124.
checkpoint_e31 window_influence: 0.49329555594664531, penalty_k: 0.17086929051959263, scale_lr: 0.10018953343241170, EAO: 0.326
Trial 486 finished with value: 0.32644904407777675 and parameters: {'window_influence': 0.4932955559466453, 'penalty_k': 0.17086929051959263, 'scale_lr': 0.1001895334324117}. Best is trial 330 with value: 0.36352008859471124.
checkpoint_e31 window_influence: 0.34221795613782124, penalty_k: 0.01079796907027070, scale_lr: 0.28029364324041606, EAO: 0.311
Trial 487 finished with value: 0.31137382456532714 and parameters: {'window_influence': 0.34221795613782124, 'penalty_k': 0.0107979690702707, 'scale_lr': 0.28029364324041606}. Best is trial 330 with value: 0.36352008859471124.
checkpoint_e31 window_influence: 0.50809946021660701, penalty_k: 0.13919511460175804, scale_lr: 0.20190490641003797, EAO: 0.337
Trial 488 finished with value: 0.33705383028965513 and parameters: {'window_influence': 0.508099460216607, 'penalty_k': 0.13919511460175804, 'scale_lr': 0.20190490641003797}. Best is trial 330 with value: 0.36352008859471124.
checkpoint_e31 window_influence: 0.20503641838423717, penalty_k: 0.06002016052392460, scale_lr: 0.26462730953972696, EAO: 0.295
Trial 489 finished with value: 0.29488106895281646 and parameters: {'window_influence': 0.20503641838423717, 'penalty_k': 0.0600201605239246, 'scale_lr': 0.26462730953972696}. Best is trial 330 with value: 0.36352008859471124.
checkpoint_e31 window_influence: 0.47847198636418742, penalty_k: 0.03953307080239157, scale_lr: 0.22289359322118008, EAO: 0.317
Trial 490 finished with value: 0.3168775222412807 and parameters: {'window_influence': 0.4784719863641874, 'penalty_k': 0.039533070802391566, 'scale_lr': 0.22289359322118008}. Best is trial 330 with value: 0.36352008859471124.
checkpoint_e31 window_influence: 0.37770341713644284, penalty_k: 0.10448929294808711, scale_lr: 0.11762045690440300, EAO: 0.330
Trial 491 finished with value: 0.33003437687218884 and parameters: {'window_influence': 0.37770341713644284, 'penalty_k': 0.1044892929480871, 'scale_lr': 0.117620456904403}. Best is trial 330 with value: 0.36352008859471124.
checkpoint_e31 window_influence: 0.52906244400240399, penalty_k: 0.02435173147916613, scale_lr: 0.52952874490602364, EAO: 0.306
Trial 492 finished with value: 0.3056700467947392 and parameters: {'window_influence': 0.529062444002404, 'penalty_k': 0.02435173147916613, 'scale_lr': 0.5295287449060236}. Best is trial 330 with value: 0.36352008859471124.
checkpoint_e31 window_influence: 0.46600198090361222, penalty_k: 0.25297024229201731, scale_lr: 0.37070838108669885, EAO: 0.315
Trial 493 finished with value: 0.3145352923800509 and parameters: {'window_influence': 0.4660019809036122, 'penalty_k': 0.2529702422920173, 'scale_lr': 0.37070838108669885}. Best is trial 330 with value: 0.36352008859471124.
checkpoint_e31 window_influence: 0.49641185864429543, penalty_k: 0.08431977417092028, scale_lr: 0.24344411405216179, EAO: 0.329
Trial 494 finished with value: 0.32889259238419366 and parameters: {'window_influence': 0.49641185864429543, 'penalty_k': 0.08431977417092028, 'scale_lr': 0.2434441140521618}. Best is trial 330 with value: 0.36352008859471124.
checkpoint_e31 window_influence: 0.48729116834451980, penalty_k: 0.24029589855789807, scale_lr: 0.40469633851159298, EAO: 0.317
Trial 495 finished with value: 0.31714881631882735 and parameters: {'window_influence': 0.4872911683445198, 'penalty_k': 0.24029589855789807, 'scale_lr': 0.404696338511593}. Best is trial 330 with value: 0.36352008859471124.
checkpoint_e31 window_influence: 0.50879054619977049, penalty_k: 0.34579498316410956, scale_lr: 0.47068730579505297, EAO: 0.327
Trial 496 finished with value: 0.32675161934548314 and parameters: {'window_influence': 0.5087905461997705, 'penalty_k': 0.34579498316410956, 'scale_lr': 0.47068730579505297}. Best is trial 330 with value: 0.36352008859471124.
checkpoint_e31 window_influence: 0.64547553183415673, penalty_k: 0.05206272426887940, scale_lr: 0.12741202410762870, EAO: 0.266
Trial 497 finished with value: 0.26618933289199487 and parameters: {'window_influence': 0.6454755318341567, 'penalty_k': 0.052062724268879396, 'scale_lr': 0.1274120241076287}. Best is trial 330 with value: 0.36352008859471124.
checkpoint_e31 window_influence: 0.33644110777528241, penalty_k: 0.12749579219484419, scale_lr: 0.51276655473499932, EAO: 0.318
Trial 498 finished with value: 0.31765507039856816 and parameters: {'window_influence': 0.3364411077752824, 'penalty_k': 0.1274957921948442, 'scale_lr': 0.5127665547349993}. Best is trial 330 with value: 0.36352008859471124.
checkpoint_e31 window_influence: 0.42143979734758003, penalty_k: 0.00880074024341409, scale_lr: 0.31005497050609898, EAO: 0.305
Trial 499 finished with value: 0.3048185495666957 and parameters: {'window_influence': 0.42143979734758, 'penalty_k': 0.008800740243414085, 'scale_lr': 0.310054970506099}. Best is trial 330 with value: 0.36352008859471124.
checkpoint_e31 window_influence: 0.52416353038179853, penalty_k: 0.22188564928506060, scale_lr: 0.55291271195399283, EAO: 0.316
Trial 500 finished with value: 0.3160918778830465 and parameters: {'window_influence': 0.5241635303817985, 'penalty_k': 0.2218856492850606, 'scale_lr': 0.5529127119539928}. Best is trial 330 with value: 0.36352008859471124.
checkpoint_e31 window_influence: 0.44767275563686532, penalty_k: 0.32357372163922699, scale_lr: 0.18019000412628391, EAO: 0.318
Trial 501 finished with value: 0.31819515254942826 and parameters: {'window_influence': 0.4476727556368653, 'penalty_k': 0.323573721639227, 'scale_lr': 0.18019000412628391}. Best is trial 330 with value: 0.36352008859471124.
checkpoint_e31 window_influence: 0.47435055819591915, penalty_k: 0.03490563276647161, scale_lr: 0.16041061784375668, EAO: 0.332
Trial 502 finished with value: 0.3324420247444383 and parameters: {'window_influence': 0.47435055819591915, 'penalty_k': 0.034905632766471614, 'scale_lr': 0.16041061784375668}. Best is trial 330 with value: 0.36352008859471124.
checkpoint_e31 window_influence: 0.50183372676295335, penalty_k: 0.06973763764895273, scale_lr: 0.44075957114354941, EAO: 0.323
Trial 503 finished with value: 0.3232128545931805 and parameters: {'window_influence': 0.5018337267629533, 'penalty_k': 0.06973763764895273, 'scale_lr': 0.4407595711435494}. Best is trial 330 with value: 0.36352008859471124.
checkpoint_e31 window_influence: 0.48650811733377292, penalty_k: 0.02194164497228654, scale_lr: 0.21735736445125850, EAO: 0.338
Trial 504 finished with value: 0.33790050302034225 and parameters: {'window_influence': 0.4865081173337729, 'penalty_k': 0.02194164497228654, 'scale_lr': 0.2173573644512585}. Best is trial 330 with value: 0.36352008859471124.
checkpoint_e31 window_influence: 0.51521125962875747, penalty_k: 0.04486780897105212, scale_lr: 0.42125527921637823, EAO: 0.310
Trial 505 finished with value: 0.3103578110381323 and parameters: {'window_influence': 0.5152112596287575, 'penalty_k': 0.044867808971052116, 'scale_lr': 0.42125527921637823}. Best is trial 330 with value: 0.36352008859471124.
checkpoint_e31 window_influence: 0.15082231329046078, penalty_k: 0.20289679863672724, scale_lr: 0.19536379321982128, EAO: 0.269
Trial 506 finished with value: 0.26916771025509223 and parameters: {'window_influence': 0.15082231329046078, 'penalty_k': 0.20289679863672724, 'scale_lr': 0.19536379321982128}. Best is trial 330 with value: 0.36352008859471124.
checkpoint_e31 window_influence: 0.53877161155772202, penalty_k: 0.00009830119152920, scale_lr: 0.23261903493735345, EAO: 0.296
Trial 507 finished with value: 0.29632056142105667 and parameters: {'window_influence': 0.538771611557722, 'penalty_k': 9.830119152919991e-05, 'scale_lr': 0.23261903493735345}. Best is trial 330 with value: 0.36352008859471124.
checkpoint_e31 window_influence: 0.58170615303523443, penalty_k: 0.09579412779683759, scale_lr: 0.14247133949646329, EAO: 0.297
Trial 508 finished with value: 0.29689027403811075 and parameters: {'window_influence': 0.5817061530352344, 'penalty_k': 0.09579412779683759, 'scale_lr': 0.1424713394964633}. Best is trial 330 with value: 0.36352008859471124.
checkpoint_e31 window_influence: 0.46437657130167420, penalty_k: 0.03184555350331805, scale_lr: 0.25307713484596805, EAO: 0.345
