Trial 3511 finished with value: 0.29739822348731965 and parameters: {'window_influence': 0.5574706323256409, 'penalty_k': 0.13900128465477044, 'scale_lr': 0.5481929706175684}. Best is trial 1270 with value: 0.3623636909959845.
checkpoint_e22 window_influence: 0.43032557888167855, penalty_k: 0.50249711446524814, scale_lr: 0.33015256429658557, EAO: 0.287
Trial 3512 finished with value: 0.2865726399862349 and parameters: {'window_influence': 0.43032557888167855, 'penalty_k': 0.5024971144652481, 'scale_lr': 0.33015256429658557}. Best is trial 1270 with value: 0.3623636909959845.
checkpoint_e22 window_influence: 0.48440193998294917, penalty_k: 0.06794144749238247, scale_lr: 0.63232760388970766, EAO: 0.324
Trial 3513 finished with value: 0.3240010028683258 and parameters: {'window_influence': 0.48440193998294917, 'penalty_k': 0.06794144749238247, 'scale_lr': 0.6323276038897077}. Best is trial 1270 with value: 0.3623636909959845.
checkpoint_e22 window_influence: 0.44915705541285550, penalty_k: 0.51742933570991134, scale_lr: 0.52546463341214933, EAO: 0.309
Trial 3514 finished with value: 0.30925287659993894 and parameters: {'window_influence': 0.4491570554128555, 'penalty_k': 0.5174293357099113, 'scale_lr': 0.5254646334121493}. Best is trial 1270 with value: 0.3623636909959845.
checkpoint_e22 window_influence: 0.47167852582173952, penalty_k: 0.02028281583545021, scale_lr: 0.68031383425740599, EAO: 0.346
Trial 3515 finished with value: 0.34627078653309595 and parameters: {'window_influence': 0.4716785258217395, 'penalty_k': 0.02028281583545021, 'scale_lr': 0.680313834257406}. Best is trial 1270 with value: 0.3623636909959845.
checkpoint_e22 window_influence: 0.34419162585492935, penalty_k: 0.08694394379243388, scale_lr: 0.58382978041864009, EAO: 0.310
Trial 3516 finished with value: 0.3095768364834878 and parameters: {'window_influence': 0.34419162585492935, 'penalty_k': 0.08694394379243388, 'scale_lr': 0.5838297804186401}. Best is trial 1270 with value: 0.3623636909959845.
checkpoint_e22 window_influence: 0.50197627267271505, penalty_k: 0.38005356738491880, scale_lr: 0.20936693814603646, EAO: 0.314
Trial 3517 finished with value: 0.3135871536420941 and parameters: {'window_influence': 0.501976272672715, 'penalty_k': 0.3800535673849188, 'scale_lr': 0.20936693814603646}. Best is trial 1270 with value: 0.3623636909959845.
checkpoint_e22 window_influence: 0.45899308835283043, penalty_k: 0.39017097975093629, scale_lr: 0.11461234967591544, EAO: 0.295
Trial 3518 finished with value: 0.29522569848637636 and parameters: {'window_influence': 0.4589930883528304, 'penalty_k': 0.3901709797509363, 'scale_lr': 0.11461234967591544}. Best is trial 1270 with value: 0.3623636909959845.
checkpoint_e22 window_influence: 0.47968361468027132, penalty_k: 0.11666995883990133, scale_lr: 0.46320314366378407, EAO: 0.327
Trial 3519 finished with value: 0.32734172005597717 and parameters: {'window_influence': 0.4796836146802713, 'penalty_k': 0.11666995883990133, 'scale_lr': 0.46320314366378407}. Best is trial 1270 with value: 0.3623636909959845.
checkpoint_e22 window_influence: 0.44022413475104211, penalty_k: 0.04841042499141550, scale_lr: 0.35505563086243730, EAO: 0.322
Trial 3520 finished with value: 0.3221318329818518 and parameters: {'window_influence': 0.4402241347510421, 'penalty_k': 0.0484104249914155, 'scale_lr': 0.3550556308624373}. Best is trial 1270 with value: 0.3623636909959845.
checkpoint_e22 window_influence: 0.16210810734076528, penalty_k: 0.22461865044561938, scale_lr: 0.60223786175396965, EAO: 0.260
Trial 3521 finished with value: 0.26039597844335355 and parameters: {'window_influence': 0.16210810734076528, 'penalty_k': 0.22461865044561938, 'scale_lr': 0.6022378617539696}. Best is trial 1270 with value: 0.3623636909959845.
checkpoint_e22 window_influence: 0.49471791560404171, penalty_k: 0.02837365866824011, scale_lr: 0.48717899166719608, EAO: 0.325
Trial 3522 finished with value: 0.32523108265047407 and parameters: {'window_influence': 0.4947179156040417, 'penalty_k': 0.028373658668240112, 'scale_lr': 0.4871789916671961}. Best is trial 1270 with value: 0.3623636909959845.
checkpoint_e22 window_influence: 0.46563122049674488, penalty_k: 0.32457977756064421, scale_lr: 0.10263109493664413, EAO: 0.309
Trial 3523 finished with value: 0.30932644148744964 and parameters: {'window_influence': 0.4656312204967449, 'penalty_k': 0.3245797775606442, 'scale_lr': 0.10263109493664413}. Best is trial 1270 with value: 0.3623636909959845.
checkpoint_e22 window_influence: 0.60014214214478034, penalty_k: 0.01121919984216846, scale_lr: 0.44253187303246705, EAO: 0.256
Trial 3524 finished with value: 0.25609793893789967 and parameters: {'window_influence': 0.6001421421447803, 'penalty_k': 0.011219199842168456, 'scale_lr': 0.44253187303246705}. Best is trial 1270 with value: 0.3623636909959845.
checkpoint_e22 window_influence: 0.41174861528094253, penalty_k: 0.52898186230137512, scale_lr: 0.32160175076168002, EAO: 0.288
Trial 3525 finished with value: 0.2883530916638875 and parameters: {'window_influence': 0.41174861528094253, 'penalty_k': 0.5289818623013751, 'scale_lr': 0.32160175076168}. Best is trial 1270 with value: 0.3623636909959845.
checkpoint_e22 window_influence: 0.61061303763326591, penalty_k: 0.14824278853691214, scale_lr: 0.70993651855630568, EAO: 0.239
Trial 3526 finished with value: 0.2393647253165449 and parameters: {'window_influence': 0.6106130376332659, 'penalty_k': 0.14824278853691214, 'scale_lr': 0.7099365185563057}. Best is trial 1270 with value: 0.3623636909959845.
checkpoint_e22 window_influence: 0.48590734587382933, penalty_k: 0.10826427386118528, scale_lr: 0.41560275198313723, EAO: 0.323
Trial 3527 finished with value: 0.3231804083873326 and parameters: {'window_influence': 0.48590734587382933, 'penalty_k': 0.10826427386118528, 'scale_lr': 0.41560275198313723}. Best is trial 1270 with value: 0.3623636909959845.
checkpoint_e22 window_influence: 0.47533954649527776, penalty_k: 0.17929058541546367, scale_lr: 0.76910258058544878, EAO: 0.320
Trial 3528 finished with value: 0.31976248457274087 and parameters: {'window_influence': 0.47533954649527776, 'penalty_k': 0.17929058541546367, 'scale_lr': 0.7691025805854488}. Best is trial 1270 with value: 0.3623636909959845.
checkpoint_e22 window_influence: 0.45565751862225384, penalty_k: 0.24088237854283057, scale_lr: 0.72391106641694636, EAO: 0.309
Trial 3529 finished with value: 0.308693181563908 and parameters: {'window_influence': 0.45565751862225384, 'penalty_k': 0.24088237854283057, 'scale_lr': 0.7239110664169464}. Best is trial 1270 with value: 0.3623636909959845.
checkpoint_e22 window_influence: 0.25505763537054632, penalty_k: 0.27750796278610668, scale_lr: 0.24072271696397837, EAO: 0.271
Trial 3530 finished with value: 0.2705906288633087 and parameters: {'window_influence': 0.2550576353705463, 'penalty_k': 0.2775079627861067, 'scale_lr': 0.24072271696397837}. Best is trial 1270 with value: 0.3623636909959845.
checkpoint_e22 window_influence: 0.32397057524850936, penalty_k: 0.07151173831845833, scale_lr: 0.37882467094858635, EAO: 0.284
Trial 3531 finished with value: 0.28364255525722576 and parameters: {'window_influence': 0.32397057524850936, 'penalty_k': 0.07151173831845833, 'scale_lr': 0.37882467094858635}. Best is trial 1270 with value: 0.3623636909959845.
checkpoint_e22 window_influence: 0.51134170494692210, penalty_k: 0.25714195148708313, scale_lr: 0.61955691990500172, EAO: 0.311
Trial 3532 finished with value: 0.31093961742601506 and parameters: {'window_influence': 0.5113417049469221, 'penalty_k': 0.25714195148708313, 'scale_lr': 0.6195569199050017}. Best is trial 1270 with value: 0.3623636909959845.
checkpoint_e22 window_influence: 0.46691972381096830, penalty_k: 0.20605390785621830, scale_lr: 0.56842572893712096, EAO: 0.303
Trial 3533 finished with value: 0.30276592029439797 and parameters: {'window_influence': 0.4669197238109683, 'penalty_k': 0.2060539078562183, 'scale_lr': 0.568425728937121}. Best is trial 1270 with value: 0.3623636909959845.
checkpoint_e22 window_influence: 0.39861053076376685, penalty_k: 0.12522371164399607, scale_lr: 0.66243653702626193, EAO: 0.317
Trial 3534 finished with value: 0.31667019281869735 and parameters: {'window_influence': 0.39861053076376685, 'penalty_k': 0.12522371164399607, 'scale_lr': 0.6624365370262619}. Best is trial 1270 with value: 0.3623636909959845.
checkpoint_e22 window_influence: 0.06418385485626593, penalty_k: 0.00019552245848749, scale_lr: 0.51351478231919634, EAO: 0.262
Trial 3535 finished with value: 0.26163479952496776 and parameters: {'window_influence': 0.06418385485626593, 'penalty_k': 0.00019552245848748718, 'scale_lr': 0.5135147823191963}. Best is trial 1270 with value: 0.3623636909959845.
checkpoint_e22 window_influence: 0.44733216718772900, penalty_k: 0.09195382883570388, scale_lr: 0.74797394410920126, EAO: 0.317
Trial 3536 finished with value: 0.31725987502109215 and parameters: {'window_influence': 0.447332167187729, 'penalty_k': 0.09195382883570388, 'scale_lr': 0.7479739441092013}. Best is trial 1270 with value: 0.3623636909959845.
checkpoint_e22 window_influence: 0.55691215265320781, penalty_k: 0.00020153783306966, scale_lr: 0.48645608398186946, EAO: 0.303
Trial 3537 finished with value: 0.303315608939772 and parameters: {'window_influence': 0.5569121526532078, 'penalty_k': 0.00020153783306965564, 'scale_lr': 0.48645608398186946}. Best is trial 1270 with value: 0.3623636909959845.
checkpoint_e22 window_influence: 0.49105579724728748, penalty_k: 0.04256315148392191, scale_lr: 0.69384205606229654, EAO: 0.314
Trial 3538 finished with value: 0.31413344470675353 and parameters: {'window_influence': 0.4910557972472875, 'penalty_k': 0.04256315148392191, 'scale_lr': 0.6938420560622965}. Best is trial 1270 with value: 0.3623636909959845.
checkpoint_e22 window_influence: 0.43060929462303427, penalty_k: 0.01928137540744387, scale_lr: 0.54546882384420603, EAO: 0.337
Trial 3539 finished with value: 0.33746037385806965 and parameters: {'window_influence': 0.43060929462303427, 'penalty_k': 0.019281375407443867, 'scale_lr': 0.545468823844206}. Best is trial 1270 with value: 0.3623636909959845.
checkpoint_e22 window_influence: 0.47367364764447967, penalty_k: 0.07905043857217187, scale_lr: 0.59137510865774834, EAO: 0.333
Trial 3540 finished with value: 0.33267933628902363 and parameters: {'window_influence': 0.47367364764447967, 'penalty_k': 0.07905043857217187, 'scale_lr': 0.5913751086577483}. Best is trial 1270 with value: 0.3623636909959845.
checkpoint_e22 window_influence: 0.50294113936924489, penalty_k: 0.28792577075357423, scale_lr: 0.39022621807949165, EAO: 0.291
Trial 3541 finished with value: 0.2913980438203663 and parameters: {'window_influence': 0.5029411393692449, 'penalty_k': 0.28792577075357423, 'scale_lr': 0.39022621807949165}. Best is trial 1270 with value: 0.3623636909959845.
checkpoint_e22 window_influence: 0.21319756160804423, penalty_k: 0.05787934831313434, scale_lr: 0.45331236473820913, EAO: 0.277
Trial 3542 finished with value: 0.27660070510457924 and parameters: {'window_influence': 0.21319756160804423, 'penalty_k': 0.057879348313134335, 'scale_lr': 0.45331236473820913}. Best is trial 1270 with value: 0.3623636909959845.
checkpoint_e22 window_influence: 0.48413125397262180, penalty_k: 0.03227223920551849, scale_lr: 0.33822646156603420, EAO: 0.311
Trial 3543 finished with value: 0.3105374470874957 and parameters: {'window_influence': 0.4841312539726218, 'penalty_k': 0.032272239205518485, 'scale_lr': 0.3382264615660342}. Best is trial 1270 with value: 0.3623636909959845.
checkpoint_e22 window_influence: 0.45669524623317342, penalty_k: 0.10557756044664174, scale_lr: 0.31473946132103581, EAO: 0.325
Trial 3544 finished with value: 0.32481198494072555 and parameters: {'window_influence': 0.4566952462331734, 'penalty_k': 0.10557756044664174, 'scale_lr': 0.3147394613210358}. Best is trial 1270 with value: 0.3623636909959845.
checkpoint_e22 window_influence: 0.27181899666831000, penalty_k: 0.01108532972130788, scale_lr: 0.52689212029029642, EAO: 0.274
Trial 3545 finished with value: 0.2738762693878278 and parameters: {'window_influence': 0.27181899666831, 'penalty_k': 0.01108532972130788, 'scale_lr': 0.5268921202902964}. Best is trial 1270 with value: 0.3623636909959845.
checkpoint_e22 window_influence: 0.46643615840174302, penalty_k: 0.56744278568056861, scale_lr: 0.61276115344801318, EAO: 0.299
Trial 3546 finished with value: 0.2989205500611071 and parameters: {'window_influence': 0.466436158401743, 'penalty_k': 0.5674427856805686, 'scale_lr': 0.6127611534480132}. Best is trial 1270 with value: 0.3623636909959845.
checkpoint_e22 window_influence: 0.48012548923448528, penalty_k: 0.16176386168563395, scale_lr: 0.47921151524702665, EAO: 0.317
Trial 3547 finished with value: 0.3168864596330702 and parameters: {'window_influence': 0.4801254892344853, 'penalty_k': 0.16176386168563395, 'scale_lr': 0.47921151524702665}. Best is trial 1270 with value: 0.3623636909959845.
checkpoint_e22 window_influence: 0.23410605445144572, penalty_k: 0.13304848140960776, scale_lr: 0.67288608350296231, EAO: 0.271
Trial 3548 finished with value: 0.2711729808540196 and parameters: {'window_influence': 0.23410605445144572, 'penalty_k': 0.13304848140960776, 'scale_lr': 0.6728860835029623}. Best is trial 1270 with value: 0.3623636909959845.
checkpoint_e22 window_influence: 0.44079467600139294, penalty_k: 0.09717177123213913, scale_lr: 0.63858353723154748, EAO: 0.310
Trial 3549 finished with value: 0.3103525990526036 and parameters: {'window_influence': 0.44079467600139294, 'penalty_k': 0.09717177123213913, 'scale_lr': 0.6385835372315475}. Best is trial 1270 with value: 0.3623636909959845.
checkpoint_e22 window_influence: 0.17058077080118703, penalty_k: 0.26096610795632003, scale_lr: 0.34734326062229742, EAO: 0.285
Trial 3550 finished with value: 0.2851079821238722 and parameters: {'window_influence': 0.17058077080118703, 'penalty_k': 0.26096610795632, 'scale_lr': 0.3473432606222974}. Best is trial 1270 with value: 0.3623636909959845.
checkpoint_e22 window_influence: 0.52169809320642757, penalty_k: 0.46415411566790543, scale_lr: 0.17795609827097988, EAO: 0.288
Trial 3551 finished with value: 0.28755196024471685 and parameters: {'window_influence': 0.5216980932064276, 'penalty_k': 0.46415411566790543, 'scale_lr': 0.17795609827097988}. Best is trial 1270 with value: 0.3623636909959845.
checkpoint_e22 window_influence: 0.36773085032045050, penalty_k: 0.18541203339726797, scale_lr: 0.23294634893320762, EAO: 0.285
Trial 3552 finished with value: 0.2851727564859019 and parameters: {'window_influence': 0.3677308503204505, 'penalty_k': 0.18541203339726797, 'scale_lr': 0.23294634893320762}. Best is trial 1270 with value: 0.3623636909959845.
checkpoint_e22 window_influence: 0.41784022772462204, penalty_k: 0.01999156880668623, scale_lr: 0.73397174740394155, EAO: 0.304
Trial 3553 finished with value: 0.3042373076835031 and parameters: {'window_influence': 0.41784022772462204, 'penalty_k': 0.019991568806686226, 'scale_lr': 0.7339717474039416}. Best is trial 1270 with value: 0.3623636909959845.
checkpoint_e22 window_influence: 0.49224829742850712, penalty_k: 0.43143342919153427, scale_lr: 0.15254571640275985, EAO: 0.277
Trial 3554 finished with value: 0.2771073906802018 and parameters: {'window_influence': 0.4922482974285071, 'penalty_k': 0.43143342919153427, 'scale_lr': 0.15254571640275985}. Best is trial 1270 with value: 0.3623636909959845.
checkpoint_e22 window_influence: 0.45147991580865637, penalty_k: 0.11641212730826278, scale_lr: 0.14133622366438153, EAO: 0.320
Trial 3555 finished with value: 0.3195871811664522 and parameters: {'window_influence': 0.4514799158086564, 'penalty_k': 0.11641212730826278, 'scale_lr': 0.14133622366438153}. Best is trial 1270 with value: 0.3623636909959845.
checkpoint_e22 window_influence: 0.46568242496414824, penalty_k: 0.58462800258400893, scale_lr: 0.43007562149048434, EAO: 0.277
Trial 3556 finished with value: 0.27739998414126815 and parameters: {'window_influence': 0.46568242496414824, 'penalty_k': 0.5846280025840089, 'scale_lr': 0.43007562149048434}. Best is trial 1270 with value: 0.3623636909959845.
checkpoint_e22 window_influence: 0.58747956747158958, penalty_k: 0.06369369140633034, scale_lr: 0.57872117369382881, EAO: 0.267
Trial 3557 finished with value: 0.26729695510539564 and parameters: {'window_influence': 0.5874795674715896, 'penalty_k': 0.06369369140633034, 'scale_lr': 0.5787211736938288}. Best is trial 1270 with value: 0.3623636909959845.
checkpoint_e22 window_influence: 0.47649135938075926, penalty_k: 0.03485876618536884, scale_lr: 0.56153868171850396, EAO: 0.337
Trial 3558 finished with value: 0.33674589263326 and parameters: {'window_influence': 0.47649135938075926, 'penalty_k': 0.034858766185368845, 'scale_lr': 0.561538681718504}. Best is trial 1270 with value: 0.3623636909959845.
checkpoint_e22 window_influence: 0.53804194798404237, penalty_k: 0.07709630749403325, scale_lr: 0.62631442226281187, EAO: 0.291
Trial 3559 finished with value: 0.2906534314039616 and parameters: {'window_influence': 0.5380419479840424, 'penalty_k': 0.07709630749403325, 'scale_lr': 0.6263144222628119}. Best is trial 1270 with value: 0.3623636909959845.
checkpoint_e22 window_influence: 0.28098705947082525, penalty_k: 0.14392434233294712, scale_lr: 0.36487057366730763, EAO: 0.289
Trial 3560 finished with value: 0.28917924752495167 and parameters: {'window_influence': 0.28098705947082525, 'penalty_k': 0.14392434233294712, 'scale_lr': 0.36487057366730763}. Best is trial 1270 with value: 0.3623636909959845.
checkpoint_e22 window_influence: 0.56287544705665760, penalty_k: 0.00998581248911036, scale_lr: 0.15789728222050486, EAO: 0.296
Trial 3561 finished with value: 0.2959890969184586 and parameters: {'window_influence': 0.5628754470566576, 'penalty_k': 0.009985812489110362, 'scale_lr': 0.15789728222050486}. Best is trial 1270 with value: 0.3623636909959845.
checkpoint_e22 window_influence: 0.11616714644528284, penalty_k: 0.00013304120199507, scale_lr: 0.49423396821304821, EAO: 0.247
Trial 3562 finished with value: 0.24700528510813582 and parameters: {'window_influence': 0.11616714644528284, 'penalty_k': 0.00013304120199506632, 'scale_lr': 0.4942339682130482}. Best is trial 1270 with value: 0.3623636909959845.
checkpoint_e22 window_influence: 0.28368652913081993, penalty_k: 0.04506254876868368, scale_lr: 0.19868410306220943, EAO: 0.285
Trial 3563 finished with value: 0.28538687185090805 and parameters: {'window_influence': 0.28368652913081993, 'penalty_k': 0.04506254876868368, 'scale_lr': 0.19868410306220943}. Best is trial 1270 with value: 0.3623636909959845.
checkpoint_e22 window_influence: 0.50453993511144180, penalty_k: 0.08873996362920925, scale_lr: 0.40516378767093725, EAO: 0.316
Trial 3564 finished with value: 0.3156935366211234 and parameters: {'window_influence': 0.5045399351114418, 'penalty_k': 0.08873996362920925, 'scale_lr': 0.40516378767093725}. Best is trial 1270 with value: 0.3623636909959845.
checkpoint_e22 window_influence: 0.64741907959988065, penalty_k: 0.02498081217864573, scale_lr: 0.60315117740788471, EAO: 0.234
Trial 3565 finished with value: 0.23410452426871436 and parameters: {'window_influence': 0.6474190795998807, 'penalty_k': 0.02498081217864573, 'scale_lr': 0.6031511774078847}. Best is trial 1270 with value: 0.3623636909959845.
checkpoint_e22 window_influence: 0.37799607554932557, penalty_k: 0.34283298670613466, scale_lr: 0.65996268201838326, EAO: 0.317
Trial 3566 finished with value: 0.3174785329210155 and parameters: {'window_influence': 0.37799607554932557, 'penalty_k': 0.34283298670613466, 'scale_lr': 0.6599626820183833}. Best is trial 1270 with value: 0.3623636909959845.
checkpoint_e22 window_influence: 0.49003316513116479, penalty_k: 0.41285806048346668, scale_lr: 0.45876384258422132, EAO: 0.293
Trial 3567 finished with value: 0.2927501275845539 and parameters: {'window_influence': 0.4900331651311648, 'penalty_k': 0.4128580604834667, 'scale_lr': 0.4587638425842213}. Best is trial 1270 with value: 0.3623636909959845.
checkpoint_e22 window_influence: 0.45931366683824709, penalty_k: 0.54524818635001360, scale_lr: 0.24729659957550312, EAO: 0.293
Trial 3568 finished with value: 0.2931300146570465 and parameters: {'window_influence': 0.4593136668382471, 'penalty_k': 0.5452481863500136, 'scale_lr': 0.24729659957550312}. Best is trial 1270 with value: 0.3623636909959845.
checkpoint_e22 window_influence: 0.47577935408875527, penalty_k: 0.31087661666802119, scale_lr: 0.71186688457220670, EAO: 0.307
Trial 3569 finished with value: 0.3070095473110444 and parameters: {'window_influence': 0.47577935408875527, 'penalty_k': 0.3108766166680212, 'scale_lr': 0.7118668845722067}. Best is trial 1270 with value: 0.3623636909959845.
checkpoint_e22 window_influence: 0.43797738068726000, penalty_k: 0.12929546184926208, scale_lr: 0.32034905401135727, EAO: 0.317
Trial 3570 finished with value: 0.31660623604917343 and parameters: {'window_influence': 0.43797738068726, 'penalty_k': 0.12929546184926208, 'scale_lr': 0.32034905401135727}. Best is trial 1270 with value: 0.3623636909959845.
checkpoint_e22 window_influence: 0.30895628532870423, penalty_k: 0.48776727007885790, scale_lr: 0.47463218561810122, EAO: 0.280
Trial 3571 finished with value: 0.27984347678576 and parameters: {'window_influence': 0.3089562853287042, 'penalty_k': 0.4877672700788579, 'scale_lr': 0.4746321856181012}. Best is trial 1270 with value: 0.3623636909959845.
checkpoint_e22 window_influence: 0.45141782512454903, penalty_k: 0.27772744085867074, scale_lr: 0.44442301798079548, EAO: 0.314
