Trial 236 finished with value: 0.30115638580535636 and parameters: {'window_influence': 0.4068342712563553, 'penalty_k': 0.5639747522630211, 'scale_lr': 0.7542572401569729}. Best is trial 14 with value: 0.33692474274783746.
checkpoint_e18 window_influence: 0.38489414208935596, penalty_k: 0.05570041562812524, scale_lr: 0.43207879795992599, EAO: 0.323
Trial 112 finished with value: 0.32341640387527676 and parameters: {'window_influence': 0.38489414208935596, 'penalty_k': 0.05570041562812524, 'scale_lr': 0.432078797959926}. Best is trial 31 with value: 0.34328013252655354.
checkpoint_e18 window_influence: 0.29479673219652591, penalty_k: 0.42116014278392844, scale_lr: 0.73429927979432441, EAO: 0.278
Trial 237 finished with value: 0.27825726649872523 and parameters: {'window_influence': 0.2947967321965259, 'penalty_k': 0.42116014278392844, 'scale_lr': 0.7342992797943244}. Best is trial 14 with value: 0.33692474274783746.
checkpoint_e18 window_influence: 0.38578424517431892, penalty_k: 0.40858025696827782, scale_lr: 0.75635401761354748, EAO: 0.296
Trial 238 finished with value: 0.2955703205403651 and parameters: {'window_influence': 0.3857842451743189, 'penalty_k': 0.4085802569682778, 'scale_lr': 0.7563540176135475}. Best is trial 14 with value: 0.33692474274783746.
checkpoint_e18 window_influence: 0.40094212596872231, penalty_k: 0.04224605567272552, scale_lr: 0.37631221682209282, EAO: 0.315
Trial 113 finished with value: 0.31465557443724534 and parameters: {'window_influence': 0.4009421259687223, 'penalty_k': 0.04224605567272552, 'scale_lr': 0.3763122168220928}. Best is trial 31 with value: 0.34328013252655354.
checkpoint_e18 window_influence: 0.41520905167053979, penalty_k: 0.42718478545281413, scale_lr: 0.66531447120906229, EAO: 0.300
Trial 239 finished with value: 0.30035400321047595 and parameters: {'window_influence': 0.4152090516705398, 'penalty_k': 0.42718478545281413, 'scale_lr': 0.6653144712090623}. Best is trial 14 with value: 0.33692474274783746.
checkpoint_e18 window_influence: 0.43169654348791886, penalty_k: 0.41300511583677391, scale_lr: 0.58250424316739879, EAO: 0.327
Trial 240 finished with value: 0.3271927659613613 and parameters: {'window_influence': 0.43169654348791886, 'penalty_k': 0.4130051158367739, 'scale_lr': 0.5825042431673988}. Best is trial 14 with value: 0.33692474274783746.
checkpoint_e18 window_influence: 0.42912826180383473, penalty_k: 0.41588713434449831, scale_lr: 0.55642030563802103, EAO: 0.304
Trial 241 finished with value: 0.30446623561447234 and parameters: {'window_influence': 0.42912826180383473, 'penalty_k': 0.4158871343444983, 'scale_lr': 0.556420305638021}. Best is trial 14 with value: 0.33692474274783746.
checkpoint_e18 window_influence: 0.42670766166353641, penalty_k: 0.11992210624346919, scale_lr: 0.35662317696643547, EAO: 0.309
Trial 114 finished with value: 0.3086712116861158 and parameters: {'window_influence': 0.4267076616635364, 'penalty_k': 0.11992210624346919, 'scale_lr': 0.3566231769664355}. Best is trial 31 with value: 0.34328013252655354.
checkpoint_e18 window_influence: 0.15370520995047637, penalty_k: 0.39960936180487622, scale_lr: 0.76598941608291793, EAO: 0.274
Trial 242 finished with value: 0.27388214421411433 and parameters: {'window_influence': 0.15370520995047637, 'penalty_k': 0.3996093618048762, 'scale_lr': 0.7659894160829179}. Best is trial 14 with value: 0.33692474274783746.
checkpoint_e18 window_influence: 0.40372302764851498, penalty_k: 0.43690030445417610, scale_lr: 0.58447839666984969, EAO: 0.286
Trial 243 finished with value: 0.28572294713226276 and parameters: {'window_influence': 0.403723027648515, 'penalty_k': 0.4369003044541761, 'scale_lr': 0.5844783966698497}. Best is trial 14 with value: 0.33692474274783746.
checkpoint_e18 window_influence: 0.44696191858309275, penalty_k: 0.07545498730781208, scale_lr: 0.45005573461979653, EAO: 0.312
Trial 115 finished with value: 0.3120233802132106 and parameters: {'window_influence': 0.44696191858309275, 'penalty_k': 0.07545498730781208, 'scale_lr': 0.45005573461979653}. Best is trial 31 with value: 0.34328013252655354.
checkpoint_e18 window_influence: 0.41791434945048589, penalty_k: 0.41087221034672705, scale_lr: 0.47594443771986700, EAO: 0.292
Trial 244 finished with value: 0.29210787182420145 and parameters: {'window_influence': 0.4179143494504859, 'penalty_k': 0.41087221034672705, 'scale_lr': 0.475944437719867}. Best is trial 14 with value: 0.33692474274783746.
checkpoint_e18 window_influence: 0.42879413046578380, penalty_k: 0.38930869394502493, scale_lr: 0.74770305669013304, EAO: 0.308
Trial 245 finished with value: 0.3077835108403566 and parameters: {'window_influence': 0.4287941304657838, 'penalty_k': 0.38930869394502493, 'scale_lr': 0.747703056690133}. Best is trial 14 with value: 0.33692474274783746.
checkpoint_e18 window_influence: 0.37984228425342326, penalty_k: 0.02209774435297528, scale_lr: 0.39878168493043015, EAO: 0.304
Trial 116 finished with value: 0.3041376106238087 and parameters: {'window_influence': 0.37984228425342326, 'penalty_k': 0.022097744352975283, 'scale_lr': 0.39878168493043015}. Best is trial 31 with value: 0.34328013252655354.
checkpoint_e18 window_influence: 0.43725139616894099, penalty_k: 0.42506030588161614, scale_lr: 0.77734783948710262, EAO: 0.323
Trial 246 finished with value: 0.32288704493630255 and parameters: {'window_influence': 0.437251396168941, 'penalty_k': 0.42506030588161614, 'scale_lr': 0.7773478394871026}. Best is trial 14 with value: 0.33692474274783746.
checkpoint_e18 window_influence: 0.36591206456212849, penalty_k: 0.43819720868392958, scale_lr: 0.64533555273131471, EAO: 0.295
Trial 247 finished with value: 0.2945946024201723 and parameters: {'window_influence': 0.3659120645621285, 'penalty_k': 0.4381972086839296, 'scale_lr': 0.6453355527313147}. Best is trial 14 with value: 0.33692474274783746.
checkpoint_e18 window_influence: 0.36415161384005840, penalty_k: 0.05951999581955116, scale_lr: 0.33203472801812056, EAO: 0.319
Trial 117 finished with value: 0.3191381841318153 and parameters: {'window_influence': 0.3641516138400584, 'penalty_k': 0.059519995819551155, 'scale_lr': 0.33203472801812056}. Best is trial 31 with value: 0.34328013252655354.
checkpoint_e18 window_influence: 0.44905063756083979, penalty_k: 0.40453070907360578, scale_lr: 0.71822845273822644, EAO: 0.309
Trial 248 finished with value: 0.30923663398635065 and parameters: {'window_influence': 0.4490506375608398, 'penalty_k': 0.4045307090736058, 'scale_lr': 0.7182284527382264}. Best is trial 14 with value: 0.33692474274783746.
checkpoint_e18 window_influence: 0.41713062340579027, penalty_k: 0.32164318066177272, scale_lr: 0.79846479141129689, EAO: 0.317
Trial 249 finished with value: 0.3174265185334803 and parameters: {'window_influence': 0.41713062340579027, 'penalty_k': 0.3216431806617727, 'scale_lr': 0.7984647914112969}. Best is trial 14 with value: 0.33692474274783746.
checkpoint_e18 window_influence: 0.34975469457198005, penalty_k: 0.04609353774035466, scale_lr: 0.40460757824446220, EAO: 0.322
Trial 118 finished with value: 0.32240490974851155 and parameters: {'window_influence': 0.34975469457198005, 'penalty_k': 0.046093537740354656, 'scale_lr': 0.4046075782444622}. Best is trial 31 with value: 0.34328013252655354.
checkpoint_e18 window_influence: 0.43802717004579572, penalty_k: 0.03539217263730754, scale_lr: 0.59671058533252719, EAO: 0.313
Trial 250 finished with value: 0.312576208133178 and parameters: {'window_influence': 0.4380271700457957, 'penalty_k': 0.03539217263730754, 'scale_lr': 0.5967105853325272}. Best is trial 14 with value: 0.33692474274783746.
checkpoint_e18 window_influence: 0.37994936079114389, penalty_k: 0.36935225624133305, scale_lr: 0.76244079714863666, EAO: 0.309
Trial 251 finished with value: 0.30948272614163647 and parameters: {'window_influence': 0.3799493607911439, 'penalty_k': 0.36935225624133305, 'scale_lr': 0.7624407971486367}. Best is trial 14 with value: 0.33692474274783746.
checkpoint_e18 window_influence: 0.45792397458097478, penalty_k: 0.01058763083927476, scale_lr: 0.42169623983393822, EAO: 0.324
Trial 119 finished with value: 0.32399785379491425 and parameters: {'window_influence': 0.4579239745809748, 'penalty_k': 0.010587630839274761, 'scale_lr': 0.4216962398339382}. Best is trial 31 with value: 0.34328013252655354.
checkpoint_e18 window_influence: 0.39957455125336611, penalty_k: 0.01695099734872796, scale_lr: 0.56754599071532030, EAO: 0.313
Trial 252 finished with value: 0.3125557499984823 and parameters: {'window_influence': 0.3995745512533661, 'penalty_k': 0.01695099734872796, 'scale_lr': 0.5675459907153203}. Best is trial 14 with value: 0.33692474274783746.
checkpoint_e18 window_influence: 0.45302334881293993, penalty_k: 0.42001464020212742, scale_lr: 0.73442132417847128, EAO: 0.310
Trial 253 finished with value: 0.31010569342147515 and parameters: {'window_influence': 0.45302334881293993, 'penalty_k': 0.4200146402021274, 'scale_lr': 0.7344213241784713}. Best is trial 14 with value: 0.33692474274783746.
checkpoint_e18 window_influence: 0.41884450977183707, penalty_k: 0.03161608712376520, scale_lr: 0.37079966988927959, EAO: 0.315
Trial 120 finished with value: 0.31466531602788994 and parameters: {'window_influence': 0.41884450977183707, 'penalty_k': 0.0316160871237652, 'scale_lr': 0.3707996698892796}. Best is trial 31 with value: 0.34328013252655354.
checkpoint_e18 window_influence: 0.42505019927108917, penalty_k: 0.38626475493078760, scale_lr: 0.62857511677788813, EAO: 0.312
Trial 254 finished with value: 0.31214623182200274 and parameters: {'window_influence': 0.42505019927108917, 'penalty_k': 0.3862647549307876, 'scale_lr': 0.6285751167778881}. Best is trial 14 with value: 0.33692474274783746.
checkpoint_e18 window_influence: 0.41195702279838720, penalty_k: 0.43191229797248237, scale_lr: 0.78593928050948714, EAO: 0.314
Trial 255 finished with value: 0.31354590832955176 and parameters: {'window_influence': 0.4119570227983872, 'penalty_k': 0.4319122979724824, 'scale_lr': 0.7859392805094871}. Best is trial 14 with value: 0.33692474274783746.
checkpoint_e18 window_influence: 0.40832133244639457, penalty_k: 0.06186945836777938, scale_lr: 0.38872540039030623, EAO: 0.335
Trial 121 finished with value: 0.3348014699113972 and parameters: {'window_influence': 0.40832133244639457, 'penalty_k': 0.06186945836777938, 'scale_lr': 0.38872540039030623}. Best is trial 31 with value: 0.34328013252655354.
checkpoint_e18 window_influence: 0.43777053633642493, penalty_k: 0.44686184293449033, scale_lr: 0.52822914268280396, EAO: 0.321
Trial 256 finished with value: 0.32146120384509463 and parameters: {'window_influence': 0.43777053633642493, 'penalty_k': 0.4468618429344903, 'scale_lr': 0.528229142682804}. Best is trial 14 with value: 0.33692474274783746.
checkpoint_e18 window_influence: 0.34088804035644638, penalty_k: 0.39744485859677176, scale_lr: 0.48473815918447238, EAO: 0.300
Trial 257 finished with value: 0.30008721937233374 and parameters: {'window_influence': 0.3408880403564464, 'penalty_k': 0.39744485859677176, 'scale_lr': 0.4847381591844724}. Best is trial 14 with value: 0.33692474274783746.
checkpoint_e18 window_influence: 0.39201247551671325, penalty_k: 0.07175115248519101, scale_lr: 0.38590910269485978, EAO: 0.330
Trial 122 finished with value: 0.32991569434158535 and parameters: {'window_influence': 0.39201247551671325, 'penalty_k': 0.07175115248519101, 'scale_lr': 0.3859091026948598}. Best is trial 31 with value: 0.34328013252655354.
checkpoint_e18 window_influence: 0.45909866471228372, penalty_k: 0.59657826357766108, scale_lr: 0.75300220461871847, EAO: 0.309
Trial 258 finished with value: 0.30935083370264405 and parameters: {'window_influence': 0.4590986647122837, 'penalty_k': 0.5965782635776611, 'scale_lr': 0.7530022046187185}. Best is trial 14 with value: 0.33692474274783746.
checkpoint_e18 window_influence: 0.42549765782830035, penalty_k: 0.41078534461305216, scale_lr: 0.51245186280523403, EAO: 0.307
Trial 259 finished with value: 0.3070884403203712 and parameters: {'window_influence': 0.42549765782830035, 'penalty_k': 0.41078534461305216, 'scale_lr': 0.512451862805234}. Best is trial 14 with value: 0.33692474274783746.
checkpoint_e18 window_influence: 0.46902582167792922, penalty_k: 0.45926494322647726, scale_lr: 0.77241095209506461, EAO: 0.313
Trial 260 finished with value: 0.3128903533698056 and parameters: {'window_influence': 0.4690258216779292, 'penalty_k': 0.45926494322647726, 'scale_lr': 0.7724109520950646}. Best is trial 14 with value: 0.33692474274783746.
checkpoint_e18 window_influence: 0.40165536824687270, penalty_k: 0.09235306058698617, scale_lr: 0.38457416530951233, EAO: 0.314
Trial 123 finished with value: 0.31399163458829726 and parameters: {'window_influence': 0.4016553682468727, 'penalty_k': 0.09235306058698617, 'scale_lr': 0.38457416530951233}. Best is trial 31 with value: 0.34328013252655354.
checkpoint_e18 window_influence: 0.39316659935249204, penalty_k: 0.30914293747077792, scale_lr: 0.73974901582237018, EAO: 0.314
Trial 261 finished with value: 0.3139100758945896 and parameters: {'window_influence': 0.39316659935249204, 'penalty_k': 0.3091429374707779, 'scale_lr': 0.7397490158223702}. Best is trial 14 with value: 0.33692474274783746.
checkpoint_e18 window_influence: 0.35767596050155398, penalty_k: 0.37791061579896823, scale_lr: 0.70664756953816443, EAO: 0.298
Trial 262 finished with value: 0.2978093742396581 and parameters: {'window_influence': 0.357675960501554, 'penalty_k': 0.37791061579896823, 'scale_lr': 0.7066475695381644}. Best is trial 14 with value: 0.33692474274783746.
checkpoint_e18 window_influence: 0.40891570486593343, penalty_k: 0.07042963539795197, scale_lr: 0.40625040268307183, EAO: 0.332
Trial 124 finished with value: 0.3320819224133102 and parameters: {'window_influence': 0.4089157048659334, 'penalty_k': 0.07042963539795197, 'scale_lr': 0.40625040268307183}. Best is trial 31 with value: 0.34328013252655354.
checkpoint_e18 window_influence: 0.40770117464487154, penalty_k: 0.48816479347108882, scale_lr: 0.78297686887083084, EAO: 0.300
Trial 263 finished with value: 0.2996296633890167 and parameters: {'window_influence': 0.40770117464487154, 'penalty_k': 0.4881647934710888, 'scale_lr': 0.7829768688708308}. Best is trial 14 with value: 0.33692474274783746.
checkpoint_e18 window_influence: 0.44505552972178508, penalty_k: 0.42552143678052301, scale_lr: 0.72117455278924025, EAO: 0.299
Trial 264 finished with value: 0.29914981376104316 and parameters: {'window_influence': 0.4450555297217851, 'penalty_k': 0.425521436780523, 'scale_lr': 0.7211745527892403}. Best is trial 14 with value: 0.33692474274783746.
checkpoint_e18 window_influence: 0.38981264011691463, penalty_k: 0.07371000110514535, scale_lr: 0.43336849279061956, EAO: 0.319
Trial 125 finished with value: 0.31877320859914626 and parameters: {'window_influence': 0.38981264011691463, 'penalty_k': 0.07371000110514535, 'scale_lr': 0.43336849279061956}. Best is trial 31 with value: 0.34328013252655354.
checkpoint_e18 window_influence: 0.60844245537687347, penalty_k: 0.39792888882749555, scale_lr: 0.76488238475406656, EAO: 0.236
Trial 265 finished with value: 0.2355996347123083 and parameters: {'window_influence': 0.6084424553768735, 'penalty_k': 0.39792888882749555, 'scale_lr': 0.7648823847540666}. Best is trial 14 with value: 0.33692474274783746.
checkpoint_e18 window_influence: 0.43172947980710136, penalty_k: 0.56555923521389229, scale_lr: 0.74744254407455968, EAO: 0.314
Trial 266 finished with value: 0.3139325655156072 and parameters: {'window_influence': 0.43172947980710136, 'penalty_k': 0.5655592352138923, 'scale_lr': 0.7474425440745597}. Best is trial 14 with value: 0.33692474274783746.
checkpoint_e18 window_influence: 0.43709747621645945, penalty_k: 0.11019021685895106, scale_lr: 0.40589425190025247, EAO: 0.305
Trial 126 finished with value: 0.3048426261903711 and parameters: {'window_influence': 0.43709747621645945, 'penalty_k': 0.11019021685895106, 'scale_lr': 0.40589425190025247}. Best is trial 31 with value: 0.34328013252655354.
checkpoint_e18 window_influence: 0.41785880099220762, penalty_k: 0.53105000231481059, scale_lr: 0.50012361187853072, EAO: 0.303
Trial 267 finished with value: 0.3025105930719858 and parameters: {'window_influence': 0.4178588009922076, 'penalty_k': 0.5310500023148106, 'scale_lr': 0.5001236118785307}. Best is trial 14 with value: 0.33692474274783746.
checkpoint_e18 window_influence: 0.44893667110778918, penalty_k: 0.36480722651827974, scale_lr: 0.75988291280818554, EAO: 0.310
Trial 268 finished with value: 0.3097709085690836 and parameters: {'window_influence': 0.4489366711077892, 'penalty_k': 0.36480722651827974, 'scale_lr': 0.7598829128081855}. Best is trial 14 with value: 0.33692474274783746.
checkpoint_e18 window_influence: 0.37750341554547684, penalty_k: 0.08566662433929345, scale_lr: 0.45538372858249487, EAO: 0.327
Trial 127 finished with value: 0.32669394048735323 and parameters: {'window_influence': 0.37750341554547684, 'penalty_k': 0.08566662433929345, 'scale_lr': 0.4553837285824949}. Best is trial 31 with value: 0.34328013252655354.
checkpoint_e18 window_influence: 0.43646725485603338, penalty_k: 0.54540131123076963, scale_lr: 0.68797263752944315, EAO: 0.302
Trial 269 finished with value: 0.3017207243795061 and parameters: {'window_influence': 0.4364672548560334, 'penalty_k': 0.5454013112307696, 'scale_lr': 0.6879726375294432}. Best is trial 14 with value: 0.33692474274783746.
checkpoint_e18 window_influence: 0.37394023654976966, penalty_k: 0.50438473032997899, scale_lr: 0.78855843014520899, EAO: 0.300
Trial 270 finished with value: 0.2998564899663517 and parameters: {'window_influence': 0.37394023654976966, 'penalty_k': 0.504384730329979, 'scale_lr': 0.788558430145209}. Best is trial 14 with value: 0.33692474274783746.
checkpoint_e18 window_influence: 0.40220184617016091, penalty_k: 0.41505679762025371, scale_lr: 0.61647173947236356, EAO: 0.299
Trial 271 finished with value: 0.29873821562598185 and parameters: {'window_influence': 0.4022018461701609, 'penalty_k': 0.4150567976202537, 'scale_lr': 0.6164717394723636}. Best is trial 14 with value: 0.33692474274783746.
checkpoint_e18 window_influence: 0.35617564414100378, penalty_k: 0.13173883341495024, scale_lr: 0.41846403233867996, EAO: 0.325
Trial 128 finished with value: 0.3248436372103858 and parameters: {'window_influence': 0.3561756441410038, 'penalty_k': 0.13173883341495024, 'scale_lr': 0.41846403233867996}. Best is trial 31 with value: 0.34328013252655354.
checkpoint_e18 window_influence: 0.45848381139830091, penalty_k: 0.43913115378168549, scale_lr: 0.72932153928726329, EAO: 0.307
Trial 272 finished with value: 0.3070470603755476 and parameters: {'window_influence': 0.4584838113983009, 'penalty_k': 0.4391311537816855, 'scale_lr': 0.7293215392872633}. Best is trial 14 with value: 0.33692474274783746.
checkpoint_e18 window_influence: 0.47103114829400444, penalty_k: 0.28484050781967069, scale_lr: 0.77389506447515033, EAO: 0.305
Trial 273 finished with value: 0.30496326993411615 and parameters: {'window_influence': 0.47103114829400444, 'penalty_k': 0.2848405078196707, 'scale_lr': 0.7738950644751503}. Best is trial 14 with value: 0.33692474274783746.
checkpoint_e18 window_influence: 0.42914328849072036, penalty_k: 0.10231050081077050, scale_lr: 0.39181645711759361, EAO: 0.295
Trial 129 finished with value: 0.2946450207020058 and parameters: {'window_influence': 0.42914328849072036, 'penalty_k': 0.1023105008107705, 'scale_lr': 0.3918164571175936}. Best is trial 31 with value: 0.34328013252655354.
checkpoint_e18 window_influence: 0.41602733997339258, penalty_k: 0.34570501640553958, scale_lr: 0.54913708199704692, EAO: 0.322
Trial 274 finished with value: 0.32163030726668435 and parameters: {'window_influence': 0.4160273399733926, 'penalty_k': 0.3457050164055396, 'scale_lr': 0.5491370819970469}. Best is trial 14 with value: 0.33692474274783746.
checkpoint_e18 window_influence: 0.43077713377251442, penalty_k: 0.46827566598735698, scale_lr: 0.75003665597901548, EAO: 0.294
Trial 275 finished with value: 0.2937729672351236 and parameters: {'window_influence': 0.4307771337725144, 'penalty_k': 0.468275665987357, 'scale_lr': 0.7500366559790155}. Best is trial 14 with value: 0.33692474274783746.
checkpoint_e18 window_influence: 0.39597385748123448, penalty_k: 0.06607691728636886, scale_lr: 0.35218910242069079, EAO: 0.305
Trial 130 finished with value: 0.3047898234908219 and parameters: {'window_influence': 0.3959738574812345, 'penalty_k': 0.06607691728636886, 'scale_lr': 0.3521891024206908}. Best is trial 31 with value: 0.34328013252655354.
checkpoint_e18 window_influence: 0.44297506570271189, penalty_k: 0.38829781373774702, scale_lr: 0.43236276636971716, EAO: 0.305
Trial 276 finished with value: 0.3054046067282384 and parameters: {'window_influence': 0.4429750657027119, 'penalty_k': 0.388297813737747, 'scale_lr': 0.43236276636971716}. Best is trial 14 with value: 0.33692474274783746.
checkpoint_e18 window_influence: 0.45278023837776410, penalty_k: 0.40345904505944785, scale_lr: 0.77732742472895411, EAO: 0.338
Trial 277 finished with value: 0.33762729968078403 and parameters: {'window_influence': 0.4527802383777641, 'penalty_k': 0.40345904505944785, 'scale_lr': 0.7773274247289541}. Best is trial 277 with value: 0.33762729968078403.
checkpoint_e18 window_influence: 0.42127966148584273, penalty_k: 0.04194050681344325, scale_lr: 0.37392892084801155, EAO: 0.311
Trial 131 finished with value: 0.3110277154682211 and parameters: {'window_influence': 0.4212796614858427, 'penalty_k': 0.041940506813443246, 'scale_lr': 0.37392892084801155}. Best is trial 31 with value: 0.34328013252655354.
checkpoint_e18 window_influence: 0.45642337127915455, penalty_k: 0.40129143631595016, scale_lr: 0.79423094061599353, EAO: 0.318
