Trial 328 finished with value: 0.32665631499735764 and parameters: {'window_influence': 0.5167838728579709, 'penalty_k': 0.023945882167068368, 'scale_lr': 0.46270053489248053}. Best is trial 280 with value: 0.35355620405089533.
checkpoint_e24 window_influence: 0.52701272250213227, penalty_k: 0.02360026956447617, scale_lr: 0.48120182315331123, EAO: 0.308
Trial 329 finished with value: 0.3076497863702737 and parameters: {'window_influence': 0.5270127225021323, 'penalty_k': 0.023600269564476167, 'scale_lr': 0.4812018231533112}. Best is trial 280 with value: 0.35355620405089533.
checkpoint_e24 window_influence: 0.50252838113229392, penalty_k: 0.00815446464486334, scale_lr: 0.44941762439440092, EAO: 0.324
Trial 330 finished with value: 0.32382454325948706 and parameters: {'window_influence': 0.5025283811322939, 'penalty_k': 0.008154464644863336, 'scale_lr': 0.4494176243944009}. Best is trial 280 with value: 0.35355620405089533.
checkpoint_e24 window_influence: 0.51562913144271361, penalty_k: 0.04165323308997918, scale_lr: 0.51604352031166634, EAO: 0.326
Trial 331 finished with value: 0.32582182486465466 and parameters: {'window_influence': 0.5156291314427136, 'penalty_k': 0.04165323308997918, 'scale_lr': 0.5160435203116663}. Best is trial 280 with value: 0.35355620405089533.
checkpoint_e24 window_influence: 0.49172590664171822, penalty_k: 0.05914794151274361, scale_lr: 0.49299882807651829, EAO: 0.335
Trial 332 finished with value: 0.33458388002466133 and parameters: {'window_influence': 0.4917259066417182, 'penalty_k': 0.059147941512743614, 'scale_lr': 0.4929988280765183}. Best is trial 280 with value: 0.35355620405089533.
checkpoint_e24 window_influence: 0.48845196291588244, penalty_k: 0.05675212244075310, scale_lr: 0.49673622848304766, EAO: 0.330
Trial 333 finished with value: 0.33013240482788603 and parameters: {'window_influence': 0.48845196291588244, 'penalty_k': 0.056752122440753096, 'scale_lr': 0.49673622848304766}. Best is trial 280 with value: 0.35355620405089533.
checkpoint_e24 window_influence: 0.49017326992652160, penalty_k: 0.06702431695245735, scale_lr: 0.48080489207354921, EAO: 0.336
Trial 334 finished with value: 0.3358481088037157 and parameters: {'window_influence': 0.4901732699265216, 'penalty_k': 0.06702431695245735, 'scale_lr': 0.4808048920735492}. Best is trial 280 with value: 0.35355620405089533.
checkpoint_e24 window_influence: 0.48736276539965956, penalty_k: 0.05151933112739175, scale_lr: 0.47451365264519307, EAO: 0.314
Trial 335 finished with value: 0.3144961021521676 and parameters: {'window_influence': 0.48736276539965956, 'penalty_k': 0.05151933112739175, 'scale_lr': 0.4745136526451931}. Best is trial 280 with value: 0.35355620405089533.
checkpoint_e24 window_influence: 0.06086081174386310, penalty_k: 0.06605565763688410, scale_lr: 0.49014098568369519, EAO: 0.250
Trial 336 finished with value: 0.2501397244777197 and parameters: {'window_influence': 0.0608608117438631, 'penalty_k': 0.0660556576368841, 'scale_lr': 0.4901409856836952}. Best is trial 280 with value: 0.35355620405089533.
checkpoint_e24 window_influence: 0.23387171957887870, penalty_k: 0.07605949062754722, scale_lr: 0.49792369801775938, EAO: 0.297
Trial 337 finished with value: 0.2966650958075134 and parameters: {'window_influence': 0.2338717195788787, 'penalty_k': 0.07605949062754722, 'scale_lr': 0.4979236980177594}. Best is trial 280 with value: 0.35355620405089533.
checkpoint_e24 window_influence: 0.48164168021142845, penalty_k: 0.06879012972554560, scale_lr: 0.48879061437646282, EAO: 0.317
Trial 338 finished with value: 0.3169533964608894 and parameters: {'window_influence': 0.48164168021142845, 'penalty_k': 0.0687901297255456, 'scale_lr': 0.4887906143764628}. Best is trial 280 with value: 0.35355620405089533.
checkpoint_e24 window_influence: 0.49252612272708107, penalty_k: 0.08282302274825935, scale_lr: 0.45923133728019044, EAO: 0.327
Trial 339 finished with value: 0.32728724883224247 and parameters: {'window_influence': 0.4925261227270811, 'penalty_k': 0.08282302274825935, 'scale_lr': 0.45923133728019044}. Best is trial 280 with value: 0.35355620405089533.
checkpoint_e24 window_influence: 0.52654450876071413, penalty_k: 0.04830398933770000, scale_lr: 0.47922583110698858, EAO: 0.331
Trial 340 finished with value: 0.331141921332838 and parameters: {'window_influence': 0.5265445087607141, 'penalty_k': 0.0483039893377, 'scale_lr': 0.4792258311069886}. Best is trial 280 with value: 0.35355620405089533.
checkpoint_e24 window_influence: 0.47849510860994449, penalty_k: 0.08896114709303404, scale_lr: 0.28154191908094311, EAO: 0.334
Trial 341 finished with value: 0.3344040205738424 and parameters: {'window_influence': 0.4784951086099445, 'penalty_k': 0.08896114709303404, 'scale_lr': 0.2815419190809431}. Best is trial 280 with value: 0.35355620405089533.
checkpoint_e24 window_influence: 0.49267383845560786, penalty_k: 0.08867727603327577, scale_lr: 0.23362864344145118, EAO: 0.317
Trial 342 finished with value: 0.3168626416054217 and parameters: {'window_influence': 0.49267383845560786, 'penalty_k': 0.08867727603327577, 'scale_lr': 0.23362864344145118}. Best is trial 280 with value: 0.35355620405089533.
checkpoint_e24 window_influence: 0.47862795930912216, penalty_k: 0.02482612775336991, scale_lr: 0.43760112352529223, EAO: 0.333
Trial 343 finished with value: 0.3334980071286747 and parameters: {'window_influence': 0.47862795930912216, 'penalty_k': 0.02482612775336991, 'scale_lr': 0.43760112352529223}. Best is trial 280 with value: 0.35355620405089533.
checkpoint_e24 window_influence: 0.51269754521306621, penalty_k: 0.05851430450913858, scale_lr: 0.40528198786093855, EAO: 0.331
Trial 344 finished with value: 0.33090618304937264 and parameters: {'window_influence': 0.5126975452130662, 'penalty_k': 0.05851430450913858, 'scale_lr': 0.40528198786093855}. Best is trial 280 with value: 0.35355620405089533.
checkpoint_e24 window_influence: 0.48233998596173622, penalty_k: 0.07821803683621985, scale_lr: 0.46189608331020154, EAO: 0.344
Trial 345 finished with value: 0.34413252567966623 and parameters: {'window_influence': 0.4823399859617362, 'penalty_k': 0.07821803683621985, 'scale_lr': 0.46189608331020154}. Best is trial 280 with value: 0.35355620405089533.
checkpoint_e24 window_influence: 0.48313613471947692, penalty_k: 0.08579253933869470, scale_lr: 0.51406755837908114, EAO: 0.315
Trial 346 finished with value: 0.31479403956391006 and parameters: {'window_influence': 0.4831361347194769, 'penalty_k': 0.0857925393386947, 'scale_lr': 0.5140675583790811}. Best is trial 280 with value: 0.35355620405089533.
checkpoint_e24 window_influence: 0.47831824073550089, penalty_k: 0.06826527368964087, scale_lr: 0.29701593235318191, EAO: 0.332
Trial 347 finished with value: 0.3321560439780528 and parameters: {'window_influence': 0.4783182407355009, 'penalty_k': 0.06826527368964087, 'scale_lr': 0.2970159323531819}. Best is trial 280 with value: 0.35355620405089533.
checkpoint_e24 window_influence: 0.32667498327790201, penalty_k: 0.09813766732837366, scale_lr: 0.46176375975271372, EAO: 0.303
Trial 348 finished with value: 0.3030851916464386 and parameters: {'window_influence': 0.326674983277902, 'penalty_k': 0.09813766732837366, 'scale_lr': 0.4617637597527137}. Best is trial 280 with value: 0.35355620405089533.
checkpoint_e24 window_influence: 0.49485061944205810, penalty_k: 0.08225792679081549, scale_lr: 0.10911543772687610, EAO: 0.322
Trial 349 finished with value: 0.3219496726062047 and parameters: {'window_influence': 0.4948506194420581, 'penalty_k': 0.08225792679081549, 'scale_lr': 0.1091154377268761}. Best is trial 280 with value: 0.35355620405089533.
checkpoint_e24 window_influence: 0.47681055354826918, penalty_k: 0.09251660014442283, scale_lr: 0.44844686268993861, EAO: 0.322
Trial 350 finished with value: 0.32202407016132595 and parameters: {'window_influence': 0.4768105535482692, 'penalty_k': 0.09251660014442283, 'scale_lr': 0.4484468626899386}. Best is trial 280 with value: 0.35355620405089533.
checkpoint_e24 window_influence: 0.49537308891472248, penalty_k: 0.07456315271833668, scale_lr: 0.32414769769475382, EAO: 0.328
Trial 351 finished with value: 0.32827229647089073 and parameters: {'window_influence': 0.4953730889147225, 'penalty_k': 0.07456315271833668, 'scale_lr': 0.3241476976947538}. Best is trial 280 with value: 0.35355620405089533.
checkpoint_e24 window_influence: 0.47388764468840788, penalty_k: 0.44012414058400801, scale_lr: 0.50158384479052931, EAO: 0.308
Trial 352 finished with value: 0.30828302072411845 and parameters: {'window_influence': 0.4738876446884079, 'penalty_k': 0.440124140584008, 'scale_lr': 0.5015838447905293}. Best is trial 280 with value: 0.35355620405089533.
checkpoint_e24 window_influence: 0.58666758004632635, penalty_k: 0.06123933609458652, scale_lr: 0.48763650025554578, EAO: 0.259
Trial 353 finished with value: 0.25875091842640235 and parameters: {'window_influence': 0.5866675800463264, 'penalty_k': 0.061239336094586524, 'scale_lr': 0.4876365002555458}. Best is trial 280 with value: 0.35355620405089533.
checkpoint_e24 window_influence: 0.14507297695078311, penalty_k: 0.00220860845941107, scale_lr: 0.46568151511283984, EAO: 0.287
Trial 354 finished with value: 0.287077103085555 and parameters: {'window_influence': 0.1450729769507831, 'penalty_k': 0.0022086084594110707, 'scale_lr': 0.46568151511283984}. Best is trial 280 with value: 0.35355620405089533.
checkpoint_e24 window_influence: 0.09061126222818205, penalty_k: 0.10556674312181590, scale_lr: 0.50986019232263402, EAO: 0.273
Trial 355 finished with value: 0.27308677107907453 and parameters: {'window_influence': 0.09061126222818205, 'penalty_k': 0.1055667431218159, 'scale_lr': 0.509860192322634}. Best is trial 280 with value: 0.35355620405089533.
checkpoint_e24 window_influence: 0.48905667355014987, penalty_k: 0.01403787797018259, scale_lr: 0.52271264990450061, EAO: 0.336
Trial 356 finished with value: 0.3359563371550712 and parameters: {'window_influence': 0.48905667355014987, 'penalty_k': 0.014037877970182591, 'scale_lr': 0.5227126499045006}. Best is trial 280 with value: 0.35355620405089533.
checkpoint_e24 window_influence: 0.50224138352635594, penalty_k: 0.01728221586035811, scale_lr: 0.52965074874365425, EAO: 0.321
Trial 357 finished with value: 0.32137202143901056 and parameters: {'window_influence': 0.502241383526356, 'penalty_k': 0.017282215860358108, 'scale_lr': 0.5296507487436543}. Best is trial 280 with value: 0.35355620405089533.
checkpoint_e24 window_influence: 0.37916056743661625, penalty_k: 0.00889139022979353, scale_lr: 0.52130100957917080, EAO: 0.321
Trial 358 finished with value: 0.3212523812333897 and parameters: {'window_influence': 0.37916056743661625, 'penalty_k': 0.008891390229793534, 'scale_lr': 0.5213010095791708}. Best is trial 280 with value: 0.35355620405089533.
checkpoint_e24 window_influence: 0.49050981002490129, penalty_k: 0.46288051472704206, scale_lr: 0.50301421725206363, EAO: 0.301
Trial 359 finished with value: 0.30103787756615574 and parameters: {'window_influence': 0.4905098100249013, 'penalty_k': 0.46288051472704206, 'scale_lr': 0.5030142172520636}. Best is trial 280 with value: 0.35355620405089533.
checkpoint_e24 window_influence: 0.38606618363016187, penalty_k: 0.39676489502673118, scale_lr: 0.53918216068708691, EAO: 0.284
Trial 360 finished with value: 0.2839445768627211 and parameters: {'window_influence': 0.3860661836301619, 'penalty_k': 0.3967648950267312, 'scale_lr': 0.5391821606870869}. Best is trial 280 with value: 0.35355620405089533.
checkpoint_e24 window_influence: 0.50599906458213884, penalty_k: 0.04580043296411290, scale_lr: 0.51681378404394862, EAO: 0.314
Trial 361 finished with value: 0.31354318814286924 and parameters: {'window_influence': 0.5059990645821388, 'penalty_k': 0.0458004329641129, 'scale_lr': 0.5168137840439486}. Best is trial 280 with value: 0.35355620405089533.
checkpoint_e24 window_influence: 0.48781911099332664, penalty_k: 0.42037000231451027, scale_lr: 0.49232176113167275, EAO: 0.304
Trial 362 finished with value: 0.3036496556338633 and parameters: {'window_influence': 0.48781911099332664, 'penalty_k': 0.42037000231451027, 'scale_lr': 0.49232176113167275}. Best is trial 280 with value: 0.35355620405089533.
checkpoint_e24 window_influence: 0.50381764353000635, penalty_k: 0.01845910410341536, scale_lr: 0.53063878069329173, EAO: 0.337
Trial 363 finished with value: 0.33653471963878734 and parameters: {'window_influence': 0.5038176435300064, 'penalty_k': 0.018459104103415364, 'scale_lr': 0.5306387806932917}. Best is trial 280 with value: 0.35355620405089533.
checkpoint_e24 window_influence: 0.46851682507838549, penalty_k: 0.00009694605708310, scale_lr: 0.53431523552800853, EAO: 0.314
Trial 364 finished with value: 0.3141323770994342 and parameters: {'window_influence': 0.4685168250783855, 'penalty_k': 9.69460570830992e-05, 'scale_lr': 0.5343152355280085}. Best is trial 280 with value: 0.35355620405089533.
checkpoint_e24 window_influence: 0.36617258284107235, penalty_k: 0.02154601488244147, scale_lr: 0.55061157460653520, EAO: 0.314
Trial 365 finished with value: 0.31417042631583453 and parameters: {'window_influence': 0.36617258284107235, 'penalty_k': 0.02154601488244147, 'scale_lr': 0.5506115746065352}. Best is trial 280 with value: 0.35355620405089533.
checkpoint_e24 window_influence: 0.54670450039383900, penalty_k: 0.38358462371620555, scale_lr: 0.52636088534395897, EAO: 0.294
Trial 366 finished with value: 0.2939762639512348 and parameters: {'window_influence': 0.546704500393839, 'penalty_k': 0.38358462371620555, 'scale_lr': 0.526360885343959}. Best is trial 280 with value: 0.35355620405089533.
checkpoint_e24 window_influence: 0.28441802710126873, penalty_k: 0.01165926363242116, scale_lr: 0.54713393174592495, EAO: 0.292
Trial 367 finished with value: 0.291814275230879 and parameters: {'window_influence': 0.28441802710126873, 'penalty_k': 0.011659263632421164, 'scale_lr': 0.547133931745925}. Best is trial 280 with value: 0.35355620405089533.
checkpoint_e24 window_influence: 0.50771394846911666, penalty_k: 0.02989619857426067, scale_lr: 0.51430282570292740, EAO: 0.324
Trial 368 finished with value: 0.3241106881125892 and parameters: {'window_influence': 0.5077139484691167, 'penalty_k': 0.02989619857426067, 'scale_lr': 0.5143028257029274}. Best is trial 280 with value: 0.35355620405089533.
checkpoint_e24 window_influence: 0.53014883217461872, penalty_k: 0.01931211078876852, scale_lr: 0.59542941991556508, EAO: 0.292
Trial 369 finished with value: 0.2921430960819415 and parameters: {'window_influence': 0.5301488321746187, 'penalty_k': 0.019312110788768523, 'scale_lr': 0.5954294199155651}. Best is trial 280 with value: 0.35355620405089533.
checkpoint_e24 window_influence: 0.51999334458355384, penalty_k: 0.11318256757745165, scale_lr: 0.52815239621599963, EAO: 0.300
Trial 370 finished with value: 0.30043940559203525 and parameters: {'window_influence': 0.5199933445835538, 'penalty_k': 0.11318256757745165, 'scale_lr': 0.5281523962159996}. Best is trial 280 with value: 0.35355620405089533.
checkpoint_e24 window_influence: 0.46918006033484549, penalty_k: 0.17802483982897549, scale_lr: 0.55752133528208803, EAO: 0.325
Trial 371 finished with value: 0.3250883539363104 and parameters: {'window_influence': 0.4691800603348455, 'penalty_k': 0.1780248398289755, 'scale_lr': 0.557521335282088}. Best is trial 280 with value: 0.35355620405089533.
checkpoint_e24 window_influence: 0.50102346379917151, penalty_k: 0.04519160142944360, scale_lr: 0.53891873818134939, EAO: 0.339
Trial 372 finished with value: 0.3389045337526715 and parameters: {'window_influence': 0.5010234637991715, 'penalty_k': 0.0451916014294436, 'scale_lr': 0.5389187381813494}. Best is trial 280 with value: 0.35355620405089533.
checkpoint_e24 window_influence: 0.50810905863312572, penalty_k: 0.20132351525866601, scale_lr: 0.53849806140947198, EAO: 0.318
Trial 373 finished with value: 0.3183796394196002 and parameters: {'window_influence': 0.5081090586331257, 'penalty_k': 0.201323515258666, 'scale_lr': 0.538498061409472}. Best is trial 280 with value: 0.35355620405089533.
checkpoint_e24 window_influence: 0.48319542886605871, penalty_k: 0.25265982363677303, scale_lr: 0.50883608799141111, EAO: 0.360
Trial 374 finished with value: 0.3602400896382239 and parameters: {'window_influence': 0.4831954288660587, 'penalty_k': 0.25265982363677303, 'scale_lr': 0.5088360879914111}. Best is trial 374 with value: 0.3602400896382239.
checkpoint_e24 window_influence: 0.48033244574481354, penalty_k: 0.27557234006577946, scale_lr: 0.51402951270235264, EAO: 0.346
Trial 375 finished with value: 0.3458906392411035 and parameters: {'window_influence': 0.48033244574481354, 'penalty_k': 0.27557234006577946, 'scale_lr': 0.5140295127023526}. Best is trial 374 with value: 0.3602400896382239.
checkpoint_e24 window_influence: 0.47086022716588738, penalty_k: 0.27939561005301367, scale_lr: 0.50588787065922258, EAO: 0.344
Trial 376 finished with value: 0.3436435462203935 and parameters: {'window_influence': 0.4708602271658874, 'penalty_k': 0.27939561005301367, 'scale_lr': 0.5058878706592226}. Best is trial 374 with value: 0.3602400896382239.
checkpoint_e24 window_influence: 0.46801359404173615, penalty_k: 0.29515813648237221, scale_lr: 0.53632433034137961, EAO: 0.324
Trial 377 finished with value: 0.3236448314287319 and parameters: {'window_influence': 0.46801359404173615, 'penalty_k': 0.2951581364823722, 'scale_lr': 0.5363243303413796}. Best is trial 374 with value: 0.3602400896382239.
checkpoint_e24 window_influence: 0.47755901057708805, penalty_k: 0.26755562551376599, scale_lr: 0.51184553965753365, EAO: 0.322
Trial 378 finished with value: 0.3219272018290679 and parameters: {'window_influence': 0.47755901057708805, 'penalty_k': 0.267555625513766, 'scale_lr': 0.5118455396575337}. Best is trial 374 with value: 0.3602400896382239.
checkpoint_e24 window_influence: 0.45213890597060019, penalty_k: 0.24261891857733964, scale_lr: 0.51009883926025190, EAO: 0.324
Trial 379 finished with value: 0.32415805409158716 and parameters: {'window_influence': 0.4521389059706002, 'penalty_k': 0.24261891857733964, 'scale_lr': 0.5100988392602519}. Best is trial 374 with value: 0.3602400896382239.
checkpoint_e24 window_influence: 0.46517690538852163, penalty_k: 0.27378933768958430, scale_lr: 0.61129246217105215, EAO: 0.315
Trial 380 finished with value: 0.31453310463447054 and parameters: {'window_influence': 0.46517690538852163, 'penalty_k': 0.2737893376895843, 'scale_lr': 0.6112924621710522}. Best is trial 374 with value: 0.3602400896382239.
checkpoint_e24 window_influence: 0.47867620889916324, penalty_k: 0.27180625385968277, scale_lr: 0.70989758150560611, EAO: 0.327
Trial 381 finished with value: 0.3274486380328464 and parameters: {'window_influence': 0.47867620889916324, 'penalty_k': 0.27180625385968277, 'scale_lr': 0.7098975815056061}. Best is trial 374 with value: 0.3602400896382239.
checkpoint_e24 window_influence: 0.46170336208298829, penalty_k: 0.24629816571084168, scale_lr: 0.53089042131688113, EAO: 0.336
Trial 382 finished with value: 0.33555065750611895 and parameters: {'window_influence': 0.4617033620829883, 'penalty_k': 0.24629816571084168, 'scale_lr': 0.5308904213168811}. Best is trial 374 with value: 0.3602400896382239.
checkpoint_e24 window_influence: 0.64734853955492500, penalty_k: 0.28498787077261822, scale_lr: 0.58802484778271735, EAO: 0.241
Trial 383 finished with value: 0.2406763352656643 and parameters: {'window_influence': 0.647348539554925, 'penalty_k': 0.2849878707726182, 'scale_lr': 0.5880248477827174}. Best is trial 374 with value: 0.3602400896382239.
checkpoint_e24 window_influence: 0.44570590354611517, penalty_k: 0.26136323231247155, scale_lr: 0.51980307954271943, EAO: 0.330
Trial 384 finished with value: 0.3298744656696394 and parameters: {'window_influence': 0.44570590354611517, 'penalty_k': 0.26136323231247155, 'scale_lr': 0.5198030795427194}. Best is trial 374 with value: 0.3602400896382239.
checkpoint_e24 window_influence: 0.47844009853522090, penalty_k: 0.29575302697491102, scale_lr: 0.54079060708095394, EAO: 0.306
Trial 385 finished with value: 0.3064931746470789 and parameters: {'window_influence': 0.4784400985352209, 'penalty_k': 0.295753026974911, 'scale_lr': 0.540790607080954}. Best is trial 374 with value: 0.3602400896382239.
checkpoint_e24 window_influence: 0.46689417020495622, penalty_k: 0.30614175722889980, scale_lr: 0.42331509927695221, EAO: 0.328
Trial 386 finished with value: 0.3278260141727062 and parameters: {'window_influence': 0.4668941702049562, 'penalty_k': 0.3061417572288998, 'scale_lr': 0.4233150992769522}. Best is trial 374 with value: 0.3602400896382239.
checkpoint_e24 window_influence: 0.48180059715162399, penalty_k: 0.25708385699554509, scale_lr: 0.50684159567531428, EAO: 0.312
Trial 387 finished with value: 0.31171278730904545 and parameters: {'window_influence': 0.481800597151624, 'penalty_k': 0.2570838569955451, 'scale_lr': 0.5068415956753143}. Best is trial 374 with value: 0.3602400896382239.
checkpoint_e24 window_influence: 0.18079218217707313, penalty_k: 0.33236122722636113, scale_lr: 0.55737126996270392, EAO: 0.289
Trial 388 finished with value: 0.289377879771741 and parameters: {'window_influence': 0.18079218217707313, 'penalty_k': 0.33236122722636113, 'scale_lr': 0.5573712699627039}. Best is trial 374 with value: 0.3602400896382239.
checkpoint_e24 window_influence: 0.07929260923737719, penalty_k: 0.29063318208389582, scale_lr: 0.72299819280706834, EAO: 0.253
Trial 389 finished with value: 0.2525563288755454 and parameters: {'window_influence': 0.07929260923737719, 'penalty_k': 0.2906331820838958, 'scale_lr': 0.7229981928070683}. Best is trial 374 with value: 0.3602400896382239.
checkpoint_e24 window_influence: 0.45244420775696786, penalty_k: 0.25043282082552448, scale_lr: 0.57104380905939589, EAO: 0.327
