Trial 620 finished with value: 0.30387906179353885 and parameters: {'window_influence': 0.5088325145669881, 'penalty_k': 0.16082365932510814, 'scale_lr': 0.40905258102581105}. Best is trial 97 with value: 0.3587390516054769.
checkpoint_e22 window_influence: 0.44988405086729766, penalty_k: 0.09039655139379574, scale_lr: 0.25203944662847128, EAO: 0.332
Trial 621 finished with value: 0.33192768924894966 and parameters: {'window_influence': 0.44988405086729766, 'penalty_k': 0.09039655139379574, 'scale_lr': 0.2520394466284713}. Best is trial 97 with value: 0.3587390516054769.
checkpoint_e22 window_influence: 0.58603722012033921, penalty_k: 0.10991825391516027, scale_lr: 0.35785373008106680, EAO: 0.266
Trial 622 finished with value: 0.2663346491319196 and parameters: {'window_influence': 0.5860372201203392, 'penalty_k': 0.10991825391516027, 'scale_lr': 0.3578537300810668}. Best is trial 97 with value: 0.3587390516054769.
checkpoint_e22 window_influence: 0.48428242794560339, penalty_k: 0.20155977806947400, scale_lr: 0.33069068154938547, EAO: 0.322
Trial 623 finished with value: 0.32236487641640676 and parameters: {'window_influence': 0.4842824279456034, 'penalty_k': 0.201559778069474, 'scale_lr': 0.33069068154938547}. Best is trial 97 with value: 0.3587390516054769.
checkpoint_e22 window_influence: 0.31806543912623952, penalty_k: 0.23864065007857305, scale_lr: 0.38853337621993494, EAO: 0.287
Trial 624 finished with value: 0.28715923051657843 and parameters: {'window_influence': 0.3180654391262395, 'penalty_k': 0.23864065007857305, 'scale_lr': 0.38853337621993494}. Best is trial 97 with value: 0.3587390516054769.
checkpoint_e22 window_influence: 0.60792932877900474, penalty_k: 0.13388430700773360, scale_lr: 0.31161711057135688, EAO: 0.232
Trial 625 finished with value: 0.23237972715253497 and parameters: {'window_influence': 0.6079293287790047, 'penalty_k': 0.1338843070077336, 'scale_lr': 0.3116171105713569}. Best is trial 97 with value: 0.3587390516054769.
checkpoint_e22 window_influence: 0.59044424121224037, penalty_k: 0.07935265518133096, scale_lr: 0.27521102002114500, EAO: 0.264
Trial 626 finished with value: 0.26352115474090504 and parameters: {'window_influence': 0.5904442412122404, 'penalty_k': 0.07935265518133096, 'scale_lr': 0.275211020021145}. Best is trial 97 with value: 0.3587390516054769.
checkpoint_e22 window_influence: 0.41828993473277720, penalty_k: 0.05887336973647384, scale_lr: 0.29537880258446481, EAO: 0.308
Trial 627 finished with value: 0.30778000158790486 and parameters: {'window_influence': 0.4182899347327772, 'penalty_k': 0.05887336973647384, 'scale_lr': 0.2953788025844648}. Best is trial 97 with value: 0.3587390516054769.
checkpoint_e22 window_influence: 0.43335107608094781, penalty_k: 0.29607096570915692, scale_lr: 0.19231135933455717, EAO: 0.300
Trial 628 finished with value: 0.3002320479326211 and parameters: {'window_influence': 0.4333510760809478, 'penalty_k': 0.2960709657091569, 'scale_lr': 0.19231135933455717}. Best is trial 97 with value: 0.3587390516054769.
checkpoint_e22 window_influence: 0.47298385586248548, penalty_k: 0.53996809022969705, scale_lr: 0.46107814567336497, EAO: 0.300
Trial 629 finished with value: 0.29978266630887057 and parameters: {'window_influence': 0.4729838558624855, 'penalty_k': 0.539968090229697, 'scale_lr': 0.46107814567336497}. Best is trial 97 with value: 0.3587390516054769.
checkpoint_e22 window_influence: 0.49630205829998708, penalty_k: 0.36107909602961785, scale_lr: 0.12511956354873421, EAO: 0.312
Trial 630 finished with value: 0.312113243840084 and parameters: {'window_influence': 0.4963020582999871, 'penalty_k': 0.36107909602961785, 'scale_lr': 0.12511956354873421}. Best is trial 97 with value: 0.3587390516054769.
checkpoint_e22 window_influence: 0.36742711413500878, penalty_k: 0.09574990843278958, scale_lr: 0.33697336215242407, EAO: 0.300
Trial 631 finished with value: 0.299781646825924 and parameters: {'window_influence': 0.3674271141350088, 'penalty_k': 0.09574990843278958, 'scale_lr': 0.33697336215242407}. Best is trial 97 with value: 0.3587390516054769.
checkpoint_e22 window_influence: 0.45792264535699878, penalty_k: 0.32546732023151231, scale_lr: 0.23706507044616981, EAO: 0.309
Trial 632 finished with value: 0.3093911227317172 and parameters: {'window_influence': 0.4579226453569988, 'penalty_k': 0.3254673202315123, 'scale_lr': 0.2370650704461698}. Best is trial 97 with value: 0.3587390516054769.
checkpoint_e22 window_influence: 0.52944614936289047, penalty_k: 0.12085312067143650, scale_lr: 0.52650028241626778, EAO: 0.293
Trial 633 finished with value: 0.2932491255525485 and parameters: {'window_influence': 0.5294461493628905, 'penalty_k': 0.1208531206714365, 'scale_lr': 0.5265002824162678}. Best is trial 97 with value: 0.3587390516054769.
checkpoint_e22 window_influence: 0.44350497903932107, penalty_k: 0.42572433153598299, scale_lr: 0.41794516312347618, EAO: 0.295
Trial 634 finished with value: 0.2952557385315691 and parameters: {'window_influence': 0.44350497903932107, 'penalty_k': 0.425724331535983, 'scale_lr': 0.4179451631234762}. Best is trial 97 with value: 0.3587390516054769.
checkpoint_e22 window_influence: 0.20341330902142876, penalty_k: 0.01335722555362182, scale_lr: 0.17789687951550692, EAO: 0.276
Trial 635 finished with value: 0.2759672170831072 and parameters: {'window_influence': 0.20341330902142876, 'penalty_k': 0.013357225553621815, 'scale_lr': 0.17789687951550692}. Best is trial 97 with value: 0.3587390516054769.
checkpoint_e22 window_influence: 0.57910850082105858, penalty_k: 0.10857800026142675, scale_lr: 0.35461216705362003, EAO: 0.290
Trial 636 finished with value: 0.29007450627445713 and parameters: {'window_influence': 0.5791085008210586, 'penalty_k': 0.10857800026142675, 'scale_lr': 0.35461216705362003}. Best is trial 97 with value: 0.3587390516054769.
checkpoint_e22 window_influence: 0.48112030764523567, penalty_k: 0.14181790150980522, scale_lr: 0.37134702250378088, EAO: 0.304
Trial 637 finished with value: 0.3044378727326597 and parameters: {'window_influence': 0.48112030764523567, 'penalty_k': 0.14181790150980522, 'scale_lr': 0.3713470225037809}. Best is trial 97 with value: 0.3587390516054769.
checkpoint_e22 window_influence: 0.46617055015274111, penalty_k: 0.57741961750815629, scale_lr: 0.32022225270497057, EAO: 0.304
Trial 638 finished with value: 0.30356476209506916 and parameters: {'window_influence': 0.4661705501527411, 'penalty_k': 0.5774196175081563, 'scale_lr': 0.32022225270497057}. Best is trial 97 with value: 0.3587390516054769.
checkpoint_e22 window_influence: 0.51313386667334415, penalty_k: 0.45412882733321586, scale_lr: 0.28639215456643941, EAO: 0.289
Trial 639 finished with value: 0.28895144541439843 and parameters: {'window_influence': 0.5131338666733442, 'penalty_k': 0.45412882733321586, 'scale_lr': 0.2863921545664394}. Best is trial 97 with value: 0.3587390516054769.
checkpoint_e22 window_influence: 0.49062354251869550, penalty_k: 0.23244541428907256, scale_lr: 0.51862482035516955, EAO: 0.310
Trial 640 finished with value: 0.3100664351236959 and parameters: {'window_influence': 0.4906235425186955, 'penalty_k': 0.23244541428907256, 'scale_lr': 0.5186248203551695}. Best is trial 97 with value: 0.3587390516054769.
checkpoint_e22 window_influence: 0.11797340718686500, penalty_k: 0.48762664321588300, scale_lr: 0.26810553421549121, EAO: 0.251
Trial 641 finished with value: 0.25133616712074797 and parameters: {'window_influence': 0.117973407186865, 'penalty_k': 0.487626643215883, 'scale_lr': 0.2681055342154912}. Best is trial 97 with value: 0.3587390516054769.
checkpoint_e22 window_influence: 0.45705657951957313, penalty_k: 0.04436499846717636, scale_lr: 0.30948532451222516, EAO: 0.320
Trial 642 finished with value: 0.32025317830334377 and parameters: {'window_influence': 0.4570565795195731, 'penalty_k': 0.044364998467176356, 'scale_lr': 0.30948532451222516}. Best is trial 97 with value: 0.3587390516054769.
checkpoint_e22 window_influence: 0.47415854518630141, penalty_k: 0.41350308487292453, scale_lr: 0.21701883433414143, EAO: 0.302
Trial 643 finished with value: 0.30213205052488973 and parameters: {'window_influence': 0.4741585451863014, 'penalty_k': 0.41350308487292453, 'scale_lr': 0.21701883433414143}. Best is trial 97 with value: 0.3587390516054769.
checkpoint_e22 window_influence: 0.54284766468918677, penalty_k: 0.08361955544933303, scale_lr: 0.34844901148877655, EAO: 0.301
Trial 644 finished with value: 0.30077545066519934 and parameters: {'window_influence': 0.5428476646891868, 'penalty_k': 0.08361955544933303, 'scale_lr': 0.34844901148877655}. Best is trial 97 with value: 0.3587390516054769.
checkpoint_e22 window_influence: 0.44471834741383498, penalty_k: 0.10029819293171092, scale_lr: 0.15816356149076810, EAO: 0.308
Trial 645 finished with value: 0.30849477526974584 and parameters: {'window_influence': 0.444718347413835, 'penalty_k': 0.10029819293171092, 'scale_lr': 0.1581635614907681}. Best is trial 97 with value: 0.3587390516054769.
checkpoint_e22 window_influence: 0.49703220180227264, penalty_k: 0.12851350108855830, scale_lr: 0.39711206095677920, EAO: 0.317
Trial 646 finished with value: 0.3172193479793081 and parameters: {'window_influence': 0.49703220180227264, 'penalty_k': 0.1285135010885583, 'scale_lr': 0.3971120609567792}. Best is trial 97 with value: 0.3587390516054769.
checkpoint_e22 window_influence: 0.46511600464745512, penalty_k: 0.06859146209209482, scale_lr: 0.32989393932792954, EAO: 0.317
Trial 647 finished with value: 0.3171102363427789 and parameters: {'window_influence': 0.4651160046474551, 'penalty_k': 0.06859146209209482, 'scale_lr': 0.32989393932792954}. Best is trial 97 with value: 0.3587390516054769.
checkpoint_e22 window_influence: 0.38961460769277489, penalty_k: 0.11622424635247659, scale_lr: 0.47544412641651335, EAO: 0.325
Trial 648 finished with value: 0.324645410078045 and parameters: {'window_influence': 0.3896146076927749, 'penalty_k': 0.11622424635247659, 'scale_lr': 0.47544412641651335}. Best is trial 97 with value: 0.3587390516054769.
checkpoint_e22 window_influence: 0.42621579330825510, penalty_k: 0.08949816000836973, scale_lr: 0.11408562782866014, EAO: 0.326
Trial 649 finished with value: 0.32570675067632576 and parameters: {'window_influence': 0.4262157933082551, 'penalty_k': 0.08949816000836973, 'scale_lr': 0.11408562782866014}. Best is trial 97 with value: 0.3587390516054769.
checkpoint_e22 window_influence: 0.17055478026747387, penalty_k: 0.33367613819873521, scale_lr: 0.35923866626489853, EAO: 0.272
Trial 650 finished with value: 0.2722033564334714 and parameters: {'window_influence': 0.17055478026747387, 'penalty_k': 0.3336761381987352, 'scale_lr': 0.35923866626489853}. Best is trial 97 with value: 0.3587390516054769.
checkpoint_e22 window_influence: 0.25872385980187151, penalty_k: 0.16540374279812400, scale_lr: 0.38119939432624328, EAO: 0.276
Trial 651 finished with value: 0.27589845547184405 and parameters: {'window_influence': 0.2587238598018715, 'penalty_k': 0.165403742798124, 'scale_lr': 0.3811993943262433}. Best is trial 97 with value: 0.3587390516054769.
checkpoint_e22 window_influence: 0.22336934052661248, penalty_k: 0.15346686234340939, scale_lr: 0.43991317181779821, EAO: 0.286
Trial 652 finished with value: 0.28550305690051053 and parameters: {'window_influence': 0.22336934052661248, 'penalty_k': 0.1534668623434094, 'scale_lr': 0.4399131718177982}. Best is trial 97 with value: 0.3587390516054769.
checkpoint_e22 window_influence: 0.48371791035570239, penalty_k: 0.10513483365945217, scale_lr: 0.30026656689423731, EAO: 0.330
Trial 653 finished with value: 0.3303417296145213 and parameters: {'window_influence': 0.4837179103557024, 'penalty_k': 0.10513483365945217, 'scale_lr': 0.3002665668942373}. Best is trial 97 with value: 0.3587390516054769.
checkpoint_e22 window_influence: 0.45384649757906709, penalty_k: 0.34361624149958203, scale_lr: 0.50203506496704775, EAO: 0.301
Trial 654 finished with value: 0.3005104651131055 and parameters: {'window_influence': 0.4538464975790671, 'penalty_k': 0.34361624149958203, 'scale_lr': 0.5020350649670478}. Best is trial 97 with value: 0.3587390516054769.
checkpoint_e22 window_influence: 0.47605347985853608, penalty_k: 0.07796789000033880, scale_lr: 0.34205096018510162, EAO: 0.347
Trial 655 finished with value: 0.34676187383989415 and parameters: {'window_influence': 0.4760534798585361, 'penalty_k': 0.0779678900003388, 'scale_lr': 0.3420509601851016}. Best is trial 97 with value: 0.3587390516054769.
checkpoint_e22 window_influence: 0.20901818825873728, penalty_k: 0.26728886529029289, scale_lr: 0.23638356103070088, EAO: 0.279
Trial 656 finished with value: 0.27887440464144087 and parameters: {'window_influence': 0.20901818825873728, 'penalty_k': 0.2672888652902929, 'scale_lr': 0.23638356103070088}. Best is trial 97 with value: 0.3587390516054769.
checkpoint_e22 window_influence: 0.27735570876582027, penalty_k: 0.07495104774621558, scale_lr: 0.36893470429391695, EAO: 0.288
Trial 657 finished with value: 0.2884086776336343 and parameters: {'window_influence': 0.2773557087658203, 'penalty_k': 0.07495104774621558, 'scale_lr': 0.36893470429391695}. Best is trial 97 with value: 0.3587390516054769.
checkpoint_e22 window_influence: 0.56927453156197494, penalty_k: 0.44351009977384914, scale_lr: 0.34304848604873994, EAO: 0.280
Trial 658 finished with value: 0.27979121058599493 and parameters: {'window_influence': 0.5692745315619749, 'penalty_k': 0.44351009977384914, 'scale_lr': 0.34304848604873994}. Best is trial 97 with value: 0.3587390516054769.
checkpoint_e22 window_influence: 0.17608955607271282, penalty_k: 0.05264894498045250, scale_lr: 0.14544218117223182, EAO: 0.275
Trial 659 finished with value: 0.2747828819524453 and parameters: {'window_influence': 0.17608955607271282, 'penalty_k': 0.0526489449804525, 'scale_lr': 0.14544218117223182}. Best is trial 97 with value: 0.3587390516054769.
checkpoint_e22 window_influence: 0.62539933803642678, penalty_k: 0.06560124205566217, scale_lr: 0.78217865279754473, EAO: 0.248
Trial 660 finished with value: 0.2483326941728592 and parameters: {'window_influence': 0.6253993380364268, 'penalty_k': 0.06560124205566217, 'scale_lr': 0.7821786527975447}. Best is trial 97 with value: 0.3587390516054769.
checkpoint_e22 window_influence: 0.46890814885125992, penalty_k: 0.07948374116321744, scale_lr: 0.28530133745275560, EAO: 0.334
Trial 661 finished with value: 0.33390859395613465 and parameters: {'window_influence': 0.4689081488512599, 'penalty_k': 0.07948374116321744, 'scale_lr': 0.2853013374527556}. Best is trial 97 with value: 0.3587390516054769.
checkpoint_e22 window_influence: 0.43533558789414933, penalty_k: 0.46612354264469480, scale_lr: 0.31983783630672719, EAO: 0.299
Trial 662 finished with value: 0.2986631635793916 and parameters: {'window_influence': 0.43533558789414933, 'penalty_k': 0.4661235426446948, 'scale_lr': 0.3198378363067272}. Best is trial 97 with value: 0.3587390516054769.
checkpoint_e22 window_influence: 0.09151442357119155, penalty_k: 0.25986600915187985, scale_lr: 0.71092718308601077, EAO: 0.246
Trial 663 finished with value: 0.24598445583874148 and parameters: {'window_influence': 0.09151442357119155, 'penalty_k': 0.25986600915187985, 'scale_lr': 0.7109271830860108}. Best is trial 97 with value: 0.3587390516054769.
checkpoint_e22 window_influence: 0.45164456864219005, penalty_k: 0.05775499320963430, scale_lr: 0.38447802284114885, EAO: 0.326
Trial 664 finished with value: 0.32607254583084166 and parameters: {'window_influence': 0.45164456864219005, 'penalty_k': 0.0577549932096343, 'scale_lr': 0.38447802284114885}. Best is trial 97 with value: 0.3587390516054769.
checkpoint_e22 window_influence: 0.47498500588323450, penalty_k: 0.03454892663915581, scale_lr: 0.40164224612327659, EAO: 0.307
Trial 665 finished with value: 0.3069019270662204 and parameters: {'window_influence': 0.4749850058832345, 'penalty_k': 0.034548926639155805, 'scale_lr': 0.4016422461232766}. Best is trial 97 with value: 0.3587390516054769.
checkpoint_e22 window_influence: 0.40401030869487581, penalty_k: 0.08856682726793613, scale_lr: 0.55105726035234825, EAO: 0.334
Trial 666 finished with value: 0.3337635439657516 and parameters: {'window_influence': 0.4040103086948758, 'penalty_k': 0.08856682726793613, 'scale_lr': 0.5510572603523483}. Best is trial 97 with value: 0.3587390516054769.
checkpoint_e22 window_influence: 0.13895646630695080, penalty_k: 0.00024900179305562, scale_lr: 0.25602622676733078, EAO: 0.269
Trial 667 finished with value: 0.268860079087172 and parameters: {'window_influence': 0.1389564663069508, 'penalty_k': 0.00024900179305561987, 'scale_lr': 0.2560262267673308}. Best is trial 97 with value: 0.3587390516054769.
checkpoint_e22 window_influence: 0.50481501789388217, penalty_k: 0.13408809701215113, scale_lr: 0.30470295593917845, EAO: 0.312
Trial 668 finished with value: 0.3124690060485662 and parameters: {'window_influence': 0.5048150178938822, 'penalty_k': 0.13408809701215113, 'scale_lr': 0.30470295593917845}. Best is trial 97 with value: 0.3587390516054769.
checkpoint_e22 window_influence: 0.46281850659760582, penalty_k: 0.11620764055575815, scale_lr: 0.35228872127279692, EAO: 0.350
Trial 669 finished with value: 0.35049025059210187 and parameters: {'window_influence': 0.4628185065976058, 'penalty_k': 0.11620764055575815, 'scale_lr': 0.3522887212727969}. Best is trial 97 with value: 0.3587390516054769.
checkpoint_e22 window_influence: 0.57877781851159327, penalty_k: 0.22086118392563281, scale_lr: 0.36207189259540107, EAO: 0.267
Trial 670 finished with value: 0.26734354158551776 and parameters: {'window_influence': 0.5787778185115933, 'penalty_k': 0.2208611839256328, 'scale_lr': 0.36207189259540107}. Best is trial 97 with value: 0.3587390516054769.
checkpoint_e22 window_influence: 0.26274968184471048, penalty_k: 0.12233825089028870, scale_lr: 0.42875170981060445, EAO: 0.296
Trial 671 finished with value: 0.2955034233716675 and parameters: {'window_influence': 0.2627496818447105, 'penalty_k': 0.1223382508902887, 'scale_lr': 0.42875170981060445}. Best is trial 97 with value: 0.3587390516054769.
checkpoint_e22 window_influence: 0.49097562952306067, penalty_k: 0.14410245175434913, scale_lr: 0.67325768234381389, EAO: 0.307
Trial 672 finished with value: 0.30739357105025056 and parameters: {'window_influence': 0.4909756295230607, 'penalty_k': 0.14410245175434913, 'scale_lr': 0.6732576823438139}. Best is trial 97 with value: 0.3587390516054769.
checkpoint_e22 window_influence: 0.23790467283890057, penalty_k: 0.11325520487584598, scale_lr: 0.37572380661203730, EAO: 0.287
Trial 673 finished with value: 0.28681564899270173 and parameters: {'window_influence': 0.23790467283890057, 'penalty_k': 0.11325520487584598, 'scale_lr': 0.3757238066120373}. Best is trial 97 with value: 0.3587390516054769.
checkpoint_e22 window_influence: 0.46202754285498154, penalty_k: 0.12765443302886115, scale_lr: 0.34558703490474257, EAO: 0.313
Trial 674 finished with value: 0.31330888344388064 and parameters: {'window_influence': 0.46202754285498154, 'penalty_k': 0.12765443302886115, 'scale_lr': 0.3455870349047426}. Best is trial 97 with value: 0.3587390516054769.
checkpoint_e22 window_influence: 0.47998296358583842, penalty_k: 0.11067196986399577, scale_lr: 0.27065837485800087, EAO: 0.327
Trial 675 finished with value: 0.32714085878101307 and parameters: {'window_influence': 0.4799829635858384, 'penalty_k': 0.11067196986399577, 'scale_lr': 0.27065837485800087}. Best is trial 97 with value: 0.3587390516054769.
checkpoint_e22 window_influence: 0.51800925218375105, penalty_k: 0.10183829510749604, scale_lr: 0.20178452901285998, EAO: 0.317
Trial 676 finished with value: 0.31696918879269625 and parameters: {'window_influence': 0.518009252183751, 'penalty_k': 0.10183829510749604, 'scale_lr': 0.20178452901285998}. Best is trial 97 with value: 0.3587390516054769.
checkpoint_e22 window_influence: 0.35447354952571852, penalty_k: 0.13526295639457872, scale_lr: 0.58001669709653603, EAO: 0.308
Trial 677 finished with value: 0.30760197237076 and parameters: {'window_influence': 0.3544735495257185, 'penalty_k': 0.13526295639457872, 'scale_lr': 0.580016697096536}. Best is trial 97 with value: 0.3587390516054769.
checkpoint_e22 window_influence: 0.46637086566639047, penalty_k: 0.14874523090141384, scale_lr: 0.18808941067751866, EAO: 0.336
Trial 678 finished with value: 0.3355128028745317 and parameters: {'window_influence': 0.46637086566639047, 'penalty_k': 0.14874523090141384, 'scale_lr': 0.18808941067751866}. Best is trial 97 with value: 0.3587390516054769.
checkpoint_e22 window_influence: 0.44101930645795123, penalty_k: 0.53108834392971638, scale_lr: 0.72703308001542744, EAO: 0.321
Trial 679 finished with value: 0.32109051739891215 and parameters: {'window_influence': 0.44101930645795123, 'penalty_k': 0.5310883439297164, 'scale_lr': 0.7270330800154274}. Best is trial 97 with value: 0.3587390516054769.
checkpoint_e22 window_influence: 0.47963361699509938, penalty_k: 0.02523646837038886, scale_lr: 0.22635462278717539, EAO: 0.318
Trial 680 finished with value: 0.31762062053736084 and parameters: {'window_influence': 0.4796336169950994, 'penalty_k': 0.025236468370388856, 'scale_lr': 0.22635462278717539}. Best is trial 97 with value: 0.3587390516054769.
checkpoint_e22 window_influence: 0.45613741785702527, penalty_k: 0.59804056525000959, scale_lr: 0.13289947663066193, EAO: 0.273
Trial 681 finished with value: 0.27262462611792154 and parameters: {'window_influence': 0.4561374178570253, 'penalty_k': 0.5980405652500096, 'scale_lr': 0.13289947663066193}. Best is trial 97 with value: 0.3587390516054769.
checkpoint_e22 window_influence: 0.50192621747659971, penalty_k: 0.41858986512786978, scale_lr: 0.35795368485151569, EAO: 0.303
