Trial 194 finished with value: 0.30766022837347556 and parameters: {'window_influence': 0.45054149564777074, 'penalty_k': 0.4266659091050498, 'scale_lr': 0.7418386896197471}. Best is trial 14 with value: 0.33692474274783746.
checkpoint_e18 window_influence: 0.50580385346433621, penalty_k: 0.03604499073617626, scale_lr: 0.36227663079285627, EAO: 0.302
Trial 92 finished with value: 0.30204273157314565 and parameters: {'window_influence': 0.5058038534643362, 'penalty_k': 0.03604499073617626, 'scale_lr': 0.36227663079285627}. Best is trial 31 with value: 0.34328013252655354.
checkpoint_e18 window_influence: 0.46247409349417923, penalty_k: 0.45162575913587705, scale_lr: 0.71312351474030855, EAO: 0.323
Trial 195 finished with value: 0.32322949779868587 and parameters: {'window_influence': 0.46247409349417923, 'penalty_k': 0.45162575913587705, 'scale_lr': 0.7131235147403086}. Best is trial 14 with value: 0.33692474274783746.
checkpoint_e18 window_influence: 0.48314440034563294, penalty_k: 0.45051550306590243, scale_lr: 0.58452161074252496, EAO: 0.291
Trial 196 finished with value: 0.2912123412009807 and parameters: {'window_influence': 0.48314440034563294, 'penalty_k': 0.45051550306590243, 'scale_lr': 0.584521610742525}. Best is trial 14 with value: 0.33692474274783746.
checkpoint_e18 window_influence: 0.43304388816824835, penalty_k: 0.01269792117761666, scale_lr: 0.41412323112105076, EAO: 0.315
Trial 93 finished with value: 0.3145162267791622 and parameters: {'window_influence': 0.43304388816824835, 'penalty_k': 0.012697921177616658, 'scale_lr': 0.41412323112105076}. Best is trial 31 with value: 0.34328013252655354.
checkpoint_e18 window_influence: 0.43440175530056047, penalty_k: 0.47352622472059946, scale_lr: 0.71884471621029089, EAO: 0.312
Trial 197 finished with value: 0.31237639875263556 and parameters: {'window_influence': 0.43440175530056047, 'penalty_k': 0.47352622472059946, 'scale_lr': 0.7188447162102909}. Best is trial 14 with value: 0.33692474274783746.
checkpoint_e18 window_influence: 0.41259876176001037, penalty_k: 0.40301107593367219, scale_lr: 0.77421501779224910, EAO: 0.325
Trial 198 finished with value: 0.32463816678013785 and parameters: {'window_influence': 0.41259876176001037, 'penalty_k': 0.4030110759336722, 'scale_lr': 0.7742150177922491}. Best is trial 14 with value: 0.33692474274783746.
checkpoint_e18 window_influence: 0.47952123648130135, penalty_k: 0.00080977190482454, scale_lr: 0.29516842220945227, EAO: 0.310
Trial 94 finished with value: 0.3100144945461926 and parameters: {'window_influence': 0.47952123648130135, 'penalty_k': 0.0008097719048245425, 'scale_lr': 0.2951684222094523}. Best is trial 31 with value: 0.34328013252655354.
checkpoint_e18 window_influence: 0.40753594838180901, penalty_k: 0.40191365418711267, scale_lr: 0.68412958536027713, EAO: 0.309
Trial 199 finished with value: 0.30862996434423245 and parameters: {'window_influence': 0.407535948381809, 'penalty_k': 0.40191365418711267, 'scale_lr': 0.6841295853602771}. Best is trial 14 with value: 0.33692474274783746.
checkpoint_e18 window_influence: 0.41811258923352973, penalty_k: 0.52251969661187692, scale_lr: 0.79994723447809246, EAO: 0.305
Trial 200 finished with value: 0.3051320423411952 and parameters: {'window_influence': 0.41811258923352973, 'penalty_k': 0.5225196966118769, 'scale_lr': 0.7999472344780925}. Best is trial 14 with value: 0.33692474274783746.
checkpoint_e18 window_influence: 0.39477710168287861, penalty_k: 0.03060561241825266, scale_lr: 0.42174952235900909, EAO: 0.315
Trial 95 finished with value: 0.3147796572182429 and parameters: {'window_influence': 0.3947771016828786, 'penalty_k': 0.030605612418252662, 'scale_lr': 0.4217495223590091}. Best is trial 31 with value: 0.34328013252655354.
checkpoint_e18 window_influence: 0.44622880129967063, penalty_k: 0.40987678334389516, scale_lr: 0.77312836141327712, EAO: 0.314
Trial 201 finished with value: 0.3137896339253229 and parameters: {'window_influence': 0.44622880129967063, 'penalty_k': 0.40987678334389516, 'scale_lr': 0.7731283614132771}. Best is trial 14 with value: 0.33692474274783746.
checkpoint_e18 window_influence: 0.42865343208285889, penalty_k: 0.38895767168600842, scale_lr: 0.76176976071906299, EAO: 0.325
Trial 202 finished with value: 0.3246377791760033 and parameters: {'window_influence': 0.4286534320828589, 'penalty_k': 0.3889576716860084, 'scale_lr': 0.761769760719063}. Best is trial 14 with value: 0.33692474274783746.
checkpoint_e18 window_influence: 0.44787588041599458, penalty_k: 0.07741385066000700, scale_lr: 0.39108175701449621, EAO: 0.312
Trial 96 finished with value: 0.3120553907485324 and parameters: {'window_influence': 0.4478758804159946, 'penalty_k': 0.077413850660007, 'scale_lr': 0.3910817570144962}. Best is trial 31 with value: 0.34328013252655354.
checkpoint_e18 window_influence: 0.42918374959181427, penalty_k: 0.38238363785398966, scale_lr: 0.78048271240086431, EAO: 0.323
Trial 203 finished with value: 0.3225151484230613 and parameters: {'window_influence': 0.42918374959181427, 'penalty_k': 0.38238363785398966, 'scale_lr': 0.7804827124008643}. Best is trial 14 with value: 0.33692474274783746.
checkpoint_e18 window_influence: 0.40868224361048500, penalty_k: 0.39505332735610166, scale_lr: 0.75736443155591560, EAO: 0.329
Trial 204 finished with value: 0.3293529631794659 and parameters: {'window_influence': 0.408682243610485, 'penalty_k': 0.39505332735610166, 'scale_lr': 0.7573644315559156}. Best is trial 14 with value: 0.33692474274783746.
checkpoint_e18 window_influence: 0.37489077963912532, penalty_k: 0.05494244882103575, scale_lr: 0.34603195337724446, EAO: 0.302
Trial 97 finished with value: 0.30170380727094437 and parameters: {'window_influence': 0.3748907796391253, 'penalty_k': 0.05494244882103575, 'scale_lr': 0.34603195337724446}. Best is trial 31 with value: 0.34328013252655354.
checkpoint_e18 window_influence: 0.39776796297536993, penalty_k: 0.39805017386481756, scale_lr: 0.75988534642940397, EAO: 0.301
Trial 205 finished with value: 0.300591321075009 and parameters: {'window_influence': 0.3977679629753699, 'penalty_k': 0.39805017386481756, 'scale_lr': 0.759885346429404}. Best is trial 14 with value: 0.33692474274783746.
checkpoint_e18 window_influence: 0.41141754272586695, penalty_k: 0.37765214769151734, scale_lr: 0.73216343731475131, EAO: 0.324
Trial 206 finished with value: 0.32446778278638416 and parameters: {'window_influence': 0.41141754272586695, 'penalty_k': 0.37765214769151734, 'scale_lr': 0.7321634373147513}. Best is trial 14 with value: 0.33692474274783746.
checkpoint_e18 window_influence: 0.41065140261972799, penalty_k: 0.01963822205993410, scale_lr: 0.36971273139924793, EAO: 0.328
Trial 98 finished with value: 0.3282537742695456 and parameters: {'window_influence': 0.410651402619728, 'penalty_k': 0.019638222059934103, 'scale_lr': 0.36971273139924793}. Best is trial 31 with value: 0.34328013252655354.
checkpoint_e18 window_influence: 0.40688791131143121, penalty_k: 0.37296448068359617, scale_lr: 0.73544064506388129, EAO: 0.301
Trial 207 finished with value: 0.30100748882219486 and parameters: {'window_influence': 0.4068879113114312, 'penalty_k': 0.37296448068359617, 'scale_lr': 0.7354406450638813}. Best is trial 14 with value: 0.33692474274783746.
checkpoint_e18 window_influence: 0.41271285082982473, penalty_k: 0.38283847431039775, scale_lr: 0.75359586539669987, EAO: 0.301
Trial 208 finished with value: 0.3009056287748804 and parameters: {'window_influence': 0.41271285082982473, 'penalty_k': 0.38283847431039775, 'scale_lr': 0.7535958653966999}. Best is trial 14 with value: 0.33692474274783746.
checkpoint_e18 window_influence: 0.41170357230485277, penalty_k: 0.01520521100260538, scale_lr: 0.30951317694439540, EAO: 0.316
Trial 99 finished with value: 0.31611850602617525 and parameters: {'window_influence': 0.41170357230485277, 'penalty_k': 0.015205211002605377, 'scale_lr': 0.3095131769443954}. Best is trial 31 with value: 0.34328013252655354.
checkpoint_e18 window_influence: 0.38840888001566581, penalty_k: 0.35505260667657584, scale_lr: 0.73173131535247338, EAO: 0.296
Trial 209 finished with value: 0.2955432929069616 and parameters: {'window_influence': 0.3884088800156658, 'penalty_k': 0.35505260667657584, 'scale_lr': 0.7317313153524734}. Best is trial 14 with value: 0.33692474274783746.
checkpoint_e18 window_influence: 0.42146724020063797, penalty_k: 0.39751514902243934, scale_lr: 0.76103219445302350, EAO: 0.324
Trial 210 finished with value: 0.3244282391052766 and parameters: {'window_influence': 0.42146724020063797, 'penalty_k': 0.39751514902243934, 'scale_lr': 0.7610321944530235}. Best is trial 14 with value: 0.33692474274783746.
checkpoint_e18 window_influence: 0.42048865207039438, penalty_k: 0.39308713988314831, scale_lr: 0.76481675225665946, EAO: 0.310
Trial 211 finished with value: 0.310091710624064 and parameters: {'window_influence': 0.4204886520703944, 'penalty_k': 0.3930871398831483, 'scale_lr': 0.7648167522566595}. Best is trial 14 with value: 0.33692474274783746.
checkpoint_e18 window_influence: 0.36090349815373668, penalty_k: 0.04747728917147497, scale_lr: 0.39876684911872162, EAO: 0.309
Trial 100 finished with value: 0.3094522006780721 and parameters: {'window_influence': 0.3609034981537367, 'penalty_k': 0.04747728917147497, 'scale_lr': 0.3987668491187216}. Best is trial 31 with value: 0.34328013252655354.
checkpoint_e18 window_influence: 0.40054389653014133, penalty_k: 0.39487352540219345, scale_lr: 0.65495590964935313, EAO: 0.300
Trial 212 finished with value: 0.299990108040984 and parameters: {'window_influence': 0.40054389653014133, 'penalty_k': 0.39487352540219345, 'scale_lr': 0.6549559096493531}. Best is trial 14 with value: 0.33692474274783746.
checkpoint_e18 window_influence: 0.42758873481532350, penalty_k: 0.36135094996947648, scale_lr: 0.78820620116610607, EAO: 0.317
Trial 213 finished with value: 0.31729075776463816 and parameters: {'window_influence': 0.4275887348153235, 'penalty_k': 0.3613509499694765, 'scale_lr': 0.7882062011661061}. Best is trial 14 with value: 0.33692474274783746.
checkpoint_e18 window_influence: 0.43211756217074493, penalty_k: 0.03036498928560271, scale_lr: 0.36505835551249999, EAO: 0.321
Trial 101 finished with value: 0.3207295691224851 and parameters: {'window_influence': 0.43211756217074493, 'penalty_k': 0.030364989285602707, 'scale_lr': 0.3650583555125}. Best is trial 31 with value: 0.34328013252655354.
checkpoint_e18 window_influence: 0.43774894836247763, penalty_k: 0.37546756695003186, scale_lr: 0.74898517048317081, EAO: 0.306
Trial 214 finished with value: 0.3055089404842733 and parameters: {'window_influence': 0.43774894836247763, 'penalty_k': 0.37546756695003186, 'scale_lr': 0.7489851704831708}. Best is trial 14 with value: 0.33692474274783746.
checkpoint_e18 window_influence: 0.41293569131102115, penalty_k: 0.33412757125286685, scale_lr: 0.51117717919321948, EAO: 0.294
Trial 215 finished with value: 0.2940312321895755 and parameters: {'window_influence': 0.41293569131102115, 'penalty_k': 0.33412757125286685, 'scale_lr': 0.5111771791932195}. Best is trial 14 with value: 0.33692474274783746.
checkpoint_e18 window_influence: 0.39236054085303118, penalty_k: 0.06440296412480695, scale_lr: 0.37392674628344064, EAO: 0.337
Trial 102 finished with value: 0.3370633366506851 and parameters: {'window_influence': 0.3923605408530312, 'penalty_k': 0.06440296412480695, 'scale_lr': 0.37392674628344064}. Best is trial 31 with value: 0.34328013252655354.
checkpoint_e18 window_influence: 0.37724544036361790, penalty_k: 0.38855925694096977, scale_lr: 0.76798683192763284, EAO: 0.298
Trial 216 finished with value: 0.298296193784313 and parameters: {'window_influence': 0.3772454403636179, 'penalty_k': 0.38855925694096977, 'scale_lr': 0.7679868319276328}. Best is trial 14 with value: 0.33692474274783746.
checkpoint_e18 window_influence: 0.39312502632248836, penalty_k: 0.40780464702817432, scale_lr: 0.72640141066546837, EAO: 0.308
Trial 217 finished with value: 0.3084612108969967 and parameters: {'window_influence': 0.39312502632248836, 'penalty_k': 0.4078046470281743, 'scale_lr': 0.7264014106654684}. Best is trial 14 with value: 0.33692474274783746.
checkpoint_e18 window_influence: 0.38922545682287646, penalty_k: 0.06747259760225531, scale_lr: 0.32629236139895446, EAO: 0.312
Trial 103 finished with value: 0.31203983312450956 and parameters: {'window_influence': 0.38922545682287646, 'penalty_k': 0.06747259760225531, 'scale_lr': 0.32629236139895446}. Best is trial 31 with value: 0.34328013252655354.
checkpoint_e18 window_influence: 0.42693757132489069, penalty_k: 0.41697444758869812, scale_lr: 0.69824613882999020, EAO: 0.303
Trial 218 finished with value: 0.30286544491808703 and parameters: {'window_influence': 0.4269375713248907, 'penalty_k': 0.4169744475886981, 'scale_lr': 0.6982461388299902}. Best is trial 14 with value: 0.33692474274783746.
checkpoint_e18 window_influence: 0.41102856324360676, penalty_k: 0.37298490814337992, scale_lr: 0.62516128864296117, EAO: 0.309
Trial 219 finished with value: 0.3094279393263828 and parameters: {'window_influence': 0.41102856324360676, 'penalty_k': 0.3729849081433799, 'scale_lr': 0.6251612886429612}. Best is trial 14 with value: 0.33692474274783746.
checkpoint_e18 window_influence: 0.36862381290763557, penalty_k: 0.01072380592504530, scale_lr: 0.43881598422684376, EAO: 0.312
Trial 104 finished with value: 0.31165027612610086 and parameters: {'window_influence': 0.3686238129076356, 'penalty_k': 0.0107238059250453, 'scale_lr': 0.43881598422684376}. Best is trial 31 with value: 0.34328013252655354.
checkpoint_e18 window_influence: 0.44083756585392075, penalty_k: 0.34401632889887007, scale_lr: 0.77988726761936211, EAO: 0.316
Trial 220 finished with value: 0.3158698805575241 and parameters: {'window_influence': 0.44083756585392075, 'penalty_k': 0.34401632889887007, 'scale_lr': 0.7798872676193621}. Best is trial 14 with value: 0.33692474274783746.
checkpoint_e18 window_influence: 0.44747992831971362, penalty_k: 0.42214547191300056, scale_lr: 0.77466628917092972, EAO: 0.324
Trial 221 finished with value: 0.32437317177711295 and parameters: {'window_influence': 0.4474799283197136, 'penalty_k': 0.42214547191300056, 'scale_lr': 0.7746662891709297}. Best is trial 14 with value: 0.33692474274783746.
checkpoint_e18 window_influence: 0.40928549174885154, penalty_k: 0.09788722443643255, scale_lr: 0.38195980170857829, EAO: 0.314
Trial 105 finished with value: 0.3140106629072924 and parameters: {'window_influence': 0.40928549174885154, 'penalty_k': 0.09788722443643255, 'scale_lr': 0.3819598017085783}. Best is trial 31 with value: 0.34328013252655354.
checkpoint_e18 window_influence: 0.44516918883225415, penalty_k: 0.40495548504559137, scale_lr: 0.75701878455365523, EAO: 0.312
Trial 222 finished with value: 0.31207541657560994 and parameters: {'window_influence': 0.44516918883225415, 'penalty_k': 0.40495548504559137, 'scale_lr': 0.7570187845536552}. Best is trial 14 with value: 0.33692474274783746.
checkpoint_e18 window_influence: 0.42533954090830223, penalty_k: 0.54647632181570993, scale_lr: 0.78734161747130571, EAO: 0.302
Trial 223 finished with value: 0.3021240426872491 and parameters: {'window_influence': 0.4253395409083022, 'penalty_k': 0.5464763218157099, 'scale_lr': 0.7873416174713057}. Best is trial 14 with value: 0.33692474274783746.
checkpoint_e18 window_influence: 0.39900410615300624, penalty_k: 0.04357420471487515, scale_lr: 0.40686384238723716, EAO: 0.340
Trial 106 finished with value: 0.3401411850628686 and parameters: {'window_influence': 0.39900410615300624, 'penalty_k': 0.04357420471487515, 'scale_lr': 0.40686384238723716}. Best is trial 31 with value: 0.34328013252655354.
checkpoint_e18 window_influence: 0.43369346798151565, penalty_k: 0.42297699429060304, scale_lr: 0.74332128557934529, EAO: 0.298
Trial 224 finished with value: 0.29818114122296124 and parameters: {'window_influence': 0.43369346798151565, 'penalty_k': 0.42297699429060304, 'scale_lr': 0.7433212855793453}. Best is trial 14 with value: 0.33692474274783746.
checkpoint_e18 window_influence: 0.41793452360668587, penalty_k: 0.39302227380485932, scale_lr: 0.76896910471238822, EAO: 0.327
Trial 225 finished with value: 0.3271973388784127 and parameters: {'window_influence': 0.41793452360668587, 'penalty_k': 0.3930222738048593, 'scale_lr': 0.7689691047123882}. Best is trial 14 with value: 0.33692474274783746.
checkpoint_e18 window_influence: 0.41538774145083152, penalty_k: 0.38914135857638188, scale_lr: 0.37655802023491430, EAO: 0.304
Trial 226 finished with value: 0.30366621865140786 and parameters: {'window_influence': 0.4153877414508315, 'penalty_k': 0.3891413585763819, 'scale_lr': 0.3765580202349143}. Best is trial 14 with value: 0.33692474274783746.
checkpoint_e18 window_influence: 0.34549634446501171, penalty_k: 0.04013316260635245, scale_lr: 0.40823066322356755, EAO: 0.305
Trial 107 finished with value: 0.3053945403270684 and parameters: {'window_influence': 0.3454963444650117, 'penalty_k': 0.04013316260635245, 'scale_lr': 0.40823066322356755}. Best is trial 31 with value: 0.34328013252655354.
checkpoint_e18 window_influence: 0.39289238522828890, penalty_k: 0.40782265556569947, scale_lr: 0.76625139716533042, EAO: 0.310
Trial 227 finished with value: 0.31020480893001484 and parameters: {'window_influence': 0.3928923852282889, 'penalty_k': 0.40782265556569947, 'scale_lr': 0.7662513971653304}. Best is trial 14 with value: 0.33692474274783746.
checkpoint_e18 window_influence: 0.42073923911837546, penalty_k: 0.58199849271516690, scale_lr: 0.75251732753816503, EAO: 0.314
Trial 228 finished with value: 0.3135140818264698 and parameters: {'window_influence': 0.42073923911837546, 'penalty_k': 0.5819984927151669, 'scale_lr': 0.752517327538165}. Best is trial 14 with value: 0.33692474274783746.
checkpoint_e18 window_influence: 0.37142408740471961, penalty_k: 0.02077345575223529, scale_lr: 0.33813316130862037, EAO: 0.304
Trial 108 finished with value: 0.30404418799663796 and parameters: {'window_influence': 0.3714240874047196, 'penalty_k': 0.020773455752235288, 'scale_lr': 0.33813316130862037}. Best is trial 31 with value: 0.34328013252655354.
checkpoint_e18 window_influence: 0.40263901720753614, penalty_k: 0.39188085840696624, scale_lr: 0.73958654963622616, EAO: 0.307
Trial 229 finished with value: 0.3069156973046551 and parameters: {'window_influence': 0.40263901720753614, 'penalty_k': 0.39188085840696624, 'scale_lr': 0.7395865496362262}. Best is trial 14 with value: 0.33692474274783746.
checkpoint_e18 window_influence: 0.43632284427836687, penalty_k: 0.41811028826440960, scale_lr: 0.77881811957635927, EAO: 0.313
Trial 230 finished with value: 0.3130612510767428 and parameters: {'window_influence': 0.4363228442783669, 'penalty_k': 0.4181102882644096, 'scale_lr': 0.7788181195763593}. Best is trial 14 with value: 0.33692474274783746.
checkpoint_e18 window_influence: 0.40125243847716496, penalty_k: 0.00144162830956747, scale_lr: 0.34944332806696748, EAO: 0.328
Trial 109 finished with value: 0.3276566086112293 and parameters: {'window_influence': 0.40125243847716496, 'penalty_k': 0.0014416283095674692, 'scale_lr': 0.3494433280669675}. Best is trial 31 with value: 0.34328013252655354.
checkpoint_e18 window_influence: 0.44785528524466284, penalty_k: 0.40042465244145714, scale_lr: 0.76578716997057583, EAO: 0.299
Trial 231 finished with value: 0.29882450222041357 and parameters: {'window_influence': 0.44785528524466284, 'penalty_k': 0.40042465244145714, 'scale_lr': 0.7657871699705758}. Best is trial 14 with value: 0.33692474274783746.
checkpoint_e18 window_influence: 0.45408532941156171, penalty_k: 0.16546959061013763, scale_lr: 0.61211625706012218, EAO: 0.307
Trial 232 finished with value: 0.30701268119338887 and parameters: {'window_influence': 0.4540853294115617, 'penalty_k': 0.16546959061013763, 'scale_lr': 0.6121162570601222}. Best is trial 14 with value: 0.33692474274783746.
checkpoint_e18 window_influence: 0.38251360628853437, penalty_k: 0.08419091068630932, scale_lr: 0.42084856559214240, EAO: 0.330
Trial 110 finished with value: 0.3302976899573775 and parameters: {'window_influence': 0.38251360628853437, 'penalty_k': 0.08419091068630932, 'scale_lr': 0.4208485655921424}. Best is trial 31 with value: 0.34328013252655354.
checkpoint_e18 window_influence: 0.42653004338656564, penalty_k: 0.35770006305764585, scale_lr: 0.79010154881244965, EAO: 0.307
Trial 233 finished with value: 0.3073358606503631 and parameters: {'window_influence': 0.42653004338656564, 'penalty_k': 0.35770006305764585, 'scale_lr': 0.7901015488124496}. Best is trial 14 with value: 0.33692474274783746.
checkpoint_e18 window_influence: 0.44335739668788132, penalty_k: 0.37905034163494794, scale_lr: 0.77310364145173405, EAO: 0.310
Trial 234 finished with value: 0.3100129981101255 and parameters: {'window_influence': 0.4433573966878813, 'penalty_k': 0.37905034163494794, 'scale_lr': 0.773103641451734}. Best is trial 14 with value: 0.33692474274783746.
checkpoint_e18 window_influence: 0.38900123564318184, penalty_k: 0.08459488564026293, scale_lr: 0.41600900758601284, EAO: 0.319
Trial 111 finished with value: 0.31873000131970713 and parameters: {'window_influence': 0.38900123564318184, 'penalty_k': 0.08459488564026293, 'scale_lr': 0.41600900758601284}. Best is trial 31 with value: 0.34328013252655354.
checkpoint_e18 window_influence: 0.41029635426733185, penalty_k: 0.42116257282300429, scale_lr: 0.75975809496738578, EAO: 0.326
Trial 235 finished with value: 0.3259733286233264 and parameters: {'window_influence': 0.41029635426733185, 'penalty_k': 0.4211625728230043, 'scale_lr': 0.7597580949673858}. Best is trial 14 with value: 0.33692474274783746.
checkpoint_e18 window_influence: 0.40683427125635530, penalty_k: 0.56397475226302107, scale_lr: 0.75425724015697293, EAO: 0.301
