Trial 15 finished with value: 0.2835338904236077 and parameters: {'window_influence': 0.5484477114495002, 'penalty_k': 0.15429794411744469, 'scale_lr': 0.7804002733176805}. Best is trial 12 with value: 0.33630208885623325.
checkpoint_e16 window_influence: 0.64026373007706838, penalty_k: 0.04885691122021930, scale_lr: 0.79486939191027184, EAO: 0.246
Trial 16 finished with value: 0.24597025114738524 and parameters: {'window_influence': 0.6402637300770684, 'penalty_k': 0.048856911220219304, 'scale_lr': 0.7948693919102718}. Best is trial 12 with value: 0.33630208885623325.
checkpoint_e16 window_influence: 0.45926606317885815, penalty_k: 0.18616057536381739, scale_lr: 0.57278225997465104, EAO: 0.311
Trial 17 finished with value: 0.31147523398297305 and parameters: {'window_influence': 0.45926606317885815, 'penalty_k': 0.1861605753638174, 'scale_lr': 0.572782259974651}. Best is trial 12 with value: 0.33630208885623325.
checkpoint_e16 window_influence: 0.36019715268893360, penalty_k: 0.29425080206051868, scale_lr: 0.63698709549704757, EAO: 0.294
Trial 18 finished with value: 0.2941518812096073 and parameters: {'window_influence': 0.3601971526889336, 'penalty_k': 0.2942508020605187, 'scale_lr': 0.6369870954970476}. Best is trial 12 with value: 0.33630208885623325.
checkpoint_e16 window_influence: 0.46277289891175299, penalty_k: 0.11099474275592547, scale_lr: 0.74554942540526337, EAO: 0.305
Trial 19 finished with value: 0.3048646255225987 and parameters: {'window_influence': 0.462772898911753, 'penalty_k': 0.11099474275592547, 'scale_lr': 0.7455494254052634}. Best is trial 12 with value: 0.33630208885623325.
checkpoint_e16 window_influence: 0.55391986570350016, penalty_k: 0.20038478210687807, scale_lr: 0.60169047454258462, EAO: 0.284
Trial 20 finished with value: 0.28367010906976486 and parameters: {'window_influence': 0.5539198657035002, 'penalty_k': 0.20038478210687807, 'scale_lr': 0.6016904745425846}. Best is trial 12 with value: 0.33630208885623325.
checkpoint_e16 window_influence: 0.43790984783347253, penalty_k: 0.17885496574524290, scale_lr: 0.72402114307257615, EAO: 0.304
Trial 21 finished with value: 0.3039409179052026 and parameters: {'window_influence': 0.43790984783347253, 'penalty_k': 0.1788549657452429, 'scale_lr': 0.7240211430725761}. Best is trial 12 with value: 0.33630208885623325.
checkpoint_e16 window_influence: 0.47914540237697623, penalty_k: 0.15005603935962056, scale_lr: 0.79969388187166146, EAO: 0.307
Trial 22 finished with value: 0.307062053436899 and parameters: {'window_influence': 0.4791454023769762, 'penalty_k': 0.15005603935962056, 'scale_lr': 0.7996938818716615}. Best is trial 12 with value: 0.33630208885623325.
checkpoint_e16 window_influence: 0.34450074896939226, penalty_k: 0.24916525064338674, scale_lr: 0.58453821465101319, EAO: 0.300
Trial 23 finished with value: 0.29988854334975956 and parameters: {'window_influence': 0.34450074896939226, 'penalty_k': 0.24916525064338674, 'scale_lr': 0.5845382146510132}. Best is trial 12 with value: 0.33630208885623325.
checkpoint_e16 window_influence: 0.45985686651567093, penalty_k: 0.06736756445918035, scale_lr: 0.65650561650623940, EAO: 0.315
Trial 24 finished with value: 0.31497062122311575 and parameters: {'window_influence': 0.4598568665156709, 'penalty_k': 0.06736756445918035, 'scale_lr': 0.6565056165062394}. Best is trial 12 with value: 0.33630208885623325.
checkpoint_e16 window_influence: 0.57592412020918904, penalty_k: 0.07639946305816638, scale_lr: 0.73962837325699116, EAO: 0.265
Trial 25 finished with value: 0.26478460576051865 and parameters: {'window_influence': 0.575924120209189, 'penalty_k': 0.07639946305816638, 'scale_lr': 0.7396283732569912}. Best is trial 12 with value: 0.33630208885623325.
checkpoint_e16 window_influence: 0.51240637668485711, penalty_k: 0.04274148471253502, scale_lr: 0.65050483684172233, EAO: 0.324
Trial 26 finished with value: 0.32385438286376833 and parameters: {'window_influence': 0.5124063766848571, 'penalty_k': 0.04274148471253502, 'scale_lr': 0.6505048368417223}. Best is trial 12 with value: 0.33630208885623325.
checkpoint_e16 window_influence: 0.51599625825376660, penalty_k: 0.12649453235278435, scale_lr: 0.75403691694366748, EAO: 0.304
Trial 27 finished with value: 0.3036218396884458 and parameters: {'window_influence': 0.5159962582537666, 'penalty_k': 0.12649453235278435, 'scale_lr': 0.7540369169436675}. Best is trial 12 with value: 0.33630208885623325.
checkpoint_e16 window_influence: 0.59199544396569093, penalty_k: 0.02236243150237511, scale_lr: 0.72364279058638592, EAO: 0.265
Trial 28 finished with value: 0.26491388104537117 and parameters: {'window_influence': 0.5919954439656909, 'penalty_k': 0.02236243150237511, 'scale_lr': 0.7236427905863859}. Best is trial 12 with value: 0.33630208885623325.
checkpoint_e16 window_influence: 0.51084735030481987, penalty_k: 0.03682549533013585, scale_lr: 0.65516625502200276, EAO: 0.323
Trial 29 finished with value: 0.3226912439101401 and parameters: {'window_influence': 0.5108473503048199, 'penalty_k': 0.03682549533013585, 'scale_lr': 0.6551662550220028}. Best is trial 12 with value: 0.33630208885623325.
checkpoint_e16 window_influence: 0.60074669088622734, penalty_k: 0.06433740288282941, scale_lr: 0.75150364809312653, EAO: 0.248
Trial 30 finished with value: 0.24836214994178207 and parameters: {'window_influence': 0.6007466908862273, 'penalty_k': 0.06433740288282941, 'scale_lr': 0.7515036480931265}. Best is trial 12 with value: 0.33630208885623325.
checkpoint_e16 window_influence: 0.51011531958871481, penalty_k: 0.03249100836351410, scale_lr: 0.62365060132804584, EAO: 0.324
Trial 31 finished with value: 0.32427767881623504 and parameters: {'window_influence': 0.5101153195887148, 'penalty_k': 0.032491008363514096, 'scale_lr': 0.6236506013280458}. Best is trial 12 with value: 0.33630208885623325.
checkpoint_e16 window_influence: 0.54371908207124597, penalty_k: 0.00470230080947762, scale_lr: 0.69598525369266095, EAO: 0.298
Trial 32 finished with value: 0.2976831406470867 and parameters: {'window_influence': 0.543719082071246, 'penalty_k': 0.004702300809477623, 'scale_lr': 0.695985253692661}. Best is trial 12 with value: 0.33630208885623325.
checkpoint_e16 window_influence: 0.49268595730603304, penalty_k: 0.08530358172817075, scale_lr: 0.62588140154817529, EAO: 0.334
Trial 33 finished with value: 0.3339471534068482 and parameters: {'window_influence': 0.49268595730603304, 'penalty_k': 0.08530358172817075, 'scale_lr': 0.6258814015481753}. Best is trial 12 with value: 0.33630208885623325.
checkpoint_e16 window_influence: 0.53912474707600821, penalty_k: 0.07898730941887389, scale_lr: 0.53632402770420962, EAO: 0.301
Trial 34 finished with value: 0.3013306015428402 and parameters: {'window_influence': 0.5391247470760082, 'penalty_k': 0.07898730941887389, 'scale_lr': 0.5363240277042096}. Best is trial 12 with value: 0.33630208885623325.
checkpoint_e16 window_influence: 0.43930169634168370, penalty_k: 0.03198228103669323, scale_lr: 0.62006667336727928, EAO: 0.313
Trial 35 finished with value: 0.3129456671179501 and parameters: {'window_influence': 0.4393016963416837, 'penalty_k': 0.031982281036693226, 'scale_lr': 0.6200666733672793}. Best is trial 12 with value: 0.33630208885623325.
checkpoint_e16 window_influence: 0.57428135421044701, penalty_k: 0.09590219570643213, scale_lr: 0.67256173927561647, EAO: 0.271
Trial 36 finished with value: 0.27068443202091097 and parameters: {'window_influence': 0.574281354210447, 'penalty_k': 0.09590219570643213, 'scale_lr': 0.6725617392756165}. Best is trial 12 with value: 0.33630208885623325.
checkpoint_e16 window_influence: 0.39705045885459145, penalty_k: 0.12567694823315056, scale_lr: 0.51020440744190565, EAO: 0.322
Trial 37 finished with value: 0.32221314183468946 and parameters: {'window_influence': 0.39705045885459145, 'penalty_k': 0.12567694823315056, 'scale_lr': 0.5102044074419056}. Best is trial 12 with value: 0.33630208885623325.
checkpoint_e16 window_influence: 0.50285126667544511, penalty_k: 0.05182958387260094, scale_lr: 0.56615127413334931, EAO: 0.325
Trial 38 finished with value: 0.3247169010370158 and parameters: {'window_influence': 0.5028512666754451, 'penalty_k': 0.05182958387260094, 'scale_lr': 0.5661512741333493}. Best is trial 12 with value: 0.33630208885623325.
checkpoint_e16 window_influence: 0.45951850450693288, penalty_k: 0.08045580518690572, scale_lr: 0.56137794712527767, EAO: 0.325
Trial 39 finished with value: 0.32509921833235 and parameters: {'window_influence': 0.4595185045069329, 'penalty_k': 0.08045580518690572, 'scale_lr': 0.5613779471252777}. Best is trial 12 with value: 0.33630208885623325.
checkpoint_e16 window_influence: 0.42876611591068631, penalty_k: 0.21316004741193523, scale_lr: 0.56929939254328765, EAO: 0.303
Trial 40 finished with value: 0.30311081752702884 and parameters: {'window_influence': 0.4287661159106863, 'penalty_k': 0.21316004741193523, 'scale_lr': 0.5692993925432877}. Best is trial 12 with value: 0.33630208885623325.
checkpoint_e16 window_influence: 0.46482363250885339, penalty_k: 0.09981984920096762, scale_lr: 0.60554159408568264, EAO: 0.328
Trial 41 finished with value: 0.32789700602974875 and parameters: {'window_influence': 0.4648236325088534, 'penalty_k': 0.09981984920096762, 'scale_lr': 0.6055415940856826}. Best is trial 12 with value: 0.33630208885623325.
checkpoint_e16 window_influence: 0.45315819213792119, penalty_k: 0.09164833429079292, scale_lr: 0.49109340485210196, EAO: 0.320
Trial 42 finished with value: 0.31995678614781525 and parameters: {'window_influence': 0.4531581921379212, 'penalty_k': 0.09164833429079292, 'scale_lr': 0.49109340485210196}. Best is trial 12 with value: 0.33630208885623325.
checkpoint_e16 window_influence: 0.48123047484721404, penalty_k: 0.13936309180204762, scale_lr: 0.54689403684241389, EAO: 0.329
Trial 43 finished with value: 0.32875088181940965 and parameters: {'window_influence': 0.48123047484721404, 'penalty_k': 0.13936309180204762, 'scale_lr': 0.5468940368424139}. Best is trial 12 with value: 0.33630208885623325.
checkpoint_e16 window_influence: 0.47816436653217870, penalty_k: 0.13995026619789855, scale_lr: 0.60376435623521429, EAO: 0.317
Trial 44 finished with value: 0.31734649315186514 and parameters: {'window_influence': 0.4781643665321787, 'penalty_k': 0.13995026619789855, 'scale_lr': 0.6037643562352143}. Best is trial 12 with value: 0.33630208885623325.
checkpoint_e16 window_influence: 0.38360106804311411, penalty_k: 0.10633391192147376, scale_lr: 0.53257384201912961, EAO: 0.296
Trial 45 finished with value: 0.29603055490593966 and parameters: {'window_influence': 0.3836010680431141, 'penalty_k': 0.10633391192147376, 'scale_lr': 0.5325738420191296}. Best is trial 12 with value: 0.33630208885623325.
checkpoint_e16 window_influence: 0.41430000851724147, penalty_k: 0.23259519704949905, scale_lr: 0.48467649512779515, EAO: 0.305
Trial 46 finished with value: 0.3047578346984396 and parameters: {'window_influence': 0.41430000851724147, 'penalty_k': 0.23259519704949905, 'scale_lr': 0.48467649512779515}. Best is trial 12 with value: 0.33630208885623325.
checkpoint_e16 window_influence: 0.47361674765458422, penalty_k: 0.09968483764651556, scale_lr: 0.46416879879394241, EAO: 0.347
Trial 47 finished with value: 0.34661356449591046 and parameters: {'window_influence': 0.4736167476545842, 'penalty_k': 0.09968483764651556, 'scale_lr': 0.4641687987939424}. Best is trial 47 with value: 0.34661356449591046.
checkpoint_e16 window_influence: 0.47531126558428000, penalty_k: 0.13093570864347009, scale_lr: 0.43872950440766817, EAO: 0.323
Trial 48 finished with value: 0.32309311112309247 and parameters: {'window_influence': 0.47531126558428, 'penalty_k': 0.1309357086434701, 'scale_lr': 0.43872950440766817}. Best is trial 47 with value: 0.34661356449591046.
checkpoint_e16 window_influence: 0.41595658598661089, penalty_k: 0.19361244120509774, scale_lr: 0.51302398530966375, EAO: 0.303
Trial 49 finished with value: 0.30284750658714354 and parameters: {'window_influence': 0.4159565859866109, 'penalty_k': 0.19361244120509774, 'scale_lr': 0.5130239853096638}. Best is trial 47 with value: 0.34661356449591046.
checkpoint_e16 window_influence: 0.48925320381391607, penalty_k: 0.16350553830254630, scale_lr: 0.45777686041704990, EAO: 0.325
Trial 50 finished with value: 0.3250064607492217 and parameters: {'window_influence': 0.48925320381391607, 'penalty_k': 0.1635055383025463, 'scale_lr': 0.4577768604170499}. Best is trial 47 with value: 0.34661356449591046.
checkpoint_e16 window_influence: 0.44795048430944501, penalty_k: 0.09633009569806868, scale_lr: 0.55408653192621438, EAO: 0.317
Trial 51 finished with value: 0.31735952726134065 and parameters: {'window_influence': 0.447950484309445, 'penalty_k': 0.09633009569806868, 'scale_lr': 0.5540865319262144}. Best is trial 47 with value: 0.34661356449591046.
checkpoint_e16 window_influence: 0.48193815140939306, penalty_k: 0.13817231590329437, scale_lr: 0.55005224182977797, EAO: 0.317
Trial 52 finished with value: 0.317055817649986 and parameters: {'window_influence': 0.48193815140939306, 'penalty_k': 0.13817231590329437, 'scale_lr': 0.550052241829778}. Best is trial 47 with value: 0.34661356449591046.
checkpoint_e16 window_influence: 0.53276088994692161, penalty_k: 0.10825472354607089, scale_lr: 0.59497727214982166, EAO: 0.308
Trial 53 finished with value: 0.3077365442356711 and parameters: {'window_influence': 0.5327608899469216, 'penalty_k': 0.1082547235460709, 'scale_lr': 0.5949772721498217}. Best is trial 47 with value: 0.34661356449591046.
checkpoint_e16 window_influence: 0.44126926047167769, penalty_k: 0.06874212623537733, scale_lr: 0.62191577592685421, EAO: 0.337
Trial 54 finished with value: 0.33670549935403965 and parameters: {'window_influence': 0.4412692604716777, 'penalty_k': 0.06874212623537733, 'scale_lr': 0.6219157759268542}. Best is trial 47 with value: 0.34661356449591046.
checkpoint_e16 window_influence: 0.43491161291949776, penalty_k: 0.17396177890821762, scale_lr: 0.68489907307979447, EAO: 0.298
Trial 55 finished with value: 0.29765916717191615 and parameters: {'window_influence': 0.43491161291949776, 'penalty_k': 0.17396177890821762, 'scale_lr': 0.6848990730797945}. Best is trial 47 with value: 0.34661356449591046.
checkpoint_e16 window_influence: 0.49170463403317111, penalty_k: 0.15309680642666351, scale_lr: 0.62450567680875835, EAO: 0.331
Trial 56 finished with value: 0.33112039814199457 and parameters: {'window_influence': 0.4917046340331711, 'penalty_k': 0.1530968064266635, 'scale_lr': 0.6245056768087583}. Best is trial 47 with value: 0.34661356449591046.
checkpoint_e16 window_influence: 0.49391865169357113, penalty_k: 0.14883487542625976, scale_lr: 0.71171328256272115, EAO: 0.328
Trial 57 finished with value: 0.32777028742467385 and parameters: {'window_influence': 0.49391865169357113, 'penalty_k': 0.14883487542625976, 'scale_lr': 0.7117132825627212}. Best is trial 47 with value: 0.34661356449591046.
checkpoint_e16 window_influence: 0.39632172401931520, penalty_k: 0.06337668417911543, scale_lr: 0.64199602114329457, EAO: 0.308
Trial 58 finished with value: 0.3081421929806587 and parameters: {'window_influence': 0.3963217240193152, 'penalty_k': 0.06337668417911543, 'scale_lr': 0.6419960211432946}. Best is trial 47 with value: 0.34661356449591046.
checkpoint_e16 window_influence: 0.52925462123758460, penalty_k: 0.20352469779510152, scale_lr: 0.70185674085914274, EAO: 0.280
Trial 59 finished with value: 0.279735469806519 and parameters: {'window_influence': 0.5292546212375846, 'penalty_k': 0.20352469779510152, 'scale_lr': 0.7018567408591427}. Best is trial 47 with value: 0.34661356449591046.
checkpoint_e16 window_influence: 0.55856045006447497, penalty_k: 0.18214357471612977, scale_lr: 0.67673528061121579, EAO: 0.293
Trial 60 finished with value: 0.29290003065701126 and parameters: {'window_influence': 0.558560450064475, 'penalty_k': 0.18214357471612977, 'scale_lr': 0.6767352806112158}. Best is trial 47 with value: 0.34661356449591046.
checkpoint_e16 window_influence: 0.46445014181294270, penalty_k: 0.11559147810393282, scale_lr: 0.61466883057823385, EAO: 0.344
Trial 61 finished with value: 0.343530546134548 and parameters: {'window_influence': 0.4644501418129427, 'penalty_k': 0.11559147810393282, 'scale_lr': 0.6146688305782338}. Best is trial 47 with value: 0.34661356449591046.
checkpoint_e16 window_influence: 0.49494176668484452, penalty_k: 0.12254978814087662, scale_lr: 0.58708863975530601, EAO: 0.328
Trial 62 finished with value: 0.3277925469764012 and parameters: {'window_influence': 0.4949417666848445, 'penalty_k': 0.12254978814087662, 'scale_lr': 0.587088639755306}. Best is trial 47 with value: 0.34661356449591046.
checkpoint_e16 window_influence: 0.43673076771840497, penalty_k: 0.15398373640878132, scale_lr: 0.62007541528786414, EAO: 0.305
Trial 63 finished with value: 0.3046587520652244 and parameters: {'window_influence': 0.43673076771840497, 'penalty_k': 0.15398373640878132, 'scale_lr': 0.6200754152878641}. Best is trial 47 with value: 0.34661356449591046.
checkpoint_e16 window_influence: 0.47403780996465383, penalty_k: 0.08444123119030761, scale_lr: 0.66799271386051684, EAO: 0.316
Trial 64 finished with value: 0.3156287783778595 and parameters: {'window_influence': 0.47403780996465383, 'penalty_k': 0.08444123119030761, 'scale_lr': 0.6679927138605168}. Best is trial 47 with value: 0.34661356449591046.
checkpoint_e16 window_influence: 0.51956125478783144, penalty_k: 0.11340482436761065, scale_lr: 0.63766540379917425, EAO: 0.313
Trial 65 finished with value: 0.31310286729484216 and parameters: {'window_influence': 0.5195612547878314, 'penalty_k': 0.11340482436761065, 'scale_lr': 0.6376654037991742}. Best is trial 47 with value: 0.34661356449591046.
checkpoint_e16 window_influence: 0.44691253510274004, penalty_k: 0.05629079396279597, scale_lr: 0.57884076019888120, EAO: 0.339
Trial 66 finished with value: 0.33881944696263117 and parameters: {'window_influence': 0.44691253510274004, 'penalty_k': 0.05629079396279597, 'scale_lr': 0.5788407601988812}. Best is trial 47 with value: 0.34661356449591046.
checkpoint_e16 window_influence: 0.41602244585001269, penalty_k: 0.06690833558723329, scale_lr: 0.65173858548888730, EAO: 0.339
Trial 67 finished with value: 0.33943722707288276 and parameters: {'window_influence': 0.4160224458500127, 'penalty_k': 0.06690833558723329, 'scale_lr': 0.6517385854888873}. Best is trial 47 with value: 0.34661356449591046.
checkpoint_e16 window_influence: 0.41932591656014717, penalty_k: 0.05494112281867960, scale_lr: 0.71084822524048485, EAO: 0.315
Trial 68 finished with value: 0.3149709068383688 and parameters: {'window_influence': 0.41932591656014717, 'penalty_k': 0.0549411228186796, 'scale_lr': 0.7108482252404849}. Best is trial 47 with value: 0.34661356449591046.
checkpoint_e16 window_influence: 0.37518570349611158, penalty_k: 0.01405437419224850, scale_lr: 0.76162512199082355, EAO: 0.312
Trial 69 finished with value: 0.31189165394825696 and parameters: {'window_influence': 0.3751857034961116, 'penalty_k': 0.014054374192248503, 'scale_lr': 0.7616251219908236}. Best is trial 47 with value: 0.34661356449591046.
checkpoint_e16 window_influence: 0.40585334148298691, penalty_k: 0.02045720055115854, scale_lr: 0.65861636144344526, EAO: 0.325
Trial 70 finished with value: 0.3254384063909026 and parameters: {'window_influence': 0.4058533414829869, 'penalty_k': 0.020457200551158537, 'scale_lr': 0.6586163614434453}. Best is trial 47 with value: 0.34661356449591046.
checkpoint_e16 window_influence: 0.44765956130597961, penalty_k: 0.04946714589959234, scale_lr: 0.63642101137066998, EAO: 0.313
Trial 71 finished with value: 0.31316032617240563 and parameters: {'window_influence': 0.4476595613059796, 'penalty_k': 0.049467145899592335, 'scale_lr': 0.63642101137067}. Best is trial 47 with value: 0.34661356449591046.
checkpoint_e16 window_influence: 0.46248911155310679, penalty_k: 0.06769839801697450, scale_lr: 0.58403824819485406, EAO: 0.339
Trial 72 finished with value: 0.3388877901817574 and parameters: {'window_influence': 0.4624891115531068, 'penalty_k': 0.0676983980169745, 'scale_lr': 0.5840382481948541}. Best is trial 47 with value: 0.34661356449591046.
checkpoint_e16 window_influence: 0.42799422656161679, penalty_k: 0.06816993705952447, scale_lr: 0.57413983089412146, EAO: 0.319
Trial 73 finished with value: 0.31899704613110436 and parameters: {'window_influence': 0.4279942265616168, 'penalty_k': 0.06816993705952447, 'scale_lr': 0.5741398308941215}. Best is trial 47 with value: 0.34661356449591046.
checkpoint_e16 window_influence: 0.46005335112120471, penalty_k: 0.03710714948883893, scale_lr: 0.58434222039144257, EAO: 0.335
Trial 74 finished with value: 0.3345137472746437 and parameters: {'window_influence': 0.4600533511212047, 'penalty_k': 0.037107149488838934, 'scale_lr': 0.5843422203914426}. Best is trial 47 with value: 0.34661356449591046.
checkpoint_e16 window_influence: 0.45707825721527884, penalty_k: 0.00424857867451559, scale_lr: 0.52043705013501107, EAO: 0.339
Trial 75 finished with value: 0.3394124490509701 and parameters: {'window_influence': 0.45707825721527884, 'penalty_k': 0.004248578674515585, 'scale_lr': 0.5204370501350111}. Best is trial 47 with value: 0.34661356449591046.
checkpoint_e16 window_influence: 0.40723893456495497, penalty_k: 0.00180572903303727, scale_lr: 0.51666558004229912, EAO: 0.321
Trial 76 finished with value: 0.32077904445651906 and parameters: {'window_influence': 0.40723893456495497, 'penalty_k': 0.0018057290330372733, 'scale_lr': 0.5166655800422991}. Best is trial 47 with value: 0.34661356449591046.
checkpoint_e16 window_influence: 0.44116075519633424, penalty_k: 0.06775305704319055, scale_lr: 0.53030954009912368, EAO: 0.342
