Trial 182 finished with value: 0.34983543477633583 and parameters: {'window_influence': 0.4972611174442621, 'penalty_k': 0.013772844007739284, 'scale_lr': 0.43195378291566733}. Best is trial 75 with value: 0.3635930125583471.
checkpoint_e33 window_influence: 0.48828180467082394, penalty_k: 0.02061922358871770, scale_lr: 0.40751984893986432, EAO: 0.336
Trial 183 finished with value: 0.336485162899188 and parameters: {'window_influence': 0.48828180467082394, 'penalty_k': 0.020619223588717702, 'scale_lr': 0.4075198489398643}. Best is trial 75 with value: 0.3635930125583471.
checkpoint_e33 window_influence: 0.47611957263583332, penalty_k: 0.00867632610831469, scale_lr: 0.42545400895436908, EAO: 0.361
Trial 184 finished with value: 0.3612698470804014 and parameters: {'window_influence': 0.4761195726358333, 'penalty_k': 0.00867632610831469, 'scale_lr': 0.4254540089543691}. Best is trial 75 with value: 0.3635930125583471.
checkpoint_e33 window_influence: 0.47705681182452475, penalty_k: 0.00669072273144024, scale_lr: 0.39516461832465938, EAO: 0.339
Trial 185 finished with value: 0.33878334811689326 and parameters: {'window_influence': 0.47705681182452475, 'penalty_k': 0.006690722731440239, 'scale_lr': 0.3951646183246594}. Best is trial 75 with value: 0.3635930125583471.
checkpoint_e33 window_influence: 0.45703489210052251, penalty_k: 0.14892639698894083, scale_lr: 0.44227722215967880, EAO: 0.341
Trial 186 finished with value: 0.3410285940893893 and parameters: {'window_influence': 0.4570348921005225, 'penalty_k': 0.14892639698894083, 'scale_lr': 0.4422772221596788}. Best is trial 75 with value: 0.3635930125583471.
checkpoint_e33 window_influence: 0.47274299982486334, penalty_k: 0.20200569197088283, scale_lr: 0.37124294187847739, EAO: 0.354
Trial 187 finished with value: 0.35350342668911827 and parameters: {'window_influence': 0.47274299982486334, 'penalty_k': 0.20200569197088283, 'scale_lr': 0.3712429418784774}. Best is trial 75 with value: 0.3635930125583471.
checkpoint_e33 window_influence: 0.46891881591613388, penalty_k: 0.24715523363946307, scale_lr: 0.35188793549058184, EAO: 0.328
Trial 188 finished with value: 0.3282292611636076 and parameters: {'window_influence': 0.4689188159161339, 'penalty_k': 0.24715523363946307, 'scale_lr': 0.35188793549058184}. Best is trial 75 with value: 0.3635930125583471.
checkpoint_e33 window_influence: 0.44928669435059043, penalty_k: 0.20553294875574013, scale_lr: 0.36494345461749633, EAO: 0.366
Trial 189 finished with value: 0.3657155072874596 and parameters: {'window_influence': 0.44928669435059043, 'penalty_k': 0.20553294875574013, 'scale_lr': 0.36494345461749633}. Best is trial 189 with value: 0.3657155072874596.
checkpoint_e33 window_influence: 0.44750593090850255, penalty_k: 0.20689358296542706, scale_lr: 0.36852917600358098, EAO: 0.333
Trial 190 finished with value: 0.33295896417435966 and parameters: {'window_influence': 0.44750593090850255, 'penalty_k': 0.20689358296542706, 'scale_lr': 0.368529176003581}. Best is trial 189 with value: 0.3657155072874596.
checkpoint_e33 window_influence: 0.48065712558304241, penalty_k: 0.20550622157591994, scale_lr: 0.33854059175599815, EAO: 0.334
Trial 191 finished with value: 0.3341797747384713 and parameters: {'window_influence': 0.4806571255830424, 'penalty_k': 0.20550622157591994, 'scale_lr': 0.33854059175599815}. Best is trial 189 with value: 0.3657155072874596.
checkpoint_e33 window_influence: 0.42399708019931359, penalty_k: 0.21642881990129972, scale_lr: 0.38169688898038012, EAO: 0.334
Trial 192 finished with value: 0.3339146168083532 and parameters: {'window_influence': 0.4239970801993136, 'penalty_k': 0.21642881990129972, 'scale_lr': 0.3816968889803801}. Best is trial 189 with value: 0.3657155072874596.
checkpoint_e33 window_influence: 0.46586426872643250, penalty_k: 0.17367973998307679, scale_lr: 0.36599701254581124, EAO: 0.339
Trial 193 finished with value: 0.33882183520710424 and parameters: {'window_influence': 0.4658642687264325, 'penalty_k': 0.1736797399830768, 'scale_lr': 0.36599701254581124}. Best is trial 189 with value: 0.3657155072874596.
checkpoint_e33 window_influence: 0.45080666660585084, penalty_k: 0.00050116556989049, scale_lr: 0.37504441892073065, EAO: 0.325
Trial 194 finished with value: 0.325003605640352 and parameters: {'window_influence': 0.45080666660585084, 'penalty_k': 0.0005011655698904938, 'scale_lr': 0.37504441892073065}. Best is trial 189 with value: 0.3657155072874596.
checkpoint_e33 window_influence: 0.48867612994034082, penalty_k: 0.19000866471788622, scale_lr: 0.41589358496595807, EAO: 0.343
Trial 195 finished with value: 0.34289648479524754 and parameters: {'window_influence': 0.4886761299403408, 'penalty_k': 0.19000866471788622, 'scale_lr': 0.4158935849659581}. Best is trial 189 with value: 0.3657155072874596.
checkpoint_e33 window_influence: 0.47492368644320898, penalty_k: 0.19136303520536882, scale_lr: 0.33618732015003144, EAO: 0.348
Trial 196 finished with value: 0.3480429963610979 and parameters: {'window_influence': 0.474923686443209, 'penalty_k': 0.19136303520536882, 'scale_lr': 0.33618732015003144}. Best is trial 189 with value: 0.3657155072874596.
checkpoint_e33 window_influence: 0.43704407238501886, penalty_k: 0.03678335589493551, scale_lr: 0.39363064662482189, EAO: 0.344
Trial 197 finished with value: 0.3441871258535274 and parameters: {'window_influence': 0.43704407238501886, 'penalty_k': 0.03678335589493551, 'scale_lr': 0.3936306466248219}. Best is trial 189 with value: 0.3657155072874596.
checkpoint_e33 window_influence: 0.45940602805102931, penalty_k: 0.16175821722103703, scale_lr: 0.52184103220024936, EAO: 0.365
Trial 198 finished with value: 0.3650308044967948 and parameters: {'window_influence': 0.4594060280510293, 'penalty_k': 0.16175821722103703, 'scale_lr': 0.5218410322002494}. Best is trial 189 with value: 0.3657155072874596.
checkpoint_e33 window_influence: 0.45589784211095463, penalty_k: 0.12506235549538944, scale_lr: 0.49636623785912909, EAO: 0.342
Trial 199 finished with value: 0.34171990081957804 and parameters: {'window_influence': 0.45589784211095463, 'penalty_k': 0.12506235549538944, 'scale_lr': 0.4963662378591291}. Best is trial 189 with value: 0.3657155072874596.
checkpoint_e33 window_influence: 0.36971661453002996, penalty_k: 0.22004284174937974, scale_lr: 0.51252693587002196, EAO: 0.321
Trial 200 finished with value: 0.32050959574573235 and parameters: {'window_influence': 0.36971661453002996, 'penalty_k': 0.22004284174937974, 'scale_lr': 0.512526935870022}. Best is trial 189 with value: 0.3657155072874596.
checkpoint_e33 window_influence: 0.46396350653208385, penalty_k: 0.18489194830826905, scale_lr: 0.52004310663037756, EAO: 0.331
Trial 201 finished with value: 0.33148141385052454 and parameters: {'window_influence': 0.46396350653208385, 'penalty_k': 0.18489194830826905, 'scale_lr': 0.5200431066303776}. Best is trial 189 with value: 0.3657155072874596.
checkpoint_e33 window_influence: 0.48563243584308730, penalty_k: 0.16271630882554830, scale_lr: 0.54049324537318721, EAO: 0.328
Trial 202 finished with value: 0.3284945777881934 and parameters: {'window_influence': 0.4856324358430873, 'penalty_k': 0.1627163088255483, 'scale_lr': 0.5404932453731872}. Best is trial 189 with value: 0.3657155072874596.
checkpoint_e33 window_influence: 0.49836772197247620, penalty_k: 0.19918444280292802, scale_lr: 0.46888294568754757, EAO: 0.332
Trial 203 finished with value: 0.33248390645832404 and parameters: {'window_influence': 0.4983677219724762, 'penalty_k': 0.19918444280292802, 'scale_lr': 0.46888294568754757}. Best is trial 189 with value: 0.3657155072874596.
checkpoint_e33 window_influence: 0.47387621219881226, penalty_k: 0.17434098675287885, scale_lr: 0.43037266553324754, EAO: 0.326
Trial 204 finished with value: 0.3259929645850037 and parameters: {'window_influence': 0.47387621219881226, 'penalty_k': 0.17434098675287885, 'scale_lr': 0.43037266553324754}. Best is trial 189 with value: 0.3657155072874596.
checkpoint_e33 window_influence: 0.50305882048547756, penalty_k: 0.15730992413606648, scale_lr: 0.52752004430175081, EAO: 0.342
Trial 205 finished with value: 0.34183769142581333 and parameters: {'window_influence': 0.5030588204854776, 'penalty_k': 0.15730992413606648, 'scale_lr': 0.5275200443017508}. Best is trial 189 with value: 0.3657155072874596.
checkpoint_e33 window_influence: 0.48555282141989570, penalty_k: 0.14237791093018937, scale_lr: 0.35820078494072677, EAO: 0.333
Trial 206 finished with value: 0.33298761742588145 and parameters: {'window_influence': 0.4855528214198957, 'penalty_k': 0.14237791093018937, 'scale_lr': 0.35820078494072677}. Best is trial 189 with value: 0.3657155072874596.
checkpoint_e33 window_influence: 0.41351922128924751, penalty_k: 0.22864675275060350, scale_lr: 0.44908156098878504, EAO: 0.320
Trial 207 finished with value: 0.3199738309888988 and parameters: {'window_influence': 0.4135192212892475, 'penalty_k': 0.2286467527506035, 'scale_lr': 0.44908156098878504}. Best is trial 189 with value: 0.3657155072874596.
checkpoint_e33 window_influence: 0.45543471833343563, penalty_k: 0.02890061229720671, scale_lr: 0.40581527306607024, EAO: 0.339
Trial 208 finished with value: 0.3389818780848952 and parameters: {'window_influence': 0.45543471833343563, 'penalty_k': 0.02890061229720671, 'scale_lr': 0.40581527306607024}. Best is trial 189 with value: 0.3657155072874596.
checkpoint_e33 window_influence: 0.30965860619080943, penalty_k: 0.04308050273393033, scale_lr: 0.42209689419745650, EAO: 0.307
Trial 209 finished with value: 0.30652996555608536 and parameters: {'window_influence': 0.3096586061908094, 'penalty_k': 0.043080502733930326, 'scale_lr': 0.4220968941974565}. Best is trial 189 with value: 0.3657155072874596.
checkpoint_e33 window_influence: 0.44169346516506641, penalty_k: 0.11607892469476375, scale_lr: 0.56369581272654801, EAO: 0.325
Trial 210 finished with value: 0.32494380878799156 and parameters: {'window_influence': 0.4416934651650664, 'penalty_k': 0.11607892469476375, 'scale_lr': 0.563695812726548}. Best is trial 189 with value: 0.3657155072874596.
checkpoint_e33 window_influence: 0.51088643375939935, penalty_k: 0.08847377615797379, scale_lr: 0.41049064906345645, EAO: 0.351
Trial 211 finished with value: 0.35094988925911574 and parameters: {'window_influence': 0.5108864337593993, 'penalty_k': 0.08847377615797379, 'scale_lr': 0.41049064906345645}. Best is trial 189 with value: 0.3657155072874596.
checkpoint_e33 window_influence: 0.25329847753536927, penalty_k: 0.07140052521760776, scale_lr: 0.39276405138452741, EAO: 0.301
Trial 212 finished with value: 0.30091038786947494 and parameters: {'window_influence': 0.25329847753536927, 'penalty_k': 0.07140052521760776, 'scale_lr': 0.3927640513845274}. Best is trial 189 with value: 0.3657155072874596.
checkpoint_e33 window_influence: 0.51900139287803282, penalty_k: 0.10409176345655456, scale_lr: 0.50353763787232153, EAO: 0.315
Trial 213 finished with value: 0.31538600390523325 and parameters: {'window_influence': 0.5190013928780328, 'penalty_k': 0.10409176345655456, 'scale_lr': 0.5035376378723215}. Best is trial 189 with value: 0.3657155072874596.
checkpoint_e33 window_influence: 0.49617390937965239, penalty_k: 0.05634238587453582, scale_lr: 0.18778351442412111, EAO: 0.362
Trial 214 finished with value: 0.36245575141350117 and parameters: {'window_influence': 0.4961739093796524, 'penalty_k': 0.05634238587453582, 'scale_lr': 0.1877835144241211}. Best is trial 189 with value: 0.3657155072874596.
checkpoint_e33 window_influence: 0.49217958068208911, penalty_k: 0.05575298602502382, scale_lr: 0.33611071806517856, EAO: 0.333
Trial 215 finished with value: 0.3332632687305198 and parameters: {'window_influence': 0.4921795806820891, 'penalty_k': 0.05575298602502382, 'scale_lr': 0.33611071806517856}. Best is trial 189 with value: 0.3657155072874596.
checkpoint_e33 window_influence: 0.47454690162877550, penalty_k: 0.02194228947184665, scale_lr: 0.29939451434747910, EAO: 0.349
Trial 216 finished with value: 0.34888671900975565 and parameters: {'window_influence': 0.4745469016287755, 'penalty_k': 0.02194228947184665, 'scale_lr': 0.2993945143474791}. Best is trial 189 with value: 0.3657155072874596.
checkpoint_e33 window_influence: 0.50492965240912813, penalty_k: 0.04751433951378374, scale_lr: 0.29960382081235237, EAO: 0.333
Trial 217 finished with value: 0.33285230224234585 and parameters: {'window_influence': 0.5049296524091281, 'penalty_k': 0.04751433951378374, 'scale_lr': 0.2996038208123524}. Best is trial 189 with value: 0.3657155072874596.
checkpoint_e33 window_influence: 0.49034552238266954, penalty_k: 0.26564637037375760, scale_lr: 0.18896827506945471, EAO: 0.314
Trial 218 finished with value: 0.313950910236585 and parameters: {'window_influence': 0.49034552238266954, 'penalty_k': 0.2656463703737576, 'scale_lr': 0.1889682750694547}. Best is trial 189 with value: 0.3657155072874596.
checkpoint_e33 window_influence: 0.46302235710194339, penalty_k: 0.01266993009566217, scale_lr: 0.47792035997788246, EAO: 0.329
Trial 219 finished with value: 0.32902416934762946 and parameters: {'window_influence': 0.4630223571019434, 'penalty_k': 0.012669930095662169, 'scale_lr': 0.47792035997788246}. Best is trial 189 with value: 0.3657155072874596.
checkpoint_e33 window_influence: 0.47805268368505821, penalty_k: 0.19844465010731188, scale_lr: 0.44187286663676828, EAO: 0.346
Trial 220 finished with value: 0.3460652234489352 and parameters: {'window_influence': 0.4780526836850582, 'penalty_k': 0.19844465010731188, 'scale_lr': 0.4418728666367683}. Best is trial 189 with value: 0.3657155072874596.
checkpoint_e33 window_influence: 0.50691323777287423, penalty_k: 0.06533874946618623, scale_lr: 0.42396244970012215, EAO: 0.359
Trial 221 finished with value: 0.359275992626346 and parameters: {'window_influence': 0.5069132377728742, 'penalty_k': 0.06533874946618623, 'scale_lr': 0.42396244970012215}. Best is trial 189 with value: 0.3657155072874596.
checkpoint_e33 window_influence: 0.49713093800010705, penalty_k: 0.06846024110064945, scale_lr: 0.12250290716524823, EAO: 0.337
Trial 222 finished with value: 0.3365947671437542 and parameters: {'window_influence': 0.49713093800010705, 'penalty_k': 0.06846024110064945, 'scale_lr': 0.12250290716524823}. Best is trial 189 with value: 0.3657155072874596.
checkpoint_e33 window_influence: 0.33216319462487370, penalty_k: 0.03478470314538616, scale_lr: 0.14267560326494735, EAO: 0.313
Trial 223 finished with value: 0.3131173269873927 and parameters: {'window_influence': 0.3321631946248737, 'penalty_k': 0.03478470314538616, 'scale_lr': 0.14267560326494735}. Best is trial 189 with value: 0.3657155072874596.
checkpoint_e33 window_influence: 0.50710660198325053, penalty_k: 0.05517249770331542, scale_lr: 0.17491712962053560, EAO: 0.353
Trial 224 finished with value: 0.3527774919795619 and parameters: {'window_influence': 0.5071066019832505, 'penalty_k': 0.05517249770331542, 'scale_lr': 0.1749171296205356}. Best is trial 189 with value: 0.3657155072874596.
checkpoint_e33 window_influence: 0.48425164940668819, penalty_k: 0.02552012922013107, scale_lr: 0.24337109872568619, EAO: 0.338
Trial 225 finished with value: 0.33770800494962167 and parameters: {'window_influence': 0.4842516494066882, 'penalty_k': 0.025520129220131065, 'scale_lr': 0.24337109872568619}. Best is trial 189 with value: 0.3657155072874596.
checkpoint_e33 window_influence: 0.52185293588170190, penalty_k: 0.09191332647878013, scale_lr: 0.24173943559900601, EAO: 0.316
Trial 226 finished with value: 0.3162038083902129 and parameters: {'window_influence': 0.5218529358817019, 'penalty_k': 0.09191332647878013, 'scale_lr': 0.24173943559900601}. Best is trial 189 with value: 0.3657155072874596.
checkpoint_e33 window_influence: 0.10046752519590649, penalty_k: 0.17798212989780399, scale_lr: 0.42461212334799014, EAO: 0.258
Trial 227 finished with value: 0.25801047213114653 and parameters: {'window_influence': 0.10046752519590649, 'penalty_k': 0.177982129897804, 'scale_lr': 0.42461212334799014}. Best is trial 189 with value: 0.3657155072874596.
checkpoint_e33 window_influence: 0.49642422612260956, penalty_k: 0.35416830568690855, scale_lr: 0.32419692614593920, EAO: 0.311
Trial 228 finished with value: 0.3112601720173535 and parameters: {'window_influence': 0.49642422612260956, 'penalty_k': 0.35416830568690855, 'scale_lr': 0.3241969261459392}. Best is trial 189 with value: 0.3657155072874596.
checkpoint_e33 window_influence: 0.46628721499968340, penalty_k: 0.21505813682427011, scale_lr: 0.21858434940293905, EAO: 0.351
Trial 229 finished with value: 0.3506708537094324 and parameters: {'window_influence': 0.4662872149996834, 'penalty_k': 0.2150581368242701, 'scale_lr': 0.21858434940293905}. Best is trial 189 with value: 0.3657155072874596.
checkpoint_e33 window_influence: 0.47333685425006305, penalty_k: 0.06902264510411797, scale_lr: 0.29432205524029459, EAO: 0.325
Trial 230 finished with value: 0.3251054441766516 and parameters: {'window_influence': 0.47333685425006305, 'penalty_k': 0.06902264510411797, 'scale_lr': 0.2943220552402946}. Best is trial 189 with value: 0.3657155072874596.
checkpoint_e33 window_influence: 0.51023620588975649, penalty_k: 0.05579375279444670, scale_lr: 0.21180953415777318, EAO: 0.342
Trial 231 finished with value: 0.3421509888617445 and parameters: {'window_influence': 0.5102362058897565, 'penalty_k': 0.0557937527944467, 'scale_lr': 0.21180953415777318}. Best is trial 189 with value: 0.3657155072874596.
checkpoint_e33 window_influence: 0.50517269201559967, penalty_k: 0.05493201457470318, scale_lr: 0.19602534711872804, EAO: 0.345
Trial 232 finished with value: 0.3452160487147157 and parameters: {'window_influence': 0.5051726920155997, 'penalty_k': 0.05493201457470318, 'scale_lr': 0.19602534711872804}. Best is trial 189 with value: 0.3657155072874596.
checkpoint_e33 window_influence: 0.48900589480756268, penalty_k: 0.04551241117662594, scale_lr: 0.43547217968351676, EAO: 0.337
Trial 233 finished with value: 0.3366428236785102 and parameters: {'window_influence': 0.4890058948075627, 'penalty_k': 0.04551241117662594, 'scale_lr': 0.43547217968351676}. Best is trial 189 with value: 0.3657155072874596.
checkpoint_e33 window_influence: 0.52143759616588636, penalty_k: 0.16918207753425846, scale_lr: 0.18269674392143456, EAO: 0.318
Trial 234 finished with value: 0.31765005821615805 and parameters: {'window_influence': 0.5214375961658864, 'penalty_k': 0.16918207753425846, 'scale_lr': 0.18269674392143456}. Best is trial 189 with value: 0.3657155072874596.
checkpoint_e33 window_influence: 0.53607365867220169, penalty_k: 0.01113250901166884, scale_lr: 0.45478458199047245, EAO: 0.312
Trial 235 finished with value: 0.3124830243884357 and parameters: {'window_influence': 0.5360736586722017, 'penalty_k': 0.011132509011668837, 'scale_lr': 0.45478458199047245}. Best is trial 189 with value: 0.3657155072874596.
checkpoint_e33 window_influence: 0.50379887217604358, penalty_k: 0.07734037672123473, scale_lr: 0.27642938538169781, EAO: 0.346
Trial 236 finished with value: 0.3463990000667275 and parameters: {'window_influence': 0.5037988721760436, 'penalty_k': 0.07734037672123473, 'scale_lr': 0.2764293853816978}. Best is trial 189 with value: 0.3657155072874596.
checkpoint_e33 window_influence: 0.47975284163566889, penalty_k: 0.13141847233665024, scale_lr: 0.10173655859317693, EAO: 0.316
Trial 237 finished with value: 0.3162209623518621 and parameters: {'window_influence': 0.4797528416356689, 'penalty_k': 0.13141847233665024, 'scale_lr': 0.10173655859317693}. Best is trial 189 with value: 0.3657155072874596.
checkpoint_e33 window_influence: 0.49349080330039569, penalty_k: 0.03135070452852969, scale_lr: 0.15615336391083393, EAO: 0.331
Trial 238 finished with value: 0.331408227985935 and parameters: {'window_influence': 0.4934908033003957, 'penalty_k': 0.031350704528529685, 'scale_lr': 0.15615336391083393}. Best is trial 189 with value: 0.3657155072874596.
checkpoint_e33 window_influence: 0.45982118083481360, penalty_k: 0.06269021987566570, scale_lr: 0.42065600499861094, EAO: 0.330
Trial 239 finished with value: 0.3296092764876696 and parameters: {'window_influence': 0.4598211808348136, 'penalty_k': 0.0626902198756657, 'scale_lr': 0.42065600499861094}. Best is trial 189 with value: 0.3657155072874596.
checkpoint_e33 window_influence: 0.51035849860350568, penalty_k: 0.11130483671389632, scale_lr: 0.51206840008941279, EAO: 0.337
Trial 240 finished with value: 0.3372805968564772 and parameters: {'window_influence': 0.5103584986035057, 'penalty_k': 0.11130483671389632, 'scale_lr': 0.5120684000894128}. Best is trial 189 with value: 0.3657155072874596.
checkpoint_e33 window_influence: 0.52631474979338577, penalty_k: 0.08722842295284065, scale_lr: 0.26392308957508581, EAO: 0.329
Trial 241 finished with value: 0.3293907963580195 and parameters: {'window_influence': 0.5263147497933858, 'penalty_k': 0.08722842295284065, 'scale_lr': 0.2639230895750858}. Best is trial 189 with value: 0.3657155072874596.
checkpoint_e33 window_influence: 0.50978251666576080, penalty_k: 0.07344291866900265, scale_lr: 0.17364829698237966, EAO: 0.357
Trial 242 finished with value: 0.3571073218078465 and parameters: {'window_influence': 0.5097825166657608, 'penalty_k': 0.07344291866900265, 'scale_lr': 0.17364829698237966}. Best is trial 189 with value: 0.3657155072874596.
checkpoint_e33 window_influence: 0.48536444110295512, penalty_k: 0.15247036591108584, scale_lr: 0.14151230257067179, EAO: 0.319
Trial 243 finished with value: 0.31864969351180333 and parameters: {'window_influence': 0.4853644411029551, 'penalty_k': 0.15247036591108584, 'scale_lr': 0.1415123025706718}. Best is trial 189 with value: 0.3657155072874596.
checkpoint_e33 window_influence: 0.50136288673592855, penalty_k: 0.04649019733016445, scale_lr: 0.16121522163282079, EAO: 0.333
