Trial 2930 finished with value: 0.30550807644884875 and parameters: {'window_influence': 0.23380600418302733, 'penalty_k': 0.15034656743345926, 'scale_lr': 0.5670122294156051}. Best is trial 1674 with value: 0.38142600678748195.
checkpoint_e33 window_influence: 0.31190915435346289, penalty_k: 0.10989275593319650, scale_lr: 0.34358629702037502, EAO: 0.310
Trial 2931 finished with value: 0.309546222540655 and parameters: {'window_influence': 0.3119091543534629, 'penalty_k': 0.1098927559331965, 'scale_lr': 0.343586297020375}. Best is trial 1674 with value: 0.38142600678748195.
checkpoint_e33 window_influence: 0.54222285990417196, penalty_k: 0.43283862380714733, scale_lr: 0.64310151606536314, EAO: 0.277
Trial 2932 finished with value: 0.27668424768206673 and parameters: {'window_influence': 0.542222859904172, 'penalty_k': 0.4328386238071473, 'scale_lr': 0.6431015160653631}. Best is trial 1674 with value: 0.38142600678748195.
checkpoint_e33 window_influence: 0.56613882945770444, penalty_k: 0.13147254319641141, scale_lr: 0.60615799341578391, EAO: 0.267
Trial 2933 finished with value: 0.26734430363206085 and parameters: {'window_influence': 0.5661388294577044, 'penalty_k': 0.1314725431964114, 'scale_lr': 0.6061579934157839}. Best is trial 1674 with value: 0.38142600678748195.
checkpoint_e33 window_influence: 0.34316108003268758, penalty_k: 0.09761155840459347, scale_lr: 0.73882914673277211, EAO: 0.291
Trial 2934 finished with value: 0.2907508376275519 and parameters: {'window_influence': 0.3431610800326876, 'penalty_k': 0.09761155840459347, 'scale_lr': 0.7388291467327721}. Best is trial 1674 with value: 0.38142600678748195.
checkpoint_e33 window_influence: 0.43550433795205706, penalty_k: 0.20707394790482037, scale_lr: 0.38836646928405527, EAO: 0.348
Trial 2935 finished with value: 0.34786696053664506 and parameters: {'window_influence': 0.43550433795205706, 'penalty_k': 0.20707394790482037, 'scale_lr': 0.38836646928405527}. Best is trial 1674 with value: 0.38142600678748195.
checkpoint_e33 window_influence: 0.48487296239227323, penalty_k: 0.22498045074168443, scale_lr: 0.68774473174774342, EAO: 0.339
Trial 2936 finished with value: 0.3388093733138148 and parameters: {'window_influence': 0.48487296239227323, 'penalty_k': 0.22498045074168443, 'scale_lr': 0.6877447317477434}. Best is trial 1674 with value: 0.38142600678748195.
checkpoint_e33 window_influence: 0.12969865302541597, penalty_k: 0.19209505134644153, scale_lr: 0.70947488482561438, EAO: 0.284
Trial 2937 finished with value: 0.2842778470149764 and parameters: {'window_influence': 0.12969865302541597, 'penalty_k': 0.19209505134644153, 'scale_lr': 0.7094748848256144}. Best is trial 1674 with value: 0.38142600678748195.
checkpoint_e33 window_influence: 0.48143147688618348, penalty_k: 0.30811829353695835, scale_lr: 0.75652249703394059, EAO: 0.324
Trial 2938 finished with value: 0.323962956203097 and parameters: {'window_influence': 0.4814314768861835, 'penalty_k': 0.30811829353695835, 'scale_lr': 0.7565224970339406}. Best is trial 1674 with value: 0.38142600678748195.
checkpoint_e33 window_influence: 0.45989003532570227, penalty_k: 0.00910152360944961, scale_lr: 0.65758387458021728, EAO: 0.342
Trial 2939 finished with value: 0.34213796988535483 and parameters: {'window_influence': 0.4598900353257023, 'penalty_k': 0.009101523609449613, 'scale_lr': 0.6575838745802173}. Best is trial 1674 with value: 0.38142600678748195.
checkpoint_e33 window_influence: 0.22037115567171103, penalty_k: 0.51520273034257591, scale_lr: 0.55095181783612723, EAO: 0.279
Trial 2940 finished with value: 0.27949925694716116 and parameters: {'window_influence': 0.22037115567171103, 'penalty_k': 0.5152027303425759, 'scale_lr': 0.5509518178361272}. Best is trial 1674 with value: 0.38142600678748195.
checkpoint_e33 window_influence: 0.49096182143046541, penalty_k: 0.42162681092329413, scale_lr: 0.77372457207986944, EAO: 0.301
Trial 2941 finished with value: 0.3010484304873396 and parameters: {'window_influence': 0.4909618214304654, 'penalty_k': 0.4216268109232941, 'scale_lr': 0.7737245720798694}. Best is trial 1674 with value: 0.38142600678748195.
checkpoint_e33 window_influence: 0.21999755816651045, penalty_k: 0.16185149330100496, scale_lr: 0.41059650230681016, EAO: 0.291
Trial 2942 finished with value: 0.2908642847482332 and parameters: {'window_influence': 0.21999755816651045, 'penalty_k': 0.16185149330100496, 'scale_lr': 0.41059650230681016}. Best is trial 1674 with value: 0.38142600678748195.
checkpoint_e33 window_influence: 0.19333745022586954, penalty_k: 0.14715437703254777, scale_lr: 0.17808498215240515, EAO: 0.282
Trial 2943 finished with value: 0.2822699641903087 and parameters: {'window_influence': 0.19333745022586954, 'penalty_k': 0.14715437703254777, 'scale_lr': 0.17808498215240515}. Best is trial 1674 with value: 0.38142600678748195.
checkpoint_e33 window_influence: 0.44612927905909405, penalty_k: 0.28264945943249625, scale_lr: 0.62952582724186823, EAO: 0.326
Trial 2944 finished with value: 0.3255021479343162 and parameters: {'window_influence': 0.44612927905909405, 'penalty_k': 0.28264945943249625, 'scale_lr': 0.6295258272418682}. Best is trial 1674 with value: 0.38142600678748195.
checkpoint_e33 window_influence: 0.47020714203732933, penalty_k: 0.46210879041612629, scale_lr: 0.20114332432855642, EAO: 0.317
Trial 2945 finished with value: 0.3170463034035167 and parameters: {'window_influence': 0.47020714203732933, 'penalty_k': 0.4621087904161263, 'scale_lr': 0.20114332432855642}. Best is trial 1674 with value: 0.38142600678748195.
checkpoint_e33 window_influence: 0.52215468979894719, penalty_k: 0.09612187883230319, scale_lr: 0.79777490190902622, EAO: 0.313
Trial 2946 finished with value: 0.3129449338300683 and parameters: {'window_influence': 0.5221546897989472, 'penalty_k': 0.09612187883230319, 'scale_lr': 0.7977749019090262}. Best is trial 1674 with value: 0.38142600678748195.
checkpoint_e33 window_influence: 0.40612374261601702, penalty_k: 0.11808965121774573, scale_lr: 0.42533205012804942, EAO: 0.316
Trial 2947 finished with value: 0.3164444226583154 and parameters: {'window_influence': 0.406123742616017, 'penalty_k': 0.11808965121774573, 'scale_lr': 0.4253320501280494}. Best is trial 1674 with value: 0.38142600678748195.
checkpoint_e33 window_influence: 0.50290622687118225, penalty_k: 0.16887485954873516, scale_lr: 0.61889934399972490, EAO: 0.328
Trial 2948 finished with value: 0.32815894310576443 and parameters: {'window_influence': 0.5029062268711822, 'penalty_k': 0.16887485954873516, 'scale_lr': 0.6188993439997249}. Best is trial 1674 with value: 0.38142600678748195.
checkpoint_e33 window_influence: 0.11770795569499576, penalty_k: 0.13780554777205262, scale_lr: 0.57430031704667805, EAO: 0.255
Trial 2949 finished with value: 0.2547094835845413 and parameters: {'window_influence': 0.11770795569499576, 'penalty_k': 0.13780554777205262, 'scale_lr': 0.574300317046678}. Best is trial 1674 with value: 0.38142600678748195.
checkpoint_e33 window_influence: 0.42198354317050468, penalty_k: 0.58543241184453865, scale_lr: 0.67570627427728991, EAO: 0.318
Trial 2950 finished with value: 0.3176246994548271 and parameters: {'window_influence': 0.4219835431705047, 'penalty_k': 0.5854324118445386, 'scale_lr': 0.6757062742772899}. Best is trial 1674 with value: 0.38142600678748195.
checkpoint_e33 window_influence: 0.20991204338418087, penalty_k: 0.45932126122220940, scale_lr: 0.45162020435511696, EAO: 0.281
Trial 2951 finished with value: 0.280801297973566 and parameters: {'window_influence': 0.20991204338418087, 'penalty_k': 0.4593212612222094, 'scale_lr': 0.45162020435511696}. Best is trial 1674 with value: 0.38142600678748195.
checkpoint_e33 window_influence: 0.48325475647567651, penalty_k: 0.33918636424898962, scale_lr: 0.74720233479952447, EAO: 0.307
Trial 2952 finished with value: 0.3065834844390706 and parameters: {'window_influence': 0.4832547564756765, 'penalty_k': 0.3391863642489896, 'scale_lr': 0.7472023347995245}. Best is trial 1674 with value: 0.38142600678748195.
checkpoint_e33 window_influence: 0.46508239265146900, penalty_k: 0.24013374828363884, scale_lr: 0.39916738244887601, EAO: 0.343
Trial 2953 finished with value: 0.34335611406931155 and parameters: {'window_influence': 0.465082392651469, 'penalty_k': 0.24013374828363884, 'scale_lr': 0.399167382448876}. Best is trial 1674 with value: 0.38142600678748195.
checkpoint_e33 window_influence: 0.49647411468778158, penalty_k: 0.29570726576101564, scale_lr: 0.72307536179508647, EAO: 0.310
Trial 2954 finished with value: 0.3099307151735989 and parameters: {'window_influence': 0.4964741146877816, 'penalty_k': 0.29570726576101564, 'scale_lr': 0.7230753617950865}. Best is trial 1674 with value: 0.38142600678748195.
checkpoint_e33 window_influence: 0.53269768099683523, penalty_k: 0.21233901662178387, scale_lr: 0.59249327002599339, EAO: 0.310
Trial 2955 finished with value: 0.30986736633666295 and parameters: {'window_influence': 0.5326976809968352, 'penalty_k': 0.21233901662178387, 'scale_lr': 0.5924932700259934}. Best is trial 1674 with value: 0.38142600678748195.
checkpoint_e33 window_influence: 0.45156356854547813, penalty_k: 0.26409231147258405, scale_lr: 0.61068044656158826, EAO: 0.329
Trial 2956 finished with value: 0.3290718470334079 and parameters: {'window_influence': 0.45156356854547813, 'penalty_k': 0.26409231147258405, 'scale_lr': 0.6106804465615883}. Best is trial 1674 with value: 0.38142600678748195.
checkpoint_e33 window_influence: 0.17959625961236086, penalty_k: 0.00896784021045303, scale_lr: 0.79966822334232091, EAO: 0.274
Trial 2957 finished with value: 0.27399065470185263 and parameters: {'window_influence': 0.17959625961236086, 'penalty_k': 0.008967840210453035, 'scale_lr': 0.7996682233423209}. Best is trial 1674 with value: 0.38142600678748195.
checkpoint_e33 window_influence: 0.47550168251765063, penalty_k: 0.10772726719593950, scale_lr: 0.55283505667680577, EAO: 0.341
Trial 2958 finished with value: 0.34110195372355123 and parameters: {'window_influence': 0.4755016825176506, 'penalty_k': 0.1077272671959395, 'scale_lr': 0.5528350566768058}. Best is trial 1674 with value: 0.38142600678748195.
checkpoint_e33 window_influence: 0.51093848879644310, penalty_k: 0.17817823917417333, scale_lr: 0.28029026052041467, EAO: 0.309
Trial 2959 finished with value: 0.3093169834247359 and parameters: {'window_influence': 0.5109384887964431, 'penalty_k': 0.17817823917417333, 'scale_lr': 0.28029026052041467}. Best is trial 1674 with value: 0.38142600678748195.
checkpoint_e33 window_influence: 0.48520405239920789, penalty_k: 0.44130964016721913, scale_lr: 0.64516626480577288, EAO: 0.302
Trial 2960 finished with value: 0.30167530853924585 and parameters: {'window_influence': 0.4852040523992079, 'penalty_k': 0.44130964016721913, 'scale_lr': 0.6451662648057729}. Best is trial 1674 with value: 0.38142600678748195.
checkpoint_e33 window_influence: 0.09463914267626083, penalty_k: 0.38789099972019769, scale_lr: 0.46054076882647421, EAO: 0.238
Trial 2961 finished with value: 0.23801821029603712 and parameters: {'window_influence': 0.09463914267626083, 'penalty_k': 0.3878909997201977, 'scale_lr': 0.4605407688264742}. Best is trial 1674 with value: 0.38142600678748195.
checkpoint_e33 window_influence: 0.36262059014646703, penalty_k: 0.19852759977974604, scale_lr: 0.71470890942460341, EAO: 0.316
Trial 2962 finished with value: 0.31573134260650737 and parameters: {'window_influence': 0.362620590146467, 'penalty_k': 0.19852759977974604, 'scale_lr': 0.7147089094246034}. Best is trial 1674 with value: 0.38142600678748195.
checkpoint_e33 window_influence: 0.43559180890389315, penalty_k: 0.12655526440677356, scale_lr: 0.35641851743107061, EAO: 0.344
Trial 2963 finished with value: 0.34375624967456325 and parameters: {'window_influence': 0.43559180890389315, 'penalty_k': 0.12655526440677356, 'scale_lr': 0.3564185174310706}. Best is trial 1674 with value: 0.38142600678748195.
checkpoint_e33 window_influence: 0.46492562559615980, penalty_k: 0.02191969943938293, scale_lr: 0.77804011353252089, EAO: 0.349
Trial 2964 finished with value: 0.3491327517923214 and parameters: {'window_influence': 0.4649256255961598, 'penalty_k': 0.021919699439382934, 'scale_lr': 0.7780401135325209}. Best is trial 1674 with value: 0.38142600678748195.
checkpoint_e33 window_influence: 0.31900938246730659, penalty_k: 0.23266471298295593, scale_lr: 0.35752890254525693, EAO: 0.310
Trial 2965 finished with value: 0.3097677020363307 and parameters: {'window_influence': 0.3190093824673066, 'penalty_k': 0.23266471298295593, 'scale_lr': 0.35752890254525693}. Best is trial 1674 with value: 0.38142600678748195.
checkpoint_e33 window_influence: 0.49682531435528993, penalty_k: 0.09157388454123255, scale_lr: 0.52479139257747454, EAO: 0.330
Trial 2966 finished with value: 0.3295937606100906 and parameters: {'window_influence': 0.4968253143552899, 'penalty_k': 0.09157388454123255, 'scale_lr': 0.5247913925774745}. Best is trial 1674 with value: 0.38142600678748195.
checkpoint_e33 window_influence: 0.28467296766667172, penalty_k: 0.14955398949040100, scale_lr: 0.66518228372261157, EAO: 0.309
Trial 2967 finished with value: 0.30893800920781456 and parameters: {'window_influence': 0.2846729676666717, 'penalty_k': 0.149553989490401, 'scale_lr': 0.6651822837226116}. Best is trial 1674 with value: 0.38142600678748195.
checkpoint_e33 window_influence: 0.09921793641690890, penalty_k: 0.39125838002276725, scale_lr: 0.31592889926004281, EAO: 0.262
Trial 2968 finished with value: 0.26172878886011325 and parameters: {'window_influence': 0.0992179364169089, 'penalty_k': 0.39125838002276725, 'scale_lr': 0.3159288992600428}. Best is trial 1674 with value: 0.38142600678748195.
checkpoint_e33 window_influence: 0.47652455846802488, penalty_k: 0.16403398946235523, scale_lr: 0.23999289492548675, EAO: 0.325
Trial 2969 finished with value: 0.3249868956405365 and parameters: {'window_influence': 0.4765245584680249, 'penalty_k': 0.16403398946235523, 'scale_lr': 0.23999289492548675}. Best is trial 1674 with value: 0.38142600678748195.
checkpoint_e33 window_influence: 0.51688339430535135, penalty_k: 0.35497075735916733, scale_lr: 0.47597376991004903, EAO: 0.290
Trial 2970 finished with value: 0.29008299158704887 and parameters: {'window_influence': 0.5168833943053514, 'penalty_k': 0.35497075735916733, 'scale_lr': 0.475973769910049}. Best is trial 1674 with value: 0.38142600678748195.
checkpoint_e33 window_influence: 0.15038888023714519, penalty_k: 0.11270708603329543, scale_lr: 0.38283746126685575, EAO: 0.281
Trial 2971 finished with value: 0.2806959153381303 and parameters: {'window_influence': 0.1503888802371452, 'penalty_k': 0.11270708603329543, 'scale_lr': 0.38283746126685575}. Best is trial 1674 with value: 0.38142600678748195.
checkpoint_e33 window_influence: 0.24856035603541365, penalty_k: 0.24997097282979033, scale_lr: 0.30222040622427282, EAO: 0.303
Trial 2972 finished with value: 0.3033562601192452 and parameters: {'window_influence': 0.24856035603541365, 'penalty_k': 0.24997097282979033, 'scale_lr': 0.3022204062242728}. Best is trial 1674 with value: 0.38142600678748195.
checkpoint_e33 window_influence: 0.06598325991536402, penalty_k: 0.27795199878944071, scale_lr: 0.13664593333408287, EAO: 0.232
Trial 2973 finished with value: 0.23244378486727926 and parameters: {'window_influence': 0.06598325991536402, 'penalty_k': 0.2779519987894407, 'scale_lr': 0.13664593333408287}. Best is trial 1674 with value: 0.38142600678748195.
checkpoint_e33 window_influence: 0.20100274477954869, penalty_k: 0.13091308048947725, scale_lr: 0.68822265584888820, EAO: 0.281
Trial 2974 finished with value: 0.2812352771888911 and parameters: {'window_influence': 0.2010027447795487, 'penalty_k': 0.13091308048947725, 'scale_lr': 0.6882226558488882}. Best is trial 1674 with value: 0.38142600678748195.
checkpoint_e33 window_influence: 0.45260003235192126, penalty_k: 0.08338931718952383, scale_lr: 0.23379354953296813, EAO: 0.340
Trial 2975 finished with value: 0.34032610081976955 and parameters: {'window_influence': 0.45260003235192126, 'penalty_k': 0.08338931718952383, 'scale_lr': 0.23379354953296813}. Best is trial 1674 with value: 0.38142600678748195.
checkpoint_e33 window_influence: 0.55074599644550382, penalty_k: 0.01682153825345243, scale_lr: 0.55933627240775774, EAO: 0.294
Trial 2976 finished with value: 0.2940207962164155 and parameters: {'window_influence': 0.5507459964455038, 'penalty_k': 0.01682153825345243, 'scale_lr': 0.5593362724077577}. Best is trial 1674 with value: 0.38142600678748195.
checkpoint_e33 window_influence: 0.50753726597099247, penalty_k: 0.47657733002844005, scale_lr: 0.59745756381673654, EAO: 0.299
Trial 2977 finished with value: 0.2985461161178374 and parameters: {'window_influence': 0.5075372659709925, 'penalty_k': 0.47657733002844005, 'scale_lr': 0.5974575638167365}. Best is trial 1674 with value: 0.38142600678748195.
checkpoint_e33 window_influence: 0.07871498645916747, penalty_k: 0.00080123303900423, scale_lr: 0.22315517715648744, EAO: 0.260
Trial 2978 finished with value: 0.25987402404792576 and parameters: {'window_influence': 0.07871498645916747, 'penalty_k': 0.0008012330390042254, 'scale_lr': 0.22315517715648744}. Best is trial 1674 with value: 0.38142600678748195.
checkpoint_e33 window_influence: 0.39903110195261376, penalty_k: 0.18007157219448822, scale_lr: 0.43749356739406126, EAO: 0.327
Trial 2979 finished with value: 0.3270014621868208 and parameters: {'window_influence': 0.39903110195261376, 'penalty_k': 0.18007157219448822, 'scale_lr': 0.43749356739406126}. Best is trial 1674 with value: 0.38142600678748195.
checkpoint_e33 window_influence: 0.49003924212334238, penalty_k: 0.14052241217928776, scale_lr: 0.73950920754727756, EAO: 0.326
Trial 2980 finished with value: 0.32590872629143386 and parameters: {'window_influence': 0.4900392421233424, 'penalty_k': 0.14052241217928776, 'scale_lr': 0.7395092075472776}. Best is trial 1674 with value: 0.38142600678748195.
checkpoint_e33 window_influence: 0.59462484755048073, penalty_k: 0.03178047897945005, scale_lr: 0.11326152234991405, EAO: 0.294
Trial 2981 finished with value: 0.29422454472181864 and parameters: {'window_influence': 0.5946248475504807, 'penalty_k': 0.03178047897945005, 'scale_lr': 0.11326152234991405}. Best is trial 1674 with value: 0.38142600678748195.
checkpoint_e33 window_influence: 0.46836440127235957, penalty_k: 0.15239060877364111, scale_lr: 0.25524953805560713, EAO: 0.334
Trial 2982 finished with value: 0.3336890029652109 and parameters: {'window_influence': 0.46836440127235957, 'penalty_k': 0.1523906087736411, 'scale_lr': 0.25524953805560713}. Best is trial 1674 with value: 0.38142600678748195.
checkpoint_e33 window_influence: 0.48166559069970882, penalty_k: 0.30590850819556725, scale_lr: 0.76469370087545174, EAO: 0.315
Trial 2983 finished with value: 0.3153585088856025 and parameters: {'window_influence': 0.4816655906997088, 'penalty_k': 0.30590850819556725, 'scale_lr': 0.7646937008754517}. Best is trial 1674 with value: 0.38142600678748195.
checkpoint_e33 window_influence: 0.44109054848356488, penalty_k: 0.52875477221431311, scale_lr: 0.33169676978849394, EAO: 0.307
Trial 2984 finished with value: 0.30695290475040093 and parameters: {'window_influence': 0.4410905484835649, 'penalty_k': 0.5287547722143131, 'scale_lr': 0.33169676978849394}. Best is trial 1674 with value: 0.38142600678748195.
checkpoint_e33 window_influence: 0.10106841623894597, penalty_k: 0.10227251391334846, scale_lr: 0.63153869683641239, EAO: 0.257
Trial 2985 finished with value: 0.256591143427192 and parameters: {'window_influence': 0.10106841623894597, 'penalty_k': 0.10227251391334846, 'scale_lr': 0.6315386968364124}. Best is trial 1674 with value: 0.38142600678748195.
checkpoint_e33 window_influence: 0.39186962787220792, penalty_k: 0.18788922953999510, scale_lr: 0.53628690566625681, EAO: 0.324
Trial 2986 finished with value: 0.32433466033480973 and parameters: {'window_influence': 0.3918696278722079, 'penalty_k': 0.1878892295399951, 'scale_lr': 0.5362869056662568}. Best is trial 1674 with value: 0.38142600678748195.
checkpoint_e33 window_influence: 0.53714996546646232, penalty_k: 0.21686808295329676, scale_lr: 0.26761450926200808, EAO: 0.306
Trial 2987 finished with value: 0.30616148106087043 and parameters: {'window_influence': 0.5371499654664623, 'penalty_k': 0.21686808295329676, 'scale_lr': 0.2676145092620081}. Best is trial 1674 with value: 0.38142600678748195.
checkpoint_e33 window_influence: 0.33107204396776069, penalty_k: 0.12268984203974630, scale_lr: 0.29220382368038300, EAO: 0.312
Trial 2988 finished with value: 0.31165202037369694 and parameters: {'window_influence': 0.3310720439677607, 'penalty_k': 0.1226898420397463, 'scale_lr': 0.292203823680383}. Best is trial 1674 with value: 0.38142600678748195.
checkpoint_e33 window_influence: 0.35268709916700575, penalty_k: 0.07645231088178696, scale_lr: 0.21015740745353811, EAO: 0.308
Trial 2989 finished with value: 0.3079193527248583 and parameters: {'window_influence': 0.35268709916700575, 'penalty_k': 0.07645231088178696, 'scale_lr': 0.21015740745353811}. Best is trial 1674 with value: 0.38142600678748195.
checkpoint_e33 window_influence: 0.49571756400204159, penalty_k: 0.02809753043068394, scale_lr: 0.46620675377968290, EAO: 0.353
Trial 2990 finished with value: 0.3529396241509033 and parameters: {'window_influence': 0.4957175640020416, 'penalty_k': 0.028097530430683942, 'scale_lr': 0.4662067537796829}. Best is trial 1674 with value: 0.38142600678748195.
checkpoint_e33 window_influence: 0.52851690165940657, penalty_k: 0.16901561890216688, scale_lr: 0.67661095044488762, EAO: 0.288
