A new study created in memory with name: no-name-443a4d76-1572-45aa-b938-b8361a11cf2f
checkpoint_e17 window_influence: 0.15745862741298577, penalty_k: 0.26453666415159227, scale_lr: 0.53201322058138389, EAO: 0.271
Trial 0 finished with value: 0.2710737823164417 and parameters: {'window_influence': 0.15745862741298577, 'penalty_k': 0.26453666415159227, 'scale_lr': 0.5320132205813839}. Best is trial 0 with value: 0.2710737823164417.
checkpoint_e17 window_influence: 0.50030350908889709, penalty_k: 0.56425080353646384, scale_lr: 0.46629210984836988, EAO: 0.307
Trial 1 finished with value: 0.3073560891216367 and parameters: {'window_influence': 0.5003035090888971, 'penalty_k': 0.5642508035364638, 'scale_lr': 0.4662921098483699}. Best is trial 1 with value: 0.3073560891216367.
checkpoint_e17 window_influence: 0.51492034813813103, penalty_k: 0.20882937497546306, scale_lr: 0.17847894027511874, EAO: 0.308
Trial 2 finished with value: 0.30767294167312664 and parameters: {'window_influence': 0.514920348138131, 'penalty_k': 0.20882937497546306, 'scale_lr': 0.17847894027511874}. Best is trial 2 with value: 0.30767294167312664.
checkpoint_e17 window_influence: 0.56276978383650655, penalty_k: 0.33300143089680018, scale_lr: 0.43284516226088066, EAO: 0.271
Trial 3 finished with value: 0.2713109460090385 and parameters: {'window_influence': 0.5627697838365066, 'penalty_k': 0.3330014308968002, 'scale_lr': 0.43284516226088066}. Best is trial 2 with value: 0.30767294167312664.
checkpoint_e17 window_influence: 0.46088077289140494, penalty_k: 0.54536736406466391, scale_lr: 0.79082558434215366, EAO: 0.303
Trial 4 finished with value: 0.303087908064345 and parameters: {'window_influence': 0.46088077289140494, 'penalty_k': 0.5453673640646639, 'scale_lr': 0.7908255843421537}. Best is trial 2 with value: 0.30767294167312664.
checkpoint_e17 window_influence: 0.23159175369190727, penalty_k: 0.53890248641816219, scale_lr: 0.16925809607785330, EAO: 0.276
Trial 5 finished with value: 0.27562576468584604 and parameters: {'window_influence': 0.23159175369190727, 'penalty_k': 0.5389024864181622, 'scale_lr': 0.1692580960778533}. Best is trial 2 with value: 0.30767294167312664.
checkpoint_e17 window_influence: 0.43250248811043723, penalty_k: 0.41509739308300558, scale_lr: 0.15858878586227670, EAO: 0.297
Trial 6 finished with value: 0.2973937086674026 and parameters: {'window_influence': 0.43250248811043723, 'penalty_k': 0.4150973930830056, 'scale_lr': 0.1585887858622767}. Best is trial 2 with value: 0.30767294167312664.
checkpoint_e17 window_influence: 0.58636642997646959, penalty_k: 0.18261748431002953, scale_lr: 0.37029427850645835, EAO: 0.267
Trial 7 finished with value: 0.2666520251954112 and parameters: {'window_influence': 0.5863664299764696, 'penalty_k': 0.18261748431002953, 'scale_lr': 0.37029427850645835}. Best is trial 2 with value: 0.30767294167312664.
checkpoint_e17 window_influence: 0.34729298716593437, penalty_k: 0.48210313405413613, scale_lr: 0.73174460400197294, EAO: 0.327
Trial 8 finished with value: 0.32685636575351895 and parameters: {'window_influence': 0.3472929871659344, 'penalty_k': 0.48210313405413613, 'scale_lr': 0.7317446040019729}. Best is trial 8 with value: 0.32685636575351895.
checkpoint_e17 window_influence: 0.09893861118423875, penalty_k: 0.55354049315411513, scale_lr: 0.17881101092695262, EAO: 0.238
Trial 9 finished with value: 0.23774472099333885 and parameters: {'window_influence': 0.09893861118423875, 'penalty_k': 0.5535404931541151, 'scale_lr': 0.17881101092695262}. Best is trial 8 with value: 0.32685636575351895.
checkpoint_e17 window_influence: 0.32680918817254773, penalty_k: 0.00967662054820534, scale_lr: 0.78947976709313428, EAO: 0.304
Trial 10 finished with value: 0.30361707346216715 and parameters: {'window_influence': 0.3268091881725477, 'penalty_k': 0.009676620548205339, 'scale_lr': 0.7894797670931343}. Best is trial 8 with value: 0.32685636575351895.
checkpoint_e17 window_influence: 0.64316208886476045, penalty_k: 0.40315488239745045, scale_lr: 0.62837693611592238, EAO: 0.230
Trial 11 finished with value: 0.22979880017065352 and parameters: {'window_influence': 0.6431620888647605, 'penalty_k': 0.40315488239745045, 'scale_lr': 0.6283769361159224}. Best is trial 8 with value: 0.32685636575351895.
checkpoint_e17 window_influence: 0.36442809145296834, penalty_k: 0.14278276682557958, scale_lr: 0.34441515756986762, EAO: 0.311
Trial 12 finished with value: 0.3111584401664103 and parameters: {'window_influence': 0.36442809145296834, 'penalty_k': 0.14278276682557958, 'scale_lr': 0.3444151575698676}. Best is trial 8 with value: 0.32685636575351895.
checkpoint_e17 window_influence: 0.35592795877188116, penalty_k: 0.12483716467882941, scale_lr: 0.31942502493802460, EAO: 0.294
Trial 13 finished with value: 0.2944170280653215 and parameters: {'window_influence': 0.35592795877188116, 'penalty_k': 0.12483716467882941, 'scale_lr': 0.3194250249380246}. Best is trial 8 with value: 0.32685636575351895.
checkpoint_e17 window_influence: 0.33020083186180033, penalty_k: 0.44331461296035346, scale_lr: 0.65716862847695712, EAO: 0.308
Trial 14 finished with value: 0.3082793613004313 and parameters: {'window_influence': 0.3302008318618003, 'penalty_k': 0.44331461296035346, 'scale_lr': 0.6571686284769571}. Best is trial 8 with value: 0.32685636575351895.
checkpoint_e17 window_influence: 0.24609960374757134, penalty_k: 0.32487367045926602, scale_lr: 0.32264764743215585, EAO: 0.305
Trial 15 finished with value: 0.30540825397587934 and parameters: {'window_influence': 0.24609960374757134, 'penalty_k': 0.324873670459266, 'scale_lr': 0.32264764743215585}. Best is trial 8 with value: 0.32685636575351895.
checkpoint_e17 window_influence: 0.40320311221692984, penalty_k: 0.10697889928454665, scale_lr: 0.59972036323667011, EAO: 0.334
Trial 16 finished with value: 0.3339397444567328 and parameters: {'window_influence': 0.40320311221692984, 'penalty_k': 0.10697889928454665, 'scale_lr': 0.5997203632366701}. Best is trial 16 with value: 0.3339397444567328.
checkpoint_e17 window_influence: 0.41618743891901872, penalty_k: 0.05394133160693752, scale_lr: 0.68994610374646048, EAO: 0.323
Trial 17 finished with value: 0.32330591883872734 and parameters: {'window_influence': 0.4161874389190187, 'penalty_k': 0.053941331606937516, 'scale_lr': 0.6899461037464605}. Best is trial 16 with value: 0.3339397444567328.
checkpoint_e17 window_influence: 0.28050238833448649, penalty_k: 0.25001252955951242, scale_lr: 0.56393064767288015, EAO: 0.309
Trial 18 finished with value: 0.30900061437823895 and parameters: {'window_influence': 0.2805023883344865, 'penalty_k': 0.2500125295595124, 'scale_lr': 0.5639306476728801}. Best is trial 16 with value: 0.3339397444567328.
checkpoint_e17 window_influence: 0.41882750403951557, penalty_k: 0.10151562710756384, scale_lr: 0.71537385027627443, EAO: 0.330
Trial 19 finished with value: 0.33008825210745696 and parameters: {'window_influence': 0.4188275040395156, 'penalty_k': 0.10151562710756384, 'scale_lr': 0.7153738502762744}. Best is trial 16 with value: 0.3339397444567328.
checkpoint_e17 window_influence: 0.41107378701427311, penalty_k: 0.09201214076280154, scale_lr: 0.60370606634229862, EAO: 0.322
Trial 20 finished with value: 0.3217508264668721 and parameters: {'window_influence': 0.4110737870142731, 'penalty_k': 0.09201214076280154, 'scale_lr': 0.6037060663422986}. Best is trial 16 with value: 0.3339397444567328.
checkpoint_e17 window_influence: 0.39114099977021533, penalty_k: 0.06502913791760589, scale_lr: 0.71523965659898281, EAO: 0.320
Trial 21 finished with value: 0.31962006576794133 and parameters: {'window_influence': 0.3911409997702153, 'penalty_k': 0.0650291379176059, 'scale_lr': 0.7152396565989828}. Best is trial 16 with value: 0.3339397444567328.
checkpoint_e17 window_influence: 0.48259915977853240, penalty_k: 0.16475570189913069, scale_lr: 0.67967994433622292, EAO: 0.319
Trial 22 finished with value: 0.31923314981191536 and parameters: {'window_influence': 0.4825991597785324, 'penalty_k': 0.1647557018991307, 'scale_lr': 0.6796799443362229}. Best is trial 16 with value: 0.3339397444567328.
checkpoint_e17 window_influence: 0.43349513205876067, penalty_k: 0.00428224443353667, scale_lr: 0.73116942707392707, EAO: 0.343
Trial 23 finished with value: 0.34345176653639353 and parameters: {'window_influence': 0.43349513205876067, 'penalty_k': 0.004282244433536669, 'scale_lr': 0.7311694270739271}. Best is trial 23 with value: 0.34345176653639353.
checkpoint_e17 window_influence: 0.44021759994141907, penalty_k: 0.00551316641485483, scale_lr: 0.73398918257519385, EAO: 0.317
Trial 24 finished with value: 0.31745196484638094 and parameters: {'window_influence': 0.44021759994141907, 'penalty_k': 0.005513166414854831, 'scale_lr': 0.7339891825751939}. Best is trial 23 with value: 0.34345176653639353.
checkpoint_e17 window_influence: 0.46737498255098470, penalty_k: 0.10740719590508217, scale_lr: 0.61800616486505822, EAO: 0.320
Trial 25 finished with value: 0.3197249261669612 and parameters: {'window_influence': 0.4673749825509847, 'penalty_k': 0.10740719590508217, 'scale_lr': 0.6180061648650582}. Best is trial 23 with value: 0.34345176653639353.
checkpoint_e17 window_influence: 0.39256909793733302, penalty_k: 0.07262044489812786, scale_lr: 0.75629784363680186, EAO: 0.322
Trial 26 finished with value: 0.3221617157821062 and parameters: {'window_influence': 0.392569097937333, 'penalty_k': 0.07262044489812786, 'scale_lr': 0.7562978436368019}. Best is trial 23 with value: 0.34345176653639353.
checkpoint_e17 window_influence: 0.52891891209303599, penalty_k: 0.03863098334678172, scale_lr: 0.65864420208415619, EAO: 0.306
Trial 27 finished with value: 0.3059416622619221 and parameters: {'window_influence': 0.528918912093036, 'penalty_k': 0.038630983346781715, 'scale_lr': 0.6586442020841562}. Best is trial 23 with value: 0.34345176653639353.
checkpoint_e17 window_influence: 0.43768892720729125, penalty_k: 0.11284358331448902, scale_lr: 0.79891268369877022, EAO: 0.315
Trial 28 finished with value: 0.3147681774100441 and parameters: {'window_influence': 0.43768892720729125, 'penalty_k': 0.11284358331448902, 'scale_lr': 0.7989126836987702}. Best is trial 23 with value: 0.34345176653639353.
checkpoint_e17 window_influence: 0.30612489600053527, penalty_k: 0.03740800712959723, scale_lr: 0.56425504707127672, EAO: 0.320
Trial 29 finished with value: 0.31965236371593253 and parameters: {'window_influence': 0.3061248960005353, 'penalty_k': 0.03740800712959723, 'scale_lr': 0.5642550470712767}. Best is trial 23 with value: 0.34345176653639353.
checkpoint_e17 window_influence: 0.37242479064696277, penalty_k: 0.14189149585535990, scale_lr: 0.70048183346574933, EAO: 0.314
Trial 30 finished with value: 0.31442416334662454 and parameters: {'window_influence': 0.37242479064696277, 'penalty_k': 0.1418914958553599, 'scale_lr': 0.7004818334657493}. Best is trial 23 with value: 0.34345176653639353.
checkpoint_e17 window_influence: 0.37701553848237102, penalty_k: 0.20521867431239749, scale_lr: 0.74574949858216444, EAO: 0.332
Trial 31 finished with value: 0.3316332926893976 and parameters: {'window_influence': 0.377015538482371, 'penalty_k': 0.2052186743123975, 'scale_lr': 0.7457494985821644}. Best is trial 23 with value: 0.34345176653639353.
checkpoint_e17 window_influence: 0.39680402830499978, penalty_k: 0.20838735196876371, scale_lr: 0.74592749181217988, EAO: 0.317
Trial 32 finished with value: 0.316699142411989 and parameters: {'window_influence': 0.3968040283049998, 'penalty_k': 0.2083873519687637, 'scale_lr': 0.7459274918121799}. Best is trial 23 with value: 0.34345176653639353.
checkpoint_e17 window_influence: 0.50295738268365386, penalty_k: 0.09816951721111843, scale_lr: 0.66121662043578466, EAO: 0.332
Trial 33 finished with value: 0.3318318978009985 and parameters: {'window_influence': 0.5029573826836539, 'penalty_k': 0.09816951721111843, 'scale_lr': 0.6612166204357847}. Best is trial 23 with value: 0.34345176653639353.
checkpoint_e17 window_influence: 0.49571720500068894, penalty_k: 0.18169118256410260, scale_lr: 0.51026578642684084, EAO: 0.321
Trial 34 finished with value: 0.32056924439821727 and parameters: {'window_influence': 0.49571720500068894, 'penalty_k': 0.1816911825641026, 'scale_lr': 0.5102657864268408}. Best is trial 23 with value: 0.34345176653639353.
checkpoint_e17 window_influence: 0.52833133316855330, penalty_k: 0.07929403605753177, scale_lr: 0.65214966772859229, EAO: 0.320
Trial 35 finished with value: 0.31969223209160313 and parameters: {'window_influence': 0.5283313331685533, 'penalty_k': 0.07929403605753177, 'scale_lr': 0.6521496677285923}. Best is trial 23 with value: 0.34345176653639353.
checkpoint_e17 window_influence: 0.47371674946830400, penalty_k: 0.23016930642768396, scale_lr: 0.59589861337090122, EAO: 0.307
Trial 36 finished with value: 0.3074184154606051 and parameters: {'window_influence': 0.473716749468304, 'penalty_k': 0.23016930642768396, 'scale_lr': 0.5958986133709012}. Best is trial 23 with value: 0.34345176653639353.
checkpoint_e17 window_influence: 0.50668040837123063, penalty_k: 0.14132242133232420, scale_lr: 0.67031312423036382, EAO: 0.321
Trial 37 finished with value: 0.3210398548424012 and parameters: {'window_influence': 0.5066804083712306, 'penalty_k': 0.1413224213323242, 'scale_lr': 0.6703131242303638}. Best is trial 23 with value: 0.34345176653639353.
checkpoint_e17 window_influence: 0.46087409622349040, penalty_k: 0.28461764282676344, scale_lr: 0.75426920995706059, EAO: 0.315
Trial 38 finished with value: 0.3152483982334805 and parameters: {'window_influence': 0.4608740962234904, 'penalty_k': 0.28461764282676344, 'scale_lr': 0.7542692099570606}. Best is trial 23 with value: 0.34345176653639353.
checkpoint_e17 window_influence: 0.56378493522694761, penalty_k: 0.02915356181071464, scale_lr: 0.64067901994980347, EAO: 0.286
Trial 39 finished with value: 0.28567804854203754 and parameters: {'window_influence': 0.5637849352269476, 'penalty_k': 0.029153561810714643, 'scale_lr': 0.6406790199498035}. Best is trial 23 with value: 0.34345176653639353.
checkpoint_e17 window_influence: 0.44279236810921124, penalty_k: 0.07366888638231528, scale_lr: 0.69520483090895524, EAO: 0.326
Trial 40 finished with value: 0.32627057101476054 and parameters: {'window_influence': 0.44279236810921124, 'penalty_k': 0.07366888638231528, 'scale_lr': 0.6952048309089552}. Best is trial 23 with value: 0.34345176653639353.
checkpoint_e17 window_influence: 0.41569392001664895, penalty_k: 0.10835398414246214, scale_lr: 0.71313294825535056, EAO: 0.333
Trial 41 finished with value: 0.33336458097172156 and parameters: {'window_influence': 0.41569392001664895, 'penalty_k': 0.10835398414246214, 'scale_lr': 0.7131329482553506}. Best is trial 23 with value: 0.34345176653639353.
checkpoint_e17 window_influence: 0.37568985455766657, penalty_k: 0.00258434968324755, scale_lr: 0.76623955841686409, EAO: 0.309
Trial 42 finished with value: 0.30897850894046663 and parameters: {'window_influence': 0.37568985455766657, 'penalty_k': 0.002584349683247551, 'scale_lr': 0.7662395584168641}. Best is trial 23 with value: 0.34345176653639353.
checkpoint_e17 window_influence: 0.43797889128569562, penalty_k: 0.19105343810491321, scale_lr: 0.71818830914033138, EAO: 0.309
Trial 43 finished with value: 0.30852200189453155 and parameters: {'window_influence': 0.4379788912856956, 'penalty_k': 0.1910534381049132, 'scale_lr': 0.7181883091403314}. Best is trial 23 with value: 0.34345176653639353.
checkpoint_e17 window_influence: 0.40243601383779903, penalty_k: 0.16364120373592200, scale_lr: 0.77132057918492081, EAO: 0.330
Trial 44 finished with value: 0.33012259563119495 and parameters: {'window_influence': 0.40243601383779903, 'penalty_k': 0.163641203735922, 'scale_lr': 0.7713205791849208}. Best is trial 23 with value: 0.34345176653639353.
checkpoint_e17 window_influence: 0.34131630823689552, penalty_k: 0.10188041538602309, scale_lr: 0.67301744180754253, EAO: 0.334
Trial 45 finished with value: 0.33369225460731566 and parameters: {'window_influence': 0.3413163082368955, 'penalty_k': 0.10188041538602309, 'scale_lr': 0.6730174418075425}. Best is trial 23 with value: 0.34345176653639353.
checkpoint_e17 window_influence: 0.33603986014166276, penalty_k: 0.04965016814331032, scale_lr: 0.63338489277246923, EAO: 0.331
Trial 46 finished with value: 0.33141147307616725 and parameters: {'window_influence': 0.33603986014166276, 'penalty_k': 0.04965016814331032, 'scale_lr': 0.6333848927724692}. Best is trial 23 with value: 0.34345176653639353.
checkpoint_e17 window_influence: 0.35211930880073794, penalty_k: 0.12022371819688181, scale_lr: 0.69081938280318711, EAO: 0.331
Trial 47 finished with value: 0.331119271103974 and parameters: {'window_influence': 0.35211930880073794, 'penalty_k': 0.12022371819688181, 'scale_lr': 0.6908193828031871}. Best is trial 23 with value: 0.34345176653639353.
checkpoint_e17 window_influence: 0.49188333369665105, penalty_k: 0.09209267994592575, scale_lr: 0.59426571057103583, EAO: 0.324
Trial 48 finished with value: 0.3240900000825466 and parameters: {'window_influence': 0.49188333369665105, 'penalty_k': 0.09209267994592575, 'scale_lr': 0.5942657105710358}. Best is trial 23 with value: 0.34345176653639353.
checkpoint_e17 window_influence: 0.46207879545884573, penalty_k: 0.02664232718306925, scale_lr: 0.66927318067247188, EAO: 0.321
Trial 49 finished with value: 0.32146222738672325 and parameters: {'window_influence': 0.4620787954588457, 'penalty_k': 0.026642327183069248, 'scale_lr': 0.6692731806724719}. Best is trial 23 with value: 0.34345176653639353.
checkpoint_e17 window_influence: 0.30799008946617079, penalty_k: 0.05229330927785292, scale_lr: 0.63440479324596788, EAO: 0.316
Trial 50 finished with value: 0.31569452850503216 and parameters: {'window_influence': 0.3079900894661708, 'penalty_k': 0.052293309277852924, 'scale_lr': 0.6344047932459679}. Best is trial 23 with value: 0.34345176653639353.
checkpoint_e17 window_influence: 0.34918440617583424, penalty_k: 0.13100892043081722, scale_lr: 0.73084775776520938, EAO: 0.323
Trial 51 finished with value: 0.3234699663601033 and parameters: {'window_influence': 0.34918440617583424, 'penalty_k': 0.13100892043081722, 'scale_lr': 0.7308477577652094}. Best is trial 23 with value: 0.34345176653639353.
checkpoint_e17 window_influence: 0.37778334484314391, penalty_k: 0.09284439163896360, scale_lr: 0.78491944024293658, EAO: 0.315
Trial 52 finished with value: 0.31506982660247196 and parameters: {'window_influence': 0.3777833448431439, 'penalty_k': 0.0928443916389636, 'scale_lr': 0.7849194402429366}. Best is trial 23 with value: 0.34345176653639353.
checkpoint_e17 window_influence: 0.41091251574540161, penalty_k: 0.15619473350117871, scale_lr: 0.70818428073521111, EAO: 0.321
Trial 53 finished with value: 0.3209296339100901 and parameters: {'window_influence': 0.4109125157454016, 'penalty_k': 0.1561947335011787, 'scale_lr': 0.7081842807352111}. Best is trial 23 with value: 0.34345176653639353.
checkpoint_e17 window_influence: 0.42438529309741507, penalty_k: 0.10464615066173497, scale_lr: 0.74152585265115012, EAO: 0.330
Trial 54 finished with value: 0.3302903720956832 and parameters: {'window_influence': 0.4243852930974151, 'penalty_k': 0.10464615066173497, 'scale_lr': 0.7415258526511501}. Best is trial 23 with value: 0.34345176653639353.
checkpoint_e17 window_influence: 0.37275193428023223, penalty_k: 0.12817936773882121, scale_lr: 0.67071017301395042, EAO: 0.329
Trial 55 finished with value: 0.32917968575128786 and parameters: {'window_influence': 0.37275193428023223, 'penalty_k': 0.12817936773882121, 'scale_lr': 0.6707101730139504}. Best is trial 23 with value: 0.34345176653639353.
checkpoint_e17 window_influence: 0.39143486619206153, penalty_k: 0.06342541877467964, scale_lr: 0.77399037038529428, EAO: 0.310
Trial 56 finished with value: 0.30961198165490933 and parameters: {'window_influence': 0.3914348661920615, 'penalty_k': 0.06342541877467964, 'scale_lr': 0.7739903703852943}. Best is trial 23 with value: 0.34345176653639353.
checkpoint_e17 window_influence: 0.32136339042071860, penalty_k: 0.02156668057526905, scale_lr: 0.71810104244307227, EAO: 0.312
Trial 57 finished with value: 0.31175351345817404 and parameters: {'window_influence': 0.3213633904207186, 'penalty_k': 0.021566680575269045, 'scale_lr': 0.7181010424430723}. Best is trial 23 with value: 0.34345176653639353.
checkpoint_e17 window_influence: 0.45869703278582741, penalty_k: 0.07995010543061920, scale_lr: 0.69066363653680474, EAO: 0.321
Trial 58 finished with value: 0.3208176592792518 and parameters: {'window_influence': 0.4586970327858274, 'penalty_k': 0.0799501054306192, 'scale_lr': 0.6906636365368047}. Best is trial 23 with value: 0.34345176653639353.
checkpoint_e17 window_influence: 0.42061784437374644, penalty_k: 0.15290184843012961, scale_lr: 0.79575972547092111, EAO: 0.339
Trial 59 finished with value: 0.3388313922436785 and parameters: {'window_influence': 0.42061784437374644, 'penalty_k': 0.1529018484301296, 'scale_lr': 0.7957597254709211}. Best is trial 23 with value: 0.34345176653639353.
checkpoint_e17 window_influence: 0.41966569799671849, penalty_k: 0.15520205556398523, scale_lr: 0.77080150267451530, EAO: 0.321
Trial 60 finished with value: 0.3208797840756665 and parameters: {'window_influence': 0.4196656979967185, 'penalty_k': 0.15520205556398523, 'scale_lr': 0.7708015026745153}. Best is trial 23 with value: 0.34345176653639353.
checkpoint_e17 window_influence: 0.36780194414943179, penalty_k: 0.11208501561267595, scale_lr: 0.74552081310801444, EAO: 0.322
Trial 61 finished with value: 0.3218740140185746 and parameters: {'window_influence': 0.3678019441494318, 'penalty_k': 0.11208501561267595, 'scale_lr': 0.7455208131080144}. Best is trial 23 with value: 0.34345176653639353.
checkpoint_e17 window_influence: 0.45140298354011366, penalty_k: 0.18356441653426925, scale_lr: 0.79034374381573569, EAO: 0.329
