Trial 614 finished with value: 0.23641938632100473 and parameters: {'window_influence': 0.6152970973007207, 'penalty_k': 0.30692971883134157, 'scale_lr': 0.10001030547876572}. Best is trial 445 with value: 0.3694567781246126.
checkpoint_e16 window_influence: 0.27952158213302286, penalty_k: 0.02000074911474877, scale_lr: 0.59970655034350873, EAO: 0.284
Trial 615 finished with value: 0.2835044465408251 and parameters: {'window_influence': 0.27952158213302286, 'penalty_k': 0.020000749114748768, 'scale_lr': 0.5997065503435087}. Best is trial 445 with value: 0.3694567781246126.
checkpoint_e16 window_influence: 0.53645502530014810, penalty_k: 0.03031028876753595, scale_lr: 0.43358416870733157, EAO: 0.314
Trial 616 finished with value: 0.3142438369734278 and parameters: {'window_influence': 0.5364550253001481, 'penalty_k': 0.03031028876753595, 'scale_lr': 0.4335841687073316}. Best is trial 445 with value: 0.3694567781246126.
checkpoint_e16 window_influence: 0.57238121821273402, penalty_k: 0.01117087572204858, scale_lr: 0.61330392000157996, EAO: 0.282
Trial 617 finished with value: 0.2823743577249319 and parameters: {'window_influence': 0.572381218212734, 'penalty_k': 0.011170875722048581, 'scale_lr': 0.61330392000158}. Best is trial 445 with value: 0.3694567781246126.
checkpoint_e16 window_influence: 0.47312459678874058, penalty_k: 0.03880549716389088, scale_lr: 0.12239181992644010, EAO: 0.297
Trial 618 finished with value: 0.29741805902019086 and parameters: {'window_influence': 0.4731245967887406, 'penalty_k': 0.03880549716389088, 'scale_lr': 0.1223918199264401}. Best is trial 445 with value: 0.3694567781246126.
checkpoint_e16 window_influence: 0.44591636378381877, penalty_k: 0.27585410092439488, scale_lr: 0.41166141973336284, EAO: 0.329
Trial 619 finished with value: 0.32895552567007014 and parameters: {'window_influence': 0.44591636378381877, 'penalty_k': 0.2758541009243949, 'scale_lr': 0.41166141973336284}. Best is trial 445 with value: 0.3694567781246126.
checkpoint_e16 window_influence: 0.37062680506630408, penalty_k: 0.40025503741012158, scale_lr: 0.46314804628902062, EAO: 0.295
Trial 620 finished with value: 0.294755765610168 and parameters: {'window_influence': 0.3706268050663041, 'penalty_k': 0.4002550374101216, 'scale_lr': 0.4631480462890206}. Best is trial 445 with value: 0.3694567781246126.
checkpoint_e16 window_influence: 0.07197632907232343, penalty_k: 0.45305963059970472, scale_lr: 0.50402280487208895, EAO: 0.240
Trial 621 finished with value: 0.23975401635531784 and parameters: {'window_influence': 0.07197632907232343, 'penalty_k': 0.4530596305997047, 'scale_lr': 0.504022804872089}. Best is trial 445 with value: 0.3694567781246126.
checkpoint_e16 window_influence: 0.49022606477255609, penalty_k: 0.15626396806015927, scale_lr: 0.47943317028402815, EAO: 0.317
Trial 622 finished with value: 0.31706330730989285 and parameters: {'window_influence': 0.4902260647725561, 'penalty_k': 0.15626396806015927, 'scale_lr': 0.47943317028402815}. Best is trial 445 with value: 0.3694567781246126.
checkpoint_e16 window_influence: 0.48041780487797370, penalty_k: 0.39311916609778641, scale_lr: 0.13743464966997987, EAO: 0.291
Trial 623 finished with value: 0.2914178412016264 and parameters: {'window_influence': 0.4804178048779737, 'penalty_k': 0.3931191660977864, 'scale_lr': 0.13743464966997987}. Best is trial 445 with value: 0.3694567781246126.
checkpoint_e16 window_influence: 0.50366752067310416, penalty_k: 0.01857174101951917, scale_lr: 0.38074139732770473, EAO: 0.327
Trial 624 finished with value: 0.32689815469752953 and parameters: {'window_influence': 0.5036675206731042, 'penalty_k': 0.018571741019519167, 'scale_lr': 0.38074139732770473}. Best is trial 445 with value: 0.3694567781246126.
checkpoint_e16 window_influence: 0.24008760663037670, penalty_k: 0.08718778986942492, scale_lr: 0.44655377594121082, EAO: 0.287
Trial 625 finished with value: 0.28742979107431865 and parameters: {'window_influence': 0.2400876066303767, 'penalty_k': 0.08718778986942492, 'scale_lr': 0.4465537759412108}. Best is trial 445 with value: 0.3694567781246126.
checkpoint_e16 window_influence: 0.32954117128665023, penalty_k: 0.05238724026027118, scale_lr: 0.54660467418478353, EAO: 0.308
Trial 626 finished with value: 0.3083428785146906 and parameters: {'window_influence': 0.3295411712866502, 'penalty_k': 0.05238724026027118, 'scale_lr': 0.5466046741847835}. Best is trial 445 with value: 0.3694567781246126.
checkpoint_e16 window_influence: 0.55489814630814305, penalty_k: 0.46202447031189103, scale_lr: 0.51992028184923456, EAO: 0.250
Trial 627 finished with value: 0.2502089553306075 and parameters: {'window_influence': 0.554898146308143, 'penalty_k': 0.46202447031189103, 'scale_lr': 0.5199202818492346}. Best is trial 445 with value: 0.3694567781246126.
checkpoint_e16 window_influence: 0.46605655121177880, penalty_k: 0.42466507015915195, scale_lr: 0.33552560756912819, EAO: 0.313
Trial 628 finished with value: 0.3126277707314213 and parameters: {'window_influence': 0.4660565512117788, 'penalty_k': 0.42466507015915195, 'scale_lr': 0.3355256075691282}. Best is trial 445 with value: 0.3694567781246126.
checkpoint_e16 window_influence: 0.49116539085200883, penalty_k: 0.33000133078787491, scale_lr: 0.56885776292357249, EAO: 0.305
Trial 629 finished with value: 0.3051427297207168 and parameters: {'window_influence': 0.49116539085200883, 'penalty_k': 0.3300013307878749, 'scale_lr': 0.5688577629235725}. Best is trial 445 with value: 0.3694567781246126.
checkpoint_e16 window_influence: 0.44815125695494873, penalty_k: 0.48107411354343371, scale_lr: 0.49040589150633790, EAO: 0.298
Trial 630 finished with value: 0.2975934949714386 and parameters: {'window_influence': 0.44815125695494873, 'penalty_k': 0.4810741135434337, 'scale_lr': 0.4904058915063379}. Best is trial 445 with value: 0.3694567781246126.
checkpoint_e16 window_influence: 0.13460110351920621, penalty_k: 0.00022856568181613, scale_lr: 0.27662515460013448, EAO: 0.277
Trial 631 finished with value: 0.27699500386121206 and parameters: {'window_influence': 0.1346011035192062, 'penalty_k': 0.00022856568181613135, 'scale_lr': 0.2766251546001345}. Best is trial 445 with value: 0.3694567781246126.
checkpoint_e16 window_influence: 0.46790319900007593, penalty_k: 0.10308230689771843, scale_lr: 0.43435380132591905, EAO: 0.316
Trial 632 finished with value: 0.3160585846882386 and parameters: {'window_influence': 0.46790319900007593, 'penalty_k': 0.10308230689771843, 'scale_lr': 0.43435380132591905}. Best is trial 445 with value: 0.3694567781246126.
checkpoint_e16 window_influence: 0.40837367246543271, penalty_k: 0.02861686058893639, scale_lr: 0.46930987095851801, EAO: 0.332
Trial 633 finished with value: 0.33176290919344714 and parameters: {'window_influence': 0.4083736724654327, 'penalty_k': 0.028616860588936387, 'scale_lr': 0.469309870958518}. Best is trial 445 with value: 0.3694567781246126.
checkpoint_e16 window_influence: 0.63122697856292220, penalty_k: 0.22374526545242954, scale_lr: 0.70137652781134852, EAO: 0.252
Trial 634 finished with value: 0.2523163106538906 and parameters: {'window_influence': 0.6312269785629222, 'penalty_k': 0.22374526545242954, 'scale_lr': 0.7013765278113485}. Best is trial 445 with value: 0.3694567781246126.
checkpoint_e16 window_influence: 0.48275940832276532, penalty_k: 0.07161513937611674, scale_lr: 0.50883690152754590, EAO: 0.333
Trial 635 finished with value: 0.33307234971903643 and parameters: {'window_influence': 0.4827594083227653, 'penalty_k': 0.07161513937611674, 'scale_lr': 0.5088369015275459}. Best is trial 445 with value: 0.3694567781246126.
checkpoint_e16 window_influence: 0.07817663311789808, penalty_k: 0.04030090859092960, scale_lr: 0.64257337629472200, EAO: 0.272
Trial 636 finished with value: 0.2720283773158775 and parameters: {'window_influence': 0.07817663311789808, 'penalty_k': 0.0403009085909296, 'scale_lr': 0.642573376294722}. Best is trial 445 with value: 0.3694567781246126.
checkpoint_e16 window_influence: 0.35589948631919061, penalty_k: 0.00000701939007445, scale_lr: 0.58956078950970081, EAO: 0.302
Trial 637 finished with value: 0.30203535932511205 and parameters: {'window_influence': 0.3558994863191906, 'penalty_k': 7.019390074447605e-06, 'scale_lr': 0.5895607895097008}. Best is trial 445 with value: 0.3694567781246126.
checkpoint_e16 window_influence: 0.42185896848424603, penalty_k: 0.01858224162529448, scale_lr: 0.41419529431966545, EAO: 0.333
Trial 638 finished with value: 0.33267012841506693 and parameters: {'window_influence': 0.42185896848424603, 'penalty_k': 0.01858224162529448, 'scale_lr': 0.41419529431966545}. Best is trial 445 with value: 0.3694567781246126.
checkpoint_e16 window_influence: 0.51340064464138946, penalty_k: 0.03232933774737128, scale_lr: 0.53432364246373820, EAO: 0.332
Trial 639 finished with value: 0.3321147346542967 and parameters: {'window_influence': 0.5134006446413895, 'penalty_k': 0.032329337747371276, 'scale_lr': 0.5343236424637382}. Best is trial 445 with value: 0.3694567781246126.
checkpoint_e16 window_influence: 0.49883130525882735, penalty_k: 0.35015686122177009, scale_lr: 0.44878252188044215, EAO: 0.299
Trial 640 finished with value: 0.29859032513798445 and parameters: {'window_influence': 0.49883130525882735, 'penalty_k': 0.3501568612217701, 'scale_lr': 0.44878252188044215}. Best is trial 445 with value: 0.3694567781246126.
checkpoint_e16 window_influence: 0.45301928639094552, penalty_k: 0.19480652570288876, scale_lr: 0.55683572043968588, EAO: 0.307
Trial 641 finished with value: 0.30694541764166566 and parameters: {'window_influence': 0.4530192863909455, 'penalty_k': 0.19480652570288876, 'scale_lr': 0.5568357204396859}. Best is trial 445 with value: 0.3694567781246126.
checkpoint_e16 window_influence: 0.47712588502918601, penalty_k: 0.01119714532471410, scale_lr: 0.24735582776227941, EAO: 0.341
Trial 642 finished with value: 0.3405063666026416 and parameters: {'window_influence': 0.477125885029186, 'penalty_k': 0.011197145324714105, 'scale_lr': 0.2473558277622794}. Best is trial 445 with value: 0.3694567781246126.
checkpoint_e16 window_influence: 0.52431793030429763, penalty_k: 0.05850481300521299, scale_lr: 0.49596522917895014, EAO: 0.305
Trial 643 finished with value: 0.30544676379470975 and parameters: {'window_influence': 0.5243179303042976, 'penalty_k': 0.05850481300521299, 'scale_lr': 0.49596522917895014}. Best is trial 445 with value: 0.3694567781246126.
checkpoint_e16 window_influence: 0.36249657451493489, penalty_k: 0.04689427073385360, scale_lr: 0.16971053912046391, EAO: 0.331
Trial 644 finished with value: 0.33109694951239266 and parameters: {'window_influence': 0.3624965745149349, 'penalty_k': 0.046894270733853605, 'scale_lr': 0.1697105391204639}. Best is trial 445 with value: 0.3694567781246126.
checkpoint_e16 window_influence: 0.58311413143659607, penalty_k: 0.02959989970717680, scale_lr: 0.43051007361715116, EAO: 0.265
Trial 645 finished with value: 0.26492920790432956 and parameters: {'window_influence': 0.5831141314365961, 'penalty_k': 0.029599899707176802, 'scale_lr': 0.43051007361715116}. Best is trial 445 with value: 0.3694567781246126.
checkpoint_e16 window_influence: 0.60176788669526915, penalty_k: 0.12802659351283427, scale_lr: 0.57786399042897829, EAO: 0.260
Trial 646 finished with value: 0.2604987430549317 and parameters: {'window_influence': 0.6017678866952691, 'penalty_k': 0.12802659351283427, 'scale_lr': 0.5778639904289783}. Best is trial 445 with value: 0.3694567781246126.
checkpoint_e16 window_influence: 0.46008326982155062, penalty_k: 0.48510067043775118, scale_lr: 0.46144218952311783, EAO: 0.297
Trial 647 finished with value: 0.297423705110754 and parameters: {'window_influence': 0.4600832698215506, 'penalty_k': 0.4851006704377512, 'scale_lr': 0.46144218952311783}. Best is trial 445 with value: 0.3694567781246126.
checkpoint_e16 window_influence: 0.48549610096523721, penalty_k: 0.01007968785247892, scale_lr: 0.51776113077420061, EAO: 0.344
Trial 648 finished with value: 0.343906899718459 and parameters: {'window_influence': 0.4854961009652372, 'penalty_k': 0.010079687852478925, 'scale_lr': 0.5177611307742006}. Best is trial 445 with value: 0.3694567781246126.
checkpoint_e16 window_influence: 0.49955626274499942, penalty_k: 0.57191331274946977, scale_lr: 0.47858177630558463, EAO: 0.267
Trial 649 finished with value: 0.2665005247416663 and parameters: {'window_influence': 0.4995562627449994, 'penalty_k': 0.5719133127494698, 'scale_lr': 0.4785817763055846}. Best is trial 445 with value: 0.3694567781246126.
checkpoint_e16 window_influence: 0.38527396998717001, penalty_k: 0.02339614791260975, scale_lr: 0.54455239933220190, EAO: 0.325
Trial 650 finished with value: 0.3249916529956959 and parameters: {'window_influence': 0.38527396998717, 'penalty_k': 0.023396147912609754, 'scale_lr': 0.5445523993322019}. Best is trial 445 with value: 0.3694567781246126.
checkpoint_e16 window_influence: 0.47276946566784495, penalty_k: 0.03954267019355982, scale_lr: 0.62257421350698805, EAO: 0.326
Trial 651 finished with value: 0.3256851357592683 and parameters: {'window_influence': 0.47276946566784495, 'penalty_k': 0.03954267019355982, 'scale_lr': 0.622574213506988}. Best is trial 445 with value: 0.3694567781246126.
checkpoint_e16 window_influence: 0.43812300601973486, penalty_k: 0.21791122773702903, scale_lr: 0.73676173617853813, EAO: 0.317
Trial 652 finished with value: 0.316613361471358 and parameters: {'window_influence': 0.43812300601973486, 'penalty_k': 0.21791122773702903, 'scale_lr': 0.7367617361785381}. Best is trial 445 with value: 0.3694567781246126.
checkpoint_e16 window_influence: 0.49239160384955516, penalty_k: 0.15808942600449885, scale_lr: 0.41932913746843320, EAO: 0.309
Trial 653 finished with value: 0.30924824552777214 and parameters: {'window_influence': 0.49239160384955516, 'penalty_k': 0.15808942600449885, 'scale_lr': 0.4193291374684332}. Best is trial 445 with value: 0.3694567781246126.
checkpoint_e16 window_influence: 0.29590122430109733, penalty_k: 0.00009769569749208, scale_lr: 0.60573485920773418, EAO: 0.303
Trial 654 finished with value: 0.30265299935285217 and parameters: {'window_influence': 0.29590122430109733, 'penalty_k': 9.769569749207865e-05, 'scale_lr': 0.6057348592077342}. Best is trial 445 with value: 0.3694567781246126.
checkpoint_e16 window_influence: 0.46219327833255558, penalty_k: 0.52667945683848705, scale_lr: 0.36151726033834281, EAO: 0.280
Trial 655 finished with value: 0.2798226467598273 and parameters: {'window_influence': 0.4621932783325556, 'penalty_k': 0.526679456838487, 'scale_lr': 0.3615172603383428}. Best is trial 445 with value: 0.3694567781246126.
checkpoint_e16 window_influence: 0.51520041986444043, penalty_k: 0.26794132153145167, scale_lr: 0.68960824450111979, EAO: 0.296
Trial 656 finished with value: 0.2964264904710569 and parameters: {'window_influence': 0.5152004198644404, 'penalty_k': 0.26794132153145167, 'scale_lr': 0.6896082445011198}. Best is trial 445 with value: 0.3694567781246126.
checkpoint_e16 window_influence: 0.47673705692484991, penalty_k: 0.36680461394745345, scale_lr: 0.44663479396142064, EAO: 0.315
Trial 657 finished with value: 0.3147433881397841 and parameters: {'window_influence': 0.4767370569248499, 'penalty_k': 0.36680461394745345, 'scale_lr': 0.44663479396142064}. Best is trial 445 with value: 0.3694567781246126.
checkpoint_e16 window_influence: 0.60952948367964810, penalty_k: 0.17059598335193887, scale_lr: 0.39929745700870939, EAO: 0.251
Trial 658 finished with value: 0.250663856877891 and parameters: {'window_influence': 0.6095294836796481, 'penalty_k': 0.17059598335193887, 'scale_lr': 0.3992974570087094}. Best is trial 445 with value: 0.3694567781246126.
checkpoint_e16 window_influence: 0.11301561519941195, penalty_k: 0.07966376818358618, scale_lr: 0.52535745247056387, EAO: 0.267
Trial 659 finished with value: 0.26735152907176707 and parameters: {'window_influence': 0.11301561519941195, 'penalty_k': 0.07966376818358618, 'scale_lr': 0.5253574524705639}. Best is trial 445 with value: 0.3694567781246126.
checkpoint_e16 window_influence: 0.50560899230681855, penalty_k: 0.02029021086270123, scale_lr: 0.50749156573206855, EAO: 0.351
Trial 660 finished with value: 0.3514870488690031 and parameters: {'window_influence': 0.5056089923068185, 'penalty_k': 0.02029021086270123, 'scale_lr': 0.5074915657320686}. Best is trial 445 with value: 0.3694567781246126.
checkpoint_e16 window_influence: 0.54562588711190929, penalty_k: 0.01775298939421696, scale_lr: 0.50806011872334311, EAO: 0.318
Trial 661 finished with value: 0.31787780321525694 and parameters: {'window_influence': 0.5456258871119093, 'penalty_k': 0.017752989394216965, 'scale_lr': 0.5080601187233431}. Best is trial 445 with value: 0.3694567781246126.
checkpoint_e16 window_influence: 0.50655489716112589, penalty_k: 0.01052332208301399, scale_lr: 0.29349615440661569, EAO: 0.327
Trial 662 finished with value: 0.3270390372331968 and parameters: {'window_influence': 0.5065548971611259, 'penalty_k': 0.010523322083013986, 'scale_lr': 0.2934961544066157}. Best is trial 445 with value: 0.3694567781246126.
checkpoint_e16 window_influence: 0.10388983375601865, penalty_k: 0.02460151737089206, scale_lr: 0.75835006031155316, EAO: 0.288
Trial 663 finished with value: 0.28832059744962923 and parameters: {'window_influence': 0.10388983375601865, 'penalty_k': 0.02460151737089206, 'scale_lr': 0.7583500603115532}. Best is trial 445 with value: 0.3694567781246126.
checkpoint_e16 window_influence: 0.13486168954513936, penalty_k: 0.33732556467864511, scale_lr: 0.49253132662683990, EAO: 0.266
Trial 664 finished with value: 0.266159255043078 and parameters: {'window_influence': 0.13486168954513936, 'penalty_k': 0.3373255646786451, 'scale_lr': 0.4925313266268399}. Best is trial 445 with value: 0.3694567781246126.
checkpoint_e16 window_influence: 0.53399801617029119, penalty_k: 0.37426638128725404, scale_lr: 0.51178348743650182, EAO: 0.283
Trial 665 finished with value: 0.2834669855434143 and parameters: {'window_influence': 0.5339980161702912, 'penalty_k': 0.37426638128725404, 'scale_lr': 0.5117834874365018}. Best is trial 445 with value: 0.3694567781246126.
checkpoint_e16 window_influence: 0.52506037760051916, penalty_k: 0.05396945626481343, scale_lr: 0.25384311537155296, EAO: 0.306
Trial 666 finished with value: 0.3064642052242264 and parameters: {'window_influence': 0.5250603776005192, 'penalty_k': 0.053969456264813434, 'scale_lr': 0.25384311537155296}. Best is trial 445 with value: 0.3694567781246126.
checkpoint_e16 window_influence: 0.42855680531166435, penalty_k: 0.38520377724179367, scale_lr: 0.20849712368442996, EAO: 0.295
Trial 667 finished with value: 0.2952428769740613 and parameters: {'window_influence': 0.42855680531166435, 'penalty_k': 0.38520377724179367, 'scale_lr': 0.20849712368442996}. Best is trial 445 with value: 0.3694567781246126.
checkpoint_e16 window_influence: 0.50847995986612871, penalty_k: 0.01112847149543942, scale_lr: 0.48263167373221766, EAO: 0.331
Trial 668 finished with value: 0.33061143048542485 and parameters: {'window_influence': 0.5084799598661287, 'penalty_k': 0.011128471495439416, 'scale_lr': 0.48263167373221766}. Best is trial 445 with value: 0.3694567781246126.
checkpoint_e16 window_influence: 0.59398110214183064, penalty_k: 0.03864394606124703, scale_lr: 0.30717256180630353, EAO: 0.264
Trial 669 finished with value: 0.2635388226476625 and parameters: {'window_influence': 0.5939811021418306, 'penalty_k': 0.038643946061247034, 'scale_lr': 0.30717256180630353}. Best is trial 445 with value: 0.3694567781246126.
checkpoint_e16 window_influence: 0.49310596094201919, penalty_k: 0.02285554437574869, scale_lr: 0.53062544169470305, EAO: 0.347
Trial 670 finished with value: 0.34744574413689194 and parameters: {'window_influence': 0.4931059609420192, 'penalty_k': 0.022855544375748688, 'scale_lr': 0.530625441694703}. Best is trial 445 with value: 0.3694567781246126.
checkpoint_e16 window_influence: 0.44992959192299864, penalty_k: 0.03228464629352794, scale_lr: 0.15547169985048864, EAO: 0.317
Trial 671 finished with value: 0.31669346234445905 and parameters: {'window_influence': 0.44992959192299864, 'penalty_k': 0.03228464629352794, 'scale_lr': 0.15547169985048864}. Best is trial 445 with value: 0.3694567781246126.
checkpoint_e16 window_influence: 0.56072553557355065, penalty_k: 0.00008938639922176, scale_lr: 0.50116965587827067, EAO: 0.291
Trial 672 finished with value: 0.2907251814807899 and parameters: {'window_influence': 0.5607255355735506, 'penalty_k': 8.938639922176361e-05, 'scale_lr': 0.5011696558782707}. Best is trial 445 with value: 0.3694567781246126.
checkpoint_e16 window_influence: 0.57195043767369702, penalty_k: 0.06099247654474318, scale_lr: 0.49055930028760197, EAO: 0.278
Trial 673 finished with value: 0.27756309926741785 and parameters: {'window_influence': 0.571950437673697, 'penalty_k': 0.060992476544743185, 'scale_lr': 0.490559300287602}. Best is trial 445 with value: 0.3694567781246126.
checkpoint_e16 window_influence: 0.64612332130959615, penalty_k: 0.53270929477822260, scale_lr: 0.69048134755476576, EAO: 0.211
Trial 674 finished with value: 0.21148426766989295 and parameters: {'window_influence': 0.6461233213095962, 'penalty_k': 0.5327092947782226, 'scale_lr': 0.6904813475547658}. Best is trial 445 with value: 0.3694567781246126.
checkpoint_e16 window_influence: 0.41420027567076201, penalty_k: 0.43488644095031415, scale_lr: 0.28986788767150629, EAO: 0.308
Trial 675 finished with value: 0.3084111708263479 and parameters: {'window_influence': 0.414200275670762, 'penalty_k': 0.43488644095031415, 'scale_lr': 0.2898678876715063}. Best is trial 445 with value: 0.3694567781246126.
checkpoint_e16 window_influence: 0.39985371130975111, penalty_k: 0.04558309194142784, scale_lr: 0.46908176996743700, EAO: 0.316
