Trial 124 finished with value: 0.3394068136289426 and parameters: {'window_influence': 0.4540281562460815, 'penalty_k': 0.17102210067985085, 'scale_lr': 0.5802069565926367}. Best is trial 82 with value: 0.36745269532797403.
checkpoint_e36 window_influence: 0.43162551187953507, penalty_k: 0.22850265186147822, scale_lr: 0.55381725432789386, EAO: 0.344
Trial 125 finished with value: 0.3435008326393157 and parameters: {'window_influence': 0.4316255118795351, 'penalty_k': 0.22850265186147822, 'scale_lr': 0.5538172543278939}. Best is trial 82 with value: 0.36745269532797403.
checkpoint_e36 window_influence: 0.48027474045668850, penalty_k: 0.14405638715561922, scale_lr: 0.60155724537472710, EAO: 0.337
Trial 126 finished with value: 0.3374547965331764 and parameters: {'window_influence': 0.4802747404566885, 'penalty_k': 0.14405638715561922, 'scale_lr': 0.6015572453747271}. Best is trial 82 with value: 0.36745269532797403.
checkpoint_e36 window_influence: 0.41821056469816709, penalty_k: 0.18551716584534772, scale_lr: 0.65682894959719063, EAO: 0.312
Trial 127 finished with value: 0.3115625866192324 and parameters: {'window_influence': 0.4182105646981671, 'penalty_k': 0.18551716584534772, 'scale_lr': 0.6568289495971906}. Best is trial 82 with value: 0.36745269532797403.
checkpoint_e36 window_influence: 0.49896501645470204, penalty_k: 0.20348887529597798, scale_lr: 0.57668754866415117, EAO: 0.334
Trial 128 finished with value: 0.33431925453564537 and parameters: {'window_influence': 0.49896501645470204, 'penalty_k': 0.20348887529597798, 'scale_lr': 0.5766875486641512}. Best is trial 82 with value: 0.36745269532797403.
checkpoint_e36 window_influence: 0.44261766413483145, penalty_k: 0.24098267639521309, scale_lr: 0.66995494858240345, EAO: 0.344
Trial 129 finished with value: 0.34380212356608203 and parameters: {'window_influence': 0.44261766413483145, 'penalty_k': 0.2409826763952131, 'scale_lr': 0.6699549485824035}. Best is trial 82 with value: 0.36745269532797403.
checkpoint_e36 window_influence: 0.52281194375052986, penalty_k: 0.15705075905040225, scale_lr: 0.48668878252418174, EAO: 0.321
Trial 130 finished with value: 0.3213893220350436 and parameters: {'window_influence': 0.5228119437505299, 'penalty_k': 0.15705075905040225, 'scale_lr': 0.48668878252418174}. Best is trial 82 with value: 0.36745269532797403.
checkpoint_e36 window_influence: 0.47189897923470209, penalty_k: 0.18810236921553694, scale_lr: 0.62144663797127186, EAO: 0.355
Trial 131 finished with value: 0.3552821329595514 and parameters: {'window_influence': 0.4718989792347021, 'penalty_k': 0.18810236921553694, 'scale_lr': 0.6214466379712719}. Best is trial 82 with value: 0.36745269532797403.
checkpoint_e36 window_influence: 0.46105608198659098, penalty_k: 0.21613707840414786, scale_lr: 0.64269903410258244, EAO: 0.338
Trial 132 finished with value: 0.3376313018891598 and parameters: {'window_influence': 0.461056081986591, 'penalty_k': 0.21613707840414786, 'scale_lr': 0.6426990341025824}. Best is trial 82 with value: 0.36745269532797403.
checkpoint_e36 window_influence: 0.47840206855304107, penalty_k: 0.18073972178011333, scale_lr: 0.61134380739117522, EAO: 0.343
Trial 133 finished with value: 0.34290729955940397 and parameters: {'window_influence': 0.47840206855304107, 'penalty_k': 0.18073972178011333, 'scale_lr': 0.6113438073911752}. Best is trial 82 with value: 0.36745269532797403.
checkpoint_e36 window_influence: 0.49147468129981209, penalty_k: 0.19377730788085429, scale_lr: 0.63266250058761986, EAO: 0.329
Trial 134 finished with value: 0.32916634509535614 and parameters: {'window_influence': 0.4914746812998121, 'penalty_k': 0.1937773078808543, 'scale_lr': 0.6326625005876199}. Best is trial 82 with value: 0.36745269532797403.
checkpoint_e36 window_influence: 0.46389580991137380, penalty_k: 0.22714754896417277, scale_lr: 0.59060873968696015, EAO: 0.323
Trial 135 finished with value: 0.3230470910610392 and parameters: {'window_influence': 0.4638958099113738, 'penalty_k': 0.22714754896417277, 'scale_lr': 0.5906087396869601}. Best is trial 82 with value: 0.36745269532797403.
checkpoint_e36 window_influence: 0.44807838310804715, penalty_k: 0.16452775085948176, scale_lr: 0.52627710691449403, EAO: 0.344
Trial 136 finished with value: 0.34397622687807344 and parameters: {'window_influence': 0.44807838310804715, 'penalty_k': 0.16452775085948176, 'scale_lr': 0.526277106914494}. Best is trial 82 with value: 0.36745269532797403.
checkpoint_e36 window_influence: 0.50879921031797193, penalty_k: 0.21170355454928613, scale_lr: 0.56166903876711383, EAO: 0.335
Trial 137 finished with value: 0.334788317230425 and parameters: {'window_influence': 0.5087992103179719, 'penalty_k': 0.21170355454928613, 'scale_lr': 0.5616690387671138}. Best is trial 82 with value: 0.36745269532797403.
checkpoint_e36 window_influence: 0.47276562941362354, penalty_k: 0.24758981378993863, scale_lr: 0.68458724585353081, EAO: 0.348
Trial 138 finished with value: 0.3484133564312634 and parameters: {'window_influence': 0.47276562941362354, 'penalty_k': 0.24758981378993863, 'scale_lr': 0.6845872458535308}. Best is trial 82 with value: 0.36745269532797403.
checkpoint_e36 window_influence: 0.47348952806548639, penalty_k: 0.26285394722804573, scale_lr: 0.69019804460576140, EAO: 0.330
Trial 139 finished with value: 0.33007273205523363 and parameters: {'window_influence': 0.4734895280654864, 'penalty_k': 0.2628539472280457, 'scale_lr': 0.6901980446057614}. Best is trial 82 with value: 0.36745269532797403.
checkpoint_e36 window_influence: 0.45585429514667664, penalty_k: 0.19428181259868429, scale_lr: 0.70724527347002797, EAO: 0.350
Trial 140 finished with value: 0.3501059648359796 and parameters: {'window_influence': 0.45585429514667664, 'penalty_k': 0.1942818125986843, 'scale_lr': 0.707245273470028}. Best is trial 82 with value: 0.36745269532797403.
checkpoint_e36 window_influence: 0.45747280622401415, penalty_k: 0.20245988718380006, scale_lr: 0.70469081073856776, EAO: 0.341
Trial 141 finished with value: 0.34115910251780707 and parameters: {'window_influence': 0.45747280622401415, 'penalty_k': 0.20245988718380006, 'scale_lr': 0.7046908107385678}. Best is trial 82 with value: 0.36745269532797403.
checkpoint_e36 window_influence: 0.43465618520980215, penalty_k: 0.17745820703715165, scale_lr: 0.71069267486287602, EAO: 0.327
Trial 142 finished with value: 0.3271486267505453 and parameters: {'window_influence': 0.43465618520980215, 'penalty_k': 0.17745820703715165, 'scale_lr': 0.710692674862876}. Best is trial 82 with value: 0.36745269532797403.
checkpoint_e36 window_influence: 0.46922632243731471, penalty_k: 0.22170403460126606, scale_lr: 0.65985390693551393, EAO: 0.354
Trial 143 finished with value: 0.3541223433463026 and parameters: {'window_influence': 0.4692263224373147, 'penalty_k': 0.22170403460126606, 'scale_lr': 0.6598539069355139}. Best is trial 82 with value: 0.36745269532797403.
checkpoint_e36 window_influence: 0.47083664229058392, penalty_k: 0.19602775586624072, scale_lr: 0.67482889812699731, EAO: 0.347
Trial 144 finished with value: 0.346704327410761 and parameters: {'window_influence': 0.4708366422905839, 'penalty_k': 0.19602775586624072, 'scale_lr': 0.6748288981269973}. Best is trial 82 with value: 0.36745269532797403.
checkpoint_e36 window_influence: 0.48563179163479098, penalty_k: 0.22160189361595151, scale_lr: 0.57105508896109125, EAO: 0.331
Trial 145 finished with value: 0.33075698004158555 and parameters: {'window_influence': 0.485631791634791, 'penalty_k': 0.2216018936159515, 'scale_lr': 0.5710550889610913}. Best is trial 82 with value: 0.36745269532797403.
checkpoint_e36 window_influence: 0.49993788850366983, penalty_k: 0.18885999046358887, scale_lr: 0.60289151580853206, EAO: 0.336
Trial 146 finished with value: 0.3356407230234332 and parameters: {'window_influence': 0.4999378885036698, 'penalty_k': 0.18885999046358887, 'scale_lr': 0.6028915158085321}. Best is trial 82 with value: 0.36745269532797403.
checkpoint_e36 window_influence: 0.45471351840814844, penalty_k: 0.20570454163422117, scale_lr: 0.71169198006559709, EAO: 0.339
Trial 147 finished with value: 0.3388371755176945 and parameters: {'window_influence': 0.45471351840814844, 'penalty_k': 0.20570454163422117, 'scale_lr': 0.7116919800655971}. Best is trial 82 with value: 0.36745269532797403.
checkpoint_e36 window_influence: 0.47795359587029418, penalty_k: 0.16769343710328660, scale_lr: 0.72816473832257700, EAO: 0.332
Trial 148 finished with value: 0.33202136954444855 and parameters: {'window_influence': 0.4779535958702942, 'penalty_k': 0.1676934371032866, 'scale_lr': 0.728164738322577}. Best is trial 82 with value: 0.36745269532797403.
checkpoint_e36 window_influence: 0.46556116949721377, penalty_k: 0.25104587911591741, scale_lr: 0.68465198433997854, EAO: 0.345
Trial 149 finished with value: 0.34450034188389317 and parameters: {'window_influence': 0.46556116949721377, 'penalty_k': 0.2510458791159174, 'scale_lr': 0.6846519843399785}. Best is trial 82 with value: 0.36745269532797403.
checkpoint_e36 window_influence: 0.42355447499693227, penalty_k: 0.22831481168133125, scale_lr: 0.58783909840979387, EAO: 0.343
Trial 150 finished with value: 0.34301274469854304 and parameters: {'window_influence': 0.4235544749969323, 'penalty_k': 0.22831481168133125, 'scale_lr': 0.5878390984097939}. Best is trial 82 with value: 0.36745269532797403.
checkpoint_e36 window_influence: 0.44193723647912475, penalty_k: 0.23675312918599756, scale_lr: 0.65137503182820056, EAO: 0.334
Trial 151 finished with value: 0.3342217143755479 and parameters: {'window_influence': 0.44193723647912475, 'penalty_k': 0.23675312918599756, 'scale_lr': 0.6513750318282006}. Best is trial 82 with value: 0.36745269532797403.
checkpoint_e36 window_influence: 0.45121198938371382, penalty_k: 0.28078714448517189, scale_lr: 0.66058363999114988, EAO: 0.329
Trial 152 finished with value: 0.3292379679614932 and parameters: {'window_influence': 0.4512119893837138, 'penalty_k': 0.2807871444851719, 'scale_lr': 0.6605836399911499}. Best is trial 82 with value: 0.36745269532797403.
checkpoint_e36 window_influence: 0.41027145956510391, penalty_k: 0.21132436622887898, scale_lr: 0.61973727681534552, EAO: 0.358
Trial 153 finished with value: 0.35806752051360874 and parameters: {'window_influence': 0.4102714595651039, 'penalty_k': 0.21132436622887898, 'scale_lr': 0.6197372768153455}. Best is trial 82 with value: 0.36745269532797403.
checkpoint_e36 window_influence: 0.40724856780499974, penalty_k: 0.21224236827047477, scale_lr: 0.61448144889007228, EAO: 0.327
Trial 154 finished with value: 0.32724062617186905 and parameters: {'window_influence': 0.40724856780499974, 'penalty_k': 0.21224236827047477, 'scale_lr': 0.6144814488900723}. Best is trial 82 with value: 0.36745269532797403.
checkpoint_e36 window_influence: 0.48828250144838387, penalty_k: 0.18028376682616903, scale_lr: 0.63029932788845422, EAO: 0.320
Trial 155 finished with value: 0.31987853974451813 and parameters: {'window_influence': 0.48828250144838387, 'penalty_k': 0.18028376682616903, 'scale_lr': 0.6302993278884542}. Best is trial 82 with value: 0.36745269532797403.
checkpoint_e36 window_influence: 0.46630843110535952, penalty_k: 0.22127057100073219, scale_lr: 0.54071994751201258, EAO: 0.336
Trial 156 finished with value: 0.33649518737997064 and parameters: {'window_influence': 0.4663084311053595, 'penalty_k': 0.2212705710007322, 'scale_lr': 0.5407199475120126}. Best is trial 82 with value: 0.36745269532797403.
checkpoint_e36 window_influence: 0.38651722957041751, penalty_k: 0.19333546112249186, scale_lr: 0.57727894777313737, EAO: 0.323
Trial 157 finished with value: 0.32345167167687694 and parameters: {'window_influence': 0.3865172295704175, 'penalty_k': 0.19333546112249186, 'scale_lr': 0.5772789477731374}. Best is trial 82 with value: 0.36745269532797403.
checkpoint_e36 window_influence: 0.42591704664498292, penalty_k: 0.20631975117776566, scale_lr: 0.59473706224282430, EAO: 0.343
Trial 158 finished with value: 0.34298850880058823 and parameters: {'window_influence': 0.4259170466449829, 'penalty_k': 0.20631975117776566, 'scale_lr': 0.5947370622428243}. Best is trial 82 with value: 0.36745269532797403.
checkpoint_e36 window_influence: 0.47626546344583931, penalty_k: 0.14519681642995635, scale_lr: 0.50796359847745542, EAO: 0.347
Trial 159 finished with value: 0.34673887908690637 and parameters: {'window_influence': 0.4762654634458393, 'penalty_k': 0.14519681642995635, 'scale_lr': 0.5079635984774554}. Best is trial 82 with value: 0.36745269532797403.
checkpoint_e36 window_influence: 0.45042056037264289, penalty_k: 0.15826183164101681, scale_lr: 0.61705445662927716, EAO: 0.349
Trial 160 finished with value: 0.34899775202636124 and parameters: {'window_influence': 0.4504205603726429, 'penalty_k': 0.15826183164101681, 'scale_lr': 0.6170544566292772}. Best is trial 82 with value: 0.36745269532797403.
checkpoint_e36 window_influence: 0.45122680233393309, penalty_k: 0.15790817307744073, scale_lr: 0.61769614149269669, EAO: 0.344
Trial 161 finished with value: 0.34374609844693876 and parameters: {'window_influence': 0.4512268023339331, 'penalty_k': 0.15790817307744073, 'scale_lr': 0.6176961414926967}. Best is trial 82 with value: 0.36745269532797403.
checkpoint_e36 window_influence: 0.46060230372247368, penalty_k: 0.13315575488209158, scale_lr: 0.63802281390748072, EAO: 0.332
Trial 162 finished with value: 0.3318457823783043 and parameters: {'window_influence': 0.4606023037224737, 'penalty_k': 0.13315575488209158, 'scale_lr': 0.6380228139074807}. Best is trial 82 with value: 0.36745269532797403.
checkpoint_e36 window_influence: 0.41487509615655682, penalty_k: 0.16869694071165880, scale_lr: 0.61035575036285816, EAO: 0.328
Trial 163 finished with value: 0.32760755590195784 and parameters: {'window_influence': 0.4148750961565568, 'penalty_k': 0.1686969407116588, 'scale_lr': 0.6103557503628582}. Best is trial 82 with value: 0.36745269532797403.
checkpoint_e36 window_influence: 0.49862091078232545, penalty_k: 0.18842942184943298, scale_lr: 0.55994803364964207, EAO: 0.325
Trial 164 finished with value: 0.32495552811641176 and parameters: {'window_influence': 0.49862091078232545, 'penalty_k': 0.18842942184943298, 'scale_lr': 0.5599480336496421}. Best is trial 82 with value: 0.36745269532797403.
checkpoint_e36 window_influence: 0.43951179704454268, penalty_k: 0.17659853097952152, scale_lr: 0.66213779324144784, EAO: 0.316
Trial 165 finished with value: 0.3164151809558794 and parameters: {'window_influence': 0.4395117970445427, 'penalty_k': 0.17659853097952152, 'scale_lr': 0.6621377932414478}. Best is trial 82 with value: 0.36745269532797403.
checkpoint_e36 window_influence: 0.48488460622791313, penalty_k: 0.20169329322807261, scale_lr: 0.59954383369439679, EAO: 0.334
Trial 166 finished with value: 0.3337485162896405 and parameters: {'window_influence': 0.48488460622791313, 'penalty_k': 0.2016932932280726, 'scale_lr': 0.5995438336943968}. Best is trial 82 with value: 0.36745269532797403.
checkpoint_e36 window_influence: 0.46899296848261857, penalty_k: 0.21606514083773307, scale_lr: 0.58375628586925810, EAO: 0.338
Trial 167 finished with value: 0.3381574255947009 and parameters: {'window_influence': 0.46899296848261857, 'penalty_k': 0.21606514083773307, 'scale_lr': 0.5837562858692581}. Best is trial 82 with value: 0.36745269532797403.
checkpoint_e36 window_influence: 0.44814317179784385, penalty_k: 0.15094301788404055, scale_lr: 0.62877303350413127, EAO: 0.333
Trial 168 finished with value: 0.33252590256906206 and parameters: {'window_influence': 0.44814317179784385, 'penalty_k': 0.15094301788404055, 'scale_lr': 0.6287730335041313}. Best is trial 82 with value: 0.36745269532797403.
checkpoint_e36 window_influence: 0.51186705519413633, penalty_k: 0.22879535792438407, scale_lr: 0.55005314110595982, EAO: 0.336
Trial 169 finished with value: 0.33597140912879764 and parameters: {'window_influence': 0.5118670551941363, 'penalty_k': 0.22879535792438407, 'scale_lr': 0.5500531411059598}. Best is trial 82 with value: 0.36745269532797403.
checkpoint_e36 window_influence: 0.42797419756540267, penalty_k: 0.32695384190985993, scale_lr: 0.64724969323238468, EAO: 0.332
Trial 170 finished with value: 0.3317279135554681 and parameters: {'window_influence': 0.42797419756540267, 'penalty_k': 0.32695384190985993, 'scale_lr': 0.6472496932323847}. Best is trial 82 with value: 0.36745269532797403.
checkpoint_e36 window_influence: 0.44366558052505517, penalty_k: 0.23550023747813270, scale_lr: 0.67858265378398464, EAO: 0.352
Trial 171 finished with value: 0.3518507623255021 and parameters: {'window_influence': 0.44366558052505517, 'penalty_k': 0.2355002374781327, 'scale_lr': 0.6785826537839846}. Best is trial 82 with value: 0.36745269532797403.
checkpoint_e36 window_influence: 0.45899693759772681, penalty_k: 0.23609341592873356, scale_lr: 0.68810126000801508, EAO: 0.346
Trial 172 finished with value: 0.3463155083387278 and parameters: {'window_influence': 0.4589969375977268, 'penalty_k': 0.23609341592873356, 'scale_lr': 0.6881012600080151}. Best is trial 82 with value: 0.36745269532797403.
checkpoint_e36 window_influence: 0.47574353591664359, penalty_k: 0.25065861741614881, scale_lr: 0.67364630989487395, EAO: 0.346
Trial 173 finished with value: 0.34578300925544264 and parameters: {'window_influence': 0.4757435359166436, 'penalty_k': 0.2506586174161488, 'scale_lr': 0.673646309894874}. Best is trial 82 with value: 0.36745269532797403.
checkpoint_e36 window_influence: 0.43923026131215981, penalty_k: 0.21325984669973985, scale_lr: 0.57172270796648272, EAO: 0.346
Trial 174 finished with value: 0.3459281457537343 and parameters: {'window_influence': 0.4392302613121598, 'penalty_k': 0.21325984669973985, 'scale_lr': 0.5717227079664827}. Best is trial 82 with value: 0.36745269532797403.
checkpoint_e36 window_influence: 0.48753292264388898, penalty_k: 0.19864182485716220, scale_lr: 0.61624972898299246, EAO: 0.352
Trial 175 finished with value: 0.35180231940421614 and parameters: {'window_influence': 0.487532922643889, 'penalty_k': 0.1986418248571622, 'scale_lr': 0.6162497289829925}. Best is trial 82 with value: 0.36745269532797403.
checkpoint_e36 window_influence: 0.36615789976000812, penalty_k: 0.18973475606022727, scale_lr: 0.62547358589255986, EAO: 0.315
Trial 176 finished with value: 0.3152010956279035 and parameters: {'window_influence': 0.3661578997600081, 'penalty_k': 0.18973475606022727, 'scale_lr': 0.6254735858925599}. Best is trial 82 with value: 0.36745269532797403.
checkpoint_e36 window_influence: 0.45858661623227903, penalty_k: 0.16178900608088670, scale_lr: 0.60660518556416287, EAO: 0.361
Trial 177 finished with value: 0.36146707722649035 and parameters: {'window_influence': 0.45858661623227903, 'penalty_k': 0.1617890060808867, 'scale_lr': 0.6066051855641629}. Best is trial 82 with value: 0.36745269532797403.
checkpoint_e36 window_influence: 0.40368302095935499, penalty_k: 0.16474681154076620, scale_lr: 0.60968346222320258, EAO: 0.335
Trial 178 finished with value: 0.33545316552837534 and parameters: {'window_influence': 0.403683020959355, 'penalty_k': 0.1647468115407662, 'scale_lr': 0.6096834622232026}. Best is trial 82 with value: 0.36745269532797403.
checkpoint_e36 window_influence: 0.44708949588719876, penalty_k: 0.17455737944488553, scale_lr: 0.59499272396700764, EAO: 0.342
Trial 179 finished with value: 0.3415022953938881 and parameters: {'window_influence': 0.44708949588719876, 'penalty_k': 0.17455737944488553, 'scale_lr': 0.5949927239670076}. Best is trial 82 with value: 0.36745269532797403.
checkpoint_e36 window_influence: 0.45983834544173147, penalty_k: 0.13350604146029404, scale_lr: 0.63747540203104758, EAO: 0.338
Trial 180 finished with value: 0.33786528247339714 and parameters: {'window_influence': 0.45983834544173147, 'penalty_k': 0.13350604146029404, 'scale_lr': 0.6374754020310476}. Best is trial 82 with value: 0.36745269532797403.
checkpoint_e36 window_influence: 0.48132849161542512, penalty_k: 0.18460455532590811, scale_lr: 0.61939679271639281, EAO: 0.332
Trial 181 finished with value: 0.3324449755802229 and parameters: {'window_influence': 0.4813284916154251, 'penalty_k': 0.1846045553259081, 'scale_lr': 0.6193967927163928}. Best is trial 82 with value: 0.36745269532797403.
checkpoint_e36 window_influence: 0.46784311932346750, penalty_k: 0.19932115148888685, scale_lr: 0.65247870365960314, EAO: 0.322
Trial 182 finished with value: 0.321511486219061 and parameters: {'window_influence': 0.4678431193234675, 'penalty_k': 0.19932115148888685, 'scale_lr': 0.6524787036596031}. Best is trial 82 with value: 0.36745269532797403.
checkpoint_e36 window_influence: 0.48743267381365135, penalty_k: 0.21191792884215502, scale_lr: 0.60727000630690930, EAO: 0.338
Trial 183 finished with value: 0.33801514165410734 and parameters: {'window_influence': 0.48743267381365135, 'penalty_k': 0.21191792884215502, 'scale_lr': 0.6072700063069093}. Best is trial 82 with value: 0.36745269532797403.
checkpoint_e36 window_influence: 0.45425650488610803, penalty_k: 0.19888721660206027, scale_lr: 0.58678809713757685, EAO: 0.352
Trial 184 finished with value: 0.351610841106348 and parameters: {'window_influence': 0.454256504886108, 'penalty_k': 0.19888721660206027, 'scale_lr': 0.5867880971375768}. Best is trial 82 with value: 0.36745269532797403.
checkpoint_e36 window_influence: 0.43223803257303334, penalty_k: 0.15551829472876003, scale_lr: 0.59308307980224229, EAO: 0.325
Trial 185 finished with value: 0.3252513952524282 and parameters: {'window_influence': 0.43223803257303334, 'penalty_k': 0.15551829472876003, 'scale_lr': 0.5930830798022423}. Best is trial 82 with value: 0.36745269532797403.
checkpoint_e36 window_influence: 0.45876561303321822, penalty_k: 0.17951430683973679, scale_lr: 0.58508225777494738, EAO: 0.330
