Trial 1177 finished with value: 0.31638356254722355 and parameters: {'window_influence': 0.5306312456266978, 'penalty_k': 0.010690382737966913, 'scale_lr': 0.5349659359109983}. Best is trial 877 with value: 0.36080633677861107.
checkpoint_e22 window_influence: 0.33818357016857237, penalty_k: 0.02569568611391253, scale_lr: 0.49054942706410498, EAO: 0.324
Trial 1178 finished with value: 0.324297676116576 and parameters: {'window_influence': 0.33818357016857237, 'penalty_k': 0.025695686113912528, 'scale_lr': 0.490549427064105}. Best is trial 877 with value: 0.36080633677861107.
checkpoint_e22 window_influence: 0.22786083879912963, penalty_k: 0.00511808125338047, scale_lr: 0.50145762925574000, EAO: 0.276
Trial 1179 finished with value: 0.27600169274593606 and parameters: {'window_influence': 0.22786083879912963, 'penalty_k': 0.005118081253380471, 'scale_lr': 0.50145762925574}. Best is trial 877 with value: 0.36080633677861107.
checkpoint_e22 window_influence: 0.48992453616065557, penalty_k: 0.02383892399121650, scale_lr: 0.53894600869220222, EAO: 0.340
Trial 1180 finished with value: 0.34008238519676 and parameters: {'window_influence': 0.48992453616065557, 'penalty_k': 0.023838923991216503, 'scale_lr': 0.5389460086922022}. Best is trial 877 with value: 0.36080633677861107.
checkpoint_e22 window_influence: 0.32303515686723816, penalty_k: 0.00770426065381080, scale_lr: 0.34498013163099928, EAO: 0.300
Trial 1181 finished with value: 0.30024224142851996 and parameters: {'window_influence': 0.32303515686723816, 'penalty_k': 0.007704260653810802, 'scale_lr': 0.3449801316309993}. Best is trial 877 with value: 0.36080633677861107.
checkpoint_e22 window_influence: 0.49734617877678428, penalty_k: 0.02845699733517887, scale_lr: 0.50098039344793877, EAO: 0.323
Trial 1182 finished with value: 0.3234974936172656 and parameters: {'window_influence': 0.4973461787767843, 'penalty_k': 0.028456997335178872, 'scale_lr': 0.5009803934479388}. Best is trial 877 with value: 0.36080633677861107.
checkpoint_e22 window_influence: 0.10888956817278977, penalty_k: 0.00137656695542747, scale_lr: 0.59546144187858185, EAO: 0.278
Trial 1183 finished with value: 0.2780995340546745 and parameters: {'window_influence': 0.10888956817278977, 'penalty_k': 0.0013765669554274694, 'scale_lr': 0.5954614418785819}. Best is trial 877 with value: 0.36080633677861107.
checkpoint_e22 window_influence: 0.07766056151123663, penalty_k: 0.00029857089869176, scale_lr: 0.51610776684622273, EAO: 0.248
Trial 1184 finished with value: 0.24824263886023124 and parameters: {'window_influence': 0.07766056151123663, 'penalty_k': 0.00029857089869175617, 'scale_lr': 0.5161077668462227}. Best is trial 877 with value: 0.36080633677861107.
checkpoint_e22 window_influence: 0.48349805991664946, penalty_k: 0.47789889354374449, scale_lr: 0.52076361968233131, EAO: 0.303
Trial 1185 finished with value: 0.30265619695650464 and parameters: {'window_influence': 0.48349805991664946, 'penalty_k': 0.4778988935437445, 'scale_lr': 0.5207636196823313}. Best is trial 877 with value: 0.36080633677861107.
checkpoint_e22 window_influence: 0.57404977302699689, penalty_k: 0.01351639188492456, scale_lr: 0.53910383015264163, EAO: 0.278
Trial 1186 finished with value: 0.27833585099023606 and parameters: {'window_influence': 0.5740497730269969, 'penalty_k': 0.013516391884924556, 'scale_lr': 0.5391038301526416}. Best is trial 877 with value: 0.36080633677861107.
checkpoint_e22 window_influence: 0.50581937036855906, penalty_k: 0.03432599733678336, scale_lr: 0.46912667008579634, EAO: 0.342
Trial 1187 finished with value: 0.3421948118432487 and parameters: {'window_influence': 0.5058193703685591, 'penalty_k': 0.034325997336783355, 'scale_lr': 0.46912667008579634}. Best is trial 877 with value: 0.36080633677861107.
checkpoint_e22 window_influence: 0.52613639046337113, penalty_k: 0.20240858138982878, scale_lr: 0.47245604525968088, EAO: 0.294
Trial 1188 finished with value: 0.2937943539382883 and parameters: {'window_influence': 0.5261363904633711, 'penalty_k': 0.20240858138982878, 'scale_lr': 0.4724560452596809}. Best is trial 877 with value: 0.36080633677861107.
checkpoint_e22 window_influence: 0.48391105855120342, penalty_k: 0.14129525289616929, scale_lr: 0.53275881755719534, EAO: 0.324
Trial 1189 finished with value: 0.3240584504395607 and parameters: {'window_influence': 0.4839110585512034, 'penalty_k': 0.1412952528961693, 'scale_lr': 0.5327588175571953}. Best is trial 877 with value: 0.36080633677861107.
checkpoint_e22 window_influence: 0.51335338537605912, penalty_k: 0.02155126267812764, scale_lr: 0.48794501841743393, EAO: 0.323
Trial 1190 finished with value: 0.32270538621375533 and parameters: {'window_influence': 0.5133533853760591, 'penalty_k': 0.02155126267812764, 'scale_lr': 0.48794501841743393}. Best is trial 877 with value: 0.36080633677861107.
checkpoint_e22 window_influence: 0.26786228703797282, penalty_k: 0.22326252488402340, scale_lr: 0.54087381290315228, EAO: 0.280
Trial 1191 finished with value: 0.27977182255180894 and parameters: {'window_influence': 0.2678622870379728, 'penalty_k': 0.2232625248840234, 'scale_lr': 0.5408738129031523}. Best is trial 877 with value: 0.36080633677861107.
checkpoint_e22 window_influence: 0.30562262701904275, penalty_k: 0.01150676724898089, scale_lr: 0.55613235781041526, EAO: 0.283
Trial 1192 finished with value: 0.2830473052968311 and parameters: {'window_influence': 0.30562262701904275, 'penalty_k': 0.011506767248980887, 'scale_lr': 0.5561323578104153}. Best is trial 877 with value: 0.36080633677861107.
checkpoint_e22 window_influence: 0.10115347571138711, penalty_k: 0.27978492187293807, scale_lr: 0.49730162461285121, EAO: 0.239
Trial 1193 finished with value: 0.2388668059143111 and parameters: {'window_influence': 0.10115347571138711, 'penalty_k': 0.2797849218729381, 'scale_lr': 0.4973016246128512}. Best is trial 877 with value: 0.36080633677861107.
checkpoint_e22 window_influence: 0.53928187406385764, penalty_k: 0.31199617169794724, scale_lr: 0.58553553218184307, EAO: 0.284
Trial 1194 finished with value: 0.28401224970353717 and parameters: {'window_influence': 0.5392818740638576, 'penalty_k': 0.31199617169794724, 'scale_lr': 0.5855355321818431}. Best is trial 877 with value: 0.36080633677861107.
checkpoint_e22 window_influence: 0.19411506681055993, penalty_k: 0.21292103115929772, scale_lr: 0.31806907933402034, EAO: 0.260
Trial 1195 finished with value: 0.26024590855906443 and parameters: {'window_influence': 0.19411506681055993, 'penalty_k': 0.21292103115929772, 'scale_lr': 0.31806907933402034}. Best is trial 877 with value: 0.36080633677861107.
checkpoint_e22 window_influence: 0.49356835407592509, penalty_k: 0.12966733700448771, scale_lr: 0.61661485027808927, EAO: 0.326
Trial 1196 finished with value: 0.3261913417146364 and parameters: {'window_influence': 0.4935683540759251, 'penalty_k': 0.1296673370044877, 'scale_lr': 0.6166148502780893}. Best is trial 877 with value: 0.36080633677861107.
checkpoint_e22 window_influence: 0.38261214646784036, penalty_k: 0.18896761956414068, scale_lr: 0.52020594496537964, EAO: 0.322
Trial 1197 finished with value: 0.32176127090528317 and parameters: {'window_influence': 0.38261214646784036, 'penalty_k': 0.18896761956414068, 'scale_lr': 0.5202059449653796}. Best is trial 877 with value: 0.36080633677861107.
checkpoint_e22 window_influence: 0.48244129910662675, penalty_k: 0.15130377703160583, scale_lr: 0.55257763559623307, EAO: 0.305
Trial 1198 finished with value: 0.3049492211541313 and parameters: {'window_influence': 0.48244129910662675, 'penalty_k': 0.15130377703160583, 'scale_lr': 0.5525776355962331}. Best is trial 877 with value: 0.36080633677861107.
checkpoint_e22 window_influence: 0.50111976841586880, penalty_k: 0.03427620633492282, scale_lr: 0.57863708886451126, EAO: 0.318
Trial 1199 finished with value: 0.31819021701812744 and parameters: {'window_influence': 0.5011197684158688, 'penalty_k': 0.03427620633492282, 'scale_lr': 0.5786370888645113}. Best is trial 877 with value: 0.36080633677861107.
checkpoint_e22 window_influence: 0.40390793223181609, penalty_k: 0.00089551335668980, scale_lr: 0.45973059601454902, EAO: 0.326
Trial 1200 finished with value: 0.3260569315012327 and parameters: {'window_influence': 0.4039079322318161, 'penalty_k': 0.0008955133566897982, 'scale_lr': 0.459730596014549}. Best is trial 877 with value: 0.36080633677861107.
checkpoint_e22 window_influence: 0.17629537879694429, penalty_k: 0.38863740947258141, scale_lr: 0.52367613289853487, EAO: 0.247
Trial 1201 finished with value: 0.24709813244611836 and parameters: {'window_influence': 0.1762953787969443, 'penalty_k': 0.3886374094725814, 'scale_lr': 0.5236761328985349}. Best is trial 877 with value: 0.36080633677861107.
checkpoint_e22 window_influence: 0.17106118854511748, penalty_k: 0.11803554027611082, scale_lr: 0.24794969441065759, EAO: 0.268
Trial 1202 finished with value: 0.2680419586048052 and parameters: {'window_influence': 0.17106118854511748, 'penalty_k': 0.11803554027611082, 'scale_lr': 0.2479496944106576}. Best is trial 877 with value: 0.36080633677861107.
checkpoint_e22 window_influence: 0.47397670528726760, penalty_k: 0.02213082917526630, scale_lr: 0.33565691233552492, EAO: 0.325
Trial 1203 finished with value: 0.3254757289872559 and parameters: {'window_influence': 0.4739767052872676, 'penalty_k': 0.022130829175266296, 'scale_lr': 0.3356569123355249}. Best is trial 877 with value: 0.36080633677861107.
checkpoint_e22 window_influence: 0.42267527280778006, penalty_k: 0.00070545379844827, scale_lr: 0.78409045547665479, EAO: 0.336
Trial 1204 finished with value: 0.33631536503710174 and parameters: {'window_influence': 0.42267527280778006, 'penalty_k': 0.0007054537984482663, 'scale_lr': 0.7840904554766548}. Best is trial 877 with value: 0.36080633677861107.
checkpoint_e22 window_influence: 0.08448774635866785, penalty_k: 0.52773135591648346, scale_lr: 0.27172008866038305, EAO: 0.212
Trial 1205 finished with value: 0.21209597407843817 and parameters: {'window_influence': 0.08448774635866785, 'penalty_k': 0.5277313559164835, 'scale_lr': 0.27172008866038305}. Best is trial 877 with value: 0.36080633677861107.
checkpoint_e22 window_influence: 0.37997526065343024, penalty_k: 0.11015433235428135, scale_lr: 0.35988470416532709, EAO: 0.300
Trial 1206 finished with value: 0.3002379807400796 and parameters: {'window_influence': 0.37997526065343024, 'penalty_k': 0.11015433235428135, 'scale_lr': 0.3598847041653271}. Best is trial 877 with value: 0.36080633677861107.
checkpoint_e22 window_influence: 0.49272067504096190, penalty_k: 0.13843883753048347, scale_lr: 0.76805213177235099, EAO: 0.313
Trial 1207 finished with value: 0.3127321630484399 and parameters: {'window_influence': 0.4927206750409619, 'penalty_k': 0.13843883753048347, 'scale_lr': 0.768052131772351}. Best is trial 877 with value: 0.36080633677861107.
checkpoint_e22 window_influence: 0.51623571239902444, penalty_k: 0.26526766537185997, scale_lr: 0.48129007459352025, EAO: 0.309
Trial 1208 finished with value: 0.3092997895720404 and parameters: {'window_influence': 0.5162357123990244, 'penalty_k': 0.26526766537186, 'scale_lr': 0.48129007459352025}. Best is trial 877 with value: 0.36080633677861107.
checkpoint_e22 window_influence: 0.08386768687305840, penalty_k: 0.16302302153350468, scale_lr: 0.32686564415112129, EAO: 0.254
Trial 1209 finished with value: 0.2544529349887417 and parameters: {'window_influence': 0.0838676868730584, 'penalty_k': 0.16302302153350468, 'scale_lr': 0.3268656441511213}. Best is trial 877 with value: 0.36080633677861107.
checkpoint_e22 window_influence: 0.28199467809694184, penalty_k: 0.12874999563213951, scale_lr: 0.50547403966730087, EAO: 0.266
Trial 1210 finished with value: 0.26637670768837984 and parameters: {'window_influence': 0.28199467809694184, 'penalty_k': 0.1287499956321395, 'scale_lr': 0.5054740396673009}. Best is trial 877 with value: 0.36080633677861107.
checkpoint_e22 window_influence: 0.63546612972489214, penalty_k: 0.17970521141658305, scale_lr: 0.45064741216117993, EAO: 0.239
Trial 1211 finished with value: 0.23909501377710574 and parameters: {'window_influence': 0.6354661297248921, 'penalty_k': 0.17970521141658305, 'scale_lr': 0.4506474121611799}. Best is trial 877 with value: 0.36080633677861107.
checkpoint_e22 window_influence: 0.47692733619485711, penalty_k: 0.23526213915685812, scale_lr: 0.31184800392134376, EAO: 0.309
Trial 1212 finished with value: 0.3090155841891404 and parameters: {'window_influence': 0.4769273361948571, 'penalty_k': 0.23526213915685812, 'scale_lr': 0.31184800392134376}. Best is trial 877 with value: 0.36080633677861107.
checkpoint_e22 window_influence: 0.07193517876385991, penalty_k: 0.01378592414249100, scale_lr: 0.57017080850723312, EAO: 0.257
Trial 1213 finished with value: 0.2571659304404537 and parameters: {'window_influence': 0.07193517876385991, 'penalty_k': 0.013785924142491003, 'scale_lr': 0.5701708085072331}. Best is trial 877 with value: 0.36080633677861107.
checkpoint_e22 window_influence: 0.36260567611955885, penalty_k: 0.25304942223487437, scale_lr: 0.73137902960283063, EAO: 0.290
Trial 1214 finished with value: 0.29026366665901376 and parameters: {'window_influence': 0.36260567611955885, 'penalty_k': 0.25304942223487437, 'scale_lr': 0.7313790296028306}. Best is trial 877 with value: 0.36080633677861107.
checkpoint_e22 window_influence: 0.48706247071140585, penalty_k: 0.11189775989027705, scale_lr: 0.34962022525869008, EAO: 0.320
Trial 1215 finished with value: 0.31953016468523077 and parameters: {'window_influence': 0.48706247071140585, 'penalty_k': 0.11189775989027705, 'scale_lr': 0.3496202252586901}. Best is trial 877 with value: 0.36080633677861107.
checkpoint_e22 window_influence: 0.13226232272817157, penalty_k: 0.04521870390728758, scale_lr: 0.54650930123461272, EAO: 0.270
Trial 1216 finished with value: 0.2703211192722914 and parameters: {'window_influence': 0.13226232272817157, 'penalty_k': 0.045218703907287584, 'scale_lr': 0.5465093012346127}. Best is trial 877 with value: 0.36080633677861107.
checkpoint_e22 window_influence: 0.50109010198936010, penalty_k: 0.58893084291785525, scale_lr: 0.27967688850030326, EAO: 0.274
Trial 1217 finished with value: 0.2737429613385219 and parameters: {'window_influence': 0.5010901019893601, 'penalty_k': 0.5889308429178552, 'scale_lr': 0.27967688850030326}. Best is trial 877 with value: 0.36080633677861107.
checkpoint_e22 window_influence: 0.47051054457657271, penalty_k: 0.35116238745745754, scale_lr: 0.29640883494147685, EAO: 0.305
Trial 1218 finished with value: 0.3051364873517812 and parameters: {'window_influence': 0.4705105445765727, 'penalty_k': 0.35116238745745754, 'scale_lr': 0.29640883494147685}. Best is trial 877 with value: 0.36080633677861107.
checkpoint_e22 window_influence: 0.44303297591252966, penalty_k: 0.03198469494573584, scale_lr: 0.62207198245451578, EAO: 0.325
Trial 1219 finished with value: 0.32492211321912384 and parameters: {'window_influence': 0.44303297591252966, 'penalty_k': 0.03198469494573584, 'scale_lr': 0.6220719824545158}. Best is trial 877 with value: 0.36080633677861107.
checkpoint_e22 window_influence: 0.34730876952145195, penalty_k: 0.00032500526418189, scale_lr: 0.33162039741137533, EAO: 0.298
Trial 1220 finished with value: 0.29755562219174453 and parameters: {'window_influence': 0.34730876952145195, 'penalty_k': 0.000325005264181889, 'scale_lr': 0.33162039741137533}. Best is trial 877 with value: 0.36080633677861107.
checkpoint_e22 window_influence: 0.52768904866316113, penalty_k: 0.12350851412202150, scale_lr: 0.68143557639502761, EAO: 0.292
Trial 1221 finished with value: 0.29174878561311196 and parameters: {'window_influence': 0.5276890486631611, 'penalty_k': 0.1235085141220215, 'scale_lr': 0.6814355763950276}. Best is trial 877 with value: 0.36080633677861107.
checkpoint_e22 window_influence: 0.55368198547384551, penalty_k: 0.50413611592247443, scale_lr: 0.36311506461381343, EAO: 0.257
Trial 1222 finished with value: 0.25672504334830126 and parameters: {'window_influence': 0.5536819854738455, 'penalty_k': 0.5041361159224744, 'scale_lr': 0.36311506461381343}. Best is trial 877 with value: 0.36080633677861107.
checkpoint_e22 window_influence: 0.59919893490127463, penalty_k: 0.42102058823340166, scale_lr: 0.25976055711181550, EAO: 0.243
Trial 1223 finished with value: 0.2434104645066688 and parameters: {'window_influence': 0.5991989349012746, 'penalty_k': 0.42102058823340166, 'scale_lr': 0.2597605571118155}. Best is trial 877 with value: 0.36080633677861107.
checkpoint_e22 window_influence: 0.50885762849557370, penalty_k: 0.14900914338138882, scale_lr: 0.52737754129560810, EAO: 0.325
Trial 1224 finished with value: 0.3248152534553513 and parameters: {'window_influence': 0.5088576284955737, 'penalty_k': 0.14900914338138882, 'scale_lr': 0.5273775412956081}. Best is trial 877 with value: 0.36080633677861107.
checkpoint_e22 window_influence: 0.47921569293831284, penalty_k: 0.01309511113815862, scale_lr: 0.60423287670849934, EAO: 0.338
Trial 1225 finished with value: 0.3380417749575604 and parameters: {'window_influence': 0.47921569293831284, 'penalty_k': 0.013095111138158621, 'scale_lr': 0.6042328767084993}. Best is trial 877 with value: 0.36080633677861107.
checkpoint_e22 window_influence: 0.62531656154770388, penalty_k: 0.42500015489351006, scale_lr: 0.49892573539526858, EAO: 0.223
Trial 1226 finished with value: 0.22294697432202587 and parameters: {'window_influence': 0.6253165615477039, 'penalty_k': 0.42500015489351006, 'scale_lr': 0.4989257353952686}. Best is trial 877 with value: 0.36080633677861107.
checkpoint_e22 window_influence: 0.46190024999106277, penalty_k: 0.10453325458467344, scale_lr: 0.58556236051999233, EAO: 0.332
Trial 1227 finished with value: 0.3323552319743754 and parameters: {'window_influence': 0.4619002499910628, 'penalty_k': 0.10453325458467344, 'scale_lr': 0.5855623605199923}. Best is trial 877 with value: 0.36080633677861107.
checkpoint_e22 window_influence: 0.49580480868276583, penalty_k: 0.28533029498246015, scale_lr: 0.30574814976587644, EAO: 0.306
Trial 1228 finished with value: 0.3055620829534902 and parameters: {'window_influence': 0.49580480868276583, 'penalty_k': 0.28533029498246015, 'scale_lr': 0.30574814976587644}. Best is trial 877 with value: 0.36080633677861107.
checkpoint_e22 window_influence: 0.24582883648093901, penalty_k: 0.02462620832017515, scale_lr: 0.63438237596832248, EAO: 0.268
Trial 1229 finished with value: 0.26759967033965115 and parameters: {'window_influence': 0.245828836480939, 'penalty_k': 0.02462620832017515, 'scale_lr': 0.6343823759683225}. Best is trial 877 with value: 0.36080633677861107.
checkpoint_e22 window_influence: 0.48795433423817902, penalty_k: 0.36025335991155616, scale_lr: 0.34852653190392430, EAO: 0.302
Trial 1230 finished with value: 0.302200342836547 and parameters: {'window_influence': 0.487954334238179, 'penalty_k': 0.36025335991155616, 'scale_lr': 0.3485265319039243}. Best is trial 877 with value: 0.36080633677861107.
checkpoint_e22 window_influence: 0.60557259692135035, penalty_k: 0.11872277331887149, scale_lr: 0.75301302705934392, EAO: 0.254
Trial 1231 finished with value: 0.2539540894532482 and parameters: {'window_influence': 0.6055725969213503, 'penalty_k': 0.11872277331887149, 'scale_lr': 0.7530130270593439}. Best is trial 877 with value: 0.36080633677861107.
checkpoint_e22 window_influence: 0.29741261125107221, penalty_k: 0.33387944915787232, scale_lr: 0.44215200853739595, EAO: 0.291
Trial 1232 finished with value: 0.29139221074052357 and parameters: {'window_influence': 0.2974126112510722, 'penalty_k': 0.3338794491578723, 'scale_lr': 0.44215200853739595}. Best is trial 877 with value: 0.36080633677861107.
checkpoint_e22 window_influence: 0.54198398149416593, penalty_k: 0.31976070854598942, scale_lr: 0.70572256315905990, EAO: 0.275
Trial 1233 finished with value: 0.27548315941359747 and parameters: {'window_influence': 0.5419839814941659, 'penalty_k': 0.3197607085459894, 'scale_lr': 0.7057225631590599}. Best is trial 877 with value: 0.36080633677861107.
checkpoint_e22 window_influence: 0.21949689137345851, penalty_k: 0.51613531320856976, scale_lr: 0.31826642450778125, EAO: 0.260
Trial 1234 finished with value: 0.2602754483427055 and parameters: {'window_influence': 0.2194968913734585, 'penalty_k': 0.5161353132085698, 'scale_lr': 0.31826642450778125}. Best is trial 877 with value: 0.36080633677861107.
checkpoint_e22 window_influence: 0.55781300952562285, penalty_k: 0.10040901783625214, scale_lr: 0.56984449270153870, EAO: 0.298
Trial 1235 finished with value: 0.2978427435637448 and parameters: {'window_influence': 0.5578130095256228, 'penalty_k': 0.10040901783625214, 'scale_lr': 0.5698444927015387}. Best is trial 877 with value: 0.36080633677861107.
checkpoint_e22 window_influence: 0.45462064853314954, penalty_k: 0.01253382770931048, scale_lr: 0.47494087990635431, EAO: 0.344
Trial 1236 finished with value: 0.3442385581680773 and parameters: {'window_influence': 0.45462064853314954, 'penalty_k': 0.01253382770931048, 'scale_lr': 0.4749408799063543}. Best is trial 877 with value: 0.36080633677861107.
checkpoint_e22 window_influence: 0.43074908906785442, penalty_k: 0.11103231631027331, scale_lr: 0.28541313329987794, EAO: 0.326
Trial 1237 finished with value: 0.3256881692182229 and parameters: {'window_influence': 0.4307490890678544, 'penalty_k': 0.11103231631027331, 'scale_lr': 0.28541313329987794}. Best is trial 877 with value: 0.36080633677861107.
checkpoint_e22 window_influence: 0.57180777190907150, penalty_k: 0.40824515690115754, scale_lr: 0.54800904440619347, EAO: 0.252
