Trial 571 finished with value: 0.31920854341427174 and parameters: {'window_influence': 0.4816363962336989, 'penalty_k': 0.2494079926771826, 'scale_lr': 0.3824486610353266}. Best is trial 330 with value: 0.36352008859471124.
checkpoint_e31 window_influence: 0.26650632699998250, penalty_k: 0.30574155954583238, scale_lr: 0.17069555203404949, EAO: 0.277
Trial 572 finished with value: 0.27664492166227866 and parameters: {'window_influence': 0.2665063269999825, 'penalty_k': 0.3057415595458324, 'scale_lr': 0.17069555203404949}. Best is trial 330 with value: 0.36352008859471124.
checkpoint_e31 window_influence: 0.19084600509183458, penalty_k: 0.44744100210349719, scale_lr: 0.46709740757113205, EAO: 0.258
Trial 573 finished with value: 0.25780797752656825 and parameters: {'window_influence': 0.19084600509183458, 'penalty_k': 0.4474410021034972, 'scale_lr': 0.46709740757113205}. Best is trial 330 with value: 0.36352008859471124.
checkpoint_e31 window_influence: 0.49907797602016069, penalty_k: 0.05402472145380081, scale_lr: 0.11236389843500738, EAO: 0.358
Trial 574 finished with value: 0.3582330619778615 and parameters: {'window_influence': 0.4990779760201607, 'penalty_k': 0.05402472145380081, 'scale_lr': 0.11236389843500738}. Best is trial 330 with value: 0.36352008859471124.
checkpoint_e31 window_influence: 0.50065473147185435, penalty_k: 0.06892202991284820, scale_lr: 0.10890279825432624, EAO: 0.350
Trial 575 finished with value: 0.349599444796603 and parameters: {'window_influence': 0.5006547314718544, 'penalty_k': 0.0689220299128482, 'scale_lr': 0.10890279825432624}. Best is trial 330 with value: 0.36352008859471124.
checkpoint_e31 window_influence: 0.50277432762034380, penalty_k: 0.08109783570952675, scale_lr: 0.11664366577450978, EAO: 0.352
Trial 576 finished with value: 0.35229139174932633 and parameters: {'window_influence': 0.5027743276203438, 'penalty_k': 0.08109783570952675, 'scale_lr': 0.11664366577450978}. Best is trial 330 with value: 0.36352008859471124.
checkpoint_e31 window_influence: 0.28961557474449173, penalty_k: 0.08326635966894899, scale_lr: 0.10954227279587883, EAO: 0.315
Trial 577 finished with value: 0.31490334514745943 and parameters: {'window_influence': 0.28961557474449173, 'penalty_k': 0.08326635966894899, 'scale_lr': 0.10954227279587883}. Best is trial 330 with value: 0.36352008859471124.
checkpoint_e31 window_influence: 0.52149569375391847, penalty_k: 0.06864147796236768, scale_lr: 0.12936539460477314, EAO: 0.313
Trial 578 finished with value: 0.3125312258181405 and parameters: {'window_influence': 0.5214956937539185, 'penalty_k': 0.06864147796236768, 'scale_lr': 0.12936539460477314}. Best is trial 330 with value: 0.36352008859471124.
checkpoint_e31 window_influence: 0.50046199875368735, penalty_k: 0.07400263173315899, scale_lr: 0.12152627927280762, EAO: 0.329
Trial 579 finished with value: 0.3291701503416907 and parameters: {'window_influence': 0.5004619987536874, 'penalty_k': 0.07400263173315899, 'scale_lr': 0.12152627927280762}. Best is trial 330 with value: 0.36352008859471124.
checkpoint_e31 window_influence: 0.54164857686239232, penalty_k: 0.09444427335810186, scale_lr: 0.14837502153630994, EAO: 0.317
Trial 580 finished with value: 0.31660299165471517 and parameters: {'window_influence': 0.5416485768623923, 'penalty_k': 0.09444427335810186, 'scale_lr': 0.14837502153630994}. Best is trial 330 with value: 0.36352008859471124.
checkpoint_e31 window_influence: 0.51638335704624061, penalty_k: 0.09577100250606024, scale_lr: 0.10241750803731357, EAO: 0.337
Trial 581 finished with value: 0.3370411901042619 and parameters: {'window_influence': 0.5163833570462406, 'penalty_k': 0.09577100250606024, 'scale_lr': 0.10241750803731357}. Best is trial 330 with value: 0.36352008859471124.
checkpoint_e31 window_influence: 0.50075115323774178, penalty_k: 0.07697278540539279, scale_lr: 0.11781092250258993, EAO: 0.341
Trial 582 finished with value: 0.34058942532724906 and parameters: {'window_influence': 0.5007511532377418, 'penalty_k': 0.07697278540539279, 'scale_lr': 0.11781092250258993}. Best is trial 330 with value: 0.36352008859471124.
checkpoint_e31 window_influence: 0.52835290985410965, penalty_k: 0.37691877392394979, scale_lr: 0.11475833736341892, EAO: 0.279
Trial 583 finished with value: 0.2790713731185008 and parameters: {'window_influence': 0.5283529098541097, 'penalty_k': 0.3769187739239498, 'scale_lr': 0.11475833736341892}. Best is trial 330 with value: 0.36352008859471124.
checkpoint_e31 window_influence: 0.49262343840917949, penalty_k: 0.21267062411422241, scale_lr: 0.13870448485906053, EAO: 0.341
Trial 584 finished with value: 0.341343663893785 and parameters: {'window_influence': 0.4926234384091795, 'penalty_k': 0.2126706241142224, 'scale_lr': 0.13870448485906053}. Best is trial 330 with value: 0.36352008859471124.
checkpoint_e31 window_influence: 0.50951789553824167, penalty_k: 0.06638512334085080, scale_lr: 0.10929476884914138, EAO: 0.340
Trial 585 finished with value: 0.3403981049121122 and parameters: {'window_influence': 0.5095178955382417, 'penalty_k': 0.0663851233408508, 'scale_lr': 0.10929476884914138}. Best is trial 330 with value: 0.36352008859471124.
checkpoint_e31 window_influence: 0.49553352310144588, penalty_k: 0.05550381930085295, scale_lr: 0.10151412990053715, EAO: 0.339
Trial 586 finished with value: 0.33946491766300646 and parameters: {'window_influence': 0.4955335231014459, 'penalty_k': 0.05550381930085295, 'scale_lr': 0.10151412990053715}. Best is trial 330 with value: 0.36352008859471124.
checkpoint_e31 window_influence: 0.51051659586032205, penalty_k: 0.05797220003391149, scale_lr: 0.13828873662707944, EAO: 0.328
Trial 587 finished with value: 0.32752097615472076 and parameters: {'window_influence': 0.510516595860322, 'penalty_k': 0.057972200033911486, 'scale_lr': 0.13828873662707944}. Best is trial 330 with value: 0.36352008859471124.
checkpoint_e31 window_influence: 0.52470134174846850, penalty_k: 0.27147986302385324, scale_lr: 0.12053235686986362, EAO: 0.306
Trial 588 finished with value: 0.3061782215587824 and parameters: {'window_influence': 0.5247013417484685, 'penalty_k': 0.27147986302385324, 'scale_lr': 0.12053235686986362}. Best is trial 330 with value: 0.36352008859471124.
checkpoint_e31 window_influence: 0.35252061595970241, penalty_k: 0.10202809690917732, scale_lr: 0.13489659326636133, EAO: 0.320
Trial 589 finished with value: 0.31987018129473066 and parameters: {'window_influence': 0.3525206159597024, 'penalty_k': 0.10202809690917732, 'scale_lr': 0.13489659326636133}. Best is trial 330 with value: 0.36352008859471124.
checkpoint_e31 window_influence: 0.48568865975160080, penalty_k: 0.09200935953552716, scale_lr: 0.11788643696679509, EAO: 0.349
Trial 590 finished with value: 0.3489409612078611 and parameters: {'window_influence': 0.4856886597516008, 'penalty_k': 0.09200935953552716, 'scale_lr': 0.11788643696679509}. Best is trial 330 with value: 0.36352008859471124.
checkpoint_e31 window_influence: 0.55575131714998793, penalty_k: 0.08719501007790553, scale_lr: 0.11529749200411758, EAO: 0.317
Trial 591 finished with value: 0.3166899688049049 and parameters: {'window_influence': 0.5557513171499879, 'penalty_k': 0.08719501007790553, 'scale_lr': 0.11529749200411758}. Best is trial 330 with value: 0.36352008859471124.
checkpoint_e31 window_influence: 0.32865623196263893, penalty_k: 0.10534482784429378, scale_lr: 0.12982724832638132, EAO: 0.315
Trial 592 finished with value: 0.31465363096634236 and parameters: {'window_influence': 0.32865623196263893, 'penalty_k': 0.10534482784429378, 'scale_lr': 0.12982724832638132}. Best is trial 330 with value: 0.36352008859471124.
checkpoint_e31 window_influence: 0.50115598270294470, penalty_k: 0.08159593762637024, scale_lr: 0.11323607955736915, EAO: 0.343
Trial 593 finished with value: 0.3430751536606815 and parameters: {'window_influence': 0.5011559827029447, 'penalty_k': 0.08159593762637024, 'scale_lr': 0.11323607955736915}. Best is trial 330 with value: 0.36352008859471124.
checkpoint_e31 window_influence: 0.24798415459390333, penalty_k: 0.36014129921739735, scale_lr: 0.12788347225004598, EAO: 0.287
Trial 594 finished with value: 0.2865968960616375 and parameters: {'window_influence': 0.24798415459390333, 'penalty_k': 0.36014129921739735, 'scale_lr': 0.12788347225004598}. Best is trial 330 with value: 0.36352008859471124.
checkpoint_e31 window_influence: 0.48457910822687372, penalty_k: 0.07670871176707170, scale_lr: 0.10420275586436069, EAO: 0.351
Trial 595 finished with value: 0.35120862397702285 and parameters: {'window_influence': 0.4845791082268737, 'penalty_k': 0.0767087117670717, 'scale_lr': 0.10420275586436069}. Best is trial 330 with value: 0.36352008859471124.
checkpoint_e31 window_influence: 0.38355027669757791, penalty_k: 0.08548615317700693, scale_lr: 0.10985714302356828, EAO: 0.328
Trial 596 finished with value: 0.32846950203296277 and parameters: {'window_influence': 0.3835502766975779, 'penalty_k': 0.08548615317700693, 'scale_lr': 0.10985714302356828}. Best is trial 330 with value: 0.36352008859471124.
checkpoint_e31 window_influence: 0.49018872799507657, penalty_k: 0.09279117300418123, scale_lr: 0.10311297466196999, EAO: 0.355
Trial 597 finished with value: 0.3552043918041867 and parameters: {'window_influence': 0.49018872799507657, 'penalty_k': 0.09279117300418123, 'scale_lr': 0.10311297466196999}. Best is trial 330 with value: 0.36352008859471124.
checkpoint_e31 window_influence: 0.60925911093175533, penalty_k: 0.09993418682244930, scale_lr: 0.10148363065439581, EAO: 0.297
Trial 598 finished with value: 0.2968971553015802 and parameters: {'window_influence': 0.6092591109317553, 'penalty_k': 0.0999341868224493, 'scale_lr': 0.1014836306543958}. Best is trial 330 with value: 0.36352008859471124.
checkpoint_e31 window_influence: 0.51594255807152745, penalty_k: 0.12306346682725657, scale_lr: 0.11636021394101055, EAO: 0.310
Trial 599 finished with value: 0.31030933356006785 and parameters: {'window_influence': 0.5159425580715274, 'penalty_k': 0.12306346682725657, 'scale_lr': 0.11636021394101055}. Best is trial 330 with value: 0.36352008859471124.
checkpoint_e31 window_influence: 0.53844057063766304, penalty_k: 0.08906069161672986, scale_lr: 0.10166787544781473, EAO: 0.314
Trial 600 finished with value: 0.3142463346863535 and parameters: {'window_influence': 0.538440570637663, 'penalty_k': 0.08906069161672986, 'scale_lr': 0.10166787544781473}. Best is trial 330 with value: 0.36352008859471124.
checkpoint_e31 window_influence: 0.49246739096874059, penalty_k: 0.34550348301565692, scale_lr: 0.13041737716264920, EAO: 0.306
Trial 601 finished with value: 0.30589459274065633 and parameters: {'window_influence': 0.4924673909687406, 'penalty_k': 0.3455034830156569, 'scale_lr': 0.1304173771626492}. Best is trial 330 with value: 0.36352008859471124.
checkpoint_e31 window_influence: 0.50332201978226820, penalty_k: 0.10575109653427803, scale_lr: 0.10034019259380106, EAO: 0.358
Trial 602 finished with value: 0.3577637805781012 and parameters: {'window_influence': 0.5033220197822682, 'penalty_k': 0.10575109653427803, 'scale_lr': 0.10034019259380106}. Best is trial 330 with value: 0.36352008859471124.
checkpoint_e31 window_influence: 0.25684090903527462, penalty_k: 0.07415277529913508, scale_lr: 0.10069960563297405, EAO: 0.297
Trial 603 finished with value: 0.29676624216458214 and parameters: {'window_influence': 0.2568409090352746, 'penalty_k': 0.07415277529913508, 'scale_lr': 0.10069960563297405}. Best is trial 330 with value: 0.36352008859471124.
checkpoint_e31 window_influence: 0.50653231112446662, penalty_k: 0.09258530136581111, scale_lr: 0.10008135333047856, EAO: 0.346
Trial 604 finished with value: 0.34565527134136464 and parameters: {'window_influence': 0.5065323111244666, 'penalty_k': 0.09258530136581111, 'scale_lr': 0.10008135333047856}. Best is trial 330 with value: 0.36352008859471124.
checkpoint_e31 window_influence: 0.23109003628225983, penalty_k: 0.10276869649227501, scale_lr: 0.11716519285891774, EAO: 0.306
Trial 605 finished with value: 0.3062621026883329 and parameters: {'window_influence': 0.23109003628225983, 'penalty_k': 0.102768696492275, 'scale_lr': 0.11716519285891774}. Best is trial 330 with value: 0.36352008859471124.
checkpoint_e31 window_influence: 0.59647261685751918, penalty_k: 0.07601352380914125, scale_lr: 0.12331536533547097, EAO: 0.288
Trial 606 finished with value: 0.2884424494050356 and parameters: {'window_influence': 0.5964726168575192, 'penalty_k': 0.07601352380914125, 'scale_lr': 0.12331536533547097}. Best is trial 330 with value: 0.36352008859471124.
checkpoint_e31 window_influence: 0.52628860081601980, penalty_k: 0.08257460438944751, scale_lr: 0.13825216329247147, EAO: 0.310
Trial 607 finished with value: 0.3102926121379615 and parameters: {'window_influence': 0.5262886008160198, 'penalty_k': 0.08257460438944751, 'scale_lr': 0.13825216329247147}. Best is trial 330 with value: 0.36352008859471124.
checkpoint_e31 window_influence: 0.50690512996742765, penalty_k: 0.10527719988992816, scale_lr: 0.11247802081940771, EAO: 0.329
Trial 608 finished with value: 0.3291400493582863 and parameters: {'window_influence': 0.5069051299674276, 'penalty_k': 0.10527719988992816, 'scale_lr': 0.1124780208194077}. Best is trial 330 with value: 0.36352008859471124.
checkpoint_e31 window_influence: 0.48972547504476133, penalty_k: 0.11618150181498224, scale_lr: 0.12281233568416572, EAO: 0.330
Trial 609 finished with value: 0.3295878704767747 and parameters: {'window_influence': 0.4897254750447613, 'penalty_k': 0.11618150181498224, 'scale_lr': 0.12281233568416572}. Best is trial 330 with value: 0.36352008859471124.
checkpoint_e31 window_influence: 0.51675248909671723, penalty_k: 0.09262014370165532, scale_lr: 0.14623095173687622, EAO: 0.323
Trial 610 finished with value: 0.3225399238358212 and parameters: {'window_influence': 0.5167524890967172, 'penalty_k': 0.09262014370165532, 'scale_lr': 0.14623095173687622}. Best is trial 330 with value: 0.36352008859471124.
checkpoint_e31 window_influence: 0.54490154421818016, penalty_k: 0.06863451622263778, scale_lr: 0.10041637323603371, EAO: 0.322
Trial 611 finished with value: 0.322464049790156 and parameters: {'window_influence': 0.5449015442181802, 'penalty_k': 0.06863451622263778, 'scale_lr': 0.10041637323603371}. Best is trial 330 with value: 0.36352008859471124.
checkpoint_e31 window_influence: 0.53170657514108677, penalty_k: 0.37120882725913679, scale_lr: 0.12425713455061860, EAO: 0.308
Trial 612 finished with value: 0.3078221409121376 and parameters: {'window_influence': 0.5317065751410868, 'penalty_k': 0.3712088272591368, 'scale_lr': 0.1242571345506186}. Best is trial 330 with value: 0.36352008859471124.
checkpoint_e31 window_influence: 0.49774412079810237, penalty_k: 0.18954546532683303, scale_lr: 0.13890404766215286, EAO: 0.341
Trial 613 finished with value: 0.3414640089185321 and parameters: {'window_influence': 0.4977441207981024, 'penalty_k': 0.18954546532683303, 'scale_lr': 0.13890404766215286}. Best is trial 330 with value: 0.36352008859471124.
checkpoint_e31 window_influence: 0.05721951640072648, penalty_k: 0.29508048898940731, scale_lr: 0.11152985094632872, EAO: 0.249
Trial 614 finished with value: 0.24885861511824195 and parameters: {'window_influence': 0.05721951640072648, 'penalty_k': 0.2950804889894073, 'scale_lr': 0.11152985094632872}. Best is trial 330 with value: 0.36352008859471124.
checkpoint_e31 window_influence: 0.48615936408977445, penalty_k: 0.23453207824494229, scale_lr: 0.16086715714679006, EAO: 0.339
Trial 615 finished with value: 0.33914874894145863 and parameters: {'window_influence': 0.48615936408977445, 'penalty_k': 0.2345320782449423, 'scale_lr': 0.16086715714679006}. Best is trial 330 with value: 0.36352008859471124.
checkpoint_e31 window_influence: 0.51557009936448173, penalty_k: 0.11638833991515329, scale_lr: 0.12887317041452923, EAO: 0.316
Trial 616 finished with value: 0.31645563447753744 and parameters: {'window_influence': 0.5155700993644817, 'penalty_k': 0.1163883399151533, 'scale_lr': 0.12887317041452923}. Best is trial 330 with value: 0.36352008859471124.
checkpoint_e31 window_influence: 0.58623280468674532, penalty_k: 0.33021726504104038, scale_lr: 0.11738879888774471, EAO: 0.275
Trial 617 finished with value: 0.2749217822857868 and parameters: {'window_influence': 0.5862328046867453, 'penalty_k': 0.3302172650410404, 'scale_lr': 0.11738879888774471}. Best is trial 330 with value: 0.36352008859471124.
checkpoint_e31 window_influence: 0.50320392256287050, penalty_k: 0.07637351409196930, scale_lr: 0.10126460549004586, EAO: 0.346
Trial 618 finished with value: 0.34569329869886317 and parameters: {'window_influence': 0.5032039225628705, 'penalty_k': 0.0763735140919693, 'scale_lr': 0.10126460549004586}. Best is trial 330 with value: 0.36352008859471124.
checkpoint_e31 window_influence: 0.48470720168394832, penalty_k: 0.09163821444245046, scale_lr: 0.15357795582758876, EAO: 0.354
Trial 619 finished with value: 0.3544424106638719 and parameters: {'window_influence': 0.4847072016839483, 'penalty_k': 0.09163821444245046, 'scale_lr': 0.15357795582758876}. Best is trial 330 with value: 0.36352008859471124.
checkpoint_e31 window_influence: 0.49649785648807360, penalty_k: 0.10250527674890170, scale_lr: 0.16080443206680528, EAO: 0.337
Trial 620 finished with value: 0.3374704935439366 and parameters: {'window_influence': 0.4964978564880736, 'penalty_k': 0.1025052767489017, 'scale_lr': 0.16080443206680528}. Best is trial 330 with value: 0.36352008859471124.
checkpoint_e31 window_influence: 0.52022376750933852, penalty_k: 0.09127564599550290, scale_lr: 0.15022584692109398, EAO: 0.321
Trial 621 finished with value: 0.3210992166040472 and parameters: {'window_influence': 0.5202237675093385, 'penalty_k': 0.0912756459955029, 'scale_lr': 0.15022584692109398}. Best is trial 330 with value: 0.36352008859471124.
checkpoint_e31 window_influence: 0.16853738136775132, penalty_k: 0.08432169936219799, scale_lr: 0.14129970299875544, EAO: 0.292
Trial 622 finished with value: 0.29216734015524154 and parameters: {'window_influence': 0.16853738136775132, 'penalty_k': 0.084321699362198, 'scale_lr': 0.14129970299875544}. Best is trial 330 with value: 0.36352008859471124.
checkpoint_e31 window_influence: 0.48597563025579404, penalty_k: 0.12718610526520191, scale_lr: 0.15843498436052283, EAO: 0.321
Trial 623 finished with value: 0.32075260237497116 and parameters: {'window_influence': 0.48597563025579404, 'penalty_k': 0.1271861052652019, 'scale_lr': 0.15843498436052283}. Best is trial 330 with value: 0.36352008859471124.
checkpoint_e31 window_influence: 0.22133793633214305, penalty_k: 0.42206710963981209, scale_lr: 0.13678825429797239, EAO: 0.298
Trial 624 finished with value: 0.2977929604656501 and parameters: {'window_influence': 0.22133793633214305, 'penalty_k': 0.4220671096398121, 'scale_lr': 0.1367882542979724}. Best is trial 330 with value: 0.36352008859471124.
checkpoint_e31 window_influence: 0.56432632692908746, penalty_k: 0.22411609643363262, scale_lr: 0.12406892460872643, EAO: 0.301
Trial 625 finished with value: 0.30124924903018 and parameters: {'window_influence': 0.5643263269290875, 'penalty_k': 0.22411609643363262, 'scale_lr': 0.12406892460872643}. Best is trial 330 with value: 0.36352008859471124.
checkpoint_e31 window_influence: 0.50751598509909812, penalty_k: 0.11087624000465465, scale_lr: 0.17975761882802807, EAO: 0.326
Trial 626 finished with value: 0.32607022733771845 and parameters: {'window_influence': 0.5075159850990981, 'penalty_k': 0.11087624000465465, 'scale_lr': 0.17975761882802807}. Best is trial 330 with value: 0.36352008859471124.
checkpoint_e31 window_influence: 0.36413946759490767, penalty_k: 0.06983959666522044, scale_lr: 0.28331093109228089, EAO: 0.309
Trial 627 finished with value: 0.3089505516369519 and parameters: {'window_influence': 0.3641394675949077, 'penalty_k': 0.06983959666522044, 'scale_lr': 0.2833109310922809}. Best is trial 330 with value: 0.36352008859471124.
checkpoint_e31 window_influence: 0.24816722295869911, penalty_k: 0.10043356683442599, scale_lr: 0.31857797678537830, EAO: 0.304
Trial 628 finished with value: 0.3039128344346577 and parameters: {'window_influence': 0.2481672229586991, 'penalty_k': 0.10043356683442599, 'scale_lr': 0.3185779767853783}. Best is trial 330 with value: 0.36352008859471124.
checkpoint_e31 window_influence: 0.53142386876419256, penalty_k: 0.31728186001789543, scale_lr: 0.13792274897148094, EAO: 0.303
Trial 629 finished with value: 0.30270760375933886 and parameters: {'window_influence': 0.5314238687641926, 'penalty_k': 0.31728186001789543, 'scale_lr': 0.13792274897148094}. Best is trial 330 with value: 0.36352008859471124.
checkpoint_e31 window_influence: 0.48562539427123702, penalty_k: 0.08553140194332598, scale_lr: 0.15128815011611374, EAO: 0.322
Trial 630 finished with value: 0.3216152739663996 and parameters: {'window_influence': 0.485625394271237, 'penalty_k': 0.08553140194332598, 'scale_lr': 0.15128815011611374}. Best is trial 330 with value: 0.36352008859471124.
checkpoint_e31 window_influence: 0.50381991852010177, penalty_k: 0.58889935313851050, scale_lr: 0.34920317057921452, EAO: 0.286
Trial 631 finished with value: 0.2860685625196895 and parameters: {'window_influence': 0.5038199185201018, 'penalty_k': 0.5888993531385105, 'scale_lr': 0.3492031705792145}. Best is trial 330 with value: 0.36352008859471124.
checkpoint_e31 window_influence: 0.55158135322425605, penalty_k: 0.06931039443120458, scale_lr: 0.34268297444756624, EAO: 0.306
Trial 632 finished with value: 0.3064533640206556 and parameters: {'window_influence': 0.551581353224256, 'penalty_k': 0.06931039443120458, 'scale_lr': 0.34268297444756624}. Best is trial 330 with value: 0.36352008859471124.
checkpoint_e31 window_influence: 0.29891727794283479, penalty_k: 0.26204553041801770, scale_lr: 0.33617577255240133, EAO: 0.295
