Trial 2320 finished with value: 0.3202343271748101 and parameters: {'window_influence': 0.37808800120946806, 'penalty_k': 0.20339630056213287, 'scale_lr': 0.20551120388149713}. Best is trial 1674 with value: 0.38142600678748195.
checkpoint_e33 window_influence: 0.45311819871001030, penalty_k: 0.27858247814509884, scale_lr: 0.19018398752388793, EAO: 0.344
Trial 2321 finished with value: 0.34440540142560283 and parameters: {'window_influence': 0.4531181987100103, 'penalty_k': 0.27858247814509884, 'scale_lr': 0.19018398752388793}. Best is trial 1674 with value: 0.38142600678748195.
checkpoint_e33 window_influence: 0.47789019270231337, penalty_k: 0.12627965831203619, scale_lr: 0.42031749820355746, EAO: 0.353
Trial 2322 finished with value: 0.3530137623562423 and parameters: {'window_influence': 0.47789019270231337, 'penalty_k': 0.1262796583120362, 'scale_lr': 0.42031749820355746}. Best is trial 1674 with value: 0.38142600678748195.
checkpoint_e33 window_influence: 0.49025443850559919, penalty_k: 0.03246019958294846, scale_lr: 0.55591590836821259, EAO: 0.334
Trial 2323 finished with value: 0.333530035696141 and parameters: {'window_influence': 0.4902544385055992, 'penalty_k': 0.03246019958294846, 'scale_lr': 0.5559159083682126}. Best is trial 1674 with value: 0.38142600678748195.
checkpoint_e33 window_influence: 0.56088760342953359, penalty_k: 0.14344150159731439, scale_lr: 0.35233480276549611, EAO: 0.307
Trial 2324 finished with value: 0.3068738441754872 and parameters: {'window_influence': 0.5608876034295336, 'penalty_k': 0.1434415015973144, 'scale_lr': 0.3523348027654961}. Best is trial 1674 with value: 0.38142600678748195.
checkpoint_e33 window_influence: 0.08925990857300647, penalty_k: 0.07182661586007050, scale_lr: 0.48269133275450826, EAO: 0.262
Trial 2325 finished with value: 0.2623779850827117 and parameters: {'window_influence': 0.08925990857300647, 'penalty_k': 0.0718266158600705, 'scale_lr': 0.48269133275450826}. Best is trial 1674 with value: 0.38142600678748195.
checkpoint_e33 window_influence: 0.21269543237733621, penalty_k: 0.09555633833907279, scale_lr: 0.72372739431323518, EAO: 0.296
Trial 2326 finished with value: 0.29583822724188347 and parameters: {'window_influence': 0.2126954323773362, 'penalty_k': 0.09555633833907279, 'scale_lr': 0.7237273943132352}. Best is trial 1674 with value: 0.38142600678748195.
checkpoint_e33 window_influence: 0.30958073129824948, penalty_k: 0.19020779206233665, scale_lr: 0.51761160138111029, EAO: 0.297
Trial 2327 finished with value: 0.29683154050246285 and parameters: {'window_influence': 0.3095807312982495, 'penalty_k': 0.19020779206233665, 'scale_lr': 0.5176116013811103}. Best is trial 1674 with value: 0.38142600678748195.
checkpoint_e33 window_influence: 0.63921081591514928, penalty_k: 0.05845706887602493, scale_lr: 0.45673239371552399, EAO: 0.248
Trial 2328 finished with value: 0.24827450276116916 and parameters: {'window_influence': 0.6392108159151493, 'penalty_k': 0.05845706887602493, 'scale_lr': 0.456732393715524}. Best is trial 1674 with value: 0.38142600678748195.
checkpoint_e33 window_influence: 0.40393622845737015, penalty_k: 0.28816591359277610, scale_lr: 0.30012301924574225, EAO: 0.315
Trial 2329 finished with value: 0.3147428930965379 and parameters: {'window_influence': 0.40393622845737015, 'penalty_k': 0.2881659135927761, 'scale_lr': 0.30012301924574225}. Best is trial 1674 with value: 0.38142600678748195.
checkpoint_e33 window_influence: 0.51728887524313283, penalty_k: 0.16732477683561925, scale_lr: 0.79985270172390988, EAO: 0.304
Trial 2330 finished with value: 0.3041390512240072 and parameters: {'window_influence': 0.5172888752431328, 'penalty_k': 0.16732477683561925, 'scale_lr': 0.7998527017239099}. Best is trial 1674 with value: 0.38142600678748195.
checkpoint_e33 window_influence: 0.46476630193660767, penalty_k: 0.13254658902315539, scale_lr: 0.56916664862785804, EAO: 0.333
Trial 2331 finished with value: 0.3334206004087099 and parameters: {'window_influence': 0.4647663019366077, 'penalty_k': 0.1325465890231554, 'scale_lr': 0.569166648627858}. Best is trial 1674 with value: 0.38142600678748195.
checkpoint_e33 window_influence: 0.50073483814911768, penalty_k: 0.25727370560045043, scale_lr: 0.53431682217002407, EAO: 0.320
Trial 2332 finished with value: 0.32007228400456766 and parameters: {'window_influence': 0.5007348381491177, 'penalty_k': 0.25727370560045043, 'scale_lr': 0.5343168221700241}. Best is trial 1674 with value: 0.38142600678748195.
checkpoint_e33 window_influence: 0.26697337926052456, penalty_k: 0.44353667596999136, scale_lr: 0.40838119819158525, EAO: 0.280
Trial 2333 finished with value: 0.2803326761096368 and parameters: {'window_influence': 0.26697337926052456, 'penalty_k': 0.44353667596999136, 'scale_lr': 0.40838119819158525}. Best is trial 1674 with value: 0.38142600678748195.
checkpoint_e33 window_influence: 0.48472515809586691, penalty_k: 0.08166415752141450, scale_lr: 0.69435819304841206, EAO: 0.341
Trial 2334 finished with value: 0.3413098132100087 and parameters: {'window_influence': 0.4847251580958669, 'penalty_k': 0.0816641575214145, 'scale_lr': 0.6943581930484121}. Best is trial 1674 with value: 0.38142600678748195.
checkpoint_e33 window_influence: 0.44785217541941325, penalty_k: 0.04451797921333972, scale_lr: 0.62091286223318121, EAO: 0.325
Trial 2335 finished with value: 0.32511490276119587 and parameters: {'window_influence': 0.44785217541941325, 'penalty_k': 0.04451797921333972, 'scale_lr': 0.6209128622331812}. Best is trial 1674 with value: 0.38142600678748195.
checkpoint_e33 window_influence: 0.51034159560201475, penalty_k: 0.43150108537188625, scale_lr: 0.50024207684276500, EAO: 0.296
Trial 2336 finished with value: 0.29559896671818386 and parameters: {'window_influence': 0.5103415956020148, 'penalty_k': 0.43150108537188625, 'scale_lr': 0.500242076842765}. Best is trial 1674 with value: 0.38142600678748195.
checkpoint_e33 window_influence: 0.41613326997926542, penalty_k: 0.55713768657872231, scale_lr: 0.43376595293883108, EAO: 0.328
Trial 2337 finished with value: 0.32772887269114703 and parameters: {'window_influence': 0.4161332699792654, 'penalty_k': 0.5571376865787223, 'scale_lr': 0.4337659529388311}. Best is trial 1674 with value: 0.38142600678748195.
checkpoint_e33 window_influence: 0.47633492703211749, penalty_k: 0.11744510320356664, scale_lr: 0.65942900399510052, EAO: 0.363
Trial 2338 finished with value: 0.36317579755523327 and parameters: {'window_influence': 0.4763349270321175, 'penalty_k': 0.11744510320356664, 'scale_lr': 0.6594290039951005}. Best is trial 1674 with value: 0.38142600678748195.
checkpoint_e33 window_influence: 0.46887230011452447, penalty_k: 0.10640779188823328, scale_lr: 0.65841094316878856, EAO: 0.354
Trial 2339 finished with value: 0.3542378845149905 and parameters: {'window_influence': 0.46887230011452447, 'penalty_k': 0.10640779188823328, 'scale_lr': 0.6584109431687886}. Best is trial 1674 with value: 0.38142600678748195.
checkpoint_e33 window_influence: 0.45701891830593483, penalty_k: 0.11665227237537373, scale_lr: 0.68108949687068876, EAO: 0.327
Trial 2340 finished with value: 0.3269502277040296 and parameters: {'window_influence': 0.45701891830593483, 'penalty_k': 0.11665227237537373, 'scale_lr': 0.6810894968706888}. Best is trial 1674 with value: 0.38142600678748195.
checkpoint_e33 window_influence: 0.47198265908162063, penalty_k: 0.10969245581618403, scale_lr: 0.65989244052550233, EAO: 0.355
Trial 2341 finished with value: 0.35526170422130987 and parameters: {'window_influence': 0.4719826590816206, 'penalty_k': 0.10969245581618403, 'scale_lr': 0.6598924405255023}. Best is trial 1674 with value: 0.38142600678748195.
checkpoint_e33 window_influence: 0.45941004839529725, penalty_k: 0.13696275685834597, scale_lr: 0.67147842858757301, EAO: 0.323
Trial 2342 finished with value: 0.32325977353734264 and parameters: {'window_influence': 0.45941004839529725, 'penalty_k': 0.13696275685834597, 'scale_lr': 0.671478428587573}. Best is trial 1674 with value: 0.38142600678748195.
checkpoint_e33 window_influence: 0.43310533878299073, penalty_k: 0.12360935154904089, scale_lr: 0.69574732660630434, EAO: 0.322
Trial 2343 finished with value: 0.3224186613749901 and parameters: {'window_influence': 0.43310533878299073, 'penalty_k': 0.12360935154904089, 'scale_lr': 0.6957473266063043}. Best is trial 1674 with value: 0.38142600678748195.
checkpoint_e33 window_influence: 0.19601559362503809, penalty_k: 0.12027186752130037, scale_lr: 0.64070096121103948, EAO: 0.286
Trial 2344 finished with value: 0.2863631291380188 and parameters: {'window_influence': 0.1960155936250381, 'penalty_k': 0.12027186752130037, 'scale_lr': 0.6407009612110395}. Best is trial 1674 with value: 0.38142600678748195.
checkpoint_e33 window_influence: 0.47468096291941364, penalty_k: 0.11796848060222140, scale_lr: 0.67772221516587394, EAO: 0.337
Trial 2345 finished with value: 0.33701910896060067 and parameters: {'window_influence': 0.47468096291941364, 'penalty_k': 0.1179684806022214, 'scale_lr': 0.6777222151658739}. Best is trial 1674 with value: 0.38142600678748195.
checkpoint_e33 window_influence: 0.44577763860565317, penalty_k: 0.13311658505024904, scale_lr: 0.64055902209017734, EAO: 0.348
Trial 2346 finished with value: 0.3483834933446075 and parameters: {'window_influence': 0.44577763860565317, 'penalty_k': 0.13311658505024904, 'scale_lr': 0.6405590220901773}. Best is trial 1674 with value: 0.38142600678748195.
checkpoint_e33 window_influence: 0.46443434870093570, penalty_k: 0.12606253382589550, scale_lr: 0.64784423943131686, EAO: 0.340
Trial 2347 finished with value: 0.3401151269326414 and parameters: {'window_influence': 0.4644343487009357, 'penalty_k': 0.1260625338258955, 'scale_lr': 0.6478442394313169}. Best is trial 1674 with value: 0.38142600678748195.
checkpoint_e33 window_influence: 0.47843712622461765, penalty_k: 0.14928113664876919, scale_lr: 0.32990802472370406, EAO: 0.345
Trial 2348 finished with value: 0.3447021516148682 and parameters: {'window_influence': 0.47843712622461765, 'penalty_k': 0.14928113664876919, 'scale_lr': 0.32990802472370406}. Best is trial 1674 with value: 0.38142600678748195.
checkpoint_e33 window_influence: 0.45859451138836194, penalty_k: 0.50509657765073690, scale_lr: 0.65853303783041839, EAO: 0.310
Trial 2349 finished with value: 0.3103158574275933 and parameters: {'window_influence': 0.45859451138836194, 'penalty_k': 0.5050965776507369, 'scale_lr': 0.6585330378304184}. Best is trial 1674 with value: 0.38142600678748195.
checkpoint_e33 window_influence: 0.48317617074833502, penalty_k: 0.13730855511677265, scale_lr: 0.46223925653986753, EAO: 0.349
Trial 2350 finished with value: 0.34877032354648013 and parameters: {'window_influence': 0.483176170748335, 'penalty_k': 0.13730855511677265, 'scale_lr': 0.4622392565398675}. Best is trial 1674 with value: 0.38142600678748195.
checkpoint_e33 window_influence: 0.47223698603095865, penalty_k: 0.11195698267925243, scale_lr: 0.66911314983524162, EAO: 0.366
Trial 2351 finished with value: 0.3656610463843735 and parameters: {'window_influence': 0.47223698603095865, 'penalty_k': 0.11195698267925243, 'scale_lr': 0.6691131498352416}. Best is trial 1674 with value: 0.38142600678748195.
checkpoint_e33 window_influence: 0.48669287316722892, penalty_k: 0.10811588310333900, scale_lr: 0.67286284601386681, EAO: 0.343
Trial 2352 finished with value: 0.3429024133700805 and parameters: {'window_influence': 0.4866928731672289, 'penalty_k': 0.108115883103339, 'scale_lr': 0.6728628460138668}. Best is trial 1674 with value: 0.38142600678748195.
checkpoint_e33 window_influence: 0.47686687975553554, penalty_k: 0.11367247646408772, scale_lr: 0.67030324847556799, EAO: 0.341
Trial 2353 finished with value: 0.34072724378990293 and parameters: {'window_influence': 0.47686687975553554, 'penalty_k': 0.11367247646408772, 'scale_lr': 0.670303248475568}. Best is trial 1674 with value: 0.38142600678748195.
checkpoint_e33 window_influence: 0.24016423553134886, penalty_k: 0.10185466319310268, scale_lr: 0.66215237728173193, EAO: 0.290
Trial 2354 finished with value: 0.2899619390180603 and parameters: {'window_influence': 0.24016423553134886, 'penalty_k': 0.10185466319310268, 'scale_lr': 0.6621523772817319}. Best is trial 1674 with value: 0.38142600678748195.
checkpoint_e33 window_influence: 0.48734268761001220, penalty_k: 0.10897315642982842, scale_lr: 0.68782274878781868, EAO: 0.321
Trial 2355 finished with value: 0.32122689752263317 and parameters: {'window_influence': 0.4873426876100122, 'penalty_k': 0.10897315642982842, 'scale_lr': 0.6878227487878187}. Best is trial 1674 with value: 0.38142600678748195.
checkpoint_e33 window_influence: 0.47255435558334286, penalty_k: 0.12500730697008205, scale_lr: 0.65515019363896465, EAO: 0.337
Trial 2356 finished with value: 0.337157472794158 and parameters: {'window_influence': 0.47255435558334286, 'penalty_k': 0.12500730697008205, 'scale_lr': 0.6551501936389647}. Best is trial 1674 with value: 0.38142600678748195.
checkpoint_e33 window_influence: 0.09874116968721941, penalty_k: 0.10179698136782703, scale_lr: 0.68223695260050832, EAO: 0.258
Trial 2357 finished with value: 0.2582840382009165 and parameters: {'window_influence': 0.09874116968721941, 'penalty_k': 0.10179698136782703, 'scale_lr': 0.6822369526005083}. Best is trial 1674 with value: 0.38142600678748195.
checkpoint_e33 window_influence: 0.49357480009556459, penalty_k: 0.11283133518615024, scale_lr: 0.65535406283754105, EAO: 0.341
Trial 2358 finished with value: 0.3411093811116794 and parameters: {'window_influence': 0.4935748000955646, 'penalty_k': 0.11283133518615024, 'scale_lr': 0.655354062837541}. Best is trial 1674 with value: 0.38142600678748195.
checkpoint_e33 window_influence: 0.31814063477294374, penalty_k: 0.09745142375123685, scale_lr: 0.64417944552389106, EAO: 0.324
Trial 2359 finished with value: 0.32373835088445985 and parameters: {'window_influence': 0.31814063477294374, 'penalty_k': 0.09745142375123685, 'scale_lr': 0.6441794455238911}. Best is trial 1674 with value: 0.38142600678748195.
checkpoint_e33 window_influence: 0.47618979175954351, penalty_k: 0.11637811687049426, scale_lr: 0.63753640419531077, EAO: 0.340
Trial 2360 finished with value: 0.33964120158889416 and parameters: {'window_influence': 0.4761897917595435, 'penalty_k': 0.11637811687049426, 'scale_lr': 0.6375364041953108}. Best is trial 1674 with value: 0.38142600678748195.
checkpoint_e33 window_influence: 0.49161797791683376, penalty_k: 0.12412799747697544, scale_lr: 0.67581742153206881, EAO: 0.347
Trial 2361 finished with value: 0.34702932962183825 and parameters: {'window_influence': 0.49161797791683376, 'penalty_k': 0.12412799747697544, 'scale_lr': 0.6758174215320688}. Best is trial 1674 with value: 0.38142600678748195.
checkpoint_e33 window_influence: 0.33987501139410775, penalty_k: 0.11931177364822296, scale_lr: 0.67166677952074061, EAO: 0.318
Trial 2362 finished with value: 0.31845005042126207 and parameters: {'window_influence': 0.33987501139410775, 'penalty_k': 0.11931177364822296, 'scale_lr': 0.6716667795207406}. Best is trial 1674 with value: 0.38142600678748195.
checkpoint_e33 window_influence: 0.46830425610794640, penalty_k: 0.13088621716118237, scale_lr: 0.69239562287693224, EAO: 0.315
Trial 2363 finished with value: 0.3148210425553155 and parameters: {'window_influence': 0.4683042561079464, 'penalty_k': 0.13088621716118237, 'scale_lr': 0.6923956228769322}. Best is trial 1674 with value: 0.38142600678748195.
checkpoint_e33 window_influence: 0.48222237542570928, penalty_k: 0.09557572285990809, scale_lr: 0.68057258609404292, EAO: 0.323
Trial 2364 finished with value: 0.3229806000504512 and parameters: {'window_influence': 0.4822223754257093, 'penalty_k': 0.09557572285990809, 'scale_lr': 0.6805725860940429}. Best is trial 1674 with value: 0.38142600678748195.
checkpoint_e33 window_influence: 0.20315577126263562, penalty_k: 0.10786681151826905, scale_lr: 0.70537832476902596, EAO: 0.289
Trial 2365 finished with value: 0.28886355216169174 and parameters: {'window_influence': 0.20315577126263562, 'penalty_k': 0.10786681151826905, 'scale_lr': 0.705378324769026}. Best is trial 1674 with value: 0.38142600678748195.
checkpoint_e33 window_influence: 0.49598153074109347, penalty_k: 0.11948949533702465, scale_lr: 0.63710200307614662, EAO: 0.339
Trial 2366 finished with value: 0.3394677154284971 and parameters: {'window_influence': 0.49598153074109347, 'penalty_k': 0.11948949533702465, 'scale_lr': 0.6371020030761466}. Best is trial 1674 with value: 0.38142600678748195.
checkpoint_e33 window_influence: 0.34386276952924533, penalty_k: 0.09585394073873707, scale_lr: 0.66622843213627292, EAO: 0.315
Trial 2367 finished with value: 0.31512159741110374 and parameters: {'window_influence': 0.3438627695292453, 'penalty_k': 0.09585394073873707, 'scale_lr': 0.6662284321362729}. Best is trial 1674 with value: 0.38142600678748195.
checkpoint_e33 window_influence: 0.62147830368925072, penalty_k: 0.10373694805351312, scale_lr: 0.69024215007451806, EAO: 0.244
Trial 2368 finished with value: 0.24354459954143035 and parameters: {'window_influence': 0.6214783036892507, 'penalty_k': 0.10373694805351312, 'scale_lr': 0.6902421500745181}. Best is trial 1674 with value: 0.38142600678748195.
checkpoint_e33 window_influence: 0.46658265409829885, penalty_k: 0.14027931364222498, scale_lr: 0.62982386193773310, EAO: 0.351
Trial 2369 finished with value: 0.35129549705100893 and parameters: {'window_influence': 0.46658265409829885, 'penalty_k': 0.14027931364222498, 'scale_lr': 0.6298238619377331}. Best is trial 1674 with value: 0.38142600678748195.
checkpoint_e33 window_influence: 0.48136974551520006, penalty_k: 0.13105316684338930, scale_lr: 0.23006878466724981, EAO: 0.336
Trial 2370 finished with value: 0.3355542369157888 and parameters: {'window_influence': 0.48136974551520006, 'penalty_k': 0.1310531668433893, 'scale_lr': 0.2300687846672498}. Best is trial 1674 with value: 0.38142600678748195.
checkpoint_e33 window_influence: 0.07723606146986961, penalty_k: 0.22604688248327093, scale_lr: 0.22008137512334616, EAO: 0.246
Trial 2371 finished with value: 0.24587778903630922 and parameters: {'window_influence': 0.07723606146986961, 'penalty_k': 0.22604688248327093, 'scale_lr': 0.22008137512334616}. Best is trial 1674 with value: 0.38142600678748195.
checkpoint_e33 window_influence: 0.49528871767533650, penalty_k: 0.11228350935064259, scale_lr: 0.66629147545688305, EAO: 0.332
Trial 2372 finished with value: 0.3320900659848744 and parameters: {'window_influence': 0.4952887176753365, 'penalty_k': 0.11228350935064259, 'scale_lr': 0.666291475456883}. Best is trial 1674 with value: 0.38142600678748195.
checkpoint_e33 window_influence: 0.26463732033493853, penalty_k: 0.41392154962453670, scale_lr: 0.62527574199796787, EAO: 0.301
Trial 2373 finished with value: 0.3005312569294458 and parameters: {'window_influence': 0.26463732033493853, 'penalty_k': 0.4139215496245367, 'scale_lr': 0.6252757419979679}. Best is trial 1674 with value: 0.38142600678748195.
checkpoint_e33 window_influence: 0.45612019851903907, penalty_k: 0.37321803325529135, scale_lr: 0.65465746626907273, EAO: 0.332
Trial 2374 finished with value: 0.3323508396686747 and parameters: {'window_influence': 0.45612019851903907, 'penalty_k': 0.37321803325529135, 'scale_lr': 0.6546574662690727}. Best is trial 1674 with value: 0.38142600678748195.
checkpoint_e33 window_influence: 0.47306550884776527, penalty_k: 0.00004012031476514, scale_lr: 0.59948893301842832, EAO: 0.340
Trial 2375 finished with value: 0.33990354517090643 and parameters: {'window_influence': 0.47306550884776527, 'penalty_k': 4.01203147651439e-05, 'scale_lr': 0.5994889330184283}. Best is trial 1674 with value: 0.38142600678748195.
checkpoint_e33 window_influence: 0.48776975301155534, penalty_k: 0.32901487897078030, scale_lr: 0.11325003307279528, EAO: 0.321
Trial 2376 finished with value: 0.3211248376722002 and parameters: {'window_influence': 0.48776975301155534, 'penalty_k': 0.3290148789707803, 'scale_lr': 0.11325003307279528}. Best is trial 1674 with value: 0.38142600678748195.
checkpoint_e33 window_influence: 0.49954785363340015, penalty_k: 0.26965671165774346, scale_lr: 0.16190067710722131, EAO: 0.324
Trial 2377 finished with value: 0.32410470718075796 and parameters: {'window_influence': 0.49954785363340015, 'penalty_k': 0.26965671165774346, 'scale_lr': 0.1619006771072213}. Best is trial 1674 with value: 0.38142600678748195.
checkpoint_e33 window_influence: 0.21640148798747175, penalty_k: 0.09827579338248747, scale_lr: 0.61693998579692277, EAO: 0.308
Trial 2378 finished with value: 0.307886875035234 and parameters: {'window_influence': 0.21640148798747175, 'penalty_k': 0.09827579338248747, 'scale_lr': 0.6169399857969228}. Best is trial 1674 with value: 0.38142600678748195.
checkpoint_e33 window_influence: 0.47940696856727810, penalty_k: 0.12400638143444739, scale_lr: 0.28907560229377932, EAO: 0.335
Trial 2379 finished with value: 0.33514384768816285 and parameters: {'window_influence': 0.4794069685672781, 'penalty_k': 0.1240063814344474, 'scale_lr': 0.2890756022937793}. Best is trial 1674 with value: 0.38142600678748195.
checkpoint_e33 window_influence: 0.28096538312131314, penalty_k: 0.23948924981427303, scale_lr: 0.68778998129848945, EAO: 0.301
Trial 2380 finished with value: 0.30103962535060336 and parameters: {'window_influence': 0.28096538312131314, 'penalty_k': 0.23948924981427303, 'scale_lr': 0.6877899812984895}. Best is trial 1674 with value: 0.38142600678748195.
checkpoint_e33 window_influence: 0.38581393102109202, penalty_k: 0.13456210097574217, scale_lr: 0.25603095109044283, EAO: 0.312
