Trial 434 finished with value: 0.30631833920682916 and parameters: {'window_influence': 0.5083606334409946, 'penalty_k': 0.2946169573449129, 'scale_lr': 0.4171752025221604}. Best is trial 128 with value: 0.3574732866732527.
checkpoint_e16 window_influence: 0.47758951812191602, penalty_k: 0.17429575484434437, scale_lr: 0.35407105714193698, EAO: 0.320
Trial 435 finished with value: 0.3204218433292923 and parameters: {'window_influence': 0.477589518121916, 'penalty_k': 0.17429575484434437, 'scale_lr': 0.354071057141937}. Best is trial 128 with value: 0.3574732866732527.
checkpoint_e16 window_influence: 0.44321003595646541, penalty_k: 0.09412021834975731, scale_lr: 0.17365223678040745, EAO: 0.316
Trial 436 finished with value: 0.315739866650522 and parameters: {'window_influence': 0.4432100359564654, 'penalty_k': 0.09412021834975731, 'scale_lr': 0.17365223678040745}. Best is trial 128 with value: 0.3574732866732527.
checkpoint_e16 window_influence: 0.39219299119504786, penalty_k: 0.16247764217928859, scale_lr: 0.28224312776568511, EAO: 0.317
Trial 437 finished with value: 0.3169292107166483 and parameters: {'window_influence': 0.39219299119504786, 'penalty_k': 0.1624776421792886, 'scale_lr': 0.2822431277656851}. Best is trial 128 with value: 0.3574732866732527.
checkpoint_e16 window_influence: 0.46951096140761528, penalty_k: 0.12170436208296662, scale_lr: 0.22426406686146258, EAO: 0.336
Trial 438 finished with value: 0.33591580367737706 and parameters: {'window_influence': 0.4695109614076153, 'penalty_k': 0.12170436208296662, 'scale_lr': 0.22426406686146258}. Best is trial 128 with value: 0.3574732866732527.
checkpoint_e16 window_influence: 0.33582363640844159, penalty_k: 0.13865586235230865, scale_lr: 0.31979183812699669, EAO: 0.297
Trial 439 finished with value: 0.29698636136398243 and parameters: {'window_influence': 0.3358236364084416, 'penalty_k': 0.13865586235230865, 'scale_lr': 0.3197918381269967}. Best is trial 128 with value: 0.3574732866732527.
checkpoint_e16 window_influence: 0.42572652910860281, penalty_k: 0.15293193107530489, scale_lr: 0.26294180172452819, EAO: 0.322
Trial 440 finished with value: 0.32207748838899664 and parameters: {'window_influence': 0.4257265291086028, 'penalty_k': 0.1529319310753049, 'scale_lr': 0.2629418017245282}. Best is trial 128 with value: 0.3574732866732527.
checkpoint_e16 window_influence: 0.48641457348062556, penalty_k: 0.19824801155475394, scale_lr: 0.30261722830829169, EAO: 0.325
Trial 441 finished with value: 0.3248244657358771 and parameters: {'window_influence': 0.48641457348062556, 'penalty_k': 0.19824801155475394, 'scale_lr': 0.3026172283082917}. Best is trial 128 with value: 0.3574732866732527.
checkpoint_e16 window_influence: 0.45075206105002874, penalty_k: 0.10994900512105464, scale_lr: 0.15275227905997762, EAO: 0.321
Trial 442 finished with value: 0.3207692425074744 and parameters: {'window_influence': 0.45075206105002874, 'penalty_k': 0.10994900512105464, 'scale_lr': 0.15275227905997762}. Best is trial 128 with value: 0.3574732866732527.
checkpoint_e16 window_influence: 0.28433440381856584, penalty_k: 0.46544512880156963, scale_lr: 0.60590780545983358, EAO: 0.281
Trial 443 finished with value: 0.28106839902670006 and parameters: {'window_influence': 0.28433440381856584, 'penalty_k': 0.46544512880156963, 'scale_lr': 0.6059078054598336}. Best is trial 128 with value: 0.3574732866732527.
checkpoint_e16 window_influence: 0.50263527371679484, penalty_k: 0.12916633160318014, scale_lr: 0.34146387075947698, EAO: 0.313
Trial 444 finished with value: 0.31265563909181826 and parameters: {'window_influence': 0.5026352737167948, 'penalty_k': 0.12916633160318014, 'scale_lr': 0.341463870759477}. Best is trial 128 with value: 0.3574732866732527.
checkpoint_e16 window_influence: 0.46159065845127739, penalty_k: 0.07071322251599028, scale_lr: 0.32406566149126192, EAO: 0.324
Trial 445 finished with value: 0.32428184128457005 and parameters: {'window_influence': 0.4615906584512774, 'penalty_k': 0.07071322251599028, 'scale_lr': 0.3240656614912619}. Best is trial 128 with value: 0.3574732866732527.
checkpoint_e16 window_influence: 0.47837068246661896, penalty_k: 0.16756914389763058, scale_lr: 0.27175169234861712, EAO: 0.336
Trial 446 finished with value: 0.335533637480977 and parameters: {'window_influence': 0.47837068246661896, 'penalty_k': 0.16756914389763058, 'scale_lr': 0.2717516923486171}. Best is trial 128 with value: 0.3574732866732527.
checkpoint_e16 window_influence: 0.26493090844956924, penalty_k: 0.14470220859102062, scale_lr: 0.29558565402996623, EAO: 0.278
Trial 447 finished with value: 0.27824616316227596 and parameters: {'window_influence': 0.26493090844956924, 'penalty_k': 0.14470220859102062, 'scale_lr': 0.2955856540299662}. Best is trial 128 with value: 0.3574732866732527.
checkpoint_e16 window_influence: 0.59158667145418853, penalty_k: 0.26342572567830358, scale_lr: 0.10140852643752940, EAO: 0.247
Trial 448 finished with value: 0.2469039722291412 and parameters: {'window_influence': 0.5915866714541885, 'penalty_k': 0.2634257256783036, 'scale_lr': 0.1014085264375294}. Best is trial 128 with value: 0.3574732866732527.
checkpoint_e16 window_influence: 0.44008293749375460, penalty_k: 0.15874492790567682, scale_lr: 0.39549004312692509, EAO: 0.319
Trial 449 finished with value: 0.319437957227462 and parameters: {'window_influence': 0.4400829374937546, 'penalty_k': 0.15874492790567682, 'scale_lr': 0.3954900431269251}. Best is trial 128 with value: 0.3574732866732527.
checkpoint_e16 window_influence: 0.45669848043925149, penalty_k: 0.18144866232012039, scale_lr: 0.24053265379156538, EAO: 0.328
Trial 450 finished with value: 0.3284902673519075 and parameters: {'window_influence': 0.4566984804392515, 'penalty_k': 0.18144866232012039, 'scale_lr': 0.24053265379156538}. Best is trial 128 with value: 0.3574732866732527.
checkpoint_e16 window_influence: 0.43211867855351471, penalty_k: 0.12396914146291614, scale_lr: 0.34568747148678192, EAO: 0.328
Trial 451 finished with value: 0.32829475976845635 and parameters: {'window_influence': 0.4321186785535147, 'penalty_k': 0.12396914146291614, 'scale_lr': 0.3456874714867819}. Best is trial 128 with value: 0.3574732866732527.
checkpoint_e16 window_influence: 0.46980330218232524, penalty_k: 0.08389622214963841, scale_lr: 0.63317720800901667, EAO: 0.315
Trial 452 finished with value: 0.31496309961558316 and parameters: {'window_influence': 0.46980330218232524, 'penalty_k': 0.0838962221496384, 'scale_lr': 0.6331772080090167}. Best is trial 128 with value: 0.3574732866732527.
checkpoint_e16 window_influence: 0.22444842134180412, penalty_k: 0.24516730018396979, scale_lr: 0.36550698988266017, EAO: 0.287
Trial 453 finished with value: 0.2869038948868963 and parameters: {'window_influence': 0.22444842134180412, 'penalty_k': 0.2451673001839698, 'scale_lr': 0.36550698988266017}. Best is trial 128 with value: 0.3574732866732527.
checkpoint_e16 window_influence: 0.56301112120508989, penalty_k: 0.34345479002222906, scale_lr: 0.28224204501231143, EAO: 0.268
Trial 454 finished with value: 0.2678049487362576 and parameters: {'window_influence': 0.5630111212050899, 'penalty_k': 0.34345479002222906, 'scale_lr': 0.2822420450123114}. Best is trial 128 with value: 0.3574732866732527.
checkpoint_e16 window_influence: 0.48979984891299111, penalty_k: 0.14028178252053680, scale_lr: 0.31056913525819352, EAO: 0.312
Trial 455 finished with value: 0.3123383286630133 and parameters: {'window_influence': 0.4897998489129911, 'penalty_k': 0.1402817825205368, 'scale_lr': 0.3105691352581935}. Best is trial 128 with value: 0.3574732866732527.
checkpoint_e16 window_influence: 0.31690895540307473, penalty_k: 0.10333979714723840, scale_lr: 0.43252330493932634, EAO: 0.317
Trial 456 finished with value: 0.31654758299139224 and parameters: {'window_influence': 0.31690895540307473, 'penalty_k': 0.1033397971472384, 'scale_lr': 0.43252330493932634}. Best is trial 128 with value: 0.3574732866732527.
checkpoint_e16 window_influence: 0.41100037393103728, penalty_k: 0.01116195154115049, scale_lr: 0.21571127731817602, EAO: 0.343
Trial 457 finished with value: 0.3425816172291796 and parameters: {'window_influence': 0.4110003739310373, 'penalty_k': 0.011161951541150489, 'scale_lr': 0.21571127731817602}. Best is trial 128 with value: 0.3574732866732527.
checkpoint_e16 window_influence: 0.40530008100579473, penalty_k: 0.03658718444444746, scale_lr: 0.21437102410983863, EAO: 0.337
Trial 458 finished with value: 0.3373372235882607 and parameters: {'window_influence': 0.40530008100579473, 'penalty_k': 0.03658718444444746, 'scale_lr': 0.21437102410983863}. Best is trial 128 with value: 0.3574732866732527.
checkpoint_e16 window_influence: 0.40490594006227454, penalty_k: 0.01542938396091974, scale_lr: 0.19135408096487427, EAO: 0.315
Trial 459 finished with value: 0.3152069288816897 and parameters: {'window_influence': 0.40490594006227454, 'penalty_k': 0.015429383960919738, 'scale_lr': 0.19135408096487427}. Best is trial 128 with value: 0.3574732866732527.
checkpoint_e16 window_influence: 0.41761681792601901, penalty_k: 0.00361922302829122, scale_lr: 0.79922684675959599, EAO: 0.319
Trial 460 finished with value: 0.31866229079112934 and parameters: {'window_influence': 0.417616817926019, 'penalty_k': 0.003619223028291222, 'scale_lr': 0.799226846759596}. Best is trial 128 with value: 0.3574732866732527.
checkpoint_e16 window_influence: 0.38586450751063861, penalty_k: 0.05104256142016475, scale_lr: 0.25517570766523862, EAO: 0.333
Trial 461 finished with value: 0.33298077066120935 and parameters: {'window_influence': 0.3858645075106386, 'penalty_k': 0.05104256142016475, 'scale_lr': 0.2551757076652386}. Best is trial 128 with value: 0.3574732866732527.
checkpoint_e16 window_influence: 0.43145760221301022, penalty_k: 0.04150946453789914, scale_lr: 0.23376434750444711, EAO: 0.320
Trial 462 finished with value: 0.32007892366049356 and parameters: {'window_influence': 0.4314576022130102, 'penalty_k': 0.04150946453789914, 'scale_lr': 0.2337643475044471}. Best is trial 128 with value: 0.3574732866732527.
checkpoint_e16 window_influence: 0.44770750040068713, penalty_k: 0.00280624745901883, scale_lr: 0.20039614989793220, EAO: 0.330
Trial 463 finished with value: 0.33011197295866124 and parameters: {'window_influence': 0.44770750040068713, 'penalty_k': 0.0028062474590188347, 'scale_lr': 0.2003961498979322}. Best is trial 128 with value: 0.3574732866732527.
checkpoint_e16 window_influence: 0.41962202613551852, penalty_k: 0.06779568849997335, scale_lr: 0.21267839343978753, EAO: 0.297
Trial 464 finished with value: 0.29672545403358075 and parameters: {'window_influence': 0.4196220261355185, 'penalty_k': 0.06779568849997335, 'scale_lr': 0.21267839343978753}. Best is trial 128 with value: 0.3574732866732527.
checkpoint_e16 window_influence: 0.47913768558124786, penalty_k: 0.08890844120777802, scale_lr: 0.22186442788048732, EAO: 0.345
Trial 465 finished with value: 0.3450551964197641 and parameters: {'window_influence': 0.47913768558124786, 'penalty_k': 0.08890844120777802, 'scale_lr': 0.22186442788048732}. Best is trial 128 with value: 0.3574732866732527.
checkpoint_e16 window_influence: 0.05009460134083721, penalty_k: 0.00894481121856547, scale_lr: 0.23038052146373023, EAO: 0.258
Trial 466 finished with value: 0.25836128918345336 and parameters: {'window_influence': 0.05009460134083721, 'penalty_k': 0.008944811218565468, 'scale_lr': 0.23038052146373023}. Best is trial 128 with value: 0.3574732866732527.
checkpoint_e16 window_influence: 0.46635334413860258, penalty_k: 0.03677015331940887, scale_lr: 0.48238271571126634, EAO: 0.313
Trial 467 finished with value: 0.3126552624461252 and parameters: {'window_influence': 0.4663533441386026, 'penalty_k': 0.036770153319408874, 'scale_lr': 0.48238271571126634}. Best is trial 128 with value: 0.3574732866732527.
checkpoint_e16 window_influence: 0.49565227811374113, penalty_k: 0.01846195857826201, scale_lr: 0.21717955655019699, EAO: 0.334
Trial 468 finished with value: 0.3344822522499218 and parameters: {'window_influence': 0.49565227811374113, 'penalty_k': 0.018461958578262008, 'scale_lr': 0.217179556550197}. Best is trial 128 with value: 0.3574732866732527.
checkpoint_e16 window_influence: 0.51597665714745011, penalty_k: 0.10751549369791519, scale_lr: 0.18928807703699746, EAO: 0.331
Trial 469 finished with value: 0.33080006515469534 and parameters: {'window_influence': 0.5159766571474501, 'penalty_k': 0.10751549369791519, 'scale_lr': 0.18928807703699746}. Best is trial 128 with value: 0.3574732866732527.
checkpoint_e16 window_influence: 0.48082106389089796, penalty_k: 0.09755463119821195, scale_lr: 0.22280611509545922, EAO: 0.345
Trial 470 finished with value: 0.3449088155295598 and parameters: {'window_influence': 0.48082106389089796, 'penalty_k': 0.09755463119821195, 'scale_lr': 0.22280611509545922}. Best is trial 128 with value: 0.3574732866732527.
checkpoint_e16 window_influence: 0.48056165762325537, penalty_k: 0.08052413778801362, scale_lr: 0.20746423985055451, EAO: 0.333
Trial 471 finished with value: 0.3327962842548868 and parameters: {'window_influence': 0.48056165762325537, 'penalty_k': 0.08052413778801362, 'scale_lr': 0.2074642398505545}. Best is trial 128 with value: 0.3574732866732527.
checkpoint_e16 window_influence: 0.50500113893389265, penalty_k: 0.06575839164972148, scale_lr: 0.22729254629423151, EAO: 0.328
Trial 472 finished with value: 0.3282217215239306 and parameters: {'window_influence': 0.5050011389338926, 'penalty_k': 0.06575839164972148, 'scale_lr': 0.2272925462942315}. Best is trial 128 with value: 0.3574732866732527.
checkpoint_e16 window_influence: 0.48774557213264663, penalty_k: 0.01535845448734679, scale_lr: 0.23963516984608579, EAO: 0.332
Trial 473 finished with value: 0.33210704484338427 and parameters: {'window_influence': 0.48774557213264663, 'penalty_k': 0.015358454487346792, 'scale_lr': 0.2396351698460858}. Best is trial 128 with value: 0.3574732866732527.
checkpoint_e16 window_influence: 0.47412096505809209, penalty_k: 0.06079543585825462, scale_lr: 0.21934363640100127, EAO: 0.349
Trial 474 finished with value: 0.34933909414343334 and parameters: {'window_influence': 0.4741209650580921, 'penalty_k': 0.060795435858254615, 'scale_lr': 0.21934363640100127}. Best is trial 128 with value: 0.3574732866732527.
checkpoint_e16 window_influence: 0.46673417285956970, penalty_k: 0.05730992389478780, scale_lr: 0.21774534848262916, EAO: 0.332
Trial 475 finished with value: 0.3322878686370553 and parameters: {'window_influence': 0.4667341728595697, 'penalty_k': 0.0573099238947878, 'scale_lr': 0.21774534848262916}. Best is trial 128 with value: 0.3574732866732527.
checkpoint_e16 window_influence: 0.45350449572972079, penalty_k: 0.08833644442817543, scale_lr: 0.24596967062919980, EAO: 0.320
Trial 476 finished with value: 0.31989847541087335 and parameters: {'window_influence': 0.4535044957297208, 'penalty_k': 0.08833644442817543, 'scale_lr': 0.2459696706291998}. Best is trial 128 with value: 0.3574732866732527.
checkpoint_e16 window_influence: 0.47269311563192495, penalty_k: 0.05036804452658410, scale_lr: 0.25651663772468192, EAO: 0.319
Trial 477 finished with value: 0.3187389063000215 and parameters: {'window_influence': 0.47269311563192495, 'penalty_k': 0.050368044526584096, 'scale_lr': 0.2565166377246819}. Best is trial 128 with value: 0.3574732866732527.
checkpoint_e16 window_influence: 0.49565762169447752, penalty_k: 0.07675756515985030, scale_lr: 0.21689458194293007, EAO: 0.326
Trial 478 finished with value: 0.325737324960037 and parameters: {'window_influence': 0.4956576216944775, 'penalty_k': 0.0767575651598503, 'scale_lr': 0.21689458194293007}. Best is trial 128 with value: 0.3574732866732527.
checkpoint_e16 window_influence: 0.45931096491635848, penalty_k: 0.09405815800971437, scale_lr: 0.23102803428961985, EAO: 0.337
Trial 479 finished with value: 0.3370230971375328 and parameters: {'window_influence': 0.4593109649163585, 'penalty_k': 0.09405815800971437, 'scale_lr': 0.23102803428961985}. Best is trial 128 with value: 0.3574732866732527.
checkpoint_e16 window_influence: 0.62588278216104332, penalty_k: 0.09027283252773270, scale_lr: 0.24720748791478989, EAO: 0.262
Trial 480 finished with value: 0.26158205092185205 and parameters: {'window_influence': 0.6258827821610433, 'penalty_k': 0.0902728325277327, 'scale_lr': 0.2472074879147899}. Best is trial 128 with value: 0.3574732866732527.
checkpoint_e16 window_influence: 0.37155055870663356, penalty_k: 0.02694072075743362, scale_lr: 0.26903306806400923, EAO: 0.341
Trial 481 finished with value: 0.3407587595718844 and parameters: {'window_influence': 0.37155055870663356, 'penalty_k': 0.026940720757433624, 'scale_lr': 0.26903306806400923}. Best is trial 128 with value: 0.3574732866732527.
checkpoint_e16 window_influence: 0.39854015030521484, penalty_k: 0.04225944820349717, scale_lr: 0.27347061183251997, EAO: 0.319
Trial 482 finished with value: 0.31929719993112615 and parameters: {'window_influence': 0.39854015030521484, 'penalty_k': 0.04225944820349717, 'scale_lr': 0.27347061183251997}. Best is trial 128 with value: 0.3574732866732527.
checkpoint_e16 window_influence: 0.38178175294460809, penalty_k: 0.01622401559387109, scale_lr: 0.26270983911378326, EAO: 0.343
Trial 483 finished with value: 0.34278869246230514 and parameters: {'window_influence': 0.3817817529446081, 'penalty_k': 0.016224015593871086, 'scale_lr': 0.26270983911378326}. Best is trial 128 with value: 0.3574732866732527.
checkpoint_e16 window_influence: 0.39415066238130197, penalty_k: 0.01669435879675031, scale_lr: 0.27187197028209320, EAO: 0.329
Trial 484 finished with value: 0.329228454120892 and parameters: {'window_influence': 0.394150662381302, 'penalty_k': 0.01669435879675031, 'scale_lr': 0.2718719702820932}. Best is trial 128 with value: 0.3574732866732527.
checkpoint_e16 window_influence: 0.18651996223373121, penalty_k: 0.02278408933787803, scale_lr: 0.28932003117877964, EAO: 0.282
Trial 485 finished with value: 0.28152058792485335 and parameters: {'window_influence': 0.1865199622337312, 'penalty_k': 0.022784089337878028, 'scale_lr': 0.28932003117877964}. Best is trial 128 with value: 0.3574732866732527.
checkpoint_e16 window_influence: 0.38759411612612638, penalty_k: 0.01698335929379451, scale_lr: 0.26437946873241730, EAO: 0.328
Trial 486 finished with value: 0.3283899885671148 and parameters: {'window_influence': 0.3875941161261264, 'penalty_k': 0.016983359293794513, 'scale_lr': 0.2643794687324173}. Best is trial 128 with value: 0.3574732866732527.
checkpoint_e16 window_influence: 0.37543518745965243, penalty_k: 0.01493655379579635, scale_lr: 0.28226551063567062, EAO: 0.330
Trial 487 finished with value: 0.3296990775528585 and parameters: {'window_influence': 0.37543518745965243, 'penalty_k': 0.014936553795796352, 'scale_lr': 0.2822655106356706}. Best is trial 128 with value: 0.3574732866732527.
checkpoint_e16 window_influence: 0.37825686656473495, penalty_k: 0.03142087260044557, scale_lr: 0.29920271679056937, EAO: 0.326
Trial 488 finished with value: 0.32620572933659014 and parameters: {'window_influence': 0.37825686656473495, 'penalty_k': 0.03142087260044557, 'scale_lr': 0.29920271679056937}. Best is trial 128 with value: 0.3574732866732527.
checkpoint_e16 window_influence: 0.37126706257207126, penalty_k: 0.03022950675156930, scale_lr: 0.64343416275735210, EAO: 0.309
Trial 489 finished with value: 0.30908355227008405 and parameters: {'window_influence': 0.37126706257207126, 'penalty_k': 0.030229506751569296, 'scale_lr': 0.6434341627573521}. Best is trial 128 with value: 0.3574732866732527.
checkpoint_e16 window_influence: 0.35946133282965670, penalty_k: 0.02106506410434524, scale_lr: 0.25078109874623766, EAO: 0.333
Trial 490 finished with value: 0.33257237163731096 and parameters: {'window_influence': 0.3594613328296567, 'penalty_k': 0.021065064104345242, 'scale_lr': 0.25078109874623766}. Best is trial 128 with value: 0.3574732866732527.
checkpoint_e16 window_influence: 0.34754249274204735, penalty_k: 0.02695630478189473, scale_lr: 0.46577300315555464, EAO: 0.315
Trial 491 finished with value: 0.3147967192797345 and parameters: {'window_influence': 0.34754249274204735, 'penalty_k': 0.02695630478189473, 'scale_lr': 0.46577300315555464}. Best is trial 128 with value: 0.3574732866732527.
checkpoint_e16 window_influence: 0.37413357638639039, penalty_k: 0.00372384926915732, scale_lr: 0.26655737707613864, EAO: 0.328
Trial 492 finished with value: 0.328266845081103 and parameters: {'window_influence': 0.3741335763863904, 'penalty_k': 0.003723849269157316, 'scale_lr': 0.26655737707613864}. Best is trial 128 with value: 0.3574732866732527.
checkpoint_e16 window_influence: 0.36511682615557234, penalty_k: 0.02982185316110098, scale_lr: 0.28987467881433771, EAO: 0.323
Trial 493 finished with value: 0.3225045214019397 and parameters: {'window_influence': 0.36511682615557234, 'penalty_k': 0.029821853161100982, 'scale_lr': 0.2898746788143377}. Best is trial 128 with value: 0.3574732866732527.
checkpoint_e16 window_influence: 0.41110347339779363, penalty_k: 0.04981520534579281, scale_lr: 0.30747399078987148, EAO: 0.318
Trial 494 finished with value: 0.3179487396422991 and parameters: {'window_influence': 0.41110347339779363, 'penalty_k': 0.04981520534579281, 'scale_lr': 0.3074739907898715}. Best is trial 128 with value: 0.3574732866732527.
checkpoint_e16 window_influence: 0.09192862441802191, penalty_k: 0.06597458206402769, scale_lr: 0.62538414374032447, EAO: 0.268
Trial 495 finished with value: 0.2681972549119348 and parameters: {'window_influence': 0.09192862441802191, 'penalty_k': 0.06597458206402769, 'scale_lr': 0.6253841437403245}. Best is trial 128 with value: 0.3574732866732527.
checkpoint_e16 window_influence: 0.41240054738191900, penalty_k: 0.06269721904803721, scale_lr: 0.57812210065677838, EAO: 0.299
