Trial 1612 finished with value: 0.253295940241925 and parameters: {'window_influence': 0.13656947334575195, 'penalty_k': 0.32542740310818963, 'scale_lr': 0.15394683532856818}. Best is trial 62 with value: 0.3726749919963718.
checkpoint_e29 window_influence: 0.48896390873863987, penalty_k: 0.05331314991457201, scale_lr: 0.23524268715724003, EAO: 0.343
Trial 1613 finished with value: 0.3431275410410959 and parameters: {'window_influence': 0.4889639087386399, 'penalty_k': 0.053313149914572006, 'scale_lr': 0.23524268715724003}. Best is trial 62 with value: 0.3726749919963718.
checkpoint_e29 window_influence: 0.05435366887907273, penalty_k: 0.03360092628478135, scale_lr: 0.40738427610962707, EAO: 0.255
Trial 1614 finished with value: 0.25541252199313985 and parameters: {'window_influence': 0.054353668879072725, 'penalty_k': 0.033600926284781354, 'scale_lr': 0.4073842761096271}. Best is trial 62 with value: 0.3726749919963718.
checkpoint_e29 window_influence: 0.47108590577858089, penalty_k: 0.17344979485715895, scale_lr: 0.52863631198608529, EAO: 0.314
Trial 1615 finished with value: 0.3144564126484125 and parameters: {'window_influence': 0.4710859057785809, 'penalty_k': 0.17344979485715895, 'scale_lr': 0.5286363119860853}. Best is trial 62 with value: 0.3726749919963718.
checkpoint_e29 window_influence: 0.20295802458958587, penalty_k: 0.11311611225633107, scale_lr: 0.50294702585194306, EAO: 0.289
Trial 1616 finished with value: 0.28949406609692924 and parameters: {'window_influence': 0.20295802458958587, 'penalty_k': 0.11311611225633107, 'scale_lr': 0.5029470258519431}. Best is trial 62 with value: 0.3726749919963718.
checkpoint_e29 window_influence: 0.50445269757434985, penalty_k: 0.27498484666197920, scale_lr: 0.69772865021516206, EAO: 0.301
Trial 1617 finished with value: 0.30144754255096273 and parameters: {'window_influence': 0.5044526975743499, 'penalty_k': 0.2749848466619792, 'scale_lr': 0.6977286502151621}. Best is trial 62 with value: 0.3726749919963718.
checkpoint_e29 window_influence: 0.48643064136798392, penalty_k: 0.19035734439587890, scale_lr: 0.20022241667697036, EAO: 0.328
Trial 1618 finished with value: 0.3284659567742032 and parameters: {'window_influence': 0.4864306413679839, 'penalty_k': 0.1903573443958789, 'scale_lr': 0.20022241667697036}. Best is trial 62 with value: 0.3726749919963718.
checkpoint_e29 window_influence: 0.42644387877671214, penalty_k: 0.29047163331968251, scale_lr: 0.38848888398998660, EAO: 0.310
Trial 1619 finished with value: 0.3098222797134971 and parameters: {'window_influence': 0.42644387877671214, 'penalty_k': 0.2904716333196825, 'scale_lr': 0.3884888839899866}. Best is trial 62 with value: 0.3726749919963718.
checkpoint_e29 window_influence: 0.53569779048413135, penalty_k: 0.15151741803855412, scale_lr: 0.28759136284670517, EAO: 0.322
Trial 1620 finished with value: 0.321857750415802 and parameters: {'window_influence': 0.5356977904841314, 'penalty_k': 0.15151741803855412, 'scale_lr': 0.28759136284670517}. Best is trial 62 with value: 0.3726749919963718.
checkpoint_e29 window_influence: 0.59513499221888166, penalty_k: 0.09468883942622373, scale_lr: 0.61829624037860864, EAO: 0.258
Trial 1621 finished with value: 0.25770273822058964 and parameters: {'window_influence': 0.5951349922188817, 'penalty_k': 0.09468883942622373, 'scale_lr': 0.6182962403786086}. Best is trial 62 with value: 0.3726749919963718.
checkpoint_e29 window_influence: 0.44608014488011311, penalty_k: 0.30545143291138277, scale_lr: 0.59176754649066299, EAO: 0.324
Trial 1622 finished with value: 0.3240875500301443 and parameters: {'window_influence': 0.4460801448801131, 'penalty_k': 0.30545143291138277, 'scale_lr': 0.591767546490663}. Best is trial 62 with value: 0.3726749919963718.
checkpoint_e29 window_influence: 0.38444163930602132, penalty_k: 0.06954238065722143, scale_lr: 0.55334892435163974, EAO: 0.320
Trial 1623 finished with value: 0.320343674736728 and parameters: {'window_influence': 0.3844416393060213, 'penalty_k': 0.06954238065722143, 'scale_lr': 0.5533489243516397}. Best is trial 62 with value: 0.3726749919963718.
checkpoint_e29 window_influence: 0.46640323810404849, penalty_k: 0.04325853198813424, scale_lr: 0.16892564601298946, EAO: 0.334
Trial 1624 finished with value: 0.33358081630231806 and parameters: {'window_influence': 0.4664032381040485, 'penalty_k': 0.04325853198813424, 'scale_lr': 0.16892564601298946}. Best is trial 62 with value: 0.3726749919963718.
checkpoint_e29 window_influence: 0.51719016463256118, penalty_k: 0.06330005006040691, scale_lr: 0.26868515498229739, EAO: 0.314
Trial 1625 finished with value: 0.31376870463562384 and parameters: {'window_influence': 0.5171901646325612, 'penalty_k': 0.06330005006040691, 'scale_lr': 0.2686851549822974}. Best is trial 62 with value: 0.3726749919963718.
checkpoint_e29 window_influence: 0.49790505592508993, penalty_k: 0.08186108584010077, scale_lr: 0.46876377449651319, EAO: 0.348
Trial 1626 finished with value: 0.3483579565810786 and parameters: {'window_influence': 0.49790505592508993, 'penalty_k': 0.08186108584010077, 'scale_lr': 0.4687637744965132}. Best is trial 62 with value: 0.3726749919963718.
checkpoint_e29 window_influence: 0.48213048450908397, penalty_k: 0.22497209832577567, scale_lr: 0.64744547327755797, EAO: 0.328
Trial 1627 finished with value: 0.3280431287877755 and parameters: {'window_influence': 0.48213048450908397, 'penalty_k': 0.22497209832577567, 'scale_lr': 0.647445473277558}. Best is trial 62 with value: 0.3726749919963718.
checkpoint_e29 window_influence: 0.50818327224875626, penalty_k: 0.20453295143878686, scale_lr: 0.25359594152644266, EAO: 0.320
Trial 1628 finished with value: 0.32028923488080735 and parameters: {'window_influence': 0.5081832722487563, 'penalty_k': 0.20453295143878686, 'scale_lr': 0.25359594152644266}. Best is trial 62 with value: 0.3726749919963718.
checkpoint_e29 window_influence: 0.12331062208741708, penalty_k: 0.10708765713184434, scale_lr: 0.53941623357197832, EAO: 0.269
Trial 1629 finished with value: 0.2694185800009664 and parameters: {'window_influence': 0.12331062208741708, 'penalty_k': 0.10708765713184434, 'scale_lr': 0.5394162335719783}. Best is trial 62 with value: 0.3726749919963718.
checkpoint_e29 window_influence: 0.09792330921212478, penalty_k: 0.50520303483121709, scale_lr: 0.43575882191528459, EAO: 0.246
Trial 1630 finished with value: 0.245753022251426 and parameters: {'window_influence': 0.09792330921212478, 'penalty_k': 0.5052030348312171, 'scale_lr': 0.4357588219152846}. Best is trial 62 with value: 0.3726749919963718.
checkpoint_e29 window_influence: 0.46055833489435638, penalty_k: 0.24525746004072635, scale_lr: 0.21931493991757370, EAO: 0.320
Trial 1631 finished with value: 0.32031950221219413 and parameters: {'window_influence': 0.4605583348943564, 'penalty_k': 0.24525746004072635, 'scale_lr': 0.2193149399175737}. Best is trial 62 with value: 0.3726749919963718.
checkpoint_e29 window_influence: 0.24806805282770872, penalty_k: 0.38260892531421342, scale_lr: 0.17874285017483513, EAO: 0.291
Trial 1632 finished with value: 0.2909243965543198 and parameters: {'window_influence': 0.24806805282770872, 'penalty_k': 0.3826089253142134, 'scale_lr': 0.17874285017483513}. Best is trial 62 with value: 0.3726749919963718.
checkpoint_e29 window_influence: 0.47646150684491428, penalty_k: 0.35348627412684547, scale_lr: 0.66144462591361097, EAO: 0.327
Trial 1633 finished with value: 0.3272538245420048 and parameters: {'window_influence': 0.4764615068449143, 'penalty_k': 0.35348627412684547, 'scale_lr': 0.661444625913611}. Best is trial 62 with value: 0.3726749919963718.
checkpoint_e29 window_influence: 0.29264087631854369, penalty_k: 0.12496618696822767, scale_lr: 0.12386111650140907, EAO: 0.311
Trial 1634 finished with value: 0.31094868011511717 and parameters: {'window_influence': 0.2926408763185437, 'penalty_k': 0.12496618696822767, 'scale_lr': 0.12386111650140907}. Best is trial 62 with value: 0.3726749919963718.
checkpoint_e29 window_influence: 0.41592940731125533, penalty_k: 0.13957847446254404, scale_lr: 0.57655022959629465, EAO: 0.330
Trial 1635 finished with value: 0.3298033688086944 and parameters: {'window_influence': 0.41592940731125533, 'penalty_k': 0.13957847446254404, 'scale_lr': 0.5765502295962946}. Best is trial 62 with value: 0.3726749919963718.
checkpoint_e29 window_influence: 0.52477827202082472, penalty_k: 0.05287215296653178, scale_lr: 0.41547835201282846, EAO: 0.333
Trial 1636 finished with value: 0.3328393403194294 and parameters: {'window_influence': 0.5247782720208247, 'penalty_k': 0.052872152966531784, 'scale_lr': 0.41547835201282846}. Best is trial 62 with value: 0.3726749919963718.
checkpoint_e29 window_influence: 0.49116781758450057, penalty_k: 0.53440179411170985, scale_lr: 0.31507659927736675, EAO: 0.314
Trial 1637 finished with value: 0.3136772923896285 and parameters: {'window_influence': 0.49116781758450057, 'penalty_k': 0.5344017941117098, 'scale_lr': 0.31507659927736675}. Best is trial 62 with value: 0.3726749919963718.
checkpoint_e29 window_influence: 0.45180004886781466, penalty_k: 0.09859119823760019, scale_lr: 0.14893770407864354, EAO: 0.330
Trial 1638 finished with value: 0.3304979767548899 and parameters: {'window_influence': 0.45180004886781466, 'penalty_k': 0.0985911982376002, 'scale_lr': 0.14893770407864354}. Best is trial 62 with value: 0.3726749919963718.
checkpoint_e29 window_influence: 0.43535491174841529, penalty_k: 0.02780809615566499, scale_lr: 0.37069522354957463, EAO: 0.335
Trial 1639 finished with value: 0.3353388348905957 and parameters: {'window_influence': 0.4353549117484153, 'penalty_k': 0.027808096155664985, 'scale_lr': 0.3706952235495746}. Best is trial 62 with value: 0.3726749919963718.
checkpoint_e29 window_influence: 0.15146663612356784, penalty_k: 0.07028675226941088, scale_lr: 0.28147802899485075, EAO: 0.282
Trial 1640 finished with value: 0.2820422405282811 and parameters: {'window_influence': 0.15146663612356784, 'penalty_k': 0.07028675226941088, 'scale_lr': 0.28147802899485075}. Best is trial 62 with value: 0.3726749919963718.
checkpoint_e29 window_influence: 0.50096231100036293, penalty_k: 0.00895727476831374, scale_lr: 0.51372435077866219, EAO: 0.344
Trial 1641 finished with value: 0.3444628440684382 and parameters: {'window_influence': 0.5009623110003629, 'penalty_k': 0.008957274768313737, 'scale_lr': 0.5137243507786622}. Best is trial 62 with value: 0.3726749919963718.
checkpoint_e29 window_influence: 0.55901226226627043, penalty_k: 0.18329541245087627, scale_lr: 0.44698158922747300, EAO: 0.299
Trial 1642 finished with value: 0.29855037384923794 and parameters: {'window_influence': 0.5590122622662704, 'penalty_k': 0.18329541245087627, 'scale_lr': 0.446981589227473}. Best is trial 62 with value: 0.3726749919963718.
checkpoint_e29 window_influence: 0.47176751611989792, penalty_k: 0.23189682433725653, scale_lr: 0.19887026001348709, EAO: 0.331
Trial 1643 finished with value: 0.33051630802423576 and parameters: {'window_influence': 0.4717675161198979, 'penalty_k': 0.23189682433725653, 'scale_lr': 0.1988702600134871}. Best is trial 62 with value: 0.3726749919963718.
checkpoint_e29 window_influence: 0.50930087173027205, penalty_k: 0.16822386028026234, scale_lr: 0.22596176694023579, EAO: 0.341
Trial 1644 finished with value: 0.3408916514903191 and parameters: {'window_influence': 0.509300871730272, 'penalty_k': 0.16822386028026234, 'scale_lr': 0.2259617669402358}. Best is trial 62 with value: 0.3726749919963718.
checkpoint_e29 window_influence: 0.54685155065373359, penalty_k: 0.08403447503251971, scale_lr: 0.42532852645023062, EAO: 0.318
Trial 1645 finished with value: 0.31806149400393785 and parameters: {'window_influence': 0.5468515506537336, 'penalty_k': 0.0840344750325197, 'scale_lr': 0.4253285264502306}. Best is trial 62 with value: 0.3726749919963718.
checkpoint_e29 window_influence: 0.48519747586382750, penalty_k: 0.29679086235961694, scale_lr: 0.24203200889386975, EAO: 0.317
Trial 1646 finished with value: 0.3166921941222848 and parameters: {'window_influence': 0.4851974758638275, 'penalty_k': 0.29679086235961694, 'scale_lr': 0.24203200889386975}. Best is trial 62 with value: 0.3726749919963718.
checkpoint_e29 window_influence: 0.57459831128494099, penalty_k: 0.56584289307755742, scale_lr: 0.49247059185916148, EAO: 0.255
Trial 1647 finished with value: 0.2549460282701463 and parameters: {'window_influence': 0.574598311284941, 'penalty_k': 0.5658428930775574, 'scale_lr': 0.4924705918591615}. Best is trial 62 with value: 0.3726749919963718.
checkpoint_e29 window_influence: 0.52327348177172117, penalty_k: 0.03969148862990219, scale_lr: 0.11334384995439209, EAO: 0.335
Trial 1648 finished with value: 0.3353196424269027 and parameters: {'window_influence': 0.5232734817717212, 'penalty_k': 0.03969148862990219, 'scale_lr': 0.11334384995439209}. Best is trial 62 with value: 0.3726749919963718.
checkpoint_e29 window_influence: 0.49721902902238979, penalty_k: 0.06039679417413854, scale_lr: 0.46599988008667659, EAO: 0.344
Trial 1649 finished with value: 0.3435060459584114 and parameters: {'window_influence': 0.4972190290223898, 'penalty_k': 0.06039679417413854, 'scale_lr': 0.4659998800866766}. Best is trial 62 with value: 0.3726749919963718.
checkpoint_e29 window_influence: 0.23128714087316390, penalty_k: 0.54601358448299842, scale_lr: 0.13449690774623413, EAO: 0.275
Trial 1650 finished with value: 0.27457633359422945 and parameters: {'window_influence': 0.2312871408731639, 'penalty_k': 0.5460135844829984, 'scale_lr': 0.13449690774623413}. Best is trial 62 with value: 0.3726749919963718.
checkpoint_e29 window_influence: 0.58205269996361508, penalty_k: 0.26753352431384825, scale_lr: 0.68323346939208907, EAO: 0.252
Trial 1651 finished with value: 0.2523643635358328 and parameters: {'window_influence': 0.5820526999636151, 'penalty_k': 0.26753352431384825, 'scale_lr': 0.6832334693920891}. Best is trial 62 with value: 0.3726749919963718.
checkpoint_e29 window_influence: 0.46282460379683449, penalty_k: 0.09667182151236446, scale_lr: 0.10020162200775304, EAO: 0.324
Trial 1652 finished with value: 0.3237093011576842 and parameters: {'window_influence': 0.4628246037968345, 'penalty_k': 0.09667182151236446, 'scale_lr': 0.10020162200775304}. Best is trial 62 with value: 0.3726749919963718.
checkpoint_e29 window_influence: 0.12692019931941725, penalty_k: 0.21201279589205044, scale_lr: 0.21223798115923809, EAO: 0.264
Trial 1653 finished with value: 0.26439839102878643 and parameters: {'window_influence': 0.12692019931941725, 'penalty_k': 0.21201279589205044, 'scale_lr': 0.2122379811592381}. Best is trial 62 with value: 0.3726749919963718.
checkpoint_e29 window_influence: 0.18431709516289424, penalty_k: 0.11982681729913469, scale_lr: 0.65599339967849979, EAO: 0.308
Trial 1654 finished with value: 0.3075886554291276 and parameters: {'window_influence': 0.18431709516289424, 'penalty_k': 0.11982681729913469, 'scale_lr': 0.6559933996784998}. Best is trial 62 with value: 0.3726749919963718.
checkpoint_e29 window_influence: 0.48665328724364698, penalty_k: 0.16020834011730384, scale_lr: 0.71500113097027285, EAO: 0.332
Trial 1655 finished with value: 0.33154469925605834 and parameters: {'window_influence': 0.486653287243647, 'penalty_k': 0.16020834011730384, 'scale_lr': 0.7150011309702728}. Best is trial 62 with value: 0.3726749919963718.
checkpoint_e29 window_influence: 0.39849310382695580, penalty_k: 0.19595991603372367, scale_lr: 0.56065703814484880, EAO: 0.315
Trial 1656 finished with value: 0.3146122435419476 and parameters: {'window_influence': 0.3984931038269558, 'penalty_k': 0.19595991603372367, 'scale_lr': 0.5606570381448488}. Best is trial 62 with value: 0.3726749919963718.
checkpoint_e29 window_influence: 0.44490863601293840, penalty_k: 0.07670593208436881, scale_lr: 0.19139607777333323, EAO: 0.360
Trial 1657 finished with value: 0.360271411415204 and parameters: {'window_influence': 0.4449086360129384, 'penalty_k': 0.07670593208436881, 'scale_lr': 0.19139607777333323}. Best is trial 62 with value: 0.3726749919963718.
checkpoint_e29 window_influence: 0.42826970886319182, penalty_k: 0.04857391584991017, scale_lr: 0.18584019136038399, EAO: 0.339
Trial 1658 finished with value: 0.33947639787707345 and parameters: {'window_influence': 0.4282697088631918, 'penalty_k': 0.04857391584991017, 'scale_lr': 0.185840191360384}. Best is trial 62 with value: 0.3726749919963718.
checkpoint_e29 window_influence: 0.41764273214947539, penalty_k: 0.50903805681979097, scale_lr: 0.16707693143762761, EAO: 0.317
Trial 1659 finished with value: 0.31654454199488524 and parameters: {'window_influence': 0.4176427321494754, 'penalty_k': 0.509038056819791, 'scale_lr': 0.1670769314376276}. Best is trial 62 with value: 0.3726749919963718.
checkpoint_e29 window_influence: 0.40710591682468478, penalty_k: 0.57891097655724710, scale_lr: 0.18910954138478103, EAO: 0.311
Trial 1660 finished with value: 0.3108052059370256 and parameters: {'window_influence': 0.4071059168246848, 'penalty_k': 0.5789109765572471, 'scale_lr': 0.18910954138478103}. Best is trial 62 with value: 0.3726749919963718.
checkpoint_e29 window_influence: 0.44039654277889828, penalty_k: 0.06468304856523989, scale_lr: 0.53995735205514528, EAO: 0.325
Trial 1661 finished with value: 0.32544404117513726 and parameters: {'window_influence': 0.4403965427788983, 'penalty_k': 0.06468304856523989, 'scale_lr': 0.5399573520551453}. Best is trial 62 with value: 0.3726749919963718.
checkpoint_e29 window_influence: 0.43761860930905583, penalty_k: 0.07272530431932392, scale_lr: 0.62871475766860341, EAO: 0.334
Trial 1662 finished with value: 0.33359930626613155 and parameters: {'window_influence': 0.43761860930905583, 'penalty_k': 0.07272530431932392, 'scale_lr': 0.6287147576686034}. Best is trial 62 with value: 0.3726749919963718.
checkpoint_e29 window_influence: 0.15671561473464549, penalty_k: 0.03689849632013290, scale_lr: 0.52434496265121144, EAO: 0.270
Trial 1663 finished with value: 0.27046936941749855 and parameters: {'window_influence': 0.1567156147346455, 'penalty_k': 0.036898496320132895, 'scale_lr': 0.5243449626512114}. Best is trial 62 with value: 0.3726749919963718.
checkpoint_e29 window_influence: 0.42093216844458520, penalty_k: 0.05801765288787234, scale_lr: 0.74484524678014163, EAO: 0.333
Trial 1664 finished with value: 0.3331659562624846 and parameters: {'window_influence': 0.4209321684445852, 'penalty_k': 0.05801765288787234, 'scale_lr': 0.7448452467801416}. Best is trial 62 with value: 0.3726749919963718.
checkpoint_e29 window_influence: 0.44489109128957016, penalty_k: 0.02348172997666840, scale_lr: 0.17125031817768430, EAO: 0.328
Trial 1665 finished with value: 0.32807180128904634 and parameters: {'window_influence': 0.44489109128957016, 'penalty_k': 0.023481729976668402, 'scale_lr': 0.1712503181776843}. Best is trial 62 with value: 0.3726749919963718.
checkpoint_e29 window_influence: 0.62793066935110742, penalty_k: 0.25828666677139928, scale_lr: 0.60749152681956375, EAO: 0.239
Trial 1666 finished with value: 0.23895340972373458 and parameters: {'window_influence': 0.6279306693511074, 'penalty_k': 0.2582866667713993, 'scale_lr': 0.6074915268195638}. Best is trial 62 with value: 0.3726749919963718.
checkpoint_e29 window_influence: 0.51200581970822656, penalty_k: 0.32839884281551218, scale_lr: 0.50152395800067540, EAO: 0.308
Trial 1667 finished with value: 0.3076960881628415 and parameters: {'window_influence': 0.5120058197082266, 'penalty_k': 0.3283988428155122, 'scale_lr': 0.5015239580006754}. Best is trial 62 with value: 0.3726749919963718.
checkpoint_e29 window_influence: 0.53911796465865758, penalty_k: 0.40618003060580132, scale_lr: 0.47866936794564369, EAO: 0.294
Trial 1668 finished with value: 0.29440708910676755 and parameters: {'window_influence': 0.5391179646586576, 'penalty_k': 0.4061800306058013, 'scale_lr': 0.4786693679456437}. Best is trial 62 with value: 0.3726749919963718.
checkpoint_e29 window_influence: 0.50396256084432156, penalty_k: 0.07899949504212792, scale_lr: 0.45265597901420368, EAO: 0.341
Trial 1669 finished with value: 0.3412191170894682 and parameters: {'window_influence': 0.5039625608443216, 'penalty_k': 0.07899949504212792, 'scale_lr': 0.4526559790142037}. Best is trial 62 with value: 0.3726749919963718.
checkpoint_e29 window_influence: 0.37589541875455207, penalty_k: 0.04643529242787282, scale_lr: 0.15542507822644061, EAO: 0.328
Trial 1670 finished with value: 0.32816902087124405 and parameters: {'window_influence': 0.37589541875455207, 'penalty_k': 0.046435292427872824, 'scale_lr': 0.1554250782264406}. Best is trial 62 with value: 0.3726749919963718.
checkpoint_e29 window_influence: 0.43002791177523231, penalty_k: 0.14952722942389307, scale_lr: 0.56078162123582609, EAO: 0.306
Trial 1671 finished with value: 0.30645712073674924 and parameters: {'window_influence': 0.4300279117752323, 'penalty_k': 0.14952722942389307, 'scale_lr': 0.5607816212358261}. Best is trial 62 with value: 0.3726749919963718.
checkpoint_e29 window_influence: 0.51919379615849048, penalty_k: 0.27788987184881936, scale_lr: 0.58598937342265600, EAO: 0.295
Trial 1672 finished with value: 0.2952583152728322 and parameters: {'window_influence': 0.5191937961584905, 'penalty_k': 0.27788987184881936, 'scale_lr': 0.585989373422656}. Best is trial 62 with value: 0.3726749919963718.
checkpoint_e29 window_influence: 0.45103901833002324, penalty_k: 0.06914461348310871, scale_lr: 0.78129178587139481, EAO: 0.356
Trial 1673 finished with value: 0.35640221613854284 and parameters: {'window_influence': 0.45103901833002324, 'penalty_k': 0.06914461348310871, 'scale_lr': 0.7812917858713948}. Best is trial 62 with value: 0.3726749919963718.
checkpoint_e29 window_influence: 0.49686449929702076, penalty_k: 0.24548928941309658, scale_lr: 0.39664471451832362, EAO: 0.318
