A new study created in memory with name: no-name-4a099ecc-299d-46b3-8463-22e3b28e583a
A new study created in memory with name: no-name-09c57c60-aa81-4dba-ba40-65a8bb78df03
checkpoint_e18 window_influence: 0.26763637508657356, penalty_k: 0.05506531655853781, scale_lr: 0.43771719955431165, EAO: 0.295
Trial 0 finished with value: 0.29450925152589374 and parameters: {'window_influence': 0.26763637508657356, 'penalty_k': 0.05506531655853781, 'scale_lr': 0.43771719955431165}. Best is trial 0 with value: 0.29450925152589374.
checkpoint_e18 window_influence: 0.17582601680220772, penalty_k: 0.09203658039305704, scale_lr: 0.57131910865006086, EAO: 0.276
Trial 0 finished with value: 0.27566146647651835 and parameters: {'window_influence': 0.17582601680220772, 'penalty_k': 0.09203658039305704, 'scale_lr': 0.5713191086500609}. Best is trial 0 with value: 0.27566146647651835.
checkpoint_e18 window_influence: 0.10024572133238899, penalty_k: 0.21808416874987185, scale_lr: 0.44643619595434203, EAO: 0.270
Trial 1 finished with value: 0.26985126612019444 and parameters: {'window_influence': 0.10024572133238899, 'penalty_k': 0.21808416874987185, 'scale_lr': 0.44643619595434203}. Best is trial 0 with value: 0.27566146647651835.
checkpoint_e18 window_influence: 0.53067311339033907, penalty_k: 0.11908701871466747, scale_lr: 0.18359246223036527, EAO: 0.290
Trial 1 finished with value: 0.2895833954852843 and parameters: {'window_influence': 0.5306731133903391, 'penalty_k': 0.11908701871466747, 'scale_lr': 0.18359246223036527}. Best is trial 0 with value: 0.29450925152589374.
checkpoint_e18 window_influence: 0.55022363593086232, penalty_k: 0.51360123060243978, scale_lr: 0.60069352671843690, EAO: 0.268
Trial 2 finished with value: 0.26801869047059157 and parameters: {'window_influence': 0.5502236359308623, 'penalty_k': 0.5136012306024398, 'scale_lr': 0.6006935267184369}. Best is trial 0 with value: 0.27566146647651835.
checkpoint_e18 window_influence: 0.21400671545715633, penalty_k: 0.42678652237846088, scale_lr: 0.16069548916502238, EAO: 0.269
Trial 3 finished with value: 0.26931061314469645 and parameters: {'window_influence': 0.21400671545715633, 'penalty_k': 0.4267865223784609, 'scale_lr': 0.16069548916502238}. Best is trial 0 with value: 0.27566146647651835.
checkpoint_e18 window_influence: 0.15575885582566526, penalty_k: 0.46340137665414149, scale_lr: 0.72339845843112727, EAO: 0.250
Trial 2 finished with value: 0.2501828364361121 and parameters: {'window_influence': 0.15575885582566526, 'penalty_k': 0.4634013766541415, 'scale_lr': 0.7233984584311273}. Best is trial 0 with value: 0.29450925152589374.
checkpoint_e18 window_influence: 0.34822472857079018, penalty_k: 0.01594259134797058, scale_lr: 0.49731161517294009, EAO: 0.335
Trial 4 finished with value: 0.33532753609961574 and parameters: {'window_influence': 0.3482247285707902, 'penalty_k': 0.01594259134797058, 'scale_lr': 0.4973116151729401}. Best is trial 4 with value: 0.33532753609961574.
checkpoint_e18 window_influence: 0.27895653309045165, penalty_k: 0.00148583117245933, scale_lr: 0.52050139699709597, EAO: 0.318
Trial 5 finished with value: 0.31840860240654256 and parameters: {'window_influence': 0.27895653309045165, 'penalty_k': 0.0014858311724593287, 'scale_lr': 0.520501396997096}. Best is trial 4 with value: 0.33532753609961574.
checkpoint_e18 window_influence: 0.16677673658171666, penalty_k: 0.48416666592790120, scale_lr: 0.31546317833159943, EAO: 0.271
Trial 3 finished with value: 0.27135412539953385 and parameters: {'window_influence': 0.16677673658171666, 'penalty_k': 0.4841666659279012, 'scale_lr': 0.3154631783315994}. Best is trial 0 with value: 0.29450925152589374.
checkpoint_e18 window_influence: 0.63708451807479993, penalty_k: 0.24438414151605437, scale_lr: 0.57436352563307758, EAO: 0.229
Trial 6 finished with value: 0.22854325679721535 and parameters: {'window_influence': 0.6370845180747999, 'penalty_k': 0.24438414151605437, 'scale_lr': 0.5743635256330776}. Best is trial 4 with value: 0.33532753609961574.
checkpoint_e18 window_influence: 0.38909652359681834, penalty_k: 0.52216101438312068, scale_lr: 0.71775660311139766, EAO: 0.284
Trial 7 finished with value: 0.2844619749816939 and parameters: {'window_influence': 0.38909652359681834, 'penalty_k': 0.5221610143831207, 'scale_lr': 0.7177566031113977}. Best is trial 4 with value: 0.33532753609961574.
checkpoint_e18 window_influence: 0.61757353729965270, penalty_k: 0.39358106623315320, scale_lr: 0.37265265607892406, EAO: 0.238
Trial 4 finished with value: 0.23841243228559827 and parameters: {'window_influence': 0.6175735372996527, 'penalty_k': 0.3935810662331532, 'scale_lr': 0.37265265607892406}. Best is trial 0 with value: 0.29450925152589374.
checkpoint_e18 window_influence: 0.31049865461610315, penalty_k: 0.58676226623174899, scale_lr: 0.33159625336531934, EAO: 0.285
Trial 8 finished with value: 0.28537501696250783 and parameters: {'window_influence': 0.31049865461610315, 'penalty_k': 0.586762266231749, 'scale_lr': 0.33159625336531934}. Best is trial 4 with value: 0.33532753609961574.
checkpoint_e18 window_influence: 0.38848905897940977, penalty_k: 0.56366590092795643, scale_lr: 0.71642473191411871, EAO: 0.294
Trial 9 finished with value: 0.29374687785304476 and parameters: {'window_influence': 0.3884890589794098, 'penalty_k': 0.5636659009279564, 'scale_lr': 0.7164247319141187}. Best is trial 4 with value: 0.33532753609961574.
checkpoint_e18 window_influence: 0.56120359615409809, penalty_k: 0.27001294631034217, scale_lr: 0.66354297895417280, EAO: 0.266
Trial 5 finished with value: 0.26636200227162254 and parameters: {'window_influence': 0.5612035961540981, 'penalty_k': 0.2700129463103422, 'scale_lr': 0.6635429789541728}. Best is trial 0 with value: 0.29450925152589374.
checkpoint_e18 window_influence: 0.46771680441335967, penalty_k: 0.13526747784377383, scale_lr: 0.38130771911637196, EAO: 0.306
Trial 10 finished with value: 0.3060516804340748 and parameters: {'window_influence': 0.46771680441335967, 'penalty_k': 0.13526747784377383, 'scale_lr': 0.38130771911637196}. Best is trial 4 with value: 0.33532753609961574.
checkpoint_e18 window_influence: 0.28191070153417680, penalty_k: 0.01701172019222261, scale_lr: 0.50912821139341180, EAO: 0.298
Trial 11 finished with value: 0.2984366558405212 and parameters: {'window_influence': 0.2819107015341768, 'penalty_k': 0.01701172019222261, 'scale_lr': 0.5091282113934118}. Best is trial 4 with value: 0.33532753609961574.
checkpoint_e18 window_influence: 0.05613915255743094, penalty_k: 0.23932832085024949, scale_lr: 0.61414121157621016, EAO: 0.234
Trial 6 finished with value: 0.23401524851294342 and parameters: {'window_influence': 0.05613915255743094, 'penalty_k': 0.2393283208502495, 'scale_lr': 0.6141412115762102}. Best is trial 0 with value: 0.29450925152589374.
checkpoint_e18 window_influence: 0.26773652315917462, penalty_k: 0.01017617504539205, scale_lr: 0.43417610411556434, EAO: 0.296
Trial 12 finished with value: 0.2957148537445625 and parameters: {'window_influence': 0.2677365231591746, 'penalty_k': 0.010176175045392052, 'scale_lr': 0.43417610411556434}. Best is trial 4 with value: 0.33532753609961574.
checkpoint_e18 window_influence: 0.37682220223536123, penalty_k: 0.11072952331549771, scale_lr: 0.29094267337753299, EAO: 0.310
Trial 13 finished with value: 0.3098894644108264 and parameters: {'window_influence': 0.3768222022353612, 'penalty_k': 0.11072952331549771, 'scale_lr': 0.290942673377533}. Best is trial 4 with value: 0.33532753609961574.
checkpoint_e18 window_influence: 0.57218672580503160, penalty_k: 0.09148582634461874, scale_lr: 0.47787969694078547, EAO: 0.291
Trial 7 finished with value: 0.2907323064391251 and parameters: {'window_influence': 0.5721867258050316, 'penalty_k': 0.09148582634461874, 'scale_lr': 0.47787969694078547}. Best is trial 0 with value: 0.29450925152589374.
checkpoint_e18 window_influence: 0.05773770268553555, penalty_k: 0.00693057640585754, scale_lr: 0.77923227403688533, EAO: 0.273
Trial 14 finished with value: 0.273296474598725 and parameters: {'window_influence': 0.05773770268553555, 'penalty_k': 0.006930576405857536, 'scale_lr': 0.7792322740368853}. Best is trial 4 with value: 0.33532753609961574.
checkpoint_e18 window_influence: 0.21394853713775874, penalty_k: 0.35738689120528444, scale_lr: 0.51080697288442611, EAO: 0.271
Trial 15 finished with value: 0.27076849532730385 and parameters: {'window_influence': 0.21394853713775874, 'penalty_k': 0.35738689120528444, 'scale_lr': 0.5108069728844261}. Best is trial 4 with value: 0.33532753609961574.
checkpoint_e18 window_influence: 0.08515566409538525, penalty_k: 0.13567676441596602, scale_lr: 0.20731771059601090, EAO: 0.257
Trial 8 finished with value: 0.256841671548001 and parameters: {'window_influence': 0.08515566409538525, 'penalty_k': 0.13567676441596602, 'scale_lr': 0.2073177105960109}. Best is trial 0 with value: 0.29450925152589374.
checkpoint_e18 window_influence: 0.45331807863720336, penalty_k: 0.15780645480606870, scale_lr: 0.64821233251158938, EAO: 0.302
Trial 16 finished with value: 0.3023409935055076 and parameters: {'window_influence': 0.45331807863720336, 'penalty_k': 0.1578064548060687, 'scale_lr': 0.6482123325115894}. Best is trial 4 with value: 0.33532753609961574.
checkpoint_e18 window_influence: 0.31096288479900669, penalty_k: 0.04875615849721499, scale_lr: 0.48797559215965980, EAO: 0.309
Trial 17 finished with value: 0.30883344306324245 and parameters: {'window_influence': 0.3109628847990067, 'penalty_k': 0.048756158497214985, 'scale_lr': 0.4879755921596598}. Best is trial 4 with value: 0.33532753609961574.
checkpoint_e18 window_influence: 0.48521300218143393, penalty_k: 0.28473629067114165, scale_lr: 0.75619962299794219, EAO: 0.284
Trial 9 finished with value: 0.284275873045977 and parameters: {'window_influence': 0.48521300218143393, 'penalty_k': 0.28473629067114165, 'scale_lr': 0.7561996229979422}. Best is trial 0 with value: 0.29450925152589374.
checkpoint_e18 window_influence: 0.33601113255159731, penalty_k: 0.07681999312353803, scale_lr: 0.39192775036048133, EAO: 0.299
Trial 18 finished with value: 0.2993695583440914 and parameters: {'window_influence': 0.3360111325515973, 'penalty_k': 0.07681999312353803, 'scale_lr': 0.39192775036048133}. Best is trial 4 with value: 0.33532753609961574.
checkpoint_e18 window_influence: 0.14458954052626255, penalty_k: 0.19360201595248566, scale_lr: 0.53634438332717393, EAO: 0.263
Trial 19 finished with value: 0.2631147671418431 and parameters: {'window_influence': 0.14458954052626255, 'penalty_k': 0.19360201595248566, 'scale_lr': 0.5363443833271739}. Best is trial 4 with value: 0.33532753609961574.
checkpoint_e18 window_influence: 0.32982947822308772, penalty_k: 0.00612021072359259, scale_lr: 0.51513886259360164, EAO: 0.309
Trial 10 finished with value: 0.30944653690325147 and parameters: {'window_influence': 0.3298294782230877, 'penalty_k': 0.0061202107235925896, 'scale_lr': 0.5151388625936016}. Best is trial 10 with value: 0.30944653690325147.
checkpoint_e18 window_influence: 0.25100838922184870, penalty_k: 0.27173117640955990, scale_lr: 0.63361305524512135, EAO: 0.316
Trial 20 finished with value: 0.3158643432976207 and parameters: {'window_influence': 0.2510083892218487, 'penalty_k': 0.2717311764095599, 'scale_lr': 0.6336130552451213}. Best is trial 4 with value: 0.33532753609961574.
checkpoint_e18 window_influence: 0.24478431681719615, penalty_k: 0.29517705022627977, scale_lr: 0.63691052862443798, EAO: 0.293
Trial 21 finished with value: 0.2925947807178423 and parameters: {'window_influence': 0.24478431681719615, 'penalty_k': 0.29517705022627977, 'scale_lr': 0.636910528624438}. Best is trial 4 with value: 0.33532753609961574.
checkpoint_e18 window_influence: 0.31230468576628756, penalty_k: 0.00778225015939829, scale_lr: 0.53859944321805930, EAO: 0.293
Trial 11 finished with value: 0.29273534887959524 and parameters: {'window_influence': 0.31230468576628756, 'penalty_k': 0.007782250159398293, 'scale_lr': 0.5385994432180593}. Best is trial 10 with value: 0.30944653690325147.
checkpoint_e18 window_influence: 0.25561360631237046, penalty_k: 0.06749623370958435, scale_lr: 0.63091748786232471, EAO: 0.289
Trial 22 finished with value: 0.28865486580574096 and parameters: {'window_influence': 0.25561360631237046, 'penalty_k': 0.06749623370958435, 'scale_lr': 0.6309174878623247}. Best is trial 4 with value: 0.33532753609961574.
checkpoint_e18 window_influence: 0.32328390405050295, penalty_k: 0.15019405948132006, scale_lr: 0.55464149340964708, EAO: 0.304
Trial 23 finished with value: 0.3035224697585236 and parameters: {'window_influence': 0.32328390405050295, 'penalty_k': 0.15019405948132006, 'scale_lr': 0.5546414934096471}. Best is trial 4 with value: 0.33532753609961574.
checkpoint_e18 window_influence: 0.33644817775316771, penalty_k: 0.03592716596611525, scale_lr: 0.52304605507161439, EAO: 0.328
Trial 12 finished with value: 0.32824763365756676 and parameters: {'window_influence': 0.3364481777531677, 'penalty_k': 0.035927165966115254, 'scale_lr': 0.5230460550716144}. Best is trial 12 with value: 0.32824763365756676.
checkpoint_e18 window_influence: 0.19143831682092807, penalty_k: 0.05297649506962615, scale_lr: 0.46535347347160716, EAO: 0.285
Trial 24 finished with value: 0.28451792866803327 and parameters: {'window_influence': 0.19143831682092807, 'penalty_k': 0.05297649506962615, 'scale_lr': 0.46535347347160716}. Best is trial 4 with value: 0.33532753609961574.
checkpoint_e18 window_influence: 0.15359145961678969, penalty_k: 0.11600594786473853, scale_lr: 0.67917425337521331, EAO: 0.291
Trial 25 finished with value: 0.2911756853301238 and parameters: {'window_influence': 0.1535914596167897, 'penalty_k': 0.11600594786473853, 'scale_lr': 0.6791742533752133}. Best is trial 4 with value: 0.33532753609961574.
checkpoint_e18 window_influence: 0.44046381058763029, penalty_k: 0.01464288526562111, scale_lr: 0.57331184810616387, EAO: 0.357
Trial 13 finished with value: 0.3571438087795495 and parameters: {'window_influence': 0.4404638105876303, 'penalty_k': 0.014642885265621115, 'scale_lr': 0.5733118481061639}. Best is trial 13 with value: 0.3571438087795495.
checkpoint_e18 window_influence: 0.24188814527836910, penalty_k: 0.18040326285284308, scale_lr: 0.57177350532389515, EAO: 0.291
Trial 26 finished with value: 0.2911808533079429 and parameters: {'window_influence': 0.2418881452783691, 'penalty_k': 0.18040326285284308, 'scale_lr': 0.5717735053238951}. Best is trial 4 with value: 0.33532753609961574.
checkpoint_e18 window_influence: 0.35294682597348964, penalty_k: 0.25174693075291477, scale_lr: 0.59475247425099931, EAO: 0.305
Trial 27 finished with value: 0.3054991997633463 and parameters: {'window_influence': 0.35294682597348964, 'penalty_k': 0.25174693075291477, 'scale_lr': 0.5947524742509993}. Best is trial 4 with value: 0.33532753609961574.
checkpoint_e18 window_influence: 0.42411119071480274, penalty_k: 0.14780886817081640, scale_lr: 0.59866393444533106, EAO: 0.308
Trial 14 finished with value: 0.3081421036316727 and parameters: {'window_influence': 0.42411119071480274, 'penalty_k': 0.1478088681708164, 'scale_lr': 0.5986639344453311}. Best is trial 13 with value: 0.3571438087795495.
checkpoint_e18 window_influence: 0.26968708514163514, penalty_k: 0.10665162091106484, scale_lr: 0.50982164216475201, EAO: 0.306
Trial 28 finished with value: 0.3058876118655335 and parameters: {'window_influence': 0.26968708514163514, 'penalty_k': 0.10665162091106484, 'scale_lr': 0.509821642164752}. Best is trial 4 with value: 0.33532753609961574.
checkpoint_e18 window_influence: 0.16461613662940378, penalty_k: 0.06407662963733390, scale_lr: 0.54493103753433292, EAO: 0.267
Trial 29 finished with value: 0.2669069892817434 and parameters: {'window_influence': 0.16461613662940378, 'penalty_k': 0.0640766296373339, 'scale_lr': 0.5449310375343329}. Best is trial 4 with value: 0.33532753609961574.
checkpoint_e18 window_influence: 0.40669119655313374, penalty_k: 0.17862304574509333, scale_lr: 0.57525629810544110, EAO: 0.302
Trial 15 finished with value: 0.30175272308666884 and parameters: {'window_influence': 0.40669119655313374, 'penalty_k': 0.17862304574509333, 'scale_lr': 0.5752562981054411}. Best is trial 13 with value: 0.3571438087795495.
checkpoint_e18 window_influence: 0.29289094470607435, penalty_k: 0.09577355533323086, scale_lr: 0.61951060414286196, EAO: 0.299
Trial 30 finished with value: 0.29921373313271116 and parameters: {'window_influence': 0.29289094470607435, 'penalty_k': 0.09577355533323086, 'scale_lr': 0.619510604142862}. Best is trial 4 with value: 0.33532753609961574.
checkpoint_e18 window_influence: 0.37132322357290853, penalty_k: 0.03965022444709342, scale_lr: 0.24438105935492044, EAO: 0.324
Trial 31 finished with value: 0.3238392333112338 and parameters: {'window_influence': 0.37132322357290853, 'penalty_k': 0.039650224447093416, 'scale_lr': 0.24438105935492044}. Best is trial 4 with value: 0.33532753609961574.
checkpoint_e18 window_influence: 0.44363090840915637, penalty_k: 0.06234709850989607, scale_lr: 0.67511455273899135, EAO: 0.310
Trial 16 finished with value: 0.3097652078022753 and parameters: {'window_influence': 0.44363090840915637, 'penalty_k': 0.06234709850989607, 'scale_lr': 0.6751145527389913}. Best is trial 13 with value: 0.3571438087795495.
checkpoint_e18 window_influence: 0.33572276347587837, penalty_k: 0.02132235416164752, scale_lr: 0.13075213449852924, EAO: 0.324
Trial 32 finished with value: 0.3244095176806246 and parameters: {'window_influence': 0.33572276347587837, 'penalty_k': 0.02132235416164752, 'scale_lr': 0.13075213449852924}. Best is trial 4 with value: 0.33532753609961574.
checkpoint_e18 window_influence: 0.35643025073780510, penalty_k: 0.00426328730664765, scale_lr: 0.10708995260105802, EAO: 0.312
Trial 33 finished with value: 0.3122496473881985 and parameters: {'window_influence': 0.3564302507378051, 'penalty_k': 0.0042632873066476475, 'scale_lr': 0.10708995260105802}. Best is trial 4 with value: 0.33532753609961574.
checkpoint_e18 window_influence: 0.36721384842860505, penalty_k: 0.19286162716021316, scale_lr: 0.79462345961683978, EAO: 0.284
Trial 17 finished with value: 0.2835542514978216 and parameters: {'window_influence': 0.36721384842860505, 'penalty_k': 0.19286162716021316, 'scale_lr': 0.7946234596168398}. Best is trial 13 with value: 0.3571438087795495.
checkpoint_e18 window_influence: 0.42819351352923163, penalty_k: 0.03997843050437871, scale_lr: 0.21889383938107188, EAO: 0.338
Trial 34 finished with value: 0.33836543745567826 and parameters: {'window_influence': 0.42819351352923163, 'penalty_k': 0.039978430504378715, 'scale_lr': 0.21889383938107188}. Best is trial 34 with value: 0.33836543745567826.
checkpoint_e18 window_influence: 0.44346895304474182, penalty_k: 0.03504367417801317, scale_lr: 0.20351897126217786, EAO: 0.312
Trial 35 finished with value: 0.31239963899790546 and parameters: {'window_influence': 0.4434689530447418, 'penalty_k': 0.03504367417801317, 'scale_lr': 0.20351897126217786}. Best is trial 34 with value: 0.33836543745567826.
checkpoint_e18 window_influence: 0.50060537243021275, penalty_k: 0.33795080837189617, scale_lr: 0.41704740500028475, EAO: 0.296
Trial 18 finished with value: 0.2958622315630375 and parameters: {'window_influence': 0.5006053724302127, 'penalty_k': 0.33795080837189617, 'scale_lr': 0.41704740500028475}. Best is trial 13 with value: 0.3571438087795495.
checkpoint_e18 window_influence: 0.41256345441261061, penalty_k: 0.05166123816677572, scale_lr: 0.22343015910634700, EAO: 0.332
Trial 36 finished with value: 0.33186579620327933 and parameters: {'window_influence': 0.4125634544126106, 'penalty_k': 0.051661238166775716, 'scale_lr': 0.223430159106347}. Best is trial 34 with value: 0.33836543745567826.
checkpoint_e18 window_influence: 0.41276392822436581, penalty_k: 0.07829974143991580, scale_lr: 0.15415713740123455, EAO: 0.338
Trial 37 finished with value: 0.3382492303152492 and parameters: {'window_influence': 0.4127639282243658, 'penalty_k': 0.0782997414399158, 'scale_lr': 0.15415713740123455}. Best is trial 34 with value: 0.33836543745567826.
checkpoint_e18 window_influence: 0.26846484212301036, penalty_k: 0.00239863205159354, scale_lr: 0.51582263532168404, EAO: 0.306
Trial 19 finished with value: 0.30564319020579295 and parameters: {'window_influence': 0.26846484212301036, 'penalty_k': 0.002398632051593543, 'scale_lr': 0.515822635321684}. Best is trial 13 with value: 0.3571438087795495.
checkpoint_e18 window_influence: 0.40532502796621922, penalty_k: 0.09644930402958166, scale_lr: 0.17769224687614502, EAO: 0.313
Trial 38 finished with value: 0.31281848002500573 and parameters: {'window_influence': 0.4053250279662192, 'penalty_k': 0.09644930402958166, 'scale_lr': 0.17769224687614502}. Best is trial 34 with value: 0.33836543745567826.
checkpoint_e18 window_influence: 0.49822105596418242, penalty_k: 0.07521503743770475, scale_lr: 0.22028351986488137, EAO: 0.324
Trial 39 finished with value: 0.32352966928296517 and parameters: {'window_influence': 0.4982210559641824, 'penalty_k': 0.07521503743770475, 'scale_lr': 0.22028351986488137}. Best is trial 34 with value: 0.33836543745567826.
checkpoint_e18 window_influence: 0.63178534286846433, penalty_k: 0.22046903886088565, scale_lr: 0.64455120983848724, EAO: 0.230
Trial 20 finished with value: 0.22996463710695852 and parameters: {'window_influence': 0.6317853428684643, 'penalty_k': 0.22046903886088565, 'scale_lr': 0.6445512098384872}. Best is trial 13 with value: 0.3571438087795495.
checkpoint_e18 window_influence: 0.41864184440540736, penalty_k: 0.13443571398406343, scale_lr: 0.14470652392373526, EAO: 0.319
