Trial 2837 finished with value: 0.33721223137258094 and parameters: {'window_influence': 0.487397581517834, 'penalty_k': 0.1255774686668652, 'scale_lr': 0.22942128849360818}. Best is trial 1270 with value: 0.3623636909959845.
checkpoint_e22 window_influence: 0.52547656341576410, penalty_k: 0.02681657320789878, scale_lr: 0.78279598217681301, EAO: 0.304
Trial 2838 finished with value: 0.3043501920969106 and parameters: {'window_influence': 0.5254765634157641, 'penalty_k': 0.026816573207898778, 'scale_lr': 0.782795982176813}. Best is trial 1270 with value: 0.3623636909959845.
checkpoint_e22 window_influence: 0.34293116753094915, penalty_k: 0.56811137158680858, scale_lr: 0.56628156903211657, EAO: 0.307
Trial 2839 finished with value: 0.3070814984085959 and parameters: {'window_influence': 0.34293116753094915, 'penalty_k': 0.5681113715868086, 'scale_lr': 0.5662815690321166}. Best is trial 1270 with value: 0.3623636909959845.
checkpoint_e22 window_influence: 0.21428872283322736, penalty_k: 0.49796809873628745, scale_lr: 0.47965180413067282, EAO: 0.269
Trial 2840 finished with value: 0.2685598849902357 and parameters: {'window_influence': 0.21428872283322736, 'penalty_k': 0.49796809873628745, 'scale_lr': 0.4796518041306728}. Best is trial 1270 with value: 0.3623636909959845.
checkpoint_e22 window_influence: 0.47214749465370076, penalty_k: 0.24471992415613852, scale_lr: 0.67901732426044137, EAO: 0.302
Trial 2841 finished with value: 0.302016292274694 and parameters: {'window_influence': 0.47214749465370076, 'penalty_k': 0.24471992415613852, 'scale_lr': 0.6790173242604414}. Best is trial 1270 with value: 0.3623636909959845.
checkpoint_e22 window_influence: 0.38083820205596275, penalty_k: 0.40575003097941242, scale_lr: 0.24902183899292488, EAO: 0.306
Trial 2842 finished with value: 0.3063480042877828 and parameters: {'window_influence': 0.38083820205596275, 'penalty_k': 0.4057500309794124, 'scale_lr': 0.24902183899292488}. Best is trial 1270 with value: 0.3623636909959845.
checkpoint_e22 window_influence: 0.28451261293870006, penalty_k: 0.52265856008858558, scale_lr: 0.51514895281252115, EAO: 0.276
Trial 2843 finished with value: 0.2764567578581057 and parameters: {'window_influence': 0.28451261293870006, 'penalty_k': 0.5226585600885856, 'scale_lr': 0.5151489528125212}. Best is trial 1270 with value: 0.3623636909959845.
checkpoint_e22 window_influence: 0.50249935134833812, penalty_k: 0.39313263931034381, scale_lr: 0.26686547612247807, EAO: 0.291
Trial 2844 finished with value: 0.2913971439525775 and parameters: {'window_influence': 0.5024993513483381, 'penalty_k': 0.3931326393103438, 'scale_lr': 0.2668654761224781}. Best is trial 1270 with value: 0.3623636909959845.
checkpoint_e22 window_influence: 0.46427465114503663, penalty_k: 0.37692858831011400, scale_lr: 0.30914962355301284, EAO: 0.300
Trial 2845 finished with value: 0.2995089994678238 and parameters: {'window_influence': 0.46427465114503663, 'penalty_k': 0.376928588310114, 'scale_lr': 0.30914962355301284}. Best is trial 1270 with value: 0.3623636909959845.
checkpoint_e22 window_influence: 0.48454832351203658, penalty_k: 0.25791533598920602, scale_lr: 0.53702582568880419, EAO: 0.308
Trial 2846 finished with value: 0.3076452724200742 and parameters: {'window_influence': 0.4845483235120366, 'penalty_k': 0.257915335989206, 'scale_lr': 0.5370258256888042}. Best is trial 1270 with value: 0.3623636909959845.
checkpoint_e22 window_influence: 0.51250409927273843, penalty_k: 0.27322455111068333, scale_lr: 0.49151080678384340, EAO: 0.279
Trial 2847 finished with value: 0.2792466433015779 and parameters: {'window_influence': 0.5125040992727384, 'penalty_k': 0.27322455111068333, 'scale_lr': 0.4915108067838434}. Best is trial 1270 with value: 0.3623636909959845.
checkpoint_e22 window_influence: 0.60502045583361497, penalty_k: 0.46357699919174478, scale_lr: 0.15490536954501832, EAO: 0.237
Trial 2848 finished with value: 0.237263945695955 and parameters: {'window_influence': 0.605020455833615, 'penalty_k': 0.4635769991917448, 'scale_lr': 0.15490536954501832}. Best is trial 1270 with value: 0.3623636909959845.
checkpoint_e22 window_influence: 0.41746364883806780, penalty_k: 0.15344195118423939, scale_lr: 0.69770222842486040, EAO: 0.328
Trial 2849 finished with value: 0.3284878092981034 and parameters: {'window_influence': 0.4174636488380678, 'penalty_k': 0.1534419511842394, 'scale_lr': 0.6977022284248604}. Best is trial 1270 with value: 0.3623636909959845.
checkpoint_e22 window_influence: 0.59966062152207489, penalty_k: 0.11364846794209996, scale_lr: 0.66089448875721790, EAO: 0.247
Trial 2850 finished with value: 0.2467608271521817 and parameters: {'window_influence': 0.5996606215220749, 'penalty_k': 0.11364846794209996, 'scale_lr': 0.6608944887572179}. Best is trial 1270 with value: 0.3623636909959845.
checkpoint_e22 window_influence: 0.42921505144902711, penalty_k: 0.03969794814609125, scale_lr: 0.57952328928786867, EAO: 0.326
Trial 2851 finished with value: 0.32630759744328747 and parameters: {'window_influence': 0.4292150514490271, 'penalty_k': 0.03969794814609125, 'scale_lr': 0.5795232892878687}. Best is trial 1270 with value: 0.3623636909959845.
checkpoint_e22 window_influence: 0.31618156852453561, penalty_k: 0.01149881824450969, scale_lr: 0.61031783177030863, EAO: 0.299
Trial 2852 finished with value: 0.29861891669753926 and parameters: {'window_influence': 0.3161815685245356, 'penalty_k': 0.01149881824450969, 'scale_lr': 0.6103178317703086}. Best is trial 1270 with value: 0.3623636909959845.
checkpoint_e22 window_influence: 0.54469764036447543, penalty_k: 0.18757382174796652, scale_lr: 0.29701002329735388, EAO: 0.296
Trial 2853 finished with value: 0.2963644322370277 and parameters: {'window_influence': 0.5446976403644754, 'penalty_k': 0.18757382174796652, 'scale_lr': 0.2970100232973539}. Best is trial 1270 with value: 0.3623636909959845.
checkpoint_e22 window_influence: 0.49648628591667926, penalty_k: 0.02539033555334141, scale_lr: 0.50504261287256491, EAO: 0.329
Trial 2854 finished with value: 0.32940239926024634 and parameters: {'window_influence': 0.49648628591667926, 'penalty_k': 0.025390335553341414, 'scale_lr': 0.5050426128725649}. Best is trial 1270 with value: 0.3623636909959845.
checkpoint_e22 window_influence: 0.45456901292817181, penalty_k: 0.17044193885474040, scale_lr: 0.28229970050363773, EAO: 0.327
Trial 2855 finished with value: 0.3268616207610772 and parameters: {'window_influence': 0.4545690129281718, 'penalty_k': 0.1704419388547404, 'scale_lr': 0.28229970050363773}. Best is trial 1270 with value: 0.3623636909959845.
checkpoint_e22 window_influence: 0.47399993206034807, penalty_k: 0.13667616300211163, scale_lr: 0.19000538983209878, EAO: 0.338
Trial 2856 finished with value: 0.33797669178780876 and parameters: {'window_influence': 0.4739999320603481, 'penalty_k': 0.13667616300211163, 'scale_lr': 0.19000538983209878}. Best is trial 1270 with value: 0.3623636909959845.
checkpoint_e22 window_influence: 0.29711990981340392, penalty_k: 0.48644694788826193, scale_lr: 0.71484811900768674, EAO: 0.300
Trial 2857 finished with value: 0.299720367221053 and parameters: {'window_influence': 0.2971199098134039, 'penalty_k': 0.4864469478882619, 'scale_lr': 0.7148481190076867}. Best is trial 1270 with value: 0.3623636909959845.
checkpoint_e22 window_influence: 0.05593947519389997, penalty_k: 0.11026421565839360, scale_lr: 0.59798765958921440, EAO: 0.239
Trial 2858 finished with value: 0.23942619341820595 and parameters: {'window_influence': 0.05593947519389997, 'penalty_k': 0.1102642156583936, 'scale_lr': 0.5979876595892144}. Best is trial 1270 with value: 0.3623636909959845.
checkpoint_e22 window_influence: 0.48357632335817247, penalty_k: 0.59026775376566731, scale_lr: 0.74303503650004965, EAO: 0.293
Trial 2859 finished with value: 0.293448953834953 and parameters: {'window_influence': 0.48357632335817247, 'penalty_k': 0.5902677537656673, 'scale_lr': 0.7430350365000497}. Best is trial 1270 with value: 0.3623636909959845.
checkpoint_e22 window_influence: 0.44186173922279526, penalty_k: 0.21133277561401476, scale_lr: 0.32501116991689721, EAO: 0.303
Trial 2860 finished with value: 0.3027037710299288 and parameters: {'window_influence': 0.44186173922279526, 'penalty_k': 0.21133277561401476, 'scale_lr': 0.3250111699168972}. Best is trial 1270 with value: 0.3623636909959845.
checkpoint_e22 window_influence: 0.46439820667640569, penalty_k: 0.05304822766469874, scale_lr: 0.51789940614374530, EAO: 0.337
Trial 2861 finished with value: 0.33709998666544366 and parameters: {'window_influence': 0.4643982066764057, 'penalty_k': 0.053048227664698744, 'scale_lr': 0.5178994061437453}. Best is trial 1270 with value: 0.3623636909959845.
checkpoint_e22 window_influence: 0.56068063175538285, penalty_k: 0.01787297565246430, scale_lr: 0.24067080885617118, EAO: 0.300
Trial 2862 finished with value: 0.3003327854064652 and parameters: {'window_influence': 0.5606806317553829, 'penalty_k': 0.017872975652464297, 'scale_lr': 0.24067080885617118}. Best is trial 1270 with value: 0.3623636909959845.
checkpoint_e22 window_influence: 0.49033151941187375, penalty_k: 0.03647344080624423, scale_lr: 0.11828184976673656, EAO: 0.335
Trial 2863 finished with value: 0.33476938979866905 and parameters: {'window_influence': 0.49033151941187375, 'penalty_k': 0.036473440806244234, 'scale_lr': 0.11828184976673656}. Best is trial 1270 with value: 0.3623636909959845.
checkpoint_e22 window_influence: 0.19488830703211879, penalty_k: 0.12889491597669206, scale_lr: 0.54801918346235257, EAO: 0.268
Trial 2864 finished with value: 0.26765388401101997 and parameters: {'window_influence': 0.1948883070321188, 'penalty_k': 0.12889491597669206, 'scale_lr': 0.5480191834623526}. Best is trial 1270 with value: 0.3623636909959845.
checkpoint_e22 window_influence: 0.47310895600838115, penalty_k: 0.39367948025449229, scale_lr: 0.64077137116666216, EAO: 0.307
Trial 2865 finished with value: 0.3065773353038595 and parameters: {'window_influence': 0.47310895600838115, 'penalty_k': 0.3936794802544923, 'scale_lr': 0.6407713711666622}. Best is trial 1270 with value: 0.3623636909959845.
checkpoint_e22 window_influence: 0.45047730907645339, penalty_k: 0.10731294114457131, scale_lr: 0.20567048533978138, EAO: 0.343
Trial 2866 finished with value: 0.3429394854877709 and parameters: {'window_influence': 0.4504773090764534, 'penalty_k': 0.10731294114457131, 'scale_lr': 0.20567048533978138}. Best is trial 1270 with value: 0.3623636909959845.
checkpoint_e22 window_influence: 0.40030311390258388, penalty_k: 0.52931773470688714, scale_lr: 0.39656175241496378, EAO: 0.317
Trial 2867 finished with value: 0.3171479592411435 and parameters: {'window_influence': 0.4003031139025839, 'penalty_k': 0.5293177347068871, 'scale_lr': 0.3965617524149638}. Best is trial 1270 with value: 0.3623636909959845.
checkpoint_e22 window_influence: 0.06359428618245411, penalty_k: 0.26967092348283195, scale_lr: 0.47539680534249401, EAO: 0.237
Trial 2868 finished with value: 0.23664496085291242 and parameters: {'window_influence': 0.06359428618245411, 'penalty_k': 0.26967092348283195, 'scale_lr': 0.475396805342494}. Best is trial 1270 with value: 0.3623636909959845.
checkpoint_e22 window_influence: 0.50881732613447561, penalty_k: 0.00016769923488946, scale_lr: 0.62025398549736854, EAO: 0.296
Trial 2869 finished with value: 0.2963612026857495 and parameters: {'window_influence': 0.5088173261344756, 'penalty_k': 0.00016769923488946237, 'scale_lr': 0.6202539854973685}. Best is trial 1270 with value: 0.3623636909959845.
checkpoint_e22 window_influence: 0.49590430843877398, penalty_k: 0.09815711609386756, scale_lr: 0.58885236956492992, EAO: 0.335
Trial 2870 finished with value: 0.33467288703770026 and parameters: {'window_influence': 0.495904308438774, 'penalty_k': 0.09815711609386756, 'scale_lr': 0.5888523695649299}. Best is trial 1270 with value: 0.3623636909959845.
checkpoint_e22 window_influence: 0.31196754480857491, penalty_k: 0.28049217369725410, scale_lr: 0.67188541719549699, EAO: 0.308
Trial 2871 finished with value: 0.30794897536359406 and parameters: {'window_influence': 0.3119675448085749, 'penalty_k': 0.2804921736972541, 'scale_lr': 0.671885417195497}. Best is trial 1270 with value: 0.3623636909959845.
checkpoint_e22 window_influence: 0.52695574938911904, penalty_k: 0.30469668798939625, scale_lr: 0.26716992653503963, EAO: 0.294
Trial 2872 finished with value: 0.2939164804345439 and parameters: {'window_influence': 0.526955749389119, 'penalty_k': 0.30469668798939625, 'scale_lr': 0.2671699265350396}. Best is trial 1270 with value: 0.3623636909959845.
checkpoint_e22 window_influence: 0.46317673321198510, penalty_k: 0.12030637580400080, scale_lr: 0.56073267368636248, EAO: 0.338
Trial 2873 finished with value: 0.33775918933668025 and parameters: {'window_influence': 0.4631767332119851, 'penalty_k': 0.1203063758040008, 'scale_lr': 0.5607326736863625}. Best is trial 1270 with value: 0.3623636909959845.
checkpoint_e22 window_influence: 0.20718568140840407, penalty_k: 0.33166898086707791, scale_lr: 0.69179876750314251, EAO: 0.273
Trial 2874 finished with value: 0.2725094316186608 and parameters: {'window_influence': 0.20718568140840407, 'penalty_k': 0.3316689808670779, 'scale_lr': 0.6917987675031425}. Best is trial 1270 with value: 0.3623636909959845.
checkpoint_e22 window_influence: 0.14863558295336671, penalty_k: 0.01073870300257751, scale_lr: 0.31075646372412224, EAO: 0.248
Trial 2875 finished with value: 0.24812573217696254 and parameters: {'window_influence': 0.1486355829533667, 'penalty_k': 0.010738703002577506, 'scale_lr': 0.31075646372412224}. Best is trial 1270 with value: 0.3623636909959845.
checkpoint_e22 window_influence: 0.48187004301285391, penalty_k: 0.02907479003785314, scale_lr: 0.48700050198767258, EAO: 0.318
Trial 2876 finished with value: 0.3182642722524094 and parameters: {'window_influence': 0.4818700430128539, 'penalty_k': 0.02907479003785314, 'scale_lr': 0.4870005019876726}. Best is trial 1270 with value: 0.3623636909959845.
checkpoint_e22 window_influence: 0.09496503346110907, penalty_k: 0.34129602199262493, scale_lr: 0.52756438391327454, EAO: 0.238
Trial 2877 finished with value: 0.2384892921851303 and parameters: {'window_influence': 0.09496503346110907, 'penalty_k': 0.34129602199262493, 'scale_lr': 0.5275643839132745}. Best is trial 1270 with value: 0.3623636909959845.
checkpoint_e22 window_influence: 0.45621663263439033, penalty_k: 0.35438577103632030, scale_lr: 0.22815046541867895, EAO: 0.291
Trial 2878 finished with value: 0.29142020480410136 and parameters: {'window_influence': 0.45621663263439033, 'penalty_k': 0.3543857710363203, 'scale_lr': 0.22815046541867895}. Best is trial 1270 with value: 0.3623636909959845.
checkpoint_e22 window_influence: 0.28033867250656547, penalty_k: 0.46898872312379181, scale_lr: 0.49977842916697007, EAO: 0.277
Trial 2879 finished with value: 0.27663707767943 and parameters: {'window_influence': 0.28033867250656547, 'penalty_k': 0.4689887231237918, 'scale_lr': 0.4997784291669701}. Best is trial 1270 with value: 0.3623636909959845.
checkpoint_e22 window_influence: 0.26764267169712808, penalty_k: 0.44657935228010631, scale_lr: 0.76730453257170339, EAO: 0.277
Trial 2880 finished with value: 0.27651538981074025 and parameters: {'window_influence': 0.2676426716971281, 'penalty_k': 0.4465793522801063, 'scale_lr': 0.7673045325717034}. Best is trial 1270 with value: 0.3623636909959845.
checkpoint_e22 window_influence: 0.07860448347195986, penalty_k: 0.30157905516601247, scale_lr: 0.57098793473172871, EAO: 0.235
Trial 2881 finished with value: 0.23455827860052947 and parameters: {'window_influence': 0.07860448347195986, 'penalty_k': 0.30157905516601247, 'scale_lr': 0.5709879347317287}. Best is trial 1270 with value: 0.3623636909959845.
checkpoint_e22 window_influence: 0.47240263720818210, penalty_k: 0.02360691284067753, scale_lr: 0.63065212535307880, EAO: 0.334
Trial 2882 finished with value: 0.3343701756881833 and parameters: {'window_influence': 0.4724026372081821, 'penalty_k': 0.02360691284067753, 'scale_lr': 0.6306521253530788}. Best is trial 1270 with value: 0.3623636909959845.
checkpoint_e22 window_influence: 0.49553530068318946, penalty_k: 0.00018867648867403, scale_lr: 0.28031021285797481, EAO: 0.344
Trial 2883 finished with value: 0.34386101736168917 and parameters: {'window_influence': 0.49553530068318946, 'penalty_k': 0.00018867648867403145, 'scale_lr': 0.2803102128579748}. Best is trial 1270 with value: 0.3623636909959845.
checkpoint_e22 window_influence: 0.10682973972637827, penalty_k: 0.13832429434245189, scale_lr: 0.29806104706874659, EAO: 0.277
Trial 2884 finished with value: 0.27661090347089656 and parameters: {'window_influence': 0.10682973972637827, 'penalty_k': 0.1383242943424519, 'scale_lr': 0.2980610470687466}. Best is trial 1270 with value: 0.3623636909959845.
checkpoint_e22 window_influence: 0.42289939381361807, penalty_k: 0.15732645087799629, scale_lr: 0.72125051669453411, EAO: 0.325
Trial 2885 finished with value: 0.3252350025255856 and parameters: {'window_influence': 0.4228993938136181, 'penalty_k': 0.1573264508779963, 'scale_lr': 0.7212505166945341}. Best is trial 1270 with value: 0.3623636909959845.
checkpoint_e22 window_influence: 0.64844479707573366, penalty_k: 0.05232558535645413, scale_lr: 0.32262082781891166, EAO: 0.232
Trial 2886 finished with value: 0.23161632332820373 and parameters: {'window_influence': 0.6484447970757337, 'penalty_k': 0.05232558535645413, 'scale_lr': 0.32262082781891166}. Best is trial 1270 with value: 0.3623636909959845.
checkpoint_e22 window_influence: 0.43483960357777901, penalty_k: 0.54133637790339151, scale_lr: 0.59969935080987591, EAO: 0.302
Trial 2887 finished with value: 0.30242098902681924 and parameters: {'window_influence': 0.434839603577779, 'penalty_k': 0.5413363779033915, 'scale_lr': 0.5996993508098759}. Best is trial 1270 with value: 0.3623636909959845.
checkpoint_e22 window_influence: 0.48302654847807658, penalty_k: 0.01022407690664778, scale_lr: 0.38698444800071874, EAO: 0.347
Trial 2888 finished with value: 0.34669496959749363 and parameters: {'window_influence': 0.4830265484780766, 'penalty_k': 0.010224076906647776, 'scale_lr': 0.38698444800071874}. Best is trial 1270 with value: 0.3623636909959845.
checkpoint_e22 window_influence: 0.32988106560501829, penalty_k: 0.09000888644216000, scale_lr: 0.25271261370464765, EAO: 0.319
Trial 2889 finished with value: 0.3190580519488813 and parameters: {'window_influence': 0.3298810656050183, 'penalty_k': 0.09000888644216, 'scale_lr': 0.25271261370464765}. Best is trial 1270 with value: 0.3623636909959845.
checkpoint_e22 window_influence: 0.51605974925240516, penalty_k: 0.19296678453337787, scale_lr: 0.65513257235579769, EAO: 0.301
Trial 2890 finished with value: 0.3012071314488867 and parameters: {'window_influence': 0.5160597492524052, 'penalty_k': 0.19296678453337787, 'scale_lr': 0.6551325723557977}. Best is trial 1270 with value: 0.3623636909959845.
checkpoint_e22 window_influence: 0.44828034753176799, penalty_k: 0.29102281964761889, scale_lr: 0.70832103261563462, EAO: 0.301
Trial 2891 finished with value: 0.30140566130092633 and parameters: {'window_influence': 0.448280347531768, 'penalty_k': 0.2910228196476189, 'scale_lr': 0.7083210326156346}. Best is trial 1270 with value: 0.3623636909959845.
checkpoint_e22 window_influence: 0.46567982423520476, penalty_k: 0.53390592505887502, scale_lr: 0.60897085396293682, EAO: 0.306
Trial 2892 finished with value: 0.30634767031623233 and parameters: {'window_influence': 0.46567982423520476, 'penalty_k': 0.533905925058875, 'scale_lr': 0.6089708539629368}. Best is trial 1270 with value: 0.3623636909959845.
checkpoint_e22 window_influence: 0.50404459750057096, penalty_k: 0.00008105251001342, scale_lr: 0.50369296032841604, EAO: 0.339
Trial 2893 finished with value: 0.33866468222688606 and parameters: {'window_influence': 0.504044597500571, 'penalty_k': 8.105251001341504e-05, 'scale_lr': 0.503692960328416}. Best is trial 1270 with value: 0.3623636909959845.
checkpoint_e22 window_influence: 0.13101107214035568, penalty_k: 0.03787621471340124, scale_lr: 0.55414999743955984, EAO: 0.268
Trial 2894 finished with value: 0.2681282595785675 and parameters: {'window_influence': 0.13101107214035568, 'penalty_k': 0.03787621471340124, 'scale_lr': 0.5541499974395598}. Best is trial 1270 with value: 0.3623636909959845.
checkpoint_e22 window_influence: 0.47940414379086099, penalty_k: 0.11750585772695825, scale_lr: 0.47597174488603161, EAO: 0.333
Trial 2895 finished with value: 0.3331806325726936 and parameters: {'window_influence': 0.479404143790861, 'penalty_k': 0.11750585772695825, 'scale_lr': 0.4759717448860316}. Best is trial 1270 with value: 0.3623636909959845.
checkpoint_e22 window_influence: 0.38617638718304992, penalty_k: 0.25467714671371072, scale_lr: 0.58421132805253684, EAO: 0.299
Trial 2896 finished with value: 0.299264062181521 and parameters: {'window_influence': 0.3861763871830499, 'penalty_k': 0.2546771467137107, 'scale_lr': 0.5842113280525368}. Best is trial 1270 with value: 0.3623636909959845.
checkpoint_e22 window_influence: 0.49156421061274302, penalty_k: 0.10323962035995021, scale_lr: 0.12830213697716758, EAO: 0.325
Trial 2897 finished with value: 0.3252953801173644 and parameters: {'window_influence': 0.491564210612743, 'penalty_k': 0.10323962035995021, 'scale_lr': 0.12830213697716758}. Best is trial 1270 with value: 0.3623636909959845.
checkpoint_e22 window_influence: 0.45915480244890128, penalty_k: 0.32265474736389599, scale_lr: 0.73084047371555427, EAO: 0.305
Trial 2898 finished with value: 0.3048907589703682 and parameters: {'window_influence': 0.4591548024489013, 'penalty_k': 0.322654747363896, 'scale_lr': 0.7308404737155543}. Best is trial 1270 with value: 0.3623636909959845.
checkpoint_e22 window_influence: 0.62248136443440605, penalty_k: 0.02103229759294753, scale_lr: 0.75353920353606141, EAO: 0.246
