Trial 1090 finished with value: 0.34592656831797 and parameters: {'window_influence': 0.41589853982189817, 'penalty_k': 0.08713488489430414, 'scale_lr': 0.34015942894073814}. Best is trial 896 with value: 0.3777425812144224.
checkpoint_e33 window_influence: 0.39717649717720799, penalty_k: 0.00023721655379150, scale_lr: 0.28418383310954431, EAO: 0.334
Trial 1091 finished with value: 0.33354516594094524 and parameters: {'window_influence': 0.397176497177208, 'penalty_k': 0.00023721655379150067, 'scale_lr': 0.2841838331095443}. Best is trial 896 with value: 0.3777425812144224.
checkpoint_e33 window_influence: 0.47993663586707885, penalty_k: 0.38012597504233248, scale_lr: 0.36176602981644845, EAO: 0.318
Trial 1092 finished with value: 0.3176272680787261 and parameters: {'window_influence': 0.47993663586707885, 'penalty_k': 0.3801259750423325, 'scale_lr': 0.36176602981644845}. Best is trial 896 with value: 0.3777425812144224.
checkpoint_e33 window_influence: 0.50924471552370398, penalty_k: 0.02565368947006240, scale_lr: 0.64340502011360834, EAO: 0.347
Trial 1093 finished with value: 0.34652776245013284 and parameters: {'window_influence': 0.509244715523704, 'penalty_k': 0.0256536894700624, 'scale_lr': 0.6434050201136083}. Best is trial 896 with value: 0.3777425812144224.
checkpoint_e33 window_influence: 0.44905151184949493, penalty_k: 0.18425827148485399, scale_lr: 0.48337681492186285, EAO: 0.342
Trial 1094 finished with value: 0.341622944124014 and parameters: {'window_influence': 0.44905151184949493, 'penalty_k': 0.184258271484854, 'scale_lr': 0.48337681492186285}. Best is trial 896 with value: 0.3777425812144224.
checkpoint_e33 window_influence: 0.46507628129096490, penalty_k: 0.15652374703937486, scale_lr: 0.65756755236121633, EAO: 0.333
Trial 1095 finished with value: 0.3332167739766117 and parameters: {'window_influence': 0.4650762812909649, 'penalty_k': 0.15652374703937486, 'scale_lr': 0.6575675523612163}. Best is trial 896 with value: 0.3777425812144224.
checkpoint_e33 window_influence: 0.49520077652152417, penalty_k: 0.04147453792143153, scale_lr: 0.20718595590812519, EAO: 0.345
Trial 1096 finished with value: 0.34503781308459863 and parameters: {'window_influence': 0.49520077652152417, 'penalty_k': 0.041474537921431534, 'scale_lr': 0.2071859559081252}. Best is trial 896 with value: 0.3777425812144224.
checkpoint_e33 window_influence: 0.38272058115552765, penalty_k: 0.01353454424240659, scale_lr: 0.49039408819897368, EAO: 0.329
Trial 1097 finished with value: 0.3291700483528093 and parameters: {'window_influence': 0.38272058115552765, 'penalty_k': 0.01353454424240659, 'scale_lr': 0.4903940881989737}. Best is trial 896 with value: 0.3777425812144224.
checkpoint_e33 window_influence: 0.48246960974606123, penalty_k: 0.21222876350125325, scale_lr: 0.17046621513613194, EAO: 0.359
Trial 1098 finished with value: 0.358893140280757 and parameters: {'window_influence': 0.48246960974606123, 'penalty_k': 0.21222876350125325, 'scale_lr': 0.17046621513613194}. Best is trial 896 with value: 0.3777425812144224.
checkpoint_e33 window_influence: 0.48264699691661411, penalty_k: 0.21872729764057042, scale_lr: 0.25124413983829336, EAO: 0.333
Trial 1099 finished with value: 0.33302948702170226 and parameters: {'window_influence': 0.4826469969166141, 'penalty_k': 0.21872729764057042, 'scale_lr': 0.25124413983829336}. Best is trial 896 with value: 0.3777425812144224.
checkpoint_e33 window_influence: 0.47615127305128563, penalty_k: 0.20674590681274246, scale_lr: 0.29455293713151870, EAO: 0.333
Trial 1100 finished with value: 0.33292300274399933 and parameters: {'window_influence': 0.47615127305128563, 'penalty_k': 0.20674590681274246, 'scale_lr': 0.2945529371315187}. Best is trial 896 with value: 0.3777425812144224.
checkpoint_e33 window_influence: 0.49005160199795561, penalty_k: 0.22672094510619209, scale_lr: 0.12922215246561103, EAO: 0.322
Trial 1101 finished with value: 0.3222909967491135 and parameters: {'window_influence': 0.4900516019979556, 'penalty_k': 0.2267209451061921, 'scale_lr': 0.12922215246561103}. Best is trial 896 with value: 0.3777425812144224.
checkpoint_e33 window_influence: 0.50714848001851798, penalty_k: 0.24087617620356189, scale_lr: 0.16084560388415187, EAO: 0.317
Trial 1102 finished with value: 0.3168788181784552 and parameters: {'window_influence': 0.507148480018518, 'penalty_k': 0.2408761762035619, 'scale_lr': 0.16084560388415187}. Best is trial 896 with value: 0.3777425812144224.
checkpoint_e33 window_influence: 0.47017182796739360, penalty_k: 0.17383234551009646, scale_lr: 0.27300596229870217, EAO: 0.332
Trial 1103 finished with value: 0.33179361845732663 and parameters: {'window_influence': 0.4701718279673936, 'penalty_k': 0.17383234551009646, 'scale_lr': 0.27300596229870217}. Best is trial 896 with value: 0.3777425812144224.
checkpoint_e33 window_influence: 0.49848431570535617, penalty_k: 0.23562028722959022, scale_lr: 0.51697164925218664, EAO: 0.315
Trial 1104 finished with value: 0.31489819844873035 and parameters: {'window_influence': 0.4984843157053562, 'penalty_k': 0.23562028722959022, 'scale_lr': 0.5169716492521866}. Best is trial 896 with value: 0.3777425812144224.
checkpoint_e33 window_influence: 0.48347888719698029, penalty_k: 0.22134612641597126, scale_lr: 0.31734360910350840, EAO: 0.321
Trial 1105 finished with value: 0.32060876390117615 and parameters: {'window_influence': 0.4834788871969803, 'penalty_k': 0.22134612641597126, 'scale_lr': 0.3173436091035084}. Best is trial 896 with value: 0.3777425812144224.
checkpoint_e33 window_influence: 0.16546535706413981, penalty_k: 0.20581846180966396, scale_lr: 0.17686320845560571, EAO: 0.276
Trial 1106 finished with value: 0.27600531912035514 and parameters: {'window_influence': 0.1654653570641398, 'penalty_k': 0.20581846180966396, 'scale_lr': 0.1768632084556057}. Best is trial 896 with value: 0.3777425812144224.
checkpoint_e33 window_influence: 0.52121696977225851, penalty_k: 0.04827348846556473, scale_lr: 0.53484943571742904, EAO: 0.328
Trial 1107 finished with value: 0.32787760489181783 and parameters: {'window_influence': 0.5212169697722585, 'penalty_k': 0.04827348846556473, 'scale_lr': 0.534849435717429}. Best is trial 896 with value: 0.3777425812144224.
checkpoint_e33 window_influence: 0.46382170291153507, penalty_k: 0.02537937531694435, scale_lr: 0.16717290598964890, EAO: 0.337
Trial 1108 finished with value: 0.33739239342713634 and parameters: {'window_influence': 0.46382170291153507, 'penalty_k': 0.02537937531694435, 'scale_lr': 0.1671729059896489}. Best is trial 896 with value: 0.3777425812144224.
checkpoint_e33 window_influence: 0.07041469609958473, penalty_k: 0.13356469982668379, scale_lr: 0.25896792516071665, EAO: 0.238
Trial 1109 finished with value: 0.2375606962331074 and parameters: {'window_influence': 0.07041469609958473, 'penalty_k': 0.13356469982668379, 'scale_lr': 0.25896792516071665}. Best is trial 896 with value: 0.3777425812144224.
checkpoint_e33 window_influence: 0.47434897890597127, penalty_k: 0.06509903783693669, scale_lr: 0.44916453716382881, EAO: 0.360
Trial 1110 finished with value: 0.359531286045735 and parameters: {'window_influence': 0.4743489789059713, 'penalty_k': 0.06509903783693669, 'scale_lr': 0.4491645371638288}. Best is trial 896 with value: 0.3777425812144224.
checkpoint_e33 window_influence: 0.48891771163808645, penalty_k: 0.09716155041898457, scale_lr: 0.42989519269785464, EAO: 0.336
Trial 1111 finished with value: 0.336072556703471 and parameters: {'window_influence': 0.48891771163808645, 'penalty_k': 0.09716155041898457, 'scale_lr': 0.42989519269785464}. Best is trial 896 with value: 0.3777425812144224.
checkpoint_e33 window_influence: 0.49703042319358987, penalty_k: 0.08156594350828875, scale_lr: 0.45327750339808182, EAO: 0.349
Trial 1112 finished with value: 0.34850985936617573 and parameters: {'window_influence': 0.49703042319358987, 'penalty_k': 0.08156594350828875, 'scale_lr': 0.4532775033980818}. Best is trial 896 with value: 0.3777425812144224.
checkpoint_e33 window_influence: 0.13868571790599282, penalty_k: 0.19893291325967374, scale_lr: 0.45259738220469997, EAO: 0.257
Trial 1113 finished with value: 0.25735343430292745 and parameters: {'window_influence': 0.13868571790599282, 'penalty_k': 0.19893291325967374, 'scale_lr': 0.45259738220469997}. Best is trial 896 with value: 0.3777425812144224.
checkpoint_e33 window_influence: 0.25388698978391933, penalty_k: 0.07307479548957078, scale_lr: 0.41204612605568519, EAO: 0.303
Trial 1114 finished with value: 0.3025927856738465 and parameters: {'window_influence': 0.2538869897839193, 'penalty_k': 0.07307479548957078, 'scale_lr': 0.4120461260556852}. Best is trial 896 with value: 0.3777425812144224.
checkpoint_e33 window_influence: 0.47677145155060624, penalty_k: 0.06342974007644075, scale_lr: 0.43969653317016144, EAO: 0.368
Trial 1115 finished with value: 0.3682606808174445 and parameters: {'window_influence': 0.47677145155060624, 'penalty_k': 0.06342974007644075, 'scale_lr': 0.43969653317016144}. Best is trial 896 with value: 0.3777425812144224.
checkpoint_e33 window_influence: 0.47392699314474035, penalty_k: 0.06750980521317258, scale_lr: 0.44352439052884279, EAO: 0.360
Trial 1116 finished with value: 0.36020268691189095 and parameters: {'window_influence': 0.47392699314474035, 'penalty_k': 0.06750980521317258, 'scale_lr': 0.4435243905288428}. Best is trial 896 with value: 0.3777425812144224.
checkpoint_e33 window_influence: 0.47058657450641189, penalty_k: 0.06922357661447172, scale_lr: 0.44588981934216060, EAO: 0.344
Trial 1117 finished with value: 0.3435653677710299 and parameters: {'window_influence': 0.4705865745064119, 'penalty_k': 0.06922357661447172, 'scale_lr': 0.4458898193421606}. Best is trial 896 with value: 0.3777425812144224.
checkpoint_e33 window_influence: 0.45162762448319455, penalty_k: 0.08931288233012875, scale_lr: 0.43251559176187376, EAO: 0.329
Trial 1118 finished with value: 0.3292081952095032 and parameters: {'window_influence': 0.45162762448319455, 'penalty_k': 0.08931288233012875, 'scale_lr': 0.43251559176187376}. Best is trial 896 with value: 0.3777425812144224.
checkpoint_e33 window_influence: 0.47290921332244501, penalty_k: 0.08034622997660712, scale_lr: 0.46613855716245750, EAO: 0.351
Trial 1119 finished with value: 0.3505063742283253 and parameters: {'window_influence': 0.472909213322445, 'penalty_k': 0.08034622997660712, 'scale_lr': 0.4661385571624575}. Best is trial 896 with value: 0.3777425812144224.
checkpoint_e33 window_influence: 0.46076404950560551, penalty_k: 0.18959010716687152, scale_lr: 0.46925250229625148, EAO: 0.353
Trial 1120 finished with value: 0.35284846997910435 and parameters: {'window_influence': 0.4607640495056055, 'penalty_k': 0.18959010716687152, 'scale_lr': 0.4692525022962515}. Best is trial 896 with value: 0.3777425812144224.
checkpoint_e33 window_influence: 0.63405825162378404, penalty_k: 0.10515330281091623, scale_lr: 0.44234564795443942, EAO: 0.243
Trial 1121 finished with value: 0.24331975632604458 and parameters: {'window_influence': 0.634058251623784, 'penalty_k': 0.10515330281091623, 'scale_lr': 0.4423456479544394}. Best is trial 896 with value: 0.3777425812144224.
checkpoint_e33 window_influence: 0.47783425884751868, penalty_k: 0.14788772401641426, scale_lr: 0.44102348631156985, EAO: 0.350
Trial 1122 finished with value: 0.3496024913593025 and parameters: {'window_influence': 0.4778342588475187, 'penalty_k': 0.14788772401641426, 'scale_lr': 0.44102348631156985}. Best is trial 896 with value: 0.3777425812144224.
checkpoint_e33 window_influence: 0.32590781507442873, penalty_k: 0.24204710288051062, scale_lr: 0.46064415508061146, EAO: 0.294
Trial 1123 finished with value: 0.29384349866367965 and parameters: {'window_influence': 0.32590781507442873, 'penalty_k': 0.24204710288051062, 'scale_lr': 0.46064415508061146}. Best is trial 896 with value: 0.3777425812144224.
checkpoint_e33 window_influence: 0.45473117371861865, penalty_k: 0.06654581478660272, scale_lr: 0.47727480941001732, EAO: 0.336
Trial 1124 finished with value: 0.3360893749541346 and parameters: {'window_influence': 0.45473117371861865, 'penalty_k': 0.06654581478660272, 'scale_lr': 0.4772748094100173}. Best is trial 896 with value: 0.3777425812144224.
checkpoint_e33 window_influence: 0.61156383443842710, penalty_k: 0.11161026524518150, scale_lr: 0.43044090384232797, EAO: 0.258
Trial 1125 finished with value: 0.25819126693423156 and parameters: {'window_influence': 0.6115638344384271, 'penalty_k': 0.1116102652451815, 'scale_lr': 0.43044090384232797}. Best is trial 896 with value: 0.3777425812144224.
checkpoint_e33 window_influence: 0.48541093951271480, penalty_k: 0.16755565866444819, scale_lr: 0.39520566256158418, EAO: 0.354
Trial 1126 finished with value: 0.35391615963167716 and parameters: {'window_influence': 0.4854109395127148, 'penalty_k': 0.1675556586644482, 'scale_lr': 0.3952056625615842}. Best is trial 896 with value: 0.3777425812144224.
checkpoint_e33 window_influence: 0.47239152027203496, penalty_k: 0.22038371714365504, scale_lr: 0.57989557051629748, EAO: 0.340
Trial 1127 finished with value: 0.33951758654201075 and parameters: {'window_influence': 0.47239152027203496, 'penalty_k': 0.22038371714365504, 'scale_lr': 0.5798955705162975}. Best is trial 896 with value: 0.3777425812144224.
checkpoint_e33 window_influence: 0.46314534566279808, penalty_k: 0.12149884951466169, scale_lr: 0.45914134911235410, EAO: 0.324
Trial 1128 finished with value: 0.3244513147999804 and parameters: {'window_influence': 0.4631453456627981, 'penalty_k': 0.1214988495146617, 'scale_lr': 0.4591413491123541}. Best is trial 896 with value: 0.3777425812144224.
checkpoint_e33 window_influence: 0.44738448329893715, penalty_k: 0.23286660790138181, scale_lr: 0.44827247155821548, EAO: 0.340
Trial 1129 finished with value: 0.3401060025515723 and parameters: {'window_influence': 0.44738448329893715, 'penalty_k': 0.2328666079013818, 'scale_lr': 0.4482724715582155}. Best is trial 896 with value: 0.3777425812144224.
checkpoint_e33 window_influence: 0.48448040663983671, penalty_k: 0.25856688619575446, scale_lr: 0.55794179010618894, EAO: 0.319
Trial 1130 finished with value: 0.3192087844420036 and parameters: {'window_influence': 0.4844804066398367, 'penalty_k': 0.25856688619575446, 'scale_lr': 0.5579417901061889}. Best is trial 896 with value: 0.3777425812144224.
checkpoint_e33 window_influence: 0.55661802018201112, penalty_k: 0.01188744219651341, scale_lr: 0.57058050036925478, EAO: 0.310
Trial 1131 finished with value: 0.30971446581155876 and parameters: {'window_influence': 0.5566180201820111, 'penalty_k': 0.011887442196513411, 'scale_lr': 0.5705805003692548}. Best is trial 896 with value: 0.3777425812144224.
checkpoint_e33 window_influence: 0.50942002633362993, penalty_k: 0.21211052614855561, scale_lr: 0.60301648474507874, EAO: 0.310
Trial 1132 finished with value: 0.3099093109021391 and parameters: {'window_influence': 0.5094200263336299, 'penalty_k': 0.2121105261485556, 'scale_lr': 0.6030164847450787}. Best is trial 896 with value: 0.3777425812144224.
checkpoint_e33 window_influence: 0.53915538392841478, penalty_k: 0.08778751609690177, scale_lr: 0.19035194411014408, EAO: 0.307
Trial 1133 finished with value: 0.3067699724134304 and parameters: {'window_influence': 0.5391553839284148, 'penalty_k': 0.08778751609690177, 'scale_lr': 0.19035194411014408}. Best is trial 896 with value: 0.3777425812144224.
checkpoint_e33 window_influence: 0.19154927248064207, penalty_k: 0.07323705468966722, scale_lr: 0.42784762123888193, EAO: 0.286
Trial 1134 finished with value: 0.28602342846792495 and parameters: {'window_influence': 0.19154927248064207, 'penalty_k': 0.07323705468966722, 'scale_lr': 0.4278476212388819}. Best is trial 896 with value: 0.3777425812144224.
checkpoint_e33 window_influence: 0.47295455822627014, penalty_k: 0.18320252934874437, scale_lr: 0.11280095942366186, EAO: 0.355
Trial 1135 finished with value: 0.35511266964882726 and parameters: {'window_influence': 0.47295455822627014, 'penalty_k': 0.18320252934874437, 'scale_lr': 0.11280095942366186}. Best is trial 896 with value: 0.3777425812144224.
checkpoint_e33 window_influence: 0.48662407508768379, penalty_k: 0.16195393902025329, scale_lr: 0.46931121603832593, EAO: 0.344
Trial 1136 finished with value: 0.34422195966605545 and parameters: {'window_influence': 0.4866240750876838, 'penalty_k': 0.1619539390202533, 'scale_lr': 0.46931121603832593}. Best is trial 896 with value: 0.3777425812144224.
checkpoint_e33 window_influence: 0.45858293160558894, penalty_k: 0.14416592259479313, scale_lr: 0.71625084305845177, EAO: 0.337
Trial 1137 finished with value: 0.3373433436169235 and parameters: {'window_influence': 0.45858293160558894, 'penalty_k': 0.14416592259479313, 'scale_lr': 0.7162508430584518}. Best is trial 896 with value: 0.3777425812144224.
checkpoint_e33 window_influence: 0.50098737369728297, penalty_k: 0.09372787320510148, scale_lr: 0.42244203671024128, EAO: 0.339
Trial 1138 finished with value: 0.3386025520382224 and parameters: {'window_influence': 0.500987373697283, 'penalty_k': 0.09372787320510148, 'scale_lr': 0.4224420367102413}. Best is trial 896 with value: 0.3777425812144224.
checkpoint_e33 window_influence: 0.23719559231542395, penalty_k: 0.25149958143546197, scale_lr: 0.47896235921939617, EAO: 0.298
Trial 1139 finished with value: 0.2984369499210254 and parameters: {'window_influence': 0.23719559231542395, 'penalty_k': 0.25149958143546197, 'scale_lr': 0.47896235921939617}. Best is trial 896 with value: 0.3777425812144224.
checkpoint_e33 window_influence: 0.47224661323536593, penalty_k: 0.02129076382968874, scale_lr: 0.33322318543492113, EAO: 0.351
Trial 1140 finished with value: 0.3506036012321131 and parameters: {'window_influence': 0.47224661323536593, 'penalty_k': 0.02129076382968874, 'scale_lr': 0.33322318543492113}. Best is trial 896 with value: 0.3777425812144224.
checkpoint_e33 window_influence: 0.48929799882236980, penalty_k: 0.01167184327128562, scale_lr: 0.23684266725228728, EAO: 0.343
Trial 1141 finished with value: 0.3434777658737123 and parameters: {'window_influence': 0.4892979988223698, 'penalty_k': 0.011671843271285617, 'scale_lr': 0.23684266725228728}. Best is trial 896 with value: 0.3777425812144224.
checkpoint_e33 window_influence: 0.44297246505542714, penalty_k: 0.20143947290086842, scale_lr: 0.31051297831823732, EAO: 0.342
Trial 1142 finished with value: 0.3423290161075295 and parameters: {'window_influence': 0.44297246505542714, 'penalty_k': 0.20143947290086842, 'scale_lr': 0.3105129783182373}. Best is trial 896 with value: 0.3777425812144224.
checkpoint_e33 window_influence: 0.08622748220019461, penalty_k: 0.06452649174402719, scale_lr: 0.74727376935089818, EAO: 0.252
Trial 1143 finished with value: 0.2516277125721312 and parameters: {'window_influence': 0.0862274822001946, 'penalty_k': 0.06452649174402719, 'scale_lr': 0.7472737693508982}. Best is trial 896 with value: 0.3777425812144224.
checkpoint_e33 window_influence: 0.34953558032985754, penalty_k: 0.21446880344857694, scale_lr: 0.14361540614871141, EAO: 0.306
Trial 1144 finished with value: 0.30598666115957474 and parameters: {'window_influence': 0.34953558032985754, 'penalty_k': 0.21446880344857694, 'scale_lr': 0.1436154061487114}. Best is trial 896 with value: 0.3777425812144224.
checkpoint_e33 window_influence: 0.30110815999744184, penalty_k: 0.03152821829967453, scale_lr: 0.15259909366217464, EAO: 0.300
Trial 1145 finished with value: 0.29964808748621885 and parameters: {'window_influence': 0.30110815999744184, 'penalty_k': 0.03152821829967453, 'scale_lr': 0.15259909366217464}. Best is trial 896 with value: 0.3777425812144224.
checkpoint_e33 window_influence: 0.46222394298373159, penalty_k: 0.05912366741201584, scale_lr: 0.59365187802635444, EAO: 0.334
Trial 1146 finished with value: 0.33380428246486976 and parameters: {'window_influence': 0.4622239429837316, 'penalty_k': 0.059123667412015836, 'scale_lr': 0.5936518780263544}. Best is trial 896 with value: 0.3777425812144224.
checkpoint_e33 window_influence: 0.27539677199686380, penalty_k: 0.13290971113153960, scale_lr: 0.44754635992077185, EAO: 0.288
Trial 1147 finished with value: 0.28771008510533935 and parameters: {'window_influence': 0.2753967719968638, 'penalty_k': 0.1329097111315396, 'scale_lr': 0.44754635992077185}. Best is trial 896 with value: 0.3777425812144224.
checkpoint_e33 window_influence: 0.62973592129327283, penalty_k: 0.15207872166824193, scale_lr: 0.69133874537861995, EAO: 0.245
Trial 1148 finished with value: 0.24532636623206305 and parameters: {'window_influence': 0.6297359212932728, 'penalty_k': 0.15207872166824193, 'scale_lr': 0.69133874537862}. Best is trial 896 with value: 0.3777425812144224.
checkpoint_e33 window_influence: 0.52310010290835574, penalty_k: 0.03862120297864960, scale_lr: 0.79980276681157869, EAO: 0.321
Trial 1149 finished with value: 0.3210179657323815 and parameters: {'window_influence': 0.5231001029083557, 'penalty_k': 0.0386212029786496, 'scale_lr': 0.7998027668115787}. Best is trial 896 with value: 0.3777425812144224.
checkpoint_e33 window_influence: 0.50603382822390408, penalty_k: 0.00004747971317086, scale_lr: 0.40889975550747537, EAO: 0.335
Trial 1150 finished with value: 0.3349595170772493 and parameters: {'window_influence': 0.5060338282239041, 'penalty_k': 4.747971317085875e-05, 'scale_lr': 0.40889975550747537}. Best is trial 896 with value: 0.3777425812144224.
checkpoint_e33 window_influence: 0.47836087008716655, penalty_k: 0.23872050440456910, scale_lr: 0.27474928746253396, EAO: 0.328
Trial 1151 finished with value: 0.3278210891359975 and parameters: {'window_influence': 0.47836087008716655, 'penalty_k': 0.2387205044045691, 'scale_lr': 0.27474928746253396}. Best is trial 896 with value: 0.3777425812144224.
checkpoint_e33 window_influence: 0.45191826117021444, penalty_k: 0.17111678085503482, scale_lr: 0.73140418011143327, EAO: 0.338
