Trial 62 finished with value: 0.32887245992974085 and parameters: {'window_influence': 0.45140298354011366, 'penalty_k': 0.18356441653426925, 'scale_lr': 0.7903437438157357}. Best is trial 23 with value: 0.34345176653639353.
checkpoint_e17 window_influence: 0.41545519609661757, penalty_k: 0.12257372259809300, scale_lr: 0.72624134963505260, EAO: 0.327
Trial 63 finished with value: 0.3271061739800969 and parameters: {'window_influence': 0.4154551960966176, 'penalty_k': 0.122573722598093, 'scale_lr': 0.7262413496350526}. Best is trial 23 with value: 0.34345176653639353.
checkpoint_e17 window_influence: 0.43128950334307559, penalty_k: 0.05318954596969045, scale_lr: 0.79459604565382913, EAO: 0.322
Trial 64 finished with value: 0.3216154757988592 and parameters: {'window_influence': 0.4312895033430756, 'penalty_k': 0.05318954596969045, 'scale_lr': 0.7945960456538291}. Best is trial 23 with value: 0.34345176653639353.
checkpoint_e17 window_influence: 0.34774578204826062, penalty_k: 0.14793549902832506, scale_lr: 0.68182369898363349, EAO: 0.351
Trial 65 finished with value: 0.3505306407403389 and parameters: {'window_influence': 0.3477457820482606, 'penalty_k': 0.14793549902832506, 'scale_lr': 0.6818236989836335}. Best is trial 65 with value: 0.3505306407403389.
checkpoint_e17 window_influence: 0.28261243525456414, penalty_k: 0.14164305706999381, scale_lr: 0.65236246520570507, EAO: 0.314
Trial 66 finished with value: 0.3141960505149708 and parameters: {'window_influence': 0.28261243525456414, 'penalty_k': 0.1416430570699938, 'scale_lr': 0.6523624652057051}. Best is trial 65 with value: 0.3505306407403389.
checkpoint_e17 window_influence: 0.48285850948022613, penalty_k: 0.08967650896018863, scale_lr: 0.61994382732544551, EAO: 0.315
Trial 67 finished with value: 0.3151831581086964 and parameters: {'window_influence': 0.48285850948022613, 'penalty_k': 0.08967650896018863, 'scale_lr': 0.6199438273254455}. Best is trial 65 with value: 0.3505306407403389.
checkpoint_e17 window_influence: 0.34223814476580150, penalty_k: 0.01658299256824874, scale_lr: 0.67424055314028186, EAO: 0.327
Trial 68 finished with value: 0.3265815880511985 and parameters: {'window_influence': 0.3422381447658015, 'penalty_k': 0.016582992568248738, 'scale_lr': 0.6742405531402819}. Best is trial 65 with value: 0.3505306407403389.
checkpoint_e17 window_influence: 0.39080530608549002, penalty_k: 0.07555809947035813, scale_lr: 0.68347116641782713, EAO: 0.304
Trial 69 finished with value: 0.30437680736821915 and parameters: {'window_influence': 0.39080530608549, 'penalty_k': 0.07555809947035813, 'scale_lr': 0.6834711664178271}. Best is trial 65 with value: 0.3505306407403389.
checkpoint_e17 window_influence: 0.35449406801521716, penalty_k: 0.10648987706886245, scale_lr: 0.70881524005838537, EAO: 0.329
Trial 70 finished with value: 0.3289939447483664 and parameters: {'window_influence': 0.35449406801521716, 'penalty_k': 0.10648987706886245, 'scale_lr': 0.7088152400583854}. Best is trial 65 with value: 0.3505306407403389.
checkpoint_e17 window_influence: 0.40014241210704132, penalty_k: 0.17288053076329613, scale_lr: 0.75283671238506766, EAO: 0.310
Trial 71 finished with value: 0.30995890074898763 and parameters: {'window_influence': 0.4001424121070413, 'penalty_k': 0.17288053076329613, 'scale_lr': 0.7528367123850677}. Best is trial 65 with value: 0.3505306407403389.
checkpoint_e17 window_influence: 0.38419388156776152, penalty_k: 0.20276266864558923, scale_lr: 0.73517378667886135, EAO: 0.328
Trial 72 finished with value: 0.32781053540307725 and parameters: {'window_influence': 0.3841938815677615, 'penalty_k': 0.20276266864558923, 'scale_lr': 0.7351737866788614}. Best is trial 65 with value: 0.3505306407403389.
checkpoint_e17 window_influence: 0.44583903668827768, penalty_k: 0.16579006869806362, scale_lr: 0.65053583408459748, EAO: 0.332
Trial 73 finished with value: 0.33234715235604384 and parameters: {'window_influence': 0.4458390366882777, 'penalty_k': 0.16579006869806362, 'scale_lr': 0.6505358340845975}. Best is trial 65 with value: 0.3505306407403389.
checkpoint_e17 window_influence: 0.45140965850675252, penalty_k: 0.22412495951383743, scale_lr: 0.65373908882211873, EAO: 0.319
Trial 74 finished with value: 0.3188666718711185 and parameters: {'window_influence': 0.4514096585067525, 'penalty_k': 0.22412495951383743, 'scale_lr': 0.6537390888221187}. Best is trial 65 with value: 0.3505306407403389.
checkpoint_e17 window_influence: 0.47651284863929683, penalty_k: 0.15513637914227810, scale_lr: 0.61265632107282353, EAO: 0.312
Trial 75 finished with value: 0.3122349355935123 and parameters: {'window_influence': 0.4765128486392968, 'penalty_k': 0.1551363791422781, 'scale_lr': 0.6126563210728235}. Best is trial 65 with value: 0.3505306407403389.
checkpoint_e17 window_influence: 0.51425872335477885, penalty_k: 0.13590177783454055, scale_lr: 0.70009093717899773, EAO: 0.312
Trial 76 finished with value: 0.3121814658785608 and parameters: {'window_influence': 0.5142587233547788, 'penalty_k': 0.13590177783454055, 'scale_lr': 0.7000909371789977}. Best is trial 65 with value: 0.3505306407403389.
checkpoint_e17 window_influence: 0.42711067732899893, penalty_k: 0.04206062607175774, scale_lr: 0.59038807263861615, EAO: 0.332
Trial 77 finished with value: 0.33247906595816407 and parameters: {'window_influence': 0.42711067732899893, 'penalty_k': 0.04206062607175774, 'scale_lr': 0.5903880726386161}. Best is trial 65 with value: 0.3505306407403389.
checkpoint_e17 window_influence: 0.42645665484400497, penalty_k: 0.06388492669040698, scale_lr: 0.59175935046465478, EAO: 0.327
Trial 78 finished with value: 0.32668033352389875 and parameters: {'window_influence': 0.42645665484400497, 'penalty_k': 0.06388492669040698, 'scale_lr': 0.5917593504646548}. Best is trial 65 with value: 0.3505306407403389.
checkpoint_e17 window_influence: 0.40670469865863496, penalty_k: 0.04019687489701860, scale_lr: 0.57982497563247259, EAO: 0.321
Trial 79 finished with value: 0.3209087437576821 and parameters: {'window_influence': 0.40670469865863496, 'penalty_k': 0.0401968748970186, 'scale_lr': 0.5798249756324726}. Best is trial 65 with value: 0.3505306407403389.
checkpoint_e17 window_influence: 0.36240321589398611, penalty_k: 0.00894189835908517, scale_lr: 0.63441389704138240, EAO: 0.346
Trial 80 finished with value: 0.34615618523920555 and parameters: {'window_influence': 0.3624032158939861, 'penalty_k': 0.008941898359085173, 'scale_lr': 0.6344138970413824}. Best is trial 65 with value: 0.3505306407403389.
checkpoint_e17 window_influence: 0.35878705142617467, penalty_k: 0.00761368389319916, scale_lr: 0.63563967589444503, EAO: 0.333
Trial 81 finished with value: 0.3328302064294481 and parameters: {'window_influence': 0.3587870514261747, 'penalty_k': 0.0076136838931991635, 'scale_lr': 0.635639675894445}. Best is trial 65 with value: 0.3505306407403389.
checkpoint_e17 window_influence: 0.35842102062083930, penalty_k: 0.00485740143558658, scale_lr: 0.61899399340222272, EAO: 0.320
Trial 82 finished with value: 0.31967295004699947 and parameters: {'window_influence': 0.3584210206208393, 'penalty_k': 0.004857401435586578, 'scale_lr': 0.6189939934022227}. Best is trial 65 with value: 0.3505306407403389.
checkpoint_e17 window_influence: 0.33739917632047889, penalty_k: 0.01632170694239875, scale_lr: 0.55127395269107560, EAO: 0.326
Trial 83 finished with value: 0.32559254724923736 and parameters: {'window_influence': 0.3373991763204789, 'penalty_k': 0.01632170694239875, 'scale_lr': 0.5512739526910756}. Best is trial 65 with value: 0.3505306407403389.
checkpoint_e17 window_influence: 0.36442188707703904, penalty_k: 0.03695982568933323, scale_lr: 0.62495336524963752, EAO: 0.324
Trial 84 finished with value: 0.3237715742119555 and parameters: {'window_influence': 0.36442188707703904, 'penalty_k': 0.03695982568933323, 'scale_lr': 0.6249533652496375}. Best is trial 65 with value: 0.3505306407403389.
checkpoint_e17 window_influence: 0.38954369640121839, penalty_k: 0.00288942205386854, scale_lr: 0.67739447423081212, EAO: 0.317
Trial 85 finished with value: 0.31657085993874395 and parameters: {'window_influence': 0.3895436964012184, 'penalty_k': 0.002889422053868544, 'scale_lr': 0.6773944742308121}. Best is trial 65 with value: 0.3505306407403389.
checkpoint_e17 window_influence: 0.32767525126147501, penalty_k: 0.02856354818408885, scale_lr: 0.64023840526603970, EAO: 0.325
Trial 86 finished with value: 0.32479264462504404 and parameters: {'window_influence': 0.327675251261475, 'penalty_k': 0.02856354818408885, 'scale_lr': 0.6402384052660397}. Best is trial 65 with value: 0.3505306407403389.
checkpoint_e17 window_influence: 0.40591533383916523, penalty_k: 0.04161443213829315, scale_lr: 0.60715666467052798, EAO: 0.333
Trial 87 finished with value: 0.3327349481183731 and parameters: {'window_influence': 0.4059153338391652, 'penalty_k': 0.041614432138293155, 'scale_lr': 0.607156664670528}. Best is trial 65 with value: 0.3505306407403389.
checkpoint_e17 window_influence: 0.40350051716749197, penalty_k: 0.05065803762926846, scale_lr: 0.69586747411976924, EAO: 0.330
Trial 88 finished with value: 0.329994282833797 and parameters: {'window_influence': 0.40350051716749197, 'penalty_k': 0.05065803762926846, 'scale_lr': 0.6958674741197692}. Best is trial 65 with value: 0.3505306407403389.
checkpoint_e17 window_influence: 0.36473245402588522, penalty_k: 0.06342213720162299, scale_lr: 0.60516533430135055, EAO: 0.321
Trial 89 finished with value: 0.32069277670596824 and parameters: {'window_influence': 0.3647324540258852, 'penalty_k': 0.06342213720162299, 'scale_lr': 0.6051653343013506}. Best is trial 65 with value: 0.3505306407403389.
checkpoint_e17 window_influence: 0.38112272990720886, penalty_k: 0.00036964495807768, scale_lr: 0.71472321153334883, EAO: 0.317
Trial 90 finished with value: 0.31672215624078237 and parameters: {'window_influence': 0.38112272990720886, 'penalty_k': 0.00036964495807767506, 'scale_lr': 0.7147232115333488}. Best is trial 65 with value: 0.3505306407403389.
checkpoint_e17 window_influence: 0.42202886792553634, penalty_k: 0.03815910078624039, scale_lr: 0.63989950745237023, EAO: 0.323
Trial 91 finished with value: 0.32252602905382904 and parameters: {'window_influence': 0.42202886792553634, 'penalty_k': 0.038159100786240394, 'scale_lr': 0.6398995074523702}. Best is trial 65 with value: 0.3505306407403389.
checkpoint_e17 window_influence: 0.40745535065539795, penalty_k: 0.01838987464207248, scale_lr: 0.57917749628475801, EAO: 0.306
Trial 92 finished with value: 0.3056087673058306 and parameters: {'window_influence': 0.40745535065539795, 'penalty_k': 0.01838987464207248, 'scale_lr': 0.579177496284758}. Best is trial 65 with value: 0.3505306407403389.
checkpoint_e17 window_influence: 0.43771148329879889, penalty_k: 0.08551978084981379, scale_lr: 0.66049047844078912, EAO: 0.335
Trial 93 finished with value: 0.3348888862689645 and parameters: {'window_influence': 0.4377114832987989, 'penalty_k': 0.08551978084981379, 'scale_lr': 0.6604904784407891}. Best is trial 65 with value: 0.3505306407403389.
checkpoint_e17 window_influence: 0.43506076742503103, penalty_k: 0.07946156032763448, scale_lr: 0.66728725936960598, EAO: 0.319
Trial 94 finished with value: 0.31921745059787066 and parameters: {'window_influence': 0.435060767425031, 'penalty_k': 0.07946156032763448, 'scale_lr': 0.667287259369606}. Best is trial 65 with value: 0.3505306407403389.
checkpoint_e17 window_influence: 0.38098672807384287, penalty_k: 0.11627254901056548, scale_lr: 0.68878071926900331, EAO: 0.322
Trial 95 finished with value: 0.32191062269275755 and parameters: {'window_influence': 0.3809867280738429, 'penalty_k': 0.11627254901056548, 'scale_lr': 0.6887807192690033}. Best is trial 65 with value: 0.3505306407403389.
checkpoint_e17 window_influence: 0.34442562367083945, penalty_k: 0.09593380227004250, scale_lr: 0.73165746179473168, EAO: 0.328
Trial 96 finished with value: 0.32767143932529924 and parameters: {'window_influence': 0.34442562367083945, 'penalty_k': 0.0959338022700425, 'scale_lr': 0.7316574617947317}. Best is trial 65 with value: 0.3505306407403389.
checkpoint_e17 window_influence: 0.39504079333413111, penalty_k: 0.02413332180618848, scale_lr: 0.62619353145097101, EAO: 0.335
Trial 97 finished with value: 0.3349082178874702 and parameters: {'window_influence': 0.3950407933341311, 'penalty_k': 0.024133321806188483, 'scale_lr': 0.626193531450971}. Best is trial 65 with value: 0.3505306407403389.
checkpoint_e17 window_influence: 0.35705902441745763, penalty_k: 0.01528893902257452, scale_lr: 0.63633606149709288, EAO: 0.322
Trial 98 finished with value: 0.3222854106110821 and parameters: {'window_influence': 0.3570590244174576, 'penalty_k': 0.015288939022574524, 'scale_lr': 0.6363360614970929}. Best is trial 65 with value: 0.3505306407403389.
checkpoint_e17 window_influence: 0.38998324670111778, penalty_k: 0.08303076663311540, scale_lr: 0.70350158451281486, EAO: 0.310
Trial 99 finished with value: 0.31048514946193545 and parameters: {'window_influence': 0.3899832467011178, 'penalty_k': 0.0830307666331154, 'scale_lr': 0.7035015845128149}. Best is trial 65 with value: 0.3505306407403389.
checkpoint_e17 window_influence: 0.44131230961527956, penalty_k: 0.02532860031317560, scale_lr: 0.66181682517762752, EAO: 0.321
Trial 100 finished with value: 0.321122672945145 and parameters: {'window_influence': 0.44131230961527956, 'penalty_k': 0.025328600313175603, 'scale_lr': 0.6618168251776275}. Best is trial 65 with value: 0.3505306407403389.
checkpoint_e17 window_influence: 0.40929851733870093, penalty_k: 0.05669740699713393, scale_lr: 0.60515995304320325, EAO: 0.345
Trial 101 finished with value: 0.34467569515398966 and parameters: {'window_influence': 0.40929851733870093, 'penalty_k': 0.05669740699713393, 'scale_lr': 0.6051599530432032}. Best is trial 65 with value: 0.3505306407403389.
checkpoint_e17 window_influence: 0.41616475825086330, penalty_k: 0.06635408300411674, scale_lr: 0.76169717578270268, EAO: 0.343
Trial 102 finished with value: 0.3428787163491379 and parameters: {'window_influence': 0.4161647582508633, 'penalty_k': 0.06635408300411674, 'scale_lr': 0.7616971757827027}. Best is trial 65 with value: 0.3505306407403389.
checkpoint_e17 window_influence: 0.41291857341108668, penalty_k: 0.05753170787799363, scale_lr: 0.75844449368316758, EAO: 0.327
Trial 103 finished with value: 0.32685834795584473 and parameters: {'window_influence': 0.4129185734110867, 'penalty_k': 0.05753170787799363, 'scale_lr': 0.7584444936831676}. Best is trial 65 with value: 0.3505306407403389.
checkpoint_e17 window_influence: 0.46914180441465259, penalty_k: 0.07030482417973188, scale_lr: 0.72422074594744357, EAO: 0.334
Trial 104 finished with value: 0.3342233834795451 and parameters: {'window_influence': 0.4691418044146526, 'penalty_k': 0.07030482417973188, 'scale_lr': 0.7242207459474436}. Best is trial 65 with value: 0.3505306407403389.
checkpoint_e17 window_influence: 0.46146949273808802, penalty_k: 0.06898039224232784, scale_lr: 0.77816490401946481, EAO: 0.316
Trial 105 finished with value: 0.3160986945554904 and parameters: {'window_influence': 0.461469492738088, 'penalty_k': 0.06898039224232784, 'scale_lr': 0.7781649040194648}. Best is trial 65 with value: 0.3505306407403389.
checkpoint_e17 window_influence: 0.44875217351844615, penalty_k: 0.08531311014903625, scale_lr: 0.76491233892919086, EAO: 0.324
Trial 106 finished with value: 0.3242376664153333 and parameters: {'window_influence': 0.44875217351844615, 'penalty_k': 0.08531311014903625, 'scale_lr': 0.7649123389291909}. Best is trial 65 with value: 0.3505306407403389.
checkpoint_e17 window_influence: 0.47124676504336516, penalty_k: 0.07047388650900084, scale_lr: 0.74329531960269135, EAO: 0.342
Trial 107 finished with value: 0.34157244890116534 and parameters: {'window_influence': 0.47124676504336516, 'penalty_k': 0.07047388650900084, 'scale_lr': 0.7432953196026914}. Best is trial 65 with value: 0.3505306407403389.
checkpoint_e17 window_influence: 0.48462726188081662, penalty_k: 0.05681064543632497, scale_lr: 0.79997197843171408, EAO: 0.331
Trial 108 finished with value: 0.33129393515187944 and parameters: {'window_influence': 0.4846272618808166, 'penalty_k': 0.05681064543632497, 'scale_lr': 0.7999719784317141}. Best is trial 65 with value: 0.3505306407403389.
checkpoint_e17 window_influence: 0.47323200197309906, penalty_k: 0.07182060372581983, scale_lr: 0.74561417547589059, EAO: 0.318
Trial 109 finished with value: 0.3179089279722147 and parameters: {'window_influence': 0.47323200197309906, 'penalty_k': 0.07182060372581983, 'scale_lr': 0.7456141754758906}. Best is trial 65 with value: 0.3505306407403389.
checkpoint_e17 window_influence: 0.43276737126513631, penalty_k: 0.03263892682641721, scale_lr: 0.72474661742755531, EAO: 0.333
Trial 110 finished with value: 0.33253935738992135 and parameters: {'window_influence': 0.4327673712651363, 'penalty_k': 0.03263892682641721, 'scale_lr': 0.7247466174275553}. Best is trial 65 with value: 0.3505306407403389.
checkpoint_e17 window_influence: 0.46568789554299422, penalty_k: 0.10150154804006387, scale_lr: 0.67926672914572206, EAO: 0.332
Trial 111 finished with value: 0.3318912538225085 and parameters: {'window_influence': 0.4656878955429942, 'penalty_k': 0.10150154804006387, 'scale_lr': 0.6792667291457221}. Best is trial 65 with value: 0.3505306407403389.
checkpoint_e17 window_influence: 0.45377814917712278, penalty_k: 0.12364186092301319, scale_lr: 0.78230565444926325, EAO: 0.321
Trial 112 finished with value: 0.32072357386930445 and parameters: {'window_influence': 0.4537781491771228, 'penalty_k': 0.12364186092301319, 'scale_lr': 0.7823056544492633}. Best is trial 65 with value: 0.3505306407403389.
checkpoint_e17 window_influence: 0.39809798007308211, penalty_k: 0.09057400044510468, scale_lr: 0.73088542205163443, EAO: 0.340
Trial 113 finished with value: 0.3400181746436464 and parameters: {'window_influence': 0.3980979800730821, 'penalty_k': 0.09057400044510468, 'scale_lr': 0.7308854220516344}. Best is trial 65 with value: 0.3505306407403389.
checkpoint_e17 window_influence: 0.39766122354887196, penalty_k: 0.09108803005065336, scale_lr: 0.71270313591286649, EAO: 0.322
Trial 114 finished with value: 0.32230183754681613 and parameters: {'window_influence': 0.39766122354887196, 'penalty_k': 0.09108803005065336, 'scale_lr': 0.7127031359128665}. Best is trial 65 with value: 0.3505306407403389.
checkpoint_e17 window_influence: 0.43781735542670680, penalty_k: 0.04615413394628587, scale_lr: 0.76014481915177590, EAO: 0.313
Trial 115 finished with value: 0.31339461214347575 and parameters: {'window_influence': 0.4378173554267068, 'penalty_k': 0.04615413394628587, 'scale_lr': 0.7601448191517759}. Best is trial 65 with value: 0.3505306407403389.
checkpoint_e17 window_influence: 0.42054361532106938, penalty_k: 0.06502822799706438, scale_lr: 0.73675575825698847, EAO: 0.324
Trial 116 finished with value: 0.32370063732106397 and parameters: {'window_influence': 0.4205436153210694, 'penalty_k': 0.06502822799706438, 'scale_lr': 0.7367557582569885}. Best is trial 65 with value: 0.3505306407403389.
checkpoint_e17 window_influence: 0.37264068594812005, penalty_k: 0.07748834812607658, scale_lr: 0.77373717076434001, EAO: 0.317
Trial 117 finished with value: 0.31747490312570725 and parameters: {'window_influence': 0.37264068594812005, 'penalty_k': 0.07748834812607658, 'scale_lr': 0.77373717076434}. Best is trial 65 with value: 0.3505306407403389.
checkpoint_e17 window_influence: 0.39634239708170071, penalty_k: 0.11207187831258539, scale_lr: 0.75481487744970333, EAO: 0.328
Trial 118 finished with value: 0.32750251193454755 and parameters: {'window_influence': 0.3963423970817007, 'penalty_k': 0.11207187831258539, 'scale_lr': 0.7548148774497033}. Best is trial 65 with value: 0.3505306407403389.
checkpoint_e17 window_influence: 0.42781986172927222, penalty_k: 0.05107897901979510, scale_lr: 0.73015441131561165, EAO: 0.312
Trial 119 finished with value: 0.3123301180652143 and parameters: {'window_influence': 0.4278198617292722, 'penalty_k': 0.0510789790197951, 'scale_lr': 0.7301544113156117}. Best is trial 65 with value: 0.3505306407403389.
checkpoint_e17 window_influence: 0.46825720860144587, penalty_k: 0.02995398731807690, scale_lr: 0.70460445313214748, EAO: 0.307
Trial 120 finished with value: 0.30696655972226583 and parameters: {'window_influence': 0.4682572086014459, 'penalty_k': 0.0299539873180769, 'scale_lr': 0.7046044531321475}. Best is trial 65 with value: 0.3505306407403389.
checkpoint_e17 window_influence: 0.37818261684636661, penalty_k: 0.09623503561917696, scale_lr: 0.65852969443033538, EAO: 0.322
Trial 121 finished with value: 0.32191391944421405 and parameters: {'window_influence': 0.3781826168463666, 'penalty_k': 0.09623503561917696, 'scale_lr': 0.6585296944303354}. Best is trial 65 with value: 0.3505306407403389.
checkpoint_e17 window_influence: 0.41662861764433501, penalty_k: 0.13392080655786481, scale_lr: 0.68874238935763199, EAO: 0.329
Trial 122 finished with value: 0.3292253193108488 and parameters: {'window_influence': 0.416628617644335, 'penalty_k': 0.1339208065578648, 'scale_lr': 0.688742389357632}. Best is trial 65 with value: 0.3505306407403389.
checkpoint_e17 window_influence: 0.44338639803247365, penalty_k: 0.08484404793005551, scale_lr: 0.74337574049620037, EAO: 0.324
Trial 123 finished with value: 0.3240485416891974 and parameters: {'window_influence': 0.44338639803247365, 'penalty_k': 0.08484404793005551, 'scale_lr': 0.7433757404962004}. Best is trial 65 with value: 0.3505306407403389.
checkpoint_e17 window_influence: 0.40123845461498803, penalty_k: 0.10661449406364971, scale_lr: 0.72589675699674860, EAO: 0.328
