Trial 2160 finished with value: 0.3195908449387272 and parameters: {'window_influence': 0.47323738534448934, 'penalty_k': 0.0408674446132465, 'scale_lr': 0.6788019152716789}. Best is trial 1270 with value: 0.3623636909959845.
checkpoint_e22 window_influence: 0.42148841890486521, penalty_k: 0.11899744377434618, scale_lr: 0.65770141478936039, EAO: 0.322
Trial 2161 finished with value: 0.32167502594133296 and parameters: {'window_influence': 0.4214884189048652, 'penalty_k': 0.11899744377434618, 'scale_lr': 0.6577014147893604}. Best is trial 1270 with value: 0.3623636909959845.
checkpoint_e22 window_influence: 0.45217119111316811, penalty_k: 0.27636074987927695, scale_lr: 0.71720213850143244, EAO: 0.302
Trial 2162 finished with value: 0.3024732100592513 and parameters: {'window_influence': 0.4521711911131681, 'penalty_k': 0.27636074987927695, 'scale_lr': 0.7172021385014324}. Best is trial 1270 with value: 0.3623636909959845.
checkpoint_e22 window_influence: 0.48135830225558995, penalty_k: 0.07048539858562020, scale_lr: 0.39654053195521821, EAO: 0.337
Trial 2163 finished with value: 0.3369634069125476 and parameters: {'window_influence': 0.48135830225558995, 'penalty_k': 0.0704853985856202, 'scale_lr': 0.3965405319552182}. Best is trial 1270 with value: 0.3623636909959845.
checkpoint_e22 window_influence: 0.33602457059272223, penalty_k: 0.14676665100372555, scale_lr: 0.21934045827675275, EAO: 0.280
Trial 2164 finished with value: 0.2804111615113247 and parameters: {'window_influence': 0.3360245705927222, 'penalty_k': 0.14676665100372555, 'scale_lr': 0.21934045827675275}. Best is trial 1270 with value: 0.3623636909959845.
checkpoint_e22 window_influence: 0.58574243789626435, penalty_k: 0.47971747141357646, scale_lr: 0.46101112102838021, EAO: 0.226
Trial 2165 finished with value: 0.22609947273935324 and parameters: {'window_influence': 0.5857424378962643, 'penalty_k': 0.47971747141357646, 'scale_lr': 0.4610111210283802}. Best is trial 1270 with value: 0.3623636909959845.
checkpoint_e22 window_influence: 0.46352193156102345, penalty_k: 0.10692017787315096, scale_lr: 0.43011575253499368, EAO: 0.312
Trial 2166 finished with value: 0.3121071594118608 and parameters: {'window_influence': 0.46352193156102345, 'penalty_k': 0.10692017787315096, 'scale_lr': 0.4301157525349937}. Best is trial 1270 with value: 0.3623636909959845.
checkpoint_e22 window_influence: 0.10506024640899453, penalty_k: 0.12799856790863864, scale_lr: 0.23315974068250422, EAO: 0.257
Trial 2167 finished with value: 0.2566268030655523 and parameters: {'window_influence': 0.10506024640899453, 'penalty_k': 0.12799856790863864, 'scale_lr': 0.23315974068250422}. Best is trial 1270 with value: 0.3623636909959845.
checkpoint_e22 window_influence: 0.49773542574210050, penalty_k: 0.02621259386665185, scale_lr: 0.45345865377214634, EAO: 0.324
Trial 2168 finished with value: 0.3241811568634983 and parameters: {'window_influence': 0.4977354257421005, 'penalty_k': 0.026212593866651847, 'scale_lr': 0.45345865377214634}. Best is trial 1270 with value: 0.3623636909959845.
checkpoint_e22 window_influence: 0.43456233813081746, penalty_k: 0.40925460371248179, scale_lr: 0.70703267097677391, EAO: 0.315
Trial 2169 finished with value: 0.31515678769187705 and parameters: {'window_influence': 0.43456233813081746, 'penalty_k': 0.4092546037124818, 'scale_lr': 0.7070326709767739}. Best is trial 1270 with value: 0.3623636909959845.
checkpoint_e22 window_influence: 0.36645863071298423, penalty_k: 0.45550890408627842, scale_lr: 0.73411767747973611, EAO: 0.315
Trial 2170 finished with value: 0.315417011656186 and parameters: {'window_influence': 0.36645863071298423, 'penalty_k': 0.4555089040862784, 'scale_lr': 0.7341176774797361}. Best is trial 1270 with value: 0.3623636909959845.
checkpoint_e22 window_influence: 0.14777570530853182, penalty_k: 0.23896350504170119, scale_lr: 0.10760859920077603, EAO: 0.256
Trial 2171 finished with value: 0.2556275496918868 and parameters: {'window_influence': 0.14777570530853182, 'penalty_k': 0.2389635050417012, 'scale_lr': 0.10760859920077603}. Best is trial 1270 with value: 0.3623636909959845.
checkpoint_e22 window_influence: 0.47131496732285982, penalty_k: 0.06067422870519509, scale_lr: 0.16970986498168300, EAO: 0.323
Trial 2172 finished with value: 0.32281594308897676 and parameters: {'window_influence': 0.4713149673228598, 'penalty_k': 0.060674228705195093, 'scale_lr': 0.169709864981683}. Best is trial 1270 with value: 0.3623636909959845.
checkpoint_e22 window_influence: 0.25459791038693896, penalty_k: 0.00971862071198356, scale_lr: 0.61737204269606805, EAO: 0.266
Trial 2173 finished with value: 0.26643463348832114 and parameters: {'window_influence': 0.25459791038693896, 'penalty_k': 0.009718620711983556, 'scale_lr': 0.617372042696068}. Best is trial 1270 with value: 0.3623636909959845.
checkpoint_e22 window_influence: 0.48507332245501467, penalty_k: 0.09644876847901232, scale_lr: 0.68949072106542975, EAO: 0.328
Trial 2174 finished with value: 0.32804797062150237 and parameters: {'window_influence': 0.48507332245501467, 'penalty_k': 0.09644876847901232, 'scale_lr': 0.6894907210654297}. Best is trial 1270 with value: 0.3623636909959845.
checkpoint_e22 window_influence: 0.39146117174941103, penalty_k: 0.00017388098037384, scale_lr: 0.63314067951809849, EAO: 0.324
Trial 2175 finished with value: 0.32388807537490755 and parameters: {'window_influence': 0.39146117174941103, 'penalty_k': 0.00017388098037384066, 'scale_lr': 0.6331406795180985}. Best is trial 1270 with value: 0.3623636909959845.
checkpoint_e22 window_influence: 0.23503904036463313, penalty_k: 0.08149933540181138, scale_lr: 0.47234184491774628, EAO: 0.268
Trial 2176 finished with value: 0.26789371518541405 and parameters: {'window_influence': 0.23503904036463313, 'penalty_k': 0.08149933540181138, 'scale_lr': 0.4723418449177463}. Best is trial 1270 with value: 0.3623636909959845.
checkpoint_e22 window_influence: 0.61015694275410404, penalty_k: 0.22121452001200589, scale_lr: 0.40818649509270266, EAO: 0.230
Trial 2177 finished with value: 0.2297329426623504 and parameters: {'window_influence': 0.610156942754104, 'penalty_k': 0.2212145200120059, 'scale_lr': 0.40818649509270266}. Best is trial 1270 with value: 0.3623636909959845.
checkpoint_e22 window_influence: 0.44815550681747540, penalty_k: 0.18751373802563348, scale_lr: 0.64969103547937979, EAO: 0.311
Trial 2178 finished with value: 0.3111622618793977 and parameters: {'window_influence': 0.4481555068174754, 'penalty_k': 0.18751373802563348, 'scale_lr': 0.6496910354793798}. Best is trial 1270 with value: 0.3623636909959845.
checkpoint_e22 window_influence: 0.30129155003205899, penalty_k: 0.33286074369053636, scale_lr: 0.75286107755967013, EAO: 0.286
Trial 2179 finished with value: 0.2855314469175116 and parameters: {'window_influence': 0.301291550032059, 'penalty_k': 0.33286074369053636, 'scale_lr': 0.7528610775596701}. Best is trial 1270 with value: 0.3623636909959845.
checkpoint_e22 window_influence: 0.35993757624401546, penalty_k: 0.45725671906531284, scale_lr: 0.59746526722031856, EAO: 0.297
Trial 2180 finished with value: 0.29728698510140295 and parameters: {'window_influence': 0.35993757624401546, 'penalty_k': 0.45725671906531284, 'scale_lr': 0.5974652672203186}. Best is trial 1270 with value: 0.3623636909959845.
checkpoint_e22 window_influence: 0.06707855984326305, penalty_k: 0.44322940913000630, scale_lr: 0.17831782263262663, EAO: 0.220
Trial 2181 finished with value: 0.21981504942192642 and parameters: {'window_influence': 0.06707855984326305, 'penalty_k': 0.4432294091300063, 'scale_lr': 0.17831782263262663}. Best is trial 1270 with value: 0.3623636909959845.
checkpoint_e22 window_influence: 0.50357520424108215, penalty_k: 0.11659074873095887, scale_lr: 0.67356645127623782, EAO: 0.312
Trial 2182 finished with value: 0.3117012447072374 and parameters: {'window_influence': 0.5035752042410822, 'penalty_k': 0.11659074873095887, 'scale_lr': 0.6735664512762378}. Best is trial 1270 with value: 0.3623636909959845.
checkpoint_e22 window_influence: 0.40958466662540322, penalty_k: 0.04368792820974986, scale_lr: 0.33308868607623704, EAO: 0.308
Trial 2183 finished with value: 0.3080607155185729 and parameters: {'window_influence': 0.4095846666254032, 'penalty_k': 0.04368792820974986, 'scale_lr': 0.33308868607623704}. Best is trial 1270 with value: 0.3623636909959845.
checkpoint_e22 window_influence: 0.46034925805613880, penalty_k: 0.13696162383262009, scale_lr: 0.42442257829898467, EAO: 0.301
Trial 2184 finished with value: 0.30130552184488985 and parameters: {'window_influence': 0.4603492580561388, 'penalty_k': 0.1369616238326201, 'scale_lr': 0.42442257829898467}. Best is trial 1270 with value: 0.3623636909959845.
checkpoint_e22 window_influence: 0.49071815448082234, penalty_k: 0.30691766837294748, scale_lr: 0.62478013257624909, EAO: 0.297
Trial 2185 finished with value: 0.29723231233511455 and parameters: {'window_influence': 0.49071815448082234, 'penalty_k': 0.3069176683729475, 'scale_lr': 0.6247801325762491}. Best is trial 1270 with value: 0.3623636909959845.
checkpoint_e22 window_influence: 0.11470145917331961, penalty_k: 0.56505245064200627, scale_lr: 0.37816637472942299, EAO: 0.225
Trial 2186 finished with value: 0.2245648358350598 and parameters: {'window_influence': 0.11470145917331961, 'penalty_k': 0.5650524506420063, 'scale_lr': 0.378166374729423}. Best is trial 1270 with value: 0.3623636909959845.
checkpoint_e22 window_influence: 0.26910384979278124, penalty_k: 0.02230214988282385, scale_lr: 0.72862579554652518, EAO: 0.284
Trial 2187 finished with value: 0.28418774659299667 and parameters: {'window_influence': 0.26910384979278124, 'penalty_k': 0.02230214988282385, 'scale_lr': 0.7286257955465252}. Best is trial 1270 with value: 0.3623636909959845.
checkpoint_e22 window_influence: 0.47584441523594889, penalty_k: 0.50739481734518999, scale_lr: 0.71912915560049018, EAO: 0.298
Trial 2188 finished with value: 0.29808637233095875 and parameters: {'window_influence': 0.4758444152359489, 'penalty_k': 0.50739481734519, 'scale_lr': 0.7191291556004902}. Best is trial 1270 with value: 0.3623636909959845.
checkpoint_e22 window_influence: 0.45406898807121404, penalty_k: 0.10336567810078187, scale_lr: 0.30794522267471008, EAO: 0.335
Trial 2189 finished with value: 0.3349642257282242 and parameters: {'window_influence': 0.45406898807121404, 'penalty_k': 0.10336567810078187, 'scale_lr': 0.3079452226747101}. Best is trial 1270 with value: 0.3623636909959845.
checkpoint_e22 window_influence: 0.15428160457897944, penalty_k: 0.09239203738042014, scale_lr: 0.19044281541473818, EAO: 0.271
Trial 2190 finished with value: 0.27065387269634217 and parameters: {'window_influence': 0.15428160457897944, 'penalty_k': 0.09239203738042014, 'scale_lr': 0.19044281541473818}. Best is trial 1270 with value: 0.3623636909959845.
checkpoint_e22 window_influence: 0.46905110486854701, penalty_k: 0.12618249358898972, scale_lr: 0.24943668230030400, EAO: 0.347
Trial 2191 finished with value: 0.34728279721412214 and parameters: {'window_influence': 0.469051104868547, 'penalty_k': 0.12618249358898972, 'scale_lr': 0.249436682300304}. Best is trial 1270 with value: 0.3623636909959845.
checkpoint_e22 window_influence: 0.55324859050070141, penalty_k: 0.01161777684771326, scale_lr: 0.48474305232189407, EAO: 0.313
Trial 2192 finished with value: 0.3134464338595765 and parameters: {'window_influence': 0.5532485905007014, 'penalty_k': 0.01161777684771326, 'scale_lr': 0.4847430523218941}. Best is trial 1270 with value: 0.3623636909959845.
checkpoint_e22 window_influence: 0.40009167671084683, penalty_k: 0.30627720101038253, scale_lr: 0.45853107792263553, EAO: 0.297
Trial 2193 finished with value: 0.2965346237332904 and parameters: {'window_influence': 0.40009167671084683, 'penalty_k': 0.3062772010103825, 'scale_lr': 0.45853107792263553}. Best is trial 1270 with value: 0.3623636909959845.
checkpoint_e22 window_influence: 0.49318411418510200, penalty_k: 0.07258075495540539, scale_lr: 0.32159527359231788, EAO: 0.344
Trial 2194 finished with value: 0.3438844002406421 and parameters: {'window_influence': 0.493184114185102, 'penalty_k': 0.07258075495540539, 'scale_lr': 0.3215952735923179}. Best is trial 1270 with value: 0.3623636909959845.
checkpoint_e22 window_influence: 0.43978075109586745, penalty_k: 0.27020748108158021, scale_lr: 0.26491120863007955, EAO: 0.306
Trial 2195 finished with value: 0.30634397888693826 and parameters: {'window_influence': 0.43978075109586745, 'penalty_k': 0.2702074810815802, 'scale_lr': 0.26491120863007955}. Best is trial 1270 with value: 0.3623636909959845.
checkpoint_e22 window_influence: 0.51089838256599185, penalty_k: 0.05637051953245074, scale_lr: 0.14256623272824970, EAO: 0.316
Trial 2196 finished with value: 0.3161937181587813 and parameters: {'window_influence': 0.5108983825659918, 'penalty_k': 0.056370519532450744, 'scale_lr': 0.1425662327282497}. Best is trial 1270 with value: 0.3623636909959845.
checkpoint_e22 window_influence: 0.48080339960052665, penalty_k: 0.35252776005012110, scale_lr: 0.38537453494837193, EAO: 0.299
Trial 2197 finished with value: 0.29861667473956305 and parameters: {'window_influence': 0.48080339960052665, 'penalty_k': 0.3525277600501211, 'scale_lr': 0.3853745349483719}. Best is trial 1270 with value: 0.3623636909959845.
checkpoint_e22 window_influence: 0.63783870918869157, penalty_k: 0.25862437215813028, scale_lr: 0.29505053849959234, EAO: 0.225
Trial 2198 finished with value: 0.22534152134847085 and parameters: {'window_influence': 0.6378387091886916, 'penalty_k': 0.2586243721581303, 'scale_lr': 0.29505053849959234}. Best is trial 1270 with value: 0.3623636909959845.
checkpoint_e22 window_influence: 0.53205927867408631, penalty_k: 0.34430531098943867, scale_lr: 0.44574599636154866, EAO: 0.290
Trial 2199 finished with value: 0.289524044450155 and parameters: {'window_influence': 0.5320592786740863, 'penalty_k': 0.3443053109894387, 'scale_lr': 0.44574599636154866}. Best is trial 1270 with value: 0.3623636909959845.
checkpoint_e22 window_influence: 0.46235979370837937, penalty_k: 0.16580104326970915, scale_lr: 0.66118415763985261, EAO: 0.298
Trial 2200 finished with value: 0.2981276993389723 and parameters: {'window_influence': 0.4623597937083794, 'penalty_k': 0.16580104326970915, 'scale_lr': 0.6611841576398526}. Best is trial 1270 with value: 0.3623636909959845.
checkpoint_e22 window_influence: 0.59331899197092719, penalty_k: 0.03075202152705292, scale_lr: 0.15091433826286488, EAO: 0.262
Trial 2201 finished with value: 0.2617850588917268 and parameters: {'window_influence': 0.5933189919709272, 'penalty_k': 0.030752021527052916, 'scale_lr': 0.15091433826286488}. Best is trial 1270 with value: 0.3623636909959845.
checkpoint_e22 window_influence: 0.50132463202998256, penalty_k: 0.15318300772866084, scale_lr: 0.40110009574845540, EAO: 0.325
Trial 2202 finished with value: 0.32486867678536513 and parameters: {'window_influence': 0.5013246320299826, 'penalty_k': 0.15318300772866084, 'scale_lr': 0.4011000957484554}. Best is trial 1270 with value: 0.3623636909959845.
checkpoint_e22 window_influence: 0.47905603131225893, penalty_k: 0.11198035354531287, scale_lr: 0.76492422143978345, EAO: 0.305
Trial 2203 finished with value: 0.3054201753686838 and parameters: {'window_influence': 0.47905603131225893, 'penalty_k': 0.11198035354531287, 'scale_lr': 0.7649242214397834}. Best is trial 1270 with value: 0.3623636909959845.
checkpoint_e22 window_influence: 0.42666334439442583, penalty_k: 0.08665401551329933, scale_lr: 0.59811389889158539, EAO: 0.340
Trial 2204 finished with value: 0.34014516245530274 and parameters: {'window_influence': 0.4266633443944258, 'penalty_k': 0.08665401551329933, 'scale_lr': 0.5981138988915854}. Best is trial 1270 with value: 0.3623636909959845.
checkpoint_e22 window_influence: 0.49026869052999822, penalty_k: 0.29518962948803268, scale_lr: 0.34741035049375402, EAO: 0.325
Trial 2205 finished with value: 0.32515626368819506 and parameters: {'window_influence': 0.4902686905299982, 'penalty_k': 0.2951896294880327, 'scale_lr': 0.347410350493754}. Best is trial 1270 with value: 0.3623636909959845.
checkpoint_e22 window_influence: 0.56942093517812398, penalty_k: 0.14057427410512549, scale_lr: 0.23497676676784937, EAO: 0.289
Trial 2206 finished with value: 0.289246545865378 and parameters: {'window_influence': 0.569420935178124, 'penalty_k': 0.1405742741051255, 'scale_lr': 0.23497676676784937}. Best is trial 1270 with value: 0.3623636909959845.
checkpoint_e22 window_influence: 0.45136363659420325, penalty_k: 0.10107904381988864, scale_lr: 0.31575875294428263, EAO: 0.323
Trial 2207 finished with value: 0.32298658515692685 and parameters: {'window_influence': 0.45136363659420325, 'penalty_k': 0.10107904381988864, 'scale_lr': 0.31575875294428263}. Best is trial 1270 with value: 0.3623636909959845.
checkpoint_e22 window_influence: 0.51767380334837798, penalty_k: 0.01088532562492733, scale_lr: 0.36753835993153483, EAO: 0.318
Trial 2208 finished with value: 0.3182419673014244 and parameters: {'window_influence': 0.517673803348378, 'penalty_k': 0.010885325624927326, 'scale_lr': 0.36753835993153483}. Best is trial 1270 with value: 0.3623636909959845.
checkpoint_e22 window_influence: 0.46733922098412550, penalty_k: 0.46315408873298503, scale_lr: 0.70977209008297959, EAO: 0.314
Trial 2209 finished with value: 0.3135015612562343 and parameters: {'window_influence': 0.4673392209841255, 'penalty_k': 0.463154088732985, 'scale_lr': 0.7097720900829796}. Best is trial 1270 with value: 0.3623636909959845.
checkpoint_e22 window_influence: 0.44188725019707004, penalty_k: 0.32699749104323672, scale_lr: 0.64495305241648493, EAO: 0.308
Trial 2210 finished with value: 0.30793627035525056 and parameters: {'window_influence': 0.44188725019707004, 'penalty_k': 0.3269974910432367, 'scale_lr': 0.6449530524164849}. Best is trial 1270 with value: 0.3623636909959845.
checkpoint_e22 window_influence: 0.48020830278851490, penalty_k: 0.12055095218339060, scale_lr: 0.32812349155472897, EAO: 0.346
Trial 2211 finished with value: 0.3459339501328969 and parameters: {'window_influence': 0.4802083027885149, 'penalty_k': 0.1205509521833906, 'scale_lr': 0.328123491554729}. Best is trial 1270 with value: 0.3623636909959845.
checkpoint_e22 window_influence: 0.50196838171352964, penalty_k: 0.39625319799601538, scale_lr: 0.73913593572429614, EAO: 0.301
Trial 2212 finished with value: 0.3013329888596145 and parameters: {'window_influence': 0.5019683817135296, 'penalty_k': 0.3962531979960154, 'scale_lr': 0.7391359357242961}. Best is trial 1270 with value: 0.3623636909959845.
checkpoint_e22 window_influence: 0.22274491507862257, penalty_k: 0.21142878171510285, scale_lr: 0.62561014926929681, EAO: 0.281
Trial 2213 finished with value: 0.28140262836148305 and parameters: {'window_influence': 0.22274491507862257, 'penalty_k': 0.21142878171510285, 'scale_lr': 0.6256101492692968}. Best is trial 1270 with value: 0.3623636909959845.
checkpoint_e22 window_influence: 0.45694616767347734, penalty_k: 0.07096843333443775, scale_lr: 0.69646959204060532, EAO: 0.324
Trial 2214 finished with value: 0.3240990330273075 and parameters: {'window_influence': 0.45694616767347734, 'penalty_k': 0.07096843333443775, 'scale_lr': 0.6964695920406053}. Best is trial 1270 with value: 0.3623636909959845.
checkpoint_e22 window_influence: 0.48911038743787139, penalty_k: 0.24446437326468778, scale_lr: 0.20305250301514680, EAO: 0.306
Trial 2215 finished with value: 0.3058440137350142 and parameters: {'window_influence': 0.4891103874378714, 'penalty_k': 0.24446437326468778, 'scale_lr': 0.2030525030151468}. Best is trial 1270 with value: 0.3623636909959845.
checkpoint_e22 window_influence: 0.32647865606895204, penalty_k: 0.04769695976484553, scale_lr: 0.49422283607827466, EAO: 0.291
Trial 2216 finished with value: 0.2910405445539534 and parameters: {'window_influence': 0.32647865606895204, 'penalty_k': 0.04769695976484553, 'scale_lr': 0.49422283607827466}. Best is trial 1270 with value: 0.3623636909959845.
checkpoint_e22 window_influence: 0.21037395491373770, penalty_k: 0.02156451130414442, scale_lr: 0.34057315391089077, EAO: 0.279
Trial 2217 finished with value: 0.2793292495411194 and parameters: {'window_influence': 0.2103739549137377, 'penalty_k': 0.02156451130414442, 'scale_lr': 0.34057315391089077}. Best is trial 1270 with value: 0.3623636909959845.
checkpoint_e22 window_influence: 0.37156049688344439, penalty_k: 0.08024283125673702, scale_lr: 0.11606576132284840, EAO: 0.320
Trial 2218 finished with value: 0.3201260177657762 and parameters: {'window_influence': 0.3715604968834444, 'penalty_k': 0.08024283125673702, 'scale_lr': 0.1160657613228484}. Best is trial 1270 with value: 0.3623636909959845.
checkpoint_e22 window_influence: 0.46710975001871347, penalty_k: 0.10953405456089489, scale_lr: 0.47178653664315695, EAO: 0.317
Trial 2219 finished with value: 0.3167700431806104 and parameters: {'window_influence': 0.46710975001871347, 'penalty_k': 0.10953405456089489, 'scale_lr': 0.47178653664315695}. Best is trial 1270 with value: 0.3623636909959845.
checkpoint_e22 window_influence: 0.62513579958046805, penalty_k: 0.03511076129031677, scale_lr: 0.61070743413201489, EAO: 0.246
Trial 2220 finished with value: 0.24629863122557852 and parameters: {'window_influence': 0.625135799580468, 'penalty_k': 0.03511076129031677, 'scale_lr': 0.6107074341320149}. Best is trial 1270 with value: 0.3623636909959845.
checkpoint_e22 window_influence: 0.56068913660766351, penalty_k: 0.06080694226453170, scale_lr: 0.67491816335565247, EAO: 0.283
Trial 2221 finished with value: 0.2825513115652804 and parameters: {'window_influence': 0.5606891366076635, 'penalty_k': 0.060806942264531705, 'scale_lr': 0.6749181633556525}. Best is trial 1270 with value: 0.3623636909959845.
checkpoint_e22 window_influence: 0.47578077953540904, penalty_k: 0.19599033732470869, scale_lr: 0.29363769943697110, EAO: 0.322
