Trial 806 finished with value: 0.26196917746549453 and parameters: {'window_influence': 0.10001031788236497, 'penalty_k': 0.0727118385255065, 'scale_lr': 0.48565890280154056}. Best is trial 62 with value: 0.3726749919963718.
checkpoint_e29 window_influence: 0.07010417553695830, penalty_k: 0.17906717401354649, scale_lr: 0.32335357834101863, EAO: 0.248
Trial 807 finished with value: 0.24801276757559423 and parameters: {'window_influence': 0.0701041755369583, 'penalty_k': 0.1790671740135465, 'scale_lr': 0.32335357834101863}. Best is trial 62 with value: 0.3726749919963718.
checkpoint_e29 window_influence: 0.24544891092205340, penalty_k: 0.05124774909183956, scale_lr: 0.16642080524490038, EAO: 0.290
Trial 808 finished with value: 0.289916481373375 and parameters: {'window_influence': 0.2454489109220534, 'penalty_k': 0.05124774909183956, 'scale_lr': 0.16642080524490038}. Best is trial 62 with value: 0.3726749919963718.
checkpoint_e29 window_influence: 0.50216993067209903, penalty_k: 0.08831760585661924, scale_lr: 0.11131223995458119, EAO: 0.324
Trial 809 finished with value: 0.32439777608743436 and parameters: {'window_influence': 0.502169930672099, 'penalty_k': 0.08831760585661924, 'scale_lr': 0.11131223995458119}. Best is trial 62 with value: 0.3726749919963718.
checkpoint_e29 window_influence: 0.53957503650517669, penalty_k: 0.03225852729803373, scale_lr: 0.47252514217496905, EAO: 0.327
Trial 810 finished with value: 0.32709982892650574 and parameters: {'window_influence': 0.5395750365051767, 'penalty_k': 0.03225852729803373, 'scale_lr': 0.47252514217496905}. Best is trial 62 with value: 0.3726749919963718.
checkpoint_e29 window_influence: 0.19325597627666080, penalty_k: 0.54838684684716643, scale_lr: 0.78593717320795820, EAO: 0.283
Trial 811 finished with value: 0.2829133440316419 and parameters: {'window_influence': 0.1932559762766608, 'penalty_k': 0.5483868468471664, 'scale_lr': 0.7859371732079582}. Best is trial 62 with value: 0.3726749919963718.
checkpoint_e29 window_influence: 0.43687580312355601, penalty_k: 0.01450083739898050, scale_lr: 0.21282774777923935, EAO: 0.353
Trial 812 finished with value: 0.35250920324010143 and parameters: {'window_influence': 0.436875803123556, 'penalty_k': 0.014500837398980504, 'scale_lr': 0.21282774777923935}. Best is trial 62 with value: 0.3726749919963718.
checkpoint_e29 window_influence: 0.46250273865993480, penalty_k: 0.22989798839418607, scale_lr: 0.35964497521952266, EAO: 0.338
Trial 813 finished with value: 0.3379464456775309 and parameters: {'window_influence': 0.4625027386599348, 'penalty_k': 0.22989798839418607, 'scale_lr': 0.35964497521952266}. Best is trial 62 with value: 0.3726749919963718.
checkpoint_e29 window_influence: 0.37746084372162270, penalty_k: 0.11671048499703382, scale_lr: 0.66135637027197303, EAO: 0.323
Trial 814 finished with value: 0.32256537223604403 and parameters: {'window_influence': 0.3774608437216227, 'penalty_k': 0.11671048499703382, 'scale_lr': 0.661356370271973}. Best is trial 62 with value: 0.3726749919963718.
checkpoint_e29 window_influence: 0.40671910957825474, penalty_k: 0.06239821842023913, scale_lr: 0.42491980405052737, EAO: 0.320
Trial 815 finished with value: 0.3195547476584809 and parameters: {'window_influence': 0.40671910957825474, 'penalty_k': 0.06239821842023913, 'scale_lr': 0.42491980405052737}. Best is trial 62 with value: 0.3726749919963718.
checkpoint_e29 window_influence: 0.36083011218988803, penalty_k: 0.07589377027632409, scale_lr: 0.52503501715591139, EAO: 0.334
Trial 816 finished with value: 0.3342534912467467 and parameters: {'window_influence': 0.36083011218988803, 'penalty_k': 0.07589377027632409, 'scale_lr': 0.5250350171559114}. Best is trial 62 with value: 0.3726749919963718.
checkpoint_e29 window_influence: 0.48908453198782231, penalty_k: 0.36866196345805535, scale_lr: 0.44821524432924614, EAO: 0.317
Trial 817 finished with value: 0.31740070769295153 and parameters: {'window_influence': 0.4890845319878223, 'penalty_k': 0.36866196345805535, 'scale_lr': 0.44821524432924614}. Best is trial 62 with value: 0.3726749919963718.
checkpoint_e29 window_influence: 0.52661954680269008, penalty_k: 0.24326118292392396, scale_lr: 0.12837944711568905, EAO: 0.330
Trial 818 finished with value: 0.330389634992362 and parameters: {'window_influence': 0.5266195468026901, 'penalty_k': 0.24326118292392396, 'scale_lr': 0.12837944711568905}. Best is trial 62 with value: 0.3726749919963718.
checkpoint_e29 window_influence: 0.07646280446711362, penalty_k: 0.25745773391856780, scale_lr: 0.64037845615931821, EAO: 0.261
Trial 819 finished with value: 0.26147228792483707 and parameters: {'window_influence': 0.07646280446711362, 'penalty_k': 0.2574577339185678, 'scale_lr': 0.6403784561593182}. Best is trial 62 with value: 0.3726749919963718.
checkpoint_e29 window_influence: 0.51442467626755806, penalty_k: 0.04342596474981759, scale_lr: 0.34374440116479149, EAO: 0.334
Trial 820 finished with value: 0.3336749123228199 and parameters: {'window_influence': 0.5144246762675581, 'penalty_k': 0.04342596474981759, 'scale_lr': 0.3437444011647915}. Best is trial 62 with value: 0.3726749919963718.
checkpoint_e29 window_influence: 0.14539233853578729, penalty_k: 0.09385913751950510, scale_lr: 0.30544736364764891, EAO: 0.258
Trial 821 finished with value: 0.25801147207443814 and parameters: {'window_influence': 0.14539233853578729, 'penalty_k': 0.0938591375195051, 'scale_lr': 0.3054473636476489}. Best is trial 62 with value: 0.3726749919963718.
checkpoint_e29 window_influence: 0.47205909616786512, penalty_k: 0.44265282648252413, scale_lr: 0.61946002528961641, EAO: 0.341
Trial 822 finished with value: 0.3409286393033855 and parameters: {'window_influence': 0.4720590961678651, 'penalty_k': 0.44265282648252413, 'scale_lr': 0.6194600252896164}. Best is trial 62 with value: 0.3726749919963718.
checkpoint_e29 window_influence: 0.42119045208175188, penalty_k: 0.05315226508448929, scale_lr: 0.14952163320595344, EAO: 0.337
Trial 823 finished with value: 0.3373046680879036 and parameters: {'window_influence': 0.4211904520817519, 'penalty_k': 0.053152265084489295, 'scale_lr': 0.14952163320595344}. Best is trial 62 with value: 0.3726749919963718.
checkpoint_e29 window_influence: 0.49797116219208798, penalty_k: 0.10490923312474960, scale_lr: 0.58167942641110060, EAO: 0.336
Trial 824 finished with value: 0.33638074611411484 and parameters: {'window_influence': 0.497971162192088, 'penalty_k': 0.1049092331247496, 'scale_lr': 0.5816794264111006}. Best is trial 62 with value: 0.3726749919963718.
checkpoint_e29 window_influence: 0.45024970651826829, penalty_k: 0.30781550141188208, scale_lr: 0.24779478709076180, EAO: 0.326
Trial 825 finished with value: 0.32628961371308635 and parameters: {'window_influence': 0.4502497065182683, 'penalty_k': 0.3078155014118821, 'scale_lr': 0.2477947870907618}. Best is trial 62 with value: 0.3726749919963718.
checkpoint_e29 window_influence: 0.48439141815708792, penalty_k: 0.06673406652939319, scale_lr: 0.37825607700303843, EAO: 0.334
Trial 826 finished with value: 0.33378028231836016 and parameters: {'window_influence': 0.4843914181570879, 'penalty_k': 0.06673406652939319, 'scale_lr': 0.3782560770030384}. Best is trial 62 with value: 0.3726749919963718.
checkpoint_e29 window_influence: 0.05074435828642293, penalty_k: 0.45562090528531335, scale_lr: 0.40263594696290361, EAO: 0.247
Trial 827 finished with value: 0.24745356682905428 and parameters: {'window_influence': 0.05074435828642293, 'penalty_k': 0.45562090528531335, 'scale_lr': 0.4026359469629036}. Best is trial 62 with value: 0.3726749919963718.
checkpoint_e29 window_influence: 0.50529424204205997, penalty_k: 0.08286273989411234, scale_lr: 0.27418330365216526, EAO: 0.351
Trial 828 finished with value: 0.35059814671134204 and parameters: {'window_influence': 0.50529424204206, 'penalty_k': 0.08286273989411234, 'scale_lr': 0.27418330365216526}. Best is trial 62 with value: 0.3726749919963718.
checkpoint_e29 window_influence: 0.52391572232113581, penalty_k: 0.02118218539146267, scale_lr: 0.20273422971999158, EAO: 0.331
Trial 829 finished with value: 0.33076891952451565 and parameters: {'window_influence': 0.5239157223211358, 'penalty_k': 0.021182185391462667, 'scale_lr': 0.20273422971999158}. Best is trial 62 with value: 0.3726749919963718.
checkpoint_e29 window_influence: 0.34444286665366464, penalty_k: 0.03488221061666047, scale_lr: 0.46234252283560640, EAO: 0.301
Trial 830 finished with value: 0.3005128279618252 and parameters: {'window_influence': 0.34444286665366464, 'penalty_k': 0.03488221061666047, 'scale_lr': 0.4623425228356064}. Best is trial 62 with value: 0.3726749919963718.
checkpoint_e29 window_influence: 0.15618983981727158, penalty_k: 0.00010432141122183, scale_lr: 0.31715484520126774, EAO: 0.284
Trial 831 finished with value: 0.2843689207089086 and parameters: {'window_influence': 0.15618983981727158, 'penalty_k': 0.00010432141122183133, 'scale_lr': 0.31715484520126774}. Best is trial 62 with value: 0.3726749919963718.
checkpoint_e29 window_influence: 0.12474370426980663, penalty_k: 0.07113081215234843, scale_lr: 0.29481483152917370, EAO: 0.263
Trial 832 finished with value: 0.26255142387249125 and parameters: {'window_influence': 0.12474370426980663, 'penalty_k': 0.07113081215234843, 'scale_lr': 0.2948148315291737}. Best is trial 62 with value: 0.3726749919963718.
checkpoint_e29 window_influence: 0.47184341335932012, penalty_k: 0.05621426807156111, scale_lr: 0.43339942209440807, EAO: 0.342
Trial 833 finished with value: 0.342417149692194 and parameters: {'window_influence': 0.4718434133593201, 'penalty_k': 0.05621426807156111, 'scale_lr': 0.43339942209440807}. Best is trial 62 with value: 0.3726749919963718.
checkpoint_e29 window_influence: 0.20934712095124408, penalty_k: 0.09330715606905141, scale_lr: 0.60594949731393966, EAO: 0.300
Trial 834 finished with value: 0.29978957708475656 and parameters: {'window_influence': 0.20934712095124408, 'penalty_k': 0.0933071560690514, 'scale_lr': 0.6059494973139397}. Best is trial 62 with value: 0.3726749919963718.
checkpoint_e29 window_influence: 0.49274984855989129, penalty_k: 0.13890504140082691, scale_lr: 0.17413141983108463, EAO: 0.346
Trial 835 finished with value: 0.34602469658109464 and parameters: {'window_influence': 0.4927498485598913, 'penalty_k': 0.1389050414008269, 'scale_lr': 0.17413141983108463}. Best is trial 62 with value: 0.3726749919963718.
checkpoint_e29 window_influence: 0.59295407136024636, penalty_k: 0.12312118041275286, scale_lr: 0.50720737369445290, EAO: 0.270
Trial 836 finished with value: 0.2704535337737562 and parameters: {'window_influence': 0.5929540713602464, 'penalty_k': 0.12312118041275286, 'scale_lr': 0.5072073736944529}. Best is trial 62 with value: 0.3726749919963718.
checkpoint_e29 window_influence: 0.26592906138899464, penalty_k: 0.08328897349373071, scale_lr: 0.74988779889431123, EAO: 0.293
Trial 837 finished with value: 0.2926259324940262 and parameters: {'window_influence': 0.26592906138899464, 'penalty_k': 0.08328897349373071, 'scale_lr': 0.7498877988943112}. Best is trial 62 with value: 0.3726749919963718.
checkpoint_e29 window_influence: 0.17282357444876043, penalty_k: 0.10577668702041526, scale_lr: 0.22286967402436680, EAO: 0.282
Trial 838 finished with value: 0.2818621238729833 and parameters: {'window_influence': 0.17282357444876043, 'penalty_k': 0.10577668702041526, 'scale_lr': 0.2228696740243668}. Best is trial 62 with value: 0.3726749919963718.
checkpoint_e29 window_influence: 0.54669634789787025, penalty_k: 0.06255861872891097, scale_lr: 0.19192357038674338, EAO: 0.320
Trial 839 finished with value: 0.32017486162686626 and parameters: {'window_influence': 0.5466963478978702, 'penalty_k': 0.06255861872891097, 'scale_lr': 0.19192357038674338}. Best is trial 62 with value: 0.3726749919963718.
checkpoint_e29 window_influence: 0.46046207898576053, penalty_k: 0.38176327451606668, scale_lr: 0.33287658111249219, EAO: 0.338
Trial 840 finished with value: 0.33816969325106433 and parameters: {'window_influence': 0.4604620789857605, 'penalty_k': 0.3817632745160667, 'scale_lr': 0.3328765811124922}. Best is trial 62 with value: 0.3726749919963718.
checkpoint_e29 window_influence: 0.51300875307013460, penalty_k: 0.16760085041498873, scale_lr: 0.10025438880340923, EAO: 0.319
Trial 841 finished with value: 0.31948898228226 and parameters: {'window_influence': 0.5130087530701346, 'penalty_k': 0.16760085041498873, 'scale_lr': 0.10025438880340923}. Best is trial 62 with value: 0.3726749919963718.
checkpoint_e29 window_influence: 0.48159339701668652, penalty_k: 0.04073802035379430, scale_lr: 0.45274340087435161, EAO: 0.342
Trial 842 finished with value: 0.3420778682259734 and parameters: {'window_influence': 0.4815933970166865, 'penalty_k': 0.0407380203537943, 'scale_lr': 0.4527434008743516}. Best is trial 62 with value: 0.3726749919963718.
checkpoint_e29 window_influence: 0.50247045783914979, penalty_k: 0.32222991097322318, scale_lr: 0.48352737897965270, EAO: 0.321
Trial 843 finished with value: 0.32100894328221274 and parameters: {'window_influence': 0.5024704578391498, 'penalty_k': 0.3222299109732232, 'scale_lr': 0.4835273789796527}. Best is trial 62 with value: 0.3726749919963718.
checkpoint_e29 window_influence: 0.62144311937551722, penalty_k: 0.07427951292425025, scale_lr: 0.67029547465960471, EAO: 0.239
Trial 844 finished with value: 0.23877830090225902 and parameters: {'window_influence': 0.6214431193755172, 'penalty_k': 0.07427951292425025, 'scale_lr': 0.6702954746596047}. Best is trial 62 with value: 0.3726749919963718.
checkpoint_e29 window_influence: 0.43882489773564431, penalty_k: 0.02109128382334180, scale_lr: 0.26811615862281829, EAO: 0.317
Trial 845 finished with value: 0.31741103158850614 and parameters: {'window_influence': 0.4388248977356443, 'penalty_k': 0.021091283823341796, 'scale_lr': 0.2681161586228183}. Best is trial 62 with value: 0.3726749919963718.
checkpoint_e29 window_influence: 0.53421695241645528, penalty_k: 0.05081976652013152, scale_lr: 0.56875489032312188, EAO: 0.320
Trial 846 finished with value: 0.3197298804261805 and parameters: {'window_influence': 0.5342169524164553, 'penalty_k': 0.050819766520131524, 'scale_lr': 0.5687548903231219}. Best is trial 62 with value: 0.3726749919963718.
checkpoint_e29 window_influence: 0.21040850441585138, penalty_k: 0.18529970196729473, scale_lr: 0.41378413078372073, EAO: 0.301
Trial 847 finished with value: 0.30090953351690614 and parameters: {'window_influence': 0.21040850441585138, 'penalty_k': 0.18529970196729473, 'scale_lr': 0.4137841307837207}. Best is trial 62 with value: 0.3726749919963718.
checkpoint_e29 window_influence: 0.49152819404208054, penalty_k: 0.09124818726922011, scale_lr: 0.53673784796020085, EAO: 0.347
Trial 848 finished with value: 0.3469877878515637 and parameters: {'window_influence': 0.49152819404208054, 'penalty_k': 0.09124818726922011, 'scale_lr': 0.5367378479602009}. Best is trial 62 with value: 0.3726749919963718.
checkpoint_e29 window_influence: 0.51859234319203218, penalty_k: 0.28385424843450735, scale_lr: 0.13890292044961924, EAO: 0.309
Trial 849 finished with value: 0.3088221781332669 and parameters: {'window_influence': 0.5185923431920322, 'penalty_k': 0.28385424843450735, 'scale_lr': 0.13890292044961924}. Best is trial 62 with value: 0.3726749919963718.
checkpoint_e29 window_influence: 0.64842158871501721, penalty_k: 0.15483885907098605, scale_lr: 0.24365261065529917, EAO: 0.243
Trial 850 finished with value: 0.2425009614066855 and parameters: {'window_influence': 0.6484215887150172, 'penalty_k': 0.15483885907098605, 'scale_lr': 0.24365261065529917}. Best is trial 62 with value: 0.3726749919963718.
checkpoint_e29 window_influence: 0.47013274835140084, penalty_k: 0.25021952195725117, scale_lr: 0.23152330561942946, EAO: 0.346
Trial 851 finished with value: 0.3456104814078557 and parameters: {'window_influence': 0.47013274835140084, 'penalty_k': 0.25021952195725117, 'scale_lr': 0.23152330561942946}. Best is trial 62 with value: 0.3726749919963718.
checkpoint_e29 window_influence: 0.13181655115172120, penalty_k: 0.11508258710509259, scale_lr: 0.52131224467352733, EAO: 0.289
Trial 852 finished with value: 0.28872978240831354 and parameters: {'window_influence': 0.1318165511517212, 'penalty_k': 0.11508258710509259, 'scale_lr': 0.5213122446735273}. Best is trial 62 with value: 0.3726749919963718.
checkpoint_e29 window_influence: 0.60243081726400638, penalty_k: 0.07827911207185823, scale_lr: 0.59212353390597572, EAO: 0.256
Trial 853 finished with value: 0.25567337853203487 and parameters: {'window_influence': 0.6024308172640064, 'penalty_k': 0.07827911207185823, 'scale_lr': 0.5921235339059757}. Best is trial 62 with value: 0.3726749919963718.
checkpoint_e29 window_influence: 0.50594767574897404, penalty_k: 0.10173551962432238, scale_lr: 0.11708458019134489, EAO: 0.347
Trial 854 finished with value: 0.3468551823601185 and parameters: {'window_influence': 0.505947675748974, 'penalty_k': 0.10173551962432238, 'scale_lr': 0.11708458019134489}. Best is trial 62 with value: 0.3726749919963718.
checkpoint_e29 window_influence: 0.48258843125277789, penalty_k: 0.47002277111205598, scale_lr: 0.15473764014551197, EAO: 0.299
Trial 855 finished with value: 0.2992229342228708 and parameters: {'window_influence': 0.4825884312527779, 'penalty_k': 0.470022771112056, 'scale_lr': 0.15473764014551197}. Best is trial 62 with value: 0.3726749919963718.
checkpoint_e29 window_influence: 0.55608891654353165, penalty_k: 0.20290787934227775, scale_lr: 0.37104693960244661, EAO: 0.297
Trial 856 finished with value: 0.2966271992555388 and parameters: {'window_influence': 0.5560889165435317, 'penalty_k': 0.20290787934227775, 'scale_lr': 0.3710469396024466}. Best is trial 62 with value: 0.3726749919963718.
checkpoint_e29 window_influence: 0.39591413218020582, penalty_k: 0.05710292038856761, scale_lr: 0.55077067823145587, EAO: 0.325
Trial 857 finished with value: 0.3254300650455608 and parameters: {'window_influence': 0.3959141321802058, 'penalty_k': 0.05710292038856761, 'scale_lr': 0.5507706782314559}. Best is trial 62 with value: 0.3726749919963718.
checkpoint_e29 window_influence: 0.45306156208504772, penalty_k: 0.34000761307052169, scale_lr: 0.50481553781307742, EAO: 0.343
Trial 858 finished with value: 0.34338679967687286 and parameters: {'window_influence': 0.4530615620850477, 'penalty_k': 0.3400076130705217, 'scale_lr': 0.5048155378130774}. Best is trial 62 with value: 0.3726749919963718.
checkpoint_e29 window_influence: 0.60370060303389772, penalty_k: 0.58030771610648535, scale_lr: 0.43639325130229989, EAO: 0.234
Trial 859 finished with value: 0.23446199599407064 and parameters: {'window_influence': 0.6037006030338977, 'penalty_k': 0.5803077161064853, 'scale_lr': 0.4363932513022999}. Best is trial 62 with value: 0.3726749919963718.
checkpoint_e29 window_influence: 0.15412741413124137, penalty_k: 0.31272744344710801, scale_lr: 0.21337857547004241, EAO: 0.270
Trial 860 finished with value: 0.2695081706524823 and parameters: {'window_influence': 0.15412741413124137, 'penalty_k': 0.312727443447108, 'scale_lr': 0.2133785754700424}. Best is trial 62 with value: 0.3726749919963718.
checkpoint_e29 window_influence: 0.42218505917102034, penalty_k: 0.14639297524248268, scale_lr: 0.47282319230977626, EAO: 0.324
Trial 861 finished with value: 0.3237973705571913 and parameters: {'window_influence': 0.42218505917102034, 'penalty_k': 0.14639297524248268, 'scale_lr': 0.47282319230977626}. Best is trial 62 with value: 0.3726749919963718.
checkpoint_e29 window_influence: 0.49308454412387537, penalty_k: 0.06771207793994700, scale_lr: 0.18156437456617847, EAO: 0.341
Trial 862 finished with value: 0.3408065781519107 and parameters: {'window_influence': 0.49308454412387537, 'penalty_k': 0.067712077939947, 'scale_lr': 0.18156437456617847}. Best is trial 62 with value: 0.3726749919963718.
checkpoint_e29 window_influence: 0.09706420639211388, penalty_k: 0.41254113425118494, scale_lr: 0.64858719001030174, EAO: 0.246
Trial 863 finished with value: 0.24570810678867977 and parameters: {'window_influence': 0.09706420639211388, 'penalty_k': 0.41254113425118494, 'scale_lr': 0.6485871900103017}. Best is trial 62 with value: 0.3726749919963718.
checkpoint_e29 window_influence: 0.51320889390366864, penalty_k: 0.03281227638048069, scale_lr: 0.68334481289710758, EAO: 0.338
Trial 864 finished with value: 0.3380068920929608 and parameters: {'window_influence': 0.5132088939036686, 'penalty_k': 0.03281227638048069, 'scale_lr': 0.6833448128971076}. Best is trial 62 with value: 0.3726749919963718.
checkpoint_e29 window_influence: 0.47789406638368004, penalty_k: 0.29407897167953057, scale_lr: 0.35210199497045397, EAO: 0.319
Trial 865 finished with value: 0.319323745509066 and parameters: {'window_influence': 0.47789406638368004, 'penalty_k': 0.29407897167953057, 'scale_lr': 0.35210199497045397}. Best is trial 62 with value: 0.3726749919963718.
checkpoint_e29 window_influence: 0.52876783113139980, penalty_k: 0.35405134491018486, scale_lr: 0.25864212241995499, EAO: 0.309
Trial 866 finished with value: 0.3091466225654699 and parameters: {'window_influence': 0.5287678311313998, 'penalty_k': 0.35405134491018486, 'scale_lr': 0.258642122419955}. Best is trial 62 with value: 0.3726749919963718.
checkpoint_e29 window_influence: 0.49691715378717166, penalty_k: 0.09004679289827827, scale_lr: 0.45269938608407789, EAO: 0.344
Trial 867 finished with value: 0.34374273785821197 and parameters: {'window_influence': 0.49691715378717166, 'penalty_k': 0.09004679289827827, 'scale_lr': 0.4526993860840779}. Best is trial 62 with value: 0.3726749919963718.
checkpoint_e29 window_influence: 0.46321084724861972, penalty_k: 0.13163226706108253, scale_lr: 0.62236607903083807, EAO: 0.327
