Trial 2686 finished with value: 0.32020565722471084 and parameters: {'window_influence': 0.4063842407251716, 'penalty_k': 0.0007955986483658313, 'scale_lr': 0.5676557416685251}. Best is trial 1674 with value: 0.38142600678748195.
checkpoint_e33 window_influence: 0.51364658820881470, penalty_k: 0.06960143718203150, scale_lr: 0.61066676984587898, EAO: 0.359
Trial 2687 finished with value: 0.3591955187023846 and parameters: {'window_influence': 0.5136465882088147, 'penalty_k': 0.0696014371820315, 'scale_lr': 0.610666769845879}. Best is trial 1674 with value: 0.38142600678748195.
checkpoint_e33 window_influence: 0.54638917770335504, penalty_k: 0.14214391561318379, scale_lr: 0.43871340247378016, EAO: 0.306
Trial 2688 finished with value: 0.305733206439111 and parameters: {'window_influence': 0.546389177703355, 'penalty_k': 0.1421439156131838, 'scale_lr': 0.43871340247378016}. Best is trial 1674 with value: 0.38142600678748195.
checkpoint_e33 window_influence: 0.48053611597132656, penalty_k: 0.57718749336843367, scale_lr: 0.11113038427061428, EAO: 0.291
Trial 2689 finished with value: 0.29106792987320673 and parameters: {'window_influence': 0.48053611597132656, 'penalty_k': 0.5771874933684337, 'scale_lr': 0.11113038427061428}. Best is trial 1674 with value: 0.38142600678748195.
checkpoint_e33 window_influence: 0.49394944980047512, penalty_k: 0.08253890715840667, scale_lr: 0.62027324240712678, EAO: 0.354
Trial 2690 finished with value: 0.3537935673726672 and parameters: {'window_influence': 0.4939494498004751, 'penalty_k': 0.08253890715840667, 'scale_lr': 0.6202732424071268}. Best is trial 1674 with value: 0.38142600678748195.
checkpoint_e33 window_influence: 0.47023675579202312, penalty_k: 0.04726767181607902, scale_lr: 0.53503678126197041, EAO: 0.343
Trial 2691 finished with value: 0.34330832853855325 and parameters: {'window_influence': 0.4702367557920231, 'penalty_k': 0.04726767181607902, 'scale_lr': 0.5350367812619704}. Best is trial 1674 with value: 0.38142600678748195.
checkpoint_e33 window_influence: 0.15586440619335395, penalty_k: 0.24903295849808893, scale_lr: 0.49411654500007901, EAO: 0.257
Trial 2692 finished with value: 0.2574181068500192 and parameters: {'window_influence': 0.15586440619335395, 'penalty_k': 0.24903295849808893, 'scale_lr': 0.494116545000079}. Best is trial 1674 with value: 0.38142600678748195.
checkpoint_e33 window_influence: 0.56771544637098392, penalty_k: 0.03483211993507068, scale_lr: 0.69923006027159307, EAO: 0.281
Trial 2693 finished with value: 0.28084429402759564 and parameters: {'window_influence': 0.5677154463709839, 'penalty_k': 0.03483211993507068, 'scale_lr': 0.6992300602715931}. Best is trial 1674 with value: 0.38142600678748195.
checkpoint_e33 window_influence: 0.42228738589589992, penalty_k: 0.12873492291745028, scale_lr: 0.51644833463331563, EAO: 0.332
Trial 2694 finished with value: 0.3318746616404344 and parameters: {'window_influence': 0.4222873858958999, 'penalty_k': 0.12873492291745028, 'scale_lr': 0.5164483346333156}. Best is trial 1674 with value: 0.38142600678748195.
checkpoint_e33 window_influence: 0.36224588428139676, penalty_k: 0.17996635844804837, scale_lr: 0.13717230240196568, EAO: 0.313
Trial 2695 finished with value: 0.3130204423044442 and parameters: {'window_influence': 0.36224588428139676, 'penalty_k': 0.17996635844804837, 'scale_lr': 0.13717230240196568}. Best is trial 1674 with value: 0.38142600678748195.
checkpoint_e33 window_influence: 0.51247123453729837, penalty_k: 0.31005133287194692, scale_lr: 0.26027041291861086, EAO: 0.312
Trial 2696 finished with value: 0.31202272995436703 and parameters: {'window_influence': 0.5124712345372984, 'penalty_k': 0.3100513328719469, 'scale_lr': 0.26027041291861086}. Best is trial 1674 with value: 0.38142600678748195.
checkpoint_e33 window_influence: 0.14501076560701776, penalty_k: 0.06499178840354837, scale_lr: 0.39216970343491836, EAO: 0.272
Trial 2697 finished with value: 0.27178340593664563 and parameters: {'window_influence': 0.14501076560701776, 'penalty_k': 0.06499178840354837, 'scale_lr': 0.39216970343491836}. Best is trial 1674 with value: 0.38142600678748195.
checkpoint_e33 window_influence: 0.53362697581594065, penalty_k: 0.15466230889097898, scale_lr: 0.32057815153673508, EAO: 0.319
Trial 2698 finished with value: 0.3185439136473585 and parameters: {'window_influence': 0.5336269758159407, 'penalty_k': 0.15466230889097898, 'scale_lr': 0.3205781515367351}. Best is trial 1674 with value: 0.38142600678748195.
checkpoint_e33 window_influence: 0.14987532668382905, penalty_k: 0.23025141105921129, scale_lr: 0.72521426877157869, EAO: 0.274
Trial 2699 finished with value: 0.2737153238591517 and parameters: {'window_influence': 0.14987532668382905, 'penalty_k': 0.2302514110592113, 'scale_lr': 0.7252142687715787}. Best is trial 1674 with value: 0.38142600678748195.
checkpoint_e33 window_influence: 0.48642269351989931, penalty_k: 0.08357755197758984, scale_lr: 0.67300333368083909, EAO: 0.362
Trial 2700 finished with value: 0.36219108777287407 and parameters: {'window_influence': 0.4864226935198993, 'penalty_k': 0.08357755197758984, 'scale_lr': 0.6730033336808391}. Best is trial 1674 with value: 0.38142600678748195.
checkpoint_e33 window_influence: 0.45588837370100471, penalty_k: 0.01875290293835850, scale_lr: 0.60292764621801243, EAO: 0.348
Trial 2701 finished with value: 0.3477374609806194 and parameters: {'window_influence': 0.4558883737010047, 'penalty_k': 0.018752902938358497, 'scale_lr': 0.6029276462180124}. Best is trial 1674 with value: 0.38142600678748195.
checkpoint_e33 window_influence: 0.50147714675017208, penalty_k: 0.09926092395258901, scale_lr: 0.15303260222020926, EAO: 0.332
Trial 2702 finished with value: 0.33201298094445164 and parameters: {'window_influence': 0.5014771467501721, 'penalty_k': 0.09926092395258901, 'scale_lr': 0.15303260222020926}. Best is trial 1674 with value: 0.38142600678748195.
checkpoint_e33 window_influence: 0.44431070524504129, penalty_k: 0.05527245540441761, scale_lr: 0.23694515077445533, EAO: 0.331
Trial 2703 finished with value: 0.3307910578955936 and parameters: {'window_influence': 0.4443107052450413, 'penalty_k': 0.05527245540441761, 'scale_lr': 0.23694515077445533}. Best is trial 1674 with value: 0.38142600678748195.
checkpoint_e33 window_influence: 0.48133888238898348, penalty_k: 0.37821741785453733, scale_lr: 0.47491965194193703, EAO: 0.328
Trial 2704 finished with value: 0.32848211461931814 and parameters: {'window_influence': 0.4813388823889835, 'penalty_k': 0.37821741785453733, 'scale_lr': 0.474919651941937}. Best is trial 1674 with value: 0.38142600678748195.
checkpoint_e33 window_influence: 0.38288085275750416, penalty_k: 0.56338524586170580, scale_lr: 0.18472821582279331, EAO: 0.306
Trial 2705 finished with value: 0.3060344941189317 and parameters: {'window_influence': 0.38288085275750416, 'penalty_k': 0.5633852458617058, 'scale_lr': 0.1847282158227933}. Best is trial 1674 with value: 0.38142600678748195.
checkpoint_e33 window_influence: 0.17221434118397613, penalty_k: 0.11327082464428891, scale_lr: 0.54521560899930921, EAO: 0.280
Trial 2706 finished with value: 0.28012875035579105 and parameters: {'window_influence': 0.17221434118397613, 'penalty_k': 0.1132708246442889, 'scale_lr': 0.5452156089993092}. Best is trial 1674 with value: 0.38142600678748195.
checkpoint_e33 window_influence: 0.52317927940275621, penalty_k: 0.04326038788621554, scale_lr: 0.63726253343352035, EAO: 0.312
Trial 2707 finished with value: 0.31176578378167136 and parameters: {'window_influence': 0.5231792794027562, 'penalty_k': 0.043260387886215536, 'scale_lr': 0.6372625334335204}. Best is trial 1674 with value: 0.38142600678748195.
checkpoint_e33 window_influence: 0.24704409265849531, penalty_k: 0.14810889018015941, scale_lr: 0.42178687835578987, EAO: 0.292
Trial 2708 finished with value: 0.2917347469798322 and parameters: {'window_influence': 0.2470440926584953, 'penalty_k': 0.1481088901801594, 'scale_lr': 0.4217868783557899}. Best is trial 1674 with value: 0.38142600678748195.
checkpoint_e33 window_influence: 0.46648847475857402, penalty_k: 0.19998275763396500, scale_lr: 0.50161235247112257, EAO: 0.353
Trial 2709 finished with value: 0.35267190988889463 and parameters: {'window_influence': 0.466488474758574, 'penalty_k': 0.199982757633965, 'scale_lr': 0.5016123524711226}. Best is trial 1674 with value: 0.38142600678748195.
checkpoint_e33 window_influence: 0.37316151608981407, penalty_k: 0.06898007804629569, scale_lr: 0.22769798632951457, EAO: 0.323
Trial 2710 finished with value: 0.3228658333942584 and parameters: {'window_influence': 0.37316151608981407, 'penalty_k': 0.06898007804629569, 'scale_lr': 0.22769798632951457}. Best is trial 1674 with value: 0.38142600678748195.
checkpoint_e33 window_influence: 0.31405728585441056, penalty_k: 0.16960098114860933, scale_lr: 0.19853471073605311, EAO: 0.301
Trial 2711 finished with value: 0.30092572609274304 and parameters: {'window_influence': 0.31405728585441056, 'penalty_k': 0.16960098114860933, 'scale_lr': 0.1985347107360531}. Best is trial 1674 with value: 0.38142600678748195.
checkpoint_e33 window_influence: 0.59973760921218833, penalty_k: 0.02345144787412599, scale_lr: 0.29436112974672085, EAO: 0.274
Trial 2712 finished with value: 0.2735776162564986 and parameters: {'window_influence': 0.5997376092121883, 'penalty_k': 0.023451447874125987, 'scale_lr': 0.29436112974672085}. Best is trial 1674 with value: 0.38142600678748195.
checkpoint_e33 window_influence: 0.50446851096056333, penalty_k: 0.27186934718725475, scale_lr: 0.58306904261858761, EAO: 0.300
Trial 2713 finished with value: 0.3004428554137857 and parameters: {'window_influence': 0.5044685109605633, 'penalty_k': 0.27186934718725475, 'scale_lr': 0.5830690426185876}. Best is trial 1674 with value: 0.38142600678748195.
checkpoint_e33 window_influence: 0.49175550170699694, penalty_k: 0.13223297291406941, scale_lr: 0.69163195754025242, EAO: 0.340
Trial 2714 finished with value: 0.340184222167568 and parameters: {'window_influence': 0.49175550170699694, 'penalty_k': 0.1322329729140694, 'scale_lr': 0.6916319575402524}. Best is trial 1674 with value: 0.38142600678748195.
checkpoint_e33 window_influence: 0.43386153618878509, penalty_k: 0.31610021820772155, scale_lr: 0.52799279552697598, EAO: 0.346
Trial 2715 finished with value: 0.34581301787484015 and parameters: {'window_influence': 0.4338615361887851, 'penalty_k': 0.31610021820772155, 'scale_lr': 0.527992795526976}. Best is trial 1674 with value: 0.38142600678748195.
checkpoint_e33 window_influence: 0.47423356933273803, penalty_k: 0.09018640367475259, scale_lr: 0.26872820232239480, EAO: 0.335
Trial 2716 finished with value: 0.33463736962715473 and parameters: {'window_influence': 0.474233569332738, 'penalty_k': 0.09018640367475259, 'scale_lr': 0.2687282023223948}. Best is trial 1674 with value: 0.38142600678748195.
checkpoint_e33 window_influence: 0.45094425030818452, penalty_k: 0.05321891229330128, scale_lr: 0.75375284158838141, EAO: 0.360
Trial 2717 finished with value: 0.36024179915509796 and parameters: {'window_influence': 0.4509442503081845, 'penalty_k': 0.05321891229330128, 'scale_lr': 0.7537528415883814}. Best is trial 1674 with value: 0.38142600678748195.
checkpoint_e33 window_influence: 0.33819080795037137, penalty_k: 0.03687883476817781, scale_lr: 0.45075605937522062, EAO: 0.312
Trial 2718 finished with value: 0.31192571232059124 and parameters: {'window_influence': 0.3381908079503714, 'penalty_k': 0.03687883476817781, 'scale_lr': 0.4507560593752206}. Best is trial 1674 with value: 0.38142600678748195.
checkpoint_e33 window_influence: 0.48268946385807687, penalty_k: 0.40820338072139145, scale_lr: 0.55908027608350763, EAO: 0.308
Trial 2719 finished with value: 0.30795310489862343 and parameters: {'window_influence': 0.4826894638580769, 'penalty_k': 0.40820338072139145, 'scale_lr': 0.5590802760835076}. Best is trial 1674 with value: 0.38142600678748195.
checkpoint_e33 window_influence: 0.46392577131668256, penalty_k: 0.00007831496260321, scale_lr: 0.73516182435701960, EAO: 0.343
Trial 2720 finished with value: 0.34342739693385615 and parameters: {'window_influence': 0.46392577131668256, 'penalty_k': 7.831496260320842e-05, 'scale_lr': 0.7351618243570196}. Best is trial 1674 with value: 0.38142600678748195.
checkpoint_e33 window_influence: 0.50478826051234404, penalty_k: 0.19004263566846402, scale_lr: 0.48502954069610699, EAO: 0.310
Trial 2721 finished with value: 0.3097909497031906 and parameters: {'window_influence': 0.504788260512344, 'penalty_k': 0.19004263566846402, 'scale_lr': 0.485029540696107}. Best is trial 1674 with value: 0.38142600678748195.
checkpoint_e33 window_influence: 0.49307776753690724, penalty_k: 0.50554984546014836, scale_lr: 0.51149824387247200, EAO: 0.304
Trial 2722 finished with value: 0.3040046247758754 and parameters: {'window_influence': 0.49307776753690724, 'penalty_k': 0.5055498454601484, 'scale_lr': 0.511498243872472}. Best is trial 1674 with value: 0.38142600678748195.
checkpoint_e33 window_influence: 0.52200917648293155, penalty_k: 0.49964938705943385, scale_lr: 0.77469265145683763, EAO: 0.284
Trial 2723 finished with value: 0.28396370879407057 and parameters: {'window_influence': 0.5220091764829315, 'penalty_k': 0.49964938705943385, 'scale_lr': 0.7746926514568376}. Best is trial 1674 with value: 0.38142600678748195.
checkpoint_e33 window_influence: 0.10251771445021429, penalty_k: 0.21769963437002854, scale_lr: 0.21333245637295922, EAO: 0.263
Trial 2724 finished with value: 0.2631450841630943 and parameters: {'window_influence': 0.10251771445021429, 'penalty_k': 0.21769963437002854, 'scale_lr': 0.21333245637295922}. Best is trial 1674 with value: 0.38142600678748195.
checkpoint_e33 window_influence: 0.64979808247584891, penalty_k: 0.52478123381445851, scale_lr: 0.16524818461625862, EAO: 0.226
Trial 2725 finished with value: 0.2261600512358929 and parameters: {'window_influence': 0.6497980824758489, 'penalty_k': 0.5247812338144585, 'scale_lr': 0.16524818461625862}. Best is trial 1674 with value: 0.38142600678748195.
checkpoint_e33 window_influence: 0.56286911015878527, penalty_k: 0.07262413222293065, scale_lr: 0.71299784301611335, EAO: 0.290
Trial 2726 finished with value: 0.29000286241913587 and parameters: {'window_influence': 0.5628691101587853, 'penalty_k': 0.07262413222293065, 'scale_lr': 0.7129978430161134}. Best is trial 1674 with value: 0.38142600678748195.
checkpoint_e33 window_influence: 0.13762936863255118, penalty_k: 0.23247983366096325, scale_lr: 0.46289408226703510, EAO: 0.261
Trial 2727 finished with value: 0.26086684151150374 and parameters: {'window_influence': 0.13762936863255118, 'penalty_k': 0.23247983366096325, 'scale_lr': 0.4628940822670351}. Best is trial 1674 with value: 0.38142600678748195.
checkpoint_e33 window_influence: 0.47961328796223551, penalty_k: 0.10832691165219399, scale_lr: 0.58948604864250753, EAO: 0.348
Trial 2728 finished with value: 0.3477450448019495 and parameters: {'window_influence': 0.4796132879622355, 'penalty_k': 0.10832691165219399, 'scale_lr': 0.5894860486425075}. Best is trial 1674 with value: 0.38142600678748195.
checkpoint_e33 window_influence: 0.58837950563979580, penalty_k: 0.06094456780649992, scale_lr: 0.68235319879256862, EAO: 0.266
Trial 2729 finished with value: 0.26590099426327046 and parameters: {'window_influence': 0.5883795056397958, 'penalty_k': 0.06094456780649992, 'scale_lr': 0.6823531987925686}. Best is trial 1674 with value: 0.38142600678748195.
checkpoint_e33 window_influence: 0.51152454427928951, penalty_k: 0.03063556297500845, scale_lr: 0.63030903639566549, EAO: 0.329
Trial 2730 finished with value: 0.3289569295102056 and parameters: {'window_influence': 0.5115245442792895, 'penalty_k': 0.030635562975008447, 'scale_lr': 0.6303090363956655}. Best is trial 1674 with value: 0.38142600678748195.
checkpoint_e33 window_influence: 0.62233590662122940, penalty_k: 0.30064994451633686, scale_lr: 0.64992610615356028, EAO: 0.242
Trial 2731 finished with value: 0.24177150074609988 and parameters: {'window_influence': 0.6223359066212294, 'penalty_k': 0.30064994451633686, 'scale_lr': 0.6499261061535603}. Best is trial 1674 with value: 0.38142600678748195.
checkpoint_e33 window_influence: 0.41752253303897779, penalty_k: 0.58031683368992992, scale_lr: 0.52926491781914509, EAO: 0.322
Trial 2732 finished with value: 0.3218421969084424 and parameters: {'window_influence': 0.4175225330389778, 'penalty_k': 0.5803168336899299, 'scale_lr': 0.5292649178191451}. Best is trial 1674 with value: 0.38142600678748195.
checkpoint_e33 window_influence: 0.19035216200240235, penalty_k: 0.08182452004727599, scale_lr: 0.49548288472486018, EAO: 0.275
Trial 2733 finished with value: 0.2749934002815054 and parameters: {'window_influence': 0.19035216200240235, 'penalty_k': 0.08182452004727599, 'scale_lr': 0.4954828847248602}. Best is trial 1674 with value: 0.38142600678748195.
checkpoint_e33 window_influence: 0.46188896628112674, penalty_k: 0.54652541067566374, scale_lr: 0.78810814996416001, EAO: 0.324
Trial 2734 finished with value: 0.3235434889793396 and parameters: {'window_influence': 0.46188896628112674, 'penalty_k': 0.5465254106756637, 'scale_lr': 0.78810814996416}. Best is trial 1674 with value: 0.38142600678748195.
checkpoint_e33 window_influence: 0.54055540657203505, penalty_k: 0.33783352457115212, scale_lr: 0.33755251592257068, EAO: 0.294
Trial 2735 finished with value: 0.2943374181767846 and parameters: {'window_influence': 0.540555406572035, 'penalty_k': 0.3378335245711521, 'scale_lr': 0.3375525159225707}. Best is trial 1674 with value: 0.38142600678748195.
checkpoint_e33 window_influence: 0.49406428141222336, penalty_k: 0.42304022010730785, scale_lr: 0.27812569987385971, EAO: 0.311
Trial 2736 finished with value: 0.3109629502672166 and parameters: {'window_influence': 0.49406428141222336, 'penalty_k': 0.42304022010730785, 'scale_lr': 0.2781256998738597}. Best is trial 1674 with value: 0.38142600678748195.
checkpoint_e33 window_influence: 0.16590177164523426, penalty_k: 0.25325736615056327, scale_lr: 0.57214091599200034, EAO: 0.279
Trial 2737 finished with value: 0.2787081801010013 and parameters: {'window_influence': 0.16590177164523426, 'penalty_k': 0.25325736615056327, 'scale_lr': 0.5721409159920003}. Best is trial 1674 with value: 0.38142600678748195.
checkpoint_e33 window_influence: 0.47086640266401097, penalty_k: 0.16188423713148994, scale_lr: 0.32532426619762761, EAO: 0.344
Trial 2738 finished with value: 0.3439975206954006 and parameters: {'window_influence': 0.470866402664011, 'penalty_k': 0.16188423713148994, 'scale_lr': 0.3253242661976276}. Best is trial 1674 with value: 0.38142600678748195.
checkpoint_e33 window_influence: 0.19877465752842130, penalty_k: 0.12354162632023749, scale_lr: 0.44149397032396698, EAO: 0.301
Trial 2739 finished with value: 0.30123877965986495 and parameters: {'window_influence': 0.1987746575284213, 'penalty_k': 0.12354162632023749, 'scale_lr': 0.441493970323967}. Best is trial 1674 with value: 0.38142600678748195.
checkpoint_e33 window_influence: 0.44351641409112852, penalty_k: 0.14351728266302197, scale_lr: 0.37274945542604276, EAO: 0.339
Trial 2740 finished with value: 0.33869230410932105 and parameters: {'window_influence': 0.4435164140911285, 'penalty_k': 0.14351728266302197, 'scale_lr': 0.37274945542604276}. Best is trial 1674 with value: 0.38142600678748195.
checkpoint_e33 window_influence: 0.34575776425530713, penalty_k: 0.01463365773515140, scale_lr: 0.41065672191673130, EAO: 0.295
Trial 2741 finished with value: 0.29459053724424383 and parameters: {'window_influence': 0.34575776425530713, 'penalty_k': 0.0146336577351514, 'scale_lr': 0.4106567219167313}. Best is trial 1674 with value: 0.38142600678748195.
checkpoint_e33 window_influence: 0.48152737511575178, penalty_k: 0.04793966443090943, scale_lr: 0.66633435737927371, EAO: 0.332
Trial 2742 finished with value: 0.33205208959282606 and parameters: {'window_influence': 0.4815273751157518, 'penalty_k': 0.04793966443090943, 'scale_lr': 0.6663343573792737}. Best is trial 1674 with value: 0.38142600678748195.
checkpoint_e33 window_influence: 0.50059273461206788, penalty_k: 0.20485240970834567, scale_lr: 0.31184596288107280, EAO: 0.318
Trial 2743 finished with value: 0.3182361371786214 and parameters: {'window_influence': 0.5005927346120679, 'penalty_k': 0.20485240970834567, 'scale_lr': 0.3118459628810728}. Best is trial 1674 with value: 0.38142600678748195.
checkpoint_e33 window_influence: 0.40558081531503987, penalty_k: 0.17803367888889582, scale_lr: 0.54984284449789067, EAO: 0.315
Trial 2744 finished with value: 0.3147669519779747 and parameters: {'window_influence': 0.40558081531503987, 'penalty_k': 0.17803367888889582, 'scale_lr': 0.5498428444978907}. Best is trial 1674 with value: 0.38142600678748195.
checkpoint_e33 window_influence: 0.52810565226757300, penalty_k: 0.34766525311190177, scale_lr: 0.51434544943537486, EAO: 0.287
Trial 2745 finished with value: 0.2873667851380337 and parameters: {'window_influence': 0.528105652267573, 'penalty_k': 0.3476652531119018, 'scale_lr': 0.5143454494353749}. Best is trial 1674 with value: 0.38142600678748195.
checkpoint_e33 window_influence: 0.06164667251641071, penalty_k: 0.47335805012566179, scale_lr: 0.36155420505938951, EAO: 0.252
Trial 2746 finished with value: 0.25214162955952063 and parameters: {'window_influence': 0.061646672516410705, 'penalty_k': 0.4733580501256618, 'scale_lr': 0.3615542050593895}. Best is trial 1674 with value: 0.38142600678748195.
checkpoint_e33 window_influence: 0.10505983493254728, penalty_k: 0.09949002375806201, scale_lr: 0.47978918102791523, EAO: 0.258
