Trial 62 finished with value: 0.32007064528270457 and parameters: {'window_influence': 0.5071600256063606, 'penalty_k': 0.13605439344207143, 'scale_lr': 0.23651444257848192}. Best is trial 44 with value: 0.34774714580769667.
checkpoint_e22 window_influence: 0.49324902850978092, penalty_k: 0.08481828470166150, scale_lr: 0.18718785200682708, EAO: 0.331
Trial 63 finished with value: 0.3313042621784173 and parameters: {'window_influence': 0.4932490285097809, 'penalty_k': 0.0848182847016615, 'scale_lr': 0.18718785200682708}. Best is trial 44 with value: 0.34774714580769667.
checkpoint_e22 window_influence: 0.54223629288452169, penalty_k: 0.11804003080389119, scale_lr: 0.21823217450096072, EAO: 0.305
Trial 64 finished with value: 0.3048091763304365 and parameters: {'window_influence': 0.5422362928845217, 'penalty_k': 0.1180400308038912, 'scale_lr': 0.21823217450096072}. Best is trial 44 with value: 0.34774714580769667.
checkpoint_e22 window_influence: 0.43060510856147449, penalty_k: 0.16689218403623943, scale_lr: 0.25498323217898466, EAO: 0.305
Trial 65 finished with value: 0.3054744921885576 and parameters: {'window_influence': 0.4306051085614745, 'penalty_k': 0.16689218403623943, 'scale_lr': 0.25498323217898466}. Best is trial 44 with value: 0.34774714580769667.
checkpoint_e22 window_influence: 0.57286407559050312, penalty_k: 0.14087703615719563, scale_lr: 0.32242163500897780, EAO: 0.288
Trial 66 finished with value: 0.28764343771953066 and parameters: {'window_influence': 0.5728640755905031, 'penalty_k': 0.14087703615719563, 'scale_lr': 0.3224216350089778}. Best is trial 44 with value: 0.34774714580769667.
checkpoint_e22 window_influence: 0.47869343730851999, penalty_k: 0.19873520468691355, scale_lr: 0.30032680271014467, EAO: 0.309
Trial 67 finished with value: 0.3088342564231227 and parameters: {'window_influence': 0.47869343730852, 'penalty_k': 0.19873520468691355, 'scale_lr': 0.30032680271014467}. Best is trial 44 with value: 0.34774714580769667.
checkpoint_e22 window_influence: 0.50449727286053969, penalty_k: 0.09110577917090650, scale_lr: 0.39418378545044502, EAO: 0.318
Trial 68 finished with value: 0.3179208390443705 and parameters: {'window_influence': 0.5044972728605397, 'penalty_k': 0.0911057791709065, 'scale_lr': 0.394183785450445}. Best is trial 44 with value: 0.34774714580769667.
checkpoint_e22 window_influence: 0.47680678792260706, penalty_k: 0.12127499805639970, scale_lr: 0.15188804806036998, EAO: 0.319
Trial 69 finished with value: 0.31930086312358946 and parameters: {'window_influence': 0.47680678792260706, 'penalty_k': 0.1212749980563997, 'scale_lr': 0.15188804806036998}. Best is trial 44 with value: 0.34774714580769667.
checkpoint_e22 window_influence: 0.43770280656589422, penalty_k: 0.15746431739910577, scale_lr: 0.26352561853381984, EAO: 0.313
Trial 70 finished with value: 0.3132216450885112 and parameters: {'window_influence': 0.4377028065658942, 'penalty_k': 0.15746431739910577, 'scale_lr': 0.26352561853381984}. Best is trial 44 with value: 0.34774714580769667.
checkpoint_e22 window_influence: 0.46579669692187275, penalty_k: 0.10232045628560361, scale_lr: 0.35290054194579762, EAO: 0.315
Trial 71 finished with value: 0.3154416580608383 and parameters: {'window_influence': 0.46579669692187275, 'penalty_k': 0.10232045628560361, 'scale_lr': 0.3529005419457976}. Best is trial 44 with value: 0.34774714580769667.
checkpoint_e22 window_influence: 0.49996435149056673, penalty_k: 0.10217041204152053, scale_lr: 0.32289373750118289, EAO: 0.330
Trial 72 finished with value: 0.32982389820225044 and parameters: {'window_influence': 0.4999643514905667, 'penalty_k': 0.10217041204152053, 'scale_lr': 0.3228937375011829}. Best is trial 44 with value: 0.34774714580769667.
checkpoint_e22 window_influence: 0.52477436893661122, penalty_k: 0.12811182760809348, scale_lr: 0.28247066234753937, EAO: 0.308
Trial 73 finished with value: 0.3077187959090281 and parameters: {'window_influence': 0.5247743689366112, 'penalty_k': 0.12811182760809348, 'scale_lr': 0.28247066234753937}. Best is trial 44 with value: 0.34774714580769667.
checkpoint_e22 window_influence: 0.44411466479336764, penalty_k: 0.08006768418519745, scale_lr: 0.33980818483840708, EAO: 0.328
Trial 74 finished with value: 0.32775367970364566 and parameters: {'window_influence': 0.44411466479336764, 'penalty_k': 0.08006768418519745, 'scale_lr': 0.3398081848384071}. Best is trial 44 with value: 0.34774714580769667.
checkpoint_e22 window_influence: 0.48807577434142846, penalty_k: 0.17501162081233929, scale_lr: 0.31216286556446349, EAO: 0.332
Trial 75 finished with value: 0.3321099451775681 and parameters: {'window_influence': 0.48807577434142846, 'penalty_k': 0.17501162081233929, 'scale_lr': 0.3121628655644635}. Best is trial 44 with value: 0.34774714580769667.
checkpoint_e22 window_influence: 0.49103598870702936, penalty_k: 0.17359778379338869, scale_lr: 0.23442787257355022, EAO: 0.317
Trial 76 finished with value: 0.3173280151901542 and parameters: {'window_influence': 0.49103598870702936, 'penalty_k': 0.1735977837933887, 'scale_lr': 0.23442787257355022}. Best is trial 44 with value: 0.34774714580769667.
checkpoint_e22 window_influence: 0.42667293826407293, penalty_k: 0.15106447130140577, scale_lr: 0.20504777549829123, EAO: 0.320
Trial 77 finished with value: 0.3201868706872027 and parameters: {'window_influence': 0.42667293826407293, 'penalty_k': 0.15106447130140577, 'scale_lr': 0.20504777549829123}. Best is trial 44 with value: 0.34774714580769667.
checkpoint_e22 window_influence: 0.47131454851479704, penalty_k: 0.14429248252044038, scale_lr: 0.30711036503251243, EAO: 0.322
Trial 78 finished with value: 0.32211684595054224 and parameters: {'window_influence': 0.47131454851479704, 'penalty_k': 0.14429248252044038, 'scale_lr': 0.30711036503251243}. Best is trial 44 with value: 0.34774714580769667.
checkpoint_e22 window_influence: 0.40490118425841054, penalty_k: 0.12699206749942174, scale_lr: 0.25623787580823260, EAO: 0.330
Trial 79 finished with value: 0.33017711358775426 and parameters: {'window_influence': 0.40490118425841054, 'penalty_k': 0.12699206749942174, 'scale_lr': 0.2562378758082326}. Best is trial 44 with value: 0.34774714580769667.
checkpoint_e22 window_influence: 0.45483482906532646, penalty_k: 0.05540204960212701, scale_lr: 0.38790837458615540, EAO: 0.309
Trial 80 finished with value: 0.30889127464377925 and parameters: {'window_influence': 0.45483482906532646, 'penalty_k': 0.05540204960212701, 'scale_lr': 0.3879083745861554}. Best is trial 44 with value: 0.34774714580769667.
checkpoint_e22 window_influence: 0.48606272935468259, penalty_k: 0.09428181284610669, scale_lr: 0.36131943314138504, EAO: 0.332
Trial 81 finished with value: 0.33200343098158036 and parameters: {'window_influence': 0.4860627293546826, 'penalty_k': 0.09428181284610669, 'scale_lr': 0.36131943314138504}. Best is trial 44 with value: 0.34774714580769667.
checkpoint_e22 window_influence: 0.48770405639496861, penalty_k: 0.07772634065612359, scale_lr: 0.33309690216914389, EAO: 0.324
Trial 82 finished with value: 0.32404194754849147 and parameters: {'window_influence': 0.4877040563949686, 'penalty_k': 0.07772634065612359, 'scale_lr': 0.3330969021691439}. Best is trial 44 with value: 0.34774714580769667.
checkpoint_e22 window_influence: 0.51594002528910510, penalty_k: 0.09560225192360976, scale_lr: 0.36129517741103467, EAO: 0.302
Trial 83 finished with value: 0.3023555409235713 and parameters: {'window_influence': 0.5159400252891051, 'penalty_k': 0.09560225192360976, 'scale_lr': 0.3612951774110347}. Best is trial 44 with value: 0.34774714580769667.
checkpoint_e22 window_influence: 0.53358113149890030, penalty_k: 0.02862589483923919, scale_lr: 0.30548350195090362, EAO: 0.324
Trial 84 finished with value: 0.3244794356683813 and parameters: {'window_influence': 0.5335811314989003, 'penalty_k': 0.02862589483923919, 'scale_lr': 0.3054835019509036}. Best is trial 44 with value: 0.34774714580769667.
checkpoint_e22 window_influence: 0.50107353885858763, penalty_k: 0.10902200255707352, scale_lr: 0.40782630781731299, EAO: 0.308
Trial 85 finished with value: 0.30793518686109017 and parameters: {'window_influence': 0.5010735388585876, 'penalty_k': 0.10902200255707352, 'scale_lr': 0.407826307817313}. Best is trial 44 with value: 0.34774714580769667.
checkpoint_e22 window_influence: 0.44757979285548949, penalty_k: 0.17245065044584351, scale_lr: 0.36582872195840516, EAO: 0.303
Trial 86 finished with value: 0.30310563232880156 and parameters: {'window_influence': 0.4475797928554895, 'penalty_k': 0.1724506504458435, 'scale_lr': 0.36582872195840516}. Best is trial 44 with value: 0.34774714580769667.
checkpoint_e22 window_influence: 0.48434273086163349, penalty_k: 0.12625470941478131, scale_lr: 0.38545256434227310, EAO: 0.312
Trial 87 finished with value: 0.3115803743730723 and parameters: {'window_influence': 0.4843427308616335, 'penalty_k': 0.1262547094147813, 'scale_lr': 0.3854525643422731}. Best is trial 44 with value: 0.34774714580769667.
checkpoint_e22 window_influence: 0.46553756443783134, penalty_k: 0.07187595006143734, scale_lr: 0.31897484255973901, EAO: 0.331
Trial 88 finished with value: 0.33137160122162634 and parameters: {'window_influence': 0.46553756443783134, 'penalty_k': 0.07187595006143734, 'scale_lr': 0.318974842559739}. Best is trial 44 with value: 0.34774714580769667.
checkpoint_e22 window_influence: 0.42622795475262421, penalty_k: 0.05310313229743269, scale_lr: 0.40238874222146120, EAO: 0.309
Trial 89 finished with value: 0.3087498313142168 and parameters: {'window_influence': 0.4262279547526242, 'penalty_k': 0.05310313229743269, 'scale_lr': 0.4023887422214612}. Best is trial 44 with value: 0.34774714580769667.
checkpoint_e22 window_influence: 0.51038958842250837, penalty_k: 0.14695251286045674, scale_lr: 0.28788674548399534, EAO: 0.314
Trial 90 finished with value: 0.314327646844118 and parameters: {'window_influence': 0.5103895884225084, 'penalty_k': 0.14695251286045674, 'scale_lr': 0.28788674548399534}. Best is trial 44 with value: 0.34774714580769667.
checkpoint_e22 window_influence: 0.46999813759652587, penalty_k: 0.10633160685144022, scale_lr: 0.35057984120046431, EAO: 0.340
Trial 91 finished with value: 0.3403103057048664 and parameters: {'window_influence': 0.46999813759652587, 'penalty_k': 0.10633160685144022, 'scale_lr': 0.3505798412004643}. Best is trial 44 with value: 0.34774714580769667.
checkpoint_e22 window_influence: 0.45787165638737337, penalty_k: 0.08820151700034179, scale_lr: 0.33768779177028424, EAO: 0.344
Trial 92 finished with value: 0.34381944103463613 and parameters: {'window_influence': 0.45787165638737337, 'penalty_k': 0.08820151700034179, 'scale_lr': 0.33768779177028424}. Best is trial 44 with value: 0.34774714580769667.
checkpoint_e22 window_influence: 0.45597665268324289, penalty_k: 0.10867455267866116, scale_lr: 0.33495188723654518, EAO: 0.319
Trial 93 finished with value: 0.3194616525669506 and parameters: {'window_influence': 0.4559766526832429, 'penalty_k': 0.10867455267866116, 'scale_lr': 0.3349518872365452}. Best is trial 44 with value: 0.34774714580769667.
checkpoint_e22 window_influence: 0.43984011891027103, penalty_k: 0.12762019884365422, scale_lr: 0.38060400538690564, EAO: 0.331
Trial 94 finished with value: 0.3313728468891248 and parameters: {'window_influence': 0.439840118910271, 'penalty_k': 0.12762019884365422, 'scale_lr': 0.38060400538690564}. Best is trial 44 with value: 0.34774714580769667.
checkpoint_e22 window_influence: 0.47419693290325676, penalty_k: 0.08544690969862224, scale_lr: 0.34685738464964699, EAO: 0.330
Trial 95 finished with value: 0.32957894097042456 and parameters: {'window_influence': 0.47419693290325676, 'penalty_k': 0.08544690969862224, 'scale_lr': 0.346857384649647}. Best is trial 44 with value: 0.34774714580769667.
checkpoint_e22 window_influence: 0.41828232258484210, penalty_k: 0.06844276689359546, scale_lr: 0.41876393281683616, EAO: 0.307
Trial 96 finished with value: 0.3069224579672869 and parameters: {'window_influence': 0.4182823225848421, 'penalty_k': 0.06844276689359546, 'scale_lr': 0.41876393281683616}. Best is trial 44 with value: 0.34774714580769667.
checkpoint_e22 window_influence: 0.45984138353975246, penalty_k: 0.11601395021358865, scale_lr: 0.31723126274197283, EAO: 0.359
Trial 97 finished with value: 0.3587390516054769 and parameters: {'window_influence': 0.45984138353975246, 'penalty_k': 0.11601395021358865, 'scale_lr': 0.31723126274197283}. Best is trial 97 with value: 0.3587390516054769.
checkpoint_e22 window_influence: 0.45832452686921765, penalty_k: 0.11301800780748270, scale_lr: 0.27889676673157227, EAO: 0.325
Trial 98 finished with value: 0.32508395780385235 and parameters: {'window_influence': 0.45832452686921765, 'penalty_k': 0.1130180078074827, 'scale_lr': 0.27889676673157227}. Best is trial 97 with value: 0.3587390516054769.
checkpoint_e22 window_influence: 0.44626120837298916, penalty_k: 0.05282739891949894, scale_lr: 0.32435013519996803, EAO: 0.311
Trial 99 finished with value: 0.31105798865570633 and parameters: {'window_influence': 0.44626120837298916, 'penalty_k': 0.05282739891949894, 'scale_lr': 0.324350135199968}. Best is trial 97 with value: 0.3587390516054769.
checkpoint_e22 window_influence: 0.40537349248096821, penalty_k: 0.08208372039940648, scale_lr: 0.36126582545984759, EAO: 0.312
Trial 100 finished with value: 0.31194706243763637 and parameters: {'window_influence': 0.4053734924809682, 'penalty_k': 0.08208372039940648, 'scale_lr': 0.3612658254598476}. Best is trial 97 with value: 0.3587390516054769.
checkpoint_e22 window_influence: 0.49511952841066897, penalty_k: 0.14223712888616863, scale_lr: 0.31054539740979331, EAO: 0.326
Trial 101 finished with value: 0.32609168935842553 and parameters: {'window_influence': 0.495119528410669, 'penalty_k': 0.14223712888616863, 'scale_lr': 0.3105453974097933}. Best is trial 97 with value: 0.3587390516054769.
checkpoint_e22 window_influence: 0.47205522119999782, penalty_k: 0.15657702416239261, scale_lr: 0.29323549611837818, EAO: 0.328
Trial 102 finished with value: 0.32791169132703935 and parameters: {'window_influence': 0.4720552211999978, 'penalty_k': 0.1565770241623926, 'scale_lr': 0.2932354961183782}. Best is trial 97 with value: 0.3587390516054769.
checkpoint_e22 window_influence: 0.51276118197978149, penalty_k: 0.12106292312650403, scale_lr: 0.33804745070539832, EAO: 0.312
Trial 103 finished with value: 0.3116068873076123 and parameters: {'window_influence': 0.5127611819797815, 'penalty_k': 0.12106292312650403, 'scale_lr': 0.3380474507053983}. Best is trial 97 with value: 0.3587390516054769.
checkpoint_e22 window_influence: 0.43702786531631815, penalty_k: 0.09903522207360139, scale_lr: 0.26910648790454922, EAO: 0.317
Trial 104 finished with value: 0.317464318024973 and parameters: {'window_influence': 0.43702786531631815, 'penalty_k': 0.0990352220736014, 'scale_lr': 0.2691064879045492}. Best is trial 97 with value: 0.3587390516054769.
checkpoint_e22 window_influence: 0.46331479662121894, penalty_k: 0.13081191083077040, scale_lr: 0.37462752714741976, EAO: 0.317
Trial 105 finished with value: 0.31709371924632257 and parameters: {'window_influence': 0.46331479662121894, 'penalty_k': 0.1308119108307704, 'scale_lr': 0.37462752714741976}. Best is trial 97 with value: 0.3587390516054769.
checkpoint_e22 window_influence: 0.48292176236037754, penalty_k: 0.11187263843161127, scale_lr: 0.39319975596636692, EAO: 0.318
Trial 106 finished with value: 0.3184133292636055 and parameters: {'window_influence': 0.48292176236037754, 'penalty_k': 0.11187263843161127, 'scale_lr': 0.3931997559663669}. Best is trial 97 with value: 0.3587390516054769.
checkpoint_e22 window_influence: 0.42307638007238280, penalty_k: 0.08645237646748774, scale_lr: 0.34930748907461490, EAO: 0.311
Trial 107 finished with value: 0.31108973369524173 and parameters: {'window_influence': 0.4230763800723828, 'penalty_k': 0.08645237646748774, 'scale_lr': 0.3493074890746149}. Best is trial 97 with value: 0.3587390516054769.
checkpoint_e22 window_influence: 0.49770092431003227, penalty_k: 0.13912253885824077, scale_lr: 0.29292437937798560, EAO: 0.334
Trial 108 finished with value: 0.3336422547756002 and parameters: {'window_influence': 0.49770092431003227, 'penalty_k': 0.13912253885824077, 'scale_lr': 0.2929243793779856}. Best is trial 97 with value: 0.3587390516054769.
checkpoint_e22 window_influence: 0.49905286983319058, penalty_k: 0.14076656312657332, scale_lr: 0.29263150210908795, EAO: 0.331
Trial 109 finished with value: 0.33135152628449616 and parameters: {'window_influence': 0.4990528698331906, 'penalty_k': 0.14076656312657332, 'scale_lr': 0.29263150210908795}. Best is trial 97 with value: 0.3587390516054769.
checkpoint_e22 window_influence: 0.52426644709963455, penalty_k: 0.06916718428064120, scale_lr: 0.32952488196637325, EAO: 0.318
Trial 110 finished with value: 0.31789706989485 and parameters: {'window_influence': 0.5242664470996345, 'penalty_k': 0.0691671842806412, 'scale_lr': 0.32952488196637325}. Best is trial 97 with value: 0.3587390516054769.
checkpoint_e22 window_influence: 0.47610079522474347, penalty_k: 0.10573784946609163, scale_lr: 0.31148455023346433, EAO: 0.332
Trial 111 finished with value: 0.3315540350364804 and parameters: {'window_influence': 0.47610079522474347, 'penalty_k': 0.10573784946609163, 'scale_lr': 0.31148455023346433}. Best is trial 97 with value: 0.3587390516054769.
checkpoint_e22 window_influence: 0.45217113561826827, penalty_k: 0.16446655767283236, scale_lr: 0.25283330039480412, EAO: 0.332
Trial 112 finished with value: 0.33154319278924843 and parameters: {'window_influence': 0.45217113561826827, 'penalty_k': 0.16446655767283236, 'scale_lr': 0.2528333003948041}. Best is trial 97 with value: 0.3587390516054769.
checkpoint_e22 window_influence: 0.49213439420700245, penalty_k: 0.12046149530821577, scale_lr: 0.27362119027142051, EAO: 0.334
Trial 113 finished with value: 0.33369746085270835 and parameters: {'window_influence': 0.49213439420700245, 'penalty_k': 0.12046149530821577, 'scale_lr': 0.2736211902714205}. Best is trial 97 with value: 0.3587390516054769.
checkpoint_e22 window_influence: 0.46683119989064603, penalty_k: 0.12074368523286913, scale_lr: 0.24255210333734456, EAO: 0.333
Trial 114 finished with value: 0.33289505361582983 and parameters: {'window_influence': 0.46683119989064603, 'penalty_k': 0.12074368523286913, 'scale_lr': 0.24255210333734456}. Best is trial 97 with value: 0.3587390516054769.
checkpoint_e22 window_influence: 0.50512438306251706, penalty_k: 0.12506317306965484, scale_lr: 0.23890300754186117, EAO: 0.320
Trial 115 finished with value: 0.3195239444071217 and parameters: {'window_influence': 0.5051243830625171, 'penalty_k': 0.12506317306965484, 'scale_lr': 0.23890300754186117}. Best is trial 97 with value: 0.3587390516054769.
checkpoint_e22 window_influence: 0.43100455471525156, penalty_k: 0.15142514443184468, scale_lr: 0.22203086153052443, EAO: 0.306
Trial 116 finished with value: 0.30635522543688226 and parameters: {'window_influence': 0.43100455471525156, 'penalty_k': 0.15142514443184468, 'scale_lr': 0.22203086153052443}. Best is trial 97 with value: 0.3587390516054769.
checkpoint_e22 window_influence: 0.39678445401753720, penalty_k: 0.13564713078898510, scale_lr: 0.27135287146405318, EAO: 0.323
Trial 117 finished with value: 0.3227299980616291 and parameters: {'window_influence': 0.3967844540175372, 'penalty_k': 0.1356471307889851, 'scale_lr': 0.2713528714640532}. Best is trial 97 with value: 0.3587390516054769.
checkpoint_e22 window_influence: 0.46371607896960376, penalty_k: 0.08953275080748700, scale_lr: 0.24406158122004801, EAO: 0.324
Trial 118 finished with value: 0.3240452423865693 and parameters: {'window_influence': 0.46371607896960376, 'penalty_k': 0.089532750807487, 'scale_lr': 0.244061581220048}. Best is trial 97 with value: 0.3587390516054769.
checkpoint_e22 window_influence: 0.49403388259496761, penalty_k: 0.11781169323379759, scale_lr: 0.26502681952072416, EAO: 0.338
Trial 119 finished with value: 0.33831030930526523 and parameters: {'window_influence': 0.4940338825949676, 'penalty_k': 0.11781169323379759, 'scale_lr': 0.26502681952072416}. Best is trial 97 with value: 0.3587390516054769.
checkpoint_e22 window_influence: 0.54892770938339530, penalty_k: 0.09543187700998994, scale_lr: 0.28779140310031198, EAO: 0.318
Trial 120 finished with value: 0.3179089638625601 and parameters: {'window_influence': 0.5489277093833953, 'penalty_k': 0.09543187700998994, 'scale_lr': 0.287791403100312}. Best is trial 97 with value: 0.3587390516054769.
checkpoint_e22 window_influence: 0.49734766434687622, penalty_k: 0.11582497219741764, scale_lr: 0.26317077784112158, EAO: 0.322
Trial 121 finished with value: 0.3222214871807321 and parameters: {'window_influence': 0.4973476643468762, 'penalty_k': 0.11582497219741764, 'scale_lr': 0.2631707778411216}. Best is trial 97 with value: 0.3587390516054769.
checkpoint_e22 window_influence: 0.53300783105963256, penalty_k: 0.11886542006715076, scale_lr: 0.20463316065076326, EAO: 0.319
Trial 122 finished with value: 0.31855662416391334 and parameters: {'window_influence': 0.5330078310596326, 'penalty_k': 0.11886542006715076, 'scale_lr': 0.20463316065076326}. Best is trial 97 with value: 0.3587390516054769.
checkpoint_e22 window_influence: 0.48078557228177227, penalty_k: 0.13467841640655470, scale_lr: 0.24827101610085603, EAO: 0.333
Trial 123 finished with value: 0.3332754346879076 and parameters: {'window_influence': 0.48078557228177227, 'penalty_k': 0.1346784164065547, 'scale_lr': 0.24827101610085603}. Best is trial 97 with value: 0.3587390516054769.
checkpoint_e22 window_influence: 0.51776462292229475, penalty_k: 0.13453193448718867, scale_lr: 0.30009458427852453, EAO: 0.314
