Trial 3023 finished with value: 0.2821431642956307 and parameters: {'window_influence': 0.48519810390913126, 'penalty_k': 0.39173170759734766, 'scale_lr': 0.17439625214365434}. Best is trial 1270 with value: 0.3623636909959845.
checkpoint_e22 window_influence: 0.41422093605132287, penalty_k: 0.21300350945986118, scale_lr: 0.20279071897230866, EAO: 0.285
Trial 3024 finished with value: 0.2845390944629328 and parameters: {'window_influence': 0.4142209360513229, 'penalty_k': 0.21300350945986118, 'scale_lr': 0.20279071897230866}. Best is trial 1270 with value: 0.3623636909959845.
checkpoint_e22 window_influence: 0.61608996515982695, penalty_k: 0.02922315146725339, scale_lr: 0.31768985578423570, EAO: 0.262
Trial 3025 finished with value: 0.2622637954551422 and parameters: {'window_influence': 0.616089965159827, 'penalty_k': 0.02922315146725339, 'scale_lr': 0.3176898557842357}. Best is trial 1270 with value: 0.3623636909959845.
checkpoint_e22 window_influence: 0.49814691644798681, penalty_k: 0.06174921932100390, scale_lr: 0.68213111126159054, EAO: 0.326
Trial 3026 finished with value: 0.3262548325474624 and parameters: {'window_influence': 0.4981469164479868, 'penalty_k': 0.0617492193210039, 'scale_lr': 0.6821311112615905}. Best is trial 1270 with value: 0.3623636909959845.
checkpoint_e22 window_influence: 0.30148840646885178, penalty_k: 0.08970218357390354, scale_lr: 0.22956663840250457, EAO: 0.281
Trial 3027 finished with value: 0.2813143342849346 and parameters: {'window_influence': 0.3014884064688518, 'penalty_k': 0.08970218357390354, 'scale_lr': 0.22956663840250457}. Best is trial 1270 with value: 0.3623636909959845.
checkpoint_e22 window_influence: 0.27084767932396064, penalty_k: 0.12310592728543947, scale_lr: 0.55827405803072394, EAO: 0.270
Trial 3028 finished with value: 0.26980052563698836 and parameters: {'window_influence': 0.27084767932396064, 'penalty_k': 0.12310592728543947, 'scale_lr': 0.5582740580307239}. Best is trial 1270 with value: 0.3623636909959845.
checkpoint_e22 window_influence: 0.47583856498705041, penalty_k: 0.10280306770154221, scale_lr: 0.61342119336590406, EAO: 0.350
Trial 3029 finished with value: 0.34958032446148796 and parameters: {'window_influence': 0.4758385649870504, 'penalty_k': 0.10280306770154221, 'scale_lr': 0.6134211933659041}. Best is trial 1270 with value: 0.3623636909959845.
checkpoint_e22 window_influence: 0.46455130143351003, penalty_k: 0.29052260175861577, scale_lr: 0.26052814372253508, EAO: 0.297
Trial 3030 finished with value: 0.2969245943693799 and parameters: {'window_influence': 0.46455130143351003, 'penalty_k': 0.2905226017586158, 'scale_lr': 0.2605281437225351}. Best is trial 1270 with value: 0.3623636909959845.
checkpoint_e22 window_influence: 0.17752266892112095, penalty_k: 0.00030015367651205, scale_lr: 0.58034678265978024, EAO: 0.273
Trial 3031 finished with value: 0.2733663041072133 and parameters: {'window_influence': 0.17752266892112095, 'penalty_k': 0.00030015367651205015, 'scale_lr': 0.5803467826597802}. Best is trial 1270 with value: 0.3623636909959845.
checkpoint_e22 window_influence: 0.53732090020518886, penalty_k: 0.07946516118238181, scale_lr: 0.37013752987261950, EAO: 0.302
Trial 3032 finished with value: 0.30155783497405886 and parameters: {'window_influence': 0.5373209002051889, 'penalty_k': 0.07946516118238181, 'scale_lr': 0.3701375298726195}. Best is trial 1270 with value: 0.3623636909959845.
checkpoint_e22 window_influence: 0.48944321285438863, penalty_k: 0.13106366581980117, scale_lr: 0.78495031306502272, EAO: 0.300
Trial 3033 finished with value: 0.3003122554910786 and parameters: {'window_influence': 0.48944321285438863, 'penalty_k': 0.13106366581980117, 'scale_lr': 0.7849503130650227}. Best is trial 1270 with value: 0.3623636909959845.
checkpoint_e22 window_influence: 0.18674568315821113, penalty_k: 0.02067337246505135, scale_lr: 0.62180981304553051, EAO: 0.285
Trial 3034 finished with value: 0.28459699979552033 and parameters: {'window_influence': 0.18674568315821113, 'penalty_k': 0.020673372465051347, 'scale_lr': 0.6218098130455305}. Best is trial 1270 with value: 0.3623636909959845.
checkpoint_e22 window_influence: 0.12715344087389774, penalty_k: 0.04480874836513769, scale_lr: 0.53809168341664870, EAO: 0.261
Trial 3035 finished with value: 0.26056777277113397 and parameters: {'window_influence': 0.12715344087389774, 'penalty_k': 0.04480874836513769, 'scale_lr': 0.5380916834166487}. Best is trial 1270 with value: 0.3623636909959845.
checkpoint_e22 window_influence: 0.54850782796064756, penalty_k: 0.35600614350381982, scale_lr: 0.50316135020165476, EAO: 0.284
Trial 3036 finished with value: 0.2836813722603052 and parameters: {'window_influence': 0.5485078279606476, 'penalty_k': 0.3560061435038198, 'scale_lr': 0.5031613502016548}. Best is trial 1270 with value: 0.3623636909959845.
checkpoint_e22 window_influence: 0.43452945423413297, penalty_k: 0.23102870699139350, scale_lr: 0.65589179119843555, EAO: 0.318
Trial 3037 finished with value: 0.3184769362907002 and parameters: {'window_influence': 0.434529454234133, 'penalty_k': 0.2310287069913935, 'scale_lr': 0.6558917911984355}. Best is trial 1270 with value: 0.3623636909959845.
checkpoint_e22 window_influence: 0.45310486002183264, penalty_k: 0.11380581560198422, scale_lr: 0.33810462372383054, EAO: 0.325
Trial 3038 finished with value: 0.32486561514756096 and parameters: {'window_influence': 0.45310486002183264, 'penalty_k': 0.11380581560198422, 'scale_lr': 0.33810462372383054}. Best is trial 1270 with value: 0.3623636909959845.
checkpoint_e22 window_influence: 0.47271747432347805, penalty_k: 0.07116420379225132, scale_lr: 0.17181176697344797, EAO: 0.343
Trial 3039 finished with value: 0.3434900602014148 and parameters: {'window_influence': 0.47271747432347805, 'penalty_k': 0.07116420379225132, 'scale_lr': 0.17181176697344797}. Best is trial 1270 with value: 0.3623636909959845.
checkpoint_e22 window_influence: 0.37133913434333388, penalty_k: 0.01045188577466998, scale_lr: 0.28164223240361030, EAO: 0.309
Trial 3040 finished with value: 0.3086860082492754 and parameters: {'window_influence': 0.3713391343433339, 'penalty_k': 0.010451885774669984, 'scale_lr': 0.2816422324036103}. Best is trial 1270 with value: 0.3623636909959845.
checkpoint_e22 window_influence: 0.50180092503582652, penalty_k: 0.22601852237199205, scale_lr: 0.46470806502843048, EAO: 0.314
Trial 3041 finished with value: 0.3141957851931279 and parameters: {'window_influence': 0.5018009250358265, 'penalty_k': 0.22601852237199205, 'scale_lr': 0.4647080650284305}. Best is trial 1270 with value: 0.3623636909959845.
checkpoint_e22 window_influence: 0.24552870252148856, penalty_k: 0.03325846741778875, scale_lr: 0.51794720808025940, EAO: 0.267
Trial 3042 finished with value: 0.26679389028001854 and parameters: {'window_influence': 0.24552870252148856, 'penalty_k': 0.03325846741778875, 'scale_lr': 0.5179472080802594}. Best is trial 1270 with value: 0.3623636909959845.
checkpoint_e22 window_influence: 0.22946552881804416, penalty_k: 0.49667591789396115, scale_lr: 0.10380132928302677, EAO: 0.273
Trial 3043 finished with value: 0.27295723360336244 and parameters: {'window_influence': 0.22946552881804416, 'penalty_k': 0.49667591789396115, 'scale_lr': 0.10380132928302677}. Best is trial 1270 with value: 0.3623636909959845.
checkpoint_e22 window_influence: 0.58130837686486658, penalty_k: 0.13861643980242624, scale_lr: 0.42648172695711684, EAO: 0.252
Trial 3044 finished with value: 0.25158082661925585 and parameters: {'window_influence': 0.5813083768648666, 'penalty_k': 0.13861643980242624, 'scale_lr': 0.42648172695711684}. Best is trial 1270 with value: 0.3623636909959845.
checkpoint_e22 window_influence: 0.32211221064246898, penalty_k: 0.09620558697326745, scale_lr: 0.29922787624841274, EAO: 0.291
Trial 3045 finished with value: 0.291433048445427 and parameters: {'window_influence': 0.322112210642469, 'penalty_k': 0.09620558697326745, 'scale_lr': 0.29922787624841274}. Best is trial 1270 with value: 0.3623636909959845.
checkpoint_e22 window_influence: 0.24226269614041576, penalty_k: 0.22097225875496890, scale_lr: 0.63363303331050103, EAO: 0.268
Trial 3046 finished with value: 0.2678637096390186 and parameters: {'window_influence': 0.24226269614041576, 'penalty_k': 0.2209722587549689, 'scale_lr': 0.633633033310501}. Best is trial 1270 with value: 0.3623636909959845.
checkpoint_e22 window_influence: 0.20782602919469503, penalty_k: 0.02106912721647926, scale_lr: 0.39977177209412201, EAO: 0.257
Trial 3047 finished with value: 0.2568482780966777 and parameters: {'window_influence': 0.20782602919469503, 'penalty_k': 0.021069127216479258, 'scale_lr': 0.399771772094122}. Best is trial 1270 with value: 0.3623636909959845.
checkpoint_e22 window_influence: 0.31394817139334907, penalty_k: 0.56743107312360275, scale_lr: 0.69871285954771456, EAO: 0.283
Trial 3048 finished with value: 0.28331705620548603 and parameters: {'window_influence': 0.3139481713933491, 'penalty_k': 0.5674310731236027, 'scale_lr': 0.6987128595477146}. Best is trial 1270 with value: 0.3623636909959845.
checkpoint_e22 window_influence: 0.57931635605611675, penalty_k: 0.01037820494622576, scale_lr: 0.24636879700479294, EAO: 0.281
Trial 3049 finished with value: 0.2810838911899797 and parameters: {'window_influence': 0.5793163560561168, 'penalty_k': 0.010378204946225765, 'scale_lr': 0.24636879700479294}. Best is trial 1270 with value: 0.3623636909959845.
checkpoint_e22 window_influence: 0.52542942886658284, penalty_k: 0.05497512726314152, scale_lr: 0.48414943430443230, EAO: 0.328
Trial 3050 finished with value: 0.32785709428416154 and parameters: {'window_influence': 0.5254294288665828, 'penalty_k': 0.05497512726314152, 'scale_lr': 0.4841494343044323}. Best is trial 1270 with value: 0.3623636909959845.
checkpoint_e22 window_influence: 0.39053555504956733, penalty_k: 0.11069784534698521, scale_lr: 0.74937945470983891, EAO: 0.311
Trial 3051 finished with value: 0.3109815525985413 and parameters: {'window_influence': 0.39053555504956733, 'penalty_k': 0.11069784534698521, 'scale_lr': 0.7493794547098389}. Best is trial 1270 with value: 0.3623636909959845.
checkpoint_e22 window_influence: 0.48338003383262212, penalty_k: 0.18921788786732036, scale_lr: 0.26928598619028743, EAO: 0.324
Trial 3052 finished with value: 0.32385614212848796 and parameters: {'window_influence': 0.4833800338326221, 'penalty_k': 0.18921788786732036, 'scale_lr': 0.26928598619028743}. Best is trial 1270 with value: 0.3623636909959845.
checkpoint_e22 window_influence: 0.64931282358007758, penalty_k: 0.03823602861447922, scale_lr: 0.32023643142585084, EAO: 0.228
Trial 3053 finished with value: 0.2278468803672939 and parameters: {'window_influence': 0.6493128235800776, 'penalty_k': 0.038236028614479216, 'scale_lr': 0.32023643142585084}. Best is trial 1270 with value: 0.3623636909959845.
checkpoint_e22 window_influence: 0.38134859193372739, penalty_k: 0.08052474267060525, scale_lr: 0.59346320764014382, EAO: 0.318
Trial 3054 finished with value: 0.3175516714149876 and parameters: {'window_influence': 0.3813485919337274, 'penalty_k': 0.08052474267060525, 'scale_lr': 0.5934632076401438}. Best is trial 1270 with value: 0.3623636909959845.
checkpoint_e22 window_influence: 0.51139941915961329, penalty_k: 0.12598213620509083, scale_lr: 0.43988784192443825, EAO: 0.319
Trial 3055 finished with value: 0.3192265945765759 and parameters: {'window_influence': 0.5113994191596133, 'penalty_k': 0.12598213620509083, 'scale_lr': 0.43988784192443825}. Best is trial 1270 with value: 0.3623636909959845.
checkpoint_e22 window_influence: 0.46051627471774803, penalty_k: 0.27386056419012655, scale_lr: 0.64735668420687054, EAO: 0.295
Trial 3056 finished with value: 0.2952200623105936 and parameters: {'window_influence': 0.46051627471774803, 'penalty_k': 0.27386056419012655, 'scale_lr': 0.6473566842068705}. Best is trial 1270 with value: 0.3623636909959845.
checkpoint_e22 window_influence: 0.42217095278814942, penalty_k: 0.14836838173752187, scale_lr: 0.56542598851585546, EAO: 0.313
Trial 3057 finished with value: 0.31327444314956665 and parameters: {'window_influence': 0.4221709527881494, 'penalty_k': 0.14836838173752187, 'scale_lr': 0.5654259885158555}. Best is trial 1270 with value: 0.3623636909959845.
checkpoint_e22 window_influence: 0.44569733880620666, penalty_k: 0.22406094434282037, scale_lr: 0.35762521469291653, EAO: 0.333
Trial 3058 finished with value: 0.3325703639232695 and parameters: {'window_influence': 0.44569733880620666, 'penalty_k': 0.22406094434282037, 'scale_lr': 0.3576252146929165}. Best is trial 1270 with value: 0.3623636909959845.
checkpoint_e22 window_influence: 0.47070008027254800, penalty_k: 0.39841299308763922, scale_lr: 0.45283435490068402, EAO: 0.297
Trial 3059 finished with value: 0.29719882629492866 and parameters: {'window_influence': 0.470700080272548, 'penalty_k': 0.3984129930876392, 'scale_lr': 0.452834354900684}. Best is trial 1270 with value: 0.3623636909959845.
checkpoint_e22 window_influence: 0.64952974697752253, penalty_k: 0.40938509903874520, scale_lr: 0.54153308227615871, EAO: 0.221
Trial 3060 finished with value: 0.22141125253202387 and parameters: {'window_influence': 0.6495297469775225, 'penalty_k': 0.4093850990387452, 'scale_lr': 0.5415330822761587}. Best is trial 1270 with value: 0.3623636909959845.
checkpoint_e22 window_influence: 0.48699257404009449, penalty_k: 0.02610541021807970, scale_lr: 0.34191442054477816, EAO: 0.318
Trial 3061 finished with value: 0.3175340304694751 and parameters: {'window_influence': 0.4869925740400945, 'penalty_k': 0.0261054102180797, 'scale_lr': 0.34191442054477816}. Best is trial 1270 with value: 0.3623636909959845.
checkpoint_e22 window_influence: 0.49819852865054748, penalty_k: 0.10122243054413892, scale_lr: 0.49059891563244273, EAO: 0.315
Trial 3062 finished with value: 0.31499943821346715 and parameters: {'window_influence': 0.4981985286505475, 'penalty_k': 0.10122243054413892, 'scale_lr': 0.49059891563244273}. Best is trial 1270 with value: 0.3623636909959845.
checkpoint_e22 window_influence: 0.27852370869064524, penalty_k: 0.26257258091521485, scale_lr: 0.30322315857153997, EAO: 0.281
Trial 3063 finished with value: 0.2809237959551904 and parameters: {'window_influence': 0.27852370869064524, 'penalty_k': 0.26257258091521485, 'scale_lr': 0.30322315857154}. Best is trial 1270 with value: 0.3623636909959845.
checkpoint_e22 window_influence: 0.47568170144227789, penalty_k: 0.35910303529629634, scale_lr: 0.58287388936818063, EAO: 0.299
Trial 3064 finished with value: 0.29893785355619884 and parameters: {'window_influence': 0.4756817014422779, 'penalty_k': 0.35910303529629634, 'scale_lr': 0.5828738893681806}. Best is trial 1270 with value: 0.3623636909959845.
checkpoint_e22 window_influence: 0.45560059570419548, penalty_k: 0.43737391344713672, scale_lr: 0.67707697647006759, EAO: 0.311
Trial 3065 finished with value: 0.31127108882837257 and parameters: {'window_influence': 0.4556005957041955, 'penalty_k': 0.4373739134471367, 'scale_lr': 0.6770769764700676}. Best is trial 1270 with value: 0.3623636909959845.
checkpoint_e22 window_influence: 0.56532648383384621, penalty_k: 0.00845731999489626, scale_lr: 0.60873539140361510, EAO: 0.276
Trial 3066 finished with value: 0.275762593235951 and parameters: {'window_influence': 0.5653264838338462, 'penalty_k': 0.008457319994896264, 'scale_lr': 0.6087353914036151}. Best is trial 1270 with value: 0.3623636909959845.
checkpoint_e22 window_influence: 0.50917400394232293, penalty_k: 0.11790842269868895, scale_lr: 0.21773851469333039, EAO: 0.333
Trial 3067 finished with value: 0.3328577534002089 and parameters: {'window_influence': 0.5091740039423229, 'penalty_k': 0.11790842269868895, 'scale_lr': 0.2177385146933304}. Best is trial 1270 with value: 0.3623636909959845.
checkpoint_e22 window_influence: 0.46619483980472409, penalty_k: 0.06391244121274067, scale_lr: 0.51232585907833006, EAO: 0.333
Trial 3068 finished with value: 0.332980018297522 and parameters: {'window_influence': 0.4661948398047241, 'penalty_k': 0.06391244121274067, 'scale_lr': 0.5123258590783301}. Best is trial 1270 with value: 0.3623636909959845.
checkpoint_e22 window_influence: 0.48920559344619724, penalty_k: 0.55557280901201445, scale_lr: 0.77402992522413239, EAO: 0.281
Trial 3069 finished with value: 0.28104296732505474 and parameters: {'window_influence': 0.48920559344619724, 'penalty_k': 0.5555728090120144, 'scale_lr': 0.7740299252241324}. Best is trial 1270 with value: 0.3623636909959845.
checkpoint_e22 window_influence: 0.44206374354061595, penalty_k: 0.00006833914865885, scale_lr: 0.52671462164101779, EAO: 0.325
Trial 3070 finished with value: 0.32542237801774465 and parameters: {'window_influence': 0.44206374354061595, 'penalty_k': 6.833914865884581e-05, 'scale_lr': 0.5267146216410178}. Best is trial 1270 with value: 0.3623636909959845.
checkpoint_e22 window_influence: 0.48084099412630266, penalty_k: 0.01980023320807656, scale_lr: 0.70853656659397746, EAO: 0.334
Trial 3071 finished with value: 0.33366352110985187 and parameters: {'window_influence': 0.48084099412630266, 'penalty_k': 0.019800233208076563, 'scale_lr': 0.7085365665939775}. Best is trial 1270 with value: 0.3623636909959845.
checkpoint_e22 window_influence: 0.49617106483025408, penalty_k: 0.16448741500425929, scale_lr: 0.12417547162955983, EAO: 0.328
Trial 3072 finished with value: 0.32820524304293475 and parameters: {'window_influence': 0.4961710648302541, 'penalty_k': 0.16448741500425929, 'scale_lr': 0.12417547162955983}. Best is trial 1270 with value: 0.3623636909959845.
checkpoint_e22 window_influence: 0.45712959339190384, penalty_k: 0.45566788509773065, scale_lr: 0.37998424127046182, EAO: 0.292
Trial 3073 finished with value: 0.2924688460761935 and parameters: {'window_influence': 0.45712959339190384, 'penalty_k': 0.45566788509773065, 'scale_lr': 0.3799842412704618}. Best is trial 1270 with value: 0.3623636909959845.
checkpoint_e22 window_influence: 0.43293803915700940, penalty_k: 0.34738827692940888, scale_lr: 0.32598250633247361, EAO: 0.301
Trial 3074 finished with value: 0.3005852146719216 and parameters: {'window_influence': 0.4329380391570094, 'penalty_k': 0.3473882769294089, 'scale_lr': 0.3259825063324736}. Best is trial 1270 with value: 0.3623636909959845.
checkpoint_e22 window_influence: 0.46717023434501936, penalty_k: 0.08886700963073274, scale_lr: 0.41766643433961326, EAO: 0.323
Trial 3075 finished with value: 0.32256952009312373 and parameters: {'window_influence': 0.46717023434501936, 'penalty_k': 0.08886700963073274, 'scale_lr': 0.41766643433961326}. Best is trial 1270 with value: 0.3623636909959845.
checkpoint_e22 window_influence: 0.55416176199789224, penalty_k: 0.04658529961415611, scale_lr: 0.47455448222198204, EAO: 0.292
Trial 3076 finished with value: 0.2919885173497961 and parameters: {'window_influence': 0.5541617619978922, 'penalty_k': 0.04658529961415611, 'scale_lr': 0.47455448222198204}. Best is trial 1270 with value: 0.3623636909959845.
checkpoint_e22 window_influence: 0.58807992822870858, penalty_k: 0.26034412244751221, scale_lr: 0.62412900361391743, EAO: 0.251
Trial 3077 finished with value: 0.2514433251976503 and parameters: {'window_influence': 0.5880799282287086, 'penalty_k': 0.2603441224475122, 'scale_lr': 0.6241290036139174}. Best is trial 1270 with value: 0.3623636909959845.
checkpoint_e22 window_influence: 0.51729666640874483, penalty_k: 0.13289508957489093, scale_lr: 0.28847667986573666, EAO: 0.313
Trial 3078 finished with value: 0.3130027016892971 and parameters: {'window_influence': 0.5172966664087448, 'penalty_k': 0.13289508957489093, 'scale_lr': 0.28847667986573666}. Best is trial 1270 with value: 0.3623636909959845.
checkpoint_e22 window_influence: 0.48042188872544905, penalty_k: 0.37646794475635759, scale_lr: 0.72772413316522777, EAO: 0.302
Trial 3079 finished with value: 0.3018413611655105 and parameters: {'window_influence': 0.48042188872544905, 'penalty_k': 0.3764679447563576, 'scale_lr': 0.7277241331652278}. Best is trial 1270 with value: 0.3623636909959845.
checkpoint_e22 window_influence: 0.33996414726655450, penalty_k: 0.00002781870657086, scale_lr: 0.25738409721013222, EAO: 0.310
Trial 3080 finished with value: 0.30995132910370365 and parameters: {'window_influence': 0.3399641472665545, 'penalty_k': 2.7818706570863216e-05, 'scale_lr': 0.2573840972101322}. Best is trial 1270 with value: 0.3623636909959845.
checkpoint_e22 window_influence: 0.50446479568620051, penalty_k: 0.10858114294285159, scale_lr: 0.59801382032448192, EAO: 0.337
Trial 3081 finished with value: 0.3374777590486326 and parameters: {'window_influence': 0.5044647956862005, 'penalty_k': 0.1085811429428516, 'scale_lr': 0.5980138203244819}. Best is trial 1270 with value: 0.3623636909959845.
checkpoint_e22 window_influence: 0.41420409125659013, penalty_k: 0.59591739570684399, scale_lr: 0.27132886131457506, EAO: 0.294
Trial 3082 finished with value: 0.29369603920771453 and parameters: {'window_influence': 0.41420409125659013, 'penalty_k': 0.595917395706844, 'scale_lr': 0.27132886131457506}. Best is trial 1270 with value: 0.3623636909959845.
checkpoint_e22 window_influence: 0.60205771030800603, penalty_k: 0.41928582196944986, scale_lr: 0.30812782167367475, EAO: 0.228
Trial 3083 finished with value: 0.2278378566995205 and parameters: {'window_influence': 0.602057710308006, 'penalty_k': 0.41928582196944986, 'scale_lr': 0.30812782167367475}. Best is trial 1270 with value: 0.3623636909959845.
checkpoint_e22 window_influence: 0.47340574877319314, penalty_k: 0.29573953348470794, scale_lr: 0.49301328736579120, EAO: 0.313
