Trial 633 finished with value: 0.29484811987626414 and parameters: {'window_influence': 0.2989172779428348, 'penalty_k': 0.2620455304180177, 'scale_lr': 0.33617577255240133}. Best is trial 330 with value: 0.36352008859471124.
checkpoint_e31 window_influence: 0.51939086457780526, penalty_k: 0.25228689917889591, scale_lr: 0.11234698251002874, EAO: 0.307
Trial 634 finished with value: 0.30703592288818804 and parameters: {'window_influence': 0.5193908645778053, 'penalty_k': 0.2522868991788959, 'scale_lr': 0.11234698251002874}. Best is trial 330 with value: 0.36352008859471124.
checkpoint_e31 window_influence: 0.47927955057213784, penalty_k: 0.12953730612959377, scale_lr: 0.16990008559638631, EAO: 0.352
Trial 635 finished with value: 0.3516035629617565 and parameters: {'window_influence': 0.47927955057213784, 'penalty_k': 0.12953730612959377, 'scale_lr': 0.1699000855963863}. Best is trial 330 with value: 0.36352008859471124.
checkpoint_e31 window_influence: 0.47544353625830565, penalty_k: 0.52566110144047173, scale_lr: 0.16403937147805966, EAO: 0.306
Trial 636 finished with value: 0.3064243057126665 and parameters: {'window_influence': 0.47544353625830565, 'penalty_k': 0.5256611014404717, 'scale_lr': 0.16403937147805966}. Best is trial 330 with value: 0.36352008859471124.
checkpoint_e31 window_influence: 0.48168022444624969, penalty_k: 0.39423062185489838, scale_lr: 0.17897617340803845, EAO: 0.318
Trial 637 finished with value: 0.31801347295365906 and parameters: {'window_influence': 0.4816802244462497, 'penalty_k': 0.3942306218548984, 'scale_lr': 0.17897617340803845}. Best is trial 330 with value: 0.36352008859471124.
checkpoint_e31 window_influence: 0.49305226448600448, penalty_k: 0.06157345581222626, scale_lr: 0.15274510630577109, EAO: 0.328
Trial 638 finished with value: 0.32840661988647996 and parameters: {'window_influence': 0.4930522644860045, 'penalty_k': 0.06157345581222626, 'scale_lr': 0.1527451063057711}. Best is trial 330 with value: 0.36352008859471124.
checkpoint_e31 window_influence: 0.39695927355015553, penalty_k: 0.09146846401110681, scale_lr: 0.53830772896764933, EAO: 0.317
Trial 639 finished with value: 0.31664725610486266 and parameters: {'window_influence': 0.39695927355015553, 'penalty_k': 0.09146846401110681, 'scale_lr': 0.5383077289676493}. Best is trial 330 with value: 0.36352008859471124.
checkpoint_e31 window_influence: 0.64415065030587093, penalty_k: 0.18202290795987860, scale_lr: 0.16697498605928879, EAO: 0.240
Trial 640 finished with value: 0.23956794543952795 and parameters: {'window_influence': 0.6441506503058709, 'penalty_k': 0.1820229079598786, 'scale_lr': 0.1669749860592888}. Best is trial 330 with value: 0.36352008859471124.
checkpoint_e31 window_influence: 0.64980223451472074, penalty_k: 0.13280366038133465, scale_lr: 0.13145924457715225, EAO: 0.262
Trial 641 finished with value: 0.2615242767426754 and parameters: {'window_influence': 0.6498022345147207, 'penalty_k': 0.13280366038133465, 'scale_lr': 0.13145924457715225}. Best is trial 330 with value: 0.36352008859471124.
checkpoint_e31 window_influence: 0.47809858222772739, penalty_k: 0.07769761576710138, scale_lr: 0.17046334234802843, EAO: 0.338
Trial 642 finished with value: 0.3383751675080696 and parameters: {'window_influence': 0.4780985822277274, 'penalty_k': 0.07769761576710138, 'scale_lr': 0.17046334234802843}. Best is trial 330 with value: 0.36352008859471124.
checkpoint_e31 window_influence: 0.08137297899187546, penalty_k: 0.47263355217939462, scale_lr: 0.73178384601684798, EAO: 0.255
Trial 643 finished with value: 0.2547463557831508 and parameters: {'window_influence': 0.08137297899187546, 'penalty_k': 0.4726335521793946, 'scale_lr': 0.731783846016848}. Best is trial 330 with value: 0.36352008859471124.
checkpoint_e31 window_influence: 0.49409288448438232, penalty_k: 0.14896466238950423, scale_lr: 0.37065418184978816, EAO: 0.318
Trial 644 finished with value: 0.3182016619796419 and parameters: {'window_influence': 0.4940928844843823, 'penalty_k': 0.14896466238950423, 'scale_lr': 0.37065418184978816}. Best is trial 330 with value: 0.36352008859471124.
checkpoint_e31 window_influence: 0.48037269076382100, penalty_k: 0.17082538966564434, scale_lr: 0.10093263543822953, EAO: 0.341
Trial 645 finished with value: 0.341056479902119 and parameters: {'window_influence': 0.480372690763821, 'penalty_k': 0.17082538966564434, 'scale_lr': 0.10093263543822953}. Best is trial 330 with value: 0.36352008859471124.
checkpoint_e31 window_influence: 0.49937652058784099, penalty_k: 0.21693139210102383, scale_lr: 0.14140661806840268, EAO: 0.332
Trial 646 finished with value: 0.3324824300837424 and parameters: {'window_influence': 0.499376520587841, 'penalty_k': 0.21693139210102383, 'scale_lr': 0.14140661806840268}. Best is trial 330 with value: 0.36352008859471124.
checkpoint_e31 window_influence: 0.27912717357809025, penalty_k: 0.11867018752720554, scale_lr: 0.18779825056939320, EAO: 0.314
Trial 647 finished with value: 0.3139487434222077 and parameters: {'window_influence': 0.27912717357809025, 'penalty_k': 0.11867018752720554, 'scale_lr': 0.1877982505693932}. Best is trial 330 with value: 0.36352008859471124.
checkpoint_e31 window_influence: 0.24198096821728304, penalty_k: 0.10337279332295443, scale_lr: 0.12496208141017731, EAO: 0.299
Trial 648 finished with value: 0.2989124027787479 and parameters: {'window_influence': 0.24198096821728304, 'penalty_k': 0.10337279332295443, 'scale_lr': 0.12496208141017731}. Best is trial 330 with value: 0.36352008859471124.
checkpoint_e31 window_influence: 0.50945557335987868, penalty_k: 0.06207338035276584, scale_lr: 0.11192336060779677, EAO: 0.330
Trial 649 finished with value: 0.33044979103808275 and parameters: {'window_influence': 0.5094555733598787, 'penalty_k': 0.06207338035276584, 'scale_lr': 0.11192336060779677}. Best is trial 330 with value: 0.36352008859471124.
checkpoint_e31 window_influence: 0.49207538002354867, penalty_k: 0.15537110037186425, scale_lr: 0.15424089747429773, EAO: 0.324
Trial 650 finished with value: 0.3242515109856305 and parameters: {'window_influence': 0.49207538002354867, 'penalty_k': 0.15537110037186425, 'scale_lr': 0.15424089747429773}. Best is trial 330 with value: 0.36352008859471124.
checkpoint_e31 window_influence: 0.47861546920508252, penalty_k: 0.07824308415195054, scale_lr: 0.12427379726670527, EAO: 0.333
Trial 651 finished with value: 0.3334883156337627 and parameters: {'window_influence': 0.4786154692050825, 'penalty_k': 0.07824308415195054, 'scale_lr': 0.12427379726670527}. Best is trial 330 with value: 0.36352008859471124.
checkpoint_e31 window_influence: 0.50390514831569477, penalty_k: 0.09148825929771903, scale_lr: 0.10019522377276219, EAO: 0.334
Trial 652 finished with value: 0.334489057905943 and parameters: {'window_influence': 0.5039051483156948, 'penalty_k': 0.09148825929771903, 'scale_lr': 0.10019522377276219}. Best is trial 330 with value: 0.36352008859471124.
checkpoint_e31 window_influence: 0.63473604807798356, penalty_k: 0.24191691617504135, scale_lr: 0.35930690376222740, EAO: 0.245
Trial 653 finished with value: 0.24526155476208328 and parameters: {'window_influence': 0.6347360480779836, 'penalty_k': 0.24191691617504135, 'scale_lr': 0.3593069037622274}. Best is trial 330 with value: 0.36352008859471124.
checkpoint_e31 window_influence: 0.57666191731262939, penalty_k: 0.05584908669137894, scale_lr: 0.14466021265838194, EAO: 0.316
Trial 654 finished with value: 0.3157805827109266 and parameters: {'window_influence': 0.5766619173126294, 'penalty_k': 0.05584908669137894, 'scale_lr': 0.14466021265838194}. Best is trial 330 with value: 0.36352008859471124.
checkpoint_e31 window_influence: 0.48508292553390325, penalty_k: 0.11533127540624000, scale_lr: 0.17738212546554327, EAO: 0.349
Trial 655 finished with value: 0.3493510711981629 and parameters: {'window_influence': 0.48508292553390325, 'penalty_k': 0.11533127540624, 'scale_lr': 0.17738212546554327}. Best is trial 330 with value: 0.36352008859471124.
checkpoint_e31 window_influence: 0.49307685350043085, penalty_k: 0.13358737925824862, scale_lr: 0.18441390519886094, EAO: 0.352
Trial 656 finished with value: 0.3516668408297379 and parameters: {'window_influence': 0.49307685350043085, 'penalty_k': 0.13358737925824862, 'scale_lr': 0.18441390519886094}. Best is trial 330 with value: 0.36352008859471124.
checkpoint_e31 window_influence: 0.37701669406449884, penalty_k: 0.11753212983135666, scale_lr: 0.18270745614272016, EAO: 0.323
Trial 657 finished with value: 0.3226669595979067 and parameters: {'window_influence': 0.37701669406449884, 'penalty_k': 0.11753212983135666, 'scale_lr': 0.18270745614272016}. Best is trial 330 with value: 0.36352008859471124.
checkpoint_e31 window_influence: 0.47159770578228050, penalty_k: 0.13509198479237530, scale_lr: 0.66831593360839081, EAO: 0.329
Trial 658 finished with value: 0.3291052103854339 and parameters: {'window_influence': 0.4715977057822805, 'penalty_k': 0.1350919847923753, 'scale_lr': 0.6683159336083908}. Best is trial 330 with value: 0.36352008859471124.
checkpoint_e31 window_influence: 0.19331657031407504, penalty_k: 0.10919119153596096, scale_lr: 0.19074215717900539, EAO: 0.295
Trial 659 finished with value: 0.29531152853706005 and parameters: {'window_influence': 0.19331657031407504, 'penalty_k': 0.10919119153596096, 'scale_lr': 0.1907421571790054}. Best is trial 330 with value: 0.36352008859471124.
checkpoint_e31 window_influence: 0.51261048954830202, penalty_k: 0.13202093248184713, scale_lr: 0.17231960624660905, EAO: 0.333
Trial 660 finished with value: 0.3334632634188878 and parameters: {'window_influence': 0.512610489548302, 'penalty_k': 0.13202093248184713, 'scale_lr': 0.17231960624660905}. Best is trial 330 with value: 0.36352008859471124.
checkpoint_e31 window_influence: 0.41763428248203166, penalty_k: 0.11860350673275639, scale_lr: 0.20650740492650085, EAO: 0.308
Trial 661 finished with value: 0.3084864355478769 and parameters: {'window_influence': 0.41763428248203166, 'penalty_k': 0.1186035067327564, 'scale_lr': 0.20650740492650085}. Best is trial 330 with value: 0.36352008859471124.
checkpoint_e31 window_influence: 0.30704398195736116, penalty_k: 0.10719026472227071, scale_lr: 0.19147510622457817, EAO: 0.290
Trial 662 finished with value: 0.29008668040719016 and parameters: {'window_influence': 0.30704398195736116, 'penalty_k': 0.10719026472227071, 'scale_lr': 0.19147510622457817}. Best is trial 330 with value: 0.36352008859471124.
checkpoint_e31 window_influence: 0.48666277252282314, penalty_k: 0.12553140119937709, scale_lr: 0.17493199480948446, EAO: 0.338
Trial 663 finished with value: 0.33813803216826593 and parameters: {'window_influence': 0.48666277252282314, 'penalty_k': 0.12553140119937709, 'scale_lr': 0.17493199480948446}. Best is trial 330 with value: 0.36352008859471124.
checkpoint_e31 window_influence: 0.52756389267187909, penalty_k: 0.09600787671050778, scale_lr: 0.38584966815693800, EAO: 0.291
Trial 664 finished with value: 0.2912124964745592 and parameters: {'window_influence': 0.5275638926718791, 'penalty_k': 0.09600787671050778, 'scale_lr': 0.385849668156938}. Best is trial 330 with value: 0.36352008859471124.
checkpoint_e31 window_influence: 0.50019368215559679, penalty_k: 0.12996187403842899, scale_lr: 0.20453321561683613, EAO: 0.328
Trial 665 finished with value: 0.3279135039344372 and parameters: {'window_influence': 0.5001936821555968, 'penalty_k': 0.129961874038429, 'scale_lr': 0.20453321561683613}. Best is trial 330 with value: 0.36352008859471124.
checkpoint_e31 window_influence: 0.54033062861959713, penalty_k: 0.13891788565061017, scale_lr: 0.16776291224293094, EAO: 0.323
Trial 666 finished with value: 0.3230006033228529 and parameters: {'window_influence': 0.5403306286195971, 'penalty_k': 0.13891788565061017, 'scale_lr': 0.16776291224293094}. Best is trial 330 with value: 0.36352008859471124.
checkpoint_e31 window_influence: 0.48843900380957539, penalty_k: 0.14473744956433032, scale_lr: 0.19696252665502381, EAO: 0.318
Trial 667 finished with value: 0.3179670247006509 and parameters: {'window_influence': 0.4884390038095754, 'penalty_k': 0.14473744956433032, 'scale_lr': 0.1969625266550238}. Best is trial 330 with value: 0.36352008859471124.
checkpoint_e31 window_influence: 0.51849827100931423, penalty_k: 0.11425714882320664, scale_lr: 0.11342279309395373, EAO: 0.319
Trial 668 finished with value: 0.31911450224395854 and parameters: {'window_influence': 0.5184982710093142, 'penalty_k': 0.11425714882320664, 'scale_lr': 0.11342279309395373}. Best is trial 330 with value: 0.36352008859471124.
checkpoint_e31 window_influence: 0.47381973374630570, penalty_k: 0.09330552944322641, scale_lr: 0.32646354754043616, EAO: 0.334
Trial 669 finished with value: 0.3335313365037339 and parameters: {'window_influence': 0.4738197337463057, 'penalty_k': 0.09330552944322641, 'scale_lr': 0.32646354754043616}. Best is trial 330 with value: 0.36352008859471124.
checkpoint_e31 window_influence: 0.50361711070835091, penalty_k: 0.14848748671609047, scale_lr: 0.13386659832569298, EAO: 0.312
Trial 670 finished with value: 0.31159152078953234 and parameters: {'window_influence': 0.5036171107083509, 'penalty_k': 0.14848748671609047, 'scale_lr': 0.13386659832569298}. Best is trial 330 with value: 0.36352008859471124.
checkpoint_e31 window_influence: 0.29746919100136798, penalty_k: 0.29997733175155206, scale_lr: 0.37745259867801245, EAO: 0.296
Trial 671 finished with value: 0.2962378385233972 and parameters: {'window_influence': 0.297469191001368, 'penalty_k': 0.29997733175155206, 'scale_lr': 0.37745259867801245}. Best is trial 330 with value: 0.36352008859471124.
checkpoint_e31 window_influence: 0.20473791957101473, penalty_k: 0.15718371484823301, scale_lr: 0.21768172423475698, EAO: 0.297
Trial 672 finished with value: 0.2968967427655417 and parameters: {'window_influence': 0.20473791957101473, 'penalty_k': 0.157183714848233, 'scale_lr': 0.21768172423475698}. Best is trial 330 with value: 0.36352008859471124.
checkpoint_e31 window_influence: 0.41030093685631941, penalty_k: 0.08424933744509613, scale_lr: 0.76520907475995625, EAO: 0.319
Trial 673 finished with value: 0.31905037060322 and parameters: {'window_influence': 0.4103009368563194, 'penalty_k': 0.08424933744509613, 'scale_lr': 0.7652090747599563}. Best is trial 330 with value: 0.36352008859471124.
checkpoint_e31 window_influence: 0.48436809094749167, penalty_k: 0.27909062682279384, scale_lr: 0.18267162716252944, EAO: 0.328
Trial 674 finished with value: 0.3275822032866311 and parameters: {'window_influence': 0.48436809094749167, 'penalty_k': 0.27909062682279384, 'scale_lr': 0.18267162716252944}. Best is trial 330 with value: 0.36352008859471124.
checkpoint_e31 window_influence: 0.45633564355193612, penalty_k: 0.40577968680365095, scale_lr: 0.15984800008512348, EAO: 0.317
Trial 675 finished with value: 0.3169251056496735 and parameters: {'window_influence': 0.4563356435519361, 'penalty_k': 0.40577968680365095, 'scale_lr': 0.15984800008512348}. Best is trial 330 with value: 0.36352008859471124.
checkpoint_e31 window_influence: 0.51222140145758743, penalty_k: 0.34309133933633396, scale_lr: 0.50184126449120503, EAO: 0.303
Trial 676 finished with value: 0.303296914824252 and parameters: {'window_influence': 0.5122214014575874, 'penalty_k': 0.34309133933633396, 'scale_lr': 0.501841264491205}. Best is trial 330 with value: 0.36352008859471124.
checkpoint_e31 window_influence: 0.37519460464328808, penalty_k: 0.11187342478787164, scale_lr: 0.10033822386191957, EAO: 0.326
Trial 677 finished with value: 0.3256497058423113 and parameters: {'window_influence': 0.3751946046432881, 'penalty_k': 0.11187342478787164, 'scale_lr': 0.10033822386191957}. Best is trial 330 with value: 0.36352008859471124.
checkpoint_e31 window_influence: 0.55658264829557602, penalty_k: 0.18784754165108061, scale_lr: 0.52240943820766672, EAO: 0.313
Trial 678 finished with value: 0.312853431249407 and parameters: {'window_influence': 0.556582648295576, 'penalty_k': 0.1878475416510806, 'scale_lr': 0.5224094382076667}. Best is trial 330 with value: 0.36352008859471124.
checkpoint_e31 window_influence: 0.49045906883017509, penalty_k: 0.17368336574999421, scale_lr: 0.11636408095494055, EAO: 0.340
Trial 679 finished with value: 0.3404462280672348 and parameters: {'window_influence': 0.4904590688301751, 'penalty_k': 0.1736833657499942, 'scale_lr': 0.11636408095494055}. Best is trial 330 with value: 0.36352008859471124.
checkpoint_e31 window_influence: 0.43360806783015299, penalty_k: 0.09890667822332756, scale_lr: 0.21474284861072182, EAO: 0.309
Trial 680 finished with value: 0.3087619254909137 and parameters: {'window_influence': 0.433608067830153, 'penalty_k': 0.09890667822332756, 'scale_lr': 0.21474284861072182}. Best is trial 330 with value: 0.36352008859471124.
checkpoint_e31 window_influence: 0.46881185400648401, penalty_k: 0.07475389505303619, scale_lr: 0.33433210481130199, EAO: 0.309
Trial 681 finished with value: 0.30922105977971265 and parameters: {'window_influence': 0.468811854006484, 'penalty_k': 0.07475389505303619, 'scale_lr': 0.334332104811302}. Best is trial 330 with value: 0.36352008859471124.
checkpoint_e31 window_influence: 0.53047593301692331, penalty_k: 0.12721813563750989, scale_lr: 0.54733307611985627, EAO: 0.329
Trial 682 finished with value: 0.32915942712980484 and parameters: {'window_influence': 0.5304759330169233, 'penalty_k': 0.1272181356375099, 'scale_lr': 0.5473330761198563}. Best is trial 330 with value: 0.36352008859471124.
checkpoint_e31 window_influence: 0.27837220849739164, penalty_k: 0.27946602295676587, scale_lr: 0.12734589171952440, EAO: 0.284
Trial 683 finished with value: 0.2839002877705756 and parameters: {'window_influence': 0.27837220849739164, 'penalty_k': 0.27946602295676587, 'scale_lr': 0.1273458917195244}. Best is trial 330 with value: 0.36352008859471124.
checkpoint_e31 window_influence: 0.49978173769358836, penalty_k: 0.09934078945200381, scale_lr: 0.19172981557385321, EAO: 0.330
Trial 684 finished with value: 0.3302924408059176 and parameters: {'window_influence': 0.49978173769358836, 'penalty_k': 0.09934078945200381, 'scale_lr': 0.1917298155738532}. Best is trial 330 with value: 0.36352008859471124.
checkpoint_e31 window_influence: 0.32431136247862657, penalty_k: 0.08364576946270846, scale_lr: 0.14392658425311508, EAO: 0.313
Trial 685 finished with value: 0.3133594900485607 and parameters: {'window_influence': 0.3243113624786266, 'penalty_k': 0.08364576946270846, 'scale_lr': 0.14392658425311508}. Best is trial 330 with value: 0.36352008859471124.
checkpoint_e31 window_influence: 0.34077038564651663, penalty_k: 0.20220410480475426, scale_lr: 0.36065244681501751, EAO: 0.297
Trial 686 finished with value: 0.2970118617733165 and parameters: {'window_influence': 0.3407703856465166, 'penalty_k': 0.20220410480475426, 'scale_lr': 0.3606524468150175}. Best is trial 330 with value: 0.36352008859471124.
checkpoint_e31 window_influence: 0.27163264204767423, penalty_k: 0.31148383492797566, scale_lr: 0.60215246589036353, EAO: 0.298
Trial 687 finished with value: 0.29757614213436956 and parameters: {'window_influence': 0.27163264204767423, 'penalty_k': 0.31148383492797566, 'scale_lr': 0.6021524658903635}. Best is trial 330 with value: 0.36352008859471124.
checkpoint_e31 window_influence: 0.56852775046197090, penalty_k: 0.11491618819236059, scale_lr: 0.40737984914527342, EAO: 0.307
Trial 688 finished with value: 0.3074513885993438 and parameters: {'window_influence': 0.5685277504619709, 'penalty_k': 0.11491618819236059, 'scale_lr': 0.4073798491452734}. Best is trial 330 with value: 0.36352008859471124.
checkpoint_e31 window_influence: 0.60538227106322795, penalty_k: 0.20066255268277833, scale_lr: 0.39795135903842727, EAO: 0.256
Trial 689 finished with value: 0.2558325098298403 and parameters: {'window_influence': 0.605382271063228, 'penalty_k': 0.20066255268277833, 'scale_lr': 0.39795135903842727}. Best is trial 330 with value: 0.36352008859471124.
checkpoint_e31 window_influence: 0.51284099484453372, penalty_k: 0.36939464382423920, scale_lr: 0.70472045411341444, EAO: 0.297
Trial 690 finished with value: 0.29729937208301827 and parameters: {'window_influence': 0.5128409948445337, 'penalty_k': 0.3693946438242392, 'scale_lr': 0.7047204541134144}. Best is trial 330 with value: 0.36352008859471124.
checkpoint_e31 window_influence: 0.62084068289040717, penalty_k: 0.22942787761830569, scale_lr: 0.17245416030557237, EAO: 0.256
Trial 691 finished with value: 0.2558393897017616 and parameters: {'window_influence': 0.6208406828904072, 'penalty_k': 0.2294278776183057, 'scale_lr': 0.17245416030557237}. Best is trial 330 with value: 0.36352008859471124.
checkpoint_e31 window_influence: 0.47745091648991483, penalty_k: 0.06909520626329624, scale_lr: 0.11400831600921456, EAO: 0.342
Trial 692 finished with value: 0.34223655080748905 and parameters: {'window_influence': 0.47745091648991483, 'penalty_k': 0.06909520626329624, 'scale_lr': 0.11400831600921456}. Best is trial 330 with value: 0.36352008859471124.
checkpoint_e31 window_influence: 0.38643789298653830, penalty_k: 0.12389508721293405, scale_lr: 0.29806877594027748, EAO: 0.301
Trial 693 finished with value: 0.30097733107522306 and parameters: {'window_influence': 0.3864378929865383, 'penalty_k': 0.12389508721293405, 'scale_lr': 0.2980687759402775}. Best is trial 330 with value: 0.36352008859471124.
checkpoint_e31 window_influence: 0.49464825874273943, penalty_k: 0.45392647120246404, scale_lr: 0.21526955675051199, EAO: 0.296
Trial 694 finished with value: 0.29588935237218433 and parameters: {'window_influence': 0.49464825874273943, 'penalty_k': 0.45392647120246404, 'scale_lr': 0.215269556750512}. Best is trial 330 with value: 0.36352008859471124.
checkpoint_e31 window_influence: 0.52294302756276656, penalty_k: 0.58386133524867345, scale_lr: 0.16147658356515987, EAO: 0.277
