Trial 366 finished with value: 0.312280199523102 and parameters: {'window_influence': 0.37947153941555156, 'penalty_k': 0.02031657028372988, 'scale_lr': 0.5460932543037302}. Best is trial 207 with value: 0.363704633735961.
checkpoint_e16 window_influence: 0.43115871947748613, penalty_k: 0.04167596457069025, scale_lr: 0.57222518327845440, EAO: 0.339
Trial 367 finished with value: 0.33872729041233135 and parameters: {'window_influence': 0.43115871947748613, 'penalty_k': 0.041675964570690255, 'scale_lr': 0.5722251832784544}. Best is trial 207 with value: 0.363704633735961.
checkpoint_e16 window_influence: 0.50519827844330112, penalty_k: 0.31258027789619369, scale_lr: 0.49975916734137854, EAO: 0.295
Trial 368 finished with value: 0.2950387229483415 and parameters: {'window_influence': 0.5051982784433011, 'penalty_k': 0.3125802778961937, 'scale_lr': 0.49975916734137854}. Best is trial 207 with value: 0.363704633735961.
checkpoint_e16 window_influence: 0.46553523072870528, penalty_k: 0.54804726960868477, scale_lr: 0.51492942269801112, EAO: 0.287
Trial 369 finished with value: 0.28747503053585377 and parameters: {'window_influence': 0.4655352307287053, 'penalty_k': 0.5480472696086848, 'scale_lr': 0.5149294226980111}. Best is trial 207 with value: 0.363704633735961.
checkpoint_e16 window_influence: 0.48350912063718993, penalty_k: 0.02865615248152891, scale_lr: 0.28481429255252222, EAO: 0.332
Trial 370 finished with value: 0.3316739737291744 and parameters: {'window_influence': 0.4835091206371899, 'penalty_k': 0.02865615248152891, 'scale_lr': 0.2848142925525222}. Best is trial 207 with value: 0.363704633735961.
checkpoint_e16 window_influence: 0.45764124993790528, penalty_k: 0.01190816368489767, scale_lr: 0.61396780538449780, EAO: 0.341
Trial 371 finished with value: 0.34144754145395895 and parameters: {'window_influence': 0.4576412499379053, 'penalty_k': 0.011908163684897666, 'scale_lr': 0.6139678053844978}. Best is trial 207 with value: 0.363704633735961.
checkpoint_e16 window_influence: 0.40921326465615226, penalty_k: 0.05469963250145417, scale_lr: 0.39167024499548342, EAO: 0.316
Trial 372 finished with value: 0.31625127264729735 and parameters: {'window_influence': 0.40921326465615226, 'penalty_k': 0.05469963250145417, 'scale_lr': 0.3916702449954834}. Best is trial 207 with value: 0.363704633735961.
checkpoint_e16 window_influence: 0.49938720745858406, penalty_k: 0.03429236193131696, scale_lr: 0.35657192851907171, EAO: 0.312
Trial 373 finished with value: 0.3119604033834739 and parameters: {'window_influence': 0.49938720745858406, 'penalty_k': 0.03429236193131696, 'scale_lr': 0.3565719285190717}. Best is trial 207 with value: 0.363704633735961.
checkpoint_e16 window_influence: 0.44147752039061611, penalty_k: 0.23535623500460717, scale_lr: 0.24415509558378967, EAO: 0.303
Trial 374 finished with value: 0.3031188471655901 and parameters: {'window_influence': 0.4414775203906161, 'penalty_k': 0.23535623500460717, 'scale_lr': 0.24415509558378967}. Best is trial 207 with value: 0.363704633735961.
checkpoint_e16 window_influence: 0.47052916719907228, penalty_k: 0.01900763701703315, scale_lr: 0.59660489007964834, EAO: 0.345
Trial 375 finished with value: 0.3454757914932785 and parameters: {'window_influence': 0.4705291671990723, 'penalty_k': 0.01900763701703315, 'scale_lr': 0.5966048900796483}. Best is trial 207 with value: 0.363704633735961.
checkpoint_e16 window_influence: 0.34227813981596095, penalty_k: 0.00997037333726195, scale_lr: 0.42369274526413320, EAO: 0.311
Trial 376 finished with value: 0.31125300519661214 and parameters: {'window_influence': 0.34227813981596095, 'penalty_k': 0.009970373337261952, 'scale_lr': 0.4236927452641332}. Best is trial 207 with value: 0.363704633735961.
checkpoint_e16 window_influence: 0.31001281915596701, penalty_k: 0.04518573619905238, scale_lr: 0.53853515370758143, EAO: 0.296
Trial 377 finished with value: 0.29604922919189885 and parameters: {'window_influence': 0.310012819155967, 'penalty_k': 0.045185736199052376, 'scale_lr': 0.5385351537075814}. Best is trial 207 with value: 0.363704633735961.
checkpoint_e16 window_influence: 0.56614224936820090, penalty_k: 0.02695240538578483, scale_lr: 0.49059203356902958, EAO: 0.290
Trial 378 finished with value: 0.28966225295215264 and parameters: {'window_influence': 0.5661422493682009, 'penalty_k': 0.02695240538578483, 'scale_lr': 0.4905920335690296}. Best is trial 207 with value: 0.363704633735961.
checkpoint_e16 window_influence: 0.51635615274033375, penalty_k: 0.21507130764337551, scale_lr: 0.56074799457088242, EAO: 0.299
Trial 379 finished with value: 0.29884204396014086 and parameters: {'window_influence': 0.5163561527403338, 'penalty_k': 0.2150713076433755, 'scale_lr': 0.5607479945708824}. Best is trial 207 with value: 0.363704633735961.
checkpoint_e16 window_influence: 0.48286567403389402, penalty_k: 0.35194367803272686, scale_lr: 0.52446183103503452, EAO: 0.306
Trial 380 finished with value: 0.3058002039732172 and parameters: {'window_influence': 0.482865674033894, 'penalty_k': 0.35194367803272686, 'scale_lr': 0.5244618310350345}. Best is trial 207 with value: 0.363704633735961.
checkpoint_e16 window_influence: 0.46214909219549577, penalty_k: 0.26795158138713931, scale_lr: 0.41035807026571447, EAO: 0.312
Trial 381 finished with value: 0.3120920554905086 and parameters: {'window_influence': 0.46214909219549577, 'penalty_k': 0.2679515813871393, 'scale_lr': 0.41035807026571447}. Best is trial 207 with value: 0.363704633735961.
checkpoint_e16 window_influence: 0.62478499333042192, penalty_k: 0.37696197603637988, scale_lr: 0.43864280666254785, EAO: 0.237
Trial 382 finished with value: 0.23692112233388285 and parameters: {'window_influence': 0.6247849933304219, 'penalty_k': 0.3769619760363799, 'scale_lr': 0.43864280666254785}. Best is trial 207 with value: 0.363704633735961.
checkpoint_e16 window_influence: 0.44687505824483853, penalty_k: 0.01039357425446237, scale_lr: 0.63046566160425233, EAO: 0.331
Trial 383 finished with value: 0.33085032822093147 and parameters: {'window_influence': 0.44687505824483853, 'penalty_k': 0.010393574254462367, 'scale_lr': 0.6304656616042523}. Best is trial 207 with value: 0.363704633735961.
checkpoint_e16 window_influence: 0.40136406617627196, penalty_k: 0.06299221959459778, scale_lr: 0.57476802770341728, EAO: 0.312
Trial 384 finished with value: 0.31159937944161753 and parameters: {'window_influence': 0.40136406617627196, 'penalty_k': 0.06299221959459778, 'scale_lr': 0.5747680277034173}. Best is trial 207 with value: 0.363704633735961.
checkpoint_e16 window_influence: 0.48535724724808887, penalty_k: 0.02319376017293665, scale_lr: 0.20001327643238048, EAO: 0.324
Trial 385 finished with value: 0.3236346457602913 and parameters: {'window_influence': 0.4853572472480889, 'penalty_k': 0.02319376017293665, 'scale_lr': 0.20001327643238048}. Best is trial 207 with value: 0.363704633735961.
checkpoint_e16 window_influence: 0.47381300862274600, penalty_k: 0.03508949742547743, scale_lr: 0.50578601710112370, EAO: 0.348
Trial 386 finished with value: 0.3484011671654445 and parameters: {'window_influence': 0.473813008622746, 'penalty_k': 0.03508949742547743, 'scale_lr': 0.5057860171011237}. Best is trial 207 with value: 0.363704633735961.
checkpoint_e16 window_influence: 0.42165698909254801, penalty_k: 0.04234193656091939, scale_lr: 0.51291946604252781, EAO: 0.338
Trial 387 finished with value: 0.33847604199142306 and parameters: {'window_influence': 0.421656989092548, 'penalty_k': 0.04234193656091939, 'scale_lr': 0.5129194660425278}. Best is trial 207 with value: 0.363704633735961.
checkpoint_e16 window_influence: 0.49640230749423897, penalty_k: 0.05516745635500670, scale_lr: 0.50350221164305187, EAO: 0.342
Trial 388 finished with value: 0.34177346185487534 and parameters: {'window_influence': 0.49640230749423897, 'penalty_k': 0.0551674563550067, 'scale_lr': 0.5035022116430519}. Best is trial 207 with value: 0.363704633735961.
checkpoint_e16 window_influence: 0.05322172746128784, penalty_k: 0.03473439796848543, scale_lr: 0.26470436297397765, EAO: 0.264
Trial 389 finished with value: 0.2644426560587456 and parameters: {'window_influence': 0.05322172746128784, 'penalty_k': 0.03473439796848543, 'scale_lr': 0.26470436297397765}. Best is trial 207 with value: 0.363704633735961.
checkpoint_e16 window_influence: 0.47097660906808442, penalty_k: 0.11301395649622545, scale_lr: 0.52952247126478513, EAO: 0.326
Trial 390 finished with value: 0.3263917935265641 and parameters: {'window_influence': 0.4709766090680844, 'penalty_k': 0.11301395649622545, 'scale_lr': 0.5295224712647851}. Best is trial 207 with value: 0.363704633735961.
checkpoint_e16 window_influence: 0.45226142521144796, penalty_k: 0.04693063626073291, scale_lr: 0.47777137770787947, EAO: 0.334
Trial 391 finished with value: 0.33351939128066777 and parameters: {'window_influence': 0.45226142521144796, 'penalty_k': 0.046930636260732905, 'scale_lr': 0.4777713777078795}. Best is trial 207 with value: 0.363704633735961.
checkpoint_e16 window_influence: 0.53836924409983333, penalty_k: 0.26895669273457889, scale_lr: 0.49146214711734892, EAO: 0.289
Trial 392 finished with value: 0.2888709803615563 and parameters: {'window_influence': 0.5383692440998333, 'penalty_k': 0.2689566927345789, 'scale_lr': 0.4914621471173489}. Best is trial 207 with value: 0.363704633735961.
checkpoint_e16 window_influence: 0.50870146217172763, penalty_k: 0.28989485311697510, scale_lr: 0.54140582443000307, EAO: 0.299
Trial 393 finished with value: 0.29948165885205397 and parameters: {'window_influence': 0.5087014621717276, 'penalty_k': 0.2898948531169751, 'scale_lr': 0.5414058244300031}. Best is trial 207 with value: 0.363704633735961.
checkpoint_e16 window_influence: 0.49050025132703173, penalty_k: 0.03190605003231056, scale_lr: 0.60320390708976090, EAO: 0.334
Trial 394 finished with value: 0.3339351602333529 and parameters: {'window_influence': 0.49050025132703173, 'penalty_k': 0.031906050032310555, 'scale_lr': 0.6032039070897609}. Best is trial 207 with value: 0.363704633735961.
checkpoint_e16 window_influence: 0.47691094558801972, penalty_k: 0.12541997347794714, scale_lr: 0.51887828837629801, EAO: 0.333
Trial 395 finished with value: 0.3334380354630808 and parameters: {'window_influence': 0.4769109455880197, 'penalty_k': 0.12541997347794714, 'scale_lr': 0.518878288376298}. Best is trial 207 with value: 0.363704633735961.
checkpoint_e16 window_influence: 0.43284233712929476, penalty_k: 0.01994716032023731, scale_lr: 0.55154489260351924, EAO: 0.321
Trial 396 finished with value: 0.3207621043874132 and parameters: {'window_influence': 0.43284233712929476, 'penalty_k': 0.019947160320237314, 'scale_lr': 0.5515448926035192}. Best is trial 207 with value: 0.363704633735961.
checkpoint_e16 window_influence: 0.46139302649166281, penalty_k: 0.03522464332867686, scale_lr: 0.64222086825464286, EAO: 0.323
Trial 397 finished with value: 0.32344303097474436 and parameters: {'window_influence': 0.4613930264916628, 'penalty_k': 0.03522464332867686, 'scale_lr': 0.6422208682546429}. Best is trial 207 with value: 0.363704633735961.
checkpoint_e16 window_influence: 0.49983577805010493, penalty_k: 0.30169102411904758, scale_lr: 0.50681509379476219, EAO: 0.301
Trial 398 finished with value: 0.3011191493110434 and parameters: {'window_influence': 0.49983577805010493, 'penalty_k': 0.3016910241190476, 'scale_lr': 0.5068150937947622}. Best is trial 207 with value: 0.363704633735961.
checkpoint_e16 window_influence: 0.37290812697370596, penalty_k: 0.07166025159047744, scale_lr: 0.49089486129432292, EAO: 0.301
Trial 399 finished with value: 0.3014434599227015 and parameters: {'window_influence': 0.37290812697370596, 'penalty_k': 0.07166025159047744, 'scale_lr': 0.4908948612943229}. Best is trial 207 with value: 0.363704633735961.
checkpoint_e16 window_influence: 0.52277336291159726, penalty_k: 0.21611898554475029, scale_lr: 0.58246678959213849, EAO: 0.296
Trial 400 finished with value: 0.2955911572921137 and parameters: {'window_influence': 0.5227733629115973, 'penalty_k': 0.21611898554475029, 'scale_lr': 0.5824667895921385}. Best is trial 207 with value: 0.363704633735961.
checkpoint_e16 window_influence: 0.56973967641208478, penalty_k: 0.01206897375934545, scale_lr: 0.47134307411415205, EAO: 0.282
Trial 401 finished with value: 0.28176547094077914 and parameters: {'window_influence': 0.5697396764120848, 'penalty_k': 0.012068973759345455, 'scale_lr': 0.47134307411415205}. Best is trial 207 with value: 0.363704633735961.
checkpoint_e16 window_influence: 0.46562110763784303, penalty_k: 0.14961602563544671, scale_lr: 0.45339013275478224, EAO: 0.324
Trial 402 finished with value: 0.32447467019585785 and parameters: {'window_influence': 0.46562110763784303, 'penalty_k': 0.1496160256354467, 'scale_lr': 0.45339013275478224}. Best is trial 207 with value: 0.363704633735961.
checkpoint_e16 window_influence: 0.48201181616489192, penalty_k: 0.02375198949501502, scale_lr: 0.53419817142906245, EAO: 0.326
Trial 403 finished with value: 0.3262627863466508 and parameters: {'window_influence': 0.4820118161648919, 'penalty_k': 0.023751989495015023, 'scale_lr': 0.5341981714290625}. Best is trial 207 with value: 0.363704633735961.
checkpoint_e16 window_influence: 0.45832076797513338, penalty_k: 0.27654915028728905, scale_lr: 0.30137633750337345, EAO: 0.308
Trial 404 finished with value: 0.307737507534862 and parameters: {'window_influence': 0.4583207679751334, 'penalty_k': 0.27654915028728905, 'scale_lr': 0.30137633750337345}. Best is trial 207 with value: 0.363704633735961.
checkpoint_e16 window_influence: 0.44484297761782859, penalty_k: 0.08325332488707504, scale_lr: 0.55741745932411346, EAO: 0.323
Trial 405 finished with value: 0.3225985296389472 and parameters: {'window_influence': 0.4448429776178286, 'penalty_k': 0.08325332488707504, 'scale_lr': 0.5574174593241135}. Best is trial 207 with value: 0.363704633735961.
checkpoint_e16 window_influence: 0.48971612259620428, penalty_k: 0.43504633299866896, scale_lr: 0.52405805538588168, EAO: 0.274
Trial 406 finished with value: 0.2742099287097092 and parameters: {'window_influence': 0.4897161225962043, 'penalty_k': 0.43504633299866896, 'scale_lr': 0.5240580553858817}. Best is trial 207 with value: 0.363704633735961.
checkpoint_e16 window_influence: 0.47087491512015167, penalty_k: 0.04701556184685284, scale_lr: 0.36967653831330005, EAO: 0.317
Trial 407 finished with value: 0.3170576787876248 and parameters: {'window_influence': 0.47087491512015167, 'penalty_k': 0.047015561846852835, 'scale_lr': 0.36967653831330005}. Best is trial 207 with value: 0.363704633735961.
checkpoint_e16 window_influence: 0.50881755034005605, penalty_k: 0.01082990178301149, scale_lr: 0.50188518041847729, EAO: 0.338
Trial 408 finished with value: 0.338276542926113 and parameters: {'window_influence': 0.508817550340056, 'penalty_k': 0.010829901783011492, 'scale_lr': 0.5018851804184773}. Best is trial 207 with value: 0.363704633735961.
checkpoint_e16 window_influence: 0.35164482386022894, penalty_k: 0.05931787081702089, scale_lr: 0.67057406855309731, EAO: 0.311
Trial 409 finished with value: 0.3108431549619608 and parameters: {'window_influence': 0.35164482386022894, 'penalty_k': 0.05931787081702089, 'scale_lr': 0.6705740685530973}. Best is trial 207 with value: 0.363704633735961.
checkpoint_e16 window_influence: 0.39643893385966517, penalty_k: 0.00069977232106652, scale_lr: 0.60899865235774775, EAO: 0.303
Trial 410 finished with value: 0.30272344091059167 and parameters: {'window_influence': 0.39643893385966517, 'penalty_k': 0.0006997723210665211, 'scale_lr': 0.6089986523577477}. Best is trial 207 with value: 0.363704633735961.
checkpoint_e16 window_influence: 0.47667922078570635, penalty_k: 0.19943180854099801, scale_lr: 0.42509628611567585, EAO: 0.312
Trial 411 finished with value: 0.3117268652535598 and parameters: {'window_influence': 0.47667922078570635, 'penalty_k': 0.199431808540998, 'scale_lr': 0.42509628611567585}. Best is trial 207 with value: 0.363704633735961.
checkpoint_e16 window_influence: 0.45007396199654781, penalty_k: 0.16152518841575270, scale_lr: 0.40249196172395396, EAO: 0.321
Trial 412 finished with value: 0.32085862541245114 and parameters: {'window_influence': 0.4500739619965478, 'penalty_k': 0.1615251884157527, 'scale_lr': 0.40249196172395396}. Best is trial 207 with value: 0.363704633735961.
checkpoint_e16 window_influence: 0.49689100093366878, penalty_k: 0.18890747049859119, scale_lr: 0.44909289152232967, EAO: 0.324
Trial 413 finished with value: 0.3235475996704881 and parameters: {'window_influence': 0.4968910009336688, 'penalty_k': 0.1889074704985912, 'scale_lr': 0.4490928915223297}. Best is trial 207 with value: 0.363704633735961.
checkpoint_e16 window_influence: 0.43169384746380912, penalty_k: 0.02771004635456217, scale_lr: 0.70920815752271826, EAO: 0.316
Trial 414 finished with value: 0.31607335881268467 and parameters: {'window_influence': 0.4316938474638091, 'penalty_k': 0.027710046354562173, 'scale_lr': 0.7092081575227183}. Best is trial 207 with value: 0.363704633735961.
checkpoint_e16 window_influence: 0.48242477026666580, penalty_k: 0.04025572764246438, scale_lr: 0.62688333323767520, EAO: 0.348
Trial 415 finished with value: 0.34753318786157245 and parameters: {'window_influence': 0.4824247702666658, 'penalty_k': 0.04025572764246438, 'scale_lr': 0.6268833332376752}. Best is trial 207 with value: 0.363704633735961.
checkpoint_e16 window_influence: 0.51394656224278912, penalty_k: 0.04081865523067005, scale_lr: 0.62424965748174177, EAO: 0.325
Trial 416 finished with value: 0.3247457224339363 and parameters: {'window_influence': 0.5139465622427891, 'penalty_k': 0.04081865523067005, 'scale_lr': 0.6242496574817418}. Best is trial 207 with value: 0.363704633735961.
checkpoint_e16 window_influence: 0.48897620272641756, penalty_k: 0.41620402272682266, scale_lr: 0.61658197325339192, EAO: 0.296
Trial 417 finished with value: 0.2963215216472455 and parameters: {'window_influence': 0.48897620272641756, 'penalty_k': 0.41620402272682266, 'scale_lr': 0.6165819732533919}. Best is trial 207 with value: 0.363704633735961.
checkpoint_e16 window_influence: 0.41617042229121176, penalty_k: 0.03594133029660837, scale_lr: 0.60118368350050011, EAO: 0.336
Trial 418 finished with value: 0.33601907869721204 and parameters: {'window_influence': 0.41617042229121176, 'penalty_k': 0.03594133029660837, 'scale_lr': 0.6011836835005001}. Best is trial 207 with value: 0.363704633735961.
checkpoint_e16 window_influence: 0.32411760500340880, penalty_k: 0.05678599942395376, scale_lr: 0.63646011051382390, EAO: 0.297
Trial 419 finished with value: 0.29740527109877146 and parameters: {'window_influence': 0.3241176050034088, 'penalty_k': 0.056785999423953765, 'scale_lr': 0.6364601105138239}. Best is trial 207 with value: 0.363704633735961.
checkpoint_e16 window_influence: 0.47835474307057207, penalty_k: 0.02191209776240802, scale_lr: 0.59250464978677220, EAO: 0.333
Trial 420 finished with value: 0.33305825855481486 and parameters: {'window_influence': 0.4783547430705721, 'penalty_k': 0.02191209776240802, 'scale_lr': 0.5925046497867722}. Best is trial 207 with value: 0.363704633735961.
checkpoint_e16 window_influence: 0.10304944322508131, penalty_k: 0.09346924660333342, scale_lr: 0.64617417915597519, EAO: 0.260
Trial 421 finished with value: 0.2603275345689128 and parameters: {'window_influence': 0.1030494432250813, 'penalty_k': 0.09346924660333342, 'scale_lr': 0.6461741791559752}. Best is trial 207 with value: 0.363704633735961.
checkpoint_e16 window_influence: 0.46639491210029638, penalty_k: 0.06592207888967186, scale_lr: 0.47906039714539156, EAO: 0.324
Trial 422 finished with value: 0.32425335536671057 and parameters: {'window_influence': 0.4663949121002964, 'penalty_k': 0.06592207888967186, 'scale_lr': 0.47906039714539156}. Best is trial 207 with value: 0.363704633735961.
checkpoint_e16 window_influence: 0.49785897216022823, penalty_k: 0.45160902071102094, scale_lr: 0.43846988425014227, EAO: 0.282
Trial 423 finished with value: 0.2819244269615018 and parameters: {'window_influence': 0.49785897216022823, 'penalty_k': 0.45160902071102094, 'scale_lr': 0.43846988425014227}. Best is trial 207 with value: 0.363704633735961.
checkpoint_e16 window_influence: 0.14525200862529902, penalty_k: 0.51944266857482690, scale_lr: 0.21744984072805262, EAO: 0.257
Trial 424 finished with value: 0.25672204699729667 and parameters: {'window_influence': 0.14525200862529902, 'penalty_k': 0.5194426685748269, 'scale_lr': 0.21744984072805262}. Best is trial 207 with value: 0.363704633735961.
checkpoint_e16 window_influence: 0.52842974726860070, penalty_k: 0.04703319460790488, scale_lr: 0.46643321230843948, EAO: 0.318
Trial 425 finished with value: 0.31776864014942824 and parameters: {'window_influence': 0.5284297472686007, 'penalty_k': 0.04703319460790488, 'scale_lr': 0.4664332123084395}. Best is trial 207 with value: 0.363704633735961.
checkpoint_e16 window_influence: 0.27329457425561610, penalty_k: 0.48543954571382647, scale_lr: 0.57100051427598209, EAO: 0.295
Trial 426 finished with value: 0.29467492553510555 and parameters: {'window_influence': 0.2732945742556161, 'penalty_k': 0.48543954571382647, 'scale_lr': 0.5710005142759821}. Best is trial 207 with value: 0.363704633735961.
checkpoint_e16 window_influence: 0.35713553266899212, penalty_k: 0.01080967595757096, scale_lr: 0.41595049850355564, EAO: 0.310
Trial 427 finished with value: 0.31018936836997824 and parameters: {'window_influence': 0.3571355326689921, 'penalty_k': 0.010809675957570965, 'scale_lr': 0.41595049850355564}. Best is trial 207 with value: 0.363704633735961.
checkpoint_e16 window_influence: 0.21656905245683686, penalty_k: 0.03266448081285860, scale_lr: 0.62193824871141912, EAO: 0.287
