Trial 1439 finished with value: 0.28463400227782326 and parameters: {'window_influence': 0.2636411900649955, 'penalty_k': 0.15130022805826696, 'scale_lr': 0.15284520013638964}. Best is trial 1044 with value: 0.36650777071830365.
checkpoint_e29 window_influence: 0.50658943961505598, penalty_k: 0.10763023036580130, scale_lr: 0.19187988163255559, EAO: 0.335
Trial 1440 finished with value: 0.3348065851843311 and parameters: {'window_influence': 0.506589439615056, 'penalty_k': 0.1076302303658013, 'scale_lr': 0.1918798816325556}. Best is trial 1044 with value: 0.36650777071830365.
checkpoint_e29 window_influence: 0.47162698273069303, penalty_k: 0.29025937481242192, scale_lr: 0.67645041926533278, EAO: 0.326
Trial 1441 finished with value: 0.32624731540448004 and parameters: {'window_influence': 0.47162698273069303, 'penalty_k': 0.2902593748124219, 'scale_lr': 0.6764504192653328}. Best is trial 1044 with value: 0.36650777071830365.
checkpoint_e29 window_influence: 0.11070725105324919, penalty_k: 0.06910096669071127, scale_lr: 0.27030384359351634, EAO: 0.259
Trial 1442 finished with value: 0.25934249469974163 and parameters: {'window_influence': 0.11070725105324919, 'penalty_k': 0.06910096669071127, 'scale_lr': 0.27030384359351634}. Best is trial 1044 with value: 0.36650777071830365.
checkpoint_e29 window_influence: 0.41493391155727544, penalty_k: 0.02695606878172866, scale_lr: 0.65536111437037081, EAO: 0.324
Trial 1443 finished with value: 0.32374113948892524 and parameters: {'window_influence': 0.41493391155727544, 'penalty_k': 0.02695606878172866, 'scale_lr': 0.6553611143703708}. Best is trial 1044 with value: 0.36650777071830365.
checkpoint_e29 window_influence: 0.16566591460401317, penalty_k: 0.08505048264716852, scale_lr: 0.17919207938105988, EAO: 0.288
Trial 1444 finished with value: 0.2876384464103424 and parameters: {'window_influence': 0.16566591460401317, 'penalty_k': 0.08505048264716852, 'scale_lr': 0.17919207938105988}. Best is trial 1044 with value: 0.36650777071830365.
checkpoint_e29 window_influence: 0.64135386871903521, penalty_k: 0.43358710288813773, scale_lr: 0.73934761175023722, EAO: 0.225
Trial 1445 finished with value: 0.2253149043957083 and parameters: {'window_influence': 0.6413538687190352, 'penalty_k': 0.43358710288813773, 'scale_lr': 0.7393476117502372}. Best is trial 1044 with value: 0.36650777071830365.
checkpoint_e29 window_influence: 0.48980922177445457, penalty_k: 0.16046686817465800, scale_lr: 0.12935275227722443, EAO: 0.352
Trial 1446 finished with value: 0.3517055780507247 and parameters: {'window_influence': 0.4898092217744546, 'penalty_k': 0.160466868174658, 'scale_lr': 0.12935275227722443}. Best is trial 1044 with value: 0.36650777071830365.
checkpoint_e29 window_influence: 0.51838087419745527, penalty_k: 0.23367666665023959, scale_lr: 0.23347747728722743, EAO: 0.326
Trial 1447 finished with value: 0.3259571611533369 and parameters: {'window_influence': 0.5183808741974553, 'penalty_k': 0.2336766666502396, 'scale_lr': 0.23347747728722743}. Best is trial 1044 with value: 0.36650777071830365.
checkpoint_e29 window_influence: 0.47732106694467252, penalty_k: 0.48106901156011583, scale_lr: 0.78113032883025568, EAO: 0.318
Trial 1448 finished with value: 0.31763723498420493 and parameters: {'window_influence': 0.4773210669446725, 'penalty_k': 0.48106901156011583, 'scale_lr': 0.7811303288302557}. Best is trial 1044 with value: 0.36650777071830365.
checkpoint_e29 window_influence: 0.38371462614230756, penalty_k: 0.20974993159060185, scale_lr: 0.15804015608241442, EAO: 0.333
Trial 1449 finished with value: 0.3334884491064205 and parameters: {'window_influence': 0.38371462614230756, 'penalty_k': 0.20974993159060185, 'scale_lr': 0.15804015608241442}. Best is trial 1044 with value: 0.36650777071830365.
checkpoint_e29 window_influence: 0.39431857238991841, penalty_k: 0.12368772221298560, scale_lr: 0.76009759525769105, EAO: 0.306
Trial 1450 finished with value: 0.30625397836651785 and parameters: {'window_influence': 0.3943185723899184, 'penalty_k': 0.1236877222129856, 'scale_lr': 0.760097595257691}. Best is trial 1044 with value: 0.36650777071830365.
checkpoint_e29 window_influence: 0.43978748785714084, penalty_k: 0.05132180630378167, scale_lr: 0.54365057063610545, EAO: 0.328
Trial 1451 finished with value: 0.327660616849647 and parameters: {'window_influence': 0.43978748785714084, 'penalty_k': 0.05132180630378167, 'scale_lr': 0.5436505706361054}. Best is trial 1044 with value: 0.36650777071830365.
checkpoint_e29 window_influence: 0.56541689549528895, penalty_k: 0.18038604980423686, scale_lr: 0.46901601243995006, EAO: 0.298
Trial 1452 finished with value: 0.2975268988409859 and parameters: {'window_influence': 0.565416895495289, 'penalty_k': 0.18038604980423686, 'scale_lr': 0.46901601243995006}. Best is trial 1044 with value: 0.36650777071830365.
checkpoint_e29 window_influence: 0.46145328345017672, penalty_k: 0.14089706195432328, scale_lr: 0.41334122046123145, EAO: 0.341
Trial 1453 finished with value: 0.34119315717934634 and parameters: {'window_influence': 0.4614532834501767, 'penalty_k': 0.14089706195432328, 'scale_lr': 0.41334122046123145}. Best is trial 1044 with value: 0.36650777071830365.
checkpoint_e29 window_influence: 0.49949349464015880, penalty_k: 0.09172912036447003, scale_lr: 0.58671903653232993, EAO: 0.343
Trial 1454 finished with value: 0.342988218082992 and parameters: {'window_influence': 0.4994934946401588, 'penalty_k': 0.09172912036447003, 'scale_lr': 0.5867190365323299}. Best is trial 1044 with value: 0.36650777071830365.
checkpoint_e29 window_influence: 0.48888578474135558, penalty_k: 0.15738040832520997, scale_lr: 0.14317463001092798, EAO: 0.326
Trial 1455 finished with value: 0.3264762534241732 and parameters: {'window_influence': 0.4888857847413556, 'penalty_k': 0.15738040832520997, 'scale_lr': 0.14317463001092798}. Best is trial 1044 with value: 0.36650777071830365.
checkpoint_e29 window_influence: 0.40182903645580126, penalty_k: 0.17086965789288214, scale_lr: 0.64241644229915829, EAO: 0.301
Trial 1456 finished with value: 0.3010383742328748 and parameters: {'window_influence': 0.40182903645580126, 'penalty_k': 0.17086965789288214, 'scale_lr': 0.6424164422991583}. Best is trial 1044 with value: 0.36650777071830365.
checkpoint_e29 window_influence: 0.51207173025291131, penalty_k: 0.55569634832741421, scale_lr: 0.79864249310207691, EAO: 0.303
Trial 1457 finished with value: 0.3029359107699376 and parameters: {'window_influence': 0.5120717302529113, 'penalty_k': 0.5556963483274142, 'scale_lr': 0.7986424931020769}. Best is trial 1044 with value: 0.36650777071830365.
checkpoint_e29 window_influence: 0.47263412804340432, penalty_k: 0.01813724034369750, scale_lr: 0.21141126047176198, EAO: 0.355
Trial 1458 finished with value: 0.35542308936323175 and parameters: {'window_influence': 0.4726341280434043, 'penalty_k': 0.018137240343697496, 'scale_lr': 0.21141126047176198}. Best is trial 1044 with value: 0.36650777071830365.
checkpoint_e29 window_influence: 0.45705300250524550, penalty_k: 0.00652528282131333, scale_lr: 0.21161105979578762, EAO: 0.347
Trial 1459 finished with value: 0.34713891821148796 and parameters: {'window_influence': 0.4570530025052455, 'penalty_k': 0.00652528282131333, 'scale_lr': 0.21161105979578762}. Best is trial 1044 with value: 0.36650777071830365.
checkpoint_e29 window_influence: 0.45259898538740573, penalty_k: 0.03068705536687501, scale_lr: 0.22996676308991507, EAO: 0.322
Trial 1460 finished with value: 0.3218194368632387 and parameters: {'window_influence': 0.45259898538740573, 'penalty_k': 0.030687055366875014, 'scale_lr': 0.22996676308991507}. Best is trial 1044 with value: 0.36650777071830365.
checkpoint_e29 window_influence: 0.44163328243184297, penalty_k: 0.01981451860743305, scale_lr: 0.21931835631335278, EAO: 0.345
Trial 1461 finished with value: 0.3449384963234111 and parameters: {'window_influence': 0.44163328243184297, 'penalty_k': 0.019814518607433055, 'scale_lr': 0.21931835631335278}. Best is trial 1044 with value: 0.36650777071830365.
checkpoint_e29 window_influence: 0.46840618864351052, penalty_k: 0.01611499029302078, scale_lr: 0.19908940984994775, EAO: 0.338
Trial 1462 finished with value: 0.3378941726359876 and parameters: {'window_influence': 0.4684061886435105, 'penalty_k': 0.016114990293020784, 'scale_lr': 0.19908940984994775}. Best is trial 1044 with value: 0.36650777071830365.
checkpoint_e29 window_influence: 0.29920389736890290, penalty_k: 0.02417794629384306, scale_lr: 0.20845153952477288, EAO: 0.293
Trial 1463 finished with value: 0.2928694213526722 and parameters: {'window_influence': 0.2992038973689029, 'penalty_k': 0.024177946293843056, 'scale_lr': 0.20845153952477288}. Best is trial 1044 with value: 0.36650777071830365.
checkpoint_e29 window_influence: 0.53866614387817247, penalty_k: 0.04256344110590912, scale_lr: 0.18939845590015486, EAO: 0.320
Trial 1464 finished with value: 0.32010004770894923 and parameters: {'window_influence': 0.5386661438781725, 'penalty_k': 0.04256344110590912, 'scale_lr': 0.18939845590015486}. Best is trial 1044 with value: 0.36650777071830365.
checkpoint_e29 window_influence: 0.42939732361816524, penalty_k: 0.53020599383283495, scale_lr: 0.22005251232804066, EAO: 0.313
Trial 1465 finished with value: 0.31319978543292687 and parameters: {'window_influence': 0.42939732361816524, 'penalty_k': 0.530205993832835, 'scale_lr': 0.22005251232804066}. Best is trial 1044 with value: 0.36650777071830365.
checkpoint_e29 window_influence: 0.21802033472523932, penalty_k: 0.58598854699968173, scale_lr: 0.24829742748771666, EAO: 0.271
Trial 1466 finished with value: 0.27130619578556325 and parameters: {'window_influence': 0.21802033472523932, 'penalty_k': 0.5859885469996817, 'scale_lr': 0.24829742748771666}. Best is trial 1044 with value: 0.36650777071830365.
checkpoint_e29 window_influence: 0.08018680089140173, penalty_k: 0.03907425691965981, scale_lr: 0.56911855596275929, EAO: 0.245
Trial 1467 finished with value: 0.24496536542469424 and parameters: {'window_influence': 0.08018680089140173, 'penalty_k': 0.03907425691965981, 'scale_lr': 0.5691185559627593}. Best is trial 1044 with value: 0.36650777071830365.
checkpoint_e29 window_influence: 0.11336371722657240, penalty_k: 0.05683296522639825, scale_lr: 0.23229713820761091, EAO: 0.273
Trial 1468 finished with value: 0.27271415936807714 and parameters: {'window_influence': 0.1133637172265724, 'penalty_k': 0.056832965226398253, 'scale_lr': 0.23229713820761091}. Best is trial 1044 with value: 0.36650777071830365.
checkpoint_e29 window_influence: 0.63376619501986731, penalty_k: 0.01248785061205727, scale_lr: 0.20984618023373156, EAO: 0.268
Trial 1469 finished with value: 0.26832400500078607 and parameters: {'window_influence': 0.6337661950198673, 'penalty_k': 0.012487850612057271, 'scale_lr': 0.20984618023373156}. Best is trial 1044 with value: 0.36650777071830365.
checkpoint_e29 window_influence: 0.38035042826512477, penalty_k: 0.02114164492255228, scale_lr: 0.30205843647415398, EAO: 0.315
Trial 1470 finished with value: 0.3146116463938576 and parameters: {'window_influence': 0.3803504282651248, 'penalty_k': 0.021141644922552282, 'scale_lr': 0.302058436474154}. Best is trial 1044 with value: 0.36650777071830365.
checkpoint_e29 window_influence: 0.12495302465872893, penalty_k: 0.00685618086656320, scale_lr: 0.69892890781569506, EAO: 0.269
Trial 1471 finished with value: 0.2687107605808904 and parameters: {'window_influence': 0.12495302465872893, 'penalty_k': 0.0068561808665632, 'scale_lr': 0.698928907815695}. Best is trial 1044 with value: 0.36650777071830365.
checkpoint_e29 window_influence: 0.47168811782334641, penalty_k: 0.03298365205854686, scale_lr: 0.19948289272380404, EAO: 0.332
Trial 1472 finished with value: 0.33164160307279356 and parameters: {'window_influence': 0.4716881178233464, 'penalty_k': 0.03298365205854686, 'scale_lr': 0.19948289272380404}. Best is trial 1044 with value: 0.36650777071830365.
checkpoint_e29 window_influence: 0.29273529293117206, penalty_k: 0.46296135210430950, scale_lr: 0.66093025137261641, EAO: 0.301
Trial 1473 finished with value: 0.3011763279076216 and parameters: {'window_influence': 0.29273529293117206, 'penalty_k': 0.4629613521043095, 'scale_lr': 0.6609302513726164}. Best is trial 1044 with value: 0.36650777071830365.
checkpoint_e29 window_influence: 0.42053846729338168, penalty_k: 0.05012347587742463, scale_lr: 0.49176619138035038, EAO: 0.346
Trial 1474 finished with value: 0.3458724536784428 and parameters: {'window_influence': 0.4205384672933817, 'penalty_k': 0.050123475877424634, 'scale_lr': 0.4917661913803504}. Best is trial 1044 with value: 0.36650777071830365.
checkpoint_e29 window_influence: 0.58329218929556259, penalty_k: 0.06882352394569399, scale_lr: 0.18309052208993834, EAO: 0.294
Trial 1475 finished with value: 0.2939601444316745 and parameters: {'window_influence': 0.5832921892955626, 'penalty_k': 0.06882352394569399, 'scale_lr': 0.18309052208993834}. Best is trial 1044 with value: 0.36650777071830365.
checkpoint_e29 window_influence: 0.49603541667042289, penalty_k: 0.42120237221217705, scale_lr: 0.63186750581252826, EAO: 0.300
Trial 1476 finished with value: 0.30047054467034245 and parameters: {'window_influence': 0.4960354166704229, 'penalty_k': 0.42120237221217705, 'scale_lr': 0.6318675058125283}. Best is trial 1044 with value: 0.36650777071830365.
checkpoint_e29 window_influence: 0.37093458356387432, penalty_k: 0.10079287959568642, scale_lr: 0.41869862991036594, EAO: 0.307
Trial 1477 finished with value: 0.307015444749988 and parameters: {'window_influence': 0.3709345835638743, 'penalty_k': 0.10079287959568642, 'scale_lr': 0.41869862991036594}. Best is trial 1044 with value: 0.36650777071830365.
checkpoint_e29 window_influence: 0.21207418889364602, penalty_k: 0.02051369355224763, scale_lr: 0.34624305648691733, EAO: 0.286
Trial 1478 finished with value: 0.2856837652536682 and parameters: {'window_influence': 0.21207418889364602, 'penalty_k': 0.02051369355224763, 'scale_lr': 0.34624305648691733}. Best is trial 1044 with value: 0.36650777071830365.
checkpoint_e29 window_influence: 0.52408795121242269, penalty_k: 0.54927602644031359, scale_lr: 0.43550409205807050, EAO: 0.282
Trial 1479 finished with value: 0.282087913167152 and parameters: {'window_influence': 0.5240879512124227, 'penalty_k': 0.5492760264403136, 'scale_lr': 0.4355040920580705}. Best is trial 1044 with value: 0.36650777071830365.
checkpoint_e29 window_influence: 0.17581705338413753, penalty_k: 0.03306846046960851, scale_lr: 0.59052442635552860, EAO: 0.297
Trial 1480 finished with value: 0.2968136065201073 and parameters: {'window_influence': 0.17581705338413753, 'penalty_k': 0.033068460469608506, 'scale_lr': 0.5905244263555286}. Best is trial 1044 with value: 0.36650777071830365.
checkpoint_e29 window_influence: 0.40755765184279669, penalty_k: 0.11383656263201583, scale_lr: 0.74904542126795925, EAO: 0.339
Trial 1481 finished with value: 0.33936991081627427 and parameters: {'window_influence': 0.4075576518427967, 'penalty_k': 0.11383656263201583, 'scale_lr': 0.7490454212679593}. Best is trial 1044 with value: 0.36650777071830365.
checkpoint_e29 window_influence: 0.48057042881581580, penalty_k: 0.00033225975072178, scale_lr: 0.72244067233968434, EAO: 0.314
Trial 1482 finished with value: 0.31375410068591747 and parameters: {'window_influence': 0.4805704288158158, 'penalty_k': 0.0003322597507217778, 'scale_lr': 0.7224406723396843}. Best is trial 1044 with value: 0.36650777071830365.
checkpoint_e29 window_influence: 0.54996650106447753, penalty_k: 0.22909682832409384, scale_lr: 0.27894354638119356, EAO: 0.298
Trial 1483 finished with value: 0.297560424424331 and parameters: {'window_influence': 0.5499665010644775, 'penalty_k': 0.22909682832409384, 'scale_lr': 0.27894354638119356}. Best is trial 1044 with value: 0.36650777071830365.
checkpoint_e29 window_influence: 0.19768629589531492, penalty_k: 0.07986208422209320, scale_lr: 0.22279016727550033, EAO: 0.289
Trial 1484 finished with value: 0.28867069762272596 and parameters: {'window_influence': 0.19768629589531492, 'penalty_k': 0.0798620842220932, 'scale_lr': 0.22279016727550033}. Best is trial 1044 with value: 0.36650777071830365.
checkpoint_e29 window_influence: 0.46234091937914135, penalty_k: 0.04240427605518865, scale_lr: 0.51498523132628560, EAO: 0.336
Trial 1485 finished with value: 0.3361266975504879 and parameters: {'window_influence': 0.46234091937914135, 'penalty_k': 0.04240427605518865, 'scale_lr': 0.5149852313262856}. Best is trial 1044 with value: 0.36650777071830365.
checkpoint_e29 window_influence: 0.50686820324839077, penalty_k: 0.12622305686083368, scale_lr: 0.67906350116928049, EAO: 0.331
Trial 1486 finished with value: 0.33105628082260546 and parameters: {'window_influence': 0.5068682032483908, 'penalty_k': 0.12622305686083368, 'scale_lr': 0.6790635011692805}. Best is trial 1044 with value: 0.36650777071830365.
checkpoint_e29 window_influence: 0.22717204220314891, penalty_k: 0.05963864419718182, scale_lr: 0.25793840583298683, EAO: 0.290
Trial 1487 finished with value: 0.28989274440340496 and parameters: {'window_influence': 0.2271720422031489, 'penalty_k': 0.05963864419718182, 'scale_lr': 0.25793840583298683}. Best is trial 1044 with value: 0.36650777071830365.
checkpoint_e29 window_influence: 0.16083638680134554, penalty_k: 0.28379622135802574, scale_lr: 0.17563150256493271, EAO: 0.279
Trial 1488 finished with value: 0.27866325118662316 and parameters: {'window_influence': 0.16083638680134554, 'penalty_k': 0.28379622135802574, 'scale_lr': 0.1756315025649327}. Best is trial 1044 with value: 0.36650777071830365.
checkpoint_e29 window_influence: 0.44659944325929124, penalty_k: 0.43877109665628011, scale_lr: 0.44874830052249914, EAO: 0.342
Trial 1489 finished with value: 0.34188693854595437 and parameters: {'window_influence': 0.44659944325929124, 'penalty_k': 0.4387710966562801, 'scale_lr': 0.44874830052249914}. Best is trial 1044 with value: 0.36650777071830365.
checkpoint_e29 window_influence: 0.28686441315225047, penalty_k: 0.01085706283210026, scale_lr: 0.19332820965051523, EAO: 0.296
Trial 1490 finished with value: 0.29644436084806686 and parameters: {'window_influence': 0.2868644131522505, 'penalty_k': 0.010857062832100264, 'scale_lr': 0.19332820965051523}. Best is trial 1044 with value: 0.36650777071830365.
checkpoint_e29 window_influence: 0.49021820682707257, penalty_k: 0.42166575074226881, scale_lr: 0.23693304779173338, EAO: 0.315
Trial 1491 finished with value: 0.3152849619722552 and parameters: {'window_influence': 0.49021820682707257, 'penalty_k': 0.4216657507422688, 'scale_lr': 0.23693304779173338}. Best is trial 1044 with value: 0.36650777071830365.
checkpoint_e29 window_influence: 0.07437383078357096, penalty_k: 0.20610901163747589, scale_lr: 0.77016408809995762, EAO: 0.249
Trial 1492 finished with value: 0.24878485703746633 and parameters: {'window_influence': 0.07437383078357096, 'penalty_k': 0.2061090116374759, 'scale_lr': 0.7701640880999576}. Best is trial 1044 with value: 0.36650777071830365.
checkpoint_e29 window_influence: 0.47377047012554369, penalty_k: 0.02400988640855903, scale_lr: 0.36434353045687867, EAO: 0.334
Trial 1493 finished with value: 0.3341673754068664 and parameters: {'window_influence': 0.4737704701255437, 'penalty_k': 0.024009886408559028, 'scale_lr': 0.3643435304568787}. Best is trial 1044 with value: 0.36650777071830365.
checkpoint_e29 window_influence: 0.39779295879721455, penalty_k: 0.52206540389581757, scale_lr: 0.60448827667779759, EAO: 0.316
Trial 1494 finished with value: 0.3162906644177344 and parameters: {'window_influence': 0.39779295879721455, 'penalty_k': 0.5220654038958176, 'scale_lr': 0.6044882766777976}. Best is trial 1044 with value: 0.36650777071830365.
checkpoint_e29 window_influence: 0.50735541712394194, penalty_k: 0.44966728240766057, scale_lr: 0.55882051877703587, EAO: 0.300
Trial 1495 finished with value: 0.2996263390385223 and parameters: {'window_influence': 0.5073554171239419, 'penalty_k': 0.4496672824076606, 'scale_lr': 0.5588205187770359}. Best is trial 1044 with value: 0.36650777071830365.
checkpoint_e29 window_influence: 0.09308464127355753, penalty_k: 0.22074321165733590, scale_lr: 0.64673098114532568, EAO: 0.258
Trial 1496 finished with value: 0.2576599607555783 and parameters: {'window_influence': 0.09308464127355753, 'penalty_k': 0.2207432116573359, 'scale_lr': 0.6467309811453257}. Best is trial 1044 with value: 0.36650777071830365.
checkpoint_e29 window_influence: 0.45416352063317728, penalty_k: 0.09921443956413915, scale_lr: 0.57317193381917264, EAO: 0.351
Trial 1497 finished with value: 0.35059413453020477 and parameters: {'window_influence': 0.4541635206331773, 'penalty_k': 0.09921443956413915, 'scale_lr': 0.5731719338191726}. Best is trial 1044 with value: 0.36650777071830365.
checkpoint_e29 window_influence: 0.59595512116893135, penalty_k: 0.07838404234851706, scale_lr: 0.70687049856671036, EAO: 0.255
Trial 1498 finished with value: 0.2551353185905093 and parameters: {'window_influence': 0.5959551211689313, 'penalty_k': 0.07838404234851706, 'scale_lr': 0.7068704985667104}. Best is trial 1044 with value: 0.36650777071830365.
checkpoint_e29 window_influence: 0.49488466618662225, penalty_k: 0.24363848158377516, scale_lr: 0.63407286708817467, EAO: 0.295
Trial 1499 finished with value: 0.295103618259096 and parameters: {'window_influence': 0.49488466618662225, 'penalty_k': 0.24363848158377516, 'scale_lr': 0.6340728670881747}. Best is trial 1044 with value: 0.36650777071830365.
checkpoint_e29 window_influence: 0.23451439981521546, penalty_k: 0.04573026650037969, scale_lr: 0.39263140085906029, EAO: 0.298
