Trial 284 finished with value: 0.3310705401902069 and parameters: {'window_influence': 0.4510773979717943, 'penalty_k': 0.2215303285058463, 'scale_lr': 0.19346951304598106}. Best is trial 241 with value: 0.3596595438769819.
checkpoint_e33 window_influence: 0.49482908897826944, penalty_k: 0.16660812616289236, scale_lr: 0.26366787071555076, EAO: 0.331
Trial 285 finished with value: 0.3311794784630319 and parameters: {'window_influence': 0.49482908897826944, 'penalty_k': 0.16660812616289236, 'scale_lr': 0.26366787071555076}. Best is trial 241 with value: 0.3596595438769819.
checkpoint_e33 window_influence: 0.46657129377968332, penalty_k: 0.20052692734427507, scale_lr: 0.11946802898938114, EAO: 0.321
Trial 286 finished with value: 0.32078367425310006 and parameters: {'window_influence': 0.4665712937796833, 'penalty_k': 0.20052692734427507, 'scale_lr': 0.11946802898938114}. Best is trial 241 with value: 0.3596595438769819.
checkpoint_e33 window_influence: 0.43359191911933920, penalty_k: 0.35409774799669919, scale_lr: 0.31975800967840762, EAO: 0.339
Trial 287 finished with value: 0.3392815301158549 and parameters: {'window_influence': 0.4335919191193392, 'penalty_k': 0.3540977479966992, 'scale_lr': 0.3197580096784076}. Best is trial 241 with value: 0.3596595438769819.
checkpoint_e33 window_influence: 0.37761383130165677, penalty_k: 0.24284321985044108, scale_lr: 0.17297702953513699, EAO: 0.326
Trial 288 finished with value: 0.3262429619461646 and parameters: {'window_influence': 0.37761383130165677, 'penalty_k': 0.24284321985044108, 'scale_lr': 0.172977029535137}. Best is trial 241 with value: 0.3596595438769819.
checkpoint_e33 window_influence: 0.45951894910815405, penalty_k: 0.32624488614658170, scale_lr: 0.13811983605463318, EAO: 0.319
Trial 289 finished with value: 0.3193208990393909 and parameters: {'window_influence': 0.45951894910815405, 'penalty_k': 0.3262448861465817, 'scale_lr': 0.13811983605463318}. Best is trial 241 with value: 0.3596595438769819.
checkpoint_e33 window_influence: 0.41955116291505806, penalty_k: 0.26009650359628111, scale_lr: 0.33006141333593525, EAO: 0.334
Trial 290 finished with value: 0.3338295685178111 and parameters: {'window_influence': 0.41955116291505806, 'penalty_k': 0.2600965035962811, 'scale_lr': 0.33006141333593525}. Best is trial 241 with value: 0.3596595438769819.
checkpoint_e33 window_influence: 0.48481326196478114, penalty_k: 0.20728412169161453, scale_lr: 0.15726756707651715, EAO: 0.337
Trial 291 finished with value: 0.33743810862418744 and parameters: {'window_influence': 0.48481326196478114, 'penalty_k': 0.20728412169161453, 'scale_lr': 0.15726756707651715}. Best is trial 241 with value: 0.3596595438769819.
checkpoint_e33 window_influence: 0.44540255767755949, penalty_k: 0.30398779202919002, scale_lr: 0.20816918147770780, EAO: 0.341
Trial 292 finished with value: 0.34068213722121393 and parameters: {'window_influence': 0.4454025576775595, 'penalty_k': 0.30398779202919, 'scale_lr': 0.2081691814777078}. Best is trial 241 with value: 0.3596595438769819.
checkpoint_e33 window_influence: 0.47198094201201063, penalty_k: 0.45836508504084350, scale_lr: 0.18362941444132219, EAO: 0.300
Trial 293 finished with value: 0.3003119222153022 and parameters: {'window_influence': 0.47198094201201063, 'penalty_k': 0.4583650850408435, 'scale_lr': 0.1836294144413222}. Best is trial 241 with value: 0.3596595438769819.
checkpoint_e33 window_influence: 0.31894953872805987, penalty_k: 0.22599080127793450, scale_lr: 0.24453849557359048, EAO: 0.296
Trial 294 finished with value: 0.29568523377296063 and parameters: {'window_influence': 0.31894953872805987, 'penalty_k': 0.2259908012779345, 'scale_lr': 0.24453849557359048}. Best is trial 241 with value: 0.3596595438769819.
checkpoint_e33 window_influence: 0.05921174361578507, penalty_k: 0.10580461499158808, scale_lr: 0.59698829842317325, EAO: 0.258
Trial 295 finished with value: 0.25751681556265643 and parameters: {'window_influence': 0.05921174361578507, 'penalty_k': 0.10580461499158808, 'scale_lr': 0.5969882984231732}. Best is trial 241 with value: 0.3596595438769819.
checkpoint_e33 window_influence: 0.45868457671045149, penalty_k: 0.23807445972042560, scale_lr: 0.19595614683166113, EAO: 0.322
Trial 296 finished with value: 0.32196372637257037 and parameters: {'window_influence': 0.4586845767104515, 'penalty_k': 0.2380744597204256, 'scale_lr': 0.19595614683166113}. Best is trial 241 with value: 0.3596595438769819.
checkpoint_e33 window_influence: 0.43569638676304667, penalty_k: 0.33919274804343535, scale_lr: 0.22046333177858105, EAO: 0.344
Trial 297 finished with value: 0.34350519815771496 and parameters: {'window_influence': 0.4356963867630467, 'penalty_k': 0.33919274804343535, 'scale_lr': 0.22046333177858105}. Best is trial 241 with value: 0.3596595438769819.
checkpoint_e33 window_influence: 0.51553284370635610, penalty_k: 0.21233497800289045, scale_lr: 0.17247700067061866, EAO: 0.316
Trial 298 finished with value: 0.31612659439966373 and parameters: {'window_influence': 0.5155328437063561, 'penalty_k': 0.21233497800289045, 'scale_lr': 0.17247700067061866}. Best is trial 241 with value: 0.3596595438769819.
checkpoint_e33 window_influence: 0.49469432960544851, penalty_k: 0.50693944120799828, scale_lr: 0.15338553373083241, EAO: 0.293
Trial 299 finished with value: 0.2931582075960441 and parameters: {'window_influence': 0.4946943296054485, 'penalty_k': 0.5069394412079983, 'scale_lr': 0.1533855337308324}. Best is trial 241 with value: 0.3596595438769819.
checkpoint_e33 window_influence: 0.47539067395105539, penalty_k: 0.43764017344607220, scale_lr: 0.46834080480990309, EAO: 0.310
Trial 300 finished with value: 0.31025793249736966 and parameters: {'window_influence': 0.4753906739510554, 'penalty_k': 0.4376401734460722, 'scale_lr': 0.4683408048099031}. Best is trial 241 with value: 0.3596595438769819.
checkpoint_e33 window_influence: 0.53805739353730253, penalty_k: 0.17662254939019453, scale_lr: 0.19980098206110192, EAO: 0.313
Trial 301 finished with value: 0.31287456428494437 and parameters: {'window_influence': 0.5380573935373025, 'penalty_k': 0.17662254939019453, 'scale_lr': 0.19980098206110192}. Best is trial 241 with value: 0.3596595438769819.
checkpoint_e33 window_influence: 0.44819317095853828, penalty_k: 0.19274580289662788, scale_lr: 0.17834118169724969, EAO: 0.332
Trial 302 finished with value: 0.3323095033836736 and parameters: {'window_influence': 0.4481931709585383, 'penalty_k': 0.19274580289662788, 'scale_lr': 0.1783411816972497}. Best is trial 241 with value: 0.3596595438769819.
checkpoint_e33 window_influence: 0.46522263695183869, penalty_k: 0.29027815499252779, scale_lr: 0.21143081289766208, EAO: 0.347
Trial 303 finished with value: 0.34671536041604867 and parameters: {'window_influence': 0.4652226369518387, 'penalty_k': 0.2902781549925278, 'scale_lr': 0.21143081289766208}. Best is trial 241 with value: 0.3596595438769819.
checkpoint_e33 window_influence: 0.34101345022791629, penalty_k: 0.24832338157911779, scale_lr: 0.13902648963150657, EAO: 0.299
Trial 304 finished with value: 0.298967080473436 and parameters: {'window_influence': 0.3410134502279163, 'penalty_k': 0.2483233815791178, 'scale_lr': 0.13902648963150657}. Best is trial 241 with value: 0.3596595438769819.
checkpoint_e33 window_influence: 0.41002895947061607, penalty_k: 0.22050786545044290, scale_lr: 0.28757231657701365, EAO: 0.315
Trial 305 finished with value: 0.31462585908661556 and parameters: {'window_influence': 0.4100289594706161, 'penalty_k': 0.2205078654504429, 'scale_lr': 0.28757231657701365}. Best is trial 241 with value: 0.3596595438769819.
checkpoint_e33 window_influence: 0.43155358080138295, penalty_k: 0.20047651243614997, scale_lr: 0.35837610896285210, EAO: 0.325
Trial 306 finished with value: 0.32462208413660293 and parameters: {'window_influence': 0.43155358080138295, 'penalty_k': 0.20047651243614997, 'scale_lr': 0.3583761089628521}. Best is trial 241 with value: 0.3596595438769819.
checkpoint_e33 window_influence: 0.48273952259241304, penalty_k: 0.56960691829044541, scale_lr: 0.23641339811853851, EAO: 0.291
Trial 307 finished with value: 0.29104209346298116 and parameters: {'window_influence': 0.48273952259241304, 'penalty_k': 0.5696069182904454, 'scale_lr': 0.2364133981185385}. Best is trial 241 with value: 0.3596595438769819.
checkpoint_e33 window_influence: 0.45086331203256408, penalty_k: 0.13513063560701274, scale_lr: 0.18670511046966690, EAO: 0.327
Trial 308 finished with value: 0.32696733151196505 and parameters: {'window_influence': 0.4508633120325641, 'penalty_k': 0.13513063560701274, 'scale_lr': 0.1867051104696669}. Best is trial 241 with value: 0.3596595438769819.
checkpoint_e33 window_influence: 0.39312765306772840, penalty_k: 0.26584669864276322, scale_lr: 0.15909030839599425, EAO: 0.333
Trial 309 finished with value: 0.33277650032525863 and parameters: {'window_influence': 0.3931276530677284, 'penalty_k': 0.2658466986427632, 'scale_lr': 0.15909030839599425}. Best is trial 241 with value: 0.3596595438769819.
checkpoint_e33 window_influence: 0.42299144002140704, penalty_k: 0.23403794042686041, scale_lr: 0.22084328164279093, EAO: 0.368
Trial 310 finished with value: 0.36774729812655466 and parameters: {'window_influence': 0.42299144002140704, 'penalty_k': 0.2340379404268604, 'scale_lr': 0.22084328164279093}. Best is trial 310 with value: 0.36774729812655466.
checkpoint_e33 window_influence: 0.50177695290022106, penalty_k: 0.23334946106099005, scale_lr: 0.22754574405273248, EAO: 0.325
Trial 311 finished with value: 0.32545414323472793 and parameters: {'window_influence': 0.5017769529002211, 'penalty_k': 0.23334946106099005, 'scale_lr': 0.22754574405273248}. Best is trial 310 with value: 0.36774729812655466.
checkpoint_e33 window_influence: 0.46820661425657700, penalty_k: 0.24868494291696441, scale_lr: 0.25345246156103574, EAO: 0.325
Trial 312 finished with value: 0.3252874114170149 and parameters: {'window_influence': 0.468206614256577, 'penalty_k': 0.2486849429169644, 'scale_lr': 0.25345246156103574}. Best is trial 310 with value: 0.36774729812655466.
checkpoint_e33 window_influence: 0.43943861748009339, penalty_k: 0.38717446486633594, scale_lr: 0.21810097118805483, EAO: 0.329
Trial 313 finished with value: 0.328604544647009 and parameters: {'window_influence': 0.4394386174800934, 'penalty_k': 0.38717446486633594, 'scale_lr': 0.21810097118805483}. Best is trial 310 with value: 0.36774729812655466.
checkpoint_e33 window_influence: 0.45661557516522538, penalty_k: 0.22596256134199705, scale_lr: 0.33894615494177510, EAO: 0.361
Trial 314 finished with value: 0.36103460331835174 and parameters: {'window_influence': 0.4566155751652254, 'penalty_k': 0.22596256134199705, 'scale_lr': 0.3389461549417751}. Best is trial 310 with value: 0.36774729812655466.
checkpoint_e33 window_influence: 0.48574348777351828, penalty_k: 0.23846625992854259, scale_lr: 0.26598496836980690, EAO: 0.330
Trial 315 finished with value: 0.32996684080895744 and parameters: {'window_influence': 0.4857434877735183, 'penalty_k': 0.2384662599285426, 'scale_lr': 0.2659849683698069}. Best is trial 310 with value: 0.36774729812655466.
checkpoint_e33 window_influence: 0.45905013232205594, penalty_k: 0.25591209275861160, scale_lr: 0.42791026807702365, EAO: 0.324
Trial 316 finished with value: 0.3240434891518916 and parameters: {'window_influence': 0.45905013232205594, 'penalty_k': 0.2559120927586116, 'scale_lr': 0.42791026807702365}. Best is trial 310 with value: 0.36774729812655466.
checkpoint_e33 window_influence: 0.41959518851762079, penalty_k: 0.41706125956391482, scale_lr: 0.32864991957262735, EAO: 0.326
Trial 317 finished with value: 0.3259864862326982 and parameters: {'window_influence': 0.4195951885176208, 'penalty_k': 0.4170612595639148, 'scale_lr': 0.32864991957262735}. Best is trial 310 with value: 0.36774729812655466.
checkpoint_e33 window_influence: 0.47549207978694774, penalty_k: 0.22732128672254073, scale_lr: 0.35229885271465872, EAO: 0.344
Trial 318 finished with value: 0.34357819680110024 and parameters: {'window_influence': 0.47549207978694774, 'penalty_k': 0.22732128672254073, 'scale_lr': 0.3522988527146587}. Best is trial 310 with value: 0.36774729812655466.
checkpoint_e33 window_influence: 0.40461365843128583, penalty_k: 0.31197097649066741, scale_lr: 0.36941489827153173, EAO: 0.335
Trial 319 finished with value: 0.334826001513329 and parameters: {'window_influence': 0.4046136584312858, 'penalty_k': 0.3119709764906674, 'scale_lr': 0.36941489827153173}. Best is trial 310 with value: 0.36774729812655466.
checkpoint_e33 window_influence: 0.45036082890111101, penalty_k: 0.22101979001661690, scale_lr: 0.38613647393860628, EAO: 0.348
Trial 320 finished with value: 0.3480889313647719 and parameters: {'window_influence': 0.450360828901111, 'penalty_k': 0.2210197900166169, 'scale_lr': 0.3861364739386063}. Best is trial 310 with value: 0.36774729812655466.
checkpoint_e33 window_influence: 0.46465642595666046, penalty_k: 0.23804258993781241, scale_lr: 0.31439288790888054, EAO: 0.336
Trial 321 finished with value: 0.3357863259222721 and parameters: {'window_influence': 0.46465642595666046, 'penalty_k': 0.2380425899378124, 'scale_lr': 0.31439288790888054}. Best is trial 310 with value: 0.36774729812655466.
checkpoint_e33 window_influence: 0.48958759171394761, penalty_k: 0.26961432402550262, scale_lr: 0.34811241428138306, EAO: 0.337
Trial 322 finished with value: 0.33737492236645766 and parameters: {'window_influence': 0.4895875917139476, 'penalty_k': 0.2696143240255026, 'scale_lr': 0.34811241428138306}. Best is trial 310 with value: 0.36774729812655466.
checkpoint_e33 window_influence: 0.44221250263772061, penalty_k: 0.21247135106130466, scale_lr: 0.20177383167790294, EAO: 0.344
Trial 323 finished with value: 0.34410479363300456 and parameters: {'window_influence': 0.4422125026377206, 'penalty_k': 0.21247135106130466, 'scale_lr': 0.20177383167790294}. Best is trial 310 with value: 0.36774729812655466.
checkpoint_e33 window_influence: 0.47193014335263717, penalty_k: 0.25526776631667164, scale_lr: 0.30435801841705179, EAO: 0.343
Trial 324 finished with value: 0.34347404556979466 and parameters: {'window_influence': 0.47193014335263717, 'penalty_k': 0.25526776631667164, 'scale_lr': 0.3043580184170518}. Best is trial 310 with value: 0.36774729812655466.
checkpoint_e33 window_influence: 0.50256188236973587, penalty_k: 0.00043437010057912, scale_lr: 0.27607894263035743, EAO: 0.341
Trial 325 finished with value: 0.34127410933201413 and parameters: {'window_influence': 0.5025618823697359, 'penalty_k': 0.00043437010057911785, 'scale_lr': 0.2760789426303574}. Best is trial 310 with value: 0.36774729812655466.
checkpoint_e33 window_influence: 0.36317090373747413, penalty_k: 0.23230204595379297, scale_lr: 0.23783314829266405, EAO: 0.308
Trial 326 finished with value: 0.30779012631813374 and parameters: {'window_influence': 0.3631709037374741, 'penalty_k': 0.23230204595379297, 'scale_lr': 0.23783314829266405}. Best is trial 310 with value: 0.36774729812655466.
checkpoint_e33 window_influence: 0.45925339748097083, penalty_k: 0.24693677812438530, scale_lr: 0.76962124715986435, EAO: 0.365
Trial 327 finished with value: 0.3647124751068739 and parameters: {'window_influence': 0.4592533974809708, 'penalty_k': 0.2469367781243853, 'scale_lr': 0.7696212471598644}. Best is trial 310 with value: 0.36774729812655466.
checkpoint_e33 window_influence: 0.42930399776706513, penalty_k: 0.05717744414449993, scale_lr: 0.32188330943841598, EAO: 0.337
Trial 328 finished with value: 0.3372207504302147 and parameters: {'window_influence': 0.4293039977670651, 'penalty_k': 0.057177444144499934, 'scale_lr': 0.321883309438416}. Best is trial 310 with value: 0.36774729812655466.
checkpoint_e33 window_influence: 0.45338169224410740, penalty_k: 0.21729156961153887, scale_lr: 0.30395994003150223, EAO: 0.313
Trial 329 finished with value: 0.31315736913263564 and parameters: {'window_influence': 0.4533816922441074, 'penalty_k': 0.21729156961153887, 'scale_lr': 0.30395994003150223}. Best is trial 310 with value: 0.36774729812655466.
checkpoint_e33 window_influence: 0.41610630751630651, penalty_k: 0.15578244070201394, scale_lr: 0.54678806186765727, EAO: 0.334
Trial 330 finished with value: 0.33417482146493194 and parameters: {'window_influence': 0.4161063075163065, 'penalty_k': 0.15578244070201394, 'scale_lr': 0.5467880618676573}. Best is trial 310 with value: 0.36774729812655466.
checkpoint_e33 window_influence: 0.44159505668307170, penalty_k: 0.48542308109479693, scale_lr: 0.44022834589136850, EAO: 0.331
Trial 331 finished with value: 0.33084767192950043 and parameters: {'window_influence': 0.4415950566830717, 'penalty_k': 0.4854230810947969, 'scale_lr': 0.4402283458913685}. Best is trial 310 with value: 0.36774729812655466.
checkpoint_e33 window_influence: 0.48165553606177569, penalty_k: 0.18686409030039708, scale_lr: 0.65977957581597391, EAO: 0.340
Trial 332 finished with value: 0.3402062094397118 and parameters: {'window_influence': 0.4816555360617757, 'penalty_k': 0.18686409030039708, 'scale_lr': 0.6597795758159739}. Best is trial 310 with value: 0.36774729812655466.
checkpoint_e33 window_influence: 0.46300106386795609, penalty_k: 0.27989799234790769, scale_lr: 0.50741465953055864, EAO: 0.338
Trial 333 finished with value: 0.3377580705319861 and parameters: {'window_influence': 0.4630010638679561, 'penalty_k': 0.2798979923479077, 'scale_lr': 0.5074146595305586}. Best is trial 310 with value: 0.36774729812655466.
checkpoint_e33 window_influence: 0.52688122722102682, penalty_k: 0.08641106462046100, scale_lr: 0.40111924951395944, EAO: 0.315
Trial 334 finished with value: 0.3151551319235494 and parameters: {'window_influence': 0.5268812272210268, 'penalty_k': 0.086411064620461, 'scale_lr': 0.40111924951395944}. Best is trial 310 with value: 0.36774729812655466.
checkpoint_e33 window_influence: 0.39194604177340092, penalty_k: 0.38959265410001431, scale_lr: 0.49948215969906817, EAO: 0.312
Trial 335 finished with value: 0.31167717747651186 and parameters: {'window_influence': 0.3919460417734009, 'penalty_k': 0.3895926541000143, 'scale_lr': 0.4994821596990682}. Best is trial 310 with value: 0.36774729812655466.
checkpoint_e33 window_influence: 0.45755363917450187, penalty_k: 0.47394040267866355, scale_lr: 0.45578822119912032, EAO: 0.339
Trial 336 finished with value: 0.3388183820804269 and parameters: {'window_influence': 0.45755363917450187, 'penalty_k': 0.47394040267866355, 'scale_lr': 0.4557882211991203}. Best is trial 310 with value: 0.36774729812655466.
checkpoint_e33 window_influence: 0.43318918230770731, penalty_k: 0.53391589276116680, scale_lr: 0.19208496555204585, EAO: 0.314
Trial 337 finished with value: 0.31383755890079973 and parameters: {'window_influence': 0.4331891823077073, 'penalty_k': 0.5339158927611668, 'scale_lr': 0.19208496555204585}. Best is trial 310 with value: 0.36774729812655466.
checkpoint_e33 window_influence: 0.47963275181589471, penalty_k: 0.37759683784272269, scale_lr: 0.41679249247933853, EAO: 0.323
Trial 338 finished with value: 0.32292017549392316 and parameters: {'window_influence': 0.4796327518158947, 'penalty_k': 0.3775968378427227, 'scale_lr': 0.4167924924793385}. Best is trial 310 with value: 0.36774729812655466.
checkpoint_e33 window_influence: 0.51652299550463698, penalty_k: 0.24136502182789282, scale_lr: 0.42332810383567487, EAO: 0.307
Trial 339 finished with value: 0.30714878103612464 and parameters: {'window_influence': 0.516522995504637, 'penalty_k': 0.24136502182789282, 'scale_lr': 0.4233281038356749}. Best is trial 310 with value: 0.36774729812655466.
checkpoint_e33 window_influence: 0.37779814099610121, penalty_k: 0.22713943036678838, scale_lr: 0.76937677404495664, EAO: 0.309
Trial 340 finished with value: 0.30852432821511294 and parameters: {'window_influence': 0.3777981409961012, 'penalty_k': 0.22713943036678838, 'scale_lr': 0.7693767740449566}. Best is trial 310 with value: 0.36774729812655466.
checkpoint_e33 window_influence: 0.44868441570364964, penalty_k: 0.50676892754570335, scale_lr: 0.33707530355190651, EAO: 0.307
Trial 341 finished with value: 0.3072551517866929 and parameters: {'window_influence': 0.44868441570364964, 'penalty_k': 0.5067689275457034, 'scale_lr': 0.3370753035519065}. Best is trial 310 with value: 0.36774729812655466.
checkpoint_e33 window_influence: 0.42195296593163123, penalty_k: 0.39754233335952044, scale_lr: 0.58047491642856663, EAO: 0.333
Trial 342 finished with value: 0.33305599902854355 and parameters: {'window_influence': 0.42195296593163123, 'penalty_k': 0.39754233335952044, 'scale_lr': 0.5804749164285666}. Best is trial 310 with value: 0.36774729812655466.
checkpoint_e33 window_influence: 0.46898508449619186, penalty_k: 0.25993963416342508, scale_lr: 0.25672082849725258, EAO: 0.323
Trial 343 finished with value: 0.3230735103559865 and parameters: {'window_influence': 0.46898508449619186, 'penalty_k': 0.2599396341634251, 'scale_lr': 0.2567208284972526}. Best is trial 310 with value: 0.36774729812655466.
checkpoint_e33 window_influence: 0.49414579909114387, penalty_k: 0.42370345103153378, scale_lr: 0.73748020321033814, EAO: 0.302
Trial 344 finished with value: 0.3019213621950335 and parameters: {'window_influence': 0.49414579909114387, 'penalty_k': 0.4237034510315338, 'scale_lr': 0.7374802032103381}. Best is trial 310 with value: 0.36774729812655466.
checkpoint_e33 window_influence: 0.40241534396159145, penalty_k: 0.45764753436448224, scale_lr: 0.44325501754622487, EAO: 0.341
Trial 345 finished with value: 0.34068686767310946 and parameters: {'window_influence': 0.40241534396159145, 'penalty_k': 0.45764753436448224, 'scale_lr': 0.44325501754622487}. Best is trial 310 with value: 0.36774729812655466.
checkpoint_e33 window_influence: 0.58579662400000354, penalty_k: 0.20824416975103668, scale_lr: 0.74365272213716205, EAO: 0.252
