Trial 392 finished with value: 0.32267043052480376 and parameters: {'window_influence': 0.46166477227461816, 'penalty_k': 0.39573319867719237, 'scale_lr': 0.6482210187924569}. Best is trial 164 with value: 0.3660086329577034.
checkpoint_e29 window_influence: 0.35980590428532649, penalty_k: 0.37028345905303772, scale_lr: 0.61306359004535127, EAO: 0.320
Trial 393 finished with value: 0.32047583116399636 and parameters: {'window_influence': 0.3598059042853265, 'penalty_k': 0.3702834590530377, 'scale_lr': 0.6130635900453513}. Best is trial 164 with value: 0.3660086329577034.
checkpoint_e29 window_influence: 0.51339412527944217, penalty_k: 0.38460016240268069, scale_lr: 0.63498525985861864, EAO: 0.310
Trial 394 finished with value: 0.3103037805872669 and parameters: {'window_influence': 0.5133941252794422, 'penalty_k': 0.3846001624026807, 'scale_lr': 0.6349852598586186}. Best is trial 164 with value: 0.3660086329577034.
checkpoint_e29 window_influence: 0.40053955608844877, penalty_k: 0.32812864559618987, scale_lr: 0.68780186847128211, EAO: 0.320
Trial 395 finished with value: 0.31984787454632935 and parameters: {'window_influence': 0.40053955608844877, 'penalty_k': 0.32812864559618987, 'scale_lr': 0.6878018684712821}. Best is trial 164 with value: 0.3660086329577034.
checkpoint_e29 window_influence: 0.38687805632977168, penalty_k: 0.36182632463339237, scale_lr: 0.75808590624205840, EAO: 0.336
Trial 396 finished with value: 0.3362722941873602 and parameters: {'window_influence': 0.3868780563297717, 'penalty_k': 0.36182632463339237, 'scale_lr': 0.7580859062420584}. Best is trial 164 with value: 0.3660086329577034.
checkpoint_e29 window_influence: 0.40836799822541914, penalty_k: 0.34672421312610208, scale_lr: 0.72940580237632691, EAO: 0.324
Trial 397 finished with value: 0.3244547109311657 and parameters: {'window_influence': 0.40836799822541914, 'penalty_k': 0.3467242131261021, 'scale_lr': 0.7294058023763269}. Best is trial 164 with value: 0.3660086329577034.
checkpoint_e29 window_influence: 0.44482647457351970, penalty_k: 0.40522796067835087, scale_lr: 0.79916357060858889, EAO: 0.344
Trial 398 finished with value: 0.34368367684490486 and parameters: {'window_influence': 0.4448264745735197, 'penalty_k': 0.4052279606783509, 'scale_lr': 0.7991635706085889}. Best is trial 164 with value: 0.3660086329577034.
checkpoint_e29 window_influence: 0.37659697757160843, penalty_k: 0.38218624712979132, scale_lr: 0.56610553472259961, EAO: 0.323
Trial 399 finished with value: 0.3230140772774989 and parameters: {'window_influence': 0.3765969775716084, 'penalty_k': 0.3821862471297913, 'scale_lr': 0.5661055347225996}. Best is trial 164 with value: 0.3660086329577034.
checkpoint_e29 window_influence: 0.42366020208180477, penalty_k: 0.36721898695903932, scale_lr: 0.59800271744382982, EAO: 0.337
Trial 400 finished with value: 0.33652943233571625 and parameters: {'window_influence': 0.42366020208180477, 'penalty_k': 0.3672189869590393, 'scale_lr': 0.5980027174438298}. Best is trial 164 with value: 0.3660086329577034.
checkpoint_e29 window_influence: 0.10736070746430879, penalty_k: 0.31206783788457793, scale_lr: 0.62130334239034424, EAO: 0.257
Trial 401 finished with value: 0.2571248543169712 and parameters: {'window_influence': 0.10736070746430879, 'penalty_k': 0.3120678378845779, 'scale_lr': 0.6213033423903442}. Best is trial 164 with value: 0.3660086329577034.
checkpoint_e29 window_influence: 0.58365006661782948, penalty_k: 0.28373788393731858, scale_lr: 0.53223564382996003, EAO: 0.252
Trial 402 finished with value: 0.2517623303001493 and parameters: {'window_influence': 0.5836500666178295, 'penalty_k': 0.2837378839373186, 'scale_lr': 0.53223564382996}. Best is trial 164 with value: 0.3660086329577034.
checkpoint_e29 window_influence: 0.48333306258928266, penalty_k: 0.39654022801442679, scale_lr: 0.58203274446871311, EAO: 0.310
Trial 403 finished with value: 0.31037429427358426 and parameters: {'window_influence': 0.48333306258928266, 'penalty_k': 0.3965402280144268, 'scale_lr': 0.5820327444687131}. Best is trial 164 with value: 0.3660086329577034.
checkpoint_e29 window_influence: 0.45651102936989341, penalty_k: 0.23918071456695161, scale_lr: 0.65991028991891565, EAO: 0.319
Trial 404 finished with value: 0.31921008867048567 and parameters: {'window_influence': 0.4565110293698934, 'penalty_k': 0.2391807145669516, 'scale_lr': 0.6599102899189156}. Best is trial 164 with value: 0.3660086329577034.
checkpoint_e29 window_influence: 0.50373813740946427, penalty_k: 0.35437841910742640, scale_lr: 0.60888635279206393, EAO: 0.302
Trial 405 finished with value: 0.3021207109731459 and parameters: {'window_influence': 0.5037381374094643, 'penalty_k': 0.3543784191074264, 'scale_lr': 0.6088863527920639}. Best is trial 164 with value: 0.3660086329577034.
checkpoint_e29 window_influence: 0.61012194243791118, penalty_k: 0.03867833216479510, scale_lr: 0.77312645648451195, EAO: 0.254
Trial 406 finished with value: 0.25355098648757785 and parameters: {'window_influence': 0.6101219424379112, 'penalty_k': 0.038678332164795104, 'scale_lr': 0.773126456484512}. Best is trial 164 with value: 0.3660086329577034.
checkpoint_e29 window_influence: 0.39172202754466551, penalty_k: 0.37527945656287098, scale_lr: 0.64584409123081410, EAO: 0.302
Trial 407 finished with value: 0.30194143487089803 and parameters: {'window_influence': 0.3917220275446655, 'penalty_k': 0.375279456562871, 'scale_lr': 0.6458440912308141}. Best is trial 164 with value: 0.3660086329577034.
checkpoint_e29 window_influence: 0.41202051832694275, penalty_k: 0.52062834846319239, scale_lr: 0.74272727665015559, EAO: 0.315
Trial 408 finished with value: 0.31480477019738595 and parameters: {'window_influence': 0.41202051832694275, 'penalty_k': 0.5206283484631924, 'scale_lr': 0.7427272766501556}. Best is trial 164 with value: 0.3660086329577034.
checkpoint_e29 window_influence: 0.44144885868269368, penalty_k: 0.34244672127881920, scale_lr: 0.67106151333971087, EAO: 0.348
Trial 409 finished with value: 0.3482548992225632 and parameters: {'window_influence': 0.4414488586826937, 'penalty_k': 0.3424467212788192, 'scale_lr': 0.6710615133397109}. Best is trial 164 with value: 0.3660086329577034.
checkpoint_e29 window_influence: 0.44272285486813262, penalty_k: 0.34321390244195032, scale_lr: 0.66881563788064391, EAO: 0.332
Trial 410 finished with value: 0.3323703213424534 and parameters: {'window_influence': 0.4427228548681326, 'penalty_k': 0.3432139024419503, 'scale_lr': 0.6688156378806439}. Best is trial 164 with value: 0.3660086329577034.
checkpoint_e29 window_influence: 0.46231950078074469, penalty_k: 0.35620369703092297, scale_lr: 0.63854531737092712, EAO: 0.318
Trial 411 finished with value: 0.3176082639378796 and parameters: {'window_influence': 0.4623195007807447, 'penalty_k': 0.35620369703092297, 'scale_lr': 0.6385453173709271}. Best is trial 164 with value: 0.3660086329577034.
checkpoint_e29 window_influence: 0.35684591746582012, penalty_k: 0.38589227407986487, scale_lr: 0.62702176314058267, EAO: 0.350
Trial 412 finished with value: 0.3502011415095645 and parameters: {'window_influence': 0.3568459174658201, 'penalty_k': 0.38589227407986487, 'scale_lr': 0.6270217631405827}. Best is trial 164 with value: 0.3660086329577034.
checkpoint_e29 window_influence: 0.34448468847912178, penalty_k: 0.41163860082968773, scale_lr: 0.65606234115946860, EAO: 0.330
Trial 413 finished with value: 0.3303060834277929 and parameters: {'window_influence': 0.3444846884791218, 'penalty_k': 0.41163860082968773, 'scale_lr': 0.6560623411594686}. Best is trial 164 with value: 0.3660086329577034.
checkpoint_e29 window_influence: 0.36570223460473805, penalty_k: 0.33406054648094169, scale_lr: 0.62779248308200031, EAO: 0.333
Trial 414 finished with value: 0.333436924195939 and parameters: {'window_influence': 0.36570223460473805, 'penalty_k': 0.3340605464809417, 'scale_lr': 0.6277924830820003}. Best is trial 164 with value: 0.3660086329577034.
checkpoint_e29 window_influence: 0.35346591194722249, penalty_k: 0.38921495135271744, scale_lr: 0.71274047144344155, EAO: 0.352
Trial 415 finished with value: 0.3516463154948639 and parameters: {'window_influence': 0.3534659119472225, 'penalty_k': 0.38921495135271744, 'scale_lr': 0.7127404714434415}. Best is trial 164 with value: 0.3660086329577034.
checkpoint_e29 window_influence: 0.34630443496181029, penalty_k: 0.36630215092704649, scale_lr: 0.70769143569681847, EAO: 0.322
Trial 416 finished with value: 0.32178343594770026 and parameters: {'window_influence': 0.3463044349618103, 'penalty_k': 0.3663021509270465, 'scale_lr': 0.7076914356968185}. Best is trial 164 with value: 0.3660086329577034.
checkpoint_e29 window_influence: 0.35468477393405740, penalty_k: 0.38475116600700621, scale_lr: 0.67436127074443586, EAO: 0.337
Trial 417 finished with value: 0.3371864342735899 and parameters: {'window_influence': 0.3546847739340574, 'penalty_k': 0.3847511660070062, 'scale_lr': 0.6743612707444359}. Best is trial 164 with value: 0.3660086329577034.
checkpoint_e29 window_influence: 0.33283009672226072, penalty_k: 0.21169282503396492, scale_lr: 0.13714184192142326, EAO: 0.326
Trial 418 finished with value: 0.3255428733296895 and parameters: {'window_influence': 0.3328300967222607, 'penalty_k': 0.21169282503396492, 'scale_lr': 0.13714184192142326}. Best is trial 164 with value: 0.3660086329577034.
checkpoint_e29 window_influence: 0.31869016803115247, penalty_k: 0.39204603879031524, scale_lr: 0.69458590261277242, EAO: 0.312
Trial 419 finished with value: 0.3116904591076105 and parameters: {'window_influence': 0.31869016803115247, 'penalty_k': 0.39204603879031524, 'scale_lr': 0.6945859026127724}. Best is trial 164 with value: 0.3660086329577034.
checkpoint_e29 window_influence: 0.35225462976099187, penalty_k: 0.42700643660886561, scale_lr: 0.64664415413200016, EAO: 0.315
Trial 420 finished with value: 0.314551961097272 and parameters: {'window_influence': 0.35225462976099187, 'penalty_k': 0.4270064366088656, 'scale_lr': 0.6466441541320002}. Best is trial 164 with value: 0.3660086329577034.
checkpoint_e29 window_influence: 0.35859590390432533, penalty_k: 0.37360484074102257, scale_lr: 0.75169337581482987, EAO: 0.352
Trial 421 finished with value: 0.3522631266237697 and parameters: {'window_influence': 0.35859590390432533, 'penalty_k': 0.37360484074102257, 'scale_lr': 0.7516933758148299}. Best is trial 164 with value: 0.3660086329577034.
checkpoint_e29 window_influence: 0.35986115247979400, penalty_k: 0.06251324882458892, scale_lr: 0.74741919433313508, EAO: 0.320
Trial 422 finished with value: 0.3204531577426636 and parameters: {'window_influence': 0.359861152479794, 'penalty_k': 0.06251324882458892, 'scale_lr': 0.7474191943331351}. Best is trial 164 with value: 0.3660086329577034.
checkpoint_e29 window_influence: 0.34660714261635789, penalty_k: 0.40248511819692717, scale_lr: 0.72127751382406413, EAO: 0.319
Trial 423 finished with value: 0.3187834684255058 and parameters: {'window_influence': 0.3466071426163579, 'penalty_k': 0.40248511819692717, 'scale_lr': 0.7212775138240641}. Best is trial 164 with value: 0.3660086329577034.
checkpoint_e29 window_influence: 0.33645494340396875, penalty_k: 0.37145898681072009, scale_lr: 0.77942954310231005, EAO: 0.318
Trial 424 finished with value: 0.3176300906601583 and parameters: {'window_influence': 0.33645494340396875, 'penalty_k': 0.3714589868107201, 'scale_lr': 0.77942954310231}. Best is trial 164 with value: 0.3660086329577034.
checkpoint_e29 window_influence: 0.36786175403978449, penalty_k: 0.38070135054961263, scale_lr: 0.26280561809060410, EAO: 0.297
Trial 425 finished with value: 0.29677845989915647 and parameters: {'window_influence': 0.3678617540397845, 'penalty_k': 0.3807013505496126, 'scale_lr': 0.2628056180906041}. Best is trial 164 with value: 0.3660086329577034.
checkpoint_e29 window_influence: 0.05637652499794343, penalty_k: 0.26956543252294435, scale_lr: 0.75968917070260644, EAO: 0.239
Trial 426 finished with value: 0.2394753183720177 and parameters: {'window_influence': 0.056376524997943434, 'penalty_k': 0.26956543252294435, 'scale_lr': 0.7596891707026064}. Best is trial 164 with value: 0.3660086329577034.
checkpoint_e29 window_influence: 0.35649331594100298, penalty_k: 0.46828759590207847, scale_lr: 0.70475544467896334, EAO: 0.327
Trial 427 finished with value: 0.32740204129005684 and parameters: {'window_influence': 0.356493315941003, 'penalty_k': 0.46828759590207847, 'scale_lr': 0.7047554446789633}. Best is trial 164 with value: 0.3660086329577034.
checkpoint_e29 window_influence: 0.37844079647413204, penalty_k: 0.41489314379654435, scale_lr: 0.75111282253279443, EAO: 0.363
Trial 428 finished with value: 0.3634903761431401 and parameters: {'window_influence': 0.37844079647413204, 'penalty_k': 0.41489314379654435, 'scale_lr': 0.7511128225327944}. Best is trial 164 with value: 0.3660086329577034.
checkpoint_e29 window_influence: 0.36752333784559466, penalty_k: 0.41160645775387383, scale_lr: 0.76487399593659744, EAO: 0.318
Trial 429 finished with value: 0.3179537147747403 and parameters: {'window_influence': 0.36752333784559466, 'penalty_k': 0.41160645775387383, 'scale_lr': 0.7648739959365974}. Best is trial 164 with value: 0.3660086329577034.
checkpoint_e29 window_influence: 0.37483468372071277, penalty_k: 0.42354767821069433, scale_lr: 0.73550153998616707, EAO: 0.313
Trial 430 finished with value: 0.31278340240164954 and parameters: {'window_influence': 0.37483468372071277, 'penalty_k': 0.42354767821069433, 'scale_lr': 0.7355015399861671}. Best is trial 164 with value: 0.3660086329577034.
checkpoint_e29 window_influence: 0.32652181072695630, penalty_k: 0.44520982895997374, scale_lr: 0.74827409031707848, EAO: 0.313
Trial 431 finished with value: 0.3132887847924511 and parameters: {'window_influence': 0.3265218107269563, 'penalty_k': 0.44520982895997374, 'scale_lr': 0.7482740903170785}. Best is trial 164 with value: 0.3660086329577034.
checkpoint_e29 window_influence: 0.33465327578438986, penalty_k: 0.12769908990708642, scale_lr: 0.77993990399666502, EAO: 0.315
Trial 432 finished with value: 0.31465440205794826 and parameters: {'window_influence': 0.33465327578438986, 'penalty_k': 0.12769908990708642, 'scale_lr': 0.779939903996665}. Best is trial 164 with value: 0.3660086329577034.
checkpoint_e29 window_influence: 0.36102791330061174, penalty_k: 0.40103448021461530, scale_lr: 0.75039499067635274, EAO: 0.356
Trial 433 finished with value: 0.3555842077917626 and parameters: {'window_influence': 0.36102791330061174, 'penalty_k': 0.4010344802146153, 'scale_lr': 0.7503949906763527}. Best is trial 164 with value: 0.3660086329577034.
checkpoint_e29 window_influence: 0.36431139884776731, penalty_k: 0.43037345168571162, scale_lr: 0.76421301358514360, EAO: 0.331
Trial 434 finished with value: 0.33057162559913755 and parameters: {'window_influence': 0.3643113988477673, 'penalty_k': 0.4303734516857116, 'scale_lr': 0.7642130135851436}. Best is trial 164 with value: 0.3660086329577034.
checkpoint_e29 window_influence: 0.35480346019196540, penalty_k: 0.41241282069502988, scale_lr: 0.71280883797955819, EAO: 0.345
Trial 435 finished with value: 0.3448230962808958 and parameters: {'window_influence': 0.3548034601919654, 'penalty_k': 0.4124128206950299, 'scale_lr': 0.7128088379795582}. Best is trial 164 with value: 0.3660086329577034.
checkpoint_e29 window_influence: 0.32325706715667113, penalty_k: 0.39827791525030343, scale_lr: 0.75082071486233481, EAO: 0.306
Trial 436 finished with value: 0.3057191458309671 and parameters: {'window_influence': 0.32325706715667113, 'penalty_k': 0.3982779152503034, 'scale_lr': 0.7508207148623348}. Best is trial 164 with value: 0.3660086329577034.
checkpoint_e29 window_influence: 0.37540914942174020, penalty_k: 0.40553107089523199, scale_lr: 0.73024882135563840, EAO: 0.333
Trial 437 finished with value: 0.3334217359119816 and parameters: {'window_influence': 0.3754091494217402, 'penalty_k': 0.405531070895232, 'scale_lr': 0.7302488213556384}. Best is trial 164 with value: 0.3660086329577034.
checkpoint_e29 window_influence: 0.29922851889704022, penalty_k: 0.08620214691175226, scale_lr: 0.75371509778220169, EAO: 0.312
Trial 438 finished with value: 0.3121168545016055 and parameters: {'window_influence': 0.2992285188970402, 'penalty_k': 0.08620214691175226, 'scale_lr': 0.7537150977822017}. Best is trial 164 with value: 0.3660086329577034.
checkpoint_e29 window_influence: 0.34751220667195332, penalty_k: 0.42171896389795044, scale_lr: 0.72970654803131840, EAO: 0.322
Trial 439 finished with value: 0.32198989043439874 and parameters: {'window_influence': 0.3475122066719533, 'penalty_k': 0.42171896389795044, 'scale_lr': 0.7297065480313184}. Best is trial 164 with value: 0.3660086329577034.
checkpoint_e29 window_influence: 0.34285288804537395, penalty_k: 0.39799631845753813, scale_lr: 0.73744159563199108, EAO: 0.323
Trial 440 finished with value: 0.32341776944783873 and parameters: {'window_influence': 0.34285288804537395, 'penalty_k': 0.39799631845753813, 'scale_lr': 0.7374415956319911}. Best is trial 164 with value: 0.3660086329577034.
checkpoint_e29 window_influence: 0.35706441802096017, penalty_k: 0.41492247496999413, scale_lr: 0.76420927495137059, EAO: 0.338
Trial 441 finished with value: 0.3382339603938017 and parameters: {'window_influence': 0.3570644180209602, 'penalty_k': 0.4149224749699941, 'scale_lr': 0.7642092749513706}. Best is trial 164 with value: 0.3660086329577034.
checkpoint_e29 window_influence: 0.36590378033788734, penalty_k: 0.44135014594023680, scale_lr: 0.78605179585253537, EAO: 0.320
Trial 442 finished with value: 0.32026826946883813 and parameters: {'window_influence': 0.36590378033788734, 'penalty_k': 0.4413501459402368, 'scale_lr': 0.7860517958525354}. Best is trial 164 with value: 0.3660086329577034.
checkpoint_e29 window_influence: 0.38213281919948761, penalty_k: 0.39742334634122778, scale_lr: 0.74940873250243956, EAO: 0.327
Trial 443 finished with value: 0.327477785515878 and parameters: {'window_influence': 0.3821328191994876, 'penalty_k': 0.3974233463412278, 'scale_lr': 0.7494087325024396}. Best is trial 164 with value: 0.3660086329577034.
checkpoint_e29 window_influence: 0.33886222229816865, penalty_k: 0.39013740959990928, scale_lr: 0.71832621560130150, EAO: 0.351
Trial 444 finished with value: 0.3507051405275842 and parameters: {'window_influence': 0.33886222229816865, 'penalty_k': 0.3901374095999093, 'scale_lr': 0.7183262156013015}. Best is trial 164 with value: 0.3660086329577034.
checkpoint_e29 window_influence: 0.32380608411791217, penalty_k: 0.38727599518906158, scale_lr: 0.77549125721414625, EAO: 0.310
Trial 445 finished with value: 0.31012788635283595 and parameters: {'window_influence': 0.3238060841179122, 'penalty_k': 0.3872759951890616, 'scale_lr': 0.7754912572141462}. Best is trial 164 with value: 0.3660086329577034.
checkpoint_e29 window_influence: 0.35082754896089402, penalty_k: 0.40713157557011065, scale_lr: 0.45683284502627886, EAO: 0.326
Trial 446 finished with value: 0.32576761142521055 and parameters: {'window_influence': 0.350827548960894, 'penalty_k': 0.40713157557011065, 'scale_lr': 0.45683284502627886}. Best is trial 164 with value: 0.3660086329577034.
checkpoint_e29 window_influence: 0.34056062865841452, penalty_k: 0.39147686551294320, scale_lr: 0.71430602808205068, EAO: 0.317
Trial 447 finished with value: 0.31720774733834695 and parameters: {'window_influence': 0.3405606286584145, 'penalty_k': 0.3914768655129432, 'scale_lr': 0.7143060280820507}. Best is trial 164 with value: 0.3660086329577034.
checkpoint_e29 window_influence: 0.27668024063931401, penalty_k: 0.38360079821628190, scale_lr: 0.10402807517924845, EAO: 0.294
Trial 448 finished with value: 0.29404521574074194 and parameters: {'window_influence': 0.276680240639314, 'penalty_k': 0.3836007982162819, 'scale_lr': 0.10402807517924845}. Best is trial 164 with value: 0.3660086329577034.
checkpoint_e29 window_influence: 0.34106120631394271, penalty_k: 0.40013370092358863, scale_lr: 0.71663580064017807, EAO: 0.326
Trial 449 finished with value: 0.3256066217728626 and parameters: {'window_influence': 0.3410612063139427, 'penalty_k': 0.40013370092358863, 'scale_lr': 0.7166358006401781}. Best is trial 164 with value: 0.3660086329577034.
checkpoint_e29 window_influence: 0.36548794172087856, penalty_k: 0.38621056751600691, scale_lr: 0.74462291053756302, EAO: 0.345
Trial 450 finished with value: 0.34544540344509167 and parameters: {'window_influence': 0.36548794172087856, 'penalty_k': 0.3862105675160069, 'scale_lr': 0.744622910537563}. Best is trial 164 with value: 0.3660086329577034.
checkpoint_e29 window_influence: 0.33457312088760316, penalty_k: 0.41748085257568252, scale_lr: 0.73384981417570327, EAO: 0.313
Trial 451 finished with value: 0.31303861876406097 and parameters: {'window_influence': 0.33457312088760316, 'penalty_k': 0.4174808525756825, 'scale_lr': 0.7338498141757033}. Best is trial 164 with value: 0.3660086329577034.
checkpoint_e29 window_influence: 0.47158658578285068, penalty_k: 0.22980992139268230, scale_lr: 0.50312952105252062, EAO: 0.336
Trial 452 finished with value: 0.3363698531913386 and parameters: {'window_influence': 0.4715865857828507, 'penalty_k': 0.2298099213926823, 'scale_lr': 0.5031295210525206}. Best is trial 164 with value: 0.3660086329577034.
checkpoint_e29 window_influence: 0.30765608686854184, penalty_k: 0.43521405392282253, scale_lr: 0.69734313103844370, EAO: 0.334
Trial 453 finished with value: 0.3340314321712761 and parameters: {'window_influence': 0.30765608686854184, 'penalty_k': 0.43521405392282253, 'scale_lr': 0.6973431310384437}. Best is trial 164 with value: 0.3660086329577034.
checkpoint_e29 window_influence: 0.37409927278059923, penalty_k: 0.38174924496867774, scale_lr: 0.74762743801288989, EAO: 0.329
