Trial 372 finished with value: 0.3129326369511942 and parameters: {'window_influence': 0.474589002374828, 'penalty_k': 0.06086157661993967, 'scale_lr': 0.30840283226335635}. Best is trial 97 with value: 0.3587390516054769.
checkpoint_e22 window_influence: 0.54233895390034947, penalty_k: 0.10005039760214871, scale_lr: 0.26148435683897231, EAO: 0.311
Trial 373 finished with value: 0.31112557174166816 and parameters: {'window_influence': 0.5423389539003495, 'penalty_k': 0.1000503976021487, 'scale_lr': 0.2614843568389723}. Best is trial 97 with value: 0.3587390516054769.
checkpoint_e22 window_influence: 0.51282309195470277, penalty_k: 0.12602490224073526, scale_lr: 0.22271787989041136, EAO: 0.318
Trial 374 finished with value: 0.3178867214152785 and parameters: {'window_influence': 0.5128230919547028, 'penalty_k': 0.12602490224073526, 'scale_lr': 0.22271787989041136}. Best is trial 97 with value: 0.3587390516054769.
checkpoint_e22 window_influence: 0.40926374941648458, penalty_k: 0.15694201409835287, scale_lr: 0.18587752471922461, EAO: 0.301
Trial 375 finished with value: 0.3009481670095763 and parameters: {'window_influence': 0.4092637494164846, 'penalty_k': 0.15694201409835287, 'scale_lr': 0.1858775247192246}. Best is trial 97 with value: 0.3587390516054769.
checkpoint_e22 window_influence: 0.48004390648976819, penalty_k: 0.11568086410414002, scale_lr: 0.28414456680635236, EAO: 0.354
Trial 376 finished with value: 0.3535771688830528 and parameters: {'window_influence': 0.4800439064897682, 'penalty_k': 0.11568086410414002, 'scale_lr': 0.28414456680635236}. Best is trial 97 with value: 0.3587390516054769.
checkpoint_e22 window_influence: 0.50145926785764550, penalty_k: 0.14501428898466692, scale_lr: 0.28409919318282162, EAO: 0.322
Trial 377 finished with value: 0.32150930119859567 and parameters: {'window_influence': 0.5014592678576455, 'penalty_k': 0.14501428898466692, 'scale_lr': 0.2840991931828216}. Best is trial 97 with value: 0.3587390516054769.
checkpoint_e22 window_influence: 0.48565881475961559, penalty_k: 0.11449406794115767, scale_lr: 0.26709683898448749, EAO: 0.341
Trial 378 finished with value: 0.3412585146000413 and parameters: {'window_influence': 0.4856588147596156, 'penalty_k': 0.11449406794115767, 'scale_lr': 0.2670968389844875}. Best is trial 97 with value: 0.3587390516054769.
checkpoint_e22 window_influence: 0.49106386345029152, penalty_k: 0.11863820542122502, scale_lr: 0.23892955402715843, EAO: 0.326
Trial 379 finished with value: 0.32622251621943965 and parameters: {'window_influence': 0.4910638634502915, 'penalty_k': 0.11863820542122502, 'scale_lr': 0.23892955402715843}. Best is trial 97 with value: 0.3587390516054769.
checkpoint_e22 window_influence: 0.47997979622345111, penalty_k: 0.13745401171015975, scale_lr: 0.14660828561144218, EAO: 0.321
Trial 380 finished with value: 0.3213694903869109 and parameters: {'window_influence': 0.4799797962234511, 'penalty_k': 0.13745401171015975, 'scale_lr': 0.14660828561144218}. Best is trial 97 with value: 0.3587390516054769.
checkpoint_e22 window_influence: 0.57715345405834817, penalty_k: 0.12750653431284917, scale_lr: 0.26221754471699676, EAO: 0.277
Trial 381 finished with value: 0.27706063709834206 and parameters: {'window_influence': 0.5771534540583482, 'penalty_k': 0.12750653431284917, 'scale_lr': 0.26221754471699676}. Best is trial 97 with value: 0.3587390516054769.
checkpoint_e22 window_influence: 0.48784822888095120, penalty_k: 0.26989124842737988, scale_lr: 0.42028496417463634, EAO: 0.317
Trial 382 finished with value: 0.31726229167633946 and parameters: {'window_influence': 0.4878482288809512, 'penalty_k': 0.2698912484273799, 'scale_lr': 0.42028496417463634}. Best is trial 97 with value: 0.3587390516054769.
checkpoint_e22 window_influence: 0.50726586971218179, penalty_k: 0.11539942811885770, scale_lr: 0.25139310501622325, EAO: 0.313
Trial 383 finished with value: 0.3132475656873985 and parameters: {'window_influence': 0.5072658697121818, 'penalty_k': 0.1153994281188577, 'scale_lr': 0.25139310501622325}. Best is trial 97 with value: 0.3587390516054769.
checkpoint_e22 window_influence: 0.47550717821111216, penalty_k: 0.42140611827712859, scale_lr: 0.29727401785267721, EAO: 0.310
Trial 384 finished with value: 0.30983075476342137 and parameters: {'window_influence': 0.47550717821111216, 'penalty_k': 0.4214061182771286, 'scale_lr': 0.2972740178526772}. Best is trial 97 with value: 0.3587390516054769.
checkpoint_e22 window_influence: 0.49214886937204666, penalty_k: 0.27896556014770990, scale_lr: 0.31075605278324836, EAO: 0.296
Trial 385 finished with value: 0.29621071023467915 and parameters: {'window_influence': 0.49214886937204666, 'penalty_k': 0.2789655601477099, 'scale_lr': 0.31075605278324836}. Best is trial 97 with value: 0.3587390516054769.
checkpoint_e22 window_influence: 0.53143424245598048, penalty_k: 0.08821727002488358, scale_lr: 0.32347591921084706, EAO: 0.307
Trial 386 finished with value: 0.30730673195323127 and parameters: {'window_influence': 0.5314342424559805, 'penalty_k': 0.08821727002488358, 'scale_lr': 0.32347591921084706}. Best is trial 97 with value: 0.3587390516054769.
checkpoint_e22 window_influence: 0.50095354641468559, penalty_k: 0.11207727776368913, scale_lr: 0.27329770679402582, EAO: 0.335
Trial 387 finished with value: 0.33454479746781435 and parameters: {'window_influence': 0.5009535464146856, 'penalty_k': 0.11207727776368913, 'scale_lr': 0.2732977067940258}. Best is trial 97 with value: 0.3587390516054769.
checkpoint_e22 window_influence: 0.51959003534849602, penalty_k: 0.04249360952554675, scale_lr: 0.17129168081369128, EAO: 0.322
Trial 388 finished with value: 0.3217844425008455 and parameters: {'window_influence': 0.519590035348496, 'penalty_k': 0.042493609525546754, 'scale_lr': 0.17129168081369128}. Best is trial 97 with value: 0.3587390516054769.
checkpoint_e22 window_influence: 0.47162882066307465, penalty_k: 0.07248123660697803, scale_lr: 0.28634407551283836, EAO: 0.334
Trial 389 finished with value: 0.33388813495172137 and parameters: {'window_influence': 0.47162882066307465, 'penalty_k': 0.07248123660697803, 'scale_lr': 0.28634407551283836}. Best is trial 97 with value: 0.3587390516054769.
checkpoint_e22 window_influence: 0.48244883172793890, penalty_k: 0.21410616507423944, scale_lr: 0.30517459086191179, EAO: 0.302
Trial 390 finished with value: 0.30236789758103366 and parameters: {'window_influence': 0.4824488317279389, 'penalty_k': 0.21410616507423944, 'scale_lr': 0.3051745908619118}. Best is trial 97 with value: 0.3587390516054769.
checkpoint_e22 window_influence: 0.46707414196147146, penalty_k: 0.10495552490612102, scale_lr: 0.12194924254945125, EAO: 0.317
Trial 391 finished with value: 0.31668274156778237 and parameters: {'window_influence': 0.46707414196147146, 'penalty_k': 0.10495552490612102, 'scale_lr': 0.12194924254945125}. Best is trial 97 with value: 0.3587390516054769.
checkpoint_e22 window_influence: 0.48305712531931105, penalty_k: 0.45967257534003003, scale_lr: 0.70709831206409546, EAO: 0.307
Trial 392 finished with value: 0.3071616940229319 and parameters: {'window_influence': 0.48305712531931105, 'penalty_k': 0.45967257534003003, 'scale_lr': 0.7070983120640955}. Best is trial 97 with value: 0.3587390516054769.
checkpoint_e22 window_influence: 0.39923630529090826, penalty_k: 0.13188954499910988, scale_lr: 0.23552828669206974, EAO: 0.316
Trial 393 finished with value: 0.31590673907257705 and parameters: {'window_influence': 0.39923630529090826, 'penalty_k': 0.13188954499910988, 'scale_lr': 0.23552828669206974}. Best is trial 97 with value: 0.3587390516054769.
checkpoint_e22 window_influence: 0.44828364988464525, penalty_k: 0.29195569569564866, scale_lr: 0.32265484695113461, EAO: 0.332
Trial 394 finished with value: 0.3321508672450767 and parameters: {'window_influence': 0.44828364988464525, 'penalty_k': 0.29195569569564866, 'scale_lr': 0.3226548469511346}. Best is trial 97 with value: 0.3587390516054769.
checkpoint_e22 window_influence: 0.41954256323183781, penalty_k: 0.05562158643005592, scale_lr: 0.26090185242456826, EAO: 0.326
Trial 395 finished with value: 0.3256374271695252 and parameters: {'window_influence': 0.4195425632318378, 'penalty_k': 0.05562158643005592, 'scale_lr': 0.26090185242456826}. Best is trial 97 with value: 0.3587390516054769.
checkpoint_e22 window_influence: 0.46731435716322267, penalty_k: 0.08897809535830267, scale_lr: 0.21257404311177047, EAO: 0.323
Trial 396 finished with value: 0.3226003551761464 and parameters: {'window_influence': 0.46731435716322267, 'penalty_k': 0.08897809535830267, 'scale_lr': 0.21257404311177047}. Best is trial 97 with value: 0.3587390516054769.
checkpoint_e22 window_influence: 0.49322158505657510, penalty_k: 0.12413543113377028, scale_lr: 0.13415707606514266, EAO: 0.319
Trial 397 finished with value: 0.3193985228988447 and parameters: {'window_influence': 0.4932215850565751, 'penalty_k': 0.12413543113377028, 'scale_lr': 0.13415707606514266}. Best is trial 97 with value: 0.3587390516054769.
checkpoint_e22 window_influence: 0.43688336642105713, penalty_k: 0.18860201981206146, scale_lr: 0.46111316509376832, EAO: 0.315
Trial 398 finished with value: 0.3148243622093349 and parameters: {'window_influence': 0.43688336642105713, 'penalty_k': 0.18860201981206146, 'scale_lr': 0.4611131650937683}. Best is trial 97 with value: 0.3587390516054769.
checkpoint_e22 window_influence: 0.45832298596754156, penalty_k: 0.14189785596273963, scale_lr: 0.39174647351736197, EAO: 0.312
Trial 399 finished with value: 0.31237920747656767 and parameters: {'window_influence': 0.45832298596754156, 'penalty_k': 0.14189785596273963, 'scale_lr': 0.39174647351736197}. Best is trial 97 with value: 0.3587390516054769.
checkpoint_e22 window_influence: 0.47813282725954204, penalty_k: 0.11400878885340292, scale_lr: 0.43853721577091720, EAO: 0.309
Trial 400 finished with value: 0.3091465111836385 and parameters: {'window_influence': 0.47813282725954204, 'penalty_k': 0.11400878885340292, 'scale_lr': 0.4385372157709172}. Best is trial 97 with value: 0.3587390516054769.
checkpoint_e22 window_influence: 0.59420801289282565, penalty_k: 0.07472998059409108, scale_lr: 0.26954443309551934, EAO: 0.259
Trial 401 finished with value: 0.25865564457637324 and parameters: {'window_influence': 0.5942080128928257, 'penalty_k': 0.07472998059409108, 'scale_lr': 0.26954443309551934}. Best is trial 97 with value: 0.3587390516054769.
checkpoint_e22 window_influence: 0.44915030793447031, penalty_k: 0.09413580985620265, scale_lr: 0.29370606825124529, EAO: 0.311
Trial 402 finished with value: 0.3112883627530666 and parameters: {'window_influence': 0.4491503079344703, 'penalty_k': 0.09413580985620265, 'scale_lr': 0.2937060682512453}. Best is trial 97 with value: 0.3587390516054769.
checkpoint_e22 window_influence: 0.50304671464910233, penalty_k: 0.15678907055233376, scale_lr: 0.32999101420259058, EAO: 0.321
Trial 403 finished with value: 0.3210334805083182 and parameters: {'window_influence': 0.5030467146491023, 'penalty_k': 0.15678907055233376, 'scale_lr': 0.3299910142025906}. Best is trial 97 with value: 0.3587390516054769.
checkpoint_e22 window_influence: 0.51345917077824066, penalty_k: 0.10571111617878866, scale_lr: 0.35311711032817139, EAO: 0.323
Trial 404 finished with value: 0.3229390719057521 and parameters: {'window_influence': 0.5134591707782407, 'penalty_k': 0.10571111617878866, 'scale_lr': 0.3531171103281714}. Best is trial 97 with value: 0.3587390516054769.
checkpoint_e22 window_influence: 0.46832228947124599, penalty_k: 0.06385052162183782, scale_lr: 0.15647930379536895, EAO: 0.318
Trial 405 finished with value: 0.31760134133383455 and parameters: {'window_influence': 0.468322289471246, 'penalty_k': 0.06385052162183782, 'scale_lr': 0.15647930379536895}. Best is trial 97 with value: 0.3587390516054769.
checkpoint_e22 window_influence: 0.48351021506635111, penalty_k: 0.01590010202182282, scale_lr: 0.11303121400381283, EAO: 0.321
Trial 406 finished with value: 0.32053866257695374 and parameters: {'window_influence': 0.4835102150663511, 'penalty_k': 0.01590010202182282, 'scale_lr': 0.11303121400381283}. Best is trial 97 with value: 0.3587390516054769.
checkpoint_e22 window_influence: 0.27077928892445835, penalty_k: 0.25841828967742808, scale_lr: 0.18435535576404460, EAO: 0.274
Trial 407 finished with value: 0.27355148246084204 and parameters: {'window_influence': 0.27077928892445835, 'penalty_k': 0.2584182896774281, 'scale_lr': 0.1843553557640446}. Best is trial 97 with value: 0.3587390516054769.
checkpoint_e22 window_influence: 0.39058824307877921, penalty_k: 0.24288458452328321, scale_lr: 0.24558368270414427, EAO: 0.298
Trial 408 finished with value: 0.298267826727856 and parameters: {'window_influence': 0.3905882430787792, 'penalty_k': 0.2428845845232832, 'scale_lr': 0.24558368270414427}. Best is trial 97 with value: 0.3587390516054769.
checkpoint_e22 window_influence: 0.43721838596290857, penalty_k: 0.08440825628589291, scale_lr: 0.10685278062106235, EAO: 0.319
Trial 409 finished with value: 0.3188583352222517 and parameters: {'window_influence': 0.4372183859629086, 'penalty_k': 0.08440825628589291, 'scale_lr': 0.10685278062106235}. Best is trial 97 with value: 0.3587390516054769.
checkpoint_e22 window_influence: 0.45683955351371752, penalty_k: 0.12108787163065200, scale_lr: 0.31468353065035026, EAO: 0.335
Trial 410 finished with value: 0.33496360092311517 and parameters: {'window_influence': 0.4568395535137175, 'penalty_k': 0.121087871630652, 'scale_lr': 0.31468353065035026}. Best is trial 97 with value: 0.3587390516054769.
checkpoint_e22 window_influence: 0.47165973503186187, penalty_k: 0.13260470664166402, scale_lr: 0.29592607503643281, EAO: 0.325
Trial 411 finished with value: 0.32467396719678365 and parameters: {'window_influence': 0.47165973503186187, 'penalty_k': 0.13260470664166402, 'scale_lr': 0.2959260750364328}. Best is trial 97 with value: 0.3587390516054769.
checkpoint_e22 window_influence: 0.49295081124417744, penalty_k: 0.10017132911805615, scale_lr: 0.40241706649790226, EAO: 0.310
Trial 412 finished with value: 0.309711044226639 and parameters: {'window_influence': 0.49295081124417744, 'penalty_k': 0.10017132911805615, 'scale_lr': 0.40241706649790226}. Best is trial 97 with value: 0.3587390516054769.
checkpoint_e22 window_influence: 0.42350326397939941, penalty_k: 0.22399488686533170, scale_lr: 0.34210594402790967, EAO: 0.315
Trial 413 finished with value: 0.3147017613111303 and parameters: {'window_influence': 0.4235032639793994, 'penalty_k': 0.2239948868653317, 'scale_lr': 0.34210594402790967}. Best is trial 97 with value: 0.3587390516054769.
checkpoint_e22 window_influence: 0.22263236218256577, penalty_k: 0.31667501524131758, scale_lr: 0.20188618377579159, EAO: 0.275
Trial 414 finished with value: 0.27535768340301886 and parameters: {'window_influence': 0.22263236218256577, 'penalty_k': 0.3166750152413176, 'scale_lr': 0.2018861837757916}. Best is trial 97 with value: 0.3587390516054769.
checkpoint_e22 window_influence: 0.30391996184411302, penalty_k: 0.11209208702542466, scale_lr: 0.36558598982162527, EAO: 0.309
Trial 415 finished with value: 0.30860459108760846 and parameters: {'window_influence': 0.303919961844113, 'penalty_k': 0.11209208702542466, 'scale_lr': 0.36558598982162527}. Best is trial 97 with value: 0.3587390516054769.
checkpoint_e22 window_influence: 0.44626724090435949, penalty_k: 0.08800437910026972, scale_lr: 0.27576887022774671, EAO: 0.323
Trial 416 finished with value: 0.3228837447639569 and parameters: {'window_influence': 0.4462672409043595, 'penalty_k': 0.08800437910026972, 'scale_lr': 0.2757688702277467}. Best is trial 97 with value: 0.3587390516054769.
checkpoint_e22 window_influence: 0.46252538575938706, penalty_k: 0.14809097552959427, scale_lr: 0.31030568485976356, EAO: 0.331
Trial 417 finished with value: 0.33121671391368374 and parameters: {'window_influence': 0.46252538575938706, 'penalty_k': 0.14809097552959427, 'scale_lr': 0.31030568485976356}. Best is trial 97 with value: 0.3587390516054769.
checkpoint_e22 window_influence: 0.48113410783519889, penalty_k: 0.07812701653823313, scale_lr: 0.22365278689525611, EAO: 0.326
Trial 418 finished with value: 0.3260534428900782 and parameters: {'window_influence': 0.4811341078351989, 'penalty_k': 0.07812701653823313, 'scale_lr': 0.2236527868952561}. Best is trial 97 with value: 0.3587390516054769.
checkpoint_e22 window_influence: 0.50249589263380567, penalty_k: 0.09966027635594857, scale_lr: 0.13664439114850643, EAO: 0.319
Trial 419 finished with value: 0.3186958489598931 and parameters: {'window_influence': 0.5024958926338057, 'penalty_k': 0.09966027635594857, 'scale_lr': 0.13664439114850643}. Best is trial 97 with value: 0.3587390516054769.
checkpoint_e22 window_influence: 0.47384276819949417, penalty_k: 0.12329220799919752, scale_lr: 0.33034145608473831, EAO: 0.339
Trial 420 finished with value: 0.3390766616461342 and parameters: {'window_influence': 0.47384276819949417, 'penalty_k': 0.12329220799919752, 'scale_lr': 0.3303414560847383}. Best is trial 97 with value: 0.3587390516054769.
checkpoint_e22 window_influence: 0.53053727246990290, penalty_k: 0.56517624040279446, scale_lr: 0.42052840546566367, EAO: 0.272
Trial 421 finished with value: 0.2721902998273011 and parameters: {'window_influence': 0.5305372724699029, 'penalty_k': 0.5651762404027945, 'scale_lr': 0.42052840546566367}. Best is trial 97 with value: 0.3587390516054769.
checkpoint_e22 window_influence: 0.14548041724958866, penalty_k: 0.00226883056195226, scale_lr: 0.38310396733309227, EAO: 0.250
Trial 422 finished with value: 0.2502613762241393 and parameters: {'window_influence': 0.14548041724958866, 'penalty_k': 0.002268830561952262, 'scale_lr': 0.38310396733309227}. Best is trial 97 with value: 0.3587390516054769.
checkpoint_e22 window_influence: 0.45689842050668933, penalty_k: 0.04863253241374083, scale_lr: 0.28685159850745046, EAO: 0.321
Trial 423 finished with value: 0.3209595125357001 and parameters: {'window_influence': 0.45689842050668933, 'penalty_k': 0.048632532413740825, 'scale_lr': 0.28685159850745046}. Best is trial 97 with value: 0.3587390516054769.
checkpoint_e22 window_influence: 0.43223235709009994, penalty_k: 0.06613722229768483, scale_lr: 0.35741016604823217, EAO: 0.330
Trial 424 finished with value: 0.33034305141129844 and parameters: {'window_influence': 0.43223235709009994, 'penalty_k': 0.06613722229768483, 'scale_lr': 0.35741016604823217}. Best is trial 97 with value: 0.3587390516054769.
checkpoint_e22 window_influence: 0.48932373762563486, penalty_k: 0.02576016487980394, scale_lr: 0.25771311699053906, EAO: 0.324
Trial 425 finished with value: 0.3235136191668677 and parameters: {'window_influence': 0.48932373762563486, 'penalty_k': 0.02576016487980394, 'scale_lr': 0.25771311699053906}. Best is trial 97 with value: 0.3587390516054769.
checkpoint_e22 window_influence: 0.44711143734478015, penalty_k: 0.10903268182456068, scale_lr: 0.30236846207546286, EAO: 0.347
Trial 426 finished with value: 0.3465673443408328 and parameters: {'window_influence': 0.44711143734478015, 'penalty_k': 0.10903268182456068, 'scale_lr': 0.30236846207546286}. Best is trial 97 with value: 0.3587390516054769.
checkpoint_e22 window_influence: 0.44690535919192659, penalty_k: 0.20158431473351848, scale_lr: 0.31897983261198559, EAO: 0.321
Trial 427 finished with value: 0.32117304223288823 and parameters: {'window_influence': 0.4469053591919266, 'penalty_k': 0.20158431473351848, 'scale_lr': 0.3189798326119856}. Best is trial 97 with value: 0.3587390516054769.
checkpoint_e22 window_influence: 0.43158098405133494, penalty_k: 0.09213844825927384, scale_lr: 0.30220555446470121, EAO: 0.304
Trial 428 finished with value: 0.30414784551826435 and parameters: {'window_influence': 0.43158098405133494, 'penalty_k': 0.09213844825927384, 'scale_lr': 0.3022055544647012}. Best is trial 97 with value: 0.3587390516054769.
checkpoint_e22 window_influence: 0.33070530728555764, penalty_k: 0.10646784716632338, scale_lr: 0.34050388584741070, EAO: 0.294
Trial 429 finished with value: 0.29447486753129776 and parameters: {'window_influence': 0.33070530728555764, 'penalty_k': 0.10646784716632338, 'scale_lr': 0.3405038858474107}. Best is trial 97 with value: 0.3587390516054769.
checkpoint_e22 window_influence: 0.44088465332701499, penalty_k: 0.07992205829295670, scale_lr: 0.44940676223866005, EAO: 0.337
Trial 430 finished with value: 0.3367278919145755 and parameters: {'window_influence': 0.440884653327015, 'penalty_k': 0.0799220582929567, 'scale_lr': 0.44940676223866005}. Best is trial 97 with value: 0.3587390516054769.
checkpoint_e22 window_influence: 0.36708616553494910, penalty_k: 0.13244279738770945, scale_lr: 0.30705912521761869, EAO: 0.302
Trial 431 finished with value: 0.30233795175524536 and parameters: {'window_influence': 0.3670861655349491, 'penalty_k': 0.13244279738770945, 'scale_lr': 0.3070591252176187}. Best is trial 97 with value: 0.3587390516054769.
checkpoint_e22 window_influence: 0.18365990495578741, penalty_k: 0.09821220051047105, scale_lr: 0.32707353220395058, EAO: 0.261
Trial 432 finished with value: 0.2608485327388526 and parameters: {'window_influence': 0.1836599049557874, 'penalty_k': 0.09821220051047105, 'scale_lr': 0.3270735322039506}. Best is trial 97 with value: 0.3587390516054769.
checkpoint_e22 window_influence: 0.46133974591769311, penalty_k: 0.11768423333958468, scale_lr: 0.16143912650516795, EAO: 0.314
Trial 433 finished with value: 0.313943529755225 and parameters: {'window_influence': 0.4613397459176931, 'penalty_k': 0.11768423333958468, 'scale_lr': 0.16143912650516795}. Best is trial 97 with value: 0.3587390516054769.
checkpoint_e22 window_influence: 0.34466932817088147, penalty_k: 0.08815337780405381, scale_lr: 0.35379937464145345, EAO: 0.288
