Trial 304 finished with value: 0.3058275189033278 and parameters: {'window_influence': 0.3902722201966463, 'penalty_k': 0.14792416112106357, 'scale_lr': 0.42083577070850653}. Best is trial 207 with value: 0.363704633735961.
checkpoint_e16 window_influence: 0.45402745250520143, penalty_k: 0.02779589982715273, scale_lr: 0.45826506353909713, EAO: 0.350
Trial 305 finished with value: 0.35040741381942064 and parameters: {'window_influence': 0.45402745250520143, 'penalty_k': 0.02779589982715273, 'scale_lr': 0.45826506353909713}. Best is trial 207 with value: 0.363704633735961.
checkpoint_e16 window_influence: 0.45297669797845341, penalty_k: 0.20503951186853608, scale_lr: 0.45615163484105881, EAO: 0.316
Trial 306 finished with value: 0.31634334292161326 and parameters: {'window_influence': 0.4529766979784534, 'penalty_k': 0.20503951186853608, 'scale_lr': 0.4561516348410588}. Best is trial 207 with value: 0.363704633735961.
checkpoint_e16 window_influence: 0.43556738603296463, penalty_k: 0.17010866283762296, scale_lr: 0.48965768363559925, EAO: 0.309
Trial 307 finished with value: 0.3089481190368823 and parameters: {'window_influence': 0.43556738603296463, 'penalty_k': 0.17010866283762296, 'scale_lr': 0.48965768363559925}. Best is trial 207 with value: 0.363704633735961.
checkpoint_e16 window_influence: 0.45739016592694881, penalty_k: 0.05472166887440592, scale_lr: 0.52670432752853524, EAO: 0.351
Trial 308 finished with value: 0.3513048230905941 and parameters: {'window_influence': 0.4573901659269488, 'penalty_k': 0.054721668874405924, 'scale_lr': 0.5267043275285352}. Best is trial 207 with value: 0.363704633735961.
checkpoint_e16 window_influence: 0.45959597147786496, penalty_k: 0.05523832856994376, scale_lr: 0.51853660511739497, EAO: 0.342
Trial 309 finished with value: 0.34223048162831404 and parameters: {'window_influence': 0.45959597147786496, 'penalty_k': 0.055238328569943755, 'scale_lr': 0.518536605117395}. Best is trial 207 with value: 0.363704633735961.
checkpoint_e16 window_influence: 0.44958423479585419, penalty_k: 0.29430250459086504, scale_lr: 0.11038993593244728, EAO: 0.292
Trial 310 finished with value: 0.2923528779341553 and parameters: {'window_influence': 0.4495842347958542, 'penalty_k': 0.29430250459086504, 'scale_lr': 0.11038993593244728}. Best is trial 207 with value: 0.363704633735961.
checkpoint_e16 window_influence: 0.46505169573565081, penalty_k: 0.03579591660370368, scale_lr: 0.54081409323238949, EAO: 0.337
Trial 311 finished with value: 0.3372630890937167 and parameters: {'window_influence': 0.4650516957356508, 'penalty_k': 0.03579591660370368, 'scale_lr': 0.5408140932323895}. Best is trial 207 with value: 0.363704633735961.
checkpoint_e16 window_influence: 0.47418375869542462, penalty_k: 0.04569016890221594, scale_lr: 0.54843955074738260, EAO: 0.339
Trial 312 finished with value: 0.339220095121443 and parameters: {'window_influence': 0.4741837586954246, 'penalty_k': 0.045690168902215944, 'scale_lr': 0.5484395507473826}. Best is trial 207 with value: 0.363704633735961.
checkpoint_e16 window_influence: 0.49128657295799449, penalty_k: 0.28374404288834287, scale_lr: 0.52083107101698545, EAO: 0.306
Trial 313 finished with value: 0.30588663650625875 and parameters: {'window_influence': 0.4912865729579945, 'penalty_k': 0.2837440428883429, 'scale_lr': 0.5208310710169854}. Best is trial 207 with value: 0.363704633735961.
checkpoint_e16 window_influence: 0.52243487694055968, penalty_k: 0.02918266156166546, scale_lr: 0.47342505948373009, EAO: 0.320
Trial 314 finished with value: 0.3199800903463178 and parameters: {'window_influence': 0.5224348769405597, 'penalty_k': 0.029182661561665456, 'scale_lr': 0.4734250594837301}. Best is trial 207 with value: 0.363704633735961.
checkpoint_e16 window_influence: 0.45752315336299698, penalty_k: 0.07636879991006017, scale_lr: 0.52796078061483143, EAO: 0.334
Trial 315 finished with value: 0.33444474654902745 and parameters: {'window_influence': 0.457523153362997, 'penalty_k': 0.07636879991006017, 'scale_lr': 0.5279607806148314}. Best is trial 207 with value: 0.363704633735961.
checkpoint_e16 window_influence: 0.46725953161229367, penalty_k: 0.02195932401174196, scale_lr: 0.49580888447797578, EAO: 0.340
Trial 316 finished with value: 0.33997484914059767 and parameters: {'window_influence': 0.46725953161229367, 'penalty_k': 0.021959324011741964, 'scale_lr': 0.4958088844779758}. Best is trial 207 with value: 0.363704633735961.
checkpoint_e16 window_influence: 0.44729112158172302, penalty_k: 0.05472708021006226, scale_lr: 0.59669056321360792, EAO: 0.325
Trial 317 finished with value: 0.3246082119092867 and parameters: {'window_influence': 0.447291121581723, 'penalty_k': 0.054727080210062264, 'scale_lr': 0.5966905632136079}. Best is trial 207 with value: 0.363704633735961.
checkpoint_e16 window_influence: 0.48162044799324250, penalty_k: 0.22313612188033427, scale_lr: 0.56784693261999952, EAO: 0.282
Trial 318 finished with value: 0.2817504956216664 and parameters: {'window_influence': 0.4816204479932425, 'penalty_k': 0.22313612188033427, 'scale_lr': 0.5678469326199995}. Best is trial 207 with value: 0.363704633735961.
checkpoint_e16 window_influence: 0.50117706009792884, penalty_k: 0.03279591831305628, scale_lr: 0.30743439578825749, EAO: 0.320
Trial 319 finished with value: 0.31957618561700163 and parameters: {'window_influence': 0.5011770600979288, 'penalty_k': 0.032795918313056276, 'scale_lr': 0.3074343957882575}. Best is trial 207 with value: 0.363704633735961.
checkpoint_e16 window_influence: 0.48709488830958558, penalty_k: 0.09638852562715464, scale_lr: 0.45634289309962867, EAO: 0.327
Trial 320 finished with value: 0.3272089771491544 and parameters: {'window_influence': 0.4870948883095856, 'penalty_k': 0.09638852562715464, 'scale_lr': 0.45634289309962867}. Best is trial 207 with value: 0.363704633735961.
checkpoint_e16 window_influence: 0.46641705391857624, penalty_k: 0.01867085445542802, scale_lr: 0.61322242518089820, EAO: 0.327
Trial 321 finished with value: 0.32662895779897266 and parameters: {'window_influence': 0.46641705391857624, 'penalty_k': 0.018670854455428022, 'scale_lr': 0.6132224251808982}. Best is trial 207 with value: 0.363704633735961.
checkpoint_e16 window_influence: 0.50877850449703887, penalty_k: 0.06123637127493556, scale_lr: 0.52937133229713107, EAO: 0.340
Trial 322 finished with value: 0.3404942575827647 and parameters: {'window_influence': 0.5087785044970389, 'penalty_k': 0.06123637127493556, 'scale_lr': 0.5293713322971311}. Best is trial 207 with value: 0.363704633735961.
checkpoint_e16 window_influence: 0.44134146097083710, penalty_k: 0.47173577173911241, scale_lr: 0.55213521596153303, EAO: 0.302
Trial 323 finished with value: 0.30166785355207987 and parameters: {'window_influence': 0.4413414609708371, 'penalty_k': 0.4717357717391124, 'scale_lr': 0.552135215961533}. Best is trial 207 with value: 0.363704633735961.
checkpoint_e16 window_influence: 0.47489405910074595, penalty_k: 0.04049057193385942, scale_lr: 0.48374232385337890, EAO: 0.335
Trial 324 finished with value: 0.3349191326111671 and parameters: {'window_influence': 0.47489405910074595, 'penalty_k': 0.04049057193385942, 'scale_lr': 0.4837423238533789}. Best is trial 207 with value: 0.363704633735961.
checkpoint_e16 window_influence: 0.45351804523295619, penalty_k: 0.01097676024977622, scale_lr: 0.23237685013730514, EAO: 0.305
Trial 325 finished with value: 0.30537032553426025 and parameters: {'window_influence': 0.4535180452329562, 'penalty_k': 0.01097676024977622, 'scale_lr': 0.23237685013730514}. Best is trial 207 with value: 0.363704633735961.
checkpoint_e16 window_influence: 0.49331230648896174, penalty_k: 0.02675930841913358, scale_lr: 0.58213297413762310, EAO: 0.362
Trial 326 finished with value: 0.3620094630272936 and parameters: {'window_influence': 0.49331230648896174, 'penalty_k': 0.026759308419133584, 'scale_lr': 0.5821329741376231}. Best is trial 207 with value: 0.363704633735961.
checkpoint_e16 window_influence: 0.53931760781866356, penalty_k: 0.03101623384023549, scale_lr: 0.50616628930231611, EAO: 0.302
Trial 327 finished with value: 0.30179527506290243 and parameters: {'window_influence': 0.5393176078186636, 'penalty_k': 0.03101623384023549, 'scale_lr': 0.5061662893023161}. Best is trial 207 with value: 0.363704633735961.
checkpoint_e16 window_influence: 0.48410751049143519, penalty_k: 0.04292645524923090, scale_lr: 0.62542149362327737, EAO: 0.334
Trial 328 finished with value: 0.3337396769440128 and parameters: {'window_influence': 0.4841075104914352, 'penalty_k': 0.0429264552492309, 'scale_lr': 0.6254214936232774}. Best is trial 207 with value: 0.363704633735961.
checkpoint_e16 window_influence: 0.45965898129546079, penalty_k: 0.08324833010574029, scale_lr: 0.46735646352701848, EAO: 0.316
Trial 329 finished with value: 0.3156857567074698 and parameters: {'window_influence': 0.4596589812954608, 'penalty_k': 0.08324833010574029, 'scale_lr': 0.4673564635270185}. Best is trial 207 with value: 0.363704633735961.
checkpoint_e16 window_influence: 0.47401530305306633, penalty_k: 0.24787097841872324, scale_lr: 0.61065877998083962, EAO: 0.303
Trial 330 finished with value: 0.30305721805021457 and parameters: {'window_influence': 0.47401530305306633, 'penalty_k': 0.24787097841872324, 'scale_lr': 0.6106587799808396}. Best is trial 207 with value: 0.363704633735961.
checkpoint_e16 window_influence: 0.49621050984256354, penalty_k: 0.02631228746555604, scale_lr: 0.44794499400568322, EAO: 0.359
Trial 331 finished with value: 0.35905760770178025 and parameters: {'window_influence': 0.49621050984256354, 'penalty_k': 0.026312287465556042, 'scale_lr': 0.4479449940056832}. Best is trial 207 with value: 0.363704633735961.
checkpoint_e16 window_influence: 0.51414356988713728, penalty_k: 0.06667901435123572, scale_lr: 0.45044335060296775, EAO: 0.318
Trial 332 finished with value: 0.317769059179358 and parameters: {'window_influence': 0.5141435698871373, 'penalty_k': 0.06667901435123572, 'scale_lr': 0.45044335060296775}. Best is trial 207 with value: 0.363704633735961.
checkpoint_e16 window_influence: 0.52886504465158757, penalty_k: 0.05264698731245667, scale_lr: 0.46144024654159105, EAO: 0.306
Trial 333 finished with value: 0.30597429128240516 and parameters: {'window_influence': 0.5288650446515876, 'penalty_k': 0.05264698731245667, 'scale_lr': 0.46144024654159105}. Best is trial 207 with value: 0.363704633735961.
checkpoint_e16 window_influence: 0.49930460419642697, penalty_k: 0.02701342621631836, scale_lr: 0.44292809532992689, EAO: 0.334
Trial 334 finished with value: 0.33377311909245144 and parameters: {'window_influence': 0.49930460419642697, 'penalty_k': 0.02701342621631836, 'scale_lr': 0.4429280953299269}. Best is trial 207 with value: 0.363704633735961.
checkpoint_e16 window_influence: 0.43010539855184254, penalty_k: 0.02203636578793670, scale_lr: 0.43353408667139581, EAO: 0.332
Trial 335 finished with value: 0.33217893952525546 and parameters: {'window_influence': 0.43010539855184254, 'penalty_k': 0.022036365787936697, 'scale_lr': 0.4335340866713958}. Best is trial 207 with value: 0.363704633735961.
checkpoint_e16 window_influence: 0.49823957571851146, penalty_k: 0.12346276977563160, scale_lr: 0.48246142865979585, EAO: 0.319
Trial 336 finished with value: 0.31898517552980654 and parameters: {'window_influence': 0.49823957571851146, 'penalty_k': 0.1234627697756316, 'scale_lr': 0.48246142865979585}. Best is trial 207 with value: 0.363704633735961.
checkpoint_e16 window_influence: 0.48923156316582489, penalty_k: 0.10402752060859086, scale_lr: 0.65262926374977426, EAO: 0.330
Trial 337 finished with value: 0.33018470483067436 and parameters: {'window_influence': 0.4892315631658249, 'penalty_k': 0.10402752060859086, 'scale_lr': 0.6526292637497743}. Best is trial 207 with value: 0.363704633735961.
checkpoint_e16 window_influence: 0.29210928723199003, penalty_k: 0.04101582222769524, scale_lr: 0.60108038290014554, EAO: 0.287
Trial 338 finished with value: 0.28656903210780965 and parameters: {'window_influence': 0.29210928723199003, 'penalty_k': 0.04101582222769524, 'scale_lr': 0.6010803829001455}. Best is trial 207 with value: 0.363704633735961.
checkpoint_e16 window_influence: 0.36058461376863626, penalty_k: 0.36741691838862217, scale_lr: 0.58398847821652211, EAO: 0.294
Trial 339 finished with value: 0.2936530035525444 and parameters: {'window_influence': 0.36058461376863626, 'penalty_k': 0.36741691838862217, 'scale_lr': 0.5839884782165221}. Best is trial 207 with value: 0.363704633735961.
checkpoint_e16 window_influence: 0.50507294874347575, penalty_k: 0.03444255250613763, scale_lr: 0.18921071697906527, EAO: 0.312
Trial 340 finished with value: 0.31211395544300746 and parameters: {'window_influence': 0.5050729487434757, 'penalty_k': 0.034442552506137626, 'scale_lr': 0.18921071697906527}. Best is trial 207 with value: 0.363704633735961.
checkpoint_e16 window_influence: 0.44501172972677216, penalty_k: 0.02102784879018916, scale_lr: 0.44418113846756957, EAO: 0.339
Trial 341 finished with value: 0.3390541481368737 and parameters: {'window_influence': 0.44501172972677216, 'penalty_k': 0.02102784879018916, 'scale_lr': 0.44418113846756957}. Best is trial 207 with value: 0.363704633735961.
checkpoint_e16 window_influence: 0.46177812765493581, penalty_k: 0.00057684199016614, scale_lr: 0.34528594659643830, EAO: 0.330
Trial 342 finished with value: 0.3297451101388449 and parameters: {'window_influence': 0.4617781276549358, 'penalty_k': 0.0005768419901661391, 'scale_lr': 0.3452859465964383}. Best is trial 207 with value: 0.363704633735961.
checkpoint_e16 window_influence: 0.48286641264967500, penalty_k: 0.04875162550015356, scale_lr: 0.33393035411870231, EAO: 0.320
Trial 343 finished with value: 0.3197412739583954 and parameters: {'window_influence': 0.482866412649675, 'penalty_k': 0.048751625500153564, 'scale_lr': 0.3339303541187023}. Best is trial 207 with value: 0.363704633735961.
checkpoint_e16 window_influence: 0.32699691464388503, penalty_k: 0.02735706898131917, scale_lr: 0.76700711885747608, EAO: 0.314
Trial 344 finished with value: 0.3135980352005606 and parameters: {'window_influence': 0.32699691464388503, 'penalty_k': 0.027357068981319174, 'scale_lr': 0.7670071188574761}. Best is trial 207 with value: 0.363704633735961.
checkpoint_e16 window_influence: 0.51852807527604516, penalty_k: 0.01735044400583259, scale_lr: 0.42502193016845108, EAO: 0.323
Trial 345 finished with value: 0.3228745046524686 and parameters: {'window_influence': 0.5185280752760452, 'penalty_k': 0.01735044400583259, 'scale_lr': 0.4250219301684511}. Best is trial 207 with value: 0.363704633735961.
checkpoint_e16 window_influence: 0.46856904961072821, penalty_k: 0.59913239356158621, scale_lr: 0.46429253009551480, EAO: 0.285
Trial 346 finished with value: 0.2854069867950469 and parameters: {'window_influence': 0.4685690496107282, 'penalty_k': 0.5991323935615862, 'scale_lr': 0.4642925300955148}. Best is trial 207 with value: 0.363704633735961.
checkpoint_e16 window_influence: 0.59199443073812275, penalty_k: 0.42929450693361459, scale_lr: 0.45176330036636408, EAO: 0.243
Trial 347 finished with value: 0.24292320447905055 and parameters: {'window_influence': 0.5919944307381227, 'penalty_k': 0.4292945069336146, 'scale_lr': 0.4517633003663641}. Best is trial 207 with value: 0.363704633735961.
checkpoint_e16 window_influence: 0.49413946764398803, penalty_k: 0.03506952684434355, scale_lr: 0.41487979984567697, EAO: 0.330
Trial 348 finished with value: 0.3297190899283042 and parameters: {'window_influence': 0.49413946764398803, 'penalty_k': 0.03506952684434355, 'scale_lr': 0.41487979984567697}. Best is trial 207 with value: 0.363704633735961.
checkpoint_e16 window_influence: 0.25335992109413241, penalty_k: 0.00007877029724867, scale_lr: 0.49643898787372620, EAO: 0.310
Trial 349 finished with value: 0.30988663759676865 and parameters: {'window_influence': 0.2533599210941324, 'penalty_k': 7.877029724866963e-05, 'scale_lr': 0.4964389878737262}. Best is trial 207 with value: 0.363704633735961.
checkpoint_e16 window_influence: 0.45507873749364225, penalty_k: 0.25769110650665944, scale_lr: 0.32012158501281185, EAO: 0.312
Trial 350 finished with value: 0.3119867237625419 and parameters: {'window_influence': 0.45507873749364225, 'penalty_k': 0.25769110650665944, 'scale_lr': 0.32012158501281185}. Best is trial 207 with value: 0.363704633735961.
checkpoint_e16 window_influence: 0.55786446348394159, penalty_k: 0.05868993630647913, scale_lr: 0.47797106580238968, EAO: 0.292
Trial 351 finished with value: 0.29153699743840483 and parameters: {'window_influence': 0.5578644634839416, 'penalty_k': 0.05868993630647913, 'scale_lr': 0.4779710658023897}. Best is trial 207 with value: 0.363704633735961.
checkpoint_e16 window_influence: 0.17987312382120157, penalty_k: 0.01264208444474823, scale_lr: 0.39752966146810437, EAO: 0.296
Trial 352 finished with value: 0.2956866450926673 and parameters: {'window_influence': 0.17987312382120157, 'penalty_k': 0.012642084444748226, 'scale_lr': 0.39752966146810437}. Best is trial 207 with value: 0.363704633735961.
checkpoint_e16 window_influence: 0.41795902939173468, penalty_k: 0.02250221370506142, scale_lr: 0.43148389016021615, EAO: 0.329
Trial 353 finished with value: 0.3293854161691109 and parameters: {'window_influence': 0.4179590293917347, 'penalty_k': 0.02250221370506142, 'scale_lr': 0.43148389016021615}. Best is trial 207 with value: 0.363704633735961.
checkpoint_e16 window_influence: 0.43815614873171199, penalty_k: 0.14171883490145845, scale_lr: 0.55774501921074726, EAO: 0.309
Trial 354 finished with value: 0.3093815968310323 and parameters: {'window_influence': 0.438156148731712, 'penalty_k': 0.14171883490145845, 'scale_lr': 0.5577450192107473}. Best is trial 207 with value: 0.363704633735961.
checkpoint_e16 window_influence: 0.47735223931261317, penalty_k: 0.04488564843636053, scale_lr: 0.51271723628713328, EAO: 0.331
Trial 355 finished with value: 0.33133433811395546 and parameters: {'window_influence': 0.47735223931261317, 'penalty_k': 0.04488564843636053, 'scale_lr': 0.5127172362871333}. Best is trial 207 with value: 0.363704633735961.
checkpoint_e16 window_influence: 0.50994251550718528, penalty_k: 0.07167378747416121, scale_lr: 0.44101311664617948, EAO: 0.333
Trial 356 finished with value: 0.33250248455351894 and parameters: {'window_influence': 0.5099425155071853, 'penalty_k': 0.07167378747416121, 'scale_lr': 0.4410131166461795}. Best is trial 207 with value: 0.363704633735961.
checkpoint_e16 window_influence: 0.47063196697179366, penalty_k: 0.18814344858009552, scale_lr: 0.46705301408617811, EAO: 0.317
Trial 357 finished with value: 0.31722887735886335 and parameters: {'window_influence': 0.47063196697179366, 'penalty_k': 0.18814344858009552, 'scale_lr': 0.4670530140861781}. Best is trial 207 with value: 0.363704633735961.
checkpoint_e16 window_influence: 0.37003899308751864, penalty_k: 0.01038844542419243, scale_lr: 0.37833984341220805, EAO: 0.309
Trial 358 finished with value: 0.3087442358991979 and parameters: {'window_influence': 0.37003899308751864, 'penalty_k': 0.010388445424192427, 'scale_lr': 0.37833984341220805}. Best is trial 207 with value: 0.363704633735961.
checkpoint_e16 window_influence: 0.39125319704587025, penalty_k: 0.03192025895907456, scale_lr: 0.58616402075711782, EAO: 0.314
Trial 359 finished with value: 0.3142809712469346 and parameters: {'window_influence': 0.39125319704587025, 'penalty_k': 0.031920258959074556, 'scale_lr': 0.5861640207571178}. Best is trial 207 with value: 0.363704633735961.
checkpoint_e16 window_influence: 0.21301997880172321, penalty_k: 0.15220593403520341, scale_lr: 0.41151943211015962, EAO: 0.270
Trial 360 finished with value: 0.2701386585541736 and parameters: {'window_influence': 0.21301997880172321, 'penalty_k': 0.1522059340352034, 'scale_lr': 0.4115194321101596}. Best is trial 207 with value: 0.363704633735961.
checkpoint_e16 window_influence: 0.48292989458166102, penalty_k: 0.01112955233015528, scale_lr: 0.54020581978282101, EAO: 0.349
Trial 361 finished with value: 0.3493211886298332 and parameters: {'window_influence': 0.482929894581661, 'penalty_k': 0.011129552330155282, 'scale_lr': 0.540205819782821}. Best is trial 207 with value: 0.363704633735961.
checkpoint_e16 window_influence: 0.49328881965699861, penalty_k: 0.08907017065480519, scale_lr: 0.54374476906124758, EAO: 0.319
Trial 362 finished with value: 0.3194534413893399 and parameters: {'window_influence': 0.4932888196569986, 'penalty_k': 0.08907017065480519, 'scale_lr': 0.5437447690612476}. Best is trial 207 with value: 0.363704633735961.
checkpoint_e16 window_influence: 0.45203299960155374, penalty_k: 0.13761842112283718, scale_lr: 0.52108408305347675, EAO: 0.313
Trial 363 finished with value: 0.31271397487662644 and parameters: {'window_influence': 0.45203299960155374, 'penalty_k': 0.13761842112283718, 'scale_lr': 0.5210840830534768}. Best is trial 207 with value: 0.363704633735961.
checkpoint_e16 window_influence: 0.48711095385676656, penalty_k: 0.33149810570288191, scale_lr: 0.56019653607837083, EAO: 0.315
Trial 364 finished with value: 0.3151979488737388 and parameters: {'window_influence': 0.48711095385676656, 'penalty_k': 0.3314981057028819, 'scale_lr': 0.5601965360783708}. Best is trial 207 with value: 0.363704633735961.
checkpoint_e16 window_influence: 0.52715393942662880, penalty_k: 0.22854859462111243, scale_lr: 0.53462632172833924, EAO: 0.289
Trial 365 finished with value: 0.289431514559089 and parameters: {'window_influence': 0.5271539394266288, 'penalty_k': 0.22854859462111243, 'scale_lr': 0.5346263217283392}. Best is trial 207 with value: 0.363704633735961.
checkpoint_e16 window_influence: 0.37947153941555156, penalty_k: 0.02031657028372988, scale_lr: 0.54609325430373024, EAO: 0.312
