Trial 943 finished with value: 0.2758569189778562 and parameters: {'window_influence': 0.1646061475643912, 'penalty_k': 0.05020533197356017, 'scale_lr': 0.339223076350994}. Best is trial 330 with value: 0.36352008859471124.
checkpoint_e31 window_influence: 0.49444213689880417, penalty_k: 0.02099639839142260, scale_lr: 0.10056795879782120, EAO: 0.351
Trial 944 finished with value: 0.3514090218664607 and parameters: {'window_influence': 0.4944421368988042, 'penalty_k': 0.020996398391422602, 'scale_lr': 0.1005679587978212}. Best is trial 330 with value: 0.36352008859471124.
checkpoint_e31 window_influence: 0.48841726513940775, penalty_k: 0.02319722207759052, scale_lr: 0.47409099425734841, EAO: 0.336
Trial 945 finished with value: 0.3359677047117211 and parameters: {'window_influence': 0.48841726513940775, 'penalty_k': 0.023197222077590524, 'scale_lr': 0.4740909942573484}. Best is trial 330 with value: 0.36352008859471124.
checkpoint_e31 window_influence: 0.13764277663389313, penalty_k: 0.01547721910422926, scale_lr: 0.29529354130801033, EAO: 0.271
Trial 946 finished with value: 0.27070048845695616 and parameters: {'window_influence': 0.13764277663389313, 'penalty_k': 0.015477219104229261, 'scale_lr': 0.29529354130801033}. Best is trial 330 with value: 0.36352008859471124.
checkpoint_e31 window_influence: 0.54000051377356650, penalty_k: 0.02987964631884056, scale_lr: 0.10126875483255407, EAO: 0.316
Trial 947 finished with value: 0.31629021691904924 and parameters: {'window_influence': 0.5400005137735665, 'penalty_k': 0.02987964631884056, 'scale_lr': 0.10126875483255407}. Best is trial 330 with value: 0.36352008859471124.
checkpoint_e31 window_influence: 0.51662208157114919, penalty_k: 0.01178089038222746, scale_lr: 0.54784694434899317, EAO: 0.344
Trial 948 finished with value: 0.34387567859679347 and parameters: {'window_influence': 0.5166220815711492, 'penalty_k': 0.011780890382227464, 'scale_lr': 0.5478469443489932}. Best is trial 330 with value: 0.36352008859471124.
checkpoint_e31 window_influence: 0.56310898312568947, penalty_k: 0.00055714724181961, scale_lr: 0.32007225479353213, EAO: 0.306
Trial 949 finished with value: 0.3059863106054091 and parameters: {'window_influence': 0.5631089831256895, 'penalty_k': 0.0005571472418196069, 'scale_lr': 0.32007225479353213}. Best is trial 330 with value: 0.36352008859471124.
checkpoint_e31 window_influence: 0.43439200229473962, penalty_k: 0.03587478117986451, scale_lr: 0.69569896663736208, EAO: 0.338
Trial 950 finished with value: 0.3384200024929492 and parameters: {'window_influence': 0.4343920022947396, 'penalty_k': 0.03587478117986451, 'scale_lr': 0.6956989666373621}. Best is trial 330 with value: 0.36352008859471124.
checkpoint_e31 window_influence: 0.47970966323781034, penalty_k: 0.46944871734808563, scale_lr: 0.11880107001779816, EAO: 0.287
Trial 951 finished with value: 0.2866583611482776 and parameters: {'window_influence': 0.47970966323781034, 'penalty_k': 0.46944871734808563, 'scale_lr': 0.11880107001779816}. Best is trial 330 with value: 0.36352008859471124.
checkpoint_e31 window_influence: 0.49248189764125111, penalty_k: 0.02009508338083393, scale_lr: 0.59653309494045859, EAO: 0.330
Trial 952 finished with value: 0.3295530384616629 and parameters: {'window_influence': 0.4924818976412511, 'penalty_k': 0.02009508338083393, 'scale_lr': 0.5965330949404586}. Best is trial 330 with value: 0.36352008859471124.
checkpoint_e31 window_influence: 0.50136098754929836, penalty_k: 0.00003529064883361, scale_lr: 0.61935951236078035, EAO: 0.337
Trial 953 finished with value: 0.33650451353551813 and parameters: {'window_influence': 0.5013609875492984, 'penalty_k': 3.5290648833613786e-05, 'scale_lr': 0.6193595123607804}. Best is trial 330 with value: 0.36352008859471124.
checkpoint_e31 window_influence: 0.11919221098836502, penalty_k: 0.40543758717316108, scale_lr: 0.43551439656424218, EAO: 0.262
Trial 954 finished with value: 0.2616046435174311 and parameters: {'window_influence': 0.11919221098836502, 'penalty_k': 0.4054375871731611, 'scale_lr': 0.4355143965642422}. Best is trial 330 with value: 0.36352008859471124.
checkpoint_e31 window_influence: 0.47287926744868969, penalty_k: 0.02563551236741325, scale_lr: 0.16396110290568899, EAO: 0.309
Trial 955 finished with value: 0.3086421188213482 and parameters: {'window_influence': 0.4728792674486897, 'penalty_k': 0.02563551236741325, 'scale_lr': 0.163961102905689}. Best is trial 330 with value: 0.36352008859471124.
checkpoint_e31 window_influence: 0.37134201665891031, penalty_k: 0.48739879863825908, scale_lr: 0.37462073037908200, EAO: 0.315
Trial 956 finished with value: 0.31529402767637826 and parameters: {'window_influence': 0.3713420166589103, 'penalty_k': 0.4873987986382591, 'scale_lr': 0.374620730379082}. Best is trial 330 with value: 0.36352008859471124.
checkpoint_e31 window_influence: 0.52625776853309092, penalty_k: 0.16963479884501886, scale_lr: 0.73143736273320925, EAO: 0.315
Trial 957 finished with value: 0.31530421902697375 and parameters: {'window_influence': 0.5262577685330909, 'penalty_k': 0.16963479884501886, 'scale_lr': 0.7314373627332093}. Best is trial 330 with value: 0.36352008859471124.
checkpoint_e31 window_influence: 0.48716874987560860, penalty_k: 0.04116093693106629, scale_lr: 0.64503019276024676, EAO: 0.334
Trial 958 finished with value: 0.3339997552016366 and parameters: {'window_influence': 0.4871687498756086, 'penalty_k': 0.04116093693106629, 'scale_lr': 0.6450301927602468}. Best is trial 330 with value: 0.36352008859471124.
checkpoint_e31 window_influence: 0.10282107481580199, penalty_k: 0.01732219937367999, scale_lr: 0.13017419870542901, EAO: 0.262
Trial 959 finished with value: 0.26234964092881763 and parameters: {'window_influence': 0.102821074815802, 'penalty_k': 0.01732219937367999, 'scale_lr': 0.130174198705429}. Best is trial 330 with value: 0.36352008859471124.
checkpoint_e31 window_influence: 0.51107410361275551, penalty_k: 0.34250028156754153, scale_lr: 0.14154168103293016, EAO: 0.300
Trial 960 finished with value: 0.3003257194149819 and parameters: {'window_influence': 0.5110741036127555, 'penalty_k': 0.34250028156754153, 'scale_lr': 0.14154168103293016}. Best is trial 330 with value: 0.36352008859471124.
checkpoint_e31 window_influence: 0.27615021245353277, penalty_k: 0.03454574808575504, scale_lr: 0.16364990181888020, EAO: 0.301
Trial 961 finished with value: 0.30106945637367116 and parameters: {'window_influence': 0.2761502124535328, 'penalty_k': 0.03454574808575504, 'scale_lr': 0.1636499018188802}. Best is trial 330 with value: 0.36352008859471124.
checkpoint_e31 window_influence: 0.39117881571081192, penalty_k: 0.31363245728779687, scale_lr: 0.57196662461931735, EAO: 0.311
Trial 962 finished with value: 0.31113286420760916 and parameters: {'window_influence': 0.3911788157108119, 'penalty_k': 0.3136324572877969, 'scale_lr': 0.5719666246193174}. Best is trial 330 with value: 0.36352008859471124.
checkpoint_e31 window_influence: 0.57581182901455485, penalty_k: 0.52126912728919972, scale_lr: 0.11272931299381102, EAO: 0.268
Trial 963 finished with value: 0.2677686428397546 and parameters: {'window_influence': 0.5758118290145549, 'penalty_k': 0.5212691272891997, 'scale_lr': 0.11272931299381102}. Best is trial 330 with value: 0.36352008859471124.
checkpoint_e31 window_influence: 0.15035868492099017, penalty_k: 0.17481698698186526, scale_lr: 0.54108018717419426, EAO: 0.284
Trial 964 finished with value: 0.28352042620979856 and parameters: {'window_influence': 0.15035868492099017, 'penalty_k': 0.17481698698186526, 'scale_lr': 0.5410801871741943}. Best is trial 330 with value: 0.36352008859471124.
checkpoint_e31 window_influence: 0.49567228187246803, penalty_k: 0.01299561345061760, scale_lr: 0.67651261666444140, EAO: 0.325
Trial 965 finished with value: 0.32507211132272207 and parameters: {'window_influence': 0.49567228187246803, 'penalty_k': 0.0129956134506176, 'scale_lr': 0.6765126166644414}. Best is trial 330 with value: 0.36352008859471124.
checkpoint_e31 window_influence: 0.35328971053727842, penalty_k: 0.02555489282260922, scale_lr: 0.41710891439680842, EAO: 0.308
Trial 966 finished with value: 0.3084273427029064 and parameters: {'window_influence': 0.3532897105372784, 'penalty_k': 0.02555489282260922, 'scale_lr': 0.4171089143968084}. Best is trial 330 with value: 0.36352008859471124.
checkpoint_e31 window_influence: 0.07073798255159830, penalty_k: 0.04562643682629357, scale_lr: 0.61064674216776360, EAO: 0.258
Trial 967 finished with value: 0.2583550793999364 and parameters: {'window_influence': 0.0707379825515983, 'penalty_k': 0.04562643682629357, 'scale_lr': 0.6106467421677636}. Best is trial 330 with value: 0.36352008859471124.
checkpoint_e31 window_influence: 0.54718842971282944, penalty_k: 0.14533756023858269, scale_lr: 0.12511753227321101, EAO: 0.307
Trial 968 finished with value: 0.3065272809118612 and parameters: {'window_influence': 0.5471884297128294, 'penalty_k': 0.14533756023858269, 'scale_lr': 0.125117532273211}. Best is trial 330 with value: 0.36352008859471124.
checkpoint_e31 window_influence: 0.31419453819024468, penalty_k: 0.01115168460958858, scale_lr: 0.63406368332546603, EAO: 0.327
Trial 969 finished with value: 0.32668219999580533 and parameters: {'window_influence': 0.3141945381902447, 'penalty_k': 0.011151684609588576, 'scale_lr': 0.634063683325466}. Best is trial 330 with value: 0.36352008859471124.
checkpoint_e31 window_influence: 0.46541820181769744, penalty_k: 0.50355761745600702, scale_lr: 0.18580255497314377, EAO: 0.325
Trial 970 finished with value: 0.3249574075181197 and parameters: {'window_influence': 0.46541820181769744, 'penalty_k': 0.503557617456007, 'scale_lr': 0.18580255497314377}. Best is trial 330 with value: 0.36352008859471124.
checkpoint_e31 window_influence: 0.42261964056998447, penalty_k: 0.27870151216842176, scale_lr: 0.56119305458717605, EAO: 0.310
Trial 971 finished with value: 0.3101834180522058 and parameters: {'window_influence': 0.42261964056998447, 'penalty_k': 0.27870151216842176, 'scale_lr': 0.561193054587176}. Best is trial 330 with value: 0.36352008859471124.
checkpoint_e31 window_influence: 0.29931460181483621, penalty_k: 0.13278213245711354, scale_lr: 0.39008496774607287, EAO: 0.313
Trial 972 finished with value: 0.3129429195061732 and parameters: {'window_influence': 0.2993146018148362, 'penalty_k': 0.13278213245711354, 'scale_lr': 0.3900849677460729}. Best is trial 330 with value: 0.36352008859471124.
checkpoint_e31 window_influence: 0.51793130655081887, penalty_k: 0.10660632853600173, scale_lr: 0.36414996360342611, EAO: 0.338
Trial 973 finished with value: 0.3383561415663025 and parameters: {'window_influence': 0.5179313065508189, 'penalty_k': 0.10660632853600173, 'scale_lr': 0.3641499636034261}. Best is trial 330 with value: 0.36352008859471124.
checkpoint_e31 window_influence: 0.08054333653940049, penalty_k: 0.48862560268293043, scale_lr: 0.66135331030090139, EAO: 0.268
Trial 974 finished with value: 0.2676075631426466 and parameters: {'window_influence': 0.08054333653940049, 'penalty_k': 0.4886256026829304, 'scale_lr': 0.6613533103009014}. Best is trial 330 with value: 0.36352008859471124.
checkpoint_e31 window_influence: 0.47708174806807074, penalty_k: 0.03490539707037900, scale_lr: 0.27362627175237419, EAO: 0.329
Trial 975 finished with value: 0.32899372082508027 and parameters: {'window_influence': 0.47708174806807074, 'penalty_k': 0.034905397070379, 'scale_lr': 0.2736262717523742}. Best is trial 330 with value: 0.36352008859471124.
checkpoint_e31 window_influence: 0.53386024201939508, penalty_k: 0.35640003165812839, scale_lr: 0.59285111900682319, EAO: 0.299
Trial 976 finished with value: 0.2986297211410471 and parameters: {'window_influence': 0.5338602420193951, 'penalty_k': 0.3564000316581284, 'scale_lr': 0.5928511190068232}. Best is trial 330 with value: 0.36352008859471124.
checkpoint_e31 window_influence: 0.32983813500818077, penalty_k: 0.05828103163512844, scale_lr: 0.71265834437841735, EAO: 0.318
Trial 977 finished with value: 0.31752462708300655 and parameters: {'window_influence': 0.32983813500818077, 'penalty_k': 0.05828103163512844, 'scale_lr': 0.7126583443784174}. Best is trial 330 with value: 0.36352008859471124.
checkpoint_e31 window_influence: 0.50617060798955082, penalty_k: 0.01955900908931974, scale_lr: 0.15258048698469373, EAO: 0.335
Trial 978 finished with value: 0.3345955526202569 and parameters: {'window_influence': 0.5061706079895508, 'penalty_k': 0.019559009089319738, 'scale_lr': 0.15258048698469373}. Best is trial 330 with value: 0.36352008859471124.
checkpoint_e31 window_influence: 0.48629765452143908, penalty_k: 0.00867191272684289, scale_lr: 0.10074804116154813, EAO: 0.342
Trial 979 finished with value: 0.34216814722996275 and parameters: {'window_influence': 0.4862976545214391, 'penalty_k': 0.00867191272684289, 'scale_lr': 0.10074804116154813}. Best is trial 330 with value: 0.36352008859471124.
checkpoint_e31 window_influence: 0.49931020325678316, penalty_k: 0.57638544057989882, scale_lr: 0.69356119096852398, EAO: 0.309
Trial 980 finished with value: 0.3093248210876368 and parameters: {'window_influence': 0.49931020325678316, 'penalty_k': 0.5763854405798988, 'scale_lr': 0.693561190968524}. Best is trial 330 with value: 0.36352008859471124.
checkpoint_e31 window_influence: 0.45415111378148215, penalty_k: 0.09025241447155979, scale_lr: 0.11446652861040783, EAO: 0.328
Trial 981 finished with value: 0.32824927388694036 and parameters: {'window_influence': 0.45415111378148215, 'penalty_k': 0.0902524144715598, 'scale_lr': 0.11446652861040783}. Best is trial 330 with value: 0.36352008859471124.
checkpoint_e31 window_influence: 0.08608002496499301, penalty_k: 0.04210110941682726, scale_lr: 0.34575727063994882, EAO: 0.273
Trial 982 finished with value: 0.27271911965733836 and parameters: {'window_influence': 0.08608002496499301, 'penalty_k': 0.042101109416827265, 'scale_lr': 0.3457572706399488}. Best is trial 330 with value: 0.36352008859471124.
checkpoint_e31 window_influence: 0.51593109503601886, penalty_k: 0.02729697303623165, scale_lr: 0.28915634718319339, EAO: 0.339
Trial 983 finished with value: 0.3385543742068547 and parameters: {'window_influence': 0.5159310950360189, 'penalty_k': 0.027296973036231652, 'scale_lr': 0.2891563471831934}. Best is trial 330 with value: 0.36352008859471124.
checkpoint_e31 window_influence: 0.47401011490239936, penalty_k: 0.10053040773115750, scale_lr: 0.13657470073063183, EAO: 0.343
Trial 984 finished with value: 0.34330086902885587 and parameters: {'window_influence': 0.47401011490239936, 'penalty_k': 0.1005304077311575, 'scale_lr': 0.13657470073063183}. Best is trial 330 with value: 0.36352008859471124.
checkpoint_e31 window_influence: 0.48845348966395929, penalty_k: 0.12022650707560087, scale_lr: 0.78039473456891995, EAO: 0.311
Trial 985 finished with value: 0.3106688063316308 and parameters: {'window_influence': 0.4884534896639593, 'penalty_k': 0.12022650707560087, 'scale_lr': 0.78039473456892}. Best is trial 330 with value: 0.36352008859471124.
checkpoint_e31 window_influence: 0.53288057544825695, penalty_k: 0.48191729468759470, scale_lr: 0.50968751548903435, EAO: 0.297
Trial 986 finished with value: 0.29725143487351413 and parameters: {'window_influence': 0.532880575448257, 'penalty_k': 0.4819172946875947, 'scale_lr': 0.5096875154890343}. Best is trial 330 with value: 0.36352008859471124.
checkpoint_e31 window_influence: 0.50504235016785559, penalty_k: 0.54415424231432741, scale_lr: 0.17374498421686566, EAO: 0.289
Trial 987 finished with value: 0.28876679422558515 and parameters: {'window_influence': 0.5050423501678556, 'penalty_k': 0.5441542423143274, 'scale_lr': 0.17374498421686566}. Best is trial 330 with value: 0.36352008859471124.
checkpoint_e31 window_influence: 0.52273296261378444, penalty_k: 0.29383030806461774, scale_lr: 0.20254173119064600, EAO: 0.301
Trial 988 finished with value: 0.30112563328752256 and parameters: {'window_influence': 0.5227329626137844, 'penalty_k': 0.29383030806461774, 'scale_lr': 0.202541731190646}. Best is trial 330 with value: 0.36352008859471124.
checkpoint_e31 window_influence: 0.40254322600845621, penalty_k: 0.04895820862528812, scale_lr: 0.40009307641223640, EAO: 0.312
Trial 989 finished with value: 0.31178783141221517 and parameters: {'window_influence': 0.4025432260084562, 'penalty_k': 0.04895820862528812, 'scale_lr': 0.4000930764122364}. Best is trial 330 with value: 0.36352008859471124.
checkpoint_e31 window_influence: 0.37900448030600287, penalty_k: 0.00129895943347838, scale_lr: 0.12782674586300957, EAO: 0.328
Trial 990 finished with value: 0.3277441259719982 and parameters: {'window_influence': 0.37900448030600287, 'penalty_k': 0.0012989594334783805, 'scale_lr': 0.12782674586300957}. Best is trial 330 with value: 0.36352008859471124.
checkpoint_e31 window_influence: 0.41245234516918639, penalty_k: 0.33206763385790727, scale_lr: 0.32480660052081545, EAO: 0.303
Trial 991 finished with value: 0.3033516051588355 and parameters: {'window_influence': 0.4124523451691864, 'penalty_k': 0.3320676338579073, 'scale_lr': 0.32480660052081545}. Best is trial 330 with value: 0.36352008859471124.
checkpoint_e31 window_influence: 0.59844835408845232, penalty_k: 0.15067274558464819, scale_lr: 0.44563720856359462, EAO: 0.271
Trial 992 finished with value: 0.2711855730889836 and parameters: {'window_influence': 0.5984483540884523, 'penalty_k': 0.1506727455846482, 'scale_lr': 0.4456372085635946}. Best is trial 330 with value: 0.36352008859471124.
checkpoint_e31 window_influence: 0.23280977242280448, penalty_k: 0.08230555282333732, scale_lr: 0.58912483119684844, EAO: 0.305
Trial 993 finished with value: 0.3045211497563796 and parameters: {'window_influence': 0.23280977242280448, 'penalty_k': 0.08230555282333732, 'scale_lr': 0.5891248311968484}. Best is trial 330 with value: 0.36352008859471124.
checkpoint_e31 window_influence: 0.61093266657213396, penalty_k: 0.02170903861106688, scale_lr: 0.15729894680641868, EAO: 0.275
Trial 994 finished with value: 0.27480767278819695 and parameters: {'window_influence': 0.610932666572134, 'penalty_k': 0.021709038611066878, 'scale_lr': 0.15729894680641868}. Best is trial 330 with value: 0.36352008859471124.
checkpoint_e31 window_influence: 0.63636758550968475, penalty_k: 0.25772578475398406, scale_lr: 0.46520047801862530, EAO: 0.234
Trial 995 finished with value: 0.23421627573002174 and parameters: {'window_influence': 0.6363675855096848, 'penalty_k': 0.25772578475398406, 'scale_lr': 0.4652004780186253}. Best is trial 330 with value: 0.36352008859471124.
checkpoint_e31 window_influence: 0.35020880570422586, penalty_k: 0.49337708074677872, scale_lr: 0.19484737619115911, EAO: 0.290
Trial 996 finished with value: 0.2901602229139684 and parameters: {'window_influence': 0.35020880570422586, 'penalty_k': 0.4933770807467787, 'scale_lr': 0.1948473761911591}. Best is trial 330 with value: 0.36352008859471124.
checkpoint_e31 window_influence: 0.44402401903612065, penalty_k: 0.13251108563545733, scale_lr: 0.57741396635832476, EAO: 0.325
Trial 997 finished with value: 0.3248095817371101 and parameters: {'window_influence': 0.44402401903612065, 'penalty_k': 0.13251108563545733, 'scale_lr': 0.5774139663583248}. Best is trial 330 with value: 0.36352008859471124.
checkpoint_e31 window_influence: 0.49494178823786478, penalty_k: 0.00066947298045039, scale_lr: 0.53274597984286409, EAO: 0.322
Trial 998 finished with value: 0.32175574947423974 and parameters: {'window_influence': 0.4949417882378648, 'penalty_k': 0.0006694729804503884, 'scale_lr': 0.5327459798428641}. Best is trial 330 with value: 0.36352008859471124.
checkpoint_e31 window_influence: 0.28917355068716333, penalty_k: 0.05584978658963741, scale_lr: 0.11208127536250523, EAO: 0.323
Trial 999 finished with value: 0.32261573416017836 and parameters: {'window_influence': 0.2891735506871633, 'penalty_k': 0.055849786589637414, 'scale_lr': 0.11208127536250523}. Best is trial 330 with value: 0.36352008859471124.
checkpoint_e31 window_influence: 0.46693034609136458, penalty_k: 0.03385511824348527, scale_lr: 0.14142083737708694, EAO: 0.309
Trial 1000 finished with value: 0.3090308524871151 and parameters: {'window_influence': 0.4669303460913646, 'penalty_k': 0.03385511824348527, 'scale_lr': 0.14142083737708694}. Best is trial 330 with value: 0.36352008859471124.
checkpoint_e31 window_influence: 0.14338464551326893, penalty_k: 0.10130356046097781, scale_lr: 0.62211365926980888, EAO: 0.280
Trial 1001 finished with value: 0.2799833171678424 and parameters: {'window_influence': 0.14338464551326893, 'penalty_k': 0.10130356046097781, 'scale_lr': 0.6221136592698089}. Best is trial 330 with value: 0.36352008859471124.
checkpoint_e31 window_influence: 0.47761553828546249, penalty_k: 0.30702564778307279, scale_lr: 0.10052213812562096, EAO: 0.302
Trial 1002 finished with value: 0.301831784125432 and parameters: {'window_influence': 0.4776155382854625, 'penalty_k': 0.3070256477830728, 'scale_lr': 0.10052213812562096}. Best is trial 330 with value: 0.36352008859471124.
checkpoint_e31 window_influence: 0.51133941973211305, penalty_k: 0.01227264411290551, scale_lr: 0.56392002568567168, EAO: 0.337
Trial 1003 finished with value: 0.3374276386160795 and parameters: {'window_influence': 0.511339419732113, 'penalty_k': 0.012272644112905507, 'scale_lr': 0.5639200256856717}. Best is trial 330 with value: 0.36352008859471124.
checkpoint_e31 window_influence: 0.54286483834470167, penalty_k: 0.20643350269788310, scale_lr: 0.40951935089938885, EAO: 0.308
Trial 1004 finished with value: 0.3084676190920841 and parameters: {'window_influence': 0.5428648383447017, 'penalty_k': 0.2064335026978831, 'scale_lr': 0.40951935089938885}. Best is trial 330 with value: 0.36352008859471124.
checkpoint_e31 window_influence: 0.16357588376023308, penalty_k: 0.17912257553682370, scale_lr: 0.21228286886913517, EAO: 0.287
