Trial 569 finished with value: 0.3276820349786068 and parameters: {'window_influence': 0.4649758116166352, 'penalty_k': 0.24219647752582565, 'scale_lr': 0.3156862990026673}. Best is trial 128 with value: 0.3574732866732527.
checkpoint_e16 window_influence: 0.50246992169463378, penalty_k: 0.02217770595368140, scale_lr: 0.69626799176205245, EAO: 0.306
Trial 51 finished with value: 0.30648506905318235 and parameters: {'window_influence': 0.5024699216946338, 'penalty_k': 0.022177705953681404, 'scale_lr': 0.6962679917620525}. Best is trial 36 with value: 0.34034763038854193.
checkpoint_e16 window_influence: 0.44915887492156326, penalty_k: 0.00390941271514042, scale_lr: 0.77736260816785951, EAO: 0.307
Trial 570 finished with value: 0.3074503292253509 and parameters: {'window_influence': 0.44915887492156326, 'penalty_k': 0.003909412715140418, 'scale_lr': 0.7773626081678595}. Best is trial 128 with value: 0.3574732866732527.
checkpoint_e16 window_influence: 0.43845466652882492, penalty_k: 0.20112890837461694, scale_lr: 0.56780622025000516, EAO: 0.318
Trial 571 finished with value: 0.31849931064514797 and parameters: {'window_influence': 0.4384546665288249, 'penalty_k': 0.20112890837461694, 'scale_lr': 0.5678062202500052}. Best is trial 128 with value: 0.3574732866732527.
checkpoint_e16 window_influence: 0.47972467784939149, penalty_k: 0.02289488178280994, scale_lr: 0.45883280630003870, EAO: 0.333
Trial 52 finished with value: 0.332902471900914 and parameters: {'window_influence': 0.4797246778493915, 'penalty_k': 0.022894881782809937, 'scale_lr': 0.4588328063000387}. Best is trial 36 with value: 0.34034763038854193.
checkpoint_e16 window_influence: 0.47149310122364835, penalty_k: 0.02026673290693038, scale_lr: 0.33495041035238698, EAO: 0.324
Trial 572 finished with value: 0.32449431520259797 and parameters: {'window_influence': 0.47149310122364835, 'penalty_k': 0.020266732906930377, 'scale_lr': 0.334950410352387}. Best is trial 128 with value: 0.3574732866732527.
checkpoint_e16 window_influence: 0.53517281276155171, penalty_k: 0.00440853585902664, scale_lr: 0.46096378048693243, EAO: 0.305
Trial 53 finished with value: 0.3052037351326256 and parameters: {'window_influence': 0.5351728127615517, 'penalty_k': 0.004408535859026643, 'scale_lr': 0.46096378048693243}. Best is trial 36 with value: 0.34034763038854193.
checkpoint_e16 window_influence: 0.07430580699528305, penalty_k: 0.01269731231929582, scale_lr: 0.31032538979538349, EAO: 0.268
Trial 573 finished with value: 0.26795857849056154 and parameters: {'window_influence': 0.07430580699528305, 'penalty_k': 0.012697312319295823, 'scale_lr': 0.3103253897953835}. Best is trial 128 with value: 0.3574732866732527.
checkpoint_e16 window_influence: 0.43312605969286933, penalty_k: 0.03980238899355835, scale_lr: 0.43178609405277957, EAO: 0.356
Trial 54 finished with value: 0.3562600748316323 and parameters: {'window_influence': 0.4331260596928693, 'penalty_k': 0.039802388993558355, 'scale_lr': 0.43178609405277957}. Best is trial 54 with value: 0.3562600748316323.
checkpoint_e16 window_influence: 0.46010374899673373, penalty_k: 0.13316524778847416, scale_lr: 0.30024798400440639, EAO: 0.339
Trial 574 finished with value: 0.33933479625891155 and parameters: {'window_influence': 0.46010374899673373, 'penalty_k': 0.13316524778847416, 'scale_lr': 0.3002479840044064}. Best is trial 128 with value: 0.3574732866732527.
checkpoint_e16 window_influence: 0.43506639625289312, penalty_k: 0.08083088737662092, scale_lr: 0.41747674132790813, EAO: 0.332
Trial 55 finished with value: 0.33168487239208666 and parameters: {'window_influence': 0.4350663962528931, 'penalty_k': 0.08083088737662092, 'scale_lr': 0.41747674132790813}. Best is trial 54 with value: 0.3562600748316323.
checkpoint_e16 window_influence: 0.19997562998796214, penalty_k: 0.50392264494063965, scale_lr: 0.32227359114056936, EAO: 0.272
Trial 575 finished with value: 0.2719630559014903 and parameters: {'window_influence': 0.19997562998796214, 'penalty_k': 0.5039226449406397, 'scale_lr': 0.32227359114056936}. Best is trial 128 with value: 0.3574732866732527.
checkpoint_e16 window_influence: 0.43268852912271361, penalty_k: 0.08735753633934323, scale_lr: 0.41537549572481919, EAO: 0.333
Trial 56 finished with value: 0.33255244913268184 and parameters: {'window_influence': 0.4326885291227136, 'penalty_k': 0.08735753633934323, 'scale_lr': 0.4153754957248192}. Best is trial 54 with value: 0.3562600748316323.
checkpoint_e16 window_influence: 0.14259016732466923, penalty_k: 0.30551883714955358, scale_lr: 0.30698821129039611, EAO: 0.260
Trial 576 finished with value: 0.2596424197060589 and parameters: {'window_influence': 0.14259016732466923, 'penalty_k': 0.3055188371495536, 'scale_lr': 0.3069882112903961}. Best is trial 128 with value: 0.3574732866732527.
checkpoint_e16 window_influence: 0.42410924324747989, penalty_k: 0.08351769127301678, scale_lr: 0.41533346667068499, EAO: 0.300
Trial 57 finished with value: 0.300068311248308 and parameters: {'window_influence': 0.4241092432474799, 'penalty_k': 0.08351769127301678, 'scale_lr': 0.415333466670685}. Best is trial 54 with value: 0.3562600748316323.
checkpoint_e16 window_influence: 0.43657622667160284, penalty_k: 0.15513672549690763, scale_lr: 0.33631565226133808, EAO: 0.324
Trial 577 finished with value: 0.3237549938580405 and parameters: {'window_influence': 0.43657622667160284, 'penalty_k': 0.15513672549690763, 'scale_lr': 0.3363156522613381}. Best is trial 128 with value: 0.3574732866732527.
checkpoint_e16 window_influence: 0.44216674974208509, penalty_k: 0.13436974789907330, scale_lr: 0.40584536837817797, EAO: 0.307
Trial 58 finished with value: 0.3074091407923383 and parameters: {'window_influence': 0.4421667497420851, 'penalty_k': 0.1343697478990733, 'scale_lr': 0.405845368378178}. Best is trial 54 with value: 0.3562600748316323.
checkpoint_e16 window_influence: 0.46157738521612512, penalty_k: 0.28661507431981093, scale_lr: 0.20177521243693886, EAO: 0.309
Trial 578 finished with value: 0.30946278148819967 and parameters: {'window_influence': 0.4615773852161251, 'penalty_k': 0.2866150743198109, 'scale_lr': 0.20177521243693886}. Best is trial 128 with value: 0.3574732866732527.
checkpoint_e16 window_influence: 0.37439802713931891, penalty_k: 0.09388887617132997, scale_lr: 0.36538154230033698, EAO: 0.301
Trial 59 finished with value: 0.3006426097122148 and parameters: {'window_influence': 0.3743980271393189, 'penalty_k': 0.09388887617132997, 'scale_lr': 0.365381542300337}. Best is trial 54 with value: 0.3562600748316323.
checkpoint_e16 window_influence: 0.16311263360056366, penalty_k: 0.11322319943108364, scale_lr: 0.56210566981029630, EAO: 0.282
Trial 579 finished with value: 0.28159694135884833 and parameters: {'window_influence': 0.16311263360056366, 'penalty_k': 0.11322319943108364, 'scale_lr': 0.5621056698102963}. Best is trial 128 with value: 0.3574732866732527.
checkpoint_e16 window_influence: 0.46695964801056106, penalty_k: 0.10783234789172551, scale_lr: 0.38153957264489713, EAO: 0.316
Trial 60 finished with value: 0.31557873929289065 and parameters: {'window_influence': 0.46695964801056106, 'penalty_k': 0.10783234789172551, 'scale_lr': 0.38153957264489713}. Best is trial 54 with value: 0.3562600748316323.
checkpoint_e16 window_influence: 0.57570843395921267, penalty_k: 0.25617649800913428, scale_lr: 0.28957293748298324, EAO: 0.267
Trial 580 finished with value: 0.26657228873397587 and parameters: {'window_influence': 0.5757084339592127, 'penalty_k': 0.2561764980091343, 'scale_lr': 0.28957293748298324}. Best is trial 128 with value: 0.3574732866732527.
checkpoint_e16 window_influence: 0.41368395319295026, penalty_k: 0.04495909813617786, scale_lr: 0.44068313087197575, EAO: 0.317
Trial 61 finished with value: 0.3170170525980367 and parameters: {'window_influence': 0.41368395319295026, 'penalty_k': 0.04495909813617786, 'scale_lr': 0.44068313087197575}. Best is trial 54 with value: 0.3562600748316323.
checkpoint_e16 window_influence: 0.47540749866720960, penalty_k: 0.04271568236940122, scale_lr: 0.48822994274931514, EAO: 0.313
Trial 581 finished with value: 0.3130600212381044 and parameters: {'window_influence': 0.4754074986672096, 'penalty_k': 0.04271568236940122, 'scale_lr': 0.48822994274931514}. Best is trial 128 with value: 0.3574732866732527.
checkpoint_e16 window_influence: 0.42631561140524443, penalty_k: 0.17060486065647409, scale_lr: 0.32572231453962958, EAO: 0.327
Trial 582 finished with value: 0.3271213936898495 and parameters: {'window_influence': 0.42631561140524443, 'penalty_k': 0.1706048606564741, 'scale_lr': 0.3257223145396296}. Best is trial 128 with value: 0.3574732866732527.
checkpoint_e16 window_influence: 0.44546249572007690, penalty_k: 0.07019613466491068, scale_lr: 0.42315918179193202, EAO: 0.302
Trial 62 finished with value: 0.30247371368371095 and parameters: {'window_influence': 0.4454624957200769, 'penalty_k': 0.07019613466491068, 'scale_lr': 0.423159181791932}. Best is trial 54 with value: 0.3562600748316323.
checkpoint_e16 window_influence: 0.44829505613285686, penalty_k: 0.14299114838995874, scale_lr: 0.30322209142070961, EAO: 0.312
Trial 583 finished with value: 0.31215179586920755 and parameters: {'window_influence': 0.44829505613285686, 'penalty_k': 0.14299114838995874, 'scale_lr': 0.3032220914207096}. Best is trial 128 with value: 0.3574732866732527.
checkpoint_e16 window_influence: 0.46876711236506585, penalty_k: 0.04479605072293489, scale_lr: 0.46724651244360649, EAO: 0.342
Trial 63 finished with value: 0.3416682542066166 and parameters: {'window_influence': 0.46876711236506585, 'penalty_k': 0.04479605072293489, 'scale_lr': 0.4672465124436065}. Best is trial 54 with value: 0.3562600748316323.
checkpoint_e16 window_influence: 0.23541858461932469, penalty_k: 0.35987812390976015, scale_lr: 0.21870826034083252, EAO: 0.294
Trial 584 finished with value: 0.2942162550377011 and parameters: {'window_influence': 0.2354185846193247, 'penalty_k': 0.35987812390976015, 'scale_lr': 0.21870826034083252}. Best is trial 128 with value: 0.3574732866732527.
checkpoint_e16 window_influence: 0.39775660665889762, penalty_k: 0.07295758184164020, scale_lr: 0.46890172068426755, EAO: 0.308
Trial 64 finished with value: 0.3075133474536443 and parameters: {'window_influence': 0.3977566066588976, 'penalty_k': 0.0729575818416402, 'scale_lr': 0.46890172068426755}. Best is trial 54 with value: 0.3562600748316323.
checkpoint_e16 window_influence: 0.41061670749475421, penalty_k: 0.04905093489113465, scale_lr: 0.45522649888464178, EAO: 0.315
Trial 585 finished with value: 0.31450395918077995 and parameters: {'window_influence': 0.4106167074947542, 'penalty_k': 0.04905093489113465, 'scale_lr': 0.4552264988846418}. Best is trial 128 with value: 0.3574732866732527.
checkpoint_e16 window_influence: 0.45773619035241553, penalty_k: 0.01258402272723463, scale_lr: 0.50045666461698035, EAO: 0.327
Trial 65 finished with value: 0.3272519116851606 and parameters: {'window_influence': 0.45773619035241553, 'penalty_k': 0.012584022727234632, 'scale_lr': 0.5004566646169804}. Best is trial 54 with value: 0.3562600748316323.
checkpoint_e16 window_influence: 0.46471032262547612, penalty_k: 0.36455819964093888, scale_lr: 0.34482268598635030, EAO: 0.300
Trial 586 finished with value: 0.29970304215696536 and parameters: {'window_influence': 0.4647103226254761, 'penalty_k': 0.3645581996409389, 'scale_lr': 0.3448226859863503}. Best is trial 128 with value: 0.3574732866732527.
checkpoint_e16 window_influence: 0.43105338977596158, penalty_k: 0.14011985745852570, scale_lr: 0.43127799291282037, EAO: 0.311
Trial 66 finished with value: 0.3112107088013846 and parameters: {'window_influence': 0.4310533897759616, 'penalty_k': 0.1401198574585257, 'scale_lr': 0.4312779929128204}. Best is trial 54 with value: 0.3562600748316323.
checkpoint_e16 window_influence: 0.45073407071920035, penalty_k: 0.28497963909476304, scale_lr: 0.28516770490077631, EAO: 0.319
Trial 587 finished with value: 0.3188414763847678 and parameters: {'window_influence': 0.45073407071920035, 'penalty_k': 0.28497963909476304, 'scale_lr': 0.2851677049007763}. Best is trial 128 with value: 0.3574732866732527.
checkpoint_e16 window_influence: 0.40752013924154984, penalty_k: 0.11220063962791380, scale_lr: 0.40159520821186184, EAO: 0.300
Trial 67 finished with value: 0.30049091664501665 and parameters: {'window_influence': 0.40752013924154984, 'penalty_k': 0.1122006396279138, 'scale_lr': 0.40159520821186184}. Best is trial 54 with value: 0.3562600748316323.
checkpoint_e16 window_influence: 0.48212345897843645, penalty_k: 0.48792908309156013, scale_lr: 0.23748357690073582, EAO: 0.291
Trial 588 finished with value: 0.29083423722346935 and parameters: {'window_influence': 0.48212345897843645, 'penalty_k': 0.48792908309156013, 'scale_lr': 0.23748357690073582}. Best is trial 128 with value: 0.3574732866732527.
checkpoint_e16 window_influence: 0.47301670707583399, penalty_k: 0.04067211171693037, scale_lr: 0.46746635871089731, EAO: 0.326
Trial 68 finished with value: 0.32642681276288016 and parameters: {'window_influence': 0.473016707075834, 'penalty_k': 0.04067211171693037, 'scale_lr': 0.4674663587108973}. Best is trial 54 with value: 0.3562600748316323.
checkpoint_e16 window_influence: 0.43322458489412752, penalty_k: 0.00378062701593858, scale_lr: 0.32132604428832318, EAO: 0.342
Trial 589 finished with value: 0.34206868876279095 and parameters: {'window_influence': 0.4332245848941275, 'penalty_k': 0.003780627015938575, 'scale_lr': 0.3213260442883232}. Best is trial 128 with value: 0.3574732866732527.
checkpoint_e16 window_influence: 0.37402575011843714, penalty_k: 0.09090116543380446, scale_lr: 0.50930136561743355, EAO: 0.336
Trial 69 finished with value: 0.33564939480347394 and parameters: {'window_influence': 0.37402575011843714, 'penalty_k': 0.09090116543380446, 'scale_lr': 0.5093013656174336}. Best is trial 54 with value: 0.3562600748316323.
checkpoint_e16 window_influence: 0.43094244522427305, penalty_k: 0.00980964320992048, scale_lr: 0.32563317112247209, EAO: 0.314
Trial 590 finished with value: 0.31410039027841175 and parameters: {'window_influence': 0.43094244522427305, 'penalty_k': 0.009809643209920482, 'scale_lr': 0.3256331711224721}. Best is trial 128 with value: 0.3574732866732527.
checkpoint_e16 window_influence: 0.38229442111684109, penalty_k: 0.00200364726900279, scale_lr: 0.50464468965869280, EAO: 0.312
Trial 70 finished with value: 0.31186365565205365 and parameters: {'window_influence': 0.3822944211168411, 'penalty_k': 0.002003647269002793, 'scale_lr': 0.5046446896586928}. Best is trial 54 with value: 0.3562600748316323.
checkpoint_e16 window_influence: 0.42338890519370437, penalty_k: 0.01313726589646800, scale_lr: 0.17109737383182155, EAO: 0.325
Trial 591 finished with value: 0.3251615630513499 and parameters: {'window_influence': 0.42338890519370437, 'penalty_k': 0.013137265896467996, 'scale_lr': 0.17109737383182155}. Best is trial 128 with value: 0.3574732866732527.
checkpoint_e16 window_influence: 0.44171111878676311, penalty_k: 0.08653484209679084, scale_lr: 0.45088633483685175, EAO: 0.307
Trial 71 finished with value: 0.3073312099805602 and parameters: {'window_influence': 0.4417111187867631, 'penalty_k': 0.08653484209679084, 'scale_lr': 0.45088633483685175}. Best is trial 54 with value: 0.3562600748316323.
checkpoint_e16 window_influence: 0.43872183041571405, penalty_k: 0.00322320442881564, scale_lr: 0.34136882431398580, EAO: 0.342
Trial 592 finished with value: 0.3416679311355264 and parameters: {'window_influence': 0.43872183041571405, 'penalty_k': 0.003223204428815644, 'scale_lr': 0.3413688243139858}. Best is trial 128 with value: 0.3574732866732527.
checkpoint_e16 window_influence: 0.43879387877712395, penalty_k: 0.02087073656203726, scale_lr: 0.35585730346516276, EAO: 0.334
Trial 593 finished with value: 0.3336511148205063 and parameters: {'window_influence': 0.43879387877712395, 'penalty_k': 0.020870736562037258, 'scale_lr': 0.35585730346516276}. Best is trial 128 with value: 0.3574732866732527.
checkpoint_e16 window_influence: 0.47037098122595095, penalty_k: 0.05760141073408850, scale_lr: 0.51226976228623833, EAO: 0.344
Trial 72 finished with value: 0.3441129519317864 and parameters: {'window_influence': 0.47037098122595095, 'penalty_k': 0.057601410734088504, 'scale_lr': 0.5122697622862383}. Best is trial 54 with value: 0.3562600748316323.
checkpoint_e16 window_influence: 0.41061579413561355, penalty_k: 0.01788298366154011, scale_lr: 0.51483693279198994, EAO: 0.316
Trial 594 finished with value: 0.3162107941357542 and parameters: {'window_influence': 0.41061579413561355, 'penalty_k': 0.017882983661540112, 'scale_lr': 0.5148369327919899}. Best is trial 128 with value: 0.3574732866732527.
checkpoint_e16 window_influence: 0.47360361525698308, penalty_k: 0.05821957334473860, scale_lr: 0.51087920407519039, EAO: 0.342
Trial 73 finished with value: 0.3422320365673837 and parameters: {'window_influence': 0.4736036152569831, 'penalty_k': 0.058219573344738595, 'scale_lr': 0.5108792040751904}. Best is trial 54 with value: 0.3562600748316323.
checkpoint_e16 window_influence: 0.44463839934305116, penalty_k: 0.00132619400723952, scale_lr: 0.34234114863355869, EAO: 0.329
Trial 595 finished with value: 0.3294229434969824 and parameters: {'window_influence': 0.44463839934305116, 'penalty_k': 0.0013261940072395208, 'scale_lr': 0.3423411486335587}. Best is trial 128 with value: 0.3574732866732527.
checkpoint_e16 window_influence: 0.47316924546353506, penalty_k: 0.06244146655260727, scale_lr: 0.51988811586180639, EAO: 0.330
Trial 74 finished with value: 0.3295700975661148 and parameters: {'window_influence': 0.47316924546353506, 'penalty_k': 0.06244146655260727, 'scale_lr': 0.5198881158618064}. Best is trial 54 with value: 0.3562600748316323.
checkpoint_e16 window_influence: 0.41688767585492104, penalty_k: 0.00009553586682908, scale_lr: 0.33593598984741657, EAO: 0.332
Trial 596 finished with value: 0.33243551142948613 and parameters: {'window_influence': 0.41688767585492104, 'penalty_k': 9.553586682908453e-05, 'scale_lr': 0.33593598984741657}. Best is trial 128 with value: 0.3574732866732527.
checkpoint_e16 window_influence: 0.36397009723995805, penalty_k: 0.03441367544840598, scale_lr: 0.47946129145135363, EAO: 0.305
Trial 75 finished with value: 0.3054461722707934 and parameters: {'window_influence': 0.36397009723995805, 'penalty_k': 0.034413675448405984, 'scale_lr': 0.47946129145135363}. Best is trial 54 with value: 0.3562600748316323.
checkpoint_e16 window_influence: 0.07800556092285926, penalty_k: 0.01134853032122640, scale_lr: 0.35490942247083046, EAO: 0.259
Trial 597 finished with value: 0.25884195315698705 and parameters: {'window_influence': 0.07800556092285926, 'penalty_k': 0.011348530321226399, 'scale_lr': 0.35490942247083046}. Best is trial 128 with value: 0.3574732866732527.
checkpoint_e16 window_influence: 0.52290511758818603, penalty_k: 0.01898152939019884, scale_lr: 0.50907621149294613, EAO: 0.320
Trial 76 finished with value: 0.31956121151549344 and parameters: {'window_influence': 0.522905117588186, 'penalty_k': 0.018981529390198836, 'scale_lr': 0.5090762114929461}. Best is trial 54 with value: 0.3562600748316323.
checkpoint_e16 window_influence: 0.45429985747808443, penalty_k: 0.02933407804656925, scale_lr: 0.33072418885333688, EAO: 0.340
Trial 598 finished with value: 0.3398034281535835 and parameters: {'window_influence': 0.45429985747808443, 'penalty_k': 0.029334078046569255, 'scale_lr': 0.3307241888533369}. Best is trial 128 with value: 0.3574732866732527.
checkpoint_e16 window_influence: 0.47292746077646514, penalty_k: 0.11988329414727608, scale_lr: 0.54457903808981134, EAO: 0.318
Trial 77 finished with value: 0.3180845453465495 and parameters: {'window_influence': 0.47292746077646514, 'penalty_k': 0.11988329414727608, 'scale_lr': 0.5445790380898113}. Best is trial 54 with value: 0.3562600748316323.
checkpoint_e16 window_influence: 0.43128448597223035, penalty_k: 0.00071556530110634, scale_lr: 0.71669034408716215, EAO: 0.328
Trial 599 finished with value: 0.32783747809406383 and parameters: {'window_influence': 0.43128448597223035, 'penalty_k': 0.0007155653011063448, 'scale_lr': 0.7166903440871621}. Best is trial 128 with value: 0.3574732866732527.
checkpoint_e16 window_influence: 0.40411948354217042, penalty_k: 0.05738899305333141, scale_lr: 0.48085864104611586, EAO: 0.330
Trial 78 finished with value: 0.3295623103468335 and parameters: {'window_influence': 0.4041194835421704, 'penalty_k': 0.05738899305333141, 'scale_lr': 0.48085864104611586}. Best is trial 54 with value: 0.3562600748316323.
checkpoint_e16 window_influence: 0.45916097558108965, penalty_k: 0.03435844454328352, scale_lr: 0.65770001496337405, EAO: 0.294
Trial 600 finished with value: 0.29388877355171084 and parameters: {'window_influence': 0.45916097558108965, 'penalty_k': 0.03435844454328352, 'scale_lr': 0.657700014963374}. Best is trial 128 with value: 0.3574732866732527.
checkpoint_e16 window_influence: 0.41975141989299114, penalty_k: 0.09910174963093578, scale_lr: 0.50107052395730955, EAO: 0.304
Trial 79 finished with value: 0.3036952236747 and parameters: {'window_influence': 0.41975141989299114, 'penalty_k': 0.09910174963093578, 'scale_lr': 0.5010705239573096}. Best is trial 54 with value: 0.3562600748316323.
checkpoint_e16 window_influence: 0.44264561837780436, penalty_k: 0.00052268735051837, scale_lr: 0.31980780844511508, EAO: 0.326
Trial 601 finished with value: 0.3255726019580077 and parameters: {'window_influence': 0.44264561837780436, 'penalty_k': 0.0005226873505183686, 'scale_lr': 0.3198078084451151}. Best is trial 128 with value: 0.3574732866732527.
checkpoint_e16 window_influence: 0.45305954733061693, penalty_k: 0.01884808576680971, scale_lr: 0.51895991613692427, EAO: 0.343
