Trial 385 finished with value: 0.2952606505804952 and parameters: {'window_influence': 0.5330934062726491, 'penalty_k': 0.2912611099741956, 'scale_lr': 0.4553535952610281}. Best is trial 330 with value: 0.36352008859471124.
checkpoint_e31 window_influence: 0.29374321634082617, penalty_k: 0.33501273312863022, scale_lr: 0.48492833949442860, EAO: 0.305
Trial 386 finished with value: 0.30510864798197024 and parameters: {'window_influence': 0.2937432163408262, 'penalty_k': 0.3350127331286302, 'scale_lr': 0.4849283394944286}. Best is trial 330 with value: 0.36352008859471124.
checkpoint_e31 window_influence: 0.48891267577685027, penalty_k: 0.07274818334526448, scale_lr: 0.39136915599066985, EAO: 0.323
Trial 387 finished with value: 0.32301456246394594 and parameters: {'window_influence': 0.48891267577685027, 'penalty_k': 0.07274818334526448, 'scale_lr': 0.39136915599066985}. Best is trial 330 with value: 0.36352008859471124.
checkpoint_e31 window_influence: 0.47059964416466726, penalty_k: 0.03313606157736824, scale_lr: 0.14130080317485078, EAO: 0.316
Trial 388 finished with value: 0.3164728446229423 and parameters: {'window_influence': 0.47059964416466726, 'penalty_k': 0.033136061577368245, 'scale_lr': 0.14130080317485078}. Best is trial 330 with value: 0.36352008859471124.
checkpoint_e31 window_influence: 0.60401125075926021, penalty_k: 0.13890176104211716, scale_lr: 0.43105159836532148, EAO: 0.268
Trial 389 finished with value: 0.2676206542476142 and parameters: {'window_influence': 0.6040112507592602, 'penalty_k': 0.13890176104211716, 'scale_lr': 0.4310515983653215}. Best is trial 330 with value: 0.36352008859471124.
checkpoint_e31 window_influence: 0.50299420541559769, penalty_k: 0.05046572393590074, scale_lr: 0.17907903203430039, EAO: 0.334
Trial 390 finished with value: 0.33441781278714133 and parameters: {'window_influence': 0.5029942054155977, 'penalty_k': 0.05046572393590074, 'scale_lr': 0.1790790320343004}. Best is trial 330 with value: 0.36352008859471124.
checkpoint_e31 window_influence: 0.55204252237264562, penalty_k: 0.20640498532651164, scale_lr: 0.12181008370600116, EAO: 0.316
Trial 391 finished with value: 0.31574803248685623 and parameters: {'window_influence': 0.5520425223726456, 'penalty_k': 0.20640498532651164, 'scale_lr': 0.12181008370600116}. Best is trial 330 with value: 0.36352008859471124.
checkpoint_e31 window_influence: 0.37480367072148346, penalty_k: 0.02131108955749685, scale_lr: 0.41413521493602301, EAO: 0.294
Trial 392 finished with value: 0.29433650056675714 and parameters: {'window_influence': 0.37480367072148346, 'penalty_k': 0.021311089557496853, 'scale_lr': 0.414135214936023}. Best is trial 330 with value: 0.36352008859471124.
checkpoint_e31 window_influence: 0.45718634761796340, penalty_k: 0.30362417688902932, scale_lr: 0.19563020819350674, EAO: 0.335
Trial 393 finished with value: 0.3346299972051776 and parameters: {'window_influence': 0.4571863476179634, 'penalty_k': 0.3036241768890293, 'scale_lr': 0.19563020819350674}. Best is trial 330 with value: 0.36352008859471124.
checkpoint_e31 window_influence: 0.48381511874675359, penalty_k: 0.01331723373328517, scale_lr: 0.44686240113201448, EAO: 0.322
Trial 394 finished with value: 0.3218102356571168 and parameters: {'window_influence': 0.4838151187467536, 'penalty_k': 0.013317233733285173, 'scale_lr': 0.4468624011320145}. Best is trial 330 with value: 0.36352008859471124.
checkpoint_e31 window_influence: 0.52011937297838418, penalty_k: 0.25111660874829345, scale_lr: 0.20844508546886106, EAO: 0.309
Trial 395 finished with value: 0.3091483185727309 and parameters: {'window_influence': 0.5201193729783842, 'penalty_k': 0.25111660874829345, 'scale_lr': 0.20844508546886106}. Best is trial 330 with value: 0.36352008859471124.
checkpoint_e31 window_influence: 0.49812331327854742, penalty_k: 0.07949414031324804, scale_lr: 0.46879638620022263, EAO: 0.308
Trial 396 finished with value: 0.3076001480511654 and parameters: {'window_influence': 0.4981233132785474, 'penalty_k': 0.07949414031324804, 'scale_lr': 0.4687963862002226}. Best is trial 330 with value: 0.36352008859471124.
checkpoint_e31 window_influence: 0.62387169757074090, penalty_k: 0.11399138788390784, scale_lr: 0.24308929624118580, EAO: 0.255
Trial 397 finished with value: 0.25532293650194826 and parameters: {'window_influence': 0.6238716975707409, 'penalty_k': 0.11399138788390784, 'scale_lr': 0.2430892962411858}. Best is trial 330 with value: 0.36352008859471124.
checkpoint_e31 window_influence: 0.46478312427044027, penalty_k: 0.03821067311449003, scale_lr: 0.51421936246572963, EAO: 0.310
Trial 398 finished with value: 0.3095665622777976 and parameters: {'window_influence': 0.4647831242704403, 'penalty_k': 0.03821067311449003, 'scale_lr': 0.5142193624657296}. Best is trial 330 with value: 0.36352008859471124.
checkpoint_e31 window_influence: 0.51043315630515984, penalty_k: 0.22073333475486664, scale_lr: 0.21206240448205027, EAO: 0.322
Trial 399 finished with value: 0.3219887967935332 and parameters: {'window_influence': 0.5104331563051598, 'penalty_k': 0.22073333475486664, 'scale_lr': 0.21206240448205027}. Best is trial 330 with value: 0.36352008859471124.
checkpoint_e31 window_influence: 0.53334476752962034, penalty_k: 0.09443541907472316, scale_lr: 0.38295254457911165, EAO: 0.329
Trial 400 finished with value: 0.32918570060210467 and parameters: {'window_influence': 0.5333447675296203, 'penalty_k': 0.09443541907472316, 'scale_lr': 0.38295254457911165}. Best is trial 330 with value: 0.36352008859471124.
checkpoint_e31 window_influence: 0.47887893681816779, penalty_k: 0.05114422970353871, scale_lr: 0.16392158723776479, EAO: 0.329
Trial 401 finished with value: 0.3288088295942151 and parameters: {'window_influence': 0.4788789368181678, 'penalty_k': 0.05114422970353871, 'scale_lr': 0.1639215872377648}. Best is trial 330 with value: 0.36352008859471124.
checkpoint_e31 window_influence: 0.48913821513869304, penalty_k: 0.00020443080442932, scale_lr: 0.22710534563606843, EAO: 0.324
Trial 402 finished with value: 0.3244773450412639 and parameters: {'window_influence': 0.48913821513869304, 'penalty_k': 0.00020443080442932024, 'scale_lr': 0.22710534563606843}. Best is trial 330 with value: 0.36352008859471124.
checkpoint_e31 window_influence: 0.39619684430850138, penalty_k: 0.02668978565265454, scale_lr: 0.43141302048538044, EAO: 0.313
Trial 403 finished with value: 0.3132777164186485 and parameters: {'window_influence': 0.3961968443085014, 'penalty_k': 0.026689785652654535, 'scale_lr': 0.43141302048538044}. Best is trial 330 with value: 0.36352008859471124.
checkpoint_e31 window_influence: 0.26513805428180587, penalty_k: 0.01589885446514911, scale_lr: 0.25761487600916372, EAO: 0.299
Trial 404 finished with value: 0.2988154274132465 and parameters: {'window_influence': 0.26513805428180587, 'penalty_k': 0.01589885446514911, 'scale_lr': 0.2576148760091637}. Best is trial 330 with value: 0.36352008859471124.
checkpoint_e31 window_influence: 0.34883385354575214, penalty_k: 0.06486649166952599, scale_lr: 0.41419005336595560, EAO: 0.324
Trial 405 finished with value: 0.32390929225121956 and parameters: {'window_influence': 0.34883385354575214, 'penalty_k': 0.06486649166952599, 'scale_lr': 0.4141900533659556}. Best is trial 330 with value: 0.36352008859471124.
checkpoint_e31 window_influence: 0.44867913253949404, penalty_k: 0.03925646768755492, scale_lr: 0.10341431164505635, EAO: 0.336
Trial 406 finished with value: 0.33640167308456703 and parameters: {'window_influence': 0.44867913253949404, 'penalty_k': 0.03925646768755492, 'scale_lr': 0.10341431164505635}. Best is trial 330 with value: 0.36352008859471124.
checkpoint_e31 window_influence: 0.49805211439919450, penalty_k: 0.34238367504541789, scale_lr: 0.37146361444355336, EAO: 0.314
Trial 407 finished with value: 0.31443324888030844 and parameters: {'window_influence': 0.4980521143991945, 'penalty_k': 0.3423836750454179, 'scale_lr': 0.37146361444355336}. Best is trial 330 with value: 0.36352008859471124.
checkpoint_e31 window_influence: 0.52440667381256467, penalty_k: 0.22749978873147822, scale_lr: 0.18550408312931091, EAO: 0.329
Trial 408 finished with value: 0.3288655203372124 and parameters: {'window_influence': 0.5244066738125647, 'penalty_k': 0.22749978873147822, 'scale_lr': 0.1855040831293109}. Best is trial 330 with value: 0.36352008859471124.
checkpoint_e31 window_influence: 0.58791949642327013, penalty_k: 0.07705169598952892, scale_lr: 0.13884471075983554, EAO: 0.304
Trial 409 finished with value: 0.3035886880256786 and parameters: {'window_influence': 0.5879194964232701, 'penalty_k': 0.07705169598952892, 'scale_lr': 0.13884471075983554}. Best is trial 330 with value: 0.36352008859471124.
checkpoint_e31 window_influence: 0.47586692429360283, penalty_k: 0.28193972780007664, scale_lr: 0.47602876005524197, EAO: 0.312
Trial 410 finished with value: 0.3120819118004365 and parameters: {'window_influence': 0.47586692429360283, 'penalty_k': 0.28193972780007664, 'scale_lr': 0.476028760055242}. Best is trial 330 with value: 0.36352008859471124.
checkpoint_e31 window_influence: 0.50815499424284816, penalty_k: 0.15563752936503231, scale_lr: 0.39712266697564857, EAO: 0.319
Trial 411 finished with value: 0.31862186133165765 and parameters: {'window_influence': 0.5081549942428482, 'penalty_k': 0.1556375293650323, 'scale_lr': 0.3971226669756486}. Best is trial 330 with value: 0.36352008859471124.
checkpoint_e31 window_influence: 0.49289394879779874, penalty_k: 0.02894014849646265, scale_lr: 0.20142892152713421, EAO: 0.329
Trial 412 finished with value: 0.3289608795355266 and parameters: {'window_influence': 0.49289394879779874, 'penalty_k': 0.02894014849646265, 'scale_lr': 0.2014289215271342}. Best is trial 330 with value: 0.36352008859471124.
checkpoint_e31 window_influence: 0.42624160451720178, penalty_k: 0.26056067137331335, scale_lr: 0.22412511606255700, EAO: 0.311
Trial 413 finished with value: 0.31134295451965777 and parameters: {'window_influence': 0.4262416045172018, 'penalty_k': 0.26056067137331335, 'scale_lr': 0.224125116062557}. Best is trial 330 with value: 0.36352008859471124.
checkpoint_e31 window_influence: 0.46688333173919483, penalty_k: 0.05265143025078774, scale_lr: 0.33128565380442976, EAO: 0.327
Trial 414 finished with value: 0.3271267117229417 and parameters: {'window_influence': 0.46688333173919483, 'penalty_k': 0.05265143025078774, 'scale_lr': 0.33128565380442976}. Best is trial 330 with value: 0.36352008859471124.
checkpoint_e31 window_influence: 0.54179843792069626, penalty_k: 0.13073312665922074, scale_lr: 0.24750065416100059, EAO: 0.298
Trial 415 finished with value: 0.2975619566927624 and parameters: {'window_influence': 0.5417984379206963, 'penalty_k': 0.13073312665922074, 'scale_lr': 0.2475006541610006}. Best is trial 330 with value: 0.36352008859471124.
checkpoint_e31 window_influence: 0.51333789094980142, penalty_k: 0.00885391622988518, scale_lr: 0.62980300421018209, EAO: 0.327
Trial 416 finished with value: 0.327124869487165 and parameters: {'window_influence': 0.5133378909498014, 'penalty_k': 0.008853916229885184, 'scale_lr': 0.6298030042101821}. Best is trial 330 with value: 0.36352008859471124.
checkpoint_e31 window_influence: 0.43889774560709766, penalty_k: 0.30147195484623091, scale_lr: 0.44443948434290204, EAO: 0.311
Trial 417 finished with value: 0.31056495005054696 and parameters: {'window_influence': 0.43889774560709766, 'penalty_k': 0.3014719548462309, 'scale_lr': 0.44443948434290204}. Best is trial 330 with value: 0.36352008859471124.
checkpoint_e31 window_influence: 0.48455484321397146, penalty_k: 0.09065823588266478, scale_lr: 0.23775984690503968, EAO: 0.331
Trial 418 finished with value: 0.33114386300632465 and parameters: {'window_influence': 0.48455484321397146, 'penalty_k': 0.09065823588266478, 'scale_lr': 0.23775984690503968}. Best is trial 330 with value: 0.36352008859471124.
checkpoint_e31 window_influence: 0.38280476151691101, penalty_k: 0.02225789637340229, scale_lr: 0.17599358501974735, EAO: 0.297
Trial 419 finished with value: 0.2966357747868341 and parameters: {'window_influence': 0.382804761516911, 'penalty_k': 0.022257896373402294, 'scale_lr': 0.17599358501974735}. Best is trial 330 with value: 0.36352008859471124.
checkpoint_e31 window_influence: 0.50248381416483157, penalty_k: 0.19674545526164655, scale_lr: 0.26574741939592084, EAO: 0.304
Trial 420 finished with value: 0.30413732141372296 and parameters: {'window_influence': 0.5024838141648316, 'penalty_k': 0.19674545526164655, 'scale_lr': 0.26574741939592084}. Best is trial 330 with value: 0.36352008859471124.
checkpoint_e31 window_influence: 0.52024927692613820, penalty_k: 0.10583693698825006, scale_lr: 0.21782951557611391, EAO: 0.324
Trial 421 finished with value: 0.3242899843922849 and parameters: {'window_influence': 0.5202492769261382, 'penalty_k': 0.10583693698825006, 'scale_lr': 0.2178295155761139}. Best is trial 330 with value: 0.36352008859471124.
checkpoint_e31 window_influence: 0.56723688034567443, penalty_k: 0.35417143270606272, scale_lr: 0.45419720916681933, EAO: 0.268
Trial 422 finished with value: 0.26804625819861194 and parameters: {'window_influence': 0.5672368803456744, 'penalty_k': 0.3541714327060627, 'scale_lr': 0.4541972091668193}. Best is trial 330 with value: 0.36352008859471124.
checkpoint_e31 window_influence: 0.36416281405905554, penalty_k: 0.05858051649273863, scale_lr: 0.12958102201389093, EAO: 0.313
Trial 423 finished with value: 0.31318385980240565 and parameters: {'window_influence': 0.36416281405905554, 'penalty_k': 0.05858051649273863, 'scale_lr': 0.12958102201389093}. Best is trial 330 with value: 0.36352008859471124.
checkpoint_e31 window_influence: 0.45506042698064103, penalty_k: 0.04248017711726713, scale_lr: 0.54073482867349876, EAO: 0.305
Trial 424 finished with value: 0.30490190492297886 and parameters: {'window_influence': 0.45506042698064103, 'penalty_k': 0.042480177117267134, 'scale_lr': 0.5407348286734988}. Best is trial 330 with value: 0.36352008859471124.
checkpoint_e31 window_influence: 0.47649359772266731, penalty_k: 0.01573673361640032, scale_lr: 0.42726154418514006, EAO: 0.318
Trial 425 finished with value: 0.3178552237234227 and parameters: {'window_influence': 0.4764935977226673, 'penalty_k': 0.015736733616400322, 'scale_lr': 0.42726154418514006}. Best is trial 330 with value: 0.36352008859471124.
checkpoint_e31 window_influence: 0.49544785292699045, penalty_k: 0.03910988595026185, scale_lr: 0.15136928970392011, EAO: 0.348
Trial 426 finished with value: 0.34758842768372267 and parameters: {'window_influence': 0.49544785292699045, 'penalty_k': 0.039109885950261845, 'scale_lr': 0.1513692897039201}. Best is trial 330 with value: 0.36352008859471124.
checkpoint_e31 window_influence: 0.32564873065353250, penalty_k: 0.03075466573261127, scale_lr: 0.11737428790408455, EAO: 0.315
Trial 427 finished with value: 0.3148291952879049 and parameters: {'window_influence': 0.3256487306535325, 'penalty_k': 0.030754665732611267, 'scale_lr': 0.11737428790408455}. Best is trial 330 with value: 0.36352008859471124.
checkpoint_e31 window_influence: 0.53207646494325700, penalty_k: 0.13960068201571285, scale_lr: 0.10250987223472768, EAO: 0.310
Trial 428 finished with value: 0.31016702173053057 and parameters: {'window_influence': 0.532076464943257, 'penalty_k': 0.13960068201571285, 'scale_lr': 0.10250987223472768}. Best is trial 330 with value: 0.36352008859471124.
checkpoint_e31 window_influence: 0.50415875808946597, penalty_k: 0.11990526598432584, scale_lr: 0.15705523879515110, EAO: 0.312
Trial 429 finished with value: 0.3124407289209069 and parameters: {'window_influence': 0.504158758089466, 'penalty_k': 0.11990526598432584, 'scale_lr': 0.1570552387951511}. Best is trial 330 with value: 0.36352008859471124.
checkpoint_e31 window_influence: 0.51462334685995315, penalty_k: 0.03383638405712797, scale_lr: 0.15148856939846636, EAO: 0.341
Trial 430 finished with value: 0.341386700534635 and parameters: {'window_influence': 0.5146233468599531, 'penalty_k': 0.03383638405712797, 'scale_lr': 0.15148856939846636}. Best is trial 330 with value: 0.36352008859471124.
checkpoint_e31 window_influence: 0.41646933858299179, penalty_k: 0.16881625627354352, scale_lr: 0.46109296644542075, EAO: 0.311
Trial 431 finished with value: 0.31116719132267545 and parameters: {'window_influence': 0.4164693385829918, 'penalty_k': 0.16881625627354352, 'scale_lr': 0.46109296644542075}. Best is trial 330 with value: 0.36352008859471124.
checkpoint_e31 window_influence: 0.63193999596043215, penalty_k: 0.01479517501020522, scale_lr: 0.57301065216505642, EAO: 0.246
Trial 432 finished with value: 0.2461710377425999 and parameters: {'window_influence': 0.6319399959604322, 'penalty_k': 0.01479517501020522, 'scale_lr': 0.5730106521650564}. Best is trial 330 with value: 0.36352008859471124.
checkpoint_e31 window_influence: 0.49143346156962853, penalty_k: 0.04327095916898911, scale_lr: 0.31071599052268123, EAO: 0.312
Trial 433 finished with value: 0.31187607788622146 and parameters: {'window_influence': 0.4914334615696285, 'penalty_k': 0.043270959168989105, 'scale_lr': 0.31071599052268123}. Best is trial 330 with value: 0.36352008859471124.
checkpoint_e31 window_influence: 0.46521013429001457, penalty_k: 0.39391495284541034, scale_lr: 0.40386756159841902, EAO: 0.332
Trial 434 finished with value: 0.331695103459785 and parameters: {'window_influence': 0.46521013429001457, 'penalty_k': 0.39391495284541034, 'scale_lr': 0.403867561598419}. Best is trial 330 with value: 0.36352008859471124.
checkpoint_e31 window_influence: 0.17584849778186529, penalty_k: 0.02291158077248488, scale_lr: 0.13654498607584242, EAO: 0.291
Trial 435 finished with value: 0.29115266454358973 and parameters: {'window_influence': 0.1758484977818653, 'penalty_k': 0.02291158077248488, 'scale_lr': 0.13654498607584242}. Best is trial 330 with value: 0.36352008859471124.
checkpoint_e31 window_influence: 0.54896672150544634, penalty_k: 0.32619822553223110, scale_lr: 0.25456371616449069, EAO: 0.284
Trial 436 finished with value: 0.28420975311488955 and parameters: {'window_influence': 0.5489667215054463, 'penalty_k': 0.3261982255322311, 'scale_lr': 0.2545637161644907}. Best is trial 330 with value: 0.36352008859471124.
checkpoint_e31 window_influence: 0.48183976192371497, penalty_k: 0.01022800756056032, scale_lr: 0.49485619173400897, EAO: 0.321
Trial 437 finished with value: 0.3212192468490118 and parameters: {'window_influence': 0.48183976192371497, 'penalty_k': 0.010228007560560325, 'scale_lr': 0.49485619173400897}. Best is trial 330 with value: 0.36352008859471124.
checkpoint_e31 window_influence: 0.50233722109469658, penalty_k: 0.31378220444287380, scale_lr: 0.23342630638028877, EAO: 0.321
Trial 438 finished with value: 0.3206312496374553 and parameters: {'window_influence': 0.5023372210946966, 'penalty_k': 0.3137822044428738, 'scale_lr': 0.23342630638028877}. Best is trial 330 with value: 0.36352008859471124.
checkpoint_e31 window_influence: 0.52447242528980043, penalty_k: 0.05080457182320790, scale_lr: 0.37514276931911389, EAO: 0.331
Trial 439 finished with value: 0.3306516215263174 and parameters: {'window_influence': 0.5244724252898004, 'penalty_k': 0.050804571823207904, 'scale_lr': 0.3751427693191139}. Best is trial 330 with value: 0.36352008859471124.
checkpoint_e31 window_influence: 0.47530592728512377, penalty_k: 0.00045737986832182, scale_lr: 0.48017114774365016, EAO: 0.329
Trial 440 finished with value: 0.3287432354943762 and parameters: {'window_influence': 0.4753059272851238, 'penalty_k': 0.000457379868321825, 'scale_lr': 0.48017114774365016}. Best is trial 330 with value: 0.36352008859471124.
checkpoint_e31 window_influence: 0.49345930619224304, penalty_k: 0.03420085278480754, scale_lr: 0.11596399284403687, EAO: 0.356
Trial 441 finished with value: 0.3560857072414591 and parameters: {'window_influence': 0.49345930619224304, 'penalty_k': 0.03420085278480754, 'scale_lr': 0.11596399284403687}. Best is trial 330 with value: 0.36352008859471124.
checkpoint_e31 window_influence: 0.45623251823090327, penalty_k: 0.03945948546932978, scale_lr: 0.11270393001648299, EAO: 0.336
Trial 442 finished with value: 0.3363420446675111 and parameters: {'window_influence': 0.4562325182309033, 'penalty_k': 0.03945948546932978, 'scale_lr': 0.11270393001648299}. Best is trial 330 with value: 0.36352008859471124.
checkpoint_e31 window_influence: 0.49039046562167077, penalty_k: 0.05907301180816359, scale_lr: 0.12856018298380598, EAO: 0.332
Trial 443 finished with value: 0.33155464256320016 and parameters: {'window_influence': 0.49039046562167077, 'penalty_k': 0.05907301180816359, 'scale_lr': 0.12856018298380598}. Best is trial 330 with value: 0.36352008859471124.
checkpoint_e31 window_influence: 0.46918709583701723, penalty_k: 0.03512645614600285, scale_lr: 0.11489171640409285, EAO: 0.347
Trial 444 finished with value: 0.3469343697978365 and parameters: {'window_influence': 0.46918709583701723, 'penalty_k': 0.03512645614600285, 'scale_lr': 0.11489171640409285}. Best is trial 330 with value: 0.36352008859471124.
checkpoint_e31 window_influence: 0.44298102167249281, penalty_k: 0.44282903206093793, scale_lr: 0.11595729177663715, EAO: 0.285
Trial 445 finished with value: 0.2850745113907157 and parameters: {'window_influence': 0.4429810216724928, 'penalty_k': 0.44282903206093793, 'scale_lr': 0.11595729177663715}. Best is trial 330 with value: 0.36352008859471124.
checkpoint_e31 window_influence: 0.46462839081766755, penalty_k: 0.21042017883233416, scale_lr: 0.12793169979523439, EAO: 0.337
Trial 446 finished with value: 0.33691064132094845 and parameters: {'window_influence': 0.46462839081766755, 'penalty_k': 0.21042017883233416, 'scale_lr': 0.1279316997952344}. Best is trial 330 with value: 0.36352008859471124.
checkpoint_e31 window_influence: 0.47319602520151655, penalty_k: 0.03253456369710302, scale_lr: 0.12064729694443264, EAO: 0.337
