Trial 1852 finished with value: 0.2773856009838646 and parameters: {'window_influence': 0.22025084318087462, 'penalty_k': 0.15609564766351103, 'scale_lr': 0.26198988939379314}. Best is trial 1270 with value: 0.3623636909959845.
checkpoint_e22 window_influence: 0.46566807871673427, penalty_k: 0.02640803223015563, scale_lr: 0.62308740164478527, EAO: 0.301
Trial 1853 finished with value: 0.30099066773045385 and parameters: {'window_influence': 0.46566807871673427, 'penalty_k': 0.02640803223015563, 'scale_lr': 0.6230874016447853}. Best is trial 1270 with value: 0.3623636909959845.
checkpoint_e22 window_influence: 0.06742236775478405, penalty_k: 0.33396831018751116, scale_lr: 0.71472448898841390, EAO: 0.225
Trial 1854 finished with value: 0.2246864489080377 and parameters: {'window_influence': 0.06742236775478405, 'penalty_k': 0.33396831018751116, 'scale_lr': 0.7147244889884139}. Best is trial 1270 with value: 0.3623636909959845.
checkpoint_e22 window_influence: 0.11924376581410223, penalty_k: 0.09507932980936032, scale_lr: 0.68473339606548311, EAO: 0.259
Trial 1855 finished with value: 0.2592218696259339 and parameters: {'window_influence': 0.11924376581410223, 'penalty_k': 0.09507932980936032, 'scale_lr': 0.6847333960654831}. Best is trial 1270 with value: 0.3623636909959845.
checkpoint_e22 window_influence: 0.50437421249996151, penalty_k: 0.00018572649840030, scale_lr: 0.72810513750839811, EAO: 0.330
Trial 1856 finished with value: 0.32958855413277327 and parameters: {'window_influence': 0.5043742124999615, 'penalty_k': 0.00018572649840029677, 'scale_lr': 0.7281051375083981}. Best is trial 1270 with value: 0.3623636909959845.
checkpoint_e22 window_influence: 0.22189161436680366, penalty_k: 0.14430163699128573, scale_lr: 0.37143387467199868, EAO: 0.280
Trial 1857 finished with value: 0.2801510218516398 and parameters: {'window_influence': 0.22189161436680366, 'penalty_k': 0.14430163699128573, 'scale_lr': 0.3714338746719987}. Best is trial 1270 with value: 0.3623636909959845.
checkpoint_e22 window_influence: 0.45427506827813408, penalty_k: 0.07551927943853162, scale_lr: 0.59895616263532814, EAO: 0.323
Trial 1858 finished with value: 0.3226101902904214 and parameters: {'window_influence': 0.4542750682781341, 'penalty_k': 0.07551927943853162, 'scale_lr': 0.5989561626353281}. Best is trial 1270 with value: 0.3623636909959845.
checkpoint_e22 window_influence: 0.47628954669449475, penalty_k: 0.01739258636655691, scale_lr: 0.32676044313397828, EAO: 0.334
Trial 1859 finished with value: 0.3341452677658096 and parameters: {'window_influence': 0.47628954669449475, 'penalty_k': 0.017392586366556915, 'scale_lr': 0.3267604431339783}. Best is trial 1270 with value: 0.3623636909959845.
checkpoint_e22 window_influence: 0.43019207065024301, penalty_k: 0.35040366395131139, scale_lr: 0.48237914474137628, EAO: 0.306
Trial 1860 finished with value: 0.3060070411936318 and parameters: {'window_influence': 0.430192070650243, 'penalty_k': 0.3504036639513114, 'scale_lr': 0.4823791447413763}. Best is trial 1270 with value: 0.3623636909959845.
checkpoint_e22 window_influence: 0.49386946528237047, penalty_k: 0.42442949598354462, scale_lr: 0.28275737280369034, EAO: 0.289
Trial 1861 finished with value: 0.28878090533532985 and parameters: {'window_influence': 0.49386946528237047, 'penalty_k': 0.4244294959835446, 'scale_lr': 0.28275737280369034}. Best is trial 1270 with value: 0.3623636909959845.
checkpoint_e22 window_influence: 0.52081528082751583, penalty_k: 0.32501875584019863, scale_lr: 0.30913085571867122, EAO: 0.280
Trial 1862 finished with value: 0.2798120364952644 and parameters: {'window_influence': 0.5208152808275158, 'penalty_k': 0.3250187558401986, 'scale_lr': 0.3091308557186712}. Best is trial 1270 with value: 0.3623636909959845.
checkpoint_e22 window_influence: 0.44478141677107513, penalty_k: 0.22370697534848316, scale_lr: 0.65995127599914105, EAO: 0.312
Trial 1863 finished with value: 0.3119456761078148 and parameters: {'window_influence': 0.44478141677107513, 'penalty_k': 0.22370697534848316, 'scale_lr': 0.659951275999141}. Best is trial 1270 with value: 0.3623636909959845.
checkpoint_e22 window_influence: 0.48380721432168422, penalty_k: 0.44073326515117517, scale_lr: 0.45184108183946903, EAO: 0.289
Trial 1864 finished with value: 0.2885515191211775 and parameters: {'window_influence': 0.4838072143216842, 'penalty_k': 0.44073326515117517, 'scale_lr': 0.451841081839469}. Best is trial 1270 with value: 0.3623636909959845.
checkpoint_e22 window_influence: 0.46901652520364040, penalty_k: 0.36025655779833105, scale_lr: 0.34368915942823841, EAO: 0.311
Trial 1865 finished with value: 0.3112713960126216 and parameters: {'window_influence': 0.4690165252036404, 'penalty_k': 0.36025655779833105, 'scale_lr': 0.3436891594282384}. Best is trial 1270 with value: 0.3623636909959845.
checkpoint_e22 window_influence: 0.50271478189129026, penalty_k: 0.10929595295384571, scale_lr: 0.24969274573087097, EAO: 0.360
Trial 1866 finished with value: 0.35981347472751185 and parameters: {'window_influence': 0.5027147818912903, 'penalty_k': 0.10929595295384571, 'scale_lr': 0.24969274573087097}. Best is trial 1270 with value: 0.3623636909959845.
checkpoint_e22 window_influence: 0.51503981676736521, penalty_k: 0.12448896730446264, scale_lr: 0.23036921456341375, EAO: 0.315
Trial 1867 finished with value: 0.31512946209323084 and parameters: {'window_influence': 0.5150398167673652, 'penalty_k': 0.12448896730446264, 'scale_lr': 0.23036921456341375}. Best is trial 1270 with value: 0.3623636909959845.
checkpoint_e22 window_influence: 0.52998576887821180, penalty_k: 0.11715961692220080, scale_lr: 0.25036549377901091, EAO: 0.303
Trial 1868 finished with value: 0.30302661123906593 and parameters: {'window_influence': 0.5299857688782118, 'penalty_k': 0.1171596169222008, 'scale_lr': 0.2503654937790109}. Best is trial 1270 with value: 0.3623636909959845.
checkpoint_e22 window_influence: 0.50293818401683388, penalty_k: 0.12995993568444261, scale_lr: 0.23800497145055102, EAO: 0.336
Trial 1869 finished with value: 0.3355208689832502 and parameters: {'window_influence': 0.5029381840168339, 'penalty_k': 0.1299599356844426, 'scale_lr': 0.23800497145055102}. Best is trial 1270 with value: 0.3623636909959845.
checkpoint_e22 window_influence: 0.51315807383870282, penalty_k: 0.11166311031633218, scale_lr: 0.56209173265645951, EAO: 0.322
Trial 1870 finished with value: 0.3218188078255041 and parameters: {'window_influence': 0.5131580738387028, 'penalty_k': 0.11166311031633218, 'scale_lr': 0.5620917326564595}. Best is trial 1270 with value: 0.3623636909959845.
checkpoint_e22 window_influence: 0.53483714171096386, penalty_k: 0.10915854490548413, scale_lr: 0.24993965149555664, EAO: 0.314
Trial 1871 finished with value: 0.31410271654101196 and parameters: {'window_influence': 0.5348371417109639, 'penalty_k': 0.10915854490548413, 'scale_lr': 0.24993965149555664}. Best is trial 1270 with value: 0.3623636909959845.
checkpoint_e22 window_influence: 0.49852631678581266, penalty_k: 0.13425594545455899, scale_lr: 0.24497554925358175, EAO: 0.329
Trial 1872 finished with value: 0.32902523434579606 and parameters: {'window_influence': 0.49852631678581266, 'penalty_k': 0.134255945454559, 'scale_lr': 0.24497554925358175}. Best is trial 1270 with value: 0.3623636909959845.
checkpoint_e22 window_influence: 0.51540804124442274, penalty_k: 0.10609113134288806, scale_lr: 0.26237117388556819, EAO: 0.331
Trial 1873 finished with value: 0.3307389037154528 and parameters: {'window_influence': 0.5154080412444227, 'penalty_k': 0.10609113134288806, 'scale_lr': 0.2623711738855682}. Best is trial 1270 with value: 0.3623636909959845.
checkpoint_e22 window_influence: 0.50487812227411166, penalty_k: 0.12371243348041322, scale_lr: 0.23276357400373185, EAO: 0.331
Trial 1874 finished with value: 0.33105003190179744 and parameters: {'window_influence': 0.5048781222741117, 'penalty_k': 0.12371243348041322, 'scale_lr': 0.23276357400373185}. Best is trial 1270 with value: 0.3623636909959845.
checkpoint_e22 window_influence: 0.52442662957861030, penalty_k: 0.47799729483226688, scale_lr: 0.27667503589397041, EAO: 0.288
Trial 1875 finished with value: 0.2879702843696691 and parameters: {'window_influence': 0.5244266295786103, 'penalty_k': 0.4779972948322669, 'scale_lr': 0.2766750358939704}. Best is trial 1270 with value: 0.3623636909959845.
checkpoint_e22 window_influence: 0.49571528343455223, penalty_k: 0.14257999781542061, scale_lr: 0.25820666935871428, EAO: 0.314
Trial 1876 finished with value: 0.31433546044483257 and parameters: {'window_influence': 0.49571528343455223, 'penalty_k': 0.1425799978154206, 'scale_lr': 0.2582066693587143}. Best is trial 1270 with value: 0.3623636909959845.
checkpoint_e22 window_influence: 0.49188136971249702, penalty_k: 0.10244412312604789, scale_lr: 0.26592477051677632, EAO: 0.331
Trial 1877 finished with value: 0.33070480139339015 and parameters: {'window_influence': 0.491881369712497, 'penalty_k': 0.10244412312604789, 'scale_lr': 0.2659247705167763}. Best is trial 1270 with value: 0.3623636909959845.
checkpoint_e22 window_influence: 0.29813583130920618, penalty_k: 0.11736875053213244, scale_lr: 0.14084321756023627, EAO: 0.288
Trial 1878 finished with value: 0.28815037910808383 and parameters: {'window_influence': 0.2981358313092062, 'penalty_k': 0.11736875053213244, 'scale_lr': 0.14084321756023627}. Best is trial 1270 with value: 0.3623636909959845.
checkpoint_e22 window_influence: 0.50372681521075680, penalty_k: 0.01096101290177079, scale_lr: 0.27504460043934043, EAO: 0.318
Trial 1879 finished with value: 0.31795990704794336 and parameters: {'window_influence': 0.5037268152107568, 'penalty_k': 0.010961012901770793, 'scale_lr': 0.2750446004393404}. Best is trial 1270 with value: 0.3623636909959845.
checkpoint_e22 window_influence: 0.35245308240681417, penalty_k: 0.09674211910569196, scale_lr: 0.25250415672748977, EAO: 0.293
Trial 1880 finished with value: 0.29348581171221305 and parameters: {'window_influence': 0.35245308240681417, 'penalty_k': 0.09674211910569196, 'scale_lr': 0.25250415672748977}. Best is trial 1270 with value: 0.3623636909959845.
checkpoint_e22 window_influence: 0.28352193619253518, penalty_k: 0.15532069473062488, scale_lr: 0.63997875688411654, EAO: 0.271
Trial 1881 finished with value: 0.270527740338897 and parameters: {'window_influence': 0.2835219361925352, 'penalty_k': 0.15532069473062488, 'scale_lr': 0.6399787568841165}. Best is trial 1270 with value: 0.3623636909959845.
checkpoint_e22 window_influence: 0.54755509517422296, penalty_k: 0.13368414703440351, scale_lr: 0.23664974664561519, EAO: 0.327
Trial 1882 finished with value: 0.32703520862044994 and parameters: {'window_influence': 0.547555095174223, 'penalty_k': 0.1336841470344035, 'scale_lr': 0.2366497466456152}. Best is trial 1270 with value: 0.3623636909959845.
checkpoint_e22 window_influence: 0.48988968898322965, penalty_k: 0.02319394196581709, scale_lr: 0.22698096675766299, EAO: 0.316
Trial 1883 finished with value: 0.3163823392024764 and parameters: {'window_influence': 0.48988968898322965, 'penalty_k': 0.02319394196581709, 'scale_lr': 0.226980966757663}. Best is trial 1270 with value: 0.3623636909959845.
checkpoint_e22 window_influence: 0.51719725527431959, penalty_k: 0.11267983216176983, scale_lr: 0.29539674430546869, EAO: 0.326
Trial 1884 finished with value: 0.3256616261914546 and parameters: {'window_influence': 0.5171972552743196, 'penalty_k': 0.11267983216176983, 'scale_lr': 0.2953967443054687}. Best is trial 1270 with value: 0.3623636909959845.
checkpoint_e22 window_influence: 0.48500451913391951, penalty_k: 0.18107760881975490, scale_lr: 0.21943709293423708, EAO: 0.322
Trial 1885 finished with value: 0.3219780412281534 and parameters: {'window_influence': 0.4850045191339195, 'penalty_k': 0.1810776088197549, 'scale_lr': 0.21943709293423708}. Best is trial 1270 with value: 0.3623636909959845.
checkpoint_e22 window_influence: 0.50318242976900029, penalty_k: 0.37778410008928553, scale_lr: 0.28652440372592891, EAO: 0.294
Trial 1886 finished with value: 0.2944880521598957 and parameters: {'window_influence': 0.5031824297690003, 'penalty_k': 0.37778410008928553, 'scale_lr': 0.2865244037259289}. Best is trial 1270 with value: 0.3623636909959845.
checkpoint_e22 window_influence: 0.36104455506071903, penalty_k: 0.01035466066380358, scale_lr: 0.61508383685854517, EAO: 0.325
Trial 1887 finished with value: 0.3245739479936978 and parameters: {'window_influence': 0.36104455506071903, 'penalty_k': 0.010354660663803585, 'scale_lr': 0.6150838368585452}. Best is trial 1270 with value: 0.3623636909959845.
checkpoint_e22 window_influence: 0.62912892380241281, penalty_k: 0.12820471805334921, scale_lr: 0.20946063312991814, EAO: 0.246
Trial 1888 finished with value: 0.24633555844832022 and parameters: {'window_influence': 0.6291289238024128, 'penalty_k': 0.1282047180533492, 'scale_lr': 0.20946063312991814}. Best is trial 1270 with value: 0.3623636909959845.
checkpoint_e22 window_influence: 0.48174540984193426, penalty_k: 0.23474008245636563, scale_lr: 0.44112382272082656, EAO: 0.331
Trial 1889 finished with value: 0.33068508825877296 and parameters: {'window_influence': 0.48174540984193426, 'penalty_k': 0.23474008245636563, 'scale_lr': 0.44112382272082656}. Best is trial 1270 with value: 0.3623636909959845.
checkpoint_e22 window_influence: 0.54453489229881502, penalty_k: 0.25720820458223631, scale_lr: 0.53105479135090772, EAO: 0.262
Trial 1890 finished with value: 0.26247114401151234 and parameters: {'window_influence': 0.544534892298815, 'penalty_k': 0.2572082045822363, 'scale_lr': 0.5310547913509077}. Best is trial 1270 with value: 0.3623636909959845.
checkpoint_e22 window_influence: 0.30638787041673976, penalty_k: 0.17042301789619457, scale_lr: 0.51150021768809695, EAO: 0.292
Trial 1891 finished with value: 0.29185087845483176 and parameters: {'window_influence': 0.30638787041673976, 'penalty_k': 0.17042301789619457, 'scale_lr': 0.511500217688097}. Best is trial 1270 with value: 0.3623636909959845.
checkpoint_e22 window_influence: 0.49400421135528644, penalty_k: 0.03021941793332199, scale_lr: 0.77882162184667503, EAO: 0.308
Trial 1892 finished with value: 0.3079309313909553 and parameters: {'window_influence': 0.49400421135528644, 'penalty_k': 0.030219417933321994, 'scale_lr': 0.778821621846675}. Best is trial 1270 with value: 0.3623636909959845.
checkpoint_e22 window_influence: 0.30956487333979171, penalty_k: 0.09712822403769750, scale_lr: 0.66474032116292536, EAO: 0.313
Trial 1893 finished with value: 0.3126066444216999 and parameters: {'window_influence': 0.3095648733397917, 'penalty_k': 0.0971282240376975, 'scale_lr': 0.6647403211629254}. Best is trial 1270 with value: 0.3623636909959845.
checkpoint_e22 window_influence: 0.50716406451437235, penalty_k: 0.14471300612547147, scale_lr: 0.54954315465696202, EAO: 0.309
Trial 1894 finished with value: 0.3093909587609629 and parameters: {'window_influence': 0.5071640645143723, 'penalty_k': 0.14471300612547147, 'scale_lr': 0.549543154656962}. Best is trial 1270 with value: 0.3623636909959845.
checkpoint_e22 window_influence: 0.52454324962820609, penalty_k: 0.30184459313475870, scale_lr: 0.27396116960548200, EAO: 0.295
Trial 1895 finished with value: 0.2951247017787124 and parameters: {'window_influence': 0.5245432496282061, 'penalty_k': 0.3018445931347587, 'scale_lr': 0.273961169605482}. Best is trial 1270 with value: 0.3623636909959845.
checkpoint_e22 window_influence: 0.47327878070321577, penalty_k: 0.21463689767768160, scale_lr: 0.11412779729354405, EAO: 0.313
Trial 1896 finished with value: 0.3133685650876524 and parameters: {'window_influence': 0.4732787807032158, 'penalty_k': 0.2146368976776816, 'scale_lr': 0.11412779729354405}. Best is trial 1270 with value: 0.3623636909959845.
checkpoint_e22 window_influence: 0.13866452174811608, penalty_k: 0.11130871065602131, scale_lr: 0.41935879329572978, EAO: 0.271
Trial 1897 finished with value: 0.27083509853145954 and parameters: {'window_influence': 0.13866452174811608, 'penalty_k': 0.11130871065602131, 'scale_lr': 0.4193587932957298}. Best is trial 1270 with value: 0.3623636909959845.
checkpoint_e22 window_influence: 0.48894777653107413, penalty_k: 0.00006372877814321, scale_lr: 0.73861213241159307, EAO: 0.311
Trial 1898 finished with value: 0.3106762361549682 and parameters: {'window_influence': 0.48894777653107413, 'penalty_k': 6.372877814320513e-05, 'scale_lr': 0.7386121324115931}. Best is trial 1270 with value: 0.3623636909959845.
checkpoint_e22 window_influence: 0.47820189914645383, penalty_k: 0.12130288530246738, scale_lr: 0.29825433156844422, EAO: 0.323
Trial 1899 finished with value: 0.32301073501082245 and parameters: {'window_influence': 0.47820189914645383, 'penalty_k': 0.12130288530246738, 'scale_lr': 0.2982543315684442}. Best is trial 1270 with value: 0.3623636909959845.
checkpoint_e22 window_influence: 0.25800447153071121, penalty_k: 0.59925060325211255, scale_lr: 0.49819925881821953, EAO: 0.270
Trial 1900 finished with value: 0.27005719100686826 and parameters: {'window_influence': 0.2580044715307112, 'penalty_k': 0.5992506032521125, 'scale_lr': 0.4981992588182195}. Best is trial 1270 with value: 0.3623636909959845.
checkpoint_e22 window_influence: 0.09185221313383940, penalty_k: 0.20243154713181480, scale_lr: 0.58499532693675826, EAO: 0.252
Trial 1901 finished with value: 0.25171006537597 and parameters: {'window_influence': 0.0918522131338394, 'penalty_k': 0.2024315471318148, 'scale_lr': 0.5849953269367583}. Best is trial 1270 with value: 0.3623636909959845.
checkpoint_e22 window_influence: 0.50299265441699015, penalty_k: 0.03508067256547438, scale_lr: 0.46591331279808168, EAO: 0.325
Trial 1902 finished with value: 0.32463800396900694 and parameters: {'window_influence': 0.5029926544169901, 'penalty_k': 0.03508067256547438, 'scale_lr': 0.4659133127980817}. Best is trial 1270 with value: 0.3623636909959845.
checkpoint_e22 window_influence: 0.60892098093973956, penalty_k: 0.01622576864647948, scale_lr: 0.60648760994917184, EAO: 0.245
Trial 1903 finished with value: 0.245288226738978 and parameters: {'window_influence': 0.6089209809397396, 'penalty_k': 0.016225768646479476, 'scale_lr': 0.6064876099491718}. Best is trial 1270 with value: 0.3623636909959845.
checkpoint_e22 window_influence: 0.60108824024269236, penalty_k: 0.09259377439791069, scale_lr: 0.21516617935996879, EAO: 0.260
Trial 1904 finished with value: 0.26010705878530493 and parameters: {'window_influence': 0.6010882402426924, 'penalty_k': 0.0925937743979107, 'scale_lr': 0.2151661793599688}. Best is trial 1270 with value: 0.3623636909959845.
checkpoint_e22 window_influence: 0.53225365075076758, penalty_k: 0.31730299652437005, scale_lr: 0.25730365272786437, EAO: 0.294
Trial 1905 finished with value: 0.29447622556630737 and parameters: {'window_influence': 0.5322536507507676, 'penalty_k': 0.31730299652437005, 'scale_lr': 0.2573036527278644}. Best is trial 1270 with value: 0.3623636909959845.
checkpoint_e22 window_influence: 0.49050855896613993, penalty_k: 0.53749798491974965, scale_lr: 0.62690217791628988, EAO: 0.291
Trial 1906 finished with value: 0.29135695720229166 and parameters: {'window_influence': 0.49050855896613993, 'penalty_k': 0.5374979849197496, 'scale_lr': 0.6269021779162899}. Best is trial 1270 with value: 0.3623636909959845.
checkpoint_e22 window_influence: 0.11861025162448580, penalty_k: 0.10445866409780019, scale_lr: 0.48138935644601316, EAO: 0.262
Trial 1907 finished with value: 0.2619116353269681 and parameters: {'window_influence': 0.1186102516244858, 'penalty_k': 0.10445866409780019, 'scale_lr': 0.48138935644601316}. Best is trial 1270 with value: 0.3623636909959845.
checkpoint_e22 window_influence: 0.38090824697288606, penalty_k: 0.04188003605895701, scale_lr: 0.30398530505441995, EAO: 0.331
Trial 1908 finished with value: 0.3305492328646582 and parameters: {'window_influence': 0.38090824697288606, 'penalty_k': 0.04188003605895701, 'scale_lr': 0.30398530505441995}. Best is trial 1270 with value: 0.3623636909959845.
checkpoint_e22 window_influence: 0.63960090045878748, penalty_k: 0.40281593169883795, scale_lr: 0.68031860074181894, EAO: 0.226
Trial 1909 finished with value: 0.2257482574723574 and parameters: {'window_influence': 0.6396009004587875, 'penalty_k': 0.40281593169883795, 'scale_lr': 0.6803186007418189}. Best is trial 1270 with value: 0.3623636909959845.
checkpoint_e22 window_influence: 0.51440906580002665, penalty_k: 0.13601877050847125, scale_lr: 0.69793233120773657, EAO: 0.301
Trial 1910 finished with value: 0.3006923201019198 and parameters: {'window_influence': 0.5144090658000267, 'penalty_k': 0.13601877050847125, 'scale_lr': 0.6979323312077366}. Best is trial 1270 with value: 0.3623636909959845.
checkpoint_e22 window_influence: 0.18003162680980636, penalty_k: 0.28864452461516632, scale_lr: 0.57069037115452070, EAO: 0.274
Trial 1911 finished with value: 0.27399229759836013 and parameters: {'window_influence': 0.18003162680980636, 'penalty_k': 0.2886445246151663, 'scale_lr': 0.5706903711545207}. Best is trial 1270 with value: 0.3623636909959845.
checkpoint_e22 window_influence: 0.46821940244603055, penalty_k: 0.01167084823963577, scale_lr: 0.75789892724938124, EAO: 0.310
Trial 1912 finished with value: 0.31029386632869216 and parameters: {'window_influence': 0.46821940244603055, 'penalty_k': 0.011670848239635765, 'scale_lr': 0.7578989272493812}. Best is trial 1270 with value: 0.3623636909959845.
checkpoint_e22 window_influence: 0.48045967786048732, penalty_k: 0.26919505992110948, scale_lr: 0.28438265111921773, EAO: 0.307
Trial 1913 finished with value: 0.30651890860457365 and parameters: {'window_influence': 0.4804596778604873, 'penalty_k': 0.2691950599211095, 'scale_lr': 0.28438265111921773}. Best is trial 1270 with value: 0.3623636909959845.
checkpoint_e22 window_influence: 0.64734378123608405, penalty_k: 0.08353311580546907, scale_lr: 0.70580334719432536, EAO: 0.231
