Trial 186 finished with value: 0.3106202796855325 and parameters: {'window_influence': 0.4501888549566017, 'penalty_k': 0.16390741957882524, 'scale_lr': 0.41956356898219543}. Best is trial 92 with value: 0.3528415023816699.
checkpoint_e32 window_influence: 0.38142273077989935, penalty_k: 0.08561589792284023, scale_lr: 0.57139714235373973, EAO: 0.319
Trial 187 finished with value: 0.31857150456784766 and parameters: {'window_influence': 0.38142273077989935, 'penalty_k': 0.08561589792284023, 'scale_lr': 0.5713971423537397}. Best is trial 92 with value: 0.3528415023816699.
checkpoint_e32 window_influence: 0.39251288401868462, penalty_k: 0.13350980310160770, scale_lr: 0.60857398539974217, EAO: 0.324
Trial 188 finished with value: 0.32425545127011457 and parameters: {'window_influence': 0.3925128840186846, 'penalty_k': 0.1335098031016077, 'scale_lr': 0.6085739853997422}. Best is trial 92 with value: 0.3528415023816699.
checkpoint_e32 window_influence: 0.47924887400947297, penalty_k: 0.05682418292586410, scale_lr: 0.46770738769412679, EAO: 0.330
Trial 189 finished with value: 0.33031172650333507 and parameters: {'window_influence': 0.47924887400947297, 'penalty_k': 0.0568241829258641, 'scale_lr': 0.4677073876941268}. Best is trial 92 with value: 0.3528415023816699.
checkpoint_e32 window_influence: 0.41997088979209207, penalty_k: 0.19052076402830434, scale_lr: 0.44174406190483195, EAO: 0.327
Trial 190 finished with value: 0.3268972157504308 and parameters: {'window_influence': 0.4199708897920921, 'penalty_k': 0.19052076402830434, 'scale_lr': 0.44174406190483195}. Best is trial 92 with value: 0.3528415023816699.
checkpoint_e32 window_influence: 0.41255189431670181, penalty_k: 0.07171220721690828, scale_lr: 0.42011616449097006, EAO: 0.340
Trial 191 finished with value: 0.3402772219960328 and parameters: {'window_influence': 0.4125518943167018, 'penalty_k': 0.07171220721690828, 'scale_lr': 0.42011616449097006}. Best is trial 92 with value: 0.3528415023816699.
checkpoint_e32 window_influence: 0.43269904518886343, penalty_k: 0.07879754224745746, scale_lr: 0.41117246695133813, EAO: 0.333
Trial 192 finished with value: 0.3334931516693724 and parameters: {'window_influence': 0.43269904518886343, 'penalty_k': 0.07879754224745746, 'scale_lr': 0.41117246695133813}. Best is trial 92 with value: 0.3528415023816699.
checkpoint_e32 window_influence: 0.40216724828019668, penalty_k: 0.10682716779796349, scale_lr: 0.42938953908489869, EAO: 0.340
Trial 193 finished with value: 0.3402539923033362 and parameters: {'window_influence': 0.4021672482801967, 'penalty_k': 0.10682716779796349, 'scale_lr': 0.4293895390848987}. Best is trial 92 with value: 0.3528415023816699.
checkpoint_e32 window_influence: 0.41382492340105104, penalty_k: 0.10297038687247299, scale_lr: 0.42713596085379907, EAO: 0.328
Trial 194 finished with value: 0.3282983171452808 and parameters: {'window_influence': 0.41382492340105104, 'penalty_k': 0.102970386872473, 'scale_lr': 0.42713596085379907}. Best is trial 92 with value: 0.3528415023816699.
checkpoint_e32 window_influence: 0.40172202808816942, penalty_k: 0.10777930791284844, scale_lr: 0.39107309552780906, EAO: 0.340
Trial 195 finished with value: 0.3395507175634807 and parameters: {'window_influence': 0.4017220280881694, 'penalty_k': 0.10777930791284844, 'scale_lr': 0.39107309552780906}. Best is trial 92 with value: 0.3528415023816699.
checkpoint_e32 window_influence: 0.39827124100921063, penalty_k: 0.10867730671103364, scale_lr: 0.37853444810489112, EAO: 0.336
Trial 196 finished with value: 0.3360213407746549 and parameters: {'window_influence': 0.39827124100921063, 'penalty_k': 0.10867730671103364, 'scale_lr': 0.3785344481048911}. Best is trial 92 with value: 0.3528415023816699.
checkpoint_e32 window_influence: 0.46051373841779553, penalty_k: 0.12172043808899249, scale_lr: 0.39970679380789448, EAO: 0.319
Trial 197 finished with value: 0.3186231026505682 and parameters: {'window_influence': 0.4605137384177955, 'penalty_k': 0.1217204380889925, 'scale_lr': 0.3997067938078945}. Best is trial 92 with value: 0.3528415023816699.
checkpoint_e32 window_influence: 0.37102714872358111, penalty_k: 0.08867687344455359, scale_lr: 0.45082113732912166, EAO: 0.319
Trial 198 finished with value: 0.31856382038110886 and parameters: {'window_influence': 0.3710271487235811, 'penalty_k': 0.08867687344455359, 'scale_lr': 0.45082113732912166}. Best is trial 92 with value: 0.3528415023816699.
checkpoint_e32 window_influence: 0.40510105367368099, penalty_k: 0.10268766087513204, scale_lr: 0.38802561693714321, EAO: 0.335
Trial 199 finished with value: 0.3347132181611043 and parameters: {'window_influence': 0.405101053673681, 'penalty_k': 0.10268766087513204, 'scale_lr': 0.3880256169371432}. Best is trial 92 with value: 0.3528415023816699.
checkpoint_e32 window_influence: 0.44448921568555427, penalty_k: 0.11543381847664766, scale_lr: 0.42120212261825890, EAO: 0.301
Trial 200 finished with value: 0.30140946637331745 and parameters: {'window_influence': 0.4444892156855543, 'penalty_k': 0.11543381847664766, 'scale_lr': 0.4212021226182589}. Best is trial 92 with value: 0.3528415023816699.
checkpoint_e32 window_influence: 0.42548744985794590, penalty_k: 0.08943787121667630, scale_lr: 0.43799238244306476, EAO: 0.331
Trial 201 finished with value: 0.33096972119483503 and parameters: {'window_influence': 0.4254874498579459, 'penalty_k': 0.0894378712166763, 'scale_lr': 0.43799238244306476}. Best is trial 92 with value: 0.3528415023816699.
checkpoint_e32 window_influence: 0.41705950016766069, penalty_k: 0.17590601590894572, scale_lr: 0.39729075003640235, EAO: 0.319
Trial 202 finished with value: 0.31930960743807635 and parameters: {'window_influence': 0.4170595001676607, 'penalty_k': 0.17590601590894572, 'scale_lr': 0.39729075003640235}. Best is trial 92 with value: 0.3528415023816699.
checkpoint_e32 window_influence: 0.43489358130001110, penalty_k: 0.07597857106877504, scale_lr: 0.42555694832347118, EAO: 0.313
Trial 203 finished with value: 0.3131744884795252 and parameters: {'window_influence': 0.4348935813000111, 'penalty_k': 0.07597857106877504, 'scale_lr': 0.4255569483234712}. Best is trial 92 with value: 0.3528415023816699.
checkpoint_e32 window_influence: 0.39279893676687572, penalty_k: 0.13266641374711816, scale_lr: 0.45475177135962769, EAO: 0.321
Trial 204 finished with value: 0.32100779948763347 and parameters: {'window_influence': 0.3927989367668757, 'penalty_k': 0.13266641374711816, 'scale_lr': 0.4547517713596277}. Best is trial 92 with value: 0.3528415023816699.
checkpoint_e32 window_influence: 0.40634836364423427, penalty_k: 0.09540684628889468, scale_lr: 0.40906342286223252, EAO: 0.317
Trial 205 finished with value: 0.317425830586875 and parameters: {'window_influence': 0.40634836364423427, 'penalty_k': 0.09540684628889468, 'scale_lr': 0.4090634228622325}. Best is trial 92 with value: 0.3528415023816699.
checkpoint_e32 window_influence: 0.42527699013954690, penalty_k: 0.04105954957551311, scale_lr: 0.36678001454760339, EAO: 0.337
Trial 206 finished with value: 0.3365646395469918 and parameters: {'window_influence': 0.4252769901395469, 'penalty_k': 0.04105954957551311, 'scale_lr': 0.3667800145476034}. Best is trial 92 with value: 0.3528415023816699.
checkpoint_e32 window_influence: 0.44495667605578382, penalty_k: 0.06397412620911277, scale_lr: 0.44378319747697537, EAO: 0.343
Trial 207 finished with value: 0.342994730992076 and parameters: {'window_influence': 0.4449566760557838, 'penalty_k': 0.06397412620911277, 'scale_lr': 0.44378319747697537}. Best is trial 92 with value: 0.3528415023816699.
checkpoint_e32 window_influence: 0.46887986533686937, penalty_k: 0.05912218646455067, scale_lr: 0.43964260347545131, EAO: 0.334
Trial 208 finished with value: 0.33430632844509317 and parameters: {'window_influence': 0.4688798653368694, 'penalty_k': 0.05912218646455067, 'scale_lr': 0.4396426034754513}. Best is trial 92 with value: 0.3528415023816699.
checkpoint_e32 window_influence: 0.45226136799955902, penalty_k: 0.06538600758713493, scale_lr: 0.45944370616192332, EAO: 0.338
Trial 209 finished with value: 0.33808465388962267 and parameters: {'window_influence': 0.452261367999559, 'penalty_k': 0.06538600758713493, 'scale_lr': 0.4594437061619233}. Best is trial 92 with value: 0.3528415023816699.
checkpoint_e32 window_influence: 0.44837071241937770, penalty_k: 0.04735892129969263, scale_lr: 0.46936433917827641, EAO: 0.324
Trial 210 finished with value: 0.32363809882898736 and parameters: {'window_influence': 0.4483707124193777, 'penalty_k': 0.04735892129969263, 'scale_lr': 0.4693643391782764}. Best is trial 92 with value: 0.3528415023816699.
checkpoint_e32 window_influence: 0.45993131575529816, penalty_k: 0.06760995029463238, scale_lr: 0.44867698119934313, EAO: 0.342
Trial 211 finished with value: 0.34167440983571895 and parameters: {'window_influence': 0.45993131575529816, 'penalty_k': 0.06760995029463238, 'scale_lr': 0.44867698119934313}. Best is trial 92 with value: 0.3528415023816699.
checkpoint_e32 window_influence: 0.44046510546742740, penalty_k: 0.06849836648760890, scale_lr: 0.44416111393377522, EAO: 0.330
Trial 212 finished with value: 0.32951273435748507 and parameters: {'window_influence': 0.4404651054674274, 'penalty_k': 0.0684983664876089, 'scale_lr': 0.4441611139337752}. Best is trial 92 with value: 0.3528415023816699.
checkpoint_e32 window_influence: 0.46117592229737597, penalty_k: 0.07666858217031038, scale_lr: 0.45910019217560005, EAO: 0.325
Trial 213 finished with value: 0.3248092273561871 and parameters: {'window_influence': 0.461175922297376, 'penalty_k': 0.07666858217031038, 'scale_lr': 0.45910019217560005}. Best is trial 92 with value: 0.3528415023816699.
checkpoint_e32 window_influence: 0.44885523675592631, penalty_k: 0.01527538965136009, scale_lr: 0.42729699362732559, EAO: 0.331
Trial 214 finished with value: 0.33056881084516354 and parameters: {'window_influence': 0.4488552367559263, 'penalty_k': 0.015275389651360086, 'scale_lr': 0.4272969936273256}. Best is trial 92 with value: 0.3528415023816699.
checkpoint_e32 window_influence: 0.43411290271191361, penalty_k: 0.02710988823174322, scale_lr: 0.47827431577023144, EAO: 0.338
Trial 215 finished with value: 0.3375729795559835 and parameters: {'window_influence': 0.4341129027119136, 'penalty_k': 0.027109888231743217, 'scale_lr': 0.47827431577023144}. Best is trial 92 with value: 0.3528415023816699.
checkpoint_e32 window_influence: 0.14941228897099657, penalty_k: 0.05286053972514956, scale_lr: 0.44899239168226973, EAO: 0.284
Trial 216 finished with value: 0.28449342344753475 and parameters: {'window_influence': 0.14941228897099657, 'penalty_k': 0.05286053972514956, 'scale_lr': 0.44899239168226973}. Best is trial 92 with value: 0.3528415023816699.
checkpoint_e32 window_influence: 0.45826851053523288, penalty_k: 0.06395524036930447, scale_lr: 0.46054642164860138, EAO: 0.326
Trial 217 finished with value: 0.3261281287855675 and parameters: {'window_influence': 0.4582685105352329, 'penalty_k': 0.06395524036930447, 'scale_lr': 0.4605464216486014}. Best is trial 92 with value: 0.3528415023816699.
checkpoint_e32 window_influence: 0.49467613368555069, penalty_k: 0.08051274818683998, scale_lr: 0.40930439192396162, EAO: 0.306
Trial 218 finished with value: 0.30630648675363814 and parameters: {'window_influence': 0.4946761336855507, 'penalty_k': 0.08051274818683998, 'scale_lr': 0.4093043919239616}. Best is trial 92 with value: 0.3528415023816699.
checkpoint_e32 window_influence: 0.64945571704456129, penalty_k: 0.10345243476601648, scale_lr: 0.42073417710273531, EAO: 0.223
Trial 219 finished with value: 0.22349880844470593 and parameters: {'window_influence': 0.6494557170445613, 'penalty_k': 0.10345243476601648, 'scale_lr': 0.4207341771027353}. Best is trial 92 with value: 0.3528415023816699.
checkpoint_e32 window_influence: 0.38664009300518898, penalty_k: 0.04065448339479354, scale_lr: 0.43538839442118382, EAO: 0.320
Trial 220 finished with value: 0.3201220824096917 and parameters: {'window_influence': 0.386640093005189, 'penalty_k': 0.04065448339479354, 'scale_lr': 0.4353883944211838}. Best is trial 92 with value: 0.3528415023816699.
checkpoint_e32 window_influence: 0.47291165870492619, penalty_k: 0.08472300552618858, scale_lr: 0.48397685503952415, EAO: 0.333
Trial 221 finished with value: 0.3330832428737373 and parameters: {'window_influence': 0.4729116587049262, 'penalty_k': 0.08472300552618858, 'scale_lr': 0.48397685503952415}. Best is trial 92 with value: 0.3528415023816699.
checkpoint_e32 window_influence: 0.45476835596286080, penalty_k: 0.09454718844768199, scale_lr: 0.44536377859426934, EAO: 0.327
Trial 222 finished with value: 0.3267203431996854 and parameters: {'window_influence': 0.4547683559628608, 'penalty_k': 0.09454718844768199, 'scale_lr': 0.44536377859426934}. Best is trial 92 with value: 0.3528415023816699.
checkpoint_e32 window_influence: 0.24582317853882324, penalty_k: 0.06702051863499547, scale_lr: 0.46797526817263146, EAO: 0.311
Trial 223 finished with value: 0.3113770389835194 and parameters: {'window_influence': 0.24582317853882324, 'penalty_k': 0.06702051863499547, 'scale_lr': 0.46797526817263146}. Best is trial 92 with value: 0.3528415023816699.
checkpoint_e32 window_influence: 0.48112792886687616, penalty_k: 0.08485843083509938, scale_lr: 0.39250578217529891, EAO: 0.323
Trial 224 finished with value: 0.32325299374092414 and parameters: {'window_influence': 0.48112792886687616, 'penalty_k': 0.08485843083509938, 'scale_lr': 0.3925057821752989}. Best is trial 92 with value: 0.3528415023816699.
checkpoint_e32 window_influence: 0.43906650538590453, penalty_k: 0.11664174809907009, scale_lr: 0.41300821209284527, EAO: 0.340
Trial 225 finished with value: 0.3402722278457671 and parameters: {'window_influence': 0.4390665053859045, 'penalty_k': 0.11664174809907009, 'scale_lr': 0.4130082120928453}. Best is trial 92 with value: 0.3528415023816699.
checkpoint_e32 window_influence: 0.43097168638206101, penalty_k: 0.11877167138969831, scale_lr: 0.42109221195809149, EAO: 0.330
Trial 226 finished with value: 0.32972153615394917 and parameters: {'window_influence': 0.430971686382061, 'penalty_k': 0.11877167138969831, 'scale_lr': 0.4210922119580915}. Best is trial 92 with value: 0.3528415023816699.
checkpoint_e32 window_influence: 0.41306512565397019, penalty_k: 0.10713849714265997, scale_lr: 0.40958536380898902, EAO: 0.339
Trial 227 finished with value: 0.33873463894606565 and parameters: {'window_influence': 0.4130651256539702, 'penalty_k': 0.10713849714265997, 'scale_lr': 0.409585363808989}. Best is trial 92 with value: 0.3528415023816699.
checkpoint_e32 window_influence: 0.40084825502349336, penalty_k: 0.10993917123466442, scale_lr: 0.40841002182282021, EAO: 0.330
Trial 228 finished with value: 0.330245075638656 and parameters: {'window_influence': 0.40084825502349336, 'penalty_k': 0.10993917123466442, 'scale_lr': 0.4084100218228202}. Best is trial 92 with value: 0.3528415023816699.
checkpoint_e32 window_influence: 0.41626462800347208, penalty_k: 0.33564304921511862, scale_lr: 0.39564411775823510, EAO: 0.328
Trial 229 finished with value: 0.32825794885594556 and parameters: {'window_influence': 0.4162646280034721, 'penalty_k': 0.3356430492151186, 'scale_lr': 0.3956441177582351}. Best is trial 92 with value: 0.3528415023816699.
checkpoint_e32 window_influence: 0.41395519805705366, penalty_k: 0.12245573074225022, scale_lr: 0.42243480654492488, EAO: 0.338
Trial 230 finished with value: 0.3376524032089961 and parameters: {'window_influence': 0.41395519805705366, 'penalty_k': 0.12245573074225022, 'scale_lr': 0.4224348065449249}. Best is trial 92 with value: 0.3528415023816699.
checkpoint_e32 window_influence: 0.43132242416340305, penalty_k: 0.09990965203185138, scale_lr: 0.43266788544323664, EAO: 0.339
Trial 231 finished with value: 0.3391275165841737 and parameters: {'window_influence': 0.43132242416340305, 'penalty_k': 0.09990965203185138, 'scale_lr': 0.43266788544323664}. Best is trial 92 with value: 0.3528415023816699.
checkpoint_e32 window_influence: 0.43660731730026547, penalty_k: 0.09864504710251898, scale_lr: 0.43516976576881111, EAO: 0.332
Trial 232 finished with value: 0.3318507103140716 and parameters: {'window_influence': 0.4366073173002655, 'penalty_k': 0.09864504710251898, 'scale_lr': 0.4351697657688111}. Best is trial 92 with value: 0.3528415023816699.
checkpoint_e32 window_influence: 0.42359354620430451, penalty_k: 0.11118102263063337, scale_lr: 0.44105929590647214, EAO: 0.340
Trial 233 finished with value: 0.3400827621903401 and parameters: {'window_influence': 0.4235935462043045, 'penalty_k': 0.11118102263063337, 'scale_lr': 0.44105929590647214}. Best is trial 92 with value: 0.3528415023816699.
checkpoint_e32 window_influence: 0.42534476627729045, penalty_k: 0.11026535925962898, scale_lr: 0.43768973627981200, EAO: 0.327
Trial 234 finished with value: 0.3269935919385012 and parameters: {'window_influence': 0.42534476627729045, 'penalty_k': 0.11026535925962898, 'scale_lr': 0.437689736279812}. Best is trial 92 with value: 0.3528415023816699.
checkpoint_e32 window_influence: 0.40939005834987652, penalty_k: 0.10095642416800993, scale_lr: 0.41011048044880305, EAO: 0.340
Trial 235 finished with value: 0.33970649673781045 and parameters: {'window_influence': 0.4093900583498765, 'penalty_k': 0.10095642416800993, 'scale_lr': 0.41011048044880305}. Best is trial 92 with value: 0.3528415023816699.
checkpoint_e32 window_influence: 0.40604029054899526, penalty_k: 0.10280612307556793, scale_lr: 0.41261689594637863, EAO: 0.335
Trial 236 finished with value: 0.3345045140049337 and parameters: {'window_influence': 0.40604029054899526, 'penalty_k': 0.10280612307556793, 'scale_lr': 0.4126168959463786}. Best is trial 92 with value: 0.3528415023816699.
checkpoint_e32 window_influence: 0.39551897500527933, penalty_k: 0.09605537218431853, scale_lr: 0.38043691419813053, EAO: 0.316
Trial 237 finished with value: 0.31600387208888503 and parameters: {'window_influence': 0.3955189750052793, 'penalty_k': 0.09605537218431853, 'scale_lr': 0.3804369141981305}. Best is trial 92 with value: 0.3528415023816699.
checkpoint_e32 window_influence: 0.38065352247733159, penalty_k: 0.11167690904887667, scale_lr: 0.40451282359175328, EAO: 0.349
Trial 238 finished with value: 0.3491769558260877 and parameters: {'window_influence': 0.3806535224773316, 'penalty_k': 0.11167690904887667, 'scale_lr': 0.4045128235917533}. Best is trial 92 with value: 0.3528415023816699.
checkpoint_e32 window_influence: 0.35211851369943814, penalty_k: 0.12817972762056237, scale_lr: 0.42975529165529980, EAO: 0.321
Trial 239 finished with value: 0.3208160331972842 and parameters: {'window_influence': 0.35211851369943814, 'penalty_k': 0.12817972762056237, 'scale_lr': 0.4297552916552998}. Best is trial 92 with value: 0.3528415023816699.
checkpoint_e32 window_influence: 0.38650758273634361, penalty_k: 0.11665609563362016, scale_lr: 0.39481958419114010, EAO: 0.335
Trial 240 finished with value: 0.3350147809036047 and parameters: {'window_influence': 0.3865075827363436, 'penalty_k': 0.11665609563362016, 'scale_lr': 0.3948195841911401}. Best is trial 92 with value: 0.3528415023816699.
checkpoint_e32 window_influence: 0.37402646107003024, penalty_k: 0.10809382411656909, scale_lr: 0.42205371044324808, EAO: 0.342
Trial 241 finished with value: 0.3416701758186177 and parameters: {'window_influence': 0.37402646107003024, 'penalty_k': 0.10809382411656909, 'scale_lr': 0.4220537104432481}. Best is trial 92 with value: 0.3528415023816699.
checkpoint_e32 window_influence: 0.37815998318179456, penalty_k: 0.09166743899383303, scale_lr: 0.44661083013259784, EAO: 0.322
Trial 242 finished with value: 0.3215242198121223 and parameters: {'window_influence': 0.37815998318179456, 'penalty_k': 0.09166743899383303, 'scale_lr': 0.44661083013259784}. Best is trial 92 with value: 0.3528415023816699.
checkpoint_e32 window_influence: 0.36892943315277332, penalty_k: 0.13929842699208395, scale_lr: 0.42742714067511489, EAO: 0.321
Trial 243 finished with value: 0.32079735433081247 and parameters: {'window_influence': 0.3689294331527733, 'penalty_k': 0.13929842699208395, 'scale_lr': 0.4274271406751149}. Best is trial 92 with value: 0.3528415023816699.
checkpoint_e32 window_influence: 0.39620304958572500, penalty_k: 0.11063698238145360, scale_lr: 0.42464475166609689, EAO: 0.329
Trial 244 finished with value: 0.32855948399940815 and parameters: {'window_influence': 0.396203049585725, 'penalty_k': 0.1106369823814536, 'scale_lr': 0.4246447516660969}. Best is trial 92 with value: 0.3528415023816699.
checkpoint_e32 window_influence: 0.38637169835677337, penalty_k: 0.07988455726266397, scale_lr: 0.40352969055392818, EAO: 0.339
Trial 245 finished with value: 0.3386545175476297 and parameters: {'window_influence': 0.3863716983567734, 'penalty_k': 0.07988455726266397, 'scale_lr': 0.4035296905539282}. Best is trial 92 with value: 0.3528415023816699.
checkpoint_e32 window_influence: 0.36724770404265106, penalty_k: 0.12340244333822670, scale_lr: 0.44929793340890617, EAO: 0.348
Trial 246 finished with value: 0.34767127744418636 and parameters: {'window_influence': 0.36724770404265106, 'penalty_k': 0.1234024433382267, 'scale_lr': 0.44929793340890617}. Best is trial 92 with value: 0.3528415023816699.
checkpoint_e32 window_influence: 0.36961560679041022, penalty_k: 0.12477611006001053, scale_lr: 0.46668389444453773, EAO: 0.315
Trial 247 finished with value: 0.3152516359601039 and parameters: {'window_influence': 0.3696156067904102, 'penalty_k': 0.12477611006001053, 'scale_lr': 0.46668389444453773}. Best is trial 92 with value: 0.3528415023816699.
checkpoint_e32 window_influence: 0.37583818490645193, penalty_k: 0.11187607113185018, scale_lr: 0.44873952939786038, EAO: 0.335
