Trial 2531 finished with value: 0.3229046542820764 and parameters: {'window_influence': 0.4679852553587316, 'penalty_k': 0.07287608915722354, 'scale_lr': 0.5010504696737339}. Best is trial 1270 with value: 0.3623636909959845.
checkpoint_e22 window_influence: 0.49004825589377549, penalty_k: 0.43831874310870139, scale_lr: 0.74457707566661857, EAO: 0.302
Trial 2532 finished with value: 0.30234916212493806 and parameters: {'window_influence': 0.4900482558937755, 'penalty_k': 0.4383187431087014, 'scale_lr': 0.7445770756666186}. Best is trial 1270 with value: 0.3623636909959845.
checkpoint_e22 window_influence: 0.31645991295644904, penalty_k: 0.01152526255472870, scale_lr: 0.62647984536150592, EAO: 0.309
Trial 2533 finished with value: 0.3090393179121648 and parameters: {'window_influence': 0.31645991295644904, 'penalty_k': 0.011525262554728702, 'scale_lr': 0.6264798453615059}. Best is trial 1270 with value: 0.3623636909959845.
checkpoint_e22 window_influence: 0.12181780119112789, penalty_k: 0.11102741010772935, scale_lr: 0.47508814202551652, EAO: 0.262
Trial 2534 finished with value: 0.26234670209513566 and parameters: {'window_influence': 0.1218178011911279, 'penalty_k': 0.11102741010772935, 'scale_lr': 0.4750881420255165}. Best is trial 1270 with value: 0.3623636909959845.
checkpoint_e22 window_influence: 0.22904423856355691, penalty_k: 0.34054673649927647, scale_lr: 0.21466209445982326, EAO: 0.271
Trial 2535 finished with value: 0.27080339813742654 and parameters: {'window_influence': 0.2290442385635569, 'penalty_k': 0.34054673649927647, 'scale_lr': 0.21466209445982326}. Best is trial 1270 with value: 0.3623636909959845.
checkpoint_e22 window_influence: 0.45316455814408535, penalty_k: 0.35808811563314097, scale_lr: 0.58310449270805764, EAO: 0.309
Trial 2536 finished with value: 0.30886281916603503 and parameters: {'window_influence': 0.45316455814408535, 'penalty_k': 0.35808811563314097, 'scale_lr': 0.5831044927080576}. Best is trial 1270 with value: 0.3623636909959845.
checkpoint_e22 window_influence: 0.50600757220820891, penalty_k: 0.31362902676350118, scale_lr: 0.29579678843218110, EAO: 0.305
Trial 2537 finished with value: 0.3048328427953015 and parameters: {'window_influence': 0.5060075722082089, 'penalty_k': 0.3136290267635012, 'scale_lr': 0.2957967884321811}. Best is trial 1270 with value: 0.3623636909959845.
checkpoint_e22 window_influence: 0.47702252257702193, penalty_k: 0.05796944991809463, scale_lr: 0.59532727392175322, EAO: 0.330
Trial 2538 finished with value: 0.3297129206156452 and parameters: {'window_influence': 0.47702252257702193, 'penalty_k': 0.057969449918094634, 'scale_lr': 0.5953272739217532}. Best is trial 1270 with value: 0.3623636909959845.
checkpoint_e22 window_influence: 0.10611827471468799, penalty_k: 0.47816665318051943, scale_lr: 0.75805400028279146, EAO: 0.245
Trial 2539 finished with value: 0.2452718616691545 and parameters: {'window_influence': 0.10611827471468799, 'penalty_k': 0.47816665318051943, 'scale_lr': 0.7580540002827915}. Best is trial 1270 with value: 0.3623636909959845.
checkpoint_e22 window_influence: 0.38176532788221373, penalty_k: 0.08545394805371292, scale_lr: 0.54555470116938520, EAO: 0.316
Trial 2540 finished with value: 0.31594250754159714 and parameters: {'window_influence': 0.38176532788221373, 'penalty_k': 0.08545394805371292, 'scale_lr': 0.5455547011693852}. Best is trial 1270 with value: 0.3623636909959845.
checkpoint_e22 window_influence: 0.30265632485953614, penalty_k: 0.01998214758535128, scale_lr: 0.69567394884667955, EAO: 0.289
Trial 2541 finished with value: 0.2890380720104225 and parameters: {'window_influence': 0.30265632485953614, 'penalty_k': 0.01998214758535128, 'scale_lr': 0.6956739488466795}. Best is trial 1270 with value: 0.3623636909959845.
checkpoint_e22 window_influence: 0.46695337072557463, penalty_k: 0.10088873932095553, scale_lr: 0.49035335684276160, EAO: 0.313
Trial 2542 finished with value: 0.31320227920313287 and parameters: {'window_influence': 0.46695337072557463, 'penalty_k': 0.10088873932095553, 'scale_lr': 0.4903533568427616}. Best is trial 1270 with value: 0.3623636909959845.
checkpoint_e22 window_influence: 0.15989668623217471, penalty_k: 0.12368503017727894, scale_lr: 0.16110115880938353, EAO: 0.267
Trial 2543 finished with value: 0.2672131436112326 and parameters: {'window_influence': 0.1598966862321747, 'penalty_k': 0.12368503017727894, 'scale_lr': 0.16110115880938353}. Best is trial 1270 with value: 0.3623636909959845.
checkpoint_e22 window_influence: 0.49580013123069333, penalty_k: 0.13656828591102407, scale_lr: 0.18281095118522611, EAO: 0.306
Trial 2544 finished with value: 0.30635923286356354 and parameters: {'window_influence': 0.49580013123069333, 'penalty_k': 0.13656828591102407, 'scale_lr': 0.1828109511852261}. Best is trial 1270 with value: 0.3623636909959845.
checkpoint_e22 window_influence: 0.24128686484088324, penalty_k: 0.26455505603914586, scale_lr: 0.44894536315259054, EAO: 0.272
Trial 2545 finished with value: 0.27213065453772417 and parameters: {'window_influence': 0.24128686484088324, 'penalty_k': 0.26455505603914586, 'scale_lr': 0.44894536315259054}. Best is trial 1270 with value: 0.3623636909959845.
checkpoint_e22 window_influence: 0.27870582472007921, penalty_k: 0.20073088778402520, scale_lr: 0.56117057261255487, EAO: 0.265
Trial 2546 finished with value: 0.26528632397317703 and parameters: {'window_influence': 0.2787058247200792, 'penalty_k': 0.2007308877840252, 'scale_lr': 0.5611705726125549}. Best is trial 1270 with value: 0.3623636909959845.
checkpoint_e22 window_influence: 0.43241363880911748, penalty_k: 0.20967211316018264, scale_lr: 0.43242737313851437, EAO: 0.324
Trial 2547 finished with value: 0.32403412826562206 and parameters: {'window_influence': 0.4324136388091175, 'penalty_k': 0.20967211316018264, 'scale_lr': 0.43242737313851437}. Best is trial 1270 with value: 0.3623636909959845.
checkpoint_e22 window_influence: 0.48328993981942892, penalty_k: 0.52125659296203253, scale_lr: 0.12432072977737302, EAO: 0.282
Trial 2548 finished with value: 0.28211753998053213 and parameters: {'window_influence': 0.4832899398194289, 'penalty_k': 0.5212565929620325, 'scale_lr': 0.12432072977737302}. Best is trial 1270 with value: 0.3623636909959845.
checkpoint_e22 window_influence: 0.45825023099805878, penalty_k: 0.03661963191923756, scale_lr: 0.51389415912051617, EAO: 0.310
Trial 2549 finished with value: 0.3103319259237223 and parameters: {'window_influence': 0.4582502309980588, 'penalty_k': 0.03661963191923756, 'scale_lr': 0.5138941591205162}. Best is trial 1270 with value: 0.3623636909959845.
checkpoint_e22 window_influence: 0.23980505017446518, penalty_k: 0.24287869009905344, scale_lr: 0.63763282377729769, EAO: 0.267
Trial 2550 finished with value: 0.2669657986567642 and parameters: {'window_influence': 0.23980505017446518, 'penalty_k': 0.24287869009905344, 'scale_lr': 0.6376328237772977}. Best is trial 1270 with value: 0.3623636909959845.
checkpoint_e22 window_influence: 0.47407376308433974, penalty_k: 0.50056352599125742, scale_lr: 0.28311667925034761, EAO: 0.295
Trial 2551 finished with value: 0.2954054980426447 and parameters: {'window_influence': 0.47407376308433974, 'penalty_k': 0.5005635259912574, 'scale_lr': 0.2831166792503476}. Best is trial 1270 with value: 0.3623636909959845.
checkpoint_e22 window_influence: 0.06403648566728698, penalty_k: 0.01221707757008504, scale_lr: 0.79720901750417539, EAO: 0.255
Trial 2552 finished with value: 0.25516103619731356 and parameters: {'window_influence': 0.06403648566728698, 'penalty_k': 0.012217077570085045, 'scale_lr': 0.7972090175041754}. Best is trial 1270 with value: 0.3623636909959845.
checkpoint_e22 window_influence: 0.51210883342644009, penalty_k: 0.07515787031652131, scale_lr: 0.77328510638919523, EAO: 0.299
Trial 2553 finished with value: 0.2991335521876116 and parameters: {'window_influence': 0.5121088334264401, 'penalty_k': 0.07515787031652131, 'scale_lr': 0.7732851063891952}. Best is trial 1270 with value: 0.3623636909959845.
checkpoint_e22 window_influence: 0.44620850607465001, penalty_k: 0.50831959599940368, scale_lr: 0.66270235702492897, EAO: 0.310
Trial 2554 finished with value: 0.3096532796143558 and parameters: {'window_influence': 0.44620850607465, 'penalty_k': 0.5083195959994037, 'scale_lr': 0.662702357024929}. Best is trial 1270 with value: 0.3623636909959845.
checkpoint_e22 window_influence: 0.48833225499590271, penalty_k: 0.41562499131458197, scale_lr: 0.61687873313345654, EAO: 0.318
Trial 2555 finished with value: 0.318067590202339 and parameters: {'window_influence': 0.4883322549959027, 'penalty_k': 0.41562499131458197, 'scale_lr': 0.6168787331334565}. Best is trial 1270 with value: 0.3623636909959845.
checkpoint_e22 window_influence: 0.41430088528192055, penalty_k: 0.46184336571935647, scale_lr: 0.25769333355662066, EAO: 0.298
Trial 2556 finished with value: 0.29838939567716205 and parameters: {'window_influence': 0.41430088528192055, 'penalty_k': 0.46184336571935647, 'scale_lr': 0.25769333355662066}. Best is trial 1270 with value: 0.3623636909959845.
checkpoint_e22 window_influence: 0.46263256059128960, penalty_k: 0.09673086612452408, scale_lr: 0.53169257041813833, EAO: 0.325
Trial 2557 finished with value: 0.3248736738926706 and parameters: {'window_influence': 0.4626325605912896, 'penalty_k': 0.09673086612452408, 'scale_lr': 0.5316925704181383}. Best is trial 1270 with value: 0.3623636909959845.
checkpoint_e22 window_influence: 0.49983034866169229, penalty_k: 0.54814830791549363, scale_lr: 0.30494291911064436, EAO: 0.280
Trial 2558 finished with value: 0.28008012856258957 and parameters: {'window_influence': 0.4998303486616923, 'penalty_k': 0.5481483079154936, 'scale_lr': 0.30494291911064436}. Best is trial 1270 with value: 0.3623636909959845.
checkpoint_e22 window_influence: 0.19081459641494683, penalty_k: 0.11532743708105755, scale_lr: 0.68525922549911733, EAO: 0.277
Trial 2559 finished with value: 0.27715857066069133 and parameters: {'window_influence': 0.19081459641494683, 'penalty_k': 0.11532743708105755, 'scale_lr': 0.6852592254991173}. Best is trial 1270 with value: 0.3623636909959845.
checkpoint_e22 window_influence: 0.47524807566903593, penalty_k: 0.02598032172848436, scale_lr: 0.23389272367942884, EAO: 0.309
Trial 2560 finished with value: 0.30874163735701415 and parameters: {'window_influence': 0.47524807566903593, 'penalty_k': 0.025980321728484357, 'scale_lr': 0.23389272367942884}. Best is trial 1270 with value: 0.3623636909959845.
checkpoint_e22 window_influence: 0.54798923429168678, penalty_k: 0.14792551744348448, scale_lr: 0.47208301446661682, EAO: 0.297
Trial 2561 finished with value: 0.2968692530801788 and parameters: {'window_influence': 0.5479892342916868, 'penalty_k': 0.14792551744348448, 'scale_lr': 0.4720830144666168}. Best is trial 1270 with value: 0.3623636909959845.
checkpoint_e22 window_influence: 0.18857063755321932, penalty_k: 0.17701460579979247, scale_lr: 0.60104701516643511, EAO: 0.279
Trial 2562 finished with value: 0.2790703638982216 and parameters: {'window_influence': 0.18857063755321932, 'penalty_k': 0.17701460579979247, 'scale_lr': 0.6010470151664351}. Best is trial 1270 with value: 0.3623636909959845.
checkpoint_e22 window_influence: 0.60160021747046766, penalty_k: 0.05726688537436983, scale_lr: 0.56984854310968081, EAO: 0.260
Trial 2563 finished with value: 0.2604926967783197 and parameters: {'window_influence': 0.6016002174704677, 'penalty_k': 0.05726688537436983, 'scale_lr': 0.5698485431096808}. Best is trial 1270 with value: 0.3623636909959845.
checkpoint_e22 window_influence: 0.08607911211587010, penalty_k: 0.04624479669366970, scale_lr: 0.72342455724008081, EAO: 0.248
Trial 2564 finished with value: 0.24791094452026752 and parameters: {'window_influence': 0.0860791121158701, 'penalty_k': 0.046244796693669696, 'scale_lr': 0.7234245572400808}. Best is trial 1270 with value: 0.3623636909959845.
checkpoint_e22 window_influence: 0.45630237633247500, penalty_k: 0.10549623357186330, scale_lr: 0.64984768565417583, EAO: 0.321
Trial 2565 finished with value: 0.3206495897779205 and parameters: {'window_influence': 0.456302376332475, 'penalty_k': 0.1054962335718633, 'scale_lr': 0.6498476856541758}. Best is trial 1270 with value: 0.3623636909959845.
checkpoint_e22 window_influence: 0.52491608732168349, penalty_k: 0.08629514377074522, scale_lr: 0.50571679488054400, EAO: 0.314
Trial 2566 finished with value: 0.3135589646458162 and parameters: {'window_influence': 0.5249160873216835, 'penalty_k': 0.08629514377074522, 'scale_lr': 0.505716794880544}. Best is trial 1270 with value: 0.3623636909959845.
checkpoint_e22 window_influence: 0.48801608141970415, penalty_k: 0.01177638321513558, scale_lr: 0.26899705381488526, EAO: 0.349
Trial 2567 finished with value: 0.3487792077695349 and parameters: {'window_influence': 0.48801608141970415, 'penalty_k': 0.011776383215135577, 'scale_lr': 0.26899705381488526}. Best is trial 1270 with value: 0.3623636909959845.
checkpoint_e22 window_influence: 0.56398287784101098, penalty_k: 0.13344904919744899, scale_lr: 0.31690256094492469, EAO: 0.291
Trial 2568 finished with value: 0.29142447795849363 and parameters: {'window_influence': 0.563982877841011, 'penalty_k': 0.133449049197449, 'scale_lr': 0.3169025609449247}. Best is trial 1270 with value: 0.3623636909959845.
checkpoint_e22 window_influence: 0.43839540832027873, penalty_k: 0.00000518483090338, scale_lr: 0.58678191400268054, EAO: 0.323
Trial 2569 finished with value: 0.3229339297875356 and parameters: {'window_influence': 0.43839540832027873, 'penalty_k': 5.184830903375709e-06, 'scale_lr': 0.5867819140026805}. Best is trial 1270 with value: 0.3623636909959845.
checkpoint_e22 window_influence: 0.47108052749002322, penalty_k: 0.15903030054733688, scale_lr: 0.45711579574340661, EAO: 0.322
Trial 2570 finished with value: 0.32234511422971807 and parameters: {'window_influence': 0.4710805274900232, 'penalty_k': 0.15903030054733688, 'scale_lr': 0.4571157957434066}. Best is trial 1270 with value: 0.3623636909959845.
checkpoint_e22 window_influence: 0.49939413112933567, penalty_k: 0.42410892069536066, scale_lr: 0.19712561391276273, EAO: 0.299
Trial 2571 finished with value: 0.29853106148048136 and parameters: {'window_influence': 0.49939413112933567, 'penalty_k': 0.42410892069536066, 'scale_lr': 0.19712561391276273}. Best is trial 1270 with value: 0.3623636909959845.
checkpoint_e22 window_influence: 0.48655803730227576, penalty_k: 0.57304878814739668, scale_lr: 0.71064956465567386, EAO: 0.297
Trial 2572 finished with value: 0.29730146131858753 and parameters: {'window_influence': 0.48655803730227576, 'penalty_k': 0.5730487881473967, 'scale_lr': 0.7106495646556739}. Best is trial 1270 with value: 0.3623636909959845.
checkpoint_e22 window_influence: 0.12797806166114947, penalty_k: 0.11988925324923989, scale_lr: 0.11314683605876186, EAO: 0.255
Trial 2573 finished with value: 0.25464061076539035 and parameters: {'window_influence': 0.12797806166114947, 'penalty_k': 0.1198892532492399, 'scale_lr': 0.11314683605876186}. Best is trial 1270 with value: 0.3623636909959845.
checkpoint_e22 window_influence: 0.46029630823128520, penalty_k: 0.27960675654481970, scale_lr: 0.29038876286237947, EAO: 0.312
Trial 2574 finished with value: 0.3122711704630796 and parameters: {'window_influence': 0.4602963082312852, 'penalty_k': 0.2796067565448197, 'scale_lr': 0.29038876286237947}. Best is trial 1270 with value: 0.3623636909959845.
checkpoint_e22 window_influence: 0.44720916706858560, penalty_k: 0.02709660565336396, scale_lr: 0.42851000176385023, EAO: 0.325
Trial 2575 finished with value: 0.32477190551358903 and parameters: {'window_influence': 0.4472091670685856, 'penalty_k': 0.027096605653363956, 'scale_lr': 0.42851000176385023}. Best is trial 1270 with value: 0.3623636909959845.
checkpoint_e22 window_influence: 0.51275385389644546, penalty_k: 0.39908789898117719, scale_lr: 0.24539319837306087, EAO: 0.299
Trial 2576 finished with value: 0.2990570528150069 and parameters: {'window_influence': 0.5127538538964455, 'penalty_k': 0.3990878989811772, 'scale_lr': 0.24539319837306087}. Best is trial 1270 with value: 0.3623636909959845.
checkpoint_e22 window_influence: 0.05757599551544551, penalty_k: 0.07058806272742707, scale_lr: 0.61474797115610880, EAO: 0.243
Trial 2577 finished with value: 0.242930098556359 and parameters: {'window_influence': 0.05757599551544551, 'penalty_k': 0.07058806272742707, 'scale_lr': 0.6147479711561088}. Best is trial 1270 with value: 0.3623636909959845.
checkpoint_e22 window_influence: 0.33448656251116310, penalty_k: 0.09527808277467495, scale_lr: 0.54122281471890266, EAO: 0.306
Trial 2578 finished with value: 0.3056315668941936 and parameters: {'window_influence': 0.3344865625111631, 'penalty_k': 0.09527808277467495, 'scale_lr': 0.5412228147189027}. Best is trial 1270 with value: 0.3623636909959845.
checkpoint_e22 window_influence: 0.47957650769271276, penalty_k: 0.29485707222464597, scale_lr: 0.63490644079058201, EAO: 0.294
Trial 2579 finished with value: 0.2943047115774934 and parameters: {'window_influence': 0.47957650769271276, 'penalty_k': 0.29485707222464597, 'scale_lr': 0.634906440790582}. Best is trial 1270 with value: 0.3623636909959845.
checkpoint_e22 window_influence: 0.47105567607254434, penalty_k: 0.01855149348821038, scale_lr: 0.49205169511595376, EAO: 0.360
Trial 2580 finished with value: 0.3596171112839814 and parameters: {'window_influence': 0.47105567607254434, 'penalty_k': 0.018551493488210384, 'scale_lr': 0.49205169511595376}. Best is trial 1270 with value: 0.3623636909959845.
checkpoint_e22 window_influence: 0.45409096703488450, penalty_k: 0.03021318037122190, scale_lr: 0.47965954277231582, EAO: 0.314
Trial 2581 finished with value: 0.314002967704131 and parameters: {'window_influence': 0.4540909670348845, 'penalty_k': 0.030213180371221903, 'scale_lr': 0.4796595427723158}. Best is trial 1270 with value: 0.3623636909959845.
checkpoint_e22 window_influence: 0.23798667673410764, penalty_k: 0.02087204852826266, scale_lr: 0.46041077759209592, EAO: 0.278
Trial 2582 finished with value: 0.27775068755047794 and parameters: {'window_influence': 0.23798667673410764, 'penalty_k': 0.020872048528262657, 'scale_lr': 0.4604107775920959}. Best is trial 1270 with value: 0.3623636909959845.
checkpoint_e22 window_influence: 0.42398900099119424, penalty_k: 0.01664507009240715, scale_lr: 0.49007584496520851, EAO: 0.351
Trial 2583 finished with value: 0.3510489568172262 and parameters: {'window_influence': 0.42398900099119424, 'penalty_k': 0.016645070092407146, 'scale_lr': 0.4900758449652085}. Best is trial 1270 with value: 0.3623636909959845.
checkpoint_e22 window_influence: 0.43111485748878564, penalty_k: 0.01979768551752431, scale_lr: 0.48650154563446490, EAO: 0.332
Trial 2584 finished with value: 0.3324193844303547 and parameters: {'window_influence': 0.43111485748878564, 'penalty_k': 0.01979768551752431, 'scale_lr': 0.4865015456344649}. Best is trial 1270 with value: 0.3623636909959845.
checkpoint_e22 window_influence: 0.43653955525629301, penalty_k: 0.03621118215857094, scale_lr: 0.49427722747778169, EAO: 0.329
Trial 2585 finished with value: 0.3286522788644301 and parameters: {'window_influence': 0.436539555256293, 'penalty_k': 0.03621118215857094, 'scale_lr': 0.4942772274777817}. Best is trial 1270 with value: 0.3623636909959845.
checkpoint_e22 window_influence: 0.41810963177437793, penalty_k: 0.01179022131837459, scale_lr: 0.49519863891587745, EAO: 0.343
Trial 2586 finished with value: 0.34273289300588317 and parameters: {'window_influence': 0.41810963177437793, 'penalty_k': 0.011790221318374589, 'scale_lr': 0.49519863891587745}. Best is trial 1270 with value: 0.3623636909959845.
checkpoint_e22 window_influence: 0.42417639107124144, penalty_k: 0.02746995143448637, scale_lr: 0.49062818447004536, EAO: 0.308
Trial 2587 finished with value: 0.3076984237024292 and parameters: {'window_influence': 0.42417639107124144, 'penalty_k': 0.027469951434486366, 'scale_lr': 0.49062818447004536}. Best is trial 1270 with value: 0.3623636909959845.
checkpoint_e22 window_influence: 0.14279435924603770, penalty_k: 0.01850100891466605, scale_lr: 0.47481147653125844, EAO: 0.270
Trial 2588 finished with value: 0.2704224637510248 and parameters: {'window_influence': 0.1427943592460377, 'penalty_k': 0.018501008914666047, 'scale_lr': 0.47481147653125844}. Best is trial 1270 with value: 0.3623636909959845.
checkpoint_e22 window_influence: 0.40000168847415180, penalty_k: 0.03324176982056491, scale_lr: 0.51048050287813873, EAO: 0.347
Trial 2589 finished with value: 0.3468631042116811 and parameters: {'window_influence': 0.4000016884741518, 'penalty_k': 0.033241769820564905, 'scale_lr': 0.5104805028781387}. Best is trial 1270 with value: 0.3623636909959845.
checkpoint_e22 window_influence: 0.44274029433381107, penalty_k: 0.01273732447602651, scale_lr: 0.50605891310207418, EAO: 0.323
Trial 2590 finished with value: 0.32259229005310786 and parameters: {'window_influence': 0.44274029433381107, 'penalty_k': 0.012737324476026513, 'scale_lr': 0.5060589131020742}. Best is trial 1270 with value: 0.3623636909959845.
checkpoint_e22 window_influence: 0.42263341569413276, penalty_k: 0.03829722893352001, scale_lr: 0.48743497241806705, EAO: 0.320
Trial 2591 finished with value: 0.32015594550143883 and parameters: {'window_influence': 0.42263341569413276, 'penalty_k': 0.038297228933520014, 'scale_lr': 0.48743497241806705}. Best is trial 1270 with value: 0.3623636909959845.
checkpoint_e22 window_influence: 0.45003872453307026, penalty_k: 0.01858790311753411, scale_lr: 0.49743564265777801, EAO: 0.329
