Trial 1358 finished with value: 0.34631051778329486 and parameters: {'window_influence': 0.47071442599884145, 'penalty_k': 0.12231960975437875, 'scale_lr': 0.10873295613876448}. Best is trial 1136 with value: 0.3697957394188016.
checkpoint_e33 window_influence: 0.48400633962861728, penalty_k: 0.07904807501926540, scale_lr: 0.39258943376350092, EAO: 0.353
Trial 1359 finished with value: 0.35299264155473226 and parameters: {'window_influence': 0.4840063396286173, 'penalty_k': 0.0790480750192654, 'scale_lr': 0.3925894337635009}. Best is trial 1136 with value: 0.3697957394188016.
checkpoint_e33 window_influence: 0.64769177474920525, penalty_k: 0.09573167950383181, scale_lr: 0.40741214256123620, EAO: 0.243
Trial 1360 finished with value: 0.24293150216456982 and parameters: {'window_influence': 0.6476917747492053, 'penalty_k': 0.09573167950383181, 'scale_lr': 0.4074121425612362}. Best is trial 1136 with value: 0.3697957394188016.
checkpoint_e33 window_influence: 0.56954686331454152, penalty_k: 0.29508183439847158, scale_lr: 0.14043408022377102, EAO: 0.282
Trial 1361 finished with value: 0.2821550715990104 and parameters: {'window_influence': 0.5695468633145415, 'penalty_k': 0.2950818343984716, 'scale_lr': 0.14043408022377102}. Best is trial 1136 with value: 0.3697957394188016.
checkpoint_e33 window_influence: 0.51073116437968635, penalty_k: 0.02606186751267885, scale_lr: 0.25170003636045585, EAO: 0.345
Trial 1362 finished with value: 0.34479347787478554 and parameters: {'window_influence': 0.5107311643796864, 'penalty_k': 0.026061867512678846, 'scale_lr': 0.25170003636045585}. Best is trial 1136 with value: 0.3697957394188016.
checkpoint_e33 window_influence: 0.46286793721914327, penalty_k: 0.06181203201703358, scale_lr: 0.42609535039110480, EAO: 0.330
Trial 1363 finished with value: 0.33012508464694484 and parameters: {'window_influence': 0.46286793721914327, 'penalty_k': 0.06181203201703358, 'scale_lr': 0.4260953503911048}. Best is trial 1136 with value: 0.3697957394188016.
checkpoint_e33 window_influence: 0.13257323098035287, penalty_k: 0.24530612689281331, scale_lr: 0.64186629447401844, EAO: 0.263
Trial 1364 finished with value: 0.26313880445428395 and parameters: {'window_influence': 0.13257323098035287, 'penalty_k': 0.2453061268928133, 'scale_lr': 0.6418662944740184}. Best is trial 1136 with value: 0.3697957394188016.
checkpoint_e33 window_influence: 0.49694088840052764, penalty_k: 0.46470916296812792, scale_lr: 0.67297881987619745, EAO: 0.292
Trial 1365 finished with value: 0.2918564485900597 and parameters: {'window_influence': 0.49694088840052764, 'penalty_k': 0.4647091629681279, 'scale_lr': 0.6729788198761975}. Best is trial 1136 with value: 0.3697957394188016.
checkpoint_e33 window_influence: 0.54099681558750867, penalty_k: 0.30904911216380349, scale_lr: 0.54818799632425774, EAO: 0.295
Trial 1366 finished with value: 0.2952210972745131 and parameters: {'window_influence': 0.5409968155875087, 'penalty_k': 0.3090491121638035, 'scale_lr': 0.5481879963242577}. Best is trial 1136 with value: 0.3697957394188016.
checkpoint_e33 window_influence: 0.62602777664369968, penalty_k: 0.03537770553757320, scale_lr: 0.44529646922532129, EAO: 0.260
Trial 1367 finished with value: 0.2603002035780176 and parameters: {'window_influence': 0.6260277766436997, 'penalty_k': 0.035377705537573204, 'scale_lr': 0.4452964692253213}. Best is trial 1136 with value: 0.3697957394188016.
checkpoint_e33 window_influence: 0.47619406064198710, penalty_k: 0.47230915812982588, scale_lr: 0.78056986190701561, EAO: 0.315
Trial 1368 finished with value: 0.3151560273847691 and parameters: {'window_influence': 0.4761940606419871, 'penalty_k': 0.4723091581298259, 'scale_lr': 0.7805698619070156}. Best is trial 1136 with value: 0.3697957394188016.
checkpoint_e33 window_influence: 0.09187527056067624, penalty_k: 0.14908191181195743, scale_lr: 0.52419951026091038, EAO: 0.261
Trial 1369 finished with value: 0.2605596165596743 and parameters: {'window_influence': 0.09187527056067624, 'penalty_k': 0.14908191181195743, 'scale_lr': 0.5241995102609104}. Best is trial 1136 with value: 0.3697957394188016.
checkpoint_e33 window_influence: 0.30007407322568830, penalty_k: 0.22872507356954677, scale_lr: 0.27462392079323444, EAO: 0.282
Trial 1370 finished with value: 0.2818705162997376 and parameters: {'window_influence': 0.3000740732256883, 'penalty_k': 0.22872507356954677, 'scale_lr': 0.27462392079323444}. Best is trial 1136 with value: 0.3697957394188016.
checkpoint_e33 window_influence: 0.44901468283493590, penalty_k: 0.39907849072816126, scale_lr: 0.61930616718899101, EAO: 0.315
Trial 1371 finished with value: 0.3146530609534408 and parameters: {'window_influence': 0.4490146828349359, 'penalty_k': 0.39907849072816126, 'scale_lr': 0.619306167188991}. Best is trial 1136 with value: 0.3697957394188016.
checkpoint_e33 window_influence: 0.38832885390440930, penalty_k: 0.10699455600039863, scale_lr: 0.71258658679967557, EAO: 0.324
Trial 1372 finished with value: 0.3241164591525779 and parameters: {'window_influence': 0.3883288539044093, 'penalty_k': 0.10699455600039863, 'scale_lr': 0.7125865867996756}. Best is trial 1136 with value: 0.3697957394188016.
checkpoint_e33 window_influence: 0.48499083202534299, penalty_k: 0.00114955037637825, scale_lr: 0.41548369349076680, EAO: 0.354
Trial 1373 finished with value: 0.35373384015569426 and parameters: {'window_influence': 0.484990832025343, 'penalty_k': 0.0011495503763782541, 'scale_lr': 0.4154836934907668}. Best is trial 1136 with value: 0.3697957394188016.
checkpoint_e33 window_influence: 0.51895970100408806, penalty_k: 0.04921336284401242, scale_lr: 0.65082323374774231, EAO: 0.320
Trial 1374 finished with value: 0.3195291621907676 and parameters: {'window_influence': 0.5189597010040881, 'penalty_k': 0.04921336284401242, 'scale_lr': 0.6508232337477423}. Best is trial 1136 with value: 0.3697957394188016.
checkpoint_e33 window_influence: 0.46506287155759463, penalty_k: 0.41130643166475928, scale_lr: 0.31190371942805550, EAO: 0.318
Trial 1375 finished with value: 0.3182026911454442 and parameters: {'window_influence': 0.4650628715575946, 'penalty_k': 0.4113064316647593, 'scale_lr': 0.3119037194280555}. Best is trial 1136 with value: 0.3697957394188016.
checkpoint_e33 window_influence: 0.41023927888435002, penalty_k: 0.08829520846763929, scale_lr: 0.76919033038626494, EAO: 0.340
Trial 1376 finished with value: 0.34002393043458695 and parameters: {'window_influence': 0.41023927888435, 'penalty_k': 0.08829520846763929, 'scale_lr': 0.7691903303862649}. Best is trial 1136 with value: 0.3697957394188016.
checkpoint_e33 window_influence: 0.49304818046291354, penalty_k: 0.07115545129284488, scale_lr: 0.32941804852692619, EAO: 0.340
Trial 1377 finished with value: 0.3402799480388137 and parameters: {'window_influence': 0.49304818046291354, 'penalty_k': 0.07115545129284488, 'scale_lr': 0.3294180485269262}. Best is trial 1136 with value: 0.3697957394188016.
checkpoint_e33 window_influence: 0.56176255316120582, penalty_k: 0.01809967896256547, scale_lr: 0.43072882345233504, EAO: 0.307
Trial 1378 finished with value: 0.3074726584124658 and parameters: {'window_influence': 0.5617625531612058, 'penalty_k': 0.01809967896256547, 'scale_lr': 0.43072882345233504}. Best is trial 1136 with value: 0.3697957394188016.
checkpoint_e33 window_influence: 0.37083219343022378, penalty_k: 0.05745700851110600, scale_lr: 0.15463705625222907, EAO: 0.304
Trial 1379 finished with value: 0.30370418217163603 and parameters: {'window_influence': 0.3708321934302238, 'penalty_k': 0.057457008511106, 'scale_lr': 0.15463705625222907}. Best is trial 1136 with value: 0.3697957394188016.
checkpoint_e33 window_influence: 0.45020815144273890, penalty_k: 0.56518623007847113, scale_lr: 0.23557088815816454, EAO: 0.301
Trial 1380 finished with value: 0.3010187647106119 and parameters: {'window_influence': 0.4502081514427389, 'penalty_k': 0.5651862300784711, 'scale_lr': 0.23557088815816454}. Best is trial 1136 with value: 0.3697957394188016.
checkpoint_e33 window_influence: 0.23453301938630577, penalty_k: 0.03154697586907911, scale_lr: 0.50344513713240180, EAO: 0.297
Trial 1381 finished with value: 0.2967816874210937 and parameters: {'window_influence': 0.23453301938630577, 'penalty_k': 0.031546975869079105, 'scale_lr': 0.5034451371324018}. Best is trial 1136 with value: 0.3697957394188016.
checkpoint_e33 window_influence: 0.33069548816031402, penalty_k: 0.04211377857231537, scale_lr: 0.68303227705989267, EAO: 0.328
Trial 1382 finished with value: 0.32798307107812236 and parameters: {'window_influence': 0.330695488160314, 'penalty_k': 0.04211377857231537, 'scale_lr': 0.6830322770598927}. Best is trial 1136 with value: 0.3697957394188016.
checkpoint_e33 window_influence: 0.11347942217407794, penalty_k: 0.12899918253732753, scale_lr: 0.74162155839382549, EAO: 0.262
Trial 1383 finished with value: 0.2619921108744024 and parameters: {'window_influence': 0.11347942217407794, 'penalty_k': 0.12899918253732753, 'scale_lr': 0.7416215583938255}. Best is trial 1136 with value: 0.3697957394188016.
checkpoint_e33 window_influence: 0.27021125393557349, penalty_k: 0.00926998247610174, scale_lr: 0.37460584628804638, EAO: 0.310
Trial 1384 finished with value: 0.3101859720068683 and parameters: {'window_influence': 0.2702112539355735, 'penalty_k': 0.009269982476101737, 'scale_lr': 0.3746058462880464}. Best is trial 1136 with value: 0.3697957394188016.
checkpoint_e33 window_influence: 0.06755363597947622, penalty_k: 0.07573299843281857, scale_lr: 0.46813443888960632, EAO: 0.254
Trial 1385 finished with value: 0.2544435080619174 and parameters: {'window_influence': 0.06755363597947622, 'penalty_k': 0.07573299843281857, 'scale_lr': 0.4681344388896063}. Best is trial 1136 with value: 0.3697957394188016.
checkpoint_e33 window_influence: 0.47646164029320137, penalty_k: 0.52221717789103339, scale_lr: 0.52389698158226239, EAO: 0.320
Trial 1386 finished with value: 0.3203847099255031 and parameters: {'window_influence': 0.47646164029320137, 'penalty_k': 0.5222171778910334, 'scale_lr': 0.5238969815822624}. Best is trial 1136 with value: 0.3697957394188016.
checkpoint_e33 window_influence: 0.19453761082651425, penalty_k: 0.02067102427913869, scale_lr: 0.57782270909140843, EAO: 0.274
Trial 1387 finished with value: 0.27431824038000885 and parameters: {'window_influence': 0.19453761082651425, 'penalty_k': 0.020671024279138688, 'scale_lr': 0.5778227090914084}. Best is trial 1136 with value: 0.3697957394188016.
checkpoint_e33 window_influence: 0.62713791445073652, penalty_k: 0.06289768624724469, scale_lr: 0.39915666188868631, EAO: 0.253
Trial 1388 finished with value: 0.2530595715291769 and parameters: {'window_influence': 0.6271379144507365, 'penalty_k': 0.06289768624724469, 'scale_lr': 0.3991566618886863}. Best is trial 1136 with value: 0.3697957394188016.
checkpoint_e33 window_influence: 0.32672720285845408, penalty_k: 0.08877306120994480, scale_lr: 0.18629763680393957, EAO: 0.314
Trial 1389 finished with value: 0.3144618360332942 and parameters: {'window_influence': 0.3267272028584541, 'penalty_k': 0.0887730612099448, 'scale_lr': 0.18629763680393957}. Best is trial 1136 with value: 0.3697957394188016.
checkpoint_e33 window_influence: 0.49978814192553789, penalty_k: 0.11156971639209945, scale_lr: 0.34567313985795883, EAO: 0.343
Trial 1390 finished with value: 0.3431689988546334 and parameters: {'window_influence': 0.4997881419255379, 'penalty_k': 0.11156971639209945, 'scale_lr': 0.34567313985795883}. Best is trial 1136 with value: 0.3697957394188016.
checkpoint_e33 window_influence: 0.53166859833895563, penalty_k: 0.04272046762309358, scale_lr: 0.55806313299352950, EAO: 0.309
Trial 1391 finished with value: 0.30855908873943966 and parameters: {'window_influence': 0.5316685983389556, 'penalty_k': 0.04272046762309358, 'scale_lr': 0.5580631329935295}. Best is trial 1136 with value: 0.3697957394188016.
checkpoint_e33 window_influence: 0.05764652612489757, penalty_k: 0.02869010074622372, scale_lr: 0.66530358177945226, EAO: 0.262
Trial 1392 finished with value: 0.2619318269222163 and parameters: {'window_influence': 0.05764652612489757, 'penalty_k': 0.028690100746223725, 'scale_lr': 0.6653035817794523}. Best is trial 1136 with value: 0.3697957394188016.
checkpoint_e33 window_influence: 0.21989297318130027, penalty_k: 0.44221951363055112, scale_lr: 0.48721610608980798, EAO: 0.277
Trial 1393 finished with value: 0.2769532928438966 and parameters: {'window_influence': 0.21989297318130027, 'penalty_k': 0.4422195136305511, 'scale_lr': 0.487216106089808}. Best is trial 1136 with value: 0.3697957394188016.
checkpoint_e33 window_influence: 0.46527122423893075, penalty_k: 0.28003702976582595, scale_lr: 0.26155869528106079, EAO: 0.342
Trial 1394 finished with value: 0.34194728326240864 and parameters: {'window_influence': 0.46527122423893075, 'penalty_k': 0.28003702976582595, 'scale_lr': 0.2615586952810608}. Best is trial 1136 with value: 0.3697957394188016.
checkpoint_e33 window_influence: 0.48476158333954067, penalty_k: 0.05506374104098040, scale_lr: 0.62857239101813533, EAO: 0.340
Trial 1395 finished with value: 0.34037192774653896 and parameters: {'window_influence': 0.48476158333954067, 'penalty_k': 0.0550637410409804, 'scale_lr': 0.6285723910181353}. Best is trial 1136 with value: 0.3697957394188016.
checkpoint_e33 window_influence: 0.50738773703750806, penalty_k: 0.43323836875821331, scale_lr: 0.45508293440329345, EAO: 0.311
Trial 1396 finished with value: 0.31076176528336935 and parameters: {'window_influence': 0.5073877370375081, 'penalty_k': 0.4332383687582133, 'scale_lr': 0.45508293440329345}. Best is trial 1136 with value: 0.3697957394188016.
checkpoint_e33 window_influence: 0.45943620638816979, penalty_k: 0.15707438839585575, scale_lr: 0.53727609533320897, EAO: 0.356
Trial 1397 finished with value: 0.3555408876229817 and parameters: {'window_influence': 0.4594362063881698, 'penalty_k': 0.15707438839585575, 'scale_lr': 0.537276095333209}. Best is trial 1136 with value: 0.3697957394188016.
checkpoint_e33 window_influence: 0.44140108074087980, penalty_k: 0.00885650905744793, scale_lr: 0.22686322378719856, EAO: 0.356
Trial 1398 finished with value: 0.35598006461844833 and parameters: {'window_influence': 0.4414010807408798, 'penalty_k': 0.00885650905744793, 'scale_lr': 0.22686322378719856}. Best is trial 1136 with value: 0.3697957394188016.
checkpoint_e33 window_influence: 0.47184198176972758, penalty_k: 0.26431062484046469, scale_lr: 0.41340971411852040, EAO: 0.335
Trial 1399 finished with value: 0.33503698444551994 and parameters: {'window_influence': 0.4718419817697276, 'penalty_k': 0.2643106248404647, 'scale_lr': 0.4134097141185204}. Best is trial 1136 with value: 0.3697957394188016.
checkpoint_e33 window_influence: 0.58778773911932669, penalty_k: 0.21565109924132816, scale_lr: 0.36222470881432950, EAO: 0.265
Trial 1400 finished with value: 0.264512926977896 and parameters: {'window_influence': 0.5877877391193267, 'penalty_k': 0.21565109924132816, 'scale_lr': 0.3622247088143295}. Best is trial 1136 with value: 0.3697957394188016.
checkpoint_e33 window_influence: 0.48775913957550154, penalty_k: 0.08126034919800033, scale_lr: 0.69524668738352069, EAO: 0.316
Trial 1401 finished with value: 0.3163222425874569 and parameters: {'window_influence': 0.48775913957550154, 'penalty_k': 0.08126034919800033, 'scale_lr': 0.6952466873835207}. Best is trial 1136 with value: 0.3697957394188016.
checkpoint_e33 window_influence: 0.45671607377974077, penalty_k: 0.38257900122687832, scale_lr: 0.42911363159234106, EAO: 0.309
Trial 1402 finished with value: 0.30873401178924026 and parameters: {'window_influence': 0.45671607377974077, 'penalty_k': 0.3825790012268783, 'scale_lr': 0.42911363159234106}. Best is trial 1136 with value: 0.3697957394188016.
checkpoint_e33 window_influence: 0.47480893261866158, penalty_k: 0.09773255665162861, scale_lr: 0.60884656451845975, EAO: 0.331
Trial 1403 finished with value: 0.3307252026485562 and parameters: {'window_influence': 0.4748089326186616, 'penalty_k': 0.09773255665162861, 'scale_lr': 0.6088465645184598}. Best is trial 1136 with value: 0.3697957394188016.
checkpoint_e33 window_influence: 0.25520129275076231, penalty_k: 0.14335202575604661, scale_lr: 0.39054735302192511, EAO: 0.292
Trial 1404 finished with value: 0.2919190980001182 and parameters: {'window_influence': 0.2552012927507623, 'penalty_k': 0.1433520257560466, 'scale_lr': 0.3905473530219251}. Best is trial 1136 with value: 0.3697957394188016.
checkpoint_e33 window_influence: 0.20516224957684590, penalty_k: 0.00030675896872457, scale_lr: 0.44273341475058198, EAO: 0.296
Trial 1405 finished with value: 0.2959242712430917 and parameters: {'window_influence': 0.2051622495768459, 'penalty_k': 0.00030675896872457004, 'scale_lr': 0.442733414750582}. Best is trial 1136 with value: 0.3697957394188016.
checkpoint_e33 window_influence: 0.17474093803432997, penalty_k: 0.06793426626703879, scale_lr: 0.64570725702128462, EAO: 0.264
Trial 1406 finished with value: 0.2635068288109182 and parameters: {'window_influence': 0.17474093803432997, 'penalty_k': 0.06793426626703879, 'scale_lr': 0.6457072570212846}. Best is trial 1136 with value: 0.3697957394188016.
checkpoint_e33 window_influence: 0.49939494155194086, penalty_k: 0.36011410610228090, scale_lr: 0.72397595403473225, EAO: 0.311
Trial 1407 finished with value: 0.3107207231368536 and parameters: {'window_influence': 0.49939494155194086, 'penalty_k': 0.3601141061022809, 'scale_lr': 0.7239759540347322}. Best is trial 1136 with value: 0.3697957394188016.
checkpoint_e33 window_influence: 0.55059073108577383, penalty_k: 0.33202869058532802, scale_lr: 0.51035959071287751, EAO: 0.272
Trial 1408 finished with value: 0.27213191261319336 and parameters: {'window_influence': 0.5505907310857738, 'penalty_k': 0.332028690585328, 'scale_lr': 0.5103595907128775}. Best is trial 1136 with value: 0.3697957394188016.
checkpoint_e33 window_influence: 0.51830218831158581, penalty_k: 0.23380078373454755, scale_lr: 0.28078834357069860, EAO: 0.316
Trial 1409 finished with value: 0.31616511517693563 and parameters: {'window_influence': 0.5183021883115858, 'penalty_k': 0.23380078373454755, 'scale_lr': 0.2807883435706986}. Best is trial 1136 with value: 0.3697957394188016.
checkpoint_e33 window_influence: 0.48365455384501771, penalty_k: 0.50204188989468956, scale_lr: 0.16748269350869976, EAO: 0.303
Trial 1410 finished with value: 0.3031502361427485 and parameters: {'window_influence': 0.4836545538450177, 'penalty_k': 0.5020418898946896, 'scale_lr': 0.16748269350869976}. Best is trial 1136 with value: 0.3697957394188016.
checkpoint_e33 window_influence: 0.34891525618081687, penalty_k: 0.44839370865368738, scale_lr: 0.56518201988744299, EAO: 0.315
Trial 1411 finished with value: 0.3153022873842299 and parameters: {'window_influence': 0.34891525618081687, 'penalty_k': 0.4483937086536874, 'scale_lr': 0.565182019887443}. Best is trial 1136 with value: 0.3697957394188016.
checkpoint_e33 window_influence: 0.43464960118463547, penalty_k: 0.59899387028968354, scale_lr: 0.58953760503305486, EAO: 0.318
Trial 1412 finished with value: 0.3175076915944133 and parameters: {'window_influence': 0.43464960118463547, 'penalty_k': 0.5989938702896835, 'scale_lr': 0.5895376050330549}. Best is trial 1136 with value: 0.3697957394188016.
checkpoint_e33 window_influence: 0.45232003071398130, penalty_k: 0.56197687075359670, scale_lr: 0.47733048172717846, EAO: 0.314
Trial 1413 finished with value: 0.31371193266100456 and parameters: {'window_influence': 0.4523200307139813, 'penalty_k': 0.5619768707535967, 'scale_lr': 0.47733048172717846}. Best is trial 1136 with value: 0.3697957394188016.
checkpoint_e33 window_influence: 0.38250490034961765, penalty_k: 0.03660705531807039, scale_lr: 0.65879622875671806, EAO: 0.329
Trial 1414 finished with value: 0.329104986868016 and parameters: {'window_influence': 0.38250490034961765, 'penalty_k': 0.03660705531807039, 'scale_lr': 0.6587962287567181}. Best is trial 1136 with value: 0.3697957394188016.
checkpoint_e33 window_influence: 0.05220953369957559, penalty_k: 0.33938353492453677, scale_lr: 0.75419350848882249, EAO: 0.249
Trial 1415 finished with value: 0.24920017234546202 and parameters: {'window_influence': 0.052209533699575594, 'penalty_k': 0.33938353492453677, 'scale_lr': 0.7541935084888225}. Best is trial 1136 with value: 0.3697957394188016.
checkpoint_e33 window_influence: 0.46932406706452179, penalty_k: 0.02158313843330003, scale_lr: 0.38118061643800810, EAO: 0.360
Trial 1416 finished with value: 0.3595047152459853 and parameters: {'window_influence': 0.4693240670645218, 'penalty_k': 0.021583138433300033, 'scale_lr': 0.3811806164380081}. Best is trial 1136 with value: 0.3697957394188016.
checkpoint_e33 window_influence: 0.27687061400657875, penalty_k: 0.05097051695830904, scale_lr: 0.67530701060054188, EAO: 0.311
Trial 1417 finished with value: 0.3105392104108974 and parameters: {'window_influence': 0.27687061400657875, 'penalty_k': 0.05097051695830904, 'scale_lr': 0.6753070106005419}. Best is trial 1136 with value: 0.3697957394188016.
checkpoint_e33 window_influence: 0.21056154206304342, penalty_k: 0.11880578528465512, scale_lr: 0.79013160939723726, EAO: 0.286
Trial 1418 finished with value: 0.2859067665231831 and parameters: {'window_influence': 0.21056154206304342, 'penalty_k': 0.11880578528465512, 'scale_lr': 0.7901316093972373}. Best is trial 1136 with value: 0.3697957394188016.
checkpoint_e33 window_influence: 0.51023680298105067, penalty_k: 0.13379225902089573, scale_lr: 0.29664491480620975, EAO: 0.318
Trial 1419 finished with value: 0.31801830249537755 and parameters: {'window_influence': 0.5102368029810507, 'penalty_k': 0.13379225902089573, 'scale_lr': 0.29664491480620975}. Best is trial 1136 with value: 0.3697957394188016.
checkpoint_e33 window_influence: 0.49301337682554841, penalty_k: 0.25462871390660385, scale_lr: 0.40717612662571240, EAO: 0.319
