Trial 992 finished with value: 0.3327336081734891 and parameters: {'window_influence': 0.5206563445889526, 'penalty_k': 0.03763739380733595, 'scale_lr': 0.22981220924520607}. Best is trial 62 with value: 0.3726749919963718.
checkpoint_e29 window_influence: 0.50035419749472088, penalty_k: 0.29587714594156422, scale_lr: 0.23655887730267036, EAO: 0.315
Trial 993 finished with value: 0.3146816376698156 and parameters: {'window_influence': 0.5003541974947209, 'penalty_k': 0.2958771459415642, 'scale_lr': 0.23655887730267036}. Best is trial 62 with value: 0.3726749919963718.
checkpoint_e29 window_influence: 0.48279905140582685, penalty_k: 0.01169189317506695, scale_lr: 0.26031729832345313, EAO: 0.343
Trial 994 finished with value: 0.34266740524351363 and parameters: {'window_influence': 0.48279905140582685, 'penalty_k': 0.011691893175066949, 'scale_lr': 0.26031729832345313}. Best is trial 62 with value: 0.3726749919963718.
checkpoint_e29 window_influence: 0.51100816412739170, penalty_k: 0.16404554301849816, scale_lr: 0.21908392125201026, EAO: 0.340
Trial 995 finished with value: 0.33959328478876255 and parameters: {'window_influence': 0.5110081641273917, 'penalty_k': 0.16404554301849816, 'scale_lr': 0.21908392125201026}. Best is trial 62 with value: 0.3726749919963718.
checkpoint_e29 window_influence: 0.49261662736054923, penalty_k: 0.06176787258971513, scale_lr: 0.24520453426005118, EAO: 0.347
Trial 996 finished with value: 0.3473215318839374 and parameters: {'window_influence': 0.49261662736054923, 'penalty_k': 0.061767872589715125, 'scale_lr': 0.24520453426005118}. Best is trial 62 with value: 0.3726749919963718.
checkpoint_e29 window_influence: 0.58416186765270262, penalty_k: 0.14117717578119704, scale_lr: 0.22452420713730040, EAO: 0.298
Trial 997 finished with value: 0.29825898291767805 and parameters: {'window_influence': 0.5841618676527026, 'penalty_k': 0.14117717578119704, 'scale_lr': 0.2245242071373004}. Best is trial 62 with value: 0.3726749919963718.
checkpoint_e29 window_influence: 0.61785623935681133, penalty_k: 0.04673071488876764, scale_lr: 0.57469134997036520, EAO: 0.254
Trial 998 finished with value: 0.253527741545833 and parameters: {'window_influence': 0.6178562393568113, 'penalty_k': 0.046730714888767635, 'scale_lr': 0.5746913499703652}. Best is trial 62 with value: 0.3726749919963718.
checkpoint_e29 window_influence: 0.54156155803108519, penalty_k: 0.49388306711230157, scale_lr: 0.21314005266130676, EAO: 0.289
Trial 999 finished with value: 0.28918046431782646 and parameters: {'window_influence': 0.5415615580310852, 'penalty_k': 0.49388306711230157, 'scale_lr': 0.21314005266130676}. Best is trial 62 with value: 0.3726749919963718.
checkpoint_e29 window_influence: 0.47607947742640905, penalty_k: 0.02605925838168038, scale_lr: 0.26550059372322787, EAO: 0.336
Trial 1000 finished with value: 0.33565906351178537 and parameters: {'window_influence': 0.47607947742640905, 'penalty_k': 0.026059258381680377, 'scale_lr': 0.2655005937232279}. Best is trial 62 with value: 0.3726749919963718.
checkpoint_e29 window_influence: 0.14204800027468042, penalty_k: 0.12841567639582568, scale_lr: 0.40706111347946455, EAO: 0.269
Trial 1001 finished with value: 0.2691201177436554 and parameters: {'window_influence': 0.14204800027468042, 'penalty_k': 0.12841567639582568, 'scale_lr': 0.40706111347946455}. Best is trial 62 with value: 0.3726749919963718.
checkpoint_e29 window_influence: 0.52164071031237158, penalty_k: 0.09409232231121421, scale_lr: 0.30838301375256860, EAO: 0.321
Trial 1002 finished with value: 0.3206866432256736 and parameters: {'window_influence': 0.5216407103123716, 'penalty_k': 0.09409232231121421, 'scale_lr': 0.3083830137525686}. Best is trial 62 with value: 0.3726749919963718.
checkpoint_e29 window_influence: 0.28194689557770847, penalty_k: 0.05664376926706290, scale_lr: 0.76646413420945103, EAO: 0.311
Trial 1003 finished with value: 0.3111213423050795 and parameters: {'window_influence': 0.28194689557770847, 'penalty_k': 0.056643769267062896, 'scale_lr': 0.766464134209451}. Best is trial 62 with value: 0.3726749919963718.
checkpoint_e29 window_influence: 0.50132782041745583, penalty_k: 0.07172013027358289, scale_lr: 0.35924812407906387, EAO: 0.345
Trial 1004 finished with value: 0.34481540148360257 and parameters: {'window_influence': 0.5013278204174558, 'penalty_k': 0.07172013027358289, 'scale_lr': 0.35924812407906387}. Best is trial 62 with value: 0.3726749919963718.
checkpoint_e29 window_influence: 0.17619794555821677, penalty_k: 0.11026792075888944, scale_lr: 0.27997577523022193, EAO: 0.289
Trial 1005 finished with value: 0.28947518835503766 and parameters: {'window_influence': 0.17619794555821677, 'penalty_k': 0.11026792075888944, 'scale_lr': 0.27997577523022193}. Best is trial 62 with value: 0.3726749919963718.
checkpoint_e29 window_influence: 0.47107063129478288, penalty_k: 0.08448137735175004, scale_lr: 0.54625837492620199, EAO: 0.339
Trial 1006 finished with value: 0.33868224820274323 and parameters: {'window_influence': 0.4710706312947829, 'penalty_k': 0.08448137735175004, 'scale_lr': 0.546258374926202}. Best is trial 62 with value: 0.3726749919963718.
checkpoint_e29 window_influence: 0.54895189712201675, penalty_k: 0.00765270193338610, scale_lr: 0.45814653625121682, EAO: 0.312
Trial 1007 finished with value: 0.3118251167846561 and parameters: {'window_influence': 0.5489518971220168, 'penalty_k': 0.0076527019333861, 'scale_lr': 0.4581465362512168}. Best is trial 62 with value: 0.3726749919963718.
checkpoint_e29 window_influence: 0.48658642458588158, penalty_k: 0.31617831974276062, scale_lr: 0.25020741088803888, EAO: 0.318
Trial 1008 finished with value: 0.31790136798114627 and parameters: {'window_influence': 0.4865864245858816, 'penalty_k': 0.3161783197427606, 'scale_lr': 0.2502074108880389}. Best is trial 62 with value: 0.3726749919963718.
checkpoint_e29 window_influence: 0.50952997198999128, penalty_k: 0.04507763193398886, scale_lr: 0.52137870685186272, EAO: 0.357
Trial 1009 finished with value: 0.3565605672416984 and parameters: {'window_influence': 0.5095299719899913, 'penalty_k': 0.04507763193398886, 'scale_lr': 0.5213787068518627}. Best is trial 62 with value: 0.3726749919963718.
checkpoint_e29 window_influence: 0.51104503169345905, penalty_k: 0.04277529492379797, scale_lr: 0.66501973862116026, EAO: 0.343
Trial 1010 finished with value: 0.34267213476771047 and parameters: {'window_influence': 0.511045031693459, 'penalty_k': 0.042775294923797974, 'scale_lr': 0.6650197386211603}. Best is trial 62 with value: 0.3726749919963718.
checkpoint_e29 window_influence: 0.49689402739589084, penalty_k: 0.36776557372547458, scale_lr: 0.23268485123100632, EAO: 0.325
Trial 1011 finished with value: 0.3247566943270687 and parameters: {'window_influence': 0.49689402739589084, 'penalty_k': 0.3677655737254746, 'scale_lr': 0.23268485123100632}. Best is trial 62 with value: 0.3726749919963718.
checkpoint_e29 window_influence: 0.46744552225240521, penalty_k: 0.06771443583366248, scale_lr: 0.20019167887593994, EAO: 0.346
Trial 1012 finished with value: 0.34585635810510656 and parameters: {'window_influence': 0.4674455222524052, 'penalty_k': 0.06771443583366248, 'scale_lr': 0.20019167887593994}. Best is trial 62 with value: 0.3726749919963718.
checkpoint_e29 window_influence: 0.35464790069695479, penalty_k: 0.37961316013539337, scale_lr: 0.33240935202638744, EAO: 0.296
Trial 1013 finished with value: 0.29600567408340916 and parameters: {'window_influence': 0.3546479006969548, 'penalty_k': 0.37961316013539337, 'scale_lr': 0.33240935202638744}. Best is trial 62 with value: 0.3726749919963718.
checkpoint_e29 window_influence: 0.53075093376860616, penalty_k: 0.45685845475885234, scale_lr: 0.51938214378635006, EAO: 0.324
Trial 1014 finished with value: 0.3243458239716778 and parameters: {'window_influence': 0.5307509337686062, 'penalty_k': 0.45685845475885234, 'scale_lr': 0.5193821437863501}. Best is trial 62 with value: 0.3726749919963718.
checkpoint_e29 window_influence: 0.18785692470869783, penalty_k: 0.15180553685565934, scale_lr: 0.49234471403772984, EAO: 0.292
Trial 1015 finished with value: 0.2920867797233715 and parameters: {'window_influence': 0.18785692470869783, 'penalty_k': 0.15180553685565934, 'scale_lr': 0.49234471403772984}. Best is trial 62 with value: 0.3726749919963718.
checkpoint_e29 window_influence: 0.48223949199823557, penalty_k: 0.09727320204209902, scale_lr: 0.63624349361659505, EAO: 0.353
Trial 1016 finished with value: 0.3532960352266809 and parameters: {'window_influence': 0.48223949199823557, 'penalty_k': 0.09727320204209902, 'scale_lr': 0.636243493616595}. Best is trial 62 with value: 0.3726749919963718.
checkpoint_e29 window_influence: 0.34465618432028122, penalty_k: 0.52087104138026641, scale_lr: 0.45157521525610911, EAO: 0.325
Trial 1017 finished with value: 0.3247267034499098 and parameters: {'window_influence': 0.3446561843202812, 'penalty_k': 0.5208710413802664, 'scale_lr': 0.4515752152561091}. Best is trial 62 with value: 0.3726749919963718.
checkpoint_e29 window_influence: 0.08112523747886841, penalty_k: 0.43704216173399257, scale_lr: 0.18638473767661831, EAO: 0.246
Trial 1018 finished with value: 0.24587213946687572 and parameters: {'window_influence': 0.0811252374788684, 'penalty_k': 0.4370421617339926, 'scale_lr': 0.1863847376766183}. Best is trial 62 with value: 0.3726749919963718.
checkpoint_e29 window_influence: 0.50995921842737058, penalty_k: 0.05541257175571629, scale_lr: 0.22278985941716764, EAO: 0.352
Trial 1019 finished with value: 0.35248798966871625 and parameters: {'window_influence': 0.5099592184273706, 'penalty_k': 0.05541257175571629, 'scale_lr': 0.22278985941716764}. Best is trial 62 with value: 0.3726749919963718.
checkpoint_e29 window_influence: 0.59863081969426335, penalty_k: 0.07882361040211484, scale_lr: 0.27269258854322909, EAO: 0.282
Trial 1020 finished with value: 0.2820360636780698 and parameters: {'window_influence': 0.5986308196942633, 'penalty_k': 0.07882361040211484, 'scale_lr': 0.2726925885432291}. Best is trial 62 with value: 0.3726749919963718.
checkpoint_e29 window_influence: 0.30396767955007115, penalty_k: 0.03501511914908267, scale_lr: 0.43145064807570888, EAO: 0.316
Trial 1021 finished with value: 0.31630092621545386 and parameters: {'window_influence': 0.30396767955007115, 'penalty_k': 0.035015119149082674, 'scale_lr': 0.4314506480757089}. Best is trial 62 with value: 0.3726749919963718.
checkpoint_e29 window_influence: 0.55298628104563896, penalty_k: 0.12252472528656788, scale_lr: 0.12370603265015320, EAO: 0.323
Trial 1022 finished with value: 0.3230736837776718 and parameters: {'window_influence': 0.552986281045639, 'penalty_k': 0.12252472528656788, 'scale_lr': 0.1237060326501532}. Best is trial 62 with value: 0.3726749919963718.
checkpoint_e29 window_influence: 0.49864780839147466, penalty_k: 0.41485419199729107, scale_lr: 0.29271914268140464, EAO: 0.323
Trial 1023 finished with value: 0.32348729658451525 and parameters: {'window_influence': 0.49864780839147466, 'penalty_k': 0.41485419199729107, 'scale_lr': 0.29271914268140464}. Best is trial 62 with value: 0.3726749919963718.
checkpoint_e29 window_influence: 0.48787261711516045, penalty_k: 0.02011377199245060, scale_lr: 0.20861827850455983, EAO: 0.358
Trial 1024 finished with value: 0.35839195717633465 and parameters: {'window_influence': 0.48787261711516045, 'penalty_k': 0.020113771992450596, 'scale_lr': 0.20861827850455983}. Best is trial 62 with value: 0.3726749919963718.
checkpoint_e29 window_influence: 0.57285944602428562, penalty_k: 0.35733500867424273, scale_lr: 0.79978611650405163, EAO: 0.255
Trial 1025 finished with value: 0.25540452870877334 and parameters: {'window_influence': 0.5728594460242856, 'penalty_k': 0.3573350086742427, 'scale_lr': 0.7997861165040516}. Best is trial 62 with value: 0.3726749919963718.
checkpoint_e29 window_influence: 0.47464592998258370, penalty_k: 0.01615684151455968, scale_lr: 0.69738778038567806, EAO: 0.341
Trial 1026 finished with value: 0.34072267649702526 and parameters: {'window_influence': 0.4746459299825837, 'penalty_k': 0.016156841514559678, 'scale_lr': 0.6973877803856781}. Best is trial 62 with value: 0.3726749919963718.
checkpoint_e29 window_influence: 0.46080927929839721, penalty_k: 0.01181415294231800, scale_lr: 0.59851882167454629, EAO: 0.336
Trial 1027 finished with value: 0.33561012090875947 and parameters: {'window_influence': 0.4608092792983972, 'penalty_k': 0.011814152942318005, 'scale_lr': 0.5985188216745463}. Best is trial 62 with value: 0.3726749919963718.
checkpoint_e29 window_influence: 0.48417184255108242, penalty_k: 0.43932557731900523, scale_lr: 0.47796155467528789, EAO: 0.319
Trial 1028 finished with value: 0.31912776908985835 and parameters: {'window_influence': 0.4841718425510824, 'penalty_k': 0.43932557731900523, 'scale_lr': 0.4779615546752879}. Best is trial 62 with value: 0.3726749919963718.
checkpoint_e29 window_influence: 0.51269687379809115, penalty_k: 0.02222217171188339, scale_lr: 0.52865531812367916, EAO: 0.328
Trial 1029 finished with value: 0.3279737442268008 and parameters: {'window_influence': 0.5126968737980911, 'penalty_k': 0.02222217171188339, 'scale_lr': 0.5286553181236792}. Best is trial 62 with value: 0.3726749919963718.
checkpoint_e29 window_influence: 0.48886906724059564, penalty_k: 0.02870730026389685, scale_lr: 0.55074773841717140, EAO: 0.339
Trial 1030 finished with value: 0.33875225814863863 and parameters: {'window_influence': 0.48886906724059564, 'penalty_k': 0.028707300263896847, 'scale_lr': 0.5507477384171714}. Best is trial 62 with value: 0.3726749919963718.
checkpoint_e29 window_influence: 0.52284686890376730, penalty_k: 0.00225997110438154, scale_lr: 0.20752493570562508, EAO: 0.332
Trial 1031 finished with value: 0.3321851178829772 and parameters: {'window_influence': 0.5228468689037673, 'penalty_k': 0.0022599711043815355, 'scale_lr': 0.20752493570562508}. Best is trial 62 with value: 0.3726749919963718.
checkpoint_e29 window_influence: 0.46834718158985539, penalty_k: 0.14531408007617055, scale_lr: 0.65839517200413156, EAO: 0.343
Trial 1032 finished with value: 0.3430062084810279 and parameters: {'window_influence': 0.4683471815898554, 'penalty_k': 0.14531408007617055, 'scale_lr': 0.6583951720041316}. Best is trial 62 with value: 0.3726749919963718.
checkpoint_e29 window_influence: 0.14986547797811481, penalty_k: 0.55139238869108231, scale_lr: 0.39633005253107068, EAO: 0.260
Trial 1033 finished with value: 0.25978709461624055 and parameters: {'window_influence': 0.1498654779781148, 'penalty_k': 0.5513923886910823, 'scale_lr': 0.3963300525310707}. Best is trial 62 with value: 0.3726749919963718.
checkpoint_e29 window_influence: 0.11280860029031856, penalty_k: 0.28748155001510495, scale_lr: 0.75506884144933151, EAO: 0.268
Trial 1034 finished with value: 0.26796024556521775 and parameters: {'window_influence': 0.11280860029031856, 'penalty_k': 0.28748155001510495, 'scale_lr': 0.7550688414493315}. Best is trial 62 with value: 0.3726749919963718.
checkpoint_e29 window_influence: 0.50320877401726993, penalty_k: 0.49868529271045670, scale_lr: 0.62466728858003240, EAO: 0.311
Trial 1035 finished with value: 0.31071648517703265 and parameters: {'window_influence': 0.5032087740172699, 'penalty_k': 0.4986852927104567, 'scale_lr': 0.6246672885800324}. Best is trial 62 with value: 0.3726749919963718.
checkpoint_e29 window_influence: 0.28129691789103251, penalty_k: 0.04604068545413512, scale_lr: 0.51010997664180047, EAO: 0.309
Trial 1036 finished with value: 0.30937876207355397 and parameters: {'window_influence': 0.2812969178910325, 'penalty_k': 0.046040685454135116, 'scale_lr': 0.5101099766418005}. Best is trial 62 with value: 0.3726749919963718.
checkpoint_e29 window_influence: 0.47527076352623526, penalty_k: 0.16875519609273870, scale_lr: 0.56595494877902797, EAO: 0.347
Trial 1037 finished with value: 0.3467426709395902 and parameters: {'window_influence': 0.47527076352623526, 'penalty_k': 0.1687551960927387, 'scale_lr': 0.565954948779028}. Best is trial 62 with value: 0.3726749919963718.
checkpoint_e29 window_influence: 0.27345588440136548, penalty_k: 0.01745449065608540, scale_lr: 0.45959946943748758, EAO: 0.296
Trial 1038 finished with value: 0.29555550994576185 and parameters: {'window_influence': 0.2734558844013655, 'penalty_k': 0.0174544906560854, 'scale_lr': 0.4595994694374876}. Best is trial 62 with value: 0.3726749919963718.
checkpoint_e29 window_influence: 0.45406952077194884, penalty_k: 0.34095933896720965, scale_lr: 0.19417260623824273, EAO: 0.340
Trial 1039 finished with value: 0.3403789013740154 and parameters: {'window_influence': 0.45406952077194884, 'penalty_k': 0.34095933896720965, 'scale_lr': 0.19417260623824273}. Best is trial 62 with value: 0.3726749919963718.
checkpoint_e29 window_influence: 0.37960468303245848, penalty_k: 0.03618561476502118, scale_lr: 0.42380933469109777, EAO: 0.325
Trial 1040 finished with value: 0.3245897831735908 and parameters: {'window_influence': 0.3796046830324585, 'penalty_k': 0.036185614765021176, 'scale_lr': 0.42380933469109777}. Best is trial 62 with value: 0.3726749919963718.
checkpoint_e29 window_influence: 0.48698303392595205, penalty_k: 0.00068597626343727, scale_lr: 0.34202710254384422, EAO: 0.334
Trial 1041 finished with value: 0.3340823978533541 and parameters: {'window_influence': 0.48698303392595205, 'penalty_k': 0.0006859762634372733, 'scale_lr': 0.3420271025438442}. Best is trial 62 with value: 0.3726749919963718.
checkpoint_e29 window_influence: 0.50052279488603424, penalty_k: 0.06208098701404081, scale_lr: 0.44041584076875262, EAO: 0.344
Trial 1042 finished with value: 0.3440747317868912 and parameters: {'window_influence': 0.5005227948860342, 'penalty_k': 0.06208098701404081, 'scale_lr': 0.4404158407687526}. Best is trial 62 with value: 0.3726749919963718.
checkpoint_e29 window_influence: 0.52365350804442867, penalty_k: 0.39202143288258057, scale_lr: 0.47549912802715777, EAO: 0.298
Trial 1043 finished with value: 0.2975971348554708 and parameters: {'window_influence': 0.5236535080444287, 'penalty_k': 0.39202143288258057, 'scale_lr': 0.47549912802715777}. Best is trial 62 with value: 0.3726749919963718.
checkpoint_e29 window_influence: 0.51069868534906315, penalty_k: 0.17422272772377412, scale_lr: 0.54319647851365183, EAO: 0.318
Trial 1044 finished with value: 0.318149457181938 and parameters: {'window_influence': 0.5106986853490632, 'penalty_k': 0.17422272772377412, 'scale_lr': 0.5431964785136518}. Best is trial 62 with value: 0.3726749919963718.
checkpoint_e29 window_influence: 0.49340947178138911, penalty_k: 0.05108366856450473, scale_lr: 0.58103967817113922, EAO: 0.328
Trial 1045 finished with value: 0.328313304756402 and parameters: {'window_influence': 0.4934094717813891, 'penalty_k': 0.051083668564504726, 'scale_lr': 0.5810396781711392}. Best is trial 62 with value: 0.3726749919963718.
checkpoint_e29 window_influence: 0.32756703697233436, penalty_k: 0.15518226030022650, scale_lr: 0.37857606217442263, EAO: 0.298
Trial 1046 finished with value: 0.2983896586797581 and parameters: {'window_influence': 0.32756703697233436, 'penalty_k': 0.1551822603002265, 'scale_lr': 0.37857606217442263}. Best is trial 62 with value: 0.3726749919963718.
checkpoint_e29 window_influence: 0.10738716803807896, penalty_k: 0.07122455023211255, scale_lr: 0.71443977764111710, EAO: 0.262
Trial 1047 finished with value: 0.261859160047097 and parameters: {'window_influence': 0.10738716803807896, 'penalty_k': 0.07122455023211255, 'scale_lr': 0.7144397776411171}. Best is trial 62 with value: 0.3726749919963718.
checkpoint_e29 window_influence: 0.45970185732570268, penalty_k: 0.27895854934214454, scale_lr: 0.17764415829424945, EAO: 0.347
Trial 1048 finished with value: 0.3466708671721967 and parameters: {'window_influence': 0.4597018573257027, 'penalty_k': 0.27895854934214454, 'scale_lr': 0.17764415829424945}. Best is trial 62 with value: 0.3726749919963718.
checkpoint_e29 window_influence: 0.37040787859587632, penalty_k: 0.46702704123704447, scale_lr: 0.41213526340941170, EAO: 0.310
Trial 1049 finished with value: 0.30965270647047094 and parameters: {'window_influence': 0.3704078785958763, 'penalty_k': 0.46702704123704447, 'scale_lr': 0.4121352634094117}. Best is trial 62 with value: 0.3726749919963718.
checkpoint_e29 window_influence: 0.47493102832353085, penalty_k: 0.34399076068587869, scale_lr: 0.49953632167877315, EAO: 0.327
Trial 1050 finished with value: 0.32689663796805224 and parameters: {'window_influence': 0.47493102832353085, 'penalty_k': 0.3439907606858787, 'scale_lr': 0.49953632167877315}. Best is trial 62 with value: 0.3726749919963718.
checkpoint_e29 window_influence: 0.53407539481480082, penalty_k: 0.03345302095304719, scale_lr: 0.13350089431481704, EAO: 0.337
Trial 1051 finished with value: 0.336648360416583 and parameters: {'window_influence': 0.5340753948148008, 'penalty_k': 0.03345302095304719, 'scale_lr': 0.13350089431481704}. Best is trial 62 with value: 0.3726749919963718.
checkpoint_e29 window_influence: 0.51598250847499394, penalty_k: 0.05837138375883555, scale_lr: 0.11312302782731233, EAO: 0.336
Trial 1052 finished with value: 0.33618173640989607 and parameters: {'window_influence': 0.5159825084749939, 'penalty_k': 0.05837138375883555, 'scale_lr': 0.11312302782731233}. Best is trial 62 with value: 0.3726749919963718.
checkpoint_e29 window_influence: 0.64087083864699135, penalty_k: 0.58574927847406721, scale_lr: 0.74070530778728383, EAO: 0.227
Trial 1053 finished with value: 0.2273098309796144 and parameters: {'window_influence': 0.6408708386469913, 'penalty_k': 0.5857492784740672, 'scale_lr': 0.7407053077872838}. Best is trial 62 with value: 0.3726749919963718.
checkpoint_e29 window_influence: 0.48673481972517657, penalty_k: 0.13641470326584740, scale_lr: 0.64895570974172090, EAO: 0.342
