Trial 1134 finished with value: 0.33365919791770815 and parameters: {'window_influence': 0.5060178140340819, 'penalty_k': 0.14653342555363927, 'scale_lr': 0.17176333896580534}. Best is trial 1044 with value: 0.36650777071830365.
checkpoint_e29 window_influence: 0.46136874998276661, penalty_k: 0.14074093688739492, scale_lr: 0.16254915668566516, EAO: 0.353
Trial 1135 finished with value: 0.35287009997126656 and parameters: {'window_influence': 0.4613687499827666, 'penalty_k': 0.14074093688739492, 'scale_lr': 0.16254915668566516}. Best is trial 1044 with value: 0.36650777071830365.
checkpoint_e29 window_influence: 0.22653046627713835, penalty_k: 0.11941343631648771, scale_lr: 0.18051454236695358, EAO: 0.283
Trial 1136 finished with value: 0.2828117004860236 and parameters: {'window_influence': 0.22653046627713835, 'penalty_k': 0.11941343631648771, 'scale_lr': 0.18051454236695358}. Best is trial 1044 with value: 0.36650777071830365.
checkpoint_e29 window_influence: 0.48158890060757065, penalty_k: 0.15345229465989740, scale_lr: 0.12398300932221769, EAO: 0.341
Trial 1137 finished with value: 0.3409294271515501 and parameters: {'window_influence': 0.48158890060757065, 'penalty_k': 0.1534522946598974, 'scale_lr': 0.12398300932221769}. Best is trial 1044 with value: 0.36650777071830365.
checkpoint_e29 window_influence: 0.49720814785239265, penalty_k: 0.15758045358739062, scale_lr: 0.15830512378467740, EAO: 0.364
Trial 1138 finished with value: 0.3644954987768997 and parameters: {'window_influence': 0.49720814785239265, 'penalty_k': 0.15758045358739062, 'scale_lr': 0.1583051237846774}. Best is trial 1044 with value: 0.36650777071830365.
checkpoint_e29 window_influence: 0.50125601793851660, penalty_k: 0.16836689302686514, scale_lr: 0.15750713564792582, EAO: 0.340
Trial 1139 finished with value: 0.34013275993473335 and parameters: {'window_influence': 0.5012560179385166, 'penalty_k': 0.16836689302686514, 'scale_lr': 0.15750713564792582}. Best is trial 1044 with value: 0.36650777071830365.
checkpoint_e29 window_influence: 0.51936278248153056, penalty_k: 0.13745242999664686, scale_lr: 0.14166988312820195, EAO: 0.339
Trial 1140 finished with value: 0.33881659127394975 and parameters: {'window_influence': 0.5193627824815306, 'penalty_k': 0.13745242999664686, 'scale_lr': 0.14166988312820195}. Best is trial 1044 with value: 0.36650777071830365.
checkpoint_e29 window_influence: 0.49804077319954587, penalty_k: 0.16278347619248301, scale_lr: 0.15603631922208547, EAO: 0.338
Trial 1141 finished with value: 0.3382440037184652 and parameters: {'window_influence': 0.49804077319954587, 'penalty_k': 0.162783476192483, 'scale_lr': 0.15603631922208547}. Best is trial 1044 with value: 0.36650777071830365.
checkpoint_e29 window_influence: 0.51409275701919543, penalty_k: 0.16800071442635053, scale_lr: 0.17310028688299778, EAO: 0.333
Trial 1142 finished with value: 0.33279629521332826 and parameters: {'window_influence': 0.5140927570191954, 'penalty_k': 0.16800071442635053, 'scale_lr': 0.17310028688299778}. Best is trial 1044 with value: 0.36650777071830365.
checkpoint_e29 window_influence: 0.49124875686540476, penalty_k: 0.17325120575253358, scale_lr: 0.12921083365730560, EAO: 0.364
Trial 1143 finished with value: 0.36413732043500074 and parameters: {'window_influence': 0.49124875686540476, 'penalty_k': 0.17325120575253358, 'scale_lr': 0.1292108336573056}. Best is trial 1044 with value: 0.36650777071830365.
checkpoint_e29 window_influence: 0.50361890801668285, penalty_k: 0.16456713595387115, scale_lr: 0.18618713756588906, EAO: 0.345
Trial 1144 finished with value: 0.34500986650760074 and parameters: {'window_influence': 0.5036189080166829, 'penalty_k': 0.16456713595387115, 'scale_lr': 0.18618713756588906}. Best is trial 1044 with value: 0.36650777071830365.
checkpoint_e29 window_influence: 0.52554403062727373, penalty_k: 0.15904451648780979, scale_lr: 0.15887452061361415, EAO: 0.325
Trial 1145 finished with value: 0.32494695560013737 and parameters: {'window_influence': 0.5255440306272737, 'penalty_k': 0.1590445164878098, 'scale_lr': 0.15887452061361415}. Best is trial 1044 with value: 0.36650777071830365.
checkpoint_e29 window_influence: 0.49774280314875913, penalty_k: 0.17536157741982536, scale_lr: 0.14601563287748795, EAO: 0.328
Trial 1146 finished with value: 0.32827504437257343 and parameters: {'window_influence': 0.4977428031487591, 'penalty_k': 0.17536157741982536, 'scale_lr': 0.14601563287748795}. Best is trial 1044 with value: 0.36650777071830365.
checkpoint_e29 window_influence: 0.09354148469812884, penalty_k: 0.15843235798170877, scale_lr: 0.12885393203965201, EAO: 0.259
Trial 1147 finished with value: 0.25871295902283736 and parameters: {'window_influence': 0.09354148469812884, 'penalty_k': 0.15843235798170877, 'scale_lr': 0.128853932039652}. Best is trial 1044 with value: 0.36650777071830365.
checkpoint_e29 window_influence: 0.48963318373435322, penalty_k: 0.17923491528739882, scale_lr: 0.17756044080298070, EAO: 0.335
Trial 1148 finished with value: 0.3350540725405578 and parameters: {'window_influence': 0.4896331837343532, 'penalty_k': 0.17923491528739882, 'scale_lr': 0.1775604408029807}. Best is trial 1044 with value: 0.36650777071830365.
checkpoint_e29 window_influence: 0.47562402624937761, penalty_k: 0.15066052402105970, scale_lr: 0.17093586578335471, EAO: 0.358
Trial 1149 finished with value: 0.3579786107929764 and parameters: {'window_influence': 0.4756240262493776, 'penalty_k': 0.1506605240210597, 'scale_lr': 0.1709358657833547}. Best is trial 1044 with value: 0.36650777071830365.
checkpoint_e29 window_influence: 0.47805042846654772, penalty_k: 0.14910256507568967, scale_lr: 0.16840508951885622, EAO: 0.355
Trial 1150 finished with value: 0.35468536406639484 and parameters: {'window_influence': 0.4780504284665477, 'penalty_k': 0.14910256507568967, 'scale_lr': 0.16840508951885622}. Best is trial 1044 with value: 0.36650777071830365.
checkpoint_e29 window_influence: 0.47606153312825156, penalty_k: 0.15427559962565002, scale_lr: 0.16911756227518082, EAO: 0.357
Trial 1151 finished with value: 0.3569217704613385 and parameters: {'window_influence': 0.47606153312825156, 'penalty_k': 0.15427559962565002, 'scale_lr': 0.16911756227518082}. Best is trial 1044 with value: 0.36650777071830365.
checkpoint_e29 window_influence: 0.48037379573100375, penalty_k: 0.15165878529715049, scale_lr: 0.17668471965165611, EAO: 0.339
Trial 1152 finished with value: 0.3393447580040661 and parameters: {'window_influence': 0.48037379573100375, 'penalty_k': 0.1516587852971505, 'scale_lr': 0.1766847196516561}. Best is trial 1044 with value: 0.36650777071830365.
checkpoint_e29 window_influence: 0.47339825290929205, penalty_k: 0.16647588812686187, scale_lr: 0.16403370467656933, EAO: 0.337
Trial 1153 finished with value: 0.33660171375200443 and parameters: {'window_influence': 0.47339825290929205, 'penalty_k': 0.16647588812686187, 'scale_lr': 0.16403370467656933}. Best is trial 1044 with value: 0.36650777071830365.
checkpoint_e29 window_influence: 0.46944288634277592, penalty_k: 0.15231135000175824, scale_lr: 0.15505906648326445, EAO: 0.334
Trial 1154 finished with value: 0.33358628073786945 and parameters: {'window_influence': 0.4694428863427759, 'penalty_k': 0.15231135000175824, 'scale_lr': 0.15505906648326445}. Best is trial 1044 with value: 0.36650777071830365.
checkpoint_e29 window_influence: 0.47529191328905268, penalty_k: 0.14138907670969922, scale_lr: 0.16711439471638595, EAO: 0.340
Trial 1155 finished with value: 0.3396801923035648 and parameters: {'window_influence': 0.4752919132890527, 'penalty_k': 0.14138907670969922, 'scale_lr': 0.16711439471638595}. Best is trial 1044 with value: 0.36650777071830365.
checkpoint_e29 window_influence: 0.48680122775914814, penalty_k: 0.16477520238135551, scale_lr: 0.18584109430958839, EAO: 0.341
Trial 1156 finished with value: 0.3409397130114559 and parameters: {'window_influence': 0.48680122775914814, 'penalty_k': 0.1647752023813555, 'scale_lr': 0.1858410943095884}. Best is trial 1044 with value: 0.36650777071830365.
checkpoint_e29 window_influence: 0.47590976764844684, penalty_k: 0.14928476370822810, scale_lr: 0.15622480293413626, EAO: 0.350
Trial 1157 finished with value: 0.3498473517625712 and parameters: {'window_influence': 0.47590976764844684, 'penalty_k': 0.1492847637082281, 'scale_lr': 0.15622480293413626}. Best is trial 1044 with value: 0.36650777071830365.
checkpoint_e29 window_influence: 0.46052489944121783, penalty_k: 0.16021977816512120, scale_lr: 0.13798381205496851, EAO: 0.327
Trial 1158 finished with value: 0.32653088021139226 and parameters: {'window_influence': 0.4605248994412178, 'penalty_k': 0.1602197781651212, 'scale_lr': 0.1379838120549685}. Best is trial 1044 with value: 0.36650777071830365.
checkpoint_e29 window_influence: 0.49135750502830949, penalty_k: 0.18209161889769968, scale_lr: 0.17773592646516473, EAO: 0.351
Trial 1159 finished with value: 0.3505072268994402 and parameters: {'window_influence': 0.4913575050283095, 'penalty_k': 0.18209161889769968, 'scale_lr': 0.17773592646516473}. Best is trial 1044 with value: 0.36650777071830365.
checkpoint_e29 window_influence: 0.48080562779758901, penalty_k: 0.13520485276500677, scale_lr: 0.14175511067354885, EAO: 0.335
Trial 1160 finished with value: 0.33460844113900967 and parameters: {'window_influence': 0.480805627797589, 'penalty_k': 0.13520485276500677, 'scale_lr': 0.14175511067354885}. Best is trial 1044 with value: 0.36650777071830365.
checkpoint_e29 window_influence: 0.49121617464436257, penalty_k: 0.17367073448155748, scale_lr: 0.11549203141714395, EAO: 0.340
Trial 1161 finished with value: 0.33972452076492604 and parameters: {'window_influence': 0.49121617464436257, 'penalty_k': 0.17367073448155748, 'scale_lr': 0.11549203141714395}. Best is trial 1044 with value: 0.36650777071830365.
checkpoint_e29 window_influence: 0.46725522407901221, penalty_k: 0.14544497996190353, scale_lr: 0.16887779721651522, EAO: 0.348
Trial 1162 finished with value: 0.34806205361269793 and parameters: {'window_influence': 0.4672552240790122, 'penalty_k': 0.14544497996190353, 'scale_lr': 0.16887779721651522}. Best is trial 1044 with value: 0.36650777071830365.
checkpoint_e29 window_influence: 0.47200221537405113, penalty_k: 0.13200519906716796, scale_lr: 0.19086062050893088, EAO: 0.346
Trial 1163 finished with value: 0.3460602004240459 and parameters: {'window_influence': 0.4720022153740511, 'penalty_k': 0.13200519906716796, 'scale_lr': 0.19086062050893088}. Best is trial 1044 with value: 0.36650777071830365.
checkpoint_e29 window_influence: 0.19058404167332224, penalty_k: 0.16272359644586804, scale_lr: 0.14106455710218210, EAO: 0.276
Trial 1164 finished with value: 0.2760734023519063 and parameters: {'window_influence': 0.19058404167332224, 'penalty_k': 0.16272359644586804, 'scale_lr': 0.1410645571021821}. Best is trial 1044 with value: 0.36650777071830365.
checkpoint_e29 window_influence: 0.48415119396732248, penalty_k: 0.14787900591327630, scale_lr: 0.15316508409055324, EAO: 0.340
Trial 1165 finished with value: 0.33983120699105096 and parameters: {'window_influence': 0.4841511939673225, 'penalty_k': 0.1478790059132763, 'scale_lr': 0.15316508409055324}. Best is trial 1044 with value: 0.36650777071830365.
checkpoint_e29 window_influence: 0.51077099147088356, penalty_k: 0.17599110245771410, scale_lr: 0.16446205980933801, EAO: 0.334
Trial 1166 finished with value: 0.3339124568357542 and parameters: {'window_influence': 0.5107709914708836, 'penalty_k': 0.1759911024577141, 'scale_lr': 0.164462059809338}. Best is trial 1044 with value: 0.36650777071830365.
checkpoint_e29 window_influence: 0.46327212185281846, penalty_k: 0.13122260826998691, scale_lr: 0.18761553546695553, EAO: 0.332
Trial 1167 finished with value: 0.33198555213931935 and parameters: {'window_influence': 0.46327212185281846, 'penalty_k': 0.1312226082699869, 'scale_lr': 0.18761553546695553}. Best is trial 1044 with value: 0.36650777071830365.
checkpoint_e29 window_influence: 0.11581639614341982, penalty_k: 0.15593906795501719, scale_lr: 0.17935843118416162, EAO: 0.267
Trial 1168 finished with value: 0.2665119572372288 and parameters: {'window_influence': 0.11581639614341982, 'penalty_k': 0.1559390679550172, 'scale_lr': 0.17935843118416162}. Best is trial 1044 with value: 0.36650777071830365.
checkpoint_e29 window_influence: 0.49001508357575607, penalty_k: 0.14430895429506546, scale_lr: 0.12838550664903026, EAO: 0.350
Trial 1169 finished with value: 0.3500574307682913 and parameters: {'window_influence': 0.49001508357575607, 'penalty_k': 0.14430895429506546, 'scale_lr': 0.12838550664903026}. Best is trial 1044 with value: 0.36650777071830365.
checkpoint_e29 window_influence: 0.49675581476240405, penalty_k: 0.12032918262356085, scale_lr: 0.15192221419608443, EAO: 0.357
Trial 1170 finished with value: 0.35694877635180255 and parameters: {'window_influence': 0.49675581476240405, 'penalty_k': 0.12032918262356085, 'scale_lr': 0.15192221419608443}. Best is trial 1044 with value: 0.36650777071830365.
checkpoint_e29 window_influence: 0.50857577474352034, penalty_k: 0.17070609312611565, scale_lr: 0.16832652897257330, EAO: 0.343
Trial 1171 finished with value: 0.3430516451945101 and parameters: {'window_influence': 0.5085757747435203, 'penalty_k': 0.17070609312611565, 'scale_lr': 0.1683265289725733}. Best is trial 1044 with value: 0.36650777071830365.
checkpoint_e29 window_influence: 0.49890450370587691, penalty_k: 0.15509105091799041, scale_lr: 0.19248770445349289, EAO: 0.363
Trial 1172 finished with value: 0.36334576669370156 and parameters: {'window_influence': 0.4989045037058769, 'penalty_k': 0.15509105091799041, 'scale_lr': 0.1924877044534929}. Best is trial 1044 with value: 0.36650777071830365.
checkpoint_e29 window_influence: 0.52189551843399606, penalty_k: 0.16009450703222694, scale_lr: 0.19809644141024529, EAO: 0.331
Trial 1173 finished with value: 0.3309277931539929 and parameters: {'window_influence': 0.5218955184339961, 'penalty_k': 0.16009450703222694, 'scale_lr': 0.1980964414102453}. Best is trial 1044 with value: 0.36650777071830365.
checkpoint_e29 window_influence: 0.53200624432010468, penalty_k: 0.12095010975836663, scale_lr: 0.19281354444002907, EAO: 0.337
Trial 1174 finished with value: 0.33694235476074513 and parameters: {'window_influence': 0.5320062443201047, 'penalty_k': 0.12095010975836663, 'scale_lr': 0.19281354444002907}. Best is trial 1044 with value: 0.36650777071830365.
checkpoint_e29 window_influence: 0.50198374266401313, penalty_k: 0.19285120526635671, scale_lr: 0.18579552137815197, EAO: 0.332
Trial 1175 finished with value: 0.3317053851450464 and parameters: {'window_influence': 0.5019837426640131, 'penalty_k': 0.1928512052663567, 'scale_lr': 0.18579552137815197}. Best is trial 1044 with value: 0.36650777071830365.
checkpoint_e29 window_influence: 0.51293951518024894, penalty_k: 0.14038199301719315, scale_lr: 0.33143597770791683, EAO: 0.333
Trial 1176 finished with value: 0.33306289646876 and parameters: {'window_influence': 0.5129395151802489, 'penalty_k': 0.14038199301719315, 'scale_lr': 0.33143597770791683}. Best is trial 1044 with value: 0.36650777071830365.
checkpoint_e29 window_influence: 0.49705327994913073, penalty_k: 0.16941160147978643, scale_lr: 0.15514530798440515, EAO: 0.343
Trial 1177 finished with value: 0.34318210086006135 and parameters: {'window_influence': 0.49705327994913073, 'penalty_k': 0.16941160147978643, 'scale_lr': 0.15514530798440515}. Best is trial 1044 with value: 0.36650777071830365.
checkpoint_e29 window_influence: 0.51093286804267701, penalty_k: 0.15857611570947375, scale_lr: 0.10233503984026143, EAO: 0.335
Trial 1178 finished with value: 0.33459174041618167 and parameters: {'window_influence': 0.510932868042677, 'penalty_k': 0.15857611570947375, 'scale_lr': 0.10233503984026143}. Best is trial 1044 with value: 0.36650777071830365.
checkpoint_e29 window_influence: 0.50059417048477595, penalty_k: 0.13420075603715473, scale_lr: 0.17632285582007817, EAO: 0.348
Trial 1179 finished with value: 0.3483758387862476 and parameters: {'window_influence': 0.500594170484776, 'penalty_k': 0.13420075603715473, 'scale_lr': 0.17632285582007817}. Best is trial 1044 with value: 0.36650777071830365.
checkpoint_e29 window_influence: 0.49222468676194253, penalty_k: 0.12155588573406405, scale_lr: 0.15938072204586057, EAO: 0.343
Trial 1180 finished with value: 0.34328133169315206 and parameters: {'window_influence': 0.49222468676194253, 'penalty_k': 0.12155588573406405, 'scale_lr': 0.15938072204586057}. Best is trial 1044 with value: 0.36650777071830365.
checkpoint_e29 window_influence: 0.51970773324006037, penalty_k: 0.19156844610670201, scale_lr: 0.19910414770297977, EAO: 0.337
Trial 1181 finished with value: 0.33699568479905334 and parameters: {'window_influence': 0.5197077332400604, 'penalty_k': 0.191568446106702, 'scale_lr': 0.19910414770297977}. Best is trial 1044 with value: 0.36650777071830365.
checkpoint_e29 window_influence: 0.53868074751622941, penalty_k: 0.17926060619400869, scale_lr: 0.32719688033733230, EAO: 0.301
Trial 1182 finished with value: 0.3006156296233723 and parameters: {'window_influence': 0.5386807475162294, 'penalty_k': 0.1792606061940087, 'scale_lr': 0.3271968803373323}. Best is trial 1044 with value: 0.36650777071830365.
checkpoint_e29 window_influence: 0.49429502353356958, penalty_k: 0.15932941350084878, scale_lr: 0.30847861877136640, EAO: 0.302
Trial 1183 finished with value: 0.30221231594855685 and parameters: {'window_influence': 0.4942950235335696, 'penalty_k': 0.15932941350084878, 'scale_lr': 0.3084786187713664}. Best is trial 1044 with value: 0.36650777071830365.
checkpoint_e29 window_influence: 0.50000051425580405, penalty_k: 0.11466407940399695, scale_lr: 0.14939865086279661, EAO: 0.349
Trial 1184 finished with value: 0.34857178198224376 and parameters: {'window_influence': 0.500000514255804, 'penalty_k': 0.11466407940399695, 'scale_lr': 0.1493986508627966}. Best is trial 1044 with value: 0.36650777071830365.
checkpoint_e29 window_influence: 0.50867802326978440, penalty_k: 0.13780413283419610, scale_lr: 0.29013593854664710, EAO: 0.314
Trial 1185 finished with value: 0.31426413455825836 and parameters: {'window_influence': 0.5086780232697844, 'penalty_k': 0.1378041328341961, 'scale_lr': 0.2901359385466471}. Best is trial 1044 with value: 0.36650777071830365.
checkpoint_e29 window_influence: 0.16422353428193304, penalty_k: 0.10917413443028806, scale_lr: 0.17933543939823049, EAO: 0.282
Trial 1186 finished with value: 0.2819317665081544 and parameters: {'window_influence': 0.16422353428193304, 'penalty_k': 0.10917413443028806, 'scale_lr': 0.1793354393982305}. Best is trial 1044 with value: 0.36650777071830365.
checkpoint_e29 window_influence: 0.52796967764511571, penalty_k: 0.15301157124495657, scale_lr: 0.40009005047977775, EAO: 0.297
Trial 1187 finished with value: 0.29737067570482245 and parameters: {'window_influence': 0.5279696776451157, 'penalty_k': 0.15301157124495657, 'scale_lr': 0.40009005047977775}. Best is trial 1044 with value: 0.36650777071830365.
checkpoint_e29 window_influence: 0.48370438465497151, penalty_k: 0.14501466322154599, scale_lr: 0.13392953786878020, EAO: 0.348
Trial 1188 finished with value: 0.3476052813029011 and parameters: {'window_influence': 0.4837043846549715, 'penalty_k': 0.145014663221546, 'scale_lr': 0.1339295378687802}. Best is trial 1044 with value: 0.36650777071830365.
checkpoint_e29 window_influence: 0.49205877462781206, penalty_k: 0.18152003841295217, scale_lr: 0.19112402412354668, EAO: 0.336
Trial 1189 finished with value: 0.33625525647796084 and parameters: {'window_influence': 0.49205877462781206, 'penalty_k': 0.18152003841295217, 'scale_lr': 0.19112402412354668}. Best is trial 1044 with value: 0.36650777071830365.
checkpoint_e29 window_influence: 0.51605735602103253, penalty_k: 0.17103048696347772, scale_lr: 0.26952241646243646, EAO: 0.319
Trial 1190 finished with value: 0.31935004333345807 and parameters: {'window_influence': 0.5160573560210325, 'penalty_k': 0.17103048696347772, 'scale_lr': 0.26952241646243646}. Best is trial 1044 with value: 0.36650777071830365.
checkpoint_e29 window_influence: 0.20497258443787678, penalty_k: 0.12540781184665892, scale_lr: 0.16562710860855850, EAO: 0.302
Trial 1191 finished with value: 0.3022131224666588 and parameters: {'window_influence': 0.20497258443787678, 'penalty_k': 0.12540781184665892, 'scale_lr': 0.1656271086085585}. Best is trial 1044 with value: 0.36650777071830365.
checkpoint_e29 window_influence: 0.48306513877121116, penalty_k: 0.16416316176008042, scale_lr: 0.11927225749124469, EAO: 0.320
Trial 1192 finished with value: 0.32010925552492475 and parameters: {'window_influence': 0.48306513877121116, 'penalty_k': 0.16416316176008042, 'scale_lr': 0.11927225749124469}. Best is trial 1044 with value: 0.36650777071830365.
checkpoint_e29 window_influence: 0.50706427737616544, penalty_k: 0.13816072567460955, scale_lr: 0.17355736621577084, EAO: 0.328
Trial 1193 finished with value: 0.32843763395738046 and parameters: {'window_influence': 0.5070642773761654, 'penalty_k': 0.13816072567460955, 'scale_lr': 0.17355736621577084}. Best is trial 1044 with value: 0.36650777071830365.
checkpoint_e29 window_influence: 0.46317015923818800, penalty_k: 0.11250860692200816, scale_lr: 0.25814910537068236, EAO: 0.335
Trial 1194 finished with value: 0.33476163696222266 and parameters: {'window_influence': 0.463170159238188, 'penalty_k': 0.11250860692200816, 'scale_lr': 0.25814910537068236}. Best is trial 1044 with value: 0.36650777071830365.
checkpoint_e29 window_influence: 0.24540270004683346, penalty_k: 0.15264830362583220, scale_lr: 0.30307703823298859, EAO: 0.286
