Trial 21 finished with value: 0.3191117738239496 and parameters: {'window_influence': 0.39381607438468247, 'penalty_k': 0.0790109993464979, 'scale_lr': 0.49551717084504443}. Best is trial 21 with value: 0.3191117738239496.
checkpoint_e16 window_influence: 0.43481831762681356, penalty_k: 0.01205412399846359, scale_lr: 0.27976989317659462, EAO: 0.336
Trial 537 finished with value: 0.3355814690487858 and parameters: {'window_influence': 0.43481831762681356, 'penalty_k': 0.012054123998463593, 'scale_lr': 0.2797698931765946}. Best is trial 128 with value: 0.3574732866732527.
checkpoint_e16 window_influence: 0.34804865389207429, penalty_k: 0.12362231521339921, scale_lr: 0.48608778280233705, EAO: 0.307
Trial 22 finished with value: 0.3067401261992955 and parameters: {'window_influence': 0.3480486538920743, 'penalty_k': 0.12362231521339921, 'scale_lr': 0.48608778280233705}. Best is trial 21 with value: 0.3191117738239496.
checkpoint_e16 window_influence: 0.10063442455406718, penalty_k: 0.11261840231704237, scale_lr: 0.31577567022118797, EAO: 0.276
Trial 538 finished with value: 0.27597380902052854 and parameters: {'window_influence': 0.10063442455406718, 'penalty_k': 0.11261840231704237, 'scale_lr': 0.31577567022118797}. Best is trial 128 with value: 0.3574732866732527.
checkpoint_e16 window_influence: 0.36704962749274678, penalty_k: 0.14950706701733404, scale_lr: 0.52510616550198741, EAO: 0.298
Trial 23 finished with value: 0.29843117922892365 and parameters: {'window_influence': 0.3670496274927468, 'penalty_k': 0.14950706701733404, 'scale_lr': 0.5251061655019874}. Best is trial 21 with value: 0.3191117738239496.
checkpoint_e16 window_influence: 0.61397887398971540, penalty_k: 0.51783173135026983, scale_lr: 0.33545579759657862, EAO: 0.236
Trial 539 finished with value: 0.23593408037484387 and parameters: {'window_influence': 0.6139788739897154, 'penalty_k': 0.5178317313502698, 'scale_lr': 0.3354557975965786}. Best is trial 128 with value: 0.3574732866732527.
checkpoint_e16 window_influence: 0.45657902752891161, penalty_k: 0.12387621147460279, scale_lr: 0.56161934834521554, EAO: 0.308
Trial 24 finished with value: 0.3083321609269784 and parameters: {'window_influence': 0.4565790275289116, 'penalty_k': 0.12387621147460279, 'scale_lr': 0.5616193483452155}. Best is trial 21 with value: 0.3191117738239496.
checkpoint_e16 window_influence: 0.57861271551612803, penalty_k: 0.06790297011650795, scale_lr: 0.40482388786305828, EAO: 0.280
Trial 540 finished with value: 0.28008408583555705 and parameters: {'window_influence': 0.578612715516128, 'penalty_k': 0.06790297011650795, 'scale_lr': 0.4048238878630583}. Best is trial 128 with value: 0.3574732866732527.
checkpoint_e16 window_influence: 0.46875845864397225, penalty_k: 0.18672438268791641, scale_lr: 0.57288774045574775, EAO: 0.302
Trial 25 finished with value: 0.30150755723858624 and parameters: {'window_influence': 0.46875845864397225, 'penalty_k': 0.1867243826879164, 'scale_lr': 0.5728877404557478}. Best is trial 21 with value: 0.3191117738239496.
checkpoint_e16 window_influence: 0.19249841523570302, penalty_k: 0.08954907599626757, scale_lr: 0.22949731372570653, EAO: 0.283
Trial 541 finished with value: 0.28255242010730713 and parameters: {'window_influence': 0.19249841523570302, 'penalty_k': 0.08954907599626757, 'scale_lr': 0.22949731372570653}. Best is trial 128 with value: 0.3574732866732527.
checkpoint_e16 window_influence: 0.45965056410186367, penalty_k: 0.12280091040805649, scale_lr: 0.29322643857291908, EAO: 0.324
Trial 542 finished with value: 0.32361591905935266 and parameters: {'window_influence': 0.45965056410186367, 'penalty_k': 0.12280091040805649, 'scale_lr': 0.2932264385729191}. Best is trial 128 with value: 0.3574732866732527.
checkpoint_e16 window_influence: 0.40814851353291004, penalty_k: 0.12026261410169636, scale_lr: 0.59169999396484541, EAO: 0.299
Trial 26 finished with value: 0.29939930871534903 and parameters: {'window_influence': 0.40814851353291004, 'penalty_k': 0.12026261410169636, 'scale_lr': 0.5916999939648454}. Best is trial 21 with value: 0.3191117738239496.
checkpoint_e16 window_influence: 0.50273343934396075, penalty_k: 0.01004971009707393, scale_lr: 0.27464437110354961, EAO: 0.320
Trial 543 finished with value: 0.3199760568281092 and parameters: {'window_influence': 0.5027334393439608, 'penalty_k': 0.010049710097073932, 'scale_lr': 0.2746443711035496}. Best is trial 128 with value: 0.3574732866732527.
checkpoint_e16 window_influence: 0.49766176989292304, penalty_k: 0.05196299888858420, scale_lr: 0.45174904264289850, EAO: 0.329
Trial 27 finished with value: 0.32925939681696986 and parameters: {'window_influence': 0.49766176989292304, 'penalty_k': 0.051962998888584196, 'scale_lr': 0.4517490426428985}. Best is trial 27 with value: 0.32925939681696986.
checkpoint_e16 window_influence: 0.44287072784425879, penalty_k: 0.05966097978230426, scale_lr: 0.71122260113383395, EAO: 0.321
Trial 544 finished with value: 0.3207789194491123 and parameters: {'window_influence': 0.4428707278442588, 'penalty_k': 0.05966097978230426, 'scale_lr': 0.711222601133834}. Best is trial 128 with value: 0.3574732866732527.
checkpoint_e16 window_influence: 0.53979551726154762, penalty_k: 0.03850100463170296, scale_lr: 0.45299058181290619, EAO: 0.309
Trial 28 finished with value: 0.3091813127006538 and parameters: {'window_influence': 0.5397955172615476, 'penalty_k': 0.03850100463170296, 'scale_lr': 0.4529905818129062}. Best is trial 27 with value: 0.32925939681696986.
checkpoint_e16 window_influence: 0.23407251881424540, penalty_k: 0.03226041985484528, scale_lr: 0.24743392930271871, EAO: 0.290
Trial 545 finished with value: 0.2900668888820285 and parameters: {'window_influence': 0.2340725188142454, 'penalty_k': 0.032260419854845276, 'scale_lr': 0.2474339293027187}. Best is trial 128 with value: 0.3574732866732527.
checkpoint_e16 window_influence: 0.57254612359097945, penalty_k: 0.06147075833679495, scale_lr: 0.39376436493675204, EAO: 0.309
Trial 29 finished with value: 0.30894125638536907 and parameters: {'window_influence': 0.5725461235909794, 'penalty_k': 0.061470758336794946, 'scale_lr': 0.39376436493675204}. Best is trial 27 with value: 0.32925939681696986.
checkpoint_e16 window_influence: 0.36461011265395910, penalty_k: 0.10131506934074500, scale_lr: 0.32705618960176952, EAO: 0.323
Trial 546 finished with value: 0.32287480377733474 and parameters: {'window_influence': 0.3646101126539591, 'penalty_k': 0.101315069340745, 'scale_lr': 0.3270561896017695}. Best is trial 128 with value: 0.3574732866732527.
checkpoint_e16 window_influence: 0.48430776318727731, penalty_k: 0.05750728011521852, scale_lr: 0.48378730122702640, EAO: 0.315
Trial 30 finished with value: 0.31545736539224706 and parameters: {'window_influence': 0.4843077631872773, 'penalty_k': 0.05750728011521852, 'scale_lr': 0.4837873012270264}. Best is trial 27 with value: 0.32925939681696986.
checkpoint_e16 window_influence: 0.48178224819820420, penalty_k: 0.41774953216753663, scale_lr: 0.51725851581185456, EAO: 0.304
Trial 547 finished with value: 0.303825717028013 and parameters: {'window_influence': 0.4817822481982042, 'penalty_k': 0.41774953216753663, 'scale_lr': 0.5172585158118546}. Best is trial 128 with value: 0.3574732866732527.
checkpoint_e16 window_influence: 0.48752723938644543, penalty_k: 0.06394900599048306, scale_lr: 0.49159753093899833, EAO: 0.321
Trial 31 finished with value: 0.32125552990093303 and parameters: {'window_influence': 0.48752723938644543, 'penalty_k': 0.06394900599048306, 'scale_lr': 0.49159753093899833}. Best is trial 27 with value: 0.32925939681696986.
checkpoint_e16 window_influence: 0.42528184863524487, penalty_k: 0.11726755090921523, scale_lr: 0.54917061386197741, EAO: 0.309
Trial 548 finished with value: 0.3085389177854887 and parameters: {'window_influence': 0.4252818486352449, 'penalty_k': 0.11726755090921523, 'scale_lr': 0.5491706138619774}. Best is trial 128 with value: 0.3574732866732527.
checkpoint_e16 window_influence: 0.42195218372046023, penalty_k: 0.09283607544433360, scale_lr: 0.52143950294944708, EAO: 0.313
Trial 32 finished with value: 0.31271897105623314 and parameters: {'window_influence': 0.4219521837204602, 'penalty_k': 0.0928360754443336, 'scale_lr': 0.5214395029494471}. Best is trial 27 with value: 0.32925939681696986.
checkpoint_e16 window_influence: 0.16178465563532776, penalty_k: 0.07812345878852321, scale_lr: 0.47224373727190938, EAO: 0.293
Trial 549 finished with value: 0.29281122553441313 and parameters: {'window_influence': 0.16178465563532776, 'penalty_k': 0.07812345878852321, 'scale_lr': 0.4722437372719094}. Best is trial 128 with value: 0.3574732866732527.
checkpoint_e16 window_influence: 0.49652947511224582, penalty_k: 0.04922267684817083, scale_lr: 0.45723449434354185, EAO: 0.332
Trial 33 finished with value: 0.33205550010334195 and parameters: {'window_influence': 0.4965294751122458, 'penalty_k': 0.04922267684817083, 'scale_lr': 0.45723449434354185}. Best is trial 33 with value: 0.33205550010334195.
checkpoint_e16 window_influence: 0.52743949427440873, penalty_k: 0.43148734884988071, scale_lr: 0.26264142384003358, EAO: 0.280
Trial 550 finished with value: 0.27987016621498745 and parameters: {'window_influence': 0.5274394942744087, 'penalty_k': 0.4314873488498807, 'scale_lr': 0.2626414238400336}. Best is trial 128 with value: 0.3574732866732527.
checkpoint_e16 window_influence: 0.62856421341349789, penalty_k: 0.29245562798218139, scale_lr: 0.20852685266545054, EAO: 0.244
Trial 551 finished with value: 0.2438711533286692 and parameters: {'window_influence': 0.6285642134134979, 'penalty_k': 0.2924556279821814, 'scale_lr': 0.20852685266545054}. Best is trial 128 with value: 0.3574732866732527.
checkpoint_e16 window_influence: 0.64679298719320000, penalty_k: 0.05029793283655922, scale_lr: 0.44116985892751515, EAO: 0.241
Trial 34 finished with value: 0.24129715759002746 and parameters: {'window_influence': 0.6467929871932, 'penalty_k': 0.05029793283655922, 'scale_lr': 0.44116985892751515}. Best is trial 33 with value: 0.33205550010334195.
checkpoint_e16 window_influence: 0.40386538287873397, penalty_k: 0.05040183832706029, scale_lr: 0.30470652982601143, EAO: 0.330
Trial 552 finished with value: 0.33012689893579666 and parameters: {'window_influence': 0.40386538287873397, 'penalty_k': 0.050401838327060286, 'scale_lr': 0.30470652982601143}. Best is trial 128 with value: 0.3574732866732527.
checkpoint_e16 window_influence: 0.55049008393974774, penalty_k: 0.05376380700831535, scale_lr: 0.60859288090591213, EAO: 0.294
Trial 35 finished with value: 0.29437800998353775 and parameters: {'window_influence': 0.5504900839397477, 'penalty_k': 0.053763807008315345, 'scale_lr': 0.6085928809059121}. Best is trial 33 with value: 0.33205550010334195.
checkpoint_e16 window_influence: 0.59176752347268224, penalty_k: 0.40662060696932001, scale_lr: 0.38784378958643123, EAO: 0.248
Trial 553 finished with value: 0.24825875681429985 and parameters: {'window_influence': 0.5917675234726822, 'penalty_k': 0.40662060696932, 'scale_lr': 0.38784378958643123}. Best is trial 128 with value: 0.3574732866732527.
checkpoint_e16 window_influence: 0.49512147521446986, penalty_k: 0.00747340300358634, scale_lr: 0.53706053996479497, EAO: 0.340
Trial 36 finished with value: 0.34034763038854193 and parameters: {'window_influence': 0.49512147521446986, 'penalty_k': 0.007473403003586343, 'scale_lr': 0.537060539964795}. Best is trial 36 with value: 0.34034763038854193.
checkpoint_e16 window_influence: 0.47374134564490544, penalty_k: 0.31052896910226913, scale_lr: 0.13063224468579709, EAO: 0.300
Trial 554 finished with value: 0.29964074666398044 and parameters: {'window_influence': 0.47374134564490544, 'penalty_k': 0.3105289691022691, 'scale_lr': 0.1306322446857971}. Best is trial 128 with value: 0.3574732866732527.
checkpoint_e16 window_influence: 0.48918222353559065, penalty_k: 0.02096533619514673, scale_lr: 0.64793988062668184, EAO: 0.326
Trial 37 finished with value: 0.3255720602978992 and parameters: {'window_influence': 0.48918222353559065, 'penalty_k': 0.020965336195146733, 'scale_lr': 0.6479398806266818}. Best is trial 36 with value: 0.34034763038854193.
checkpoint_e16 window_influence: 0.45906403262171347, penalty_k: 0.12367273373408903, scale_lr: 0.14267740749699481, EAO: 0.307
Trial 555 finished with value: 0.3065837041297311 and parameters: {'window_influence': 0.45906403262171347, 'penalty_k': 0.12367273373408903, 'scale_lr': 0.1426774074969948}. Best is trial 128 with value: 0.3574732866732527.
checkpoint_e16 window_influence: 0.51485315957831224, penalty_k: 0.00134581014502595, scale_lr: 0.69800570196648470, EAO: 0.301
Trial 38 finished with value: 0.3007385960348849 and parameters: {'window_influence': 0.5148531595783122, 'penalty_k': 0.0013458101450259455, 'scale_lr': 0.6980057019664847}. Best is trial 36 with value: 0.34034763038854193.
checkpoint_e16 window_influence: 0.20785382127883437, penalty_k: 0.00091441713105250, scale_lr: 0.58669762160795402, EAO: 0.272
Trial 556 finished with value: 0.27225381686761685 and parameters: {'window_influence': 0.20785382127883437, 'penalty_k': 0.0009144171310525029, 'scale_lr': 0.586697621607954}. Best is trial 128 with value: 0.3574732866732527.
checkpoint_e16 window_influence: 0.61340032934785194, penalty_k: 0.03159946216832877, scale_lr: 0.62381572810934327, EAO: 0.261
Trial 39 finished with value: 0.26101078185821786 and parameters: {'window_influence': 0.6134003293478519, 'penalty_k': 0.03159946216832877, 'scale_lr': 0.6238157281093433}. Best is trial 36 with value: 0.34034763038854193.
checkpoint_e16 window_influence: 0.48753186316370201, penalty_k: 0.09968538477741837, scale_lr: 0.28462806225160542, EAO: 0.331
Trial 557 finished with value: 0.3308339768926457 and parameters: {'window_influence': 0.487531863163702, 'penalty_k': 0.09968538477741837, 'scale_lr': 0.2846280622516054}. Best is trial 128 with value: 0.3574732866732527.
checkpoint_e16 window_influence: 0.58294717080144598, penalty_k: 0.15247113342724192, scale_lr: 0.75473031385186773, EAO: 0.252
Trial 40 finished with value: 0.25237847661693735 and parameters: {'window_influence': 0.582947170801446, 'penalty_k': 0.15247113342724192, 'scale_lr': 0.7547303138518677}. Best is trial 36 with value: 0.34034763038854193.
checkpoint_e16 window_influence: 0.12121185251962568, penalty_k: 0.13165274537284000, scale_lr: 0.35285663344795237, EAO: 0.268
Trial 558 finished with value: 0.2680458512867471 and parameters: {'window_influence': 0.12121185251962568, 'penalty_k': 0.13165274537284, 'scale_lr': 0.3528566334479524}. Best is trial 128 with value: 0.3574732866732527.
checkpoint_e16 window_influence: 0.48645765823836623, penalty_k: 0.05533082692967226, scale_lr: 0.64525703445821747, EAO: 0.324
Trial 41 finished with value: 0.3240726635381869 and parameters: {'window_influence': 0.48645765823836623, 'penalty_k': 0.055330826929672255, 'scale_lr': 0.6452570344582175}. Best is trial 36 with value: 0.34034763038854193.
checkpoint_e16 window_influence: 0.44493156508001697, penalty_k: 0.02225806635604446, scale_lr: 0.31867463988256522, EAO: 0.341
Trial 559 finished with value: 0.34130858853169455 and parameters: {'window_influence': 0.44493156508001697, 'penalty_k': 0.022258066356044465, 'scale_lr': 0.3186746398825652}. Best is trial 128 with value: 0.3574732866732527.
checkpoint_e16 window_influence: 0.48703441265070929, penalty_k: 0.02596028977244500, scale_lr: 0.65386476527583071, EAO: 0.324
Trial 42 finished with value: 0.3243033144956433 and parameters: {'window_influence': 0.4870344126507093, 'penalty_k': 0.025960289772445005, 'scale_lr': 0.6538647652758307}. Best is trial 36 with value: 0.34034763038854193.
checkpoint_e16 window_influence: 0.43605141673337633, penalty_k: 0.01777487781818945, scale_lr: 0.16227206152926135, EAO: 0.319
Trial 560 finished with value: 0.3191620072618069 and parameters: {'window_influence': 0.43605141673337633, 'penalty_k': 0.017774877818189448, 'scale_lr': 0.16227206152926135}. Best is trial 128 with value: 0.3574732866732527.
checkpoint_e16 window_influence: 0.44520394400794394, penalty_k: 0.04146294234332652, scale_lr: 0.22055118629847151, EAO: 0.318
Trial 561 finished with value: 0.3182878094192609 and parameters: {'window_influence': 0.44520394400794394, 'penalty_k': 0.04146294234332652, 'scale_lr': 0.2205511862984715}. Best is trial 128 with value: 0.3574732866732527.
checkpoint_e16 window_influence: 0.43743159588848596, penalty_k: 0.00642402343796616, scale_lr: 0.67026510177472531, EAO: 0.316
Trial 43 finished with value: 0.31569673781960855 and parameters: {'window_influence': 0.43743159588848596, 'penalty_k': 0.006424023437966161, 'scale_lr': 0.6702651017747253}. Best is trial 36 with value: 0.34034763038854193.
checkpoint_e16 window_influence: 0.42688372206228664, penalty_k: 0.02377312272983338, scale_lr: 0.31721683778056331, EAO: 0.339
Trial 562 finished with value: 0.3392605154198895 and parameters: {'window_influence': 0.42688372206228664, 'penalty_k': 0.023773122729833382, 'scale_lr': 0.3172168377805633}. Best is trial 128 with value: 0.3574732866732527.
checkpoint_e16 window_influence: 0.54194929777766043, penalty_k: 0.02833667727016284, scale_lr: 0.56656872530925451, EAO: 0.303
Trial 44 finished with value: 0.30257945904935846 and parameters: {'window_influence': 0.5419492977776604, 'penalty_k': 0.028336677270162838, 'scale_lr': 0.5665687253092545}. Best is trial 36 with value: 0.34034763038854193.
checkpoint_e16 window_influence: 0.44777339743764832, penalty_k: 0.02669100840647735, scale_lr: 0.29450513856238952, EAO: 0.320
Trial 563 finished with value: 0.319836016584927 and parameters: {'window_influence': 0.4477733974376483, 'penalty_k': 0.02669100840647735, 'scale_lr': 0.2945051385623895}. Best is trial 128 with value: 0.3574732866732527.
checkpoint_e16 window_influence: 0.45237860839894389, penalty_k: 0.10177891957550017, scale_lr: 0.64148639589171741, EAO: 0.319
Trial 45 finished with value: 0.3194090051409799 and parameters: {'window_influence': 0.4523786083989439, 'penalty_k': 0.10177891957550017, 'scale_lr': 0.6414863958917174}. Best is trial 36 with value: 0.34034763038854193.
checkpoint_e16 window_influence: 0.41812936941194989, penalty_k: 0.01226581273101561, scale_lr: 0.24164988922360420, EAO: 0.327
Trial 564 finished with value: 0.3274045003295409 and parameters: {'window_influence': 0.4181293694119499, 'penalty_k': 0.01226581273101561, 'scale_lr': 0.2416498892236042}. Best is trial 128 with value: 0.3574732866732527.
checkpoint_e16 window_influence: 0.50396283913418904, penalty_k: 0.03151928036502839, scale_lr: 0.53982862748497629, EAO: 0.325
Trial 46 finished with value: 0.3245939606590494 and parameters: {'window_influence': 0.503962839134189, 'penalty_k': 0.03151928036502839, 'scale_lr': 0.5398286274849763}. Best is trial 36 with value: 0.34034763038854193.
checkpoint_e16 window_influence: 0.45489150912051374, penalty_k: 0.03298508615213476, scale_lr: 0.62122668893509014, EAO: 0.325
Trial 565 finished with value: 0.3248659608313082 and parameters: {'window_influence': 0.45489150912051374, 'penalty_k': 0.03298508615213476, 'scale_lr': 0.6212266889350901}. Best is trial 128 with value: 0.3574732866732527.
checkpoint_e16 window_influence: 0.57354970527471705, penalty_k: 0.07573563295470467, scale_lr: 0.53100006695135382, EAO: 0.292
Trial 47 finished with value: 0.2915021351571213 and parameters: {'window_influence': 0.573549705274717, 'penalty_k': 0.07573563295470467, 'scale_lr': 0.5310000669513538}. Best is trial 36 with value: 0.34034763038854193.
checkpoint_e16 window_influence: 0.06047149318804951, penalty_k: 0.26768453155727456, scale_lr: 0.27123018823216161, EAO: 0.261
Trial 566 finished with value: 0.26131592105334833 and parameters: {'window_influence': 0.06047149318804951, 'penalty_k': 0.26768453155727456, 'scale_lr': 0.2712301882321616}. Best is trial 128 with value: 0.3574732866732527.
checkpoint_e16 window_influence: 0.42702304098469712, penalty_k: 0.04089641388263213, scale_lr: 0.59349513403926590, EAO: 0.311
Trial 48 finished with value: 0.31071277113508156 and parameters: {'window_influence': 0.4270230409846971, 'penalty_k': 0.040896413882632134, 'scale_lr': 0.5934951340392659}. Best is trial 36 with value: 0.34034763038854193.
checkpoint_e16 window_influence: 0.15299909274673176, penalty_k: 0.18491450164056086, scale_lr: 0.18214452063741099, EAO: 0.267
Trial 567 finished with value: 0.26699973468882565 and parameters: {'window_influence': 0.15299909274673176, 'penalty_k': 0.18491450164056086, 'scale_lr': 0.182144520637411}. Best is trial 128 with value: 0.3574732866732527.
checkpoint_e16 window_influence: 0.51665748628031838, penalty_k: 0.10985229424246046, scale_lr: 0.56205835365059931, EAO: 0.296
Trial 49 finished with value: 0.29644873251247034 and parameters: {'window_influence': 0.5166574862803184, 'penalty_k': 0.10985229424246046, 'scale_lr': 0.5620583536505993}. Best is trial 36 with value: 0.34034763038854193.
checkpoint_e16 window_influence: 0.46271479065426446, penalty_k: 0.01027120197975962, scale_lr: 0.30982173867064672, EAO: 0.356
Trial 568 finished with value: 0.35639213901085615 and parameters: {'window_influence': 0.46271479065426446, 'penalty_k': 0.010271201979759621, 'scale_lr': 0.3098217386706467}. Best is trial 128 with value: 0.3574732866732527.
checkpoint_e16 window_influence: 0.46163293688562151, penalty_k: 0.07451554298051230, scale_lr: 0.53384879454838186, EAO: 0.318
Trial 50 finished with value: 0.3178473328338059 and parameters: {'window_influence': 0.4616329368856215, 'penalty_k': 0.0745155429805123, 'scale_lr': 0.5338487945483819}. Best is trial 36 with value: 0.34034763038854193.
checkpoint_e16 window_influence: 0.46497581161663520, penalty_k: 0.24219647752582565, scale_lr: 0.31568629900266731, EAO: 0.328
