Trial 780 finished with value: 0.3407573795040294 and parameters: {'window_influence': 0.5235157764857605, 'penalty_k': 0.024958984630537757, 'scale_lr': 0.30925556758119754}. Best is trial 509 with value: 0.3760354560636825.
checkpoint_e33 window_influence: 0.49534508250325243, penalty_k: 0.12617711706235760, scale_lr: 0.52859610705025628, EAO: 0.332
Trial 781 finished with value: 0.33163006389187466 and parameters: {'window_influence': 0.49534508250325243, 'penalty_k': 0.1261771170623576, 'scale_lr': 0.5285961070502563}. Best is trial 509 with value: 0.3760354560636825.
checkpoint_e33 window_influence: 0.34848103288408516, penalty_k: 0.03870927188776949, scale_lr: 0.55049111197485134, EAO: 0.334
Trial 782 finished with value: 0.33387780119936755 and parameters: {'window_influence': 0.34848103288408516, 'penalty_k': 0.03870927188776949, 'scale_lr': 0.5504911119748513}. Best is trial 509 with value: 0.3760354560636825.
checkpoint_e33 window_influence: 0.54987136454695196, penalty_k: 0.55219600460551976, scale_lr: 0.64294293233268740, EAO: 0.271
Trial 783 finished with value: 0.271055345927231 and parameters: {'window_influence': 0.549871364546952, 'penalty_k': 0.5521960046055198, 'scale_lr': 0.6429429323326874}. Best is trial 509 with value: 0.3760354560636825.
checkpoint_e33 window_influence: 0.29622904736482969, penalty_k: 0.01099735658009918, scale_lr: 0.49810556649515231, EAO: 0.306
Trial 784 finished with value: 0.3055637351269852 and parameters: {'window_influence': 0.2962290473648297, 'penalty_k': 0.010997356580099177, 'scale_lr': 0.4981055664951523}. Best is trial 509 with value: 0.3760354560636825.
checkpoint_e33 window_influence: 0.48598624340303997, penalty_k: 0.08930528336868453, scale_lr: 0.71133224442459042, EAO: 0.329
Trial 785 finished with value: 0.3294665484112988 and parameters: {'window_influence': 0.48598624340304, 'penalty_k': 0.08930528336868453, 'scale_lr': 0.7113322444245904}. Best is trial 509 with value: 0.3760354560636825.
checkpoint_e33 window_influence: 0.51008742978946764, penalty_k: 0.05827356850340017, scale_lr: 0.57215214337519193, EAO: 0.356
Trial 786 finished with value: 0.35609482037418083 and parameters: {'window_influence': 0.5100874297894676, 'penalty_k': 0.05827356850340017, 'scale_lr': 0.5721521433751919}. Best is trial 509 with value: 0.3760354560636825.
checkpoint_e33 window_influence: 0.51227256423273781, penalty_k: 0.06313103627647110, scale_lr: 0.57963473094510698, EAO: 0.332
Trial 787 finished with value: 0.3322930427608787 and parameters: {'window_influence': 0.5122725642327378, 'penalty_k': 0.0631310362764711, 'scale_lr': 0.579634730945107}. Best is trial 509 with value: 0.3760354560636825.
checkpoint_e33 window_influence: 0.51658471777269321, penalty_k: 0.05374182471847156, scale_lr: 0.59192830596239410, EAO: 0.326
Trial 788 finished with value: 0.3263886234059872 and parameters: {'window_influence': 0.5165847177726932, 'penalty_k': 0.05374182471847156, 'scale_lr': 0.5919283059623941}. Best is trial 509 with value: 0.3760354560636825.
checkpoint_e33 window_influence: 0.53364626665508208, penalty_k: 0.07553567672797881, scale_lr: 0.55854240240425224, EAO: 0.318
Trial 789 finished with value: 0.3177965188304738 and parameters: {'window_influence': 0.5336462666550821, 'penalty_k': 0.07553567672797881, 'scale_lr': 0.5585424024042522}. Best is trial 509 with value: 0.3760354560636825.
checkpoint_e33 window_influence: 0.50173742069871774, penalty_k: 0.04603919006575918, scale_lr: 0.56732389420287577, EAO: 0.355
Trial 790 finished with value: 0.355460546823791 and parameters: {'window_influence': 0.5017374206987177, 'penalty_k': 0.046039190065759183, 'scale_lr': 0.5673238942028758}. Best is trial 509 with value: 0.3760354560636825.
checkpoint_e33 window_influence: 0.52743671365254174, penalty_k: 0.03449951074470806, scale_lr: 0.58433070806837872, EAO: 0.320
Trial 791 finished with value: 0.3202302558528774 and parameters: {'window_influence': 0.5274367136525417, 'penalty_k': 0.034499510744708056, 'scale_lr': 0.5843307080683787}. Best is trial 509 with value: 0.3760354560636825.
checkpoint_e33 window_influence: 0.12986936616884120, penalty_k: 0.00040389507280951, scale_lr: 0.32996223524234125, EAO: 0.268
Trial 792 finished with value: 0.26825552483013165 and parameters: {'window_influence': 0.1298693661688412, 'penalty_k': 0.00040389507280950976, 'scale_lr': 0.32996223524234125}. Best is trial 509 with value: 0.3760354560636825.
checkpoint_e33 window_influence: 0.50111122284424037, penalty_k: 0.06022478747667911, scale_lr: 0.60513408442019057, EAO: 0.337
Trial 793 finished with value: 0.33666707534734375 and parameters: {'window_influence': 0.5011112228442404, 'penalty_k': 0.060224787476679115, 'scale_lr': 0.6051340844201906}. Best is trial 509 with value: 0.3760354560636825.
checkpoint_e33 window_influence: 0.48173985051650925, penalty_k: 0.11444236231882920, scale_lr: 0.53614036856402492, EAO: 0.324
Trial 794 finished with value: 0.32442098258766217 and parameters: {'window_influence': 0.48173985051650925, 'penalty_k': 0.1144423623188292, 'scale_lr': 0.5361403685640249}. Best is trial 509 with value: 0.3760354560636825.
checkpoint_e33 window_influence: 0.51761824867229311, penalty_k: 0.30712432034480347, scale_lr: 0.74301893769963356, EAO: 0.287
Trial 795 finished with value: 0.2866409981065223 and parameters: {'window_influence': 0.5176182486722931, 'penalty_k': 0.30712432034480347, 'scale_lr': 0.7430189376996336}. Best is trial 509 with value: 0.3760354560636825.
checkpoint_e33 window_influence: 0.14821982580914275, penalty_k: 0.02107792069648037, scale_lr: 0.68421712766947584, EAO: 0.269
Trial 796 finished with value: 0.2689958843275731 and parameters: {'window_influence': 0.14821982580914275, 'penalty_k': 0.02107792069648037, 'scale_lr': 0.6842171276694758}. Best is trial 509 with value: 0.3760354560636825.
checkpoint_e33 window_influence: 0.49159680190473853, penalty_k: 0.07295058824909351, scale_lr: 0.72640561643882273, EAO: 0.348
Trial 797 finished with value: 0.34774703842656624 and parameters: {'window_influence': 0.49159680190473853, 'penalty_k': 0.0729505882490935, 'scale_lr': 0.7264056164388227}. Best is trial 509 with value: 0.3760354560636825.
checkpoint_e33 window_influence: 0.47946574526629104, penalty_k: 0.04992965268888697, scale_lr: 0.41551004980393608, EAO: 0.359
Trial 798 finished with value: 0.3587437935376446 and parameters: {'window_influence': 0.47946574526629104, 'penalty_k': 0.049929652688886966, 'scale_lr': 0.4155100498039361}. Best is trial 509 with value: 0.3760354560636825.
checkpoint_e33 window_influence: 0.51218183529564809, penalty_k: 0.04940944386660569, scale_lr: 0.39750538799757590, EAO: 0.339
Trial 799 finished with value: 0.3390610272550397 and parameters: {'window_influence': 0.5121818352956481, 'penalty_k': 0.04940944386660569, 'scale_lr': 0.3975053879975759}. Best is trial 509 with value: 0.3760354560636825.
checkpoint_e33 window_influence: 0.38361636027698065, penalty_k: 0.35928071121587624, scale_lr: 0.36153356017639049, EAO: 0.322
Trial 800 finished with value: 0.32240069840204855 and parameters: {'window_influence': 0.38361636027698065, 'penalty_k': 0.35928071121587624, 'scale_lr': 0.3615335601763905}. Best is trial 509 with value: 0.3760354560636825.
checkpoint_e33 window_influence: 0.49189738779500103, penalty_k: 0.33981880645908058, scale_lr: 0.34720199852610389, EAO: 0.328
Trial 801 finished with value: 0.3284376388857801 and parameters: {'window_influence': 0.49189738779500103, 'penalty_k': 0.3398188064590806, 'scale_lr': 0.3472019985261039}. Best is trial 509 with value: 0.3760354560636825.
checkpoint_e33 window_influence: 0.61395437086027460, penalty_k: 0.06156243614351114, scale_lr: 0.38022640000364327, EAO: 0.248
Trial 802 finished with value: 0.24797103232214887 and parameters: {'window_influence': 0.6139543708602746, 'penalty_k': 0.06156243614351114, 'scale_lr': 0.3802264000036433}. Best is trial 509 with value: 0.3760354560636825.
checkpoint_e33 window_influence: 0.50401815944191319, penalty_k: 0.03648730663038004, scale_lr: 0.31464746997517878, EAO: 0.352
Trial 803 finished with value: 0.35219329618758266 and parameters: {'window_influence': 0.5040181594419132, 'penalty_k': 0.03648730663038004, 'scale_lr': 0.3146474699751788}. Best is trial 509 with value: 0.3760354560636825.
checkpoint_e33 window_influence: 0.62535736814047460, penalty_k: 0.42834589460502870, scale_lr: 0.40202677156787442, EAO: 0.229
Trial 804 finished with value: 0.22891063477974458 and parameters: {'window_influence': 0.6253573681404746, 'penalty_k': 0.4283458946050287, 'scale_lr': 0.4020267715678744}. Best is trial 509 with value: 0.3760354560636825.
checkpoint_e33 window_influence: 0.33053317027526097, penalty_k: 0.08879293146739764, scale_lr: 0.38561783825704360, EAO: 0.303
Trial 805 finished with value: 0.30347155933250247 and parameters: {'window_influence': 0.33053317027526097, 'penalty_k': 0.08879293146739764, 'scale_lr': 0.3856178382570436}. Best is trial 509 with value: 0.3760354560636825.
checkpoint_e33 window_influence: 0.48013244137748573, penalty_k: 0.04901870488553037, scale_lr: 0.41913537774494525, EAO: 0.343
Trial 806 finished with value: 0.3428969393676357 and parameters: {'window_influence': 0.48013244137748573, 'penalty_k': 0.04901870488553037, 'scale_lr': 0.41913537774494525}. Best is trial 509 with value: 0.3760354560636825.
checkpoint_e33 window_influence: 0.47971631457263297, penalty_k: 0.46568471527642247, scale_lr: 0.45150509473408384, EAO: 0.328
Trial 807 finished with value: 0.3281283761276809 and parameters: {'window_influence': 0.479716314572633, 'penalty_k': 0.46568471527642247, 'scale_lr': 0.45150509473408384}. Best is trial 509 with value: 0.3760354560636825.
checkpoint_e33 window_influence: 0.07581181627317485, penalty_k: 0.02915079534781601, scale_lr: 0.57122466233685698, EAO: 0.264
Trial 808 finished with value: 0.2641939339354808 and parameters: {'window_influence': 0.07581181627317485, 'penalty_k': 0.029150795347816012, 'scale_lr': 0.571224662336857}. Best is trial 509 with value: 0.3760354560636825.
checkpoint_e33 window_influence: 0.53565943874535316, penalty_k: 0.30558757368730916, scale_lr: 0.35792990046506645, EAO: 0.294
Trial 809 finished with value: 0.2935360235810744 and parameters: {'window_influence': 0.5356594387453532, 'penalty_k': 0.30558757368730916, 'scale_lr': 0.35792990046506645}. Best is trial 509 with value: 0.3760354560636825.
checkpoint_e33 window_influence: 0.39790616260610689, penalty_k: 0.07117883093735497, scale_lr: 0.41579367020153235, EAO: 0.311
Trial 810 finished with value: 0.31057137384256966 and parameters: {'window_influence': 0.3979061626061069, 'penalty_k': 0.07117883093735497, 'scale_lr': 0.41579367020153235}. Best is trial 509 with value: 0.3760354560636825.
checkpoint_e33 window_influence: 0.49695867668476756, penalty_k: 0.47851867589912211, scale_lr: 0.69765647383622542, EAO: 0.297
Trial 811 finished with value: 0.29687786757482165 and parameters: {'window_influence': 0.49695867668476756, 'penalty_k': 0.4785186758991221, 'scale_lr': 0.6976564738362254}. Best is trial 509 with value: 0.3760354560636825.
checkpoint_e33 window_influence: 0.48551949655954318, penalty_k: 0.04282174080107581, scale_lr: 0.76778879638221376, EAO: 0.327
Trial 812 finished with value: 0.32671357627508707 and parameters: {'window_influence': 0.4855194965595432, 'penalty_k': 0.042821740801075814, 'scale_lr': 0.7677887963822138}. Best is trial 509 with value: 0.3760354560636825.
checkpoint_e33 window_influence: 0.35539640851259779, penalty_k: 0.28640336378572295, scale_lr: 0.44251038619667793, EAO: 0.318
Trial 813 finished with value: 0.31763440387954045 and parameters: {'window_influence': 0.3553964085125978, 'penalty_k': 0.28640336378572295, 'scale_lr': 0.44251038619667793}. Best is trial 509 with value: 0.3760354560636825.
checkpoint_e33 window_influence: 0.19418231356750631, penalty_k: 0.36996477303146397, scale_lr: 0.61843188442060137, EAO: 0.292
Trial 814 finished with value: 0.2921553986429704 and parameters: {'window_influence': 0.19418231356750631, 'penalty_k': 0.36996477303146397, 'scale_lr': 0.6184318844206014}. Best is trial 509 with value: 0.3760354560636825.
checkpoint_e33 window_influence: 0.51030993211490239, penalty_k: 0.01865091134813675, scale_lr: 0.65848753321417830, EAO: 0.339
Trial 815 finished with value: 0.3386956895139895 and parameters: {'window_influence': 0.5103099321149024, 'penalty_k': 0.018650911348136748, 'scale_lr': 0.6584875332141783}. Best is trial 509 with value: 0.3760354560636825.
checkpoint_e33 window_influence: 0.47792313309795087, penalty_k: 0.50301685750965586, scale_lr: 0.39144472326960400, EAO: 0.321
Trial 816 finished with value: 0.3213159197267391 and parameters: {'window_influence': 0.47792313309795087, 'penalty_k': 0.5030168575096559, 'scale_lr': 0.391444723269604}. Best is trial 509 with value: 0.3760354560636825.
checkpoint_e33 window_influence: 0.49671924167872655, penalty_k: 0.05701965017995238, scale_lr: 0.52124624379092444, EAO: 0.359
Trial 817 finished with value: 0.35883592388045465 and parameters: {'window_influence': 0.49671924167872655, 'penalty_k': 0.05701965017995238, 'scale_lr': 0.5212462437909244}. Best is trial 509 with value: 0.3760354560636825.
checkpoint_e33 window_influence: 0.52013475895348293, penalty_k: 0.32874571772109618, scale_lr: 0.51381549489222678, EAO: 0.282
Trial 818 finished with value: 0.28244845105284383 and parameters: {'window_influence': 0.5201347589534829, 'penalty_k': 0.3287457177210962, 'scale_lr': 0.5138154948922268}. Best is trial 509 with value: 0.3760354560636825.
checkpoint_e33 window_influence: 0.49899566119549132, penalty_k: 0.07795684461100745, scale_lr: 0.52593676433117953, EAO: 0.340
Trial 819 finished with value: 0.3401950936373106 and parameters: {'window_influence': 0.4989956611954913, 'penalty_k': 0.07795684461100745, 'scale_lr': 0.5259367643311795}. Best is trial 509 with value: 0.3760354560636825.
checkpoint_e33 window_influence: 0.51098349323779879, penalty_k: 0.09916121180291623, scale_lr: 0.54699448671262973, EAO: 0.340
Trial 820 finished with value: 0.3395705746073667 and parameters: {'window_influence': 0.5109834932377988, 'penalty_k': 0.09916121180291623, 'scale_lr': 0.5469944867126297}. Best is trial 509 with value: 0.3760354560636825.
checkpoint_e33 window_influence: 0.49427570775199753, penalty_k: 0.06032499502968280, scale_lr: 0.52480230354551094, EAO: 0.356
Trial 821 finished with value: 0.35605297165158195 and parameters: {'window_influence': 0.49427570775199753, 'penalty_k': 0.0603249950296828, 'scale_lr': 0.5248023035455109}. Best is trial 509 with value: 0.3760354560636825.
checkpoint_e33 window_influence: 0.52972871001441979, penalty_k: 0.03150809842738639, scale_lr: 0.49196312448133672, EAO: 0.334
Trial 822 finished with value: 0.33421115316305644 and parameters: {'window_influence': 0.5297287100144198, 'penalty_k': 0.03150809842738639, 'scale_lr': 0.4919631244813367}. Best is trial 509 with value: 0.3760354560636825.
checkpoint_e33 window_influence: 0.14359844207863653, penalty_k: 0.01371371210555168, scale_lr: 0.46687334481331855, EAO: 0.262
Trial 823 finished with value: 0.2621785074704352 and parameters: {'window_influence': 0.14359844207863653, 'penalty_k': 0.013713712105551678, 'scale_lr': 0.46687334481331855}. Best is trial 509 with value: 0.3760354560636825.
checkpoint_e33 window_influence: 0.55053495029196520, penalty_k: 0.04199492393383001, scale_lr: 0.55664733899292906, EAO: 0.293
Trial 824 finished with value: 0.29274574878846626 and parameters: {'window_influence': 0.5505349502919652, 'penalty_k': 0.04199492393383001, 'scale_lr': 0.5566473389929291}. Best is trial 509 with value: 0.3760354560636825.
checkpoint_e33 window_influence: 0.11998429945242847, penalty_k: 0.06478732099716626, scale_lr: 0.53312534360933039, EAO: 0.278
Trial 825 finished with value: 0.27765496231702513 and parameters: {'window_influence': 0.11998429945242847, 'penalty_k': 0.06478732099716626, 'scale_lr': 0.5331253436093304}. Best is trial 509 with value: 0.3760354560636825.
checkpoint_e33 window_influence: 0.64802308028025157, penalty_k: 0.02191359039132464, scale_lr: 0.78381098087739587, EAO: 0.235
Trial 826 finished with value: 0.2345173932351027 and parameters: {'window_influence': 0.6480230802802516, 'penalty_k': 0.02191359039132464, 'scale_lr': 0.7838109808773959}. Best is trial 509 with value: 0.3760354560636825.
checkpoint_e33 window_influence: 0.16754509915507368, penalty_k: 0.39572843545086039, scale_lr: 0.28941597642178868, EAO: 0.264
Trial 827 finished with value: 0.26382289722503854 and parameters: {'window_influence': 0.16754509915507368, 'penalty_k': 0.3957284354508604, 'scale_lr': 0.2894159764217887}. Best is trial 509 with value: 0.3760354560636825.
checkpoint_e33 window_influence: 0.49034820801921414, penalty_k: 0.05277593974336842, scale_lr: 0.59069730655599495, EAO: 0.344
Trial 828 finished with value: 0.34425923181878915 and parameters: {'window_influence': 0.49034820801921414, 'penalty_k': 0.05277593974336842, 'scale_lr': 0.590697306555995}. Best is trial 509 with value: 0.3760354560636825.
checkpoint_e33 window_influence: 0.50969936963158025, penalty_k: 0.00080232438124889, scale_lr: 0.40718733977284849, EAO: 0.351
Trial 829 finished with value: 0.35077373666058254 and parameters: {'window_influence': 0.5096993696315802, 'penalty_k': 0.0008023243812488937, 'scale_lr': 0.4071873397728485}. Best is trial 509 with value: 0.3760354560636825.
checkpoint_e33 window_influence: 0.50291611782499468, penalty_k: 0.10818174758428742, scale_lr: 0.12599454913272151, EAO: 0.349
Trial 830 finished with value: 0.34926970587166367 and parameters: {'window_influence': 0.5029161178249947, 'penalty_k': 0.10818174758428742, 'scale_lr': 0.1259945491327215}. Best is trial 509 with value: 0.3760354560636825.
checkpoint_e33 window_influence: 0.47705572093696136, penalty_k: 0.31776909813174903, scale_lr: 0.50543349225122358, EAO: 0.326
Trial 831 finished with value: 0.3261696455079758 and parameters: {'window_influence': 0.47705572093696136, 'penalty_k': 0.31776909813174903, 'scale_lr': 0.5054334922512236}. Best is trial 509 with value: 0.3760354560636825.
checkpoint_e33 window_influence: 0.52158422048807085, penalty_k: 0.08203088960023415, scale_lr: 0.54689673687799589, EAO: 0.309
Trial 832 finished with value: 0.3085897542275343 and parameters: {'window_influence': 0.5215842204880708, 'penalty_k': 0.08203088960023415, 'scale_lr': 0.5468967368779959}. Best is trial 509 with value: 0.3760354560636825.
checkpoint_e33 window_influence: 0.49025710840701731, penalty_k: 0.53611006110118109, scale_lr: 0.30183406146521097, EAO: 0.289
Trial 833 finished with value: 0.2891715036176058 and parameters: {'window_influence': 0.4902571084070173, 'penalty_k': 0.5361100611011811, 'scale_lr': 0.30183406146521097}. Best is trial 509 with value: 0.3760354560636825.
checkpoint_e33 window_influence: 0.40171145809420356, penalty_k: 0.03101935274334782, scale_lr: 0.43214682558928724, EAO: 0.315
Trial 834 finished with value: 0.314878395907146 and parameters: {'window_influence': 0.40171145809420356, 'penalty_k': 0.03101935274334782, 'scale_lr': 0.43214682558928724}. Best is trial 509 with value: 0.3760354560636825.
checkpoint_e33 window_influence: 0.24796576751114324, penalty_k: 0.15215415734816906, scale_lr: 0.75168981256038947, EAO: 0.286
Trial 835 finished with value: 0.28575633443051274 and parameters: {'window_influence': 0.24796576751114324, 'penalty_k': 0.15215415734816906, 'scale_lr': 0.7516898125603895}. Best is trial 509 with value: 0.3760354560636825.
checkpoint_e33 window_influence: 0.47259549624963132, penalty_k: 0.26318143303741054, scale_lr: 0.79989048343430291, EAO: 0.314
Trial 836 finished with value: 0.3144285775692083 and parameters: {'window_influence': 0.4725954962496313, 'penalty_k': 0.26318143303741054, 'scale_lr': 0.7998904834343029}. Best is trial 509 with value: 0.3760354560636825.
checkpoint_e33 window_influence: 0.31076792872095710, penalty_k: 0.29447573201847316, scale_lr: 0.56891674326840036, EAO: 0.323
Trial 837 finished with value: 0.32275247266552326 and parameters: {'window_influence': 0.3107679287209571, 'penalty_k': 0.29447573201847316, 'scale_lr': 0.5689167432684004}. Best is trial 509 with value: 0.3760354560636825.
checkpoint_e33 window_influence: 0.13497378091452975, penalty_k: 0.04174278462059985, scale_lr: 0.37191540572343812, EAO: 0.270
Trial 838 finished with value: 0.26956083077632964 and parameters: {'window_influence': 0.13497378091452975, 'penalty_k': 0.04174278462059985, 'scale_lr': 0.3719154057234381}. Best is trial 509 with value: 0.3760354560636825.
checkpoint_e33 window_influence: 0.48514413005857587, penalty_k: 0.27632831501685073, scale_lr: 0.27444198363940175, EAO: 0.323
Trial 839 finished with value: 0.32309050272410944 and parameters: {'window_influence': 0.4851441300585759, 'penalty_k': 0.27632831501685073, 'scale_lr': 0.27444198363940175}. Best is trial 509 with value: 0.3760354560636825.
checkpoint_e33 window_influence: 0.63140205340361477, penalty_k: 0.13322873777671412, scale_lr: 0.51108581859127011, EAO: 0.245
Trial 840 finished with value: 0.24467832128361505 and parameters: {'window_influence': 0.6314020534036148, 'penalty_k': 0.13322873777671412, 'scale_lr': 0.5110858185912701}. Best is trial 509 with value: 0.3760354560636825.
checkpoint_e33 window_influence: 0.50204489998912538, penalty_k: 0.38748960571297630, scale_lr: 0.58977854719144851, EAO: 0.305
Trial 841 finished with value: 0.3051877395188298 and parameters: {'window_influence': 0.5020448999891254, 'penalty_k': 0.3874896057129763, 'scale_lr': 0.5897785471914485}. Best is trial 509 with value: 0.3760354560636825.
checkpoint_e33 window_influence: 0.37901496743614155, penalty_k: 0.00945153283049981, scale_lr: 0.32900548911857369, EAO: 0.320
