Trial 1214 finished with value: 0.30474020123249823 and parameters: {'window_influence': 0.5303886453525706, 'penalty_k': 0.169988100032681, 'scale_lr': 0.49233853790322757}. Best is trial 896 with value: 0.3777425812144224.
checkpoint_e33 window_influence: 0.44735868124935746, penalty_k: 0.15499138871747578, scale_lr: 0.45290645431792603, EAO: 0.328
Trial 1215 finished with value: 0.32849334603617625 and parameters: {'window_influence': 0.44735868124935746, 'penalty_k': 0.15499138871747578, 'scale_lr': 0.45290645431792603}. Best is trial 896 with value: 0.3777425812144224.
checkpoint_e33 window_influence: 0.56085016916790509, penalty_k: 0.19138989046350965, scale_lr: 0.70854409774714400, EAO: 0.289
Trial 1216 finished with value: 0.28921484170256884 and parameters: {'window_influence': 0.5608501691679051, 'penalty_k': 0.19138989046350965, 'scale_lr': 0.708544097747144}. Best is trial 896 with value: 0.3777425812144224.
checkpoint_e33 window_influence: 0.47405751594892975, penalty_k: 0.12642655475647380, scale_lr: 0.40281732109756585, EAO: 0.331
Trial 1217 finished with value: 0.3306622673333387 and parameters: {'window_influence': 0.47405751594892975, 'penalty_k': 0.1264265547564738, 'scale_lr': 0.40281732109756585}. Best is trial 896 with value: 0.3777425812144224.
checkpoint_e33 window_influence: 0.47571281092277612, penalty_k: 0.18730742126316624, scale_lr: 0.51584341131232758, EAO: 0.355
Trial 1218 finished with value: 0.35452150892654744 and parameters: {'window_influence': 0.4757128109227761, 'penalty_k': 0.18730742126316624, 'scale_lr': 0.5158434113123276}. Best is trial 896 with value: 0.3777425812144224.
checkpoint_e33 window_influence: 0.06452369038585709, penalty_k: 0.16110822622885937, scale_lr: 0.41784141365060490, EAO: 0.251
Trial 1219 finished with value: 0.25095094769381365 and parameters: {'window_influence': 0.06452369038585709, 'penalty_k': 0.16110822622885937, 'scale_lr': 0.4178414136506049}. Best is trial 896 with value: 0.3777425812144224.
checkpoint_e33 window_influence: 0.44222865918350973, penalty_k: 0.58647303373193838, scale_lr: 0.46698340068203603, EAO: 0.305
Trial 1220 finished with value: 0.30490937979768684 and parameters: {'window_influence': 0.44222865918350973, 'penalty_k': 0.5864730337319384, 'scale_lr': 0.46698340068203603}. Best is trial 896 with value: 0.3777425812144224.
checkpoint_e33 window_influence: 0.46132522286717387, penalty_k: 0.13899716356795605, scale_lr: 0.34178321664227024, EAO: 0.339
Trial 1221 finished with value: 0.3385989664825484 and parameters: {'window_influence': 0.46132522286717387, 'penalty_k': 0.13899716356795605, 'scale_lr': 0.34178321664227024}. Best is trial 896 with value: 0.3777425812144224.
checkpoint_e33 window_influence: 0.58196132164001346, penalty_k: 0.19809874497951735, scale_lr: 0.53411503437673524, EAO: 0.261
Trial 1222 finished with value: 0.26133238869186504 and parameters: {'window_influence': 0.5819613216400135, 'penalty_k': 0.19809874497951735, 'scale_lr': 0.5341150343767352}. Best is trial 896 with value: 0.3777425812144224.
checkpoint_e33 window_influence: 0.49358332619228784, penalty_k: 0.36743373522016620, scale_lr: 0.48429742346834886, EAO: 0.310
Trial 1223 finished with value: 0.30956384313477614 and parameters: {'window_influence': 0.49358332619228784, 'penalty_k': 0.3674337352201662, 'scale_lr': 0.48429742346834886}. Best is trial 896 with value: 0.3777425812144224.
checkpoint_e33 window_influence: 0.16266177572943899, penalty_k: 0.38580512124472394, scale_lr: 0.45279550391704093, EAO: 0.265
Trial 1224 finished with value: 0.26491384248789185 and parameters: {'window_influence': 0.162661775729439, 'penalty_k': 0.38580512124472394, 'scale_lr': 0.45279550391704093}. Best is trial 896 with value: 0.3777425812144224.
checkpoint_e33 window_influence: 0.47585802471699062, penalty_k: 0.18034981826597690, scale_lr: 0.50007618008519217, EAO: 0.338
Trial 1225 finished with value: 0.3383016697627561 and parameters: {'window_influence': 0.4758580247169906, 'penalty_k': 0.1803498182659769, 'scale_lr': 0.5000761800851922}. Best is trial 896 with value: 0.3777425812144224.
checkpoint_e33 window_influence: 0.13042502712129236, penalty_k: 0.35292514008351661, scale_lr: 0.67699789812482181, EAO: 0.271
Trial 1226 finished with value: 0.27113689134325036 and parameters: {'window_influence': 0.13042502712129236, 'penalty_k': 0.3529251400835166, 'scale_lr': 0.6769978981248218}. Best is trial 896 with value: 0.3777425812144224.
checkpoint_e33 window_influence: 0.34690588026840591, penalty_k: 0.14984811111237775, scale_lr: 0.32361571503760356, EAO: 0.301
Trial 1227 finished with value: 0.30137057921301996 and parameters: {'window_influence': 0.3469058802684059, 'penalty_k': 0.14984811111237775, 'scale_lr': 0.32361571503760356}. Best is trial 896 with value: 0.3777425812144224.
checkpoint_e33 window_influence: 0.31247160869239016, penalty_k: 0.29553512279750949, scale_lr: 0.44246193673074119, EAO: 0.324
Trial 1228 finished with value: 0.3242061063937176 and parameters: {'window_influence': 0.31247160869239016, 'penalty_k': 0.2955351227975095, 'scale_lr': 0.4424619367307412}. Best is trial 896 with value: 0.3777425812144224.
checkpoint_e33 window_influence: 0.51917426291439461, penalty_k: 0.06935415626842617, scale_lr: 0.70915017051994911, EAO: 0.331
Trial 1229 finished with value: 0.3314678017267457 and parameters: {'window_influence': 0.5191742629143946, 'penalty_k': 0.06935415626842617, 'scale_lr': 0.7091501705199491}. Best is trial 896 with value: 0.3777425812144224.
checkpoint_e33 window_influence: 0.28990112533031404, penalty_k: 0.26020896270788524, scale_lr: 0.47482692284669170, EAO: 0.330
Trial 1230 finished with value: 0.3298570952062941 and parameters: {'window_influence': 0.28990112533031404, 'penalty_k': 0.26020896270788524, 'scale_lr': 0.4748269228466917}. Best is trial 896 with value: 0.3777425812144224.
checkpoint_e33 window_influence: 0.45553555568677845, penalty_k: 0.16798157281591269, scale_lr: 0.38437414278958809, EAO: 0.352
Trial 1231 finished with value: 0.3516294367118568 and parameters: {'window_influence': 0.45553555568677845, 'penalty_k': 0.1679815728159127, 'scale_lr': 0.3843741427895881}. Best is trial 896 with value: 0.3777425812144224.
checkpoint_e33 window_influence: 0.32479135556113470, penalty_k: 0.33321451192973756, scale_lr: 0.51494461407560477, EAO: 0.319
Trial 1232 finished with value: 0.3189544415079666 and parameters: {'window_influence': 0.3247913555611347, 'penalty_k': 0.33321451192973756, 'scale_lr': 0.5149446140756048}. Best is trial 896 with value: 0.3777425812144224.
checkpoint_e33 window_influence: 0.48604922295207004, penalty_k: 0.13346258458348798, scale_lr: 0.54435143478710879, EAO: 0.358
Trial 1233 finished with value: 0.3579085733640055 and parameters: {'window_influence': 0.48604922295207004, 'penalty_k': 0.13346258458348798, 'scale_lr': 0.5443514347871088}. Best is trial 896 with value: 0.3777425812144224.
checkpoint_e33 window_influence: 0.50373359040174837, penalty_k: 0.25023993289145663, scale_lr: 0.57311517832083858, EAO: 0.298
Trial 1234 finished with value: 0.29835973900347834 and parameters: {'window_influence': 0.5037335904017484, 'penalty_k': 0.25023993289145663, 'scale_lr': 0.5731151783208386}. Best is trial 896 with value: 0.3777425812144224.
checkpoint_e33 window_influence: 0.16019015781134915, penalty_k: 0.09519418065285891, scale_lr: 0.43291813095750326, EAO: 0.265
Trial 1235 finished with value: 0.26549331211858224 and parameters: {'window_influence': 0.16019015781134915, 'penalty_k': 0.09519418065285891, 'scale_lr': 0.43291813095750326}. Best is trial 896 with value: 0.3777425812144224.
checkpoint_e33 window_influence: 0.53195260421021873, penalty_k: 0.31961879615692051, scale_lr: 0.68597826864870082, EAO: 0.288
Trial 1236 finished with value: 0.28823688875608405 and parameters: {'window_influence': 0.5319526042102187, 'penalty_k': 0.3196187961569205, 'scale_lr': 0.6859782686487008}. Best is trial 896 with value: 0.3777425812144224.
checkpoint_e33 window_influence: 0.46486290503056316, penalty_k: 0.11706057298687780, scale_lr: 0.55139742805614655, EAO: 0.338
Trial 1237 finished with value: 0.338273604440318 and parameters: {'window_influence': 0.46486290503056316, 'penalty_k': 0.1170605729868778, 'scale_lr': 0.5513974280561466}. Best is trial 896 with value: 0.3777425812144224.
checkpoint_e33 window_influence: 0.44799065742319688, penalty_k: 0.07907260286919567, scale_lr: 0.46499995202289368, EAO: 0.336
Trial 1238 finished with value: 0.3358547680572777 and parameters: {'window_influence': 0.4479906574231969, 'penalty_k': 0.07907260286919567, 'scale_lr': 0.4649999520228937}. Best is trial 896 with value: 0.3777425812144224.
checkpoint_e33 window_influence: 0.47931441532479674, penalty_k: 0.27259379555015040, scale_lr: 0.66782578251971814, EAO: 0.329
Trial 1239 finished with value: 0.3289652377482982 and parameters: {'window_influence': 0.47931441532479674, 'penalty_k': 0.2725937955501504, 'scale_lr': 0.6678257825197181}. Best is trial 896 with value: 0.3777425812144224.
checkpoint_e33 window_influence: 0.14940842928126846, penalty_k: 0.28429809002271861, scale_lr: 0.49179562156657236, EAO: 0.269
Trial 1240 finished with value: 0.26928830349723654 and parameters: {'window_influence': 0.14940842928126846, 'penalty_k': 0.2842980900227186, 'scale_lr': 0.49179562156657236}. Best is trial 896 with value: 0.3777425812144224.
checkpoint_e33 window_influence: 0.54615789862986408, penalty_k: 0.18480715135164974, scale_lr: 0.72888618616948619, EAO: 0.300
Trial 1241 finished with value: 0.30040811935751355 and parameters: {'window_influence': 0.5461578986298641, 'penalty_k': 0.18480715135164974, 'scale_lr': 0.7288861861694862}. Best is trial 896 with value: 0.3777425812144224.
checkpoint_e33 window_influence: 0.49461665445476266, penalty_k: 0.06516530009260577, scale_lr: 0.58734501544825579, EAO: 0.343
Trial 1242 finished with value: 0.34311028538047106 and parameters: {'window_influence': 0.49461665445476266, 'penalty_k': 0.06516530009260577, 'scale_lr': 0.5873450154482558}. Best is trial 896 with value: 0.3777425812144224.
checkpoint_e33 window_influence: 0.43993320612651710, penalty_k: 0.54221925588410547, scale_lr: 0.32891792152667276, EAO: 0.308
Trial 1243 finished with value: 0.3082134142691987 and parameters: {'window_influence': 0.4399332061265171, 'penalty_k': 0.5422192558841055, 'scale_lr': 0.32891792152667276}. Best is trial 896 with value: 0.3777425812144224.
checkpoint_e33 window_influence: 0.13105056934333392, penalty_k: 0.40492467296680484, scale_lr: 0.41043356417705890, EAO: 0.249
Trial 1244 finished with value: 0.2486685281365762 and parameters: {'window_influence': 0.13105056934333392, 'penalty_k': 0.40492467296680484, 'scale_lr': 0.4104335641770589}. Best is trial 896 with value: 0.3777425812144224.
checkpoint_e33 window_influence: 0.46868035760650151, penalty_k: 0.55918962323157295, scale_lr: 0.29458810445211858, EAO: 0.297
Trial 1245 finished with value: 0.2971844913778602 and parameters: {'window_influence': 0.4686803576065015, 'penalty_k': 0.559189623231573, 'scale_lr': 0.2945881044521186}. Best is trial 896 with value: 0.3777425812144224.
checkpoint_e33 window_influence: 0.56426454183784402, penalty_k: 0.20430117020417782, scale_lr: 0.51611423564316561, EAO: 0.291
Trial 1246 finished with value: 0.2913297625831129 and parameters: {'window_influence': 0.564264541837844, 'penalty_k': 0.20430117020417782, 'scale_lr': 0.5161142356431656}. Best is trial 896 with value: 0.3777425812144224.
checkpoint_e33 window_influence: 0.51196984709648596, penalty_k: 0.42398064815647396, scale_lr: 0.45761582028478148, EAO: 0.306
Trial 1247 finished with value: 0.3056548341586896 and parameters: {'window_influence': 0.511969847096486, 'penalty_k': 0.42398064815647396, 'scale_lr': 0.4576158202847815}. Best is trial 896 with value: 0.3777425812144224.
checkpoint_e33 window_influence: 0.48328433048651859, penalty_k: 0.23583977552248062, scale_lr: 0.35380425735141507, EAO: 0.351
Trial 1248 finished with value: 0.35080703837862276 and parameters: {'window_influence': 0.4832843304865186, 'penalty_k': 0.23583977552248062, 'scale_lr': 0.3538042573514151}. Best is trial 896 with value: 0.3777425812144224.
checkpoint_e33 window_influence: 0.45615084831132469, penalty_k: 0.13018621650071016, scale_lr: 0.37096407796911796, EAO: 0.340
Trial 1249 finished with value: 0.34048581668375066 and parameters: {'window_influence': 0.4561508483113247, 'penalty_k': 0.13018621650071016, 'scale_lr': 0.37096407796911796}. Best is trial 896 with value: 0.3777425812144224.
checkpoint_e33 window_influence: 0.33252473754687334, penalty_k: 0.15313655183804373, scale_lr: 0.52847334910079458, EAO: 0.327
Trial 1250 finished with value: 0.3265521209179659 and parameters: {'window_influence': 0.33252473754687334, 'penalty_k': 0.15313655183804373, 'scale_lr': 0.5284733491007946}. Best is trial 896 with value: 0.3777425812144224.
checkpoint_e33 window_influence: 0.50205193441895735, penalty_k: 0.05534708013613002, scale_lr: 0.47750133457019944, EAO: 0.338
Trial 1251 finished with value: 0.33791980622807366 and parameters: {'window_influence': 0.5020519344189573, 'penalty_k': 0.05534708013613002, 'scale_lr': 0.47750133457019944}. Best is trial 896 with value: 0.3777425812144224.
checkpoint_e33 window_influence: 0.46901198259308996, penalty_k: 0.17185534816920353, scale_lr: 0.42434064602284260, EAO: 0.354
Trial 1252 finished with value: 0.354179136947899 and parameters: {'window_influence': 0.46901198259308996, 'penalty_k': 0.17185534816920353, 'scale_lr': 0.4243406460228426}. Best is trial 896 with value: 0.3777425812144224.
checkpoint_e33 window_influence: 0.20780888143345735, penalty_k: 0.10298381136829739, scale_lr: 0.30827597153410269, EAO: 0.279
Trial 1253 finished with value: 0.2787272374105825 and parameters: {'window_influence': 0.20780888143345735, 'penalty_k': 0.10298381136829739, 'scale_lr': 0.3082759715341027}. Best is trial 896 with value: 0.3777425812144224.
checkpoint_e33 window_influence: 0.48969487393949057, penalty_k: 0.58002677359463006, scale_lr: 0.43978814591614956, EAO: 0.295
Trial 1254 finished with value: 0.2949550020207691 and parameters: {'window_influence': 0.48969487393949057, 'penalty_k': 0.5800267735946301, 'scale_lr': 0.43978814591614956}. Best is trial 896 with value: 0.3777425812144224.
checkpoint_e33 window_influence: 0.51929907271739872, penalty_k: 0.37346119660435728, scale_lr: 0.60655551005767527, EAO: 0.294
Trial 1255 finished with value: 0.2940061873383095 and parameters: {'window_influence': 0.5192990727173987, 'penalty_k': 0.3734611966043573, 'scale_lr': 0.6065555100576753}. Best is trial 896 with value: 0.3777425812144224.
checkpoint_e33 window_influence: 0.45232397010966469, penalty_k: 0.34075531470946607, scale_lr: 0.56090648383792774, EAO: 0.325
Trial 1256 finished with value: 0.3254493236077899 and parameters: {'window_influence': 0.4523239701096647, 'penalty_k': 0.3407553147094661, 'scale_lr': 0.5609064838379277}. Best is trial 896 with value: 0.3777425812144224.
checkpoint_e33 window_influence: 0.22885756423289999, penalty_k: 0.21922268001253109, scale_lr: 0.69988719855163306, EAO: 0.292
Trial 1257 finished with value: 0.29244812557669464 and parameters: {'window_influence': 0.2288575642329, 'penalty_k': 0.2192226800125311, 'scale_lr': 0.6998871985516331}. Best is trial 896 with value: 0.3777425812144224.
checkpoint_e33 window_influence: 0.47723868919229018, penalty_k: 0.07361778973306393, scale_lr: 0.39559428802123803, EAO: 0.346
Trial 1258 finished with value: 0.34580776767971916 and parameters: {'window_influence': 0.4772386891922902, 'penalty_k': 0.07361778973306393, 'scale_lr': 0.395594288021238}. Best is trial 896 with value: 0.3777425812144224.
checkpoint_e33 window_influence: 0.43891210313320450, penalty_k: 0.14557459571298959, scale_lr: 0.50218448399205307, EAO: 0.346
Trial 1259 finished with value: 0.3460647451042665 and parameters: {'window_influence': 0.4389121031332045, 'penalty_k': 0.14557459571298959, 'scale_lr': 0.5021844839920531}. Best is trial 896 with value: 0.3777425812144224.
checkpoint_e33 window_influence: 0.46436815026034067, penalty_k: 0.19182660878451976, scale_lr: 0.22366454465544275, EAO: 0.337
Trial 1260 finished with value: 0.3372266073403192 and parameters: {'window_influence': 0.4643681502603407, 'penalty_k': 0.19182660878451976, 'scale_lr': 0.22366454465544275}. Best is trial 896 with value: 0.3777425812144224.
checkpoint_e33 window_influence: 0.07048315302146030, penalty_k: 0.30836721668391615, scale_lr: 0.72089618345158879, EAO: 0.254
Trial 1261 finished with value: 0.25405190780700876 and parameters: {'window_influence': 0.0704831530214603, 'penalty_k': 0.30836721668391615, 'scale_lr': 0.7208961834515888}. Best is trial 896 with value: 0.3777425812144224.
checkpoint_e33 window_influence: 0.08310909982573639, penalty_k: 0.08707619532685221, scale_lr: 0.67516216152522723, EAO: 0.250
Trial 1262 finished with value: 0.24951970014822622 and parameters: {'window_influence': 0.08310909982573639, 'penalty_k': 0.08707619532685221, 'scale_lr': 0.6751621615252272}. Best is trial 896 with value: 0.3777425812144224.
checkpoint_e33 window_influence: 0.53532443882459979, penalty_k: 0.26710761430232954, scale_lr: 0.68905782336366062, EAO: 0.281
Trial 1263 finished with value: 0.28146423213908645 and parameters: {'window_influence': 0.5353244388245998, 'penalty_k': 0.26710761430232954, 'scale_lr': 0.6890578233636606}. Best is trial 896 with value: 0.3777425812144224.
checkpoint_e33 window_influence: 0.30306338099663860, penalty_k: 0.16163388509519178, scale_lr: 0.48714860467046633, EAO: 0.298
Trial 1264 finished with value: 0.2976236720841218 and parameters: {'window_influence': 0.3030633809966386, 'penalty_k': 0.16163388509519178, 'scale_lr': 0.48714860467046633}. Best is trial 896 with value: 0.3777425812144224.
checkpoint_e33 window_influence: 0.61293904992575854, penalty_k: 0.04630805806497946, scale_lr: 0.24177548733256948, EAO: 0.260
Trial 1265 finished with value: 0.26009416533815255 and parameters: {'window_influence': 0.6129390499257585, 'penalty_k': 0.04630805806497946, 'scale_lr': 0.24177548733256948}. Best is trial 896 with value: 0.3777425812144224.
checkpoint_e33 window_influence: 0.50369408524508841, penalty_k: 0.24889399307363311, scale_lr: 0.53722726543983423, EAO: 0.323
Trial 1266 finished with value: 0.32256493575378153 and parameters: {'window_influence': 0.5036940852450884, 'penalty_k': 0.2488939930736331, 'scale_lr': 0.5372272654398342}. Best is trial 896 with value: 0.3777425812144224.
checkpoint_e33 window_influence: 0.49037963733146100, penalty_k: 0.41799899161079229, scale_lr: 0.46083525404847059, EAO: 0.302
Trial 1267 finished with value: 0.3016181041990273 and parameters: {'window_influence': 0.490379637331461, 'penalty_k': 0.4179989916107923, 'scale_lr': 0.4608352540484706}. Best is trial 896 with value: 0.3777425812144224.
checkpoint_e33 window_influence: 0.47633502299387026, penalty_k: 0.19644151702524126, scale_lr: 0.58305580660468548, EAO: 0.347
Trial 1268 finished with value: 0.3471661762040877 and parameters: {'window_influence': 0.47633502299387026, 'penalty_k': 0.19644151702524126, 'scale_lr': 0.5830558066046855}. Best is trial 896 with value: 0.3777425812144224.
checkpoint_e33 window_influence: 0.19461845814601181, penalty_k: 0.17506725409503263, scale_lr: 0.44535828693329227, EAO: 0.284
Trial 1269 finished with value: 0.2837124876822943 and parameters: {'window_influence': 0.1946184581460118, 'penalty_k': 0.17506725409503263, 'scale_lr': 0.44535828693329227}. Best is trial 896 with value: 0.3777425812144224.
checkpoint_e33 window_influence: 0.24705941985843596, penalty_k: 0.06131021367619220, scale_lr: 0.60035073207206058, EAO: 0.296
Trial 1270 finished with value: 0.29561610125614046 and parameters: {'window_influence': 0.24705941985843596, 'penalty_k': 0.0613102136761922, 'scale_lr': 0.6003507320720606}. Best is trial 896 with value: 0.3777425812144224.
checkpoint_e33 window_influence: 0.27915633396572170, penalty_k: 0.23028991727601711, scale_lr: 0.33948981858009125, EAO: 0.297
Trial 1271 finished with value: 0.29746416715564433 and parameters: {'window_influence': 0.2791563339657217, 'penalty_k': 0.2302899172760171, 'scale_lr': 0.33948981858009125}. Best is trial 896 with value: 0.3777425812144224.
checkpoint_e33 window_influence: 0.06553929666336838, penalty_k: 0.32783611078702574, scale_lr: 0.56592699431880178, EAO: 0.267
Trial 1272 finished with value: 0.26656316035220595 and parameters: {'window_influence': 0.06553929666336838, 'penalty_k': 0.32783611078702574, 'scale_lr': 0.5659269943188018}. Best is trial 896 with value: 0.3777425812144224.
checkpoint_e33 window_influence: 0.44475039963531515, penalty_k: 0.11382690627089355, scale_lr: 0.47675478795938858, EAO: 0.348
Trial 1273 finished with value: 0.348110581882269 and parameters: {'window_influence': 0.44475039963531515, 'penalty_k': 0.11382690627089355, 'scale_lr': 0.4767547879593886}. Best is trial 896 with value: 0.3777425812144224.
checkpoint_e33 window_influence: 0.35746771797900206, penalty_k: 0.35857971226603935, scale_lr: 0.66011775504495607, EAO: 0.323
Trial 1274 finished with value: 0.3228687861434217 and parameters: {'window_influence': 0.35746771797900206, 'penalty_k': 0.35857971226603935, 'scale_lr': 0.6601177550449561}. Best is trial 896 with value: 0.3777425812144224.
checkpoint_e33 window_influence: 0.57256430986902773, penalty_k: 0.29345132232405641, scale_lr: 0.51394123144437154, EAO: 0.275
Trial 1275 finished with value: 0.2748268395082496 and parameters: {'window_influence': 0.5725643098690277, 'penalty_k': 0.2934513223240564, 'scale_lr': 0.5139412314443715}. Best is trial 896 with value: 0.3777425812144224.
checkpoint_e33 window_influence: 0.43110673530066812, penalty_k: 0.13460108610397697, scale_lr: 0.41484804505027806, EAO: 0.330
