Trial 2346 finished with value: 0.30963945991798136 and parameters: {'window_influence': 0.3585900282612808, 'penalty_k': 0.15388573855397336, 'scale_lr': 0.6204524432809368}. Best is trial 1270 with value: 0.3623636909959845.
checkpoint_e22 window_influence: 0.50103972722598800, penalty_k: 0.20800700276377357, scale_lr: 0.49332132780489163, EAO: 0.292
Trial 2347 finished with value: 0.2920468898946673 and parameters: {'window_influence': 0.501039727225988, 'penalty_k': 0.20800700276377357, 'scale_lr': 0.49332132780489163}. Best is trial 1270 with value: 0.3623636909959845.
checkpoint_e22 window_influence: 0.48025925948224046, penalty_k: 0.11333206132188761, scale_lr: 0.55040645669484389, EAO: 0.311
Trial 2348 finished with value: 0.31090392207125284 and parameters: {'window_influence': 0.48025925948224046, 'penalty_k': 0.11333206132188761, 'scale_lr': 0.5504064566948439}. Best is trial 1270 with value: 0.3623636909959845.
checkpoint_e22 window_influence: 0.49068934624732879, penalty_k: 0.08095079578976155, scale_lr: 0.29076371003861906, EAO: 0.334
Trial 2349 finished with value: 0.3340609849426997 and parameters: {'window_influence': 0.4906893462473288, 'penalty_k': 0.08095079578976155, 'scale_lr': 0.29076371003861906}. Best is trial 1270 with value: 0.3623636909959845.
checkpoint_e22 window_influence: 0.46700240968458229, penalty_k: 0.31805751227422313, scale_lr: 0.66017020640789581, EAO: 0.319
Trial 2350 finished with value: 0.31860468029280115 and parameters: {'window_influence': 0.4670024096845823, 'penalty_k': 0.31805751227422313, 'scale_lr': 0.6601702064078958}. Best is trial 1270 with value: 0.3623636909959845.
checkpoint_e22 window_influence: 0.30886381488654469, penalty_k: 0.24910013048812113, scale_lr: 0.67816914589061184, EAO: 0.291
Trial 2351 finished with value: 0.2909379844419687 and parameters: {'window_influence': 0.3088638148865447, 'penalty_k': 0.24910013048812113, 'scale_lr': 0.6781691458906118}. Best is trial 1270 with value: 0.3623636909959845.
checkpoint_e22 window_influence: 0.42366494360213131, penalty_k: 0.13670054730104583, scale_lr: 0.59223272170169872, EAO: 0.321
Trial 2352 finished with value: 0.3207520114308665 and parameters: {'window_influence': 0.4236649436021313, 'penalty_k': 0.13670054730104583, 'scale_lr': 0.5922327217016987}. Best is trial 1270 with value: 0.3623636909959845.
checkpoint_e22 window_influence: 0.45433153953309546, penalty_k: 0.04115898489170257, scale_lr: 0.30728733859344354, EAO: 0.308
Trial 2353 finished with value: 0.3075218042974806 and parameters: {'window_influence': 0.45433153953309546, 'penalty_k': 0.04115898489170257, 'scale_lr': 0.30728733859344354}. Best is trial 1270 with value: 0.3623636909959845.
checkpoint_e22 window_influence: 0.47783655587071611, penalty_k: 0.01984302442415602, scale_lr: 0.60714162757034329, EAO: 0.350
Trial 2354 finished with value: 0.35025352251205 and parameters: {'window_influence': 0.4778365558707161, 'penalty_k': 0.019843024424156024, 'scale_lr': 0.6071416275703433}. Best is trial 1270 with value: 0.3623636909959845.
checkpoint_e22 window_influence: 0.53480584993963798, penalty_k: 0.10139531494595856, scale_lr: 0.45490059587243742, EAO: 0.282
Trial 2355 finished with value: 0.2823631659671954 and parameters: {'window_influence': 0.534805849939638, 'penalty_k': 0.10139531494595856, 'scale_lr': 0.4549005958724374}. Best is trial 1270 with value: 0.3623636909959845.
checkpoint_e22 window_influence: 0.49795975275920246, penalty_k: 0.05980160725220972, scale_lr: 0.41750092333949373, EAO: 0.327
Trial 2356 finished with value: 0.32697040039741576 and parameters: {'window_influence': 0.49795975275920246, 'penalty_k': 0.05980160725220972, 'scale_lr': 0.41750092333949373}. Best is trial 1270 with value: 0.3623636909959845.
checkpoint_e22 window_influence: 0.44383493757747444, penalty_k: 0.00017741774117666, scale_lr: 0.24590889842048272, EAO: 0.322
Trial 2357 finished with value: 0.3223589980532687 and parameters: {'window_influence': 0.44383493757747444, 'penalty_k': 0.00017741774117665567, 'scale_lr': 0.24590889842048272}. Best is trial 1270 with value: 0.3623636909959845.
checkpoint_e22 window_influence: 0.29034090820460046, penalty_k: 0.12898265867519726, scale_lr: 0.50982878541818699, EAO: 0.284
Trial 2358 finished with value: 0.2837876545895862 and parameters: {'window_influence': 0.29034090820460046, 'penalty_k': 0.12898265867519726, 'scale_lr': 0.509828785418187}. Best is trial 1270 with value: 0.3623636909959845.
checkpoint_e22 window_influence: 0.51474764989360877, penalty_k: 0.02852978839852638, scale_lr: 0.78121532069356281, EAO: 0.297
Trial 2359 finished with value: 0.2970602843432111 and parameters: {'window_influence': 0.5147476498936088, 'penalty_k': 0.02852978839852638, 'scale_lr': 0.7812153206935628}. Best is trial 1270 with value: 0.3623636909959845.
checkpoint_e22 window_influence: 0.46605827343457373, penalty_k: 0.34687725962629384, scale_lr: 0.33324908642466433, EAO: 0.318
Trial 2360 finished with value: 0.31814624995341095 and parameters: {'window_influence': 0.46605827343457373, 'penalty_k': 0.34687725962629384, 'scale_lr': 0.33324908642466433}. Best is trial 1270 with value: 0.3623636909959845.
checkpoint_e22 window_influence: 0.59480371022791001, penalty_k: 0.37068844746610391, scale_lr: 0.46835795336642416, EAO: 0.241
Trial 2361 finished with value: 0.2414161257938652 and parameters: {'window_influence': 0.59480371022791, 'penalty_k': 0.3706884474661039, 'scale_lr': 0.46835795336642416}. Best is trial 1270 with value: 0.3623636909959845.
checkpoint_e22 window_influence: 0.15755985621104157, penalty_k: 0.08626081377189920, scale_lr: 0.22516292343355532, EAO: 0.272
Trial 2362 finished with value: 0.2716301076027206 and parameters: {'window_influence': 0.15755985621104157, 'penalty_k': 0.0862608137718992, 'scale_lr': 0.22516292343355532}. Best is trial 1270 with value: 0.3623636909959845.
checkpoint_e22 window_influence: 0.25034933791575420, penalty_k: 0.11474646840444157, scale_lr: 0.63991255365442434, EAO: 0.298
Trial 2363 finished with value: 0.2975710878576286 and parameters: {'window_influence': 0.2503493379157542, 'penalty_k': 0.11474646840444157, 'scale_lr': 0.6399125536544243}. Best is trial 1270 with value: 0.3623636909959845.
checkpoint_e22 window_influence: 0.48613493292441839, penalty_k: 0.14446922890736594, scale_lr: 0.17155723451061072, EAO: 0.326
Trial 2364 finished with value: 0.32640730841846316 and parameters: {'window_influence': 0.4861349329244184, 'penalty_k': 0.14446922890736594, 'scale_lr': 0.17155723451061072}. Best is trial 1270 with value: 0.3623636909959845.
checkpoint_e22 window_influence: 0.58965207929582431, penalty_k: 0.07009345204586517, scale_lr: 0.57497222255116065, EAO: 0.264
Trial 2365 finished with value: 0.2641654318988555 and parameters: {'window_influence': 0.5896520792958243, 'penalty_k': 0.07009345204586517, 'scale_lr': 0.5749722225511606}. Best is trial 1270 with value: 0.3623636909959845.
checkpoint_e22 window_influence: 0.27445362153504249, penalty_k: 0.52028713573328933, scale_lr: 0.31954931876580472, EAO: 0.282
Trial 2366 finished with value: 0.28192181450383674 and parameters: {'window_influence': 0.2744536215350425, 'penalty_k': 0.5202871357332893, 'scale_lr': 0.3195493187658047}. Best is trial 1270 with value: 0.3623636909959845.
checkpoint_e22 window_influence: 0.38136254971752376, penalty_k: 0.47823810046746340, scale_lr: 0.20892481966558080, EAO: 0.278
Trial 2367 finished with value: 0.2783515118787261 and parameters: {'window_influence': 0.38136254971752376, 'penalty_k': 0.4782381004674634, 'scale_lr': 0.2089248196655808}. Best is trial 1270 with value: 0.3623636909959845.
checkpoint_e22 window_influence: 0.47351925039984655, penalty_k: 0.01346607365938680, scale_lr: 0.48478324693637265, EAO: 0.335
Trial 2368 finished with value: 0.33469465189406844 and parameters: {'window_influence': 0.47351925039984655, 'penalty_k': 0.013466073659386797, 'scale_lr': 0.48478324693637265}. Best is trial 1270 with value: 0.3623636909959845.
checkpoint_e22 window_influence: 0.45236485866066006, penalty_k: 0.10621002855769440, scale_lr: 0.69004577427484748, EAO: 0.327
Trial 2369 finished with value: 0.3269585511331892 and parameters: {'window_influence': 0.45236485866066006, 'penalty_k': 0.1062100285576944, 'scale_lr': 0.6900457742748475}. Best is trial 1270 with value: 0.3623636909959845.
checkpoint_e22 window_influence: 0.50083656420874645, penalty_k: 0.08912420494063840, scale_lr: 0.26304339230848306, EAO: 0.324
Trial 2370 finished with value: 0.3244004900121503 and parameters: {'window_influence': 0.5008365642087464, 'penalty_k': 0.0891242049406384, 'scale_lr': 0.26304339230848306}. Best is trial 1270 with value: 0.3623636909959845.
checkpoint_e22 window_influence: 0.08946693750793122, penalty_k: 0.16600999734170196, scale_lr: 0.75187807223043346, EAO: 0.254
Trial 2371 finished with value: 0.253642573662769 and parameters: {'window_influence': 0.08946693750793122, 'penalty_k': 0.16600999734170196, 'scale_lr': 0.7518780722304335}. Best is trial 1270 with value: 0.3623636909959845.
checkpoint_e22 window_influence: 0.17668029266571408, penalty_k: 0.18978567322042439, scale_lr: 0.28343268950806527, EAO: 0.265
Trial 2372 finished with value: 0.2646231694792031 and parameters: {'window_influence': 0.17668029266571408, 'penalty_k': 0.1897856732204244, 'scale_lr': 0.28343268950806527}. Best is trial 1270 with value: 0.3623636909959845.
checkpoint_e22 window_influence: 0.48148296269067292, penalty_k: 0.03545694958822561, scale_lr: 0.67091556647122841, EAO: 0.336
Trial 2373 finished with value: 0.3363011984973566 and parameters: {'window_influence': 0.4814829626906729, 'penalty_k': 0.03545694958822561, 'scale_lr': 0.6709155664712284}. Best is trial 1270 with value: 0.3623636909959845.
checkpoint_e22 window_influence: 0.41284692310412124, penalty_k: 0.05043149348913128, scale_lr: 0.62647130428450659, EAO: 0.313
Trial 2374 finished with value: 0.3125764996625106 and parameters: {'window_influence': 0.41284692310412124, 'penalty_k': 0.05043149348913128, 'scale_lr': 0.6264713042845066}. Best is trial 1270 with value: 0.3623636909959845.
checkpoint_e22 window_influence: 0.43709650056359217, penalty_k: 0.31320902662993161, scale_lr: 0.44279870456303239, EAO: 0.303
Trial 2375 finished with value: 0.3032419926229618 and parameters: {'window_influence': 0.43709650056359217, 'penalty_k': 0.3132090266299316, 'scale_lr': 0.4427987045630324}. Best is trial 1270 with value: 0.3623636909959845.
checkpoint_e22 window_influence: 0.08056275082343350, penalty_k: 0.12365627664969384, scale_lr: 0.30843611987029185, EAO: 0.252
Trial 2376 finished with value: 0.252386557626817 and parameters: {'window_influence': 0.0805627508234335, 'penalty_k': 0.12365627664969384, 'scale_lr': 0.30843611987029185}. Best is trial 1270 with value: 0.3623636909959845.
checkpoint_e22 window_influence: 0.46272816193143085, penalty_k: 0.07938004416546934, scale_lr: 0.60244203051028200, EAO: 0.340
Trial 2377 finished with value: 0.34025957136766455 and parameters: {'window_influence': 0.46272816193143085, 'penalty_k': 0.07938004416546934, 'scale_lr': 0.602442030510282}. Best is trial 1270 with value: 0.3623636909959845.
checkpoint_e22 window_influence: 0.52334091581415121, penalty_k: 0.02135039179252871, scale_lr: 0.72885075272097588, EAO: 0.311
Trial 2378 finished with value: 0.3110038307622249 and parameters: {'window_influence': 0.5233409158141512, 'penalty_k': 0.021350391792528706, 'scale_lr': 0.7288507527209759}. Best is trial 1270 with value: 0.3623636909959845.
checkpoint_e22 window_influence: 0.48881806758952717, penalty_k: 0.33384873204413584, scale_lr: 0.42203956903036799, EAO: 0.302
Trial 2379 finished with value: 0.3024099232041882 and parameters: {'window_influence': 0.48881806758952717, 'penalty_k': 0.33384873204413584, 'scale_lr': 0.422039569030368}. Best is trial 1270 with value: 0.3623636909959845.
checkpoint_e22 window_influence: 0.33239408185097374, penalty_k: 0.50342898746940856, scale_lr: 0.29435034477098326, EAO: 0.272
Trial 2380 finished with value: 0.2723838025957694 and parameters: {'window_influence': 0.33239408185097374, 'penalty_k': 0.5034289874694086, 'scale_lr': 0.29435034477098326}. Best is trial 1270 with value: 0.3623636909959845.
checkpoint_e22 window_influence: 0.54100819934851296, penalty_k: 0.26824236013652991, scale_lr: 0.55250270879840779, EAO: 0.295
Trial 2381 finished with value: 0.29509091765732154 and parameters: {'window_influence': 0.541008199348513, 'penalty_k': 0.2682423601365299, 'scale_lr': 0.5525027087984078}. Best is trial 1270 with value: 0.3623636909959845.
checkpoint_e22 window_influence: 0.50755728979098957, penalty_k: 0.10013799939915656, scale_lr: 0.70020083644158704, EAO: 0.316
Trial 2382 finished with value: 0.31638689217400456 and parameters: {'window_influence': 0.5075572897909896, 'penalty_k': 0.10013799939915656, 'scale_lr': 0.700200836441587}. Best is trial 1270 with value: 0.3623636909959845.
checkpoint_e22 window_influence: 0.46850080530813304, penalty_k: 0.01033706979378105, scale_lr: 0.33077393034094216, EAO: 0.336
Trial 2383 finished with value: 0.3359495094082235 and parameters: {'window_influence': 0.46850080530813304, 'penalty_k': 0.010337069793781045, 'scale_lr': 0.33077393034094216}. Best is trial 1270 with value: 0.3623636909959845.
checkpoint_e22 window_influence: 0.39399918257679162, penalty_k: 0.14662644262080743, scale_lr: 0.18320164230003216, EAO: 0.298
Trial 2384 finished with value: 0.2977367484731897 and parameters: {'window_influence': 0.3939991825767916, 'penalty_k': 0.14662644262080743, 'scale_lr': 0.18320164230003216}. Best is trial 1270 with value: 0.3623636909959845.
checkpoint_e22 window_influence: 0.45375435105235984, penalty_k: 0.11822788421691953, scale_lr: 0.62185849061259590, EAO: 0.332
Trial 2385 finished with value: 0.33205783007673717 and parameters: {'window_influence': 0.45375435105235984, 'penalty_k': 0.11822788421691953, 'scale_lr': 0.6218584906125959}. Best is trial 1270 with value: 0.3623636909959845.
checkpoint_e22 window_influence: 0.49002197892281862, penalty_k: 0.40983639054941035, scale_lr: 0.76509753508868361, EAO: 0.300
Trial 2386 finished with value: 0.2995683691149092 and parameters: {'window_influence': 0.4900219789228186, 'penalty_k': 0.40983639054941035, 'scale_lr': 0.7650975350886836}. Best is trial 1270 with value: 0.3623636909959845.
checkpoint_e22 window_influence: 0.13576408337171481, penalty_k: 0.22057222569743112, scale_lr: 0.46080851262841305, EAO: 0.278
Trial 2387 finished with value: 0.2781330007291489 and parameters: {'window_influence': 0.1357640833717148, 'penalty_k': 0.22057222569743112, 'scale_lr': 0.46080851262841305}. Best is trial 1270 with value: 0.3623636909959845.
checkpoint_e22 window_influence: 0.42813687992503330, penalty_k: 0.10897427806011827, scale_lr: 0.27253396188701595, EAO: 0.331
Trial 2388 finished with value: 0.3314700440905901 and parameters: {'window_influence': 0.4281368799250333, 'penalty_k': 0.10897427806011827, 'scale_lr': 0.27253396188701595}. Best is trial 1270 with value: 0.3623636909959845.
checkpoint_e22 window_influence: 0.47625201632833408, penalty_k: 0.17895807679546305, scale_lr: 0.58215859420817340, EAO: 0.314
Trial 2389 finished with value: 0.3137062963112783 and parameters: {'window_influence': 0.4762520163283341, 'penalty_k': 0.17895807679546305, 'scale_lr': 0.5821585942081734}. Best is trial 1270 with value: 0.3623636909959845.
checkpoint_e22 window_influence: 0.50080402915872091, penalty_k: 0.13088800367171935, scale_lr: 0.65247840715466865, EAO: 0.337
Trial 2390 finished with value: 0.33701142228067155 and parameters: {'window_influence': 0.5008040291587209, 'penalty_k': 0.13088800367171935, 'scale_lr': 0.6524784071546686}. Best is trial 1270 with value: 0.3623636909959845.
checkpoint_e22 window_influence: 0.44586478559051118, penalty_k: 0.56133508113567965, scale_lr: 0.47078702617930690, EAO: 0.297
Trial 2391 finished with value: 0.29689588609372597 and parameters: {'window_influence': 0.4458647855905112, 'penalty_k': 0.5613350811356796, 'scale_lr': 0.4707870261793069}. Best is trial 1270 with value: 0.3623636909959845.
checkpoint_e22 window_influence: 0.46058110438362659, penalty_k: 0.05235891649081793, scale_lr: 0.52901958132478666, EAO: 0.335
Trial 2392 finished with value: 0.33537089615944293 and parameters: {'window_influence': 0.4605811043836266, 'penalty_k': 0.052358916490817926, 'scale_lr': 0.5290195813247867}. Best is trial 1270 with value: 0.3623636909959845.
checkpoint_e22 window_influence: 0.25353450758913398, penalty_k: 0.03161838891334081, scale_lr: 0.24774566111589372, EAO: 0.293
Trial 2393 finished with value: 0.2933163596498363 and parameters: {'window_influence': 0.253534507589134, 'penalty_k': 0.03161838891334081, 'scale_lr': 0.24774566111589372}. Best is trial 1270 with value: 0.3623636909959845.
checkpoint_e22 window_influence: 0.47913568266736389, penalty_k: 0.49792148499049105, scale_lr: 0.71013589806934885, EAO: 0.317
Trial 2394 finished with value: 0.31695101847908375 and parameters: {'window_influence': 0.4791356826673639, 'penalty_k': 0.49792148499049105, 'scale_lr': 0.7101358980693488}. Best is trial 1270 with value: 0.3623636909959845.
checkpoint_e22 window_influence: 0.51629846274039337, penalty_k: 0.09136953446063201, scale_lr: 0.31484139318004106, EAO: 0.320
Trial 2395 finished with value: 0.31981209842379454 and parameters: {'window_influence': 0.5162984627403934, 'penalty_k': 0.09136953446063201, 'scale_lr': 0.31484139318004106}. Best is trial 1270 with value: 0.3623636909959845.
checkpoint_e22 window_influence: 0.55015615451214517, penalty_k: 0.06799659916462025, scale_lr: 0.33769162090963645, EAO: 0.299
Trial 2396 finished with value: 0.29934015510611034 and parameters: {'window_influence': 0.5501561545121452, 'penalty_k': 0.06799659916462025, 'scale_lr': 0.33769162090963645}. Best is trial 1270 with value: 0.3623636909959845.
checkpoint_e22 window_influence: 0.09876285753836128, penalty_k: 0.00990560345221509, scale_lr: 0.49524022998178557, EAO: 0.258
Trial 2397 finished with value: 0.2579927620140959 and parameters: {'window_influence': 0.09876285753836128, 'penalty_k': 0.009905603452215094, 'scale_lr': 0.4952402299817856}. Best is trial 1270 with value: 0.3623636909959845.
checkpoint_e22 window_influence: 0.11785611420583200, penalty_k: 0.00006033052231978, scale_lr: 0.50815415475549386, EAO: 0.262
Trial 2398 finished with value: 0.26169096147967685 and parameters: {'window_influence': 0.117856114205832, 'penalty_k': 6.033052231977504e-05, 'scale_lr': 0.5081541547554939}. Best is trial 1270 with value: 0.3623636909959845.
checkpoint_e22 window_influence: 0.49457023899554120, penalty_k: 0.09786928699767920, scale_lr: 0.57072196401057573, EAO: 0.316
Trial 2399 finished with value: 0.3164763183329356 and parameters: {'window_influence': 0.4945702389955412, 'penalty_k': 0.0978692869976792, 'scale_lr': 0.5707219640105757}. Best is trial 1270 with value: 0.3623636909959845.
checkpoint_e22 window_influence: 0.33709406745112391, penalty_k: 0.13138250424904971, scale_lr: 0.60826215677892481, EAO: 0.313
Trial 2400 finished with value: 0.3126213633480703 and parameters: {'window_influence': 0.3370940674511239, 'penalty_k': 0.1313825042490497, 'scale_lr': 0.6082621567789248}. Best is trial 1270 with value: 0.3623636909959845.
checkpoint_e22 window_influence: 0.46786907655029031, penalty_k: 0.16041525329362280, scale_lr: 0.63664253805073157, EAO: 0.331
Trial 2401 finished with value: 0.3311566660608299 and parameters: {'window_influence': 0.4678690765502903, 'penalty_k': 0.1604152532936228, 'scale_lr': 0.6366425380507316}. Best is trial 1270 with value: 0.3623636909959845.
checkpoint_e22 window_influence: 0.38956705939889330, penalty_k: 0.43416318057581305, scale_lr: 0.14350066426282182, EAO: 0.290
Trial 2402 finished with value: 0.2899509609209424 and parameters: {'window_influence': 0.3895670593988933, 'penalty_k': 0.43416318057581305, 'scale_lr': 0.14350066426282182}. Best is trial 1270 with value: 0.3623636909959845.
checkpoint_e22 window_influence: 0.48898598617283484, penalty_k: 0.07994134724537802, scale_lr: 0.29798440965772566, EAO: 0.349
Trial 2403 finished with value: 0.3486806250499844 and parameters: {'window_influence': 0.48898598617283484, 'penalty_k': 0.07994134724537802, 'scale_lr': 0.29798440965772566}. Best is trial 1270 with value: 0.3623636909959845.
checkpoint_e22 window_influence: 0.64762201749295567, penalty_k: 0.58419592698333100, scale_lr: 0.58995371542588826, EAO: 0.200
Trial 2404 finished with value: 0.2004943502784239 and parameters: {'window_influence': 0.6476220174929557, 'penalty_k': 0.584195926983331, 'scale_lr': 0.5899537154258883}. Best is trial 1270 with value: 0.3623636909959845.
checkpoint_e22 window_influence: 0.13570786574292706, penalty_k: 0.10972732999419529, scale_lr: 0.43732800228256186, EAO: 0.258
Trial 2405 finished with value: 0.25771491322304024 and parameters: {'window_influence': 0.13570786574292706, 'penalty_k': 0.1097273299941953, 'scale_lr': 0.43732800228256186}. Best is trial 1270 with value: 0.3623636909959845.
checkpoint_e22 window_influence: 0.63238831740158197, penalty_k: 0.32870119798484465, scale_lr: 0.15921808434439338, EAO: 0.236
Trial 2406 finished with value: 0.23635624296934224 and parameters: {'window_influence': 0.632388317401582, 'penalty_k': 0.32870119798484465, 'scale_lr': 0.15921808434439338}. Best is trial 1270 with value: 0.3623636909959845.
checkpoint_e22 window_influence: 0.47613417588458412, penalty_k: 0.20099740994794763, scale_lr: 0.32141045498170512, EAO: 0.328
Trial 2407 finished with value: 0.3276676653887975 and parameters: {'window_influence': 0.4761341758845841, 'penalty_k': 0.20099740994794763, 'scale_lr': 0.3214104549817051}. Best is trial 1270 with value: 0.3623636909959845.
checkpoint_e22 window_influence: 0.43468241927426610, penalty_k: 0.24294723782467251, scale_lr: 0.65701260410995732, EAO: 0.329
