Trial 744 finished with value: 0.2848371045250837 and parameters: {'window_influence': 0.4989995355488182, 'penalty_k': 0.3599936769638991, 'scale_lr': 0.3400179611008225}. Best is trial 97 with value: 0.3587390516054769.
checkpoint_e22 window_influence: 0.09538876665164586, penalty_k: 0.10175035374132567, scale_lr: 0.58902331907174943, EAO: 0.267
Trial 745 finished with value: 0.26664392876253984 and parameters: {'window_influence': 0.09538876665164586, 'penalty_k': 0.10175035374132567, 'scale_lr': 0.5890233190717494}. Best is trial 97 with value: 0.3587390516054769.
checkpoint_e22 window_influence: 0.45256932365232450, penalty_k: 0.07052774558640131, scale_lr: 0.36517427676318032, EAO: 0.325
Trial 746 finished with value: 0.3249850316618203 and parameters: {'window_influence': 0.4525693236523245, 'penalty_k': 0.0705277455864013, 'scale_lr': 0.3651742767631803}. Best is trial 97 with value: 0.3587390516054769.
checkpoint_e22 window_influence: 0.16693472959569397, penalty_k: 0.08353057535217660, scale_lr: 0.40722581021537974, EAO: 0.280
Trial 747 finished with value: 0.2798179652440409 and parameters: {'window_influence': 0.16693472959569397, 'penalty_k': 0.0835305753521766, 'scale_lr': 0.40722581021537974}. Best is trial 97 with value: 0.3587390516054769.
checkpoint_e22 window_influence: 0.37586729654425921, penalty_k: 0.05821527911621578, scale_lr: 0.39087320121443220, EAO: 0.308
Trial 748 finished with value: 0.30826668563056087 and parameters: {'window_influence': 0.3758672965442592, 'penalty_k': 0.05821527911621578, 'scale_lr': 0.3908732012144322}. Best is trial 97 with value: 0.3587390516054769.
checkpoint_e22 window_influence: 0.40817023719418832, penalty_k: 0.03202005758874514, scale_lr: 0.32714677976639889, EAO: 0.306
Trial 749 finished with value: 0.30613687408341506 and parameters: {'window_influence': 0.4081702371941883, 'penalty_k': 0.03202005758874514, 'scale_lr': 0.3271467797663989}. Best is trial 97 with value: 0.3587390516054769.
checkpoint_e22 window_influence: 0.47757173652226431, penalty_k: 0.46445032909259787, scale_lr: 0.18033696522106177, EAO: 0.275
Trial 750 finished with value: 0.27466882092711525 and parameters: {'window_influence': 0.4775717365222643, 'penalty_k': 0.46445032909259787, 'scale_lr': 0.18033696522106177}. Best is trial 97 with value: 0.3587390516054769.
checkpoint_e22 window_influence: 0.46216118682418461, penalty_k: 0.29580204365965501, scale_lr: 0.26842827005276293, EAO: 0.290
Trial 751 finished with value: 0.2899954161871268 and parameters: {'window_influence': 0.4621611868241846, 'penalty_k': 0.295802043659655, 'scale_lr': 0.26842827005276293}. Best is trial 97 with value: 0.3587390516054769.
checkpoint_e22 window_influence: 0.48904190258029906, penalty_k: 0.11404550729625754, scale_lr: 0.35280211119787042, EAO: 0.330
Trial 752 finished with value: 0.33018476652264134 and parameters: {'window_influence': 0.48904190258029906, 'penalty_k': 0.11404550729625754, 'scale_lr': 0.3528021111978704}. Best is trial 97 with value: 0.3587390516054769.
checkpoint_e22 window_influence: 0.44590542019879431, penalty_k: 0.02080900515478853, scale_lr: 0.28852437273565351, EAO: 0.308
Trial 753 finished with value: 0.3076335474674804 and parameters: {'window_influence': 0.4459054201987943, 'penalty_k': 0.020809005154788528, 'scale_lr': 0.2885243727356535}. Best is trial 97 with value: 0.3587390516054769.
checkpoint_e22 window_influence: 0.47041222144906869, penalty_k: 0.27937346839912230, scale_lr: 0.31329357380115530, EAO: 0.299
Trial 754 finished with value: 0.29870724851983066 and parameters: {'window_influence': 0.4704122214490687, 'penalty_k': 0.2793734683991223, 'scale_lr': 0.3132935738011553}. Best is trial 97 with value: 0.3587390516054769.
checkpoint_e22 window_influence: 0.48309896802759317, penalty_k: 0.34357417878122909, scale_lr: 0.37509153378392546, EAO: 0.297
Trial 755 finished with value: 0.29726106125557006 and parameters: {'window_influence': 0.48309896802759317, 'penalty_k': 0.3435741787812291, 'scale_lr': 0.37509153378392546}. Best is trial 97 with value: 0.3587390516054769.
checkpoint_e22 window_influence: 0.46423533597132910, penalty_k: 0.15503139604118255, scale_lr: 0.29887659865510058, EAO: 0.325
Trial 756 finished with value: 0.3252922019374046 and parameters: {'window_influence': 0.4642353359713291, 'penalty_k': 0.15503139604118255, 'scale_lr': 0.2988765986551006}. Best is trial 97 with value: 0.3587390516054769.
checkpoint_e22 window_influence: 0.43218603532643041, penalty_k: 0.09838165127757120, scale_lr: 0.18788065679844856, EAO: 0.326
Trial 757 finished with value: 0.3256789110745901 and parameters: {'window_influence': 0.4321860353264304, 'penalty_k': 0.0983816512775712, 'scale_lr': 0.18788065679844856}. Best is trial 97 with value: 0.3587390516054769.
checkpoint_e22 window_influence: 0.58840608750861989, penalty_k: 0.43969436423489350, scale_lr: 0.34467971275336662, EAO: 0.236
Trial 758 finished with value: 0.23589654376998487 and parameters: {'window_influence': 0.5884060875086199, 'penalty_k': 0.4396943642348935, 'scale_lr': 0.3446797127533666}. Best is trial 97 with value: 0.3587390516054769.
checkpoint_e22 window_influence: 0.25691888216494441, penalty_k: 0.13353223720631419, scale_lr: 0.21950014046398600, EAO: 0.271
Trial 759 finished with value: 0.2710872546476149 and parameters: {'window_influence': 0.2569188821649444, 'penalty_k': 0.13353223720631419, 'scale_lr': 0.219500140463986}. Best is trial 97 with value: 0.3587390516054769.
checkpoint_e22 window_influence: 0.12657577411978996, penalty_k: 0.11023192734894784, scale_lr: 0.77584118163979943, EAO: 0.254
Trial 760 finished with value: 0.2540351274180505 and parameters: {'window_influence': 0.12657577411978996, 'penalty_k': 0.11023192734894784, 'scale_lr': 0.7758411816397994}. Best is trial 97 with value: 0.3587390516054769.
checkpoint_e22 window_influence: 0.50020022081698901, penalty_k: 0.20127345193234344, scale_lr: 0.32631967966847630, EAO: 0.311
Trial 761 finished with value: 0.31079445866295335 and parameters: {'window_influence': 0.500200220816989, 'penalty_k': 0.20127345193234344, 'scale_lr': 0.3263196796684763}. Best is trial 97 with value: 0.3587390516054769.
checkpoint_e22 window_influence: 0.45552629744303830, penalty_k: 0.08867552537224711, scale_lr: 0.63471094322660149, EAO: 0.328
Trial 762 finished with value: 0.3277945472108715 and parameters: {'window_influence': 0.4555262974430383, 'penalty_k': 0.08867552537224711, 'scale_lr': 0.6347109432266015}. Best is trial 97 with value: 0.3587390516054769.
checkpoint_e22 window_influence: 0.34570671009971032, penalty_k: 0.12490589092131001, scale_lr: 0.36318762624278789, EAO: 0.320
Trial 763 finished with value: 0.319740341505188 and parameters: {'window_influence': 0.3457067100997103, 'penalty_k': 0.12490589092131, 'scale_lr': 0.3631876262427879}. Best is trial 97 with value: 0.3587390516054769.
checkpoint_e22 window_influence: 0.55365689217418024, penalty_k: 0.37290972258091304, scale_lr: 0.41718003855331381, EAO: 0.269
Trial 764 finished with value: 0.26915729753238216 and parameters: {'window_influence': 0.5536568921741802, 'penalty_k': 0.37290972258091304, 'scale_lr': 0.4171800385533138}. Best is trial 97 with value: 0.3587390516054769.
checkpoint_e22 window_influence: 0.47581891678278199, penalty_k: 0.07548958156129970, scale_lr: 0.44952261645933450, EAO: 0.341
Trial 765 finished with value: 0.34083072719406987 and parameters: {'window_influence': 0.475818916782782, 'penalty_k': 0.0754895815612997, 'scale_lr': 0.4495226164593345}. Best is trial 97 with value: 0.3587390516054769.
checkpoint_e22 window_influence: 0.27847127461175847, penalty_k: 0.20719954440667845, scale_lr: 0.11450471466754258, EAO: 0.291
Trial 766 finished with value: 0.29091353714466095 and parameters: {'window_influence': 0.27847127461175847, 'penalty_k': 0.20719954440667845, 'scale_lr': 0.11450471466754258}. Best is trial 97 with value: 0.3587390516054769.
checkpoint_e22 window_influence: 0.44550994470180139, penalty_k: 0.10194612447731866, scale_lr: 0.30717174517719747, EAO: 0.316
Trial 767 finished with value: 0.31593196697040293 and parameters: {'window_influence': 0.4455099447018014, 'penalty_k': 0.10194612447731866, 'scale_lr': 0.3071717451771975}. Best is trial 97 with value: 0.3587390516054769.
checkpoint_e22 window_influence: 0.49136870564909058, penalty_k: 0.11640575974786942, scale_lr: 0.39343617752373183, EAO: 0.320
Trial 768 finished with value: 0.31987012134219883 and parameters: {'window_influence': 0.4913687056490906, 'penalty_k': 0.11640575974786942, 'scale_lr': 0.39343617752373183}. Best is trial 97 with value: 0.3587390516054769.
checkpoint_e22 window_influence: 0.52026778215568714, penalty_k: 0.05892621793478808, scale_lr: 0.46383751469637768, EAO: 0.312
Trial 769 finished with value: 0.3117910981874058 and parameters: {'window_influence': 0.5202677821556871, 'penalty_k': 0.05892621793478808, 'scale_lr': 0.4638375146963777}. Best is trial 97 with value: 0.3587390516054769.
checkpoint_e22 window_influence: 0.42022035935216351, penalty_k: 0.17752225575133290, scale_lr: 0.23911075241817817, EAO: 0.292
Trial 770 finished with value: 0.2923898450479433 and parameters: {'window_influence': 0.4202203593521635, 'penalty_k': 0.1775222557513329, 'scale_lr': 0.23911075241817817}. Best is trial 97 with value: 0.3587390516054769.
checkpoint_e22 window_influence: 0.46527769831376015, penalty_k: 0.08551085427813984, scale_lr: 0.33712367047429270, EAO: 0.345
Trial 771 finished with value: 0.344737730833343 and parameters: {'window_influence': 0.46527769831376015, 'penalty_k': 0.08551085427813984, 'scale_lr': 0.3371236704742927}. Best is trial 97 with value: 0.3587390516054769.
checkpoint_e22 window_influence: 0.45905852818835635, penalty_k: 0.39599784502978919, scale_lr: 0.33695807454432902, EAO: 0.305
Trial 772 finished with value: 0.3053776632834965 and parameters: {'window_influence': 0.45905852818835635, 'penalty_k': 0.3959978450297892, 'scale_lr': 0.336958074544329}. Best is trial 97 with value: 0.3587390516054769.
checkpoint_e22 window_influence: 0.43589258494195565, penalty_k: 0.06757138455510127, scale_lr: 0.35384989407973194, EAO: 0.331
Trial 773 finished with value: 0.3306878232306544 and parameters: {'window_influence': 0.43589258494195565, 'penalty_k': 0.06757138455510127, 'scale_lr': 0.35384989407973194}. Best is trial 97 with value: 0.3587390516054769.
checkpoint_e22 window_influence: 0.45125880101016141, penalty_k: 0.47351498805281794, scale_lr: 0.32840631866182191, EAO: 0.301
Trial 774 finished with value: 0.3008184275274611 and parameters: {'window_influence': 0.4512588010101614, 'penalty_k': 0.47351498805281794, 'scale_lr': 0.3284063186618219}. Best is trial 97 with value: 0.3587390516054769.
checkpoint_e22 window_influence: 0.57493551438016943, penalty_k: 0.07960169813920469, scale_lr: 0.34258939706321151, EAO: 0.272
Trial 775 finished with value: 0.27211446259968014 and parameters: {'window_influence': 0.5749355143801694, 'penalty_k': 0.07960169813920469, 'scale_lr': 0.3425893970632115}. Best is trial 97 with value: 0.3587390516054769.
checkpoint_e22 window_influence: 0.46743551975666725, penalty_k: 0.42102328260022759, scale_lr: 0.31712792576849186, EAO: 0.308
Trial 776 finished with value: 0.3083355724811554 and parameters: {'window_influence': 0.46743551975666725, 'penalty_k': 0.4210232826002276, 'scale_lr': 0.31712792576849186}. Best is trial 97 with value: 0.3587390516054769.
checkpoint_e22 window_influence: 0.47182397444366303, penalty_k: 0.08500850035044206, scale_lr: 0.66141832152605595, EAO: 0.333
Trial 777 finished with value: 0.3328116050258221 and parameters: {'window_influence': 0.47182397444366303, 'penalty_k': 0.08500850035044206, 'scale_lr': 0.661418321526056}. Best is trial 97 with value: 0.3587390516054769.
checkpoint_e22 window_influence: 0.12558873317886804, penalty_k: 0.04846881230179101, scale_lr: 0.36464150519390587, EAO: 0.261
Trial 778 finished with value: 0.260983810756457 and parameters: {'window_influence': 0.12558873317886804, 'penalty_k': 0.04846881230179101, 'scale_lr': 0.36464150519390587}. Best is trial 97 with value: 0.3587390516054769.
checkpoint_e22 window_influence: 0.44647651171595798, penalty_k: 0.09192233825137468, scale_lr: 0.29193643194325236, EAO: 0.319
Trial 779 finished with value: 0.3188442969948401 and parameters: {'window_influence': 0.446476511715958, 'penalty_k': 0.09192233825137468, 'scale_lr': 0.29193643194325236}. Best is trial 97 with value: 0.3587390516054769.
checkpoint_e22 window_influence: 0.36229400384618277, penalty_k: 0.25077579613851397, scale_lr: 0.34950405404394308, EAO: 0.300
Trial 780 finished with value: 0.3000844654985903 and parameters: {'window_influence': 0.36229400384618277, 'penalty_k': 0.250775796138514, 'scale_lr': 0.3495040540439431}. Best is trial 97 with value: 0.3587390516054769.
checkpoint_e22 window_influence: 0.53595465077055804, penalty_k: 0.06505437614629415, scale_lr: 0.33273916251636648, EAO: 0.311
Trial 781 finished with value: 0.3107630308384097 and parameters: {'window_influence': 0.535954650770558, 'penalty_k': 0.06505437614629415, 'scale_lr': 0.3327391625163665}. Best is trial 97 with value: 0.3587390516054769.
checkpoint_e22 window_influence: 0.42635080403335412, penalty_k: 0.07588495487117054, scale_lr: 0.70540939982241702, EAO: 0.321
Trial 782 finished with value: 0.3210292290968654 and parameters: {'window_influence': 0.4263508040333541, 'penalty_k': 0.07588495487117054, 'scale_lr': 0.705409399822417}. Best is trial 97 with value: 0.3587390516054769.
checkpoint_e22 window_influence: 0.48374181220991092, penalty_k: 0.09924908158649821, scale_lr: 0.37481505535487925, EAO: 0.330
Trial 783 finished with value: 0.3304875864129122 and parameters: {'window_influence': 0.4837418122099109, 'penalty_k': 0.09924908158649821, 'scale_lr': 0.37481505535487925}. Best is trial 97 with value: 0.3587390516054769.
checkpoint_e22 window_influence: 0.46165657974630386, penalty_k: 0.17001337841853084, scale_lr: 0.30395984993670300, EAO: 0.322
Trial 784 finished with value: 0.3219798914653318 and parameters: {'window_influence': 0.46165657974630386, 'penalty_k': 0.17001337841853084, 'scale_lr': 0.303959849936703}. Best is trial 97 with value: 0.3587390516054769.
checkpoint_e22 window_influence: 0.34538438216914513, penalty_k: 0.23029789599279277, scale_lr: 0.72222365648645859, EAO: 0.308
Trial 785 finished with value: 0.30755338008997507 and parameters: {'window_influence': 0.34538438216914513, 'penalty_k': 0.23029789599279277, 'scale_lr': 0.7222236564864586}. Best is trial 97 with value: 0.3587390516054769.
checkpoint_e22 window_influence: 0.50775904968147778, penalty_k: 0.03371519715420229, scale_lr: 0.32155610407065305, EAO: 0.312
Trial 786 finished with value: 0.31150830308055133 and parameters: {'window_influence': 0.5077590496814778, 'penalty_k': 0.03371519715420229, 'scale_lr': 0.32155610407065305}. Best is trial 97 with value: 0.3587390516054769.
checkpoint_e22 window_influence: 0.60052715227167375, penalty_k: 0.08865952754390054, scale_lr: 0.61676775022972929, EAO: 0.251
Trial 787 finished with value: 0.25062593017570706 and parameters: {'window_influence': 0.6005271522716737, 'penalty_k': 0.08865952754390054, 'scale_lr': 0.6167677502297293}. Best is trial 97 with value: 0.3587390516054769.
checkpoint_e22 window_influence: 0.14028401654654951, penalty_k: 0.05166545216974709, scale_lr: 0.28337529512105986, EAO: 0.264
Trial 788 finished with value: 0.26389219261097074 and parameters: {'window_influence': 0.1402840165465495, 'penalty_k': 0.05166545216974709, 'scale_lr': 0.28337529512105986}. Best is trial 97 with value: 0.3587390516054769.
checkpoint_e22 window_influence: 0.47389115958263145, penalty_k: 0.06900464591381567, scale_lr: 0.35624319950953709, EAO: 0.330
Trial 789 finished with value: 0.32991743586406636 and parameters: {'window_influence': 0.47389115958263145, 'penalty_k': 0.06900464591381567, 'scale_lr': 0.3562431995095371}. Best is trial 97 with value: 0.3587390516054769.
checkpoint_e22 window_influence: 0.49284768074277752, penalty_k: 0.10608068541756566, scale_lr: 0.37826407088556768, EAO: 0.332
Trial 790 finished with value: 0.3317902851197506 and parameters: {'window_influence': 0.4928476807427775, 'penalty_k': 0.10608068541756566, 'scale_lr': 0.3782640708855677}. Best is trial 97 with value: 0.3587390516054769.
checkpoint_e22 window_influence: 0.39740766645643749, penalty_k: 0.12969815207635055, scale_lr: 0.34033852441037432, EAO: 0.318
Trial 791 finished with value: 0.31751564788679204 and parameters: {'window_influence': 0.3974076664564375, 'penalty_k': 0.12969815207635055, 'scale_lr': 0.3403385244103743}. Best is trial 97 with value: 0.3587390516054769.
checkpoint_e22 window_influence: 0.26514672897008384, penalty_k: 0.14377077321471718, scale_lr: 0.31174237922276032, EAO: 0.279
Trial 792 finished with value: 0.27919423881671773 and parameters: {'window_influence': 0.26514672897008384, 'penalty_k': 0.14377077321471718, 'scale_lr': 0.3117423792227603}. Best is trial 97 with value: 0.3587390516054769.
checkpoint_e22 window_influence: 0.22426528215844441, penalty_k: 0.30327851464205258, scale_lr: 0.29894681606368928, EAO: 0.280
Trial 793 finished with value: 0.2803776170840987 and parameters: {'window_influence': 0.2242652821584444, 'penalty_k': 0.3032785146420526, 'scale_lr': 0.2989468160636893}. Best is trial 97 with value: 0.3587390516054769.
checkpoint_e22 window_influence: 0.45159459947336583, penalty_k: 0.09482915822654991, scale_lr: 0.36227516015857891, EAO: 0.323
Trial 794 finished with value: 0.3231359131721207 and parameters: {'window_influence': 0.45159459947336583, 'penalty_k': 0.09482915822654991, 'scale_lr': 0.3622751601585789}. Best is trial 97 with value: 0.3587390516054769.
checkpoint_e22 window_influence: 0.43641726048259011, penalty_k: 0.32343272648508520, scale_lr: 0.78473216959596859, EAO: 0.304
Trial 795 finished with value: 0.3040509793892909 and parameters: {'window_influence': 0.4364172604825901, 'penalty_k': 0.3234327264850852, 'scale_lr': 0.7847321695959686}. Best is trial 97 with value: 0.3587390516054769.
checkpoint_e22 window_influence: 0.46160994175170378, penalty_k: 0.08289267722122043, scale_lr: 0.27544266149406843, EAO: 0.327
Trial 796 finished with value: 0.3273668364560094 and parameters: {'window_influence': 0.4616099417517038, 'penalty_k': 0.08289267722122043, 'scale_lr': 0.27544266149406843}. Best is trial 97 with value: 0.3587390516054769.
checkpoint_e22 window_influence: 0.48504421704884193, penalty_k: 0.11719469732644969, scale_lr: 0.32772696852027250, EAO: 0.351
Trial 797 finished with value: 0.3513930617371422 and parameters: {'window_influence': 0.48504421704884193, 'penalty_k': 0.11719469732644969, 'scale_lr': 0.3277269685202725}. Best is trial 97 with value: 0.3587390516054769.
checkpoint_e22 window_influence: 0.50770305470748123, penalty_k: 0.21478362511188714, scale_lr: 0.32591078417220037, EAO: 0.297
Trial 798 finished with value: 0.2971058803309726 and parameters: {'window_influence': 0.5077030547074812, 'penalty_k': 0.21478362511188714, 'scale_lr': 0.3259107841722004}. Best is trial 97 with value: 0.3587390516054769.
checkpoint_e22 window_influence: 0.48847863638598726, penalty_k: 0.15615351284610343, scale_lr: 0.79070492353773592, EAO: 0.309
Trial 799 finished with value: 0.30948740817925346 and parameters: {'window_influence': 0.48847863638598726, 'penalty_k': 0.15615351284610343, 'scale_lr': 0.7907049235377359}. Best is trial 97 with value: 0.3587390516054769.
checkpoint_e22 window_influence: 0.49682792352825600, penalty_k: 0.13369226098673820, scale_lr: 0.34479341081688186, EAO: 0.322
Trial 800 finished with value: 0.3221993478819554 and parameters: {'window_influence': 0.496827923528256, 'penalty_k': 0.1336922609867382, 'scale_lr': 0.34479341081688186}. Best is trial 97 with value: 0.3587390516054769.
checkpoint_e22 window_influence: 0.19972431157616882, penalty_k: 0.37636415362038822, scale_lr: 0.33853777639030941, EAO: 0.259
Trial 801 finished with value: 0.25866852654325356 and parameters: {'window_influence': 0.19972431157616882, 'penalty_k': 0.3763641536203882, 'scale_lr': 0.3385377763903094}. Best is trial 97 with value: 0.3587390516054769.
checkpoint_e22 window_influence: 0.52411759614097109, penalty_k: 0.54415827039883946, scale_lr: 0.31962526021022797, EAO: 0.279
Trial 802 finished with value: 0.27879102284574325 and parameters: {'window_influence': 0.5241175961409711, 'penalty_k': 0.5441582703988395, 'scale_lr': 0.31962526021022797}. Best is trial 97 with value: 0.3587390516054769.
checkpoint_e22 window_influence: 0.47975872481850890, penalty_k: 0.12076409693611399, scale_lr: 0.64455502187383407, EAO: 0.321
Trial 803 finished with value: 0.32135034610557184 and parameters: {'window_influence': 0.4797587248185089, 'penalty_k': 0.120764096936114, 'scale_lr': 0.6445550218738341}. Best is trial 97 with value: 0.3587390516054769.
checkpoint_e22 window_influence: 0.60966399740152988, penalty_k: 0.50233996137630588, scale_lr: 0.35675341297000202, EAO: 0.225
Trial 804 finished with value: 0.22514988580566436 and parameters: {'window_influence': 0.6096639974015299, 'penalty_k': 0.5023399613763059, 'scale_lr': 0.356753412970002}. Best is trial 97 with value: 0.3587390516054769.
checkpoint_e22 window_influence: 0.48241769289913977, penalty_k: 0.11246604127676574, scale_lr: 0.33034925965202344, EAO: 0.315
Trial 805 finished with value: 0.31526533865047335 and parameters: {'window_influence': 0.48241769289913977, 'penalty_k': 0.11246604127676574, 'scale_lr': 0.33034925965202344}. Best is trial 97 with value: 0.3587390516054769.
checkpoint_e22 window_influence: 0.50251032450134736, penalty_k: 0.01042439662346957, scale_lr: 0.37995259888347099, EAO: 0.349
