Trial 238 finished with value: 0.31574668999080063 and parameters: {'window_influence': 0.4260884060411396, 'penalty_k': 0.060098861131859874, 'scale_lr': 0.6124877821230063}. Best is trial 155 with value: 0.35149767206336735.
checkpoint_e13 window_influence: 0.34606868735445379, penalty_k: 0.04741967056738951, scale_lr: 0.62545617595277891, EAO: 0.323
Trial 239 finished with value: 0.3233398081379642 and parameters: {'window_influence': 0.3460686873544538, 'penalty_k': 0.04741967056738951, 'scale_lr': 0.6254561759527789}. Best is trial 155 with value: 0.35149767206336735.
checkpoint_e13 window_influence: 0.40739185128120314, penalty_k: 0.12552814727847114, scale_lr: 0.55390176214643694, EAO: 0.306
Trial 240 finished with value: 0.3058080964283257 and parameters: {'window_influence': 0.40739185128120314, 'penalty_k': 0.12552814727847114, 'scale_lr': 0.5539017621464369}. Best is trial 155 with value: 0.35149767206336735.
checkpoint_e13 window_influence: 0.37302947193733821, penalty_k: 0.04735644935864924, scale_lr: 0.51531446316196960, EAO: 0.301
Trial 241 finished with value: 0.30129851528410784 and parameters: {'window_influence': 0.3730294719373382, 'penalty_k': 0.04735644935864924, 'scale_lr': 0.5153144631619696}. Best is trial 155 with value: 0.35149767206336735.
checkpoint_e13 window_influence: 0.38389663362810367, penalty_k: 0.24894905216984647, scale_lr: 0.48387787802124854, EAO: 0.296
Trial 242 finished with value: 0.2958020415983311 and parameters: {'window_influence': 0.38389663362810367, 'penalty_k': 0.24894905216984647, 'scale_lr': 0.48387787802124854}. Best is trial 155 with value: 0.35149767206336735.
checkpoint_e13 window_influence: 0.39297399220169943, penalty_k: 0.03246759625686500, scale_lr: 0.51198328080471223, EAO: 0.303
Trial 243 finished with value: 0.3025926631596302 and parameters: {'window_influence': 0.39297399220169943, 'penalty_k': 0.032467596256865, 'scale_lr': 0.5119832808047122}. Best is trial 155 with value: 0.35149767206336735.
checkpoint_e13 window_influence: 0.35771631841512380, penalty_k: 0.13922556678646475, scale_lr: 0.49580172408297146, EAO: 0.329
Trial 244 finished with value: 0.3294619964834317 and parameters: {'window_influence': 0.3577163184151238, 'penalty_k': 0.13922556678646475, 'scale_lr': 0.49580172408297146}. Best is trial 155 with value: 0.35149767206336735.
checkpoint_e13 window_influence: 0.35648784086438673, penalty_k: 0.14346928743849557, scale_lr: 0.49786083753641625, EAO: 0.330
Trial 245 finished with value: 0.32960738009747825 and parameters: {'window_influence': 0.35648784086438673, 'penalty_k': 0.14346928743849557, 'scale_lr': 0.49786083753641625}. Best is trial 155 with value: 0.35149767206336735.
checkpoint_e13 window_influence: 0.35752367285131798, penalty_k: 0.13717760676901686, scale_lr: 0.48457363562650124, EAO: 0.316
Trial 246 finished with value: 0.31573376187090746 and parameters: {'window_influence': 0.357523672851318, 'penalty_k': 0.13717760676901686, 'scale_lr': 0.48457363562650124}. Best is trial 155 with value: 0.35149767206336735.
checkpoint_e13 window_influence: 0.35221424146948893, penalty_k: 0.13588204775600202, scale_lr: 0.65228975875879336, EAO: 0.319
Trial 247 finished with value: 0.3187823282257592 and parameters: {'window_influence': 0.35221424146948893, 'penalty_k': 0.13588204775600202, 'scale_lr': 0.6522897587587934}. Best is trial 155 with value: 0.35149767206336735.
checkpoint_e13 window_influence: 0.36761514073724150, penalty_k: 0.14470604269718834, scale_lr: 0.49306259426060711, EAO: 0.319
Trial 248 finished with value: 0.3185561146833553 and parameters: {'window_influence': 0.3676151407372415, 'penalty_k': 0.14470604269718834, 'scale_lr': 0.4930625942606071}. Best is trial 155 with value: 0.35149767206336735.
checkpoint_e13 window_influence: 0.34386050859595091, penalty_k: 0.15300629111623698, scale_lr: 0.46663717801905480, EAO: 0.316
Trial 249 finished with value: 0.3164410870594737 and parameters: {'window_influence': 0.3438605085959509, 'penalty_k': 0.15300629111623698, 'scale_lr': 0.4666371780190548}. Best is trial 155 with value: 0.35149767206336735.
checkpoint_e13 window_influence: 0.33982862656622831, penalty_k: 0.11417068720253153, scale_lr: 0.63173971196759260, EAO: 0.323
Trial 250 finished with value: 0.32302061558233625 and parameters: {'window_influence': 0.3398286265662283, 'penalty_k': 0.11417068720253153, 'scale_lr': 0.6317397119675926}. Best is trial 155 with value: 0.35149767206336735.
checkpoint_e13 window_influence: 0.37286739301272243, penalty_k: 0.11843338052221043, scale_lr: 0.54555158989526187, EAO: 0.312
Trial 251 finished with value: 0.3124488702312054 and parameters: {'window_influence': 0.3728673930127224, 'penalty_k': 0.11843338052221043, 'scale_lr': 0.5455515898952619}. Best is trial 155 with value: 0.35149767206336735.
checkpoint_e13 window_influence: 0.39518326347927374, penalty_k: 0.08071859313917926, scale_lr: 0.60277531750993540, EAO: 0.310
Trial 252 finished with value: 0.3099791386711922 and parameters: {'window_influence': 0.39518326347927374, 'penalty_k': 0.08071859313917926, 'scale_lr': 0.6027753175099354}. Best is trial 155 with value: 0.35149767206336735.
checkpoint_e13 window_influence: 0.35729295006238349, penalty_k: 0.23137499714619708, scale_lr: 0.66696556040140331, EAO: 0.309
Trial 253 finished with value: 0.3093084237802817 and parameters: {'window_influence': 0.3572929500623835, 'penalty_k': 0.23137499714619708, 'scale_lr': 0.6669655604014033}. Best is trial 155 with value: 0.35149767206336735.
checkpoint_e13 window_influence: 0.32370211316265107, penalty_k: 0.06285603725765725, scale_lr: 0.58718951639830985, EAO: 0.305
Trial 254 finished with value: 0.30491805093993474 and parameters: {'window_influence': 0.3237021131626511, 'penalty_k': 0.06285603725765725, 'scale_lr': 0.5871895163983099}. Best is trial 155 with value: 0.35149767206336735.
checkpoint_e13 window_influence: 0.38278657654518938, penalty_k: 0.20111617881904814, scale_lr: 0.63912574984729842, EAO: 0.299
Trial 255 finished with value: 0.29940371400883226 and parameters: {'window_influence': 0.3827865765451894, 'penalty_k': 0.20111617881904814, 'scale_lr': 0.6391257498472984}. Best is trial 155 with value: 0.35149767206336735.
checkpoint_e13 window_influence: 0.41023192398011321, penalty_k: 0.37808100250019050, scale_lr: 0.61530917014299868, EAO: 0.300
Trial 256 finished with value: 0.300430270716374 and parameters: {'window_influence': 0.4102319239801132, 'penalty_k': 0.3780810025001905, 'scale_lr': 0.6153091701429987}. Best is trial 155 with value: 0.35149767206336735.
checkpoint_e13 window_influence: 0.36969573928125526, penalty_k: 0.15554593213660256, scale_lr: 0.52815616351796857, EAO: 0.304
Trial 257 finished with value: 0.30425211648069 and parameters: {'window_influence': 0.36969573928125526, 'penalty_k': 0.15554593213660256, 'scale_lr': 0.5281561635179686}. Best is trial 155 with value: 0.35149767206336735.
checkpoint_e13 window_influence: 0.39980104751212264, penalty_k: 0.13049387948031974, scale_lr: 0.65304973343810524, EAO: 0.312
Trial 258 finished with value: 0.31161692193510004 and parameters: {'window_influence': 0.39980104751212264, 'penalty_k': 0.13049387948031974, 'scale_lr': 0.6530497334381052}. Best is trial 155 with value: 0.35149767206336735.
checkpoint_e13 window_influence: 0.42084552556221971, penalty_k: 0.10272407712925065, scale_lr: 0.62710818606195617, EAO: 0.301
Trial 259 finished with value: 0.30085908067829414 and parameters: {'window_influence': 0.4208455255622197, 'penalty_k': 0.10272407712925065, 'scale_lr': 0.6271081860619562}. Best is trial 155 with value: 0.35149767206336735.
checkpoint_e13 window_influence: 0.44144010570070263, penalty_k: 0.59891501926013668, scale_lr: 0.56910730916128416, EAO: 0.305
Trial 260 finished with value: 0.30538547427505836 and parameters: {'window_influence': 0.44144010570070263, 'penalty_k': 0.5989150192601367, 'scale_lr': 0.5691073091612842}. Best is trial 155 with value: 0.35149767206336735.
checkpoint_e13 window_influence: 0.33148308814615357, penalty_k: 0.07384240596850908, scale_lr: 0.67808720938663980, EAO: 0.302
Trial 261 finished with value: 0.3015150380853549 and parameters: {'window_influence': 0.33148308814615357, 'penalty_k': 0.07384240596850908, 'scale_lr': 0.6780872093866398}. Best is trial 155 with value: 0.35149767206336735.
checkpoint_e13 window_influence: 0.63594068231279577, penalty_k: 0.14457896019450139, scale_lr: 0.44177473684673996, EAO: 0.252
Trial 262 finished with value: 0.2520340560475212 and parameters: {'window_influence': 0.6359406823127958, 'penalty_k': 0.1445789601945014, 'scale_lr': 0.44177473684673996}. Best is trial 155 with value: 0.35149767206336735.
checkpoint_e13 window_influence: 0.38292563694018011, penalty_k: 0.05856848095709687, scale_lr: 0.50190602723793443, EAO: 0.314
Trial 263 finished with value: 0.31364146849060803 and parameters: {'window_influence': 0.3829256369401801, 'penalty_k': 0.05856848095709687, 'scale_lr': 0.5019060272379344}. Best is trial 155 with value: 0.35149767206336735.
checkpoint_e13 window_influence: 0.18698938906755425, penalty_k: 0.29157715704294773, scale_lr: 0.47822003064733465, EAO: 0.296
Trial 264 finished with value: 0.29582613625415105 and parameters: {'window_influence': 0.18698938906755425, 'penalty_k': 0.29157715704294773, 'scale_lr': 0.47822003064733465}. Best is trial 155 with value: 0.35149767206336735.
checkpoint_e13 window_influence: 0.35944520771886512, penalty_k: 0.08375074600815692, scale_lr: 0.60469685460808309, EAO: 0.311
Trial 265 finished with value: 0.3107845633642219 and parameters: {'window_influence': 0.3594452077188651, 'penalty_k': 0.08375074600815692, 'scale_lr': 0.6046968546080831}. Best is trial 155 with value: 0.35149767206336735.
checkpoint_e13 window_influence: 0.39179915912684271, penalty_k: 0.12270589615295956, scale_lr: 0.64298266897810630, EAO: 0.311
Trial 266 finished with value: 0.3114319368327174 and parameters: {'window_influence': 0.3917991591268427, 'penalty_k': 0.12270589615295956, 'scale_lr': 0.6429826689781063}. Best is trial 155 with value: 0.35149767206336735.
checkpoint_e13 window_influence: 0.40894029317143493, penalty_k: 0.02522550850459759, scale_lr: 0.54435958786644700, EAO: 0.324
Trial 267 finished with value: 0.32426824986006964 and parameters: {'window_influence': 0.40894029317143493, 'penalty_k': 0.02522550850459759, 'scale_lr': 0.544359587866447}. Best is trial 155 with value: 0.35149767206336735.
Trial 268 failed with parameters: {'window_influence': 0.37947312961670576, 'penalty_k': 0.06828020755078923, 'scale_lr': 0.6226473123201263} because of the following error: RuntimeError('CUDA error: the launch timed out and was terminated\nCUDA kernel errors might be asynchronously reported at some other API call,so the stacktrace below might be incorrect.\nFor debugging consider passing CUDA_LAUNCH_BLOCKING=1.').
Traceback (most recent call last):
  File "/home/n26092289/anaconda3/envs/my_siamban/lib/python3.7/site-packages/optuna/study/_optimize.py", line 200, in _run_trial
    value_or_values = func(trial)
  File "../../tools/tune.py", line 269, in objective
    outputs = tracker.track(img)
  File "../../tools/tune.py", line 127, in track
    score = self._convert_score(outputs['cls'])
  File "../../tools/tune.py", line 75, in _convert_score
    score = score.softmax(1).detach()[:, 1].cpu().numpy()
RuntimeError: CUDA error: the launch timed out and was terminated
CUDA kernel errors might be asynchronously reported at some other API call,so the stacktrace below might be incorrect.
For debugging consider passing CUDA_LAUNCH_BLOCKING=1.
Trial 268 failed with value None.
