Trial 1622 finished with value: 0.3210187047603993 and parameters: {'window_influence': 0.4889753763279443, 'penalty_k': 0.5892678374521606, 'scale_lr': 0.5006174806818086}. Best is trial 1044 with value: 0.36650777071830365.
checkpoint_e29 window_influence: 0.52358322717509564, penalty_k: 0.45617315089659749, scale_lr: 0.73166395576178955, EAO: 0.275
Trial 1623 finished with value: 0.274622837277238 and parameters: {'window_influence': 0.5235832271750956, 'penalty_k': 0.4561731508965975, 'scale_lr': 0.7316639557617896}. Best is trial 1044 with value: 0.36650777071830365.
checkpoint_e29 window_influence: 0.39108580553983630, penalty_k: 0.29052470941347946, scale_lr: 0.18153926603293222, EAO: 0.325
Trial 1624 finished with value: 0.32508559223510874 and parameters: {'window_influence': 0.3910858055398363, 'penalty_k': 0.29052470941347946, 'scale_lr': 0.18153926603293222}. Best is trial 1044 with value: 0.36650777071830365.
checkpoint_e29 window_influence: 0.54652768116579020, penalty_k: 0.10315594012660199, scale_lr: 0.22351250315321486, EAO: 0.316
Trial 1625 finished with value: 0.315990376217356 and parameters: {'window_influence': 0.5465276811657902, 'penalty_k': 0.103155940126602, 'scale_lr': 0.22351250315321486}. Best is trial 1044 with value: 0.36650777071830365.
checkpoint_e29 window_influence: 0.41246042925250603, penalty_k: 0.13412036763525290, scale_lr: 0.15662225557039403, EAO: 0.340
Trial 1626 finished with value: 0.3403136337081746 and parameters: {'window_influence': 0.41246042925250603, 'penalty_k': 0.1341203676352529, 'scale_lr': 0.15662225557039403}. Best is trial 1044 with value: 0.36650777071830365.
checkpoint_e29 window_influence: 0.50506996691117290, penalty_k: 0.38219584636285703, scale_lr: 0.36840864127646533, EAO: 0.321
Trial 1627 finished with value: 0.3205482096407664 and parameters: {'window_influence': 0.5050699669111729, 'penalty_k': 0.38219584636285703, 'scale_lr': 0.36840864127646533}. Best is trial 1044 with value: 0.36650777071830365.
checkpoint_e29 window_influence: 0.48104210112432083, penalty_k: 0.40135016827760578, scale_lr: 0.31315068923453054, EAO: 0.338
Trial 1628 finished with value: 0.3383198991591828 and parameters: {'window_influence': 0.48104210112432083, 'penalty_k': 0.4013501682776058, 'scale_lr': 0.31315068923453054}. Best is trial 1044 with value: 0.36650777071830365.
checkpoint_e29 window_influence: 0.62600734766021437, penalty_k: 0.16576919443950142, scale_lr: 0.63517604488221158, EAO: 0.248
Trial 1629 finished with value: 0.2476860528906032 and parameters: {'window_influence': 0.6260073476602144, 'penalty_k': 0.16576919443950142, 'scale_lr': 0.6351760448822116}. Best is trial 1044 with value: 0.36650777071830365.
checkpoint_e29 window_influence: 0.21214432136908790, penalty_k: 0.48118769672312212, scale_lr: 0.39432030556014019, EAO: 0.289
Trial 1630 finished with value: 0.28870577698551725 and parameters: {'window_influence': 0.2121443213690879, 'penalty_k': 0.4811876967231221, 'scale_lr': 0.3943203055601402}. Best is trial 1044 with value: 0.36650777071830365.
checkpoint_e29 window_influence: 0.44103251834883911, penalty_k: 0.11927611691597576, scale_lr: 0.32641053518680829, EAO: 0.332
Trial 1631 finished with value: 0.3316074202728643 and parameters: {'window_influence': 0.4410325183488391, 'penalty_k': 0.11927611691597576, 'scale_lr': 0.3264105351868083}. Best is trial 1044 with value: 0.36650777071830365.
checkpoint_e29 window_influence: 0.27642957075759284, penalty_k: 0.04690552713637047, scale_lr: 0.67619925927575120, EAO: 0.310
Trial 1632 finished with value: 0.31001056997460613 and parameters: {'window_influence': 0.27642957075759284, 'penalty_k': 0.046905527136370466, 'scale_lr': 0.6761992592757512}. Best is trial 1044 with value: 0.36650777071830365.
checkpoint_e29 window_influence: 0.46772212030691984, penalty_k: 0.14424656157101939, scale_lr: 0.74383618035792465, EAO: 0.348
Trial 1633 finished with value: 0.3480064270561307 and parameters: {'window_influence': 0.46772212030691984, 'penalty_k': 0.1442465615710194, 'scale_lr': 0.7438361803579246}. Best is trial 1044 with value: 0.36650777071830365.
checkpoint_e29 window_influence: 0.51343401207243311, penalty_k: 0.26708203849014633, scale_lr: 0.11344810622836016, EAO: 0.316
Trial 1634 finished with value: 0.3156557994014094 and parameters: {'window_influence': 0.5134340120724331, 'penalty_k': 0.26708203849014633, 'scale_lr': 0.11344810622836016}. Best is trial 1044 with value: 0.36650777071830365.
checkpoint_e29 window_influence: 0.49488384921704254, penalty_k: 0.07800205111515368, scale_lr: 0.59604492925055208, EAO: 0.333
Trial 1635 finished with value: 0.3333156813907252 and parameters: {'window_influence': 0.49488384921704254, 'penalty_k': 0.07800205111515368, 'scale_lr': 0.5960449292505521}. Best is trial 1044 with value: 0.36650777071830365.
checkpoint_e29 window_influence: 0.59139806523353555, penalty_k: 0.06403504719940310, scale_lr: 0.71150392084650615, EAO: 0.264
Trial 1636 finished with value: 0.26353062387802256 and parameters: {'window_influence': 0.5913980652335356, 'penalty_k': 0.0640350471994031, 'scale_lr': 0.7115039208465062}. Best is trial 1044 with value: 0.36650777071830365.
checkpoint_e29 window_influence: 0.36468454778727283, penalty_k: 0.30041873836963118, scale_lr: 0.24907342744790315, EAO: 0.318
Trial 1637 finished with value: 0.3175533616241314 and parameters: {'window_influence': 0.36468454778727283, 'penalty_k': 0.3004187383696312, 'scale_lr': 0.24907342744790315}. Best is trial 1044 with value: 0.36650777071830365.
checkpoint_e29 window_influence: 0.42286154753029759, penalty_k: 0.41625480008853832, scale_lr: 0.20771130194621767, EAO: 0.341
Trial 1638 finished with value: 0.34125443365323405 and parameters: {'window_influence': 0.4228615475302976, 'penalty_k': 0.4162548000885383, 'scale_lr': 0.20771130194621767}. Best is trial 1044 with value: 0.36650777071830365.
checkpoint_e29 window_influence: 0.05040119809435745, penalty_k: 0.15410480941502022, scale_lr: 0.17520580412960801, EAO: 0.239
Trial 1639 finished with value: 0.23904644492071425 and parameters: {'window_influence': 0.05040119809435745, 'penalty_k': 0.15410480941502022, 'scale_lr': 0.175205804129608}. Best is trial 1044 with value: 0.36650777071830365.
checkpoint_e29 window_influence: 0.53192255040460290, penalty_k: 0.13112449662505554, scale_lr: 0.57809035346677018, EAO: 0.323
Trial 1640 finished with value: 0.3229934868297688 and parameters: {'window_influence': 0.5319225504046029, 'penalty_k': 0.13112449662505554, 'scale_lr': 0.5780903534667702}. Best is trial 1044 with value: 0.36650777071830365.
checkpoint_e29 window_influence: 0.45419754757849051, penalty_k: 0.20314243553379999, scale_lr: 0.14554711263777192, EAO: 0.329
Trial 1641 finished with value: 0.32883564901723006 and parameters: {'window_influence': 0.4541975475784905, 'penalty_k': 0.2031424355338, 'scale_lr': 0.14554711263777192}. Best is trial 1044 with value: 0.36650777071830365.
checkpoint_e29 window_influence: 0.37738507995042386, penalty_k: 0.17440887357277257, scale_lr: 0.61480841579895640, EAO: 0.321
Trial 1642 finished with value: 0.3208061102995149 and parameters: {'window_influence': 0.37738507995042386, 'penalty_k': 0.17440887357277257, 'scale_lr': 0.6148084157989564}. Best is trial 1044 with value: 0.36650777071830365.
checkpoint_e29 window_influence: 0.18728810415137176, penalty_k: 0.09343230854133534, scale_lr: 0.66205605286848557, EAO: 0.283
Trial 1643 finished with value: 0.2831732431854255 and parameters: {'window_influence': 0.18728810415137176, 'penalty_k': 0.09343230854133534, 'scale_lr': 0.6620560528684856}. Best is trial 1044 with value: 0.36650777071830365.
checkpoint_e29 window_influence: 0.26326169687282397, penalty_k: 0.27694854655181411, scale_lr: 0.29324699302058704, EAO: 0.284
Trial 1644 finished with value: 0.28425467281026134 and parameters: {'window_influence': 0.26326169687282397, 'penalty_k': 0.2769485465518141, 'scale_lr': 0.29324699302058704}. Best is trial 1044 with value: 0.36650777071830365.
checkpoint_e29 window_influence: 0.40204272625317278, penalty_k: 0.23112224784152252, scale_lr: 0.37864002951470876, EAO: 0.301
Trial 1645 finished with value: 0.3014218961450376 and parameters: {'window_influence': 0.4020427262531728, 'penalty_k': 0.23112224784152252, 'scale_lr': 0.37864002951470876}. Best is trial 1044 with value: 0.36650777071830365.
checkpoint_e29 window_influence: 0.20316060543016715, penalty_k: 0.44218739919524247, scale_lr: 0.53051646490746773, EAO: 0.275
Trial 1646 finished with value: 0.2745152603443495 and parameters: {'window_influence': 0.20316060543016715, 'penalty_k': 0.44218739919524247, 'scale_lr': 0.5305164649074677}. Best is trial 1044 with value: 0.36650777071830365.
checkpoint_e29 window_influence: 0.64763435699121463, penalty_k: 0.40474356420799384, scale_lr: 0.12883510065780351, EAO: 0.225
Trial 1647 finished with value: 0.22458849597997702 and parameters: {'window_influence': 0.6476343569912146, 'penalty_k': 0.40474356420799384, 'scale_lr': 0.12883510065780351}. Best is trial 1044 with value: 0.36650777071830365.
checkpoint_e29 window_influence: 0.48621047062003742, penalty_k: 0.48790616077824883, scale_lr: 0.77005969217773029, EAO: 0.308
Trial 1648 finished with value: 0.30751171047121634 and parameters: {'window_influence': 0.4862104706200374, 'penalty_k': 0.48790616077824883, 'scale_lr': 0.7700596921777303}. Best is trial 1044 with value: 0.36650777071830365.
checkpoint_e29 window_influence: 0.33113240002576488, penalty_k: 0.36549588449170778, scale_lr: 0.16614768144542941, EAO: 0.314
Trial 1649 finished with value: 0.3141348930764291 and parameters: {'window_influence': 0.3311324000257649, 'penalty_k': 0.3654958844917078, 'scale_lr': 0.1661476814454294}. Best is trial 1044 with value: 0.36650777071830365.
checkpoint_e29 window_influence: 0.46593570615873459, penalty_k: 0.11468688329274168, scale_lr: 0.19935399205408494, EAO: 0.350
Trial 1650 finished with value: 0.35026303084443977 and parameters: {'window_influence': 0.4659357061587346, 'penalty_k': 0.11468688329274168, 'scale_lr': 0.19935399205408494}. Best is trial 1044 with value: 0.36650777071830365.
checkpoint_e29 window_influence: 0.28867469115788563, penalty_k: 0.05248256300014426, scale_lr: 0.18367355918218312, EAO: 0.301
Trial 1651 finished with value: 0.3007261143700158 and parameters: {'window_influence': 0.28867469115788563, 'penalty_k': 0.05248256300014426, 'scale_lr': 0.18367355918218312}. Best is trial 1044 with value: 0.36650777071830365.
checkpoint_e29 window_influence: 0.49997683298876655, penalty_k: 0.15887151051270615, scale_lr: 0.24199927961527024, EAO: 0.330
Trial 1652 finished with value: 0.32973843418670534 and parameters: {'window_influence': 0.49997683298876655, 'penalty_k': 0.15887151051270615, 'scale_lr': 0.24199927961527024}. Best is trial 1044 with value: 0.36650777071830365.
checkpoint_e29 window_influence: 0.06841352850004545, penalty_k: 0.38564403390630264, scale_lr: 0.21621741757078219, EAO: 0.236
Trial 1653 finished with value: 0.2359331882765321 and parameters: {'window_influence': 0.06841352850004545, 'penalty_k': 0.38564403390630264, 'scale_lr': 0.2162174175707822}. Best is trial 1044 with value: 0.36650777071830365.
checkpoint_e29 window_influence: 0.47797402029027786, penalty_k: 0.58769857969130579, scale_lr: 0.60492784794562426, EAO: 0.320
Trial 1654 finished with value: 0.3200908282387581 and parameters: {'window_influence': 0.47797402029027786, 'penalty_k': 0.5876985796913058, 'scale_lr': 0.6049278479456243}. Best is trial 1044 with value: 0.36650777071830365.
checkpoint_e29 window_influence: 0.51302472124006260, penalty_k: 0.46438966572162688, scale_lr: 0.45455156841506011, EAO: 0.311
Trial 1655 finished with value: 0.31051289948276045 and parameters: {'window_influence': 0.5130247212400626, 'penalty_k': 0.4643896657216269, 'scale_lr': 0.4545515684150601}. Best is trial 1044 with value: 0.36650777071830365.
checkpoint_e29 window_influence: 0.44725619939793393, penalty_k: 0.06931856629656290, scale_lr: 0.54787276923840034, EAO: 0.331
Trial 1656 finished with value: 0.33092119222948985 and parameters: {'window_influence': 0.44725619939793393, 'penalty_k': 0.0693185662965629, 'scale_lr': 0.5478727692384003}. Best is trial 1044 with value: 0.36650777071830365.
checkpoint_e29 window_influence: 0.60317568806124644, penalty_k: 0.30752286186437622, scale_lr: 0.64366788442292489, EAO: 0.246
Trial 1657 finished with value: 0.24631519627246412 and parameters: {'window_influence': 0.6031756880612464, 'penalty_k': 0.3075228618643762, 'scale_lr': 0.6436678844229249}. Best is trial 1044 with value: 0.36650777071830365.
checkpoint_e29 window_influence: 0.38617134772371581, penalty_k: 0.13880956724998908, scale_lr: 0.68777672064700257, EAO: 0.315
Trial 1658 finished with value: 0.31523328978959686 and parameters: {'window_influence': 0.3861713477237158, 'penalty_k': 0.13880956724998908, 'scale_lr': 0.6877767206470026}. Best is trial 1044 with value: 0.36650777071830365.
checkpoint_e29 window_influence: 0.27842586155836008, penalty_k: 0.42760717425672190, scale_lr: 0.75655637507313922, EAO: 0.301
Trial 1659 finished with value: 0.3014822037535419 and parameters: {'window_influence': 0.2784258615583601, 'penalty_k': 0.4276071742567219, 'scale_lr': 0.7565563750731392}. Best is trial 1044 with value: 0.36650777071830365.
checkpoint_e29 window_influence: 0.22110641448315613, penalty_k: 0.12472812283571502, scale_lr: 0.47099836941883122, EAO: 0.288
Trial 1660 finished with value: 0.287678215986096 and parameters: {'window_influence': 0.22110641448315613, 'penalty_k': 0.12472812283571502, 'scale_lr': 0.4709983694188312}. Best is trial 1044 with value: 0.36650777071830365.
checkpoint_e29 window_influence: 0.49285579280827357, penalty_k: 0.04136760884723906, scale_lr: 0.15640612586872443, EAO: 0.348
Trial 1661 finished with value: 0.34784034196040975 and parameters: {'window_influence': 0.4928557928082736, 'penalty_k': 0.04136760884723906, 'scale_lr': 0.15640612586872443}. Best is trial 1044 with value: 0.36650777071830365.
checkpoint_e29 window_influence: 0.45840885327327696, penalty_k: 0.18461342151693327, scale_lr: 0.14017492253381419, EAO: 0.327
Trial 1662 finished with value: 0.326717639247731 and parameters: {'window_influence': 0.45840885327327696, 'penalty_k': 0.18461342151693327, 'scale_lr': 0.1401749225338142}. Best is trial 1044 with value: 0.36650777071830365.
checkpoint_e29 window_influence: 0.47545945101102521, penalty_k: 0.56105955977367361, scale_lr: 0.62036656102594701, EAO: 0.314
Trial 1663 finished with value: 0.31442153610376067 and parameters: {'window_influence': 0.4754594510110252, 'penalty_k': 0.5610595597736736, 'scale_lr': 0.620366561025947}. Best is trial 1044 with value: 0.36650777071830365.
checkpoint_e29 window_influence: 0.35675992349709262, penalty_k: 0.10699838766708694, scale_lr: 0.49553621317077245, EAO: 0.339
Trial 1664 finished with value: 0.3390108248371095 and parameters: {'window_influence': 0.3567599234970926, 'penalty_k': 0.10699838766708694, 'scale_lr': 0.49553621317077245}. Best is trial 1044 with value: 0.36650777071830365.
checkpoint_e29 window_influence: 0.50337493961550550, penalty_k: 0.23881147090894408, scale_lr: 0.28123626842357702, EAO: 0.320
Trial 1665 finished with value: 0.320154585726994 and parameters: {'window_influence': 0.5033749396155055, 'penalty_k': 0.23881147090894408, 'scale_lr': 0.281236268423577}. Best is trial 1044 with value: 0.36650777071830365.
checkpoint_e29 window_influence: 0.64145577645249396, penalty_k: 0.54027075129766489, scale_lr: 0.19352888559346260, EAO: 0.230
Trial 1666 finished with value: 0.22987009550115015 and parameters: {'window_influence': 0.641455776452494, 'penalty_k': 0.5402707512976649, 'scale_lr': 0.1935288855934626}. Best is trial 1044 with value: 0.36650777071830365.
checkpoint_e29 window_influence: 0.48756857673650367, penalty_k: 0.32465466600587212, scale_lr: 0.78009799924226719, EAO: 0.325
Trial 1667 finished with value: 0.3252399656559243 and parameters: {'window_influence': 0.48756857673650367, 'penalty_k': 0.3246546660058721, 'scale_lr': 0.7800979992422672}. Best is trial 1044 with value: 0.36650777071830365.
checkpoint_e29 window_influence: 0.43291220316072088, penalty_k: 0.14907111755706720, scale_lr: 0.79947032270365859, EAO: 0.319
Trial 1668 finished with value: 0.3188351312152143 and parameters: {'window_influence': 0.4329122031607209, 'penalty_k': 0.1490711175570672, 'scale_lr': 0.7994703227036586}. Best is trial 1044 with value: 0.36650777071830365.
checkpoint_e29 window_influence: 0.52005952310626014, penalty_k: 0.35664888531601374, scale_lr: 0.17186107123710903, EAO: 0.305
Trial 1669 finished with value: 0.30543171611509434 and parameters: {'window_influence': 0.5200595231062601, 'penalty_k': 0.35664888531601374, 'scale_lr': 0.17186107123710903}. Best is trial 1044 with value: 0.36650777071830365.
checkpoint_e29 window_influence: 0.40850594306684745, penalty_k: 0.20916818342561910, scale_lr: 0.26895983986762673, EAO: 0.309
Trial 1670 finished with value: 0.3088800403858437 and parameters: {'window_influence': 0.40850594306684745, 'penalty_k': 0.2091681834256191, 'scale_lr': 0.2689598398676267}. Best is trial 1044 with value: 0.36650777071830365.
checkpoint_e29 window_influence: 0.34256987144852458, penalty_k: 0.16715776924544365, scale_lr: 0.59177036153676466, EAO: 0.334
Trial 1671 finished with value: 0.3339576622623414 and parameters: {'window_influence': 0.3425698714485246, 'penalty_k': 0.16715776924544365, 'scale_lr': 0.5917703615367647}. Best is trial 1044 with value: 0.36650777071830365.
checkpoint_e29 window_influence: 0.57698137617687340, penalty_k: 0.37670225693241099, scale_lr: 0.73154261435295365, EAO: 0.252
Trial 1672 finished with value: 0.25240081096437655 and parameters: {'window_influence': 0.5769813761768734, 'penalty_k': 0.376702256932411, 'scale_lr': 0.7315426143529536}. Best is trial 1044 with value: 0.36650777071830365.
checkpoint_e29 window_influence: 0.46520697170319225, penalty_k: 0.41156421298963997, scale_lr: 0.69628615735205013, EAO: 0.344
Trial 1673 finished with value: 0.34393880698931356 and parameters: {'window_influence': 0.46520697170319225, 'penalty_k': 0.41156421298963997, 'scale_lr': 0.6962861573520501}. Best is trial 1044 with value: 0.36650777071830365.
checkpoint_e29 window_influence: 0.38868681675299266, penalty_k: 0.28572493286790218, scale_lr: 0.63231670989798505, EAO: 0.313
Trial 1674 finished with value: 0.3130239034905044 and parameters: {'window_influence': 0.38868681675299266, 'penalty_k': 0.2857249328679022, 'scale_lr': 0.632316709897985}. Best is trial 1044 with value: 0.36650777071830365.
checkpoint_e29 window_influence: 0.47870473421029247, penalty_k: 0.39427106118342664, scale_lr: 0.72056905577499486, EAO: 0.314
Trial 1675 finished with value: 0.31372015526090613 and parameters: {'window_influence': 0.47870473421029247, 'penalty_k': 0.39427106118342664, 'scale_lr': 0.7205690557749949}. Best is trial 1044 with value: 0.36650777071830365.
checkpoint_e29 window_influence: 0.16984348429822091, penalty_k: 0.07848374966253795, scale_lr: 0.15784062463143717, EAO: 0.297
Trial 1676 finished with value: 0.29655654525478525 and parameters: {'window_influence': 0.1698434842982209, 'penalty_k': 0.07848374966253795, 'scale_lr': 0.15784062463143717}. Best is trial 1044 with value: 0.36650777071830365.
checkpoint_e29 window_influence: 0.53456087398691943, penalty_k: 0.15784542215349284, scale_lr: 0.42726186553354839, EAO: 0.324
Trial 1677 finished with value: 0.3239653191677791 and parameters: {'window_influence': 0.5345608739869194, 'penalty_k': 0.15784542215349284, 'scale_lr': 0.4272618655335484}. Best is trial 1044 with value: 0.36650777071830365.
checkpoint_e29 window_influence: 0.37021382316058926, penalty_k: 0.05802523814709506, scale_lr: 0.55856178181926819, EAO: 0.319
Trial 1678 finished with value: 0.3187383140803311 and parameters: {'window_influence': 0.37021382316058926, 'penalty_k': 0.05802523814709506, 'scale_lr': 0.5585617818192682}. Best is trial 1044 with value: 0.36650777071830365.
checkpoint_e29 window_influence: 0.24004772183864137, penalty_k: 0.14032555425314966, scale_lr: 0.44116040536243928, EAO: 0.300
Trial 1679 finished with value: 0.3003693607414743 and parameters: {'window_influence': 0.24004772183864137, 'penalty_k': 0.14032555425314966, 'scale_lr': 0.4411604053624393}. Best is trial 1044 with value: 0.36650777071830365.
checkpoint_e29 window_influence: 0.49800369716067272, penalty_k: 0.09454056766366496, scale_lr: 0.34616633429335775, EAO: 0.344
Trial 1680 finished with value: 0.34368013651454493 and parameters: {'window_influence': 0.4980036971606727, 'penalty_k': 0.09454056766366496, 'scale_lr': 0.34616633429335775}. Best is trial 1044 with value: 0.36650777071830365.
checkpoint_e29 window_influence: 0.08193824957873730, penalty_k: 0.03685456329172225, scale_lr: 0.22724990893784811, EAO: 0.250
Trial 1681 finished with value: 0.25045302539252123 and parameters: {'window_influence': 0.0819382495787373, 'penalty_k': 0.03685456329172225, 'scale_lr': 0.2272499089378481}. Best is trial 1044 with value: 0.36650777071830365.
checkpoint_e29 window_influence: 0.42181093855793650, penalty_k: 0.19424863787909416, scale_lr: 0.13105321614998633, EAO: 0.350
Trial 1682 finished with value: 0.35042043523101957 and parameters: {'window_influence': 0.4218109385579365, 'penalty_k': 0.19424863787909416, 'scale_lr': 0.13105321614998633}. Best is trial 1044 with value: 0.36650777071830365.
checkpoint_e29 window_influence: 0.39816954612421152, penalty_k: 0.12797886817953688, scale_lr: 0.65137288477689959, EAO: 0.326
