Trial 430 finished with value: 0.3456608273871678 and parameters: {'window_influence': 0.4186720933921036, 'penalty_k': 0.2847276578501876, 'scale_lr': 0.17751265820589074}. Best is trial 189 with value: 0.3657155072874596.
checkpoint_e33 window_influence: 0.19019660781788125, penalty_k: 0.14907174982662727, scale_lr: 0.25546853079210113, EAO: 0.284
Trial 431 finished with value: 0.28422540397263685 and parameters: {'window_influence': 0.19019660781788125, 'penalty_k': 0.14907174982662727, 'scale_lr': 0.25546853079210113}. Best is trial 189 with value: 0.3657155072874596.
checkpoint_e33 window_influence: 0.49621332019891062, penalty_k: 0.07895089923389692, scale_lr: 0.36001783180497721, EAO: 0.336
Trial 432 finished with value: 0.3359047017904571 and parameters: {'window_influence': 0.4962133201989106, 'penalty_k': 0.07895089923389692, 'scale_lr': 0.3600178318049772}. Best is trial 189 with value: 0.3657155072874596.
checkpoint_e33 window_influence: 0.44699988979029515, penalty_k: 0.10278797170610629, scale_lr: 0.24826286940955927, EAO: 0.327
Trial 433 finished with value: 0.3270200820284595 and parameters: {'window_influence': 0.44699988979029515, 'penalty_k': 0.10278797170610629, 'scale_lr': 0.24826286940955927}. Best is trial 189 with value: 0.3657155072874596.
checkpoint_e33 window_influence: 0.46379065314173534, penalty_k: 0.20758823688459405, scale_lr: 0.19985315157179234, EAO: 0.354
Trial 434 finished with value: 0.3540642317167052 and parameters: {'window_influence': 0.46379065314173534, 'penalty_k': 0.20758823688459405, 'scale_lr': 0.19985315157179234}. Best is trial 189 with value: 0.3657155072874596.
checkpoint_e33 window_influence: 0.56376984073240133, penalty_k: 0.32726618794026952, scale_lr: 0.21851550373761747, EAO: 0.298
Trial 435 finished with value: 0.29844703522405736 and parameters: {'window_influence': 0.5637698407324013, 'penalty_k': 0.3272661879402695, 'scale_lr': 0.21851550373761747}. Best is trial 189 with value: 0.3657155072874596.
checkpoint_e33 window_influence: 0.54247437180724833, penalty_k: 0.11802265242984555, scale_lr: 0.48190437303991218, EAO: 0.300
Trial 436 finished with value: 0.299934110636841 and parameters: {'window_influence': 0.5424743718072483, 'penalty_k': 0.11802265242984555, 'scale_lr': 0.4819043730399122}. Best is trial 189 with value: 0.3657155072874596.
checkpoint_e33 window_influence: 0.47611064855819013, penalty_k: 0.05976058336674326, scale_lr: 0.22734401392613590, EAO: 0.347
Trial 437 finished with value: 0.3470860451807772 and parameters: {'window_influence': 0.47611064855819013, 'penalty_k': 0.05976058336674326, 'scale_lr': 0.2273440139261359}. Best is trial 189 with value: 0.3657155072874596.
checkpoint_e33 window_influence: 0.50379860990465175, penalty_k: 0.08828815654637019, scale_lr: 0.49165940193678903, EAO: 0.334
Trial 438 finished with value: 0.333944660912228 and parameters: {'window_influence': 0.5037986099046518, 'penalty_k': 0.08828815654637019, 'scale_lr': 0.49165940193678903}. Best is trial 189 with value: 0.3657155072874596.
checkpoint_e33 window_influence: 0.43496586997773568, penalty_k: 0.15861510837503606, scale_lr: 0.51173362749415230, EAO: 0.348
Trial 439 finished with value: 0.3482125415412369 and parameters: {'window_influence': 0.4349658699777357, 'penalty_k': 0.15861510837503606, 'scale_lr': 0.5117336274941523}. Best is trial 189 with value: 0.3657155072874596.
checkpoint_e33 window_influence: 0.14155721040839223, penalty_k: 0.46366383992633292, scale_lr: 0.41527672966572493, EAO: 0.250
Trial 440 finished with value: 0.2502363593777794 and parameters: {'window_influence': 0.14155721040839223, 'penalty_k': 0.4636638399263329, 'scale_lr': 0.41527672966572493}. Best is trial 189 with value: 0.3657155072874596.
checkpoint_e33 window_influence: 0.52061542355809187, penalty_k: 0.22015681391960526, scale_lr: 0.41181812214314117, EAO: 0.312
Trial 441 finished with value: 0.31210479250445905 and parameters: {'window_influence': 0.5206154235580919, 'penalty_k': 0.22015681391960526, 'scale_lr': 0.4118181221431412}. Best is trial 189 with value: 0.3657155072874596.
checkpoint_e33 window_influence: 0.48785377578101785, penalty_k: 0.58857694574476704, scale_lr: 0.53722456065921564, EAO: 0.278
Trial 442 finished with value: 0.2782047481388433 and parameters: {'window_influence': 0.48785377578101785, 'penalty_k': 0.588576945744767, 'scale_lr': 0.5372245606592156}. Best is trial 189 with value: 0.3657155072874596.
checkpoint_e33 window_influence: 0.63534359579631683, penalty_k: 0.00717913831371586, scale_lr: 0.29021644640400290, EAO: 0.254
Trial 443 finished with value: 0.25425961288960525 and parameters: {'window_influence': 0.6353435957963168, 'penalty_k': 0.00717913831371586, 'scale_lr': 0.2902164464040029}. Best is trial 189 with value: 0.3657155072874596.
checkpoint_e33 window_influence: 0.45843397690916782, penalty_k: 0.19643989776502960, scale_lr: 0.39031025832232397, EAO: 0.337
Trial 444 finished with value: 0.3365103774033632 and parameters: {'window_influence': 0.4584339769091678, 'penalty_k': 0.1964398977650296, 'scale_lr': 0.39031025832232397}. Best is trial 189 with value: 0.3657155072874596.
checkpoint_e33 window_influence: 0.50822300005192111, penalty_k: 0.07977547411244977, scale_lr: 0.24688367412360651, EAO: 0.341
Trial 445 finished with value: 0.34089248224455093 and parameters: {'window_influence': 0.5082230000519211, 'penalty_k': 0.07977547411244977, 'scale_lr': 0.2468836741236065}. Best is trial 189 with value: 0.3657155072874596.
checkpoint_e33 window_influence: 0.47646748660521493, penalty_k: 0.17187897485576567, scale_lr: 0.18299660492496461, EAO: 0.332
Trial 446 finished with value: 0.3315227572672098 and parameters: {'window_influence': 0.47646748660521493, 'penalty_k': 0.17187897485576567, 'scale_lr': 0.1829966049249646}. Best is trial 189 with value: 0.3657155072874596.
checkpoint_e33 window_influence: 0.13234567207161502, penalty_k: 0.05871497512991430, scale_lr: 0.26317179360110327, EAO: 0.264
Trial 447 finished with value: 0.2640736127989765 and parameters: {'window_influence': 0.13234567207161502, 'penalty_k': 0.058714975129914304, 'scale_lr': 0.26317179360110327}. Best is trial 189 with value: 0.3657155072874596.
checkpoint_e33 window_influence: 0.38251075540890161, penalty_k: 0.10545133442384522, scale_lr: 0.74866110646583794, EAO: 0.310
Trial 448 finished with value: 0.3097451486360238 and parameters: {'window_influence': 0.3825107554089016, 'penalty_k': 0.10545133442384522, 'scale_lr': 0.7486611064658379}. Best is trial 189 with value: 0.3657155072874596.
checkpoint_e33 window_influence: 0.49367471445223993, penalty_k: 0.13777283169040269, scale_lr: 0.32439374336925819, EAO: 0.355
Trial 449 finished with value: 0.35514265090111163 and parameters: {'window_influence': 0.4936747144522399, 'penalty_k': 0.1377728316904027, 'scale_lr': 0.3243937433692582}. Best is trial 189 with value: 0.3657155072874596.
checkpoint_e33 window_influence: 0.52607944703654963, penalty_k: 0.36581144392415926, scale_lr: 0.56168872785088531, EAO: 0.289
Trial 450 finished with value: 0.2886464879322609 and parameters: {'window_influence': 0.5260794470365496, 'penalty_k': 0.36581144392415926, 'scale_lr': 0.5616887278508853}. Best is trial 189 with value: 0.3657155072874596.
checkpoint_e33 window_influence: 0.47067739816156379, penalty_k: 0.06979293175188275, scale_lr: 0.64926149878047168, EAO: 0.353
Trial 451 finished with value: 0.35314450653610524 and parameters: {'window_influence': 0.4706773981615638, 'penalty_k': 0.06979293175188275, 'scale_lr': 0.6492614987804717}. Best is trial 189 with value: 0.3657155072874596.
checkpoint_e33 window_influence: 0.60377502432918684, penalty_k: 0.01394642434649875, scale_lr: 0.39907611415942412, EAO: 0.268
Trial 452 finished with value: 0.26832701787642466 and parameters: {'window_influence': 0.6037750243291868, 'penalty_k': 0.01394642434649875, 'scale_lr': 0.3990761141594241}. Best is trial 189 with value: 0.3657155072874596.
checkpoint_e33 window_influence: 0.48554321437608483, penalty_k: 0.18288049410354798, scale_lr: 0.49874777196632286, EAO: 0.336
Trial 453 finished with value: 0.33648688540384464 and parameters: {'window_influence': 0.48554321437608483, 'penalty_k': 0.18288049410354798, 'scale_lr': 0.49874777196632286}. Best is trial 189 with value: 0.3657155072874596.
checkpoint_e33 window_influence: 0.44802986180990972, penalty_k: 0.12264585565846434, scale_lr: 0.30673060675406277, EAO: 0.328
Trial 454 finished with value: 0.3284461272133927 and parameters: {'window_influence': 0.4480298618099097, 'penalty_k': 0.12264585565846434, 'scale_lr': 0.3067306067540628}. Best is trial 189 with value: 0.3657155072874596.
checkpoint_e33 window_influence: 0.50414026082070096, penalty_k: 0.08693607519110945, scale_lr: 0.37035361515567444, EAO: 0.322
Trial 455 finished with value: 0.321617649165109 and parameters: {'window_influence': 0.504140260820701, 'penalty_k': 0.08693607519110945, 'scale_lr': 0.37035361515567444}. Best is trial 189 with value: 0.3657155072874596.
checkpoint_e33 window_influence: 0.26007393675265605, penalty_k: 0.05205471189854360, scale_lr: 0.46340176558290513, EAO: 0.294
Trial 456 finished with value: 0.29414963577276076 and parameters: {'window_influence': 0.26007393675265605, 'penalty_k': 0.052054711898543604, 'scale_lr': 0.46340176558290513}. Best is trial 189 with value: 0.3657155072874596.
checkpoint_e33 window_influence: 0.51358605426542736, penalty_k: 0.10467655758941420, scale_lr: 0.42261604098691341, EAO: 0.330
Trial 457 finished with value: 0.33038867412838024 and parameters: {'window_influence': 0.5135860542654274, 'penalty_k': 0.1046765575894142, 'scale_lr': 0.4226160409869134}. Best is trial 189 with value: 0.3657155072874596.
checkpoint_e33 window_influence: 0.10436638786638544, penalty_k: 0.07528355942062137, scale_lr: 0.48110668394072670, EAO: 0.272
Trial 458 finished with value: 0.27211843633930044 and parameters: {'window_influence': 0.10436638786638544, 'penalty_k': 0.07528355942062137, 'scale_lr': 0.4811066839407267}. Best is trial 189 with value: 0.3657155072874596.
checkpoint_e33 window_influence: 0.57180994223161763, penalty_k: 0.15613236107496975, scale_lr: 0.44458633741782366, EAO: 0.299
Trial 459 finished with value: 0.2987144467663672 and parameters: {'window_influence': 0.5718099422316176, 'penalty_k': 0.15613236107496975, 'scale_lr': 0.44458633741782366}. Best is trial 189 with value: 0.3657155072874596.
checkpoint_e33 window_influence: 0.46288690991979253, penalty_k: 0.17909702772755914, scale_lr: 0.51935566140583533, EAO: 0.337
Trial 460 finished with value: 0.33678980432595723 and parameters: {'window_influence': 0.46288690991979253, 'penalty_k': 0.17909702772755914, 'scale_lr': 0.5193556614058353}. Best is trial 189 with value: 0.3657155072874596.
checkpoint_e33 window_influence: 0.54917507324037840, penalty_k: 0.00125730571454787, scale_lr: 0.38150761153375035, EAO: 0.310
Trial 461 finished with value: 0.3098441139733281 and parameters: {'window_influence': 0.5491750732403784, 'penalty_k': 0.0012573057145478725, 'scale_lr': 0.38150761153375035}. Best is trial 189 with value: 0.3657155072874596.
checkpoint_e33 window_influence: 0.58683786729592247, penalty_k: 0.22590671105038301, scale_lr: 0.20051135049507443, EAO: 0.284
Trial 462 finished with value: 0.28389567386083564 and parameters: {'window_influence': 0.5868378672959225, 'penalty_k': 0.225906711050383, 'scale_lr': 0.20051135049507443}. Best is trial 189 with value: 0.3657155072874596.
checkpoint_e33 window_influence: 0.49254046247187322, penalty_k: 0.26140201522815409, scale_lr: 0.22986331474485466, EAO: 0.328
Trial 463 finished with value: 0.3283122666035181 and parameters: {'window_influence': 0.4925404624718732, 'penalty_k': 0.2614020152281541, 'scale_lr': 0.22986331474485466}. Best is trial 189 with value: 0.3657155072874596.
checkpoint_e33 window_influence: 0.47921852417908817, penalty_k: 0.30485615994628507, scale_lr: 0.40283532500645941, EAO: 0.327
Trial 464 finished with value: 0.32691239220622914 and parameters: {'window_influence': 0.47921852417908817, 'penalty_k': 0.30485615994628507, 'scale_lr': 0.4028353250064594}. Best is trial 189 with value: 0.3657155072874596.
checkpoint_e33 window_influence: 0.35336476639452147, penalty_k: 0.06207526224244750, scale_lr: 0.28896305302231889, EAO: 0.326
Trial 465 finished with value: 0.32575115491907886 and parameters: {'window_influence': 0.35336476639452147, 'penalty_k': 0.0620752622424475, 'scale_lr': 0.2889630530223189}. Best is trial 189 with value: 0.3657155072874596.
checkpoint_e33 window_influence: 0.53572133658533727, penalty_k: 0.24292330342142399, scale_lr: 0.62225744694579055, EAO: 0.292
Trial 466 finished with value: 0.2916277152439036 and parameters: {'window_influence': 0.5357213365853373, 'penalty_k': 0.242923303421424, 'scale_lr': 0.6222574469457905}. Best is trial 189 with value: 0.3657155072874596.
checkpoint_e33 window_influence: 0.49749754406451535, penalty_k: 0.12943822572323899, scale_lr: 0.33606227774600694, EAO: 0.332
Trial 467 finished with value: 0.33219242965664847 and parameters: {'window_influence': 0.49749754406451535, 'penalty_k': 0.129438225723239, 'scale_lr': 0.33606227774600694}. Best is trial 189 with value: 0.3657155072874596.
checkpoint_e33 window_influence: 0.45678095623380899, penalty_k: 0.09251398327767758, scale_lr: 0.42478408432919240, EAO: 0.332
Trial 468 finished with value: 0.3315292879765136 and parameters: {'window_influence': 0.456780956233809, 'penalty_k': 0.09251398327767758, 'scale_lr': 0.4247840843291924}. Best is trial 189 with value: 0.3657155072874596.
checkpoint_e33 window_influence: 0.31968103921373331, penalty_k: 0.19867703808219261, scale_lr: 0.45577162878326843, EAO: 0.295
Trial 469 finished with value: 0.294840787577258 and parameters: {'window_influence': 0.3196810392137333, 'penalty_k': 0.19867703808219261, 'scale_lr': 0.45577162878326843}. Best is trial 189 with value: 0.3657155072874596.
checkpoint_e33 window_influence: 0.43623273966708170, penalty_k: 0.04401481118107593, scale_lr: 0.44144457588024100, EAO: 0.329
Trial 470 finished with value: 0.32890657344216967 and parameters: {'window_influence': 0.4362327396670817, 'penalty_k': 0.04401481118107593, 'scale_lr': 0.441444575880241}. Best is trial 189 with value: 0.3657155072874596.
checkpoint_e33 window_influence: 0.41304573618555807, penalty_k: 0.33425183491109134, scale_lr: 0.35713638363297578, EAO: 0.319
Trial 471 finished with value: 0.31890392448419724 and parameters: {'window_influence': 0.41304573618555807, 'penalty_k': 0.33425183491109134, 'scale_lr': 0.3571363836329758}. Best is trial 189 with value: 0.3657155072874596.
checkpoint_e33 window_influence: 0.40002764258933265, penalty_k: 0.16566157294732561, scale_lr: 0.54693425064378332, EAO: 0.322
Trial 472 finished with value: 0.3221216734629197 and parameters: {'window_influence': 0.40002764258933265, 'penalty_k': 0.1656615729473256, 'scale_lr': 0.5469342506437833}. Best is trial 189 with value: 0.3657155072874596.
checkpoint_e33 window_influence: 0.51836759964916201, penalty_k: 0.01975653352855154, scale_lr: 0.16321728721020884, EAO: 0.349
Trial 473 finished with value: 0.348818327782219 and parameters: {'window_influence': 0.518367599649162, 'penalty_k': 0.019756533528551543, 'scale_lr': 0.16321728721020884}. Best is trial 189 with value: 0.3657155072874596.
checkpoint_e33 window_influence: 0.47132844844765265, penalty_k: 0.14158243463613757, scale_lr: 0.26149251550348673, EAO: 0.336
Trial 474 finished with value: 0.33550665060833734 and parameters: {'window_influence': 0.47132844844765265, 'penalty_k': 0.14158243463613757, 'scale_lr': 0.26149251550348673}. Best is trial 189 with value: 0.3657155072874596.
checkpoint_e33 window_influence: 0.48594981364501505, penalty_k: 0.27446981276767551, scale_lr: 0.50238934699792481, EAO: 0.351
Trial 475 finished with value: 0.3511565774099372 and parameters: {'window_influence': 0.48594981364501505, 'penalty_k': 0.2744698127676755, 'scale_lr': 0.5023893469979248}. Best is trial 189 with value: 0.3657155072874596.
checkpoint_e33 window_influence: 0.50410709374026608, penalty_k: 0.07067212036395748, scale_lr: 0.41431647391987714, EAO: 0.350
Trial 476 finished with value: 0.35002341019968114 and parameters: {'window_influence': 0.5041070937402661, 'penalty_k': 0.07067212036395748, 'scale_lr': 0.41431647391987714}. Best is trial 189 with value: 0.3657155072874596.
checkpoint_e33 window_influence: 0.33710010140498126, penalty_k: 0.43032824285273086, scale_lr: 0.68117136369147102, EAO: 0.313
Trial 477 finished with value: 0.31266051072786755 and parameters: {'window_influence': 0.33710010140498126, 'penalty_k': 0.43032824285273086, 'scale_lr': 0.681171363691471}. Best is trial 189 with value: 0.3657155072874596.
checkpoint_e33 window_influence: 0.44796597333392962, penalty_k: 0.08861298913697863, scale_lr: 0.48244725929367166, EAO: 0.366
Trial 478 finished with value: 0.36593835131203617 and parameters: {'window_influence': 0.4479659733339296, 'penalty_k': 0.08861298913697863, 'scale_lr': 0.48244725929367166}. Best is trial 478 with value: 0.36593835131203617.
checkpoint_e33 window_influence: 0.43221740362769223, penalty_k: 0.05219020788600164, scale_lr: 0.53252774653976143, EAO: 0.345
Trial 479 finished with value: 0.34454821647373157 and parameters: {'window_influence': 0.43221740362769223, 'penalty_k': 0.052190207886001636, 'scale_lr': 0.5325277465397614}. Best is trial 478 with value: 0.36593835131203617.
checkpoint_e33 window_influence: 0.45101099557427254, penalty_k: 0.08541022883036398, scale_lr: 0.48654730357544312, EAO: 0.316
Trial 480 finished with value: 0.31600885922342886 and parameters: {'window_influence': 0.45101099557427254, 'penalty_k': 0.08541022883036398, 'scale_lr': 0.4865473035754431}. Best is trial 478 with value: 0.36593835131203617.
checkpoint_e33 window_influence: 0.44247335264239324, penalty_k: 0.28859632192546675, scale_lr: 0.38883566446522583, EAO: 0.335
Trial 481 finished with value: 0.33476311861309094 and parameters: {'window_influence': 0.44247335264239324, 'penalty_k': 0.28859632192546675, 'scale_lr': 0.3888356644652258}. Best is trial 478 with value: 0.36593835131203617.
checkpoint_e33 window_influence: 0.30968348157353270, penalty_k: 0.20622081187158944, scale_lr: 0.21613538540887273, EAO: 0.307
Trial 482 finished with value: 0.30682142780448673 and parameters: {'window_influence': 0.3096834815735327, 'penalty_k': 0.20622081187158944, 'scale_lr': 0.21613538540887273}. Best is trial 478 with value: 0.36593835131203617.
checkpoint_e33 window_influence: 0.41929101698546656, penalty_k: 0.06318064867029405, scale_lr: 0.27144162520301868, EAO: 0.326
Trial 483 finished with value: 0.32609116839759544 and parameters: {'window_influence': 0.41929101698546656, 'penalty_k': 0.06318064867029405, 'scale_lr': 0.2714416252030187}. Best is trial 478 with value: 0.36593835131203617.
checkpoint_e33 window_influence: 0.46455923421903061, penalty_k: 0.11133994966794017, scale_lr: 0.18742390952963478, EAO: 0.347
Trial 484 finished with value: 0.34710933923257464 and parameters: {'window_influence': 0.4645592342190306, 'penalty_k': 0.11133994966794017, 'scale_lr': 0.18742390952963478}. Best is trial 478 with value: 0.36593835131203617.
checkpoint_e33 window_influence: 0.45254881279900999, penalty_k: 0.03823673376548193, scale_lr: 0.79521942652509514, EAO: 0.326
Trial 485 finished with value: 0.3255880955128354 and parameters: {'window_influence': 0.45254881279901, 'penalty_k': 0.03823673376548193, 'scale_lr': 0.7952194265250951}. Best is trial 478 with value: 0.36593835131203617.
checkpoint_e33 window_influence: 0.46901315975119356, penalty_k: 0.07659923107528847, scale_lr: 0.30673246670946608, EAO: 0.341
Trial 486 finished with value: 0.3408402123339909 and parameters: {'window_influence': 0.46901315975119356, 'penalty_k': 0.07659923107528847, 'scale_lr': 0.3067324667094661}. Best is trial 478 with value: 0.36593835131203617.
checkpoint_e33 window_influence: 0.18419379047535325, penalty_k: 0.00020143971147641, scale_lr: 0.43664051500128154, EAO: 0.278
Trial 487 finished with value: 0.27827313861262476 and parameters: {'window_influence': 0.18419379047535325, 'penalty_k': 0.0002014397114764102, 'scale_lr': 0.43664051500128154}. Best is trial 478 with value: 0.36593835131203617.
checkpoint_e33 window_influence: 0.48067920922793794, penalty_k: 0.14977315681416331, scale_lr: 0.10983877467450603, EAO: 0.344
Trial 488 finished with value: 0.3439850481335755 and parameters: {'window_influence': 0.48067920922793794, 'penalty_k': 0.1497731568141633, 'scale_lr': 0.10983877467450603}. Best is trial 478 with value: 0.36593835131203617.
checkpoint_e33 window_influence: 0.45443378776650362, penalty_k: 0.19119944900492805, scale_lr: 0.14521136291072001, EAO: 0.346
Trial 489 finished with value: 0.34610636074255413 and parameters: {'window_influence': 0.4544337877665036, 'penalty_k': 0.19119944900492805, 'scale_lr': 0.14521136291072}. Best is trial 478 with value: 0.36593835131203617.
checkpoint_e33 window_influence: 0.43067191336459515, penalty_k: 0.02464954270313173, scale_lr: 0.59955701346330204, EAO: 0.315
Trial 490 finished with value: 0.31526870451548683 and parameters: {'window_influence': 0.43067191336459515, 'penalty_k': 0.024649542703131726, 'scale_lr': 0.599557013463302}. Best is trial 478 with value: 0.36593835131203617.
checkpoint_e33 window_influence: 0.47872633542762449, penalty_k: 0.05030717007944294, scale_lr: 0.40220672177175926, EAO: 0.337
Trial 491 finished with value: 0.33689870815796613 and parameters: {'window_influence': 0.4787263354276245, 'penalty_k': 0.050307170079442944, 'scale_lr': 0.40220672177175926}. Best is trial 478 with value: 0.36593835131203617.
checkpoint_e33 window_influence: 0.58095373431926089, penalty_k: 0.08986124214857098, scale_lr: 0.42097250729278107, EAO: 0.297
