Trial 428 finished with value: 0.2866995189092503 and parameters: {'window_influence': 0.21656905245683686, 'penalty_k': 0.032664480812858596, 'scale_lr': 0.6219382487114191}. Best is trial 207 with value: 0.363704633735961.
checkpoint_e16 window_influence: 0.45907395747263491, penalty_k: 0.02066670971176842, scale_lr: 0.43117444102331648, EAO: 0.340
Trial 429 finished with value: 0.34024357413039596 and parameters: {'window_influence': 0.4590739574726349, 'penalty_k': 0.020666709711768417, 'scale_lr': 0.4311744410233165}. Best is trial 207 with value: 0.363704633735961.
checkpoint_e16 window_influence: 0.54690705942364104, penalty_k: 0.07397948846475680, scale_lr: 0.39102557992827908, EAO: 0.287
Trial 430 finished with value: 0.28719961127186566 and parameters: {'window_influence': 0.546907059423641, 'penalty_k': 0.0739794884647568, 'scale_lr': 0.3910255799282791}. Best is trial 207 with value: 0.363704633735961.
checkpoint_e16 window_influence: 0.48506946326097167, penalty_k: 0.00976337937396590, scale_lr: 0.44850138705627096, EAO: 0.339
Trial 431 finished with value: 0.3391398468602028 and parameters: {'window_influence': 0.48506946326097167, 'penalty_k': 0.009763379373965902, 'scale_lr': 0.44850138705627096}. Best is trial 207 with value: 0.363704633735961.
checkpoint_e16 window_influence: 0.50322808586361722, penalty_k: 0.00040746365597375, scale_lr: 0.65391281161606363, EAO: 0.319
Trial 432 finished with value: 0.3194799761248006 and parameters: {'window_influence': 0.5032280858636172, 'penalty_k': 0.00040746365597375085, 'scale_lr': 0.6539128116160636}. Best is trial 207 with value: 0.363704633735961.
checkpoint_e16 window_influence: 0.44304589068179351, penalty_k: 0.23517031985480752, scale_lr: 0.49506926382483879, EAO: 0.322
Trial 433 finished with value: 0.32163427938283184 and parameters: {'window_influence': 0.4430458906817935, 'penalty_k': 0.23517031985480752, 'scale_lr': 0.4950692638248388}. Best is trial 207 with value: 0.363704633735961.
checkpoint_e16 window_influence: 0.47219474642308101, penalty_k: 0.04964776669530745, scale_lr: 0.58696080800578398, EAO: 0.334
Trial 434 finished with value: 0.33370276566609336 and parameters: {'window_influence': 0.472194746423081, 'penalty_k': 0.04964776669530745, 'scale_lr': 0.586960808005784}. Best is trial 207 with value: 0.363704633735961.
checkpoint_e16 window_influence: 0.48537411513733969, penalty_k: 0.28188961278174696, scale_lr: 0.45690533154827240, EAO: 0.304
Trial 435 finished with value: 0.303775191017162 and parameters: {'window_influence': 0.4853741151373397, 'penalty_k': 0.28188961278174696, 'scale_lr': 0.4569053315482724}. Best is trial 207 with value: 0.363704633735961.
checkpoint_e16 window_influence: 0.45594976489098571, penalty_k: 0.02955825834720126, scale_lr: 0.62495240006003183, EAO: 0.317
Trial 436 finished with value: 0.3168341295380537 and parameters: {'window_influence': 0.4559497648909857, 'penalty_k': 0.029558258347201258, 'scale_lr': 0.6249524000600318}. Best is trial 207 with value: 0.363704633735961.
checkpoint_e16 window_influence: 0.51161500755048339, penalty_k: 0.01802553023325709, scale_lr: 0.51552032533372116, EAO: 0.347
Trial 437 finished with value: 0.3473283573115382 and parameters: {'window_influence': 0.5116150075504834, 'penalty_k': 0.018025530233257092, 'scale_lr': 0.5155203253337212}. Best is trial 207 with value: 0.363704633735961.
checkpoint_e16 window_influence: 0.51974032422350558, penalty_k: 0.04135952823018124, scale_lr: 0.15602520372358347, EAO: 0.294
Trial 438 finished with value: 0.2940278465529824 and parameters: {'window_influence': 0.5197403242235056, 'penalty_k': 0.04135952823018124, 'scale_lr': 0.15602520372358347}. Best is trial 207 with value: 0.363704633735961.
checkpoint_e16 window_influence: 0.51071444964541413, penalty_k: 0.02071658946511198, scale_lr: 0.51068675958041165, EAO: 0.347
Trial 439 finished with value: 0.3466817106950144 and parameters: {'window_influence': 0.5107144496454141, 'penalty_k': 0.020716589465111977, 'scale_lr': 0.5106867595804117}. Best is trial 207 with value: 0.363704633735961.
checkpoint_e16 window_influence: 0.50099366799536671, penalty_k: 0.03539121126757109, scale_lr: 0.48731706996389135, EAO: 0.328
Trial 440 finished with value: 0.32845707974081373 and parameters: {'window_influence': 0.5009936679953667, 'penalty_k': 0.03539121126757109, 'scale_lr': 0.48731706996389135}. Best is trial 207 with value: 0.363704633735961.
checkpoint_e16 window_influence: 0.54267055877792725, penalty_k: 0.30769182155497909, scale_lr: 0.50720648564573778, EAO: 0.275
Trial 441 finished with value: 0.27450683428851547 and parameters: {'window_influence': 0.5426705587779272, 'penalty_k': 0.3076918215549791, 'scale_lr': 0.5072064856457378}. Best is trial 207 with value: 0.363704633735961.
checkpoint_e16 window_influence: 0.51788855724359140, penalty_k: 0.35700268309378291, scale_lr: 0.47152768120363669, EAO: 0.293
Trial 442 finished with value: 0.29304063894173515 and parameters: {'window_influence': 0.5178885572435914, 'penalty_k': 0.3570026830937829, 'scale_lr': 0.4715276812036367}. Best is trial 207 with value: 0.363704633735961.
checkpoint_e16 window_influence: 0.52880435210378962, penalty_k: 0.05718301594793643, scale_lr: 0.40945794540224162, EAO: 0.312
Trial 443 finished with value: 0.3118132391096553 and parameters: {'window_influence': 0.5288043521037896, 'penalty_k': 0.05718301594793643, 'scale_lr': 0.4094579454022416}. Best is trial 207 with value: 0.363704633735961.
checkpoint_e16 window_influence: 0.49429969122074791, penalty_k: 0.02068757737015139, scale_lr: 0.48637518820301029, EAO: 0.327
Trial 444 finished with value: 0.32657247770157305 and parameters: {'window_influence': 0.4942996912207479, 'penalty_k': 0.020687577370151387, 'scale_lr': 0.4863751882030103}. Best is trial 207 with value: 0.363704633735961.
checkpoint_e16 window_influence: 0.47764373315668879, penalty_k: 0.02962835863456426, scale_lr: 0.51834372588604327, EAO: 0.369
Trial 445 finished with value: 0.3694567781246126 and parameters: {'window_influence': 0.4776437331566888, 'penalty_k': 0.029628358634564256, 'scale_lr': 0.5183437258860433}. Best is trial 445 with value: 0.3694567781246126.
checkpoint_e16 window_influence: 0.50862601429464926, penalty_k: 0.23977452267571175, scale_lr: 0.12161871166215954, EAO: 0.288
Trial 446 finished with value: 0.28799038731170534 and parameters: {'window_influence': 0.5086260142946493, 'penalty_k': 0.23977452267571175, 'scale_lr': 0.12161871166215954}. Best is trial 445 with value: 0.3694567781246126.
checkpoint_e16 window_influence: 0.30590082978617023, penalty_k: 0.13567516454217587, scale_lr: 0.51894001477552176, EAO: 0.305
Trial 447 finished with value: 0.305284695228714 and parameters: {'window_influence': 0.3059008297861702, 'penalty_k': 0.13567516454217587, 'scale_lr': 0.5189400147755218}. Best is trial 445 with value: 0.3694567781246126.
checkpoint_e16 window_influence: 0.48091736947787350, penalty_k: 0.45692092591563099, scale_lr: 0.52256980757130422, EAO: 0.300
Trial 448 finished with value: 0.3002636961435993 and parameters: {'window_influence': 0.4809173694778735, 'penalty_k': 0.456920925915631, 'scale_lr': 0.5225698075713042}. Best is trial 445 with value: 0.3694567781246126.
checkpoint_e16 window_influence: 0.49417840631019477, penalty_k: 0.03961804535147494, scale_lr: 0.13648447456640539, EAO: 0.317
Trial 449 finished with value: 0.3165248146548809 and parameters: {'window_influence': 0.4941784063101948, 'penalty_k': 0.039618045351474944, 'scale_lr': 0.1364844745664054}. Best is trial 445 with value: 0.3694567781246126.
checkpoint_e16 window_influence: 0.59318168954537842, penalty_k: 0.04892296141595683, scale_lr: 0.50075801838569567, EAO: 0.265
Trial 450 finished with value: 0.2646158192640149 and parameters: {'window_influence': 0.5931816895453784, 'penalty_k': 0.048922961415956825, 'scale_lr': 0.5007580183856957}. Best is trial 445 with value: 0.3694567781246126.
checkpoint_e16 window_influence: 0.55414696018551313, penalty_k: 0.20337202069995730, scale_lr: 0.53431798712017697, EAO: 0.281
Trial 451 finished with value: 0.2813759357432911 and parameters: {'window_influence': 0.5541469601855131, 'penalty_k': 0.2033720206999573, 'scale_lr': 0.534317987120177}. Best is trial 445 with value: 0.3694567781246126.
checkpoint_e16 window_influence: 0.61319799039612388, penalty_k: 0.38160169435636360, scale_lr: 0.67641517569000320, EAO: 0.229
Trial 452 finished with value: 0.22945923859739117 and parameters: {'window_influence': 0.6131979903961239, 'penalty_k': 0.3816016943563636, 'scale_lr': 0.6764151756900032}. Best is trial 445 with value: 0.3694567781246126.
checkpoint_e16 window_influence: 0.47699901431196506, penalty_k: 0.31945359995391454, scale_lr: 0.50971990873309314, EAO: 0.302
Trial 453 finished with value: 0.3019999864036471 and parameters: {'window_influence': 0.47699901431196506, 'penalty_k': 0.31945359995391454, 'scale_lr': 0.5097199087330931}. Best is trial 445 with value: 0.3694567781246126.
checkpoint_e16 window_influence: 0.49352713669410142, penalty_k: 0.03015562662054752, scale_lr: 0.35506177161870695, EAO: 0.341
Trial 454 finished with value: 0.3414644441252089 and parameters: {'window_influence': 0.4935271366941014, 'penalty_k': 0.03015562662054752, 'scale_lr': 0.35506177161870695}. Best is trial 445 with value: 0.3694567781246126.
checkpoint_e16 window_influence: 0.58125517047477882, penalty_k: 0.06333232432980911, scale_lr: 0.19379332468935534, EAO: 0.280
Trial 455 finished with value: 0.27999276566366277 and parameters: {'window_influence': 0.5812551704747788, 'penalty_k': 0.0633323243298091, 'scale_lr': 0.19379332468935534}. Best is trial 445 with value: 0.3694567781246126.
checkpoint_e16 window_influence: 0.50726739209033367, penalty_k: 0.01135441307879967, scale_lr: 0.52756144989736808, EAO: 0.335
Trial 456 finished with value: 0.335412600624886 and parameters: {'window_influence': 0.5072673920903337, 'penalty_k': 0.01135441307879967, 'scale_lr': 0.5275614498973681}. Best is trial 445 with value: 0.3694567781246126.
checkpoint_e16 window_influence: 0.52857249056026867, penalty_k: 0.20979441333824173, scale_lr: 0.51397921025033100, EAO: 0.310
Trial 457 finished with value: 0.3104131112766637 and parameters: {'window_influence': 0.5285724905602687, 'penalty_k': 0.20979441333824173, 'scale_lr': 0.513979210250331}. Best is trial 445 with value: 0.3694567781246126.
checkpoint_e16 window_influence: 0.47125407567241973, penalty_k: 0.25449452302452114, scale_lr: 0.49578478517305069, EAO: 0.301
Trial 458 finished with value: 0.301351259654598 and parameters: {'window_influence': 0.4712540756724197, 'penalty_k': 0.25449452302452114, 'scale_lr': 0.4957847851730507}. Best is trial 445 with value: 0.3694567781246126.
checkpoint_e16 window_influence: 0.48555750159832811, penalty_k: 0.17461413048796767, scale_lr: 0.38254820898312164, EAO: 0.307
Trial 459 finished with value: 0.3065949714369347 and parameters: {'window_influence': 0.4855575015983281, 'penalty_k': 0.17461413048796767, 'scale_lr': 0.38254820898312164}. Best is trial 445 with value: 0.3694567781246126.
checkpoint_e16 window_influence: 0.53722479503830545, penalty_k: 0.12431770094679143, scale_lr: 0.60944637437929094, EAO: 0.302
Trial 460 finished with value: 0.30155570039721313 and parameters: {'window_influence': 0.5372247950383054, 'penalty_k': 0.12431770094679143, 'scale_lr': 0.609446374379291}. Best is trial 445 with value: 0.3694567781246126.
checkpoint_e16 window_influence: 0.46641636715456353, penalty_k: 0.02774352129379606, scale_lr: 0.47874791271044553, EAO: 0.340
Trial 461 finished with value: 0.33965138285076574 and parameters: {'window_influence': 0.4664163671545635, 'penalty_k': 0.02774352129379606, 'scale_lr': 0.47874791271044553}. Best is trial 445 with value: 0.3694567781246126.
checkpoint_e16 window_influence: 0.29918725635589954, penalty_k: 0.04253637235955157, scale_lr: 0.54231099395095372, EAO: 0.303
Trial 462 finished with value: 0.3026312299159714 and parameters: {'window_influence': 0.29918725635589954, 'penalty_k': 0.04253637235955157, 'scale_lr': 0.5423109939509537}. Best is trial 445 with value: 0.3694567781246126.
checkpoint_e16 window_influence: 0.50228214947530936, penalty_k: 0.26368265049044004, scale_lr: 0.42615445952180347, EAO: 0.298
Trial 463 finished with value: 0.29801092433094517 and parameters: {'window_influence': 0.5022821494753094, 'penalty_k': 0.26368265049044004, 'scale_lr': 0.4261544595218035}. Best is trial 445 with value: 0.3694567781246126.
checkpoint_e16 window_influence: 0.47861504304946867, penalty_k: 0.01847416513319610, scale_lr: 0.40069554083464554, EAO: 0.327
Trial 464 finished with value: 0.3266165958072425 and parameters: {'window_influence': 0.47861504304946867, 'penalty_k': 0.0184741651331961, 'scale_lr': 0.40069554083464554}. Best is trial 445 with value: 0.3694567781246126.
checkpoint_e16 window_influence: 0.28245685634158246, penalty_k: 0.10810062094547813, scale_lr: 0.79703911785862092, EAO: 0.276
Trial 465 finished with value: 0.2759608524318799 and parameters: {'window_influence': 0.28245685634158246, 'penalty_k': 0.10810062094547813, 'scale_lr': 0.7970391178586209}. Best is trial 445 with value: 0.3694567781246126.
checkpoint_e16 window_influence: 0.49002266602391803, penalty_k: 0.34424169442773256, scale_lr: 0.46124737020294893, EAO: 0.301
Trial 466 finished with value: 0.3011130741018266 and parameters: {'window_influence': 0.49002266602391803, 'penalty_k': 0.34424169442773256, 'scale_lr': 0.4612473702029489}. Best is trial 445 with value: 0.3694567781246126.
checkpoint_e16 window_influence: 0.51976417704399136, penalty_k: 0.08264157972356456, scale_lr: 0.52444677403842677, EAO: 0.318
Trial 467 finished with value: 0.31790691956239914 and parameters: {'window_influence': 0.5197641770439914, 'penalty_k': 0.08264157972356456, 'scale_lr': 0.5244467740384268}. Best is trial 445 with value: 0.3694567781246126.
checkpoint_e16 window_influence: 0.31468125668477548, penalty_k: 0.00041259797388448, scale_lr: 0.33146201525200231, EAO: 0.318
Trial 468 finished with value: 0.3183732553446803 and parameters: {'window_influence': 0.3146812566847755, 'penalty_k': 0.00041259797388448066, 'scale_lr': 0.3314620152520023}. Best is trial 445 with value: 0.3694567781246126.
checkpoint_e16 window_influence: 0.57901117094433840, penalty_k: 0.03032262603454811, scale_lr: 0.32239761987364857, EAO: 0.280
Trial 469 finished with value: 0.2800180086365934 and parameters: {'window_influence': 0.5790111709443384, 'penalty_k': 0.030322626034548106, 'scale_lr': 0.32239761987364857}. Best is trial 445 with value: 0.3694567781246126.
checkpoint_e16 window_influence: 0.33675701749300607, penalty_k: 0.00992528090269947, scale_lr: 0.50061140111555813, EAO: 0.309
Trial 470 finished with value: 0.30882101700231723 and parameters: {'window_influence': 0.33675701749300607, 'penalty_k': 0.00992528090269947, 'scale_lr': 0.5006114011155581}. Best is trial 445 with value: 0.3694567781246126.
checkpoint_e16 window_influence: 0.46431679697434830, penalty_k: 0.05262764774098538, scale_lr: 0.59752561208635113, EAO: 0.325
Trial 471 finished with value: 0.3246853375365298 and parameters: {'window_influence': 0.4643167969743483, 'penalty_k': 0.052627647740985384, 'scale_lr': 0.5975256120863511}. Best is trial 445 with value: 0.3694567781246126.
checkpoint_e16 window_influence: 0.38044453990809807, penalty_k: 0.36538890202410740, scale_lr: 0.63352908977858480, EAO: 0.296
Trial 472 finished with value: 0.29555177810359096 and parameters: {'window_influence': 0.38044453990809807, 'penalty_k': 0.3653889020241074, 'scale_lr': 0.6335290897785848}. Best is trial 445 with value: 0.3694567781246126.
checkpoint_e16 window_influence: 0.47928917243607289, penalty_k: 0.42209745336243798, scale_lr: 0.57412493067751769, EAO: 0.306
Trial 473 finished with value: 0.3064911852550878 and parameters: {'window_influence': 0.4792891724360729, 'penalty_k': 0.422097453362438, 'scale_lr': 0.5741249306775177}. Best is trial 445 with value: 0.3694567781246126.
checkpoint_e16 window_influence: 0.50566796265010827, penalty_k: 0.02035773296093621, scale_lr: 0.54715744069808880, EAO: 0.346
Trial 474 finished with value: 0.34623942405333313 and parameters: {'window_influence': 0.5056679626501083, 'penalty_k': 0.02035773296093621, 'scale_lr': 0.5471574406980888}. Best is trial 445 with value: 0.3694567781246126.
checkpoint_e16 window_influence: 0.64319695992705772, penalty_k: 0.41731880211572103, scale_lr: 0.44197638141495443, EAO: 0.220
Trial 475 finished with value: 0.21973004496515028 and parameters: {'window_influence': 0.6431969599270577, 'penalty_k': 0.41731880211572103, 'scale_lr': 0.44197638141495443}. Best is trial 445 with value: 0.3694567781246126.
checkpoint_e16 window_influence: 0.45455792893156061, penalty_k: 0.24659834177141601, scale_lr: 0.48002212604826028, EAO: 0.299
Trial 476 finished with value: 0.29879121128687136 and parameters: {'window_influence': 0.4545579289315606, 'penalty_k': 0.246598341771416, 'scale_lr': 0.4800221260482603}. Best is trial 445 with value: 0.3694567781246126.
checkpoint_e16 window_influence: 0.49479234849764653, penalty_k: 0.04126524741574233, scale_lr: 0.51133017029331596, EAO: 0.349
Trial 477 finished with value: 0.34906042758592837 and parameters: {'window_influence': 0.49479234849764653, 'penalty_k': 0.04126524741574233, 'scale_lr': 0.511330170293316}. Best is trial 445 with value: 0.3694567781246126.
checkpoint_e16 window_influence: 0.51461083238136174, penalty_k: 0.07162301567690658, scale_lr: 0.53385840274740437, EAO: 0.330
Trial 478 finished with value: 0.3303684192176923 and parameters: {'window_influence': 0.5146108323813617, 'penalty_k': 0.07162301567690658, 'scale_lr': 0.5338584027474044}. Best is trial 445 with value: 0.3694567781246126.
checkpoint_e16 window_influence: 0.49682771168160778, penalty_k: 0.04244178425927529, scale_lr: 0.51518981920032003, EAO: 0.343
Trial 479 finished with value: 0.3426426098272494 and parameters: {'window_influence': 0.4968277116816078, 'penalty_k': 0.042441784259275285, 'scale_lr': 0.51518981920032}. Best is trial 445 with value: 0.3694567781246126.
checkpoint_e16 window_influence: 0.48707083722200523, penalty_k: 0.05709133380706227, scale_lr: 0.56368106923887074, EAO: 0.325
Trial 480 finished with value: 0.32466254652938026 and parameters: {'window_influence': 0.4870708372220052, 'penalty_k': 0.05709133380706227, 'scale_lr': 0.5636810692388707}. Best is trial 445 with value: 0.3694567781246126.
checkpoint_e16 window_influence: 0.46684513680413309, penalty_k: 0.03925106269320538, scale_lr: 0.41688619537192478, EAO: 0.324
Trial 481 finished with value: 0.3239474225252983 and parameters: {'window_influence': 0.4668451368041331, 'penalty_k': 0.03925106269320538, 'scale_lr': 0.4168861953719248}. Best is trial 445 with value: 0.3694567781246126.
checkpoint_e16 window_influence: 0.50002375776209473, penalty_k: 0.03151405768340244, scale_lr: 0.45760912925890812, EAO: 0.342
Trial 482 finished with value: 0.3420310342822093 and parameters: {'window_influence': 0.5000237577620947, 'penalty_k': 0.031514057683402444, 'scale_lr': 0.4576091292589081}. Best is trial 445 with value: 0.3694567781246126.
checkpoint_e16 window_influence: 0.51670322138903724, penalty_k: 0.10081936435763444, scale_lr: 0.61705672232062037, EAO: 0.337
Trial 483 finished with value: 0.3372802544196756 and parameters: {'window_influence': 0.5167032213890372, 'penalty_k': 0.10081936435763444, 'scale_lr': 0.6170567223206204}. Best is trial 445 with value: 0.3694567781246126.
checkpoint_e16 window_influence: 0.47449069324963844, penalty_k: 0.05356126199634947, scale_lr: 0.72602553778313461, EAO: 0.314
Trial 484 finished with value: 0.31382205050279194 and parameters: {'window_influence': 0.47449069324963844, 'penalty_k': 0.053561261996349474, 'scale_lr': 0.7260255377831346}. Best is trial 445 with value: 0.3694567781246126.
checkpoint_e16 window_influence: 0.48798107551298348, penalty_k: 0.02736622075110059, scale_lr: 0.58660536924715667, EAO: 0.357
Trial 485 finished with value: 0.35656488185262863 and parameters: {'window_influence': 0.4879810755129835, 'penalty_k': 0.027366220751100588, 'scale_lr': 0.5866053692471567}. Best is trial 445 with value: 0.3694567781246126.
checkpoint_e16 window_influence: 0.49080652160050198, penalty_k: 0.22300312064460850, scale_lr: 0.60021844321538953, EAO: 0.303
Trial 486 finished with value: 0.30308260064180725 and parameters: {'window_influence': 0.490806521600502, 'penalty_k': 0.2230031206446085, 'scale_lr': 0.6002184432153895}. Best is trial 445 with value: 0.3694567781246126.
checkpoint_e16 window_influence: 0.52892689843721030, penalty_k: 0.07077907725141511, scale_lr: 0.58551053348860183, EAO: 0.310
Trial 487 finished with value: 0.31019881402472116 and parameters: {'window_influence': 0.5289268984372103, 'penalty_k': 0.0707790772514151, 'scale_lr': 0.5855105334886018}. Best is trial 445 with value: 0.3694567781246126.
checkpoint_e16 window_influence: 0.50080353172752734, penalty_k: 0.31340946899632244, scale_lr: 0.55521464265528708, EAO: 0.312
Trial 488 finished with value: 0.3123475530036229 and parameters: {'window_influence': 0.5008035317275273, 'penalty_k': 0.31340946899632244, 'scale_lr': 0.5552146426552871}. Best is trial 445 with value: 0.3694567781246126.
checkpoint_e16 window_influence: 0.48565877281484254, penalty_k: 0.04540766555305140, scale_lr: 0.56811791316328730, EAO: 0.329
Trial 489 finished with value: 0.3292608190371369 and parameters: {'window_influence': 0.48565877281484254, 'penalty_k': 0.045407665553051396, 'scale_lr': 0.5681179131632873}. Best is trial 445 with value: 0.3694567781246126.
checkpoint_e16 window_influence: 0.07676333827596443, penalty_k: 0.03379917416746382, scale_lr: 0.57935039534972588, EAO: 0.273
