Trial 248 finished with value: 0.3375359089458035 and parameters: {'window_influence': 0.48445716130974825, 'penalty_k': 0.19538122818068482, 'scale_lr': 0.6255443979526265}. Best is trial 82 with value: 0.36745269532797403.
checkpoint_e36 window_influence: 0.38514684179314818, penalty_k: 0.21298968827624254, scale_lr: 0.65858683314675670, EAO: 0.323
Trial 249 finished with value: 0.32288864196970307 and parameters: {'window_influence': 0.3851468417931482, 'penalty_k': 0.21298968827624254, 'scale_lr': 0.6585868331467567}. Best is trial 82 with value: 0.36745269532797403.
checkpoint_e36 window_influence: 0.47615572312097415, penalty_k: 0.18465905215052858, scale_lr: 0.60286884584732048, EAO: 0.364
Trial 250 finished with value: 0.36439641034556736 and parameters: {'window_influence': 0.47615572312097415, 'penalty_k': 0.18465905215052858, 'scale_lr': 0.6028688458473205}. Best is trial 82 with value: 0.36745269532797403.
checkpoint_e36 window_influence: 0.47643227254886378, penalty_k: 0.18104409426951801, scale_lr: 0.79372769817456668, EAO: 0.330
Trial 251 finished with value: 0.33000048594947917 and parameters: {'window_influence': 0.4764322725488638, 'penalty_k': 0.181044094269518, 'scale_lr': 0.7937276981745667}. Best is trial 82 with value: 0.36745269532797403.
checkpoint_e36 window_influence: 0.49923134731311475, penalty_k: 0.17399347996696235, scale_lr: 0.60493564799407751, EAO: 0.350
Trial 252 finished with value: 0.3496540500728073 and parameters: {'window_influence': 0.49923134731311475, 'penalty_k': 0.17399347996696235, 'scale_lr': 0.6049356479940775}. Best is trial 82 with value: 0.36745269532797403.
checkpoint_e36 window_influence: 0.48863026110639252, penalty_k: 0.29373315349018758, scale_lr: 0.59207507589260033, EAO: 0.339
Trial 253 finished with value: 0.33858898525572007 and parameters: {'window_influence': 0.4886302611063925, 'penalty_k': 0.2937331534901876, 'scale_lr': 0.5920750758926003}. Best is trial 82 with value: 0.36745269532797403.
checkpoint_e36 window_influence: 0.46901082670984190, penalty_k: 0.18827403978302823, scale_lr: 0.64295889280110996, EAO: 0.327
Trial 254 finished with value: 0.32702784680902725 and parameters: {'window_influence': 0.4690108267098419, 'penalty_k': 0.18827403978302823, 'scale_lr': 0.64295889280111}. Best is trial 82 with value: 0.36745269532797403.
checkpoint_e36 window_influence: 0.61924429702727934, penalty_k: 0.35811997476222102, scale_lr: 0.61926853854880981, EAO: 0.258
Trial 255 finished with value: 0.25795595168139684 and parameters: {'window_influence': 0.6192442970272793, 'penalty_k': 0.358119974762221, 'scale_lr': 0.6192685385488098}. Best is trial 82 with value: 0.36745269532797403.
checkpoint_e36 window_influence: 0.45909021530040284, penalty_k: 0.15920821142489777, scale_lr: 0.67627476055478486, EAO: 0.350
Trial 256 finished with value: 0.3497072715703615 and parameters: {'window_influence': 0.45909021530040284, 'penalty_k': 0.15920821142489777, 'scale_lr': 0.6762747605547849}. Best is trial 82 with value: 0.36745269532797403.
checkpoint_e36 window_influence: 0.47309215395285031, penalty_k: 0.16943357907419399, scale_lr: 0.11428967544500684, EAO: 0.320
Trial 257 finished with value: 0.32049965267051517 and parameters: {'window_influence': 0.4730921539528503, 'penalty_k': 0.16943357907419399, 'scale_lr': 0.11428967544500684}. Best is trial 82 with value: 0.36745269532797403.
checkpoint_e36 window_influence: 0.50502063319971402, penalty_k: 0.19557821535656292, scale_lr: 0.49368761427921060, EAO: 0.333
Trial 258 finished with value: 0.33320141963457783 and parameters: {'window_influence': 0.505020633199714, 'penalty_k': 0.19557821535656292, 'scale_lr': 0.4936876142792106}. Best is trial 82 with value: 0.36745269532797403.
checkpoint_e36 window_influence: 0.48516353161689058, penalty_k: 0.21842257101236459, scale_lr: 0.60082530182010652, EAO: 0.350
Trial 259 finished with value: 0.34976379567547067 and parameters: {'window_influence': 0.4851635316168906, 'penalty_k': 0.2184225710123646, 'scale_lr': 0.6008253018201065}. Best is trial 82 with value: 0.36745269532797403.
checkpoint_e36 window_influence: 0.45865759969302955, penalty_k: 0.14547473833483943, scale_lr: 0.37901379620315323, EAO: 0.324
Trial 260 finished with value: 0.32447039304076464 and parameters: {'window_influence': 0.45865759969302955, 'penalty_k': 0.14547473833483943, 'scale_lr': 0.37901379620315323}. Best is trial 82 with value: 0.36745269532797403.
checkpoint_e36 window_influence: 0.44538516476159795, penalty_k: 0.18636640242049241, scale_lr: 0.62853777243109787, EAO: 0.331
Trial 261 finished with value: 0.3308024601249843 and parameters: {'window_influence': 0.44538516476159795, 'penalty_k': 0.1863664024204924, 'scale_lr': 0.6285377724310979}. Best is trial 82 with value: 0.36745269532797403.
checkpoint_e36 window_influence: 0.47293507714591693, penalty_k: 0.20641855989787550, scale_lr: 0.58577367631662314, EAO: 0.340
Trial 262 finished with value: 0.33976070878570647 and parameters: {'window_influence': 0.4729350771459169, 'penalty_k': 0.2064185598978755, 'scale_lr': 0.5857736763166231}. Best is trial 82 with value: 0.36745269532797403.
checkpoint_e36 window_influence: 0.37284483924057155, penalty_k: 0.17251247148865040, scale_lr: 0.61271376290924917, EAO: 0.311
Trial 263 finished with value: 0.31063473966798893 and parameters: {'window_influence': 0.37284483924057155, 'penalty_k': 0.1725124714886504, 'scale_lr': 0.6127137629092492}. Best is trial 82 with value: 0.36745269532797403.
checkpoint_e36 window_influence: 0.27502643249431352, penalty_k: 0.15459833459824152, scale_lr: 0.64933355936165171, EAO: 0.288
Trial 264 finished with value: 0.2875918003835567 and parameters: {'window_influence': 0.2750264324943135, 'penalty_k': 0.15459833459824152, 'scale_lr': 0.6493335593616517}. Best is trial 82 with value: 0.36745269532797403.
checkpoint_e36 window_influence: 0.41196979052055477, penalty_k: 0.19897929043092860, scale_lr: 0.59689511182908639, EAO: 0.336
Trial 265 finished with value: 0.33615902356136634 and parameters: {'window_influence': 0.41196979052055477, 'penalty_k': 0.1989792904309286, 'scale_lr': 0.5968951118290864}. Best is trial 82 with value: 0.36745269532797403.
checkpoint_e36 window_influence: 0.45796287972885807, penalty_k: 0.18483852343039303, scale_lr: 0.44448112540830570, EAO: 0.327
Trial 266 finished with value: 0.32702780401892234 and parameters: {'window_influence': 0.4579628797288581, 'penalty_k': 0.18483852343039303, 'scale_lr': 0.4444811254083057}. Best is trial 82 with value: 0.36745269532797403.
checkpoint_e36 window_influence: 0.49197153310416558, penalty_k: 0.22297046823993638, scale_lr: 0.58110015113981628, EAO: 0.339
Trial 267 finished with value: 0.33913545722163607 and parameters: {'window_influence': 0.4919715331041656, 'penalty_k': 0.22297046823993638, 'scale_lr': 0.5811001511398163}. Best is trial 82 with value: 0.36745269532797403.
checkpoint_e36 window_influence: 0.47712971726515535, penalty_k: 0.16607461294685349, scale_lr: 0.69269209821400268, EAO: 0.342
Trial 268 finished with value: 0.3421817398720678 and parameters: {'window_influence': 0.47712971726515535, 'penalty_k': 0.1660746129468535, 'scale_lr': 0.6926920982140027}. Best is trial 82 with value: 0.36745269532797403.
checkpoint_e36 window_influence: 0.44514552400751900, penalty_k: 0.47782595796796423, scale_lr: 0.62121729112976132, EAO: 0.326
Trial 269 finished with value: 0.3264986963123663 and parameters: {'window_influence': 0.445145524007519, 'penalty_k': 0.47782595796796423, 'scale_lr': 0.6212172911297613}. Best is trial 82 with value: 0.36745269532797403.
checkpoint_e36 window_influence: 0.46564611788884014, penalty_k: 0.28166676670116625, scale_lr: 0.60752709241254255, EAO: 0.331
Trial 270 finished with value: 0.33063083092758166 and parameters: {'window_influence': 0.46564611788884014, 'penalty_k': 0.28166676670116625, 'scale_lr': 0.6075270924125425}. Best is trial 82 with value: 0.36745269532797403.
checkpoint_e36 window_influence: 0.42047809292423061, penalty_k: 0.21065703230504521, scale_lr: 0.63427138398398486, EAO: 0.327
Trial 271 finished with value: 0.327297275980159 and parameters: {'window_influence': 0.4204780929242306, 'penalty_k': 0.2106570323050452, 'scale_lr': 0.6342713839839849}. Best is trial 82 with value: 0.36745269532797403.
checkpoint_e36 window_influence: 0.45081735847099558, penalty_k: 0.18956525423923049, scale_lr: 0.59413839341060615, EAO: 0.349
Trial 272 finished with value: 0.34874762681671617 and parameters: {'window_influence': 0.4508173584709956, 'penalty_k': 0.18956525423923049, 'scale_lr': 0.5941383934106061}. Best is trial 82 with value: 0.36745269532797403.
checkpoint_e36 window_influence: 0.39632188512032601, penalty_k: 0.24022285360189088, scale_lr: 0.66158464353749324, EAO: 0.310
Trial 273 finished with value: 0.310273084021264 and parameters: {'window_influence': 0.396321885120326, 'penalty_k': 0.24022285360189088, 'scale_lr': 0.6615846435374932}. Best is trial 82 with value: 0.36745269532797403.
checkpoint_e36 window_influence: 0.43541430776364004, penalty_k: 0.26461443945607988, scale_lr: 0.48046865313781578, EAO: 0.313
Trial 274 finished with value: 0.31257442121143936 and parameters: {'window_influence': 0.43541430776364004, 'penalty_k': 0.2646144394560799, 'scale_lr': 0.4804686531378158}. Best is trial 82 with value: 0.36745269532797403.
checkpoint_e36 window_influence: 0.57176420010660312, penalty_k: 0.14049365471318534, scale_lr: 0.26421618057944535, EAO: 0.292
Trial 275 finished with value: 0.2918703274272295 and parameters: {'window_influence': 0.5717642001066031, 'penalty_k': 0.14049365471318534, 'scale_lr': 0.26421618057944535}. Best is trial 82 with value: 0.36745269532797403.
checkpoint_e36 window_influence: 0.51630725410098410, penalty_k: 0.20032472866430862, scale_lr: 0.70233592508946152, EAO: 0.321
Trial 276 finished with value: 0.3212526768214044 and parameters: {'window_influence': 0.5163072541009841, 'penalty_k': 0.20032472866430862, 'scale_lr': 0.7023359250894615}. Best is trial 82 with value: 0.36745269532797403.
checkpoint_e36 window_influence: 0.48176261814957277, penalty_k: 0.17816969489855902, scale_lr: 0.57408441390981346, EAO: 0.341
Trial 277 finished with value: 0.3406754900277357 and parameters: {'window_influence': 0.4817626181495728, 'penalty_k': 0.17816969489855902, 'scale_lr': 0.5740844139098135}. Best is trial 82 with value: 0.36745269532797403.
checkpoint_e36 window_influence: 0.46171849918795405, penalty_k: 0.21738908798366902, scale_lr: 0.60981789144220278, EAO: 0.350
Trial 278 finished with value: 0.34994406806819633 and parameters: {'window_influence': 0.46171849918795405, 'penalty_k': 0.21738908798366902, 'scale_lr': 0.6098178914422028}. Best is trial 82 with value: 0.36745269532797403.
checkpoint_e36 window_influence: 0.50176903925409133, penalty_k: 0.12041115862024862, scale_lr: 0.62639902681236559, EAO: 0.323
Trial 279 finished with value: 0.3227541822983597 and parameters: {'window_influence': 0.5017690392540913, 'penalty_k': 0.12041115862024862, 'scale_lr': 0.6263990268123656}. Best is trial 82 with value: 0.36745269532797403.
checkpoint_e36 window_influence: 0.47102129123500136, penalty_k: 0.34555687537618895, scale_lr: 0.58411886339996355, EAO: 0.317
Trial 280 finished with value: 0.3174193737455843 and parameters: {'window_influence': 0.47102129123500136, 'penalty_k': 0.34555687537618895, 'scale_lr': 0.5841188633999636}. Best is trial 82 with value: 0.36745269532797403.
checkpoint_e36 window_influence: 0.45050821926445211, penalty_k: 0.33503386179344569, scale_lr: 0.33324645682718718, EAO: 0.317
Trial 281 finished with value: 0.31651038847544777 and parameters: {'window_influence': 0.4505082192644521, 'penalty_k': 0.3350338617934457, 'scale_lr': 0.3332464568271872}. Best is trial 82 with value: 0.36745269532797403.
checkpoint_e36 window_influence: 0.42829460954214971, penalty_k: 0.15923539121737054, scale_lr: 0.19321525555084806, EAO: 0.283
Trial 282 finished with value: 0.28268571197986603 and parameters: {'window_influence': 0.4282946095421497, 'penalty_k': 0.15923539121737054, 'scale_lr': 0.19321525555084806}. Best is trial 82 with value: 0.36745269532797403.
checkpoint_e36 window_influence: 0.48346290267039083, penalty_k: 0.23112264948089711, scale_lr: 0.64705352293587348, EAO: 0.333
Trial 283 finished with value: 0.3326097189916247 and parameters: {'window_influence': 0.4834629026703908, 'penalty_k': 0.2311226494808971, 'scale_lr': 0.6470535229358735}. Best is trial 82 with value: 0.36745269532797403.
checkpoint_e36 window_influence: 0.36229021876487810, penalty_k: 0.19499021462494454, scale_lr: 0.60169679400779752, EAO: 0.289
Trial 284 finished with value: 0.28913396950593717 and parameters: {'window_influence': 0.3622902187648781, 'penalty_k': 0.19499021462494454, 'scale_lr': 0.6016967940077975}. Best is trial 82 with value: 0.36745269532797403.
checkpoint_e36 window_influence: 0.46231589646657095, penalty_k: 0.17773707995472357, scale_lr: 0.57341491047590709, EAO: 0.341
Trial 285 finished with value: 0.3408936662200824 and parameters: {'window_influence': 0.46231589646657095, 'penalty_k': 0.17773707995472357, 'scale_lr': 0.5734149104759071}. Best is trial 82 with value: 0.36745269532797403.
checkpoint_e36 window_influence: 0.43976827913247041, penalty_k: 0.30624229155778304, scale_lr: 0.67167030910533909, EAO: 0.342
Trial 286 finished with value: 0.34232146069697367 and parameters: {'window_influence': 0.4397682791324704, 'penalty_k': 0.30624229155778304, 'scale_lr': 0.6716703091053391}. Best is trial 82 with value: 0.36745269532797403.
checkpoint_e36 window_influence: 0.54073352224436744, penalty_k: 0.20483019241697353, scale_lr: 0.63214270099371583, EAO: 0.313
Trial 287 finished with value: 0.31341653824548316 and parameters: {'window_influence': 0.5407335222443674, 'penalty_k': 0.20483019241697353, 'scale_lr': 0.6321427009937158}. Best is trial 82 with value: 0.36745269532797403.
checkpoint_e36 window_influence: 0.32289933733180520, penalty_k: 0.42360057123204581, scale_lr: 0.59302018629636610, EAO: 0.295
Trial 288 finished with value: 0.29479210026533226 and parameters: {'window_influence': 0.3228993373318052, 'penalty_k': 0.4236005712320458, 'scale_lr': 0.5930201862963661}. Best is trial 82 with value: 0.36745269532797403.
checkpoint_e36 window_influence: 0.47490489790824486, penalty_k: 0.18681012887654808, scale_lr: 0.61808302846693164, EAO: 0.352
Trial 289 finished with value: 0.3523524091633377 and parameters: {'window_influence': 0.47490489790824486, 'penalty_k': 0.18681012887654808, 'scale_lr': 0.6180830284669316}. Best is trial 82 with value: 0.36745269532797403.
checkpoint_e36 window_influence: 0.49237882437888858, penalty_k: 0.21551016075251972, scale_lr: 0.62181434362407950, EAO: 0.341
Trial 290 finished with value: 0.34088751198252815 and parameters: {'window_influence': 0.4923788243788886, 'penalty_k': 0.21551016075251972, 'scale_lr': 0.6218143436240795}. Best is trial 82 with value: 0.36745269532797403.
checkpoint_e36 window_influence: 0.47655390530276043, penalty_k: 0.18863287858849304, scale_lr: 0.63791540837274663, EAO: 0.354
Trial 291 finished with value: 0.35355468123339495 and parameters: {'window_influence': 0.4765539053027604, 'penalty_k': 0.18863287858849304, 'scale_lr': 0.6379154083727466}. Best is trial 82 with value: 0.36745269532797403.
checkpoint_e36 window_influence: 0.50121672216915936, penalty_k: 0.19031636932320323, scale_lr: 0.65062590778891805, EAO: 0.320
Trial 292 finished with value: 0.3201280544124225 and parameters: {'window_influence': 0.5012167221691594, 'penalty_k': 0.19031636932320323, 'scale_lr': 0.650625907788918}. Best is trial 82 with value: 0.36745269532797403.
checkpoint_e36 window_influence: 0.47860787858959175, penalty_k: 0.24380593319578564, scale_lr: 0.64214513947895180, EAO: 0.355
Trial 293 finished with value: 0.3550785909830828 and parameters: {'window_influence': 0.47860787858959175, 'penalty_k': 0.24380593319578564, 'scale_lr': 0.6421451394789518}. Best is trial 82 with value: 0.36745269532797403.
checkpoint_e36 window_influence: 0.48920952784304195, penalty_k: 0.24009976556465792, scale_lr: 0.63896141543113438, EAO: 0.377
Trial 294 finished with value: 0.3769690837377704 and parameters: {'window_influence': 0.48920952784304195, 'penalty_k': 0.24009976556465792, 'scale_lr': 0.6389614154311344}. Best is trial 294 with value: 0.3769690837377704.
checkpoint_e36 window_influence: 0.51144395441150126, penalty_k: 0.24318637997026196, scale_lr: 0.64022819514820217, EAO: 0.329
Trial 295 finished with value: 0.3292031457451995 and parameters: {'window_influence': 0.5114439544115013, 'penalty_k': 0.24318637997026196, 'scale_lr': 0.6402281951482022}. Best is trial 294 with value: 0.3769690837377704.
checkpoint_e36 window_influence: 0.48361953453524731, penalty_k: 0.23493116275929471, scale_lr: 0.65495282966507062, EAO: 0.344
Trial 296 finished with value: 0.343998656778484 and parameters: {'window_influence': 0.4836195345352473, 'penalty_k': 0.2349311627592947, 'scale_lr': 0.6549528296650706}. Best is trial 294 with value: 0.3769690837377704.
checkpoint_e36 window_influence: 0.49357944269652565, penalty_k: 0.24693786914921512, scale_lr: 0.63367592203732936, EAO: 0.358
Trial 297 finished with value: 0.35752427566376177 and parameters: {'window_influence': 0.49357944269652565, 'penalty_k': 0.24693786914921512, 'scale_lr': 0.6336759220373294}. Best is trial 294 with value: 0.3769690837377704.
checkpoint_e36 window_influence: 0.49536205154116769, penalty_k: 0.25778973466584987, scale_lr: 0.63890413703117788, EAO: 0.355
Trial 298 finished with value: 0.3548356672669199 and parameters: {'window_influence': 0.4953620515411677, 'penalty_k': 0.25778973466584987, 'scale_lr': 0.6389041370311779}. Best is trial 294 with value: 0.3769690837377704.
checkpoint_e36 window_influence: 0.52408245677777032, penalty_k: 0.25435023847846361, scale_lr: 0.63551487202956813, EAO: 0.306
Trial 299 finished with value: 0.30621697582623375 and parameters: {'window_influence': 0.5240824567777703, 'penalty_k': 0.2543502384784636, 'scale_lr': 0.6355148720295681}. Best is trial 294 with value: 0.3769690837377704.
checkpoint_e36 window_influence: 0.50160849003695274, penalty_k: 0.25281794058857865, scale_lr: 0.65543927867527241, EAO: 0.318
Trial 300 finished with value: 0.31840079263258536 and parameters: {'window_influence': 0.5016084900369527, 'penalty_k': 0.25281794058857865, 'scale_lr': 0.6554392786752724}. Best is trial 294 with value: 0.3769690837377704.
checkpoint_e36 window_influence: 0.49220915214171157, penalty_k: 0.26053253475124977, scale_lr: 0.66447501830748024, EAO: 0.331
Trial 301 finished with value: 0.3314466906660726 and parameters: {'window_influence': 0.49220915214171157, 'penalty_k': 0.26053253475124977, 'scale_lr': 0.6644750183074802}. Best is trial 294 with value: 0.3769690837377704.
checkpoint_e36 window_influence: 0.51565714101013593, penalty_k: 0.27279104790423597, scale_lr: 0.64167188896793426, EAO: 0.316
Trial 302 finished with value: 0.31611060035135957 and parameters: {'window_influence': 0.5156571410101359, 'penalty_k': 0.272791047904236, 'scale_lr': 0.6416718889679343}. Best is trial 294 with value: 0.3769690837377704.
checkpoint_e36 window_influence: 0.49151241833698306, penalty_k: 0.24775506927955843, scale_lr: 0.62977617761437066, EAO: 0.359
Trial 303 finished with value: 0.3588092973028176 and parameters: {'window_influence': 0.49151241833698306, 'penalty_k': 0.24775506927955843, 'scale_lr': 0.6297761776143707}. Best is trial 294 with value: 0.3769690837377704.
checkpoint_e36 window_influence: 0.50263121421060364, penalty_k: 0.24665328254792807, scale_lr: 0.62999620991592997, EAO: 0.344
Trial 304 finished with value: 0.3441691904216425 and parameters: {'window_influence': 0.5026312142106036, 'penalty_k': 0.24665328254792807, 'scale_lr': 0.62999620991593}. Best is trial 294 with value: 0.3769690837377704.
checkpoint_e36 window_influence: 0.49504133116807553, penalty_k: 0.24369967863464417, scale_lr: 0.67642299338425071, EAO: 0.331
Trial 305 finished with value: 0.3311852963518076 and parameters: {'window_influence': 0.4950413311680755, 'penalty_k': 0.24369967863464417, 'scale_lr': 0.6764229933842507}. Best is trial 294 with value: 0.3769690837377704.
checkpoint_e36 window_influence: 0.48831901154006080, penalty_k: 0.26433956887693638, scale_lr: 0.64787346527760770, EAO: 0.332
Trial 306 finished with value: 0.33224960767341494 and parameters: {'window_influence': 0.4883190115400608, 'penalty_k': 0.2643395688769364, 'scale_lr': 0.6478734652776077}. Best is trial 294 with value: 0.3769690837377704.
checkpoint_e36 window_influence: 0.50827901795029351, penalty_k: 0.23017619410124790, scale_lr: 0.63709135557874108, EAO: 0.333
Trial 307 finished with value: 0.33263016431248144 and parameters: {'window_influence': 0.5082790179502935, 'penalty_k': 0.2301761941012479, 'scale_lr': 0.6370913555787411}. Best is trial 294 with value: 0.3769690837377704.
checkpoint_e36 window_influence: 0.52841091739944046, penalty_k: 0.24906367020888959, scale_lr: 0.62402013289306579, EAO: 0.315
Trial 308 finished with value: 0.3147649511057115 and parameters: {'window_influence': 0.5284109173994405, 'penalty_k': 0.2490636702088896, 'scale_lr': 0.6240201328930658}. Best is trial 294 with value: 0.3769690837377704.
checkpoint_e36 window_influence: 0.47933634554984067, penalty_k: 0.27844452349909987, scale_lr: 0.65249336664949198, EAO: 0.353
Trial 309 finished with value: 0.35341939121368793 and parameters: {'window_influence': 0.47933634554984067, 'penalty_k': 0.27844452349909987, 'scale_lr': 0.652493366649492}. Best is trial 294 with value: 0.3769690837377704.
checkpoint_e36 window_influence: 0.48093376704640411, penalty_k: 0.25462220908297217, scale_lr: 0.66817878050471236, EAO: 0.329
