Trial 82 finished with value: 0.32797137534803916 and parameters: {'window_influence': 0.41691053906092884, 'penalty_k': 0.38222394381772795, 'scale_lr': 0.5910028001656316}. Best is trial 46 with value: 0.3517066789972179.
checkpoint_e29 window_influence: 0.39463779168536262, penalty_k: 0.35258045297986046, scale_lr: 0.57104231518829562, EAO: 0.320
Trial 83 finished with value: 0.3195757226373435 and parameters: {'window_influence': 0.3946377916853626, 'penalty_k': 0.35258045297986046, 'scale_lr': 0.5710423151882956}. Best is trial 46 with value: 0.3517066789972179.
checkpoint_e29 window_influence: 0.46535105395279780, penalty_k: 0.42544359883045757, scale_lr: 0.67176461823984301, EAO: 0.318
Trial 84 finished with value: 0.31816378363375536 and parameters: {'window_influence': 0.4653510539527978, 'penalty_k': 0.42544359883045757, 'scale_lr': 0.671764618239843}. Best is trial 46 with value: 0.3517066789972179.
checkpoint_e29 window_influence: 0.40751379651405306, penalty_k: 0.36761302167532933, scale_lr: 0.63931682040046223, EAO: 0.301
Trial 85 finished with value: 0.3014675869899965 and parameters: {'window_influence': 0.40751379651405306, 'penalty_k': 0.36761302167532933, 'scale_lr': 0.6393168204004622}. Best is trial 46 with value: 0.3517066789972179.
checkpoint_e29 window_influence: 0.43611194412668775, penalty_k: 0.33941442488925394, scale_lr: 0.60369746449715100, EAO: 0.338
Trial 86 finished with value: 0.33825162818459686 and parameters: {'window_influence': 0.43611194412668775, 'penalty_k': 0.33941442488925394, 'scale_lr': 0.603697464497151}. Best is trial 46 with value: 0.3517066789972179.
checkpoint_e29 window_influence: 0.37312405086928535, penalty_k: 0.30051509585860753, scale_lr: 0.63055266888094275, EAO: 0.310
Trial 87 finished with value: 0.31024211639328225 and parameters: {'window_influence': 0.37312405086928535, 'penalty_k': 0.30051509585860753, 'scale_lr': 0.6305526688809427}. Best is trial 46 with value: 0.3517066789972179.
checkpoint_e29 window_influence: 0.48271913481105666, penalty_k: 0.39842321018929233, scale_lr: 0.70080404523404061, EAO: 0.327
Trial 88 finished with value: 0.32666465848800275 and parameters: {'window_influence': 0.48271913481105666, 'penalty_k': 0.39842321018929233, 'scale_lr': 0.7008040452340406}. Best is trial 46 with value: 0.3517066789972179.
checkpoint_e29 window_influence: 0.45455046353328848, penalty_k: 0.32085183731190775, scale_lr: 0.64817593932496764, EAO: 0.318
Trial 89 finished with value: 0.31805020756294755 and parameters: {'window_influence': 0.4545504635332885, 'penalty_k': 0.32085183731190775, 'scale_lr': 0.6481759393249676}. Best is trial 46 with value: 0.3517066789972179.
checkpoint_e29 window_influence: 0.43150847573182211, penalty_k: 0.38353434400197084, scale_lr: 0.60989862778471804, EAO: 0.316
Trial 90 finished with value: 0.3158413704615159 and parameters: {'window_influence': 0.4315084757318221, 'penalty_k': 0.38353434400197084, 'scale_lr': 0.609898627784718}. Best is trial 46 with value: 0.3517066789972179.
checkpoint_e29 window_influence: 0.41886158910100862, penalty_k: 0.39984025646278964, scale_lr: 0.62021337785321273, EAO: 0.317
Trial 91 finished with value: 0.31701866267720086 and parameters: {'window_influence': 0.4188615891010086, 'penalty_k': 0.39984025646278964, 'scale_lr': 0.6202133778532127}. Best is trial 46 with value: 0.3517066789972179.
checkpoint_e29 window_influence: 0.40650707911673267, penalty_k: 0.41773680768872018, scale_lr: 0.59496312906534332, EAO: 0.314
Trial 92 finished with value: 0.31424320184767013 and parameters: {'window_influence': 0.4065070791167327, 'penalty_k': 0.4177368076887202, 'scale_lr': 0.5949631290653433}. Best is trial 46 with value: 0.3517066789972179.
checkpoint_e29 window_influence: 0.42707732862829595, penalty_k: 0.34572179521350194, scale_lr: 0.67983578288169211, EAO: 0.319
Trial 93 finished with value: 0.31879228144768146 and parameters: {'window_influence': 0.42707732862829595, 'penalty_k': 0.34572179521350194, 'scale_lr': 0.6798357828816921}. Best is trial 46 with value: 0.3517066789972179.
checkpoint_e29 window_influence: 0.44519004941275009, penalty_k: 0.36791357142533737, scale_lr: 0.54032281888714773, EAO: 0.321
Trial 94 finished with value: 0.3205588715085724 and parameters: {'window_influence': 0.4451900494127501, 'penalty_k': 0.36791357142533737, 'scale_lr': 0.5403228188871477}. Best is trial 46 with value: 0.3517066789972179.
checkpoint_e29 window_influence: 0.46560506912604266, penalty_k: 0.35465072685169452, scale_lr: 0.57443328886995715, EAO: 0.317
Trial 95 finished with value: 0.3171435633985913 and parameters: {'window_influence': 0.46560506912604266, 'penalty_k': 0.3546507268516945, 'scale_lr': 0.5744332888699571}. Best is trial 46 with value: 0.3517066789972179.
checkpoint_e29 window_influence: 0.38860385128378822, penalty_k: 0.38633275024367286, scale_lr: 0.62131460220295098, EAO: 0.312
Trial 96 finished with value: 0.3115591269986639 and parameters: {'window_influence': 0.3886038512837882, 'penalty_k': 0.38633275024367286, 'scale_lr': 0.621314602202951}. Best is trial 46 with value: 0.3517066789972179.
checkpoint_e29 window_influence: 0.35978799320333127, penalty_k: 0.33309486604985045, scale_lr: 0.56854594012043291, EAO: 0.335
Trial 97 finished with value: 0.33520042989040627 and parameters: {'window_influence': 0.35978799320333127, 'penalty_k': 0.33309486604985045, 'scale_lr': 0.5685459401204329}. Best is trial 46 with value: 0.3517066789972179.
checkpoint_e29 window_influence: 0.40299695947210046, penalty_k: 0.41266444444719341, scale_lr: 0.66809210380049555, EAO: 0.332
Trial 98 finished with value: 0.33236333843798954 and parameters: {'window_influence': 0.40299695947210046, 'penalty_k': 0.4126644444471934, 'scale_lr': 0.6680921038004956}. Best is trial 46 with value: 0.3517066789972179.
checkpoint_e29 window_influence: 0.47894195638281500, penalty_k: 0.43330160626918163, scale_lr: 0.59176792868167671, EAO: 0.329
Trial 99 finished with value: 0.3287789895840656 and parameters: {'window_influence': 0.478941956382815, 'penalty_k': 0.4333016062691816, 'scale_lr': 0.5917679286816767}. Best is trial 46 with value: 0.3517066789972179.
checkpoint_e29 window_influence: 0.42100103380804721, penalty_k: 0.39785788485174384, scale_lr: 0.53403362369721052, EAO: 0.342
Trial 100 finished with value: 0.34195291833654917 and parameters: {'window_influence': 0.4210010338080472, 'penalty_k': 0.39785788485174384, 'scale_lr': 0.5340336236972105}. Best is trial 46 with value: 0.3517066789972179.
checkpoint_e29 window_influence: 0.43408103080343691, penalty_k: 0.28198962281061307, scale_lr: 0.73728909097830031, EAO: 0.336
Trial 101 finished with value: 0.3362228904020925 and parameters: {'window_influence': 0.4340810308034369, 'penalty_k': 0.28198962281061307, 'scale_lr': 0.7372890909783003}. Best is trial 46 with value: 0.3517066789972179.
checkpoint_e29 window_influence: 0.44926181038219615, penalty_k: 0.31961929481748091, scale_lr: 0.71154251703217875, EAO: 0.324
Trial 102 finished with value: 0.3241374758199031 and parameters: {'window_influence': 0.44926181038219615, 'penalty_k': 0.3196192948174809, 'scale_lr': 0.7115425170321787}. Best is trial 46 with value: 0.3517066789972179.
checkpoint_e29 window_influence: 0.43818598290430039, penalty_k: 0.29554533497202684, scale_lr: 0.69255218842074284, EAO: 0.335
Trial 103 finished with value: 0.33505941631729036 and parameters: {'window_influence': 0.4381859829043004, 'penalty_k': 0.29554533497202684, 'scale_lr': 0.6925521884207428}. Best is trial 46 with value: 0.3517066789972179.
checkpoint_e29 window_influence: 0.45721328417631613, penalty_k: 0.37322573208948062, scale_lr: 0.71806446965589255, EAO: 0.335
Trial 104 finished with value: 0.33534028592740517 and parameters: {'window_influence': 0.4572132841763161, 'penalty_k': 0.3732257320894806, 'scale_lr': 0.7180644696558925}. Best is trial 46 with value: 0.3517066789972179.
checkpoint_e29 window_influence: 0.41455002556772325, penalty_k: 0.35533157921958369, scale_lr: 0.65651866242606149, EAO: 0.343
Trial 105 finished with value: 0.34291372514884294 and parameters: {'window_influence': 0.41455002556772325, 'penalty_k': 0.3553315792195837, 'scale_lr': 0.6565186624260615}. Best is trial 46 with value: 0.3517066789972179.
checkpoint_e29 window_influence: 0.47067061266680643, penalty_k: 0.26648376089400716, scale_lr: 0.76153459711341698, EAO: 0.336
Trial 106 finished with value: 0.33615572118573617 and parameters: {'window_influence': 0.47067061266680643, 'penalty_k': 0.26648376089400716, 'scale_lr': 0.761534597113417}. Best is trial 46 with value: 0.3517066789972179.
checkpoint_e29 window_influence: 0.49810952121086860, penalty_k: 0.34159106221027974, scale_lr: 0.72506644266105036, EAO: 0.314
Trial 107 finished with value: 0.3138006875139266 and parameters: {'window_influence': 0.4981095212108686, 'penalty_k': 0.34159106221027974, 'scale_lr': 0.7250664426610504}. Best is trial 46 with value: 0.3517066789972179.
checkpoint_e29 window_influence: 0.39607866741514824, penalty_k: 0.30505353241979077, scale_lr: 0.62905995529007241, EAO: 0.317
Trial 108 finished with value: 0.3171877856964267 and parameters: {'window_influence': 0.39607866741514824, 'penalty_k': 0.3050535324197908, 'scale_lr': 0.6290599552900724}. Best is trial 46 with value: 0.3517066789972179.
checkpoint_e29 window_influence: 0.38034337465226992, penalty_k: 0.32777459241921947, scale_lr: 0.64545566462023840, EAO: 0.353
Trial 109 finished with value: 0.3528521070220591 and parameters: {'window_influence': 0.3803433746522699, 'penalty_k': 0.32777459241921947, 'scale_lr': 0.6454556646202384}. Best is trial 109 with value: 0.3528521070220591.
checkpoint_e29 window_influence: 0.38000643654321303, penalty_k: 0.32692861650214117, scale_lr: 0.65065443686279600, EAO: 0.332
Trial 110 finished with value: 0.3315474124270191 and parameters: {'window_influence': 0.38000643654321303, 'penalty_k': 0.32692861650214117, 'scale_lr': 0.650654436862796}. Best is trial 109 with value: 0.3528521070220591.
checkpoint_e29 window_influence: 0.43811793143688033, penalty_k: 0.37584625165310576, scale_lr: 0.63853677523102237, EAO: 0.350
Trial 111 finished with value: 0.3497215779606934 and parameters: {'window_influence': 0.4381179314368803, 'penalty_k': 0.37584625165310576, 'scale_lr': 0.6385367752310224}. Best is trial 109 with value: 0.3528521070220591.
checkpoint_e29 window_influence: 0.42652117001648232, penalty_k: 0.36846151653554166, scale_lr: 0.60879262003021450, EAO: 0.347
Trial 112 finished with value: 0.34683240781962177 and parameters: {'window_influence': 0.4265211700164823, 'penalty_k': 0.36846151653554166, 'scale_lr': 0.6087926200302145}. Best is trial 109 with value: 0.3528521070220591.
checkpoint_e29 window_influence: 0.44283278282239724, penalty_k: 0.36079237456353369, scale_lr: 0.60377144356680967, EAO: 0.333
Trial 113 finished with value: 0.33292589391715793 and parameters: {'window_influence': 0.44283278282239724, 'penalty_k': 0.3607923745635337, 'scale_lr': 0.6037714435668097}. Best is trial 109 with value: 0.3528521070220591.
checkpoint_e29 window_influence: 0.40770917363758613, penalty_k: 0.37695931458132509, scale_lr: 0.64124182829078524, EAO: 0.322
Trial 114 finished with value: 0.32222543314737107 and parameters: {'window_influence': 0.40770917363758613, 'penalty_k': 0.3769593145813251, 'scale_lr': 0.6412418282907852}. Best is trial 109 with value: 0.3528521070220591.
checkpoint_e29 window_influence: 0.37121383708474215, penalty_k: 0.34793899895475000, scale_lr: 0.58660484941787472, EAO: 0.304
Trial 115 finished with value: 0.30421782751723486 and parameters: {'window_influence': 0.37121383708474215, 'penalty_k': 0.34793899895475, 'scale_lr': 0.5866048494178747}. Best is trial 109 with value: 0.3528521070220591.
checkpoint_e29 window_influence: 0.43178401154217066, penalty_k: 0.33232878044246761, scale_lr: 0.67583198765381325, EAO: 0.316
Trial 116 finished with value: 0.31556481221538574 and parameters: {'window_influence': 0.43178401154217066, 'penalty_k': 0.3323287804424676, 'scale_lr': 0.6758319876538132}. Best is trial 109 with value: 0.3528521070220591.
checkpoint_e29 window_influence: 0.46091476908048745, penalty_k: 0.36167260715568805, scale_lr: 0.56325248770930747, EAO: 0.320
Trial 117 finished with value: 0.3199298189887741 and parameters: {'window_influence': 0.46091476908048745, 'penalty_k': 0.36167260715568805, 'scale_lr': 0.5632524877093075}. Best is trial 109 with value: 0.3528521070220591.
checkpoint_e29 window_influence: 0.38115922211832531, penalty_k: 0.37440838103227148, scale_lr: 0.61146116038104448, EAO: 0.313
Trial 118 finished with value: 0.31290544789820796 and parameters: {'window_influence': 0.3811592221183253, 'penalty_k': 0.3744083810322715, 'scale_lr': 0.6114611603810445}. Best is trial 109 with value: 0.3528521070220591.
checkpoint_e29 window_influence: 0.39436832427817431, penalty_k: 0.38790969187092472, scale_lr: 0.63035072760948718, EAO: 0.349
Trial 119 finished with value: 0.34899834737703495 and parameters: {'window_influence': 0.3943683242781743, 'penalty_k': 0.3879096918709247, 'scale_lr': 0.6303507276094872}. Best is trial 109 with value: 0.3528521070220591.
checkpoint_e29 window_influence: 0.39594536124267787, penalty_k: 0.39000559384554967, scale_lr: 0.63432138700092189, EAO: 0.347
Trial 120 finished with value: 0.347487083436914 and parameters: {'window_influence': 0.3959453612426779, 'penalty_k': 0.39000559384554967, 'scale_lr': 0.6343213870009219}. Best is trial 109 with value: 0.3528521070220591.
checkpoint_e29 window_influence: 0.39293812373651615, penalty_k: 0.38906684620786353, scale_lr: 0.62483323443520222, EAO: 0.326
Trial 121 finished with value: 0.32575160653442725 and parameters: {'window_influence': 0.39293812373651615, 'penalty_k': 0.3890668462078635, 'scale_lr': 0.6248332344352022}. Best is trial 109 with value: 0.3528521070220591.
checkpoint_e29 window_influence: 0.36116962050998680, penalty_k: 0.40868891683727970, scale_lr: 0.63908014640953459, EAO: 0.319
Trial 122 finished with value: 0.31894755896891136 and parameters: {'window_influence': 0.3611696205099868, 'penalty_k': 0.4086889168372797, 'scale_lr': 0.6390801464095346}. Best is trial 109 with value: 0.3528521070220591.
checkpoint_e29 window_influence: 0.41177968611907018, penalty_k: 0.39261231442544819, scale_lr: 0.57838044658863608, EAO: 0.306
Trial 123 finished with value: 0.306138642219254 and parameters: {'window_influence': 0.4117796861190702, 'penalty_k': 0.3926123144254482, 'scale_lr': 0.5783804465886361}. Best is trial 109 with value: 0.3528521070220591.
checkpoint_e29 window_influence: 0.33426411219618257, penalty_k: 0.36699701616888480, scale_lr: 0.66051411764738177, EAO: 0.331
Trial 124 finished with value: 0.3308707191554489 and parameters: {'window_influence': 0.3342641121961826, 'penalty_k': 0.3669970161688848, 'scale_lr': 0.6605141176473818}. Best is trial 109 with value: 0.3528521070220591.
checkpoint_e29 window_influence: 0.40039949245249945, penalty_k: 0.35128199776840552, scale_lr: 0.60385855126725718, EAO: 0.346
Trial 125 finished with value: 0.34556668996810913 and parameters: {'window_influence': 0.40039949245249945, 'penalty_k': 0.3512819977684055, 'scale_lr': 0.6038585512672572}. Best is trial 109 with value: 0.3528521070220591.
checkpoint_e29 window_influence: 0.40001468151195152, penalty_k: 0.38110040029341680, scale_lr: 0.60572701213809543, EAO: 0.347
Trial 126 finished with value: 0.347112931630027 and parameters: {'window_influence': 0.4000146815119515, 'penalty_k': 0.3811004002934168, 'scale_lr': 0.6057270121380954}. Best is trial 109 with value: 0.3528521070220591.
checkpoint_e29 window_influence: 0.38325282815785833, penalty_k: 0.42141358554254038, scale_lr: 0.63201593667296085, EAO: 0.324
Trial 127 finished with value: 0.32435114971626594 and parameters: {'window_influence': 0.3832528281578583, 'penalty_k': 0.4214135855425404, 'scale_lr': 0.6320159366729609}. Best is trial 109 with value: 0.3528521070220591.
checkpoint_e29 window_influence: 0.35316015736962153, penalty_k: 0.38323924954240346, scale_lr: 0.64844959681749614, EAO: 0.317
Trial 128 finished with value: 0.3167162105035225 and parameters: {'window_influence': 0.35316015736962153, 'penalty_k': 0.38323924954240346, 'scale_lr': 0.6484495968174961}. Best is trial 109 with value: 0.3528521070220591.
checkpoint_e29 window_influence: 0.41586845606407236, penalty_k: 0.40880573132469189, scale_lr: 0.61243025973206644, EAO: 0.329
Trial 129 finished with value: 0.3294377662096506 and parameters: {'window_influence': 0.41586845606407236, 'penalty_k': 0.4088057313246919, 'scale_lr': 0.6124302597320664}. Best is trial 109 with value: 0.3528521070220591.
checkpoint_e29 window_influence: 0.37134103299864046, penalty_k: 0.44380531113712590, scale_lr: 0.58820795911181090, EAO: 0.314
Trial 130 finished with value: 0.3142581975761555 and parameters: {'window_influence': 0.37134103299864046, 'penalty_k': 0.4438053111371259, 'scale_lr': 0.5882079591118109}. Best is trial 109 with value: 0.3528521070220591.
checkpoint_e29 window_influence: 0.39551837075916713, penalty_k: 0.35237140216751295, scale_lr: 0.59891162585669244, EAO: 0.335
Trial 131 finished with value: 0.3349087049293147 and parameters: {'window_influence': 0.3955183707591671, 'penalty_k': 0.35237140216751295, 'scale_lr': 0.5989116258566924}. Best is trial 109 with value: 0.3528521070220591.
checkpoint_e29 window_influence: 0.40199666710756971, penalty_k: 0.37542806958022829, scale_lr: 0.62386312532595578, EAO: 0.335
Trial 132 finished with value: 0.3353806173986962 and parameters: {'window_influence': 0.4019966671075697, 'penalty_k': 0.3754280695802283, 'scale_lr': 0.6238631253259558}. Best is trial 109 with value: 0.3528521070220591.
checkpoint_e29 window_influence: 0.43139675577617786, penalty_k: 0.39336432101057123, scale_lr: 0.66534874279276768, EAO: 0.320
Trial 133 finished with value: 0.3195568306900648 and parameters: {'window_influence': 0.43139675577617786, 'penalty_k': 0.3933643210105712, 'scale_lr': 0.6653487427927677}. Best is trial 109 with value: 0.3528521070220591.
checkpoint_e29 window_influence: 0.42034670255983669, penalty_k: 0.36434054232516178, scale_lr: 0.55769772983602384, EAO: 0.325
Trial 134 finished with value: 0.3254675579326162 and parameters: {'window_influence': 0.4203467025598367, 'penalty_k': 0.3643405423251618, 'scale_lr': 0.5576977298360238}. Best is trial 109 with value: 0.3528521070220591.
checkpoint_e29 window_influence: 0.40288997110248437, penalty_k: 0.31276850616420765, scale_lr: 0.64218526709067969, EAO: 0.334
Trial 135 finished with value: 0.3341211987376677 and parameters: {'window_influence': 0.40288997110248437, 'penalty_k': 0.31276850616420765, 'scale_lr': 0.6421852670906797}. Best is trial 109 with value: 0.3528521070220591.
checkpoint_e29 window_influence: 0.45071169805184358, penalty_k: 0.33815712727438646, scale_lr: 0.60228603869722130, EAO: 0.352
Trial 136 finished with value: 0.35181074928680744 and parameters: {'window_influence': 0.4507116980518436, 'penalty_k': 0.33815712727438646, 'scale_lr': 0.6022860386972213}. Best is trial 109 with value: 0.3528521070220591.
checkpoint_e29 window_influence: 0.44681060494405705, penalty_k: 0.33755152439542224, scale_lr: 0.68724711881379652, EAO: 0.339
Trial 137 finished with value: 0.3386392316233787 and parameters: {'window_influence': 0.44681060494405705, 'penalty_k': 0.33755152439542224, 'scale_lr': 0.6872471188137965}. Best is trial 109 with value: 0.3528521070220591.
checkpoint_e29 window_influence: 0.42438178164944629, penalty_k: 0.32506917715231853, scale_lr: 0.57948991769742353, EAO: 0.347
Trial 138 finished with value: 0.3469058169697045 and parameters: {'window_influence': 0.4243817816494463, 'penalty_k': 0.32506917715231853, 'scale_lr': 0.5794899176974235}. Best is trial 109 with value: 0.3528521070220591.
checkpoint_e29 window_influence: 0.47751124416547036, penalty_k: 0.40213214126996627, scale_lr: 0.57857153068588074, EAO: 0.333
Trial 139 finished with value: 0.33315787809368236 and parameters: {'window_influence': 0.47751124416547036, 'penalty_k': 0.40213214126996627, 'scale_lr': 0.5785715306858807}. Best is trial 109 with value: 0.3528521070220591.
checkpoint_e29 window_influence: 0.44788221928298733, penalty_k: 0.32101727899937427, scale_lr: 0.51026457574820316, EAO: 0.354
Trial 140 finished with value: 0.3536974293712512 and parameters: {'window_influence': 0.4478822192829873, 'penalty_k': 0.32101727899937427, 'scale_lr': 0.5102645757482032}. Best is trial 140 with value: 0.3536974293712512.
checkpoint_e29 window_influence: 0.43018612878793594, penalty_k: 0.31346266551238300, scale_lr: 0.51441525871334748, EAO: 0.335
Trial 141 finished with value: 0.33470464541290523 and parameters: {'window_influence': 0.43018612878793594, 'penalty_k': 0.313462665512383, 'scale_lr': 0.5144152587133475}. Best is trial 140 with value: 0.3536974293712512.
checkpoint_e29 window_influence: 0.45222264798909462, penalty_k: 0.32365671678115721, scale_lr: 0.55384327339835493, EAO: 0.328
Trial 142 finished with value: 0.3283201036866073 and parameters: {'window_influence': 0.4522226479890946, 'penalty_k': 0.3236567167811572, 'scale_lr': 0.5538432733983549}. Best is trial 140 with value: 0.3536974293712512.
checkpoint_e29 window_influence: 0.44178582754765033, penalty_k: 0.37827685423134333, scale_lr: 0.54818096130654981, EAO: 0.338
Trial 143 finished with value: 0.3383309419053074 and parameters: {'window_influence': 0.44178582754765033, 'penalty_k': 0.37827685423134333, 'scale_lr': 0.5481809613065498}. Best is trial 140 with value: 0.3536974293712512.
checkpoint_e29 window_influence: 0.45193973128986070, penalty_k: 0.34193107739510653, scale_lr: 0.53392530970488272, EAO: 0.323
