Trial 514 finished with value: 0.32141437326423855 and parameters: {'window_influence': 0.46232094949538016, 'penalty_k': 0.20240038191249854, 'scale_lr': 0.5053256194225118}. Best is trial 374 with value: 0.3602400896382239.
checkpoint_e24 window_influence: 0.49431888084479270, penalty_k: 0.37698433491159683, scale_lr: 0.76596701744278828, EAO: 0.314
Trial 515 finished with value: 0.3141332640954029 and parameters: {'window_influence': 0.4943188808447927, 'penalty_k': 0.37698433491159683, 'scale_lr': 0.7659670174427883}. Best is trial 374 with value: 0.3602400896382239.
checkpoint_e24 window_influence: 0.39370191572339530, penalty_k: 0.09119302559583464, scale_lr: 0.51494351754945744, EAO: 0.325
Trial 516 finished with value: 0.32451284975393274 and parameters: {'window_influence': 0.3937019157233953, 'penalty_k': 0.09119302559583464, 'scale_lr': 0.5149435175494574}. Best is trial 374 with value: 0.3602400896382239.
checkpoint_e24 window_influence: 0.45075427067710439, penalty_k: 0.39507014691679498, scale_lr: 0.49628097352724543, EAO: 0.319
Trial 517 finished with value: 0.31949885021387836 and parameters: {'window_influence': 0.4507542706771044, 'penalty_k': 0.395070146916795, 'scale_lr': 0.49628097352724543}. Best is trial 374 with value: 0.3602400896382239.
checkpoint_e24 window_influence: 0.47588532079195695, penalty_k: 0.21765203146486353, scale_lr: 0.52849528250513256, EAO: 0.338
Trial 518 finished with value: 0.3378529537048785 and parameters: {'window_influence': 0.47588532079195695, 'penalty_k': 0.21765203146486353, 'scale_lr': 0.5284952825051326}. Best is trial 374 with value: 0.3602400896382239.
checkpoint_e24 window_influence: 0.47246900888809945, penalty_k: 0.21606488399526572, scale_lr: 0.56798570693927308, EAO: 0.304
Trial 519 finished with value: 0.3039044407902988 and parameters: {'window_influence': 0.47246900888809945, 'penalty_k': 0.21606488399526572, 'scale_lr': 0.5679857069392731}. Best is trial 374 with value: 0.3602400896382239.
checkpoint_e24 window_influence: 0.43813158787499196, penalty_k: 0.47705391135998354, scale_lr: 0.53161416522642946, EAO: 0.350
Trial 520 finished with value: 0.35027816520590727 and parameters: {'window_influence': 0.43813158787499196, 'penalty_k': 0.47705391135998354, 'scale_lr': 0.5316141652264295}. Best is trial 374 with value: 0.3602400896382239.
checkpoint_e24 window_influence: 0.43762083899161430, penalty_k: 0.47654165277117705, scale_lr: 0.53612127837584389, EAO: 0.298
Trial 521 finished with value: 0.2978239491987785 and parameters: {'window_influence': 0.4376208389916143, 'penalty_k': 0.47654165277117705, 'scale_lr': 0.5361212783758439}. Best is trial 374 with value: 0.3602400896382239.
checkpoint_e24 window_influence: 0.64359755354353387, penalty_k: 0.22029480031522428, scale_lr: 0.52866426761538821, EAO: 0.236
Trial 522 finished with value: 0.23645359677795305 and parameters: {'window_influence': 0.6435975535435339, 'penalty_k': 0.22029480031522428, 'scale_lr': 0.5286642676153882}. Best is trial 374 with value: 0.3602400896382239.
checkpoint_e24 window_influence: 0.48354307135396007, penalty_k: 0.41996494967288278, scale_lr: 0.54770105453669904, EAO: 0.307
Trial 523 finished with value: 0.30651551403888005 and parameters: {'window_influence': 0.4835430713539601, 'penalty_k': 0.4199649496728828, 'scale_lr': 0.547701054536699}. Best is trial 374 with value: 0.3602400896382239.
checkpoint_e24 window_influence: 0.46330522619112935, penalty_k: 0.44490748999540231, scale_lr: 0.53147473575590554, EAO: 0.327
Trial 524 finished with value: 0.3270390027343995 and parameters: {'window_influence': 0.46330522619112935, 'penalty_k': 0.4449074899954023, 'scale_lr': 0.5314747357559055}. Best is trial 374 with value: 0.3602400896382239.
checkpoint_e24 window_influence: 0.31369948708890050, penalty_k: 0.03920563559454269, scale_lr: 0.55603339112514694, EAO: 0.312
Trial 525 finished with value: 0.31235218465560144 and parameters: {'window_influence': 0.3136994870889005, 'penalty_k': 0.03920563559454269, 'scale_lr': 0.5560333911251469}. Best is trial 374 with value: 0.3602400896382239.
checkpoint_e24 window_influence: 0.18357617993878750, penalty_k: 0.49322688043707719, scale_lr: 0.51624374479432655, EAO: 0.272
Trial 526 finished with value: 0.272481195773596 and parameters: {'window_influence': 0.1835761799387875, 'penalty_k': 0.4932268804370772, 'scale_lr': 0.5162437447943266}. Best is trial 374 with value: 0.3602400896382239.
checkpoint_e24 window_influence: 0.40787303841579203, penalty_k: 0.20424879297991017, scale_lr: 0.54426279374156350, EAO: 0.329
Trial 527 finished with value: 0.3288059980257012 and parameters: {'window_influence': 0.40787303841579203, 'penalty_k': 0.20424879297991017, 'scale_lr': 0.5442627937415635}. Best is trial 374 with value: 0.3602400896382239.
checkpoint_e24 window_influence: 0.47434528817313293, penalty_k: 0.05039112636117861, scale_lr: 0.52384145098494772, EAO: 0.352
Trial 528 finished with value: 0.3524084908721048 and parameters: {'window_influence': 0.47434528817313293, 'penalty_k': 0.05039112636117861, 'scale_lr': 0.5238414509849477}. Best is trial 374 with value: 0.3602400896382239.
checkpoint_e24 window_influence: 0.44932041506518677, penalty_k: 0.04848974727746312, scale_lr: 0.56500643604159406, EAO: 0.324
Trial 529 finished with value: 0.32423755944007104 and parameters: {'window_influence': 0.4493204150651868, 'penalty_k': 0.04848974727746312, 'scale_lr': 0.5650064360415941}. Best is trial 374 with value: 0.3602400896382239.
checkpoint_e24 window_influence: 0.47309934868791415, penalty_k: 0.06290110675108540, scale_lr: 0.52766417959848311, EAO: 0.338
Trial 530 finished with value: 0.3377074936716473 and parameters: {'window_influence': 0.47309934868791415, 'penalty_k': 0.0629011067510854, 'scale_lr': 0.5276641795984831}. Best is trial 374 with value: 0.3602400896382239.
checkpoint_e24 window_influence: 0.42441686204283435, penalty_k: 0.05302273724345356, scale_lr: 0.54258646098216234, EAO: 0.339
Trial 531 finished with value: 0.3387021253081147 and parameters: {'window_influence': 0.42441686204283435, 'penalty_k': 0.05302273724345356, 'scale_lr': 0.5425864609821623}. Best is trial 374 with value: 0.3602400896382239.
checkpoint_e24 window_influence: 0.42112180081956868, penalty_k: 0.05290335206467455, scale_lr: 0.55643220390456893, EAO: 0.317
Trial 532 finished with value: 0.31724335467769016 and parameters: {'window_influence': 0.4211218008195687, 'penalty_k': 0.05290335206467455, 'scale_lr': 0.5564322039045689}. Best is trial 374 with value: 0.3602400896382239.
checkpoint_e24 window_influence: 0.43009221868666547, penalty_k: 0.03345665743314182, scale_lr: 0.54202599698615428, EAO: 0.336
Trial 533 finished with value: 0.33633483836159167 and parameters: {'window_influence': 0.4300922186866655, 'penalty_k': 0.03345665743314182, 'scale_lr': 0.5420259969861543}. Best is trial 374 with value: 0.3602400896382239.
checkpoint_e24 window_influence: 0.43923913551070826, penalty_k: 0.07086619855705298, scale_lr: 0.57833955867427089, EAO: 0.313
Trial 534 finished with value: 0.31314799218558154 and parameters: {'window_influence': 0.43923913551070826, 'penalty_k': 0.07086619855705298, 'scale_lr': 0.5783395586742709}. Best is trial 374 with value: 0.3602400896382239.
checkpoint_e24 window_influence: 0.09553255517290460, penalty_k: 0.06406327346001592, scale_lr: 0.69618478675502504, EAO: 0.278
Trial 535 finished with value: 0.27839595989726396 and parameters: {'window_influence': 0.0955325551729046, 'penalty_k': 0.06406327346001592, 'scale_lr': 0.696184786755025}. Best is trial 374 with value: 0.3602400896382239.
checkpoint_e24 window_influence: 0.45849037104830970, penalty_k: 0.03441316727299250, scale_lr: 0.54651555452441092, EAO: 0.317
Trial 536 finished with value: 0.3167374343955563 and parameters: {'window_influence': 0.4584903710483097, 'penalty_k': 0.0344131672729925, 'scale_lr': 0.5465155545244109}. Best is trial 374 with value: 0.3602400896382239.
checkpoint_e24 window_influence: 0.43798503028601099, penalty_k: 0.05232949545638538, scale_lr: 0.56730664705313782, EAO: 0.329
Trial 537 finished with value: 0.3294889790074835 and parameters: {'window_influence': 0.437985030286011, 'penalty_k': 0.05232949545638538, 'scale_lr': 0.5673066470531378}. Best is trial 374 with value: 0.3602400896382239.
checkpoint_e24 window_influence: 0.34700504386978687, penalty_k: 0.07996476260732870, scale_lr: 0.58924430372697645, EAO: 0.310
Trial 538 finished with value: 0.3101528967632858 and parameters: {'window_influence': 0.34700504386978687, 'penalty_k': 0.0799647626073287, 'scale_lr': 0.5892443037269764}. Best is trial 374 with value: 0.3602400896382239.
checkpoint_e24 window_influence: 0.16445721281024617, penalty_k: 0.42820290319338766, scale_lr: 0.52060799793917856, EAO: 0.274
Trial 539 finished with value: 0.2738492046464742 and parameters: {'window_influence': 0.16445721281024617, 'penalty_k': 0.42820290319338766, 'scale_lr': 0.5206079979391786}. Best is trial 374 with value: 0.3602400896382239.
checkpoint_e24 window_influence: 0.40365236436919466, penalty_k: 0.04596144374946733, scale_lr: 0.54059673408241227, EAO: 0.334
Trial 540 finished with value: 0.33418643161480527 and parameters: {'window_influence': 0.40365236436919466, 'penalty_k': 0.045961443749467326, 'scale_lr': 0.5405967340824123}. Best is trial 374 with value: 0.3602400896382239.
checkpoint_e24 window_influence: 0.41617657623352095, penalty_k: 0.46810196040883423, scale_lr: 0.77163085837984180, EAO: 0.299
Trial 541 finished with value: 0.2992294678312331 and parameters: {'window_influence': 0.41617657623352095, 'penalty_k': 0.46810196040883423, 'scale_lr': 0.7716308583798418}. Best is trial 374 with value: 0.3602400896382239.
checkpoint_e24 window_influence: 0.23591943669428556, penalty_k: 0.07499333003058355, scale_lr: 0.55833015917725726, EAO: 0.295
Trial 542 finished with value: 0.29533589176166847 and parameters: {'window_influence': 0.23591943669428556, 'penalty_k': 0.07499333003058355, 'scale_lr': 0.5583301591772573}. Best is trial 374 with value: 0.3602400896382239.
checkpoint_e24 window_influence: 0.45712346257555331, penalty_k: 0.18829690266440072, scale_lr: 0.72192264621384128, EAO: 0.305
Trial 543 finished with value: 0.30534560294234797 and parameters: {'window_influence': 0.4571234625755533, 'penalty_k': 0.18829690266440072, 'scale_lr': 0.7219226462138413}. Best is trial 374 with value: 0.3602400896382239.
checkpoint_e24 window_influence: 0.44391381868937219, penalty_k: 0.38992424831818151, scale_lr: 0.74768327522207456, EAO: 0.295
Trial 544 finished with value: 0.29524438135354897 and parameters: {'window_influence': 0.4439138186893722, 'penalty_k': 0.3899242483181815, 'scale_lr': 0.7476832752220746}. Best is trial 374 with value: 0.3602400896382239.
checkpoint_e24 window_influence: 0.46667754409294210, penalty_k: 0.24423509823235223, scale_lr: 0.51590376225637802, EAO: 0.344
Trial 545 finished with value: 0.3435602054753656 and parameters: {'window_influence': 0.4666775440929421, 'penalty_k': 0.24423509823235223, 'scale_lr': 0.515903762256378}. Best is trial 374 with value: 0.3602400896382239.
checkpoint_e24 window_influence: 0.33301526328265468, penalty_k: 0.45469557235472713, scale_lr: 0.51005032373212666, EAO: 0.309
Trial 546 finished with value: 0.30920913090733704 and parameters: {'window_influence': 0.3330152632826547, 'penalty_k': 0.45469557235472713, 'scale_lr': 0.5100503237321267}. Best is trial 374 with value: 0.3602400896382239.
checkpoint_e24 window_influence: 0.46966847421778779, penalty_k: 0.25132266547728921, scale_lr: 0.47466945737330785, EAO: 0.330
Trial 547 finished with value: 0.33001190447157924 and parameters: {'window_influence': 0.4696684742177878, 'penalty_k': 0.2513226654772892, 'scale_lr': 0.47466945737330785}. Best is trial 374 with value: 0.3602400896382239.
checkpoint_e24 window_influence: 0.48304771594724366, penalty_k: 0.26019103418886280, scale_lr: 0.49455444399669513, EAO: 0.334
Trial 548 finished with value: 0.33358523261222395 and parameters: {'window_influence': 0.48304771594724366, 'penalty_k': 0.2601910341888628, 'scale_lr': 0.4945544439966951}. Best is trial 374 with value: 0.3602400896382239.
checkpoint_e24 window_influence: 0.46829062457888049, penalty_k: 0.24702129050590962, scale_lr: 0.52031392572460455, EAO: 0.330
Trial 549 finished with value: 0.32995940454971 and parameters: {'window_influence': 0.4682906245788805, 'penalty_k': 0.24702129050590962, 'scale_lr': 0.5203139257246046}. Best is trial 374 with value: 0.3602400896382239.
checkpoint_e24 window_influence: 0.45373063801023505, penalty_k: 0.43373787177357048, scale_lr: 0.49215044327504426, EAO: 0.333
Trial 550 finished with value: 0.33282245214347245 and parameters: {'window_influence': 0.45373063801023505, 'penalty_k': 0.4337378717735705, 'scale_lr': 0.49215044327504426}. Best is trial 374 with value: 0.3602400896382239.
checkpoint_e24 window_influence: 0.48523439843935090, penalty_k: 0.40181350232872826, scale_lr: 0.73548338555597270, EAO: 0.314
Trial 551 finished with value: 0.3138151655285275 and parameters: {'window_influence': 0.4852343984393509, 'penalty_k': 0.40181350232872826, 'scale_lr': 0.7354833855559727}. Best is trial 374 with value: 0.3602400896382239.
checkpoint_e24 window_influence: 0.46596709213752685, penalty_k: 0.23462268300375302, scale_lr: 0.78608246749126653, EAO: 0.295
Trial 552 finished with value: 0.29521238751680473 and parameters: {'window_influence': 0.46596709213752685, 'penalty_k': 0.23462268300375302, 'scale_lr': 0.7860824674912665}. Best is trial 374 with value: 0.3602400896382239.
checkpoint_e24 window_influence: 0.48313415572374141, penalty_k: 0.56539316296178355, scale_lr: 0.46313820958768509, EAO: 0.292
Trial 553 finished with value: 0.2916257968208669 and parameters: {'window_influence': 0.4831341557237414, 'penalty_k': 0.5653931629617835, 'scale_lr': 0.4631382095876851}. Best is trial 374 with value: 0.3602400896382239.
checkpoint_e24 window_influence: 0.45438203722862047, penalty_k: 0.49203203422556885, scale_lr: 0.60071883177270557, EAO: 0.331
Trial 554 finished with value: 0.3305326554098018 and parameters: {'window_influence': 0.4543820372286205, 'penalty_k': 0.49203203422556885, 'scale_lr': 0.6007188317727056}. Best is trial 374 with value: 0.3602400896382239.
checkpoint_e24 window_influence: 0.28000952410836744, penalty_k: 0.17817223774366264, scale_lr: 0.50658454464425973, EAO: 0.319
Trial 555 finished with value: 0.3194425807040953 and parameters: {'window_influence': 0.28000952410836744, 'penalty_k': 0.17817223774366264, 'scale_lr': 0.5065845446442597}. Best is trial 374 with value: 0.3602400896382239.
checkpoint_e24 window_influence: 0.19560556966668771, penalty_k: 0.27550255656496664, scale_lr: 0.67949391484932931, EAO: 0.324
Trial 556 finished with value: 0.3241344059487725 and parameters: {'window_influence': 0.1956055696666877, 'penalty_k': 0.27550255656496664, 'scale_lr': 0.6794939148493293}. Best is trial 374 with value: 0.3602400896382239.
checkpoint_e24 window_influence: 0.49392471275042560, penalty_k: 0.24223641772958873, scale_lr: 0.52465778509899919, EAO: 0.335
Trial 557 finished with value: 0.33540418604932404 and parameters: {'window_influence': 0.4939247127504256, 'penalty_k': 0.24223641772958873, 'scale_lr': 0.5246577850989992}. Best is trial 374 with value: 0.3602400896382239.
checkpoint_e24 window_influence: 0.47380054465867344, penalty_k: 0.09520827650499504, scale_lr: 0.48492492630221906, EAO: 0.341
Trial 558 finished with value: 0.3405617230829098 and parameters: {'window_influence': 0.47380054465867344, 'penalty_k': 0.09520827650499504, 'scale_lr': 0.48492492630221906}. Best is trial 374 with value: 0.3602400896382239.
checkpoint_e24 window_influence: 0.47185249321893524, penalty_k: 0.09510375953810793, scale_lr: 0.48482402212803521, EAO: 0.318
Trial 559 finished with value: 0.3180639002805554 and parameters: {'window_influence': 0.47185249321893524, 'penalty_k': 0.09510375953810793, 'scale_lr': 0.4848240221280352}. Best is trial 374 with value: 0.3602400896382239.
checkpoint_e24 window_influence: 0.44785829602581595, penalty_k: 0.09918884297788341, scale_lr: 0.46854003217499479, EAO: 0.327
Trial 560 finished with value: 0.32660012538562955 and parameters: {'window_influence': 0.44785829602581595, 'penalty_k': 0.09918884297788341, 'scale_lr': 0.4685400321749948}. Best is trial 374 with value: 0.3602400896382239.
checkpoint_e24 window_influence: 0.45844518081846730, penalty_k: 0.47912083290795326, scale_lr: 0.49774186989899094, EAO: 0.317
Trial 561 finished with value: 0.3171495813224102 and parameters: {'window_influence': 0.4584451808184673, 'penalty_k': 0.47912083290795326, 'scale_lr': 0.49774186989899094}. Best is trial 374 with value: 0.3602400896382239.
checkpoint_e24 window_influence: 0.47673226659069168, penalty_k: 0.08826249619522161, scale_lr: 0.48593424912032307, EAO: 0.342
Trial 562 finished with value: 0.3415645438641426 and parameters: {'window_influence': 0.4767322665906917, 'penalty_k': 0.08826249619522161, 'scale_lr': 0.48593424912032307}. Best is trial 374 with value: 0.3602400896382239.
checkpoint_e24 window_influence: 0.46619338729657223, penalty_k: 0.08728735818101958, scale_lr: 0.45960758825741466, EAO: 0.329
Trial 563 finished with value: 0.3285040429825913 and parameters: {'window_influence': 0.4661933872965722, 'penalty_k': 0.08728735818101958, 'scale_lr': 0.45960758825741466}. Best is trial 374 with value: 0.3602400896382239.
checkpoint_e24 window_influence: 0.47405188271448745, penalty_k: 0.10215204533292306, scale_lr: 0.46781590195064565, EAO: 0.335
Trial 564 finished with value: 0.33456360574826194 and parameters: {'window_influence': 0.47405188271448745, 'penalty_k': 0.10215204533292306, 'scale_lr': 0.46781590195064565}. Best is trial 374 with value: 0.3602400896382239.
checkpoint_e24 window_influence: 0.62511108437827878, penalty_k: 0.08943849207242303, scale_lr: 0.48096286379462766, EAO: 0.245
Trial 565 finished with value: 0.2445468202755145 and parameters: {'window_influence': 0.6251110843782788, 'penalty_k': 0.08943849207242303, 'scale_lr': 0.48096286379462766}. Best is trial 374 with value: 0.3602400896382239.
checkpoint_e24 window_influence: 0.29470869742010170, penalty_k: 0.08180945984354118, scale_lr: 0.48366518875546688, EAO: 0.326
Trial 566 finished with value: 0.32633743148137623 and parameters: {'window_influence': 0.2947086974201017, 'penalty_k': 0.08180945984354118, 'scale_lr': 0.4836651887554669}. Best is trial 374 with value: 0.3602400896382239.
checkpoint_e24 window_influence: 0.44655214908691682, penalty_k: 0.10357443727811166, scale_lr: 0.50045176206388808, EAO: 0.347
Trial 567 finished with value: 0.3465882631359397 and parameters: {'window_influence': 0.4465521490869168, 'penalty_k': 0.10357443727811166, 'scale_lr': 0.5004517620638881}. Best is trial 374 with value: 0.3602400896382239.
checkpoint_e24 window_influence: 0.43363141067673933, penalty_k: 0.10699382329797252, scale_lr: 0.49453034883133840, EAO: 0.325
Trial 568 finished with value: 0.32477788435809807 and parameters: {'window_influence': 0.4336314106767393, 'penalty_k': 0.10699382329797252, 'scale_lr': 0.4945303488313384}. Best is trial 374 with value: 0.3602400896382239.
checkpoint_e24 window_influence: 0.44422520584869679, penalty_k: 0.11068818685126938, scale_lr: 0.47792952953697054, EAO: 0.330
Trial 569 finished with value: 0.32954469937758685 and parameters: {'window_influence': 0.4442252058486968, 'penalty_k': 0.11068818685126938, 'scale_lr': 0.47792952953697054}. Best is trial 374 with value: 0.3602400896382239.
checkpoint_e24 window_influence: 0.45150540713899245, penalty_k: 0.33483205975664776, scale_lr: 0.50438553709514045, EAO: 0.317
Trial 570 finished with value: 0.3165939467078517 and parameters: {'window_influence': 0.45150540713899245, 'penalty_k': 0.33483205975664776, 'scale_lr': 0.5043855370951404}. Best is trial 374 with value: 0.3602400896382239.
checkpoint_e24 window_influence: 0.43503857857657768, penalty_k: 0.30961290902679622, scale_lr: 0.49148179321288238, EAO: 0.313
Trial 571 finished with value: 0.31293423404257587 and parameters: {'window_influence': 0.4350385785765777, 'penalty_k': 0.3096129090267962, 'scale_lr': 0.4914817932128824}. Best is trial 374 with value: 0.3602400896382239.
checkpoint_e24 window_influence: 0.45863328920527030, penalty_k: 0.08957965874910635, scale_lr: 0.51027451889615816, EAO: 0.322
Trial 572 finished with value: 0.32222019060576473 and parameters: {'window_influence': 0.4586332892052703, 'penalty_k': 0.08957965874910635, 'scale_lr': 0.5102745188961582}. Best is trial 374 with value: 0.3602400896382239.
checkpoint_e24 window_influence: 0.30384002560282763, penalty_k: 0.07247456655053588, scale_lr: 0.71053524150872494, EAO: 0.307
Trial 573 finished with value: 0.3068896965757882 and parameters: {'window_influence': 0.30384002560282763, 'penalty_k': 0.07247456655053588, 'scale_lr': 0.7105352415087249}. Best is trial 374 with value: 0.3602400896382239.
checkpoint_e24 window_influence: 0.38454921212532084, penalty_k: 0.09704351782283500, scale_lr: 0.47702088787247410, EAO: 0.313
Trial 574 finished with value: 0.3129162673008581 and parameters: {'window_influence': 0.38454921212532084, 'penalty_k': 0.097043517822835, 'scale_lr': 0.4770208878724741}. Best is trial 374 with value: 0.3602400896382239.
checkpoint_e24 window_influence: 0.46440461730889954, penalty_k: 0.10592053318837576, scale_lr: 0.49661599889127267, EAO: 0.335
Trial 575 finished with value: 0.33466566583061963 and parameters: {'window_influence': 0.46440461730889954, 'penalty_k': 0.10592053318837576, 'scale_lr': 0.49661599889127267}. Best is trial 374 with value: 0.3602400896382239.
checkpoint_e24 window_influence: 0.44403824047076429, penalty_k: 0.12088044021302492, scale_lr: 0.51374373115141225, EAO: 0.315
