Trial 1791 finished with value: 0.2640304761406049 and parameters: {'window_influence': 0.5971343996485841, 'penalty_k': 0.10028580359369721, 'scale_lr': 0.4068122019090542}. Best is trial 1270 with value: 0.3623636909959845.
checkpoint_e22 window_influence: 0.17524143801514760, penalty_k: 0.08493102462180828, scale_lr: 0.30095799189556088, EAO: 0.263
Trial 1792 finished with value: 0.2631291843921758 and parameters: {'window_influence': 0.1752414380151476, 'penalty_k': 0.08493102462180828, 'scale_lr': 0.3009579918955609}. Best is trial 1270 with value: 0.3623636909959845.
checkpoint_e22 window_influence: 0.46054907674885631, penalty_k: 0.54604486034323141, scale_lr: 0.44608794482790681, EAO: 0.302
Trial 1793 finished with value: 0.30178664288400214 and parameters: {'window_influence': 0.4605490767488563, 'penalty_k': 0.5460448603432314, 'scale_lr': 0.4460879448279068}. Best is trial 1270 with value: 0.3623636909959845.
checkpoint_e22 window_influence: 0.20404075319798556, penalty_k: 0.11524964774079642, scale_lr: 0.78264417903087646, EAO: 0.293
Trial 1794 finished with value: 0.2925889090805202 and parameters: {'window_influence': 0.20404075319798556, 'penalty_k': 0.11524964774079642, 'scale_lr': 0.7826441790308765}. Best is trial 1270 with value: 0.3623636909959845.
checkpoint_e22 window_influence: 0.42776747934076015, penalty_k: 0.58425890302612893, scale_lr: 0.10394103266512694, EAO: 0.273
Trial 1795 finished with value: 0.2730087611229967 and parameters: {'window_influence': 0.42776747934076015, 'penalty_k': 0.5842589030261289, 'scale_lr': 0.10394103266512694}. Best is trial 1270 with value: 0.3623636909959845.
checkpoint_e22 window_influence: 0.44637344039824789, penalty_k: 0.45030490497952280, scale_lr: 0.18501507457120070, EAO: 0.279
Trial 1796 finished with value: 0.2790780582316655 and parameters: {'window_influence': 0.4463734403982479, 'penalty_k': 0.4503049049795228, 'scale_lr': 0.1850150745712007}. Best is trial 1270 with value: 0.3623636909959845.
checkpoint_e22 window_influence: 0.49388804960575972, penalty_k: 0.01014322676735287, scale_lr: 0.56426868517524209, EAO: 0.323
Trial 1797 finished with value: 0.3225418281114519 and parameters: {'window_influence': 0.4938880496057597, 'penalty_k': 0.010143226767352869, 'scale_lr': 0.5642686851752421}. Best is trial 1270 with value: 0.3623636909959845.
checkpoint_e22 window_influence: 0.36799978079480888, penalty_k: 0.18015977211599690, scale_lr: 0.54224692891245452, EAO: 0.315
Trial 1798 finished with value: 0.3149456302363585 and parameters: {'window_influence': 0.3679997807948089, 'penalty_k': 0.1801597721159969, 'scale_lr': 0.5422469289124545}. Best is trial 1270 with value: 0.3623636909959845.
checkpoint_e22 window_influence: 0.47180370713494596, penalty_k: 0.49927054992510117, scale_lr: 0.34387056654475223, EAO: 0.296
Trial 1799 finished with value: 0.2960563735739266 and parameters: {'window_influence': 0.47180370713494596, 'penalty_k': 0.49927054992510117, 'scale_lr': 0.34387056654475223}. Best is trial 1270 with value: 0.3623636909959845.
checkpoint_e22 window_influence: 0.52235721840186877, penalty_k: 0.03141152550707716, scale_lr: 0.27671328433579306, EAO: 0.324
Trial 1800 finished with value: 0.3241876131249773 and parameters: {'window_influence': 0.5223572184018688, 'penalty_k': 0.03141152550707716, 'scale_lr': 0.27671328433579306}. Best is trial 1270 with value: 0.3623636909959845.
checkpoint_e22 window_influence: 0.48331009516831175, penalty_k: 0.40061029696021455, scale_lr: 0.24178221314357612, EAO: 0.310
Trial 1801 finished with value: 0.3100649012317917 and parameters: {'window_influence': 0.48331009516831175, 'penalty_k': 0.40061029696021455, 'scale_lr': 0.24178221314357612}. Best is trial 1270 with value: 0.3623636909959845.
checkpoint_e22 window_influence: 0.45795508385006412, penalty_k: 0.13018383181985210, scale_lr: 0.36352795581552055, EAO: 0.326
Trial 1802 finished with value: 0.32608596534116724 and parameters: {'window_influence': 0.4579550838500641, 'penalty_k': 0.1301838318198521, 'scale_lr': 0.36352795581552055}. Best is trial 1270 with value: 0.3623636909959845.
checkpoint_e22 window_influence: 0.49993717880043947, penalty_k: 0.06790624329611759, scale_lr: 0.25648497739741577, EAO: 0.341
Trial 1803 finished with value: 0.34091866526622255 and parameters: {'window_influence': 0.4999371788004395, 'penalty_k': 0.0679062432961176, 'scale_lr': 0.25648497739741577}. Best is trial 1270 with value: 0.3623636909959845.
checkpoint_e22 window_influence: 0.47214083627253672, penalty_k: 0.15227997497710846, scale_lr: 0.73114808398365083, EAO: 0.332
Trial 1804 finished with value: 0.33157300693979525 and parameters: {'window_influence': 0.4721408362725367, 'penalty_k': 0.15227997497710846, 'scale_lr': 0.7311480839836508}. Best is trial 1270 with value: 0.3623636909959845.
checkpoint_e22 window_influence: 0.44261182873035720, penalty_k: 0.00025428192176831, scale_lr: 0.60382147745512182, EAO: 0.324
Trial 1805 finished with value: 0.3242722669116254 and parameters: {'window_influence': 0.4426118287303572, 'penalty_k': 0.00025428192176831215, 'scale_lr': 0.6038214774551218}. Best is trial 1270 with value: 0.3623636909959845.
checkpoint_e22 window_influence: 0.63306096493139086, penalty_k: 0.09735150293229232, scale_lr: 0.69797759519694247, EAO: 0.241
Trial 1806 finished with value: 0.24148111433834418 and parameters: {'window_influence': 0.6330609649313909, 'penalty_k': 0.09735150293229232, 'scale_lr': 0.6979775951969425}. Best is trial 1270 with value: 0.3623636909959845.
checkpoint_e22 window_influence: 0.51192462690106755, penalty_k: 0.58793122608028181, scale_lr: 0.41735559685691076, EAO: 0.279
Trial 1807 finished with value: 0.2785812115970753 and parameters: {'window_influence': 0.5119246269010675, 'penalty_k': 0.5879312260802818, 'scale_lr': 0.41735559685691076}. Best is trial 1270 with value: 0.3623636909959845.
checkpoint_e22 window_influence: 0.41837360420031700, penalty_k: 0.05157701307290522, scale_lr: 0.51255101582573648, EAO: 0.337
Trial 1808 finished with value: 0.3371766602714702 and parameters: {'window_influence': 0.418373604200317, 'penalty_k': 0.05157701307290522, 'scale_lr': 0.5125510158257365}. Best is trial 1270 with value: 0.3623636909959845.
checkpoint_e22 window_influence: 0.49008512512235486, penalty_k: 0.08382576113796518, scale_lr: 0.53201939949711696, EAO: 0.348
Trial 1809 finished with value: 0.34808411370919373 and parameters: {'window_influence': 0.49008512512235486, 'penalty_k': 0.08382576113796518, 'scale_lr': 0.532019399497117}. Best is trial 1270 with value: 0.3623636909959845.
checkpoint_e22 window_influence: 0.37990081596911474, penalty_k: 0.01959182720442412, scale_lr: 0.46952915512159182, EAO: 0.338
Trial 1810 finished with value: 0.33763462212299095 and parameters: {'window_influence': 0.37990081596911474, 'penalty_k': 0.019591827204424116, 'scale_lr': 0.4695291551215918}. Best is trial 1270 with value: 0.3623636909959845.
checkpoint_e22 window_influence: 0.29294809473483974, penalty_k: 0.11851972214448202, scale_lr: 0.15128809429733903, EAO: 0.283
Trial 1811 finished with value: 0.28254298448330695 and parameters: {'window_influence': 0.29294809473483974, 'penalty_k': 0.11851972214448202, 'scale_lr': 0.15128809429733903}. Best is trial 1270 with value: 0.3623636909959845.
checkpoint_e22 window_influence: 0.32514127131999071, penalty_k: 0.17013352406674659, scale_lr: 0.13457192186948908, EAO: 0.297
Trial 1812 finished with value: 0.29688667856765627 and parameters: {'window_influence': 0.3251412713199907, 'penalty_k': 0.1701335240667466, 'scale_lr': 0.13457192186948908}. Best is trial 1270 with value: 0.3623636909959845.
checkpoint_e22 window_influence: 0.46406223379796807, penalty_k: 0.03893164563995781, scale_lr: 0.22436047973421355, EAO: 0.300
Trial 1813 finished with value: 0.2997620287804288 and parameters: {'window_influence': 0.46406223379796807, 'penalty_k': 0.03893164563995781, 'scale_lr': 0.22436047973421355}. Best is trial 1270 with value: 0.3623636909959845.
checkpoint_e22 window_influence: 0.09978797556839192, penalty_k: 0.19805628032263128, scale_lr: 0.67092440575762757, EAO: 0.239
Trial 1814 finished with value: 0.23925831096413536 and parameters: {'window_influence': 0.09978797556839192, 'penalty_k': 0.19805628032263128, 'scale_lr': 0.6709244057576276}. Best is trial 1270 with value: 0.3623636909959845.
checkpoint_e22 window_influence: 0.58001214071853380, penalty_k: 0.10986289500273889, scale_lr: 0.31552699527178130, EAO: 0.291
Trial 1815 finished with value: 0.2914373081481874 and parameters: {'window_influence': 0.5800121407185338, 'penalty_k': 0.1098628950027389, 'scale_lr': 0.3155269952717813}. Best is trial 1270 with value: 0.3623636909959845.
checkpoint_e22 window_influence: 0.47703453942545465, penalty_k: 0.43789300824755195, scale_lr: 0.39170827115898982, EAO: 0.294
Trial 1816 finished with value: 0.29391903137418546 and parameters: {'window_influence': 0.47703453942545465, 'penalty_k': 0.43789300824755195, 'scale_lr': 0.3917082711589898}. Best is trial 1270 with value: 0.3623636909959845.
checkpoint_e22 window_influence: 0.45178152818257367, penalty_k: 0.14215305544199594, scale_lr: 0.33510870007307297, EAO: 0.311
Trial 1817 finished with value: 0.3105602287596766 and parameters: {'window_influence': 0.45178152818257367, 'penalty_k': 0.14215305544199594, 'scale_lr': 0.335108700073073}. Best is trial 1270 with value: 0.3623636909959845.
checkpoint_e22 window_influence: 0.53824019547672930, penalty_k: 0.07838131910144877, scale_lr: 0.59029967571855502, EAO: 0.313
Trial 1818 finished with value: 0.313173254002393 and parameters: {'window_influence': 0.5382401954767293, 'penalty_k': 0.07838131910144877, 'scale_lr': 0.590299675718555}. Best is trial 1270 with value: 0.3623636909959845.
checkpoint_e22 window_influence: 0.40585364848930389, penalty_k: 0.00923670557710362, scale_lr: 0.28696285447144604, EAO: 0.310
Trial 1819 finished with value: 0.30960250869103445 and parameters: {'window_influence': 0.4058536484893039, 'penalty_k': 0.009236705577103616, 'scale_lr': 0.28696285447144604}. Best is trial 1270 with value: 0.3623636909959845.
checkpoint_e22 window_influence: 0.15287662589890197, penalty_k: 0.06462276926106353, scale_lr: 0.17335640672439345, EAO: 0.260
Trial 1820 finished with value: 0.2596531408306226 and parameters: {'window_influence': 0.15287662589890197, 'penalty_k': 0.06462276926106353, 'scale_lr': 0.17335640672439345}. Best is trial 1270 with value: 0.3623636909959845.
checkpoint_e22 window_influence: 0.25659633912891888, penalty_k: 0.10039635730146550, scale_lr: 0.36806993547542521, EAO: 0.295
Trial 1821 finished with value: 0.29476493156373734 and parameters: {'window_influence': 0.2565963391289189, 'penalty_k': 0.1003963573014655, 'scale_lr': 0.3680699354754252}. Best is trial 1270 with value: 0.3623636909959845.
checkpoint_e22 window_influence: 0.50050319778063934, penalty_k: 0.12910849155664933, scale_lr: 0.49226500027578818, EAO: 0.345
Trial 1822 finished with value: 0.34492656124705007 and parameters: {'window_influence': 0.5005031977806393, 'penalty_k': 0.12910849155664933, 'scale_lr': 0.4922650002757882}. Best is trial 1270 with value: 0.3623636909959845.
checkpoint_e22 window_influence: 0.24002720627512222, penalty_k: 0.02073833295044274, scale_lr: 0.65359294532444312, EAO: 0.282
Trial 1823 finished with value: 0.2819607715894276 and parameters: {'window_influence': 0.24002720627512222, 'penalty_k': 0.02073833295044274, 'scale_lr': 0.6535929453244431}. Best is trial 1270 with value: 0.3623636909959845.
checkpoint_e22 window_influence: 0.48636381700041453, penalty_k: 0.34063321789123946, scale_lr: 0.35146633787484488, EAO: 0.304
Trial 1824 finished with value: 0.3043512915358933 and parameters: {'window_influence': 0.48636381700041453, 'penalty_k': 0.34063321789123946, 'scale_lr': 0.3514663378748449}. Best is trial 1270 with value: 0.3623636909959845.
checkpoint_e22 window_influence: 0.55601871705082129, penalty_k: 0.29341816570015677, scale_lr: 0.30402541035552233, EAO: 0.277
Trial 1825 finished with value: 0.2772029589006409 and parameters: {'window_influence': 0.5560187170508213, 'penalty_k': 0.2934181657001568, 'scale_lr': 0.30402541035552233}. Best is trial 1270 with value: 0.3623636909959845.
checkpoint_e22 window_influence: 0.26579028239700758, penalty_k: 0.16224093275045232, scale_lr: 0.62974618128470350, EAO: 0.273
Trial 1826 finished with value: 0.27323040963378864 and parameters: {'window_influence': 0.2657902823970076, 'penalty_k': 0.16224093275045232, 'scale_lr': 0.6297461812847035}. Best is trial 1270 with value: 0.3623636909959845.
checkpoint_e22 window_influence: 0.47193458075126854, penalty_k: 0.26528915834934125, scale_lr: 0.45621839635865896, EAO: 0.324
Trial 1827 finished with value: 0.3239002296780798 and parameters: {'window_influence': 0.47193458075126854, 'penalty_k': 0.26528915834934125, 'scale_lr': 0.45621839635865896}. Best is trial 1270 with value: 0.3623636909959845.
checkpoint_e22 window_influence: 0.16318000054778406, penalty_k: 0.08832887447570309, scale_lr: 0.55890342868879828, EAO: 0.261
Trial 1828 finished with value: 0.26116696632093955 and parameters: {'window_influence': 0.16318000054778406, 'penalty_k': 0.08832887447570309, 'scale_lr': 0.5589034286887983}. Best is trial 1270 with value: 0.3623636909959845.
checkpoint_e22 window_influence: 0.43827049633917725, penalty_k: 0.56597293672585447, scale_lr: 0.26995969953183191, EAO: 0.290
Trial 1829 finished with value: 0.28988911223086866 and parameters: {'window_influence': 0.43827049633917725, 'penalty_k': 0.5659729367258545, 'scale_lr': 0.2699596995318319}. Best is trial 1270 with value: 0.3623636909959845.
checkpoint_e22 window_influence: 0.46113803284139143, penalty_k: 0.00030189544639989, scale_lr: 0.61034132111842132, EAO: 0.324
Trial 1830 finished with value: 0.32392092182478555 and parameters: {'window_influence': 0.46113803284139143, 'penalty_k': 0.00030189544639989095, 'scale_lr': 0.6103413211184213}. Best is trial 1270 with value: 0.3623636909959845.
checkpoint_e22 window_influence: 0.51092665824689953, penalty_k: 0.28041410581449744, scale_lr: 0.77587526354473313, EAO: 0.301
Trial 1831 finished with value: 0.3012852599764612 and parameters: {'window_influence': 0.5109266582468995, 'penalty_k': 0.28041410581449744, 'scale_lr': 0.7758752635447331}. Best is trial 1270 with value: 0.3623636909959845.
checkpoint_e22 window_influence: 0.33160168377235494, penalty_k: 0.04913132962502409, scale_lr: 0.74792557620358524, EAO: 0.296
Trial 1832 finished with value: 0.2958349825575194 and parameters: {'window_influence': 0.33160168377235494, 'penalty_k': 0.04913132962502409, 'scale_lr': 0.7479255762035852}. Best is trial 1270 with value: 0.3623636909959845.
checkpoint_e22 window_influence: 0.47829767332488188, penalty_k: 0.31909505948275763, scale_lr: 0.48257896438798192, EAO: 0.305
Trial 1833 finished with value: 0.3053039781430352 and parameters: {'window_influence': 0.4782976733248819, 'penalty_k': 0.3190950594827576, 'scale_lr': 0.4825789643879819}. Best is trial 1270 with value: 0.3623636909959845.
checkpoint_e22 window_influence: 0.20779997924225790, penalty_k: 0.11751507440787762, scale_lr: 0.32488450743004754, EAO: 0.271
Trial 1834 finished with value: 0.2709318044584549 and parameters: {'window_influence': 0.2077999792422579, 'penalty_k': 0.11751507440787762, 'scale_lr': 0.32488450743004754}. Best is trial 1270 with value: 0.3623636909959845.
checkpoint_e22 window_influence: 0.49569257865962157, penalty_k: 0.47716600716595348, scale_lr: 0.43654965109565125, EAO: 0.277
Trial 1835 finished with value: 0.27742350165250235 and parameters: {'window_influence': 0.4956925786596216, 'penalty_k': 0.4771660071659535, 'scale_lr': 0.43654965109565125}. Best is trial 1270 with value: 0.3623636909959845.
checkpoint_e22 window_influence: 0.45188487465152088, penalty_k: 0.03004213870756456, scale_lr: 0.38235021644119044, EAO: 0.319
Trial 1836 finished with value: 0.31888265403328236 and parameters: {'window_influence': 0.4518848746515209, 'penalty_k': 0.03004213870756456, 'scale_lr': 0.38235021644119044}. Best is trial 1270 with value: 0.3623636909959845.
checkpoint_e22 window_influence: 0.46713486268179960, penalty_k: 0.41093606834884877, scale_lr: 0.34089963168332571, EAO: 0.299
Trial 1837 finished with value: 0.2986292294027277 and parameters: {'window_influence': 0.4671348626817996, 'penalty_k': 0.41093606834884877, 'scale_lr': 0.3408996316833257}. Best is trial 1270 with value: 0.3623636909959845.
checkpoint_e22 window_influence: 0.62343260143475876, penalty_k: 0.13712995469688669, scale_lr: 0.57372222169859388, EAO: 0.243
Trial 1838 finished with value: 0.2431549116795165 and parameters: {'window_influence': 0.6234326014347588, 'penalty_k': 0.13712995469688669, 'scale_lr': 0.5737222216985939}. Best is trial 1270 with value: 0.3623636909959845.
checkpoint_e22 window_influence: 0.52553825157661105, penalty_k: 0.07259769496944921, scale_lr: 0.53968864876932054, EAO: 0.309
Trial 1839 finished with value: 0.30922506001672856 and parameters: {'window_influence': 0.525538251576611, 'penalty_k': 0.0725976949694492, 'scale_lr': 0.5396886487693205}. Best is trial 1270 with value: 0.3623636909959845.
checkpoint_e22 window_influence: 0.56296923446197655, penalty_k: 0.24275407296417290, scale_lr: 0.64398502591103146, EAO: 0.263
Trial 1840 finished with value: 0.26290417604641225 and parameters: {'window_influence': 0.5629692344619766, 'penalty_k': 0.2427540729641729, 'scale_lr': 0.6439850259110315}. Best is trial 1270 with value: 0.3623636909959845.
checkpoint_e22 window_influence: 0.48471228127054694, penalty_k: 0.10104644211587756, scale_lr: 0.40221697684376934, EAO: 0.298
Trial 1841 finished with value: 0.2983138793173467 and parameters: {'window_influence': 0.48471228127054694, 'penalty_k': 0.10104644211587756, 'scale_lr': 0.40221697684376934}. Best is trial 1270 with value: 0.3623636909959845.
checkpoint_e22 window_influence: 0.42598423534590651, penalty_k: 0.01270840909828853, scale_lr: 0.69065758407653099, EAO: 0.317
Trial 1842 finished with value: 0.31688604251651914 and parameters: {'window_influence': 0.4259842353459065, 'penalty_k': 0.012708409098288527, 'scale_lr': 0.690657584076531}. Best is trial 1270 with value: 0.3623636909959845.
checkpoint_e22 window_influence: 0.49360595405643659, penalty_k: 0.48953917498051081, scale_lr: 0.76484036761576435, EAO: 0.300
Trial 1843 finished with value: 0.30017155965478504 and parameters: {'window_influence': 0.4936059540564366, 'penalty_k': 0.4895391749805108, 'scale_lr': 0.7648403676157643}. Best is trial 1270 with value: 0.3623636909959845.
checkpoint_e22 window_influence: 0.14932313441168324, penalty_k: 0.20876513624520213, scale_lr: 0.31107941115813209, EAO: 0.270
Trial 1844 finished with value: 0.2703555155588959 and parameters: {'window_influence': 0.14932313441168324, 'penalty_k': 0.20876513624520213, 'scale_lr': 0.3110794111581321}. Best is trial 1270 with value: 0.3623636909959845.
checkpoint_e22 window_influence: 0.20070095446018130, penalty_k: 0.10905516043396828, scale_lr: 0.29293581255978540, EAO: 0.289
Trial 1845 finished with value: 0.2892326195996095 and parameters: {'window_influence': 0.2007009544601813, 'penalty_k': 0.10905516043396828, 'scale_lr': 0.2929358125597854}. Best is trial 1270 with value: 0.3623636909959845.
checkpoint_e22 window_influence: 0.44346979299912426, penalty_k: 0.08797573190820686, scale_lr: 0.35638570209186160, EAO: 0.334
Trial 1846 finished with value: 0.3339633578688254 and parameters: {'window_influence': 0.44346979299912426, 'penalty_k': 0.08797573190820686, 'scale_lr': 0.3563857020918616}. Best is trial 1270 with value: 0.3623636909959845.
checkpoint_e22 window_influence: 0.47590036224580773, penalty_k: 0.05670854678548722, scale_lr: 0.52056816326318178, EAO: 0.319
Trial 1847 finished with value: 0.31921047279574993 and parameters: {'window_influence': 0.47590036224580773, 'penalty_k': 0.056708546785487216, 'scale_lr': 0.5205681632631818}. Best is trial 1270 with value: 0.3623636909959845.
checkpoint_e22 window_influence: 0.46032638017371486, penalty_k: 0.45673451254746367, scale_lr: 0.46777594094430552, EAO: 0.296
Trial 1848 finished with value: 0.29564853261880836 and parameters: {'window_influence': 0.46032638017371486, 'penalty_k': 0.45673451254746367, 'scale_lr': 0.4677759409443055}. Best is trial 1270 with value: 0.3623636909959845.
checkpoint_e22 window_influence: 0.51036997740226486, penalty_k: 0.03977227244623979, scale_lr: 0.58460295708787102, EAO: 0.319
Trial 1849 finished with value: 0.3189453014719811 and parameters: {'window_influence': 0.5103699774022649, 'penalty_k': 0.039772272446239786, 'scale_lr': 0.584602957087871}. Best is trial 1270 with value: 0.3623636909959845.
checkpoint_e22 window_influence: 0.48455733698735004, penalty_k: 0.18955245031463558, scale_lr: 0.42643417372100167, EAO: 0.328
Trial 1850 finished with value: 0.32768733434176167 and parameters: {'window_influence': 0.48455733698735004, 'penalty_k': 0.18955245031463558, 'scale_lr': 0.4264341737210017}. Best is trial 1270 with value: 0.3623636909959845.
checkpoint_e22 window_influence: 0.39262820491747286, penalty_k: 0.12251720994397894, scale_lr: 0.50514341398637019, EAO: 0.321
Trial 1851 finished with value: 0.3205605407285319 and parameters: {'window_influence': 0.39262820491747286, 'penalty_k': 0.12251720994397894, 'scale_lr': 0.5051434139863702}. Best is trial 1270 with value: 0.3623636909959845.
checkpoint_e22 window_influence: 0.22025084318087462, penalty_k: 0.15609564766351103, scale_lr: 0.26198988939379314, EAO: 0.277
