Trial 1172 finished with value: 0.2573482976929223 and parameters: {'window_influence': 0.16743614396081222, 'penalty_k': 0.5366987837107732, 'scale_lr': 0.36866403919347795}. Best is trial 1136 with value: 0.3697957394188016.
checkpoint_e33 window_influence: 0.47956321280223918, penalty_k: 0.06724314676166251, scale_lr: 0.64783784735027528, EAO: 0.335
Trial 1173 finished with value: 0.3350548612004588 and parameters: {'window_influence': 0.4795632128022392, 'penalty_k': 0.06724314676166251, 'scale_lr': 0.6478378473502753}. Best is trial 1136 with value: 0.3697957394188016.
checkpoint_e33 window_influence: 0.15168143439214976, penalty_k: 0.31691232923322205, scale_lr: 0.34595298894446125, EAO: 0.269
Trial 1174 finished with value: 0.2689620399637445 and parameters: {'window_influence': 0.15168143439214976, 'penalty_k': 0.31691232923322205, 'scale_lr': 0.34595298894446125}. Best is trial 1136 with value: 0.3697957394188016.
checkpoint_e33 window_influence: 0.46148865025597924, penalty_k: 0.05631024285511083, scale_lr: 0.72237030361644428, EAO: 0.330
Trial 1175 finished with value: 0.3303288978593359 and parameters: {'window_influence': 0.46148865025597924, 'penalty_k': 0.056310242855110826, 'scale_lr': 0.7223703036164443}. Best is trial 1136 with value: 0.3697957394188016.
checkpoint_e33 window_influence: 0.31141793387963018, penalty_k: 0.43653076245805755, scale_lr: 0.15967975958063818, EAO: 0.311
Trial 1176 finished with value: 0.3106341268649825 and parameters: {'window_influence': 0.3114179338796302, 'penalty_k': 0.43653076245805755, 'scale_lr': 0.15967975958063818}. Best is trial 1136 with value: 0.3697957394188016.
checkpoint_e33 window_influence: 0.48617902334631985, penalty_k: 0.27498716751596403, scale_lr: 0.19207312208375679, EAO: 0.314
Trial 1177 finished with value: 0.31440482227718786 and parameters: {'window_influence': 0.48617902334631985, 'penalty_k': 0.274987167515964, 'scale_lr': 0.1920731220837568}. Best is trial 1136 with value: 0.3697957394188016.
checkpoint_e33 window_influence: 0.47155076543682023, penalty_k: 0.15628268021318423, scale_lr: 0.40115673935726343, EAO: 0.327
Trial 1178 finished with value: 0.3265875305994939 and parameters: {'window_influence': 0.47155076543682023, 'penalty_k': 0.15628268021318423, 'scale_lr': 0.4011567393572634}. Best is trial 1136 with value: 0.3697957394188016.
checkpoint_e33 window_influence: 0.38514627301292453, penalty_k: 0.04224911274935366, scale_lr: 0.13018562456478150, EAO: 0.337
Trial 1179 finished with value: 0.33658999088673275 and parameters: {'window_influence': 0.38514627301292453, 'penalty_k': 0.04224911274935366, 'scale_lr': 0.1301856245647815}. Best is trial 1136 with value: 0.3697957394188016.
checkpoint_e33 window_influence: 0.42801790732064865, penalty_k: 0.33083940566619907, scale_lr: 0.70952508625796040, EAO: 0.321
Trial 1180 finished with value: 0.32102944820771423 and parameters: {'window_influence': 0.42801790732064865, 'penalty_k': 0.33083940566619907, 'scale_lr': 0.7095250862579604}. Best is trial 1136 with value: 0.3697957394188016.
checkpoint_e33 window_influence: 0.44908257978142441, penalty_k: 0.03055353613610627, scale_lr: 0.55280558730469409, EAO: 0.329
Trial 1181 finished with value: 0.3287880852064734 and parameters: {'window_influence': 0.4490825797814244, 'penalty_k': 0.03055353613610627, 'scale_lr': 0.5528055873046941}. Best is trial 1136 with value: 0.3697957394188016.
checkpoint_e33 window_influence: 0.62698020521393316, penalty_k: 0.07624047676733595, scale_lr: 0.58496830333420990, EAO: 0.253
Trial 1182 finished with value: 0.25344077135338394 and parameters: {'window_influence': 0.6269802052139332, 'penalty_k': 0.07624047676733595, 'scale_lr': 0.5849683033342099}. Best is trial 1136 with value: 0.3697957394188016.
checkpoint_e33 window_influence: 0.28378783733943713, penalty_k: 0.01145012132451980, scale_lr: 0.67769481392606190, EAO: 0.314
Trial 1183 finished with value: 0.31390437483787537 and parameters: {'window_influence': 0.28378783733943713, 'penalty_k': 0.011450121324519804, 'scale_lr': 0.6776948139260619}. Best is trial 1136 with value: 0.3697957394188016.
checkpoint_e33 window_influence: 0.36409576445724701, penalty_k: 0.48790577336181373, scale_lr: 0.31714448968962233, EAO: 0.339
Trial 1184 finished with value: 0.33881690889480975 and parameters: {'window_influence': 0.364095764457247, 'penalty_k': 0.48790577336181373, 'scale_lr': 0.31714448968962233}. Best is trial 1136 with value: 0.3697957394188016.
checkpoint_e33 window_influence: 0.56583307857476661, penalty_k: 0.17679815664154486, scale_lr: 0.30315642034092016, EAO: 0.292
Trial 1185 finished with value: 0.29184861005744117 and parameters: {'window_influence': 0.5658330785747666, 'penalty_k': 0.17679815664154486, 'scale_lr': 0.30315642034092016}. Best is trial 1136 with value: 0.3697957394188016.
checkpoint_e33 window_influence: 0.48952783984058573, penalty_k: 0.05825627979915207, scale_lr: 0.24070048356893040, EAO: 0.331
Trial 1186 finished with value: 0.3307533860786416 and parameters: {'window_influence': 0.48952783984058573, 'penalty_k': 0.058256279799152065, 'scale_lr': 0.2407004835689304}. Best is trial 1136 with value: 0.3697957394188016.
checkpoint_e33 window_influence: 0.46124570190992864, penalty_k: 0.19495985824326326, scale_lr: 0.17522410931430038, EAO: 0.333
Trial 1187 finished with value: 0.3332547192327707 and parameters: {'window_influence': 0.46124570190992864, 'penalty_k': 0.19495985824326326, 'scale_lr': 0.17522410931430038}. Best is trial 1136 with value: 0.3697957394188016.
checkpoint_e33 window_influence: 0.49718124038341249, penalty_k: 0.23410600507373086, scale_lr: 0.41514508150140844, EAO: 0.323
Trial 1188 finished with value: 0.3229537916438589 and parameters: {'window_influence': 0.4971812403834125, 'penalty_k': 0.23410600507373086, 'scale_lr': 0.41514508150140844}. Best is trial 1136 with value: 0.3697957394188016.
checkpoint_e33 window_influence: 0.47427142331673433, penalty_k: 0.40003234829151285, scale_lr: 0.22168915364022157, EAO: 0.321
Trial 1189 finished with value: 0.3214974040999023 and parameters: {'window_influence': 0.47427142331673433, 'penalty_k': 0.40003234829151285, 'scale_lr': 0.22168915364022157}. Best is trial 1136 with value: 0.3697957394188016.
checkpoint_e33 window_influence: 0.41953116886198344, penalty_k: 0.02123396747491227, scale_lr: 0.63254436229358812, EAO: 0.338
Trial 1190 finished with value: 0.3380539846327518 and parameters: {'window_influence': 0.41953116886198344, 'penalty_k': 0.02123396747491227, 'scale_lr': 0.6325443622935881}. Best is trial 1136 with value: 0.3697957394188016.
checkpoint_e33 window_influence: 0.44557204928733080, penalty_k: 0.04672798463434494, scale_lr: 0.61003903059025333, EAO: 0.339
Trial 1191 finished with value: 0.3386590717367625 and parameters: {'window_influence': 0.4455720492873308, 'penalty_k': 0.04672798463434494, 'scale_lr': 0.6100390305902533}. Best is trial 1136 with value: 0.3697957394188016.
checkpoint_e33 window_influence: 0.48400315041736136, penalty_k: 0.25698462272216560, scale_lr: 0.38080497294370691, EAO: 0.346
Trial 1192 finished with value: 0.3458098560455708 and parameters: {'window_influence': 0.48400315041736136, 'penalty_k': 0.2569846227221656, 'scale_lr': 0.3808049729437069}. Best is trial 1136 with value: 0.3697957394188016.
checkpoint_e33 window_influence: 0.46426150547236306, penalty_k: 0.07362854145852978, scale_lr: 0.26200521767737106, EAO: 0.342
Trial 1193 finished with value: 0.3420779463845932 and parameters: {'window_influence': 0.46426150547236306, 'penalty_k': 0.07362854145852978, 'scale_lr': 0.26200521767737106}. Best is trial 1136 with value: 0.3697957394188016.
checkpoint_e33 window_influence: 0.50064768791081138, penalty_k: 0.40543619892917365, scale_lr: 0.64526985842756857, EAO: 0.291
Trial 1194 finished with value: 0.29117932480828773 and parameters: {'window_influence': 0.5006476879108114, 'penalty_k': 0.40543619892917365, 'scale_lr': 0.6452698584275686}. Best is trial 1136 with value: 0.3697957394188016.
checkpoint_e33 window_influence: 0.48632153122733757, penalty_k: 0.38958389125363768, scale_lr: 0.35738097334055452, EAO: 0.357
Trial 1195 finished with value: 0.3574102442088294 and parameters: {'window_influence': 0.48632153122733757, 'penalty_k': 0.3895838912536377, 'scale_lr': 0.3573809733405545}. Best is trial 1136 with value: 0.3697957394188016.
checkpoint_e33 window_influence: 0.45415749378545833, penalty_k: 0.21756194323980410, scale_lr: 0.41945386611789343, EAO: 0.330
Trial 1196 finished with value: 0.32990892074915223 and parameters: {'window_influence': 0.45415749378545833, 'penalty_k': 0.2175619432398041, 'scale_lr': 0.4194538661178934}. Best is trial 1136 with value: 0.3697957394188016.
checkpoint_e33 window_influence: 0.47136688625120016, penalty_k: 0.47223567020206669, scale_lr: 0.67056376710977761, EAO: 0.304
Trial 1197 finished with value: 0.3044692005396817 and parameters: {'window_influence': 0.47136688625120016, 'penalty_k': 0.4722356702020667, 'scale_lr': 0.6705637671097776}. Best is trial 1136 with value: 0.3697957394188016.
checkpoint_e33 window_influence: 0.61201550277436478, penalty_k: 0.46065291982168832, scale_lr: 0.27816556333320941, EAO: 0.236
Trial 1198 finished with value: 0.23575770188166473 and parameters: {'window_influence': 0.6120155027743648, 'penalty_k': 0.4606529198216883, 'scale_lr': 0.2781655633332094}. Best is trial 1136 with value: 0.3697957394188016.
checkpoint_e33 window_influence: 0.42975800107783357, penalty_k: 0.03020314161502644, scale_lr: 0.14883614039451631, EAO: 0.321
Trial 1199 finished with value: 0.3214807227427857 and parameters: {'window_influence': 0.4297580010778336, 'penalty_k': 0.03020314161502644, 'scale_lr': 0.14883614039451631}. Best is trial 1136 with value: 0.3697957394188016.
checkpoint_e33 window_influence: 0.40406628063432393, penalty_k: 0.17111095138653562, scale_lr: 0.69877053902101749, EAO: 0.311
Trial 1200 finished with value: 0.31090051764876 and parameters: {'window_influence': 0.4040662806343239, 'penalty_k': 0.17111095138653562, 'scale_lr': 0.6987705390210175}. Best is trial 1136 with value: 0.3697957394188016.
checkpoint_e33 window_influence: 0.57530600092246420, penalty_k: 0.00999185557589155, scale_lr: 0.19582513349774133, EAO: 0.315
Trial 1201 finished with value: 0.31465106541544546 and parameters: {'window_influence': 0.5753060009224642, 'penalty_k': 0.009991855575891547, 'scale_lr': 0.19582513349774133}. Best is trial 1136 with value: 0.3697957394188016.
checkpoint_e33 window_influence: 0.37413505916458711, penalty_k: 0.55849261512920112, scale_lr: 0.59473416179094918, EAO: 0.315
Trial 1202 finished with value: 0.314858431308186 and parameters: {'window_influence': 0.3741350591645871, 'penalty_k': 0.5584926151292011, 'scale_lr': 0.5947341617909492}. Best is trial 1136 with value: 0.3697957394188016.
checkpoint_e33 window_influence: 0.43970912365207954, penalty_k: 0.18965480476525479, scale_lr: 0.25148909169902034, EAO: 0.334
Trial 1203 finished with value: 0.33352443135202164 and parameters: {'window_influence': 0.43970912365207954, 'penalty_k': 0.1896548047652548, 'scale_lr': 0.25148909169902034}. Best is trial 1136 with value: 0.3697957394188016.
checkpoint_e33 window_influence: 0.18026329278071285, penalty_k: 0.03882651034633287, scale_lr: 0.39381546718553795, EAO: 0.284
Trial 1204 finished with value: 0.28416788896929895 and parameters: {'window_influence': 0.18026329278071285, 'penalty_k': 0.03882651034633287, 'scale_lr': 0.39381546718553795}. Best is trial 1136 with value: 0.3697957394188016.
checkpoint_e33 window_influence: 0.20354604370955251, penalty_k: 0.05936816978394192, scale_lr: 0.54760263820271748, EAO: 0.295
Trial 1205 finished with value: 0.29525355165570627 and parameters: {'window_influence': 0.2035460437095525, 'penalty_k': 0.05936816978394192, 'scale_lr': 0.5476026382027175}. Best is trial 1136 with value: 0.3697957394188016.
checkpoint_e33 window_influence: 0.47862527599717619, penalty_k: 0.08708961418400601, scale_lr: 0.56681458091274339, EAO: 0.367
Trial 1206 finished with value: 0.3673330191740266 and parameters: {'window_influence': 0.4786252759971762, 'penalty_k': 0.08708961418400601, 'scale_lr': 0.5668145809127434}. Best is trial 1136 with value: 0.3697957394188016.
checkpoint_e33 window_influence: 0.47384785600200896, penalty_k: 0.08967659326686057, scale_lr: 0.52921388173667605, EAO: 0.359
Trial 1207 finished with value: 0.3587413844199496 and parameters: {'window_influence': 0.47384785600200896, 'penalty_k': 0.08967659326686057, 'scale_lr': 0.529213881736676}. Best is trial 1136 with value: 0.3697957394188016.
checkpoint_e33 window_influence: 0.22599213867619838, penalty_k: 0.12306284496913095, scale_lr: 0.55084693418284170, EAO: 0.290
Trial 1208 finished with value: 0.2901203941974195 and parameters: {'window_influence': 0.22599213867619838, 'penalty_k': 0.12306284496913095, 'scale_lr': 0.5508469341828417}. Best is trial 1136 with value: 0.3697957394188016.
checkpoint_e33 window_influence: 0.46644184192358251, penalty_k: 0.08556578332513461, scale_lr: 0.56446908446643962, EAO: 0.343
Trial 1209 finished with value: 0.3431007929349224 and parameters: {'window_influence': 0.4664418419235825, 'penalty_k': 0.0855657833251346, 'scale_lr': 0.5644690844664396}. Best is trial 1136 with value: 0.3697957394188016.
checkpoint_e33 window_influence: 0.12685506222810933, penalty_k: 0.30186908442274085, scale_lr: 0.59170049114300272, EAO: 0.265
Trial 1210 finished with value: 0.2654250603357642 and parameters: {'window_influence': 0.12685506222810933, 'penalty_k': 0.30186908442274085, 'scale_lr': 0.5917004911430027}. Best is trial 1136 with value: 0.3697957394188016.
checkpoint_e33 window_influence: 0.25806503771791589, penalty_k: 0.15028396954369727, scale_lr: 0.57767912028393686, EAO: 0.304
Trial 1211 finished with value: 0.3036362486474709 and parameters: {'window_influence': 0.2580650377179159, 'penalty_k': 0.15028396954369727, 'scale_lr': 0.5776791202839369}. Best is trial 1136 with value: 0.3697957394188016.
checkpoint_e33 window_influence: 0.23214443832016579, penalty_k: 0.10767134555392541, scale_lr: 0.56959980210795125, EAO: 0.301
Trial 1212 finished with value: 0.30063035701499374 and parameters: {'window_influence': 0.2321444383201658, 'penalty_k': 0.10767134555392541, 'scale_lr': 0.5695998021079512}. Best is trial 1136 with value: 0.3697957394188016.
checkpoint_e33 window_influence: 0.45615890538307863, penalty_k: 0.35776478698881442, scale_lr: 0.54734096759730033, EAO: 0.332
Trial 1213 finished with value: 0.33221229458597384 and parameters: {'window_influence': 0.45615890538307863, 'penalty_k': 0.3577647869888144, 'scale_lr': 0.5473409675973003}. Best is trial 1136 with value: 0.3697957394188016.
checkpoint_e33 window_influence: 0.47964352909891633, penalty_k: 0.00002043984249306, scale_lr: 0.52926078175965019, EAO: 0.337
Trial 1214 finished with value: 0.3371906359371972 and parameters: {'window_influence': 0.47964352909891633, 'penalty_k': 2.043984249306026e-05, 'scale_lr': 0.5292607817596502}. Best is trial 1136 with value: 0.3697957394188016.
checkpoint_e33 window_influence: 0.46158331569639632, penalty_k: 0.55369450651100571, scale_lr: 0.62780373375730736, EAO: 0.316
Trial 1215 finished with value: 0.31599937495322544 and parameters: {'window_influence': 0.4615833156963963, 'penalty_k': 0.5536945065110057, 'scale_lr': 0.6278037337573074}. Best is trial 1136 with value: 0.3697957394188016.
checkpoint_e33 window_influence: 0.11564715288794650, penalty_k: 0.09862703809606937, scale_lr: 0.52145050956821237, EAO: 0.252
Trial 1216 finished with value: 0.2516239455933701 and parameters: {'window_influence': 0.1156471528879465, 'penalty_k': 0.09862703809606937, 'scale_lr': 0.5214505095682124}. Best is trial 1136 with value: 0.3697957394188016.
checkpoint_e33 window_influence: 0.47989102294408043, penalty_k: 0.19968264768423355, scale_lr: 0.33081179350663092, EAO: 0.332
Trial 1217 finished with value: 0.3317249687497254 and parameters: {'window_influence': 0.4798910229440804, 'penalty_k': 0.19968264768423355, 'scale_lr': 0.3308117935066309}. Best is trial 1136 with value: 0.3697957394188016.
checkpoint_e33 window_influence: 0.44881267866875196, penalty_k: 0.01631783081393708, scale_lr: 0.56823795849773184, EAO: 0.337
Trial 1218 finished with value: 0.33651068574723564 and parameters: {'window_influence': 0.44881267866875196, 'penalty_k': 0.016317830813937076, 'scale_lr': 0.5682379584977318}. Best is trial 1136 with value: 0.3697957394188016.
checkpoint_e33 window_influence: 0.49379675316375815, penalty_k: 0.51612795171511416, scale_lr: 0.71696554139690372, EAO: 0.291
Trial 1219 finished with value: 0.2913218972052118 and parameters: {'window_influence': 0.49379675316375815, 'penalty_k': 0.5161279517151142, 'scale_lr': 0.7169655413969037}. Best is trial 1136 with value: 0.3697957394188016.
checkpoint_e33 window_influence: 0.32486948383725844, penalty_k: 0.37781366969270797, scale_lr: 0.59280362300904055, EAO: 0.303
Trial 1220 finished with value: 0.30316732510750394 and parameters: {'window_influence': 0.32486948383725844, 'penalty_k': 0.37781366969270797, 'scale_lr': 0.5928036230090405}. Best is trial 1136 with value: 0.3697957394188016.
checkpoint_e33 window_influence: 0.27067489868243999, penalty_k: 0.13132718385619702, scale_lr: 0.61367016115899908, EAO: 0.313
Trial 1221 finished with value: 0.3134366428109922 and parameters: {'window_influence': 0.27067489868244, 'penalty_k': 0.13132718385619702, 'scale_lr': 0.6136701611589991}. Best is trial 1136 with value: 0.3697957394188016.
checkpoint_e33 window_influence: 0.47100627351089774, penalty_k: 0.07999076820604768, scale_lr: 0.61992734217055434, EAO: 0.347
Trial 1222 finished with value: 0.34741067747197724 and parameters: {'window_influence': 0.47100627351089774, 'penalty_k': 0.07999076820604768, 'scale_lr': 0.6199273421705543}. Best is trial 1136 with value: 0.3697957394188016.
checkpoint_e33 window_influence: 0.48799698550457693, penalty_k: 0.02803010641910100, scale_lr: 0.64841585834353521, EAO: 0.345
Trial 1223 finished with value: 0.3448924592728745 and parameters: {'window_influence': 0.48799698550457693, 'penalty_k': 0.028030106419101, 'scale_lr': 0.6484158583435352}. Best is trial 1136 with value: 0.3697957394188016.
checkpoint_e33 window_influence: 0.36059531926871891, penalty_k: 0.51791082504057584, scale_lr: 0.54105884554764372, EAO: 0.319
Trial 1224 finished with value: 0.3193272995229825 and parameters: {'window_influence': 0.3605953192687189, 'penalty_k': 0.5179108250405758, 'scale_lr': 0.5410588455476437}. Best is trial 1136 with value: 0.3697957394188016.
checkpoint_e33 window_influence: 0.17392704506249404, penalty_k: 0.33850393259301159, scale_lr: 0.21224959206134750, EAO: 0.283
Trial 1225 finished with value: 0.28298930939765293 and parameters: {'window_influence': 0.17392704506249404, 'penalty_k': 0.3385039325930116, 'scale_lr': 0.2122495920613475}. Best is trial 1136 with value: 0.3697957394188016.
checkpoint_e33 window_influence: 0.45783164753392896, penalty_k: 0.16909214397627001, scale_lr: 0.12161906299014054, EAO: 0.343
Trial 1226 finished with value: 0.3425438751390472 and parameters: {'window_influence': 0.45783164753392896, 'penalty_k': 0.16909214397627, 'scale_lr': 0.12161906299014054}. Best is trial 1136 with value: 0.3697957394188016.
checkpoint_e33 window_influence: 0.19502479092559477, penalty_k: 0.23974275055339953, scale_lr: 0.74401362211895894, EAO: 0.282
Trial 1227 finished with value: 0.28179347926772524 and parameters: {'window_influence': 0.19502479092559477, 'penalty_k': 0.23974275055339953, 'scale_lr': 0.7440136221189589}. Best is trial 1136 with value: 0.3697957394188016.
checkpoint_e33 window_influence: 0.43733820455204425, penalty_k: 0.11756876876420080, scale_lr: 0.60601515763078118, EAO: 0.334
Trial 1228 finished with value: 0.33401292342156286 and parameters: {'window_influence': 0.43733820455204425, 'penalty_k': 0.1175687687642008, 'scale_lr': 0.6060151576307812}. Best is trial 1136 with value: 0.3697957394188016.
checkpoint_e33 window_influence: 0.10316758524141656, penalty_k: 0.39458313305530468, scale_lr: 0.50565591746245842, EAO: 0.254
Trial 1229 finished with value: 0.2544090300798416 and parameters: {'window_influence': 0.10316758524141656, 'penalty_k': 0.3945831330553047, 'scale_lr': 0.5056559174624584}. Best is trial 1136 with value: 0.3697957394188016.
checkpoint_e33 window_influence: 0.47645891532205908, penalty_k: 0.14238310133126908, scale_lr: 0.55904814010856418, EAO: 0.338
Trial 1230 finished with value: 0.33816846068731077 and parameters: {'window_influence': 0.4764589153220591, 'penalty_k': 0.14238310133126908, 'scale_lr': 0.5590481401085642}. Best is trial 1136 with value: 0.3697957394188016.
checkpoint_e33 window_influence: 0.46636349604331956, penalty_k: 0.21120299654360866, scale_lr: 0.68370726408486249, EAO: 0.342
Trial 1231 finished with value: 0.34218005980962907 and parameters: {'window_influence': 0.46636349604331956, 'penalty_k': 0.21120299654360866, 'scale_lr': 0.6837072640848625}. Best is trial 1136 with value: 0.3697957394188016.
checkpoint_e33 window_influence: 0.48904804542310404, penalty_k: 0.01999789908797503, scale_lr: 0.65881830756521265, EAO: 0.336
Trial 1232 finished with value: 0.3357034158613895 and parameters: {'window_influence': 0.48904804542310404, 'penalty_k': 0.01999789908797503, 'scale_lr': 0.6588183075652126}. Best is trial 1136 with value: 0.3697957394188016.
checkpoint_e33 window_influence: 0.64210218226025129, penalty_k: 0.45104825535193160, scale_lr: 0.58238353881028715, EAO: 0.224
Trial 1233 finished with value: 0.2244018094780844 and parameters: {'window_influence': 0.6421021822602513, 'penalty_k': 0.4510482553519316, 'scale_lr': 0.5823835388102871}. Best is trial 1136 with value: 0.3697957394188016.
checkpoint_e33 window_influence: 0.41852827271401405, penalty_k: 0.18330512016254830, scale_lr: 0.30003875880356212, EAO: 0.326
