Trial 1054 finished with value: 0.29352513170195926 and parameters: {'window_influence': 0.4779903744014756, 'penalty_k': 0.3002874068198908, 'scale_lr': 0.5730182466438574}. Best is trial 877 with value: 0.36080633677861107.
checkpoint_e22 window_influence: 0.57511392207459378, penalty_k: 0.10809773986467153, scale_lr: 0.65319503355031938, EAO: 0.254
Trial 1055 finished with value: 0.254364528544682 and parameters: {'window_influence': 0.5751139220745938, 'penalty_k': 0.10809773986467153, 'scale_lr': 0.6531950335503194}. Best is trial 877 with value: 0.36080633677861107.
checkpoint_e22 window_influence: 0.16513135852483718, penalty_k: 0.34973410533315852, scale_lr: 0.47450341870903678, EAO: 0.257
Trial 1056 finished with value: 0.25696666237213267 and parameters: {'window_influence': 0.16513135852483718, 'penalty_k': 0.3497341053331585, 'scale_lr': 0.4745034187090368}. Best is trial 877 with value: 0.36080633677861107.
checkpoint_e22 window_influence: 0.44787463865792659, penalty_k: 0.32629472161330875, scale_lr: 0.67812931013613464, EAO: 0.305
Trial 1057 finished with value: 0.305079270661573 and parameters: {'window_influence': 0.4478746386579266, 'penalty_k': 0.32629472161330875, 'scale_lr': 0.6781293101361346}. Best is trial 877 with value: 0.36080633677861107.
checkpoint_e22 window_influence: 0.23007069316434542, penalty_k: 0.08837352575902856, scale_lr: 0.60252286821428269, EAO: 0.294
Trial 1058 finished with value: 0.29442739533079276 and parameters: {'window_influence': 0.23007069316434542, 'penalty_k': 0.08837352575902856, 'scale_lr': 0.6025228682142827}. Best is trial 877 with value: 0.36080633677861107.
checkpoint_e22 window_influence: 0.46335511568524973, penalty_k: 0.12281456862142348, scale_lr: 0.68272523763660986, EAO: 0.330
Trial 1059 finished with value: 0.3303565305262688 and parameters: {'window_influence': 0.46335511568524973, 'penalty_k': 0.12281456862142348, 'scale_lr': 0.6827252376366099}. Best is trial 877 with value: 0.36080633677861107.
checkpoint_e22 window_influence: 0.33377298939904748, penalty_k: 0.26892827317202178, scale_lr: 0.76333241721364875, EAO: 0.310
Trial 1060 finished with value: 0.31000451181185384 and parameters: {'window_influence': 0.3337729893990475, 'penalty_k': 0.2689282731720218, 'scale_lr': 0.7633324172136488}. Best is trial 877 with value: 0.36080633677861107.
checkpoint_e22 window_influence: 0.48733857729698871, penalty_k: 0.52397753631308330, scale_lr: 0.61974735855945073, EAO: 0.298
Trial 1061 finished with value: 0.2978392213814917 and parameters: {'window_influence': 0.4873385772969887, 'penalty_k': 0.5239775363130833, 'scale_lr': 0.6197473585594507}. Best is trial 877 with value: 0.36080633677861107.
checkpoint_e22 window_influence: 0.55230328782197491, penalty_k: 0.14478788090960393, scale_lr: 0.49230824250782246, EAO: 0.289
Trial 1062 finished with value: 0.289216243397401 and parameters: {'window_influence': 0.5523032878219749, 'penalty_k': 0.14478788090960393, 'scale_lr': 0.49230824250782246}. Best is trial 877 with value: 0.36080633677861107.
checkpoint_e22 window_influence: 0.28904311233654961, penalty_k: 0.09800380724350106, scale_lr: 0.59239768511558644, EAO: 0.299
Trial 1063 finished with value: 0.2988866063175498 and parameters: {'window_influence': 0.2890431123365496, 'penalty_k': 0.09800380724350106, 'scale_lr': 0.5923976851155864}. Best is trial 877 with value: 0.36080633677861107.
checkpoint_e22 window_influence: 0.51103975128296364, penalty_k: 0.05459429430398274, scale_lr: 0.39524609369273039, EAO: 0.317
Trial 1064 finished with value: 0.31712640352286253 and parameters: {'window_influence': 0.5110397512829636, 'penalty_k': 0.05459429430398274, 'scale_lr': 0.3952460936927304}. Best is trial 877 with value: 0.36080633677861107.
checkpoint_e22 window_influence: 0.28567897087663185, penalty_k: 0.16206109854903747, scale_lr: 0.73905741673388881, EAO: 0.289
Trial 1065 finished with value: 0.2892501670794728 and parameters: {'window_influence': 0.28567897087663185, 'penalty_k': 0.16206109854903747, 'scale_lr': 0.7390574167338888}. Best is trial 877 with value: 0.36080633677861107.
checkpoint_e22 window_influence: 0.46560823418561453, penalty_k: 0.04401407082764826, scale_lr: 0.66317030559367429, EAO: 0.331
Trial 1066 finished with value: 0.331216822222513 and parameters: {'window_influence': 0.46560823418561453, 'penalty_k': 0.04401407082764826, 'scale_lr': 0.6631703055936743}. Best is trial 877 with value: 0.36080633677861107.
checkpoint_e22 window_influence: 0.47928635454897583, penalty_k: 0.13115830645429946, scale_lr: 0.66565364625536483, EAO: 0.346
Trial 1067 finished with value: 0.34570563372934837 and parameters: {'window_influence': 0.47928635454897583, 'penalty_k': 0.13115830645429946, 'scale_lr': 0.6656536462553648}. Best is trial 877 with value: 0.36080633677861107.
checkpoint_e22 window_influence: 0.44960372776253171, penalty_k: 0.25281975789466182, scale_lr: 0.52816746635100875, EAO: 0.315
Trial 1068 finished with value: 0.31529652660690854 and parameters: {'window_influence': 0.4496037277625317, 'penalty_k': 0.2528197578946618, 'scale_lr': 0.5281674663510088}. Best is trial 877 with value: 0.36080633677861107.
checkpoint_e22 window_influence: 0.49660228222835379, penalty_k: 0.45806681946191330, scale_lr: 0.59908025479744131, EAO: 0.289
Trial 1069 finished with value: 0.2887884714144213 and parameters: {'window_influence': 0.4966022822283538, 'penalty_k': 0.4580668194619133, 'scale_lr': 0.5990802547974413}. Best is trial 877 with value: 0.36080633677861107.
checkpoint_e22 window_influence: 0.19521557411034599, penalty_k: 0.11137868332936945, scale_lr: 0.51305379622578440, EAO: 0.262
Trial 1070 finished with value: 0.2621308499621046 and parameters: {'window_influence': 0.19521557411034599, 'penalty_k': 0.11137868332936945, 'scale_lr': 0.5130537962257844}. Best is trial 877 with value: 0.36080633677861107.
checkpoint_e22 window_influence: 0.09471004055800208, penalty_k: 0.07034415953049865, scale_lr: 0.70474256545145253, EAO: 0.246
Trial 1071 finished with value: 0.2461870645502662 and parameters: {'window_influence': 0.09471004055800208, 'penalty_k': 0.07034415953049865, 'scale_lr': 0.7047425654514525}. Best is trial 877 with value: 0.36080633677861107.
checkpoint_e22 window_influence: 0.33521122601941256, penalty_k: 0.09295845051893493, scale_lr: 0.71208953537212805, EAO: 0.286
Trial 1072 finished with value: 0.28622154624777546 and parameters: {'window_influence': 0.33521122601941256, 'penalty_k': 0.09295845051893493, 'scale_lr': 0.712089535372128}. Best is trial 877 with value: 0.36080633677861107.
checkpoint_e22 window_influence: 0.31554611037020813, penalty_k: 0.07893688945678763, scale_lr: 0.54291560390396332, EAO: 0.293
Trial 1073 finished with value: 0.2928407890903347 and parameters: {'window_influence': 0.31554611037020813, 'penalty_k': 0.07893688945678763, 'scale_lr': 0.5429156039039633}. Best is trial 877 with value: 0.36080633677861107.
checkpoint_e22 window_influence: 0.43001070030293664, penalty_k: 0.14008517248675081, scale_lr: 0.62822353583783563, EAO: 0.313
Trial 1074 finished with value: 0.3127583521001534 and parameters: {'window_influence': 0.43001070030293664, 'penalty_k': 0.14008517248675081, 'scale_lr': 0.6282235358378356}. Best is trial 877 with value: 0.36080633677861107.
checkpoint_e22 window_influence: 0.41399908777927480, penalty_k: 0.12047620587596915, scale_lr: 0.75828358815499985, EAO: 0.310
Trial 1075 finished with value: 0.3100943273723357 and parameters: {'window_influence': 0.4139990877792748, 'penalty_k': 0.12047620587596915, 'scale_lr': 0.7582835881549999}. Best is trial 877 with value: 0.36080633677861107.
checkpoint_e22 window_influence: 0.47072660194674826, penalty_k: 0.10442104096358663, scale_lr: 0.44656844891074854, EAO: 0.312
Trial 1076 finished with value: 0.31227625517993585 and parameters: {'window_influence': 0.47072660194674826, 'penalty_k': 0.10442104096358663, 'scale_lr': 0.44656844891074854}. Best is trial 877 with value: 0.36080633677861107.
checkpoint_e22 window_influence: 0.53548700925281689, penalty_k: 0.39358091384272859, scale_lr: 0.57373072866512731, EAO: 0.273
Trial 1077 finished with value: 0.27295762799129414 and parameters: {'window_influence': 0.5354870092528169, 'penalty_k': 0.3935809138427286, 'scale_lr': 0.5737307286651273}. Best is trial 877 with value: 0.36080633677861107.
checkpoint_e22 window_influence: 0.45803532487295578, penalty_k: 0.24864234952352934, scale_lr: 0.38602421570782153, EAO: 0.328
Trial 1078 finished with value: 0.32815649769185584 and parameters: {'window_influence': 0.4580353248729558, 'penalty_k': 0.24864234952352934, 'scale_lr': 0.3860242157078215}. Best is trial 877 with value: 0.36080633677861107.
checkpoint_e22 window_influence: 0.48650386560685188, penalty_k: 0.15355674033505906, scale_lr: 0.55524335101500188, EAO: 0.299
Trial 1079 finished with value: 0.2988210561094581 and parameters: {'window_influence': 0.4865038656068519, 'penalty_k': 0.15355674033505906, 'scale_lr': 0.5552433510150019}. Best is trial 877 with value: 0.36080633677861107.
checkpoint_e22 window_influence: 0.22039853370654552, penalty_k: 0.05797762650054891, scale_lr: 0.40413307772957618, EAO: 0.283
Trial 1080 finished with value: 0.28272604519059225 and parameters: {'window_influence': 0.22039853370654552, 'penalty_k': 0.05797762650054891, 'scale_lr': 0.4041330777295762}. Best is trial 877 with value: 0.36080633677861107.
checkpoint_e22 window_influence: 0.24302284431940360, penalty_k: 0.09591854915494166, scale_lr: 0.61100668339139097, EAO: 0.276
Trial 1081 finished with value: 0.27620680038799106 and parameters: {'window_influence': 0.2430228443194036, 'penalty_k': 0.09591854915494166, 'scale_lr': 0.611006683391391}. Best is trial 877 with value: 0.36080633677861107.
checkpoint_e22 window_influence: 0.44076735170169817, penalty_k: 0.11821844767145190, scale_lr: 0.31133911945637455, EAO: 0.334
Trial 1082 finished with value: 0.33391449829483777 and parameters: {'window_influence': 0.4407673517016982, 'penalty_k': 0.1182184476714519, 'scale_lr': 0.31133911945637455}. Best is trial 877 with value: 0.36080633677861107.
checkpoint_e22 window_influence: 0.50181747266018517, penalty_k: 0.22682373990060972, scale_lr: 0.42628132751462022, EAO: 0.313
Trial 1083 finished with value: 0.31275986100217246 and parameters: {'window_influence': 0.5018174726601852, 'penalty_k': 0.22682373990060972, 'scale_lr': 0.4262813275146202}. Best is trial 877 with value: 0.36080633677861107.
checkpoint_e22 window_influence: 0.47594029430819307, penalty_k: 0.08256653832597863, scale_lr: 0.49408154424452622, EAO: 0.336
Trial 1084 finished with value: 0.33607054753990023 and parameters: {'window_influence': 0.47594029430819307, 'penalty_k': 0.08256653832597863, 'scale_lr': 0.4940815442445262}. Best is trial 877 with value: 0.36080633677861107.
checkpoint_e22 window_influence: 0.15152716319264270, penalty_k: 0.04102205935468408, scale_lr: 0.37884612142263174, EAO: 0.270
Trial 1085 finished with value: 0.27014212774163554 and parameters: {'window_influence': 0.1515271631926427, 'penalty_k': 0.04102205935468408, 'scale_lr': 0.37884612142263174}. Best is trial 877 with value: 0.36080633677861107.
checkpoint_e22 window_influence: 0.36606591986002612, penalty_k: 0.50779899175823906, scale_lr: 0.69140410475558933, EAO: 0.308
Trial 1086 finished with value: 0.30750305254867566 and parameters: {'window_influence': 0.3660659198600261, 'penalty_k': 0.5077989917582391, 'scale_lr': 0.6914041047555893}. Best is trial 877 with value: 0.36080633677861107.
checkpoint_e22 window_influence: 0.61607642130647078, penalty_k: 0.17644485670626983, scale_lr: 0.64481947052840827, EAO: 0.239
Trial 1087 finished with value: 0.239245162283864 and parameters: {'window_influence': 0.6160764213064708, 'penalty_k': 0.17644485670626983, 'scale_lr': 0.6448194705284083}. Best is trial 877 with value: 0.36080633677861107.
checkpoint_e22 window_influence: 0.52328737893194344, penalty_k: 0.47084542468804641, scale_lr: 0.72121372926909222, EAO: 0.282
Trial 1088 finished with value: 0.28186481762025145 and parameters: {'window_influence': 0.5232873789319434, 'penalty_k': 0.4708454246880464, 'scale_lr': 0.7212137292690922}. Best is trial 877 with value: 0.36080633677861107.
checkpoint_e22 window_influence: 0.46171030986998551, penalty_k: 0.21846956471891071, scale_lr: 0.77925937231867859, EAO: 0.326
Trial 1089 finished with value: 0.32593693987172867 and parameters: {'window_influence': 0.4617103098699855, 'penalty_k': 0.2184695647189107, 'scale_lr': 0.7792593723186786}. Best is trial 877 with value: 0.36080633677861107.
checkpoint_e22 window_influence: 0.10893163836697223, penalty_k: 0.52947092027751108, scale_lr: 0.43654973137575259, EAO: 0.248
Trial 1090 finished with value: 0.24771146540048058 and parameters: {'window_influence': 0.10893163836697223, 'penalty_k': 0.5294709202775111, 'scale_lr': 0.4365497313757526}. Best is trial 877 with value: 0.36080633677861107.
checkpoint_e22 window_influence: 0.40292839847131379, penalty_k: 0.43861805593918535, scale_lr: 0.32644074378215154, EAO: 0.304
Trial 1091 finished with value: 0.30377379187350145 and parameters: {'window_influence': 0.4029283984713138, 'penalty_k': 0.43861805593918535, 'scale_lr': 0.32644074378215154}. Best is trial 877 with value: 0.36080633677861107.
checkpoint_e22 window_influence: 0.64902693911584997, penalty_k: 0.13410516303405798, scale_lr: 0.74019239225810796, EAO: 0.221
Trial 1092 finished with value: 0.2214551059536433 and parameters: {'window_influence': 0.64902693911585, 'penalty_k': 0.13410516303405798, 'scale_lr': 0.740192392258108}. Best is trial 877 with value: 0.36080633677861107.
checkpoint_e22 window_influence: 0.48763400348558616, penalty_k: 0.10165319020055513, scale_lr: 0.58998552857785658, EAO: 0.349
Trial 1093 finished with value: 0.34894139490702736 and parameters: {'window_influence': 0.48763400348558616, 'penalty_k': 0.10165319020055513, 'scale_lr': 0.5899855285778566}. Best is trial 877 with value: 0.36080633677861107.
checkpoint_e22 window_influence: 0.51074737308204687, penalty_k: 0.07549240534300564, scale_lr: 0.61254921234548798, EAO: 0.320
Trial 1094 finished with value: 0.3196937205262685 and parameters: {'window_influence': 0.5107473730820469, 'penalty_k': 0.07549240534300564, 'scale_lr': 0.612549212345488}. Best is trial 877 with value: 0.36080633677861107.
checkpoint_e22 window_influence: 0.06607531554186502, penalty_k: 0.06230613359440830, scale_lr: 0.62125632238971329, EAO: 0.253
Trial 1095 finished with value: 0.2532632288881777 and parameters: {'window_influence': 0.06607531554186502, 'penalty_k': 0.0623061335944083, 'scale_lr': 0.6212563223897133}. Best is trial 877 with value: 0.36080633677861107.
checkpoint_e22 window_influence: 0.49183609411648982, penalty_k: 0.09119493611664518, scale_lr: 0.59807207828886233, EAO: 0.334
Trial 1096 finished with value: 0.3340354487589825 and parameters: {'window_influence': 0.4918360941164898, 'penalty_k': 0.09119493611664518, 'scale_lr': 0.5980720782888623}. Best is trial 877 with value: 0.36080633677861107.
checkpoint_e22 window_influence: 0.49516075249818142, penalty_k: 0.02524077233765020, scale_lr: 0.56591943483349638, EAO: 0.329
Trial 1097 finished with value: 0.3290800493398993 and parameters: {'window_influence': 0.4951607524981814, 'penalty_k': 0.0252407723376502, 'scale_lr': 0.5659194348334964}. Best is trial 877 with value: 0.36080633677861107.
checkpoint_e22 window_influence: 0.59616113116520619, penalty_k: 0.10792579458081961, scale_lr: 0.48732392985210876, EAO: 0.259
Trial 1098 finished with value: 0.25873842933994323 and parameters: {'window_influence': 0.5961611311652062, 'penalty_k': 0.1079257945808196, 'scale_lr': 0.48732392985210876}. Best is trial 877 with value: 0.36080633677861107.
checkpoint_e22 window_influence: 0.50835065040971872, penalty_k: 0.10156777253024593, scale_lr: 0.59231261888191089, EAO: 0.316
Trial 1099 finished with value: 0.315990893119504 and parameters: {'window_influence': 0.5083506504097187, 'penalty_k': 0.10156777253024593, 'scale_lr': 0.5923126188819109}. Best is trial 877 with value: 0.36080633677861107.
checkpoint_e22 window_influence: 0.48760626182060923, penalty_k: 0.08361322998217255, scale_lr: 0.59072641521579083, EAO: 0.336
Trial 1100 finished with value: 0.3356398941245988 and parameters: {'window_influence': 0.48760626182060923, 'penalty_k': 0.08361322998217255, 'scale_lr': 0.5907264152157908}. Best is trial 877 with value: 0.36080633677861107.
checkpoint_e22 window_influence: 0.05800271892155634, penalty_k: 0.41323433824293027, scale_lr: 0.58045204583394661, EAO: 0.220
Trial 1101 finished with value: 0.2198422733795782 and parameters: {'window_influence': 0.05800271892155634, 'penalty_k': 0.41323433824293027, 'scale_lr': 0.5804520458339466}. Best is trial 877 with value: 0.36080633677861107.
checkpoint_e22 window_influence: 0.26870696738648175, penalty_k: 0.57747957249282533, scale_lr: 0.30841890747213990, EAO: 0.272
Trial 1102 finished with value: 0.2718623277626149 and parameters: {'window_influence': 0.26870696738648175, 'penalty_k': 0.5774795724928253, 'scale_lr': 0.3084189074721399}. Best is trial 877 with value: 0.36080633677861107.
checkpoint_e22 window_influence: 0.33872399205926529, penalty_k: 0.29394193371126642, scale_lr: 0.63316332175098733, EAO: 0.291
Trial 1103 finished with value: 0.29096470002070474 and parameters: {'window_influence': 0.3387239920592653, 'penalty_k': 0.2939419337112664, 'scale_lr': 0.6331633217509873}. Best is trial 877 with value: 0.36080633677861107.
checkpoint_e22 window_influence: 0.58071901801457848, penalty_k: 0.06619344453501966, scale_lr: 0.47168697278593164, EAO: 0.285
Trial 1104 finished with value: 0.28453336470553847 and parameters: {'window_influence': 0.5807190180145785, 'penalty_k': 0.06619344453501966, 'scale_lr': 0.47168697278593164}. Best is trial 877 with value: 0.36080633677861107.
checkpoint_e22 window_influence: 0.47814237798943632, penalty_k: 0.03947825436601227, scale_lr: 0.55579451846860561, EAO: 0.312
Trial 1105 finished with value: 0.31203932178855404 and parameters: {'window_influence': 0.4781423779894363, 'penalty_k': 0.03947825436601227, 'scale_lr': 0.5557945184686056}. Best is trial 877 with value: 0.36080633677861107.
checkpoint_e22 window_influence: 0.50332653745930633, penalty_k: 0.19097390804421185, scale_lr: 0.61542548107669781, EAO: 0.340
Trial 1106 finished with value: 0.3401094255280402 and parameters: {'window_influence': 0.5033265374593063, 'penalty_k': 0.19097390804421185, 'scale_lr': 0.6154254810766978}. Best is trial 877 with value: 0.36080633677861107.
checkpoint_e22 window_influence: 0.24486526618635601, penalty_k: 0.12407548433055797, scale_lr: 0.58947176520080935, EAO: 0.275
Trial 1107 finished with value: 0.27499237894316125 and parameters: {'window_influence': 0.244865266186356, 'penalty_k': 0.12407548433055797, 'scale_lr': 0.5894717652008094}. Best is trial 877 with value: 0.36080633677861107.
checkpoint_e22 window_influence: 0.48342638458276227, penalty_k: 0.38294892323138119, scale_lr: 0.27558191307115609, EAO: 0.316
Trial 1108 finished with value: 0.3161344898697931 and parameters: {'window_influence': 0.48342638458276227, 'penalty_k': 0.3829489232313812, 'scale_lr': 0.2755819130711561}. Best is trial 877 with value: 0.36080633677861107.
checkpoint_e22 window_influence: 0.38847145883464862, penalty_k: 0.31960518104701774, scale_lr: 0.60286172909196878, EAO: 0.308
Trial 1109 finished with value: 0.3081448130918384 and parameters: {'window_influence': 0.3884714588346486, 'penalty_k': 0.31960518104701774, 'scale_lr': 0.6028617290919688}. Best is trial 877 with value: 0.36080633677861107.
checkpoint_e22 window_influence: 0.21221977775394679, penalty_k: 0.09300627131493427, scale_lr: 0.25906297231394709, EAO: 0.269
Trial 1110 finished with value: 0.26879992153394083 and parameters: {'window_influence': 0.2122197777539468, 'penalty_k': 0.09300627131493427, 'scale_lr': 0.2590629723139471}. Best is trial 877 with value: 0.36080633677861107.
checkpoint_e22 window_influence: 0.52023323068496286, penalty_k: 0.40963882079612568, scale_lr: 0.65407054364513262, EAO: 0.295
Trial 1111 finished with value: 0.29520360551455604 and parameters: {'window_influence': 0.5202332306849629, 'penalty_k': 0.4096388207961257, 'scale_lr': 0.6540705436451326}. Best is trial 877 with value: 0.36080633677861107.
checkpoint_e22 window_influence: 0.46857938089607398, penalty_k: 0.16480304662203149, scale_lr: 0.51528840557771172, EAO: 0.332
Trial 1112 finished with value: 0.33155624435105674 and parameters: {'window_influence': 0.468579380896074, 'penalty_k': 0.1648030466220315, 'scale_lr': 0.5152884055777117}. Best is trial 877 with value: 0.36080633677861107.
checkpoint_e22 window_influence: 0.49862869435631685, penalty_k: 0.01977764746973271, scale_lr: 0.32729598523720249, EAO: 0.333
Trial 1113 finished with value: 0.3328756529997295 and parameters: {'window_influence': 0.49862869435631685, 'penalty_k': 0.019777647469732713, 'scale_lr': 0.3272959852372025}. Best is trial 877 with value: 0.36080633677861107.
checkpoint_e22 window_influence: 0.45264297956291311, penalty_k: 0.05223813835367187, scale_lr: 0.71794994431564074, EAO: 0.311
Trial 1114 finished with value: 0.31054734638692805 and parameters: {'window_influence': 0.4526429795629131, 'penalty_k': 0.05223813835367187, 'scale_lr': 0.7179499443156407}. Best is trial 877 with value: 0.36080633677861107.
checkpoint_e22 window_influence: 0.31064507775315942, penalty_k: 0.11038043122613854, scale_lr: 0.62300615032451101, EAO: 0.309
Trial 1115 finished with value: 0.3090727242282392 and parameters: {'window_influence': 0.3106450777531594, 'penalty_k': 0.11038043122613854, 'scale_lr': 0.623006150324511}. Best is trial 877 with value: 0.36080633677861107.
checkpoint_e22 window_influence: 0.48793641999973797, penalty_k: 0.54713104356289344, scale_lr: 0.45825594896207367, EAO: 0.283
