Trial 242 finished with value: 0.3419579980670246 and parameters: {'window_influence': 0.46425518480603006, 'penalty_k': 0.015940832359449215, 'scale_lr': 0.5092197929048065}. Best is trial 207 with value: 0.363704633735961.
checkpoint_e16 window_influence: 0.48154919524374595, penalty_k: 0.01253727776523924, scale_lr: 0.50266528574719094, EAO: 0.327
Trial 243 finished with value: 0.3272000032292266 and parameters: {'window_influence': 0.48154919524374595, 'penalty_k': 0.012537277765239243, 'scale_lr': 0.5026652857471909}. Best is trial 207 with value: 0.363704633735961.
checkpoint_e16 window_influence: 0.45219278563896687, penalty_k: 0.03185647997375238, scale_lr: 0.51371532896431082, EAO: 0.341
Trial 244 finished with value: 0.34084616943556045 and parameters: {'window_influence': 0.45219278563896687, 'penalty_k': 0.031856479973752384, 'scale_lr': 0.5137153289643108}. Best is trial 207 with value: 0.363704633735961.
checkpoint_e16 window_influence: 0.47421505626184512, penalty_k: 0.02194086296465085, scale_lr: 0.52320713997785107, EAO: 0.316
Trial 245 finished with value: 0.31551282728228586 and parameters: {'window_influence': 0.4742150562618451, 'penalty_k': 0.02194086296465085, 'scale_lr': 0.5232071399778511}. Best is trial 207 with value: 0.363704633735961.
checkpoint_e16 window_influence: 0.49281473966479722, penalty_k: 0.01151309264902520, scale_lr: 0.57400508304644371, EAO: 0.346
Trial 246 finished with value: 0.34583295991912427 and parameters: {'window_influence': 0.4928147396647972, 'penalty_k': 0.011513092649025197, 'scale_lr': 0.5740050830464437}. Best is trial 207 with value: 0.363704633735961.
checkpoint_e16 window_influence: 0.49572000501676056, penalty_k: 0.17918095664002737, scale_lr: 0.57209095551433675, EAO: 0.320
Trial 247 finished with value: 0.3203180070517128 and parameters: {'window_influence': 0.49572000501676056, 'penalty_k': 0.17918095664002737, 'scale_lr': 0.5720909555143368}. Best is trial 207 with value: 0.363704633735961.
checkpoint_e16 window_influence: 0.50803311053564704, penalty_k: 0.00012469298954676, scale_lr: 0.55234053102466396, EAO: 0.330
Trial 248 finished with value: 0.33016649062531467 and parameters: {'window_influence': 0.508033110535647, 'penalty_k': 0.00012469298954675598, 'scale_lr': 0.552340531024664}. Best is trial 207 with value: 0.363704633735961.
checkpoint_e16 window_influence: 0.48994978885122775, penalty_k: 0.03288544327788905, scale_lr: 0.59793932286710583, EAO: 0.348
Trial 249 finished with value: 0.34829501569966864 and parameters: {'window_influence': 0.48994978885122775, 'penalty_k': 0.032885443277889045, 'scale_lr': 0.5979393228671058}. Best is trial 207 with value: 0.363704633735961.
checkpoint_e16 window_influence: 0.49238582749457332, penalty_k: 0.03699950485984135, scale_lr: 0.60868963310135471, EAO: 0.353
Trial 250 finished with value: 0.35254407300095614 and parameters: {'window_influence': 0.4923858274945733, 'penalty_k': 0.036999504859841346, 'scale_lr': 0.6086896331013547}. Best is trial 207 with value: 0.363704633735961.
checkpoint_e16 window_influence: 0.49117993298789253, penalty_k: 0.03651623682739683, scale_lr: 0.59444824316427891, EAO: 0.342
Trial 251 finished with value: 0.34171306391170514 and parameters: {'window_influence': 0.49117993298789253, 'penalty_k': 0.036516236827396825, 'scale_lr': 0.5944482431642789}. Best is trial 207 with value: 0.363704633735961.
checkpoint_e16 window_influence: 0.50578157402845048, penalty_k: 0.02782828761434621, scale_lr: 0.61489194032478756, EAO: 0.337
Trial 252 finished with value: 0.3371119696342528 and parameters: {'window_influence': 0.5057815740284505, 'penalty_k': 0.027828287614346213, 'scale_lr': 0.6148919403247876}. Best is trial 207 with value: 0.363704633735961.
checkpoint_e16 window_influence: 0.46057406721324928, penalty_k: 0.12633569651820145, scale_lr: 0.56593195360323900, EAO: 0.321
Trial 253 finished with value: 0.32067610996010704 and parameters: {'window_influence': 0.4605740672132493, 'penalty_k': 0.12633569651820145, 'scale_lr': 0.565931953603239}. Best is trial 207 with value: 0.363704633735961.
checkpoint_e16 window_influence: 0.49037123982046277, penalty_k: 0.24564519714848904, scale_lr: 0.58147712388445494, EAO: 0.328
Trial 254 finished with value: 0.32823676346340996 and parameters: {'window_influence': 0.49037123982046277, 'penalty_k': 0.24564519714848904, 'scale_lr': 0.5814771238844549}. Best is trial 207 with value: 0.363704633735961.
checkpoint_e16 window_influence: 0.51580642516487663, penalty_k: 0.01805782991485785, scale_lr: 0.58976888504246738, EAO: 0.339
Trial 255 finished with value: 0.3393572841404941 and parameters: {'window_influence': 0.5158064251648766, 'penalty_k': 0.01805782991485785, 'scale_lr': 0.5897688850424674}. Best is trial 207 with value: 0.363704633735961.
checkpoint_e16 window_influence: 0.54242579033134042, penalty_k: 0.03742366573685602, scale_lr: 0.60681187075871812, EAO: 0.300
Trial 256 finished with value: 0.3003217416166795 and parameters: {'window_influence': 0.5424257903313404, 'penalty_k': 0.037423665736856015, 'scale_lr': 0.6068118707587181}. Best is trial 207 with value: 0.363704633735961.
checkpoint_e16 window_influence: 0.48529382777715829, penalty_k: 0.38367493000242353, scale_lr: 0.61960582938731190, EAO: 0.302
Trial 257 finished with value: 0.30229377607427216 and parameters: {'window_influence': 0.4852938277771583, 'penalty_k': 0.38367493000242353, 'scale_lr': 0.6196058293873119}. Best is trial 207 with value: 0.363704633735961.
checkpoint_e16 window_influence: 0.44738946573273680, penalty_k: 0.09250804055286807, scale_lr: 0.64063629433607494, EAO: 0.318
Trial 258 finished with value: 0.31753775819498276 and parameters: {'window_influence': 0.4473894657327368, 'penalty_k': 0.09250804055286807, 'scale_lr': 0.6406362943360749}. Best is trial 207 with value: 0.363704633735961.
checkpoint_e16 window_influence: 0.46171405231133528, penalty_k: 0.15802855079647976, scale_lr: 0.58554731050271513, EAO: 0.305
Trial 259 finished with value: 0.30490761119799853 and parameters: {'window_influence': 0.4617140523113353, 'penalty_k': 0.15802855079647976, 'scale_lr': 0.5855473105027151}. Best is trial 207 with value: 0.363704633735961.
checkpoint_e16 window_influence: 0.49669074572686661, penalty_k: 0.01229759228604594, scale_lr: 0.56707187853713237, EAO: 0.336
Trial 260 finished with value: 0.33552057641025645 and parameters: {'window_influence': 0.4966907457268666, 'penalty_k': 0.01229759228604594, 'scale_lr': 0.5670718785371324}. Best is trial 207 with value: 0.363704633735961.
checkpoint_e16 window_influence: 0.64694772932233724, penalty_k: 0.02688487598865943, scale_lr: 0.53093562699576313, EAO: 0.236
Trial 261 finished with value: 0.2363971322774887 and parameters: {'window_influence': 0.6469477293223372, 'penalty_k': 0.026884875988659435, 'scale_lr': 0.5309356269957631}. Best is trial 207 with value: 0.363704633735961.
checkpoint_e16 window_influence: 0.47852673396720319, penalty_k: 0.06465970758426003, scale_lr: 0.56002725316573154, EAO: 0.324
Trial 262 finished with value: 0.32427866391634663 and parameters: {'window_influence': 0.4785267339672032, 'penalty_k': 0.06465970758426003, 'scale_lr': 0.5600272531657315}. Best is trial 207 with value: 0.363704633735961.
checkpoint_e16 window_influence: 0.46690094326655340, penalty_k: 0.03920169563530872, scale_lr: 0.57914000362009566, EAO: 0.341
Trial 263 finished with value: 0.3414633022440083 and parameters: {'window_influence': 0.4669009432665534, 'penalty_k': 0.039201695635308724, 'scale_lr': 0.5791400036200957}. Best is trial 207 with value: 0.363704633735961.
checkpoint_e16 window_influence: 0.53235872084739555, penalty_k: 0.01129225587241618, scale_lr: 0.54776868194435757, EAO: 0.314
Trial 264 finished with value: 0.3138511217405824 and parameters: {'window_influence': 0.5323587208473956, 'penalty_k': 0.011292255872416182, 'scale_lr': 0.5477686819443576}. Best is trial 207 with value: 0.363704633735961.
checkpoint_e16 window_influence: 0.44045405532338161, penalty_k: 0.02282183186531715, scale_lr: 0.48901344456685014, EAO: 0.339
Trial 265 finished with value: 0.33925538176692416 and parameters: {'window_influence': 0.4404540553233816, 'penalty_k': 0.02282183186531715, 'scale_lr': 0.48901344456685014}. Best is trial 207 with value: 0.363704633735961.
checkpoint_e16 window_influence: 0.50445621822167741, penalty_k: 0.13877790379811300, scale_lr: 0.54080682763219023, EAO: 0.307
Trial 266 finished with value: 0.3070320890571357 and parameters: {'window_influence': 0.5044562182216774, 'penalty_k': 0.138777903798113, 'scale_lr': 0.5408068276321902}. Best is trial 207 with value: 0.363704633735961.
checkpoint_e16 window_influence: 0.48755857700443161, penalty_k: 0.01064776728629071, scale_lr: 0.46167739912103217, EAO: 0.327
Trial 267 finished with value: 0.32746674746622834 and parameters: {'window_influence': 0.4875585770044316, 'penalty_k': 0.010647767286290709, 'scale_lr': 0.4616773991210322}. Best is trial 207 with value: 0.363704633735961.
checkpoint_e16 window_influence: 0.55942895648396918, penalty_k: 0.03070273130623818, scale_lr: 0.60207614866533343, EAO: 0.299
Trial 268 finished with value: 0.2993390140946273 and parameters: {'window_influence': 0.5594289564839692, 'penalty_k': 0.030702731306238185, 'scale_lr': 0.6020761486653334}. Best is trial 207 with value: 0.363704633735961.
checkpoint_e16 window_influence: 0.45393745229675864, penalty_k: 0.00033381440437916, scale_lr: 0.49813520618765345, EAO: 0.333
Trial 269 finished with value: 0.3333043213716277 and parameters: {'window_influence': 0.45393745229675864, 'penalty_k': 0.0003338144043791613, 'scale_lr': 0.49813520618765345}. Best is trial 207 with value: 0.363704633735961.
checkpoint_e16 window_influence: 0.58676066445961150, penalty_k: 0.05063039558308165, scale_lr: 0.47801099540716546, EAO: 0.279
Trial 270 finished with value: 0.2786607410077455 and parameters: {'window_influence': 0.5867606644596115, 'penalty_k': 0.05063039558308165, 'scale_lr': 0.47801099540716546}. Best is trial 207 with value: 0.363704633735961.
checkpoint_e16 window_influence: 0.47842965010969113, penalty_k: 0.01905742607886798, scale_lr: 0.59316684775892459, EAO: 0.333
Trial 271 finished with value: 0.3330734198775273 and parameters: {'window_influence': 0.47842965010969113, 'penalty_k': 0.019057426078867984, 'scale_lr': 0.5931668477589246}. Best is trial 207 with value: 0.363704633735961.
checkpoint_e16 window_influence: 0.52188717717796418, penalty_k: 0.04043023267989276, scale_lr: 0.43441193122555621, EAO: 0.317
Trial 272 finished with value: 0.3166680331939853 and parameters: {'window_influence': 0.5218871771779642, 'penalty_k': 0.040430232679892764, 'scale_lr': 0.4344119312255562}. Best is trial 207 with value: 0.363704633735961.
checkpoint_e16 window_influence: 0.46627475840170524, penalty_k: 0.01108885236880741, scale_lr: 0.63400612759280084, EAO: 0.340
Trial 273 finished with value: 0.3399315491492646 and parameters: {'window_influence': 0.46627475840170524, 'penalty_k': 0.011088852368807411, 'scale_lr': 0.6340061275928008}. Best is trial 207 with value: 0.363704633735961.
checkpoint_e16 window_influence: 0.49905948982604686, penalty_k: 0.02593444712565247, scale_lr: 0.55952462172987760, EAO: 0.334
Trial 274 finished with value: 0.3344726876757952 and parameters: {'window_influence': 0.49905948982604686, 'penalty_k': 0.025934447125652467, 'scale_lr': 0.5595246217298776}. Best is trial 207 with value: 0.363704633735961.
checkpoint_e16 window_influence: 0.47897735372358669, penalty_k: 0.07915839704036326, scale_lr: 0.16641786976835032, EAO: 0.318
Trial 275 finished with value: 0.3182986992110538 and parameters: {'window_influence': 0.4789773537235867, 'penalty_k': 0.07915839704036326, 'scale_lr': 0.16641786976835032}. Best is trial 207 with value: 0.363704633735961.
checkpoint_e16 window_influence: 0.45538132262999564, penalty_k: 0.05796910254748872, scale_lr: 0.45001075809268376, EAO: 0.331
Trial 276 finished with value: 0.3311250854558982 and parameters: {'window_influence': 0.45538132262999564, 'penalty_k': 0.057969102547488716, 'scale_lr': 0.45001075809268376}. Best is trial 207 with value: 0.363704633735961.
checkpoint_e16 window_influence: 0.49173308376113700, penalty_k: 0.01039814752112238, scale_lr: 0.53543392430336056, EAO: 0.332
Trial 277 finished with value: 0.332146843815592 and parameters: {'window_influence': 0.491733083761137, 'penalty_k': 0.010398147521122385, 'scale_lr': 0.5354339243033606}. Best is trial 207 with value: 0.363704633735961.
checkpoint_e16 window_influence: 0.42537967874193139, penalty_k: 0.00010580472800320, scale_lr: 0.71992016138156301, EAO: 0.329
Trial 278 finished with value: 0.3291576170735786 and parameters: {'window_influence': 0.4253796787419314, 'penalty_k': 0.0001058047280032004, 'scale_lr': 0.719920161381563}. Best is trial 207 with value: 0.363704633735961.
checkpoint_e16 window_influence: 0.47050211062493053, penalty_k: 0.02350534725332734, scale_lr: 0.42606594559925021, EAO: 0.341
Trial 279 finished with value: 0.3405414840590629 and parameters: {'window_influence': 0.4705021106249305, 'penalty_k': 0.02350534725332734, 'scale_lr': 0.4260659455992502}. Best is trial 207 with value: 0.363704633735961.
checkpoint_e16 window_influence: 0.43872118734445126, penalty_k: 0.22069859620917914, scale_lr: 0.45956658537501921, EAO: 0.306
Trial 280 finished with value: 0.3059726945389106 and parameters: {'window_influence': 0.43872118734445126, 'penalty_k': 0.22069859620917914, 'scale_lr': 0.4595665853750192}. Best is trial 207 with value: 0.363704633735961.
checkpoint_e16 window_influence: 0.51427561807134903, penalty_k: 0.03699535197437618, scale_lr: 0.22013751888222893, EAO: 0.303
Trial 281 finished with value: 0.302975529594644 and parameters: {'window_influence': 0.514275618071349, 'penalty_k': 0.03699535197437618, 'scale_lr': 0.22013751888222893}. Best is trial 207 with value: 0.363704633735961.
checkpoint_e16 window_influence: 0.48397327815282987, penalty_k: 0.01766936150531025, scale_lr: 0.44281956869188555, EAO: 0.343
Trial 282 finished with value: 0.34283569362376914 and parameters: {'window_influence': 0.48397327815282987, 'penalty_k': 0.017669361505310247, 'scale_lr': 0.44281956869188555}. Best is trial 207 with value: 0.363704633735961.
checkpoint_e16 window_influence: 0.46368753535997687, penalty_k: 0.00018473591011836, scale_lr: 0.52447725511065357, EAO: 0.335
Trial 283 finished with value: 0.3349351092071385 and parameters: {'window_influence': 0.46368753535997687, 'penalty_k': 0.0001847359101183624, 'scale_lr': 0.5244772551106536}. Best is trial 207 with value: 0.363704633735961.
checkpoint_e16 window_influence: 0.45013435587835016, penalty_k: 0.04561632851120666, scale_lr: 0.40183329534372869, EAO: 0.308
Trial 284 finished with value: 0.3084615102537875 and parameters: {'window_influence': 0.45013435587835016, 'penalty_k': 0.045616328511206665, 'scale_lr': 0.4018332953437287}. Best is trial 207 with value: 0.363704633735961.
checkpoint_e16 window_influence: 0.35399893301505003, penalty_k: 0.11733867410011588, scale_lr: 0.47887538017244119, EAO: 0.305
Trial 285 finished with value: 0.30460639964745667 and parameters: {'window_influence': 0.35399893301505003, 'penalty_k': 0.11733867410011588, 'scale_lr': 0.4788753801724412}. Best is trial 207 with value: 0.363704633735961.
checkpoint_e16 window_influence: 0.50238662412080615, penalty_k: 0.18947748532674713, scale_lr: 0.50540903790221559, EAO: 0.307
Trial 286 finished with value: 0.30713982578613414 and parameters: {'window_influence': 0.5023866241208061, 'penalty_k': 0.18947748532674713, 'scale_lr': 0.5054090379022156}. Best is trial 207 with value: 0.363704633735961.
checkpoint_e16 window_influence: 0.37250379321088012, penalty_k: 0.03219389763163336, scale_lr: 0.57548429018880165, EAO: 0.316
Trial 287 finished with value: 0.31560696968772534 and parameters: {'window_influence': 0.3725037932108801, 'penalty_k': 0.032193897631633356, 'scale_lr': 0.5754842901888017}. Best is trial 207 with value: 0.363704633735961.
checkpoint_e16 window_influence: 0.47155802156957816, penalty_k: 0.01952673951786179, scale_lr: 0.25359555254032562, EAO: 0.338
Trial 288 finished with value: 0.3375274643359945 and parameters: {'window_influence': 0.47155802156957816, 'penalty_k': 0.019526739517861786, 'scale_lr': 0.2535955525403256}. Best is trial 207 with value: 0.363704633735961.
checkpoint_e16 window_influence: 0.48965182504580762, penalty_k: 0.17029972048894931, scale_lr: 0.42887568810804810, EAO: 0.316
Trial 289 finished with value: 0.3156202957324017 and parameters: {'window_influence': 0.4896518250458076, 'penalty_k': 0.1702997204889493, 'scale_lr': 0.4288756881080481}. Best is trial 207 with value: 0.363704633735961.
checkpoint_e16 window_influence: 0.41695883281147916, penalty_k: 0.01058974709976660, scale_lr: 0.55122191265815890, EAO: 0.347
Trial 290 finished with value: 0.34669435290974865 and parameters: {'window_influence': 0.41695883281147916, 'penalty_k': 0.010589747099766598, 'scale_lr': 0.5512219126581589}. Best is trial 207 with value: 0.363704633735961.
checkpoint_e16 window_influence: 0.43689579646884902, penalty_k: 0.10646335428535597, scale_lr: 0.55545750398126137, EAO: 0.329
Trial 291 finished with value: 0.3294599179163981 and parameters: {'window_influence': 0.436895796468849, 'penalty_k': 0.10646335428535597, 'scale_lr': 0.5554575039812614}. Best is trial 207 with value: 0.363704633735961.
checkpoint_e16 window_influence: 0.41876379513008383, penalty_k: 0.01230105555325801, scale_lr: 0.54626648130103994, EAO: 0.327
Trial 292 finished with value: 0.3273309316152728 and parameters: {'window_influence': 0.4187637951300838, 'penalty_k': 0.012301055553258012, 'scale_lr': 0.5462664813010399}. Best is trial 207 with value: 0.363704633735961.
checkpoint_e16 window_influence: 0.47878661865479866, penalty_k: 0.00002160519085027, scale_lr: 0.41596298640356932, EAO: 0.337
Trial 293 finished with value: 0.33712986227603275 and parameters: {'window_influence': 0.47878661865479866, 'penalty_k': 2.1605190850269244e-05, 'scale_lr': 0.4159629864035693}. Best is trial 207 with value: 0.363704633735961.
checkpoint_e16 window_influence: 0.42791577967462452, penalty_k: 0.25663561261073015, scale_lr: 0.56210131921005935, EAO: 0.313
Trial 294 finished with value: 0.3125455091899471 and parameters: {'window_influence': 0.4279157796746245, 'penalty_k': 0.25663561261073015, 'scale_lr': 0.5621013192100593}. Best is trial 207 with value: 0.363704633735961.
checkpoint_e16 window_influence: 0.41412435231047301, penalty_k: 0.02979118229241475, scale_lr: 0.44550115111829358, EAO: 0.337
Trial 295 finished with value: 0.3373092990441081 and parameters: {'window_influence': 0.414124352310473, 'penalty_k': 0.02979118229241475, 'scale_lr': 0.4455011511182936}. Best is trial 207 with value: 0.363704633735961.
checkpoint_e16 window_influence: 0.38475604609357511, penalty_k: 0.01061244782209380, scale_lr: 0.36552616705984609, EAO: 0.331
Trial 296 finished with value: 0.33111094628326626 and parameters: {'window_influence': 0.3847560460935751, 'penalty_k': 0.010612447822093802, 'scale_lr': 0.3655261670598461}. Best is trial 207 with value: 0.363704633735961.
checkpoint_e16 window_influence: 0.40744815475576612, penalty_k: 0.03926801336343155, scale_lr: 0.57360532647802587, EAO: 0.324
Trial 297 finished with value: 0.32415167332159406 and parameters: {'window_influence': 0.4074481547557661, 'penalty_k': 0.039268013363431546, 'scale_lr': 0.5736053264780259}. Best is trial 207 with value: 0.363704633735961.
checkpoint_e16 window_influence: 0.49530405090507623, penalty_k: 0.19343038133191764, scale_lr: 0.46853766269545838, EAO: 0.316
Trial 298 finished with value: 0.31578084443793686 and parameters: {'window_influence': 0.49530405090507623, 'penalty_k': 0.19343038133191764, 'scale_lr': 0.4685376626954584}. Best is trial 207 with value: 0.363704633735961.
checkpoint_e16 window_influence: 0.33986885352866919, penalty_k: 0.06717861057669552, scale_lr: 0.38502640392380177, EAO: 0.318
Trial 299 finished with value: 0.3175315467300118 and parameters: {'window_influence': 0.3398688535286692, 'penalty_k': 0.06717861057669552, 'scale_lr': 0.3850264039238018}. Best is trial 207 with value: 0.363704633735961.
checkpoint_e16 window_influence: 0.39988066984288578, penalty_k: 0.34096538653731939, scale_lr: 0.43469972333161505, EAO: 0.306
Trial 300 finished with value: 0.30571197199450395 and parameters: {'window_influence': 0.3998806698428858, 'penalty_k': 0.3409653865373194, 'scale_lr': 0.43469972333161505}. Best is trial 207 with value: 0.363704633735961.
checkpoint_e16 window_influence: 0.44360753286264759, penalty_k: 0.02334840565182913, scale_lr: 0.53621839797202675, EAO: 0.323
Trial 301 finished with value: 0.32300189294007964 and parameters: {'window_influence': 0.4436075328626476, 'penalty_k': 0.02334840565182913, 'scale_lr': 0.5362183979720268}. Best is trial 207 with value: 0.363704633735961.
checkpoint_e16 window_influence: 0.50913056392888201, penalty_k: 0.00964632173317874, scale_lr: 0.58902455983712465, EAO: 0.344
Trial 302 finished with value: 0.3441410140072789 and parameters: {'window_influence': 0.509130563928882, 'penalty_k': 0.009646321733178741, 'scale_lr': 0.5890245598371247}. Best is trial 207 with value: 0.363704633735961.
checkpoint_e16 window_influence: 0.47487616998313364, penalty_k: 0.04824541694918059, scale_lr: 0.40309909294565216, EAO: 0.335
Trial 303 finished with value: 0.33511837052927873 and parameters: {'window_influence': 0.47487616998313364, 'penalty_k': 0.048245416949180595, 'scale_lr': 0.40309909294565216}. Best is trial 207 with value: 0.363704633735961.
checkpoint_e16 window_influence: 0.39027222019664631, penalty_k: 0.14792416112106357, scale_lr: 0.42083577070850653, EAO: 0.306
