Trial 3328 finished with value: 0.2986949396968352 and parameters: {'window_influence': 0.33666848616515366, 'penalty_k': 0.18349321876266295, 'scale_lr': 0.6967852249564238}. Best is trial 1270 with value: 0.3623636909959845.
checkpoint_e22 window_influence: 0.48456207624455649, penalty_k: 0.03486950397106796, scale_lr: 0.43835252398231561, EAO: 0.327
Trial 3329 finished with value: 0.3265769590083727 and parameters: {'window_influence': 0.4845620762445565, 'penalty_k': 0.03486950397106796, 'scale_lr': 0.4383525239823156}. Best is trial 1270 with value: 0.3623636909959845.
checkpoint_e22 window_influence: 0.44507532192344113, penalty_k: 0.02148119761856498, scale_lr: 0.27523464744534737, EAO: 0.311
Trial 3330 finished with value: 0.3113865288199154 and parameters: {'window_influence': 0.4450753219234411, 'penalty_k': 0.02148119761856498, 'scale_lr': 0.27523464744534737}. Best is trial 1270 with value: 0.3623636909959845.
checkpoint_e22 window_influence: 0.40687186939961040, penalty_k: 0.01041990430996427, scale_lr: 0.23197091401563480, EAO: 0.300
Trial 3331 finished with value: 0.30003249372721646 and parameters: {'window_influence': 0.4068718693996104, 'penalty_k': 0.010419904309964267, 'scale_lr': 0.2319709140156348}. Best is trial 1270 with value: 0.3623636909959845.
checkpoint_e22 window_influence: 0.60075313345622905, penalty_k: 0.09284276456804734, scale_lr: 0.67183183731793905, EAO: 0.239
Trial 3332 finished with value: 0.2385433282601694 and parameters: {'window_influence': 0.600753133456229, 'penalty_k': 0.09284276456804734, 'scale_lr': 0.671831837317939}. Best is trial 1270 with value: 0.3623636909959845.
checkpoint_e22 window_influence: 0.47122951234622446, penalty_k: 0.37906316046291277, scale_lr: 0.57267803549949658, EAO: 0.321
Trial 3333 finished with value: 0.3205744279149905 and parameters: {'window_influence': 0.47122951234622446, 'penalty_k': 0.3790631604629128, 'scale_lr': 0.5726780354994966}. Best is trial 1270 with value: 0.3623636909959845.
checkpoint_e22 window_influence: 0.41093650618822508, penalty_k: 0.08206398646500966, scale_lr: 0.31326759882063437, EAO: 0.307
Trial 3334 finished with value: 0.306946631593463 and parameters: {'window_influence': 0.4109365061882251, 'penalty_k': 0.08206398646500966, 'scale_lr': 0.3132675988206344}. Best is trial 1270 with value: 0.3623636909959845.
checkpoint_e22 window_influence: 0.45754090656201796, penalty_k: 0.52385637079659308, scale_lr: 0.59547484790153493, EAO: 0.306
Trial 3335 finished with value: 0.3063676107950248 and parameters: {'window_influence': 0.45754090656201796, 'penalty_k': 0.5238563707965931, 'scale_lr': 0.5954748479015349}. Best is trial 1270 with value: 0.3623636909959845.
checkpoint_e22 window_influence: 0.48597912256565107, penalty_k: 0.21968869899345408, scale_lr: 0.63408580768934042, EAO: 0.300
Trial 3336 finished with value: 0.3000337760967967 and parameters: {'window_influence': 0.48597912256565107, 'penalty_k': 0.21968869899345408, 'scale_lr': 0.6340858076893404}. Best is trial 1270 with value: 0.3623636909959845.
checkpoint_e22 window_influence: 0.47699532333185013, penalty_k: 0.10795056323688931, scale_lr: 0.39965451204609881, EAO: 0.320
Trial 3337 finished with value: 0.32044832217090324 and parameters: {'window_influence': 0.47699532333185013, 'penalty_k': 0.10795056323688931, 'scale_lr': 0.3996545120460988}. Best is trial 1270 with value: 0.3623636909959845.
checkpoint_e22 window_influence: 0.38808555230953601, penalty_k: 0.57311529492397428, scale_lr: 0.29465200062843189, EAO: 0.300
Trial 3338 finished with value: 0.30020236980590376 and parameters: {'window_influence': 0.388085552309536, 'penalty_k': 0.5731152949239743, 'scale_lr': 0.2946520006284319}. Best is trial 1270 with value: 0.3623636909959845.
checkpoint_e22 window_influence: 0.32272451962550269, penalty_k: 0.33686818214507547, scale_lr: 0.21769789371442405, EAO: 0.281
Trial 3339 finished with value: 0.28060278603770855 and parameters: {'window_influence': 0.3227245196255027, 'penalty_k': 0.33686818214507547, 'scale_lr': 0.21769789371442405}. Best is trial 1270 with value: 0.3623636909959845.
checkpoint_e22 window_influence: 0.05175274285218318, penalty_k: 0.02981604897036737, scale_lr: 0.35392310657003512, EAO: 0.249
Trial 3340 finished with value: 0.24850096220172332 and parameters: {'window_influence': 0.051752742852183176, 'penalty_k': 0.029816048970367368, 'scale_lr': 0.3539231065700351}. Best is trial 1270 with value: 0.3623636909959845.
checkpoint_e22 window_influence: 0.56711307935075195, penalty_k: 0.31092152897482039, scale_lr: 0.61457045493082074, EAO: 0.263
Trial 3341 finished with value: 0.2634528147107432 and parameters: {'window_influence': 0.567113079350752, 'penalty_k': 0.3109215289748204, 'scale_lr': 0.6145704549308207}. Best is trial 1270 with value: 0.3623636909959845.
checkpoint_e22 window_influence: 0.43530878379449500, penalty_k: 0.06624790409429204, scale_lr: 0.45316765412115467, EAO: 0.315
Trial 3342 finished with value: 0.3152657249790221 and parameters: {'window_influence': 0.435308783794495, 'penalty_k': 0.06624790409429204, 'scale_lr': 0.4531676541211547}. Best is trial 1270 with value: 0.3623636909959845.
checkpoint_e22 window_influence: 0.46840391706964318, penalty_k: 0.15567514365010759, scale_lr: 0.64859323057634388, EAO: 0.332
Trial 3343 finished with value: 0.3316114351211355 and parameters: {'window_influence': 0.4684039170696432, 'penalty_k': 0.1556751436501076, 'scale_lr': 0.6485932305763439}. Best is trial 1270 with value: 0.3623636909959845.
checkpoint_e22 window_influence: 0.28740835590058655, penalty_k: 0.05252719958740040, scale_lr: 0.55272398166919479, EAO: 0.301
Trial 3344 finished with value: 0.30060412070862513 and parameters: {'window_influence': 0.28740835590058655, 'penalty_k': 0.052527199587400396, 'scale_lr': 0.5527239816691948}. Best is trial 1270 with value: 0.3623636909959845.
checkpoint_e22 window_influence: 0.45158117306511281, penalty_k: 0.01137303460544307, scale_lr: 0.27654797191188146, EAO: 0.321
Trial 3345 finished with value: 0.32118909176917393 and parameters: {'window_influence': 0.4515811730651128, 'penalty_k': 0.011373034605443071, 'scale_lr': 0.27654797191188146}. Best is trial 1270 with value: 0.3623636909959845.
checkpoint_e22 window_influence: 0.48537435994043310, penalty_k: 0.03550760865946803, scale_lr: 0.58383685959836418, EAO: 0.337
Trial 3346 finished with value: 0.33736542319509305 and parameters: {'window_influence': 0.4853743599404331, 'penalty_k': 0.03550760865946803, 'scale_lr': 0.5838368595983642}. Best is trial 1270 with value: 0.3623636909959845.
checkpoint_e22 window_influence: 0.47091921827306177, penalty_k: 0.16651855441716784, scale_lr: 0.31640110051051973, EAO: 0.318
Trial 3347 finished with value: 0.3182296065272988 and parameters: {'window_influence': 0.47091921827306177, 'penalty_k': 0.16651855441716784, 'scale_lr': 0.31640110051051973}. Best is trial 1270 with value: 0.3623636909959845.
checkpoint_e22 window_influence: 0.61733335122964872, penalty_k: 0.20473901939618167, scale_lr: 0.24037241964080802, EAO: 0.254
Trial 3348 finished with value: 0.2538948799501597 and parameters: {'window_influence': 0.6173333512296487, 'penalty_k': 0.20473901939618167, 'scale_lr': 0.24037241964080802}. Best is trial 1270 with value: 0.3623636909959845.
checkpoint_e22 window_influence: 0.13009104690179565, penalty_k: 0.31058822170971639, scale_lr: 0.42209350472332474, EAO: 0.240
Trial 3349 finished with value: 0.23961910843153408 and parameters: {'window_influence': 0.13009104690179565, 'penalty_k': 0.3105882217097164, 'scale_lr': 0.42209350472332474}. Best is trial 1270 with value: 0.3623636909959845.
checkpoint_e22 window_influence: 0.24461081865419693, penalty_k: 0.39360456333429356, scale_lr: 0.19736147316066718, EAO: 0.263
Trial 3350 finished with value: 0.2626576871259667 and parameters: {'window_influence': 0.24461081865419693, 'penalty_k': 0.39360456333429356, 'scale_lr': 0.19736147316066718}. Best is trial 1270 with value: 0.3623636909959845.
checkpoint_e22 window_influence: 0.45820819682876357, penalty_k: 0.25202246364364639, scale_lr: 0.37914552316855976, EAO: 0.325
Trial 3351 finished with value: 0.3253707845155367 and parameters: {'window_influence': 0.45820819682876357, 'penalty_k': 0.2520224636436464, 'scale_lr': 0.37914552316855976}. Best is trial 1270 with value: 0.3623636909959845.
checkpoint_e22 window_influence: 0.41924951206416383, penalty_k: 0.10065922789843557, scale_lr: 0.60118565488331566, EAO: 0.323
Trial 3352 finished with value: 0.3231158989992587 and parameters: {'window_influence': 0.41924951206416383, 'penalty_k': 0.10065922789843557, 'scale_lr': 0.6011856548833157}. Best is trial 1270 with value: 0.3623636909959845.
checkpoint_e22 window_influence: 0.36711883257570893, penalty_k: 0.57396034539848739, scale_lr: 0.29415657629695874, EAO: 0.296
Trial 3353 finished with value: 0.2955077224436437 and parameters: {'window_influence': 0.36711883257570893, 'penalty_k': 0.5739603453984874, 'scale_lr': 0.29415657629695874}. Best is trial 1270 with value: 0.3623636909959845.
checkpoint_e22 window_influence: 0.18394502810760863, penalty_k: 0.29882511301711701, scale_lr: 0.71580881285266296, EAO: 0.272
Trial 3354 finished with value: 0.27219411684381356 and parameters: {'window_influence': 0.18394502810760863, 'penalty_k': 0.298825113017117, 'scale_lr': 0.715808812852663}. Best is trial 1270 with value: 0.3623636909959845.
checkpoint_e22 window_influence: 0.49208717949736408, penalty_k: 0.01847179921739333, scale_lr: 0.76705645882011964, EAO: 0.296
Trial 3355 finished with value: 0.296390691040091 and parameters: {'window_influence': 0.4920871794973641, 'penalty_k': 0.018471799217393333, 'scale_lr': 0.7670564588201196}. Best is trial 1270 with value: 0.3623636909959845.
checkpoint_e22 window_influence: 0.44676598670344175, penalty_k: 0.11849043599913714, scale_lr: 0.65445805831885007, EAO: 0.311
Trial 3356 finished with value: 0.3110846594149964 and parameters: {'window_influence': 0.44676598670344175, 'penalty_k': 0.11849043599913714, 'scale_lr': 0.6544580583188501}. Best is trial 1270 with value: 0.3623636909959845.
checkpoint_e22 window_influence: 0.12126729768125261, penalty_k: 0.04560057146983769, scale_lr: 0.78745683377426301, EAO: 0.259
Trial 3357 finished with value: 0.2592310339560305 and parameters: {'window_influence': 0.1212672976812526, 'penalty_k': 0.04560057146983769, 'scale_lr': 0.787456833774263}. Best is trial 1270 with value: 0.3623636909959845.
checkpoint_e22 window_influence: 0.30605536741463879, penalty_k: 0.07561936576331121, scale_lr: 0.26057786244477632, EAO: 0.283
Trial 3358 finished with value: 0.28259195155438743 and parameters: {'window_influence': 0.3060553674146388, 'penalty_k': 0.07561936576331121, 'scale_lr': 0.2605778624447763}. Best is trial 1270 with value: 0.3623636909959845.
checkpoint_e22 window_influence: 0.56161346227478015, penalty_k: 0.00988335403709553, scale_lr: 0.44336643257573299, EAO: 0.310
Trial 3359 finished with value: 0.31026874662373316 and parameters: {'window_influence': 0.5616134622747802, 'penalty_k': 0.009883354037095532, 'scale_lr': 0.443366432575733}. Best is trial 1270 with value: 0.3623636909959845.
checkpoint_e22 window_influence: 0.06865875168742119, penalty_k: 0.40277606618719819, scale_lr: 0.40607749826945128, EAO: 0.216
Trial 3360 finished with value: 0.21637832614002525 and parameters: {'window_influence': 0.0686587516874212, 'penalty_k': 0.4027760661871982, 'scale_lr': 0.4060774982694513}. Best is trial 1270 with value: 0.3623636909959845.
checkpoint_e22 window_influence: 0.32983917924010958, penalty_k: 0.11236479667771133, scale_lr: 0.68674613530898665, EAO: 0.310
Trial 3361 finished with value: 0.309856085403884 and parameters: {'window_influence': 0.3298391792401096, 'penalty_k': 0.11236479667771133, 'scale_lr': 0.6867461353089866}. Best is trial 1270 with value: 0.3623636909959845.
checkpoint_e22 window_influence: 0.35901774687071986, penalty_k: 0.48744921472670977, scale_lr: 0.16695465438201074, EAO: 0.308
Trial 3362 finished with value: 0.3080904770801967 and parameters: {'window_influence': 0.35901774687071986, 'penalty_k': 0.48744921472670977, 'scale_lr': 0.16695465438201074}. Best is trial 1270 with value: 0.3623636909959845.
checkpoint_e22 window_influence: 0.31631047009751356, penalty_k: 0.19033181878342392, scale_lr: 0.63394143777721657, EAO: 0.284
Trial 3363 finished with value: 0.2841919005380994 and parameters: {'window_influence': 0.31631047009751356, 'penalty_k': 0.19033181878342392, 'scale_lr': 0.6339414377772166}. Best is trial 1270 with value: 0.3623636909959845.
checkpoint_e22 window_influence: 0.47551942635283012, penalty_k: 0.31818580406554120, scale_lr: 0.73795836375032642, EAO: 0.312
Trial 3364 finished with value: 0.3124689657516517 and parameters: {'window_influence': 0.4755194263528301, 'penalty_k': 0.3181858040655412, 'scale_lr': 0.7379583637503264}. Best is trial 1270 with value: 0.3623636909959845.
checkpoint_e22 window_influence: 0.46459059964282284, penalty_k: 0.09356601091348919, scale_lr: 0.57426358374656039, EAO: 0.344
Trial 3365 finished with value: 0.3438512366337535 and parameters: {'window_influence': 0.46459059964282284, 'penalty_k': 0.09356601091348919, 'scale_lr': 0.5742635837465604}. Best is trial 1270 with value: 0.3623636909959845.
checkpoint_e22 window_influence: 0.48665786887096257, penalty_k: 0.53014135084182390, scale_lr: 0.61879836138315869, EAO: 0.295
Trial 3366 finished with value: 0.2946718638973013 and parameters: {'window_influence': 0.4866578688709626, 'penalty_k': 0.5301413508418239, 'scale_lr': 0.6187983613831587}. Best is trial 1270 with value: 0.3623636909959845.
checkpoint_e22 window_influence: 0.45739378527598007, penalty_k: 0.14788349222132283, scale_lr: 0.70802360528209629, EAO: 0.336
Trial 3367 finished with value: 0.33572972331065615 and parameters: {'window_influence': 0.45739378527598007, 'penalty_k': 0.14788349222132283, 'scale_lr': 0.7080236052820963}. Best is trial 1270 with value: 0.3623636909959845.
checkpoint_e22 window_influence: 0.47584794306013395, penalty_k: 0.43366923101391297, scale_lr: 0.66373616577985639, EAO: 0.302
Trial 3368 finished with value: 0.30191520163753155 and parameters: {'window_influence': 0.47584794306013395, 'penalty_k': 0.43366923101391297, 'scale_lr': 0.6637361657798564}. Best is trial 1270 with value: 0.3623636909959845.
checkpoint_e22 window_influence: 0.43185553973088381, penalty_k: 0.02671246493607666, scale_lr: 0.28034915839380342, EAO: 0.326
Trial 3369 finished with value: 0.3257869879211433 and parameters: {'window_influence': 0.4318555397308838, 'penalty_k': 0.026712464936076655, 'scale_lr': 0.2803491583938034}. Best is trial 1270 with value: 0.3623636909959845.
checkpoint_e22 window_influence: 0.14081561775727428, penalty_k: 0.05647874446766278, scale_lr: 0.42960734786100974, EAO: 0.275
Trial 3370 finished with value: 0.2752185586825419 and parameters: {'window_influence': 0.14081561775727428, 'penalty_k': 0.05647874446766278, 'scale_lr': 0.42960734786100974}. Best is trial 1270 with value: 0.3623636909959845.
checkpoint_e22 window_influence: 0.17135049838635252, penalty_k: 0.44694986265409015, scale_lr: 0.31528378484838965, EAO: 0.259
Trial 3371 finished with value: 0.2593377865126161 and parameters: {'window_influence': 0.17135049838635252, 'penalty_k': 0.44694986265409015, 'scale_lr': 0.31528378484838965}. Best is trial 1270 with value: 0.3623636909959845.
checkpoint_e22 window_influence: 0.39996847307595906, penalty_k: 0.47833286338964681, scale_lr: 0.55353077299606013, EAO: 0.295
Trial 3372 finished with value: 0.29531569558590764 and parameters: {'window_influence': 0.39996847307595906, 'penalty_k': 0.4783328633896468, 'scale_lr': 0.5535307729960601}. Best is trial 1270 with value: 0.3623636909959845.
checkpoint_e22 window_influence: 0.44713925523317311, penalty_k: 0.01052282467299687, scale_lr: 0.46053482988288985, EAO: 0.319
Trial 3373 finished with value: 0.31936071650759257 and parameters: {'window_influence': 0.4471392552331731, 'penalty_k': 0.010522824672996867, 'scale_lr': 0.46053482988288985}. Best is trial 1270 with value: 0.3623636909959845.
checkpoint_e22 window_influence: 0.48394828531480666, penalty_k: 0.04154760117565519, scale_lr: 0.24870533223854185, EAO: 0.309
Trial 3374 finished with value: 0.3091655797995482 and parameters: {'window_influence': 0.48394828531480666, 'penalty_k': 0.04154760117565519, 'scale_lr': 0.24870533223854185}. Best is trial 1270 with value: 0.3623636909959845.
checkpoint_e22 window_influence: 0.63736597892846336, penalty_k: 0.08213246914618318, scale_lr: 0.58757740152483939, EAO: 0.240
Trial 3375 finished with value: 0.23977129706380895 and parameters: {'window_influence': 0.6373659789284634, 'penalty_k': 0.08213246914618318, 'scale_lr': 0.5875774015248394}. Best is trial 1270 with value: 0.3623636909959845.
checkpoint_e22 window_influence: 0.09259548756291264, penalty_k: 0.17045358845355607, scale_lr: 0.37201503542251857, EAO: 0.256
Trial 3376 finished with value: 0.2557126992755363 and parameters: {'window_influence': 0.09259548756291264, 'penalty_k': 0.17045358845355607, 'scale_lr': 0.37201503542251857}. Best is trial 1270 with value: 0.3623636909959845.
checkpoint_e22 window_influence: 0.46585916184782439, penalty_k: 0.23734395357778293, scale_lr: 0.60570208221146982, EAO: 0.292
Trial 3377 finished with value: 0.2917444322127776 and parameters: {'window_influence': 0.4658591618478244, 'penalty_k': 0.23734395357778293, 'scale_lr': 0.6057020822114698}. Best is trial 1270 with value: 0.3623636909959845.
checkpoint_e22 window_influence: 0.49433865731274212, penalty_k: 0.02270872693523918, scale_lr: 0.18662920864609947, EAO: 0.318
Trial 3378 finished with value: 0.31843359165386464 and parameters: {'window_influence': 0.4943386573127421, 'penalty_k': 0.022708726935239176, 'scale_lr': 0.18662920864609947}. Best is trial 1270 with value: 0.3623636909959845.
checkpoint_e22 window_influence: 0.47455822490090621, penalty_k: 0.12924458334110506, scale_lr: 0.29281110566982177, EAO: 0.332
Trial 3379 finished with value: 0.33184939101048483 and parameters: {'window_influence': 0.4745582249009062, 'penalty_k': 0.12924458334110506, 'scale_lr': 0.29281110566982177}. Best is trial 1270 with value: 0.3623636909959845.
checkpoint_e22 window_influence: 0.45599242600525114, penalty_k: 0.55362775817802912, scale_lr: 0.27253068734239683, EAO: 0.296
Trial 3380 finished with value: 0.29582906453525976 and parameters: {'window_influence': 0.45599242600525114, 'penalty_k': 0.5536277581780291, 'scale_lr': 0.2725306873423968}. Best is trial 1270 with value: 0.3623636909959845.
checkpoint_e22 window_influence: 0.43842304504389262, penalty_k: 0.10575883429974087, scale_lr: 0.75664370088175703, EAO: 0.338
Trial 3381 finished with value: 0.3378844943028016 and parameters: {'window_influence': 0.4384230450438926, 'penalty_k': 0.10575883429974087, 'scale_lr': 0.756643700881757}. Best is trial 1270 with value: 0.3623636909959845.
checkpoint_e22 window_influence: 0.59658105687544438, penalty_k: 0.06832410866893102, scale_lr: 0.35574929342981076, EAO: 0.261
Trial 3382 finished with value: 0.2606826062796181 and parameters: {'window_influence': 0.5965810568754444, 'penalty_k': 0.06832410866893102, 'scale_lr': 0.35574929342981076}. Best is trial 1270 with value: 0.3623636909959845.
checkpoint_e22 window_influence: 0.06371905688184615, penalty_k: 0.50763395811544210, scale_lr: 0.56684059404888543, EAO: 0.229
Trial 3383 finished with value: 0.2287836152523872 and parameters: {'window_influence': 0.06371905688184615, 'penalty_k': 0.5076339581154421, 'scale_lr': 0.5668405940488854}. Best is trial 1270 with value: 0.3623636909959845.
checkpoint_e22 window_influence: 0.22203192479454595, penalty_k: 0.00903464444456502, scale_lr: 0.30633020834522351, EAO: 0.279
Trial 3384 finished with value: 0.27867206502053526 and parameters: {'window_influence': 0.22203192479454595, 'penalty_k': 0.009034644444565022, 'scale_lr': 0.3063302083452235}. Best is trial 1270 with value: 0.3623636909959845.
checkpoint_e22 window_influence: 0.48993222048700819, penalty_k: 0.59542187601968732, scale_lr: 0.45154496133998656, EAO: 0.292
Trial 3385 finished with value: 0.2916225317851115 and parameters: {'window_influence': 0.4899322204870082, 'penalty_k': 0.5954218760196873, 'scale_lr': 0.45154496133998656}. Best is trial 1270 with value: 0.3623636909959845.
checkpoint_e22 window_influence: 0.37842525889728151, penalty_k: 0.51262606460966120, scale_lr: 0.64172930329552325, EAO: 0.301
Trial 3386 finished with value: 0.3013008260657351 and parameters: {'window_influence': 0.3784252588972815, 'penalty_k': 0.5126260646096612, 'scale_lr': 0.6417293032955232}. Best is trial 1270 with value: 0.3623636909959845.
checkpoint_e22 window_influence: 0.34891538949697637, penalty_k: 0.02956637469967619, scale_lr: 0.40038532648931008, EAO: 0.304
Trial 3387 finished with value: 0.3040582386320203 and parameters: {'window_influence': 0.34891538949697637, 'penalty_k': 0.029566374699676188, 'scale_lr': 0.4003853264893101}. Best is trial 1270 with value: 0.3623636909959845.
checkpoint_e22 window_influence: 0.14383725785801821, penalty_k: 0.09308242705675245, scale_lr: 0.67871191909316753, EAO: 0.276
Trial 3388 finished with value: 0.27558571453920133 and parameters: {'window_influence': 0.1438372578580182, 'penalty_k': 0.09308242705675245, 'scale_lr': 0.6787119190931675}. Best is trial 1270 with value: 0.3623636909959845.
checkpoint_e22 window_influence: 0.25620574314050154, penalty_k: 0.00064690417621705, scale_lr: 0.62093500186147310, EAO: 0.277
