Trial 30 finished with value: 0.27500705026698946 and parameters: {'window_influence': 0.17824628538344936, 'penalty_k': 0.32199559951584933, 'scale_lr': 0.6468266154564465}. Best is trial 21 with value: 0.3351273839343847.
checkpoint_e31 window_influence: 0.35128597014035146, penalty_k: 0.43301720285866907, scale_lr: 0.58415485669627110, EAO: 0.307
Trial 31 finished with value: 0.30700949304066744 and parameters: {'window_influence': 0.35128597014035146, 'penalty_k': 0.43301720285866907, 'scale_lr': 0.5841548566962711}. Best is trial 21 with value: 0.3351273839343847.
checkpoint_e31 window_influence: 0.34430713248080208, penalty_k: 0.46298100832913514, scale_lr: 0.52608598164155618, EAO: 0.306
Trial 32 finished with value: 0.3057580471966517 and parameters: {'window_influence': 0.3443071324808021, 'penalty_k': 0.46298100832913514, 'scale_lr': 0.5260859816415562}. Best is trial 21 with value: 0.3351273839343847.
checkpoint_e31 window_influence: 0.25455255722742703, penalty_k: 0.39282425228294238, scale_lr: 0.67785090107215717, EAO: 0.313
Trial 33 finished with value: 0.31306352730159165 and parameters: {'window_influence': 0.25455255722742703, 'penalty_k': 0.3928242522829424, 'scale_lr': 0.6778509010721572}. Best is trial 21 with value: 0.3351273839343847.
checkpoint_e31 window_influence: 0.21497188238970671, penalty_k: 0.49518583191762966, scale_lr: 0.54296108419795808, EAO: 0.290
Trial 34 finished with value: 0.2898006489652604 and parameters: {'window_influence': 0.21497188238970671, 'penalty_k': 0.49518583191762966, 'scale_lr': 0.5429610841979581}. Best is trial 21 with value: 0.3351273839343847.
checkpoint_e31 window_influence: 0.28817150695208527, penalty_k: 0.27739799430095824, scale_lr: 0.62745370782140886, EAO: 0.317
Trial 35 finished with value: 0.3169302614514466 and parameters: {'window_influence': 0.28817150695208527, 'penalty_k': 0.27739799430095824, 'scale_lr': 0.6274537078214089}. Best is trial 21 with value: 0.3351273839343847.
checkpoint_e31 window_influence: 0.32774324322315151, penalty_k: 0.24259608198264671, scale_lr: 0.74765252821774686, EAO: 0.307
Trial 36 finished with value: 0.30727441997379645 and parameters: {'window_influence': 0.3277432432231515, 'penalty_k': 0.2425960819826467, 'scale_lr': 0.7476525282177469}. Best is trial 21 with value: 0.3351273839343847.
checkpoint_e31 window_influence: 0.27690954403298290, penalty_k: 0.50718678936487538, scale_lr: 0.60475063991315858, EAO: 0.312
Trial 37 finished with value: 0.31168216055237363 and parameters: {'window_influence': 0.2769095440329829, 'penalty_k': 0.5071867893648754, 'scale_lr': 0.6047506399131586}. Best is trial 21 with value: 0.3351273839343847.
checkpoint_e31 window_influence: 0.37698090452699251, penalty_k: 0.11289516124965937, scale_lr: 0.65580918685414735, EAO: 0.314
Trial 38 finished with value: 0.3138798775028162 and parameters: {'window_influence': 0.3769809045269925, 'penalty_k': 0.11289516124965937, 'scale_lr': 0.6558091868541474}. Best is trial 21 with value: 0.3351273839343847.
checkpoint_e31 window_influence: 0.25419224484129210, penalty_k: 0.25760240168500670, scale_lr: 0.71463108128711506, EAO: 0.297
Trial 39 finished with value: 0.29707277586487946 and parameters: {'window_influence': 0.2541922448412921, 'penalty_k': 0.2576024016850067, 'scale_lr': 0.714631081287115}. Best is trial 21 with value: 0.3351273839343847.
checkpoint_e31 window_influence: 0.18148297367950833, penalty_k: 0.29961836698345018, scale_lr: 0.75652847762021347, EAO: 0.274
Trial 40 finished with value: 0.2740655160483683 and parameters: {'window_influence': 0.18148297367950833, 'penalty_k': 0.2996183669834502, 'scale_lr': 0.7565284776202135}. Best is trial 21 with value: 0.3351273839343847.
checkpoint_e31 window_influence: 0.28350595447035909, penalty_k: 0.27634509318299039, scale_lr: 0.62801296387495564, EAO: 0.306
Trial 41 finished with value: 0.3057979436931907 and parameters: {'window_influence': 0.2835059544703591, 'penalty_k': 0.2763450931829904, 'scale_lr': 0.6280129638749556}. Best is trial 21 with value: 0.3351273839343847.
checkpoint_e31 window_influence: 0.29649781508306761, penalty_k: 0.20788653559146145, scale_lr: 0.69347985521009348, EAO: 0.314
Trial 42 finished with value: 0.31350510558729505 and parameters: {'window_influence': 0.2964978150830676, 'penalty_k': 0.20788653559146145, 'scale_lr': 0.6934798552100935}. Best is trial 21 with value: 0.3351273839343847.
checkpoint_e31 window_influence: 0.31766882584415801, penalty_k: 0.27361175887381101, scale_lr: 0.64852674681664235, EAO: 0.323
Trial 43 finished with value: 0.32298675794081927 and parameters: {'window_influence': 0.317668825844158, 'penalty_k': 0.273611758873811, 'scale_lr': 0.6485267468166424}. Best is trial 21 with value: 0.3351273839343847.
checkpoint_e31 window_influence: 0.36692818528822635, penalty_k: 0.33797542121557989, scale_lr: 0.66522718003924375, EAO: 0.318
Trial 44 finished with value: 0.31826913785841676 and parameters: {'window_influence': 0.36692818528822635, 'penalty_k': 0.3379754212155799, 'scale_lr': 0.6652271800392437}. Best is trial 21 with value: 0.3351273839343847.
checkpoint_e31 window_influence: 0.32947346874840011, penalty_k: 0.24342261181312635, scale_lr: 0.72042612378762816, EAO: 0.315
Trial 45 finished with value: 0.3146662105614109 and parameters: {'window_influence': 0.3294734687484001, 'penalty_k': 0.24342261181312635, 'scale_lr': 0.7204261237876282}. Best is trial 21 with value: 0.3351273839343847.
checkpoint_e31 window_influence: 0.40643516798583973, penalty_k: 0.30192558609394782, scale_lr: 0.55045356064857021, EAO: 0.306
Trial 46 finished with value: 0.3059000784552979 and parameters: {'window_influence': 0.40643516798583973, 'penalty_k': 0.3019255860939478, 'scale_lr': 0.5504535606485702}. Best is trial 21 with value: 0.3351273839343847.
checkpoint_e31 window_influence: 0.32748079231091243, penalty_k: 0.55185535827630117, scale_lr: 0.76475481594286532, EAO: 0.322
Trial 47 finished with value: 0.32239745771838535 and parameters: {'window_influence': 0.3274807923109124, 'penalty_k': 0.5518553582763012, 'scale_lr': 0.7647548159428653}. Best is trial 21 with value: 0.3351273839343847.
checkpoint_e31 window_influence: 0.31971307918316044, penalty_k: 0.36544971844725138, scale_lr: 0.77054438175940887, EAO: 0.317
Trial 48 finished with value: 0.3171834603009985 and parameters: {'window_influence': 0.31971307918316044, 'penalty_k': 0.3654497184472514, 'scale_lr': 0.7705443817594089}. Best is trial 21 with value: 0.3351273839343847.
checkpoint_e31 window_influence: 0.23543793465408577, penalty_k: 0.41781440795120151, scale_lr: 0.79655434947331194, EAO: 0.303
Trial 49 finished with value: 0.3025311025200187 and parameters: {'window_influence': 0.23543793465408577, 'penalty_k': 0.4178144079512015, 'scale_lr': 0.7965543494733119}. Best is trial 21 with value: 0.3351273839343847.
checkpoint_e31 window_influence: 0.26493954506444001, penalty_k: 0.45997055097683692, scale_lr: 0.75325042844351253, EAO: 0.316
Trial 50 finished with value: 0.31576833088342315 and parameters: {'window_influence': 0.26493954506444, 'penalty_k': 0.4599705509768369, 'scale_lr': 0.7532504284435125}. Best is trial 21 with value: 0.3351273839343847.
checkpoint_e31 window_influence: 0.35038434879073982, penalty_k: 0.56152960732337276, scale_lr: 0.71701076778936723, EAO: 0.326
Trial 51 finished with value: 0.3264965944948827 and parameters: {'window_influence': 0.3503843487907398, 'penalty_k': 0.5615296073233728, 'scale_lr': 0.7170107677893672}. Best is trial 21 with value: 0.3351273839343847.
checkpoint_e31 window_influence: 0.31477533423658755, penalty_k: 0.55864260079796280, scale_lr: 0.72724870872591463, EAO: 0.320
Trial 52 finished with value: 0.3201801601782847 and parameters: {'window_influence': 0.31477533423658755, 'penalty_k': 0.5586426007979628, 'scale_lr': 0.7272487087259146}. Best is trial 21 with value: 0.3351273839343847.
checkpoint_e31 window_influence: 0.35616191916518247, penalty_k: 0.51370287898585765, scale_lr: 0.69363836048441718, EAO: 0.323
Trial 53 finished with value: 0.32327352469997184 and parameters: {'window_influence': 0.3561619191651825, 'penalty_k': 0.5137028789858576, 'scale_lr': 0.6936383604844172}. Best is trial 21 with value: 0.3351273839343847.
checkpoint_e31 window_influence: 0.36074861560485061, penalty_k: 0.52554723459637698, scale_lr: 0.77209984983104285, EAO: 0.328
Trial 54 finished with value: 0.32757403704442867 and parameters: {'window_influence': 0.3607486156048506, 'penalty_k': 0.525547234596377, 'scale_lr': 0.7720998498310429}. Best is trial 21 with value: 0.3351273839343847.
checkpoint_e31 window_influence: 0.42664712075493283, penalty_k: 0.52973234803810532, scale_lr: 0.77622984358820046, EAO: 0.323
Trial 55 finished with value: 0.32305111135954057 and parameters: {'window_influence': 0.42664712075493283, 'penalty_k': 0.5297323480381053, 'scale_lr': 0.7762298435882005}. Best is trial 21 with value: 0.3351273839343847.
checkpoint_e31 window_influence: 0.43921550192356063, penalty_k: 0.50834118900097180, scale_lr: 0.78058773630519640, EAO: 0.345
Trial 56 finished with value: 0.34509869424285594 and parameters: {'window_influence': 0.4392155019235606, 'penalty_k': 0.5083411890009718, 'scale_lr': 0.7805877363051964}. Best is trial 56 with value: 0.34509869424285594.
checkpoint_e31 window_influence: 0.45025853112817038, penalty_k: 0.52492988800010099, scale_lr: 0.77950435113571936, EAO: 0.332
Trial 57 finished with value: 0.33218592034239713 and parameters: {'window_influence': 0.4502585311281704, 'penalty_k': 0.524929888000101, 'scale_lr': 0.7795043511357194}. Best is trial 56 with value: 0.34509869424285594.
checkpoint_e31 window_influence: 0.47808793665862437, penalty_k: 0.57841178771645740, scale_lr: 0.77906694494071560, EAO: 0.321
Trial 58 finished with value: 0.3206820193431721 and parameters: {'window_influence': 0.47808793665862437, 'penalty_k': 0.5784117877164574, 'scale_lr': 0.7790669449407156}. Best is trial 56 with value: 0.34509869424285594.
checkpoint_e31 window_influence: 0.44717622865456391, penalty_k: 0.51674031502452911, scale_lr: 0.73172522824592001, EAO: 0.308
Trial 59 finished with value: 0.30814934588591875 and parameters: {'window_influence': 0.4471762286545639, 'penalty_k': 0.5167403150245291, 'scale_lr': 0.73172522824592}. Best is trial 56 with value: 0.34509869424285594.
checkpoint_e31 window_influence: 0.39902093375863446, penalty_k: 0.53593157834466321, scale_lr: 0.79939842982076215, EAO: 0.311
Trial 60 finished with value: 0.3105433797789919 and parameters: {'window_influence': 0.39902093375863446, 'penalty_k': 0.5359315783446632, 'scale_lr': 0.7993984298207621}. Best is trial 56 with value: 0.34509869424285594.
checkpoint_e31 window_influence: 0.41745623422841927, penalty_k: 0.52676779996564471, scale_lr: 0.76901687624149950, EAO: 0.319
Trial 61 finished with value: 0.3187866471272962 and parameters: {'window_influence': 0.41745623422841927, 'penalty_k': 0.5267677999656447, 'scale_lr': 0.7690168762414995}. Best is trial 56 with value: 0.34509869424285594.
checkpoint_e31 window_influence: 0.36039562123665392, penalty_k: 0.57226678419010080, scale_lr: 0.71549706553460757, EAO: 0.327
Trial 62 finished with value: 0.32660874579435195 and parameters: {'window_influence': 0.3603956212366539, 'penalty_k': 0.5722667841901008, 'scale_lr': 0.7154970655346076}. Best is trial 56 with value: 0.34509869424285594.
checkpoint_e31 window_influence: 0.37113471233115525, penalty_k: 0.57234628697689105, scale_lr: 0.70519292356320340, EAO: 0.316
Trial 63 finished with value: 0.3159598261697747 and parameters: {'window_influence': 0.37113471233115525, 'penalty_k': 0.572346286976891, 'scale_lr': 0.7051929235632034}. Best is trial 56 with value: 0.34509869424285594.
checkpoint_e31 window_influence: 0.36389838626973997, penalty_k: 0.48792740209210128, scale_lr: 0.69578746398258839, EAO: 0.321
Trial 64 finished with value: 0.3213482447519377 and parameters: {'window_influence': 0.36389838626973997, 'penalty_k': 0.4879274020921013, 'scale_lr': 0.6957874639825884}. Best is trial 56 with value: 0.34509869424285594.
checkpoint_e31 window_influence: 0.39404568226659109, penalty_k: 0.59842207381689017, scale_lr: 0.73871521494513348, EAO: 0.315
Trial 65 finished with value: 0.3148667650579942 and parameters: {'window_influence': 0.3940456822665911, 'penalty_k': 0.5984220738168902, 'scale_lr': 0.7387152149451335}. Best is trial 56 with value: 0.34509869424285594.
checkpoint_e31 window_influence: 0.38413951383332934, penalty_k: 0.55250243963285450, scale_lr: 0.72214565640733930, EAO: 0.309
Trial 66 finished with value: 0.30863775266515603 and parameters: {'window_influence': 0.38413951383332934, 'penalty_k': 0.5525024396328545, 'scale_lr': 0.7221456564073393}. Best is trial 56 with value: 0.34509869424285594.
checkpoint_e31 window_influence: 0.35441872720635925, penalty_k: 0.57103305087132827, scale_lr: 0.75513093164437528, EAO: 0.319
Trial 67 finished with value: 0.31861554190574454 and parameters: {'window_influence': 0.35441872720635925, 'penalty_k': 0.5710330508713283, 'scale_lr': 0.7551309316443753}. Best is trial 56 with value: 0.34509869424285594.
checkpoint_e31 window_influence: 0.38328707683107321, penalty_k: 0.48329830006396068, scale_lr: 0.78424485253147247, EAO: 0.341
Trial 68 finished with value: 0.34064775253084384 and parameters: {'window_influence': 0.3832870768310732, 'penalty_k': 0.4832983000639607, 'scale_lr': 0.7842448525314725}. Best is trial 56 with value: 0.34509869424285594.
checkpoint_e31 window_influence: 0.44571772961017331, penalty_k: 0.47710277146633795, scale_lr: 0.79170146519226658, EAO: 0.313
Trial 69 finished with value: 0.3130347180807173 and parameters: {'window_influence': 0.4457177296101733, 'penalty_k': 0.47710277146633795, 'scale_lr': 0.7917014651922666}. Best is trial 56 with value: 0.34509869424285594.
checkpoint_e31 window_influence: 0.46691740610194687, penalty_k: 0.53456276303361350, scale_lr: 0.77701867735244434, EAO: 0.327
Trial 70 finished with value: 0.32689588763370586 and parameters: {'window_influence': 0.4669174061019469, 'penalty_k': 0.5345627630336135, 'scale_lr': 0.7770186773524443}. Best is trial 56 with value: 0.34509869424285594.
checkpoint_e31 window_influence: 0.46414200681942525, penalty_k: 0.54190072244807008, scale_lr: 0.77838154637452994, EAO: 0.311
Trial 71 finished with value: 0.3111876505010323 and parameters: {'window_influence': 0.46414200681942525, 'penalty_k': 0.5419007224480701, 'scale_lr': 0.7783815463745299}. Best is trial 56 with value: 0.34509869424285594.
checkpoint_e31 window_influence: 0.42511330866219593, penalty_k: 0.50126874321432924, scale_lr: 0.74530696511917749, EAO: 0.311
Trial 72 finished with value: 0.31103795447933996 and parameters: {'window_influence': 0.42511330866219593, 'penalty_k': 0.5012687432143292, 'scale_lr': 0.7453069651191775}. Best is trial 56 with value: 0.34509869424285594.
checkpoint_e31 window_influence: 0.41245627243590743, penalty_k: 0.52079633204060349, scale_lr: 0.76988454061448286, EAO: 0.324
Trial 73 finished with value: 0.32410041118178384 and parameters: {'window_influence': 0.41245627243590743, 'penalty_k': 0.5207963320406035, 'scale_lr': 0.7698845406144829}. Best is trial 56 with value: 0.34509869424285594.
checkpoint_e31 window_influence: 0.51073022306531768, penalty_k: 0.57642881461895490, scale_lr: 0.73218043214574180, EAO: 0.297
Trial 74 finished with value: 0.2973927494848749 and parameters: {'window_influence': 0.5107302230653177, 'penalty_k': 0.5764288146189549, 'scale_lr': 0.7321804321457418}. Best is trial 56 with value: 0.34509869424285594.
checkpoint_e31 window_influence: 0.38717086894010239, penalty_k: 0.54336688310001047, scale_lr: 0.79613892270892528, EAO: 0.311
Trial 75 finished with value: 0.31060365688939967 and parameters: {'window_influence': 0.3871708689401024, 'penalty_k': 0.5433668831000105, 'scale_lr': 0.7961389227089253}. Best is trial 56 with value: 0.34509869424285594.
checkpoint_e31 window_influence: 0.48597457605033550, penalty_k: 0.48371998952548562, scale_lr: 0.71279093373174673, EAO: 0.324
Trial 76 finished with value: 0.3244104425962797 and parameters: {'window_influence': 0.4859745760503355, 'penalty_k': 0.4837199895254856, 'scale_lr': 0.7127909337317467}. Best is trial 56 with value: 0.34509869424285594.
checkpoint_e31 window_influence: 0.34136838769075339, penalty_k: 0.50113729473117408, scale_lr: 0.75559571536760706, EAO: 0.309
Trial 77 finished with value: 0.30850598343615404 and parameters: {'window_influence': 0.3413683876907534, 'penalty_k': 0.5011372947311741, 'scale_lr': 0.7555957153676071}. Best is trial 56 with value: 0.34509869424285594.
checkpoint_e31 window_influence: 0.46496460548099161, penalty_k: 0.55810565970954484, scale_lr: 0.74163558714725053, EAO: 0.315
Trial 78 finished with value: 0.3153020741294794 and parameters: {'window_influence': 0.4649646054809916, 'penalty_k': 0.5581056597095448, 'scale_lr': 0.7416355871472505}. Best is trial 56 with value: 0.34509869424285594.
checkpoint_e31 window_influence: 0.39751341034168702, penalty_k: 0.58723441441693891, scale_lr: 0.67559471131185878, EAO: 0.320
Trial 79 finished with value: 0.32009390738687626 and parameters: {'window_influence': 0.397513410341687, 'penalty_k': 0.5872344144169389, 'scale_lr': 0.6755947113118588}. Best is trial 56 with value: 0.34509869424285594.
checkpoint_e31 window_influence: 0.38176129163911549, penalty_k: 0.45852113539484135, scale_lr: 0.78121069197551041, EAO: 0.320
Trial 80 finished with value: 0.3204242917002407 and parameters: {'window_influence': 0.3817612916391155, 'penalty_k': 0.45852113539484135, 'scale_lr': 0.7812106919755104}. Best is trial 56 with value: 0.34509869424285594.
checkpoint_e31 window_influence: 0.48706322905748578, penalty_k: 0.48535053419304797, scale_lr: 0.71078278234216064, EAO: 0.330
Trial 81 finished with value: 0.32964881216737546 and parameters: {'window_influence': 0.4870632290574858, 'penalty_k': 0.48535053419304797, 'scale_lr': 0.7107827823421606}. Best is trial 56 with value: 0.34509869424285594.
checkpoint_e31 window_influence: 0.53460382488679192, penalty_k: 0.52708298003970599, scale_lr: 0.71278371674009589, EAO: 0.295
Trial 82 finished with value: 0.2948179295438737 and parameters: {'window_influence': 0.5346038248867919, 'penalty_k': 0.527082980039706, 'scale_lr': 0.7127837167400959}. Best is trial 56 with value: 0.34509869424285594.
checkpoint_e31 window_influence: 0.42796920875330696, penalty_k: 0.48987695373371054, scale_lr: 0.75904898835920442, EAO: 0.315
Trial 83 finished with value: 0.3149819771835312 and parameters: {'window_influence': 0.42796920875330696, 'penalty_k': 0.48987695373371054, 'scale_lr': 0.7590489883592044}. Best is trial 56 with value: 0.34509869424285594.
checkpoint_e31 window_influence: 0.33739289977118686, penalty_k: 0.46724361187359920, scale_lr: 0.72748627608493510, EAO: 0.327
Trial 84 finished with value: 0.32652552936095675 and parameters: {'window_influence': 0.33739289977118686, 'penalty_k': 0.4672436118735992, 'scale_lr': 0.7274862760849351}. Best is trial 56 with value: 0.34509869424285594.
checkpoint_e31 window_influence: 0.49722858205258097, penalty_k: 0.47274638725734208, scale_lr: 0.73622925475580858, EAO: 0.304
Trial 85 finished with value: 0.3043989457972783 and parameters: {'window_influence': 0.49722858205258097, 'penalty_k': 0.4727463872573421, 'scale_lr': 0.7362292547558086}. Best is trial 56 with value: 0.34509869424285594.
checkpoint_e31 window_influence: 0.33796036936695190, penalty_k: 0.50804828560906823, scale_lr: 0.69188506799678928, EAO: 0.305
Trial 86 finished with value: 0.3046924115270956 and parameters: {'window_influence': 0.3379603693669519, 'penalty_k': 0.5080482856090682, 'scale_lr': 0.6918850679967893}. Best is trial 56 with value: 0.34509869424285594.
checkpoint_e31 window_influence: 0.36996026178641883, penalty_k: 0.43873486578949944, scale_lr: 0.78425359738487044, EAO: 0.318
Trial 87 finished with value: 0.31838527791462984 and parameters: {'window_influence': 0.36996026178641883, 'penalty_k': 0.43873486578949944, 'scale_lr': 0.7842535973848704}. Best is trial 56 with value: 0.34509869424285594.
checkpoint_e31 window_influence: 0.40983597269662370, penalty_k: 0.51375438328155387, scale_lr: 0.74943229854554916, EAO: 0.309
Trial 88 finished with value: 0.30935750924891536 and parameters: {'window_influence': 0.4098359726966237, 'penalty_k': 0.5137543832815539, 'scale_lr': 0.7494322985455492}. Best is trial 56 with value: 0.34509869424285594.
checkpoint_e31 window_influence: 0.30566198420502377, penalty_k: 0.54162929383472080, scale_lr: 0.66408176602472335, EAO: 0.307
Trial 89 finished with value: 0.30681540193724727 and parameters: {'window_influence': 0.3056619842050238, 'penalty_k': 0.5416292938347208, 'scale_lr': 0.6640817660247234}. Best is trial 56 with value: 0.34509869424285594.
checkpoint_e31 window_influence: 0.52324625902328548, penalty_k: 0.49817968625980164, scale_lr: 0.75923463516834433, EAO: 0.298
Trial 90 finished with value: 0.2980248848635863 and parameters: {'window_influence': 0.5232462590232855, 'penalty_k': 0.49817968625980164, 'scale_lr': 0.7592346351683443}. Best is trial 56 with value: 0.34509869424285594.
checkpoint_e31 window_influence: 0.35387511129369675, penalty_k: 0.56518234706802173, scale_lr: 0.72144741552199954, EAO: 0.326
Trial 91 finished with value: 0.32578527608502234 and parameters: {'window_influence': 0.35387511129369675, 'penalty_k': 0.5651823470680217, 'scale_lr': 0.7214474155219995}. Best is trial 56 with value: 0.34509869424285594.
checkpoint_e31 window_influence: 0.33700742823925284, penalty_k: 0.53838650650299058, scale_lr: 0.70367690252492332, EAO: 0.310
