Trial 114 finished with value: 0.30320054049157913 and parameters: {'window_influence': 0.4391734166365092, 'penalty_k': 0.04208549419579617, 'scale_lr': 0.6573108524384818}. Best is trial 72 with value: 0.34199109348805495.
checkpoint_e13 window_influence: 0.38423060712414048, penalty_k: 0.07826173542359344, scale_lr: 0.61554318151403531, EAO: 0.313
Trial 115 finished with value: 0.3130059319363494 and parameters: {'window_influence': 0.3842306071241405, 'penalty_k': 0.07826173542359344, 'scale_lr': 0.6155431815140353}. Best is trial 72 with value: 0.34199109348805495.
checkpoint_e13 window_influence: 0.35911559952692257, penalty_k: 0.06312906294062076, scale_lr: 0.57818997004196915, EAO: 0.327
Trial 116 finished with value: 0.3270206267035889 and parameters: {'window_influence': 0.35911559952692257, 'penalty_k': 0.06312906294062076, 'scale_lr': 0.5781899700419691}. Best is trial 72 with value: 0.34199109348805495.
checkpoint_e13 window_influence: 0.35663005123967428, penalty_k: 0.06495973185530213, scale_lr: 0.58436830058364908, EAO: 0.310
Trial 117 finished with value: 0.3102603190603887 and parameters: {'window_influence': 0.3566300512396743, 'penalty_k': 0.06495973185530213, 'scale_lr': 0.5843683005836491}. Best is trial 72 with value: 0.34199109348805495.
checkpoint_e13 window_influence: 0.30811771834593726, penalty_k: 0.09905140630892738, scale_lr: 0.57681055455253460, EAO: 0.305
Trial 118 finished with value: 0.30515848256734557 and parameters: {'window_influence': 0.30811771834593726, 'penalty_k': 0.09905140630892738, 'scale_lr': 0.5768105545525346}. Best is trial 72 with value: 0.34199109348805495.
checkpoint_e13 window_influence: 0.33669175896969905, penalty_k: 0.11824508149153663, scale_lr: 0.55247525883333248, EAO: 0.306
Trial 119 finished with value: 0.30604604101134647 and parameters: {'window_influence': 0.33669175896969905, 'penalty_k': 0.11824508149153663, 'scale_lr': 0.5524752588333325}. Best is trial 72 with value: 0.34199109348805495.
checkpoint_e13 window_influence: 0.40850048320631166, penalty_k: 0.01514505211575260, scale_lr: 0.60090908597185055, EAO: 0.317
Trial 120 finished with value: 0.3174343327140066 and parameters: {'window_influence': 0.40850048320631166, 'penalty_k': 0.015145052115752605, 'scale_lr': 0.6009090859718506}. Best is trial 72 with value: 0.34199109348805495.
checkpoint_e13 window_influence: 0.37127833291836543, penalty_k: 0.03933934461366399, scale_lr: 0.64083189793606321, EAO: 0.327
Trial 121 finished with value: 0.3273753321472309 and parameters: {'window_influence': 0.37127833291836543, 'penalty_k': 0.039339344613663986, 'scale_lr': 0.6408318979360632}. Best is trial 72 with value: 0.34199109348805495.
checkpoint_e13 window_influence: 0.36283053450387392, penalty_k: 0.03498743237686633, scale_lr: 0.62803285846156387, EAO: 0.309
Trial 122 finished with value: 0.3092100550692369 and parameters: {'window_influence': 0.3628305345038739, 'penalty_k': 0.03498743237686633, 'scale_lr': 0.6280328584615639}. Best is trial 72 with value: 0.34199109348805495.
checkpoint_e13 window_influence: 0.34709012224401986, penalty_k: 0.05390808910066570, scale_lr: 0.60778404295826971, EAO: 0.315
Trial 123 finished with value: 0.3154430069928039 and parameters: {'window_influence': 0.34709012224401986, 'penalty_k': 0.0539080891006657, 'scale_lr': 0.6077840429582697}. Best is trial 72 with value: 0.34199109348805495.
checkpoint_e13 window_influence: 0.40173060241976633, penalty_k: 0.08713937521354662, scale_lr: 0.67487941237272187, EAO: 0.308
Trial 124 finished with value: 0.3078584561436093 and parameters: {'window_influence': 0.4017306024197663, 'penalty_k': 0.08713937521354662, 'scale_lr': 0.6748794123727219}. Best is trial 72 with value: 0.34199109348805495.
checkpoint_e13 window_influence: 0.42362511228006766, penalty_k: 0.02381329481786692, scale_lr: 0.65398496803219286, EAO: 0.304
Trial 125 finished with value: 0.3043677956445672 and parameters: {'window_influence': 0.42362511228006766, 'penalty_k': 0.02381329481786692, 'scale_lr': 0.6539849680321929}. Best is trial 72 with value: 0.34199109348805495.
checkpoint_e13 window_influence: 0.38578109950470713, penalty_k: 0.12771266677975066, scale_lr: 0.61668250370092870, EAO: 0.319
Trial 126 finished with value: 0.3194657801886013 and parameters: {'window_influence': 0.3857810995047071, 'penalty_k': 0.12771266677975066, 'scale_lr': 0.6166825037009287}. Best is trial 72 with value: 0.34199109348805495.
checkpoint_e13 window_influence: 0.31989250283212672, penalty_k: 0.07218145015389277, scale_lr: 0.63710868026981005, EAO: 0.318
Trial 127 finished with value: 0.3180094320718416 and parameters: {'window_influence': 0.3198925028321267, 'penalty_k': 0.07218145015389277, 'scale_lr': 0.63710868026981}. Best is trial 72 with value: 0.34199109348805495.
checkpoint_e13 window_influence: 0.37540382590943283, penalty_k: 0.04931114966247570, scale_lr: 0.57634463304385064, EAO: 0.333
Trial 128 finished with value: 0.3332361492549399 and parameters: {'window_influence': 0.37540382590943283, 'penalty_k': 0.0493111496624757, 'scale_lr': 0.5763446330438506}. Best is trial 72 with value: 0.34199109348805495.
checkpoint_e13 window_influence: 0.37408746512493840, penalty_k: 0.05257191841566348, scale_lr: 0.54088754785680460, EAO: 0.317
Trial 129 finished with value: 0.31690962803966805 and parameters: {'window_influence': 0.3740874651249384, 'penalty_k': 0.05257191841566348, 'scale_lr': 0.5408875478568046}. Best is trial 72 with value: 0.34199109348805495.
checkpoint_e13 window_influence: 0.39465283578308169, penalty_k: 0.06376212132345738, scale_lr: 0.56238310544978110, EAO: 0.316
Trial 130 finished with value: 0.31629282792718494 and parameters: {'window_influence': 0.3946528357830817, 'penalty_k': 0.06376212132345738, 'scale_lr': 0.5623831054497811}. Best is trial 72 with value: 0.34199109348805495.
checkpoint_e13 window_influence: 0.34689372231656540, penalty_k: 0.03970919518434721, scale_lr: 0.59551326963271156, EAO: 0.304
Trial 131 finished with value: 0.3037304126219063 and parameters: {'window_influence': 0.3468937223165654, 'penalty_k': 0.039709195184347214, 'scale_lr': 0.5955132696327116}. Best is trial 72 with value: 0.34199109348805495.
checkpoint_e13 window_influence: 0.37010594070281660, penalty_k: 0.08138377098720326, scale_lr: 0.58184884127892167, EAO: 0.304
Trial 132 finished with value: 0.30364764125198707 and parameters: {'window_influence': 0.3701059407028166, 'penalty_k': 0.08138377098720326, 'scale_lr': 0.5818488412789217}. Best is trial 72 with value: 0.34199109348805495.
checkpoint_e13 window_influence: 0.33165090958362980, penalty_k: 0.00049241721663123, scale_lr: 0.61015580522954305, EAO: 0.310
Trial 133 finished with value: 0.30965855764043937 and parameters: {'window_influence': 0.3316509095836298, 'penalty_k': 0.0004924172166312253, 'scale_lr': 0.610155805229543}. Best is trial 72 with value: 0.34199109348805495.
checkpoint_e13 window_influence: 0.41730275352323204, penalty_k: 0.02099851901262850, scale_lr: 0.57021531002206938, EAO: 0.306
Trial 134 finished with value: 0.3064369071086557 and parameters: {'window_influence': 0.41730275352323204, 'penalty_k': 0.020998519012628503, 'scale_lr': 0.5702153100220694}. Best is trial 72 with value: 0.34199109348805495.
checkpoint_e13 window_influence: 0.35827203159097454, penalty_k: 0.09950120905056212, scale_lr: 0.63287290129483031, EAO: 0.308
Trial 135 finished with value: 0.30828033909491526 and parameters: {'window_influence': 0.35827203159097454, 'penalty_k': 0.09950120905056212, 'scale_lr': 0.6328729012948303}. Best is trial 72 with value: 0.34199109348805495.
checkpoint_e13 window_influence: 0.38359629424031738, penalty_k: 0.04635336127169012, scale_lr: 0.65099469471573013, EAO: 0.334
Trial 136 finished with value: 0.33434172432710224 and parameters: {'window_influence': 0.3835962942403174, 'penalty_k': 0.04635336127169012, 'scale_lr': 0.6509946947157301}. Best is trial 72 with value: 0.34199109348805495.
checkpoint_e13 window_influence: 0.39901694903814611, penalty_k: 0.05868627448042239, scale_lr: 0.66384175038824844, EAO: 0.332
Trial 137 finished with value: 0.3319969615003942 and parameters: {'window_influence': 0.3990169490381461, 'penalty_k': 0.05868627448042239, 'scale_lr': 0.6638417503882484}. Best is trial 72 with value: 0.34199109348805495.
checkpoint_e13 window_influence: 0.43589580098408720, penalty_k: 0.04501646908813209, scale_lr: 0.69075956541893790, EAO: 0.314
Trial 138 finished with value: 0.3141798984099919 and parameters: {'window_influence': 0.4358958009840872, 'penalty_k': 0.04501646908813209, 'scale_lr': 0.6907595654189379}. Best is trial 72 with value: 0.34199109348805495.
checkpoint_e13 window_influence: 0.39885349232841738, penalty_k: 0.10689069632692567, scale_lr: 0.66431747310150224, EAO: 0.319
Trial 139 finished with value: 0.318754737595176 and parameters: {'window_influence': 0.3988534923284174, 'penalty_k': 0.10689069632692567, 'scale_lr': 0.6643174731015022}. Best is trial 72 with value: 0.34199109348805495.
checkpoint_e13 window_influence: 0.41094502844237651, penalty_k: 0.08782175320881910, scale_lr: 0.66609899851881504, EAO: 0.311
Trial 140 finished with value: 0.3111443225047932 and parameters: {'window_influence': 0.4109450284423765, 'penalty_k': 0.0878217532088191, 'scale_lr': 0.666098998518815}. Best is trial 72 with value: 0.34199109348805495.
checkpoint_e13 window_influence: 0.38161465851631604, penalty_k: 0.05923899794850252, scale_lr: 0.64409131969301325, EAO: 0.307
Trial 141 finished with value: 0.3069213934909509 and parameters: {'window_influence': 0.38161465851631604, 'penalty_k': 0.05923899794850252, 'scale_lr': 0.6440913196930133}. Best is trial 72 with value: 0.34199109348805495.
checkpoint_e13 window_influence: 0.39061194785404441, penalty_k: 0.03372211476766197, scale_lr: 0.62486165310116548, EAO: 0.322
Trial 142 finished with value: 0.32150064455164085 and parameters: {'window_influence': 0.3906119478540444, 'penalty_k': 0.033722114767661966, 'scale_lr': 0.6248616531011655}. Best is trial 72 with value: 0.34199109348805495.
checkpoint_e13 window_influence: 0.44927349707447811, penalty_k: 0.05016137612639313, scale_lr: 0.65266925077992821, EAO: 0.306
Trial 143 finished with value: 0.30637752551744885 and parameters: {'window_influence': 0.4492734970744781, 'penalty_k': 0.05016137612639313, 'scale_lr': 0.6526692507799282}. Best is trial 72 with value: 0.34199109348805495.
checkpoint_e13 window_influence: 0.42446358876972645, penalty_k: 0.07467464900537966, scale_lr: 0.68332165220408303, EAO: 0.300
Trial 144 finished with value: 0.2998510174134362 and parameters: {'window_influence': 0.42446358876972645, 'penalty_k': 0.07467464900537966, 'scale_lr': 0.683321652204083}. Best is trial 72 with value: 0.34199109348805495.
checkpoint_e13 window_influence: 0.40283343816029371, penalty_k: 0.06488823608443735, scale_lr: 0.51134716560372828, EAO: 0.313
Trial 145 finished with value: 0.3127735482695502 and parameters: {'window_influence': 0.4028334381602937, 'penalty_k': 0.06488823608443735, 'scale_lr': 0.5113471656037283}. Best is trial 72 with value: 0.34199109348805495.
checkpoint_e13 window_influence: 0.36892785810597983, penalty_k: 0.14959490574177853, scale_lr: 0.59228031847567608, EAO: 0.326
Trial 146 finished with value: 0.32571887279994755 and parameters: {'window_influence': 0.36892785810597983, 'penalty_k': 0.14959490574177853, 'scale_lr': 0.5922803184756761}. Best is trial 72 with value: 0.34199109348805495.
checkpoint_e13 window_influence: 0.38540536702843009, penalty_k: 0.16983712249783645, scale_lr: 0.62425102189402581, EAO: 0.306
Trial 147 finished with value: 0.3061621711527791 and parameters: {'window_influence': 0.3854053670284301, 'penalty_k': 0.16983712249783645, 'scale_lr': 0.6242510218940258}. Best is trial 72 with value: 0.34199109348805495.
checkpoint_e13 window_influence: 0.41066510598746359, penalty_k: 0.12915772475156889, scale_lr: 0.64215321002004311, EAO: 0.309
Trial 148 finished with value: 0.3094339492488 and parameters: {'window_influence': 0.4106651059874636, 'penalty_k': 0.1291577247515689, 'scale_lr': 0.6421532100200431}. Best is trial 72 with value: 0.34199109348805495.
checkpoint_e13 window_influence: 0.43522192849557029, penalty_k: 0.03160307625238444, scale_lr: 0.69593583570924777, EAO: 0.319
Trial 149 finished with value: 0.31882338278024575 and parameters: {'window_influence': 0.4352219284955703, 'penalty_k': 0.03160307625238444, 'scale_lr': 0.6959358357092478}. Best is trial 72 with value: 0.34199109348805495.
checkpoint_e13 window_influence: 0.48838588367319502, penalty_k: 0.04520884804925732, scale_lr: 0.53422558613752780, EAO: 0.321
Trial 150 finished with value: 0.32101042835397015 and parameters: {'window_influence': 0.488385883673195, 'penalty_k': 0.045208848049257316, 'scale_lr': 0.5342255861375278}. Best is trial 72 with value: 0.34199109348805495.
checkpoint_e13 window_influence: 0.34297409578288696, penalty_k: 0.01922795970067377, scale_lr: 0.60510155854307723, EAO: 0.311
Trial 151 finished with value: 0.31102193625288715 and parameters: {'window_influence': 0.34297409578288696, 'penalty_k': 0.019227959700673772, 'scale_lr': 0.6051015585430772}. Best is trial 72 with value: 0.34199109348805495.
checkpoint_e13 window_influence: 0.36044844153010719, penalty_k: 0.05634405181042995, scale_lr: 0.61781405046747384, EAO: 0.330
Trial 152 finished with value: 0.3296125938224421 and parameters: {'window_influence': 0.3604484415301072, 'penalty_k': 0.05634405181042995, 'scale_lr': 0.6178140504674738}. Best is trial 72 with value: 0.34199109348805495.
checkpoint_e13 window_influence: 0.37496808464211534, penalty_k: 0.07443825043686146, scale_lr: 0.61915500625384734, EAO: 0.304
Trial 153 finished with value: 0.3042780172500165 and parameters: {'window_influence': 0.37496808464211534, 'penalty_k': 0.07443825043686146, 'scale_lr': 0.6191550062538473}. Best is trial 72 with value: 0.34199109348805495.
checkpoint_e13 window_influence: 0.36148515169460416, penalty_k: 0.09038709693826193, scale_lr: 0.65052116571246354, EAO: 0.305
Trial 154 finished with value: 0.3053316447869349 and parameters: {'window_influence': 0.36148515169460416, 'penalty_k': 0.09038709693826193, 'scale_lr': 0.6505211657124635}. Best is trial 72 with value: 0.34199109348805495.
checkpoint_e13 window_influence: 0.38259457099253086, penalty_k: 0.05377873918967896, scale_lr: 0.63080037241023301, EAO: 0.351
Trial 155 finished with value: 0.35149767206336735 and parameters: {'window_influence': 0.38259457099253086, 'penalty_k': 0.05377873918967896, 'scale_lr': 0.630800372410233}. Best is trial 155 with value: 0.35149767206336735.
checkpoint_e13 window_influence: 0.39312045704462428, penalty_k: 0.05184923211433541, scale_lr: 0.63453234980100270, EAO: 0.305
Trial 156 finished with value: 0.3047965137063297 and parameters: {'window_influence': 0.3931204570446243, 'penalty_k': 0.05184923211433541, 'scale_lr': 0.6345323498010027}. Best is trial 155 with value: 0.35149767206336735.
checkpoint_e13 window_influence: 0.37953773325800716, penalty_k: 0.03138316147225369, scale_lr: 0.67215041596366787, EAO: 0.311
Trial 157 finished with value: 0.31127324364064735 and parameters: {'window_influence': 0.37953773325800716, 'penalty_k': 0.03138316147225369, 'scale_lr': 0.6721504159636679}. Best is trial 155 with value: 0.35149767206336735.
checkpoint_e13 window_influence: 0.46859543930480929, penalty_k: 0.11375316724290334, scale_lr: 0.65520881021922794, EAO: 0.297
Trial 158 finished with value: 0.2966217720438998 and parameters: {'window_influence': 0.4685954393048093, 'penalty_k': 0.11375316724290334, 'scale_lr': 0.6552088102192279}. Best is trial 155 with value: 0.35149767206336735.
checkpoint_e13 window_influence: 0.41026564078690797, penalty_k: 0.18022262333957084, scale_lr: 0.61316853739501098, EAO: 0.321
Trial 159 finished with value: 0.32132459846452055 and parameters: {'window_influence': 0.41026564078690797, 'penalty_k': 0.18022262333957084, 'scale_lr': 0.613168537395011}. Best is trial 155 with value: 0.35149767206336735.
checkpoint_e13 window_influence: 0.39917129593484657, penalty_k: 0.04301423021009214, scale_lr: 0.64528699024271152, EAO: 0.302
Trial 160 finished with value: 0.30238678796282076 and parameters: {'window_influence': 0.39917129593484657, 'penalty_k': 0.04301423021009214, 'scale_lr': 0.6452869902427115}. Best is trial 155 with value: 0.35149767206336735.
checkpoint_e13 window_influence: 0.36559070355638101, penalty_k: 0.06492577014174142, scale_lr: 0.59043025716095898, EAO: 0.315
Trial 161 finished with value: 0.3146449308914897 and parameters: {'window_influence': 0.365590703556381, 'penalty_k': 0.06492577014174142, 'scale_lr': 0.590430257160959}. Best is trial 155 with value: 0.35149767206336735.
checkpoint_e13 window_influence: 0.37838059614017650, penalty_k: 0.05988552370785296, scale_lr: 0.63330535414248035, EAO: 0.332
Trial 162 finished with value: 0.332161658700802 and parameters: {'window_influence': 0.3783805961401765, 'penalty_k': 0.05988552370785296, 'scale_lr': 0.6333053541424803}. Best is trial 155 with value: 0.35149767206336735.
checkpoint_e13 window_influence: 0.38422073094162135, penalty_k: 0.08469885099043695, scale_lr: 0.63138825317902403, EAO: 0.329
Trial 163 finished with value: 0.3292899308037665 and parameters: {'window_influence': 0.38422073094162135, 'penalty_k': 0.08469885099043695, 'scale_lr': 0.631388253179024}. Best is trial 155 with value: 0.35149767206336735.
checkpoint_e13 window_influence: 0.38453316710950503, penalty_k: 0.08176532340751418, scale_lr: 0.63271811893772301, EAO: 0.311
Trial 164 finished with value: 0.31098293701498425 and parameters: {'window_influence': 0.384533167109505, 'penalty_k': 0.08176532340751418, 'scale_lr': 0.632718118937723}. Best is trial 155 with value: 0.35149767206336735.
checkpoint_e13 window_influence: 0.37384604837353763, penalty_k: 0.05535166568232541, scale_lr: 0.66294573608706697, EAO: 0.321
Trial 165 finished with value: 0.32098206610995045 and parameters: {'window_influence': 0.37384604837353763, 'penalty_k': 0.05535166568232541, 'scale_lr': 0.662945736087067}. Best is trial 155 with value: 0.35149767206336735.
checkpoint_e13 window_influence: 0.39325937148904944, penalty_k: 0.03596184739363038, scale_lr: 0.62404322124908840, EAO: 0.316
Trial 166 finished with value: 0.31603319247177136 and parameters: {'window_influence': 0.39325937148904944, 'penalty_k': 0.03596184739363038, 'scale_lr': 0.6240432212490884}. Best is trial 155 with value: 0.35149767206336735.
checkpoint_e13 window_influence: 0.34956206643370225, penalty_k: 0.07342490262891908, scale_lr: 0.67643325503547558, EAO: 0.316
Trial 167 finished with value: 0.31630165880756156 and parameters: {'window_influence': 0.34956206643370225, 'penalty_k': 0.07342490262891908, 'scale_lr': 0.6764332550354756}. Best is trial 155 with value: 0.35149767206336735.
checkpoint_e13 window_influence: 0.51547488950014264, penalty_k: 0.01155077261768556, scale_lr: 0.63870353553454629, EAO: 0.319
Trial 168 finished with value: 0.31902172616483637 and parameters: {'window_influence': 0.5154748895001426, 'penalty_k': 0.011550772617685563, 'scale_lr': 0.6387035355345463}. Best is trial 155 with value: 0.35149767206336735.
checkpoint_e13 window_influence: 0.42450632962390206, penalty_k: 0.16556870315587682, scale_lr: 0.60791518220334728, EAO: 0.314
Trial 169 finished with value: 0.31442381029926847 and parameters: {'window_influence': 0.42450632962390206, 'penalty_k': 0.16556870315587682, 'scale_lr': 0.6079151822033473}. Best is trial 155 with value: 0.35149767206336735.
checkpoint_e13 window_influence: 0.33067440629882966, penalty_k: 0.09909981299627477, scale_lr: 0.65878686085966653, EAO: 0.298
Trial 170 finished with value: 0.29760873033610763 and parameters: {'window_influence': 0.33067440629882966, 'penalty_k': 0.09909981299627477, 'scale_lr': 0.6587868608596665}. Best is trial 155 with value: 0.35149767206336735.
checkpoint_e13 window_influence: 0.41428511532586282, penalty_k: 0.05602634073417984, scale_lr: 0.62260746998892202, EAO: 0.325
Trial 171 finished with value: 0.3249514785953997 and parameters: {'window_influence': 0.4142851153258628, 'penalty_k': 0.05602634073417984, 'scale_lr': 0.622607469988922}. Best is trial 155 with value: 0.35149767206336735.
checkpoint_e13 window_influence: 0.38198142635237048, penalty_k: 0.14644331973153085, scale_lr: 0.60067734886580559, EAO: 0.308
Trial 172 finished with value: 0.3076108170506555 and parameters: {'window_influence': 0.3819814263523705, 'penalty_k': 0.14644331973153085, 'scale_lr': 0.6006773488658056}. Best is trial 155 with value: 0.35149767206336735.
checkpoint_e13 window_influence: 0.40230790504459935, penalty_k: 0.08002829889286661, scale_lr: 0.63846813955800641, EAO: 0.313
Trial 173 finished with value: 0.3125096448200686 and parameters: {'window_influence': 0.40230790504459935, 'penalty_k': 0.08002829889286661, 'scale_lr': 0.6384681395580064}. Best is trial 155 with value: 0.35149767206336735.
checkpoint_e13 window_influence: 0.36305920280091442, penalty_k: 0.21510552112787532, scale_lr: 0.61597199061521057, EAO: 0.299
Trial 174 finished with value: 0.29899787839052744 and parameters: {'window_influence': 0.3630592028009144, 'penalty_k': 0.21510552112787532, 'scale_lr': 0.6159719906152106}. Best is trial 155 with value: 0.35149767206336735.
checkpoint_e13 window_influence: 0.39281954386917789, penalty_k: 0.09067510027861406, scale_lr: 0.64491192775964490, EAO: 0.341
Trial 175 finished with value: 0.34101793506266076 and parameters: {'window_influence': 0.3928195438691779, 'penalty_k': 0.09067510027861406, 'scale_lr': 0.6449119277596449}. Best is trial 155 with value: 0.35149767206336735.
checkpoint_e13 window_influence: 0.38614080142315654, penalty_k: 0.04593375158679701, scale_lr: 0.65545130086027814, EAO: 0.302
