Trial 2259 finished with value: 0.30552662967012084 and parameters: {'window_influence': 0.25191752298678216, 'penalty_k': 0.16267081475353698, 'scale_lr': 0.1980096543268837}. Best is trial 1674 with value: 0.38142600678748195.
checkpoint_e33 window_influence: 0.44426740520656954, penalty_k: 0.08166399178061312, scale_lr: 0.26147455666992514, EAO: 0.346
Trial 2260 finished with value: 0.34599360324993206 and parameters: {'window_influence': 0.44426740520656954, 'penalty_k': 0.08166399178061312, 'scale_lr': 0.26147455666992514}. Best is trial 1674 with value: 0.38142600678748195.
checkpoint_e33 window_influence: 0.62466556675051554, penalty_k: 0.23725169468717333, scale_lr: 0.55138390882875477, EAO: 0.236
Trial 2261 finished with value: 0.23598998141427913 and parameters: {'window_influence': 0.6246655667505155, 'penalty_k': 0.23725169468717333, 'scale_lr': 0.5513839088287548}. Best is trial 1674 with value: 0.38142600678748195.
checkpoint_e33 window_influence: 0.50300478970683793, penalty_k: 0.56277488200743786, scale_lr: 0.21423782157844704, EAO: 0.281
Trial 2262 finished with value: 0.28068160268583187 and parameters: {'window_influence': 0.5030047897068379, 'penalty_k': 0.5627748820074379, 'scale_lr': 0.21423782157844704}. Best is trial 1674 with value: 0.38142600678748195.
checkpoint_e33 window_influence: 0.40364868912202551, penalty_k: 0.49254196679342249, scale_lr: 0.51780755805440504, EAO: 0.357
Trial 2263 finished with value: 0.3570402629876415 and parameters: {'window_influence': 0.4036486891220255, 'penalty_k': 0.4925419667934225, 'scale_lr': 0.517807558054405}. Best is trial 1674 with value: 0.38142600678748195.
checkpoint_e33 window_influence: 0.51821145817834013, penalty_k: 0.12156154538297463, scale_lr: 0.48106381911089113, EAO: 0.320
Trial 2264 finished with value: 0.320109924221781 and parameters: {'window_influence': 0.5182114581783401, 'penalty_k': 0.12156154538297463, 'scale_lr': 0.48106381911089113}. Best is trial 1674 with value: 0.38142600678748195.
checkpoint_e33 window_influence: 0.36345326512948833, penalty_k: 0.38364594290550280, scale_lr: 0.13930556418039058, EAO: 0.325
Trial 2265 finished with value: 0.32480622926574737 and parameters: {'window_influence': 0.36345326512948833, 'penalty_k': 0.3836459429055028, 'scale_lr': 0.13930556418039058}. Best is trial 1674 with value: 0.38142600678748195.
checkpoint_e33 window_influence: 0.28889970223096822, penalty_k: 0.51756675034616839, scale_lr: 0.57827291295502214, EAO: 0.318
Trial 2266 finished with value: 0.31789932211549365 and parameters: {'window_influence': 0.2888997022309682, 'penalty_k': 0.5175667503461684, 'scale_lr': 0.5782729129550221}. Best is trial 1674 with value: 0.38142600678748195.
checkpoint_e33 window_influence: 0.24537378003518012, penalty_k: 0.41479618338812241, scale_lr: 0.11573429807682378, EAO: 0.281
Trial 2267 finished with value: 0.2813885446188515 and parameters: {'window_influence': 0.24537378003518012, 'penalty_k': 0.4147961833881224, 'scale_lr': 0.11573429807682378}. Best is trial 1674 with value: 0.38142600678748195.
checkpoint_e33 window_influence: 0.14903228012928152, penalty_k: 0.04928051735139607, scale_lr: 0.35075799428484661, EAO: 0.262
Trial 2268 finished with value: 0.2624321370041324 and parameters: {'window_influence': 0.14903228012928152, 'penalty_k': 0.04928051735139607, 'scale_lr': 0.3507579942848466}. Best is trial 1674 with value: 0.38142600678748195.
checkpoint_e33 window_influence: 0.29958822609917318, penalty_k: 0.24985892581884023, scale_lr: 0.53113049843790960, EAO: 0.311
Trial 2269 finished with value: 0.31107332229846185 and parameters: {'window_influence': 0.2995882260991732, 'penalty_k': 0.24985892581884023, 'scale_lr': 0.5311304984379096}. Best is trial 1674 with value: 0.38142600678748195.
checkpoint_e33 window_influence: 0.15164122273672251, penalty_k: 0.30402758525286055, scale_lr: 0.36539225747143822, EAO: 0.255
Trial 2270 finished with value: 0.25459829297511033 and parameters: {'window_influence': 0.1516412227367225, 'penalty_k': 0.30402758525286055, 'scale_lr': 0.3653922574714382}. Best is trial 1674 with value: 0.38142600678748195.
checkpoint_e33 window_influence: 0.47840647402601455, penalty_k: 0.18740245423537566, scale_lr: 0.62487863913085462, EAO: 0.358
Trial 2271 finished with value: 0.3580691279836202 and parameters: {'window_influence': 0.47840647402601455, 'penalty_k': 0.18740245423537566, 'scale_lr': 0.6248786391308546}. Best is trial 1674 with value: 0.38142600678748195.
checkpoint_e33 window_influence: 0.49000415631044408, penalty_k: 0.06992692117382304, scale_lr: 0.49730961556924341, EAO: 0.350
Trial 2272 finished with value: 0.3497713573479931 and parameters: {'window_influence': 0.4900041563104441, 'penalty_k': 0.06992692117382304, 'scale_lr': 0.4973096155692434}. Best is trial 1674 with value: 0.38142600678748195.
checkpoint_e33 window_influence: 0.46668695247159875, penalty_k: 0.42554151070804980, scale_lr: 0.59261411659226848, EAO: 0.302
Trial 2273 finished with value: 0.3019651005240266 and parameters: {'window_influence': 0.46668695247159875, 'penalty_k': 0.4255415107080498, 'scale_lr': 0.5926141165922685}. Best is trial 1674 with value: 0.38142600678748195.
checkpoint_e33 window_influence: 0.50687900154830856, penalty_k: 0.20464305565312804, scale_lr: 0.68720732321716793, EAO: 0.289
Trial 2274 finished with value: 0.28860584405841533 and parameters: {'window_influence': 0.5068790015483086, 'penalty_k': 0.20464305565312804, 'scale_lr': 0.6872073232171679}. Best is trial 1674 with value: 0.38142600678748195.
checkpoint_e33 window_influence: 0.45785313597778438, penalty_k: 0.06191768863266794, scale_lr: 0.17496425239223135, EAO: 0.335
Trial 2275 finished with value: 0.33519854700982804 and parameters: {'window_influence': 0.4578531359777844, 'penalty_k': 0.061917688632667944, 'scale_lr': 0.17496425239223135}. Best is trial 1674 with value: 0.38142600678748195.
checkpoint_e33 window_influence: 0.17713338191463143, penalty_k: 0.59343321710588204, scale_lr: 0.33184221705582301, EAO: 0.257
Trial 2276 finished with value: 0.25667183054792275 and parameters: {'window_influence': 0.17713338191463143, 'penalty_k': 0.593433217105882, 'scale_lr': 0.331842217055823}. Best is trial 1674 with value: 0.38142600678748195.
checkpoint_e33 window_influence: 0.49302920502567904, penalty_k: 0.34158188183857574, scale_lr: 0.61538162567754973, EAO: 0.312
Trial 2277 finished with value: 0.3119202293310648 and parameters: {'window_influence': 0.49302920502567904, 'penalty_k': 0.34158188183857574, 'scale_lr': 0.6153816256775497}. Best is trial 1674 with value: 0.38142600678748195.
checkpoint_e33 window_influence: 0.51974386412069251, penalty_k: 0.15587954165042772, scale_lr: 0.42977928637991081, EAO: 0.308
Trial 2278 finished with value: 0.30813268922878145 and parameters: {'window_influence': 0.5197438641206925, 'penalty_k': 0.15587954165042772, 'scale_lr': 0.4297792863799108}. Best is trial 1674 with value: 0.38142600678748195.
checkpoint_e33 window_influence: 0.47392471031449879, penalty_k: 0.09355847879802726, scale_lr: 0.73297697230883585, EAO: 0.335
Trial 2279 finished with value: 0.3351015500753306 and parameters: {'window_influence': 0.4739247103144988, 'penalty_k': 0.09355847879802726, 'scale_lr': 0.7329769723088359}. Best is trial 1674 with value: 0.38142600678748195.
checkpoint_e33 window_influence: 0.57151575835545565, penalty_k: 0.04883606252756324, scale_lr: 0.56087504679192590, EAO: 0.287
Trial 2280 finished with value: 0.2873297092515671 and parameters: {'window_influence': 0.5715157583554556, 'penalty_k': 0.04883606252756324, 'scale_lr': 0.5608750467919259}. Best is trial 1674 with value: 0.38142600678748195.
checkpoint_e33 window_influence: 0.43160177964961671, penalty_k: 0.54562152713985435, scale_lr: 0.79815560753123671, EAO: 0.325
Trial 2281 finished with value: 0.32494309892450324 and parameters: {'window_influence': 0.4316017796496167, 'penalty_k': 0.5456215271398543, 'scale_lr': 0.7981556075312367}. Best is trial 1674 with value: 0.38142600678748195.
checkpoint_e33 window_influence: 0.38698259770087845, penalty_k: 0.28402418691924203, scale_lr: 0.50987424102817347, EAO: 0.326
Trial 2282 finished with value: 0.32625777538184525 and parameters: {'window_influence': 0.38698259770087845, 'penalty_k': 0.284024186919242, 'scale_lr': 0.5098742410281735}. Best is trial 1674 with value: 0.38142600678748195.
checkpoint_e33 window_influence: 0.10787321740192882, penalty_k: 0.46443251358097792, scale_lr: 0.54492711929784499, EAO: 0.262
Trial 2283 finished with value: 0.26180023163673016 and parameters: {'window_influence': 0.10787321740192882, 'penalty_k': 0.4644325135809779, 'scale_lr': 0.544927119297845}. Best is trial 1674 with value: 0.38142600678748195.
checkpoint_e33 window_influence: 0.13190722158035054, penalty_k: 0.22727292014377978, scale_lr: 0.47326920228436514, EAO: 0.255
Trial 2284 finished with value: 0.25536632485658745 and parameters: {'window_influence': 0.13190722158035054, 'penalty_k': 0.22727292014377978, 'scale_lr': 0.47326920228436514}. Best is trial 1674 with value: 0.38142600678748195.
checkpoint_e33 window_influence: 0.53505715039682344, penalty_k: 0.34983224762198400, scale_lr: 0.45698941038876373, EAO: 0.290
Trial 2285 finished with value: 0.2904383832958422 and parameters: {'window_influence': 0.5350571503968234, 'penalty_k': 0.349832247621984, 'scale_lr': 0.45698941038876373}. Best is trial 1674 with value: 0.38142600678748195.
checkpoint_e33 window_influence: 0.44587941645373036, penalty_k: 0.17336489863677246, scale_lr: 0.69595558583611683, EAO: 0.353
Trial 2286 finished with value: 0.3525426361115526 and parameters: {'window_influence': 0.44587941645373036, 'penalty_k': 0.17336489863677246, 'scale_lr': 0.6959555858361168}. Best is trial 1674 with value: 0.38142600678748195.
checkpoint_e33 window_influence: 0.48456285795155302, penalty_k: 0.10948329106364010, scale_lr: 0.38032615479920806, EAO: 0.359
Trial 2287 finished with value: 0.3587095308396603 and parameters: {'window_influence': 0.484562857951553, 'penalty_k': 0.1094832910636401, 'scale_lr': 0.38032615479920806}. Best is trial 1674 with value: 0.38142600678748195.
checkpoint_e33 window_influence: 0.22746173171678663, penalty_k: 0.07462248525535160, scale_lr: 0.52564350105175273, EAO: 0.298
Trial 2288 finished with value: 0.2984050465928905 and parameters: {'window_influence': 0.22746173171678663, 'penalty_k': 0.0746224852553516, 'scale_lr': 0.5256435010517527}. Best is trial 1674 with value: 0.38142600678748195.
checkpoint_e33 window_influence: 0.49782300234741617, penalty_k: 0.44880271645762648, scale_lr: 0.76752958681586725, EAO: 0.281
Trial 2289 finished with value: 0.2806232094996634 and parameters: {'window_influence': 0.49782300234741617, 'penalty_k': 0.4488027164576265, 'scale_lr': 0.7675295868158672}. Best is trial 1674 with value: 0.38142600678748195.
checkpoint_e33 window_influence: 0.46904410817081227, penalty_k: 0.14593336947299962, scale_lr: 0.49186197538913878, EAO: 0.351
Trial 2290 finished with value: 0.3512840331296513 and parameters: {'window_influence': 0.46904410817081227, 'penalty_k': 0.14593336947299962, 'scale_lr': 0.4918619753891388}. Best is trial 1674 with value: 0.38142600678748195.
checkpoint_e33 window_influence: 0.45813047413547520, penalty_k: 0.12834319221145946, scale_lr: 0.44165193822227139, EAO: 0.343
Trial 2291 finished with value: 0.3428553892480724 and parameters: {'window_influence': 0.4581304741354752, 'penalty_k': 0.12834319221145946, 'scale_lr': 0.4416519382222714}. Best is trial 1674 with value: 0.38142600678748195.
checkpoint_e33 window_influence: 0.50784219898666738, penalty_k: 0.19740499341606391, scale_lr: 0.64275104351900647, EAO: 0.311
Trial 2292 finished with value: 0.3113290232095273 and parameters: {'window_influence': 0.5078421989866674, 'penalty_k': 0.1974049934160639, 'scale_lr': 0.6427510435190065}. Best is trial 1674 with value: 0.38142600678748195.
checkpoint_e33 window_influence: 0.09254918236432258, penalty_k: 0.04097428291228861, scale_lr: 0.74195891213071430, EAO: 0.261
Trial 2293 finished with value: 0.2613798773590229 and parameters: {'window_influence': 0.09254918236432258, 'penalty_k': 0.040974282912288607, 'scale_lr': 0.7419589121307143}. Best is trial 1674 with value: 0.38142600678748195.
checkpoint_e33 window_influence: 0.06822385795729641, penalty_k: 0.06180666671063462, scale_lr: 0.71292715722821265, EAO: 0.250
Trial 2294 finished with value: 0.24951537376711805 and parameters: {'window_influence': 0.06822385795729641, 'penalty_k': 0.061806666710634624, 'scale_lr': 0.7129271572282126}. Best is trial 1674 with value: 0.38142600678748195.
checkpoint_e33 window_influence: 0.35617641518487275, penalty_k: 0.18112045545410926, scale_lr: 0.50851606329215648, EAO: 0.293
Trial 2295 finished with value: 0.29290502451737105 and parameters: {'window_influence': 0.35617641518487275, 'penalty_k': 0.18112045545410926, 'scale_lr': 0.5085160632921565}. Best is trial 1674 with value: 0.38142600678748195.
checkpoint_e33 window_influence: 0.48187867835980769, penalty_k: 0.39148712629093890, scale_lr: 0.31702102892940087, EAO: 0.304
Trial 2296 finished with value: 0.3035027444478603 and parameters: {'window_influence': 0.4818786783598077, 'penalty_k': 0.3914871262909389, 'scale_lr': 0.31702102892940087}. Best is trial 1674 with value: 0.38142600678748195.
checkpoint_e33 window_influence: 0.16376606831475726, penalty_k: 0.45444438884112992, scale_lr: 0.57367247631541074, EAO: 0.263
Trial 2297 finished with value: 0.26258641278465433 and parameters: {'window_influence': 0.16376606831475726, 'penalty_k': 0.4544443888411299, 'scale_lr': 0.5736724763154107}. Best is trial 1674 with value: 0.38142600678748195.
checkpoint_e33 window_influence: 0.42024660306467249, penalty_k: 0.49692291800454247, scale_lr: 0.15864975317700669, EAO: 0.313
Trial 2298 finished with value: 0.31344470219389475 and parameters: {'window_influence': 0.4202466030646725, 'penalty_k': 0.49692291800454247, 'scale_lr': 0.1586497531770067}. Best is trial 1674 with value: 0.38142600678748195.
checkpoint_e33 window_influence: 0.52037745008096004, penalty_k: 0.51426685159072072, scale_lr: 0.53464380967014780, EAO: 0.284
Trial 2299 finished with value: 0.2835298106364239 and parameters: {'window_influence': 0.52037745008096, 'penalty_k': 0.5142668515907207, 'scale_lr': 0.5346438096701478}. Best is trial 1674 with value: 0.38142600678748195.
checkpoint_e33 window_influence: 0.49374899524157284, penalty_k: 0.08819175785706299, scale_lr: 0.14108502854229410, EAO: 0.328
Trial 2300 finished with value: 0.3281477381863019 and parameters: {'window_influence': 0.49374899524157284, 'penalty_k': 0.08819175785706299, 'scale_lr': 0.1410850285422941}. Best is trial 1674 with value: 0.38142600678748195.
checkpoint_e33 window_influence: 0.47063169468884258, penalty_k: 0.26547923981105137, scale_lr: 0.47067038805138500, EAO: 0.322
Trial 2301 finished with value: 0.32234014275009065 and parameters: {'window_influence': 0.4706316946888426, 'penalty_k': 0.26547923981105137, 'scale_lr': 0.470670388051385}. Best is trial 1674 with value: 0.38142600678748195.
checkpoint_e33 window_influence: 0.34976855088436182, penalty_k: 0.16156470478614954, scale_lr: 0.39087330547478272, EAO: 0.304
Trial 2302 finished with value: 0.3038429797623408 and parameters: {'window_influence': 0.3497685508843618, 'penalty_k': 0.16156470478614954, 'scale_lr': 0.3908733054747827}. Best is trial 1674 with value: 0.38142600678748195.
checkpoint_e33 window_influence: 0.54556211114067876, penalty_k: 0.14029762673905657, scale_lr: 0.48755378055984117, EAO: 0.304
Trial 2303 finished with value: 0.30440282978204436 and parameters: {'window_influence': 0.5455621111406788, 'penalty_k': 0.14029762673905657, 'scale_lr': 0.48755378055984117}. Best is trial 1674 with value: 0.38142600678748195.
checkpoint_e33 window_influence: 0.39663786178267119, penalty_k: 0.24496597214085897, scale_lr: 0.67181554506569263, EAO: 0.317
Trial 2304 finished with value: 0.31660454427453794 and parameters: {'window_influence': 0.3966378617826712, 'penalty_k': 0.24496597214085897, 'scale_lr': 0.6718155450656926}. Best is trial 1674 with value: 0.38142600678748195.
checkpoint_e33 window_influence: 0.50376991732061160, penalty_k: 0.11545525555104413, scale_lr: 0.30518218563410271, EAO: 0.313
Trial 2305 finished with value: 0.31263301657795445 and parameters: {'window_influence': 0.5037699173206116, 'penalty_k': 0.11545525555104413, 'scale_lr': 0.3051821856341027}. Best is trial 1674 with value: 0.38142600678748195.
checkpoint_e33 window_influence: 0.29759795259582300, penalty_k: 0.07579319485183170, scale_lr: 0.60872662047974235, EAO: 0.313
Trial 2306 finished with value: 0.31253934967610625 and parameters: {'window_influence': 0.297597952595823, 'penalty_k': 0.0757931948518317, 'scale_lr': 0.6087266204797424}. Best is trial 1674 with value: 0.38142600678748195.
checkpoint_e33 window_influence: 0.45129385561802499, penalty_k: 0.05421167961034741, scale_lr: 0.12801073836825400, EAO: 0.334
Trial 2307 finished with value: 0.3342093620666734 and parameters: {'window_influence': 0.451293855618025, 'penalty_k': 0.05421167961034741, 'scale_lr': 0.128010738368254}. Best is trial 1674 with value: 0.38142600678748195.
checkpoint_e33 window_influence: 0.27604209536088037, penalty_k: 0.10143942242838308, scale_lr: 0.51873204618597490, EAO: 0.299
Trial 2308 finished with value: 0.2992609256900238 and parameters: {'window_influence': 0.27604209536088037, 'penalty_k': 0.10143942242838308, 'scale_lr': 0.5187320461859749}. Best is trial 1674 with value: 0.38142600678748195.
checkpoint_e33 window_influence: 0.48242446788204296, penalty_k: 0.46846212052173930, scale_lr: 0.10114294492889653, EAO: 0.296
Trial 2309 finished with value: 0.2956421006514405 and parameters: {'window_influence': 0.48242446788204296, 'penalty_k': 0.4684621205217393, 'scale_lr': 0.10114294492889653}. Best is trial 1674 with value: 0.38142600678748195.
checkpoint_e33 window_influence: 0.46343565587895041, penalty_k: 0.31306139528289656, scale_lr: 0.40079181211480119, EAO: 0.330
Trial 2310 finished with value: 0.3301258775974526 and parameters: {'window_influence': 0.4634356558789504, 'penalty_k': 0.31306139528289656, 'scale_lr': 0.4007918121148012}. Best is trial 1674 with value: 0.38142600678748195.
checkpoint_e33 window_influence: 0.14188526835571094, penalty_k: 0.04582990029039929, scale_lr: 0.24279596569628406, EAO: 0.263
Trial 2311 finished with value: 0.2633894285339326 and parameters: {'window_influence': 0.14188526835571094, 'penalty_k': 0.04582990029039929, 'scale_lr': 0.24279596569628406}. Best is trial 1674 with value: 0.38142600678748195.
checkpoint_e33 window_influence: 0.43856947866648038, penalty_k: 0.06697739969319091, scale_lr: 0.26650682177251128, EAO: 0.327
Trial 2312 finished with value: 0.3266290369432724 and parameters: {'window_influence': 0.4385694786664804, 'penalty_k': 0.06697739969319091, 'scale_lr': 0.2665068217725113}. Best is trial 1674 with value: 0.38142600678748195.
checkpoint_e33 window_influence: 0.48961869657606383, penalty_k: 0.58635013505272038, scale_lr: 0.63422331794709286, EAO: 0.289
Trial 2313 finished with value: 0.2891083444370834 and parameters: {'window_influence': 0.4896186965760638, 'penalty_k': 0.5863501350527204, 'scale_lr': 0.6342233179470929}. Best is trial 1674 with value: 0.38142600678748195.
checkpoint_e33 window_influence: 0.23298826487726770, penalty_k: 0.21934925046572595, scale_lr: 0.54418954865958147, EAO: 0.303
Trial 2314 finished with value: 0.30280161622897195 and parameters: {'window_influence': 0.2329882648772677, 'penalty_k': 0.21934925046572595, 'scale_lr': 0.5441895486595815}. Best is trial 1674 with value: 0.38142600678748195.
checkpoint_e33 window_influence: 0.51268874390392893, penalty_k: 0.03809002780882393, scale_lr: 0.27933856179123195, EAO: 0.333
Trial 2315 finished with value: 0.3327116640393372 and parameters: {'window_influence': 0.5126887439039289, 'penalty_k': 0.03809002780882393, 'scale_lr': 0.27933856179123195}. Best is trial 1674 with value: 0.38142600678748195.
checkpoint_e33 window_influence: 0.31132341569431549, penalty_k: 0.08491103926899810, scale_lr: 0.78048977985332990, EAO: 0.315
Trial 2316 finished with value: 0.3151087574225919 and parameters: {'window_influence': 0.3113234156943155, 'penalty_k': 0.0849110392689981, 'scale_lr': 0.7804897798533299}. Best is trial 1674 with value: 0.38142600678748195.
checkpoint_e33 window_influence: 0.47399378327507619, penalty_k: 0.05810422225958798, scale_lr: 0.58884433147856130, EAO: 0.352
Trial 2317 finished with value: 0.35211596774220005 and parameters: {'window_influence': 0.4739937832750762, 'penalty_k': 0.05810422225958798, 'scale_lr': 0.5888443314785613}. Best is trial 1674 with value: 0.38142600678748195.
checkpoint_e33 window_influence: 0.53064732099699363, penalty_k: 0.15367947363959880, scale_lr: 0.50109627116468958, EAO: 0.334
Trial 2318 finished with value: 0.33366121450286895 and parameters: {'window_influence': 0.5306473209969936, 'penalty_k': 0.1536794736395988, 'scale_lr': 0.5010962711646896}. Best is trial 1674 with value: 0.38142600678748195.
checkpoint_e33 window_influence: 0.49972963366759238, penalty_k: 0.17313522692073827, scale_lr: 0.75452853461766256, EAO: 0.334
Trial 2319 finished with value: 0.33416719438964754 and parameters: {'window_influence': 0.4997296336675924, 'penalty_k': 0.17313522692073827, 'scale_lr': 0.7545285346176626}. Best is trial 1674 with value: 0.38142600678748195.
checkpoint_e33 window_influence: 0.37808800120946806, penalty_k: 0.20339630056213287, scale_lr: 0.20551120388149713, EAO: 0.320
