Trial 248 finished with value: 0.34787323317175245 and parameters: {'window_influence': 0.49876746421582946, 'penalty_k': 0.08110243020656584, 'scale_lr': 0.6015677128785174}. Best is trial 62 with value: 0.3726749919963718.
checkpoint_e29 window_influence: 0.51538516321480221, penalty_k: 0.04707738815945238, scale_lr: 0.46131739125521526, EAO: 0.367
Trial 249 finished with value: 0.3665473761493594 and parameters: {'window_influence': 0.5153851632148022, 'penalty_k': 0.04707738815945238, 'scale_lr': 0.46131739125521526}. Best is trial 62 with value: 0.3726749919963718.
checkpoint_e29 window_influence: 0.52525607690444320, penalty_k: 0.05454404542677482, scale_lr: 0.45819943261552321, EAO: 0.324
Trial 250 finished with value: 0.3242746376457845 and parameters: {'window_influence': 0.5252560769044432, 'penalty_k': 0.05454404542677482, 'scale_lr': 0.4581994326155232}. Best is trial 62 with value: 0.3726749919963718.
checkpoint_e29 window_influence: 0.51528348403686253, penalty_k: 0.20428438405614666, scale_lr: 0.47954505062351305, EAO: 0.316
Trial 251 finished with value: 0.31598315153140505 and parameters: {'window_influence': 0.5152834840368625, 'penalty_k': 0.20428438405614666, 'scale_lr': 0.47954505062351305}. Best is trial 62 with value: 0.3726749919963718.
checkpoint_e29 window_influence: 0.46591628146587538, penalty_k: 0.01678900921911955, scale_lr: 0.43592184954790525, EAO: 0.328
Trial 252 finished with value: 0.3275676372566112 and parameters: {'window_influence': 0.4659162814658754, 'penalty_k': 0.016789009219119553, 'scale_lr': 0.43592184954790525}. Best is trial 62 with value: 0.3726749919963718.
checkpoint_e29 window_influence: 0.53646877166852669, penalty_k: 0.22353099856302477, scale_lr: 0.47167115138189675, EAO: 0.301
Trial 253 finished with value: 0.3006760603259046 and parameters: {'window_influence': 0.5364687716685267, 'penalty_k': 0.22353099856302477, 'scale_lr': 0.47167115138189675}. Best is trial 62 with value: 0.3726749919963718.
checkpoint_e29 window_influence: 0.05791107351683739, penalty_k: 0.06913761551690473, scale_lr: 0.63803026779015604, EAO: 0.254
Trial 254 finished with value: 0.2541832685006732 and parameters: {'window_influence': 0.057911073516837386, 'penalty_k': 0.06913761551690473, 'scale_lr': 0.638030267790156}. Best is trial 62 with value: 0.3726749919963718.
checkpoint_e29 window_influence: 0.47639413210623011, penalty_k: 0.03180430274531451, scale_lr: 0.41611479390936246, EAO: 0.337
Trial 255 finished with value: 0.33662349739427233 and parameters: {'window_influence': 0.4763941321062301, 'penalty_k': 0.03180430274531451, 'scale_lr': 0.41611479390936246}. Best is trial 62 with value: 0.3726749919963718.
checkpoint_e29 window_influence: 0.37642724939722233, penalty_k: 0.13426588764667391, scale_lr: 0.44216608000874902, EAO: 0.309
Trial 256 finished with value: 0.3087064370454981 and parameters: {'window_influence': 0.37642724939722233, 'penalty_k': 0.1342658876466739, 'scale_lr': 0.442166080008749}. Best is trial 62 with value: 0.3726749919963718.
checkpoint_e29 window_influence: 0.43713683231286005, penalty_k: 0.32145574233996488, scale_lr: 0.65534714292586649, EAO: 0.306
Trial 257 finished with value: 0.30587400467015424 and parameters: {'window_influence': 0.43713683231286005, 'penalty_k': 0.3214557423399649, 'scale_lr': 0.6553471429258665}. Best is trial 62 with value: 0.3726749919963718.
checkpoint_e29 window_influence: 0.48680615610757805, penalty_k: 0.19268170434052057, scale_lr: 0.10777855496179800, EAO: 0.334
Trial 258 finished with value: 0.3335412991765872 and parameters: {'window_influence': 0.48680615610757805, 'penalty_k': 0.19268170434052057, 'scale_lr': 0.107778554961798}. Best is trial 62 with value: 0.3726749919963718.
checkpoint_e29 window_influence: 0.50948535180295862, penalty_k: 0.37729754171229019, scale_lr: 0.31845471057474040, EAO: 0.313
Trial 259 finished with value: 0.31348410764788837 and parameters: {'window_influence': 0.5094853518029586, 'penalty_k': 0.3772975417122902, 'scale_lr': 0.3184547105747404}. Best is trial 62 with value: 0.3726749919963718.
checkpoint_e29 window_influence: 0.52040487101260202, penalty_k: 0.27779577422784985, scale_lr: 0.39349457005563104, EAO: 0.297
Trial 260 finished with value: 0.2974514623212443 and parameters: {'window_influence': 0.520404871012602, 'penalty_k': 0.27779577422784985, 'scale_lr': 0.39349457005563104}. Best is trial 62 with value: 0.3726749919963718.
checkpoint_e29 window_influence: 0.45348144033586096, penalty_k: 0.04758602822260426, scale_lr: 0.45366771310013798, EAO: 0.327
Trial 261 finished with value: 0.32715777368629023 and parameters: {'window_influence': 0.45348144033586096, 'penalty_k': 0.04758602822260426, 'scale_lr': 0.453667713100138}. Best is trial 62 with value: 0.3726749919963718.
checkpoint_e29 window_influence: 0.63668956194410153, penalty_k: 0.00063732804666839, scale_lr: 0.51862739647928535, EAO: 0.244
Trial 262 finished with value: 0.24351585404186396 and parameters: {'window_influence': 0.6366895619441015, 'penalty_k': 0.0006373280466683926, 'scale_lr': 0.5186273964792854}. Best is trial 62 with value: 0.3726749919963718.
checkpoint_e29 window_influence: 0.49285603119020410, penalty_k: 0.07959681174931849, scale_lr: 0.61841703192131725, EAO: 0.361
Trial 263 finished with value: 0.3612341466812772 and parameters: {'window_influence': 0.4928560311902041, 'penalty_k': 0.07959681174931849, 'scale_lr': 0.6184170319213173}. Best is trial 62 with value: 0.3726749919963718.
checkpoint_e29 window_influence: 0.49948650463279909, penalty_k: 0.08344498314602329, scale_lr: 0.63156355442795320, EAO: 0.349
Trial 264 finished with value: 0.34903836679365846 and parameters: {'window_influence': 0.4994865046327991, 'penalty_k': 0.08344498314602329, 'scale_lr': 0.6315635544279532}. Best is trial 62 with value: 0.3726749919963718.
checkpoint_e29 window_influence: 0.48882867031847227, penalty_k: 0.09760481855530689, scale_lr: 0.61787561291510240, EAO: 0.352
Trial 265 finished with value: 0.35232700784382653 and parameters: {'window_influence': 0.48882867031847227, 'penalty_k': 0.0976048185553069, 'scale_lr': 0.6178756129151024}. Best is trial 62 with value: 0.3726749919963718.
checkpoint_e29 window_influence: 0.49059321912036380, penalty_k: 0.09727339103789945, scale_lr: 0.62095831154091563, EAO: 0.345
Trial 266 finished with value: 0.34460992525523737 and parameters: {'window_influence': 0.4905932191203638, 'penalty_k': 0.09727339103789945, 'scale_lr': 0.6209583115409156}. Best is trial 62 with value: 0.3726749919963718.
checkpoint_e29 window_influence: 0.50679493955346611, penalty_k: 0.08640642750841235, scale_lr: 0.60636016464743636, EAO: 0.339
Trial 267 finished with value: 0.3387941369054846 and parameters: {'window_influence': 0.5067949395534661, 'penalty_k': 0.08640642750841235, 'scale_lr': 0.6063601646474364}. Best is trial 62 with value: 0.3726749919963718.
checkpoint_e29 window_influence: 0.54713858999771647, penalty_k: 0.11280027402254869, scale_lr: 0.61851025445845975, EAO: 0.290
Trial 268 finished with value: 0.2899771113571954 and parameters: {'window_influence': 0.5471385899977165, 'penalty_k': 0.11280027402254869, 'scale_lr': 0.6185102544584598}. Best is trial 62 with value: 0.3726749919963718.
checkpoint_e29 window_influence: 0.48269352705695456, penalty_k: 0.06048233048594249, scale_lr: 0.40949053022997850, EAO: 0.338
Trial 269 finished with value: 0.33814538928321364 and parameters: {'window_influence': 0.48269352705695456, 'penalty_k': 0.06048233048594249, 'scale_lr': 0.4094905302299785}. Best is trial 62 with value: 0.3726749919963718.
checkpoint_e29 window_influence: 0.49468253383350530, penalty_k: 0.08535586360789306, scale_lr: 0.46466342455921822, EAO: 0.350
Trial 270 finished with value: 0.350164795664034 and parameters: {'window_influence': 0.4946825338335053, 'penalty_k': 0.08535586360789306, 'scale_lr': 0.4646634245592182}. Best is trial 62 with value: 0.3726749919963718.
checkpoint_e29 window_influence: 0.52116235641547404, penalty_k: 0.08812870617432192, scale_lr: 0.46043553880791421, EAO: 0.317
Trial 271 finished with value: 0.3170212885285166 and parameters: {'window_influence': 0.521162356415474, 'penalty_k': 0.08812870617432192, 'scale_lr': 0.4604355388079142}. Best is trial 62 with value: 0.3726749919963718.
checkpoint_e29 window_influence: 0.49936774438290388, penalty_k: 0.07930428996372248, scale_lr: 0.47960462584246627, EAO: 0.337
Trial 272 finished with value: 0.3373530086144399 and parameters: {'window_influence': 0.4993677443829039, 'penalty_k': 0.07930428996372248, 'scale_lr': 0.47960462584246627}. Best is trial 62 with value: 0.3726749919963718.
checkpoint_e29 window_influence: 0.13021241944890749, penalty_k: 0.06694635483015063, scale_lr: 0.44496786092762686, EAO: 0.260
Trial 273 finished with value: 0.260246148137267 and parameters: {'window_influence': 0.1302124194489075, 'penalty_k': 0.06694635483015063, 'scale_lr': 0.44496786092762686}. Best is trial 62 with value: 0.3726749919963718.
checkpoint_e29 window_influence: 0.53198183033126234, penalty_k: 0.10442990377010251, scale_lr: 0.37276123864892180, EAO: 0.317
Trial 274 finished with value: 0.31706664331460277 and parameters: {'window_influence': 0.5319818303312623, 'penalty_k': 0.10442990377010251, 'scale_lr': 0.3727612386489218}. Best is trial 62 with value: 0.3726749919963718.
checkpoint_e29 window_influence: 0.51133478555997602, penalty_k: 0.07404272573394768, scale_lr: 0.42699493423237633, EAO: 0.352
Trial 275 finished with value: 0.3515404119565793 and parameters: {'window_influence': 0.511334785559976, 'penalty_k': 0.07404272573394768, 'scale_lr': 0.42699493423237633}. Best is trial 62 with value: 0.3726749919963718.
checkpoint_e29 window_influence: 0.51454584349104704, penalty_k: 0.05859054280590567, scale_lr: 0.42918318549685575, EAO: 0.351
Trial 276 finished with value: 0.35145959327656934 and parameters: {'window_influence': 0.514545843491047, 'penalty_k': 0.05859054280590567, 'scale_lr': 0.42918318549685575}. Best is trial 62 with value: 0.3726749919963718.
checkpoint_e29 window_influence: 0.51459112854108813, penalty_k: 0.07039790248472660, scale_lr: 0.44002747692407385, EAO: 0.331
Trial 277 finished with value: 0.3308511168228513 and parameters: {'window_influence': 0.5145911285410881, 'penalty_k': 0.0703979024847266, 'scale_lr': 0.44002747692407385}. Best is trial 62 with value: 0.3726749919963718.
checkpoint_e29 window_influence: 0.53586505144737739, penalty_k: 0.05686992972658683, scale_lr: 0.42850287506123425, EAO: 0.312
Trial 278 finished with value: 0.3122390486039076 and parameters: {'window_influence': 0.5358650514473774, 'penalty_k': 0.05686992972658683, 'scale_lr': 0.42850287506123425}. Best is trial 62 with value: 0.3726749919963718.
checkpoint_e29 window_influence: 0.55818295021602127, penalty_k: 0.05924141492007585, scale_lr: 0.41722948428250567, EAO: 0.298
Trial 279 finished with value: 0.29834649100145944 and parameters: {'window_influence': 0.5581829502160213, 'penalty_k': 0.059241414920075855, 'scale_lr': 0.41722948428250567}. Best is trial 62 with value: 0.3726749919963718.
checkpoint_e29 window_influence: 0.51252545582577536, penalty_k: 0.07287971962546133, scale_lr: 0.39769646831869704, EAO: 0.345
Trial 280 finished with value: 0.3452442747609625 and parameters: {'window_influence': 0.5125254558257754, 'penalty_k': 0.07287971962546133, 'scale_lr': 0.39769646831869704}. Best is trial 62 with value: 0.3726749919963718.
checkpoint_e29 window_influence: 0.52183381151057884, penalty_k: 0.09433715183842500, scale_lr: 0.45379216453606375, EAO: 0.320
Trial 281 finished with value: 0.32035133590494147 and parameters: {'window_influence': 0.5218338115105788, 'penalty_k': 0.094337151838425, 'scale_lr': 0.45379216453606375}. Best is trial 62 with value: 0.3726749919963718.
checkpoint_e29 window_influence: 0.54307263150148088, penalty_k: 0.04843979625579166, scale_lr: 0.43113206135335469, EAO: 0.309
Trial 282 finished with value: 0.3094540844283679 and parameters: {'window_influence': 0.5430726315014809, 'penalty_k': 0.04843979625579166, 'scale_lr': 0.4311320613533547}. Best is trial 62 with value: 0.3726749919963718.
checkpoint_e29 window_influence: 0.50637569212721134, penalty_k: 0.44640405412849765, scale_lr: 0.46871343911124586, EAO: 0.324
Trial 283 finished with value: 0.3242020878346514 and parameters: {'window_influence': 0.5063756921272113, 'penalty_k': 0.44640405412849765, 'scale_lr': 0.46871343911124586}. Best is trial 62 with value: 0.3726749919963718.
checkpoint_e29 window_influence: 0.47666399482041233, penalty_k: 0.17261528898682610, scale_lr: 0.49153245030925707, EAO: 0.322
Trial 284 finished with value: 0.3220470302415729 and parameters: {'window_influence': 0.47666399482041233, 'penalty_k': 0.1726152889868261, 'scale_lr': 0.4915324503092571}. Best is trial 62 with value: 0.3726749919963718.
checkpoint_e29 window_influence: 0.52751576792527188, penalty_k: 0.07679874783804122, scale_lr: 0.42366644466255088, EAO: 0.335
Trial 285 finished with value: 0.3345627044309438 and parameters: {'window_influence': 0.5275157679252719, 'penalty_k': 0.07679874783804122, 'scale_lr': 0.4236664446625509}. Best is trial 62 with value: 0.3726749919963718.
checkpoint_e29 window_influence: 0.49236082226506322, penalty_k: 0.04717571979690692, scale_lr: 0.44896338694448068, EAO: 0.348
Trial 286 finished with value: 0.3483827022494973 and parameters: {'window_influence': 0.4923608222650632, 'penalty_k': 0.04717571979690692, 'scale_lr': 0.4489633869444807}. Best is trial 62 with value: 0.3726749919963718.
checkpoint_e29 window_influence: 0.50860848034681294, penalty_k: 0.05881278791633896, scale_lr: 0.40601573599555607, EAO: 0.349
Trial 287 finished with value: 0.34890634007027177 and parameters: {'window_influence': 0.5086084803468129, 'penalty_k': 0.05881278791633896, 'scale_lr': 0.40601573599555607}. Best is trial 62 with value: 0.3726749919963718.
checkpoint_e29 window_influence: 0.48112433675946159, penalty_k: 0.03910148090788945, scale_lr: 0.46727793323415240, EAO: 0.332
Trial 288 finished with value: 0.332267928564131 and parameters: {'window_influence': 0.4811243367594616, 'penalty_k': 0.039101480907889445, 'scale_lr': 0.4672779332341524}. Best is trial 62 with value: 0.3726749919963718.
checkpoint_e29 window_influence: 0.49845249731623492, penalty_k: 0.06764755167542427, scale_lr: 0.38538664590680255, EAO: 0.340
Trial 289 finished with value: 0.34004336792671264 and parameters: {'window_influence': 0.4984524973162349, 'penalty_k': 0.06764755167542427, 'scale_lr': 0.38538664590680255}. Best is trial 62 with value: 0.3726749919963718.
checkpoint_e29 window_influence: 0.52614657541924970, penalty_k: 0.09352224442310500, scale_lr: 0.49925593410459790, EAO: 0.317
Trial 290 finished with value: 0.31705732550834403 and parameters: {'window_influence': 0.5261465754192497, 'penalty_k': 0.093522244423105, 'scale_lr': 0.4992559341045979}. Best is trial 62 with value: 0.3726749919963718.
checkpoint_e29 window_influence: 0.46638976374058050, penalty_k: 0.08022415389966933, scale_lr: 0.32741367298921714, EAO: 0.327
Trial 291 finished with value: 0.32700733579550273 and parameters: {'window_influence': 0.4663897637405805, 'penalty_k': 0.08022415389966933, 'scale_lr': 0.32741367298921714}. Best is trial 62 with value: 0.3726749919963718.
checkpoint_e29 window_influence: 0.51562017777976232, penalty_k: 0.10617329718886753, scale_lr: 0.43973694231530769, EAO: 0.337
Trial 292 finished with value: 0.3368072578183408 and parameters: {'window_influence': 0.5156201777797623, 'penalty_k': 0.10617329718886753, 'scale_lr': 0.4397369423153077}. Best is trial 62 with value: 0.3726749919963718.
checkpoint_e29 window_influence: 0.48607173802039361, penalty_k: 0.05025120595324344, scale_lr: 0.41563094859183286, EAO: 0.344
Trial 293 finished with value: 0.3438014123690267 and parameters: {'window_influence': 0.4860717380203936, 'penalty_k': 0.05025120595324344, 'scale_lr': 0.41563094859183286}. Best is trial 62 with value: 0.3726749919963718.
checkpoint_e29 window_influence: 0.50289402864434407, penalty_k: 0.05969381532153057, scale_lr: 0.30477214760849169, EAO: 0.338
Trial 294 finished with value: 0.3377301574681056 and parameters: {'window_influence': 0.5028940286443441, 'penalty_k': 0.05969381532153057, 'scale_lr': 0.3047721476084917}. Best is trial 62 with value: 0.3726749919963718.
checkpoint_e29 window_influence: 0.49294735038338261, penalty_k: 0.03753508325562459, scale_lr: 0.78421481929132586, EAO: 0.346
Trial 295 finished with value: 0.3461183707305893 and parameters: {'window_influence': 0.4929473503833826, 'penalty_k': 0.037535083255624595, 'scale_lr': 0.7842148192913259}. Best is trial 62 with value: 0.3726749919963718.
checkpoint_e29 window_influence: 0.53918518724442699, penalty_k: 0.06729293963983356, scale_lr: 0.48096186661786561, EAO: 0.303
Trial 296 finished with value: 0.3026270079589539 and parameters: {'window_influence': 0.539185187244427, 'penalty_k': 0.06729293963983356, 'scale_lr': 0.4809618666178656}. Best is trial 62 with value: 0.3726749919963718.
checkpoint_e29 window_influence: 0.47368300552997322, penalty_k: 0.04729733350547067, scale_lr: 0.45770406674672504, EAO: 0.339
Trial 297 finished with value: 0.3391996969972603 and parameters: {'window_influence': 0.4736830055299732, 'penalty_k': 0.04729733350547067, 'scale_lr': 0.45770406674672504}. Best is trial 62 with value: 0.3726749919963718.
checkpoint_e29 window_influence: 0.51450914333098152, penalty_k: 0.12018429866513194, scale_lr: 0.33923916506440244, EAO: 0.323
Trial 298 finished with value: 0.32343619702391124 and parameters: {'window_influence': 0.5145091433309815, 'penalty_k': 0.12018429866513194, 'scale_lr': 0.33923916506440244}. Best is trial 62 with value: 0.3726749919963718.
checkpoint_e29 window_influence: 0.50294205745944320, penalty_k: 0.15087930998478341, scale_lr: 0.54189689585513678, EAO: 0.352
Trial 299 finished with value: 0.3522631807781843 and parameters: {'window_influence': 0.5029420574594432, 'penalty_k': 0.1508793099847834, 'scale_lr': 0.5418968958551368}. Best is trial 62 with value: 0.3726749919963718.
checkpoint_e29 window_influence: 0.49006003225733080, penalty_k: 0.15567552850722227, scale_lr: 0.55140116746599144, EAO: 0.332
Trial 300 finished with value: 0.33213169727807845 and parameters: {'window_influence': 0.4900600322573308, 'penalty_k': 0.15567552850722227, 'scale_lr': 0.5514011674659914}. Best is trial 62 with value: 0.3726749919963718.
checkpoint_e29 window_influence: 0.56755014322603115, penalty_k: 0.11880986623806070, scale_lr: 0.54256571977075452, EAO: 0.293
Trial 301 finished with value: 0.2934467326342364 and parameters: {'window_influence': 0.5675501432260311, 'penalty_k': 0.1188098662380607, 'scale_lr': 0.5425657197707545}. Best is trial 62 with value: 0.3726749919963718.
checkpoint_e29 window_influence: 0.50531956891095198, penalty_k: 0.14809300720725979, scale_lr: 0.51164121183843658, EAO: 0.335
Trial 302 finished with value: 0.3348652981366629 and parameters: {'window_influence': 0.505319568910952, 'penalty_k': 0.1480930072072598, 'scale_lr': 0.5116412118384366}. Best is trial 62 with value: 0.3726749919963718.
checkpoint_e29 window_influence: 0.47630227417408194, penalty_k: 0.10015757838587602, scale_lr: 0.57041573039743843, EAO: 0.350
Trial 303 finished with value: 0.34984513398274375 and parameters: {'window_influence': 0.47630227417408194, 'penalty_k': 0.10015757838587602, 'scale_lr': 0.5704157303974384}. Best is trial 62 with value: 0.3726749919963718.
checkpoint_e29 window_influence: 0.45497621099190627, penalty_k: 0.12803324513006872, scale_lr: 0.56873284074465946, EAO: 0.338
Trial 304 finished with value: 0.33785539911878715 and parameters: {'window_influence': 0.45497621099190627, 'penalty_k': 0.12803324513006872, 'scale_lr': 0.5687328407446595}. Best is trial 62 with value: 0.3726749919963718.
checkpoint_e29 window_influence: 0.52544965657173370, penalty_k: 0.10496592698706411, scale_lr: 0.52611678999646849, EAO: 0.313
Trial 305 finished with value: 0.3125883729309423 and parameters: {'window_influence': 0.5254496565717337, 'penalty_k': 0.10496592698706411, 'scale_lr': 0.5261167899964685}. Best is trial 62 with value: 0.3726749919963718.
checkpoint_e29 window_influence: 0.47180607906667116, penalty_k: 0.09142491554766521, scale_lr: 0.59606501427851932, EAO: 0.343
Trial 306 finished with value: 0.342628096907983 and parameters: {'window_influence': 0.47180607906667116, 'penalty_k': 0.09142491554766521, 'scale_lr': 0.5960650142785193}. Best is trial 62 with value: 0.3726749919963718.
checkpoint_e29 window_influence: 0.49849758712861370, penalty_k: 0.08418502219167379, scale_lr: 0.67961932714914597, EAO: 0.355
Trial 307 finished with value: 0.3554100300319464 and parameters: {'window_influence': 0.4984975871286137, 'penalty_k': 0.08418502219167379, 'scale_lr': 0.679619327149146}. Best is trial 62 with value: 0.3726749919963718.
checkpoint_e29 window_influence: 0.51740329652476746, penalty_k: 0.07971094871918881, scale_lr: 0.60943037095108898, EAO: 0.319
Trial 308 finished with value: 0.3193965794859229 and parameters: {'window_influence': 0.5174032965247675, 'penalty_k': 0.07971094871918881, 'scale_lr': 0.609430370951089}. Best is trial 62 with value: 0.3726749919963718.
checkpoint_e29 window_influence: 0.50255013097654921, penalty_k: 0.16099738101646016, scale_lr: 0.73029361896444978, EAO: 0.346
Trial 309 finished with value: 0.3458536442383718 and parameters: {'window_influence': 0.5025501309765492, 'penalty_k': 0.16099738101646016, 'scale_lr': 0.7302936189644498}. Best is trial 62 with value: 0.3726749919963718.
checkpoint_e29 window_influence: 0.53546388572517101, penalty_k: 0.21540108098184657, scale_lr: 0.67411836811639070, EAO: 0.311
