Trial 806 finished with value: 0.3548778799953164 and parameters: {'window_influence': 0.49872686470165467, 'penalty_k': 0.14171580981644968, 'scale_lr': 0.5057469843586218}. Best is trial 32 with value: 0.38394216433573325.
checkpoint_e23 window_influence: 0.45240533942980965, penalty_k: 0.46974679532224672, scale_lr: 0.43622246346321325, EAO: 0.326
Trial 807 finished with value: 0.326330129158636 and parameters: {'window_influence': 0.45240533942980965, 'penalty_k': 0.4697467953222467, 'scale_lr': 0.43622246346321325}. Best is trial 32 with value: 0.38394216433573325.
checkpoint_e23 window_influence: 0.27088876808041851, penalty_k: 0.21964931695727780, scale_lr: 0.61603952179585164, EAO: 0.303
Trial 808 finished with value: 0.30310361272861985 and parameters: {'window_influence': 0.2708887680804185, 'penalty_k': 0.2196493169572778, 'scale_lr': 0.6160395217958516}. Best is trial 32 with value: 0.38394216433573325.
checkpoint_e23 window_influence: 0.16634554893220774, penalty_k: 0.38357504191131941, scale_lr: 0.33358560510568258, EAO: 0.268
Trial 809 finished with value: 0.2684861918483727 and parameters: {'window_influence': 0.16634554893220774, 'penalty_k': 0.3835750419113194, 'scale_lr': 0.3335856051056826}. Best is trial 32 with value: 0.38394216433573325.
checkpoint_e23 window_influence: 0.46794015073193967, penalty_k: 0.44970442030914493, scale_lr: 0.35708908151395102, EAO: 0.303
Trial 810 finished with value: 0.3026271280959422 and parameters: {'window_influence': 0.4679401507319397, 'penalty_k': 0.4497044203091449, 'scale_lr': 0.357089081513951}. Best is trial 32 with value: 0.38394216433573325.
checkpoint_e23 window_influence: 0.48447113314971640, penalty_k: 0.18673360367900876, scale_lr: 0.17322601988804648, EAO: 0.329
Trial 811 finished with value: 0.32924607419318264 and parameters: {'window_influence': 0.4844711331497164, 'penalty_k': 0.18673360367900876, 'scale_lr': 0.17322601988804648}. Best is trial 32 with value: 0.38394216433573325.
checkpoint_e23 window_influence: 0.50638015055390606, penalty_k: 0.08090479099068952, scale_lr: 0.22525513685268575, EAO: 0.354
Trial 812 finished with value: 0.3541042322314667 and parameters: {'window_influence': 0.5063801505539061, 'penalty_k': 0.08090479099068952, 'scale_lr': 0.22525513685268575}. Best is trial 32 with value: 0.38394216433573325.
checkpoint_e23 window_influence: 0.47585965955876397, penalty_k: 0.01166637629644914, scale_lr: 0.38138829356602866, EAO: 0.345
Trial 813 finished with value: 0.3445572770755115 and parameters: {'window_influence': 0.47585965955876397, 'penalty_k': 0.011666376296449142, 'scale_lr': 0.38138829356602866}. Best is trial 32 with value: 0.38394216433573325.
checkpoint_e23 window_influence: 0.51585077524904188, penalty_k: 0.15513444307200952, scale_lr: 0.39652375417927505, EAO: 0.311
Trial 814 finished with value: 0.3108879367201245 and parameters: {'window_influence': 0.5158507752490419, 'penalty_k': 0.15513444307200952, 'scale_lr': 0.39652375417927505}. Best is trial 32 with value: 0.38394216433573325.
checkpoint_e23 window_influence: 0.19415907232509105, penalty_k: 0.11679613481596084, scale_lr: 0.41277933700193314, EAO: 0.293
Trial 815 finished with value: 0.2926245859392886 and parameters: {'window_influence': 0.19415907232509105, 'penalty_k': 0.11679613481596084, 'scale_lr': 0.41277933700193314}. Best is trial 32 with value: 0.38394216433573325.
checkpoint_e23 window_influence: 0.10925003625473220, penalty_k: 0.06401737954529176, scale_lr: 0.53273173031872834, EAO: 0.269
Trial 816 finished with value: 0.2694957989199152 and parameters: {'window_influence': 0.1092500362547322, 'penalty_k': 0.06401737954529176, 'scale_lr': 0.5327317303187283}. Best is trial 32 with value: 0.38394216433573325.
checkpoint_e23 window_influence: 0.05926094849715197, penalty_k: 0.17442726125845559, scale_lr: 0.37297255507395499, EAO: 0.234
Trial 817 finished with value: 0.23360479921682337 and parameters: {'window_influence': 0.059260948497151966, 'penalty_k': 0.1744272612584556, 'scale_lr': 0.372972555073955}. Best is trial 32 with value: 0.38394216433573325.
checkpoint_e23 window_influence: 0.48961404443202922, penalty_k: 0.00019713907819576, scale_lr: 0.56266774784174245, EAO: 0.365
Trial 818 finished with value: 0.36480442292495463 and parameters: {'window_influence': 0.4896140444320292, 'penalty_k': 0.00019713907819575926, 'scale_lr': 0.5626677478417424}. Best is trial 32 with value: 0.38394216433573325.
checkpoint_e23 window_influence: 0.44230459035023612, penalty_k: 0.00133895168954572, scale_lr: 0.38962687051815592, EAO: 0.334
Trial 819 finished with value: 0.334233042562982 and parameters: {'window_influence': 0.4423045903502361, 'penalty_k': 0.0013389516895457184, 'scale_lr': 0.3896268705181559}. Best is trial 32 with value: 0.38394216433573325.
checkpoint_e23 window_influence: 0.32824601148889354, penalty_k: 0.01028920153659359, scale_lr: 0.57889422361379184, EAO: 0.324
Trial 820 finished with value: 0.3243281652839267 and parameters: {'window_influence': 0.32824601148889354, 'penalty_k': 0.010289201536593587, 'scale_lr': 0.5788942236137918}. Best is trial 32 with value: 0.38394216433573325.
checkpoint_e23 window_influence: 0.45923518517020551, penalty_k: 0.28186217813891457, scale_lr: 0.35737883883059096, EAO: 0.327
Trial 821 finished with value: 0.32732650568049243 and parameters: {'window_influence': 0.4592351851702055, 'penalty_k': 0.28186217813891457, 'scale_lr': 0.35737883883059096}. Best is trial 32 with value: 0.38394216433573325.
checkpoint_e23 window_influence: 0.48490524373276289, penalty_k: 0.00098336866335400, scale_lr: 0.43203692856888659, EAO: 0.361
Trial 822 finished with value: 0.36084742165725053 and parameters: {'window_influence': 0.4849052437327629, 'penalty_k': 0.000983368663354002, 'scale_lr': 0.4320369285688866}. Best is trial 32 with value: 0.38394216433573325.
checkpoint_e23 window_influence: 0.05171335350677664, penalty_k: 0.02454447903396147, scale_lr: 0.40291092592951155, EAO: 0.264
Trial 823 finished with value: 0.2635707516034753 and parameters: {'window_influence': 0.05171335350677664, 'penalty_k': 0.024544479033961474, 'scale_lr': 0.40291092592951155}. Best is trial 32 with value: 0.38394216433573325.
checkpoint_e23 window_influence: 0.47086921911558194, penalty_k: 0.01543615736088702, scale_lr: 0.49271032478384241, EAO: 0.343
Trial 824 finished with value: 0.34256767994698845 and parameters: {'window_influence': 0.47086921911558194, 'penalty_k': 0.01543615736088702, 'scale_lr': 0.4927103247838424}. Best is trial 32 with value: 0.38394216433573325.
checkpoint_e23 window_influence: 0.54318924561442927, penalty_k: 0.03047310725289824, scale_lr: 0.47263971596156829, EAO: 0.327
Trial 825 finished with value: 0.3270525535720796 and parameters: {'window_influence': 0.5431892456144293, 'penalty_k': 0.030473107252898243, 'scale_lr': 0.4726397159615683}. Best is trial 32 with value: 0.38394216433573325.
checkpoint_e23 window_influence: 0.39239990741147679, penalty_k: 0.04230213356955840, scale_lr: 0.19611982090261343, EAO: 0.310
Trial 826 finished with value: 0.31037997219581087 and parameters: {'window_influence': 0.3923999074114768, 'penalty_k': 0.0423021335695584, 'scale_lr': 0.19611982090261343}. Best is trial 32 with value: 0.38394216433573325.
checkpoint_e23 window_influence: 0.40536423324084686, penalty_k: 0.01156427755277402, scale_lr: 0.37984865015862362, EAO: 0.335
Trial 827 finished with value: 0.33461004901488933 and parameters: {'window_influence': 0.40536423324084686, 'penalty_k': 0.011564277552774019, 'scale_lr': 0.3798486501586236}. Best is trial 32 with value: 0.38394216433573325.
checkpoint_e23 window_influence: 0.55538586710808557, penalty_k: 0.31998436888624704, scale_lr: 0.31932970399444660, EAO: 0.281
Trial 828 finished with value: 0.2808373564064271 and parameters: {'window_influence': 0.5553858671080856, 'penalty_k': 0.31998436888624704, 'scale_lr': 0.3193297039944466}. Best is trial 32 with value: 0.38394216433573325.
checkpoint_e23 window_influence: 0.48755342393908657, penalty_k: 0.02331178760993673, scale_lr: 0.41568702340660502, EAO: 0.353
Trial 829 finished with value: 0.3532351006097831 and parameters: {'window_influence': 0.48755342393908657, 'penalty_k': 0.023311787609936734, 'scale_lr': 0.415687023406605}. Best is trial 32 with value: 0.38394216433573325.
checkpoint_e23 window_influence: 0.42348149620985770, penalty_k: 0.03793600810903254, scale_lr: 0.59300773906730697, EAO: 0.326
Trial 830 finished with value: 0.3259779107593841 and parameters: {'window_influence': 0.4234814962098577, 'penalty_k': 0.03793600810903254, 'scale_lr': 0.593007739067307}. Best is trial 32 with value: 0.38394216433573325.
checkpoint_e23 window_influence: 0.21234061612700456, penalty_k: 0.34513040448083132, scale_lr: 0.36515974677726526, EAO: 0.294
Trial 831 finished with value: 0.2940719550337773 and parameters: {'window_influence': 0.21234061612700456, 'penalty_k': 0.3451304044808313, 'scale_lr': 0.36515974677726526}. Best is trial 32 with value: 0.38394216433573325.
checkpoint_e23 window_influence: 0.45913811419018991, penalty_k: 0.05102688480154186, scale_lr: 0.54641915023500809, EAO: 0.331
Trial 832 finished with value: 0.33114379424065465 and parameters: {'window_influence': 0.4591381141901899, 'penalty_k': 0.051026884801541855, 'scale_lr': 0.5464191502350081}. Best is trial 32 with value: 0.38394216433573325.
checkpoint_e23 window_influence: 0.47631666190925792, penalty_k: 0.01054247714187954, scale_lr: 0.64621408995162821, EAO: 0.323
Trial 833 finished with value: 0.3225718216557447 and parameters: {'window_influence': 0.4763166619092579, 'penalty_k': 0.010542477141879539, 'scale_lr': 0.6462140899516282}. Best is trial 32 with value: 0.38394216433573325.
checkpoint_e23 window_influence: 0.50168234750103047, penalty_k: 0.02178937442868495, scale_lr: 0.44942781296654044, EAO: 0.334
Trial 834 finished with value: 0.3337044504829882 and parameters: {'window_influence': 0.5016823475010305, 'penalty_k': 0.02178937442868495, 'scale_lr': 0.44942781296654044}. Best is trial 32 with value: 0.38394216433573325.
checkpoint_e23 window_influence: 0.15934689493239276, penalty_k: 0.00097477756210135, scale_lr: 0.26674644970540606, EAO: 0.278
Trial 835 finished with value: 0.2782524189828435 and parameters: {'window_influence': 0.15934689493239276, 'penalty_k': 0.0009747775621013493, 'scale_lr': 0.26674644970540606}. Best is trial 32 with value: 0.38394216433573325.
checkpoint_e23 window_influence: 0.22280529419876233, penalty_k: 0.23287983483867397, scale_lr: 0.39294627680200206, EAO: 0.301
Trial 836 finished with value: 0.30072679031451854 and parameters: {'window_influence': 0.22280529419876233, 'penalty_k': 0.23287983483867397, 'scale_lr': 0.39294627680200206}. Best is trial 32 with value: 0.38394216433573325.
checkpoint_e23 window_influence: 0.44761714131050545, penalty_k: 0.03415675309219979, scale_lr: 0.33896298694464960, EAO: 0.362
Trial 837 finished with value: 0.3616677490189845 and parameters: {'window_influence': 0.44761714131050545, 'penalty_k': 0.034156753092199794, 'scale_lr': 0.3389629869446496}. Best is trial 32 with value: 0.38394216433573325.
checkpoint_e23 window_influence: 0.43703586808101985, penalty_k: 0.03187460621703353, scale_lr: 0.29279722685358844, EAO: 0.349
Trial 838 finished with value: 0.34924940446007574 and parameters: {'window_influence': 0.43703586808101985, 'penalty_k': 0.03187460621703353, 'scale_lr': 0.29279722685358844}. Best is trial 32 with value: 0.38394216433573325.
checkpoint_e23 window_influence: 0.44229438004522520, penalty_k: 0.40890784697927152, scale_lr: 0.31927257802493725, EAO: 0.336
Trial 839 finished with value: 0.33604316743895235 and parameters: {'window_influence': 0.4422943800452252, 'penalty_k': 0.4089078469792715, 'scale_lr': 0.31927257802493725}. Best is trial 32 with value: 0.38394216433573325.
checkpoint_e23 window_influence: 0.20093750153321185, penalty_k: 0.04011240876101131, scale_lr: 0.33392335340233231, EAO: 0.291
Trial 840 finished with value: 0.29139974864076545 and parameters: {'window_influence': 0.20093750153321185, 'penalty_k': 0.04011240876101131, 'scale_lr': 0.3339233534023323}. Best is trial 32 with value: 0.38394216433573325.
checkpoint_e23 window_influence: 0.45516116569726600, penalty_k: 0.02081549259258520, scale_lr: 0.33074626064757495, EAO: 0.321
Trial 841 finished with value: 0.3213818149807852 and parameters: {'window_influence': 0.455161165697266, 'penalty_k': 0.020815492592585198, 'scale_lr': 0.33074626064757495}. Best is trial 32 with value: 0.38394216433573325.
checkpoint_e23 window_influence: 0.46518927241240049, penalty_k: 0.03178930140368464, scale_lr: 0.13780229614057554, EAO: 0.314
Trial 842 finished with value: 0.31359092728869 and parameters: {'window_influence': 0.4651892724124005, 'penalty_k': 0.03178930140368464, 'scale_lr': 0.13780229614057554}. Best is trial 32 with value: 0.38394216433573325.
checkpoint_e23 window_influence: 0.44822150926625876, penalty_k: 0.04771257920501019, scale_lr: 0.34631551509554587, EAO: 0.323
Trial 843 finished with value: 0.3225614329372399 and parameters: {'window_influence': 0.44822150926625876, 'penalty_k': 0.047712579205010194, 'scale_lr': 0.34631551509554587}. Best is trial 32 with value: 0.38394216433573325.
checkpoint_e23 window_influence: 0.24665836515430356, penalty_k: 0.00018507962858836, scale_lr: 0.52574102667672029, EAO: 0.305
Trial 844 finished with value: 0.3053021859450099 and parameters: {'window_influence': 0.24665836515430356, 'penalty_k': 0.00018507962858836058, 'scale_lr': 0.5257410266767203}. Best is trial 32 with value: 0.38394216433573325.
checkpoint_e23 window_influence: 0.46597965168789390, penalty_k: 0.01560616384530580, scale_lr: 0.55846771827734576, EAO: 0.345
Trial 845 finished with value: 0.3448146850682418 and parameters: {'window_influence': 0.4659796516878939, 'penalty_k': 0.0156061638453058, 'scale_lr': 0.5584677182773458}. Best is trial 32 with value: 0.38394216433573325.
checkpoint_e23 window_influence: 0.45427874854328298, penalty_k: 0.51838371496089064, scale_lr: 0.30904251849223729, EAO: 0.320
Trial 846 finished with value: 0.32021284312125775 and parameters: {'window_influence': 0.454278748543283, 'penalty_k': 0.5183837149608906, 'scale_lr': 0.3090425184922373}. Best is trial 32 with value: 0.38394216433573325.
checkpoint_e23 window_influence: 0.47630457361313938, penalty_k: 0.03086979705942259, scale_lr: 0.42286157860885260, EAO: 0.351
Trial 847 finished with value: 0.35053173194599524 and parameters: {'window_influence': 0.4763045736131394, 'penalty_k': 0.03086979705942259, 'scale_lr': 0.4228615786088526}. Best is trial 32 with value: 0.38394216433573325.
checkpoint_e23 window_influence: 0.46471078754032719, penalty_k: 0.01172103966589920, scale_lr: 0.50175490130871536, EAO: 0.341
Trial 848 finished with value: 0.3405000597586428 and parameters: {'window_influence': 0.4647107875403272, 'penalty_k': 0.011721039665899203, 'scale_lr': 0.5017549013087154}. Best is trial 32 with value: 0.38394216433573325.
checkpoint_e23 window_influence: 0.44905107987047610, penalty_k: 0.04465510755236470, scale_lr: 0.73987252429622563, EAO: 0.343
Trial 849 finished with value: 0.3426085122596429 and parameters: {'window_influence': 0.4490510798704761, 'penalty_k': 0.044655107552364695, 'scale_lr': 0.7398725242962256}. Best is trial 32 with value: 0.38394216433573325.
checkpoint_e23 window_influence: 0.42631777511903834, penalty_k: 0.02234747951589502, scale_lr: 0.40536348932194011, EAO: 0.345
Trial 850 finished with value: 0.34475957628354026 and parameters: {'window_influence': 0.42631777511903834, 'penalty_k': 0.02234747951589502, 'scale_lr': 0.4053634893219401}. Best is trial 32 with value: 0.38394216433573325.
checkpoint_e23 window_influence: 0.48553574444360698, penalty_k: 0.00006928282522377, scale_lr: 0.43581974940164520, EAO: 0.341
Trial 851 finished with value: 0.3408435176086797 and parameters: {'window_influence': 0.485535744443607, 'penalty_k': 6.928282522377077e-05, 'scale_lr': 0.4358197494016452}. Best is trial 32 with value: 0.38394216433573325.
checkpoint_e23 window_influence: 0.36773076468115751, penalty_k: 0.24401343116304780, scale_lr: 0.45615298097779555, EAO: 0.324
Trial 852 finished with value: 0.32437712580313477 and parameters: {'window_influence': 0.3677307646811575, 'penalty_k': 0.2440134311630478, 'scale_lr': 0.45615298097779555}. Best is trial 32 with value: 0.38394216433573325.
checkpoint_e23 window_influence: 0.41744044423320004, penalty_k: 0.05266353615823254, scale_lr: 0.34628551976724398, EAO: 0.320
Trial 853 finished with value: 0.3200591288883862 and parameters: {'window_influence': 0.41744044423320004, 'penalty_k': 0.052663536158232535, 'scale_lr': 0.346285519767244}. Best is trial 32 with value: 0.38394216433573325.
checkpoint_e23 window_influence: 0.43518487564665526, penalty_k: 0.30194816883998343, scale_lr: 0.28194720625368497, EAO: 0.326
Trial 854 finished with value: 0.3257851118243622 and parameters: {'window_influence': 0.43518487564665526, 'penalty_k': 0.30194816883998343, 'scale_lr': 0.28194720625368497}. Best is trial 32 with value: 0.38394216433573325.
checkpoint_e23 window_influence: 0.31972450933588142, penalty_k: 0.03368664797434659, scale_lr: 0.48465728086424925, EAO: 0.311
Trial 855 finished with value: 0.31064108379388133 and parameters: {'window_influence': 0.3197245093358814, 'penalty_k': 0.03368664797434659, 'scale_lr': 0.48465728086424925}. Best is trial 32 with value: 0.38394216433573325.
checkpoint_e23 window_influence: 0.47437661083754418, penalty_k: 0.01337026523001539, scale_lr: 0.21709132173054624, EAO: 0.318
Trial 856 finished with value: 0.3175609543165808 and parameters: {'window_influence': 0.4743766108375442, 'penalty_k': 0.013370265230015388, 'scale_lr': 0.21709132173054624}. Best is trial 32 with value: 0.38394216433573325.
checkpoint_e23 window_influence: 0.37576867044920831, penalty_k: 0.04116168707938486, scale_lr: 0.38359414526720476, EAO: 0.332
Trial 857 finished with value: 0.33228880172805564 and parameters: {'window_influence': 0.3757686704492083, 'penalty_k': 0.04116168707938486, 'scale_lr': 0.38359414526720476}. Best is trial 32 with value: 0.38394216433573325.
checkpoint_e23 window_influence: 0.48901540027107754, penalty_k: 0.17281188006342085, scale_lr: 0.40371908140200879, EAO: 0.336
Trial 858 finished with value: 0.336205009704434 and parameters: {'window_influence': 0.48901540027107754, 'penalty_k': 0.17281188006342085, 'scale_lr': 0.4037190814020088}. Best is trial 32 with value: 0.38394216433573325.
checkpoint_e23 window_influence: 0.46588103048841423, penalty_k: 0.20925943637214964, scale_lr: 0.54327923661259681, EAO: 0.353
Trial 859 finished with value: 0.3529321741501181 and parameters: {'window_influence': 0.4658810304884142, 'penalty_k': 0.20925943637214964, 'scale_lr': 0.5432792366125968}. Best is trial 32 with value: 0.38394216433573325.
checkpoint_e23 window_influence: 0.47863278550943472, penalty_k: 0.43722881225362287, scale_lr: 0.19211972652882053, EAO: 0.310
Trial 860 finished with value: 0.31036105578047757 and parameters: {'window_influence': 0.4786327855094347, 'penalty_k': 0.43722881225362287, 'scale_lr': 0.19211972652882053}. Best is trial 32 with value: 0.38394216433573325.
checkpoint_e23 window_influence: 0.38882547253707189, penalty_k: 0.05776404901531576, scale_lr: 0.57111570961531344, EAO: 0.331
Trial 861 finished with value: 0.33134745101984375 and parameters: {'window_influence': 0.3888254725370719, 'penalty_k': 0.05776404901531576, 'scale_lr': 0.5711157096153134}. Best is trial 32 with value: 0.38394216433573325.
checkpoint_e23 window_influence: 0.57763743771561027, penalty_k: 0.16554477100545184, scale_lr: 0.52012587436825586, EAO: 0.283
Trial 862 finished with value: 0.28263105086779317 and parameters: {'window_influence': 0.5776374377156103, 'penalty_k': 0.16554477100545184, 'scale_lr': 0.5201258743682559}. Best is trial 32 with value: 0.38394216433573325.
checkpoint_e23 window_influence: 0.45390268295190173, penalty_k: 0.59526231161395882, scale_lr: 0.37503685661412384, EAO: 0.306
Trial 863 finished with value: 0.305787176357633 and parameters: {'window_influence': 0.4539026829519017, 'penalty_k': 0.5952623116139588, 'scale_lr': 0.37503685661412384}. Best is trial 32 with value: 0.38394216433573325.
checkpoint_e23 window_influence: 0.23820446795014744, penalty_k: 0.32929399537423615, scale_lr: 0.46819088449524354, EAO: 0.300
Trial 864 finished with value: 0.29950693000383416 and parameters: {'window_influence': 0.23820446795014744, 'penalty_k': 0.32929399537423615, 'scale_lr': 0.46819088449524354}. Best is trial 32 with value: 0.38394216433573325.
checkpoint_e23 window_influence: 0.34782722478910028, penalty_k: 0.02205813793747178, scale_lr: 0.62681448810996698, EAO: 0.312
Trial 865 finished with value: 0.3120403603473062 and parameters: {'window_influence': 0.3478272247891003, 'penalty_k': 0.022058137937471776, 'scale_lr': 0.626814488109967}. Best is trial 32 with value: 0.38394216433573325.
checkpoint_e23 window_influence: 0.49371546519310139, penalty_k: 0.00010647945520084, scale_lr: 0.42289066854328983, EAO: 0.339
Trial 866 finished with value: 0.33949785856421355 and parameters: {'window_influence': 0.4937154651931014, 'penalty_k': 0.0001064794552008387, 'scale_lr': 0.4228906685432898}. Best is trial 32 with value: 0.38394216433573325.
checkpoint_e23 window_influence: 0.47032605845773123, penalty_k: 0.03161126710903928, scale_lr: 0.39532212840263320, EAO: 0.341
Trial 867 finished with value: 0.3406552338414619 and parameters: {'window_influence': 0.47032605845773123, 'penalty_k': 0.03161126710903928, 'scale_lr': 0.3953221284026332}. Best is trial 32 with value: 0.38394216433573325.
checkpoint_e23 window_influence: 0.48397234930469174, penalty_k: 0.01435276173135776, scale_lr: 0.35513750510421849, EAO: 0.348
