Trial 762 finished with value: 0.28244056445383375 and parameters: {'window_influence': 0.4743695924642341, 'penalty_k': 0.59842613907953, 'scale_lr': 0.42367890810936515}. Best is trial 374 with value: 0.3602400896382239.
checkpoint_e24 window_influence: 0.50344279284462246, penalty_k: 0.45262114883147692, scale_lr: 0.55874827192940313, EAO: 0.306
Trial 763 finished with value: 0.3063259905182434 and parameters: {'window_influence': 0.5034427928446225, 'penalty_k': 0.4526211488314769, 'scale_lr': 0.5587482719294031}. Best is trial 374 with value: 0.3602400896382239.
checkpoint_e24 window_influence: 0.64900104875818609, penalty_k: 0.29047830223942628, scale_lr: 0.58369380923810044, EAO: 0.233
Trial 764 finished with value: 0.23260253169193343 and parameters: {'window_influence': 0.6490010487581861, 'penalty_k': 0.2904783022394263, 'scale_lr': 0.5836938092381004}. Best is trial 374 with value: 0.3602400896382239.
checkpoint_e24 window_influence: 0.45483335620045462, penalty_k: 0.47011492280470163, scale_lr: 0.53279371164673839, EAO: 0.301
Trial 765 finished with value: 0.3006294602781882 and parameters: {'window_influence': 0.4548333562004546, 'penalty_k': 0.47011492280470163, 'scale_lr': 0.5327937116467384}. Best is trial 374 with value: 0.3602400896382239.
checkpoint_e24 window_influence: 0.32138535808693780, penalty_k: 0.41907498779752156, scale_lr: 0.46290219974259422, EAO: 0.300
Trial 766 finished with value: 0.30029750339947786 and parameters: {'window_influence': 0.3213853580869378, 'penalty_k': 0.41907498779752156, 'scale_lr': 0.4629021997425942}. Best is trial 374 with value: 0.3602400896382239.
checkpoint_e24 window_influence: 0.26220166501120068, penalty_k: 0.12977619928313877, scale_lr: 0.49840750724242211, EAO: 0.302
Trial 767 finished with value: 0.30214084209403175 and parameters: {'window_influence': 0.2622016650112007, 'penalty_k': 0.12977619928313877, 'scale_lr': 0.4984075072424221}. Best is trial 374 with value: 0.3602400896382239.
checkpoint_e24 window_influence: 0.48415313586627134, penalty_k: 0.01370211387570211, scale_lr: 0.54504230307498314, EAO: 0.317
Trial 768 finished with value: 0.31723360253447225 and parameters: {'window_influence': 0.48415313586627134, 'penalty_k': 0.01370211387570211, 'scale_lr': 0.5450423030749831}. Best is trial 374 with value: 0.3602400896382239.
checkpoint_e24 window_influence: 0.43375019352848537, penalty_k: 0.54025234802949185, scale_lr: 0.51543840060577084, EAO: 0.317
Trial 769 finished with value: 0.31668978100388895 and parameters: {'window_influence': 0.4337501935284854, 'penalty_k': 0.5402523480294918, 'scale_lr': 0.5154384006057708}. Best is trial 374 with value: 0.3602400896382239.
checkpoint_e24 window_influence: 0.46390065179181317, penalty_k: 0.57034267138654704, scale_lr: 0.30761283221176416, EAO: 0.285
Trial 770 finished with value: 0.2851249361084593 and parameters: {'window_influence': 0.46390065179181317, 'penalty_k': 0.570342671386547, 'scale_lr': 0.30761283221176416}. Best is trial 374 with value: 0.3602400896382239.
checkpoint_e24 window_influence: 0.50305270778022471, penalty_k: 0.05787394375896052, scale_lr: 0.75824907903307004, EAO: 0.322
Trial 771 finished with value: 0.32182938863563165 and parameters: {'window_influence': 0.5030527077802247, 'penalty_k': 0.057873943758960524, 'scale_lr': 0.75824907903307}. Best is trial 374 with value: 0.3602400896382239.
checkpoint_e24 window_influence: 0.63664984854455897, penalty_k: 0.39473054176094935, scale_lr: 0.11382867960182830, EAO: 0.242
Trial 772 finished with value: 0.24195277453164646 and parameters: {'window_influence': 0.636649848544559, 'penalty_k': 0.39473054176094935, 'scale_lr': 0.1138286796018283}. Best is trial 374 with value: 0.3602400896382239.
checkpoint_e24 window_influence: 0.60393118873249241, penalty_k: 0.09344561361306543, scale_lr: 0.48201141257557667, EAO: 0.246
Trial 773 finished with value: 0.2460005260743056 and parameters: {'window_influence': 0.6039311887324924, 'penalty_k': 0.09344561361306543, 'scale_lr': 0.48201141257557667}. Best is trial 374 with value: 0.3602400896382239.
checkpoint_e24 window_influence: 0.42468157590643485, penalty_k: 0.22521526503588107, scale_lr: 0.57048454397090897, EAO: 0.301
Trial 774 finished with value: 0.301156077171578 and parameters: {'window_influence': 0.42468157590643485, 'penalty_k': 0.22521526503588107, 'scale_lr': 0.570484543970909}. Best is trial 374 with value: 0.3602400896382239.
checkpoint_e24 window_influence: 0.44766353100515499, penalty_k: 0.03705679922476927, scale_lr: 0.52533404134234918, EAO: 0.326
Trial 775 finished with value: 0.3259048316381321 and parameters: {'window_influence': 0.447663531005155, 'penalty_k': 0.03705679922476927, 'scale_lr': 0.5253340413423492}. Best is trial 374 with value: 0.3602400896382239.
checkpoint_e24 window_influence: 0.51772353544193095, penalty_k: 0.11400093471860763, scale_lr: 0.65931591708028869, EAO: 0.309
Trial 776 finished with value: 0.3092953300081802 and parameters: {'window_influence': 0.517723535441931, 'penalty_k': 0.11400093471860763, 'scale_lr': 0.6593159170802887}. Best is trial 374 with value: 0.3602400896382239.
checkpoint_e24 window_influence: 0.47479182653865959, penalty_k: 0.31144777790626810, scale_lr: 0.19367082020796317, EAO: 0.290
Trial 777 finished with value: 0.2899305274282448 and parameters: {'window_influence': 0.4747918265386596, 'penalty_k': 0.3114477779062681, 'scale_lr': 0.19367082020796317}. Best is trial 374 with value: 0.3602400896382239.
checkpoint_e24 window_influence: 0.49333827126130353, penalty_k: 0.47950702164205511, scale_lr: 0.58984203010092839, EAO: 0.308
Trial 778 finished with value: 0.30840729982936427 and parameters: {'window_influence': 0.49333827126130353, 'penalty_k': 0.4795070216420551, 'scale_lr': 0.5898420301009284}. Best is trial 374 with value: 0.3602400896382239.
checkpoint_e24 window_influence: 0.55954191582140256, penalty_k: 0.55591938793136242, scale_lr: 0.49958593144539531, EAO: 0.262
Trial 779 finished with value: 0.26181040849203263 and parameters: {'window_influence': 0.5595419158214026, 'penalty_k': 0.5559193879313624, 'scale_lr': 0.4995859314453953}. Best is trial 374 with value: 0.3602400896382239.
checkpoint_e24 window_influence: 0.40311300978260994, penalty_k: 0.07891713214705767, scale_lr: 0.68616823273937078, EAO: 0.303
Trial 780 finished with value: 0.30312365879112646 and parameters: {'window_influence': 0.40311300978260994, 'penalty_k': 0.07891713214705767, 'scale_lr': 0.6861682327393708}. Best is trial 374 with value: 0.3602400896382239.
checkpoint_e24 window_influence: 0.19158763898775971, penalty_k: 0.34461586759122709, scale_lr: 0.11521019280975009, EAO: 0.268
Trial 781 finished with value: 0.26761950442299304 and parameters: {'window_influence': 0.1915876389877597, 'penalty_k': 0.3446158675912271, 'scale_lr': 0.11521019280975009}. Best is trial 374 with value: 0.3602400896382239.
checkpoint_e24 window_influence: 0.46209815198937265, penalty_k: 0.44002330596719808, scale_lr: 0.14009776173115124, EAO: 0.272
Trial 782 finished with value: 0.27161741343685625 and parameters: {'window_influence': 0.46209815198937265, 'penalty_k': 0.4400233059671981, 'scale_lr': 0.14009776173115124}. Best is trial 374 with value: 0.3602400896382239.
checkpoint_e24 window_influence: 0.48153138294099584, penalty_k: 0.24390356647247072, scale_lr: 0.16240909763632710, EAO: 0.317
Trial 783 finished with value: 0.31687425935082864 and parameters: {'window_influence': 0.48153138294099584, 'penalty_k': 0.24390356647247072, 'scale_lr': 0.1624090976363271}. Best is trial 374 with value: 0.3602400896382239.
checkpoint_e24 window_influence: 0.53054136792833972, penalty_k: 0.10232404733031093, scale_lr: 0.33877493348810778, EAO: 0.314
Trial 784 finished with value: 0.31370418620248713 and parameters: {'window_influence': 0.5305413679283397, 'penalty_k': 0.10232404733031093, 'scale_lr': 0.3387749334881078}. Best is trial 374 with value: 0.3602400896382239.
checkpoint_e24 window_influence: 0.62987500499331595, penalty_k: 0.40949480752364348, scale_lr: 0.53888640025009005, EAO: 0.236
Trial 785 finished with value: 0.23596673960351758 and parameters: {'window_influence': 0.629875004993316, 'penalty_k': 0.4094948075236435, 'scale_lr': 0.53888640025009}. Best is trial 374 with value: 0.3602400896382239.
checkpoint_e24 window_influence: 0.44246333313501529, penalty_k: 0.25704227181450534, scale_lr: 0.51085429389401460, EAO: 0.324
Trial 786 finished with value: 0.32418194482762525 and parameters: {'window_influence': 0.4424633331350153, 'penalty_k': 0.25704227181450534, 'scale_lr': 0.5108542938940146}. Best is trial 374 with value: 0.3602400896382239.
checkpoint_e24 window_influence: 0.10169627885844593, penalty_k: 0.16250317828233993, scale_lr: 0.61851238205447268, EAO: 0.272
Trial 787 finished with value: 0.2718424690372749 and parameters: {'window_influence': 0.10169627885844593, 'penalty_k': 0.16250317828233993, 'scale_lr': 0.6185123820544727}. Best is trial 374 with value: 0.3602400896382239.
checkpoint_e24 window_influence: 0.28189112181455633, penalty_k: 0.28010166053498359, scale_lr: 0.56074750473636259, EAO: 0.317
Trial 788 finished with value: 0.317473463627151 and parameters: {'window_influence': 0.28189112181455633, 'penalty_k': 0.2801016605349836, 'scale_lr': 0.5607475047363626}. Best is trial 374 with value: 0.3602400896382239.
checkpoint_e24 window_influence: 0.07648842900634423, penalty_k: 0.49538130500970579, scale_lr: 0.64207174390523003, EAO: 0.229
Trial 789 finished with value: 0.2286624165708453 and parameters: {'window_influence': 0.07648842900634423, 'penalty_k': 0.4953813050097058, 'scale_lr': 0.64207174390523}. Best is trial 374 with value: 0.3602400896382239.
checkpoint_e24 window_influence: 0.49400076480693605, penalty_k: 0.20145680368770963, scale_lr: 0.48487519352017155, EAO: 0.325
Trial 790 finished with value: 0.3245972135767399 and parameters: {'window_influence': 0.49400076480693605, 'penalty_k': 0.20145680368770963, 'scale_lr': 0.48487519352017155}. Best is trial 374 with value: 0.3602400896382239.
checkpoint_e24 window_influence: 0.21403167806382609, penalty_k: 0.51988072983653577, scale_lr: 0.71193505063122131, EAO: 0.276
Trial 791 finished with value: 0.27638144414248633 and parameters: {'window_influence': 0.2140316780638261, 'penalty_k': 0.5198807298365358, 'scale_lr': 0.7119350506312213}. Best is trial 374 with value: 0.3602400896382239.
checkpoint_e24 window_influence: 0.47101548337255594, penalty_k: 0.04685386404912847, scale_lr: 0.62784365939375542, EAO: 0.330
Trial 792 finished with value: 0.330490445928351 and parameters: {'window_influence': 0.47101548337255594, 'penalty_k': 0.04685386404912847, 'scale_lr': 0.6278436593937554}. Best is trial 374 with value: 0.3602400896382239.
checkpoint_e24 window_influence: 0.29401044750035243, penalty_k: 0.13125850674738954, scale_lr: 0.60653278678530864, EAO: 0.304
Trial 793 finished with value: 0.30364312938910976 and parameters: {'window_influence': 0.29401044750035243, 'penalty_k': 0.13125850674738954, 'scale_lr': 0.6065327867853086}. Best is trial 374 with value: 0.3602400896382239.
checkpoint_e24 window_influence: 0.45610595913007795, penalty_k: 0.57742632540035277, scale_lr: 0.46844642974135203, EAO: 0.309
Trial 794 finished with value: 0.30939526258739514 and parameters: {'window_influence': 0.45610595913007795, 'penalty_k': 0.5774263254003528, 'scale_lr': 0.46844642974135203}. Best is trial 374 with value: 0.3602400896382239.
checkpoint_e24 window_influence: 0.51126137426757212, penalty_k: 0.02925722980501001, scale_lr: 0.53074487297811102, EAO: 0.316
Trial 795 finished with value: 0.3158894119791484 and parameters: {'window_influence': 0.5112613742675721, 'penalty_k': 0.029257229805010013, 'scale_lr': 0.530744872978111}. Best is trial 374 with value: 0.3602400896382239.
checkpoint_e24 window_influence: 0.48623399342101314, penalty_k: 0.42900706544314821, scale_lr: 0.73075711395083165, EAO: 0.306
Trial 796 finished with value: 0.30607995640211066 and parameters: {'window_influence': 0.48623399342101314, 'penalty_k': 0.4290070654431482, 'scale_lr': 0.7307571139508316}. Best is trial 374 with value: 0.3602400896382239.
checkpoint_e24 window_influence: 0.47194146189561936, penalty_k: 0.18577235204720038, scale_lr: 0.36707327456837480, EAO: 0.298
Trial 797 finished with value: 0.2978178274306806 and parameters: {'window_influence': 0.47194146189561936, 'penalty_k': 0.18577235204720038, 'scale_lr': 0.3670732745683748}. Best is trial 374 with value: 0.3602400896382239.
checkpoint_e24 window_influence: 0.42914417674435174, penalty_k: 0.08787713530817268, scale_lr: 0.17296181657205140, EAO: 0.310
Trial 798 finished with value: 0.3103566731576326 and parameters: {'window_influence': 0.42914417674435174, 'penalty_k': 0.08787713530817268, 'scale_lr': 0.1729618165720514}. Best is trial 374 with value: 0.3602400896382239.
checkpoint_e24 window_influence: 0.53939096308032952, penalty_k: 0.26926508722769216, scale_lr: 0.25974081242861730, EAO: 0.293
Trial 799 finished with value: 0.293276036179947 and parameters: {'window_influence': 0.5393909630803295, 'penalty_k': 0.26926508722769216, 'scale_lr': 0.2597408124286173}. Best is trial 374 with value: 0.3602400896382239.
checkpoint_e24 window_influence: 0.45618677472809732, penalty_k: 0.15220253772779097, scale_lr: 0.43738314547925411, EAO: 0.324
Trial 800 finished with value: 0.32371090300352195 and parameters: {'window_influence': 0.4561867747280973, 'penalty_k': 0.15220253772779097, 'scale_lr': 0.4373831454792541}. Best is trial 374 with value: 0.3602400896382239.
checkpoint_e24 window_influence: 0.50186513452249448, penalty_k: 0.46119411067974475, scale_lr: 0.74214311602878524, EAO: 0.303
Trial 801 finished with value: 0.30311848774030514 and parameters: {'window_influence': 0.5018651345224945, 'penalty_k': 0.46119411067974475, 'scale_lr': 0.7421431160287852}. Best is trial 374 with value: 0.3602400896382239.
checkpoint_e24 window_influence: 0.57868023398807533, penalty_k: 0.11662249123741961, scale_lr: 0.49610385640906890, EAO: 0.262
Trial 802 finished with value: 0.26202299848836685 and parameters: {'window_influence': 0.5786802339880753, 'penalty_k': 0.1166224912374196, 'scale_lr': 0.4961038564090689}. Best is trial 374 with value: 0.3602400896382239.
checkpoint_e24 window_influence: 0.48160653326024017, penalty_k: 0.37643933489326081, scale_lr: 0.20997069337362573, EAO: 0.296
Trial 803 finished with value: 0.2960296436738411 and parameters: {'window_influence': 0.48160653326024017, 'penalty_k': 0.3764393348932608, 'scale_lr': 0.20997069337362573}. Best is trial 374 with value: 0.3602400896382239.
checkpoint_e24 window_influence: 0.44160384514288603, penalty_k: 0.53771440094767819, scale_lr: 0.51020817511694905, EAO: 0.303
Trial 804 finished with value: 0.3025899344497154 and parameters: {'window_influence': 0.44160384514288603, 'penalty_k': 0.5377144009476782, 'scale_lr': 0.510208175116949}. Best is trial 374 with value: 0.3602400896382239.
checkpoint_e24 window_influence: 0.46811505988737712, penalty_k: 0.23482596560725527, scale_lr: 0.55109554412774431, EAO: 0.334
Trial 805 finished with value: 0.33399395638866647 and parameters: {'window_influence': 0.4681150598873771, 'penalty_k': 0.23482596560725527, 'scale_lr': 0.5510955441277443}. Best is trial 374 with value: 0.3602400896382239.
checkpoint_e24 window_influence: 0.12840873105072839, penalty_k: 0.55106838900100485, scale_lr: 0.58126811583850779, EAO: 0.237
Trial 806 finished with value: 0.23663350081629325 and parameters: {'window_influence': 0.1284087310507284, 'penalty_k': 0.5510683890010049, 'scale_lr': 0.5812681158385078}. Best is trial 374 with value: 0.3602400896382239.
checkpoint_e24 window_influence: 0.17628809362049166, penalty_k: 0.07462439251348571, scale_lr: 0.45255181961939911, EAO: 0.286
Trial 807 finished with value: 0.2861531666744544 and parameters: {'window_influence': 0.17628809362049166, 'penalty_k': 0.07462439251348571, 'scale_lr': 0.4525518196193991}. Best is trial 374 with value: 0.3602400896382239.
checkpoint_e24 window_influence: 0.49408633296956217, penalty_k: 0.30067108122621861, scale_lr: 0.51779639861110560, EAO: 0.326
Trial 808 finished with value: 0.3256297912811027 and parameters: {'window_influence': 0.49408633296956217, 'penalty_k': 0.3006710812262186, 'scale_lr': 0.5177963986111056}. Best is trial 374 with value: 0.3602400896382239.
checkpoint_e24 window_influence: 0.41988501755363783, penalty_k: 0.44700156795535079, scale_lr: 0.59596570271537297, EAO: 0.310
Trial 809 finished with value: 0.31015364019787267 and parameters: {'window_influence': 0.41988501755363783, 'penalty_k': 0.4470015679553508, 'scale_lr': 0.595965702715373}. Best is trial 374 with value: 0.3602400896382239.
checkpoint_e24 window_influence: 0.51489252959046850, penalty_k: 0.05985327270991578, scale_lr: 0.48571192867688623, EAO: 0.321
Trial 810 finished with value: 0.3212373199861801 and parameters: {'window_influence': 0.5148925295904685, 'penalty_k': 0.05985327270991578, 'scale_lr': 0.48571192867688623}. Best is trial 374 with value: 0.3602400896382239.
checkpoint_e24 window_influence: 0.07239032462502493, penalty_k: 0.39831211467760330, scale_lr: 0.54440951487609834, EAO: 0.240
Trial 811 finished with value: 0.23974111125394992 and parameters: {'window_influence': 0.07239032462502493, 'penalty_k': 0.3983121146776033, 'scale_lr': 0.5444095148760983}. Best is trial 374 with value: 0.3602400896382239.
checkpoint_e24 window_influence: 0.45371074234012010, penalty_k: 0.17392369471064589, scale_lr: 0.26398407569459237, EAO: 0.333
Trial 812 finished with value: 0.33270173899626454 and parameters: {'window_influence': 0.4537107423401201, 'penalty_k': 0.1739236947106459, 'scale_lr': 0.26398407569459237}. Best is trial 374 with value: 0.3602400896382239.
checkpoint_e24 window_influence: 0.48011099995550111, penalty_k: 0.21588056425489505, scale_lr: 0.56718905091272542, EAO: 0.319
Trial 813 finished with value: 0.31921292186247235 and parameters: {'window_influence': 0.4801109999555011, 'penalty_k': 0.21588056425489505, 'scale_lr': 0.5671890509127254}. Best is trial 374 with value: 0.3602400896382239.
checkpoint_e24 window_influence: 0.46755487444387028, penalty_k: 0.10311796493348122, scale_lr: 0.23006621343949096, EAO: 0.314
Trial 814 finished with value: 0.31369619338197 and parameters: {'window_influence': 0.4675548744438703, 'penalty_k': 0.10311796493348122, 'scale_lr': 0.23006621343949096}. Best is trial 374 with value: 0.3602400896382239.
checkpoint_e24 window_influence: 0.49785479452685988, penalty_k: 0.50511376874148073, scale_lr: 0.77651072211359018, EAO: 0.292
Trial 815 finished with value: 0.2923390051850085 and parameters: {'window_influence': 0.4978547945268599, 'penalty_k': 0.5051137687414807, 'scale_lr': 0.7765107221135902}. Best is trial 374 with value: 0.3602400896382239.
checkpoint_e24 window_influence: 0.44797709437731792, penalty_k: 0.36591740021483582, scale_lr: 0.52527030661592233, EAO: 0.305
Trial 816 finished with value: 0.3052013750670021 and parameters: {'window_influence': 0.4479770943773179, 'penalty_k': 0.3659174002148358, 'scale_lr': 0.5252703066159223}. Best is trial 374 with value: 0.3602400896382239.
checkpoint_e24 window_influence: 0.48899209182198694, penalty_k: 0.33610583305031672, scale_lr: 0.50070319573567601, EAO: 0.331
Trial 817 finished with value: 0.33103828752551095 and parameters: {'window_influence': 0.48899209182198694, 'penalty_k': 0.3361058330503167, 'scale_lr': 0.500703195735676}. Best is trial 374 with value: 0.3602400896382239.
checkpoint_e24 window_influence: 0.35490752782347257, penalty_k: 0.13956209426032934, scale_lr: 0.65025473482608132, EAO: 0.318
Trial 818 finished with value: 0.3177497419981641 and parameters: {'window_influence': 0.35490752782347257, 'penalty_k': 0.13956209426032934, 'scale_lr': 0.6502547348260813}. Best is trial 374 with value: 0.3602400896382239.
checkpoint_e24 window_influence: 0.38546594805927747, penalty_k: 0.52849055688667834, scale_lr: 0.53047774029480843, EAO: 0.306
Trial 819 finished with value: 0.3061935850038603 and parameters: {'window_influence': 0.3854659480592775, 'penalty_k': 0.5284905568866783, 'scale_lr': 0.5304777402948084}. Best is trial 374 with value: 0.3602400896382239.
checkpoint_e24 window_influence: 0.46564998383756429, penalty_k: 0.01271578336836844, scale_lr: 0.72105275974560912, EAO: 0.320
Trial 820 finished with value: 0.31965689268325553 and parameters: {'window_influence': 0.4656499838375643, 'penalty_k': 0.012715783368368441, 'scale_lr': 0.7210527597456091}. Best is trial 374 with value: 0.3602400896382239.
checkpoint_e24 window_influence: 0.36965610157611423, penalty_k: 0.25568358601151481, scale_lr: 0.67476804920749167, EAO: 0.302
Trial 821 finished with value: 0.3020474943785352 and parameters: {'window_influence': 0.3696561015761142, 'penalty_k': 0.2556835860115148, 'scale_lr': 0.6747680492074917}. Best is trial 374 with value: 0.3602400896382239.
checkpoint_e24 window_influence: 0.52497770755742101, penalty_k: 0.32071150872995363, scale_lr: 0.46354334349151316, EAO: 0.300
Trial 822 finished with value: 0.30007210008597096 and parameters: {'window_influence': 0.524977707557421, 'penalty_k': 0.32071150872995363, 'scale_lr': 0.46354334349151316}. Best is trial 374 with value: 0.3602400896382239.
checkpoint_e24 window_influence: 0.43373927471413171, penalty_k: 0.29258695177976984, scale_lr: 0.47959889865429234, EAO: 0.306
Trial 823 finished with value: 0.30577392545655546 and parameters: {'window_influence': 0.4337392747141317, 'penalty_k': 0.29258695177976984, 'scale_lr': 0.47959889865429234}. Best is trial 374 with value: 0.3602400896382239.
checkpoint_e24 window_influence: 0.11628483313167109, penalty_k: 0.58707720555519549, scale_lr: 0.69194854719149712, EAO: 0.234
