Trial 204 finished with value: 0.32732899173920255 and parameters: {'window_influence': 0.4613842725840602, 'penalty_k': 0.5056763921537996, 'scale_lr': 0.6704281704476557}. Best is trial 181 with value: 0.3438142961333234.
checkpoint_e24 window_influence: 0.42698419480775107, penalty_k: 0.49998750354159682, scale_lr: 0.65096153853019256, EAO: 0.300
Trial 205 finished with value: 0.299956959451219 and parameters: {'window_influence': 0.42698419480775107, 'penalty_k': 0.4999875035415968, 'scale_lr': 0.6509615385301926}. Best is trial 181 with value: 0.3438142961333234.
checkpoint_e24 window_influence: 0.45877663492735743, penalty_k: 0.51276965393965679, scale_lr: 0.66797998798942249, EAO: 0.322
Trial 206 finished with value: 0.3222002868290541 and parameters: {'window_influence': 0.45877663492735743, 'penalty_k': 0.5127696539396568, 'scale_lr': 0.6679799879894225}. Best is trial 181 with value: 0.3438142961333234.
checkpoint_e24 window_influence: 0.46732360011948404, penalty_k: 0.26416689281200556, scale_lr: 0.67532666248460105, EAO: 0.307
Trial 207 finished with value: 0.30730053451970396 and parameters: {'window_influence': 0.46732360011948404, 'penalty_k': 0.26416689281200556, 'scale_lr': 0.675326662484601}. Best is trial 181 with value: 0.3438142961333234.
checkpoint_e24 window_influence: 0.44587022997122649, penalty_k: 0.49577479815775749, scale_lr: 0.63199031257712512, EAO: 0.323
Trial 208 finished with value: 0.32253316949313715 and parameters: {'window_influence': 0.4458702299712265, 'penalty_k': 0.4957747981577575, 'scale_lr': 0.6319903125771251}. Best is trial 181 with value: 0.3438142961333234.
checkpoint_e24 window_influence: 0.49167439559919462, penalty_k: 0.52847863748947710, scale_lr: 0.60921303444692032, EAO: 0.291
Trial 209 finished with value: 0.29137501961294315 and parameters: {'window_influence': 0.4916743955991946, 'penalty_k': 0.5284786374894771, 'scale_lr': 0.6092130344469203}. Best is trial 181 with value: 0.3438142961333234.
checkpoint_e24 window_influence: 0.43417451940454038, penalty_k: 0.51126699907496764, scale_lr: 0.69423961812583623, EAO: 0.302
Trial 210 finished with value: 0.30224523899156297 and parameters: {'window_influence': 0.4341745194045404, 'penalty_k': 0.5112669990749676, 'scale_lr': 0.6942396181258362}. Best is trial 181 with value: 0.3438142961333234.
checkpoint_e24 window_influence: 0.45923602059130786, penalty_k: 0.55448973235730392, scale_lr: 0.58201638050162963, EAO: 0.343
Trial 211 finished with value: 0.34257563078913705 and parameters: {'window_influence': 0.45923602059130786, 'penalty_k': 0.5544897323573039, 'scale_lr': 0.5820163805016296}. Best is trial 181 with value: 0.3438142961333234.
checkpoint_e24 window_influence: 0.47696075014353911, penalty_k: 0.55014596450871767, scale_lr: 0.58824931747117604, EAO: 0.300
Trial 212 finished with value: 0.30023647259181574 and parameters: {'window_influence': 0.4769607501435391, 'penalty_k': 0.5501459645087177, 'scale_lr': 0.588249317471176}. Best is trial 181 with value: 0.3438142961333234.
checkpoint_e24 window_influence: 0.46114115344432555, penalty_k: 0.52299020780764105, scale_lr: 0.60762919284696792, EAO: 0.323
Trial 213 finished with value: 0.3234630231727422 and parameters: {'window_influence': 0.46114115344432555, 'penalty_k': 0.522990207807641, 'scale_lr': 0.6076291928469679}. Best is trial 181 with value: 0.3438142961333234.
checkpoint_e24 window_influence: 0.44697798649824427, penalty_k: 0.48283095945283844, scale_lr: 0.64322064925479283, EAO: 0.304
Trial 214 finished with value: 0.3035056988784775 and parameters: {'window_influence': 0.4469779864982443, 'penalty_k': 0.48283095945283844, 'scale_lr': 0.6432206492547928}. Best is trial 181 with value: 0.3438142961333234.
checkpoint_e24 window_influence: 0.46940746770768427, penalty_k: 0.53817814715579837, scale_lr: 0.57548502684177905, EAO: 0.321
Trial 215 finished with value: 0.3209255767935445 and parameters: {'window_influence': 0.46940746770768427, 'penalty_k': 0.5381781471557984, 'scale_lr': 0.575485026841779}. Best is trial 181 with value: 0.3438142961333234.
checkpoint_e24 window_influence: 0.19294395753562429, penalty_k: 0.58241422735807402, scale_lr: 0.66452273835138109, EAO: 0.267
Trial 216 finished with value: 0.26738151223743006 and parameters: {'window_influence': 0.1929439575356243, 'penalty_k': 0.582414227358074, 'scale_lr': 0.6645227383513811}. Best is trial 181 with value: 0.3438142961333234.
checkpoint_e24 window_influence: 0.45657629956761941, penalty_k: 0.56083569091269836, scale_lr: 0.62573129575652786, EAO: 0.320
Trial 217 finished with value: 0.319513210468719 and parameters: {'window_influence': 0.4565762995676194, 'penalty_k': 0.5608356909126984, 'scale_lr': 0.6257312957565279}. Best is trial 181 with value: 0.3438142961333234.
checkpoint_e24 window_influence: 0.43556594351130168, penalty_k: 0.50311119339153032, scale_lr: 0.39547591078886629, EAO: 0.325
Trial 218 finished with value: 0.3247771141941909 and parameters: {'window_influence': 0.4355659435113017, 'penalty_k': 0.5031111933915303, 'scale_lr': 0.3954759107888663}. Best is trial 181 with value: 0.3438142961333234.
checkpoint_e24 window_influence: 0.48480682645129913, penalty_k: 0.18373527361298775, scale_lr: 0.65709559991421063, EAO: 0.317
Trial 219 finished with value: 0.3166500769468597 and parameters: {'window_influence': 0.48480682645129913, 'penalty_k': 0.18373527361298775, 'scale_lr': 0.6570955999142106}. Best is trial 181 with value: 0.3438142961333234.
checkpoint_e24 window_influence: 0.42001121950236797, penalty_k: 0.55001620423768149, scale_lr: 0.58951749512859453, EAO: 0.323
Trial 220 finished with value: 0.3234030413604432 and parameters: {'window_influence': 0.42001121950236797, 'penalty_k': 0.5500162042376815, 'scale_lr': 0.5895174951285945}. Best is trial 181 with value: 0.3438142961333234.
checkpoint_e24 window_influence: 0.46747014925208991, penalty_k: 0.56568566575656698, scale_lr: 0.68324703645647000, EAO: 0.316
Trial 221 finished with value: 0.3160277646803207 and parameters: {'window_influence': 0.4674701492520899, 'penalty_k': 0.565685665756567, 'scale_lr': 0.68324703645647}. Best is trial 181 with value: 0.3438142961333234.
checkpoint_e24 window_influence: 0.45121436532092568, penalty_k: 0.53175117098728519, scale_lr: 0.61413696112381955, EAO: 0.319
Trial 222 finished with value: 0.3194929129418696 and parameters: {'window_influence': 0.4512143653209257, 'penalty_k': 0.5317511709872852, 'scale_lr': 0.6141369611238195}. Best is trial 181 with value: 0.3438142961333234.
checkpoint_e24 window_influence: 0.46180354876511542, penalty_k: 0.54527127046858792, scale_lr: 0.64036560874982962, EAO: 0.307
Trial 223 finished with value: 0.3065818497758895 and parameters: {'window_influence': 0.4618035487651154, 'penalty_k': 0.5452712704685879, 'scale_lr': 0.6403656087498296}. Best is trial 181 with value: 0.3438142961333234.
checkpoint_e24 window_influence: 0.48090876448846925, penalty_k: 0.57393537547879270, scale_lr: 0.77716791605796087, EAO: 0.293
Trial 224 finished with value: 0.2928505013425063 and parameters: {'window_influence': 0.48090876448846925, 'penalty_k': 0.5739353754787927, 'scale_lr': 0.7771679160579609}. Best is trial 181 with value: 0.3438142961333234.
checkpoint_e24 window_influence: 0.44264273912262792, penalty_k: 0.51822108871859940, scale_lr: 0.55699908088450800, EAO: 0.337
Trial 225 finished with value: 0.3372221814055387 and parameters: {'window_influence': 0.4426427391226279, 'penalty_k': 0.5182210887185994, 'scale_lr': 0.556999080884508}. Best is trial 181 with value: 0.3438142961333234.
checkpoint_e24 window_influence: 0.44303079588489686, penalty_k: 0.51649912562649114, scale_lr: 0.60454456596595851, EAO: 0.301
Trial 226 finished with value: 0.3008042424917221 and parameters: {'window_influence': 0.44303079588489686, 'penalty_k': 0.5164991256264911, 'scale_lr': 0.6045445659659585}. Best is trial 181 with value: 0.3438142961333234.
checkpoint_e24 window_influence: 0.42872562403663866, penalty_k: 0.49083479775420763, scale_lr: 0.56525802658409496, EAO: 0.320
Trial 227 finished with value: 0.3204620017267851 and parameters: {'window_influence': 0.42872562403663866, 'penalty_k': 0.49083479775420763, 'scale_lr': 0.565258026584095}. Best is trial 181 with value: 0.3438142961333234.
checkpoint_e24 window_influence: 0.45155325357869969, penalty_k: 0.53098904877650710, scale_lr: 0.57129265480546287, EAO: 0.346
Trial 228 finished with value: 0.34641901980578205 and parameters: {'window_influence': 0.4515532535786997, 'penalty_k': 0.5309890487765071, 'scale_lr': 0.5712926548054629}. Best is trial 228 with value: 0.34641901980578205.
checkpoint_e24 window_influence: 0.44727866540596334, penalty_k: 0.52613079041171296, scale_lr: 0.53975412787238353, EAO: 0.322
Trial 229 finished with value: 0.32161923871893827 and parameters: {'window_influence': 0.44727866540596334, 'penalty_k': 0.526130790411713, 'scale_lr': 0.5397541278723835}. Best is trial 228 with value: 0.34641901980578205.
checkpoint_e24 window_influence: 0.43800312268874225, penalty_k: 0.53635498977152152, scale_lr: 0.58741741490778565, EAO: 0.308
Trial 230 finished with value: 0.3082377711158782 and parameters: {'window_influence': 0.43800312268874225, 'penalty_k': 0.5363549897715215, 'scale_lr': 0.5874174149077857}. Best is trial 228 with value: 0.34641901980578205.
checkpoint_e24 window_influence: 0.45753303617727664, penalty_k: 0.51340568471491155, scale_lr: 0.57667272890360621, EAO: 0.332
Trial 231 finished with value: 0.33215206165721906 and parameters: {'window_influence': 0.45753303617727664, 'penalty_k': 0.5134056847149115, 'scale_lr': 0.5766727289036062}. Best is trial 228 with value: 0.34641901980578205.
checkpoint_e24 window_influence: 0.45653559467400728, penalty_k: 0.51706366135152604, scale_lr: 0.57881390411864919, EAO: 0.332
Trial 232 finished with value: 0.3320530948703855 and parameters: {'window_influence': 0.4565355946740073, 'penalty_k': 0.517063661351526, 'scale_lr': 0.5788139041186492}. Best is trial 228 with value: 0.34641901980578205.
checkpoint_e24 window_influence: 0.45208720112907963, penalty_k: 0.51816549749119944, scale_lr: 0.57768766950435568, EAO: 0.318
Trial 233 finished with value: 0.3179164466806887 and parameters: {'window_influence': 0.45208720112907963, 'penalty_k': 0.5181654974911994, 'scale_lr': 0.5776876695043557}. Best is trial 228 with value: 0.34641901980578205.
checkpoint_e24 window_influence: 0.42561602764612450, penalty_k: 0.53189508544122344, scale_lr: 0.57386278163276216, EAO: 0.321
Trial 234 finished with value: 0.32051939833256987 and parameters: {'window_influence': 0.4256160276461245, 'penalty_k': 0.5318950854412234, 'scale_lr': 0.5738627816327622}. Best is trial 228 with value: 0.34641901980578205.
checkpoint_e24 window_influence: 0.43695794184598702, penalty_k: 0.54989095158503554, scale_lr: 0.54760352418780678, EAO: 0.330
Trial 235 finished with value: 0.3300209720310998 and parameters: {'window_influence': 0.436957941845987, 'penalty_k': 0.5498909515850355, 'scale_lr': 0.5476035241878068}. Best is trial 228 with value: 0.34641901980578205.
checkpoint_e24 window_influence: 0.43855597893734299, penalty_k: 0.55144922930026108, scale_lr: 0.59575745696190685, EAO: 0.324
Trial 236 finished with value: 0.32389899578075926 and parameters: {'window_influence': 0.438555978937343, 'penalty_k': 0.5514492293002611, 'scale_lr': 0.5957574569619069}. Best is trial 228 with value: 0.34641901980578205.
checkpoint_e24 window_influence: 0.41029421804518540, penalty_k: 0.55676768205086535, scale_lr: 0.55600982081640427, EAO: 0.309
Trial 237 finished with value: 0.30874504224335636 and parameters: {'window_influence': 0.4102942180451854, 'penalty_k': 0.5567676820508654, 'scale_lr': 0.5560098208164043}. Best is trial 228 with value: 0.34641901980578205.
checkpoint_e24 window_influence: 0.45097705747210676, penalty_k: 0.54869813993066452, scale_lr: 0.56392848171992893, EAO: 0.305
Trial 238 finished with value: 0.3051271467009407 and parameters: {'window_influence': 0.45097705747210676, 'penalty_k': 0.5486981399306645, 'scale_lr': 0.5639284817199289}. Best is trial 228 with value: 0.34641901980578205.
checkpoint_e24 window_influence: 0.43436994715208171, penalty_k: 0.53939982259794073, scale_lr: 0.55147395697008883, EAO: 0.309
Trial 239 finished with value: 0.3088952369611087 and parameters: {'window_influence': 0.4343699471520817, 'penalty_k': 0.5393998225979407, 'scale_lr': 0.5514739569700888}. Best is trial 228 with value: 0.34641901980578205.
checkpoint_e24 window_influence: 0.61885523404728027, penalty_k: 0.58351762080929293, scale_lr: 0.57810900317995673, EAO: 0.226
Trial 240 finished with value: 0.22593060083658315 and parameters: {'window_influence': 0.6188552340472803, 'penalty_k': 0.5835176208092929, 'scale_lr': 0.5781090031799567}. Best is trial 228 with value: 0.34641901980578205.
checkpoint_e24 window_influence: 0.46573555020238211, penalty_k: 0.52117169309118194, scale_lr: 0.53910143480973516, EAO: 0.313
Trial 241 finished with value: 0.31302532385527393 and parameters: {'window_influence': 0.4657355502023821, 'penalty_k': 0.5211716930911819, 'scale_lr': 0.5391014348097352}. Best is trial 228 with value: 0.34641901980578205.
checkpoint_e24 window_influence: 0.45616311574691959, penalty_k: 0.53459826105185693, scale_lr: 0.55443166467760452, EAO: 0.317
Trial 242 finished with value: 0.3170473764610662 and parameters: {'window_influence': 0.4561631157469196, 'penalty_k': 0.5345982610518569, 'scale_lr': 0.5544316646776045}. Best is trial 228 with value: 0.34641901980578205.
checkpoint_e24 window_influence: 0.47185469944096053, penalty_k: 0.51108068139035467, scale_lr: 0.56312689346956379, EAO: 0.305
Trial 243 finished with value: 0.3050523614257226 and parameters: {'window_influence': 0.47185469944096053, 'penalty_k': 0.5110806813903547, 'scale_lr': 0.5631268934695638}. Best is trial 228 with value: 0.34641901980578205.
checkpoint_e24 window_influence: 0.44616658961115480, penalty_k: 0.52442027895540144, scale_lr: 0.59885361436108431, EAO: 0.312
Trial 244 finished with value: 0.3120900458051073 and parameters: {'window_influence': 0.4461665896111548, 'penalty_k': 0.5244202789554014, 'scale_lr': 0.5988536143610843}. Best is trial 228 with value: 0.34641901980578205.
checkpoint_e24 window_influence: 0.42068687614999456, penalty_k: 0.56376952423269744, scale_lr: 0.57740644106833716, EAO: 0.314
Trial 245 finished with value: 0.31429593009939455 and parameters: {'window_influence': 0.42068687614999456, 'penalty_k': 0.5637695242326974, 'scale_lr': 0.5774064410683372}. Best is trial 228 with value: 0.34641901980578205.
checkpoint_e24 window_influence: 0.45756624672894491, penalty_k: 0.54259438069996413, scale_lr: 0.54780324734005470, EAO: 0.318
Trial 246 finished with value: 0.3176210752836925 and parameters: {'window_influence': 0.4575662467289449, 'penalty_k': 0.5425943806999641, 'scale_lr': 0.5478032473400547}. Best is trial 228 with value: 0.34641901980578205.
checkpoint_e24 window_influence: 0.47826048244196534, penalty_k: 0.08739737691658270, scale_lr: 0.51955004875378041, EAO: 0.340
Trial 247 finished with value: 0.3403026952121972 and parameters: {'window_influence': 0.47826048244196534, 'penalty_k': 0.0873973769165827, 'scale_lr': 0.5195500487537804}. Best is trial 228 with value: 0.34641901980578205.
checkpoint_e24 window_influence: 0.43734613225174795, penalty_k: 0.07165291523825010, scale_lr: 0.56593087975370970, EAO: 0.327
Trial 248 finished with value: 0.327213660404376 and parameters: {'window_influence': 0.43734613225174795, 'penalty_k': 0.0716529152382501, 'scale_lr': 0.5659308797537097}. Best is trial 228 with value: 0.34641901980578205.
checkpoint_e24 window_influence: 0.46212184109751825, penalty_k: 0.34621350961071318, scale_lr: 0.51278939608209739, EAO: 0.320
Trial 249 finished with value: 0.3196950177390288 and parameters: {'window_influence': 0.46212184109751825, 'penalty_k': 0.3462135096107132, 'scale_lr': 0.5127893960820974}. Best is trial 228 with value: 0.34641901980578205.
checkpoint_e24 window_influence: 0.47666787738135402, penalty_k: 0.41347288945823996, scale_lr: 0.51686041233445412, EAO: 0.348
Trial 250 finished with value: 0.34794955320859233 and parameters: {'window_influence': 0.476667877381354, 'penalty_k': 0.41347288945823996, 'scale_lr': 0.5168604123344541}. Best is trial 250 with value: 0.34794955320859233.
checkpoint_e24 window_influence: 0.47858668135484272, penalty_k: 0.41408218792999452, scale_lr: 0.52201574061007294, EAO: 0.314
Trial 251 finished with value: 0.3139087342102704 and parameters: {'window_influence': 0.4785866813548427, 'penalty_k': 0.4140821879299945, 'scale_lr': 0.5220157406100729}. Best is trial 250 with value: 0.34794955320859233.
checkpoint_e24 window_influence: 0.49261411819122264, penalty_k: 0.34658168328246858, scale_lr: 0.51186309236892491, EAO: 0.312
Trial 252 finished with value: 0.31200244958994455 and parameters: {'window_influence': 0.49261411819122264, 'penalty_k': 0.3465816832824686, 'scale_lr': 0.5118630923689249}. Best is trial 250 with value: 0.34794955320859233.
checkpoint_e24 window_influence: 0.47772639411173212, penalty_k: 0.12244899114236699, scale_lr: 0.52430720649284790, EAO: 0.332
Trial 253 finished with value: 0.331502944462958 and parameters: {'window_influence': 0.4777263941117321, 'penalty_k': 0.12244899114236699, 'scale_lr': 0.5243072064928479}. Best is trial 250 with value: 0.34794955320859233.
checkpoint_e24 window_influence: 0.47774266448637343, penalty_k: 0.10434356409841100, scale_lr: 0.54015122854977349, EAO: 0.305
Trial 254 finished with value: 0.30531429942943705 and parameters: {'window_influence': 0.4777426644863734, 'penalty_k': 0.104343564098411, 'scale_lr': 0.5401512285497735}. Best is trial 250 with value: 0.34794955320859233.
checkpoint_e24 window_influence: 0.48983911502523531, penalty_k: 0.22158011204170658, scale_lr: 0.52968361742992953, EAO: 0.326
Trial 255 finished with value: 0.3262482756306689 and parameters: {'window_influence': 0.4898391150252353, 'penalty_k': 0.22158011204170658, 'scale_lr': 0.5296836174299295}. Best is trial 250 with value: 0.34794955320859233.
checkpoint_e24 window_influence: 0.47642889520008158, penalty_k: 0.05210259962148905, scale_lr: 0.54851213407927579, EAO: 0.325
Trial 256 finished with value: 0.32479281682912475 and parameters: {'window_influence': 0.4764288952000816, 'penalty_k': 0.052102599621489054, 'scale_lr': 0.5485121340792758}. Best is trial 250 with value: 0.34794955320859233.
checkpoint_e24 window_influence: 0.39579720086751535, penalty_k: 0.10114905562384091, scale_lr: 0.52030660778019855, EAO: 0.314
Trial 257 finished with value: 0.31412995232682284 and parameters: {'window_influence': 0.39579720086751535, 'penalty_k': 0.10114905562384091, 'scale_lr': 0.5203066077801985}. Best is trial 250 with value: 0.34794955320859233.
checkpoint_e24 window_influence: 0.46795247420501290, penalty_k: 0.16401904811390608, scale_lr: 0.53090521969830529, EAO: 0.331
Trial 258 finished with value: 0.3312468730522037 and parameters: {'window_influence': 0.4679524742050129, 'penalty_k': 0.16401904811390608, 'scale_lr': 0.5309052196983053}. Best is trial 250 with value: 0.34794955320859233.
checkpoint_e24 window_influence: 0.49542785720263738, penalty_k: 0.08854844198442738, scale_lr: 0.49352628308679730, EAO: 0.319
Trial 259 finished with value: 0.3193197997163706 and parameters: {'window_influence': 0.4954278572026374, 'penalty_k': 0.08854844198442738, 'scale_lr': 0.4935262830867973}. Best is trial 250 with value: 0.34794955320859233.
checkpoint_e24 window_influence: 0.47306168212853111, penalty_k: 0.31530384719236820, scale_lr: 0.52776030003685126, EAO: 0.326
Trial 260 finished with value: 0.32636671643776655 and parameters: {'window_influence': 0.4730616821285311, 'penalty_k': 0.3153038471923682, 'scale_lr': 0.5277603000368513}. Best is trial 250 with value: 0.34794955320859233.
checkpoint_e24 window_influence: 0.46817640228101809, penalty_k: 0.12709967910885578, scale_lr: 0.54718106821688939, EAO: 0.324
Trial 261 finished with value: 0.3235751066342402 and parameters: {'window_influence': 0.4681764022810181, 'penalty_k': 0.12709967910885578, 'scale_lr': 0.5471810682168894}. Best is trial 250 with value: 0.34794955320859233.
checkpoint_e24 window_influence: 0.48336963036800273, penalty_k: 0.16908167501634402, scale_lr: 0.56632367749221291, EAO: 0.330
Trial 262 finished with value: 0.3298270788174195 and parameters: {'window_influence': 0.48336963036800273, 'penalty_k': 0.16908167501634402, 'scale_lr': 0.5663236774922129}. Best is trial 250 with value: 0.34794955320859233.
checkpoint_e24 window_influence: 0.50878905264695085, penalty_k: 0.16273692000182990, scale_lr: 0.53723210923469789, EAO: 0.314
Trial 263 finished with value: 0.3141159061559907 and parameters: {'window_influence': 0.5087890526469508, 'penalty_k': 0.1627369200018299, 'scale_lr': 0.5372321092346979}. Best is trial 250 with value: 0.34794955320859233.
checkpoint_e24 window_influence: 0.49735716906487093, penalty_k: 0.11329543729265133, scale_lr: 0.55410354209181389, EAO: 0.335
Trial 264 finished with value: 0.3352635814753952 and parameters: {'window_influence': 0.49735716906487093, 'penalty_k': 0.11329543729265133, 'scale_lr': 0.5541035420918139}. Best is trial 250 with value: 0.34794955320859233.
checkpoint_e24 window_influence: 0.49130334318244057, penalty_k: 0.14158587383105775, scale_lr: 0.55397795489281509, EAO: 0.329
Trial 265 finished with value: 0.3286535576391777 and parameters: {'window_influence': 0.49130334318244057, 'penalty_k': 0.14158587383105775, 'scale_lr': 0.5539779548928151}. Best is trial 250 with value: 0.34794955320859233.
checkpoint_e24 window_influence: 0.50372065988162340, penalty_k: 0.12855916727304115, scale_lr: 0.53222872235272400, EAO: 0.332
