Trial 62 finished with value: 0.32063530588428335 and parameters: {'window_influence': 0.46453412811491984, 'penalty_k': 0.12869744607749806, 'scale_lr': 0.44253576225952357}. Best is trial 42 with value: 0.3354991197817984.
checkpoint_e16 window_influence: 0.52014528775445612, penalty_k: 0.18227832124830379, scale_lr: 0.46016749771195481, EAO: 0.307
Trial 63 finished with value: 0.306830544821947 and parameters: {'window_influence': 0.5201452877544561, 'penalty_k': 0.1822783212483038, 'scale_lr': 0.4601674977119548}. Best is trial 42 with value: 0.3354991197817984.
checkpoint_e16 window_influence: 0.39865649184476520, penalty_k: 0.08788678688192891, scale_lr: 0.38718696716778145, EAO: 0.311
Trial 64 finished with value: 0.31077662748121565 and parameters: {'window_influence': 0.3986564918447652, 'penalty_k': 0.08788678688192891, 'scale_lr': 0.38718696716778145}. Best is trial 42 with value: 0.3354991197817984.
checkpoint_e16 window_influence: 0.43335273922364148, penalty_k: 0.14598577149558223, scale_lr: 0.39956118038279159, EAO: 0.320
Trial 65 finished with value: 0.31985465411082314 and parameters: {'window_influence': 0.4333527392236415, 'penalty_k': 0.14598577149558223, 'scale_lr': 0.3995611803827916}. Best is trial 42 with value: 0.3354991197817984.
checkpoint_e16 window_influence: 0.49871829134449586, penalty_k: 0.11788802729511205, scale_lr: 0.36741966668601489, EAO: 0.323
Trial 66 finished with value: 0.32252715127941234 and parameters: {'window_influence': 0.49871829134449586, 'penalty_k': 0.11788802729511205, 'scale_lr': 0.3674196666860149}. Best is trial 42 with value: 0.3354991197817984.
checkpoint_e16 window_influence: 0.46258355112901528, penalty_k: 0.16887314113689178, scale_lr: 0.49837228274632622, EAO: 0.321
Trial 67 finished with value: 0.32135309812391777 and parameters: {'window_influence': 0.4625835511290153, 'penalty_k': 0.16887314113689178, 'scale_lr': 0.4983722827463262}. Best is trial 42 with value: 0.3354991197817984.
checkpoint_e16 window_influence: 0.42483603028867323, penalty_k: 0.07337174900290608, scale_lr: 0.41335368956237822, EAO: 0.310
Trial 68 finished with value: 0.31008294845137613 and parameters: {'window_influence': 0.4248360302886732, 'penalty_k': 0.07337174900290608, 'scale_lr': 0.4133536895623782}. Best is trial 42 with value: 0.3354991197817984.
checkpoint_e16 window_influence: 0.48213575290922844, penalty_k: 0.03136063382185600, scale_lr: 0.31020299441097887, EAO: 0.324
Trial 69 finished with value: 0.32357820439431456 and parameters: {'window_influence': 0.48213575290922844, 'penalty_k': 0.031360633821856, 'scale_lr': 0.31020299441097887}. Best is trial 42 with value: 0.3354991197817984.
checkpoint_e16 window_influence: 0.36982526134761184, penalty_k: 0.10385917188491728, scale_lr: 0.47518450216453828, EAO: 0.319
Trial 70 finished with value: 0.31886712087731417 and parameters: {'window_influence': 0.36982526134761184, 'penalty_k': 0.10385917188491728, 'scale_lr': 0.4751845021645383}. Best is trial 42 with value: 0.3354991197817984.
checkpoint_e16 window_influence: 0.41303663861831946, penalty_k: 0.16236183317805861, scale_lr: 0.40977269772939212, EAO: 0.308
Trial 71 finished with value: 0.3075553692500415 and parameters: {'window_influence': 0.41303663861831946, 'penalty_k': 0.1623618331780586, 'scale_lr': 0.4097726977293921}. Best is trial 42 with value: 0.3354991197817984.
checkpoint_e16 window_influence: 0.45412957350306998, penalty_k: 0.14217639065323359, scale_lr: 0.44133892211921011, EAO: 0.308
Trial 72 finished with value: 0.3075346875399467 and parameters: {'window_influence': 0.45412957350307, 'penalty_k': 0.1421763906532336, 'scale_lr': 0.4413389221192101}. Best is trial 42 with value: 0.3354991197817984.
checkpoint_e16 window_influence: 0.39786963085669608, penalty_k: 0.18389977585632045, scale_lr: 0.37305258037515854, EAO: 0.306
Trial 73 finished with value: 0.30568505151030617 and parameters: {'window_influence': 0.3978696308566961, 'penalty_k': 0.18389977585632045, 'scale_lr': 0.37305258037515854}. Best is trial 42 with value: 0.3354991197817984.
checkpoint_e16 window_influence: 0.41473788834649444, penalty_k: 0.21467352508146539, scale_lr: 0.40364057032177003, EAO: 0.314
Trial 74 finished with value: 0.31383196882004866 and parameters: {'window_influence': 0.41473788834649444, 'penalty_k': 0.2146735250814654, 'scale_lr': 0.40364057032177003}. Best is trial 42 with value: 0.3354991197817984.
checkpoint_e16 window_influence: 0.43852680727187265, penalty_k: 0.13022452205992946, scale_lr: 0.34285039273162043, EAO: 0.331
Trial 75 finished with value: 0.33083756615911475 and parameters: {'window_influence': 0.43852680727187265, 'penalty_k': 0.13022452205992946, 'scale_lr': 0.34285039273162043}. Best is trial 42 with value: 0.3354991197817984.
checkpoint_e16 window_influence: 0.47300728566565653, penalty_k: 0.12514462604091006, scale_lr: 0.43176479333090489, EAO: 0.310
Trial 76 finished with value: 0.3097223711964685 and parameters: {'window_influence': 0.47300728566565653, 'penalty_k': 0.12514462604091006, 'scale_lr': 0.4317647933309049}. Best is trial 42 with value: 0.3354991197817984.
checkpoint_e16 window_influence: 0.43480894597953218, penalty_k: 0.10722798995337839, scale_lr: 0.32592804744035225, EAO: 0.321
Trial 77 finished with value: 0.3214247985688629 and parameters: {'window_influence': 0.4348089459795322, 'penalty_k': 0.10722798995337839, 'scale_lr': 0.32592804744035225}. Best is trial 42 with value: 0.3354991197817984.
checkpoint_e16 window_influence: 0.44393952976641049, penalty_k: 0.13346717554313897, scale_lr: 0.33822018797237091, EAO: 0.317
Trial 78 finished with value: 0.31744142097025996 and parameters: {'window_influence': 0.4439395297664105, 'penalty_k': 0.13346717554313897, 'scale_lr': 0.3382201879723709}. Best is trial 42 with value: 0.3354991197817984.
checkpoint_e16 window_influence: 0.50571063663056071, penalty_k: 0.15086094767649055, scale_lr: 0.34916321256939020, EAO: 0.307
Trial 79 finished with value: 0.306933862341981 and parameters: {'window_influence': 0.5057106366305607, 'penalty_k': 0.15086094767649055, 'scale_lr': 0.3491632125693902}. Best is trial 42 with value: 0.3354991197817984.
checkpoint_e16 window_influence: 0.51869896538878513, penalty_k: 0.17487668097546827, scale_lr: 0.37163419569824363, EAO: 0.304
Trial 80 finished with value: 0.3043204168517302 and parameters: {'window_influence': 0.5186989653887851, 'penalty_k': 0.17487668097546827, 'scale_lr': 0.37163419569824363}. Best is trial 42 with value: 0.3354991197817984.
checkpoint_e16 window_influence: 0.41860450395245824, penalty_k: 0.16405397798114030, scale_lr: 0.39533102672693393, EAO: 0.302
Trial 81 finished with value: 0.3018997131850469 and parameters: {'window_influence': 0.41860450395245824, 'penalty_k': 0.1640539779811403, 'scale_lr': 0.39533102672693393}. Best is trial 42 with value: 0.3354991197817984.
checkpoint_e16 window_influence: 0.45714576976089877, penalty_k: 0.18986290144601953, scale_lr: 0.41843497993221840, EAO: 0.311
Trial 82 finished with value: 0.3110986053943634 and parameters: {'window_influence': 0.45714576976089877, 'penalty_k': 0.18986290144601953, 'scale_lr': 0.4184349799322184}. Best is trial 42 with value: 0.3354991197817984.
checkpoint_e16 window_influence: 0.40519885801895117, penalty_k: 0.15869335785850758, scale_lr: 0.46310877812727069, EAO: 0.314
Trial 83 finished with value: 0.31411137736261124 and parameters: {'window_influence': 0.40519885801895117, 'penalty_k': 0.15869335785850758, 'scale_lr': 0.4631087781272707}. Best is trial 42 with value: 0.3354991197817984.
checkpoint_e16 window_influence: 0.37989522478170745, penalty_k: 0.14188771995490695, scale_lr: 0.38600538728097938, EAO: 0.311
Trial 84 finished with value: 0.31132480925391154 and parameters: {'window_influence': 0.37989522478170745, 'penalty_k': 0.14188771995490695, 'scale_lr': 0.3860053872809794}. Best is trial 42 with value: 0.3354991197817984.
checkpoint_e16 window_influence: 0.48493908942358871, penalty_k: 0.19937813436780477, scale_lr: 0.43479614871006383, EAO: 0.303
Trial 85 finished with value: 0.30311571142784816 and parameters: {'window_influence': 0.4849390894235887, 'penalty_k': 0.19937813436780477, 'scale_lr': 0.43479614871006383}. Best is trial 42 with value: 0.3354991197817984.
checkpoint_e16 window_influence: 0.34905450129922011, penalty_k: 0.12109759184440468, scale_lr: 0.40911454845119893, EAO: 0.324
Trial 86 finished with value: 0.32392135540798944 and parameters: {'window_influence': 0.3490545012992201, 'penalty_k': 0.12109759184440468, 'scale_lr': 0.40911454845119893}. Best is trial 42 with value: 0.3354991197817984.
checkpoint_e16 window_influence: 0.44926557214794172, penalty_k: 0.22626447529415716, scale_lr: 0.35829387688144682, EAO: 0.321
Trial 87 finished with value: 0.3205382815826728 and parameters: {'window_influence': 0.4492655721479417, 'penalty_k': 0.22626447529415716, 'scale_lr': 0.3582938768814468}. Best is trial 42 with value: 0.3354991197817984.
checkpoint_e16 window_influence: 0.42418747887534092, penalty_k: 0.20400969255974533, scale_lr: 0.45095022842954952, EAO: 0.323
Trial 88 finished with value: 0.32321715801374457 and parameters: {'window_influence': 0.4241874788753409, 'penalty_k': 0.20400969255974533, 'scale_lr': 0.4509502284295495}. Best is trial 42 with value: 0.3354991197817984.
checkpoint_e16 window_influence: 0.47239940321562046, penalty_k: 0.09176191045325895, scale_lr: 0.37694242821740986, EAO: 0.336
Trial 89 finished with value: 0.3361751564165961 and parameters: {'window_influence': 0.47239940321562046, 'penalty_k': 0.09176191045325895, 'scale_lr': 0.37694242821740986}. Best is trial 89 with value: 0.3361751564165961.
checkpoint_e16 window_influence: 0.47117148973203637, penalty_k: 0.08984254504706925, scale_lr: 0.37802626191887123, EAO: 0.317
Trial 90 finished with value: 0.31717793197019556 and parameters: {'window_influence': 0.4711714897320364, 'penalty_k': 0.08984254504706925, 'scale_lr': 0.37802626191887123}. Best is trial 89 with value: 0.3361751564165961.
checkpoint_e16 window_influence: 0.49246481737445541, penalty_k: 0.11071194328428620, scale_lr: 0.39816860821672229, EAO: 0.318
Trial 91 finished with value: 0.3178837371243577 and parameters: {'window_influence': 0.4924648173744554, 'penalty_k': 0.1107119432842862, 'scale_lr': 0.3981686082167223}. Best is trial 89 with value: 0.3361751564165961.
checkpoint_e16 window_influence: 0.44219991659581076, penalty_k: 0.13130641724975031, scale_lr: 0.42215826708603582, EAO: 0.328
Trial 92 finished with value: 0.32809011493211593 and parameters: {'window_influence': 0.44219991659581076, 'penalty_k': 0.1313064172497503, 'scale_lr': 0.4221582670860358}. Best is trial 89 with value: 0.3361751564165961.
checkpoint_e16 window_influence: 0.45682052564499126, penalty_k: 0.13163645554488679, scale_lr: 0.41867237489993836, EAO: 0.308
Trial 93 finished with value: 0.30841318248310906 and parameters: {'window_influence': 0.45682052564499126, 'penalty_k': 0.1316364555448868, 'scale_lr': 0.41867237489993836}. Best is trial 89 with value: 0.3361751564165961.
checkpoint_e16 window_influence: 0.43863011755089870, penalty_k: 0.10228892549353652, scale_lr: 0.42787074062124658, EAO: 0.306
Trial 94 finished with value: 0.3059577787664614 and parameters: {'window_influence': 0.4386301175508987, 'penalty_k': 0.10228892549353652, 'scale_lr': 0.4278707406212466}. Best is trial 89 with value: 0.3361751564165961.
checkpoint_e16 window_influence: 0.47715193664580169, penalty_k: 0.15104178386925896, scale_lr: 0.34934458298596482, EAO: 0.321
Trial 95 finished with value: 0.320648505587986 and parameters: {'window_influence': 0.4771519366458017, 'penalty_k': 0.15104178386925896, 'scale_lr': 0.3493445829859648}. Best is trial 89 with value: 0.3361751564165961.
checkpoint_e16 window_influence: 0.50320019639582514, penalty_k: 0.17429719998557341, scale_lr: 0.46770730507517017, EAO: 0.306
Trial 96 finished with value: 0.30625038324395043 and parameters: {'window_influence': 0.5032001963958251, 'penalty_k': 0.17429719998557341, 'scale_lr': 0.46770730507517017}. Best is trial 89 with value: 0.3361751564165961.
checkpoint_e16 window_influence: 0.39361520553909241, penalty_k: 0.13774643670067085, scale_lr: 0.38964153919070010, EAO: 0.306
Trial 97 finished with value: 0.3057630764255264 and parameters: {'window_influence': 0.3936152055390924, 'penalty_k': 0.13774643670067085, 'scale_lr': 0.3896415391907001}. Best is trial 89 with value: 0.3361751564165961.
checkpoint_e16 window_influence: 0.42534502083304104, penalty_k: 0.07871367961969473, scale_lr: 0.45277197082126203, EAO: 0.316
Trial 98 finished with value: 0.3157017563799476 and parameters: {'window_influence': 0.42534502083304104, 'penalty_k': 0.07871367961969473, 'scale_lr': 0.452771970821262}. Best is trial 89 with value: 0.3361751564165961.
checkpoint_e16 window_influence: 0.46657900699566507, penalty_k: 0.12230732619266776, scale_lr: 0.36802210110227424, EAO: 0.310
Trial 99 finished with value: 0.30952361133311973 and parameters: {'window_influence': 0.46657900699566507, 'penalty_k': 0.12230732619266776, 'scale_lr': 0.36802210110227424}. Best is trial 89 with value: 0.3361751564165961.
checkpoint_e16 window_influence: 0.44743034860811093, penalty_k: 0.09479563943430142, scale_lr: 0.43726952700851346, EAO: 0.313
Trial 100 finished with value: 0.31286546982216 and parameters: {'window_influence': 0.44743034860811093, 'penalty_k': 0.09479563943430142, 'scale_lr': 0.43726952700851346}. Best is trial 89 with value: 0.3361751564165961.
checkpoint_e16 window_influence: 0.40869512624136300, penalty_k: 0.15725949374597528, scale_lr: 0.41207591051657794, EAO: 0.316
Trial 101 finished with value: 0.3159890670604743 and parameters: {'window_influence': 0.408695126241363, 'penalty_k': 0.15725949374597528, 'scale_lr': 0.41207591051657794}. Best is trial 89 with value: 0.3361751564165961.
checkpoint_e16 window_influence: 0.38547318209469994, penalty_k: 0.11295650557841064, scale_lr: 0.39537355422209519, EAO: 0.322
Trial 102 finished with value: 0.32150696902191594 and parameters: {'window_influence': 0.38547318209469994, 'penalty_k': 0.11295650557841064, 'scale_lr': 0.3953735542220952}. Best is trial 89 with value: 0.3361751564165961.
checkpoint_e16 window_influence: 0.42223246433024775, penalty_k: 0.16933266833960389, scale_lr: 0.37843822509802283, EAO: 0.313
Trial 103 finished with value: 0.31257656471738554 and parameters: {'window_influence': 0.42223246433024775, 'penalty_k': 0.1693326683396039, 'scale_lr': 0.37843822509802283}. Best is trial 89 with value: 0.3361751564165961.
checkpoint_e16 window_influence: 0.43709475407783860, penalty_k: 0.15102988861284519, scale_lr: 0.43405266536560172, EAO: 0.313
Trial 104 finished with value: 0.3126018619606931 and parameters: {'window_influence': 0.4370947540778386, 'penalty_k': 0.1510298886128452, 'scale_lr': 0.4340526653656017}. Best is trial 89 with value: 0.3361751564165961.
checkpoint_e16 window_influence: 0.45839846291627417, penalty_k: 0.18714662693233419, scale_lr: 0.48148077934277422, EAO: 0.310
Trial 105 finished with value: 0.31031149283689285 and parameters: {'window_influence': 0.4583984629162742, 'penalty_k': 0.1871466269323342, 'scale_lr': 0.4814807793427742}. Best is trial 89 with value: 0.3361751564165961.
checkpoint_e16 window_influence: 0.47761515963165696, penalty_k: 0.13375275796797648, scale_lr: 0.41721265288981246, EAO: 0.337
Trial 106 finished with value: 0.33703718899752844 and parameters: {'window_influence': 0.47761515963165696, 'penalty_k': 0.13375275796797648, 'scale_lr': 0.41721265288981246}. Best is trial 106 with value: 0.33703718899752844.
checkpoint_e16 window_influence: 0.48973918381707737, penalty_k: 0.13225658057632814, scale_lr: 0.41908552091195483, EAO: 0.307
Trial 107 finished with value: 0.307492702329669 and parameters: {'window_influence': 0.4897391838170774, 'penalty_k': 0.13225658057632814, 'scale_lr': 0.41908552091195483}. Best is trial 106 with value: 0.33703718899752844.
checkpoint_e16 window_influence: 0.47625485531855316, penalty_k: 0.11624264052796886, scale_lr: 0.36546596162453021, EAO: 0.325
Trial 108 finished with value: 0.32452908830883903 and parameters: {'window_influence': 0.47625485531855316, 'penalty_k': 0.11624264052796886, 'scale_lr': 0.3654659616245302}. Best is trial 106 with value: 0.33703718899752844.
checkpoint_e16 window_influence: 0.53599786213751077, penalty_k: 0.13624273107855581, scale_lr: 0.44780111136322637, EAO: 0.284
Trial 109 finished with value: 0.2836437990113455 and parameters: {'window_influence': 0.5359978621375108, 'penalty_k': 0.1362427310785558, 'scale_lr': 0.44780111136322637}. Best is trial 106 with value: 0.33703718899752844.
checkpoint_e16 window_influence: 0.51239871267860759, penalty_k: 0.06850138061684827, scale_lr: 0.39886164515311595, EAO: 0.316
Trial 110 finished with value: 0.3163247277764495 and parameters: {'window_influence': 0.5123987126786076, 'penalty_k': 0.06850138061684827, 'scale_lr': 0.39886164515311595}. Best is trial 106 with value: 0.33703718899752844.
checkpoint_e16 window_influence: 0.43538595387569351, penalty_k: 0.09719475792465140, scale_lr: 0.40721489705539127, EAO: 0.310
Trial 111 finished with value: 0.3096358686221713 and parameters: {'window_influence': 0.4353859538756935, 'penalty_k': 0.0971947579246514, 'scale_lr': 0.40721489705539127}. Best is trial 106 with value: 0.33703718899752844.
checkpoint_e16 window_influence: 0.46227415370335928, penalty_k: 0.17282987311261905, scale_lr: 0.38347615565316778, EAO: 0.318
Trial 112 finished with value: 0.3184097717708187 and parameters: {'window_influence': 0.4622741537033593, 'penalty_k': 0.17282987311261905, 'scale_lr': 0.3834761556531678}. Best is trial 106 with value: 0.33703718899752844.
checkpoint_e16 window_influence: 0.44928420563850147, penalty_k: 0.14802833162716370, scale_lr: 0.42428707693829032, EAO: 0.321
Trial 113 finished with value: 0.32140954459223764 and parameters: {'window_influence': 0.44928420563850147, 'penalty_k': 0.1480283316271637, 'scale_lr': 0.4242870769382903}. Best is trial 106 with value: 0.33703718899752844.
checkpoint_e16 window_influence: 0.40393860199974946, penalty_k: 0.08539467255098127, scale_lr: 0.34269396855084000, EAO: 0.321
Trial 114 finished with value: 0.32100283757489945 and parameters: {'window_influence': 0.40393860199974946, 'penalty_k': 0.08539467255098127, 'scale_lr': 0.34269396855084}. Best is trial 106 with value: 0.33703718899752844.
checkpoint_e16 window_influence: 0.49456622573480935, penalty_k: 0.15921789985418378, scale_lr: 0.35737972681980906, EAO: 0.326
Trial 115 finished with value: 0.32601021920196743 and parameters: {'window_influence': 0.49456622573480935, 'penalty_k': 0.15921789985418378, 'scale_lr': 0.35737972681980906}. Best is trial 106 with value: 0.33703718899752844.
checkpoint_e16 window_influence: 0.41671698940778235, penalty_k: 0.10999763368052884, scale_lr: 0.45864260734981366, EAO: 0.316
Trial 116 finished with value: 0.3155674881624341 and parameters: {'window_influence': 0.41671698940778235, 'penalty_k': 0.10999763368052884, 'scale_lr': 0.45864260734981366}. Best is trial 106 with value: 0.33703718899752844.
checkpoint_e16 window_influence: 0.48048621665045899, penalty_k: 0.12764127472592260, scale_lr: 0.32348490028788929, EAO: 0.339
Trial 117 finished with value: 0.3387018490858115 and parameters: {'window_influence': 0.480486216650459, 'penalty_k': 0.1276412747259226, 'scale_lr': 0.3234849002878893}. Best is trial 117 with value: 0.3387018490858115.
checkpoint_e16 window_influence: 0.48520919254089406, penalty_k: 0.12790986163812443, scale_lr: 0.33053089444787537, EAO: 0.319
Trial 118 finished with value: 0.3194619788849864 and parameters: {'window_influence': 0.48520919254089406, 'penalty_k': 0.12790986163812443, 'scale_lr': 0.33053089444787537}. Best is trial 117 with value: 0.3387018490858115.
checkpoint_e16 window_influence: 0.52392658998246622, penalty_k: 0.14021428393179222, scale_lr: 0.29934032842994601, EAO: 0.304
Trial 119 finished with value: 0.3041654110302721 and parameters: {'window_influence': 0.5239265899824662, 'penalty_k': 0.14021428393179222, 'scale_lr': 0.299340328429946}. Best is trial 117 with value: 0.3387018490858115.
checkpoint_e16 window_influence: 0.50461960262050731, penalty_k: 0.09563451293407492, scale_lr: 0.31323808857314556, EAO: 0.310
Trial 120 finished with value: 0.30963192856961186 and parameters: {'window_influence': 0.5046196026205073, 'penalty_k': 0.09563451293407492, 'scale_lr': 0.31323808857314556}. Best is trial 117 with value: 0.3387018490858115.
checkpoint_e16 window_influence: 0.46712943840996363, penalty_k: 0.18259341341358443, scale_lr: 0.37589947426724130, EAO: 0.319
Trial 121 finished with value: 0.31880461781173364 and parameters: {'window_influence': 0.4671294384099636, 'penalty_k': 0.18259341341358443, 'scale_lr': 0.3758994742672413}. Best is trial 117 with value: 0.3387018490858115.
checkpoint_e16 window_influence: 0.44507716502193950, penalty_k: 0.16608447001414187, scale_lr: 0.34622603413176301, EAO: 0.325
Trial 122 finished with value: 0.3252892625239109 and parameters: {'window_influence': 0.4450771650219395, 'penalty_k': 0.16608447001414187, 'scale_lr': 0.346226034131763}. Best is trial 117 with value: 0.3387018490858115.
checkpoint_e16 window_influence: 0.42690537895882286, penalty_k: 0.12004359039199734, scale_lr: 0.39122723367874146, EAO: 0.329
Trial 123 finished with value: 0.3294989779185692 and parameters: {'window_influence': 0.42690537895882286, 'penalty_k': 0.12004359039199734, 'scale_lr': 0.39122723367874146}. Best is trial 117 with value: 0.3387018490858115.
checkpoint_e16 window_influence: 0.47726023311319460, penalty_k: 0.11805917018101098, scale_lr: 0.39044563045634473, EAO: 0.328
