Trial 616 finished with value: 0.300193480886374 and parameters: {'window_influence': 0.2889070922780295, 'penalty_k': 0.07433941994387654, 'scale_lr': 0.6107384953266581}. Best is trial 478 with value: 0.36593835131203617.
checkpoint_e33 window_influence: 0.35091796038212231, penalty_k: 0.09129932203544983, scale_lr: 0.71547567159347492, EAO: 0.325
Trial 617 finished with value: 0.32464203690740384 and parameters: {'window_influence': 0.3509179603821223, 'penalty_k': 0.09129932203544983, 'scale_lr': 0.7154756715934749}. Best is trial 478 with value: 0.36593835131203617.
checkpoint_e33 window_influence: 0.50588913012051051, penalty_k: 0.12666374073798770, scale_lr: 0.32169139763461208, EAO: 0.334
Trial 618 finished with value: 0.33430860664130185 and parameters: {'window_influence': 0.5058891301205105, 'penalty_k': 0.1266637407379877, 'scale_lr': 0.3216913976346121}. Best is trial 478 with value: 0.36593835131203617.
checkpoint_e33 window_influence: 0.54522544153740460, penalty_k: 0.05119533873271349, scale_lr: 0.67432254428395000, EAO: 0.297
Trial 619 finished with value: 0.29727249520066185 and parameters: {'window_influence': 0.5452254415374046, 'penalty_k': 0.051195338732713494, 'scale_lr': 0.67432254428395}. Best is trial 478 with value: 0.36593835131203617.
checkpoint_e33 window_influence: 0.47644981185439816, penalty_k: 0.02397388813812558, scale_lr: 0.58017859327661436, EAO: 0.367
Trial 620 finished with value: 0.36708399363528893 and parameters: {'window_influence': 0.47644981185439816, 'penalty_k': 0.02397388813812558, 'scale_lr': 0.5801785932766144}. Best is trial 620 with value: 0.36708399363528893.
checkpoint_e33 window_influence: 0.49666641356877395, penalty_k: 0.02198746822511337, scale_lr: 0.70502042456562375, EAO: 0.320
Trial 621 finished with value: 0.3197935469999388 and parameters: {'window_influence': 0.49666641356877395, 'penalty_k': 0.021987468225113372, 'scale_lr': 0.7050204245656237}. Best is trial 620 with value: 0.36708399363528893.
checkpoint_e33 window_influence: 0.48268373508239726, penalty_k: 0.03075261250021383, scale_lr: 0.58048270717643469, EAO: 0.350
Trial 622 finished with value: 0.35024982238558017 and parameters: {'window_influence': 0.48268373508239726, 'penalty_k': 0.030752612500213834, 'scale_lr': 0.5804827071764347}. Best is trial 620 with value: 0.36708399363528893.
checkpoint_e33 window_influence: 0.51074332518497778, penalty_k: 0.01174255608182833, scale_lr: 0.75545644232152431, EAO: 0.340
Trial 623 finished with value: 0.3404867387003472 and parameters: {'window_influence': 0.5107433251849778, 'penalty_k': 0.011742556081828328, 'scale_lr': 0.7554564423215243}. Best is trial 620 with value: 0.36708399363528893.
checkpoint_e33 window_influence: 0.47721545055553061, penalty_k: 0.04292970566058252, scale_lr: 0.76425733302922538, EAO: 0.335
Trial 624 finished with value: 0.33476349201183836 and parameters: {'window_influence': 0.4772154505555306, 'penalty_k': 0.042929705660582525, 'scale_lr': 0.7642573330292254}. Best is trial 620 with value: 0.36708399363528893.
checkpoint_e33 window_influence: 0.49740810564759197, penalty_k: 0.02576567464092910, scale_lr: 0.60418036182324963, EAO: 0.348
Trial 625 finished with value: 0.3476599858428718 and parameters: {'window_influence': 0.49740810564759197, 'penalty_k': 0.0257656746409291, 'scale_lr': 0.6041803618232496}. Best is trial 620 with value: 0.36708399363528893.
checkpoint_e33 window_influence: 0.23678937986085397, penalty_k: 0.33020928115638626, scale_lr: 0.78176498977194731, EAO: 0.313
Trial 626 finished with value: 0.3129487081724382 and parameters: {'window_influence': 0.23678937986085397, 'penalty_k': 0.33020928115638626, 'scale_lr': 0.7817649897719473}. Best is trial 620 with value: 0.36708399363528893.
checkpoint_e33 window_influence: 0.07157183299320302, penalty_k: 0.03597838678804276, scale_lr: 0.62426285593155462, EAO: 0.258
Trial 627 finished with value: 0.25840293926255714 and parameters: {'window_influence': 0.07157183299320302, 'penalty_k': 0.03597838678804276, 'scale_lr': 0.6242628559315546}. Best is trial 620 with value: 0.36708399363528893.
checkpoint_e33 window_influence: 0.52081884432636605, penalty_k: 0.01011308837452995, scale_lr: 0.57717822630630355, EAO: 0.324
Trial 628 finished with value: 0.3244965016146114 and parameters: {'window_influence': 0.520818844326366, 'penalty_k': 0.010113088374529951, 'scale_lr': 0.5771782263063036}. Best is trial 620 with value: 0.36708399363528893.
checkpoint_e33 window_influence: 0.49317267768827366, penalty_k: 0.06429363723782226, scale_lr: 0.74821253389827569, EAO: 0.350
Trial 629 finished with value: 0.34964005434559475 and parameters: {'window_influence': 0.49317267768827366, 'penalty_k': 0.06429363723782226, 'scale_lr': 0.7482125338982757}. Best is trial 620 with value: 0.36708399363528893.
checkpoint_e33 window_influence: 0.46971980628392002, penalty_k: 0.28257374673249902, scale_lr: 0.69572314048278339, EAO: 0.325
Trial 630 finished with value: 0.32465065360533124 and parameters: {'window_influence': 0.46971980628392, 'penalty_k': 0.282573746732499, 'scale_lr': 0.6957231404827834}. Best is trial 620 with value: 0.36708399363528893.
checkpoint_e33 window_influence: 0.48541422782814070, penalty_k: 0.02071914156131081, scale_lr: 0.76224015549447199, EAO: 0.359
Trial 631 finished with value: 0.3590433478123483 and parameters: {'window_influence': 0.4854142278281407, 'penalty_k': 0.020719141561310807, 'scale_lr': 0.762240155494472}. Best is trial 620 with value: 0.36708399363528893.
checkpoint_e33 window_influence: 0.48087622698989435, penalty_k: 0.00029264770118348, scale_lr: 0.78839559609994114, EAO: 0.337
Trial 632 finished with value: 0.33719389088422874 and parameters: {'window_influence': 0.48087622698989435, 'penalty_k': 0.0002926477011834759, 'scale_lr': 0.7883955960999411}. Best is trial 620 with value: 0.36708399363528893.
checkpoint_e33 window_influence: 0.46386558137006340, penalty_k: 0.01789351972309318, scale_lr: 0.57507903559462725, EAO: 0.348
Trial 633 finished with value: 0.34768395212837694 and parameters: {'window_influence': 0.4638655813700634, 'penalty_k': 0.017893519723093183, 'scale_lr': 0.5750790355946273}. Best is trial 620 with value: 0.36708399363528893.
checkpoint_e33 window_influence: 0.48395386195067047, penalty_k: 0.02305418482944315, scale_lr: 0.76074335060809894, EAO: 0.342
Trial 634 finished with value: 0.34185743900124665 and parameters: {'window_influence': 0.48395386195067047, 'penalty_k': 0.02305418482944315, 'scale_lr': 0.760743350608099}. Best is trial 620 with value: 0.36708399363528893.
checkpoint_e33 window_influence: 0.47475175713201329, penalty_k: 0.43904796029765947, scale_lr: 0.65058592808075377, EAO: 0.321
Trial 635 finished with value: 0.3209284078402278 and parameters: {'window_influence': 0.4747517571320133, 'penalty_k': 0.43904796029765947, 'scale_lr': 0.6505859280807538}. Best is trial 620 with value: 0.36708399363528893.
checkpoint_e33 window_influence: 0.45481004736590019, penalty_k: 0.46894074105391270, scale_lr: 0.66604016119720766, EAO: 0.316
Trial 636 finished with value: 0.31594876023118135 and parameters: {'window_influence': 0.4548100473659002, 'penalty_k': 0.4689407410539127, 'scale_lr': 0.6660401611972077}. Best is trial 620 with value: 0.36708399363528893.
checkpoint_e33 window_influence: 0.14901881317828408, penalty_k: 0.03500731341205590, scale_lr: 0.77867907770180433, EAO: 0.271
Trial 637 finished with value: 0.27076826003970805 and parameters: {'window_influence': 0.14901881317828408, 'penalty_k': 0.0350073134120559, 'scale_lr': 0.7786790777018043}. Best is trial 620 with value: 0.36708399363528893.
checkpoint_e33 window_influence: 0.17427237966193104, penalty_k: 0.01512283860607552, scale_lr: 0.65768494742452677, EAO: 0.293
Trial 638 finished with value: 0.2925332842633882 and parameters: {'window_influence': 0.17427237966193104, 'penalty_k': 0.015122838606075523, 'scale_lr': 0.6576849474245268}. Best is trial 620 with value: 0.36708399363528893.
checkpoint_e33 window_influence: 0.48954845852838935, penalty_k: 0.54018007380506283, scale_lr: 0.77710302765640260, EAO: 0.298
Trial 639 finished with value: 0.29760655824544363 and parameters: {'window_influence': 0.48954845852838935, 'penalty_k': 0.5401800738050628, 'scale_lr': 0.7771030276564026}. Best is trial 620 with value: 0.36708399363528893.
checkpoint_e33 window_influence: 0.14115416498715555, penalty_k: 0.04180738922522985, scale_lr: 0.78951096378518137, EAO: 0.259
Trial 640 finished with value: 0.25929191430255133 and parameters: {'window_influence': 0.14115416498715555, 'penalty_k': 0.04180738922522985, 'scale_lr': 0.7895109637851814}. Best is trial 620 with value: 0.36708399363528893.
checkpoint_e33 window_influence: 0.50135947284652116, penalty_k: 0.02502314977453837, scale_lr: 0.75200271164716292, EAO: 0.343
Trial 641 finished with value: 0.3431845817584472 and parameters: {'window_influence': 0.5013594728465212, 'penalty_k': 0.025023149774538372, 'scale_lr': 0.7520027116471629}. Best is trial 620 with value: 0.36708399363528893.
checkpoint_e33 window_influence: 0.10815243798231439, penalty_k: 0.45680849938228274, scale_lr: 0.78985686789603837, EAO: 0.258
Trial 642 finished with value: 0.25801585608883126 and parameters: {'window_influence': 0.10815243798231439, 'penalty_k': 0.45680849938228274, 'scale_lr': 0.7898568678960384}. Best is trial 620 with value: 0.36708399363528893.
checkpoint_e33 window_influence: 0.05346715575440053, penalty_k: 0.29871217765299468, scale_lr: 0.62507364734703885, EAO: 0.243
Trial 643 finished with value: 0.2427289077743946 and parameters: {'window_influence': 0.05346715575440053, 'penalty_k': 0.2987121776529947, 'scale_lr': 0.6250736473470389}. Best is trial 620 with value: 0.36708399363528893.
checkpoint_e33 window_influence: 0.61003551570029457, penalty_k: 0.41906313962797870, scale_lr: 0.49586540438395754, EAO: 0.237
Trial 644 finished with value: 0.23658356325635652 and parameters: {'window_influence': 0.6100355157002946, 'penalty_k': 0.4190631396279787, 'scale_lr': 0.49586540438395754}. Best is trial 620 with value: 0.36708399363528893.
checkpoint_e33 window_influence: 0.46735266094510658, penalty_k: 0.00968131020082186, scale_lr: 0.59542143979786433, EAO: 0.343
Trial 645 finished with value: 0.3428722093541335 and parameters: {'window_influence': 0.4673526609451066, 'penalty_k': 0.009681310200821865, 'scale_lr': 0.5954214397978643}. Best is trial 620 with value: 0.36708399363528893.
checkpoint_e33 window_influence: 0.47992682605559445, penalty_k: 0.05094610888739598, scale_lr: 0.70114741381210866, EAO: 0.326
Trial 646 finished with value: 0.3263629780437232 and parameters: {'window_influence': 0.47992682605559445, 'penalty_k': 0.05094610888739598, 'scale_lr': 0.7011474138121087}. Best is trial 620 with value: 0.36708399363528893.
checkpoint_e33 window_influence: 0.24375168524908142, penalty_k: 0.39654989589426809, scale_lr: 0.76859816054442820, EAO: 0.305
Trial 647 finished with value: 0.3053066934592993 and parameters: {'window_influence': 0.24375168524908142, 'penalty_k': 0.3965498958942681, 'scale_lr': 0.7685981605444282}. Best is trial 620 with value: 0.36708399363528893.
checkpoint_e33 window_influence: 0.28028027256148547, penalty_k: 0.02958903559230464, scale_lr: 0.69684863734925151, EAO: 0.319
Trial 648 finished with value: 0.31863722164575226 and parameters: {'window_influence': 0.28028027256148547, 'penalty_k': 0.029589035592304636, 'scale_lr': 0.6968486373492515}. Best is trial 620 with value: 0.36708399363528893.
checkpoint_e33 window_influence: 0.41000508071844988, penalty_k: 0.40278431893977068, scale_lr: 0.56050491425504967, EAO: 0.341
Trial 649 finished with value: 0.3412800420814915 and parameters: {'window_influence': 0.4100050807184499, 'penalty_k': 0.4027843189397707, 'scale_lr': 0.5605049142550497}. Best is trial 620 with value: 0.36708399363528893.
checkpoint_e33 window_influence: 0.44423079071377325, penalty_k: 0.35931172265626976, scale_lr: 0.66410361704351195, EAO: 0.322
Trial 650 finished with value: 0.3218451107522393 and parameters: {'window_influence': 0.44423079071377325, 'penalty_k': 0.35931172265626976, 'scale_lr': 0.664103617043512}. Best is trial 620 with value: 0.36708399363528893.
checkpoint_e33 window_influence: 0.50292871338003109, penalty_k: 0.04105339175583185, scale_lr: 0.79934239068776924, EAO: 0.318
Trial 651 finished with value: 0.3175045694822467 and parameters: {'window_influence': 0.5029287133800311, 'penalty_k': 0.04105339175583185, 'scale_lr': 0.7993423906877692}. Best is trial 620 with value: 0.36708399363528893.
checkpoint_e33 window_influence: 0.22000120157127898, penalty_k: 0.00055496684628846, scale_lr: 0.77214683772217318, EAO: 0.314
Trial 652 finished with value: 0.31359438203884005 and parameters: {'window_influence': 0.22000120157127898, 'penalty_k': 0.0005549668462884599, 'scale_lr': 0.7721468377221732}. Best is trial 620 with value: 0.36708399363528893.
checkpoint_e33 window_influence: 0.55996406095942497, penalty_k: 0.16689772730864463, scale_lr: 0.71657595373858751, EAO: 0.293
Trial 653 finished with value: 0.2928300778805514 and parameters: {'window_influence': 0.559964060959425, 'penalty_k': 0.16689772730864463, 'scale_lr': 0.7165759537385875}. Best is trial 620 with value: 0.36708399363528893.
checkpoint_e33 window_influence: 0.48979705171858645, penalty_k: 0.01892689430463559, scale_lr: 0.67190384970316419, EAO: 0.331
Trial 654 finished with value: 0.3306204692862841 and parameters: {'window_influence': 0.48979705171858645, 'penalty_k': 0.018926894304635594, 'scale_lr': 0.6719038497031642}. Best is trial 620 with value: 0.36708399363528893.
checkpoint_e33 window_influence: 0.25283224499255119, penalty_k: 0.44981875683216455, scale_lr: 0.72981379673774960, EAO: 0.290
Trial 655 finished with value: 0.2902123993008981 and parameters: {'window_influence': 0.2528322449925512, 'penalty_k': 0.44981875683216455, 'scale_lr': 0.7298137967377496}. Best is trial 620 with value: 0.36708399363528893.
checkpoint_e33 window_influence: 0.46758553521519980, penalty_k: 0.05994106394794371, scale_lr: 0.55750916942895690, EAO: 0.344
Trial 656 finished with value: 0.34387100902512846 and parameters: {'window_influence': 0.4675855352151998, 'penalty_k': 0.05994106394794371, 'scale_lr': 0.5575091694289569}. Best is trial 620 with value: 0.36708399363528893.
checkpoint_e33 window_influence: 0.18719703680159927, penalty_k: 0.42936612348796654, scale_lr: 0.65791455129286835, EAO: 0.267
Trial 657 finished with value: 0.2674778481865671 and parameters: {'window_influence': 0.18719703680159927, 'penalty_k': 0.42936612348796654, 'scale_lr': 0.6579145512928684}. Best is trial 620 with value: 0.36708399363528893.
checkpoint_e33 window_influence: 0.51515828196573810, penalty_k: 0.14870376236184477, scale_lr: 0.68575223023112175, EAO: 0.307
Trial 658 finished with value: 0.3065149603186878 and parameters: {'window_influence': 0.5151582819657381, 'penalty_k': 0.14870376236184477, 'scale_lr': 0.6857522302311218}. Best is trial 620 with value: 0.36708399363528893.
checkpoint_e33 window_influence: 0.45576239924079626, penalty_k: 0.03303789035794141, scale_lr: 0.71705316197390512, EAO: 0.347
Trial 659 finished with value: 0.34667792406063597 and parameters: {'window_influence': 0.45576239924079626, 'penalty_k': 0.03303789035794141, 'scale_lr': 0.7170531619739051}. Best is trial 620 with value: 0.36708399363528893.
checkpoint_e33 window_influence: 0.53399518955265957, penalty_k: 0.36657571441896419, scale_lr: 0.68658495174635492, EAO: 0.292
Trial 660 finished with value: 0.2923970977967815 and parameters: {'window_influence': 0.5339951895526596, 'penalty_k': 0.3665757144189642, 'scale_lr': 0.6865849517463549}. Best is trial 620 with value: 0.36708399363528893.
checkpoint_e33 window_influence: 0.48753470232214408, penalty_k: 0.52004047329590430, scale_lr: 0.59896526101875835, EAO: 0.298
Trial 661 finished with value: 0.2978854770210467 and parameters: {'window_influence': 0.4875347023221441, 'penalty_k': 0.5200404732959043, 'scale_lr': 0.5989652610187584}. Best is trial 620 with value: 0.36708399363528893.
checkpoint_e33 window_influence: 0.36030071566755595, penalty_k: 0.18171303588492105, scale_lr: 0.55170086829146148, EAO: 0.310
Trial 662 finished with value: 0.3098868207013097 and parameters: {'window_influence': 0.36030071566755595, 'penalty_k': 0.18171303588492105, 'scale_lr': 0.5517008682914615}. Best is trial 620 with value: 0.36708399363528893.
checkpoint_e33 window_influence: 0.26174993412384406, penalty_k: 0.04885643951961188, scale_lr: 0.63823845624321129, EAO: 0.288
Trial 663 finished with value: 0.2879550710958266 and parameters: {'window_influence': 0.26174993412384406, 'penalty_k': 0.04885643951961188, 'scale_lr': 0.6382384562432113}. Best is trial 620 with value: 0.36708399363528893.
checkpoint_e33 window_influence: 0.50400208346778352, penalty_k: 0.07951785261818360, scale_lr: 0.64286626011575698, EAO: 0.331
Trial 664 finished with value: 0.3310362752309569 and parameters: {'window_influence': 0.5040020834677835, 'penalty_k': 0.0795178526181836, 'scale_lr': 0.642866260115757}. Best is trial 620 with value: 0.36708399363528893.
checkpoint_e33 window_influence: 0.47531762926458448, penalty_k: 0.02181125650067221, scale_lr: 0.65179060508917130, EAO: 0.359
Trial 665 finished with value: 0.3588566251302044 and parameters: {'window_influence': 0.4753176292645845, 'penalty_k': 0.02181125650067221, 'scale_lr': 0.6517906050891713}. Best is trial 620 with value: 0.36708399363528893.
checkpoint_e33 window_influence: 0.46130385228792015, penalty_k: 0.01069136120167605, scale_lr: 0.67289208452330151, EAO: 0.352
Trial 666 finished with value: 0.3517810661737093 and parameters: {'window_influence': 0.46130385228792015, 'penalty_k': 0.010691361201676053, 'scale_lr': 0.6728920845233015}. Best is trial 620 with value: 0.36708399363528893.
checkpoint_e33 window_influence: 0.47481539262058009, penalty_k: 0.02881021430139508, scale_lr: 0.76867176139851323, EAO: 0.347
Trial 667 finished with value: 0.34733125207952953 and parameters: {'window_influence': 0.4748153926205801, 'penalty_k': 0.028810214301395076, 'scale_lr': 0.7686717613985132}. Best is trial 620 with value: 0.36708399363528893.
checkpoint_e33 window_influence: 0.19733509389552631, penalty_k: 0.01982186638735733, scale_lr: 0.64346577361044210, EAO: 0.286
Trial 668 finished with value: 0.2862982308122434 and parameters: {'window_influence': 0.1973350938955263, 'penalty_k': 0.019821866387357327, 'scale_lr': 0.6434657736104421}. Best is trial 620 with value: 0.36708399363528893.
checkpoint_e33 window_influence: 0.38852177728228321, penalty_k: 0.13975068889939105, scale_lr: 0.72489766705049219, EAO: 0.324
Trial 669 finished with value: 0.3242436320401351 and parameters: {'window_influence': 0.3885217772822832, 'penalty_k': 0.13975068889939105, 'scale_lr': 0.7248976670504922}. Best is trial 620 with value: 0.36708399363528893.
checkpoint_e33 window_influence: 0.44535717338277742, penalty_k: 0.01068534985407037, scale_lr: 0.65367293552288142, EAO: 0.341
Trial 670 finished with value: 0.34062825926083073 and parameters: {'window_influence': 0.4453571733827774, 'penalty_k': 0.010685349854070374, 'scale_lr': 0.6536729355228814}. Best is trial 620 with value: 0.36708399363528893.
checkpoint_e33 window_influence: 0.42624647820961520, penalty_k: 0.58232944326118263, scale_lr: 0.58318308451082879, EAO: 0.323
Trial 671 finished with value: 0.3234900467474637 and parameters: {'window_influence': 0.4262464782096152, 'penalty_k': 0.5823294432611826, 'scale_lr': 0.5831830845108288}. Best is trial 620 with value: 0.36708399363528893.
checkpoint_e33 window_influence: 0.29948180794865892, penalty_k: 0.03372837095250036, scale_lr: 0.79983517994323516, EAO: 0.308
Trial 672 finished with value: 0.307708362603002 and parameters: {'window_influence': 0.2994818079486589, 'penalty_k': 0.033728370952500364, 'scale_lr': 0.7998351799432352}. Best is trial 620 with value: 0.36708399363528893.
checkpoint_e33 window_influence: 0.47565372913133253, penalty_k: 0.02190302596189276, scale_lr: 0.61938189335388882, EAO: 0.351
Trial 673 finished with value: 0.35070438190193026 and parameters: {'window_influence': 0.4756537291313325, 'penalty_k': 0.02190302596189276, 'scale_lr': 0.6193818933538888}. Best is trial 620 with value: 0.36708399363528893.
checkpoint_e33 window_influence: 0.20363258652544958, penalty_k: 0.16423642951309361, scale_lr: 0.66390112061735407, EAO: 0.302
Trial 674 finished with value: 0.30170965101932273 and parameters: {'window_influence': 0.20363258652544958, 'penalty_k': 0.1642364295130936, 'scale_lr': 0.6639011206173541}. Best is trial 620 with value: 0.36708399363528893.
checkpoint_e33 window_influence: 0.45892302852576977, penalty_k: 0.48017572305553635, scale_lr: 0.71662582545277509, EAO: 0.334
Trial 675 finished with value: 0.33400509294832725 and parameters: {'window_influence': 0.45892302852576977, 'penalty_k': 0.48017572305553635, 'scale_lr': 0.7166258254527751}. Best is trial 620 with value: 0.36708399363528893.
checkpoint_e33 window_influence: 0.48283000793915981, penalty_k: 0.04034439643483238, scale_lr: 0.68792350310748773, EAO: 0.329
Trial 676 finished with value: 0.329443276160422 and parameters: {'window_influence': 0.4828300079391598, 'penalty_k': 0.040344396434832376, 'scale_lr': 0.6879235031074877}. Best is trial 620 with value: 0.36708399363528893.
checkpoint_e33 window_influence: 0.43807664626513199, penalty_k: 0.38802368310011198, scale_lr: 0.53800941555514714, EAO: 0.327
Trial 677 finished with value: 0.32717457135363776 and parameters: {'window_influence': 0.438076646265132, 'penalty_k': 0.388023683100112, 'scale_lr': 0.5380094155551471}. Best is trial 620 with value: 0.36708399363528893.
checkpoint_e33 window_influence: 0.13547214363170237, penalty_k: 0.01334733594979397, scale_lr: 0.74417977954052783, EAO: 0.255
