Trial 186 finished with value: 0.3372018332611262 and parameters: {'window_influence': 0.45720893734418916, 'penalty_k': 0.05554611764718033, 'scale_lr': 0.4340519036268249}. Best is trial 32 with value: 0.38394216433573325.
checkpoint_e23 window_influence: 0.46987370500292669, penalty_k: 0.07650245452750490, scale_lr: 0.46904930484338819, EAO: 0.359
Trial 187 finished with value: 0.35923587533750423 and parameters: {'window_influence': 0.4698737050029267, 'penalty_k': 0.0765024545275049, 'scale_lr': 0.4690493048433882}. Best is trial 32 with value: 0.38394216433573325.
checkpoint_e23 window_influence: 0.43087490743248535, penalty_k: 0.08069024001623343, scale_lr: 0.46253918152337575, EAO: 0.341
Trial 188 finished with value: 0.3413389165113872 and parameters: {'window_influence': 0.43087490743248535, 'penalty_k': 0.08069024001623343, 'scale_lr': 0.46253918152337575}. Best is trial 32 with value: 0.38394216433573325.
checkpoint_e23 window_influence: 0.46990601524256692, penalty_k: 0.09384878825546693, scale_lr: 0.47138370454948564, EAO: 0.342
Trial 189 finished with value: 0.3420809866853261 and parameters: {'window_influence': 0.4699060152425669, 'penalty_k': 0.09384878825546693, 'scale_lr': 0.47138370454948564}. Best is trial 32 with value: 0.38394216433573325.
checkpoint_e23 window_influence: 0.48443640447618236, penalty_k: 0.07225365081647128, scale_lr: 0.44498751696240263, EAO: 0.338
Trial 190 finished with value: 0.33788802802330786 and parameters: {'window_influence': 0.48443640447618236, 'penalty_k': 0.07225365081647128, 'scale_lr': 0.44498751696240263}. Best is trial 32 with value: 0.38394216433573325.
checkpoint_e23 window_influence: 0.45938977095647970, penalty_k: 0.05585791167664836, scale_lr: 0.41431106249230165, EAO: 0.338
Trial 191 finished with value: 0.3375695531006453 and parameters: {'window_influence': 0.4593897709564797, 'penalty_k': 0.05585791167664836, 'scale_lr': 0.41431106249230165}. Best is trial 32 with value: 0.38394216433573325.
checkpoint_e23 window_influence: 0.47389944768289133, penalty_k: 0.08470256681544286, scale_lr: 0.51182433208326472, EAO: 0.347
Trial 192 finished with value: 0.3473464804864579 and parameters: {'window_influence': 0.47389944768289133, 'penalty_k': 0.08470256681544286, 'scale_lr': 0.5118243320832647}. Best is trial 32 with value: 0.38394216433573325.
checkpoint_e23 window_influence: 0.49577529251564800, penalty_k: 0.03971245136748046, scale_lr: 0.48549833534354209, EAO: 0.350
Trial 193 finished with value: 0.3502680438965675 and parameters: {'window_influence': 0.495775292515648, 'penalty_k': 0.03971245136748046, 'scale_lr': 0.4854983353435421}. Best is trial 32 with value: 0.38394216433573325.
checkpoint_e23 window_influence: 0.44390008139226295, penalty_k: 0.06710130919146251, scale_lr: 0.42484279784796691, EAO: 0.336
Trial 194 finished with value: 0.33569069514014843 and parameters: {'window_influence': 0.44390008139226295, 'penalty_k': 0.06710130919146251, 'scale_lr': 0.4248427978479669}. Best is trial 32 with value: 0.38394216433573325.
checkpoint_e23 window_influence: 0.31682295432032570, penalty_k: 0.04670598914762056, scale_lr: 0.49947144528961579, EAO: 0.320
Trial 195 finished with value: 0.320105340984081 and parameters: {'window_influence': 0.3168229543203257, 'penalty_k': 0.046705989147620565, 'scale_lr': 0.4994714452896158}. Best is trial 32 with value: 0.38394216433573325.
checkpoint_e23 window_influence: 0.46656411564243172, penalty_k: 0.10259139413147958, scale_lr: 0.39755211717955719, EAO: 0.348
Trial 196 finished with value: 0.3477807696691283 and parameters: {'window_influence': 0.4665641156424317, 'penalty_k': 0.10259139413147958, 'scale_lr': 0.3975521171795572}. Best is trial 32 with value: 0.38394216433573325.
checkpoint_e23 window_influence: 0.48121083166767353, penalty_k: 0.01757702482848943, scale_lr: 0.38149553141864379, EAO: 0.374
Trial 197 finished with value: 0.3744670000753514 and parameters: {'window_influence': 0.48121083166767353, 'penalty_k': 0.017577024828489426, 'scale_lr': 0.3814955314186438}. Best is trial 32 with value: 0.38394216433573325.
checkpoint_e23 window_influence: 0.48463991281428598, penalty_k: 0.01578827298744075, scale_lr: 0.38060875151254997, EAO: 0.344
Trial 198 finished with value: 0.343974042495401 and parameters: {'window_influence': 0.484639912814286, 'penalty_k': 0.015788272987440746, 'scale_lr': 0.38060875151254997}. Best is trial 32 with value: 0.38394216433573325.
checkpoint_e23 window_influence: 0.51455403345061623, penalty_k: 0.05529633991204913, scale_lr: 0.37241895961538390, EAO: 0.337
Trial 199 finished with value: 0.33742109439716267 and parameters: {'window_influence': 0.5145540334506162, 'penalty_k': 0.05529633991204913, 'scale_lr': 0.3724189596153839}. Best is trial 32 with value: 0.38394216433573325.
checkpoint_e23 window_influence: 0.49911827409729065, penalty_k: 0.17906070245772890, scale_lr: 0.34001791970124484, EAO: 0.335
Trial 200 finished with value: 0.33450507781384986 and parameters: {'window_influence': 0.49911827409729065, 'penalty_k': 0.1790607024577289, 'scale_lr': 0.34001791970124484}. Best is trial 32 with value: 0.38394216433573325.
checkpoint_e23 window_influence: 0.47672471309338443, penalty_k: 0.00053583493117119, scale_lr: 0.38922613326156835, EAO: 0.366
Trial 201 finished with value: 0.36638824601117737 and parameters: {'window_influence': 0.47672471309338443, 'penalty_k': 0.0005358349311711912, 'scale_lr': 0.38922613326156835}. Best is trial 32 with value: 0.38394216433573325.
checkpoint_e23 window_influence: 0.48079666834636303, penalty_k: 0.02549507799393748, scale_lr: 0.38986195246014810, EAO: 0.354
Trial 202 finished with value: 0.35368024549131727 and parameters: {'window_influence': 0.48079666834636303, 'penalty_k': 0.025495077993937482, 'scale_lr': 0.3898619524601481}. Best is trial 32 with value: 0.38394216433573325.
checkpoint_e23 window_influence: 0.64229245600300966, penalty_k: 0.00347234199545407, scale_lr: 0.35455730553201403, EAO: 0.238
Trial 203 finished with value: 0.2378359762843017 and parameters: {'window_influence': 0.6422924560030097, 'penalty_k': 0.0034723419954540737, 'scale_lr': 0.35455730553201403}. Best is trial 32 with value: 0.38394216433573325.
checkpoint_e23 window_influence: 0.47332508795019657, penalty_k: 0.01379519934368167, scale_lr: 0.40394641178560425, EAO: 0.367
Trial 204 finished with value: 0.3670682270471224 and parameters: {'window_influence': 0.47332508795019657, 'penalty_k': 0.01379519934368167, 'scale_lr': 0.40394641178560425}. Best is trial 32 with value: 0.38394216433573325.
checkpoint_e23 window_influence: 0.45621015699897632, penalty_k: 0.00073687359699644, scale_lr: 0.40824405452540280, EAO: 0.339
Trial 205 finished with value: 0.33895484239210877 and parameters: {'window_influence': 0.4562101569989763, 'penalty_k': 0.0007368735969964374, 'scale_lr': 0.4082440545254028}. Best is trial 32 with value: 0.38394216433573325.
checkpoint_e23 window_influence: 0.47325175891962273, penalty_k: 0.01717089112443011, scale_lr: 0.40089665446117628, EAO: 0.332
Trial 206 finished with value: 0.3324978307527327 and parameters: {'window_influence': 0.47325175891962273, 'penalty_k': 0.017170891124430113, 'scale_lr': 0.4008966544611763}. Best is trial 32 with value: 0.38394216433573325.
checkpoint_e23 window_influence: 0.45507694517629987, penalty_k: 0.01125792855489251, scale_lr: 0.38511086834707248, EAO: 0.362
Trial 207 finished with value: 0.3617424603102272 and parameters: {'window_influence': 0.4550769451762999, 'penalty_k': 0.011257928554892507, 'scale_lr': 0.3851108683470725}. Best is trial 32 with value: 0.38394216433573325.
checkpoint_e23 window_influence: 0.43870653939331405, penalty_k: 0.01756353447839962, scale_lr: 0.42468731437975354, EAO: 0.345
Trial 208 finished with value: 0.34472028684987166 and parameters: {'window_influence': 0.43870653939331405, 'penalty_k': 0.017563534478399624, 'scale_lr': 0.42468731437975354}. Best is trial 32 with value: 0.38394216433573325.
checkpoint_e23 window_influence: 0.45450709624105112, penalty_k: 0.00901551339325028, scale_lr: 0.38639434667119354, EAO: 0.351
Trial 209 finished with value: 0.3513908569450972 and parameters: {'window_influence': 0.4545070962410511, 'penalty_k': 0.009015513393250279, 'scale_lr': 0.38639434667119354}. Best is trial 32 with value: 0.38394216433573325.
checkpoint_e23 window_influence: 0.35229459562951426, penalty_k: 0.02889542529081498, scale_lr: 0.44191312525870607, EAO: 0.319
Trial 210 finished with value: 0.31905178551775937 and parameters: {'window_influence': 0.35229459562951426, 'penalty_k': 0.028895425290814982, 'scale_lr': 0.4419131252587061}. Best is trial 32 with value: 0.38394216433573325.
checkpoint_e23 window_influence: 0.47443959432981103, penalty_k: 0.00180089755772956, scale_lr: 0.37598787513759618, EAO: 0.336
Trial 211 finished with value: 0.33572989052835606 and parameters: {'window_influence': 0.47443959432981103, 'penalty_k': 0.0018008975577295614, 'scale_lr': 0.3759878751375962}. Best is trial 32 with value: 0.38394216433573325.
checkpoint_e23 window_influence: 0.46606306566836214, penalty_k: 0.03686932494570701, scale_lr: 0.39662104473598103, EAO: 0.343
Trial 212 finished with value: 0.3434078413920644 and parameters: {'window_influence': 0.46606306566836214, 'penalty_k': 0.03686932494570701, 'scale_lr': 0.39662104473598103}. Best is trial 32 with value: 0.38394216433573325.
checkpoint_e23 window_influence: 0.48536579411930431, penalty_k: 0.21723306781348506, scale_lr: 0.41487380246012207, EAO: 0.327
Trial 213 finished with value: 0.3271781651426382 and parameters: {'window_influence': 0.4853657941193043, 'penalty_k': 0.21723306781348506, 'scale_lr': 0.41487380246012207}. Best is trial 32 with value: 0.38394216433573325.
checkpoint_e23 window_influence: 0.46036422103176006, penalty_k: 0.01536121348469977, scale_lr: 0.38354785179730166, EAO: 0.350
Trial 214 finished with value: 0.3503135959925818 and parameters: {'window_influence': 0.46036422103176006, 'penalty_k': 0.015361213484699774, 'scale_lr': 0.38354785179730166}. Best is trial 32 with value: 0.38394216433573325.
checkpoint_e23 window_influence: 0.49402248818843869, penalty_k: 0.08725178013224094, scale_lr: 0.36159852554887323, EAO: 0.334
Trial 215 finished with value: 0.33430237598456297 and parameters: {'window_influence': 0.4940224881884387, 'penalty_k': 0.08725178013224094, 'scale_lr': 0.36159852554887323}. Best is trial 32 with value: 0.38394216433573325.
checkpoint_e23 window_influence: 0.44895549446826299, penalty_k: 0.11741878666885594, scale_lr: 0.40675558811188584, EAO: 0.326
Trial 216 finished with value: 0.3258198383717221 and parameters: {'window_influence': 0.448955494468263, 'penalty_k': 0.11741878666885594, 'scale_lr': 0.40675558811188584}. Best is trial 32 with value: 0.38394216433573325.
checkpoint_e23 window_influence: 0.48161053548249638, penalty_k: 0.25869686806069858, scale_lr: 0.42869480769761104, EAO: 0.342
Trial 217 finished with value: 0.3422579746765849 and parameters: {'window_influence': 0.4816105354824964, 'penalty_k': 0.2586968680606986, 'scale_lr': 0.42869480769761104}. Best is trial 32 with value: 0.38394216433573325.
checkpoint_e23 window_influence: 0.40096552440437477, penalty_k: 0.02494843387603854, scale_lr: 0.37080824952534214, EAO: 0.309
Trial 218 finished with value: 0.308520681315359 and parameters: {'window_influence': 0.4009655244043748, 'penalty_k': 0.024948433876038536, 'scale_lr': 0.37080824952534214}. Best is trial 32 with value: 0.38394216433573325.
checkpoint_e23 window_influence: 0.50407466059154682, penalty_k: 0.06840859255470974, scale_lr: 0.39059129940643328, EAO: 0.348
Trial 219 finished with value: 0.34794547145004867 and parameters: {'window_influence': 0.5040746605915468, 'penalty_k': 0.06840859255470974, 'scale_lr': 0.3905912994064333}. Best is trial 32 with value: 0.38394216433573325.
checkpoint_e23 window_influence: 0.46894174521894638, penalty_k: 0.04633583673605189, scale_lr: 0.45576634943804106, EAO: 0.338
Trial 220 finished with value: 0.338091148360694 and parameters: {'window_influence': 0.4689417452189464, 'penalty_k': 0.04633583673605189, 'scale_lr': 0.45576634943804106}. Best is trial 32 with value: 0.38394216433573325.
checkpoint_e23 window_influence: 0.49192791837532907, penalty_k: 0.19276254510805974, scale_lr: 0.32293360272856969, EAO: 0.321
Trial 221 finished with value: 0.32136269110881865 and parameters: {'window_influence': 0.49192791837532907, 'penalty_k': 0.19276254510805974, 'scale_lr': 0.3229336027285697}. Best is trial 32 with value: 0.38394216433573325.
checkpoint_e23 window_influence: 0.47724915907685073, penalty_k: 0.03476243686763027, scale_lr: 0.35167627230941395, EAO: 0.352
Trial 222 finished with value: 0.3518526200422517 and parameters: {'window_influence': 0.4772491590768507, 'penalty_k': 0.034762436867630274, 'scale_lr': 0.35167627230941395}. Best is trial 32 with value: 0.38394216433573325.
checkpoint_e23 window_influence: 0.49243553821508285, penalty_k: 0.14971239050934504, scale_lr: 0.37284665977034798, EAO: 0.330
Trial 223 finished with value: 0.3301215421133004 and parameters: {'window_influence': 0.49243553821508285, 'penalty_k': 0.14971239050934504, 'scale_lr': 0.372846659770348}. Best is trial 32 with value: 0.38394216433573325.
checkpoint_e23 window_influence: 0.18246465181620389, penalty_k: 0.05312417075848148, scale_lr: 0.39894456831946246, EAO: 0.285
Trial 224 finished with value: 0.2853833924587599 and parameters: {'window_influence': 0.1824646518162039, 'penalty_k': 0.05312417075848148, 'scale_lr': 0.39894456831946246}. Best is trial 32 with value: 0.38394216433573325.
checkpoint_e23 window_influence: 0.46441546825333696, penalty_k: 0.59542222471161887, scale_lr: 0.38571689687621730, EAO: 0.297
Trial 225 finished with value: 0.2967983681983985 and parameters: {'window_influence': 0.46441546825333696, 'penalty_k': 0.5954222247116189, 'scale_lr': 0.3857168968762173}. Best is trial 32 with value: 0.38394216433573325.
checkpoint_e23 window_influence: 0.50756281496661471, penalty_k: 0.03954830383134678, scale_lr: 0.36152111174778745, EAO: 0.334
Trial 226 finished with value: 0.3343410709952566 and parameters: {'window_influence': 0.5075628149666147, 'penalty_k': 0.039548303831346776, 'scale_lr': 0.36152111174778745}. Best is trial 32 with value: 0.38394216433573325.
checkpoint_e23 window_influence: 0.48026845115314792, penalty_k: 0.01309342947219726, scale_lr: 0.47342972755896340, EAO: 0.362
Trial 227 finished with value: 0.36195066327714737 and parameters: {'window_influence': 0.4802684511531479, 'penalty_k': 0.013093429472197264, 'scale_lr': 0.4734297275589634}. Best is trial 32 with value: 0.38394216433573325.
checkpoint_e23 window_influence: 0.47936599210193431, penalty_k: 0.00021682606934528, scale_lr: 0.44820822320510401, EAO: 0.343
Trial 228 finished with value: 0.34341087798200226 and parameters: {'window_influence': 0.4793659921019343, 'penalty_k': 0.00021682606934528498, 'scale_lr': 0.448208223205104}. Best is trial 32 with value: 0.38394216433573325.
checkpoint_e23 window_influence: 0.45154446390078673, penalty_k: 0.01225765053185962, scale_lr: 0.48026680552227868, EAO: 0.331
Trial 229 finished with value: 0.3305105220830858 and parameters: {'window_influence': 0.45154446390078673, 'penalty_k': 0.012257650531859617, 'scale_lr': 0.4802668055222787}. Best is trial 32 with value: 0.38394216433573325.
checkpoint_e23 window_influence: 0.42771800593878256, penalty_k: 0.02527644555278338, scale_lr: 0.46885888682611182, EAO: 0.323
Trial 230 finished with value: 0.323357710172694 and parameters: {'window_influence': 0.42771800593878256, 'penalty_k': 0.025276445552783376, 'scale_lr': 0.4688588868261118}. Best is trial 32 with value: 0.38394216433573325.
checkpoint_e23 window_influence: 0.49095665138226274, penalty_k: 0.07717393293997241, scale_lr: 0.41217850822650270, EAO: 0.347
Trial 231 finished with value: 0.34710264043585337 and parameters: {'window_influence': 0.49095665138226274, 'penalty_k': 0.0771739329399724, 'scale_lr': 0.4121785082265027}. Best is trial 32 with value: 0.38394216433573325.
checkpoint_e23 window_influence: 0.47182031955758275, penalty_k: 0.01575995278512976, scale_lr: 0.34301344318530069, EAO: 0.337
Trial 232 finished with value: 0.337106028651449 and parameters: {'window_influence': 0.47182031955758275, 'penalty_k': 0.01575995278512976, 'scale_lr': 0.3430134431853007}. Best is trial 32 with value: 0.38394216433573325.
checkpoint_e23 window_influence: 0.61118726746183827, penalty_k: 0.05883015539480632, scale_lr: 0.43641670082553691, EAO: 0.278
Trial 233 finished with value: 0.27846214360764054 and parameters: {'window_influence': 0.6111872674618383, 'penalty_k': 0.05883015539480632, 'scale_lr': 0.4364167008255369}. Best is trial 32 with value: 0.38394216433573325.
checkpoint_e23 window_influence: 0.48384351754943639, penalty_k: 0.03449750200457560, scale_lr: 0.37552640178969243, EAO: 0.359
Trial 234 finished with value: 0.3588596725046403 and parameters: {'window_influence': 0.4838435175494364, 'penalty_k': 0.0344975020045756, 'scale_lr': 0.37552640178969243}. Best is trial 32 with value: 0.38394216433573325.
checkpoint_e23 window_influence: 0.47757506032039443, penalty_k: 0.02326317047457325, scale_lr: 0.38165064422774231, EAO: 0.326
Trial 235 finished with value: 0.3260848996472266 and parameters: {'window_influence': 0.47757506032039443, 'penalty_k': 0.02326317047457325, 'scale_lr': 0.3816506442277423}. Best is trial 32 with value: 0.38394216433573325.
checkpoint_e23 window_influence: 0.46143724354453680, penalty_k: 0.09889803713559159, scale_lr: 0.39797505624029672, EAO: 0.352
Trial 236 finished with value: 0.35167299240015826 and parameters: {'window_influence': 0.4614372435445368, 'penalty_k': 0.09889803713559159, 'scale_lr': 0.3979750562402967}. Best is trial 32 with value: 0.38394216433573325.
checkpoint_e23 window_influence: 0.48781857393926031, penalty_k: 0.03868416180693504, scale_lr: 0.37064564036746850, EAO: 0.349
Trial 237 finished with value: 0.3486046927912226 and parameters: {'window_influence': 0.4878185739392603, 'penalty_k': 0.03868416180693504, 'scale_lr': 0.3706456403674685}. Best is trial 32 with value: 0.38394216433573325.
checkpoint_e23 window_influence: 0.50350460106669859, penalty_k: 0.13664013492966343, scale_lr: 0.42252775453106084, EAO: 0.336
Trial 238 finished with value: 0.3363193094962302 and parameters: {'window_influence': 0.5035046010666986, 'penalty_k': 0.13664013492966343, 'scale_lr': 0.42252775453106084}. Best is trial 32 with value: 0.38394216433573325.
checkpoint_e23 window_influence: 0.46885387029805614, penalty_k: 0.06626449303645390, scale_lr: 0.47619561599395377, EAO: 0.334
Trial 239 finished with value: 0.3344043788974851 and parameters: {'window_influence': 0.46885387029805614, 'penalty_k': 0.0662644930364539, 'scale_lr': 0.47619561599395377}. Best is trial 32 with value: 0.38394216433573325.
checkpoint_e23 window_influence: 0.33171018091024751, penalty_k: 0.00950646646146892, scale_lr: 0.65725767221694287, EAO: 0.321
Trial 240 finished with value: 0.3211699452845503 and parameters: {'window_influence': 0.3317101809102475, 'penalty_k': 0.009506466461468917, 'scale_lr': 0.6572576722169429}. Best is trial 32 with value: 0.38394216433573325.
checkpoint_e23 window_influence: 0.48360120845286048, penalty_k: 0.04843417296457740, scale_lr: 0.35656146299412433, EAO: 0.339
Trial 241 finished with value: 0.33900062490530053 and parameters: {'window_influence': 0.4836012084528605, 'penalty_k': 0.0484341729645774, 'scale_lr': 0.35656146299412433}. Best is trial 32 with value: 0.38394216433573325.
checkpoint_e23 window_influence: 0.49424966363314604, penalty_k: 0.03121352412597964, scale_lr: 0.38739944078230026, EAO: 0.348
Trial 242 finished with value: 0.34824641309823506 and parameters: {'window_influence': 0.49424966363314604, 'penalty_k': 0.03121352412597964, 'scale_lr': 0.38739944078230026}. Best is trial 32 with value: 0.38394216433573325.
checkpoint_e23 window_influence: 0.05931654919058532, penalty_k: 0.08059276529805615, scale_lr: 0.37289271498095022, EAO: 0.243
Trial 243 finished with value: 0.2434280737944614 and parameters: {'window_influence': 0.05931654919058532, 'penalty_k': 0.08059276529805615, 'scale_lr': 0.3728927149809502}. Best is trial 32 with value: 0.38394216433573325.
checkpoint_e23 window_influence: 0.47657717406867556, penalty_k: 0.04240007104273478, scale_lr: 0.17649286615142573, EAO: 0.323
Trial 244 finished with value: 0.3231986032269808 and parameters: {'window_influence': 0.47657717406867556, 'penalty_k': 0.04240007104273478, 'scale_lr': 0.17649286615142573}. Best is trial 32 with value: 0.38394216433573325.
checkpoint_e23 window_influence: 0.51587540968471357, penalty_k: 0.02425168913739963, scale_lr: 0.40724317026889506, EAO: 0.343
Trial 245 finished with value: 0.342980142001512 and parameters: {'window_influence': 0.5158754096847136, 'penalty_k': 0.024251689137399633, 'scale_lr': 0.40724317026889506}. Best is trial 32 with value: 0.38394216433573325.
checkpoint_e23 window_influence: 0.08324139773107947, penalty_k: 0.05948275625654648, scale_lr: 0.45690961669886199, EAO: 0.264
Trial 246 finished with value: 0.26373629237195395 and parameters: {'window_influence': 0.08324139773107947, 'penalty_k': 0.059482756256546476, 'scale_lr': 0.456909616698862}. Best is trial 32 with value: 0.38394216433573325.
checkpoint_e23 window_influence: 0.49928471919248407, penalty_k: 0.49054804264851837, scale_lr: 0.49606783214158473, EAO: 0.301
Trial 247 finished with value: 0.3010653752529204 and parameters: {'window_influence': 0.49928471919248407, 'penalty_k': 0.49054804264851837, 'scale_lr': 0.49606783214158473}. Best is trial 32 with value: 0.38394216433573325.
checkpoint_e23 window_influence: 0.45712829660149595, penalty_k: 0.03362322984952842, scale_lr: 0.33627254750089386, EAO: 0.355
