Trial 1648 finished with value: 0.3386667462406455 and parameters: {'window_influence': 0.48086244301794484, 'penalty_k': 0.1441615336267409, 'scale_lr': 0.5198221525360462}. Best is trial 896 with value: 0.3777425812144224.
checkpoint_e33 window_influence: 0.21361922957211174, penalty_k: 0.15486992274048303, scale_lr: 0.54078862389741489, EAO: 0.288
Trial 1649 finished with value: 0.2882696081112331 and parameters: {'window_influence': 0.21361922957211174, 'penalty_k': 0.15486992274048303, 'scale_lr': 0.5407886238974149}. Best is trial 896 with value: 0.3777425812144224.
checkpoint_e33 window_influence: 0.49486734239427155, penalty_k: 0.13645542942109698, scale_lr: 0.52465043448275495, EAO: 0.322
Trial 1650 finished with value: 0.3217227714650826 and parameters: {'window_influence': 0.49486734239427155, 'penalty_k': 0.13645542942109698, 'scale_lr': 0.524650434482755}. Best is trial 896 with value: 0.3777425812144224.
checkpoint_e33 window_influence: 0.47267111756323504, penalty_k: 0.15187382812161812, scale_lr: 0.51171507999841437, EAO: 0.348
Trial 1651 finished with value: 0.3482598903578079 and parameters: {'window_influence': 0.47267111756323504, 'penalty_k': 0.15187382812161812, 'scale_lr': 0.5117150799984144}. Best is trial 896 with value: 0.3777425812144224.
checkpoint_e33 window_influence: 0.50475914094652108, penalty_k: 0.12160594651627980, scale_lr: 0.52981254631030805, EAO: 0.350
Trial 1652 finished with value: 0.3499560984656041 and parameters: {'window_influence': 0.5047591409465211, 'penalty_k': 0.1216059465162798, 'scale_lr': 0.529812546310308}. Best is trial 896 with value: 0.3777425812144224.
checkpoint_e33 window_influence: 0.49074158454597688, penalty_k: 0.15773756011117299, scale_lr: 0.54842594356707886, EAO: 0.340
Trial 1653 finished with value: 0.339848576700641 and parameters: {'window_influence': 0.4907415845459769, 'penalty_k': 0.157737560111173, 'scale_lr': 0.5484259435670789}. Best is trial 896 with value: 0.3777425812144224.
checkpoint_e33 window_influence: 0.47851049993759243, penalty_k: 0.17014334445918758, scale_lr: 0.50966045955790107, EAO: 0.341
Trial 1654 finished with value: 0.3410520281077359 and parameters: {'window_influence': 0.4785104999375924, 'penalty_k': 0.17014334445918758, 'scale_lr': 0.5096604595579011}. Best is trial 896 with value: 0.3777425812144224.
checkpoint_e33 window_influence: 0.59626690420890993, penalty_k: 0.13454385067550242, scale_lr: 0.52759269438861944, EAO: 0.257
Trial 1655 finished with value: 0.25685523821454104 and parameters: {'window_influence': 0.5962669042089099, 'penalty_k': 0.13454385067550242, 'scale_lr': 0.5275926943886194}. Best is trial 896 with value: 0.3777425812144224.
checkpoint_e33 window_influence: 0.46628918915174478, penalty_k: 0.14363700457470752, scale_lr: 0.58294766588568536, EAO: 0.343
Trial 1656 finished with value: 0.34312336164225865 and parameters: {'window_influence': 0.4662891891517448, 'penalty_k': 0.14363700457470752, 'scale_lr': 0.5829476658856854}. Best is trial 896 with value: 0.3777425812144224.
checkpoint_e33 window_influence: 0.52152185364103043, penalty_k: 0.16668433122655107, scale_lr: 0.23252012741786166, EAO: 0.313
Trial 1657 finished with value: 0.31331453962316774 and parameters: {'window_influence': 0.5215218536410304, 'penalty_k': 0.16668433122655107, 'scale_lr': 0.23252012741786166}. Best is trial 896 with value: 0.3777425812144224.
checkpoint_e33 window_influence: 0.24853466017277070, penalty_k: 0.15020596446008028, scale_lr: 0.50329429775892420, EAO: 0.282
Trial 1658 finished with value: 0.2823971115661502 and parameters: {'window_influence': 0.2485346601727707, 'penalty_k': 0.15020596446008028, 'scale_lr': 0.5032942977589242}. Best is trial 896 with value: 0.3777425812144224.
checkpoint_e33 window_influence: 0.48471244287770754, penalty_k: 0.18184771248896114, scale_lr: 0.29173537809648931, EAO: 0.330
Trial 1659 finished with value: 0.3296178545121553 and parameters: {'window_influence': 0.48471244287770754, 'penalty_k': 0.18184771248896114, 'scale_lr': 0.2917353780964893}. Best is trial 896 with value: 0.3777425812144224.
checkpoint_e33 window_influence: 0.49698135553951622, penalty_k: 0.12263265126669187, scale_lr: 0.75839305251652800, EAO: 0.344
Trial 1660 finished with value: 0.3439679242061734 and parameters: {'window_influence': 0.4969813555395162, 'penalty_k': 0.12263265126669187, 'scale_lr': 0.758393052516528}. Best is trial 896 with value: 0.3777425812144224.
checkpoint_e33 window_influence: 0.46899813776725574, penalty_k: 0.10767343306026550, scale_lr: 0.55453606537772138, EAO: 0.344
Trial 1661 finished with value: 0.3438178406383277 and parameters: {'window_influence': 0.46899813776725574, 'penalty_k': 0.1076734330602655, 'scale_lr': 0.5545360653777214}. Best is trial 896 with value: 0.3777425812144224.
checkpoint_e33 window_influence: 0.08923646766104293, penalty_k: 0.16595844651024269, scale_lr: 0.65507820823486229, EAO: 0.253
Trial 1662 finished with value: 0.25287925837568737 and parameters: {'window_influence': 0.08923646766104293, 'penalty_k': 0.1659584465102427, 'scale_lr': 0.6550782082348623}. Best is trial 896 with value: 0.3777425812144224.
checkpoint_e33 window_influence: 0.32163863874525289, penalty_k: 0.09336339023390541, scale_lr: 0.68980001737391572, EAO: 0.337
Trial 1663 finished with value: 0.33723965774250403 and parameters: {'window_influence': 0.3216386387452529, 'penalty_k': 0.09336339023390541, 'scale_lr': 0.6898000173739157}. Best is trial 896 with value: 0.3777425812144224.
checkpoint_e33 window_influence: 0.51042142654337175, penalty_k: 0.18008023892730773, scale_lr: 0.51553490991695228, EAO: 0.329
Trial 1664 finished with value: 0.3291768454855982 and parameters: {'window_influence': 0.5104214265433717, 'penalty_k': 0.18008023892730773, 'scale_lr': 0.5155349099169523}. Best is trial 896 with value: 0.3777425812144224.
checkpoint_e33 window_influence: 0.47856457502972743, penalty_k: 0.13584053905230659, scale_lr: 0.13234625512604670, EAO: 0.331
Trial 1665 finished with value: 0.3313294869452599 and parameters: {'window_influence': 0.47856457502972743, 'penalty_k': 0.13584053905230659, 'scale_lr': 0.1323462551260467}. Best is trial 896 with value: 0.3777425812144224.
checkpoint_e33 window_influence: 0.46316515742068542, penalty_k: 0.06331050165557731, scale_lr: 0.53521946185477209, EAO: 0.359
Trial 1666 finished with value: 0.35859686947982133 and parameters: {'window_influence': 0.4631651574206854, 'penalty_k': 0.0633105016555773, 'scale_lr': 0.5352194618547721}. Best is trial 896 with value: 0.3777425812144224.
checkpoint_e33 window_influence: 0.49079369471917372, penalty_k: 0.16205344995990234, scale_lr: 0.38137944891040876, EAO: 0.350
Trial 1667 finished with value: 0.3500264529356233 and parameters: {'window_influence': 0.4907936947191737, 'penalty_k': 0.16205344995990234, 'scale_lr': 0.38137944891040876}. Best is trial 896 with value: 0.3777425812144224.
checkpoint_e33 window_influence: 0.50583238706593447, penalty_k: 0.07332898576377257, scale_lr: 0.77318430780748615, EAO: 0.334
Trial 1668 finished with value: 0.3343489201384296 and parameters: {'window_influence': 0.5058323870659345, 'penalty_k': 0.07332898576377257, 'scale_lr': 0.7731843078074861}. Best is trial 896 with value: 0.3777425812144224.
checkpoint_e33 window_influence: 0.37719571668278806, penalty_k: 0.02539623876806080, scale_lr: 0.62457461004904746, EAO: 0.330
Trial 1669 finished with value: 0.3295651996645946 and parameters: {'window_influence': 0.37719571668278806, 'penalty_k': 0.025396238768060804, 'scale_lr': 0.6245746100490475}. Best is trial 896 with value: 0.3777425812144224.
checkpoint_e33 window_influence: 0.38439017995761526, penalty_k: 0.14768958363735329, scale_lr: 0.31992858584015749, EAO: 0.320
Trial 1670 finished with value: 0.3197879881130582 and parameters: {'window_influence': 0.38439017995761526, 'penalty_k': 0.1476895836373533, 'scale_lr': 0.3199285858401575}. Best is trial 896 with value: 0.3777425812144224.
checkpoint_e33 window_influence: 0.61000613693805494, penalty_k: 0.05082936051608856, scale_lr: 0.49404265405691922, EAO: 0.254
Trial 1671 finished with value: 0.25369224636471227 and parameters: {'window_influence': 0.6100061369380549, 'penalty_k': 0.05082936051608856, 'scale_lr': 0.4940426540569192}. Best is trial 896 with value: 0.3777425812144224.
checkpoint_e33 window_influence: 0.29224454282446061, penalty_k: 0.11913959585056746, scale_lr: 0.36397120767823149, EAO: 0.293
Trial 1672 finished with value: 0.29279113558015935 and parameters: {'window_influence': 0.2922445428244606, 'penalty_k': 0.11913959585056746, 'scale_lr': 0.3639712076782315}. Best is trial 896 with value: 0.3777425812144224.
checkpoint_e33 window_influence: 0.40580691045677608, penalty_k: 0.19459922242954367, scale_lr: 0.59460510854652704, EAO: 0.330
Trial 1673 finished with value: 0.33011997899888557 and parameters: {'window_influence': 0.4058069104567761, 'penalty_k': 0.19459922242954367, 'scale_lr': 0.594605108546527}. Best is trial 896 with value: 0.3777425812144224.
checkpoint_e33 window_influence: 0.47522089731412714, penalty_k: 0.04014962445724107, scale_lr: 0.67173917637191816, EAO: 0.381
Trial 1674 finished with value: 0.38142600678748195 and parameters: {'window_influence': 0.47522089731412714, 'penalty_k': 0.04014962445724107, 'scale_lr': 0.6717391763719182}. Best is trial 1674 with value: 0.38142600678748195.
checkpoint_e33 window_influence: 0.58669909801288056, penalty_k: 0.03354987889993759, scale_lr: 0.67643879470494217, EAO: 0.263
Trial 1675 finished with value: 0.26273460964516443 and parameters: {'window_influence': 0.5866990980128806, 'penalty_k': 0.03354987889993759, 'scale_lr': 0.6764387947049422}. Best is trial 1674 with value: 0.38142600678748195.
checkpoint_e33 window_influence: 0.49160272422880302, penalty_k: 0.01317535127301505, scale_lr: 0.66247391658454069, EAO: 0.333
Trial 1676 finished with value: 0.33286857964463734 and parameters: {'window_influence': 0.491602724228803, 'penalty_k': 0.013175351273015046, 'scale_lr': 0.6624739165845407}. Best is trial 1674 with value: 0.38142600678748195.
checkpoint_e33 window_influence: 0.53208086094588325, penalty_k: 0.03632877405170034, scale_lr: 0.68442527504624096, EAO: 0.287
Trial 1677 finished with value: 0.2866005644724063 and parameters: {'window_influence': 0.5320808609458832, 'penalty_k': 0.03632877405170034, 'scale_lr': 0.684425275046241}. Best is trial 1674 with value: 0.38142600678748195.
checkpoint_e33 window_influence: 0.45911229571396900, penalty_k: 0.02280951353716977, scale_lr: 0.64441035864529783, EAO: 0.332
Trial 1678 finished with value: 0.33160546885854075 and parameters: {'window_influence': 0.459112295713969, 'penalty_k': 0.02280951353716977, 'scale_lr': 0.6444103586452978}. Best is trial 1674 with value: 0.38142600678748195.
checkpoint_e33 window_influence: 0.47786235649115749, penalty_k: 0.04126280566015495, scale_lr: 0.69815153898518389, EAO: 0.325
Trial 1679 finished with value: 0.32503018618093854 and parameters: {'window_influence': 0.4778623564911575, 'penalty_k': 0.04126280566015495, 'scale_lr': 0.6981515389851839}. Best is trial 1674 with value: 0.38142600678748195.
checkpoint_e33 window_influence: 0.07228171673590589, penalty_k: 0.01052545044764857, scale_lr: 0.65927088448438276, EAO: 0.263
Trial 1680 finished with value: 0.2630129782374267 and parameters: {'window_influence': 0.07228171673590589, 'penalty_k': 0.01052545044764857, 'scale_lr': 0.6592708844843828}. Best is trial 1674 with value: 0.38142600678748195.
checkpoint_e33 window_influence: 0.51670240707296555, penalty_k: 0.03304251173998238, scale_lr: 0.65981958409556485, EAO: 0.337
Trial 1681 finished with value: 0.3372589429760721 and parameters: {'window_influence': 0.5167024070729656, 'penalty_k': 0.033042511739982384, 'scale_lr': 0.6598195840955648}. Best is trial 1674 with value: 0.38142600678748195.
checkpoint_e33 window_influence: 0.34927310001725098, penalty_k: 0.04521339975682620, scale_lr: 0.67334572473320065, EAO: 0.328
Trial 1682 finished with value: 0.3282379912727074 and parameters: {'window_influence': 0.349273100017251, 'penalty_k': 0.0452133997568262, 'scale_lr': 0.6733457247332006}. Best is trial 1674 with value: 0.38142600678748195.
checkpoint_e33 window_influence: 0.49817903965460991, penalty_k: 0.02484431301803295, scale_lr: 0.64223932617903190, EAO: 0.332
Trial 1683 finished with value: 0.3323121579936506 and parameters: {'window_influence': 0.4981790396546099, 'penalty_k': 0.024844313018032946, 'scale_lr': 0.6422393261790319}. Best is trial 1674 with value: 0.38142600678748195.
checkpoint_e33 window_influence: 0.27994591821370302, penalty_k: 0.00056470430368671, scale_lr: 0.67718492584976830, EAO: 0.320
Trial 1684 finished with value: 0.3195029748205081 and parameters: {'window_influence': 0.279945918213703, 'penalty_k': 0.0005647043036867139, 'scale_lr': 0.6771849258497683}. Best is trial 1674 with value: 0.38142600678748195.
checkpoint_e33 window_influence: 0.54726666204251417, penalty_k: 0.21091176114486443, scale_lr: 0.69001136199925628, EAO: 0.296
Trial 1685 finished with value: 0.29624073590054123 and parameters: {'window_influence': 0.5472666620425142, 'penalty_k': 0.21091176114486443, 'scale_lr': 0.6900113619992563}. Best is trial 1674 with value: 0.38142600678748195.
checkpoint_e33 window_influence: 0.46698238374849588, penalty_k: 0.13185938078903328, scale_lr: 0.34399345145634935, EAO: 0.346
Trial 1686 finished with value: 0.3455087065928641 and parameters: {'window_influence': 0.4669823837484959, 'penalty_k': 0.13185938078903328, 'scale_lr': 0.34399345145634935}. Best is trial 1674 with value: 0.38142600678748195.
checkpoint_e33 window_influence: 0.48381680875925864, penalty_k: 0.58000392869393491, scale_lr: 0.25545090445600516, EAO: 0.288
Trial 1687 finished with value: 0.28803700631926493 and parameters: {'window_influence': 0.48381680875925864, 'penalty_k': 0.5800039286939349, 'scale_lr': 0.25545090445600516}. Best is trial 1674 with value: 0.38142600678748195.
checkpoint_e33 window_influence: 0.45465176141693153, penalty_k: 0.58653331416066534, scale_lr: 0.56989521811944566, EAO: 0.314
Trial 1688 finished with value: 0.31436977132517074 and parameters: {'window_influence': 0.45465176141693153, 'penalty_k': 0.5865333141606653, 'scale_lr': 0.5698952181194457}. Best is trial 1674 with value: 0.38142600678748195.
checkpoint_e33 window_influence: 0.50481511395878897, penalty_k: 0.01942666714704750, scale_lr: 0.61491880302600566, EAO: 0.337
Trial 1689 finished with value: 0.33722219787219154 and parameters: {'window_influence': 0.504815113958789, 'penalty_k': 0.019426667147047497, 'scale_lr': 0.6149188030260057}. Best is trial 1674 with value: 0.38142600678748195.
checkpoint_e33 window_influence: 0.47169639987096701, penalty_k: 0.17534496238439837, scale_lr: 0.63406645795507521, EAO: 0.336
Trial 1690 finished with value: 0.3363528742168664 and parameters: {'window_influence': 0.471696399870967, 'penalty_k': 0.17534496238439837, 'scale_lr': 0.6340664579550752}. Best is trial 1674 with value: 0.38142600678748195.
checkpoint_e33 window_influence: 0.48654119780338212, penalty_k: 0.04708556926437928, scale_lr: 0.64860442878012725, EAO: 0.343
Trial 1691 finished with value: 0.3429887901252346 and parameters: {'window_influence': 0.4865411978033821, 'penalty_k': 0.047085569264379276, 'scale_lr': 0.6486044287801273}. Best is trial 1674 with value: 0.38142600678748195.
checkpoint_e33 window_influence: 0.52284182515569655, penalty_k: 0.15909164055865804, scale_lr: 0.66744838071737200, EAO: 0.287
Trial 1692 finished with value: 0.28712418049226013 and parameters: {'window_influence': 0.5228418251556965, 'penalty_k': 0.15909164055865804, 'scale_lr': 0.667448380717372}. Best is trial 1674 with value: 0.38142600678748195.
checkpoint_e33 window_influence: 0.41136166393308321, penalty_k: 0.18793293201707043, scale_lr: 0.69394976806657782, EAO: 0.314
Trial 1693 finished with value: 0.3137206890935564 and parameters: {'window_influence': 0.4113616639330832, 'penalty_k': 0.18793293201707043, 'scale_lr': 0.6939497680665778}. Best is trial 1674 with value: 0.38142600678748195.
checkpoint_e33 window_influence: 0.45928029169554130, penalty_k: 0.11065439180186729, scale_lr: 0.72748312054795616, EAO: 0.348
Trial 1694 finished with value: 0.3483347468339052 and parameters: {'window_influence': 0.4592802916955413, 'penalty_k': 0.11065439180186729, 'scale_lr': 0.7274831205479562}. Best is trial 1674 with value: 0.38142600678748195.
checkpoint_e33 window_influence: 0.49772796063409580, penalty_k: 0.02946059155757073, scale_lr: 0.20074546477016503, EAO: 0.339
Trial 1695 finished with value: 0.33858643941842165 and parameters: {'window_influence': 0.4977279606340958, 'penalty_k': 0.029460591557570727, 'scale_lr': 0.20074546477016503}. Best is trial 1674 with value: 0.38142600678748195.
checkpoint_e33 window_influence: 0.06832145648681670, penalty_k: 0.14052324602574037, scale_lr: 0.54895434218676864, EAO: 0.246
Trial 1696 finished with value: 0.24613214948066015 and parameters: {'window_influence': 0.0683214564868167, 'penalty_k': 0.14052324602574037, 'scale_lr': 0.5489543421867686}. Best is trial 1674 with value: 0.38142600678748195.
checkpoint_e33 window_influence: 0.32537073053250642, penalty_k: 0.01108216350053966, scale_lr: 0.52262336345773652, EAO: 0.305
Trial 1697 finished with value: 0.30470444331605145 and parameters: {'window_influence': 0.3253707305325064, 'penalty_k': 0.011082163500539657, 'scale_lr': 0.5226233634577365}. Best is trial 1674 with value: 0.38142600678748195.
checkpoint_e33 window_influence: 0.28944911011519436, penalty_k: 0.22500884247124472, scale_lr: 0.70530362877595076, EAO: 0.303
Trial 1698 finished with value: 0.3029050026886194 and parameters: {'window_influence': 0.28944911011519436, 'penalty_k': 0.22500884247124472, 'scale_lr': 0.7053036287759508}. Best is trial 1674 with value: 0.38142600678748195.
checkpoint_e33 window_influence: 0.39533052033523403, penalty_k: 0.05282677071925727, scale_lr: 0.79970406354439572, EAO: 0.331
Trial 1699 finished with value: 0.33078570808881913 and parameters: {'window_influence': 0.395330520335234, 'penalty_k': 0.052826770719257274, 'scale_lr': 0.7997040635443957}. Best is trial 1674 with value: 0.38142600678748195.
checkpoint_e33 window_influence: 0.48091105311443605, penalty_k: 0.15229364677528717, scale_lr: 0.16869999582653850, EAO: 0.342
Trial 1700 finished with value: 0.3417504113240001 and parameters: {'window_influence': 0.48091105311443605, 'penalty_k': 0.15229364677528717, 'scale_lr': 0.1686999958265385}. Best is trial 1674 with value: 0.38142600678748195.
checkpoint_e33 window_influence: 0.56308108567035142, penalty_k: 0.24655810272064854, scale_lr: 0.50392565340160278, EAO: 0.267
Trial 1701 finished with value: 0.2669198557676508 and parameters: {'window_influence': 0.5630810856703514, 'penalty_k': 0.24655810272064854, 'scale_lr': 0.5039256534016028}. Best is trial 1674 with value: 0.38142600678748195.
checkpoint_e33 window_influence: 0.51091656399239793, penalty_k: 0.19624577154193931, scale_lr: 0.78662734629935771, EAO: 0.310
Trial 1702 finished with value: 0.30978174733744523 and parameters: {'window_influence': 0.5109165639923979, 'penalty_k': 0.1962457715419393, 'scale_lr': 0.7866273462993577}. Best is trial 1674 with value: 0.38142600678748195.
checkpoint_e33 window_influence: 0.44566350620788747, penalty_k: 0.03811395429869842, scale_lr: 0.23493414708432855, EAO: 0.334
Trial 1703 finished with value: 0.3337517708308038 and parameters: {'window_influence': 0.44566350620788747, 'penalty_k': 0.03811395429869842, 'scale_lr': 0.23493414708432855}. Best is trial 1674 with value: 0.38142600678748195.
checkpoint_e33 window_influence: 0.46734981912585127, penalty_k: 0.16837602994845993, scale_lr: 0.32747689286003384, EAO: 0.314
Trial 1704 finished with value: 0.31433174506931455 and parameters: {'window_influence': 0.4673498191258513, 'penalty_k': 0.16837602994845993, 'scale_lr': 0.32747689286003384}. Best is trial 1674 with value: 0.38142600678748195.
checkpoint_e33 window_influence: 0.57580879760752057, penalty_k: 0.02013484880782526, scale_lr: 0.11337011343242759, EAO: 0.292
Trial 1705 finished with value: 0.29232719923271744 and parameters: {'window_influence': 0.5758087976075206, 'penalty_k': 0.020134848807825262, 'scale_lr': 0.11337011343242759}. Best is trial 1674 with value: 0.38142600678748195.
checkpoint_e33 window_influence: 0.49032681438573350, penalty_k: 0.11833549012413150, scale_lr: 0.27862912815050850, EAO: 0.340
Trial 1706 finished with value: 0.3401837054393635 and parameters: {'window_influence': 0.4903268143857335, 'penalty_k': 0.1183354901241315, 'scale_lr': 0.2786291281505085}. Best is trial 1674 with value: 0.38142600678748195.
checkpoint_e33 window_influence: 0.47318366111898347, penalty_k: 0.21312945204195027, scale_lr: 0.67783150247127055, EAO: 0.342
Trial 1707 finished with value: 0.3424970692001892 and parameters: {'window_influence': 0.47318366111898347, 'penalty_k': 0.21312945204195027, 'scale_lr': 0.6778315024712706}. Best is trial 1674 with value: 0.38142600678748195.
checkpoint_e33 window_influence: 0.43822674366893871, penalty_k: 0.17740608657802362, scale_lr: 0.75067143178123219, EAO: 0.336
Trial 1708 finished with value: 0.3355973762992755 and parameters: {'window_influence': 0.4382267436689387, 'penalty_k': 0.17740608657802362, 'scale_lr': 0.7506714317812322}. Best is trial 1674 with value: 0.38142600678748195.
checkpoint_e33 window_influence: 0.53286447482476962, penalty_k: 0.13117516720760022, scale_lr: 0.60023189915266140, EAO: 0.313
Trial 1709 finished with value: 0.31268784195068744 and parameters: {'window_influence': 0.5328644748247696, 'penalty_k': 0.13117516720760022, 'scale_lr': 0.6002318991526614}. Best is trial 1674 with value: 0.38142600678748195.
checkpoint_e33 window_influence: 0.05507633387763500, penalty_k: 0.05529422270061339, scale_lr: 0.72082574884538819, EAO: 0.246
