Trial 40 finished with value: 0.318982846136223 and parameters: {'window_influence': 0.41864184440540736, 'penalty_k': 0.13443571398406343, 'scale_lr': 0.14470652392373526}. Best is trial 34 with value: 0.33836543745567826.
checkpoint_e18 window_influence: 0.41099281468261761, penalty_k: 0.03448145595693539, scale_lr: 0.10372390106760025, EAO: 0.304
Trial 41 finished with value: 0.3039330791406594 and parameters: {'window_influence': 0.4109928146826176, 'penalty_k': 0.034481455956935386, 'scale_lr': 0.10372390106760025}. Best is trial 34 with value: 0.33836543745567826.
checkpoint_e18 window_influence: 0.45472434008854468, penalty_k: 0.07834007233124778, scale_lr: 0.69443811423478907, EAO: 0.292
Trial 21 finished with value: 0.2915190244927017 and parameters: {'window_influence': 0.4547243400885447, 'penalty_k': 0.07834007233124778, 'scale_lr': 0.6944381142347891}. Best is trial 13 with value: 0.3571438087795495.
checkpoint_e18 window_influence: 0.34278401899193489, penalty_k: 0.03814165961342675, scale_lr: 0.13799189952113716, EAO: 0.311
Trial 42 finished with value: 0.31087791067385023 and parameters: {'window_influence': 0.3427840189919349, 'penalty_k': 0.03814165961342675, 'scale_lr': 0.13799189952113716}. Best is trial 34 with value: 0.33836543745567826.
checkpoint_e18 window_influence: 0.42908531986539500, penalty_k: 0.07688570532334967, scale_lr: 0.17180946017551238, EAO: 0.326
Trial 43 finished with value: 0.32561718953722646 and parameters: {'window_influence': 0.429085319865395, 'penalty_k': 0.07688570532334967, 'scale_lr': 0.17180946017551238}. Best is trial 34 with value: 0.33836543745567826.
checkpoint_e18 window_influence: 0.40354241958254611, penalty_k: 0.07463573875220993, scale_lr: 0.58100133632925477, EAO: 0.315
Trial 22 finished with value: 0.31500133442971495 and parameters: {'window_influence': 0.4035424195825461, 'penalty_k': 0.07463573875220993, 'scale_lr': 0.5810013363292548}. Best is trial 13 with value: 0.3571438087795495.
checkpoint_e18 window_influence: 0.51994198700391125, penalty_k: 0.07260453549989036, scale_lr: 0.26253369051165265, EAO: 0.336
Trial 44 finished with value: 0.3359032920362421 and parameters: {'window_influence': 0.5199419870039113, 'penalty_k': 0.07260453549989036, 'scale_lr': 0.26253369051165265}. Best is trial 34 with value: 0.33836543745567826.
checkpoint_e18 window_influence: 0.48646324760926007, penalty_k: 0.00056403071867920, scale_lr: 0.26324212296032123, EAO: 0.322
Trial 45 finished with value: 0.32163992460367746 and parameters: {'window_influence': 0.4864632476092601, 'penalty_k': 0.0005640307186792013, 'scale_lr': 0.26324212296032123}. Best is trial 34 with value: 0.33836543745567826.
checkpoint_e18 window_influence: 0.38613962411989511, penalty_k: 0.11106064734956145, scale_lr: 0.57003589323625781, EAO: 0.303
Trial 23 finished with value: 0.3026285017278872 and parameters: {'window_influence': 0.3861396241198951, 'penalty_k': 0.11106064734956145, 'scale_lr': 0.5700358932362578}. Best is trial 13 with value: 0.3571438087795495.
checkpoint_e18 window_influence: 0.52485117100952094, penalty_k: 0.13269637087029457, scale_lr: 0.31428326955411845, EAO: 0.303
Trial 46 finished with value: 0.30250461109649346 and parameters: {'window_influence': 0.524851171009521, 'penalty_k': 0.13269637087029457, 'scale_lr': 0.31428326955411845}. Best is trial 34 with value: 0.33836543745567826.
checkpoint_e18 window_influence: 0.56355137910914133, penalty_k: 0.09004355096415967, scale_lr: 0.19897732959571451, EAO: 0.296
Trial 47 finished with value: 0.296153992936305 and parameters: {'window_influence': 0.5635513791091413, 'penalty_k': 0.09004355096415967, 'scale_lr': 0.1989773295957145}. Best is trial 34 with value: 0.33836543745567826.
checkpoint_e18 window_influence: 0.36552443448584654, penalty_k: 0.05282022247359119, scale_lr: 0.49798383372799432, EAO: 0.325
Trial 24 finished with value: 0.3254474351610191 and parameters: {'window_influence': 0.36552443448584654, 'penalty_k': 0.052820222473591194, 'scale_lr': 0.4979838337279943}. Best is trial 13 with value: 0.3571438087795495.
checkpoint_e18 window_influence: 0.38667831614957260, penalty_k: 0.05683585321612454, scale_lr: 0.24206064544659361, EAO: 0.330
Trial 48 finished with value: 0.33036977829636305 and parameters: {'window_influence': 0.3866783161495726, 'penalty_k': 0.05683585321612454, 'scale_lr': 0.24206064544659361}. Best is trial 34 with value: 0.33836543745567826.
checkpoint_e18 window_influence: 0.46845864481998795, penalty_k: 0.12108362971626566, scale_lr: 0.28511200587690355, EAO: 0.337
Trial 49 finished with value: 0.33702643256243103 and parameters: {'window_influence': 0.46845864481998795, 'penalty_k': 0.12108362971626566, 'scale_lr': 0.28511200587690355}. Best is trial 34 with value: 0.33836543745567826.
checkpoint_e18 window_influence: 0.46254376860300811, penalty_k: 0.21422691609057354, scale_lr: 0.27179066980059541, EAO: 0.305
Trial 50 finished with value: 0.3054845974950939 and parameters: {'window_influence': 0.4625437686030081, 'penalty_k': 0.21422691609057354, 'scale_lr': 0.2717906698005954}. Best is trial 34 with value: 0.33836543745567826.
checkpoint_e18 window_influence: 0.35788670280550500, penalty_k: 0.16286048181773727, scale_lr: 0.49802351692295938, EAO: 0.308
Trial 25 finished with value: 0.3077824007908194 and parameters: {'window_influence': 0.357886702805505, 'penalty_k': 0.16286048181773727, 'scale_lr': 0.4980235169229594}. Best is trial 13 with value: 0.3571438087795495.
checkpoint_e18 window_influence: 0.43571167826209556, penalty_k: 0.11503264969569561, scale_lr: 0.30837568965594092, EAO: 0.326
Trial 51 finished with value: 0.3263265098579199 and parameters: {'window_influence': 0.43571167826209556, 'penalty_k': 0.11503264969569561, 'scale_lr': 0.3083756896559409}. Best is trial 34 with value: 0.33836543745567826.
checkpoint_e18 window_influence: 0.39234365018232004, penalty_k: 0.02638370196417870, scale_lr: 0.23219014392579101, EAO: 0.334
Trial 52 finished with value: 0.33417211217870973 and parameters: {'window_influence': 0.39234365018232004, 'penalty_k': 0.0263837019641787, 'scale_lr': 0.23219014392579101}. Best is trial 34 with value: 0.33836543745567826.
checkpoint_e18 window_influence: 0.47579003417568400, penalty_k: 0.03445934689054540, scale_lr: 0.43644687637181367, EAO: 0.327
Trial 26 finished with value: 0.32727631961325265 and parameters: {'window_influence': 0.475790034175684, 'penalty_k': 0.0344593468905454, 'scale_lr': 0.4364468763718137}. Best is trial 13 with value: 0.3571438087795495.
checkpoint_e18 window_influence: 0.39321121345648424, penalty_k: 0.01956535812441094, scale_lr: 0.34343564219369532, EAO: 0.336
Trial 53 finished with value: 0.33616271417892396 and parameters: {'window_influence': 0.39321121345648424, 'penalty_k': 0.019565358124410945, 'scale_lr': 0.3434356421936953}. Best is trial 34 with value: 0.33836543745567826.
checkpoint_e18 window_influence: 0.44685638644377840, penalty_k: 0.08067650464485608, scale_lr: 0.34230900262934999, EAO: 0.329
Trial 54 finished with value: 0.32858307230565337 and parameters: {'window_influence': 0.4468563864437784, 'penalty_k': 0.08067650464485608, 'scale_lr': 0.34230900262935}. Best is trial 34 with value: 0.33836543745567826.
checkpoint_e18 window_influence: 0.47270904340140057, penalty_k: 0.12103455677551896, scale_lr: 0.45032544689824383, EAO: 0.305
Trial 27 finished with value: 0.3047688584847209 and parameters: {'window_influence': 0.4727090434014006, 'penalty_k': 0.12103455677551896, 'scale_lr': 0.45032544689824383}. Best is trial 13 with value: 0.3571438087795495.
checkpoint_e18 window_influence: 0.48075433597946171, penalty_k: 0.02267548175848313, scale_lr: 0.28347647476280535, EAO: 0.326
Trial 55 finished with value: 0.3263557658817054 and parameters: {'window_influence': 0.4807543359794617, 'penalty_k': 0.022675481758483135, 'scale_lr': 0.28347647476280535}. Best is trial 34 with value: 0.33836543745567826.
checkpoint_e18 window_influence: 0.43356718461678745, penalty_k: 0.00088281992241272, scale_lr: 0.36339987750146729, EAO: 0.320
Trial 56 finished with value: 0.32028718060788475 and parameters: {'window_influence': 0.43356718461678745, 'penalty_k': 0.0008828199224127226, 'scale_lr': 0.3633998775014673}. Best is trial 34 with value: 0.33836543745567826.
checkpoint_e18 window_influence: 0.44535588065313580, penalty_k: 0.03757973012267946, scale_lr: 0.36075158337904234, EAO: 0.295
Trial 28 finished with value: 0.2951703793459829 and parameters: {'window_influence': 0.4453558806531358, 'penalty_k': 0.03757973012267946, 'scale_lr': 0.36075158337904234}. Best is trial 13 with value: 0.3571438087795495.
checkpoint_e18 window_influence: 0.36920368662692038, penalty_k: 0.05127389266941629, scale_lr: 0.40842605766771400, EAO: 0.325
Trial 57 finished with value: 0.32480793524576995 and parameters: {'window_influence': 0.3692036866269204, 'penalty_k': 0.05127389266941629, 'scale_lr': 0.408426057667714}. Best is trial 34 with value: 0.33836543745567826.
checkpoint_e18 window_influence: 0.47170383068214672, penalty_k: 0.15488350703040438, scale_lr: 0.29544588863759846, EAO: 0.324
Trial 58 finished with value: 0.32396191857204365 and parameters: {'window_influence': 0.4717038306821467, 'penalty_k': 0.15488350703040438, 'scale_lr': 0.29544588863759846}. Best is trial 34 with value: 0.33836543745567826.
checkpoint_e18 window_influence: 0.51224923356027063, penalty_k: 0.04191846402874316, scale_lr: 0.43757484167834232, EAO: 0.299
Trial 29 finished with value: 0.2992946347837782 and parameters: {'window_influence': 0.5122492335602706, 'penalty_k': 0.04191846402874316, 'scale_lr': 0.4375748416783423}. Best is trial 13 with value: 0.3571438087795495.
checkpoint_e18 window_influence: 0.40106337603906944, penalty_k: 0.06841101033263797, scale_lr: 0.33287409932954748, EAO: 0.320
Trial 59 finished with value: 0.3197934194993416 and parameters: {'window_influence': 0.40106337603906944, 'penalty_k': 0.06841101033263797, 'scale_lr': 0.3328740993295475}. Best is trial 34 with value: 0.33836543745567826.
checkpoint_e18 window_influence: 0.51146142906635206, penalty_k: 0.09721211171342038, scale_lr: 0.25865970228833174, EAO: 0.343
Trial 60 finished with value: 0.3425918047530178 and parameters: {'window_influence': 0.5114614290663521, 'penalty_k': 0.09721211171342038, 'scale_lr': 0.25865970228833174}. Best is trial 60 with value: 0.3425918047530178.
checkpoint_e18 window_influence: 0.28988042940426417, penalty_k: 0.09046824805524112, scale_lr: 0.55082392231716215, EAO: 0.299
Trial 30 finished with value: 0.29947104012223996 and parameters: {'window_influence': 0.2898804294042642, 'penalty_k': 0.09046824805524112, 'scale_lr': 0.5508239223171622}. Best is trial 13 with value: 0.3571438087795495.
checkpoint_e18 window_influence: 0.51538285880886270, penalty_k: 0.11867868661013059, scale_lr: 0.19321455777868468, EAO: 0.316
Trial 61 finished with value: 0.31599494594544286 and parameters: {'window_influence': 0.5153828588088627, 'penalty_k': 0.11867868661013059, 'scale_lr': 0.19321455777868468}. Best is trial 60 with value: 0.3425918047530178.
checkpoint_e18 window_influence: 0.46449582721358207, penalty_k: 0.08658408120963600, scale_lr: 0.26692900135412012, EAO: 0.322
Trial 62 finished with value: 0.3220986770284779 and parameters: {'window_influence': 0.46449582721358207, 'penalty_k': 0.086584081209636, 'scale_lr': 0.2669290013541201}. Best is trial 60 with value: 0.3425918047530178.
checkpoint_e18 window_influence: 0.34428450686266260, penalty_k: 0.04309775999031143, scale_lr: 0.46544259141728600, EAO: 0.309
Trial 31 finished with value: 0.3088430806936457 and parameters: {'window_influence': 0.3442845068626626, 'penalty_k': 0.04309775999031143, 'scale_lr': 0.465442591417286}. Best is trial 13 with value: 0.3571438087795495.
checkpoint_e18 window_influence: 0.55433514442020548, penalty_k: 0.10141168187060580, scale_lr: 0.25478110881516314, EAO: 0.305
Trial 63 finished with value: 0.3054273801670928 and parameters: {'window_influence': 0.5543351444202055, 'penalty_k': 0.1014116818706058, 'scale_lr': 0.25478110881516314}. Best is trial 60 with value: 0.3425918047530178.
checkpoint_e18 window_influence: 0.44739063074076701, penalty_k: 0.02079252845580563, scale_lr: 0.30239102246749344, EAO: 0.311
Trial 64 finished with value: 0.3109505555161242 and parameters: {'window_influence': 0.447390630740767, 'penalty_k': 0.020792528455805634, 'scale_lr': 0.30239102246749344}. Best is trial 60 with value: 0.3425918047530178.
checkpoint_e18 window_influence: 0.38433012054030047, penalty_k: 0.03835262367354175, scale_lr: 0.52194822452555945, EAO: 0.318
Trial 32 finished with value: 0.31807109006184087 and parameters: {'window_influence': 0.38433012054030047, 'penalty_k': 0.038352623673541746, 'scale_lr': 0.5219482245255594}. Best is trial 13 with value: 0.3571438087795495.
checkpoint_e18 window_influence: 0.37103542856526489, penalty_k: 0.06485465523364810, scale_lr: 0.21956486469873748, EAO: 0.335
Trial 65 finished with value: 0.3351593249502813 and parameters: {'window_influence': 0.3710354285652649, 'penalty_k': 0.0648546552336481, 'scale_lr': 0.21956486469873748}. Best is trial 60 with value: 0.3425918047530178.
checkpoint_e18 window_influence: 0.42121467690638315, penalty_k: 0.04041883941917564, scale_lr: 0.25294674051309191, EAO: 0.350
Trial 66 finished with value: 0.35033000779522994 and parameters: {'window_influence': 0.42121467690638315, 'penalty_k': 0.040418839419175644, 'scale_lr': 0.2529467405130919}. Best is trial 66 with value: 0.35033000779522994.
checkpoint_e18 window_influence: 0.42307229896861942, penalty_k: 0.09977975590362309, scale_lr: 0.63127359141191020, EAO: 0.311
Trial 33 finished with value: 0.31120390094207884 and parameters: {'window_influence': 0.4230722989686194, 'penalty_k': 0.09977975590362309, 'scale_lr': 0.6312735914119102}. Best is trial 13 with value: 0.3571438087795495.
checkpoint_e18 window_influence: 0.42259388014740168, penalty_k: 0.16732197346319641, scale_lr: 0.27696845239597989, EAO: 0.323
Trial 67 finished with value: 0.32322785745335 and parameters: {'window_influence': 0.4225938801474017, 'penalty_k': 0.1673219734631964, 'scale_lr': 0.2769684523959799}. Best is trial 66 with value: 0.35033000779522994.
checkpoint_e18 window_influence: 0.48861927314114639, penalty_k: 0.12850628148594434, scale_lr: 0.24921682366116707, EAO: 0.335
Trial 68 finished with value: 0.3353848336735588 and parameters: {'window_influence': 0.4886192731411464, 'penalty_k': 0.12850628148594434, 'scale_lr': 0.24921682366116707}. Best is trial 66 with value: 0.35033000779522994.
checkpoint_e18 window_influence: 0.23157514273402108, penalty_k: 0.05613500940804573, scale_lr: 0.47629963296291561, EAO: 0.290
Trial 34 finished with value: 0.28979641001975953 and parameters: {'window_influence': 0.23157514273402108, 'penalty_k': 0.05613500940804573, 'scale_lr': 0.4762996329629156}. Best is trial 13 with value: 0.3571438087795495.
checkpoint_e18 window_influence: 0.45970337543035295, penalty_k: 0.04542645370378742, scale_lr: 0.16381478324369961, EAO: 0.315
Trial 69 finished with value: 0.31535381525175116 and parameters: {'window_influence': 0.45970337543035295, 'penalty_k': 0.04542645370378742, 'scale_lr': 0.1638147832436996}. Best is trial 66 with value: 0.35033000779522994.
checkpoint_e18 window_influence: 0.50592486754986687, penalty_k: 0.08946698898863194, scale_lr: 0.18912439126733521, EAO: 0.313
Trial 70 finished with value: 0.3129170177511668 and parameters: {'window_influence': 0.5059248675498669, 'penalty_k': 0.08946698898863194, 'scale_lr': 0.1891243912673352}. Best is trial 66 with value: 0.35033000779522994.
checkpoint_e18 window_influence: 0.33510694894307147, penalty_k: 0.13956165096073159, scale_lr: 0.40132859601502768, EAO: 0.299
Trial 35 finished with value: 0.29920916189711383 and parameters: {'window_influence': 0.33510694894307147, 'penalty_k': 0.1395616509607316, 'scale_lr': 0.4013285960150277}. Best is trial 13 with value: 0.3571438087795495.
checkpoint_e18 window_influence: 0.53073966270857253, penalty_k: 0.12182535352465226, scale_lr: 0.24162852322770548, EAO: 0.312
Trial 71 finished with value: 0.3120823307144039 and parameters: {'window_influence': 0.5307396627085725, 'penalty_k': 0.12182535352465226, 'scale_lr': 0.24162852322770548}. Best is trial 66 with value: 0.35033000779522994.
checkpoint_e18 window_influence: 0.49899798352987262, penalty_k: 0.12953621384877662, scale_lr: 0.20951685657711785, EAO: 0.314
Trial 72 finished with value: 0.3144864943820679 and parameters: {'window_influence': 0.4989979835298726, 'penalty_k': 0.12953621384877662, 'scale_lr': 0.20951685657711785}. Best is trial 66 with value: 0.35033000779522994.
checkpoint_e18 window_influence: 0.47741724559832460, penalty_k: 0.01037615923732610, scale_lr: 0.54584485547141370, EAO: 0.314
Trial 36 finished with value: 0.31356036628266715 and parameters: {'window_influence': 0.4774172455983246, 'penalty_k': 0.010376159237326099, 'scale_lr': 0.5458448554714137}. Best is trial 13 with value: 0.3571438087795495.
checkpoint_e18 window_influence: 0.48205007494365559, penalty_k: 0.10471221799727733, scale_lr: 0.25385132070737260, EAO: 0.325
Trial 73 finished with value: 0.32499622939161754 and parameters: {'window_influence': 0.4820500749436556, 'penalty_k': 0.10471221799727733, 'scale_lr': 0.2538513207073726}. Best is trial 66 with value: 0.35033000779522994.
checkpoint_e18 window_influence: 0.44825463675123001, penalty_k: 0.14235921889575173, scale_lr: 0.31763272208961246, EAO: 0.332
Trial 74 finished with value: 0.3323722568699358 and parameters: {'window_influence': 0.44825463675123, 'penalty_k': 0.14235921889575173, 'scale_lr': 0.31763272208961246}. Best is trial 66 with value: 0.35033000779522994.
checkpoint_e18 window_influence: 0.53628791900196526, penalty_k: 0.11574944502348863, scale_lr: 0.59542971969039726, EAO: 0.291
Trial 37 finished with value: 0.29131192073283957 and parameters: {'window_influence': 0.5362879190019653, 'penalty_k': 0.11574944502348863, 'scale_lr': 0.5954297196903973}. Best is trial 13 with value: 0.3571438087795495.
checkpoint_e18 window_influence: 0.42287999902513584, penalty_k: 0.06135189479173477, scale_lr: 0.28492413382708665, EAO: 0.330
Trial 75 finished with value: 0.32964278363300203 and parameters: {'window_influence': 0.42287999902513584, 'penalty_k': 0.061351894791734765, 'scale_lr': 0.28492413382708665}. Best is trial 66 with value: 0.35033000779522994.
checkpoint_e18 window_influence: 0.39736716508558528, penalty_k: 0.03628467178240446, scale_lr: 0.22026829059196706, EAO: 0.307
Trial 76 finished with value: 0.30665416922782646 and parameters: {'window_influence': 0.3973671650855853, 'penalty_k': 0.03628467178240446, 'scale_lr': 0.22026829059196706}. Best is trial 66 with value: 0.35033000779522994.
checkpoint_e18 window_influence: 0.37619535317016572, penalty_k: 0.07137094148525125, scale_lr: 0.49640461373921474, EAO: 0.315
Trial 38 finished with value: 0.3145687887408854 and parameters: {'window_influence': 0.3761953531701657, 'penalty_k': 0.07137094148525125, 'scale_lr': 0.49640461373921474}. Best is trial 13 with value: 0.3571438087795495.
checkpoint_e18 window_influence: 0.48871777330332061, penalty_k: 0.07723862065427142, scale_lr: 0.24953587131956445, EAO: 0.330
Trial 77 finished with value: 0.3302790924964712 and parameters: {'window_influence': 0.4887177733033206, 'penalty_k': 0.07723862065427142, 'scale_lr': 0.24953587131956445}. Best is trial 66 with value: 0.35033000779522994.
checkpoint_e18 window_influence: 0.46681828328249025, penalty_k: 0.01510889600335344, scale_lr: 0.18327608307695531, EAO: 0.338
Trial 78 finished with value: 0.3383388478120477 and parameters: {'window_influence': 0.46681828328249025, 'penalty_k': 0.015108896003353443, 'scale_lr': 0.1832760830769553}. Best is trial 66 with value: 0.35033000779522994.
checkpoint_e18 window_influence: 0.46883527769564121, penalty_k: 0.01308470758508709, scale_lr: 0.18552926505666584, EAO: 0.328
Trial 79 finished with value: 0.3279458362652634 and parameters: {'window_influence': 0.4688352776956412, 'penalty_k': 0.01308470758508709, 'scale_lr': 0.18552926505666584}. Best is trial 66 with value: 0.35033000779522994.
checkpoint_e18 window_influence: 0.31530156521180425, penalty_k: 0.58385872625709578, scale_lr: 0.33392567510118482, EAO: 0.276
Trial 39 finished with value: 0.2762784343865131 and parameters: {'window_influence': 0.31530156521180425, 'penalty_k': 0.5838587262570958, 'scale_lr': 0.3339256751011848}. Best is trial 13 with value: 0.3571438087795495.
checkpoint_e18 window_influence: 0.41049984766318126, penalty_k: 0.01818507887868626, scale_lr: 0.16147504948850352, EAO: 0.320
Trial 80 finished with value: 0.32038839410715064 and parameters: {'window_influence': 0.41049984766318126, 'penalty_k': 0.018185078878686256, 'scale_lr': 0.16147504948850352}. Best is trial 66 with value: 0.35033000779522994.
checkpoint_e18 window_influence: 0.43923880755881534, penalty_k: 0.05678759604245052, scale_lr: 0.20204678273671592, EAO: 0.325
Trial 81 finished with value: 0.3252350222391841 and parameters: {'window_influence': 0.43923880755881534, 'penalty_k': 0.056787596042450525, 'scale_lr': 0.20204678273671592}. Best is trial 66 with value: 0.35033000779522994.
checkpoint_e18 window_influence: 0.58948425966232521, penalty_k: 0.03071127745338716, scale_lr: 0.43801390166732346, EAO: 0.284
Trial 40 finished with value: 0.28416162839427533 and parameters: {'window_influence': 0.5894842596623252, 'penalty_k': 0.030711277453387156, 'scale_lr': 0.43801390166732346}. Best is trial 13 with value: 0.3571438087795495.
checkpoint_e18 window_influence: 0.53192493425474385, penalty_k: 0.04090617976230551, scale_lr: 0.23841991873695192, EAO: 0.322
