Trial 470 finished with value: 0.30527324713621623 and parameters: {'window_influence': 0.5583763039491046, 'penalty_k': 0.05232610589460186, 'scale_lr': 0.6028929608649237}. Best is trial 310 with value: 0.36774729812655466.
checkpoint_e33 window_influence: 0.44893534569237564, penalty_k: 0.19059973211587161, scale_lr: 0.65140986634449916, EAO: 0.320
Trial 471 finished with value: 0.3200344111089113 and parameters: {'window_influence': 0.44893534569237564, 'penalty_k': 0.1905997321158716, 'scale_lr': 0.6514098663444992}. Best is trial 310 with value: 0.36774729812655466.
checkpoint_e33 window_influence: 0.38753864746666705, penalty_k: 0.10082642132115593, scale_lr: 0.76848981535328309, EAO: 0.318
Trial 472 finished with value: 0.3182875536643114 and parameters: {'window_influence': 0.38753864746666705, 'penalty_k': 0.10082642132115593, 'scale_lr': 0.7684898153532831}. Best is trial 310 with value: 0.36774729812655466.
checkpoint_e33 window_influence: 0.46624649260488837, penalty_k: 0.39428423655047079, scale_lr: 0.44310224371195417, EAO: 0.336
Trial 473 finished with value: 0.33643243690872937 and parameters: {'window_influence': 0.4662464926048884, 'penalty_k': 0.3942842365504708, 'scale_lr': 0.44310224371195417}. Best is trial 310 with value: 0.36774729812655466.
checkpoint_e33 window_influence: 0.62138489102916505, penalty_k: 0.12111891822278921, scale_lr: 0.24239049042971822, EAO: 0.266
Trial 474 finished with value: 0.2663961807809451 and parameters: {'window_influence': 0.621384891029165, 'penalty_k': 0.12111891822278921, 'scale_lr': 0.24239049042971822}. Best is trial 310 with value: 0.36774729812655466.
checkpoint_e33 window_influence: 0.48471657409596236, penalty_k: 0.55644050944472745, scale_lr: 0.46701875895583289, EAO: 0.303
Trial 475 finished with value: 0.30318970699950415 and parameters: {'window_influence': 0.48471657409596236, 'penalty_k': 0.5564405094447274, 'scale_lr': 0.4670187589558329}. Best is trial 310 with value: 0.36774729812655466.
checkpoint_e33 window_influence: 0.52025082941864165, penalty_k: 0.02677803152484709, scale_lr: 0.35519929438306430, EAO: 0.357
Trial 476 finished with value: 0.3566882225326063 and parameters: {'window_influence': 0.5202508294186416, 'penalty_k': 0.02677803152484709, 'scale_lr': 0.3551992943830643}. Best is trial 310 with value: 0.36774729812655466.
checkpoint_e33 window_influence: 0.54826419917052716, penalty_k: 0.02134935799828066, scale_lr: 0.32719554263471096, EAO: 0.303
Trial 477 finished with value: 0.30295203834888074 and parameters: {'window_influence': 0.5482641991705272, 'penalty_k': 0.02134935799828066, 'scale_lr': 0.32719554263471096}. Best is trial 310 with value: 0.36774729812655466.
checkpoint_e33 window_influence: 0.51876315581665489, penalty_k: 0.03352010106432801, scale_lr: 0.56805545953300829, EAO: 0.348
Trial 478 finished with value: 0.34788913485604966 and parameters: {'window_influence': 0.5187631558166549, 'penalty_k': 0.03352010106432801, 'scale_lr': 0.5680554595330083}. Best is trial 310 with value: 0.36774729812655466.
checkpoint_e33 window_influence: 0.28238140882436458, penalty_k: 0.01242874451631237, scale_lr: 0.37369423793261686, EAO: 0.308
Trial 479 finished with value: 0.30811320233669726 and parameters: {'window_influence': 0.2823814088243646, 'penalty_k': 0.012428744516312373, 'scale_lr': 0.37369423793261686}. Best is trial 310 with value: 0.36774729812655466.
checkpoint_e33 window_influence: 0.49553436863050615, penalty_k: 0.04974709105695489, scale_lr: 0.39068706972575240, EAO: 0.345
Trial 480 finished with value: 0.34490327218163336 and parameters: {'window_influence': 0.49553436863050615, 'penalty_k': 0.049747091056954885, 'scale_lr': 0.3906870697257524}. Best is trial 310 with value: 0.36774729812655466.
checkpoint_e33 window_influence: 0.50625956635796265, penalty_k: 0.52881703084153864, scale_lr: 0.35076669051492793, EAO: 0.308
Trial 481 finished with value: 0.3078298864429563 and parameters: {'window_influence': 0.5062595663579627, 'penalty_k': 0.5288170308415386, 'scale_lr': 0.3507666905149279}. Best is trial 310 with value: 0.36774729812655466.
checkpoint_e33 window_influence: 0.52062240017723427, penalty_k: 0.03581689431672593, scale_lr: 0.35928930870265940, EAO: 0.334
Trial 482 finished with value: 0.3341260703157358 and parameters: {'window_influence': 0.5206224001772343, 'penalty_k': 0.03581689431672593, 'scale_lr': 0.3592893087026594}. Best is trial 310 with value: 0.36774729812655466.
checkpoint_e33 window_influence: 0.53728729014949750, penalty_k: 0.59920473528898932, scale_lr: 0.25612425400702193, EAO: 0.284
Trial 483 finished with value: 0.2838003688749172 and parameters: {'window_influence': 0.5372872901494975, 'penalty_k': 0.5992047352889893, 'scale_lr': 0.25612425400702193}. Best is trial 310 with value: 0.36774729812655466.
checkpoint_e33 window_influence: 0.52464016173613726, penalty_k: 0.02284877364111523, scale_lr: 0.78002582838656054, EAO: 0.322
Trial 484 finished with value: 0.32183848222869843 and parameters: {'window_influence': 0.5246401617361373, 'penalty_k': 0.022848773641115233, 'scale_lr': 0.7800258283865605}. Best is trial 310 with value: 0.36774729812655466.
checkpoint_e33 window_influence: 0.47941382454022519, penalty_k: 0.40581165265594304, scale_lr: 0.52885136609249050, EAO: 0.312
Trial 485 finished with value: 0.31156168333055445 and parameters: {'window_influence': 0.4794138245402252, 'penalty_k': 0.40581165265594304, 'scale_lr': 0.5288513660924905}. Best is trial 310 with value: 0.36774729812655466.
checkpoint_e33 window_influence: 0.56409516646506608, penalty_k: 0.34117361272319502, scale_lr: 0.66158719129964050, EAO: 0.256
Trial 486 finished with value: 0.2559477275215698 and parameters: {'window_influence': 0.5640951664650661, 'penalty_k': 0.341173612723195, 'scale_lr': 0.6615871912996405}. Best is trial 310 with value: 0.36774729812655466.
checkpoint_e33 window_influence: 0.54167071216859752, penalty_k: 0.15497261134547768, scale_lr: 0.28078010365166478, EAO: 0.315
Trial 487 finished with value: 0.314894151188984 and parameters: {'window_influence': 0.5416707121685975, 'penalty_k': 0.15497261134547768, 'scale_lr': 0.2807801036516648}. Best is trial 310 with value: 0.36774729812655466.
checkpoint_e33 window_influence: 0.46130081326871014, penalty_k: 0.08831599952738300, scale_lr: 0.61470637518155335, EAO: 0.339
Trial 488 finished with value: 0.33889897185077 and parameters: {'window_influence': 0.46130081326871014, 'penalty_k': 0.088315999527383, 'scale_lr': 0.6147063751815534}. Best is trial 310 with value: 0.36774729812655466.
checkpoint_e33 window_influence: 0.49462676633853753, penalty_k: 0.04408657548098441, scale_lr: 0.79836153917327946, EAO: 0.324
Trial 489 finished with value: 0.3241475312046504 and parameters: {'window_influence': 0.4946267663385375, 'penalty_k': 0.04408657548098441, 'scale_lr': 0.7983615391732795}. Best is trial 310 with value: 0.36774729812655466.
checkpoint_e33 window_influence: 0.36399654184092461, penalty_k: 0.06558431035400314, scale_lr: 0.51830345604035633, EAO: 0.312
Trial 490 finished with value: 0.31230474446070333 and parameters: {'window_influence': 0.3639965418409246, 'penalty_k': 0.06558431035400314, 'scale_lr': 0.5183034560403563}. Best is trial 310 with value: 0.36774729812655466.
checkpoint_e33 window_influence: 0.50526866536670278, penalty_k: 0.18061240442579796, scale_lr: 0.71085061200667476, EAO: 0.339
Trial 491 finished with value: 0.3391131527924816 and parameters: {'window_influence': 0.5052686653667028, 'penalty_k': 0.18061240442579796, 'scale_lr': 0.7108506120066748}. Best is trial 310 with value: 0.36774729812655466.
checkpoint_e33 window_influence: 0.57283757781467581, penalty_k: 0.20448748660268495, scale_lr: 0.33965825838745062, EAO: 0.270
Trial 492 finished with value: 0.26955921257980137 and parameters: {'window_influence': 0.5728375778146758, 'penalty_k': 0.20448748660268495, 'scale_lr': 0.3396582583874506}. Best is trial 310 with value: 0.36774729812655466.
checkpoint_e33 window_influence: 0.16616490232397133, penalty_k: 0.21358695297071331, scale_lr: 0.56184990087332398, EAO: 0.279
Trial 493 finished with value: 0.2791103627895103 and parameters: {'window_influence': 0.16616490232397133, 'penalty_k': 0.2135869529707133, 'scale_lr': 0.561849900873324}. Best is trial 310 with value: 0.36774729812655466.
checkpoint_e33 window_influence: 0.47643684357954319, penalty_k: 0.02494021458437600, scale_lr: 0.64364465674394156, EAO: 0.341
Trial 494 finished with value: 0.34064543467551356 and parameters: {'window_influence': 0.4764368435795432, 'penalty_k': 0.024940214584376005, 'scale_lr': 0.6436446567439416}. Best is trial 310 with value: 0.36774729812655466.
checkpoint_e33 window_influence: 0.44768814058027356, penalty_k: 0.57681676145465421, scale_lr: 0.57951385966236213, EAO: 0.319
Trial 495 finished with value: 0.3193409908490422 and parameters: {'window_influence': 0.44768814058027356, 'penalty_k': 0.5768167614546542, 'scale_lr': 0.5795138596623621}. Best is trial 310 with value: 0.36774729812655466.
checkpoint_e33 window_influence: 0.54688399419701395, penalty_k: 0.29383064379173585, scale_lr: 0.61447035180150311, EAO: 0.288
Trial 496 finished with value: 0.287587649163569 and parameters: {'window_influence': 0.546883994197014, 'penalty_k': 0.29383064379173585, 'scale_lr': 0.6144703518015031}. Best is trial 310 with value: 0.36774729812655466.
checkpoint_e33 window_influence: 0.58809919479726058, penalty_k: 0.45877919642928355, scale_lr: 0.30382380844246359, EAO: 0.245
Trial 497 finished with value: 0.24545028359277704 and parameters: {'window_influence': 0.5880991947972606, 'penalty_k': 0.45877919642928355, 'scale_lr': 0.3038238084424636}. Best is trial 310 with value: 0.36774729812655466.
checkpoint_e33 window_influence: 0.45869448733117729, penalty_k: 0.16524863972198611, scale_lr: 0.67329119518275893, EAO: 0.329
Trial 498 finished with value: 0.3292621843777742 and parameters: {'window_influence': 0.4586944873311773, 'penalty_k': 0.1652486397219861, 'scale_lr': 0.6732911951827589}. Best is trial 310 with value: 0.36774729812655466.
checkpoint_e33 window_influence: 0.48598433889129300, penalty_k: 0.19392407132078165, scale_lr: 0.75629716966873994, EAO: 0.343
Trial 499 finished with value: 0.3426106981498258 and parameters: {'window_influence': 0.485984338891293, 'penalty_k': 0.19392407132078165, 'scale_lr': 0.7562971696687399}. Best is trial 310 with value: 0.36774729812655466.
checkpoint_e33 window_influence: 0.05392766893689593, penalty_k: 0.32338195664991876, scale_lr: 0.73275577498402844, EAO: 0.250
Trial 500 finished with value: 0.25011310758293837 and parameters: {'window_influence': 0.053927668936895934, 'penalty_k': 0.32338195664991876, 'scale_lr': 0.7327557749840284}. Best is trial 310 with value: 0.36774729812655466.
checkpoint_e33 window_influence: 0.44079401442732802, penalty_k: 0.31450412604322725, scale_lr: 0.40486839874001701, EAO: 0.337
Trial 501 finished with value: 0.33730724639465837 and parameters: {'window_influence': 0.440794014427328, 'penalty_k': 0.31450412604322725, 'scale_lr': 0.404868398740017}. Best is trial 310 with value: 0.36774729812655466.
checkpoint_e33 window_influence: 0.47195215587936140, penalty_k: 0.54178397314234339, scale_lr: 0.59638023953389485, EAO: 0.332
Trial 502 finished with value: 0.331618691348844 and parameters: {'window_influence': 0.4719521558793614, 'penalty_k': 0.5417839731423434, 'scale_lr': 0.5963802395338949}. Best is trial 310 with value: 0.36774729812655466.
checkpoint_e33 window_influence: 0.33584760432268268, penalty_k: 0.05696184526674405, scale_lr: 0.59050148306348882, EAO: 0.335
Trial 503 finished with value: 0.33547101236502946 and parameters: {'window_influence': 0.3358476043226827, 'penalty_k': 0.056961845266744054, 'scale_lr': 0.5905014830634888}. Best is trial 310 with value: 0.36774729812655466.
checkpoint_e33 window_influence: 0.51670751359972211, penalty_k: 0.38342504483940454, scale_lr: 0.21813230695186334, EAO: 0.299
Trial 504 finished with value: 0.2988014709972686 and parameters: {'window_influence': 0.5167075135997221, 'penalty_k': 0.38342504483940454, 'scale_lr': 0.21813230695186334}. Best is trial 310 with value: 0.36774729812655466.
checkpoint_e33 window_influence: 0.46094748229265353, penalty_k: 0.35219191459150168, scale_lr: 0.37261601510301573, EAO: 0.317
Trial 505 finished with value: 0.31731425295312116 and parameters: {'window_influence': 0.46094748229265353, 'penalty_k': 0.3521919145915017, 'scale_lr': 0.37261601510301573}. Best is trial 310 with value: 0.36774729812655466.
checkpoint_e33 window_influence: 0.53091781555545148, penalty_k: 0.22343637670865235, scale_lr: 0.46950722635467523, EAO: 0.338
Trial 506 finished with value: 0.33839728431015165 and parameters: {'window_influence': 0.5309178155554515, 'penalty_k': 0.22343637670865235, 'scale_lr': 0.46950722635467523}. Best is trial 310 with value: 0.36774729812655466.
checkpoint_e33 window_influence: 0.49834247333802845, penalty_k: 0.08242486351455744, scale_lr: 0.34956064847773277, EAO: 0.341
Trial 507 finished with value: 0.3410058739352319 and parameters: {'window_influence': 0.49834247333802845, 'penalty_k': 0.08242486351455744, 'scale_lr': 0.34956064847773277}. Best is trial 310 with value: 0.36774729812655466.
checkpoint_e33 window_influence: 0.44274189130190905, penalty_k: 0.41974162967261991, scale_lr: 0.63312205154672552, EAO: 0.336
Trial 508 finished with value: 0.33614645915736485 and parameters: {'window_influence': 0.44274189130190905, 'penalty_k': 0.4197416296726199, 'scale_lr': 0.6331220515467255}. Best is trial 310 with value: 0.36774729812655466.
checkpoint_e33 window_influence: 0.47362862003727091, penalty_k: 0.01463276555421942, scale_lr: 0.69348447428799342, EAO: 0.376
Trial 509 finished with value: 0.3760354560636825 and parameters: {'window_influence': 0.4736286200372709, 'penalty_k': 0.01463276555421942, 'scale_lr': 0.6934844742879934}. Best is trial 509 with value: 0.3760354560636825.
checkpoint_e33 window_influence: 0.48470088427076008, penalty_k: 0.00204028356968896, scale_lr: 0.65063228265957485, EAO: 0.359
Trial 510 finished with value: 0.3593048589006936 and parameters: {'window_influence': 0.4847008842707601, 'penalty_k': 0.002040283569688956, 'scale_lr': 0.6506322826595748}. Best is trial 509 with value: 0.3760354560636825.
checkpoint_e33 window_influence: 0.47553635238085262, penalty_k: 0.00250321974845669, scale_lr: 0.66496095716504222, EAO: 0.352
Trial 511 finished with value: 0.3519734370337386 and parameters: {'window_influence': 0.4755363523808526, 'penalty_k': 0.0025032197484566865, 'scale_lr': 0.6649609571650422}. Best is trial 509 with value: 0.3760354560636825.
checkpoint_e33 window_influence: 0.48400723836562937, penalty_k: 0.01382320734105678, scale_lr: 0.69087232193653325, EAO: 0.354
Trial 512 finished with value: 0.35358493360563936 and parameters: {'window_influence': 0.48400723836562937, 'penalty_k': 0.013823207341056777, 'scale_lr': 0.6908723219365333}. Best is trial 509 with value: 0.3760354560636825.
checkpoint_e33 window_influence: 0.49080422612921876, penalty_k: 0.00822695023192448, scale_lr: 0.69722036121412934, EAO: 0.340
Trial 513 finished with value: 0.3401510707367255 and parameters: {'window_influence': 0.49080422612921876, 'penalty_k': 0.008226950231924483, 'scale_lr': 0.6972203612141293}. Best is trial 509 with value: 0.3760354560636825.
checkpoint_e33 window_influence: 0.51325928730314885, penalty_k: 0.00014389446081172, scale_lr: 0.67749858345866409, EAO: 0.319
Trial 514 finished with value: 0.3189987732162735 and parameters: {'window_influence': 0.5132592873031488, 'penalty_k': 0.00014389446081171896, 'scale_lr': 0.6774985834586641}. Best is trial 509 with value: 0.3760354560636825.
checkpoint_e33 window_influence: 0.30440705411085084, penalty_k: 0.02336627669494462, scale_lr: 0.68251413384006154, EAO: 0.307
Trial 515 finished with value: 0.3074384327644504 and parameters: {'window_influence': 0.30440705411085084, 'penalty_k': 0.023366276694944618, 'scale_lr': 0.6825141338400615}. Best is trial 509 with value: 0.3760354560636825.
checkpoint_e33 window_influence: 0.48650229768414988, penalty_k: 0.01096641765023316, scale_lr: 0.69713718705140015, EAO: 0.341
Trial 516 finished with value: 0.34122377889165617 and parameters: {'window_influence': 0.4865022976841499, 'penalty_k': 0.01096641765023316, 'scale_lr': 0.6971371870514002}. Best is trial 509 with value: 0.3760354560636825.
checkpoint_e33 window_influence: 0.50113693066599219, penalty_k: 0.03170715233691507, scale_lr: 0.64943694618607639, EAO: 0.348
Trial 517 finished with value: 0.3480550695486106 and parameters: {'window_influence': 0.5011369306659922, 'penalty_k': 0.03170715233691507, 'scale_lr': 0.6494369461860764}. Best is trial 509 with value: 0.3760354560636825.
checkpoint_e33 window_influence: 0.47900922327395823, penalty_k: 0.02037392373557411, scale_lr: 0.69216666885601252, EAO: 0.346
Trial 518 finished with value: 0.345676860224876 and parameters: {'window_influence': 0.47900922327395823, 'penalty_k': 0.02037392373557411, 'scale_lr': 0.6921666688560125}. Best is trial 509 with value: 0.3760354560636825.
checkpoint_e33 window_influence: 0.35196345775640470, penalty_k: 0.01238048937117799, scale_lr: 0.70780991356424328, EAO: 0.324
Trial 519 finished with value: 0.3236355336259775 and parameters: {'window_influence': 0.3519634577564047, 'penalty_k': 0.012380489371177993, 'scale_lr': 0.7078099135642433}. Best is trial 509 with value: 0.3760354560636825.
checkpoint_e33 window_influence: 0.46286387520099970, penalty_k: 0.01674724419861271, scale_lr: 0.70891046112049372, EAO: 0.344
Trial 520 finished with value: 0.34448541950159034 and parameters: {'window_influence': 0.4628638752009997, 'penalty_k': 0.016747244198612708, 'scale_lr': 0.7089104611204937}. Best is trial 509 with value: 0.3760354560636825.
checkpoint_e33 window_influence: 0.47006612435979189, penalty_k: 0.03665936356774468, scale_lr: 0.61927633615621402, EAO: 0.337
Trial 521 finished with value: 0.3372438697267599 and parameters: {'window_influence': 0.4700661243597919, 'penalty_k': 0.036659363567744685, 'scale_lr': 0.619276336156214}. Best is trial 509 with value: 0.3760354560636825.
checkpoint_e33 window_influence: 0.55911289230243932, penalty_k: 0.00974439563866284, scale_lr: 0.66117241573099683, EAO: 0.277
Trial 522 finished with value: 0.27730728900386203 and parameters: {'window_influence': 0.5591128923024393, 'penalty_k': 0.00974439563866284, 'scale_lr': 0.6611724157309968}. Best is trial 509 with value: 0.3760354560636825.
checkpoint_e33 window_influence: 0.48377838435059128, penalty_k: 0.02778889584561297, scale_lr: 0.72012792415576543, EAO: 0.352
Trial 523 finished with value: 0.35168765688220816 and parameters: {'window_influence': 0.4837783843505913, 'penalty_k': 0.02778889584561297, 'scale_lr': 0.7201279241557654}. Best is trial 509 with value: 0.3760354560636825.
checkpoint_e33 window_influence: 0.49850542987376539, penalty_k: 0.03631341830236755, scale_lr: 0.63757508026726706, EAO: 0.343
Trial 524 finished with value: 0.34289230794758185 and parameters: {'window_influence': 0.4985054298737654, 'penalty_k': 0.03631341830236755, 'scale_lr': 0.6375750802672671}. Best is trial 509 with value: 0.3760354560636825.
checkpoint_e33 window_influence: 0.45748578546495644, penalty_k: 0.05181956339614466, scale_lr: 0.68021066665518071, EAO: 0.356
Trial 525 finished with value: 0.3558104063750241 and parameters: {'window_influence': 0.45748578546495644, 'penalty_k': 0.051819563396144665, 'scale_lr': 0.6802106666551807}. Best is trial 509 with value: 0.3760354560636825.
checkpoint_e33 window_influence: 0.45376794733769504, penalty_k: 0.05987239525296402, scale_lr: 0.67067773724576851, EAO: 0.333
Trial 526 finished with value: 0.33303800062910593 and parameters: {'window_influence': 0.45376794733769504, 'penalty_k': 0.05987239525296402, 'scale_lr': 0.6706777372457685}. Best is trial 509 with value: 0.3760354560636825.
checkpoint_e33 window_influence: 0.46918819821233160, penalty_k: 0.04421049484670680, scale_lr: 0.68419633945177161, EAO: 0.338
Trial 527 finished with value: 0.33784658284966584 and parameters: {'window_influence': 0.4691881982123316, 'penalty_k': 0.044210494846706805, 'scale_lr': 0.6841963394517716}. Best is trial 509 with value: 0.3760354560636825.
checkpoint_e33 window_influence: 0.57726930863039683, penalty_k: 0.51452771843644474, scale_lr: 0.69247473038132568, EAO: 0.246
Trial 528 finished with value: 0.24551501725202404 and parameters: {'window_influence': 0.5772693086303968, 'penalty_k': 0.5145277184364447, 'scale_lr': 0.6924747303813257}. Best is trial 509 with value: 0.3760354560636825.
checkpoint_e33 window_influence: 0.45238947419849712, penalty_k: 0.04803272748396109, scale_lr: 0.65191363707856032, EAO: 0.322
Trial 529 finished with value: 0.32166899740695953 and parameters: {'window_influence': 0.4523894741984971, 'penalty_k': 0.04803272748396109, 'scale_lr': 0.6519136370785603}. Best is trial 509 with value: 0.3760354560636825.
checkpoint_e33 window_influence: 0.43273291953820892, penalty_k: 0.01996489135414874, scale_lr: 0.43588604676518372, EAO: 0.344
Trial 530 finished with value: 0.3436880383046221 and parameters: {'window_influence': 0.4327329195382089, 'penalty_k': 0.019964891354148744, 'scale_lr': 0.4358860467651837}. Best is trial 509 with value: 0.3760354560636825.
checkpoint_e33 window_influence: 0.51471968210301944, penalty_k: 0.00017424693357324, scale_lr: 0.65922863551638222, EAO: 0.337
Trial 531 finished with value: 0.3368976531325611 and parameters: {'window_influence': 0.5147196821030194, 'penalty_k': 0.00017424693357323898, 'scale_lr': 0.6592286355163822}. Best is trial 509 with value: 0.3760354560636825.
checkpoint_e33 window_influence: 0.37600239949202774, penalty_k: 0.28533578436537538, scale_lr: 0.26325334925578969, EAO: 0.318
