Trial 244 finished with value: 0.3325083216920437 and parameters: {'window_influence': 0.5013628867359285, 'penalty_k': 0.04649019733016445, 'scale_lr': 0.1612152216328208}. Best is trial 189 with value: 0.3657155072874596.
checkpoint_e33 window_influence: 0.50949448045135137, penalty_k: 0.06405272789247186, scale_lr: 0.32354264613915712, EAO: 0.345
Trial 245 finished with value: 0.34488537281403747 and parameters: {'window_influence': 0.5094944804513514, 'penalty_k': 0.06405272789247186, 'scale_lr': 0.3235426461391571}. Best is trial 189 with value: 0.3657155072874596.
checkpoint_e33 window_influence: 0.47543281262855913, penalty_k: 0.20799544973787717, scale_lr: 0.40199123694590655, EAO: 0.335
Trial 246 finished with value: 0.33455828655554626 and parameters: {'window_influence': 0.47543281262855913, 'penalty_k': 0.20799544973787717, 'scale_lr': 0.40199123694590655}. Best is trial 189 with value: 0.3657155072874596.
checkpoint_e33 window_influence: 0.49234556497418636, penalty_k: 0.07539748113783566, scale_lr: 0.43423574351707400, EAO: 0.343
Trial 247 finished with value: 0.3433764866817786 and parameters: {'window_influence': 0.49234556497418636, 'penalty_k': 0.07539748113783566, 'scale_lr': 0.434235743517074}. Best is trial 189 with value: 0.3657155072874596.
checkpoint_e33 window_influence: 0.51594162363192098, penalty_k: 0.09688463435900396, scale_lr: 0.17379129194188878, EAO: 0.325
Trial 248 finished with value: 0.32528044764633773 and parameters: {'window_influence': 0.515941623631921, 'penalty_k': 0.09688463435900396, 'scale_lr': 0.17379129194188878}. Best is trial 189 with value: 0.3657155072874596.
checkpoint_e33 window_influence: 0.49936800667286396, penalty_k: 0.03529009791063720, scale_lr: 0.17708706553419654, EAO: 0.346
Trial 249 finished with value: 0.34598156786614354 and parameters: {'window_influence': 0.49936800667286396, 'penalty_k': 0.0352900979106372, 'scale_lr': 0.17708706553419654}. Best is trial 189 with value: 0.3657155072874596.
checkpoint_e33 window_influence: 0.48283896250634811, penalty_k: 0.02081730218376644, scale_lr: 0.20744227231080409, EAO: 0.351
Trial 250 finished with value: 0.350577164484833 and parameters: {'window_influence': 0.4828389625063481, 'penalty_k': 0.020817302183766442, 'scale_lr': 0.2074422723108041}. Best is trial 189 with value: 0.3657155072874596.
checkpoint_e33 window_influence: 0.44451641086951754, penalty_k: 0.00022967296304577, scale_lr: 0.19411123078848061, EAO: 0.320
Trial 251 finished with value: 0.31958326790119423 and parameters: {'window_influence': 0.44451641086951754, 'penalty_k': 0.00022967296304577355, 'scale_lr': 0.1941112307884806}. Best is trial 189 with value: 0.3657155072874596.
checkpoint_e33 window_influence: 0.46861447504667958, penalty_k: 0.05237938407050113, scale_lr: 0.49809356419414053, EAO: 0.347
Trial 252 finished with value: 0.3469993116094908 and parameters: {'window_influence': 0.4686144750466796, 'penalty_k': 0.052379384070501134, 'scale_lr': 0.4980935641941405}. Best is trial 189 with value: 0.3657155072874596.
checkpoint_e33 window_influence: 0.49292989327028031, penalty_k: 0.18882081582047514, scale_lr: 0.52972811716639512, EAO: 0.335
Trial 253 finished with value: 0.3348803095780458 and parameters: {'window_influence': 0.4929298932702803, 'penalty_k': 0.18882081582047514, 'scale_lr': 0.5297281171663951}. Best is trial 189 with value: 0.3657155072874596.
checkpoint_e33 window_influence: 0.38674324480630079, penalty_k: 0.08126612940618630, scale_lr: 0.17142196055201131, EAO: 0.319
Trial 254 finished with value: 0.31921546265540884 and parameters: {'window_influence': 0.3867432448063008, 'penalty_k': 0.0812661294061863, 'scale_lr': 0.1714219605520113}. Best is trial 189 with value: 0.3657155072874596.
checkpoint_e33 window_influence: 0.42483967660774524, penalty_k: 0.23952651935758579, scale_lr: 0.38358808501624619, EAO: 0.333
Trial 255 finished with value: 0.3330838529516287 and parameters: {'window_influence': 0.42483967660774524, 'penalty_k': 0.2395265193575858, 'scale_lr': 0.3835880850162462}. Best is trial 189 with value: 0.3657155072874596.
checkpoint_e33 window_influence: 0.52771113747414089, penalty_k: 0.01788468568039404, scale_lr: 0.41351215252662910, EAO: 0.325
Trial 256 finished with value: 0.32510302038972017 and parameters: {'window_influence': 0.5277111374741409, 'penalty_k': 0.017884685680394044, 'scale_lr': 0.4135121525266291}. Best is trial 189 with value: 0.3657155072874596.
checkpoint_e33 window_influence: 0.45797687944075105, penalty_k: 0.10480962086042803, scale_lr: 0.46201430058637827, EAO: 0.337
Trial 257 finished with value: 0.3371475612606984 and parameters: {'window_influence': 0.45797687944075105, 'penalty_k': 0.10480962086042803, 'scale_lr': 0.46201430058637827}. Best is trial 189 with value: 0.3657155072874596.
checkpoint_e33 window_influence: 0.50942570332182324, penalty_k: 0.03847092855358203, scale_lr: 0.44578505341264907, EAO: 0.339
Trial 258 finished with value: 0.3392875868290779 and parameters: {'window_influence': 0.5094257033218232, 'penalty_k': 0.03847092855358203, 'scale_lr': 0.44578505341264907}. Best is trial 189 with value: 0.3657155072874596.
checkpoint_e33 window_influence: 0.60522062549182720, penalty_k: 0.11897990708391304, scale_lr: 0.42999118703027273, EAO: 0.256
Trial 259 finished with value: 0.25552502518034165 and parameters: {'window_influence': 0.6052206254918272, 'penalty_k': 0.11897990708391304, 'scale_lr': 0.4299911870302727}. Best is trial 189 with value: 0.3657155072874596.
checkpoint_e33 window_influence: 0.47590607671823698, penalty_k: 0.06257008319035585, scale_lr: 0.56866501301395411, EAO: 0.322
Trial 260 finished with value: 0.32193842681001594 and parameters: {'window_influence': 0.475906076718237, 'penalty_k': 0.06257008319035585, 'scale_lr': 0.5686650130139541}. Best is trial 189 with value: 0.3657155072874596.
checkpoint_e33 window_influence: 0.48697503008787557, penalty_k: 0.22910121555425159, scale_lr: 0.65066154043989277, EAO: 0.335
Trial 261 finished with value: 0.33497355675419016 and parameters: {'window_influence': 0.48697503008787557, 'penalty_k': 0.22910121555425159, 'scale_lr': 0.6506615404398928}. Best is trial 189 with value: 0.3657155072874596.
checkpoint_e33 window_influence: 0.50133510935403558, penalty_k: 0.16093689042458514, scale_lr: 0.48631594649446003, EAO: 0.319
Trial 262 finished with value: 0.3190406685557347 and parameters: {'window_influence': 0.5013351093540356, 'penalty_k': 0.16093689042458514, 'scale_lr': 0.48631594649446}. Best is trial 189 with value: 0.3657155072874596.
checkpoint_e33 window_influence: 0.53696366890271430, penalty_k: 0.48775470721482722, scale_lr: 0.28073512407900486, EAO: 0.277
Trial 263 finished with value: 0.2768392866687552 and parameters: {'window_influence': 0.5369636689027143, 'penalty_k': 0.4877547072148272, 'scale_lr': 0.28073512407900486}. Best is trial 189 with value: 0.3657155072874596.
checkpoint_e33 window_influence: 0.51880183407357827, penalty_k: 0.18156379530057687, scale_lr: 0.35941915118825674, EAO: 0.333
Trial 264 finished with value: 0.3328657728920651 and parameters: {'window_influence': 0.5188018340735783, 'penalty_k': 0.18156379530057687, 'scale_lr': 0.35941915118825674}. Best is trial 189 with value: 0.3657155072874596.
checkpoint_e33 window_influence: 0.43155075437316465, penalty_k: 0.14184663086159902, scale_lr: 0.42222707948252164, EAO: 0.330
Trial 265 finished with value: 0.3297932473833923 and parameters: {'window_influence': 0.43155075437316465, 'penalty_k': 0.14184663086159902, 'scale_lr': 0.42222707948252164}. Best is trial 189 with value: 0.3657155072874596.
checkpoint_e33 window_influence: 0.41018444649510505, penalty_k: 0.02887619774914313, scale_lr: 0.40176647400340393, EAO: 0.315
Trial 266 finished with value: 0.3152266313477713 and parameters: {'window_influence': 0.41018444649510505, 'penalty_k': 0.02887619774914313, 'scale_lr': 0.40176647400340393}. Best is trial 189 with value: 0.3657155072874596.
checkpoint_e33 window_influence: 0.46319726722402865, penalty_k: 0.19847640652484222, scale_lr: 0.25491295530546909, EAO: 0.343
Trial 267 finished with value: 0.34296778215508517 and parameters: {'window_influence': 0.46319726722402865, 'penalty_k': 0.19847640652484222, 'scale_lr': 0.2549129553054691}. Best is trial 189 with value: 0.3657155072874596.
checkpoint_e33 window_influence: 0.44968638216964663, penalty_k: 0.09059304797427946, scale_lr: 0.51891168697792234, EAO: 0.347
Trial 268 finished with value: 0.34653063727260097 and parameters: {'window_influence': 0.4496863821696466, 'penalty_k': 0.09059304797427946, 'scale_lr': 0.5189116869779223}. Best is trial 189 with value: 0.3657155072874596.
checkpoint_e33 window_influence: 0.36280338309966120, penalty_k: 0.01256276528531373, scale_lr: 0.20038357541000815, EAO: 0.323
Trial 269 finished with value: 0.32309909298262246 and parameters: {'window_influence': 0.3628033830996612, 'penalty_k': 0.01256276528531373, 'scale_lr': 0.20038357541000815}. Best is trial 189 with value: 0.3657155072874596.
checkpoint_e33 window_influence: 0.48633029220708968, penalty_k: 0.04798683571119961, scale_lr: 0.44780735287315304, EAO: 0.349
Trial 270 finished with value: 0.34851382898913286 and parameters: {'window_influence': 0.4863302922070897, 'penalty_k': 0.04798683571119961, 'scale_lr': 0.44780735287315304}. Best is trial 189 with value: 0.3657155072874596.
checkpoint_e33 window_influence: 0.47194729127623025, penalty_k: 0.06614018240810929, scale_lr: 0.21545557130534457, EAO: 0.352
Trial 271 finished with value: 0.35193604126514627 and parameters: {'window_influence': 0.47194729127623025, 'penalty_k': 0.06614018240810929, 'scale_lr': 0.21545557130534457}. Best is trial 189 with value: 0.3657155072874596.
checkpoint_e33 window_influence: 0.34794585780645904, penalty_k: 0.07334017457043783, scale_lr: 0.35105154807699773, EAO: 0.307
Trial 272 finished with value: 0.3073314839415977 and parameters: {'window_influence': 0.34794585780645904, 'penalty_k': 0.07334017457043783, 'scale_lr': 0.35105154807699773}. Best is trial 189 with value: 0.3657155072874596.
checkpoint_e33 window_influence: 0.50872660805895709, penalty_k: 0.03978249349785944, scale_lr: 0.46560792205287693, EAO: 0.348
Trial 273 finished with value: 0.3475852532145578 and parameters: {'window_influence': 0.5087266080589571, 'penalty_k': 0.039782493497859436, 'scale_lr': 0.46560792205287693}. Best is trial 189 with value: 0.3657155072874596.
checkpoint_e33 window_influence: 0.49687041673666305, penalty_k: 0.20964515425199148, scale_lr: 0.54138220073913401, EAO: 0.331
Trial 274 finished with value: 0.3308120553131697 and parameters: {'window_influence': 0.49687041673666305, 'penalty_k': 0.20964515425199148, 'scale_lr': 0.541382200739134}. Best is trial 189 with value: 0.3657155072874596.
checkpoint_e33 window_influence: 0.54610623018150628, penalty_k: 0.12489123073886160, scale_lr: 0.72501162809456932, EAO: 0.290
Trial 275 finished with value: 0.29024950516363063 and parameters: {'window_influence': 0.5461062301815063, 'penalty_k': 0.1248912307388616, 'scale_lr': 0.7250116280945693}. Best is trial 189 with value: 0.3657155072874596.
checkpoint_e33 window_influence: 0.47898699253624055, penalty_k: 0.02353580401771919, scale_lr: 0.41201045254574248, EAO: 0.351
Trial 276 finished with value: 0.3507687121281828 and parameters: {'window_influence': 0.47898699253624055, 'penalty_k': 0.023535804017719195, 'scale_lr': 0.4120104525457425}. Best is trial 189 with value: 0.3657155072874596.
checkpoint_e33 window_influence: 0.51918110343447399, penalty_k: 0.25834707604920054, scale_lr: 0.37652848271779454, EAO: 0.313
Trial 277 finished with value: 0.31325070954250456 and parameters: {'window_influence': 0.519181103434474, 'penalty_k': 0.25834707604920054, 'scale_lr': 0.37652848271779454}. Best is trial 189 with value: 0.3657155072874596.
checkpoint_e33 window_influence: 0.49594302446990979, penalty_k: 0.00910567266671212, scale_lr: 0.39022586655924496, EAO: 0.349
Trial 278 finished with value: 0.3488105852084401 and parameters: {'window_influence': 0.4959430244699098, 'penalty_k': 0.009105672666712118, 'scale_lr': 0.39022586655924496}. Best is trial 189 with value: 0.3657155072874596.
checkpoint_e33 window_influence: 0.46539202781050665, penalty_k: 0.05491911570927813, scale_lr: 0.18828571192972413, EAO: 0.340
Trial 279 finished with value: 0.33981149762520996 and parameters: {'window_influence': 0.46539202781050665, 'penalty_k': 0.05491911570927813, 'scale_lr': 0.18828571192972413}. Best is trial 189 with value: 0.3657155072874596.
checkpoint_e33 window_influence: 0.20292351124317967, penalty_k: 0.08376269767442482, scale_lr: 0.61296730816051681, EAO: 0.281
Trial 280 finished with value: 0.28121121465464044 and parameters: {'window_influence': 0.20292351124317967, 'penalty_k': 0.08376269767442482, 'scale_lr': 0.6129673081605168}. Best is trial 189 with value: 0.3657155072874596.
checkpoint_e33 window_influence: 0.44661540287229134, penalty_k: 0.09886097758704326, scale_lr: 0.31143401046770414, EAO: 0.323
Trial 281 finished with value: 0.32273846255898014 and parameters: {'window_influence': 0.44661540287229134, 'penalty_k': 0.09886097758704326, 'scale_lr': 0.31143401046770414}. Best is trial 189 with value: 0.3657155072874596.
checkpoint_e33 window_influence: 0.48073826237096634, penalty_k: 0.03564197487717910, scale_lr: 0.43720150172702910, EAO: 0.355
Trial 282 finished with value: 0.35549790235345 and parameters: {'window_influence': 0.48073826237096634, 'penalty_k': 0.0356419748771791, 'scale_lr': 0.4372015017270291}. Best is trial 189 with value: 0.3657155072874596.
checkpoint_e33 window_influence: 0.47806131143184233, penalty_k: 0.03210894315413478, scale_lr: 0.43456792386410681, EAO: 0.342
Trial 283 finished with value: 0.34227995464310107 and parameters: {'window_influence': 0.47806131143184233, 'penalty_k': 0.03210894315413478, 'scale_lr': 0.4345679238641068}. Best is trial 189 with value: 0.3657155072874596.
checkpoint_e33 window_influence: 0.48628717563778306, penalty_k: 0.17396531413653760, scale_lr: 0.45566072011136716, EAO: 0.337
Trial 284 finished with value: 0.3365382450100049 and parameters: {'window_influence': 0.48628717563778306, 'penalty_k': 0.1739653141365376, 'scale_lr': 0.45566072011136716}. Best is trial 189 with value: 0.3657155072874596.
checkpoint_e33 window_influence: 0.46027987242423873, penalty_k: 0.13388909205896937, scale_lr: 0.22799270185537857, EAO: 0.339
Trial 285 finished with value: 0.33858623718009384 and parameters: {'window_influence': 0.46027987242423873, 'penalty_k': 0.13388909205896937, 'scale_lr': 0.22799270185537857}. Best is trial 189 with value: 0.3657155072874596.
checkpoint_e33 window_influence: 0.47082258731953935, penalty_k: 0.02367241613608858, scale_lr: 0.42612247978566159, EAO: 0.355
Trial 286 finished with value: 0.3549857849276947 and parameters: {'window_influence': 0.47082258731953935, 'penalty_k': 0.023672416136088583, 'scale_lr': 0.4261224797856616}. Best is trial 189 with value: 0.3657155072874596.
checkpoint_e33 window_influence: 0.43680483473448078, penalty_k: 0.01785396404507051, scale_lr: 0.44134037950946581, EAO: 0.338
Trial 287 finished with value: 0.337614736436406 and parameters: {'window_influence': 0.4368048347344808, 'penalty_k': 0.017853964045070506, 'scale_lr': 0.4413403795094658}. Best is trial 189 with value: 0.3657155072874596.
checkpoint_e33 window_influence: 0.46818832254558501, penalty_k: 0.00362336633873831, scale_lr: 0.47487410745821895, EAO: 0.332
Trial 288 finished with value: 0.33221973322244935 and parameters: {'window_influence': 0.468188322545585, 'penalty_k': 0.0036233663387383094, 'scale_lr': 0.47487410745821895}. Best is trial 189 with value: 0.3657155072874596.
checkpoint_e33 window_influence: 0.44819135885068462, penalty_k: 0.02483203211079711, scale_lr: 0.50468056365895775, EAO: 0.325
Trial 289 finished with value: 0.3246675923408701 and parameters: {'window_influence': 0.4481913588506846, 'penalty_k': 0.024832032110797108, 'scale_lr': 0.5046805636589577}. Best is trial 189 with value: 0.3657155072874596.
checkpoint_e33 window_influence: 0.27706010583790797, penalty_k: 0.03208637926513396, scale_lr: 0.42297050914763673, EAO: 0.301
Trial 290 finished with value: 0.3011565271634536 and parameters: {'window_influence': 0.27706010583790797, 'penalty_k': 0.03208637926513396, 'scale_lr': 0.42297050914763673}. Best is trial 189 with value: 0.3657155072874596.
checkpoint_e33 window_influence: 0.47439284741813614, penalty_k: 0.01564239465169507, scale_lr: 0.44146935265050302, EAO: 0.329
Trial 291 finished with value: 0.3286466635618692 and parameters: {'window_influence': 0.47439284741813614, 'penalty_k': 0.015642394651695066, 'scale_lr': 0.441469352650503}. Best is trial 189 with value: 0.3657155072874596.
checkpoint_e33 window_influence: 0.40065534100617289, penalty_k: 0.16251158644838395, scale_lr: 0.40562248275145146, EAO: 0.312
Trial 292 finished with value: 0.31200919859836074 and parameters: {'window_influence': 0.4006553410061729, 'penalty_k': 0.16251158644838395, 'scale_lr': 0.40562248275145146}. Best is trial 189 with value: 0.3657155072874596.
checkpoint_e33 window_influence: 0.49466247632876698, penalty_k: 0.04180802742176819, scale_lr: 0.49359489914596966, EAO: 0.340
Trial 293 finished with value: 0.34011863769260364 and parameters: {'window_influence': 0.494662476328767, 'penalty_k': 0.04180802742176819, 'scale_lr': 0.49359489914596966}. Best is trial 189 with value: 0.3657155072874596.
checkpoint_e33 window_influence: 0.45864348679898714, penalty_k: 0.21208739832881024, scale_lr: 0.46626321828023121, EAO: 0.329
Trial 294 finished with value: 0.3293940779763901 and parameters: {'window_influence': 0.45864348679898714, 'penalty_k': 0.21208739832881024, 'scale_lr': 0.4662632182802312}. Best is trial 189 with value: 0.3657155072874596.
checkpoint_e33 window_influence: 0.32887847407067583, penalty_k: 0.29164605200896931, scale_lr: 0.42221752111735200, EAO: 0.299
Trial 295 finished with value: 0.2985635280377206 and parameters: {'window_influence': 0.32887847407067583, 'penalty_k': 0.2916460520089693, 'scale_lr': 0.422217521117352}. Best is trial 189 with value: 0.3657155072874596.
checkpoint_e33 window_influence: 0.48131801753435555, penalty_k: 0.11065214124351794, scale_lr: 0.52418928823558486, EAO: 0.333
Trial 296 finished with value: 0.3325421657079852 and parameters: {'window_influence': 0.48131801753435555, 'penalty_k': 0.11065214124351794, 'scale_lr': 0.5241892882355849}. Best is trial 189 with value: 0.3657155072874596.
checkpoint_e33 window_influence: 0.52759780370240761, penalty_k: 0.00227794321517526, scale_lr: 0.23464944098553764, EAO: 0.310
Trial 297 finished with value: 0.30965414759250004 and parameters: {'window_influence': 0.5275978037024076, 'penalty_k': 0.0022779432151752606, 'scale_lr': 0.23464944098553764}. Best is trial 189 with value: 0.3657155072874596.
checkpoint_e33 window_influence: 0.38537699049787943, penalty_k: 0.02502858033808625, scale_lr: 0.45294146418747916, EAO: 0.318
Trial 298 finished with value: 0.3182951957567193 and parameters: {'window_influence': 0.38537699049787943, 'penalty_k': 0.02502858033808625, 'scale_lr': 0.45294146418747916}. Best is trial 189 with value: 0.3657155072874596.
checkpoint_e33 window_influence: 0.50321759018096435, penalty_k: 0.18857923273813076, scale_lr: 0.43255517494252510, EAO: 0.326
Trial 299 finished with value: 0.32579334358528894 and parameters: {'window_influence': 0.5032175901809643, 'penalty_k': 0.18857923273813076, 'scale_lr': 0.4325551749425251}. Best is trial 189 with value: 0.3657155072874596.
checkpoint_e33 window_influence: 0.46825516472200795, penalty_k: 0.04448136479597438, scale_lr: 0.39542069360599519, EAO: 0.336
Trial 300 finished with value: 0.3361008228726888 and parameters: {'window_influence': 0.46825516472200795, 'penalty_k': 0.04448136479597438, 'scale_lr': 0.3954206936059952}. Best is trial 189 with value: 0.3657155072874596.
checkpoint_e33 window_influence: 0.45130097142141173, penalty_k: 0.19724493281970004, scale_lr: 0.47970364864782999, EAO: 0.346
Trial 301 finished with value: 0.3459487841518936 and parameters: {'window_influence': 0.45130097142141173, 'penalty_k': 0.19724493281970004, 'scale_lr': 0.47970364864783}. Best is trial 189 with value: 0.3657155072874596.
checkpoint_e33 window_influence: 0.48883810329628291, penalty_k: 0.14792788421960967, scale_lr: 0.43892481312731363, EAO: 0.350
Trial 302 finished with value: 0.34966898532693025 and parameters: {'window_influence': 0.4888381032962829, 'penalty_k': 0.14792788421960967, 'scale_lr': 0.43892481312731363}. Best is trial 189 with value: 0.3657155072874596.
checkpoint_e33 window_influence: 0.51183878946737849, penalty_k: 0.01356218061754185, scale_lr: 0.55390383459610626, EAO: 0.320
Trial 303 finished with value: 0.32014675832676054 and parameters: {'window_influence': 0.5118387894673785, 'penalty_k': 0.01356218061754185, 'scale_lr': 0.5539038345961063}. Best is trial 189 with value: 0.3657155072874596.
checkpoint_e33 window_influence: 0.47782171029313952, penalty_k: 0.03635378385040776, scale_lr: 0.41151276325984271, EAO: 0.339
Trial 304 finished with value: 0.339383416370659 and parameters: {'window_influence': 0.4778217102931395, 'penalty_k': 0.03635378385040776, 'scale_lr': 0.4115127632598427}. Best is trial 189 with value: 0.3657155072874596.
checkpoint_e33 window_influence: 0.49711780959244539, penalty_k: 0.09601569332494267, scale_lr: 0.37220266231847932, EAO: 0.352
Trial 305 finished with value: 0.35172272656214376 and parameters: {'window_influence': 0.4971178095924454, 'penalty_k': 0.09601569332494267, 'scale_lr': 0.3722026623184793}. Best is trial 189 with value: 0.3657155072874596.
checkpoint_e33 window_influence: 0.05422131115017809, penalty_k: 0.21936500234165140, scale_lr: 0.33600559693139420, EAO: 0.251
