Trial 682 finished with value: 0.2394537207913306 and parameters: {'window_influence': 0.13521500164880743, 'penalty_k': 0.35174428808325436, 'scale_lr': 0.15560642019828352}. Best is trial 32 with value: 0.38394216433573325.
checkpoint_e23 window_influence: 0.61579071080902337, penalty_k: 0.03117404537955073, scale_lr: 0.23705812561943476, EAO: 0.269
Trial 683 finished with value: 0.2685709487835257 and parameters: {'window_influence': 0.6157907108090234, 'penalty_k': 0.031174045379550725, 'scale_lr': 0.23705812561943476}. Best is trial 32 with value: 0.38394216433573325.
checkpoint_e23 window_influence: 0.47614769756861391, penalty_k: 0.38678863458992452, scale_lr: 0.50036961615391684, EAO: 0.313
Trial 684 finished with value: 0.3126201209854987 and parameters: {'window_influence': 0.4761476975686139, 'penalty_k': 0.3867886345899245, 'scale_lr': 0.5003696161539168}. Best is trial 32 with value: 0.38394216433573325.
checkpoint_e23 window_influence: 0.48698086502496873, penalty_k: 0.10678666881056148, scale_lr: 0.30482048156334257, EAO: 0.330
Trial 685 finished with value: 0.33047411170451096 and parameters: {'window_influence': 0.48698086502496873, 'penalty_k': 0.10678666881056148, 'scale_lr': 0.30482048156334257}. Best is trial 32 with value: 0.38394216433573325.
checkpoint_e23 window_influence: 0.09349746227276445, penalty_k: 0.05275718669947976, scale_lr: 0.42441794217172096, EAO: 0.275
Trial 686 finished with value: 0.27486091707235183 and parameters: {'window_influence': 0.09349746227276445, 'penalty_k': 0.05275718669947976, 'scale_lr': 0.42441794217172096}. Best is trial 32 with value: 0.38394216433573325.
checkpoint_e23 window_influence: 0.64650716371927275, penalty_k: 0.08915886514220329, scale_lr: 0.77734077252346601, EAO: 0.242
Trial 687 finished with value: 0.24213712358057268 and parameters: {'window_influence': 0.6465071637192727, 'penalty_k': 0.0891588651422033, 'scale_lr': 0.777340772523466}. Best is trial 32 with value: 0.38394216433573325.
checkpoint_e23 window_influence: 0.29864866882846919, penalty_k: 0.43578388903710424, scale_lr: 0.75441785313315401, EAO: 0.314
Trial 688 finished with value: 0.31425802995258734 and parameters: {'window_influence': 0.2986486688284692, 'penalty_k': 0.43578388903710424, 'scale_lr': 0.754417853133154}. Best is trial 32 with value: 0.38394216433573325.
checkpoint_e23 window_influence: 0.53785953387014696, penalty_k: 0.14959770214610871, scale_lr: 0.40368027219950919, EAO: 0.321
Trial 689 finished with value: 0.3212531970284792 and parameters: {'window_influence': 0.537859533870147, 'penalty_k': 0.1495977021461087, 'scale_lr': 0.4036802721995092}. Best is trial 32 with value: 0.38394216433573325.
checkpoint_e23 window_influence: 0.46291293541672868, penalty_k: 0.45786772204152787, scale_lr: 0.25038529079990862, EAO: 0.312
Trial 690 finished with value: 0.31225442393512576 and parameters: {'window_influence': 0.4629129354167287, 'penalty_k': 0.45786772204152787, 'scale_lr': 0.2503852907999086}. Best is trial 32 with value: 0.38394216433573325.
checkpoint_e23 window_influence: 0.39762035231967396, penalty_k: 0.17228303133444164, scale_lr: 0.37334732667549547, EAO: 0.332
Trial 691 finished with value: 0.3323707144547993 and parameters: {'window_influence': 0.39762035231967396, 'penalty_k': 0.17228303133444164, 'scale_lr': 0.3733473266754955}. Best is trial 32 with value: 0.38394216433573325.
checkpoint_e23 window_influence: 0.32456064974663795, penalty_k: 0.03781699503776653, scale_lr: 0.38625656586941221, EAO: 0.313
Trial 692 finished with value: 0.31339108538071003 and parameters: {'window_influence': 0.32456064974663795, 'penalty_k': 0.037816995037766525, 'scale_lr': 0.3862565658694122}. Best is trial 32 with value: 0.38394216433573325.
checkpoint_e23 window_influence: 0.07171794144641486, penalty_k: 0.55843474331041620, scale_lr: 0.44639185248236735, EAO: 0.222
Trial 693 finished with value: 0.22169864803900516 and parameters: {'window_influence': 0.07171794144641486, 'penalty_k': 0.5584347433104162, 'scale_lr': 0.44639185248236735}. Best is trial 32 with value: 0.38394216433573325.
checkpoint_e23 window_influence: 0.49760338891921158, penalty_k: 0.01295758883143537, scale_lr: 0.35261485992442793, EAO: 0.362
Trial 694 finished with value: 0.36196469066207976 and parameters: {'window_influence': 0.4976033889192116, 'penalty_k': 0.012957588831435374, 'scale_lr': 0.3526148599244279}. Best is trial 32 with value: 0.38394216433573325.
checkpoint_e23 window_influence: 0.51162749253020545, penalty_k: 0.01163623381383366, scale_lr: 0.35019194861543296, EAO: 0.357
Trial 695 finished with value: 0.3573009558456881 and parameters: {'window_influence': 0.5116274925302055, 'penalty_k': 0.011636233813833661, 'scale_lr': 0.35019194861543296}. Best is trial 32 with value: 0.38394216433573325.
checkpoint_e23 window_influence: 0.49887562109694183, penalty_k: 0.01047001720880391, scale_lr: 0.36393769692260564, EAO: 0.347
Trial 696 finished with value: 0.3468368422196533 and parameters: {'window_influence': 0.49887562109694183, 'penalty_k': 0.010470017208803913, 'scale_lr': 0.36393769692260564}. Best is trial 32 with value: 0.38394216433573325.
checkpoint_e23 window_influence: 0.56776601503219126, penalty_k: 0.46562569157351563, scale_lr: 0.66547032253492822, EAO: 0.255
Trial 697 finished with value: 0.2552768588645913 and parameters: {'window_influence': 0.5677660150321913, 'penalty_k': 0.46562569157351563, 'scale_lr': 0.6654703225349282}. Best is trial 32 with value: 0.38394216433573325.
checkpoint_e23 window_influence: 0.50925081545981032, penalty_k: 0.06474148155765598, scale_lr: 0.33904467505915170, EAO: 0.337
Trial 698 finished with value: 0.33726193120971265 and parameters: {'window_influence': 0.5092508154598103, 'penalty_k': 0.06474148155765598, 'scale_lr': 0.3390446750591517}. Best is trial 32 with value: 0.38394216433573325.
checkpoint_e23 window_influence: 0.52014376957732389, penalty_k: 0.33306409237774159, scale_lr: 0.36328646237788570, EAO: 0.311
Trial 699 finished with value: 0.31136952386987815 and parameters: {'window_influence': 0.5201437695773239, 'penalty_k': 0.3330640923777416, 'scale_lr': 0.3632864623778857}. Best is trial 32 with value: 0.38394216433573325.
checkpoint_e23 window_influence: 0.37323231419789038, penalty_k: 0.21522065223656739, scale_lr: 0.71215068032806272, EAO: 0.344
Trial 700 finished with value: 0.34442109878425003 and parameters: {'window_influence': 0.3732323141978904, 'penalty_k': 0.2152206522365674, 'scale_lr': 0.7121506803280627}. Best is trial 32 with value: 0.38394216433573325.
checkpoint_e23 window_influence: 0.49517066395282661, penalty_k: 0.02194140858997444, scale_lr: 0.57660264428843866, EAO: 0.379
Trial 701 finished with value: 0.37861525478993874 and parameters: {'window_influence': 0.4951706639528266, 'penalty_k': 0.021941408589974436, 'scale_lr': 0.5766026442884387}. Best is trial 32 with value: 0.38394216433573325.
checkpoint_e23 window_influence: 0.53455161255543815, penalty_k: 0.00040662823977421, scale_lr: 0.58127563704996132, EAO: 0.325
Trial 702 finished with value: 0.32498097408142534 and parameters: {'window_influence': 0.5345516125554381, 'penalty_k': 0.00040662823977421353, 'scale_lr': 0.5812756370499613}. Best is trial 32 with value: 0.38394216433573325.
checkpoint_e23 window_influence: 0.49447140873969292, penalty_k: 0.25492666939188635, scale_lr: 0.38017316701531373, EAO: 0.334
Trial 703 finished with value: 0.3336717075874833 and parameters: {'window_influence': 0.4944714087396929, 'penalty_k': 0.25492666939188635, 'scale_lr': 0.38017316701531373}. Best is trial 32 with value: 0.38394216433573325.
checkpoint_e23 window_influence: 0.58839815409037755, penalty_k: 0.01983153054815994, scale_lr: 0.39798108988559028, EAO: 0.277
Trial 704 finished with value: 0.2770612453208359 and parameters: {'window_influence': 0.5883981540903775, 'penalty_k': 0.01983153054815994, 'scale_lr': 0.3979810898855903}. Best is trial 32 with value: 0.38394216433573325.
checkpoint_e23 window_influence: 0.26738522499262579, penalty_k: 0.02170984755775007, scale_lr: 0.55218765898873989, EAO: 0.312
Trial 705 finished with value: 0.31235062838296485 and parameters: {'window_influence': 0.2673852249926258, 'penalty_k': 0.021709847557750066, 'scale_lr': 0.5521876589887399}. Best is trial 32 with value: 0.38394216433573325.
checkpoint_e23 window_influence: 0.10331986551282404, penalty_k: 0.12278013708420236, scale_lr: 0.59654765726333092, EAO: 0.280
Trial 706 finished with value: 0.2803349065293598 and parameters: {'window_influence': 0.10331986551282404, 'penalty_k': 0.12278013708420236, 'scale_lr': 0.5965476572633309}. Best is trial 32 with value: 0.38394216433573325.
checkpoint_e23 window_influence: 0.50364018843919311, penalty_k: 0.24552665713579111, scale_lr: 0.60564276602564404, EAO: 0.324
Trial 707 finished with value: 0.323521157183072 and parameters: {'window_influence': 0.5036401884391931, 'penalty_k': 0.2455266571357911, 'scale_lr': 0.605642766025644}. Best is trial 32 with value: 0.38394216433573325.
checkpoint_e23 window_influence: 0.13833242337709070, penalty_k: 0.00990583291400042, scale_lr: 0.53761937594080433, EAO: 0.277
Trial 708 finished with value: 0.276529976018208 and parameters: {'window_influence': 0.1383324233770907, 'penalty_k': 0.009905832914000417, 'scale_lr': 0.5376193759408043}. Best is trial 32 with value: 0.38394216433573325.
checkpoint_e23 window_influence: 0.54718472832622200, penalty_k: 0.00007527917706575, scale_lr: 0.59484376374132741, EAO: 0.346
Trial 709 finished with value: 0.3462878428544516 and parameters: {'window_influence': 0.547184728326222, 'penalty_k': 7.527917706574849e-05, 'scale_lr': 0.5948437637413274}. Best is trial 32 with value: 0.38394216433573325.
checkpoint_e23 window_influence: 0.51636213605951042, penalty_k: 0.54146759213486328, scale_lr: 0.70223421768307337, EAO: 0.285
Trial 710 finished with value: 0.2854515805782511 and parameters: {'window_influence': 0.5163621360595104, 'penalty_k': 0.5414675921348633, 'scale_lr': 0.7022342176830734}. Best is trial 32 with value: 0.38394216433573325.
checkpoint_e23 window_influence: 0.63630129847274508, penalty_k: 0.07791444705080441, scale_lr: 0.52075005645886496, EAO: 0.237
Trial 711 finished with value: 0.236930132434062 and parameters: {'window_influence': 0.6363012984727451, 'penalty_k': 0.07791444705080441, 'scale_lr': 0.520750056458865}. Best is trial 32 with value: 0.38394216433573325.
checkpoint_e23 window_influence: 0.42286530631803809, penalty_k: 0.02830844738138427, scale_lr: 0.57013510180585714, EAO: 0.332
Trial 712 finished with value: 0.3322970493758235 and parameters: {'window_influence': 0.4228653063180381, 'penalty_k': 0.02830844738138427, 'scale_lr': 0.5701351018058571}. Best is trial 32 with value: 0.38394216433573325.
checkpoint_e23 window_influence: 0.49599566211320012, penalty_k: 0.10266465052820314, scale_lr: 0.56153534643187619, EAO: 0.362
Trial 713 finished with value: 0.36158014851321507 and parameters: {'window_influence': 0.4959956621132001, 'penalty_k': 0.10266465052820314, 'scale_lr': 0.5615353464318762}. Best is trial 32 with value: 0.38394216433573325.
checkpoint_e23 window_influence: 0.50051372250395243, penalty_k: 0.09599592702869286, scale_lr: 0.56856483401803926, EAO: 0.328
Trial 714 finished with value: 0.3275746219584914 and parameters: {'window_influence': 0.5005137225039524, 'penalty_k': 0.09599592702869286, 'scale_lr': 0.5685648340180393}. Best is trial 32 with value: 0.38394216433573325.
checkpoint_e23 window_influence: 0.27423403764033355, penalty_k: 0.15987854372393961, scale_lr: 0.56681275453848912, EAO: 0.323
Trial 715 finished with value: 0.32267840722655505 and parameters: {'window_influence': 0.27423403764033355, 'penalty_k': 0.15987854372393961, 'scale_lr': 0.5668127545384891}. Best is trial 32 with value: 0.38394216433573325.
checkpoint_e23 window_influence: 0.51165667764727496, penalty_k: 0.04628378617065635, scale_lr: 0.37280814569926574, EAO: 0.348
Trial 716 finished with value: 0.347976357672465 and parameters: {'window_influence': 0.511656677647275, 'penalty_k': 0.04628378617065635, 'scale_lr': 0.37280814569926574}. Best is trial 32 with value: 0.38394216433573325.
checkpoint_e23 window_influence: 0.52200329094643494, penalty_k: 0.52092829733902191, scale_lr: 0.58772873176651452, EAO: 0.304
Trial 717 finished with value: 0.30447412644610794 and parameters: {'window_influence': 0.5220032909464349, 'penalty_k': 0.5209282973390219, 'scale_lr': 0.5877287317665145}. Best is trial 32 with value: 0.38394216433573325.
checkpoint_e23 window_influence: 0.36119129543965012, penalty_k: 0.02274552628883338, scale_lr: 0.56698283151830575, EAO: 0.339
Trial 718 finished with value: 0.339010013100702 and parameters: {'window_influence': 0.3611912954396501, 'penalty_k': 0.022745526288833383, 'scale_lr': 0.5669828315183058}. Best is trial 32 with value: 0.38394216433573325.
checkpoint_e23 window_influence: 0.49406109715303459, penalty_k: 0.35387763057225846, scale_lr: 0.56114094256515845, EAO: 0.295
Trial 719 finished with value: 0.2945671276939518 and parameters: {'window_influence': 0.4940610971530346, 'penalty_k': 0.35387763057225846, 'scale_lr': 0.5611409425651585}. Best is trial 32 with value: 0.38394216433573325.
checkpoint_e23 window_influence: 0.34251776958692393, penalty_k: 0.05680201978193720, scale_lr: 0.54789028670049811, EAO: 0.336
Trial 720 finished with value: 0.3359523977982859 and parameters: {'window_influence': 0.3425177695869239, 'penalty_k': 0.0568020197819372, 'scale_lr': 0.5478902867004981}. Best is trial 32 with value: 0.38394216433573325.
checkpoint_e23 window_influence: 0.11915512962727051, penalty_k: 0.01204647008457077, scale_lr: 0.57744246785282627, EAO: 0.283
Trial 721 finished with value: 0.28302265077481475 and parameters: {'window_influence': 0.11915512962727051, 'penalty_k': 0.012046470084570765, 'scale_lr': 0.5774424678528263}. Best is trial 32 with value: 0.38394216433573325.
checkpoint_e23 window_influence: 0.21555480430099025, penalty_k: 0.03297303439022914, scale_lr: 0.55343011698603539, EAO: 0.287
Trial 722 finished with value: 0.28661713908618525 and parameters: {'window_influence': 0.21555480430099025, 'penalty_k': 0.03297303439022914, 'scale_lr': 0.5534301169860354}. Best is trial 32 with value: 0.38394216433573325.
checkpoint_e23 window_influence: 0.17985458740236604, penalty_k: 0.07176394455359479, scale_lr: 0.53194466584007338, EAO: 0.294
Trial 723 finished with value: 0.29399539976732275 and parameters: {'window_influence': 0.17985458740236604, 'penalty_k': 0.07176394455359479, 'scale_lr': 0.5319446658400734}. Best is trial 32 with value: 0.38394216433573325.
checkpoint_e23 window_influence: 0.60212675340662059, penalty_k: 0.57441146008103916, scale_lr: 0.61585215443281982, EAO: 0.233
Trial 724 finished with value: 0.2326279831071772 and parameters: {'window_influence': 0.6021267534066206, 'penalty_k': 0.5744114600810392, 'scale_lr': 0.6158521544328198}. Best is trial 32 with value: 0.38394216433573325.
checkpoint_e23 window_influence: 0.33524095359610118, penalty_k: 0.10925012840019771, scale_lr: 0.58331459585508683, EAO: 0.326
Trial 725 finished with value: 0.32555456963958446 and parameters: {'window_influence': 0.3352409535961012, 'penalty_k': 0.10925012840019771, 'scale_lr': 0.5833145958550868}. Best is trial 32 with value: 0.38394216433573325.
checkpoint_e23 window_influence: 0.48827309846077999, penalty_k: 0.23541055356647811, scale_lr: 0.55226989900388457, EAO: 0.320
Trial 726 finished with value: 0.3202042558777657 and parameters: {'window_influence': 0.48827309846078, 'penalty_k': 0.2354105535664781, 'scale_lr': 0.5522698990038846}. Best is trial 32 with value: 0.38394216433573325.
checkpoint_e23 window_influence: 0.52667130441173948, penalty_k: 0.55669768005828502, scale_lr: 0.39134766516626329, EAO: 0.285
Trial 727 finished with value: 0.2850837027980196 and parameters: {'window_influence': 0.5266713044117395, 'penalty_k': 0.556697680058285, 'scale_lr': 0.3913476651662633}. Best is trial 32 with value: 0.38394216433573325.
checkpoint_e23 window_influence: 0.50312357298540233, penalty_k: 0.13780265775587999, scale_lr: 0.76464023204539155, EAO: 0.338
Trial 728 finished with value: 0.3382658297449698 and parameters: {'window_influence': 0.5031235729854023, 'penalty_k': 0.13780265775588, 'scale_lr': 0.7646402320453916}. Best is trial 32 with value: 0.38394216433573325.
checkpoint_e23 window_influence: 0.48658889773029357, penalty_k: 0.20161258669260432, scale_lr: 0.41045319259257246, EAO: 0.349
Trial 729 finished with value: 0.3493046205099455 and parameters: {'window_influence': 0.48658889773029357, 'penalty_k': 0.20161258669260432, 'scale_lr': 0.41045319259257246}. Best is trial 32 with value: 0.38394216433573325.
checkpoint_e23 window_influence: 0.41304645635180937, penalty_k: 0.04448761271002056, scale_lr: 0.35531780137173602, EAO: 0.329
Trial 730 finished with value: 0.3292642723377577 and parameters: {'window_influence': 0.41304645635180937, 'penalty_k': 0.04448761271002056, 'scale_lr': 0.355317801371736}. Best is trial 32 with value: 0.38394216433573325.
checkpoint_e23 window_influence: 0.21554801130807319, penalty_k: 0.00017386345577216, scale_lr: 0.38320681086927644, EAO: 0.293
Trial 731 finished with value: 0.29339355862326194 and parameters: {'window_influence': 0.2155480113080732, 'penalty_k': 0.00017386345577216037, 'scale_lr': 0.38320681086927644}. Best is trial 32 with value: 0.38394216433573325.
checkpoint_e23 window_influence: 0.50800790481689140, penalty_k: 0.01490163241847338, scale_lr: 0.72839816048334760, EAO: 0.335
Trial 732 finished with value: 0.33548198831684395 and parameters: {'window_influence': 0.5080079048168914, 'penalty_k': 0.014901632418473377, 'scale_lr': 0.7283981604833476}. Best is trial 32 with value: 0.38394216433573325.
checkpoint_e23 window_influence: 0.47240049531878336, penalty_k: 0.08457926285649554, scale_lr: 0.12870543184083144, EAO: 0.331
Trial 733 finished with value: 0.33095303322786485 and parameters: {'window_influence': 0.47240049531878336, 'penalty_k': 0.08457926285649554, 'scale_lr': 0.12870543184083144}. Best is trial 32 with value: 0.38394216433573325.
checkpoint_e23 window_influence: 0.30058893896904665, penalty_k: 0.19378319527806331, scale_lr: 0.58005535302625277, EAO: 0.329
Trial 734 finished with value: 0.3290211824475559 and parameters: {'window_influence': 0.30058893896904665, 'penalty_k': 0.1937831952780633, 'scale_lr': 0.5800553530262528}. Best is trial 32 with value: 0.38394216433573325.
checkpoint_e23 window_influence: 0.49606547363378051, penalty_k: 0.02886800399570039, scale_lr: 0.40376428495312222, EAO: 0.344
Trial 735 finished with value: 0.3437586718960031 and parameters: {'window_influence': 0.4960654736337805, 'penalty_k': 0.028868003995700386, 'scale_lr': 0.4037642849531222}. Best is trial 32 with value: 0.38394216433573325.
checkpoint_e23 window_influence: 0.48116415028291853, penalty_k: 0.36971057719416417, scale_lr: 0.63376387724607663, EAO: 0.289
Trial 736 finished with value: 0.2886172483751282 and parameters: {'window_influence': 0.48116415028291853, 'penalty_k': 0.36971057719416417, 'scale_lr': 0.6337638772460766}. Best is trial 32 with value: 0.38394216433573325.
checkpoint_e23 window_influence: 0.53124788255926747, penalty_k: 0.06279116450397695, scale_lr: 0.36876527282077520, EAO: 0.337
Trial 737 finished with value: 0.33674170210203774 and parameters: {'window_influence': 0.5312478825592675, 'penalty_k': 0.06279116450397695, 'scale_lr': 0.3687652728207752}. Best is trial 32 with value: 0.38394216433573325.
checkpoint_e23 window_influence: 0.51558884655812687, penalty_k: 0.09970915782154392, scale_lr: 0.41669591040495763, EAO: 0.333
Trial 738 finished with value: 0.33314406419542514 and parameters: {'window_influence': 0.5155888465581269, 'penalty_k': 0.09970915782154392, 'scale_lr': 0.4166959104049576}. Best is trial 32 with value: 0.38394216433573325.
checkpoint_e23 window_influence: 0.47085187536468925, penalty_k: 0.40038041399345048, scale_lr: 0.20357748091401801, EAO: 0.313
Trial 739 finished with value: 0.3131641750785627 and parameters: {'window_influence': 0.47085187536468925, 'penalty_k': 0.4003804139934505, 'scale_lr': 0.203577480914018}. Best is trial 32 with value: 0.38394216433573325.
checkpoint_e23 window_influence: 0.49402597179682645, penalty_k: 0.29604485621205701, scale_lr: 0.38992930667324177, EAO: 0.295
Trial 740 finished with value: 0.29457405383484836 and parameters: {'window_influence': 0.49402597179682645, 'penalty_k': 0.296044856212057, 'scale_lr': 0.38992930667324177}. Best is trial 32 with value: 0.38394216433573325.
checkpoint_e23 window_influence: 0.45685532803889384, penalty_k: 0.18937166721253734, scale_lr: 0.54533782037246892, EAO: 0.301
Trial 741 finished with value: 0.30143723987651705 and parameters: {'window_influence': 0.45685532803889384, 'penalty_k': 0.18937166721253734, 'scale_lr': 0.5453378203724689}. Best is trial 32 with value: 0.38394216433573325.
checkpoint_e23 window_influence: 0.56282232529743426, penalty_k: 0.03989373735187654, scale_lr: 0.35269002276359346, EAO: 0.303
Trial 742 finished with value: 0.3030748131906012 and parameters: {'window_influence': 0.5628223252974343, 'penalty_k': 0.03989373735187654, 'scale_lr': 0.35269002276359346}. Best is trial 32 with value: 0.38394216433573325.
checkpoint_e23 window_influence: 0.48085696426813007, penalty_k: 0.01883054106907332, scale_lr: 0.65999891416668188, EAO: 0.347
Trial 743 finished with value: 0.34747540162231205 and parameters: {'window_influence': 0.48085696426813007, 'penalty_k': 0.018830541069073323, 'scale_lr': 0.6599989141666819}. Best is trial 32 with value: 0.38394216433573325.
checkpoint_e23 window_influence: 0.49950894823835246, penalty_k: 0.05675598446128235, scale_lr: 0.53163800784445736, EAO: 0.378
