Trial 904 finished with value: 0.3481743681291662 and parameters: {'window_influence': 0.4813424322724487, 'penalty_k': 0.027550793393546085, 'scale_lr': 0.44762325462311786}. Best is trial 896 with value: 0.3777425812144224.
checkpoint_e33 window_influence: 0.50313529514799715, penalty_k: 0.01661862564928794, scale_lr: 0.48460803403010544, EAO: 0.348
Trial 905 finished with value: 0.3481461721171665 and parameters: {'window_influence': 0.5031352951479972, 'penalty_k': 0.016618625649287937, 'scale_lr': 0.48460803403010544}. Best is trial 896 with value: 0.3777425812144224.
checkpoint_e33 window_influence: 0.52139443925102169, penalty_k: 0.03827493833037943, scale_lr: 0.67714740446031130, EAO: 0.321
Trial 906 finished with value: 0.32132301401303437 and parameters: {'window_influence': 0.5213944392510217, 'penalty_k': 0.03827493833037943, 'scale_lr': 0.6771474044603113}. Best is trial 896 with value: 0.3777425812144224.
checkpoint_e33 window_influence: 0.42362849423932614, penalty_k: 0.25409601618040933, scale_lr: 0.75182401933089493, EAO: 0.316
Trial 907 finished with value: 0.315641810110107 and parameters: {'window_influence': 0.42362849423932614, 'penalty_k': 0.25409601618040933, 'scale_lr': 0.7518240193308949}. Best is trial 896 with value: 0.3777425812144224.
checkpoint_e33 window_influence: 0.14263076107314593, penalty_k: 0.00037263112806803, scale_lr: 0.66288479272322276, EAO: 0.285
Trial 908 finished with value: 0.2848253660048956 and parameters: {'window_influence': 0.14263076107314593, 'penalty_k': 0.0003726311280680267, 'scale_lr': 0.6628847927232228}. Best is trial 896 with value: 0.3777425812144224.
checkpoint_e33 window_influence: 0.05121188739182692, penalty_k: 0.42208937997594820, scale_lr: 0.77630471796369105, EAO: 0.221
Trial 909 finished with value: 0.22101221039369412 and parameters: {'window_influence': 0.051211887391826916, 'penalty_k': 0.4220893799759482, 'scale_lr': 0.776304717963691}. Best is trial 896 with value: 0.3777425812144224.
checkpoint_e33 window_influence: 0.45766874788982786, penalty_k: 0.32110200082505519, scale_lr: 0.46532526083994091, EAO: 0.330
Trial 910 finished with value: 0.3299300352886957 and parameters: {'window_influence': 0.45766874788982786, 'penalty_k': 0.3211020008250552, 'scale_lr': 0.4653252608399409}. Best is trial 896 with value: 0.3777425812144224.
checkpoint_e33 window_influence: 0.49165529330273200, penalty_k: 0.24249585320965056, scale_lr: 0.14263903009181764, EAO: 0.341
Trial 911 finished with value: 0.3411681752956331 and parameters: {'window_influence': 0.491655293302732, 'penalty_k': 0.24249585320965056, 'scale_lr': 0.14263903009181764}. Best is trial 896 with value: 0.3777425812144224.
checkpoint_e33 window_influence: 0.59977268741003931, penalty_k: 0.02580533381771775, scale_lr: 0.73414014122480820, EAO: 0.252
Trial 912 finished with value: 0.25219957049254776 and parameters: {'window_influence': 0.5997726874100393, 'penalty_k': 0.025805333817717754, 'scale_lr': 0.7341401412248082}. Best is trial 896 with value: 0.3777425812144224.
checkpoint_e33 window_influence: 0.06044170521110093, penalty_k: 0.16736476460550154, scale_lr: 0.42529835348795392, EAO: 0.253
Trial 913 finished with value: 0.25257313106542434 and parameters: {'window_influence': 0.06044170521110093, 'penalty_k': 0.16736476460550154, 'scale_lr': 0.4252983534879539}. Best is trial 896 with value: 0.3777425812144224.
checkpoint_e33 window_influence: 0.44286971740689035, penalty_k: 0.01521313694267833, scale_lr: 0.53501856188363839, EAO: 0.330
Trial 914 finished with value: 0.3298585964547985 and parameters: {'window_influence': 0.44286971740689035, 'penalty_k': 0.015213136942678333, 'scale_lr': 0.5350185618836384}. Best is trial 896 with value: 0.3777425812144224.
checkpoint_e33 window_influence: 0.47458556556527937, penalty_k: 0.04070107432853112, scale_lr: 0.68674708923942807, EAO: 0.354
Trial 915 finished with value: 0.3539456058337067 and parameters: {'window_influence': 0.47458556556527937, 'penalty_k': 0.04070107432853112, 'scale_lr': 0.6867470892394281}. Best is trial 896 with value: 0.3777425812144224.
checkpoint_e33 window_influence: 0.54233868089902781, penalty_k: 0.57990893926347820, scale_lr: 0.29272795066571300, EAO: 0.271
Trial 916 finished with value: 0.2705628257317302 and parameters: {'window_influence': 0.5423386808990278, 'penalty_k': 0.5799089392634782, 'scale_lr': 0.292727950665713}. Best is trial 896 with value: 0.3777425812144224.
checkpoint_e33 window_influence: 0.39598526208188928, penalty_k: 0.34411782554700981, scale_lr: 0.62808988320033610, EAO: 0.319
Trial 917 finished with value: 0.3194823182162608 and parameters: {'window_influence': 0.3959852620818893, 'penalty_k': 0.3441178255470098, 'scale_lr': 0.6280898832003361}. Best is trial 896 with value: 0.3777425812144224.
checkpoint_e33 window_influence: 0.50749582661293369, penalty_k: 0.02194549793057109, scale_lr: 0.31541789598559578, EAO: 0.337
Trial 918 finished with value: 0.3373991666716824 and parameters: {'window_influence': 0.5074958266129337, 'penalty_k': 0.021945497930571087, 'scale_lr': 0.3154178959855958}. Best is trial 896 with value: 0.3777425812144224.
checkpoint_e33 window_influence: 0.55640179729421813, penalty_k: 0.11276107553730615, scale_lr: 0.32919469880806845, EAO: 0.298
Trial 919 finished with value: 0.2984555675593796 and parameters: {'window_influence': 0.5564017972942181, 'penalty_k': 0.11276107553730615, 'scale_lr': 0.32919469880806845}. Best is trial 896 with value: 0.3777425812144224.
checkpoint_e33 window_influence: 0.37489159144263517, penalty_k: 0.15445246644114827, scale_lr: 0.70706432166902544, EAO: 0.316
Trial 920 finished with value: 0.315968309974856 and parameters: {'window_influence': 0.3748915914426352, 'penalty_k': 0.15445246644114827, 'scale_lr': 0.7070643216690254}. Best is trial 896 with value: 0.3777425812144224.
checkpoint_e33 window_influence: 0.61307808689857257, penalty_k: 0.36786154768053336, scale_lr: 0.64724966448702370, EAO: 0.248
Trial 921 finished with value: 0.2484865529527924 and parameters: {'window_influence': 0.6130780868985726, 'penalty_k': 0.36786154768053336, 'scale_lr': 0.6472496644870237}. Best is trial 896 with value: 0.3777425812144224.
checkpoint_e33 window_influence: 0.48448541508591753, penalty_k: 0.03396650240482497, scale_lr: 0.51330335332043142, EAO: 0.338
Trial 922 finished with value: 0.3381847407567362 and parameters: {'window_influence': 0.4844854150859175, 'penalty_k': 0.03396650240482497, 'scale_lr': 0.5133033533204314}. Best is trial 896 with value: 0.3777425812144224.
checkpoint_e33 window_influence: 0.46530644751556566, penalty_k: 0.40737845967966108, scale_lr: 0.24146306032723519, EAO: 0.315
Trial 923 finished with value: 0.31539704178093936 and parameters: {'window_influence': 0.46530644751556566, 'penalty_k': 0.4073784596796611, 'scale_lr': 0.2414630603272352}. Best is trial 896 with value: 0.3777425812144224.
checkpoint_e33 window_influence: 0.17934610792620787, penalty_k: 0.01085712513401894, scale_lr: 0.27204032569808323, EAO: 0.271
Trial 924 finished with value: 0.2706246068737386 and parameters: {'window_influence': 0.17934610792620787, 'penalty_k': 0.010857125134018942, 'scale_lr': 0.27204032569808323}. Best is trial 896 with value: 0.3777425812144224.
checkpoint_e33 window_influence: 0.45321598379394662, penalty_k: 0.26641476321245283, scale_lr: 0.43279938691618419, EAO: 0.338
Trial 925 finished with value: 0.338135120005923 and parameters: {'window_influence': 0.4532159837939466, 'penalty_k': 0.26641476321245283, 'scale_lr': 0.4327993869161842}. Best is trial 896 with value: 0.3777425812144224.
checkpoint_e33 window_influence: 0.09149881854539754, penalty_k: 0.24391457198783342, scale_lr: 0.66318450831010678, EAO: 0.256
Trial 926 finished with value: 0.25626761776463997 and parameters: {'window_influence': 0.09149881854539754, 'penalty_k': 0.24391457198783342, 'scale_lr': 0.6631845083101068}. Best is trial 896 with value: 0.3777425812144224.
checkpoint_e33 window_influence: 0.52596415167059329, penalty_k: 0.04858940157683530, scale_lr: 0.76682879834199991, EAO: 0.323
Trial 927 finished with value: 0.3226646825033403 and parameters: {'window_influence': 0.5259641516705933, 'penalty_k': 0.0485894015768353, 'scale_lr': 0.7668287983419999}. Best is trial 896 with value: 0.3777425812144224.
checkpoint_e33 window_influence: 0.49497135635542772, penalty_k: 0.13313196160614610, scale_lr: 0.45311717563331011, EAO: 0.361
Trial 928 finished with value: 0.3605683342723995 and parameters: {'window_influence': 0.4949713563554277, 'penalty_k': 0.1331319616061461, 'scale_lr': 0.4531171756333101}. Best is trial 896 with value: 0.3777425812144224.
checkpoint_e33 window_influence: 0.14693137510113399, penalty_k: 0.08644896940895780, scale_lr: 0.44093833902208107, EAO: 0.260
Trial 929 finished with value: 0.2596225025356976 and parameters: {'window_influence': 0.146931375101134, 'penalty_k': 0.0864489694089578, 'scale_lr': 0.44093833902208107}. Best is trial 896 with value: 0.3777425812144224.
checkpoint_e33 window_influence: 0.49977559687296708, penalty_k: 0.13656318103722465, scale_lr: 0.47484442867999671, EAO: 0.365
Trial 930 finished with value: 0.36519966955778665 and parameters: {'window_influence': 0.4997755968729671, 'penalty_k': 0.13656318103722465, 'scale_lr': 0.4748444286799967}. Best is trial 896 with value: 0.3777425812144224.
checkpoint_e33 window_influence: 0.51687245040464502, penalty_k: 0.13321571676459670, scale_lr: 0.47224418494480219, EAO: 0.320
Trial 931 finished with value: 0.3200636763517031 and parameters: {'window_influence': 0.516872450404645, 'penalty_k': 0.1332157167645967, 'scale_lr': 0.4722441849448022}. Best is trial 896 with value: 0.3777425812144224.
checkpoint_e33 window_influence: 0.50264192777349403, penalty_k: 0.13812327149037967, scale_lr: 0.45924172646364891, EAO: 0.336
Trial 932 finished with value: 0.3361524558020937 and parameters: {'window_influence': 0.502641927773494, 'penalty_k': 0.13812327149037967, 'scale_lr': 0.4592417264636489}. Best is trial 896 with value: 0.3777425812144224.
checkpoint_e33 window_influence: 0.51353577302642583, penalty_k: 0.12216127386098735, scale_lr: 0.48544373251947270, EAO: 0.320
Trial 933 finished with value: 0.320447876005785 and parameters: {'window_influence': 0.5135357730264258, 'penalty_k': 0.12216127386098735, 'scale_lr': 0.4854437325194727}. Best is trial 896 with value: 0.3777425812144224.
checkpoint_e33 window_influence: 0.49855696192806537, penalty_k: 0.14986206027454854, scale_lr: 0.45514389946381373, EAO: 0.364
Trial 934 finished with value: 0.36359456923685185 and parameters: {'window_influence': 0.49855696192806537, 'penalty_k': 0.14986206027454854, 'scale_lr': 0.45514389946381373}. Best is trial 896 with value: 0.3777425812144224.
checkpoint_e33 window_influence: 0.50484344636142564, penalty_k: 0.17508406549255373, scale_lr: 0.46594063257575746, EAO: 0.322
Trial 935 finished with value: 0.3219442931710514 and parameters: {'window_influence': 0.5048434463614256, 'penalty_k': 0.17508406549255373, 'scale_lr': 0.46594063257575746}. Best is trial 896 with value: 0.3777425812144224.
checkpoint_e33 window_influence: 0.52268348893020877, penalty_k: 0.14285523669628741, scale_lr: 0.45794199863158935, EAO: 0.321
Trial 936 finished with value: 0.3206775525316654 and parameters: {'window_influence': 0.5226834889302088, 'penalty_k': 0.1428552366962874, 'scale_lr': 0.45794199863158935}. Best is trial 896 with value: 0.3777425812144224.
checkpoint_e33 window_influence: 0.49441043555524639, penalty_k: 0.14689714344471283, scale_lr: 0.45004501456457702, EAO: 0.333
Trial 937 finished with value: 0.33346488120954787 and parameters: {'window_influence': 0.4944104355552464, 'penalty_k': 0.14689714344471283, 'scale_lr': 0.450045014564577}. Best is trial 896 with value: 0.3777425812144224.
checkpoint_e33 window_influence: 0.49741372726782251, penalty_k: 0.11086613389871897, scale_lr: 0.45332027103043410, EAO: 0.340
Trial 938 finished with value: 0.3403941163293119 and parameters: {'window_influence': 0.4974137272678225, 'penalty_k': 0.11086613389871897, 'scale_lr': 0.4533202710304341}. Best is trial 896 with value: 0.3777425812144224.
checkpoint_e33 window_influence: 0.51391521434951715, penalty_k: 0.11930525219862061, scale_lr: 0.47850302057257277, EAO: 0.334
Trial 939 finished with value: 0.33405328144823065 and parameters: {'window_influence': 0.5139152143495171, 'penalty_k': 0.1193052521986206, 'scale_lr': 0.47850302057257277}. Best is trial 896 with value: 0.3777425812144224.
checkpoint_e33 window_influence: 0.52764161315209168, penalty_k: 0.10014362547642700, scale_lr: 0.48523689106103923, EAO: 0.325
Trial 940 finished with value: 0.3249808066897819 and parameters: {'window_influence': 0.5276416131520917, 'penalty_k': 0.100143625476427, 'scale_lr': 0.48523689106103923}. Best is trial 896 with value: 0.3777425812144224.
checkpoint_e33 window_influence: 0.57268358087957649, penalty_k: 0.15092949808159989, scale_lr: 0.44102845331567303, EAO: 0.290
Trial 941 finished with value: 0.2902410097043338 and parameters: {'window_influence': 0.5726835808795765, 'penalty_k': 0.1509294980815999, 'scale_lr': 0.44102845331567303}. Best is trial 896 with value: 0.3777425812144224.
checkpoint_e33 window_influence: 0.50464694224604711, penalty_k: 0.16682306166605418, scale_lr: 0.47462585049572326, EAO: 0.315
Trial 942 finished with value: 0.3151791761357497 and parameters: {'window_influence': 0.5046469422460471, 'penalty_k': 0.16682306166605418, 'scale_lr': 0.47462585049572326}. Best is trial 896 with value: 0.3777425812144224.
checkpoint_e33 window_influence: 0.49532695631417556, penalty_k: 0.16492349577473575, scale_lr: 0.50009561096861543, EAO: 0.369
Trial 943 finished with value: 0.3686920549387134 and parameters: {'window_influence': 0.49532695631417556, 'penalty_k': 0.16492349577473575, 'scale_lr': 0.5000956109686154}. Best is trial 896 with value: 0.3777425812144224.
checkpoint_e33 window_influence: 0.49520674437066775, penalty_k: 0.14997979608900991, scale_lr: 0.48916425139340480, EAO: 0.350
Trial 944 finished with value: 0.3504419475214027 and parameters: {'window_influence': 0.49520674437066775, 'penalty_k': 0.1499797960890099, 'scale_lr': 0.4891642513934048}. Best is trial 896 with value: 0.3777425812144224.
checkpoint_e33 window_influence: 0.48969886431916154, penalty_k: 0.13869784453522199, scale_lr: 0.50446164128297377, EAO: 0.349
Trial 945 finished with value: 0.3486605155560757 and parameters: {'window_influence': 0.48969886431916154, 'penalty_k': 0.138697844535222, 'scale_lr': 0.5044616412829738}. Best is trial 896 with value: 0.3777425812144224.
checkpoint_e33 window_influence: 0.49693343147891716, penalty_k: 0.15740121834707776, scale_lr: 0.49980938261056063, EAO: 0.350
Trial 946 finished with value: 0.3496660342012398 and parameters: {'window_influence': 0.49693343147891716, 'penalty_k': 0.15740121834707776, 'scale_lr': 0.4998093826105606}. Best is trial 896 with value: 0.3777425812144224.
checkpoint_e33 window_influence: 0.48399940135147701, penalty_k: 0.12527812684539558, scale_lr: 0.52266889925842419, EAO: 0.331
Trial 947 finished with value: 0.3305485561664002 and parameters: {'window_influence': 0.483999401351477, 'penalty_k': 0.12527812684539558, 'scale_lr': 0.5226688992584242}. Best is trial 896 with value: 0.3777425812144224.
checkpoint_e33 window_influence: 0.50898551839290862, penalty_k: 0.15919534025984586, scale_lr: 0.46266998109496027, EAO: 0.328
Trial 948 finished with value: 0.3282660064994129 and parameters: {'window_influence': 0.5089855183929086, 'penalty_k': 0.15919534025984586, 'scale_lr': 0.46266998109496027}. Best is trial 896 with value: 0.3777425812144224.
checkpoint_e33 window_influence: 0.30197181124754846, penalty_k: 0.13263872217903977, scale_lr: 0.50607819383301111, EAO: 0.317
Trial 949 finished with value: 0.31680780886907983 and parameters: {'window_influence': 0.30197181124754846, 'penalty_k': 0.13263872217903977, 'scale_lr': 0.5060781938330111}. Best is trial 896 with value: 0.3777425812144224.
checkpoint_e33 window_influence: 0.41173202258149122, penalty_k: 0.17987902016353502, scale_lr: 0.48045236414869402, EAO: 0.315
Trial 950 finished with value: 0.3151131609186588 and parameters: {'window_influence': 0.4117320225814912, 'penalty_k': 0.17987902016353502, 'scale_lr': 0.480452364148694}. Best is trial 896 with value: 0.3777425812144224.
checkpoint_e33 window_influence: 0.32078977147752463, penalty_k: 0.16672395757768693, scale_lr: 0.15499321881628766, EAO: 0.301
Trial 951 finished with value: 0.30091124558495175 and parameters: {'window_influence': 0.32078977147752463, 'penalty_k': 0.16672395757768693, 'scale_lr': 0.15499321881628766}. Best is trial 896 with value: 0.3777425812144224.
checkpoint_e33 window_influence: 0.49049323407532630, penalty_k: 0.54542048436364698, scale_lr: 0.46475728403780814, EAO: 0.297
Trial 952 finished with value: 0.297002823552269 and parameters: {'window_influence': 0.4904932340753263, 'penalty_k': 0.545420484363647, 'scale_lr': 0.46475728403780814}. Best is trial 896 with value: 0.3777425812144224.
checkpoint_e33 window_influence: 0.50425345957285250, penalty_k: 0.14665898503939578, scale_lr: 0.49201826213381494, EAO: 0.315
Trial 953 finished with value: 0.31459144940636036 and parameters: {'window_influence': 0.5042534595728525, 'penalty_k': 0.14665898503939578, 'scale_lr': 0.49201826213381494}. Best is trial 896 with value: 0.3777425812144224.
checkpoint_e33 window_influence: 0.25992282138927153, penalty_k: 0.17691129506059025, scale_lr: 0.26142029839144443, EAO: 0.288
Trial 954 finished with value: 0.2882247111444807 and parameters: {'window_influence': 0.25992282138927153, 'penalty_k': 0.17691129506059025, 'scale_lr': 0.26142029839144443}. Best is trial 896 with value: 0.3777425812144224.
checkpoint_e33 window_influence: 0.48188992673253872, penalty_k: 0.15850703704030228, scale_lr: 0.12500265051309584, EAO: 0.330
Trial 955 finished with value: 0.32995882340442345 and parameters: {'window_influence': 0.4818899267325387, 'penalty_k': 0.15850703704030228, 'scale_lr': 0.12500265051309584}. Best is trial 896 with value: 0.3777425812144224.
checkpoint_e33 window_influence: 0.08485846133276403, penalty_k: 0.43310883889833462, scale_lr: 0.52820025128244008, EAO: 0.257
Trial 956 finished with value: 0.2566386038575191 and parameters: {'window_influence': 0.08485846133276403, 'penalty_k': 0.4331088388983346, 'scale_lr': 0.5282002512824401}. Best is trial 896 with value: 0.3777425812144224.
checkpoint_e33 window_influence: 0.09482497596775652, penalty_k: 0.16622612703754577, scale_lr: 0.45183782383891413, EAO: 0.249
Trial 957 finished with value: 0.2489933406912399 and parameters: {'window_influence': 0.09482497596775652, 'penalty_k': 0.16622612703754577, 'scale_lr': 0.45183782383891413}. Best is trial 896 with value: 0.3777425812144224.
checkpoint_e33 window_influence: 0.49769996236778102, penalty_k: 0.48013921566512607, scale_lr: 0.51676552725462066, EAO: 0.289
Trial 958 finished with value: 0.2894347934523445 and parameters: {'window_influence': 0.497699962367781, 'penalty_k': 0.4801392156651261, 'scale_lr': 0.5167655272546207}. Best is trial 896 with value: 0.3777425812144224.
checkpoint_e33 window_influence: 0.40523420789820569, penalty_k: 0.08821030319705771, scale_lr: 0.50218772858622418, EAO: 0.306
Trial 959 finished with value: 0.3055178972997554 and parameters: {'window_influence': 0.4052342078982057, 'penalty_k': 0.08821030319705771, 'scale_lr': 0.5021877285862242}. Best is trial 896 with value: 0.3777425812144224.
checkpoint_e33 window_influence: 0.47879527562055813, penalty_k: 0.13242327317681754, scale_lr: 0.13053880393520118, EAO: 0.340
Trial 960 finished with value: 0.33996667101225503 and parameters: {'window_influence': 0.4787952756205581, 'penalty_k': 0.13242327317681754, 'scale_lr': 0.13053880393520118}. Best is trial 896 with value: 0.3777425812144224.
checkpoint_e33 window_influence: 0.34774956653513794, penalty_k: 0.17068311320037882, scale_lr: 0.47617988378302589, EAO: 0.323
Trial 961 finished with value: 0.3230209234043782 and parameters: {'window_influence': 0.34774956653513794, 'penalty_k': 0.17068311320037882, 'scale_lr': 0.4761798837830259}. Best is trial 896 with value: 0.3777425812144224.
checkpoint_e33 window_influence: 0.51583593329338806, penalty_k: 0.10630985933978318, scale_lr: 0.43561697164437463, EAO: 0.321
Trial 962 finished with value: 0.3212324173302038 and parameters: {'window_influence': 0.5158359332933881, 'penalty_k': 0.10630985933978318, 'scale_lr': 0.43561697164437463}. Best is trial 896 with value: 0.3777425812144224.
checkpoint_e33 window_influence: 0.49165102877309436, penalty_k: 0.14198806188652502, scale_lr: 0.78569125354076308, EAO: 0.332
Trial 963 finished with value: 0.3317470894945271 and parameters: {'window_influence': 0.49165102877309436, 'penalty_k': 0.14198806188652502, 'scale_lr': 0.7856912535407631}. Best is trial 896 with value: 0.3777425812144224.
checkpoint_e33 window_influence: 0.37339229991756206, penalty_k: 0.12341630286158954, scale_lr: 0.61954083816888805, EAO: 0.326
Trial 964 finished with value: 0.32599127454980337 and parameters: {'window_influence': 0.37339229991756206, 'penalty_k': 0.12341630286158954, 'scale_lr': 0.619540838168888}. Best is trial 896 with value: 0.3777425812144224.
checkpoint_e33 window_influence: 0.47209762901495922, penalty_k: 0.51843571341427275, scale_lr: 0.54108875068084050, EAO: 0.328
Trial 965 finished with value: 0.3275164807584963 and parameters: {'window_influence': 0.4720976290149592, 'penalty_k': 0.5184357134142727, 'scale_lr': 0.5410887506808405}. Best is trial 896 with value: 0.3777425812144224.
checkpoint_e33 window_influence: 0.28628189589126402, penalty_k: 0.18296985893836154, scale_lr: 0.79987834983714878, EAO: 0.308
