Trial 2776 finished with value: 0.3210653597162855 and parameters: {'window_influence': 0.5102725656193883, 'penalty_k': 0.021916692544515767, 'scale_lr': 0.5181349926040081}. Best is trial 1270 with value: 0.3623636909959845.
checkpoint_e22 window_influence: 0.35952112467070629, penalty_k: 0.02365661358107653, scale_lr: 0.51907558857393521, EAO: 0.342
Trial 2777 finished with value: 0.3416864827913069 and parameters: {'window_influence': 0.3595211246707063, 'penalty_k': 0.023656613581076527, 'scale_lr': 0.5190755885739352}. Best is trial 1270 with value: 0.3623636909959845.
checkpoint_e22 window_influence: 0.11262616266994924, penalty_k: 0.03500832247691366, scale_lr: 0.53421155009180199, EAO: 0.282
Trial 2778 finished with value: 0.2824235377028758 and parameters: {'window_influence': 0.11262616266994924, 'penalty_k': 0.035008322476913656, 'scale_lr': 0.534211550091802}. Best is trial 1270 with value: 0.3623636909959845.
checkpoint_e22 window_influence: 0.51892273083337015, penalty_k: 0.01276000168324667, scale_lr: 0.50843206855902590, EAO: 0.301
Trial 2779 finished with value: 0.3006768165163493 and parameters: {'window_influence': 0.5189227308333701, 'penalty_k': 0.012760001683246673, 'scale_lr': 0.5084320685590259}. Best is trial 1270 with value: 0.3623636909959845.
checkpoint_e22 window_influence: 0.53158650691540676, penalty_k: 0.44819826079901814, scale_lr: 0.50517437532946863, EAO: 0.278
Trial 2780 finished with value: 0.2781774094944334 and parameters: {'window_influence': 0.5315865069154068, 'penalty_k': 0.44819826079901814, 'scale_lr': 0.5051743753294686}. Best is trial 1270 with value: 0.3623636909959845.
checkpoint_e22 window_influence: 0.27943173863672771, penalty_k: 0.01462370812828994, scale_lr: 0.49603883242536934, EAO: 0.297
Trial 2781 finished with value: 0.29663984622472916 and parameters: {'window_influence': 0.2794317386367277, 'penalty_k': 0.014623708128289939, 'scale_lr': 0.49603883242536934}. Best is trial 1270 with value: 0.3623636909959845.
checkpoint_e22 window_influence: 0.50059088190370338, penalty_k: 0.02985678374125908, scale_lr: 0.51348911440420120, EAO: 0.341
Trial 2782 finished with value: 0.3413626538872255 and parameters: {'window_influence': 0.5005908819037034, 'penalty_k': 0.02985678374125908, 'scale_lr': 0.5134891144042012}. Best is trial 1270 with value: 0.3623636909959845.
checkpoint_e22 window_influence: 0.49255500441923256, penalty_k: 0.02041979476240615, scale_lr: 0.52800182853322963, EAO: 0.324
Trial 2783 finished with value: 0.3239620290841574 and parameters: {'window_influence': 0.49255500441923256, 'penalty_k': 0.020419794762406147, 'scale_lr': 0.5280018285332296}. Best is trial 1270 with value: 0.3623636909959845.
checkpoint_e22 window_influence: 0.50297730109091521, penalty_k: 0.36822298393533165, scale_lr: 0.50900489048277486, EAO: 0.300
Trial 2784 finished with value: 0.3001825728884931 and parameters: {'window_influence': 0.5029773010909152, 'penalty_k': 0.36822298393533165, 'scale_lr': 0.5090048904827749}. Best is trial 1270 with value: 0.3623636909959845.
checkpoint_e22 window_influence: 0.52153217567148547, penalty_k: 0.03647703323698821, scale_lr: 0.50011266910958163, EAO: 0.330
Trial 2785 finished with value: 0.32964033450829844 and parameters: {'window_influence': 0.5215321756714855, 'penalty_k': 0.03647703323698821, 'scale_lr': 0.5001126691095816}. Best is trial 1270 with value: 0.3623636909959845.
checkpoint_e22 window_influence: 0.59145283853646102, penalty_k: 0.01133673003710850, scale_lr: 0.49384347403520445, EAO: 0.269
Trial 2786 finished with value: 0.2686809948446222 and parameters: {'window_influence': 0.591452838536461, 'penalty_k': 0.011336730037108498, 'scale_lr': 0.49384347403520445}. Best is trial 1270 with value: 0.3623636909959845.
checkpoint_e22 window_influence: 0.16998213157587908, penalty_k: 0.00992153062148752, scale_lr: 0.54175270056363489, EAO: 0.262
Trial 2787 finished with value: 0.2617732340375737 and parameters: {'window_influence': 0.16998213157587908, 'penalty_k': 0.009921530621487522, 'scale_lr': 0.5417527005636349}. Best is trial 1270 with value: 0.3623636909959845.
checkpoint_e22 window_influence: 0.48976702055143895, penalty_k: 0.02497655128438467, scale_lr: 0.48175466200338224, EAO: 0.326
Trial 2788 finished with value: 0.3264101768050212 and parameters: {'window_influence': 0.48976702055143895, 'penalty_k': 0.02497655128438467, 'scale_lr': 0.48175466200338224}. Best is trial 1270 with value: 0.3623636909959845.
checkpoint_e22 window_influence: 0.47680262202462570, penalty_k: 0.02113627103090370, scale_lr: 0.52931938251590593, EAO: 0.320
Trial 2789 finished with value: 0.3199485496324324 and parameters: {'window_influence': 0.4768026220246257, 'penalty_k': 0.021136271030903705, 'scale_lr': 0.5293193825159059}. Best is trial 1270 with value: 0.3623636909959845.
checkpoint_e22 window_influence: 0.33497209063351052, penalty_k: 0.04347800111534718, scale_lr: 0.49217825508230251, EAO: 0.328
Trial 2790 finished with value: 0.32818018903064355 and parameters: {'window_influence': 0.3349720906335105, 'penalty_k': 0.04347800111534718, 'scale_lr': 0.4921782550823025}. Best is trial 1270 with value: 0.3623636909959845.
checkpoint_e22 window_influence: 0.46521865204850094, penalty_k: 0.01090525738542572, scale_lr: 0.49226986482191182, EAO: 0.341
Trial 2791 finished with value: 0.34100078110101156 and parameters: {'window_influence': 0.46521865204850094, 'penalty_k': 0.010905257385425717, 'scale_lr': 0.4922698648219118}. Best is trial 1270 with value: 0.3623636909959845.
checkpoint_e22 window_influence: 0.44211979679531005, penalty_k: 0.03054120425518714, scale_lr: 0.52314023545160204, EAO: 0.319
Trial 2792 finished with value: 0.3188410869832169 and parameters: {'window_influence': 0.44211979679531005, 'penalty_k': 0.03054120425518714, 'scale_lr': 0.523140235451602}. Best is trial 1270 with value: 0.3623636909959845.
checkpoint_e22 window_influence: 0.38775440894842222, penalty_k: 0.00049960923692637, scale_lr: 0.79839200871886562, EAO: 0.307
Trial 2793 finished with value: 0.306691120338811 and parameters: {'window_influence': 0.3877544089484222, 'penalty_k': 0.000499609236926366, 'scale_lr': 0.7983920087188656}. Best is trial 1270 with value: 0.3623636909959845.
checkpoint_e22 window_influence: 0.59962746158211422, penalty_k: 0.35468043109952851, scale_lr: 0.57136608550023749, EAO: 0.251
Trial 2794 finished with value: 0.25095793958535917 and parameters: {'window_influence': 0.5996274615821142, 'penalty_k': 0.3546804310995285, 'scale_lr': 0.5713660855002375}. Best is trial 1270 with value: 0.3623636909959845.
checkpoint_e22 window_influence: 0.21759119070997593, penalty_k: 0.01973990938283510, scale_lr: 0.63897795695072179, EAO: 0.279
Trial 2795 finished with value: 0.27939721147605884 and parameters: {'window_influence': 0.21759119070997593, 'penalty_k': 0.019739909382835097, 'scale_lr': 0.6389779569507218}. Best is trial 1270 with value: 0.3623636909959845.
checkpoint_e22 window_influence: 0.49429261559053783, penalty_k: 0.38008584492103442, scale_lr: 0.54418092423406839, EAO: 0.304
Trial 2796 finished with value: 0.30444739358898265 and parameters: {'window_influence': 0.49429261559053783, 'penalty_k': 0.3800858449210344, 'scale_lr': 0.5441809242340684}. Best is trial 1270 with value: 0.3623636909959845.
checkpoint_e22 window_influence: 0.51425846074922321, penalty_k: 0.04258945741635153, scale_lr: 0.65715004748140293, EAO: 0.302
Trial 2797 finished with value: 0.30237701767149605 and parameters: {'window_influence': 0.5142584607492232, 'penalty_k': 0.042589457416351534, 'scale_lr': 0.6571500474814029}. Best is trial 1270 with value: 0.3623636909959845.
checkpoint_e22 window_influence: 0.30238529580084383, penalty_k: 0.54327303770937618, scale_lr: 0.30895462537533058, EAO: 0.282
Trial 2798 finished with value: 0.2821021595469709 and parameters: {'window_influence': 0.30238529580084383, 'penalty_k': 0.5432730377093762, 'scale_lr': 0.3089546253753306}. Best is trial 1270 with value: 0.3623636909959845.
checkpoint_e22 window_influence: 0.48251283949874552, penalty_k: 0.16917700906936195, scale_lr: 0.24820050762839613, EAO: 0.314
Trial 2799 finished with value: 0.31433291547725173 and parameters: {'window_influence': 0.4825128394987455, 'penalty_k': 0.16917700906936195, 'scale_lr': 0.24820050762839613}. Best is trial 1270 with value: 0.3623636909959845.
checkpoint_e22 window_influence: 0.45548259362350924, penalty_k: 0.23120382272139189, scale_lr: 0.62533834802522004, EAO: 0.284
Trial 2800 finished with value: 0.2840107911291753 and parameters: {'window_influence': 0.45548259362350924, 'penalty_k': 0.2312038227213919, 'scale_lr': 0.62533834802522}. Best is trial 1270 with value: 0.3623636909959845.
checkpoint_e22 window_influence: 0.39359471100463117, penalty_k: 0.00981688771198605, scale_lr: 0.55801583483898698, EAO: 0.331
Trial 2801 finished with value: 0.331442142275057 and parameters: {'window_influence': 0.39359471100463117, 'penalty_k': 0.009816887711986052, 'scale_lr': 0.558015834838987}. Best is trial 1270 with value: 0.3623636909959845.
checkpoint_e22 window_influence: 0.06883721957285643, penalty_k: 0.13529882055379019, scale_lr: 0.77128547150956073, EAO: 0.221
Trial 2802 finished with value: 0.2212966772136985 and parameters: {'window_influence': 0.06883721957285643, 'penalty_k': 0.1352988205537902, 'scale_lr': 0.7712854715095607}. Best is trial 1270 with value: 0.3623636909959845.
checkpoint_e22 window_influence: 0.46950955796154220, penalty_k: 0.32930406500740633, scale_lr: 0.28434717313711672, EAO: 0.304
Trial 2803 finished with value: 0.30395657630050227 and parameters: {'window_influence': 0.4695095579615422, 'penalty_k': 0.32930406500740633, 'scale_lr': 0.2843471731371167}. Best is trial 1270 with value: 0.3623636909959845.
checkpoint_e22 window_influence: 0.61871988736556449, penalty_k: 0.03223131018655151, scale_lr: 0.51110292276388847, EAO: 0.249
Trial 2804 finished with value: 0.24856443633597183 and parameters: {'window_influence': 0.6187198873655645, 'penalty_k': 0.03223131018655151, 'scale_lr': 0.5111029227638885}. Best is trial 1270 with value: 0.3623636909959845.
checkpoint_e22 window_influence: 0.49870171425507737, penalty_k: 0.01131571121236419, scale_lr: 0.27215637327030429, EAO: 0.336
Trial 2805 finished with value: 0.33579118381678363 and parameters: {'window_influence': 0.49870171425507737, 'penalty_k': 0.011315711212364186, 'scale_lr': 0.2721563732703043}. Best is trial 1270 with value: 0.3623636909959845.
checkpoint_e22 window_influence: 0.42584435548651112, penalty_k: 0.14142816303763883, scale_lr: 0.70018761889317582, EAO: 0.320
Trial 2806 finished with value: 0.32034062469515817 and parameters: {'window_influence': 0.4258443554865111, 'penalty_k': 0.14142816303763883, 'scale_lr': 0.7001876188931758}. Best is trial 1270 with value: 0.3623636909959845.
checkpoint_e22 window_influence: 0.36556181615641675, penalty_k: 0.04267804414752260, scale_lr: 0.59732472187586594, EAO: 0.330
Trial 2807 finished with value: 0.32986319888426635 and parameters: {'window_influence': 0.36556181615641675, 'penalty_k': 0.042678044147522604, 'scale_lr': 0.5973247218758659}. Best is trial 1270 with value: 0.3623636909959845.
checkpoint_e22 window_influence: 0.05615885836639989, penalty_k: 0.02406441041040881, scale_lr: 0.74722872872755031, EAO: 0.263
Trial 2808 finished with value: 0.2627787537843801 and parameters: {'window_influence': 0.05615885836639989, 'penalty_k': 0.024064410410408806, 'scale_lr': 0.7472287287275503}. Best is trial 1270 with value: 0.3623636909959845.
checkpoint_e22 window_influence: 0.54901602485196110, penalty_k: 0.18218255855461596, scale_lr: 0.58180582565963623, EAO: 0.285
Trial 2809 finished with value: 0.2854369936750093 and parameters: {'window_influence': 0.5490160248519611, 'penalty_k': 0.18218255855461596, 'scale_lr': 0.5818058256596362}. Best is trial 1270 with value: 0.3623636909959845.
checkpoint_e22 window_influence: 0.57202036589740635, penalty_k: 0.01024091531452156, scale_lr: 0.61023041389615051, EAO: 0.263
Trial 2810 finished with value: 0.26267811163158267 and parameters: {'window_influence': 0.5720203658974063, 'penalty_k': 0.010240915314521561, 'scale_lr': 0.6102304138961505}. Best is trial 1270 with value: 0.3623636909959845.
checkpoint_e22 window_influence: 0.45347640937944295, penalty_k: 0.18843110437301649, scale_lr: 0.48232770193612812, EAO: 0.307
Trial 2811 finished with value: 0.3065350287619268 and parameters: {'window_influence': 0.45347640937944295, 'penalty_k': 0.1884311043730165, 'scale_lr': 0.4823277019361281}. Best is trial 1270 with value: 0.3623636909959845.
checkpoint_e22 window_influence: 0.48352104173329269, penalty_k: 0.00022725523713815, scale_lr: 0.21414378225619321, EAO: 0.316
Trial 2812 finished with value: 0.3155661939646947 and parameters: {'window_influence': 0.4835210417332927, 'penalty_k': 0.00022725523713814863, 'scale_lr': 0.2141437822561932}. Best is trial 1270 with value: 0.3623636909959845.
checkpoint_e22 window_influence: 0.46820796422109301, penalty_k: 0.42033156749613254, scale_lr: 0.30408992913103794, EAO: 0.305
Trial 2813 finished with value: 0.30457502249845736 and parameters: {'window_influence': 0.468207964221093, 'penalty_k': 0.42033156749613254, 'scale_lr': 0.30408992913103794}. Best is trial 1270 with value: 0.3623636909959845.
checkpoint_e22 window_influence: 0.50783021403198270, penalty_k: 0.11728143323087446, scale_lr: 0.71540924321958244, EAO: 0.305
Trial 2814 finished with value: 0.3047954334591149 and parameters: {'window_influence': 0.5078302140319827, 'penalty_k': 0.11728143323087446, 'scale_lr': 0.7154092432195824}. Best is trial 1270 with value: 0.3623636909959845.
checkpoint_e22 window_influence: 0.23222945691584054, penalty_k: 0.13049551732217821, scale_lr: 0.50425930344135095, EAO: 0.265
Trial 2815 finished with value: 0.26493303698092585 and parameters: {'window_influence': 0.23222945691584054, 'penalty_k': 0.1304955173221782, 'scale_lr': 0.504259303441351}. Best is trial 1270 with value: 0.3623636909959845.
checkpoint_e22 window_influence: 0.24260945683229473, penalty_k: 0.14928518248369396, scale_lr: 0.67672112875547530, EAO: 0.277
Trial 2816 finished with value: 0.27716843105475725 and parameters: {'window_influence': 0.24260945683229473, 'penalty_k': 0.14928518248369396, 'scale_lr': 0.6767211287554753}. Best is trial 1270 with value: 0.3623636909959845.
checkpoint_e22 window_influence: 0.53497492263513291, penalty_k: 0.36937064306164469, scale_lr: 0.28567613404511549, EAO: 0.285
Trial 2817 finished with value: 0.28548450605646647 and parameters: {'window_influence': 0.5349749226351329, 'penalty_k': 0.3693706430616447, 'scale_lr': 0.2856761340451155}. Best is trial 1270 with value: 0.3623636909959845.
checkpoint_e22 window_influence: 0.26152559581268353, penalty_k: 0.03005994774667492, scale_lr: 0.55092466210358859, EAO: 0.284
Trial 2818 finished with value: 0.28365764822013645 and parameters: {'window_influence': 0.26152559581268353, 'penalty_k': 0.03005994774667492, 'scale_lr': 0.5509246621035886}. Best is trial 1270 with value: 0.3623636909959845.
checkpoint_e22 window_influence: 0.44227533111783612, penalty_k: 0.01990244215585764, scale_lr: 0.52642709001672883, EAO: 0.308
Trial 2819 finished with value: 0.3079546529379336 and parameters: {'window_influence': 0.4422753311178361, 'penalty_k': 0.01990244215585764, 'scale_lr': 0.5264270900167288}. Best is trial 1270 with value: 0.3623636909959845.
checkpoint_e22 window_influence: 0.12414498244048738, penalty_k: 0.20815809103450145, scale_lr: 0.62758527167296363, EAO: 0.258
Trial 2820 finished with value: 0.25840087368330605 and parameters: {'window_influence': 0.12414498244048738, 'penalty_k': 0.20815809103450145, 'scale_lr': 0.6275852716729636}. Best is trial 1270 with value: 0.3623636909959845.
checkpoint_e22 window_influence: 0.47866060344894890, penalty_k: 0.05460393547461787, scale_lr: 0.14900979493712468, EAO: 0.321
Trial 2821 finished with value: 0.3206245349538929 and parameters: {'window_influence': 0.4786606034489489, 'penalty_k': 0.05460393547461787, 'scale_lr': 0.14900979493712468}. Best is trial 1270 with value: 0.3623636909959845.
checkpoint_e22 window_influence: 0.49000533388596040, penalty_k: 0.04316351163866847, scale_lr: 0.26157738052855889, EAO: 0.314
Trial 2822 finished with value: 0.3141593717415509 and parameters: {'window_influence': 0.4900053338859604, 'penalty_k': 0.04316351163866847, 'scale_lr': 0.2615773805285589}. Best is trial 1270 with value: 0.3623636909959845.
checkpoint_e22 window_influence: 0.46095708426251114, penalty_k: 0.57661989969924121, scale_lr: 0.49121219430747404, EAO: 0.289
Trial 2823 finished with value: 0.2890652755007206 and parameters: {'window_influence': 0.46095708426251114, 'penalty_k': 0.5766198996992412, 'scale_lr': 0.49121219430747404}. Best is trial 1270 with value: 0.3623636909959845.
checkpoint_e22 window_influence: 0.51553244843081747, penalty_k: 0.12560763185018892, scale_lr: 0.18195592446889453, EAO: 0.330
Trial 2824 finished with value: 0.32963396469674683 and parameters: {'window_influence': 0.5155324484308175, 'penalty_k': 0.12560763185018892, 'scale_lr': 0.18195592446889453}. Best is trial 1270 with value: 0.3623636909959845.
checkpoint_e22 window_influence: 0.47657542348354220, penalty_k: 0.00027745900457121, scale_lr: 0.73185550312126801, EAO: 0.314
Trial 2825 finished with value: 0.31397398633715706 and parameters: {'window_influence': 0.4765754234835422, 'penalty_k': 0.0002774590045712057, 'scale_lr': 0.731855503121268}. Best is trial 1270 with value: 0.3623636909959845.
checkpoint_e22 window_influence: 0.50219865359947491, penalty_k: 0.00000846556083967, scale_lr: 0.31735172776771181, EAO: 0.314
Trial 2826 finished with value: 0.31409085875355314 and parameters: {'window_influence': 0.5021986535994749, 'penalty_k': 8.465560839665542e-06, 'scale_lr': 0.3173517277677118}. Best is trial 1270 with value: 0.3623636909959845.
checkpoint_e22 window_influence: 0.44820456485885402, penalty_k: 0.01900953074391799, scale_lr: 0.20664987296631143, EAO: 0.324
Trial 2827 finished with value: 0.32437321190008395 and parameters: {'window_influence': 0.448204564858854, 'penalty_k': 0.019009530743917993, 'scale_lr': 0.20664987296631143}. Best is trial 1270 with value: 0.3623636909959845.
checkpoint_e22 window_influence: 0.41076765863721071, penalty_k: 0.21752120472800007, scale_lr: 0.58525023012234878, EAO: 0.301
Trial 2828 finished with value: 0.300681175772782 and parameters: {'window_influence': 0.4107676586372107, 'penalty_k': 0.21752120472800007, 'scale_lr': 0.5852502301223488}. Best is trial 1270 with value: 0.3623636909959845.
checkpoint_e22 window_influence: 0.17586608741417942, penalty_k: 0.11030738689612285, scale_lr: 0.65077237796625120, EAO: 0.271
Trial 2829 finished with value: 0.27143060447872847 and parameters: {'window_influence': 0.17586608741417942, 'penalty_k': 0.11030738689612285, 'scale_lr': 0.6507723779662512}. Best is trial 1270 with value: 0.3623636909959845.
checkpoint_e22 window_influence: 0.46363540786611512, penalty_k: 0.16299297333053595, scale_lr: 0.59994497797338442, EAO: 0.303
Trial 2830 finished with value: 0.30348117156715243 and parameters: {'window_influence': 0.4636354078661151, 'penalty_k': 0.16299297333053595, 'scale_lr': 0.5999449779733844}. Best is trial 1270 with value: 0.3623636909959845.
checkpoint_e22 window_influence: 0.49171843165669377, penalty_k: 0.03404935120702020, scale_lr: 0.61793691205599244, EAO: 0.334
Trial 2831 finished with value: 0.333575726599081 and parameters: {'window_influence': 0.49171843165669377, 'penalty_k': 0.0340493512070202, 'scale_lr': 0.6179369120559924}. Best is trial 1270 with value: 0.3623636909959845.
checkpoint_e22 window_influence: 0.25631626503764660, penalty_k: 0.45136332131925494, scale_lr: 0.29429331075107007, EAO: 0.260
Trial 2832 finished with value: 0.260084274388009 and parameters: {'window_influence': 0.2563162650376466, 'penalty_k': 0.45136332131925494, 'scale_lr': 0.29429331075107007}. Best is trial 1270 with value: 0.3623636909959845.
checkpoint_e22 window_influence: 0.47556492940866513, penalty_k: 0.01394406260408625, scale_lr: 0.76070767307653564, EAO: 0.299
Trial 2833 finished with value: 0.2989823919094026 and parameters: {'window_influence': 0.4755649294086651, 'penalty_k': 0.01394406260408625, 'scale_lr': 0.7607076730765356}. Best is trial 1270 with value: 0.3623636909959845.
checkpoint_e22 window_influence: 0.43837025874892038, penalty_k: 0.14448716946045750, scale_lr: 0.64030534761789126, EAO: 0.342
Trial 2834 finished with value: 0.34169444511372754 and parameters: {'window_influence': 0.4383702587489204, 'penalty_k': 0.1444871694604575, 'scale_lr': 0.6403053476178913}. Best is trial 1270 with value: 0.3623636909959845.
checkpoint_e22 window_influence: 0.45484567238984808, penalty_k: 0.04971951593647310, scale_lr: 0.12309156681762917, EAO: 0.322
Trial 2835 finished with value: 0.3222422699520096 and parameters: {'window_influence': 0.4548456723898481, 'penalty_k': 0.0497195159364731, 'scale_lr': 0.12309156681762917}. Best is trial 1270 with value: 0.3623636909959845.
checkpoint_e22 window_influence: 0.27293092313492207, penalty_k: 0.01112359834600290, scale_lr: 0.39278301637168334, EAO: 0.279
Trial 2836 finished with value: 0.27896678639061256 and parameters: {'window_influence': 0.27293092313492207, 'penalty_k': 0.011123598346002904, 'scale_lr': 0.39278301637168334}. Best is trial 1270 with value: 0.3623636909959845.
checkpoint_e22 window_influence: 0.48739758151783402, penalty_k: 0.12557746866686520, scale_lr: 0.22942128849360818, EAO: 0.337
