Trial 186 finished with value: 0.3393390112581884 and parameters: {'window_influence': 0.48915144906352154, 'penalty_k': 0.05362121134825957, 'scale_lr': 0.6398363299957094}. Best is trial 62 with value: 0.3726749919963718.
checkpoint_e29 window_influence: 0.47024625352593702, penalty_k: 0.07478860303966618, scale_lr: 0.67803844092440768, EAO: 0.330
Trial 187 finished with value: 0.3304195878338721 and parameters: {'window_influence': 0.470246253525937, 'penalty_k': 0.07478860303966618, 'scale_lr': 0.6780384409244077}. Best is trial 62 with value: 0.3726749919963718.
checkpoint_e29 window_influence: 0.51672003197895888, penalty_k: 0.03354243352659017, scale_lr: 0.56955612924836774, EAO: 0.352
Trial 188 finished with value: 0.3517782727568066 and parameters: {'window_influence': 0.5167200319789589, 'penalty_k': 0.03354243352659017, 'scale_lr': 0.5695561292483677}. Best is trial 62 with value: 0.3726749919963718.
checkpoint_e29 window_influence: 0.51368215839792841, penalty_k: 0.04228825076387592, scale_lr: 0.57805464716804611, EAO: 0.329
Trial 189 finished with value: 0.328970569464947 and parameters: {'window_influence': 0.5136821583979284, 'penalty_k': 0.04228825076387592, 'scale_lr': 0.5780546471680461}. Best is trial 62 with value: 0.3726749919963718.
checkpoint_e29 window_influence: 0.53466822893251553, penalty_k: 0.05639040955847730, scale_lr: 0.62128080263705998, EAO: 0.294
Trial 190 finished with value: 0.29363967443486594 and parameters: {'window_influence': 0.5346682289325155, 'penalty_k': 0.0563904095584773, 'scale_lr': 0.62128080263706}. Best is trial 62 with value: 0.3726749919963718.
checkpoint_e29 window_influence: 0.50636994260174029, penalty_k: 0.01617983599320030, scale_lr: 0.60151635907435963, EAO: 0.346
Trial 191 finished with value: 0.3463309280835237 and parameters: {'window_influence': 0.5063699426017403, 'penalty_k': 0.016179835993200296, 'scale_lr': 0.6015163590743596}. Best is trial 62 with value: 0.3726749919963718.
checkpoint_e29 window_influence: 0.48688344184487931, penalty_k: 0.03015824282885186, scale_lr: 0.56366084333391031, EAO: 0.331
Trial 192 finished with value: 0.3308753274989963 and parameters: {'window_influence': 0.4868834418448793, 'penalty_k': 0.030158242828851857, 'scale_lr': 0.5636608433339103}. Best is trial 62 with value: 0.3726749919963718.
checkpoint_e29 window_influence: 0.49904097702210282, penalty_k: 0.04007492777303559, scale_lr: 0.58882680628090334, EAO: 0.348
Trial 193 finished with value: 0.34801088777961436 and parameters: {'window_influence': 0.4990409770221028, 'penalty_k': 0.04007492777303559, 'scale_lr': 0.5888268062809033}. Best is trial 62 with value: 0.3726749919963718.
checkpoint_e29 window_influence: 0.51912231875815484, penalty_k: 0.01299633336300013, scale_lr: 0.56920820429047481, EAO: 0.324
Trial 194 finished with value: 0.32429256153941616 and parameters: {'window_influence': 0.5191223187581548, 'penalty_k': 0.012996333363000125, 'scale_lr': 0.5692082042904748}. Best is trial 62 with value: 0.3726749919963718.
checkpoint_e29 window_influence: 0.48449628519125593, penalty_k: 0.00298556762905293, scale_lr: 0.55202707355606351, EAO: 0.350
Trial 195 finished with value: 0.3495411388141172 and parameters: {'window_influence': 0.4844962851912559, 'penalty_k': 0.002985567629052926, 'scale_lr': 0.5520270735560635}. Best is trial 62 with value: 0.3726749919963718.
checkpoint_e29 window_influence: 0.48044810890559819, penalty_k: 0.00029257147192987, scale_lr: 0.65098724555087084, EAO: 0.328
Trial 196 finished with value: 0.328334302115997 and parameters: {'window_influence': 0.4804481089055982, 'penalty_k': 0.00029257147192986643, 'scale_lr': 0.6509872455508708}. Best is trial 62 with value: 0.3726749919963718.
checkpoint_e29 window_influence: 0.51061837195248705, penalty_k: 0.06705655571847444, scale_lr: 0.39395060508324342, EAO: 0.352
Trial 197 finished with value: 0.3523941931789487 and parameters: {'window_influence': 0.510618371952487, 'penalty_k': 0.06705655571847444, 'scale_lr': 0.3939506050832434}. Best is trial 62 with value: 0.3726749919963718.
checkpoint_e29 window_influence: 0.35827999433701385, penalty_k: 0.02744770150642480, scale_lr: 0.42123440415091090, EAO: 0.320
Trial 198 finished with value: 0.3202678611654252 and parameters: {'window_influence': 0.35827999433701385, 'penalty_k': 0.027447701506424796, 'scale_lr': 0.4212344041509109}. Best is trial 62 with value: 0.3726749919963718.
checkpoint_e29 window_influence: 0.54265610964736533, penalty_k: 0.00006199145446698, scale_lr: 0.40192019696601355, EAO: 0.321
Trial 199 finished with value: 0.3211399308090544 and parameters: {'window_influence': 0.5426561096473653, 'penalty_k': 6.199145446697529e-05, 'scale_lr': 0.40192019696601355}. Best is trial 62 with value: 0.3726749919963718.
checkpoint_e29 window_influence: 0.52119377616892693, penalty_k: 0.04659092388812259, scale_lr: 0.39296056598400736, EAO: 0.310
Trial 200 finished with value: 0.31009113359544066 and parameters: {'window_influence': 0.5211937761689269, 'penalty_k': 0.04659092388812259, 'scale_lr': 0.39296056598400736}. Best is trial 62 with value: 0.3726749919963718.
checkpoint_e29 window_influence: 0.50622202480682665, penalty_k: 0.06400657189423879, scale_lr: 0.43534593860604809, EAO: 0.345
Trial 201 finished with value: 0.3451433244382361 and parameters: {'window_influence': 0.5062220248068267, 'penalty_k': 0.06400657189423879, 'scale_lr': 0.4353459386060481}. Best is trial 62 with value: 0.3726749919963718.
checkpoint_e29 window_influence: 0.49252451593235991, penalty_k: 0.07469295383859111, scale_lr: 0.62721073128419946, EAO: 0.324
Trial 202 finished with value: 0.3243541688538711 and parameters: {'window_influence': 0.4925245159323599, 'penalty_k': 0.0746929538385911, 'scale_lr': 0.6272107312841995}. Best is trial 62 with value: 0.3726749919963718.
checkpoint_e29 window_influence: 0.51114142229387560, penalty_k: 0.09512872262839978, scale_lr: 0.44280011439846179, EAO: 0.332
Trial 203 finished with value: 0.3323845441239353 and parameters: {'window_influence': 0.5111414222938756, 'penalty_k': 0.09512872262839978, 'scale_lr': 0.4428001143984618}. Best is trial 62 with value: 0.3726749919963718.
checkpoint_e29 window_influence: 0.49377985485382148, penalty_k: 0.05432496868177714, scale_lr: 0.55552470350309724, EAO: 0.339
Trial 204 finished with value: 0.33923636858101486 and parameters: {'window_influence': 0.4937798548538215, 'penalty_k': 0.054324968681777136, 'scale_lr': 0.5555247035030972}. Best is trial 62 with value: 0.3726749919963718.
checkpoint_e29 window_influence: 0.47522552879314928, penalty_k: 0.03444057781667321, scale_lr: 0.57319906919147023, EAO: 0.319
Trial 205 finished with value: 0.31911674773878623 and parameters: {'window_influence': 0.4752255287931493, 'penalty_k': 0.03444057781667321, 'scale_lr': 0.5731990691914702}. Best is trial 62 with value: 0.3726749919963718.
checkpoint_e29 window_influence: 0.50484242703542004, penalty_k: 0.08404692441632400, scale_lr: 0.41270351173712050, EAO: 0.337
Trial 206 finished with value: 0.3372971445669924 and parameters: {'window_influence': 0.50484242703542, 'penalty_k': 0.084046924416324, 'scale_lr': 0.4127035117371205}. Best is trial 62 with value: 0.3726749919963718.
checkpoint_e29 window_influence: 0.52836919075273148, penalty_k: 0.06961782953394065, scale_lr: 0.32856400518438339, EAO: 0.304
Trial 207 finished with value: 0.3043600374158718 and parameters: {'window_influence': 0.5283691907527315, 'penalty_k': 0.06961782953394065, 'scale_lr': 0.3285640051843834}. Best is trial 62 with value: 0.3726749919963718.
checkpoint_e29 window_influence: 0.48205409676911931, penalty_k: 0.23671141796493420, scale_lr: 0.37963422390840096, EAO: 0.336
Trial 208 finished with value: 0.33585396849691634 and parameters: {'window_influence': 0.4820540967691193, 'penalty_k': 0.2367114179649342, 'scale_lr': 0.37963422390840096}. Best is trial 62 with value: 0.3726749919963718.
checkpoint_e29 window_influence: 0.49724899107625448, penalty_k: 0.02326902613911939, scale_lr: 0.28714600850907934, EAO: 0.337
Trial 209 finished with value: 0.3374022587496019 and parameters: {'window_influence': 0.4972489910762545, 'penalty_k': 0.023269026139119388, 'scale_lr': 0.28714600850907934}. Best is trial 62 with value: 0.3726749919963718.
checkpoint_e29 window_influence: 0.25108142638968689, penalty_k: 0.04702471627810795, scale_lr: 0.60823316740228606, EAO: 0.316
Trial 210 finished with value: 0.31627786234890903 and parameters: {'window_influence': 0.2510814263896869, 'penalty_k': 0.04702471627810795, 'scale_lr': 0.6082331674022861}. Best is trial 62 with value: 0.3726749919963718.
checkpoint_e29 window_influence: 0.46337925480898939, penalty_k: 0.01477176650311095, scale_lr: 0.55695735215416564, EAO: 0.329
Trial 211 finished with value: 0.3289990532954843 and parameters: {'window_influence': 0.4633792548089894, 'penalty_k': 0.014771766503110953, 'scale_lr': 0.5569573521541656}. Best is trial 62 with value: 0.3726749919963718.
checkpoint_e29 window_influence: 0.44504383089452293, penalty_k: 0.01106217118639468, scale_lr: 0.36175741288813190, EAO: 0.313
Trial 212 finished with value: 0.3127598415204987 and parameters: {'window_influence': 0.44504383089452293, 'penalty_k': 0.01106217118639468, 'scale_lr': 0.3617574128881319}. Best is trial 62 with value: 0.3726749919963718.
checkpoint_e29 window_influence: 0.47033416257955929, penalty_k: 0.02819631484124396, scale_lr: 0.54375933520676789, EAO: 0.313
Trial 213 finished with value: 0.3132872019644377 and parameters: {'window_influence': 0.4703341625795593, 'penalty_k': 0.028196314841243963, 'scale_lr': 0.5437593352067679}. Best is trial 62 with value: 0.3726749919963718.
checkpoint_e29 window_influence: 0.34286820396621159, penalty_k: 0.16749197915385439, scale_lr: 0.58162562361003778, EAO: 0.296
Trial 214 finished with value: 0.2961077697082252 and parameters: {'window_influence': 0.3428682039662116, 'penalty_k': 0.1674919791538544, 'scale_lr': 0.5816256236100378}. Best is trial 62 with value: 0.3726749919963718.
checkpoint_e29 window_influence: 0.48396868587948233, penalty_k: 0.05749475008274995, scale_lr: 0.44988804224078849, EAO: 0.351
Trial 215 finished with value: 0.3510061642771101 and parameters: {'window_influence': 0.48396868587948233, 'penalty_k': 0.05749475008274995, 'scale_lr': 0.4498880422407885}. Best is trial 62 with value: 0.3726749919963718.
checkpoint_e29 window_influence: 0.48802025882714756, penalty_k: 0.06561765328296737, scale_lr: 0.44175503342691536, EAO: 0.347
Trial 216 finished with value: 0.34747360664119054 and parameters: {'window_influence': 0.48802025882714756, 'penalty_k': 0.06561765328296737, 'scale_lr': 0.44175503342691536}. Best is trial 62 with value: 0.3726749919963718.
checkpoint_e29 window_influence: 0.51251046211838824, penalty_k: 0.05408087082089364, scale_lr: 0.45990862507125890, EAO: 0.328
Trial 217 finished with value: 0.3275333182589089 and parameters: {'window_influence': 0.5125104621183882, 'penalty_k': 0.05408087082089364, 'scale_lr': 0.4599086250712589}. Best is trial 62 with value: 0.3726749919963718.
checkpoint_e29 window_influence: 0.49796426021632867, penalty_k: 0.10221476911255829, scale_lr: 0.42683736731247546, EAO: 0.324
Trial 218 finished with value: 0.3244835259501572 and parameters: {'window_influence': 0.49796426021632867, 'penalty_k': 0.10221476911255829, 'scale_lr': 0.42683736731247546}. Best is trial 62 with value: 0.3726749919963718.
checkpoint_e29 window_influence: 0.48224756022503290, penalty_k: 0.03989570810153170, scale_lr: 0.59461519490421311, EAO: 0.323
Trial 219 finished with value: 0.32331087541719356 and parameters: {'window_influence': 0.4822475602250329, 'penalty_k': 0.0398957081015317, 'scale_lr': 0.5946151949042131}. Best is trial 62 with value: 0.3726749919963718.
checkpoint_e29 window_influence: 0.52343971451649007, penalty_k: 0.07687465433116238, scale_lr: 0.64819151279443743, EAO: 0.311
Trial 220 finished with value: 0.31104667937013425 and parameters: {'window_influence': 0.5234397145164901, 'penalty_k': 0.07687465433116238, 'scale_lr': 0.6481915127944374}. Best is trial 62 with value: 0.3726749919963718.
checkpoint_e29 window_influence: 0.46170050437451682, penalty_k: 0.02297806668874100, scale_lr: 0.40528224442431021, EAO: 0.339
Trial 221 finished with value: 0.33929198678829325 and parameters: {'window_influence': 0.4617005043745168, 'penalty_k': 0.022978066688741, 'scale_lr': 0.4052822444243102}. Best is trial 62 with value: 0.3726749919963718.
checkpoint_e29 window_influence: 0.50754883170117404, penalty_k: 0.33905948897414767, scale_lr: 0.55199625307070022, EAO: 0.320
Trial 222 finished with value: 0.32010549225695867 and parameters: {'window_influence': 0.507548831701174, 'penalty_k': 0.33905948897414767, 'scale_lr': 0.5519962530707002}. Best is trial 62 with value: 0.3726749919963718.
checkpoint_e29 window_influence: 0.48501454709814185, penalty_k: 0.03732207973926926, scale_lr: 0.45323347578696593, EAO: 0.332
Trial 223 finished with value: 0.3318369883739531 and parameters: {'window_influence': 0.48501454709814185, 'penalty_k': 0.03732207973926926, 'scale_lr': 0.45323347578696593}. Best is trial 62 with value: 0.3726749919963718.
checkpoint_e29 window_influence: 0.45364103005600531, penalty_k: 0.05940650344218293, scale_lr: 0.42380986022408335, EAO: 0.320
Trial 224 finished with value: 0.31984091958879035 and parameters: {'window_influence': 0.4536410300560053, 'penalty_k': 0.05940650344218293, 'scale_lr': 0.42380986022408335}. Best is trial 62 with value: 0.3726749919963718.
checkpoint_e29 window_influence: 0.49641413809033846, penalty_k: 0.01179761949418902, scale_lr: 0.46900481009026146, EAO: 0.328
Trial 225 finished with value: 0.3279881644341732 and parameters: {'window_influence': 0.49641413809033846, 'penalty_k': 0.011797619494189018, 'scale_lr': 0.46900481009026146}. Best is trial 62 with value: 0.3726749919963718.
checkpoint_e29 window_influence: 0.47307180782141467, penalty_k: 0.04819868879297145, scale_lr: 0.26829442376164381, EAO: 0.344
Trial 226 finished with value: 0.3441777502980214 and parameters: {'window_influence': 0.47307180782141467, 'penalty_k': 0.04819868879297145, 'scale_lr': 0.2682944237616438}. Best is trial 62 with value: 0.3726749919963718.
checkpoint_e29 window_influence: 0.38728056921500986, penalty_k: 0.29503117957753039, scale_lr: 0.63192202115864082, EAO: 0.324
Trial 227 finished with value: 0.3238790492139438 and parameters: {'window_influence': 0.38728056921500986, 'penalty_k': 0.2950311795775304, 'scale_lr': 0.6319220211586408}. Best is trial 62 with value: 0.3726749919963718.
checkpoint_e29 window_influence: 0.33061739401258416, penalty_k: 0.14655417248312053, scale_lr: 0.57777545530682606, EAO: 0.323
Trial 228 finished with value: 0.32331316845658226 and parameters: {'window_influence': 0.33061739401258416, 'penalty_k': 0.14655417248312053, 'scale_lr': 0.5777754553068261}. Best is trial 62 with value: 0.3726749919963718.
checkpoint_e29 window_influence: 0.18831845169161807, penalty_k: 0.18291780903142429, scale_lr: 0.29789432220142442, EAO: 0.276
Trial 229 finished with value: 0.27582165019057603 and parameters: {'window_influence': 0.18831845169161807, 'penalty_k': 0.1829178090314243, 'scale_lr': 0.2978943222014244}. Best is trial 62 with value: 0.3726749919963718.
checkpoint_e29 window_influence: 0.42256223615811517, penalty_k: 0.30905655360009848, scale_lr: 0.61049623492523719, EAO: 0.325
Trial 230 finished with value: 0.32546497469746183 and parameters: {'window_influence': 0.42256223615811517, 'penalty_k': 0.3090565536000985, 'scale_lr': 0.6104962349252372}. Best is trial 62 with value: 0.3726749919963718.
checkpoint_e29 window_influence: 0.50014222067216096, penalty_k: 0.03497490910896540, scale_lr: 0.59191946035792020, EAO: 0.343
Trial 231 finished with value: 0.342800052597365 and parameters: {'window_influence': 0.500142220672161, 'penalty_k': 0.034974909108965405, 'scale_lr': 0.5919194603579202}. Best is trial 62 with value: 0.3726749919963718.
checkpoint_e29 window_influence: 0.50718275726206385, penalty_k: 0.04743041608192811, scale_lr: 0.56912910195440070, EAO: 0.353
Trial 232 finished with value: 0.35267062015570555 and parameters: {'window_influence': 0.5071827572620639, 'penalty_k': 0.047430416081928106, 'scale_lr': 0.5691291019544007}. Best is trial 62 with value: 0.3726749919963718.
checkpoint_e29 window_influence: 0.51636569371811936, penalty_k: 0.06024002153115359, scale_lr: 0.56536520671634949, EAO: 0.324
Trial 233 finished with value: 0.32399142408881204 and parameters: {'window_influence': 0.5163656937181194, 'penalty_k': 0.06024002153115359, 'scale_lr': 0.5653652067163495}. Best is trial 62 with value: 0.3726749919963718.
checkpoint_e29 window_influence: 0.36588906893775230, penalty_k: 0.02156818182821432, scale_lr: 0.24099958139492680, EAO: 0.322
Trial 234 finished with value: 0.3221710004811157 and parameters: {'window_influence': 0.3658890689377523, 'penalty_k': 0.021568181828214315, 'scale_lr': 0.2409995813949268}. Best is trial 62 with value: 0.3726749919963718.
checkpoint_e29 window_influence: 0.48762061576095245, penalty_k: 0.07143719876308136, scale_lr: 0.52687400765566894, EAO: 0.336
Trial 235 finished with value: 0.33553978209365665 and parameters: {'window_influence': 0.48762061576095245, 'penalty_k': 0.07143719876308136, 'scale_lr': 0.5268740076556689}. Best is trial 62 with value: 0.3726749919963718.
checkpoint_e29 window_influence: 0.50617189727977696, penalty_k: 0.00092268397916720, scale_lr: 0.54514031046540912, EAO: 0.336
Trial 236 finished with value: 0.33631444673130023 and parameters: {'window_influence': 0.506171897279777, 'penalty_k': 0.0009226839791671992, 'scale_lr': 0.5451403104654091}. Best is trial 62 with value: 0.3726749919963718.
checkpoint_e29 window_influence: 0.52923972875935377, penalty_k: 0.12564077729816114, scale_lr: 0.44422265389168886, EAO: 0.311
Trial 237 finished with value: 0.31050557773632764 and parameters: {'window_influence': 0.5292397287593538, 'penalty_k': 0.12564077729816114, 'scale_lr': 0.44422265389168886}. Best is trial 62 with value: 0.3726749919963718.
checkpoint_e29 window_influence: 0.51561947781186324, penalty_k: 0.04783365738381690, scale_lr: 0.57314982219853705, EAO: 0.334
Trial 238 finished with value: 0.33433975366302965 and parameters: {'window_influence': 0.5156194778118632, 'penalty_k': 0.047833657383816904, 'scale_lr': 0.573149822198537}. Best is trial 62 with value: 0.3726749919963718.
checkpoint_e29 window_influence: 0.29147685575807297, penalty_k: 0.09088340169770588, scale_lr: 0.61781434865073492, EAO: 0.318
Trial 239 finished with value: 0.31755995089441885 and parameters: {'window_influence': 0.291476855758073, 'penalty_k': 0.09088340169770588, 'scale_lr': 0.6178143486507349}. Best is trial 62 with value: 0.3726749919963718.
checkpoint_e29 window_influence: 0.47943482639557750, penalty_k: 0.03147464170466085, scale_lr: 0.56177737706296738, EAO: 0.336
Trial 240 finished with value: 0.3357452041676072 and parameters: {'window_influence': 0.4794348263955775, 'penalty_k': 0.03147464170466085, 'scale_lr': 0.5617773770629674}. Best is trial 62 with value: 0.3726749919963718.
checkpoint_e29 window_influence: 0.49452200699203291, penalty_k: 0.05491008770735097, scale_lr: 0.58663761656285940, EAO: 0.343
Trial 241 finished with value: 0.34299414259914296 and parameters: {'window_influence': 0.4945220069920329, 'penalty_k': 0.054910087707350966, 'scale_lr': 0.5866376165628594}. Best is trial 62 with value: 0.3726749919963718.
checkpoint_e29 window_influence: 0.50406680182272334, penalty_k: 0.04078938931200120, scale_lr: 0.34668340912671192, EAO: 0.327
Trial 242 finished with value: 0.326503499298708 and parameters: {'window_influence': 0.5040668018227233, 'penalty_k': 0.0407893893120012, 'scale_lr': 0.3466834091267119}. Best is trial 62 with value: 0.3726749919963718.
checkpoint_e29 window_influence: 0.49654499613712871, penalty_k: 0.25482601000940042, scale_lr: 0.59929495299765123, EAO: 0.341
Trial 243 finished with value: 0.3405372001781538 and parameters: {'window_influence': 0.4965449961371287, 'penalty_k': 0.2548260100094004, 'scale_lr': 0.5992949529976512}. Best is trial 62 with value: 0.3726749919963718.
checkpoint_e29 window_influence: 0.40364896671191158, penalty_k: 0.04122347007688585, scale_lr: 0.58111240391657237, EAO: 0.334
Trial 244 finished with value: 0.33431427430086097 and parameters: {'window_influence': 0.4036489667119116, 'penalty_k': 0.04122347007688585, 'scale_lr': 0.5811124039165724}. Best is trial 62 with value: 0.3726749919963718.
checkpoint_e29 window_influence: 0.48713735287194948, penalty_k: 0.02470717225746469, scale_lr: 0.53357281923262001, EAO: 0.332
Trial 245 finished with value: 0.33220586806883606 and parameters: {'window_influence': 0.4871373528719495, 'penalty_k': 0.024707172257464688, 'scale_lr': 0.53357281923262}. Best is trial 62 with value: 0.3726749919963718.
checkpoint_e29 window_influence: 0.47207323394897210, penalty_k: 0.01247132790216969, scale_lr: 0.42787853286183825, EAO: 0.314
Trial 246 finished with value: 0.31421172015861776 and parameters: {'window_influence': 0.4720732339489721, 'penalty_k': 0.012471327902169694, 'scale_lr': 0.42787853286183825}. Best is trial 62 with value: 0.3726749919963718.
checkpoint_e29 window_influence: 0.50997154531678113, penalty_k: 0.06629607245491130, scale_lr: 0.55912971902708708, EAO: 0.347
Trial 247 finished with value: 0.34674652529597744 and parameters: {'window_influence': 0.5099715453167811, 'penalty_k': 0.0662960724549113, 'scale_lr': 0.5591297190270871}. Best is trial 62 with value: 0.3726749919963718.
checkpoint_e29 window_influence: 0.49876746421582946, penalty_k: 0.08110243020656584, scale_lr: 0.60156771287851740, EAO: 0.348
