Trial 1134 finished with value: 0.2898067812859316 and parameters: {'window_influence': 0.4991428699468961, 'penalty_k': 0.518840790039419, 'scale_lr': 0.6113172129084493}. Best is trial 374 with value: 0.3602400896382239.
checkpoint_e24 window_influence: 0.29451821863767558, penalty_k: 0.57349596713264672, scale_lr: 0.52708675792268156, EAO: 0.291
Trial 1135 finished with value: 0.2909664344115016 and parameters: {'window_influence': 0.2945182186376756, 'penalty_k': 0.5734959671326467, 'scale_lr': 0.5270867579226816}. Best is trial 374 with value: 0.3602400896382239.
checkpoint_e24 window_influence: 0.37654025995202278, penalty_k: 0.22432853636498651, scale_lr: 0.50330950734811652, EAO: 0.307
Trial 1136 finished with value: 0.3072767596300474 and parameters: {'window_influence': 0.3765402599520228, 'penalty_k': 0.2243285363649865, 'scale_lr': 0.5033095073481165}. Best is trial 374 with value: 0.3602400896382239.
checkpoint_e24 window_influence: 0.25172883666869406, penalty_k: 0.26521701615811644, scale_lr: 0.41171120418761503, EAO: 0.303
Trial 1137 finished with value: 0.3033640625295936 and parameters: {'window_influence': 0.25172883666869406, 'penalty_k': 0.26521701615811644, 'scale_lr': 0.41171120418761503}. Best is trial 374 with value: 0.3602400896382239.
checkpoint_e24 window_influence: 0.47216266616277236, penalty_k: 0.18135880404313681, scale_lr: 0.37625485176604279, EAO: 0.307
Trial 1138 finished with value: 0.30667658979326834 and parameters: {'window_influence': 0.47216266616277236, 'penalty_k': 0.1813588040431368, 'scale_lr': 0.3762548517660428}. Best is trial 374 with value: 0.3602400896382239.
checkpoint_e24 window_influence: 0.48677161236344735, penalty_k: 0.31542822627852374, scale_lr: 0.45000262948179875, EAO: 0.327
Trial 1139 finished with value: 0.3266352848784005 and parameters: {'window_influence': 0.48677161236344735, 'penalty_k': 0.31542822627852374, 'scale_lr': 0.45000262948179875}. Best is trial 374 with value: 0.3602400896382239.
checkpoint_e24 window_influence: 0.55414822224473992, penalty_k: 0.49209784339927864, scale_lr: 0.54447633614201008, EAO: 0.275
Trial 1140 finished with value: 0.2745308551343035 and parameters: {'window_influence': 0.5541482222447399, 'penalty_k': 0.49209784339927864, 'scale_lr': 0.5444763361420101}. Best is trial 374 with value: 0.3602400896382239.
checkpoint_e24 window_influence: 0.15731623150193394, penalty_k: 0.12657709665635350, scale_lr: 0.51844080898689915, EAO: 0.289
Trial 1141 finished with value: 0.2892750343923903 and parameters: {'window_influence': 0.15731623150193394, 'penalty_k': 0.1265770966563535, 'scale_lr': 0.5184408089868991}. Best is trial 374 with value: 0.3602400896382239.
checkpoint_e24 window_influence: 0.51921290767371608, penalty_k: 0.10854315133736421, scale_lr: 0.59590435747007708, EAO: 0.309
Trial 1142 finished with value: 0.30868390793930234 and parameters: {'window_influence': 0.5192129076737161, 'penalty_k': 0.10854315133736421, 'scale_lr': 0.5959043574700771}. Best is trial 374 with value: 0.3602400896382239.
checkpoint_e24 window_influence: 0.05748061277744831, penalty_k: 0.13965514416566144, scale_lr: 0.20922712113674893, EAO: 0.261
Trial 1143 finished with value: 0.26058600587835573 and parameters: {'window_influence': 0.057480612777448314, 'penalty_k': 0.13965514416566144, 'scale_lr': 0.20922712113674893}. Best is trial 374 with value: 0.3602400896382239.
checkpoint_e24 window_influence: 0.33375134678752777, penalty_k: 0.30133361037838002, scale_lr: 0.48342515740143077, EAO: 0.316
Trial 1144 finished with value: 0.3155255088662359 and parameters: {'window_influence': 0.33375134678752777, 'penalty_k': 0.30133361037838, 'scale_lr': 0.48342515740143077}. Best is trial 374 with value: 0.3602400896382239.
checkpoint_e24 window_influence: 0.34817806008073227, penalty_k: 0.03215362469983335, scale_lr: 0.53073492967452085, EAO: 0.304
Trial 1145 finished with value: 0.30418363288914646 and parameters: {'window_influence': 0.34817806008073227, 'penalty_k': 0.03215362469983335, 'scale_lr': 0.5307349296745209}. Best is trial 374 with value: 0.3602400896382239.
checkpoint_e24 window_influence: 0.56341350643521626, penalty_k: 0.27972805538248696, scale_lr: 0.11876422849291568, EAO: 0.285
Trial 1146 finished with value: 0.2850464139467084 and parameters: {'window_influence': 0.5634135064352163, 'penalty_k': 0.27972805538248696, 'scale_lr': 0.11876422849291568}. Best is trial 374 with value: 0.3602400896382239.
checkpoint_e24 window_influence: 0.09215957257700974, penalty_k: 0.24034346912659993, scale_lr: 0.58097939153392431, EAO: 0.249
Trial 1147 finished with value: 0.24866652221995106 and parameters: {'window_influence': 0.09215957257700974, 'penalty_k': 0.24034346912659993, 'scale_lr': 0.5809793915339243}. Best is trial 374 with value: 0.3602400896382239.
checkpoint_e24 window_influence: 0.45819445691750355, penalty_k: 0.53985881978622785, scale_lr: 0.55586080178390196, EAO: 0.320
Trial 1148 finished with value: 0.3204185325463922 and parameters: {'window_influence': 0.45819445691750355, 'penalty_k': 0.5398588197862279, 'scale_lr': 0.555860801783902}. Best is trial 374 with value: 0.3602400896382239.
checkpoint_e24 window_influence: 0.43360411722409686, penalty_k: 0.45083130319051834, scale_lr: 0.50939916492537041, EAO: 0.308
Trial 1149 finished with value: 0.30832999504029984 and parameters: {'window_influence': 0.43360411722409686, 'penalty_k': 0.45083130319051834, 'scale_lr': 0.5093991649253704}. Best is trial 374 with value: 0.3602400896382239.
checkpoint_e24 window_influence: 0.53020623191354799, penalty_k: 0.05585188994870038, scale_lr: 0.49352556548536214, EAO: 0.320
Trial 1150 finished with value: 0.3199447827696336 and parameters: {'window_influence': 0.530206231913548, 'penalty_k': 0.055851889948700384, 'scale_lr': 0.49352556548536214}. Best is trial 374 with value: 0.3602400896382239.
checkpoint_e24 window_influence: 0.47963990592376382, penalty_k: 0.08578653893940197, scale_lr: 0.46834467948627018, EAO: 0.320
Trial 1151 finished with value: 0.31980257316090255 and parameters: {'window_influence': 0.4796399059237638, 'penalty_k': 0.08578653893940197, 'scale_lr': 0.4683446794862702}. Best is trial 374 with value: 0.3602400896382239.
checkpoint_e24 window_influence: 0.44483958463519518, penalty_k: 0.19988174935735095, scale_lr: 0.56405660357179266, EAO: 0.304
Trial 1152 finished with value: 0.3043058516334467 and parameters: {'window_influence': 0.4448395846351952, 'penalty_k': 0.19988174935735095, 'scale_lr': 0.5640566035717927}. Best is trial 374 with value: 0.3602400896382239.
checkpoint_e24 window_influence: 0.49224347463196333, penalty_k: 0.34208465056143472, scale_lr: 0.62701720543924411, EAO: 0.326
Trial 1153 finished with value: 0.3258308418645933 and parameters: {'window_influence': 0.49224347463196333, 'penalty_k': 0.3420846505614347, 'scale_lr': 0.6270172054392441}. Best is trial 374 with value: 0.3602400896382239.
checkpoint_e24 window_influence: 0.60590690752443721, penalty_k: 0.16006378289116446, scale_lr: 0.22817269462988565, EAO: 0.260
Trial 1154 finished with value: 0.259956683804089 and parameters: {'window_influence': 0.6059069075244372, 'penalty_k': 0.16006378289116446, 'scale_lr': 0.22817269462988565}. Best is trial 374 with value: 0.3602400896382239.
checkpoint_e24 window_influence: 0.46689844799419516, penalty_k: 0.55950854647184400, scale_lr: 0.53849599888582922, EAO: 0.318
Trial 1155 finished with value: 0.31828578338316904 and parameters: {'window_influence': 0.46689844799419516, 'penalty_k': 0.559508546471844, 'scale_lr': 0.5384959988858292}. Best is trial 374 with value: 0.3602400896382239.
checkpoint_e24 window_influence: 0.42321686150197158, penalty_k: 0.46995141459819489, scale_lr: 0.60914426775166275, EAO: 0.325
Trial 1156 finished with value: 0.3245411188222091 and parameters: {'window_influence': 0.4232168615019716, 'penalty_k': 0.4699514145981949, 'scale_lr': 0.6091442677516627}. Best is trial 374 with value: 0.3602400896382239.
checkpoint_e24 window_influence: 0.15369895963911323, penalty_k: 0.09887028631876932, scale_lr: 0.52364224567850826, EAO: 0.272
Trial 1157 finished with value: 0.27189353404110045 and parameters: {'window_influence': 0.15369895963911323, 'penalty_k': 0.09887028631876932, 'scale_lr': 0.5236422456785083}. Best is trial 374 with value: 0.3602400896382239.
checkpoint_e24 window_influence: 0.13555574683650168, penalty_k: 0.36920486623847715, scale_lr: 0.50391135405510257, EAO: 0.264
Trial 1158 finished with value: 0.26381517517659453 and parameters: {'window_influence': 0.13555574683650168, 'penalty_k': 0.36920486623847715, 'scale_lr': 0.5039113540551026}. Best is trial 374 with value: 0.3602400896382239.
checkpoint_e24 window_influence: 0.59996787868078161, penalty_k: 0.24883544999800572, scale_lr: 0.43371516569188351, EAO: 0.243
Trial 1159 finished with value: 0.2428404537504285 and parameters: {'window_influence': 0.5999678786807816, 'penalty_k': 0.24883544999800572, 'scale_lr': 0.4337151656918835}. Best is trial 374 with value: 0.3602400896382239.
checkpoint_e24 window_influence: 0.50570027194957123, penalty_k: 0.00737736838109170, scale_lr: 0.16978650704870385, EAO: 0.315
Trial 1160 finished with value: 0.314726461116442 and parameters: {'window_influence': 0.5057002719495712, 'penalty_k': 0.007377368381091702, 'scale_lr': 0.16978650704870385}. Best is trial 374 with value: 0.3602400896382239.
checkpoint_e24 window_influence: 0.21571702242769122, penalty_k: 0.22769284271466006, scale_lr: 0.47923717151628037, EAO: 0.293
Trial 1161 finished with value: 0.29316226430672154 and parameters: {'window_influence': 0.21571702242769122, 'penalty_k': 0.22769284271466006, 'scale_lr': 0.47923717151628037}. Best is trial 374 with value: 0.3602400896382239.
checkpoint_e24 window_influence: 0.17536516340451463, penalty_k: 0.17801600378310434, scale_lr: 0.64387574751966037, EAO: 0.299
Trial 1162 finished with value: 0.2989308173670379 and parameters: {'window_influence': 0.17536516340451463, 'penalty_k': 0.17801600378310434, 'scale_lr': 0.6438757475196604}. Best is trial 374 with value: 0.3602400896382239.
checkpoint_e24 window_influence: 0.39124241820291539, penalty_k: 0.35378299459821166, scale_lr: 0.59046925810818363, EAO: 0.301
Trial 1163 finished with value: 0.300859670346813 and parameters: {'window_influence': 0.3912424182029154, 'penalty_k': 0.35378299459821166, 'scale_lr': 0.5904692581081836}. Best is trial 374 with value: 0.3602400896382239.
checkpoint_e24 window_influence: 0.59043337785745620, penalty_k: 0.50483597930579616, scale_lr: 0.51703357544028872, EAO: 0.252
Trial 1164 finished with value: 0.25201920625764573 and parameters: {'window_influence': 0.5904333778574562, 'penalty_k': 0.5048359793057962, 'scale_lr': 0.5170335754402887}. Best is trial 374 with value: 0.3602400896382239.
checkpoint_e24 window_influence: 0.45534394883342094, penalty_k: 0.02542025195424633, scale_lr: 0.10808514376374145, EAO: 0.300
Trial 1165 finished with value: 0.3002059586085234 and parameters: {'window_influence': 0.45534394883342094, 'penalty_k': 0.025420251954246326, 'scale_lr': 0.10808514376374145}. Best is trial 374 with value: 0.3602400896382239.
checkpoint_e24 window_influence: 0.48244780710466389, penalty_k: 0.52276556374860339, scale_lr: 0.57172900101342039, EAO: 0.319
Trial 1166 finished with value: 0.31929764168967534 and parameters: {'window_influence': 0.4824478071046639, 'penalty_k': 0.5227655637486034, 'scale_lr': 0.5717290010134204}. Best is trial 374 with value: 0.3602400896382239.
checkpoint_e24 window_influence: 0.56577516354702950, penalty_k: 0.11799395189365144, scale_lr: 0.54206388529017191, EAO: 0.286
Trial 1167 finished with value: 0.28556751578698364 and parameters: {'window_influence': 0.5657751635470295, 'penalty_k': 0.11799395189365144, 'scale_lr': 0.5420638852901719}. Best is trial 374 with value: 0.3602400896382239.
checkpoint_e24 window_influence: 0.36442102932442838, penalty_k: 0.21345752698598122, scale_lr: 0.24917853946353649, EAO: 0.307
Trial 1168 finished with value: 0.3072096695579907 and parameters: {'window_influence': 0.3644210293244284, 'penalty_k': 0.21345752698598122, 'scale_lr': 0.2491785394635365}. Best is trial 374 with value: 0.3602400896382239.
checkpoint_e24 window_influence: 0.07647822780569097, penalty_k: 0.25962438373242608, scale_lr: 0.49316407235977622, EAO: 0.241
Trial 1169 finished with value: 0.24094638593697826 and parameters: {'window_influence': 0.07647822780569097, 'penalty_k': 0.2596243837324261, 'scale_lr': 0.4931640723597762}. Best is trial 374 with value: 0.3602400896382239.
checkpoint_e24 window_influence: 0.46986039874877200, penalty_k: 0.28866897853690310, scale_lr: 0.55408950993368000, EAO: 0.319
Trial 1170 finished with value: 0.31890848284797446 and parameters: {'window_influence': 0.469860398748772, 'penalty_k': 0.2886689785369031, 'scale_lr': 0.55408950993368}. Best is trial 374 with value: 0.3602400896382239.
checkpoint_e24 window_influence: 0.44032374507666100, penalty_k: 0.08033734437345202, scale_lr: 0.16645757960439195, EAO: 0.315
Trial 1171 finished with value: 0.31520151210666164 and parameters: {'window_influence': 0.440323745076661, 'penalty_k': 0.08033734437345202, 'scale_lr': 0.16645757960439195}. Best is trial 374 with value: 0.3602400896382239.
checkpoint_e24 window_influence: 0.40880395934775160, penalty_k: 0.27096282189483656, scale_lr: 0.42154687083554565, EAO: 0.320
Trial 1172 finished with value: 0.3203654168644768 and parameters: {'window_influence': 0.4088039593477516, 'penalty_k': 0.27096282189483656, 'scale_lr': 0.42154687083554565}. Best is trial 374 with value: 0.3602400896382239.
checkpoint_e24 window_influence: 0.49993858226285542, penalty_k: 0.14188910525084245, scale_lr: 0.45951563863127076, EAO: 0.341
Trial 1173 finished with value: 0.34093497652951843 and parameters: {'window_influence': 0.4999385822628554, 'penalty_k': 0.14188910525084245, 'scale_lr': 0.45951563863127076}. Best is trial 374 with value: 0.3602400896382239.
checkpoint_e24 window_influence: 0.64148855127914095, penalty_k: 0.38843844523891075, scale_lr: 0.34627883498939560, EAO: 0.232
Trial 1174 finished with value: 0.23231999187617913 and parameters: {'window_influence': 0.641488551279141, 'penalty_k': 0.38843844523891075, 'scale_lr': 0.3462788349893956}. Best is trial 374 with value: 0.3602400896382239.
checkpoint_e24 window_influence: 0.45759941124972064, penalty_k: 0.54174868389394204, scale_lr: 0.53045152890423164, EAO: 0.321
Trial 1175 finished with value: 0.320639388976394 and parameters: {'window_influence': 0.45759941124972064, 'penalty_k': 0.541748683893942, 'scale_lr': 0.5304515289042316}. Best is trial 374 with value: 0.3602400896382239.
checkpoint_e24 window_influence: 0.49218073164682452, penalty_k: 0.48626107379050215, scale_lr: 0.50963855217570164, EAO: 0.308
Trial 1176 finished with value: 0.3080220351191346 and parameters: {'window_influence': 0.4921807316468245, 'penalty_k': 0.48626107379050215, 'scale_lr': 0.5096385521757016}. Best is trial 374 with value: 0.3602400896382239.
checkpoint_e24 window_influence: 0.58806907430759203, penalty_k: 0.33034346773399259, scale_lr: 0.61899015343058250, EAO: 0.255
Trial 1177 finished with value: 0.2547461359765279 and parameters: {'window_influence': 0.588069074307592, 'penalty_k': 0.3303434677339926, 'scale_lr': 0.6189901534305825}. Best is trial 374 with value: 0.3602400896382239.
checkpoint_e24 window_influence: 0.47438324526442482, penalty_k: 0.19145041076948821, scale_lr: 0.29336276705807107, EAO: 0.326
Trial 1178 finished with value: 0.3260505783882586 and parameters: {'window_influence': 0.4743832452644248, 'penalty_k': 0.1914504107694882, 'scale_lr': 0.29336276705807107}. Best is trial 374 with value: 0.3602400896382239.
checkpoint_e24 window_influence: 0.51292665803917925, penalty_k: 0.44559627940908481, scale_lr: 0.27517618055077048, EAO: 0.301
Trial 1179 finished with value: 0.30123221178462994 and parameters: {'window_influence': 0.5129266580391793, 'penalty_k': 0.4455962794090848, 'scale_lr': 0.2751761805507705}. Best is trial 374 with value: 0.3602400896382239.
checkpoint_e24 window_influence: 0.44926190793017229, penalty_k: 0.04715321299756930, scale_lr: 0.12956253149934066, EAO: 0.316
Trial 1180 finished with value: 0.3163053275662174 and parameters: {'window_influence': 0.4492619079301723, 'penalty_k': 0.047153212997569305, 'scale_lr': 0.12956253149934066}. Best is trial 374 with value: 0.3602400896382239.
checkpoint_e24 window_influence: 0.42430939985510030, penalty_k: 0.16198924444039289, scale_lr: 0.60174138790659126, EAO: 0.330
Trial 1181 finished with value: 0.32985893193385946 and parameters: {'window_influence': 0.4243093998551003, 'penalty_k': 0.1619892444403929, 'scale_lr': 0.6017413879065913}. Best is trial 374 with value: 0.3602400896382239.
checkpoint_e24 window_influence: 0.26148284706113856, penalty_k: 0.56836739408843739, scale_lr: 0.58203180563184487, EAO: 0.302
Trial 1182 finished with value: 0.3016834525166782 and parameters: {'window_influence': 0.26148284706113856, 'penalty_k': 0.5683673940884374, 'scale_lr': 0.5820318056318449}. Best is trial 374 with value: 0.3602400896382239.
checkpoint_e24 window_influence: 0.48455483096413654, penalty_k: 0.06361733053039709, scale_lr: 0.38175950062233088, EAO: 0.324
Trial 1183 finished with value: 0.3238022058390458 and parameters: {'window_influence': 0.48455483096413654, 'penalty_k': 0.06361733053039709, 'scale_lr': 0.3817595006223309}. Best is trial 374 with value: 0.3602400896382239.
checkpoint_e24 window_influence: 0.18122697339935592, penalty_k: 0.10793105471992490, scale_lr: 0.65816602935972168, EAO: 0.283
Trial 1184 finished with value: 0.28341191728755194 and parameters: {'window_influence': 0.18122697339935592, 'penalty_k': 0.1079310547199249, 'scale_lr': 0.6581660293597217}. Best is trial 374 with value: 0.3602400896382239.
checkpoint_e24 window_influence: 0.46829855747974863, penalty_k: 0.46304779288157599, scale_lr: 0.51855620311628359, EAO: 0.332
Trial 1185 finished with value: 0.3316886372835256 and parameters: {'window_influence': 0.46829855747974863, 'penalty_k': 0.463047792881576, 'scale_lr': 0.5185562031162836}. Best is trial 374 with value: 0.3602400896382239.
checkpoint_e24 window_influence: 0.25550211707305415, penalty_k: 0.23433393208118986, scale_lr: 0.47675872814664433, EAO: 0.308
Trial 1186 finished with value: 0.3081710221470562 and parameters: {'window_influence': 0.25550211707305415, 'penalty_k': 0.23433393208118986, 'scale_lr': 0.47675872814664433}. Best is trial 374 with value: 0.3602400896382239.
checkpoint_e24 window_influence: 0.43786664360427024, penalty_k: 0.20701173445421045, scale_lr: 0.50078879287875100, EAO: 0.322
Trial 1187 finished with value: 0.32208859427661746 and parameters: {'window_influence': 0.43786664360427024, 'penalty_k': 0.20701173445421045, 'scale_lr': 0.500788792878751}. Best is trial 374 with value: 0.3602400896382239.
checkpoint_e24 window_influence: 0.46059695589864952, penalty_k: 0.31868285644475985, scale_lr: 0.54829782447348052, EAO: 0.330
Trial 1188 finished with value: 0.32987689374717755 and parameters: {'window_influence': 0.4605969558986495, 'penalty_k': 0.31868285644475985, 'scale_lr': 0.5482978244734805}. Best is trial 374 with value: 0.3602400896382239.
checkpoint_e24 window_influence: 0.54068106743946176, penalty_k: 0.12434297253069350, scale_lr: 0.44843830878941893, EAO: 0.293
Trial 1189 finished with value: 0.292571716677354 and parameters: {'window_influence': 0.5406810674394618, 'penalty_k': 0.1243429725306935, 'scale_lr': 0.4484383087894189}. Best is trial 374 with value: 0.3602400896382239.
checkpoint_e24 window_influence: 0.49808387734633686, penalty_k: 0.58189547394626218, scale_lr: 0.40386942084733918, EAO: 0.292
Trial 1190 finished with value: 0.29227513214029693 and parameters: {'window_influence': 0.49808387734633686, 'penalty_k': 0.5818954739462622, 'scale_lr': 0.4038694208473392}. Best is trial 374 with value: 0.3602400896382239.
checkpoint_e24 window_influence: 0.48066547102311086, penalty_k: 0.25149680864482760, scale_lr: 0.33904041855893519, EAO: 0.326
Trial 1191 finished with value: 0.32614847600228125 and parameters: {'window_influence': 0.48066547102311086, 'penalty_k': 0.2514968086448276, 'scale_lr': 0.3390404185589352}. Best is trial 374 with value: 0.3602400896382239.
checkpoint_e24 window_influence: 0.28480975126815278, penalty_k: 0.09145311976519539, scale_lr: 0.48894040842630559, EAO: 0.322
Trial 1192 finished with value: 0.3222972139542205 and parameters: {'window_influence': 0.2848097512681528, 'penalty_k': 0.09145311976519539, 'scale_lr': 0.4889404084263056}. Best is trial 374 with value: 0.3602400896382239.
checkpoint_e24 window_influence: 0.51579866387309659, penalty_k: 0.17870110625485988, scale_lr: 0.23952687008944204, EAO: 0.323
Trial 1193 finished with value: 0.3230730430277405 and parameters: {'window_influence': 0.5157986638730966, 'penalty_k': 0.17870110625485988, 'scale_lr': 0.23952687008944204}. Best is trial 374 with value: 0.3602400896382239.
checkpoint_e24 window_influence: 0.44637637711484768, penalty_k: 0.37804573886989179, scale_lr: 0.56938732884601295, EAO: 0.329
Trial 1194 finished with value: 0.32856694310323736 and parameters: {'window_influence': 0.4463763771148477, 'penalty_k': 0.3780457388698918, 'scale_lr': 0.569387328846013}. Best is trial 374 with value: 0.3602400896382239.
checkpoint_e24 window_influence: 0.46836847545406646, penalty_k: 0.36099646921437389, scale_lr: 0.52708267258769759, EAO: 0.299
Trial 1195 finished with value: 0.2994308977275507 and parameters: {'window_influence': 0.46836847545406646, 'penalty_k': 0.3609964692143739, 'scale_lr': 0.5270826725876976}. Best is trial 374 with value: 0.3602400896382239.
checkpoint_e24 window_influence: 0.37579009232238236, penalty_k: 0.43061331740900938, scale_lr: 0.53212649537088696, EAO: 0.302
