Trial 2653 finished with value: 0.323388413522494 and parameters: {'window_influence': 0.5038052448486529, 'penalty_k': 0.010917399840215695, 'scale_lr': 0.2540617075728968}. Best is trial 1270 with value: 0.3623636909959845.
checkpoint_e22 window_influence: 0.48190339990414965, penalty_k: 0.17449906984108257, scale_lr: 0.48237846644601701, EAO: 0.316
Trial 2654 finished with value: 0.3163863057524314 and parameters: {'window_influence': 0.48190339990414965, 'penalty_k': 0.17449906984108257, 'scale_lr': 0.482378466446017}. Best is trial 1270 with value: 0.3623636909959845.
checkpoint_e22 window_influence: 0.09233833880389725, penalty_k: 0.06002977763295116, scale_lr: 0.45796115573495128, EAO: 0.254
Trial 2655 finished with value: 0.2538235213622045 and parameters: {'window_influence': 0.09233833880389725, 'penalty_k': 0.060029777632951156, 'scale_lr': 0.4579611557349513}. Best is trial 1270 with value: 0.3623636909959845.
checkpoint_e22 window_influence: 0.53869329370024377, penalty_k: 0.48289252120581372, scale_lr: 0.62017580447804210, EAO: 0.272
Trial 2656 finished with value: 0.27222212969329107 and parameters: {'window_influence': 0.5386932937002438, 'penalty_k': 0.4828925212058137, 'scale_lr': 0.6201758044780421}. Best is trial 1270 with value: 0.3623636909959845.
checkpoint_e22 window_influence: 0.46027992274393831, penalty_k: 0.23873226856076338, scale_lr: 0.77530840774738374, EAO: 0.319
Trial 2657 finished with value: 0.3188671194277849 and parameters: {'window_influence': 0.4602799227439383, 'penalty_k': 0.23873226856076338, 'scale_lr': 0.7753084077473837}. Best is trial 1270 with value: 0.3623636909959845.
checkpoint_e22 window_influence: 0.34883088720591732, penalty_k: 0.00009373919321860, scale_lr: 0.58308639837418974, EAO: 0.322
Trial 2658 finished with value: 0.3218881488426186 and parameters: {'window_influence': 0.3488308872059173, 'penalty_k': 9.373919321860325e-05, 'scale_lr': 0.5830863983741897}. Best is trial 1270 with value: 0.3623636909959845.
checkpoint_e22 window_influence: 0.49249713077959717, penalty_k: 0.03767334454144809, scale_lr: 0.66582480221439555, EAO: 0.296
Trial 2659 finished with value: 0.2957893220367135 and parameters: {'window_influence': 0.49249713077959717, 'penalty_k': 0.03767334454144809, 'scale_lr': 0.6658248022143956}. Best is trial 1270 with value: 0.3623636909959845.
checkpoint_e22 window_influence: 0.20453366191874328, penalty_k: 0.59968755827462683, scale_lr: 0.23572076720940727, EAO: 0.256
Trial 2660 finished with value: 0.255605068478139 and parameters: {'window_influence': 0.20453366191874328, 'penalty_k': 0.5996875582746268, 'scale_lr': 0.23572076720940727}. Best is trial 1270 with value: 0.3623636909959845.
checkpoint_e22 window_influence: 0.51547228944421120, penalty_k: 0.02654818269698767, scale_lr: 0.72102916604875023, EAO: 0.326
Trial 2661 finished with value: 0.3263345152023701 and parameters: {'window_influence': 0.5154722894442112, 'penalty_k': 0.026548182696987672, 'scale_lr': 0.7210291660487502}. Best is trial 1270 with value: 0.3623636909959845.
checkpoint_e22 window_influence: 0.57745757545438381, penalty_k: 0.04977625372498520, scale_lr: 0.70447447650004924, EAO: 0.269
Trial 2662 finished with value: 0.26857994792526335 and parameters: {'window_influence': 0.5774575754543838, 'penalty_k': 0.049776253724985196, 'scale_lr': 0.7044744765000492}. Best is trial 1270 with value: 0.3623636909959845.
checkpoint_e22 window_influence: 0.61664550886731861, penalty_k: 0.01146605713665888, scale_lr: 0.50967937631072635, EAO: 0.253
Trial 2663 finished with value: 0.25255293871642087 and parameters: {'window_influence': 0.6166455088673186, 'penalty_k': 0.011466057136658882, 'scale_lr': 0.5096793763107264}. Best is trial 1270 with value: 0.3623636909959845.
checkpoint_e22 window_influence: 0.56928102268321212, penalty_k: 0.02012615242585555, scale_lr: 0.54861029856019849, EAO: 0.287
Trial 2664 finished with value: 0.28662827842894234 and parameters: {'window_influence': 0.5692810226832121, 'penalty_k': 0.020126152425855554, 'scale_lr': 0.5486102985601985}. Best is trial 1270 with value: 0.3623636909959845.
checkpoint_e22 window_influence: 0.37300788700734566, penalty_k: 0.25178804481735534, scale_lr: 0.27604357746387403, EAO: 0.302
Trial 2665 finished with value: 0.3021280317338988 and parameters: {'window_influence': 0.37300788700734566, 'penalty_k': 0.25178804481735534, 'scale_lr': 0.27604357746387403}. Best is trial 1270 with value: 0.3623636909959845.
checkpoint_e22 window_influence: 0.47502220940146717, penalty_k: 0.00077106631426957, scale_lr: 0.73459672719857527, EAO: 0.293
Trial 2666 finished with value: 0.29317765540881846 and parameters: {'window_influence': 0.47502220940146717, 'penalty_k': 0.000771066314269571, 'scale_lr': 0.7345967271985753}. Best is trial 1270 with value: 0.3623636909959845.
checkpoint_e22 window_influence: 0.21381532044821905, penalty_k: 0.55868946722301760, scale_lr: 0.21246871910816406, EAO: 0.263
Trial 2667 finished with value: 0.2634090429845951 and parameters: {'window_influence': 0.21381532044821905, 'penalty_k': 0.5586894672230176, 'scale_lr': 0.21246871910816406}. Best is trial 1270 with value: 0.3623636909959845.
checkpoint_e22 window_influence: 0.07078029410494957, penalty_k: 0.31578505981959443, scale_lr: 0.56280874694049687, EAO: 0.247
Trial 2668 finished with value: 0.24687313094213315 and parameters: {'window_influence': 0.07078029410494957, 'penalty_k': 0.3157850598195944, 'scale_lr': 0.5628087469404969}. Best is trial 1270 with value: 0.3623636909959845.
checkpoint_e22 window_influence: 0.45114160321702695, penalty_k: 0.04547959433371023, scale_lr: 0.10573520637345890, EAO: 0.327
Trial 2669 finished with value: 0.3272829959132792 and parameters: {'window_influence': 0.45114160321702695, 'penalty_k': 0.04547959433371023, 'scale_lr': 0.1057352063734589}. Best is trial 1270 with value: 0.3623636909959845.
checkpoint_e22 window_influence: 0.30233731511807049, penalty_k: 0.26087702052148792, scale_lr: 0.60512075585214509, EAO: 0.283
Trial 2670 finished with value: 0.28340491269812973 and parameters: {'window_influence': 0.3023373151180705, 'penalty_k': 0.2608770205214879, 'scale_lr': 0.6051207558521451}. Best is trial 1270 with value: 0.3623636909959845.
checkpoint_e22 window_influence: 0.39193541234506912, penalty_k: 0.34387113080254139, scale_lr: 0.43655862441277088, EAO: 0.304
Trial 2671 finished with value: 0.30367410942506234 and parameters: {'window_influence': 0.3919354123450691, 'penalty_k': 0.3438711308025414, 'scale_lr': 0.4365586244127709}. Best is trial 1270 with value: 0.3623636909959845.
checkpoint_e22 window_influence: 0.46773109709453881, penalty_k: 0.15605533876001909, scale_lr: 0.75647921082229497, EAO: 0.327
Trial 2672 finished with value: 0.32698084825671603 and parameters: {'window_influence': 0.4677310970945388, 'penalty_k': 0.1560553387600191, 'scale_lr': 0.756479210822295}. Best is trial 1270 with value: 0.3623636909959845.
checkpoint_e22 window_influence: 0.48784443217286255, penalty_k: 0.06253350217114961, scale_lr: 0.63054717593780762, EAO: 0.325
Trial 2673 finished with value: 0.3249838253635377 and parameters: {'window_influence': 0.48784443217286255, 'penalty_k': 0.06253350217114961, 'scale_lr': 0.6305471759378076}. Best is trial 1270 with value: 0.3623636909959845.
checkpoint_e22 window_influence: 0.22772879290680845, penalty_k: 0.54434461046469251, scale_lr: 0.59228258726095595, EAO: 0.262
Trial 2674 finished with value: 0.26237619688538727 and parameters: {'window_influence': 0.22772879290680845, 'penalty_k': 0.5443446104646925, 'scale_lr': 0.592282587260956}. Best is trial 1270 with value: 0.3623636909959845.
checkpoint_e22 window_influence: 0.62742532231525294, penalty_k: 0.03538248727215601, scale_lr: 0.45849905085575193, EAO: 0.256
Trial 2675 finished with value: 0.2558386775770076 and parameters: {'window_influence': 0.6274253223152529, 'penalty_k': 0.03538248727215601, 'scale_lr': 0.45849905085575193}. Best is trial 1270 with value: 0.3623636909959845.
checkpoint_e22 window_influence: 0.50307571664097850, penalty_k: 0.01229497749077941, scale_lr: 0.49659093982910696, EAO: 0.331
Trial 2676 finished with value: 0.33062774429989233 and parameters: {'window_influence': 0.5030757166409785, 'penalty_k': 0.012294977490779405, 'scale_lr': 0.49659093982910696}. Best is trial 1270 with value: 0.3623636909959845.
checkpoint_e22 window_influence: 0.62810762901801409, penalty_k: 0.02806518099412135, scale_lr: 0.64308528855324731, EAO: 0.248
Trial 2677 finished with value: 0.24798906353892983 and parameters: {'window_influence': 0.6281076290180141, 'penalty_k': 0.02806518099412135, 'scale_lr': 0.6430852885532473}. Best is trial 1270 with value: 0.3623636909959845.
checkpoint_e22 window_influence: 0.47421453419487081, penalty_k: 0.32806367641335382, scale_lr: 0.20215671030542323, EAO: 0.317
Trial 2678 finished with value: 0.3169217826907273 and parameters: {'window_influence': 0.4742145341948708, 'penalty_k': 0.3280636764133538, 'scale_lr': 0.20215671030542323}. Best is trial 1270 with value: 0.3623636909959845.
checkpoint_e22 window_influence: 0.53033999174232704, penalty_k: 0.42562151898174932, scale_lr: 0.47715042103729743, EAO: 0.298
Trial 2679 finished with value: 0.29773270718550404 and parameters: {'window_influence': 0.530339991742327, 'penalty_k': 0.4256215189817493, 'scale_lr': 0.47715042103729743}. Best is trial 1270 with value: 0.3623636909959845.
checkpoint_e22 window_influence: 0.45880390023860251, penalty_k: 0.27102599838547531, scale_lr: 0.57583232878359603, EAO: 0.306
Trial 2680 finished with value: 0.30592481548452194 and parameters: {'window_influence': 0.4588039002386025, 'penalty_k': 0.2710259983854753, 'scale_lr': 0.575832328783596}. Best is trial 1270 with value: 0.3623636909959845.
checkpoint_e22 window_influence: 0.49490323357423399, penalty_k: 0.14232768636083562, scale_lr: 0.53097764164785677, EAO: 0.321
Trial 2681 finished with value: 0.32077958455113587 and parameters: {'window_influence': 0.494903233574234, 'penalty_k': 0.14232768636083562, 'scale_lr': 0.5309776416478568}. Best is trial 1270 with value: 0.3623636909959845.
checkpoint_e22 window_influence: 0.44237162115028378, penalty_k: 0.23726461133905649, scale_lr: 0.26311408048941259, EAO: 0.305
Trial 2682 finished with value: 0.3052160367079746 and parameters: {'window_influence': 0.4423716211502838, 'penalty_k': 0.2372646113390565, 'scale_lr': 0.2631140804894126}. Best is trial 1270 with value: 0.3623636909959845.
checkpoint_e22 window_influence: 0.23644985322978096, penalty_k: 0.24679730974882486, scale_lr: 0.75057861808076387, EAO: 0.271
Trial 2683 finished with value: 0.27107690906710197 and parameters: {'window_influence': 0.23644985322978096, 'penalty_k': 0.24679730974882486, 'scale_lr': 0.7505786180807639}. Best is trial 1270 with value: 0.3623636909959845.
checkpoint_e22 window_influence: 0.47934548520680592, penalty_k: 0.07110836918334555, scale_lr: 0.40860905348423127, EAO: 0.311
Trial 2684 finished with value: 0.31118725727272406 and parameters: {'window_influence': 0.4793454852068059, 'penalty_k': 0.07110836918334555, 'scale_lr': 0.40860905348423127}. Best is trial 1270 with value: 0.3623636909959845.
checkpoint_e22 window_influence: 0.51321354317033219, penalty_k: 0.01179068075299439, scale_lr: 0.61171089125239264, EAO: 0.334
Trial 2685 finished with value: 0.3337293578029143 and parameters: {'window_influence': 0.5132135431703322, 'penalty_k': 0.011790680752994389, 'scale_lr': 0.6117108912523926}. Best is trial 1270 with value: 0.3623636909959845.
checkpoint_e22 window_influence: 0.55538899854783708, penalty_k: 0.27440861726807925, scale_lr: 0.65715871375704193, EAO: 0.270
Trial 2686 finished with value: 0.2696159953968998 and parameters: {'window_influence': 0.5553889985478371, 'penalty_k': 0.27440861726807925, 'scale_lr': 0.6571587137570419}. Best is trial 1270 with value: 0.3623636909959845.
checkpoint_e22 window_influence: 0.46529694818136963, penalty_k: 0.17281094729540641, scale_lr: 0.69582041998981903, EAO: 0.325
Trial 2687 finished with value: 0.32516460578729206 and parameters: {'window_influence': 0.46529694818136963, 'penalty_k': 0.17281094729540641, 'scale_lr': 0.695820419989819}. Best is trial 1270 with value: 0.3623636909959845.
checkpoint_e22 window_influence: 0.34433505558630406, penalty_k: 0.34724311768893878, scale_lr: 0.24617430785926647, EAO: 0.291
Trial 2688 finished with value: 0.29077394295063463 and parameters: {'window_influence': 0.34433505558630406, 'penalty_k': 0.3472431176889388, 'scale_lr': 0.24617430785926647}. Best is trial 1270 with value: 0.3623636909959845.
checkpoint_e22 window_influence: 0.48948150876955565, penalty_k: 0.20114564284842273, scale_lr: 0.28965024084979668, EAO: 0.318
Trial 2689 finished with value: 0.31758664067153336 and parameters: {'window_influence': 0.48948150876955565, 'penalty_k': 0.20114564284842273, 'scale_lr': 0.2896502408497967}. Best is trial 1270 with value: 0.3623636909959845.
checkpoint_e22 window_influence: 0.44950535612248560, penalty_k: 0.44673471050038172, scale_lr: 0.44667581330922118, EAO: 0.302
Trial 2690 finished with value: 0.30202137820915487 and parameters: {'window_influence': 0.4495053561224856, 'penalty_k': 0.4467347105003817, 'scale_lr': 0.4466758133092212}. Best is trial 1270 with value: 0.3623636909959845.
checkpoint_e22 window_influence: 0.47740665819003847, penalty_k: 0.49253829360511697, scale_lr: 0.42198395144101813, EAO: 0.291
Trial 2691 finished with value: 0.29074518921774184 and parameters: {'window_influence': 0.47740665819003847, 'penalty_k': 0.492538293605117, 'scale_lr': 0.42198395144101813}. Best is trial 1270 with value: 0.3623636909959845.
checkpoint_e22 window_influence: 0.50116163098607514, penalty_k: 0.00079813157432171, scale_lr: 0.28224385729359286, EAO: 0.350
Trial 2692 finished with value: 0.3496124205190384 and parameters: {'window_influence': 0.5011616309860751, 'penalty_k': 0.0007981315743217096, 'scale_lr': 0.28224385729359286}. Best is trial 1270 with value: 0.3623636909959845.
checkpoint_e22 window_influence: 0.18017760036492564, penalty_k: 0.05273344753037748, scale_lr: 0.78505340169764048, EAO: 0.265
Trial 2693 finished with value: 0.2649653439159987 and parameters: {'window_influence': 0.18017760036492564, 'penalty_k': 0.05273344753037748, 'scale_lr': 0.7850534016976405}. Best is trial 1270 with value: 0.3623636909959845.
checkpoint_e22 window_influence: 0.08343188799956180, penalty_k: 0.02572561124676089, scale_lr: 0.79863675319575400, EAO: 0.243
Trial 2694 finished with value: 0.24341751559699093 and parameters: {'window_influence': 0.0834318879995618, 'penalty_k': 0.025725611246760892, 'scale_lr': 0.798636753195754}. Best is trial 1270 with value: 0.3623636909959845.
checkpoint_e22 window_influence: 0.46094255491892694, penalty_k: 0.04257754394764809, scale_lr: 0.50874770601987140, EAO: 0.343
Trial 2695 finished with value: 0.34343269247025365 and parameters: {'window_influence': 0.46094255491892694, 'penalty_k': 0.04257754394764809, 'scale_lr': 0.5087477060198714}. Best is trial 1270 with value: 0.3623636909959845.
checkpoint_e22 window_influence: 0.48523322269305802, penalty_k: 0.23224605596762302, scale_lr: 0.14205699672811922, EAO: 0.290
Trial 2696 finished with value: 0.28960821577547124 and parameters: {'window_influence': 0.485233222693058, 'penalty_k': 0.23224605596762302, 'scale_lr': 0.14205699672811922}. Best is trial 1270 with value: 0.3623636909959845.
checkpoint_e22 window_influence: 0.47015844303617427, penalty_k: 0.55335562040839115, scale_lr: 0.46312183563414511, EAO: 0.278
Trial 2697 finished with value: 0.2784341348168451 and parameters: {'window_influence': 0.47015844303617427, 'penalty_k': 0.5533556204083911, 'scale_lr': 0.4631218356341451}. Best is trial 1270 with value: 0.3623636909959845.
checkpoint_e22 window_influence: 0.07801460099661744, penalty_k: 0.56462458561683482, scale_lr: 0.62252407782233521, EAO: 0.202
Trial 2698 finished with value: 0.20239588595086033 and parameters: {'window_influence': 0.07801460099661744, 'penalty_k': 0.5646245856168348, 'scale_lr': 0.6225240778223352}. Best is trial 1270 with value: 0.3623636909959845.
checkpoint_e22 window_influence: 0.50894962537354138, penalty_k: 0.47451327259849829, scale_lr: 0.54474311354001759, EAO: 0.288
Trial 2699 finished with value: 0.2877176913074018 and parameters: {'window_influence': 0.5089496253735414, 'penalty_k': 0.4745132725984983, 'scale_lr': 0.5447431135400176}. Best is trial 1270 with value: 0.3623636909959845.
checkpoint_e22 window_influence: 0.29224646290824230, penalty_k: 0.00003332824931935, scale_lr: 0.48820894611456689, EAO: 0.298
Trial 2700 finished with value: 0.2983776163962101 and parameters: {'window_influence': 0.2922464629082423, 'penalty_k': 3.332824931935423e-05, 'scale_lr': 0.4882089461145669}. Best is trial 1270 with value: 0.3623636909959845.
checkpoint_e22 window_influence: 0.44329021874022817, penalty_k: 0.52650253083813192, scale_lr: 0.59803532316997332, EAO: 0.284
Trial 2701 finished with value: 0.28364693080636777 and parameters: {'window_influence': 0.44329021874022817, 'penalty_k': 0.5265025308381319, 'scale_lr': 0.5980353231699733}. Best is trial 1270 with value: 0.3623636909959845.
checkpoint_e22 window_influence: 0.49326741552072934, penalty_k: 0.50266905825655595, scale_lr: 0.67855829950947855, EAO: 0.287
Trial 2702 finished with value: 0.28694532301407377 and parameters: {'window_influence': 0.49326741552072934, 'penalty_k': 0.502669058256556, 'scale_lr': 0.6785582995094785}. Best is trial 1270 with value: 0.3623636909959845.
checkpoint_e22 window_influence: 0.46017227629853941, penalty_k: 0.00016208900665144, scale_lr: 0.23529193872772772, EAO: 0.315
Trial 2703 finished with value: 0.3150766578861712 and parameters: {'window_influence': 0.4601722762985394, 'penalty_k': 0.00016208900665143878, 'scale_lr': 0.23529193872772772}. Best is trial 1270 with value: 0.3623636909959845.
checkpoint_e22 window_influence: 0.35438289459240563, penalty_k: 0.27958875077449913, scale_lr: 0.71889424686942149, EAO: 0.300
Trial 2704 finished with value: 0.30029795855167773 and parameters: {'window_influence': 0.35438289459240563, 'penalty_k': 0.27958875077449913, 'scale_lr': 0.7188942468694215}. Best is trial 1270 with value: 0.3623636909959845.
checkpoint_e22 window_influence: 0.11983655152635070, penalty_k: 0.01450332853293229, scale_lr: 0.52802151402497011, EAO: 0.254
Trial 2705 finished with value: 0.25393984516075147 and parameters: {'window_influence': 0.1198365515263507, 'penalty_k': 0.014503328532932295, 'scale_lr': 0.5280215140249701}. Best is trial 1270 with value: 0.3623636909959845.
checkpoint_e22 window_influence: 0.47525721621900474, penalty_k: 0.29962307191476228, scale_lr: 0.26908550695526556, EAO: 0.316
Trial 2706 finished with value: 0.31626862699187686 and parameters: {'window_influence': 0.47525721621900474, 'penalty_k': 0.2996230719147623, 'scale_lr': 0.26908550695526556}. Best is trial 1270 with value: 0.3623636909959845.
checkpoint_e22 window_influence: 0.36800847296796030, penalty_k: 0.22097898866507668, scale_lr: 0.55855268270638792, EAO: 0.311
Trial 2707 finished with value: 0.3110635798960808 and parameters: {'window_influence': 0.3680084729679603, 'penalty_k': 0.22097898866507668, 'scale_lr': 0.5585526827063879}. Best is trial 1270 with value: 0.3623636909959845.
checkpoint_e22 window_influence: 0.52551527953432497, penalty_k: 0.14747565334743279, scale_lr: 0.57926961580988123, EAO: 0.303
Trial 2708 finished with value: 0.30277716417720807 and parameters: {'window_influence': 0.525515279534325, 'penalty_k': 0.1474756533474328, 'scale_lr': 0.5792696158098812}. Best is trial 1270 with value: 0.3623636909959845.
checkpoint_e22 window_influence: 0.48222952185058920, penalty_k: 0.07923284724167559, scale_lr: 0.43496222529189354, EAO: 0.329
Trial 2709 finished with value: 0.32912360740542873 and parameters: {'window_influence': 0.4822295218505892, 'penalty_k': 0.07923284724167559, 'scale_lr': 0.43496222529189354}. Best is trial 1270 with value: 0.3623636909959845.
checkpoint_e22 window_influence: 0.45293388468802254, penalty_k: 0.26904844439412579, scale_lr: 0.47420179923147904, EAO: 0.314
Trial 2710 finished with value: 0.3142416195414873 and parameters: {'window_influence': 0.45293388468802254, 'penalty_k': 0.2690484443941258, 'scale_lr': 0.47420179923147904}. Best is trial 1270 with value: 0.3623636909959845.
checkpoint_e22 window_influence: 0.49882107547877835, penalty_k: 0.31512237136006077, scale_lr: 0.50008673268616743, EAO: 0.287
Trial 2711 finished with value: 0.2866113972687072 and parameters: {'window_influence': 0.49882107547877835, 'penalty_k': 0.31512237136006077, 'scale_lr': 0.5000867326861674}. Best is trial 1270 with value: 0.3623636909959845.
checkpoint_e22 window_influence: 0.06576402416423166, penalty_k: 0.02065940794722738, scale_lr: 0.61344556453008670, EAO: 0.263
Trial 2712 finished with value: 0.26333396235328704 and parameters: {'window_influence': 0.06576402416423166, 'penalty_k': 0.020659407947227384, 'scale_lr': 0.6134455645300867}. Best is trial 1270 with value: 0.3623636909959845.
checkpoint_e22 window_influence: 0.14215219408911861, penalty_k: 0.32759304600937611, scale_lr: 0.64513097163956523, EAO: 0.250
Trial 2713 finished with value: 0.25004620073138506 and parameters: {'window_influence': 0.1421521940891186, 'penalty_k': 0.3275930460093761, 'scale_lr': 0.6451309716395652}. Best is trial 1270 with value: 0.3623636909959845.
checkpoint_e22 window_influence: 0.46989685048419089, penalty_k: 0.06131333768833742, scale_lr: 0.70622885628490961, EAO: 0.321
