Trial 738 finished with value: 0.2740048424047255 and parameters: {'window_influence': 0.5866544306423803, 'penalty_k': 1.8320896044300011e-06, 'scale_lr': 0.4483490146832071}. Best is trial 445 with value: 0.3694567781246126.
checkpoint_e16 window_influence: 0.32032211241119068, penalty_k: 0.02253013504135220, scale_lr: 0.42791757843851858, EAO: 0.313
Trial 739 finished with value: 0.31255840472442165 and parameters: {'window_influence': 0.3203221124111907, 'penalty_k': 0.022530135041352203, 'scale_lr': 0.4279175784385186}. Best is trial 445 with value: 0.3694567781246126.
checkpoint_e16 window_influence: 0.45528926642638584, penalty_k: 0.58568675300548867, scale_lr: 0.39002827654455346, EAO: 0.294
Trial 740 finished with value: 0.294329582659187 and parameters: {'window_influence': 0.45528926642638584, 'penalty_k': 0.5856867530054887, 'scale_lr': 0.39002827654455346}. Best is trial 445 with value: 0.3694567781246126.
checkpoint_e16 window_influence: 0.07838416589788039, penalty_k: 0.35530903588839657, scale_lr: 0.16859901684055001, EAO: 0.252
Trial 741 finished with value: 0.2519261845702791 and parameters: {'window_influence': 0.07838416589788039, 'penalty_k': 0.3553090358883966, 'scale_lr': 0.16859901684055}. Best is trial 445 with value: 0.3694567781246126.
checkpoint_e16 window_influence: 0.43861846156664652, penalty_k: 0.03610622848450774, scale_lr: 0.43884793881858980, EAO: 0.352
Trial 742 finished with value: 0.35197865058475897 and parameters: {'window_influence': 0.4386184615666465, 'penalty_k': 0.036106228484507744, 'scale_lr': 0.4388479388185898}. Best is trial 445 with value: 0.3694567781246126.
checkpoint_e16 window_influence: 0.43830761376161559, penalty_k: 0.37713475715606215, scale_lr: 0.45627514155010412, EAO: 0.309
Trial 743 finished with value: 0.30901548034486137 and parameters: {'window_influence': 0.4383076137616156, 'penalty_k': 0.37713475715606215, 'scale_lr': 0.4562751415501041}. Best is trial 445 with value: 0.3694567781246126.
checkpoint_e16 window_influence: 0.43028223165011314, penalty_k: 0.05520373804562451, scale_lr: 0.44040435921872739, EAO: 0.333
Trial 744 finished with value: 0.3331076334654589 and parameters: {'window_influence': 0.43028223165011314, 'penalty_k': 0.05520373804562451, 'scale_lr': 0.4404043592187274}. Best is trial 445 with value: 0.3694567781246126.
checkpoint_e16 window_influence: 0.45070075369951784, penalty_k: 0.26936941441296558, scale_lr: 0.46171479105386548, EAO: 0.304
Trial 745 finished with value: 0.3043612157092484 and parameters: {'window_influence': 0.45070075369951784, 'penalty_k': 0.2693694144129656, 'scale_lr': 0.4617147910538655}. Best is trial 445 with value: 0.3694567781246126.
checkpoint_e16 window_influence: 0.47443770802899898, penalty_k: 0.04240892216568348, scale_lr: 0.43628738556640517, EAO: 0.322
Trial 746 finished with value: 0.32187060229045406 and parameters: {'window_influence': 0.474437708028999, 'penalty_k': 0.042408922165683476, 'scale_lr': 0.4362873855664052}. Best is trial 445 with value: 0.3694567781246126.
checkpoint_e16 window_influence: 0.41746474257162913, penalty_k: 0.56911841022191156, scale_lr: 0.44956628261579773, EAO: 0.307
Trial 747 finished with value: 0.30709467480386743 and parameters: {'window_influence': 0.41746474257162913, 'penalty_k': 0.5691184102219116, 'scale_lr': 0.44956628261579773}. Best is trial 445 with value: 0.3694567781246126.
checkpoint_e16 window_influence: 0.46169959686850404, penalty_k: 0.07029490457037470, scale_lr: 0.46518306145937777, EAO: 0.324
Trial 748 finished with value: 0.3240428804655483 and parameters: {'window_influence': 0.46169959686850404, 'penalty_k': 0.0702949045703747, 'scale_lr': 0.46518306145937777}. Best is trial 445 with value: 0.3694567781246126.
checkpoint_e16 window_influence: 0.24832720415943771, penalty_k: 0.03446599324133837, scale_lr: 0.42446649503351802, EAO: 0.290
Trial 749 finished with value: 0.2902322659696586 and parameters: {'window_influence': 0.2483272041594377, 'penalty_k': 0.034465993241338366, 'scale_lr': 0.424466495033518}. Best is trial 445 with value: 0.3694567781246126.
checkpoint_e16 window_influence: 0.12812626846433842, penalty_k: 0.28160922710550551, scale_lr: 0.57489646759192237, EAO: 0.257
Trial 750 finished with value: 0.2570389372945296 and parameters: {'window_influence': 0.12812626846433842, 'penalty_k': 0.2816092271055055, 'scale_lr': 0.5748964675919224}. Best is trial 445 with value: 0.3694567781246126.
checkpoint_e16 window_influence: 0.09342159019243146, penalty_k: 0.10277453036434135, scale_lr: 0.58773901523530248, EAO: 0.260
Trial 751 finished with value: 0.2604478039282305 and parameters: {'window_influence': 0.09342159019243146, 'penalty_k': 0.10277453036434135, 'scale_lr': 0.5877390152353025}. Best is trial 445 with value: 0.3694567781246126.
checkpoint_e16 window_influence: 0.25878965167472756, penalty_k: 0.04945823168296365, scale_lr: 0.44444361651570141, EAO: 0.296
Trial 752 finished with value: 0.29579394412179866 and parameters: {'window_influence': 0.25878965167472756, 'penalty_k': 0.04945823168296365, 'scale_lr': 0.4444436165157014}. Best is trial 445 with value: 0.3694567781246126.
checkpoint_e16 window_influence: 0.44506464799251633, penalty_k: 0.06483752235936349, scale_lr: 0.74755947536423628, EAO: 0.323
Trial 753 finished with value: 0.32272550585436915 and parameters: {'window_influence': 0.4450646479925163, 'penalty_k': 0.06483752235936349, 'scale_lr': 0.7475594753642363}. Best is trial 445 with value: 0.3694567781246126.
checkpoint_e16 window_influence: 0.47830450093517446, penalty_k: 0.03337441085331121, scale_lr: 0.47194739422217041, EAO: 0.328
Trial 754 finished with value: 0.3283146536883677 and parameters: {'window_influence': 0.47830450093517446, 'penalty_k': 0.03337441085331121, 'scale_lr': 0.4719473942221704}. Best is trial 445 with value: 0.3694567781246126.
checkpoint_e16 window_influence: 0.15949173228378252, penalty_k: 0.01066616553900205, scale_lr: 0.55985973443332937, EAO: 0.280
Trial 755 finished with value: 0.27964800642622123 and parameters: {'window_influence': 0.15949173228378252, 'penalty_k': 0.010666165539002046, 'scale_lr': 0.5598597344333294}. Best is trial 445 with value: 0.3694567781246126.
checkpoint_e16 window_influence: 0.37573853918234423, penalty_k: 0.07812697443949634, scale_lr: 0.20187958169014872, EAO: 0.311
Trial 756 finished with value: 0.3112390523174857 and parameters: {'window_influence': 0.37573853918234423, 'penalty_k': 0.07812697443949634, 'scale_lr': 0.20187958169014872}. Best is trial 445 with value: 0.3694567781246126.
checkpoint_e16 window_influence: 0.49355690079479625, penalty_k: 0.50833655299224945, scale_lr: 0.78456519747510267, EAO: 0.270
Trial 757 finished with value: 0.27024164042120313 and parameters: {'window_influence': 0.49355690079479625, 'penalty_k': 0.5083365529922494, 'scale_lr': 0.7845651974751027}. Best is trial 445 with value: 0.3694567781246126.
checkpoint_e16 window_influence: 0.46713648475083769, penalty_k: 0.04291853827713710, scale_lr: 0.11236325080655124, EAO: 0.313
Trial 758 finished with value: 0.3133270684847108 and parameters: {'window_influence': 0.4671364847508377, 'penalty_k': 0.042918538277137104, 'scale_lr': 0.11236325080655124}. Best is trial 445 with value: 0.3694567781246126.
checkpoint_e16 window_influence: 0.39721470047608554, penalty_k: 0.40674448249137235, scale_lr: 0.75258389530247571, EAO: 0.309
Trial 759 finished with value: 0.3093384827273365 and parameters: {'window_influence': 0.39721470047608554, 'penalty_k': 0.40674448249137235, 'scale_lr': 0.7525838953024757}. Best is trial 445 with value: 0.3694567781246126.
checkpoint_e16 window_influence: 0.42817857075975857, penalty_k: 0.22625500964727424, scale_lr: 0.43162898845643694, EAO: 0.300
Trial 760 finished with value: 0.2998381871077801 and parameters: {'window_influence': 0.42817857075975857, 'penalty_k': 0.22625500964727424, 'scale_lr': 0.43162898845643694}. Best is trial 445 with value: 0.3694567781246126.
checkpoint_e16 window_influence: 0.50845731362897995, penalty_k: 0.54216387169390701, scale_lr: 0.45766144362778682, EAO: 0.281
Trial 761 finished with value: 0.2809494464197975 and parameters: {'window_influence': 0.50845731362898, 'penalty_k': 0.542163871693907, 'scale_lr': 0.4576614436277868}. Best is trial 445 with value: 0.3694567781246126.
checkpoint_e16 window_influence: 0.35028453918479285, penalty_k: 0.19762956948776672, scale_lr: 0.12378591198606798, EAO: 0.311
Trial 762 finished with value: 0.3113548462261022 and parameters: {'window_influence': 0.35028453918479285, 'penalty_k': 0.19762956948776672, 'scale_lr': 0.12378591198606798}. Best is trial 445 with value: 0.3694567781246126.
checkpoint_e16 window_influence: 0.40945081981848791, penalty_k: 0.02521955407087383, scale_lr: 0.48055358734410203, EAO: 0.319
Trial 763 finished with value: 0.31906668604116034 and parameters: {'window_influence': 0.4094508198184879, 'penalty_k': 0.025219554070873833, 'scale_lr': 0.48055358734410203}. Best is trial 445 with value: 0.3694567781246126.
checkpoint_e16 window_influence: 0.47951121994012635, penalty_k: 0.05219105100253919, scale_lr: 0.15962450544588314, EAO: 0.318
Trial 764 finished with value: 0.3175302227299501 and parameters: {'window_influence': 0.47951121994012635, 'penalty_k': 0.05219105100253919, 'scale_lr': 0.15962450544588314}. Best is trial 445 with value: 0.3694567781246126.
checkpoint_e16 window_influence: 0.17367962491595151, penalty_k: 0.55811815557876421, scale_lr: 0.61904934813217471, EAO: 0.257
Trial 765 finished with value: 0.2568757205853666 and parameters: {'window_influence': 0.1736796249159515, 'penalty_k': 0.5581181555787642, 'scale_lr': 0.6190493481321747}. Best is trial 445 with value: 0.3694567781246126.
checkpoint_e16 window_influence: 0.45657259001509354, penalty_k: 0.26122654200957268, scale_lr: 0.35520081171952234, EAO: 0.311
Trial 766 finished with value: 0.31146135763899363 and parameters: {'window_influence': 0.45657259001509354, 'penalty_k': 0.2612265420095727, 'scale_lr': 0.35520081171952234}. Best is trial 445 with value: 0.3694567781246126.
checkpoint_e16 window_influence: 0.48758516454037937, penalty_k: 0.42568845093667568, scale_lr: 0.41108503485317316, EAO: 0.279
Trial 767 finished with value: 0.2789515928883497 and parameters: {'window_influence': 0.48758516454037937, 'penalty_k': 0.4256884509366757, 'scale_lr': 0.41108503485317316}. Best is trial 445 with value: 0.3694567781246126.
checkpoint_e16 window_influence: 0.47034815062287000, penalty_k: 0.01849930489051413, scale_lr: 0.53589643336568027, EAO: 0.324
Trial 768 finished with value: 0.32416937648090405 and parameters: {'window_influence': 0.47034815062287, 'penalty_k': 0.018499304890514132, 'scale_lr': 0.5358964333656803}. Best is trial 445 with value: 0.3694567781246126.
checkpoint_e16 window_influence: 0.44179958861180341, penalty_k: 0.03229171119998487, scale_lr: 0.79503003851476373, EAO: 0.324
Trial 769 finished with value: 0.3244326516464063 and parameters: {'window_influence': 0.4417995886118034, 'penalty_k': 0.03229171119998487, 'scale_lr': 0.7950300385147637}. Best is trial 445 with value: 0.3694567781246126.
checkpoint_e16 window_influence: 0.49945358789222633, penalty_k: 0.06087257689011850, scale_lr: 0.45229153054619381, EAO: 0.336
Trial 770 finished with value: 0.33575808340937247 and parameters: {'window_influence': 0.4994535878922263, 'penalty_k': 0.060872576890118504, 'scale_lr': 0.4522915305461938}. Best is trial 445 with value: 0.3694567781246126.
checkpoint_e16 window_influence: 0.15900077965873499, penalty_k: 0.01088913782771970, scale_lr: 0.14343821264271217, EAO: 0.272
Trial 771 finished with value: 0.2721244815142702 and parameters: {'window_influence': 0.159000779658735, 'penalty_k': 0.010889137827719698, 'scale_lr': 0.14343821264271217}. Best is trial 445 with value: 0.3694567781246126.
checkpoint_e16 window_influence: 0.45590249713104614, penalty_k: 0.04123318047422634, scale_lr: 0.55082315480394961, EAO: 0.328
Trial 772 finished with value: 0.3277568843230199 and parameters: {'window_influence': 0.45590249713104614, 'penalty_k': 0.04123318047422634, 'scale_lr': 0.5508231548039496}. Best is trial 445 with value: 0.3694567781246126.
checkpoint_e16 window_influence: 0.56376305506595437, penalty_k: 0.08634266813134785, scale_lr: 0.48918783425302531, EAO: 0.285
Trial 773 finished with value: 0.28512044755401317 and parameters: {'window_influence': 0.5637630550659544, 'penalty_k': 0.08634266813134785, 'scale_lr': 0.4891878342530253}. Best is trial 445 with value: 0.3694567781246126.
checkpoint_e16 window_influence: 0.64730932981033318, penalty_k: 0.02633165115256580, scale_lr: 0.28677298187259359, EAO: 0.249
Trial 774 finished with value: 0.2490666553320124 and parameters: {'window_influence': 0.6473093298103332, 'penalty_k': 0.026331651152565805, 'scale_lr': 0.2867729818725936}. Best is trial 445 with value: 0.3694567781246126.
checkpoint_e16 window_influence: 0.48665298538129742, penalty_k: 0.21809771718281909, scale_lr: 0.20953788715896987, EAO: 0.303
Trial 775 finished with value: 0.3031191185754561 and parameters: {'window_influence': 0.4866529853812974, 'penalty_k': 0.2180977171828191, 'scale_lr': 0.20953788715896987}. Best is trial 445 with value: 0.3694567781246126.
checkpoint_e16 window_influence: 0.51868095110715950, penalty_k: 0.01079528518098948, scale_lr: 0.14265236436053375, EAO: 0.312
Trial 776 finished with value: 0.3124184679196502 and parameters: {'window_influence': 0.5186809511071595, 'penalty_k': 0.010795285180989482, 'scale_lr': 0.14265236436053375}. Best is trial 445 with value: 0.3694567781246126.
checkpoint_e16 window_influence: 0.47176721635475821, penalty_k: 0.04652606756455328, scale_lr: 0.59588638559917062, EAO: 0.343
Trial 777 finished with value: 0.3426233752692256 and parameters: {'window_influence': 0.4717672163547582, 'penalty_k': 0.04652606756455328, 'scale_lr': 0.5958863855991706}. Best is trial 445 with value: 0.3694567781246126.
checkpoint_e16 window_influence: 0.49716269044664174, penalty_k: 0.51891138162348383, scale_lr: 0.42944706961389534, EAO: 0.273
Trial 778 finished with value: 0.2727962226719244 and parameters: {'window_influence': 0.49716269044664174, 'penalty_k': 0.5189113816234838, 'scale_lr': 0.42944706961389534}. Best is trial 445 with value: 0.3694567781246126.
checkpoint_e16 window_influence: 0.32361194935789250, penalty_k: 0.47093135852484314, scale_lr: 0.44107047123356441, EAO: 0.291
Trial 779 finished with value: 0.2906861000835664 and parameters: {'window_influence': 0.3236119493578925, 'penalty_k': 0.47093135852484314, 'scale_lr': 0.4410704712335644}. Best is trial 445 with value: 0.3694567781246126.
checkpoint_e16 window_influence: 0.48014262947222430, penalty_k: 0.16110724457094738, scale_lr: 0.46456498669516644, EAO: 0.317
Trial 780 finished with value: 0.3173612728425037 and parameters: {'window_influence': 0.4801426294722243, 'penalty_k': 0.16110724457094738, 'scale_lr': 0.46456498669516644}. Best is trial 445 with value: 0.3694567781246126.
checkpoint_e16 window_influence: 0.53595625273580461, penalty_k: 0.00031176119752938, scale_lr: 0.52640859100465431, EAO: 0.307
Trial 781 finished with value: 0.30694913092986154 and parameters: {'window_influence': 0.5359562527358046, 'penalty_k': 0.0003117611975293813, 'scale_lr': 0.5264085910046543}. Best is trial 445 with value: 0.3694567781246126.
checkpoint_e16 window_influence: 0.46032719787247273, penalty_k: 0.03059728518393589, scale_lr: 0.72857428869534058, EAO: 0.307
Trial 782 finished with value: 0.3068880533313937 and parameters: {'window_influence': 0.4603271978724727, 'penalty_k': 0.03059728518393589, 'scale_lr': 0.7285742886953406}. Best is trial 445 with value: 0.3694567781246126.
checkpoint_e16 window_influence: 0.44511122175975648, penalty_k: 0.24071767355270396, scale_lr: 0.56407732941328748, EAO: 0.327
Trial 783 finished with value: 0.3270838693769989 and parameters: {'window_influence': 0.4451112217597565, 'penalty_k': 0.24071767355270396, 'scale_lr': 0.5640773294132875}. Best is trial 445 with value: 0.3694567781246126.
checkpoint_e16 window_influence: 0.50522785620758148, penalty_k: 0.33972686014173276, scale_lr: 0.49629684715319672, EAO: 0.285
Trial 784 finished with value: 0.2848242523605258 and parameters: {'window_influence': 0.5052278562075815, 'penalty_k': 0.33972686014173276, 'scale_lr': 0.4962968471531967}. Best is trial 445 with value: 0.3694567781246126.
checkpoint_e16 window_influence: 0.29356668050512480, penalty_k: 0.11827029063536794, scale_lr: 0.47314110432240714, EAO: 0.305
Trial 785 finished with value: 0.30459262332099885 and parameters: {'window_influence': 0.2935666805051248, 'penalty_k': 0.11827029063536794, 'scale_lr': 0.47314110432240714}. Best is trial 445 with value: 0.3694567781246126.
checkpoint_e16 window_influence: 0.19068384082160131, penalty_k: 0.01723512403815452, scale_lr: 0.41440912799682827, EAO: 0.297
Trial 786 finished with value: 0.2969664421062989 and parameters: {'window_influence': 0.1906838408216013, 'penalty_k': 0.017235124038154515, 'scale_lr': 0.4144091279968283}. Best is trial 445 with value: 0.3694567781246126.
checkpoint_e16 window_influence: 0.19442233642698972, penalty_k: 0.06214669477126788, scale_lr: 0.37481178082446054, EAO: 0.299
Trial 787 finished with value: 0.29945334183334843 and parameters: {'window_influence': 0.19442233642698972, 'penalty_k': 0.06214669477126788, 'scale_lr': 0.37481178082446054}. Best is trial 445 with value: 0.3694567781246126.
checkpoint_e16 window_influence: 0.25291198868645781, penalty_k: 0.03788841622951812, scale_lr: 0.51450549276666013, EAO: 0.292
Trial 788 finished with value: 0.29194069795803335 and parameters: {'window_influence': 0.2529119886864578, 'penalty_k': 0.03788841622951812, 'scale_lr': 0.5145054927666601}. Best is trial 445 with value: 0.3694567781246126.
checkpoint_e16 window_influence: 0.46669322352302228, penalty_k: 0.29801950770652647, scale_lr: 0.67835222748026447, EAO: 0.305
Trial 789 finished with value: 0.3047285770511813 and parameters: {'window_influence': 0.4666932235230223, 'penalty_k': 0.29801950770652647, 'scale_lr': 0.6783522274802645}. Best is trial 445 with value: 0.3694567781246126.
checkpoint_e16 window_influence: 0.48685257538243421, penalty_k: 0.09351409870207052, scale_lr: 0.45104683905849668, EAO: 0.317
Trial 790 finished with value: 0.31718668556166996 and parameters: {'window_influence': 0.4868525753824342, 'penalty_k': 0.09351409870207052, 'scale_lr': 0.4510468390584967}. Best is trial 445 with value: 0.3694567781246126.
checkpoint_e16 window_influence: 0.43326295863644171, penalty_k: 0.39037391623108836, scale_lr: 0.54364493589102092, EAO: 0.291
Trial 791 finished with value: 0.29087508814807994 and parameters: {'window_influence': 0.4332629586364417, 'penalty_k': 0.39037391623108836, 'scale_lr': 0.5436449358910209}. Best is trial 445 with value: 0.3694567781246126.
checkpoint_e16 window_influence: 0.51178260438209255, penalty_k: 0.02043684501172310, scale_lr: 0.27617931478173630, EAO: 0.329
Trial 792 finished with value: 0.3294175895155636 and parameters: {'window_influence': 0.5117826043820926, 'penalty_k': 0.020436845011723104, 'scale_lr': 0.2761793147817363}. Best is trial 445 with value: 0.3694567781246126.
checkpoint_e16 window_influence: 0.47636889673840915, penalty_k: 0.05534054407269182, scale_lr: 0.63770120598235924, EAO: 0.335
Trial 793 finished with value: 0.3349946772078132 and parameters: {'window_influence': 0.47636889673840915, 'penalty_k': 0.055340544072691816, 'scale_lr': 0.6377012059823592}. Best is trial 445 with value: 0.3694567781246126.
checkpoint_e16 window_influence: 0.14848723523315380, penalty_k: 0.00884008249452998, scale_lr: 0.50337781678021665, EAO: 0.302
Trial 794 finished with value: 0.30182284916885166 and parameters: {'window_influence': 0.1484872352331538, 'penalty_k': 0.00884008249452998, 'scale_lr': 0.5033778167802166}. Best is trial 445 with value: 0.3694567781246126.
checkpoint_e16 window_influence: 0.17377917549503250, penalty_k: 0.02910076780631340, scale_lr: 0.57823447445481091, EAO: 0.297
Trial 795 finished with value: 0.2968073504676151 and parameters: {'window_influence': 0.1737791754950325, 'penalty_k': 0.029100767806313405, 'scale_lr': 0.5782344744548109}. Best is trial 445 with value: 0.3694567781246126.
checkpoint_e16 window_influence: 0.38578092483623072, penalty_k: 0.49019028477276017, scale_lr: 0.43995053232789122, EAO: 0.292
Trial 796 finished with value: 0.29240478308516255 and parameters: {'window_influence': 0.3857809248362307, 'penalty_k': 0.49019028477276017, 'scale_lr': 0.4399505323278912}. Best is trial 445 with value: 0.3694567781246126.
checkpoint_e16 window_influence: 0.20030996604530538, penalty_k: 0.32860083295606135, scale_lr: 0.47867954520334943, EAO: 0.275
Trial 797 finished with value: 0.2748841810899022 and parameters: {'window_influence': 0.20030996604530538, 'penalty_k': 0.32860083295606135, 'scale_lr': 0.47867954520334943}. Best is trial 445 with value: 0.3694567781246126.
checkpoint_e16 window_influence: 0.49449770508533991, penalty_k: 0.03953014376955486, scale_lr: 0.42444402203452691, EAO: 0.329
Trial 798 finished with value: 0.32864989908520814 and parameters: {'window_influence': 0.4944977050853399, 'penalty_k': 0.03953014376955486, 'scale_lr': 0.4244440220345269}. Best is trial 445 with value: 0.3694567781246126.
checkpoint_e16 window_influence: 0.10674420827406880, penalty_k: 0.37462158029982062, scale_lr: 0.23533578156184487, EAO: 0.247
Trial 799 finished with value: 0.24708347480584675 and parameters: {'window_influence': 0.1067442082740688, 'penalty_k': 0.3746215802998206, 'scale_lr': 0.23533578156184487}. Best is trial 445 with value: 0.3694567781246126.
checkpoint_e16 window_influence: 0.63575967980636472, penalty_k: 0.18694068718219631, scale_lr: 0.52776957924634604, EAO: 0.231
