Trial 490 finished with value: 0.27295147903002653 and parameters: {'window_influence': 0.07676333827596443, 'penalty_k': 0.03379917416746382, 'scale_lr': 0.5793503953497259}. Best is trial 445 with value: 0.3694567781246126.
checkpoint_e16 window_influence: 0.60327130814435492, penalty_k: 0.41242439693550392, scale_lr: 0.58767670584899467, EAO: 0.234
Trial 491 finished with value: 0.2337965731606873 and parameters: {'window_influence': 0.6032713081443549, 'penalty_k': 0.4124243969355039, 'scale_lr': 0.5876767058489947}. Best is trial 445 with value: 0.3694567781246126.
checkpoint_e16 window_influence: 0.51134964988070941, penalty_k: 0.02303922463379372, scale_lr: 0.60893075747197534, EAO: 0.347
Trial 492 finished with value: 0.3468627998105283 and parameters: {'window_influence': 0.5113496498807094, 'penalty_k': 0.023039224633793716, 'scale_lr': 0.6089307574719753}. Best is trial 445 with value: 0.3694567781246126.
checkpoint_e16 window_influence: 0.48035253606045192, penalty_k: 0.06171610255228749, scale_lr: 0.54132167835680145, EAO: 0.343
Trial 493 finished with value: 0.34269622061039223 and parameters: {'window_influence': 0.4803525360604519, 'penalty_k': 0.06171610255228749, 'scale_lr': 0.5413216783568015}. Best is trial 445 with value: 0.3694567781246126.
checkpoint_e16 window_influence: 0.45260900535423049, penalty_k: 0.29705096957696198, scale_lr: 0.49428626143798043, EAO: 0.304
Trial 494 finished with value: 0.30406263534429007 and parameters: {'window_influence': 0.4526090053542305, 'penalty_k': 0.297050969576962, 'scale_lr': 0.49428626143798043}. Best is trial 445 with value: 0.3694567781246126.
checkpoint_e16 window_influence: 0.54613280611211767, penalty_k: 0.03844877249876777, scale_lr: 0.51666096621113289, EAO: 0.309
Trial 495 finished with value: 0.3093436736656998 and parameters: {'window_influence': 0.5461328061121177, 'penalty_k': 0.03844877249876777, 'scale_lr': 0.5166609662111329}. Best is trial 445 with value: 0.3694567781246126.
checkpoint_e16 window_influence: 0.49165368822414734, penalty_k: 0.04821440373676779, scale_lr: 0.52619717765158014, EAO: 0.336
Trial 496 finished with value: 0.3360011085925863 and parameters: {'window_influence': 0.49165368822414734, 'penalty_k': 0.04821440373676779, 'scale_lr': 0.5261971776515801}. Best is trial 445 with value: 0.3694567781246126.
checkpoint_e16 window_influence: 0.46481723912962469, penalty_k: 0.09270908956778220, scale_lr: 0.30442739857121331, EAO: 0.307
Trial 497 finished with value: 0.30665514655846104 and parameters: {'window_influence': 0.4648172391296247, 'penalty_k': 0.0927090895677822, 'scale_lr': 0.3044273985712133}. Best is trial 445 with value: 0.3694567781246126.
checkpoint_e16 window_influence: 0.32583704002835345, penalty_k: 0.02716065381656935, scale_lr: 0.64461675780075056, EAO: 0.312
Trial 498 finished with value: 0.3124095543581224 and parameters: {'window_influence': 0.32583704002835345, 'penalty_k': 0.027160653816569347, 'scale_lr': 0.6446167578007506}. Best is trial 445 with value: 0.3694567781246126.
checkpoint_e16 window_influence: 0.50477828307095629, penalty_k: 0.55754950214988397, scale_lr: 0.69741655867525409, EAO: 0.287
Trial 499 finished with value: 0.28652618918205514 and parameters: {'window_influence': 0.5047782830709563, 'penalty_k': 0.557549502149884, 'scale_lr': 0.6974165586752541}. Best is trial 445 with value: 0.3694567781246126.
checkpoint_e16 window_influence: 0.47935682805112828, penalty_k: 0.38145748594917445, scale_lr: 0.11331347691453597, EAO: 0.291
Trial 500 finished with value: 0.2911122846580201 and parameters: {'window_influence': 0.4793568280511283, 'penalty_k': 0.38145748594917445, 'scale_lr': 0.11331347691453597}. Best is trial 445 with value: 0.3694567781246126.
checkpoint_e16 window_influence: 0.55592028277942218, penalty_k: 0.38966976390112995, scale_lr: 0.66150496736482700, EAO: 0.258
Trial 501 finished with value: 0.25764636683788744 and parameters: {'window_influence': 0.5559202827794222, 'penalty_k': 0.38966976390112995, 'scale_lr': 0.661504967364827}. Best is trial 445 with value: 0.3694567781246126.
checkpoint_e16 window_influence: 0.15600471973212987, penalty_k: 0.18100038585078632, scale_lr: 0.50735483529652525, EAO: 0.280
Trial 502 finished with value: 0.28030516305786163 and parameters: {'window_influence': 0.15600471973212987, 'penalty_k': 0.18100038585078632, 'scale_lr': 0.5073548352965253}. Best is trial 445 with value: 0.3694567781246126.
checkpoint_e16 window_influence: 0.49288799528959715, penalty_k: 0.34192160145095818, scale_lr: 0.62349180278637273, EAO: 0.303
Trial 503 finished with value: 0.30252589847791056 and parameters: {'window_influence': 0.49288799528959715, 'penalty_k': 0.3419216014509582, 'scale_lr': 0.6234918027863727}. Best is trial 445 with value: 0.3694567781246126.
checkpoint_e16 window_influence: 0.44176256341569753, penalty_k: 0.01487494488290259, scale_lr: 0.55311330769628575, EAO: 0.329
Trial 504 finished with value: 0.3285934363241789 and parameters: {'window_influence': 0.44176256341569753, 'penalty_k': 0.014874944882902589, 'scale_lr': 0.5531133076962857}. Best is trial 445 with value: 0.3694567781246126.
checkpoint_e16 window_influence: 0.34836707926601806, penalty_k: 0.02793304489369247, scale_lr: 0.46623868313664996, EAO: 0.305
Trial 505 finished with value: 0.30451410197098433 and parameters: {'window_influence': 0.34836707926601806, 'penalty_k': 0.027933044893692468, 'scale_lr': 0.46623868313664996}. Best is trial 445 with value: 0.3694567781246126.
checkpoint_e16 window_influence: 0.51622287430039038, penalty_k: 0.04046947971338399, scale_lr: 0.48614797153765466, EAO: 0.331
Trial 506 finished with value: 0.33051034784966404 and parameters: {'window_influence': 0.5162228743003904, 'penalty_k': 0.04046947971338399, 'scale_lr': 0.48614797153765466}. Best is trial 445 with value: 0.3694567781246126.
checkpoint_e16 window_influence: 0.38935280137751838, penalty_k: 0.00057814655866948, scale_lr: 0.25266615420205574, EAO: 0.328
Trial 507 finished with value: 0.3281827019926175 and parameters: {'window_influence': 0.3893528013775184, 'penalty_k': 0.0005781465586694764, 'scale_lr': 0.25266615420205574}. Best is trial 445 with value: 0.3694567781246126.
checkpoint_e16 window_influence: 0.46067148660426588, penalty_k: 0.39994425468826128, scale_lr: 0.63473645589757588, EAO: 0.309
Trial 508 finished with value: 0.3086787084777068 and parameters: {'window_influence': 0.4606714866042659, 'penalty_k': 0.3999442546882613, 'scale_lr': 0.6347364558975759}. Best is trial 445 with value: 0.3694567781246126.
checkpoint_e16 window_influence: 0.53203497708094871, penalty_k: 0.16891043226627450, scale_lr: 0.59814081620283610, EAO: 0.300
Trial 509 finished with value: 0.3002386327963395 and parameters: {'window_influence': 0.5320349770809487, 'penalty_k': 0.1689104322662745, 'scale_lr': 0.5981408162028361}. Best is trial 445 with value: 0.3694567781246126.
checkpoint_e16 window_influence: 0.47590520207095355, penalty_k: 0.01837905600334225, scale_lr: 0.52936773175860408, EAO: 0.335
Trial 510 finished with value: 0.33540403158748194 and parameters: {'window_influence': 0.47590520207095355, 'penalty_k': 0.01837905600334225, 'scale_lr': 0.5293677317586041}. Best is trial 445 with value: 0.3694567781246126.
checkpoint_e16 window_influence: 0.50322520524836467, penalty_k: 0.18735716966616672, scale_lr: 0.27930583467302961, EAO: 0.303
Trial 511 finished with value: 0.3027893350629955 and parameters: {'window_influence': 0.5032252052483647, 'penalty_k': 0.18735716966616672, 'scale_lr': 0.2793058346730296}. Best is trial 445 with value: 0.3694567781246126.
checkpoint_e16 window_influence: 0.56541736115070929, penalty_k: 0.29705170729881269, scale_lr: 0.43896533498529083, EAO: 0.275
Trial 512 finished with value: 0.27479415656527656 and parameters: {'window_influence': 0.5654173611507093, 'penalty_k': 0.2970517072988127, 'scale_lr': 0.43896533498529083}. Best is trial 445 with value: 0.3694567781246126.
checkpoint_e16 window_influence: 0.46879746425660207, penalty_k: 0.33097007360579200, scale_lr: 0.56548662747054146, EAO: 0.331
Trial 513 finished with value: 0.33082086636398556 and parameters: {'window_influence': 0.46879746425660207, 'penalty_k': 0.330970073605792, 'scale_lr': 0.5654866274705415}. Best is trial 445 with value: 0.3694567781246126.
checkpoint_e16 window_influence: 0.48798009729422998, penalty_k: 0.05038260876800271, scale_lr: 0.47333402352374865, EAO: 0.349
Trial 514 finished with value: 0.3487960613887134 and parameters: {'window_influence': 0.48798009729423, 'penalty_k': 0.050382608768002705, 'scale_lr': 0.47333402352374865}. Best is trial 445 with value: 0.3694567781246126.
checkpoint_e16 window_influence: 0.48406517573745816, penalty_k: 0.07901249996228898, scale_lr: 0.47066066713824511, EAO: 0.351
Trial 515 finished with value: 0.3510713413763603 and parameters: {'window_influence': 0.48406517573745816, 'penalty_k': 0.07901249996228898, 'scale_lr': 0.4706606671382451}. Best is trial 445 with value: 0.3694567781246126.
checkpoint_e16 window_influence: 0.22195114843538813, penalty_k: 0.06098019365979375, scale_lr: 0.47205406658467469, EAO: 0.288
Trial 516 finished with value: 0.2880168602972179 and parameters: {'window_influence': 0.22195114843538813, 'penalty_k': 0.06098019365979375, 'scale_lr': 0.4720540665846747}. Best is trial 445 with value: 0.3694567781246126.
checkpoint_e16 window_influence: 0.45223715129940206, penalty_k: 0.06971446011239670, scale_lr: 0.45087930938385345, EAO: 0.326
Trial 517 finished with value: 0.32604906102098846 and parameters: {'window_influence': 0.45223715129940206, 'penalty_k': 0.0697144601123967, 'scale_lr': 0.45087930938385345}. Best is trial 445 with value: 0.3694567781246126.
checkpoint_e16 window_influence: 0.49352891232543344, penalty_k: 0.05350622698875801, scale_lr: 0.47614035342681582, EAO: 0.313
Trial 518 finished with value: 0.31301897625051117 and parameters: {'window_influence': 0.49352891232543344, 'penalty_k': 0.05350622698875801, 'scale_lr': 0.4761403534268158}. Best is trial 445 with value: 0.3694567781246126.
checkpoint_e16 window_influence: 0.33767165335175359, penalty_k: 0.40583996766756608, scale_lr: 0.46201591278176701, EAO: 0.303
Trial 519 finished with value: 0.3033884483668591 and parameters: {'window_influence': 0.3376716533517536, 'penalty_k': 0.4058399676675661, 'scale_lr': 0.462015912781767}. Best is trial 445 with value: 0.3694567781246126.
checkpoint_e16 window_influence: 0.47224475744148375, penalty_k: 0.07263465022453436, scale_lr: 0.76780722929460621, EAO: 0.328
Trial 520 finished with value: 0.32767424561402214 and parameters: {'window_influence': 0.47224475744148375, 'penalty_k': 0.07263465022453436, 'scale_lr': 0.7678072292946062}. Best is trial 445 with value: 0.3694567781246126.
checkpoint_e16 window_influence: 0.48645045294458061, penalty_k: 0.47984064631364148, scale_lr: 0.18842551066961422, EAO: 0.286
Trial 521 finished with value: 0.28606570190260844 and parameters: {'window_influence': 0.4864504529445806, 'penalty_k': 0.4798406463136415, 'scale_lr': 0.18842551066961422}. Best is trial 445 with value: 0.3694567781246126.
checkpoint_e16 window_influence: 0.45964434822751593, penalty_k: 0.11123495547775683, scale_lr: 0.48728489048412438, EAO: 0.321
Trial 522 finished with value: 0.32069993366991034 and parameters: {'window_influence': 0.45964434822751593, 'penalty_k': 0.11123495547775683, 'scale_lr': 0.4872848904841244}. Best is trial 445 with value: 0.3694567781246126.
checkpoint_e16 window_influence: 0.47520734429746703, penalty_k: 0.08551012051744791, scale_lr: 0.45327953611025956, EAO: 0.316
Trial 523 finished with value: 0.3158918315334543 and parameters: {'window_influence': 0.475207344297467, 'penalty_k': 0.08551012051744791, 'scale_lr': 0.45327953611025956}. Best is trial 445 with value: 0.3694567781246126.
checkpoint_e16 window_influence: 0.49256834796324134, penalty_k: 0.05207830928046892, scale_lr: 0.47420652961034987, EAO: 0.323
Trial 524 finished with value: 0.32286795991172124 and parameters: {'window_influence': 0.49256834796324134, 'penalty_k': 0.052078309280468915, 'scale_lr': 0.47420652961034987}. Best is trial 445 with value: 0.3694567781246126.
checkpoint_e16 window_influence: 0.44419433139331005, penalty_k: 0.06328520579528962, scale_lr: 0.46523193665450163, EAO: 0.318
Trial 525 finished with value: 0.31840635801335715 and parameters: {'window_influence': 0.44419433139331005, 'penalty_k': 0.06328520579528962, 'scale_lr': 0.46523193665450163}. Best is trial 445 with value: 0.3694567781246126.
checkpoint_e16 window_influence: 0.46552155945079116, penalty_k: 0.20954546901494828, scale_lr: 0.43346528529657030, EAO: 0.321
Trial 526 finished with value: 0.3208329690337645 and parameters: {'window_influence': 0.46552155945079116, 'penalty_k': 0.20954546901494828, 'scale_lr': 0.4334652852965703}. Best is trial 445 with value: 0.3694567781246126.
checkpoint_e16 window_influence: 0.48191237472935161, penalty_k: 0.08132630388041830, scale_lr: 0.48967697137735255, EAO: 0.336
Trial 527 finished with value: 0.3357488788983237 and parameters: {'window_influence': 0.4819123747293516, 'penalty_k': 0.0813263038804183, 'scale_lr': 0.48967697137735255}. Best is trial 445 with value: 0.3694567781246126.
checkpoint_e16 window_influence: 0.60544764511716265, penalty_k: 0.27050007566102152, scale_lr: 0.44670749604904858, EAO: 0.251
Trial 528 finished with value: 0.2514648812058371 and parameters: {'window_influence': 0.6054476451171626, 'penalty_k': 0.2705000756610215, 'scale_lr': 0.4467074960490486}. Best is trial 445 with value: 0.3694567781246126.
checkpoint_e16 window_influence: 0.50104314998642330, penalty_k: 0.03334739702152875, scale_lr: 0.27780589093936187, EAO: 0.324
Trial 529 finished with value: 0.3235019901731135 and parameters: {'window_influence': 0.5010431499864233, 'penalty_k': 0.03334739702152875, 'scale_lr': 0.27780589093936187}. Best is trial 445 with value: 0.3694567781246126.
checkpoint_e16 window_influence: 0.24045303757543729, penalty_k: 0.04826465523089858, scale_lr: 0.50051130581938341, EAO: 0.306
Trial 530 finished with value: 0.30590612496383457 and parameters: {'window_influence': 0.2404530375754373, 'penalty_k': 0.04826465523089858, 'scale_lr': 0.5005113058193834}. Best is trial 445 with value: 0.3694567781246126.
checkpoint_e16 window_influence: 0.35705827217316694, penalty_k: 0.03054518457044924, scale_lr: 0.42918163224669986, EAO: 0.305
Trial 531 finished with value: 0.30483481983730304 and parameters: {'window_influence': 0.35705827217316694, 'penalty_k': 0.030545184570449243, 'scale_lr': 0.42918163224669986}. Best is trial 445 with value: 0.3694567781246126.
checkpoint_e16 window_influence: 0.46071028275859222, penalty_k: 0.01166126457805295, scale_lr: 0.45772725222240401, EAO: 0.344
Trial 532 finished with value: 0.34419456077920785 and parameters: {'window_influence': 0.4607102827585922, 'penalty_k': 0.011661264578052952, 'scale_lr': 0.457727252222404}. Best is trial 445 with value: 0.3694567781246126.
checkpoint_e16 window_influence: 0.48772374596521412, penalty_k: 0.16423159214551739, scale_lr: 0.47482894449099705, EAO: 0.334
Trial 533 finished with value: 0.3335283738397903 and parameters: {'window_influence': 0.4877237459652141, 'penalty_k': 0.16423159214551739, 'scale_lr': 0.47482894449099705}. Best is trial 445 with value: 0.3694567781246126.
checkpoint_e16 window_influence: 0.39989816794680738, penalty_k: 0.14671930173250139, scale_lr: 0.50087349399979131, EAO: 0.307
Trial 534 finished with value: 0.307178601796525 and parameters: {'window_influence': 0.3998981679468074, 'penalty_k': 0.1467193017325014, 'scale_lr': 0.5008734939997913}. Best is trial 445 with value: 0.3694567781246126.
checkpoint_e16 window_influence: 0.28058296678892519, penalty_k: 0.04300369620103731, scale_lr: 0.58383153204078908, EAO: 0.277
Trial 535 finished with value: 0.27720265113658016 and parameters: {'window_influence': 0.2805829667889252, 'penalty_k': 0.043003696201037306, 'scale_lr': 0.5838315320407891}. Best is trial 445 with value: 0.3694567781246126.
checkpoint_e16 window_influence: 0.36822274107805597, penalty_k: 0.45010237907211703, scale_lr: 0.44854604984878593, EAO: 0.296
Trial 536 finished with value: 0.29588065687784426 and parameters: {'window_influence': 0.36822274107805597, 'penalty_k': 0.45010237907211703, 'scale_lr': 0.44854604984878593}. Best is trial 445 with value: 0.3694567781246126.
checkpoint_e16 window_influence: 0.43136303119360331, penalty_k: 0.02387295561375462, scale_lr: 0.37335996337757293, EAO: 0.342
Trial 537 finished with value: 0.34195890883527374 and parameters: {'window_influence': 0.4313630311936033, 'penalty_k': 0.02387295561375462, 'scale_lr': 0.37335996337757293}. Best is trial 445 with value: 0.3694567781246126.
checkpoint_e16 window_influence: 0.47400281299988645, penalty_k: 0.15033672166088147, scale_lr: 0.22118774582562839, EAO: 0.304
Trial 538 finished with value: 0.3040801230455651 and parameters: {'window_influence': 0.47400281299988645, 'penalty_k': 0.15033672166088147, 'scale_lr': 0.2211877458256284}. Best is trial 445 with value: 0.3694567781246126.
checkpoint_e16 window_influence: 0.44889279654370184, penalty_k: 0.23239422747599081, scale_lr: 0.42488861319190552, EAO: 0.296
Trial 539 finished with value: 0.2956077628678385 and parameters: {'window_influence': 0.44889279654370184, 'penalty_k': 0.2323942274759908, 'scale_lr': 0.4248886131919055}. Best is trial 445 with value: 0.3694567781246126.
checkpoint_e16 window_influence: 0.18680658131440242, penalty_k: 0.01000663139914442, scale_lr: 0.48808784033990077, EAO: 0.295
Trial 540 finished with value: 0.2948920065210951 and parameters: {'window_influence': 0.18680658131440242, 'penalty_k': 0.010006631399144416, 'scale_lr': 0.48808784033990077}. Best is trial 445 with value: 0.3694567781246126.
checkpoint_e16 window_influence: 0.31163998931884157, penalty_k: 0.36844602788623843, scale_lr: 0.54363746590457596, EAO: 0.303
Trial 541 finished with value: 0.302712267300962 and parameters: {'window_influence': 0.31163998931884157, 'penalty_k': 0.3684460278862384, 'scale_lr': 0.543637465904576}. Best is trial 445 with value: 0.3694567781246126.
checkpoint_e16 window_influence: 0.57901303442401120, penalty_k: 0.05170770022388285, scale_lr: 0.57683767383327156, EAO: 0.277
Trial 542 finished with value: 0.27652083482259904 and parameters: {'window_influence': 0.5790130344240112, 'penalty_k': 0.05170770022388285, 'scale_lr': 0.5768376738332716}. Best is trial 445 with value: 0.3694567781246126.
checkpoint_e16 window_influence: 0.49693796339883095, penalty_k: 0.12888098878576776, scale_lr: 0.43891966649216763, EAO: 0.322
Trial 543 finished with value: 0.3215775448060685 and parameters: {'window_influence': 0.49693796339883095, 'penalty_k': 0.12888098878576776, 'scale_lr': 0.4389196664921676}. Best is trial 445 with value: 0.3694567781246126.
checkpoint_e16 window_influence: 0.46929446866060470, penalty_k: 0.10130689133918730, scale_lr: 0.46690781078372401, EAO: 0.325
Trial 544 finished with value: 0.3248455668817698 and parameters: {'window_influence': 0.4692944686606047, 'penalty_k': 0.1013068913391873, 'scale_lr': 0.466907810783724}. Best is trial 445 with value: 0.3694567781246126.
checkpoint_e16 window_influence: 0.51023761079717411, penalty_k: 0.00099933486181258, scale_lr: 0.56347549113243733, EAO: 0.335
Trial 545 finished with value: 0.3348219001571492 and parameters: {'window_influence': 0.5102376107971741, 'penalty_k': 0.0009993348618125841, 'scale_lr': 0.5634754911324373}. Best is trial 445 with value: 0.3694567781246126.
checkpoint_e16 window_influence: 0.29961096491013262, penalty_k: 0.03264926445282901, scale_lr: 0.40080817099549138, EAO: 0.286
Trial 546 finished with value: 0.2858028290104773 and parameters: {'window_influence': 0.2996109649101326, 'penalty_k': 0.03264926445282901, 'scale_lr': 0.4008081709954914}. Best is trial 445 with value: 0.3694567781246126.
checkpoint_e16 window_influence: 0.48642039587700164, penalty_k: 0.58701191022299881, scale_lr: 0.50775690610189872, EAO: 0.292
Trial 547 finished with value: 0.29173405671398 and parameters: {'window_influence': 0.48642039587700164, 'penalty_k': 0.5870119102229988, 'scale_lr': 0.5077569061018987}. Best is trial 445 with value: 0.3694567781246126.
checkpoint_e16 window_influence: 0.52207637688285102, penalty_k: 0.32575929144641669, scale_lr: 0.48319647043596203, EAO: 0.297
Trial 548 finished with value: 0.2968120748314876 and parameters: {'window_influence': 0.522076376882851, 'penalty_k': 0.3257592914464167, 'scale_lr': 0.48319647043596203}. Best is trial 445 with value: 0.3694567781246126.
checkpoint_e16 window_influence: 0.45901310611126178, penalty_k: 0.02029976716568727, scale_lr: 0.53109933070216264, EAO: 0.335
Trial 549 finished with value: 0.3353522287732432 and parameters: {'window_influence': 0.4590131061112618, 'penalty_k': 0.020299767165687266, 'scale_lr': 0.5310993307021626}. Best is trial 445 with value: 0.3694567781246126.
checkpoint_e16 window_influence: 0.64152771042649281, penalty_k: 0.16208193992393988, scale_lr: 0.46018249757020624, EAO: 0.240
Trial 550 finished with value: 0.24019457394047006 and parameters: {'window_influence': 0.6415277104264928, 'penalty_k': 0.16208193992393988, 'scale_lr': 0.46018249757020624}. Best is trial 445 with value: 0.3694567781246126.
checkpoint_e16 window_influence: 0.26072539339208001, penalty_k: 0.51648112066566554, scale_lr: 0.41961258927765538, EAO: 0.283
Trial 551 finished with value: 0.28311812808077624 and parameters: {'window_influence': 0.26072539339208, 'penalty_k': 0.5164811206656655, 'scale_lr': 0.4196125892776554}. Best is trial 445 with value: 0.3694567781246126.
checkpoint_e16 window_influence: 0.25090969705045463, penalty_k: 0.11959165497164878, scale_lr: 0.59376112469317410, EAO: 0.293
