Trial 1296 finished with value: 0.32583548644637317 and parameters: {'window_influence': 0.40154586448163226, 'penalty_k': 0.23693816020990568, 'scale_lr': 0.504782940609402}. Best is trial 1136 with value: 0.3697957394188016.
checkpoint_e33 window_influence: 0.30906963075174892, penalty_k: 0.03344824696480110, scale_lr: 0.15619540634066242, EAO: 0.310
Trial 1297 finished with value: 0.3104452404414633 and parameters: {'window_influence': 0.3090696307517489, 'penalty_k': 0.0334482469648011, 'scale_lr': 0.15619540634066242}. Best is trial 1136 with value: 0.3697957394188016.
checkpoint_e33 window_influence: 0.50266579743768280, penalty_k: 0.10203969584999410, scale_lr: 0.40738976909509766, EAO: 0.338
Trial 1298 finished with value: 0.33751475405136433 and parameters: {'window_influence': 0.5026657974376828, 'penalty_k': 0.1020396958499941, 'scale_lr': 0.40738976909509766}. Best is trial 1136 with value: 0.3697957394188016.
checkpoint_e33 window_influence: 0.33999403835902181, penalty_k: 0.42916246413406955, scale_lr: 0.52224451954953510, EAO: 0.302
Trial 1299 finished with value: 0.3023309374249863 and parameters: {'window_influence': 0.3399940383590218, 'penalty_k': 0.42916246413406955, 'scale_lr': 0.5222445195495351}. Best is trial 1136 with value: 0.3697957394188016.
checkpoint_e33 window_influence: 0.60347879657601422, penalty_k: 0.14507964339972285, scale_lr: 0.58163663196909965, EAO: 0.253
Trial 1300 finished with value: 0.2525971776548527 and parameters: {'window_influence': 0.6034787965760142, 'penalty_k': 0.14507964339972285, 'scale_lr': 0.5816366319690996}. Best is trial 1136 with value: 0.3697957394188016.
checkpoint_e33 window_influence: 0.44530415385630823, penalty_k: 0.00031898511090884, scale_lr: 0.60737893705249579, EAO: 0.335
Trial 1301 finished with value: 0.3352508428959531 and parameters: {'window_influence': 0.4453041538563082, 'penalty_k': 0.00031898511090883847, 'scale_lr': 0.6073789370524958}. Best is trial 1136 with value: 0.3697957394188016.
checkpoint_e33 window_influence: 0.18920131465814063, penalty_k: 0.04375555797013479, scale_lr: 0.33211920340152989, EAO: 0.286
Trial 1302 finished with value: 0.28621449509947217 and parameters: {'window_influence': 0.18920131465814063, 'penalty_k': 0.043755557970134785, 'scale_lr': 0.3321192034015299}. Best is trial 1136 with value: 0.3697957394188016.
checkpoint_e33 window_influence: 0.46395941465707252, penalty_k: 0.52254245288951284, scale_lr: 0.62606459400372849, EAO: 0.330
Trial 1303 finished with value: 0.3303006752919594 and parameters: {'window_influence': 0.4639594146570725, 'penalty_k': 0.5225424528895128, 'scale_lr': 0.6260645940037285}. Best is trial 1136 with value: 0.3697957394188016.
checkpoint_e33 window_influence: 0.49346787931604041, penalty_k: 0.31556942954774331, scale_lr: 0.79823326260304117, EAO: 0.297
Trial 1304 finished with value: 0.29682131169603027 and parameters: {'window_influence': 0.4934678793160404, 'penalty_k': 0.3155694295477433, 'scale_lr': 0.7982332626030412}. Best is trial 1136 with value: 0.3697957394188016.
checkpoint_e33 window_influence: 0.43397832372936906, penalty_k: 0.29003742884532729, scale_lr: 0.46343748293224457, EAO: 0.333
Trial 1305 finished with value: 0.3330412015376852 and parameters: {'window_influence': 0.43397832372936906, 'penalty_k': 0.2900374288453273, 'scale_lr': 0.46343748293224457}. Best is trial 1136 with value: 0.3697957394188016.
checkpoint_e33 window_influence: 0.51098248763630894, penalty_k: 0.05940670163014446, scale_lr: 0.48103973980229481, EAO: 0.356
Trial 1306 finished with value: 0.3564133261428269 and parameters: {'window_influence': 0.5109824876363089, 'penalty_k': 0.059406701630144464, 'scale_lr': 0.4810397398022948}. Best is trial 1136 with value: 0.3697957394188016.
checkpoint_e33 window_influence: 0.53562291125119554, penalty_k: 0.16503927224981901, scale_lr: 0.74962347596433399, EAO: 0.298
Trial 1307 finished with value: 0.2977243960483529 and parameters: {'window_influence': 0.5356229112511955, 'penalty_k': 0.165039272249819, 'scale_lr': 0.749623475964334}. Best is trial 1136 with value: 0.3697957394188016.
checkpoint_e33 window_influence: 0.47650361002147923, penalty_k: 0.20497712403198404, scale_lr: 0.42092310352101531, EAO: 0.334
Trial 1308 finished with value: 0.3336487066884913 and parameters: {'window_influence': 0.47650361002147923, 'penalty_k': 0.20497712403198404, 'scale_lr': 0.4209231035210153}. Best is trial 1136 with value: 0.3697957394188016.
checkpoint_e33 window_influence: 0.45469883198662869, penalty_k: 0.07556869025354579, scale_lr: 0.64057055278354835, EAO: 0.351
Trial 1309 finished with value: 0.35097893539105873 and parameters: {'window_influence': 0.4546988319866287, 'penalty_k': 0.07556869025354579, 'scale_lr': 0.6405705527835484}. Best is trial 1136 with value: 0.3697957394188016.
checkpoint_e33 window_influence: 0.13901664831778252, penalty_k: 0.54787023641224120, scale_lr: 0.29260604747005914, EAO: 0.246
Trial 1310 finished with value: 0.246147014229678 and parameters: {'window_influence': 0.13901664831778252, 'penalty_k': 0.5478702364122412, 'scale_lr': 0.29260604747005914}. Best is trial 1136 with value: 0.3697957394188016.
checkpoint_e33 window_influence: 0.48894569777232294, penalty_k: 0.52904859741957855, scale_lr: 0.21395146797737316, EAO: 0.288
Trial 1311 finished with value: 0.28804692109967023 and parameters: {'window_influence': 0.48894569777232294, 'penalty_k': 0.5290485974195785, 'scale_lr': 0.21395146797737316}. Best is trial 1136 with value: 0.3697957394188016.
checkpoint_e33 window_influence: 0.47170680739338716, penalty_k: 0.02694987277040114, scale_lr: 0.43648411467085541, EAO: 0.349
Trial 1312 finished with value: 0.34854997329210957 and parameters: {'window_influence': 0.47170680739338716, 'penalty_k': 0.02694987277040114, 'scale_lr': 0.4364841146708554}. Best is trial 1136 with value: 0.3697957394188016.
checkpoint_e33 window_influence: 0.52030239595750960, penalty_k: 0.34955551292101883, scale_lr: 0.13359874224711710, EAO: 0.315
Trial 1313 finished with value: 0.3153399174547381 and parameters: {'window_influence': 0.5203023959575096, 'penalty_k': 0.34955551292101883, 'scale_lr': 0.1335987422471171}. Best is trial 1136 with value: 0.3697957394188016.
checkpoint_e33 window_influence: 0.46170625412580341, penalty_k: 0.09243010563945875, scale_lr: 0.55779497867481753, EAO: 0.328
Trial 1314 finished with value: 0.3276602737170713 and parameters: {'window_influence': 0.4617062541258034, 'penalty_k': 0.09243010563945875, 'scale_lr': 0.5577949786748175}. Best is trial 1136 with value: 0.3697957394188016.
checkpoint_e33 window_influence: 0.50375294692819195, penalty_k: 0.05070008205864918, scale_lr: 0.17269443771454152, EAO: 0.346
Trial 1315 finished with value: 0.34591793051489594 and parameters: {'window_influence': 0.503752946928192, 'penalty_k': 0.050700082058649176, 'scale_lr': 0.17269443771454152}. Best is trial 1136 with value: 0.3697957394188016.
checkpoint_e33 window_influence: 0.48556971159994317, penalty_k: 0.59050176423663892, scale_lr: 0.66801948580596671, EAO: 0.292
Trial 1316 finished with value: 0.29219475284160806 and parameters: {'window_influence': 0.48556971159994317, 'penalty_k': 0.5905017642366389, 'scale_lr': 0.6680194858059667}. Best is trial 1136 with value: 0.3697957394188016.
checkpoint_e33 window_influence: 0.35423781646081309, penalty_k: 0.01521822650228025, scale_lr: 0.59000552987455845, EAO: 0.316
Trial 1317 finished with value: 0.3160151164355445 and parameters: {'window_influence': 0.3542378164608131, 'penalty_k': 0.015218226502280253, 'scale_lr': 0.5900055298745585}. Best is trial 1136 with value: 0.3697957394188016.
checkpoint_e33 window_influence: 0.42180727326933132, penalty_k: 0.45091599046686331, scale_lr: 0.38291602895783416, EAO: 0.326
Trial 1318 finished with value: 0.32605187652871764 and parameters: {'window_influence': 0.4218072732693313, 'penalty_k': 0.4509159904668633, 'scale_lr': 0.38291602895783416}. Best is trial 1136 with value: 0.3697957394188016.
checkpoint_e33 window_influence: 0.44053593268837732, penalty_k: 0.19256591570853140, scale_lr: 0.35649900818163266, EAO: 0.336
Trial 1319 finished with value: 0.33602265799091946 and parameters: {'window_influence': 0.4405359326883773, 'penalty_k': 0.1925659157085314, 'scale_lr': 0.35649900818163266}. Best is trial 1136 with value: 0.3697957394188016.
checkpoint_e33 window_influence: 0.47526937295152843, penalty_k: 0.03692639966038638, scale_lr: 0.23972938027706311, EAO: 0.341
Trial 1320 finished with value: 0.34063211048623465 and parameters: {'window_influence': 0.47526937295152843, 'penalty_k': 0.036926399660386376, 'scale_lr': 0.23972938027706311}. Best is trial 1136 with value: 0.3697957394188016.
checkpoint_e33 window_influence: 0.16616544895761876, penalty_k: 0.06535915799318105, scale_lr: 0.49479458311866170, EAO: 0.279
Trial 1321 finished with value: 0.2788908795855852 and parameters: {'window_influence': 0.16616544895761876, 'penalty_k': 0.06535915799318105, 'scale_lr': 0.4947945831186617}. Best is trial 1136 with value: 0.3697957394188016.
checkpoint_e33 window_influence: 0.45431938873787542, penalty_k: 0.17193019865002260, scale_lr: 0.68573407848397827, EAO: 0.326
Trial 1322 finished with value: 0.326195003341608 and parameters: {'window_influence': 0.4543193887378754, 'penalty_k': 0.1719301986500226, 'scale_lr': 0.6857340784839783}. Best is trial 1136 with value: 0.3697957394188016.
checkpoint_e33 window_influence: 0.49500439231312277, penalty_k: 0.33019088448980904, scale_lr: 0.71963093638487130, EAO: 0.301
Trial 1323 finished with value: 0.30061804593073255 and parameters: {'window_influence': 0.49500439231312277, 'penalty_k': 0.33019088448980904, 'scale_lr': 0.7196309363848713}. Best is trial 1136 with value: 0.3697957394188016.
checkpoint_e33 window_influence: 0.57768203402175278, penalty_k: 0.57684317534696139, scale_lr: 0.51220430650668003, EAO: 0.241
Trial 1324 finished with value: 0.24101393585770975 and parameters: {'window_influence': 0.5776820340217528, 'penalty_k': 0.5768431753469614, 'scale_lr': 0.51220430650668}. Best is trial 1136 with value: 0.3697957394188016.
checkpoint_e33 window_influence: 0.48285684204328888, penalty_k: 0.50252554737100363, scale_lr: 0.45219190763430667, EAO: 0.311
Trial 1325 finished with value: 0.31119512317245573 and parameters: {'window_influence': 0.4828568420432889, 'penalty_k': 0.5025255473710036, 'scale_lr': 0.45219190763430667}. Best is trial 1136 with value: 0.3697957394188016.
checkpoint_e33 window_influence: 0.46607214234002148, penalty_k: 0.08282394744907259, scale_lr: 0.54127928391755664, EAO: 0.360
Trial 1326 finished with value: 0.3603536263977971 and parameters: {'window_influence': 0.4660721423400215, 'penalty_k': 0.0828239474490726, 'scale_lr': 0.5412792839175566}. Best is trial 1136 with value: 0.3697957394188016.
checkpoint_e33 window_influence: 0.54074751305410607, penalty_k: 0.08620538244866009, scale_lr: 0.54690119414295002, EAO: 0.316
Trial 1327 finished with value: 0.3163865728716906 and parameters: {'window_influence': 0.5407475130541061, 'penalty_k': 0.08620538244866009, 'scale_lr': 0.54690119414295}. Best is trial 1136 with value: 0.3697957394188016.
checkpoint_e33 window_influence: 0.24570807602494144, penalty_k: 0.08317497801502399, scale_lr: 0.53437534978250434, EAO: 0.298
Trial 1328 finished with value: 0.2984102268627182 and parameters: {'window_influence': 0.24570807602494144, 'penalty_k': 0.08317497801502399, 'scale_lr': 0.5343753497825043}. Best is trial 1136 with value: 0.3697957394188016.
checkpoint_e33 window_influence: 0.51063072678783517, penalty_k: 0.09579731725980503, scale_lr: 0.30930822886388959, EAO: 0.347
Trial 1329 finished with value: 0.3465106402621659 and parameters: {'window_influence': 0.5106307267878352, 'penalty_k': 0.09579731725980503, 'scale_lr': 0.3093082288638896}. Best is trial 1136 with value: 0.3697957394188016.
checkpoint_e33 window_influence: 0.34008916242001885, penalty_k: 0.06962946214437400, scale_lr: 0.53627500748026335, EAO: 0.312
Trial 1330 finished with value: 0.3119767232279833 and parameters: {'window_influence': 0.34008916242001885, 'penalty_k': 0.069629462144374, 'scale_lr': 0.5362750074802634}. Best is trial 1136 with value: 0.3697957394188016.
checkpoint_e33 window_influence: 0.30049937599293636, penalty_k: 0.08306667817770796, scale_lr: 0.27189731461844241, EAO: 0.297
Trial 1331 finished with value: 0.29742488955013485 and parameters: {'window_influence': 0.30049937599293636, 'penalty_k': 0.08306667817770796, 'scale_lr': 0.2718973146184424}. Best is trial 1136 with value: 0.3697957394188016.
checkpoint_e33 window_influence: 0.24961535999305329, penalty_k: 0.25964841759788226, scale_lr: 0.55438484484884210, EAO: 0.306
Trial 1332 finished with value: 0.306262595992144 and parameters: {'window_influence': 0.2496153599930533, 'penalty_k': 0.25964841759788226, 'scale_lr': 0.5543848448488421}. Best is trial 1136 with value: 0.3697957394188016.
checkpoint_e33 window_influence: 0.56022920407811272, penalty_k: 0.36910993688758309, scale_lr: 0.28549982266930984, EAO: 0.288
Trial 1333 finished with value: 0.2878720264026627 and parameters: {'window_influence': 0.5602292040781127, 'penalty_k': 0.3691099368875831, 'scale_lr': 0.28549982266930984}. Best is trial 1136 with value: 0.3697957394188016.
checkpoint_e33 window_influence: 0.52730218670058349, penalty_k: 0.11647975716328442, scale_lr: 0.52693021346829960, EAO: 0.321
Trial 1334 finished with value: 0.32052490579015086 and parameters: {'window_influence': 0.5273021867005835, 'penalty_k': 0.11647975716328442, 'scale_lr': 0.5269302134682996}. Best is trial 1136 with value: 0.3697957394188016.
checkpoint_e33 window_influence: 0.49680932105393000, penalty_k: 0.11042614132204603, scale_lr: 0.39837590983448584, EAO: 0.358
Trial 1335 finished with value: 0.35752397091472193 and parameters: {'window_influence': 0.49680932105393, 'penalty_k': 0.11042614132204603, 'scale_lr': 0.39837590983448584}. Best is trial 1136 with value: 0.3697957394188016.
checkpoint_e33 window_influence: 0.47093280858152470, penalty_k: 0.07498109107552076, scale_lr: 0.14098693197900183, EAO: 0.349
Trial 1336 finished with value: 0.3488627466942086 and parameters: {'window_influence': 0.4709328085815247, 'penalty_k': 0.07498109107552076, 'scale_lr': 0.14098693197900183}. Best is trial 1136 with value: 0.3697957394188016.
checkpoint_e33 window_influence: 0.57952213938019093, penalty_k: 0.09838162437434952, scale_lr: 0.41605038803035027, EAO: 0.296
Trial 1337 finished with value: 0.2960178214868219 and parameters: {'window_influence': 0.5795221393801909, 'penalty_k': 0.09838162437434952, 'scale_lr': 0.41605038803035027}. Best is trial 1136 with value: 0.3697957394188016.
checkpoint_e33 window_influence: 0.48455154310067317, penalty_k: 0.05756100016478420, scale_lr: 0.26862290732120719, EAO: 0.332
Trial 1338 finished with value: 0.3315367029566709 and parameters: {'window_influence': 0.48455154310067317, 'penalty_k': 0.0575610001647842, 'scale_lr': 0.2686229073212072}. Best is trial 1136 with value: 0.3697957394188016.
checkpoint_e33 window_influence: 0.46496197018887608, penalty_k: 0.06954688034991741, scale_lr: 0.69941918438366668, EAO: 0.356
Trial 1339 finished with value: 0.3559400155154648 and parameters: {'window_influence': 0.4649619701888761, 'penalty_k': 0.0695468803499174, 'scale_lr': 0.6994191843836667}. Best is trial 1136 with value: 0.3697957394188016.
checkpoint_e33 window_influence: 0.51598777728254452, penalty_k: 0.05588897505129722, scale_lr: 0.15539649577034909, EAO: 0.319
Trial 1340 finished with value: 0.3185635498409605 and parameters: {'window_influence': 0.5159877772825445, 'penalty_k': 0.05588897505129722, 'scale_lr': 0.15539649577034909}. Best is trial 1136 with value: 0.3697957394188016.
checkpoint_e33 window_influence: 0.23152263196637671, penalty_k: 0.10398648601581602, scale_lr: 0.32386593223680782, EAO: 0.278
Trial 1341 finished with value: 0.27847447620291654 and parameters: {'window_influence': 0.2315226319663767, 'penalty_k': 0.10398648601581602, 'scale_lr': 0.3238659322368078}. Best is trial 1136 with value: 0.3697957394188016.
checkpoint_e33 window_influence: 0.50026728395037390, penalty_k: 0.04412990582799325, scale_lr: 0.25845720738234729, EAO: 0.359
Trial 1342 finished with value: 0.35897460463909786 and parameters: {'window_influence': 0.5002672839503739, 'penalty_k': 0.044129905827993254, 'scale_lr': 0.2584572073823473}. Best is trial 1136 with value: 0.3697957394188016.
checkpoint_e33 window_influence: 0.64410771618295437, penalty_k: 0.27046683476780620, scale_lr: 0.73180697962488095, EAO: 0.237
Trial 1343 finished with value: 0.23690484696093236 and parameters: {'window_influence': 0.6441077161829544, 'penalty_k': 0.2704668347678062, 'scale_lr': 0.731806979624881}. Best is trial 1136 with value: 0.3697957394188016.
checkpoint_e33 window_influence: 0.37394469026923033, penalty_k: 0.02818287251044843, scale_lr: 0.56312961709228637, EAO: 0.328
Trial 1344 finished with value: 0.32835439873808553 and parameters: {'window_influence': 0.37394469026923033, 'penalty_k': 0.02818287251044843, 'scale_lr': 0.5631296170922864}. Best is trial 1136 with value: 0.3697957394188016.
checkpoint_e33 window_influence: 0.29246153130392882, penalty_k: 0.08883874927385528, scale_lr: 0.29197609948179115, EAO: 0.313
Trial 1345 finished with value: 0.3134632714179703 and parameters: {'window_influence': 0.2924615313039288, 'penalty_k': 0.08883874927385528, 'scale_lr': 0.29197609948179115}. Best is trial 1136 with value: 0.3697957394188016.
checkpoint_e33 window_influence: 0.47785108256484909, penalty_k: 0.00995575241910931, scale_lr: 0.66003694760288956, EAO: 0.347
Trial 1346 finished with value: 0.3473305387951521 and parameters: {'window_influence': 0.4778510825648491, 'penalty_k': 0.009955752419109315, 'scale_lr': 0.6600369476028896}. Best is trial 1136 with value: 0.3697957394188016.
checkpoint_e33 window_influence: 0.64347897219260330, penalty_k: 0.37312757889227988, scale_lr: 0.37209071217998380, EAO: 0.233
Trial 1347 finished with value: 0.2325619807619065 and parameters: {'window_influence': 0.6434789721926033, 'penalty_k': 0.3731275788922799, 'scale_lr': 0.3720907121799838}. Best is trial 1136 with value: 0.3697957394188016.
checkpoint_e33 window_influence: 0.48830875614830760, penalty_k: 0.07720477301707200, scale_lr: 0.54185509220675943, EAO: 0.330
Trial 1348 finished with value: 0.33025310371172567 and parameters: {'window_influence': 0.4883087561483076, 'penalty_k': 0.077204773017072, 'scale_lr': 0.5418550922067594}. Best is trial 1136 with value: 0.3697957394188016.
checkpoint_e33 window_influence: 0.46374125135277772, penalty_k: 0.13493910576924900, scale_lr: 0.75675122305009379, EAO: 0.331
Trial 1349 finished with value: 0.33118186630163676 and parameters: {'window_influence': 0.4637412513527777, 'penalty_k': 0.134939105769249, 'scale_lr': 0.7567512230500938}. Best is trial 1136 with value: 0.3697957394188016.
checkpoint_e33 window_influence: 0.47642116080639307, penalty_k: 0.57994281076093457, scale_lr: 0.43769731080155344, EAO: 0.308
Trial 1350 finished with value: 0.3078035904739617 and parameters: {'window_influence': 0.4764211608063931, 'penalty_k': 0.5799428107609346, 'scale_lr': 0.43769731080155344}. Best is trial 1136 with value: 0.3697957394188016.
checkpoint_e33 window_influence: 0.50521162705009337, penalty_k: 0.04511708364386065, scale_lr: 0.51177187771418031, EAO: 0.356
Trial 1351 finished with value: 0.355597435732296 and parameters: {'window_influence': 0.5052116270500934, 'penalty_k': 0.04511708364386065, 'scale_lr': 0.5117718777141803}. Best is trial 1136 with value: 0.3697957394188016.
checkpoint_e33 window_influence: 0.52659790618533531, penalty_k: 0.06457269270613179, scale_lr: 0.16629595824105220, EAO: 0.315
Trial 1352 finished with value: 0.31506169770014425 and parameters: {'window_influence': 0.5265979061853353, 'penalty_k': 0.06457269270613179, 'scale_lr': 0.1662959582410522}. Best is trial 1136 with value: 0.3697957394188016.
checkpoint_e33 window_influence: 0.55161665584896413, penalty_k: 0.02162427108619242, scale_lr: 0.12421839903947568, EAO: 0.305
Trial 1353 finished with value: 0.30472927665200217 and parameters: {'window_influence': 0.5516166558489641, 'penalty_k': 0.02162427108619242, 'scale_lr': 0.12421839903947568}. Best is trial 1136 with value: 0.3697957394188016.
checkpoint_e33 window_influence: 0.14083113211501697, penalty_k: 0.03522521058373385, scale_lr: 0.34682068993700310, EAO: 0.266
Trial 1354 finished with value: 0.2657339233136826 and parameters: {'window_influence': 0.14083113211501697, 'penalty_k': 0.035225210583733846, 'scale_lr': 0.3468206899370031}. Best is trial 1136 with value: 0.3697957394188016.
checkpoint_e33 window_influence: 0.49304429858203647, penalty_k: 0.05058479748299619, scale_lr: 0.30230101286168659, EAO: 0.333
Trial 1355 finished with value: 0.33319650787555755 and parameters: {'window_influence': 0.49304429858203647, 'penalty_k': 0.050584797482996186, 'scale_lr': 0.3023010128616866}. Best is trial 1136 with value: 0.3697957394188016.
checkpoint_e33 window_influence: 0.09239551074205710, penalty_k: 0.59864166659929108, scale_lr: 0.57369713555295687, EAO: 0.249
Trial 1356 finished with value: 0.2493746892951342 and parameters: {'window_influence': 0.0923955107420571, 'penalty_k': 0.5986416665992911, 'scale_lr': 0.5736971355529569}. Best is trial 1136 with value: 0.3697957394188016.
checkpoint_e33 window_influence: 0.45470746130638834, penalty_k: 0.01047537192165617, scale_lr: 0.12768111729836978, EAO: 0.349
Trial 1357 finished with value: 0.3488262488220452 and parameters: {'window_influence': 0.45470746130638834, 'penalty_k': 0.010475371921656165, 'scale_lr': 0.12768111729836978}. Best is trial 1136 with value: 0.3697957394188016.
checkpoint_e33 window_influence: 0.47071442599884145, penalty_k: 0.12231960975437875, scale_lr: 0.10873295613876448, EAO: 0.346
