A new study created in memory with name: no-name-06b203db-8ccd-4f41-b6d6-c9dbd2cb7982
checkpoint_e32 window_influence: 0.22163827278551823, penalty_k: 0.55528543717762502, scale_lr: 0.24680365603442006, EAO: 0.266
Trial 0 finished with value: 0.26627499398554344 and parameters: {'window_influence': 0.22163827278551823, 'penalty_k': 0.555285437177625, 'scale_lr': 0.24680365603442006}. Best is trial 0 with value: 0.26627499398554344.
checkpoint_e32 window_influence: 0.24754235806372243, penalty_k: 0.17173702528231088, scale_lr: 0.14174450065067343, EAO: 0.283
Trial 1 finished with value: 0.28316516356709404 and parameters: {'window_influence': 0.24754235806372243, 'penalty_k': 0.17173702528231088, 'scale_lr': 0.14174450065067343}. Best is trial 1 with value: 0.28316516356709404.
checkpoint_e32 window_influence: 0.50614861901587871, penalty_k: 0.04677648675194890, scale_lr: 0.23361386400699169, EAO: 0.309
Trial 2 finished with value: 0.30939239483863 and parameters: {'window_influence': 0.5061486190158787, 'penalty_k': 0.0467764867519489, 'scale_lr': 0.2336138640069917}. Best is trial 2 with value: 0.30939239483863.
checkpoint_e32 window_influence: 0.15456879546569896, penalty_k: 0.44569386747610651, scale_lr: 0.47957168854767485, EAO: 0.248
Trial 3 finished with value: 0.2483128741209609 and parameters: {'window_influence': 0.15456879546569896, 'penalty_k': 0.4456938674761065, 'scale_lr': 0.47957168854767485}. Best is trial 2 with value: 0.30939239483863.
checkpoint_e32 window_influence: 0.59128963178650618, penalty_k: 0.24785102263449782, scale_lr: 0.76469210437267687, EAO: 0.251
Trial 4 finished with value: 0.2507801940700887 and parameters: {'window_influence': 0.5912896317865062, 'penalty_k': 0.24785102263449782, 'scale_lr': 0.7646921043726769}. Best is trial 2 with value: 0.30939239483863.
checkpoint_e32 window_influence: 0.48854686927398483, penalty_k: 0.02399282485560099, scale_lr: 0.50318038174661084, EAO: 0.333
Trial 5 finished with value: 0.33272034474847845 and parameters: {'window_influence': 0.48854686927398483, 'penalty_k': 0.023992824855600992, 'scale_lr': 0.5031803817466108}. Best is trial 5 with value: 0.33272034474847845.
checkpoint_e32 window_influence: 0.21977475814798736, penalty_k: 0.42408493158946392, scale_lr: 0.36237000781425832, EAO: 0.274
Trial 6 finished with value: 0.273992783770487 and parameters: {'window_influence': 0.21977475814798736, 'penalty_k': 0.4240849315894639, 'scale_lr': 0.3623700078142583}. Best is trial 5 with value: 0.33272034474847845.
checkpoint_e32 window_influence: 0.13854269149014919, penalty_k: 0.29686094167070337, scale_lr: 0.49365950351447629, EAO: 0.256
Trial 7 finished with value: 0.25636930311468326 and parameters: {'window_influence': 0.1385426914901492, 'penalty_k': 0.29686094167070337, 'scale_lr': 0.4936595035144763}. Best is trial 5 with value: 0.33272034474847845.
checkpoint_e32 window_influence: 0.61419296006590840, penalty_k: 0.28053189056376798, scale_lr: 0.23359662989611443, EAO: 0.241
Trial 8 finished with value: 0.24122726053347385 and parameters: {'window_influence': 0.6141929600659084, 'penalty_k': 0.280531890563768, 'scale_lr': 0.23359662989611443}. Best is trial 5 with value: 0.33272034474847845.
checkpoint_e32 window_influence: 0.32940205495220537, penalty_k: 0.13201935420134342, scale_lr: 0.40526807673241028, EAO: 0.311
Trial 9 finished with value: 0.31120376625181634 and parameters: {'window_influence': 0.32940205495220537, 'penalty_k': 0.13201935420134342, 'scale_lr': 0.4052680767324103}. Best is trial 5 with value: 0.33272034474847845.
checkpoint_e32 window_influence: 0.48265071775860768, penalty_k: 0.04380216898955484, scale_lr: 0.58929323650572907, EAO: 0.328
Trial 10 finished with value: 0.32838111663606845 and parameters: {'window_influence': 0.4826507177586077, 'penalty_k': 0.04380216898955484, 'scale_lr': 0.5892932365057291}. Best is trial 5 with value: 0.33272034474847845.
checkpoint_e32 window_influence: 0.47734831630158275, penalty_k: 0.02659521030891058, scale_lr: 0.60625536627377030, EAO: 0.331
Trial 11 finished with value: 0.3309842250690386 and parameters: {'window_influence': 0.47734831630158275, 'penalty_k': 0.02659521030891058, 'scale_lr': 0.6062553662737703}. Best is trial 5 with value: 0.33272034474847845.
checkpoint_e32 window_influence: 0.45289234245287247, penalty_k: 0.00843815826080202, scale_lr: 0.62716783107964580, EAO: 0.331
Trial 12 finished with value: 0.3311949135728383 and parameters: {'window_influence': 0.45289234245287247, 'penalty_k': 0.008438158260802023, 'scale_lr': 0.6271678310796458}. Best is trial 5 with value: 0.33272034474847845.
checkpoint_e32 window_influence: 0.40236637731084679, penalty_k: 0.01105341842688166, scale_lr: 0.67469994140090495, EAO: 0.321
Trial 13 finished with value: 0.32142347607631166 and parameters: {'window_influence': 0.4023663773108468, 'penalty_k': 0.01105341842688166, 'scale_lr': 0.674699941400905}. Best is trial 5 with value: 0.33272034474847845.
checkpoint_e32 window_influence: 0.05714352261282590, penalty_k: 0.13205844604237812, scale_lr: 0.54354230740104958, EAO: 0.247
Trial 14 finished with value: 0.2467873980099125 and parameters: {'window_influence': 0.0571435226128259, 'penalty_k': 0.13205844604237812, 'scale_lr': 0.5435423074010496}. Best is trial 5 with value: 0.33272034474847845.
checkpoint_e32 window_influence: 0.37875838334306589, penalty_k: 0.10033562020736281, scale_lr: 0.67461425295609623, EAO: 0.309
Trial 15 finished with value: 0.30881020241210433 and parameters: {'window_influence': 0.3787583833430659, 'penalty_k': 0.10033562020736281, 'scale_lr': 0.6746142529560962}. Best is trial 5 with value: 0.33272034474847845.
checkpoint_e32 window_influence: 0.54758814793985122, penalty_k: 0.19600808847025020, scale_lr: 0.42225479721231512, EAO: 0.291
Trial 16 finished with value: 0.291060489149409 and parameters: {'window_influence': 0.5475881479398512, 'penalty_k': 0.1960080884702502, 'scale_lr': 0.4222547972123151}. Best is trial 5 with value: 0.33272034474847845.
checkpoint_e32 window_influence: 0.64089744250910996, penalty_k: 0.09121234476060229, scale_lr: 0.52342035597075265, EAO: 0.238
Trial 17 finished with value: 0.2379858478150015 and parameters: {'window_influence': 0.64089744250911, 'penalty_k': 0.09121234476060229, 'scale_lr': 0.5234203559707526}. Best is trial 5 with value: 0.33272034474847845.
checkpoint_e32 window_influence: 0.44643579433338276, penalty_k: 0.01465420436977361, scale_lr: 0.64868648995134148, EAO: 0.322
Trial 18 finished with value: 0.3221049304718173 and parameters: {'window_influence': 0.44643579433338276, 'penalty_k': 0.014654204369773608, 'scale_lr': 0.6486864899513415}. Best is trial 5 with value: 0.33272034474847845.
checkpoint_e32 window_influence: 0.54579887923691039, penalty_k: 0.20427354439314691, scale_lr: 0.78211877986096545, EAO: 0.286
Trial 19 finished with value: 0.2863818783936334 and parameters: {'window_influence': 0.5457988792369104, 'penalty_k': 0.2042735443931469, 'scale_lr': 0.7821187798609655}. Best is trial 5 with value: 0.33272034474847845.
checkpoint_e32 window_influence: 0.43890969594276258, penalty_k: 0.08412117338411856, scale_lr: 0.56421256872985448, EAO: 0.326
Trial 20 finished with value: 0.3264692503422615 and parameters: {'window_influence': 0.4389096959427626, 'penalty_k': 0.08412117338411856, 'scale_lr': 0.5642125687298545}. Best is trial 5 with value: 0.33272034474847845.
checkpoint_e32 window_influence: 0.48888601481128402, penalty_k: 0.02427449806362865, scale_lr: 0.60471684434868256, EAO: 0.329
Trial 21 finished with value: 0.3288032860723451 and parameters: {'window_influence': 0.488886014811284, 'penalty_k': 0.024274498063628653, 'scale_lr': 0.6047168443486826}. Best is trial 5 with value: 0.33272034474847845.
checkpoint_e32 window_influence: 0.34172669641212239, penalty_k: 0.00633082587284246, scale_lr: 0.61429305906746368, EAO: 0.331
Trial 22 finished with value: 0.3305206248964317 and parameters: {'window_influence': 0.3417266964121224, 'penalty_k': 0.006330825872842463, 'scale_lr': 0.6142930590674637}. Best is trial 5 with value: 0.33272034474847845.
checkpoint_e32 window_influence: 0.55087089141426937, penalty_k: 0.06517513583198296, scale_lr: 0.51109052759049123, EAO: 0.289
Trial 23 finished with value: 0.28913416942501813 and parameters: {'window_influence': 0.5508708914142694, 'penalty_k': 0.06517513583198296, 'scale_lr': 0.5110905275904912}. Best is trial 5 with value: 0.33272034474847845.
checkpoint_e32 window_influence: 0.42164815996871463, penalty_k: 0.14283767823071297, scale_lr: 0.70474261521284887, EAO: 0.318
Trial 24 finished with value: 0.3182500937105617 and parameters: {'window_influence': 0.42164815996871463, 'penalty_k': 0.14283767823071297, 'scale_lr': 0.7047426152128489}. Best is trial 5 with value: 0.33272034474847845.
checkpoint_e32 window_influence: 0.47212094659324738, penalty_k: 0.00078762742358906, scale_lr: 0.71827173265581812, EAO: 0.327
Trial 25 finished with value: 0.32731351209985604 and parameters: {'window_influence': 0.4721209465932474, 'penalty_k': 0.0007876274235890605, 'scale_lr': 0.7182717326558181}. Best is trial 5 with value: 0.33272034474847845.
checkpoint_e32 window_influence: 0.38383558780744931, penalty_k: 0.07330397270536315, scale_lr: 0.57711690582524866, EAO: 0.337
Trial 26 finished with value: 0.33744442648460893 and parameters: {'window_influence': 0.3838355878074493, 'penalty_k': 0.07330397270536315, 'scale_lr': 0.5771169058252487}. Best is trial 26 with value: 0.33744442648460893.
checkpoint_e32 window_influence: 0.38740375900966495, penalty_k: 0.07712261327484286, scale_lr: 0.54897002105303427, EAO: 0.311
Trial 27 finished with value: 0.3114005737731429 and parameters: {'window_influence': 0.38740375900966495, 'penalty_k': 0.07712261327484286, 'scale_lr': 0.5489700210530343}. Best is trial 26 with value: 0.33744442648460893.
checkpoint_e32 window_influence: 0.30016152097548865, penalty_k: 0.11057758399717577, scale_lr: 0.47161073254226138, EAO: 0.308
Trial 28 finished with value: 0.30785237925293846 and parameters: {'window_influence': 0.30016152097548865, 'penalty_k': 0.11057758399717577, 'scale_lr': 0.4716107325422614}. Best is trial 26 with value: 0.33744442648460893.
checkpoint_e32 window_influence: 0.38093670450706024, penalty_k: 0.06678191327839143, scale_lr: 0.62255209763628627, EAO: 0.324
Trial 29 finished with value: 0.32418920836096143 and parameters: {'window_influence': 0.38093670450706024, 'penalty_k': 0.06678191327839143, 'scale_lr': 0.6225520976362863}. Best is trial 26 with value: 0.33744442648460893.
checkpoint_e32 window_influence: 0.42607522899703920, penalty_k: 0.16109926928786819, scale_lr: 0.56814411866156378, EAO: 0.317
Trial 30 finished with value: 0.3171072293232387 and parameters: {'window_influence': 0.4260752289970392, 'penalty_k': 0.1610992692878682, 'scale_lr': 0.5681441186615638}. Best is trial 26 with value: 0.33744442648460893.
checkpoint_e32 window_influence: 0.45781963005866821, penalty_k: 0.03855375804859733, scale_lr: 0.64737707490000462, EAO: 0.321
Trial 31 finished with value: 0.32118273059681696 and parameters: {'window_influence': 0.4578196300586682, 'penalty_k': 0.038553758048597335, 'scale_lr': 0.6473770749000046}. Best is trial 26 with value: 0.33744442648460893.
checkpoint_e32 window_influence: 0.50795444711817650, penalty_k: 0.05377649793347283, scale_lr: 0.58578942389461819, EAO: 0.280
Trial 32 finished with value: 0.28005147038266814 and parameters: {'window_influence': 0.5079544471181765, 'penalty_k': 0.05377649793347283, 'scale_lr': 0.5857894238946182}. Best is trial 26 with value: 0.33744442648460893.
checkpoint_e32 window_influence: 0.41238766474336452, penalty_k: 0.11157485322837307, scale_lr: 0.50635656445273225, EAO: 0.315
Trial 33 finished with value: 0.31504459342835944 and parameters: {'window_influence': 0.4123876647433645, 'penalty_k': 0.11157485322837307, 'scale_lr': 0.5063565644527322}. Best is trial 26 with value: 0.33744442648460893.
checkpoint_e32 window_influence: 0.51048881718828465, penalty_k: 0.04249824505812150, scale_lr: 0.45666239826602290, EAO: 0.311
Trial 34 finished with value: 0.31096762720249044 and parameters: {'window_influence': 0.5104888171882846, 'penalty_k': 0.0424982450581215, 'scale_lr': 0.4566623982660229}. Best is trial 26 with value: 0.33744442648460893.
checkpoint_e32 window_influence: 0.45288119251574738, penalty_k: 0.00115752941026250, scale_lr: 0.55456059508722544, EAO: 0.329
Trial 35 finished with value: 0.32928618359658507 and parameters: {'window_influence': 0.4528811925157474, 'penalty_k': 0.0011575294102624959, 'scale_lr': 0.5545605950872254}. Best is trial 26 with value: 0.33744442648460893.
checkpoint_e32 window_influence: 0.36826971706738199, penalty_k: 0.06938006755094663, scale_lr: 0.72908141473487198, EAO: 0.329
Trial 36 finished with value: 0.3293190753297583 and parameters: {'window_influence': 0.368269717067382, 'penalty_k': 0.06938006755094663, 'scale_lr': 0.729081414734872}. Best is trial 26 with value: 0.33744442648460893.
checkpoint_e32 window_influence: 0.52325615159676730, penalty_k: 0.17617859916342624, scale_lr: 0.62995418042866069, EAO: 0.301
Trial 37 finished with value: 0.30116790219967465 and parameters: {'window_influence': 0.5232561515967673, 'penalty_k': 0.17617859916342624, 'scale_lr': 0.6299541804286607}. Best is trial 26 with value: 0.33744442648460893.
checkpoint_e32 window_influence: 0.57939024077116574, penalty_k: 0.04006920885089266, scale_lr: 0.52627552867804706, EAO: 0.271
Trial 38 finished with value: 0.27146905202578014 and parameters: {'window_influence': 0.5793902407711657, 'penalty_k': 0.04006920885089266, 'scale_lr': 0.526275528678047}. Best is trial 26 with value: 0.33744442648460893.
checkpoint_e32 window_influence: 0.46507583384544054, penalty_k: 0.11418740880699405, scale_lr: 0.47610734975791791, EAO: 0.327
Trial 39 finished with value: 0.32715010921314996 and parameters: {'window_influence': 0.46507583384544054, 'penalty_k': 0.11418740880699405, 'scale_lr': 0.4761073497579179}. Best is trial 26 with value: 0.33744442648460893.
checkpoint_e32 window_influence: 0.30430820007386933, penalty_k: 0.35312176027333270, scale_lr: 0.58053467293482908, EAO: 0.300
Trial 40 finished with value: 0.29973028692985787 and parameters: {'window_influence': 0.30430820007386933, 'penalty_k': 0.3531217602733327, 'scale_lr': 0.5805346729348291}. Best is trial 26 with value: 0.33744442648460893.
checkpoint_e32 window_influence: 0.41184005457057704, penalty_k: 0.00089551274458004, scale_lr: 0.59837903294551797, EAO: 0.323
Trial 41 finished with value: 0.32305581125535854 and parameters: {'window_influence': 0.41184005457057704, 'penalty_k': 0.0008955127445800445, 'scale_lr': 0.598379032945518}. Best is trial 26 with value: 0.33744442648460893.
checkpoint_e32 window_influence: 0.32585633886554188, penalty_k: 0.03680687773592912, scale_lr: 0.61678410683346718, EAO: 0.326
Trial 42 finished with value: 0.32581765062614176 and parameters: {'window_influence': 0.3258563388655419, 'penalty_k': 0.036806877735929125, 'scale_lr': 0.6167841068334672}. Best is trial 26 with value: 0.33744442648460893.
checkpoint_e32 window_influence: 0.36133455007310056, penalty_k: 0.07717750582230293, scale_lr: 0.67334210947215156, EAO: 0.315
Trial 43 finished with value: 0.3145811797811827 and parameters: {'window_influence': 0.36133455007310056, 'penalty_k': 0.07717750582230293, 'scale_lr': 0.6733421094721516}. Best is trial 26 with value: 0.33744442648460893.
checkpoint_e32 window_influence: 0.49387721384720462, penalty_k: 0.02195825436117438, scale_lr: 0.49306041943744561, EAO: 0.312
Trial 44 finished with value: 0.31216167238203935 and parameters: {'window_influence': 0.4938772138472046, 'penalty_k': 0.02195825436117438, 'scale_lr': 0.4930604194374456}. Best is trial 26 with value: 0.33744442648460893.
checkpoint_e32 window_influence: 0.33715165800588026, penalty_k: 0.04252357900241492, scale_lr: 0.64607337015940114, EAO: 0.313
Trial 45 finished with value: 0.31296438674518573 and parameters: {'window_influence': 0.33715165800588026, 'penalty_k': 0.04252357900241492, 'scale_lr': 0.6460733701594011}. Best is trial 26 with value: 0.33744442648460893.
checkpoint_e32 window_influence: 0.39302021755370797, penalty_k: 0.09396155836747268, scale_lr: 0.43335104842495376, EAO: 0.349
Trial 46 finished with value: 0.34922455813634257 and parameters: {'window_influence': 0.393020217553708, 'penalty_k': 0.09396155836747268, 'scale_lr': 0.43335104842495376}. Best is trial 46 with value: 0.34922455813634257.
checkpoint_e32 window_influence: 0.40045609256172382, penalty_k: 0.08971036624016734, scale_lr: 0.42373093365867753, EAO: 0.320
Trial 47 finished with value: 0.31988780014941665 and parameters: {'window_influence': 0.4004560925617238, 'penalty_k': 0.08971036624016734, 'scale_lr': 0.42373093365867753}. Best is trial 46 with value: 0.34922455813634257.
checkpoint_e32 window_influence: 0.43302650929043590, penalty_k: 0.13279425576064910, scale_lr: 0.38534357389068674, EAO: 0.331
Trial 48 finished with value: 0.33142467533104153 and parameters: {'window_influence': 0.4330265092904359, 'penalty_k': 0.1327942557606491, 'scale_lr': 0.38534357389068674}. Best is trial 46 with value: 0.34922455813634257.
checkpoint_e32 window_influence: 0.43515959106337804, penalty_k: 0.14636454900079407, scale_lr: 0.37789979335372698, EAO: 0.308
Trial 49 finished with value: 0.30794107357351697 and parameters: {'window_influence': 0.43515959106337804, 'penalty_k': 0.14636454900079407, 'scale_lr': 0.377899793353727}. Best is trial 46 with value: 0.34922455813634257.
checkpoint_e32 window_influence: 0.38849136766980596, penalty_k: 0.11671338197669995, scale_lr: 0.31822966434708017, EAO: 0.331
Trial 50 finished with value: 0.33146130638595683 and parameters: {'window_influence': 0.38849136766980596, 'penalty_k': 0.11671338197669995, 'scale_lr': 0.31822966434708017}. Best is trial 46 with value: 0.34922455813634257.
checkpoint_e32 window_influence: 0.39334579673335240, penalty_k: 0.12679092843454903, scale_lr: 0.30869570440827282, EAO: 0.326
Trial 51 finished with value: 0.32622654011277374 and parameters: {'window_influence': 0.3933457967333524, 'penalty_k': 0.12679092843454903, 'scale_lr': 0.3086957044082728}. Best is trial 46 with value: 0.34922455813634257.
checkpoint_e32 window_influence: 0.43409853745698146, penalty_k: 0.10242959270464813, scale_lr: 0.34887352203172978, EAO: 0.325
Trial 52 finished with value: 0.3249634082795117 and parameters: {'window_influence': 0.43409853745698146, 'penalty_k': 0.10242959270464813, 'scale_lr': 0.3488735220317298}. Best is trial 46 with value: 0.34922455813634257.
checkpoint_e32 window_influence: 0.37021698428187155, penalty_k: 0.06206798438125741, scale_lr: 0.43130437260733334, EAO: 0.332
Trial 53 finished with value: 0.33202052139586513 and parameters: {'window_influence': 0.37021698428187155, 'penalty_k': 0.062067984381257414, 'scale_lr': 0.43130437260733334}. Best is trial 46 with value: 0.34922455813634257.
checkpoint_e32 window_influence: 0.35629297939950932, penalty_k: 0.12797963472298768, scale_lr: 0.43518559227046905, EAO: 0.322
Trial 54 finished with value: 0.3215355288657697 and parameters: {'window_influence': 0.3562929793995093, 'penalty_k': 0.12797963472298768, 'scale_lr': 0.43518559227046905}. Best is trial 46 with value: 0.34922455813634257.
checkpoint_e32 window_influence: 0.38093462462521532, penalty_k: 0.21874908223848794, scale_lr: 0.40444707265294788, EAO: 0.320
Trial 55 finished with value: 0.3202439095491565 and parameters: {'window_influence': 0.3809346246252153, 'penalty_k': 0.21874908223848794, 'scale_lr': 0.4044470726529479}. Best is trial 46 with value: 0.34922455813634257.
checkpoint_e32 window_influence: 0.41527439069383121, penalty_k: 0.16219412476015421, scale_lr: 0.45032531808705256, EAO: 0.317
Trial 56 finished with value: 0.31675915060572124 and parameters: {'window_influence': 0.4152743906938312, 'penalty_k': 0.1621941247601542, 'scale_lr': 0.45032531808705256}. Best is trial 46 with value: 0.34922455813634257.
checkpoint_e32 window_influence: 0.40105073785895395, penalty_k: 0.09176510248542100, scale_lr: 0.32344562954737943, EAO: 0.316
Trial 57 finished with value: 0.3164773019835179 and parameters: {'window_influence': 0.40105073785895395, 'penalty_k': 0.091765102485421, 'scale_lr': 0.32344562954737943}. Best is trial 46 with value: 0.34922455813634257.
checkpoint_e32 window_influence: 0.47451282713878590, penalty_k: 0.05734346642839247, scale_lr: 0.39661194940785127, EAO: 0.323
Trial 58 finished with value: 0.3230417462406455 and parameters: {'window_influence': 0.4745128271387859, 'penalty_k': 0.05734346642839247, 'scale_lr': 0.39661194940785127}. Best is trial 46 with value: 0.34922455813634257.
checkpoint_e32 window_influence: 0.37232797658041533, penalty_k: 0.06068054852274840, scale_lr: 0.44847109905199811, EAO: 0.325
Trial 59 finished with value: 0.3250056237330233 and parameters: {'window_influence': 0.37232797658041533, 'penalty_k': 0.0606805485227484, 'scale_lr': 0.4484710990519981}. Best is trial 46 with value: 0.34922455813634257.
checkpoint_e32 window_influence: 0.44362923587402953, penalty_k: 0.14379279324786670, scale_lr: 0.48333153746810015, EAO: 0.328
Trial 60 finished with value: 0.3275835374913791 and parameters: {'window_influence': 0.4436292358740295, 'penalty_k': 0.1437927932478667, 'scale_lr': 0.48333153746810015}. Best is trial 46 with value: 0.34922455813634257.
checkpoint_e32 window_influence: 0.45529461103245056, penalty_k: 0.08366044924319008, scale_lr: 0.52264094510795145, EAO: 0.319
Trial 61 finished with value: 0.31915720908790246 and parameters: {'window_influence': 0.45529461103245056, 'penalty_k': 0.08366044924319008, 'scale_lr': 0.5226409451079514}. Best is trial 46 with value: 0.34922455813634257.
checkpoint_e32 window_influence: 0.42411979562474467, penalty_k: 0.02019264573177167, scale_lr: 0.38784839695212969, EAO: 0.319
