Trial 764 finished with value: 0.32713470373172243 and parameters: {'window_influence': 0.4701822351412708, 'penalty_k': 0.0015375102837092425, 'scale_lr': 0.7595527849134543}. Best is trial 164 with value: 0.3660086329577034.
checkpoint_e29 window_influence: 0.40423718885048127, penalty_k: 0.38753185660202655, scale_lr: 0.64306487083779362, EAO: 0.325
Trial 765 finished with value: 0.3251701181732727 and parameters: {'window_influence': 0.40423718885048127, 'penalty_k': 0.38753185660202655, 'scale_lr': 0.6430648708377936}. Best is trial 164 with value: 0.3660086329577034.
checkpoint_e29 window_influence: 0.43258296008464869, penalty_k: 0.33651073163145695, scale_lr: 0.52355862104066964, EAO: 0.331
Trial 766 finished with value: 0.33096680822075575 and parameters: {'window_influence': 0.4325829600846487, 'penalty_k': 0.33651073163145695, 'scale_lr': 0.5235586210406696}. Best is trial 164 with value: 0.3660086329577034.
checkpoint_e29 window_influence: 0.45550871784026936, penalty_k: 0.31048307972230771, scale_lr: 0.54666529248041251, EAO: 0.331
Trial 767 finished with value: 0.3312205909986904 and parameters: {'window_influence': 0.45550871784026936, 'penalty_k': 0.3104830797223077, 'scale_lr': 0.5466652924804125}. Best is trial 164 with value: 0.3660086329577034.
checkpoint_e29 window_influence: 0.31720285434971729, penalty_k: 0.35320761777723209, scale_lr: 0.49982735050150146, EAO: 0.314
Trial 768 finished with value: 0.31395942361206397 and parameters: {'window_influence': 0.3172028543497173, 'penalty_k': 0.3532076177772321, 'scale_lr': 0.49982735050150146}. Best is trial 164 with value: 0.3660086329577034.
checkpoint_e29 window_influence: 0.35896966282621295, penalty_k: 0.04973604226404921, scale_lr: 0.62066975328770424, EAO: 0.330
Trial 769 finished with value: 0.330363793711718 and parameters: {'window_influence': 0.35896966282621295, 'penalty_k': 0.04973604226404921, 'scale_lr': 0.6206697532877042}. Best is trial 164 with value: 0.3660086329577034.
checkpoint_e29 window_influence: 0.49245501158515298, penalty_k: 0.40129283337353372, scale_lr: 0.69376141575364969, EAO: 0.326
Trial 770 finished with value: 0.3261209596455793 and parameters: {'window_influence': 0.492455011585153, 'penalty_k': 0.4012928333735337, 'scale_lr': 0.6937614157536497}. Best is trial 164 with value: 0.3660086329577034.
checkpoint_e29 window_influence: 0.61209826433700010, penalty_k: 0.37579807718257968, scale_lr: 0.78298827106873725, EAO: 0.250
Trial 771 finished with value: 0.2501013148503545 and parameters: {'window_influence': 0.6120982643370001, 'penalty_k': 0.3757980771825797, 'scale_lr': 0.7829882710687373}. Best is trial 164 with value: 0.3660086329577034.
checkpoint_e29 window_influence: 0.33783523221758494, penalty_k: 0.12453067529064735, scale_lr: 0.59797805196851272, EAO: 0.334
Trial 772 finished with value: 0.33390649306634984 and parameters: {'window_influence': 0.33783523221758494, 'penalty_k': 0.12453067529064735, 'scale_lr': 0.5979780519685127}. Best is trial 164 with value: 0.3660086329577034.
checkpoint_e29 window_influence: 0.44048986329218409, penalty_k: 0.41698226259333393, scale_lr: 0.65464482392109502, EAO: 0.331
Trial 773 finished with value: 0.33074360668427283 and parameters: {'window_influence': 0.4404898632921841, 'penalty_k': 0.41698226259333393, 'scale_lr': 0.654644823921095}. Best is trial 164 with value: 0.3660086329577034.
checkpoint_e29 window_influence: 0.57059502940415685, penalty_k: 0.36404785792396888, scale_lr: 0.79995876143724676, EAO: 0.258
Trial 774 finished with value: 0.25767999858475843 and parameters: {'window_influence': 0.5705950294041569, 'penalty_k': 0.3640478579239689, 'scale_lr': 0.7999587614372468}. Best is trial 164 with value: 0.3660086329577034.
checkpoint_e29 window_influence: 0.27058022779129509, penalty_k: 0.39284581579503547, scale_lr: 0.29918494268911344, EAO: 0.279
Trial 775 finished with value: 0.279069707203468 and parameters: {'window_influence': 0.2705802277912951, 'penalty_k': 0.39284581579503547, 'scale_lr': 0.29918494268911344}. Best is trial 164 with value: 0.3660086329577034.
checkpoint_e29 window_influence: 0.12966999214569266, penalty_k: 0.48301333411789998, scale_lr: 0.58534268197812522, EAO: 0.252
Trial 776 finished with value: 0.25159398370679714 and parameters: {'window_influence': 0.12966999214569266, 'penalty_k': 0.4830133341179, 'scale_lr': 0.5853426819781252}. Best is trial 164 with value: 0.3660086329577034.
checkpoint_e29 window_influence: 0.19102772755953223, penalty_k: 0.34222229645951996, scale_lr: 0.72434468737460278, EAO: 0.299
Trial 777 finished with value: 0.2987715608878822 and parameters: {'window_influence': 0.19102772755953223, 'penalty_k': 0.34222229645951996, 'scale_lr': 0.7243446873746028}. Best is trial 164 with value: 0.3660086329577034.
checkpoint_e29 window_influence: 0.10510260277830599, penalty_k: 0.43656914727840507, scale_lr: 0.63125752696536319, EAO: 0.254
Trial 778 finished with value: 0.2539439752176114 and parameters: {'window_influence': 0.10510260277830599, 'penalty_k': 0.43656914727840507, 'scale_lr': 0.6312575269653632}. Best is trial 164 with value: 0.3660086329577034.
checkpoint_e29 window_influence: 0.05781746402296001, penalty_k: 0.28012307893533434, scale_lr: 0.77179592415875919, EAO: 0.259
Trial 779 finished with value: 0.2591183344445804 and parameters: {'window_influence': 0.05781746402296001, 'penalty_k': 0.28012307893533434, 'scale_lr': 0.7717959241587592}. Best is trial 164 with value: 0.3660086329577034.
checkpoint_e29 window_influence: 0.37480717579720874, penalty_k: 0.46240629969949743, scale_lr: 0.61367395510022615, EAO: 0.316
Trial 780 finished with value: 0.31620867121312407 and parameters: {'window_influence': 0.37480717579720874, 'penalty_k': 0.4624062996994974, 'scale_lr': 0.6136739551002262}. Best is trial 164 with value: 0.3660086329577034.
checkpoint_e29 window_influence: 0.40913195116799939, penalty_k: 0.38119824000219454, scale_lr: 0.71069290699621412, EAO: 0.319
Trial 781 finished with value: 0.31917486006415774 and parameters: {'window_influence': 0.4091319511679994, 'penalty_k': 0.38119824000219454, 'scale_lr': 0.7106929069962141}. Best is trial 164 with value: 0.3660086329577034.
checkpoint_e29 window_influence: 0.39238523659660085, penalty_k: 0.08357013692232645, scale_lr: 0.47869250046231443, EAO: 0.335
Trial 782 finished with value: 0.3353906110334953 and parameters: {'window_influence': 0.39238523659660085, 'penalty_k': 0.08357013692232645, 'scale_lr': 0.47869250046231443}. Best is trial 164 with value: 0.3660086329577034.
checkpoint_e29 window_influence: 0.42460845915768475, penalty_k: 0.32476689678490589, scale_lr: 0.40451617327286221, EAO: 0.332
Trial 783 finished with value: 0.3324714209087164 and parameters: {'window_influence': 0.42460845915768475, 'penalty_k': 0.3247668967849059, 'scale_lr': 0.4045161732728622}. Best is trial 164 with value: 0.3660086329577034.
checkpoint_e29 window_influence: 0.07820890170130690, penalty_k: 0.03594511858537119, scale_lr: 0.56538169398642180, EAO: 0.239
Trial 784 finished with value: 0.2388063644272808 and parameters: {'window_influence': 0.0782089017013069, 'penalty_k': 0.035945118585371194, 'scale_lr': 0.5653816939864218}. Best is trial 164 with value: 0.3660086329577034.
checkpoint_e29 window_influence: 0.46269662390055016, penalty_k: 0.40507871883930979, scale_lr: 0.60208680391359404, EAO: 0.335
Trial 785 finished with value: 0.3354489502971738 and parameters: {'window_influence': 0.46269662390055016, 'penalty_k': 0.4050787188393098, 'scale_lr': 0.602086803913594}. Best is trial 164 with value: 0.3660086329577034.
checkpoint_e29 window_influence: 0.58611803032917487, penalty_k: 0.05007703393604676, scale_lr: 0.67011394196829988, EAO: 0.269
Trial 786 finished with value: 0.26883578091743854 and parameters: {'window_influence': 0.5861180303291749, 'penalty_k': 0.05007703393604676, 'scale_lr': 0.6701139419682999}. Best is trial 164 with value: 0.3660086329577034.
checkpoint_e29 window_influence: 0.34846089859193230, penalty_k: 0.35322176109999415, scale_lr: 0.75006525855353567, EAO: 0.336
Trial 787 finished with value: 0.33639414347563273 and parameters: {'window_influence': 0.3484608985919323, 'penalty_k': 0.35322176109999415, 'scale_lr': 0.7500652585535357}. Best is trial 164 with value: 0.3660086329577034.
checkpoint_e29 window_influence: 0.36637984078098501, penalty_k: 0.58566981532241758, scale_lr: 0.63543141312248941, EAO: 0.337
Trial 788 finished with value: 0.33696736563504437 and parameters: {'window_influence': 0.366379840780985, 'penalty_k': 0.5856698153224176, 'scale_lr': 0.6354314131224894}. Best is trial 164 with value: 0.3660086329577034.
checkpoint_e29 window_influence: 0.08729315142717115, penalty_k: 0.29703360648476407, scale_lr: 0.57630903500239494, EAO: 0.248
Trial 789 finished with value: 0.24801932501421828 and parameters: {'window_influence': 0.08729315142717115, 'penalty_k': 0.29703360648476407, 'scale_lr': 0.5763090350023949}. Best is trial 164 with value: 0.3660086329577034.
checkpoint_e29 window_influence: 0.44718222792528911, penalty_k: 0.36956974430894374, scale_lr: 0.43859893716272458, EAO: 0.352
Trial 790 finished with value: 0.35173922243749123 and parameters: {'window_influence': 0.4471822279252891, 'penalty_k': 0.36956974430894374, 'scale_lr': 0.4385989371627246}. Best is trial 164 with value: 0.3660086329577034.
checkpoint_e29 window_influence: 0.48396609175300853, penalty_k: 0.36299003715908668, scale_lr: 0.54901140931785564, EAO: 0.334
Trial 791 finished with value: 0.33404149294827234 and parameters: {'window_influence': 0.48396609175300853, 'penalty_k': 0.3629900371590867, 'scale_lr': 0.5490114093178556}. Best is trial 164 with value: 0.3660086329577034.
checkpoint_e29 window_influence: 0.45178407879818455, penalty_k: 0.37116471565056192, scale_lr: 0.43897498856561207, EAO: 0.336
Trial 792 finished with value: 0.33558864224745605 and parameters: {'window_influence': 0.45178407879818455, 'penalty_k': 0.3711647156505619, 'scale_lr': 0.43897498856561207}. Best is trial 164 with value: 0.3660086329577034.
checkpoint_e29 window_influence: 0.32950402418291824, penalty_k: 0.34407793075262227, scale_lr: 0.49660129945505849, EAO: 0.299
Trial 793 finished with value: 0.2986026541964089 and parameters: {'window_influence': 0.32950402418291824, 'penalty_k': 0.3440779307526223, 'scale_lr': 0.4966012994550585}. Best is trial 164 with value: 0.3660086329577034.
checkpoint_e29 window_influence: 0.38098176202607864, penalty_k: 0.26037003222324889, scale_lr: 0.43142723781670522, EAO: 0.333
Trial 794 finished with value: 0.33315424487748496 and parameters: {'window_influence': 0.38098176202607864, 'penalty_k': 0.2603700322232489, 'scale_lr': 0.4314272378167052}. Best is trial 164 with value: 0.3660086329577034.
checkpoint_e29 window_influence: 0.47084706257641357, penalty_k: 0.39267971661415740, scale_lr: 0.44982701774207207, EAO: 0.330
Trial 795 finished with value: 0.3304869732040376 and parameters: {'window_influence': 0.47084706257641357, 'penalty_k': 0.3926797166141574, 'scale_lr': 0.44982701774207207}. Best is trial 164 with value: 0.3660086329577034.
checkpoint_e29 window_influence: 0.50420417641859727, penalty_k: 0.42504302931691518, scale_lr: 0.45219158773227747, EAO: 0.306
Trial 796 finished with value: 0.3059609700501661 and parameters: {'window_influence': 0.5042041764185973, 'penalty_k': 0.4250430293169152, 'scale_lr': 0.45219158773227747}. Best is trial 164 with value: 0.3660086329577034.
checkpoint_e29 window_influence: 0.39915619682258774, penalty_k: 0.31813544516892589, scale_lr: 0.47432784484516355, EAO: 0.331
Trial 797 finished with value: 0.33137315766820646 and parameters: {'window_influence': 0.39915619682258774, 'penalty_k': 0.3181354451689259, 'scale_lr': 0.47432784484516355}. Best is trial 164 with value: 0.3660086329577034.
checkpoint_e29 window_influence: 0.35800150195559755, penalty_k: 0.41061532591331584, scale_lr: 0.53260396162560164, EAO: 0.332
Trial 798 finished with value: 0.3322201131730692 and parameters: {'window_influence': 0.35800150195559755, 'penalty_k': 0.41061532591331584, 'scale_lr': 0.5326039616256016}. Best is trial 164 with value: 0.3660086329577034.
checkpoint_e29 window_influence: 0.38580058489814112, penalty_k: 0.35713042753069357, scale_lr: 0.58851270459474359, EAO: 0.310
Trial 799 finished with value: 0.31031928347706333 and parameters: {'window_influence': 0.3858005848981411, 'penalty_k': 0.3571304275306936, 'scale_lr': 0.5885127045947436}. Best is trial 164 with value: 0.3660086329577034.
checkpoint_e29 window_influence: 0.57660545079835845, penalty_k: 0.33323072322772729, scale_lr: 0.43974797444903935, EAO: 0.281
Trial 800 finished with value: 0.28104267446215514 and parameters: {'window_influence': 0.5766054507983585, 'penalty_k': 0.3332307232277273, 'scale_lr': 0.43974797444903935}. Best is trial 164 with value: 0.3660086329577034.
checkpoint_e29 window_influence: 0.44880670438147646, penalty_k: 0.38099065762594048, scale_lr: 0.42797750593706396, EAO: 0.334
Trial 801 finished with value: 0.33392591501952146 and parameters: {'window_influence': 0.44880670438147646, 'penalty_k': 0.3809906576259405, 'scale_lr': 0.42797750593706396}. Best is trial 164 with value: 0.3660086329577034.
checkpoint_e29 window_influence: 0.62737262094315671, penalty_k: 0.50544076159798446, scale_lr: 0.17011039849277199, EAO: 0.238
Trial 802 finished with value: 0.23842113444777313 and parameters: {'window_influence': 0.6273726209431567, 'penalty_k': 0.5054407615979845, 'scale_lr': 0.17011039849277199}. Best is trial 164 with value: 0.3660086329577034.
checkpoint_e29 window_influence: 0.41429707208785077, penalty_k: 0.30212611910731541, scale_lr: 0.74357679614179073, EAO: 0.340
Trial 803 finished with value: 0.3401449284432927 and parameters: {'window_influence': 0.41429707208785077, 'penalty_k': 0.3021261191073154, 'scale_lr': 0.7435767961417907}. Best is trial 164 with value: 0.3660086329577034.
checkpoint_e29 window_influence: 0.53112006017080049, penalty_k: 0.39979946166610530, scale_lr: 0.76521217790297491, EAO: 0.298
Trial 804 finished with value: 0.2984005044638415 and parameters: {'window_influence': 0.5311200601708005, 'penalty_k': 0.3997994616661053, 'scale_lr': 0.7652121779029749}. Best is trial 164 with value: 0.3660086329577034.
checkpoint_e29 window_influence: 0.46339916660249902, penalty_k: 0.46771910001877137, scale_lr: 0.21703852616542707, EAO: 0.318
Trial 805 finished with value: 0.31789625236032537 and parameters: {'window_influence': 0.463399166602499, 'penalty_k': 0.46771910001877137, 'scale_lr': 0.21703852616542707}. Best is trial 164 with value: 0.3660086329577034.
checkpoint_e29 window_influence: 0.43862531969188967, penalty_k: 0.36994819912280591, scale_lr: 0.30312426715178542, EAO: 0.317
Trial 806 finished with value: 0.31662455978096693 and parameters: {'window_influence': 0.43862531969188967, 'penalty_k': 0.3699481991228059, 'scale_lr': 0.3031242671517854}. Best is trial 164 with value: 0.3660086329577034.
checkpoint_e29 window_influence: 0.36966392894729144, penalty_k: 0.23057918122589005, scale_lr: 0.41976998922078579, EAO: 0.330
Trial 807 finished with value: 0.3297330775381526 and parameters: {'window_influence': 0.36966392894729144, 'penalty_k': 0.23057918122589005, 'scale_lr': 0.4197699892207858}. Best is trial 164 with value: 0.3660086329577034.
checkpoint_e29 window_influence: 0.59455364297263047, penalty_k: 0.02072102095435890, scale_lr: 0.73084247890765897, EAO: 0.246
Trial 808 finished with value: 0.24649314043122972 and parameters: {'window_influence': 0.5945536429726305, 'penalty_k': 0.020721020954358904, 'scale_lr': 0.730842478907659}. Best is trial 164 with value: 0.3660086329577034.
checkpoint_e29 window_influence: 0.34538224806065898, penalty_k: 0.07672616270837329, scale_lr: 0.70700740271970242, EAO: 0.299
Trial 809 finished with value: 0.2985954277710228 and parameters: {'window_influence': 0.345382248060659, 'penalty_k': 0.07672616270837329, 'scale_lr': 0.7070074027197024}. Best is trial 164 with value: 0.3660086329577034.
checkpoint_e29 window_influence: 0.30987763342262387, penalty_k: 0.38936596697591958, scale_lr: 0.60459973194205563, EAO: 0.302
Trial 810 finished with value: 0.30213426007139077 and parameters: {'window_influence': 0.30987763342262387, 'penalty_k': 0.3893659669759196, 'scale_lr': 0.6045997319420556}. Best is trial 164 with value: 0.3660086329577034.
checkpoint_e29 window_influence: 0.13423198217474264, penalty_k: 0.11027258332825909, scale_lr: 0.51275276084179888, EAO: 0.277
Trial 811 finished with value: 0.2774954518223551 and parameters: {'window_influence': 0.13423198217474264, 'penalty_k': 0.1102725833282591, 'scale_lr': 0.5127527608417989}. Best is trial 164 with value: 0.3660086329577034.
checkpoint_e29 window_influence: 0.25290067276543599, penalty_k: 0.14554735095964175, scale_lr: 0.68132573490311055, EAO: 0.295
Trial 812 finished with value: 0.2946510076058978 and parameters: {'window_influence': 0.252900672765436, 'penalty_k': 0.14554735095964175, 'scale_lr': 0.6813257349031105}. Best is trial 164 with value: 0.3660086329577034.
checkpoint_e29 window_influence: 0.39980309573686196, penalty_k: 0.35406864666693866, scale_lr: 0.40813881815683067, EAO: 0.331
Trial 813 finished with value: 0.3309145023618691 and parameters: {'window_influence': 0.39980309573686196, 'penalty_k': 0.35406864666693866, 'scale_lr': 0.4081388181568307}. Best is trial 164 with value: 0.3660086329577034.
checkpoint_e29 window_influence: 0.42719923818222588, penalty_k: 0.41678087675197162, scale_lr: 0.62018808525437097, EAO: 0.354
Trial 814 finished with value: 0.3544573126368022 and parameters: {'window_influence': 0.4271992381822259, 'penalty_k': 0.4167808767519716, 'scale_lr': 0.620188085254371}. Best is trial 164 with value: 0.3660086329577034.
checkpoint_e29 window_influence: 0.43253235934406081, penalty_k: 0.43646026392435883, scale_lr: 0.62087040338046362, EAO: 0.336
Trial 815 finished with value: 0.3360164811407082 and parameters: {'window_influence': 0.4325323593440608, 'penalty_k': 0.4364602639243588, 'scale_lr': 0.6208704033804636}. Best is trial 164 with value: 0.3660086329577034.
checkpoint_e29 window_influence: 0.54352101473276582, penalty_k: 0.44855059349377391, scale_lr: 0.61773684429586007, EAO: 0.275
Trial 816 finished with value: 0.27543438112921287 and parameters: {'window_influence': 0.5435210147327658, 'penalty_k': 0.4485505934937739, 'scale_lr': 0.6177368442958601}. Best is trial 164 with value: 0.3660086329577034.
checkpoint_e29 window_influence: 0.42829653362658582, penalty_k: 0.41579674729525845, scale_lr: 0.65474975334364660, EAO: 0.324
Trial 817 finished with value: 0.32414811507505203 and parameters: {'window_influence': 0.4282965336265858, 'penalty_k': 0.41579674729525845, 'scale_lr': 0.6547497533436466}. Best is trial 164 with value: 0.3660086329577034.
checkpoint_e29 window_influence: 0.44230359945167158, penalty_k: 0.42624761102216691, scale_lr: 0.63207368704130917, EAO: 0.312
Trial 818 finished with value: 0.31163489888150403 and parameters: {'window_influence': 0.4423035994516716, 'penalty_k': 0.4262476110221669, 'scale_lr': 0.6320736870413092}. Best is trial 164 with value: 0.3660086329577034.
checkpoint_e29 window_influence: 0.59548277891555557, penalty_k: 0.41703594553043488, scale_lr: 0.64444453731488016, EAO: 0.244
Trial 819 finished with value: 0.24448856102585328 and parameters: {'window_influence': 0.5954827789155556, 'penalty_k': 0.4170359455304349, 'scale_lr': 0.6444445373148802}. Best is trial 164 with value: 0.3660086329577034.
checkpoint_e29 window_influence: 0.61043017964936164, penalty_k: 0.42852130181513126, scale_lr: 0.40382118343847689, EAO: 0.240
Trial 820 finished with value: 0.24030869822325873 and parameters: {'window_influence': 0.6104301796493616, 'penalty_k': 0.42852130181513126, 'scale_lr': 0.4038211834384769}. Best is trial 164 with value: 0.3660086329577034.
checkpoint_e29 window_influence: 0.13530796159920461, penalty_k: 0.49267640681756536, scale_lr: 0.61769557037190226, EAO: 0.263
Trial 821 finished with value: 0.2628376071091292 and parameters: {'window_influence': 0.1353079615992046, 'penalty_k': 0.49267640681756536, 'scale_lr': 0.6176955703719023}. Best is trial 164 with value: 0.3660086329577034.
checkpoint_e29 window_influence: 0.33178032948510222, penalty_k: 0.40535221090010531, scale_lr: 0.46161292862192849, EAO: 0.328
Trial 822 finished with value: 0.328113109453179 and parameters: {'window_influence': 0.3317803294851022, 'penalty_k': 0.4053522109001053, 'scale_lr': 0.4616129286219285}. Best is trial 164 with value: 0.3660086329577034.
checkpoint_e29 window_influence: 0.58638727779441724, penalty_k: 0.20020748086768891, scale_lr: 0.60865274767908817, EAO: 0.262
Trial 823 finished with value: 0.2615613126221334 and parameters: {'window_influence': 0.5863872777944172, 'penalty_k': 0.20020748086768891, 'scale_lr': 0.6086527476790882}. Best is trial 164 with value: 0.3660086329577034.
checkpoint_e29 window_influence: 0.45480124070282429, penalty_k: 0.40523988063267297, scale_lr: 0.78138148545254882, EAO: 0.299
Trial 824 finished with value: 0.2993294931803232 and parameters: {'window_influence': 0.4548012407028243, 'penalty_k': 0.40523988063267297, 'scale_lr': 0.7813814854525488}. Best is trial 164 with value: 0.3660086329577034.
checkpoint_e29 window_influence: 0.35086891094488593, penalty_k: 0.31006964707028750, scale_lr: 0.69148629786266469, EAO: 0.335
Trial 825 finished with value: 0.33501110002688395 and parameters: {'window_influence': 0.3508689109448859, 'penalty_k': 0.3100696470702875, 'scale_lr': 0.6914862978626647}. Best is trial 164 with value: 0.3660086329577034.
checkpoint_e29 window_influence: 0.27234662817569943, penalty_k: 0.44008713496043361, scale_lr: 0.62442441905133372, EAO: 0.330
