Trial 1484 finished with value: 0.3041774094800541 and parameters: {'window_influence': 0.44636626729158724, 'penalty_k': 0.01182836451342615, 'scale_lr': 0.23924378634364074}. Best is trial 1270 with value: 0.3623636909959845.
checkpoint_e22 window_influence: 0.26625382037672912, penalty_k: 0.09761772759927305, scale_lr: 0.52242196303047095, EAO: 0.277
Trial 1485 finished with value: 0.2770267040233204 and parameters: {'window_influence': 0.2662538203767291, 'penalty_k': 0.09761772759927305, 'scale_lr': 0.522421963030471}. Best is trial 1270 with value: 0.3623636909959845.
checkpoint_e22 window_influence: 0.47659530547292195, penalty_k: 0.15998716627833476, scale_lr: 0.49527414095754912, EAO: 0.317
Trial 1486 finished with value: 0.31664883638170443 and parameters: {'window_influence': 0.47659530547292195, 'penalty_k': 0.15998716627833476, 'scale_lr': 0.4952741409575491}. Best is trial 1270 with value: 0.3623636909959845.
checkpoint_e22 window_influence: 0.48976660821069967, penalty_k: 0.48833870594905171, scale_lr: 0.77246184147402464, EAO: 0.309
Trial 1487 finished with value: 0.3085300396504569 and parameters: {'window_influence': 0.48976660821069967, 'penalty_k': 0.4883387059490517, 'scale_lr': 0.7724618414740246}. Best is trial 1270 with value: 0.3623636909959845.
checkpoint_e22 window_influence: 0.46162097113624956, penalty_k: 0.30305956552976898, scale_lr: 0.44080144885352135, EAO: 0.305
Trial 1488 finished with value: 0.30539853122911564 and parameters: {'window_influence': 0.46162097113624956, 'penalty_k': 0.303059565529769, 'scale_lr': 0.44080144885352135}. Best is trial 1270 with value: 0.3623636909959845.
checkpoint_e22 window_influence: 0.29134980307361247, penalty_k: 0.02528201098396737, scale_lr: 0.46442562543650973, EAO: 0.297
Trial 1489 finished with value: 0.29697045011279183 and parameters: {'window_influence': 0.29134980307361247, 'penalty_k': 0.025282010983967373, 'scale_lr': 0.4644256254365097}. Best is trial 1270 with value: 0.3623636909959845.
checkpoint_e22 window_influence: 0.50569811619018079, penalty_k: 0.35060568360900701, scale_lr: 0.67698983218796716, EAO: 0.302
Trial 1490 finished with value: 0.3015259664926084 and parameters: {'window_influence': 0.5056981161901808, 'penalty_k': 0.350605683609007, 'scale_lr': 0.6769898321879672}. Best is trial 1270 with value: 0.3623636909959845.
checkpoint_e22 window_influence: 0.12753428814452464, penalty_k: 0.57306933995612019, scale_lr: 0.31028826959462652, EAO: 0.240
Trial 1491 finished with value: 0.24006004904030825 and parameters: {'window_influence': 0.12753428814452464, 'penalty_k': 0.5730693399561202, 'scale_lr': 0.3102882695946265}. Best is trial 1270 with value: 0.3623636909959845.
checkpoint_e22 window_influence: 0.15133216070416805, penalty_k: 0.17646435760356111, scale_lr: 0.19607783925801386, EAO: 0.265
Trial 1492 finished with value: 0.26457212024625637 and parameters: {'window_influence': 0.15133216070416805, 'penalty_k': 0.1764643576035611, 'scale_lr': 0.19607783925801386}. Best is trial 1270 with value: 0.3623636909959845.
checkpoint_e22 window_influence: 0.47231371205202338, penalty_k: 0.36637311452956722, scale_lr: 0.74494831442982512, EAO: 0.298
Trial 1493 finished with value: 0.2979280927765694 and parameters: {'window_influence': 0.4723137120520234, 'penalty_k': 0.3663731145295672, 'scale_lr': 0.7449483144298251}. Best is trial 1270 with value: 0.3623636909959845.
checkpoint_e22 window_influence: 0.48854366140697197, penalty_k: 0.26715876383114684, scale_lr: 0.16268939534907878, EAO: 0.297
Trial 1494 finished with value: 0.2967103195561509 and parameters: {'window_influence': 0.488543661406972, 'penalty_k': 0.26715876383114684, 'scale_lr': 0.16268939534907878}. Best is trial 1270 with value: 0.3623636909959845.
checkpoint_e22 window_influence: 0.45731142682754655, penalty_k: 0.51647410844392116, scale_lr: 0.51174409669016951, EAO: 0.298
Trial 1495 finished with value: 0.29832164056106303 and parameters: {'window_influence': 0.45731142682754655, 'penalty_k': 0.5164741084439212, 'scale_lr': 0.5117440966901695}. Best is trial 1270 with value: 0.3623636909959845.
checkpoint_e22 window_influence: 0.43661086025386742, penalty_k: 0.12292409216590403, scale_lr: 0.34671844769746102, EAO: 0.320
Trial 1496 finished with value: 0.3197532002795995 and parameters: {'window_influence': 0.4366108602538674, 'penalty_k': 0.12292409216590403, 'scale_lr': 0.346718447697461}. Best is trial 1270 with value: 0.3623636909959845.
checkpoint_e22 window_influence: 0.50075780909282863, penalty_k: 0.14566259100814893, scale_lr: 0.36969556766070061, EAO: 0.316
Trial 1497 finished with value: 0.31563110545219614 and parameters: {'window_influence': 0.5007578090928286, 'penalty_k': 0.14566259100814893, 'scale_lr': 0.3696955676607006}. Best is trial 1270 with value: 0.3623636909959845.
checkpoint_e22 window_influence: 0.47827240167235796, penalty_k: 0.38980836061315755, scale_lr: 0.78614766034556804, EAO: 0.314
Trial 1498 finished with value: 0.3136331062720443 and parameters: {'window_influence': 0.47827240167235796, 'penalty_k': 0.38980836061315755, 'scale_lr': 0.786147660345568}. Best is trial 1270 with value: 0.3623636909959845.
checkpoint_e22 window_influence: 0.51964659718096196, penalty_k: 0.00001957220114479, scale_lr: 0.21706749434018988, EAO: 0.320
Trial 1499 finished with value: 0.32000783358334567 and parameters: {'window_influence': 0.519646597180962, 'penalty_k': 1.9572201144788415e-05, 'scale_lr': 0.21706749434018988}. Best is trial 1270 with value: 0.3623636909959845.
checkpoint_e22 window_influence: 0.08667462909794876, penalty_k: 0.07227421042415029, scale_lr: 0.62496892498768886, EAO: 0.262
Trial 1500 finished with value: 0.2620123349970881 and parameters: {'window_influence': 0.08667462909794876, 'penalty_k': 0.07227421042415029, 'scale_lr': 0.6249689249876889}. Best is trial 1270 with value: 0.3623636909959845.
checkpoint_e22 window_influence: 0.05561672365817572, penalty_k: 0.22453447468262566, scale_lr: 0.54102690862408431, EAO: 0.241
Trial 1501 finished with value: 0.24125107972074575 and parameters: {'window_influence': 0.055616723658175715, 'penalty_k': 0.22453447468262566, 'scale_lr': 0.5410269086240843}. Best is trial 1270 with value: 0.3623636909959845.
checkpoint_e22 window_influence: 0.21095952586435460, penalty_k: 0.10662369872146929, scale_lr: 0.29711525419099949, EAO: 0.284
Trial 1502 finished with value: 0.28431928511491544 and parameters: {'window_influence': 0.2109595258643546, 'penalty_k': 0.10662369872146929, 'scale_lr': 0.2971152541909995}. Best is trial 1270 with value: 0.3623636909959845.
checkpoint_e22 window_influence: 0.44737751880062437, penalty_k: 0.21313607123689829, scale_lr: 0.70188833500324543, EAO: 0.312
Trial 1503 finished with value: 0.3115120045985693 and parameters: {'window_influence': 0.4473775188006244, 'penalty_k': 0.2131360712368983, 'scale_lr': 0.7018883350032454}. Best is trial 1270 with value: 0.3623636909959845.
checkpoint_e22 window_influence: 0.46500000358096810, penalty_k: 0.09113824616971303, scale_lr: 0.47615614188071370, EAO: 0.343
Trial 1504 finished with value: 0.3432559290980551 and parameters: {'window_influence': 0.4650000035809681, 'penalty_k': 0.09113824616971303, 'scale_lr': 0.4761561418807137}. Best is trial 1270 with value: 0.3623636909959845.
checkpoint_e22 window_influence: 0.48785856700519870, penalty_k: 0.03873651043908309, scale_lr: 0.26586776478829344, EAO: 0.328
Trial 1505 finished with value: 0.3277740746968451 and parameters: {'window_influence': 0.4878585670051987, 'penalty_k': 0.03873651043908309, 'scale_lr': 0.26586776478829344}. Best is trial 1270 with value: 0.3623636909959845.
checkpoint_e22 window_influence: 0.50648093605518274, penalty_k: 0.13249073717822740, scale_lr: 0.21048662516597144, EAO: 0.325
Trial 1506 finished with value: 0.3252823560966128 and parameters: {'window_influence': 0.5064809360551827, 'penalty_k': 0.1324907371782274, 'scale_lr': 0.21048662516597144}. Best is trial 1270 with value: 0.3623636909959845.
checkpoint_e22 window_influence: 0.24076764139101325, penalty_k: 0.02242120930031669, scale_lr: 0.39451737930273018, EAO: 0.283
Trial 1507 finished with value: 0.28265517178908395 and parameters: {'window_influence': 0.24076764139101325, 'penalty_k': 0.022421209300316686, 'scale_lr': 0.3945173793027302}. Best is trial 1270 with value: 0.3623636909959845.
checkpoint_e22 window_influence: 0.47587817726388604, penalty_k: 0.19537644280820896, scale_lr: 0.65894690434217285, EAO: 0.316
Trial 1508 finished with value: 0.31603903395888405 and parameters: {'window_influence': 0.47587817726388604, 'penalty_k': 0.19537644280820896, 'scale_lr': 0.6589469043421728}. Best is trial 1270 with value: 0.3623636909959845.
checkpoint_e22 window_influence: 0.43185639993622804, penalty_k: 0.11553449254172404, scale_lr: 0.32897264611566923, EAO: 0.325
Trial 1509 finished with value: 0.3249534483897547 and parameters: {'window_influence': 0.43185639993622804, 'penalty_k': 0.11553449254172404, 'scale_lr': 0.32897264611566923}. Best is trial 1270 with value: 0.3623636909959845.
checkpoint_e22 window_influence: 0.33523496145231768, penalty_k: 0.08188977560942738, scale_lr: 0.48491613896801211, EAO: 0.301
Trial 1510 finished with value: 0.3014522250524291 and parameters: {'window_influence': 0.3352349614523177, 'penalty_k': 0.08188977560942738, 'scale_lr': 0.4849161389680121}. Best is trial 1270 with value: 0.3623636909959845.
checkpoint_e22 window_influence: 0.54189766486870816, penalty_k: 0.01239664364777478, scale_lr: 0.42795010096449743, EAO: 0.317
Trial 1511 finished with value: 0.31680014196073036 and parameters: {'window_influence': 0.5418976648687082, 'penalty_k': 0.01239664364777478, 'scale_lr': 0.4279501009644974}. Best is trial 1270 with value: 0.3623636909959845.
checkpoint_e22 window_influence: 0.32578449778055213, penalty_k: 0.10185603021598398, scale_lr: 0.28321539346003399, EAO: 0.312
Trial 1512 finished with value: 0.3123222706034953 and parameters: {'window_influence': 0.32578449778055213, 'penalty_k': 0.10185603021598398, 'scale_lr': 0.283215393460034}. Best is trial 1270 with value: 0.3623636909959845.
checkpoint_e22 window_influence: 0.05401747946384527, penalty_k: 0.06589668135800521, scale_lr: 0.44951185305363883, EAO: 0.239
Trial 1513 finished with value: 0.23850095956242037 and parameters: {'window_influence': 0.054017479463845275, 'penalty_k': 0.06589668135800521, 'scale_lr': 0.44951185305363883}. Best is trial 1270 with value: 0.3623636909959845.
checkpoint_e22 window_influence: 0.39915596285487159, penalty_k: 0.04350613650838389, scale_lr: 0.35472011144942733, EAO: 0.318
Trial 1514 finished with value: 0.31794192534708327 and parameters: {'window_influence': 0.3991559628548716, 'penalty_k': 0.04350613650838389, 'scale_lr': 0.35472011144942733}. Best is trial 1270 with value: 0.3623636909959845.
checkpoint_e22 window_influence: 0.45282409851107625, penalty_k: 0.12685375267135168, scale_lr: 0.37988752420551419, EAO: 0.313
Trial 1515 finished with value: 0.31254749811808885 and parameters: {'window_influence': 0.45282409851107625, 'penalty_k': 0.12685375267135168, 'scale_lr': 0.3798875242055142}. Best is trial 1270 with value: 0.3623636909959845.
checkpoint_e22 window_influence: 0.52720941471755844, penalty_k: 0.46570752790816422, scale_lr: 0.50247952615686431, EAO: 0.276
Trial 1516 finished with value: 0.27580641737707856 and parameters: {'window_influence': 0.5272094147175584, 'penalty_k': 0.4657075279081642, 'scale_lr': 0.5024795261568643}. Best is trial 1270 with value: 0.3623636909959845.
checkpoint_e22 window_influence: 0.49241245615995211, penalty_k: 0.41301131943349700, scale_lr: 0.58512274768018457, EAO: 0.312
Trial 1517 finished with value: 0.3122135915644902 and parameters: {'window_influence': 0.4924124561599521, 'penalty_k': 0.413011319433497, 'scale_lr': 0.5851227476801846}. Best is trial 1270 with value: 0.3623636909959845.
checkpoint_e22 window_influence: 0.64767742464794376, penalty_k: 0.08703787785144929, scale_lr: 0.31468290775609292, EAO: 0.232
Trial 1518 finished with value: 0.23198324928951636 and parameters: {'window_influence': 0.6476774246479438, 'penalty_k': 0.08703787785144929, 'scale_lr': 0.3146829077560929}. Best is trial 1270 with value: 0.3623636909959845.
checkpoint_e22 window_influence: 0.46682236959562445, penalty_k: 0.11224088273435917, scale_lr: 0.55678198947252666, EAO: 0.320
Trial 1519 finished with value: 0.3203758037855653 and parameters: {'window_influence': 0.46682236959562445, 'penalty_k': 0.11224088273435917, 'scale_lr': 0.5567819894725267}. Best is trial 1270 with value: 0.3623636909959845.
checkpoint_e22 window_influence: 0.47856334049518762, penalty_k: 0.13782184346479726, scale_lr: 0.64286237768552679, EAO: 0.348
Trial 1520 finished with value: 0.34772738327312097 and parameters: {'window_influence': 0.4785633404951876, 'penalty_k': 0.13782184346479726, 'scale_lr': 0.6428623776855268}. Best is trial 1270 with value: 0.3623636909959845.
checkpoint_e22 window_influence: 0.57053361357858656, penalty_k: 0.31509948733626303, scale_lr: 0.60657724177477879, EAO: 0.260
Trial 1521 finished with value: 0.25997735936817956 and parameters: {'window_influence': 0.5705336135785866, 'penalty_k': 0.31509948733626303, 'scale_lr': 0.6065772417747788}. Best is trial 1270 with value: 0.3623636909959845.
checkpoint_e22 window_influence: 0.50030639833036272, penalty_k: 0.05561845111169980, scale_lr: 0.33880550599095210, EAO: 0.336
Trial 1522 finished with value: 0.33582173166108037 and parameters: {'window_influence': 0.5003063983303627, 'penalty_k': 0.0556184511116998, 'scale_lr': 0.3388055059909521}. Best is trial 1270 with value: 0.3623636909959845.
checkpoint_e22 window_influence: 0.12004477397650870, penalty_k: 0.01080595917615652, scale_lr: 0.56667462731274376, EAO: 0.268
Trial 1523 finished with value: 0.2676423790389926 and parameters: {'window_influence': 0.1200447739765087, 'penalty_k': 0.010805959176156515, 'scale_lr': 0.5666746273127438}. Best is trial 1270 with value: 0.3623636909959845.
checkpoint_e22 window_influence: 0.42065697544640357, penalty_k: 0.28454258784316833, scale_lr: 0.40646323162607167, EAO: 0.308
Trial 1524 finished with value: 0.3080483285949388 and parameters: {'window_influence': 0.42065697544640357, 'penalty_k': 0.2845425878431683, 'scale_lr': 0.4064632316260717}. Best is trial 1270 with value: 0.3623636909959845.
checkpoint_e22 window_influence: 0.45647293115804172, penalty_k: 0.57906464915668976, scale_lr: 0.71714328704193808, EAO: 0.307
Trial 1525 finished with value: 0.3072244983007008 and parameters: {'window_influence': 0.4564729311580417, 'penalty_k': 0.5790646491566898, 'scale_lr': 0.7171432870419381}. Best is trial 1270 with value: 0.3623636909959845.
checkpoint_e22 window_influence: 0.44395766314383234, penalty_k: 0.02933824309350655, scale_lr: 0.36733091441862004, EAO: 0.316
Trial 1526 finished with value: 0.31583819268742425 and parameters: {'window_influence': 0.44395766314383234, 'penalty_k': 0.02933824309350655, 'scale_lr': 0.36733091441862004}. Best is trial 1270 with value: 0.3623636909959845.
checkpoint_e22 window_influence: 0.29815043064058455, penalty_k: 0.54472839543818474, scale_lr: 0.45948578570246845, EAO: 0.275
Trial 1527 finished with value: 0.2752261568832026 and parameters: {'window_influence': 0.29815043064058455, 'penalty_k': 0.5447283954381847, 'scale_lr': 0.45948578570246845}. Best is trial 1270 with value: 0.3623636909959845.
checkpoint_e22 window_influence: 0.51274315090244571, penalty_k: 0.09815401261629043, scale_lr: 0.69404047491421816, EAO: 0.281
Trial 1528 finished with value: 0.28122292650348946 and parameters: {'window_influence': 0.5127431509024457, 'penalty_k': 0.09815401261629043, 'scale_lr': 0.6940404749142182}. Best is trial 1270 with value: 0.3623636909959845.
checkpoint_e22 window_influence: 0.24523480994805807, penalty_k: 0.40481762434224089, scale_lr: 0.29794060456536442, EAO: 0.279
Trial 1529 finished with value: 0.27864065998259224 and parameters: {'window_influence': 0.24523480994805807, 'penalty_k': 0.4048176243422409, 'scale_lr': 0.2979406045653644}. Best is trial 1270 with value: 0.3623636909959845.
checkpoint_e22 window_influence: 0.48344113154531665, penalty_k: 0.29541470332905451, scale_lr: 0.68110421512164510, EAO: 0.312
Trial 1530 finished with value: 0.31169533428051127 and parameters: {'window_influence': 0.48344113154531665, 'penalty_k': 0.2954147033290545, 'scale_lr': 0.6811042151216451}. Best is trial 1270 with value: 0.3623636909959845.
checkpoint_e22 window_influence: 0.46584177731815241, penalty_k: 0.07078487117100812, scale_lr: 0.25374950402683044, EAO: 0.329
Trial 1531 finished with value: 0.32918414943181123 and parameters: {'window_influence': 0.4658417773181524, 'penalty_k': 0.07078487117100812, 'scale_lr': 0.25374950402683044}. Best is trial 1270 with value: 0.3623636909959845.
checkpoint_e22 window_influence: 0.56302577013684785, penalty_k: 0.16015389388918783, scale_lr: 0.53106675100758349, EAO: 0.276
Trial 1532 finished with value: 0.2756864623916752 and parameters: {'window_influence': 0.5630257701368478, 'penalty_k': 0.16015389388918783, 'scale_lr': 0.5310667510075835}. Best is trial 1270 with value: 0.3623636909959845.
checkpoint_e22 window_influence: 0.49496279677800531, penalty_k: 0.12307616004870708, scale_lr: 0.32153099162277565, EAO: 0.326
Trial 1533 finished with value: 0.32616788334419755 and parameters: {'window_influence': 0.4949627967780053, 'penalty_k': 0.12307616004870708, 'scale_lr': 0.32153099162277565}. Best is trial 1270 with value: 0.3623636909959845.
checkpoint_e22 window_influence: 0.17224187785949907, penalty_k: 0.15002659140852703, scale_lr: 0.51266342976346091, EAO: 0.260
Trial 1534 finished with value: 0.2595883134738017 and parameters: {'window_influence': 0.17224187785949907, 'penalty_k': 0.15002659140852703, 'scale_lr': 0.5126634297634609}. Best is trial 1270 with value: 0.3623636909959845.
checkpoint_e22 window_influence: 0.40777131572095843, penalty_k: 0.10572805710443951, scale_lr: 0.41754606380033377, EAO: 0.299
Trial 1535 finished with value: 0.29919967229264255 and parameters: {'window_influence': 0.4077713157209584, 'penalty_k': 0.10572805710443951, 'scale_lr': 0.41754606380033377}. Best is trial 1270 with value: 0.3623636909959845.
checkpoint_e22 window_influence: 0.38613045678585067, penalty_k: 0.02265625236922976, scale_lr: 0.28107443339488442, EAO: 0.294
Trial 1536 finished with value: 0.29356456394325436 and parameters: {'window_influence': 0.3861304567858507, 'penalty_k': 0.022656252369229763, 'scale_lr': 0.2810744333948844}. Best is trial 1270 with value: 0.3623636909959845.
checkpoint_e22 window_influence: 0.13162258882570380, penalty_k: 0.24438781428596645, scale_lr: 0.34734229753253720, EAO: 0.258
Trial 1537 finished with value: 0.25766341596957776 and parameters: {'window_influence': 0.1316225888257038, 'penalty_k': 0.24438781428596645, 'scale_lr': 0.3473422975325372}. Best is trial 1270 with value: 0.3623636909959845.
checkpoint_e22 window_influence: 0.47465188822084525, penalty_k: 0.08195329616882252, scale_lr: 0.38411805453582970, EAO: 0.323
Trial 1538 finished with value: 0.3228222147963854 and parameters: {'window_influence': 0.47465188822084525, 'penalty_k': 0.08195329616882252, 'scale_lr': 0.3841180545358297}. Best is trial 1270 with value: 0.3623636909959845.
checkpoint_e22 window_influence: 0.34915148689262948, penalty_k: 0.09191867709361050, scale_lr: 0.60011608190046184, EAO: 0.322
Trial 1539 finished with value: 0.3218225694699974 and parameters: {'window_influence': 0.3491514868926295, 'penalty_k': 0.0919186770936105, 'scale_lr': 0.6001160819004618}. Best is trial 1270 with value: 0.3623636909959845.
checkpoint_e22 window_influence: 0.48622841403427514, penalty_k: 0.17367183823605162, scale_lr: 0.49491809065826320, EAO: 0.313
Trial 1540 finished with value: 0.3128377754632601 and parameters: {'window_influence': 0.48622841403427514, 'penalty_k': 0.17367183823605162, 'scale_lr': 0.4949180906582632}. Best is trial 1270 with value: 0.3623636909959845.
checkpoint_e22 window_influence: 0.43889791904785486, penalty_k: 0.01127180720174572, scale_lr: 0.17819877464303813, EAO: 0.302
Trial 1541 finished with value: 0.3015096636365824 and parameters: {'window_influence': 0.43889791904785486, 'penalty_k': 0.011271807201745724, 'scale_lr': 0.17819877464303813}. Best is trial 1270 with value: 0.3623636909959845.
checkpoint_e22 window_influence: 0.51175287195177677, penalty_k: 0.52147630127616906, scale_lr: 0.63354885001292860, EAO: 0.285
Trial 1542 finished with value: 0.28535356763967745 and parameters: {'window_influence': 0.5117528719517768, 'penalty_k': 0.5214763012761691, 'scale_lr': 0.6335488500129286}. Best is trial 1270 with value: 0.3623636909959845.
checkpoint_e22 window_influence: 0.36310539970781985, penalty_k: 0.03670199133711835, scale_lr: 0.16057649435907495, EAO: 0.301
Trial 1543 finished with value: 0.30094319639966643 and parameters: {'window_influence': 0.36310539970781985, 'penalty_k': 0.03670199133711835, 'scale_lr': 0.16057649435907495}. Best is trial 1270 with value: 0.3623636909959845.
checkpoint_e22 window_influence: 0.45690391835127608, penalty_k: 0.11632475104498920, scale_lr: 0.30340835476281047, EAO: 0.347
Trial 1544 finished with value: 0.34663378635733044 and parameters: {'window_influence': 0.4569039183512761, 'penalty_k': 0.1163247510449892, 'scale_lr': 0.3034083547628105}. Best is trial 1270 with value: 0.3623636909959845.
checkpoint_e22 window_influence: 0.53152743105584366, penalty_k: 0.45952698139188664, scale_lr: 0.36239335861780875, EAO: 0.282
