Trial 738 finished with value: 0.2694080994982664 and parameters: {'window_influence': 0.07458437803981832, 'penalty_k': 0.15452718110986674, 'scale_lr': 0.6230945071115945}. Best is trial 386 with value: 0.35297253809086543.
checkpoint_e18 window_influence: 0.45447604459205238, penalty_k: 0.09014689913777658, scale_lr: 0.55748743812735180, EAO: 0.310
Trial 739 finished with value: 0.3101756030599431 and parameters: {'window_influence': 0.4544760445920524, 'penalty_k': 0.09014689913777658, 'scale_lr': 0.5574874381273518}. Best is trial 386 with value: 0.35297253809086543.
checkpoint_e18 window_influence: 0.46169077947638232, penalty_k: 0.06127941774043585, scale_lr: 0.41970438496811435, EAO: 0.320
Trial 740 finished with value: 0.319910294698834 and parameters: {'window_influence': 0.4616907794763823, 'penalty_k': 0.061279417740435854, 'scale_lr': 0.41970438496811435}. Best is trial 386 with value: 0.35297253809086543.
checkpoint_e18 window_influence: 0.10550245580726800, penalty_k: 0.14176548480303552, scale_lr: 0.51371221375503351, EAO: 0.258
Trial 741 finished with value: 0.2584876113712556 and parameters: {'window_influence': 0.105502455807268, 'penalty_k': 0.14176548480303552, 'scale_lr': 0.5137122137550335}. Best is trial 386 with value: 0.35297253809086543.
checkpoint_e18 window_influence: 0.49229691705656609, penalty_k: 0.12064087589492752, scale_lr: 0.34669467630855955, EAO: 0.334
Trial 742 finished with value: 0.334082899216548 and parameters: {'window_influence': 0.4922969170565661, 'penalty_k': 0.12064087589492752, 'scale_lr': 0.34669467630855955}. Best is trial 386 with value: 0.35297253809086543.
checkpoint_e18 window_influence: 0.27053457347953125, penalty_k: 0.31369657233194564, scale_lr: 0.44041015193958472, EAO: 0.287
Trial 743 finished with value: 0.2874599521262173 and parameters: {'window_influence': 0.27053457347953125, 'penalty_k': 0.31369657233194564, 'scale_lr': 0.4404101519395847}. Best is trial 386 with value: 0.35297253809086543.
checkpoint_e18 window_influence: 0.47542031018875580, penalty_k: 0.08128818203486948, scale_lr: 0.65028128661731521, EAO: 0.317
Trial 744 finished with value: 0.31716912103534206 and parameters: {'window_influence': 0.4754203101887558, 'penalty_k': 0.08128818203486948, 'scale_lr': 0.6502812866173152}. Best is trial 386 with value: 0.35297253809086543.
checkpoint_e18 window_influence: 0.54077320913029159, penalty_k: 0.11239364842252890, scale_lr: 0.60398446184944754, EAO: 0.269
Trial 745 finished with value: 0.2691549004167898 and parameters: {'window_influence': 0.5407732091302916, 'penalty_k': 0.1123936484225289, 'scale_lr': 0.6039844618494475}. Best is trial 386 with value: 0.35297253809086543.
checkpoint_e18 window_influence: 0.51058124320824283, penalty_k: 0.13034803688084673, scale_lr: 0.48057040550580010, EAO: 0.320
Trial 746 finished with value: 0.3199155347472499 and parameters: {'window_influence': 0.5105812432082428, 'penalty_k': 0.13034803688084673, 'scale_lr': 0.4805704055058001}. Best is trial 386 with value: 0.35297253809086543.
checkpoint_e18 window_influence: 0.46483649525766618, penalty_k: 0.10048116315638599, scale_lr: 0.45479090399892397, EAO: 0.344
Trial 747 finished with value: 0.3443171670696615 and parameters: {'window_influence': 0.4648364952576662, 'penalty_k': 0.10048116315638599, 'scale_lr': 0.45479090399892397}. Best is trial 386 with value: 0.35297253809086543.
checkpoint_e18 window_influence: 0.08586141366466060, penalty_k: 0.09998552165294881, scale_lr: 0.45441444510694523, EAO: 0.256
Trial 748 finished with value: 0.2557533145066829 and parameters: {'window_influence': 0.0858614136646606, 'penalty_k': 0.09998552165294881, 'scale_lr': 0.45441444510694523}. Best is trial 386 with value: 0.35297253809086543.
checkpoint_e18 window_influence: 0.18601610033055296, penalty_k: 0.11157322910391074, scale_lr: 0.42906030081061375, EAO: 0.279
Trial 749 finished with value: 0.27937390994469014 and parameters: {'window_influence': 0.18601610033055296, 'penalty_k': 0.11157322910391074, 'scale_lr': 0.42906030081061375}. Best is trial 386 with value: 0.35297253809086543.
checkpoint_e18 window_influence: 0.08390901310464183, penalty_k: 0.16500365080812940, scale_lr: 0.44625974499080145, EAO: 0.261
Trial 750 finished with value: 0.2612933504326334 and parameters: {'window_influence': 0.08390901310464183, 'penalty_k': 0.1650036508081294, 'scale_lr': 0.44625974499080145}. Best is trial 386 with value: 0.35297253809086543.
checkpoint_e18 window_influence: 0.45198949125298110, penalty_k: 0.12718001248611827, scale_lr: 0.27659426365683415, EAO: 0.329
Trial 751 finished with value: 0.3285126141073175 and parameters: {'window_influence': 0.4519894912529811, 'penalty_k': 0.12718001248611827, 'scale_lr': 0.27659426365683415}. Best is trial 386 with value: 0.35297253809086543.
checkpoint_e18 window_influence: 0.46200399170697287, penalty_k: 0.26160353770841999, scale_lr: 0.72721270212725320, EAO: 0.292
Trial 752 finished with value: 0.29215696477240627 and parameters: {'window_influence': 0.46200399170697287, 'penalty_k': 0.26160353770842, 'scale_lr': 0.7272127021272532}. Best is trial 386 with value: 0.35297253809086543.
checkpoint_e18 window_influence: 0.59533249702530922, penalty_k: 0.09715661315952093, scale_lr: 0.46519102153021596, EAO: 0.238
Trial 753 finished with value: 0.23792155521852962 and parameters: {'window_influence': 0.5953324970253092, 'penalty_k': 0.09715661315952093, 'scale_lr': 0.46519102153021596}. Best is trial 386 with value: 0.35297253809086543.
checkpoint_e18 window_influence: 0.44646601495602523, penalty_k: 0.14636629079233904, scale_lr: 0.40782211783448874, EAO: 0.322
Trial 754 finished with value: 0.32240805169023895 and parameters: {'window_influence': 0.4464660149560252, 'penalty_k': 0.14636629079233904, 'scale_lr': 0.40782211783448874}. Best is trial 386 with value: 0.35297253809086543.
checkpoint_e18 window_influence: 0.48735267234510116, penalty_k: 0.35455324156646728, scale_lr: 0.43707618952982080, EAO: 0.296
Trial 755 finished with value: 0.2956625514805085 and parameters: {'window_influence': 0.48735267234510116, 'penalty_k': 0.3545532415664673, 'scale_lr': 0.4370761895298208}. Best is trial 386 with value: 0.35297253809086543.
checkpoint_e18 window_influence: 0.38367282816782849, penalty_k: 0.56488625793932190, scale_lr: 0.32196216108438580, EAO: 0.310
Trial 756 finished with value: 0.3100745543431679 and parameters: {'window_influence': 0.3836728281678285, 'penalty_k': 0.5648862579393219, 'scale_lr': 0.3219621610843858}. Best is trial 386 with value: 0.35297253809086543.
checkpoint_e18 window_influence: 0.58568128647710738, penalty_k: 0.11724474420356601, scale_lr: 0.45765920553046158, EAO: 0.267
Trial 757 finished with value: 0.2672263841916615 and parameters: {'window_influence': 0.5856812864771074, 'penalty_k': 0.11724474420356601, 'scale_lr': 0.4576592055304616}. Best is trial 386 with value: 0.35297253809086543.
checkpoint_e18 window_influence: 0.19712882165184703, penalty_k: 0.17487798317206443, scale_lr: 0.69216308444380614, EAO: 0.291
Trial 758 finished with value: 0.29122589859053316 and parameters: {'window_influence': 0.19712882165184703, 'penalty_k': 0.17487798317206443, 'scale_lr': 0.6921630844438061}. Best is trial 386 with value: 0.35297253809086543.
checkpoint_e18 window_influence: 0.46766880051916143, penalty_k: 0.13703659589084119, scale_lr: 0.47173201634204026, EAO: 0.348
Trial 759 finished with value: 0.34770821655306833 and parameters: {'window_influence': 0.46766880051916143, 'penalty_k': 0.1370365958908412, 'scale_lr': 0.47173201634204026}. Best is trial 386 with value: 0.35297253809086543.
checkpoint_e18 window_influence: 0.47860318024934606, penalty_k: 0.10234648322118114, scale_lr: 0.46387568049774369, EAO: 0.305
Trial 760 finished with value: 0.30530461100752715 and parameters: {'window_influence': 0.47860318024934606, 'penalty_k': 0.10234648322118114, 'scale_lr': 0.4638756804977437}. Best is trial 386 with value: 0.35297253809086543.
checkpoint_e18 window_influence: 0.45601642556717042, penalty_k: 0.18928462628715567, scale_lr: 0.47420881391959463, EAO: 0.338
Trial 761 finished with value: 0.3380206271368242 and parameters: {'window_influence': 0.4560164255671704, 'penalty_k': 0.18928462628715567, 'scale_lr': 0.47420881391959463}. Best is trial 386 with value: 0.35297253809086543.
checkpoint_e18 window_influence: 0.50186750295662108, penalty_k: 0.17517642708186637, scale_lr: 0.48277604482572195, EAO: 0.308
Trial 762 finished with value: 0.30776153655599525 and parameters: {'window_influence': 0.5018675029566211, 'penalty_k': 0.17517642708186637, 'scale_lr': 0.48277604482572195}. Best is trial 386 with value: 0.35297253809086543.
checkpoint_e18 window_influence: 0.15968337904586785, penalty_k: 0.19084552170529984, scale_lr: 0.47090827244639105, EAO: 0.266
Trial 763 finished with value: 0.26620957730809075 and parameters: {'window_influence': 0.15968337904586785, 'penalty_k': 0.19084552170529984, 'scale_lr': 0.47090827244639105}. Best is trial 386 with value: 0.35297253809086543.
checkpoint_e18 window_influence: 0.45957771725027746, penalty_k: 0.22058424322778009, scale_lr: 0.47859153222483064, EAO: 0.336
Trial 764 finished with value: 0.3359336732426506 and parameters: {'window_influence': 0.45957771725027746, 'penalty_k': 0.22058424322778009, 'scale_lr': 0.47859153222483064}. Best is trial 386 with value: 0.35297253809086543.
checkpoint_e18 window_influence: 0.21525126719970669, penalty_k: 0.18613790970501942, scale_lr: 0.49790489173033686, EAO: 0.272
Trial 765 finished with value: 0.27247688145257154 and parameters: {'window_influence': 0.2152512671997067, 'penalty_k': 0.18613790970501942, 'scale_lr': 0.49790489173033686}. Best is trial 386 with value: 0.35297253809086543.
checkpoint_e18 window_influence: 0.47274292218906389, penalty_k: 0.23989355706126980, scale_lr: 0.45134701199448823, EAO: 0.314
Trial 766 finished with value: 0.3135545163303034 and parameters: {'window_influence': 0.4727429221890639, 'penalty_k': 0.2398935570612698, 'scale_lr': 0.45134701199448823}. Best is trial 386 with value: 0.35297253809086543.
checkpoint_e18 window_influence: 0.27607318313416240, penalty_k: 0.16519563918954841, scale_lr: 0.48672326162980478, EAO: 0.296
Trial 767 finished with value: 0.29609177826907385 and parameters: {'window_influence': 0.2760731831341624, 'penalty_k': 0.1651956391895484, 'scale_lr': 0.4867232616298048}. Best is trial 386 with value: 0.35297253809086543.
checkpoint_e18 window_influence: 0.49181866585002126, penalty_k: 0.15216970439924810, scale_lr: 0.46460271729836311, EAO: 0.308
Trial 768 finished with value: 0.3078338970006208 and parameters: {'window_influence': 0.49181866585002126, 'penalty_k': 0.1521697043992481, 'scale_lr': 0.4646027172983631}. Best is trial 386 with value: 0.35297253809086543.
checkpoint_e18 window_influence: 0.45477265340745332, penalty_k: 0.58355230612800890, scale_lr: 0.70634715395359049, EAO: 0.308
Trial 769 finished with value: 0.308195778310067 and parameters: {'window_influence': 0.4547726534074533, 'penalty_k': 0.5835523061280089, 'scale_lr': 0.7063471539535905}. Best is trial 386 with value: 0.35297253809086543.
checkpoint_e18 window_influence: 0.46941035680890503, penalty_k: 0.08991624340552977, scale_lr: 0.44388997292797622, EAO: 0.311
Trial 770 finished with value: 0.31056627190530534 and parameters: {'window_influence': 0.469410356808905, 'penalty_k': 0.08991624340552977, 'scale_lr': 0.4438899729279762}. Best is trial 386 with value: 0.35297253809086543.
checkpoint_e18 window_influence: 0.13847731583618841, penalty_k: 0.18489492115239384, scale_lr: 0.45596745705892527, EAO: 0.263
Trial 771 finished with value: 0.26324683091519874 and parameters: {'window_influence': 0.1384773158361884, 'penalty_k': 0.18489492115239384, 'scale_lr': 0.4559674570589253}. Best is trial 386 with value: 0.35297253809086543.
checkpoint_e18 window_influence: 0.59900525456370346, penalty_k: 0.21764940287151105, scale_lr: 0.66271596206198247, EAO: 0.253
Trial 772 finished with value: 0.2525772450614996 and parameters: {'window_influence': 0.5990052545637035, 'penalty_k': 0.21764940287151105, 'scale_lr': 0.6627159620619825}. Best is trial 386 with value: 0.35297253809086543.
checkpoint_e18 window_influence: 0.15641672947722424, penalty_k: 0.30896915350077553, scale_lr: 0.10023577897399327, EAO: 0.262
Trial 773 finished with value: 0.26233071129377716 and parameters: {'window_influence': 0.15641672947722424, 'penalty_k': 0.30896915350077553, 'scale_lr': 0.10023577897399327}. Best is trial 386 with value: 0.35297253809086543.
checkpoint_e18 window_influence: 0.32354838548278819, penalty_k: 0.46335367115985027, scale_lr: 0.43431748375089185, EAO: 0.293
Trial 774 finished with value: 0.29310752979048493 and parameters: {'window_influence': 0.3235483854827882, 'penalty_k': 0.46335367115985027, 'scale_lr': 0.43431748375089185}. Best is trial 386 with value: 0.35297253809086543.
checkpoint_e18 window_influence: 0.48426892209761568, penalty_k: 0.28074690304316163, scale_lr: 0.13124961135223445, EAO: 0.291
Trial 775 finished with value: 0.29147379053937783 and parameters: {'window_influence': 0.4842689220976157, 'penalty_k': 0.28074690304316163, 'scale_lr': 0.13124961135223445}. Best is trial 386 with value: 0.35297253809086543.
checkpoint_e18 window_influence: 0.44913467721610034, penalty_k: 0.23466834787765781, scale_lr: 0.49524663729912066, EAO: 0.327
Trial 776 finished with value: 0.32742367209395545 and parameters: {'window_influence': 0.44913467721610034, 'penalty_k': 0.2346683478776578, 'scale_lr': 0.49524663729912066}. Best is trial 386 with value: 0.35297253809086543.
checkpoint_e18 window_influence: 0.25475412478674286, penalty_k: 0.34000213953292668, scale_lr: 0.47505285372159828, EAO: 0.282
Trial 777 finished with value: 0.282207271584277 and parameters: {'window_influence': 0.25475412478674286, 'penalty_k': 0.3400021395329267, 'scale_lr': 0.4750528537215983}. Best is trial 386 with value: 0.35297253809086543.
checkpoint_e18 window_influence: 0.46366441980136108, penalty_k: 0.53547164604928432, scale_lr: 0.42034516636102559, EAO: 0.293
Trial 778 finished with value: 0.2930549081081546 and parameters: {'window_influence': 0.4636644198013611, 'penalty_k': 0.5354716460492843, 'scale_lr': 0.4203451663610256}. Best is trial 386 with value: 0.35297253809086543.
checkpoint_e18 window_influence: 0.51802506144688543, penalty_k: 0.20266325037616773, scale_lr: 0.45513709964458943, EAO: 0.295
Trial 779 finished with value: 0.29473192711516577 and parameters: {'window_influence': 0.5180250614468854, 'penalty_k': 0.20266325037616773, 'scale_lr': 0.4551370996445894}. Best is trial 386 with value: 0.35297253809086543.
checkpoint_e18 window_influence: 0.47932941050645023, penalty_k: 0.15854866111690299, scale_lr: 0.50390309244074749, EAO: 0.324
Trial 780 finished with value: 0.3243668542065973 and parameters: {'window_influence': 0.4793294105064502, 'penalty_k': 0.158548661116903, 'scale_lr': 0.5039030924407475}. Best is trial 386 with value: 0.35297253809086543.
checkpoint_e18 window_influence: 0.09647297821747441, penalty_k: 0.59484590433972340, scale_lr: 0.54729373459172392, EAO: 0.251
Trial 781 finished with value: 0.2512358998742085 and parameters: {'window_influence': 0.09647297821747441, 'penalty_k': 0.5948459043397234, 'scale_lr': 0.5472937345917239}. Best is trial 386 with value: 0.35297253809086543.
checkpoint_e18 window_influence: 0.11874631058230606, penalty_k: 0.32773702350571987, scale_lr: 0.72085889632920874, EAO: 0.262
Trial 782 finished with value: 0.26175462961892676 and parameters: {'window_influence': 0.11874631058230606, 'penalty_k': 0.32773702350571987, 'scale_lr': 0.7208588963292087}. Best is trial 386 with value: 0.35297253809086543.
checkpoint_e18 window_influence: 0.45898678500411649, penalty_k: 0.11164369411033752, scale_lr: 0.46945287992868190, EAO: 0.329
Trial 783 finished with value: 0.32925200497130014 and parameters: {'window_influence': 0.4589867850041165, 'penalty_k': 0.11164369411033752, 'scale_lr': 0.4694528799286819}. Best is trial 386 with value: 0.35297253809086543.
checkpoint_e18 window_influence: 0.50374416677832445, penalty_k: 0.05083602360244643, scale_lr: 0.63911905419488169, EAO: 0.301
Trial 784 finished with value: 0.3005685453169077 and parameters: {'window_influence': 0.5037441667783245, 'penalty_k': 0.050836023602446434, 'scale_lr': 0.6391190541948817}. Best is trial 386 with value: 0.35297253809086543.
checkpoint_e18 window_influence: 0.47109176371973266, penalty_k: 0.35742363457388926, scale_lr: 0.43911968307480642, EAO: 0.295
Trial 785 finished with value: 0.29523581753445044 and parameters: {'window_influence': 0.47109176371973266, 'penalty_k': 0.35742363457388926, 'scale_lr': 0.4391196830748064}. Best is trial 386 with value: 0.35297253809086543.
checkpoint_e18 window_influence: 0.44358136019353545, penalty_k: 0.07196122689598031, scale_lr: 0.56632004890614163, EAO: 0.331
Trial 786 finished with value: 0.3311862646953605 and parameters: {'window_influence': 0.44358136019353545, 'penalty_k': 0.07196122689598031, 'scale_lr': 0.5663200489061416}. Best is trial 386 with value: 0.35297253809086543.
checkpoint_e18 window_influence: 0.28749028570514917, penalty_k: 0.36391353956297101, scale_lr: 0.36303461258048014, EAO: 0.289
Trial 787 finished with value: 0.2887030599877992 and parameters: {'window_influence': 0.2874902857051492, 'penalty_k': 0.363913539562971, 'scale_lr': 0.36303461258048014}. Best is trial 386 with value: 0.35297253809086543.
checkpoint_e18 window_influence: 0.55201849251458990, penalty_k: 0.02228606034229236, scale_lr: 0.34433363342219275, EAO: 0.278
Trial 788 finished with value: 0.2784297926648582 and parameters: {'window_influence': 0.5520184925145899, 'penalty_k': 0.022286060342292358, 'scale_lr': 0.34433363342219275}. Best is trial 386 with value: 0.35297253809086543.
checkpoint_e18 window_influence: 0.05898037543703361, penalty_k: 0.09552976467755050, scale_lr: 0.48593014270765494, EAO: 0.265
Trial 789 finished with value: 0.2647283656471898 and parameters: {'window_influence': 0.058980375437033605, 'penalty_k': 0.0955297646775505, 'scale_lr': 0.48593014270765494}. Best is trial 386 with value: 0.35297253809086543.
checkpoint_e18 window_influence: 0.48694012124890201, penalty_k: 0.13942105585799186, scale_lr: 0.42066461284266343, EAO: 0.312
Trial 790 finished with value: 0.31163851661672853 and parameters: {'window_influence': 0.486940121248902, 'penalty_k': 0.13942105585799186, 'scale_lr': 0.42066461284266343}. Best is trial 386 with value: 0.35297253809086543.
checkpoint_e18 window_influence: 0.34420216641263390, penalty_k: 0.12307801428706748, scale_lr: 0.62346393587841609, EAO: 0.333
Trial 791 finished with value: 0.3330769325508682 and parameters: {'window_influence': 0.3442021664126339, 'penalty_k': 0.12307801428706748, 'scale_lr': 0.6234639358784161}. Best is trial 386 with value: 0.35297253809086543.
checkpoint_e18 window_influence: 0.45553953797473168, penalty_k: 0.08670952594863834, scale_lr: 0.52104986226230232, EAO: 0.336
Trial 792 finished with value: 0.33585673698191515 and parameters: {'window_influence': 0.4555395379747317, 'penalty_k': 0.08670952594863834, 'scale_lr': 0.5210498622623023}. Best is trial 386 with value: 0.35297253809086543.
checkpoint_e18 window_influence: 0.42807977379801287, penalty_k: 0.15141087802315784, scale_lr: 0.45013491031536640, EAO: 0.311
Trial 793 finished with value: 0.31068198806117014 and parameters: {'window_influence': 0.4280797737980129, 'penalty_k': 0.15141087802315784, 'scale_lr': 0.4501349103153664}. Best is trial 386 with value: 0.35297253809086543.
checkpoint_e18 window_influence: 0.07032585206832825, penalty_k: 0.10247023944824105, scale_lr: 0.47347590442058385, EAO: 0.260
Trial 794 finished with value: 0.25954089426808785 and parameters: {'window_influence': 0.07032585206832825, 'penalty_k': 0.10247023944824105, 'scale_lr': 0.47347590442058385}. Best is trial 386 with value: 0.35297253809086543.
checkpoint_e18 window_influence: 0.47210160462920153, penalty_k: 0.16910782572542610, scale_lr: 0.70006778127272118, EAO: 0.303
Trial 795 finished with value: 0.3029997623036344 and parameters: {'window_influence': 0.47210160462920153, 'penalty_k': 0.1691078257254261, 'scale_lr': 0.7000677812727212}. Best is trial 386 with value: 0.35297253809086543.
checkpoint_e18 window_influence: 0.49266608254419819, penalty_k: 0.24807510669240873, scale_lr: 0.57482934811989816, EAO: 0.305
Trial 796 finished with value: 0.30522523037654414 and parameters: {'window_influence': 0.4926660825441982, 'penalty_k': 0.24807510669240873, 'scale_lr': 0.5748293481198982}. Best is trial 386 with value: 0.35297253809086543.
checkpoint_e18 window_influence: 0.40691995513666590, penalty_k: 0.26708708253719604, scale_lr: 0.67323713655613038, EAO: 0.316
Trial 797 finished with value: 0.31626249246792104 and parameters: {'window_influence': 0.4069199551366659, 'penalty_k': 0.26708708253719604, 'scale_lr': 0.6732371365561304}. Best is trial 386 with value: 0.35297253809086543.
checkpoint_e18 window_influence: 0.55493301880249446, penalty_k: 0.03908646346588460, scale_lr: 0.53191463017911234, EAO: 0.297
Trial 798 finished with value: 0.2968436230249442 and parameters: {'window_influence': 0.5549330188024945, 'penalty_k': 0.0390864634658846, 'scale_lr': 0.5319146301791123}. Best is trial 386 with value: 0.35297253809086543.
checkpoint_e18 window_influence: 0.44591431622326771, penalty_k: 0.19233322308410086, scale_lr: 0.43491141243896952, EAO: 0.319
Trial 799 finished with value: 0.3192482713015627 and parameters: {'window_influence': 0.4459143162232677, 'penalty_k': 0.19233322308410086, 'scale_lr': 0.4349114124389695}. Best is trial 386 with value: 0.35297253809086543.
checkpoint_e18 window_influence: 0.63911157805806984, penalty_k: 0.52037206449906193, scale_lr: 0.33264453161766161, EAO: 0.220
