Trial 80 finished with value: 0.3430380941828865 and parameters: {'window_influence': 0.45305954733061693, 'penalty_k': 0.018848085766809707, 'scale_lr': 0.5189599161369243}. Best is trial 54 with value: 0.3562600748316323.
checkpoint_e16 window_influence: 0.39429134431122786, penalty_k: 0.01969184424338940, scale_lr: 0.49815840211727080, EAO: 0.313
Trial 602 finished with value: 0.31288979680853596 and parameters: {'window_influence': 0.39429134431122786, 'penalty_k': 0.0196918442433894, 'scale_lr': 0.4981584021172708}. Best is trial 128 with value: 0.3574732866732527.
checkpoint_e16 window_influence: 0.45939649069336003, penalty_k: 0.01640189945334723, scale_lr: 0.52063687043612716, EAO: 0.322
Trial 81 finished with value: 0.3219667704420795 and parameters: {'window_influence': 0.45939649069336, 'penalty_k': 0.016401899453347232, 'scale_lr': 0.5206368704361272}. Best is trial 54 with value: 0.3562600748316323.
checkpoint_e16 window_influence: 0.56657971991387379, penalty_k: 0.39640768427675532, scale_lr: 0.37405749508675301, EAO: 0.240
Trial 603 finished with value: 0.23971640251953777 and parameters: {'window_influence': 0.5665797199138738, 'penalty_k': 0.3964076842767553, 'scale_lr': 0.374057495086753}. Best is trial 128 with value: 0.3574732866732527.
checkpoint_e16 window_influence: 0.46973081970593245, penalty_k: 0.21647391716036976, scale_lr: 0.33951111972914483, EAO: 0.328
Trial 604 finished with value: 0.32772166893639915 and parameters: {'window_influence': 0.46973081970593245, 'penalty_k': 0.21647391716036976, 'scale_lr': 0.33951111972914483}. Best is trial 128 with value: 0.3574732866732527.
checkpoint_e16 window_influence: 0.47757753073342252, penalty_k: 0.04007328189310058, scale_lr: 0.55419940505112164, EAO: 0.331
Trial 82 finished with value: 0.3310916100262668 and parameters: {'window_influence': 0.4775775307334225, 'penalty_k': 0.04007328189310058, 'scale_lr': 0.5541994050511216}. Best is trial 54 with value: 0.3562600748316323.
checkpoint_e16 window_influence: 0.42028274408216643, penalty_k: 0.38582088617754035, scale_lr: 0.50380015059218575, EAO: 0.306
Trial 605 finished with value: 0.3061020342408451 and parameters: {'window_influence': 0.4202827440821664, 'penalty_k': 0.38582088617754035, 'scale_lr': 0.5038001505921857}. Best is trial 128 with value: 0.3574732866732527.
checkpoint_e16 window_influence: 0.50178318371023656, penalty_k: 0.06113132374219939, scale_lr: 0.47523605187760226, EAO: 0.314
Trial 83 finished with value: 0.3139131121946216 and parameters: {'window_influence': 0.5017831837102366, 'penalty_k': 0.06113132374219939, 'scale_lr': 0.47523605187760226}. Best is trial 54 with value: 0.3562600748316323.
checkpoint_e16 window_influence: 0.45175671825668745, penalty_k: 0.03396987171858418, scale_lr: 0.43370670720305737, EAO: 0.314
Trial 606 finished with value: 0.3141261692292959 and parameters: {'window_influence': 0.45175671825668745, 'penalty_k': 0.03396987171858418, 'scale_lr': 0.4337067072030574}. Best is trial 128 with value: 0.3574732866732527.
checkpoint_e16 window_influence: 0.45229904747135574, penalty_k: 0.01687861701969441, scale_lr: 0.43671846351040933, EAO: 0.323
Trial 84 finished with value: 0.32290407336871446 and parameters: {'window_influence': 0.45229904747135574, 'penalty_k': 0.01687861701969441, 'scale_lr': 0.4367184635104093}. Best is trial 54 with value: 0.3562600748316323.
checkpoint_e16 window_influence: 0.43573416407156146, penalty_k: 0.34698727158344134, scale_lr: 0.19241633998687396, EAO: 0.304
Trial 607 finished with value: 0.3035988285847675 and parameters: {'window_influence': 0.43573416407156146, 'penalty_k': 0.34698727158344134, 'scale_lr': 0.19241633998687396}. Best is trial 128 with value: 0.3574732866732527.
checkpoint_e16 window_influence: 0.48730065486271423, penalty_k: 0.04559886789711898, scale_lr: 0.49694663110092357, EAO: 0.317
Trial 85 finished with value: 0.31747950700470445 and parameters: {'window_influence': 0.48730065486271423, 'penalty_k': 0.04559886789711898, 'scale_lr': 0.4969466311009236}. Best is trial 54 with value: 0.3562600748316323.
checkpoint_e16 window_influence: 0.40282422325181111, penalty_k: 0.01253557874852550, scale_lr: 0.31452419988236047, EAO: 0.320
Trial 608 finished with value: 0.319805498658915 and parameters: {'window_influence': 0.4028242232518111, 'penalty_k': 0.012535578748525504, 'scale_lr': 0.31452419988236047}. Best is trial 128 with value: 0.3574732866732527.
checkpoint_e16 window_influence: 0.40960990457728425, penalty_k: 0.02759372813326932, scale_lr: 0.57542072019501589, EAO: 0.324
Trial 86 finished with value: 0.3235141882520705 and parameters: {'window_influence': 0.40960990457728425, 'penalty_k': 0.027593728133269324, 'scale_lr': 0.5754207201950159}. Best is trial 54 with value: 0.3562600748316323.
checkpoint_e16 window_influence: 0.48875744689131850, penalty_k: 0.04942006456411882, scale_lr: 0.21284517084285162, EAO: 0.315
Trial 609 finished with value: 0.31506534419403004 and parameters: {'window_influence': 0.4887574468913185, 'penalty_k': 0.04942006456411882, 'scale_lr': 0.21284517084285162}. Best is trial 128 with value: 0.3574732866732527.
checkpoint_e16 window_influence: 0.38317854889837222, penalty_k: 0.06550800259517320, scale_lr: 0.54475757320134810, EAO: 0.304
Trial 87 finished with value: 0.3037243587497607 and parameters: {'window_influence': 0.3831785488983722, 'penalty_k': 0.0655080025951732, 'scale_lr': 0.5447575732013481}. Best is trial 54 with value: 0.3562600748316323.
checkpoint_e16 window_influence: 0.32820724200366247, penalty_k: 0.06739745684167289, scale_lr: 0.34800599915499958, EAO: 0.317
Trial 610 finished with value: 0.31656131241108193 and parameters: {'window_influence': 0.32820724200366247, 'penalty_k': 0.06739745684167289, 'scale_lr': 0.3480059991549996}. Best is trial 128 with value: 0.3574732866732527.
checkpoint_e16 window_influence: 0.43078233608419564, penalty_k: 0.09351681803407255, scale_lr: 0.45591541201993374, EAO: 0.314
Trial 88 finished with value: 0.31372978083122566 and parameters: {'window_influence': 0.43078233608419564, 'penalty_k': 0.09351681803407255, 'scale_lr': 0.45591541201993374}. Best is trial 54 with value: 0.3562600748316323.
checkpoint_e16 window_influence: 0.46668506005092608, penalty_k: 0.02529936553569830, scale_lr: 0.12553400489252317, EAO: 0.315
Trial 611 finished with value: 0.31492901561557085 and parameters: {'window_influence': 0.4666850600509261, 'penalty_k': 0.025299365535698302, 'scale_lr': 0.12553400489252317}. Best is trial 128 with value: 0.3574732866732527.
checkpoint_e16 window_influence: 0.45240436766323333, penalty_k: 0.00010804980184165, scale_lr: 0.51191283990575798, EAO: 0.340
Trial 89 finished with value: 0.34013572752707666 and parameters: {'window_influence': 0.45240436766323333, 'penalty_k': 0.00010804980184164759, 'scale_lr': 0.511912839905758}. Best is trial 54 with value: 0.3562600748316323.
checkpoint_e16 window_influence: 0.42852967521211782, penalty_k: 0.00036446606169598, scale_lr: 0.22824983821713474, EAO: 0.324
Trial 612 finished with value: 0.32410084331545846 and parameters: {'window_influence': 0.4285296752121178, 'penalty_k': 0.0003644660616959755, 'scale_lr': 0.22824983821713474}. Best is trial 128 with value: 0.3574732866732527.
checkpoint_e16 window_influence: 0.45159825693186523, penalty_k: 0.00272350402578988, scale_lr: 0.52833589614954057, EAO: 0.360
Trial 90 finished with value: 0.360337203462764 and parameters: {'window_influence': 0.4515982569318652, 'penalty_k': 0.0027235040257898788, 'scale_lr': 0.5283358961495406}. Best is trial 90 with value: 0.360337203462764.
checkpoint_e16 window_influence: 0.44577487334999899, penalty_k: 0.07867216050175257, scale_lr: 0.31616355924727568, EAO: 0.325
Trial 613 finished with value: 0.3252249815816545 and parameters: {'window_influence': 0.445774873349999, 'penalty_k': 0.07867216050175257, 'scale_lr': 0.3161635592472757}. Best is trial 128 with value: 0.3574732866732527.
checkpoint_e16 window_influence: 0.46191606725848772, penalty_k: 0.00175493672932284, scale_lr: 0.51551834572480326, EAO: 0.335
Trial 91 finished with value: 0.33481190292751745 and parameters: {'window_influence': 0.4619160672584877, 'penalty_k': 0.0017549367293228368, 'scale_lr': 0.5155183457248033}. Best is trial 90 with value: 0.360337203462764.
checkpoint_e16 window_influence: 0.45969185578581878, penalty_k: 0.08656829830762640, scale_lr: 0.25565954394895063, EAO: 0.326
Trial 614 finished with value: 0.32609376015598207 and parameters: {'window_influence': 0.4596918557858188, 'penalty_k': 0.0865682983076264, 'scale_lr': 0.25565954394895063}. Best is trial 128 with value: 0.3574732866732527.
checkpoint_e16 window_influence: 0.44935557795103243, penalty_k: 0.00247278673915743, scale_lr: 0.51594433698605091, EAO: 0.335
Trial 92 finished with value: 0.3352421410816653 and parameters: {'window_influence': 0.4493555779510324, 'penalty_k': 0.0024727867391574274, 'scale_lr': 0.5159443369860509}. Best is trial 90 with value: 0.360337203462764.
checkpoint_e16 window_influence: 0.47741850493338678, penalty_k: 0.01204911111251727, scale_lr: 0.40442545625964488, EAO: 0.337
Trial 615 finished with value: 0.33740459492698255 and parameters: {'window_influence': 0.4774185049333868, 'penalty_k': 0.012049111112517273, 'scale_lr': 0.4044254562596449}. Best is trial 128 with value: 0.3574732866732527.
checkpoint_e16 window_influence: 0.45358376810109102, penalty_k: 0.01429435844115058, scale_lr: 0.53900579952234218, EAO: 0.310
Trial 93 finished with value: 0.31049219892878477 and parameters: {'window_influence': 0.453583768101091, 'penalty_k': 0.014294358441150576, 'scale_lr': 0.5390057995223422}. Best is trial 90 with value: 0.360337203462764.
checkpoint_e16 window_influence: 0.49516872832037784, penalty_k: 0.06103953231084962, scale_lr: 0.36451048033421790, EAO: 0.314
Trial 616 finished with value: 0.31364643927446134 and parameters: {'window_influence': 0.49516872832037784, 'penalty_k': 0.061039532310849624, 'scale_lr': 0.3645104803342179}. Best is trial 128 with value: 0.3574732866732527.
checkpoint_e16 window_influence: 0.49821423669353004, penalty_k: 0.03689340771926383, scale_lr: 0.52672192079852753, EAO: 0.329
Trial 94 finished with value: 0.32915539007474476 and parameters: {'window_influence': 0.49821423669353004, 'penalty_k': 0.036893407719263825, 'scale_lr': 0.5267219207985275}. Best is trial 90 with value: 0.360337203462764.
checkpoint_e16 window_influence: 0.41719978218478715, penalty_k: 0.45646422362646188, scale_lr: 0.66899658442675436, EAO: 0.314
Trial 617 finished with value: 0.3143132741813066 and parameters: {'window_influence': 0.41719978218478715, 'penalty_k': 0.4564642236264619, 'scale_lr': 0.6689965844267544}. Best is trial 128 with value: 0.3574732866732527.
checkpoint_e16 window_influence: 0.45021158926331928, penalty_k: 0.00029271288776667, scale_lr: 0.49351297946934375, EAO: 0.337
Trial 95 finished with value: 0.33737231669258977 and parameters: {'window_influence': 0.4502115892633193, 'penalty_k': 0.00029271288776666713, 'scale_lr': 0.49351297946934375}. Best is trial 90 with value: 0.360337203462764.
checkpoint_e16 window_influence: 0.43802071237020851, penalty_k: 0.59280461441898069, scale_lr: 0.15278703960333340, EAO: 0.279
Trial 618 finished with value: 0.2790501401814041 and parameters: {'window_influence': 0.4380207123702085, 'penalty_k': 0.5928046144189807, 'scale_lr': 0.1527870396033334}. Best is trial 128 with value: 0.3574732866732527.
checkpoint_e16 window_influence: 0.41934032333201876, penalty_k: 0.02982277690025165, scale_lr: 0.48339583426262317, EAO: 0.319
Trial 96 finished with value: 0.3187125078782961 and parameters: {'window_influence': 0.41934032333201876, 'penalty_k': 0.029822776900251646, 'scale_lr': 0.48339583426262317}. Best is trial 90 with value: 0.360337203462764.
checkpoint_e16 window_influence: 0.45268053223857263, penalty_k: 0.23434862813664128, scale_lr: 0.32633358089983561, EAO: 0.325
Trial 619 finished with value: 0.3253372981274638 and parameters: {'window_influence': 0.45268053223857263, 'penalty_k': 0.23434862813664128, 'scale_lr': 0.3263335808998356}. Best is trial 128 with value: 0.3574732866732527.
checkpoint_e16 window_influence: 0.51548868025697137, penalty_k: 0.04931834046238438, scale_lr: 0.55282602712525619, EAO: 0.334
Trial 97 finished with value: 0.33368330521342354 and parameters: {'window_influence': 0.5154886802569714, 'penalty_k': 0.04931834046238438, 'scale_lr': 0.5528260271252562}. Best is trial 90 with value: 0.360337203462764.
checkpoint_e16 window_influence: 0.47687105289051596, penalty_k: 0.10042361266982165, scale_lr: 0.30456038220514553, EAO: 0.315
Trial 620 finished with value: 0.31453383450146316 and parameters: {'window_influence': 0.47687105289051596, 'penalty_k': 0.10042361266982165, 'scale_lr': 0.30456038220514553}. Best is trial 128 with value: 0.3574732866732527.
checkpoint_e16 window_influence: 0.14615580557421520, penalty_k: 0.11211819105070019, scale_lr: 0.38504906758229335, EAO: 0.282
Trial 621 finished with value: 0.28184634273154263 and parameters: {'window_influence': 0.1461558055742152, 'penalty_k': 0.11211819105070019, 'scale_lr': 0.38504906758229335}. Best is trial 128 with value: 0.3574732866732527.
checkpoint_e16 window_influence: 0.46853785811137538, penalty_k: 0.01711560507685339, scale_lr: 0.49507029428675137, EAO: 0.337
Trial 98 finished with value: 0.33702975430377263 and parameters: {'window_influence': 0.4685378581113754, 'penalty_k': 0.017115605076853394, 'scale_lr': 0.49507029428675137}. Best is trial 90 with value: 0.360337203462764.
checkpoint_e16 window_influence: 0.10902725999220156, penalty_k: 0.19082952759388694, scale_lr: 0.34695970879939919, EAO: 0.265
Trial 622 finished with value: 0.26451463313186213 and parameters: {'window_influence': 0.10902725999220156, 'penalty_k': 0.19082952759388694, 'scale_lr': 0.3469597087993992}. Best is trial 128 with value: 0.3574732866732527.
checkpoint_e16 window_influence: 0.49089462415163482, penalty_k: 0.01380354558695909, scale_lr: 0.58238909408248363, EAO: 0.315
Trial 99 finished with value: 0.3149876325510819 and parameters: {'window_influence': 0.4908946241516348, 'penalty_k': 0.013803545586959086, 'scale_lr': 0.5823890940824836}. Best is trial 90 with value: 0.360337203462764.
checkpoint_e16 window_influence: 0.58642005754036108, penalty_k: 0.40299014218029577, scale_lr: 0.42071143676678746, EAO: 0.244
Trial 623 finished with value: 0.24416331900464885 and parameters: {'window_influence': 0.5864200575403611, 'penalty_k': 0.4029901421802958, 'scale_lr': 0.42071143676678746}. Best is trial 128 with value: 0.3574732866732527.
checkpoint_e16 window_influence: 0.46267847553121422, penalty_k: 0.00035429927498098, scale_lr: 0.48816880153153103, EAO: 0.346
Trial 100 finished with value: 0.34587712382991953 and parameters: {'window_influence': 0.4626784755312142, 'penalty_k': 0.00035429927498098105, 'scale_lr': 0.488168801531531}. Best is trial 90 with value: 0.360337203462764.
checkpoint_e16 window_influence: 0.28195855454891161, penalty_k: 0.03834272838885981, scale_lr: 0.24456103750345598, EAO: 0.299
Trial 624 finished with value: 0.29912619901538356 and parameters: {'window_influence': 0.2819585545489116, 'penalty_k': 0.03834272838885981, 'scale_lr': 0.24456103750345598}. Best is trial 128 with value: 0.3574732866732527.
checkpoint_e16 window_influence: 0.46731414027432022, penalty_k: 0.01637256141935821, scale_lr: 0.49487088407330054, EAO: 0.342
Trial 101 finished with value: 0.34194554197185234 and parameters: {'window_influence': 0.4673141402743202, 'penalty_k': 0.01637256141935821, 'scale_lr': 0.49487088407330054}. Best is trial 90 with value: 0.360337203462764.
checkpoint_e16 window_influence: 0.46924875327398219, penalty_k: 0.12163865294605279, scale_lr: 0.32686233255962827, EAO: 0.331
Trial 625 finished with value: 0.33100338923791967 and parameters: {'window_influence': 0.4692487532739822, 'penalty_k': 0.12163865294605279, 'scale_lr': 0.32686233255962827}. Best is trial 128 with value: 0.3574732866732527.
checkpoint_e16 window_influence: 0.44314375030959802, penalty_k: 0.03563860815647446, scale_lr: 0.53209153504642448, EAO: 0.333
Trial 102 finished with value: 0.3329644340021601 and parameters: {'window_influence': 0.443143750309598, 'penalty_k': 0.03563860815647446, 'scale_lr': 0.5320915350464245}. Best is trial 90 with value: 0.360337203462764.
checkpoint_e16 window_influence: 0.51546953161463793, penalty_k: 0.38268164882413636, scale_lr: 0.73856716014898871, EAO: 0.287
Trial 626 finished with value: 0.2874999031830391 and parameters: {'window_influence': 0.5154695316146379, 'penalty_k': 0.38268164882413636, 'scale_lr': 0.7385671601489887}. Best is trial 128 with value: 0.3574732866732527.
checkpoint_e16 window_influence: 0.47850837176496380, penalty_k: 0.00166383211636553, scale_lr: 0.47140780314202607, EAO: 0.336
Trial 103 finished with value: 0.33593990482708824 and parameters: {'window_influence': 0.4785083717649638, 'penalty_k': 0.0016638321163655327, 'scale_lr': 0.47140780314202607}. Best is trial 90 with value: 0.360337203462764.
checkpoint_e16 window_influence: 0.42743927591183783, penalty_k: 0.02896631007264231, scale_lr: 0.20124322798700592, EAO: 0.318
Trial 627 finished with value: 0.31777072805143053 and parameters: {'window_influence': 0.42743927591183783, 'penalty_k': 0.028966310072642307, 'scale_lr': 0.20124322798700592}. Best is trial 128 with value: 0.3574732866732527.
checkpoint_e16 window_influence: 0.51141318840813865, penalty_k: 0.02454887429953382, scale_lr: 0.49164642588187824, EAO: 0.330
Trial 104 finished with value: 0.3302619606256485 and parameters: {'window_influence': 0.5114131884081387, 'penalty_k': 0.024548874299533823, 'scale_lr': 0.49164642588187824}. Best is trial 90 with value: 0.360337203462764.
checkpoint_e16 window_influence: 0.39176534090739262, penalty_k: 0.43640483929161777, scale_lr: 0.29632658606578094, EAO: 0.311
Trial 628 finished with value: 0.3114945894897216 and parameters: {'window_influence': 0.3917653409073926, 'penalty_k': 0.4364048392916178, 'scale_lr': 0.29632658606578094}. Best is trial 128 with value: 0.3574732866732527.
checkpoint_e16 window_influence: 0.46521620835419514, penalty_k: 0.04598434540817430, scale_lr: 0.55906551859680509, EAO: 0.329
Trial 105 finished with value: 0.3292589730905652 and parameters: {'window_influence': 0.46521620835419514, 'penalty_k': 0.045984345408174296, 'scale_lr': 0.5590655185968051}. Best is trial 90 with value: 0.360337203462764.
checkpoint_e16 window_influence: 0.12475223590425707, penalty_k: 0.44513375811036232, scale_lr: 0.61605635628533073, EAO: 0.251
Trial 629 finished with value: 0.2513954598847994 and parameters: {'window_influence': 0.12475223590425707, 'penalty_k': 0.4451337581103623, 'scale_lr': 0.6160563562853307}. Best is trial 128 with value: 0.3574732866732527.
checkpoint_e16 window_influence: 0.49460812781548158, penalty_k: 0.00933521492420026, scale_lr: 0.44559307520750835, EAO: 0.336
Trial 106 finished with value: 0.335992047526957 and parameters: {'window_influence': 0.4946081278154816, 'penalty_k': 0.009335214924200263, 'scale_lr': 0.44559307520750835}. Best is trial 90 with value: 0.360337203462764.
checkpoint_e16 window_influence: 0.46095056177833443, penalty_k: 0.01948072540362558, scale_lr: 0.22371126330097227, EAO: 0.315
Trial 630 finished with value: 0.3147066239021168 and parameters: {'window_influence': 0.46095056177833443, 'penalty_k': 0.01948072540362558, 'scale_lr': 0.22371126330097227}. Best is trial 128 with value: 0.3574732866732527.
checkpoint_e16 window_influence: 0.43591445504351328, penalty_k: 0.07037585094728674, scale_lr: 0.46638322816600020, EAO: 0.318
Trial 107 finished with value: 0.318021166301423 and parameters: {'window_influence': 0.4359144550435133, 'penalty_k': 0.07037585094728674, 'scale_lr': 0.4663832281660002}. Best is trial 90 with value: 0.360337203462764.
checkpoint_e16 window_influence: 0.44189036349681887, penalty_k: 0.07585656888493304, scale_lr: 0.64940217467348360, EAO: 0.317
Trial 631 finished with value: 0.31686750002176384 and parameters: {'window_influence': 0.44189036349681887, 'penalty_k': 0.07585656888493304, 'scale_lr': 0.6494021746734836}. Best is trial 128 with value: 0.3574732866732527.
checkpoint_e16 window_influence: 0.44825428601205802, penalty_k: 0.04942803164861655, scale_lr: 0.52701591480637655, EAO: 0.329
Trial 108 finished with value: 0.32908572940742925 and parameters: {'window_influence': 0.448254286012058, 'penalty_k': 0.04942803164861655, 'scale_lr': 0.5270159148063766}. Best is trial 90 with value: 0.360337203462764.
checkpoint_e16 window_influence: 0.34470207933381619, penalty_k: 0.22522063925233760, scale_lr: 0.28348229940741188, EAO: 0.304
Trial 632 finished with value: 0.3036727034396235 and parameters: {'window_influence': 0.3447020793338162, 'penalty_k': 0.2252206392523376, 'scale_lr': 0.2834822994074119}. Best is trial 128 with value: 0.3574732866732527.
checkpoint_e16 window_influence: 0.52766884202003028, penalty_k: 0.02852857336947371, scale_lr: 0.48721291559632612, EAO: 0.304
Trial 109 finished with value: 0.30370564370303765 and parameters: {'window_influence': 0.5276688420200303, 'penalty_k': 0.028528573369473707, 'scale_lr': 0.4872129155963261}. Best is trial 90 with value: 0.360337203462764.
checkpoint_e16 window_influence: 0.48734774460114511, penalty_k: 0.05657312985925393, scale_lr: 0.31328049971905431, EAO: 0.319
Trial 633 finished with value: 0.31872385891031196 and parameters: {'window_influence': 0.4873477446011451, 'penalty_k': 0.05657312985925393, 'scale_lr': 0.3132804997190543}. Best is trial 128 with value: 0.3574732866732527.
checkpoint_e16 window_influence: 0.48086752627545876, penalty_k: 0.01090768941005744, scale_lr: 0.50889843155007553, EAO: 0.338
