Trial 2714 finished with value: 0.32134719865563316 and parameters: {'window_influence': 0.4698968504841909, 'penalty_k': 0.061313337688337424, 'scale_lr': 0.7062288562849096}. Best is trial 1270 with value: 0.3623636909959845.
checkpoint_e22 window_influence: 0.25396126465622310, penalty_k: 0.58589341630210512, scale_lr: 0.25000520472020565, EAO: 0.275
Trial 2715 finished with value: 0.2752197799399669 and parameters: {'window_influence': 0.2539612646562231, 'penalty_k': 0.5858934163021051, 'scale_lr': 0.25000520472020565}. Best is trial 1270 with value: 0.3623636909959845.
checkpoint_e22 window_influence: 0.24222357295706048, penalty_k: 0.51550112838465956, scale_lr: 0.73765020248782254, EAO: 0.273
Trial 2716 finished with value: 0.2726092417416406 and parameters: {'window_influence': 0.24222357295706048, 'penalty_k': 0.5155011283846596, 'scale_lr': 0.7376502024878225}. Best is trial 1270 with value: 0.3623636909959845.
checkpoint_e22 window_influence: 0.40276578448151623, penalty_k: 0.16131591269806814, scale_lr: 0.76538035582264052, EAO: 0.312
Trial 2717 finished with value: 0.31220102808818745 and parameters: {'window_influence': 0.40276578448151623, 'penalty_k': 0.16131591269806814, 'scale_lr': 0.7653803558226405}. Best is trial 1270 with value: 0.3623636909959845.
checkpoint_e22 window_influence: 0.43387416546998125, penalty_k: 0.03292482943255772, scale_lr: 0.51720074271141936, EAO: 0.311
Trial 2718 finished with value: 0.3108525207766299 and parameters: {'window_influence': 0.43387416546998125, 'penalty_k': 0.03292482943255772, 'scale_lr': 0.5172007427114194}. Best is trial 1270 with value: 0.3623636909959845.
checkpoint_e22 window_influence: 0.48580919689077623, penalty_k: 0.02012976487127564, scale_lr: 0.44973493421062555, EAO: 0.311
Trial 2719 finished with value: 0.3111882957155139 and parameters: {'window_influence': 0.48580919689077623, 'penalty_k': 0.020129764871275636, 'scale_lr': 0.44973493421062555}. Best is trial 1270 with value: 0.3623636909959845.
checkpoint_e22 window_influence: 0.51997283030431107, penalty_k: 0.00025780099155094, scale_lr: 0.56945884956544213, EAO: 0.322
Trial 2720 finished with value: 0.3216696893542657 and parameters: {'window_influence': 0.5199728303043111, 'penalty_k': 0.0002578009915509445, 'scale_lr': 0.5694588495654421}. Best is trial 1270 with value: 0.3623636909959845.
checkpoint_e22 window_influence: 0.14632636631876331, penalty_k: 0.43423870949056648, scale_lr: 0.67059720336665052, EAO: 0.248
Trial 2721 finished with value: 0.24824615083779805 and parameters: {'window_influence': 0.1463263663187633, 'penalty_k': 0.4342387094905665, 'scale_lr': 0.6705972033666505}. Best is trial 1270 with value: 0.3623636909959845.
checkpoint_e22 window_influence: 0.45909907385837895, penalty_k: 0.17890879115762398, scale_lr: 0.48533605932586771, EAO: 0.318
Trial 2722 finished with value: 0.3181709085920905 and parameters: {'window_influence': 0.45909907385837895, 'penalty_k': 0.17890879115762398, 'scale_lr': 0.4853360593258677}. Best is trial 1270 with value: 0.3623636909959845.
checkpoint_e22 window_influence: 0.26409914288354558, penalty_k: 0.51012648017986784, scale_lr: 0.40921738309233913, EAO: 0.269
Trial 2723 finished with value: 0.2690658501497966 and parameters: {'window_influence': 0.2640991428835456, 'penalty_k': 0.5101264801798678, 'scale_lr': 0.4092173830923391}. Best is trial 1270 with value: 0.3623636909959845.
checkpoint_e22 window_influence: 0.31067202817165895, penalty_k: 0.04883793089159381, scale_lr: 0.59287564029261175, EAO: 0.315
Trial 2724 finished with value: 0.31480653224520183 and parameters: {'window_influence': 0.31067202817165895, 'penalty_k': 0.048837930891593814, 'scale_lr': 0.5928756402926117}. Best is trial 1270 with value: 0.3623636909959845.
checkpoint_e22 window_influence: 0.50390028459579350, penalty_k: 0.38021465177243430, scale_lr: 0.15423168464431386, EAO: 0.265
Trial 2725 finished with value: 0.2652974247584547 and parameters: {'window_influence': 0.5039002845957935, 'penalty_k': 0.3802146517724343, 'scale_lr': 0.15423168464431386}. Best is trial 1270 with value: 0.3623636909959845.
checkpoint_e22 window_influence: 0.32314771339858794, penalty_k: 0.57039251610223440, scale_lr: 0.17156821983878268, EAO: 0.287
Trial 2726 finished with value: 0.28747976736567826 and parameters: {'window_influence': 0.32314771339858794, 'penalty_k': 0.5703925161022344, 'scale_lr': 0.17156821983878268}. Best is trial 1270 with value: 0.3623636909959845.
checkpoint_e22 window_influence: 0.46897936330496914, penalty_k: 0.28992845731679312, scale_lr: 0.27863739890765227, EAO: 0.316
Trial 2727 finished with value: 0.3160441126456984 and parameters: {'window_influence': 0.46897936330496914, 'penalty_k': 0.2899284573167931, 'scale_lr': 0.27863739890765227}. Best is trial 1270 with value: 0.3623636909959845.
checkpoint_e22 window_influence: 0.44781846347797383, penalty_k: 0.18542879743576043, scale_lr: 0.63528808886624610, EAO: 0.297
Trial 2728 finished with value: 0.29717837268276437 and parameters: {'window_influence': 0.4478184634779738, 'penalty_k': 0.18542879743576043, 'scale_lr': 0.6352880888662461}. Best is trial 1270 with value: 0.3623636909959845.
checkpoint_e22 window_influence: 0.48523505299438152, penalty_k: 0.39260780062289269, scale_lr: 0.29607248070630277, EAO: 0.302
Trial 2729 finished with value: 0.3015705174857076 and parameters: {'window_influence': 0.4852350529943815, 'penalty_k': 0.3926078006228927, 'scale_lr': 0.29607248070630277}. Best is trial 1270 with value: 0.3623636909959845.
checkpoint_e22 window_influence: 0.54038110632482861, penalty_k: 0.07398656918353175, scale_lr: 0.66012112185314076, EAO: 0.303
Trial 2730 finished with value: 0.302737089272603 and parameters: {'window_influence': 0.5403811063248286, 'penalty_k': 0.07398656918353175, 'scale_lr': 0.6601211218531408}. Best is trial 1270 with value: 0.3623636909959845.
checkpoint_e22 window_influence: 0.47635931010357219, penalty_k: 0.13881561073182913, scale_lr: 0.22342237294067036, EAO: 0.333
Trial 2731 finished with value: 0.3326807916164398 and parameters: {'window_influence': 0.4763593101035722, 'penalty_k': 0.13881561073182913, 'scale_lr': 0.22342237294067036}. Best is trial 1270 with value: 0.3623636909959845.
checkpoint_e22 window_influence: 0.49448170536247704, penalty_k: 0.03327349089601962, scale_lr: 0.62169859813535633, EAO: 0.335
Trial 2732 finished with value: 0.33537222845081227 and parameters: {'window_influence': 0.49448170536247704, 'penalty_k': 0.033273490896019615, 'scale_lr': 0.6216985981353563}. Best is trial 1270 with value: 0.3623636909959845.
checkpoint_e22 window_influence: 0.63861449183689589, penalty_k: 0.01132704145856870, scale_lr: 0.46191295400542809, EAO: 0.240
Trial 2733 finished with value: 0.23982680255568908 and parameters: {'window_influence': 0.6386144918368959, 'penalty_k': 0.011327041458568698, 'scale_lr': 0.4619129540054281}. Best is trial 1270 with value: 0.3623636909959845.
checkpoint_e22 window_influence: 0.46245987443678116, penalty_k: 0.12520582635356339, scale_lr: 0.10656423567909257, EAO: 0.323
Trial 2734 finished with value: 0.3229765624155794 and parameters: {'window_influence': 0.46245987443678116, 'penalty_k': 0.1252058263535634, 'scale_lr': 0.10656423567909257}. Best is trial 1270 with value: 0.3623636909959845.
checkpoint_e22 window_influence: 0.29050313878843947, penalty_k: 0.40132356128144286, scale_lr: 0.60353873439998817, EAO: 0.293
Trial 2735 finished with value: 0.292539838918916 and parameters: {'window_influence': 0.2905031387884395, 'penalty_k': 0.40132356128144286, 'scale_lr': 0.6035387343999882}. Best is trial 1270 with value: 0.3623636909959845.
checkpoint_e22 window_influence: 0.51151801218136272, penalty_k: 0.21399595930476917, scale_lr: 0.26164628084944769, EAO: 0.295
Trial 2736 finished with value: 0.2952375472867535 and parameters: {'window_influence': 0.5115180121813627, 'penalty_k': 0.21399595930476917, 'scale_lr': 0.2616462808494477}. Best is trial 1270 with value: 0.3623636909959845.
checkpoint_e22 window_influence: 0.48050938501915114, penalty_k: 0.08258526808223181, scale_lr: 0.43357670276113741, EAO: 0.329
Trial 2737 finished with value: 0.3287231769079364 and parameters: {'window_influence': 0.48050938501915114, 'penalty_k': 0.08258526808223181, 'scale_lr': 0.4335767027611374}. Best is trial 1270 with value: 0.3623636909959845.
checkpoint_e22 window_influence: 0.58629222219298294, penalty_k: 0.45420986222567877, scale_lr: 0.54368259468360236, EAO: 0.237
Trial 2738 finished with value: 0.2374265233366406 and parameters: {'window_influence': 0.5862922221929829, 'penalty_k': 0.4542098622256788, 'scale_lr': 0.5436825946836024}. Best is trial 1270 with value: 0.3623636909959845.
checkpoint_e22 window_influence: 0.43902208593455699, penalty_k: 0.23232442267260817, scale_lr: 0.58699703688164839, EAO: 0.302
Trial 2739 finished with value: 0.3016051429139037 and parameters: {'window_influence': 0.439022085934557, 'penalty_k': 0.23232442267260817, 'scale_lr': 0.5869970368816484}. Best is trial 1270 with value: 0.3623636909959845.
checkpoint_e22 window_influence: 0.45583663042736283, penalty_k: 0.46857227976434068, scale_lr: 0.47089081741013239, EAO: 0.307
Trial 2740 finished with value: 0.3071019002435736 and parameters: {'window_influence': 0.45583663042736283, 'penalty_k': 0.4685722797643407, 'scale_lr': 0.4708908174101324}. Best is trial 1270 with value: 0.3623636909959845.
checkpoint_e22 window_influence: 0.49431411782091178, penalty_k: 0.06393502056518106, scale_lr: 0.39387762918105723, EAO: 0.306
Trial 2741 finished with value: 0.3056108025609287 and parameters: {'window_influence': 0.4943141178209118, 'penalty_k': 0.06393502056518106, 'scale_lr': 0.39387762918105723}. Best is trial 1270 with value: 0.3623636909959845.
checkpoint_e22 window_influence: 0.55841266410530510, penalty_k: 0.02981051435170840, scale_lr: 0.28385573874947734, EAO: 0.305
Trial 2742 finished with value: 0.30529880407719295 and parameters: {'window_influence': 0.5584126641053051, 'penalty_k': 0.0298105143517084, 'scale_lr': 0.28385573874947734}. Best is trial 1270 with value: 0.3623636909959845.
checkpoint_e22 window_influence: 0.63714132616759034, penalty_k: 0.01785653942349619, scale_lr: 0.16539400930578924, EAO: 0.251
Trial 2743 finished with value: 0.25129658117136605 and parameters: {'window_influence': 0.6371413261675903, 'penalty_k': 0.017856539423496187, 'scale_lr': 0.16539400930578924}. Best is trial 1270 with value: 0.3623636909959845.
checkpoint_e22 window_influence: 0.46790533611815216, penalty_k: 0.13563714222232981, scale_lr: 0.49972335207006624, EAO: 0.315
Trial 2744 finished with value: 0.3148035638991033 and parameters: {'window_influence': 0.46790533611815216, 'penalty_k': 0.1356371422223298, 'scale_lr': 0.49972335207006624}. Best is trial 1270 with value: 0.3623636909959845.
checkpoint_e22 window_influence: 0.52955342181447296, penalty_k: 0.20550358509165251, scale_lr: 0.72315368388199197, EAO: 0.288
Trial 2745 finished with value: 0.28808833339798773 and parameters: {'window_influence': 0.529553421814473, 'penalty_k': 0.2055035850916525, 'scale_lr': 0.723153683881992}. Best is trial 1270 with value: 0.3623636909959845.
checkpoint_e22 window_influence: 0.47462371206955462, penalty_k: 0.04554290990108016, scale_lr: 0.78558917805188422, EAO: 0.321
Trial 2746 finished with value: 0.3205625039130333 and parameters: {'window_influence': 0.4746237120695546, 'penalty_k': 0.04554290990108016, 'scale_lr': 0.7855891780518842}. Best is trial 1270 with value: 0.3623636909959845.
checkpoint_e22 window_influence: 0.57314059295869491, penalty_k: 0.14750019862591715, scale_lr: 0.68569701134874250, EAO: 0.255
Trial 2747 finished with value: 0.2548490698931282 and parameters: {'window_influence': 0.5731405929586949, 'penalty_k': 0.14750019862591715, 'scale_lr': 0.6856970113487425}. Best is trial 1270 with value: 0.3623636909959845.
checkpoint_e22 window_influence: 0.32703933000619551, penalty_k: 0.19458650422842050, scale_lr: 0.41576379919609713, EAO: 0.299
Trial 2748 finished with value: 0.2989261072085525 and parameters: {'window_influence': 0.3270393300061955, 'penalty_k': 0.1945865042284205, 'scale_lr': 0.41576379919609713}. Best is trial 1270 with value: 0.3623636909959845.
checkpoint_e22 window_influence: 0.50616823369144048, penalty_k: 0.11372047422759450, scale_lr: 0.53009911581764502, EAO: 0.320
Trial 2749 finished with value: 0.31988079677759906 and parameters: {'window_influence': 0.5061682336914405, 'penalty_k': 0.1137204742275945, 'scale_lr': 0.530099115817645}. Best is trial 1270 with value: 0.3623636909959845.
checkpoint_e22 window_influence: 0.48612976942128711, penalty_k: 0.25044360320792280, scale_lr: 0.55889088887889293, EAO: 0.285
Trial 2750 finished with value: 0.28493192861516187 and parameters: {'window_influence': 0.4861297694212871, 'penalty_k': 0.2504436032079228, 'scale_lr': 0.5588908888788929}. Best is trial 1270 with value: 0.3623636909959845.
checkpoint_e22 window_influence: 0.44867500714494307, penalty_k: 0.01606295013020425, scale_lr: 0.70639122151628209, EAO: 0.310
Trial 2751 finished with value: 0.31039323411331105 and parameters: {'window_influence': 0.44867500714494307, 'penalty_k': 0.01606295013020425, 'scale_lr': 0.7063912215162821}. Best is trial 1270 with value: 0.3623636909959845.
checkpoint_e22 window_influence: 0.46735963069492820, penalty_k: 0.07849284518464607, scale_lr: 0.30139642688319723, EAO: 0.343
Trial 2752 finished with value: 0.3434921613231243 and parameters: {'window_influence': 0.4673596306949282, 'penalty_k': 0.07849284518464607, 'scale_lr': 0.30139642688319723}. Best is trial 1270 with value: 0.3623636909959845.
checkpoint_e22 window_influence: 0.49748425682725500, penalty_k: 0.08894224436198368, scale_lr: 0.48445270415705166, EAO: 0.326
Trial 2753 finished with value: 0.3259294155970622 and parameters: {'window_influence': 0.497484256827255, 'penalty_k': 0.08894224436198368, 'scale_lr': 0.48445270415705166}. Best is trial 1270 with value: 0.3623636909959845.
checkpoint_e22 window_influence: 0.37553152617501540, penalty_k: 0.16217402219432753, scale_lr: 0.60584845438299995, EAO: 0.305
Trial 2754 finished with value: 0.3052489523293907 and parameters: {'window_influence': 0.3755315261750154, 'penalty_k': 0.16217402219432753, 'scale_lr': 0.605848454383}. Best is trial 1270 with value: 0.3623636909959845.
checkpoint_e22 window_influence: 0.51839074486221248, penalty_k: 0.00012075449200475, scale_lr: 0.64981596810504627, EAO: 0.323
Trial 2755 finished with value: 0.32277495695227315 and parameters: {'window_influence': 0.5183907448622125, 'penalty_k': 0.00012075449200475187, 'scale_lr': 0.6498159681050463}. Best is trial 1270 with value: 0.3623636909959845.
checkpoint_e22 window_influence: 0.43647721618390506, penalty_k: 0.12809842103351254, scale_lr: 0.75239426194141523, EAO: 0.314
Trial 2756 finished with value: 0.31404242986371084 and parameters: {'window_influence': 0.43647721618390506, 'penalty_k': 0.12809842103351254, 'scale_lr': 0.7523942619414152}. Best is trial 1270 with value: 0.3623636909959845.
checkpoint_e22 window_influence: 0.48153828980369051, penalty_k: 0.05247300185326255, scale_lr: 0.57244470189054297, EAO: 0.332
Trial 2757 finished with value: 0.3318371802916323 and parameters: {'window_influence': 0.4815382898036905, 'penalty_k': 0.05247300185326255, 'scale_lr': 0.572444701890543}. Best is trial 1270 with value: 0.3623636909959845.
checkpoint_e22 window_influence: 0.64570974406547843, penalty_k: 0.01164320131737906, scale_lr: 0.44988051598506673, EAO: 0.246
Trial 2758 finished with value: 0.24584306103941994 and parameters: {'window_influence': 0.6457097440654784, 'penalty_k': 0.011643201317379061, 'scale_lr': 0.44988051598506673}. Best is trial 1270 with value: 0.3623636909959845.
checkpoint_e22 window_influence: 0.45645792563054882, penalty_k: 0.58430094293562229, scale_lr: 0.11188029774914576, EAO: 0.287
Trial 2759 finished with value: 0.28650201880282467 and parameters: {'window_influence': 0.4564579256305488, 'penalty_k': 0.5843009429356223, 'scale_lr': 0.11188029774914576}. Best is trial 1270 with value: 0.3623636909959845.
checkpoint_e22 window_influence: 0.48881732904016151, penalty_k: 0.06747778457672976, scale_lr: 0.51325609647837833, EAO: 0.342
Trial 2760 finished with value: 0.3417564813728926 and parameters: {'window_influence': 0.4888173290401615, 'penalty_k': 0.06747778457672976, 'scale_lr': 0.5132560964783783}. Best is trial 1270 with value: 0.3623636909959845.
checkpoint_e22 window_influence: 0.54530130128458221, penalty_k: 0.30785546117907941, scale_lr: 0.63068719502991788, EAO: 0.280
Trial 2761 finished with value: 0.28004084260779133 and parameters: {'window_influence': 0.5453013012845822, 'penalty_k': 0.3078554611790794, 'scale_lr': 0.6306871950299179}. Best is trial 1270 with value: 0.3623636909959845.
checkpoint_e22 window_influence: 0.13009222664449460, penalty_k: 0.30994696276568606, scale_lr: 0.25610316558912494, EAO: 0.264
Trial 2762 finished with value: 0.26363493316600295 and parameters: {'window_influence': 0.1300922266444946, 'penalty_k': 0.30994696276568606, 'scale_lr': 0.25610316558912494}. Best is trial 1270 with value: 0.3623636909959845.
checkpoint_e22 window_influence: 0.39933577066390608, penalty_k: 0.27884334437730152, scale_lr: 0.42648700180654875, EAO: 0.300
Trial 2763 finished with value: 0.30047073977698613 and parameters: {'window_influence': 0.3993357706639061, 'penalty_k': 0.2788433443773015, 'scale_lr': 0.42648700180654875}. Best is trial 1270 with value: 0.3623636909959845.
checkpoint_e22 window_influence: 0.47154266172110054, penalty_k: 0.03836985318817313, scale_lr: 0.46511465702051735, EAO: 0.335
Trial 2764 finished with value: 0.3348187537508716 and parameters: {'window_influence': 0.47154266172110054, 'penalty_k': 0.03836985318817313, 'scale_lr': 0.46511465702051735}. Best is trial 1270 with value: 0.3623636909959845.
checkpoint_e22 window_influence: 0.44917403010913881, penalty_k: 0.02521410382624583, scale_lr: 0.27293793907233338, EAO: 0.324
Trial 2765 finished with value: 0.324457450947409 and parameters: {'window_influence': 0.4491740301091388, 'penalty_k': 0.02521410382624583, 'scale_lr': 0.2729379390723334}. Best is trial 1270 with value: 0.3623636909959845.
checkpoint_e22 window_influence: 0.35007018781572846, penalty_k: 0.10424947501417837, scale_lr: 0.68926786875521384, EAO: 0.312
Trial 2766 finished with value: 0.3124808698660669 and parameters: {'window_influence': 0.35007018781572846, 'penalty_k': 0.10424947501417837, 'scale_lr': 0.6892678687552138}. Best is trial 1270 with value: 0.3623636909959845.
checkpoint_e22 window_influence: 0.20263457443372049, penalty_k: 0.30592311785583359, scale_lr: 0.59221758098471955, EAO: 0.255
Trial 2767 finished with value: 0.2554895241784678 and parameters: {'window_influence': 0.2026345744337205, 'penalty_k': 0.3059231178558336, 'scale_lr': 0.5922175809847195}. Best is trial 1270 with value: 0.3623636909959845.
checkpoint_e22 window_influence: 0.41388845570009813, penalty_k: 0.12061784719536579, scale_lr: 0.29512236298273747, EAO: 0.333
Trial 2768 finished with value: 0.3327589629921004 and parameters: {'window_influence': 0.41388845570009813, 'penalty_k': 0.1206178471953658, 'scale_lr': 0.2951223629827375}. Best is trial 1270 with value: 0.3623636909959845.
checkpoint_e22 window_influence: 0.50542982329164265, penalty_k: 0.00022337254159739, scale_lr: 0.73335987796635127, EAO: 0.312
Trial 2769 finished with value: 0.3115115221952186 and parameters: {'window_influence': 0.5054298232916427, 'penalty_k': 0.00022337254159738684, 'scale_lr': 0.7333598779663513}. Best is trial 1270 with value: 0.3623636909959845.
checkpoint_e22 window_influence: 0.42912360253760379, penalty_k: 0.09897954536938289, scale_lr: 0.18804839432861575, EAO: 0.316
Trial 2770 finished with value: 0.31570636031692595 and parameters: {'window_influence': 0.4291236025376038, 'penalty_k': 0.09897954536938289, 'scale_lr': 0.18804839432861575}. Best is trial 1270 with value: 0.3623636909959845.
checkpoint_e22 window_influence: 0.46162681157915636, penalty_k: 0.34654902712008562, scale_lr: 0.23328155974238987, EAO: 0.301
Trial 2771 finished with value: 0.3014541905561774 and parameters: {'window_influence': 0.46162681157915636, 'penalty_k': 0.3465490271200856, 'scale_lr': 0.23328155974238987}. Best is trial 1270 with value: 0.3623636909959845.
checkpoint_e22 window_influence: 0.47620304223119875, penalty_k: 0.15386716857464558, scale_lr: 0.66757643309884029, EAO: 0.322
Trial 2772 finished with value: 0.32238930278251143 and parameters: {'window_influence': 0.47620304223119875, 'penalty_k': 0.15386716857464558, 'scale_lr': 0.6675764330988403}. Best is trial 1270 with value: 0.3623636909959845.
checkpoint_e22 window_influence: 0.18414575446132483, penalty_k: 0.35986626108962649, scale_lr: 0.61369056281106005, EAO: 0.250
Trial 2773 finished with value: 0.24994905977165652 and parameters: {'window_influence': 0.18414575446132483, 'penalty_k': 0.3598662610896265, 'scale_lr': 0.61369056281106}. Best is trial 1270 with value: 0.3623636909959845.
checkpoint_e22 window_influence: 0.49380722079677158, penalty_k: 0.02211784076030147, scale_lr: 0.50320544520066668, EAO: 0.352
Trial 2774 finished with value: 0.35197713217382764 and parameters: {'window_influence': 0.4938072207967716, 'penalty_k': 0.022117840760301467, 'scale_lr': 0.5032054452006667}. Best is trial 1270 with value: 0.3623636909959845.
checkpoint_e22 window_influence: 0.14715375218154553, penalty_k: 0.03186178671332944, scale_lr: 0.50067039064158658, EAO: 0.266
Trial 2775 finished with value: 0.2655376354776004 and parameters: {'window_influence': 0.14715375218154553, 'penalty_k': 0.03186178671332944, 'scale_lr': 0.5006703906415866}. Best is trial 1270 with value: 0.3623636909959845.
checkpoint_e22 window_influence: 0.51027256561938827, penalty_k: 0.02191669254451577, scale_lr: 0.51813499260400808, EAO: 0.321
