A new study created in memory with name: no-name-0ab8cfdc-db87-4423-9b76-f874bb3d92b9
checkpoint_e31 window_influence: 0.23308582279601009, penalty_k: 0.29990744535490049, scale_lr: 0.19659378819017720, EAO: 0.291
Trial 0 finished with value: 0.2911725680303945 and parameters: {'window_influence': 0.2330858227960101, 'penalty_k': 0.2999074453549005, 'scale_lr': 0.1965937881901772}. Best is trial 0 with value: 0.2911725680303945.
checkpoint_e31 window_influence: 0.55672946922305033, penalty_k: 0.47592784673536620, scale_lr: 0.40456310050395416, EAO: 0.310
Trial 1 finished with value: 0.30951917293238734 and parameters: {'window_influence': 0.5567294692230503, 'penalty_k': 0.4759278467353662, 'scale_lr': 0.40456310050395416}. Best is trial 1 with value: 0.30951917293238734.
checkpoint_e31 window_influence: 0.23095792376285462, penalty_k: 0.37156105162776831, scale_lr: 0.17561176774314824, EAO: 0.281
Trial 2 finished with value: 0.2809666548257672 and parameters: {'window_influence': 0.23095792376285462, 'penalty_k': 0.3715610516277683, 'scale_lr': 0.17561176774314824}. Best is trial 1 with value: 0.30951917293238734.
checkpoint_e31 window_influence: 0.15475064743533673, penalty_k: 0.49104035948823443, scale_lr: 0.16999589380887065, EAO: 0.268
Trial 3 finished with value: 0.2678555573702786 and parameters: {'window_influence': 0.15475064743533673, 'penalty_k': 0.49104035948823443, 'scale_lr': 0.16999589380887065}. Best is trial 1 with value: 0.30951917293238734.
checkpoint_e31 window_influence: 0.38173330833068286, penalty_k: 0.55370660827192808, scale_lr: 0.47557074158025980, EAO: 0.309
Trial 4 finished with value: 0.30862481051381924 and parameters: {'window_influence': 0.38173330833068286, 'penalty_k': 0.5537066082719281, 'scale_lr': 0.4755707415802598}. Best is trial 1 with value: 0.30951917293238734.
checkpoint_e31 window_influence: 0.06361738291039480, penalty_k: 0.44329768201701664, scale_lr: 0.60089433170607287, EAO: 0.238
Trial 5 finished with value: 0.23779130584998817 and parameters: {'window_influence': 0.0636173829103948, 'penalty_k': 0.44329768201701664, 'scale_lr': 0.6008943317060729}. Best is trial 1 with value: 0.30951917293238734.
checkpoint_e31 window_influence: 0.51006354313574498, penalty_k: 0.15408292638799787, scale_lr: 0.58497235367912459, EAO: 0.340
Trial 6 finished with value: 0.3397240064719308 and parameters: {'window_influence': 0.510063543135745, 'penalty_k': 0.15408292638799787, 'scale_lr': 0.5849723536791246}. Best is trial 6 with value: 0.3397240064719308.
checkpoint_e31 window_influence: 0.22106345090281659, penalty_k: 0.49429537915389749, scale_lr: 0.77047379620081069, EAO: 0.305
Trial 7 finished with value: 0.3053483729928384 and parameters: {'window_influence': 0.2210634509028166, 'penalty_k': 0.4942953791538975, 'scale_lr': 0.7704737962008107}. Best is trial 6 with value: 0.3397240064719308.
checkpoint_e31 window_influence: 0.48945312963196552, penalty_k: 0.14628456051510288, scale_lr: 0.34966626075421214, EAO: 0.337
Trial 8 finished with value: 0.336886443980473 and parameters: {'window_influence': 0.4894531296319655, 'penalty_k': 0.14628456051510288, 'scale_lr': 0.34966626075421214}. Best is trial 6 with value: 0.3397240064719308.
checkpoint_e31 window_influence: 0.13192571373652495, penalty_k: 0.46979270747600799, scale_lr: 0.26479944844451558, EAO: 0.269
Trial 9 finished with value: 0.2692149664177505 and parameters: {'window_influence': 0.13192571373652495, 'penalty_k': 0.469792707476008, 'scale_lr': 0.2647994484445156}. Best is trial 6 with value: 0.3397240064719308.
checkpoint_e31 window_influence: 0.64868717090611017, penalty_k: 0.01036957902423827, scale_lr: 0.57161313269484648, EAO: 0.240
Trial 10 finished with value: 0.24049622649580588 and parameters: {'window_influence': 0.6486871709061102, 'penalty_k': 0.010369579024238268, 'scale_lr': 0.5716131326948465}. Best is trial 6 with value: 0.3397240064719308.
checkpoint_e31 window_influence: 0.46857180761523237, penalty_k: 0.14685214083940035, scale_lr: 0.32547304540488375, EAO: 0.320
Trial 11 finished with value: 0.3198309078058844 and parameters: {'window_influence': 0.46857180761523237, 'penalty_k': 0.14685214083940035, 'scale_lr': 0.32547304540488375}. Best is trial 6 with value: 0.3397240064719308.
checkpoint_e31 window_influence: 0.45809990127764677, penalty_k: 0.19217710297065410, scale_lr: 0.37984867917107235, EAO: 0.309
Trial 12 finished with value: 0.30914808166166224 and parameters: {'window_influence': 0.45809990127764677, 'penalty_k': 0.1921771029706541, 'scale_lr': 0.37984867917107235}. Best is trial 6 with value: 0.3397240064719308.
checkpoint_e31 window_influence: 0.51101881339647492, penalty_k: 0.15585957752086452, scale_lr: 0.49237302405039018, EAO: 0.326
Trial 13 finished with value: 0.3258598851554589 and parameters: {'window_influence': 0.5110188133964749, 'penalty_k': 0.15585957752086452, 'scale_lr': 0.4923730240503902}. Best is trial 6 with value: 0.3397240064719308.
checkpoint_e31 window_influence: 0.37692313258847343, penalty_k: 0.05756593234873277, scale_lr: 0.62177544915055871, EAO: 0.317
Trial 14 finished with value: 0.31738037230439686 and parameters: {'window_influence': 0.37692313258847343, 'penalty_k': 0.057565932348732765, 'scale_lr': 0.6217754491505587}. Best is trial 6 with value: 0.3397240064719308.
checkpoint_e31 window_influence: 0.58761290664092669, penalty_k: 0.25610115167085673, scale_lr: 0.11088334349354576, EAO: 0.284
Trial 15 finished with value: 0.28449938936224245 and parameters: {'window_influence': 0.5876129066409267, 'penalty_k': 0.25610115167085673, 'scale_lr': 0.11088334349354576}. Best is trial 6 with value: 0.3397240064719308.
checkpoint_e31 window_influence: 0.43410714495030145, penalty_k: 0.09361798899723486, scale_lr: 0.32399068297137246, EAO: 0.310
Trial 16 finished with value: 0.30950303491683323 and parameters: {'window_influence': 0.43410714495030145, 'penalty_k': 0.09361798899723486, 'scale_lr': 0.32399068297137246}. Best is trial 6 with value: 0.3397240064719308.
checkpoint_e31 window_influence: 0.53500134413866751, penalty_k: 0.22650607767882100, scale_lr: 0.50329655829264575, EAO: 0.306
Trial 17 finished with value: 0.30605285037816266 and parameters: {'window_influence': 0.5350013441386675, 'penalty_k': 0.226506077678821, 'scale_lr': 0.5032965582926457}. Best is trial 6 with value: 0.3397240064719308.
checkpoint_e31 window_influence: 0.32885857951689956, penalty_k: 0.10335240138425572, scale_lr: 0.71327891744118532, EAO: 0.310
Trial 18 finished with value: 0.3101871618384981 and parameters: {'window_influence': 0.32885857951689956, 'penalty_k': 0.10335240138425572, 'scale_lr': 0.7132789174411853}. Best is trial 6 with value: 0.3397240064719308.
checkpoint_e31 window_influence: 0.60750465399678211, penalty_k: 0.18871145864147684, scale_lr: 0.44860873763699005, EAO: 0.263
Trial 19 finished with value: 0.26275442424683254 and parameters: {'window_influence': 0.6075046539967821, 'penalty_k': 0.18871145864147684, 'scale_lr': 0.44860873763699005}. Best is trial 6 with value: 0.3397240064719308.
checkpoint_e31 window_influence: 0.50797872134574029, penalty_k: 0.27652708390944813, scale_lr: 0.55093083165713730, EAO: 0.302
Trial 20 finished with value: 0.3023143403145126 and parameters: {'window_influence': 0.5079787213457403, 'penalty_k': 0.27652708390944813, 'scale_lr': 0.5509308316571373}. Best is trial 6 with value: 0.3397240064719308.
checkpoint_e31 window_influence: 0.51079809765162931, penalty_k: 0.14064790518524140, scale_lr: 0.50655015367011380, EAO: 0.322
Trial 21 finished with value: 0.32205709165636204 and parameters: {'window_influence': 0.5107980976516293, 'penalty_k': 0.1406479051852414, 'scale_lr': 0.5065501536701138}. Best is trial 6 with value: 0.3397240064719308.
checkpoint_e31 window_influence: 0.53696214436398171, penalty_k: 0.14601236921451044, scale_lr: 0.65545501855005184, EAO: 0.303
Trial 22 finished with value: 0.30256205687031207 and parameters: {'window_influence': 0.5369621443639817, 'penalty_k': 0.14601236921451044, 'scale_lr': 0.6554550185500518}. Best is trial 6 with value: 0.3397240064719308.
checkpoint_e31 window_influence: 0.42996383473870203, penalty_k: 0.21731163723558017, scale_lr: 0.54833654213096605, EAO: 0.318
Trial 23 finished with value: 0.31790699180693943 and parameters: {'window_influence': 0.42996383473870203, 'penalty_k': 0.21731163723558017, 'scale_lr': 0.548336542130966}. Best is trial 6 with value: 0.3397240064719308.
checkpoint_e31 window_influence: 0.49894951299895729, penalty_k: 0.34412913762829345, scale_lr: 0.44120602254345204, EAO: 0.307
Trial 24 finished with value: 0.3067793073241349 and parameters: {'window_influence': 0.4989495129989573, 'penalty_k': 0.34412913762829345, 'scale_lr': 0.44120602254345204}. Best is trial 6 with value: 0.3397240064719308.
checkpoint_e31 window_influence: 0.58693557681213571, penalty_k: 0.00283688784589156, scale_lr: 0.66987469072549732, EAO: 0.275
Trial 25 finished with value: 0.27455668186167337 and parameters: {'window_influence': 0.5869355768121357, 'penalty_k': 0.0028368878458915614, 'scale_lr': 0.6698746907254973}. Best is trial 6 with value: 0.3397240064719308.
checkpoint_e31 window_influence: 0.46070770702297259, penalty_k: 0.06489366297658954, scale_lr: 0.51805132644664686, EAO: 0.315
Trial 26 finished with value: 0.3145793351101968 and parameters: {'window_influence': 0.4607077070229726, 'penalty_k': 0.06489366297658954, 'scale_lr': 0.5180513264466469}. Best is trial 6 with value: 0.3397240064719308.
checkpoint_e31 window_influence: 0.55215621770563283, penalty_k: 0.17771619704526162, scale_lr: 0.38620592973152185, EAO: 0.314
Trial 27 finished with value: 0.3143907871227784 and parameters: {'window_influence': 0.5521562177056328, 'penalty_k': 0.17771619704526162, 'scale_lr': 0.38620592973152185}. Best is trial 6 with value: 0.3397240064719308.
checkpoint_e31 window_influence: 0.62601351277621120, penalty_k: 0.24671194722684345, scale_lr: 0.46378409054375752, EAO: 0.244
Trial 28 finished with value: 0.24402868736114947 and parameters: {'window_influence': 0.6260135127762112, 'penalty_k': 0.24671194722684345, 'scale_lr': 0.4637840905437575}. Best is trial 6 with value: 0.3397240064719308.
Trial 29 failed with parameters: {'window_influence': 0.31416913885524084, 'penalty_k': 0.31743983323139613, 'scale_lr': 0.6095922142628624} because of the following error: KeyboardInterrupt().
Traceback (most recent call last):
  File "/home/n26092289/anaconda3/envs/my_siamban/lib/python3.7/site-packages/optuna/study/_optimize.py", line 200, in _run_trial
    value_or_values = func(trial)
  File "../../tools/tune.py", line 269, in objective
    outputs = tracker.track(img)
  File "../../tools/tune.py", line 127, in track
    score = self._convert_score(outputs['cls'])
  File "../../tools/tune.py", line 75, in _convert_score
    score = score.softmax(1).detach()[:, 1].cpu().numpy()
KeyboardInterrupt
Trial 29 failed with value None.
A new study created in memory with name: no-name-9ba37dda-2c1e-4aa6-bf92-61d003f97bcd
checkpoint_e31 window_influence: 0.49171721001539409, penalty_k: 0.40584234087763044, scale_lr: 0.53877790921897106, EAO: 0.316
Trial 0 finished with value: 0.3164848435945548 and parameters: {'window_influence': 0.4917172100153941, 'penalty_k': 0.40584234087763044, 'scale_lr': 0.5387779092189711}. Best is trial 0 with value: 0.3164848435945548.
checkpoint_e31 window_influence: 0.21014668320969643, penalty_k: 0.25925896801692982, scale_lr: 0.31931230602487481, EAO: 0.300
Trial 1 finished with value: 0.3000773886066466 and parameters: {'window_influence': 0.21014668320969643, 'penalty_k': 0.2592589680169298, 'scale_lr': 0.3193123060248748}. Best is trial 0 with value: 0.3164848435945548.
checkpoint_e31 window_influence: 0.17746327880005242, penalty_k: 0.47703226570984059, scale_lr: 0.13847179890431430, EAO: 0.273
Trial 2 finished with value: 0.27301424243106914 and parameters: {'window_influence': 0.17746327880005242, 'penalty_k': 0.4770322657098406, 'scale_lr': 0.1384717989043143}. Best is trial 0 with value: 0.3164848435945548.
checkpoint_e31 window_influence: 0.27648530636565899, penalty_k: 0.04137372796036252, scale_lr: 0.63922614244731624, EAO: 0.304
Trial 3 finished with value: 0.30368900733931053 and parameters: {'window_influence': 0.276485306365659, 'penalty_k': 0.04137372796036252, 'scale_lr': 0.6392261424473162}. Best is trial 0 with value: 0.3164848435945548.
checkpoint_e31 window_influence: 0.12508930671179808, penalty_k: 0.52627725436560602, scale_lr: 0.77848839480304999, EAO: 0.256
Trial 4 finished with value: 0.25619816646733634 and parameters: {'window_influence': 0.12508930671179808, 'penalty_k': 0.526277254365606, 'scale_lr': 0.77848839480305}. Best is trial 0 with value: 0.3164848435945548.
checkpoint_e31 window_influence: 0.50252606330158078, penalty_k: 0.49708399334434872, scale_lr: 0.19968039634089646, EAO: 0.315
Trial 5 finished with value: 0.31455285592069887 and parameters: {'window_influence': 0.5025260633015808, 'penalty_k': 0.4970839933443487, 'scale_lr': 0.19968039634089646}. Best is trial 0 with value: 0.3164848435945548.
checkpoint_e31 window_influence: 0.51484639904500451, penalty_k: 0.36924653907341570, scale_lr: 0.30858586042493286, EAO: 0.301
Trial 6 finished with value: 0.3011104439599041 and parameters: {'window_influence': 0.5148463990450045, 'penalty_k': 0.3692465390734157, 'scale_lr': 0.30858586042493286}. Best is trial 0 with value: 0.3164848435945548.
checkpoint_e31 window_influence: 0.07009970246118366, penalty_k: 0.54606770300859142, scale_lr: 0.78450851563652524, EAO: 0.242
Trial 7 finished with value: 0.24210374138466578 and parameters: {'window_influence': 0.07009970246118366, 'penalty_k': 0.5460677030085914, 'scale_lr': 0.7845085156365252}. Best is trial 0 with value: 0.3164848435945548.
checkpoint_e31 window_influence: 0.40537963239849906, penalty_k: 0.53812577885696344, scale_lr: 0.19823592640590493, EAO: 0.299
Trial 8 finished with value: 0.2988761712141074 and parameters: {'window_influence': 0.40537963239849906, 'penalty_k': 0.5381257788569634, 'scale_lr': 0.19823592640590493}. Best is trial 0 with value: 0.3164848435945548.
checkpoint_e31 window_influence: 0.07443559645359472, penalty_k: 0.55953001249818524, scale_lr: 0.34147071295005704, EAO: 0.252
Trial 9 finished with value: 0.2515753323234009 and parameters: {'window_influence': 0.07443559645359472, 'penalty_k': 0.5595300124981852, 'scale_lr': 0.34147071295005704}. Best is trial 0 with value: 0.3164848435945548.
checkpoint_e31 window_influence: 0.64251551004135576, penalty_k: 0.32300282206656561, scale_lr: 0.52296177648290643, EAO: 0.231
Trial 10 finished with value: 0.23065742618378962 and parameters: {'window_influence': 0.6425155100413558, 'penalty_k': 0.3230028220665656, 'scale_lr': 0.5229617764829064}. Best is trial 0 with value: 0.3164848435945548.
checkpoint_e31 window_influence: 0.43955065537509330, penalty_k: 0.40733641889969502, scale_lr: 0.47685520737094972, EAO: 0.308
Trial 11 finished with value: 0.30792507749587184 and parameters: {'window_influence': 0.4395506553750933, 'penalty_k': 0.407336418899695, 'scale_lr': 0.4768552073709497}. Best is trial 0 with value: 0.3164848435945548.
checkpoint_e31 window_influence: 0.50481584113737776, penalty_k: 0.43676030457520520, scale_lr: 0.10672505562016193, EAO: 0.295
Trial 12 finished with value: 0.29475937690948234 and parameters: {'window_influence': 0.5048158411373778, 'penalty_k': 0.4367603045752052, 'scale_lr': 0.10672505562016193}. Best is trial 0 with value: 0.3164848435945548.
checkpoint_e31 window_influence: 0.34245159324258745, penalty_k: 0.59680309132428411, scale_lr: 0.55485719028582403, EAO: 0.320
Trial 13 finished with value: 0.32031837940679914 and parameters: {'window_influence': 0.34245159324258745, 'penalty_k': 0.5968030913242841, 'scale_lr': 0.554857190285824}. Best is trial 13 with value: 0.32031837940679914.
checkpoint_e31 window_influence: 0.32444901255456721, penalty_k: 0.58891130533061065, scale_lr: 0.58282922539735049, EAO: 0.304
Trial 14 finished with value: 0.30357394260191267 and parameters: {'window_influence': 0.3244490125545672, 'penalty_k': 0.5889113053306106, 'scale_lr': 0.5828292253973505}. Best is trial 13 with value: 0.32031837940679914.
checkpoint_e31 window_influence: 0.34900021263213032, penalty_k: 0.59434405886181951, scale_lr: 0.41933386220029034, EAO: 0.292
Trial 15 finished with value: 0.2917697311375392 and parameters: {'window_influence': 0.3490002126321303, 'penalty_k': 0.5943440588618195, 'scale_lr': 0.41933386220029034}. Best is trial 13 with value: 0.32031837940679914.
checkpoint_e31 window_influence: 0.27617455956005221, penalty_k: 0.26606580566152943, scale_lr: 0.64551168346581034, EAO: 0.320
Trial 16 finished with value: 0.32046205547533146 and parameters: {'window_influence': 0.2761745595600522, 'penalty_k': 0.26606580566152943, 'scale_lr': 0.6455116834658103}. Best is trial 16 with value: 0.32046205547533146.
checkpoint_e31 window_influence: 0.26625053098905072, penalty_k: 0.22824241124942540, scale_lr: 0.67523882449704864, EAO: 0.322
Trial 17 finished with value: 0.32193310413843 and parameters: {'window_influence': 0.2662505309890507, 'penalty_k': 0.2282424112494254, 'scale_lr': 0.6752388244970486}. Best is trial 17 with value: 0.32193310413843.
checkpoint_e31 window_influence: 0.24070099240367854, penalty_k: 0.22825383619635836, scale_lr: 0.67672554404187601, EAO: 0.302
Trial 18 finished with value: 0.3016720788720053 and parameters: {'window_influence': 0.24070099240367854, 'penalty_k': 0.22825383619635836, 'scale_lr': 0.676725544041876}. Best is trial 17 with value: 0.32193310413843.
checkpoint_e31 window_influence: 0.27808117695187662, penalty_k: 0.17669925630202798, scale_lr: 0.70593341299027546, EAO: 0.300
Trial 19 finished with value: 0.29969340562820435 and parameters: {'window_influence': 0.2780811769518766, 'penalty_k': 0.17669925630202798, 'scale_lr': 0.7059334129902755}. Best is trial 17 with value: 0.32193310413843.
checkpoint_e31 window_influence: 0.15860459061550439, penalty_k: 0.17130681257754890, scale_lr: 0.62045982411725309, EAO: 0.283
Trial 20 finished with value: 0.2830331428737492 and parameters: {'window_influence': 0.1586045906155044, 'penalty_k': 0.1713068125775489, 'scale_lr': 0.6204598241172531}. Best is trial 17 with value: 0.32193310413843.
checkpoint_e31 window_influence: 0.31057010219553749, penalty_k: 0.33110287735096472, scale_lr: 0.71306718609828235, EAO: 0.335
Trial 21 finished with value: 0.3351273839343847 and parameters: {'window_influence': 0.3105701021955375, 'penalty_k': 0.3311028773509647, 'scale_lr': 0.7130671860982823}. Best is trial 21 with value: 0.3351273839343847.
checkpoint_e31 window_influence: 0.26731361525399955, penalty_k: 0.31294839020892851, scale_lr: 0.70309698731970027, EAO: 0.310
Trial 22 finished with value: 0.30950547099577314 and parameters: {'window_influence': 0.26731361525399955, 'penalty_k': 0.3129483902089285, 'scale_lr': 0.7030969873197003}. Best is trial 21 with value: 0.3351273839343847.
checkpoint_e31 window_influence: 0.22695140831699351, penalty_k: 0.26826590692239960, scale_lr: 0.73511499700105554, EAO: 0.300
Trial 23 finished with value: 0.3002535104171775 and parameters: {'window_influence': 0.2269514083169935, 'penalty_k': 0.2682659069223996, 'scale_lr': 0.7351149970010555}. Best is trial 21 with value: 0.3351273839343847.
checkpoint_e31 window_influence: 0.30506676207787908, penalty_k: 0.34777005513800319, scale_lr: 0.64277118905135289, EAO: 0.304
Trial 24 finished with value: 0.3035581173368001 and parameters: {'window_influence': 0.3050667620778791, 'penalty_k': 0.3477700551380032, 'scale_lr': 0.6427711890513529}. Best is trial 21 with value: 0.3351273839343847.
checkpoint_e31 window_influence: 0.38691256010974778, penalty_k: 0.29216609782408615, scale_lr: 0.74255629206890450, EAO: 0.301
Trial 25 finished with value: 0.30082433331569347 and parameters: {'window_influence': 0.3869125601097478, 'penalty_k': 0.29216609782408615, 'scale_lr': 0.7425562920689045}. Best is trial 21 with value: 0.3351273839343847.
checkpoint_e31 window_influence: 0.30131573879257117, penalty_k: 0.22260898927523279, scale_lr: 0.60579571380457442, EAO: 0.317
Trial 26 finished with value: 0.3165975152170612 and parameters: {'window_influence': 0.3013157387925712, 'penalty_k': 0.2226089892752328, 'scale_lr': 0.6057957138045744}. Best is trial 21 with value: 0.3351273839343847.
checkpoint_e31 window_influence: 0.20636876513873936, penalty_k: 0.35130736604487167, scale_lr: 0.79836806239893876, EAO: 0.295
Trial 27 finished with value: 0.2946305634446645 and parameters: {'window_influence': 0.20636876513873936, 'penalty_k': 0.35130736604487167, 'scale_lr': 0.7983680623989388}. Best is trial 21 with value: 0.3351273839343847.
checkpoint_e31 window_influence: 0.24596141024497969, penalty_k: 0.14946456408383332, scale_lr: 0.67798403324851375, EAO: 0.312
Trial 28 finished with value: 0.3122520095411442 and parameters: {'window_influence': 0.2459614102449797, 'penalty_k': 0.14946456408383332, 'scale_lr': 0.6779840332485138}. Best is trial 21 with value: 0.3351273839343847.
checkpoint_e31 window_influence: 0.30839975270527009, penalty_k: 0.38441867757702164, scale_lr: 0.56658099209231971, EAO: 0.294
Trial 29 finished with value: 0.2943041132117988 and parameters: {'window_influence': 0.3083997527052701, 'penalty_k': 0.38441867757702164, 'scale_lr': 0.5665809920923197}. Best is trial 21 with value: 0.3351273839343847.
checkpoint_e31 window_influence: 0.17824628538344936, penalty_k: 0.32199559951584933, scale_lr: 0.64682661545644649, EAO: 0.275
