Trial 454 finished with value: 0.32904344657979584 and parameters: {'window_influence': 0.37409927278059923, 'penalty_k': 0.38174924496867774, 'scale_lr': 0.7476274380128899}. Best is trial 164 with value: 0.3660086329577034.
checkpoint_e29 window_influence: 0.34909311660307751, penalty_k: 0.57701359608293101, scale_lr: 0.69032278334503883, EAO: 0.337
Trial 455 finished with value: 0.3373105517853095 and parameters: {'window_influence': 0.3490931166030775, 'penalty_k': 0.577013596082931, 'scale_lr': 0.6903227833450388}. Best is trial 164 with value: 0.3660086329577034.
checkpoint_e29 window_influence: 0.15347240122364061, penalty_k: 0.37330772261378836, scale_lr: 0.77164624124678727, EAO: 0.280
Trial 456 finished with value: 0.2801696481291886 and parameters: {'window_influence': 0.15347240122364061, 'penalty_k': 0.37330772261378836, 'scale_lr': 0.7716462412467873}. Best is trial 164 with value: 0.3660086329577034.
checkpoint_e29 window_influence: 0.38149477356089950, penalty_k: 0.29116074182049473, scale_lr: 0.72458633186599020, EAO: 0.339
Trial 457 finished with value: 0.33935396529821105 and parameters: {'window_influence': 0.3814947735608995, 'penalty_k': 0.29116074182049473, 'scale_lr': 0.7245863318659902}. Best is trial 164 with value: 0.3660086329577034.
checkpoint_e29 window_influence: 0.32059888797524561, penalty_k: 0.40343105909788235, scale_lr: 0.54375948318642386, EAO: 0.307
Trial 458 finished with value: 0.30719159265204626 and parameters: {'window_influence': 0.3205988879752456, 'penalty_k': 0.40343105909788235, 'scale_lr': 0.5437594831864239}. Best is trial 164 with value: 0.3660086329577034.
checkpoint_e29 window_influence: 0.36084923395113594, penalty_k: 0.01262832881958820, scale_lr: 0.59375278381838392, EAO: 0.311
Trial 459 finished with value: 0.31059624724351015 and parameters: {'window_influence': 0.36084923395113594, 'penalty_k': 0.012628328819588197, 'scale_lr': 0.5937527838183839}. Best is trial 164 with value: 0.3660086329577034.
checkpoint_e29 window_influence: 0.37755075387005388, penalty_k: 0.45070559373470009, scale_lr: 0.17500542501699362, EAO: 0.333
Trial 460 finished with value: 0.33257088714536526 and parameters: {'window_influence': 0.3775507538700539, 'penalty_k': 0.4507055937347001, 'scale_lr': 0.17500542501699362}. Best is trial 164 with value: 0.3660086329577034.
checkpoint_e29 window_influence: 0.48894185723555772, penalty_k: 0.39292921387654917, scale_lr: 0.61813084011468855, EAO: 0.313
Trial 461 finished with value: 0.312717852947313 and parameters: {'window_influence': 0.4889418572355577, 'penalty_k': 0.39292921387654917, 'scale_lr': 0.6181308401146886}. Best is trial 164 with value: 0.3660086329577034.
checkpoint_e29 window_influence: 0.35708672055732865, penalty_k: 0.37289416173571710, scale_lr: 0.56211392397030668, EAO: 0.330
Trial 462 finished with value: 0.33015262442804033 and parameters: {'window_influence': 0.35708672055732865, 'penalty_k': 0.3728941617357171, 'scale_lr': 0.5621139239703067}. Best is trial 164 with value: 0.3660086329577034.
checkpoint_e29 window_influence: 0.12687216994420383, penalty_k: 0.41635465021887585, scale_lr: 0.76095174831549950, EAO: 0.281
Trial 463 finished with value: 0.2805370562039461 and parameters: {'window_influence': 0.12687216994420383, 'penalty_k': 0.41635465021887585, 'scale_lr': 0.7609517483154995}. Best is trial 164 with value: 0.3660086329577034.
checkpoint_e29 window_influence: 0.21875740371639932, penalty_k: 0.30440021614493085, scale_lr: 0.78894764744370260, EAO: 0.307
Trial 464 finished with value: 0.306561386306926 and parameters: {'window_influence': 0.21875740371639932, 'penalty_k': 0.30440021614493085, 'scale_lr': 0.7889476474437026}. Best is trial 164 with value: 0.3660086329577034.
checkpoint_e29 window_influence: 0.33157379293447709, penalty_k: 0.38943312298410843, scale_lr: 0.52472619465898163, EAO: 0.334
Trial 465 finished with value: 0.33354660254044294 and parameters: {'window_influence': 0.3315737929344771, 'penalty_k': 0.3894331229841084, 'scale_lr': 0.5247261946589816}. Best is trial 164 with value: 0.3660086329577034.
checkpoint_e29 window_influence: 0.51674210522939956, penalty_k: 0.37793104823618762, scale_lr: 0.60836296494031128, EAO: 0.303
Trial 466 finished with value: 0.3029118269565968 and parameters: {'window_influence': 0.5167421052293996, 'penalty_k': 0.3779310482361876, 'scale_lr': 0.6083629649403113}. Best is trial 164 with value: 0.3660086329577034.
checkpoint_e29 window_influence: 0.47811677723113821, penalty_k: 0.18435184552705522, scale_lr: 0.39697358753212492, EAO: 0.343
Trial 467 finished with value: 0.34264250789634915 and parameters: {'window_influence': 0.4781167772311382, 'penalty_k': 0.18435184552705522, 'scale_lr': 0.3969735875321249}. Best is trial 164 with value: 0.3660086329577034.
checkpoint_e29 window_influence: 0.38638711612939580, penalty_k: 0.40322810964002348, scale_lr: 0.57812029294728318, EAO: 0.314
Trial 468 finished with value: 0.3135644708857926 and parameters: {'window_influence': 0.3863871161293958, 'penalty_k': 0.4032281096400235, 'scale_lr': 0.5781202929472832}. Best is trial 164 with value: 0.3660086329577034.
checkpoint_e29 window_influence: 0.36376402357630916, penalty_k: 0.27531914394307516, scale_lr: 0.68472369997087013, EAO: 0.314
Trial 469 finished with value: 0.3137608776992397 and parameters: {'window_influence': 0.36376402357630916, 'penalty_k': 0.27531914394307516, 'scale_lr': 0.6847236999708701}. Best is trial 164 with value: 0.3660086329577034.
checkpoint_e29 window_influence: 0.37418101338167187, penalty_k: 0.48019695388875155, scale_lr: 0.48074926811913721, EAO: 0.322
Trial 470 finished with value: 0.32179475462622215 and parameters: {'window_influence': 0.37418101338167187, 'penalty_k': 0.48019695388875155, 'scale_lr': 0.4807492681191372}. Best is trial 164 with value: 0.3660086329577034.
checkpoint_e29 window_influence: 0.38974658444236321, penalty_k: 0.36468392675273392, scale_lr: 0.73405750314579077, EAO: 0.335
Trial 471 finished with value: 0.33466332594244397 and parameters: {'window_influence': 0.3897465844423632, 'penalty_k': 0.3646839267527339, 'scale_lr': 0.7340575031457908}. Best is trial 164 with value: 0.3660086329577034.
checkpoint_e29 window_influence: 0.45926752752365341, penalty_k: 0.42554159239964384, scale_lr: 0.48746054431479446, EAO: 0.331
Trial 472 finished with value: 0.3309623041273555 and parameters: {'window_influence': 0.4592675275236534, 'penalty_k': 0.42554159239964384, 'scale_lr': 0.48746054431479446}. Best is trial 164 with value: 0.3660086329577034.
checkpoint_e29 window_influence: 0.34396301141822971, penalty_k: 0.39088841836255450, scale_lr: 0.46915274839517074, EAO: 0.331
Trial 473 finished with value: 0.3307108715582451 and parameters: {'window_influence': 0.3439630114182297, 'penalty_k': 0.3908884183625545, 'scale_lr': 0.46915274839517074}. Best is trial 164 with value: 0.3660086329577034.
checkpoint_e29 window_influence: 0.25221817993974133, penalty_k: 0.19415444742779114, scale_lr: 0.59249609506978895, EAO: 0.299
Trial 474 finished with value: 0.2986205590722162 and parameters: {'window_influence': 0.2522181799397413, 'penalty_k': 0.19415444742779114, 'scale_lr': 0.592496095069789}. Best is trial 164 with value: 0.3660086329577034.
checkpoint_e29 window_influence: 0.47081331523884973, penalty_k: 0.37814042021666638, scale_lr: 0.62284834856172755, EAO: 0.338
Trial 475 finished with value: 0.3381079637122989 and parameters: {'window_influence': 0.47081331523884973, 'penalty_k': 0.3781404202166664, 'scale_lr': 0.6228483485617275}. Best is trial 164 with value: 0.3660086329577034.
checkpoint_e29 window_influence: 0.37909149450607216, penalty_k: 0.25985619372946772, scale_lr: 0.66349035285465696, EAO: 0.316
Trial 476 finished with value: 0.3164811819675831 and parameters: {'window_influence': 0.37909149450607216, 'penalty_k': 0.2598561937294677, 'scale_lr': 0.663490352854657}. Best is trial 164 with value: 0.3660086329577034.
checkpoint_e29 window_influence: 0.61707301568843609, penalty_k: 0.41053504911191180, scale_lr: 0.71823097454206708, EAO: 0.238
Trial 477 finished with value: 0.23849706583681737 and parameters: {'window_influence': 0.6170730156884361, 'penalty_k': 0.4105350491119118, 'scale_lr': 0.7182309745420671}. Best is trial 164 with value: 0.3660086329577034.
checkpoint_e29 window_influence: 0.29110750853034073, penalty_k: 0.15309227926651378, scale_lr: 0.51478678588387772, EAO: 0.303
Trial 478 finished with value: 0.30348066139082036 and parameters: {'window_influence': 0.29110750853034073, 'penalty_k': 0.15309227926651378, 'scale_lr': 0.5147867858838777}. Best is trial 164 with value: 0.3660086329577034.
checkpoint_e29 window_influence: 0.56359247782487643, penalty_k: 0.56864703417549722, scale_lr: 0.64059194193136515, EAO: 0.249
Trial 479 finished with value: 0.24875638538297512 and parameters: {'window_influence': 0.5635924778248764, 'penalty_k': 0.5686470341754972, 'scale_lr': 0.6405919419313651}. Best is trial 164 with value: 0.3660086329577034.
checkpoint_e29 window_influence: 0.49911921997700293, penalty_k: 0.31886323924068749, scale_lr: 0.60914637505596314, EAO: 0.317
Trial 480 finished with value: 0.3172543531841805 and parameters: {'window_influence': 0.4991192199770029, 'penalty_k': 0.3188632392406875, 'scale_lr': 0.6091463750559631}. Best is trial 164 with value: 0.3660086329577034.
checkpoint_e29 window_influence: 0.31704294297363594, penalty_k: 0.24973434158506722, scale_lr: 0.70102312978052239, EAO: 0.302
Trial 481 finished with value: 0.30229421696310377 and parameters: {'window_influence': 0.31704294297363594, 'penalty_k': 0.24973434158506722, 'scale_lr': 0.7010231297805224}. Best is trial 164 with value: 0.3660086329577034.
checkpoint_e29 window_influence: 0.16416160509288660, penalty_k: 0.35521648252273502, scale_lr: 0.49640087439886688, EAO: 0.271
Trial 482 finished with value: 0.2713944058473936 and parameters: {'window_influence': 0.1641616050928866, 'penalty_k': 0.355216482522735, 'scale_lr': 0.4964008743988669}. Best is trial 164 with value: 0.3660086329577034.
checkpoint_e29 window_influence: 0.35190134555539976, penalty_k: 0.39665284627498915, scale_lr: 0.75183670717113082, EAO: 0.315
Trial 483 finished with value: 0.31493759479968003 and parameters: {'window_influence': 0.35190134555539976, 'penalty_k': 0.39665284627498915, 'scale_lr': 0.7518367071711308}. Best is trial 164 with value: 0.3660086329577034.
checkpoint_e29 window_influence: 0.32820690528721203, penalty_k: 0.04263840283769826, scale_lr: 0.56950071220115062, EAO: 0.321
Trial 484 finished with value: 0.32065551707716766 and parameters: {'window_influence': 0.328206905287212, 'penalty_k': 0.042638402837698264, 'scale_lr': 0.5695007122011506}. Best is trial 164 with value: 0.3660086329577034.
checkpoint_e29 window_influence: 0.36879503036213496, penalty_k: 0.36946878012841772, scale_lr: 0.46349507189623418, EAO: 0.345
Trial 485 finished with value: 0.3446038910387091 and parameters: {'window_influence': 0.36879503036213496, 'penalty_k': 0.3694687801284177, 'scale_lr': 0.4634950718962342}. Best is trial 164 with value: 0.3660086329577034.
checkpoint_e29 window_influence: 0.62653183675051927, penalty_k: 0.50825847312975581, scale_lr: 0.55411027101970900, EAO: 0.229
Trial 486 finished with value: 0.22876183416129087 and parameters: {'window_influence': 0.6265318367505193, 'penalty_k': 0.5082584731297558, 'scale_lr': 0.554110271019709}. Best is trial 164 with value: 0.3660086329577034.
checkpoint_e29 window_influence: 0.38952079691919578, penalty_k: 0.38470475905895940, scale_lr: 0.62808372585426386, EAO: 0.323
Trial 487 finished with value: 0.3229521166837633 and parameters: {'window_influence': 0.3895207969191958, 'penalty_k': 0.3847047590589594, 'scale_lr': 0.6280837258542639}. Best is trial 164 with value: 0.3660086329577034.
checkpoint_e29 window_influence: 0.45419696095136536, penalty_k: 0.33313453189319048, scale_lr: 0.38754857316057173, EAO: 0.334
Trial 488 finished with value: 0.33375223891280503 and parameters: {'window_influence': 0.45419696095136536, 'penalty_k': 0.3331345318931905, 'scale_lr': 0.38754857316057173}. Best is trial 164 with value: 0.3660086329577034.
checkpoint_e29 window_influence: 0.06865943529317264, penalty_k: 0.36214500531327459, scale_lr: 0.42657103195521212, EAO: 0.254
Trial 489 finished with value: 0.2536643840343572 and parameters: {'window_influence': 0.06865943529317264, 'penalty_k': 0.3621450053132746, 'scale_lr': 0.4265710319552121}. Best is trial 164 with value: 0.3660086329577034.
checkpoint_e29 window_influence: 0.39510332102952217, penalty_k: 0.45769301446424943, scale_lr: 0.65213125846900066, EAO: 0.343
Trial 490 finished with value: 0.34282869378880304 and parameters: {'window_influence': 0.39510332102952217, 'penalty_k': 0.4576930144642494, 'scale_lr': 0.6521312584690007}. Best is trial 164 with value: 0.3660086329577034.
checkpoint_e29 window_influence: 0.36362412485811990, penalty_k: 0.43845005483095945, scale_lr: 0.59378226943978485, EAO: 0.320
Trial 491 finished with value: 0.32011945134007047 and parameters: {'window_influence': 0.3636241248581199, 'penalty_k': 0.43845005483095945, 'scale_lr': 0.5937822694397848}. Best is trial 164 with value: 0.3660086329577034.
checkpoint_e29 window_influence: 0.53054272756180387, penalty_k: 0.40418128304469442, scale_lr: 0.67855940792443359, EAO: 0.291
Trial 492 finished with value: 0.291336890208582 and parameters: {'window_influence': 0.5305427275618039, 'penalty_k': 0.4041812830446944, 'scale_lr': 0.6785594079244336}. Best is trial 164 with value: 0.3660086329577034.
checkpoint_e29 window_influence: 0.45228496971018262, penalty_k: 0.37855769341895862, scale_lr: 0.33314469545293646, EAO: 0.320
Trial 493 finished with value: 0.31960850542389463 and parameters: {'window_influence': 0.4522849697101826, 'penalty_k': 0.3785576934189586, 'scale_lr': 0.33314469545293646}. Best is trial 164 with value: 0.3660086329577034.
checkpoint_e29 window_influence: 0.30860414153046700, penalty_k: 0.30424953835249502, scale_lr: 0.76704345246527861, EAO: 0.298
Trial 494 finished with value: 0.29759053491664766 and parameters: {'window_influence': 0.308604141530467, 'penalty_k': 0.304249538352495, 'scale_lr': 0.7670434524652786}. Best is trial 164 with value: 0.3660086329577034.
checkpoint_e29 window_influence: 0.38185577871030507, penalty_k: 0.35206109689670212, scale_lr: 0.18948303325016597, EAO: 0.326
Trial 495 finished with value: 0.32577306426452757 and parameters: {'window_influence': 0.38185577871030507, 'penalty_k': 0.3520610968967021, 'scale_lr': 0.18948303325016597}. Best is trial 164 with value: 0.3660086329577034.
checkpoint_e29 window_influence: 0.35432994036692467, penalty_k: 0.39288286519333421, scale_lr: 0.62121762821523829, EAO: 0.351
Trial 496 finished with value: 0.3513126601736833 and parameters: {'window_influence': 0.35432994036692467, 'penalty_k': 0.3928828651933342, 'scale_lr': 0.6212176282152383}. Best is trial 164 with value: 0.3660086329577034.
checkpoint_e29 window_influence: 0.34216428745227340, penalty_k: 0.41503833543219854, scale_lr: 0.34948184783484176, EAO: 0.310
Trial 497 finished with value: 0.31025034125444956 and parameters: {'window_influence': 0.3421642874522734, 'penalty_k': 0.41503833543219854, 'scale_lr': 0.34948184783484176}. Best is trial 164 with value: 0.3660086329577034.
checkpoint_e29 window_influence: 0.35250795752473030, penalty_k: 0.40055469847329023, scale_lr: 0.60801061891038566, EAO: 0.333
Trial 498 finished with value: 0.33330287149444165 and parameters: {'window_influence': 0.3525079575247303, 'penalty_k': 0.4005546984732902, 'scale_lr': 0.6080106189103857}. Best is trial 164 with value: 0.3660086329577034.
checkpoint_e29 window_influence: 0.60130339880505235, penalty_k: 0.39343661561877336, scale_lr: 0.58462562973850463, EAO: 0.274
Trial 499 finished with value: 0.2735487259779459 and parameters: {'window_influence': 0.6013033988050523, 'penalty_k': 0.39343661561877336, 'scale_lr': 0.5846256297385046}. Best is trial 164 with value: 0.3660086329577034.
checkpoint_e29 window_influence: 0.21699886429911333, penalty_k: 0.43130396501891061, scale_lr: 0.61257858337780746, EAO: 0.284
Trial 500 finished with value: 0.28449927693675 and parameters: {'window_influence': 0.21699886429911333, 'penalty_k': 0.4313039650189106, 'scale_lr': 0.6125785833778075}. Best is trial 164 with value: 0.3660086329577034.
checkpoint_e29 window_influence: 0.26310118753054046, penalty_k: 0.41658850749413201, scale_lr: 0.74167982613674766, EAO: 0.302
Trial 501 finished with value: 0.30211257470720937 and parameters: {'window_influence': 0.26310118753054046, 'penalty_k': 0.416588507494132, 'scale_lr': 0.7416798261367477}. Best is trial 164 with value: 0.3660086329577034.
checkpoint_e29 window_influence: 0.33513086922184626, penalty_k: 0.47728984913337513, scale_lr: 0.53205145296324829, EAO: 0.334
Trial 502 finished with value: 0.33390696967158334 and parameters: {'window_influence': 0.33513086922184626, 'penalty_k': 0.47728984913337513, 'scale_lr': 0.5320514529632483}. Best is trial 164 with value: 0.3660086329577034.
checkpoint_e29 window_influence: 0.19990046652187304, penalty_k: 0.28785586327856089, scale_lr: 0.78416451570329659, EAO: 0.290
Trial 503 finished with value: 0.2895641647540178 and parameters: {'window_influence': 0.19990046652187304, 'penalty_k': 0.2878558632785609, 'scale_lr': 0.7841645157032966}. Best is trial 164 with value: 0.3660086329577034.
checkpoint_e29 window_influence: 0.35753913079296462, penalty_k: 0.38620254890417510, scale_lr: 0.62068724554520549, EAO: 0.337
Trial 504 finished with value: 0.3366898074456226 and parameters: {'window_influence': 0.3575391307929646, 'penalty_k': 0.3862025489041751, 'scale_lr': 0.6206872455452055}. Best is trial 164 with value: 0.3660086329577034.
checkpoint_e29 window_influence: 0.36753623699651250, penalty_k: 0.37551496690294117, scale_lr: 0.63173265418264990, EAO: 0.315
Trial 505 finished with value: 0.31513346580911705 and parameters: {'window_influence': 0.3675362369965125, 'penalty_k': 0.37551496690294117, 'scale_lr': 0.6317326541826499}. Best is trial 164 with value: 0.3660086329577034.
checkpoint_e29 window_influence: 0.37736733074209855, penalty_k: 0.40409881182008073, scale_lr: 0.59588667154584896, EAO: 0.323
Trial 506 finished with value: 0.32308643215593197 and parameters: {'window_influence': 0.37736733074209855, 'penalty_k': 0.4040988118200807, 'scale_lr': 0.595886671545849}. Best is trial 164 with value: 0.3660086329577034.
checkpoint_e29 window_influence: 0.32694676185719074, penalty_k: 0.39096369717400231, scale_lr: 0.57353140983069928, EAO: 0.339
Trial 507 finished with value: 0.33895436439532717 and parameters: {'window_influence': 0.32694676185719074, 'penalty_k': 0.3909636971740023, 'scale_lr': 0.5735314098306993}. Best is trial 164 with value: 0.3660086329577034.
checkpoint_e29 window_influence: 0.35110136275922171, penalty_k: 0.52945321912126198, scale_lr: 0.44383763673650301, EAO: 0.329
Trial 508 finished with value: 0.3292116236941824 and parameters: {'window_influence': 0.3511013627592217, 'penalty_k': 0.529453219121262, 'scale_lr': 0.443837636736503}. Best is trial 164 with value: 0.3660086329577034.
checkpoint_e29 window_influence: 0.10808513262491126, penalty_k: 0.32083257277441074, scale_lr: 0.59834525343213796, EAO: 0.273
Trial 509 finished with value: 0.2728333014574496 and parameters: {'window_influence': 0.10808513262491126, 'penalty_k': 0.32083257277441074, 'scale_lr': 0.598345253432138}. Best is trial 164 with value: 0.3660086329577034.
checkpoint_e29 window_influence: 0.39999735114297569, penalty_k: 0.07309686881887242, scale_lr: 0.63957512089556556, EAO: 0.323
Trial 510 finished with value: 0.32288685406228446 and parameters: {'window_influence': 0.3999973511429757, 'penalty_k': 0.07309686881887242, 'scale_lr': 0.6395751208955656}. Best is trial 164 with value: 0.3660086329577034.
checkpoint_e29 window_influence: 0.36869578026200012, penalty_k: 0.02458134655252070, scale_lr: 0.54252356818967606, EAO: 0.320
Trial 511 finished with value: 0.3203426956086771 and parameters: {'window_influence': 0.3686957802620001, 'penalty_k': 0.0245813465525207, 'scale_lr': 0.5425235681896761}. Best is trial 164 with value: 0.3660086329577034.
checkpoint_e29 window_influence: 0.38676223444823132, penalty_k: 0.34299748706721445, scale_lr: 0.72241012721105380, EAO: 0.339
Trial 512 finished with value: 0.33858042549530354 and parameters: {'window_influence': 0.3867622344482313, 'penalty_k': 0.34299748706721445, 'scale_lr': 0.7224101272110538}. Best is trial 164 with value: 0.3660086329577034.
checkpoint_e29 window_influence: 0.35847252013224384, penalty_k: 0.36604083809171839, scale_lr: 0.61972907212100548, EAO: 0.314
Trial 513 finished with value: 0.3137380001841816 and parameters: {'window_influence': 0.35847252013224384, 'penalty_k': 0.3660408380917184, 'scale_lr': 0.6197290721210055}. Best is trial 164 with value: 0.3660086329577034.
checkpoint_e29 window_influence: 0.33965874164041188, penalty_k: 0.37731882541890777, scale_lr: 0.25757070119333836, EAO: 0.316
Trial 514 finished with value: 0.31591628265751936 and parameters: {'window_influence': 0.3396587416404119, 'penalty_k': 0.37731882541890777, 'scale_lr': 0.25757070119333836}. Best is trial 164 with value: 0.3660086329577034.
checkpoint_e29 window_influence: 0.48610940425125715, penalty_k: 0.55877637054721774, scale_lr: 0.58299558435442633, EAO: 0.315
Trial 515 finished with value: 0.3148590641146968 and parameters: {'window_influence': 0.48610940425125715, 'penalty_k': 0.5587763705472177, 'scale_lr': 0.5829955843544263}. Best is trial 164 with value: 0.3660086329577034.
checkpoint_e29 window_influence: 0.39647140292212479, penalty_k: 0.10035211064190100, scale_lr: 0.79945910442293810, EAO: 0.347
