Trial 77 finished with value: 0.3422409793514222 and parameters: {'window_influence': 0.44116075519633424, 'penalty_k': 0.06775305704319055, 'scale_lr': 0.5303095400991237}. Best is trial 47 with value: 0.34661356449591046.
checkpoint_e16 window_influence: 0.38710164016962284, penalty_k: 0.02137895583405264, scale_lr: 0.53528902851539817, EAO: 0.320
Trial 78 finished with value: 0.3201904373989959 and parameters: {'window_influence': 0.38710164016962284, 'penalty_k': 0.021378955834052638, 'scale_lr': 0.5352890285153982}. Best is trial 47 with value: 0.34661356449591046.
checkpoint_e16 window_influence: 0.44407824708462063, penalty_k: 0.05818545797737017, scale_lr: 0.60569906456685074, EAO: 0.326
Trial 79 finished with value: 0.3255759069427906 and parameters: {'window_influence': 0.4440782470846206, 'penalty_k': 0.058185457977370174, 'scale_lr': 0.6056990645668507}. Best is trial 47 with value: 0.34661356449591046.
checkpoint_e16 window_influence: 0.36733042038061281, penalty_k: 0.07122699177209868, scale_lr: 0.49560655600877102, EAO: 0.313
Trial 80 finished with value: 0.3132454962234089 and parameters: {'window_influence': 0.3673304203806128, 'penalty_k': 0.07122699177209868, 'scale_lr': 0.495606556008771}. Best is trial 47 with value: 0.34661356449591046.
checkpoint_e16 window_influence: 0.46582468614863465, penalty_k: 0.04114365085509834, scale_lr: 0.52220052709458387, EAO: 0.352
Trial 81 finished with value: 0.35204542007891587 and parameters: {'window_influence': 0.46582468614863465, 'penalty_k': 0.041143650855098336, 'scale_lr': 0.5222005270945839}. Best is trial 81 with value: 0.35204542007891587.
checkpoint_e16 window_influence: 0.42756681637895960, penalty_k: 0.04005890002794271, scale_lr: 0.52755038334099935, EAO: 0.335
Trial 82 finished with value: 0.335335198543415 and parameters: {'window_influence': 0.4275668163789596, 'penalty_k': 0.04005890002794271, 'scale_lr': 0.5275503833409994}. Best is trial 81 with value: 0.35204542007891587.
checkpoint_e16 window_influence: 0.46190778852983400, penalty_k: 0.00170961521985100, scale_lr: 0.55808723780984204, EAO: 0.333
Trial 83 finished with value: 0.33347368217163975 and parameters: {'window_influence': 0.461907788529834, 'penalty_k': 0.0017096152198509962, 'scale_lr': 0.558087237809842}. Best is trial 81 with value: 0.35204542007891587.
checkpoint_e16 window_influence: 0.44416791042248172, penalty_k: 0.02736603905547721, scale_lr: 0.57818692043719300, EAO: 0.341
Trial 84 finished with value: 0.3411744058364096 and parameters: {'window_influence': 0.4441679104224817, 'penalty_k': 0.027366039055477215, 'scale_lr': 0.578186920437193}. Best is trial 81 with value: 0.35204542007891587.
checkpoint_e16 window_influence: 0.50328854783459420, penalty_k: 0.02804176222003169, scale_lr: 0.47294303362097850, EAO: 0.344
Trial 85 finished with value: 0.3439563183469067 and parameters: {'window_influence': 0.5032885478345942, 'penalty_k': 0.02804176222003169, 'scale_lr': 0.4729430336209785}. Best is trial 81 with value: 0.35204542007891587.
checkpoint_e16 window_influence: 0.47315697896552988, penalty_k: 0.03373100528405964, scale_lr: 0.45960906931341794, EAO: 0.344
Trial 86 finished with value: 0.3435731598607297 and parameters: {'window_influence': 0.4731569789655299, 'penalty_k': 0.03373100528405964, 'scale_lr': 0.45960906931341794}. Best is trial 81 with value: 0.35204542007891587.
checkpoint_e16 window_influence: 0.51465555068467550, penalty_k: 0.02893092799266339, scale_lr: 0.46830353645488149, EAO: 0.325
Trial 87 finished with value: 0.3245593107048176 and parameters: {'window_influence': 0.5146555506846755, 'penalty_k': 0.028930927992663388, 'scale_lr': 0.4683035364548815}. Best is trial 81 with value: 0.35204542007891587.
checkpoint_e16 window_influence: 0.50367769761281445, penalty_k: 0.01832087328752557, scale_lr: 0.50345751117489712, EAO: 0.336
Trial 88 finished with value: 0.33565706872754525 and parameters: {'window_influence': 0.5036776976128144, 'penalty_k': 0.018320873287525567, 'scale_lr': 0.5034575111748971}. Best is trial 81 with value: 0.35204542007891587.
checkpoint_e16 window_influence: 0.46812537576190444, penalty_k: 0.04240681701304494, scale_lr: 0.47361066503887089, EAO: 0.337
Trial 89 finished with value: 0.3369233158311955 and parameters: {'window_influence': 0.46812537576190444, 'penalty_k': 0.04240681701304494, 'scale_lr': 0.4736106650388709}. Best is trial 81 with value: 0.35204542007891587.
checkpoint_e16 window_influence: 0.47618933766007465, penalty_k: 0.01030892417242628, scale_lr: 0.44865597436906690, EAO: 0.340
Trial 90 finished with value: 0.339687872605565 and parameters: {'window_influence': 0.47618933766007465, 'penalty_k': 0.010308924172426279, 'scale_lr': 0.4486559743690669}. Best is trial 81 with value: 0.35204542007891587.
checkpoint_e16 window_influence: 0.47997558165061560, penalty_k: 0.01221661134263353, scale_lr: 0.44329080339680083, EAO: 0.325
Trial 91 finished with value: 0.3248301971167442 and parameters: {'window_influence': 0.4799755816506156, 'penalty_k': 0.012216611342633535, 'scale_lr': 0.4432908033968008}. Best is trial 81 with value: 0.35204542007891587.
checkpoint_e16 window_influence: 0.42334823021085427, penalty_k: 0.02925903375927620, scale_lr: 0.41338338913377226, EAO: 0.325
Trial 92 finished with value: 0.3252226904556445 and parameters: {'window_influence': 0.42334823021085427, 'penalty_k': 0.029259033759276205, 'scale_lr': 0.41338338913377226}. Best is trial 81 with value: 0.35204542007891587.
checkpoint_e16 window_influence: 0.50446959594729535, penalty_k: 0.04746421812331598, scale_lr: 0.48548984817742857, EAO: 0.326
Trial 93 finished with value: 0.3255735290769473 and parameters: {'window_influence': 0.5044695959472953, 'penalty_k': 0.047464218123315985, 'scale_lr': 0.4854898481774286}. Best is trial 81 with value: 0.35204542007891587.
checkpoint_e16 window_influence: 0.47158116968617503, penalty_k: 0.01656603246256199, scale_lr: 0.46065124412178254, EAO: 0.345
Trial 94 finished with value: 0.3454571876544433 and parameters: {'window_influence': 0.47158116968617503, 'penalty_k': 0.016566032462561987, 'scale_lr': 0.46065124412178254}. Best is trial 81 with value: 0.35204542007891587.
checkpoint_e16 window_influence: 0.47340787339251544, penalty_k: 0.08122426307135705, scale_lr: 0.45283281642814188, EAO: 0.326
Trial 95 finished with value: 0.32635955367570724 and parameters: {'window_influence': 0.47340787339251544, 'penalty_k': 0.08122426307135705, 'scale_lr': 0.4528328164281419}. Best is trial 81 with value: 0.35204542007891587.
checkpoint_e16 window_influence: 0.48886168915264244, penalty_k: 0.02618410460339356, scale_lr: 0.42674393262121646, EAO: 0.322
Trial 96 finished with value: 0.3224433390314941 and parameters: {'window_influence': 0.48886168915264244, 'penalty_k': 0.026184104603393564, 'scale_lr': 0.42674393262121646}. Best is trial 81 with value: 0.35204542007891587.
checkpoint_e16 window_influence: 0.52748422643819703, penalty_k: 0.09229497220654340, scale_lr: 0.46796025693876658, EAO: 0.320
Trial 97 finished with value: 0.3199775671216764 and parameters: {'window_influence': 0.527484226438197, 'penalty_k': 0.0922949722065434, 'scale_lr': 0.4679602569387666}. Best is trial 81 with value: 0.35204542007891587.
checkpoint_e16 window_influence: 0.50230851921130393, penalty_k: 0.03990167006756390, scale_lr: 0.49211999781944954, EAO: 0.319
Trial 98 finished with value: 0.3189685971472514 and parameters: {'window_influence': 0.5023085192113039, 'penalty_k': 0.0399016700675639, 'scale_lr': 0.49211999781944954}. Best is trial 81 with value: 0.35204542007891587.
checkpoint_e16 window_influence: 0.43632545143499429, penalty_k: 0.01233026653814931, scale_lr: 0.50595999676431314, EAO: 0.344
Trial 99 finished with value: 0.34394023506557897 and parameters: {'window_influence': 0.4363254514349943, 'penalty_k': 0.012330266538149311, 'scale_lr': 0.5059599967643131}. Best is trial 81 with value: 0.35204542007891587.
checkpoint_e16 window_influence: 0.44927855355311008, penalty_k: 0.01071923917392323, scale_lr: 0.49795961754506168, EAO: 0.352
Trial 100 finished with value: 0.35165060123117053 and parameters: {'window_influence': 0.4492785535531101, 'penalty_k': 0.010719239173923227, 'scale_lr': 0.4979596175450617}. Best is trial 81 with value: 0.35204542007891587.
checkpoint_e16 window_influence: 0.44631352346621017, penalty_k: 0.01419888462483365, scale_lr: 0.50606214262957050, EAO: 0.339
Trial 101 finished with value: 0.33944009192258934 and parameters: {'window_influence': 0.44631352346621017, 'penalty_k': 0.014198884624833645, 'scale_lr': 0.5060621426295705}. Best is trial 81 with value: 0.35204542007891587.
checkpoint_e16 window_influence: 0.47038906661926055, penalty_k: 0.03329158763351699, scale_lr: 0.47603584443843494, EAO: 0.329
Trial 102 finished with value: 0.328851394152363 and parameters: {'window_influence': 0.47038906661926055, 'penalty_k': 0.03329158763351699, 'scale_lr': 0.47603584443843494}. Best is trial 81 with value: 0.35204542007891587.
checkpoint_e16 window_influence: 0.43466563848919448, penalty_k: 0.04925431284805774, scale_lr: 0.45600257433993807, EAO: 0.327
Trial 103 finished with value: 0.32743138718465886 and parameters: {'window_influence': 0.4346656384891945, 'penalty_k': 0.04925431284805774, 'scale_lr': 0.45600257433993807}. Best is trial 81 with value: 0.35204542007891587.
checkpoint_e16 window_influence: 0.48689950846140545, penalty_k: 0.00985140398890601, scale_lr: 0.54206459781192673, EAO: 0.329
Trial 104 finished with value: 0.3290265204261713 and parameters: {'window_influence': 0.48689950846140545, 'penalty_k': 0.009851403988906007, 'scale_lr': 0.5420645978119267}. Best is trial 81 with value: 0.35204542007891587.
checkpoint_e16 window_influence: 0.45172232025948222, penalty_k: 0.00125925610292633, scale_lr: 0.49837255089547150, EAO: 0.342
Trial 105 finished with value: 0.34162632929675774 and parameters: {'window_influence': 0.4517223202594822, 'penalty_k': 0.001259256102926331, 'scale_lr': 0.4983725508954715}. Best is trial 81 with value: 0.35204542007891587.
checkpoint_e16 window_influence: 0.45439166592331576, penalty_k: 0.00009730285289374, scale_lr: 0.52074961374576101, EAO: 0.337
Trial 106 finished with value: 0.3368773084670189 and parameters: {'window_influence': 0.45439166592331576, 'penalty_k': 9.730285289373877e-05, 'scale_lr': 0.520749613745761}. Best is trial 81 with value: 0.35204542007891587.
checkpoint_e16 window_influence: 0.43639690392984171, penalty_k: 0.02848446323370256, scale_lr: 0.50393900613015541, EAO: 0.324
Trial 107 finished with value: 0.32376601433939506 and parameters: {'window_influence': 0.4363969039298417, 'penalty_k': 0.028484463233702555, 'scale_lr': 0.5039390061301554}. Best is trial 81 with value: 0.35204542007891587.
checkpoint_e16 window_influence: 0.51994523486185418, penalty_k: 0.02320025052693126, scale_lr: 0.48211067371316429, EAO: 0.318
Trial 108 finished with value: 0.31764742963972725 and parameters: {'window_influence': 0.5199452348618542, 'penalty_k': 0.023200250526931258, 'scale_lr': 0.4821106737131643}. Best is trial 81 with value: 0.35204542007891587.
checkpoint_e16 window_influence: 0.39678397562631906, penalty_k: 0.05314729849580912, scale_lr: 0.53266527065782310, EAO: 0.325
Trial 109 finished with value: 0.3245275250204806 and parameters: {'window_influence': 0.39678397562631906, 'penalty_k': 0.05314729849580912, 'scale_lr': 0.5326652706578231}. Best is trial 81 with value: 0.35204542007891587.
checkpoint_e16 window_influence: 0.45409682765650877, penalty_k: 0.03799821597517929, scale_lr: 0.50061733081104687, EAO: 0.351
Trial 110 finished with value: 0.3512634724262623 and parameters: {'window_influence': 0.4540968276565088, 'penalty_k': 0.037998215975179286, 'scale_lr': 0.5006173308110469}. Best is trial 81 with value: 0.35204542007891587.
checkpoint_e16 window_influence: 0.44869109174957938, penalty_k: 0.04079911419251191, scale_lr: 0.49535032255178757, EAO: 0.334
Trial 111 finished with value: 0.3338480367966663 and parameters: {'window_influence': 0.4486910917495794, 'penalty_k': 0.04079911419251191, 'scale_lr': 0.49535032255178757}. Best is trial 81 with value: 0.35204542007891587.
checkpoint_e16 window_influence: 0.42369597293836386, penalty_k: 0.08143841880409852, scale_lr: 0.46479354408024620, EAO: 0.331
Trial 112 finished with value: 0.33124148161494776 and parameters: {'window_influence': 0.42369597293836386, 'penalty_k': 0.08143841880409852, 'scale_lr': 0.4647935440802462}. Best is trial 81 with value: 0.35204542007891587.
checkpoint_e16 window_influence: 0.46650496880967840, penalty_k: 0.01810103961812968, scale_lr: 0.54764854308975941, EAO: 0.329
Trial 113 finished with value: 0.3288506913045965 and parameters: {'window_influence': 0.4665049688096784, 'penalty_k': 0.01810103961812968, 'scale_lr': 0.5476485430897594}. Best is trial 81 with value: 0.35204542007891587.
checkpoint_e16 window_influence: 0.48403433120264922, penalty_k: 0.05660417475871536, scale_lr: 0.51616191375457299, EAO: 0.335
Trial 114 finished with value: 0.3347461965761296 and parameters: {'window_influence': 0.4840343312026492, 'penalty_k': 0.05660417475871536, 'scale_lr': 0.516161913754573}. Best is trial 81 with value: 0.35204542007891587.
checkpoint_e16 window_influence: 0.49819625341112317, penalty_k: 0.03157498781916101, scale_lr: 0.48042710954072909, EAO: 0.324
Trial 115 finished with value: 0.32396858402959106 and parameters: {'window_influence': 0.49819625341112317, 'penalty_k': 0.03157498781916101, 'scale_lr': 0.4804271095407291}. Best is trial 81 with value: 0.35204542007891587.
checkpoint_e16 window_influence: 0.45263407187951032, penalty_k: 0.09916406159641988, scale_lr: 0.49834824439558301, EAO: 0.320
Trial 116 finished with value: 0.3195453540128493 and parameters: {'window_influence': 0.4526340718795103, 'penalty_k': 0.09916406159641988, 'scale_lr': 0.498348244395583}. Best is trial 81 with value: 0.35204542007891587.
checkpoint_e16 window_influence: 0.47144562196698797, penalty_k: 0.07460878019784090, scale_lr: 0.56210816338895431, EAO: 0.326
Trial 117 finished with value: 0.32627814567506547 and parameters: {'window_influence': 0.47144562196698797, 'penalty_k': 0.0746087801978409, 'scale_lr': 0.5621081633889543}. Best is trial 81 with value: 0.35204542007891587.
checkpoint_e16 window_influence: 0.41076467987125048, penalty_k: 0.04413978362997214, scale_lr: 0.46403233651163089, EAO: 0.323
Trial 118 finished with value: 0.3228795590451719 and parameters: {'window_influence': 0.4107646798712505, 'penalty_k': 0.04413978362997214, 'scale_lr': 0.4640323365116309}. Best is trial 81 with value: 0.35204542007891587.
checkpoint_e16 window_influence: 0.43401775324878600, penalty_k: 0.05946510401314190, scale_lr: 0.43322817516492484, EAO: 0.325
Trial 119 finished with value: 0.3249871851985093 and parameters: {'window_influence': 0.434017753248786, 'penalty_k': 0.059465104013141895, 'scale_lr': 0.43322817516492484}. Best is trial 81 with value: 0.35204542007891587.
checkpoint_e16 window_influence: 0.45533606723892583, penalty_k: 0.01481412608804824, scale_lr: 0.52677779817856984, EAO: 0.339
Trial 120 finished with value: 0.33912120614534225 and parameters: {'window_influence': 0.45533606723892583, 'penalty_k': 0.01481412608804824, 'scale_lr': 0.5267777981785698}. Best is trial 81 with value: 0.35204542007891587.
checkpoint_e16 window_influence: 0.47993331467966888, penalty_k: 0.00089913546779723, scale_lr: 0.45037650133991269, EAO: 0.350
Trial 121 finished with value: 0.35012492189611444 and parameters: {'window_influence': 0.4799333146796689, 'penalty_k': 0.0008991354677972321, 'scale_lr': 0.4503765013399127}. Best is trial 81 with value: 0.35204542007891587.
checkpoint_e16 window_influence: 0.48604944552790752, penalty_k: 0.00372250467711771, scale_lr: 0.48173183510703821, EAO: 0.343
Trial 122 finished with value: 0.3428488045582975 and parameters: {'window_influence': 0.4860494455279075, 'penalty_k': 0.0037225046771177076, 'scale_lr': 0.4817318351070382}. Best is trial 81 with value: 0.35204542007891587.
checkpoint_e16 window_influence: 0.48969289643592606, penalty_k: 0.00088891732877975, scale_lr: 0.47975051872226698, EAO: 0.328
Trial 123 finished with value: 0.3276662257162977 and parameters: {'window_influence': 0.48969289643592606, 'penalty_k': 0.0008889173287797529, 'scale_lr': 0.479750518722267}. Best is trial 81 with value: 0.35204542007891587.
checkpoint_e16 window_influence: 0.51062766330444731, penalty_k: 0.00001273737601028, scale_lr: 0.41850277380391593, EAO: 0.331
Trial 124 finished with value: 0.3307478571100458 and parameters: {'window_influence': 0.5106276633044473, 'penalty_k': 1.2737376010277246e-05, 'scale_lr': 0.41850277380391593}. Best is trial 81 with value: 0.35204542007891587.
checkpoint_e16 window_influence: 0.48201951550753769, penalty_k: 0.01376706959631185, scale_lr: 0.44387555133718615, EAO: 0.329
Trial 125 finished with value: 0.3291565831533202 and parameters: {'window_influence': 0.4820195155075377, 'penalty_k': 0.013767069596311845, 'scale_lr': 0.44387555133718615}. Best is trial 81 with value: 0.35204542007891587.
checkpoint_e16 window_influence: 0.49690970473092666, penalty_k: 0.03741376717383450, scale_lr: 0.50795904739113085, EAO: 0.332
Trial 126 finished with value: 0.3324157575920862 and parameters: {'window_influence': 0.49690970473092666, 'penalty_k': 0.0374137671738345, 'scale_lr': 0.5079590473911308}. Best is trial 81 with value: 0.35204542007891587.
checkpoint_e16 window_influence: 0.46589263362901356, penalty_k: 0.02061900607753879, scale_lr: 0.40581516664248762, EAO: 0.332
Trial 127 finished with value: 0.33151467602540546 and parameters: {'window_influence': 0.46589263362901356, 'penalty_k': 0.02061900607753879, 'scale_lr': 0.4058151666424876}. Best is trial 81 with value: 0.35204542007891587.
checkpoint_e16 window_influence: 0.52228182272356571, penalty_k: 0.04977350395104419, scale_lr: 0.45729290408745554, EAO: 0.317
Trial 128 finished with value: 0.31699494194195893 and parameters: {'window_influence': 0.5222818227235657, 'penalty_k': 0.04977350395104419, 'scale_lr': 0.45729290408745554}. Best is trial 81 with value: 0.35204542007891587.
checkpoint_e16 window_influence: 0.53932173258103722, penalty_k: 0.06420202280991937, scale_lr: 0.43493365756973712, EAO: 0.299
Trial 129 finished with value: 0.2994476410665401 and parameters: {'window_influence': 0.5393217325810372, 'penalty_k': 0.06420202280991937, 'scale_lr': 0.4349336575697371}. Best is trial 81 with value: 0.35204542007891587.
checkpoint_e16 window_influence: 0.50868112769995488, penalty_k: 0.03335553942717228, scale_lr: 0.48646870655312557, EAO: 0.329
Trial 130 finished with value: 0.32944051045851946 and parameters: {'window_influence': 0.5086811276999549, 'penalty_k': 0.03335553942717228, 'scale_lr': 0.4864687065531256}. Best is trial 81 with value: 0.35204542007891587.
checkpoint_e16 window_influence: 0.44168095963969040, penalty_k: 0.01908420716131350, scale_lr: 0.47396346206203016, EAO: 0.344
Trial 131 finished with value: 0.34421898453615984 and parameters: {'window_influence': 0.4416809596396904, 'penalty_k': 0.019084207161313496, 'scale_lr': 0.47396346206203016}. Best is trial 81 with value: 0.35204542007891587.
checkpoint_e16 window_influence: 0.45883753084156148, penalty_k: 0.01394302457535220, scale_lr: 0.46798624250141035, EAO: 0.342
Trial 132 finished with value: 0.34197622352073165 and parameters: {'window_influence': 0.4588375308415615, 'penalty_k': 0.013943024575352202, 'scale_lr': 0.46798624250141035}. Best is trial 81 with value: 0.35204542007891587.
checkpoint_e16 window_influence: 0.46382162489524348, penalty_k: 0.02268445897365587, scale_lr: 0.47354197752654942, EAO: 0.338
Trial 133 finished with value: 0.33786602034179153 and parameters: {'window_influence': 0.4638216248952435, 'penalty_k': 0.022684458973655865, 'scale_lr': 0.4735419775265494}. Best is trial 81 with value: 0.35204542007891587.
checkpoint_e16 window_influence: 0.47573755304952225, penalty_k: 0.04304271732690081, scale_lr: 0.44876987686637065, EAO: 0.328
Trial 134 finished with value: 0.32811478812406963 and parameters: {'window_influence': 0.47573755304952225, 'penalty_k': 0.043042717326900806, 'scale_lr': 0.44876987686637065}. Best is trial 81 with value: 0.35204542007891587.
checkpoint_e16 window_influence: 0.42315918852773887, penalty_k: 0.01021065602423427, scale_lr: 0.46293036948546978, EAO: 0.326
Trial 135 finished with value: 0.3258911613592378 and parameters: {'window_influence': 0.42315918852773887, 'penalty_k': 0.010210656024234268, 'scale_lr': 0.4629303694854698}. Best is trial 81 with value: 0.35204542007891587.
checkpoint_e16 window_influence: 0.44037519260358204, penalty_k: 0.08725320909411763, scale_lr: 0.43995193638740987, EAO: 0.316
Trial 136 finished with value: 0.3161273515178072 and parameters: {'window_influence': 0.44037519260358204, 'penalty_k': 0.08725320909411763, 'scale_lr': 0.43995193638740987}. Best is trial 81 with value: 0.35204542007891587.
checkpoint_e16 window_influence: 0.48719737463667318, penalty_k: 0.02781290413063255, scale_lr: 0.51213145139675698, EAO: 0.333
Trial 137 finished with value: 0.3325936329272007 and parameters: {'window_influence': 0.4871973746366732, 'penalty_k': 0.027812904130632546, 'scale_lr': 0.512131451396757}. Best is trial 81 with value: 0.35204542007891587.
checkpoint_e16 window_influence: 0.40649425264160821, penalty_k: 0.11807176600734079, scale_lr: 0.39794935971505052, EAO: 0.290
Trial 138 finished with value: 0.2900094554002183 and parameters: {'window_influence': 0.4064942526416082, 'penalty_k': 0.11807176600734079, 'scale_lr': 0.3979493597150505}. Best is trial 81 with value: 0.35204542007891587.
checkpoint_e16 window_influence: 0.49743460216052049, penalty_k: 0.07261261426152207, scale_lr: 0.42881327539983766, EAO: 0.321
