Trial 1423 finished with value: 0.25965939067912935 and parameters: {'window_influence': 0.1795559271713533, 'penalty_k': 0.16823587936097215, 'scale_lr': 0.44678130796814886}. Best is trial 1270 with value: 0.3623636909959845.
checkpoint_e22 window_influence: 0.49573623676748718, penalty_k: 0.53315436719842513, scale_lr: 0.56003399487193217, EAO: 0.288
Trial 1424 finished with value: 0.2882787040235468 and parameters: {'window_influence': 0.4957362367674872, 'penalty_k': 0.5331543671984251, 'scale_lr': 0.5600339948719322}. Best is trial 1270 with value: 0.3623636909959845.
checkpoint_e22 window_influence: 0.53832225561828873, penalty_k: 0.51308579606424987, scale_lr: 0.30622452363659775, EAO: 0.266
Trial 1425 finished with value: 0.2656598471481976 and parameters: {'window_influence': 0.5383222556182887, 'penalty_k': 0.5130857960642499, 'scale_lr': 0.30622452363659775}. Best is trial 1270 with value: 0.3623636909959845.
checkpoint_e22 window_influence: 0.15371129268827924, penalty_k: 0.04397413149095181, scale_lr: 0.77218120350112307, EAO: 0.269
Trial 1426 finished with value: 0.2694165804622702 and parameters: {'window_influence': 0.15371129268827924, 'penalty_k': 0.043974131490951814, 'scale_lr': 0.7721812035011231}. Best is trial 1270 with value: 0.3623636909959845.
checkpoint_e22 window_influence: 0.46547087575970758, penalty_k: 0.09093390550646344, scale_lr: 0.28975749327461664, EAO: 0.330
Trial 1427 finished with value: 0.32990182814431096 and parameters: {'window_influence': 0.4654708757597076, 'penalty_k': 0.09093390550646344, 'scale_lr': 0.28975749327461664}. Best is trial 1270 with value: 0.3623636909959845.
checkpoint_e22 window_influence: 0.35691726050345124, penalty_k: 0.01080188317903103, scale_lr: 0.36900422907962138, EAO: 0.299
Trial 1428 finished with value: 0.29912702089849613 and parameters: {'window_influence': 0.35691726050345124, 'penalty_k': 0.010801883179031028, 'scale_lr': 0.3690042290796214}. Best is trial 1270 with value: 0.3623636909959845.
checkpoint_e22 window_influence: 0.48369366989811174, penalty_k: 0.02271360178923046, scale_lr: 0.41129831146961038, EAO: 0.323
Trial 1429 finished with value: 0.32250111477616233 and parameters: {'window_influence': 0.48369366989811174, 'penalty_k': 0.022713601789230462, 'scale_lr': 0.4112983114696104}. Best is trial 1270 with value: 0.3623636909959845.
checkpoint_e22 window_influence: 0.07179938370930911, penalty_k: 0.27532782386000859, scale_lr: 0.33806486643774969, EAO: 0.251
Trial 1430 finished with value: 0.25069578971844236 and parameters: {'window_influence': 0.0717993837093091, 'penalty_k': 0.2753278238600086, 'scale_lr': 0.3380648664377497}. Best is trial 1270 with value: 0.3623636909959845.
checkpoint_e22 window_influence: 0.51317171178223508, penalty_k: 0.07940258117936373, scale_lr: 0.71387992028067937, EAO: 0.307
Trial 1431 finished with value: 0.30705553014918524 and parameters: {'window_influence': 0.5131717117822351, 'penalty_k': 0.07940258117936373, 'scale_lr': 0.7138799202806794}. Best is trial 1270 with value: 0.3623636909959845.
checkpoint_e22 window_influence: 0.39546172037804728, penalty_k: 0.44825187451380438, scale_lr: 0.31657575210090616, EAO: 0.283
Trial 1432 finished with value: 0.28316540302933424 and parameters: {'window_influence': 0.3954617203780473, 'penalty_k': 0.4482518745138044, 'scale_lr': 0.31657575210090616}. Best is trial 1270 with value: 0.3623636909959845.
checkpoint_e22 window_influence: 0.43904337736953070, penalty_k: 0.10369815037448991, scale_lr: 0.52712866126040492, EAO: 0.317
Trial 1433 finished with value: 0.3170279597841812 and parameters: {'window_influence': 0.4390433773695307, 'penalty_k': 0.10369815037448991, 'scale_lr': 0.5271286612604049}. Best is trial 1270 with value: 0.3623636909959845.
checkpoint_e22 window_influence: 0.20111364235250337, penalty_k: 0.18213402505759116, scale_lr: 0.68553448348055568, EAO: 0.270
Trial 1434 finished with value: 0.27012660264505023 and parameters: {'window_influence': 0.20111364235250337, 'penalty_k': 0.18213402505759116, 'scale_lr': 0.6855344834805557}. Best is trial 1270 with value: 0.3623636909959845.
checkpoint_e22 window_influence: 0.45542169031877605, penalty_k: 0.00030034074698699, scale_lr: 0.35939746311427584, EAO: 0.314
Trial 1435 finished with value: 0.31379516051669065 and parameters: {'window_influence': 0.45542169031877605, 'penalty_k': 0.0003003407469869914, 'scale_lr': 0.35939746311427584}. Best is trial 1270 with value: 0.3623636909959845.
checkpoint_e22 window_influence: 0.49871274288310757, penalty_k: 0.23226102614437849, scale_lr: 0.22376488961415342, EAO: 0.297
Trial 1436 finished with value: 0.29666660059286926 and parameters: {'window_influence': 0.4987127428831076, 'penalty_k': 0.2322610261443785, 'scale_lr': 0.22376488961415342}. Best is trial 1270 with value: 0.3623636909959845.
checkpoint_e22 window_influence: 0.46752331539445541, penalty_k: 0.12852086593202441, scale_lr: 0.61387952238971299, EAO: 0.327
Trial 1437 finished with value: 0.3271715470557083 and parameters: {'window_influence': 0.4675233153944554, 'penalty_k': 0.12852086593202441, 'scale_lr': 0.613879522389713}. Best is trial 1270 with value: 0.3623636909959845.
checkpoint_e22 window_influence: 0.48715840941529326, penalty_k: 0.59964788817051895, scale_lr: 0.64472896050824335, EAO: 0.296
Trial 1438 finished with value: 0.2955214504717853 and parameters: {'window_influence': 0.48715840941529326, 'penalty_k': 0.599647888170519, 'scale_lr': 0.6447289605082434}. Best is trial 1270 with value: 0.3623636909959845.
checkpoint_e22 window_influence: 0.31368616213779549, penalty_k: 0.00004381474812860, scale_lr: 0.46979914539443690, EAO: 0.297
Trial 1439 finished with value: 0.29742828492756485 and parameters: {'window_influence': 0.3136861621377955, 'penalty_k': 4.381474812860299e-05, 'scale_lr': 0.4697991453944369}. Best is trial 1270 with value: 0.3623636909959845.
checkpoint_e22 window_influence: 0.42674027725091768, penalty_k: 0.25587058564672582, scale_lr: 0.66630249860441282, EAO: 0.305
Trial 1440 finished with value: 0.30534464932601274 and parameters: {'window_influence': 0.4267402772509177, 'penalty_k': 0.2558705856467258, 'scale_lr': 0.6663024986044128}. Best is trial 1270 with value: 0.3623636909959845.
checkpoint_e22 window_influence: 0.47973738153294776, penalty_k: 0.38053509613153247, scale_lr: 0.55000899492315325, EAO: 0.322
Trial 1441 finished with value: 0.32248812966077706 and parameters: {'window_influence': 0.47973738153294776, 'penalty_k': 0.38053509613153247, 'scale_lr': 0.5500089949231532}. Best is trial 1270 with value: 0.3623636909959845.
checkpoint_e22 window_influence: 0.45037878882790161, penalty_k: 0.37534953254338077, scale_lr: 0.44051860941609833, EAO: 0.284
Trial 1442 finished with value: 0.2838806488518585 and parameters: {'window_influence': 0.4503787888279016, 'penalty_k': 0.37534953254338077, 'scale_lr': 0.44051860941609833}. Best is trial 1270 with value: 0.3623636909959845.
checkpoint_e22 window_influence: 0.50631847286501686, penalty_k: 0.15018959598657217, scale_lr: 0.29728299187680007, EAO: 0.314
Trial 1443 finished with value: 0.3135604111021131 and parameters: {'window_influence': 0.5063184728650169, 'penalty_k': 0.15018959598657217, 'scale_lr': 0.2972829918768001}. Best is trial 1270 with value: 0.3623636909959845.
checkpoint_e22 window_influence: 0.46264178829431429, penalty_k: 0.11277793223016883, scale_lr: 0.11533560958310290, EAO: 0.327
Trial 1444 finished with value: 0.32651925046388275 and parameters: {'window_influence': 0.4626417882943143, 'penalty_k': 0.11277793223016883, 'scale_lr': 0.1153356095831029}. Best is trial 1270 with value: 0.3623636909959845.
checkpoint_e22 window_influence: 0.63454151327135555, penalty_k: 0.05880303643985092, scale_lr: 0.50015421114597114, EAO: 0.236
Trial 1445 finished with value: 0.23555040144966735 and parameters: {'window_influence': 0.6345415132713556, 'penalty_k': 0.05880303643985092, 'scale_lr': 0.5001542111459711}. Best is trial 1270 with value: 0.3623636909959845.
checkpoint_e22 window_influence: 0.52768897126929004, penalty_k: 0.09683547711505847, scale_lr: 0.57367759434909205, EAO: 0.325
Trial 1446 finished with value: 0.3254598889369445 and parameters: {'window_influence': 0.52768897126929, 'penalty_k': 0.09683547711505847, 'scale_lr': 0.573677594349092}. Best is trial 1270 with value: 0.3623636909959845.
checkpoint_e22 window_influence: 0.47250499586033762, penalty_k: 0.41244296608201170, scale_lr: 0.69317579535369989, EAO: 0.305
Trial 1447 finished with value: 0.30501583172189584 and parameters: {'window_influence': 0.4725049958603376, 'penalty_k': 0.4124429660820117, 'scale_lr': 0.6931757953536999}. Best is trial 1270 with value: 0.3623636909959845.
checkpoint_e22 window_influence: 0.55278876273903765, penalty_k: 0.01986954032104117, scale_lr: 0.27790568391309428, EAO: 0.318
Trial 1448 finished with value: 0.3180217843227349 and parameters: {'window_influence': 0.5527887627390377, 'penalty_k': 0.019869540321041167, 'scale_lr': 0.2779056839130943}. Best is trial 1270 with value: 0.3623636909959845.
checkpoint_e22 window_influence: 0.49554843302768720, penalty_k: 0.54154147974958855, scale_lr: 0.33565404762863660, EAO: 0.296
Trial 1449 finished with value: 0.2961926320531489 and parameters: {'window_influence': 0.4955484330276872, 'penalty_k': 0.5415414797495886, 'scale_lr': 0.3356540476286366}. Best is trial 1270 with value: 0.3623636909959845.
checkpoint_e22 window_influence: 0.44435585830677815, penalty_k: 0.07581202661422118, scale_lr: 0.19598023379232654, EAO: 0.321
Trial 1450 finished with value: 0.3207826577271933 and parameters: {'window_influence': 0.44435585830677815, 'penalty_k': 0.07581202661422118, 'scale_lr': 0.19598023379232654}. Best is trial 1270 with value: 0.3623636909959845.
checkpoint_e22 window_influence: 0.31949323457551138, penalty_k: 0.04016521747565205, scale_lr: 0.25646568741270676, EAO: 0.309
Trial 1451 finished with value: 0.30863244292337144 and parameters: {'window_influence': 0.3194932345755114, 'penalty_k': 0.04016521747565205, 'scale_lr': 0.25646568741270676}. Best is trial 1270 with value: 0.3623636909959845.
checkpoint_e22 window_influence: 0.18875138797961957, penalty_k: 0.12437021380358626, scale_lr: 0.48744800460049831, EAO: 0.262
Trial 1452 finished with value: 0.26151164154366296 and parameters: {'window_influence': 0.18875138797961957, 'penalty_k': 0.12437021380358626, 'scale_lr': 0.4874480046004983}. Best is trial 1270 with value: 0.3623636909959845.
checkpoint_e22 window_influence: 0.48368335493825060, penalty_k: 0.09069475205082023, scale_lr: 0.35228679545666736, EAO: 0.324
Trial 1453 finished with value: 0.3238395390459536 and parameters: {'window_influence': 0.4836833549382506, 'penalty_k': 0.09069475205082023, 'scale_lr': 0.35228679545666736}. Best is trial 1270 with value: 0.3623636909959845.
checkpoint_e22 window_influence: 0.20797745754401034, penalty_k: 0.03061001933799866, scale_lr: 0.32119165540154937, EAO: 0.283
Trial 1454 finished with value: 0.2833318630892943 and parameters: {'window_influence': 0.20797745754401034, 'penalty_k': 0.03061001933799866, 'scale_lr': 0.32119165540154937}. Best is trial 1270 with value: 0.3623636909959845.
checkpoint_e22 window_influence: 0.37554197858276556, penalty_k: 0.13885876606925757, scale_lr: 0.39503006060007084, EAO: 0.299
Trial 1455 finished with value: 0.29874929785728455 and parameters: {'window_influence': 0.37554197858276556, 'penalty_k': 0.13885876606925757, 'scale_lr': 0.39503006060007084}. Best is trial 1270 with value: 0.3623636909959845.
checkpoint_e22 window_influence: 0.51719349102783962, penalty_k: 0.10541711516452919, scale_lr: 0.51302732448460175, EAO: 0.323
Trial 1456 finished with value: 0.3229346715406685 and parameters: {'window_influence': 0.5171934910278396, 'penalty_k': 0.10541711516452919, 'scale_lr': 0.5130273244846018}. Best is trial 1270 with value: 0.3623636909959845.
checkpoint_e22 window_influence: 0.45840301155895896, penalty_k: 0.47447140029089097, scale_lr: 0.73146129059170339, EAO: 0.309
Trial 1457 finished with value: 0.30897872312291585 and parameters: {'window_influence': 0.45840301155895896, 'penalty_k': 0.47447140029089097, 'scale_lr': 0.7314612905917034}. Best is trial 1270 with value: 0.3623636909959845.
checkpoint_e22 window_influence: 0.27869735031093373, penalty_k: 0.06747314862980847, scale_lr: 0.42818648459711012, EAO: 0.288
Trial 1458 finished with value: 0.2881758170137146 and parameters: {'window_influence': 0.27869735031093373, 'penalty_k': 0.06747314862980847, 'scale_lr': 0.4281864845971101}. Best is trial 1270 with value: 0.3623636909959845.
checkpoint_e22 window_influence: 0.47003867575500774, penalty_k: 0.11617383282371245, scale_lr: 0.37127327269646065, EAO: 0.317
Trial 1459 finished with value: 0.31684429984148377 and parameters: {'window_influence': 0.47003867575500774, 'penalty_k': 0.11617383282371245, 'scale_lr': 0.37127327269646065}. Best is trial 1270 with value: 0.3623636909959845.
checkpoint_e22 window_influence: 0.06244595991691987, penalty_k: 0.18971337840278252, scale_lr: 0.30442314364192630, EAO: 0.238
Trial 1460 finished with value: 0.2378968975075488 and parameters: {'window_influence': 0.06244595991691987, 'penalty_k': 0.18971337840278252, 'scale_lr': 0.3044231436419263}. Best is trial 1270 with value: 0.3623636909959845.
checkpoint_e22 window_influence: 0.49416572205722775, penalty_k: 0.01377010605371539, scale_lr: 0.45790424741137187, EAO: 0.336
Trial 1461 finished with value: 0.3355811118847665 and parameters: {'window_influence': 0.49416572205722775, 'penalty_k': 0.01377010605371539, 'scale_lr': 0.45790424741137187}. Best is trial 1270 with value: 0.3623636909959845.
checkpoint_e22 window_influence: 0.62035362269016969, penalty_k: 0.08421085255167926, scale_lr: 0.61930991212671216, EAO: 0.238
Trial 1462 finished with value: 0.23822972746674653 and parameters: {'window_influence': 0.6203536226901697, 'penalty_k': 0.08421085255167926, 'scale_lr': 0.6193099121267122}. Best is trial 1270 with value: 0.3623636909959845.
checkpoint_e22 window_influence: 0.43787696196593057, penalty_k: 0.00018740170984501, scale_lr: 0.53233811986946855, EAO: 0.323
Trial 1463 finished with value: 0.32295863023064014 and parameters: {'window_influence': 0.43787696196593057, 'penalty_k': 0.00018740170984501297, 'scale_lr': 0.5323381198694686}. Best is trial 1270 with value: 0.3623636909959845.
checkpoint_e22 window_influence: 0.48021218620594502, penalty_k: 0.56018593705456532, scale_lr: 0.34616874592666008, EAO: 0.280
Trial 1464 finished with value: 0.2804587394694874 and parameters: {'window_influence': 0.480212186205945, 'penalty_k': 0.5601859370545653, 'scale_lr': 0.3461687459266601}. Best is trial 1270 with value: 0.3623636909959845.
checkpoint_e22 window_influence: 0.08485219136139749, penalty_k: 0.16574766281956121, scale_lr: 0.75662400359995430, EAO: 0.253
Trial 1465 finished with value: 0.25257105464369406 and parameters: {'window_influence': 0.08485219136139749, 'penalty_k': 0.16574766281956121, 'scale_lr': 0.7566240035999543}. Best is trial 1270 with value: 0.3623636909959845.
checkpoint_e22 window_influence: 0.64169011754448002, penalty_k: 0.15008534895572440, scale_lr: 0.56335607694811141, EAO: 0.228
Trial 1466 finished with value: 0.2276964475788495 and parameters: {'window_influence': 0.64169011754448, 'penalty_k': 0.1500853489557244, 'scale_lr': 0.5633560769481114}. Best is trial 1270 with value: 0.3623636909959845.
checkpoint_e22 window_influence: 0.41235655064778404, penalty_k: 0.05227103107511896, scale_lr: 0.47786794808549238, EAO: 0.306
Trial 1467 finished with value: 0.3062309889477978 and parameters: {'window_influence': 0.41235655064778404, 'penalty_k': 0.052271031075118955, 'scale_lr': 0.4778679480854924}. Best is trial 1270 with value: 0.3623636909959845.
checkpoint_e22 window_influence: 0.50822011741811768, penalty_k: 0.43771116559852385, scale_lr: 0.72180822413702317, EAO: 0.303
Trial 1468 finished with value: 0.3032530579237622 and parameters: {'window_influence': 0.5082201174181177, 'penalty_k': 0.43771116559852385, 'scale_lr': 0.7218082241370232}. Best is trial 1270 with value: 0.3623636909959845.
checkpoint_e22 window_influence: 0.30415952295913318, penalty_k: 0.32834533493553597, scale_lr: 0.28392123584418344, EAO: 0.277
Trial 1469 finished with value: 0.2766150198441999 and parameters: {'window_influence': 0.3041595229591332, 'penalty_k': 0.32834533493553597, 'scale_lr': 0.28392123584418344}. Best is trial 1270 with value: 0.3623636909959845.
checkpoint_e22 window_influence: 0.36612093877538970, penalty_k: 0.12795743371631305, scale_lr: 0.65540566105220799, EAO: 0.318
Trial 1470 finished with value: 0.31838152601097347 and parameters: {'window_influence': 0.3661209387753897, 'penalty_k': 0.12795743371631305, 'scale_lr': 0.655405661052208}. Best is trial 1270 with value: 0.3623636909959845.
checkpoint_e22 window_influence: 0.38610514743144525, penalty_k: 0.09803946164582199, scale_lr: 0.26754855923915916, EAO: 0.315
Trial 1471 finished with value: 0.3148873571291972 and parameters: {'window_influence': 0.38610514743144525, 'penalty_k': 0.09803946164582199, 'scale_lr': 0.26754855923915916}. Best is trial 1270 with value: 0.3623636909959845.
checkpoint_e22 window_influence: 0.56666354447152401, penalty_k: 0.20645203308096960, scale_lr: 0.38327810324459854, EAO: 0.257
Trial 1472 finished with value: 0.25729677185474203 and parameters: {'window_influence': 0.566663544471524, 'penalty_k': 0.2064520330809696, 'scale_lr': 0.38327810324459854}. Best is trial 1270 with value: 0.3623636909959845.
checkpoint_e22 window_influence: 0.53763532988284790, penalty_k: 0.02943236718322281, scale_lr: 0.63503911472370744, EAO: 0.305
Trial 1473 finished with value: 0.30532002205514724 and parameters: {'window_influence': 0.5376353298828479, 'penalty_k': 0.029432367183222813, 'scale_lr': 0.6350391147237074}. Best is trial 1270 with value: 0.3623636909959845.
checkpoint_e22 window_influence: 0.23718428786199044, penalty_k: 0.10807592240092986, scale_lr: 0.60133022423596827, EAO: 0.279
Trial 1474 finished with value: 0.278746388591681 and parameters: {'window_influence': 0.23718428786199044, 'penalty_k': 0.10807592240092986, 'scale_lr': 0.6013302242359683}. Best is trial 1270 with value: 0.3623636909959845.
checkpoint_e22 window_influence: 0.45457169129842284, penalty_k: 0.01413155447528959, scale_lr: 0.32641740809150238, EAO: 0.318
Trial 1475 finished with value: 0.3177702744067411 and parameters: {'window_influence': 0.45457169129842284, 'penalty_k': 0.01413155447528959, 'scale_lr': 0.3264174080915024}. Best is trial 1270 with value: 0.3623636909959845.
checkpoint_e22 window_influence: 0.47092387603114910, penalty_k: 0.24399452792886381, scale_lr: 0.79817277499386052, EAO: 0.302
Trial 1476 finished with value: 0.3020501033573299 and parameters: {'window_influence': 0.4709238760311491, 'penalty_k': 0.2439945279288638, 'scale_lr': 0.7981727749938605}. Best is trial 1270 with value: 0.3623636909959845.
checkpoint_e22 window_influence: 0.49850347872017703, penalty_k: 0.07619924454253821, scale_lr: 0.31568773459285987, EAO: 0.336
Trial 1477 finished with value: 0.3358001554754458 and parameters: {'window_influence': 0.49850347872017703, 'penalty_k': 0.07619924454253821, 'scale_lr': 0.31568773459285987}. Best is trial 1270 with value: 0.3623636909959845.
checkpoint_e22 window_influence: 0.48632577826507184, penalty_k: 0.04724254236203361, scale_lr: 0.35973632045150161, EAO: 0.332
Trial 1478 finished with value: 0.33154685470612594 and parameters: {'window_influence': 0.48632577826507184, 'penalty_k': 0.04724254236203361, 'scale_lr': 0.3597363204515016}. Best is trial 1270 with value: 0.3623636909959845.
checkpoint_e22 window_influence: 0.58986570279013595, penalty_k: 0.08586562812763279, scale_lr: 0.29476486440845373, EAO: 0.275
Trial 1479 finished with value: 0.2750888855308874 and parameters: {'window_influence': 0.589865702790136, 'penalty_k': 0.08586562812763279, 'scale_lr': 0.29476486440845373}. Best is trial 1270 with value: 0.3623636909959845.
checkpoint_e22 window_influence: 0.42714113110889151, penalty_k: 0.13704040092540207, scale_lr: 0.54886529897279890, EAO: 0.309
Trial 1480 finished with value: 0.309438589134105 and parameters: {'window_influence': 0.4271411311088915, 'penalty_k': 0.13704040092540207, 'scale_lr': 0.5488652989727989}. Best is trial 1270 with value: 0.3623636909959845.
checkpoint_e22 window_influence: 0.35369882906518357, penalty_k: 0.11504191823482070, scale_lr: 0.58238195314718877, EAO: 0.307
Trial 1481 finished with value: 0.30695906438020415 and parameters: {'window_influence': 0.3536988290651836, 'penalty_k': 0.1150419182348207, 'scale_lr': 0.5823819531471888}. Best is trial 1270 with value: 0.3623636909959845.
checkpoint_e22 window_influence: 0.52054565083044035, penalty_k: 0.33649389617875386, scale_lr: 0.40790075330158637, EAO: 0.287
Trial 1482 finished with value: 0.2872351946649848 and parameters: {'window_influence': 0.5205456508304404, 'penalty_k': 0.33649389617875386, 'scale_lr': 0.40790075330158637}. Best is trial 1270 with value: 0.3623636909959845.
checkpoint_e22 window_influence: 0.46253814092538342, penalty_k: 0.06097955340394660, scale_lr: 0.33443363907063056, EAO: 0.342
Trial 1483 finished with value: 0.34224484356460866 and parameters: {'window_influence': 0.4625381409253834, 'penalty_k': 0.060979553403946604, 'scale_lr': 0.33443363907063056}. Best is trial 1270 with value: 0.3623636909959845.
checkpoint_e22 window_influence: 0.44636626729158724, penalty_k: 0.01182836451342615, scale_lr: 0.23924378634364074, EAO: 0.304
