Trial 1729 finished with value: 0.3298796044829291 and parameters: {'window_influence': 0.46012349331427677, 'penalty_k': 0.0827410756943396, 'scale_lr': 0.7301947116171216}. Best is trial 1270 with value: 0.3623636909959845.
checkpoint_e22 window_influence: 0.51927607532646536, penalty_k: 0.17851413610099368, scale_lr: 0.38437225715830031, EAO: 0.300
Trial 1730 finished with value: 0.3004536159655463 and parameters: {'window_influence': 0.5192760753264654, 'penalty_k': 0.17851413610099368, 'scale_lr': 0.3843722571583003}. Best is trial 1270 with value: 0.3623636909959845.
checkpoint_e22 window_influence: 0.49032295373970652, penalty_k: 0.16174909696116496, scale_lr: 0.67274642870320867, EAO: 0.318
Trial 1731 finished with value: 0.31804549456338477 and parameters: {'window_influence': 0.4903229537397065, 'penalty_k': 0.16174909696116496, 'scale_lr': 0.6727464287032087}. Best is trial 1270 with value: 0.3623636909959845.
checkpoint_e22 window_influence: 0.44460262250992166, penalty_k: 0.00010320344638430, scale_lr: 0.35916500483794039, EAO: 0.317
Trial 1732 finished with value: 0.317480973580468 and parameters: {'window_influence': 0.44460262250992166, 'penalty_k': 0.00010320344638429894, 'scale_lr': 0.3591650048379404}. Best is trial 1270 with value: 0.3623636909959845.
checkpoint_e22 window_influence: 0.48241299908761626, penalty_k: 0.10957741480646874, scale_lr: 0.34486498310664077, EAO: 0.332
Trial 1733 finished with value: 0.3318073307725706 and parameters: {'window_influence': 0.48241299908761626, 'penalty_k': 0.10957741480646874, 'scale_lr': 0.34486498310664077}. Best is trial 1270 with value: 0.3623636909959845.
checkpoint_e22 window_influence: 0.50151723499399237, penalty_k: 0.02076241239537997, scale_lr: 0.58460428588786817, EAO: 0.331
Trial 1734 finished with value: 0.3313176871969542 and parameters: {'window_influence': 0.5015172349939924, 'penalty_k': 0.020762412395379973, 'scale_lr': 0.5846042858878682}. Best is trial 1270 with value: 0.3623636909959845.
checkpoint_e22 window_influence: 0.18918916282593456, penalty_k: 0.03485344713361549, scale_lr: 0.76877379995386264, EAO: 0.274
Trial 1735 finished with value: 0.27369878617937926 and parameters: {'window_influence': 0.18918916282593456, 'penalty_k': 0.03485344713361549, 'scale_lr': 0.7687737999538626}. Best is trial 1270 with value: 0.3623636909959845.
checkpoint_e22 window_influence: 0.57811221903362464, penalty_k: 0.06725175482193022, scale_lr: 0.63221107013604427, EAO: 0.249
Trial 1736 finished with value: 0.24905072361346814 and parameters: {'window_influence': 0.5781122190336246, 'penalty_k': 0.06725175482193022, 'scale_lr': 0.6322110701360443}. Best is trial 1270 with value: 0.3623636909959845.
checkpoint_e22 window_influence: 0.26967487513360255, penalty_k: 0.12273157661695339, scale_lr: 0.29912591221358265, EAO: 0.286
Trial 1737 finished with value: 0.2863851103221396 and parameters: {'window_influence': 0.26967487513360255, 'penalty_k': 0.12273157661695339, 'scale_lr': 0.29912591221358265}. Best is trial 1270 with value: 0.3623636909959845.
checkpoint_e22 window_influence: 0.39323778763772949, penalty_k: 0.32461400611837138, scale_lr: 0.46417358101811368, EAO: 0.291
Trial 1738 finished with value: 0.290886691108288 and parameters: {'window_influence': 0.3932377876377295, 'penalty_k': 0.3246140061183714, 'scale_lr': 0.4641735810181137}. Best is trial 1270 with value: 0.3623636909959845.
checkpoint_e22 window_influence: 0.12438239546066640, penalty_k: 0.19958163617878760, scale_lr: 0.41543613487004349, EAO: 0.259
Trial 1739 finished with value: 0.2588125329305226 and parameters: {'window_influence': 0.1243823954606664, 'penalty_k': 0.1995816361787876, 'scale_lr': 0.4154361348700435}. Best is trial 1270 with value: 0.3623636909959845.
checkpoint_e22 window_influence: 0.55498230475135468, penalty_k: 0.14685423976366543, scale_lr: 0.54203301655142955, EAO: 0.278
Trial 1740 finished with value: 0.2777036925350182 and parameters: {'window_influence': 0.5549823047513547, 'penalty_k': 0.14685423976366543, 'scale_lr': 0.5420330165514295}. Best is trial 1270 with value: 0.3623636909959845.
checkpoint_e22 window_influence: 0.24032609662234117, penalty_k: 0.33617676206005104, scale_lr: 0.37372034146058219, EAO: 0.269
Trial 1741 finished with value: 0.26921888020483903 and parameters: {'window_influence': 0.24032609662234117, 'penalty_k': 0.33617676206005104, 'scale_lr': 0.3737203414605822}. Best is trial 1270 with value: 0.3623636909959845.
checkpoint_e22 window_influence: 0.46534549897786975, penalty_k: 0.04526551183564211, scale_lr: 0.31503740692636012, EAO: 0.334
Trial 1742 finished with value: 0.3343940431737714 and parameters: {'window_influence': 0.46534549897786975, 'penalty_k': 0.04526551183564211, 'scale_lr': 0.3150374069263601}. Best is trial 1270 with value: 0.3623636909959845.
checkpoint_e22 window_influence: 0.19875885578708549, penalty_k: 0.37160572388841367, scale_lr: 0.60102674592258365, EAO: 0.268
Trial 1743 finished with value: 0.2675109197773358 and parameters: {'window_influence': 0.1987588557870855, 'penalty_k': 0.3716057238884137, 'scale_lr': 0.6010267459225836}. Best is trial 1270 with value: 0.3623636909959845.
checkpoint_e22 window_influence: 0.47584842052510623, penalty_k: 0.09401632873461738, scale_lr: 0.43907254526694517, EAO: 0.326
Trial 1744 finished with value: 0.3263944033750764 and parameters: {'window_influence': 0.47584842052510623, 'penalty_k': 0.09401632873461738, 'scale_lr': 0.43907254526694517}. Best is trial 1270 with value: 0.3623636909959845.
checkpoint_e22 window_influence: 0.08286594722898277, penalty_k: 0.01139293981316331, scale_lr: 0.24723104703826210, EAO: 0.258
Trial 1745 finished with value: 0.25765023209473503 and parameters: {'window_influence': 0.08286594722898277, 'penalty_k': 0.011392939813163307, 'scale_lr': 0.2472310470382621}. Best is trial 1270 with value: 0.3623636909959845.
checkpoint_e22 window_influence: 0.43461304878982709, penalty_k: 0.10726966595363729, scale_lr: 0.79949788235559904, EAO: 0.323
Trial 1746 finished with value: 0.3230091317734366 and parameters: {'window_influence': 0.4346130487898271, 'penalty_k': 0.1072696659536373, 'scale_lr': 0.799497882355599}. Best is trial 1270 with value: 0.3623636909959845.
checkpoint_e22 window_influence: 0.27848005886328986, penalty_k: 0.26628633242547745, scale_lr: 0.61924508443092263, EAO: 0.274
Trial 1747 finished with value: 0.2740220226898268 and parameters: {'window_influence': 0.27848005886328986, 'penalty_k': 0.26628633242547745, 'scale_lr': 0.6192450844309226}. Best is trial 1270 with value: 0.3623636909959845.
checkpoint_e22 window_influence: 0.14059725918932156, penalty_k: 0.08435953367253557, scale_lr: 0.48394180354747823, EAO: 0.269
Trial 1748 finished with value: 0.26900562765765285 and parameters: {'window_influence': 0.14059725918932156, 'penalty_k': 0.08435953367253557, 'scale_lr': 0.48394180354747823}. Best is trial 1270 with value: 0.3623636909959845.
checkpoint_e22 window_influence: 0.45349730525375986, penalty_k: 0.02612133355263820, scale_lr: 0.52528780315112755, EAO: 0.334
Trial 1749 finished with value: 0.33417702069078437 and parameters: {'window_influence': 0.45349730525375986, 'penalty_k': 0.0261213335526382, 'scale_lr': 0.5252878031511276}. Best is trial 1270 with value: 0.3623636909959845.
checkpoint_e22 window_influence: 0.49023287494916434, penalty_k: 0.46570740950273676, scale_lr: 0.28719363827228850, EAO: 0.298
Trial 1750 finished with value: 0.29811718549709837 and parameters: {'window_influence': 0.49023287494916434, 'penalty_k': 0.46570740950273676, 'scale_lr': 0.2871936382722885}. Best is trial 1270 with value: 0.3623636909959845.
checkpoint_e22 window_influence: 0.51174793168548849, penalty_k: 0.18934882397179886, scale_lr: 0.40088997288737188, EAO: 0.301
Trial 1751 finished with value: 0.300946927777988 and parameters: {'window_influence': 0.5117479316854885, 'penalty_k': 0.18934882397179886, 'scale_lr': 0.4008899728873719}. Best is trial 1270 with value: 0.3623636909959845.
checkpoint_e22 window_influence: 0.13595875882639827, penalty_k: 0.13436592964614330, scale_lr: 0.57253624125774993, EAO: 0.258
Trial 1752 finished with value: 0.2583971574380704 and parameters: {'window_influence': 0.13595875882639827, 'penalty_k': 0.1343659296461433, 'scale_lr': 0.5725362412577499}. Best is trial 1270 with value: 0.3623636909959845.
checkpoint_e22 window_influence: 0.46815584796615789, penalty_k: 0.07484933421286431, scale_lr: 0.33220840514989353, EAO: 0.315
Trial 1753 finished with value: 0.3152991036380775 and parameters: {'window_influence': 0.4681558479661579, 'penalty_k': 0.07484933421286431, 'scale_lr': 0.3322084051498935}. Best is trial 1270 with value: 0.3623636909959845.
checkpoint_e22 window_influence: 0.48190916640249498, penalty_k: 0.11170722883004855, scale_lr: 0.45428290946595129, EAO: 0.321
Trial 1754 finished with value: 0.3205607382124036 and parameters: {'window_influence': 0.481909166402495, 'penalty_k': 0.11170722883004855, 'scale_lr': 0.4542829094659513}. Best is trial 1270 with value: 0.3623636909959845.
checkpoint_e22 window_influence: 0.28265149924015109, penalty_k: 0.01053473335033376, scale_lr: 0.26477726168791804, EAO: 0.286
Trial 1755 finished with value: 0.28550325276090943 and parameters: {'window_influence': 0.2826514992401511, 'penalty_k': 0.010534733350333756, 'scale_lr': 0.26477726168791804}. Best is trial 1270 with value: 0.3623636909959845.
checkpoint_e22 window_influence: 0.59024440491445163, penalty_k: 0.35097232009629675, scale_lr: 0.66153539618656787, EAO: 0.251
Trial 1756 finished with value: 0.2512543101139106 and parameters: {'window_influence': 0.5902444049144516, 'penalty_k': 0.35097232009629675, 'scale_lr': 0.6615353961865679}. Best is trial 1270 with value: 0.3623636909959845.
checkpoint_e22 window_influence: 0.42090814246297875, penalty_k: 0.16739371517285187, scale_lr: 0.34955705209905413, EAO: 0.321
Trial 1757 finished with value: 0.3212936885278049 and parameters: {'window_influence': 0.42090814246297875, 'penalty_k': 0.16739371517285187, 'scale_lr': 0.34955705209905413}. Best is trial 1270 with value: 0.3623636909959845.
checkpoint_e22 window_influence: 0.54441948303418197, penalty_k: 0.22877912113434290, scale_lr: 0.38572373038252411, EAO: 0.275
Trial 1758 finished with value: 0.2748701782310055 and parameters: {'window_influence': 0.544419483034182, 'penalty_k': 0.2287791211343429, 'scale_lr': 0.3857237303825241}. Best is trial 1270 with value: 0.3623636909959845.
checkpoint_e22 window_influence: 0.49771742658062562, penalty_k: 0.24071015547397451, scale_lr: 0.64615351722660808, EAO: 0.305
Trial 1759 finished with value: 0.3046112411332965 and parameters: {'window_influence': 0.4977174265806256, 'penalty_k': 0.2407101554739745, 'scale_lr': 0.6461535172266081}. Best is trial 1270 with value: 0.3623636909959845.
checkpoint_e22 window_influence: 0.45126970904305835, penalty_k: 0.27805007464444403, scale_lr: 0.69713017944309641, EAO: 0.305
Trial 1760 finished with value: 0.3051633433609157 and parameters: {'window_influence': 0.45126970904305835, 'penalty_k': 0.27805007464444403, 'scale_lr': 0.6971301794430964}. Best is trial 1270 with value: 0.3623636909959845.
checkpoint_e22 window_influence: 0.37553637081330676, penalty_k: 0.29931870637344871, scale_lr: 0.30398045097015342, EAO: 0.284
Trial 1761 finished with value: 0.2843095612085283 and parameters: {'window_influence': 0.37553637081330676, 'penalty_k': 0.2993187063734487, 'scale_lr': 0.3039804509701534}. Best is trial 1270 with value: 0.3623636909959845.
checkpoint_e22 window_influence: 0.32134845665433986, penalty_k: 0.09256143122146954, scale_lr: 0.74173702450509071, EAO: 0.305
Trial 1762 finished with value: 0.3047884950841911 and parameters: {'window_influence': 0.32134845665433986, 'penalty_k': 0.09256143122146954, 'scale_lr': 0.7417370245050907}. Best is trial 1270 with value: 0.3623636909959845.
checkpoint_e22 window_influence: 0.29247650043080031, penalty_k: 0.04212502748264534, scale_lr: 0.17436558047975836, EAO: 0.293
Trial 1763 finished with value: 0.2932375832986275 and parameters: {'window_influence': 0.2924765004308003, 'penalty_k': 0.042125027482645336, 'scale_lr': 0.17436558047975836}. Best is trial 1270 with value: 0.3623636909959845.
checkpoint_e22 window_influence: 0.19477278509014073, penalty_k: 0.41951461461897743, scale_lr: 0.36748731477126317, EAO: 0.266
Trial 1764 finished with value: 0.2664010191937829 and parameters: {'window_influence': 0.19477278509014073, 'penalty_k': 0.41951461461897743, 'scale_lr': 0.3674873147712632}. Best is trial 1270 with value: 0.3623636909959845.
checkpoint_e22 window_influence: 0.46222636480954915, penalty_k: 0.50711251763637155, scale_lr: 0.47367356873816252, EAO: 0.302
Trial 1765 finished with value: 0.30167523432334575 and parameters: {'window_influence': 0.46222636480954915, 'penalty_k': 0.5071125176363716, 'scale_lr': 0.4736735687381625}. Best is trial 1270 with value: 0.3623636909959845.
checkpoint_e22 window_influence: 0.47562275842901924, penalty_k: 0.12460893532262421, scale_lr: 0.72055072090539452, EAO: 0.318
Trial 1766 finished with value: 0.3181116381507903 and parameters: {'window_influence': 0.47562275842901924, 'penalty_k': 0.12460893532262421, 'scale_lr': 0.7205507209053945}. Best is trial 1270 with value: 0.3623636909959845.
checkpoint_e22 window_influence: 0.52464747177975013, penalty_k: 0.10060448718394496, scale_lr: 0.32792874249484899, EAO: 0.304
Trial 1767 finished with value: 0.30359559741001646 and parameters: {'window_influence': 0.5246474717797501, 'penalty_k': 0.10060448718394496, 'scale_lr': 0.327928742494849}. Best is trial 1270 with value: 0.3623636909959845.
checkpoint_e22 window_influence: 0.48998533051623344, penalty_k: 0.05777926953617020, scale_lr: 0.50034621677570557, EAO: 0.341
Trial 1768 finished with value: 0.34147334643838934 and parameters: {'window_influence': 0.48998533051623344, 'penalty_k': 0.0577792695361702, 'scale_lr': 0.5003462167757056}. Best is trial 1270 with value: 0.3623636909959845.
checkpoint_e22 window_influence: 0.43960501030922677, penalty_k: 0.02742626965322908, scale_lr: 0.51841468009481040, EAO: 0.320
Trial 1769 finished with value: 0.3195021191343723 and parameters: {'window_influence': 0.4396050103092268, 'penalty_k': 0.02742626965322908, 'scale_lr': 0.5184146800948104}. Best is trial 1270 with value: 0.3623636909959845.
checkpoint_e22 window_influence: 0.51458599366757685, penalty_k: 0.29707536448942473, scale_lr: 0.59384061756183770, EAO: 0.300
Trial 1770 finished with value: 0.3000525043052458 and parameters: {'window_influence': 0.5145859936675768, 'penalty_k': 0.29707536448942473, 'scale_lr': 0.5938406175618377}. Best is trial 1270 with value: 0.3623636909959845.
checkpoint_e22 window_influence: 0.45789423553622249, penalty_k: 0.07746033056852424, scale_lr: 0.27772818584187298, EAO: 0.327
Trial 1771 finished with value: 0.3270078100814894 and parameters: {'window_influence': 0.4578942355362225, 'penalty_k': 0.07746033056852424, 'scale_lr': 0.277728185841873}. Best is trial 1270 with value: 0.3623636909959845.
checkpoint_e22 window_influence: 0.39393659438108980, penalty_k: 0.31526970306237473, scale_lr: 0.34280473048248306, EAO: 0.307
Trial 1772 finished with value: 0.3066311537755603 and parameters: {'window_influence': 0.3939365943810898, 'penalty_k': 0.31526970306237473, 'scale_lr': 0.34280473048248306}. Best is trial 1270 with value: 0.3623636909959845.
checkpoint_e22 window_influence: 0.34389169856400664, penalty_k: 0.11666076087961715, scale_lr: 0.55206520763476274, EAO: 0.308
Trial 1773 finished with value: 0.3082742369244535 and parameters: {'window_influence': 0.34389169856400664, 'penalty_k': 0.11666076087961715, 'scale_lr': 0.5520652076347627}. Best is trial 1270 with value: 0.3623636909959845.
checkpoint_e22 window_influence: 0.50371519600648906, penalty_k: 0.13961146227471230, scale_lr: 0.46070089522230256, EAO: 0.318
Trial 1774 finished with value: 0.318012877139136 and parameters: {'window_influence': 0.5037151960064891, 'penalty_k': 0.1396114622747123, 'scale_lr': 0.46070089522230256}. Best is trial 1270 with value: 0.3623636909959845.
checkpoint_e22 window_influence: 0.09880151375996704, penalty_k: 0.21259028034205607, scale_lr: 0.19759230573094400, EAO: 0.256
Trial 1775 finished with value: 0.25551200713165073 and parameters: {'window_influence': 0.09880151375996704, 'penalty_k': 0.21259028034205607, 'scale_lr': 0.197592305730944}. Best is trial 1270 with value: 0.3623636909959845.
checkpoint_e22 window_influence: 0.47158559231702218, penalty_k: 0.00977327772603611, scale_lr: 0.31540778353152599, EAO: 0.325
Trial 1776 finished with value: 0.3246757388694741 and parameters: {'window_influence': 0.4715855923170222, 'penalty_k': 0.009773277726036114, 'scale_lr': 0.315407783531526}. Best is trial 1270 with value: 0.3623636909959845.
checkpoint_e22 window_influence: 0.48589033945520049, penalty_k: 0.02350903339124672, scale_lr: 0.61171471417867473, EAO: 0.316
Trial 1777 finished with value: 0.316192325509012 and parameters: {'window_influence': 0.4858903394552005, 'penalty_k': 0.023509033391246725, 'scale_lr': 0.6117147141786747}. Best is trial 1270 with value: 0.3623636909959845.
checkpoint_e22 window_influence: 0.43304695623663819, penalty_k: 0.00037322840009140, scale_lr: 0.64008681836753767, EAO: 0.329
Trial 1778 finished with value: 0.3285403472556214 and parameters: {'window_influence': 0.4330469562366382, 'penalty_k': 0.00037322840009140095, 'scale_lr': 0.6400868183675377}. Best is trial 1270 with value: 0.3623636909959845.
checkpoint_e22 window_influence: 0.40858126204987144, penalty_k: 0.15038571111994278, scale_lr: 0.29163141335508258, EAO: 0.324
Trial 1779 finished with value: 0.32420914936158446 and parameters: {'window_influence': 0.40858126204987144, 'penalty_k': 0.15038571111994278, 'scale_lr': 0.2916314133550826}. Best is trial 1270 with value: 0.3623636909959845.
checkpoint_e22 window_influence: 0.35716614344799491, penalty_k: 0.08973707811807111, scale_lr: 0.43147907305090538, EAO: 0.317
Trial 1780 finished with value: 0.31654882077345126 and parameters: {'window_influence': 0.3571661434479949, 'penalty_k': 0.0897370781180711, 'scale_lr': 0.4314790730509054}. Best is trial 1270 with value: 0.3623636909959845.
checkpoint_e22 window_influence: 0.45121916229872489, penalty_k: 0.10621786882388656, scale_lr: 0.67943420009978750, EAO: 0.315
Trial 1781 finished with value: 0.3147665822320411 and parameters: {'window_influence': 0.4512191622987249, 'penalty_k': 0.10621786882388656, 'scale_lr': 0.6794342000997875}. Best is trial 1270 with value: 0.3623636909959845.
checkpoint_e22 window_influence: 0.49701662333893137, penalty_k: 0.25137756096371355, scale_lr: 0.35813489908852708, EAO: 0.311
Trial 1782 finished with value: 0.3107628415878645 and parameters: {'window_influence': 0.4970166233389314, 'penalty_k': 0.25137756096371355, 'scale_lr': 0.3581348990885271}. Best is trial 1270 with value: 0.3623636909959845.
checkpoint_e22 window_influence: 0.05457118125876803, penalty_k: 0.37641884949005822, scale_lr: 0.49339518528318899, EAO: 0.215
Trial 1783 finished with value: 0.21491285752693504 and parameters: {'window_influence': 0.05457118125876803, 'penalty_k': 0.3764188494900582, 'scale_lr': 0.493395185283189}. Best is trial 1270 with value: 0.3623636909959845.
checkpoint_e22 window_influence: 0.47851548171236807, penalty_k: 0.06898454050144719, scale_lr: 0.62475401681140419, EAO: 0.328
Trial 1784 finished with value: 0.32771048262889285 and parameters: {'window_influence': 0.4785154817123681, 'penalty_k': 0.06898454050144719, 'scale_lr': 0.6247540168114042}. Best is trial 1270 with value: 0.3623636909959845.
checkpoint_e22 window_influence: 0.61453671402680521, penalty_k: 0.12757033001976481, scale_lr: 0.37876763283597503, EAO: 0.249
Trial 1785 finished with value: 0.24897477993241543 and parameters: {'window_influence': 0.6145367140268052, 'penalty_k': 0.1275703300197648, 'scale_lr': 0.37876763283597503}. Best is trial 1270 with value: 0.3623636909959845.
checkpoint_e22 window_influence: 0.46611599879698423, penalty_k: 0.52886869301001094, scale_lr: 0.70992271522984496, EAO: 0.314
Trial 1786 finished with value: 0.3139481978193795 and parameters: {'window_influence': 0.46611599879698423, 'penalty_k': 0.5288686930100109, 'scale_lr': 0.709922715229845}. Best is trial 1270 with value: 0.3623636909959845.
checkpoint_e22 window_influence: 0.50777716466234446, penalty_k: 0.04122327110778923, scale_lr: 0.57802751336440528, EAO: 0.331
Trial 1787 finished with value: 0.33108064166998585 and parameters: {'window_influence': 0.5077771646623445, 'penalty_k': 0.041223271107789235, 'scale_lr': 0.5780275133644053}. Best is trial 1270 with value: 0.3623636909959845.
checkpoint_e22 window_influence: 0.07879143305875019, penalty_k: 0.05747413683230619, scale_lr: 0.32501208552323807, EAO: 0.259
Trial 1788 finished with value: 0.2592685895787139 and parameters: {'window_influence': 0.0787914330587502, 'penalty_k': 0.05747413683230619, 'scale_lr': 0.32501208552323807}. Best is trial 1270 with value: 0.3623636909959845.
checkpoint_e22 window_influence: 0.48359477765026199, penalty_k: 0.55761486084262790, scale_lr: 0.19871297957809703, EAO: 0.279
Trial 1789 finished with value: 0.27853193107977914 and parameters: {'window_influence': 0.483594777650262, 'penalty_k': 0.5576148608426279, 'scale_lr': 0.19871297957809703}. Best is trial 1270 with value: 0.3623636909959845.
checkpoint_e22 window_influence: 0.53514610144509422, penalty_k: 0.01880526593024011, scale_lr: 0.75845427904687068, EAO: 0.303
Trial 1790 finished with value: 0.30310524263734484 and parameters: {'window_influence': 0.5351461014450942, 'penalty_k': 0.018805265930240112, 'scale_lr': 0.7584542790468707}. Best is trial 1270 with value: 0.3623636909959845.
checkpoint_e22 window_influence: 0.59713439964858406, penalty_k: 0.10028580359369721, scale_lr: 0.40681220190905421, EAO: 0.264
