Trial 124 finished with value: 0.3356132513122336 and parameters: {'window_influence': 0.4810781305973456, 'penalty_k': 0.12594889775126003, 'scale_lr': 0.5720083307794692}. Best is trial 92 with value: 0.3528415023816699.
checkpoint_e32 window_influence: 0.46291629463017259, penalty_k: 0.09645841520736688, scale_lr: 0.56469284467423420, EAO: 0.327
Trial 125 finished with value: 0.3265904129595144 and parameters: {'window_influence': 0.4629162946301726, 'penalty_k': 0.09645841520736688, 'scale_lr': 0.5646928446742342}. Best is trial 92 with value: 0.3528415023816699.
checkpoint_e32 window_influence: 0.43055958840016195, penalty_k: 0.15236136874729617, scale_lr: 0.60590861765705517, EAO: 0.323
Trial 126 finished with value: 0.3232936391802613 and parameters: {'window_influence': 0.43055958840016195, 'penalty_k': 0.15236136874729617, 'scale_lr': 0.6059086176570552}. Best is trial 92 with value: 0.3528415023816699.
checkpoint_e32 window_influence: 0.38855967435363892, penalty_k: 0.11228863101959047, scale_lr: 0.58937031785905369, EAO: 0.340
Trial 127 finished with value: 0.3402550395592641 and parameters: {'window_influence': 0.3885596743536389, 'penalty_k': 0.11228863101959047, 'scale_lr': 0.5893703178590537}. Best is trial 92 with value: 0.3528415023816699.
checkpoint_e32 window_influence: 0.38738435324737208, penalty_k: 0.11186958053209244, scale_lr: 0.55267838617178322, EAO: 0.315
Trial 128 finished with value: 0.31478091036531247 and parameters: {'window_influence': 0.3873843532473721, 'penalty_k': 0.11186958053209244, 'scale_lr': 0.5526783861717832}. Best is trial 92 with value: 0.3528415023816699.
checkpoint_e32 window_influence: 0.40117460741151628, penalty_k: 0.06101909279767191, scale_lr: 0.61254095857633062, EAO: 0.305
Trial 129 finished with value: 0.3049989498079055 and parameters: {'window_influence': 0.4011746074115163, 'penalty_k': 0.06101909279767191, 'scale_lr': 0.6125409585763306}. Best is trial 92 with value: 0.3528415023816699.
checkpoint_e32 window_influence: 0.50245166912910455, penalty_k: 0.13308237419599636, scale_lr: 0.59100671204171762, EAO: 0.305
Trial 130 finished with value: 0.30548227575502507 and parameters: {'window_influence': 0.5024516691291046, 'penalty_k': 0.13308237419599636, 'scale_lr': 0.5910067120417176}. Best is trial 92 with value: 0.3528415023816699.
checkpoint_e32 window_influence: 0.44040167170028049, penalty_k: 0.08218783834452831, scale_lr: 0.58217718546762576, EAO: 0.314
Trial 131 finished with value: 0.31402589572078987 and parameters: {'window_influence': 0.4404016717002805, 'penalty_k': 0.08218783834452831, 'scale_lr': 0.5821771854676258}. Best is trial 92 with value: 0.3528415023816699.
checkpoint_e32 window_influence: 0.41352840680824443, penalty_k: 0.09665783160405235, scale_lr: 0.55003227197416327, EAO: 0.318
Trial 132 finished with value: 0.31755263314868687 and parameters: {'window_influence': 0.41352840680824443, 'penalty_k': 0.09665783160405235, 'scale_lr': 0.5500322719741633}. Best is trial 92 with value: 0.3528415023816699.
checkpoint_e32 window_influence: 0.45707057668240486, penalty_k: 0.06902991977343878, scale_lr: 0.59864271548649339, EAO: 0.328
Trial 133 finished with value: 0.3280489801316874 and parameters: {'window_influence': 0.45707057668240486, 'penalty_k': 0.06902991977343878, 'scale_lr': 0.5986427154864934}. Best is trial 92 with value: 0.3528415023816699.
checkpoint_e32 window_influence: 0.43020550959356330, penalty_k: 0.11458588279748097, scale_lr: 0.56391761630639081, EAO: 0.325
Trial 134 finished with value: 0.3250265628215404 and parameters: {'window_influence': 0.4302055095935633, 'penalty_k': 0.11458588279748097, 'scale_lr': 0.5639176163063908}. Best is trial 92 with value: 0.3528415023816699.
checkpoint_e32 window_influence: 0.39437031627542601, penalty_k: 0.08903278030899221, scale_lr: 0.62985033146644542, EAO: 0.341
Trial 135 finished with value: 0.3412231169785971 and parameters: {'window_influence': 0.394370316275426, 'penalty_k': 0.08903278030899221, 'scale_lr': 0.6298503314664454}. Best is trial 92 with value: 0.3528415023816699.
checkpoint_e32 window_influence: 0.36051563272758402, penalty_k: 0.08077322159304423, scale_lr: 0.62863655686808906, EAO: 0.334
Trial 136 finished with value: 0.33365183813562654 and parameters: {'window_influence': 0.360515632727584, 'penalty_k': 0.08077322159304423, 'scale_lr': 0.6286365568680891}. Best is trial 92 with value: 0.3528415023816699.
checkpoint_e32 window_influence: 0.39239084159006654, penalty_k: 0.14045367073416498, scale_lr: 0.64860239765498118, EAO: 0.323
Trial 137 finished with value: 0.3226397148250142 and parameters: {'window_influence': 0.39239084159006654, 'penalty_k': 0.14045367073416498, 'scale_lr': 0.6486023976549812}. Best is trial 92 with value: 0.3528415023816699.
checkpoint_e32 window_influence: 0.40546982233355311, penalty_k: 0.10793186149178474, scale_lr: 0.66280776519174989, EAO: 0.323
Trial 138 finished with value: 0.3225104910274424 and parameters: {'window_influence': 0.4054698223335531, 'penalty_k': 0.10793186149178474, 'scale_lr': 0.6628077651917499}. Best is trial 92 with value: 0.3528415023816699.
checkpoint_e32 window_influence: 0.37724270833158602, penalty_k: 0.06702160764324019, scale_lr: 0.63435697686586168, EAO: 0.320
Trial 139 finished with value: 0.32041696230029315 and parameters: {'window_influence': 0.377242708331586, 'penalty_k': 0.0670216076432402, 'scale_lr': 0.6343569768658617}. Best is trial 92 with value: 0.3528415023816699.
checkpoint_e32 window_influence: 0.39000550601009604, penalty_k: 0.12933070582189318, scale_lr: 0.60859224567903714, EAO: 0.309
Trial 140 finished with value: 0.308831835941118 and parameters: {'window_influence': 0.39000550601009604, 'penalty_k': 0.12933070582189318, 'scale_lr': 0.6085922456790371}. Best is trial 92 with value: 0.3528415023816699.
checkpoint_e32 window_influence: 0.41757271846424299, penalty_k: 0.09039340475446334, scale_lr: 0.57997569477092781, EAO: 0.315
Trial 141 finished with value: 0.3153952076045456 and parameters: {'window_influence': 0.417572718464243, 'penalty_k': 0.09039340475446334, 'scale_lr': 0.5799756947709278}. Best is trial 92 with value: 0.3528415023816699.
checkpoint_e32 window_influence: 0.44903783337022007, penalty_k: 0.10034883433229455, scale_lr: 0.62118229277118786, EAO: 0.325
Trial 142 finished with value: 0.3247040529311399 and parameters: {'window_influence': 0.4490378333702201, 'penalty_k': 0.10034883433229455, 'scale_lr': 0.6211822927711879}. Best is trial 92 with value: 0.3528415023816699.
checkpoint_e32 window_influence: 0.43462236753047467, penalty_k: 0.07856267472530452, scale_lr: 0.54184051764585928, EAO: 0.324
Trial 143 finished with value: 0.32444303920528766 and parameters: {'window_influence': 0.4346223675304747, 'penalty_k': 0.07856267472530452, 'scale_lr': 0.5418405176458593}. Best is trial 92 with value: 0.3528415023816699.
checkpoint_e32 window_influence: 0.51866575229030853, penalty_k: 0.05609314692730122, scale_lr: 0.59024981637666518, EAO: 0.317
Trial 144 finished with value: 0.3171911984682083 and parameters: {'window_influence': 0.5186657522903085, 'penalty_k': 0.05609314692730122, 'scale_lr': 0.5902498163766652}. Best is trial 92 with value: 0.3528415023816699.
checkpoint_e32 window_influence: 0.47616481884049555, penalty_k: 0.11739124898523992, scale_lr: 0.52081987329727630, EAO: 0.323
Trial 145 finished with value: 0.32322895300759413 and parameters: {'window_influence': 0.47616481884049555, 'penalty_k': 0.11739124898523992, 'scale_lr': 0.5208198732972763}. Best is trial 92 with value: 0.3528415023816699.
checkpoint_e32 window_influence: 0.41040242979016361, penalty_k: 0.08922230713973545, scale_lr: 0.56686865648431062, EAO: 0.348
Trial 146 finished with value: 0.3481775732123898 and parameters: {'window_influence': 0.4104024297901636, 'penalty_k': 0.08922230713973545, 'scale_lr': 0.5668686564843106}. Best is trial 92 with value: 0.3528415023816699.
checkpoint_e32 window_influence: 0.40552572394839037, penalty_k: 0.06451887967893097, scale_lr: 0.57609612729057480, EAO: 0.318
Trial 147 finished with value: 0.3176084678576614 and parameters: {'window_influence': 0.40552572394839037, 'penalty_k': 0.06451887967893097, 'scale_lr': 0.5760961272905748}. Best is trial 92 with value: 0.3528415023816699.
checkpoint_e32 window_influence: 0.37918933880420314, penalty_k: 0.08346449114929766, scale_lr: 0.56001563579660818, EAO: 0.330
Trial 148 finished with value: 0.33027817007400645 and parameters: {'window_influence': 0.37918933880420314, 'penalty_k': 0.08346449114929766, 'scale_lr': 0.5600156357966082}. Best is trial 92 with value: 0.3528415023816699.
checkpoint_e32 window_influence: 0.42286810945741732, penalty_k: 0.16808193613221553, scale_lr: 0.59988026183027099, EAO: 0.338
Trial 149 finished with value: 0.33763120146576997 and parameters: {'window_influence': 0.4228681094574173, 'penalty_k': 0.16808193613221553, 'scale_lr': 0.599880261830271}. Best is trial 92 with value: 0.3528415023816699.
checkpoint_e32 window_influence: 0.42524725567149574, penalty_k: 0.15303647816333021, scale_lr: 0.61935839901398893, EAO: 0.334
Trial 150 finished with value: 0.3341665007029062 and parameters: {'window_influence': 0.42524725567149574, 'penalty_k': 0.15303647816333021, 'scale_lr': 0.6193583990139889}. Best is trial 92 with value: 0.3528415023816699.
checkpoint_e32 window_influence: 0.41622174217074520, penalty_k: 0.17887194662457973, scale_lr: 0.59784078635402860, EAO: 0.322
Trial 151 finished with value: 0.3219907577167689 and parameters: {'window_influence': 0.4162217421707452, 'penalty_k': 0.17887194662457973, 'scale_lr': 0.5978407863540286}. Best is trial 92 with value: 0.3528415023816699.
checkpoint_e32 window_influence: 0.39771410468172735, penalty_k: 0.10741736696351742, scale_lr: 0.60977324859340198, EAO: 0.322
Trial 152 finished with value: 0.32165611062764193 and parameters: {'window_influence': 0.39771410468172735, 'penalty_k': 0.10741736696351742, 'scale_lr': 0.609773248593402}. Best is trial 92 with value: 0.3528415023816699.
checkpoint_e32 window_influence: 0.44862607504341978, penalty_k: 0.12582178374315503, scale_lr: 0.63471343534825442, EAO: 0.325
Trial 153 finished with value: 0.32507455801221646 and parameters: {'window_influence': 0.4486260750434198, 'penalty_k': 0.12582178374315503, 'scale_lr': 0.6347134353482544}. Best is trial 92 with value: 0.3528415023816699.
checkpoint_e32 window_influence: 0.41347888807552019, penalty_k: 0.08303938413855767, scale_lr: 0.57902926786342912, EAO: 0.332
Trial 154 finished with value: 0.3323743455836745 and parameters: {'window_influence': 0.4134788880755202, 'penalty_k': 0.08303938413855767, 'scale_lr': 0.5790292678634291}. Best is trial 92 with value: 0.3528415023816699.
checkpoint_e32 window_influence: 0.37249051918400400, penalty_k: 0.07261919052302002, scale_lr: 0.41496476861054155, EAO: 0.315
Trial 155 finished with value: 0.3154406695978187 and parameters: {'window_influence': 0.372490519184004, 'penalty_k': 0.07261919052302002, 'scale_lr': 0.41496476861054155}. Best is trial 92 with value: 0.3528415023816699.
checkpoint_e32 window_influence: 0.39292063500263252, penalty_k: 0.09694415811936326, scale_lr: 0.56549353107299927, EAO: 0.309
Trial 156 finished with value: 0.3094104886170955 and parameters: {'window_influence': 0.3929206350026325, 'penalty_k': 0.09694415811936326, 'scale_lr': 0.5654935310729993}. Best is trial 92 with value: 0.3528415023816699.
checkpoint_e32 window_influence: 0.36165292627304774, penalty_k: 0.03911633843353975, scale_lr: 0.53650064913460260, EAO: 0.317
Trial 157 finished with value: 0.316801301062339 and parameters: {'window_influence': 0.36165292627304774, 'penalty_k': 0.039116338433539746, 'scale_lr': 0.5365006491346026}. Best is trial 92 with value: 0.3528415023816699.
checkpoint_e32 window_influence: 0.47019265740966365, penalty_k: 0.06270215543356827, scale_lr: 0.59407385249915801, EAO: 0.325
Trial 158 finished with value: 0.32525349254738034 and parameters: {'window_influence': 0.47019265740966365, 'penalty_k': 0.06270215543356827, 'scale_lr': 0.594073852499158}. Best is trial 92 with value: 0.3528415023816699.
checkpoint_e32 window_influence: 0.49169662176597934, penalty_k: 0.02740955335425681, scale_lr: 0.54644650347794410, EAO: 0.312
Trial 159 finished with value: 0.3118732281116196 and parameters: {'window_influence': 0.49169662176597934, 'penalty_k': 0.027409553354256808, 'scale_lr': 0.5464465034779441}. Best is trial 92 with value: 0.3528415023816699.
checkpoint_e32 window_influence: 0.42993330055905010, penalty_k: 0.05503680170987783, scale_lr: 0.61115209107107837, EAO: 0.314
Trial 160 finished with value: 0.3138139219483513 and parameters: {'window_influence': 0.4299333005590501, 'penalty_k': 0.05503680170987783, 'scale_lr': 0.6111520910710784}. Best is trial 92 with value: 0.3528415023816699.
checkpoint_e32 window_influence: 0.43711533335120661, penalty_k: 0.09395824756056172, scale_lr: 0.50819304001888921, EAO: 0.313
Trial 161 finished with value: 0.3131913543907121 and parameters: {'window_influence': 0.4371153333512066, 'penalty_k': 0.09395824756056172, 'scale_lr': 0.5081930400188892}. Best is trial 92 with value: 0.3528415023816699.
checkpoint_e32 window_influence: 0.45644383178004372, penalty_k: 0.11887265078765608, scale_lr: 0.53369132006945330, EAO: 0.324
Trial 162 finished with value: 0.323844422858049 and parameters: {'window_influence': 0.4564438317800437, 'penalty_k': 0.11887265078765608, 'scale_lr': 0.5336913200694533}. Best is trial 92 with value: 0.3528415023816699.
checkpoint_e32 window_influence: 0.40488162328676935, penalty_k: 0.10598770741355407, scale_lr: 0.55480237210116023, EAO: 0.317
Trial 163 finished with value: 0.3165344797103785 and parameters: {'window_influence': 0.40488162328676935, 'penalty_k': 0.10598770741355407, 'scale_lr': 0.5548023721011602}. Best is trial 92 with value: 0.3528415023816699.
checkpoint_e32 window_influence: 0.42447410620404075, penalty_k: 0.07841679490389367, scale_lr: 0.47669874961159187, EAO: 0.319
Trial 164 finished with value: 0.31894925526607826 and parameters: {'window_influence': 0.42447410620404075, 'penalty_k': 0.07841679490389367, 'scale_lr': 0.47669874961159187}. Best is trial 92 with value: 0.3528415023816699.
checkpoint_e32 window_influence: 0.43915153195542339, penalty_k: 0.09152722083533174, scale_lr: 0.58236776430247006, EAO: 0.317
Trial 165 finished with value: 0.3171770108233166 and parameters: {'window_influence': 0.4391515319554234, 'penalty_k': 0.09152722083533174, 'scale_lr': 0.5823677643024701}. Best is trial 92 with value: 0.3528415023816699.
checkpoint_e32 window_influence: 0.38530734944000988, penalty_k: 0.14202664671721502, scale_lr: 0.64072370236933096, EAO: 0.313
Trial 166 finished with value: 0.31316508126629927 and parameters: {'window_influence': 0.3853073494400099, 'penalty_k': 0.14202664671721502, 'scale_lr': 0.640723702369331}. Best is trial 92 with value: 0.3528415023816699.
checkpoint_e32 window_influence: 0.41750247556665293, penalty_k: 0.07170094940689251, scale_lr: 0.52699092218852617, EAO: 0.328
Trial 167 finished with value: 0.32757173716326166 and parameters: {'window_influence': 0.41750247556665293, 'penalty_k': 0.0717009494068925, 'scale_lr': 0.5269909221885262}. Best is trial 92 with value: 0.3528415023816699.
checkpoint_e32 window_influence: 0.45194662811164260, penalty_k: 0.10381956052766123, scale_lr: 0.45336007930424899, EAO: 0.329
Trial 168 finished with value: 0.32948897007838296 and parameters: {'window_influence': 0.4519466281116426, 'penalty_k': 0.10381956052766123, 'scale_lr': 0.453360079304249}. Best is trial 92 with value: 0.3528415023816699.
checkpoint_e32 window_influence: 0.46314632465649508, penalty_k: 0.09136819175327396, scale_lr: 0.56854180402306065, EAO: 0.323
Trial 169 finished with value: 0.32279481034334534 and parameters: {'window_influence': 0.4631463246564951, 'penalty_k': 0.09136819175327396, 'scale_lr': 0.5685418040230606}. Best is trial 92 with value: 0.3528415023816699.
checkpoint_e32 window_influence: 0.42850695728126303, penalty_k: 0.22761533883424639, scale_lr: 0.62053759962182797, EAO: 0.324
Trial 170 finished with value: 0.32354842584420734 and parameters: {'window_influence': 0.42850695728126303, 'penalty_k': 0.2276153388342464, 'scale_lr': 0.620537599621828}. Best is trial 92 with value: 0.3528415023816699.
checkpoint_e32 window_influence: 0.48566094692081291, penalty_k: 0.16174769117684934, scale_lr: 0.57019162669690049, EAO: 0.342
Trial 171 finished with value: 0.34209921295076956 and parameters: {'window_influence': 0.4856609469208129, 'penalty_k': 0.16174769117684934, 'scale_lr': 0.5701916266969005}. Best is trial 92 with value: 0.3528415023816699.
checkpoint_e32 window_influence: 0.48319438412183119, penalty_k: 0.16568019643077250, scale_lr: 0.55263059990296071, EAO: 0.330
Trial 172 finished with value: 0.3303384012053449 and parameters: {'window_influence': 0.4831943841218312, 'penalty_k': 0.1656801964307725, 'scale_lr': 0.5526305999029607}. Best is trial 92 with value: 0.3528415023816699.
checkpoint_e32 window_influence: 0.44127605833604150, penalty_k: 0.12635962197521211, scale_lr: 0.60000347617015737, EAO: 0.321
Trial 173 finished with value: 0.3214162641462185 and parameters: {'window_influence': 0.4412760583360415, 'penalty_k': 0.1263596219752121, 'scale_lr': 0.6000034761701574}. Best is trial 92 with value: 0.3528415023816699.
checkpoint_e32 window_influence: 0.40851142934488371, penalty_k: 0.27436776471480206, scale_lr: 0.57979383342379487, EAO: 0.324
Trial 174 finished with value: 0.3235036005421835 and parameters: {'window_influence': 0.4085114293448837, 'penalty_k': 0.27436776471480206, 'scale_lr': 0.5797938334237949}. Best is trial 92 with value: 0.3528415023816699.
checkpoint_e32 window_influence: 0.47070542013403377, penalty_k: 0.18625292049759479, scale_lr: 0.49716040327268401, EAO: 0.319
Trial 175 finished with value: 0.3190963887518946 and parameters: {'window_influence': 0.47070542013403377, 'penalty_k': 0.1862529204975948, 'scale_lr': 0.497160403272684}. Best is trial 92 with value: 0.3528415023816699.
checkpoint_e32 window_influence: 0.40067060109116653, penalty_k: 0.11446761788667745, scale_lr: 0.56497420032501477, EAO: 0.324
Trial 176 finished with value: 0.3237224545924116 and parameters: {'window_influence': 0.40067060109116653, 'penalty_k': 0.11446761788667745, 'scale_lr': 0.5649742003250148}. Best is trial 92 with value: 0.3528415023816699.
checkpoint_e32 window_influence: 0.44897720526782220, penalty_k: 0.17507832913075699, scale_lr: 0.58869539312051045, EAO: 0.338
Trial 177 finished with value: 0.3382745327188811 and parameters: {'window_influence': 0.4489772052678222, 'penalty_k': 0.175078329130757, 'scale_lr': 0.5886953931205104}. Best is trial 92 with value: 0.3528415023816699.
checkpoint_e32 window_influence: 0.50373045308813258, penalty_k: 0.17499640612678771, scale_lr: 0.59883891164501524, EAO: 0.295
Trial 178 finished with value: 0.2946632272538508 and parameters: {'window_influence': 0.5037304530881326, 'penalty_k': 0.1749964061267877, 'scale_lr': 0.5988389116450152}. Best is trial 92 with value: 0.3528415023816699.
checkpoint_e32 window_influence: 0.45167911833322327, penalty_k: 0.15475565812064104, scale_lr: 0.65918840393864220, EAO: 0.305
Trial 179 finished with value: 0.3054154561651356 and parameters: {'window_influence': 0.4516791183332233, 'penalty_k': 0.15475565812064104, 'scale_lr': 0.6591884039386422}. Best is trial 92 with value: 0.3528415023816699.
checkpoint_e32 window_influence: 0.48878188325912852, penalty_k: 0.19796554036090902, scale_lr: 0.59238043995896750, EAO: 0.300
Trial 180 finished with value: 0.3002854976440682 and parameters: {'window_influence': 0.4887818832591285, 'penalty_k': 0.19796554036090902, 'scale_lr': 0.5923804399589675}. Best is trial 92 with value: 0.3528415023816699.
checkpoint_e32 window_influence: 0.42284027854275463, penalty_k: 0.14276693544004690, scale_lr: 0.62494985435795247, EAO: 0.323
Trial 181 finished with value: 0.32311431657711354 and parameters: {'window_influence': 0.42284027854275463, 'penalty_k': 0.1427669354400469, 'scale_lr': 0.6249498543579525}. Best is trial 92 with value: 0.3528415023816699.
checkpoint_e32 window_influence: 0.46478496285484128, penalty_k: 0.15725821159853579, scale_lr: 0.58458197617706553, EAO: 0.325
Trial 182 finished with value: 0.3253001622304842 and parameters: {'window_influence': 0.4647849628548413, 'penalty_k': 0.15725821159853579, 'scale_lr': 0.5845819761770655}. Best is trial 92 with value: 0.3528415023816699.
checkpoint_e32 window_influence: 0.44234329978740639, penalty_k: 0.08706907676900159, scale_lr: 0.42919435439757642, EAO: 0.341
Trial 183 finished with value: 0.34139247012509444 and parameters: {'window_influence': 0.4423432997874064, 'penalty_k': 0.0870690767690016, 'scale_lr': 0.4291943543975764}. Best is trial 92 with value: 0.3528415023816699.
checkpoint_e32 window_influence: 0.44097756507390179, penalty_k: 0.21078669032218425, scale_lr: 0.43370866008470271, EAO: 0.328
Trial 184 finished with value: 0.32813331507987087 and parameters: {'window_influence': 0.4409775650739018, 'penalty_k': 0.21078669032218425, 'scale_lr': 0.4337086600847027}. Best is trial 92 with value: 0.3528415023816699.
checkpoint_e32 window_influence: 0.41064393862907639, penalty_k: 0.06883586741224076, scale_lr: 0.40345683114689207, EAO: 0.336
Trial 185 finished with value: 0.336276102854584 and parameters: {'window_influence': 0.4106439386290764, 'penalty_k': 0.06883586741224076, 'scale_lr': 0.40345683114689207}. Best is trial 92 with value: 0.3528415023816699.
checkpoint_e32 window_influence: 0.45018885495660171, penalty_k: 0.16390741957882524, scale_lr: 0.41956356898219543, EAO: 0.311
