Trial 75 finished with value: 0.28476492793875446 and parameters: {'window_influence': 0.5675766754225151, 'penalty_k': 0.15894622491884014, 'scale_lr': 0.19390515781262108}. Best is trial 73 with value: 0.34714627428277456.
checkpoint_e31 window_influence: 0.54771383145686892, penalty_k: 0.13775241191688234, scale_lr: 0.29645536863735888, EAO: 0.297
Trial 76 finished with value: 0.2972725466879425 and parameters: {'window_influence': 0.5477138314568689, 'penalty_k': 0.13775241191688234, 'scale_lr': 0.2964553686373589}. Best is trial 73 with value: 0.34714627428277456.
checkpoint_e31 window_influence: 0.48785124937224611, penalty_k: 0.05457571499014394, scale_lr: 0.25111091185560436, EAO: 0.325
Trial 77 finished with value: 0.3248825861206314 and parameters: {'window_influence': 0.4878512493722461, 'penalty_k': 0.054575714990143936, 'scale_lr': 0.25111091185560436}. Best is trial 73 with value: 0.34714627428277456.
checkpoint_e31 window_influence: 0.51895485151616372, penalty_k: 0.08110208161693919, scale_lr: 0.23100489346884287, EAO: 0.320
Trial 78 finished with value: 0.31977196524811163 and parameters: {'window_influence': 0.5189548515161637, 'penalty_k': 0.08110208161693919, 'scale_lr': 0.23100489346884287}. Best is trial 73 with value: 0.34714627428277456.
checkpoint_e31 window_influence: 0.50313241714915358, penalty_k: 0.10823393822605419, scale_lr: 0.34090277935822461, EAO: 0.343
Trial 79 finished with value: 0.3431052505274227 and parameters: {'window_influence': 0.5031324171491536, 'penalty_k': 0.10823393822605419, 'scale_lr': 0.3409027793582246}. Best is trial 73 with value: 0.34714627428277456.
checkpoint_e31 window_influence: 0.50184162540628774, penalty_k: 0.03438382436252924, scale_lr: 0.33492674165550140, EAO: 0.339
Trial 80 finished with value: 0.3394182898423087 and parameters: {'window_influence': 0.5018416254062877, 'penalty_k': 0.034383824362529236, 'scale_lr': 0.3349267416555014}. Best is trial 73 with value: 0.34714627428277456.
checkpoint_e31 window_influence: 0.50268233380667116, penalty_k: 0.03554222666276623, scale_lr: 0.33037824999918752, EAO: 0.318
Trial 81 finished with value: 0.3183165452939527 and parameters: {'window_influence': 0.5026823338066712, 'penalty_k': 0.03554222666276623, 'scale_lr': 0.3303782499991875}. Best is trial 73 with value: 0.34714627428277456.
checkpoint_e31 window_influence: 0.53608026050826030, penalty_k: 0.00884071021484423, scale_lr: 0.38263545019809203, EAO: 0.301
Trial 82 finished with value: 0.3012617719196624 and parameters: {'window_influence': 0.5360802605082603, 'penalty_k': 0.008840710214844234, 'scale_lr': 0.38263545019809203}. Best is trial 73 with value: 0.34714627428277456.
checkpoint_e31 window_influence: 0.52319226994241785, penalty_k: 0.02602867482512878, scale_lr: 0.35067094163446955, EAO: 0.329
Trial 83 finished with value: 0.32943871710087075 and parameters: {'window_influence': 0.5231922699424179, 'penalty_k': 0.02602867482512878, 'scale_lr': 0.35067094163446955}. Best is trial 73 with value: 0.34714627428277456.
checkpoint_e31 window_influence: 0.48923361550588279, penalty_k: 0.06433310990585650, scale_lr: 0.32063961867502649, EAO: 0.332
Trial 84 finished with value: 0.33155733115014396 and parameters: {'window_influence': 0.4892336155058828, 'penalty_k': 0.0643331099058565, 'scale_lr': 0.3206396186750265}. Best is trial 73 with value: 0.34714627428277456.
checkpoint_e31 window_influence: 0.48938990102416341, penalty_k: 0.05774647898367725, scale_lr: 0.36156448507053168, EAO: 0.311
Trial 85 finished with value: 0.3106623338354237 and parameters: {'window_influence': 0.4893899010241634, 'penalty_k': 0.057746478983677255, 'scale_lr': 0.3615644850705317}. Best is trial 73 with value: 0.34714627428277456.
checkpoint_e31 window_influence: 0.57430081665410526, penalty_k: 0.07447319466174476, scale_lr: 0.33170983980005997, EAO: 0.302
Trial 86 finished with value: 0.30172661323723626 and parameters: {'window_influence': 0.5743008166541053, 'penalty_k': 0.07447319466174476, 'scale_lr': 0.33170983980005997}. Best is trial 73 with value: 0.34714627428277456.
checkpoint_e31 window_influence: 0.50556612639699627, penalty_k: 0.10741886279807887, scale_lr: 0.39020140346438781, EAO: 0.328
Trial 87 finished with value: 0.3281505564771274 and parameters: {'window_influence': 0.5055661263969963, 'penalty_k': 0.10741886279807887, 'scale_lr': 0.3902014034643878}. Best is trial 73 with value: 0.34714627428277456.
checkpoint_e31 window_influence: 0.54662936534002415, penalty_k: 0.04368510649117274, scale_lr: 0.28655296573374289, EAO: 0.321
Trial 88 finished with value: 0.32094206397171615 and parameters: {'window_influence': 0.5466293653400242, 'penalty_k': 0.04368510649117274, 'scale_lr': 0.2865529657337429}. Best is trial 73 with value: 0.34714627428277456.
checkpoint_e31 window_influence: 0.47592867191783739, penalty_k: 0.00156606866333801, scale_lr: 0.31561919279357975, EAO: 0.311
Trial 89 finished with value: 0.3114878676164939 and parameters: {'window_influence': 0.4759286719178374, 'penalty_k': 0.0015660686633380133, 'scale_lr': 0.31561919279357975}. Best is trial 73 with value: 0.34714627428277456.
checkpoint_e31 window_influence: 0.51992963105449086, penalty_k: 0.02107229222256014, scale_lr: 0.40913426979548984, EAO: 0.351
Trial 90 finished with value: 0.35084679340110214 and parameters: {'window_influence': 0.5199296310544909, 'penalty_k': 0.021072292222560143, 'scale_lr': 0.40913426979548984}. Best is trial 90 with value: 0.35084679340110214.
checkpoint_e31 window_influence: 0.51648238268516788, penalty_k: 0.02822827539470743, scale_lr: 0.41409183258968563, EAO: 0.334
Trial 91 finished with value: 0.333751227025392 and parameters: {'window_influence': 0.5164823826851679, 'penalty_k': 0.028228275394707434, 'scale_lr': 0.4140918325896856}. Best is trial 90 with value: 0.35084679340110214.
checkpoint_e31 window_influence: 0.51410672235605592, penalty_k: 0.02220526721078174, scale_lr: 0.41257888024971107, EAO: 0.339
Trial 92 finished with value: 0.3393914543005279 and parameters: {'window_influence': 0.5141067223560559, 'penalty_k': 0.022205267210781744, 'scale_lr': 0.41257888024971107}. Best is trial 90 with value: 0.35084679340110214.
checkpoint_e31 window_influence: 0.52141850064664308, penalty_k: 0.01143126051238253, scale_lr: 0.41069280006750658, EAO: 0.328
Trial 93 finished with value: 0.32822482293681876 and parameters: {'window_influence': 0.5214185006466431, 'penalty_k': 0.011431260512382534, 'scale_lr': 0.4106928000675066}. Best is trial 90 with value: 0.35084679340110214.
checkpoint_e31 window_influence: 0.53610815152952418, penalty_k: 0.02151740740834110, scale_lr: 0.40203867966031637, EAO: 0.323
Trial 94 finished with value: 0.32251719834739595 and parameters: {'window_influence': 0.5361081515295242, 'penalty_k': 0.0215174074083411, 'scale_lr': 0.40203867966031637}. Best is trial 90 with value: 0.35084679340110214.
checkpoint_e31 window_influence: 0.60169193012650568, penalty_k: 0.03582445478563896, scale_lr: 0.43972676678624778, EAO: 0.279
Trial 95 finished with value: 0.2790272401696513 and parameters: {'window_influence': 0.6016919301265057, 'penalty_k': 0.03582445478563896, 'scale_lr': 0.4397267667862478}. Best is trial 90 with value: 0.35084679340110214.
checkpoint_e31 window_influence: 0.55767769741379580, penalty_k: 0.05366539486756685, scale_lr: 0.41918312909510141, EAO: 0.289
Trial 96 finished with value: 0.2892223889957606 and parameters: {'window_influence': 0.5576776974137958, 'penalty_k': 0.05366539486756685, 'scale_lr': 0.4191831290951014}. Best is trial 90 with value: 0.35084679340110214.
checkpoint_e31 window_influence: 0.51235276306672262, penalty_k: 0.06436415832963310, scale_lr: 0.38227330074083021, EAO: 0.312
Trial 97 finished with value: 0.31228663143248875 and parameters: {'window_influence': 0.5123527630667226, 'penalty_k': 0.0643641583296331, 'scale_lr': 0.3822733007408302}. Best is trial 90 with value: 0.35084679340110214.
checkpoint_e31 window_influence: 0.46417695586075902, penalty_k: 0.01776318022715277, scale_lr: 0.44788263586654803, EAO: 0.319
Trial 98 finished with value: 0.318907576022445 and parameters: {'window_influence': 0.464176955860759, 'penalty_k': 0.017763180227152765, 'scale_lr': 0.44788263586654803}. Best is trial 90 with value: 0.35084679340110214.
checkpoint_e31 window_influence: 0.53958483860742423, penalty_k: 0.04023701643194195, scale_lr: 0.37043546982817543, EAO: 0.308
Trial 99 finished with value: 0.3080395706548765 and parameters: {'window_influence': 0.5395848386074242, 'penalty_k': 0.040237016431941955, 'scale_lr': 0.37043546982817543}. Best is trial 90 with value: 0.35084679340110214.
checkpoint_e31 window_influence: 0.52156455468627183, penalty_k: 0.07929651345947857, scale_lr: 0.40616623678403413, EAO: 0.317
Trial 100 finished with value: 0.3174826063882516 and parameters: {'window_influence': 0.5215645546862718, 'penalty_k': 0.07929651345947857, 'scale_lr': 0.40616623678403413}. Best is trial 90 with value: 0.35084679340110214.
checkpoint_e31 window_influence: 0.50063946593887176, penalty_k: 0.00090651995028805, scale_lr: 0.34809758600733637, EAO: 0.320
Trial 101 finished with value: 0.3198590944829154 and parameters: {'window_influence': 0.5006394659388718, 'penalty_k': 0.0009065199502880511, 'scale_lr': 0.34809758600733637}. Best is trial 90 with value: 0.35084679340110214.
checkpoint_e31 window_influence: 0.49679620408629965, penalty_k: 0.03057767733226626, scale_lr: 0.42307025221928590, EAO: 0.320
Trial 102 finished with value: 0.32047228880429546 and parameters: {'window_influence': 0.49679620408629965, 'penalty_k': 0.030577677332266257, 'scale_lr': 0.4230702522192859}. Best is trial 90 with value: 0.35084679340110214.
checkpoint_e31 window_influence: 0.47666382812025637, penalty_k: 0.05169559522982539, scale_lr: 0.45936329021493189, EAO: 0.335
Trial 103 finished with value: 0.3346567098268739 and parameters: {'window_influence': 0.47666382812025637, 'penalty_k': 0.05169559522982539, 'scale_lr': 0.4593632902149319}. Best is trial 90 with value: 0.35084679340110214.
checkpoint_e31 window_influence: 0.46759626661076775, penalty_k: 0.05226165112086817, scale_lr: 0.47494654355878269, EAO: 0.338
Trial 104 finished with value: 0.33774430835293423 and parameters: {'window_influence': 0.46759626661076775, 'penalty_k': 0.05226165112086817, 'scale_lr': 0.4749465435587827}. Best is trial 90 with value: 0.35084679340110214.
checkpoint_e31 window_influence: 0.44467133390239655, penalty_k: 0.04550028224318236, scale_lr: 0.46140193747862590, EAO: 0.347
Trial 105 finished with value: 0.3465806899831453 and parameters: {'window_influence': 0.44467133390239655, 'penalty_k': 0.04550028224318236, 'scale_lr': 0.4614019374786259}. Best is trial 90 with value: 0.35084679340110214.
checkpoint_e31 window_influence: 0.45159381329488929, penalty_k: 0.01711431801294819, scale_lr: 0.46439567418303629, EAO: 0.306
Trial 106 finished with value: 0.30565888866608243 and parameters: {'window_influence': 0.4515938132948893, 'penalty_k': 0.017114318012948188, 'scale_lr': 0.4643956741830363}. Best is trial 90 with value: 0.35084679340110214.
checkpoint_e31 window_influence: 0.47358711362667233, penalty_k: 0.04472096858217929, scale_lr: 0.47258046858804914, EAO: 0.317
Trial 107 finished with value: 0.3167158725892523 and parameters: {'window_influence': 0.47358711362667233, 'penalty_k': 0.04472096858217929, 'scale_lr': 0.47258046858804914}. Best is trial 90 with value: 0.35084679340110214.
checkpoint_e31 window_influence: 0.51077633506712916, penalty_k: 0.05469615834662377, scale_lr: 0.43595183789201053, EAO: 0.336
Trial 108 finished with value: 0.33559471763061643 and parameters: {'window_influence': 0.5107763350671292, 'penalty_k': 0.054696158346623766, 'scale_lr': 0.43595183789201053}. Best is trial 90 with value: 0.35084679340110214.
checkpoint_e31 window_influence: 0.52649754192473619, penalty_k: 0.05213888916383560, scale_lr: 0.49683506519466780, EAO: 0.311
Trial 109 finished with value: 0.3109753825901083 and parameters: {'window_influence': 0.5264975419247362, 'penalty_k': 0.0521388891638356, 'scale_lr': 0.4968350651946678}. Best is trial 90 with value: 0.35084679340110214.
checkpoint_e31 window_influence: 0.50825660748282864, penalty_k: 0.03068256099239677, scale_lr: 0.45044132341769716, EAO: 0.320
Trial 110 finished with value: 0.3202593402523939 and parameters: {'window_influence': 0.5082566074828286, 'penalty_k': 0.030682560992396767, 'scale_lr': 0.45044132341769716}. Best is trial 90 with value: 0.35084679340110214.
checkpoint_e31 window_influence: 0.46992338577750276, penalty_k: 0.01588780852906613, scale_lr: 0.43218708433156694, EAO: 0.304
Trial 111 finished with value: 0.3039765978369731 and parameters: {'window_influence': 0.46992338577750276, 'penalty_k': 0.015887808529066134, 'scale_lr': 0.43218708433156694}. Best is trial 90 with value: 0.35084679340110214.
checkpoint_e31 window_influence: 0.45161695177761807, penalty_k: 0.04669675751782063, scale_lr: 0.48085284413874158, EAO: 0.311
Trial 112 finished with value: 0.31065950765915884 and parameters: {'window_influence': 0.45161695177761807, 'penalty_k': 0.046696757517820625, 'scale_lr': 0.4808528441387416}. Best is trial 90 with value: 0.35084679340110214.
checkpoint_e31 window_influence: 0.51313228101574659, penalty_k: 0.06706368775272015, scale_lr: 0.45394626159062401, EAO: 0.337
Trial 113 finished with value: 0.3366808430925881 and parameters: {'window_influence': 0.5131322810157466, 'penalty_k': 0.06706368775272015, 'scale_lr': 0.453946261590624}. Best is trial 90 with value: 0.35084679340110214.
checkpoint_e31 window_influence: 0.55047820835924954, penalty_k: 0.07227285711702242, scale_lr: 0.45489966999805442, EAO: 0.309
Trial 114 finished with value: 0.30852981816238 and parameters: {'window_influence': 0.5504782083592495, 'penalty_k': 0.07227285711702242, 'scale_lr': 0.4548996699980544}. Best is trial 90 with value: 0.35084679340110214.
checkpoint_e31 window_influence: 0.51462044206803226, penalty_k: 0.06236535244136990, scale_lr: 0.51042380802296827, EAO: 0.329
Trial 115 finished with value: 0.32851194697595293 and parameters: {'window_influence': 0.5146204420680323, 'penalty_k': 0.0623653524413699, 'scale_lr': 0.5104238080229683}. Best is trial 90 with value: 0.35084679340110214.
checkpoint_e31 window_influence: 0.53210994137081646, penalty_k: 0.02949999180928727, scale_lr: 0.48489177765443464, EAO: 0.318
Trial 116 finished with value: 0.31838449354533555 and parameters: {'window_influence': 0.5321099413708165, 'penalty_k': 0.029499991809287265, 'scale_lr': 0.48489177765443464}. Best is trial 90 with value: 0.35084679340110214.
checkpoint_e31 window_influence: 0.50451265627440967, penalty_k: 0.08130868618749251, scale_lr: 0.43535808133391274, EAO: 0.326
Trial 117 finished with value: 0.32646235742457647 and parameters: {'window_influence': 0.5045126562744097, 'penalty_k': 0.08130868618749251, 'scale_lr': 0.43535808133391274}. Best is trial 90 with value: 0.35084679340110214.
checkpoint_e31 window_influence: 0.54292005118880304, penalty_k: 0.03773584686802509, scale_lr: 0.39731829564973631, EAO: 0.305
Trial 118 finished with value: 0.30454494575118274 and parameters: {'window_influence': 0.542920051188803, 'penalty_k': 0.03773584686802509, 'scale_lr': 0.3973182956497363}. Best is trial 90 with value: 0.35084679340110214.
checkpoint_e31 window_influence: 0.48383694466695593, penalty_k: 0.01918799373588238, scale_lr: 0.41596753903350675, EAO: 0.329
Trial 119 finished with value: 0.3285922732218694 and parameters: {'window_influence': 0.4838369446669559, 'penalty_k': 0.019187993735882376, 'scale_lr': 0.41596753903350675}. Best is trial 90 with value: 0.35084679340110214.
checkpoint_e31 window_influence: 0.51921475240503034, penalty_k: 0.06293439898069272, scale_lr: 0.46555069438606744, EAO: 0.302
Trial 120 finished with value: 0.3016453148210095 and parameters: {'window_influence': 0.5192147524050303, 'penalty_k': 0.06293439898069272, 'scale_lr': 0.46555069438606744}. Best is trial 90 with value: 0.35084679340110214.
checkpoint_e31 window_influence: 0.49807488246295911, penalty_k: 0.10124563853936235, scale_lr: 0.44428077498405394, EAO: 0.320
Trial 121 finished with value: 0.3198406428446566 and parameters: {'window_influence': 0.4980748824629591, 'penalty_k': 0.10124563853936235, 'scale_lr': 0.44428077498405394}. Best is trial 90 with value: 0.35084679340110214.
checkpoint_e31 window_influence: 0.46946424011327653, penalty_k: 0.05617910461086499, scale_lr: 0.38647270971794828, EAO: 0.315
Trial 122 finished with value: 0.3145940402950294 and parameters: {'window_influence': 0.46946424011327653, 'penalty_k': 0.05617910461086499, 'scale_lr': 0.3864727097179483}. Best is trial 90 with value: 0.35084679340110214.
checkpoint_e31 window_influence: 0.48407664808466300, penalty_k: 0.09131218765857137, scale_lr: 0.42960504174793612, EAO: 0.308
Trial 123 finished with value: 0.308363780263333 and parameters: {'window_influence': 0.484076648084663, 'penalty_k': 0.09131218765857137, 'scale_lr': 0.4296050417479361}. Best is trial 90 with value: 0.35084679340110214.
checkpoint_e31 window_influence: 0.44682866416554851, penalty_k: 0.04714491944979259, scale_lr: 0.41076136132878538, EAO: 0.316
Trial 124 finished with value: 0.3157775135355701 and parameters: {'window_influence': 0.4468286641655485, 'penalty_k': 0.047144919449792586, 'scale_lr': 0.4107613613287854}. Best is trial 90 with value: 0.35084679340110214.
checkpoint_e31 window_influence: 0.52971115288416415, penalty_k: 0.00855875669666565, scale_lr: 0.37457789469807357, EAO: 0.303
Trial 125 finished with value: 0.3033168137885253 and parameters: {'window_influence': 0.5297111528841641, 'penalty_k': 0.00855875669666565, 'scale_lr': 0.37457789469807357}. Best is trial 90 with value: 0.35084679340110214.
checkpoint_e31 window_influence: 0.50923358774808780, penalty_k: 0.08681478465305834, scale_lr: 0.45718552377173505, EAO: 0.338
Trial 126 finished with value: 0.33810811191217444 and parameters: {'window_influence': 0.5092335877480878, 'penalty_k': 0.08681478465305834, 'scale_lr': 0.45718552377173505}. Best is trial 90 with value: 0.35084679340110214.
checkpoint_e31 window_influence: 0.56265616960741138, penalty_k: 0.07432003079217585, scale_lr: 0.49577921374933542, EAO: 0.291
Trial 127 finished with value: 0.29093339847915367 and parameters: {'window_influence': 0.5626561696074114, 'penalty_k': 0.07432003079217585, 'scale_lr': 0.4957792137493354}. Best is trial 90 with value: 0.35084679340110214.
checkpoint_e31 window_influence: 0.51250678270621131, penalty_k: 0.10312227406321639, scale_lr: 0.47849513818013706, EAO: 0.328
Trial 128 finished with value: 0.32753581527606057 and parameters: {'window_influence': 0.5125067827062113, 'penalty_k': 0.10312227406321639, 'scale_lr': 0.47849513818013706}. Best is trial 90 with value: 0.35084679340110214.
checkpoint_e31 window_influence: 0.50012036896657930, penalty_k: 0.08650313656068302, scale_lr: 0.45581058874600394, EAO: 0.308
Trial 129 finished with value: 0.3082906649618297 and parameters: {'window_influence': 0.5001203689665793, 'penalty_k': 0.08650313656068302, 'scale_lr': 0.45581058874600394}. Best is trial 90 with value: 0.35084679340110214.
checkpoint_e31 window_influence: 0.46296238497363512, penalty_k: 0.02674697145185695, scale_lr: 0.46713927789775511, EAO: 0.305
Trial 130 finished with value: 0.30461129981024254 and parameters: {'window_influence': 0.4629623849736351, 'penalty_k': 0.02674697145185695, 'scale_lr': 0.4671392778977551}. Best is trial 90 with value: 0.35084679340110214.
checkpoint_e31 window_influence: 0.47726701195537374, penalty_k: 0.12027817445468762, scale_lr: 0.39715383956829775, EAO: 0.337
Trial 131 finished with value: 0.33727798631219086 and parameters: {'window_influence': 0.47726701195537374, 'penalty_k': 0.12027817445468762, 'scale_lr': 0.39715383956829775}. Best is trial 90 with value: 0.35084679340110214.
checkpoint_e31 window_influence: 0.49290001237314773, penalty_k: 0.11175499712248479, scale_lr: 0.42662652852321098, EAO: 0.339
Trial 132 finished with value: 0.33924882108135446 and parameters: {'window_influence': 0.49290001237314773, 'penalty_k': 0.1117549971224848, 'scale_lr': 0.426626528523211}. Best is trial 90 with value: 0.35084679340110214.
checkpoint_e31 window_influence: 0.43279766123894670, penalty_k: 0.12254680064438117, scale_lr: 0.42414865576883465, EAO: 0.301
Trial 133 finished with value: 0.300704545200103 and parameters: {'window_influence': 0.4327976612389467, 'penalty_k': 0.12254680064438117, 'scale_lr': 0.42414865576883465}. Best is trial 90 with value: 0.35084679340110214.
checkpoint_e31 window_influence: 0.49175126903215927, penalty_k: 0.11292392328714415, scale_lr: 0.44733320387045128, EAO: 0.347
Trial 134 finished with value: 0.34685742739109676 and parameters: {'window_influence': 0.49175126903215927, 'penalty_k': 0.11292392328714415, 'scale_lr': 0.4473332038704513}. Best is trial 90 with value: 0.35084679340110214.
checkpoint_e31 window_influence: 0.49175591223902476, penalty_k: 0.11275416075932049, scale_lr: 0.44327361926025022, EAO: 0.345
Trial 135 finished with value: 0.3451184375276825 and parameters: {'window_influence': 0.49175591223902476, 'penalty_k': 0.11275416075932049, 'scale_lr': 0.4432736192602502}. Best is trial 90 with value: 0.35084679340110214.
checkpoint_e31 window_influence: 0.49259937483007382, penalty_k: 0.11439411069142645, scale_lr: 0.39388921620929856, EAO: 0.320
Trial 136 finished with value: 0.32037201894860323 and parameters: {'window_influence': 0.4925993748300738, 'penalty_k': 0.11439411069142645, 'scale_lr': 0.39388921620929856}. Best is trial 90 with value: 0.35084679340110214.
checkpoint_e31 window_influence: 0.48173733159003268, penalty_k: 0.14094693634404326, scale_lr: 0.44478388838849842, EAO: 0.311
