Trial 930 finished with value: 0.32748903954539316 and parameters: {'window_influence': 0.39279219057990733, 'penalty_k': 0.047373148230642634, 'scale_lr': 0.5297757862443462}. Best is trial 62 with value: 0.3726749919963718.
checkpoint_e29 window_influence: 0.28464276219055751, penalty_k: 0.00014062709387630, scale_lr: 0.14495666886262473, EAO: 0.313
Trial 931 finished with value: 0.3128807606168294 and parameters: {'window_influence': 0.2846427621905575, 'penalty_k': 0.0001406270938762999, 'scale_lr': 0.14495666886262473}. Best is trial 62 with value: 0.3726749919963718.
checkpoint_e29 window_influence: 0.64898724266717833, penalty_k: 0.08445607051968160, scale_lr: 0.23869522174577301, EAO: 0.245
Trial 932 finished with value: 0.2447625090755841 and parameters: {'window_influence': 0.6489872426671783, 'penalty_k': 0.0844560705196816, 'scale_lr': 0.238695221745773}. Best is trial 62 with value: 0.3726749919963718.
checkpoint_e29 window_influence: 0.26111997682524962, penalty_k: 0.14196235041901900, scale_lr: 0.69805232305750142, EAO: 0.289
Trial 933 finished with value: 0.28905629056437004 and parameters: {'window_influence': 0.2611199768252496, 'penalty_k': 0.141962350419019, 'scale_lr': 0.6980523230575014}. Best is trial 62 with value: 0.3726749919963718.
checkpoint_e29 window_influence: 0.12188797795015296, penalty_k: 0.02698390909570434, scale_lr: 0.61270256275601032, EAO: 0.271
Trial 934 finished with value: 0.27055352624752177 and parameters: {'window_influence': 0.12188797795015296, 'penalty_k': 0.02698390909570434, 'scale_lr': 0.6127025627560103}. Best is trial 62 with value: 0.3726749919963718.
checkpoint_e29 window_influence: 0.47601762037527356, penalty_k: 0.05915885272378020, scale_lr: 0.19950237704583257, EAO: 0.352
Trial 935 finished with value: 0.35223479667526275 and parameters: {'window_influence': 0.47601762037527356, 'penalty_k': 0.0591588527237802, 'scale_lr': 0.19950237704583257}. Best is trial 62 with value: 0.3726749919963718.
checkpoint_e29 window_influence: 0.20390822778859236, penalty_k: 0.07353762777534871, scale_lr: 0.44669034563212340, EAO: 0.286
Trial 936 finished with value: 0.2856661782306456 and parameters: {'window_influence': 0.20390822778859236, 'penalty_k': 0.07353762777534871, 'scale_lr': 0.4466903456321234}. Best is trial 62 with value: 0.3726749919963718.
checkpoint_e29 window_influence: 0.50873956815093646, penalty_k: 0.39701523201134475, scale_lr: 0.12702181725212303, EAO: 0.309
Trial 937 finished with value: 0.30866825626981864 and parameters: {'window_influence': 0.5087395681509365, 'penalty_k': 0.39701523201134475, 'scale_lr': 0.12702181725212303}. Best is trial 62 with value: 0.3726749919963718.
checkpoint_e29 window_influence: 0.63331952959305138, penalty_k: 0.10891152132414637, scale_lr: 0.42985179711021332, EAO: 0.247
Trial 938 finished with value: 0.24679175361353137 and parameters: {'window_influence': 0.6333195295930514, 'penalty_k': 0.10891152132414637, 'scale_lr': 0.4298517971102133}. Best is trial 62 with value: 0.3726749919963718.
checkpoint_e29 window_influence: 0.49511935860284595, penalty_k: 0.26686693328651878, scale_lr: 0.35100875965362366, EAO: 0.323
Trial 939 finished with value: 0.32258665167404055 and parameters: {'window_influence': 0.49511935860284595, 'penalty_k': 0.2668669332865188, 'scale_lr': 0.35100875965362366}. Best is trial 62 with value: 0.3726749919963718.
checkpoint_e29 window_influence: 0.43105411737309535, penalty_k: 0.09196302134595488, scale_lr: 0.49505373024639576, EAO: 0.330
Trial 940 finished with value: 0.3298162030570702 and parameters: {'window_influence': 0.43105411737309535, 'penalty_k': 0.09196302134595488, 'scale_lr': 0.49505373024639576}. Best is trial 62 with value: 0.3726749919963718.
checkpoint_e29 window_influence: 0.52655565543154603, penalty_k: 0.15815376998371397, scale_lr: 0.30260407275059348, EAO: 0.299
Trial 941 finished with value: 0.2991501985820815 and parameters: {'window_influence': 0.526555655431546, 'penalty_k': 0.15815376998371397, 'scale_lr': 0.3026040727505935}. Best is trial 62 with value: 0.3726749919963718.
checkpoint_e29 window_influence: 0.36947719144425900, penalty_k: 0.21350553822153998, scale_lr: 0.54652311023949041, EAO: 0.324
Trial 942 finished with value: 0.3243307851052006 and parameters: {'window_influence': 0.369477191444259, 'penalty_k': 0.21350553822153998, 'scale_lr': 0.5465231102394904}. Best is trial 62 with value: 0.3726749919963718.
checkpoint_e29 window_influence: 0.33057406687183505, penalty_k: 0.05014537980851129, scale_lr: 0.57854051893131397, EAO: 0.311
Trial 943 finished with value: 0.31051258319546743 and parameters: {'window_influence': 0.33057406687183505, 'penalty_k': 0.05014537980851129, 'scale_lr': 0.578540518931314}. Best is trial 62 with value: 0.3726749919963718.
checkpoint_e29 window_influence: 0.13314046108208247, penalty_k: 0.31097275328407975, scale_lr: 0.24500873376886695, EAO: 0.262
Trial 944 finished with value: 0.2620269994211568 and parameters: {'window_influence': 0.13314046108208247, 'penalty_k': 0.31097275328407975, 'scale_lr': 0.24500873376886695}. Best is trial 62 with value: 0.3726749919963718.
checkpoint_e29 window_influence: 0.46368229701800640, penalty_k: 0.39604373372942603, scale_lr: 0.71020889517292674, EAO: 0.316
Trial 945 finished with value: 0.3163688774818576 and parameters: {'window_influence': 0.4636822970180064, 'penalty_k': 0.39604373372942603, 'scale_lr': 0.7102088951729267}. Best is trial 62 with value: 0.3726749919963718.
checkpoint_e29 window_influence: 0.47879887564699208, penalty_k: 0.57682857434664503, scale_lr: 0.33151349994558565, EAO: 0.309
Trial 946 finished with value: 0.30879312950813353 and parameters: {'window_influence': 0.4787988756469921, 'penalty_k': 0.576828574346645, 'scale_lr': 0.33151349994558565}. Best is trial 62 with value: 0.3726749919963718.
checkpoint_e29 window_influence: 0.51479358167733358, penalty_k: 0.12149577648989317, scale_lr: 0.46640538284640359, EAO: 0.353
Trial 947 finished with value: 0.3525748859351711 and parameters: {'window_influence': 0.5147935816773336, 'penalty_k': 0.12149577648989317, 'scale_lr': 0.4664053828464036}. Best is trial 62 with value: 0.3726749919963718.
checkpoint_e29 window_influence: 0.33126182298387125, penalty_k: 0.17676746580216640, scale_lr: 0.21128259963933627, EAO: 0.322
Trial 948 finished with value: 0.321829678715435 and parameters: {'window_influence': 0.33126182298387125, 'penalty_k': 0.1767674658021664, 'scale_lr': 0.21128259963933627}. Best is trial 62 with value: 0.3726749919963718.
checkpoint_e29 window_influence: 0.44158404400031559, penalty_k: 0.06584680531379253, scale_lr: 0.51611324226114375, EAO: 0.339
Trial 949 finished with value: 0.3391694557574009 and parameters: {'window_influence': 0.4415840440003156, 'penalty_k': 0.06584680531379253, 'scale_lr': 0.5161132422611437}. Best is trial 62 with value: 0.3726749919963718.
checkpoint_e29 window_influence: 0.49679347758879611, penalty_k: 0.38249907601218636, scale_lr: 0.10988772264215114, EAO: 0.299
Trial 950 finished with value: 0.2992959590737458 and parameters: {'window_influence': 0.4967934775887961, 'penalty_k': 0.38249907601218636, 'scale_lr': 0.10988772264215114}. Best is trial 62 with value: 0.3726749919963718.
checkpoint_e29 window_influence: 0.11965746018196050, penalty_k: 0.08238766035532975, scale_lr: 0.56510050331238182, EAO: 0.273
Trial 951 finished with value: 0.2732225485464942 and parameters: {'window_influence': 0.1196574601819605, 'penalty_k': 0.08238766035532975, 'scale_lr': 0.5651005033123818}. Best is trial 62 with value: 0.3726749919963718.
checkpoint_e29 window_influence: 0.42094802087378941, penalty_k: 0.03740825896444973, scale_lr: 0.16400298228917712, EAO: 0.345
Trial 952 finished with value: 0.344580221500842 and parameters: {'window_influence': 0.4209480208737894, 'penalty_k': 0.03740825896444973, 'scale_lr': 0.16400298228917712}. Best is trial 62 with value: 0.3726749919963718.
checkpoint_e29 window_influence: 0.45630640123200411, penalty_k: 0.09739007257245694, scale_lr: 0.40196468785723483, EAO: 0.319
Trial 953 finished with value: 0.319217304021468 and parameters: {'window_influence': 0.4563064012320041, 'penalty_k': 0.09739007257245694, 'scale_lr': 0.4019646878572348}. Best is trial 62 with value: 0.3726749919963718.
checkpoint_e29 window_influence: 0.56174940330069578, penalty_k: 0.27618306192226977, scale_lr: 0.14490859394375882, EAO: 0.293
Trial 954 finished with value: 0.29282843028756894 and parameters: {'window_influence': 0.5617494033006958, 'penalty_k': 0.27618306192226977, 'scale_lr': 0.14490859394375882}. Best is trial 62 with value: 0.3726749919963718.
checkpoint_e29 window_influence: 0.22484704251449769, penalty_k: 0.01557761663365696, scale_lr: 0.62249301857732975, EAO: 0.306
Trial 955 finished with value: 0.3063858372344117 and parameters: {'window_influence': 0.2248470425144977, 'penalty_k': 0.015577616633656956, 'scale_lr': 0.6224930185773297}. Best is trial 62 with value: 0.3726749919963718.
checkpoint_e29 window_influence: 0.48640638317479923, penalty_k: 0.05801791548386168, scale_lr: 0.28107566733502459, EAO: 0.350
Trial 956 finished with value: 0.3500717170971377 and parameters: {'window_influence': 0.48640638317479923, 'penalty_k': 0.05801791548386168, 'scale_lr': 0.2810756673350246}. Best is trial 62 with value: 0.3726749919963718.
checkpoint_e29 window_influence: 0.25867860752183969, penalty_k: 0.07308727201925944, scale_lr: 0.23079354645316033, EAO: 0.294
Trial 957 finished with value: 0.2936572800118636 and parameters: {'window_influence': 0.2586786075218397, 'penalty_k': 0.07308727201925944, 'scale_lr': 0.23079354645316033}. Best is trial 62 with value: 0.3726749919963718.
checkpoint_e29 window_influence: 0.47037085373190080, penalty_k: 0.08649226996231654, scale_lr: 0.53474000362584784, EAO: 0.336
Trial 958 finished with value: 0.3355696631544759 and parameters: {'window_influence': 0.4703708537319008, 'penalty_k': 0.08649226996231654, 'scale_lr': 0.5347400036258478}. Best is trial 62 with value: 0.3726749919963718.
checkpoint_e29 window_influence: 0.35829414186067449, penalty_k: 0.11265459253787985, scale_lr: 0.45204525866615974, EAO: 0.330
Trial 959 finished with value: 0.32995682612699295 and parameters: {'window_influence': 0.3582941418606745, 'penalty_k': 0.11265459253787985, 'scale_lr': 0.45204525866615974}. Best is trial 62 with value: 0.3726749919963718.
checkpoint_e29 window_influence: 0.54046780797974214, penalty_k: 0.36518914441751421, scale_lr: 0.59014440899672260, EAO: 0.294
Trial 960 finished with value: 0.29378462539340733 and parameters: {'window_influence': 0.5404678079797421, 'penalty_k': 0.3651891444175142, 'scale_lr': 0.5901444089967226}. Best is trial 62 with value: 0.3726749919963718.
checkpoint_e29 window_influence: 0.50629175534850690, penalty_k: 0.04515325931361478, scale_lr: 0.25690997017625283, EAO: 0.354
Trial 961 finished with value: 0.3535003481208118 and parameters: {'window_influence': 0.5062917553485069, 'penalty_k': 0.04515325931361478, 'scale_lr': 0.25690997017625283}. Best is trial 62 with value: 0.3726749919963718.
checkpoint_e29 window_influence: 0.09712504701779329, penalty_k: 0.58742550486757372, scale_lr: 0.19374880120003871, EAO: 0.240
Trial 962 finished with value: 0.2398639922012151 and parameters: {'window_influence': 0.09712504701779329, 'penalty_k': 0.5874255048675737, 'scale_lr': 0.1937488012000387}. Best is trial 62 with value: 0.3726749919963718.
checkpoint_e29 window_influence: 0.52051675835603595, penalty_k: 0.48522043064335751, scale_lr: 0.17906644319910098, EAO: 0.304
Trial 963 finished with value: 0.3038838457620561 and parameters: {'window_influence': 0.520516758356036, 'penalty_k': 0.4852204306433575, 'scale_lr': 0.17906644319910098}. Best is trial 62 with value: 0.3726749919963718.
checkpoint_e29 window_influence: 0.49502932674919359, penalty_k: 0.24678151639062032, scale_lr: 0.48411090050814387, EAO: 0.307
Trial 964 finished with value: 0.3065709402704981 and parameters: {'window_influence': 0.4950293267491936, 'penalty_k': 0.24678151639062032, 'scale_lr': 0.48411090050814387}. Best is trial 62 with value: 0.3726749919963718.
checkpoint_e29 window_influence: 0.57055755093467364, penalty_k: 0.10639819193742353, scale_lr: 0.38716397501635658, EAO: 0.280
Trial 965 finished with value: 0.2796206347325433 and parameters: {'window_influence': 0.5705575509346736, 'penalty_k': 0.10639819193742353, 'scale_lr': 0.3871639750163566}. Best is trial 62 with value: 0.3726749919963718.
checkpoint_e29 window_influence: 0.26994869556912454, penalty_k: 0.06246061800830578, scale_lr: 0.42333694365398938, EAO: 0.297
Trial 966 finished with value: 0.29746799333318197 and parameters: {'window_influence': 0.26994869556912454, 'penalty_k': 0.06246061800830578, 'scale_lr': 0.4233369436539894}. Best is trial 62 with value: 0.3726749919963718.
checkpoint_e29 window_influence: 0.48176089938705235, penalty_k: 0.56075968529344955, scale_lr: 0.64687111707318257, EAO: 0.319
Trial 967 finished with value: 0.3188040774851921 and parameters: {'window_influence': 0.48176089938705235, 'penalty_k': 0.5607596852934496, 'scale_lr': 0.6468711170731826}. Best is trial 62 with value: 0.3726749919963718.
checkpoint_e29 window_influence: 0.50745525467604946, penalty_k: 0.28700194609584484, scale_lr: 0.13617972792590194, EAO: 0.315
Trial 968 finished with value: 0.31533582056310855 and parameters: {'window_influence': 0.5074552546760495, 'penalty_k': 0.28700194609584484, 'scale_lr': 0.13617972792590194}. Best is trial 62 with value: 0.3726749919963718.
checkpoint_e29 window_influence: 0.28716250165379897, penalty_k: 0.03033189342853452, scale_lr: 0.67504953825660441, EAO: 0.314
Trial 969 finished with value: 0.31357829017629885 and parameters: {'window_influence': 0.287162501653799, 'penalty_k': 0.03033189342853452, 'scale_lr': 0.6750495382566044}. Best is trial 62 with value: 0.3726749919963718.
checkpoint_e29 window_influence: 0.40191792444441604, penalty_k: 0.32968266208535291, scale_lr: 0.55589310369067313, EAO: 0.329
Trial 970 finished with value: 0.3285117013677085 and parameters: {'window_influence': 0.40191792444441604, 'penalty_k': 0.3296826620853529, 'scale_lr': 0.5558931036906731}. Best is trial 62 with value: 0.3726749919963718.
checkpoint_e29 window_influence: 0.60518696907292813, penalty_k: 0.23110692641443498, scale_lr: 0.43939501076417181, EAO: 0.247
Trial 971 finished with value: 0.24749305716748368 and parameters: {'window_influence': 0.6051869690729281, 'penalty_k': 0.23110692641443498, 'scale_lr': 0.4393950107641718}. Best is trial 62 with value: 0.3726749919963718.
checkpoint_e29 window_influence: 0.45536645493785949, penalty_k: 0.13682472287351852, scale_lr: 0.31884121443577707, EAO: 0.321
Trial 972 finished with value: 0.3211545146392941 and parameters: {'window_influence': 0.4553664549378595, 'penalty_k': 0.13682472287351852, 'scale_lr': 0.31884121443577707}. Best is trial 62 with value: 0.3726749919963718.
checkpoint_e29 window_influence: 0.52779073138346511, penalty_k: 0.07766189648452095, scale_lr: 0.73439484301404279, EAO: 0.305
Trial 973 finished with value: 0.3050960627047468 and parameters: {'window_influence': 0.5277907313834651, 'penalty_k': 0.07766189648452095, 'scale_lr': 0.7343948430140428}. Best is trial 62 with value: 0.3726749919963718.
checkpoint_e29 window_influence: 0.47575023408921846, penalty_k: 0.09937594452720461, scale_lr: 0.60871193238625043, EAO: 0.331
Trial 974 finished with value: 0.3308014902159398 and parameters: {'window_influence': 0.47575023408921846, 'penalty_k': 0.09937594452720461, 'scale_lr': 0.6087119323862504}. Best is trial 62 with value: 0.3726749919963718.
checkpoint_e29 window_influence: 0.22308635113098896, penalty_k: 0.05227154227432723, scale_lr: 0.51167110893284207, EAO: 0.305
Trial 975 finished with value: 0.305086249217449 and parameters: {'window_influence': 0.22308635113098896, 'penalty_k': 0.05227154227432723, 'scale_lr': 0.5116711089328421}. Best is trial 62 with value: 0.3726749919963718.
checkpoint_e29 window_influence: 0.44319874432966561, penalty_k: 0.08984391410273601, scale_lr: 0.21713198655971980, EAO: 0.337
Trial 976 finished with value: 0.33670556951125774 and parameters: {'window_influence': 0.4431987443296656, 'penalty_k': 0.08984391410273601, 'scale_lr': 0.2171319865597198}. Best is trial 62 with value: 0.3726749919963718.
checkpoint_e29 window_influence: 0.49778074231672165, penalty_k: 0.46747738148096940, scale_lr: 0.46699720590428884, EAO: 0.300
Trial 977 finished with value: 0.3002760037489902 and parameters: {'window_influence': 0.49778074231672165, 'penalty_k': 0.4674773814809694, 'scale_lr': 0.46699720590428884}. Best is trial 62 with value: 0.3726749919963718.
checkpoint_e29 window_influence: 0.51445904628442618, penalty_k: 0.42319502026354688, scale_lr: 0.10014557383325540, EAO: 0.284
Trial 978 finished with value: 0.2842176755462639 and parameters: {'window_influence': 0.5144590462844262, 'penalty_k': 0.4231950202635469, 'scale_lr': 0.1001455738332554}. Best is trial 62 with value: 0.3726749919963718.
checkpoint_e29 window_influence: 0.16559962135518905, penalty_k: 0.06996586698083022, scale_lr: 0.15736468484253366, EAO: 0.291
Trial 979 finished with value: 0.2907335902002535 and parameters: {'window_influence': 0.16559962135518905, 'penalty_k': 0.06996586698083022, 'scale_lr': 0.15736468484253366}. Best is trial 62 with value: 0.3726749919963718.
checkpoint_e29 window_influence: 0.46669100747809156, penalty_k: 0.49244578772249326, scale_lr: 0.12028853360043210, EAO: 0.315
Trial 980 finished with value: 0.3153727403062791 and parameters: {'window_influence': 0.46669100747809156, 'penalty_k': 0.49244578772249326, 'scale_lr': 0.1202885336004321}. Best is trial 62 with value: 0.3726749919963718.
checkpoint_e29 window_influence: 0.06538562850607349, penalty_k: 0.19837154998006928, scale_lr: 0.29280587723538648, EAO: 0.251
Trial 981 finished with value: 0.2509949634047334 and parameters: {'window_influence': 0.06538562850607349, 'penalty_k': 0.19837154998006928, 'scale_lr': 0.2928058772353865}. Best is trial 62 with value: 0.3726749919963718.
checkpoint_e29 window_influence: 0.23361481619150648, penalty_k: 0.51431243612822697, scale_lr: 0.37233909989862657, EAO: 0.275
Trial 982 finished with value: 0.27513056065785746 and parameters: {'window_influence': 0.23361481619150648, 'penalty_k': 0.514312436128227, 'scale_lr': 0.37233909989862657}. Best is trial 62 with value: 0.3726749919963718.
checkpoint_e29 window_influence: 0.13750156196505589, penalty_k: 0.25892396759630887, scale_lr: 0.53263710672701403, EAO: 0.265
Trial 983 finished with value: 0.26549411811485363 and parameters: {'window_influence': 0.1375015619650559, 'penalty_k': 0.25892396759630887, 'scale_lr': 0.532637106727014}. Best is trial 62 with value: 0.3726749919963718.
checkpoint_e29 window_influence: 0.48720832071413334, penalty_k: 0.15024337825548495, scale_lr: 0.24560282095224553, EAO: 0.350
Trial 984 finished with value: 0.35047501650301865 and parameters: {'window_influence': 0.48720832071413334, 'penalty_k': 0.15024337825548495, 'scale_lr': 0.24560282095224553}. Best is trial 62 with value: 0.3726749919963718.
checkpoint_e29 window_influence: 0.41452109350172478, penalty_k: 0.53939284239631702, scale_lr: 0.47658992362489322, EAO: 0.326
Trial 985 finished with value: 0.3257178514616035 and parameters: {'window_influence': 0.4145210935017248, 'penalty_k': 0.539392842396317, 'scale_lr': 0.4765899236248932}. Best is trial 62 with value: 0.3726749919963718.
checkpoint_e29 window_influence: 0.50380369271903469, penalty_k: 0.02424078512342210, scale_lr: 0.43893195966702553, EAO: 0.334
Trial 986 finished with value: 0.33380147350901296 and parameters: {'window_influence': 0.5038036927190347, 'penalty_k': 0.024240785123422096, 'scale_lr': 0.43893195966702553}. Best is trial 62 with value: 0.3726749919963718.
checkpoint_e29 window_influence: 0.42816065656583779, penalty_k: 0.12126665871101946, scale_lr: 0.71796480318058042, EAO: 0.322
Trial 987 finished with value: 0.32187661464808054 and parameters: {'window_influence': 0.4281606565658378, 'penalty_k': 0.12126665871101946, 'scale_lr': 0.7179648031805804}. Best is trial 62 with value: 0.3726749919963718.
checkpoint_e29 window_influence: 0.33664850691076165, penalty_k: 0.08033873752505971, scale_lr: 0.79643548602822434, EAO: 0.304
Trial 988 finished with value: 0.3042628723359757 and parameters: {'window_influence': 0.33664850691076165, 'penalty_k': 0.08033873752505971, 'scale_lr': 0.7964354860282243}. Best is trial 62 with value: 0.3726749919963718.
checkpoint_e29 window_influence: 0.53547526160503822, penalty_k: 0.18505943393074092, scale_lr: 0.49682686502109824, EAO: 0.321
Trial 989 finished with value: 0.32113934722855864 and parameters: {'window_influence': 0.5354752616050382, 'penalty_k': 0.18505943393074092, 'scale_lr': 0.49682686502109824}. Best is trial 62 with value: 0.3726749919963718.
checkpoint_e29 window_influence: 0.49277606366538229, penalty_k: 0.16177679270755793, scale_lr: 0.22917109465247709, EAO: 0.363
Trial 990 finished with value: 0.36251874818876095 and parameters: {'window_influence': 0.4927760636653823, 'penalty_k': 0.16177679270755793, 'scale_lr': 0.2291710946524771}. Best is trial 62 with value: 0.3726749919963718.
checkpoint_e29 window_influence: 0.48920348211237102, penalty_k: 0.50552814716778305, scale_lr: 0.20363359585983581, EAO: 0.290
Trial 991 finished with value: 0.29017906859227194 and parameters: {'window_influence': 0.489203482112371, 'penalty_k': 0.505528147167783, 'scale_lr': 0.20363359585983581}. Best is trial 62 with value: 0.3726749919963718.
checkpoint_e29 window_influence: 0.52065634458895260, penalty_k: 0.03763739380733595, scale_lr: 0.22981220924520607, EAO: 0.333
