A new study created in memory with name: no-name-e5c85e49-e0d2-4943-9408-b5f927866ca7
checkpoint_e16 window_influence: 0.57121612863783899, penalty_k: 0.42448161654631605, scale_lr: 0.75153318224986898, EAO: 0.267
Trial 0 finished with value: 0.2665877446010419 and parameters: {'window_influence': 0.571216128637839, 'penalty_k': 0.42448161654631605, 'scale_lr': 0.751533182249869}. Best is trial 0 with value: 0.2665877446010419.
checkpoint_e16 window_influence: 0.17131943105579805, penalty_k: 0.47319011554066170, scale_lr: 0.77857230012617085, EAO: 0.251
Trial 1 finished with value: 0.2507186146445775 and parameters: {'window_influence': 0.17131943105579805, 'penalty_k': 0.4731901155406617, 'scale_lr': 0.7785723001261708}. Best is trial 0 with value: 0.2665877446010419.
checkpoint_e16 window_influence: 0.53882109896650532, penalty_k: 0.19767689617103776, scale_lr: 0.68285327231581083, EAO: 0.284
Trial 2 finished with value: 0.28356052743785576 and parameters: {'window_influence': 0.5388210989665053, 'penalty_k': 0.19767689617103776, 'scale_lr': 0.6828532723158108}. Best is trial 2 with value: 0.28356052743785576.
checkpoint_e16 window_influence: 0.59788199957099064, penalty_k: 0.44279718381775152, scale_lr: 0.74730896279793679, EAO: 0.244
Trial 3 finished with value: 0.2444943143236034 and parameters: {'window_influence': 0.5978819995709906, 'penalty_k': 0.4427971838177515, 'scale_lr': 0.7473089627979368}. Best is trial 2 with value: 0.28356052743785576.
checkpoint_e16 window_influence: 0.35378563730532786, penalty_k: 0.41880094543694507, scale_lr: 0.59915046952230910, EAO: 0.303
Trial 4 finished with value: 0.3029754262721956 and parameters: {'window_influence': 0.35378563730532786, 'penalty_k': 0.41880094543694507, 'scale_lr': 0.5991504695223091}. Best is trial 4 with value: 0.3029754262721956.
checkpoint_e16 window_influence: 0.15641231180636780, penalty_k: 0.37547729195862350, scale_lr: 0.66266057212162066, EAO: 0.259
Trial 5 finished with value: 0.2586085376572516 and parameters: {'window_influence': 0.1564123118063678, 'penalty_k': 0.3754772919586235, 'scale_lr': 0.6626605721216207}. Best is trial 4 with value: 0.3029754262721956.
checkpoint_e16 window_influence: 0.20028281527764691, penalty_k: 0.32420329179686669, scale_lr: 0.38410462457231664, EAO: 0.275
Trial 6 finished with value: 0.27511960523137785 and parameters: {'window_influence': 0.2002828152776469, 'penalty_k': 0.3242032917968667, 'scale_lr': 0.38410462457231664}. Best is trial 4 with value: 0.3029754262721956.
checkpoint_e16 window_influence: 0.08661148854123285, penalty_k: 0.52399594953401019, scale_lr: 0.53090591999074288, EAO: 0.259
Trial 7 finished with value: 0.259463656447277 and parameters: {'window_influence': 0.08661148854123285, 'penalty_k': 0.5239959495340102, 'scale_lr': 0.5309059199907429}. Best is trial 4 with value: 0.3029754262721956.
checkpoint_e16 window_influence: 0.13606198980361925, penalty_k: 0.02192050374078480, scale_lr: 0.79203140099691294, EAO: 0.275
Trial 8 finished with value: 0.27458576869639906 and parameters: {'window_influence': 0.13606198980361925, 'penalty_k': 0.021920503740784802, 'scale_lr': 0.7920314009969129}. Best is trial 4 with value: 0.3029754262721956.
checkpoint_e16 window_influence: 0.17935693872671221, penalty_k: 0.21203482079153446, scale_lr: 0.14010699454262762, EAO: 0.285
Trial 9 finished with value: 0.2850844211847402 and parameters: {'window_influence': 0.1793569387267122, 'penalty_k': 0.21203482079153446, 'scale_lr': 0.14010699454262762}. Best is trial 4 with value: 0.3029754262721956.
checkpoint_e16 window_influence: 0.36589102181791960, penalty_k: 0.59832491632444562, scale_lr: 0.52626804490388357, EAO: 0.290
Trial 10 finished with value: 0.29009045990988436 and parameters: {'window_influence': 0.3658910218179196, 'penalty_k': 0.5983249163244456, 'scale_lr': 0.5262680449038836}. Best is trial 4 with value: 0.3029754262721956.
checkpoint_e16 window_influence: 0.36983383376952522, penalty_k: 0.59289121406843470, scale_lr: 0.57883668446857206, EAO: 0.296
Trial 11 finished with value: 0.2963297349701596 and parameters: {'window_influence': 0.3698338337695252, 'penalty_k': 0.5928912140684347, 'scale_lr': 0.5788366844685721}. Best is trial 4 with value: 0.3029754262721956.
checkpoint_e16 window_influence: 0.35539776594527195, penalty_k: 0.59446843076523959, scale_lr: 0.57445086126369516, EAO: 0.299
Trial 12 finished with value: 0.2989841177769672 and parameters: {'window_influence': 0.35539776594527195, 'penalty_k': 0.5944684307652396, 'scale_lr': 0.5744508612636952}. Best is trial 4 with value: 0.3029754262721956.
checkpoint_e16 window_influence: 0.29383643325860020, penalty_k: 0.50933616751813204, scale_lr: 0.44386840380162562, EAO: 0.292
Trial 13 finished with value: 0.2919477756617134 and parameters: {'window_influence': 0.2938364332586002, 'penalty_k': 0.509336167518132, 'scale_lr': 0.4438684038016256}. Best is trial 4 with value: 0.3029754262721956.
checkpoint_e16 window_influence: 0.44906512068666421, penalty_k: 0.53369765980406625, scale_lr: 0.62955517551407714, EAO: 0.313
Trial 14 finished with value: 0.3127201444212101 and parameters: {'window_influence': 0.4490651206866642, 'penalty_k': 0.5336976598040662, 'scale_lr': 0.6295551755140771}. Best is trial 14 with value: 0.3127201444212101.
checkpoint_e16 window_influence: 0.47321915083405341, penalty_k: 0.38834490555095891, scale_lr: 0.65180961948835969, EAO: 0.304
Trial 15 finished with value: 0.3040349020800238 and parameters: {'window_influence': 0.4732191508340534, 'penalty_k': 0.3883449055509589, 'scale_lr': 0.6518096194883597}. Best is trial 14 with value: 0.3127201444212101.
checkpoint_e16 window_influence: 0.47822588334287919, penalty_k: 0.33642075377431807, scale_lr: 0.66144289513449939, EAO: 0.295
Trial 16 finished with value: 0.29541065883079853 and parameters: {'window_influence': 0.4782258833428792, 'penalty_k': 0.33642075377431807, 'scale_lr': 0.6614428951344994}. Best is trial 14 with value: 0.3127201444212101.
checkpoint_e16 window_influence: 0.45841288701660488, penalty_k: 0.51498508470360260, scale_lr: 0.44311610329208984, EAO: 0.298
Trial 17 finished with value: 0.2977740997702231 and parameters: {'window_influence': 0.4584128870166049, 'penalty_k': 0.5149850847036026, 'scale_lr': 0.44311610329208984}. Best is trial 14 with value: 0.3127201444212101.
checkpoint_e16 window_influence: 0.63750897986235433, penalty_k: 0.37422181762602835, scale_lr: 0.67295683595196776, EAO: 0.220
Trial 18 finished with value: 0.21970155064002087 and parameters: {'window_influence': 0.6375089798623543, 'penalty_k': 0.37422181762602835, 'scale_lr': 0.6729568359519678}. Best is trial 14 with value: 0.3127201444212101.
checkpoint_e16 window_influence: 0.45949917113830130, penalty_k: 0.27707901705214893, scale_lr: 0.35376260047151892, EAO: 0.312
Trial 19 finished with value: 0.3121824886664342 and parameters: {'window_influence': 0.4594991711383013, 'penalty_k': 0.27707901705214893, 'scale_lr': 0.3537626004715189}. Best is trial 14 with value: 0.3127201444212101.
checkpoint_e16 window_influence: 0.43014737479165488, penalty_k: 0.28114577528879581, scale_lr: 0.36337121793909932, EAO: 0.316
Trial 20 finished with value: 0.31578176859983675 and parameters: {'window_influence': 0.4301473747916549, 'penalty_k': 0.2811457752887958, 'scale_lr': 0.3633712179390993}. Best is trial 20 with value: 0.31578176859983675.
checkpoint_e16 window_influence: 0.42574682730707897, penalty_k: 0.22545861952753682, scale_lr: 0.33511084830965321, EAO: 0.323
Trial 21 finished with value: 0.3234793848796577 and parameters: {'window_influence': 0.42574682730707897, 'penalty_k': 0.22545861952753682, 'scale_lr': 0.3351108483096532}. Best is trial 21 with value: 0.3234793848796577.
checkpoint_e16 window_influence: 0.41362259190128176, penalty_k: 0.26845013204384216, scale_lr: 0.30667671415864295, EAO: 0.303
Trial 22 finished with value: 0.30316040059008026 and parameters: {'window_influence': 0.41362259190128176, 'penalty_k': 0.26845013204384216, 'scale_lr': 0.30667671415864295}. Best is trial 21 with value: 0.3234793848796577.
checkpoint_e16 window_influence: 0.28065184683288291, penalty_k: 0.21134101050362328, scale_lr: 0.28440245889694138, EAO: 0.292
Trial 23 finished with value: 0.29190185196436796 and parameters: {'window_influence': 0.2806518468328829, 'penalty_k': 0.21134101050362328, 'scale_lr': 0.2844024588969414}. Best is trial 21 with value: 0.3234793848796577.
checkpoint_e16 window_influence: 0.51057515498093908, penalty_k: 0.27691086959400257, scale_lr: 0.23954306195495281, EAO: 0.302
Trial 24 finished with value: 0.3021013026455497 and parameters: {'window_influence': 0.5105751549809391, 'penalty_k': 0.2769108695940026, 'scale_lr': 0.2395430619549528}. Best is trial 21 with value: 0.3234793848796577.
checkpoint_e16 window_influence: 0.41523272156746227, penalty_k: 0.15154806601587220, scale_lr: 0.39594274670176144, EAO: 0.328
Trial 25 finished with value: 0.32756986083455586 and parameters: {'window_influence': 0.41523272156746227, 'penalty_k': 0.1515480660158722, 'scale_lr': 0.39594274670176144}. Best is trial 25 with value: 0.32756986083455586.
checkpoint_e16 window_influence: 0.41581297811068596, penalty_k: 0.13508179518150934, scale_lr: 0.38632404515114749, EAO: 0.330
Trial 26 finished with value: 0.32998423046407066 and parameters: {'window_influence': 0.41581297811068596, 'penalty_k': 0.13508179518150934, 'scale_lr': 0.3863240451511475}. Best is trial 26 with value: 0.32998423046407066.
checkpoint_e16 window_influence: 0.50911374462297765, penalty_k: 0.11691074126403433, scale_lr: 0.42227752468341628, EAO: 0.299
Trial 27 finished with value: 0.2992201337322651 and parameters: {'window_influence': 0.5091137446229776, 'penalty_k': 0.11691074126403433, 'scale_lr': 0.4222775246834163}. Best is trial 26 with value: 0.32998423046407066.
checkpoint_e16 window_influence: 0.38801876848271111, penalty_k: 0.13164279450595251, scale_lr: 0.49637068913131321, EAO: 0.305
Trial 28 finished with value: 0.30483100774919014 and parameters: {'window_influence': 0.3880187684827111, 'penalty_k': 0.1316427945059525, 'scale_lr': 0.4963706891313132}. Best is trial 26 with value: 0.32998423046407066.
checkpoint_e16 window_influence: 0.41023518194185210, penalty_k: 0.13683746914135425, scale_lr: 0.41941480117916419, EAO: 0.317
Trial 29 finished with value: 0.3169196559413398 and parameters: {'window_influence': 0.4102351819418521, 'penalty_k': 0.13683746914135425, 'scale_lr': 0.4194148011791642}. Best is trial 26 with value: 0.32998423046407066.
checkpoint_e16 window_influence: 0.55177866640208473, penalty_k: 0.07740538533304019, scale_lr: 0.47955188867390913, EAO: 0.268
Trial 30 finished with value: 0.2684032609142682 and parameters: {'window_influence': 0.5517786664020847, 'penalty_k': 0.07740538533304019, 'scale_lr': 0.47955188867390913}. Best is trial 26 with value: 0.32998423046407066.
checkpoint_e16 window_influence: 0.41484906618080447, penalty_k: 0.16313039154787923, scale_lr: 0.40637393913620090, EAO: 0.327
Trial 31 finished with value: 0.32668320678087526 and parameters: {'window_influence': 0.41484906618080447, 'penalty_k': 0.16313039154787923, 'scale_lr': 0.4063739391362009}. Best is trial 26 with value: 0.32998423046407066.
checkpoint_e16 window_influence: 0.40773886267229620, penalty_k: 0.16342044868867547, scale_lr: 0.39469724471056583, EAO: 0.305
Trial 32 finished with value: 0.30513961427638503 and parameters: {'window_influence': 0.4077388626722962, 'penalty_k': 0.16342044868867547, 'scale_lr': 0.39469724471056583}. Best is trial 26 with value: 0.32998423046407066.
checkpoint_e16 window_influence: 0.33355606984477110, penalty_k: 0.18383802377559805, scale_lr: 0.33249528892333058, EAO: 0.307
Trial 33 finished with value: 0.3065137695013781 and parameters: {'window_influence': 0.3335560698447711, 'penalty_k': 0.18383802377559805, 'scale_lr': 0.3324952889233306}. Best is trial 26 with value: 0.32998423046407066.
checkpoint_e16 window_influence: 0.50908004479140556, penalty_k: 0.23468360870305913, scale_lr: 0.36625816453963422, EAO: 0.302
Trial 34 finished with value: 0.3024424012416995 and parameters: {'window_influence': 0.5090800447914056, 'penalty_k': 0.23468360870305913, 'scale_lr': 0.3662581645396342}. Best is trial 26 with value: 0.32998423046407066.
checkpoint_e16 window_influence: 0.42177642250907926, penalty_k: 0.16508564916326290, scale_lr: 0.40205185241691532, EAO: 0.307
Trial 35 finished with value: 0.3073097358997694 and parameters: {'window_influence': 0.42177642250907926, 'penalty_k': 0.1650856491632629, 'scale_lr': 0.4020518524169153}. Best is trial 26 with value: 0.32998423046407066.
checkpoint_e16 window_influence: 0.31669081578279190, penalty_k: 0.09141884532548439, scale_lr: 0.26196930778651872, EAO: 0.297
Trial 36 finished with value: 0.2973984522810242 and parameters: {'window_influence': 0.3166908157827919, 'penalty_k': 0.09141884532548439, 'scale_lr': 0.2619693077865187}. Best is trial 26 with value: 0.32998423046407066.
checkpoint_e16 window_influence: 0.38374388631987505, penalty_k: 0.23045366759407537, scale_lr: 0.47325995563098971, EAO: 0.291
Trial 37 finished with value: 0.29083235144383246 and parameters: {'window_influence': 0.38374388631987505, 'penalty_k': 0.23045366759407537, 'scale_lr': 0.4732599556309897}. Best is trial 26 with value: 0.32998423046407066.
checkpoint_e16 window_influence: 0.56092482622360662, penalty_k: 0.18050659648802039, scale_lr: 0.32966211127328821, EAO: 0.300
Trial 38 finished with value: 0.30035447424951695 and parameters: {'window_influence': 0.5609248262236066, 'penalty_k': 0.1805065964880204, 'scale_lr': 0.3296621112732882}. Best is trial 26 with value: 0.32998423046407066.
checkpoint_e16 window_influence: 0.43609552985420336, penalty_k: 0.23970938021293209, scale_lr: 0.38803243225701384, EAO: 0.328
Trial 39 finished with value: 0.32781343051895556 and parameters: {'window_influence': 0.43609552985420336, 'penalty_k': 0.2397093802129321, 'scale_lr': 0.38803243225701384}. Best is trial 26 with value: 0.32998423046407066.
checkpoint_e16 window_influence: 0.38925352832503013, penalty_k: 0.05916166001918469, scale_lr: 0.38689639084160216, EAO: 0.322
Trial 40 finished with value: 0.3224020424635958 and parameters: {'window_influence': 0.38925352832503013, 'penalty_k': 0.059161660019184686, 'scale_lr': 0.38689639084160216}. Best is trial 26 with value: 0.32998423046407066.
checkpoint_e16 window_influence: 0.47979116741265143, penalty_k: 0.15258271704855311, scale_lr: 0.42585938142502533, EAO: 0.331
Trial 41 finished with value: 0.33106839424905143 and parameters: {'window_influence': 0.47979116741265143, 'penalty_k': 0.1525827170485531, 'scale_lr': 0.42585938142502533}. Best is trial 41 with value: 0.33106839424905143.
checkpoint_e16 window_influence: 0.48688713914577275, penalty_k: 0.14577146143992920, scale_lr: 0.44511626157614315, EAO: 0.335
Trial 42 finished with value: 0.3354991197817984 and parameters: {'window_influence': 0.48688713914577275, 'penalty_k': 0.1457714614399292, 'scale_lr': 0.44511626157614315}. Best is trial 42 with value: 0.3354991197817984.
checkpoint_e16 window_influence: 0.52689399266239567, penalty_k: 0.10634171686878428, scale_lr: 0.46541717277178773, EAO: 0.291
Trial 43 finished with value: 0.29110398163823303 and parameters: {'window_influence': 0.5268939926623957, 'penalty_k': 0.10634171686878428, 'scale_lr': 0.46541717277178773}. Best is trial 42 with value: 0.3354991197817984.
checkpoint_e16 window_influence: 0.48089252284135281, penalty_k: 0.05890420056499625, scale_lr: 0.50972035453290754, EAO: 0.309
Trial 44 finished with value: 0.30852897088351416 and parameters: {'window_influence': 0.4808925228413528, 'penalty_k': 0.05890420056499625, 'scale_lr': 0.5097203545329075}. Best is trial 42 with value: 0.3354991197817984.
checkpoint_e16 window_influence: 0.49664441475738902, penalty_k: 0.14104406310384210, scale_lr: 0.42993010467255727, EAO: 0.313
Trial 45 finished with value: 0.3128608974269392 and parameters: {'window_influence': 0.496644414757389, 'penalty_k': 0.1410440631038421, 'scale_lr': 0.42993010467255727}. Best is trial 42 with value: 0.3354991197817984.
checkpoint_e16 window_influence: 0.44507763745315043, penalty_k: 0.19620385813495866, scale_lr: 0.45432167238228294, EAO: 0.312
Trial 46 finished with value: 0.3122151506782042 and parameters: {'window_influence': 0.44507763745315043, 'penalty_k': 0.19620385813495866, 'scale_lr': 0.45432167238228294}. Best is trial 42 with value: 0.3354991197817984.
checkpoint_e16 window_influence: 0.57681295856452053, penalty_k: 0.14524614427840396, scale_lr: 0.54993300810596735, EAO: 0.270
Trial 47 finished with value: 0.2700820682345661 and parameters: {'window_influence': 0.5768129585645205, 'penalty_k': 0.14524614427840396, 'scale_lr': 0.5499330081059673}. Best is trial 42 with value: 0.3354991197817984.
checkpoint_e16 window_influence: 0.53612725490901558, penalty_k: 0.11745508207466293, scale_lr: 0.49390817756749661, EAO: 0.294
Trial 48 finished with value: 0.2939525060500616 and parameters: {'window_influence': 0.5361272549090156, 'penalty_k': 0.11745508207466293, 'scale_lr': 0.4939081775674966}. Best is trial 42 with value: 0.3354991197817984.
checkpoint_e16 window_influence: 0.47272710482879354, penalty_k: 0.24666512096375148, scale_lr: 0.45195928964044335, EAO: 0.321
Trial 49 finished with value: 0.32108292053181836 and parameters: {'window_influence': 0.47272710482879354, 'penalty_k': 0.24666512096375148, 'scale_lr': 0.45195928964044335}. Best is trial 42 with value: 0.3354991197817984.
checkpoint_e16 window_influence: 0.44321040445469440, penalty_k: 0.19557741005848225, scale_lr: 0.52242894165037823, EAO: 0.320
Trial 50 finished with value: 0.3197802848505139 and parameters: {'window_influence': 0.4432104044546944, 'penalty_k': 0.19557741005848225, 'scale_lr': 0.5224289416503782}. Best is trial 42 with value: 0.3354991197817984.
checkpoint_e16 window_influence: 0.45058959556093009, penalty_k: 0.15483401011084336, scale_lr: 0.40670976597833453, EAO: 0.322
Trial 51 finished with value: 0.3217415269246825 and parameters: {'window_influence': 0.4505895955609301, 'penalty_k': 0.15483401011084336, 'scale_lr': 0.4067097659783345}. Best is trial 42 with value: 0.3354991197817984.
checkpoint_e16 window_influence: 0.48930444936592959, penalty_k: 0.17434291441914934, scale_lr: 0.38544420395340956, EAO: 0.308
Trial 52 finished with value: 0.30808866366106247 and parameters: {'window_influence': 0.4893044493659296, 'penalty_k': 0.17434291441914934, 'scale_lr': 0.38544420395340956}. Best is trial 42 with value: 0.3354991197817984.
checkpoint_e16 window_influence: 0.36057630270386881, penalty_k: 0.20723200425256172, scale_lr: 0.42738152872978258, EAO: 0.294
Trial 53 finished with value: 0.2939995171842872 and parameters: {'window_influence': 0.3605763027038688, 'penalty_k': 0.20723200425256172, 'scale_lr': 0.4273815287297826}. Best is trial 42 with value: 0.3354991197817984.
checkpoint_e16 window_influence: 0.39796821108451058, penalty_k: 0.15314747879773796, scale_lr: 0.36055132165033671, EAO: 0.319
Trial 54 finished with value: 0.31905859726180363 and parameters: {'window_influence': 0.3979682110845106, 'penalty_k': 0.15314747879773796, 'scale_lr': 0.3605513216503367}. Best is trial 42 with value: 0.3354991197817984.
checkpoint_e16 window_influence: 0.42934239657938261, penalty_k: 0.18112820272667385, scale_lr: 0.41321911168548897, EAO: 0.335
Trial 55 finished with value: 0.33469283609770617 and parameters: {'window_influence': 0.4293423965793826, 'penalty_k': 0.18112820272667385, 'scale_lr': 0.41321911168548897}. Best is trial 42 with value: 0.3354991197817984.
checkpoint_e16 window_influence: 0.46532421443617833, penalty_k: 0.25107497322820455, scale_lr: 0.44193287717712620, EAO: 0.315
Trial 56 finished with value: 0.31518893303342366 and parameters: {'window_influence': 0.46532421443617833, 'penalty_k': 0.25107497322820455, 'scale_lr': 0.4419328771771262}. Best is trial 42 with value: 0.3354991197817984.
checkpoint_e16 window_influence: 0.37633858896341160, penalty_k: 0.19605813151068766, scale_lr: 0.47937888248682198, EAO: 0.301
Trial 57 finished with value: 0.3012515004970684 and parameters: {'window_influence': 0.3763385889634116, 'penalty_k': 0.19605813151068766, 'scale_lr': 0.479378882486822}. Best is trial 42 with value: 0.3354991197817984.
checkpoint_e16 window_influence: 0.43206401904349245, penalty_k: 0.12495687521278373, scale_lr: 0.37930093559159828, EAO: 0.325
Trial 58 finished with value: 0.3248584161472692 and parameters: {'window_influence': 0.43206401904349245, 'penalty_k': 0.12495687521278373, 'scale_lr': 0.3793009355915983}. Best is trial 42 with value: 0.3354991197817984.
checkpoint_e16 window_influence: 0.43963264526885798, penalty_k: 0.21669624443677629, scale_lr: 0.35057335745293922, EAO: 0.321
Trial 59 finished with value: 0.3211938040149815 and parameters: {'window_influence': 0.439632645268858, 'penalty_k': 0.2166962444367763, 'scale_lr': 0.3505733574529392}. Best is trial 42 with value: 0.3354991197817984.
checkpoint_e16 window_influence: 0.46205482827067468, penalty_k: 0.10184679667689156, scale_lr: 0.43602275270255897, EAO: 0.328
Trial 60 finished with value: 0.32831404250883406 and parameters: {'window_influence': 0.4620548282706747, 'penalty_k': 0.10184679667689156, 'scale_lr': 0.43602275270255897}. Best is trial 42 with value: 0.3354991197817984.
checkpoint_e16 window_influence: 0.48905840740279288, penalty_k: 0.10137950954038810, scale_lr: 0.42217061010773765, EAO: 0.318
Trial 61 finished with value: 0.3180514651165862 and parameters: {'window_influence': 0.4890584074027929, 'penalty_k': 0.1013795095403881, 'scale_lr': 0.42217061010773765}. Best is trial 42 with value: 0.3354991197817984.
checkpoint_e16 window_influence: 0.46453412811491984, penalty_k: 0.12869744607749806, scale_lr: 0.44253576225952357, EAO: 0.321
