Trial 310 finished with value: 0.31144864706445763 and parameters: {'window_influence': 0.535463885725171, 'penalty_k': 0.21540108098184657, 'scale_lr': 0.6741183681163907}. Best is trial 62 with value: 0.3726749919963718.
checkpoint_e29 window_influence: 0.49517845463465410, penalty_k: 0.08233824634716051, scale_lr: 0.70495132825009332, EAO: 0.354
Trial 311 finished with value: 0.3543068332894767 and parameters: {'window_influence': 0.4951784546346541, 'penalty_k': 0.08233824634716051, 'scale_lr': 0.7049513282500933}. Best is trial 62 with value: 0.3726749919963718.
checkpoint_e29 window_influence: 0.51169699351847342, penalty_k: 0.18530925736330178, scale_lr: 0.70927537222832970, EAO: 0.296
Trial 312 finished with value: 0.2955985634591329 and parameters: {'window_influence': 0.5116969935184734, 'penalty_k': 0.18530925736330178, 'scale_lr': 0.7092753722283297}. Best is trial 62 with value: 0.3726749919963718.
checkpoint_e29 window_influence: 0.52483084144389236, penalty_k: 0.07226529230011393, scale_lr: 0.64532344752511017, EAO: 0.302
Trial 313 finished with value: 0.30248998117122206 and parameters: {'window_influence': 0.5248308414438924, 'penalty_k': 0.07226529230011393, 'scale_lr': 0.6453234475251102}. Best is trial 62 with value: 0.3726749919963718.
checkpoint_e29 window_influence: 0.50049809324334360, penalty_k: 0.13978894799719010, scale_lr: 0.72285045072836041, EAO: 0.309
Trial 314 finished with value: 0.3091585501622597 and parameters: {'window_influence': 0.5004980932433436, 'penalty_k': 0.1397889479971901, 'scale_lr': 0.7228504507283604}. Best is trial 62 with value: 0.3726749919963718.
checkpoint_e29 window_influence: 0.48758426033993568, penalty_k: 0.24534805017825820, scale_lr: 0.66538881008655282, EAO: 0.342
Trial 315 finished with value: 0.34239414960493836 and parameters: {'window_influence': 0.4875842603399357, 'penalty_k': 0.2453480501782582, 'scale_lr': 0.6653888100865528}. Best is trial 62 with value: 0.3726749919963718.
checkpoint_e29 window_influence: 0.41755873844219793, penalty_k: 0.05901599798839157, scale_lr: 0.42300187710304288, EAO: 0.302
Trial 316 finished with value: 0.3021487170968074 and parameters: {'window_influence': 0.41755873844219793, 'penalty_k': 0.05901599798839157, 'scale_lr': 0.4230018771030429}. Best is trial 62 with value: 0.3726749919963718.
checkpoint_e29 window_influence: 0.50978697170763931, penalty_k: 0.08841474561704585, scale_lr: 0.68640465443325616, EAO: 0.329
Trial 317 finished with value: 0.32872756695237143 and parameters: {'window_influence': 0.5097869717076393, 'penalty_k': 0.08841474561704585, 'scale_lr': 0.6864046544332562}. Best is trial 62 with value: 0.3726749919963718.
checkpoint_e29 window_influence: 0.54956693999838013, penalty_k: 0.17367176393317874, scale_lr: 0.68697636513149951, EAO: 0.288
Trial 318 finished with value: 0.28817516727670156 and parameters: {'window_influence': 0.5495669399983801, 'penalty_k': 0.17367176393317874, 'scale_lr': 0.6869763651314995}. Best is trial 62 with value: 0.3726749919963718.
checkpoint_e29 window_influence: 0.44415667612155685, penalty_k: 0.06836557657885205, scale_lr: 0.73952627991053299, EAO: 0.334
Trial 319 finished with value: 0.3335681402265794 and parameters: {'window_influence': 0.44415667612155685, 'penalty_k': 0.06836557657885205, 'scale_lr': 0.739526279910533}. Best is trial 62 with value: 0.3726749919963718.
checkpoint_e29 window_influence: 0.40038273709528449, penalty_k: 0.11187672699784260, scale_lr: 0.70035194449556504, EAO: 0.310
Trial 320 finished with value: 0.30963042366829363 and parameters: {'window_influence': 0.4003827370952845, 'penalty_k': 0.1118767269978426, 'scale_lr': 0.700351944495565}. Best is trial 62 with value: 0.3726749919963718.
checkpoint_e29 window_influence: 0.25646878184181088, penalty_k: 0.23219260274691200, scale_lr: 0.69229976170414598, EAO: 0.318
Trial 321 finished with value: 0.3175061948684403 and parameters: {'window_influence': 0.2564687818418109, 'penalty_k': 0.232192602746912, 'scale_lr': 0.692299761704146}. Best is trial 62 with value: 0.3726749919963718.
checkpoint_e29 window_influence: 0.49849851667948253, penalty_k: 0.13373542343787748, scale_lr: 0.71699265498287457, EAO: 0.334
Trial 322 finished with value: 0.3341848189264884 and parameters: {'window_influence': 0.49849851667948253, 'penalty_k': 0.13373542343787748, 'scale_lr': 0.7169926549828746}. Best is trial 62 with value: 0.3726749919963718.
checkpoint_e29 window_influence: 0.21540225004750344, penalty_k: 0.03419521371664311, scale_lr: 0.62953611971782408, EAO: 0.302
Trial 323 finished with value: 0.30238970812656535 and parameters: {'window_influence': 0.21540225004750344, 'penalty_k': 0.03419521371664311, 'scale_lr': 0.6295361197178241}. Best is trial 62 with value: 0.3726749919963718.
checkpoint_e29 window_influence: 0.10286388851296885, penalty_k: 0.05717335122533089, scale_lr: 0.65629959640944202, EAO: 0.263
Trial 324 finished with value: 0.2631600809932219 and parameters: {'window_influence': 0.10286388851296885, 'penalty_k': 0.05717335122533089, 'scale_lr': 0.656299596409442}. Best is trial 62 with value: 0.3726749919963718.
checkpoint_e29 window_influence: 0.51963577785580539, penalty_k: 0.19869337166160733, scale_lr: 0.40220271405595598, EAO: 0.319
Trial 325 finished with value: 0.31863256001750784 and parameters: {'window_influence': 0.5196357778558054, 'penalty_k': 0.19869337166160733, 'scale_lr': 0.402202714055956}. Best is trial 62 with value: 0.3726749919963718.
checkpoint_e29 window_influence: 0.48263664087272901, penalty_k: 0.07837103182237240, scale_lr: 0.71171050862857055, EAO: 0.347
Trial 326 finished with value: 0.34737656540907774 and parameters: {'window_influence': 0.482636640872729, 'penalty_k': 0.0783710318223724, 'scale_lr': 0.7117105086285705}. Best is trial 62 with value: 0.3726749919963718.
checkpoint_e29 window_influence: 0.46593570967855269, penalty_k: 0.04725827715961214, scale_lr: 0.66656354634124559, EAO: 0.326
Trial 327 finished with value: 0.32618357032421497 and parameters: {'window_influence': 0.4659357096785527, 'penalty_k': 0.04725827715961214, 'scale_lr': 0.6665635463412456}. Best is trial 62 with value: 0.3726749919963718.
checkpoint_e29 window_influence: 0.38487229699064096, penalty_k: 0.15553300236629103, scale_lr: 0.61691957060159908, EAO: 0.318
Trial 328 finished with value: 0.31823403785432824 and parameters: {'window_influence': 0.38487229699064096, 'penalty_k': 0.15553300236629103, 'scale_lr': 0.6169195706015991}. Best is trial 62 with value: 0.3726749919963718.
checkpoint_e29 window_influence: 0.50868034915105964, penalty_k: 0.03004806809212937, scale_lr: 0.57945035834325198, EAO: 0.351
Trial 329 finished with value: 0.35092592424919633 and parameters: {'window_influence': 0.5086803491510596, 'penalty_k': 0.03004806809212937, 'scale_lr': 0.579450358343252}. Best is trial 62 with value: 0.3726749919963718.
checkpoint_e29 window_influence: 0.52959863594704570, penalty_k: 0.02666398848921777, scale_lr: 0.58004962749436151, EAO: 0.304
Trial 330 finished with value: 0.30416860596679063 and parameters: {'window_influence': 0.5295986359470457, 'penalty_k': 0.026663988489217767, 'scale_lr': 0.5800496274943615}. Best is trial 62 with value: 0.3726749919963718.
checkpoint_e29 window_influence: 0.49311361648190255, penalty_k: 0.03862607501664422, scale_lr: 0.67774186347254972, EAO: 0.344
Trial 331 finished with value: 0.34432563023344553 and parameters: {'window_influence': 0.49311361648190255, 'penalty_k': 0.038626075016644223, 'scale_lr': 0.6777418634725497}. Best is trial 62 with value: 0.3726749919963718.
checkpoint_e29 window_influence: 0.51518393160728249, penalty_k: 0.09294423405663159, scale_lr: 0.54696844356232110, EAO: 0.353
Trial 332 finished with value: 0.35285930921131536 and parameters: {'window_influence': 0.5151839316072825, 'penalty_k': 0.09294423405663159, 'scale_lr': 0.5469684435623211}. Best is trial 62 with value: 0.3726749919963718.
checkpoint_e29 window_influence: 0.42663819731005315, penalty_k: 0.09902558639574580, scale_lr: 0.69892175870081619, EAO: 0.328
Trial 333 finished with value: 0.32755336026273346 and parameters: {'window_influence': 0.42663819731005315, 'penalty_k': 0.0990255863957458, 'scale_lr': 0.6989217587008162}. Best is trial 62 with value: 0.3726749919963718.
checkpoint_e29 window_influence: 0.53832100280008288, penalty_k: 0.08408207389623037, scale_lr: 0.54748690594521277, EAO: 0.315
Trial 334 finished with value: 0.31479964454582227 and parameters: {'window_influence': 0.5383210028000829, 'penalty_k': 0.08408207389623037, 'scale_lr': 0.5474869059452128}. Best is trial 62 with value: 0.3726749919963718.
checkpoint_e29 window_influence: 0.52253349189054643, penalty_k: 0.11251921071758351, scale_lr: 0.53093408850529178, EAO: 0.311
Trial 335 finished with value: 0.3111264024959 and parameters: {'window_influence': 0.5225334918905464, 'penalty_k': 0.11251921071758351, 'scale_lr': 0.5309340885052918}. Best is trial 62 with value: 0.3726749919963718.
checkpoint_e29 window_influence: 0.35570189530764040, penalty_k: 0.09215034125753892, scale_lr: 0.56232238844610338, EAO: 0.329
Trial 336 finished with value: 0.32895805272146883 and parameters: {'window_influence': 0.3557018953076404, 'penalty_k': 0.09215034125753892, 'scale_lr': 0.5623223884461034}. Best is trial 62 with value: 0.3726749919963718.
checkpoint_e29 window_influence: 0.32620092818458546, penalty_k: 0.07018270866074143, scale_lr: 0.75324203874107931, EAO: 0.322
Trial 337 finished with value: 0.32249972409775285 and parameters: {'window_influence': 0.32620092818458546, 'penalty_k': 0.07018270866074143, 'scale_lr': 0.7532420387410793}. Best is trial 62 with value: 0.3726749919963718.
checkpoint_e29 window_influence: 0.48500493258602495, penalty_k: 0.08101297183426089, scale_lr: 0.43543896657867265, EAO: 0.349
Trial 338 finished with value: 0.34892912272813253 and parameters: {'window_influence': 0.48500493258602495, 'penalty_k': 0.08101297183426089, 'scale_lr': 0.43543896657867265}. Best is trial 62 with value: 0.3726749919963718.
checkpoint_e29 window_influence: 0.51261020598674079, penalty_k: 0.09914814392885318, scale_lr: 0.54312769911521408, EAO: 0.315
Trial 339 finished with value: 0.31481769953488375 and parameters: {'window_influence': 0.5126102059867408, 'penalty_k': 0.09914814392885318, 'scale_lr': 0.5431276991152141}. Best is trial 62 with value: 0.3726749919963718.
checkpoint_e29 window_influence: 0.31253354852876269, penalty_k: 0.06326665402943554, scale_lr: 0.36444785959968218, EAO: 0.298
Trial 340 finished with value: 0.2980104757306177 and parameters: {'window_influence': 0.3125335485287627, 'penalty_k': 0.06326665402943554, 'scale_lr': 0.3644478595996822}. Best is trial 62 with value: 0.3726749919963718.
checkpoint_e29 window_influence: 0.46237171910930291, penalty_k: 0.12904864587456391, scale_lr: 0.45067634139539275, EAO: 0.323
Trial 341 finished with value: 0.32303159808602316 and parameters: {'window_influence': 0.4623717191093029, 'penalty_k': 0.1290486458745639, 'scale_lr': 0.45067634139539275}. Best is trial 62 with value: 0.3726749919963718.
checkpoint_e29 window_influence: 0.49624977548986521, penalty_k: 0.27743344472494241, scale_lr: 0.53179366032989717, EAO: 0.297
Trial 342 finished with value: 0.2972091236351065 and parameters: {'window_influence': 0.4962497754898652, 'penalty_k': 0.2774334447249424, 'scale_lr': 0.5317936603298972}. Best is trial 62 with value: 0.3726749919963718.
checkpoint_e29 window_influence: 0.47655505127381687, penalty_k: 0.04906259767683809, scale_lr: 0.51135188408024534, EAO: 0.321
Trial 343 finished with value: 0.3205543595297327 and parameters: {'window_influence': 0.47655505127381687, 'penalty_k': 0.049062597676838085, 'scale_lr': 0.5113518840802453}. Best is trial 62 with value: 0.3726749919963718.
checkpoint_e29 window_influence: 0.18251752346733421, penalty_k: 0.07306948039769809, scale_lr: 0.38240033638205839, EAO: 0.274
Trial 344 finished with value: 0.27420530645068053 and parameters: {'window_influence': 0.18251752346733421, 'penalty_k': 0.07306948039769809, 'scale_lr': 0.3824003363820584}. Best is trial 62 with value: 0.3726749919963718.
checkpoint_e29 window_influence: 0.50419959542445092, penalty_k: 0.06084890046443557, scale_lr: 0.41241130028037282, EAO: 0.338
Trial 345 finished with value: 0.3382314711461271 and parameters: {'window_influence': 0.5041995954244509, 'penalty_k': 0.06084890046443557, 'scale_lr': 0.4124113002803728}. Best is trial 62 with value: 0.3726749919963718.
checkpoint_e29 window_influence: 0.51783170950600521, penalty_k: 0.16640552583904838, scale_lr: 0.43396073858979090, EAO: 0.318
Trial 346 finished with value: 0.31830268129996286 and parameters: {'window_influence': 0.5178317095060052, 'penalty_k': 0.16640552583904838, 'scale_lr': 0.4339607385897909}. Best is trial 62 with value: 0.3726749919963718.
checkpoint_e29 window_influence: 0.54949784480781450, penalty_k: 0.18909105524008413, scale_lr: 0.56582727741222050, EAO: 0.298
Trial 347 finished with value: 0.2978794648373637 and parameters: {'window_influence': 0.5494978448078145, 'penalty_k': 0.18909105524008413, 'scale_lr': 0.5658272774122205}. Best is trial 62 with value: 0.3726749919963718.
checkpoint_e29 window_influence: 0.27821422701571585, penalty_k: 0.21181536584225683, scale_lr: 0.55309758241793061, EAO: 0.309
Trial 348 finished with value: 0.30853802325196766 and parameters: {'window_influence': 0.27821422701571585, 'penalty_k': 0.21181536584225683, 'scale_lr': 0.5530975824179306}. Best is trial 62 with value: 0.3726749919963718.
checkpoint_e29 window_influence: 0.49106070704746413, penalty_k: 0.08919435491687389, scale_lr: 0.49379498527552690, EAO: 0.339
Trial 349 finished with value: 0.3386826393437293 and parameters: {'window_influence': 0.49106070704746413, 'penalty_k': 0.08919435491687389, 'scale_lr': 0.4937949852755269}. Best is trial 62 with value: 0.3726749919963718.
checkpoint_e29 window_influence: 0.48065658228112240, penalty_k: 0.24440890616182592, scale_lr: 0.59717799089508772, EAO: 0.339
Trial 350 finished with value: 0.3391955882194905 and parameters: {'window_influence': 0.4806565822811224, 'penalty_k': 0.24440890616182592, 'scale_lr': 0.5971779908950877}. Best is trial 62 with value: 0.3726749919963718.
checkpoint_e29 window_influence: 0.50297692870117605, penalty_k: 0.11343833053380185, scale_lr: 0.44581995616986853, EAO: 0.343
Trial 351 finished with value: 0.34284249887392215 and parameters: {'window_influence': 0.502976928701176, 'penalty_k': 0.11343833053380185, 'scale_lr': 0.4458199561698685}. Best is trial 62 with value: 0.3726749919963718.
checkpoint_e29 window_influence: 0.56699624464896670, penalty_k: 0.04271138086698310, scale_lr: 0.39979113597589278, EAO: 0.301
Trial 352 finished with value: 0.30114831134734915 and parameters: {'window_influence': 0.5669962446489667, 'penalty_k': 0.042711380866983104, 'scale_lr': 0.3997911359758928}. Best is trial 62 with value: 0.3726749919963718.
checkpoint_e29 window_influence: 0.33765316294180481, penalty_k: 0.14581637798651045, scale_lr: 0.64884013758836723, EAO: 0.324
Trial 353 finished with value: 0.3240470321493854 and parameters: {'window_influence': 0.3376531629418048, 'penalty_k': 0.14581637798651045, 'scale_lr': 0.6488401375883672}. Best is trial 62 with value: 0.3726749919963718.
checkpoint_e29 window_influence: 0.52533531688465185, penalty_k: 0.22210472604870782, scale_lr: 0.51151442763777810, EAO: 0.302
Trial 354 finished with value: 0.3019348170158928 and parameters: {'window_influence': 0.5253353168846518, 'penalty_k': 0.22210472604870782, 'scale_lr': 0.5115144276377781}. Best is trial 62 with value: 0.3726749919963718.
checkpoint_e29 window_influence: 0.46240651779928560, penalty_k: 0.07347768717682726, scale_lr: 0.42333796339371482, EAO: 0.339
Trial 355 finished with value: 0.33852021645479163 and parameters: {'window_influence': 0.4624065177992856, 'penalty_k': 0.07347768717682726, 'scale_lr': 0.4233379633937148}. Best is trial 62 with value: 0.3726749919963718.
checkpoint_e29 window_influence: 0.51393940428702034, penalty_k: 0.10098581096066914, scale_lr: 0.47773930442870971, EAO: 0.326
Trial 356 finished with value: 0.3259450951554896 and parameters: {'window_influence': 0.5139394042870203, 'penalty_k': 0.10098581096066914, 'scale_lr': 0.4777393044287097}. Best is trial 62 with value: 0.3726749919963718.
checkpoint_e29 window_influence: 0.53233704931568826, penalty_k: 0.02367705542891944, scale_lr: 0.52867687755113102, EAO: 0.322
Trial 357 finished with value: 0.3219910657127544 and parameters: {'window_influence': 0.5323370493156883, 'penalty_k': 0.02367705542891944, 'scale_lr': 0.528676877551131}. Best is trial 62 with value: 0.3726749919963718.
checkpoint_e29 window_influence: 0.49468821772126315, penalty_k: 0.05513531891402081, scale_lr: 0.68017255848948066, EAO: 0.324
Trial 358 finished with value: 0.3238213971431153 and parameters: {'window_influence': 0.49468821772126315, 'penalty_k': 0.055135318914020806, 'scale_lr': 0.6801725584894807}. Best is trial 62 with value: 0.3726749919963718.
checkpoint_e29 window_influence: 0.44114992062937025, penalty_k: 0.08164631875400580, scale_lr: 0.55645734088294141, EAO: 0.316
Trial 359 finished with value: 0.3164193137378544 and parameters: {'window_influence': 0.44114992062937025, 'penalty_k': 0.0816463187540058, 'scale_lr': 0.5564573408829414}. Best is trial 62 with value: 0.3726749919963718.
checkpoint_e29 window_influence: 0.47776892179936981, penalty_k: 0.03747740041263904, scale_lr: 0.63142719259028768, EAO: 0.352
Trial 360 finished with value: 0.35170043686020697 and parameters: {'window_influence': 0.4777689217993698, 'penalty_k': 0.03747740041263904, 'scale_lr': 0.6314271925902877}. Best is trial 62 with value: 0.3726749919963718.
checkpoint_e29 window_influence: 0.47023367145543393, penalty_k: 0.25744754075779996, scale_lr: 0.62671084999701820, EAO: 0.323
Trial 361 finished with value: 0.3227093870885641 and parameters: {'window_influence': 0.47023367145543393, 'penalty_k': 0.25744754075779996, 'scale_lr': 0.6267108499970182}. Best is trial 62 with value: 0.3726749919963718.
checkpoint_e29 window_influence: 0.51007920127549289, penalty_k: 0.03975030519925528, scale_lr: 0.63890836233987336, EAO: 0.330
Trial 362 finished with value: 0.33016011281236135 and parameters: {'window_influence': 0.5100792012754929, 'penalty_k': 0.03975030519925528, 'scale_lr': 0.6389083623398734}. Best is trial 62 with value: 0.3726749919963718.
checkpoint_e29 window_influence: 0.45251750154975151, penalty_k: 0.03268885261174333, scale_lr: 0.60480161856066883, EAO: 0.331
Trial 363 finished with value: 0.33093659875457854 and parameters: {'window_influence': 0.4525175015497515, 'penalty_k': 0.03268885261174333, 'scale_lr': 0.6048016185606688}. Best is trial 62 with value: 0.3726749919963718.
checkpoint_e29 window_influence: 0.49482221336529575, penalty_k: 0.12292850202792008, scale_lr: 0.58841586600762863, EAO: 0.351
Trial 364 finished with value: 0.35054865201159674 and parameters: {'window_influence': 0.49482221336529575, 'penalty_k': 0.12292850202792008, 'scale_lr': 0.5884158660076286}. Best is trial 62 with value: 0.3726749919963718.
checkpoint_e29 window_influence: 0.53989892653279903, penalty_k: 0.02742588977507257, scale_lr: 0.66146590227628377, EAO: 0.317
Trial 365 finished with value: 0.3173642511613638 and parameters: {'window_influence': 0.539898926532799, 'penalty_k': 0.027425889775072567, 'scale_lr': 0.6614659022762838}. Best is trial 62 with value: 0.3726749919963718.
checkpoint_e29 window_influence: 0.48216264430148353, penalty_k: 0.17254181510460218, scale_lr: 0.63183684666692586, EAO: 0.337
Trial 366 finished with value: 0.3373801678071226 and parameters: {'window_influence': 0.48216264430148353, 'penalty_k': 0.17254181510460218, 'scale_lr': 0.6318368466669259}. Best is trial 62 with value: 0.3726749919963718.
checkpoint_e29 window_influence: 0.36252845225464142, penalty_k: 0.01679574067415235, scale_lr: 0.62047997747752504, EAO: 0.299
Trial 367 finished with value: 0.299069804556175 and parameters: {'window_influence': 0.3625284522546414, 'penalty_k': 0.01679574067415235, 'scale_lr': 0.620479977477525}. Best is trial 62 with value: 0.3726749919963718.
checkpoint_e29 window_influence: 0.40489135440701080, penalty_k: 0.04677033387497681, scale_lr: 0.70067705236137334, EAO: 0.312
Trial 368 finished with value: 0.3122186816156142 and parameters: {'window_influence': 0.4048913544070108, 'penalty_k': 0.04677033387497681, 'scale_lr': 0.7006770523613733}. Best is trial 62 with value: 0.3726749919963718.
checkpoint_e29 window_influence: 0.50391610821720823, penalty_k: 0.20228835995297609, scale_lr: 0.53867434255007640, EAO: 0.312
Trial 369 finished with value: 0.31212595893715145 and parameters: {'window_influence': 0.5039161082172082, 'penalty_k': 0.2022883599529761, 'scale_lr': 0.5386743425500764}. Best is trial 62 with value: 0.3726749919963718.
checkpoint_e29 window_influence: 0.52141177102156955, penalty_k: 0.13701738648708292, scale_lr: 0.64916707389618600, EAO: 0.311
Trial 370 finished with value: 0.31134573245558755 and parameters: {'window_influence': 0.5214117710215695, 'penalty_k': 0.13701738648708292, 'scale_lr': 0.649167073896186}. Best is trial 62 with value: 0.3726749919963718.
checkpoint_e29 window_influence: 0.49122395930180879, penalty_k: 0.38813971820648824, scale_lr: 0.56942210509915592, EAO: 0.308
Trial 371 finished with value: 0.3078404518300921 and parameters: {'window_influence': 0.4912239593018088, 'penalty_k': 0.38813971820648824, 'scale_lr': 0.5694221050991559}. Best is trial 62 with value: 0.3726749919963718.
checkpoint_e29 window_influence: 0.47290754750129371, penalty_k: 0.06648623366528740, scale_lr: 0.59605595284940749, EAO: 0.335
