Trial 92 finished with value: 0.3099112139601652 and parameters: {'window_influence': 0.33700742823925284, 'penalty_k': 0.5383865065029906, 'scale_lr': 0.7036769025249233}. Best is trial 56 with value: 0.34509869424285594.
checkpoint_e31 window_influence: 0.36168525114767996, penalty_k: 0.55517768117295041, scale_lr: 0.68513645549583968, EAO: 0.299
Trial 93 finished with value: 0.298615820329013 and parameters: {'window_influence': 0.36168525114767996, 'penalty_k': 0.5551776811729504, 'scale_lr': 0.6851364554958397}. Best is trial 56 with value: 0.34509869424285594.
checkpoint_e31 window_influence: 0.43737875135174620, penalty_k: 0.52380320620839949, scale_lr: 0.78449773364569464, EAO: 0.327
Trial 94 finished with value: 0.3273735248161197 and parameters: {'window_influence': 0.4373787513517462, 'penalty_k': 0.5238032062083995, 'scale_lr': 0.7844977336456946}. Best is trial 56 with value: 0.34509869424285594.
checkpoint_e31 window_influence: 0.43608314595727338, penalty_k: 0.47194284851763640, scale_lr: 0.78134323507940029, EAO: 0.327
Trial 95 finished with value: 0.32722109625775525 and parameters: {'window_influence': 0.4360831459572734, 'penalty_k': 0.4719428485176364, 'scale_lr': 0.7813432350794003}. Best is trial 56 with value: 0.34509869424285594.
checkpoint_e31 window_influence: 0.45231523402337404, penalty_k: 0.52671127296607378, scale_lr: 0.78375377048167483, EAO: 0.322
Trial 96 finished with value: 0.3221632405129852 and parameters: {'window_influence': 0.45231523402337404, 'penalty_k': 0.5267112729660738, 'scale_lr': 0.7837537704816748}. Best is trial 56 with value: 0.34509869424285594.
checkpoint_e31 window_influence: 0.43489723970627031, penalty_k: 0.48621464397049541, scale_lr: 0.79974239510791234, EAO: 0.332
Trial 97 finished with value: 0.33201727514600937 and parameters: {'window_influence': 0.4348972397062703, 'penalty_k': 0.4862146439704954, 'scale_lr': 0.7997423951079123}. Best is trial 56 with value: 0.34509869424285594.
checkpoint_e31 window_influence: 0.45895228601597854, penalty_k: 0.47410370047626910, scale_lr: 0.79847779964443166, EAO: 0.333
Trial 98 finished with value: 0.3325655287573774 and parameters: {'window_influence': 0.45895228601597854, 'penalty_k': 0.4741037004762691, 'scale_lr': 0.7984777996444317}. Best is trial 56 with value: 0.34509869424285594.
checkpoint_e31 window_influence: 0.43094487973302076, penalty_k: 0.45011458370261792, scale_lr: 0.79105569361584682, EAO: 0.329
Trial 99 finished with value: 0.3292647768319349 and parameters: {'window_influence': 0.43094487973302076, 'penalty_k': 0.4501145837026179, 'scale_lr': 0.7910556936158468}. Best is trial 56 with value: 0.34509869424285594.
checkpoint_e31 window_influence: 0.43623885022156039, penalty_k: 0.44202414520397010, scale_lr: 0.79848693164136286, EAO: 0.314
Trial 100 finished with value: 0.31399211415057054 and parameters: {'window_influence': 0.4362388502215604, 'penalty_k': 0.4420241452039701, 'scale_lr': 0.7984869316413629}. Best is trial 56 with value: 0.34509869424285594.
checkpoint_e31 window_influence: 0.44013601249813483, penalty_k: 0.45191372474059460, scale_lr: 0.76240051605761139, EAO: 0.328
Trial 101 finished with value: 0.3281542008257098 and parameters: {'window_influence': 0.44013601249813483, 'penalty_k': 0.4519137247405946, 'scale_lr': 0.7624005160576114}. Best is trial 56 with value: 0.34509869424285594.
checkpoint_e31 window_influence: 0.45232325212927110, penalty_k: 0.49402613405432699, scale_lr: 0.76687800188769606, EAO: 0.306
Trial 102 finished with value: 0.30570380418680987 and parameters: {'window_influence': 0.4523232521292711, 'penalty_k': 0.494026134054327, 'scale_lr': 0.7668780018876961}. Best is trial 56 with value: 0.34509869424285594.
checkpoint_e31 window_influence: 0.41679678583595231, penalty_k: 0.45084484000315622, scale_lr: 0.79659712800641502, EAO: 0.323
Trial 103 finished with value: 0.32258909013020853 and parameters: {'window_influence': 0.4167967858359523, 'penalty_k': 0.4508448400031562, 'scale_lr': 0.796597128006415}. Best is trial 56 with value: 0.34509869424285594.
checkpoint_e31 window_influence: 0.43663560807826812, penalty_k: 0.47913589259733053, scale_lr: 0.76401475098788230, EAO: 0.329
Trial 104 finished with value: 0.3293130942819647 and parameters: {'window_influence': 0.4366356080782681, 'penalty_k': 0.4791358925973305, 'scale_lr': 0.7640147509878823}. Best is trial 56 with value: 0.34509869424285594.
checkpoint_e31 window_influence: 0.48716038205572215, penalty_k: 0.42260066360387699, scale_lr: 0.76211075974575704, EAO: 0.316
Trial 105 finished with value: 0.316246458644533 and parameters: {'window_influence': 0.48716038205572215, 'penalty_k': 0.422600663603877, 'scale_lr': 0.762110759745757}. Best is trial 56 with value: 0.34509869424285594.
checkpoint_e31 window_influence: 0.39834286473959318, penalty_k: 0.47919834035037923, scale_lr: 0.75023943455330111, EAO: 0.334
Trial 106 finished with value: 0.33427362996316606 and parameters: {'window_influence': 0.3983428647395932, 'penalty_k': 0.4791983403503792, 'scale_lr': 0.7502394345533011}. Best is trial 56 with value: 0.34509869424285594.
checkpoint_e31 window_influence: 0.45351919957602749, penalty_k: 0.45326847803982340, scale_lr: 0.74226963419605962, EAO: 0.319
Trial 107 finished with value: 0.3185886719811287 and parameters: {'window_influence': 0.4535191995760275, 'penalty_k': 0.4532684780398234, 'scale_lr': 0.7422696341960596}. Best is trial 56 with value: 0.34509869424285594.
checkpoint_e31 window_influence: 0.40365790908868265, penalty_k: 0.48086197260868713, scale_lr: 0.75173647016313483, EAO: 0.316
Trial 108 finished with value: 0.31620217819158203 and parameters: {'window_influence': 0.40365790908868265, 'penalty_k': 0.4808619726086871, 'scale_lr': 0.7517364701631348}. Best is trial 56 with value: 0.34509869424285594.
checkpoint_e31 window_influence: 0.42487553808191547, penalty_k: 0.46981475557156982, scale_lr: 0.79955748909420754, EAO: 0.320
Trial 109 finished with value: 0.32021156144745155 and parameters: {'window_influence': 0.42487553808191547, 'penalty_k': 0.4698147555715698, 'scale_lr': 0.7995574890942075}. Best is trial 56 with value: 0.34509869424285594.
checkpoint_e31 window_influence: 0.47528773895385418, penalty_k: 0.42944637195444324, scale_lr: 0.76791725645528197, EAO: 0.342
Trial 110 finished with value: 0.3419785122695136 and parameters: {'window_influence': 0.4752877389538542, 'penalty_k': 0.42944637195444324, 'scale_lr': 0.767917256455282}. Best is trial 56 with value: 0.34509869424285594.
checkpoint_e31 window_influence: 0.46696833482839828, penalty_k: 0.43006596160452115, scale_lr: 0.76889876075657393, EAO: 0.340
Trial 111 finished with value: 0.3401411194281819 and parameters: {'window_influence': 0.4669683348283983, 'penalty_k': 0.43006596160452115, 'scale_lr': 0.7688987607565739}. Best is trial 56 with value: 0.34509869424285594.
checkpoint_e31 window_influence: 0.47401026873434132, penalty_k: 0.42506535760555497, scale_lr: 0.77307349648930401, EAO: 0.310
Trial 112 finished with value: 0.30988566699195 and parameters: {'window_influence': 0.4740102687343413, 'penalty_k': 0.42506535760555497, 'scale_lr': 0.773073496489304}. Best is trial 56 with value: 0.34509869424285594.
checkpoint_e31 window_influence: 0.45817944493787538, penalty_k: 0.48272121094540332, scale_lr: 0.73637106675813546, EAO: 0.305
Trial 113 finished with value: 0.304564699704545 and parameters: {'window_influence': 0.4581794449378754, 'penalty_k': 0.4827212109454033, 'scale_lr': 0.7363710667581355}. Best is trial 56 with value: 0.34509869424285594.
checkpoint_e31 window_influence: 0.48352749418921198, penalty_k: 0.41174843345787054, scale_lr: 0.78684041140398753, EAO: 0.324
Trial 114 finished with value: 0.3241036127861372 and parameters: {'window_influence': 0.483527494189212, 'penalty_k': 0.41174843345787054, 'scale_lr': 0.7868404114039875}. Best is trial 56 with value: 0.34509869424285594.
checkpoint_e31 window_influence: 0.46463955785050709, penalty_k: 0.40193228696314137, scale_lr: 0.74676906768948137, EAO: 0.320
Trial 115 finished with value: 0.3203353478866792 and parameters: {'window_influence': 0.4646395578505071, 'penalty_k': 0.40193228696314137, 'scale_lr': 0.7467690676894814}. Best is trial 56 with value: 0.34509869424285594.
checkpoint_e31 window_influence: 0.47461746647634795, penalty_k: 0.43218836487455836, scale_lr: 0.76870632593227506, EAO: 0.335
Trial 116 finished with value: 0.33530326889182804 and parameters: {'window_influence': 0.47461746647634795, 'penalty_k': 0.43218836487455836, 'scale_lr': 0.7687063259322751}. Best is trial 56 with value: 0.34509869424285594.
checkpoint_e31 window_influence: 0.49674813777803817, penalty_k: 0.43307659892868999, scale_lr: 0.76736353401904933, EAO: 0.310
Trial 117 finished with value: 0.3103216596034714 and parameters: {'window_influence': 0.49674813777803817, 'penalty_k': 0.43307659892869, 'scale_lr': 0.7673635340190493}. Best is trial 56 with value: 0.34509869424285594.
checkpoint_e31 window_influence: 0.47441291121928625, penalty_k: 0.46182487459572391, scale_lr: 0.72616767117365311, EAO: 0.333
Trial 118 finished with value: 0.3328487853363794 and parameters: {'window_influence': 0.47441291121928625, 'penalty_k': 0.4618248745957239, 'scale_lr': 0.7261676711736531}. Best is trial 56 with value: 0.34509869424285594.
checkpoint_e31 window_influence: 0.47549284031369937, penalty_k: 0.46404763512377722, scale_lr: 0.70326069115050971, EAO: 0.311
Trial 119 finished with value: 0.3113289527044222 and parameters: {'window_influence': 0.47549284031369937, 'penalty_k': 0.4640476351237772, 'scale_lr': 0.7032606911505097}. Best is trial 56 with value: 0.34509869424285594.
checkpoint_e31 window_influence: 0.50008869862123262, penalty_k: 0.44019750154747794, scale_lr: 0.72819071295845350, EAO: 0.299
Trial 120 finished with value: 0.2993110453108405 and parameters: {'window_influence': 0.5000886986212326, 'penalty_k': 0.44019750154747794, 'scale_lr': 0.7281907129584535}. Best is trial 56 with value: 0.34509869424285594.
checkpoint_e31 window_influence: 0.44842196138961843, penalty_k: 0.47619203760208950, scale_lr: 0.74923586041936607, EAO: 0.326
Trial 121 finished with value: 0.3260463061035839 and parameters: {'window_influence': 0.44842196138961843, 'penalty_k': 0.4761920376020895, 'scale_lr': 0.7492358604193661}. Best is trial 56 with value: 0.34509869424285594.
checkpoint_e31 window_influence: 0.47838433528555940, penalty_k: 0.49197773267560951, scale_lr: 0.77218372833394722, EAO: 0.323
Trial 122 finished with value: 0.32286621148948075 and parameters: {'window_influence': 0.4783843352855594, 'penalty_k': 0.4919777326756095, 'scale_lr': 0.7721837283339472}. Best is trial 56 with value: 0.34509869424285594.
checkpoint_e31 window_influence: 0.46299561210565687, penalty_k: 0.50606115355201575, scale_lr: 0.72701877756715805, EAO: 0.328
Trial 123 finished with value: 0.3278543184355539 and parameters: {'window_influence': 0.4629956121056569, 'penalty_k': 0.5060611535520158, 'scale_lr': 0.727018777567158}. Best is trial 56 with value: 0.34509869424285594.
checkpoint_e31 window_influence: 0.48865871813338635, penalty_k: 0.39927114519905393, scale_lr: 0.74341321423033646, EAO: 0.318
Trial 124 finished with value: 0.3175881308456339 and parameters: {'window_influence': 0.48865871813338635, 'penalty_k': 0.39927114519905393, 'scale_lr': 0.7434132142303365}. Best is trial 56 with value: 0.34509869424285594.
checkpoint_e31 window_influence: 0.44377258602224812, penalty_k: 0.38750776726967456, scale_lr: 0.76743839029905203, EAO: 0.335
Trial 125 finished with value: 0.33488956151769317 and parameters: {'window_influence': 0.4437725860222481, 'penalty_k': 0.38750776726967456, 'scale_lr': 0.767438390299052}. Best is trial 56 with value: 0.34509869424285594.
checkpoint_e31 window_influence: 0.51001402568100696, penalty_k: 0.41854150589119776, scale_lr: 0.78084246940898905, EAO: 0.301
Trial 126 finished with value: 0.30118977646651435 and parameters: {'window_influence': 0.510014025681007, 'penalty_k': 0.41854150589119776, 'scale_lr': 0.780842469408989}. Best is trial 56 with value: 0.34509869424285594.
checkpoint_e31 window_influence: 0.41906382285597160, penalty_k: 0.40947785296426259, scale_lr: 0.75309076721669610, EAO: 0.301
Trial 127 finished with value: 0.30105248586445005 and parameters: {'window_influence': 0.4190638228559716, 'penalty_k': 0.4094778529642626, 'scale_lr': 0.7530907672166961}. Best is trial 56 with value: 0.34509869424285594.
checkpoint_e31 window_influence: 0.47311832998642167, penalty_k: 0.37845697984981563, scale_lr: 0.71590122583824445, EAO: 0.326
Trial 128 finished with value: 0.3264371219891982 and parameters: {'window_influence': 0.47311832998642167, 'penalty_k': 0.37845697984981563, 'scale_lr': 0.7159012258382444}. Best is trial 56 with value: 0.34509869424285594.
checkpoint_e31 window_influence: 0.45992300525735352, penalty_k: 0.42589276746346977, scale_lr: 0.79971789701058249, EAO: 0.328
Trial 129 finished with value: 0.3276169288483111 and parameters: {'window_influence': 0.4599230052573535, 'penalty_k': 0.42589276746346977, 'scale_lr': 0.7997178970105825}. Best is trial 56 with value: 0.34509869424285594.
checkpoint_e31 window_influence: 0.45064257543328967, penalty_k: 0.38984001819355468, scale_lr: 0.68637739980915957, EAO: 0.326
Trial 130 finished with value: 0.3258432489656753 and parameters: {'window_influence': 0.45064257543328967, 'penalty_k': 0.3898400181935547, 'scale_lr': 0.6863773998091596}. Best is trial 56 with value: 0.34509869424285594.
checkpoint_e31 window_influence: 0.44465733983999695, penalty_k: 0.46140903035546166, scale_lr: 0.76531765069538071, EAO: 0.333
Trial 131 finished with value: 0.33329970131588355 and parameters: {'window_influence': 0.44465733983999695, 'penalty_k': 0.46140903035546166, 'scale_lr': 0.7653176506953807}. Best is trial 56 with value: 0.34509869424285594.
checkpoint_e31 window_influence: 0.40954987249637070, penalty_k: 0.45864118533138537, scale_lr: 0.76851321174820597, EAO: 0.335
Trial 132 finished with value: 0.33450098759005503 and parameters: {'window_influence': 0.4095498724963707, 'penalty_k': 0.45864118533138537, 'scale_lr': 0.768513211748206}. Best is trial 56 with value: 0.34509869424285594.
checkpoint_e31 window_influence: 0.41085512419689635, penalty_k: 0.45461890683530448, scale_lr: 0.77406944495719365, EAO: 0.312
Trial 133 finished with value: 0.3120313634668343 and parameters: {'window_influence': 0.41085512419689635, 'penalty_k': 0.4546189068353045, 'scale_lr': 0.7740694449571937}. Best is trial 56 with value: 0.34509869424285594.
checkpoint_e31 window_influence: 0.39555345931227276, penalty_k: 0.46354070055637325, scale_lr: 0.78378117345221199, EAO: 0.337
Trial 134 finished with value: 0.33674858794601975 and parameters: {'window_influence': 0.39555345931227276, 'penalty_k': 0.46354070055637325, 'scale_lr': 0.783781173452212}. Best is trial 56 with value: 0.34509869424285594.
checkpoint_e31 window_influence: 0.40045388889607547, penalty_k: 0.44008942245584270, scale_lr: 0.73648368491678295, EAO: 0.314
Trial 135 finished with value: 0.31418447161694907 and parameters: {'window_influence': 0.40045388889607547, 'penalty_k': 0.4400894224558427, 'scale_lr': 0.736483684916783}. Best is trial 56 with value: 0.34509869424285594.
checkpoint_e31 window_influence: 0.39308429821642532, penalty_k: 0.46871288293175789, scale_lr: 0.75989282500054200, EAO: 0.302
Trial 136 finished with value: 0.30166189413126343 and parameters: {'window_influence': 0.3930842982164253, 'penalty_k': 0.4687128829317579, 'scale_lr': 0.759892825000542}. Best is trial 56 with value: 0.34509869424285594.
checkpoint_e31 window_influence: 0.37592791164068917, penalty_k: 0.42873229976466137, scale_lr: 0.78098589169854393, EAO: 0.310
Trial 137 finished with value: 0.31045022543070383 and parameters: {'window_influence': 0.37592791164068917, 'penalty_k': 0.4287322997646614, 'scale_lr': 0.7809858916985439}. Best is trial 56 with value: 0.34509869424285594.
checkpoint_e31 window_influence: 0.42053358214381864, penalty_k: 0.46443303412470383, scale_lr: 0.75752685379638196, EAO: 0.317
Trial 138 finished with value: 0.3172682518509112 and parameters: {'window_influence': 0.42053358214381864, 'penalty_k': 0.4644330341247038, 'scale_lr': 0.757526853796382}. Best is trial 56 with value: 0.34509869424285594.
checkpoint_e31 window_influence: 0.44665566097248444, penalty_k: 0.40867453257479586, scale_lr: 0.73539212522000308, EAO: 0.311
Trial 139 finished with value: 0.3113443479811635 and parameters: {'window_influence': 0.44665566097248444, 'penalty_k': 0.40867453257479586, 'scale_lr': 0.7353921252200031}. Best is trial 56 with value: 0.34509869424285594.
checkpoint_e31 window_influence: 0.41111255342520475, penalty_k: 0.43483566575571270, scale_lr: 0.78657086155920841, EAO: 0.318
Trial 140 finished with value: 0.3184078949782635 and parameters: {'window_influence': 0.41111255342520475, 'penalty_k': 0.4348356657557127, 'scale_lr': 0.7865708615592084}. Best is trial 56 with value: 0.34509869424285594.
checkpoint_e31 window_influence: 0.43463025429432911, penalty_k: 0.44722861057290214, scale_lr: 0.76905427316736741, EAO: 0.340
Trial 141 finished with value: 0.33974789587440196 and parameters: {'window_influence': 0.4346302542943291, 'penalty_k': 0.44722861057290214, 'scale_lr': 0.7690542731673674}. Best is trial 56 with value: 0.34509869424285594.
checkpoint_e31 window_influence: 0.38909933772624283, penalty_k: 0.44983935951239362, scale_lr: 0.76968350724812362, EAO: 0.321
Trial 142 finished with value: 0.32087020512220926 and parameters: {'window_influence': 0.38909933772624283, 'penalty_k': 0.4498393595123936, 'scale_lr': 0.7696835072481236}. Best is trial 56 with value: 0.34509869424285594.
checkpoint_e31 window_influence: 0.42619831585524226, penalty_k: 0.45911741587813459, scale_lr: 0.74924860301949259, EAO: 0.305
Trial 143 finished with value: 0.3051503474610325 and parameters: {'window_influence': 0.42619831585524226, 'penalty_k': 0.4591174158781346, 'scale_lr': 0.7492486030194926}. Best is trial 56 with value: 0.34509869424285594.
checkpoint_e31 window_influence: 0.44344258637983780, penalty_k: 0.37315513550260265, scale_lr: 0.78439893898925794, EAO: 0.306
Trial 144 finished with value: 0.30616053933067544 and parameters: {'window_influence': 0.4434425863798378, 'penalty_k': 0.37315513550260265, 'scale_lr': 0.7843989389892579}. Best is trial 56 with value: 0.34509869424285594.
checkpoint_e31 window_influence: 0.46344198927557895, penalty_k: 0.41805504602638721, scale_lr: 0.76562016454881843, EAO: 0.343
Trial 145 finished with value: 0.3434019503890308 and parameters: {'window_influence': 0.46344198927557895, 'penalty_k': 0.4180550460263872, 'scale_lr': 0.7656201645488184}. Best is trial 56 with value: 0.34509869424285594.
checkpoint_e31 window_influence: 0.47231424383081322, penalty_k: 0.41727423345412734, scale_lr: 0.76432397428776333, EAO: 0.333
Trial 146 finished with value: 0.33283316091804654 and parameters: {'window_influence': 0.4723142438308132, 'penalty_k': 0.41727423345412734, 'scale_lr': 0.7643239742877633}. Best is trial 56 with value: 0.34509869424285594.
checkpoint_e31 window_influence: 0.46650084847466777, penalty_k: 0.39453546257482541, scale_lr: 0.72968199381802157, EAO: 0.331
Trial 147 finished with value: 0.3309046130931795 and parameters: {'window_influence': 0.4665008484746678, 'penalty_k': 0.3945354625748254, 'scale_lr': 0.7296819938180216}. Best is trial 56 with value: 0.34509869424285594.
checkpoint_e31 window_influence: 0.47252116809405503, penalty_k: 0.42008372650168163, scale_lr: 0.76211496837620374, EAO: 0.309
Trial 148 finished with value: 0.30920764003746243 and parameters: {'window_influence': 0.47252116809405503, 'penalty_k': 0.42008372650168163, 'scale_lr': 0.7621149683762037}. Best is trial 56 with value: 0.34509869424285594.
checkpoint_e31 window_influence: 0.40148963999809167, penalty_k: 0.44248356748304690, scale_lr: 0.75097951497094995, EAO: 0.325
Trial 149 finished with value: 0.3254725646647962 and parameters: {'window_influence': 0.4014896399980917, 'penalty_k': 0.4424835674830469, 'scale_lr': 0.75097951497095}. Best is trial 56 with value: 0.34509869424285594.
checkpoint_e31 window_influence: 0.37936337044415824, penalty_k: 0.35847259233989465, scale_lr: 0.72547992895757130, EAO: 0.331
Trial 150 finished with value: 0.33058893668976275 and parameters: {'window_influence': 0.37936337044415824, 'penalty_k': 0.35847259233989465, 'scale_lr': 0.7254799289575713}. Best is trial 56 with value: 0.34509869424285594.
checkpoint_e31 window_influence: 0.45844786793070763, penalty_k: 0.38857271760995021, scale_lr: 0.76746465171572753, EAO: 0.316
Trial 151 finished with value: 0.31555706604677414 and parameters: {'window_influence': 0.45844786793070763, 'penalty_k': 0.3885727176099502, 'scale_lr': 0.7674646517157275}. Best is trial 56 with value: 0.34509869424285594.
checkpoint_e31 window_influence: 0.43154754243348359, penalty_k: 0.41479019527108812, scale_lr: 0.78696331657699325, EAO: 0.317
Trial 152 finished with value: 0.3166456525775709 and parameters: {'window_influence': 0.4315475424334836, 'penalty_k': 0.4147901952710881, 'scale_lr': 0.7869633165769933}. Best is trial 56 with value: 0.34509869424285594.
checkpoint_e31 window_influence: 0.49794370259861725, penalty_k: 0.43109460442384984, scale_lr: 0.77009147253115640, EAO: 0.296
Trial 153 finished with value: 0.2960088613084318 and parameters: {'window_influence': 0.49794370259861725, 'penalty_k': 0.43109460442384984, 'scale_lr': 0.7700914725311564}. Best is trial 56 with value: 0.34509869424285594.
checkpoint_e31 window_influence: 0.48293627946953521, penalty_k: 0.40341026849472306, scale_lr: 0.74105209451787091, EAO: 0.330
