Trial 702 finished with value: 0.33233093345675485 and parameters: {'window_influence': 0.4600621548813648, 'penalty_k': 0.4126474507430607, 'scale_lr': 0.5808955408618793}. Best is trial 164 with value: 0.3660086329577034.
checkpoint_e29 window_influence: 0.45218489493356584, penalty_k: 0.20337767149080643, scale_lr: 0.70606364732687288, EAO: 0.340
Trial 703 finished with value: 0.34008433058104165 and parameters: {'window_influence': 0.45218489493356584, 'penalty_k': 0.20337767149080643, 'scale_lr': 0.7060636473268729}. Best is trial 164 with value: 0.3660086329577034.
checkpoint_e29 window_influence: 0.50002655460937850, penalty_k: 0.43218461547541964, scale_lr: 0.63051535123546176, EAO: 0.303
Trial 704 finished with value: 0.3026274786501079 and parameters: {'window_influence': 0.5000265546093785, 'penalty_k': 0.43218461547541964, 'scale_lr': 0.6305153512354618}. Best is trial 164 with value: 0.3660086329577034.
checkpoint_e29 window_influence: 0.48634912593732449, penalty_k: 0.40371082978977024, scale_lr: 0.59720674789790751, EAO: 0.329
Trial 705 finished with value: 0.3289214589484471 and parameters: {'window_influence': 0.4863491259373245, 'penalty_k': 0.40371082978977024, 'scale_lr': 0.5972067478979075}. Best is trial 164 with value: 0.3660086329577034.
checkpoint_e29 window_influence: 0.47235500434358013, penalty_k: 0.44380228861243870, scale_lr: 0.78255441213015153, EAO: 0.323
Trial 706 finished with value: 0.3229093701227166 and parameters: {'window_influence': 0.47235500434358013, 'penalty_k': 0.4438022886124387, 'scale_lr': 0.7825544121301515}. Best is trial 164 with value: 0.3660086329577034.
checkpoint_e29 window_influence: 0.45781429764376524, penalty_k: 0.15464913129370406, scale_lr: 0.60972253520923902, EAO: 0.332
Trial 707 finished with value: 0.3316264612897361 and parameters: {'window_influence': 0.45781429764376524, 'penalty_k': 0.15464913129370406, 'scale_lr': 0.609722535209239}. Best is trial 164 with value: 0.3660086329577034.
checkpoint_e29 window_influence: 0.33402476128000730, penalty_k: 0.41965379991931967, scale_lr: 0.76462796928746202, EAO: 0.318
Trial 708 finished with value: 0.31842578477896605 and parameters: {'window_influence': 0.3340247612800073, 'penalty_k': 0.41965379991931967, 'scale_lr': 0.764627969287462}. Best is trial 164 with value: 0.3660086329577034.
checkpoint_e29 window_influence: 0.50261833155546287, penalty_k: 0.40555984712901483, scale_lr: 0.61661679425412630, EAO: 0.308
Trial 709 finished with value: 0.30751699481724765 and parameters: {'window_influence': 0.5026183315554629, 'penalty_k': 0.4055598471290148, 'scale_lr': 0.6166167942541263}. Best is trial 164 with value: 0.3660086329577034.
checkpoint_e29 window_influence: 0.44257592909976784, penalty_k: 0.31146569366097454, scale_lr: 0.57199364169935274, EAO: 0.329
Trial 710 finished with value: 0.32927299287996403 and parameters: {'window_influence': 0.44257592909976784, 'penalty_k': 0.31146569366097454, 'scale_lr': 0.5719936416993527}. Best is trial 164 with value: 0.3660086329577034.
checkpoint_e29 window_influence: 0.45007971317875500, penalty_k: 0.29624449529754121, scale_lr: 0.63460459200957031, EAO: 0.316
Trial 711 finished with value: 0.31628697287247803 and parameters: {'window_influence': 0.450079713178755, 'penalty_k': 0.2962444952975412, 'scale_lr': 0.6346045920095703}. Best is trial 164 with value: 0.3660086329577034.
checkpoint_e29 window_influence: 0.53850705592736714, penalty_k: 0.39773991849347112, scale_lr: 0.65880438776916661, EAO: 0.297
Trial 712 finished with value: 0.29697853494942883 and parameters: {'window_influence': 0.5385070559273671, 'penalty_k': 0.3977399184934711, 'scale_lr': 0.6588043877691666}. Best is trial 164 with value: 0.3660086329577034.
checkpoint_e29 window_influence: 0.64846757073648020, penalty_k: 0.33319798149681257, scale_lr: 0.74486584288587432, EAO: 0.234
Trial 713 finished with value: 0.23423080221688236 and parameters: {'window_influence': 0.6484675707364802, 'penalty_k': 0.33319798149681257, 'scale_lr': 0.7448658428858743}. Best is trial 164 with value: 0.3660086329577034.
checkpoint_e29 window_influence: 0.47170628301178424, penalty_k: 0.42507861045696854, scale_lr: 0.68485967954450178, EAO: 0.321
Trial 714 finished with value: 0.3212762946400661 and parameters: {'window_influence': 0.47170628301178424, 'penalty_k': 0.42507861045696854, 'scale_lr': 0.6848596795445018}. Best is trial 164 with value: 0.3660086329577034.
checkpoint_e29 window_influence: 0.35139375105339471, penalty_k: 0.38314067826549614, scale_lr: 0.59115311892170463, EAO: 0.326
Trial 715 finished with value: 0.3263851025573011 and parameters: {'window_influence': 0.3513937510533947, 'penalty_k': 0.38314067826549614, 'scale_lr': 0.5911531189217046}. Best is trial 164 with value: 0.3660086329577034.
checkpoint_e29 window_influence: 0.43689774601722059, penalty_k: 0.48279524049579181, scale_lr: 0.64490592663269886, EAO: 0.312
Trial 716 finished with value: 0.3116787472587615 and parameters: {'window_influence': 0.4368977460172206, 'penalty_k': 0.4827952404957918, 'scale_lr': 0.6449059266326989}. Best is trial 164 with value: 0.3660086329577034.
checkpoint_e29 window_influence: 0.59589591111905804, penalty_k: 0.26949821512766009, scale_lr: 0.73042803158322556, EAO: 0.247
Trial 717 finished with value: 0.24731909753283637 and parameters: {'window_influence': 0.595895911119058, 'penalty_k': 0.2694982151276601, 'scale_lr': 0.7304280315832256}. Best is trial 164 with value: 0.3660086329577034.
checkpoint_e29 window_influence: 0.20854370685989021, penalty_k: 0.28331839859062874, scale_lr: 0.60985521058466974, EAO: 0.305
Trial 718 finished with value: 0.30460506196383835 and parameters: {'window_influence': 0.2085437068598902, 'penalty_k': 0.28331839859062874, 'scale_lr': 0.6098552105846697}. Best is trial 164 with value: 0.3660086329577034.
checkpoint_e29 window_influence: 0.50865082917236026, penalty_k: 0.40445685537587645, scale_lr: 0.52237846589404724, EAO: 0.321
Trial 719 finished with value: 0.3212542642299303 and parameters: {'window_influence': 0.5086508291723603, 'penalty_k': 0.40445685537587645, 'scale_lr': 0.5223784658940472}. Best is trial 164 with value: 0.3660086329577034.
checkpoint_e29 window_influence: 0.18001568766698964, penalty_k: 0.34756432406165333, scale_lr: 0.62811206503120676, EAO: 0.295
Trial 720 finished with value: 0.2949056686826253 and parameters: {'window_influence': 0.18001568766698964, 'penalty_k': 0.34756432406165333, 'scale_lr': 0.6281120650312068}. Best is trial 164 with value: 0.3660086329577034.
checkpoint_e29 window_influence: 0.39025937514565834, penalty_k: 0.05958193325289340, scale_lr: 0.56234484750346336, EAO: 0.322
Trial 721 finished with value: 0.3222606989776114 and parameters: {'window_influence': 0.39025937514565834, 'penalty_k': 0.059581933252893404, 'scale_lr': 0.5623448475034634}. Best is trial 164 with value: 0.3660086329577034.
checkpoint_e29 window_influence: 0.16797982964906588, penalty_k: 0.31879978289624167, scale_lr: 0.71435388339416273, EAO: 0.284
Trial 722 finished with value: 0.28411084616462545 and parameters: {'window_influence': 0.16797982964906588, 'penalty_k': 0.31879978289624167, 'scale_lr': 0.7143538833941627}. Best is trial 164 with value: 0.3660086329577034.
checkpoint_e29 window_influence: 0.31881563090240495, penalty_k: 0.47718129671344162, scale_lr: 0.67202346508836019, EAO: 0.303
Trial 723 finished with value: 0.3034448572053984 and parameters: {'window_influence': 0.31881563090240495, 'penalty_k': 0.4771812967134416, 'scale_lr': 0.6720234650883602}. Best is trial 164 with value: 0.3660086329577034.
checkpoint_e29 window_influence: 0.46354494058945078, penalty_k: 0.39346183988891986, scale_lr: 0.60043584672985006, EAO: 0.335
Trial 724 finished with value: 0.3345311841844121 and parameters: {'window_influence': 0.4635449405894508, 'penalty_k': 0.39346183988891986, 'scale_lr': 0.6004358467298501}. Best is trial 164 with value: 0.3660086329577034.
checkpoint_e29 window_influence: 0.36436109961528534, penalty_k: 0.37605067951842125, scale_lr: 0.57972383271909467, EAO: 0.325
Trial 725 finished with value: 0.3248071982470932 and parameters: {'window_influence': 0.36436109961528534, 'penalty_k': 0.37605067951842125, 'scale_lr': 0.5797238327190947}. Best is trial 164 with value: 0.3660086329577034.
checkpoint_e29 window_influence: 0.49097406563242768, penalty_k: 0.41053451649125738, scale_lr: 0.75610843019437124, EAO: 0.296
Trial 726 finished with value: 0.29593971992049234 and parameters: {'window_influence': 0.4909740656324277, 'penalty_k': 0.4105345164912574, 'scale_lr': 0.7561084301943712}. Best is trial 164 with value: 0.3660086329577034.
checkpoint_e29 window_influence: 0.34712067836921373, penalty_k: 0.25972930101471764, scale_lr: 0.62220097051194190, EAO: 0.336
Trial 727 finished with value: 0.3355841224991394 and parameters: {'window_influence': 0.34712067836921373, 'penalty_k': 0.25972930101471764, 'scale_lr': 0.6222009705119419}. Best is trial 164 with value: 0.3660086329577034.
checkpoint_e29 window_influence: 0.41446345003124008, penalty_k: 0.35819736341332803, scale_lr: 0.64162724115430947, EAO: 0.329
Trial 728 finished with value: 0.3292878488158438 and parameters: {'window_influence': 0.4144634500312401, 'penalty_k': 0.35819736341332803, 'scale_lr': 0.6416272411543095}. Best is trial 164 with value: 0.3660086329577034.
checkpoint_e29 window_influence: 0.52314332483727499, penalty_k: 0.44234328707194270, scale_lr: 0.59026948243385013, EAO: 0.299
Trial 729 finished with value: 0.2988402644599922 and parameters: {'window_influence': 0.523143324837275, 'penalty_k': 0.4423432870719427, 'scale_lr': 0.5902694824338501}. Best is trial 164 with value: 0.3660086329577034.
checkpoint_e29 window_influence: 0.43374463878644764, penalty_k: 0.38710935912279359, scale_lr: 0.77664771093220386, EAO: 0.344
Trial 730 finished with value: 0.3435963279774217 and parameters: {'window_influence': 0.43374463878644764, 'penalty_k': 0.3871093591227936, 'scale_lr': 0.7766477109322039}. Best is trial 164 with value: 0.3660086329577034.
checkpoint_e29 window_influence: 0.61021179680739968, penalty_k: 0.33540986327475369, scale_lr: 0.61191197545434806, EAO: 0.245
Trial 731 finished with value: 0.24522628371353744 and parameters: {'window_influence': 0.6102117968073997, 'penalty_k': 0.3354098632747537, 'scale_lr': 0.6119119754543481}. Best is trial 164 with value: 0.3660086329577034.
checkpoint_e29 window_influence: 0.07638547823736141, penalty_k: 0.36944041665823535, scale_lr: 0.65531522060846281, EAO: 0.262
Trial 732 finished with value: 0.26150634844247467 and parameters: {'window_influence': 0.07638547823736141, 'penalty_k': 0.36944041665823535, 'scale_lr': 0.6553152206084628}. Best is trial 164 with value: 0.3660086329577034.
checkpoint_e29 window_influence: 0.47896547237088388, penalty_k: 0.50767374719672620, scale_lr: 0.62707441632114869, EAO: 0.304
Trial 733 finished with value: 0.3041324139453094 and parameters: {'window_influence': 0.4789654723708839, 'penalty_k': 0.5076737471967262, 'scale_lr': 0.6270744163211487}. Best is trial 164 with value: 0.3660086329577034.
checkpoint_e29 window_influence: 0.55490710052680858, penalty_k: 0.42142914912816243, scale_lr: 0.68020260035123603, EAO: 0.279
Trial 734 finished with value: 0.2792235280057336 and parameters: {'window_influence': 0.5549071005268086, 'penalty_k': 0.42142914912816243, 'scale_lr': 0.680202600351236}. Best is trial 164 with value: 0.3660086329577034.
checkpoint_e29 window_influence: 0.37183967761816317, penalty_k: 0.09023257336541055, scale_lr: 0.72057638557005466, EAO: 0.317
Trial 735 finished with value: 0.3171701582605273 and parameters: {'window_influence': 0.37183967761816317, 'penalty_k': 0.09023257336541055, 'scale_lr': 0.7205763855700547}. Best is trial 164 with value: 0.3660086329577034.
checkpoint_e29 window_influence: 0.39503333776212785, penalty_k: 0.30352707376681159, scale_lr: 0.57407579433923195, EAO: 0.337
Trial 736 finished with value: 0.3366547005417746 and parameters: {'window_influence': 0.39503333776212785, 'penalty_k': 0.3035270737668116, 'scale_lr': 0.574075794339232}. Best is trial 164 with value: 0.3660086329577034.
checkpoint_e29 window_influence: 0.33962438254559058, penalty_k: 0.45696070294373337, scale_lr: 0.59701630389540661, EAO: 0.311
Trial 737 finished with value: 0.3111021395207379 and parameters: {'window_influence': 0.3396243825455906, 'penalty_k': 0.45696070294373337, 'scale_lr': 0.5970163038954066}. Best is trial 164 with value: 0.3660086329577034.
checkpoint_e29 window_influence: 0.45367632038629496, penalty_k: 0.34506638871132428, scale_lr: 0.74180913684845595, EAO: 0.330
Trial 738 finished with value: 0.330105542904672 and parameters: {'window_influence': 0.45367632038629496, 'penalty_k': 0.3450663887113243, 'scale_lr': 0.741809136848456}. Best is trial 164 with value: 0.3660086329577034.
checkpoint_e29 window_influence: 0.40569490988878781, penalty_k: 0.39573680406360884, scale_lr: 0.69555451801434753, EAO: 0.327
Trial 739 finished with value: 0.32656508660965855 and parameters: {'window_influence': 0.4056949098887878, 'penalty_k': 0.39573680406360884, 'scale_lr': 0.6955545180143475}. Best is trial 164 with value: 0.3660086329577034.
checkpoint_e29 window_influence: 0.35412533949854746, penalty_k: 0.38149346779524862, scale_lr: 0.76623085628786225, EAO: 0.327
Trial 740 finished with value: 0.32714269869754287 and parameters: {'window_influence': 0.35412533949854746, 'penalty_k': 0.3814934677952486, 'scale_lr': 0.7662308562878622}. Best is trial 164 with value: 0.3660086329577034.
checkpoint_e29 window_influence: 0.38315082004224260, penalty_k: 0.21965537460309187, scale_lr: 0.55661174949281422, EAO: 0.332
Trial 741 finished with value: 0.33177554966874623 and parameters: {'window_influence': 0.3831508200422426, 'penalty_k': 0.21965537460309187, 'scale_lr': 0.5566117494928142}. Best is trial 164 with value: 0.3660086329577034.
checkpoint_e29 window_influence: 0.25760915289513425, penalty_k: 0.41054082884345144, scale_lr: 0.61305267333966829, EAO: 0.310
Trial 742 finished with value: 0.31007257735914756 and parameters: {'window_influence': 0.25760915289513425, 'penalty_k': 0.41054082884345144, 'scale_lr': 0.6130526733396683}. Best is trial 164 with value: 0.3660086329577034.
checkpoint_e29 window_influence: 0.42655612440445095, penalty_k: 0.32017499127957122, scale_lr: 0.51422498706750330, EAO: 0.321
Trial 743 finished with value: 0.3214237102622652 and parameters: {'window_influence': 0.42655612440445095, 'penalty_k': 0.3201749912795712, 'scale_lr': 0.5142249870675033}. Best is trial 164 with value: 0.3660086329577034.
checkpoint_e29 window_influence: 0.30469187302278317, penalty_k: 0.16711063914286245, scale_lr: 0.63891285714676704, EAO: 0.307
Trial 744 finished with value: 0.306505681939626 and parameters: {'window_influence': 0.30469187302278317, 'penalty_k': 0.16711063914286245, 'scale_lr': 0.638912857146767}. Best is trial 164 with value: 0.3660086329577034.
checkpoint_e29 window_influence: 0.44113106246125849, penalty_k: 0.53069884814790902, scale_lr: 0.53972647347059888, EAO: 0.318
Trial 745 finished with value: 0.3184221138750069 and parameters: {'window_influence': 0.4411310624612585, 'penalty_k': 0.530698848147909, 'scale_lr': 0.5397264734705989}. Best is trial 164 with value: 0.3660086329577034.
checkpoint_e29 window_influence: 0.36302421585713918, penalty_k: 0.36011877678435583, scale_lr: 0.65281501663385066, EAO: 0.324
Trial 746 finished with value: 0.3241807001458068 and parameters: {'window_influence': 0.3630242158571392, 'penalty_k': 0.36011877678435583, 'scale_lr': 0.6528150166338507}. Best is trial 164 with value: 0.3660086329577034.
checkpoint_e29 window_influence: 0.32800672869684683, penalty_k: 0.43697807497399371, scale_lr: 0.78836997455196378, EAO: 0.318
Trial 747 finished with value: 0.31816778856724615 and parameters: {'window_influence': 0.3280067286968468, 'penalty_k': 0.4369780749739937, 'scale_lr': 0.7883699745519638}. Best is trial 164 with value: 0.3660086329577034.
checkpoint_e29 window_influence: 0.46208196188707701, penalty_k: 0.37183137673382571, scale_lr: 0.58413776983356724, EAO: 0.330
Trial 748 finished with value: 0.33029353804161576 and parameters: {'window_influence': 0.462081961887077, 'penalty_k': 0.3718313767338257, 'scale_lr': 0.5841377698335672}. Best is trial 164 with value: 0.3660086329577034.
checkpoint_e29 window_influence: 0.14321208607365499, penalty_k: 0.38844140796148147, scale_lr: 0.62367215585763092, EAO: 0.280
Trial 749 finished with value: 0.28033506812288606 and parameters: {'window_influence': 0.143212086073655, 'penalty_k': 0.38844140796148147, 'scale_lr': 0.6236721558576309}. Best is trial 164 with value: 0.3660086329577034.
checkpoint_e29 window_influence: 0.29422974877831470, penalty_k: 0.11530307060242842, scale_lr: 0.60345911238066730, EAO: 0.300
Trial 750 finished with value: 0.29955412215527855 and parameters: {'window_influence': 0.2942297487783147, 'penalty_k': 0.11530307060242842, 'scale_lr': 0.6034591123806673}. Best is trial 164 with value: 0.3660086329577034.
checkpoint_e29 window_influence: 0.41521542207607692, penalty_k: 0.17342011475987013, scale_lr: 0.66454161474477713, EAO: 0.318
Trial 751 finished with value: 0.3178781432168493 and parameters: {'window_influence': 0.4152154220760769, 'penalty_k': 0.17342011475987013, 'scale_lr': 0.6645416147447771}. Best is trial 164 with value: 0.3660086329577034.
checkpoint_e29 window_influence: 0.39909156816232350, penalty_k: 0.18436262302941159, scale_lr: 0.70378647626700197, EAO: 0.303
Trial 752 finished with value: 0.3030450142311215 and parameters: {'window_influence': 0.3990915681623235, 'penalty_k': 0.1843626230294116, 'scale_lr': 0.703786476267002}. Best is trial 164 with value: 0.3660086329577034.
checkpoint_e29 window_influence: 0.38392668001622032, penalty_k: 0.57994253522471717, scale_lr: 0.75215419416120188, EAO: 0.324
Trial 753 finished with value: 0.3237433557032611 and parameters: {'window_influence': 0.3839266800162203, 'penalty_k': 0.5799425352247172, 'scale_lr': 0.7521541941612019}. Best is trial 164 with value: 0.3660086329577034.
checkpoint_e29 window_influence: 0.44751454882680936, penalty_k: 0.24830874810220344, scale_lr: 0.72675989040657241, EAO: 0.328
Trial 754 finished with value: 0.328204402547866 and parameters: {'window_influence': 0.44751454882680936, 'penalty_k': 0.24830874810220344, 'scale_lr': 0.7267598904065724}. Best is trial 164 with value: 0.3660086329577034.
checkpoint_e29 window_influence: 0.23508294456861928, penalty_k: 0.34940194168863914, scale_lr: 0.63811402551728702, EAO: 0.306
Trial 755 finished with value: 0.30594950334571214 and parameters: {'window_influence': 0.23508294456861928, 'penalty_k': 0.34940194168863914, 'scale_lr': 0.638114025517287}. Best is trial 164 with value: 0.3660086329577034.
checkpoint_e29 window_influence: 0.37484633729188060, penalty_k: 0.39700067396899563, scale_lr: 0.61347763452436233, EAO: 0.319
Trial 756 finished with value: 0.31909037337924717 and parameters: {'window_influence': 0.3748463372918806, 'penalty_k': 0.39700067396899563, 'scale_lr': 0.6134776345243623}. Best is trial 164 with value: 0.3660086329577034.
checkpoint_e29 window_influence: 0.34202122045374694, penalty_k: 0.32845747081702725, scale_lr: 0.57286311161500725, EAO: 0.312
Trial 757 finished with value: 0.31208100741011624 and parameters: {'window_influence': 0.34202122045374694, 'penalty_k': 0.32845747081702725, 'scale_lr': 0.5728631116150072}. Best is trial 164 with value: 0.3660086329577034.
checkpoint_e29 window_influence: 0.41927326480955684, penalty_k: 0.40795949891741168, scale_lr: 0.59034141838764820, EAO: 0.330
Trial 758 finished with value: 0.3300166116730248 and parameters: {'window_influence': 0.41927326480955684, 'penalty_k': 0.4079594989174117, 'scale_lr': 0.5903414183876482}. Best is trial 164 with value: 0.3660086329577034.
checkpoint_e29 window_influence: 0.48092207243490959, penalty_k: 0.28992314622114196, scale_lr: 0.62914685739756149, EAO: 0.316
Trial 759 finished with value: 0.3163093661867691 and parameters: {'window_influence': 0.4809220724349096, 'penalty_k': 0.28992314622114196, 'scale_lr': 0.6291468573975615}. Best is trial 164 with value: 0.3660086329577034.
checkpoint_e29 window_influence: 0.36765550844251710, penalty_k: 0.36588773876095476, scale_lr: 0.67313280999987812, EAO: 0.344
Trial 760 finished with value: 0.3442086204016719 and parameters: {'window_influence': 0.3676555084425171, 'penalty_k': 0.36588773876095476, 'scale_lr': 0.6731328099998781}. Best is trial 164 with value: 0.3660086329577034.
checkpoint_e29 window_influence: 0.38895356812916998, penalty_k: 0.42290824533404175, scale_lr: 0.56147804834590609, EAO: 0.316
Trial 761 finished with value: 0.3163250196536691 and parameters: {'window_influence': 0.38895356812917, 'penalty_k': 0.42290824533404175, 'scale_lr': 0.5614780483459061}. Best is trial 164 with value: 0.3660086329577034.
checkpoint_e29 window_influence: 0.35367166814409934, penalty_k: 0.06971033802475629, scale_lr: 0.60531920402548645, EAO: 0.310
Trial 762 finished with value: 0.3101996520265995 and parameters: {'window_influence': 0.35367166814409934, 'penalty_k': 0.06971033802475629, 'scale_lr': 0.6053192040254864}. Best is trial 164 with value: 0.3660086329577034.
checkpoint_e29 window_influence: 0.28077904887837213, penalty_k: 0.37848962679798931, scale_lr: 0.73944634620767491, EAO: 0.319
Trial 763 finished with value: 0.3186116826209577 and parameters: {'window_influence': 0.28077904887837213, 'penalty_k': 0.3784896267979893, 'scale_lr': 0.7394463462076749}. Best is trial 164 with value: 0.3660086329577034.
checkpoint_e29 window_influence: 0.47018223514127078, penalty_k: 0.00153751028370924, scale_lr: 0.75955278491345435, EAO: 0.327
