Trial 757 finished with value: 0.3605854246866842 and parameters: {'window_influence': 0.512989549063548, 'penalty_k': 0.018667077115972597, 'scale_lr': 0.5776177178231203}. Best is trial 330 with value: 0.36352008859471124.
checkpoint_e31 window_influence: 0.52920031772521758, penalty_k: 0.40801155794083560, scale_lr: 0.18687480466553910, EAO: 0.286
Trial 758 finished with value: 0.28614350706918695 and parameters: {'window_influence': 0.5292003177252176, 'penalty_k': 0.4080115579408356, 'scale_lr': 0.1868748046655391}. Best is trial 330 with value: 0.36352008859471124.
checkpoint_e31 window_influence: 0.57897443457771258, penalty_k: 0.38778101392451375, scale_lr: 0.57740824504421107, EAO: 0.261
Trial 759 finished with value: 0.26138065703184227 and parameters: {'window_influence': 0.5789744345777126, 'penalty_k': 0.38778101392451375, 'scale_lr': 0.5774082450442111}. Best is trial 330 with value: 0.36352008859471124.
checkpoint_e31 window_influence: 0.51849649627837013, penalty_k: 0.01829795830778813, scale_lr: 0.61762650305738676, EAO: 0.336
Trial 760 finished with value: 0.33617064774268335 and parameters: {'window_influence': 0.5184964962783701, 'penalty_k': 0.018297958307788128, 'scale_lr': 0.6176265030573868}. Best is trial 330 with value: 0.36352008859471124.
checkpoint_e31 window_influence: 0.55910409545118567, penalty_k: 0.01884630151913129, scale_lr: 0.57621241133275825, EAO: 0.312
Trial 761 finished with value: 0.3116029984524278 and parameters: {'window_influence': 0.5591040954511857, 'penalty_k': 0.018846301519131293, 'scale_lr': 0.5762124113327582}. Best is trial 330 with value: 0.36352008859471124.
checkpoint_e31 window_influence: 0.20465423948244513, penalty_k: 0.01992180387703068, scale_lr: 0.32690772747536434, EAO: 0.289
Trial 762 finished with value: 0.28940446338532966 and parameters: {'window_influence': 0.20465423948244513, 'penalty_k': 0.01992180387703068, 'scale_lr': 0.32690772747536434}. Best is trial 330 with value: 0.36352008859471124.
checkpoint_e31 window_influence: 0.50075661940817218, penalty_k: 0.00863857352198060, scale_lr: 0.50932397270679131, EAO: 0.338
Trial 763 finished with value: 0.3381848686632015 and parameters: {'window_influence': 0.5007566194081722, 'penalty_k': 0.008638573521980603, 'scale_lr': 0.5093239727067913}. Best is trial 330 with value: 0.36352008859471124.
checkpoint_e31 window_influence: 0.38977238755667237, penalty_k: 0.26970760422397277, scale_lr: 0.53541087568193935, EAO: 0.313
Trial 764 finished with value: 0.31288750834965984 and parameters: {'window_influence': 0.3897723875566724, 'penalty_k': 0.2697076042239728, 'scale_lr': 0.5354108756819393}. Best is trial 330 with value: 0.36352008859471124.
checkpoint_e31 window_influence: 0.46183213517441551, penalty_k: 0.00071400042306855, scale_lr: 0.67687365878529904, EAO: 0.351
Trial 765 finished with value: 0.35085159018345846 and parameters: {'window_influence': 0.4618321351744155, 'penalty_k': 0.0007140004230685518, 'scale_lr': 0.676873658785299}. Best is trial 330 with value: 0.36352008859471124.
checkpoint_e31 window_influence: 0.45956089638789793, penalty_k: 0.00366259626113465, scale_lr: 0.47069693119577932, EAO: 0.326
Trial 766 finished with value: 0.32574097852762574 and parameters: {'window_influence': 0.45956089638789793, 'penalty_k': 0.0036625962611346492, 'scale_lr': 0.4706969311957793}. Best is trial 330 with value: 0.36352008859471124.
checkpoint_e31 window_influence: 0.44525587692383473, penalty_k: 0.00034536646128156, scale_lr: 0.63510956937435692, EAO: 0.348
Trial 767 finished with value: 0.34800202002321234 and parameters: {'window_influence': 0.4452558769238347, 'penalty_k': 0.000345366461281563, 'scale_lr': 0.6351095693743569}. Best is trial 330 with value: 0.36352008859471124.
checkpoint_e31 window_influence: 0.46968581978177842, penalty_k: 0.01024793508277650, scale_lr: 0.70239261771935535, EAO: 0.323
Trial 768 finished with value: 0.3226733438467701 and parameters: {'window_influence': 0.4696858197817784, 'penalty_k': 0.010247935082776495, 'scale_lr': 0.7023926177193553}. Best is trial 330 with value: 0.36352008859471124.
checkpoint_e31 window_influence: 0.12714236174364094, penalty_k: 0.01543587664056260, scale_lr: 0.68476596934410949, EAO: 0.267
Trial 769 finished with value: 0.2667660329940254 and parameters: {'window_influence': 0.12714236174364094, 'penalty_k': 0.015435876640562595, 'scale_lr': 0.6847659693441095}. Best is trial 330 with value: 0.36352008859471124.
checkpoint_e31 window_influence: 0.46015324796090673, penalty_k: 0.20805538746984964, scale_lr: 0.50445233308420634, EAO: 0.318
Trial 770 finished with value: 0.3176697240961201 and parameters: {'window_influence': 0.46015324796090673, 'penalty_k': 0.20805538746984964, 'scale_lr': 0.5044523330842063}. Best is trial 330 with value: 0.36352008859471124.
checkpoint_e31 window_influence: 0.47936225503700863, penalty_k: 0.00056474003487631, scale_lr: 0.59619879553157573, EAO: 0.342
Trial 771 finished with value: 0.3415048436663958 and parameters: {'window_influence': 0.47936225503700863, 'penalty_k': 0.000564740034876312, 'scale_lr': 0.5961987955315757}. Best is trial 330 with value: 0.36352008859471124.
checkpoint_e31 window_influence: 0.63023592397421002, penalty_k: 0.12528768670958110, scale_lr: 0.64130883468980482, EAO: 0.251
Trial 772 finished with value: 0.2508836461644228 and parameters: {'window_influence': 0.63023592397421, 'penalty_k': 0.1252876867095811, 'scale_lr': 0.6413088346898048}. Best is trial 330 with value: 0.36352008859471124.
checkpoint_e31 window_influence: 0.48536780084233966, penalty_k: 0.15397891348356010, scale_lr: 0.51988380483903318, EAO: 0.336
Trial 773 finished with value: 0.33602256440930794 and parameters: {'window_influence': 0.48536780084233966, 'penalty_k': 0.1539789134835601, 'scale_lr': 0.5198838048390332}. Best is trial 330 with value: 0.36352008859471124.
checkpoint_e31 window_influence: 0.18268436898962462, penalty_k: 0.43208317510739580, scale_lr: 0.47879070660191486, EAO: 0.270
Trial 774 finished with value: 0.27027248194013587 and parameters: {'window_influence': 0.18268436898962462, 'penalty_k': 0.4320831751073958, 'scale_lr': 0.47879070660191486}. Best is trial 330 with value: 0.36352008859471124.
checkpoint_e31 window_influence: 0.16545683536933753, penalty_k: 0.02055001579210530, scale_lr: 0.61732103455061438, EAO: 0.289
Trial 775 finished with value: 0.2888422738833186 and parameters: {'window_influence': 0.16545683536933753, 'penalty_k': 0.020550015792105296, 'scale_lr': 0.6173210345506144}. Best is trial 330 with value: 0.36352008859471124.
checkpoint_e31 window_influence: 0.42425351317406768, penalty_k: 0.19195751047322890, scale_lr: 0.12804363616796705, EAO: 0.324
Trial 776 finished with value: 0.3238679705194926 and parameters: {'window_influence': 0.4242535131740677, 'penalty_k': 0.1919575104732289, 'scale_lr': 0.12804363616796705}. Best is trial 330 with value: 0.36352008859471124.
checkpoint_e31 window_influence: 0.46960185492450590, penalty_k: 0.01014653757945157, scale_lr: 0.52117419535942333, EAO: 0.322
Trial 777 finished with value: 0.32244788272603475 and parameters: {'window_influence': 0.4696018549245059, 'penalty_k': 0.010146537579451572, 'scale_lr': 0.5211741953594233}. Best is trial 330 with value: 0.36352008859471124.
checkpoint_e31 window_influence: 0.39990115909156110, penalty_k: 0.09554583033853034, scale_lr: 0.69108797267569821, EAO: 0.324
Trial 778 finished with value: 0.32407606697499985 and parameters: {'window_influence': 0.3999011590915611, 'penalty_k': 0.09554583033853034, 'scale_lr': 0.6910879726756982}. Best is trial 330 with value: 0.36352008859471124.
checkpoint_e31 window_influence: 0.45475068188206136, penalty_k: 0.25474308858123601, scale_lr: 0.67406259303191662, EAO: 0.314
Trial 779 finished with value: 0.3142297311399697 and parameters: {'window_influence': 0.45475068188206136, 'penalty_k': 0.254743088581236, 'scale_lr': 0.6740625930319166}. Best is trial 330 with value: 0.36352008859471124.
checkpoint_e31 window_influence: 0.27876282593347634, penalty_k: 0.10667534837269398, scale_lr: 0.17612850712695508, EAO: 0.297
Trial 780 finished with value: 0.2971475278589048 and parameters: {'window_influence': 0.27876282593347634, 'penalty_k': 0.10667534837269398, 'scale_lr': 0.17612850712695508}. Best is trial 330 with value: 0.36352008859471124.
checkpoint_e31 window_influence: 0.48817660651550382, penalty_k: 0.39754053957203656, scale_lr: 0.68171429464900313, EAO: 0.327
Trial 781 finished with value: 0.327284750191618 and parameters: {'window_influence': 0.4881766065155038, 'penalty_k': 0.39754053957203656, 'scale_lr': 0.6817142946490031}. Best is trial 330 with value: 0.36352008859471124.
checkpoint_e31 window_influence: 0.47770247288969359, penalty_k: 0.43313189921335893, scale_lr: 0.54649238527103683, EAO: 0.338
Trial 782 finished with value: 0.3377780032992827 and parameters: {'window_influence': 0.4777024728896936, 'penalty_k': 0.43313189921335893, 'scale_lr': 0.5464923852710368}. Best is trial 330 with value: 0.36352008859471124.
checkpoint_e31 window_influence: 0.20878888269109327, penalty_k: 0.34111860669300831, scale_lr: 0.60008589174074922, EAO: 0.297
Trial 783 finished with value: 0.2968418826041055 and parameters: {'window_influence': 0.20878888269109327, 'penalty_k': 0.3411186066930083, 'scale_lr': 0.6000858917407492}. Best is trial 330 with value: 0.36352008859471124.
checkpoint_e31 window_influence: 0.23948790534121278, penalty_k: 0.30419845691078201, scale_lr: 0.72518186247009164, EAO: 0.327
Trial 784 finished with value: 0.326770415913734 and parameters: {'window_influence': 0.23948790534121278, 'penalty_k': 0.304198456910782, 'scale_lr': 0.7251818624700916}. Best is trial 330 with value: 0.36352008859471124.
checkpoint_e31 window_influence: 0.44012741606054862, penalty_k: 0.14045025901003239, scale_lr: 0.62491732733481886, EAO: 0.319
Trial 785 finished with value: 0.31863932943529655 and parameters: {'window_influence': 0.4401274160605486, 'penalty_k': 0.14045025901003239, 'scale_lr': 0.6249173273348189}. Best is trial 330 with value: 0.36352008859471124.
checkpoint_e31 window_influence: 0.59771944702591240, penalty_k: 0.00036570399519781, scale_lr: 0.59309368336248713, EAO: 0.253
Trial 786 finished with value: 0.2531840733980854 and parameters: {'window_influence': 0.5977194470259124, 'penalty_k': 0.00036570399519780805, 'scale_lr': 0.5930936833624871}. Best is trial 330 with value: 0.36352008859471124.
checkpoint_e31 window_influence: 0.51339285025019143, penalty_k: 0.22397822799885297, scale_lr: 0.65428138940598712, EAO: 0.322
Trial 787 finished with value: 0.3216418374605216 and parameters: {'window_influence': 0.5133928502501914, 'penalty_k': 0.22397822799885297, 'scale_lr': 0.6542813894059871}. Best is trial 330 with value: 0.36352008859471124.
checkpoint_e31 window_influence: 0.49416838577708605, penalty_k: 0.16421175703459276, scale_lr: 0.69538580392038651, EAO: 0.326
Trial 788 finished with value: 0.32623751745613633 and parameters: {'window_influence': 0.49416838577708605, 'penalty_k': 0.16421175703459276, 'scale_lr': 0.6953858039203865}. Best is trial 330 with value: 0.36352008859471124.
checkpoint_e31 window_influence: 0.46470654901598007, penalty_k: 0.44406933692266792, scale_lr: 0.10031883471472876, EAO: 0.302
Trial 789 finished with value: 0.3022084224548785 and parameters: {'window_influence': 0.4647065490159801, 'penalty_k': 0.4440693369226679, 'scale_lr': 0.10031883471472876}. Best is trial 330 with value: 0.36352008859471124.
checkpoint_e31 window_influence: 0.54184212239257867, penalty_k: 0.29652389400504475, scale_lr: 0.74285594290274204, EAO: 0.286
Trial 790 finished with value: 0.2862773991048568 and parameters: {'window_influence': 0.5418421223925787, 'penalty_k': 0.29652389400504475, 'scale_lr': 0.742855942902742}. Best is trial 330 with value: 0.36352008859471124.
checkpoint_e31 window_influence: 0.48028984191003254, penalty_k: 0.02520707718501076, scale_lr: 0.71554856351248752, EAO: 0.326
Trial 791 finished with value: 0.32554562557996014 and parameters: {'window_influence': 0.48028984191003254, 'penalty_k': 0.025207077185010765, 'scale_lr': 0.7155485635124875}. Best is trial 330 with value: 0.36352008859471124.
checkpoint_e31 window_influence: 0.50554146197571648, penalty_k: 0.08633470336604296, scale_lr: 0.64833975199077132, EAO: 0.321
Trial 792 finished with value: 0.32097747840770025 and parameters: {'window_influence': 0.5055414619757165, 'penalty_k': 0.08633470336604296, 'scale_lr': 0.6483397519907713}. Best is trial 330 with value: 0.36352008859471124.
checkpoint_e31 window_influence: 0.37200643301198610, penalty_k: 0.11366376458608755, scale_lr: 0.74591583085153623, EAO: 0.326
Trial 793 finished with value: 0.32627861439485956 and parameters: {'window_influence': 0.3720064330119861, 'penalty_k': 0.11366376458608755, 'scale_lr': 0.7459158308515362}. Best is trial 330 with value: 0.36352008859471124.
checkpoint_e31 window_influence: 0.49378946684354702, penalty_k: 0.47450399528758558, scale_lr: 0.79922918074416049, EAO: 0.331
Trial 794 finished with value: 0.3308586354153629 and parameters: {'window_influence': 0.493789466843547, 'penalty_k': 0.4745039952875856, 'scale_lr': 0.7992291807441605}. Best is trial 330 with value: 0.36352008859471124.
checkpoint_e31 window_influence: 0.18844605052063762, penalty_k: 0.13016801707198039, scale_lr: 0.15651313302611000, EAO: 0.286
Trial 795 finished with value: 0.28640172616053183 and parameters: {'window_influence': 0.18844605052063762, 'penalty_k': 0.1301680170719804, 'scale_lr': 0.15651313302611}. Best is trial 330 with value: 0.36352008859471124.
checkpoint_e31 window_influence: 0.52711703078977057, penalty_k: 0.35134818018174563, scale_lr: 0.62974310640760833, EAO: 0.294
Trial 796 finished with value: 0.29390167789932353 and parameters: {'window_influence': 0.5271170307897706, 'penalty_k': 0.35134818018174563, 'scale_lr': 0.6297431064076083}. Best is trial 330 with value: 0.36352008859471124.
checkpoint_e31 window_influence: 0.32015777098545806, penalty_k: 0.24304767506719305, scale_lr: 0.58615039412139158, EAO: 0.306
Trial 797 finished with value: 0.30576452549097605 and parameters: {'window_influence': 0.32015777098545806, 'penalty_k': 0.24304767506719305, 'scale_lr': 0.5861503941213916}. Best is trial 330 with value: 0.36352008859471124.
checkpoint_e31 window_influence: 0.47280074172870956, penalty_k: 0.01160294479967908, scale_lr: 0.14178748201779867, EAO: 0.313
Trial 798 finished with value: 0.3127775243863985 and parameters: {'window_influence': 0.47280074172870956, 'penalty_k': 0.011602944799679077, 'scale_lr': 0.14178748201779867}. Best is trial 330 with value: 0.36352008859471124.
checkpoint_e31 window_influence: 0.51515933939710790, penalty_k: 0.50494490265804315, scale_lr: 0.41363018124764245, EAO: 0.299
Trial 799 finished with value: 0.29851066486380906 and parameters: {'window_influence': 0.5151593393971079, 'penalty_k': 0.5049449026580431, 'scale_lr': 0.41363018124764245}. Best is trial 330 with value: 0.36352008859471124.
checkpoint_e31 window_influence: 0.48640095699678398, penalty_k: 0.08333934326669144, scale_lr: 0.65107816532514229, EAO: 0.321
Trial 800 finished with value: 0.32097520079130326 and parameters: {'window_influence': 0.486400956996784, 'penalty_k': 0.08333934326669144, 'scale_lr': 0.6510781653251423}. Best is trial 330 with value: 0.36352008859471124.
checkpoint_e31 window_influence: 0.35937164654696002, penalty_k: 0.02364292924208457, scale_lr: 0.77787348812136492, EAO: 0.332
Trial 801 finished with value: 0.3315350678876216 and parameters: {'window_influence': 0.35937164654696, 'penalty_k': 0.023642929242084568, 'scale_lr': 0.7778734881213649}. Best is trial 330 with value: 0.36352008859471124.
checkpoint_e31 window_influence: 0.50461754564932793, penalty_k: 0.38854075415816258, scale_lr: 0.69885820668290854, EAO: 0.297
Trial 802 finished with value: 0.29677293927984943 and parameters: {'window_influence': 0.5046175456493279, 'penalty_k': 0.3885407541581626, 'scale_lr': 0.6988582066829085}. Best is trial 330 with value: 0.36352008859471124.
checkpoint_e31 window_influence: 0.45536867164958589, penalty_k: 0.07406279810880649, scale_lr: 0.68412320249148351, EAO: 0.329
Trial 803 finished with value: 0.3289082090910307 and parameters: {'window_influence': 0.4553686716495859, 'penalty_k': 0.07406279810880649, 'scale_lr': 0.6841232024914835}. Best is trial 330 with value: 0.36352008859471124.
checkpoint_e31 window_influence: 0.49597512903782176, penalty_k: 0.18114701430153091, scale_lr: 0.50245301907582340, EAO: 0.333
Trial 804 finished with value: 0.33292220080640994 and parameters: {'window_influence': 0.49597512903782176, 'penalty_k': 0.1811470143015309, 'scale_lr': 0.5024530190758234}. Best is trial 330 with value: 0.36352008859471124.
checkpoint_e31 window_influence: 0.52060722341154475, penalty_k: 0.15062547027958761, scale_lr: 0.75279600797484347, EAO: 0.317
Trial 805 finished with value: 0.31695838956749395 and parameters: {'window_influence': 0.5206072234115448, 'penalty_k': 0.15062547027958761, 'scale_lr': 0.7527960079748435}. Best is trial 330 with value: 0.36352008859471124.
checkpoint_e31 window_influence: 0.46902749188901072, penalty_k: 0.40522898090215959, scale_lr: 0.76170225337415198, EAO: 0.346
Trial 806 finished with value: 0.3463541333081657 and parameters: {'window_influence': 0.4690274918890107, 'penalty_k': 0.4052289809021596, 'scale_lr': 0.761702253374152}. Best is trial 330 with value: 0.36352008859471124.
checkpoint_e31 window_influence: 0.44516855776649311, penalty_k: 0.09906154488485855, scale_lr: 0.58133399403705832, EAO: 0.319
Trial 807 finished with value: 0.31921457780474355 and parameters: {'window_influence': 0.4451685577664931, 'penalty_k': 0.09906154488485855, 'scale_lr': 0.5813339940370583}. Best is trial 330 with value: 0.36352008859471124.
checkpoint_e31 window_influence: 0.10557808923505557, penalty_k: 0.01240922607066908, scale_lr: 0.72425398593930834, EAO: 0.274
Trial 808 finished with value: 0.2737800767681478 and parameters: {'window_influence': 0.10557808923505557, 'penalty_k': 0.012409226070669079, 'scale_lr': 0.7242539859393083}. Best is trial 330 with value: 0.36352008859471124.
checkpoint_e31 window_influence: 0.53477490667150496, penalty_k: 0.12278724632726709, scale_lr: 0.66139490818381641, EAO: 0.311
Trial 809 finished with value: 0.3106050323187609 and parameters: {'window_influence': 0.534774906671505, 'penalty_k': 0.12278724632726709, 'scale_lr': 0.6613949081838164}. Best is trial 330 with value: 0.36352008859471124.
checkpoint_e31 window_influence: 0.47980775337689813, penalty_k: 0.11473830900370907, scale_lr: 0.74108187921586022, EAO: 0.328
Trial 810 finished with value: 0.3284888933140944 and parameters: {'window_influence': 0.4798077533768981, 'penalty_k': 0.11473830900370907, 'scale_lr': 0.7410818792158602}. Best is trial 330 with value: 0.36352008859471124.
checkpoint_e31 window_influence: 0.50987349924930836, penalty_k: 0.21701072194615181, scale_lr: 0.74460545657851096, EAO: 0.312
Trial 811 finished with value: 0.31240157620684184 and parameters: {'window_influence': 0.5098734992493084, 'penalty_k': 0.2170107219461518, 'scale_lr': 0.744605456578511}. Best is trial 330 with value: 0.36352008859471124.
checkpoint_e31 window_influence: 0.40955813939691021, penalty_k: 0.26133193481050243, scale_lr: 0.73732703528173893, EAO: 0.313
Trial 812 finished with value: 0.3128594691187491 and parameters: {'window_influence': 0.4095581393969102, 'penalty_k': 0.26133193481050243, 'scale_lr': 0.7373270352817389}. Best is trial 330 with value: 0.36352008859471124.
checkpoint_e31 window_influence: 0.49491992636921472, penalty_k: 0.09231546952577623, scale_lr: 0.56126928913352681, EAO: 0.332
Trial 813 finished with value: 0.3317343416380975 and parameters: {'window_influence': 0.4949199263692147, 'penalty_k': 0.09231546952577623, 'scale_lr': 0.5612692891335268}. Best is trial 330 with value: 0.36352008859471124.
checkpoint_e31 window_influence: 0.20243419345131369, penalty_k: 0.00028869296889292, scale_lr: 0.71300866594149126, EAO: 0.286
Trial 814 finished with value: 0.28601200136461147 and parameters: {'window_influence': 0.2024341934513137, 'penalty_k': 0.0002886929688929163, 'scale_lr': 0.7130086659414913}. Best is trial 330 with value: 0.36352008859471124.
checkpoint_e31 window_influence: 0.48670141058932687, penalty_k: 0.19894608425687976, scale_lr: 0.64591102413803125, EAO: 0.329
Trial 815 finished with value: 0.32921153666444325 and parameters: {'window_influence': 0.48670141058932687, 'penalty_k': 0.19894608425687976, 'scale_lr': 0.6459110241380313}. Best is trial 330 with value: 0.36352008859471124.
checkpoint_e31 window_influence: 0.18503733872031494, penalty_k: 0.02496291387324266, scale_lr: 0.12096293714699682, EAO: 0.291
Trial 816 finished with value: 0.29145746315731613 and parameters: {'window_influence': 0.18503733872031494, 'penalty_k': 0.024962913873242662, 'scale_lr': 0.12096293714699682}. Best is trial 330 with value: 0.36352008859471124.
checkpoint_e31 window_influence: 0.55073289176719775, penalty_k: 0.54209861671257997, scale_lr: 0.62926786066954432, EAO: 0.296
Trial 817 finished with value: 0.29564733780079777 and parameters: {'window_influence': 0.5507328917671978, 'penalty_k': 0.54209861671258, 'scale_lr': 0.6292678606695443}. Best is trial 330 with value: 0.36352008859471124.
checkpoint_e31 window_influence: 0.30401704467324786, penalty_k: 0.43138482789409738, scale_lr: 0.61663494665920260, EAO: 0.310
Trial 818 finished with value: 0.30987950063633085 and parameters: {'window_influence': 0.30401704467324786, 'penalty_k': 0.4313848278940974, 'scale_lr': 0.6166349466592026}. Best is trial 330 with value: 0.36352008859471124.
checkpoint_e31 window_influence: 0.46355855768306814, penalty_k: 0.31673255996869293, scale_lr: 0.68722666898054674, EAO: 0.316
