Trial 1543 finished with value: 0.23676518220381979 and parameters: {'window_influence': 0.10259031198303864, 'penalty_k': 0.5424023895596999, 'scale_lr': 0.16429054627694517}. Best is trial 1136 with value: 0.3697957394188016.
checkpoint_e33 window_influence: 0.06570852156451978, penalty_k: 0.00014986760084484, scale_lr: 0.35039714343116735, EAO: 0.243
Trial 1544 finished with value: 0.24274766114667232 and parameters: {'window_influence': 0.06570852156451978, 'penalty_k': 0.00014986760084483713, 'scale_lr': 0.35039714343116735}. Best is trial 1136 with value: 0.3697957394188016.
checkpoint_e33 window_influence: 0.58433897988535821, penalty_k: 0.18489098508012491, scale_lr: 0.20768660846556897, EAO: 0.293
Trial 1545 finished with value: 0.29283987084251434 and parameters: {'window_influence': 0.5843389798853582, 'penalty_k': 0.18489098508012491, 'scale_lr': 0.20768660846556897}. Best is trial 1136 with value: 0.3697957394188016.
checkpoint_e33 window_influence: 0.52421689281626538, penalty_k: 0.30486105654422169, scale_lr: 0.69318477515548460, EAO: 0.294
Trial 1546 finished with value: 0.29390291011519004 and parameters: {'window_influence': 0.5242168928162654, 'penalty_k': 0.3048610565442217, 'scale_lr': 0.6931847751554846}. Best is trial 1136 with value: 0.3697957394188016.
checkpoint_e33 window_influence: 0.48456380468737570, penalty_k: 0.03211278552627683, scale_lr: 0.13044506929168298, EAO: 0.341
Trial 1547 finished with value: 0.34144561149266905 and parameters: {'window_influence': 0.4845638046873757, 'penalty_k': 0.032112785526276826, 'scale_lr': 0.13044506929168298}. Best is trial 1136 with value: 0.3697957394188016.
checkpoint_e33 window_influence: 0.51004863624496510, penalty_k: 0.15832977953661589, scale_lr: 0.61648389018461824, EAO: 0.333
Trial 1548 finished with value: 0.33270269991822743 and parameters: {'window_influence': 0.5100486362449651, 'penalty_k': 0.1583297795366159, 'scale_lr': 0.6164838901846182}. Best is trial 1136 with value: 0.3697957394188016.
checkpoint_e33 window_influence: 0.46917385358698371, penalty_k: 0.20026445944152904, scale_lr: 0.55883275607717842, EAO: 0.345
Trial 1549 finished with value: 0.34515322367968726 and parameters: {'window_influence': 0.4691738535869837, 'penalty_k': 0.20026445944152904, 'scale_lr': 0.5588327560771784}. Best is trial 1136 with value: 0.3697957394188016.
checkpoint_e33 window_influence: 0.43480791012898307, penalty_k: 0.09284302797880466, scale_lr: 0.38743652639722947, EAO: 0.336
Trial 1550 finished with value: 0.335645624519786 and parameters: {'window_influence': 0.43480791012898307, 'penalty_k': 0.09284302797880466, 'scale_lr': 0.3874365263972295}. Best is trial 1136 with value: 0.3697957394188016.
checkpoint_e33 window_influence: 0.49300957655972222, penalty_k: 0.54928993307556839, scale_lr: 0.32582909528265619, EAO: 0.303
Trial 1551 finished with value: 0.3032787713559221 and parameters: {'window_influence': 0.4930095765597222, 'penalty_k': 0.5492899330755684, 'scale_lr': 0.3258290952826562}. Best is trial 1136 with value: 0.3697957394188016.
checkpoint_e33 window_influence: 0.45929597041478437, penalty_k: 0.06922349623249568, scale_lr: 0.42998512680833445, EAO: 0.358
Trial 1552 finished with value: 0.3583065801325475 and parameters: {'window_influence': 0.45929597041478437, 'penalty_k': 0.06922349623249568, 'scale_lr': 0.42998512680833445}. Best is trial 1136 with value: 0.3697957394188016.
checkpoint_e33 window_influence: 0.24542160058403173, penalty_k: 0.43001509387719816, scale_lr: 0.64943404230099555, EAO: 0.294
Trial 1553 finished with value: 0.29429241980096243 and parameters: {'window_influence': 0.24542160058403173, 'penalty_k': 0.43001509387719816, 'scale_lr': 0.6494340423009956}. Best is trial 1136 with value: 0.3697957394188016.
checkpoint_e33 window_influence: 0.47705575139059347, penalty_k: 0.51099077474364551, scale_lr: 0.53703962565341734, EAO: 0.299
Trial 1554 finished with value: 0.29889636373705436 and parameters: {'window_influence': 0.4770557513905935, 'penalty_k': 0.5109907747436455, 'scale_lr': 0.5370396256534173}. Best is trial 1136 with value: 0.3697957394188016.
checkpoint_e33 window_influence: 0.28868498534870113, penalty_k: 0.31971978871719819, scale_lr: 0.23194456849706360, EAO: 0.303
Trial 1555 finished with value: 0.3034603735468267 and parameters: {'window_influence': 0.28868498534870113, 'penalty_k': 0.3197197887171982, 'scale_lr': 0.2319445684970636}. Best is trial 1136 with value: 0.3697957394188016.
checkpoint_e33 window_influence: 0.44468982947808505, penalty_k: 0.04872478814463194, scale_lr: 0.45869863417433004, EAO: 0.347
Trial 1556 finished with value: 0.34702613369963975 and parameters: {'window_influence': 0.44468982947808505, 'penalty_k': 0.048724788144631936, 'scale_lr': 0.45869863417433004}. Best is trial 1136 with value: 0.3697957394188016.
checkpoint_e33 window_influence: 0.30669500910258229, penalty_k: 0.06037428128561704, scale_lr: 0.50233374975095313, EAO: 0.305
Trial 1557 finished with value: 0.3045724803719539 and parameters: {'window_influence': 0.3066950091025823, 'penalty_k': 0.06037428128561704, 'scale_lr': 0.5023337497509531}. Best is trial 1136 with value: 0.3697957394188016.
checkpoint_e33 window_influence: 0.21422626207775214, penalty_k: 0.01743286107265998, scale_lr: 0.41325050811551556, EAO: 0.282
Trial 1558 finished with value: 0.28153200267817724 and parameters: {'window_influence': 0.21422626207775214, 'penalty_k': 0.017432861072659976, 'scale_lr': 0.41325050811551556}. Best is trial 1136 with value: 0.3697957394188016.
checkpoint_e33 window_influence: 0.56666392576427982, penalty_k: 0.08091563757960440, scale_lr: 0.21524382392687247, EAO: 0.299
Trial 1559 finished with value: 0.29875559484448416 and parameters: {'window_influence': 0.5666639257642798, 'penalty_k': 0.0809156375796044, 'scale_lr': 0.21524382392687247}. Best is trial 1136 with value: 0.3697957394188016.
checkpoint_e33 window_influence: 0.49960252030115992, penalty_k: 0.21126591001057676, scale_lr: 0.66859190604234442, EAO: 0.324
Trial 1560 finished with value: 0.32414881763291264 and parameters: {'window_influence': 0.4996025203011599, 'penalty_k': 0.21126591001057676, 'scale_lr': 0.6685919060423444}. Best is trial 1136 with value: 0.3697957394188016.
checkpoint_e33 window_influence: 0.48258487729327049, penalty_k: 0.25120754187792321, scale_lr: 0.10023494608379718, EAO: 0.327
Trial 1561 finished with value: 0.3272240420491779 and parameters: {'window_influence': 0.4825848772932705, 'penalty_k': 0.2512075418779232, 'scale_lr': 0.10023494608379718}. Best is trial 1136 with value: 0.3697957394188016.
checkpoint_e33 window_influence: 0.11493218396335325, penalty_k: 0.12057834990484485, scale_lr: 0.62720044677097386, EAO: 0.259
Trial 1562 finished with value: 0.2592989003959797 and parameters: {'window_influence': 0.11493218396335325, 'penalty_k': 0.12057834990484485, 'scale_lr': 0.6272004467709739}. Best is trial 1136 with value: 0.3697957394188016.
checkpoint_e33 window_influence: 0.54169626140287230, penalty_k: 0.33591853733554500, scale_lr: 0.25713512826091273, EAO: 0.300
Trial 1563 finished with value: 0.2995201861811983 and parameters: {'window_influence': 0.5416962614028723, 'penalty_k': 0.335918537335545, 'scale_lr': 0.2571351282609127}. Best is trial 1136 with value: 0.3697957394188016.
checkpoint_e33 window_influence: 0.63575289246280264, penalty_k: 0.29438348442781043, scale_lr: 0.59587347372248467, EAO: 0.232
Trial 1564 finished with value: 0.23222249554984764 and parameters: {'window_influence': 0.6357528924628026, 'penalty_k': 0.2943834844278104, 'scale_lr': 0.5958734737224847}. Best is trial 1136 with value: 0.3697957394188016.
checkpoint_e33 window_influence: 0.42183603292685257, penalty_k: 0.49655563890537929, scale_lr: 0.48483535525405447, EAO: 0.326
Trial 1565 finished with value: 0.32594439062626906 and parameters: {'window_influence': 0.42183603292685257, 'penalty_k': 0.4965556389053793, 'scale_lr': 0.48483535525405447}. Best is trial 1136 with value: 0.3697957394188016.
checkpoint_e33 window_influence: 0.40012979866541337, penalty_k: 0.04228753109415376, scale_lr: 0.56833120871918630, EAO: 0.311
Trial 1566 finished with value: 0.3108520074693146 and parameters: {'window_influence': 0.40012979866541337, 'penalty_k': 0.042287531094153764, 'scale_lr': 0.5683312087191863}. Best is trial 1136 with value: 0.3697957394188016.
checkpoint_e33 window_influence: 0.51637868542584531, penalty_k: 0.02968669203469859, scale_lr: 0.71126384947967991, EAO: 0.326
Trial 1567 finished with value: 0.32614700148309717 and parameters: {'window_influence': 0.5163786854258453, 'penalty_k': 0.029686692034698592, 'scale_lr': 0.7112638494796799}. Best is trial 1136 with value: 0.3697957394188016.
checkpoint_e33 window_influence: 0.46805659415143874, penalty_k: 0.18738833858986834, scale_lr: 0.19513323734870319, EAO: 0.357
Trial 1568 finished with value: 0.3569926534877213 and parameters: {'window_influence': 0.46805659415143874, 'penalty_k': 0.18738833858986834, 'scale_lr': 0.1951332373487032}. Best is trial 1136 with value: 0.3697957394188016.
checkpoint_e33 window_influence: 0.45321116643656362, penalty_k: 0.01069404162274840, scale_lr: 0.37993894427734559, EAO: 0.345
Trial 1569 finished with value: 0.34538218042729896 and parameters: {'window_influence': 0.4532111664365636, 'penalty_k': 0.010694041622748398, 'scale_lr': 0.3799389442773456}. Best is trial 1136 with value: 0.3697957394188016.
checkpoint_e33 window_influence: 0.49336981117201667, penalty_k: 0.10506879540931484, scale_lr: 0.51870043421766809, EAO: 0.357
Trial 1570 finished with value: 0.3574029005455136 and parameters: {'window_influence': 0.49336981117201667, 'penalty_k': 0.10506879540931484, 'scale_lr': 0.5187004342176681}. Best is trial 1136 with value: 0.3697957394188016.
checkpoint_e33 window_influence: 0.47862877373361290, penalty_k: 0.17036126316728606, scale_lr: 0.42165554338405420, EAO: 0.353
Trial 1571 finished with value: 0.3532612277376049 and parameters: {'window_influence': 0.4786287737336129, 'penalty_k': 0.17036126316728606, 'scale_lr': 0.4216555433840542}. Best is trial 1136 with value: 0.3697957394188016.
checkpoint_e33 window_influence: 0.45916149777642379, penalty_k: 0.40165279446916219, scale_lr: 0.39828993614341207, EAO: 0.338
Trial 1572 finished with value: 0.33816815640212033 and parameters: {'window_influence': 0.4591614977764238, 'penalty_k': 0.4016527944691622, 'scale_lr': 0.39828993614341207}. Best is trial 1136 with value: 0.3697957394188016.
checkpoint_e33 window_influence: 0.34419423559985884, penalty_k: 0.13385467424204422, scale_lr: 0.43670824942929581, EAO: 0.313
Trial 1573 finished with value: 0.3125165100227534 and parameters: {'window_influence': 0.34419423559985884, 'penalty_k': 0.13385467424204422, 'scale_lr': 0.4367082494292958}. Best is trial 1136 with value: 0.3697957394188016.
checkpoint_e33 window_influence: 0.33258203639043138, penalty_k: 0.32540930197669077, scale_lr: 0.54024456796006581, EAO: 0.309
Trial 1574 finished with value: 0.3087587339752843 and parameters: {'window_influence': 0.3325820363904314, 'penalty_k': 0.32540930197669077, 'scale_lr': 0.5402445679600658}. Best is trial 1136 with value: 0.3697957394188016.
checkpoint_e33 window_influence: 0.50514093587877928, penalty_k: 0.05380701806276315, scale_lr: 0.34270713363086469, EAO: 0.334
Trial 1575 finished with value: 0.3344494474305253 and parameters: {'window_influence': 0.5051409358787793, 'penalty_k': 0.053807018062763154, 'scale_lr': 0.3427071336308647}. Best is trial 1136 with value: 0.3697957394188016.
checkpoint_e33 window_influence: 0.17676215627367434, penalty_k: 0.02511045208871465, scale_lr: 0.15068458658140066, EAO: 0.281
Trial 1576 finished with value: 0.28118460036901183 and parameters: {'window_influence': 0.17676215627367434, 'penalty_k': 0.02511045208871465, 'scale_lr': 0.15068458658140066}. Best is trial 1136 with value: 0.3697957394188016.
checkpoint_e33 window_influence: 0.46973817035205101, penalty_k: 0.07092729573150341, scale_lr: 0.63718519823637210, EAO: 0.346
Trial 1577 finished with value: 0.3463903193575863 and parameters: {'window_influence': 0.469738170352051, 'penalty_k': 0.07092729573150341, 'scale_lr': 0.6371851982363721}. Best is trial 1136 with value: 0.3697957394188016.
checkpoint_e33 window_influence: 0.48530645532621847, penalty_k: 0.34755457959992331, scale_lr: 0.28619779589032657, EAO: 0.320
Trial 1578 finished with value: 0.3198901745363896 and parameters: {'window_influence': 0.48530645532621847, 'penalty_k': 0.3475545795999233, 'scale_lr': 0.28619779589032657}. Best is trial 1136 with value: 0.3697957394188016.
checkpoint_e33 window_influence: 0.60163677873950283, penalty_k: 0.08780508934973950, scale_lr: 0.17703049378896701, EAO: 0.279
Trial 1579 finished with value: 0.27929212732769637 and parameters: {'window_influence': 0.6016367787395028, 'penalty_k': 0.0878050893497395, 'scale_lr': 0.177030493788967}. Best is trial 1136 with value: 0.3697957394188016.
checkpoint_e33 window_influence: 0.43062201593447491, penalty_k: 0.04260885162907573, scale_lr: 0.30268345344396508, EAO: 0.335
Trial 1580 finished with value: 0.3346670151684535 and parameters: {'window_influence': 0.4306220159344749, 'penalty_k': 0.042608851629075725, 'scale_lr': 0.3026834534439651}. Best is trial 1136 with value: 0.3697957394188016.
checkpoint_e33 window_influence: 0.22689235529710960, penalty_k: 0.15150214229421627, scale_lr: 0.46943099731987326, EAO: 0.292
Trial 1581 finished with value: 0.2921569193731486 and parameters: {'window_influence': 0.2268923552971096, 'penalty_k': 0.15150214229421627, 'scale_lr': 0.46943099731987326}. Best is trial 1136 with value: 0.3697957394188016.
checkpoint_e33 window_influence: 0.36054631579445312, penalty_k: 0.01187758848279550, scale_lr: 0.67375289087629153, EAO: 0.333
Trial 1582 finished with value: 0.3327769470122074 and parameters: {'window_influence': 0.3605463157944531, 'penalty_k': 0.011877588482795503, 'scale_lr': 0.6737528908762915}. Best is trial 1136 with value: 0.3697957394188016.
checkpoint_e33 window_influence: 0.44713250084255896, penalty_k: 0.28331484668859674, scale_lr: 0.44951020743840986, EAO: 0.328
Trial 1583 finished with value: 0.32839604643996123 and parameters: {'window_influence': 0.44713250084255896, 'penalty_k': 0.28331484668859674, 'scale_lr': 0.44951020743840986}. Best is trial 1136 with value: 0.3697957394188016.
checkpoint_e33 window_influence: 0.52146495501725909, penalty_k: 0.37051666194743488, scale_lr: 0.26729584642402809, EAO: 0.298
Trial 1584 finished with value: 0.298276074085718 and parameters: {'window_influence': 0.5214649550172591, 'penalty_k': 0.3705166619474349, 'scale_lr': 0.2672958464240281}. Best is trial 1136 with value: 0.3697957394188016.
checkpoint_e33 window_influence: 0.49478845478831462, penalty_k: 0.27034536607692350, scale_lr: 0.60670125584675361, EAO: 0.317
Trial 1585 finished with value: 0.3165466469433521 and parameters: {'window_influence': 0.4947884547883146, 'penalty_k': 0.2703453660769235, 'scale_lr': 0.6067012558467536}. Best is trial 1136 with value: 0.3697957394188016.
checkpoint_e33 window_influence: 0.18662258576707197, penalty_k: 0.05962798102885368, scale_lr: 0.35921358406350712, EAO: 0.281
Trial 1586 finished with value: 0.2807662652276369 and parameters: {'window_influence': 0.18662258576707197, 'penalty_k': 0.05962798102885368, 'scale_lr': 0.3592135840635071}. Best is trial 1136 with value: 0.3697957394188016.
checkpoint_e33 window_influence: 0.47008135288161090, penalty_k: 0.09464544755066237, scale_lr: 0.69876415066777098, EAO: 0.344
Trial 1587 finished with value: 0.34389090259715277 and parameters: {'window_influence': 0.4700813528816109, 'penalty_k': 0.09464544755066237, 'scale_lr': 0.698764150667771}. Best is trial 1136 with value: 0.3697957394188016.
checkpoint_e33 window_influence: 0.48155431207894145, penalty_k: 0.22150432711539353, scale_lr: 0.40903421989457939, EAO: 0.335
Trial 1588 finished with value: 0.3345820185971167 and parameters: {'window_influence': 0.48155431207894145, 'penalty_k': 0.22150432711539353, 'scale_lr': 0.4090342198945794}. Best is trial 1136 with value: 0.3697957394188016.
checkpoint_e33 window_influence: 0.14776374858284660, penalty_k: 0.11601361820467326, scale_lr: 0.65560232423914255, EAO: 0.267
Trial 1589 finished with value: 0.2674597686714699 and parameters: {'window_influence': 0.1477637485828466, 'penalty_k': 0.11601361820467326, 'scale_lr': 0.6556023242391426}. Best is trial 1136 with value: 0.3697957394188016.
checkpoint_e33 window_influence: 0.40953661087214194, penalty_k: 0.03462596154201161, scale_lr: 0.49572983660535791, EAO: 0.319
Trial 1590 finished with value: 0.31949021519390064 and parameters: {'window_influence': 0.40953661087214194, 'penalty_k': 0.03462596154201161, 'scale_lr': 0.4957298366053579}. Best is trial 1136 with value: 0.3697957394188016.
checkpoint_e33 window_influence: 0.45995411145273796, penalty_k: 0.07570368528087112, scale_lr: 0.57562135274061021, EAO: 0.361
Trial 1591 finished with value: 0.3605319214006342 and parameters: {'window_influence': 0.45995411145273796, 'penalty_k': 0.07570368528087112, 'scale_lr': 0.5756213527406102}. Best is trial 1136 with value: 0.3697957394188016.
checkpoint_e33 window_influence: 0.44229242812255171, penalty_k: 0.58328546746093080, scale_lr: 0.58115355301162519, EAO: 0.327
Trial 1592 finished with value: 0.32653084281353634 and parameters: {'window_influence': 0.4422924281225517, 'penalty_k': 0.5832854674609308, 'scale_lr': 0.5811535530116252}. Best is trial 1136 with value: 0.3697957394188016.
checkpoint_e33 window_influence: 0.45824409156866075, penalty_k: 0.07057986161072376, scale_lr: 0.59849530089862157, EAO: 0.341
Trial 1593 finished with value: 0.3406565919924339 and parameters: {'window_influence': 0.45824409156866075, 'penalty_k': 0.07057986161072376, 'scale_lr': 0.5984953008986216}. Best is trial 1136 with value: 0.3697957394188016.
checkpoint_e33 window_influence: 0.26548602267428884, penalty_k: 0.05972629079970918, scale_lr: 0.56957556739650783, EAO: 0.299
Trial 1594 finished with value: 0.2988767977586516 and parameters: {'window_influence': 0.26548602267428884, 'penalty_k': 0.05972629079970918, 'scale_lr': 0.5695755673965078}. Best is trial 1136 with value: 0.3697957394188016.
checkpoint_e33 window_influence: 0.42866341413428055, penalty_k: 0.08049694702053670, scale_lr: 0.58500071638343687, EAO: 0.334
Trial 1595 finished with value: 0.3341140381788929 and parameters: {'window_influence': 0.42866341413428055, 'penalty_k': 0.0804969470205367, 'scale_lr': 0.5850007163834369}. Best is trial 1136 with value: 0.3697957394188016.
checkpoint_e33 window_influence: 0.44794400586240590, penalty_k: 0.05043093217864743, scale_lr: 0.57462348464482027, EAO: 0.336
Trial 1596 finished with value: 0.3358105076658123 and parameters: {'window_influence': 0.4479440058624059, 'penalty_k': 0.05043093217864743, 'scale_lr': 0.5746234846448203}. Best is trial 1136 with value: 0.3697957394188016.
checkpoint_e33 window_influence: 0.55543768006211347, penalty_k: 0.07609417208396413, scale_lr: 0.55271964344819269, EAO: 0.300
Trial 1597 finished with value: 0.29995378214097673 and parameters: {'window_influence': 0.5554376800621135, 'penalty_k': 0.07609417208396413, 'scale_lr': 0.5527196434481927}. Best is trial 1136 with value: 0.3697957394188016.
checkpoint_e33 window_influence: 0.45848997126592367, penalty_k: 0.06366572039503281, scale_lr: 0.55596632915269040, EAO: 0.352
Trial 1598 finished with value: 0.3518277119105892 and parameters: {'window_influence': 0.45848997126592367, 'penalty_k': 0.06366572039503281, 'scale_lr': 0.5559663291526904}. Best is trial 1136 with value: 0.3697957394188016.
checkpoint_e33 window_influence: 0.43446532964708001, penalty_k: 0.56716016302889727, scale_lr: 0.58264401379804476, EAO: 0.321
Trial 1599 finished with value: 0.32073467395880806 and parameters: {'window_influence': 0.43446532964708, 'penalty_k': 0.5671601630288973, 'scale_lr': 0.5826440137980448}. Best is trial 1136 with value: 0.3697957394188016.
checkpoint_e33 window_influence: 0.46609067663300752, penalty_k: 0.41425501160128481, scale_lr: 0.42730202932045630, EAO: 0.352
Trial 1600 finished with value: 0.35215173180465104 and parameters: {'window_influence': 0.4660906766330075, 'penalty_k': 0.4142550116012848, 'scale_lr': 0.4273020293204563}. Best is trial 1136 with value: 0.3697957394188016.
checkpoint_e33 window_influence: 0.41687375953978495, penalty_k: 0.04446778815944598, scale_lr: 0.61002590337529428, EAO: 0.334
Trial 1601 finished with value: 0.3335979812803899 and parameters: {'window_influence': 0.41687375953978495, 'penalty_k': 0.04446778815944598, 'scale_lr': 0.6100259033752943}. Best is trial 1136 with value: 0.3697957394188016.
checkpoint_e33 window_influence: 0.45327608596769492, penalty_k: 0.19780801998568892, scale_lr: 0.57158311960949959, EAO: 0.365
Trial 1602 finished with value: 0.365021584446792 and parameters: {'window_influence': 0.4532760859676949, 'penalty_k': 0.19780801998568892, 'scale_lr': 0.5715831196094996}. Best is trial 1136 with value: 0.3697957394188016.
checkpoint_e33 window_influence: 0.43719111749538353, penalty_k: 0.19257838668502453, scale_lr: 0.56649316294252494, EAO: 0.328
Trial 1603 finished with value: 0.32829110979570025 and parameters: {'window_influence': 0.43719111749538353, 'penalty_k': 0.19257838668502453, 'scale_lr': 0.5664931629425249}. Best is trial 1136 with value: 0.3697957394188016.
checkpoint_e33 window_influence: 0.44374358739524450, penalty_k: 0.17615479251858637, scale_lr: 0.53989004693954701, EAO: 0.337
Trial 1604 finished with value: 0.3374233632004215 and parameters: {'window_influence': 0.4437435873952445, 'penalty_k': 0.17615479251858637, 'scale_lr': 0.539890046939547}. Best is trial 1136 with value: 0.3697957394188016.
checkpoint_e33 window_influence: 0.45180883715515580, penalty_k: 0.21661645593922504, scale_lr: 0.57590134526955983, EAO: 0.328
