Trial 1744 finished with value: 0.32158329543668474 and parameters: {'window_influence': 0.3963826466574181, 'penalty_k': 0.08658531466998548, 'scale_lr': 0.6104396096043782}. Best is trial 1044 with value: 0.36650777071830365.
checkpoint_e29 window_influence: 0.48860068010963920, penalty_k: 0.50184045934547350, scale_lr: 0.23253143125684914, EAO: 0.302
Trial 1745 finished with value: 0.3022112920590412 and parameters: {'window_influence': 0.4886006801096392, 'penalty_k': 0.5018404593454735, 'scale_lr': 0.23253143125684914}. Best is trial 1044 with value: 0.36650777071830365.
checkpoint_e29 window_influence: 0.46701779653587849, penalty_k: 0.45309989450730853, scale_lr: 0.71785841995317867, EAO: 0.309
Trial 1746 finished with value: 0.3090214710755107 and parameters: {'window_influence': 0.4670177965358785, 'penalty_k': 0.45309989450730853, 'scale_lr': 0.7178584199531787}. Best is trial 1044 with value: 0.36650777071830365.
checkpoint_e29 window_influence: 0.53582158415313919, penalty_k: 0.40825662570046711, scale_lr: 0.34183013012796154, EAO: 0.299
Trial 1747 finished with value: 0.2991653694716873 and parameters: {'window_influence': 0.5358215841531392, 'penalty_k': 0.4082566257004671, 'scale_lr': 0.34183013012796154}. Best is trial 1044 with value: 0.36650777071830365.
checkpoint_e29 window_influence: 0.36274266027075469, penalty_k: 0.10701573309391882, scale_lr: 0.18154977726086596, EAO: 0.328
Trial 1748 finished with value: 0.3280145989201876 and parameters: {'window_influence': 0.3627426602707547, 'penalty_k': 0.10701573309391882, 'scale_lr': 0.18154977726086596}. Best is trial 1044 with value: 0.36650777071830365.
checkpoint_e29 window_influence: 0.32880913769833758, penalty_k: 0.15463114498031169, scale_lr: 0.27456476935189716, EAO: 0.309
Trial 1749 finished with value: 0.30927808895881076 and parameters: {'window_influence': 0.3288091376983376, 'penalty_k': 0.1546311449803117, 'scale_lr': 0.27456476935189716}. Best is trial 1044 with value: 0.36650777071830365.
checkpoint_e29 window_influence: 0.50245888510607539, penalty_k: 0.38319420369607765, scale_lr: 0.78662396580947125, EAO: 0.305
Trial 1750 finished with value: 0.3051291181767497 and parameters: {'window_influence': 0.5024588851060754, 'penalty_k': 0.38319420369607765, 'scale_lr': 0.7866239658094712}. Best is trial 1044 with value: 0.36650777071830365.
checkpoint_e29 window_influence: 0.38275282633246327, penalty_k: 0.26540100070961764, scale_lr: 0.75831745492905045, EAO: 0.334
Trial 1751 finished with value: 0.33447542229978955 and parameters: {'window_influence': 0.38275282633246327, 'penalty_k': 0.26540100070961764, 'scale_lr': 0.7583174549290504}. Best is trial 1044 with value: 0.36650777071830365.
checkpoint_e29 window_influence: 0.48578824957337025, penalty_k: 0.33261576075137461, scale_lr: 0.11598789314557405, EAO: 0.336
Trial 1752 finished with value: 0.3364608904730949 and parameters: {'window_influence': 0.48578824957337025, 'penalty_k': 0.3326157607513746, 'scale_lr': 0.11598789314557405}. Best is trial 1044 with value: 0.36650777071830365.
checkpoint_e29 window_influence: 0.28480049229800974, penalty_k: 0.07222987539404654, scale_lr: 0.20479100659122473, EAO: 0.301
Trial 1753 finished with value: 0.300612470519218 and parameters: {'window_influence': 0.28480049229800974, 'penalty_k': 0.07222987539404654, 'scale_lr': 0.20479100659122473}. Best is trial 1044 with value: 0.36650777071830365.
checkpoint_e29 window_influence: 0.44985655798456958, penalty_k: 0.36541579962959719, scale_lr: 0.14729275028820996, EAO: 0.330
Trial 1754 finished with value: 0.3302255079787993 and parameters: {'window_influence': 0.4498565579845696, 'penalty_k': 0.3654157996295972, 'scale_lr': 0.14729275028820996}. Best is trial 1044 with value: 0.36650777071830365.
checkpoint_e29 window_influence: 0.07050069625068434, penalty_k: 0.12850712716349588, scale_lr: 0.19080604737876478, EAO: 0.260
Trial 1755 finished with value: 0.2602066848760449 and parameters: {'window_influence': 0.07050069625068434, 'penalty_k': 0.12850712716349588, 'scale_lr': 0.19080604737876478}. Best is trial 1044 with value: 0.36650777071830365.
checkpoint_e29 window_influence: 0.51839380339859231, penalty_k: 0.04836807961355635, scale_lr: 0.12898321410239541, EAO: 0.350
Trial 1756 finished with value: 0.3500638344408473 and parameters: {'window_influence': 0.5183938033985923, 'penalty_k': 0.04836807961355635, 'scale_lr': 0.1289832141023954}. Best is trial 1044 with value: 0.36650777071830365.
checkpoint_e29 window_influence: 0.47134578776207625, penalty_k: 0.20920631809472234, scale_lr: 0.16362577630540881, EAO: 0.325
Trial 1757 finished with value: 0.3252016096611431 and parameters: {'window_influence': 0.47134578776207625, 'penalty_k': 0.20920631809472234, 'scale_lr': 0.1636257763054088}. Best is trial 1044 with value: 0.36650777071830365.
checkpoint_e29 window_influence: 0.41116120445337051, penalty_k: 0.16691247647141857, scale_lr: 0.79998250303568486, EAO: 0.311
Trial 1758 finished with value: 0.31120260645443365 and parameters: {'window_influence': 0.4111612044533705, 'penalty_k': 0.16691247647141857, 'scale_lr': 0.7999825030356849}. Best is trial 1044 with value: 0.36650777071830365.
checkpoint_e29 window_influence: 0.43428832549189350, penalty_k: 0.02504799760169713, scale_lr: 0.53845206401534607, EAO: 0.323
Trial 1759 finished with value: 0.322545779180434 and parameters: {'window_influence': 0.4342883254918935, 'penalty_k': 0.025047997601697132, 'scale_lr': 0.5384520640153461}. Best is trial 1044 with value: 0.36650777071830365.
checkpoint_e29 window_influence: 0.34660764546269973, penalty_k: 0.13768719325114984, scale_lr: 0.74799453406362415, EAO: 0.313
Trial 1760 finished with value: 0.31285164525536713 and parameters: {'window_influence': 0.34660764546269973, 'penalty_k': 0.13768719325114984, 'scale_lr': 0.7479945340636242}. Best is trial 1044 with value: 0.36650777071830365.
checkpoint_e29 window_influence: 0.49824059474192139, penalty_k: 0.22399762915800536, scale_lr: 0.66638675597378194, EAO: 0.314
Trial 1761 finished with value: 0.31397607313751713 and parameters: {'window_influence': 0.4982405947419214, 'penalty_k': 0.22399762915800536, 'scale_lr': 0.6663867559737819}. Best is trial 1044 with value: 0.36650777071830365.
checkpoint_e29 window_influence: 0.26848340454373870, penalty_k: 0.11550459600105899, scale_lr: 0.49708742903787428, EAO: 0.292
Trial 1762 finished with value: 0.2919232270133171 and parameters: {'window_influence': 0.2684834045437387, 'penalty_k': 0.11550459600105899, 'scale_lr': 0.4970874290378743}. Best is trial 1044 with value: 0.36650777071830365.
checkpoint_e29 window_influence: 0.47691931967340040, penalty_k: 0.57180350859223594, scale_lr: 0.64577037567099893, EAO: 0.319
Trial 1763 finished with value: 0.31853232866131376 and parameters: {'window_influence': 0.4769193196734004, 'penalty_k': 0.5718035085922359, 'scale_lr': 0.6457703756709989}. Best is trial 1044 with value: 0.36650777071830365.
checkpoint_e29 window_influence: 0.37344307328668180, penalty_k: 0.19269507962853638, scale_lr: 0.36915457004190771, EAO: 0.359
Trial 1764 finished with value: 0.35901366678657237 and parameters: {'window_influence': 0.3734430732866818, 'penalty_k': 0.19269507962853638, 'scale_lr': 0.3691545700419077}. Best is trial 1044 with value: 0.36650777071830365.
checkpoint_e29 window_influence: 0.36869566949903182, penalty_k: 0.18148825518005776, scale_lr: 0.28479798663594885, EAO: 0.318
Trial 1765 finished with value: 0.31822680249984164 and parameters: {'window_influence': 0.3686956694990318, 'penalty_k': 0.18148825518005776, 'scale_lr': 0.28479798663594885}. Best is trial 1044 with value: 0.36650777071830365.
checkpoint_e29 window_influence: 0.37562917402062984, penalty_k: 0.18796131251194650, scale_lr: 0.35071339724275902, EAO: 0.306
Trial 1766 finished with value: 0.3059241149560023 and parameters: {'window_influence': 0.37562917402062984, 'penalty_k': 0.1879613125119465, 'scale_lr': 0.350713397242759}. Best is trial 1044 with value: 0.36650777071830365.
checkpoint_e29 window_influence: 0.35582181046206662, penalty_k: 0.55875045075998242, scale_lr: 0.38331770802423998, EAO: 0.329
Trial 1767 finished with value: 0.3285600545341403 and parameters: {'window_influence': 0.3558218104620666, 'penalty_k': 0.5587504507599824, 'scale_lr': 0.38331770802424}. Best is trial 1044 with value: 0.36650777071830365.
checkpoint_e29 window_influence: 0.38358722800615130, penalty_k: 0.19642148530663717, scale_lr: 0.33059355984624966, EAO: 0.312
Trial 1768 finished with value: 0.3117993109884893 and parameters: {'window_influence': 0.3835872280061513, 'penalty_k': 0.19642148530663717, 'scale_lr': 0.33059355984624966}. Best is trial 1044 with value: 0.36650777071830365.
checkpoint_e29 window_influence: 0.37204860455669364, penalty_k: 0.38954756464342866, scale_lr: 0.46856440662521437, EAO: 0.326
Trial 1769 finished with value: 0.32594504581351225 and parameters: {'window_influence': 0.37204860455669364, 'penalty_k': 0.38954756464342866, 'scale_lr': 0.46856440662521437}. Best is trial 1044 with value: 0.36650777071830365.
checkpoint_e29 window_influence: 0.39241936024982105, penalty_k: 0.20347648517380235, scale_lr: 0.37418573502013325, EAO: 0.322
Trial 1770 finished with value: 0.32173367238926054 and parameters: {'window_influence': 0.39241936024982105, 'penalty_k': 0.20347648517380235, 'scale_lr': 0.37418573502013325}. Best is trial 1044 with value: 0.36650777071830365.
checkpoint_e29 window_influence: 0.36700129353262584, penalty_k: 0.53983392284630161, scale_lr: 0.25277286313295277, EAO: 0.297
Trial 1771 finished with value: 0.29668246545912225 and parameters: {'window_influence': 0.36700129353262584, 'penalty_k': 0.5398339228463016, 'scale_lr': 0.2527728631329528}. Best is trial 1044 with value: 0.36650777071830365.
checkpoint_e29 window_influence: 0.62834429375528444, penalty_k: 0.41359575947155780, scale_lr: 0.31274698560120479, EAO: 0.242
Trial 1772 finished with value: 0.24159596819821963 and parameters: {'window_influence': 0.6283442937552844, 'penalty_k': 0.4135957594715578, 'scale_lr': 0.3127469856012048}. Best is trial 1044 with value: 0.36650777071830365.
checkpoint_e29 window_influence: 0.38580190152409610, penalty_k: 0.35423666008845539, scale_lr: 0.33717626176143234, EAO: 0.318
Trial 1773 finished with value: 0.31783808141598907 and parameters: {'window_influence': 0.3858019015240961, 'penalty_k': 0.3542366600884554, 'scale_lr': 0.33717626176143234}. Best is trial 1044 with value: 0.36650777071830365.
checkpoint_e29 window_influence: 0.35651529040882024, penalty_k: 0.17567433559636761, scale_lr: 0.30237136259282099, EAO: 0.305
Trial 1774 finished with value: 0.30499240808217903 and parameters: {'window_influence': 0.35651529040882024, 'penalty_k': 0.1756743355963676, 'scale_lr': 0.302371362592821}. Best is trial 1044 with value: 0.36650777071830365.
checkpoint_e29 window_influence: 0.34330931023474576, penalty_k: 0.48075600350115844, scale_lr: 0.22588244059910390, EAO: 0.314
Trial 1775 finished with value: 0.31369541185375316 and parameters: {'window_influence': 0.34330931023474576, 'penalty_k': 0.48075600350115844, 'scale_lr': 0.2258824405991039}. Best is trial 1044 with value: 0.36650777071830365.
checkpoint_e29 window_influence: 0.37705824819666828, penalty_k: 0.37282113775728154, scale_lr: 0.40334536083116435, EAO: 0.329
Trial 1776 finished with value: 0.32902561957270254 and parameters: {'window_influence': 0.3770582481966683, 'penalty_k': 0.37282113775728154, 'scale_lr': 0.40334536083116435}. Best is trial 1044 with value: 0.36650777071830365.
checkpoint_e29 window_influence: 0.40223211724565289, penalty_k: 0.43139008019050207, scale_lr: 0.39914382011305527, EAO: 0.331
Trial 1777 finished with value: 0.3305273461898477 and parameters: {'window_influence': 0.4022321172456529, 'penalty_k': 0.43139008019050207, 'scale_lr': 0.39914382011305527}. Best is trial 1044 with value: 0.36650777071830365.
checkpoint_e29 window_influence: 0.20190292784933866, penalty_k: 0.46798361986560599, scale_lr: 0.40695630727440818, EAO: 0.281
Trial 1778 finished with value: 0.28054560233878717 and parameters: {'window_influence': 0.20190292784933866, 'penalty_k': 0.467983619865606, 'scale_lr': 0.4069563072744082}. Best is trial 1044 with value: 0.36650777071830365.
checkpoint_e29 window_influence: 0.39256117764414428, penalty_k: 0.40162619803703969, scale_lr: 0.33790994646312622, EAO: 0.322
Trial 1779 finished with value: 0.322315909925138 and parameters: {'window_influence': 0.3925611776441443, 'penalty_k': 0.4016261980370397, 'scale_lr': 0.3379099464631262}. Best is trial 1044 with value: 0.36650777071830365.
checkpoint_e29 window_influence: 0.35478919441080675, penalty_k: 0.19264136108464966, scale_lr: 0.77283167196841174, EAO: 0.317
Trial 1780 finished with value: 0.3171974803803032 and parameters: {'window_influence': 0.35478919441080675, 'penalty_k': 0.19264136108464966, 'scale_lr': 0.7728316719684117}. Best is trial 1044 with value: 0.36650777071830365.
checkpoint_e29 window_influence: 0.56362323404707071, penalty_k: 0.15173720124354798, scale_lr: 0.43064723560845414, EAO: 0.302
Trial 1781 finished with value: 0.3015111809458714 and parameters: {'window_influence': 0.5636232340470707, 'penalty_k': 0.15173720124354798, 'scale_lr': 0.43064723560845414}. Best is trial 1044 with value: 0.36650777071830365.
checkpoint_e29 window_influence: 0.37672559516918908, penalty_k: 0.28101783502571154, scale_lr: 0.39215528938267441, EAO: 0.338
Trial 1782 finished with value: 0.33756284676637166 and parameters: {'window_influence': 0.3767255951691891, 'penalty_k': 0.28101783502571154, 'scale_lr': 0.3921552893826744}. Best is trial 1044 with value: 0.36650777071830365.
checkpoint_e29 window_influence: 0.36225267375864362, penalty_k: 0.44576222683870181, scale_lr: 0.30826556566918761, EAO: 0.302
Trial 1783 finished with value: 0.3024745359147105 and parameters: {'window_influence': 0.3622526737586436, 'penalty_k': 0.4457622268387018, 'scale_lr': 0.3082655656691876}. Best is trial 1044 with value: 0.36650777071830365.
checkpoint_e29 window_influence: 0.39034796390061638, penalty_k: 0.30978120052979224, scale_lr: 0.36907405151272371, EAO: 0.312
Trial 1784 finished with value: 0.3116388617786452 and parameters: {'window_influence': 0.3903479639006164, 'penalty_k': 0.30978120052979224, 'scale_lr': 0.3690740515127237}. Best is trial 1044 with value: 0.36650777071830365.
checkpoint_e29 window_influence: 0.41761634133773085, penalty_k: 0.42106502262320289, scale_lr: 0.28543744661380499, EAO: 0.312
Trial 1785 finished with value: 0.3119815071965006 and parameters: {'window_influence': 0.41761634133773085, 'penalty_k': 0.4210650226232029, 'scale_lr': 0.285437446613805}. Best is trial 1044 with value: 0.36650777071830365.
checkpoint_e29 window_influence: 0.40657876914907976, penalty_k: 0.59296209243673759, scale_lr: 0.26860313045394579, EAO: 0.333
Trial 1786 finished with value: 0.332847973599972 and parameters: {'window_influence': 0.40657876914907976, 'penalty_k': 0.5929620924367376, 'scale_lr': 0.2686031304539458}. Best is trial 1044 with value: 0.36650777071830365.
checkpoint_e29 window_influence: 0.36713052958610931, penalty_k: 0.52433123083717781, scale_lr: 0.32999997761141220, EAO: 0.312
Trial 1787 finished with value: 0.31242479488311575 and parameters: {'window_influence': 0.3671305295861093, 'penalty_k': 0.5243312308371778, 'scale_lr': 0.3299999776114122}. Best is trial 1044 with value: 0.36650777071830365.
checkpoint_e29 window_influence: 0.10242746823622045, penalty_k: 0.23012846981436133, scale_lr: 0.61961331183927093, EAO: 0.263
Trial 1788 finished with value: 0.2634417008217207 and parameters: {'window_influence': 0.10242746823622045, 'penalty_k': 0.23012846981436133, 'scale_lr': 0.6196133118392709}. Best is trial 1044 with value: 0.36650777071830365.
checkpoint_e29 window_influence: 0.38091606705088443, penalty_k: 0.23933327119374229, scale_lr: 0.30815554399722928, EAO: 0.316
Trial 1789 finished with value: 0.3159377118029019 and parameters: {'window_influence': 0.38091606705088443, 'penalty_k': 0.2393332711937423, 'scale_lr': 0.3081555439972293}. Best is trial 1044 with value: 0.36650777071830365.
checkpoint_e29 window_influence: 0.40051883365540564, penalty_k: 0.16719587930229010, scale_lr: 0.32511764571254764, EAO: 0.324
Trial 1790 finished with value: 0.32446965325899163 and parameters: {'window_influence': 0.40051883365540564, 'penalty_k': 0.1671958793022901, 'scale_lr': 0.32511764571254764}. Best is trial 1044 with value: 0.36650777071830365.
checkpoint_e29 window_influence: 0.08662516080224836, penalty_k: 0.57342144118132155, scale_lr: 0.59707714778568088, EAO: 0.236
Trial 1791 finished with value: 0.23608092592616026 and parameters: {'window_influence': 0.08662516080224836, 'penalty_k': 0.5734214411813215, 'scale_lr': 0.5970771477856809}. Best is trial 1044 with value: 0.36650777071830365.
checkpoint_e29 window_influence: 0.34264941821054162, penalty_k: 0.38418852032509321, scale_lr: 0.23650712141401956, EAO: 0.313
Trial 1792 finished with value: 0.31306449506533285 and parameters: {'window_influence': 0.3426494182105416, 'penalty_k': 0.3841885203250932, 'scale_lr': 0.23650712141401956}. Best is trial 1044 with value: 0.36650777071830365.
checkpoint_e29 window_influence: 0.42707120451089386, penalty_k: 0.08407579212771811, scale_lr: 0.70794631369281225, EAO: 0.335
Trial 1793 finished with value: 0.33475865290322654 and parameters: {'window_influence': 0.42707120451089386, 'penalty_k': 0.08407579212771811, 'scale_lr': 0.7079463136928122}. Best is trial 1044 with value: 0.36650777071830365.
checkpoint_e29 window_influence: 0.30032409536367838, penalty_k: 0.34228088064745754, scale_lr: 0.37093355112334858, EAO: 0.314
Trial 1794 finished with value: 0.31412293776463907 and parameters: {'window_influence': 0.3003240953636784, 'penalty_k': 0.34228088064745754, 'scale_lr': 0.3709335511233486}. Best is trial 1044 with value: 0.36650777071830365.
checkpoint_e29 window_influence: 0.53393967212395455, penalty_k: 0.06085669216285819, scale_lr: 0.24469141653006160, EAO: 0.339
Trial 1795 finished with value: 0.33900031737316444 and parameters: {'window_influence': 0.5339396721239545, 'penalty_k': 0.06085669216285819, 'scale_lr': 0.2446914165300616}. Best is trial 1044 with value: 0.36650777071830365.
checkpoint_e29 window_influence: 0.52225803156641870, penalty_k: 0.48772410728931026, scale_lr: 0.68310421941572141, EAO: 0.306
Trial 1796 finished with value: 0.3064946598347987 and parameters: {'window_influence': 0.5222580315664187, 'penalty_k': 0.48772410728931026, 'scale_lr': 0.6831042194157214}. Best is trial 1044 with value: 0.36650777071830365.
checkpoint_e29 window_influence: 0.44182250217066399, penalty_k: 0.26049057198291270, scale_lr: 0.65640630955364943, EAO: 0.320
Trial 1797 finished with value: 0.3197452965181625 and parameters: {'window_influence': 0.441822502170664, 'penalty_k': 0.2604905719829127, 'scale_lr': 0.6564063095536494}. Best is trial 1044 with value: 0.36650777071830365.
checkpoint_e29 window_influence: 0.51079601216231529, penalty_k: 0.10013110589445326, scale_lr: 0.26346875847358264, EAO: 0.330
Trial 1798 finished with value: 0.3300751626259622 and parameters: {'window_influence': 0.5107960121623153, 'penalty_k': 0.10013110589445326, 'scale_lr': 0.26346875847358264}. Best is trial 1044 with value: 0.36650777071830365.
checkpoint_e29 window_influence: 0.36215597219512519, penalty_k: 0.32125022179110513, scale_lr: 0.41649728324837998, EAO: 0.318
Trial 1799 finished with value: 0.3178893662264375 and parameters: {'window_influence': 0.3621559721951252, 'penalty_k': 0.32125022179110513, 'scale_lr': 0.41649728324838}. Best is trial 1044 with value: 0.36650777071830365.
checkpoint_e29 window_influence: 0.57959673417350521, penalty_k: 0.14062785629665220, scale_lr: 0.43586241739319787, EAO: 0.279
Trial 1800 finished with value: 0.2786772150821723 and parameters: {'window_influence': 0.5795967341735052, 'penalty_k': 0.1406278562966522, 'scale_lr': 0.43586241739319787}. Best is trial 1044 with value: 0.36650777071830365.
checkpoint_e29 window_influence: 0.39319654373086860, penalty_k: 0.04259564821346393, scale_lr: 0.58795045025914905, EAO: 0.329
Trial 1801 finished with value: 0.3289005342392606 and parameters: {'window_influence': 0.3931965437308686, 'penalty_k': 0.04259564821346393, 'scale_lr': 0.587950450259149}. Best is trial 1044 with value: 0.36650777071830365.
checkpoint_e29 window_influence: 0.41803405289687162, penalty_k: 0.12205136455593492, scale_lr: 0.27651062343351956, EAO: 0.334
Trial 1802 finished with value: 0.3340909884597541 and parameters: {'window_influence': 0.4180340528968716, 'penalty_k': 0.12205136455593492, 'scale_lr': 0.27651062343351956}. Best is trial 1044 with value: 0.36650777071830365.
checkpoint_e29 window_influence: 0.15923412156471792, penalty_k: 0.21132363929973152, scale_lr: 0.21391794680743559, EAO: 0.270
Trial 1803 finished with value: 0.2703949918658817 and parameters: {'window_influence': 0.15923412156471792, 'penalty_k': 0.21132363929973152, 'scale_lr': 0.2139179468074356}. Best is trial 1044 with value: 0.36650777071830365.
checkpoint_e29 window_influence: 0.45502583357416199, penalty_k: 0.18349374035905774, scale_lr: 0.36246899931529419, EAO: 0.355
Trial 1804 finished with value: 0.35521718430611876 and parameters: {'window_influence': 0.455025833574162, 'penalty_k': 0.18349374035905774, 'scale_lr': 0.3624689993152942}. Best is trial 1044 with value: 0.36650777071830365.
checkpoint_e29 window_influence: 0.54214236706339802, penalty_k: 0.29146629640986621, scale_lr: 0.31982687672974047, EAO: 0.290
