Trial 186 finished with value: 0.33009551772811535 and parameters: {'window_influence': 0.4587656130332182, 'penalty_k': 0.1795143068397368, 'scale_lr': 0.5850822577749474}. Best is trial 82 with value: 0.36745269532797403.
checkpoint_e36 window_influence: 0.44649852624423692, penalty_k: 0.19854997958496484, scale_lr: 0.57349478001648391, EAO: 0.358
Trial 187 finished with value: 0.35844520175039535 and parameters: {'window_influence': 0.4464985262442369, 'penalty_k': 0.19854997958496484, 'scale_lr': 0.5734947800164839}. Best is trial 82 with value: 0.36745269532797403.
checkpoint_e36 window_influence: 0.42514518931196910, penalty_k: 0.19980164537429851, scale_lr: 0.56696175214172839, EAO: 0.337
Trial 188 finished with value: 0.3370085914659129 and parameters: {'window_influence': 0.4251451893119691, 'penalty_k': 0.1998016453742985, 'scale_lr': 0.5669617521417284}. Best is trial 82 with value: 0.36745269532797403.
checkpoint_e36 window_influence: 0.41375428419756155, penalty_k: 0.20144147923753664, scale_lr: 0.57840672015546812, EAO: 0.315
Trial 189 finished with value: 0.3147687181424538 and parameters: {'window_influence': 0.41375428419756155, 'penalty_k': 0.20144147923753664, 'scale_lr': 0.5784067201554681}. Best is trial 82 with value: 0.36745269532797403.
checkpoint_e36 window_influence: 0.44091916549787813, penalty_k: 0.19254872036363491, scale_lr: 0.59587029115189538, EAO: 0.345
Trial 190 finished with value: 0.3450478406963645 and parameters: {'window_influence': 0.44091916549787813, 'penalty_k': 0.1925487203636349, 'scale_lr': 0.5958702911518954}. Best is trial 82 with value: 0.36745269532797403.
checkpoint_e36 window_influence: 0.45257601019524746, penalty_k: 0.16828761080810645, scale_lr: 0.61456932626761362, EAO: 0.318
Trial 191 finished with value: 0.3184778061242419 and parameters: {'window_influence': 0.45257601019524746, 'penalty_k': 0.16828761080810645, 'scale_lr': 0.6145693262676136}. Best is trial 82 with value: 0.36745269532797403.
checkpoint_e36 window_influence: 0.46831066951947864, penalty_k: 0.21719470270993510, scale_lr: 0.60469685727032063, EAO: 0.338
Trial 192 finished with value: 0.3379279733399937 and parameters: {'window_influence': 0.46831066951947864, 'penalty_k': 0.2171947027099351, 'scale_lr': 0.6046968572703206}. Best is trial 82 with value: 0.36745269532797403.
checkpoint_e36 window_influence: 0.45203675982194685, penalty_k: 0.19032548773378943, scale_lr: 0.62585587640755358, EAO: 0.343
Trial 193 finished with value: 0.3427604213067066 and parameters: {'window_influence': 0.45203675982194685, 'penalty_k': 0.19032548773378943, 'scale_lr': 0.6258558764075536}. Best is trial 82 with value: 0.36745269532797403.
checkpoint_e36 window_influence: 0.49067356723131084, penalty_k: 0.18124316382433678, scale_lr: 0.57701940894626691, EAO: 0.326
Trial 194 finished with value: 0.3261498338053663 and parameters: {'window_influence': 0.49067356723131084, 'penalty_k': 0.18124316382433678, 'scale_lr': 0.5770194089462669}. Best is trial 82 with value: 0.36745269532797403.
checkpoint_e36 window_influence: 0.43606577112033729, penalty_k: 0.20576243342110964, scale_lr: 0.53739745250400994, EAO: 0.349
Trial 195 finished with value: 0.34944195506173814 and parameters: {'window_influence': 0.4360657711203373, 'penalty_k': 0.20576243342110964, 'scale_lr': 0.5373974525040099}. Best is trial 82 with value: 0.36745269532797403.
checkpoint_e36 window_influence: 0.43754145114281234, penalty_k: 0.20662191590124385, scale_lr: 0.53228166516736430, EAO: 0.343
Trial 196 finished with value: 0.34281219095571497 and parameters: {'window_influence': 0.43754145114281234, 'penalty_k': 0.20662191590124385, 'scale_lr': 0.5322816651673643}. Best is trial 82 with value: 0.36745269532797403.
checkpoint_e36 window_influence: 0.47569655409275463, penalty_k: 0.21872532980050968, scale_lr: 0.56893270679246533, EAO: 0.348
Trial 197 finished with value: 0.34819636444637286 and parameters: {'window_influence': 0.47569655409275463, 'penalty_k': 0.21872532980050968, 'scale_lr': 0.5689327067924653}. Best is trial 82 with value: 0.36745269532797403.
checkpoint_e36 window_influence: 0.45968706307952306, penalty_k: 0.22735793791866316, scale_lr: 0.54814986482610606, EAO: 0.332
Trial 198 finished with value: 0.3315786388829524 and parameters: {'window_influence': 0.45968706307952306, 'penalty_k': 0.22735793791866316, 'scale_lr': 0.5481498648261061}. Best is trial 82 with value: 0.36745269532797403.
checkpoint_e36 window_influence: 0.41812813650279146, penalty_k: 0.20592963382789078, scale_lr: 0.55670595066834461, EAO: 0.324
Trial 199 finished with value: 0.32389268998042153 and parameters: {'window_influence': 0.41812813650279146, 'penalty_k': 0.20592963382789078, 'scale_lr': 0.5567059506683446}. Best is trial 82 with value: 0.36745269532797403.
checkpoint_e36 window_influence: 0.42969912278923417, penalty_k: 0.19413230301579573, scale_lr: 0.53247618119918916, EAO: 0.333
Trial 200 finished with value: 0.3334977076559215 and parameters: {'window_influence': 0.42969912278923417, 'penalty_k': 0.19413230301579573, 'scale_lr': 0.5324761811991892}. Best is trial 82 with value: 0.36745269532797403.
checkpoint_e36 window_influence: 0.44344736546005131, penalty_k: 0.16712522931537699, scale_lr: 0.58810658816321815, EAO: 0.355
Trial 201 finished with value: 0.3547398693830587 and parameters: {'window_influence': 0.4434473654600513, 'penalty_k': 0.167125229315377, 'scale_lr': 0.5881065881632181}. Best is trial 82 with value: 0.36745269532797403.
checkpoint_e36 window_influence: 0.44638804030723772, penalty_k: 0.36535083501147980, scale_lr: 0.59309160670858774, EAO: 0.324
Trial 202 finished with value: 0.32447741618416187 and parameters: {'window_influence': 0.4463880403072377, 'penalty_k': 0.3653508350114798, 'scale_lr': 0.5930916067085877}. Best is trial 82 with value: 0.36745269532797403.
checkpoint_e36 window_influence: 0.46364833825059631, penalty_k: 0.18162502741141914, scale_lr: 0.58582373016665745, EAO: 0.351
Trial 203 finished with value: 0.35050327861355435 and parameters: {'window_influence': 0.4636483382505963, 'penalty_k': 0.18162502741141914, 'scale_lr': 0.5858237301666575}. Best is trial 82 with value: 0.36745269532797403.
checkpoint_e36 window_influence: 0.46341369397059956, penalty_k: 0.17154609301188339, scale_lr: 0.60393431086276472, EAO: 0.350
Trial 204 finished with value: 0.3500781102171204 and parameters: {'window_influence': 0.46341369397059956, 'penalty_k': 0.1715460930118834, 'scale_lr': 0.6039343108627647}. Best is trial 82 with value: 0.36745269532797403.
checkpoint_e36 window_influence: 0.46525848786610252, penalty_k: 0.17497462816636963, scale_lr: 0.60489325144735029, EAO: 0.342
Trial 205 finished with value: 0.3422939673008158 and parameters: {'window_influence': 0.4652584878661025, 'penalty_k': 0.17497462816636963, 'scale_lr': 0.6048932514473503}. Best is trial 82 with value: 0.36745269532797403.
checkpoint_e36 window_influence: 0.47759243995395340, penalty_k: 0.16357769400150685, scale_lr: 0.58283974264570859, EAO: 0.338
Trial 206 finished with value: 0.3379346816456272 and parameters: {'window_influence': 0.4775924399539534, 'penalty_k': 0.16357769400150685, 'scale_lr': 0.5828397426457086}. Best is trial 82 with value: 0.36745269532797403.
checkpoint_e36 window_influence: 0.46089064464044188, penalty_k: 0.18622891093101726, scale_lr: 0.63423305353058079, EAO: 0.349
Trial 207 finished with value: 0.34850996187688776 and parameters: {'window_influence': 0.4608906446404419, 'penalty_k': 0.18622891093101726, 'scale_lr': 0.6342330535305808}. Best is trial 82 with value: 0.36745269532797403.
checkpoint_e36 window_influence: 0.49650367784976540, penalty_k: 0.17499805231378848, scale_lr: 0.58681135039586307, EAO: 0.347
Trial 208 finished with value: 0.3467190641373512 and parameters: {'window_influence': 0.4965036778497654, 'penalty_k': 0.17499805231378848, 'scale_lr': 0.5868113503958631}. Best is trial 82 with value: 0.36745269532797403.
checkpoint_e36 window_influence: 0.46966772189357625, penalty_k: 0.14652456083612986, scale_lr: 0.60472005507528570, EAO: 0.336
Trial 209 finished with value: 0.33552559862340936 and parameters: {'window_influence': 0.46966772189357625, 'penalty_k': 0.14652456083612986, 'scale_lr': 0.6047200550752857}. Best is trial 82 with value: 0.36745269532797403.
checkpoint_e36 window_influence: 0.44826174964602877, penalty_k: 0.18561956012984179, scale_lr: 0.61999648457231760, EAO: 0.330
Trial 210 finished with value: 0.33031191372453933 and parameters: {'window_influence': 0.4482617496460288, 'penalty_k': 0.1856195601298418, 'scale_lr': 0.6199964845723176}. Best is trial 82 with value: 0.36745269532797403.
checkpoint_e36 window_influence: 0.43455065846443480, penalty_k: 0.19901113437709511, scale_lr: 0.57004574939231611, EAO: 0.330
Trial 211 finished with value: 0.32959833961516505 and parameters: {'window_influence': 0.4345506584644348, 'penalty_k': 0.1990111343770951, 'scale_lr': 0.5700457493923161}. Best is trial 82 with value: 0.36745269532797403.
checkpoint_e36 window_influence: 0.45702967658457821, penalty_k: 0.16645456895204813, scale_lr: 0.58822977302097135, EAO: 0.361
Trial 212 finished with value: 0.36083123911215637 and parameters: {'window_influence': 0.4570296765845782, 'penalty_k': 0.16645456895204813, 'scale_lr': 0.5882297730209713}. Best is trial 82 with value: 0.36745269532797403.
checkpoint_e36 window_influence: 0.46021987522454089, penalty_k: 0.17679250075688566, scale_lr: 0.59711652372206303, EAO: 0.337
Trial 213 finished with value: 0.33670672229291865 and parameters: {'window_influence': 0.4602198752245409, 'penalty_k': 0.17679250075688566, 'scale_lr': 0.597116523722063}. Best is trial 82 with value: 0.36745269532797403.
checkpoint_e36 window_influence: 0.48330721796956483, penalty_k: 0.16349018469313015, scale_lr: 0.58386764063477969, EAO: 0.345
Trial 214 finished with value: 0.3454819341345984 and parameters: {'window_influence': 0.48330721796956483, 'penalty_k': 0.16349018469313015, 'scale_lr': 0.5838676406347797}. Best is trial 82 with value: 0.36745269532797403.
checkpoint_e36 window_influence: 0.44779151958307667, penalty_k: 0.15236840030363732, scale_lr: 0.60202085685913398, EAO: 0.324
Trial 215 finished with value: 0.32415973827068906 and parameters: {'window_influence': 0.44779151958307667, 'penalty_k': 0.15236840030363732, 'scale_lr': 0.602020856859134}. Best is trial 82 with value: 0.36745269532797403.
checkpoint_e36 window_influence: 0.47030758572899251, penalty_k: 0.16870690138326577, scale_lr: 0.61751490420977129, EAO: 0.342
Trial 216 finished with value: 0.3419930721535293 and parameters: {'window_influence': 0.4703075857289925, 'penalty_k': 0.16870690138326577, 'scale_lr': 0.6175149042097713}. Best is trial 82 with value: 0.36745269532797403.
checkpoint_e36 window_influence: 0.15008833082853157, penalty_k: 0.18933950258021037, scale_lr: 0.63529496236926242, EAO: 0.272
Trial 217 finished with value: 0.2717346627888513 and parameters: {'window_influence': 0.15008833082853157, 'penalty_k': 0.18933950258021037, 'scale_lr': 0.6352949623692624}. Best is trial 82 with value: 0.36745269532797403.
checkpoint_e36 window_influence: 0.45791382250825569, penalty_k: 0.34746859019994469, scale_lr: 0.46517898097477639, EAO: 0.334
Trial 218 finished with value: 0.33427654421283115 and parameters: {'window_influence': 0.4579138225082557, 'penalty_k': 0.3474685901999447, 'scale_lr': 0.4651789809747764}. Best is trial 82 with value: 0.36745269532797403.
checkpoint_e36 window_influence: 0.48316850032955139, penalty_k: 0.21398234283189824, scale_lr: 0.72736782237945097, EAO: 0.329
Trial 219 finished with value: 0.3289862969738036 and parameters: {'window_influence': 0.4831685003295514, 'penalty_k': 0.21398234283189824, 'scale_lr': 0.727367822379451}. Best is trial 82 with value: 0.36745269532797403.
checkpoint_e36 window_influence: 0.44588674708619142, penalty_k: 0.13248329443984747, scale_lr: 0.58600111924939002, EAO: 0.324
Trial 220 finished with value: 0.32367851193776853 and parameters: {'window_influence': 0.4458867470861914, 'penalty_k': 0.13248329443984747, 'scale_lr': 0.58600111924939}. Best is trial 82 with value: 0.36745269532797403.
checkpoint_e36 window_influence: 0.43434247528517378, penalty_k: 0.20287209469874307, scale_lr: 0.56820057977605998, EAO: 0.348
Trial 221 finished with value: 0.3478691782005102 and parameters: {'window_influence': 0.4343424752851738, 'penalty_k': 0.20287209469874307, 'scale_lr': 0.56820057977606}. Best is trial 82 with value: 0.36745269532797403.
checkpoint_e36 window_influence: 0.47154247867848742, penalty_k: 0.30240239728545526, scale_lr: 0.59776088313141362, EAO: 0.333
Trial 222 finished with value: 0.3327580143041648 and parameters: {'window_influence': 0.4715424786784874, 'penalty_k': 0.30240239728545526, 'scale_lr': 0.5977608831314136}. Best is trial 82 with value: 0.36745269532797403.
checkpoint_e36 window_influence: 0.42015230621711208, penalty_k: 0.19550935628873015, scale_lr: 0.56419130891071345, EAO: 0.323
Trial 223 finished with value: 0.3233734917200029 and parameters: {'window_influence': 0.4201523062171121, 'penalty_k': 0.19550935628873015, 'scale_lr': 0.5641913089107135}. Best is trial 82 with value: 0.36745269532797403.
checkpoint_e36 window_influence: 0.33730343085482178, penalty_k: 0.18288679147368722, scale_lr: 0.51699321754319860, EAO: 0.301
Trial 224 finished with value: 0.30128365592733897 and parameters: {'window_influence': 0.3373034308548218, 'penalty_k': 0.18288679147368722, 'scale_lr': 0.5169932175431986}. Best is trial 82 with value: 0.36745269532797403.
checkpoint_e36 window_influence: 0.40115474406303869, penalty_k: 0.20788732831581430, scale_lr: 0.58191951511281026, EAO: 0.321
Trial 225 finished with value: 0.32140880620201273 and parameters: {'window_influence': 0.4011547440630387, 'penalty_k': 0.2078873283158143, 'scale_lr': 0.5819195151128103}. Best is trial 82 with value: 0.36745269532797403.
checkpoint_e36 window_influence: 0.45653566567436255, penalty_k: 0.22184110794636241, scale_lr: 0.60911890564566296, EAO: 0.335
Trial 226 finished with value: 0.3347476153754075 and parameters: {'window_influence': 0.45653566567436255, 'penalty_k': 0.22184110794636241, 'scale_lr': 0.609118905645663}. Best is trial 82 with value: 0.36745269532797403.
checkpoint_e36 window_influence: 0.44139175982940654, penalty_k: 0.38925113081726331, scale_lr: 0.62667059331636299, EAO: 0.325
Trial 227 finished with value: 0.32451343489992013 and parameters: {'window_influence': 0.44139175982940654, 'penalty_k': 0.3892511308172633, 'scale_lr': 0.626670593316363}. Best is trial 82 with value: 0.36745269532797403.
checkpoint_e36 window_influence: 0.49106588208561058, penalty_k: 0.17114826836249261, scale_lr: 0.64782734634110117, EAO: 0.333
Trial 228 finished with value: 0.3327278138830504 and parameters: {'window_influence': 0.4910658820856106, 'penalty_k': 0.1711482683624926, 'scale_lr': 0.6478273463411012}. Best is trial 82 with value: 0.36745269532797403.
checkpoint_e36 window_influence: 0.46333992009279917, penalty_k: 0.32601680562196056, scale_lr: 0.54748479270980788, EAO: 0.338
Trial 229 finished with value: 0.3383070591126898 and parameters: {'window_influence': 0.4633399200927992, 'penalty_k': 0.32601680562196056, 'scale_lr': 0.5474847927098079}. Best is trial 82 with value: 0.36745269532797403.
checkpoint_e36 window_influence: 0.42842313933589327, penalty_k: 0.19913440404034047, scale_lr: 0.58858601027237722, EAO: 0.338
Trial 230 finished with value: 0.33807777077075574 and parameters: {'window_influence': 0.42842313933589327, 'penalty_k': 0.19913440404034047, 'scale_lr': 0.5885860102723772}. Best is trial 82 with value: 0.36745269532797403.
checkpoint_e36 window_influence: 0.48084943000065322, penalty_k: 0.22986422859142960, scale_lr: 0.55687397206990930, EAO: 0.328
Trial 231 finished with value: 0.32800614010499146 and parameters: {'window_influence': 0.4808494300006532, 'penalty_k': 0.2298642285914296, 'scale_lr': 0.5568739720699093}. Best is trial 82 with value: 0.36745269532797403.
checkpoint_e36 window_influence: 0.47504208109202356, penalty_k: 0.21100309116336594, scale_lr: 0.57346792473776387, EAO: 0.342
Trial 232 finished with value: 0.3418029913178678 and parameters: {'window_influence': 0.47504208109202356, 'penalty_k': 0.21100309116336594, 'scale_lr': 0.5734679247377639}. Best is trial 82 with value: 0.36745269532797403.
checkpoint_e36 window_influence: 0.45341756045775783, penalty_k: 0.11211112350908180, scale_lr: 0.61239216138695585, EAO: 0.327
Trial 233 finished with value: 0.3271402676629649 and parameters: {'window_influence': 0.45341756045775783, 'penalty_k': 0.1121111235090818, 'scale_lr': 0.6123921613869558}. Best is trial 82 with value: 0.36745269532797403.
checkpoint_e36 window_influence: 0.46771537797625168, penalty_k: 0.18866516723738130, scale_lr: 0.55076064848542827, EAO: 0.343
Trial 234 finished with value: 0.34336971645225345 and parameters: {'window_influence': 0.4677153779762517, 'penalty_k': 0.1886651672373813, 'scale_lr': 0.5507606484854283}. Best is trial 82 with value: 0.36745269532797403.
checkpoint_e36 window_influence: 0.44130701479129952, penalty_k: 0.22288739517609457, scale_lr: 0.66681235802801275, EAO: 0.310
Trial 235 finished with value: 0.30972008494087694 and parameters: {'window_influence': 0.4413070147912995, 'penalty_k': 0.22288739517609457, 'scale_lr': 0.6668123580280128}. Best is trial 82 with value: 0.36745269532797403.
checkpoint_e36 window_influence: 0.49508131587159515, penalty_k: 0.20614480859639672, scale_lr: 0.60074408273907864, EAO: 0.336
Trial 236 finished with value: 0.3363259615601269 and parameters: {'window_influence': 0.49508131587159515, 'penalty_k': 0.20614480859639672, 'scale_lr': 0.6007440827390786}. Best is trial 82 with value: 0.36745269532797403.
checkpoint_e36 window_influence: 0.45540414616239877, penalty_k: 0.23636855098431347, scale_lr: 0.57690268628779517, EAO: 0.346
Trial 237 finished with value: 0.34579494050504633 and parameters: {'window_influence': 0.45540414616239877, 'penalty_k': 0.23636855098431347, 'scale_lr': 0.5769026862877952}. Best is trial 82 with value: 0.36745269532797403.
checkpoint_e36 window_influence: 0.48016291233276259, penalty_k: 0.56318417318494185, scale_lr: 0.53361150399472346, EAO: 0.309
Trial 238 finished with value: 0.30948900231359533 and parameters: {'window_influence': 0.4801629123327626, 'penalty_k': 0.5631841731849418, 'scale_lr': 0.5336115039947235}. Best is trial 82 with value: 0.36745269532797403.
checkpoint_e36 window_influence: 0.46811073249356011, penalty_k: 0.31658974499331938, scale_lr: 0.59561593438961780, EAO: 0.326
Trial 239 finished with value: 0.3255100812081697 and parameters: {'window_influence': 0.4681107324935601, 'penalty_k': 0.3165897449933194, 'scale_lr': 0.5956159343896178}. Best is trial 82 with value: 0.36745269532797403.
checkpoint_e36 window_influence: 0.44456551819111439, penalty_k: 0.18166840783076382, scale_lr: 0.56211419650137284, EAO: 0.344
Trial 240 finished with value: 0.34353952683827294 and parameters: {'window_influence': 0.4445655181911144, 'penalty_k': 0.18166840783076382, 'scale_lr': 0.5621141965013728}. Best is trial 82 with value: 0.36745269532797403.
checkpoint_e36 window_influence: 0.45431944922716772, penalty_k: 0.15979329575919826, scale_lr: 0.61796087947023004, EAO: 0.338
Trial 241 finished with value: 0.3383560787147121 and parameters: {'window_influence': 0.4543194492271677, 'penalty_k': 0.15979329575919826, 'scale_lr': 0.61796087947023}. Best is trial 82 with value: 0.36745269532797403.
checkpoint_e36 window_influence: 0.44952698744091008, penalty_k: 0.16329321039984607, scale_lr: 0.42152573498698009, EAO: 0.339
Trial 242 finished with value: 0.33923263389776653 and parameters: {'window_influence': 0.4495269874409101, 'penalty_k': 0.16329321039984607, 'scale_lr': 0.4215257349869801}. Best is trial 82 with value: 0.36745269532797403.
checkpoint_e36 window_influence: 0.46470633276077572, penalty_k: 0.15029379954421354, scale_lr: 0.62155299748690762, EAO: 0.361
Trial 243 finished with value: 0.36101178691544883 and parameters: {'window_influence': 0.4647063327607757, 'penalty_k': 0.15029379954421354, 'scale_lr': 0.6215529974869076}. Best is trial 82 with value: 0.36745269532797403.
checkpoint_e36 window_influence: 0.46614475680793688, penalty_k: 0.19823925853728733, scale_lr: 0.63798084312837466, EAO: 0.354
Trial 244 finished with value: 0.35430367331560486 and parameters: {'window_influence': 0.4661447568079369, 'penalty_k': 0.19823925853728733, 'scale_lr': 0.6379808431283747}. Best is trial 82 with value: 0.36745269532797403.
checkpoint_e36 window_influence: 0.46769156895666120, penalty_k: 0.19474130599212466, scale_lr: 0.63354111988645845, EAO: 0.349
Trial 245 finished with value: 0.349322271254276 and parameters: {'window_influence': 0.4676915689566612, 'penalty_k': 0.19474130599212466, 'scale_lr': 0.6335411198864584}. Best is trial 82 with value: 0.36745269532797403.
checkpoint_e36 window_influence: 0.43262443430480574, penalty_k: 0.17716156456807944, scale_lr: 0.64156191178938571, EAO: 0.335
Trial 246 finished with value: 0.33487589837048304 and parameters: {'window_influence': 0.43262443430480574, 'penalty_k': 0.17716156456807944, 'scale_lr': 0.6415619117893857}. Best is trial 82 with value: 0.36745269532797403.
checkpoint_e36 window_influence: 0.46194289459857224, penalty_k: 0.14873777278771824, scale_lr: 0.61231109446888288, EAO: 0.348
Trial 247 finished with value: 0.3481923021695029 and parameters: {'window_influence': 0.46194289459857224, 'penalty_k': 0.14873777278771824, 'scale_lr': 0.6123110944688829}. Best is trial 82 with value: 0.36745269532797403.
checkpoint_e36 window_influence: 0.48445716130974825, penalty_k: 0.19538122818068482, scale_lr: 0.62554439795262651, EAO: 0.338
