Trial 1805 finished with value: 0.2897653612761182 and parameters: {'window_influence': 0.542142367063398, 'penalty_k': 0.2914662964098662, 'scale_lr': 0.3198268767297405}. Best is trial 1044 with value: 0.36650777071830365.
checkpoint_e29 window_influence: 0.37900537516440330, penalty_k: 0.40527316554201953, scale_lr: 0.63391856995603491, EAO: 0.329
Trial 1806 finished with value: 0.32929064188485946 and parameters: {'window_influence': 0.3790053751644033, 'penalty_k': 0.40527316554201953, 'scale_lr': 0.6339185699560349}. Best is trial 1044 with value: 0.36650777071830365.
checkpoint_e29 window_influence: 0.50289941182716635, penalty_k: 0.36110722682965524, scale_lr: 0.72902695580702359, EAO: 0.302
Trial 1807 finished with value: 0.3018491071601786 and parameters: {'window_influence': 0.5028994118271664, 'penalty_k': 0.36110722682965524, 'scale_lr': 0.7290269558070236}. Best is trial 1044 with value: 0.36650777071830365.
checkpoint_e29 window_influence: 0.33423418229742236, penalty_k: 0.15375027414691930, scale_lr: 0.76389134092423694, EAO: 0.333
Trial 1808 finished with value: 0.3327661058086366 and parameters: {'window_influence': 0.33423418229742236, 'penalty_k': 0.1537502741469193, 'scale_lr': 0.7638913409242369}. Best is trial 1044 with value: 0.36650777071830365.
checkpoint_e29 window_influence: 0.40391491713581323, penalty_k: 0.30261671178394667, scale_lr: 0.60563368741244539, EAO: 0.327
Trial 1809 finished with value: 0.32749369931824013 and parameters: {'window_influence': 0.40391491713581323, 'penalty_k': 0.30261671178394667, 'scale_lr': 0.6056336874124454}. Best is trial 1044 with value: 0.36650777071830365.
checkpoint_e29 window_influence: 0.49164219236217543, penalty_k: 0.37472432115203147, scale_lr: 0.75284966729183767, EAO: 0.296
Trial 1810 finished with value: 0.2959245271719847 and parameters: {'window_influence': 0.49164219236217543, 'penalty_k': 0.37472432115203147, 'scale_lr': 0.7528496672918377}. Best is trial 1044 with value: 0.36650777071830365.
checkpoint_e29 window_influence: 0.32609241432527147, penalty_k: 0.02888016431488642, scale_lr: 0.39023984826701164, EAO: 0.311
Trial 1811 finished with value: 0.31095245497931767 and parameters: {'window_influence': 0.3260924143252715, 'penalty_k': 0.028880164314886415, 'scale_lr': 0.39023984826701164}. Best is trial 1044 with value: 0.36650777071830365.
checkpoint_e29 window_influence: 0.46418970440433027, penalty_k: 0.17208731388657622, scale_lr: 0.78657866146039190, EAO: 0.324
Trial 1812 finished with value: 0.32356656142709783 and parameters: {'window_influence': 0.4641897044043303, 'penalty_k': 0.17208731388657622, 'scale_lr': 0.7865786614603919}. Best is trial 1044 with value: 0.36650777071830365.
checkpoint_e29 window_influence: 0.51587515159541319, penalty_k: 0.00105610190780191, scale_lr: 0.50952299748041530, EAO: 0.332
Trial 1813 finished with value: 0.3324573215111684 and parameters: {'window_influence': 0.5158751515954132, 'penalty_k': 0.0010561019078019068, 'scale_lr': 0.5095229974804153}. Best is trial 1044 with value: 0.36650777071830365.
checkpoint_e29 window_influence: 0.43419538220078080, penalty_k: 0.39278021965993049, scale_lr: 0.56266435854632435, EAO: 0.333
Trial 1814 finished with value: 0.33250424068725526 and parameters: {'window_influence': 0.4341953822007808, 'penalty_k': 0.3927802196599305, 'scale_lr': 0.5626643585463244}. Best is trial 1044 with value: 0.36650777071830365.
checkpoint_e29 window_influence: 0.36702564908652141, penalty_k: 0.13805337954717548, scale_lr: 0.48033386003825074, EAO: 0.328
Trial 1815 finished with value: 0.32812949191735413 and parameters: {'window_influence': 0.3670256490865214, 'penalty_k': 0.13805337954717548, 'scale_lr': 0.48033386003825074}. Best is trial 1044 with value: 0.36650777071830365.
checkpoint_e29 window_influence: 0.35450730855335377, penalty_k: 0.42934492060492424, scale_lr: 0.58424969340732580, EAO: 0.342
Trial 1816 finished with value: 0.3422723898395954 and parameters: {'window_influence': 0.3545073085533538, 'penalty_k': 0.42934492060492424, 'scale_lr': 0.5842496934073258}. Best is trial 1044 with value: 0.36650777071830365.
checkpoint_e29 window_influence: 0.48928104674248019, penalty_k: 0.51930268616735520, scale_lr: 0.70054291703163307, EAO: 0.282
Trial 1817 finished with value: 0.28165331923544173 and parameters: {'window_influence': 0.4892810467424802, 'penalty_k': 0.5193026861673552, 'scale_lr': 0.7005429170316331}. Best is trial 1044 with value: 0.36650777071830365.
checkpoint_e29 window_influence: 0.56223174155131028, penalty_k: 0.07280791408521824, scale_lr: 0.52609369279512808, EAO: 0.300
Trial 1818 finished with value: 0.29991180846895227 and parameters: {'window_influence': 0.5622317415513103, 'penalty_k': 0.07280791408521824, 'scale_lr': 0.5260936927951281}. Best is trial 1044 with value: 0.36650777071830365.
checkpoint_e29 window_influence: 0.38933912553845301, penalty_k: 0.01520924461373022, scale_lr: 0.29781430573164402, EAO: 0.313
Trial 1819 finished with value: 0.3129403026999203 and parameters: {'window_influence': 0.389339125538453, 'penalty_k': 0.015209244613730223, 'scale_lr': 0.297814305731644}. Best is trial 1044 with value: 0.36650777071830365.
checkpoint_e29 window_influence: 0.06363111160707435, penalty_k: 0.05247076016341932, scale_lr: 0.34888362059928740, EAO: 0.260
Trial 1820 finished with value: 0.2602000768778389 and parameters: {'window_influence': 0.06363111160707435, 'penalty_k': 0.052470760163419325, 'scale_lr': 0.3488836205992874}. Best is trial 1044 with value: 0.36650777071830365.
checkpoint_e29 window_influence: 0.44585115298286637, penalty_k: 0.15831170245284951, scale_lr: 0.62451735254504237, EAO: 0.306
Trial 1821 finished with value: 0.30550242896673746 and parameters: {'window_influence': 0.44585115298286637, 'penalty_k': 0.1583117024528495, 'scale_lr': 0.6245173525450424}. Best is trial 1044 with value: 0.36650777071830365.
checkpoint_e29 window_influence: 0.50615162855421270, penalty_k: 0.27365567370057986, scale_lr: 0.36195354666944052, EAO: 0.327
Trial 1822 finished with value: 0.32703203681841897 and parameters: {'window_influence': 0.5061516285542127, 'penalty_k': 0.27365567370057986, 'scale_lr': 0.3619535466694405}. Best is trial 1044 with value: 0.36650777071830365.
checkpoint_e29 window_influence: 0.59466500312752157, penalty_k: 0.41755966079736034, scale_lr: 0.29937035721838040, EAO: 0.258
Trial 1823 finished with value: 0.25808066900834037 and parameters: {'window_influence': 0.5946650031275216, 'penalty_k': 0.41755966079736034, 'scale_lr': 0.2993703572183804}. Best is trial 1044 with value: 0.36650777071830365.
checkpoint_e29 window_influence: 0.23175770845979687, penalty_k: 0.12641230667774642, scale_lr: 0.64976486217821705, EAO: 0.300
Trial 1824 finished with value: 0.299750808264031 and parameters: {'window_influence': 0.23175770845979687, 'penalty_k': 0.12641230667774642, 'scale_lr': 0.649764862178217}. Best is trial 1044 with value: 0.36650777071830365.
checkpoint_e29 window_influence: 0.46914132476004428, penalty_k: 0.34000654390681517, scale_lr: 0.46319911726447893, EAO: 0.335
Trial 1825 finished with value: 0.33456585344637413 and parameters: {'window_influence': 0.4691413247600443, 'penalty_k': 0.3400065439068152, 'scale_lr': 0.46319911726447893}. Best is trial 1044 with value: 0.36650777071830365.
checkpoint_e29 window_influence: 0.52358797923720790, penalty_k: 0.14662877505993868, scale_lr: 0.73275540889396651, EAO: 0.309
Trial 1826 finished with value: 0.30922471902945625 and parameters: {'window_influence': 0.5235879792372079, 'penalty_k': 0.14662877505993868, 'scale_lr': 0.7327554088939665}. Best is trial 1044 with value: 0.36650777071830365.
checkpoint_e29 window_influence: 0.14958391011452424, penalty_k: 0.25233835957677153, scale_lr: 0.55055485137051374, EAO: 0.283
Trial 1827 finished with value: 0.283051528065585 and parameters: {'window_influence': 0.14958391011452424, 'penalty_k': 0.25233835957677153, 'scale_lr': 0.5505548513705137}. Best is trial 1044 with value: 0.36650777071830365.
checkpoint_e29 window_influence: 0.48197803934814409, penalty_k: 0.45885891187088290, scale_lr: 0.67232897532389047, EAO: 0.350
Trial 1828 finished with value: 0.3502071425608624 and parameters: {'window_influence': 0.4819780393481441, 'penalty_k': 0.4588589118708829, 'scale_lr': 0.6723289753238905}. Best is trial 1044 with value: 0.36650777071830365.
checkpoint_e29 window_influence: 0.22437139491546229, penalty_k: 0.19763474161005604, scale_lr: 0.42116545507693559, EAO: 0.302
Trial 1829 finished with value: 0.30235210368373516 and parameters: {'window_influence': 0.2243713949154623, 'penalty_k': 0.19763474161005604, 'scale_lr': 0.4211654550769356}. Best is trial 1044 with value: 0.36650777071830365.
checkpoint_e29 window_influence: 0.41302821829193931, penalty_k: 0.10447485384566770, scale_lr: 0.24532323558140914, EAO: 0.298
Trial 1830 finished with value: 0.29830818869724346 and parameters: {'window_influence': 0.4130282182919393, 'penalty_k': 0.1044748538456677, 'scale_lr': 0.24532323558140914}. Best is trial 1044 with value: 0.36650777071830365.
checkpoint_e29 window_influence: 0.32023220542375885, penalty_k: 0.17894876652464825, scale_lr: 0.72028515334382481, EAO: 0.306
Trial 1831 finished with value: 0.30635675886493713 and parameters: {'window_influence': 0.32023220542375885, 'penalty_k': 0.17894876652464825, 'scale_lr': 0.7202851533438248}. Best is trial 1044 with value: 0.36650777071830365.
checkpoint_e29 window_influence: 0.49664687042048827, penalty_k: 0.03719007385493743, scale_lr: 0.21594794376328844, EAO: 0.331
Trial 1832 finished with value: 0.33130340886950954 and parameters: {'window_influence': 0.4966468704204883, 'penalty_k': 0.03719007385493743, 'scale_lr': 0.21594794376328844}. Best is trial 1044 with value: 0.36650777071830365.
checkpoint_e29 window_influence: 0.11297046292282084, penalty_k: 0.08717151092264425, scale_lr: 0.60883008059188726, EAO: 0.267
Trial 1833 finished with value: 0.26723763909089426 and parameters: {'window_influence': 0.11297046292282084, 'penalty_k': 0.08717151092264425, 'scale_lr': 0.6088300805918873}. Best is trial 1044 with value: 0.36650777071830365.
checkpoint_e29 window_influence: 0.37461109279902399, penalty_k: 0.21923310549428734, scale_lr: 0.51082764945936132, EAO: 0.351
Trial 1834 finished with value: 0.3507599714665097 and parameters: {'window_influence': 0.374611092799024, 'penalty_k': 0.21923310549428734, 'scale_lr': 0.5108276494593613}. Best is trial 1044 with value: 0.36650777071830365.
checkpoint_e29 window_influence: 0.45578032633049692, penalty_k: 0.59593959078338277, scale_lr: 0.25743891694471810, EAO: 0.308
Trial 1835 finished with value: 0.30824860652133185 and parameters: {'window_influence': 0.4557803263304969, 'penalty_k': 0.5959395907833828, 'scale_lr': 0.2574389169447181}. Best is trial 1044 with value: 0.36650777071830365.
checkpoint_e29 window_influence: 0.42654609977620689, penalty_k: 0.53164965363004213, scale_lr: 0.28865627817221884, EAO: 0.298
Trial 1836 finished with value: 0.297815678416523 and parameters: {'window_influence': 0.4265460997762069, 'penalty_k': 0.5316496536300421, 'scale_lr': 0.28865627817221884}. Best is trial 1044 with value: 0.36650777071830365.
checkpoint_e29 window_influence: 0.27828942489589437, penalty_k: 0.16138637561568220, scale_lr: 0.20116275723427418, EAO: 0.296
Trial 1837 finished with value: 0.2956016565227323 and parameters: {'window_influence': 0.27828942489589437, 'penalty_k': 0.1613863756156822, 'scale_lr': 0.20116275723427418}. Best is trial 1044 with value: 0.36650777071830365.
checkpoint_e29 window_influence: 0.39846060644733022, penalty_k: 0.39525026184767176, scale_lr: 0.45112580411910036, EAO: 0.331
Trial 1838 finished with value: 0.33129307766832733 and parameters: {'window_influence': 0.3984606064473302, 'penalty_k': 0.39525026184767176, 'scale_lr': 0.45112580411910036}. Best is trial 1044 with value: 0.36650777071830365.
checkpoint_e29 window_influence: 0.48054237291069885, penalty_k: 0.35500291783003191, scale_lr: 0.69078922527794739, EAO: 0.338
Trial 1839 finished with value: 0.33751502134456707 and parameters: {'window_influence': 0.48054237291069885, 'penalty_k': 0.3550029178300319, 'scale_lr': 0.6907892252779474}. Best is trial 1044 with value: 0.36650777071830365.
checkpoint_e29 window_influence: 0.34568110547582409, penalty_k: 0.06170371142955335, scale_lr: 0.63734287646362486, EAO: 0.323
Trial 1840 finished with value: 0.322536583018674 and parameters: {'window_influence': 0.3456811054758241, 'penalty_k': 0.06170371142955335, 'scale_lr': 0.6373428764636249}. Best is trial 1044 with value: 0.36650777071830365.
checkpoint_e29 window_influence: 0.54904360494229898, penalty_k: 0.13305368929033945, scale_lr: 0.34884639239494131, EAO: 0.305
Trial 1841 finished with value: 0.30493036857606837 and parameters: {'window_influence': 0.549043604942299, 'penalty_k': 0.13305368929033945, 'scale_lr': 0.3488463923949413}. Best is trial 1044 with value: 0.36650777071830365.
checkpoint_e29 window_influence: 0.28889259014526891, penalty_k: 0.40933655331894875, scale_lr: 0.77592918057713134, EAO: 0.347
Trial 1842 finished with value: 0.3468979426627029 and parameters: {'window_influence': 0.2888925901452689, 'penalty_k': 0.40933655331894875, 'scale_lr': 0.7759291805771313}. Best is trial 1044 with value: 0.36650777071830365.
checkpoint_e29 window_influence: 0.64708010054769993, penalty_k: 0.44117756645604322, scale_lr: 0.38421220774508696, EAO: 0.226
Trial 1843 finished with value: 0.2263470094375573 and parameters: {'window_influence': 0.6470801005476999, 'penalty_k': 0.4411775664560432, 'scale_lr': 0.38421220774508696}. Best is trial 1044 with value: 0.36650777071830365.
checkpoint_e29 window_influence: 0.11765467263329868, penalty_k: 0.36892574647280063, scale_lr: 0.57572189977976451, EAO: 0.257
Trial 1844 finished with value: 0.2569067564571878 and parameters: {'window_influence': 0.11765467263329868, 'penalty_k': 0.36892574647280063, 'scale_lr': 0.5757218997797645}. Best is trial 1044 with value: 0.36650777071830365.
checkpoint_e29 window_influence: 0.51376814546554805, penalty_k: 0.11984973459513193, scale_lr: 0.18768131393409737, EAO: 0.337
Trial 1845 finished with value: 0.336788300758206 and parameters: {'window_influence': 0.513768145465548, 'penalty_k': 0.11984973459513193, 'scale_lr': 0.18768131393409737}. Best is trial 1044 with value: 0.36650777071830365.
checkpoint_e29 window_influence: 0.46983717823997290, penalty_k: 0.14891076509935453, scale_lr: 0.27703273747725066, EAO: 0.328
Trial 1846 finished with value: 0.3277859875084361 and parameters: {'window_influence': 0.4698371782399729, 'penalty_k': 0.14891076509935453, 'scale_lr': 0.27703273747725066}. Best is trial 1044 with value: 0.36650777071830365.
checkpoint_e29 window_influence: 0.13053647715256525, penalty_k: 0.49292059470875282, scale_lr: 0.22856090159416353, EAO: 0.259
Trial 1847 finished with value: 0.2594292487963628 and parameters: {'window_influence': 0.13053647715256525, 'penalty_k': 0.4929205947087528, 'scale_lr': 0.22856090159416353}. Best is trial 1044 with value: 0.36650777071830365.
checkpoint_e29 window_influence: 0.49715777486025370, penalty_k: 0.55194036805932867, scale_lr: 0.43891478043827969, EAO: 0.298
Trial 1848 finished with value: 0.29803525734736297 and parameters: {'window_influence': 0.4971577748602537, 'penalty_k': 0.5519403680593287, 'scale_lr': 0.4389147804382797}. Best is trial 1044 with value: 0.36650777071830365.
checkpoint_e29 window_influence: 0.53299038690339551, penalty_k: 0.08052613828587318, scale_lr: 0.74123066722192343, EAO: 0.293
Trial 1849 finished with value: 0.2927949792100298 and parameters: {'window_influence': 0.5329903869033955, 'penalty_k': 0.08052613828587318, 'scale_lr': 0.7412306672219234}. Best is trial 1044 with value: 0.36650777071830365.
checkpoint_e29 window_influence: 0.46191106112948443, penalty_k: 0.17088366008786646, scale_lr: 0.59483712017988977, EAO: 0.346
Trial 1850 finished with value: 0.3461718520997563 and parameters: {'window_influence': 0.46191106112948443, 'penalty_k': 0.17088366008786646, 'scale_lr': 0.5948371201798898}. Best is trial 1044 with value: 0.36650777071830365.
checkpoint_e29 window_influence: 0.26331510158320781, penalty_k: 0.28802464242568959, scale_lr: 0.62144103337749357, EAO: 0.292
Trial 1851 finished with value: 0.29185425730762776 and parameters: {'window_influence': 0.2633151015832078, 'penalty_k': 0.2880246424256896, 'scale_lr': 0.6214410333774936}. Best is trial 1044 with value: 0.36650777071830365.
checkpoint_e29 window_influence: 0.48569277921916298, penalty_k: 0.18627122750441016, scale_lr: 0.65895667422096937, EAO: 0.329
Trial 1852 finished with value: 0.3293120469680556 and parameters: {'window_influence': 0.485692779219163, 'penalty_k': 0.18627122750441016, 'scale_lr': 0.6589566742209694}. Best is trial 1044 with value: 0.36650777071830365.
checkpoint_e29 window_influence: 0.24494276572301815, penalty_k: 0.38529376214681860, scale_lr: 0.31575066837544463, EAO: 0.280
Trial 1853 finished with value: 0.28028045901992443 and parameters: {'window_influence': 0.24494276572301815, 'penalty_k': 0.3852937621468186, 'scale_lr': 0.31575066837544463}. Best is trial 1044 with value: 0.36650777071830365.
checkpoint_e29 window_influence: 0.44358036725760236, penalty_k: 0.11065094709268081, scale_lr: 0.36970732710761067, EAO: 0.324
Trial 1854 finished with value: 0.32406913578974134 and parameters: {'window_influence': 0.44358036725760236, 'penalty_k': 0.11065094709268081, 'scale_lr': 0.3697073271076107}. Best is trial 1044 with value: 0.36650777071830365.
checkpoint_e29 window_influence: 0.38709296648688318, penalty_k: 0.09529311652958775, scale_lr: 0.40806276300804528, EAO: 0.306
Trial 1855 finished with value: 0.30561056454821783 and parameters: {'window_influence': 0.3870929664868832, 'penalty_k': 0.09529311652958775, 'scale_lr': 0.4080627630080453}. Best is trial 1044 with value: 0.36650777071830365.
checkpoint_e29 window_influence: 0.50666102939223934, penalty_k: 0.01562733062265267, scale_lr: 0.76285582853441380, EAO: 0.329
Trial 1856 finished with value: 0.32897197011611806 and parameters: {'window_influence': 0.5066610293922393, 'penalty_k': 0.015627330622652674, 'scale_lr': 0.7628558285344138}. Best is trial 1044 with value: 0.36650777071830365.
checkpoint_e29 window_influence: 0.47371713965033047, penalty_k: 0.23776676072704522, scale_lr: 0.17613549301530876, EAO: 0.331
Trial 1857 finished with value: 0.33132589257644773 and parameters: {'window_influence': 0.47371713965033047, 'penalty_k': 0.23776676072704522, 'scale_lr': 0.17613549301530876}. Best is trial 1044 with value: 0.36650777071830365.
checkpoint_e29 window_influence: 0.49721494574020048, penalty_k: 0.04212163497807529, scale_lr: 0.20980934693697603, EAO: 0.341
Trial 1858 finished with value: 0.3406597059292552 and parameters: {'window_influence': 0.4972149457402005, 'penalty_k': 0.04212163497807529, 'scale_lr': 0.20980934693697603}. Best is trial 1044 with value: 0.36650777071830365.
checkpoint_e29 window_influence: 0.41166265899433591, penalty_k: 0.13609006764796203, scale_lr: 0.70630433273783511, EAO: 0.321
Trial 1859 finished with value: 0.3210937671856194 and parameters: {'window_influence': 0.4116626589943359, 'penalty_k': 0.13609006764796203, 'scale_lr': 0.7063043327378351}. Best is trial 1044 with value: 0.36650777071830365.
checkpoint_e29 window_influence: 0.63116883770303567, penalty_k: 0.42073438726643814, scale_lr: 0.61192820235216494, EAO: 0.231
Trial 1860 finished with value: 0.2307338874627644 and parameters: {'window_influence': 0.6311688377030357, 'penalty_k': 0.42073438726643814, 'scale_lr': 0.6119282023521649}. Best is trial 1044 with value: 0.36650777071830365.
checkpoint_e29 window_influence: 0.37213339700998854, penalty_k: 0.06730699655486398, scale_lr: 0.47900145646826847, EAO: 0.315
Trial 1861 finished with value: 0.31526917996109693 and parameters: {'window_influence': 0.37213339700998854, 'penalty_k': 0.06730699655486398, 'scale_lr': 0.47900145646826847}. Best is trial 1044 with value: 0.36650777071830365.
checkpoint_e29 window_influence: 0.45359130317503660, penalty_k: 0.15787307652854635, scale_lr: 0.64154034336349586, EAO: 0.336
Trial 1862 finished with value: 0.33568941027737775 and parameters: {'window_influence': 0.4535913031750366, 'penalty_k': 0.15787307652854635, 'scale_lr': 0.6415403433634959}. Best is trial 1044 with value: 0.36650777071830365.
checkpoint_e29 window_influence: 0.52068603931622337, penalty_k: 0.40097704784036603, scale_lr: 0.74789159899815905, EAO: 0.291
Trial 1863 finished with value: 0.29120295891965875 and parameters: {'window_influence': 0.5206860393162234, 'penalty_k': 0.40097704784036603, 'scale_lr': 0.747891598998159}. Best is trial 1044 with value: 0.36650777071830365.
checkpoint_e29 window_influence: 0.49053488656380750, penalty_k: 0.37987395218690206, scale_lr: 0.55898457178588590, EAO: 0.306
Trial 1864 finished with value: 0.3059363515924387 and parameters: {'window_influence': 0.4905348865638075, 'penalty_k': 0.37987395218690206, 'scale_lr': 0.5589845717858859}. Best is trial 1044 with value: 0.36650777071830365.
checkpoint_e29 window_influence: 0.35774779492901509, penalty_k: 0.32020919628250449, scale_lr: 0.33525122278448355, EAO: 0.326
Trial 1865 finished with value: 0.3257005204834363 and parameters: {'window_influence': 0.3577477949290151, 'penalty_k': 0.3202091962825045, 'scale_lr': 0.33525122278448355}. Best is trial 1044 with value: 0.36650777071830365.
checkpoint_e29 window_influence: 0.47602971597136184, penalty_k: 0.02809807794462914, scale_lr: 0.23925307783038932, EAO: 0.340
