Trial 388 finished with value: 0.32830553719273803 and parameters: {'window_influence': 0.5179971695438598, 'penalty_k': 0.09203487903693541, 'scale_lr': 0.43552097458663636}. Best is trial 200 with value: 0.37697677389656986.
checkpoint_e16 window_influence: 0.42166794129354718, penalty_k: 0.00579749290800969, scale_lr: 0.46819824757914452, EAO: 0.333
Trial 86 finished with value: 0.3333277507514805 and parameters: {'window_influence': 0.4216679412935472, 'penalty_k': 0.00579749290800969, 'scale_lr': 0.4681982475791445}. Best is trial 82 with value: 0.3495157835316565.
checkpoint_e16 window_influence: 0.48010664165180594, penalty_k: 0.01246682514355057, scale_lr: 0.49345295782517795, EAO: 0.329
Trial 389 finished with value: 0.3293194914606295 and parameters: {'window_influence': 0.48010664165180594, 'penalty_k': 0.012466825143550572, 'scale_lr': 0.49345295782517795}. Best is trial 200 with value: 0.37697677389656986.
checkpoint_e16 window_influence: 0.38872814299637820, penalty_k: 0.05116330788870449, scale_lr: 0.50370483366027474, EAO: 0.336
Trial 87 finished with value: 0.3363439266783718 and parameters: {'window_influence': 0.3887281429963782, 'penalty_k': 0.05116330788870449, 'scale_lr': 0.5037048336602747}. Best is trial 82 with value: 0.3495157835316565.
checkpoint_e16 window_influence: 0.53531422229951553, penalty_k: 0.02545101044004840, scale_lr: 0.40503447356009370, EAO: 0.324
Trial 390 finished with value: 0.32419952419713316 and parameters: {'window_influence': 0.5353142222995155, 'penalty_k': 0.025451010440048397, 'scale_lr': 0.4050344735600937}. Best is trial 200 with value: 0.37697677389656986.
checkpoint_e16 window_influence: 0.45237840880305946, penalty_k: 0.00342104605365412, scale_lr: 0.45481313788759553, EAO: 0.330
Trial 88 finished with value: 0.3302188342879255 and parameters: {'window_influence': 0.45237840880305946, 'penalty_k': 0.00342104605365412, 'scale_lr': 0.45481313788759553}. Best is trial 82 with value: 0.3495157835316565.
checkpoint_e16 window_influence: 0.45917514892641093, penalty_k: 0.05835556209633820, scale_lr: 0.51553425059319524, EAO: 0.321
Trial 391 finished with value: 0.32078525893651094 and parameters: {'window_influence': 0.4591751489264109, 'penalty_k': 0.0583555620963382, 'scale_lr': 0.5155342505931952}. Best is trial 200 with value: 0.37697677389656986.
checkpoint_e16 window_influence: 0.40853849942346609, penalty_k: 0.03003330261353689, scale_lr: 0.56500091884996995, EAO: 0.330
Trial 89 finished with value: 0.33010497741430184 and parameters: {'window_influence': 0.4085384994234661, 'penalty_k': 0.03003330261353689, 'scale_lr': 0.56500091884997}. Best is trial 82 with value: 0.3495157835316565.
checkpoint_e16 window_influence: 0.42996432607177104, penalty_k: 0.01276520809881035, scale_lr: 0.54417536671120059, EAO: 0.310
Trial 392 finished with value: 0.30961815879502647 and parameters: {'window_influence': 0.42996432607177104, 'penalty_k': 0.012765208098810352, 'scale_lr': 0.5441753667112006}. Best is trial 200 with value: 0.37697677389656986.
checkpoint_e16 window_influence: 0.43599597344531421, penalty_k: 0.08924435983966804, scale_lr: 0.47621753863998006, EAO: 0.313
Trial 90 finished with value: 0.3133116045002807 and parameters: {'window_influence': 0.4359959734453142, 'penalty_k': 0.08924435983966804, 'scale_lr': 0.47621753863998006}. Best is trial 82 with value: 0.3495157835316565.
checkpoint_e16 window_influence: 0.44730897155595162, penalty_k: 0.19055159825589313, scale_lr: 0.37665295426873246, EAO: 0.315
Trial 393 finished with value: 0.31485439807988325 and parameters: {'window_influence': 0.4473089715559516, 'penalty_k': 0.19055159825589313, 'scale_lr': 0.37665295426873246}. Best is trial 200 with value: 0.37697677389656986.
checkpoint_e16 window_influence: 0.51101529161075576, penalty_k: 0.06067501008859250, scale_lr: 0.49338778033772729, EAO: 0.332
Trial 91 finished with value: 0.332104197967841 and parameters: {'window_influence': 0.5110152916107558, 'penalty_k': 0.0606750100885925, 'scale_lr': 0.4933877803377273}. Best is trial 82 with value: 0.3495157835316565.
checkpoint_e16 window_influence: 0.49027632573868762, penalty_k: 0.03863350423481890, scale_lr: 0.68495947722183448, EAO: 0.319
Trial 394 finished with value: 0.3192841664594435 and parameters: {'window_influence': 0.4902763257386876, 'penalty_k': 0.0386335042348189, 'scale_lr': 0.6849594772218345}. Best is trial 200 with value: 0.37697677389656986.
checkpoint_e16 window_influence: 0.48106034781710472, penalty_k: 0.04187223105663242, scale_lr: 0.51202180996695368, EAO: 0.337
Trial 92 finished with value: 0.3370756163671323 and parameters: {'window_influence': 0.4810603478171047, 'penalty_k': 0.04187223105663242, 'scale_lr': 0.5120218099669537}. Best is trial 82 with value: 0.3495157835316565.
checkpoint_e16 window_influence: 0.47192523516810103, penalty_k: 0.00003726853500342, scale_lr: 0.50586576324106147, EAO: 0.343
Trial 395 finished with value: 0.3428151943804225 and parameters: {'window_influence': 0.47192523516810103, 'penalty_k': 3.726853500341811e-05, 'scale_lr': 0.5058657632410615}. Best is trial 200 with value: 0.37697677389656986.
checkpoint_e16 window_influence: 0.44530242519890401, penalty_k: 0.02235404912738987, scale_lr: 0.43062843653060123, EAO: 0.326
Trial 93 finished with value: 0.3259357485325884 and parameters: {'window_influence': 0.445302425198904, 'penalty_k': 0.022354049127389874, 'scale_lr': 0.43062843653060123}. Best is trial 82 with value: 0.3495157835316565.
checkpoint_e16 window_influence: 0.41706495876305577, penalty_k: 0.29992953021032515, scale_lr: 0.52866258922958509, EAO: 0.294
Trial 396 finished with value: 0.29399757319155373 and parameters: {'window_influence': 0.41706495876305577, 'penalty_k': 0.29992953021032515, 'scale_lr': 0.5286625892295851}. Best is trial 200 with value: 0.37697677389656986.
checkpoint_e16 window_influence: 0.52490279915081373, penalty_k: 0.10547092822039432, scale_lr: 0.53049028647091201, EAO: 0.308
Trial 94 finished with value: 0.3079565566337526 and parameters: {'window_influence': 0.5249027991508137, 'penalty_k': 0.10547092822039432, 'scale_lr': 0.530490286470912}. Best is trial 82 with value: 0.3495157835316565.
checkpoint_e16 window_influence: 0.46298194528363634, penalty_k: 0.02051423242930041, scale_lr: 0.46801729365192957, EAO: 0.320
Trial 397 finished with value: 0.31989155483616927 and parameters: {'window_influence': 0.46298194528363634, 'penalty_k': 0.02051423242930041, 'scale_lr': 0.46801729365192957}. Best is trial 200 with value: 0.37697677389656986.
checkpoint_e16 window_influence: 0.49094797708305582, penalty_k: 0.07131860916443555, scale_lr: 0.45925514007308832, EAO: 0.326
Trial 95 finished with value: 0.3262602457276578 and parameters: {'window_influence': 0.4909479770830558, 'penalty_k': 0.07131860916443555, 'scale_lr': 0.4592551400730883}. Best is trial 82 with value: 0.3495157835316565.
checkpoint_e16 window_influence: 0.45008196316235560, penalty_k: 0.04922970828970621, scale_lr: 0.49613186940899834, EAO: 0.308
Trial 398 finished with value: 0.307928867435177 and parameters: {'window_influence': 0.4500819631623556, 'penalty_k': 0.04922970828970621, 'scale_lr': 0.49613186940899834}. Best is trial 200 with value: 0.37697677389656986.
checkpoint_e16 window_influence: 0.41678222362360845, penalty_k: 0.05350136820423269, scale_lr: 0.50035418124531073, EAO: 0.333
Trial 96 finished with value: 0.3331613522095439 and parameters: {'window_influence': 0.41678222362360845, 'penalty_k': 0.053501368204232694, 'scale_lr': 0.5003541812453107}. Best is trial 82 with value: 0.3495157835316565.
checkpoint_e16 window_influence: 0.35031128519848942, penalty_k: 0.14253225743562392, scale_lr: 0.48303244981794469, EAO: 0.310
Trial 399 finished with value: 0.3100286736098709 and parameters: {'window_influence': 0.3503112851984894, 'penalty_k': 0.14253225743562392, 'scale_lr': 0.4830324498179447}. Best is trial 200 with value: 0.37697677389656986.
checkpoint_e16 window_influence: 0.46727315856464741, penalty_k: 0.03555275262247655, scale_lr: 0.44197364255686777, EAO: 0.337
Trial 97 finished with value: 0.3371500476093144 and parameters: {'window_influence': 0.4672731585646474, 'penalty_k': 0.03555275262247655, 'scale_lr': 0.4419736425568678}. Best is trial 82 with value: 0.3495157835316565.
checkpoint_e16 window_influence: 0.51037842289550828, penalty_k: 0.03004189331106641, scale_lr: 0.45163609278004413, EAO: 0.315
Trial 400 finished with value: 0.3154685670067828 and parameters: {'window_influence': 0.5103784228955083, 'penalty_k': 0.03004189331106641, 'scale_lr': 0.45163609278004413}. Best is trial 200 with value: 0.37697677389656986.
checkpoint_e16 window_influence: 0.50106001688933588, penalty_k: 0.09446180764005263, scale_lr: 0.48376181138695273, EAO: 0.332
Trial 98 finished with value: 0.3322801455449501 and parameters: {'window_influence': 0.5010600168893359, 'penalty_k': 0.09446180764005263, 'scale_lr': 0.48376181138695273}. Best is trial 82 with value: 0.3495157835316565.
checkpoint_e16 window_influence: 0.43487915369316316, penalty_k: 0.01180316721034780, scale_lr: 0.54994986508539900, EAO: 0.324
Trial 401 finished with value: 0.32368268258144883 and parameters: {'window_influence': 0.43487915369316316, 'penalty_k': 0.011803167210347802, 'scale_lr': 0.549949865085399}. Best is trial 200 with value: 0.37697677389656986.
checkpoint_e16 window_influence: 0.43221401038372204, penalty_k: 0.11740821766286291, scale_lr: 0.59660146243262935, EAO: 0.297
Trial 99 finished with value: 0.2973941196959306 and parameters: {'window_influence': 0.43221401038372204, 'penalty_k': 0.11740821766286291, 'scale_lr': 0.5966014624326293}. Best is trial 82 with value: 0.3495157835316565.
checkpoint_e16 window_influence: 0.47767295378735836, penalty_k: 0.11174375337722042, scale_lr: 0.51576958835204112, EAO: 0.323
Trial 402 finished with value: 0.32344126260698075 and parameters: {'window_influence': 0.47767295378735836, 'penalty_k': 0.11174375337722042, 'scale_lr': 0.5157695883520411}. Best is trial 200 with value: 0.37697677389656986.
checkpoint_e16 window_influence: 0.48104368741745884, penalty_k: 0.01256329688227072, scale_lr: 0.55718565929244712, EAO: 0.346
Trial 100 finished with value: 0.3456132473416829 and parameters: {'window_influence': 0.48104368741745884, 'penalty_k': 0.012563296882270716, 'scale_lr': 0.5571856592924471}. Best is trial 82 with value: 0.3495157835316565.
checkpoint_e16 window_influence: 0.45783716876375102, penalty_k: 0.32599357020074343, scale_lr: 0.42303444090079823, EAO: 0.310
Trial 403 finished with value: 0.30965705673982197 and parameters: {'window_influence': 0.457837168763751, 'penalty_k': 0.32599357020074343, 'scale_lr': 0.4230344409007982}. Best is trial 200 with value: 0.37697677389656986.
checkpoint_e16 window_influence: 0.47783129875784031, penalty_k: 0.01451334799443899, scale_lr: 0.55456049351684156, EAO: 0.329
Trial 101 finished with value: 0.32935654229922984 and parameters: {'window_influence': 0.4778312987578403, 'penalty_k': 0.014513347994438992, 'scale_lr': 0.5545604935168416}. Best is trial 82 with value: 0.3495157835316565.
checkpoint_e16 window_influence: 0.61868093995499507, penalty_k: 0.02149298692024544, scale_lr: 0.53575767046991341, EAO: 0.262
Trial 404 finished with value: 0.2616209243406118 and parameters: {'window_influence': 0.6186809399549951, 'penalty_k': 0.02149298692024544, 'scale_lr': 0.5357576704699134}. Best is trial 200 with value: 0.37697677389656986.
checkpoint_e16 window_influence: 0.45460716881942786, penalty_k: 0.00593684755306605, scale_lr: 0.58174368285004141, EAO: 0.325
Trial 102 finished with value: 0.324869235781844 and parameters: {'window_influence': 0.45460716881942786, 'penalty_k': 0.005936847553066046, 'scale_lr': 0.5817436828500414}. Best is trial 82 with value: 0.3495157835316565.
checkpoint_e16 window_influence: 0.36896864308081667, penalty_k: 0.17263095455043845, scale_lr: 0.52120516572717357, EAO: 0.299
Trial 405 finished with value: 0.2990428857534312 and parameters: {'window_influence': 0.36896864308081667, 'penalty_k': 0.17263095455043845, 'scale_lr': 0.5212051657271736}. Best is trial 200 with value: 0.37697677389656986.
checkpoint_e16 window_influence: 0.51393423806522465, penalty_k: 0.02893388719928770, scale_lr: 0.51170220569745450, EAO: 0.317
Trial 103 finished with value: 0.3166188742632068 and parameters: {'window_influence': 0.5139342380652246, 'penalty_k': 0.028933887199287703, 'scale_lr': 0.5117022056974545}. Best is trial 82 with value: 0.3495157835316565.
checkpoint_e16 window_influence: 0.43863711120741522, penalty_k: 0.35748959910086164, scale_lr: 0.50304709203969833, EAO: 0.291
Trial 406 finished with value: 0.2911665742847242 and parameters: {'window_influence': 0.4386371112074152, 'penalty_k': 0.35748959910086164, 'scale_lr': 0.5030470920396983}. Best is trial 200 with value: 0.37697677389656986.
checkpoint_e16 window_influence: 0.48969592626969860, penalty_k: 0.05106057326377150, scale_lr: 0.52924585251809797, EAO: 0.324
Trial 104 finished with value: 0.3241450383621431 and parameters: {'window_influence': 0.4896959262696986, 'penalty_k': 0.0510605732637715, 'scale_lr': 0.529245852518098}. Best is trial 82 with value: 0.3495157835316565.
checkpoint_e16 window_influence: 0.49555596690564718, penalty_k: 0.01198547772716459, scale_lr: 0.68181537711943851, EAO: 0.329
Trial 407 finished with value: 0.32940137137002984 and parameters: {'window_influence': 0.4955559669056472, 'penalty_k': 0.011985477727164594, 'scale_lr': 0.6818153771194385}. Best is trial 200 with value: 0.37697677389656986.
checkpoint_e16 window_influence: 0.52716059000429794, penalty_k: 0.07646066422090425, scale_lr: 0.54180296338480383, EAO: 0.306
Trial 105 finished with value: 0.30567936692024483 and parameters: {'window_influence': 0.5271605900042979, 'penalty_k': 0.07646066422090425, 'scale_lr': 0.5418029633848038}. Best is trial 82 with value: 0.3495157835316565.
checkpoint_e16 window_influence: 0.42144506380625146, penalty_k: 0.00019273048153461, scale_lr: 0.47530460232234018, EAO: 0.322
Trial 408 finished with value: 0.3219175647784764 and parameters: {'window_influence': 0.42144506380625146, 'penalty_k': 0.00019273048153461286, 'scale_lr': 0.4753046023223402}. Best is trial 200 with value: 0.37697677389656986.
checkpoint_e16 window_influence: 0.46675132099233885, penalty_k: 0.00099136808281589, scale_lr: 0.56180741452981497, EAO: 0.322
Trial 106 finished with value: 0.3217726716851446 and parameters: {'window_influence': 0.46675132099233885, 'penalty_k': 0.0009913680828158855, 'scale_lr': 0.561807414529815}. Best is trial 82 with value: 0.3495157835316565.
checkpoint_e16 window_influence: 0.21058620319502122, penalty_k: 0.09955892227370289, scale_lr: 0.39789575335300698, EAO: 0.277
Trial 409 finished with value: 0.27707211754433375 and parameters: {'window_influence': 0.21058620319502122, 'penalty_k': 0.09955892227370289, 'scale_lr': 0.397895753353007}. Best is trial 200 with value: 0.37697677389656986.
checkpoint_e16 window_influence: 0.50505462968681702, penalty_k: 0.04177698824586525, scale_lr: 0.52401652724725989, EAO: 0.334
Trial 107 finished with value: 0.3336615161209255 and parameters: {'window_influence': 0.505054629686817, 'penalty_k': 0.04177698824586525, 'scale_lr': 0.5240165272472599}. Best is trial 82 with value: 0.3495157835316565.
checkpoint_e16 window_influence: 0.46902948695223906, penalty_k: 0.03526830498445826, scale_lr: 0.12402589842599099, EAO: 0.290
Trial 410 finished with value: 0.28961752146366504 and parameters: {'window_influence': 0.46902948695223906, 'penalty_k': 0.03526830498445826, 'scale_lr': 0.12402589842599099}. Best is trial 200 with value: 0.37697677389656986.
checkpoint_e16 window_influence: 0.44804135123420918, penalty_k: 0.05764262962052888, scale_lr: 0.46851976553666275, EAO: 0.306
Trial 108 finished with value: 0.3063608099514408 and parameters: {'window_influence': 0.4480413512342092, 'penalty_k': 0.05764262962052888, 'scale_lr': 0.46851976553666275}. Best is trial 82 with value: 0.3495157835316565.
checkpoint_e16 window_influence: 0.32412983005010476, penalty_k: 0.02381231062545344, scale_lr: 0.49141786844532070, EAO: 0.308
Trial 411 finished with value: 0.3083334613866843 and parameters: {'window_influence': 0.32412983005010476, 'penalty_k': 0.023812310625453435, 'scale_lr': 0.4914178684453207}. Best is trial 200 with value: 0.37697677389656986.
checkpoint_e16 window_influence: 0.54199922127247491, penalty_k: 0.02270927497022540, scale_lr: 0.50013142684667777, EAO: 0.322
Trial 109 finished with value: 0.3224073063422734 and parameters: {'window_influence': 0.5419992212724749, 'penalty_k': 0.0227092749702254, 'scale_lr': 0.5001314268466778}. Best is trial 82 with value: 0.3495157835316565.
checkpoint_e16 window_influence: 0.44911923614941918, penalty_k: 0.05110482956273148, scale_lr: 0.58681956457645001, EAO: 0.330
Trial 412 finished with value: 0.330136453305237 and parameters: {'window_influence': 0.4491192361494192, 'penalty_k': 0.051104829562731484, 'scale_lr': 0.58681956457645}. Best is trial 200 with value: 0.37697677389656986.
checkpoint_e16 window_influence: 0.48218677405290455, penalty_k: 0.02979634541417049, scale_lr: 0.55480972528784500, EAO: 0.329
Trial 110 finished with value: 0.3290677202814748 and parameters: {'window_influence': 0.48218677405290455, 'penalty_k': 0.02979634541417049, 'scale_lr': 0.554809725287845}. Best is trial 82 with value: 0.3495157835316565.
checkpoint_e16 window_influence: 0.59630419734086171, penalty_k: 0.01214566885755021, scale_lr: 0.55781816932566730, EAO: 0.276
Trial 413 finished with value: 0.2764932836771939 and parameters: {'window_influence': 0.5963041973408617, 'penalty_k': 0.012145668857550215, 'scale_lr': 0.5578181693256673}. Best is trial 200 with value: 0.37697677389656986.
checkpoint_e16 window_influence: 0.46148614220737555, penalty_k: 0.07333768809571869, scale_lr: 0.51840246414620417, EAO: 0.330
Trial 111 finished with value: 0.3302016669906067 and parameters: {'window_influence': 0.46148614220737555, 'penalty_k': 0.0733376880957187, 'scale_lr': 0.5184024641462042}. Best is trial 82 with value: 0.3495157835316565.
checkpoint_e16 window_influence: 0.40740430152898355, penalty_k: 0.03352765434563347, scale_lr: 0.43528460001546210, EAO: 0.315
Trial 414 finished with value: 0.31509457986642414 and parameters: {'window_influence': 0.40740430152898355, 'penalty_k': 0.03352765434563347, 'scale_lr': 0.4352846000154621}. Best is trial 200 with value: 0.37697677389656986.
checkpoint_e16 window_influence: 0.44029072360555854, penalty_k: 0.06709392796141540, scale_lr: 0.47908998081626220, EAO: 0.317
Trial 112 finished with value: 0.31698095444807284 and parameters: {'window_influence': 0.44029072360555854, 'penalty_k': 0.0670939279614154, 'scale_lr': 0.4790899808162622}. Best is trial 82 with value: 0.3495157835316565.
checkpoint_e16 window_influence: 0.48487994793628891, penalty_k: 0.23561919607257339, scale_lr: 0.53960404302847154, EAO: 0.300
Trial 415 finished with value: 0.2998653069892282 and parameters: {'window_influence': 0.4848799479362889, 'penalty_k': 0.2356191960725734, 'scale_lr': 0.5396040430284715}. Best is trial 200 with value: 0.37697677389656986.
checkpoint_e16 window_influence: 0.46148510690957822, penalty_k: 0.09241834654106670, scale_lr: 0.57484504000779790, EAO: 0.321
Trial 113 finished with value: 0.32146539368054283 and parameters: {'window_influence': 0.4614851069095782, 'penalty_k': 0.0924183465410667, 'scale_lr': 0.5748450400077979}. Best is trial 82 with value: 0.3495157835316565.
checkpoint_e16 window_influence: 0.45978686482357900, penalty_k: 0.01014287943597171, scale_lr: 0.45944086265492240, EAO: 0.352
Trial 416 finished with value: 0.3515375892012036 and parameters: {'window_influence': 0.459786864823579, 'penalty_k': 0.010142879435971714, 'scale_lr': 0.4594408626549224}. Best is trial 200 with value: 0.37697677389656986.
checkpoint_e16 window_influence: 0.42896351180363290, penalty_k: 0.13298479198330837, scale_lr: 0.54295071966857766, EAO: 0.321
Trial 114 finished with value: 0.3214402304897049 and parameters: {'window_influence': 0.4289635118036329, 'penalty_k': 0.13298479198330837, 'scale_lr': 0.5429507196685777}. Best is trial 82 with value: 0.3495157835316565.
checkpoint_e16 window_influence: 0.46438967894072714, penalty_k: 0.06256021577624746, scale_lr: 0.45506978329417802, EAO: 0.312
Trial 417 finished with value: 0.31191216565755553 and parameters: {'window_influence': 0.46438967894072714, 'penalty_k': 0.06256021577624746, 'scale_lr': 0.455069783294178}. Best is trial 200 with value: 0.37697677389656986.
checkpoint_e16 window_influence: 0.47648601115161432, penalty_k: 0.01225474068417220, scale_lr: 0.51284162213702689, EAO: 0.345
Trial 115 finished with value: 0.3449021540727133 and parameters: {'window_influence': 0.4764860111516143, 'penalty_k': 0.0122547406841722, 'scale_lr': 0.5128416221370269}. Best is trial 82 with value: 0.3495157835316565.
checkpoint_e16 window_influence: 0.29680910320180809, penalty_k: 0.04233652530453919, scale_lr: 0.47076210509513783, EAO: 0.301
Trial 418 finished with value: 0.300933496323541 and parameters: {'window_influence': 0.2968091032018081, 'penalty_k': 0.042336525304539185, 'scale_lr': 0.47076210509513783}. Best is trial 200 with value: 0.37697677389656986.
checkpoint_e16 window_influence: 0.49855420833024305, penalty_k: 0.01506023394326291, scale_lr: 0.48236375987491847, EAO: 0.343
Trial 116 finished with value: 0.3430411020141631 and parameters: {'window_influence': 0.49855420833024305, 'penalty_k': 0.015060233943262908, 'scale_lr': 0.4823637598749185}. Best is trial 82 with value: 0.3495157835316565.
checkpoint_e16 window_influence: 0.54921770286877669, penalty_k: 0.02167630718018312, scale_lr: 0.44116620341651874, EAO: 0.309
