Trial 881 finished with value: 0.2941831305101224 and parameters: {'window_influence': 0.24776654088307135, 'penalty_k': 0.21197053039120248, 'scale_lr': 0.5846708092307694}. Best is trial 330 with value: 0.36352008859471124.
checkpoint_e31 window_influence: 0.09527867257609185, penalty_k: 0.05667278092656357, scale_lr: 0.72999542550138319, EAO: 0.265
Trial 882 finished with value: 0.26452248581188664 and parameters: {'window_influence': 0.09527867257609185, 'penalty_k': 0.05667278092656357, 'scale_lr': 0.7299954255013832}. Best is trial 330 with value: 0.36352008859471124.
checkpoint_e31 window_influence: 0.53507282235403464, penalty_k: 0.19418112673292257, scale_lr: 0.51454047740416009, EAO: 0.297
Trial 883 finished with value: 0.29735026592642416 and parameters: {'window_influence': 0.5350728223540346, 'penalty_k': 0.19418112673292257, 'scale_lr': 0.5145404774041601}. Best is trial 330 with value: 0.36352008859471124.
checkpoint_e31 window_influence: 0.51122740832800184, penalty_k: 0.56576469736628110, scale_lr: 0.42927425376789596, EAO: 0.293
Trial 884 finished with value: 0.293405957317074 and parameters: {'window_influence': 0.5112274083280018, 'penalty_k': 0.5657646973662811, 'scale_lr': 0.42927425376789596}. Best is trial 330 with value: 0.36352008859471124.
checkpoint_e31 window_influence: 0.40389917582650170, penalty_k: 0.24274869738828431, scale_lr: 0.60572963116113698, EAO: 0.314
Trial 885 finished with value: 0.3139917351856306 and parameters: {'window_influence': 0.4038991758265017, 'penalty_k': 0.2427486973882843, 'scale_lr': 0.605729631161137}. Best is trial 330 with value: 0.36352008859471124.
checkpoint_e31 window_influence: 0.09193688050344317, penalty_k: 0.42003075482176511, scale_lr: 0.56262846376829623, EAO: 0.258
Trial 886 finished with value: 0.2581503586082607 and parameters: {'window_influence': 0.09193688050344317, 'penalty_k': 0.4200307548217651, 'scale_lr': 0.5626284637682962}. Best is trial 330 with value: 0.36352008859471124.
checkpoint_e31 window_influence: 0.50005981587911930, penalty_k: 0.07722313937953845, scale_lr: 0.49552580388715228, EAO: 0.334
Trial 887 finished with value: 0.3337425973396821 and parameters: {'window_influence': 0.5000598158791193, 'penalty_k': 0.07722313937953845, 'scale_lr': 0.4955258038871523}. Best is trial 330 with value: 0.36352008859471124.
checkpoint_e31 window_influence: 0.51485174020410795, penalty_k: 0.14983397295647427, scale_lr: 0.51398396512686673, EAO: 0.330
Trial 888 finished with value: 0.3302167931767289 and parameters: {'window_influence': 0.514851740204108, 'penalty_k': 0.14983397295647427, 'scale_lr': 0.5139839651268667}. Best is trial 330 with value: 0.36352008859471124.
checkpoint_e31 window_influence: 0.53961323969440600, penalty_k: 0.01209856737629863, scale_lr: 0.52948275602397310, EAO: 0.311
Trial 889 finished with value: 0.3112390752200487 and parameters: {'window_influence': 0.539613239694406, 'penalty_k': 0.012098567376298634, 'scale_lr': 0.5294827560239731}. Best is trial 330 with value: 0.36352008859471124.
checkpoint_e31 window_influence: 0.49303258260478244, penalty_k: 0.27203947075566676, scale_lr: 0.56667517408220103, EAO: 0.321
Trial 890 finished with value: 0.32101139130527406 and parameters: {'window_influence': 0.49303258260478244, 'penalty_k': 0.27203947075566676, 'scale_lr': 0.566675174082201}. Best is trial 330 with value: 0.36352008859471124.
checkpoint_e31 window_influence: 0.52616320061463873, penalty_k: 0.59013582666823294, scale_lr: 0.79842146358657029, EAO: 0.287
Trial 891 finished with value: 0.28683652314230623 and parameters: {'window_influence': 0.5261632006146387, 'penalty_k': 0.5901358266682329, 'scale_lr': 0.7984214635865703}. Best is trial 330 with value: 0.36352008859471124.
checkpoint_e31 window_influence: 0.46668951877845732, penalty_k: 0.04716495480865814, scale_lr: 0.75493777757283598, EAO: 0.336
Trial 892 finished with value: 0.3356891434480244 and parameters: {'window_influence': 0.4666895187784573, 'penalty_k': 0.04716495480865814, 'scale_lr': 0.754937777572836}. Best is trial 330 with value: 0.36352008859471124.
checkpoint_e31 window_influence: 0.22395277737954902, penalty_k: 0.56299243593167780, scale_lr: 0.59360817312378344, EAO: 0.287
Trial 893 finished with value: 0.2870414795694648 and parameters: {'window_influence': 0.22395277737954902, 'penalty_k': 0.5629924359316778, 'scale_lr': 0.5936081731237834}. Best is trial 330 with value: 0.36352008859471124.
checkpoint_e31 window_influence: 0.44216368886461443, penalty_k: 0.12414791320218600, scale_lr: 0.68813776219074962, EAO: 0.297
Trial 894 finished with value: 0.2966019827800038 and parameters: {'window_influence': 0.44216368886461443, 'penalty_k': 0.124147913202186, 'scale_lr': 0.6881377621907496}. Best is trial 330 with value: 0.36352008859471124.
checkpoint_e31 window_influence: 0.50064243106138362, penalty_k: 0.42330812165269993, scale_lr: 0.54590881123744750, EAO: 0.312
Trial 895 finished with value: 0.3122021077555905 and parameters: {'window_influence': 0.5006424310613836, 'penalty_k': 0.42330812165269993, 'scale_lr': 0.5459088112374475}. Best is trial 330 with value: 0.36352008859471124.
checkpoint_e31 window_influence: 0.47962888920994373, penalty_k: 0.46812867207294573, scale_lr: 0.70346304744002230, EAO: 0.319
Trial 896 finished with value: 0.3185139412661935 and parameters: {'window_influence': 0.47962888920994373, 'penalty_k': 0.46812867207294573, 'scale_lr': 0.7034630474400223}. Best is trial 330 with value: 0.36352008859471124.
checkpoint_e31 window_influence: 0.60175294175463279, penalty_k: 0.02410514659585799, scale_lr: 0.58506098417348784, EAO: 0.266
Trial 897 finished with value: 0.26565820981788263 and parameters: {'window_influence': 0.6017529417546328, 'penalty_k': 0.024105146595857992, 'scale_lr': 0.5850609841734878}. Best is trial 330 with value: 0.36352008859471124.
checkpoint_e31 window_influence: 0.50885510580982418, penalty_k: 0.11306734060878375, scale_lr: 0.39802175167471865, EAO: 0.308
Trial 898 finished with value: 0.30791520307036224 and parameters: {'window_influence': 0.5088551058098242, 'penalty_k': 0.11306734060878375, 'scale_lr': 0.39802175167471865}. Best is trial 330 with value: 0.36352008859471124.
checkpoint_e31 window_influence: 0.14382297549082557, penalty_k: 0.14009934713610550, scale_lr: 0.53353834664010491, EAO: 0.278
Trial 899 finished with value: 0.27777105175567507 and parameters: {'window_influence': 0.14382297549082557, 'penalty_k': 0.1400993471361055, 'scale_lr': 0.5335383466401049}. Best is trial 330 with value: 0.36352008859471124.
checkpoint_e31 window_influence: 0.61934766938624120, penalty_k: 0.03540369970795310, scale_lr: 0.46160476572059106, EAO: 0.264
Trial 900 finished with value: 0.2636808939133173 and parameters: {'window_influence': 0.6193476693862412, 'penalty_k': 0.0354036997079531, 'scale_lr': 0.46160476572059106}. Best is trial 330 with value: 0.36352008859471124.
checkpoint_e31 window_influence: 0.55837371698996208, penalty_k: 0.06662859978068067, scale_lr: 0.63186086046376932, EAO: 0.299
Trial 901 finished with value: 0.29876721833002706 and parameters: {'window_influence': 0.5583737169899621, 'penalty_k': 0.06662859978068067, 'scale_lr': 0.6318608604637693}. Best is trial 330 with value: 0.36352008859471124.
checkpoint_e31 window_influence: 0.33185531031723642, penalty_k: 0.16077214300147064, scale_lr: 0.59109886882005402, EAO: 0.309
Trial 902 finished with value: 0.308608652900629 and parameters: {'window_influence': 0.3318553103172364, 'penalty_k': 0.16077214300147064, 'scale_lr': 0.591098868820054}. Best is trial 330 with value: 0.36352008859471124.
checkpoint_e31 window_influence: 0.13583785715488636, penalty_k: 0.00914328987954060, scale_lr: 0.35890119481071447, EAO: 0.262
Trial 903 finished with value: 0.2622935083125816 and parameters: {'window_influence': 0.13583785715488636, 'penalty_k': 0.0091432898795406, 'scale_lr': 0.3589011948107145}. Best is trial 330 with value: 0.36352008859471124.
checkpoint_e31 window_influence: 0.49281813899054727, penalty_k: 0.00012100201192655, scale_lr: 0.67425491769197277, EAO: 0.343
Trial 904 finished with value: 0.34336225775429247 and parameters: {'window_influence': 0.49281813899054727, 'penalty_k': 0.00012100201192654508, 'scale_lr': 0.6742549176919728}. Best is trial 330 with value: 0.36352008859471124.
checkpoint_e31 window_influence: 0.64522050343395509, penalty_k: 0.08206850622909735, scale_lr: 0.56253598786685322, EAO: 0.241
Trial 905 finished with value: 0.24062334905570584 and parameters: {'window_influence': 0.6452205034339551, 'penalty_k': 0.08206850622909735, 'scale_lr': 0.5625359878668532}. Best is trial 330 with value: 0.36352008859471124.
checkpoint_e31 window_influence: 0.41624402035246488, penalty_k: 0.05100021788219154, scale_lr: 0.49321977011805868, EAO: 0.301
Trial 906 finished with value: 0.30110796712020027 and parameters: {'window_influence': 0.4162440203524649, 'penalty_k': 0.05100021788219154, 'scale_lr': 0.4932197701180587}. Best is trial 330 with value: 0.36352008859471124.
checkpoint_e31 window_influence: 0.15137190021570671, penalty_k: 0.54298519603987949, scale_lr: 0.31686845058200053, EAO: 0.266
Trial 907 finished with value: 0.26604916775736825 and parameters: {'window_influence': 0.1513719002157067, 'penalty_k': 0.5429851960398795, 'scale_lr': 0.3168684505820005}. Best is trial 330 with value: 0.36352008859471124.
checkpoint_e31 window_influence: 0.52183076273980677, penalty_k: 0.18539094206083229, scale_lr: 0.45509528801926125, EAO: 0.315
Trial 908 finished with value: 0.3151080875081311 and parameters: {'window_influence': 0.5218307627398068, 'penalty_k': 0.1853909420608323, 'scale_lr': 0.45509528801926125}. Best is trial 330 with value: 0.36352008859471124.
checkpoint_e31 window_influence: 0.47555547944297216, penalty_k: 0.21463689727899743, scale_lr: 0.62080991783712625, EAO: 0.359
Trial 909 finished with value: 0.35879031844176207 and parameters: {'window_influence': 0.47555547944297216, 'penalty_k': 0.21463689727899743, 'scale_lr': 0.6208099178371262}. Best is trial 330 with value: 0.36352008859471124.
checkpoint_e31 window_influence: 0.45840657346191788, penalty_k: 0.20701275761893928, scale_lr: 0.63915435695031986, EAO: 0.326
Trial 910 finished with value: 0.3262561282527122 and parameters: {'window_influence': 0.4584065734619179, 'penalty_k': 0.20701275761893928, 'scale_lr': 0.6391543569503199}. Best is trial 330 with value: 0.36352008859471124.
checkpoint_e31 window_influence: 0.44911101611204768, penalty_k: 0.24894642405373518, scale_lr: 0.58423967301352875, EAO: 0.321
Trial 911 finished with value: 0.32095162031251634 and parameters: {'window_influence': 0.4491110161120477, 'penalty_k': 0.24894642405373518, 'scale_lr': 0.5842396730135287}. Best is trial 330 with value: 0.36352008859471124.
checkpoint_e31 window_influence: 0.46207265483610360, penalty_k: 0.23289705851871373, scale_lr: 0.58660841553982201, EAO: 0.317
Trial 912 finished with value: 0.3165578292501576 and parameters: {'window_influence': 0.4620726548361036, 'penalty_k': 0.23289705851871373, 'scale_lr': 0.586608415539822}. Best is trial 330 with value: 0.36352008859471124.
checkpoint_e31 window_influence: 0.47199094235730410, penalty_k: 0.26001289114824155, scale_lr: 0.65455838558625190, EAO: 0.334
Trial 913 finished with value: 0.33432158885762847 and parameters: {'window_influence': 0.4719909423573041, 'penalty_k': 0.26001289114824155, 'scale_lr': 0.6545583855862519}. Best is trial 330 with value: 0.36352008859471124.
checkpoint_e31 window_influence: 0.13159225742148140, penalty_k: 0.18846791802437543, scale_lr: 0.55942744553532242, EAO: 0.269
Trial 914 finished with value: 0.26867784455360605 and parameters: {'window_influence': 0.1315922574214814, 'penalty_k': 0.18846791802437543, 'scale_lr': 0.5594274455353224}. Best is trial 330 with value: 0.36352008859471124.
checkpoint_e31 window_influence: 0.17238155538867128, penalty_k: 0.29995751674276627, scale_lr: 0.61444892399366113, EAO: 0.270
Trial 915 finished with value: 0.2700849417234673 and parameters: {'window_influence': 0.17238155538867128, 'penalty_k': 0.2999575167427663, 'scale_lr': 0.6144489239936611}. Best is trial 330 with value: 0.36352008859471124.
checkpoint_e31 window_influence: 0.48012615346107967, penalty_k: 0.22247483896052023, scale_lr: 0.67925231450190993, EAO: 0.322
Trial 916 finished with value: 0.3224266561088859 and parameters: {'window_influence': 0.4801261534610797, 'penalty_k': 0.22247483896052023, 'scale_lr': 0.6792523145019099}. Best is trial 330 with value: 0.36352008859471124.
checkpoint_e31 window_influence: 0.17205955206252607, penalty_k: 0.15952561795868409, scale_lr: 0.65198643113616306, EAO: 0.291
Trial 917 finished with value: 0.2906964232833469 and parameters: {'window_influence': 0.17205955206252607, 'penalty_k': 0.15952561795868409, 'scale_lr': 0.6519864311361631}. Best is trial 330 with value: 0.36352008859471124.
checkpoint_e31 window_influence: 0.18711722282053347, penalty_k: 0.20013761721731921, scale_lr: 0.53730104030887993, EAO: 0.283
Trial 918 finished with value: 0.28291523584132067 and parameters: {'window_influence': 0.18711722282053347, 'penalty_k': 0.2001376172173192, 'scale_lr': 0.5373010403088799}. Best is trial 330 with value: 0.36352008859471124.
checkpoint_e31 window_influence: 0.30580150281720597, penalty_k: 0.19760631543311469, scale_lr: 0.60947144738400238, EAO: 0.308
Trial 919 finished with value: 0.3080809303062899 and parameters: {'window_influence': 0.305801502817206, 'penalty_k': 0.1976063154331147, 'scale_lr': 0.6094714473840024}. Best is trial 330 with value: 0.36352008859471124.
checkpoint_e31 window_influence: 0.25572180391793231, penalty_k: 0.21840877784238924, scale_lr: 0.40919153966000948, EAO: 0.302
Trial 920 finished with value: 0.30204092267654287 and parameters: {'window_influence': 0.2557218039179323, 'penalty_k': 0.21840877784238924, 'scale_lr': 0.4091915396600095}. Best is trial 330 with value: 0.36352008859471124.
checkpoint_e31 window_influence: 0.51076775373472416, penalty_k: 0.02549170078267421, scale_lr: 0.59377512622809181, EAO: 0.356
Trial 921 finished with value: 0.3563692311136639 and parameters: {'window_influence': 0.5107677537347242, 'penalty_k': 0.02549170078267421, 'scale_lr': 0.5937751262280918}. Best is trial 330 with value: 0.36352008859471124.
checkpoint_e31 window_influence: 0.53756231393167353, penalty_k: 0.02282150332494476, scale_lr: 0.59764513587108137, EAO: 0.316
Trial 922 finished with value: 0.31605861164948357 and parameters: {'window_influence': 0.5375623139316735, 'penalty_k': 0.02282150332494476, 'scale_lr': 0.5976451358710814}. Best is trial 330 with value: 0.36352008859471124.
checkpoint_e31 window_influence: 0.51644771242425713, penalty_k: 0.03822715345893613, scale_lr: 0.62263785785603887, EAO: 0.326
Trial 923 finished with value: 0.3255933524337724 and parameters: {'window_influence': 0.5164477124242571, 'penalty_k': 0.038227153458936125, 'scale_lr': 0.6226378578560389}. Best is trial 330 with value: 0.36352008859471124.
checkpoint_e31 window_influence: 0.52602414081085735, penalty_k: 0.02390502640617218, scale_lr: 0.59983109757351261, EAO: 0.330
Trial 924 finished with value: 0.3299612333338548 and parameters: {'window_influence': 0.5260241408108574, 'penalty_k': 0.023905026406172182, 'scale_lr': 0.5998310975735126}. Best is trial 330 with value: 0.36352008859471124.
checkpoint_e31 window_influence: 0.50842189965212636, penalty_k: 0.01100937095517998, scale_lr: 0.58342906248676762, EAO: 0.327
Trial 925 finished with value: 0.3269882928652522 and parameters: {'window_influence': 0.5084218996521264, 'penalty_k': 0.011009370955179976, 'scale_lr': 0.5834290624867676}. Best is trial 330 with value: 0.36352008859471124.
checkpoint_e31 window_influence: 0.50074972076614710, penalty_k: 0.03092590827489035, scale_lr: 0.57543749107296704, EAO: 0.323
Trial 926 finished with value: 0.3226502080835721 and parameters: {'window_influence': 0.5007497207661471, 'penalty_k': 0.03092590827489035, 'scale_lr': 0.575437491072967}. Best is trial 330 with value: 0.36352008859471124.
checkpoint_e31 window_influence: 0.36468007667776664, penalty_k: 0.04189087581934781, scale_lr: 0.62665594255086610, EAO: 0.310
Trial 927 finished with value: 0.31041983251209854 and parameters: {'window_influence': 0.36468007667776664, 'penalty_k': 0.041890875819347806, 'scale_lr': 0.6266559425508661}. Best is trial 330 with value: 0.36352008859471124.
checkpoint_e31 window_influence: 0.51383101973309075, penalty_k: 0.02111649304230528, scale_lr: 0.60615200850999740, EAO: 0.340
Trial 928 finished with value: 0.34030448172806765 and parameters: {'window_influence': 0.5138310197330908, 'penalty_k': 0.02111649304230528, 'scale_lr': 0.6061520085099974}. Best is trial 330 with value: 0.36352008859471124.
checkpoint_e31 window_influence: 0.21944010394280966, penalty_k: 0.05890520874138808, scale_lr: 0.56326724519703297, EAO: 0.292
Trial 929 finished with value: 0.29249721695940784 and parameters: {'window_influence': 0.21944010394280966, 'penalty_k': 0.05890520874138808, 'scale_lr': 0.563267245197033}. Best is trial 330 with value: 0.36352008859471124.
checkpoint_e31 window_influence: 0.54954072681301080, penalty_k: 0.01096043535682568, scale_lr: 0.37672916990504179, EAO: 0.304
Trial 930 finished with value: 0.3037358946257528 and parameters: {'window_influence': 0.5495407268130108, 'penalty_k': 0.010960435356825678, 'scale_lr': 0.3767291699050418}. Best is trial 330 with value: 0.36352008859471124.
checkpoint_e31 window_influence: 0.49790370361041880, penalty_k: 0.03121142090190386, scale_lr: 0.35295889874112063, EAO: 0.341
Trial 931 finished with value: 0.3407032834184773 and parameters: {'window_influence': 0.4979037036104188, 'penalty_k': 0.03121142090190386, 'scale_lr': 0.35295889874112063}. Best is trial 330 with value: 0.36352008859471124.
checkpoint_e31 window_influence: 0.11865394502442200, penalty_k: 0.04288114251263954, scale_lr: 0.15252316503386482, EAO: 0.288
Trial 932 finished with value: 0.28798543647337516 and parameters: {'window_influence': 0.118653945024422, 'penalty_k': 0.04288114251263954, 'scale_lr': 0.15252316503386482}. Best is trial 330 with value: 0.36352008859471124.
checkpoint_e31 window_influence: 0.28389369608302006, penalty_k: 0.01835733554290600, scale_lr: 0.44531025486969256, EAO: 0.316
Trial 933 finished with value: 0.31596104649950096 and parameters: {'window_influence': 0.28389369608302006, 'penalty_k': 0.018357335542905997, 'scale_lr': 0.44531025486969256}. Best is trial 330 with value: 0.36352008859471124.
checkpoint_e31 window_influence: 0.19492999321007892, penalty_k: 0.33032144826877968, scale_lr: 0.59173278968919540, EAO: 0.288
Trial 934 finished with value: 0.2879509041629413 and parameters: {'window_influence': 0.19492999321007892, 'penalty_k': 0.3303214482687797, 'scale_lr': 0.5917327896891954}. Best is trial 330 with value: 0.36352008859471124.
checkpoint_e31 window_influence: 0.52939021962961275, penalty_k: 0.06808374079011272, scale_lr: 0.30614129989716066, EAO: 0.309
Trial 935 finished with value: 0.3086195063962083 and parameters: {'window_influence': 0.5293902196296127, 'penalty_k': 0.06808374079011272, 'scale_lr': 0.30614129989716066}. Best is trial 330 with value: 0.36352008859471124.
checkpoint_e31 window_influence: 0.50891642123357217, penalty_k: 0.05254387635650690, scale_lr: 0.66639564570798626, EAO: 0.339
Trial 936 finished with value: 0.33853825358565215 and parameters: {'window_influence': 0.5089164212335722, 'penalty_k': 0.0525438763565069, 'scale_lr': 0.6663956457079863}. Best is trial 330 with value: 0.36352008859471124.
checkpoint_e31 window_influence: 0.34438238711717062, penalty_k: 0.01309763180838675, scale_lr: 0.11129120983395399, EAO: 0.316
Trial 937 finished with value: 0.31593428239052396 and parameters: {'window_influence': 0.3443823871171706, 'penalty_k': 0.013097631808386752, 'scale_lr': 0.11129120983395399}. Best is trial 330 with value: 0.36352008859471124.
checkpoint_e31 window_influence: 0.52325788660224137, penalty_k: 0.03220088932147873, scale_lr: 0.42167600052938770, EAO: 0.311
Trial 938 finished with value: 0.310599631778461 and parameters: {'window_influence': 0.5232578866022414, 'penalty_k': 0.03220088932147873, 'scale_lr': 0.4216760005293877}. Best is trial 330 with value: 0.36352008859471124.
checkpoint_e31 window_influence: 0.58196617123696215, penalty_k: 0.08492760421344860, scale_lr: 0.39280143654604305, EAO: 0.285
Trial 939 finished with value: 0.2849329265291125 and parameters: {'window_influence': 0.5819661712369621, 'penalty_k': 0.0849276042134486, 'scale_lr': 0.39280143654604305}. Best is trial 330 with value: 0.36352008859471124.
checkpoint_e31 window_influence: 0.21682343734234191, penalty_k: 0.06954796435329789, scale_lr: 0.56851050156033600, EAO: 0.303
Trial 940 finished with value: 0.30260308423162896 and parameters: {'window_influence': 0.2168234373423419, 'penalty_k': 0.0695479643532979, 'scale_lr': 0.568510501560336}. Best is trial 330 with value: 0.36352008859471124.
checkpoint_e31 window_influence: 0.49297396705060076, penalty_k: 0.00242646474994839, scale_lr: 0.13153621273691724, EAO: 0.340
Trial 941 finished with value: 0.33956714258583603 and parameters: {'window_influence': 0.49297396705060076, 'penalty_k': 0.002426464749948388, 'scale_lr': 0.13153621273691724}. Best is trial 330 with value: 0.36352008859471124.
checkpoint_e31 window_influence: 0.50592832110330055, penalty_k: 0.37419637565254482, scale_lr: 0.14792223212377081, EAO: 0.305
Trial 942 finished with value: 0.304646314466046 and parameters: {'window_influence': 0.5059283211033005, 'penalty_k': 0.3741963756525448, 'scale_lr': 0.1479222321237708}. Best is trial 330 with value: 0.36352008859471124.
checkpoint_e31 window_influence: 0.16460614756439121, penalty_k: 0.05020533197356017, scale_lr: 0.33922307635099402, EAO: 0.276
