Trial 868 finished with value: 0.2544227823441131 and parameters: {'window_influence': 0.6307137245293798, 'penalty_k': 0.038776518820360345, 'scale_lr': 0.41642706803860624}. Best is trial 97 with value: 0.3587390516054769.
checkpoint_e22 window_influence: 0.27725938628522018, penalty_k: 0.14751181506681840, scale_lr: 0.71067762024621028, EAO: 0.305
Trial 869 finished with value: 0.30479533709440715 and parameters: {'window_influence': 0.2772593862852202, 'penalty_k': 0.1475118150668184, 'scale_lr': 0.7106776202462103}. Best is trial 97 with value: 0.3587390516054769.
checkpoint_e22 window_influence: 0.10889765190260731, penalty_k: 0.58669787178454036, scale_lr: 0.29039700490357634, EAO: 0.226
Trial 870 finished with value: 0.22571538040842062 and parameters: {'window_influence': 0.1088976519026073, 'penalty_k': 0.5866978717845404, 'scale_lr': 0.29039700490357634}. Best is trial 97 with value: 0.3587390516054769.
checkpoint_e22 window_influence: 0.47248391655223326, penalty_k: 0.22130032669411059, scale_lr: 0.77522205611013395, EAO: 0.309
Trial 871 finished with value: 0.3092624677874235 and parameters: {'window_influence': 0.47248391655223326, 'penalty_k': 0.2213003266941106, 'scale_lr': 0.775222056110134}. Best is trial 97 with value: 0.3587390516054769.
checkpoint_e22 window_influence: 0.64640828187845312, penalty_k: 0.36263614794847876, scale_lr: 0.30855311110264105, EAO: 0.221
Trial 872 finished with value: 0.2208932701947624 and parameters: {'window_influence': 0.6464082818784531, 'penalty_k': 0.36263614794847876, 'scale_lr': 0.30855311110264105}. Best is trial 97 with value: 0.3587390516054769.
checkpoint_e22 window_influence: 0.39466988219849003, penalty_k: 0.01665791092540085, scale_lr: 0.27282375462489816, EAO: 0.297
Trial 873 finished with value: 0.29723693378240684 and parameters: {'window_influence': 0.39466988219849003, 'penalty_k': 0.016657910925400855, 'scale_lr': 0.27282375462489816}. Best is trial 97 with value: 0.3587390516054769.
checkpoint_e22 window_influence: 0.57818501286423918, penalty_k: 0.00066950958465690, scale_lr: 0.54403200722082956, EAO: 0.283
Trial 874 finished with value: 0.28256898208119063 and parameters: {'window_influence': 0.5781850128642392, 'penalty_k': 0.000669509584656895, 'scale_lr': 0.5440320072208296}. Best is trial 97 with value: 0.3587390516054769.
checkpoint_e22 window_influence: 0.51042010866535203, penalty_k: 0.13655188964435724, scale_lr: 0.39989971013320397, EAO: 0.308
Trial 875 finished with value: 0.3080968998865395 and parameters: {'window_influence': 0.510420108665352, 'penalty_k': 0.13655188964435724, 'scale_lr': 0.39989971013320397}. Best is trial 97 with value: 0.3587390516054769.
checkpoint_e22 window_influence: 0.48672441915501058, penalty_k: 0.06390952179332957, scale_lr: 0.50647491788954457, EAO: 0.344
Trial 876 finished with value: 0.34370806534930426 and parameters: {'window_influence': 0.4867244191550106, 'penalty_k': 0.06390952179332957, 'scale_lr': 0.5064749178895446}. Best is trial 97 with value: 0.3587390516054769.
checkpoint_e22 window_influence: 0.47246258289411452, penalty_k: 0.00039966893128417, scale_lr: 0.49313959030748644, EAO: 0.361
Trial 877 finished with value: 0.36080633677861107 and parameters: {'window_influence': 0.4724625828941145, 'penalty_k': 0.0003996689312841667, 'scale_lr': 0.49313959030748644}. Best is trial 877 with value: 0.36080633677861107.
checkpoint_e22 window_influence: 0.49815810415520195, penalty_k: 0.00308811928448454, scale_lr: 0.56753720215518455, EAO: 0.325
Trial 878 finished with value: 0.3253812205466779 and parameters: {'window_influence': 0.49815810415520195, 'penalty_k': 0.003088119284484536, 'scale_lr': 0.5675372021551846}. Best is trial 877 with value: 0.36080633677861107.
checkpoint_e22 window_influence: 0.47648606312733643, penalty_k: 0.00061474389223078, scale_lr: 0.28643308587496780, EAO: 0.355
Trial 879 finished with value: 0.3546760942685465 and parameters: {'window_influence': 0.47648606312733643, 'penalty_k': 0.0006147438922307755, 'scale_lr': 0.2864330858749678}. Best is trial 877 with value: 0.36080633677861107.
checkpoint_e22 window_influence: 0.48370585913849240, penalty_k: 0.01954806962967224, scale_lr: 0.67504151453096761, EAO: 0.315
Trial 880 finished with value: 0.3153908907323496 and parameters: {'window_influence': 0.4837058591384924, 'penalty_k': 0.01954806962967224, 'scale_lr': 0.6750415145309676}. Best is trial 877 with value: 0.36080633677861107.
checkpoint_e22 window_influence: 0.23289115181632891, penalty_k: 0.01271633042516737, scale_lr: 0.74840667287181262, EAO: 0.279
Trial 881 finished with value: 0.2785233529393311 and parameters: {'window_influence': 0.2328911518163289, 'penalty_k': 0.012716330425167371, 'scale_lr': 0.7484066728718126}. Best is trial 877 with value: 0.36080633677861107.
checkpoint_e22 window_influence: 0.47470894338104286, penalty_k: 0.00282736192180497, scale_lr: 0.60296363465719904, EAO: 0.353
Trial 882 finished with value: 0.3525850578040928 and parameters: {'window_influence': 0.47470894338104286, 'penalty_k': 0.0028273619218049714, 'scale_lr': 0.602963634657199}. Best is trial 877 with value: 0.36080633677861107.
checkpoint_e22 window_influence: 0.49322777555762293, penalty_k: 0.00051274637568112, scale_lr: 0.60814705799723123, EAO: 0.328
Trial 883 finished with value: 0.3281470239742257 and parameters: {'window_influence': 0.4932277755576229, 'penalty_k': 0.0005127463756811178, 'scale_lr': 0.6081470579972312}. Best is trial 877 with value: 0.36080633677861107.
checkpoint_e22 window_influence: 0.15980464175684184, penalty_k: 0.02480214144707010, scale_lr: 0.46162595934058420, EAO: 0.263
Trial 884 finished with value: 0.26305724947137127 and parameters: {'window_influence': 0.15980464175684184, 'penalty_k': 0.024802141447070096, 'scale_lr': 0.4616259593405842}. Best is trial 877 with value: 0.36080633677861107.
checkpoint_e22 window_influence: 0.47275409126265805, penalty_k: 0.00399594126194489, scale_lr: 0.73108282675149971, EAO: 0.323
Trial 885 finished with value: 0.3225702565119888 and parameters: {'window_influence': 0.47275409126265805, 'penalty_k': 0.0039959412619448905, 'scale_lr': 0.7310828267514997}. Best is trial 877 with value: 0.36080633677861107.
checkpoint_e22 window_influence: 0.51420309057095592, penalty_k: 0.00905422801266387, scale_lr: 0.59231386872449798, EAO: 0.329
Trial 886 finished with value: 0.32875747711973896 and parameters: {'window_influence': 0.5142030905709559, 'penalty_k': 0.009054228012663866, 'scale_lr': 0.592313868724498}. Best is trial 877 with value: 0.36080633677861107.
checkpoint_e22 window_influence: 0.48209634176030297, penalty_k: 0.01525226708157759, scale_lr: 0.66292555404821252, EAO: 0.298
Trial 887 finished with value: 0.29824004475940524 and parameters: {'window_influence': 0.48209634176030297, 'penalty_k': 0.015252267081577588, 'scale_lr': 0.6629255540482125}. Best is trial 877 with value: 0.36080633677861107.
checkpoint_e22 window_influence: 0.50112459363465578, penalty_k: 0.01396219979137494, scale_lr: 0.58308104229070190, EAO: 0.318
Trial 888 finished with value: 0.3175573965918693 and parameters: {'window_influence': 0.5011245936346558, 'penalty_k': 0.01396219979137494, 'scale_lr': 0.5830810422907019}. Best is trial 877 with value: 0.36080633677861107.
checkpoint_e22 window_influence: 0.47220109059040533, penalty_k: 0.02687400706293486, scale_lr: 0.68226033309308320, EAO: 0.323
Trial 889 finished with value: 0.3234666083805292 and parameters: {'window_influence': 0.4722010905904053, 'penalty_k': 0.026874007062934864, 'scale_lr': 0.6822603330930832}. Best is trial 877 with value: 0.36080633677861107.
checkpoint_e22 window_influence: 0.48646334151536963, penalty_k: 0.00081143636735582, scale_lr: 0.62951594125027022, EAO: 0.322
Trial 890 finished with value: 0.32246422089259447 and parameters: {'window_influence': 0.48646334151536963, 'penalty_k': 0.0008114363673558233, 'scale_lr': 0.6295159412502702}. Best is trial 877 with value: 0.36080633677861107.
checkpoint_e22 window_influence: 0.52645669183768840, penalty_k: 0.01626293041639568, scale_lr: 0.49903686755436494, EAO: 0.320
Trial 891 finished with value: 0.31965378674783596 and parameters: {'window_influence': 0.5264566918376884, 'penalty_k': 0.016262930416395684, 'scale_lr': 0.49903686755436494}. Best is trial 877 with value: 0.36080633677861107.
checkpoint_e22 window_influence: 0.37957376336920157, penalty_k: 0.02731546931569516, scale_lr: 0.66706735178841259, EAO: 0.329
Trial 892 finished with value: 0.3290982479483237 and parameters: {'window_influence': 0.37957376336920157, 'penalty_k': 0.02731546931569516, 'scale_lr': 0.6670673517884126}. Best is trial 877 with value: 0.36080633677861107.
checkpoint_e22 window_influence: 0.59654188702467326, penalty_k: 0.03675589750047307, scale_lr: 0.54677789672777577, EAO: 0.249
Trial 893 finished with value: 0.2494042885674577 and parameters: {'window_influence': 0.5965418870246733, 'penalty_k': 0.03675589750047307, 'scale_lr': 0.5467778967277758}. Best is trial 877 with value: 0.36080633677861107.
checkpoint_e22 window_influence: 0.46625596574927131, penalty_k: 0.00080367292157205, scale_lr: 0.63258997824170637, EAO: 0.323
Trial 894 finished with value: 0.32257281516312625 and parameters: {'window_influence': 0.4662559657492713, 'penalty_k': 0.000803672921572055, 'scale_lr': 0.6325899782417064}. Best is trial 877 with value: 0.36080633677861107.
checkpoint_e22 window_influence: 0.49619072192341168, penalty_k: 0.04045705400418737, scale_lr: 0.48114674063963736, EAO: 0.329
Trial 895 finished with value: 0.32868390608622405 and parameters: {'window_influence': 0.4961907219234117, 'penalty_k': 0.04045705400418737, 'scale_lr': 0.48114674063963736}. Best is trial 877 with value: 0.36080633677861107.
checkpoint_e22 window_influence: 0.28586666766653984, penalty_k: 0.01834138060143431, scale_lr: 0.56371454730568182, EAO: 0.295
Trial 896 finished with value: 0.29533680884986535 and parameters: {'window_influence': 0.28586666766653984, 'penalty_k': 0.01834138060143431, 'scale_lr': 0.5637145473056818}. Best is trial 877 with value: 0.36080633677861107.
checkpoint_e22 window_influence: 0.47469810116601463, penalty_k: 0.00149918060438654, scale_lr: 0.58321564621603827, EAO: 0.344
Trial 897 finished with value: 0.3435776602433349 and parameters: {'window_influence': 0.47469810116601463, 'penalty_k': 0.0014991806043865448, 'scale_lr': 0.5832156462160383}. Best is trial 877 with value: 0.36080633677861107.
checkpoint_e22 window_influence: 0.50921043664445642, penalty_k: 0.01048256077835349, scale_lr: 0.54386152700529977, EAO: 0.325
Trial 898 finished with value: 0.3250761243155958 and parameters: {'window_influence': 0.5092104366444564, 'penalty_k': 0.010482560778353491, 'scale_lr': 0.5438615270052998}. Best is trial 877 with value: 0.36080633677861107.
checkpoint_e22 window_influence: 0.48584199677451245, penalty_k: 0.00044213251075981, scale_lr: 0.54909755926200443, EAO: 0.344
Trial 899 finished with value: 0.3437400435891133 and parameters: {'window_influence': 0.48584199677451245, 'penalty_k': 0.0004421325107598073, 'scale_lr': 0.5490975592620044}. Best is trial 877 with value: 0.36080633677861107.
checkpoint_e22 window_influence: 0.31062353108029839, penalty_k: 0.02592350855768613, scale_lr: 0.49652219179719626, EAO: 0.293
Trial 900 finished with value: 0.29307812365344527 and parameters: {'window_influence': 0.3106235310802984, 'penalty_k': 0.02592350855768613, 'scale_lr': 0.49652219179719626}. Best is trial 877 with value: 0.36080633677861107.
checkpoint_e22 window_influence: 0.46194805539390199, penalty_k: 0.01434920047212505, scale_lr: 0.64790996820766711, EAO: 0.342
Trial 901 finished with value: 0.3417852335402938 and parameters: {'window_influence': 0.461948055393902, 'penalty_k': 0.014349200472125047, 'scale_lr': 0.6479099682076671}. Best is trial 877 with value: 0.36080633677861107.
checkpoint_e22 window_influence: 0.53417717673304588, penalty_k: 0.38293821468855471, scale_lr: 0.57718254930382240, EAO: 0.277
Trial 902 finished with value: 0.2765354305969602 and parameters: {'window_influence': 0.5341771767330459, 'penalty_k': 0.3829382146885547, 'scale_lr': 0.5771825493038224}. Best is trial 877 with value: 0.36080633677861107.
checkpoint_e22 window_influence: 0.09902984988063246, penalty_k: 0.00030781947688709, scale_lr: 0.47881255732871109, EAO: 0.263
Trial 903 finished with value: 0.26291475668259634 and parameters: {'window_influence': 0.09902984988063246, 'penalty_k': 0.0003078194768870911, 'scale_lr': 0.4788125573287111}. Best is trial 877 with value: 0.36080633677861107.
checkpoint_e22 window_influence: 0.47275414943007055, penalty_k: 0.03876530944454228, scale_lr: 0.64592672341639590, EAO: 0.327
Trial 904 finished with value: 0.32690114414877464 and parameters: {'window_influence': 0.47275414943007055, 'penalty_k': 0.03876530944454228, 'scale_lr': 0.6459267234163959}. Best is trial 877 with value: 0.36080633677861107.
checkpoint_e22 window_influence: 0.49575660628118295, penalty_k: 0.02644116070592909, scale_lr: 0.40968429229735115, EAO: 0.300
Trial 905 finished with value: 0.30031187281534366 and parameters: {'window_influence': 0.49575660628118295, 'penalty_k': 0.02644116070592909, 'scale_lr': 0.40968429229735115}. Best is trial 877 with value: 0.36080633677861107.
checkpoint_e22 window_influence: 0.45585642302928725, penalty_k: 0.01581163925376818, scale_lr: 0.56304795679780584, EAO: 0.327
Trial 906 finished with value: 0.3266247581067252 and parameters: {'window_influence': 0.45585642302928725, 'penalty_k': 0.015811639253768175, 'scale_lr': 0.5630479567978058}. Best is trial 877 with value: 0.36080633677861107.
checkpoint_e22 window_influence: 0.40613956019580583, penalty_k: 0.01370377563743339, scale_lr: 0.26854386057467872, EAO: 0.305
Trial 907 finished with value: 0.30524275286652236 and parameters: {'window_influence': 0.4061395601958058, 'penalty_k': 0.013703775637433392, 'scale_lr': 0.2685438605746787}. Best is trial 877 with value: 0.36080633677861107.
checkpoint_e22 window_influence: 0.14225556866897740, penalty_k: 0.48072041126621945, scale_lr: 0.68440730011676854, EAO: 0.226
Trial 908 finished with value: 0.22622679139157678 and parameters: {'window_influence': 0.1422555686689774, 'penalty_k': 0.48072041126621945, 'scale_lr': 0.6844073001167685}. Best is trial 877 with value: 0.36080633677861107.
checkpoint_e22 window_influence: 0.48407406291090782, penalty_k: 0.04774323341085678, scale_lr: 0.42443183514390131, EAO: 0.337
Trial 909 finished with value: 0.3366459363397457 and parameters: {'window_influence': 0.4840740629109078, 'penalty_k': 0.04774323341085678, 'scale_lr': 0.4244318351439013}. Best is trial 877 with value: 0.36080633677861107.
checkpoint_e22 window_influence: 0.51739088190458160, penalty_k: 0.00035672458764064, scale_lr: 0.53210156433414646, EAO: 0.322
Trial 910 finished with value: 0.3216296298146712 and parameters: {'window_influence': 0.5173908819045816, 'penalty_k': 0.00035672458764064024, 'scale_lr': 0.5321015643341465}. Best is trial 877 with value: 0.36080633677861107.
checkpoint_e22 window_influence: 0.50428417850495932, penalty_k: 0.02876166265006880, scale_lr: 0.66503612286395064, EAO: 0.325
Trial 911 finished with value: 0.32499494876147245 and parameters: {'window_influence': 0.5042841785049593, 'penalty_k': 0.028761662650068798, 'scale_lr': 0.6650361228639506}. Best is trial 877 with value: 0.36080633677861107.
checkpoint_e22 window_influence: 0.46894996665442062, penalty_k: 0.05121443298147753, scale_lr: 0.64161055407412004, EAO: 0.327
Trial 912 finished with value: 0.32690352404395895 and parameters: {'window_influence': 0.4689499666544206, 'penalty_k': 0.05121443298147753, 'scale_lr': 0.64161055407412}. Best is trial 877 with value: 0.36080633677861107.
checkpoint_e22 window_influence: 0.24984022300427244, penalty_k: 0.18531385896174513, scale_lr: 0.46645760531961322, EAO: 0.272
Trial 913 finished with value: 0.2724579944916736 and parameters: {'window_influence': 0.24984022300427244, 'penalty_k': 0.18531385896174513, 'scale_lr': 0.4664576053196132}. Best is trial 877 with value: 0.36080633677861107.
checkpoint_e22 window_influence: 0.48058698623046764, penalty_k: 0.39192685278477513, scale_lr: 0.53411966129726929, EAO: 0.318
Trial 914 finished with value: 0.3176539889917299 and parameters: {'window_influence': 0.48058698623046764, 'penalty_k': 0.3919268527847751, 'scale_lr': 0.5341196612972693}. Best is trial 877 with value: 0.36080633677861107.
checkpoint_e22 window_influence: 0.45426769534411615, penalty_k: 0.33771068239066826, scale_lr: 0.61078914999689604, EAO: 0.310
Trial 915 finished with value: 0.3102246459703965 and parameters: {'window_influence': 0.45426769534411615, 'penalty_k': 0.33771068239066826, 'scale_lr': 0.610789149996896}. Best is trial 877 with value: 0.36080633677861107.
checkpoint_e22 window_influence: 0.35818183133569476, penalty_k: 0.03561863475486262, scale_lr: 0.46453883605290724, EAO: 0.322
Trial 916 finished with value: 0.32247413422347043 and parameters: {'window_influence': 0.35818183133569476, 'penalty_k': 0.03561863475486262, 'scale_lr': 0.46453883605290724}. Best is trial 877 with value: 0.36080633677861107.
checkpoint_e22 window_influence: 0.57602532353703917, penalty_k: 0.01392669368154214, scale_lr: 0.58562247777708532, EAO: 0.265
Trial 917 finished with value: 0.2654672712667443 and parameters: {'window_influence': 0.5760253235370392, 'penalty_k': 0.013926693681542144, 'scale_lr': 0.5856224777770853}. Best is trial 877 with value: 0.36080633677861107.
checkpoint_e22 window_influence: 0.58757485361339312, penalty_k: 0.02374661949362214, scale_lr: 0.52387423457657156, EAO: 0.280
Trial 918 finished with value: 0.27984940721599044 and parameters: {'window_influence': 0.5875748536133931, 'penalty_k': 0.02374661949362214, 'scale_lr': 0.5238742345765716}. Best is trial 877 with value: 0.36080633677861107.
checkpoint_e22 window_influence: 0.54224335133846824, penalty_k: 0.43514851805094817, scale_lr: 0.59676391767175241, EAO: 0.276
Trial 919 finished with value: 0.27561668581999693 and parameters: {'window_influence': 0.5422433513384682, 'penalty_k': 0.4351485180509482, 'scale_lr': 0.5967639176717524}. Best is trial 877 with value: 0.36080633677861107.
checkpoint_e22 window_influence: 0.49038498581205431, penalty_k: 0.28864833865592188, scale_lr: 0.45366172329712706, EAO: 0.309
Trial 920 finished with value: 0.30914218486051154 and parameters: {'window_influence': 0.4903849858120543, 'penalty_k': 0.2886483386559219, 'scale_lr': 0.45366172329712706}. Best is trial 877 with value: 0.36080633677861107.
checkpoint_e22 window_influence: 0.46799921910807984, penalty_k: 0.00077795924332072, scale_lr: 0.54894755208595647, EAO: 0.335
Trial 921 finished with value: 0.33515075220208224 and parameters: {'window_influence': 0.46799921910807984, 'penalty_k': 0.000777959243320722, 'scale_lr': 0.5489475520859565}. Best is trial 877 with value: 0.36080633677861107.
checkpoint_e22 window_influence: 0.50068874782445794, penalty_k: 0.03515678392890569, scale_lr: 0.59712538815894800, EAO: 0.322
Trial 922 finished with value: 0.32224569855265117 and parameters: {'window_influence': 0.5006887478244579, 'penalty_k': 0.035156783928905685, 'scale_lr': 0.597125388158948}. Best is trial 877 with value: 0.36080633677861107.
checkpoint_e22 window_influence: 0.47675813221602037, penalty_k: 0.42284647145277920, scale_lr: 0.50324404120163524, EAO: 0.309
Trial 923 finished with value: 0.3089019754169516 and parameters: {'window_influence': 0.47675813221602037, 'penalty_k': 0.4228464714527792, 'scale_lr': 0.5032440412016352}. Best is trial 877 with value: 0.36080633677861107.
checkpoint_e22 window_influence: 0.36065817363917441, penalty_k: 0.05627969319482570, scale_lr: 0.61497169946573549, EAO: 0.302
Trial 924 finished with value: 0.3023120057026236 and parameters: {'window_influence': 0.3606581736391744, 'penalty_k': 0.0562796931948257, 'scale_lr': 0.6149716994657355}. Best is trial 877 with value: 0.36080633677861107.
checkpoint_e22 window_influence: 0.44427496662966015, penalty_k: 0.01338856840126899, scale_lr: 0.51950280772852919, EAO: 0.317
Trial 925 finished with value: 0.3166138391202526 and parameters: {'window_influence': 0.44427496662966015, 'penalty_k': 0.013388568401268994, 'scale_lr': 0.5195028077285292}. Best is trial 877 with value: 0.36080633677861107.
checkpoint_e22 window_influence: 0.30948914854880616, penalty_k: 0.32709098174017670, scale_lr: 0.44098833028440726, EAO: 0.288
Trial 926 finished with value: 0.2880874334142366 and parameters: {'window_influence': 0.30948914854880616, 'penalty_k': 0.3270909817401767, 'scale_lr': 0.44098833028440726}. Best is trial 877 with value: 0.36080633677861107.
checkpoint_e22 window_influence: 0.19859036148919576, penalty_k: 0.50084349383416993, scale_lr: 0.70453186282251157, EAO: 0.258
Trial 927 finished with value: 0.25819968742387306 and parameters: {'window_influence': 0.19859036148919576, 'penalty_k': 0.5008434938341699, 'scale_lr': 0.7045318628225116}. Best is trial 877 with value: 0.36080633677861107.
checkpoint_e22 window_influence: 0.52228203265614181, penalty_k: 0.22829815517836285, scale_lr: 0.60786222616425101, EAO: 0.288
Trial 928 finished with value: 0.2875976713251047 and parameters: {'window_influence': 0.5222820326561418, 'penalty_k': 0.22829815517836285, 'scale_lr': 0.607862226164251}. Best is trial 877 with value: 0.36080633677861107.
checkpoint_e22 window_influence: 0.14810366050054857, penalty_k: 0.17273551409846941, scale_lr: 0.65668159140209881, EAO: 0.255
Trial 929 finished with value: 0.2554547905574049 and parameters: {'window_influence': 0.14810366050054857, 'penalty_k': 0.1727355140984694, 'scale_lr': 0.6566815914020988}. Best is trial 877 with value: 0.36080633677861107.
checkpoint_e22 window_influence: 0.61493852176026298, penalty_k: 0.36320994138911056, scale_lr: 0.55197897872475876, EAO: 0.234
