Trial 199 finished with value: 0.3278894991494338 and parameters: {'window_influence': 0.5199248788311315, 'penalty_k': 0.05685175726159751, 'scale_lr': 0.22204181323224637}. Best is trial 90 with value: 0.35084679340110214.
checkpoint_e31 window_influence: 0.51966485255578043, penalty_k: 0.02121219190364009, scale_lr: 0.23871371916022907, EAO: 0.329
Trial 200 finished with value: 0.3288187181091494 and parameters: {'window_influence': 0.5196648525557804, 'penalty_k': 0.02121219190364009, 'scale_lr': 0.23871371916022907}. Best is trial 90 with value: 0.35084679340110214.
checkpoint_e31 window_influence: 0.49786245710012289, penalty_k: 0.07097328593421702, scale_lr: 0.22739083165398527, EAO: 0.331
Trial 201 finished with value: 0.33135149184368 and parameters: {'window_influence': 0.4978624571001229, 'penalty_k': 0.07097328593421702, 'scale_lr': 0.22739083165398527}. Best is trial 90 with value: 0.35084679340110214.
checkpoint_e31 window_influence: 0.49626581045956825, penalty_k: 0.09652827921240766, scale_lr: 0.26187505385962995, EAO: 0.323
Trial 202 finished with value: 0.3229590712934153 and parameters: {'window_influence': 0.49626581045956825, 'penalty_k': 0.09652827921240766, 'scale_lr': 0.26187505385962995}. Best is trial 90 with value: 0.35084679340110214.
checkpoint_e31 window_influence: 0.48210096250014978, penalty_k: 0.03690498287240457, scale_lr: 0.25213497740999818, EAO: 0.347
Trial 203 finished with value: 0.34729671083999514 and parameters: {'window_influence': 0.4821009625001498, 'penalty_k': 0.03690498287240457, 'scale_lr': 0.2521349774099982}. Best is trial 90 with value: 0.35084679340110214.
checkpoint_e31 window_influence: 0.48211793933319247, penalty_k: 0.03800361227862557, scale_lr: 0.24539570251423196, EAO: 0.345
Trial 204 finished with value: 0.3449961617299091 and parameters: {'window_influence': 0.48211793933319247, 'penalty_k': 0.03800361227862557, 'scale_lr': 0.24539570251423196}. Best is trial 90 with value: 0.35084679340110214.
checkpoint_e31 window_influence: 0.45552729428521888, penalty_k: 0.03842576239703240, scale_lr: 0.23700855173206320, EAO: 0.338
Trial 205 finished with value: 0.3384961384975493 and parameters: {'window_influence': 0.4555272942852189, 'penalty_k': 0.038425762397032395, 'scale_lr': 0.2370085517320632}. Best is trial 90 with value: 0.35084679340110214.
checkpoint_e31 window_influence: 0.48196206915741846, penalty_k: 0.02849177953097466, scale_lr: 0.19872979597024770, EAO: 0.346
Trial 206 finished with value: 0.34634701530757117 and parameters: {'window_influence': 0.48196206915741846, 'penalty_k': 0.02849177953097466, 'scale_lr': 0.1987297959702477}. Best is trial 90 with value: 0.35084679340110214.
checkpoint_e31 window_influence: 0.47902432615845980, penalty_k: 0.04557943194637983, scale_lr: 0.18731615204462060, EAO: 0.332
Trial 207 finished with value: 0.33237652434217324 and parameters: {'window_influence': 0.4790243261584598, 'penalty_k': 0.04557943194637983, 'scale_lr': 0.1873161520446206}. Best is trial 90 with value: 0.35084679340110214.
checkpoint_e31 window_influence: 0.46616474655955981, penalty_k: 0.03146772928510427, scale_lr: 0.21149689626595328, EAO: 0.331
Trial 208 finished with value: 0.33070069076022285 and parameters: {'window_influence': 0.4661647465595598, 'penalty_k': 0.031467729285104266, 'scale_lr': 0.21149689626595328}. Best is trial 90 with value: 0.35084679340110214.
checkpoint_e31 window_influence: 0.48157466711198588, penalty_k: 0.05699077644798725, scale_lr: 0.20265206477619141, EAO: 0.332
Trial 209 finished with value: 0.33172022896286113 and parameters: {'window_influence': 0.4815746671119859, 'penalty_k': 0.05699077644798725, 'scale_lr': 0.2026520647761914}. Best is trial 90 with value: 0.35084679340110214.
checkpoint_e31 window_influence: 0.46096936512599135, penalty_k: 0.04894608932424609, scale_lr: 0.18240179632996689, EAO: 0.331
Trial 210 finished with value: 0.3312850578285841 and parameters: {'window_influence': 0.46096936512599135, 'penalty_k': 0.04894608932424609, 'scale_lr': 0.1824017963299669}. Best is trial 90 with value: 0.35084679340110214.
checkpoint_e31 window_influence: 0.51153196034840598, penalty_k: 0.00686639218421050, scale_lr: 0.22214035904293628, EAO: 0.351
Trial 211 finished with value: 0.35063773092128886 and parameters: {'window_influence': 0.511531960348406, 'penalty_k': 0.0068663921842105, 'scale_lr': 0.22214035904293628}. Best is trial 90 with value: 0.35084679340110214.
checkpoint_e31 window_influence: 0.51137039119346939, penalty_k: 0.02224774825292673, scale_lr: 0.21733444417121223, EAO: 0.309
Trial 212 finished with value: 0.3087194785765637 and parameters: {'window_influence': 0.5113703911934694, 'penalty_k': 0.022247748252926726, 'scale_lr': 0.21733444417121223}. Best is trial 90 with value: 0.35084679340110214.
checkpoint_e31 window_influence: 0.48218933996648572, penalty_k: 0.00651037752757548, scale_lr: 0.23626422379391326, EAO: 0.345
Trial 213 finished with value: 0.34480921245734514 and parameters: {'window_influence': 0.4821893399664857, 'penalty_k': 0.006510377527575482, 'scale_lr': 0.23626422379391326}. Best is trial 90 with value: 0.35084679340110214.
checkpoint_e31 window_influence: 0.48188675551075988, penalty_k: 0.00770391462704322, scale_lr: 0.22591023421617693, EAO: 0.346
Trial 214 finished with value: 0.3464143232148909 and parameters: {'window_influence': 0.4818867555107599, 'penalty_k': 0.007703914627043215, 'scale_lr': 0.22591023421617693}. Best is trial 90 with value: 0.35084679340110214.
checkpoint_e31 window_influence: 0.47506803510801437, penalty_k: 0.00248130656545572, scale_lr: 0.20291416428505804, EAO: 0.322
Trial 215 finished with value: 0.3215922969556504 and parameters: {'window_influence': 0.4750680351080144, 'penalty_k': 0.002481306565455722, 'scale_lr': 0.20291416428505804}. Best is trial 90 with value: 0.35084679340110214.
checkpoint_e31 window_influence: 0.46970053333351552, penalty_k: 0.00786324476843954, scale_lr: 0.24006417881408548, EAO: 0.325
Trial 216 finished with value: 0.3248053074230944 and parameters: {'window_influence': 0.4697005333335155, 'penalty_k': 0.007863244768439543, 'scale_lr': 0.24006417881408548}. Best is trial 90 with value: 0.35084679340110214.
checkpoint_e31 window_influence: 0.43372102523078498, penalty_k: 0.01150901964539361, scale_lr: 0.22021865574749794, EAO: 0.321
Trial 217 finished with value: 0.3213975815109706 and parameters: {'window_influence': 0.433721025230785, 'penalty_k': 0.011509019645393609, 'scale_lr': 0.22021865574749794}. Best is trial 90 with value: 0.35084679340110214.
checkpoint_e31 window_influence: 0.48782295426261613, penalty_k: 0.01051946420319275, scale_lr: 0.24401269919980639, EAO: 0.332
Trial 218 finished with value: 0.33212673107473767 and parameters: {'window_influence': 0.4878229542626161, 'penalty_k': 0.01051946420319275, 'scale_lr': 0.2440126991998064}. Best is trial 90 with value: 0.35084679340110214.
checkpoint_e31 window_influence: 0.20955414949835424, penalty_k: 0.02317168907215469, scale_lr: 0.27028973218632757, EAO: 0.286
Trial 219 finished with value: 0.2858189065516691 and parameters: {'window_influence': 0.20955414949835424, 'penalty_k': 0.023171689072154687, 'scale_lr': 0.27028973218632757}. Best is trial 90 with value: 0.35084679340110214.
checkpoint_e31 window_influence: 0.48460760587135493, penalty_k: 0.00085248929060533, scale_lr: 0.17676334094205717, EAO: 0.342
Trial 220 finished with value: 0.34187132178113616 and parameters: {'window_influence': 0.48460760587135493, 'penalty_k': 0.0008524892906053294, 'scale_lr': 0.17676334094205717}. Best is trial 90 with value: 0.35084679340110214.
checkpoint_e31 window_influence: 0.48420130942625006, penalty_k: 0.00204744405560267, scale_lr: 0.16774875437660300, EAO: 0.330
Trial 221 finished with value: 0.32981646669745907 and parameters: {'window_influence': 0.48420130942625006, 'penalty_k': 0.00204744405560267, 'scale_lr': 0.167748754376603}. Best is trial 90 with value: 0.35084679340110214.
checkpoint_e31 window_influence: 0.49153454712281153, penalty_k: 0.00094316247534969, scale_lr: 0.25034042886211372, EAO: 0.331
Trial 222 finished with value: 0.33058354913724536 and parameters: {'window_influence': 0.4915345471228115, 'penalty_k': 0.0009431624753496928, 'scale_lr': 0.2503404288621137}. Best is trial 90 with value: 0.35084679340110214.
checkpoint_e31 window_influence: 0.45949454106585758, penalty_k: 0.01617389718759441, scale_lr: 0.22453726849223801, EAO: 0.329
Trial 223 finished with value: 0.3287772217961137 and parameters: {'window_influence': 0.4594945410658576, 'penalty_k': 0.01617389718759441, 'scale_lr': 0.224537268492238}. Best is trial 90 with value: 0.35084679340110214.
checkpoint_e31 window_influence: 0.47909749157286990, penalty_k: 0.02579323523519332, scale_lr: 0.20808630627980146, EAO: 0.314
Trial 224 finished with value: 0.31407192413213186 and parameters: {'window_influence': 0.4790974915728699, 'penalty_k': 0.025793235235193317, 'scale_lr': 0.20808630627980146}. Best is trial 90 with value: 0.35084679340110214.
checkpoint_e31 window_influence: 0.49433779652653448, penalty_k: 0.01570748938464009, scale_lr: 0.17925982663098478, EAO: 0.337
Trial 225 finished with value: 0.3366254641156252 and parameters: {'window_influence': 0.4943377965265345, 'penalty_k': 0.015707489384640092, 'scale_lr': 0.17925982663098478}. Best is trial 90 with value: 0.35084679340110214.
checkpoint_e31 window_influence: 0.47316632478362464, penalty_k: 0.22535840082825120, scale_lr: 0.25699811358544850, EAO: 0.349
Trial 226 finished with value: 0.34943345583366514 and parameters: {'window_influence': 0.47316632478362464, 'penalty_k': 0.2253584008282512, 'scale_lr': 0.2569981135854485}. Best is trial 90 with value: 0.35084679340110214.
checkpoint_e31 window_influence: 0.45124408947256262, penalty_k: 0.22310180742044033, scale_lr: 0.25966938681030394, EAO: 0.308
Trial 227 finished with value: 0.3082152022345985 and parameters: {'window_influence': 0.4512440894725626, 'penalty_k': 0.22310180742044033, 'scale_lr': 0.25966938681030394}. Best is trial 90 with value: 0.35084679340110214.
checkpoint_e31 window_influence: 0.46872591227768146, penalty_k: 0.24577697114570823, scale_lr: 0.25007113594341041, EAO: 0.322
Trial 228 finished with value: 0.32243158879910927 and parameters: {'window_influence': 0.46872591227768146, 'penalty_k': 0.24577697114570823, 'scale_lr': 0.2500711359434104}. Best is trial 90 with value: 0.35084679340110214.
checkpoint_e31 window_influence: 0.50600512751194282, penalty_k: 0.17232580786040563, scale_lr: 0.28029971978531887, EAO: 0.320
Trial 229 finished with value: 0.3204897061164277 and parameters: {'window_influence': 0.5060051275119428, 'penalty_k': 0.17232580786040563, 'scale_lr': 0.28029971978531887}. Best is trial 90 with value: 0.35084679340110214.
checkpoint_e31 window_influence: 0.49761690893753707, penalty_k: 0.06159176932099961, scale_lr: 0.23626064687011561, EAO: 0.344
Trial 230 finished with value: 0.3442184722145244 and parameters: {'window_influence': 0.4976169089375371, 'penalty_k': 0.061591769320999606, 'scale_lr': 0.2362606468701156}. Best is trial 90 with value: 0.35084679340110214.
checkpoint_e31 window_influence: 0.49741982558948938, penalty_k: 0.23621382219333664, scale_lr: 0.23412461064186429, EAO: 0.319
Trial 231 finished with value: 0.318928471914989 and parameters: {'window_influence': 0.4974198255894894, 'penalty_k': 0.23621382219333664, 'scale_lr': 0.2341246106418643}. Best is trial 90 with value: 0.35084679340110214.
checkpoint_e31 window_influence: 0.48436890819556971, penalty_k: 0.07612377436400633, scale_lr: 0.26598474346269352, EAO: 0.313
Trial 232 finished with value: 0.31283356046398325 and parameters: {'window_influence': 0.4843689081955697, 'penalty_k': 0.07612377436400633, 'scale_lr': 0.2659847434626935}. Best is trial 90 with value: 0.35084679340110214.
checkpoint_e31 window_influence: 0.51612653315712531, penalty_k: 0.05576613849871698, scale_lr: 0.23096824411134489, EAO: 0.328
Trial 233 finished with value: 0.3282444662621049 and parameters: {'window_influence': 0.5161265331571253, 'penalty_k': 0.05576613849871698, 'scale_lr': 0.2309682441113449}. Best is trial 90 with value: 0.35084679340110214.
checkpoint_e31 window_influence: 0.47370010509683652, penalty_k: 0.06635181986337040, scale_lr: 0.21791484770470465, EAO: 0.339
Trial 234 finished with value: 0.3390807181248869 and parameters: {'window_influence': 0.4737001050968365, 'penalty_k': 0.0663518198633704, 'scale_lr': 0.21791484770470465}. Best is trial 90 with value: 0.35084679340110214.
checkpoint_e31 window_influence: 0.49844329444695717, penalty_k: 0.03405154409576500, scale_lr: 0.24506337645905316, EAO: 0.340
Trial 235 finished with value: 0.33968953689712494 and parameters: {'window_influence': 0.4984432944469572, 'penalty_k': 0.034051544095764996, 'scale_lr': 0.24506337645905316}. Best is trial 90 with value: 0.35084679340110214.
checkpoint_e31 window_influence: 0.52951243315020968, penalty_k: 0.12919188269546933, scale_lr: 0.25331959577826685, EAO: 0.313
Trial 236 finished with value: 0.31259916954699196 and parameters: {'window_influence': 0.5295124331502097, 'penalty_k': 0.12919188269546933, 'scale_lr': 0.25331959577826685}. Best is trial 90 with value: 0.35084679340110214.
checkpoint_e31 window_influence: 0.51111320958933115, penalty_k: 0.14897895364995672, scale_lr: 0.27805234978105614, EAO: 0.319
Trial 237 finished with value: 0.31907856893446657 and parameters: {'window_influence': 0.5111132095893312, 'penalty_k': 0.14897895364995672, 'scale_lr': 0.27805234978105614}. Best is trial 90 with value: 0.35084679340110214.
checkpoint_e31 window_influence: 0.49077334162878256, penalty_k: 0.04276714149764573, scale_lr: 0.20160551230213442, EAO: 0.336
Trial 238 finished with value: 0.3360710538314938 and parameters: {'window_influence': 0.49077334162878256, 'penalty_k': 0.04276714149764573, 'scale_lr': 0.20160551230213442}. Best is trial 90 with value: 0.35084679340110214.
checkpoint_e31 window_influence: 0.46840578544878941, penalty_k: 0.06513805441098189, scale_lr: 0.23391417217613977, EAO: 0.344
Trial 239 finished with value: 0.3439418803393145 and parameters: {'window_influence': 0.4684057854487894, 'penalty_k': 0.06513805441098189, 'scale_lr': 0.23391417217613977}. Best is trial 90 with value: 0.35084679340110214.
checkpoint_e31 window_influence: 0.46586071229833287, penalty_k: 0.18828777364464297, scale_lr: 0.22856512019013914, EAO: 0.305
Trial 240 finished with value: 0.3051433728478762 and parameters: {'window_influence': 0.46586071229833287, 'penalty_k': 0.18828777364464297, 'scale_lr': 0.22856512019013914}. Best is trial 90 with value: 0.35084679340110214.
checkpoint_e31 window_influence: 0.47986345198808134, penalty_k: 0.19953908150577981, scale_lr: 0.24096569246314703, EAO: 0.327
Trial 241 finished with value: 0.3265392918878956 and parameters: {'window_influence': 0.47986345198808134, 'penalty_k': 0.19953908150577981, 'scale_lr': 0.24096569246314703}. Best is trial 90 with value: 0.35084679340110214.
checkpoint_e31 window_influence: 0.50024393724857907, penalty_k: 0.21419260205350180, scale_lr: 0.26999586124620067, EAO: 0.318
Trial 242 finished with value: 0.3179082695380259 and parameters: {'window_influence': 0.5002439372485791, 'penalty_k': 0.2141926020535018, 'scale_lr': 0.2699958612462007}. Best is trial 90 with value: 0.35084679340110214.
checkpoint_e31 window_influence: 0.47280727385793203, penalty_k: 0.28375037488537624, scale_lr: 0.21544000145070502, EAO: 0.338
Trial 243 finished with value: 0.33799791011365005 and parameters: {'window_influence': 0.47280727385793203, 'penalty_k': 0.28375037488537624, 'scale_lr': 0.21544000145070502}. Best is trial 90 with value: 0.35084679340110214.
checkpoint_e31 window_influence: 0.44900700726057841, penalty_k: 0.06321263367796251, scale_lr: 0.25856422396024847, EAO: 0.321
Trial 244 finished with value: 0.3205586559925562 and parameters: {'window_influence': 0.4490070072605784, 'penalty_k': 0.06321263367796251, 'scale_lr': 0.2585642239602485}. Best is trial 90 with value: 0.35084679340110214.
checkpoint_e31 window_influence: 0.49127837556591536, penalty_k: 0.08120386112310317, scale_lr: 0.28747497881794892, EAO: 0.344
Trial 245 finished with value: 0.34438612929577955 and parameters: {'window_influence': 0.49127837556591536, 'penalty_k': 0.08120386112310317, 'scale_lr': 0.2874749788179489}. Best is trial 90 with value: 0.35084679340110214.
checkpoint_e31 window_influence: 0.50544198406975172, penalty_k: 0.04910066965098733, scale_lr: 0.22768900769822623, EAO: 0.332
Trial 246 finished with value: 0.33195832493472194 and parameters: {'window_influence': 0.5054419840697517, 'penalty_k': 0.04910066965098733, 'scale_lr': 0.22768900769822623}. Best is trial 90 with value: 0.35084679340110214.
checkpoint_e31 window_influence: 0.52165909823303225, penalty_k: 0.11622733245051609, scale_lr: 0.24315405507382629, EAO: 0.310
Trial 247 finished with value: 0.3104916446287808 and parameters: {'window_influence': 0.5216590982330322, 'penalty_k': 0.11622733245051609, 'scale_lr': 0.2431540550738263}. Best is trial 90 with value: 0.35084679340110214.
checkpoint_e31 window_influence: 0.41630423831966767, penalty_k: 0.08920031411650151, scale_lr: 0.19964675177924276, EAO: 0.316
Trial 248 finished with value: 0.3159488413468409 and parameters: {'window_influence': 0.4163042383196677, 'penalty_k': 0.0892003141165015, 'scale_lr': 0.19964675177924276}. Best is trial 90 with value: 0.35084679340110214.
checkpoint_e31 window_influence: 0.48964606613544581, penalty_k: 0.07092523339521281, scale_lr: 0.29833250446718101, EAO: 0.329
Trial 249 finished with value: 0.329234801145843 and parameters: {'window_influence': 0.4896460661354458, 'penalty_k': 0.07092523339521281, 'scale_lr': 0.298332504467181}. Best is trial 90 with value: 0.35084679340110214.
checkpoint_e31 window_influence: 0.38288074452151133, penalty_k: 0.05933041653885606, scale_lr: 0.25630702546892875, EAO: 0.310
Trial 250 finished with value: 0.3102440309315804 and parameters: {'window_influence': 0.38288074452151133, 'penalty_k': 0.05933041653885606, 'scale_lr': 0.25630702546892875}. Best is trial 90 with value: 0.35084679340110214.
checkpoint_e31 window_influence: 0.49501596081949251, penalty_k: 0.03383798189889554, scale_lr: 0.36512575780869205, EAO: 0.323
Trial 251 finished with value: 0.3229377639084938 and parameters: {'window_influence': 0.4950159608194925, 'penalty_k': 0.033837981898895544, 'scale_lr': 0.36512575780869205}. Best is trial 90 with value: 0.35084679340110214.
checkpoint_e31 window_influence: 0.46593486846277982, penalty_k: 0.09924894330367476, scale_lr: 0.23509071915818905, EAO: 0.337
Trial 252 finished with value: 0.3368702948325339 and parameters: {'window_influence': 0.4659348684627798, 'penalty_k': 0.09924894330367476, 'scale_lr': 0.23509071915818905}. Best is trial 90 with value: 0.35084679340110214.
checkpoint_e31 window_influence: 0.51189504589881329, penalty_k: 0.51982565353680821, scale_lr: 0.28779135355044816, EAO: 0.298
Trial 253 finished with value: 0.2978358255402123 and parameters: {'window_influence': 0.5118950458988133, 'penalty_k': 0.5198256535368082, 'scale_lr': 0.28779135355044816}. Best is trial 90 with value: 0.35084679340110214.
checkpoint_e31 window_influence: 0.53761047155121278, penalty_k: 0.17856680557149071, scale_lr: 0.21638836665140920, EAO: 0.321
Trial 254 finished with value: 0.3212722910401422 and parameters: {'window_influence': 0.5376104715512128, 'penalty_k': 0.1785668055714907, 'scale_lr': 0.2163883666514092}. Best is trial 90 with value: 0.35084679340110214.
checkpoint_e31 window_influence: 0.48237200360143756, penalty_k: 0.04838353352512395, scale_lr: 0.34892763153171630, EAO: 0.325
Trial 255 finished with value: 0.3248220742444584 and parameters: {'window_influence': 0.48237200360143756, 'penalty_k': 0.04838353352512395, 'scale_lr': 0.3489276315317163}. Best is trial 90 with value: 0.35084679340110214.
checkpoint_e31 window_influence: 0.45619388017155116, penalty_k: 0.08199727126946722, scale_lr: 0.32768352476485579, EAO: 0.328
Trial 256 finished with value: 0.3276538721898187 and parameters: {'window_influence': 0.45619388017155116, 'penalty_k': 0.08199727126946722, 'scale_lr': 0.3276835247648558}. Best is trial 90 with value: 0.35084679340110214.
checkpoint_e31 window_influence: 0.35316771599499064, penalty_k: 0.03095265963494331, scale_lr: 0.26146905998640624, EAO: 0.311
Trial 257 finished with value: 0.3108330851399017 and parameters: {'window_influence': 0.35316771599499064, 'penalty_k': 0.030952659634943314, 'scale_lr': 0.26146905998640624}. Best is trial 90 with value: 0.35084679340110214.
checkpoint_e31 window_influence: 0.50095126604413842, penalty_k: 0.12194950271064636, scale_lr: 0.24684402112024231, EAO: 0.330
Trial 258 finished with value: 0.3304578006731397 and parameters: {'window_influence': 0.5009512660441384, 'penalty_k': 0.12194950271064636, 'scale_lr': 0.2468440211202423}. Best is trial 90 with value: 0.35084679340110214.
checkpoint_e31 window_influence: 0.52846334604254974, penalty_k: 0.26941669292179515, scale_lr: 0.27243016162819866, EAO: 0.309
Trial 259 finished with value: 0.3087986659563005 and parameters: {'window_influence': 0.5284633460425497, 'penalty_k': 0.26941669292179515, 'scale_lr': 0.27243016162819866}. Best is trial 90 with value: 0.35084679340110214.
checkpoint_e31 window_influence: 0.47219143731896990, penalty_k: 0.11020045378063215, scale_lr: 0.75913240694618400, EAO: 0.333
Trial 260 finished with value: 0.333153237396641 and parameters: {'window_influence': 0.4721914373189699, 'penalty_k': 0.11020045378063215, 'scale_lr': 0.759132406946184}. Best is trial 90 with value: 0.35084679340110214.
checkpoint_e31 window_influence: 0.51767743227459229, penalty_k: 0.02407153668095148, scale_lr: 0.22385588024761960, EAO: 0.354
