Trial 3052 finished with value: 0.25172121080675014 and parameters: {'window_influence': 0.05387596055870825, 'penalty_k': 5.314062047589822e-05, 'scale_lr': 0.7149223690885369}. Best is trial 1674 with value: 0.38142600678748195.
checkpoint_e33 window_influence: 0.16611710836023089, penalty_k: 0.05275080859889425, scale_lr: 0.42170605374146081, EAO: 0.269
Trial 3053 finished with value: 0.26894082511677353 and parameters: {'window_influence': 0.1661171083602309, 'penalty_k': 0.05275080859889425, 'scale_lr': 0.4217060537414608}. Best is trial 1674 with value: 0.38142600678748195.
checkpoint_e33 window_influence: 0.43390783419230705, penalty_k: 0.07057980780816496, scale_lr: 0.52283144554412575, EAO: 0.338
Trial 3054 finished with value: 0.3380298960069738 and parameters: {'window_influence': 0.43390783419230705, 'penalty_k': 0.07057980780816496, 'scale_lr': 0.5228314455441258}. Best is trial 1674 with value: 0.38142600678748195.
checkpoint_e33 window_influence: 0.14160708087288632, penalty_k: 0.34200183736390088, scale_lr: 0.46485453792803744, EAO: 0.261
Trial 3055 finished with value: 0.2611874306596207 and parameters: {'window_influence': 0.14160708087288632, 'penalty_k': 0.3420018373639009, 'scale_lr': 0.46485453792803744}. Best is trial 1674 with value: 0.38142600678748195.
checkpoint_e33 window_influence: 0.46449338189274164, penalty_k: 0.22724622565277644, scale_lr: 0.61597365163160134, EAO: 0.347
Trial 3056 finished with value: 0.3471094851132033 and parameters: {'window_influence': 0.46449338189274164, 'penalty_k': 0.22724622565277644, 'scale_lr': 0.6159736516316013}. Best is trial 1674 with value: 0.38142600678748195.
checkpoint_e33 window_influence: 0.49068506924395333, penalty_k: 0.15994779137788886, scale_lr: 0.65751929324910086, EAO: 0.339
Trial 3057 finished with value: 0.3385227110367341 and parameters: {'window_influence': 0.49068506924395333, 'penalty_k': 0.15994779137788886, 'scale_lr': 0.6575192932491009}. Best is trial 1674 with value: 0.38142600678748195.
checkpoint_e33 window_influence: 0.50947465704117501, penalty_k: 0.12187371883120844, scale_lr: 0.54216275838945516, EAO: 0.326
Trial 3058 finished with value: 0.3256665788272012 and parameters: {'window_influence': 0.509474657041175, 'penalty_k': 0.12187371883120844, 'scale_lr': 0.5421627583894552}. Best is trial 1674 with value: 0.38142600678748195.
checkpoint_e33 window_influence: 0.47813753690238170, penalty_k: 0.10671470748190227, scale_lr: 0.57841183161062737, EAO: 0.345
Trial 3059 finished with value: 0.3445102957436083 and parameters: {'window_influence': 0.4781375369023817, 'penalty_k': 0.10671470748190227, 'scale_lr': 0.5784118316106274}. Best is trial 1674 with value: 0.38142600678748195.
checkpoint_e33 window_influence: 0.49822665700311236, penalty_k: 0.04163903977959098, scale_lr: 0.50360052466194671, EAO: 0.342
Trial 3060 finished with value: 0.34160124884505216 and parameters: {'window_influence': 0.49822665700311236, 'penalty_k': 0.041639039779590985, 'scale_lr': 0.5036005246619467}. Best is trial 1674 with value: 0.38142600678748195.
checkpoint_e33 window_influence: 0.58179144432170671, penalty_k: 0.02799674451817927, scale_lr: 0.36892602282112419, EAO: 0.292
Trial 3061 finished with value: 0.2917208833917106 and parameters: {'window_influence': 0.5817914443217067, 'penalty_k': 0.027996744518179274, 'scale_lr': 0.3689260228211242}. Best is trial 1674 with value: 0.38142600678748195.
checkpoint_e33 window_influence: 0.46241180375861296, penalty_k: 0.09522429676566438, scale_lr: 0.45501543704105302, EAO: 0.328
Trial 3062 finished with value: 0.32831193292187344 and parameters: {'window_influence': 0.46241180375861296, 'penalty_k': 0.09522429676566438, 'scale_lr': 0.455015437041053}. Best is trial 1674 with value: 0.38142600678748195.
checkpoint_e33 window_influence: 0.38586742153182219, penalty_k: 0.50852623251936491, scale_lr: 0.16839887872088852, EAO: 0.323
Trial 3063 finished with value: 0.3233055930425221 and parameters: {'window_influence': 0.3858674215318222, 'penalty_k': 0.5085262325193649, 'scale_lr': 0.16839887872088852}. Best is trial 1674 with value: 0.38142600678748195.
checkpoint_e33 window_influence: 0.51474743253708677, penalty_k: 0.18981922135392101, scale_lr: 0.22957014382474689, EAO: 0.325
Trial 3064 finished with value: 0.3245001752436857 and parameters: {'window_influence': 0.5147474325370868, 'penalty_k': 0.189819221353921, 'scale_lr': 0.2295701438247469}. Best is trial 1674 with value: 0.38142600678748195.
checkpoint_e33 window_influence: 0.47994385698488429, penalty_k: 0.08106307309186365, scale_lr: 0.72555610740641674, EAO: 0.339
Trial 3065 finished with value: 0.3388483738852846 and parameters: {'window_influence': 0.4799438569848843, 'penalty_k': 0.08106307309186365, 'scale_lr': 0.7255561074064167}. Best is trial 1674 with value: 0.38142600678748195.
checkpoint_e33 window_influence: 0.44990232475938141, penalty_k: 0.25144605971402689, scale_lr: 0.78523422244851460, EAO: 0.318
Trial 3066 finished with value: 0.3175607580503137 and parameters: {'window_influence': 0.4499023247593814, 'penalty_k': 0.2514460597140269, 'scale_lr': 0.7852342224485146}. Best is trial 1674 with value: 0.38142600678748195.
checkpoint_e33 window_influence: 0.40159479011026017, penalty_k: 0.06425743276690815, scale_lr: 0.51287084118079396, EAO: 0.339
Trial 3067 finished with value: 0.33934230563241685 and parameters: {'window_influence': 0.40159479011026017, 'penalty_k': 0.06425743276690815, 'scale_lr': 0.512870841180794}. Best is trial 1674 with value: 0.38142600678748195.
checkpoint_e33 window_influence: 0.54660142529054112, penalty_k: 0.35779082558943304, scale_lr: 0.29773557275560614, EAO: 0.293
Trial 3068 finished with value: 0.2929042610212987 and parameters: {'window_influence': 0.5466014252905411, 'penalty_k': 0.35779082558943304, 'scale_lr': 0.29773557275560614}. Best is trial 1674 with value: 0.38142600678748195.
checkpoint_e33 window_influence: 0.48702136580011185, penalty_k: 0.41721103258735270, scale_lr: 0.43935704764191597, EAO: 0.307
Trial 3069 finished with value: 0.3066899634404869 and parameters: {'window_influence': 0.48702136580011185, 'penalty_k': 0.4172110325873527, 'scale_lr': 0.43935704764191597}. Best is trial 1674 with value: 0.38142600678748195.
checkpoint_e33 window_influence: 0.38061649436956196, penalty_k: 0.01748877552186383, scale_lr: 0.63894740852983622, EAO: 0.318
Trial 3070 finished with value: 0.3176164500096429 and parameters: {'window_influence': 0.38061649436956196, 'penalty_k': 0.017488775521863828, 'scale_lr': 0.6389474085298362}. Best is trial 1674 with value: 0.38142600678748195.
checkpoint_e33 window_influence: 0.50178248276511184, penalty_k: 0.28243663252727713, scale_lr: 0.47773454773177731, EAO: 0.325
Trial 3071 finished with value: 0.3252064293460623 and parameters: {'window_influence': 0.5017824827651118, 'penalty_k': 0.28243663252727713, 'scale_lr': 0.4777345477317773}. Best is trial 1674 with value: 0.38142600678748195.
checkpoint_e33 window_influence: 0.47143131903268126, penalty_k: 0.49831025995674483, scale_lr: 0.27173017774561659, EAO: 0.311
Trial 3072 finished with value: 0.31113222421143305 and parameters: {'window_influence': 0.47143131903268126, 'penalty_k': 0.4983102599567448, 'scale_lr': 0.2717301777456166}. Best is trial 1674 with value: 0.38142600678748195.
checkpoint_e33 window_influence: 0.25541774720636001, penalty_k: 0.56219224907125120, scale_lr: 0.33649521554580869, EAO: 0.273
Trial 3073 finished with value: 0.2725332510958386 and parameters: {'window_influence': 0.25541774720636, 'penalty_k': 0.5621922490712512, 'scale_lr': 0.3364952155458087}. Best is trial 1674 with value: 0.38142600678748195.
checkpoint_e33 window_influence: 0.52474793477751425, penalty_k: 0.13581471018938054, scale_lr: 0.70306799668884556, EAO: 0.305
Trial 3074 finished with value: 0.30463799010918763 and parameters: {'window_influence': 0.5247479347775142, 'penalty_k': 0.13581471018938054, 'scale_lr': 0.7030679966888456}. Best is trial 1674 with value: 0.38142600678748195.
checkpoint_e33 window_influence: 0.12171029016598245, penalty_k: 0.17396237448247043, scale_lr: 0.12671767650511023, EAO: 0.266
Trial 3075 finished with value: 0.2663085671134496 and parameters: {'window_influence': 0.12171029016598245, 'penalty_k': 0.17396237448247043, 'scale_lr': 0.12671767650511023}. Best is trial 1674 with value: 0.38142600678748195.
checkpoint_e33 window_influence: 0.43914954791241834, penalty_k: 0.20616365356346966, scale_lr: 0.14297873559922247, EAO: 0.349
Trial 3076 finished with value: 0.3490816330399495 and parameters: {'window_influence': 0.43914954791241834, 'penalty_k': 0.20616365356346966, 'scale_lr': 0.14297873559922247}. Best is trial 1674 with value: 0.38142600678748195.
checkpoint_e33 window_influence: 0.08653703922671985, penalty_k: 0.26855279061321014, scale_lr: 0.49411714353590885, EAO: 0.255
Trial 3077 finished with value: 0.25526954256838863 and parameters: {'window_influence': 0.08653703922671985, 'penalty_k': 0.26855279061321014, 'scale_lr': 0.49411714353590885}. Best is trial 1674 with value: 0.38142600678748195.
checkpoint_e33 window_influence: 0.48951643518154853, penalty_k: 0.59431461947260888, scale_lr: 0.55722358574112141, EAO: 0.296
Trial 3078 finished with value: 0.2963782610364461 and parameters: {'window_influence': 0.4895164351815485, 'penalty_k': 0.5943146194726089, 'scale_lr': 0.5572235857411214}. Best is trial 1674 with value: 0.38142600678748195.
checkpoint_e33 window_influence: 0.63898832577226072, penalty_k: 0.05073272931649890, scale_lr: 0.75978414486142865, EAO: 0.237
Trial 3079 finished with value: 0.23722785328612717 and parameters: {'window_influence': 0.6389883257722607, 'penalty_k': 0.0507327293164989, 'scale_lr': 0.7597841448614286}. Best is trial 1674 with value: 0.38142600678748195.
checkpoint_e33 window_influence: 0.46222174838908869, penalty_k: 0.11785777792741509, scale_lr: 0.24362261185661385, EAO: 0.329
Trial 3080 finished with value: 0.32890447661106686 and parameters: {'window_influence': 0.4622217483890887, 'penalty_k': 0.11785777792741509, 'scale_lr': 0.24362261185661385}. Best is trial 1674 with value: 0.38142600678748195.
checkpoint_e33 window_influence: 0.50730447958583513, penalty_k: 0.32102120670069945, scale_lr: 0.68132625769534172, EAO: 0.305
Trial 3081 finished with value: 0.30543000914939183 and parameters: {'window_influence': 0.5073044795858351, 'penalty_k': 0.32102120670069945, 'scale_lr': 0.6813262576953417}. Best is trial 1674 with value: 0.38142600678748195.
checkpoint_e33 window_influence: 0.53506764400967866, penalty_k: 0.03521403034480308, scale_lr: 0.74102435099892128, EAO: 0.313
Trial 3082 finished with value: 0.3129063531582458 and parameters: {'window_influence': 0.5350676440096787, 'penalty_k': 0.03521403034480308, 'scale_lr': 0.7410243509989213}. Best is trial 1674 with value: 0.38142600678748195.
checkpoint_e33 window_influence: 0.47283888414089481, penalty_k: 0.12873640636952235, scale_lr: 0.40645231753784455, EAO: 0.343
Trial 3083 finished with value: 0.34291753056912105 and parameters: {'window_influence': 0.4728388841408948, 'penalty_k': 0.12873640636952235, 'scale_lr': 0.40645231753784455}. Best is trial 1674 with value: 0.38142600678748195.
checkpoint_e33 window_influence: 0.36075442810241276, penalty_k: 0.07264820467809414, scale_lr: 0.52109650074017788, EAO: 0.317
Trial 3084 finished with value: 0.31735495712738554 and parameters: {'window_influence': 0.36075442810241276, 'penalty_k': 0.07264820467809414, 'scale_lr': 0.5210965007401779}. Best is trial 1674 with value: 0.38142600678748195.
checkpoint_e33 window_influence: 0.41886320479894479, penalty_k: 0.14941011073131646, scale_lr: 0.59676892803005366, EAO: 0.335
Trial 3085 finished with value: 0.3347554962922627 and parameters: {'window_influence': 0.4188632047989448, 'penalty_k': 0.14941011073131646, 'scale_lr': 0.5967689280300537}. Best is trial 1674 with value: 0.38142600678748195.
checkpoint_e33 window_influence: 0.49410934680310009, penalty_k: 0.01111359892645511, scale_lr: 0.21210887720102403, EAO: 0.333
Trial 3086 finished with value: 0.33321072097418375 and parameters: {'window_influence': 0.4941093468031001, 'penalty_k': 0.011113598926455113, 'scale_lr': 0.21210887720102403}. Best is trial 1674 with value: 0.38142600678748195.
checkpoint_e33 window_influence: 0.45576561218166323, penalty_k: 0.06059195769277552, scale_lr: 0.53255617546097611, EAO: 0.352
Trial 3087 finished with value: 0.35174094111539045 and parameters: {'window_influence': 0.4557656121816632, 'penalty_k': 0.06059195769277552, 'scale_lr': 0.5325561754609761}. Best is trial 1674 with value: 0.38142600678748195.
checkpoint_e33 window_influence: 0.48086207634575689, penalty_k: 0.08950124890676817, scale_lr: 0.66367991047934627, EAO: 0.343
Trial 3088 finished with value: 0.34260176580239826 and parameters: {'window_influence': 0.4808620763457569, 'penalty_k': 0.08950124890676817, 'scale_lr': 0.6636799104793463}. Best is trial 1674 with value: 0.38142600678748195.
checkpoint_e33 window_influence: 0.51531890480064402, penalty_k: 0.16214866555358778, scale_lr: 0.48740102658062784, EAO: 0.318
Trial 3089 finished with value: 0.3182763647476523 and parameters: {'window_influence': 0.515318904800644, 'penalty_k': 0.16214866555358778, 'scale_lr': 0.48740102658062784}. Best is trial 1674 with value: 0.38142600678748195.
checkpoint_e33 window_influence: 0.49774916548182324, penalty_k: 0.10681854893504085, scale_lr: 0.37732683309194004, EAO: 0.335
Trial 3090 finished with value: 0.3354169586057329 and parameters: {'window_influence': 0.49774916548182324, 'penalty_k': 0.10681854893504085, 'scale_lr': 0.37732683309194004}. Best is trial 1674 with value: 0.38142600678748195.
checkpoint_e33 window_influence: 0.17915551136521041, penalty_k: 0.04587085278010389, scale_lr: 0.60968325618446417, EAO: 0.281
Trial 3091 finished with value: 0.2810619600436103 and parameters: {'window_influence': 0.1791555113652104, 'penalty_k': 0.045870852780103895, 'scale_lr': 0.6096832561844642}. Best is trial 1674 with value: 0.38142600678748195.
checkpoint_e33 window_influence: 0.59866329884996239, penalty_k: 0.55313130086884477, scale_lr: 0.36733160229545875, EAO: 0.240
Trial 3092 finished with value: 0.2396959138867456 and parameters: {'window_influence': 0.5986632988499624, 'penalty_k': 0.5531313008688448, 'scale_lr': 0.36733160229545875}. Best is trial 1674 with value: 0.38142600678748195.
checkpoint_e33 window_influence: 0.44752879294112452, penalty_k: 0.28076844808386398, scale_lr: 0.57079282776201812, EAO: 0.338
Trial 3093 finished with value: 0.3376594075664936 and parameters: {'window_influence': 0.4475287929411245, 'penalty_k': 0.280768448083864, 'scale_lr': 0.5707928277620181}. Best is trial 1674 with value: 0.38142600678748195.
checkpoint_e33 window_influence: 0.46874210073934353, penalty_k: 0.02518517551472007, scale_lr: 0.17999752153574275, EAO: 0.355
Trial 3094 finished with value: 0.3550581363852386 and parameters: {'window_influence': 0.4687421007393435, 'penalty_k': 0.02518517551472007, 'scale_lr': 0.17999752153574275}. Best is trial 1674 with value: 0.38142600678748195.
checkpoint_e33 window_influence: 0.48445964818800724, penalty_k: 0.13947554807029222, scale_lr: 0.35121342396661182, EAO: 0.344
Trial 3095 finished with value: 0.3438884029128672 and parameters: {'window_influence': 0.48445964818800724, 'penalty_k': 0.13947554807029222, 'scale_lr': 0.3512134239666118}. Best is trial 1674 with value: 0.38142600678748195.
checkpoint_e33 window_influence: 0.50650807815853360, penalty_k: 0.22739380379412913, scale_lr: 0.19753376195230349, EAO: 0.327
Trial 3096 finished with value: 0.3274492456755286 and parameters: {'window_influence': 0.5065080781585336, 'penalty_k': 0.22739380379412913, 'scale_lr': 0.1975337619523035}. Best is trial 1674 with value: 0.38142600678748195.
checkpoint_e33 window_influence: 0.43673134368205513, penalty_k: 0.29708642968544657, scale_lr: 0.15825010685016883, EAO: 0.327
Trial 3097 finished with value: 0.32696109395546674 and parameters: {'window_influence': 0.43673134368205513, 'penalty_k': 0.2970864296854466, 'scale_lr': 0.15825010685016883}. Best is trial 1674 with value: 0.38142600678748195.
checkpoint_e33 window_influence: 0.47391125225419489, penalty_k: 0.07823059551918241, scale_lr: 0.62303730802227530, EAO: 0.357
Trial 3098 finished with value: 0.3565394602397073 and parameters: {'window_influence': 0.4739112522541949, 'penalty_k': 0.0782305955191824, 'scale_lr': 0.6230373080222753}. Best is trial 1674 with value: 0.38142600678748195.
checkpoint_e33 window_influence: 0.35056394488569609, penalty_k: 0.04317959403215565, scale_lr: 0.47318653516637893, EAO: 0.315
Trial 3099 finished with value: 0.31468167385006696 and parameters: {'window_influence': 0.3505639448856961, 'penalty_k': 0.04317959403215565, 'scale_lr': 0.47318653516637893}. Best is trial 1674 with value: 0.38142600678748195.
checkpoint_e33 window_influence: 0.55402182328485894, penalty_k: 0.45957989330095694, scale_lr: 0.77914984292358536, EAO: 0.263
Trial 3100 finished with value: 0.26331076170915757 and parameters: {'window_influence': 0.5540218232848589, 'penalty_k': 0.45957989330095694, 'scale_lr': 0.7791498429235854}. Best is trial 1674 with value: 0.38142600678748195.
checkpoint_e33 window_influence: 0.24067847314978533, penalty_k: 0.05689666730019192, scale_lr: 0.64551820792355419, EAO: 0.304
Trial 3101 finished with value: 0.3035425582052669 and parameters: {'window_influence': 0.24067847314978533, 'penalty_k': 0.05689666730019192, 'scale_lr': 0.6455182079235542}. Best is trial 1674 with value: 0.38142600678748195.
checkpoint_e33 window_influence: 0.45961431963328492, penalty_k: 0.23662372670986956, scale_lr: 0.50577355620020303, EAO: 0.333
Trial 3102 finished with value: 0.3329377039861122 and parameters: {'window_influence': 0.4596143196332849, 'penalty_k': 0.23662372670986956, 'scale_lr': 0.505773556200203}. Best is trial 1674 with value: 0.38142600678748195.
checkpoint_e33 window_influence: 0.33458650796794770, penalty_k: 0.18136955162681856, scale_lr: 0.45059065636580375, EAO: 0.309
Trial 3103 finished with value: 0.30851591132030415 and parameters: {'window_influence': 0.3345865079679477, 'penalty_k': 0.18136955162681856, 'scale_lr': 0.45059065636580375}. Best is trial 1674 with value: 0.38142600678748195.
checkpoint_e33 window_influence: 0.30577209963502222, penalty_k: 0.19971371652547662, scale_lr: 0.58583059968212803, EAO: 0.304
Trial 3104 finished with value: 0.303696879906877 and parameters: {'window_influence': 0.3057720996350222, 'penalty_k': 0.19971371652547662, 'scale_lr': 0.585830599682128}. Best is trial 1674 with value: 0.38142600678748195.
checkpoint_e33 window_influence: 0.52083969166562372, penalty_k: 0.09406325225264550, scale_lr: 0.32376353246234146, EAO: 0.330
Trial 3105 finished with value: 0.33040393332331097 and parameters: {'window_influence': 0.5208396916656237, 'penalty_k': 0.0940632522526455, 'scale_lr': 0.32376353246234146}. Best is trial 1674 with value: 0.38142600678748195.
checkpoint_e33 window_influence: 0.48988624706060735, penalty_k: 0.12726409977788339, scale_lr: 0.43708413433459420, EAO: 0.341
Trial 3106 finished with value: 0.34057702767709813 and parameters: {'window_influence': 0.48988624706060735, 'penalty_k': 0.1272640997778834, 'scale_lr': 0.4370841343345942}. Best is trial 1674 with value: 0.38142600678748195.
checkpoint_e33 window_influence: 0.22130082630417630, penalty_k: 0.26002944429555958, scale_lr: 0.53920115265833024, EAO: 0.301
Trial 3107 finished with value: 0.30094349065411413 and parameters: {'window_influence': 0.2213008263041763, 'penalty_k': 0.2600294442955596, 'scale_lr': 0.5392011526583302}. Best is trial 1674 with value: 0.38142600678748195.
checkpoint_e33 window_influence: 0.07991773743254821, penalty_k: 0.38649880210620680, scale_lr: 0.73336166205185693, EAO: 0.260
Trial 3108 finished with value: 0.25988871421563486 and parameters: {'window_influence': 0.07991773743254821, 'penalty_k': 0.3864988021062068, 'scale_lr': 0.7333616620518569}. Best is trial 1674 with value: 0.38142600678748195.
checkpoint_e33 window_influence: 0.42540790230757758, penalty_k: 0.15050601099706679, scale_lr: 0.68782324947609863, EAO: 0.321
Trial 3109 finished with value: 0.3206102394060402 and parameters: {'window_influence': 0.4254079023075776, 'penalty_k': 0.15050601099706679, 'scale_lr': 0.6878232494760986}. Best is trial 1674 with value: 0.38142600678748195.
checkpoint_e33 window_influence: 0.57875973365554434, penalty_k: 0.43168716627886050, scale_lr: 0.71312853913703744, EAO: 0.245
Trial 3110 finished with value: 0.24520573327281595 and parameters: {'window_influence': 0.5787597336555443, 'penalty_k': 0.4316871662788605, 'scale_lr': 0.7131285391370374}. Best is trial 1674 with value: 0.38142600678748195.
checkpoint_e33 window_influence: 0.50144746257665029, penalty_k: 0.16757349854016598, scale_lr: 0.29599525935538490, EAO: 0.333
Trial 3111 finished with value: 0.3327909594379974 and parameters: {'window_influence': 0.5014474625766503, 'penalty_k': 0.16757349854016598, 'scale_lr': 0.2959952593553849}. Best is trial 1674 with value: 0.38142600678748195.
checkpoint_e33 window_influence: 0.53472025523277966, penalty_k: 0.21614243679881393, scale_lr: 0.76676346068280976, EAO: 0.295
Trial 3112 finished with value: 0.29468415062947034 and parameters: {'window_influence': 0.5347202552327797, 'penalty_k': 0.21614243679881393, 'scale_lr': 0.7667634606828098}. Best is trial 1674 with value: 0.38142600678748195.
checkpoint_e33 window_influence: 0.39823593007881880, penalty_k: 0.02934168017961826, scale_lr: 0.66962408452038646, EAO: 0.337
