Trial 124 finished with value: 0.3298749319542243 and parameters: {'window_influence': 0.4849367306013985, 'penalty_k': 0.05547304953110715, 'scale_lr': 0.46610911509850306}. Best is trial 62 with value: 0.3726749919963718.
checkpoint_e29 window_influence: 0.52563308561372823, penalty_k: 0.03680542776378475, scale_lr: 0.40968319858326668, EAO: 0.329
Trial 125 finished with value: 0.3288575013092056 and parameters: {'window_influence': 0.5256330856137282, 'penalty_k': 0.036805427763784745, 'scale_lr': 0.4096831985832667}. Best is trial 62 with value: 0.3726749919963718.
checkpoint_e29 window_influence: 0.50132432965558027, penalty_k: 0.07475338584129611, scale_lr: 0.42750900616643922, EAO: 0.355
Trial 126 finished with value: 0.3550197049569527 and parameters: {'window_influence': 0.5013243296555803, 'penalty_k': 0.07475338584129611, 'scale_lr': 0.4275090061664392}. Best is trial 62 with value: 0.3726749919963718.
checkpoint_e29 window_influence: 0.47091285148282408, penalty_k: 0.07606548751060457, scale_lr: 0.42128764871549651, EAO: 0.342
Trial 127 finished with value: 0.3415876195588464 and parameters: {'window_influence': 0.4709128514828241, 'penalty_k': 0.07606548751060457, 'scale_lr': 0.4212876487154965}. Best is trial 62 with value: 0.3726749919963718.
checkpoint_e29 window_influence: 0.53981328117403093, penalty_k: 0.11353478813916623, scale_lr: 0.43002360820964602, EAO: 0.306
Trial 128 finished with value: 0.3060147294970338 and parameters: {'window_influence': 0.5398132811740309, 'penalty_k': 0.11353478813916623, 'scale_lr': 0.430023608209646}. Best is trial 62 with value: 0.3726749919963718.
checkpoint_e29 window_influence: 0.49681732779226745, penalty_k: 0.10370199774463501, scale_lr: 0.37360760136706639, EAO: 0.336
Trial 129 finished with value: 0.33623712976618964 and parameters: {'window_influence': 0.49681732779226745, 'penalty_k': 0.10370199774463501, 'scale_lr': 0.3736076013670664}. Best is trial 62 with value: 0.3726749919963718.
checkpoint_e29 window_influence: 0.51522772100335024, penalty_k: 0.06652261209957137, scale_lr: 0.47182926103094786, EAO: 0.329
Trial 130 finished with value: 0.32859703191059575 and parameters: {'window_influence': 0.5152277210033502, 'penalty_k': 0.06652261209957137, 'scale_lr': 0.47182926103094786}. Best is trial 62 with value: 0.3726749919963718.
checkpoint_e29 window_influence: 0.50192538683142196, penalty_k: 0.04322699324711979, scale_lr: 0.46010386564538414, EAO: 0.346
Trial 131 finished with value: 0.34638041791285057 and parameters: {'window_influence': 0.501925386831422, 'penalty_k': 0.04322699324711979, 'scale_lr': 0.46010386564538414}. Best is trial 62 with value: 0.3726749919963718.
checkpoint_e29 window_influence: 0.48180685923158328, penalty_k: 0.05391791095952287, scale_lr: 0.39888603781038701, EAO: 0.338
Trial 132 finished with value: 0.33796174099473175 and parameters: {'window_influence': 0.4818068592315833, 'penalty_k': 0.05391791095952287, 'scale_lr': 0.398886037810387}. Best is trial 62 with value: 0.3726749919963718.
checkpoint_e29 window_influence: 0.50729041405453801, penalty_k: 0.02307153825777768, scale_lr: 0.49949132145614505, EAO: 0.345
Trial 133 finished with value: 0.34545845187591673 and parameters: {'window_influence': 0.507290414054538, 'penalty_k': 0.023071538257777684, 'scale_lr': 0.49949132145614505}. Best is trial 62 with value: 0.3726749919963718.
checkpoint_e29 window_influence: 0.47173964311516037, penalty_k: 0.07432962060919585, scale_lr: 0.43713057255309429, EAO: 0.337
Trial 134 finished with value: 0.3372087615473261 and parameters: {'window_influence': 0.47173964311516037, 'penalty_k': 0.07432962060919585, 'scale_lr': 0.4371305725530943}. Best is trial 62 with value: 0.3726749919963718.
checkpoint_e29 window_influence: 0.45166892021523025, penalty_k: 0.08964088876291305, scale_lr: 0.38596055180833488, EAO: 0.334
Trial 135 finished with value: 0.33372829205099247 and parameters: {'window_influence': 0.45166892021523025, 'penalty_k': 0.08964088876291305, 'scale_lr': 0.3859605518083349}. Best is trial 62 with value: 0.3726749919963718.
checkpoint_e29 window_influence: 0.35399844454910667, penalty_k: 0.30367230281971752, scale_lr: 0.48787051771016920, EAO: 0.335
Trial 136 finished with value: 0.3345931524896436 and parameters: {'window_influence': 0.35399844454910667, 'penalty_k': 0.3036723028197175, 'scale_lr': 0.4878705177101692}. Best is trial 62 with value: 0.3726749919963718.
checkpoint_e29 window_influence: 0.52841579923405801, penalty_k: 0.22833258820928462, scale_lr: 0.59965058372587954, EAO: 0.313
Trial 137 finished with value: 0.31263644309127375 and parameters: {'window_influence': 0.528415799234058, 'penalty_k': 0.22833258820928462, 'scale_lr': 0.5996505837258795}. Best is trial 62 with value: 0.3726749919963718.
checkpoint_e29 window_influence: 0.49242154065781829, penalty_k: 0.14219809812260475, scale_lr: 0.47252250630384224, EAO: 0.346
Trial 138 finished with value: 0.34636074049463533 and parameters: {'window_influence': 0.4924215406578183, 'penalty_k': 0.14219809812260475, 'scale_lr': 0.47252250630384224}. Best is trial 62 with value: 0.3726749919963718.
checkpoint_e29 window_influence: 0.51583975077127475, penalty_k: 0.13394108635597582, scale_lr: 0.45196883801746490, EAO: 0.329
Trial 139 finished with value: 0.3291314911053802 and parameters: {'window_influence': 0.5158397507712748, 'penalty_k': 0.13394108635597582, 'scale_lr': 0.4519688380174649}. Best is trial 62 with value: 0.3726749919963718.
checkpoint_e29 window_influence: 0.38314607328039552, penalty_k: 0.17791815721860602, scale_lr: 0.50875131725321321, EAO: 0.322
Trial 140 finished with value: 0.3216293632172425 and parameters: {'window_influence': 0.3831460732803955, 'penalty_k': 0.17791815721860602, 'scale_lr': 0.5087513172532132}. Best is trial 62 with value: 0.3726749919963718.
checkpoint_e29 window_influence: 0.46092631259402833, penalty_k: 0.01701378395557141, scale_lr: 0.53715405282138595, EAO: 0.348
Trial 141 finished with value: 0.3481496346367936 and parameters: {'window_influence': 0.46092631259402833, 'penalty_k': 0.017013783955571408, 'scale_lr': 0.537154052821386}. Best is trial 62 with value: 0.3726749919963718.
checkpoint_e29 window_influence: 0.47986676019437718, penalty_k: 0.03137499253807467, scale_lr: 0.56898771050664609, EAO: 0.326
Trial 142 finished with value: 0.3262283563729854 and parameters: {'window_influence': 0.4798667601943772, 'penalty_k': 0.03137499253807467, 'scale_lr': 0.5689877105066461}. Best is trial 62 with value: 0.3726749919963718.
checkpoint_e29 window_influence: 0.46386089594084268, penalty_k: 0.04555360028196600, scale_lr: 0.51696935119156495, EAO: 0.331
Trial 143 finished with value: 0.3314714188241773 and parameters: {'window_influence': 0.4638608959408427, 'penalty_k': 0.045553600281966, 'scale_lr': 0.516969351191565}. Best is trial 62 with value: 0.3726749919963718.
checkpoint_e29 window_influence: 0.44247221558725081, penalty_k: 0.02126188788695858, scale_lr: 0.34709444925228705, EAO: 0.322
Trial 144 finished with value: 0.3217790615002005 and parameters: {'window_influence': 0.4424722155872508, 'penalty_k': 0.021261887886958576, 'scale_lr': 0.34709444925228705}. Best is trial 62 with value: 0.3726749919963718.
checkpoint_e29 window_influence: 0.50078302627749582, penalty_k: 0.05590619740692462, scale_lr: 0.54271898512972061, EAO: 0.361
Trial 145 finished with value: 0.3612599608267328 and parameters: {'window_influence': 0.5007830262774958, 'penalty_k': 0.05590619740692462, 'scale_lr': 0.5427189851297206}. Best is trial 62 with value: 0.3726749919963718.
checkpoint_e29 window_influence: 0.49280533745848015, penalty_k: 0.06905036382478418, scale_lr: 0.54555860986111460, EAO: 0.340
Trial 146 finished with value: 0.3399276925895928 and parameters: {'window_influence': 0.49280533745848015, 'penalty_k': 0.06905036382478418, 'scale_lr': 0.5455586098611146}. Best is trial 62 with value: 0.3726749919963718.
checkpoint_e29 window_influence: 0.42783811054779725, penalty_k: 0.06003320282140991, scale_lr: 0.64871186743743392, EAO: 0.311
Trial 147 finished with value: 0.3112237763080152 and parameters: {'window_influence': 0.42783811054779725, 'penalty_k': 0.06003320282140991, 'scale_lr': 0.6487118674374339}. Best is trial 62 with value: 0.3726749919963718.
checkpoint_e29 window_influence: 0.46687903535300679, penalty_k: 0.15792607292973596, scale_lr: 0.58819094326202515, EAO: 0.339
Trial 148 finished with value: 0.33854607107110524 and parameters: {'window_influence': 0.4668790353530068, 'penalty_k': 0.15792607292973596, 'scale_lr': 0.5881909432620251}. Best is trial 62 with value: 0.3726749919963718.
checkpoint_e29 window_influence: 0.45620597233453736, penalty_k: 0.09815947625340740, scale_lr: 0.53168897258895820, EAO: 0.318
Trial 149 finished with value: 0.31841421399830844 and parameters: {'window_influence': 0.45620597233453736, 'penalty_k': 0.0981594762534074, 'scale_lr': 0.5316889725889582}. Best is trial 62 with value: 0.3726749919963718.
checkpoint_e29 window_influence: 0.48435759479273482, penalty_k: 0.26588422002772288, scale_lr: 0.56607784453816945, EAO: 0.320
Trial 150 finished with value: 0.3202513837280904 and parameters: {'window_influence': 0.4843575947927348, 'penalty_k': 0.2658842200277229, 'scale_lr': 0.5660778445381695}. Best is trial 62 with value: 0.3726749919963718.
checkpoint_e29 window_influence: 0.50860683169367127, penalty_k: 0.04626047112784992, scale_lr: 0.54686181981217230, EAO: 0.328
Trial 151 finished with value: 0.32831577388461 and parameters: {'window_influence': 0.5086068316936713, 'penalty_k': 0.046260471127849916, 'scale_lr': 0.5468618198121723}. Best is trial 62 with value: 0.3726749919963718.
checkpoint_e29 window_influence: 0.49856141343824212, penalty_k: 0.03224969300903677, scale_lr: 0.49063451060980900, EAO: 0.342
Trial 152 finished with value: 0.34246611873463434 and parameters: {'window_influence': 0.4985614134382421, 'penalty_k': 0.032249693009036774, 'scale_lr': 0.490634510609809}. Best is trial 62 with value: 0.3726749919963718.
checkpoint_e29 window_influence: 0.31581462526792092, penalty_k: 0.01779758616722838, scale_lr: 0.41409444268921336, EAO: 0.324
Trial 153 finished with value: 0.32384479596689053 and parameters: {'window_influence': 0.3158146252679209, 'penalty_k': 0.01779758616722838, 'scale_lr': 0.41409444268921336}. Best is trial 62 with value: 0.3726749919963718.
checkpoint_e29 window_influence: 0.52328079556199136, penalty_k: 0.19747761909561012, scale_lr: 0.52081391401543176, EAO: 0.317
Trial 154 finished with value: 0.31715234024051564 and parameters: {'window_influence': 0.5232807955619914, 'penalty_k': 0.19747761909561012, 'scale_lr': 0.5208139140154318}. Best is trial 62 with value: 0.3726749919963718.
checkpoint_e29 window_influence: 0.50647993318602924, penalty_k: 0.05534015353731216, scale_lr: 0.60844367601232652, EAO: 0.340
Trial 155 finished with value: 0.33970174773193984 and parameters: {'window_influence': 0.5064799331860292, 'penalty_k': 0.055340153537312156, 'scale_lr': 0.6084436760123265}. Best is trial 62 with value: 0.3726749919963718.
checkpoint_e29 window_influence: 0.53552986676654113, penalty_k: 0.08277295858883107, scale_lr: 0.47745265333331482, EAO: 0.318
Trial 156 finished with value: 0.317588727008044 and parameters: {'window_influence': 0.5355298667665411, 'penalty_k': 0.08277295858883107, 'scale_lr': 0.4774526533333148}. Best is trial 62 with value: 0.3726749919963718.
checkpoint_e29 window_influence: 0.48113186070619429, penalty_k: 0.03321819198273820, scale_lr: 0.62487826072869646, EAO: 0.326
Trial 157 finished with value: 0.3263458528407353 and parameters: {'window_influence': 0.4811318607061943, 'penalty_k': 0.0332181919827382, 'scale_lr': 0.6248782607286965}. Best is trial 62 with value: 0.3726749919963718.
checkpoint_e29 window_influence: 0.55197909308153270, penalty_k: 0.00252541213257175, scale_lr: 0.50663146459975272, EAO: 0.311
Trial 158 finished with value: 0.31052711321917953 and parameters: {'window_influence': 0.5519790930815327, 'penalty_k': 0.002525412132571752, 'scale_lr': 0.5066314645997527}. Best is trial 62 with value: 0.3726749919963718.
checkpoint_e29 window_influence: 0.49512138705820036, penalty_k: 0.04932758753268506, scale_lr: 0.52699800272847841, EAO: 0.343
Trial 159 finished with value: 0.3427457212242171 and parameters: {'window_influence': 0.49512138705820036, 'penalty_k': 0.04932758753268506, 'scale_lr': 0.5269980027284784}. Best is trial 62 with value: 0.3726749919963718.
checkpoint_e29 window_influence: 0.47271335271304782, penalty_k: 0.01688834647579976, scale_lr: 0.43358811687592685, EAO: 0.336
Trial 160 finished with value: 0.336160469263908 and parameters: {'window_influence': 0.4727133527130478, 'penalty_k': 0.01688834647579976, 'scale_lr': 0.43358811687592685}. Best is trial 62 with value: 0.3726749919963718.
checkpoint_e29 window_influence: 0.45055013910112668, penalty_k: 0.00896276991953876, scale_lr: 0.53610813563277260, EAO: 0.335
Trial 161 finished with value: 0.3352107918216097 and parameters: {'window_influence': 0.4505501391011267, 'penalty_k': 0.00896276991953876, 'scale_lr': 0.5361081356327726}. Best is trial 62 with value: 0.3726749919963718.
checkpoint_e29 window_influence: 0.46171947443843464, penalty_k: 0.02588303505531105, scale_lr: 0.57693633635014663, EAO: 0.341
Trial 162 finished with value: 0.3411331138490239 and parameters: {'window_influence': 0.46171947443843464, 'penalty_k': 0.025883035055311053, 'scale_lr': 0.5769363363501466}. Best is trial 62 with value: 0.3726749919963718.
checkpoint_e29 window_influence: 0.43396205308146113, penalty_k: 0.04097887984646492, scale_lr: 0.56023389939522183, EAO: 0.307
Trial 163 finished with value: 0.30710349988612684 and parameters: {'window_influence': 0.43396205308146113, 'penalty_k': 0.04097887984646492, 'scale_lr': 0.5602338993952218}. Best is trial 62 with value: 0.3726749919963718.
checkpoint_e29 window_influence: 0.41276145841422329, penalty_k: 0.00007792557765665, scale_lr: 0.54145022535040266, EAO: 0.319
Trial 164 finished with value: 0.31888691448979806 and parameters: {'window_influence': 0.4127614584142233, 'penalty_k': 7.792557765664705e-05, 'scale_lr': 0.5414502253504027}. Best is trial 62 with value: 0.3726749919963718.
checkpoint_e29 window_influence: 0.51661668788503345, penalty_k: 0.06361775334056038, scale_lr: 0.45675111950207381, EAO: 0.335
Trial 165 finished with value: 0.33539113599502623 and parameters: {'window_influence': 0.5166166878850335, 'penalty_k': 0.06361775334056038, 'scale_lr': 0.4567511195020738}. Best is trial 62 with value: 0.3726749919963718.
checkpoint_e29 window_influence: 0.48716082826336504, penalty_k: 0.11714973888405329, scale_lr: 0.49673768072025937, EAO: 0.339
Trial 166 finished with value: 0.339139268324069 and parameters: {'window_influence': 0.48716082826336504, 'penalty_k': 0.11714973888405329, 'scale_lr': 0.49673768072025937}. Best is trial 62 with value: 0.3726749919963718.
checkpoint_e29 window_influence: 0.50688843370150516, penalty_k: 0.01928460834680146, scale_lr: 0.55095538920740128, EAO: 0.352
Trial 167 finished with value: 0.3518345063762442 and parameters: {'window_influence': 0.5068884337015052, 'penalty_k': 0.01928460834680146, 'scale_lr': 0.5509553892074013}. Best is trial 62 with value: 0.3726749919963718.
checkpoint_e29 window_influence: 0.50110477062579917, penalty_k: 0.07538812548251303, scale_lr: 0.63742869727993523, EAO: 0.349
Trial 168 finished with value: 0.34867539433653716 and parameters: {'window_influence': 0.5011047706257992, 'penalty_k': 0.07538812548251303, 'scale_lr': 0.6374286972799352}. Best is trial 62 with value: 0.3726749919963718.
checkpoint_e29 window_influence: 0.52049612056183103, penalty_k: 0.07744175661707708, scale_lr: 0.63971492312387457, EAO: 0.325
Trial 169 finished with value: 0.3248786868868171 and parameters: {'window_influence': 0.520496120561831, 'penalty_k': 0.07744175661707708, 'scale_lr': 0.6397149231238746}. Best is trial 62 with value: 0.3726749919963718.
checkpoint_e29 window_influence: 0.53359817382344743, penalty_k: 0.08756406223921551, scale_lr: 0.60130211893771313, EAO: 0.302
Trial 170 finished with value: 0.3023924916866688 and parameters: {'window_influence': 0.5335981738234474, 'penalty_k': 0.0875640622392155, 'scale_lr': 0.6013021189377131}. Best is trial 62 with value: 0.3726749919963718.
checkpoint_e29 window_influence: 0.50545069906792195, penalty_k: 0.05474288007992127, scale_lr: 0.61272160007256626, EAO: 0.350
Trial 171 finished with value: 0.35016615184364613 and parameters: {'window_influence': 0.505450699067922, 'penalty_k': 0.05474288007992127, 'scale_lr': 0.6127216000725663}. Best is trial 62 with value: 0.3726749919963718.
checkpoint_e29 window_influence: 0.50401646391367427, penalty_k: 0.06592743480395365, scale_lr: 0.65839936449248382, EAO: 0.324
Trial 172 finished with value: 0.3239521710093383 and parameters: {'window_influence': 0.5040164639136743, 'penalty_k': 0.06592743480395365, 'scale_lr': 0.6583993644924838}. Best is trial 62 with value: 0.3726749919963718.
checkpoint_e29 window_influence: 0.49342072624037564, penalty_k: 0.05756092531215098, scale_lr: 0.64074645123615848, EAO: 0.353
Trial 173 finished with value: 0.3534374132694437 and parameters: {'window_influence': 0.49342072624037564, 'penalty_k': 0.057560925312150985, 'scale_lr': 0.6407464512361585}. Best is trial 62 with value: 0.3726749919963718.
checkpoint_e29 window_influence: 0.47586796479660692, penalty_k: 0.04991583970866630, scale_lr: 0.62224910220685403, EAO: 0.338
Trial 174 finished with value: 0.33768307942360754 and parameters: {'window_influence': 0.4758679647966069, 'penalty_k': 0.049915839708666296, 'scale_lr': 0.622249102206854}. Best is trial 62 with value: 0.3726749919963718.
checkpoint_e29 window_influence: 0.49241616974186658, penalty_k: 0.03436739255406066, scale_lr: 0.63212677145973872, EAO: 0.343
Trial 175 finished with value: 0.3431958893625653 and parameters: {'window_influence': 0.4924161697418666, 'penalty_k': 0.034367392554060655, 'scale_lr': 0.6321267714597387}. Best is trial 62 with value: 0.3726749919963718.
checkpoint_e29 window_influence: 0.51557648693972569, penalty_k: 0.21166282769368658, scale_lr: 0.64000153547809435, EAO: 0.322
Trial 176 finished with value: 0.32209030298175517 and parameters: {'window_influence': 0.5155764869397257, 'penalty_k': 0.21166282769368658, 'scale_lr': 0.6400015354780944}. Best is trial 62 with value: 0.3726749919963718.
checkpoint_e29 window_influence: 0.37084586843815726, penalty_k: 0.32554649501957650, scale_lr: 0.60642031993145917, EAO: 0.337
Trial 177 finished with value: 0.3367192100458108 and parameters: {'window_influence': 0.37084586843815726, 'penalty_k': 0.3255464950195765, 'scale_lr': 0.6064203199314592}. Best is trial 62 with value: 0.3726749919963718.
checkpoint_e29 window_influence: 0.39836059430817300, penalty_k: 0.06123495691189187, scale_lr: 0.66671218859817005, EAO: 0.318
Trial 178 finished with value: 0.3183950494235592 and parameters: {'window_influence': 0.398360594308173, 'penalty_k': 0.061234956911891875, 'scale_lr': 0.66671218859817}. Best is trial 62 with value: 0.3726749919963718.
checkpoint_e29 window_influence: 0.48246139882608519, penalty_k: 0.01985675764113911, scale_lr: 0.58759867325246917, EAO: 0.354
Trial 179 finished with value: 0.3537359985628017 and parameters: {'window_influence': 0.4824613988260852, 'penalty_k': 0.019856757641139106, 'scale_lr': 0.5875986732524692}. Best is trial 62 with value: 0.3726749919963718.
checkpoint_e29 window_influence: 0.48940832764483955, penalty_k: 0.01458036534362065, scale_lr: 0.58979594933291668, EAO: 0.349
Trial 180 finished with value: 0.3492193860998413 and parameters: {'window_influence': 0.48940832764483955, 'penalty_k': 0.014580365343620647, 'scale_lr': 0.5897959493329167}. Best is trial 62 with value: 0.3726749919963718.
checkpoint_e29 window_influence: 0.48987816126516792, penalty_k: 0.01571677405712513, scale_lr: 0.59094051557338545, EAO: 0.330
Trial 181 finished with value: 0.330112833689159 and parameters: {'window_influence': 0.4898781612651679, 'penalty_k': 0.015716774057125127, 'scale_lr': 0.5909405155733854}. Best is trial 62 with value: 0.3726749919963718.
checkpoint_e29 window_influence: 0.50599553621182414, penalty_k: 0.02576893122371073, scale_lr: 0.61180275728324018, EAO: 0.335
Trial 182 finished with value: 0.33507763852405176 and parameters: {'window_influence': 0.5059955362118241, 'penalty_k': 0.025768931223710725, 'scale_lr': 0.6118027572832402}. Best is trial 62 with value: 0.3726749919963718.
checkpoint_e29 window_influence: 0.47719535879417607, penalty_k: 0.03795609462049508, scale_lr: 0.58470971821766393, EAO: 0.336
Trial 183 finished with value: 0.33577183990626946 and parameters: {'window_influence': 0.47719535879417607, 'penalty_k': 0.03795609462049508, 'scale_lr': 0.5847097182176639}. Best is trial 62 with value: 0.3726749919963718.
checkpoint_e29 window_influence: 0.50012663533362756, penalty_k: 0.01058012135292470, scale_lr: 0.59303623755361934, EAO: 0.338
Trial 184 finished with value: 0.3376664739638451 and parameters: {'window_influence': 0.5001266353336276, 'penalty_k': 0.010580121352924703, 'scale_lr': 0.5930362375536193}. Best is trial 62 with value: 0.3726749919963718.
checkpoint_e29 window_influence: 0.52593865914989857, penalty_k: 0.02408167788997611, scale_lr: 0.61648249662622168, EAO: 0.316
Trial 185 finished with value: 0.3157576651308787 and parameters: {'window_influence': 0.5259386591498986, 'penalty_k': 0.024081677889976113, 'scale_lr': 0.6164824966262217}. Best is trial 62 with value: 0.3726749919963718.
checkpoint_e29 window_influence: 0.48915144906352154, penalty_k: 0.05362121134825957, scale_lr: 0.63983632999570939, EAO: 0.339
