Trial 3450 finished with value: 0.317370308280455 and parameters: {'window_influence': 0.4880775699832755, 'penalty_k': 0.17378143132020424, 'scale_lr': 0.46954625026889524}. Best is trial 1270 with value: 0.3623636909959845.
checkpoint_e22 window_influence: 0.43870756672285921, penalty_k: 0.18993852093632749, scale_lr: 0.71469881978266758, EAO: 0.294
Trial 3451 finished with value: 0.2942710883538547 and parameters: {'window_influence': 0.4387075667228592, 'penalty_k': 0.1899385209363275, 'scale_lr': 0.7146988197826676}. Best is trial 1270 with value: 0.3623636909959845.
checkpoint_e22 window_influence: 0.37654522806713009, penalty_k: 0.08619368323911888, scale_lr: 0.59888196093600898, EAO: 0.305
Trial 3452 finished with value: 0.3052282427303522 and parameters: {'window_influence': 0.3765452280671301, 'penalty_k': 0.08619368323911888, 'scale_lr': 0.598881960936009}. Best is trial 1270 with value: 0.3623636909959845.
checkpoint_e22 window_influence: 0.46449865030510223, penalty_k: 0.07134145463892513, scale_lr: 0.35591865220618535, EAO: 0.326
Trial 3453 finished with value: 0.32643676354959317 and parameters: {'window_influence': 0.46449865030510223, 'penalty_k': 0.07134145463892513, 'scale_lr': 0.35591865220618535}. Best is trial 1270 with value: 0.3623636909959845.
checkpoint_e22 window_influence: 0.49583366713334664, penalty_k: 0.28691028439630983, scale_lr: 0.65620889455207942, EAO: 0.314
Trial 3454 finished with value: 0.3140513208125816 and parameters: {'window_influence': 0.49583366713334664, 'penalty_k': 0.28691028439630983, 'scale_lr': 0.6562088945520794}. Best is trial 1270 with value: 0.3623636909959845.
checkpoint_e22 window_influence: 0.63537792972897622, penalty_k: 0.02261705835204010, scale_lr: 0.74098261701738355, EAO: 0.246
Trial 3455 finished with value: 0.24586915245083985 and parameters: {'window_influence': 0.6353779297289762, 'penalty_k': 0.022617058352040104, 'scale_lr': 0.7409826170173835}. Best is trial 1270 with value: 0.3623636909959845.
checkpoint_e22 window_influence: 0.47537060999151981, penalty_k: 0.44827793833103197, scale_lr: 0.56043876679743143, EAO: 0.318
Trial 3456 finished with value: 0.31804934926765904 and parameters: {'window_influence': 0.4753706099915198, 'penalty_k': 0.44827793833103197, 'scale_lr': 0.5604387667974314}. Best is trial 1270 with value: 0.3623636909959845.
checkpoint_e22 window_influence: 0.45064846914364487, penalty_k: 0.56119540136183588, scale_lr: 0.13579857698971043, EAO: 0.284
Trial 3457 finished with value: 0.2837616090992545 and parameters: {'window_influence': 0.45064846914364487, 'penalty_k': 0.5611954013618359, 'scale_lr': 0.13579857698971043}. Best is trial 1270 with value: 0.3623636909959845.
checkpoint_e22 window_influence: 0.46183496347160091, penalty_k: 0.37165321891960057, scale_lr: 0.63576634113614705, EAO: 0.309
Trial 3458 finished with value: 0.30898907919802093 and parameters: {'window_influence': 0.4618349634716009, 'penalty_k': 0.37165321891960057, 'scale_lr': 0.635766341136147}. Best is trial 1270 with value: 0.3623636909959845.
checkpoint_e22 window_influence: 0.57596045868314949, penalty_k: 0.46952977544443469, scale_lr: 0.46779467507900546, EAO: 0.243
Trial 3459 finished with value: 0.24324745977667056 and parameters: {'window_influence': 0.5759604586831495, 'penalty_k': 0.4695297754444347, 'scale_lr': 0.46779467507900546}. Best is trial 1270 with value: 0.3623636909959845.
checkpoint_e22 window_influence: 0.07320300660425794, penalty_k: 0.01142478641805780, scale_lr: 0.17825375637072655, EAO: 0.240
Trial 3460 finished with value: 0.24015452646095928 and parameters: {'window_influence': 0.07320300660425794, 'penalty_k': 0.011424786418057796, 'scale_lr': 0.17825375637072655}. Best is trial 1270 with value: 0.3623636909959845.
checkpoint_e22 window_influence: 0.42036183362448121, penalty_k: 0.39403304848804388, scale_lr: 0.61911580147533141, EAO: 0.310
Trial 3461 finished with value: 0.3097805219053758 and parameters: {'window_influence': 0.4203618336244812, 'penalty_k': 0.3940330484880439, 'scale_lr': 0.6191158014753314}. Best is trial 1270 with value: 0.3623636909959845.
checkpoint_e22 window_influence: 0.48683672691000701, penalty_k: 0.03301892378130739, scale_lr: 0.69145889442067898, EAO: 0.334
Trial 3462 finished with value: 0.33415160696330237 and parameters: {'window_influence': 0.486836726910007, 'penalty_k': 0.03301892378130739, 'scale_lr': 0.691458894420679}. Best is trial 1270 with value: 0.3623636909959845.
checkpoint_e22 window_influence: 0.27162015250658678, penalty_k: 0.09941229698305341, scale_lr: 0.57667662517931406, EAO: 0.291
Trial 3463 finished with value: 0.29143283965522676 and parameters: {'window_influence': 0.2716201525065868, 'penalty_k': 0.09941229698305341, 'scale_lr': 0.5766766251793141}. Best is trial 1270 with value: 0.3623636909959845.
checkpoint_e22 window_influence: 0.27907016442043864, penalty_k: 0.05824239154722097, scale_lr: 0.42177338332893810, EAO: 0.279
Trial 3464 finished with value: 0.2786474181520336 and parameters: {'window_influence': 0.27907016442043864, 'penalty_k': 0.05824239154722097, 'scale_lr': 0.4217733833289381}. Best is trial 1270 with value: 0.3623636909959845.
checkpoint_e22 window_influence: 0.47442214958449253, penalty_k: 0.34608979206476664, scale_lr: 0.45102713955569645, EAO: 0.317
Trial 3465 finished with value: 0.3170423432314906 and parameters: {'window_influence': 0.4744221495844925, 'penalty_k': 0.34608979206476664, 'scale_lr': 0.45102713955569645}. Best is trial 1270 with value: 0.3623636909959845.
checkpoint_e22 window_influence: 0.50379615228855745, penalty_k: 0.21788858054875823, scale_lr: 0.38945783035803366, EAO: 0.310
Trial 3466 finished with value: 0.3097722935653382 and parameters: {'window_influence': 0.5037961522885575, 'penalty_k': 0.21788858054875823, 'scale_lr': 0.38945783035803366}. Best is trial 1270 with value: 0.3623636909959845.
checkpoint_e22 window_influence: 0.45156320421638518, penalty_k: 0.15358081485242153, scale_lr: 0.40146454993557551, EAO: 0.304
Trial 3467 finished with value: 0.3038901286018498 and parameters: {'window_influence': 0.4515632042163852, 'penalty_k': 0.15358081485242153, 'scale_lr': 0.4014645499355755}. Best is trial 1270 with value: 0.3623636909959845.
checkpoint_e22 window_influence: 0.40663241894782565, penalty_k: 0.01072820213473972, scale_lr: 0.60983626407146652, EAO: 0.339
Trial 3468 finished with value: 0.33871651345189907 and parameters: {'window_influence': 0.40663241894782565, 'penalty_k': 0.010728202134739715, 'scale_lr': 0.6098362640714665}. Best is trial 1270 with value: 0.3623636909959845.
checkpoint_e22 window_influence: 0.47304665440163735, penalty_k: 0.12972777187563034, scale_lr: 0.43353446086645603, EAO: 0.298
Trial 3469 finished with value: 0.29810316878070164 and parameters: {'window_influence': 0.47304665440163735, 'penalty_k': 0.12972777187563034, 'scale_lr': 0.43353446086645603}. Best is trial 1270 with value: 0.3623636909959845.
checkpoint_e22 window_influence: 0.49107939143266033, penalty_k: 0.11269228137760250, scale_lr: 0.67709805211309093, EAO: 0.345
Trial 3470 finished with value: 0.344768401829649 and parameters: {'window_influence': 0.49107939143266033, 'penalty_k': 0.1126922813776025, 'scale_lr': 0.6770980521130909}. Best is trial 1270 with value: 0.3623636909959845.
checkpoint_e22 window_influence: 0.43897186814688877, penalty_k: 0.45742650638417037, scale_lr: 0.54107333089624265, EAO: 0.320
Trial 3471 finished with value: 0.3196114262834133 and parameters: {'window_influence': 0.43897186814688877, 'penalty_k': 0.4574265063841704, 'scale_lr': 0.5410733308962427}. Best is trial 1270 with value: 0.3623636909959845.
checkpoint_e22 window_influence: 0.45870304114173643, penalty_k: 0.46397235862957292, scale_lr: 0.22371714122406483, EAO: 0.288
Trial 3472 finished with value: 0.2875797121209393 and parameters: {'window_influence': 0.45870304114173643, 'penalty_k': 0.4639723586295729, 'scale_lr': 0.22371714122406483}. Best is trial 1270 with value: 0.3623636909959845.
checkpoint_e22 window_influence: 0.06279872538596998, penalty_k: 0.04361887705736251, scale_lr: 0.59198358899141479, EAO: 0.250
Trial 3473 finished with value: 0.24976289840523835 and parameters: {'window_influence': 0.06279872538596998, 'penalty_k': 0.04361887705736251, 'scale_lr': 0.5919835889914148}. Best is trial 1270 with value: 0.3623636909959845.
checkpoint_e22 window_influence: 0.38804168843357878, penalty_k: 0.08074054619536136, scale_lr: 0.34171123565522010, EAO: 0.284
Trial 3474 finished with value: 0.2839329531452535 and parameters: {'window_influence': 0.3880416884335788, 'penalty_k': 0.08074054619536136, 'scale_lr': 0.3417112356552201}. Best is trial 1270 with value: 0.3623636909959845.
checkpoint_e22 window_influence: 0.16526945705025298, penalty_k: 0.13951298157919573, scale_lr: 0.64548027038054934, EAO: 0.270
Trial 3475 finished with value: 0.2698267802074262 and parameters: {'window_influence': 0.16526945705025298, 'penalty_k': 0.13951298157919573, 'scale_lr': 0.6454802703805493}. Best is trial 1270 with value: 0.3623636909959845.
checkpoint_e22 window_influence: 0.17469923688861846, penalty_k: 0.33738734016428729, scale_lr: 0.37399638127865970, EAO: 0.274
Trial 3476 finished with value: 0.27393531613776656 and parameters: {'window_influence': 0.17469923688861846, 'penalty_k': 0.3373873401642873, 'scale_lr': 0.3739963812786597}. Best is trial 1270 with value: 0.3623636909959845.
checkpoint_e22 window_influence: 0.48060267397914308, penalty_k: 0.42454778476914773, scale_lr: 0.62697895842879858, EAO: 0.292
Trial 3477 finished with value: 0.2920166892416282 and parameters: {'window_influence': 0.4806026739791431, 'penalty_k': 0.42454778476914773, 'scale_lr': 0.6269789584287986}. Best is trial 1270 with value: 0.3623636909959845.
checkpoint_e22 window_influence: 0.22569272884811761, penalty_k: 0.31652688884630675, scale_lr: 0.56597943594490008, EAO: 0.266
Trial 3478 finished with value: 0.26562989245129004 and parameters: {'window_influence': 0.2256927288481176, 'penalty_k': 0.31652688884630675, 'scale_lr': 0.5659794359449001}. Best is trial 1270 with value: 0.3623636909959845.
checkpoint_e22 window_influence: 0.09878214167233457, penalty_k: 0.02386482195536766, scale_lr: 0.48446970606386514, EAO: 0.253
Trial 3479 finished with value: 0.2531987474470287 and parameters: {'window_influence': 0.09878214167233457, 'penalty_k': 0.02386482195536766, 'scale_lr': 0.48446970606386514}. Best is trial 1270 with value: 0.3623636909959845.
checkpoint_e22 window_influence: 0.46586328998157206, penalty_k: 0.09495366000403502, scale_lr: 0.65768642153533396, EAO: 0.322
Trial 3480 finished with value: 0.32237626606388314 and parameters: {'window_influence': 0.46586328998157206, 'penalty_k': 0.09495366000403502, 'scale_lr': 0.657686421535334}. Best is trial 1270 with value: 0.3623636909959845.
checkpoint_e22 window_influence: 0.50082655071174409, penalty_k: 0.06418414530597505, scale_lr: 0.73416105400412968, EAO: 0.303
Trial 3481 finished with value: 0.3027667994049273 and parameters: {'window_influence': 0.5008265507117441, 'penalty_k': 0.06418414530597505, 'scale_lr': 0.7341610540041297}. Best is trial 1270 with value: 0.3623636909959845.
checkpoint_e22 window_influence: 0.48650938291711948, penalty_k: 0.24349338418920669, scale_lr: 0.60889888619419630, EAO: 0.309
Trial 3482 finished with value: 0.30907158675360774 and parameters: {'window_influence': 0.4865093829171195, 'penalty_k': 0.24349338418920669, 'scale_lr': 0.6088988861941963}. Best is trial 1270 with value: 0.3623636909959845.
checkpoint_e22 window_influence: 0.44626276207311971, penalty_k: 0.30130275484587871, scale_lr: 0.35583899327959545, EAO: 0.311
Trial 3483 finished with value: 0.3114196545650987 and parameters: {'window_influence': 0.4462627620731197, 'penalty_k': 0.3013027548458787, 'scale_lr': 0.35583899327959545}. Best is trial 1270 with value: 0.3623636909959845.
checkpoint_e22 window_influence: 0.47237337504716537, penalty_k: 0.03336516887068081, scale_lr: 0.47678459124278377, EAO: 0.306
Trial 3484 finished with value: 0.3060855365101002 and parameters: {'window_influence': 0.47237337504716537, 'penalty_k': 0.033365168870680806, 'scale_lr': 0.4767845912427838}. Best is trial 1270 with value: 0.3623636909959845.
checkpoint_e22 window_influence: 0.19232388382512081, penalty_k: 0.40685489773867745, scale_lr: 0.71443647065544558, EAO: 0.254
Trial 3485 finished with value: 0.2543411474051642 and parameters: {'window_influence': 0.1923238838251208, 'penalty_k': 0.40685489773867745, 'scale_lr': 0.7144364706554456}. Best is trial 1270 with value: 0.3623636909959845.
checkpoint_e22 window_influence: 0.42585760206553758, penalty_k: 0.32982426591894670, scale_lr: 0.45916423273800072, EAO: 0.314
Trial 3486 finished with value: 0.31388320063570596 and parameters: {'window_influence': 0.4258576020655376, 'penalty_k': 0.3298242659189467, 'scale_lr': 0.4591642327380007}. Best is trial 1270 with value: 0.3623636909959845.
checkpoint_e22 window_influence: 0.46164454710713171, penalty_k: 0.40994402973370503, scale_lr: 0.44208789789010772, EAO: 0.305
Trial 3487 finished with value: 0.30525649452023934 and parameters: {'window_influence': 0.4616445471071317, 'penalty_k': 0.40994402973370503, 'scale_lr': 0.4420878978901077}. Best is trial 1270 with value: 0.3623636909959845.
checkpoint_e22 window_influence: 0.49421173648321443, penalty_k: 0.12338279601100616, scale_lr: 0.58756480458184357, EAO: 0.343
Trial 3488 finished with value: 0.3433616995115688 and parameters: {'window_influence': 0.4942117364832144, 'penalty_k': 0.12338279601100616, 'scale_lr': 0.5875648045818436}. Best is trial 1270 with value: 0.3623636909959845.
checkpoint_e22 window_influence: 0.47822174640676995, penalty_k: 0.01852667948632857, scale_lr: 0.76335573472153329, EAO: 0.314
Trial 3489 finished with value: 0.3143515378120808 and parameters: {'window_influence': 0.47822174640676995, 'penalty_k': 0.018526679486328572, 'scale_lr': 0.7633557347215333}. Best is trial 1270 with value: 0.3623636909959845.
checkpoint_e22 window_influence: 0.14731362048044561, penalty_k: 0.10842712067164781, scale_lr: 0.55729599409127428, EAO: 0.259
Trial 3490 finished with value: 0.2594680266621512 and parameters: {'window_influence': 0.1473136204804456, 'penalty_k': 0.10842712067164781, 'scale_lr': 0.5572959940912743}. Best is trial 1270 with value: 0.3623636909959845.
checkpoint_e22 window_influence: 0.30113049926148805, penalty_k: 0.19653229397089744, scale_lr: 0.53442298327476323, EAO: 0.299
Trial 3491 finished with value: 0.29866031026793827 and parameters: {'window_influence': 0.30113049926148805, 'penalty_k': 0.19653229397089744, 'scale_lr': 0.5344229832747632}. Best is trial 1270 with value: 0.3623636909959845.
checkpoint_e22 window_influence: 0.45622837727026860, penalty_k: 0.17002482949324876, scale_lr: 0.39507029948951461, EAO: 0.321
Trial 3492 finished with value: 0.32101396132072124 and parameters: {'window_influence': 0.4562283772702686, 'penalty_k': 0.17002482949324876, 'scale_lr': 0.3950702994895146}. Best is trial 1270 with value: 0.3623636909959845.
checkpoint_e22 window_influence: 0.44053808762031704, penalty_k: 0.04560092753455101, scale_lr: 0.36856262742250834, EAO: 0.314
Trial 3493 finished with value: 0.3137102189115049 and parameters: {'window_influence': 0.44053808762031704, 'penalty_k': 0.04560092753455101, 'scale_lr': 0.36856262742250834}. Best is trial 1270 with value: 0.3623636909959845.
checkpoint_e22 window_influence: 0.46829721498819799, penalty_k: 0.00934835765375468, scale_lr: 0.41036613777766551, EAO: 0.346
Trial 3494 finished with value: 0.3462990027225435 and parameters: {'window_influence': 0.468297214988198, 'penalty_k': 0.009348357653754677, 'scale_lr': 0.4103661377776655}. Best is trial 1270 with value: 0.3623636909959845.
checkpoint_e22 window_influence: 0.18090710711509730, penalty_k: 0.53517012373290729, scale_lr: 0.74705407190450546, EAO: 0.244
Trial 3495 finished with value: 0.24415236427394332 and parameters: {'window_influence': 0.1809071071150973, 'penalty_k': 0.5351701237329073, 'scale_lr': 0.7470540719045055}. Best is trial 1270 with value: 0.3623636909959845.
checkpoint_e22 window_influence: 0.24017559637935115, penalty_k: 0.08808400280884852, scale_lr: 0.78544916800305176, EAO: 0.269
Trial 3496 finished with value: 0.2692937352893881 and parameters: {'window_influence': 0.24017559637935115, 'penalty_k': 0.08808400280884852, 'scale_lr': 0.7854491680030518}. Best is trial 1270 with value: 0.3623636909959845.
checkpoint_e22 window_influence: 0.25975356453077170, penalty_k: 0.07627762722999847, scale_lr: 0.67129543446805473, EAO: 0.267
Trial 3497 finished with value: 0.26697270201106016 and parameters: {'window_influence': 0.2597535645307717, 'penalty_k': 0.07627762722999847, 'scale_lr': 0.6712954344680547}. Best is trial 1270 with value: 0.3623636909959845.
checkpoint_e22 window_influence: 0.08439666474193191, penalty_k: 0.13240177339918383, scale_lr: 0.69477163071275594, EAO: 0.243
Trial 3498 finished with value: 0.24346054678761078 and parameters: {'window_influence': 0.08439666474193191, 'penalty_k': 0.13240177339918383, 'scale_lr': 0.6947716307127559}. Best is trial 1270 with value: 0.3623636909959845.
checkpoint_e22 window_influence: 0.20397306565730502, penalty_k: 0.56993342786422418, scale_lr: 0.60115133508614815, EAO: 0.253
Trial 3499 finished with value: 0.2532359254963203 and parameters: {'window_influence': 0.20397306565730502, 'penalty_k': 0.5699334278642242, 'scale_lr': 0.6011513350861482}. Best is trial 1270 with value: 0.3623636909959845.
checkpoint_e22 window_influence: 0.54200526611752986, penalty_k: 0.02894380105201368, scale_lr: 0.57298962201321535, EAO: 0.312
Trial 3500 finished with value: 0.3116212530706643 and parameters: {'window_influence': 0.5420052661175299, 'penalty_k': 0.028943801052013683, 'scale_lr': 0.5729896220132153}. Best is trial 1270 with value: 0.3623636909959845.
checkpoint_e22 window_influence: 0.50652302683930417, penalty_k: 0.01999185477410340, scale_lr: 0.61697594076922802, EAO: 0.317
Trial 3501 finished with value: 0.3168468863815649 and parameters: {'window_influence': 0.5065230268393042, 'penalty_k': 0.019991854774103403, 'scale_lr': 0.616975940769228}. Best is trial 1270 with value: 0.3623636909959845.
checkpoint_e22 window_influence: 0.48537818270377042, penalty_k: 0.10509836567174588, scale_lr: 0.79922946905123493, EAO: 0.339
Trial 3502 finished with value: 0.33942883615363895 and parameters: {'window_influence': 0.4853781827037704, 'penalty_k': 0.10509836567174588, 'scale_lr': 0.7992294690512349}. Best is trial 1270 with value: 0.3623636909959845.
checkpoint_e22 window_influence: 0.47394547146196242, penalty_k: 0.00948556906203904, scale_lr: 0.63782694427711295, EAO: 0.331
Trial 3503 finished with value: 0.3310821978266601 and parameters: {'window_influence': 0.4739454714619624, 'penalty_k': 0.009485569062039038, 'scale_lr': 0.637826944277113}. Best is trial 1270 with value: 0.3623636909959845.
checkpoint_e22 window_influence: 0.45277042871197470, penalty_k: 0.15551967507303394, scale_lr: 0.16489914248128057, EAO: 0.314
Trial 3504 finished with value: 0.31353706614284665 and parameters: {'window_influence': 0.4527704287119747, 'penalty_k': 0.15551967507303394, 'scale_lr': 0.16489914248128057}. Best is trial 1270 with value: 0.3623636909959845.
checkpoint_e22 window_influence: 0.54363021815065626, penalty_k: 0.05539585504685424, scale_lr: 0.47075754200333558, EAO: 0.294
Trial 3505 finished with value: 0.2944422742851977 and parameters: {'window_influence': 0.5436302181506563, 'penalty_k': 0.05539585504685424, 'scale_lr': 0.4707575420033356}. Best is trial 1270 with value: 0.3623636909959845.
checkpoint_e22 window_influence: 0.14671255025592894, penalty_k: 0.12079761406154681, scale_lr: 0.19489716115013411, EAO: 0.267
Trial 3506 finished with value: 0.26692404351577687 and parameters: {'window_influence': 0.14671255025592894, 'penalty_k': 0.1207976140615468, 'scale_lr': 0.1948971611501341}. Best is trial 1270 with value: 0.3623636909959845.
checkpoint_e22 window_influence: 0.49627835969199857, penalty_k: 0.00047032059454266, scale_lr: 0.65020791107574649, EAO: 0.332
Trial 3507 finished with value: 0.33241505486028206 and parameters: {'window_influence': 0.49627835969199857, 'penalty_k': 0.0004703205945426558, 'scale_lr': 0.6502079110757465}. Best is trial 1270 with value: 0.3623636909959845.
checkpoint_e22 window_influence: 0.57535684492656092, penalty_k: 0.44335885986043377, scale_lr: 0.21965339193933275, EAO: 0.254
Trial 3508 finished with value: 0.253939454541596 and parameters: {'window_influence': 0.5753568449265609, 'penalty_k': 0.4433588598604338, 'scale_lr': 0.21965339193933275}. Best is trial 1270 with value: 0.3623636909959845.
checkpoint_e22 window_influence: 0.36345386271639130, penalty_k: 0.09813758419773116, scale_lr: 0.77936374420366694, EAO: 0.336
Trial 3509 finished with value: 0.3355416337803644 and parameters: {'window_influence': 0.3634538627163913, 'penalty_k': 0.09813758419773116, 'scale_lr': 0.7793637442036669}. Best is trial 1270 with value: 0.3623636909959845.
checkpoint_e22 window_influence: 0.46308537980687120, penalty_k: 0.03780211605486265, scale_lr: 0.42902307390540423, EAO: 0.307
Trial 3510 finished with value: 0.3071412202333198 and parameters: {'window_influence': 0.4630853798068712, 'penalty_k': 0.037802116054862646, 'scale_lr': 0.42902307390540423}. Best is trial 1270 with value: 0.3623636909959845.
checkpoint_e22 window_influence: 0.55747063232564087, penalty_k: 0.13900128465477044, scale_lr: 0.54819297061756844, EAO: 0.297
