Trial 806 finished with value: 0.34862515863741417 and parameters: {'window_influence': 0.5025103245013474, 'penalty_k': 0.01042439662346957, 'scale_lr': 0.379952598883471}. Best is trial 97 with value: 0.3587390516054769.
checkpoint_e22 window_influence: 0.19534766473871748, penalty_k: 0.02079018397594553, scale_lr: 0.38850876931892014, EAO: 0.288
Trial 807 finished with value: 0.2881609472783159 and parameters: {'window_influence': 0.19534766473871748, 'penalty_k': 0.02079018397594553, 'scale_lr': 0.38850876931892014}. Best is trial 97 with value: 0.3587390516054769.
checkpoint_e22 window_influence: 0.51350693291249661, penalty_k: 0.03171348339702772, scale_lr: 0.37676539762805389, EAO: 0.301
Trial 808 finished with value: 0.30069486118476213 and parameters: {'window_influence': 0.5135069329124966, 'penalty_k': 0.031713483397027724, 'scale_lr': 0.3767653976280539}. Best is trial 97 with value: 0.3587390516054769.
checkpoint_e22 window_influence: 0.50284427647782448, penalty_k: 0.00911465923312934, scale_lr: 0.39787380924177945, EAO: 0.352
Trial 809 finished with value: 0.3518595163228447 and parameters: {'window_influence': 0.5028442764778245, 'penalty_k': 0.009114659233129343, 'scale_lr': 0.39787380924177945}. Best is trial 97 with value: 0.3587390516054769.
checkpoint_e22 window_influence: 0.10573892118481645, penalty_k: 0.01199258530357321, scale_lr: 0.40911553590453698, EAO: 0.271
Trial 810 finished with value: 0.27050357894674815 and parameters: {'window_influence': 0.10573892118481645, 'penalty_k': 0.011992585303573207, 'scale_lr': 0.409115535904537}. Best is trial 97 with value: 0.3587390516054769.
checkpoint_e22 window_influence: 0.52959284103342674, penalty_k: 0.03124523599452386, scale_lr: 0.39816513490307925, EAO: 0.302
Trial 811 finished with value: 0.30163736612416425 and parameters: {'window_influence': 0.5295928410334267, 'penalty_k': 0.031245235994523862, 'scale_lr': 0.39816513490307925}. Best is trial 97 with value: 0.3587390516054769.
checkpoint_e22 window_influence: 0.50579572141563933, penalty_k: 0.00538380056196706, scale_lr: 0.38937886967822305, EAO: 0.312
Trial 812 finished with value: 0.3122506715096388 and parameters: {'window_influence': 0.5057957214156393, 'penalty_k': 0.005383800561967057, 'scale_lr': 0.38937886967822305}. Best is trial 97 with value: 0.3587390516054769.
checkpoint_e22 window_influence: 0.50657201010591157, penalty_k: 0.00217563552692540, scale_lr: 0.38001158253204714, EAO: 0.324
Trial 813 finished with value: 0.32380418276508494 and parameters: {'window_influence': 0.5065720101059116, 'penalty_k': 0.002175635526925398, 'scale_lr': 0.38001158253204714}. Best is trial 97 with value: 0.3587390516054769.
checkpoint_e22 window_influence: 0.51092502927321559, penalty_k: 0.01997763120736495, scale_lr: 0.42843715513898856, EAO: 0.332
Trial 814 finished with value: 0.3320907966636034 and parameters: {'window_influence': 0.5109250292732156, 'penalty_k': 0.01997763120736495, 'scale_lr': 0.42843715513898856}. Best is trial 97 with value: 0.3587390516054769.
checkpoint_e22 window_influence: 0.53279939925248132, penalty_k: 0.01258190511017741, scale_lr: 0.39127028494837984, EAO: 0.328
Trial 815 finished with value: 0.32835454119782503 and parameters: {'window_influence': 0.5327993992524813, 'penalty_k': 0.01258190511017741, 'scale_lr': 0.39127028494837984}. Best is trial 97 with value: 0.3587390516054769.
checkpoint_e22 window_influence: 0.15027801671128121, penalty_k: 0.26434154668062354, scale_lr: 0.40605317455229312, EAO: 0.263
Trial 816 finished with value: 0.263153899562498 and parameters: {'window_influence': 0.15027801671128121, 'penalty_k': 0.26434154668062354, 'scale_lr': 0.4060531745522931}. Best is trial 97 with value: 0.3587390516054769.
checkpoint_e22 window_influence: 0.52404123282067794, penalty_k: 0.02834599259735091, scale_lr: 0.36578844438474711, EAO: 0.324
Trial 817 finished with value: 0.3237018580566584 and parameters: {'window_influence': 0.5240412328206779, 'penalty_k': 0.028345992597350905, 'scale_lr': 0.3657884443847471}. Best is trial 97 with value: 0.3587390516054769.
checkpoint_e22 window_influence: 0.10202888483517317, penalty_k: 0.04309860007673193, scale_lr: 0.37692753584801170, EAO: 0.269
Trial 818 finished with value: 0.2686422250961979 and parameters: {'window_influence': 0.10202888483517317, 'penalty_k': 0.04309860007673193, 'scale_lr': 0.3769275358480117}. Best is trial 97 with value: 0.3587390516054769.
checkpoint_e22 window_influence: 0.05777668502562128, penalty_k: 0.02989368149889061, scale_lr: 0.40047251697869940, EAO: 0.256
Trial 819 finished with value: 0.2563088757170777 and parameters: {'window_influence': 0.05777668502562128, 'penalty_k': 0.029893681498890608, 'scale_lr': 0.4004725169786994}. Best is trial 97 with value: 0.3587390516054769.
checkpoint_e22 window_influence: 0.50105535173690252, penalty_k: 0.00335720369463790, scale_lr: 0.37023008497188808, EAO: 0.337
Trial 820 finished with value: 0.3370258351244351 and parameters: {'window_influence': 0.5010553517369025, 'penalty_k': 0.003357203694637904, 'scale_lr': 0.3702300849718881}. Best is trial 97 with value: 0.3587390516054769.
checkpoint_e22 window_influence: 0.51968057293109549, penalty_k: 0.14331474697386001, scale_lr: 0.35753546031980699, EAO: 0.296
Trial 821 finished with value: 0.29633278831665616 and parameters: {'window_influence': 0.5196805729310955, 'penalty_k': 0.14331474697386, 'scale_lr': 0.357535460319807}. Best is trial 97 with value: 0.3587390516054769.
checkpoint_e22 window_influence: 0.49613288974857245, penalty_k: 0.00045051134925335, scale_lr: 0.42025646490632923, EAO: 0.334
Trial 822 finished with value: 0.33356887102127075 and parameters: {'window_influence': 0.49613288974857245, 'penalty_k': 0.0004505113492533526, 'scale_lr': 0.42025646490632923}. Best is trial 97 with value: 0.3587390516054769.
checkpoint_e22 window_influence: 0.54456069815364283, penalty_k: 0.00487788094039637, scale_lr: 0.38069957325514497, EAO: 0.328
Trial 823 finished with value: 0.3284585260231671 and parameters: {'window_influence': 0.5445606981536428, 'penalty_k': 0.004877880940396369, 'scale_lr': 0.380699573255145}. Best is trial 97 with value: 0.3587390516054769.
checkpoint_e22 window_influence: 0.16837727933988625, penalty_k: 0.52306286390545587, scale_lr: 0.35034464537373539, EAO: 0.243
Trial 824 finished with value: 0.24323344868444746 and parameters: {'window_influence': 0.16837727933988625, 'penalty_k': 0.5230628639054559, 'scale_lr': 0.3503446453737354}. Best is trial 97 with value: 0.3587390516054769.
checkpoint_e22 window_influence: 0.49606934013840570, penalty_k: 0.04282961315396643, scale_lr: 0.36806118709608643, EAO: 0.316
Trial 825 finished with value: 0.3156456250972785 and parameters: {'window_influence': 0.4960693401384057, 'penalty_k': 0.04282961315396643, 'scale_lr': 0.36806118709608643}. Best is trial 97 with value: 0.3587390516054769.
checkpoint_e22 window_influence: 0.51469396308544235, penalty_k: 0.02000436645664293, scale_lr: 0.39764219443572085, EAO: 0.309
Trial 826 finished with value: 0.3088070934616638 and parameters: {'window_influence': 0.5146939630854424, 'penalty_k': 0.020004366456642927, 'scale_lr': 0.39764219443572085}. Best is trial 97 with value: 0.3587390516054769.
checkpoint_e22 window_influence: 0.62128441123460254, penalty_k: 0.03696309349594580, scale_lr: 0.38604100112445167, EAO: 0.241
Trial 827 finished with value: 0.24130231513123568 and parameters: {'window_influence': 0.6212844112346025, 'penalty_k': 0.0369630934959458, 'scale_lr': 0.38604100112445167}. Best is trial 97 with value: 0.3587390516054769.
checkpoint_e22 window_influence: 0.55971846065746944, penalty_k: 0.01868641035006938, scale_lr: 0.35435333292745663, EAO: 0.307
Trial 828 finished with value: 0.3074922034596655 and parameters: {'window_influence': 0.5597184606574694, 'penalty_k': 0.018686410350069377, 'scale_lr': 0.35435333292745663}. Best is trial 97 with value: 0.3587390516054769.
checkpoint_e22 window_influence: 0.48693634087419069, penalty_k: 0.00929695396732823, scale_lr: 0.62940878039562920, EAO: 0.330
Trial 829 finished with value: 0.3296733236498406 and parameters: {'window_influence': 0.4869363408741907, 'penalty_k': 0.009296953967328226, 'scale_lr': 0.6294087803956292}. Best is trial 97 with value: 0.3587390516054769.
checkpoint_e22 window_influence: 0.49952461980653207, penalty_k: 0.01846094468558633, scale_lr: 0.31887776474386265, EAO: 0.351
Trial 830 finished with value: 0.3508435539930247 and parameters: {'window_influence': 0.49952461980653207, 'penalty_k': 0.01846094468558633, 'scale_lr': 0.31887776474386265}. Best is trial 97 with value: 0.3587390516054769.
checkpoint_e22 window_influence: 0.51783280382036101, penalty_k: 0.01744017745201236, scale_lr: 0.69866136555214731, EAO: 0.330
Trial 831 finished with value: 0.329988116536159 and parameters: {'window_influence': 0.517832803820361, 'penalty_k': 0.017440177452012363, 'scale_lr': 0.6986613655521473}. Best is trial 97 with value: 0.3587390516054769.
checkpoint_e22 window_influence: 0.50200234747945571, penalty_k: 0.01910511737201392, scale_lr: 0.31527896137517952, EAO: 0.333
Trial 832 finished with value: 0.3325145148349643 and parameters: {'window_influence': 0.5020023474794557, 'penalty_k': 0.01910511737201392, 'scale_lr': 0.3152789613751795}. Best is trial 97 with value: 0.3587390516054769.
checkpoint_e22 window_influence: 0.49512528154244989, penalty_k: 0.01031822266631570, scale_lr: 0.30932447976539501, EAO: 0.335
Trial 833 finished with value: 0.33466718516924965 and parameters: {'window_influence': 0.4951252815424499, 'penalty_k': 0.010318222666315704, 'scale_lr': 0.309324479765395}. Best is trial 97 with value: 0.3587390516054769.
checkpoint_e22 window_influence: 0.21881455751386955, penalty_k: 0.00093831716170318, scale_lr: 0.32454566242079314, EAO: 0.297
Trial 834 finished with value: 0.29723456438181467 and parameters: {'window_influence': 0.21881455751386955, 'penalty_k': 0.0009383171617031848, 'scale_lr': 0.32454566242079314}. Best is trial 97 with value: 0.3587390516054769.
checkpoint_e22 window_influence: 0.50857029541257615, penalty_k: 0.02012054865662101, scale_lr: 0.43406771320599780, EAO: 0.315
Trial 835 finished with value: 0.31484935070290176 and parameters: {'window_influence': 0.5085702954125761, 'penalty_k': 0.020120548656621006, 'scale_lr': 0.4340677132059978}. Best is trial 97 with value: 0.3587390516054769.
checkpoint_e22 window_influence: 0.38598866740932786, penalty_k: 0.01409677364465044, scale_lr: 0.41648068370085045, EAO: 0.316
Trial 836 finished with value: 0.31604743995323253 and parameters: {'window_influence': 0.38598866740932786, 'penalty_k': 0.014096773644650442, 'scale_lr': 0.41648068370085045}. Best is trial 97 with value: 0.3587390516054769.
checkpoint_e22 window_influence: 0.32422967097568733, penalty_k: 0.03099624375740113, scale_lr: 0.30276331228067394, EAO: 0.306
Trial 837 finished with value: 0.3056487606889079 and parameters: {'window_influence': 0.32422967097568733, 'penalty_k': 0.03099624375740113, 'scale_lr': 0.30276331228067394}. Best is trial 97 with value: 0.3587390516054769.
checkpoint_e22 window_influence: 0.25056629093753219, penalty_k: 0.02817323145999984, scale_lr: 0.31508355048532027, EAO: 0.288
Trial 838 finished with value: 0.2884077273222259 and parameters: {'window_influence': 0.2505662909375322, 'penalty_k': 0.028173231459999837, 'scale_lr': 0.3150835504853203}. Best is trial 97 with value: 0.3587390516054769.
checkpoint_e22 window_influence: 0.41092275640604176, penalty_k: 0.04555035967321610, scale_lr: 0.33455941689373231, EAO: 0.331
Trial 839 finished with value: 0.33112962874457064 and parameters: {'window_influence': 0.41092275640604176, 'penalty_k': 0.0455503596732161, 'scale_lr': 0.3345594168937323}. Best is trial 97 with value: 0.3587390516054769.
checkpoint_e22 window_influence: 0.53651400043171205, penalty_k: 0.00152481196148028, scale_lr: 0.58789793270946045, EAO: 0.322
Trial 840 finished with value: 0.3218359156921216 and parameters: {'window_influence': 0.536514000431712, 'penalty_k': 0.0015248119614802835, 'scale_lr': 0.5878979327094604}. Best is trial 97 with value: 0.3587390516054769.
checkpoint_e22 window_influence: 0.05074282577479405, penalty_k: 0.24679708198264264, scale_lr: 0.69349640232651966, EAO: 0.228
Trial 841 finished with value: 0.22785056507077198 and parameters: {'window_influence': 0.050742825774794054, 'penalty_k': 0.24679708198264264, 'scale_lr': 0.6934964023265197}. Best is trial 97 with value: 0.3587390516054769.
checkpoint_e22 window_influence: 0.37278506473040141, penalty_k: 0.16729469903819419, scale_lr: 0.57259357594178517, EAO: 0.318
Trial 842 finished with value: 0.31795282876445163 and parameters: {'window_influence': 0.3727850647304014, 'penalty_k': 0.1672946990381942, 'scale_lr': 0.5725935759417852}. Best is trial 97 with value: 0.3587390516054769.
checkpoint_e22 window_influence: 0.49117299570882550, penalty_k: 0.54016313229639734, scale_lr: 0.68073007622572446, EAO: 0.285
Trial 843 finished with value: 0.28525706945922125 and parameters: {'window_influence': 0.4911729957088255, 'penalty_k': 0.5401631322963973, 'scale_lr': 0.6807300762257245}. Best is trial 97 with value: 0.3587390516054769.
checkpoint_e22 window_influence: 0.52038324741613629, penalty_k: 0.12480844439085327, scale_lr: 0.29938744790290384, EAO: 0.312
Trial 844 finished with value: 0.31248732728716927 and parameters: {'window_influence': 0.5203832474161363, 'penalty_k': 0.12480844439085327, 'scale_lr': 0.29938744790290384}. Best is trial 97 with value: 0.3587390516054769.
checkpoint_e22 window_influence: 0.48423754703438182, penalty_k: 0.19462120635704877, scale_lr: 0.52796407495227138, EAO: 0.285
Trial 845 finished with value: 0.2854178723542143 and parameters: {'window_influence': 0.4842375470343818, 'penalty_k': 0.19462120635704877, 'scale_lr': 0.5279640749522714}. Best is trial 97 with value: 0.3587390516054769.
checkpoint_e22 window_influence: 0.49534206313632895, penalty_k: 0.15206530161022225, scale_lr: 0.40466114337899528, EAO: 0.301
Trial 846 finished with value: 0.3005468471968684 and parameters: {'window_influence': 0.49534206313632895, 'penalty_k': 0.15206530161022225, 'scale_lr': 0.4046611433789953}. Best is trial 97 with value: 0.3587390516054769.
checkpoint_e22 window_influence: 0.47607125552515012, penalty_k: 0.53055710016220692, scale_lr: 0.36658861571997775, EAO: 0.288
Trial 847 finished with value: 0.28819145818860614 and parameters: {'window_influence': 0.4760712555251501, 'penalty_k': 0.5305571001622069, 'scale_lr': 0.36658861571997775}. Best is trial 97 with value: 0.3587390516054769.
checkpoint_e22 window_influence: 0.29826022349648817, penalty_k: 0.01226802972897531, scale_lr: 0.34665616747510974, EAO: 0.287
Trial 848 finished with value: 0.2873951984634659 and parameters: {'window_influence': 0.2982602234964882, 'penalty_k': 0.01226802972897531, 'scale_lr': 0.34665616747510974}. Best is trial 97 with value: 0.3587390516054769.
checkpoint_e22 window_influence: 0.50597833294218830, penalty_k: 0.13114159947394499, scale_lr: 0.32495233563797427, EAO: 0.326
Trial 849 finished with value: 0.32592329324915253 and parameters: {'window_influence': 0.5059783329421883, 'penalty_k': 0.131141599473945, 'scale_lr': 0.32495233563797427}. Best is trial 97 with value: 0.3587390516054769.
checkpoint_e22 window_influence: 0.20949368177172822, penalty_k: 0.11052989995012467, scale_lr: 0.38521897174355979, EAO: 0.267
Trial 850 finished with value: 0.26661845351703434 and parameters: {'window_influence': 0.20949368177172822, 'penalty_k': 0.11052989995012467, 'scale_lr': 0.3852189717435598}. Best is trial 97 with value: 0.3587390516054769.
checkpoint_e22 window_influence: 0.33235430723764597, penalty_k: 0.48940408755426135, scale_lr: 0.33903007474054547, EAO: 0.289
Trial 851 finished with value: 0.2886648565994626 and parameters: {'window_influence': 0.332354307237646, 'penalty_k': 0.48940408755426135, 'scale_lr': 0.3390300747405455}. Best is trial 97 with value: 0.3587390516054769.
checkpoint_e22 window_influence: 0.34900864081880811, penalty_k: 0.18809616733585771, scale_lr: 0.31235255769441256, EAO: 0.318
Trial 852 finished with value: 0.3182956296878102 and parameters: {'window_influence': 0.3490086408188081, 'penalty_k': 0.1880961673358577, 'scale_lr': 0.31235255769441256}. Best is trial 97 with value: 0.3587390516054769.
checkpoint_e22 window_influence: 0.55056689183815433, penalty_k: 0.03533806338020019, scale_lr: 0.72212329499460637, EAO: 0.288
Trial 853 finished with value: 0.2878308842386253 and parameters: {'window_influence': 0.5505668918381543, 'penalty_k': 0.035338063380200194, 'scale_lr': 0.7221232949946064}. Best is trial 97 with value: 0.3587390516054769.
checkpoint_e22 window_influence: 0.17517669654769932, penalty_k: 0.11959402160046194, scale_lr: 0.36745105036276843, EAO: 0.259
Trial 854 finished with value: 0.25944606669913933 and parameters: {'window_influence': 0.17517669654769932, 'penalty_k': 0.11959402160046194, 'scale_lr': 0.3674510503627684}. Best is trial 97 with value: 0.3587390516054769.
checkpoint_e22 window_influence: 0.09104832734844259, penalty_k: 0.05375257495488286, scale_lr: 0.69126534932081118, EAO: 0.261
Trial 855 finished with value: 0.26116838222115885 and parameters: {'window_influence': 0.09104832734844259, 'penalty_k': 0.053752574954882865, 'scale_lr': 0.6912653493208112}. Best is trial 97 with value: 0.3587390516054769.
checkpoint_e22 window_influence: 0.48033674123541292, penalty_k: 0.00029115504692078, scale_lr: 0.29270062599483737, EAO: 0.347
Trial 856 finished with value: 0.34728576202336914 and parameters: {'window_influence': 0.4803367412354129, 'penalty_k': 0.0002911550469207793, 'scale_lr': 0.29270062599483737}. Best is trial 97 with value: 0.3587390516054769.
checkpoint_e22 window_influence: 0.48946563422922607, penalty_k: 0.01140344712277971, scale_lr: 0.28824924905708255, EAO: 0.320
Trial 857 finished with value: 0.3195161637397128 and parameters: {'window_influence': 0.48946563422922607, 'penalty_k': 0.011403447122779714, 'scale_lr': 0.28824924905708255}. Best is trial 97 with value: 0.3587390516054769.
checkpoint_e22 window_influence: 0.47928091577446041, penalty_k: 0.02747461795088625, scale_lr: 0.29859804311253341, EAO: 0.325
Trial 858 finished with value: 0.32549804193964266 and parameters: {'window_influence': 0.4792809157744604, 'penalty_k': 0.027474617950886248, 'scale_lr': 0.2985980431125334}. Best is trial 97 with value: 0.3587390516054769.
checkpoint_e22 window_influence: 0.12221194247227632, penalty_k: 0.27574182515324197, scale_lr: 0.29854417423429830, EAO: 0.249
Trial 859 finished with value: 0.24852879768679578 and parameters: {'window_influence': 0.12221194247227632, 'penalty_k': 0.27574182515324197, 'scale_lr': 0.2985441742342983}. Best is trial 97 with value: 0.3587390516054769.
checkpoint_e22 window_influence: 0.26673965238270841, penalty_k: 0.01508452606833700, scale_lr: 0.28621312151870865, EAO: 0.286
Trial 860 finished with value: 0.28623109992144175 and parameters: {'window_influence': 0.2667396523827084, 'penalty_k': 0.015084526068336998, 'scale_lr': 0.28621312151870865}. Best is trial 97 with value: 0.3587390516054769.
checkpoint_e22 window_influence: 0.50108403361254317, penalty_k: 0.55995031942845697, scale_lr: 0.30955361392816849, EAO: 0.281
Trial 861 finished with value: 0.28102273351951335 and parameters: {'window_influence': 0.5010840336125432, 'penalty_k': 0.559950319428457, 'scale_lr': 0.3095536139281685}. Best is trial 97 with value: 0.3587390516054769.
checkpoint_e22 window_influence: 0.52769929601800414, penalty_k: 0.34709422800340040, scale_lr: 0.31933061191937684, EAO: 0.288
Trial 862 finished with value: 0.28800597224486013 and parameters: {'window_influence': 0.5276992960180041, 'penalty_k': 0.3470942280034004, 'scale_lr': 0.31933061191937684}. Best is trial 97 with value: 0.3587390516054769.
checkpoint_e22 window_influence: 0.51389597770461348, penalty_k: 0.00926249060836168, scale_lr: 0.79147798440700934, EAO: 0.304
Trial 863 finished with value: 0.3038026537412799 and parameters: {'window_influence': 0.5138959777046135, 'penalty_k': 0.009262490608361684, 'scale_lr': 0.7914779844070093}. Best is trial 97 with value: 0.3587390516054769.
checkpoint_e22 window_influence: 0.48868710529113024, penalty_k: 0.02211745887119914, scale_lr: 0.76237688353095168, EAO: 0.319
Trial 864 finished with value: 0.31913746168641266 and parameters: {'window_influence': 0.48868710529113024, 'penalty_k': 0.02211745887119914, 'scale_lr': 0.7623768835309517}. Best is trial 97 with value: 0.3587390516054769.
checkpoint_e22 window_influence: 0.47898016093169560, penalty_k: 0.02466671556809332, scale_lr: 0.29542963287709972, EAO: 0.342
Trial 865 finished with value: 0.34247491320283496 and parameters: {'window_influence': 0.4789801609316956, 'penalty_k': 0.02466671556809332, 'scale_lr': 0.2954296328770997}. Best is trial 97 with value: 0.3587390516054769.
checkpoint_e22 window_influence: 0.56280127433483640, penalty_k: 0.00537475891466072, scale_lr: 0.32396281205490507, EAO: 0.294
Trial 866 finished with value: 0.2939459850236136 and parameters: {'window_influence': 0.5628012743348364, 'penalty_k': 0.0053747589146607155, 'scale_lr': 0.32396281205490507}. Best is trial 97 with value: 0.3587390516054769.
checkpoint_e22 window_influence: 0.50080799473796911, penalty_k: 0.00356745857773192, scale_lr: 0.44723979051574037, EAO: 0.338
Trial 867 finished with value: 0.3377399625481335 and parameters: {'window_influence': 0.5008079947379691, 'penalty_k': 0.003567458577731915, 'scale_lr': 0.44723979051574037}. Best is trial 97 with value: 0.3587390516054769.
checkpoint_e22 window_influence: 0.63071372452937979, penalty_k: 0.03877651882036035, scale_lr: 0.41642706803860624, EAO: 0.254
