Trial 1975 finished with value: 0.32898239484093067 and parameters: {'window_influence': 0.5058305949002956, 'penalty_k': 0.010606011669111006, 'scale_lr': 0.6289748045462348}. Best is trial 1270 with value: 0.3623636909959845.
checkpoint_e22 window_influence: 0.45698264901120117, penalty_k: 0.08979987651677923, scale_lr: 0.38771902388314566, EAO: 0.319
Trial 1976 finished with value: 0.3194127645821887 and parameters: {'window_influence': 0.45698264901120117, 'penalty_k': 0.08979987651677923, 'scale_lr': 0.38771902388314566}. Best is trial 1270 with value: 0.3623636909959845.
checkpoint_e22 window_influence: 0.47339449494052371, penalty_k: 0.45246603991812551, scale_lr: 0.43090914898827554, EAO: 0.299
Trial 1977 finished with value: 0.2991166967710168 and parameters: {'window_influence': 0.4733944949405237, 'penalty_k': 0.4524660399181255, 'scale_lr': 0.43090914898827554}. Best is trial 1270 with value: 0.3623636909959845.
checkpoint_e22 window_influence: 0.48908800691284676, penalty_k: 0.05487156796419007, scale_lr: 0.28474932979382017, EAO: 0.340
Trial 1978 finished with value: 0.3404605149758929 and parameters: {'window_influence': 0.48908800691284676, 'penalty_k': 0.05487156796419007, 'scale_lr': 0.28474932979382017}. Best is trial 1270 with value: 0.3623636909959845.
checkpoint_e22 window_influence: 0.48016420300933560, penalty_k: 0.10875411640445980, scale_lr: 0.36264486949054925, EAO: 0.333
Trial 1979 finished with value: 0.33277057673680643 and parameters: {'window_influence': 0.4801642030093356, 'penalty_k': 0.1087541164044598, 'scale_lr': 0.36264486949054925}. Best is trial 1270 with value: 0.3623636909959845.
checkpoint_e22 window_influence: 0.59674628065196078, penalty_k: 0.16608363807102727, scale_lr: 0.32898294194502459, EAO: 0.260
Trial 1980 finished with value: 0.26006209177729683 and parameters: {'window_influence': 0.5967462806519608, 'penalty_k': 0.16608363807102727, 'scale_lr': 0.3289829419450246}. Best is trial 1270 with value: 0.3623636909959845.
checkpoint_e22 window_influence: 0.52361315740121783, penalty_k: 0.53479042491455664, scale_lr: 0.40755442090713290, EAO: 0.284
Trial 1981 finished with value: 0.2838409934990137 and parameters: {'window_influence': 0.5236131574012178, 'penalty_k': 0.5347904249145566, 'scale_lr': 0.4075544209071329}. Best is trial 1270 with value: 0.3623636909959845.
checkpoint_e22 window_influence: 0.49975666556636350, penalty_k: 0.25691367143102378, scale_lr: 0.25110642791907456, EAO: 0.302
Trial 1982 finished with value: 0.30167762424927275 and parameters: {'window_influence': 0.4997566655663635, 'penalty_k': 0.2569136714310238, 'scale_lr': 0.25110642791907456}. Best is trial 1270 with value: 0.3623636909959845.
checkpoint_e22 window_influence: 0.36129565150173759, penalty_k: 0.07311316658230103, scale_lr: 0.71132160943856604, EAO: 0.324
Trial 1983 finished with value: 0.3242713071492859 and parameters: {'window_influence': 0.3612956515017376, 'penalty_k': 0.07311316658230103, 'scale_lr': 0.711321609438566}. Best is trial 1270 with value: 0.3623636909959845.
checkpoint_e22 window_influence: 0.46690890126152490, penalty_k: 0.37198436183238831, scale_lr: 0.65282719492364560, EAO: 0.304
Trial 1984 finished with value: 0.3038672971238422 and parameters: {'window_influence': 0.4669089012615249, 'penalty_k': 0.3719843618323883, 'scale_lr': 0.6528271949236456}. Best is trial 1270 with value: 0.3623636909959845.
checkpoint_e22 window_influence: 0.30088789493956281, penalty_k: 0.20379993189906820, scale_lr: 0.78540880799979940, EAO: 0.287
Trial 1985 finished with value: 0.28708189406979406 and parameters: {'window_influence': 0.3008878949395628, 'penalty_k': 0.2037999318990682, 'scale_lr': 0.7854088079997994}. Best is trial 1270 with value: 0.3623636909959845.
checkpoint_e22 window_influence: 0.44956671449725732, penalty_k: 0.14461735071863427, scale_lr: 0.29969587815332521, EAO: 0.331
Trial 1986 finished with value: 0.331040956630781 and parameters: {'window_influence': 0.4495667144972573, 'penalty_k': 0.14461735071863427, 'scale_lr': 0.2996958781533252}. Best is trial 1270 with value: 0.3623636909959845.
checkpoint_e22 window_influence: 0.51317204355866419, penalty_k: 0.12267312180013704, scale_lr: 0.35591046752611294, EAO: 0.314
Trial 1987 finished with value: 0.31417713317193874 and parameters: {'window_influence': 0.5131720435586642, 'penalty_k': 0.12267312180013704, 'scale_lr': 0.35591046752611294}. Best is trial 1270 with value: 0.3623636909959845.
checkpoint_e22 window_influence: 0.58916188333741093, penalty_k: 0.02128072933228654, scale_lr: 0.56200535103540949, EAO: 0.284
Trial 1988 finished with value: 0.2843039476454026 and parameters: {'window_influence': 0.5891618833374109, 'penalty_k': 0.021280729332286544, 'scale_lr': 0.5620053510354095}. Best is trial 1270 with value: 0.3623636909959845.
checkpoint_e22 window_influence: 0.26815177185359979, penalty_k: 0.10214533023447506, scale_lr: 0.27685040105708220, EAO: 0.294
Trial 1989 finished with value: 0.2942977584173707 and parameters: {'window_influence': 0.2681517718535998, 'penalty_k': 0.10214533023447506, 'scale_lr': 0.2768504010570822}. Best is trial 1270 with value: 0.3623636909959845.
checkpoint_e22 window_influence: 0.11879659386119518, penalty_k: 0.03343613224945288, scale_lr: 0.53639095858182750, EAO: 0.261
Trial 1990 finished with value: 0.26076431891333735 and parameters: {'window_influence': 0.11879659386119518, 'penalty_k': 0.03343613224945288, 'scale_lr': 0.5363909585818275}. Best is trial 1270 with value: 0.3623636909959845.
checkpoint_e22 window_influence: 0.49200566081952879, penalty_k: 0.17307091417662024, scale_lr: 0.57502515132954335, EAO: 0.325
Trial 1991 finished with value: 0.32484047398956833 and parameters: {'window_influence': 0.4920056608195288, 'penalty_k': 0.17307091417662024, 'scale_lr': 0.5750251513295433}. Best is trial 1270 with value: 0.3623636909959845.
checkpoint_e22 window_influence: 0.43674417144451627, penalty_k: 0.09328437676223150, scale_lr: 0.61099806767817622, EAO: 0.330
Trial 1992 finished with value: 0.32971697721036025 and parameters: {'window_influence': 0.43674417144451627, 'penalty_k': 0.0932843767622315, 'scale_lr': 0.6109980676781762}. Best is trial 1270 with value: 0.3623636909959845.
checkpoint_e22 window_influence: 0.18939163905003750, penalty_k: 0.00928848977619699, scale_lr: 0.51764808775517368, EAO: 0.271
Trial 1993 finished with value: 0.27083547326377394 and parameters: {'window_influence': 0.1893916390500375, 'penalty_k': 0.009288489776196987, 'scale_lr': 0.5176480877551737}. Best is trial 1270 with value: 0.3623636909959845.
checkpoint_e22 window_influence: 0.47455010891932980, penalty_k: 0.11807810798891805, scale_lr: 0.37726760089477274, EAO: 0.322
Trial 1994 finished with value: 0.3221266707441686 and parameters: {'window_influence': 0.4745501089193298, 'penalty_k': 0.11807810798891805, 'scale_lr': 0.37726760089477274}. Best is trial 1270 with value: 0.3623636909959845.
checkpoint_e22 window_influence: 0.46052219951552437, penalty_k: 0.24592951602185323, scale_lr: 0.31913295284244647, EAO: 0.315
Trial 1995 finished with value: 0.31529123663670355 and parameters: {'window_influence': 0.46052219951552437, 'penalty_k': 0.24592951602185323, 'scale_lr': 0.31913295284244647}. Best is trial 1270 with value: 0.3623636909959845.
checkpoint_e22 window_influence: 0.48373829438025795, penalty_k: 0.13399874578844365, scale_lr: 0.15772444490693421, EAO: 0.333
Trial 1996 finished with value: 0.3328271698395102 and parameters: {'window_influence': 0.48373829438025795, 'penalty_k': 0.13399874578844365, 'scale_lr': 0.1577244449069342}. Best is trial 1270 with value: 0.3623636909959845.
checkpoint_e22 window_influence: 0.37384859625115824, penalty_k: 0.08113978794385901, scale_lr: 0.34028361610402008, EAO: 0.315
Trial 1997 finished with value: 0.3150848036030387 and parameters: {'window_influence': 0.37384859625115824, 'penalty_k': 0.08113978794385901, 'scale_lr': 0.3402836161040201}. Best is trial 1270 with value: 0.3623636909959845.
checkpoint_e22 window_influence: 0.60899057696718983, penalty_k: 0.04824769049168241, scale_lr: 0.46849171388378613, EAO: 0.253
Trial 1998 finished with value: 0.25296785627357693 and parameters: {'window_influence': 0.6089905769671898, 'penalty_k': 0.048247690491682406, 'scale_lr': 0.46849171388378613}. Best is trial 1270 with value: 0.3623636909959845.
checkpoint_e22 window_influence: 0.49911430761335368, penalty_k: 0.00027307879186488, scale_lr: 0.74076561185504342, EAO: 0.310
Trial 1999 finished with value: 0.3102304176481781 and parameters: {'window_influence': 0.4991143076133537, 'penalty_k': 0.00027307879186487527, 'scale_lr': 0.7407656118550434}. Best is trial 1270 with value: 0.3623636909959845.
checkpoint_e22 window_influence: 0.53295486166493955, penalty_k: 0.40819851131746954, scale_lr: 0.18214999338566534, EAO: 0.285
Trial 2000 finished with value: 0.2849413203474149 and parameters: {'window_influence': 0.5329548616649395, 'penalty_k': 0.40819851131746954, 'scale_lr': 0.18214999338566534}. Best is trial 1270 with value: 0.3623636909959845.
checkpoint_e22 window_influence: 0.24282911542335328, penalty_k: 0.02267587531068263, scale_lr: 0.72454181579074572, EAO: 0.276
Trial 2001 finished with value: 0.2764131409416867 and parameters: {'window_influence': 0.24282911542335328, 'penalty_k': 0.022675875310682634, 'scale_lr': 0.7245418157907457}. Best is trial 1270 with value: 0.3623636909959845.
checkpoint_e22 window_influence: 0.05068742870682408, penalty_k: 0.33515911860213310, scale_lr: 0.69971428415252357, EAO: 0.223
Trial 2002 finished with value: 0.2229921300587487 and parameters: {'window_influence': 0.05068742870682408, 'penalty_k': 0.3351591186021331, 'scale_lr': 0.6997142841525236}. Best is trial 1270 with value: 0.3623636909959845.
checkpoint_e22 window_influence: 0.45200950200055573, penalty_k: 0.06680241663527781, scale_lr: 0.48969699701880987, EAO: 0.329
Trial 2003 finished with value: 0.32933563550622547 and parameters: {'window_influence': 0.45200950200055573, 'penalty_k': 0.0668024166352778, 'scale_lr': 0.48969699701880987}. Best is trial 1270 with value: 0.3623636909959845.
checkpoint_e22 window_influence: 0.47007561648684332, penalty_k: 0.39177324460179563, scale_lr: 0.42499913427596081, EAO: 0.287
Trial 2004 finished with value: 0.2865750285206138 and parameters: {'window_influence': 0.4700756164868433, 'penalty_k': 0.39177324460179563, 'scale_lr': 0.4249991342759608}. Best is trial 1270 with value: 0.3623636909959845.
checkpoint_e22 window_influence: 0.42028271736438294, penalty_k: 0.15949567185906743, scale_lr: 0.26190593337329066, EAO: 0.318
Trial 2005 finished with value: 0.3180004947960145 and parameters: {'window_influence': 0.42028271736438294, 'penalty_k': 0.15949567185906743, 'scale_lr': 0.26190593337329066}. Best is trial 1270 with value: 0.3623636909959845.
checkpoint_e22 window_influence: 0.48694086523802477, penalty_k: 0.44412487525903371, scale_lr: 0.21557970072633320, EAO: 0.293
Trial 2006 finished with value: 0.2932993128373929 and parameters: {'window_influence': 0.48694086523802477, 'penalty_k': 0.4441248752590337, 'scale_lr': 0.2155797007263332}. Best is trial 1270 with value: 0.3623636909959845.
checkpoint_e22 window_influence: 0.51810829196771602, penalty_k: 0.10706289943440467, scale_lr: 0.59009388421423403, EAO: 0.314
Trial 2007 finished with value: 0.31416055525323294 and parameters: {'window_influence': 0.518108291967716, 'penalty_k': 0.10706289943440467, 'scale_lr': 0.590093884214234}. Best is trial 1270 with value: 0.3623636909959845.
checkpoint_e22 window_influence: 0.50581289548843744, penalty_k: 0.03975880944189232, scale_lr: 0.30619743629499441, EAO: 0.323
Trial 2008 finished with value: 0.3231963558767556 and parameters: {'window_influence': 0.5058128954884374, 'penalty_k': 0.03975880944189232, 'scale_lr': 0.3061974362949944}. Best is trial 1270 with value: 0.3623636909959845.
checkpoint_e22 window_influence: 0.05028720919704660, penalty_k: 0.09392688432492478, scale_lr: 0.35070582818083468, EAO: 0.240
Trial 2009 finished with value: 0.23962543382950793 and parameters: {'window_influence': 0.0502872091970466, 'penalty_k': 0.09392688432492478, 'scale_lr': 0.3507058281808347}. Best is trial 1270 with value: 0.3623636909959845.
checkpoint_e22 window_influence: 0.15395347420890021, penalty_k: 0.59911529853304968, scale_lr: 0.45466992513144622, EAO: 0.234
Trial 2010 finished with value: 0.23355505206705532 and parameters: {'window_influence': 0.1539534742089002, 'penalty_k': 0.5991152985330497, 'scale_lr': 0.4546699251314462}. Best is trial 1270 with value: 0.3623636909959845.
checkpoint_e22 window_influence: 0.54629318927081760, penalty_k: 0.13106508313311410, scale_lr: 0.62726828903630816, EAO: 0.283
Trial 2011 finished with value: 0.28303923008506865 and parameters: {'window_influence': 0.5462931892708176, 'penalty_k': 0.1310650831331141, 'scale_lr': 0.6272682890363082}. Best is trial 1270 with value: 0.3623636909959845.
checkpoint_e22 window_influence: 0.44169468370781229, penalty_k: 0.14483827491075160, scale_lr: 0.28811260651059167, EAO: 0.323
Trial 2012 finished with value: 0.32281227560590675 and parameters: {'window_influence': 0.4416946837078123, 'penalty_k': 0.1448382749107516, 'scale_lr': 0.2881126065105917}. Best is trial 1270 with value: 0.3623636909959845.
checkpoint_e22 window_influence: 0.16388448312186363, penalty_k: 0.01472297517263496, scale_lr: 0.23699632397705642, EAO: 0.263
Trial 2013 finished with value: 0.2627106840044608 and parameters: {'window_influence': 0.16388448312186363, 'penalty_k': 0.01472297517263496, 'scale_lr': 0.23699632397705642}. Best is trial 1270 with value: 0.3623636909959845.
checkpoint_e22 window_influence: 0.46068707734447878, penalty_k: 0.11464230058967087, scale_lr: 0.66587503551474736, EAO: 0.319
Trial 2014 finished with value: 0.3186216460475662 and parameters: {'window_influence': 0.4606870773444788, 'penalty_k': 0.11464230058967087, 'scale_lr': 0.6658750355147474}. Best is trial 1270 with value: 0.3623636909959845.
checkpoint_e22 window_influence: 0.47733159560304639, penalty_k: 0.08628017214010292, scale_lr: 0.44468163219233675, EAO: 0.320
Trial 2015 finished with value: 0.3198438142408193 and parameters: {'window_influence': 0.4773315956030464, 'penalty_k': 0.08628017214010292, 'scale_lr': 0.44468163219233675}. Best is trial 1270 with value: 0.3623636909959845.
checkpoint_e22 window_influence: 0.09987308338955658, penalty_k: 0.53141817770755639, scale_lr: 0.64027377551954778, EAO: 0.233
Trial 2016 finished with value: 0.23281364021134285 and parameters: {'window_influence': 0.09987308338955658, 'penalty_k': 0.5314181777075564, 'scale_lr': 0.6402737755195478}. Best is trial 1270 with value: 0.3623636909959845.
checkpoint_e22 window_influence: 0.49221595174436533, penalty_k: 0.17692364836867672, scale_lr: 0.76901303142509392, EAO: 0.291
Trial 2017 finished with value: 0.29074417930168867 and parameters: {'window_influence': 0.49221595174436533, 'penalty_k': 0.17692364836867672, 'scale_lr': 0.7690130314250939}. Best is trial 1270 with value: 0.3623636909959845.
checkpoint_e22 window_influence: 0.42963892025654910, penalty_k: 0.05752999250972649, scale_lr: 0.79801046282883847, EAO: 0.316
Trial 2018 finished with value: 0.3161584592283004 and parameters: {'window_influence': 0.4296389202565491, 'penalty_k': 0.057529992509726485, 'scale_lr': 0.7980104628288385}. Best is trial 1270 with value: 0.3623636909959845.
checkpoint_e22 window_influence: 0.46799917450327827, penalty_k: 0.12216563793075895, scale_lr: 0.50419345570122387, EAO: 0.331
Trial 2019 finished with value: 0.33082178954020547 and parameters: {'window_influence': 0.46799917450327827, 'penalty_k': 0.12216563793075895, 'scale_lr': 0.5041934557012239}. Best is trial 1270 with value: 0.3623636909959845.
checkpoint_e22 window_influence: 0.45486100991094280, penalty_k: 0.34154583251441140, scale_lr: 0.39507160315373846, EAO: 0.306
Trial 2020 finished with value: 0.30633072955135243 and parameters: {'window_influence': 0.4548610099109428, 'penalty_k': 0.3415458325144114, 'scale_lr': 0.39507160315373846}. Best is trial 1270 with value: 0.3623636909959845.
checkpoint_e22 window_influence: 0.48232816767971087, penalty_k: 0.02957233576421932, scale_lr: 0.74843713935759393, EAO: 0.317
Trial 2021 finished with value: 0.31711357217354535 and parameters: {'window_influence': 0.4823281676797109, 'penalty_k': 0.029572335764219318, 'scale_lr': 0.7484371393575939}. Best is trial 1270 with value: 0.3623636909959845.
checkpoint_e22 window_influence: 0.50812001942591734, penalty_k: 0.10066279324950653, scale_lr: 0.37469735364958201, EAO: 0.310
Trial 2022 finished with value: 0.31027688410727433 and parameters: {'window_influence': 0.5081200194259173, 'penalty_k': 0.10066279324950653, 'scale_lr': 0.374697353649582}. Best is trial 1270 with value: 0.3623636909959845.
checkpoint_e22 window_influence: 0.40699991890994985, penalty_k: 0.07865070807085442, scale_lr: 0.33018980296879663, EAO: 0.301
Trial 2023 finished with value: 0.30052223656659927 and parameters: {'window_influence': 0.40699991890994985, 'penalty_k': 0.07865070807085442, 'scale_lr': 0.33018980296879663}. Best is trial 1270 with value: 0.3623636909959845.
checkpoint_e22 window_influence: 0.49705318814554234, penalty_k: 0.38205863550095726, scale_lr: 0.16378350612407289, EAO: 0.273
Trial 2024 finished with value: 0.2733006591578866 and parameters: {'window_influence': 0.49705318814554234, 'penalty_k': 0.38205863550095726, 'scale_lr': 0.1637835061240729}. Best is trial 1270 with value: 0.3623636909959845.
checkpoint_e22 window_influence: 0.47091959801863864, penalty_k: 0.01485546338020790, scale_lr: 0.10197267683372274, EAO: 0.321
Trial 2025 finished with value: 0.3213064179462218 and parameters: {'window_influence': 0.47091959801863864, 'penalty_k': 0.014855463380207903, 'scale_lr': 0.10197267683372274}. Best is trial 1270 with value: 0.3623636909959845.
checkpoint_e22 window_influence: 0.33189400037198541, penalty_k: 0.19474361962844439, scale_lr: 0.47784136641219577, EAO: 0.290
Trial 2026 finished with value: 0.28999277543464985 and parameters: {'window_influence': 0.3318940003719854, 'penalty_k': 0.1947436196284444, 'scale_lr': 0.47784136641219577}. Best is trial 1270 with value: 0.3623636909959845.
checkpoint_e22 window_influence: 0.39787380414505907, penalty_k: 0.27236354840549398, scale_lr: 0.52245442476942539, EAO: 0.313
Trial 2027 finished with value: 0.313242808274258 and parameters: {'window_influence': 0.3978738041450591, 'penalty_k': 0.272363548405494, 'scale_lr': 0.5224544247694254}. Best is trial 1270 with value: 0.3623636909959845.
checkpoint_e22 window_influence: 0.25736903852397897, penalty_k: 0.48736743919015690, scale_lr: 0.60051155198504425, EAO: 0.273
Trial 2028 finished with value: 0.2725542222479438 and parameters: {'window_influence': 0.25736903852397897, 'penalty_k': 0.4873674391901569, 'scale_lr': 0.6005115519850442}. Best is trial 1270 with value: 0.3623636909959845.
checkpoint_e22 window_influence: 0.34819072345846031, penalty_k: 0.30173741907987617, scale_lr: 0.29833715936179345, EAO: 0.282
Trial 2029 finished with value: 0.2819695001910169 and parameters: {'window_influence': 0.3481907234584603, 'penalty_k': 0.30173741907987617, 'scale_lr': 0.29833715936179345}. Best is trial 1270 with value: 0.3623636909959845.
checkpoint_e22 window_influence: 0.48422521927499201, penalty_k: 0.21142161254843977, scale_lr: 0.27479453508870733, EAO: 0.330
Trial 2030 finished with value: 0.3295649879173546 and parameters: {'window_influence': 0.484225219274992, 'penalty_k': 0.21142161254843977, 'scale_lr': 0.2747945350887073}. Best is trial 1270 with value: 0.3623636909959845.
checkpoint_e22 window_influence: 0.38679411248847190, penalty_k: 0.13660523037095468, scale_lr: 0.40680353006630943, EAO: 0.276
Trial 2031 finished with value: 0.27554681624651883 and parameters: {'window_influence': 0.3867941124884719, 'penalty_k': 0.13660523037095468, 'scale_lr': 0.4068035300663094}. Best is trial 1270 with value: 0.3623636909959845.
checkpoint_e22 window_influence: 0.44269308049671630, penalty_k: 0.46860334124932890, scale_lr: 0.55632711246576472, EAO: 0.306
Trial 2032 finished with value: 0.30603385174552755 and parameters: {'window_influence': 0.4426930804967163, 'penalty_k': 0.4686033412493289, 'scale_lr': 0.5563271124657647}. Best is trial 1270 with value: 0.3623636909959845.
checkpoint_e22 window_influence: 0.45981050234573334, penalty_k: 0.00025021633069043, scale_lr: 0.31644516032479392, EAO: 0.310
Trial 2033 finished with value: 0.31038132744772423 and parameters: {'window_influence': 0.45981050234573334, 'penalty_k': 0.0002502163306904257, 'scale_lr': 0.3164451603247939}. Best is trial 1270 with value: 0.3623636909959845.
checkpoint_e22 window_influence: 0.51798615550839677, penalty_k: 0.56165196321510225, scale_lr: 0.57775685348719175, EAO: 0.279
Trial 2034 finished with value: 0.27926977871688885 and parameters: {'window_influence': 0.5179861555083968, 'penalty_k': 0.5616519632151022, 'scale_lr': 0.5777568534871917}. Best is trial 1270 with value: 0.3623636909959845.
checkpoint_e22 window_influence: 0.12528751524572640, penalty_k: 0.30840081844526929, scale_lr: 0.54089931476989572, EAO: 0.237
Trial 2035 finished with value: 0.23650254807815477 and parameters: {'window_influence': 0.1252875152457264, 'penalty_k': 0.3084008184452693, 'scale_lr': 0.5408993147698957}. Best is trial 1270 with value: 0.3623636909959845.
checkpoint_e22 window_influence: 0.33044434041614501, penalty_k: 0.07085191168727349, scale_lr: 0.68531566627441709, EAO: 0.299
