Trial 2015 finished with value: 0.32923226104868064 and parameters: {'window_influence': 0.35717123853052096, 'penalty_k': 0.037665658520901715, 'scale_lr': 0.7701763803166758}. Best is trial 1674 with value: 0.38142600678748195.
checkpoint_e33 window_influence: 0.50283157739634921, penalty_k: 0.10721559523862029, scale_lr: 0.22990427087558279, EAO: 0.338
Trial 2016 finished with value: 0.3376764738606108 and parameters: {'window_influence': 0.5028315773963492, 'penalty_k': 0.10721559523862029, 'scale_lr': 0.2299042708755828}. Best is trial 1674 with value: 0.38142600678748195.
checkpoint_e33 window_influence: 0.06638290029887378, penalty_k: 0.02104988739309143, scale_lr: 0.31793800007406386, EAO: 0.247
Trial 2017 finished with value: 0.24701036188157152 and parameters: {'window_influence': 0.06638290029887378, 'penalty_k': 0.021049887393091434, 'scale_lr': 0.31793800007406386}. Best is trial 1674 with value: 0.38142600678748195.
checkpoint_e33 window_influence: 0.52163965684764724, penalty_k: 0.09422114844494132, scale_lr: 0.52348261982763644, EAO: 0.302
Trial 2018 finished with value: 0.301784795777807 and parameters: {'window_influence': 0.5216396568476472, 'penalty_k': 0.09422114844494132, 'scale_lr': 0.5234826198276364}. Best is trial 1674 with value: 0.38142600678748195.
checkpoint_e33 window_influence: 0.46969726922992461, penalty_k: 0.06910177710424975, scale_lr: 0.69492657100002664, EAO: 0.334
Trial 2019 finished with value: 0.334095693399934 and parameters: {'window_influence': 0.4696972692299246, 'penalty_k': 0.06910177710424975, 'scale_lr': 0.6949265710000266}. Best is trial 1674 with value: 0.38142600678748195.
checkpoint_e33 window_influence: 0.37194137587098469, penalty_k: 0.36494744118910816, scale_lr: 0.78811200611513832, EAO: 0.327
Trial 2020 finished with value: 0.3266561965998045 and parameters: {'window_influence': 0.3719413758709847, 'penalty_k': 0.36494744118910816, 'scale_lr': 0.7881120061151383}. Best is trial 1674 with value: 0.38142600678748195.
checkpoint_e33 window_influence: 0.24625452336259868, penalty_k: 0.21726458537913157, scale_lr: 0.50708928648515272, EAO: 0.299
Trial 2021 finished with value: 0.2990520478222621 and parameters: {'window_influence': 0.24625452336259868, 'penalty_k': 0.21726458537913157, 'scale_lr': 0.5070892864851527}. Best is trial 1674 with value: 0.38142600678748195.
checkpoint_e33 window_influence: 0.62293495070458771, penalty_k: 0.17684050246731559, scale_lr: 0.16474512121804849, EAO: 0.265
Trial 2022 finished with value: 0.2651315117508521 and parameters: {'window_influence': 0.6229349507045877, 'penalty_k': 0.17684050246731559, 'scale_lr': 0.1647451212180485}. Best is trial 1674 with value: 0.38142600678748195.
checkpoint_e33 window_influence: 0.59302092250966876, penalty_k: 0.30693105999717074, scale_lr: 0.57671933829491606, EAO: 0.248
Trial 2023 finished with value: 0.2479151377766049 and parameters: {'window_influence': 0.5930209225096688, 'penalty_k': 0.30693105999717074, 'scale_lr': 0.5767193382949161}. Best is trial 1674 with value: 0.38142600678748195.
checkpoint_e33 window_influence: 0.14769990864761728, penalty_k: 0.04986013536024479, scale_lr: 0.66502445322763226, EAO: 0.259
Trial 2024 finished with value: 0.259169489841053 and parameters: {'window_influence': 0.14769990864761728, 'penalty_k': 0.04986013536024479, 'scale_lr': 0.6650244532276323}. Best is trial 1674 with value: 0.38142600678748195.
checkpoint_e33 window_influence: 0.48432013228297133, penalty_k: 0.59555901617134155, scale_lr: 0.46614087563841228, EAO: 0.293
Trial 2025 finished with value: 0.293129112527992 and parameters: {'window_influence': 0.4843201322829713, 'penalty_k': 0.5955590161713415, 'scale_lr': 0.4661408756384123}. Best is trial 1674 with value: 0.38142600678748195.
checkpoint_e33 window_influence: 0.57626669632597349, penalty_k: 0.13606930670271358, scale_lr: 0.74527369520445008, EAO: 0.262
Trial 2026 finished with value: 0.26180903468614425 and parameters: {'window_influence': 0.5762666963259735, 'penalty_k': 0.13606930670271358, 'scale_lr': 0.7452736952044501}. Best is trial 1674 with value: 0.38142600678748195.
checkpoint_e33 window_influence: 0.49846023361102376, penalty_k: 0.28147643763110719, scale_lr: 0.29843457424960484, EAO: 0.313
Trial 2027 finished with value: 0.31275689068471413 and parameters: {'window_influence': 0.49846023361102376, 'penalty_k': 0.2814764376311072, 'scale_lr': 0.29843457424960484}. Best is trial 1674 with value: 0.38142600678748195.
checkpoint_e33 window_influence: 0.64623033501331695, penalty_k: 0.02915312924367269, scale_lr: 0.54789817923511963, EAO: 0.253
Trial 2028 finished with value: 0.25319829223684764 and parameters: {'window_influence': 0.646230335013317, 'penalty_k': 0.029153129243672693, 'scale_lr': 0.5478981792351196}. Best is trial 1674 with value: 0.38142600678748195.
checkpoint_e33 window_influence: 0.47218770742929111, penalty_k: 0.08129376618367815, scale_lr: 0.13308004626674097, EAO: 0.339
Trial 2029 finished with value: 0.3387908440967478 and parameters: {'window_influence': 0.4721877074292911, 'penalty_k': 0.08129376618367815, 'scale_lr': 0.13308004626674097}. Best is trial 1674 with value: 0.38142600678748195.
checkpoint_e33 window_influence: 0.51041603949067427, penalty_k: 0.54489856535399239, scale_lr: 0.49034847662705022, EAO: 0.310
Trial 2030 finished with value: 0.3101191990338411 and parameters: {'window_influence': 0.5104160394906743, 'penalty_k': 0.5448985653539924, 'scale_lr': 0.4903484766270502}. Best is trial 1674 with value: 0.38142600678748195.
checkpoint_e33 window_influence: 0.41313521550935817, penalty_k: 0.11494695381357425, scale_lr: 0.51955980937284718, EAO: 0.329
Trial 2031 finished with value: 0.32863816294224807 and parameters: {'window_influence': 0.41313521550935817, 'penalty_k': 0.11494695381357425, 'scale_lr': 0.5195598093728472}. Best is trial 1674 with value: 0.38142600678748195.
checkpoint_e33 window_influence: 0.48525287043804605, penalty_k: 0.15919517885330903, scale_lr: 0.15859345342880654, EAO: 0.354
Trial 2032 finished with value: 0.3535552605812652 and parameters: {'window_influence': 0.48525287043804605, 'penalty_k': 0.15919517885330903, 'scale_lr': 0.15859345342880654}. Best is trial 1674 with value: 0.38142600678748195.
checkpoint_e33 window_influence: 0.51637401340172728, penalty_k: 0.06468410931229260, scale_lr: 0.61256538540963035, EAO: 0.331
Trial 2033 finished with value: 0.3307027882870997 and parameters: {'window_influence': 0.5163740134017273, 'penalty_k': 0.0646841093122926, 'scale_lr': 0.6125653854096303}. Best is trial 1674 with value: 0.38142600678748195.
checkpoint_e33 window_influence: 0.49474648793520026, penalty_k: 0.20628838183860901, scale_lr: 0.46093838070306536, EAO: 0.337
Trial 2034 finished with value: 0.33737185609015974 and parameters: {'window_influence': 0.49474648793520026, 'penalty_k': 0.206288381838609, 'scale_lr': 0.46093838070306536}. Best is trial 1674 with value: 0.38142600678748195.
checkpoint_e33 window_influence: 0.09218917755614031, penalty_k: 0.18750757480433081, scale_lr: 0.49928098497893753, EAO: 0.255
Trial 2035 finished with value: 0.2545937158254334 and parameters: {'window_influence': 0.09218917755614031, 'penalty_k': 0.1875075748043308, 'scale_lr': 0.4992809849789375}. Best is trial 1674 with value: 0.38142600678748195.
checkpoint_e33 window_influence: 0.46438156835247707, penalty_k: 0.24261700545875611, scale_lr: 0.19594478823016814, EAO: 0.353
Trial 2036 finished with value: 0.35334509100895445 and parameters: {'window_influence': 0.46438156835247707, 'penalty_k': 0.2426170054587561, 'scale_lr': 0.19594478823016814}. Best is trial 1674 with value: 0.38142600678748195.
checkpoint_e33 window_influence: 0.53276243843994042, penalty_k: 0.03993069010827064, scale_lr: 0.55830473058477725, EAO: 0.321
Trial 2037 finished with value: 0.32130794772146276 and parameters: {'window_influence': 0.5327624384399404, 'penalty_k': 0.03993069010827064, 'scale_lr': 0.5583047305847773}. Best is trial 1674 with value: 0.38142600678748195.
checkpoint_e33 window_influence: 0.07859974021702615, penalty_k: 0.05446209977016536, scale_lr: 0.68244157427960772, EAO: 0.266
Trial 2038 finished with value: 0.2655517010721251 and parameters: {'window_influence': 0.07859974021702615, 'penalty_k': 0.05446209977016536, 'scale_lr': 0.6824415742796077}. Best is trial 1674 with value: 0.38142600678748195.
checkpoint_e33 window_influence: 0.55124015320839770, penalty_k: 0.09481574659238283, scale_lr: 0.53341320069728515, EAO: 0.304
Trial 2039 finished with value: 0.3042242988538185 and parameters: {'window_influence': 0.5512401532083977, 'penalty_k': 0.09481574659238283, 'scale_lr': 0.5334132006972852}. Best is trial 1674 with value: 0.38142600678748195.
checkpoint_e33 window_influence: 0.35807632004472012, penalty_k: 0.01718066240639107, scale_lr: 0.62706202911013986, EAO: 0.333
Trial 2040 finished with value: 0.3330867950902375 and parameters: {'window_influence': 0.3580763200447201, 'penalty_k': 0.017180662406391073, 'scale_lr': 0.6270620291101399}. Best is trial 1674 with value: 0.38142600678748195.
checkpoint_e33 window_influence: 0.47682184578323383, penalty_k: 0.42946077422745499, scale_lr: 0.17688830606685324, EAO: 0.285
Trial 2041 finished with value: 0.28453295547442675 and parameters: {'window_influence': 0.47682184578323383, 'penalty_k': 0.429460774227455, 'scale_lr': 0.17688830606685324}. Best is trial 1674 with value: 0.38142600678748195.
checkpoint_e33 window_influence: 0.22107976323652845, penalty_k: 0.13937848798400421, scale_lr: 0.51431805069913561, EAO: 0.286
Trial 2042 finished with value: 0.2855463475568749 and parameters: {'window_influence': 0.22107976323652845, 'penalty_k': 0.1393784879840042, 'scale_lr': 0.5143180506991356}. Best is trial 1674 with value: 0.38142600678748195.
checkpoint_e33 window_influence: 0.50493253500822921, penalty_k: 0.15062439421647594, scale_lr: 0.75798038202967188, EAO: 0.332
Trial 2043 finished with value: 0.33213997246690297 and parameters: {'window_influence': 0.5049325350082292, 'penalty_k': 0.15062439421647594, 'scale_lr': 0.7579803820296719}. Best is trial 1674 with value: 0.38142600678748195.
checkpoint_e33 window_influence: 0.48522800689300194, penalty_k: 0.31929844402486168, scale_lr: 0.47892206680806682, EAO: 0.311
Trial 2044 finished with value: 0.311046716710009 and parameters: {'window_influence': 0.48522800689300194, 'penalty_k': 0.3192984440248617, 'scale_lr': 0.4789220668080668}. Best is trial 1674 with value: 0.38142600678748195.
checkpoint_e33 window_influence: 0.27395154048653070, penalty_k: 0.58406265149770031, scale_lr: 0.21239764676132042, EAO: 0.285
Trial 2045 finished with value: 0.28541243528577603 and parameters: {'window_influence': 0.2739515404865307, 'penalty_k': 0.5840626514977003, 'scale_lr': 0.21239764676132042}. Best is trial 1674 with value: 0.38142600678748195.
checkpoint_e33 window_influence: 0.46154344678582576, penalty_k: 0.26799165725006918, scale_lr: 0.64144012380004989, EAO: 0.346
Trial 2046 finished with value: 0.3456406624632587 and parameters: {'window_influence': 0.46154344678582576, 'penalty_k': 0.2679916572500692, 'scale_lr': 0.6414401238000499}. Best is trial 1674 with value: 0.38142600678748195.
checkpoint_e33 window_influence: 0.49465029676485006, penalty_k: 0.12423142315410168, scale_lr: 0.71159321975824097, EAO: 0.354
Trial 2047 finished with value: 0.35443387142879024 and parameters: {'window_influence': 0.49465029676485006, 'penalty_k': 0.12423142315410168, 'scale_lr': 0.711593219758241}. Best is trial 1674 with value: 0.38142600678748195.
checkpoint_e33 window_influence: 0.39134556547755139, penalty_k: 0.07344349903016353, scale_lr: 0.58712699984424099, EAO: 0.334
Trial 2048 finished with value: 0.33424038877746937 and parameters: {'window_influence': 0.3913455654775514, 'penalty_k': 0.07344349903016353, 'scale_lr': 0.587126999844241}. Best is trial 1674 with value: 0.38142600678748195.
checkpoint_e33 window_influence: 0.19588139130992424, penalty_k: 0.03910022225029409, scale_lr: 0.24929586545998669, EAO: 0.311
Trial 2049 finished with value: 0.3109407414490147 and parameters: {'window_influence': 0.19588139130992424, 'penalty_k': 0.03910022225029409, 'scale_lr': 0.2492958654599867}. Best is trial 1674 with value: 0.38142600678748195.
checkpoint_e33 window_influence: 0.52027955067718279, penalty_k: 0.16998206709088579, scale_lr: 0.66978902766256909, EAO: 0.299
Trial 2050 finished with value: 0.2988048099010371 and parameters: {'window_influence': 0.5202795506771828, 'penalty_k': 0.16998206709088579, 'scale_lr': 0.6697890276625691}. Best is trial 1674 with value: 0.38142600678748195.
checkpoint_e33 window_influence: 0.47417570788207347, penalty_k: 0.34270391967943697, scale_lr: 0.49352380265913465, EAO: 0.321
Trial 2051 finished with value: 0.32116838622881744 and parameters: {'window_influence': 0.47417570788207347, 'penalty_k': 0.342703919679437, 'scale_lr': 0.49352380265913465}. Best is trial 1674 with value: 0.38142600678748195.
checkpoint_e33 window_influence: 0.27504078878385879, penalty_k: 0.05077508014107202, scale_lr: 0.56759747910272851, EAO: 0.292
Trial 2052 finished with value: 0.29157358344194956 and parameters: {'window_influence': 0.2750407887838588, 'penalty_k': 0.050775080141072015, 'scale_lr': 0.5675974791027285}. Best is trial 1674 with value: 0.38142600678748195.
checkpoint_e33 window_influence: 0.51000274985539362, penalty_k: 0.22673264097067475, scale_lr: 0.12346709815661011, EAO: 0.316
Trial 2053 finished with value: 0.3158220669058974 and parameters: {'window_influence': 0.5100027498553936, 'penalty_k': 0.22673264097067475, 'scale_lr': 0.12346709815661011}. Best is trial 1674 with value: 0.38142600678748195.
checkpoint_e33 window_influence: 0.44968038350917461, penalty_k: 0.35937713405556515, scale_lr: 0.53874713873538826, EAO: 0.346
Trial 2054 finished with value: 0.34558462713942917 and parameters: {'window_influence': 0.4496803835091746, 'penalty_k': 0.35937713405556515, 'scale_lr': 0.5387471387353883}. Best is trial 1674 with value: 0.38142600678748195.
checkpoint_e33 window_influence: 0.36496642472229768, penalty_k: 0.19359673816622910, scale_lr: 0.73106258730985507, EAO: 0.318
Trial 2055 finished with value: 0.31793897022069195 and parameters: {'window_influence': 0.3649664247222977, 'penalty_k': 0.1935967381662291, 'scale_lr': 0.7310625873098551}. Best is trial 1674 with value: 0.38142600678748195.
checkpoint_e33 window_influence: 0.12835163129157176, penalty_k: 0.06194526261941696, scale_lr: 0.27267356653579411, EAO: 0.283
Trial 2056 finished with value: 0.2827581484957892 and parameters: {'window_influence': 0.12835163129157176, 'penalty_k': 0.06194526261941696, 'scale_lr': 0.2726735665357941}. Best is trial 1674 with value: 0.38142600678748195.
checkpoint_e33 window_influence: 0.48963320385093145, penalty_k: 0.56778481449236240, scale_lr: 0.69185245172125243, EAO: 0.304
Trial 2057 finished with value: 0.3035194933530422 and parameters: {'window_influence': 0.48963320385093145, 'penalty_k': 0.5677848144923624, 'scale_lr': 0.6918524517212524}. Best is trial 1674 with value: 0.38142600678748195.
checkpoint_e33 window_influence: 0.42249790451967806, penalty_k: 0.02475847294240455, scale_lr: 0.65597197180165578, EAO: 0.338
Trial 2058 finished with value: 0.33758464931050164 and parameters: {'window_influence': 0.42249790451967806, 'penalty_k': 0.024758472942404547, 'scale_lr': 0.6559719718016558}. Best is trial 1674 with value: 0.38142600678748195.
checkpoint_e33 window_influence: 0.46666017860764764, penalty_k: 0.46507323434788284, scale_lr: 0.28537754242321989, EAO: 0.308
Trial 2059 finished with value: 0.30751194517900043 and parameters: {'window_influence': 0.46666017860764764, 'penalty_k': 0.46507323434788284, 'scale_lr': 0.2853775424232199}. Best is trial 1674 with value: 0.38142600678748195.
checkpoint_e33 window_influence: 0.23277895476209690, penalty_k: 0.38310487449557395, scale_lr: 0.50622535452589390, EAO: 0.303
Trial 2060 finished with value: 0.3025973813774985 and parameters: {'window_influence': 0.2327789547620969, 'penalty_k': 0.38310487449557395, 'scale_lr': 0.5062253545258939}. Best is trial 1674 with value: 0.38142600678748195.
checkpoint_e33 window_influence: 0.09885708040539043, penalty_k: 0.08638510386080574, scale_lr: 0.48008748555994035, EAO: 0.259
Trial 2061 finished with value: 0.2588743271182947 and parameters: {'window_influence': 0.09885708040539043, 'penalty_k': 0.08638510386080574, 'scale_lr': 0.48008748555994035}. Best is trial 1674 with value: 0.38142600678748195.
checkpoint_e33 window_influence: 0.50082676255229897, penalty_k: 0.16293647404752393, scale_lr: 0.45324580130747028, EAO: 0.341
Trial 2062 finished with value: 0.3406654091892539 and parameters: {'window_influence': 0.500826762552299, 'penalty_k': 0.16293647404752393, 'scale_lr': 0.4532458013074703}. Best is trial 1674 with value: 0.38142600678748195.
checkpoint_e33 window_influence: 0.34471225230528801, penalty_k: 0.01057186044144864, scale_lr: 0.24282289533171325, EAO: 0.309
Trial 2063 finished with value: 0.3085744002913687 and parameters: {'window_influence': 0.344712252305288, 'penalty_k': 0.010571860441448639, 'scale_lr': 0.24282289533171325}. Best is trial 1674 with value: 0.38142600678748195.
checkpoint_e33 window_influence: 0.53908829139918901, penalty_k: 0.10530105190303288, scale_lr: 0.55157204204565147, EAO: 0.305
Trial 2064 finished with value: 0.30500339905111706 and parameters: {'window_influence': 0.539088291399189, 'penalty_k': 0.10530105190303288, 'scale_lr': 0.5515720420456515}. Best is trial 1674 with value: 0.38142600678748195.
checkpoint_e33 window_influence: 0.48254500158707453, penalty_k: 0.25303380920520480, scale_lr: 0.31453820292919427, EAO: 0.343
Trial 2065 finished with value: 0.3434775467048823 and parameters: {'window_influence': 0.48254500158707453, 'penalty_k': 0.2530338092052048, 'scale_lr': 0.31453820292919427}. Best is trial 1674 with value: 0.38142600678748195.
checkpoint_e33 window_influence: 0.52626754976704626, penalty_k: 0.49229576078812592, scale_lr: 0.13805515019706247, EAO: 0.289
Trial 2066 finished with value: 0.28938699632535186 and parameters: {'window_influence': 0.5262675497670463, 'penalty_k': 0.4922957607881259, 'scale_lr': 0.13805515019706247}. Best is trial 1674 with value: 0.38142600678748195.
checkpoint_e33 window_influence: 0.49739481674888114, penalty_k: 0.21282611330758811, scale_lr: 0.52563127434023615, EAO: 0.326
Trial 2067 finished with value: 0.32571707173080294 and parameters: {'window_influence': 0.49739481674888114, 'penalty_k': 0.2128261133075881, 'scale_lr': 0.5256312743402362}. Best is trial 1674 with value: 0.38142600678748195.
checkpoint_e33 window_influence: 0.20409574884028481, penalty_k: 0.29081355747210524, scale_lr: 0.17678092857333208, EAO: 0.272
Trial 2068 finished with value: 0.27226968643034477 and parameters: {'window_influence': 0.2040957488402848, 'penalty_k': 0.29081355747210524, 'scale_lr': 0.17678092857333208}. Best is trial 1674 with value: 0.38142600678748195.
checkpoint_e33 window_influence: 0.51297278946207514, penalty_k: 0.17941250662690258, scale_lr: 0.59921191568112475, EAO: 0.334
Trial 2069 finished with value: 0.3335857500362025 and parameters: {'window_influence': 0.5129727894620751, 'penalty_k': 0.17941250662690258, 'scale_lr': 0.5992119156811248}. Best is trial 1674 with value: 0.38142600678748195.
checkpoint_e33 window_influence: 0.30288650806108136, penalty_k: 0.07080647977878571, scale_lr: 0.77170395515911172, EAO: 0.328
Trial 2070 finished with value: 0.32790409538764437 and parameters: {'window_influence': 0.30288650806108136, 'penalty_k': 0.07080647977878571, 'scale_lr': 0.7717039551591117}. Best is trial 1674 with value: 0.38142600678748195.
checkpoint_e33 window_influence: 0.08082029113130212, penalty_k: 0.03015776537671535, scale_lr: 0.33045825299835374, EAO: 0.257
Trial 2071 finished with value: 0.2573875261883791 and parameters: {'window_influence': 0.08082029113130212, 'penalty_k': 0.030157765376715346, 'scale_lr': 0.33045825299835374}. Best is trial 1674 with value: 0.38142600678748195.
checkpoint_e33 window_influence: 0.43479116956918756, penalty_k: 0.04710520267873773, scale_lr: 0.46533899576200022, EAO: 0.332
Trial 2072 finished with value: 0.332111791877895 and parameters: {'window_influence': 0.43479116956918756, 'penalty_k': 0.04710520267873773, 'scale_lr': 0.4653389957620002}. Best is trial 1674 with value: 0.38142600678748195.
checkpoint_e33 window_influence: 0.45838650027947103, penalty_k: 0.14687093447568572, scale_lr: 0.42948213058578860, EAO: 0.351
Trial 2073 finished with value: 0.35067834336933923 and parameters: {'window_influence': 0.45838650027947103, 'penalty_k': 0.14687093447568572, 'scale_lr': 0.4294821305857886}. Best is trial 1674 with value: 0.38142600678748195.
checkpoint_e33 window_influence: 0.26561380193579104, penalty_k: 0.06186300714941319, scale_lr: 0.14866508516473065, EAO: 0.301
Trial 2074 finished with value: 0.3005307246043061 and parameters: {'window_influence': 0.26561380193579104, 'penalty_k': 0.061863007149413195, 'scale_lr': 0.14866508516473065}. Best is trial 1674 with value: 0.38142600678748195.
checkpoint_e33 window_influence: 0.11291360015265289, penalty_k: 0.07835366098533056, scale_lr: 0.61678513891912090, EAO: 0.268
Trial 2075 finished with value: 0.26831321081994575 and parameters: {'window_influence': 0.1129136001526529, 'penalty_k': 0.07835366098533056, 'scale_lr': 0.6167851389191209}. Best is trial 1674 with value: 0.38142600678748195.
checkpoint_e33 window_influence: 0.29362880103386407, penalty_k: 0.23520313990327199, scale_lr: 0.71650149373556826, EAO: 0.291
