Trial 2747 finished with value: 0.25807398238766516 and parameters: {'window_influence': 0.10505983493254728, 'penalty_k': 0.09949002375806201, 'scale_lr': 0.47978918102791523}. Best is trial 1674 with value: 0.38142600678748195.
checkpoint_e33 window_influence: 0.45859320199507408, penalty_k: 0.27528846617981889, scale_lr: 0.60546103147925634, EAO: 0.325
Trial 2748 finished with value: 0.3250635184550564 and parameters: {'window_influence': 0.4585932019950741, 'penalty_k': 0.2752884661798189, 'scale_lr': 0.6054610314792563}. Best is trial 1674 with value: 0.38142600678748195.
checkpoint_e33 window_influence: 0.51316274844061072, penalty_k: 0.07387550573442385, scale_lr: 0.74155856640804607, EAO: 0.332
Trial 2749 finished with value: 0.33220617235402655 and parameters: {'window_influence': 0.5131627484406107, 'penalty_k': 0.07387550573442385, 'scale_lr': 0.7415585664080461}. Best is trial 1674 with value: 0.38142600678748195.
checkpoint_e33 window_influence: 0.42761853914113107, penalty_k: 0.05991679497993272, scale_lr: 0.75913176226255297, EAO: 0.321
Trial 2750 finished with value: 0.32137444406631854 and parameters: {'window_influence': 0.42761853914113107, 'penalty_k': 0.05991679497993272, 'scale_lr': 0.759131762262553}. Best is trial 1674 with value: 0.38142600678748195.
checkpoint_e33 window_influence: 0.48872744171994087, penalty_k: 0.29016986648418902, scale_lr: 0.53525822359658004, EAO: 0.342
Trial 2751 finished with value: 0.3416062593460083 and parameters: {'window_influence': 0.48872744171994087, 'penalty_k': 0.290169866484189, 'scale_lr': 0.53525822359658}. Best is trial 1674 with value: 0.38142600678748195.
checkpoint_e33 window_influence: 0.30084940957615991, penalty_k: 0.04621382123538081, scale_lr: 0.61906774788641528, EAO: 0.327
Trial 2752 finished with value: 0.32676112135792523 and parameters: {'window_influence': 0.3008494095761599, 'penalty_k': 0.046213821235380814, 'scale_lr': 0.6190677478864153}. Best is trial 1674 with value: 0.38142600678748195.
checkpoint_e33 window_influence: 0.47249761303121518, penalty_k: 0.36251533195683749, scale_lr: 0.49981126709564178, EAO: 0.320
Trial 2753 finished with value: 0.319804363387568 and parameters: {'window_influence': 0.4724976130312152, 'penalty_k': 0.3625153319568375, 'scale_lr': 0.4998112670956418}. Best is trial 1674 with value: 0.38142600678748195.
checkpoint_e33 window_influence: 0.55108170794488409, penalty_k: 0.26021060923457573, scale_lr: 0.42875570562705800, EAO: 0.293
Trial 2754 finished with value: 0.2931139829209806 and parameters: {'window_influence': 0.5510817079448841, 'penalty_k': 0.26021060923457573, 'scale_lr': 0.428755705627058}. Best is trial 1674 with value: 0.38142600678748195.
checkpoint_e33 window_influence: 0.50185075069629925, penalty_k: 0.03235520021625424, scale_lr: 0.47356536159598472, EAO: 0.366
Trial 2755 finished with value: 0.3657145662530387 and parameters: {'window_influence': 0.5018507506962993, 'penalty_k': 0.03235520021625424, 'scale_lr': 0.4735653615959847}. Best is trial 1674 with value: 0.38142600678748195.
checkpoint_e33 window_influence: 0.52360589522045020, penalty_k: 0.02120999582997544, scale_lr: 0.46625069873579095, EAO: 0.320
Trial 2756 finished with value: 0.3198539636130463 and parameters: {'window_influence': 0.5236058952204502, 'penalty_k': 0.021209995829975438, 'scale_lr': 0.46625069873579095}. Best is trial 1674 with value: 0.38142600678748195.
checkpoint_e33 window_influence: 0.50948828831166759, penalty_k: 0.01415282315523555, scale_lr: 0.45761008171653444, EAO: 0.350
Trial 2757 finished with value: 0.350048223358184 and parameters: {'window_influence': 0.5094882883116676, 'penalty_k': 0.014152823155235554, 'scale_lr': 0.45761008171653444}. Best is trial 1674 with value: 0.38142600678748195.
checkpoint_e33 window_influence: 0.51050735904511524, penalty_k: 0.03001515610628397, scale_lr: 0.47204118007579482, EAO: 0.351
Trial 2758 finished with value: 0.35094041049712366 and parameters: {'window_influence': 0.5105073590451152, 'penalty_k': 0.030015156106283965, 'scale_lr': 0.4720411800757948}. Best is trial 1674 with value: 0.38142600678748195.
checkpoint_e33 window_influence: 0.24066592996374042, penalty_k: 0.02693017977900381, scale_lr: 0.47302332920844747, EAO: 0.291
Trial 2759 finished with value: 0.2911919411054381 and parameters: {'window_influence': 0.24066592996374042, 'penalty_k': 0.026930179779003815, 'scale_lr': 0.4730233292084475}. Best is trial 1674 with value: 0.38142600678748195.
checkpoint_e33 window_influence: 0.53441755240645994, penalty_k: 0.00902513101871317, scale_lr: 0.45713236314924205, EAO: 0.307
Trial 2760 finished with value: 0.3074850061408277 and parameters: {'window_influence': 0.5344175524064599, 'penalty_k': 0.00902513101871317, 'scale_lr': 0.45713236314924205}. Best is trial 1674 with value: 0.38142600678748195.
checkpoint_e33 window_influence: 0.51940293652189551, penalty_k: 0.01924442147751674, scale_lr: 0.48309391177755129, EAO: 0.342
Trial 2761 finished with value: 0.3424654303821608 and parameters: {'window_influence': 0.5194029365218955, 'penalty_k': 0.019244421477516743, 'scale_lr': 0.4830939117775513}. Best is trial 1674 with value: 0.38142600678748195.
checkpoint_e33 window_influence: 0.05329302289915866, penalty_k: 0.03268746429441893, scale_lr: 0.44145177716313377, EAO: 0.258
Trial 2762 finished with value: 0.25825745893591573 and parameters: {'window_influence': 0.05329302289915866, 'penalty_k': 0.03268746429441893, 'scale_lr': 0.4414517771631338}. Best is trial 1674 with value: 0.38142600678748195.
checkpoint_e33 window_influence: 0.21242420917132035, penalty_k: 0.02374265458495051, scale_lr: 0.48637143927554383, EAO: 0.286
Trial 2763 finished with value: 0.2864547760338171 and parameters: {'window_influence': 0.21242420917132035, 'penalty_k': 0.023742654584950507, 'scale_lr': 0.4863714392755438}. Best is trial 1674 with value: 0.38142600678748195.
checkpoint_e33 window_influence: 0.50293088941081499, penalty_k: 0.01152065462169693, scale_lr: 0.45583375818428673, EAO: 0.350
Trial 2764 finished with value: 0.35017707271334725 and parameters: {'window_influence': 0.502930889410815, 'penalty_k': 0.01152065462169693, 'scale_lr': 0.45583375818428673}. Best is trial 1674 with value: 0.38142600678748195.
checkpoint_e33 window_influence: 0.52411369417853981, penalty_k: 0.03782925888041939, scale_lr: 0.46969122737117330, EAO: 0.325
Trial 2765 finished with value: 0.32534007646926183 and parameters: {'window_influence': 0.5241136941785398, 'penalty_k': 0.037829258880419395, 'scale_lr': 0.4696912273711733}. Best is trial 1674 with value: 0.38142600678748195.
checkpoint_e33 window_influence: 0.50126013103647959, penalty_k: 0.03607417885008441, scale_lr: 0.48579009723340372, EAO: 0.347
Trial 2766 finished with value: 0.34671735473643944 and parameters: {'window_influence': 0.5012601310364796, 'penalty_k': 0.03607417885008441, 'scale_lr': 0.4857900972334037}. Best is trial 1674 with value: 0.38142600678748195.
checkpoint_e33 window_influence: 0.53631005341223537, penalty_k: 0.00001373297068210, scale_lr: 0.47575705182049677, EAO: 0.323
Trial 2767 finished with value: 0.32253677476240966 and parameters: {'window_influence': 0.5363100534122354, 'penalty_k': 1.3732970682101345e-05, 'scale_lr': 0.47575705182049677}. Best is trial 1674 with value: 0.38142600678748195.
checkpoint_e33 window_influence: 0.51803697224806311, penalty_k: 0.01838148266885306, scale_lr: 0.45240079546688955, EAO: 0.330
Trial 2768 finished with value: 0.33029082452276803 and parameters: {'window_influence': 0.5180369722480631, 'penalty_k': 0.018381482668853064, 'scale_lr': 0.45240079546688955}. Best is trial 1674 with value: 0.38142600678748195.
checkpoint_e33 window_influence: 0.57403599408252648, penalty_k: 0.03329313919993450, scale_lr: 0.49428026507199535, EAO: 0.291
Trial 2769 finished with value: 0.29058821957398945 and parameters: {'window_influence': 0.5740359940825265, 'penalty_k': 0.0332931391999345, 'scale_lr': 0.49428026507199535}. Best is trial 1674 with value: 0.38142600678748195.
checkpoint_e33 window_influence: 0.39742088605463954, penalty_k: 0.24554627928780554, scale_lr: 0.46511415155146990, EAO: 0.308
Trial 2770 finished with value: 0.3079245237756796 and parameters: {'window_influence': 0.39742088605463954, 'penalty_k': 0.24554627928780554, 'scale_lr': 0.4651141515514699}. Best is trial 1674 with value: 0.38142600678748195.
checkpoint_e33 window_influence: 0.49759050022834117, penalty_k: 0.14007246110068694, scale_lr: 0.44466301405919106, EAO: 0.344
Trial 2771 finished with value: 0.34427877692397 and parameters: {'window_influence': 0.49759050022834117, 'penalty_k': 0.14007246110068694, 'scale_lr': 0.44466301405919106}. Best is trial 1674 with value: 0.38142600678748195.
checkpoint_e33 window_influence: 0.51027899288142364, penalty_k: 0.15406118446617215, scale_lr: 0.64418000162954547, EAO: 0.312
Trial 2772 finished with value: 0.3118624269730386 and parameters: {'window_influence': 0.5102789928814236, 'penalty_k': 0.15406118446617215, 'scale_lr': 0.6441800016295455}. Best is trial 1674 with value: 0.38142600678748195.
checkpoint_e33 window_influence: 0.49503687753275694, penalty_k: 0.48483015528690498, scale_lr: 0.49059430478775801, EAO: 0.306
Trial 2773 finished with value: 0.3058004934732088 and parameters: {'window_influence': 0.49503687753275694, 'penalty_k': 0.484830155286905, 'scale_lr': 0.490594304787758}. Best is trial 1674 with value: 0.38142600678748195.
checkpoint_e33 window_influence: 0.32714612843954194, penalty_k: 0.02577500497550046, scale_lr: 0.79953194936038219, EAO: 0.313
Trial 2774 finished with value: 0.31251651239998146 and parameters: {'window_influence': 0.32714612843954194, 'penalty_k': 0.025775004975500462, 'scale_lr': 0.7995319493603822}. Best is trial 1674 with value: 0.38142600678748195.
checkpoint_e33 window_influence: 0.43946906945593506, penalty_k: 0.04541402249872260, scale_lr: 0.65643559914021254, EAO: 0.335
Trial 2775 finished with value: 0.3349134611248506 and parameters: {'window_influence': 0.43946906945593506, 'penalty_k': 0.0454140224987226, 'scale_lr': 0.6564355991402125}. Best is trial 1674 with value: 0.38142600678748195.
checkpoint_e33 window_influence: 0.50949812689525842, penalty_k: 0.11935992487678876, scale_lr: 0.69439101243200663, EAO: 0.325
Trial 2776 finished with value: 0.32467707330614676 and parameters: {'window_influence': 0.5094981268952584, 'penalty_k': 0.11935992487678876, 'scale_lr': 0.6943910124320066}. Best is trial 1674 with value: 0.38142600678748195.
checkpoint_e33 window_influence: 0.61199950611984710, penalty_k: 0.43954022883923199, scale_lr: 0.48282100349600010, EAO: 0.237
Trial 2777 finished with value: 0.23650609838127626 and parameters: {'window_influence': 0.6119995061198471, 'penalty_k': 0.439540228839232, 'scale_lr': 0.4828210034960001}. Best is trial 1674 with value: 0.38142600678748195.
checkpoint_e33 window_influence: 0.48476796967633423, penalty_k: 0.17023391731213855, scale_lr: 0.49990275876529205, EAO: 0.340
Trial 2778 finished with value: 0.3398925111219577 and parameters: {'window_influence': 0.48476796967633423, 'penalty_k': 0.17023391731213855, 'scale_lr': 0.49990275876529205}. Best is trial 1674 with value: 0.38142600678748195.
checkpoint_e33 window_influence: 0.55638015476650637, penalty_k: 0.19091747626401773, scale_lr: 0.38343839938458979, EAO: 0.300
Trial 2779 finished with value: 0.3002878254721601 and parameters: {'window_influence': 0.5563801547665064, 'penalty_k': 0.19091747626401773, 'scale_lr': 0.3834383993845898}. Best is trial 1674 with value: 0.38142600678748195.
checkpoint_e33 window_influence: 0.36817948721207372, penalty_k: 0.01043828277723652, scale_lr: 0.62114263458734886, EAO: 0.333
Trial 2780 finished with value: 0.3332026351518668 and parameters: {'window_influence': 0.3681794872120737, 'penalty_k': 0.010438282777236522, 'scale_lr': 0.6211426345873489}. Best is trial 1674 with value: 0.38142600678748195.
checkpoint_e33 window_influence: 0.52837451806095714, penalty_k: 0.46271226274227567, scale_lr: 0.12111401074061329, EAO: 0.278
Trial 2781 finished with value: 0.27834391941820136 and parameters: {'window_influence': 0.5283745180609571, 'penalty_k': 0.46271226274227567, 'scale_lr': 0.12111401074061329}. Best is trial 1674 with value: 0.38142600678748195.
checkpoint_e33 window_influence: 0.49648126389400438, penalty_k: 0.39378003751903529, scale_lr: 0.71731998502180838, EAO: 0.298
Trial 2782 finished with value: 0.2975110554277665 and parameters: {'window_influence': 0.4964812638940044, 'penalty_k': 0.3937800375190353, 'scale_lr': 0.7173199850218084}. Best is trial 1674 with value: 0.38142600678748195.
checkpoint_e33 window_influence: 0.37949831703395692, penalty_k: 0.21906819345447140, scale_lr: 0.42928420033808046, EAO: 0.313
Trial 2783 finished with value: 0.3128759700384585 and parameters: {'window_influence': 0.3794983170339569, 'penalty_k': 0.2190681934544714, 'scale_lr': 0.42928420033808046}. Best is trial 1674 with value: 0.38142600678748195.
checkpoint_e33 window_influence: 0.18413461645428356, penalty_k: 0.13110015505879150, scale_lr: 0.23897699446815177, EAO: 0.278
Trial 2784 finished with value: 0.2779792379660365 and parameters: {'window_influence': 0.18413461645428356, 'penalty_k': 0.1311001550587915, 'scale_lr': 0.23897699446815177}. Best is trial 1674 with value: 0.38142600678748195.
checkpoint_e33 window_influence: 0.44794607088045502, penalty_k: 0.04410222480215225, scale_lr: 0.46288363751948775, EAO: 0.339
Trial 2785 finished with value: 0.3389579737232817 and parameters: {'window_influence': 0.447946070880455, 'penalty_k': 0.04410222480215225, 'scale_lr': 0.46288363751948775}. Best is trial 1674 with value: 0.38142600678748195.
checkpoint_e33 window_influence: 0.12856160429329946, penalty_k: 0.23377866552826734, scale_lr: 0.35330237987331059, EAO: 0.260
Trial 2786 finished with value: 0.2599404648468188 and parameters: {'window_influence': 0.12856160429329946, 'penalty_k': 0.23377866552826734, 'scale_lr': 0.3533023798733106}. Best is trial 1674 with value: 0.38142600678748195.
checkpoint_e33 window_influence: 0.48736127227953924, penalty_k: 0.41295966686330843, scale_lr: 0.13905635885318868, EAO: 0.308
Trial 2787 finished with value: 0.30819935748781213 and parameters: {'window_influence': 0.48736127227953924, 'penalty_k': 0.41295966686330843, 'scale_lr': 0.13905635885318868}. Best is trial 1674 with value: 0.38142600678748195.
checkpoint_e33 window_influence: 0.51386317835451889, penalty_k: 0.03282889689461708, scale_lr: 0.67873120019525635, EAO: 0.310
Trial 2788 finished with value: 0.3100915592932052 and parameters: {'window_influence': 0.5138631783545189, 'penalty_k': 0.03282889689461708, 'scale_lr': 0.6787312001952563}. Best is trial 1674 with value: 0.38142600678748195.
checkpoint_e33 window_influence: 0.28774314691385283, penalty_k: 0.15974649504771907, scale_lr: 0.41103764597924458, EAO: 0.296
Trial 2789 finished with value: 0.2960103129830342 and parameters: {'window_influence': 0.28774314691385283, 'penalty_k': 0.15974649504771907, 'scale_lr': 0.4110376459792446}. Best is trial 1674 with value: 0.38142600678748195.
checkpoint_e33 window_influence: 0.46921432851325007, penalty_k: 0.53634868855184026, scale_lr: 0.60201714972986387, EAO: 0.316
Trial 2790 finished with value: 0.316054345162926 and parameters: {'window_influence': 0.46921432851325007, 'penalty_k': 0.5363486885518403, 'scale_lr': 0.6020171497298639}. Best is trial 1674 with value: 0.38142600678748195.
checkpoint_e33 window_influence: 0.50102813191870177, penalty_k: 0.52872983013239838, scale_lr: 0.76826439696887427, EAO: 0.294
Trial 2791 finished with value: 0.2942474121481528 and parameters: {'window_influence': 0.5010281319187018, 'penalty_k': 0.5287298301323984, 'scale_lr': 0.7682643969688743}. Best is trial 1674 with value: 0.38142600678748195.
checkpoint_e33 window_influence: 0.11818055577289563, penalty_k: 0.11291761475772200, scale_lr: 0.63615346249924354, EAO: 0.272
Trial 2792 finished with value: 0.2724837264198274 and parameters: {'window_influence': 0.11818055577289563, 'penalty_k': 0.112917614757722, 'scale_lr': 0.6361534624992435}. Best is trial 1674 with value: 0.38142600678748195.
checkpoint_e33 window_influence: 0.45534498035273441, penalty_k: 0.01986007087225360, scale_lr: 0.47672687149562881, EAO: 0.328
Trial 2793 finished with value: 0.3276035152520651 and parameters: {'window_influence': 0.4553449803527344, 'penalty_k': 0.019860070872253596, 'scale_lr': 0.4767268714956288}. Best is trial 1674 with value: 0.38142600678748195.
checkpoint_e33 window_influence: 0.42195902857463097, penalty_k: 0.18018955018047345, scale_lr: 0.50753630988295484, EAO: 0.337
Trial 2794 finished with value: 0.33686301889122694 and parameters: {'window_influence': 0.42195902857463097, 'penalty_k': 0.18018955018047345, 'scale_lr': 0.5075363098829548}. Best is trial 1674 with value: 0.38142600678748195.
checkpoint_e33 window_influence: 0.35318694603553613, penalty_k: 0.32315920877765247, scale_lr: 0.44389039799612995, EAO: 0.316
Trial 2795 finished with value: 0.3158200822683624 and parameters: {'window_influence': 0.35318694603553613, 'penalty_k': 0.3231592087776525, 'scale_lr': 0.44389039799612995}. Best is trial 1674 with value: 0.38142600678748195.
checkpoint_e33 window_influence: 0.54009346578707207, penalty_k: 0.20996448908739943, scale_lr: 0.19684833495878881, EAO: 0.310
Trial 2796 finished with value: 0.3103999838175013 and parameters: {'window_influence': 0.5400934657870721, 'penalty_k': 0.20996448908739943, 'scale_lr': 0.1968483349587888}. Best is trial 1674 with value: 0.38142600678748195.
checkpoint_e33 window_influence: 0.47963208909865551, penalty_k: 0.14693408440305236, scale_lr: 0.49331637357649211, EAO: 0.340
Trial 2797 finished with value: 0.339925638896482 and parameters: {'window_influence': 0.4796320890986555, 'penalty_k': 0.14693408440305236, 'scale_lr': 0.4933163735764921}. Best is trial 1674 with value: 0.38142600678748195.
checkpoint_e33 window_influence: 0.13330297607667155, penalty_k: 0.03992902402439664, scale_lr: 0.70295476160526560, EAO: 0.262
Trial 2798 finished with value: 0.26200676161491454 and parameters: {'window_influence': 0.13330297607667155, 'penalty_k': 0.039929024024396645, 'scale_lr': 0.7029547616052656}. Best is trial 1674 with value: 0.38142600678748195.
checkpoint_e33 window_influence: 0.39870791036820097, penalty_k: 0.13355210717416380, scale_lr: 0.66971693028853407, EAO: 0.315
Trial 2799 finished with value: 0.3153332557079857 and parameters: {'window_influence': 0.39870791036820097, 'penalty_k': 0.1335521071741638, 'scale_lr': 0.6697169302885341}. Best is trial 1674 with value: 0.38142600678748195.
checkpoint_e33 window_influence: 0.52170727247165838, penalty_k: 0.29962154942287167, scale_lr: 0.47554702010839417, EAO: 0.309
Trial 2800 finished with value: 0.3087566555821942 and parameters: {'window_influence': 0.5217072724716584, 'penalty_k': 0.29962154942287167, 'scale_lr': 0.47554702010839417}. Best is trial 1674 with value: 0.38142600678748195.
checkpoint_e33 window_influence: 0.49371902162045184, penalty_k: 0.27160507678493595, scale_lr: 0.73388035975067867, EAO: 0.311
Trial 2801 finished with value: 0.3105365433929495 and parameters: {'window_influence': 0.49371902162045184, 'penalty_k': 0.27160507678493595, 'scale_lr': 0.7338803597506787}. Best is trial 1674 with value: 0.38142600678748195.
checkpoint_e33 window_influence: 0.43348463642286295, penalty_k: 0.00994568504790374, scale_lr: 0.30678137313691400, EAO: 0.338
Trial 2802 finished with value: 0.33843312618333543 and parameters: {'window_influence': 0.43348463642286295, 'penalty_k': 0.009945685047903736, 'scale_lr': 0.306781373136914}. Best is trial 1674 with value: 0.38142600678748195.
checkpoint_e33 window_influence: 0.46810359838146137, penalty_k: 0.24076838898308683, scale_lr: 0.29262416102735755, EAO: 0.338
Trial 2803 finished with value: 0.3378856291102992 and parameters: {'window_influence': 0.46810359838146137, 'penalty_k': 0.24076838898308683, 'scale_lr': 0.29262416102735755}. Best is trial 1674 with value: 0.38142600678748195.
checkpoint_e33 window_influence: 0.51041053480378473, penalty_k: 0.04741617059464219, scale_lr: 0.34804132430442924, EAO: 0.341
Trial 2804 finished with value: 0.3414643754755013 and parameters: {'window_influence': 0.5104105348037847, 'penalty_k': 0.04741617059464219, 'scale_lr': 0.34804132430442924}. Best is trial 1674 with value: 0.38142600678748195.
checkpoint_e33 window_influence: 0.27888913957115713, penalty_k: 0.38240423559259501, scale_lr: 0.50501510934503280, EAO: 0.332
Trial 2805 finished with value: 0.33167926903364725 and parameters: {'window_influence': 0.27888913957115713, 'penalty_k': 0.382404235592595, 'scale_lr': 0.5050151093450328}. Best is trial 1674 with value: 0.38142600678748195.
checkpoint_e33 window_influence: 0.45386187400736105, penalty_k: 0.02877140236251815, scale_lr: 0.78546682779329835, EAO: 0.362
Trial 2806 finished with value: 0.3620050853328482 and parameters: {'window_influence': 0.45386187400736105, 'penalty_k': 0.028771402362518145, 'scale_lr': 0.7854668277932984}. Best is trial 1674 with value: 0.38142600678748195.
checkpoint_e33 window_influence: 0.48094842676992167, penalty_k: 0.16602059303077285, scale_lr: 0.65558559672351491, EAO: 0.337
Trial 2807 finished with value: 0.3372882633589585 and parameters: {'window_influence': 0.48094842676992167, 'penalty_k': 0.16602059303077285, 'scale_lr': 0.6555855967235149}. Best is trial 1674 with value: 0.38142600678748195.
checkpoint_e33 window_influence: 0.49495694927080386, penalty_k: 0.19126115540399422, scale_lr: 0.49066513055197708, EAO: 0.345
