Trial 826 finished with value: 0.3298682641194488 and parameters: {'window_influence': 0.27234662817569943, 'penalty_k': 0.4400871349604336, 'scale_lr': 0.6244244190513337}. Best is trial 164 with value: 0.3660086329577034.
checkpoint_e29 window_influence: 0.46833342387658050, penalty_k: 0.28214906667054668, scale_lr: 0.59716362996378780, EAO: 0.341
Trial 827 finished with value: 0.34125400517237325 and parameters: {'window_influence': 0.4683334238765805, 'penalty_k': 0.2821490666705467, 'scale_lr': 0.5971636299637878}. Best is trial 164 with value: 0.3660086329577034.
checkpoint_e29 window_influence: 0.29132484935998942, penalty_k: 0.57391116255512209, scale_lr: 0.75692481828487801, EAO: 0.305
Trial 828 finished with value: 0.3050976622893189 and parameters: {'window_influence': 0.2913248493599894, 'penalty_k': 0.5739111625551221, 'scale_lr': 0.756924818284878}. Best is trial 164 with value: 0.3660086329577034.
checkpoint_e29 window_influence: 0.12394586865792312, penalty_k: 0.39561277272872808, scale_lr: 0.64686413524814135, EAO: 0.268
Trial 829 finished with value: 0.2681617069453117 and parameters: {'window_influence': 0.12394586865792312, 'penalty_k': 0.3956127727287281, 'scale_lr': 0.6468641352481413}. Best is trial 164 with value: 0.3660086329577034.
checkpoint_e29 window_influence: 0.35724860759683180, penalty_k: 0.41303226149564498, scale_lr: 0.73217735521635618, EAO: 0.337
Trial 830 finished with value: 0.337217525749355 and parameters: {'window_influence': 0.3572486075968318, 'penalty_k': 0.413032261495645, 'scale_lr': 0.7321773552163562}. Best is trial 164 with value: 0.3660086329577034.
checkpoint_e29 window_influence: 0.14722787157520531, penalty_k: 0.32484811049385853, scale_lr: 0.66021554419953243, EAO: 0.273
Trial 831 finished with value: 0.27313427505326177 and parameters: {'window_influence': 0.1472278715752053, 'penalty_k': 0.32484811049385853, 'scale_lr': 0.6602155441995324}. Best is trial 164 with value: 0.3660086329577034.
checkpoint_e29 window_influence: 0.42238767579441194, penalty_k: 0.41858458917795688, scale_lr: 0.39065671692384418, EAO: 0.333
Trial 832 finished with value: 0.333211066657931 and parameters: {'window_influence': 0.42238767579441194, 'penalty_k': 0.4185845891779569, 'scale_lr': 0.3906567169238442}. Best is trial 164 with value: 0.3660086329577034.
checkpoint_e29 window_influence: 0.48600041520182319, penalty_k: 0.38574917928741187, scale_lr: 0.71441127440073937, EAO: 0.329
Trial 833 finished with value: 0.328556670868907 and parameters: {'window_influence': 0.4860004152018232, 'penalty_k': 0.38574917928741187, 'scale_lr': 0.7144112744007394}. Best is trial 164 with value: 0.3660086329577034.
checkpoint_e29 window_influence: 0.37391939954185260, penalty_k: 0.33833052139446473, scale_lr: 0.60176244871209150, EAO: 0.344
Trial 834 finished with value: 0.3437846094253926 and parameters: {'window_influence': 0.3739193995418526, 'penalty_k': 0.33833052139446473, 'scale_lr': 0.6017624487120915}. Best is trial 164 with value: 0.3660086329577034.
checkpoint_e29 window_influence: 0.33866896522669598, penalty_k: 0.42499074250964064, scale_lr: 0.63734596904981045, EAO: 0.315
Trial 835 finished with value: 0.3147316633611338 and parameters: {'window_influence': 0.338668965226696, 'penalty_k': 0.42499074250964064, 'scale_lr': 0.6373459690498104}. Best is trial 164 with value: 0.3660086329577034.
checkpoint_e29 window_influence: 0.43783521328071057, penalty_k: 0.09789244985338755, scale_lr: 0.58972009429972105, EAO: 0.337
Trial 836 finished with value: 0.33748017895082555 and parameters: {'window_influence': 0.43783521328071057, 'penalty_k': 0.09789244985338755, 'scale_lr': 0.589720094299721}. Best is trial 164 with value: 0.3660086329577034.
checkpoint_e29 window_influence: 0.09123679994130862, penalty_k: 0.39927926200196223, scale_lr: 0.48558662810512798, EAO: 0.253
Trial 837 finished with value: 0.2532973999759103 and parameters: {'window_influence': 0.09123679994130862, 'penalty_k': 0.39927926200196223, 'scale_lr': 0.485586628105128}. Best is trial 164 with value: 0.3660086329577034.
checkpoint_e29 window_influence: 0.32482082813427821, penalty_k: 0.37701011762447495, scale_lr: 0.62400829609823383, EAO: 0.296
Trial 838 finished with value: 0.29569375375829315 and parameters: {'window_influence': 0.3248208281342782, 'penalty_k': 0.37701011762447495, 'scale_lr': 0.6240082960982338}. Best is trial 164 with value: 0.3660086329577034.
checkpoint_e29 window_influence: 0.05226198983908015, penalty_k: 0.34400693777184893, scale_lr: 0.61123262038699200, EAO: 0.254
Trial 839 finished with value: 0.25431802961612954 and parameters: {'window_influence': 0.05226198983908015, 'penalty_k': 0.34400693777184893, 'scale_lr': 0.611232620386992}. Best is trial 164 with value: 0.3660086329577034.
checkpoint_e29 window_influence: 0.47669830574498656, penalty_k: 0.44976105367728952, scale_lr: 0.44954497984942177, EAO: 0.320
Trial 840 finished with value: 0.31996433831142546 and parameters: {'window_influence': 0.47669830574498656, 'penalty_k': 0.4497610536772895, 'scale_lr': 0.44954497984942177}. Best is trial 164 with value: 0.3660086329577034.
checkpoint_e29 window_influence: 0.44885405367989856, penalty_k: 0.30358424569662462, scale_lr: 0.74113756480006954, EAO: 0.336
Trial 841 finished with value: 0.33553451415629704 and parameters: {'window_influence': 0.44885405367989856, 'penalty_k': 0.3035842456966246, 'scale_lr': 0.7411375648000695}. Best is trial 164 with value: 0.3660086329577034.
checkpoint_e29 window_influence: 0.17295716543384290, penalty_k: 0.01925788134828255, scale_lr: 0.40843478470360772, EAO: 0.282
Trial 842 finished with value: 0.2820772370939589 and parameters: {'window_influence': 0.1729571654338429, 'penalty_k': 0.019257881348282546, 'scale_lr': 0.4084347847036077}. Best is trial 164 with value: 0.3660086329577034.
checkpoint_e29 window_influence: 0.36910346284668155, penalty_k: 0.40639932781853044, scale_lr: 0.76405122923566837, EAO: 0.335
Trial 843 finished with value: 0.3354706231954033 and parameters: {'window_influence': 0.36910346284668155, 'penalty_k': 0.40639932781853044, 'scale_lr': 0.7640512292356684}. Best is trial 164 with value: 0.3660086329577034.
checkpoint_e29 window_influence: 0.38837308874644211, penalty_k: 0.38961274244416999, scale_lr: 0.67738892858838173, EAO: 0.328
Trial 844 finished with value: 0.3284021228667827 and parameters: {'window_influence': 0.3883730887464421, 'penalty_k': 0.38961274244417, 'scale_lr': 0.6773889285883817}. Best is trial 164 with value: 0.3660086329577034.
checkpoint_e29 window_influence: 0.23015268215430856, penalty_k: 0.27492158699023084, scale_lr: 0.46801910999802621, EAO: 0.297
Trial 845 finished with value: 0.2974791879899771 and parameters: {'window_influence': 0.23015268215430856, 'penalty_k': 0.27492158699023084, 'scale_lr': 0.4680191099980262}. Best is trial 164 with value: 0.3660086329577034.
checkpoint_e29 window_influence: 0.41491091274064668, penalty_k: 0.25517053846944587, scale_lr: 0.63052089913779141, EAO: 0.325
Trial 846 finished with value: 0.32537429237644033 and parameters: {'window_influence': 0.4149109127406467, 'penalty_k': 0.2551705384694459, 'scale_lr': 0.6305208991377914}. Best is trial 164 with value: 0.3660086329577034.
checkpoint_e29 window_influence: 0.46138604679870310, penalty_k: 0.02289899995997796, scale_lr: 0.58068914617109979, EAO: 0.343
Trial 847 finished with value: 0.34316147498583516 and parameters: {'window_influence': 0.4613860467987031, 'penalty_k': 0.02289899995997796, 'scale_lr': 0.5806891461710998}. Best is trial 164 with value: 0.3660086329577034.
checkpoint_e29 window_influence: 0.36170315290029698, penalty_k: 0.43310128892039979, scale_lr: 0.66449555291943363, EAO: 0.337
Trial 848 finished with value: 0.3365528772545232 and parameters: {'window_influence': 0.361703152900297, 'penalty_k': 0.4331012889203998, 'scale_lr': 0.6644955529194336}. Best is trial 164 with value: 0.3660086329577034.
checkpoint_e29 window_influence: 0.38184175806370363, penalty_k: 0.21910859424187584, scale_lr: 0.60580591816495521, EAO: 0.323
Trial 849 finished with value: 0.32345926268787234 and parameters: {'window_influence': 0.38184175806370363, 'penalty_k': 0.21910859424187584, 'scale_lr': 0.6058059181649552}. Best is trial 164 with value: 0.3660086329577034.
checkpoint_e29 window_influence: 0.52083744211942062, penalty_k: 0.48908577834513589, scale_lr: 0.78899104322379099, EAO: 0.302
Trial 850 finished with value: 0.30212596835793226 and parameters: {'window_influence': 0.5208374421194206, 'penalty_k': 0.4890857783451359, 'scale_lr': 0.788991043223791}. Best is trial 164 with value: 0.3660086329577034.
checkpoint_e29 window_influence: 0.07881985989189760, penalty_k: 0.23188429660598811, scale_lr: 0.50671947935869477, EAO: 0.257
Trial 851 finished with value: 0.2571947649991002 and parameters: {'window_influence': 0.0788198598918976, 'penalty_k': 0.2318842966059881, 'scale_lr': 0.5067194793586948}. Best is trial 164 with value: 0.3660086329577034.
checkpoint_e29 window_influence: 0.25464767564535301, penalty_k: 0.36140844798955973, scale_lr: 0.64532071079884612, EAO: 0.304
Trial 852 finished with value: 0.303882871620386 and parameters: {'window_influence': 0.254647675645353, 'penalty_k': 0.36140844798955973, 'scale_lr': 0.6453207107988461}. Best is trial 164 with value: 0.3660086329577034.
checkpoint_e29 window_influence: 0.51130842326387083, penalty_k: 0.33147332839603694, scale_lr: 0.69701722142951084, EAO: 0.282
Trial 853 finished with value: 0.28172987276246114 and parameters: {'window_influence': 0.5113084232638708, 'penalty_k': 0.33147332839603694, 'scale_lr': 0.6970172214295108}. Best is trial 164 with value: 0.3660086329577034.
checkpoint_e29 window_influence: 0.63481968819335521, penalty_k: 0.31893014917392021, scale_lr: 0.59049185895052780, EAO: 0.230
Trial 854 finished with value: 0.23019650108851347 and parameters: {'window_influence': 0.6348196881933552, 'penalty_k': 0.3189301491739202, 'scale_lr': 0.5904918589505278}. Best is trial 164 with value: 0.3660086329577034.
checkpoint_e29 window_influence: 0.16580987815741238, penalty_k: 0.37306239382451961, scale_lr: 0.61738585230930643, EAO: 0.275
Trial 855 finished with value: 0.2745445578246729 and parameters: {'window_influence': 0.16580987815741238, 'penalty_k': 0.3730623938245196, 'scale_lr': 0.6173858523093064}. Best is trial 164 with value: 0.3660086329577034.
checkpoint_e29 window_influence: 0.35082747843046114, penalty_k: 0.28903167950154618, scale_lr: 0.75208843034355577, EAO: 0.314
Trial 856 finished with value: 0.3143173059020989 and parameters: {'window_influence': 0.35082747843046114, 'penalty_k': 0.2890316795015462, 'scale_lr': 0.7520884303435558}. Best is trial 164 with value: 0.3660086329577034.
checkpoint_e29 window_influence: 0.42541774856375786, penalty_k: 0.40133402610290131, scale_lr: 0.12397660651440645, EAO: 0.314
Trial 857 finished with value: 0.31354599791046245 and parameters: {'window_influence': 0.42541774856375786, 'penalty_k': 0.4013340261029013, 'scale_lr': 0.12397660651440645}. Best is trial 164 with value: 0.3660086329577034.
checkpoint_e29 window_influence: 0.40427188147750898, penalty_k: 0.38388707643755682, scale_lr: 0.72049597149902100, EAO: 0.315
Trial 858 finished with value: 0.315106945452987 and parameters: {'window_influence': 0.404271881477509, 'penalty_k': 0.3838870764375568, 'scale_lr': 0.720495971499021}. Best is trial 164 with value: 0.3660086329577034.
checkpoint_e29 window_influence: 0.43854307482778682, penalty_k: 0.18910894249064383, scale_lr: 0.62848115099704405, EAO: 0.334
Trial 859 finished with value: 0.3339813587034723 and parameters: {'window_influence': 0.4385430748277868, 'penalty_k': 0.18910894249064383, 'scale_lr': 0.628481150997044}. Best is trial 164 with value: 0.3660086329577034.
checkpoint_e29 window_influence: 0.45367353734335109, penalty_k: 0.20529664457159552, scale_lr: 0.43953449013337670, EAO: 0.316
Trial 860 finished with value: 0.3162027306361885 and parameters: {'window_influence': 0.4536735373433511, 'penalty_k': 0.20529664457159552, 'scale_lr': 0.4395344901333767}. Best is trial 164 with value: 0.3660086329577034.
checkpoint_e29 window_influence: 0.31729431534620123, penalty_k: 0.34977238239355007, scale_lr: 0.60315483817332005, EAO: 0.313
Trial 861 finished with value: 0.3133799576341874 and parameters: {'window_influence': 0.31729431534620123, 'penalty_k': 0.3497723823935501, 'scale_lr': 0.60315483817332}. Best is trial 164 with value: 0.3660086329577034.
checkpoint_e29 window_influence: 0.28351741174177425, penalty_k: 0.53265198698757510, scale_lr: 0.57176121509815925, EAO: 0.307
Trial 862 finished with value: 0.3068819591043524 and parameters: {'window_influence': 0.28351741174177425, 'penalty_k': 0.5326519869875751, 'scale_lr': 0.5717612150981592}. Best is trial 164 with value: 0.3660086329577034.
checkpoint_e29 window_influence: 0.34070066003628213, penalty_k: 0.41504349165052695, scale_lr: 0.65113729043780000, EAO: 0.310
Trial 863 finished with value: 0.3097015964845739 and parameters: {'window_influence': 0.34070066003628213, 'penalty_k': 0.41504349165052695, 'scale_lr': 0.6511372904378}. Best is trial 164 with value: 0.3660086329577034.
checkpoint_e29 window_influence: 0.39263831438827235, penalty_k: 0.10810721084688815, scale_lr: 0.77561976999751070, EAO: 0.323
Trial 864 finished with value: 0.3230255127301012 and parameters: {'window_influence': 0.39263831438827235, 'penalty_k': 0.10810721084688815, 'scale_lr': 0.7756197699975107}. Best is trial 164 with value: 0.3660086329577034.
checkpoint_e29 window_influence: 0.49852807664305210, penalty_k: 0.54274583356287964, scale_lr: 0.36760953989415313, EAO: 0.314
Trial 865 finished with value: 0.3139226665640619 and parameters: {'window_influence': 0.4985280766430521, 'penalty_k': 0.5427458335628796, 'scale_lr': 0.3676095398941531}. Best is trial 164 with value: 0.3660086329577034.
checkpoint_e29 window_influence: 0.37617067010240035, penalty_k: 0.18832055728711128, scale_lr: 0.20730751677539669, EAO: 0.325
Trial 866 finished with value: 0.32537117449689934 and parameters: {'window_influence': 0.37617067010240035, 'penalty_k': 0.18832055728711128, 'scale_lr': 0.2073075167753967}. Best is trial 164 with value: 0.3660086329577034.
checkpoint_e29 window_influence: 0.36103131308535141, penalty_k: 0.59523008909509034, scale_lr: 0.63847841580213338, EAO: 0.321
Trial 867 finished with value: 0.32101000816441694 and parameters: {'window_influence': 0.3610313130853514, 'penalty_k': 0.5952300890950903, 'scale_lr': 0.6384784158021334}. Best is trial 164 with value: 0.3660086329577034.
checkpoint_e29 window_influence: 0.47544847832070403, penalty_k: 0.36822310882007403, scale_lr: 0.61853570726733931, EAO: 0.323
Trial 868 finished with value: 0.3231910984339881 and parameters: {'window_influence': 0.475448478320704, 'penalty_k': 0.36822310882007403, 'scale_lr': 0.6185357072673393}. Best is trial 164 with value: 0.3660086329577034.
checkpoint_e29 window_influence: 0.20292598290415051, penalty_k: 0.39661522127401999, scale_lr: 0.52651645505434874, EAO: 0.287
Trial 869 finished with value: 0.2873882964427369 and parameters: {'window_influence': 0.2029259829041505, 'penalty_k': 0.39661522127402, 'scale_lr': 0.5265164550543487}. Best is trial 164 with value: 0.3660086329577034.
checkpoint_e29 window_influence: 0.41550630166194047, penalty_k: 0.50360347937408589, scale_lr: 0.41379091777921279, EAO: 0.329
Trial 870 finished with value: 0.32865765540052483 and parameters: {'window_influence': 0.41550630166194047, 'penalty_k': 0.5036034793740859, 'scale_lr': 0.4137909177792128}. Best is trial 164 with value: 0.3660086329577034.
checkpoint_e29 window_influence: 0.29548909932693390, penalty_k: 0.38487680564298754, scale_lr: 0.31764804696557236, EAO: 0.299
Trial 871 finished with value: 0.2991409305816495 and parameters: {'window_influence': 0.2954890993269339, 'penalty_k': 0.38487680564298754, 'scale_lr': 0.31764804696557236}. Best is trial 164 with value: 0.3660086329577034.
checkpoint_e29 window_influence: 0.56558707158206301, penalty_k: 0.35802928445350996, scale_lr: 0.59403703550018538, EAO: 0.262
Trial 872 finished with value: 0.26154448439870825 and parameters: {'window_influence': 0.565587071582063, 'penalty_k': 0.35802928445350996, 'scale_lr': 0.5940370355001854}. Best is trial 164 with value: 0.3660086329577034.
checkpoint_e29 window_influence: 0.44904284349478424, penalty_k: 0.41043625544119916, scale_lr: 0.66693752677580098, EAO: 0.321
Trial 873 finished with value: 0.3208421429307544 and parameters: {'window_influence': 0.44904284349478424, 'penalty_k': 0.41043625544119916, 'scale_lr': 0.666937526775801}. Best is trial 164 with value: 0.3660086329577034.
checkpoint_e29 window_influence: 0.30792600899945638, penalty_k: 0.32483861377665313, scale_lr: 0.68528325461674156, EAO: 0.320
Trial 874 finished with value: 0.3195931682442877 and parameters: {'window_influence': 0.3079260089994564, 'penalty_k': 0.32483861377665313, 'scale_lr': 0.6852832546167416}. Best is trial 164 with value: 0.3660086329577034.
checkpoint_e29 window_influence: 0.43061703185594086, penalty_k: 0.24781027743932768, scale_lr: 0.49118186043551237, EAO: 0.342
Trial 875 finished with value: 0.342115153830339 and parameters: {'window_influence': 0.43061703185594086, 'penalty_k': 0.24781027743932768, 'scale_lr': 0.4911818604355124}. Best is trial 164 with value: 0.3660086329577034.
checkpoint_e29 window_influence: 0.46489893791320125, penalty_k: 0.31353426336419493, scale_lr: 0.73607756214582609, EAO: 0.320
Trial 876 finished with value: 0.32036081373923486 and parameters: {'window_influence': 0.46489893791320125, 'penalty_k': 0.31353426336419493, 'scale_lr': 0.7360775621458261}. Best is trial 164 with value: 0.3660086329577034.
checkpoint_e29 window_influence: 0.39811960773548261, penalty_k: 0.43113757701270805, scale_lr: 0.76836132843557237, EAO: 0.336
Trial 877 finished with value: 0.3362335785353694 and parameters: {'window_influence': 0.3981196077354826, 'penalty_k': 0.43113757701270805, 'scale_lr': 0.7683613284355724}. Best is trial 164 with value: 0.3660086329577034.
checkpoint_e29 window_influence: 0.36855313654018124, penalty_k: 0.33950884062668057, scale_lr: 0.60711719419225763, EAO: 0.325
Trial 878 finished with value: 0.32529752634842574 and parameters: {'window_influence': 0.36855313654018124, 'penalty_k': 0.3395088406266806, 'scale_lr': 0.6071171941922576}. Best is trial 164 with value: 0.3660086329577034.
checkpoint_e29 window_influence: 0.49264745436323942, penalty_k: 0.55065590445488954, scale_lr: 0.58499194705885160, EAO: 0.315
Trial 879 finished with value: 0.3148490528536214 and parameters: {'window_influence': 0.4926474543632394, 'penalty_k': 0.5506559044548895, 'scale_lr': 0.5849919470588516}. Best is trial 164 with value: 0.3660086329577034.
checkpoint_e29 window_influence: 0.07177232685193830, penalty_k: 0.37416329551383104, scale_lr: 0.62310607407209473, EAO: 0.248
Trial 880 finished with value: 0.2479036835381029 and parameters: {'window_influence': 0.0717723268519383, 'penalty_k': 0.37416329551383104, 'scale_lr': 0.6231060740720947}. Best is trial 164 with value: 0.3660086329577034.
checkpoint_e29 window_influence: 0.34803011417181562, penalty_k: 0.39110445008510980, scale_lr: 0.71900771220439652, EAO: 0.313
Trial 881 finished with value: 0.313444918753572 and parameters: {'window_influence': 0.3480301141718156, 'penalty_k': 0.3911044500851098, 'scale_lr': 0.7190077122043965}. Best is trial 164 with value: 0.3660086329577034.
checkpoint_e29 window_influence: 0.38355730549487416, penalty_k: 0.55100940790567088, scale_lr: 0.63414730611227699, EAO: 0.310
Trial 882 finished with value: 0.31043889434421107 and parameters: {'window_influence': 0.38355730549487416, 'penalty_k': 0.5510094079056709, 'scale_lr': 0.634147306112277}. Best is trial 164 with value: 0.3660086329577034.
checkpoint_e29 window_influence: 0.11899170230295450, penalty_k: 0.41905022406259074, scale_lr: 0.38667965922252989, EAO: 0.256
Trial 883 finished with value: 0.25579773179519966 and parameters: {'window_influence': 0.1189917023029545, 'penalty_k': 0.41905022406259074, 'scale_lr': 0.3866796592225299}. Best is trial 164 with value: 0.3660086329577034.
checkpoint_e29 window_influence: 0.33554276170657760, penalty_k: 0.29818027428016081, scale_lr: 0.75028115850266708, EAO: 0.332
Trial 884 finished with value: 0.33151539023748167 and parameters: {'window_influence': 0.3355427617065776, 'penalty_k': 0.2981802742801608, 'scale_lr': 0.7502811585026671}. Best is trial 164 with value: 0.3660086329577034.
checkpoint_e29 window_influence: 0.40648391598413419, penalty_k: 0.46253961538208410, scale_lr: 0.70195399226007271, EAO: 0.325
Trial 885 finished with value: 0.32535635543704494 and parameters: {'window_influence': 0.4064839159841342, 'penalty_k': 0.4625396153820841, 'scale_lr': 0.7019539922600727}. Best is trial 164 with value: 0.3660086329577034.
checkpoint_e29 window_influence: 0.44332431822757457, penalty_k: 0.40203775339900316, scale_lr: 0.56104538288201855, EAO: 0.315
Trial 886 finished with value: 0.3149102685052597 and parameters: {'window_influence': 0.44332431822757457, 'penalty_k': 0.40203775339900316, 'scale_lr': 0.5610453828820186}. Best is trial 164 with value: 0.3660086329577034.
checkpoint_e29 window_influence: 0.36267338134459198, penalty_k: 0.35160120931700339, scale_lr: 0.65377908169528143, EAO: 0.344
Trial 887 finished with value: 0.3443420015652356 and parameters: {'window_influence': 0.362673381344592, 'penalty_k': 0.3516012093170034, 'scale_lr': 0.6537790816952814}. Best is trial 164 with value: 0.3660086329577034.
checkpoint_e29 window_influence: 0.26093365289011627, penalty_k: 0.36602882002953779, scale_lr: 0.61197706182276368, EAO: 0.313
