Trial 372 finished with value: 0.3353420396259323 and parameters: {'window_influence': 0.4729075475012937, 'penalty_k': 0.0664862336652874, 'scale_lr': 0.5960559528494075}. Best is trial 62 with value: 0.3726749919963718.
checkpoint_e29 window_influence: 0.43300916401472678, penalty_k: 0.57157230854397234, scale_lr: 0.39031958326018767, EAO: 0.293
Trial 373 finished with value: 0.29335395139478987 and parameters: {'window_influence': 0.4330091640147268, 'penalty_k': 0.5715723085439723, 'scale_lr': 0.3903195832601877}. Best is trial 62 with value: 0.3726749919963718.
checkpoint_e29 window_influence: 0.34789032208994081, penalty_k: 0.09198519514361318, scale_lr: 0.58098908521313242, EAO: 0.320
Trial 374 finished with value: 0.3198381716291264 and parameters: {'window_influence': 0.3478903220899408, 'penalty_k': 0.09198519514361318, 'scale_lr': 0.5809890852131324}. Best is trial 62 with value: 0.3726749919963718.
checkpoint_e29 window_influence: 0.52988677465014011, penalty_k: 0.05111538598781806, scale_lr: 0.61127598009176765, EAO: 0.296
Trial 375 finished with value: 0.29551555651171196 and parameters: {'window_influence': 0.5298867746501401, 'penalty_k': 0.05111538598781806, 'scale_lr': 0.6112759800917676}. Best is trial 62 with value: 0.3726749919963718.
checkpoint_e29 window_influence: 0.39204505970466791, penalty_k: 0.03399868667986099, scale_lr: 0.52337183922390107, EAO: 0.338
Trial 376 finished with value: 0.3375553992007957 and parameters: {'window_influence': 0.3920450597046679, 'penalty_k': 0.03399868667986099, 'scale_lr': 0.5233718392239011}. Best is trial 62 with value: 0.3726749919963718.
checkpoint_e29 window_influence: 0.51355683629046178, penalty_k: 0.10400214478640804, scale_lr: 0.74264695195937414, EAO: 0.314
Trial 377 finished with value: 0.3137650210917692 and parameters: {'window_influence': 0.5135568362904618, 'penalty_k': 0.10400214478640804, 'scale_lr': 0.7426469519593741}. Best is trial 62 with value: 0.3726749919963718.
checkpoint_e29 window_influence: 0.50479451613408799, penalty_k: 0.06498681293235137, scale_lr: 0.54498657676927309, EAO: 0.354
Trial 378 finished with value: 0.3543974596006861 and parameters: {'window_influence': 0.504794516134088, 'penalty_k': 0.06498681293235137, 'scale_lr': 0.5449865767692731}. Best is trial 62 with value: 0.3726749919963718.
checkpoint_e29 window_influence: 0.50420129566578731, penalty_k: 0.07529592194441946, scale_lr: 0.55090492860532703, EAO: 0.351
Trial 379 finished with value: 0.35081139032942776 and parameters: {'window_influence': 0.5042012956657873, 'penalty_k': 0.07529592194441946, 'scale_lr': 0.550904928605327}. Best is trial 62 with value: 0.3726749919963718.
checkpoint_e29 window_influence: 0.59145613308971845, penalty_k: 0.06545081096887991, scale_lr: 0.54166234571921545, EAO: 0.269
Trial 380 finished with value: 0.26853965344596004 and parameters: {'window_influence': 0.5914561330897184, 'penalty_k': 0.0654508109688799, 'scale_lr': 0.5416623457192155}. Best is trial 62 with value: 0.3726749919963718.
checkpoint_e29 window_influence: 0.55273068097871281, penalty_k: 0.08762565611193943, scale_lr: 0.50440535794864649, EAO: 0.314
Trial 381 finished with value: 0.3141357816958706 and parameters: {'window_influence': 0.5527306809787128, 'penalty_k': 0.08762565611193943, 'scale_lr': 0.5044053579486465}. Best is trial 62 with value: 0.3726749919963718.
checkpoint_e29 window_influence: 0.41449370274925418, penalty_k: 0.07767750557323602, scale_lr: 0.56236632598871206, EAO: 0.325
Trial 382 finished with value: 0.32532138165796776 and parameters: {'window_influence': 0.4144937027492542, 'penalty_k': 0.07767750557323602, 'scale_lr': 0.5623663259887121}. Best is trial 62 with value: 0.3726749919963718.
checkpoint_e29 window_influence: 0.51943149515193976, penalty_k: 0.06383414335366223, scale_lr: 0.52019591476552041, EAO: 0.319
Trial 383 finished with value: 0.3186464641924498 and parameters: {'window_influence': 0.5194314951519398, 'penalty_k': 0.06383414335366223, 'scale_lr': 0.5201959147655204}. Best is trial 62 with value: 0.3726749919963718.
checkpoint_e29 window_influence: 0.50142691449878884, penalty_k: 0.16271498521440675, scale_lr: 0.54023717468325050, EAO: 0.323
Trial 384 finished with value: 0.32340421750851645 and parameters: {'window_influence': 0.5014269144987888, 'penalty_k': 0.16271498521440675, 'scale_lr': 0.5402371746832505}. Best is trial 62 with value: 0.3726749919963718.
checkpoint_e29 window_influence: 0.53312083552890943, penalty_k: 0.11397302703586905, scale_lr: 0.57369812213996740, EAO: 0.311
Trial 385 finished with value: 0.31090969809762237 and parameters: {'window_influence': 0.5331208355289094, 'penalty_k': 0.11397302703586905, 'scale_lr': 0.5736981221399674}. Best is trial 62 with value: 0.3726749919963718.
checkpoint_e29 window_influence: 0.51364515181645309, penalty_k: 0.18828840440446912, scale_lr: 0.41816543826156494, EAO: 0.327
Trial 386 finished with value: 0.3268562832463112 and parameters: {'window_influence': 0.5136451518164531, 'penalty_k': 0.18828840440446912, 'scale_lr': 0.41816543826156494}. Best is trial 62 with value: 0.3726749919963718.
checkpoint_e29 window_influence: 0.49034648779673817, penalty_k: 0.05209149289411406, scale_lr: 0.55522461283940683, EAO: 0.330
Trial 387 finished with value: 0.32995803056987805 and parameters: {'window_influence': 0.4903464877967382, 'penalty_k': 0.05209149289411406, 'scale_lr': 0.5552246128394068}. Best is trial 62 with value: 0.3726749919963718.
checkpoint_e29 window_influence: 0.50068656425216063, penalty_k: 0.28831617288190292, scale_lr: 0.42478299644207546, EAO: 0.322
Trial 388 finished with value: 0.32234045561649455 and parameters: {'window_influence': 0.5006865642521606, 'penalty_k': 0.2883161728819029, 'scale_lr': 0.42478299644207546}. Best is trial 62 with value: 0.3726749919963718.
checkpoint_e29 window_influence: 0.54233995950051139, penalty_k: 0.09209100903649575, scale_lr: 0.67512511096475403, EAO: 0.302
Trial 389 finished with value: 0.30200688888822547 and parameters: {'window_influence': 0.5423399595005114, 'penalty_k': 0.09209100903649575, 'scale_lr': 0.675125110964754}. Best is trial 62 with value: 0.3726749919963718.
checkpoint_e29 window_influence: 0.08088789877968611, penalty_k: 0.06192379380772376, scale_lr: 0.72067463126175724, EAO: 0.254
Trial 390 finished with value: 0.25365423640156537 and parameters: {'window_influence': 0.08088789877968611, 'penalty_k': 0.06192379380772376, 'scale_lr': 0.7206746312617572}. Best is trial 62 with value: 0.3726749919963718.
checkpoint_e29 window_influence: 0.52079841054842479, penalty_k: 0.07656000686776503, scale_lr: 0.46514222228181185, EAO: 0.328
Trial 391 finished with value: 0.32792085745455224 and parameters: {'window_influence': 0.5207984105484248, 'penalty_k': 0.07656000686776503, 'scale_lr': 0.46514222228181185}. Best is trial 62 with value: 0.3726749919963718.
checkpoint_e29 window_influence: 0.48512189436768616, penalty_k: 0.04162126866581678, scale_lr: 0.70464044843925189, EAO: 0.335
Trial 392 finished with value: 0.33465988731105967 and parameters: {'window_influence': 0.48512189436768616, 'penalty_k': 0.04162126866581678, 'scale_lr': 0.7046404484392519}. Best is trial 62 with value: 0.3726749919963718.
checkpoint_e29 window_influence: 0.51185131940830431, penalty_k: 0.10463479479198638, scale_lr: 0.40084584805118761, EAO: 0.329
Trial 393 finished with value: 0.32898202990743436 and parameters: {'window_influence': 0.5118513194083043, 'penalty_k': 0.10463479479198638, 'scale_lr': 0.4008458480511876}. Best is trial 62 with value: 0.3726749919963718.
checkpoint_e29 window_influence: 0.50102441448214485, penalty_k: 0.35295124887932156, scale_lr: 0.48925912498134977, EAO: 0.321
Trial 394 finished with value: 0.3210398676562402 and parameters: {'window_influence': 0.5010244144821449, 'penalty_k': 0.35295124887932156, 'scale_lr': 0.48925912498134977}. Best is trial 62 with value: 0.3726749919963718.
checkpoint_e29 window_influence: 0.29504633230476801, penalty_k: 0.02240417897361568, scale_lr: 0.37386834482884956, EAO: 0.301
Trial 395 finished with value: 0.3014275860693668 and parameters: {'window_influence': 0.295046332304768, 'penalty_k': 0.022404178973615678, 'scale_lr': 0.37386834482884956}. Best is trial 62 with value: 0.3726749919963718.
checkpoint_e29 window_influence: 0.61306910412602988, penalty_k: 0.05672601111865298, scale_lr: 0.43613319494980141, EAO: 0.253
Trial 396 finished with value: 0.25321683310813015 and parameters: {'window_influence': 0.6130691041260299, 'penalty_k': 0.056726011118652976, 'scale_lr': 0.4361331949498014}. Best is trial 62 with value: 0.3726749919963718.
checkpoint_e29 window_influence: 0.52860793465938627, penalty_k: 0.17795038618210307, scale_lr: 0.53425259033590966, EAO: 0.301
Trial 397 finished with value: 0.3014950342331415 and parameters: {'window_influence': 0.5286079346593863, 'penalty_k': 0.17795038618210307, 'scale_lr': 0.5342525903359097}. Best is trial 62 with value: 0.3726749919963718.
checkpoint_e29 window_influence: 0.47573614558994304, penalty_k: 0.00943369556328493, scale_lr: 0.77491726534886418, EAO: 0.339
Trial 398 finished with value: 0.3392102055048664 and parameters: {'window_influence': 0.47573614558994304, 'penalty_k': 0.009433695563284928, 'scale_lr': 0.7749172653488642}. Best is trial 62 with value: 0.3726749919963718.
checkpoint_e29 window_influence: 0.49533849847558586, penalty_k: 0.08230064189187328, scale_lr: 0.56616664417441853, EAO: 0.360
Trial 399 finished with value: 0.35970340558990893 and parameters: {'window_influence': 0.49533849847558586, 'penalty_k': 0.08230064189187328, 'scale_lr': 0.5661666441744185}. Best is trial 62 with value: 0.3726749919963718.
checkpoint_e29 window_influence: 0.48930580641103272, penalty_k: 0.22556873561501473, scale_lr: 0.58506023051879552, EAO: 0.349
Trial 400 finished with value: 0.3492522098210999 and parameters: {'window_influence': 0.4893058064110327, 'penalty_k': 0.22556873561501473, 'scale_lr': 0.5850602305187955}. Best is trial 62 with value: 0.3726749919963718.
checkpoint_e29 window_influence: 0.37510992577212832, penalty_k: 0.08620910177339502, scale_lr: 0.56959110682336123, EAO: 0.321
Trial 401 finished with value: 0.3206437709034649 and parameters: {'window_influence': 0.3751099257721283, 'penalty_k': 0.08620910177339502, 'scale_lr': 0.5695911068233612}. Best is trial 62 with value: 0.3726749919963718.
checkpoint_e29 window_influence: 0.47896550555007289, penalty_k: 0.15511376747823777, scale_lr: 0.56203144550633977, EAO: 0.335
Trial 402 finished with value: 0.3349164797406252 and parameters: {'window_influence': 0.4789655055500729, 'penalty_k': 0.15511376747823777, 'scale_lr': 0.5620314455063398}. Best is trial 62 with value: 0.3726749919963718.
checkpoint_e29 window_influence: 0.57480736412755462, penalty_k: 0.13675265040386392, scale_lr: 0.20408950031595652, EAO: 0.301
Trial 403 finished with value: 0.30145404299409473 and parameters: {'window_influence': 0.5748073641275546, 'penalty_k': 0.13675265040386392, 'scale_lr': 0.20408950031595652}. Best is trial 62 with value: 0.3726749919963718.
checkpoint_e29 window_influence: 0.49562603273976968, penalty_k: 0.23906035033209505, scale_lr: 0.54959998739814442, EAO: 0.330
Trial 404 finished with value: 0.329775741707954 and parameters: {'window_influence': 0.4956260327397697, 'penalty_k': 0.23906035033209505, 'scale_lr': 0.5495999873981444}. Best is trial 62 with value: 0.3726749919963718.
checkpoint_e29 window_influence: 0.55719873943628173, penalty_k: 0.11988092528841750, scale_lr: 0.51987929616287487, EAO: 0.299
Trial 405 finished with value: 0.2988791000750278 and parameters: {'window_influence': 0.5571987394362817, 'penalty_k': 0.1198809252884175, 'scale_lr': 0.5198792961628749}. Best is trial 62 with value: 0.3726749919963718.
checkpoint_e29 window_influence: 0.50809721174419253, penalty_k: 0.10236158193683466, scale_lr: 0.69085931178984494, EAO: 0.343
Trial 406 finished with value: 0.3434591085762365 and parameters: {'window_influence': 0.5080972117441925, 'penalty_k': 0.10236158193683466, 'scale_lr': 0.6908593117898449}. Best is trial 62 with value: 0.3726749919963718.
checkpoint_e29 window_influence: 0.45895140979184806, penalty_k: 0.07648233474975233, scale_lr: 0.59453144467936880, EAO: 0.337
Trial 407 finished with value: 0.3368393811270421 and parameters: {'window_influence': 0.45895140979184806, 'penalty_k': 0.07648233474975233, 'scale_lr': 0.5945314446793688}. Best is trial 62 with value: 0.3726749919963718.
checkpoint_e29 window_influence: 0.31728518318136745, penalty_k: 0.09359033737104991, scale_lr: 0.57401549166894661, EAO: 0.317
Trial 408 finished with value: 0.3167117756396416 and parameters: {'window_influence': 0.31728518318136745, 'penalty_k': 0.09359033737104991, 'scale_lr': 0.5740154916689466}. Best is trial 62 with value: 0.3726749919963718.
checkpoint_e29 window_influence: 0.48737269506596531, penalty_k: 0.06830648236254692, scale_lr: 0.54889446528919772, EAO: 0.345
Trial 409 finished with value: 0.34460049658897784 and parameters: {'window_influence': 0.4873726950659653, 'penalty_k': 0.06830648236254692, 'scale_lr': 0.5488944652891977}. Best is trial 62 with value: 0.3726749919963718.
checkpoint_e29 window_influence: 0.50043170730568998, penalty_k: 0.20773019882328808, scale_lr: 0.35655194592490197, EAO: 0.327
Trial 410 finished with value: 0.3270959778170641 and parameters: {'window_influence': 0.50043170730569, 'penalty_k': 0.20773019882328808, 'scale_lr': 0.35655194592490197}. Best is trial 62 with value: 0.3726749919963718.
checkpoint_e29 window_influence: 0.46879142038363086, penalty_k: 0.04551259514141207, scale_lr: 0.50128820972428223, EAO: 0.343
Trial 411 finished with value: 0.3434299949542094 and parameters: {'window_influence': 0.46879142038363086, 'penalty_k': 0.04551259514141207, 'scale_lr': 0.5012882097242822}. Best is trial 62 with value: 0.3726749919963718.
checkpoint_e29 window_influence: 0.52379228398371336, penalty_k: 0.08603745596015336, scale_lr: 0.60436854918556115, EAO: 0.318
Trial 412 finished with value: 0.3177005859664442 and parameters: {'window_influence': 0.5237922839837134, 'penalty_k': 0.08603745596015336, 'scale_lr': 0.6043685491855612}. Best is trial 62 with value: 0.3726749919963718.
checkpoint_e29 window_influence: 0.54256362748876974, penalty_k: 0.14761164987740244, scale_lr: 0.53637048660133801, EAO: 0.305
Trial 413 finished with value: 0.305233410244322 and parameters: {'window_influence': 0.5425636274887697, 'penalty_k': 0.14761164987740244, 'scale_lr': 0.536370486601338}. Best is trial 62 with value: 0.3726749919963718.
checkpoint_e29 window_influence: 0.48072996761015924, penalty_k: 0.02351123444887200, scale_lr: 0.25829751210816787, EAO: 0.336
Trial 414 finished with value: 0.33587400365896264 and parameters: {'window_influence': 0.48072996761015924, 'penalty_k': 0.023511234448872004, 'scale_lr': 0.25829751210816787}. Best is trial 62 with value: 0.3726749919963718.
checkpoint_e29 window_influence: 0.44623354713243235, penalty_k: 0.03473294059785242, scale_lr: 0.17313617259479225, EAO: 0.351
Trial 415 finished with value: 0.35138553752045687 and parameters: {'window_influence': 0.44623354713243235, 'penalty_k': 0.03473294059785242, 'scale_lr': 0.17313617259479225}. Best is trial 62 with value: 0.3726749919963718.
checkpoint_e29 window_influence: 0.50763896282694443, penalty_k: 0.36565880579008159, scale_lr: 0.57554469929657015, EAO: 0.298
Trial 416 finished with value: 0.29751577555901343 and parameters: {'window_influence': 0.5076389628269444, 'penalty_k': 0.3656588057900816, 'scale_lr': 0.5755446992965702}. Best is trial 62 with value: 0.3726749919963718.
checkpoint_e29 window_influence: 0.49400777328471235, penalty_k: 0.06913957038095563, scale_lr: 0.65488542672971650, EAO: 0.339
Trial 417 finished with value: 0.3388457488457053 and parameters: {'window_influence': 0.49400777328471235, 'penalty_k': 0.06913957038095563, 'scale_lr': 0.6548854267297165}. Best is trial 62 with value: 0.3726749919963718.
checkpoint_e29 window_influence: 0.51727742198797122, penalty_k: 0.01180194500900434, scale_lr: 0.75727119755578920, EAO: 0.301
Trial 418 finished with value: 0.3007014058095472 and parameters: {'window_influence': 0.5172774219879712, 'penalty_k': 0.011801945009004337, 'scale_lr': 0.7572711975557892}. Best is trial 62 with value: 0.3726749919963718.
checkpoint_e29 window_influence: 0.53141453246349601, penalty_k: 0.10780788725155432, scale_lr: 0.73234182570944750, EAO: 0.310
Trial 419 finished with value: 0.31045293384720846 and parameters: {'window_influence': 0.531414532463496, 'penalty_k': 0.10780788725155432, 'scale_lr': 0.7323418257094475}. Best is trial 62 with value: 0.3726749919963718.
checkpoint_e29 window_influence: 0.41964642800471419, penalty_k: 0.08049657086796390, scale_lr: 0.55853123244946601, EAO: 0.301
Trial 420 finished with value: 0.30104154533913163 and parameters: {'window_influence': 0.4196464280047142, 'penalty_k': 0.0804965708679639, 'scale_lr': 0.558531232449466}. Best is trial 62 with value: 0.3726749919963718.
checkpoint_e29 window_influence: 0.49455723199060436, penalty_k: 0.04975062419476010, scale_lr: 0.48244761844213413, EAO: 0.355
Trial 421 finished with value: 0.35468761489549033 and parameters: {'window_influence': 0.49455723199060436, 'penalty_k': 0.0497506241947601, 'scale_lr': 0.48244761844213413}. Best is trial 62 with value: 0.3726749919963718.
checkpoint_e29 window_influence: 0.47142111201009096, penalty_k: 0.04419155734709484, scale_lr: 0.48043787189421977, EAO: 0.340
Trial 422 finished with value: 0.3397317006894123 and parameters: {'window_influence': 0.47142111201009096, 'penalty_k': 0.04419155734709484, 'scale_lr': 0.48043787189421977}. Best is trial 62 with value: 0.3726749919963718.
checkpoint_e29 window_influence: 0.48754124345659006, penalty_k: 0.02930865971617360, scale_lr: 0.51207156992296143, EAO: 0.331
Trial 423 finished with value: 0.33107809391930876 and parameters: {'window_influence': 0.48754124345659006, 'penalty_k': 0.0293086597161736, 'scale_lr': 0.5120715699229614}. Best is trial 62 with value: 0.3726749919963718.
checkpoint_e29 window_influence: 0.45942185042920314, penalty_k: 0.12500752403322840, scale_lr: 0.46482102145276905, EAO: 0.338
Trial 424 finished with value: 0.33773360897131005 and parameters: {'window_influence': 0.45942185042920314, 'penalty_k': 0.1250075240332284, 'scale_lr': 0.46482102145276905}. Best is trial 62 with value: 0.3726749919963718.
checkpoint_e29 window_influence: 0.49575968929508507, penalty_k: 0.30810187011889129, scale_lr: 0.49235966087353639, EAO: 0.306
Trial 425 finished with value: 0.30610134930926075 and parameters: {'window_influence': 0.49575968929508507, 'penalty_k': 0.3081018701188913, 'scale_lr': 0.4923596608735364}. Best is trial 62 with value: 0.3726749919963718.
checkpoint_e29 window_influence: 0.34343396298130308, penalty_k: 0.05250827235186912, scale_lr: 0.47744879686672947, EAO: 0.317
Trial 426 finished with value: 0.3165709283565269 and parameters: {'window_influence': 0.3434339629813031, 'penalty_k': 0.05250827235186912, 'scale_lr': 0.4774487968667295}. Best is trial 62 with value: 0.3726749919963718.
checkpoint_e29 window_influence: 0.47621470754491185, penalty_k: 0.03971034966190529, scale_lr: 0.52589109632035191, EAO: 0.334
Trial 427 finished with value: 0.3338065092897601 and parameters: {'window_influence': 0.47621470754491185, 'penalty_k': 0.03971034966190529, 'scale_lr': 0.5258910963203519}. Best is trial 62 with value: 0.3726749919963718.
checkpoint_e29 window_influence: 0.50011965816030624, penalty_k: 0.05515887141696657, scale_lr: 0.58874222280898747, EAO: 0.340
Trial 428 finished with value: 0.34009568480202196 and parameters: {'window_influence': 0.5001196581603062, 'penalty_k': 0.05515887141696657, 'scale_lr': 0.5887422228089875}. Best is trial 62 with value: 0.3726749919963718.
checkpoint_e29 window_influence: 0.23669126157566100, penalty_k: 0.19394085959615781, scale_lr: 0.63743900186157898, EAO: 0.304
Trial 429 finished with value: 0.30420485701310496 and parameters: {'window_influence': 0.236691261575661, 'penalty_k': 0.1939408595961578, 'scale_lr': 0.637439001861579}. Best is trial 62 with value: 0.3726749919963718.
checkpoint_e29 window_influence: 0.48628066946649229, penalty_k: 0.27085355683531437, scale_lr: 0.61716836037344291, EAO: 0.344
Trial 430 finished with value: 0.3442187771954889 and parameters: {'window_influence': 0.4862806694664923, 'penalty_k': 0.27085355683531437, 'scale_lr': 0.6171683603734429}. Best is trial 62 with value: 0.3726749919963718.
checkpoint_e29 window_influence: 0.50423017347882881, penalty_k: 0.01832979647200377, scale_lr: 0.67103094884239101, EAO: 0.332
Trial 431 finished with value: 0.33157118923005424 and parameters: {'window_influence': 0.5042301734788288, 'penalty_k': 0.01832979647200377, 'scale_lr': 0.671030948842391}. Best is trial 62 with value: 0.3726749919963718.
checkpoint_e29 window_influence: 0.38350559749204810, penalty_k: 0.06507213340804717, scale_lr: 0.54451280745505648, EAO: 0.305
Trial 432 finished with value: 0.30496229312531214 and parameters: {'window_influence': 0.3835055974920481, 'penalty_k': 0.06507213340804717, 'scale_lr': 0.5445128074550565}. Best is trial 62 with value: 0.3726749919963718.
checkpoint_e29 window_influence: 0.60745665149930317, penalty_k: 0.00184590487567540, scale_lr: 0.50672302081159715, EAO: 0.266
Trial 433 finished with value: 0.2661252061216748 and parameters: {'window_influence': 0.6074566514993032, 'penalty_k': 0.0018459048756754026, 'scale_lr': 0.5067230208115971}. Best is trial 62 with value: 0.3726749919963718.
checkpoint_e29 window_influence: 0.45258699070969349, penalty_k: 0.33526156013495273, scale_lr: 0.56500219674812013, EAO: 0.325
