Trial 226 finished with value: 0.3191476483985144 and parameters: {'window_influence': 0.4284097367712593, 'penalty_k': 0.020762231383171525, 'scale_lr': 0.5067056277920648}. Best is trial 200 with value: 0.37697677389656986.
checkpoint_e16 window_influence: 0.20826205014374929, penalty_k: 0.03742537672150514, scale_lr: 0.56211116352913537, EAO: 0.293
Trial 227 finished with value: 0.2930512776750535 and parameters: {'window_influence': 0.2082620501437493, 'penalty_k': 0.037425376721505144, 'scale_lr': 0.5621111635291354}. Best is trial 200 with value: 0.37697677389656986.
checkpoint_e16 window_influence: 0.09440501074743035, penalty_k: 0.01209774173551602, scale_lr: 0.54601201252591136, EAO: 0.266
Trial 228 finished with value: 0.2661845249192724 and parameters: {'window_influence': 0.09440501074743035, 'penalty_k': 0.012097741735516022, 'scale_lr': 0.5460120125259114}. Best is trial 200 with value: 0.37697677389656986.
checkpoint_e16 window_influence: 0.46189942318841259, penalty_k: 0.02469312142248710, scale_lr: 0.58568561741447689, EAO: 0.327
Trial 229 finished with value: 0.3274915308224088 and parameters: {'window_influence': 0.4618994231884126, 'penalty_k': 0.024693121422487096, 'scale_lr': 0.5856856174144769}. Best is trial 200 with value: 0.37697677389656986.
checkpoint_e16 window_influence: 0.44885574991451915, penalty_k: 0.03197506707004046, scale_lr: 0.52128939747483105, EAO: 0.317
Trial 230 finished with value: 0.3171798488277406 and parameters: {'window_influence': 0.44885574991451915, 'penalty_k': 0.031975067070040455, 'scale_lr': 0.521289397474831}. Best is trial 200 with value: 0.37697677389656986.
checkpoint_e16 window_influence: 0.47966551913124694, penalty_k: 0.00040366141871586, scale_lr: 0.52919784825086624, EAO: 0.332
Trial 231 finished with value: 0.33209714513808375 and parameters: {'window_influence': 0.47966551913124694, 'penalty_k': 0.00040366141871586107, 'scale_lr': 0.5291978482508662}. Best is trial 200 with value: 0.37697677389656986.
checkpoint_e16 window_influence: 0.47214165081550019, penalty_k: 0.01691842173543474, scale_lr: 0.27796979928368865, EAO: 0.335
Trial 232 finished with value: 0.33456591096369676 and parameters: {'window_influence': 0.4721416508155002, 'penalty_k': 0.016918421735434737, 'scale_lr': 0.27796979928368865}. Best is trial 200 with value: 0.37697677389656986.
checkpoint_e16 window_influence: 0.45892086298382245, penalty_k: 0.02036872053351658, scale_lr: 0.50559002215596882, EAO: 0.322
Trial 233 finished with value: 0.3219673053183908 and parameters: {'window_influence': 0.45892086298382245, 'penalty_k': 0.02036872053351658, 'scale_lr': 0.5055900221559688}. Best is trial 200 with value: 0.37697677389656986.
checkpoint_e16 window_influence: 0.49130209665427127, penalty_k: 0.01215862593531332, scale_lr: 0.52516133428048728, EAO: 0.345
Trial 234 finished with value: 0.344830309602537 and parameters: {'window_influence': 0.49130209665427127, 'penalty_k': 0.01215862593531332, 'scale_lr': 0.5251613342804873}. Best is trial 200 with value: 0.37697677389656986.
checkpoint_e16 window_influence: 0.43876910380207512, penalty_k: 0.00000253528655995, scale_lr: 0.54342433655338163, EAO: 0.320
Trial 235 finished with value: 0.32018606248764675 and parameters: {'window_influence': 0.4387691038020751, 'penalty_k': 2.5352865599538414e-06, 'scale_lr': 0.5434243365533816}. Best is trial 200 with value: 0.37697677389656986.
checkpoint_e16 window_influence: 0.41870163295778073, penalty_k: 0.01222872061211147, scale_lr: 0.51035088065736556, EAO: 0.301
Trial 236 finished with value: 0.3009388322728153 and parameters: {'window_influence': 0.41870163295778073, 'penalty_k': 0.012228720612111473, 'scale_lr': 0.5103508806573656}. Best is trial 200 with value: 0.37697677389656986.
checkpoint_e16 window_influence: 0.49709659142175422, penalty_k: 0.03996402963001425, scale_lr: 0.22855202639927794, EAO: 0.319
Trial 237 finished with value: 0.31948923600786855 and parameters: {'window_influence': 0.4970965914217542, 'penalty_k': 0.039964029630014254, 'scale_lr': 0.22855202639927794}. Best is trial 200 with value: 0.37697677389656986.
checkpoint_e16 window_influence: 0.46906644052102486, penalty_k: 0.02757956068820080, scale_lr: 0.49420136348324212, EAO: 0.328
Trial 238 finished with value: 0.3280576384600962 and parameters: {'window_influence': 0.46906644052102486, 'penalty_k': 0.027579560688200805, 'scale_lr': 0.4942013634832421}. Best is trial 200 with value: 0.37697677389656986.
checkpoint_e16 window_influence: 0.51021398267441609, penalty_k: 0.01081406247097313, scale_lr: 0.52573486791863078, EAO: 0.334
Trial 239 finished with value: 0.3342499940543787 and parameters: {'window_influence': 0.5102139826744161, 'penalty_k': 0.010814062470973126, 'scale_lr': 0.5257348679186308}. Best is trial 200 with value: 0.37697677389656986.
checkpoint_e16 window_influence: 0.45380887152354826, penalty_k: 0.04285648526057621, scale_lr: 0.55400377679611157, EAO: 0.336
Trial 240 finished with value: 0.3361460396056045 and parameters: {'window_influence': 0.45380887152354826, 'penalty_k': 0.04285648526057621, 'scale_lr': 0.5540037767961116}. Best is trial 200 with value: 0.37697677389656986.
checkpoint_e16 window_influence: 0.48444265502618045, penalty_k: 0.01891677472020419, scale_lr: 0.52628917287352261, EAO: 0.324
Trial 241 finished with value: 0.3242511853053876 and parameters: {'window_influence': 0.48444265502618045, 'penalty_k': 0.01891677472020419, 'scale_lr': 0.5262891728735226}. Best is trial 200 with value: 0.37697677389656986.
checkpoint_e16 window_influence: 0.49209891008689749, penalty_k: 0.02662421947465796, scale_lr: 0.53779784706152567, EAO: 0.319
Trial 242 finished with value: 0.3192395889109675 and parameters: {'window_influence': 0.4920989100868975, 'penalty_k': 0.02662421947465796, 'scale_lr': 0.5377978470615257}. Best is trial 200 with value: 0.37697677389656986.
checkpoint_e16 window_influence: 0.47975584323083548, penalty_k: 0.00989286750955440, scale_lr: 0.51466185559717614, EAO: 0.321
Trial 243 finished with value: 0.32074610761399397 and parameters: {'window_influence': 0.4797558432308355, 'penalty_k': 0.009892867509554402, 'scale_lr': 0.5146618555971761}. Best is trial 200 with value: 0.37697677389656986.
checkpoint_e16 window_influence: 0.44709655478523358, penalty_k: 0.02082232402139789, scale_lr: 0.56529259291387446, EAO: 0.346
Trial 244 finished with value: 0.3462330094803168 and parameters: {'window_influence': 0.4470965547852336, 'penalty_k': 0.020822324021397894, 'scale_lr': 0.5652925929138745}. Best is trial 200 with value: 0.37697677389656986.
checkpoint_e16 window_influence: 0.44594252836080656, penalty_k: 0.14891096989292202, scale_lr: 0.56927858014404575, EAO: 0.301
Trial 245 finished with value: 0.3006912466964833 and parameters: {'window_influence': 0.44594252836080656, 'penalty_k': 0.14891096989292202, 'scale_lr': 0.5692785801440458}. Best is trial 200 with value: 0.37697677389656986.
checkpoint_e16 window_influence: 0.43160214123669954, penalty_k: 0.00005745965446794, scale_lr: 0.14707077959103315, EAO: 0.324
Trial 246 finished with value: 0.324335220143025 and parameters: {'window_influence': 0.43160214123669954, 'penalty_k': 5.7459654467937465e-05, 'scale_lr': 0.14707077959103315}. Best is trial 200 with value: 0.37697677389656986.
checkpoint_e16 window_influence: 0.26850808056793990, penalty_k: 0.03627979280496679, scale_lr: 0.48034038617443386, EAO: 0.297
Trial 247 finished with value: 0.2974932651807362 and parameters: {'window_influence': 0.2685080805679399, 'penalty_k': 0.036279792804966786, 'scale_lr': 0.48034038617443386}. Best is trial 200 with value: 0.37697677389656986.
checkpoint_e16 window_influence: 0.46217180799687563, penalty_k: 0.01222083704518380, scale_lr: 0.58156045171303616, EAO: 0.314
Trial 248 finished with value: 0.31402868902173026 and parameters: {'window_influence': 0.4621718079968756, 'penalty_k': 0.012220837045183798, 'scale_lr': 0.5815604517130362}. Best is trial 200 with value: 0.37697677389656986.
checkpoint_e16 window_influence: 0.44482761502340440, penalty_k: 0.11527468837750347, scale_lr: 0.40855741067989809, EAO: 0.320
Trial 249 finished with value: 0.31973166798571206 and parameters: {'window_influence': 0.4448276150234044, 'penalty_k': 0.11527468837750347, 'scale_lr': 0.4085574106798981}. Best is trial 200 with value: 0.37697677389656986.
checkpoint_e16 window_influence: 0.46732910894372637, penalty_k: 0.19091226723804683, scale_lr: 0.55916446744142667, EAO: 0.301
Trial 250 finished with value: 0.30146966752838994 and parameters: {'window_influence': 0.46732910894372637, 'penalty_k': 0.19091226723804683, 'scale_lr': 0.5591644674414267}. Best is trial 200 with value: 0.37697677389656986.
checkpoint_e16 window_influence: 0.39977317532410883, penalty_k: 0.04897118744713209, scale_lr: 0.54598214948553725, EAO: 0.340
Trial 251 finished with value: 0.3398496522513809 and parameters: {'window_influence': 0.39977317532410883, 'penalty_k': 0.048971187447132095, 'scale_lr': 0.5459821494855372}. Best is trial 200 with value: 0.37697677389656986.
checkpoint_e16 window_influence: 0.43027739161541378, penalty_k: 0.02575703936207667, scale_lr: 0.76968508660082446, EAO: 0.312
Trial 252 finished with value: 0.3116883808304827 and parameters: {'window_influence': 0.4302773916154138, 'penalty_k': 0.025757039362076666, 'scale_lr': 0.7696850866008245}. Best is trial 200 with value: 0.37697677389656986.
checkpoint_e16 window_influence: 0.44593876543512911, penalty_k: 0.01066854891843483, scale_lr: 0.49340247851243679, EAO: 0.347
Trial 253 finished with value: 0.347184638452901 and parameters: {'window_influence': 0.4459387654351291, 'penalty_k': 0.010668548918434832, 'scale_lr': 0.4934024785124368}. Best is trial 200 with value: 0.37697677389656986.
checkpoint_e16 window_influence: 0.45433969633319349, penalty_k: 0.01015638526113327, scale_lr: 0.47688906779194007, EAO: 0.323
Trial 254 finished with value: 0.3232966435906488 and parameters: {'window_influence': 0.4543396963331935, 'penalty_k': 0.010156385261133268, 'scale_lr': 0.47688906779194007}. Best is trial 200 with value: 0.37697677389656986.
checkpoint_e16 window_influence: 0.43888986287067799, penalty_k: 0.03234982113059243, scale_lr: 0.49233362896279531, EAO: 0.341
Trial 255 finished with value: 0.3406315856406661 and parameters: {'window_influence': 0.438889862870678, 'penalty_k': 0.032349821130592434, 'scale_lr': 0.4923336289627953}. Best is trial 200 with value: 0.37697677389656986.
checkpoint_e16 window_influence: 0.42194336426226975, penalty_k: 0.00026791410935857, scale_lr: 0.47091059393371681, EAO: 0.336
Trial 256 finished with value: 0.3361175187250983 and parameters: {'window_influence': 0.42194336426226975, 'penalty_k': 0.00026791410935857277, 'scale_lr': 0.4709105939337168}. Best is trial 200 with value: 0.37697677389656986.
checkpoint_e16 window_influence: 0.54002523482372333, penalty_k: 0.02016329710862375, scale_lr: 0.50026297787733998, EAO: 0.303
Trial 257 finished with value: 0.30259857828283127 and parameters: {'window_influence': 0.5400252348237233, 'penalty_k': 0.02016329710862375, 'scale_lr': 0.50026297787734}. Best is trial 200 with value: 0.37697677389656986.
checkpoint_e16 window_influence: 0.45127023066940031, penalty_k: 0.01239880178613175, scale_lr: 0.56807985826633833, EAO: 0.345
Trial 258 finished with value: 0.34530389703201414 and parameters: {'window_influence': 0.4512702306694003, 'penalty_k': 0.012398801786131751, 'scale_lr': 0.5680798582663383}. Best is trial 200 with value: 0.37697677389656986.
checkpoint_e16 window_influence: 0.47451759468389149, penalty_k: 0.05170255462626026, scale_lr: 0.33221168965795767, EAO: 0.327
Trial 259 finished with value: 0.3265767052827642 and parameters: {'window_influence': 0.4745175946838915, 'penalty_k': 0.051702554626260264, 'scale_lr': 0.33221168965795767}. Best is trial 200 with value: 0.37697677389656986.
checkpoint_e16 window_influence: 0.63916438879467918, penalty_k: 0.02896187450997061, scale_lr: 0.57301324263621656, EAO: 0.226
Trial 260 finished with value: 0.2263813207237637 and parameters: {'window_influence': 0.6391643887946792, 'penalty_k': 0.02896187450997061, 'scale_lr': 0.5730132426362166}. Best is trial 200 with value: 0.37697677389656986.
checkpoint_e16 window_influence: 0.52145672436540125, penalty_k: 0.01393172864943157, scale_lr: 0.46190872471055405, EAO: 0.312
Trial 261 finished with value: 0.31196341828845353 and parameters: {'window_influence': 0.5214567243654012, 'penalty_k': 0.013931728649431572, 'scale_lr': 0.46190872471055405}. Best is trial 200 with value: 0.37697677389656986.
checkpoint_e16 window_influence: 0.55843284576292063, penalty_k: 0.03758808644274333, scale_lr: 0.60649959972433287, EAO: 0.304
Trial 262 finished with value: 0.3040060112216593 and parameters: {'window_influence': 0.5584328457629206, 'penalty_k': 0.037588086442743335, 'scale_lr': 0.6064995997243329}. Best is trial 200 with value: 0.37697677389656986.
checkpoint_e16 window_influence: 0.44313631249584129, penalty_k: 0.01946825780512841, scale_lr: 0.56597123192519849, EAO: 0.338
Trial 263 finished with value: 0.338426648526804 and parameters: {'window_influence': 0.4431363124958413, 'penalty_k': 0.01946825780512841, 'scale_lr': 0.5659712319251985}. Best is trial 200 with value: 0.37697677389656986.
checkpoint_e16 window_influence: 0.46391444981051860, penalty_k: 0.01175743035464872, scale_lr: 0.58524375554800445, EAO: 0.317
Trial 264 finished with value: 0.3165214012453064 and parameters: {'window_influence': 0.4639144498105186, 'penalty_k': 0.011757430354648716, 'scale_lr': 0.5852437555480045}. Best is trial 200 with value: 0.37697677389656986.
checkpoint_e16 window_influence: 0.43405428760667519, penalty_k: 0.03826547236203960, scale_lr: 0.44779334026357676, EAO: 0.309
Trial 265 finished with value: 0.30931115451953756 and parameters: {'window_influence': 0.4340542876066752, 'penalty_k': 0.0382654723620396, 'scale_lr': 0.44779334026357676}. Best is trial 200 with value: 0.37697677389656986.
checkpoint_e16 window_influence: 0.38937837473923326, penalty_k: 0.05530247177582731, scale_lr: 0.49445789197781997, EAO: 0.312
Trial 266 finished with value: 0.3124262898696536 and parameters: {'window_influence': 0.38937837473923326, 'penalty_k': 0.05530247177582731, 'scale_lr': 0.49445789197782}. Best is trial 200 with value: 0.37697677389656986.
checkpoint_e16 window_influence: 0.41912167783104592, penalty_k: 0.02596975017285664, scale_lr: 0.48270066583870619, EAO: 0.318
Trial 267 finished with value: 0.31753462176146674 and parameters: {'window_influence': 0.4191216778310459, 'penalty_k': 0.02596975017285664, 'scale_lr': 0.4827006658387062}. Best is trial 200 with value: 0.37697677389656986.
checkpoint_e16 window_influence: 0.50555374020305366, penalty_k: 0.01021811703736508, scale_lr: 0.42911703467839735, EAO: 0.354
Trial 268 finished with value: 0.35393608822432937 and parameters: {'window_influence': 0.5055537402030537, 'penalty_k': 0.010218117037365079, 'scale_lr': 0.42911703467839735}. Best is trial 200 with value: 0.37697677389656986.
checkpoint_e16 window_influence: 0.45056763221729929, penalty_k: 0.27178239101260471, scale_lr: 0.42336368028720306, EAO: 0.303
Trial 269 finished with value: 0.3026316280146981 and parameters: {'window_influence': 0.4505676322172993, 'penalty_k': 0.2717823910126047, 'scale_lr': 0.42336368028720306}. Best is trial 200 with value: 0.37697677389656986.
checkpoint_e16 window_influence: 0.35771681738576538, penalty_k: 0.21547690231487227, scale_lr: 0.42333834751949639, EAO: 0.309
Trial 270 finished with value: 0.3092949489559181 and parameters: {'window_influence': 0.3577168173857654, 'penalty_k': 0.21547690231487227, 'scale_lr': 0.4233383475194964}. Best is trial 200 with value: 0.37697677389656986.
checkpoint_e16 window_influence: 0.47826644893130227, penalty_k: 0.25118045780252007, scale_lr: 0.44553746023512197, EAO: 0.322
Trial 271 finished with value: 0.3223743178965053 and parameters: {'window_influence': 0.47826644893130227, 'penalty_k': 0.2511804578025201, 'scale_lr': 0.445537460235122}. Best is trial 200 with value: 0.37697677389656986.
checkpoint_e16 window_influence: 0.50317830143357389, penalty_k: 0.01069268271627593, scale_lr: 0.43279193924541293, EAO: 0.353
Trial 272 finished with value: 0.3529652179679054 and parameters: {'window_influence': 0.5031783014335739, 'penalty_k': 0.010692682716275926, 'scale_lr': 0.4327919392454129}. Best is trial 200 with value: 0.37697677389656986.
checkpoint_e16 window_influence: 0.49971785341167857, penalty_k: 0.00916562302799614, scale_lr: 0.43378894870704188, EAO: 0.332
Trial 273 finished with value: 0.33212315189699254 and parameters: {'window_influence': 0.49971785341167857, 'penalty_k': 0.009165623027996145, 'scale_lr': 0.4337889487070419}. Best is trial 200 with value: 0.37697677389656986.
checkpoint_e16 window_influence: 0.50812266226735781, penalty_k: 0.00084378677530701, scale_lr: 0.43754912327797874, EAO: 0.340
Trial 274 finished with value: 0.34021605580233416 and parameters: {'window_influence': 0.5081226622673578, 'penalty_k': 0.0008437867753070104, 'scale_lr': 0.43754912327797874}. Best is trial 200 with value: 0.37697677389656986.
checkpoint_e16 window_influence: 0.49210714043885817, penalty_k: 0.09813474279484025, scale_lr: 0.39941859936127372, EAO: 0.320
Trial 275 finished with value: 0.3198890192035571 and parameters: {'window_influence': 0.49210714043885817, 'penalty_k': 0.09813474279484025, 'scale_lr': 0.3994185993612737}. Best is trial 200 with value: 0.37697677389656986.
checkpoint_e16 window_influence: 0.38060674438304154, penalty_k: 0.00013060364194446, scale_lr: 0.41469068605475035, EAO: 0.316
Trial 276 finished with value: 0.316020628763544 and parameters: {'window_influence': 0.38060674438304154, 'penalty_k': 0.00013060364194445936, 'scale_lr': 0.41469068605475035}. Best is trial 200 with value: 0.37697677389656986.
checkpoint_e16 window_influence: 0.52695666853701950, penalty_k: 0.01203455639831860, scale_lr: 0.45800696037884292, EAO: 0.310
Trial 277 finished with value: 0.31049454229583073 and parameters: {'window_influence': 0.5269566685370195, 'penalty_k': 0.012034556398318604, 'scale_lr': 0.4580069603788429}. Best is trial 200 with value: 0.37697677389656986.
checkpoint_e16 window_influence: 0.41083126601971770, penalty_k: 0.01258731677285270, scale_lr: 0.46955342532554051, EAO: 0.325
Trial 278 finished with value: 0.32515758844201204 and parameters: {'window_influence': 0.4108312660197177, 'penalty_k': 0.012587316772852705, 'scale_lr': 0.4695534253255405}. Best is trial 200 with value: 0.37697677389656986.
checkpoint_e16 window_influence: 0.43191723670804150, penalty_k: 0.16284834000514065, scale_lr: 0.39130469119989170, EAO: 0.315
Trial 279 finished with value: 0.31499656205743204 and parameters: {'window_influence': 0.4319172367080415, 'penalty_k': 0.16284834000514065, 'scale_lr': 0.3913046911998917}. Best is trial 200 with value: 0.37697677389656986.
checkpoint_e16 window_influence: 0.32116543142202553, penalty_k: 0.02129334842075341, scale_lr: 0.43292793758883535, EAO: 0.312
Trial 280 finished with value: 0.31191810136407266 and parameters: {'window_influence': 0.3211654314220255, 'penalty_k': 0.02129334842075341, 'scale_lr': 0.43292793758883535}. Best is trial 200 with value: 0.37697677389656986.
checkpoint_e16 window_influence: 0.47986941784145648, penalty_k: 0.37536864714266260, scale_lr: 0.71833751036999116, EAO: 0.305
Trial 281 finished with value: 0.3046809110196184 and parameters: {'window_influence': 0.4798694178414565, 'penalty_k': 0.3753686471426626, 'scale_lr': 0.7183375103699912}. Best is trial 200 with value: 0.37697677389656986.
checkpoint_e16 window_influence: 0.44537600016135004, penalty_k: 0.13103136764226131, scale_lr: 0.58789287642998100, EAO: 0.311
Trial 282 finished with value: 0.3107955369388083 and parameters: {'window_influence': 0.44537600016135004, 'penalty_k': 0.1310313676422613, 'scale_lr': 0.587892876429981}. Best is trial 200 with value: 0.37697677389656986.
checkpoint_e16 window_influence: 0.49868317056455963, penalty_k: 0.00004083985615748, scale_lr: 0.50705975650863300, EAO: 0.315
Trial 283 finished with value: 0.31486432932694136 and parameters: {'window_influence': 0.49868317056455963, 'penalty_k': 4.083985615747736e-05, 'scale_lr': 0.507059756508633}. Best is trial 200 with value: 0.37697677389656986.
checkpoint_e16 window_influence: 0.45802149881949855, penalty_k: 0.04606406750336255, scale_lr: 0.48755067695458326, EAO: 0.322
Trial 284 finished with value: 0.32164380163070294 and parameters: {'window_influence': 0.45802149881949855, 'penalty_k': 0.046064067503362546, 'scale_lr': 0.48755067695458326}. Best is trial 200 with value: 0.37697677389656986.
checkpoint_e16 window_influence: 0.37139213240587265, penalty_k: 0.23616249642783085, scale_lr: 0.63157461373318613, EAO: 0.290
Trial 285 finished with value: 0.2897554547870205 and parameters: {'window_influence': 0.37139213240587265, 'penalty_k': 0.23616249642783085, 'scale_lr': 0.6315746137331861}. Best is trial 200 with value: 0.37697677389656986.
checkpoint_e16 window_influence: 0.51529863115768515, penalty_k: 0.03005198129669161, scale_lr: 0.65859865309727095, EAO: 0.320
Trial 286 finished with value: 0.32041303877236776 and parameters: {'window_influence': 0.5152986311576851, 'penalty_k': 0.03005198129669161, 'scale_lr': 0.658598653097271}. Best is trial 200 with value: 0.37697677389656986.
checkpoint_e16 window_influence: 0.46847976722225532, penalty_k: 0.44388304482575752, scale_lr: 0.44883107421329776, EAO: 0.309
Trial 287 finished with value: 0.3090168028953938 and parameters: {'window_influence': 0.4684797672222553, 'penalty_k': 0.4438830448257575, 'scale_lr': 0.44883107421329776}. Best is trial 200 with value: 0.37697677389656986.
checkpoint_e16 window_influence: 0.43620198222487283, penalty_k: 0.18710702070377347, scale_lr: 0.60211728079538962, EAO: 0.317
