Trial 434 finished with value: 0.3263612108935642 and parameters: {'window_influence': 0.3416724828221181, 'penalty_k': 0.10361434610443197, 'scale_lr': 0.33386411846861885}. Best is trial 226 with value: 0.354671357786609.
checkpoint_e17 window_influence: 0.42879166521159695, penalty_k: 0.27418503737789707, scale_lr: 0.45833402196335832, EAO: 0.315
Trial 435 finished with value: 0.31538723641100563 and parameters: {'window_influence': 0.42879166521159695, 'penalty_k': 0.27418503737789707, 'scale_lr': 0.4583340219633583}. Best is trial 226 with value: 0.354671357786609.
checkpoint_e17 window_influence: 0.47282291275163180, penalty_k: 0.29920556583455371, scale_lr: 0.49740386125510383, EAO: 0.310
Trial 436 finished with value: 0.3101233235245085 and parameters: {'window_influence': 0.4728229127516318, 'penalty_k': 0.2992055658345537, 'scale_lr': 0.49740386125510383}. Best is trial 226 with value: 0.354671357786609.
checkpoint_e17 window_influence: 0.41113492569194099, penalty_k: 0.07860304247813854, scale_lr: 0.58418202577045042, EAO: 0.318
Trial 437 finished with value: 0.3184782408090881 and parameters: {'window_influence': 0.411134925691941, 'penalty_k': 0.07860304247813854, 'scale_lr': 0.5841820257704504}. Best is trial 226 with value: 0.354671357786609.
checkpoint_e17 window_influence: 0.50081631487786615, penalty_k: 0.19837760744597283, scale_lr: 0.15243534772720735, EAO: 0.314
Trial 438 finished with value: 0.31402067068949746 and parameters: {'window_influence': 0.5008163148778662, 'penalty_k': 0.19837760744597283, 'scale_lr': 0.15243534772720735}. Best is trial 226 with value: 0.354671357786609.
checkpoint_e17 window_influence: 0.44443463594243515, penalty_k: 0.02031614501979678, scale_lr: 0.52449868515870701, EAO: 0.327
Trial 439 finished with value: 0.327180805837134 and parameters: {'window_influence': 0.44443463594243515, 'penalty_k': 0.020316145019796776, 'scale_lr': 0.524498685158707}. Best is trial 226 with value: 0.354671357786609.
checkpoint_e17 window_influence: 0.51978491023139972, penalty_k: 0.32247625421728154, scale_lr: 0.69857413985284278, EAO: 0.285
Trial 440 finished with value: 0.2854142529375358 and parameters: {'window_influence': 0.5197849102313997, 'penalty_k': 0.32247625421728154, 'scale_lr': 0.6985741398528428}. Best is trial 226 with value: 0.354671357786609.
checkpoint_e17 window_influence: 0.42253671495450562, penalty_k: 0.23494744750187210, scale_lr: 0.45296949906564926, EAO: 0.323
Trial 441 finished with value: 0.32346854008125425 and parameters: {'window_influence': 0.4225367149545056, 'penalty_k': 0.2349474475018721, 'scale_lr': 0.45296949906564926}. Best is trial 226 with value: 0.354671357786609.
checkpoint_e17 window_influence: 0.45758023969219513, penalty_k: 0.12054788614029795, scale_lr: 0.36627277648580242, EAO: 0.330
Trial 442 finished with value: 0.32958712182388233 and parameters: {'window_influence': 0.45758023969219513, 'penalty_k': 0.12054788614029795, 'scale_lr': 0.3662727764858024}. Best is trial 226 with value: 0.354671357786609.
checkpoint_e17 window_influence: 0.40270434743856004, penalty_k: 0.05030201784995270, scale_lr: 0.44629843213302789, EAO: 0.336
Trial 443 finished with value: 0.3358524842948765 and parameters: {'window_influence': 0.40270434743856004, 'penalty_k': 0.0503020178499527, 'scale_lr': 0.4462984321330279}. Best is trial 226 with value: 0.354671357786609.
checkpoint_e17 window_influence: 0.43714036122316979, penalty_k: 0.14076882198364626, scale_lr: 0.34577841570224727, EAO: 0.311
Trial 444 finished with value: 0.3113952188640253 and parameters: {'window_influence': 0.4371403612231698, 'penalty_k': 0.14076882198364626, 'scale_lr': 0.34577841570224727}. Best is trial 226 with value: 0.354671357786609.
checkpoint_e17 window_influence: 0.32822313377322099, penalty_k: 0.09440423523761468, scale_lr: 0.59649189938768865, EAO: 0.313
Trial 445 finished with value: 0.3132629585869117 and parameters: {'window_influence': 0.328223133773221, 'penalty_k': 0.09440423523761468, 'scale_lr': 0.5964918993876887}. Best is trial 226 with value: 0.354671357786609.
checkpoint_e17 window_influence: 0.38222885462870898, penalty_k: 0.10960205813841870, scale_lr: 0.35228478167352906, EAO: 0.322
Trial 446 finished with value: 0.32157335183963703 and parameters: {'window_influence': 0.382228854628709, 'penalty_k': 0.1096020581384187, 'scale_lr': 0.35228478167352906}. Best is trial 226 with value: 0.354671357786609.
checkpoint_e17 window_influence: 0.44831631252611437, penalty_k: 0.07071571429644519, scale_lr: 0.48540120068524029, EAO: 0.342
Trial 447 finished with value: 0.34155705640752027 and parameters: {'window_influence': 0.44831631252611437, 'penalty_k': 0.07071571429644519, 'scale_lr': 0.4854012006852403}. Best is trial 226 with value: 0.354671357786609.
checkpoint_e17 window_influence: 0.42897505545528264, penalty_k: 0.06921533331308796, scale_lr: 0.55054590743787479, EAO: 0.324
Trial 448 finished with value: 0.32415235802125375 and parameters: {'window_influence': 0.42897505545528264, 'penalty_k': 0.06921533331308796, 'scale_lr': 0.5505459074378748}. Best is trial 226 with value: 0.354671357786609.
checkpoint_e17 window_influence: 0.44774177469777238, penalty_k: 0.05205406468693131, scale_lr: 0.56059071770794822, EAO: 0.327
Trial 449 finished with value: 0.3272713985192637 and parameters: {'window_influence': 0.4477417746977724, 'penalty_k': 0.052054064686931314, 'scale_lr': 0.5605907177079482}. Best is trial 226 with value: 0.354671357786609.
checkpoint_e17 window_influence: 0.42037215263061467, penalty_k: 0.08103821024696005, scale_lr: 0.48705914413896839, EAO: 0.330
Trial 450 finished with value: 0.32984113664246717 and parameters: {'window_influence': 0.42037215263061467, 'penalty_k': 0.08103821024696005, 'scale_lr': 0.4870591441389684}. Best is trial 226 with value: 0.354671357786609.
checkpoint_e17 window_influence: 0.30471094495062967, penalty_k: 0.06482354318019214, scale_lr: 0.57176689630739930, EAO: 0.317
Trial 451 finished with value: 0.316624761091596 and parameters: {'window_influence': 0.30471094495062967, 'penalty_k': 0.06482354318019214, 'scale_lr': 0.5717668963073993}. Best is trial 226 with value: 0.354671357786609.
checkpoint_e17 window_influence: 0.37430637053013383, penalty_k: 0.09068626904687685, scale_lr: 0.61807540111482639, EAO: 0.312
Trial 452 finished with value: 0.31230571465965373 and parameters: {'window_influence': 0.3743063705301338, 'penalty_k': 0.09068626904687685, 'scale_lr': 0.6180754011148264}. Best is trial 226 with value: 0.354671357786609.
checkpoint_e17 window_influence: 0.39583438136250620, penalty_k: 0.28240305130452986, scale_lr: 0.54335268238520906, EAO: 0.299
Trial 453 finished with value: 0.2991418134609549 and parameters: {'window_influence': 0.3958343813625062, 'penalty_k': 0.28240305130452986, 'scale_lr': 0.5433526823852091}. Best is trial 226 with value: 0.354671357786609.
checkpoint_e17 window_influence: 0.41115025045618153, penalty_k: 0.56355203761053574, scale_lr: 0.51767786603479427, EAO: 0.305
Trial 454 finished with value: 0.3049037967326576 and parameters: {'window_influence': 0.41115025045618153, 'penalty_k': 0.5635520376105357, 'scale_lr': 0.5176778660347943}. Best is trial 226 with value: 0.354671357786609.
checkpoint_e17 window_influence: 0.29520813761968745, penalty_k: 0.07120818423966650, scale_lr: 0.60713824236715264, EAO: 0.311
Trial 455 finished with value: 0.3107252556990093 and parameters: {'window_influence': 0.29520813761968745, 'penalty_k': 0.0712081842396665, 'scale_lr': 0.6071382423671526}. Best is trial 226 with value: 0.354671357786609.
checkpoint_e17 window_influence: 0.43764194259628564, penalty_k: 0.13111711389850972, scale_lr: 0.58792003256117431, EAO: 0.334
Trial 456 finished with value: 0.3340682622755548 and parameters: {'window_influence': 0.43764194259628564, 'penalty_k': 0.13111711389850972, 'scale_lr': 0.5879200325611743}. Best is trial 226 with value: 0.354671357786609.
checkpoint_e17 window_influence: 0.35891403426262691, penalty_k: 0.19239875222702668, scale_lr: 0.57093685718820031, EAO: 0.346
Trial 457 finished with value: 0.34618286307219864 and parameters: {'window_influence': 0.3589140342626269, 'penalty_k': 0.19239875222702668, 'scale_lr': 0.5709368571882003}. Best is trial 226 with value: 0.354671357786609.
checkpoint_e17 window_influence: 0.36157156224723941, penalty_k: 0.18643697259614550, scale_lr: 0.49050085312244279, EAO: 0.357
Trial 458 finished with value: 0.35667828966207543 and parameters: {'window_influence': 0.3615715622472394, 'penalty_k': 0.1864369725961455, 'scale_lr': 0.4905008531224428}. Best is trial 458 with value: 0.35667828966207543.
checkpoint_e17 window_influence: 0.35083115954321137, penalty_k: 0.18426333714887419, scale_lr: 0.49014849085272155, EAO: 0.332
Trial 459 finished with value: 0.33235314447824127 and parameters: {'window_influence': 0.35083115954321137, 'penalty_k': 0.1842633371488742, 'scale_lr': 0.49014849085272155}. Best is trial 458 with value: 0.35667828966207543.
checkpoint_e17 window_influence: 0.36024880834104739, penalty_k: 0.17783175405502172, scale_lr: 0.49627124048381044, EAO: 0.309
Trial 460 finished with value: 0.30888703105978466 and parameters: {'window_influence': 0.3602488083410474, 'penalty_k': 0.17783175405502172, 'scale_lr': 0.49627124048381044}. Best is trial 458 with value: 0.35667828966207543.
checkpoint_e17 window_influence: 0.34283192678034125, penalty_k: 0.20558970115140243, scale_lr: 0.47245640869460886, EAO: 0.314
Trial 461 finished with value: 0.3135838095200201 and parameters: {'window_influence': 0.34283192678034125, 'penalty_k': 0.20558970115140243, 'scale_lr': 0.47245640869460886}. Best is trial 458 with value: 0.35667828966207543.
checkpoint_e17 window_influence: 0.36168659299952777, penalty_k: 0.17145644202761273, scale_lr: 0.48106366308743898, EAO: 0.325
Trial 462 finished with value: 0.3248251972843237 and parameters: {'window_influence': 0.36168659299952777, 'penalty_k': 0.17145644202761273, 'scale_lr': 0.481063663087439}. Best is trial 458 with value: 0.35667828966207543.
checkpoint_e17 window_influence: 0.35813769911765031, penalty_k: 0.19402414153157174, scale_lr: 0.46860490952303713, EAO: 0.336
Trial 463 finished with value: 0.33561927752736015 and parameters: {'window_influence': 0.3581376991176503, 'penalty_k': 0.19402414153157174, 'scale_lr': 0.4686049095230371}. Best is trial 458 with value: 0.35667828966207543.
checkpoint_e17 window_influence: 0.34363644315468966, penalty_k: 0.19446297140768554, scale_lr: 0.54179033601197946, EAO: 0.326
Trial 464 finished with value: 0.32551018012404903 and parameters: {'window_influence': 0.34363644315468966, 'penalty_k': 0.19446297140768554, 'scale_lr': 0.5417903360119795}. Best is trial 458 with value: 0.35667828966207543.
checkpoint_e17 window_influence: 0.33206610702486933, penalty_k: 0.18991763706730613, scale_lr: 0.53226858805498767, EAO: 0.311
Trial 465 finished with value: 0.31124072414659804 and parameters: {'window_influence': 0.33206610702486933, 'penalty_k': 0.18991763706730613, 'scale_lr': 0.5322685880549877}. Best is trial 458 with value: 0.35667828966207543.
checkpoint_e17 window_influence: 0.36968865195730954, penalty_k: 0.20378102921232971, scale_lr: 0.55867548124010558, EAO: 0.311
Trial 466 finished with value: 0.3110451133566608 and parameters: {'window_influence': 0.36968865195730954, 'penalty_k': 0.2037810292123297, 'scale_lr': 0.5586754812401056}. Best is trial 458 with value: 0.35667828966207543.
checkpoint_e17 window_influence: 0.35492817692139311, penalty_k: 0.22872095347081364, scale_lr: 0.46450631276379512, EAO: 0.305
Trial 467 finished with value: 0.30452618779839247 and parameters: {'window_influence': 0.3549281769213931, 'penalty_k': 0.22872095347081364, 'scale_lr': 0.4645063127637951}. Best is trial 458 with value: 0.35667828966207543.
checkpoint_e17 window_influence: 0.37970204117560336, penalty_k: 0.18322121271348496, scale_lr: 0.57911013868682326, EAO: 0.331
Trial 468 finished with value: 0.3305610737216148 and parameters: {'window_influence': 0.37970204117560336, 'penalty_k': 0.18322121271348496, 'scale_lr': 0.5791101386868233}. Best is trial 458 with value: 0.35667828966207543.
checkpoint_e17 window_influence: 0.33680775218786568, penalty_k: 0.20557070101790231, scale_lr: 0.12235613354470704, EAO: 0.321
Trial 469 finished with value: 0.32068795284640467 and parameters: {'window_influence': 0.3368077521878657, 'penalty_k': 0.2055707010179023, 'scale_lr': 0.12235613354470704}. Best is trial 458 with value: 0.35667828966207543.
checkpoint_e17 window_influence: 0.35087831276613257, penalty_k: 0.04338343069771598, scale_lr: 0.49076306113733809, EAO: 0.317
Trial 470 finished with value: 0.3170176241184487 and parameters: {'window_influence': 0.35087831276613257, 'penalty_k': 0.04338343069771598, 'scale_lr': 0.4907630611373381}. Best is trial 458 with value: 0.35667828966207543.
checkpoint_e17 window_influence: 0.37349482471584300, penalty_k: 0.05981942953113664, scale_lr: 0.51785283087736855, EAO: 0.328
Trial 471 finished with value: 0.3275133620092377 and parameters: {'window_influence': 0.373494824715843, 'penalty_k': 0.059819429531136635, 'scale_lr': 0.5178528308773686}. Best is trial 458 with value: 0.35667828966207543.
checkpoint_e17 window_influence: 0.36948867840909050, penalty_k: 0.34306805475713009, scale_lr: 0.52951748619705008, EAO: 0.306
Trial 472 finished with value: 0.3064630596322308 and parameters: {'window_influence': 0.3694886784090905, 'penalty_k': 0.3430680547571301, 'scale_lr': 0.5295174861970501}. Best is trial 458 with value: 0.35667828966207543.
checkpoint_e17 window_influence: 0.38695427699309903, penalty_k: 0.49329421384894834, scale_lr: 0.50733933532945974, EAO: 0.316
Trial 473 finished with value: 0.3158948499173042 and parameters: {'window_influence': 0.38695427699309903, 'penalty_k': 0.49329421384894834, 'scale_lr': 0.5073393353294597}. Best is trial 458 with value: 0.35667828966207543.
checkpoint_e17 window_influence: 0.31599920637850976, penalty_k: 0.22199006346872854, scale_lr: 0.55652332453174325, EAO: 0.318
Trial 474 finished with value: 0.3177535318794881 and parameters: {'window_influence': 0.31599920637850976, 'penalty_k': 0.22199006346872854, 'scale_lr': 0.5565233245317432}. Best is trial 458 with value: 0.35667828966207543.
checkpoint_e17 window_influence: 0.10853517364969592, penalty_k: 0.21569495882616407, scale_lr: 0.57025336787084646, EAO: 0.260
Trial 475 finished with value: 0.25991463620607025 and parameters: {'window_influence': 0.10853517364969592, 'penalty_k': 0.21569495882616407, 'scale_lr': 0.5702533678708465}. Best is trial 458 with value: 0.35667828966207543.
checkpoint_e17 window_influence: 0.45398199635483449, penalty_k: 0.16070171113859624, scale_lr: 0.45424747629813939, EAO: 0.313
Trial 476 finished with value: 0.312837770708804 and parameters: {'window_influence': 0.4539819963548345, 'penalty_k': 0.16070171113859624, 'scale_lr': 0.4542474762981394}. Best is trial 458 with value: 0.35667828966207543.
checkpoint_e17 window_influence: 0.36215190843882661, penalty_k: 0.03940833701087366, scale_lr: 0.57967323662860804, EAO: 0.327
Trial 477 finished with value: 0.32688565244934437 and parameters: {'window_influence': 0.3621519084388266, 'penalty_k': 0.039408337010873665, 'scale_lr': 0.579673236628608}. Best is trial 458 with value: 0.35667828966207543.
checkpoint_e17 window_influence: 0.48463132605347270, penalty_k: 0.24246155541178444, scale_lr: 0.19986562907923891, EAO: 0.312
Trial 478 finished with value: 0.31161928385612103 and parameters: {'window_influence': 0.4846313260534727, 'penalty_k': 0.24246155541178444, 'scale_lr': 0.1998656290792389}. Best is trial 458 with value: 0.35667828966207543.
checkpoint_e17 window_influence: 0.42367249085161296, penalty_k: 0.07838015860167734, scale_lr: 0.59531552812576094, EAO: 0.335
Trial 479 finished with value: 0.3346296933838366 and parameters: {'window_influence': 0.42367249085161296, 'penalty_k': 0.07838015860167734, 'scale_lr': 0.5953155281257609}. Best is trial 458 with value: 0.35667828966207543.
checkpoint_e17 window_influence: 0.32306723405571880, penalty_k: 0.10062390529441588, scale_lr: 0.23053989544112216, EAO: 0.306
Trial 480 finished with value: 0.3061866341629845 and parameters: {'window_influence': 0.3230672340557188, 'penalty_k': 0.10062390529441588, 'scale_lr': 0.23053989544112216}. Best is trial 458 with value: 0.35667828966207543.
checkpoint_e17 window_influence: 0.16647337825551406, penalty_k: 0.05890475585188053, scale_lr: 0.54749212468089647, EAO: 0.285
Trial 481 finished with value: 0.28481489390946546 and parameters: {'window_influence': 0.16647337825551406, 'penalty_k': 0.05890475585188053, 'scale_lr': 0.5474921246808965}. Best is trial 458 with value: 0.35667828966207543.
checkpoint_e17 window_influence: 0.34395906512072555, penalty_k: 0.14618274540226578, scale_lr: 0.56059046354154396, EAO: 0.317
Trial 482 finished with value: 0.3169298558151676 and parameters: {'window_influence': 0.34395906512072555, 'penalty_k': 0.14618274540226578, 'scale_lr': 0.560590463541544}. Best is trial 458 with value: 0.35667828966207543.
checkpoint_e17 window_influence: 0.29030945056015522, penalty_k: 0.18865887020929709, scale_lr: 0.68014465750512765, EAO: 0.309
Trial 483 finished with value: 0.30949179636829094 and parameters: {'window_influence': 0.2903094505601552, 'penalty_k': 0.18865887020929709, 'scale_lr': 0.6801446575051276}. Best is trial 458 with value: 0.35667828966207543.
checkpoint_e17 window_influence: 0.64085331577688032, penalty_k: 0.08380313533892532, scale_lr: 0.57409478195862162, EAO: 0.257
Trial 484 finished with value: 0.2566730099429416 and parameters: {'window_influence': 0.6408533157768803, 'penalty_k': 0.08380313533892532, 'scale_lr': 0.5740947819586216}. Best is trial 458 with value: 0.35667828966207543.
checkpoint_e17 window_influence: 0.40858288147374655, penalty_k: 0.21031343164103006, scale_lr: 0.29117284811896343, EAO: 0.321
Trial 485 finished with value: 0.32101590461768065 and parameters: {'window_influence': 0.40858288147374655, 'penalty_k': 0.21031343164103006, 'scale_lr': 0.29117284811896343}. Best is trial 458 with value: 0.35667828966207543.
checkpoint_e17 window_influence: 0.39286228129681522, penalty_k: 0.17490667795804715, scale_lr: 0.49863708153793312, EAO: 0.312
Trial 486 finished with value: 0.3115997653642981 and parameters: {'window_influence': 0.3928622812968152, 'penalty_k': 0.17490667795804715, 'scale_lr': 0.4986370815379331}. Best is trial 458 with value: 0.35667828966207543.
checkpoint_e17 window_influence: 0.53721763832139968, penalty_k: 0.10854941912444588, scale_lr: 0.59050328101371108, EAO: 0.295
Trial 487 finished with value: 0.2952559868649286 and parameters: {'window_influence': 0.5372176383213997, 'penalty_k': 0.10854941912444588, 'scale_lr': 0.5905032810137111}. Best is trial 458 with value: 0.35667828966207543.
checkpoint_e17 window_influence: 0.44966701601879810, penalty_k: 0.37448131647262728, scale_lr: 0.13101984919079657, EAO: 0.316
Trial 488 finished with value: 0.315675149168022 and parameters: {'window_influence': 0.4496670160187981, 'penalty_k': 0.3744813164726273, 'scale_lr': 0.13101984919079657}. Best is trial 458 with value: 0.35667828966207543.
checkpoint_e17 window_influence: 0.46712981300456857, penalty_k: 0.25254452517289161, scale_lr: 0.53304095387020933, EAO: 0.324
Trial 489 finished with value: 0.3240229424219651 and parameters: {'window_influence': 0.4671298130045686, 'penalty_k': 0.2525445251728916, 'scale_lr': 0.5330409538702093}. Best is trial 458 with value: 0.35667828966207543.
checkpoint_e17 window_influence: 0.21210562797370963, penalty_k: 0.27031549246351455, scale_lr: 0.44950580105243537, EAO: 0.278
Trial 490 finished with value: 0.278187579971807 and parameters: {'window_influence': 0.21210562797370963, 'penalty_k': 0.27031549246351455, 'scale_lr': 0.44950580105243537}. Best is trial 458 with value: 0.35667828966207543.
checkpoint_e17 window_influence: 0.43237730518792500, penalty_k: 0.09686490109775679, scale_lr: 0.61289519973726669, EAO: 0.323
Trial 491 finished with value: 0.3229953088301165 and parameters: {'window_influence': 0.432377305187925, 'penalty_k': 0.09686490109775679, 'scale_lr': 0.6128951997372667}. Best is trial 458 with value: 0.35667828966207543.
checkpoint_e17 window_influence: 0.56538356522197797, penalty_k: 0.33692927811905304, scale_lr: 0.69095828257485270, EAO: 0.269
Trial 492 finished with value: 0.268714600557947 and parameters: {'window_influence': 0.565383565221978, 'penalty_k': 0.33692927811905304, 'scale_lr': 0.6909582825748527}. Best is trial 458 with value: 0.35667828966207543.
checkpoint_e17 window_influence: 0.49274031413458957, penalty_k: 0.02839744536888170, scale_lr: 0.39551324577745373, EAO: 0.333
Trial 493 finished with value: 0.3326200184771059 and parameters: {'window_influence': 0.4927403141345896, 'penalty_k': 0.028397445368881703, 'scale_lr': 0.3955132457774537}. Best is trial 458 with value: 0.35667828966207543.
checkpoint_e17 window_influence: 0.44264896648584778, penalty_k: 0.07075652147709588, scale_lr: 0.47421926295578748, EAO: 0.324
Trial 494 finished with value: 0.3238651667239601 and parameters: {'window_influence': 0.4426489664858478, 'penalty_k': 0.07075652147709588, 'scale_lr': 0.4742192629557875}. Best is trial 458 with value: 0.35667828966207543.
checkpoint_e17 window_influence: 0.41451579059397026, penalty_k: 0.16358690161369929, scale_lr: 0.18326242785903873, EAO: 0.323
Trial 495 finished with value: 0.3234076058122434 and parameters: {'window_influence': 0.41451579059397026, 'penalty_k': 0.1635869016136993, 'scale_lr': 0.18326242785903873}. Best is trial 458 with value: 0.35667828966207543.
checkpoint_e17 window_influence: 0.37857469963197304, penalty_k: 0.05228343187813353, scale_lr: 0.28337416260787629, EAO: 0.325
