Trial 2592 finished with value: 0.32911481827149597 and parameters: {'window_influence': 0.45003872453307026, 'penalty_k': 0.01858790311753411, 'scale_lr': 0.497435642657778}. Best is trial 1270 with value: 0.3623636909959845.
checkpoint_e22 window_influence: 0.46444486578715183, penalty_k: 0.01073406574248972, scale_lr: 0.52089264963973425, EAO: 0.339
Trial 2593 finished with value: 0.338561445590587 and parameters: {'window_influence': 0.46444486578715183, 'penalty_k': 0.010734065742489723, 'scale_lr': 0.5208926496397343}. Best is trial 1270 with value: 0.3623636909959845.
checkpoint_e22 window_influence: 0.41103651136710817, penalty_k: 0.02335569490647480, scale_lr: 0.48484574319040535, EAO: 0.309
Trial 2594 finished with value: 0.3093459763879442 and parameters: {'window_influence': 0.41103651136710817, 'penalty_k': 0.023355694906474805, 'scale_lr': 0.48484574319040535}. Best is trial 1270 with value: 0.3623636909959845.
checkpoint_e22 window_influence: 0.43437281223577290, penalty_k: 0.03023261643005669, scale_lr: 0.51200497290465863, EAO: 0.328
Trial 2595 finished with value: 0.32820718680374356 and parameters: {'window_influence': 0.4343728122357729, 'penalty_k': 0.03023261643005669, 'scale_lr': 0.5120049729046586}. Best is trial 1270 with value: 0.3623636909959845.
checkpoint_e22 window_influence: 0.40654251751682868, penalty_k: 0.01085273573708904, scale_lr: 0.46535401263098253, EAO: 0.326
Trial 2596 finished with value: 0.32573387067373627 and parameters: {'window_influence': 0.4065425175168287, 'penalty_k': 0.010852735737089041, 'scale_lr': 0.4653540126309825}. Best is trial 1270 with value: 0.3623636909959845.
checkpoint_e22 window_influence: 0.46212501320343663, penalty_k: 0.03865616544957761, scale_lr: 0.47571743316806153, EAO: 0.326
Trial 2597 finished with value: 0.3262731496114211 and parameters: {'window_influence': 0.46212501320343663, 'penalty_k': 0.03865616544957761, 'scale_lr': 0.47571743316806153}. Best is trial 1270 with value: 0.3623636909959845.
checkpoint_e22 window_influence: 0.45006663975358124, penalty_k: 0.01032371184821726, scale_lr: 0.47911213003536568, EAO: 0.315
Trial 2598 finished with value: 0.3152465971063547 and parameters: {'window_influence': 0.45006663975358124, 'penalty_k': 0.010323711848217263, 'scale_lr': 0.4791121300353657}. Best is trial 1270 with value: 0.3623636909959845.
checkpoint_e22 window_influence: 0.10599152021657196, penalty_k: 0.04161201351384155, scale_lr: 0.50174642984561413, EAO: 0.261
Trial 2599 finished with value: 0.2611323315577748 and parameters: {'window_influence': 0.10599152021657196, 'penalty_k': 0.04161201351384155, 'scale_lr': 0.5017464298456141}. Best is trial 1270 with value: 0.3623636909959845.
checkpoint_e22 window_influence: 0.38307844414494341, penalty_k: 0.02115224612644452, scale_lr: 0.52275422209818101, EAO: 0.343
Trial 2600 finished with value: 0.3434278429250309 and parameters: {'window_influence': 0.3830784441449434, 'penalty_k': 0.021152246126444525, 'scale_lr': 0.522754222098181}. Best is trial 1270 with value: 0.3623636909959845.
checkpoint_e22 window_influence: 0.35945130859447116, penalty_k: 0.02846914947662778, scale_lr: 0.49414849200101862, EAO: 0.316
Trial 2601 finished with value: 0.3163336769384169 and parameters: {'window_influence': 0.35945130859447116, 'penalty_k': 0.028469149476627778, 'scale_lr': 0.4941484920010186}. Best is trial 1270 with value: 0.3623636909959845.
checkpoint_e22 window_influence: 0.46994480586277837, penalty_k: 0.00125723385943544, scale_lr: 0.46797855453748527, EAO: 0.352
Trial 2602 finished with value: 0.3522737713871299 and parameters: {'window_influence': 0.46994480586277837, 'penalty_k': 0.0012572338594354392, 'scale_lr': 0.46797855453748527}. Best is trial 1270 with value: 0.3623636909959845.
checkpoint_e22 window_influence: 0.47514577585696777, penalty_k: 0.00773867728624736, scale_lr: 0.45425132427966064, EAO: 0.340
Trial 2603 finished with value: 0.3396906730961707 and parameters: {'window_influence': 0.47514577585696777, 'penalty_k': 0.007738677286247362, 'scale_lr': 0.45425132427966064}. Best is trial 1270 with value: 0.3623636909959845.
checkpoint_e22 window_influence: 0.47105424449383176, penalty_k: 0.00550082250727453, scale_lr: 0.46555781612861641, EAO: 0.338
Trial 2604 finished with value: 0.33805907804678387 and parameters: {'window_influence': 0.47105424449383176, 'penalty_k': 0.005500822507274527, 'scale_lr': 0.4655578161286164}. Best is trial 1270 with value: 0.3623636909959845.
checkpoint_e22 window_influence: 0.48266020938285065, penalty_k: 0.00031736537252858, scale_lr: 0.45106147961648174, EAO: 0.334
Trial 2605 finished with value: 0.3335488039695799 and parameters: {'window_influence': 0.48266020938285065, 'penalty_k': 0.00031736537252858134, 'scale_lr': 0.45106147961648174}. Best is trial 1270 with value: 0.3623636909959845.
checkpoint_e22 window_influence: 0.47061641237488883, penalty_k: 0.00939233859003747, scale_lr: 0.45810386699649791, EAO: 0.324
Trial 2606 finished with value: 0.3241125662387113 and parameters: {'window_influence': 0.4706164123748888, 'penalty_k': 0.009392338590037469, 'scale_lr': 0.4581038669964979}. Best is trial 1270 with value: 0.3623636909959845.
checkpoint_e22 window_influence: 0.06926764654716389, penalty_k: 0.00159973971826441, scale_lr: 0.47010055107206750, EAO: 0.250
Trial 2607 finished with value: 0.2504027564701867 and parameters: {'window_influence': 0.06926764654716389, 'penalty_k': 0.0015997397182644126, 'scale_lr': 0.4701005510720675}. Best is trial 1270 with value: 0.3623636909959845.
checkpoint_e22 window_influence: 0.48085416335775821, penalty_k: 0.01018615537126947, scale_lr: 0.44526134224629277, EAO: 0.329
Trial 2608 finished with value: 0.3291066618281116 and parameters: {'window_influence': 0.4808541633577582, 'penalty_k': 0.01018615537126947, 'scale_lr': 0.44526134224629277}. Best is trial 1270 with value: 0.3623636909959845.
checkpoint_e22 window_influence: 0.46426718774467629, penalty_k: 0.00045799880365768, scale_lr: 0.46764392249597342, EAO: 0.327
Trial 2609 finished with value: 0.32694391842482157 and parameters: {'window_influence': 0.4642671877446763, 'penalty_k': 0.00045799880365767626, 'scale_lr': 0.4676439224959734}. Best is trial 1270 with value: 0.3623636909959845.
checkpoint_e22 window_influence: 0.49149684846732494, penalty_k: 0.01819558511009872, scale_lr: 0.47764109424288614, EAO: 0.323
Trial 2610 finished with value: 0.3230588555567923 and parameters: {'window_influence': 0.49149684846732494, 'penalty_k': 0.01819558511009872, 'scale_lr': 0.47764109424288614}. Best is trial 1270 with value: 0.3623636909959845.
checkpoint_e22 window_influence: 0.28450230413293631, penalty_k: 0.00039712989124518, scale_lr: 0.44650372391762139, EAO: 0.292
Trial 2611 finished with value: 0.29249434758716986 and parameters: {'window_influence': 0.2845023041329363, 'penalty_k': 0.00039712989124518375, 'scale_lr': 0.4465037239176214}. Best is trial 1270 with value: 0.3623636909959845.
checkpoint_e22 window_influence: 0.58491178026478363, penalty_k: 0.36448577066330634, scale_lr: 0.47085912391225637, EAO: 0.242
Trial 2612 finished with value: 0.2416658828810495 and parameters: {'window_influence': 0.5849117802647836, 'penalty_k': 0.36448577066330634, 'scale_lr': 0.47085912391225637}. Best is trial 1270 with value: 0.3623636909959845.
checkpoint_e22 window_influence: 0.47054449291273398, penalty_k: 0.02613004107318571, scale_lr: 0.43848553210340552, EAO: 0.322
Trial 2613 finished with value: 0.3218335201420209 and parameters: {'window_influence': 0.470544492912734, 'penalty_k': 0.026130041073185707, 'scale_lr': 0.4384855321034055}. Best is trial 1270 with value: 0.3623636909959845.
checkpoint_e22 window_influence: 0.48167021370256630, penalty_k: 0.01070057721356122, scale_lr: 0.46839507482204823, EAO: 0.330
Trial 2614 finished with value: 0.33006134414719235 and parameters: {'window_influence': 0.4816702137025663, 'penalty_k': 0.010700577213561222, 'scale_lr': 0.46839507482204823}. Best is trial 1270 with value: 0.3623636909959845.
checkpoint_e22 window_influence: 0.55794660674065366, penalty_k: 0.22620963593971610, scale_lr: 0.44795790359845877, EAO: 0.274
Trial 2615 finished with value: 0.2744275958853473 and parameters: {'window_influence': 0.5579466067406537, 'penalty_k': 0.2262096359397161, 'scale_lr': 0.4479579035984588}. Best is trial 1270 with value: 0.3623636909959845.
checkpoint_e22 window_influence: 0.37037497160934224, penalty_k: 0.01896415235236858, scale_lr: 0.50481423832583672, EAO: 0.321
Trial 2616 finished with value: 0.3212718986235704 and parameters: {'window_influence': 0.37037497160934224, 'penalty_k': 0.018964152352368577, 'scale_lr': 0.5048142383258367}. Best is trial 1270 with value: 0.3623636909959845.
checkpoint_e22 window_influence: 0.46208002836743273, penalty_k: 0.04710846539066288, scale_lr: 0.48490072310265020, EAO: 0.319
Trial 2617 finished with value: 0.3194796771158968 and parameters: {'window_influence': 0.4620800283674327, 'penalty_k': 0.04710846539066288, 'scale_lr': 0.4849007231026502}. Best is trial 1270 with value: 0.3623636909959845.
checkpoint_e22 window_influence: 0.32341997497575070, penalty_k: 0.37201299475108734, scale_lr: 0.22056912210020005, EAO: 0.278
Trial 2618 finished with value: 0.2784605980615208 and parameters: {'window_influence': 0.3234199749757507, 'penalty_k': 0.37201299475108734, 'scale_lr': 0.22056912210020005}. Best is trial 1270 with value: 0.3623636909959845.
checkpoint_e22 window_influence: 0.49383775537096830, penalty_k: 0.00056339857064511, scale_lr: 0.47963232215845986, EAO: 0.321
Trial 2619 finished with value: 0.3207767369798185 and parameters: {'window_influence': 0.4938377553709683, 'penalty_k': 0.000563398570645109, 'scale_lr': 0.47963232215845986}. Best is trial 1270 with value: 0.3623636909959845.
checkpoint_e22 window_influence: 0.47575646889959278, penalty_k: 0.03102426865367381, scale_lr: 0.45668996636084164, EAO: 0.322
Trial 2620 finished with value: 0.32175456613650116 and parameters: {'window_influence': 0.4757564688995928, 'penalty_k': 0.03102426865367381, 'scale_lr': 0.45668996636084164}. Best is trial 1270 with value: 0.3623636909959845.
checkpoint_e22 window_influence: 0.30852117048409405, penalty_k: 0.04740440707511551, scale_lr: 0.43368203295619756, EAO: 0.301
Trial 2621 finished with value: 0.3009259087334347 and parameters: {'window_influence': 0.30852117048409405, 'penalty_k': 0.04740440707511551, 'scale_lr': 0.43368203295619756}. Best is trial 1270 with value: 0.3623636909959845.
checkpoint_e22 window_influence: 0.50271065923891145, penalty_k: 0.01831391889038478, scale_lr: 0.25770766058662398, EAO: 0.313
Trial 2622 finished with value: 0.3128227728350153 and parameters: {'window_influence': 0.5027106592389115, 'penalty_k': 0.01831391889038478, 'scale_lr': 0.257707660586624}. Best is trial 1270 with value: 0.3623636909959845.
checkpoint_e22 window_influence: 0.45860552426649681, penalty_k: 0.03152408566374801, scale_lr: 0.45886150230841111, EAO: 0.308
Trial 2623 finished with value: 0.3077120402907583 and parameters: {'window_influence': 0.4586055242664968, 'penalty_k': 0.03152408566374801, 'scale_lr': 0.4588615023084111}. Best is trial 1270 with value: 0.3623636909959845.
checkpoint_e22 window_influence: 0.53971707632185517, penalty_k: 0.48825874117183565, scale_lr: 0.48822480487579817, EAO: 0.278
Trial 2624 finished with value: 0.2779240658658952 and parameters: {'window_influence': 0.5397170763218552, 'penalty_k': 0.48825874117183565, 'scale_lr': 0.48822480487579817}. Best is trial 1270 with value: 0.3623636909959845.
checkpoint_e22 window_influence: 0.48673977366508708, penalty_k: 0.01234903884118038, scale_lr: 0.52057049024327862, EAO: 0.339
Trial 2625 finished with value: 0.33850766770570656 and parameters: {'window_influence': 0.4867397736650871, 'penalty_k': 0.012349038841180382, 'scale_lr': 0.5205704902432786}. Best is trial 1270 with value: 0.3623636909959845.
checkpoint_e22 window_influence: 0.34134040413003902, penalty_k: 0.01187784909893636, scale_lr: 0.24271604931493909, EAO: 0.305
Trial 2626 finished with value: 0.3051205976116054 and parameters: {'window_influence': 0.341340404130039, 'penalty_k': 0.011877849098936358, 'scale_lr': 0.2427160493149391}. Best is trial 1270 with value: 0.3623636909959845.
checkpoint_e22 window_influence: 0.47110514081983840, penalty_k: 0.03894479565851791, scale_lr: 0.76556477255018096, EAO: 0.318
Trial 2627 finished with value: 0.3178214707959023 and parameters: {'window_influence': 0.4711051408198384, 'penalty_k': 0.03894479565851791, 'scale_lr': 0.765564772550181}. Best is trial 1270 with value: 0.3623636909959845.
checkpoint_e22 window_influence: 0.49469138342737301, penalty_k: 0.01094154533587496, scale_lr: 0.50351777688378252, EAO: 0.333
Trial 2628 finished with value: 0.3331136159627818 and parameters: {'window_influence': 0.494691383427373, 'penalty_k': 0.010941545335874958, 'scale_lr': 0.5035177768837825}. Best is trial 1270 with value: 0.3623636909959845.
checkpoint_e22 window_influence: 0.47978913837277731, penalty_k: 0.00112692924935681, scale_lr: 0.46878444555485588, EAO: 0.349
Trial 2629 finished with value: 0.34888845786510275 and parameters: {'window_influence': 0.4797891383727773, 'penalty_k': 0.0011269292493568059, 'scale_lr': 0.4687844455548559}. Best is trial 1270 with value: 0.3623636909959845.
checkpoint_e22 window_influence: 0.45445463895628341, penalty_k: 0.59812702079140601, scale_lr: 0.66888705702214457, EAO: 0.316
Trial 2630 finished with value: 0.31556243434954245 and parameters: {'window_influence': 0.4544546389562834, 'penalty_k': 0.598127020791406, 'scale_lr': 0.6688870570221446}. Best is trial 1270 with value: 0.3623636909959845.
checkpoint_e22 window_influence: 0.46665100466122977, penalty_k: 0.33642359251502119, scale_lr: 0.26416075041370080, EAO: 0.302
Trial 2631 finished with value: 0.301941173549756 and parameters: {'window_influence': 0.4666510046612298, 'penalty_k': 0.3364235925150212, 'scale_lr': 0.2641607504137008}. Best is trial 1270 with value: 0.3623636909959845.
checkpoint_e22 window_influence: 0.10889639351633651, penalty_k: 0.02189650041329239, scale_lr: 0.42252458916336638, EAO: 0.236
Trial 2632 finished with value: 0.2359923615413881 and parameters: {'window_influence': 0.10889639351633651, 'penalty_k': 0.021896500413292386, 'scale_lr': 0.4225245891633664}. Best is trial 1270 with value: 0.3623636909959845.
checkpoint_e22 window_influence: 0.16353831785140352, penalty_k: 0.05383529638029141, scale_lr: 0.73995612454938609, EAO: 0.275
Trial 2633 finished with value: 0.2745904400654804 and parameters: {'window_influence': 0.16353831785140352, 'penalty_k': 0.053835296380291414, 'scale_lr': 0.7399561245493861}. Best is trial 1270 with value: 0.3623636909959845.
checkpoint_e22 window_influence: 0.20894777062356662, penalty_k: 0.00023800726484518, scale_lr: 0.59432712028439705, EAO: 0.279
Trial 2634 finished with value: 0.2790982933707738 and parameters: {'window_influence': 0.20894777062356662, 'penalty_k': 0.0002380072648451824, 'scale_lr': 0.594327120284397}. Best is trial 1270 with value: 0.3623636909959845.
checkpoint_e22 window_influence: 0.62183826142061416, penalty_k: 0.00000238784731304, scale_lr: 0.55757077666080257, EAO: 0.247
Trial 2635 finished with value: 0.24702560797275736 and parameters: {'window_influence': 0.6218382614206142, 'penalty_k': 2.3878473130440714e-06, 'scale_lr': 0.5575707766608026}. Best is trial 1270 with value: 0.3623636909959845.
checkpoint_e22 window_influence: 0.37558618666938542, penalty_k: 0.02414499214520521, scale_lr: 0.49469760849530625, EAO: 0.322
Trial 2636 finished with value: 0.32225694121785664 and parameters: {'window_influence': 0.3755861866693854, 'penalty_k': 0.024144992145205206, 'scale_lr': 0.49469760849530625}. Best is trial 1270 with value: 0.3623636909959845.
checkpoint_e22 window_influence: 0.50846164264538574, penalty_k: 0.03988086948120861, scale_lr: 0.60646009667569145, EAO: 0.303
Trial 2637 finished with value: 0.30255051113752074 and parameters: {'window_influence': 0.5084616426453857, 'penalty_k': 0.039880869481208614, 'scale_lr': 0.6064600966756915}. Best is trial 1270 with value: 0.3623636909959845.
checkpoint_e22 window_influence: 0.13135127051277026, penalty_k: 0.02082565567597434, scale_lr: 0.57915611849533721, EAO: 0.274
Trial 2638 finished with value: 0.27368029453411175 and parameters: {'window_influence': 0.13135127051277026, 'penalty_k': 0.020825655675974337, 'scale_lr': 0.5791561184953372}. Best is trial 1270 with value: 0.3623636909959845.
checkpoint_e22 window_influence: 0.52313766986556032, penalty_k: 0.44165352177481304, scale_lr: 0.44283492071606750, EAO: 0.285
Trial 2639 finished with value: 0.2853951120191047 and parameters: {'window_influence': 0.5231376698655603, 'penalty_k': 0.44165352177481304, 'scale_lr': 0.4428349207160675}. Best is trial 1270 with value: 0.3623636909959845.
checkpoint_e22 window_influence: 0.48698585701046737, penalty_k: 0.04775943587102207, scale_lr: 0.17278510923609208, EAO: 0.331
Trial 2640 finished with value: 0.3314346754597319 and parameters: {'window_influence': 0.48698585701046737, 'penalty_k': 0.04775943587102207, 'scale_lr': 0.17278510923609208}. Best is trial 1270 with value: 0.3623636909959845.
checkpoint_e22 window_influence: 0.32597725049662690, penalty_k: 0.03023260699293377, scale_lr: 0.14465986737743913, EAO: 0.295
Trial 2641 finished with value: 0.29518917469662914 and parameters: {'window_influence': 0.3259772504966269, 'penalty_k': 0.030232606992933772, 'scale_lr': 0.14465986737743913}. Best is trial 1270 with value: 0.3623636909959845.
checkpoint_e22 window_influence: 0.47184269210640983, penalty_k: 0.00959616441437715, scale_lr: 0.27466403356407038, EAO: 0.340
Trial 2642 finished with value: 0.3402755872748705 and parameters: {'window_influence': 0.47184269210640983, 'penalty_k': 0.009596164414377155, 'scale_lr': 0.2746640335640704}. Best is trial 1270 with value: 0.3623636909959845.
checkpoint_e22 window_influence: 0.45532865200134587, penalty_k: 0.05978489576135532, scale_lr: 0.63123486399215956, EAO: 0.316
Trial 2643 finished with value: 0.31647902703934605 and parameters: {'window_influence': 0.45532865200134587, 'penalty_k': 0.059784895761355324, 'scale_lr': 0.6312348639921596}. Best is trial 1270 with value: 0.3623636909959845.
checkpoint_e22 window_influence: 0.26476593161320333, penalty_k: 0.02033385498454815, scale_lr: 0.53445328871374553, EAO: 0.293
Trial 2644 finished with value: 0.29294937066298976 and parameters: {'window_influence': 0.26476593161320333, 'penalty_k': 0.02033385498454815, 'scale_lr': 0.5344532887137455}. Best is trial 1270 with value: 0.3623636909959845.
checkpoint_e22 window_influence: 0.49633248652693879, penalty_k: 0.52678913202906852, scale_lr: 0.47372386188300042, EAO: 0.285
Trial 2645 finished with value: 0.28536295386371907 and parameters: {'window_influence': 0.4963324865269388, 'penalty_k': 0.5267891320290685, 'scale_lr': 0.4737238618830004}. Best is trial 1270 with value: 0.3623636909959845.
checkpoint_e22 window_influence: 0.48065966366740953, penalty_k: 0.45287095814816802, scale_lr: 0.19403249429837979, EAO: 0.256
Trial 2646 finished with value: 0.25593179104856945 and parameters: {'window_influence': 0.48065966366740953, 'penalty_k': 0.452870958148168, 'scale_lr': 0.1940324942983798}. Best is trial 1270 with value: 0.3623636909959845.
checkpoint_e22 window_influence: 0.46571758720445966, penalty_k: 0.19121419684443647, scale_lr: 0.64899798502050632, EAO: 0.316
Trial 2647 finished with value: 0.3164093374974069 and parameters: {'window_influence': 0.46571758720445966, 'penalty_k': 0.19121419684443647, 'scale_lr': 0.6489979850205063}. Best is trial 1270 with value: 0.3623636909959845.
checkpoint_e22 window_influence: 0.64617723678387229, penalty_k: 0.20556772301723636, scale_lr: 0.22280641576950241, EAO: 0.233
Trial 2648 finished with value: 0.23304223498249796 and parameters: {'window_influence': 0.6461772367838723, 'penalty_k': 0.20556772301723636, 'scale_lr': 0.22280641576950241}. Best is trial 1270 with value: 0.3623636909959845.
checkpoint_e22 window_influence: 0.22902945900800686, penalty_k: 0.16638254618287029, scale_lr: 0.67958582994963856, EAO: 0.275
Trial 2649 finished with value: 0.27475954168965383 and parameters: {'window_influence': 0.22902945900800686, 'penalty_k': 0.1663825461828703, 'scale_lr': 0.6795858299496386}. Best is trial 1270 with value: 0.3623636909959845.
checkpoint_e22 window_influence: 0.60870483714988199, penalty_k: 0.03646513629517842, scale_lr: 0.51635220886306954, EAO: 0.247
Trial 2650 finished with value: 0.24693496693433026 and parameters: {'window_influence': 0.608704837149882, 'penalty_k': 0.03646513629517842, 'scale_lr': 0.5163522088630695}. Best is trial 1270 with value: 0.3623636909959845.
checkpoint_e22 window_influence: 0.58975595214693266, penalty_k: 0.01028796989143310, scale_lr: 0.68953035403488783, EAO: 0.271
Trial 2651 finished with value: 0.270847677082867 and parameters: {'window_influence': 0.5897559521469327, 'penalty_k': 0.010287969891433098, 'scale_lr': 0.6895303540348878}. Best is trial 1270 with value: 0.3623636909959845.
checkpoint_e22 window_influence: 0.44515684048396442, penalty_k: 0.02349091329059184, scale_lr: 0.12621207974696141, EAO: 0.312
Trial 2652 finished with value: 0.31221142944658775 and parameters: {'window_influence': 0.4451568404839644, 'penalty_k': 0.023490913290591844, 'scale_lr': 0.12621207974696141}. Best is trial 1270 with value: 0.3623636909959845.
checkpoint_e22 window_influence: 0.50380524484865286, penalty_k: 0.01091739984021570, scale_lr: 0.25406170757289681, EAO: 0.323
