Trial 180 finished with value: 0.30650255101432133 and parameters: {'window_influence': 0.5268833795643117, 'penalty_k': 0.06265595198098714, 'scale_lr': 0.3893147771492016}. Best is trial 170 with value: 0.36033013010767184.
checkpoint_e16 window_influence: 0.50420519820996745, penalty_k: 0.01907114312625699, scale_lr: 0.42841255379302906, EAO: 0.332
Trial 181 finished with value: 0.33220011111827213 and parameters: {'window_influence': 0.5042051982099675, 'penalty_k': 0.019071143126256993, 'scale_lr': 0.42841255379302906}. Best is trial 170 with value: 0.36033013010767184.
checkpoint_e16 window_influence: 0.48316370652898333, penalty_k: 0.28352106881845429, scale_lr: 0.42204694905404505, EAO: 0.316
Trial 182 finished with value: 0.3157732854325484 and parameters: {'window_influence': 0.4831637065289833, 'penalty_k': 0.2835210688184543, 'scale_lr': 0.42204694905404505}. Best is trial 170 with value: 0.36033013010767184.
checkpoint_e16 window_influence: 0.47635827159341965, penalty_k: 0.03349067745098866, scale_lr: 0.40605262620027560, EAO: 0.338
Trial 183 finished with value: 0.33829311093003833 and parameters: {'window_influence': 0.47635827159341965, 'penalty_k': 0.03349067745098866, 'scale_lr': 0.4060526262002756}. Best is trial 170 with value: 0.36033013010767184.
checkpoint_e16 window_influence: 0.49587727867160469, penalty_k: 0.01140630938070148, scale_lr: 0.43790187299818706, EAO: 0.334
Trial 184 finished with value: 0.33430073929204085 and parameters: {'window_influence': 0.4958772786716047, 'penalty_k': 0.011406309380701479, 'scale_lr': 0.43790187299818706}. Best is trial 170 with value: 0.36033013010767184.
checkpoint_e16 window_influence: 0.46762358513965868, penalty_k: 0.00053494571472163, scale_lr: 0.44134669487530470, EAO: 0.349
Trial 185 finished with value: 0.34889559673891923 and parameters: {'window_influence': 0.4676235851396587, 'penalty_k': 0.0005349457147216319, 'scale_lr': 0.4413466948753047}. Best is trial 170 with value: 0.36033013010767184.
checkpoint_e16 window_influence: 0.34068438499230835, penalty_k: 0.00161256141695396, scale_lr: 0.36225808708608237, EAO: 0.306
Trial 186 finished with value: 0.3057553557686305 and parameters: {'window_influence': 0.34068438499230835, 'penalty_k': 0.0016125614169539557, 'scale_lr': 0.36225808708608237}. Best is trial 170 with value: 0.36033013010767184.
checkpoint_e16 window_influence: 0.38338453980800025, penalty_k: 0.04290940846938722, scale_lr: 0.41850007604246298, EAO: 0.321
Trial 187 finished with value: 0.3206656688846039 and parameters: {'window_influence': 0.38338453980800025, 'penalty_k': 0.04290940846938722, 'scale_lr': 0.418500076042463}. Best is trial 170 with value: 0.36033013010767184.
checkpoint_e16 window_influence: 0.45383119102516495, penalty_k: 0.02405753604746044, scale_lr: 0.40444646167562526, EAO: 0.341
Trial 188 finished with value: 0.34148315569306165 and parameters: {'window_influence': 0.45383119102516495, 'penalty_k': 0.024057536047460443, 'scale_lr': 0.40444646167562526}. Best is trial 170 with value: 0.36033013010767184.
checkpoint_e16 window_influence: 0.48559691077991474, penalty_k: 0.02297403340873398, scale_lr: 0.44393428366941667, EAO: 0.329
Trial 189 finished with value: 0.3288006661351089 and parameters: {'window_influence': 0.48559691077991474, 'penalty_k': 0.02297403340873398, 'scale_lr': 0.4439342836694167}. Best is trial 170 with value: 0.36033013010767184.
checkpoint_e16 window_influence: 0.46950019784099511, penalty_k: 0.00034445346394897, scale_lr: 0.51328824864647793, EAO: 0.332
Trial 190 finished with value: 0.33182452242198157 and parameters: {'window_influence': 0.4695001978409951, 'penalty_k': 0.0003444534639489658, 'scale_lr': 0.5132882486464779}. Best is trial 170 with value: 0.36033013010767184.
checkpoint_e16 window_influence: 0.47161631499326095, penalty_k: 0.01369919836572988, scale_lr: 0.45271849989984481, EAO: 0.341
Trial 191 finished with value: 0.3409098741609299 and parameters: {'window_influence': 0.47161631499326095, 'penalty_k': 0.013699198365729883, 'scale_lr': 0.4527184998998448}. Best is trial 170 with value: 0.36033013010767184.
checkpoint_e16 window_influence: 0.50206488606482758, penalty_k: 0.01187332346489877, scale_lr: 0.43327942683967136, EAO: 0.334
Trial 192 finished with value: 0.3341886342035657 and parameters: {'window_influence': 0.5020648860648276, 'penalty_k': 0.011873323464898774, 'scale_lr': 0.43327942683967136}. Best is trial 170 with value: 0.36033013010767184.
checkpoint_e16 window_influence: 0.46454130548702244, penalty_k: 0.02957422765587665, scale_lr: 0.53383025869321543, EAO: 0.341
Trial 193 finished with value: 0.3413608188990953 and parameters: {'window_influence': 0.46454130548702244, 'penalty_k': 0.029574227655876653, 'scale_lr': 0.5338302586932154}. Best is trial 170 with value: 0.36033013010767184.
checkpoint_e16 window_influence: 0.44433968304878124, penalty_k: 0.03768382298780701, scale_lr: 0.45709368396215783, EAO: 0.334
Trial 194 finished with value: 0.33399271675120995 and parameters: {'window_influence': 0.44433968304878124, 'penalty_k': 0.03768382298780701, 'scale_lr': 0.4570936839621578}. Best is trial 170 with value: 0.36033013010767184.
checkpoint_e16 window_influence: 0.48978781453089004, penalty_k: 0.00034587869220803, scale_lr: 0.39346826067319263, EAO: 0.320
Trial 195 finished with value: 0.3203981452646886 and parameters: {'window_influence': 0.48978781453089004, 'penalty_k': 0.0003458786922080325, 'scale_lr': 0.3934682606731926}. Best is trial 170 with value: 0.36033013010767184.
checkpoint_e16 window_influence: 0.47945099763727872, penalty_k: 0.32921984912795449, scale_lr: 0.42113346573450272, EAO: 0.302
Trial 196 finished with value: 0.3017450131562897 and parameters: {'window_influence': 0.4794509976372787, 'penalty_k': 0.3292198491279545, 'scale_lr': 0.4211334657345027}. Best is trial 170 with value: 0.36033013010767184.
checkpoint_e16 window_influence: 0.42928471482302472, penalty_k: 0.01851788870508450, scale_lr: 0.44192929566364725, EAO: 0.347
Trial 197 finished with value: 0.3467408483594308 and parameters: {'window_influence': 0.4292847148230247, 'penalty_k': 0.0185178887050845, 'scale_lr': 0.44192929566364725}. Best is trial 170 with value: 0.36033013010767184.
checkpoint_e16 window_influence: 0.43562283975262628, penalty_k: 0.05292700156834339, scale_lr: 0.42927440789816573, EAO: 0.330
Trial 198 finished with value: 0.3302687167077677 and parameters: {'window_influence': 0.4356228397526263, 'penalty_k': 0.052927001568343394, 'scale_lr': 0.42927440789816573}. Best is trial 170 with value: 0.36033013010767184.
checkpoint_e16 window_influence: 0.42141614136543992, penalty_k: 0.01968146899657455, scale_lr: 0.43825993664105833, EAO: 0.336
Trial 199 finished with value: 0.33622438643229147 and parameters: {'window_influence': 0.4214161413654399, 'penalty_k': 0.019681468996574553, 'scale_lr': 0.43825993664105833}. Best is trial 170 with value: 0.36033013010767184.
checkpoint_e16 window_influence: 0.45486866402724357, penalty_k: 0.03627352068900560, scale_lr: 0.38094256832265033, EAO: 0.329
Trial 200 finished with value: 0.3293467386687312 and parameters: {'window_influence': 0.4548686640272436, 'penalty_k': 0.0362735206890056, 'scale_lr': 0.38094256832265033}. Best is trial 170 with value: 0.36033013010767184.
checkpoint_e16 window_influence: 0.36323770587369608, penalty_k: 0.01290876389263360, scale_lr: 0.44955404545402633, EAO: 0.307
Trial 201 finished with value: 0.3066610085129274 and parameters: {'window_influence': 0.3632377058736961, 'penalty_k': 0.012908763892633601, 'scale_lr': 0.44955404545402633}. Best is trial 170 with value: 0.36033013010767184.
checkpoint_e16 window_influence: 0.46610725607359937, penalty_k: 0.02027567719830919, scale_lr: 0.41203651090198223, EAO: 0.336
Trial 202 finished with value: 0.3362692153871291 and parameters: {'window_influence': 0.4661072560735994, 'penalty_k': 0.020275677198309194, 'scale_lr': 0.41203651090198223}. Best is trial 170 with value: 0.36033013010767184.
checkpoint_e16 window_influence: 0.41023818476134599, penalty_k: 0.00974704246040992, scale_lr: 0.45523408021810052, EAO: 0.339
Trial 203 finished with value: 0.33907925873878864 and parameters: {'window_influence': 0.410238184761346, 'penalty_k': 0.009747042460409916, 'scale_lr': 0.4552340802181005}. Best is trial 170 with value: 0.36033013010767184.
checkpoint_e16 window_influence: 0.48025287883523832, penalty_k: 0.02894133043930059, scale_lr: 0.46802829764785453, EAO: 0.331
Trial 204 finished with value: 0.33136831716804654 and parameters: {'window_influence': 0.4802528788352383, 'penalty_k': 0.028941330439300594, 'scale_lr': 0.46802829764785453}. Best is trial 170 with value: 0.36033013010767184.
checkpoint_e16 window_influence: 0.44458763757151143, penalty_k: 0.00076836936880906, scale_lr: 0.44140584340863992, EAO: 0.339
Trial 205 finished with value: 0.33854976771870476 and parameters: {'window_influence': 0.44458763757151143, 'penalty_k': 0.0007683693688090559, 'scale_lr': 0.4414058434086399}. Best is trial 170 with value: 0.36033013010767184.
checkpoint_e16 window_influence: 0.42620348444113787, penalty_k: 0.04759049420618429, scale_lr: 0.48030419604344810, EAO: 0.334
Trial 206 finished with value: 0.3335150045411596 and parameters: {'window_influence': 0.42620348444113787, 'penalty_k': 0.04759049420618429, 'scale_lr': 0.4803041960434481}. Best is trial 170 with value: 0.36033013010767184.
checkpoint_e16 window_influence: 0.49397500647825537, penalty_k: 0.01975241799074468, scale_lr: 0.49846597086798117, EAO: 0.364
Trial 207 finished with value: 0.363704633735961 and parameters: {'window_influence': 0.4939750064782554, 'penalty_k': 0.019752417990744675, 'scale_lr': 0.49846597086798117}. Best is trial 207 with value: 0.363704633735961.
checkpoint_e16 window_influence: 0.51161908054131289, penalty_k: 0.03272305275231623, scale_lr: 0.49681626737877077, EAO: 0.328
Trial 208 finished with value: 0.32755096865535244 and parameters: {'window_influence': 0.5116190805413129, 'penalty_k': 0.03272305275231623, 'scale_lr': 0.49681626737877077}. Best is trial 207 with value: 0.363704633735961.
checkpoint_e16 window_influence: 0.49295007219589071, penalty_k: 0.02164481018778699, scale_lr: 0.51374945395061111, EAO: 0.333
Trial 209 finished with value: 0.33261045465673456 and parameters: {'window_influence': 0.4929500721958907, 'penalty_k': 0.021644810187786995, 'scale_lr': 0.5137494539506111}. Best is trial 207 with value: 0.363704633735961.
checkpoint_e16 window_influence: 0.49959816882006997, penalty_k: 0.00991524414421838, scale_lr: 0.52698049474548092, EAO: 0.324
Trial 210 finished with value: 0.3242525207277402 and parameters: {'window_influence': 0.49959816882006997, 'penalty_k': 0.009915244144218375, 'scale_lr': 0.5269804947454809}. Best is trial 207 with value: 0.363704633735961.
checkpoint_e16 window_influence: 0.47452385651493401, penalty_k: 0.01752449586390621, scale_lr: 0.42547682228127853, EAO: 0.335
Trial 211 finished with value: 0.33513384384867745 and parameters: {'window_influence': 0.474523856514934, 'penalty_k': 0.01752449586390621, 'scale_lr': 0.42547682228127853}. Best is trial 207 with value: 0.363704633735961.
checkpoint_e16 window_influence: 0.45818979573687307, penalty_k: 0.01079948198637606, scale_lr: 0.40627475660054047, EAO: 0.339
Trial 212 finished with value: 0.3388617139614046 and parameters: {'window_influence': 0.4581897957368731, 'penalty_k': 0.010799481986376059, 'scale_lr': 0.40627475660054047}. Best is trial 207 with value: 0.363704633735961.
checkpoint_e16 window_influence: 0.48256314660438304, penalty_k: 0.11853483405799842, scale_lr: 0.50036639323236465, EAO: 0.322
Trial 213 finished with value: 0.3215999643858305 and parameters: {'window_influence': 0.48256314660438304, 'penalty_k': 0.11853483405799842, 'scale_lr': 0.5003663932323646}. Best is trial 207 with value: 0.363704633735961.
checkpoint_e16 window_influence: 0.40145032476832720, penalty_k: 0.00003214094550324, scale_lr: 0.46524651310185577, EAO: 0.331
Trial 214 finished with value: 0.3313359777055362 and parameters: {'window_influence': 0.4014503247683272, 'penalty_k': 3.214094550323815e-05, 'scale_lr': 0.4652465131018558}. Best is trial 207 with value: 0.363704633735961.
checkpoint_e16 window_influence: 0.51994573483370310, penalty_k: 0.03993187377009415, scale_lr: 0.43687326109364372, EAO: 0.325
Trial 215 finished with value: 0.3248435291334813 and parameters: {'window_influence': 0.5199457348337031, 'penalty_k': 0.039931873770094155, 'scale_lr': 0.4368732610936437}. Best is trial 207 with value: 0.363704633735961.
checkpoint_e16 window_influence: 0.46778635885242975, penalty_k: 0.02327401780854341, scale_lr: 0.48161563114599781, EAO: 0.333
Trial 216 finished with value: 0.33318783592157325 and parameters: {'window_influence': 0.46778635885242975, 'penalty_k': 0.023274017808543407, 'scale_lr': 0.4816156311459978}. Best is trial 207 with value: 0.363704633735961.
checkpoint_e16 window_influence: 0.48754830328635346, penalty_k: 0.03090304371484352, scale_lr: 0.41892257425978585, EAO: 0.323
Trial 217 finished with value: 0.3231368613382258 and parameters: {'window_influence': 0.48754830328635346, 'penalty_k': 0.030903043714843516, 'scale_lr': 0.41892257425978585}. Best is trial 207 with value: 0.363704633735961.
checkpoint_e16 window_influence: 0.45164845497176143, penalty_k: 0.13489462179307524, scale_lr: 0.44927048471237918, EAO: 0.333
Trial 218 finished with value: 0.3332050755793946 and parameters: {'window_influence': 0.4516484549717614, 'penalty_k': 0.13489462179307524, 'scale_lr': 0.4492704847123792}. Best is trial 207 with value: 0.363704633735961.
checkpoint_e16 window_influence: 0.50256998663306118, penalty_k: 0.20576182673785010, scale_lr: 0.39572661298175266, EAO: 0.295
Trial 219 finished with value: 0.29458419224863386 and parameters: {'window_influence': 0.5025699866330612, 'penalty_k': 0.2057618267378501, 'scale_lr': 0.39572661298175266}. Best is trial 207 with value: 0.363704633735961.
checkpoint_e16 window_influence: 0.31810587787364075, penalty_k: 0.04904243363074876, scale_lr: 0.55146024247592362, EAO: 0.305
Trial 220 finished with value: 0.30472778827531793 and parameters: {'window_influence': 0.31810587787364075, 'penalty_k': 0.049042433630748755, 'scale_lr': 0.5514602424759236}. Best is trial 207 with value: 0.363704633735961.
checkpoint_e16 window_influence: 0.46618400841634555, penalty_k: 0.01575555964651687, scale_lr: 0.47005738039094064, EAO: 0.337
Trial 221 finished with value: 0.33685908394101066 and parameters: {'window_influence': 0.46618400841634555, 'penalty_k': 0.015755559646516867, 'scale_lr': 0.47005738039094064}. Best is trial 207 with value: 0.363704633735961.
checkpoint_e16 window_influence: 0.45928359325991053, penalty_k: 0.01156603342472387, scale_lr: 0.49129974002797300, EAO: 0.336
Trial 222 finished with value: 0.3362998185454639 and parameters: {'window_influence': 0.4592835932599105, 'penalty_k': 0.011566033424723867, 'scale_lr': 0.491299740027973}. Best is trial 207 with value: 0.363704633735961.
checkpoint_e16 window_influence: 0.47722083157943801, penalty_k: 0.00005449654585402, scale_lr: 0.45801713186775939, EAO: 0.346
Trial 223 finished with value: 0.3460109610733819 and parameters: {'window_influence': 0.477220831579438, 'penalty_k': 5.44965458540176e-05, 'scale_lr': 0.4580171318677594}. Best is trial 207 with value: 0.363704633735961.
checkpoint_e16 window_influence: 0.47888960120732738, penalty_k: 0.00000343823043967, scale_lr: 0.43712814437144115, EAO: 0.353
Trial 224 finished with value: 0.3531911824231946 and parameters: {'window_influence': 0.4788896012073274, 'penalty_k': 3.4382304396709563e-06, 'scale_lr': 0.43712814437144115}. Best is trial 207 with value: 0.363704633735961.
checkpoint_e16 window_influence: 0.49042328127758533, penalty_k: 0.00116555261334766, scale_lr: 0.42577181977973438, EAO: 0.336
Trial 225 finished with value: 0.33639403655835165 and parameters: {'window_influence': 0.49042328127758533, 'penalty_k': 0.001165552613347659, 'scale_lr': 0.4257718197797344}. Best is trial 207 with value: 0.363704633735961.
checkpoint_e16 window_influence: 0.48189396096857484, penalty_k: 0.50220502716343285, scale_lr: 0.43745591395258887, EAO: 0.278
Trial 226 finished with value: 0.27840166901336105 and parameters: {'window_influence': 0.48189396096857484, 'penalty_k': 0.5022050271634328, 'scale_lr': 0.43745591395258887}. Best is trial 207 with value: 0.363704633735961.
checkpoint_e16 window_influence: 0.28465260494860545, penalty_k: 0.44271899340911813, scale_lr: 0.51183299262369952, EAO: 0.285
Trial 227 finished with value: 0.2852796451242981 and parameters: {'window_influence': 0.28465260494860545, 'penalty_k': 0.44271899340911813, 'scale_lr': 0.5118329926236995}. Best is trial 207 with value: 0.363704633735961.
checkpoint_e16 window_influence: 0.11333775726964937, penalty_k: 0.02254831842763260, scale_lr: 0.41174487095840018, EAO: 0.269
Trial 228 finished with value: 0.2690484909347987 and parameters: {'window_influence': 0.11333775726964937, 'penalty_k': 0.022548318427632604, 'scale_lr': 0.4117448709584002}. Best is trial 207 with value: 0.363704633735961.
checkpoint_e16 window_influence: 0.47555043143286291, penalty_k: 0.00834688780720323, scale_lr: 0.53229793808934189, EAO: 0.346
Trial 229 finished with value: 0.34586054260628696 and parameters: {'window_influence': 0.4755504314328629, 'penalty_k': 0.008346887807203234, 'scale_lr': 0.5322979380893419}. Best is trial 207 with value: 0.363704633735961.
checkpoint_e16 window_influence: 0.47078969355956563, penalty_k: 0.00002156044080032, scale_lr: 0.53837656787167532, EAO: 0.353
Trial 230 finished with value: 0.3533768693296826 and parameters: {'window_influence': 0.4707896935595656, 'penalty_k': 2.156044080031891e-05, 'scale_lr': 0.5383765678716753}. Best is trial 207 with value: 0.363704633735961.
checkpoint_e16 window_influence: 0.47406206083484387, penalty_k: 0.00932756184760338, scale_lr: 0.53529938969387092, EAO: 0.334
Trial 231 finished with value: 0.3341369424812525 and parameters: {'window_influence': 0.47406206083484387, 'penalty_k': 0.00932756184760338, 'scale_lr': 0.5352993896938709}. Best is trial 207 with value: 0.363704633735961.
checkpoint_e16 window_influence: 0.49818142376007529, penalty_k: 0.00994685247531261, scale_lr: 0.54098442534732127, EAO: 0.336
Trial 232 finished with value: 0.336062976822315 and parameters: {'window_influence': 0.4981814237600753, 'penalty_k': 0.009946852475312615, 'scale_lr': 0.5409844253473213}. Best is trial 207 with value: 0.363704633735961.
checkpoint_e16 window_influence: 0.47353039568410693, penalty_k: 0.00155838867296719, scale_lr: 0.52198239830465565, EAO: 0.335
Trial 233 finished with value: 0.3345400193553954 and parameters: {'window_influence': 0.47353039568410693, 'penalty_k': 0.001558388672967188, 'scale_lr': 0.5219823983046556}. Best is trial 207 with value: 0.363704633735961.
checkpoint_e16 window_influence: 0.45285956562436613, penalty_k: 0.00059643677263568, scale_lr: 0.55891703093005152, EAO: 0.350
Trial 234 finished with value: 0.34978591514468654 and parameters: {'window_influence': 0.45285956562436613, 'penalty_k': 0.0005964367726356791, 'scale_lr': 0.5589170309300515}. Best is trial 207 with value: 0.363704633735961.
checkpoint_e16 window_influence: 0.44626182243052753, penalty_k: 0.00090846515171486, scale_lr: 0.55451793222240275, EAO: 0.325
Trial 235 finished with value: 0.3248646212922924 and parameters: {'window_influence': 0.44626182243052753, 'penalty_k': 0.0009084651517148619, 'scale_lr': 0.5545179322224028}. Best is trial 207 with value: 0.363704633735961.
checkpoint_e16 window_influence: 0.45382349094907654, penalty_k: 0.02444770008446620, scale_lr: 0.56582099796402130, EAO: 0.312
Trial 236 finished with value: 0.31191448177345066 and parameters: {'window_influence': 0.45382349094907654, 'penalty_k': 0.024447700084466197, 'scale_lr': 0.5658209979640213}. Best is trial 207 with value: 0.363704633735961.
checkpoint_e16 window_influence: 0.43526576563541514, penalty_k: 0.55455342341236880, scale_lr: 0.52490112459706428, EAO: 0.314
Trial 237 finished with value: 0.31426239883389456 and parameters: {'window_influence': 0.43526576563541514, 'penalty_k': 0.5545534234123688, 'scale_lr': 0.5249011245970643}. Best is trial 207 with value: 0.363704633735961.
checkpoint_e16 window_influence: 0.46308198711551646, penalty_k: 0.00080053403832241, scale_lr: 0.53440033939631060, EAO: 0.330
Trial 238 finished with value: 0.3303598994063032 and parameters: {'window_influence': 0.46308198711551646, 'penalty_k': 0.0008005340383224058, 'scale_lr': 0.5344003393963106}. Best is trial 207 with value: 0.363704633735961.
checkpoint_e16 window_influence: 0.47248108367481118, penalty_k: 0.01355354190612652, scale_lr: 0.51442246027652694, EAO: 0.345
Trial 239 finished with value: 0.3453082749583842 and parameters: {'window_influence': 0.4724810836748112, 'penalty_k': 0.013553541906126523, 'scale_lr': 0.5144224602765269}. Best is trial 207 with value: 0.363704633735961.
checkpoint_e16 window_influence: 0.47308030247936866, penalty_k: 0.02788671558622287, scale_lr: 0.54411967401652206, EAO: 0.342
Trial 240 finished with value: 0.34195198414390654 and parameters: {'window_influence': 0.47308030247936866, 'penalty_k': 0.02788671558622287, 'scale_lr': 0.5441196740165221}. Best is trial 207 with value: 0.363704633735961.
checkpoint_e16 window_influence: 0.46120389085931945, penalty_k: 0.01874332230516994, scale_lr: 0.50578792055719046, EAO: 0.346
Trial 241 finished with value: 0.3455979122493981 and parameters: {'window_influence': 0.46120389085931945, 'penalty_k': 0.018743322305169945, 'scale_lr': 0.5057879205571905}. Best is trial 207 with value: 0.363704633735961.
checkpoint_e16 window_influence: 0.46425518480603006, penalty_k: 0.01594083235944922, scale_lr: 0.50921979290480646, EAO: 0.342
