Trial 206 finished with value: 0.32872756666246555 and parameters: {'window_influence': 0.44035319365542885, 'penalty_k': 0.3676569317681272, 'scale_lr': 0.6350390446381723}. Best is trial 164 with value: 0.3660086329577034.
checkpoint_e29 window_influence: 0.45995365228794788, penalty_k: 0.30780133157676171, scale_lr: 0.61717384293623878, EAO: 0.344
Trial 207 finished with value: 0.34367665636864153 and parameters: {'window_influence': 0.4599536522879479, 'penalty_k': 0.3078013315767617, 'scale_lr': 0.6171738429362388}. Best is trial 164 with value: 0.3660086329577034.
checkpoint_e29 window_influence: 0.42051373034381101, penalty_k: 0.38123308358249675, scale_lr: 0.65081831673965151, EAO: 0.344
Trial 208 finished with value: 0.34425209526421957 and parameters: {'window_influence': 0.420513730343811, 'penalty_k': 0.38123308358249675, 'scale_lr': 0.6508183167396515}. Best is trial 164 with value: 0.3660086329577034.
checkpoint_e29 window_influence: 0.39561335354532101, penalty_k: 0.35450272100356395, scale_lr: 0.59762001072337956, EAO: 0.335
Trial 209 finished with value: 0.3348772173261828 and parameters: {'window_influence': 0.395613353545321, 'penalty_k': 0.35450272100356395, 'scale_lr': 0.5976200107233796}. Best is trial 164 with value: 0.3660086329577034.
checkpoint_e29 window_influence: 0.43183485830735596, penalty_k: 0.34142723968530281, scale_lr: 0.77053345158697972, EAO: 0.332
Trial 210 finished with value: 0.3324676353179991 and parameters: {'window_influence': 0.43183485830735596, 'penalty_k': 0.3414272396853028, 'scale_lr': 0.7705334515869797}. Best is trial 164 with value: 0.3660086329577034.
checkpoint_e29 window_influence: 0.40317376522638104, penalty_k: 0.36269798427743338, scale_lr: 0.60334305686483791, EAO: 0.348
Trial 211 finished with value: 0.348202127542941 and parameters: {'window_influence': 0.40317376522638104, 'penalty_k': 0.3626979842774334, 'scale_lr': 0.6033430568648379}. Best is trial 164 with value: 0.3660086329577034.
checkpoint_e29 window_influence: 0.40381163070580195, penalty_k: 0.37612614931160671, scale_lr: 0.57688831423407605, EAO: 0.324
Trial 212 finished with value: 0.32381199827917817 and parameters: {'window_influence': 0.40381163070580195, 'penalty_k': 0.3761261493116067, 'scale_lr': 0.576888314234076}. Best is trial 164 with value: 0.3660086329577034.
checkpoint_e29 window_influence: 0.41701583059191338, penalty_k: 0.36648475363059502, scale_lr: 0.62106970233940739, EAO: 0.339
Trial 213 finished with value: 0.33923289133417 and parameters: {'window_influence': 0.4170158305919134, 'penalty_k': 0.366484753630595, 'scale_lr': 0.6210697023394074}. Best is trial 164 with value: 0.3660086329577034.
checkpoint_e29 window_influence: 0.38271750905938767, penalty_k: 0.38632691551781817, scale_lr: 0.60337581585028022, EAO: 0.327
Trial 214 finished with value: 0.32736721026062504 and parameters: {'window_influence': 0.3827175090593877, 'penalty_k': 0.38632691551781817, 'scale_lr': 0.6033758158502802}. Best is trial 164 with value: 0.3660086329577034.
checkpoint_e29 window_influence: 0.44569414673959551, penalty_k: 0.27230003987023027, scale_lr: 0.63637081879339785, EAO: 0.302
Trial 215 finished with value: 0.30221822927434155 and parameters: {'window_influence': 0.4456941467395955, 'penalty_k': 0.27230003987023027, 'scale_lr': 0.6363708187933979}. Best is trial 164 with value: 0.3660086329577034.
checkpoint_e29 window_influence: 0.27036377522931926, penalty_k: 0.40578083615117111, scale_lr: 0.54556869122428475, EAO: 0.328
Trial 216 finished with value: 0.32801928948103687 and parameters: {'window_influence': 0.27036377522931926, 'penalty_k': 0.4057808361511711, 'scale_lr': 0.5455686912242848}. Best is trial 164 with value: 0.3660086329577034.
checkpoint_e29 window_influence: 0.40168303944657269, penalty_k: 0.34920757385790169, scale_lr: 0.66486748404174556, EAO: 0.338
Trial 217 finished with value: 0.3381407003458372 and parameters: {'window_influence': 0.4016830394465727, 'penalty_k': 0.3492075738579017, 'scale_lr': 0.6648674840417456}. Best is trial 164 with value: 0.3660086329577034.
checkpoint_e29 window_influence: 0.43021096624255795, penalty_k: 0.36028106237412322, scale_lr: 0.58477009299230087, EAO: 0.337
Trial 218 finished with value: 0.3372459926493901 and parameters: {'window_influence': 0.43021096624255795, 'penalty_k': 0.3602810623741232, 'scale_lr': 0.5847700929923009}. Best is trial 164 with value: 0.3660086329577034.
checkpoint_e29 window_influence: 0.37238602263398024, penalty_k: 0.39464948419481666, scale_lr: 0.62541369341018926, EAO: 0.350
Trial 219 finished with value: 0.35026622595490187 and parameters: {'window_influence': 0.37238602263398024, 'penalty_k': 0.39464948419481666, 'scale_lr': 0.6254136934101893}. Best is trial 164 with value: 0.3660086329577034.
checkpoint_e29 window_influence: 0.36765716842977025, penalty_k: 0.39610224366927188, scale_lr: 0.61348750483767767, EAO: 0.323
Trial 220 finished with value: 0.32312359692753523 and parameters: {'window_influence': 0.36765716842977025, 'penalty_k': 0.3961022436692719, 'scale_lr': 0.6134875048376777}. Best is trial 164 with value: 0.3660086329577034.
checkpoint_e29 window_influence: 0.37525196000015604, penalty_k: 0.37368043859711869, scale_lr: 0.64477333674000792, EAO: 0.350
Trial 221 finished with value: 0.34966275223498217 and parameters: {'window_influence': 0.37525196000015604, 'penalty_k': 0.3736804385971187, 'scale_lr': 0.6447733367400079}. Best is trial 164 with value: 0.3660086329577034.
checkpoint_e29 window_influence: 0.34685442942610722, penalty_k: 0.37844552746401677, scale_lr: 0.63000117319434012, EAO: 0.331
Trial 222 finished with value: 0.3313096718797424 and parameters: {'window_influence': 0.3468544294261072, 'penalty_k': 0.3784455274640168, 'scale_lr': 0.6300011731943401}. Best is trial 164 with value: 0.3660086329577034.
checkpoint_e29 window_influence: 0.37676899039389594, penalty_k: 0.38888959362070469, scale_lr: 0.79711475297317691, EAO: 0.332
Trial 223 finished with value: 0.3321870314935766 and parameters: {'window_influence': 0.37676899039389594, 'penalty_k': 0.3888895936207047, 'scale_lr': 0.7971147529731769}. Best is trial 164 with value: 0.3660086329577034.
checkpoint_e29 window_influence: 0.36676136513306340, penalty_k: 0.37238226736756069, scale_lr: 0.64357895149828881, EAO: 0.325
Trial 224 finished with value: 0.325022708755059 and parameters: {'window_influence': 0.3667613651330634, 'penalty_k': 0.3723822673675607, 'scale_lr': 0.6435789514982888}. Best is trial 164 with value: 0.3660086329577034.
checkpoint_e29 window_influence: 0.38556571198470135, penalty_k: 0.39933530394305994, scale_lr: 0.59730011416514861, EAO: 0.324
Trial 225 finished with value: 0.32449035532047776 and parameters: {'window_influence': 0.38556571198470135, 'penalty_k': 0.39933530394305994, 'scale_lr': 0.5973001141651486}. Best is trial 164 with value: 0.3660086329577034.
checkpoint_e29 window_influence: 0.39642825121459102, penalty_k: 0.38664902427439651, scale_lr: 0.61059722997611898, EAO: 0.333
Trial 226 finished with value: 0.332789031332105 and parameters: {'window_influence': 0.396428251214591, 'penalty_k': 0.3866490242743965, 'scale_lr': 0.610597229976119}. Best is trial 164 with value: 0.3660086329577034.
checkpoint_e29 window_influence: 0.36019571445091364, penalty_k: 0.36181366898267375, scale_lr: 0.50064182781479594, EAO: 0.339
Trial 227 finished with value: 0.3388006426249033 and parameters: {'window_influence': 0.36019571445091364, 'penalty_k': 0.36181366898267375, 'scale_lr': 0.5006418278147959}. Best is trial 164 with value: 0.3660086329577034.
checkpoint_e29 window_influence: 0.37224522430946883, penalty_k: 0.41003368110915100, scale_lr: 0.62308213548015978, EAO: 0.333
Trial 228 finished with value: 0.3330797308381893 and parameters: {'window_influence': 0.3722452243094688, 'penalty_k': 0.410033681109151, 'scale_lr': 0.6230821354801598}. Best is trial 164 with value: 0.3660086329577034.
checkpoint_e29 window_influence: 0.40917635990915630, penalty_k: 0.37380395046726494, scale_lr: 0.56198988272528438, EAO: 0.350
Trial 229 finished with value: 0.349970635505038 and parameters: {'window_influence': 0.4091763599091563, 'penalty_k': 0.37380395046726494, 'scale_lr': 0.5619898827252844}. Best is trial 164 with value: 0.3660086329577034.
checkpoint_e29 window_influence: 0.39038969328120904, penalty_k: 0.37586501698012481, scale_lr: 0.55832917672509952, EAO: 0.313
Trial 230 finished with value: 0.31260118172558365 and parameters: {'window_influence': 0.39038969328120904, 'penalty_k': 0.3758650169801248, 'scale_lr': 0.5583291767250995}. Best is trial 164 with value: 0.3660086329577034.
checkpoint_e29 window_influence: 0.41116174579154685, penalty_k: 0.39081480756592829, scale_lr: 0.75707467440503606, EAO: 0.345
Trial 231 finished with value: 0.344903325988161 and parameters: {'window_influence': 0.41116174579154685, 'penalty_k': 0.3908148075659283, 'scale_lr': 0.7570746744050361}. Best is trial 164 with value: 0.3660086329577034.
checkpoint_e29 window_influence: 0.40387774478222199, penalty_k: 0.37069931473880507, scale_lr: 0.57531199631915864, EAO: 0.333
Trial 232 finished with value: 0.33330890211613723 and parameters: {'window_influence': 0.403877744782222, 'penalty_k': 0.3706993147388051, 'scale_lr': 0.5753119963191586}. Best is trial 164 with value: 0.3660086329577034.
checkpoint_e29 window_influence: 0.38111330880333949, penalty_k: 0.35872380676592763, scale_lr: 0.59481048439302120, EAO: 0.356
Trial 233 finished with value: 0.3562073785275337 and parameters: {'window_influence': 0.3811133088033395, 'penalty_k': 0.35872380676592763, 'scale_lr': 0.5948104843930212}. Best is trial 164 with value: 0.3660086329577034.
checkpoint_e29 window_influence: 0.64473088436342529, penalty_k: 0.35801009248430754, scale_lr: 0.59168223657759977, EAO: 0.232
Trial 234 finished with value: 0.23173509845473886 and parameters: {'window_influence': 0.6447308843634253, 'penalty_k': 0.35801009248430754, 'scale_lr': 0.5916822365775998}. Best is trial 164 with value: 0.3660086329577034.
checkpoint_e29 window_influence: 0.37916305403590900, penalty_k: 0.37763386230609053, scale_lr: 0.60295881155240505, EAO: 0.324
Trial 235 finished with value: 0.32421829003536284 and parameters: {'window_influence': 0.379163054035909, 'penalty_k': 0.37763386230609053, 'scale_lr': 0.602958811552405}. Best is trial 164 with value: 0.3660086329577034.
checkpoint_e29 window_influence: 0.39314323338086299, penalty_k: 0.35261554976241916, scale_lr: 0.63026288572264155, EAO: 0.334
Trial 236 finished with value: 0.33404958259734663 and parameters: {'window_influence': 0.393143233380863, 'penalty_k': 0.35261554976241916, 'scale_lr': 0.6302628857226416}. Best is trial 164 with value: 0.3660086329577034.
checkpoint_e29 window_influence: 0.34031099837558992, penalty_k: 0.36261375891678455, scale_lr: 0.61174032500732411, EAO: 0.334
Trial 237 finished with value: 0.3337034500758472 and parameters: {'window_influence': 0.3403109983755899, 'penalty_k': 0.36261375891678455, 'scale_lr': 0.6117403250073241}. Best is trial 164 with value: 0.3660086329577034.
checkpoint_e29 window_influence: 0.35126612624748332, penalty_k: 0.39747668140019571, scale_lr: 0.64831264766132890, EAO: 0.337
Trial 238 finished with value: 0.3366987287766275 and parameters: {'window_influence': 0.3512661262474833, 'penalty_k': 0.3974766814001957, 'scale_lr': 0.6483126476613289}. Best is trial 164 with value: 0.3660086329577034.
checkpoint_e29 window_influence: 0.46625102162787113, penalty_k: 0.38391421762406153, scale_lr: 0.58421941492546248, EAO: 0.330
Trial 239 finished with value: 0.3302863086012087 and parameters: {'window_influence': 0.46625102162787113, 'penalty_k': 0.3839142176240615, 'scale_lr': 0.5842194149254625}. Best is trial 164 with value: 0.3660086329577034.
checkpoint_e29 window_influence: 0.37601361611489581, penalty_k: 0.34651250758496199, scale_lr: 0.56989385829211292, EAO: 0.336
Trial 240 finished with value: 0.3364586899716567 and parameters: {'window_influence': 0.3760136161148958, 'penalty_k': 0.346512507584962, 'scale_lr': 0.5698938582921129}. Best is trial 164 with value: 0.3660086329577034.
checkpoint_e29 window_influence: 0.41369190988804549, penalty_k: 0.37127362754897447, scale_lr: 0.59435900511508732, EAO: 0.328
Trial 241 finished with value: 0.3284330811018146 and parameters: {'window_influence': 0.4136919098880455, 'penalty_k': 0.37127362754897447, 'scale_lr': 0.5943590051150873}. Best is trial 164 with value: 0.3660086329577034.
checkpoint_e29 window_influence: 0.39757470564292197, penalty_k: 0.24372249076694541, scale_lr: 0.52215458702374407, EAO: 0.332
Trial 242 finished with value: 0.3316813747938505 and parameters: {'window_influence': 0.39757470564292197, 'penalty_k': 0.2437224907669454, 'scale_lr': 0.5221545870237441}. Best is trial 164 with value: 0.3660086329577034.
checkpoint_e29 window_influence: 0.42782791750899080, penalty_k: 0.33075019726065236, scale_lr: 0.54481256129824551, EAO: 0.310
Trial 243 finished with value: 0.3095469343755032 and parameters: {'window_influence': 0.4278279175089908, 'penalty_k': 0.33075019726065236, 'scale_lr': 0.5448125612982455}. Best is trial 164 with value: 0.3660086329577034.
checkpoint_e29 window_influence: 0.44070202163699862, penalty_k: 0.38556621813252018, scale_lr: 0.62199208212587465, EAO: 0.320
Trial 244 finished with value: 0.3204462198895703 and parameters: {'window_influence': 0.4407020216369986, 'penalty_k': 0.3855662181325202, 'scale_lr': 0.6219920821258746}. Best is trial 164 with value: 0.3660086329577034.
checkpoint_e29 window_influence: 0.45267977242671475, penalty_k: 0.31747915413827615, scale_lr: 0.47162952427362786, EAO: 0.344
Trial 245 finished with value: 0.3439305246108237 and parameters: {'window_influence': 0.45267977242671475, 'penalty_k': 0.31747915413827615, 'scale_lr': 0.47162952427362786}. Best is trial 164 with value: 0.3660086329577034.
checkpoint_e29 window_influence: 0.40999105558139554, penalty_k: 0.40564877435754948, scale_lr: 0.55804564653017863, EAO: 0.325
Trial 246 finished with value: 0.32468292841883484 and parameters: {'window_influence': 0.40999105558139554, 'penalty_k': 0.4056487743575495, 'scale_lr': 0.5580456465301786}. Best is trial 164 with value: 0.3660086329577034.
checkpoint_e29 window_influence: 0.38625037380683908, penalty_k: 0.55694414972996076, scale_lr: 0.73320881734451693, EAO: 0.320
Trial 247 finished with value: 0.3196281039297349 and parameters: {'window_influence': 0.3862503738068391, 'penalty_k': 0.5569441497299608, 'scale_lr': 0.7332088173445169}. Best is trial 164 with value: 0.3660086329577034.
checkpoint_e29 window_influence: 0.42221832906239598, penalty_k: 0.36237273947132803, scale_lr: 0.63910714237010846, EAO: 0.330
Trial 248 finished with value: 0.3304011481977158 and parameters: {'window_influence': 0.422218329062396, 'penalty_k': 0.36237273947132803, 'scale_lr': 0.6391071423701085}. Best is trial 164 with value: 0.3660086329577034.
checkpoint_e29 window_influence: 0.20008799638056446, penalty_k: 0.34323981454678909, scale_lr: 0.60670633374712180, EAO: 0.297
Trial 249 finished with value: 0.2968305260638783 and parameters: {'window_influence': 0.20008799638056446, 'penalty_k': 0.3432398145467891, 'scale_lr': 0.6067063337471218}. Best is trial 164 with value: 0.3660086329577034.
checkpoint_e29 window_influence: 0.39943030732058032, penalty_k: 0.28597761861485815, scale_lr: 0.75368416378411240, EAO: 0.337
Trial 250 finished with value: 0.33726520297128404 and parameters: {'window_influence': 0.3994303073205803, 'penalty_k': 0.28597761861485815, 'scale_lr': 0.7536841637841124}. Best is trial 164 with value: 0.3660086329577034.
checkpoint_e29 window_influence: 0.56245056590391274, penalty_k: 0.42280193480424050, scale_lr: 0.58178603774905235, EAO: 0.280
Trial 251 finished with value: 0.27998672512718675 and parameters: {'window_influence': 0.5624505659039127, 'penalty_k': 0.4228019348042405, 'scale_lr': 0.5817860377490524}. Best is trial 164 with value: 0.3660086329577034.
checkpoint_e29 window_influence: 0.05926424435632971, penalty_k: 0.37147743584771564, scale_lr: 0.78132752065520217, EAO: 0.240
Trial 252 finished with value: 0.2395211097563287 and parameters: {'window_influence': 0.05926424435632971, 'penalty_k': 0.37147743584771564, 'scale_lr': 0.7813275206552022}. Best is trial 164 with value: 0.3660086329577034.
checkpoint_e29 window_influence: 0.47776049209311017, penalty_k: 0.46431124129995771, scale_lr: 0.65353158683160295, EAO: 0.327
Trial 253 finished with value: 0.3267558347506282 and parameters: {'window_influence': 0.47776049209311017, 'penalty_k': 0.4643112412999577, 'scale_lr': 0.653531586831603}. Best is trial 164 with value: 0.3660086329577034.
checkpoint_e29 window_influence: 0.43524545232779854, penalty_k: 0.29566074744627246, scale_lr: 0.62312623539502932, EAO: 0.334
Trial 254 finished with value: 0.33438245204172246 and parameters: {'window_influence': 0.43524545232779854, 'penalty_k': 0.29566074744627246, 'scale_lr': 0.6231262353950293}. Best is trial 164 with value: 0.3660086329577034.
checkpoint_e29 window_influence: 0.36075454154777731, penalty_k: 0.39759282335128149, scale_lr: 0.72266726341399878, EAO: 0.324
Trial 255 finished with value: 0.3237342938838766 and parameters: {'window_influence': 0.3607545415477773, 'penalty_k': 0.3975928233512815, 'scale_lr': 0.7226672634139988}. Best is trial 164 with value: 0.3660086329577034.
checkpoint_e29 window_influence: 0.45628047164736241, penalty_k: 0.37932741515266699, scale_lr: 0.67270767653748109, EAO: 0.340
Trial 256 finished with value: 0.3401192649329219 and parameters: {'window_influence': 0.4562804716473624, 'penalty_k': 0.379327415152667, 'scale_lr': 0.6727076765374811}. Best is trial 164 with value: 0.3660086329577034.
checkpoint_e29 window_influence: 0.41639208993166515, penalty_k: 0.39021225468946624, scale_lr: 0.59826523090699302, EAO: 0.316
Trial 257 finished with value: 0.31631697760713706 and parameters: {'window_influence': 0.41639208993166515, 'penalty_k': 0.39021225468946624, 'scale_lr': 0.598265230906993}. Best is trial 164 with value: 0.3660086329577034.
checkpoint_e29 window_influence: 0.39084251748127297, penalty_k: 0.33573329105059185, scale_lr: 0.63464591232243250, EAO: 0.331
Trial 258 finished with value: 0.33051530755911357 and parameters: {'window_influence': 0.39084251748127297, 'penalty_k': 0.33573329105059185, 'scale_lr': 0.6346459123224325}. Best is trial 164 with value: 0.3660086329577034.
checkpoint_e29 window_influence: 0.40550097017446518, penalty_k: 0.36056734741305047, scale_lr: 0.53889758104878971, EAO: 0.331
Trial 259 finished with value: 0.3308963615606731 and parameters: {'window_influence': 0.4055009701744652, 'penalty_k': 0.36056734741305047, 'scale_lr': 0.5388975810487897}. Best is trial 164 with value: 0.3660086329577034.
checkpoint_e29 window_influence: 0.62028216974081551, penalty_k: 0.23342079409779673, scale_lr: 0.69712535940157405, EAO: 0.242
Trial 260 finished with value: 0.24166762805634434 and parameters: {'window_influence': 0.6202821697408155, 'penalty_k': 0.23342079409779673, 'scale_lr': 0.697125359401574}. Best is trial 164 with value: 0.3660086329577034.
checkpoint_e29 window_influence: 0.51320651546798302, penalty_k: 0.30793639221453023, scale_lr: 0.56882464507296671, EAO: 0.306
Trial 261 finished with value: 0.3057821234724401 and parameters: {'window_influence': 0.513206515467983, 'penalty_k': 0.30793639221453023, 'scale_lr': 0.5688246450729667}. Best is trial 164 with value: 0.3660086329577034.
checkpoint_e29 window_influence: 0.37918564878590200, penalty_k: 0.01324576578747488, scale_lr: 0.61330608015290378, EAO: 0.317
Trial 262 finished with value: 0.31675717118649166 and parameters: {'window_influence': 0.379185648785902, 'penalty_k': 0.013245765787474884, 'scale_lr': 0.6133060801529038}. Best is trial 164 with value: 0.3660086329577034.
checkpoint_e29 window_influence: 0.44750167982840477, penalty_k: 0.34814199889205272, scale_lr: 0.58827352871343053, EAO: 0.336
Trial 263 finished with value: 0.3357221132818363 and parameters: {'window_influence': 0.4475016798284048, 'penalty_k': 0.3481419988920527, 'scale_lr': 0.5882735287134305}. Best is trial 164 with value: 0.3660086329577034.
checkpoint_e29 window_influence: 0.42128253465202747, penalty_k: 0.37389571136514399, scale_lr: 0.49174044122318139, EAO: 0.323
Trial 264 finished with value: 0.32348599682058343 and parameters: {'window_influence': 0.4212825346520275, 'penalty_k': 0.373895711365144, 'scale_lr': 0.4917404412231814}. Best is trial 164 with value: 0.3660086329577034.
checkpoint_e29 window_influence: 0.43252534672756177, penalty_k: 0.40681021770112830, scale_lr: 0.64658763238099148, EAO: 0.322
Trial 265 finished with value: 0.32150196234771716 and parameters: {'window_influence': 0.43252534672756177, 'penalty_k': 0.4068102177011283, 'scale_lr': 0.6465876323809915}. Best is trial 164 with value: 0.3660086329577034.
checkpoint_e29 window_influence: 0.46509153161574068, penalty_k: 0.32714597407609064, scale_lr: 0.62927802082430984, EAO: 0.318
Trial 266 finished with value: 0.3175350083219402 and parameters: {'window_influence': 0.4650915316157407, 'penalty_k': 0.32714597407609064, 'scale_lr': 0.6292780208243098}. Best is trial 164 with value: 0.3660086329577034.
checkpoint_e29 window_influence: 0.36924963305457126, penalty_k: 0.38654576681595082, scale_lr: 0.44268926736157743, EAO: 0.336
Trial 267 finished with value: 0.3356455166748062 and parameters: {'window_influence': 0.36924963305457126, 'penalty_k': 0.3865457668159508, 'scale_lr': 0.44268926736157743}. Best is trial 164 with value: 0.3660086329577034.
checkpoint_e29 window_influence: 0.48954070581731812, penalty_k: 0.35649346876250176, scale_lr: 0.60734613505759161, EAO: 0.337
