Trial 2899 finished with value: 0.2456195915139603 and parameters: {'window_influence': 0.622481364434406, 'penalty_k': 0.02103229759294753, 'scale_lr': 0.7535392035360614}. Best is trial 1270 with value: 0.3623636909959845.
checkpoint_e22 window_influence: 0.47363938837498964, penalty_k: 0.14370797904626154, scale_lr: 0.27552794474950904, EAO: 0.308
Trial 2900 finished with value: 0.30754513847224907 and parameters: {'window_influence': 0.47363938837498964, 'penalty_k': 0.14370797904626154, 'scale_lr': 0.27552794474950904}. Best is trial 1270 with value: 0.3623636909959845.
checkpoint_e22 window_influence: 0.52702720820123661, penalty_k: 0.37595004707248564, scale_lr: 0.40080346360695934, EAO: 0.283
Trial 2901 finished with value: 0.282728430304082 and parameters: {'window_influence': 0.5270272082012366, 'penalty_k': 0.37595004707248564, 'scale_lr': 0.40080346360695934}. Best is trial 1270 with value: 0.3623636909959845.
checkpoint_e22 window_influence: 0.55535156211802061, penalty_k: 0.55829797108042900, scale_lr: 0.68241694970713307, EAO: 0.255
Trial 2902 finished with value: 0.25462557763904914 and parameters: {'window_influence': 0.5553515621180206, 'penalty_k': 0.558297971080429, 'scale_lr': 0.6824169497071331}. Best is trial 1270 with value: 0.3623636909959845.
checkpoint_e22 window_influence: 0.44189511523938052, penalty_k: 0.12113212149841150, scale_lr: 0.53515626136779959, EAO: 0.327
Trial 2903 finished with value: 0.32673898263896023 and parameters: {'window_influence': 0.4418951152393805, 'penalty_k': 0.1211321214984115, 'scale_lr': 0.5351562613677996}. Best is trial 1270 with value: 0.3623636909959845.
checkpoint_e22 window_influence: 0.18285519709003711, penalty_k: 0.06452416338531845, scale_lr: 0.33595222823375936, EAO: 0.257
Trial 2904 finished with value: 0.257458693148561 and parameters: {'window_influence': 0.1828551970900371, 'penalty_k': 0.06452416338531845, 'scale_lr': 0.33595222823375936}. Best is trial 1270 with value: 0.3623636909959845.
checkpoint_e22 window_influence: 0.50118897695119646, penalty_k: 0.17131230457953747, scale_lr: 0.62796883206339471, EAO: 0.297
Trial 2905 finished with value: 0.29704171378556854 and parameters: {'window_influence': 0.5011889769511965, 'penalty_k': 0.17131230457953747, 'scale_lr': 0.6279688320633947}. Best is trial 1270 with value: 0.3623636909959845.
checkpoint_e22 window_influence: 0.37115060530170935, penalty_k: 0.01951859059319636, scale_lr: 0.31051990053351314, EAO: 0.299
Trial 2906 finished with value: 0.29920595814745715 and parameters: {'window_influence': 0.37115060530170935, 'penalty_k': 0.019518590593196355, 'scale_lr': 0.31051990053351314}. Best is trial 1270 with value: 0.3623636909959845.
checkpoint_e22 window_influence: 0.22572726953318006, penalty_k: 0.42435530379234165, scale_lr: 0.64601222189540664, EAO: 0.273
Trial 2907 finished with value: 0.27261543018808626 and parameters: {'window_influence': 0.22572726953318006, 'penalty_k': 0.42435530379234165, 'scale_lr': 0.6460122218954066}. Best is trial 1270 with value: 0.3623636909959845.
checkpoint_e22 window_influence: 0.11322577565733760, penalty_k: 0.35896394836791251, scale_lr: 0.48478211919759934, EAO: 0.246
Trial 2908 finished with value: 0.24610716962628792 and parameters: {'window_influence': 0.1132257756573376, 'penalty_k': 0.3589639483679125, 'scale_lr': 0.48478211919759934}. Best is trial 1270 with value: 0.3623636909959845.
checkpoint_e22 window_influence: 0.56826187569011832, penalty_k: 0.03991254871812541, scale_lr: 0.29225147013684016, EAO: 0.299
Trial 2909 finished with value: 0.29915578448818814 and parameters: {'window_influence': 0.5682618756901183, 'penalty_k': 0.03991254871812541, 'scale_lr': 0.29225147013684016}. Best is trial 1270 with value: 0.3623636909959845.
checkpoint_e22 window_influence: 0.48617996174822448, penalty_k: 0.09781254753521681, scale_lr: 0.61442321135867661, EAO: 0.322
Trial 2910 finished with value: 0.321840056707423 and parameters: {'window_influence': 0.4861799617482245, 'penalty_k': 0.09781254753521681, 'scale_lr': 0.6144232113586766}. Best is trial 1270 with value: 0.3623636909959845.
checkpoint_e22 window_influence: 0.46503674583286342, penalty_k: 0.38829193444074439, scale_lr: 0.41122801503126233, EAO: 0.293
Trial 2911 finished with value: 0.2930575638777551 and parameters: {'window_influence': 0.4650367458328634, 'penalty_k': 0.3882919344407444, 'scale_lr': 0.41122801503126233}. Best is trial 1270 with value: 0.3623636909959845.
checkpoint_e22 window_influence: 0.45338775197476539, penalty_k: 0.23602984109445008, scale_lr: 0.25633698053184850, EAO: 0.304
Trial 2912 finished with value: 0.30411971647451824 and parameters: {'window_influence': 0.4533877519747654, 'penalty_k': 0.23602984109445008, 'scale_lr': 0.2563369805318485}. Best is trial 1270 with value: 0.3623636909959845.
checkpoint_e22 window_influence: 0.51132776192904661, penalty_k: 0.41264706359660236, scale_lr: 0.51493462159471259, EAO: 0.290
Trial 2913 finished with value: 0.28951918806315396 and parameters: {'window_influence': 0.5113277619290466, 'penalty_k': 0.41264706359660236, 'scale_lr': 0.5149346215947126}. Best is trial 1270 with value: 0.3623636909959845.
checkpoint_e22 window_influence: 0.35993761554190357, penalty_k: 0.19877307250655113, scale_lr: 0.78216934162104490, EAO: 0.322
Trial 2914 finished with value: 0.3219649338304765 and parameters: {'window_influence': 0.35993761554190357, 'penalty_k': 0.19877307250655113, 'scale_lr': 0.7821693416210449}. Best is trial 1270 with value: 0.3623636909959845.
checkpoint_e22 window_influence: 0.53876099856993054, penalty_k: 0.21749684561560467, scale_lr: 0.21914400946773199, EAO: 0.292
Trial 2915 finished with value: 0.29221899563932235 and parameters: {'window_influence': 0.5387609985699305, 'penalty_k': 0.21749684561560467, 'scale_lr': 0.219144009467732}. Best is trial 1270 with value: 0.3623636909959845.
checkpoint_e22 window_influence: 0.34050221031559125, penalty_k: 0.12725328659715424, scale_lr: 0.59136709622993378, EAO: 0.304
Trial 2916 finished with value: 0.30364518470569346 and parameters: {'window_influence': 0.34050221031559125, 'penalty_k': 0.12725328659715424, 'scale_lr': 0.5913670962299338}. Best is trial 1270 with value: 0.3623636909959845.
checkpoint_e22 window_influence: 0.47669175218801274, penalty_k: 0.48999805685905107, scale_lr: 0.66935163515043405, EAO: 0.302
Trial 2917 finished with value: 0.30169813224777636 and parameters: {'window_influence': 0.47669175218801274, 'penalty_k': 0.48999805685905107, 'scale_lr': 0.669351635150434}. Best is trial 1270 with value: 0.3623636909959845.
checkpoint_e22 window_influence: 0.49276601307698797, penalty_k: 0.01520022152691407, scale_lr: 0.56764034164875565, EAO: 0.316
Trial 2918 finished with value: 0.3157296844609517 and parameters: {'window_influence': 0.492766013076988, 'penalty_k': 0.015200221526914066, 'scale_lr': 0.5676403416487557}. Best is trial 1270 with value: 0.3623636909959845.
checkpoint_e22 window_influence: 0.43310422000142834, penalty_k: 0.44467169314990884, scale_lr: 0.47101020038954294, EAO: 0.307
Trial 2919 finished with value: 0.3069901793383439 and parameters: {'window_influence': 0.43310422000142834, 'penalty_k': 0.44467169314990884, 'scale_lr': 0.47101020038954294}. Best is trial 1270 with value: 0.3623636909959845.
checkpoint_e22 window_influence: 0.07403925434828418, penalty_k: 0.05936460851330874, scale_lr: 0.23800947266845035, EAO: 0.251
Trial 2920 finished with value: 0.25096632076376607 and parameters: {'window_influence': 0.07403925434828418, 'penalty_k': 0.05936460851330874, 'scale_lr': 0.23800947266845035}. Best is trial 1270 with value: 0.3623636909959845.
checkpoint_e22 window_influence: 0.60556243134222765, penalty_k: 0.03376325739146078, scale_lr: 0.49361630779864851, EAO: 0.251
Trial 2921 finished with value: 0.2505073345008991 and parameters: {'window_influence': 0.6055624313422276, 'penalty_k': 0.03376325739146078, 'scale_lr': 0.4936163077986485}. Best is trial 1270 with value: 0.3623636909959845.
checkpoint_e22 window_influence: 0.46591438465733420, penalty_k: 0.58617329738555823, scale_lr: 0.32545103588360064, EAO: 0.289
Trial 2922 finished with value: 0.28926762474650075 and parameters: {'window_influence': 0.4659143846573342, 'penalty_k': 0.5861732973855582, 'scale_lr': 0.32545103588360064}. Best is trial 1270 with value: 0.3623636909959845.
checkpoint_e22 window_influence: 0.09316484789298313, penalty_k: 0.40967023567761834, scale_lr: 0.69170271995183064, EAO: 0.239
Trial 2923 finished with value: 0.23863289664691525 and parameters: {'window_influence': 0.09316484789298313, 'penalty_k': 0.40967023567761834, 'scale_lr': 0.6917027199518306}. Best is trial 1270 with value: 0.3623636909959845.
checkpoint_e22 window_influence: 0.48241745989541196, penalty_k: 0.10751500692769107, scale_lr: 0.27255639753278438, EAO: 0.336
Trial 2924 finished with value: 0.33583490289602763 and parameters: {'window_influence': 0.48241745989541196, 'penalty_k': 0.10751500692769107, 'scale_lr': 0.2725563975327844}. Best is trial 1270 with value: 0.3623636909959845.
checkpoint_e22 window_influence: 0.41221298927607730, penalty_k: 0.08758665612277365, scale_lr: 0.38282003201885095, EAO: 0.318
Trial 2925 finished with value: 0.318087170096223 and parameters: {'window_influence': 0.4122129892760773, 'penalty_k': 0.08758665612277365, 'scale_lr': 0.38282003201885095}. Best is trial 1270 with value: 0.3623636909959845.
checkpoint_e22 window_influence: 0.45266890315878389, penalty_k: 0.50536339370754235, scale_lr: 0.30398631694936895, EAO: 0.295
Trial 2926 finished with value: 0.29541297790373344 and parameters: {'window_influence': 0.4526689031587839, 'penalty_k': 0.5053633937075424, 'scale_lr': 0.30398631694936895}. Best is trial 1270 with value: 0.3623636909959845.
checkpoint_e22 window_influence: 0.50101553233136653, penalty_k: 0.00011906546653243, scale_lr: 0.28905356285032674, EAO: 0.336
Trial 2927 finished with value: 0.3359364795313735 and parameters: {'window_influence': 0.5010155323313665, 'penalty_k': 0.00011906546653242533, 'scale_lr': 0.28905356285032674}. Best is trial 1270 with value: 0.3623636909959845.
checkpoint_e22 window_influence: 0.47197394711590024, penalty_k: 0.15352680431396476, scale_lr: 0.54560937702698997, EAO: 0.335
Trial 2928 finished with value: 0.3354055181087687 and parameters: {'window_influence': 0.47197394711590024, 'penalty_k': 0.15352680431396476, 'scale_lr': 0.54560937702699}. Best is trial 1270 with value: 0.3623636909959845.
checkpoint_e22 window_influence: 0.51989074951859415, penalty_k: 0.13437079308667935, scale_lr: 0.10966706914067426, EAO: 0.313
Trial 2929 finished with value: 0.31261517078496137 and parameters: {'window_influence': 0.5198907495185942, 'penalty_k': 0.13437079308667935, 'scale_lr': 0.10966706914067426}. Best is trial 1270 with value: 0.3623636909959845.
checkpoint_e22 window_influence: 0.48441944443002560, penalty_k: 0.31982221375610292, scale_lr: 0.62753741282147424, EAO: 0.299
Trial 2930 finished with value: 0.298559205889238 and parameters: {'window_influence': 0.4844194444300256, 'penalty_k': 0.3198222137561029, 'scale_lr': 0.6275374128214742}. Best is trial 1270 with value: 0.3623636909959845.
checkpoint_e22 window_influence: 0.44460548410399925, penalty_k: 0.01226191109119901, scale_lr: 0.52017390482611037, EAO: 0.320
Trial 2931 finished with value: 0.32038954468552705 and parameters: {'window_influence': 0.44460548410399925, 'penalty_k': 0.012261911091199009, 'scale_lr': 0.5201739048261104}. Best is trial 1270 with value: 0.3623636909959845.
checkpoint_e22 window_influence: 0.45888849061813763, penalty_k: 0.17855358772299246, scale_lr: 0.65993979621497745, EAO: 0.323
Trial 2932 finished with value: 0.3229512201209013 and parameters: {'window_influence': 0.45888849061813763, 'penalty_k': 0.17855358772299246, 'scale_lr': 0.6599397962149774}. Best is trial 1270 with value: 0.3623636909959845.
checkpoint_e22 window_influence: 0.49556140578360858, penalty_k: 0.04694974088875485, scale_lr: 0.60531910418085477, EAO: 0.324
Trial 2933 finished with value: 0.3241238421851095 and parameters: {'window_influence': 0.4955614057836086, 'penalty_k': 0.04694974088875485, 'scale_lr': 0.6053191041808548}. Best is trial 1270 with value: 0.3623636909959845.
checkpoint_e22 window_influence: 0.37847439462067123, penalty_k: 0.02496045205107685, scale_lr: 0.34538207914093655, EAO: 0.288
Trial 2934 finished with value: 0.28772110431110814 and parameters: {'window_influence': 0.37847439462067123, 'penalty_k': 0.024960452051076845, 'scale_lr': 0.34538207914093655}. Best is trial 1270 with value: 0.3623636909959845.
checkpoint_e22 window_influence: 0.39319465240952567, penalty_k: 0.11325906894394684, scale_lr: 0.14784084398690817, EAO: 0.295
Trial 2935 finished with value: 0.2945846950613571 and parameters: {'window_influence': 0.39319465240952567, 'penalty_k': 0.11325906894394684, 'scale_lr': 0.14784084398690817}. Best is trial 1270 with value: 0.3623636909959845.
checkpoint_e22 window_influence: 0.06227392522393749, penalty_k: 0.07062041178665590, scale_lr: 0.70786453563925078, EAO: 0.238
Trial 2936 finished with value: 0.23847330225348937 and parameters: {'window_influence': 0.06227392522393749, 'penalty_k': 0.0706204117866559, 'scale_lr': 0.7078645356392508}. Best is trial 1270 with value: 0.3623636909959845.
checkpoint_e22 window_influence: 0.08041834061426245, penalty_k: 0.01106546734414177, scale_lr: 0.31782266518845276, EAO: 0.257
Trial 2937 finished with value: 0.25725724788723286 and parameters: {'window_influence': 0.08041834061426245, 'penalty_k': 0.011065467344141773, 'scale_lr': 0.31782266518845276}. Best is trial 1270 with value: 0.3623636909959845.
checkpoint_e22 window_influence: 0.22840476408201360, penalty_k: 0.29120348141556002, scale_lr: 0.57617473158861376, EAO: 0.257
Trial 2938 finished with value: 0.2573484222364797 and parameters: {'window_influence': 0.2284047640820136, 'penalty_k': 0.29120348141556, 'scale_lr': 0.5761747315886138}. Best is trial 1270 with value: 0.3623636909959845.
checkpoint_e22 window_influence: 0.25379684001285041, penalty_k: 0.09000250752677348, scale_lr: 0.50819898068816283, EAO: 0.280
Trial 2939 finished with value: 0.2800042310925309 and parameters: {'window_influence': 0.2537968400128504, 'penalty_k': 0.09000250752677348, 'scale_lr': 0.5081989806881628}. Best is trial 1270 with value: 0.3623636909959845.
checkpoint_e22 window_influence: 0.13649621682268448, penalty_k: 0.02963461592360406, scale_lr: 0.47373218364665581, EAO: 0.272
Trial 2940 finished with value: 0.2717149609605626 and parameters: {'window_influence': 0.13649621682268448, 'penalty_k': 0.02963461592360406, 'scale_lr': 0.4737321836466558}. Best is trial 1270 with value: 0.3623636909959845.
checkpoint_e22 window_influence: 0.59028695069801584, penalty_k: 0.34089117626307941, scale_lr: 0.72860653300987266, EAO: 0.252
Trial 2941 finished with value: 0.2522559163635343 and parameters: {'window_influence': 0.5902869506980158, 'penalty_k': 0.3408911762630794, 'scale_lr': 0.7286065330098727}. Best is trial 1270 with value: 0.3623636909959845.
checkpoint_e22 window_influence: 0.19525558190830680, penalty_k: 0.13018095304107100, scale_lr: 0.59029634282163468, EAO: 0.268
Trial 2942 finished with value: 0.267668294303612 and parameters: {'window_influence': 0.1952555819083068, 'penalty_k': 0.130180953041071, 'scale_lr': 0.5902963428216347}. Best is trial 1270 with value: 0.3623636909959845.
checkpoint_e22 window_influence: 0.47187281562431804, penalty_k: 0.10569257697201616, scale_lr: 0.26151850302798119, EAO: 0.323
Trial 2943 finished with value: 0.3231738896221502 and parameters: {'window_influence': 0.47187281562431804, 'penalty_k': 0.10569257697201616, 'scale_lr': 0.2615185030279812}. Best is trial 1270 with value: 0.3623636909959845.
checkpoint_e22 window_influence: 0.51083608102445166, penalty_k: 0.05228725988492352, scale_lr: 0.64769450144105967, EAO: 0.329
Trial 2944 finished with value: 0.32853609329299704 and parameters: {'window_influence': 0.5108360810244517, 'penalty_k': 0.05228725988492352, 'scale_lr': 0.6476945014410597}. Best is trial 1270 with value: 0.3623636909959845.
checkpoint_e22 window_influence: 0.28638283987508750, penalty_k: 0.14559728087004306, scale_lr: 0.61773424093300200, EAO: 0.297
Trial 2945 finished with value: 0.29731418169194157 and parameters: {'window_influence': 0.2863828398750875, 'penalty_k': 0.14559728087004306, 'scale_lr': 0.617734240933002}. Best is trial 1270 with value: 0.3623636909959845.
checkpoint_e22 window_influence: 0.42646640479424291, penalty_k: 0.40719516607357059, scale_lr: 0.33393500555890832, EAO: 0.300
Trial 2946 finished with value: 0.30003927143631276 and parameters: {'window_influence': 0.4264664047942429, 'penalty_k': 0.4071951660735706, 'scale_lr': 0.3339350055589083}. Best is trial 1270 with value: 0.3623636909959845.
checkpoint_e22 window_influence: 0.15486653191145452, penalty_k: 0.01168221211784498, scale_lr: 0.20085332544873347, EAO: 0.271
Trial 2947 finished with value: 0.2708715403358296 and parameters: {'window_influence': 0.15486653191145452, 'penalty_k': 0.011682212117844983, 'scale_lr': 0.20085332544873347}. Best is trial 1270 with value: 0.3623636909959845.
checkpoint_e22 window_influence: 0.48364618614136101, penalty_k: 0.02213976707154382, scale_lr: 0.63752848946516605, EAO: 0.332
Trial 2948 finished with value: 0.33243117629322094 and parameters: {'window_influence': 0.483646186141361, 'penalty_k': 0.02213976707154382, 'scale_lr': 0.637528489465166}. Best is trial 1270 with value: 0.3623636909959845.
checkpoint_e22 window_influence: 0.46324270604367440, penalty_k: 0.51062040579672319, scale_lr: 0.49301040803419482, EAO: 0.302
Trial 2949 finished with value: 0.3020180055603443 and parameters: {'window_influence': 0.4632427060436744, 'penalty_k': 0.5106204057967232, 'scale_lr': 0.4930104080341948}. Best is trial 1270 with value: 0.3623636909959845.
checkpoint_e22 window_influence: 0.49627840559372804, penalty_k: 0.11741104085089069, scale_lr: 0.53467427658776523, EAO: 0.313
Trial 2950 finished with value: 0.31250784299716877 and parameters: {'window_influence': 0.49627840559372804, 'penalty_k': 0.11741104085089069, 'scale_lr': 0.5346742765877652}. Best is trial 1270 with value: 0.3623636909959845.
checkpoint_e22 window_influence: 0.47459885325044560, penalty_k: 0.07711965539126107, scale_lr: 0.28533622964265476, EAO: 0.331
Trial 2951 finished with value: 0.3305625308464473 and parameters: {'window_influence': 0.4745988532504456, 'penalty_k': 0.07711965539126107, 'scale_lr': 0.28533622964265476}. Best is trial 1270 with value: 0.3623636909959845.
checkpoint_e22 window_influence: 0.52999935699698308, penalty_k: 0.09849763315781285, scale_lr: 0.75680818091418045, EAO: 0.325
Trial 2952 finished with value: 0.32541677784826967 and parameters: {'window_influence': 0.5299993569969831, 'penalty_k': 0.09849763315781285, 'scale_lr': 0.7568081809141805}. Best is trial 1270 with value: 0.3623636909959845.
checkpoint_e22 window_influence: 0.45126634528028725, penalty_k: 0.00001539341515141, scale_lr: 0.79885190807557915, EAO: 0.308
Trial 2953 finished with value: 0.3076225011265232 and parameters: {'window_influence': 0.45126634528028725, 'penalty_k': 1.539341515141221e-05, 'scale_lr': 0.7988519080755792}. Best is trial 1270 with value: 0.3623636909959845.
checkpoint_e22 window_influence: 0.32696542254491390, penalty_k: 0.03124924539347664, scale_lr: 0.46419827416116305, EAO: 0.307
Trial 2954 finished with value: 0.3071168299315041 and parameters: {'window_influence': 0.3269654225449139, 'penalty_k': 0.031249245393476642, 'scale_lr': 0.46419827416116305}. Best is trial 1270 with value: 0.3623636909959845.
checkpoint_e22 window_influence: 0.34470737711173977, penalty_k: 0.05745535356012264, scale_lr: 0.41463478624504302, EAO: 0.295
Trial 2955 finished with value: 0.2951551628251948 and parameters: {'window_influence': 0.34470737711173977, 'penalty_k': 0.05745535356012264, 'scale_lr': 0.414634786245043}. Best is trial 1270 with value: 0.3623636909959845.
checkpoint_e22 window_influence: 0.50739988360320631, penalty_k: 0.25072592007635192, scale_lr: 0.30452180067540979, EAO: 0.295
Trial 2956 finished with value: 0.2953113413158558 and parameters: {'window_influence': 0.5073998836032063, 'penalty_k': 0.2507259200763519, 'scale_lr': 0.3045218006754098}. Best is trial 1270 with value: 0.3623636909959845.
checkpoint_e22 window_influence: 0.63302923863120242, penalty_k: 0.37119377633688844, scale_lr: 0.24248501037280526, EAO: 0.218
Trial 2957 finished with value: 0.21825823819822837 and parameters: {'window_influence': 0.6330292386312024, 'penalty_k': 0.37119377633688844, 'scale_lr': 0.24248501037280526}. Best is trial 1270 with value: 0.3623636909959845.
checkpoint_e22 window_influence: 0.57426862320560745, penalty_k: 0.29753089099099173, scale_lr: 0.77735382026692856, EAO: 0.266
Trial 2958 finished with value: 0.2661188821732302 and parameters: {'window_influence': 0.5742686232056075, 'penalty_k': 0.2975308909909917, 'scale_lr': 0.7773538202669286}. Best is trial 1270 with value: 0.3623636909959845.
checkpoint_e22 window_influence: 0.24920135503209739, penalty_k: 0.01093015764996024, scale_lr: 0.57176648941289931, EAO: 0.290
Trial 2959 finished with value: 0.2896451323876585 and parameters: {'window_influence': 0.2492013550320974, 'penalty_k': 0.010930157649960236, 'scale_lr': 0.5717664894128993}. Best is trial 1270 with value: 0.3623636909959845.
checkpoint_e22 window_influence: 0.54451743099722816, penalty_k: 0.43027719604317050, scale_lr: 0.68209430029512208, EAO: 0.265
Trial 2960 finished with value: 0.265400017107971 and parameters: {'window_influence': 0.5445174309972282, 'penalty_k': 0.4302771960431705, 'scale_lr': 0.6820943002951221}. Best is trial 1270 with value: 0.3623636909959845.
checkpoint_e22 window_influence: 0.48492650428990491, penalty_k: 0.15525628709219530, scale_lr: 0.13222771034357739, EAO: 0.317
