Trial 1866 finished with value: 0.3399940405606296 and parameters: {'window_influence': 0.47602971597136184, 'penalty_k': 0.028098077944629145, 'scale_lr': 0.23925307783038932}. Best is trial 1044 with value: 0.36650777071830365.
checkpoint_e29 window_influence: 0.39556511992022969, penalty_k: 0.20359473848174908, scale_lr: 0.67667299979133422, EAO: 0.308
Trial 1867 finished with value: 0.30820820176183944 and parameters: {'window_influence': 0.3955651199202297, 'penalty_k': 0.20359473848174908, 'scale_lr': 0.6766729997913342}. Best is trial 1044 with value: 0.36650777071830365.
checkpoint_e29 window_influence: 0.17310948119213768, penalty_k: 0.34932340019180153, scale_lr: 0.17379746654515033, EAO: 0.285
Trial 1868 finished with value: 0.2854873330444677 and parameters: {'window_influence': 0.17310948119213768, 'penalty_k': 0.3493234001918015, 'scale_lr': 0.17379746654515033}. Best is trial 1044 with value: 0.36650777071830365.
checkpoint_e29 window_influence: 0.43083205426813415, penalty_k: 0.05240598940337721, scale_lr: 0.72192666373749648, EAO: 0.319
Trial 1869 finished with value: 0.31896263732056673 and parameters: {'window_influence': 0.43083205426813415, 'penalty_k': 0.05240598940337721, 'scale_lr': 0.7219266637374965}. Best is trial 1044 with value: 0.36650777071830365.
checkpoint_e29 window_influence: 0.32384810977021250, penalty_k: 0.33240887072380515, scale_lr: 0.53480179315063414, EAO: 0.341
Trial 1870 finished with value: 0.3408429780358934 and parameters: {'window_influence': 0.3238481097702125, 'penalty_k': 0.33240887072380515, 'scale_lr': 0.5348017931506341}. Best is trial 1044 with value: 0.36650777071830365.
checkpoint_e29 window_influence: 0.56931424366743966, penalty_k: 0.50565973732554215, scale_lr: 0.78605655506737004, EAO: 0.248
Trial 1871 finished with value: 0.24828469190848013 and parameters: {'window_influence': 0.5693142436674397, 'penalty_k': 0.5056597373255421, 'scale_lr': 0.78605655506737}. Best is trial 1044 with value: 0.36650777071830365.
checkpoint_e29 window_influence: 0.50917950197712825, penalty_k: 0.14363902720552243, scale_lr: 0.48790959345193885, EAO: 0.330
Trial 1872 finished with value: 0.32981098138868575 and parameters: {'window_influence': 0.5091795019771282, 'penalty_k': 0.14363902720552243, 'scale_lr': 0.48790959345193885}. Best is trial 1044 with value: 0.36650777071830365.
checkpoint_e29 window_influence: 0.46231869739313247, penalty_k: 0.57788199582948740, scale_lr: 0.19035061101561399, EAO: 0.321
Trial 1873 finished with value: 0.32149028743287467 and parameters: {'window_influence': 0.46231869739313247, 'penalty_k': 0.5778819958294874, 'scale_lr': 0.19035061101561399}. Best is trial 1044 with value: 0.36650777071830365.
checkpoint_e29 window_influence: 0.20163877255459392, penalty_k: 0.16999110710247639, scale_lr: 0.14956632817365606, EAO: 0.296
Trial 1874 finished with value: 0.2957020532412288 and parameters: {'window_influence': 0.20163877255459392, 'penalty_k': 0.1699911071024764, 'scale_lr': 0.14956632817365606}. Best is trial 1044 with value: 0.36650777071830365.
checkpoint_e29 window_influence: 0.48549150460558660, penalty_k: 0.11673798326740426, scale_lr: 0.45212393073232665, EAO: 0.348
Trial 1875 finished with value: 0.3481171761969184 and parameters: {'window_influence': 0.4854915046055866, 'penalty_k': 0.11673798326740426, 'scale_lr': 0.45212393073232665}. Best is trial 1044 with value: 0.36650777071830365.
checkpoint_e29 window_influence: 0.52922856625112757, penalty_k: 0.46385652338358968, scale_lr: 0.50453323266151517, EAO: 0.296
Trial 1876 finished with value: 0.2956678540326278 and parameters: {'window_influence': 0.5292285662511276, 'penalty_k': 0.4638565233835897, 'scale_lr': 0.5045332326615152}. Best is trial 1044 with value: 0.36650777071830365.
checkpoint_e29 window_influence: 0.49985579469850355, penalty_k: 0.27071153778798113, scale_lr: 0.20177840155740095, EAO: 0.322
Trial 1877 finished with value: 0.32210941148871114 and parameters: {'window_influence': 0.49985579469850355, 'penalty_k': 0.2707115377879811, 'scale_lr': 0.20177840155740095}. Best is trial 1044 with value: 0.36650777071830365.
checkpoint_e29 window_influence: 0.38269256622630965, penalty_k: 0.30415850505281294, scale_lr: 0.58144117800384587, EAO: 0.313
Trial 1878 finished with value: 0.31318869502627894 and parameters: {'window_influence': 0.38269256622630965, 'penalty_k': 0.30415850505281294, 'scale_lr': 0.5814411780038459}. Best is trial 1044 with value: 0.36650777071830365.
checkpoint_e29 window_influence: 0.30668110022374545, penalty_k: 0.43244665189646442, scale_lr: 0.34148818561139549, EAO: 0.306
Trial 1879 finished with value: 0.3057553834256495 and parameters: {'window_influence': 0.30668110022374545, 'penalty_k': 0.4324466518964644, 'scale_lr': 0.3414881856113955}. Best is trial 1044 with value: 0.36650777071830365.
checkpoint_e29 window_influence: 0.27733181256035488, penalty_k: 0.13095713200330561, scale_lr: 0.22499119409547319, EAO: 0.295
Trial 1880 finished with value: 0.29511176699098446 and parameters: {'window_influence': 0.2773318125603549, 'penalty_k': 0.1309571320033056, 'scale_lr': 0.2249911940954732}. Best is trial 1044 with value: 0.36650777071830365.
checkpoint_e29 window_influence: 0.34116234370324211, penalty_k: 0.07430189286586905, scale_lr: 0.31916143602670816, EAO: 0.305
Trial 1881 finished with value: 0.3048415118502272 and parameters: {'window_influence': 0.3411623437032421, 'penalty_k': 0.07430189286586905, 'scale_lr': 0.31916143602670816}. Best is trial 1044 with value: 0.36650777071830365.
checkpoint_e29 window_influence: 0.47652737056729416, penalty_k: 0.36630439041934543, scale_lr: 0.63455635438040670, EAO: 0.326
Trial 1882 finished with value: 0.3256806123001566 and parameters: {'window_influence': 0.47652737056729416, 'penalty_k': 0.3663043904193454, 'scale_lr': 0.6345563543804067}. Best is trial 1044 with value: 0.36650777071830365.
checkpoint_e29 window_influence: 0.40744226856131727, penalty_k: 0.15047553731855268, scale_lr: 0.13354075461264917, EAO: 0.340
Trial 1883 finished with value: 0.3399885787342309 and parameters: {'window_influence': 0.40744226856131727, 'penalty_k': 0.15047553731855268, 'scale_lr': 0.13354075461264917}. Best is trial 1044 with value: 0.36650777071830365.
checkpoint_e29 window_influence: 0.43943780763173923, penalty_k: 0.40733240850558861, scale_lr: 0.26175834631219108, EAO: 0.314
Trial 1884 finished with value: 0.3140722310264751 and parameters: {'window_influence': 0.43943780763173923, 'penalty_k': 0.4073324085055886, 'scale_lr': 0.2617583463121911}. Best is trial 1044 with value: 0.36650777071830365.
checkpoint_e29 window_influence: 0.49450032183679371, penalty_k: 0.25230438812663225, scale_lr: 0.69032685594913157, EAO: 0.312
Trial 1885 finished with value: 0.3123892809514406 and parameters: {'window_influence': 0.4945003218367937, 'penalty_k': 0.25230438812663225, 'scale_lr': 0.6903268559491316}. Best is trial 1044 with value: 0.36650777071830365.
checkpoint_e29 window_influence: 0.45656197157432965, penalty_k: 0.10544150446141454, scale_lr: 0.36061525893889618, EAO: 0.340
Trial 1886 finished with value: 0.33951420844297003 and parameters: {'window_influence': 0.45656197157432965, 'penalty_k': 0.10544150446141454, 'scale_lr': 0.3606152589388962}. Best is trial 1044 with value: 0.36650777071830365.
checkpoint_e29 window_influence: 0.37330213942382384, penalty_k: 0.39441479786542988, scale_lr: 0.59589514206403194, EAO: 0.319
Trial 1887 finished with value: 0.31863019595118347 and parameters: {'window_influence': 0.37330213942382384, 'penalty_k': 0.3944147978654299, 'scale_lr': 0.5958951420640319}. Best is trial 1044 with value: 0.36650777071830365.
checkpoint_e29 window_influence: 0.29818829016403869, penalty_k: 0.16330717610992121, scale_lr: 0.67081388570042844, EAO: 0.307
Trial 1888 finished with value: 0.3069400295093366 and parameters: {'window_influence': 0.2981882901640387, 'penalty_k': 0.1633071761099212, 'scale_lr': 0.6708138857004284}. Best is trial 1044 with value: 0.36650777071830365.
checkpoint_e29 window_influence: 0.41752982146575746, penalty_k: 0.17974827109914998, scale_lr: 0.41703755452336339, EAO: 0.332
Trial 1889 finished with value: 0.33172165222668926 and parameters: {'window_influence': 0.41752982146575746, 'penalty_k': 0.17974827109914998, 'scale_lr': 0.4170375545233634}. Best is trial 1044 with value: 0.36650777071830365.
checkpoint_e29 window_influence: 0.20411998026031411, penalty_k: 0.12269419674845658, scale_lr: 0.29643011049511481, EAO: 0.292
Trial 1890 finished with value: 0.29197342485073474 and parameters: {'window_influence': 0.2041199802603141, 'penalty_k': 0.12269419674845658, 'scale_lr': 0.2964301104951148}. Best is trial 1044 with value: 0.36650777071830365.
checkpoint_e29 window_influence: 0.16269401873006681, penalty_k: 0.19760823521594306, scale_lr: 0.65750262393038861, EAO: 0.313
Trial 1891 finished with value: 0.31282299629445204 and parameters: {'window_influence': 0.1626940187300668, 'penalty_k': 0.19760823521594306, 'scale_lr': 0.6575026239303886}. Best is trial 1044 with value: 0.36650777071830365.
checkpoint_e29 window_influence: 0.51549570322449878, penalty_k: 0.03595850375518256, scale_lr: 0.56744802834372976, EAO: 0.339
Trial 1892 finished with value: 0.3392581471209396 and parameters: {'window_influence': 0.5154957032244988, 'penalty_k': 0.03595850375518256, 'scale_lr': 0.5674480283437298}. Best is trial 1044 with value: 0.36650777071830365.
checkpoint_e29 window_influence: 0.47065988038196044, penalty_k: 0.44617200816026070, scale_lr: 0.62444140283910854, EAO: 0.314
Trial 1893 finished with value: 0.3137156210172965 and parameters: {'window_influence': 0.47065988038196044, 'penalty_k': 0.4461720081602607, 'scale_lr': 0.6244414028391085}. Best is trial 1044 with value: 0.36650777071830365.
checkpoint_e29 window_influence: 0.18835681229333456, penalty_k: 0.09058433957627227, scale_lr: 0.76866297575680620, EAO: 0.290
Trial 1894 finished with value: 0.2904721681709883 and parameters: {'window_influence': 0.18835681229333456, 'penalty_k': 0.09058433957627227, 'scale_lr': 0.7686629757568062}. Best is trial 1044 with value: 0.36650777071830365.
checkpoint_e29 window_influence: 0.48612462813072571, penalty_k: 0.14349644405323042, scale_lr: 0.38307672347065103, EAO: 0.323
Trial 1895 finished with value: 0.3229944096581017 and parameters: {'window_influence': 0.4861246281307257, 'penalty_k': 0.14349644405323042, 'scale_lr': 0.383076723470651}. Best is trial 1044 with value: 0.36650777071830365.
checkpoint_e29 window_influence: 0.58345054898074089, penalty_k: 0.01190625594141843, scale_lr: 0.15547773898538003, EAO: 0.293
Trial 1896 finished with value: 0.29253857034885467 and parameters: {'window_influence': 0.5834505489807409, 'penalty_k': 0.01190625594141843, 'scale_lr': 0.15547773898538003}. Best is trial 1044 with value: 0.36650777071830365.
checkpoint_e29 window_influence: 0.10730434883501322, penalty_k: 0.05308907288010652, scale_lr: 0.17455772310097617, EAO: 0.287
Trial 1897 finished with value: 0.2865728432102426 and parameters: {'window_influence': 0.10730434883501322, 'penalty_k': 0.053089072880106516, 'scale_lr': 0.17455772310097617}. Best is trial 1044 with value: 0.36650777071830365.
checkpoint_e29 window_influence: 0.50594057787373414, penalty_k: 0.15626034668850428, scale_lr: 0.39779941144025927, EAO: 0.330
Trial 1898 finished with value: 0.3299651437000542 and parameters: {'window_influence': 0.5059405778737341, 'penalty_k': 0.15626034668850428, 'scale_lr': 0.39779941144025927}. Best is trial 1044 with value: 0.36650777071830365.
checkpoint_e29 window_influence: 0.38415380407495570, penalty_k: 0.58004502954333770, scale_lr: 0.42691837569929719, EAO: 0.352
Trial 1899 finished with value: 0.3515129045289778 and parameters: {'window_influence': 0.3841538040749557, 'penalty_k': 0.5800450295433377, 'scale_lr': 0.4269183756992972}. Best is trial 1044 with value: 0.36650777071830365.
checkpoint_e29 window_influence: 0.45042504558442892, penalty_k: 0.21583487484057212, scale_lr: 0.61117122135729596, EAO: 0.333
Trial 1900 finished with value: 0.3333196485784731 and parameters: {'window_influence': 0.4504250455844289, 'penalty_k': 0.21583487484057212, 'scale_lr': 0.611171221357296}. Best is trial 1044 with value: 0.36650777071830365.
checkpoint_e29 window_influence: 0.46697948979617138, penalty_k: 0.38364654730780451, scale_lr: 0.25094957708248394, EAO: 0.317
Trial 1901 finished with value: 0.3169443596893711 and parameters: {'window_influence': 0.4669794897961714, 'penalty_k': 0.3836465473078045, 'scale_lr': 0.25094957708248394}. Best is trial 1044 with value: 0.36650777071830365.
checkpoint_e29 window_influence: 0.55662853448919525, penalty_k: 0.37518740717692667, scale_lr: 0.19292660233635808, EAO: 0.287
Trial 1902 finished with value: 0.28713407254404594 and parameters: {'window_influence': 0.5566285344891952, 'penalty_k': 0.37518740717692667, 'scale_lr': 0.19292660233635808}. Best is trial 1044 with value: 0.36650777071830365.
checkpoint_e29 window_influence: 0.36217817720861856, penalty_k: 0.42084088436708356, scale_lr: 0.21629293618239825, EAO: 0.306
Trial 1903 finished with value: 0.30624170108527987 and parameters: {'window_influence': 0.36217817720861856, 'penalty_k': 0.42084088436708356, 'scale_lr': 0.21629293618239825}. Best is trial 1044 with value: 0.36650777071830365.
checkpoint_e29 window_influence: 0.49274313799767283, penalty_k: 0.13443114755081997, scale_lr: 0.73528295982485414, EAO: 0.334
Trial 1904 finished with value: 0.3340048805053132 and parameters: {'window_influence': 0.49274313799767283, 'penalty_k': 0.13443114755081997, 'scale_lr': 0.7352829598248541}. Best is trial 1044 with value: 0.36650777071830365.
checkpoint_e29 window_influence: 0.39860246555084627, penalty_k: 0.23155334923058624, scale_lr: 0.14597308768262729, EAO: 0.329
Trial 1905 finished with value: 0.3292095377635399 and parameters: {'window_influence': 0.3986024655508463, 'penalty_k': 0.23155334923058624, 'scale_lr': 0.1459730876826273}. Best is trial 1044 with value: 0.36650777071830365.
checkpoint_e29 window_influence: 0.21149557119863166, penalty_k: 0.34090638336871654, scale_lr: 0.75267963037730179, EAO: 0.302
Trial 1906 finished with value: 0.3017328682460674 and parameters: {'window_influence': 0.21149557119863166, 'penalty_k': 0.34090638336871654, 'scale_lr': 0.7526796303773018}. Best is trial 1044 with value: 0.36650777071830365.
checkpoint_e29 window_influence: 0.06889489318247816, penalty_k: 0.40991953353799643, scale_lr: 0.16391924723524259, EAO: 0.226
Trial 1907 finished with value: 0.2259746131845949 and parameters: {'window_influence': 0.06889489318247816, 'penalty_k': 0.40991953353799643, 'scale_lr': 0.1639192472352426}. Best is trial 1044 with value: 0.36650777071830365.
checkpoint_e29 window_influence: 0.42445182395331388, penalty_k: 0.06995991016850163, scale_lr: 0.79948798883786776, EAO: 0.337
Trial 1908 finished with value: 0.33673538748856185 and parameters: {'window_influence': 0.4244518239533139, 'penalty_k': 0.06995991016850163, 'scale_lr': 0.7994879888378678}. Best is trial 1044 with value: 0.36650777071830365.
checkpoint_e29 window_influence: 0.52693882966006866, penalty_k: 0.16921450894628176, scale_lr: 0.52452156624740531, EAO: 0.314
Trial 1909 finished with value: 0.31427954241691397 and parameters: {'window_influence': 0.5269388296600687, 'penalty_k': 0.16921450894628176, 'scale_lr': 0.5245215662474053}. Best is trial 1044 with value: 0.36650777071830365.
checkpoint_e29 window_influence: 0.48084449792729739, penalty_k: 0.31927016005662473, scale_lr: 0.65012490359270669, EAO: 0.320
Trial 1910 finished with value: 0.3198660748362077 and parameters: {'window_influence': 0.4808444979272974, 'penalty_k': 0.31927016005662473, 'scale_lr': 0.6501249035927067}. Best is trial 1044 with value: 0.36650777071830365.
checkpoint_e29 window_influence: 0.35069418479831899, penalty_k: 0.02434030081417676, scale_lr: 0.54826063658234792, EAO: 0.318
Trial 1911 finished with value: 0.31812998211801286 and parameters: {'window_influence': 0.350694184798319, 'penalty_k': 0.02434030081417676, 'scale_lr': 0.5482606365823479}. Best is trial 1044 with value: 0.36650777071830365.
checkpoint_e29 window_influence: 0.50660219183151356, penalty_k: 0.18678931046218447, scale_lr: 0.60283213122381674, EAO: 0.331
Trial 1912 finished with value: 0.331018073085681 and parameters: {'window_influence': 0.5066021918315136, 'penalty_k': 0.18678931046218447, 'scale_lr': 0.6028321312238167}. Best is trial 1044 with value: 0.36650777071830365.
checkpoint_e29 window_influence: 0.46276744927609348, penalty_k: 0.14811840725908351, scale_lr: 0.18201886850731219, EAO: 0.350
Trial 1913 finished with value: 0.34977074367526906 and parameters: {'window_influence': 0.4627674492760935, 'penalty_k': 0.1481184072590835, 'scale_lr': 0.1820188685073122}. Best is trial 1044 with value: 0.36650777071830365.
checkpoint_e29 window_influence: 0.49367846260100595, penalty_k: 0.09965234512236204, scale_lr: 0.12759469940896490, EAO: 0.334
Trial 1914 finished with value: 0.33391651870675587 and parameters: {'window_influence': 0.49367846260100595, 'penalty_k': 0.09965234512236204, 'scale_lr': 0.1275946994089649}. Best is trial 1044 with value: 0.36650777071830365.
checkpoint_e29 window_influence: 0.62086010611018405, penalty_k: 0.36354163327865047, scale_lr: 0.23151388319508676, EAO: 0.248
Trial 1915 finished with value: 0.24792753652839808 and parameters: {'window_influence': 0.620860106110184, 'penalty_k': 0.36354163327865047, 'scale_lr': 0.23151388319508676}. Best is trial 1044 with value: 0.36650777071830365.
checkpoint_e29 window_influence: 0.47727475511104467, penalty_k: 0.29272726119921877, scale_lr: 0.72169974412582760, EAO: 0.331
Trial 1916 finished with value: 0.33070179785272025 and parameters: {'window_influence': 0.47727475511104467, 'penalty_k': 0.29272726119921877, 'scale_lr': 0.7216997441258276}. Best is trial 1044 with value: 0.36650777071830365.
checkpoint_e29 window_influence: 0.44251420047581730, penalty_k: 0.06148373282989120, scale_lr: 0.62924451944192528, EAO: 0.317
Trial 1917 finished with value: 0.31719365350699147 and parameters: {'window_influence': 0.4425142004758173, 'penalty_k': 0.0614837328298912, 'scale_lr': 0.6292445194419253}. Best is trial 1044 with value: 0.36650777071830365.
checkpoint_e29 window_influence: 0.51389552718774656, penalty_k: 0.39390025428995767, scale_lr: 0.27334160347499842, EAO: 0.307
Trial 1918 finished with value: 0.30690553720591135 and parameters: {'window_influence': 0.5138955271877466, 'penalty_k': 0.3939002542899577, 'scale_lr': 0.2733416034749984}. Best is trial 1044 with value: 0.36650777071830365.
checkpoint_e29 window_influence: 0.40623780873866838, penalty_k: 0.12050106737234538, scale_lr: 0.45923634249208894, EAO: 0.320
Trial 1919 finished with value: 0.32042684287180695 and parameters: {'window_influence': 0.4062378087386684, 'penalty_k': 0.12050106737234538, 'scale_lr': 0.45923634249208894}. Best is trial 1044 with value: 0.36650777071830365.
checkpoint_e29 window_influence: 0.48665105842490602, penalty_k: 0.43711280204552627, scale_lr: 0.11254432202371553, EAO: 0.304
Trial 1920 finished with value: 0.303560486969317 and parameters: {'window_influence': 0.486651058424906, 'penalty_k': 0.43711280204552627, 'scale_lr': 0.11254432202371553}. Best is trial 1044 with value: 0.36650777071830365.
checkpoint_e29 window_influence: 0.37179824414837609, penalty_k: 0.48380284297872334, scale_lr: 0.58353991849234910, EAO: 0.338
Trial 1921 finished with value: 0.33785805372876415 and parameters: {'window_influence': 0.3717982441483761, 'penalty_k': 0.48380284297872334, 'scale_lr': 0.5835399184923491}. Best is trial 1044 with value: 0.36650777071830365.
checkpoint_e29 window_influence: 0.50077519118470670, penalty_k: 0.13508382682084399, scale_lr: 0.32524280643346942, EAO: 0.339
Trial 1922 finished with value: 0.3389202903680764 and parameters: {'window_influence': 0.5007751911847067, 'penalty_k': 0.135083826820844, 'scale_lr': 0.3252428064334694}. Best is trial 1044 with value: 0.36650777071830365.
checkpoint_e29 window_influence: 0.39318858942061963, penalty_k: 0.08551453689605046, scale_lr: 0.20557107184780526, EAO: 0.307
Trial 1923 finished with value: 0.3067129938518955 and parameters: {'window_influence': 0.3931885894206196, 'penalty_k': 0.08551453689605046, 'scale_lr': 0.20557107184780526}. Best is trial 1044 with value: 0.36650777071830365.
checkpoint_e29 window_influence: 0.45816190634166282, penalty_k: 0.15918086640463178, scale_lr: 0.77403697621859036, EAO: 0.337
Trial 1924 finished with value: 0.3370979076925419 and parameters: {'window_influence': 0.4581619063416628, 'penalty_k': 0.15918086640463178, 'scale_lr': 0.7740369762185904}. Best is trial 1044 with value: 0.36650777071830365.
checkpoint_e29 window_influence: 0.31232133604072299, penalty_k: 0.51765266259868159, scale_lr: 0.69243762855413538, EAO: 0.326
Trial 1925 finished with value: 0.3256297288353805 and parameters: {'window_influence': 0.312321336040723, 'penalty_k': 0.5176526625986816, 'scale_lr': 0.6924376285541354}. Best is trial 1044 with value: 0.36650777071830365.
checkpoint_e29 window_influence: 0.47339899934333796, penalty_k: 0.00077112962941842, scale_lr: 0.16616511518465640, EAO: 0.332
Trial 1926 finished with value: 0.33161641054348256 and parameters: {'window_influence': 0.47339899934333796, 'penalty_k': 0.0007711296294184225, 'scale_lr': 0.1661651151846564}. Best is trial 1044 with value: 0.36650777071830365.
checkpoint_e29 window_influence: 0.53853352286646794, penalty_k: 0.04259997309079924, scale_lr: 0.49861636106499607, EAO: 0.310
