Trial 800 finished with value: 0.23122490496023157 and parameters: {'window_influence': 0.6357596798063647, 'penalty_k': 0.1869406871821963, 'scale_lr': 0.527769579246346}. Best is trial 445 with value: 0.3694567781246126.
checkpoint_e16 window_influence: 0.60508590850612787, penalty_k: 0.01723496009469196, scale_lr: 0.40478959942795650, EAO: 0.255
Trial 801 finished with value: 0.25479521999563226 and parameters: {'window_influence': 0.6050859085061279, 'penalty_k': 0.017234960094691956, 'scale_lr': 0.4047895994279565}. Best is trial 445 with value: 0.3694567781246126.
checkpoint_e16 window_influence: 0.45503693817432228, penalty_k: 0.00094160417799583, scale_lr: 0.60157999683710184, EAO: 0.333
Trial 802 finished with value: 0.3332395349495142 and parameters: {'window_influence': 0.4550369381743223, 'penalty_k': 0.0009416041779958251, 'scale_lr': 0.6015799968371018}. Best is trial 445 with value: 0.3694567781246126.
checkpoint_e16 window_influence: 0.46898312844780710, penalty_k: 0.07511294911840931, scale_lr: 0.46178136461297542, EAO: 0.324
Trial 803 finished with value: 0.3243876976261807 and parameters: {'window_influence': 0.4689831284478071, 'penalty_k': 0.07511294911840931, 'scale_lr': 0.4617813646129754}. Best is trial 445 with value: 0.3694567781246126.
checkpoint_e16 window_influence: 0.52728635254047695, penalty_k: 0.45014431590810888, scale_lr: 0.49770884121730319, EAO: 0.273
Trial 804 finished with value: 0.273344691625365 and parameters: {'window_influence': 0.527286352540477, 'penalty_k': 0.4501443159081089, 'scale_lr': 0.4977088412173032}. Best is trial 445 with value: 0.3694567781246126.
checkpoint_e16 window_influence: 0.34789888415264936, penalty_k: 0.04883213057024866, scale_lr: 0.79030574519763852, EAO: 0.296
Trial 805 finished with value: 0.2964229502566594 and parameters: {'window_influence': 0.34789888415264936, 'penalty_k': 0.048832130570248655, 'scale_lr': 0.7903057451976385}. Best is trial 445 with value: 0.3694567781246126.
checkpoint_e16 window_influence: 0.48310010995430341, penalty_k: 0.20655271234779288, scale_lr: 0.33565180865111766, EAO: 0.304
Trial 806 finished with value: 0.3043368027367944 and parameters: {'window_influence': 0.4831001099543034, 'penalty_k': 0.20655271234779288, 'scale_lr': 0.33565180865111766}. Best is trial 445 with value: 0.3694567781246126.
checkpoint_e16 window_influence: 0.40964726272719798, penalty_k: 0.12515115102259083, scale_lr: 0.58562904271351468, EAO: 0.315
Trial 807 finished with value: 0.31499126112878556 and parameters: {'window_influence': 0.409647262727198, 'penalty_k': 0.12515115102259083, 'scale_lr': 0.5856290427135147}. Best is trial 445 with value: 0.3694567781246126.
checkpoint_e16 window_influence: 0.16640149966322773, penalty_k: 0.13964274708417856, scale_lr: 0.34289844330908187, EAO: 0.291
Trial 808 finished with value: 0.29065852046940577 and parameters: {'window_influence': 0.16640149966322773, 'penalty_k': 0.13964274708417856, 'scale_lr': 0.34289844330908187}. Best is trial 445 with value: 0.3694567781246126.
checkpoint_e16 window_influence: 0.50267571576038295, penalty_k: 0.34693722095486806, scale_lr: 0.61559773008024543, EAO: 0.291
Trial 809 finished with value: 0.29063232782285964 and parameters: {'window_influence': 0.502675715760383, 'penalty_k': 0.34693722095486806, 'scale_lr': 0.6155977300802454}. Best is trial 445 with value: 0.3694567781246126.
checkpoint_e16 window_influence: 0.45415639748395625, penalty_k: 0.02720402083688731, scale_lr: 0.55736807694185797, EAO: 0.323
Trial 810 finished with value: 0.32320388670329453 and parameters: {'window_influence': 0.45415639748395625, 'penalty_k': 0.02720402083688731, 'scale_lr': 0.557368076941858}. Best is trial 445 with value: 0.3694567781246126.
checkpoint_e16 window_influence: 0.36702818079283905, penalty_k: 0.58567404973868853, scale_lr: 0.45233394794740295, EAO: 0.303
Trial 811 finished with value: 0.3027593516654078 and parameters: {'window_influence': 0.36702818079283905, 'penalty_k': 0.5856740497386885, 'scale_lr': 0.45233394794740295}. Best is trial 445 with value: 0.3694567781246126.
checkpoint_e16 window_influence: 0.26451171672196760, penalty_k: 0.01117025144171301, scale_lr: 0.24283801420458107, EAO: 0.293
Trial 812 finished with value: 0.2926156706383256 and parameters: {'window_influence': 0.2645117167219676, 'penalty_k': 0.011170251441713012, 'scale_lr': 0.24283801420458107}. Best is trial 445 with value: 0.3694567781246126.
checkpoint_e16 window_influence: 0.48939487327846698, penalty_k: 0.36719665929017020, scale_lr: 0.43669875924762175, EAO: 0.304
Trial 813 finished with value: 0.30419094477878006 and parameters: {'window_influence': 0.489394873278467, 'penalty_k': 0.3671966592901702, 'scale_lr': 0.43669875924762175}. Best is trial 445 with value: 0.3694567781246126.
checkpoint_e16 window_influence: 0.54627228309584031, penalty_k: 0.03740612809173469, scale_lr: 0.48542449458716375, EAO: 0.315
Trial 814 finished with value: 0.3146301843660815 and parameters: {'window_influence': 0.5462722830958403, 'penalty_k': 0.037406128091734686, 'scale_lr': 0.48542449458716375}. Best is trial 445 with value: 0.3694567781246126.
checkpoint_e16 window_influence: 0.42352199649754696, penalty_k: 0.10564385595532944, scale_lr: 0.74210501131856321, EAO: 0.303
Trial 815 finished with value: 0.3029928252042963 and parameters: {'window_influence': 0.42352199649754696, 'penalty_k': 0.10564385595532944, 'scale_lr': 0.7421050113185632}. Best is trial 445 with value: 0.3694567781246126.
checkpoint_e16 window_influence: 0.44375392422182236, penalty_k: 0.54987412693389481, scale_lr: 0.10217545736828754, EAO: 0.287
Trial 816 finished with value: 0.2865903675556183 and parameters: {'window_influence': 0.44375392422182236, 'penalty_k': 0.5498741269338948, 'scale_lr': 0.10217545736828754}. Best is trial 445 with value: 0.3694567781246126.
checkpoint_e16 window_influence: 0.47340522444443189, penalty_k: 0.01980442562513910, scale_lr: 0.29072813921421470, EAO: 0.348
Trial 817 finished with value: 0.34767810159620144 and parameters: {'window_influence': 0.4734052244444319, 'penalty_k': 0.019804425625139097, 'scale_lr': 0.2907281392142147}. Best is trial 445 with value: 0.3694567781246126.
checkpoint_e16 window_influence: 0.51084715678551817, penalty_k: 0.27915436631497809, scale_lr: 0.51897238055475914, EAO: 0.292
Trial 818 finished with value: 0.2921405284437224 and parameters: {'window_influence': 0.5108471567855182, 'penalty_k': 0.2791543663149781, 'scale_lr': 0.5189723805547591}. Best is trial 445 with value: 0.3694567781246126.
checkpoint_e16 window_influence: 0.46268757752356798, penalty_k: 0.06438331242945493, scale_lr: 0.41986231100830013, EAO: 0.318
Trial 819 finished with value: 0.3177109877886939 and parameters: {'window_influence': 0.462687577523568, 'penalty_k': 0.06438331242945493, 'scale_lr': 0.4198623110083001}. Best is trial 445 with value: 0.3694567781246126.
checkpoint_e16 window_influence: 0.06682444813947164, penalty_k: 0.00041505787357784, scale_lr: 0.31653804830076437, EAO: 0.279
Trial 820 finished with value: 0.2787583194354165 and parameters: {'window_influence': 0.06682444813947164, 'penalty_k': 0.00041505787357784193, 'scale_lr': 0.3165380483007644}. Best is trial 445 with value: 0.3694567781246126.
checkpoint_e16 window_influence: 0.49496465065449174, penalty_k: 0.14940891405711854, scale_lr: 0.53823038570861104, EAO: 0.323
Trial 821 finished with value: 0.32313007951246625 and parameters: {'window_influence': 0.49496465065449174, 'penalty_k': 0.14940891405711854, 'scale_lr': 0.538230385708611}. Best is trial 445 with value: 0.3694567781246126.
checkpoint_e16 window_influence: 0.20787174231304265, penalty_k: 0.04954966271851273, scale_lr: 0.44969915574285185, EAO: 0.287
Trial 822 finished with value: 0.28719897765361846 and parameters: {'window_influence': 0.20787174231304265, 'penalty_k': 0.04954966271851273, 'scale_lr': 0.44969915574285185}. Best is trial 445 with value: 0.3694567781246126.
checkpoint_e16 window_influence: 0.48155839913251508, penalty_k: 0.03052618502205410, scale_lr: 0.78206533956802993, EAO: 0.330
Trial 823 finished with value: 0.3304778175131356 and parameters: {'window_influence': 0.4815583991325151, 'penalty_k': 0.030526185022054095, 'scale_lr': 0.7820653395680299}. Best is trial 445 with value: 0.3694567781246126.
checkpoint_e16 window_influence: 0.18950473880966368, penalty_k: 0.52529639638780090, scale_lr: 0.57237195049483491, EAO: 0.269
Trial 824 finished with value: 0.26889823400324886 and parameters: {'window_influence': 0.18950473880966368, 'penalty_k': 0.5252963963878009, 'scale_lr': 0.5723719504948349}. Best is trial 445 with value: 0.3694567781246126.
checkpoint_e16 window_influence: 0.51892885953770806, penalty_k: 0.02055676601589603, scale_lr: 0.46629560512244456, EAO: 0.316
Trial 825 finished with value: 0.3156956468458769 and parameters: {'window_influence': 0.5189288595377081, 'penalty_k': 0.02055676601589603, 'scale_lr': 0.46629560512244456}. Best is trial 445 with value: 0.3694567781246126.
checkpoint_e16 window_influence: 0.46483637576378289, penalty_k: 0.17203000722901679, scale_lr: 0.51060774551640531, EAO: 0.317
Trial 826 finished with value: 0.3171839897270796 and parameters: {'window_influence': 0.4648363757637829, 'penalty_k': 0.1720300072290168, 'scale_lr': 0.5106077455164053}. Best is trial 445 with value: 0.3694567781246126.
checkpoint_e16 window_influence: 0.22042101457687838, penalty_k: 0.32758373569929228, scale_lr: 0.68459702183737292, EAO: 0.285
Trial 827 finished with value: 0.2845346691659452 and parameters: {'window_influence': 0.22042101457687838, 'penalty_k': 0.3275837356992923, 'scale_lr': 0.6845970218373729}. Best is trial 445 with value: 0.3694567781246126.
checkpoint_e16 window_influence: 0.57119112575944997, penalty_k: 0.40548163682734495, scale_lr: 0.54975708809003065, EAO: 0.254
Trial 828 finished with value: 0.25374976954339545 and parameters: {'window_influence': 0.57119112575945, 'penalty_k': 0.40548163682734495, 'scale_lr': 0.5497570880900307}. Best is trial 445 with value: 0.3694567781246126.
checkpoint_e16 window_influence: 0.47592036835244511, penalty_k: 0.04094384970472432, scale_lr: 0.48000729360803135, EAO: 0.331
Trial 829 finished with value: 0.3307084719494623 and parameters: {'window_influence': 0.4759203683524451, 'penalty_k': 0.04094384970472432, 'scale_lr': 0.48000729360803135}. Best is trial 445 with value: 0.3694567781246126.
checkpoint_e16 window_influence: 0.49838902671640500, penalty_k: 0.42748735791446990, scale_lr: 0.52712753587829886, EAO: 0.278
Trial 830 finished with value: 0.27834814902873356 and parameters: {'window_influence': 0.498389026716405, 'penalty_k': 0.4274873579144699, 'scale_lr': 0.5271275358782989}. Best is trial 445 with value: 0.3694567781246126.
checkpoint_e16 window_influence: 0.44683642761826919, penalty_k: 0.29944539130949943, scale_lr: 0.72667203813029024, EAO: 0.312
Trial 831 finished with value: 0.3115727174374844 and parameters: {'window_influence': 0.4468364276182692, 'penalty_k': 0.29944539130949943, 'scale_lr': 0.7266720381302902}. Best is trial 445 with value: 0.3694567781246126.
checkpoint_e16 window_influence: 0.21851776624422278, penalty_k: 0.01094740796832308, scale_lr: 0.12008329205177287, EAO: 0.280
Trial 832 finished with value: 0.2795793808967687 and parameters: {'window_influence': 0.21851776624422278, 'penalty_k': 0.010947407968323076, 'scale_lr': 0.12008329205177287}. Best is trial 445 with value: 0.3694567781246126.
checkpoint_e16 window_influence: 0.48535482318897905, penalty_k: 0.13812472175289731, scale_lr: 0.43622966764156923, EAO: 0.311
Trial 833 finished with value: 0.31096794227217883 and parameters: {'window_influence': 0.48535482318897905, 'penalty_k': 0.1381247217528973, 'scale_lr': 0.43622966764156923}. Best is trial 445 with value: 0.3694567781246126.
checkpoint_e16 window_influence: 0.43920653574643859, penalty_k: 0.05455019168364947, scale_lr: 0.40115008148256065, EAO: 0.317
Trial 834 finished with value: 0.3173492086420727 and parameters: {'window_influence': 0.4392065357464386, 'penalty_k': 0.05455019168364947, 'scale_lr': 0.40115008148256065}. Best is trial 445 with value: 0.3694567781246126.
checkpoint_e16 window_influence: 0.50593345213000207, penalty_k: 0.08297561774822385, scale_lr: 0.49684517714843446, EAO: 0.326
Trial 835 finished with value: 0.3262412318459745 and parameters: {'window_influence': 0.5059334521300021, 'penalty_k': 0.08297561774822385, 'scale_lr': 0.49684517714843446}. Best is trial 445 with value: 0.3694567781246126.
checkpoint_e16 window_influence: 0.08141281315987631, penalty_k: 0.02860172845053839, scale_lr: 0.42490493383618771, EAO: 0.275
Trial 836 finished with value: 0.27543377058747215 and parameters: {'window_influence': 0.08141281315987631, 'penalty_k': 0.02860172845053839, 'scale_lr': 0.4249049338361877}. Best is trial 445 with value: 0.3694567781246126.
checkpoint_e16 window_influence: 0.45763250624223734, penalty_k: 0.28892777635176592, scale_lr: 0.46226401761496783, EAO: 0.310
Trial 837 finished with value: 0.3101267812896795 and parameters: {'window_influence': 0.45763250624223734, 'penalty_k': 0.2889277763517659, 'scale_lr': 0.4622640176149678}. Best is trial 445 with value: 0.3694567781246126.
checkpoint_e16 window_influence: 0.10049742596875760, penalty_k: 0.01067724589626191, scale_lr: 0.60726487093912773, EAO: 0.272
Trial 838 finished with value: 0.2720858985232008 and parameters: {'window_influence': 0.1004974259687576, 'penalty_k': 0.010677245896261907, 'scale_lr': 0.6072648709391277}. Best is trial 445 with value: 0.3694567781246126.
checkpoint_e16 window_influence: 0.30846998030765077, penalty_k: 0.03824767814750529, scale_lr: 0.65818794325112961, EAO: 0.281
Trial 839 finished with value: 0.28090565492206976 and parameters: {'window_influence': 0.30846998030765077, 'penalty_k': 0.03824767814750529, 'scale_lr': 0.6581879432511296}. Best is trial 445 with value: 0.3694567781246126.
checkpoint_e16 window_influence: 0.47340096047214708, penalty_k: 0.00037321598941703, scale_lr: 0.21219361152296851, EAO: 0.309
Trial 840 finished with value: 0.3092517708410085 and parameters: {'window_influence': 0.4734009604721471, 'penalty_k': 0.0003732159894170293, 'scale_lr': 0.2121936115229685}. Best is trial 445 with value: 0.3694567781246126.
checkpoint_e16 window_influence: 0.49347801811229752, penalty_k: 0.02362758436445876, scale_lr: 0.58830490398853019, EAO: 0.337
Trial 841 finished with value: 0.3373916887819535 and parameters: {'window_influence': 0.4934780181122975, 'penalty_k': 0.023627584364458762, 'scale_lr': 0.5883049039885302}. Best is trial 445 with value: 0.3694567781246126.
checkpoint_e16 window_influence: 0.58479406149179902, penalty_k: 0.07139159734183437, scale_lr: 0.51223953069770045, EAO: 0.269
Trial 842 finished with value: 0.268917026280893 and parameters: {'window_influence': 0.584794061491799, 'penalty_k': 0.07139159734183437, 'scale_lr': 0.5122395306977005}. Best is trial 445 with value: 0.3694567781246126.
checkpoint_e16 window_influence: 0.52664191019090734, penalty_k: 0.04818564114441605, scale_lr: 0.53753812277738566, EAO: 0.309
Trial 843 finished with value: 0.3087313628034369 and parameters: {'window_influence': 0.5266419101909073, 'penalty_k': 0.04818564114441605, 'scale_lr': 0.5375381227773857}. Best is trial 445 with value: 0.3694567781246126.
checkpoint_e16 window_influence: 0.46677863317960117, penalty_k: 0.01790488089587637, scale_lr: 0.56379703604233966, EAO: 0.337
Trial 844 finished with value: 0.336583203262856 and parameters: {'window_influence': 0.46677863317960117, 'penalty_k': 0.01790488089587637, 'scale_lr': 0.5637970360423397}. Best is trial 445 with value: 0.3694567781246126.
checkpoint_e16 window_influence: 0.30053311783267322, penalty_k: 0.59987573592713972, scale_lr: 0.44385934939322963, EAO: 0.278
Trial 845 finished with value: 0.27835566089542924 and parameters: {'window_influence': 0.3005331178326732, 'penalty_k': 0.5998757359271397, 'scale_lr': 0.44385934939322963}. Best is trial 445 with value: 0.3694567781246126.
checkpoint_e16 window_influence: 0.48263404483787475, penalty_k: 0.05981921003876049, scale_lr: 0.48286951058623667, EAO: 0.327
Trial 846 finished with value: 0.3272034859842827 and parameters: {'window_influence': 0.48263404483787475, 'penalty_k': 0.05981921003876049, 'scale_lr': 0.48286951058623667}. Best is trial 445 with value: 0.3694567781246126.
checkpoint_e16 window_influence: 0.24499937242063297, penalty_k: 0.30548972913802391, scale_lr: 0.75085230948909909, EAO: 0.285
Trial 847 finished with value: 0.2853489588902618 and parameters: {'window_influence': 0.24499937242063297, 'penalty_k': 0.3054897291380239, 'scale_lr': 0.7508523094890991}. Best is trial 445 with value: 0.3694567781246126.
checkpoint_e16 window_influence: 0.60889523890243935, penalty_k: 0.03460862097515675, scale_lr: 0.47002511538584490, EAO: 0.261
Trial 848 finished with value: 0.2606159184229513 and parameters: {'window_influence': 0.6088952389024394, 'penalty_k': 0.03460862097515675, 'scale_lr': 0.4700251153858449}. Best is trial 445 with value: 0.3694567781246126.
checkpoint_e16 window_influence: 0.45100650913440204, penalty_k: 0.09625608916376611, scale_lr: 0.25218568600732366, EAO: 0.300
Trial 849 finished with value: 0.30049740352055443 and parameters: {'window_influence': 0.45100650913440204, 'penalty_k': 0.09625608916376611, 'scale_lr': 0.25218568600732366}. Best is trial 445 with value: 0.3694567781246126.
checkpoint_e16 window_influence: 0.39809231308826754, penalty_k: 0.00000194770304981, scale_lr: 0.62626625243197453, EAO: 0.309
Trial 850 finished with value: 0.30926707079670307 and parameters: {'window_influence': 0.39809231308826754, 'penalty_k': 1.9477030498079055e-06, 'scale_lr': 0.6262662524319745}. Best is trial 445 with value: 0.3694567781246126.
checkpoint_e16 window_influence: 0.43374631810667358, penalty_k: 0.11689475987145220, scale_lr: 0.49924568387423135, EAO: 0.319
Trial 851 finished with value: 0.31928391551693125 and parameters: {'window_influence': 0.4337463181066736, 'penalty_k': 0.1168947598714522, 'scale_lr': 0.49924568387423135}. Best is trial 445 with value: 0.3694567781246126.
checkpoint_e16 window_influence: 0.51589372739796835, penalty_k: 0.02591120732436220, scale_lr: 0.15012531128263351, EAO: 0.311
Trial 852 finished with value: 0.3114615047372269 and parameters: {'window_influence': 0.5158937273979683, 'penalty_k': 0.025911207324362195, 'scale_lr': 0.1501253112826335}. Best is trial 445 with value: 0.3694567781246126.
checkpoint_e16 window_influence: 0.49253128216863878, penalty_k: 0.26374117593825852, scale_lr: 0.52504820933631613, EAO: 0.315
Trial 853 finished with value: 0.3145418576461332 and parameters: {'window_influence': 0.4925312821686388, 'penalty_k': 0.2637411759382585, 'scale_lr': 0.5250482093363161}. Best is trial 445 with value: 0.3694567781246126.
checkpoint_e16 window_influence: 0.47647905841276328, penalty_k: 0.01450129575011624, scale_lr: 0.38741032990059787, EAO: 0.327
Trial 854 finished with value: 0.32701764061525174 and parameters: {'window_influence': 0.4764790584127633, 'penalty_k': 0.014501295750116244, 'scale_lr': 0.38741032990059787}. Best is trial 445 with value: 0.3694567781246126.
checkpoint_e16 window_influence: 0.50523868655288595, penalty_k: 0.04219713465154824, scale_lr: 0.41950259070291557, EAO: 0.328
Trial 855 finished with value: 0.32779089735407774 and parameters: {'window_influence': 0.505238686552886, 'penalty_k': 0.042197134651548236, 'scale_lr': 0.41950259070291557}. Best is trial 445 with value: 0.3694567781246126.
checkpoint_e16 window_influence: 0.46463631129869903, penalty_k: 0.03139652969365098, scale_lr: 0.16481488975551156, EAO: 0.322
Trial 856 finished with value: 0.32235221935849245 and parameters: {'window_influence': 0.46463631129869903, 'penalty_k': 0.03139652969365098, 'scale_lr': 0.16481488975551156}. Best is trial 445 with value: 0.3694567781246126.
checkpoint_e16 window_influence: 0.27135445130044550, penalty_k: 0.22712926087843088, scale_lr: 0.44853860173733118, EAO: 0.297
Trial 857 finished with value: 0.2969208789358807 and parameters: {'window_influence': 0.2713544513004455, 'penalty_k': 0.22712926087843088, 'scale_lr': 0.4485386017373312}. Best is trial 445 with value: 0.3694567781246126.
checkpoint_e16 window_influence: 0.55477371619708593, penalty_k: 0.51460325719543332, scale_lr: 0.43454775481921548, EAO: 0.253
Trial 858 finished with value: 0.25299586448456063 and parameters: {'window_influence': 0.5547737161970859, 'penalty_k': 0.5146032571954333, 'scale_lr': 0.4345477548192155}. Best is trial 445 with value: 0.3694567781246126.
checkpoint_e16 window_influence: 0.48541579304703431, penalty_k: 0.17021319750315814, scale_lr: 0.36488049370132980, EAO: 0.312
Trial 859 finished with value: 0.31210645540447085 and parameters: {'window_influence': 0.4854157930470343, 'penalty_k': 0.17021319750315814, 'scale_lr': 0.3648804937013298}. Best is trial 445 with value: 0.3694567781246126.
checkpoint_e16 window_influence: 0.41581010199224033, penalty_k: 0.05517612136518379, scale_lr: 0.55224579949086516, EAO: 0.317
Trial 860 finished with value: 0.31727419770413334 and parameters: {'window_influence': 0.41581010199224033, 'penalty_k': 0.055176121365183795, 'scale_lr': 0.5522457994908652}. Best is trial 445 with value: 0.3694567781246126.
checkpoint_e16 window_influence: 0.45163961739631442, penalty_k: 0.13378210352342215, scale_lr: 0.45716848164800966, EAO: 0.316
Trial 861 finished with value: 0.31591888380885585 and parameters: {'window_influence': 0.4516396173963144, 'penalty_k': 0.13378210352342215, 'scale_lr': 0.45716848164800966}. Best is trial 445 with value: 0.3694567781246126.
checkpoint_e16 window_influence: 0.32331384970888705, penalty_k: 0.01292687425651590, scale_lr: 0.48718044217449930, EAO: 0.324
