Trial 1550 finished with value: 0.29247551246143966 and parameters: {'window_influence': 0.23232979116266084, 'penalty_k': 0.08360438484432418, 'scale_lr': 0.790029176986164}. Best is trial 62 with value: 0.3726749919963718.
checkpoint_e29 window_influence: 0.46454906696385667, penalty_k: 0.19120693664489319, scale_lr: 0.63826826750529009, EAO: 0.329
Trial 1551 finished with value: 0.3285642362522244 and parameters: {'window_influence': 0.46454906696385667, 'penalty_k': 0.1912069366448932, 'scale_lr': 0.6382682675052901}. Best is trial 62 with value: 0.3726749919963718.
checkpoint_e29 window_influence: 0.51826371659414816, penalty_k: 0.22260961908440435, scale_lr: 0.61712329193979309, EAO: 0.304
Trial 1552 finished with value: 0.3035624927119986 and parameters: {'window_influence': 0.5182637165941482, 'penalty_k': 0.22260961908440435, 'scale_lr': 0.6171232919397931}. Best is trial 62 with value: 0.3726749919963718.
checkpoint_e29 window_influence: 0.42913866836038689, penalty_k: 0.28490914273210893, scale_lr: 0.30985049911512219, EAO: 0.321
Trial 1553 finished with value: 0.32052135339970717 and parameters: {'window_influence': 0.4291386683603869, 'penalty_k': 0.28490914273210893, 'scale_lr': 0.3098504991151222}. Best is trial 62 with value: 0.3726749919963718.
checkpoint_e29 window_influence: 0.10684929124486386, penalty_k: 0.06881315125409765, scale_lr: 0.55604130280660391, EAO: 0.244
Trial 1554 finished with value: 0.2438512911244589 and parameters: {'window_influence': 0.10684929124486386, 'penalty_k': 0.06881315125409765, 'scale_lr': 0.5560413028066039}. Best is trial 62 with value: 0.3726749919963718.
checkpoint_e29 window_influence: 0.50125456123626555, penalty_k: 0.05313982189098988, scale_lr: 0.21605259301585031, EAO: 0.353
Trial 1555 finished with value: 0.35251030140349837 and parameters: {'window_influence': 0.5012545612362656, 'penalty_k': 0.05313982189098988, 'scale_lr': 0.2160525930158503}. Best is trial 62 with value: 0.3726749919963718.
checkpoint_e29 window_influence: 0.48305335887050643, penalty_k: 0.01730027867800668, scale_lr: 0.23571353537725354, EAO: 0.350
Trial 1556 finished with value: 0.35035614072116894 and parameters: {'window_influence': 0.48305335887050643, 'penalty_k': 0.01730027867800668, 'scale_lr': 0.23571353537725354}. Best is trial 62 with value: 0.3726749919963718.
checkpoint_e29 window_influence: 0.63226151176356704, penalty_k: 0.25017889257277559, scale_lr: 0.13059890327770243, EAO: 0.253
Trial 1557 finished with value: 0.25275875007596 and parameters: {'window_influence': 0.632261511763567, 'penalty_k': 0.2501788925727756, 'scale_lr': 0.13059890327770243}. Best is trial 62 with value: 0.3726749919963718.
checkpoint_e29 window_influence: 0.51037046765912941, penalty_k: 0.11311977920365512, scale_lr: 0.70240348732842472, EAO: 0.316
Trial 1558 finished with value: 0.31598174734338247 and parameters: {'window_influence': 0.5103704676591294, 'penalty_k': 0.11311977920365512, 'scale_lr': 0.7024034873284247}. Best is trial 62 with value: 0.3726749919963718.
checkpoint_e29 window_influence: 0.46398646456357079, penalty_k: 0.09015693720688146, scale_lr: 0.10013534067340177, EAO: 0.313
Trial 1559 finished with value: 0.31313010632759863 and parameters: {'window_influence': 0.4639864645635708, 'penalty_k': 0.09015693720688146, 'scale_lr': 0.10013534067340177}. Best is trial 62 with value: 0.3726749919963718.
checkpoint_e29 window_influence: 0.49060283252843395, penalty_k: 0.03374229641223699, scale_lr: 0.18927456540250837, EAO: 0.341
Trial 1560 finished with value: 0.3411156794904271 and parameters: {'window_influence': 0.49060283252843395, 'penalty_k': 0.03374229641223699, 'scale_lr': 0.18927456540250837}. Best is trial 62 with value: 0.3726749919963718.
checkpoint_e29 window_influence: 0.11885444118457902, penalty_k: 0.22201669756846293, scale_lr: 0.43032246027374982, EAO: 0.256
Trial 1561 finished with value: 0.256091403880008 and parameters: {'window_influence': 0.11885444118457902, 'penalty_k': 0.22201669756846293, 'scale_lr': 0.4303224602737498}. Best is trial 62 with value: 0.3726749919963718.
checkpoint_e29 window_influence: 0.13071751109138746, penalty_k: 0.06928403458712579, scale_lr: 0.53220452818663122, EAO: 0.277
Trial 1562 finished with value: 0.2765442082506209 and parameters: {'window_influence': 0.13071751109138746, 'penalty_k': 0.06928403458712579, 'scale_lr': 0.5322045281866312}. Best is trial 62 with value: 0.3726749919963718.
checkpoint_e29 window_influence: 0.55294512644801097, penalty_k: 0.04935647548726974, scale_lr: 0.37482233227608347, EAO: 0.298
Trial 1563 finished with value: 0.29784068604387665 and parameters: {'window_influence': 0.552945126448011, 'penalty_k': 0.049356475487269735, 'scale_lr': 0.37482233227608347}. Best is trial 62 with value: 0.3726749919963718.
checkpoint_e29 window_influence: 0.44067871950725629, penalty_k: 0.29250234852305323, scale_lr: 0.16616604854356748, EAO: 0.312
Trial 1564 finished with value: 0.3115080041876099 and parameters: {'window_influence': 0.4406787195072563, 'penalty_k': 0.29250234852305323, 'scale_lr': 0.16616604854356748}. Best is trial 62 with value: 0.3726749919963718.
checkpoint_e29 window_influence: 0.52762141385457895, penalty_k: 0.18197498685850083, scale_lr: 0.20894986357401396, EAO: 0.333
Trial 1565 finished with value: 0.33250357007702036 and parameters: {'window_influence': 0.527621413854579, 'penalty_k': 0.18197498685850083, 'scale_lr': 0.20894986357401396}. Best is trial 62 with value: 0.3726749919963718.
checkpoint_e29 window_influence: 0.21416189233111654, penalty_k: 0.09543522907141860, scale_lr: 0.27921941390006533, EAO: 0.290
Trial 1566 finished with value: 0.29030323846098977 and parameters: {'window_influence': 0.21416189233111654, 'penalty_k': 0.0954352290714186, 'scale_lr': 0.2792194139000653}. Best is trial 62 with value: 0.3726749919963718.
checkpoint_e29 window_influence: 0.47586220277633240, penalty_k: 0.08042096099151175, scale_lr: 0.57376607178114480, EAO: 0.345
Trial 1567 finished with value: 0.34514744121740765 and parameters: {'window_influence': 0.4758622027763324, 'penalty_k': 0.08042096099151175, 'scale_lr': 0.5737660717811448}. Best is trial 62 with value: 0.3726749919963718.
checkpoint_e29 window_influence: 0.49370050234139840, penalty_k: 0.05792679918686706, scale_lr: 0.33643870896471506, EAO: 0.336
Trial 1568 finished with value: 0.33568182877529457 and parameters: {'window_influence': 0.4937005023413984, 'penalty_k': 0.05792679918686706, 'scale_lr': 0.33643870896471506}. Best is trial 62 with value: 0.3726749919963718.
checkpoint_e29 window_influence: 0.11457467109751390, penalty_k: 0.23766687414980434, scale_lr: 0.38815124424158454, EAO: 0.257
Trial 1569 finished with value: 0.2567626476171879 and parameters: {'window_influence': 0.1145746710975139, 'penalty_k': 0.23766687414980434, 'scale_lr': 0.38815124424158454}. Best is trial 62 with value: 0.3726749919963718.
checkpoint_e29 window_influence: 0.45095870705737129, penalty_k: 0.03959394932899627, scale_lr: 0.14823272300290463, EAO: 0.347
Trial 1570 finished with value: 0.3470450971377035 and parameters: {'window_influence': 0.4509587070573713, 'penalty_k': 0.03959394932899627, 'scale_lr': 0.14823272300290463}. Best is trial 62 with value: 0.3726749919963718.
checkpoint_e29 window_influence: 0.50973819829438405, penalty_k: 0.25273499467323801, scale_lr: 0.65146197498584668, EAO: 0.298
Trial 1571 finished with value: 0.2978339790718101 and parameters: {'window_influence': 0.509738198294384, 'penalty_k': 0.252734994673238, 'scale_lr': 0.6514619749858467}. Best is trial 62 with value: 0.3726749919963718.
checkpoint_e29 window_influence: 0.42139252822196605, penalty_k: 0.27101588462103093, scale_lr: 0.79595674008863160, EAO: 0.348
Trial 1572 finished with value: 0.34801729516296537 and parameters: {'window_influence': 0.42139252822196605, 'penalty_k': 0.27101588462103093, 'scale_lr': 0.7959567400886316}. Best is trial 62 with value: 0.3726749919963718.
checkpoint_e29 window_influence: 0.50075548889633847, penalty_k: 0.02300528566614943, scale_lr: 0.68400982654675002, EAO: 0.340
Trial 1573 finished with value: 0.34029841910076514 and parameters: {'window_influence': 0.5007554888963385, 'penalty_k': 0.023005285666149428, 'scale_lr': 0.68400982654675}. Best is trial 62 with value: 0.3726749919963718.
checkpoint_e29 window_influence: 0.47246864430684726, penalty_k: 0.19272312296940255, scale_lr: 0.11586158430983820, EAO: 0.323
Trial 1574 finished with value: 0.32333294055805134 and parameters: {'window_influence': 0.47246864430684726, 'penalty_k': 0.19272312296940255, 'scale_lr': 0.1158615843098382}. Best is trial 62 with value: 0.3726749919963718.
checkpoint_e29 window_influence: 0.52451347878213994, penalty_k: 0.10599587302213763, scale_lr: 0.53908241497011611, EAO: 0.331
Trial 1575 finished with value: 0.33080886211608634 and parameters: {'window_influence': 0.5245134787821399, 'penalty_k': 0.10599587302213763, 'scale_lr': 0.5390824149701161}. Best is trial 62 with value: 0.3726749919963718.
checkpoint_e29 window_influence: 0.45978173958620849, penalty_k: 0.06428187673799526, scale_lr: 0.24914265766134228, EAO: 0.353
Trial 1576 finished with value: 0.3525331582772593 and parameters: {'window_influence': 0.4597817395862085, 'penalty_k': 0.06428187673799526, 'scale_lr': 0.24914265766134228}. Best is trial 62 with value: 0.3726749919963718.
checkpoint_e29 window_influence: 0.27636493511753268, penalty_k: 0.07375188404493063, scale_lr: 0.40217451079115030, EAO: 0.295
Trial 1577 finished with value: 0.2945208830708196 and parameters: {'window_influence': 0.2763649351175327, 'penalty_k': 0.07375188404493063, 'scale_lr': 0.4021745107911503}. Best is trial 62 with value: 0.3726749919963718.
checkpoint_e29 window_influence: 0.48733213805552400, penalty_k: 0.21937160783598408, scale_lr: 0.59954141942895756, EAO: 0.335
Trial 1578 finished with value: 0.33452953125716184 and parameters: {'window_influence': 0.487332138055524, 'penalty_k': 0.21937160783598408, 'scale_lr': 0.5995414194289576}. Best is trial 62 with value: 0.3726749919963718.
checkpoint_e29 window_influence: 0.51622528598369632, penalty_k: 0.16641815808961682, scale_lr: 0.23226318879442434, EAO: 0.328
Trial 1579 finished with value: 0.3282162235172806 and parameters: {'window_influence': 0.5162252859836963, 'penalty_k': 0.16641815808961682, 'scale_lr': 0.23226318879442434}. Best is trial 62 with value: 0.3726749919963718.
checkpoint_e29 window_influence: 0.12147624640890381, penalty_k: 0.08636994066041181, scale_lr: 0.55283770575964686, EAO: 0.272
Trial 1580 finished with value: 0.27208287526893243 and parameters: {'window_influence': 0.12147624640890381, 'penalty_k': 0.08636994066041181, 'scale_lr': 0.5528377057596469}. Best is trial 62 with value: 0.3726749919963718.
checkpoint_e29 window_influence: 0.53748807814434774, penalty_k: 0.13387387908214504, scale_lr: 0.19664648851364935, EAO: 0.326
Trial 1581 finished with value: 0.3262346123674964 and parameters: {'window_influence': 0.5374880781443477, 'penalty_k': 0.13387387908214504, 'scale_lr': 0.19664648851364935}. Best is trial 62 with value: 0.3726749919963718.
checkpoint_e29 window_influence: 0.49915113525751875, penalty_k: 0.30849446517183254, scale_lr: 0.51920965208364844, EAO: 0.306
Trial 1582 finished with value: 0.3058484408873992 and parameters: {'window_influence': 0.49915113525751875, 'penalty_k': 0.30849446517183254, 'scale_lr': 0.5192096520836484}. Best is trial 62 with value: 0.3726749919963718.
checkpoint_e29 window_influence: 0.19208597186345852, penalty_k: 0.04673759848635178, scale_lr: 0.44752900603733942, EAO: 0.296
Trial 1583 finished with value: 0.2957113261700604 and parameters: {'window_influence': 0.19208597186345852, 'penalty_k': 0.04673759848635178, 'scale_lr': 0.4475290060373394}. Best is trial 62 with value: 0.3726749919963718.
checkpoint_e29 window_influence: 0.47991810924115219, penalty_k: 0.11480034728841045, scale_lr: 0.21495409479539224, EAO: 0.348
Trial 1584 finished with value: 0.3483037914979319 and parameters: {'window_influence': 0.4799181092411522, 'penalty_k': 0.11480034728841045, 'scale_lr': 0.21495409479539224}. Best is trial 62 with value: 0.3726749919963718.
checkpoint_e29 window_influence: 0.44535428987588516, penalty_k: 0.09424387094746742, scale_lr: 0.29852236637124840, EAO: 0.339
Trial 1585 finished with value: 0.3392614806904403 and parameters: {'window_influence': 0.44535428987588516, 'penalty_k': 0.09424387094746742, 'scale_lr': 0.2985223663712484}. Best is trial 62 with value: 0.3726749919963718.
checkpoint_e29 window_influence: 0.26450986575035546, penalty_k: 0.01127251917115355, scale_lr: 0.58382844814019397, EAO: 0.308
Trial 1586 finished with value: 0.3082463811459708 and parameters: {'window_influence': 0.26450986575035546, 'penalty_k': 0.011272519171153551, 'scale_lr': 0.583828448140194}. Best is trial 62 with value: 0.3726749919963718.
checkpoint_e29 window_influence: 0.41190334604255441, penalty_k: 0.06020034182493723, scale_lr: 0.26384373780998371, EAO: 0.328
Trial 1587 finished with value: 0.3283744563968265 and parameters: {'window_influence': 0.4119033460425544, 'penalty_k': 0.06020034182493723, 'scale_lr': 0.2638437378099837}. Best is trial 62 with value: 0.3726749919963718.
checkpoint_e29 window_influence: 0.46731635979950187, penalty_k: 0.17829920645946318, scale_lr: 0.71989360325885909, EAO: 0.313
Trial 1588 finished with value: 0.3126798733083191 and parameters: {'window_influence': 0.46731635979950187, 'penalty_k': 0.17829920645946318, 'scale_lr': 0.7198936032588591}. Best is trial 62 with value: 0.3726749919963718.
checkpoint_e29 window_influence: 0.50712133315718966, penalty_k: 0.02840693715195692, scale_lr: 0.42326324749519451, EAO: 0.324
Trial 1589 finished with value: 0.3239155187912952 and parameters: {'window_influence': 0.5071213331571897, 'penalty_k': 0.028406937151956916, 'scale_lr': 0.4232632474951945}. Best is trial 62 with value: 0.3726749919963718.
checkpoint_e29 window_influence: 0.43024503804562542, penalty_k: 0.20027955415694176, scale_lr: 0.17868874029595211, EAO: 0.342
Trial 1590 finished with value: 0.34192221672618434 and parameters: {'window_influence': 0.4302450380456254, 'penalty_k': 0.20027955415694176, 'scale_lr': 0.1786887402959521}. Best is trial 62 with value: 0.3726749919963718.
checkpoint_e29 window_influence: 0.48481622284074544, penalty_k: 0.23376469518305781, scale_lr: 0.13189278503429519, EAO: 0.336
Trial 1591 finished with value: 0.3362097899621563 and parameters: {'window_influence': 0.48481622284074544, 'penalty_k': 0.2337646951830578, 'scale_lr': 0.1318927850342952}. Best is trial 62 with value: 0.3726749919963718.
checkpoint_e29 window_influence: 0.10262407635841525, penalty_k: 0.26078902140037341, scale_lr: 0.22634261908086348, EAO: 0.260
Trial 1592 finished with value: 0.26039909939589667 and parameters: {'window_influence': 0.10262407635841525, 'penalty_k': 0.2607890214003734, 'scale_lr': 0.22634261908086348}. Best is trial 62 with value: 0.3726749919963718.
checkpoint_e29 window_influence: 0.46004794530507248, penalty_k: 0.07874258418590403, scale_lr: 0.77350216721693021, EAO: 0.327
Trial 1593 finished with value: 0.32714105151042866 and parameters: {'window_influence': 0.4600479453050725, 'penalty_k': 0.07874258418590403, 'scale_lr': 0.7735021672169302}. Best is trial 62 with value: 0.3726749919963718.
checkpoint_e29 window_influence: 0.52231272169455600, penalty_k: 0.15866467170086551, scale_lr: 0.16292990779674943, EAO: 0.326
Trial 1594 finished with value: 0.3259848942436597 and parameters: {'window_influence': 0.522312721694556, 'penalty_k': 0.1586646717008655, 'scale_lr': 0.16292990779674943}. Best is trial 62 with value: 0.3726749919963718.
checkpoint_e29 window_influence: 0.39943200851931765, penalty_k: 0.31610822764615715, scale_lr: 0.63114727486855893, EAO: 0.333
Trial 1595 finished with value: 0.3331307496310208 and parameters: {'window_influence': 0.39943200851931765, 'penalty_k': 0.31610822764615715, 'scale_lr': 0.6311472748685589}. Best is trial 62 with value: 0.3726749919963718.
checkpoint_e29 window_influence: 0.49538289792378537, penalty_k: 0.10486670331979693, scale_lr: 0.20402376578509046, EAO: 0.351
Trial 1596 finished with value: 0.3511261577040305 and parameters: {'window_influence': 0.49538289792378537, 'penalty_k': 0.10486670331979693, 'scale_lr': 0.20402376578509046}. Best is trial 62 with value: 0.3726749919963718.
checkpoint_e29 window_influence: 0.47921734567659313, penalty_k: 0.14159193424218272, scale_lr: 0.32348292695456393, EAO: 0.337
Trial 1597 finished with value: 0.33734378682500193 and parameters: {'window_influence': 0.47921734567659313, 'penalty_k': 0.14159193424218272, 'scale_lr': 0.32348292695456393}. Best is trial 62 with value: 0.3726749919963718.
checkpoint_e29 window_influence: 0.60719225741732974, penalty_k: 0.04167974749018455, scale_lr: 0.24581839582160606, EAO: 0.279
Trial 1598 finished with value: 0.278553431136135 and parameters: {'window_influence': 0.6071922574173297, 'penalty_k': 0.04167974749018455, 'scale_lr': 0.24581839582160606}. Best is trial 62 with value: 0.3726749919963718.
checkpoint_e29 window_influence: 0.51044225669673859, penalty_k: 0.06968912058477134, scale_lr: 0.52463053008096872, EAO: 0.347
Trial 1599 finished with value: 0.3465545272548839 and parameters: {'window_influence': 0.5104422566967386, 'penalty_k': 0.06968912058477134, 'scale_lr': 0.5246305300809687}. Best is trial 62 with value: 0.3726749919963718.
checkpoint_e29 window_influence: 0.54739044399266723, penalty_k: 0.09308512491359688, scale_lr: 0.34996401511381253, EAO: 0.310
Trial 1600 finished with value: 0.30956141360770867 and parameters: {'window_influence': 0.5473904439926672, 'penalty_k': 0.09308512491359688, 'scale_lr': 0.34996401511381253}. Best is trial 62 with value: 0.3726749919963718.
checkpoint_e29 window_influence: 0.44999930540079303, penalty_k: 0.12524206589087075, scale_lr: 0.43887265630797129, EAO: 0.332
Trial 1601 finished with value: 0.33222530625673585 and parameters: {'window_influence': 0.449999305400793, 'penalty_k': 0.12524206589087075, 'scale_lr': 0.4388726563079713}. Best is trial 62 with value: 0.3726749919963718.
checkpoint_e29 window_influence: 0.49258311823208228, penalty_k: 0.33416124591324270, scale_lr: 0.54830801170082344, EAO: 0.314
Trial 1602 finished with value: 0.31375287409422464 and parameters: {'window_influence': 0.4925831182320823, 'penalty_k': 0.3341612459132427, 'scale_lr': 0.5483080117008234}. Best is trial 62 with value: 0.3726749919963718.
checkpoint_e29 window_influence: 0.47301835026562533, penalty_k: 0.21417245078935113, scale_lr: 0.14053184916280198, EAO: 0.344
Trial 1603 finished with value: 0.34396337952595274 and parameters: {'window_influence': 0.47301835026562533, 'penalty_k': 0.21417245078935113, 'scale_lr': 0.14053184916280198}. Best is trial 62 with value: 0.3726749919963718.
checkpoint_e29 window_influence: 0.50005911000993553, penalty_k: 0.05650712292034760, scale_lr: 0.18742824557198634, EAO: 0.341
Trial 1604 finished with value: 0.34147076349314087 and parameters: {'window_influence': 0.5000591100099355, 'penalty_k': 0.056507122920347604, 'scale_lr': 0.18742824557198634}. Best is trial 62 with value: 0.3726749919963718.
checkpoint_e29 window_influence: 0.45860849662877851, penalty_k: 0.25353926102452329, scale_lr: 0.11728938623814542, EAO: 0.348
Trial 1605 finished with value: 0.34832721183272186 and parameters: {'window_influence': 0.4586084966287785, 'penalty_k': 0.2535392610245233, 'scale_lr': 0.11728938623814542}. Best is trial 62 with value: 0.3726749919963718.
checkpoint_e29 window_influence: 0.13929381944096497, penalty_k: 0.37493688434545636, scale_lr: 0.73884002563043127, EAO: 0.257
Trial 1606 finished with value: 0.2573899455687415 and parameters: {'window_influence': 0.13929381944096497, 'penalty_k': 0.37493688434545636, 'scale_lr': 0.7388400256304313}. Best is trial 62 with value: 0.3726749919963718.
checkpoint_e29 window_influence: 0.25933249331671843, penalty_k: 0.02001257495723667, scale_lr: 0.56986619310005671, EAO: 0.316
Trial 1607 finished with value: 0.31601829589109015 and parameters: {'window_influence': 0.2593324933167184, 'penalty_k': 0.020012574957236667, 'scale_lr': 0.5698661931000567}. Best is trial 62 with value: 0.3726749919963718.
checkpoint_e29 window_influence: 0.43728917222255681, penalty_k: 0.36145628669377100, scale_lr: 0.21715856199572695, EAO: 0.314
Trial 1608 finished with value: 0.31411372038177016 and parameters: {'window_influence': 0.4372891722225568, 'penalty_k': 0.361456286693771, 'scale_lr': 0.21715856199572695}. Best is trial 62 with value: 0.3726749919963718.
checkpoint_e29 window_influence: 0.56731493436399039, penalty_k: 0.59118805831459353, scale_lr: 0.46017979219694577, EAO: 0.250
Trial 1609 finished with value: 0.24997403087087178 and parameters: {'window_influence': 0.5673149343639904, 'penalty_k': 0.5911880583145935, 'scale_lr': 0.46017979219694577}. Best is trial 62 with value: 0.3726749919963718.
checkpoint_e29 window_influence: 0.52912709803186109, penalty_k: 0.07688895651589728, scale_lr: 0.60575269610463101, EAO: 0.309
Trial 1610 finished with value: 0.3091814781789186 and parameters: {'window_influence': 0.5291270980318611, 'penalty_k': 0.07688895651589728, 'scale_lr': 0.605752696104631}. Best is trial 62 with value: 0.3726749919963718.
checkpoint_e29 window_influence: 0.51530239444099790, penalty_k: 0.08415409806954016, scale_lr: 0.36125353011925959, EAO: 0.331
Trial 1611 finished with value: 0.3308035720879002 and parameters: {'window_influence': 0.5153023944409979, 'penalty_k': 0.08415409806954016, 'scale_lr': 0.3612535301192596}. Best is trial 62 with value: 0.3726749919963718.
checkpoint_e29 window_influence: 0.13656947334575195, penalty_k: 0.32542740310818963, scale_lr: 0.15394683532856818, EAO: 0.253
