Trial 434 finished with value: 0.347244757854521 and parameters: {'window_influence': 0.44775121322345046, 'penalty_k': 0.00026389498319397825, 'scale_lr': 0.44924033916258754}. Best is trial 32 with value: 0.38394216433573325.
checkpoint_e23 window_influence: 0.46236024435151502, penalty_k: 0.30484986740594316, scale_lr: 0.38149429346627595, EAO: 0.326
Trial 435 finished with value: 0.32594460846153217 and parameters: {'window_influence': 0.462360244351515, 'penalty_k': 0.30484986740594316, 'scale_lr': 0.38149429346627595}. Best is trial 32 with value: 0.38394216433573325.
checkpoint_e23 window_influence: 0.48127355799086535, penalty_k: 0.04668007450517959, scale_lr: 0.69724724386444958, EAO: 0.334
Trial 436 finished with value: 0.3335841517851974 and parameters: {'window_influence': 0.48127355799086535, 'penalty_k': 0.046680074505179595, 'scale_lr': 0.6972472438644496}. Best is trial 32 with value: 0.38394216433573325.
checkpoint_e23 window_influence: 0.49494164875664737, penalty_k: 0.01372824715048260, scale_lr: 0.19162192396831812, EAO: 0.331
Trial 437 finished with value: 0.33088272612846314 and parameters: {'window_influence': 0.49494164875664737, 'penalty_k': 0.013728247150482598, 'scale_lr': 0.19162192396831812}. Best is trial 32 with value: 0.38394216433573325.
checkpoint_e23 window_influence: 0.18072902273911720, penalty_k: 0.02782004803034815, scale_lr: 0.79933434915258672, EAO: 0.290
Trial 438 finished with value: 0.29036446414337086 and parameters: {'window_influence': 0.1807290227391172, 'penalty_k': 0.027820048030348148, 'scale_lr': 0.7993343491525867}. Best is trial 32 with value: 0.38394216433573325.
checkpoint_e23 window_influence: 0.36854424015530790, penalty_k: 0.11565268366663643, scale_lr: 0.41257788466011186, EAO: 0.319
Trial 439 finished with value: 0.3185137544508574 and parameters: {'window_influence': 0.3685442401553079, 'penalty_k': 0.11565268366663643, 'scale_lr': 0.41257788466011186}. Best is trial 32 with value: 0.38394216433573325.
checkpoint_e23 window_influence: 0.40739085971373357, penalty_k: 0.09104977510169404, scale_lr: 0.39912214388038547, EAO: 0.332
Trial 440 finished with value: 0.331964631198909 and parameters: {'window_influence': 0.40739085971373357, 'penalty_k': 0.09104977510169404, 'scale_lr': 0.39912214388038547}. Best is trial 32 with value: 0.38394216433573325.
checkpoint_e23 window_influence: 0.54274861969529287, penalty_k: 0.04011790478630094, scale_lr: 0.43230196737389570, EAO: 0.330
Trial 441 finished with value: 0.32986038401433004 and parameters: {'window_influence': 0.5427486196952929, 'penalty_k': 0.040117904786300944, 'scale_lr': 0.4323019673738957}. Best is trial 32 with value: 0.38394216433573325.
checkpoint_e23 window_influence: 0.50988497072804073, penalty_k: 0.02104543638685714, scale_lr: 0.12782253773711316, EAO: 0.336
Trial 442 finished with value: 0.33602555861500916 and parameters: {'window_influence': 0.5098849707280407, 'penalty_k': 0.021045436386857137, 'scale_lr': 0.12782253773711316}. Best is trial 32 with value: 0.38394216433573325.
checkpoint_e23 window_influence: 0.47434252675692956, penalty_k: 0.46576823583195104, scale_lr: 0.47278362817536040, EAO: 0.328
Trial 443 finished with value: 0.3275569335263991 and parameters: {'window_influence': 0.47434252675692956, 'penalty_k': 0.46576823583195104, 'scale_lr': 0.4727836281753604}. Best is trial 32 with value: 0.38394216433573325.
checkpoint_e23 window_influence: 0.27940913126763200, penalty_k: 0.13722322424596078, scale_lr: 0.36054055191641327, EAO: 0.303
Trial 444 finished with value: 0.3033379343581107 and parameters: {'window_influence': 0.279409131267632, 'penalty_k': 0.13722322424596078, 'scale_lr': 0.36054055191641327}. Best is trial 32 with value: 0.38394216433573325.
checkpoint_e23 window_influence: 0.52912996241293508, penalty_k: 0.20710972871001582, scale_lr: 0.38407102935020276, EAO: 0.313
Trial 445 finished with value: 0.3127278527281164 and parameters: {'window_influence': 0.5291299624129351, 'penalty_k': 0.20710972871001582, 'scale_lr': 0.38407102935020276}. Best is trial 32 with value: 0.38394216433573325.
checkpoint_e23 window_influence: 0.33640066660552004, penalty_k: 0.05575787296156902, scale_lr: 0.76955068252764480, EAO: 0.326
Trial 446 finished with value: 0.32620678644931733 and parameters: {'window_influence': 0.33640066660552004, 'penalty_k': 0.05575787296156902, 'scale_lr': 0.7695506825276448}. Best is trial 32 with value: 0.38394216433573325.
checkpoint_e23 window_influence: 0.43644098996641878, penalty_k: 0.24077203939335728, scale_lr: 0.41177340271450308, EAO: 0.336
Trial 447 finished with value: 0.3357432397655012 and parameters: {'window_influence': 0.4364409899664188, 'penalty_k': 0.24077203939335728, 'scale_lr': 0.4117734027145031}. Best is trial 32 with value: 0.38394216433573325.
checkpoint_e23 window_influence: 0.28324804300784523, penalty_k: 0.15705567512203145, scale_lr: 0.48951340813201982, EAO: 0.319
Trial 448 finished with value: 0.31863931563577763 and parameters: {'window_influence': 0.28324804300784523, 'penalty_k': 0.15705567512203145, 'scale_lr': 0.4895134081320198}. Best is trial 32 with value: 0.38394216433573325.
checkpoint_e23 window_influence: 0.48642323650443486, penalty_k: 0.01138318094281294, scale_lr: 0.67346168472768742, EAO: 0.356
Trial 449 finished with value: 0.3557255307524121 and parameters: {'window_influence': 0.48642323650443486, 'penalty_k': 0.011383180942812939, 'scale_lr': 0.6734616847276874}. Best is trial 32 with value: 0.38394216433573325.
checkpoint_e23 window_influence: 0.46533467066890549, penalty_k: 0.30762429424615340, scale_lr: 0.60853268492282619, EAO: 0.323
Trial 450 finished with value: 0.323096894452544 and parameters: {'window_influence': 0.4653346706689055, 'penalty_k': 0.3076242942461534, 'scale_lr': 0.6085326849228262}. Best is trial 32 with value: 0.38394216433573325.
checkpoint_e23 window_influence: 0.45175531548014181, penalty_k: 0.14689525466575862, scale_lr: 0.44359294640526598, EAO: 0.343
Trial 451 finished with value: 0.34286751102380714 and parameters: {'window_influence': 0.4517553154801418, 'penalty_k': 0.14689525466575862, 'scale_lr': 0.443592946405266}. Best is trial 32 with value: 0.38394216433573325.
checkpoint_e23 window_influence: 0.50152234090763459, penalty_k: 0.03762188748561216, scale_lr: 0.37422062290531272, EAO: 0.334
Trial 452 finished with value: 0.33392478113972257 and parameters: {'window_influence': 0.5015223409076346, 'penalty_k': 0.03762188748561216, 'scale_lr': 0.3742206229053127}. Best is trial 32 with value: 0.38394216433573325.
checkpoint_e23 window_influence: 0.47861720829791393, penalty_k: 0.28177640411480903, scale_lr: 0.39721756638540939, EAO: 0.355
Trial 453 finished with value: 0.35505823135839826 and parameters: {'window_influence': 0.47861720829791393, 'penalty_k': 0.28177640411480903, 'scale_lr': 0.3972175663854094}. Best is trial 32 with value: 0.38394216433573325.
checkpoint_e23 window_influence: 0.49263659113188596, penalty_k: 0.21809387495510571, scale_lr: 0.42513247991833059, EAO: 0.327
Trial 454 finished with value: 0.32735108784200617 and parameters: {'window_influence': 0.49263659113188596, 'penalty_k': 0.2180938749551057, 'scale_lr': 0.4251324799183306}. Best is trial 32 with value: 0.38394216433573325.
checkpoint_e23 window_influence: 0.51822997587174247, penalty_k: 0.10422326299920462, scale_lr: 0.45537119357428885, EAO: 0.335
Trial 455 finished with value: 0.33466060766914013 and parameters: {'window_influence': 0.5182299758717425, 'penalty_k': 0.10422326299920462, 'scale_lr': 0.45537119357428885}. Best is trial 32 with value: 0.38394216433573325.
checkpoint_e23 window_influence: 0.46249896879596386, penalty_k: 0.35881223174120275, scale_lr: 0.35012710584630585, EAO: 0.298
Trial 456 finished with value: 0.29776464251924584 and parameters: {'window_influence': 0.46249896879596386, 'penalty_k': 0.35881223174120275, 'scale_lr': 0.35012710584630585}. Best is trial 32 with value: 0.38394216433573325.
checkpoint_e23 window_influence: 0.64593058810150650, penalty_k: 0.02235846634165355, scale_lr: 0.72705522327031846, EAO: 0.250
Trial 457 finished with value: 0.24962852199485794 and parameters: {'window_influence': 0.6459305881015065, 'penalty_k': 0.022358466341653546, 'scale_lr': 0.7270552232703185}. Best is trial 32 with value: 0.38394216433573325.
checkpoint_e23 window_influence: 0.48201100438511124, penalty_k: 0.40253633537026889, scale_lr: 0.40506307021839205, EAO: 0.312
Trial 458 finished with value: 0.3116228531190857 and parameters: {'window_influence': 0.48201100438511124, 'penalty_k': 0.4025363353702689, 'scale_lr': 0.40506307021839205}. Best is trial 32 with value: 0.38394216433573325.
checkpoint_e23 window_influence: 0.50398945642775606, penalty_k: 0.18246169302377879, scale_lr: 0.58973402983036927, EAO: 0.342
Trial 459 finished with value: 0.3418698498711048 and parameters: {'window_influence': 0.503989456427756, 'penalty_k': 0.1824616930237788, 'scale_lr': 0.5897340298303693}. Best is trial 32 with value: 0.38394216433573325.
checkpoint_e23 window_influence: 0.38300247534018639, penalty_k: 0.27145791698986188, scale_lr: 0.57794562339898103, EAO: 0.314
Trial 460 finished with value: 0.3144539617262926 and parameters: {'window_influence': 0.3830024753401864, 'penalty_k': 0.2714579169898619, 'scale_lr': 0.577945623398981}. Best is trial 32 with value: 0.38394216433573325.
checkpoint_e23 window_influence: 0.42379603977094055, penalty_k: 0.04582313091018159, scale_lr: 0.38596757451278230, EAO: 0.351
Trial 461 finished with value: 0.35103437350881705 and parameters: {'window_influence': 0.42379603977094055, 'penalty_k': 0.04582313091018159, 'scale_lr': 0.3859675745127823}. Best is trial 32 with value: 0.38394216433573325.
checkpoint_e23 window_influence: 0.23943545214605139, penalty_k: 0.26507387521263609, scale_lr: 0.62390573475304467, EAO: 0.300
Trial 462 finished with value: 0.2997309697161389 and parameters: {'window_influence': 0.2394354521460514, 'penalty_k': 0.2650738752126361, 'scale_lr': 0.6239057347530447}. Best is trial 32 with value: 0.38394216433573325.
checkpoint_e23 window_influence: 0.44682144007208957, penalty_k: 0.43164986688129692, scale_lr: 0.56460644515932934, EAO: 0.316
Trial 463 finished with value: 0.31552760279828007 and parameters: {'window_influence': 0.44682144007208957, 'penalty_k': 0.4316498668812969, 'scale_lr': 0.5646064451593293}. Best is trial 32 with value: 0.38394216433573325.
checkpoint_e23 window_influence: 0.62632403901072997, penalty_k: 0.06350303592178523, scale_lr: 0.36799854036980817, EAO: 0.257
Trial 464 finished with value: 0.2572161481074322 and parameters: {'window_influence': 0.62632403901073, 'penalty_k': 0.06350303592178523, 'scale_lr': 0.36799854036980817}. Best is trial 32 with value: 0.38394216433573325.
checkpoint_e23 window_influence: 0.35689816743287833, penalty_k: 0.00829492948953766, scale_lr: 0.47163947997173578, EAO: 0.330
Trial 465 finished with value: 0.3303396633394961 and parameters: {'window_influence': 0.35689816743287833, 'penalty_k': 0.008294929489537656, 'scale_lr': 0.4716394799717358}. Best is trial 32 with value: 0.38394216433573325.
checkpoint_e23 window_influence: 0.47471083355182014, penalty_k: 0.03426832972223645, scale_lr: 0.51419283062003618, EAO: 0.338
Trial 466 finished with value: 0.3380201092489962 and parameters: {'window_influence': 0.47471083355182014, 'penalty_k': 0.03426832972223645, 'scale_lr': 0.5141928306200362}. Best is trial 32 with value: 0.38394216433573325.
checkpoint_e23 window_influence: 0.32867119864501815, penalty_k: 0.48366976910027759, scale_lr: 0.53564606697901929, EAO: 0.316
Trial 467 finished with value: 0.31624284548982107 and parameters: {'window_influence': 0.32867119864501815, 'penalty_k': 0.4836697691002776, 'scale_lr': 0.5356460669790193}. Best is trial 32 with value: 0.38394216433573325.
checkpoint_e23 window_influence: 0.48904447452212374, penalty_k: 0.00068455274315904, scale_lr: 0.41867856072648058, EAO: 0.358
Trial 468 finished with value: 0.3576874932426423 and parameters: {'window_influence': 0.48904447452212374, 'penalty_k': 0.000684552743159044, 'scale_lr': 0.4186785607264806}. Best is trial 32 with value: 0.38394216433573325.
checkpoint_e23 window_influence: 0.45983948358916260, penalty_k: 0.22580052871604550, scale_lr: 0.43473392023650392, EAO: 0.325
Trial 469 finished with value: 0.32543683962367387 and parameters: {'window_influence': 0.4598394835891626, 'penalty_k': 0.2258005287160455, 'scale_lr': 0.4347339202365039}. Best is trial 32 with value: 0.38394216433573325.
checkpoint_e23 window_influence: 0.47124580480553013, penalty_k: 0.08374327669154430, scale_lr: 0.39219872617795537, EAO: 0.353
Trial 470 finished with value: 0.3525205222085292 and parameters: {'window_influence': 0.47124580480553013, 'penalty_k': 0.0837432766915443, 'scale_lr': 0.39219872617795537}. Best is trial 32 with value: 0.38394216433573325.
checkpoint_e23 window_influence: 0.59224866574794977, penalty_k: 0.29249289882722407, scale_lr: 0.49483717852137071, EAO: 0.279
Trial 471 finished with value: 0.2786887583797544 and parameters: {'window_influence': 0.5922486657479498, 'penalty_k': 0.29249289882722407, 'scale_lr': 0.4948371785213707}. Best is trial 32 with value: 0.38394216433573325.
checkpoint_e23 window_influence: 0.49762601016368890, penalty_k: 0.01987235546308576, scale_lr: 0.54860221341062210, EAO: 0.344
Trial 472 finished with value: 0.34382293753123006 and parameters: {'window_influence': 0.4976260101636889, 'penalty_k': 0.01987235546308576, 'scale_lr': 0.5486022134106221}. Best is trial 32 with value: 0.38394216433573325.
checkpoint_e23 window_influence: 0.52300993307838683, penalty_k: 0.05400697649478145, scale_lr: 0.15374736457530430, EAO: 0.313
Trial 473 finished with value: 0.31313267280619433 and parameters: {'window_influence': 0.5230099330783868, 'penalty_k': 0.05400697649478145, 'scale_lr': 0.1537473645753043}. Best is trial 32 with value: 0.38394216433573325.
checkpoint_e23 window_influence: 0.50943436932933683, penalty_k: 0.03038385439013658, scale_lr: 0.37269140497416908, EAO: 0.323
Trial 474 finished with value: 0.32339465078908647 and parameters: {'window_influence': 0.5094343693293368, 'penalty_k': 0.03038385439013658, 'scale_lr': 0.3726914049741691}. Best is trial 32 with value: 0.38394216433573325.
checkpoint_e23 window_influence: 0.56683862766518167, penalty_k: 0.01222429641899393, scale_lr: 0.46217467724115674, EAO: 0.305
Trial 475 finished with value: 0.30511191916372987 and parameters: {'window_influence': 0.5668386276651817, 'penalty_k': 0.012224296418993925, 'scale_lr': 0.46217467724115674}. Best is trial 32 with value: 0.38394216433573325.
checkpoint_e23 window_influence: 0.48830403441089454, penalty_k: 0.07214935134923771, scale_lr: 0.40537491156932870, EAO: 0.339
Trial 476 finished with value: 0.33858525265979394 and parameters: {'window_influence': 0.48830403441089454, 'penalty_k': 0.07214935134923771, 'scale_lr': 0.4053749115693287}. Best is trial 32 with value: 0.38394216433573325.
checkpoint_e23 window_influence: 0.54556177222705982, penalty_k: 0.31499151934398362, scale_lr: 0.42294472450754445, EAO: 0.289
Trial 477 finished with value: 0.28923221303563174 and parameters: {'window_influence': 0.5455617722270598, 'penalty_k': 0.3149915193439836, 'scale_lr': 0.42294472450754445}. Best is trial 32 with value: 0.38394216433573325.
checkpoint_e23 window_influence: 0.43729458530463039, penalty_k: 0.04528648331153418, scale_lr: 0.38369293110689195, EAO: 0.343
Trial 478 finished with value: 0.343115041923894 and parameters: {'window_influence': 0.4372945853046304, 'penalty_k': 0.04528648331153418, 'scale_lr': 0.38369293110689195}. Best is trial 32 with value: 0.38394216433573325.
checkpoint_e23 window_influence: 0.45536871149902231, penalty_k: 0.02390952806521193, scale_lr: 0.44602623538566416, EAO: 0.330
Trial 479 finished with value: 0.33043858095829587 and parameters: {'window_influence': 0.4553687114990223, 'penalty_k': 0.023909528065211932, 'scale_lr': 0.44602623538566416}. Best is trial 32 with value: 0.38394216433573325.
checkpoint_e23 window_influence: 0.47207893714185600, penalty_k: 0.10018784033636588, scale_lr: 0.35267522817241109, EAO: 0.329
Trial 480 finished with value: 0.32917869891174106 and parameters: {'window_influence': 0.472078937141856, 'penalty_k': 0.10018784033636588, 'scale_lr': 0.3526752281724111}. Best is trial 32 with value: 0.38394216433573325.
checkpoint_e23 window_influence: 0.48274204511320390, penalty_k: 0.03485062076734117, scale_lr: 0.32577692133752700, EAO: 0.361
Trial 481 finished with value: 0.36073283880137286 and parameters: {'window_influence': 0.4827420451132039, 'penalty_k': 0.03485062076734117, 'scale_lr': 0.325776921337527}. Best is trial 32 with value: 0.38394216433573325.
checkpoint_e23 window_influence: 0.48070108578071014, penalty_k: 0.24951913899149400, scale_lr: 0.33223826652559457, EAO: 0.334
Trial 482 finished with value: 0.3342451977358718 and parameters: {'window_influence': 0.48070108578071014, 'penalty_k': 0.249519138991494, 'scale_lr': 0.33223826652559457}. Best is trial 32 with value: 0.38394216433573325.
checkpoint_e23 window_influence: 0.46151907105921636, penalty_k: 0.03283898194038970, scale_lr: 0.32208854487780691, EAO: 0.341
Trial 483 finished with value: 0.34141951439909435 and parameters: {'window_influence': 0.46151907105921636, 'penalty_k': 0.0328389819403897, 'scale_lr': 0.3220885448778069}. Best is trial 32 with value: 0.38394216433573325.
checkpoint_e23 window_influence: 0.46912528594641334, penalty_k: 0.01200502209165060, scale_lr: 0.41346355703732746, EAO: 0.345
Trial 484 finished with value: 0.3448040278969108 and parameters: {'window_influence': 0.46912528594641334, 'penalty_k': 0.012005022091650601, 'scale_lr': 0.41346355703732746}. Best is trial 32 with value: 0.38394216433573325.
checkpoint_e23 window_influence: 0.37033549799066900, penalty_k: 0.02354699088354768, scale_lr: 0.43736028824334416, EAO: 0.329
Trial 485 finished with value: 0.3286063967395849 and parameters: {'window_influence': 0.370335497990669, 'penalty_k': 0.02354699088354768, 'scale_lr': 0.43736028824334416}. Best is trial 32 with value: 0.38394216433573325.
checkpoint_e23 window_influence: 0.45105660171024797, penalty_k: 0.03897335191228937, scale_lr: 0.39914590056711308, EAO: 0.330
Trial 486 finished with value: 0.3302905904527768 and parameters: {'window_influence': 0.451056601710248, 'penalty_k': 0.03897335191228937, 'scale_lr': 0.3991459005671131}. Best is trial 32 with value: 0.38394216433573325.
checkpoint_e23 window_influence: 0.49072523383685618, penalty_k: 0.32601495227271393, scale_lr: 0.31623266089568891, EAO: 0.298
Trial 487 finished with value: 0.29789917565273405 and parameters: {'window_influence': 0.4907252338368562, 'penalty_k': 0.32601495227271393, 'scale_lr': 0.3162326608956889}. Best is trial 32 with value: 0.38394216433573325.
checkpoint_e23 window_influence: 0.47872564757187075, penalty_k: 0.00977125191635509, scale_lr: 0.29623435664159059, EAO: 0.336
Trial 488 finished with value: 0.3355477417489434 and parameters: {'window_influence': 0.47872564757187075, 'penalty_k': 0.00977125191635509, 'scale_lr': 0.2962343566415906}. Best is trial 32 with value: 0.38394216433573325.
checkpoint_e23 window_influence: 0.40207910710489708, penalty_k: 0.39040589079483357, scale_lr: 0.29070851777593365, EAO: 0.323
Trial 489 finished with value: 0.3232293378866136 and parameters: {'window_influence': 0.4020791071048971, 'penalty_k': 0.39040589079483357, 'scale_lr': 0.29070851777593365}. Best is trial 32 with value: 0.38394216433573325.
checkpoint_e23 window_influence: 0.49788444290884354, penalty_k: 0.02281270903166372, scale_lr: 0.22149298017159588, EAO: 0.320
Trial 490 finished with value: 0.32012545395686004 and parameters: {'window_influence': 0.49788444290884354, 'penalty_k': 0.02281270903166372, 'scale_lr': 0.22149298017159588}. Best is trial 32 with value: 0.38394216433573325.
checkpoint_e23 window_influence: 0.30505389103483066, penalty_k: 0.15682303856228075, scale_lr: 0.45822560459680156, EAO: 0.313
Trial 491 finished with value: 0.3133705795275098 and parameters: {'window_influence': 0.30505389103483066, 'penalty_k': 0.15682303856228075, 'scale_lr': 0.45822560459680156}. Best is trial 32 with value: 0.38394216433573325.
checkpoint_e23 window_influence: 0.46509280354230614, penalty_k: 0.16724372124956424, scale_lr: 0.30516863401738858, EAO: 0.335
Trial 492 finished with value: 0.33478328110179084 and parameters: {'window_influence': 0.46509280354230614, 'penalty_k': 0.16724372124956424, 'scale_lr': 0.3051686340173886}. Best is trial 32 with value: 0.38394216433573325.
checkpoint_e23 window_influence: 0.48034064808067617, penalty_k: 0.04604225030130930, scale_lr: 0.42608266381530369, EAO: 0.356
Trial 493 finished with value: 0.35559885395176216 and parameters: {'window_influence': 0.48034064808067617, 'penalty_k': 0.046042250301309304, 'scale_lr': 0.4260826638153037}. Best is trial 32 with value: 0.38394216433573325.
checkpoint_e23 window_influence: 0.27930216250428985, penalty_k: 0.06093361974850572, scale_lr: 0.48286843253124434, EAO: 0.311
Trial 494 finished with value: 0.3112551238286356 and parameters: {'window_influence': 0.27930216250428985, 'penalty_k': 0.060933619748505724, 'scale_lr': 0.48286843253124434}. Best is trial 32 with value: 0.38394216433573325.
checkpoint_e23 window_influence: 0.44054970591463499, penalty_k: 0.11945117212456524, scale_lr: 0.27826458931689674, EAO: 0.311
Trial 495 finished with value: 0.31097483994431996 and parameters: {'window_influence': 0.440549705914635, 'penalty_k': 0.11945117212456524, 'scale_lr': 0.27826458931689674}. Best is trial 32 with value: 0.38394216433573325.
checkpoint_e23 window_influence: 0.41540720102871814, penalty_k: 0.03403562094606848, scale_lr: 0.33204059355633359, EAO: 0.337
