Trial 682 finished with value: 0.3030422625606626 and parameters: {'window_influence': 0.5019262174765997, 'penalty_k': 0.4185898651278698, 'scale_lr': 0.3579536848515157}. Best is trial 97 with value: 0.3587390516054769.
checkpoint_e22 window_influence: 0.48843322545662005, penalty_k: 0.17710728985440244, scale_lr: 0.32853024672078629, EAO: 0.311
Trial 683 finished with value: 0.31125827533725636 and parameters: {'window_influence': 0.48843322545662005, 'penalty_k': 0.17710728985440244, 'scale_lr': 0.3285302467207863}. Best is trial 97 with value: 0.3587390516054769.
checkpoint_e22 window_influence: 0.56192684464913567, penalty_k: 0.12090381192652055, scale_lr: 0.29030341438151996, EAO: 0.291
Trial 684 finished with value: 0.290647343786774 and parameters: {'window_influence': 0.5619268446491357, 'penalty_k': 0.12090381192652055, 'scale_lr': 0.29030341438151996}. Best is trial 97 with value: 0.3587390516054769.
checkpoint_e22 window_influence: 0.29742035009412449, penalty_k: 0.09744830684386549, scale_lr: 0.38761540091924368, EAO: 0.284
Trial 685 finished with value: 0.2837709179184316 and parameters: {'window_influence': 0.2974203500941245, 'penalty_k': 0.09744830684386549, 'scale_lr': 0.3876154009192437}. Best is trial 97 with value: 0.3587390516054769.
checkpoint_e22 window_influence: 0.46779363337401214, penalty_k: 0.21941869407726519, scale_lr: 0.36973353817999211, EAO: 0.304
Trial 686 finished with value: 0.3038335279036125 and parameters: {'window_influence': 0.46779363337401214, 'penalty_k': 0.2194186940772652, 'scale_lr': 0.3697335381799921}. Best is trial 97 with value: 0.3587390516054769.
checkpoint_e22 window_influence: 0.41348989389021124, penalty_k: 0.38719619388978932, scale_lr: 0.34151518979917567, EAO: 0.321
Trial 687 finished with value: 0.3212796989465966 and parameters: {'window_influence': 0.41348989389021124, 'penalty_k': 0.3871961938897893, 'scale_lr': 0.34151518979917567}. Best is trial 97 with value: 0.3587390516054769.
checkpoint_e22 window_influence: 0.44816147890140712, penalty_k: 0.04685324014189261, scale_lr: 0.46074451669959260, EAO: 0.322
Trial 688 finished with value: 0.3219030608462916 and parameters: {'window_influence': 0.4481614789014071, 'penalty_k': 0.04685324014189261, 'scale_lr': 0.4607445166995926}. Best is trial 97 with value: 0.3587390516054769.
checkpoint_e22 window_influence: 0.37286464027823540, penalty_k: 0.30833659989720047, scale_lr: 0.31191512804217492, EAO: 0.286
Trial 689 finished with value: 0.2862175206729874 and parameters: {'window_influence': 0.3728646402782354, 'penalty_k': 0.30833659989720047, 'scale_lr': 0.3119151280421749}. Best is trial 97 with value: 0.3587390516054769.
checkpoint_e22 window_influence: 0.47863056377349661, penalty_k: 0.11065415692273971, scale_lr: 0.35191359715296461, EAO: 0.336
Trial 690 finished with value: 0.3357220718832795 and parameters: {'window_influence': 0.4786305637734966, 'penalty_k': 0.11065415692273971, 'scale_lr': 0.3519135971529646}. Best is trial 97 with value: 0.3587390516054769.
checkpoint_e22 window_influence: 0.29498753246014298, penalty_k: 0.39905238542693672, scale_lr: 0.17163621469457441, EAO: 0.273
Trial 691 finished with value: 0.2725490744475725 and parameters: {'window_influence': 0.294987532460143, 'penalty_k': 0.3990523854269367, 'scale_lr': 0.1716362146945744}. Best is trial 97 with value: 0.3587390516054769.
checkpoint_e22 window_influence: 0.42680457555639306, penalty_k: 0.07652379374515217, scale_lr: 0.41350552179840028, EAO: 0.305
Trial 692 finished with value: 0.30472966315449446 and parameters: {'window_influence': 0.42680457555639306, 'penalty_k': 0.07652379374515217, 'scale_lr': 0.4135055217984003}. Best is trial 97 with value: 0.3587390516054769.
checkpoint_e22 window_influence: 0.49197609518572494, penalty_k: 0.09125532905982853, scale_lr: 0.11192912943847290, EAO: 0.333
Trial 693 finished with value: 0.33268994324865975 and parameters: {'window_influence': 0.49197609518572494, 'penalty_k': 0.09125532905982853, 'scale_lr': 0.1119291294384729}. Best is trial 97 with value: 0.3587390516054769.
checkpoint_e22 window_influence: 0.32935715808909916, penalty_k: 0.06278803458898034, scale_lr: 0.24773321888083719, EAO: 0.311
Trial 694 finished with value: 0.3106599474463481 and parameters: {'window_influence': 0.32935715808909916, 'penalty_k': 0.06278803458898034, 'scale_lr': 0.24773321888083719}. Best is trial 97 with value: 0.3587390516054769.
checkpoint_e22 window_influence: 0.46128154496979273, penalty_k: 0.25911143038787776, scale_lr: 0.27990452463562282, EAO: 0.297
Trial 695 finished with value: 0.29705435414490533 and parameters: {'window_influence': 0.46128154496979273, 'penalty_k': 0.25911143038787776, 'scale_lr': 0.2799045246356228}. Best is trial 97 with value: 0.3587390516054769.
checkpoint_e22 window_influence: 0.52574663832736990, penalty_k: 0.21134220515072624, scale_lr: 0.29931941652350685, EAO: 0.306
Trial 696 finished with value: 0.3058409256577956 and parameters: {'window_influence': 0.5257466383273699, 'penalty_k': 0.21134220515072624, 'scale_lr': 0.29931941652350685}. Best is trial 97 with value: 0.3587390516054769.
checkpoint_e22 window_influence: 0.43864715436212726, penalty_k: 0.28014188300365328, scale_lr: 0.32794016265584069, EAO: 0.304
Trial 697 finished with value: 0.3043611912411938 and parameters: {'window_influence': 0.43864715436212726, 'penalty_k': 0.2801418830036533, 'scale_lr': 0.3279401626558407}. Best is trial 97 with value: 0.3587390516054769.
checkpoint_e22 window_influence: 0.47266656740652568, penalty_k: 0.12179128939809181, scale_lr: 0.15220233207899447, EAO: 0.322
Trial 698 finished with value: 0.32190736420887456 and parameters: {'window_influence': 0.4726665674065257, 'penalty_k': 0.1217912893980918, 'scale_lr': 0.15220233207899447}. Best is trial 97 with value: 0.3587390516054769.
checkpoint_e22 window_influence: 0.06747460946309025, penalty_k: 0.10310100375087974, scale_lr: 0.39470883157304071, EAO: 0.243
Trial 699 finished with value: 0.24345150995811135 and parameters: {'window_influence': 0.06747460946309025, 'penalty_k': 0.10310100375087974, 'scale_lr': 0.3947088315730407}. Best is trial 97 with value: 0.3587390516054769.
checkpoint_e22 window_influence: 0.21351493084775799, penalty_k: 0.12946694230952285, scale_lr: 0.26487742468002085, EAO: 0.284
Trial 700 finished with value: 0.28401523898083875 and parameters: {'window_influence': 0.213514930847758, 'penalty_k': 0.12946694230952285, 'scale_lr': 0.26487742468002085}. Best is trial 97 with value: 0.3587390516054769.
checkpoint_e22 window_influence: 0.50884876509555221, penalty_k: 0.36079576448048428, scale_lr: 0.51140476055037343, EAO: 0.300
Trial 701 finished with value: 0.2998484828244851 and parameters: {'window_influence': 0.5088487650955522, 'penalty_k': 0.3607957644804843, 'scale_lr': 0.5114047605503734}. Best is trial 97 with value: 0.3587390516054769.
checkpoint_e22 window_influence: 0.45233366332745217, penalty_k: 0.16724453068182416, scale_lr: 0.50263222417431508, EAO: 0.325
Trial 702 finished with value: 0.32499322028475514 and parameters: {'window_influence': 0.4523336633274522, 'penalty_k': 0.16724453068182416, 'scale_lr': 0.5026322241743151}. Best is trial 97 with value: 0.3587390516054769.
checkpoint_e22 window_influence: 0.11928557884991792, penalty_k: 0.08490438744997465, scale_lr: 0.37328770115938070, EAO: 0.257
Trial 703 finished with value: 0.2570852677877775 and parameters: {'window_influence': 0.11928557884991792, 'penalty_k': 0.08490438744997465, 'scale_lr': 0.3732877011593807}. Best is trial 97 with value: 0.3587390516054769.
checkpoint_e22 window_influence: 0.53620683927774637, penalty_k: 0.11546221974219785, scale_lr: 0.20570360898935289, EAO: 0.327
Trial 704 finished with value: 0.32705636374681374 and parameters: {'window_influence': 0.5362068392777464, 'penalty_k': 0.11546221974219785, 'scale_lr': 0.2057036089893529}. Best is trial 97 with value: 0.3587390516054769.
checkpoint_e22 window_influence: 0.24913761935779827, penalty_k: 0.06846997074115482, scale_lr: 0.31719315298473927, EAO: 0.293
Trial 705 finished with value: 0.29309791013424497 and parameters: {'window_influence': 0.24913761935779827, 'penalty_k': 0.06846997074115482, 'scale_lr': 0.31719315298473927}. Best is trial 97 with value: 0.3587390516054769.
checkpoint_e22 window_influence: 0.59678101429527897, penalty_k: 0.14128108023119071, scale_lr: 0.35329961405388310, EAO: 0.273
Trial 706 finished with value: 0.2734969443848161 and parameters: {'window_influence': 0.596781014295279, 'penalty_k': 0.1412810802311907, 'scale_lr': 0.3532996140538831}. Best is trial 97 with value: 0.3587390516054769.
checkpoint_e22 window_influence: 0.48771397764032010, penalty_k: 0.29112591864689313, scale_lr: 0.10006928674292195, EAO: 0.292
Trial 707 finished with value: 0.29199237182214566 and parameters: {'window_influence': 0.4877139776403201, 'penalty_k': 0.29112591864689313, 'scale_lr': 0.10006928674292195}. Best is trial 97 with value: 0.3587390516054769.
checkpoint_e22 window_influence: 0.46677667947550194, penalty_k: 0.09524565639511584, scale_lr: 0.33608396908436566, EAO: 0.315
Trial 708 finished with value: 0.3146853980967043 and parameters: {'window_influence': 0.46677667947550194, 'penalty_k': 0.09524565639511584, 'scale_lr': 0.33608396908436566}. Best is trial 97 with value: 0.3587390516054769.
checkpoint_e22 window_influence: 0.49911797412466335, penalty_k: 0.19634402131521528, scale_lr: 0.29492579389434020, EAO: 0.319
Trial 709 finished with value: 0.3193568818068226 and parameters: {'window_influence': 0.49911797412466335, 'penalty_k': 0.19634402131521528, 'scale_lr': 0.2949257938943402}. Best is trial 97 with value: 0.3587390516054769.
checkpoint_e22 window_influence: 0.45380437522326639, penalty_k: 0.51275868468923136, scale_lr: 0.36392468715359610, EAO: 0.287
Trial 710 finished with value: 0.287201247036689 and parameters: {'window_influence': 0.4538043752232664, 'penalty_k': 0.5127586846892314, 'scale_lr': 0.3639246871535961}. Best is trial 97 with value: 0.3587390516054769.
checkpoint_e22 window_influence: 0.47995099474101022, penalty_k: 0.59879412238791929, scale_lr: 0.38280495598965225, EAO: 0.274
Trial 711 finished with value: 0.27439127711702416 and parameters: {'window_influence': 0.4799509947410102, 'penalty_k': 0.5987941223879193, 'scale_lr': 0.38280495598965225}. Best is trial 97 with value: 0.3587390516054769.
checkpoint_e22 window_influence: 0.30731989134132159, penalty_k: 0.15487212618107593, scale_lr: 0.47502689859082248, EAO: 0.289
Trial 712 finished with value: 0.2888727707621652 and parameters: {'window_influence': 0.3073198913413216, 'penalty_k': 0.15487212618107593, 'scale_lr': 0.4750268985908225}. Best is trial 97 with value: 0.3587390516054769.
checkpoint_e22 window_influence: 0.22761862454410273, penalty_k: 0.04004261757327403, scale_lr: 0.30499073914241254, EAO: 0.280
Trial 713 finished with value: 0.27988859773377966 and parameters: {'window_influence': 0.22761862454410273, 'penalty_k': 0.04004261757327403, 'scale_lr': 0.30499073914241254}. Best is trial 97 with value: 0.3587390516054769.
checkpoint_e22 window_influence: 0.44002859778574932, penalty_k: 0.50322527423411623, scale_lr: 0.53384109953620784, EAO: 0.295
Trial 714 finished with value: 0.29523345857046923 and parameters: {'window_influence': 0.4400285977857493, 'penalty_k': 0.5032252742341162, 'scale_lr': 0.5338410995362078}. Best is trial 97 with value: 0.3587390516054769.
checkpoint_e22 window_influence: 0.63502942274289065, penalty_k: 0.10277985884362233, scale_lr: 0.34513045273390131, EAO: 0.235
Trial 715 finished with value: 0.23491597117616972 and parameters: {'window_influence': 0.6350294227428906, 'penalty_k': 0.10277985884362233, 'scale_lr': 0.3451304527339013}. Best is trial 97 with value: 0.3587390516054769.
checkpoint_e22 window_influence: 0.61481762196572154, penalty_k: 0.05328311910730804, scale_lr: 0.64980559965683704, EAO: 0.247
Trial 716 finished with value: 0.24676150257485385 and parameters: {'window_influence': 0.6148176219657215, 'penalty_k': 0.05328311910730804, 'scale_lr': 0.649805599656837}. Best is trial 97 with value: 0.3587390516054769.
checkpoint_e22 window_influence: 0.32203716566152896, penalty_k: 0.08028152407143778, scale_lr: 0.60267038582924171, EAO: 0.309
Trial 717 finished with value: 0.3086273731656575 and parameters: {'window_influence': 0.32203716566152896, 'penalty_k': 0.08028152407143778, 'scale_lr': 0.6026703858292417}. Best is trial 97 with value: 0.3587390516054769.
checkpoint_e22 window_influence: 0.47258705021589209, penalty_k: 0.11724395908558721, scale_lr: 0.43946582285462749, EAO: 0.310
Trial 718 finished with value: 0.3096626349924139 and parameters: {'window_influence': 0.4725870502158921, 'penalty_k': 0.11724395908558721, 'scale_lr': 0.4394658228546275}. Best is trial 97 with value: 0.3587390516054769.
checkpoint_e22 window_influence: 0.45939775926027115, penalty_k: 0.13185922077470497, scale_lr: 0.42270807129769089, EAO: 0.323
Trial 719 finished with value: 0.32309229016767865 and parameters: {'window_influence': 0.45939775926027115, 'penalty_k': 0.13185922077470497, 'scale_lr': 0.4227080712976909}. Best is trial 97 with value: 0.3587390516054769.
checkpoint_e22 window_influence: 0.24003362992669874, penalty_k: 0.22962847535765660, scale_lr: 0.61919274421191572, EAO: 0.278
Trial 720 finished with value: 0.27766221303652233 and parameters: {'window_influence': 0.24003362992669874, 'penalty_k': 0.2296284753576566, 'scale_lr': 0.6191927442119157}. Best is trial 97 with value: 0.3587390516054769.
checkpoint_e22 window_influence: 0.07707683217373001, penalty_k: 0.10874186467681736, scale_lr: 0.27774695908785990, EAO: 0.250
Trial 721 finished with value: 0.25013662277492565 and parameters: {'window_influence': 0.07707683217373001, 'penalty_k': 0.10874186467681736, 'scale_lr': 0.2777469590878599}. Best is trial 97 with value: 0.3587390516054769.
checkpoint_e22 window_influence: 0.15097010448872059, penalty_k: 0.07287845126401091, scale_lr: 0.33357792085899474, EAO: 0.254
Trial 722 finished with value: 0.25439676810563305 and parameters: {'window_influence': 0.15097010448872059, 'penalty_k': 0.07287845126401091, 'scale_lr': 0.33357792085899474}. Best is trial 97 with value: 0.3587390516054769.
checkpoint_e22 window_influence: 0.15827943056669419, penalty_k: 0.24587152034132959, scale_lr: 0.55438344904003400, EAO: 0.263
Trial 723 finished with value: 0.2625309419075339 and parameters: {'window_influence': 0.1582794305666942, 'penalty_k': 0.24587152034132959, 'scale_lr': 0.554383449040034}. Best is trial 97 with value: 0.3587390516054769.
checkpoint_e22 window_influence: 0.49355573147397203, penalty_k: 0.09213097398819782, scale_lr: 0.75462621233644223, EAO: 0.307
Trial 724 finished with value: 0.306962083749734 and parameters: {'window_influence': 0.493555731473972, 'penalty_k': 0.09213097398819782, 'scale_lr': 0.7546262123364422}. Best is trial 97 with value: 0.3587390516054769.
checkpoint_e22 window_influence: 0.47878705182333908, penalty_k: 0.12487717127182921, scale_lr: 0.40217230154617378, EAO: 0.334
Trial 725 finished with value: 0.33429935122278415 and parameters: {'window_influence': 0.4787870518233391, 'penalty_k': 0.12487717127182921, 'scale_lr': 0.4021723015461738}. Best is trial 97 with value: 0.3587390516054769.
checkpoint_e22 window_influence: 0.17869284970661209, penalty_k: 0.06051327616944746, scale_lr: 0.31624909156373882, EAO: 0.253
Trial 726 finished with value: 0.2529905078939891 and parameters: {'window_influence': 0.1786928497066121, 'penalty_k': 0.06051327616944746, 'scale_lr': 0.3162490915637388}. Best is trial 97 with value: 0.3587390516054769.
checkpoint_e22 window_influence: 0.42161795345446390, penalty_k: 0.33727451371346989, scale_lr: 0.36563717047845079, EAO: 0.309
Trial 727 finished with value: 0.30949845538992826 and parameters: {'window_influence': 0.4216179534544639, 'penalty_k': 0.3372745137134699, 'scale_lr': 0.3656371704784508}. Best is trial 97 with value: 0.3587390516054769.
checkpoint_e22 window_influence: 0.39446401865626191, penalty_k: 0.01077945058579038, scale_lr: 0.23041242539147891, EAO: 0.290
Trial 728 finished with value: 0.2897684561371339 and parameters: {'window_influence': 0.3944640186562619, 'penalty_k': 0.010779450585790384, 'scale_lr': 0.2304124253914789}. Best is trial 97 with value: 0.3587390516054769.
checkpoint_e22 window_influence: 0.64616704003044068, penalty_k: 0.08860256233885661, scale_lr: 0.25735604270806306, EAO: 0.245
Trial 729 finished with value: 0.24482992407412846 and parameters: {'window_influence': 0.6461670400304407, 'penalty_k': 0.0886025623388566, 'scale_lr': 0.25735604270806306}. Best is trial 97 with value: 0.3587390516054769.
checkpoint_e22 window_influence: 0.44506829129807246, penalty_k: 0.10461706209538818, scale_lr: 0.29100931627857818, EAO: 0.327
Trial 730 finished with value: 0.32695867892369224 and parameters: {'window_influence': 0.44506829129807246, 'penalty_k': 0.10461706209538818, 'scale_lr': 0.2910093162785782}. Best is trial 97 with value: 0.3587390516054769.
checkpoint_e22 window_influence: 0.33708682819197244, penalty_k: 0.55352184070429322, scale_lr: 0.12771025833442090, EAO: 0.300
Trial 731 finished with value: 0.2996807056642228 and parameters: {'window_influence': 0.33708682819197244, 'penalty_k': 0.5535218407042932, 'scale_lr': 0.1277102583344209}. Best is trial 97 with value: 0.3587390516054769.
checkpoint_e22 window_influence: 0.51629047227720148, penalty_k: 0.14494406818507777, scale_lr: 0.35058555292998517, EAO: 0.301
Trial 732 finished with value: 0.30128965460140883 and parameters: {'window_influence': 0.5162904722772015, 'penalty_k': 0.14494406818507777, 'scale_lr': 0.35058555292998517}. Best is trial 97 with value: 0.3587390516054769.
checkpoint_e22 window_influence: 0.24400432073617417, penalty_k: 0.11368426188272393, scale_lr: 0.32237441523863114, EAO: 0.293
Trial 733 finished with value: 0.2929521984047463 and parameters: {'window_influence': 0.24400432073617417, 'penalty_k': 0.11368426188272393, 'scale_lr': 0.32237441523863114}. Best is trial 97 with value: 0.3587390516054769.
checkpoint_e22 window_influence: 0.46584821967359707, penalty_k: 0.07851882599223842, scale_lr: 0.38141175715011955, EAO: 0.333
Trial 734 finished with value: 0.33320221119353743 and parameters: {'window_influence': 0.4658482196735971, 'penalty_k': 0.07851882599223842, 'scale_lr': 0.38141175715011955}. Best is trial 97 with value: 0.3587390516054769.
checkpoint_e22 window_influence: 0.54722557105173408, penalty_k: 0.43245608074899189, scale_lr: 0.56909625865699609, EAO: 0.262
Trial 735 finished with value: 0.26199788040688066 and parameters: {'window_influence': 0.5472255710517341, 'penalty_k': 0.4324560807489919, 'scale_lr': 0.5690962586569961}. Best is trial 97 with value: 0.3587390516054769.
checkpoint_e22 window_influence: 0.27939807204979883, penalty_k: 0.18629580909453861, scale_lr: 0.30576756205416822, EAO: 0.286
Trial 736 finished with value: 0.28551328327173386 and parameters: {'window_influence': 0.27939807204979883, 'penalty_k': 0.1862958090945386, 'scale_lr': 0.3057675620541682}. Best is trial 97 with value: 0.3587390516054769.
checkpoint_e22 window_influence: 0.48586280410665172, penalty_k: 0.09331601841060901, scale_lr: 0.50954521734066094, EAO: 0.324
Trial 737 finished with value: 0.32400678011229994 and parameters: {'window_influence': 0.4858628041066517, 'penalty_k': 0.093316018410609, 'scale_lr': 0.5095452173406609}. Best is trial 97 with value: 0.3587390516054769.
checkpoint_e22 window_influence: 0.20764224712580129, penalty_k: 0.12205127263425887, scale_lr: 0.14337246026917244, EAO: 0.299
Trial 738 finished with value: 0.2993116327760748 and parameters: {'window_influence': 0.2076422471258013, 'penalty_k': 0.12205127263425887, 'scale_lr': 0.14337246026917244}. Best is trial 97 with value: 0.3587390516054769.
checkpoint_e22 window_influence: 0.45683795657220272, penalty_k: 0.13784770235869642, scale_lr: 0.16406190832676021, EAO: 0.315
Trial 739 finished with value: 0.3151961196257447 and parameters: {'window_influence': 0.4568379565722027, 'penalty_k': 0.13784770235869642, 'scale_lr': 0.1640619083267602}. Best is trial 97 with value: 0.3587390516054769.
checkpoint_e22 window_influence: 0.62870835025236804, penalty_k: 0.39416163374127772, scale_lr: 0.48792685001918645, EAO: 0.230
Trial 740 finished with value: 0.2297936508627717 and parameters: {'window_influence': 0.628708350252368, 'penalty_k': 0.3941616337412777, 'scale_lr': 0.48792685001918645}. Best is trial 97 with value: 0.3587390516054769.
checkpoint_e22 window_influence: 0.50770132338090168, penalty_k: 0.32188085235538727, scale_lr: 0.27780206142179864, EAO: 0.306
Trial 741 finished with value: 0.305804924046483 and parameters: {'window_influence': 0.5077013233809017, 'penalty_k': 0.32188085235538727, 'scale_lr': 0.27780206142179864}. Best is trial 97 with value: 0.3587390516054769.
checkpoint_e22 window_influence: 0.47119159091483154, penalty_k: 0.40756741096535398, scale_lr: 0.20743800090613052, EAO: 0.315
Trial 742 finished with value: 0.3146910214586481 and parameters: {'window_influence': 0.47119159091483154, 'penalty_k': 0.407567410965354, 'scale_lr': 0.20743800090613052}. Best is trial 97 with value: 0.3587390516054769.
checkpoint_e22 window_influence: 0.43580146577135620, penalty_k: 0.04541955885066624, scale_lr: 0.24847375853526149, EAO: 0.303
Trial 743 finished with value: 0.3026681018246751 and parameters: {'window_influence': 0.4358014657713562, 'penalty_k': 0.04541955885066624, 'scale_lr': 0.2484737585352615}. Best is trial 97 with value: 0.3587390516054769.
checkpoint_e22 window_influence: 0.49899953554881821, penalty_k: 0.35999367696389911, scale_lr: 0.34001796110082250, EAO: 0.285
