Trial 36 finished with value: 0.2406933344755655 and parameters: {'window_influence': 0.6474942362298285, 'penalty_k': 0.004976856880510744, 'scale_lr': 0.2816837795793998}. Best is trial 18 with value: 0.34649084166330124.
checkpoint_e33 window_influence: 0.43871822132113536, penalty_k: 0.05007045741979115, scale_lr: 0.34198994444264214, EAO: 0.327
Trial 37 finished with value: 0.32711063365991944 and parameters: {'window_influence': 0.43871822132113536, 'penalty_k': 0.050070457419791145, 'scale_lr': 0.34198994444264214}. Best is trial 18 with value: 0.34649084166330124.
checkpoint_e33 window_influence: 0.55101040977684357, penalty_k: 0.03289786085402389, scale_lr: 0.28838258965670077, EAO: 0.306
Trial 38 finished with value: 0.3056285369720904 and parameters: {'window_influence': 0.5510104097768436, 'penalty_k': 0.032897860854023894, 'scale_lr': 0.28838258965670077}. Best is trial 18 with value: 0.34649084166330124.
checkpoint_e33 window_influence: 0.38263101247939824, penalty_k: 0.00936564647250768, scale_lr: 0.14944754579228525, EAO: 0.329
Trial 39 finished with value: 0.32926535989060013 and parameters: {'window_influence': 0.38263101247939824, 'penalty_k': 0.009365646472507675, 'scale_lr': 0.14944754579228525}. Best is trial 18 with value: 0.34649084166330124.
checkpoint_e33 window_influence: 0.53256432774494022, penalty_k: 0.05933926663105435, scale_lr: 0.33386530330614222, EAO: 0.314
Trial 40 finished with value: 0.313503761235842 and parameters: {'window_influence': 0.5325643277449402, 'penalty_k': 0.05933926663105435, 'scale_lr': 0.3338653033061422}. Best is trial 18 with value: 0.34649084166330124.
checkpoint_e33 window_influence: 0.48274882473467318, penalty_k: 0.07955459261878237, scale_lr: 0.22754079955381185, EAO: 0.328
Trial 41 finished with value: 0.32809674948569867 and parameters: {'window_influence': 0.4827488247346732, 'penalty_k': 0.07955459261878237, 'scale_lr': 0.22754079955381185}. Best is trial 18 with value: 0.34649084166330124.
checkpoint_e33 window_influence: 0.50115324674743911, penalty_k: 0.10111774652853769, scale_lr: 0.20026902181968378, EAO: 0.344
Trial 42 finished with value: 0.34396676307522367 and parameters: {'window_influence': 0.5011532467474391, 'penalty_k': 0.1011177465285377, 'scale_lr': 0.20026902181968378}. Best is trial 18 with value: 0.34649084166330124.
checkpoint_e33 window_influence: 0.52402971129643383, penalty_k: 0.11782610342008536, scale_lr: 0.14340127249994228, EAO: 0.317
Trial 43 finished with value: 0.31682072185588717 and parameters: {'window_influence': 0.5240297112964338, 'penalty_k': 0.11782610342008536, 'scale_lr': 0.14340127249994228}. Best is trial 18 with value: 0.34649084166330124.
checkpoint_e33 window_influence: 0.44810040166857878, penalty_k: 0.19626609887366414, scale_lr: 0.19016952900468462, EAO: 0.344
Trial 44 finished with value: 0.3443850556004372 and parameters: {'window_influence': 0.4481004016685788, 'penalty_k': 0.19626609887366414, 'scale_lr': 0.19016952900468462}. Best is trial 18 with value: 0.34649084166330124.
checkpoint_e33 window_influence: 0.40670976647750690, penalty_k: 0.20491935984333223, scale_lr: 0.26363651057916576, EAO: 0.303
Trial 45 finished with value: 0.30343463964731315 and parameters: {'window_influence': 0.4067097664775069, 'penalty_k': 0.20491935984333223, 'scale_lr': 0.26363651057916576}. Best is trial 18 with value: 0.34649084166330124.
checkpoint_e33 window_influence: 0.46283891244877740, penalty_k: 0.17793074448809387, scale_lr: 0.20595873960694844, EAO: 0.340
Trial 46 finished with value: 0.3398237128665939 and parameters: {'window_influence': 0.4628389124487774, 'penalty_k': 0.17793074448809387, 'scale_lr': 0.20595873960694844}. Best is trial 18 with value: 0.34649084166330124.
checkpoint_e33 window_influence: 0.45378231410813941, penalty_k: 0.21520849225978697, scale_lr: 0.14853860016820503, EAO: 0.349
Trial 47 finished with value: 0.3486310804864312 and parameters: {'window_influence': 0.4537823141081394, 'penalty_k': 0.21520849225978697, 'scale_lr': 0.14853860016820503}. Best is trial 47 with value: 0.3486310804864312.
checkpoint_e33 window_influence: 0.36696454599722739, penalty_k: 0.22778515658095855, scale_lr: 0.13194285390108312, EAO: 0.342
Trial 48 finished with value: 0.34177685560883253 and parameters: {'window_influence': 0.3669645459972274, 'penalty_k': 0.22778515658095855, 'scale_lr': 0.13194285390108312}. Best is trial 47 with value: 0.3486310804864312.
checkpoint_e33 window_influence: 0.34461986151840035, penalty_k: 0.22818012190380135, scale_lr: 0.12741344599188528, EAO: 0.319
Trial 49 finished with value: 0.3193711971842361 and parameters: {'window_influence': 0.34461986151840035, 'penalty_k': 0.22818012190380135, 'scale_lr': 0.12741344599188528}. Best is trial 47 with value: 0.3486310804864312.
checkpoint_e33 window_influence: 0.36692140280586882, penalty_k: 0.27484748591576169, scale_lr: 0.14436304691717550, EAO: 0.340
Trial 50 finished with value: 0.3398711259263035 and parameters: {'window_influence': 0.3669214028058688, 'penalty_k': 0.2748474859157617, 'scale_lr': 0.1443630469171755}. Best is trial 47 with value: 0.3486310804864312.
checkpoint_e33 window_influence: 0.43717206832098154, penalty_k: 0.21314200102100872, scale_lr: 0.10501888181989061, EAO: 0.315
Trial 51 finished with value: 0.31514332150670804 and parameters: {'window_influence': 0.43717206832098154, 'penalty_k': 0.21314200102100872, 'scale_lr': 0.10501888181989061}. Best is trial 47 with value: 0.3486310804864312.
checkpoint_e33 window_influence: 0.41139605560214415, penalty_k: 0.18286810137607845, scale_lr: 0.19071610197349972, EAO: 0.317
Trial 52 finished with value: 0.31650360537410244 and parameters: {'window_influence': 0.41139605560214415, 'penalty_k': 0.18286810137607845, 'scale_lr': 0.19071610197349972}. Best is trial 47 with value: 0.3486310804864312.
checkpoint_e33 window_influence: 0.44777473243751015, penalty_k: 0.20350339606532974, scale_lr: 0.15471625370851935, EAO: 0.347
Trial 53 finished with value: 0.3469010206511976 and parameters: {'window_influence': 0.44777473243751015, 'penalty_k': 0.20350339606532974, 'scale_lr': 0.15471625370851935}. Best is trial 47 with value: 0.3486310804864312.
checkpoint_e33 window_influence: 0.37729363384502163, penalty_k: 0.20973118008930372, scale_lr: 0.12346827420543112, EAO: 0.318
Trial 54 finished with value: 0.3181011355572637 and parameters: {'window_influence': 0.3772936338450216, 'penalty_k': 0.20973118008930372, 'scale_lr': 0.12346827420543112}. Best is trial 47 with value: 0.3486310804864312.
checkpoint_e33 window_influence: 0.44978061509401013, penalty_k: 0.24652858635493013, scale_lr: 0.15804601363684745, EAO: 0.330
Trial 55 finished with value: 0.330494011596483 and parameters: {'window_influence': 0.4497806150940101, 'penalty_k': 0.24652858635493013, 'scale_lr': 0.15804601363684745}. Best is trial 47 with value: 0.3486310804864312.
checkpoint_e33 window_influence: 0.44470885898900536, penalty_k: 0.26951158968806976, scale_lr: 0.12923167571800981, EAO: 0.323
Trial 56 finished with value: 0.3227681387723188 and parameters: {'window_influence': 0.44470885898900536, 'penalty_k': 0.26951158968806976, 'scale_lr': 0.1292316757180098}. Best is trial 47 with value: 0.3486310804864312.
checkpoint_e33 window_influence: 0.31681626258303508, penalty_k: 0.22856276818360663, scale_lr: 0.20158279768579096, EAO: 0.301
Trial 57 finished with value: 0.30058775749419914 and parameters: {'window_influence': 0.3168162625830351, 'penalty_k': 0.22856276818360663, 'scale_lr': 0.20158279768579096}. Best is trial 47 with value: 0.3486310804864312.
checkpoint_e33 window_influence: 0.42210417120587201, penalty_k: 0.31522376216252623, scale_lr: 0.10019431654045585, EAO: 0.321
Trial 58 finished with value: 0.320958650007786 and parameters: {'window_influence': 0.422104171205872, 'penalty_k': 0.31522376216252623, 'scale_lr': 0.10019431654045585}. Best is trial 47 with value: 0.3486310804864312.
checkpoint_e33 window_influence: 0.40160051491157400, penalty_k: 0.19406075222856123, scale_lr: 0.24518747740895505, EAO: 0.328
Trial 59 finished with value: 0.3279954778313173 and parameters: {'window_influence': 0.401600514911574, 'penalty_k': 0.19406075222856123, 'scale_lr': 0.24518747740895505}. Best is trial 47 with value: 0.3486310804864312.
checkpoint_e33 window_influence: 0.45602066784926376, penalty_k: 0.34002209252194437, scale_lr: 0.18438170849899982, EAO: 0.346
Trial 60 finished with value: 0.3463363831841064 and parameters: {'window_influence': 0.45602066784926376, 'penalty_k': 0.3400220925219444, 'scale_lr': 0.18438170849899982}. Best is trial 47 with value: 0.3486310804864312.
checkpoint_e33 window_influence: 0.45987190392869359, penalty_k: 0.34669144540102387, scale_lr: 0.17443340965340720, EAO: 0.335
Trial 61 finished with value: 0.33464073746352807 and parameters: {'window_influence': 0.4598719039286936, 'penalty_k': 0.34669144540102387, 'scale_lr': 0.1744334096534072}. Best is trial 47 with value: 0.3486310804864312.
checkpoint_e33 window_influence: 0.42810836323758628, penalty_k: 0.15958039003056662, scale_lr: 0.15497996705351846, EAO: 0.332
Trial 62 finished with value: 0.3324660637383331 and parameters: {'window_influence': 0.4281083632375863, 'penalty_k': 0.15958039003056662, 'scale_lr': 0.15497996705351846}. Best is trial 47 with value: 0.3486310804864312.
checkpoint_e33 window_influence: 0.39131946766748249, penalty_k: 0.29454914355066542, scale_lr: 0.20821578688808279, EAO: 0.326
Trial 63 finished with value: 0.32550112734972736 and parameters: {'window_influence': 0.3913194676674825, 'penalty_k': 0.2945491435506654, 'scale_lr': 0.2082157868880828}. Best is trial 47 with value: 0.3486310804864312.
checkpoint_e33 window_influence: 0.47666855904091432, penalty_k: 0.24716617918852801, scale_lr: 0.18900007271988914, EAO: 0.344
Trial 64 finished with value: 0.34429661100476633 and parameters: {'window_influence': 0.4766685590409143, 'penalty_k': 0.247166179188528, 'scale_lr': 0.18900007271988914}. Best is trial 47 with value: 0.3486310804864312.
checkpoint_e33 window_influence: 0.47197545720984946, penalty_k: 0.25684310018595624, scale_lr: 0.22528547292699469, EAO: 0.328
Trial 65 finished with value: 0.32846388145411526 and parameters: {'window_influence': 0.47197545720984946, 'penalty_k': 0.25684310018595624, 'scale_lr': 0.2252854729269947}. Best is trial 47 with value: 0.3486310804864312.
checkpoint_e33 window_influence: 0.51019144578870457, penalty_k: 0.28532920813051321, scale_lr: 0.18098989191868714, EAO: 0.304
Trial 66 finished with value: 0.30414458222194407 and parameters: {'window_influence': 0.5101914457887046, 'penalty_k': 0.2853292081305132, 'scale_lr': 0.18098989191868714}. Best is trial 47 with value: 0.3486310804864312.
checkpoint_e33 window_influence: 0.45213600751199318, penalty_k: 0.31096208611765286, scale_lr: 0.25280364189913618, EAO: 0.336
Trial 67 finished with value: 0.33640384256607825 and parameters: {'window_influence': 0.4521360075119932, 'penalty_k': 0.31096208611765286, 'scale_lr': 0.2528036418991362}. Best is trial 47 with value: 0.3486310804864312.
checkpoint_e33 window_influence: 0.47866350961346799, penalty_k: 0.25198035338252750, scale_lr: 0.18914069440548009, EAO: 0.332
Trial 68 finished with value: 0.33160083517722116 and parameters: {'window_influence': 0.478663509613468, 'penalty_k': 0.2519803533825275, 'scale_lr': 0.1891406944054801}. Best is trial 47 with value: 0.3486310804864312.
checkpoint_e33 window_influence: 0.52154287374805508, penalty_k: 0.33317244409314944, scale_lr: 0.23030704763166107, EAO: 0.294
Trial 69 finished with value: 0.2941020817028409 and parameters: {'window_influence': 0.5215428737480551, 'penalty_k': 0.33317244409314944, 'scale_lr': 0.23030704763166107}. Best is trial 47 with value: 0.3486310804864312.
checkpoint_e33 window_influence: 0.43184879738056375, penalty_k: 0.16856467370477674, scale_lr: 0.16015745375943621, EAO: 0.335
Trial 70 finished with value: 0.33462118569051247 and parameters: {'window_influence': 0.43184879738056375, 'penalty_k': 0.16856467370477674, 'scale_lr': 0.1601574537594362}. Best is trial 47 with value: 0.3486310804864312.
checkpoint_e33 window_influence: 0.45888487185526972, penalty_k: 0.22304852546378362, scale_lr: 0.12576690165073104, EAO: 0.343
Trial 71 finished with value: 0.34340746057172694 and parameters: {'window_influence': 0.4588848718552697, 'penalty_k': 0.22304852546378362, 'scale_lr': 0.12576690165073104}. Best is trial 47 with value: 0.3486310804864312.
checkpoint_e33 window_influence: 0.47620325657935919, penalty_k: 0.23775503080028376, scale_lr: 0.11749659622979969, EAO: 0.337
Trial 72 finished with value: 0.3374596903760146 and parameters: {'window_influence': 0.4762032565793592, 'penalty_k': 0.23775503080028376, 'scale_lr': 0.11749659622979969}. Best is trial 47 with value: 0.3486310804864312.
checkpoint_e33 window_influence: 0.49927996102476024, penalty_k: 0.21434649658567712, scale_lr: 0.21118229421921647, EAO: 0.324
Trial 73 finished with value: 0.32430288653661304 and parameters: {'window_influence': 0.49927996102476024, 'penalty_k': 0.21434649658567712, 'scale_lr': 0.21118229421921647}. Best is trial 47 with value: 0.3486310804864312.
checkpoint_e33 window_influence: 0.45449206625152133, penalty_k: 0.26322674590951034, scale_lr: 0.14316728654575422, EAO: 0.332
Trial 74 finished with value: 0.3321801748721052 and parameters: {'window_influence': 0.45449206625152133, 'penalty_k': 0.26322674590951034, 'scale_lr': 0.14316728654575422}. Best is trial 47 with value: 0.3486310804864312.
checkpoint_e33 window_influence: 0.41541590923251731, penalty_k: 0.19831705130295271, scale_lr: 0.17459850466429516, EAO: 0.319
Trial 75 finished with value: 0.3192972067149233 and parameters: {'window_influence': 0.4154159092325173, 'penalty_k': 0.1983170513029527, 'scale_lr': 0.17459850466429516}. Best is trial 47 with value: 0.3486310804864312.
checkpoint_e33 window_influence: 0.44207341002586686, penalty_k: 0.28422929177104034, scale_lr: 0.19293495483943146, EAO: 0.343
Trial 76 finished with value: 0.3429112774156875 and parameters: {'window_influence': 0.44207341002586686, 'penalty_k': 0.28422929177104034, 'scale_lr': 0.19293495483943146}. Best is trial 47 with value: 0.3486310804864312.
checkpoint_e33 window_influence: 0.48330171157584378, penalty_k: 0.18239933842944214, scale_lr: 0.23794156143072936, EAO: 0.340
Trial 77 finished with value: 0.3404641541061698 and parameters: {'window_influence': 0.4833017115758438, 'penalty_k': 0.18239933842944214, 'scale_lr': 0.23794156143072936}. Best is trial 47 with value: 0.3486310804864312.
checkpoint_e33 window_influence: 0.49807670567474088, penalty_k: 0.24231201556717560, scale_lr: 0.15978311093999109, EAO: 0.322
Trial 78 finished with value: 0.3224180557036678 and parameters: {'window_influence': 0.4980767056747409, 'penalty_k': 0.2423120155671756, 'scale_lr': 0.1597831109399911}. Best is trial 47 with value: 0.3486310804864312.
checkpoint_e33 window_influence: 0.46594760547083330, penalty_k: 0.15307912758497072, scale_lr: 0.21983869501582676, EAO: 0.342
Trial 79 finished with value: 0.34223664966538725 and parameters: {'window_influence': 0.4659476054708333, 'penalty_k': 0.15307912758497072, 'scale_lr': 0.21983869501582676}. Best is trial 47 with value: 0.3486310804864312.
checkpoint_e33 window_influence: 0.42777685242683733, penalty_k: 0.21884521340300517, scale_lr: 0.11190853266909771, EAO: 0.324
Trial 80 finished with value: 0.32353930934857766 and parameters: {'window_influence': 0.42777685242683733, 'penalty_k': 0.21884521340300517, 'scale_lr': 0.11190853266909771}. Best is trial 47 with value: 0.3486310804864312.
checkpoint_e33 window_influence: 0.44853388199396427, penalty_k: 0.28184702768147174, scale_lr: 0.19174807089596077, EAO: 0.327
Trial 81 finished with value: 0.3268058215945611 and parameters: {'window_influence': 0.44853388199396427, 'penalty_k': 0.28184702768147174, 'scale_lr': 0.19174807089596077}. Best is trial 47 with value: 0.3486310804864312.
checkpoint_e33 window_influence: 0.44441694216769273, penalty_k: 0.26217924075118221, scale_lr: 0.17052104254578712, EAO: 0.350
Trial 82 finished with value: 0.34982893671043186 and parameters: {'window_influence': 0.44441694216769273, 'penalty_k': 0.2621792407511822, 'scale_lr': 0.17052104254578712}. Best is trial 82 with value: 0.34982893671043186.
checkpoint_e33 window_influence: 0.40427858688268542, penalty_k: 0.25962966897678375, scale_lr: 0.13733936295816815, EAO: 0.321
Trial 83 finished with value: 0.3207647028716158 and parameters: {'window_influence': 0.4042785868826854, 'penalty_k': 0.25962966897678375, 'scale_lr': 0.13733936295816815}. Best is trial 82 with value: 0.34982893671043186.
checkpoint_e33 window_influence: 0.47931046627869045, penalty_k: 0.23987466763982768, scale_lr: 0.17168902444696238, EAO: 0.336
Trial 84 finished with value: 0.33581854084122503 and parameters: {'window_influence': 0.47931046627869045, 'penalty_k': 0.23987466763982768, 'scale_lr': 0.17168902444696238}. Best is trial 82 with value: 0.34982893671043186.
checkpoint_e33 window_influence: 0.50275635792803597, penalty_k: 0.29471258615409296, scale_lr: 0.14756203700214626, EAO: 0.319
Trial 85 finished with value: 0.31909107350189864 and parameters: {'window_influence': 0.502756357928036, 'penalty_k': 0.29471258615409296, 'scale_lr': 0.14756203700214626}. Best is trial 82 with value: 0.34982893671043186.
checkpoint_e33 window_influence: 0.46184770774412925, penalty_k: 0.19990463379350992, scale_lr: 0.21371666214679547, EAO: 0.321
Trial 86 finished with value: 0.32093580565795826 and parameters: {'window_influence': 0.46184770774412925, 'penalty_k': 0.19990463379350992, 'scale_lr': 0.21371666214679547}. Best is trial 82 with value: 0.34982893671043186.
checkpoint_e33 window_influence: 0.52763663694796070, penalty_k: 0.26634501231409013, scale_lr: 0.12444696599682806, EAO: 0.307
Trial 87 finished with value: 0.306525635406201 and parameters: {'window_influence': 0.5276366369479607, 'penalty_k': 0.26634501231409013, 'scale_lr': 0.12444696599682806}. Best is trial 82 with value: 0.34982893671043186.
checkpoint_e33 window_influence: 0.43585941789363503, penalty_k: 0.21404861594991997, scale_lr: 0.16114130667693838, EAO: 0.336
Trial 88 finished with value: 0.3360491275555429 and parameters: {'window_influence': 0.435859417893635, 'penalty_k': 0.21404861594991997, 'scale_lr': 0.16114130667693838}. Best is trial 82 with value: 0.34982893671043186.
checkpoint_e33 window_influence: 0.42222501113400734, penalty_k: 0.23586958391944829, scale_lr: 0.18522457251493643, EAO: 0.339
Trial 89 finished with value: 0.3393348145809619 and parameters: {'window_influence': 0.42222501113400734, 'penalty_k': 0.2358695839194483, 'scale_lr': 0.18522457251493643}. Best is trial 82 with value: 0.34982893671043186.
checkpoint_e33 window_influence: 0.51177589913414057, penalty_k: 0.13268579427256436, scale_lr: 0.25708549259528146, EAO: 0.324
Trial 90 finished with value: 0.32365042672778843 and parameters: {'window_influence': 0.5117758991341406, 'penalty_k': 0.13268579427256436, 'scale_lr': 0.25708549259528146}. Best is trial 82 with value: 0.34982893671043186.
checkpoint_e33 window_influence: 0.44346844071202624, penalty_k: 0.28514600375376103, scale_lr: 0.20025705129673566, EAO: 0.340
Trial 91 finished with value: 0.34021714410893183 and parameters: {'window_influence': 0.44346844071202624, 'penalty_k': 0.28514600375376103, 'scale_lr': 0.20025705129673566}. Best is trial 82 with value: 0.34982893671043186.
checkpoint_e33 window_influence: 0.48774034617058465, penalty_k: 0.27300789834716438, scale_lr: 0.17895245107901736, EAO: 0.310
Trial 92 finished with value: 0.3097718770285989 and parameters: {'window_influence': 0.48774034617058465, 'penalty_k': 0.2730078983471644, 'scale_lr': 0.17895245107901736}. Best is trial 82 with value: 0.34982893671043186.
checkpoint_e33 window_influence: 0.45609067664565800, penalty_k: 0.30034635233186702, scale_lr: 0.13687147272495054, EAO: 0.342
Trial 93 finished with value: 0.34173569558659417 and parameters: {'window_influence': 0.456090676645658, 'penalty_k': 0.300346352331867, 'scale_lr': 0.13687147272495054}. Best is trial 82 with value: 0.34982893671043186.
checkpoint_e33 window_influence: 0.39468815123361251, penalty_k: 0.22291039149991240, scale_lr: 0.19930244145037262, EAO: 0.321
Trial 94 finished with value: 0.32114034009814724 and parameters: {'window_influence': 0.3946881512336125, 'penalty_k': 0.2229103914999124, 'scale_lr': 0.19930244145037262}. Best is trial 82 with value: 0.34982893671043186.
checkpoint_e33 window_influence: 0.42023190720734638, penalty_k: 0.24925619664115825, scale_lr: 0.23924375069146162, EAO: 0.342
Trial 95 finished with value: 0.3420308258978773 and parameters: {'window_influence': 0.4202319072073464, 'penalty_k': 0.24925619664115825, 'scale_lr': 0.23924375069146162}. Best is trial 82 with value: 0.34982893671043186.
checkpoint_e33 window_influence: 0.43708989186939018, penalty_k: 0.32842191908559260, scale_lr: 0.11692688982354710, EAO: 0.318
Trial 96 finished with value: 0.3177366261352361 and parameters: {'window_influence': 0.4370898918693902, 'penalty_k': 0.3284219190855926, 'scale_lr': 0.1169268898235471}. Best is trial 82 with value: 0.34982893671043186.
checkpoint_e33 window_influence: 0.46736988072207536, penalty_k: 0.18898802515008326, scale_lr: 0.15222466496892206, EAO: 0.342
Trial 97 finished with value: 0.3424743827910739 and parameters: {'window_influence': 0.46736988072207536, 'penalty_k': 0.18898802515008326, 'scale_lr': 0.15222466496892206}. Best is trial 82 with value: 0.34982893671043186.
checkpoint_e33 window_influence: 0.41020908318372684, penalty_k: 0.20554488317769168, scale_lr: 0.21857894312613996, EAO: 0.327
