Trial 800 finished with value: 0.2199923328852375 and parameters: {'window_influence': 0.6391115780580698, 'penalty_k': 0.5203720644990619, 'scale_lr': 0.3326445316176616}. Best is trial 386 with value: 0.35297253809086543.
checkpoint_e18 window_influence: 0.46333155923669200, penalty_k: 0.11593357970512387, scale_lr: 0.40210404072297912, EAO: 0.339
Trial 801 finished with value: 0.3393599822363501 and parameters: {'window_influence': 0.463331559236692, 'penalty_k': 0.11593357970512387, 'scale_lr': 0.4021040407229791}. Best is trial 386 with value: 0.35297253809086543.
checkpoint_e18 window_influence: 0.48138263749851401, penalty_k: 0.11508748830236967, scale_lr: 0.39009404122705255, EAO: 0.321
Trial 802 finished with value: 0.32095962594687244 and parameters: {'window_influence': 0.481382637498514, 'penalty_k': 0.11508748830236967, 'scale_lr': 0.39009404122705255}. Best is trial 386 with value: 0.35297253809086543.
checkpoint_e18 window_influence: 0.46787966921075036, penalty_k: 0.13041861695448226, scale_lr: 0.40166455198162199, EAO: 0.338
Trial 803 finished with value: 0.3379037382537753 and parameters: {'window_influence': 0.46787966921075036, 'penalty_k': 0.13041861695448226, 'scale_lr': 0.401664551981622}. Best is trial 386 with value: 0.35297253809086543.
checkpoint_e18 window_influence: 0.22896756033154386, penalty_k: 0.13045172807266334, scale_lr: 0.41440592342836036, EAO: 0.274
Trial 804 finished with value: 0.2735997164759654 and parameters: {'window_influence': 0.22896756033154386, 'penalty_k': 0.13045172807266334, 'scale_lr': 0.41440592342836036}. Best is trial 386 with value: 0.35297253809086543.
checkpoint_e18 window_influence: 0.49706898836956376, penalty_k: 0.12407356475762510, scale_lr: 0.40069240251849558, EAO: 0.316
Trial 805 finished with value: 0.31586048876728995 and parameters: {'window_influence': 0.49706898836956376, 'penalty_k': 0.1240735647576251, 'scale_lr': 0.4006924025184956}. Best is trial 386 with value: 0.35297253809086543.
checkpoint_e18 window_influence: 0.23990405194961426, penalty_k: 0.13846365268230937, scale_lr: 0.40901239004796147, EAO: 0.289
Trial 806 finished with value: 0.28941187558239073 and parameters: {'window_influence': 0.23990405194961426, 'penalty_k': 0.13846365268230937, 'scale_lr': 0.40901239004796147}. Best is trial 386 with value: 0.35297253809086543.
checkpoint_e18 window_influence: 0.47134140535856978, penalty_k: 0.10529891646696514, scale_lr: 0.39111535145537979, EAO: 0.342
Trial 807 finished with value: 0.342194585368791 and parameters: {'window_influence': 0.4713414053585698, 'penalty_k': 0.10529891646696514, 'scale_lr': 0.3911153514553798}. Best is trial 386 with value: 0.35297253809086543.
checkpoint_e18 window_influence: 0.47661856100707511, penalty_k: 0.10737017471216687, scale_lr: 0.36978592985607700, EAO: 0.327
Trial 808 finished with value: 0.3272012769596122 and parameters: {'window_influence': 0.4766185610070751, 'penalty_k': 0.10737017471216687, 'scale_lr': 0.369785929856077}. Best is trial 386 with value: 0.35297253809086543.
checkpoint_e18 window_influence: 0.50883774401431259, penalty_k: 0.09659014075831565, scale_lr: 0.42287261484226035, EAO: 0.326
Trial 809 finished with value: 0.32587313425912 and parameters: {'window_influence': 0.5088377440143126, 'penalty_k': 0.09659014075831565, 'scale_lr': 0.42287261484226035}. Best is trial 386 with value: 0.35297253809086543.
checkpoint_e18 window_influence: 0.48275579144231023, penalty_k: 0.11261117945569292, scale_lr: 0.43403141879361135, EAO: 0.344
Trial 810 finished with value: 0.344125954673448 and parameters: {'window_influence': 0.48275579144231023, 'penalty_k': 0.11261117945569292, 'scale_lr': 0.43403141879361135}. Best is trial 386 with value: 0.35297253809086543.
checkpoint_e18 window_influence: 0.49179985225169753, penalty_k: 0.11170115282167531, scale_lr: 0.43168058346158666, EAO: 0.328
Trial 811 finished with value: 0.32793450488886483 and parameters: {'window_influence': 0.49179985225169753, 'penalty_k': 0.11170115282167531, 'scale_lr': 0.43168058346158666}. Best is trial 386 with value: 0.35297253809086543.
checkpoint_e18 window_influence: 0.30617186573906119, penalty_k: 0.08263115251416284, scale_lr: 0.41008118696214341, EAO: 0.304
Trial 812 finished with value: 0.3040430929642243 and parameters: {'window_influence': 0.3061718657390612, 'penalty_k': 0.08263115251416284, 'scale_lr': 0.4100811869621434}. Best is trial 386 with value: 0.35297253809086543.
checkpoint_e18 window_influence: 0.48471517798270741, penalty_k: 0.10421762093071006, scale_lr: 0.42408244674330958, EAO: 0.335
Trial 813 finished with value: 0.33487139068225014 and parameters: {'window_influence': 0.4847151779827074, 'penalty_k': 0.10421762093071006, 'scale_lr': 0.4240824467433096}. Best is trial 386 with value: 0.35297253809086543.
checkpoint_e18 window_influence: 0.26279198256183567, penalty_k: 0.11574196489875334, scale_lr: 0.44552022391781820, EAO: 0.295
Trial 814 finished with value: 0.2952839697381402 and parameters: {'window_influence': 0.26279198256183567, 'penalty_k': 0.11574196489875334, 'scale_lr': 0.4455202239178182}. Best is trial 386 with value: 0.35297253809086543.
checkpoint_e18 window_influence: 0.50146594334878436, penalty_k: 0.09048845190038757, scale_lr: 0.37794600305222653, EAO: 0.310
Trial 815 finished with value: 0.3098053957701657 and parameters: {'window_influence': 0.5014659433487844, 'penalty_k': 0.09048845190038757, 'scale_lr': 0.37794600305222653}. Best is trial 386 with value: 0.35297253809086543.
checkpoint_e18 window_influence: 0.53290910614912068, penalty_k: 0.11764277031040163, scale_lr: 0.38873511701267116, EAO: 0.279
Trial 816 finished with value: 0.27901448610923635 and parameters: {'window_influence': 0.5329091061491207, 'penalty_k': 0.11764277031040163, 'scale_lr': 0.38873511701267116}. Best is trial 386 with value: 0.35297253809086543.
checkpoint_e18 window_influence: 0.22971241766591977, penalty_k: 0.07641887213312840, scale_lr: 0.16106429714863973, EAO: 0.287
Trial 817 finished with value: 0.28726112703405 and parameters: {'window_influence': 0.22971241766591977, 'penalty_k': 0.0764188721331284, 'scale_lr': 0.16106429714863973}. Best is trial 386 with value: 0.35297253809086543.
checkpoint_e18 window_influence: 0.48274007134747382, penalty_k: 0.09796048950029826, scale_lr: 0.42741633106406735, EAO: 0.312
Trial 818 finished with value: 0.3115152709678917 and parameters: {'window_influence': 0.4827400713474738, 'penalty_k': 0.09796048950029826, 'scale_lr': 0.42741633106406735}. Best is trial 386 with value: 0.35297253809086543.
checkpoint_e18 window_influence: 0.52147868635226413, penalty_k: 0.10592406040707139, scale_lr: 0.39507917394254033, EAO: 0.294
Trial 819 finished with value: 0.29370564923907994 and parameters: {'window_influence': 0.5214786863522641, 'penalty_k': 0.10592406040707139, 'scale_lr': 0.39507917394254033}. Best is trial 386 with value: 0.35297253809086543.
checkpoint_e18 window_influence: 0.49326744190480948, penalty_k: 0.12331862594969481, scale_lr: 0.44559639999794093, EAO: 0.320
Trial 820 finished with value: 0.3196720351041059 and parameters: {'window_influence': 0.4932674419048095, 'penalty_k': 0.12331862594969481, 'scale_lr': 0.44559639999794093}. Best is trial 386 with value: 0.35297253809086543.
checkpoint_e18 window_influence: 0.57911861981718338, penalty_k: 0.06517372445419091, scale_lr: 0.41408586044420237, EAO: 0.258
Trial 821 finished with value: 0.25773494681959486 and parameters: {'window_influence': 0.5791186198171834, 'penalty_k': 0.06517372445419091, 'scale_lr': 0.41408586044420237}. Best is trial 386 with value: 0.35297253809086543.
checkpoint_e18 window_influence: 0.47198430055580953, penalty_k: 0.08774925850124655, scale_lr: 0.45450492203873039, EAO: 0.320
Trial 822 finished with value: 0.32049577413597924 and parameters: {'window_influence': 0.47198430055580953, 'penalty_k': 0.08774925850124655, 'scale_lr': 0.4545049220387304}. Best is trial 386 with value: 0.35297253809086543.
checkpoint_e18 window_influence: 0.47917614498054434, penalty_k: 0.11548026077484813, scale_lr: 0.43833750648242154, EAO: 0.329
Trial 823 finished with value: 0.3288488631582446 and parameters: {'window_influence': 0.47917614498054434, 'penalty_k': 0.11548026077484813, 'scale_lr': 0.43833750648242154}. Best is trial 386 with value: 0.35297253809086543.
checkpoint_e18 window_influence: 0.35762866631772805, penalty_k: 0.10205346213341943, scale_lr: 0.54669635446154274, EAO: 0.319
Trial 824 finished with value: 0.31874978403173065 and parameters: {'window_influence': 0.35762866631772805, 'penalty_k': 0.10205346213341943, 'scale_lr': 0.5466963544615427}. Best is trial 386 with value: 0.35297253809086543.
checkpoint_e18 window_influence: 0.50599393781392843, penalty_k: 0.13742316561884521, scale_lr: 0.39541220148488765, EAO: 0.313
Trial 825 finished with value: 0.3133267214094155 and parameters: {'window_influence': 0.5059939378139284, 'penalty_k': 0.1374231656188452, 'scale_lr': 0.39541220148488765}. Best is trial 386 with value: 0.35297253809086543.
checkpoint_e18 window_influence: 0.47005953208291174, penalty_k: 0.08067399685264172, scale_lr: 0.43002813000728091, EAO: 0.323
Trial 826 finished with value: 0.3231272513068604 and parameters: {'window_influence': 0.47005953208291174, 'penalty_k': 0.08067399685264172, 'scale_lr': 0.4300281300072809}. Best is trial 386 with value: 0.35297253809086543.
checkpoint_e18 window_influence: 0.49030741224828467, penalty_k: 0.12357227974068843, scale_lr: 0.46052789387466048, EAO: 0.316
Trial 827 finished with value: 0.3157791992221825 and parameters: {'window_influence': 0.49030741224828467, 'penalty_k': 0.12357227974068843, 'scale_lr': 0.4605278938746605}. Best is trial 386 with value: 0.35297253809086543.
checkpoint_e18 window_influence: 0.46485814406239218, penalty_k: 0.14547908783123997, scale_lr: 0.60940042839824937, EAO: 0.326
Trial 828 finished with value: 0.3264178744433919 and parameters: {'window_influence': 0.4648581440623922, 'penalty_k': 0.14547908783123997, 'scale_lr': 0.6094004283982494}. Best is trial 386 with value: 0.35297253809086543.
checkpoint_e18 window_influence: 0.48124550418756146, penalty_k: 0.09630874396624327, scale_lr: 0.36933322162850596, EAO: 0.326
Trial 829 finished with value: 0.3259369486268856 and parameters: {'window_influence': 0.48124550418756146, 'penalty_k': 0.09630874396624327, 'scale_lr': 0.36933322162850596}. Best is trial 386 with value: 0.35297253809086543.
checkpoint_e18 window_influence: 0.46232043491709335, penalty_k: 0.11148752813632229, scale_lr: 0.40627073013685638, EAO: 0.327
Trial 830 finished with value: 0.32745178843982486 and parameters: {'window_influence': 0.46232043491709335, 'penalty_k': 0.11148752813632229, 'scale_lr': 0.4062707301368564}. Best is trial 386 with value: 0.35297253809086543.
checkpoint_e18 window_influence: 0.19055744050217865, penalty_k: 0.06235138498317160, scale_lr: 0.58675717706575492, EAO: 0.288
Trial 831 finished with value: 0.2877699016133171 and parameters: {'window_influence': 0.19055744050217865, 'penalty_k': 0.062351384983171595, 'scale_lr': 0.5867571770657549}. Best is trial 386 with value: 0.35297253809086543.
checkpoint_e18 window_influence: 0.12785213872517628, penalty_k: 0.13150608581331530, scale_lr: 0.55956174253751012, EAO: 0.265
Trial 832 finished with value: 0.2652325184892588 and parameters: {'window_influence': 0.12785213872517628, 'penalty_k': 0.1315060858133153, 'scale_lr': 0.5595617425375101}. Best is trial 386 with value: 0.35297253809086543.
checkpoint_e18 window_influence: 0.51663119977956984, penalty_k: 0.07571881932226238, scale_lr: 0.41941809385353229, EAO: 0.298
Trial 833 finished with value: 0.2984463883281218 and parameters: {'window_influence': 0.5166311997795698, 'penalty_k': 0.07571881932226238, 'scale_lr': 0.4194180938535323}. Best is trial 386 with value: 0.35297253809086543.
checkpoint_e18 window_influence: 0.21353322522842871, penalty_k: 0.09200303326139553, scale_lr: 0.15604116876705693, EAO: 0.281
Trial 834 finished with value: 0.28103401996050364 and parameters: {'window_influence': 0.2135332252284287, 'penalty_k': 0.09200303326139553, 'scale_lr': 0.15604116876705693}. Best is trial 386 with value: 0.35297253809086543.
checkpoint_e18 window_influence: 0.14141894214850395, penalty_k: 0.10554236050373797, scale_lr: 0.18434929002136280, EAO: 0.273
Trial 835 finished with value: 0.2726435859611526 and parameters: {'window_influence': 0.14141894214850395, 'penalty_k': 0.10554236050373797, 'scale_lr': 0.1843492900213628}. Best is trial 386 with value: 0.35297253809086543.
checkpoint_e18 window_influence: 0.31104641540391914, penalty_k: 0.12566164842094854, scale_lr: 0.38132534029348047, EAO: 0.298
Trial 836 finished with value: 0.29765331803128875 and parameters: {'window_influence': 0.31104641540391914, 'penalty_k': 0.12566164842094854, 'scale_lr': 0.3813253402934805}. Best is trial 386 with value: 0.35297253809086543.
checkpoint_e18 window_influence: 0.62740515817244835, penalty_k: 0.14432165646111514, scale_lr: 0.44234416557185863, EAO: 0.229
Trial 837 finished with value: 0.22935175153531917 and parameters: {'window_influence': 0.6274051581724484, 'penalty_k': 0.14432165646111514, 'scale_lr': 0.4423441655718586}. Best is trial 386 with value: 0.35297253809086543.
checkpoint_e18 window_influence: 0.22379458288107312, penalty_k: 0.11424679567604780, scale_lr: 0.52552945945535667, EAO: 0.285
Trial 838 finished with value: 0.284624784778992 and parameters: {'window_influence': 0.22379458288107312, 'penalty_k': 0.1142467956760478, 'scale_lr': 0.5255294594553567}. Best is trial 386 with value: 0.35297253809086543.
checkpoint_e18 window_influence: 0.36422346951440099, penalty_k: 0.04942697624757330, scale_lr: 0.50679183243263648, EAO: 0.311
Trial 839 finished with value: 0.3109210112679329 and parameters: {'window_influence': 0.364223469514401, 'penalty_k': 0.0494269762475733, 'scale_lr': 0.5067918324326365}. Best is trial 386 with value: 0.35297253809086543.
checkpoint_e18 window_influence: 0.49710676137541732, penalty_k: 0.15763302744083682, scale_lr: 0.45731093960381175, EAO: 0.307
Trial 840 finished with value: 0.3069036642980947 and parameters: {'window_influence': 0.4971067613754173, 'penalty_k': 0.15763302744083682, 'scale_lr': 0.45731093960381175}. Best is trial 386 with value: 0.35297253809086543.
checkpoint_e18 window_influence: 0.47775555247795148, penalty_k: 0.03334386970920897, scale_lr: 0.54147275309589393, EAO: 0.304
Trial 841 finished with value: 0.30367196939798646 and parameters: {'window_influence': 0.4777555524779515, 'penalty_k': 0.03334386970920897, 'scale_lr': 0.5414727530958939}. Best is trial 386 with value: 0.35297253809086543.
checkpoint_e18 window_influence: 0.46697064590001947, penalty_k: 0.09202142397062596, scale_lr: 0.35789359496228434, EAO: 0.322
Trial 842 finished with value: 0.32237955620548603 and parameters: {'window_influence': 0.46697064590001947, 'penalty_k': 0.09202142397062596, 'scale_lr': 0.35789359496228434}. Best is trial 386 with value: 0.35297253809086543.
checkpoint_e18 window_influence: 0.55768639524436925, penalty_k: 0.07876723116231654, scale_lr: 0.40324106652422959, EAO: 0.295
Trial 843 finished with value: 0.2953314235586137 and parameters: {'window_influence': 0.5576863952443692, 'penalty_k': 0.07876723116231654, 'scale_lr': 0.4032410665242296}. Best is trial 386 with value: 0.35297253809086543.
checkpoint_e18 window_influence: 0.32866217039566009, penalty_k: 0.13177629186583761, scale_lr: 0.43553012892930115, EAO: 0.300
Trial 844 finished with value: 0.30042002984985766 and parameters: {'window_influence': 0.3286621703956601, 'penalty_k': 0.1317762918658376, 'scale_lr': 0.43553012892930115}. Best is trial 386 with value: 0.35297253809086543.
checkpoint_e18 window_influence: 0.48520566645807423, penalty_k: 0.10444018972627621, scale_lr: 0.48903491502019469, EAO: 0.327
Trial 845 finished with value: 0.32744792973484976 and parameters: {'window_influence': 0.4852056664580742, 'penalty_k': 0.10444018972627621, 'scale_lr': 0.4890349150201947}. Best is trial 386 with value: 0.35297253809086543.
checkpoint_e18 window_influence: 0.37626332072804736, penalty_k: 0.12015141600342454, scale_lr: 0.38508805187935435, EAO: 0.319
Trial 846 finished with value: 0.3194715625349186 and parameters: {'window_influence': 0.37626332072804736, 'penalty_k': 0.12015141600342454, 'scale_lr': 0.38508805187935435}. Best is trial 386 with value: 0.35297253809086543.
checkpoint_e18 window_influence: 0.39579578736815241, penalty_k: 0.14851559527223535, scale_lr: 0.45415737609608764, EAO: 0.308
Trial 847 finished with value: 0.30753747052023844 and parameters: {'window_influence': 0.3957957873681524, 'penalty_k': 0.14851559527223535, 'scale_lr': 0.45415737609608764}. Best is trial 386 with value: 0.35297253809086543.
checkpoint_e18 window_influence: 0.25711714816405090, penalty_k: 0.06565539244469841, scale_lr: 0.42262286720096520, EAO: 0.280
Trial 848 finished with value: 0.28021180792077505 and parameters: {'window_influence': 0.2571171481640509, 'penalty_k': 0.06565539244469841, 'scale_lr': 0.4226228672009652}. Best is trial 386 with value: 0.35297253809086543.
checkpoint_e18 window_influence: 0.12190156065807994, penalty_k: 0.08708310919824978, scale_lr: 0.58273818987647175, EAO: 0.266
Trial 849 finished with value: 0.26558596678513036 and parameters: {'window_influence': 0.12190156065807994, 'penalty_k': 0.08708310919824978, 'scale_lr': 0.5827381898764717}. Best is trial 386 with value: 0.35297253809086543.
checkpoint_e18 window_influence: 0.28402291648717526, penalty_k: 0.13871528454119328, scale_lr: 0.20186820266706823, EAO: 0.293
Trial 850 finished with value: 0.29321150962944625 and parameters: {'window_influence': 0.28402291648717526, 'penalty_k': 0.13871528454119328, 'scale_lr': 0.20186820266706823}. Best is trial 386 with value: 0.35297253809086543.
checkpoint_e18 window_influence: 0.45857293605947719, penalty_k: 0.10164681380692861, scale_lr: 0.46849662766464384, EAO: 0.308
Trial 851 finished with value: 0.3075161175621159 and parameters: {'window_influence': 0.4585729360594772, 'penalty_k': 0.10164681380692861, 'scale_lr': 0.46849662766464384}. Best is trial 386 with value: 0.35297253809086543.
checkpoint_e18 window_influence: 0.62303266169539673, penalty_k: 0.11339587828831278, scale_lr: 0.55758986597943727, EAO: 0.241
Trial 852 finished with value: 0.24089866911390875 and parameters: {'window_influence': 0.6230326616953967, 'penalty_k': 0.11339587828831278, 'scale_lr': 0.5575898659794373}. Best is trial 386 with value: 0.35297253809086543.
checkpoint_e18 window_influence: 0.47215275928365547, penalty_k: 0.16545617065894030, scale_lr: 0.52556886249687773, EAO: 0.295
Trial 853 finished with value: 0.29524594348228395 and parameters: {'window_influence': 0.47215275928365547, 'penalty_k': 0.1654561706589403, 'scale_lr': 0.5255688624968777}. Best is trial 386 with value: 0.35297253809086543.
