Trial 326 finished with value: 0.313388757494637 and parameters: {'window_influence': 0.5211306140326291, 'penalty_k': 0.058573286291390345, 'scale_lr': 0.4738520009872436}. Best is trial 200 with value: 0.37697677389656986.
checkpoint_e16 window_influence: 0.40739583025542242, penalty_k: 0.05821826496300277, scale_lr: 0.60518951408175559, EAO: 0.327
Trial 24 finished with value: 0.32708092433933156 and parameters: {'window_influence': 0.4073958302554224, 'penalty_k': 0.058218264963002773, 'scale_lr': 0.6051895140817556}. Best is trial 13 with value: 0.34327919531889.
checkpoint_e16 window_influence: 0.16454533605085425, penalty_k: 0.17454608180835809, scale_lr: 0.53829081029068127, EAO: 0.278
Trial 327 finished with value: 0.27814348905930725 and parameters: {'window_influence': 0.16454533605085425, 'penalty_k': 0.1745460818083581, 'scale_lr': 0.5382908102906813}. Best is trial 200 with value: 0.37697677389656986.
checkpoint_e16 window_influence: 0.39774762516215689, penalty_k: 0.05733886303242966, scale_lr: 0.50776116702700458, EAO: 0.345
Trial 25 finished with value: 0.3454640247942409 and parameters: {'window_influence': 0.3977476251621569, 'penalty_k': 0.05733886303242966, 'scale_lr': 0.5077611670270046}. Best is trial 25 with value: 0.3454640247942409.
checkpoint_e16 window_influence: 0.43086208029674194, penalty_k: 0.01159451739134192, scale_lr: 0.49968415956174661, EAO: 0.335
Trial 328 finished with value: 0.3346625435445095 and parameters: {'window_influence': 0.43086208029674194, 'penalty_k': 0.011594517391341923, 'scale_lr': 0.4996841595617466}. Best is trial 200 with value: 0.37697677389656986.
checkpoint_e16 window_influence: 0.30178923935441626, penalty_k: 0.12128254936678207, scale_lr: 0.50182266180855462, EAO: 0.308
Trial 26 finished with value: 0.30840146709740857 and parameters: {'window_influence': 0.30178923935441626, 'penalty_k': 0.12128254936678207, 'scale_lr': 0.5018226618085546}. Best is trial 25 with value: 0.3454640247942409.
checkpoint_e16 window_influence: 0.55434965136951597, penalty_k: 0.01977852250920690, scale_lr: 0.12431637450674105, EAO: 0.304
Trial 329 finished with value: 0.304253476313116 and parameters: {'window_influence': 0.554349651369516, 'penalty_k': 0.019778522509206902, 'scale_lr': 0.12431637450674105}. Best is trial 200 with value: 0.37697677389656986.
checkpoint_e16 window_influence: 0.55216987517543914, penalty_k: 0.06074453157497559, scale_lr: 0.55397450938698023, EAO: 0.299
Trial 27 finished with value: 0.29863818894332483 and parameters: {'window_influence': 0.5521698751754391, 'penalty_k': 0.060744531574975585, 'scale_lr': 0.5539745093869802}. Best is trial 25 with value: 0.3454640247942409.
checkpoint_e16 window_influence: 0.49395103696757509, penalty_k: 0.03808155644603064, scale_lr: 0.20942313420609573, EAO: 0.316
Trial 330 finished with value: 0.31596555059290116 and parameters: {'window_influence': 0.4939510369675751, 'penalty_k': 0.03808155644603064, 'scale_lr': 0.20942313420609573}. Best is trial 200 with value: 0.37697677389656986.
checkpoint_e16 window_influence: 0.48986751571174603, penalty_k: 0.06128532376941019, scale_lr: 0.49148457490555691, EAO: 0.339
Trial 28 finished with value: 0.33871015825160283 and parameters: {'window_influence': 0.489867515711746, 'penalty_k': 0.06128532376941019, 'scale_lr': 0.4914845749055569}. Best is trial 25 with value: 0.3454640247942409.
checkpoint_e16 window_influence: 0.47384961587649355, penalty_k: 0.01048367776298279, scale_lr: 0.48580473708596988, EAO: 0.334
Trial 331 finished with value: 0.3342133947151644 and parameters: {'window_influence': 0.47384961587649355, 'penalty_k': 0.01048367776298279, 'scale_lr': 0.4858047370859699}. Best is trial 200 with value: 0.37697677389656986.
checkpoint_e16 window_influence: 0.49431413518791617, penalty_k: 0.15703148141814777, scale_lr: 0.33506176779812352, EAO: 0.337
Trial 29 finished with value: 0.3369697646640154 and parameters: {'window_influence': 0.49431413518791617, 'penalty_k': 0.15703148141814777, 'scale_lr': 0.3350617677981235}. Best is trial 25 with value: 0.3454640247942409.
checkpoint_e16 window_influence: 0.28038649399624727, penalty_k: 0.02085268318822156, scale_lr: 0.55158785482334349, EAO: 0.294
Trial 332 finished with value: 0.2941167038586353 and parameters: {'window_influence': 0.28038649399624727, 'penalty_k': 0.020852683188221564, 'scale_lr': 0.5515878548233435}. Best is trial 200 with value: 0.37697677389656986.
checkpoint_e16 window_influence: 0.50122035395065756, penalty_k: 0.05877716158784248, scale_lr: 0.49171720790304319, EAO: 0.332
Trial 30 finished with value: 0.33168800215776795 and parameters: {'window_influence': 0.5012203539506576, 'penalty_k': 0.05877716158784248, 'scale_lr': 0.4917172079030432}. Best is trial 25 with value: 0.3454640247942409.
checkpoint_e16 window_influence: 0.44434054064934220, penalty_k: 0.48365264587439527, scale_lr: 0.18711048601191549, EAO: 0.295
Trial 333 finished with value: 0.2952319298388893 and parameters: {'window_influence': 0.4443405406493422, 'penalty_k': 0.48365264587439527, 'scale_lr': 0.1871104860119155}. Best is trial 200 with value: 0.37697677389656986.
checkpoint_e16 window_influence: 0.50315984712174022, penalty_k: 0.12567435393146831, scale_lr: 0.33481017006593716, EAO: 0.300
Trial 31 finished with value: 0.2998839010292454 and parameters: {'window_influence': 0.5031598471217402, 'penalty_k': 0.1256743539314683, 'scale_lr': 0.33481017006593716}. Best is trial 25 with value: 0.3454640247942409.
checkpoint_e16 window_influence: 0.39214856144983379, penalty_k: 0.05136283636161518, scale_lr: 0.44343536071545098, EAO: 0.301
Trial 334 finished with value: 0.3010798589496761 and parameters: {'window_influence': 0.3921485614498338, 'penalty_k': 0.051362836361615184, 'scale_lr': 0.443435360715451}. Best is trial 200 with value: 0.37697677389656986.
checkpoint_e16 window_influence: 0.58187798709050131, penalty_k: 0.15784958864761184, scale_lr: 0.33400119895190961, EAO: 0.263
Trial 32 finished with value: 0.26326157761455043 and parameters: {'window_influence': 0.5818779870905013, 'penalty_k': 0.15784958864761184, 'scale_lr': 0.3340011989519096}. Best is trial 25 with value: 0.3454640247942409.
checkpoint_e16 window_influence: 0.45993487307408998, penalty_k: 0.00038097844803372, scale_lr: 0.51879344136746641, EAO: 0.332
Trial 335 finished with value: 0.33153816396624197 and parameters: {'window_influence': 0.45993487307409, 'penalty_k': 0.0003809784480337214, 'scale_lr': 0.5187934413674664}. Best is trial 200 with value: 0.37697677389656986.
checkpoint_e16 window_influence: 0.47934945156420883, penalty_k: 0.17605618155271255, scale_lr: 0.53693277541994577, EAO: 0.329
Trial 33 finished with value: 0.3290500135853133 and parameters: {'window_influence': 0.47934945156420883, 'penalty_k': 0.17605618155271255, 'scale_lr': 0.5369327754199458}. Best is trial 25 with value: 0.3454640247942409.
checkpoint_e16 window_influence: 0.24418316911265284, penalty_k: 0.55325177872752174, scale_lr: 0.59245067094960302, EAO: 0.293
Trial 336 finished with value: 0.29251762482442745 and parameters: {'window_influence': 0.24418316911265284, 'penalty_k': 0.5532517787275217, 'scale_lr': 0.592450670949603}. Best is trial 200 with value: 0.37697677389656986.
checkpoint_e16 window_influence: 0.48184336264551925, penalty_k: 0.13061831022679696, scale_lr: 0.37962336551573639, EAO: 0.313
Trial 34 finished with value: 0.3133442853559316 and parameters: {'window_influence': 0.48184336264551925, 'penalty_k': 0.13061831022679696, 'scale_lr': 0.3796233655157364}. Best is trial 25 with value: 0.3454640247942409.
checkpoint_e16 window_influence: 0.43399509516492762, penalty_k: 0.34211030036104217, scale_lr: 0.46077887272643170, EAO: 0.301
Trial 337 finished with value: 0.3013001875190883 and parameters: {'window_influence': 0.4339950951649276, 'penalty_k': 0.3421103003610422, 'scale_lr': 0.4607788727264317}. Best is trial 200 with value: 0.37697677389656986.
checkpoint_e16 window_influence: 0.52296192971530531, penalty_k: 0.04213860077840059, scale_lr: 0.47732522270482525, EAO: 0.314
Trial 35 finished with value: 0.3136073483103444 and parameters: {'window_influence': 0.5229619297153053, 'penalty_k': 0.04213860077840059, 'scale_lr': 0.47732522270482525}. Best is trial 25 with value: 0.3454640247942409.
checkpoint_e16 window_influence: 0.10623124203559875, penalty_k: 0.03202456491987167, scale_lr: 0.53344190905573818, EAO: 0.265
Trial 338 finished with value: 0.2647432178722745 and parameters: {'window_influence': 0.10623124203559875, 'penalty_k': 0.03202456491987167, 'scale_lr': 0.5334419090557382}. Best is trial 200 with value: 0.37697677389656986.
checkpoint_e16 window_influence: 0.44300637486374050, penalty_k: 0.10114551738076324, scale_lr: 0.52703220520425687, EAO: 0.318
Trial 36 finished with value: 0.31769267576909715 and parameters: {'window_influence': 0.4430063748637405, 'penalty_k': 0.10114551738076324, 'scale_lr': 0.5270322052042569}. Best is trial 25 with value: 0.3454640247942409.
checkpoint_e16 window_influence: 0.53951388925993193, penalty_k: 0.01323532724261533, scale_lr: 0.57936880318586181, EAO: 0.294
Trial 339 finished with value: 0.29413556867072554 and parameters: {'window_influence': 0.5395138892599319, 'penalty_k': 0.01323532724261533, 'scale_lr': 0.5793688031858618}. Best is trial 200 with value: 0.37697677389656986.
checkpoint_e16 window_influence: 0.40057336526256704, penalty_k: 0.00035199162466312, scale_lr: 0.41115078462336274, EAO: 0.324
Trial 37 finished with value: 0.3239817208237221 and parameters: {'window_influence': 0.40057336526256704, 'penalty_k': 0.0003519916246631158, 'scale_lr': 0.41115078462336274}. Best is trial 25 with value: 0.3454640247942409.
checkpoint_e16 window_influence: 0.45105449450578172, penalty_k: 0.25692590528367826, scale_lr: 0.49803154631161806, EAO: 0.308
Trial 340 finished with value: 0.3076492117188784 and parameters: {'window_influence': 0.4510544945057817, 'penalty_k': 0.25692590528367826, 'scale_lr': 0.49803154631161806}. Best is trial 200 with value: 0.37697677389656986.
checkpoint_e16 window_influence: 0.54634909331226100, penalty_k: 0.17422480802904508, scale_lr: 0.46648602904618230, EAO: 0.289
Trial 38 finished with value: 0.2892186125080873 and parameters: {'window_influence': 0.546349093312261, 'penalty_k': 0.17422480802904508, 'scale_lr': 0.4664860290461823}. Best is trial 25 with value: 0.3454640247942409.
checkpoint_e16 window_influence: 0.38041585033311320, penalty_k: 0.00006775066842094, scale_lr: 0.36529443906965292, EAO: 0.309
Trial 341 finished with value: 0.30945269079291865 and parameters: {'window_influence': 0.3804158503331132, 'penalty_k': 6.775066842093849e-05, 'scale_lr': 0.3652944390696529}. Best is trial 200 with value: 0.37697677389656986.
checkpoint_e16 window_influence: 0.45871046548594124, penalty_k: 0.03854571585929646, scale_lr: 0.26142749944353350, EAO: 0.328
Trial 39 finished with value: 0.32765557445904625 and parameters: {'window_influence': 0.45871046548594124, 'penalty_k': 0.03854571585929646, 'scale_lr': 0.2614274994435335}. Best is trial 25 with value: 0.3454640247942409.
checkpoint_e16 window_influence: 0.48009281413563232, penalty_k: 0.04004418707999583, scale_lr: 0.55072351143381260, EAO: 0.331
Trial 342 finished with value: 0.3305083493546289 and parameters: {'window_influence': 0.4800928141356323, 'penalty_k': 0.04004418707999583, 'scale_lr': 0.5507235114338126}. Best is trial 200 with value: 0.37697677389656986.
checkpoint_e16 window_influence: 0.42192101743582100, penalty_k: 0.13441545572350488, scale_lr: 0.44305253789277627, EAO: 0.318
Trial 40 finished with value: 0.31770723501531994 and parameters: {'window_influence': 0.421921017435821, 'penalty_k': 0.13441545572350488, 'scale_lr': 0.44305253789277627}. Best is trial 25 with value: 0.3454640247942409.
checkpoint_e16 window_influence: 0.46306893228303403, penalty_k: 0.15479509157645524, scale_lr: 0.56613508297847071, EAO: 0.304
Trial 343 finished with value: 0.3036016348734904 and parameters: {'window_influence': 0.46306893228303403, 'penalty_k': 0.15479509157645524, 'scale_lr': 0.5661350829784707}. Best is trial 200 with value: 0.37697677389656986.
checkpoint_e16 window_influence: 0.39696519878119324, penalty_k: 0.07943360704918351, scale_lr: 0.53659667956791413, EAO: 0.304
Trial 41 finished with value: 0.3044151827287117 and parameters: {'window_influence': 0.39696519878119324, 'penalty_k': 0.07943360704918351, 'scale_lr': 0.5365966795679141}. Best is trial 25 with value: 0.3454640247942409.
checkpoint_e16 window_influence: 0.42285616652597990, penalty_k: 0.18592008572372365, scale_lr: 0.51371345585500394, EAO: 0.312
Trial 344 finished with value: 0.3123889843197648 and parameters: {'window_influence': 0.4228561665259799, 'penalty_k': 0.18592008572372365, 'scale_lr': 0.5137134558550039}. Best is trial 200 with value: 0.37697677389656986.
checkpoint_e16 window_influence: 0.46397311678468528, penalty_k: 0.07209614379236068, scale_lr: 0.58152509899958715, EAO: 0.336
Trial 42 finished with value: 0.3359884248633329 and parameters: {'window_influence': 0.4639731167846853, 'penalty_k': 0.07209614379236068, 'scale_lr': 0.5815250989995872}. Best is trial 25 with value: 0.3454640247942409.
checkpoint_e16 window_influence: 0.49000785756313492, penalty_k: 0.02420107681970000, scale_lr: 0.47748237397473925, EAO: 0.332
Trial 345 finished with value: 0.3323362434304642 and parameters: {'window_influence': 0.4900078575631349, 'penalty_k': 0.024201076819699997, 'scale_lr': 0.47748237397473925}. Best is trial 200 with value: 0.37697677389656986.
checkpoint_e16 window_influence: 0.46484455137577435, penalty_k: 0.10702779732305015, scale_lr: 0.55852660017302647, EAO: 0.339
Trial 43 finished with value: 0.3390052531943711 and parameters: {'window_influence': 0.46484455137577435, 'penalty_k': 0.10702779732305015, 'scale_lr': 0.5585266001730265}. Best is trial 25 with value: 0.3454640247942409.
checkpoint_e16 window_influence: 0.44185566397269599, penalty_k: 0.11058705875340286, scale_lr: 0.53536112366138600, EAO: 0.325
Trial 346 finished with value: 0.32470930846052876 and parameters: {'window_influence': 0.441855663972696, 'penalty_k': 0.11058705875340286, 'scale_lr': 0.535361123661386}. Best is trial 200 with value: 0.37697677389656986.
checkpoint_e16 window_influence: 0.49117530036190327, penalty_k: 0.10113628535790975, scale_lr: 0.49034726462702977, EAO: 0.328
Trial 44 finished with value: 0.3279633953993423 and parameters: {'window_influence': 0.49117530036190327, 'penalty_k': 0.10113628535790975, 'scale_lr': 0.49034726462702977}. Best is trial 25 with value: 0.3454640247942409.
checkpoint_e16 window_influence: 0.52458179204688438, penalty_k: 0.01237871429730896, scale_lr: 0.49707999785092616, EAO: 0.309
Trial 347 finished with value: 0.30906961081324846 and parameters: {'window_influence': 0.5245817920468844, 'penalty_k': 0.012378714297308963, 'scale_lr': 0.49707999785092616}. Best is trial 200 with value: 0.37697677389656986.
checkpoint_e16 window_influence: 0.51019364501641595, penalty_k: 0.03266578404373466, scale_lr: 0.55407703590867352, EAO: 0.340
Trial 45 finished with value: 0.3403544224189877 and parameters: {'window_influence': 0.510193645016416, 'penalty_k': 0.03266578404373466, 'scale_lr': 0.5540770359086735}. Best is trial 25 with value: 0.3454640247942409.
checkpoint_e16 window_influence: 0.47335074313147918, penalty_k: 0.23126123939247958, scale_lr: 0.40558562034790641, EAO: 0.303
Trial 348 finished with value: 0.302813817670837 and parameters: {'window_influence': 0.4733507431314792, 'penalty_k': 0.23126123939247958, 'scale_lr': 0.4055856203479064}. Best is trial 200 with value: 0.37697677389656986.
checkpoint_e16 window_influence: 0.45174167483773137, penalty_k: 0.02548393440265941, scale_lr: 0.55362859562603850, EAO: 0.330
Trial 46 finished with value: 0.33036371114652907 and parameters: {'window_influence': 0.45174167483773137, 'penalty_k': 0.025483934402659406, 'scale_lr': 0.5536285956260385}. Best is trial 25 with value: 0.3454640247942409.
checkpoint_e16 window_influence: 0.50230299447896498, penalty_k: 0.28932176388615127, scale_lr: 0.17312756048663075, EAO: 0.310
Trial 349 finished with value: 0.309818817889644 and parameters: {'window_influence': 0.502302994478965, 'penalty_k': 0.2893217638861513, 'scale_lr': 0.17312756048663075}. Best is trial 200 with value: 0.37697677389656986.
checkpoint_e16 window_influence: 0.53068786547696034, penalty_k: 0.04624218157641442, scale_lr: 0.62865957895440450, EAO: 0.310
Trial 47 finished with value: 0.31014715871458387 and parameters: {'window_influence': 0.5306878654769603, 'penalty_k': 0.046242181576414416, 'scale_lr': 0.6286595789544045}. Best is trial 25 with value: 0.3454640247942409.
checkpoint_e16 window_influence: 0.36610910150041576, penalty_k: 0.16543264016967468, scale_lr: 0.70753742233438921, EAO: 0.302
Trial 350 finished with value: 0.3022208687512327 and parameters: {'window_influence': 0.36610910150041576, 'penalty_k': 0.16543264016967468, 'scale_lr': 0.7075374223343892}. Best is trial 200 with value: 0.37697677389656986.
checkpoint_e16 window_influence: 0.56478908280070694, penalty_k: 0.01554832179028914, scale_lr: 0.56449653342125850, EAO: 0.286
Trial 48 finished with value: 0.28550195937490647 and parameters: {'window_influence': 0.5647890828007069, 'penalty_k': 0.015548321790289144, 'scale_lr': 0.5644965334212585}. Best is trial 25 with value: 0.3454640247942409.
checkpoint_e16 window_influence: 0.45681513357036918, penalty_k: 0.03130758415503237, scale_lr: 0.62104844941657755, EAO: 0.323
Trial 351 finished with value: 0.3232154891996532 and parameters: {'window_influence': 0.4568151335703692, 'penalty_k': 0.03130758415503237, 'scale_lr': 0.6210484494165776}. Best is trial 200 with value: 0.37697677389656986.
checkpoint_e16 window_influence: 0.59204288901841529, penalty_k: 0.11713419918626752, scale_lr: 0.51058574941493196, EAO: 0.263
Trial 49 finished with value: 0.263200009553349 and parameters: {'window_influence': 0.5920428890184153, 'penalty_k': 0.11713419918626752, 'scale_lr': 0.510585749414932}. Best is trial 25 with value: 0.3454640247942409.
checkpoint_e16 window_influence: 0.42963570642880033, penalty_k: 0.29686574232320251, scale_lr: 0.52369692691308822, EAO: 0.290
Trial 352 finished with value: 0.28955173875107376 and parameters: {'window_influence': 0.42963570642880033, 'penalty_k': 0.2968657423232025, 'scale_lr': 0.5236969269130882}. Best is trial 200 with value: 0.37697677389656986.
checkpoint_e16 window_influence: 0.52846298467776776, penalty_k: 0.03076859643069250, scale_lr: 0.47444802363582561, EAO: 0.308
Trial 50 finished with value: 0.3076528320632556 and parameters: {'window_influence': 0.5284629846777678, 'penalty_k': 0.030768596430692498, 'scale_lr': 0.4744480236358256}. Best is trial 25 with value: 0.3454640247942409.
checkpoint_e16 window_influence: 0.64828392803851731, penalty_k: 0.02018089510754025, scale_lr: 0.46849476491886671, EAO: 0.243
Trial 353 finished with value: 0.24333619445214474 and parameters: {'window_influence': 0.6482839280385173, 'penalty_k': 0.02018089510754025, 'scale_lr': 0.4684947649188667}. Best is trial 200 with value: 0.37697677389656986.
checkpoint_e16 window_influence: 0.50193585594544909, penalty_k: 0.06851843562023088, scale_lr: 0.52619549795602061, EAO: 0.337
Trial 51 finished with value: 0.3366620607877056 and parameters: {'window_influence': 0.5019358559454491, 'penalty_k': 0.06851843562023088, 'scale_lr': 0.5261954979560206}. Best is trial 25 with value: 0.3454640247942409.
checkpoint_e16 window_influence: 0.44645452182192824, penalty_k: 0.01050703978734637, scale_lr: 0.57134631740439967, EAO: 0.309
Trial 354 finished with value: 0.3088074067339359 and parameters: {'window_influence': 0.44645452182192824, 'penalty_k': 0.010507039787346371, 'scale_lr': 0.5713463174043997}. Best is trial 200 with value: 0.37697677389656986.
checkpoint_e16 window_influence: 0.43565524488307911, penalty_k: 0.14753071595102688, scale_lr: 0.43793413311381402, EAO: 0.319
Trial 52 finished with value: 0.31933309700238566 and parameters: {'window_influence': 0.4356552448830791, 'penalty_k': 0.14753071595102688, 'scale_lr': 0.437934133113814}. Best is trial 25 with value: 0.3454640247942409.
checkpoint_e16 window_influence: 0.41236644400457551, penalty_k: 0.05909818615497498, scale_lr: 0.42976124757129253, EAO: 0.335
Trial 355 finished with value: 0.33538315964116194 and parameters: {'window_influence': 0.4123664440045755, 'penalty_k': 0.05909818615497498, 'scale_lr': 0.4297612475712925}. Best is trial 200 with value: 0.37697677389656986.
checkpoint_e16 window_influence: 0.46761076009215857, penalty_k: 0.09612300821980034, scale_lr: 0.56899217031280569, EAO: 0.320
Trial 53 finished with value: 0.3204703438838632 and parameters: {'window_influence': 0.4676107600921586, 'penalty_k': 0.09612300821980034, 'scale_lr': 0.5689921703128057}. Best is trial 25 with value: 0.3454640247942409.
checkpoint_e16 window_influence: 0.30730914904925355, penalty_k: 0.22527567542657173, scale_lr: 0.48628910790206203, EAO: 0.282
Trial 356 finished with value: 0.2821880301844749 and parameters: {'window_influence': 0.30730914904925355, 'penalty_k': 0.22527567542657173, 'scale_lr': 0.48628910790206203}. Best is trial 200 with value: 0.37697677389656986.
checkpoint_e16 window_influence: 0.50819374657761851, penalty_k: 0.04106850347123314, scale_lr: 0.46796949932906945, EAO: 0.339
Trial 54 finished with value: 0.3390613734026363 and parameters: {'window_influence': 0.5081937465776185, 'penalty_k': 0.04106850347123314, 'scale_lr': 0.46796949932906945}. Best is trial 25 with value: 0.3454640247942409.
checkpoint_e16 window_influence: 0.46579104374355629, penalty_k: 0.00062727609178910, scale_lr: 0.50661539983191106, EAO: 0.360
