Trial 1111 finished with value: 0.30994152958986826 and parameters: {'window_influence': 0.4934810950262927, 'penalty_k': 0.4319789376786266, 'scale_lr': 0.35459921909847336}. Best is trial 620 with value: 0.36708399363528893.
checkpoint_e33 window_influence: 0.43135440517169810, penalty_k: 0.57128926714695116, scale_lr: 0.18965534940179465, EAO: 0.305
Trial 1112 finished with value: 0.30460800763929863 and parameters: {'window_influence': 0.4313544051716981, 'penalty_k': 0.5712892671469512, 'scale_lr': 0.18965534940179465}. Best is trial 620 with value: 0.36708399363528893.
checkpoint_e33 window_influence: 0.48013075128311733, penalty_k: 0.01156657802264536, scale_lr: 0.24598974917921515, EAO: 0.330
Trial 1113 finished with value: 0.3298257991149732 and parameters: {'window_influence': 0.48013075128311733, 'penalty_k': 0.011566578022645359, 'scale_lr': 0.24598974917921515}. Best is trial 620 with value: 0.36708399363528893.
checkpoint_e33 window_influence: 0.07099386299469507, penalty_k: 0.21155729143711055, scale_lr: 0.53715037451276915, EAO: 0.261
Trial 1114 finished with value: 0.26099029826978765 and parameters: {'window_influence': 0.07099386299469507, 'penalty_k': 0.21155729143711055, 'scale_lr': 0.5371503745127691}. Best is trial 620 with value: 0.36708399363528893.
checkpoint_e33 window_influence: 0.38943126496643754, penalty_k: 0.49759865814438509, scale_lr: 0.70289832817652587, EAO: 0.310
Trial 1115 finished with value: 0.30950568274301316 and parameters: {'window_influence': 0.38943126496643754, 'penalty_k': 0.4975986581443851, 'scale_lr': 0.7028983281765259}. Best is trial 620 with value: 0.36708399363528893.
checkpoint_e33 window_influence: 0.46085552637985100, penalty_k: 0.41872827383276429, scale_lr: 0.45596769476727017, EAO: 0.339
Trial 1116 finished with value: 0.33895546916857766 and parameters: {'window_influence': 0.460855526379851, 'penalty_k': 0.4187282738327643, 'scale_lr': 0.45596769476727017}. Best is trial 620 with value: 0.36708399363528893.
checkpoint_e33 window_influence: 0.14327530365265947, penalty_k: 0.13717009200915220, scale_lr: 0.57174589696373568, EAO: 0.257
Trial 1117 finished with value: 0.256898161560181 and parameters: {'window_influence': 0.14327530365265947, 'penalty_k': 0.1371700920091522, 'scale_lr': 0.5717458969637357}. Best is trial 620 with value: 0.36708399363528893.
checkpoint_e33 window_influence: 0.29809143829171131, penalty_k: 0.40988091615950217, scale_lr: 0.40926391923397698, EAO: 0.288
Trial 1118 finished with value: 0.2875304705090096 and parameters: {'window_influence': 0.2980914382917113, 'penalty_k': 0.4098809161595022, 'scale_lr': 0.409263919233977}. Best is trial 620 with value: 0.36708399363528893.
checkpoint_e33 window_influence: 0.28312685940689070, penalty_k: 0.04304840330882211, scale_lr: 0.73463438708059214, EAO: 0.296
Trial 1119 finished with value: 0.29614825494558433 and parameters: {'window_influence': 0.2831268594068907, 'penalty_k': 0.043048403308822106, 'scale_lr': 0.7346343870805921}. Best is trial 620 with value: 0.36708399363528893.
checkpoint_e33 window_influence: 0.49621023975212059, penalty_k: 0.09746224851449556, scale_lr: 0.43229525533665208, EAO: 0.333
Trial 1120 finished with value: 0.33305089587367465 and parameters: {'window_influence': 0.4962102397521206, 'penalty_k': 0.09746224851449556, 'scale_lr': 0.4322952553366521}. Best is trial 620 with value: 0.36708399363528893.
checkpoint_e33 window_influence: 0.48001550308054336, penalty_k: 0.06377112202098714, scale_lr: 0.50977348396697519, EAO: 0.351
Trial 1121 finished with value: 0.35097662611694186 and parameters: {'window_influence': 0.48001550308054336, 'penalty_k': 0.06377112202098714, 'scale_lr': 0.5097734839669752}. Best is trial 620 with value: 0.36708399363528893.
checkpoint_e33 window_influence: 0.45083924508226403, penalty_k: 0.51250805096894569, scale_lr: 0.77828033932205987, EAO: 0.319
Trial 1122 finished with value: 0.31854736068601275 and parameters: {'window_influence': 0.45083924508226403, 'penalty_k': 0.5125080509689457, 'scale_lr': 0.7782803393220599}. Best is trial 620 with value: 0.36708399363528893.
checkpoint_e33 window_influence: 0.46840468680799202, penalty_k: 0.03492568648637001, scale_lr: 0.65005617504144375, EAO: 0.364
Trial 1123 finished with value: 0.36417178224032953 and parameters: {'window_influence': 0.468404686807992, 'penalty_k': 0.03492568648637001, 'scale_lr': 0.6500561750414438}. Best is trial 620 with value: 0.36708399363528893.
checkpoint_e33 window_influence: 0.45820741172619961, penalty_k: 0.02867445563814791, scale_lr: 0.68029727094435577, EAO: 0.356
Trial 1124 finished with value: 0.35582690839637576 and parameters: {'window_influence': 0.4582074117261996, 'penalty_k': 0.02867445563814791, 'scale_lr': 0.6802972709443558}. Best is trial 620 with value: 0.36708399363528893.
checkpoint_e33 window_influence: 0.44483788430942367, penalty_k: 0.57850190348181840, scale_lr: 0.66470012286368352, EAO: 0.312
Trial 1125 finished with value: 0.3123201755698089 and parameters: {'window_influence': 0.44483788430942367, 'penalty_k': 0.5785019034818184, 'scale_lr': 0.6647001228636835}. Best is trial 620 with value: 0.36708399363528893.
checkpoint_e33 window_influence: 0.46684858409774527, penalty_k: 0.45823064444463379, scale_lr: 0.62796626219035823, EAO: 0.313
Trial 1126 finished with value: 0.31318075850547983 and parameters: {'window_influence': 0.46684858409774527, 'penalty_k': 0.4582306444446338, 'scale_lr': 0.6279662621903582}. Best is trial 620 with value: 0.36708399363528893.
checkpoint_e33 window_influence: 0.43014672929226955, penalty_k: 0.32048518840741969, scale_lr: 0.64652498033093475, EAO: 0.330
Trial 1127 finished with value: 0.3299142907333745 and parameters: {'window_influence': 0.43014672929226955, 'penalty_k': 0.3204851884074197, 'scale_lr': 0.6465249803309348}. Best is trial 620 with value: 0.36708399363528893.
checkpoint_e33 window_influence: 0.09843765373993207, penalty_k: 0.01801805640366881, scale_lr: 0.61205598280001916, EAO: 0.255
Trial 1128 finished with value: 0.2547357593181068 and parameters: {'window_influence': 0.09843765373993207, 'penalty_k': 0.01801805640366881, 'scale_lr': 0.6120559828000192}. Best is trial 620 with value: 0.36708399363528893.
checkpoint_e33 window_influence: 0.47124346025435215, penalty_k: 0.03421131763420393, scale_lr: 0.63338317705152081, EAO: 0.366
Trial 1129 finished with value: 0.366108414380003 and parameters: {'window_influence': 0.47124346025435215, 'penalty_k': 0.03421131763420393, 'scale_lr': 0.6333831770515208}. Best is trial 620 with value: 0.36708399363528893.
checkpoint_e33 window_influence: 0.45811345807068915, penalty_k: 0.03316982776312487, scale_lr: 0.63327674111663190, EAO: 0.331
Trial 1130 finished with value: 0.3313239962442376 and parameters: {'window_influence': 0.45811345807068915, 'penalty_k': 0.03316982776312487, 'scale_lr': 0.6332767411166319}. Best is trial 620 with value: 0.36708399363528893.
checkpoint_e33 window_influence: 0.44134949924675015, penalty_k: 0.01761375138937163, scale_lr: 0.66954877700824234, EAO: 0.342
Trial 1131 finished with value: 0.3418480517335439 and parameters: {'window_influence': 0.44134949924675015, 'penalty_k': 0.017613751389371626, 'scale_lr': 0.6695487770082423}. Best is trial 620 with value: 0.36708399363528893.
checkpoint_e33 window_influence: 0.45413696566699652, penalty_k: 0.03513637038013752, scale_lr: 0.65755751102729731, EAO: 0.346
Trial 1132 finished with value: 0.3462520818070215 and parameters: {'window_influence': 0.4541369656669965, 'penalty_k': 0.03513637038013752, 'scale_lr': 0.6575575110272973}. Best is trial 620 with value: 0.36708399363528893.
checkpoint_e33 window_influence: 0.46994100824116924, penalty_k: 0.04438886642591923, scale_lr: 0.62862083600229079, EAO: 0.339
Trial 1133 finished with value: 0.3387875203260652 and parameters: {'window_influence': 0.46994100824116924, 'penalty_k': 0.04438886642591923, 'scale_lr': 0.6286208360022908}. Best is trial 620 with value: 0.36708399363528893.
checkpoint_e33 window_influence: 0.63533530604147470, penalty_k: 0.02423671645526800, scale_lr: 0.63893458947303072, EAO: 0.246
Trial 1134 finished with value: 0.24589155069353053 and parameters: {'window_influence': 0.6353353060414747, 'penalty_k': 0.024236716455268002, 'scale_lr': 0.6389345894730307}. Best is trial 620 with value: 0.36708399363528893.
checkpoint_e33 window_influence: 0.47121604031344666, penalty_k: 0.00861980024191272, scale_lr: 0.65014049361458726, EAO: 0.361
Trial 1135 finished with value: 0.3606954350313788 and parameters: {'window_influence': 0.47121604031344666, 'penalty_k': 0.008619800241912723, 'scale_lr': 0.6501404936145873}. Best is trial 620 with value: 0.36708399363528893.
checkpoint_e33 window_influence: 0.46332442492284159, penalty_k: 0.01423036080016448, scale_lr: 0.65090514006851719, EAO: 0.370
Trial 1136 finished with value: 0.3697957394188016 and parameters: {'window_influence': 0.4633244249228416, 'penalty_k': 0.014230360800164482, 'scale_lr': 0.6509051400685172}. Best is trial 1136 with value: 0.3697957394188016.
checkpoint_e33 window_influence: 0.44363692665444449, penalty_k: 0.00048245207035616, scale_lr: 0.65592907832247183, EAO: 0.331
Trial 1137 finished with value: 0.331312730270601 and parameters: {'window_influence': 0.4436369266544445, 'penalty_k': 0.00048245207035615967, 'scale_lr': 0.6559290783224718}. Best is trial 1136 with value: 0.3697957394188016.
checkpoint_e33 window_influence: 0.07622729680459883, penalty_k: 0.00052456703022220, scale_lr: 0.63196677853688932, EAO: 0.256
Trial 1138 finished with value: 0.255985331616513 and parameters: {'window_influence': 0.07622729680459883, 'penalty_k': 0.0005245670302222033, 'scale_lr': 0.6319667785368893}. Best is trial 1136 with value: 0.3697957394188016.
checkpoint_e33 window_influence: 0.45583716751963060, penalty_k: 0.01010282128633440, scale_lr: 0.65211559291348109, EAO: 0.340
Trial 1139 finished with value: 0.33973038973511427 and parameters: {'window_influence': 0.4558371675196306, 'penalty_k': 0.010102821286334399, 'scale_lr': 0.6521155929134811}. Best is trial 1136 with value: 0.3697957394188016.
checkpoint_e33 window_influence: 0.42877892527590400, penalty_k: 0.01396490736239158, scale_lr: 0.64140898673048630, EAO: 0.355
Trial 1140 finished with value: 0.3549856587606645 and parameters: {'window_influence': 0.428778925275904, 'penalty_k': 0.01396490736239158, 'scale_lr': 0.6414089867304863}. Best is trial 1136 with value: 0.3697957394188016.
checkpoint_e33 window_influence: 0.46277612483591724, penalty_k: 0.00033202931653219, scale_lr: 0.66138962233624832, EAO: 0.339
Trial 1141 finished with value: 0.3391220518587164 and parameters: {'window_influence': 0.46277612483591724, 'penalty_k': 0.00033202931653219386, 'scale_lr': 0.6613896223362483}. Best is trial 1136 with value: 0.3697957394188016.
checkpoint_e33 window_influence: 0.44664642094646673, penalty_k: 0.03608986568466239, scale_lr: 0.66618998047746203, EAO: 0.327
Trial 1142 finished with value: 0.32670433743918453 and parameters: {'window_influence': 0.4466464209464667, 'penalty_k': 0.03608986568466239, 'scale_lr': 0.666189980477462}. Best is trial 1136 with value: 0.3697957394188016.
checkpoint_e33 window_influence: 0.46811400423653893, penalty_k: 0.27161064140682123, scale_lr: 0.60583278106954053, EAO: 0.302
Trial 1143 finished with value: 0.30242646082597946 and parameters: {'window_influence': 0.4681140042365389, 'penalty_k': 0.27161064140682123, 'scale_lr': 0.6058327810695405}. Best is trial 1136 with value: 0.3697957394188016.
checkpoint_e33 window_influence: 0.42431823849017630, penalty_k: 0.01423546515171014, scale_lr: 0.64450946261566122, EAO: 0.334
Trial 1144 finished with value: 0.33421131400282744 and parameters: {'window_influence': 0.4243182384901763, 'penalty_k': 0.014235465151710144, 'scale_lr': 0.6445094626156612}. Best is trial 1136 with value: 0.3697957394188016.
checkpoint_e33 window_influence: 0.44919786420055602, penalty_k: 0.25866779672296131, scale_lr: 0.62422562049005492, EAO: 0.335
Trial 1145 finished with value: 0.33500425001526624 and parameters: {'window_influence': 0.449197864200556, 'penalty_k': 0.2586677967229613, 'scale_lr': 0.6242256204900549}. Best is trial 1136 with value: 0.3697957394188016.
checkpoint_e33 window_influence: 0.43772523468634777, penalty_k: 0.34781055505001612, scale_lr: 0.67671157479870803, EAO: 0.316
Trial 1146 finished with value: 0.315987791764597 and parameters: {'window_influence': 0.4377252346863478, 'penalty_k': 0.3478105550500161, 'scale_lr': 0.676711574798708}. Best is trial 1136 with value: 0.3697957394188016.
checkpoint_e33 window_influence: 0.46163684904621444, penalty_k: 0.04996011571802113, scale_lr: 0.68302394829676694, EAO: 0.339
Trial 1147 finished with value: 0.33864257609333975 and parameters: {'window_influence': 0.46163684904621444, 'penalty_k': 0.049960115718021135, 'scale_lr': 0.6830239482967669}. Best is trial 1136 with value: 0.3697957394188016.
checkpoint_e33 window_influence: 0.21819757700254583, penalty_k: 0.02642642260535701, scale_lr: 0.60657474880286921, EAO: 0.285
Trial 1148 finished with value: 0.2852067151306204 and parameters: {'window_influence': 0.21819757700254583, 'penalty_k': 0.026426422605357006, 'scale_lr': 0.6065747488028692}. Best is trial 1136 with value: 0.3697957394188016.
checkpoint_e33 window_influence: 0.47421955460592768, penalty_k: 0.53047164199791075, scale_lr: 0.61999408510608589, EAO: 0.294
Trial 1149 finished with value: 0.29352249529807023 and parameters: {'window_influence': 0.4742195546059277, 'penalty_k': 0.5304716419979107, 'scale_lr': 0.6199940851060859}. Best is trial 1136 with value: 0.3697957394188016.
checkpoint_e33 window_influence: 0.09008325967055103, penalty_k: 0.01159275221493342, scale_lr: 0.58514664693786345, EAO: 0.265
Trial 1150 finished with value: 0.26485940657469087 and parameters: {'window_influence': 0.09008325967055103, 'penalty_k': 0.011592752214933421, 'scale_lr': 0.5851466469378634}. Best is trial 1136 with value: 0.3697957394188016.
checkpoint_e33 window_influence: 0.46938359822022802, penalty_k: 0.03761812151764118, scale_lr: 0.66272703829286206, EAO: 0.359
Trial 1151 finished with value: 0.35924765479239973 and parameters: {'window_influence': 0.469383598220228, 'penalty_k': 0.037618121517641184, 'scale_lr': 0.6627270382928621}. Best is trial 1136 with value: 0.3697957394188016.
checkpoint_e33 window_influence: 0.45529681451692783, penalty_k: 0.04651207318389318, scale_lr: 0.61320948223290517, EAO: 0.351
Trial 1152 finished with value: 0.3509153824603975 and parameters: {'window_influence': 0.45529681451692783, 'penalty_k': 0.04651207318389318, 'scale_lr': 0.6132094822329052}. Best is trial 1136 with value: 0.3697957394188016.
checkpoint_e33 window_influence: 0.10697043178201376, penalty_k: 0.19348401790375536, scale_lr: 0.65368291313963500, EAO: 0.246
Trial 1153 finished with value: 0.2459837066060374 and parameters: {'window_influence': 0.10697043178201376, 'penalty_k': 0.19348401790375536, 'scale_lr': 0.653682913139635}. Best is trial 1136 with value: 0.3697957394188016.
checkpoint_e33 window_influence: 0.24209335827714890, penalty_k: 0.02439538518050338, scale_lr: 0.69850821335850366, EAO: 0.310
Trial 1154 finished with value: 0.31041086670953477 and parameters: {'window_influence': 0.2420933582771489, 'penalty_k': 0.024395385180503378, 'scale_lr': 0.6985082133585037}. Best is trial 1136 with value: 0.3697957394188016.
checkpoint_e33 window_influence: 0.41729598899688358, penalty_k: 0.20534007725208492, scale_lr: 0.69015674804065785, EAO: 0.324
Trial 1155 finished with value: 0.3240712703086059 and parameters: {'window_influence': 0.4172959889968836, 'penalty_k': 0.20534007725208492, 'scale_lr': 0.6901567480406579}. Best is trial 1136 with value: 0.3697957394188016.
checkpoint_e33 window_influence: 0.43939082368550691, penalty_k: 0.24196127135988355, scale_lr: 0.20980994317236107, EAO: 0.341
Trial 1156 finished with value: 0.3407155654541713 and parameters: {'window_influence': 0.4393908236855069, 'penalty_k': 0.24196127135988355, 'scale_lr': 0.20980994317236107}. Best is trial 1136 with value: 0.3697957394188016.
checkpoint_e33 window_influence: 0.47932326718414331, penalty_k: 0.18112577106225125, scale_lr: 0.64245722758272150, EAO: 0.339
Trial 1157 finished with value: 0.3393308631640928 and parameters: {'window_influence': 0.4793232671841433, 'penalty_k': 0.18112577106225125, 'scale_lr': 0.6424572275827215}. Best is trial 1136 with value: 0.3697957394188016.
checkpoint_e33 window_influence: 0.06696435282470287, penalty_k: 0.05666777088442253, scale_lr: 0.58017628016738143, EAO: 0.249
Trial 1158 finished with value: 0.2487015638949806 and parameters: {'window_influence': 0.06696435282470287, 'penalty_k': 0.05666777088442253, 'scale_lr': 0.5801762801673814}. Best is trial 1136 with value: 0.3697957394188016.
checkpoint_e33 window_influence: 0.37689576246534706, penalty_k: 0.01038502459534698, scale_lr: 0.67051313394147705, EAO: 0.329
Trial 1159 finished with value: 0.32912758926241314 and parameters: {'window_influence': 0.37689576246534706, 'penalty_k': 0.010385024595346981, 'scale_lr': 0.670513133941477}. Best is trial 1136 with value: 0.3697957394188016.
checkpoint_e33 window_influence: 0.46585607352123154, penalty_k: 0.03114274935637247, scale_lr: 0.64123962904852694, EAO: 0.336
Trial 1160 finished with value: 0.3364133345477776 and parameters: {'window_influence': 0.46585607352123154, 'penalty_k': 0.031142749356372467, 'scale_lr': 0.6412396290485269}. Best is trial 1136 with value: 0.3697957394188016.
checkpoint_e33 window_influence: 0.39641828611318114, penalty_k: 0.00014576760598364, scale_lr: 0.59997556058602297, EAO: 0.320
Trial 1161 finished with value: 0.3200909516226921 and parameters: {'window_influence': 0.39641828611318114, 'penalty_k': 0.0001457676059836363, 'scale_lr': 0.599975560586023}. Best is trial 1136 with value: 0.3697957394188016.
checkpoint_e33 window_influence: 0.08268636793464595, penalty_k: 0.28798965422601797, scale_lr: 0.61803030157704264, EAO: 0.247
Trial 1162 finished with value: 0.24680527424302082 and parameters: {'window_influence': 0.08268636793464595, 'penalty_k': 0.28798965422601797, 'scale_lr': 0.6180303015770426}. Best is trial 1136 with value: 0.3697957394188016.
checkpoint_e33 window_influence: 0.45012028954451921, penalty_k: 0.35631376235949941, scale_lr: 0.23430194128988541, EAO: 0.345
Trial 1163 finished with value: 0.34530376077626 and parameters: {'window_influence': 0.4501202895445192, 'penalty_k': 0.3563137623594994, 'scale_lr': 0.2343019412898854}. Best is trial 1136 with value: 0.3697957394188016.
checkpoint_e33 window_influence: 0.47946499291822336, penalty_k: 0.56955118436661145, scale_lr: 0.26682024991743342, EAO: 0.297
Trial 1164 finished with value: 0.29742715272922 and parameters: {'window_influence': 0.47946499291822336, 'penalty_k': 0.5695511843666115, 'scale_lr': 0.2668202499174334}. Best is trial 1136 with value: 0.3697957394188016.
checkpoint_e33 window_influence: 0.22255121984528933, penalty_k: 0.16355231101270601, scale_lr: 0.65643807020812572, EAO: 0.298
Trial 1165 finished with value: 0.2979345853922432 and parameters: {'window_influence': 0.22255121984528933, 'penalty_k': 0.163552311012706, 'scale_lr': 0.6564380702081257}. Best is trial 1136 with value: 0.3697957394188016.
checkpoint_e33 window_influence: 0.60401504273314055, penalty_k: 0.22572657604685065, scale_lr: 0.29240971867107746, EAO: 0.254
Trial 1166 finished with value: 0.25360323424933023 and parameters: {'window_influence': 0.6040150427331406, 'penalty_k': 0.22572657604685065, 'scale_lr': 0.29240971867107746}. Best is trial 1136 with value: 0.3697957394188016.
checkpoint_e33 window_influence: 0.59134939874525061, penalty_k: 0.04786993492642397, scale_lr: 0.68702966406011223, EAO: 0.264
Trial 1167 finished with value: 0.2643987025616234 and parameters: {'window_influence': 0.5913493987452506, 'penalty_k': 0.04786993492642397, 'scale_lr': 0.6870296640601122}. Best is trial 1136 with value: 0.3697957394188016.
checkpoint_e33 window_influence: 0.45668457011359753, penalty_k: 0.21021501344961244, scale_lr: 0.59492833125953726, EAO: 0.344
Trial 1168 finished with value: 0.34363600484128126 and parameters: {'window_influence': 0.45668457011359753, 'penalty_k': 0.21021501344961244, 'scale_lr': 0.5949283312595373}. Best is trial 1136 with value: 0.3697957394188016.
checkpoint_e33 window_influence: 0.47096999090930913, penalty_k: 0.51232737651321225, scale_lr: 0.56541868797630979, EAO: 0.337
Trial 1169 finished with value: 0.33742432847097226 and parameters: {'window_influence': 0.47096999090930913, 'penalty_k': 0.5123273765132123, 'scale_lr': 0.5654186879763098}. Best is trial 1136 with value: 0.3697957394188016.
checkpoint_e33 window_influence: 0.40296810091181945, penalty_k: 0.03594713959145585, scale_lr: 0.38563822910524831, EAO: 0.320
Trial 1170 finished with value: 0.3199887261780319 and parameters: {'window_influence': 0.40296810091181945, 'penalty_k': 0.035947139591455846, 'scale_lr': 0.3856382291052483}. Best is trial 1136 with value: 0.3697957394188016.
checkpoint_e33 window_influence: 0.43676128363946626, penalty_k: 0.01990086501271515, scale_lr: 0.62895789829876947, EAO: 0.329
Trial 1171 finished with value: 0.329346559564891 and parameters: {'window_influence': 0.43676128363946626, 'penalty_k': 0.019900865012715152, 'scale_lr': 0.6289578982987695}. Best is trial 1136 with value: 0.3697957394188016.
checkpoint_e33 window_influence: 0.16743614396081222, penalty_k: 0.53669878371077318, scale_lr: 0.36866403919347795, EAO: 0.257
