Trial 1067 finished with value: 0.3169336328246714 and parameters: {'window_influence': 0.3828724746298766, 'penalty_k': 0.5561222706569077, 'scale_lr': 0.6029992664791902}. Best is trial 330 with value: 0.36352008859471124.
checkpoint_e31 window_influence: 0.62557455335626466, penalty_k: 0.43072162826315430, scale_lr: 0.75204754153628328, EAO: 0.235
Trial 1068 finished with value: 0.23479997184026102 and parameters: {'window_influence': 0.6255745533562647, 'penalty_k': 0.4307216282631543, 'scale_lr': 0.7520475415362833}. Best is trial 330 with value: 0.36352008859471124.
checkpoint_e31 window_influence: 0.59558519072225158, penalty_k: 0.00965442101773684, scale_lr: 0.21386150785053812, EAO: 0.286
Trial 1069 finished with value: 0.28595421860422143 and parameters: {'window_influence': 0.5955851907222516, 'penalty_k': 0.009654421017736836, 'scale_lr': 0.21386150785053812}. Best is trial 330 with value: 0.36352008859471124.
checkpoint_e31 window_influence: 0.45482917417702751, penalty_k: 0.39495197255186376, scale_lr: 0.32896859500504161, EAO: 0.332
Trial 1070 finished with value: 0.33162347786853286 and parameters: {'window_influence': 0.4548291741770275, 'penalty_k': 0.39495197255186376, 'scale_lr': 0.3289685950050416}. Best is trial 330 with value: 0.36352008859471124.
checkpoint_e31 window_influence: 0.39963074610530913, penalty_k: 0.09965416071169833, scale_lr: 0.11867731781800900, EAO: 0.336
Trial 1071 finished with value: 0.33600462178775775 and parameters: {'window_influence': 0.39963074610530913, 'penalty_k': 0.09965416071169833, 'scale_lr': 0.118677317818009}. Best is trial 330 with value: 0.36352008859471124.
checkpoint_e31 window_influence: 0.24372779885019982, penalty_k: 0.04084879555575632, scale_lr: 0.65631980200475293, EAO: 0.308
Trial 1072 finished with value: 0.30791194829727425 and parameters: {'window_influence': 0.24372779885019982, 'penalty_k': 0.04084879555575632, 'scale_lr': 0.6563198020047529}. Best is trial 330 with value: 0.36352008859471124.
checkpoint_e31 window_influence: 0.42953743585955562, penalty_k: 0.38477104036071308, scale_lr: 0.16400658034053173, EAO: 0.315
Trial 1073 finished with value: 0.3151224686941748 and parameters: {'window_influence': 0.4295374358595556, 'penalty_k': 0.3847710403607131, 'scale_lr': 0.16400658034053173}. Best is trial 330 with value: 0.36352008859471124.
checkpoint_e31 window_influence: 0.61841929053397959, penalty_k: 0.24179998741458472, scale_lr: 0.44431518548674215, EAO: 0.250
Trial 1074 finished with value: 0.24964633642003695 and parameters: {'window_influence': 0.6184192905339796, 'penalty_k': 0.24179998741458472, 'scale_lr': 0.44431518548674215}. Best is trial 330 with value: 0.36352008859471124.
checkpoint_e31 window_influence: 0.54382230557232392, penalty_k: 0.18029925274468922, scale_lr: 0.36018222566458896, EAO: 0.296
Trial 1075 finished with value: 0.2959516137722401 and parameters: {'window_influence': 0.5438223055723239, 'penalty_k': 0.18029925274468922, 'scale_lr': 0.36018222566458896}. Best is trial 330 with value: 0.36352008859471124.
checkpoint_e31 window_influence: 0.48476425365440101, penalty_k: 0.21139621838014364, scale_lr: 0.19729822510998551, EAO: 0.314
Trial 1076 finished with value: 0.31390264021515385 and parameters: {'window_influence': 0.484764253654401, 'penalty_k': 0.21139621838014364, 'scale_lr': 0.19729822510998551}. Best is trial 330 with value: 0.36352008859471124.
checkpoint_e31 window_influence: 0.46782161768436231, penalty_k: 0.07720545307914581, scale_lr: 0.29498249327288062, EAO: 0.323
Trial 1077 finished with value: 0.32303642032211394 and parameters: {'window_influence': 0.4678216176843623, 'penalty_k': 0.07720545307914581, 'scale_lr': 0.2949824932728806}. Best is trial 330 with value: 0.36352008859471124.
checkpoint_e31 window_influence: 0.15553605934691875, penalty_k: 0.02235438283190009, scale_lr: 0.61349126296074374, EAO: 0.268
Trial 1078 finished with value: 0.2677929225714754 and parameters: {'window_influence': 0.15553605934691875, 'penalty_k': 0.022354382831900093, 'scale_lr': 0.6134912629607437}. Best is trial 330 with value: 0.36352008859471124.
checkpoint_e31 window_influence: 0.52256426096925368, penalty_k: 0.15883748860500835, scale_lr: 0.31927281374356209, EAO: 0.306
Trial 1079 finished with value: 0.3064349124403779 and parameters: {'window_influence': 0.5225642609692537, 'penalty_k': 0.15883748860500835, 'scale_lr': 0.3192728137435621}. Best is trial 330 with value: 0.36352008859471124.
checkpoint_e31 window_influence: 0.64618098733952967, penalty_k: 0.38434568480558495, scale_lr: 0.74048587710504066, EAO: 0.227
Trial 1080 finished with value: 0.2269233961513534 and parameters: {'window_influence': 0.6461809873395297, 'penalty_k': 0.38434568480558495, 'scale_lr': 0.7404858771050407}. Best is trial 330 with value: 0.36352008859471124.
checkpoint_e31 window_influence: 0.50241296354625420, penalty_k: 0.05795261986534610, scale_lr: 0.26563212958267668, EAO: 0.348
Trial 1081 finished with value: 0.3481749523474549 and parameters: {'window_influence': 0.5024129635462542, 'penalty_k': 0.0579526198653461, 'scale_lr': 0.2656321295826767}. Best is trial 330 with value: 0.36352008859471124.
checkpoint_e31 window_influence: 0.49185366515381324, penalty_k: 0.08878541344721730, scale_lr: 0.42438914498788627, EAO: 0.320
Trial 1082 finished with value: 0.31980019291783124 and parameters: {'window_influence': 0.49185366515381324, 'penalty_k': 0.0887854134472173, 'scale_lr': 0.42438914498788627}. Best is trial 330 with value: 0.36352008859471124.
checkpoint_e31 window_influence: 0.33521757478735015, penalty_k: 0.01066341549674233, scale_lr: 0.11128951698212605, EAO: 0.314
Trial 1083 finished with value: 0.3141480526571608 and parameters: {'window_influence': 0.33521757478735015, 'penalty_k': 0.01066341549674233, 'scale_lr': 0.11128951698212605}. Best is trial 330 with value: 0.36352008859471124.
checkpoint_e31 window_influence: 0.53433805422212577, penalty_k: 0.12185186351975176, scale_lr: 0.39280354528099348, EAO: 0.315
Trial 1084 finished with value: 0.31490401900463993 and parameters: {'window_influence': 0.5343380542221258, 'penalty_k': 0.12185186351975176, 'scale_lr': 0.3928035452809935}. Best is trial 330 with value: 0.36352008859471124.
checkpoint_e31 window_influence: 0.13336542126515266, penalty_k: 0.33289149765741072, scale_lr: 0.13517266805805792, EAO: 0.263
Trial 1085 finished with value: 0.26296146370557494 and parameters: {'window_influence': 0.13336542126515266, 'penalty_k': 0.3328914976574107, 'scale_lr': 0.13517266805805792}. Best is trial 330 with value: 0.36352008859471124.
checkpoint_e31 window_influence: 0.51245938006931580, penalty_k: 0.03487106008498296, scale_lr: 0.15488240694219021, EAO: 0.341
Trial 1086 finished with value: 0.34107970913096625 and parameters: {'window_influence': 0.5124593800693158, 'penalty_k': 0.03487106008498296, 'scale_lr': 0.15488240694219021}. Best is trial 330 with value: 0.36352008859471124.
checkpoint_e31 window_influence: 0.48100251323930027, penalty_k: 0.02153338007929852, scale_lr: 0.57970698402806509, EAO: 0.350
Trial 1087 finished with value: 0.34989718831930644 and parameters: {'window_influence': 0.48100251323930027, 'penalty_k': 0.021533380079298524, 'scale_lr': 0.5797069840280651}. Best is trial 330 with value: 0.36352008859471124.
checkpoint_e31 window_influence: 0.14057371596234916, penalty_k: 0.19849868498993545, scale_lr: 0.54597145006626080, EAO: 0.272
Trial 1088 finished with value: 0.2715718125206951 and parameters: {'window_influence': 0.14057371596234916, 'penalty_k': 0.19849868498993545, 'scale_lr': 0.5459714500662608}. Best is trial 330 with value: 0.36352008859471124.
checkpoint_e31 window_influence: 0.61232688392617352, penalty_k: 0.06636218173212939, scale_lr: 0.18109764070483717, EAO: 0.284
Trial 1089 finished with value: 0.28418531776170325 and parameters: {'window_influence': 0.6123268839261735, 'penalty_k': 0.06636218173212939, 'scale_lr': 0.18109764070483717}. Best is trial 330 with value: 0.36352008859471124.
checkpoint_e31 window_influence: 0.44289289821524747, penalty_k: 0.04981888398344925, scale_lr: 0.24613544844791130, EAO: 0.321
Trial 1090 finished with value: 0.32110707560401947 and parameters: {'window_influence': 0.44289289821524747, 'penalty_k': 0.049818883983449254, 'scale_lr': 0.2461354484479113}. Best is trial 330 with value: 0.36352008859471124.
checkpoint_e31 window_influence: 0.46114637596086533, penalty_k: 0.00004281098853111, scale_lr: 0.23062624789337724, EAO: 0.337
Trial 1091 finished with value: 0.3370710177644218 and parameters: {'window_influence': 0.46114637596086533, 'penalty_k': 4.28109885311106e-05, 'scale_lr': 0.23062624789337724}. Best is trial 330 with value: 0.36352008859471124.
checkpoint_e31 window_influence: 0.50064521325680145, penalty_k: 0.15138961780375582, scale_lr: 0.51707015911211474, EAO: 0.317
Trial 1092 finished with value: 0.31739339893430124 and parameters: {'window_influence': 0.5006452132568014, 'penalty_k': 0.15138961780375582, 'scale_lr': 0.5170701591121147}. Best is trial 330 with value: 0.36352008859471124.
checkpoint_e31 window_influence: 0.10351014369468622, penalty_k: 0.11105596992280503, scale_lr: 0.67722264183721748, EAO: 0.267
Trial 1093 finished with value: 0.26663225384769734 and parameters: {'window_influence': 0.10351014369468622, 'penalty_k': 0.11105596992280503, 'scale_lr': 0.6772226418372175}. Best is trial 330 with value: 0.36352008859471124.
checkpoint_e31 window_influence: 0.52697103203850448, penalty_k: 0.13667840353181362, scale_lr: 0.12948858738005170, EAO: 0.324
Trial 1094 finished with value: 0.3240234583964144 and parameters: {'window_influence': 0.5269710320385045, 'penalty_k': 0.13667840353181362, 'scale_lr': 0.1294885873800517}. Best is trial 330 with value: 0.36352008859471124.
checkpoint_e31 window_influence: 0.31536520470289459, penalty_k: 0.31726145820889629, scale_lr: 0.10028443256248494, EAO: 0.303
Trial 1095 finished with value: 0.3025989224010868 and parameters: {'window_influence': 0.3153652047028946, 'penalty_k': 0.3172614582088963, 'scale_lr': 0.10028443256248494}. Best is trial 330 with value: 0.36352008859471124.
checkpoint_e31 window_influence: 0.51345746127044123, penalty_k: 0.59457190693070472, scale_lr: 0.40760199597670654, EAO: 0.296
Trial 1096 finished with value: 0.29649115710406915 and parameters: {'window_influence': 0.5134574612704412, 'penalty_k': 0.5945719069307047, 'scale_lr': 0.40760199597670654}. Best is trial 330 with value: 0.36352008859471124.
checkpoint_e31 window_influence: 0.48630938525311124, penalty_k: 0.27629392241325701, scale_lr: 0.20754892884197751, EAO: 0.324
Trial 1097 finished with value: 0.32409921891494486 and parameters: {'window_influence': 0.48630938525311124, 'penalty_k': 0.276293922413257, 'scale_lr': 0.2075489288419775}. Best is trial 330 with value: 0.36352008859471124.
checkpoint_e31 window_influence: 0.46729972757284483, penalty_k: 0.36991254895897774, scale_lr: 0.59170580248261062, EAO: 0.328
Trial 1098 finished with value: 0.32845145023286576 and parameters: {'window_influence': 0.4672997275728448, 'penalty_k': 0.36991254895897774, 'scale_lr': 0.5917058024826106}. Best is trial 330 with value: 0.36352008859471124.
checkpoint_e31 window_influence: 0.55562833972192915, penalty_k: 0.08147505141342384, scale_lr: 0.63332276114126862, EAO: 0.286
Trial 1099 finished with value: 0.2855652837437878 and parameters: {'window_influence': 0.5556283397219292, 'penalty_k': 0.08147505141342384, 'scale_lr': 0.6333227611412686}. Best is trial 330 with value: 0.36352008859471124.
checkpoint_e31 window_influence: 0.49697020286390547, penalty_k: 0.10024110987718243, scale_lr: 0.46915773166909236, EAO: 0.312
Trial 1100 finished with value: 0.31180216412599915 and parameters: {'window_influence': 0.4969702028639055, 'penalty_k': 0.10024110987718243, 'scale_lr': 0.46915773166909236}. Best is trial 330 with value: 0.36352008859471124.
checkpoint_e31 window_influence: 0.47800630461793875, penalty_k: 0.59212091918523679, scale_lr: 0.35059610620270670, EAO: 0.300
Trial 1101 finished with value: 0.3004652646149179 and parameters: {'window_influence': 0.47800630461793875, 'penalty_k': 0.5921209191852368, 'scale_lr': 0.3505961062027067}. Best is trial 330 with value: 0.36352008859471124.
checkpoint_e31 window_influence: 0.17694661317852736, penalty_k: 0.25339644294418429, scale_lr: 0.16742674386614920, EAO: 0.289
Trial 1102 finished with value: 0.2887588948127361 and parameters: {'window_influence': 0.17694661317852736, 'penalty_k': 0.2533964429441843, 'scale_lr': 0.1674267438661492}. Best is trial 330 with value: 0.36352008859471124.
checkpoint_e31 window_influence: 0.51061598116234919, penalty_k: 0.59825384250359870, scale_lr: 0.71570672130397195, EAO: 0.299
Trial 1103 finished with value: 0.29949902879356877 and parameters: {'window_influence': 0.5106159811623492, 'penalty_k': 0.5982538425035987, 'scale_lr': 0.715706721303972}. Best is trial 330 with value: 0.36352008859471124.
checkpoint_e31 window_influence: 0.49096961562275077, penalty_k: 0.03329152550123235, scale_lr: 0.57183920712382086, EAO: 0.322
Trial 1104 finished with value: 0.32166443388285804 and parameters: {'window_influence': 0.49096961562275077, 'penalty_k': 0.03329152550123235, 'scale_lr': 0.5718392071238209}. Best is trial 330 with value: 0.36352008859471124.
checkpoint_e31 window_influence: 0.50231071479969036, penalty_k: 0.01612495932853955, scale_lr: 0.11685832849687262, EAO: 0.351
Trial 1105 finished with value: 0.35132218543657534 and parameters: {'window_influence': 0.5023107147996904, 'penalty_k': 0.016124959328539547, 'scale_lr': 0.11685832849687262}. Best is trial 330 with value: 0.36352008859471124.
checkpoint_e31 window_influence: 0.52134443292040888, penalty_k: 0.01197468824967510, scale_lr: 0.11525676303058445, EAO: 0.333
Trial 1106 finished with value: 0.3327420371283817 and parameters: {'window_influence': 0.5213444329204089, 'penalty_k': 0.011974688249675104, 'scale_lr': 0.11525676303058445}. Best is trial 330 with value: 0.36352008859471124.
checkpoint_e31 window_influence: 0.29843056165725995, penalty_k: 0.01752473070623452, scale_lr: 0.14156449584096495, EAO: 0.292
Trial 1107 finished with value: 0.2915000883637699 and parameters: {'window_influence': 0.29843056165725995, 'penalty_k': 0.017524730706234525, 'scale_lr': 0.14156449584096495}. Best is trial 330 with value: 0.36352008859471124.
checkpoint_e31 window_influence: 0.50308466658948048, penalty_k: 0.00986303481909438, scale_lr: 0.12018103368285493, EAO: 0.328
Trial 1108 finished with value: 0.3277016964519998 and parameters: {'window_influence': 0.5030846665894805, 'penalty_k': 0.009863034819094377, 'scale_lr': 0.12018103368285493}. Best is trial 330 with value: 0.36352008859471124.
checkpoint_e31 window_influence: 0.09597945736675983, penalty_k: 0.02238416100571095, scale_lr: 0.10027453014298596, EAO: 0.268
Trial 1109 finished with value: 0.2683985466971008 and parameters: {'window_influence': 0.09597945736675983, 'penalty_k': 0.022384161005710945, 'scale_lr': 0.10027453014298596}. Best is trial 330 with value: 0.36352008859471124.
checkpoint_e31 window_influence: 0.64961008223136307, penalty_k: 0.00053807862874775, scale_lr: 0.13131369728892939, EAO: 0.263
Trial 1110 finished with value: 0.2630968927641323 and parameters: {'window_influence': 0.6496100822313631, 'penalty_k': 0.0005380786287477533, 'scale_lr': 0.1313136972889294}. Best is trial 330 with value: 0.36352008859471124.
checkpoint_e31 window_influence: 0.37149227740355151, penalty_k: 0.02867205919342619, scale_lr: 0.65729002925567614, EAO: 0.320
Trial 1111 finished with value: 0.3200535967888071 and parameters: {'window_influence': 0.3714922774035515, 'penalty_k': 0.02867205919342619, 'scale_lr': 0.6572900292556761}. Best is trial 330 with value: 0.36352008859471124.
checkpoint_e31 window_influence: 0.45136581112251678, penalty_k: 0.01008113396211550, scale_lr: 0.14979999610587322, EAO: 0.325
Trial 1112 finished with value: 0.32501911212498114 and parameters: {'window_influence': 0.4513658111225168, 'penalty_k': 0.010081133962115496, 'scale_lr': 0.14979999610587322}. Best is trial 330 with value: 0.36352008859471124.
checkpoint_e31 window_influence: 0.29203917967665260, penalty_k: 0.01828875376195772, scale_lr: 0.49410235214666343, EAO: 0.303
Trial 1113 finished with value: 0.3033403631894041 and parameters: {'window_influence': 0.2920391796766526, 'penalty_k': 0.018288753761957717, 'scale_lr': 0.4941023521466634}. Best is trial 330 with value: 0.36352008859471124.
checkpoint_e31 window_influence: 0.47305807251986559, penalty_k: 0.02861184490991303, scale_lr: 0.53985580675345191, EAO: 0.334
Trial 1114 finished with value: 0.33388629010679194 and parameters: {'window_influence': 0.4730580725198656, 'penalty_k': 0.028611844909913035, 'scale_lr': 0.5398558067534519}. Best is trial 330 with value: 0.36352008859471124.
checkpoint_e31 window_influence: 0.54064152733007409, penalty_k: 0.57308122808741668, scale_lr: 0.11737994789966776, EAO: 0.281
Trial 1115 finished with value: 0.2805896851919041 and parameters: {'window_influence': 0.5406415273300741, 'penalty_k': 0.5730812280874167, 'scale_lr': 0.11737994789966776}. Best is trial 330 with value: 0.36352008859471124.
checkpoint_e31 window_influence: 0.48760627528413253, penalty_k: 0.17402100366873435, scale_lr: 0.13354289648223730, EAO: 0.328
Trial 1116 finished with value: 0.3278374900961664 and parameters: {'window_influence': 0.48760627528413253, 'penalty_k': 0.17402100366873435, 'scale_lr': 0.1335428964822373}. Best is trial 330 with value: 0.36352008859471124.
checkpoint_e31 window_influence: 0.50360279376505557, penalty_k: 0.23240923283389617, scale_lr: 0.52213173214752406, EAO: 0.322
Trial 1117 finished with value: 0.32154635371865004 and parameters: {'window_influence': 0.5036027937650556, 'penalty_k': 0.23240923283389617, 'scale_lr': 0.5221317321475241}. Best is trial 330 with value: 0.36352008859471124.
checkpoint_e31 window_influence: 0.33913723989316708, penalty_k: 0.00018697731061481, scale_lr: 0.69031920295462812, EAO: 0.321
Trial 1118 finished with value: 0.3213576080154352 and parameters: {'window_influence': 0.3391372398931671, 'penalty_k': 0.0001869773106148078, 'scale_lr': 0.6903192029546281}. Best is trial 330 with value: 0.36352008859471124.
checkpoint_e31 window_influence: 0.40993157383617501, penalty_k: 0.03671891996394334, scale_lr: 0.55374928956814340, EAO: 0.314
Trial 1119 finished with value: 0.31387814722868257 and parameters: {'window_influence': 0.409931573836175, 'penalty_k': 0.036718919963943344, 'scale_lr': 0.5537492895681434}. Best is trial 330 with value: 0.36352008859471124.
checkpoint_e31 window_influence: 0.46410395094304918, penalty_k: 0.01837917294289716, scale_lr: 0.61174948133815721, EAO: 0.319
Trial 1120 finished with value: 0.318957556140562 and parameters: {'window_influence': 0.4641039509430492, 'penalty_k': 0.018379172942897155, 'scale_lr': 0.6117494813381572}. Best is trial 330 with value: 0.36352008859471124.
checkpoint_e31 window_influence: 0.21345823337191655, penalty_k: 0.52481595290687721, scale_lr: 0.56518345958016503, EAO: 0.281
Trial 1121 finished with value: 0.2811500169191843 and parameters: {'window_influence': 0.21345823337191655, 'penalty_k': 0.5248159529068772, 'scale_lr': 0.565183459580165}. Best is trial 330 with value: 0.36352008859471124.
checkpoint_e31 window_influence: 0.51955596233225154, penalty_k: 0.11182111801982382, scale_lr: 0.10004140332801664, EAO: 0.329
Trial 1122 finished with value: 0.32924246347367997 and parameters: {'window_influence': 0.5195559623322515, 'penalty_k': 0.11182111801982382, 'scale_lr': 0.10004140332801664}. Best is trial 330 with value: 0.36352008859471124.
checkpoint_e31 window_influence: 0.48211881518494454, penalty_k: 0.37920866122823949, scale_lr: 0.11183871786912239, EAO: 0.309
Trial 1123 finished with value: 0.30877753738531344 and parameters: {'window_influence': 0.48211881518494454, 'penalty_k': 0.3792086612282395, 'scale_lr': 0.11183871786912239}. Best is trial 330 with value: 0.36352008859471124.
checkpoint_e31 window_influence: 0.19463842522962527, penalty_k: 0.44663028154981466, scale_lr: 0.14616626825791801, EAO: 0.274
Trial 1124 finished with value: 0.27390474597071857 and parameters: {'window_influence': 0.19463842522962527, 'penalty_k': 0.44663028154981466, 'scale_lr': 0.146166268257918}. Best is trial 330 with value: 0.36352008859471124.
checkpoint_e31 window_influence: 0.28277341262085165, penalty_k: 0.28661983763040166, scale_lr: 0.60041225717332969, EAO: 0.307
Trial 1125 finished with value: 0.3073864805907127 and parameters: {'window_influence': 0.28277341262085165, 'penalty_k': 0.28661983763040166, 'scale_lr': 0.6004122571733297}. Best is trial 330 with value: 0.36352008859471124.
checkpoint_e31 window_influence: 0.43088703784086330, penalty_k: 0.57275854418123928, scale_lr: 0.12784990859176462, EAO: 0.289
Trial 1126 finished with value: 0.28939851857576854 and parameters: {'window_influence': 0.4308870378408633, 'penalty_k': 0.5727585441812393, 'scale_lr': 0.12784990859176462}. Best is trial 330 with value: 0.36352008859471124.
checkpoint_e31 window_influence: 0.49529217540242854, penalty_k: 0.04196046209841120, scale_lr: 0.19125289145777011, EAO: 0.333
Trial 1127 finished with value: 0.3326595524753578 and parameters: {'window_influence': 0.49529217540242854, 'penalty_k': 0.0419604620984112, 'scale_lr': 0.1912528914577701}. Best is trial 330 with value: 0.36352008859471124.
checkpoint_e31 window_influence: 0.36665345111586850, penalty_k: 0.12406787104259709, scale_lr: 0.72599520600741507, EAO: 0.312
