Trial 1790 finished with value: 0.2598130976643544 and parameters: {'window_influence': 0.5574780006307305, 'penalty_k': 0.40053617215884557, 'scale_lr': 0.6512131318053923}. Best is trial 1136 with value: 0.3697957394188016.
checkpoint_e33 window_influence: 0.33631007265807938, penalty_k: 0.29853045587420468, scale_lr: 0.62556972063098526, EAO: 0.308
Trial 1791 finished with value: 0.3076832996036292 and parameters: {'window_influence': 0.3363100726580794, 'penalty_k': 0.2985304558742047, 'scale_lr': 0.6255697206309853}. Best is trial 1136 with value: 0.3697957394188016.
checkpoint_e33 window_influence: 0.52044226538733129, penalty_k: 0.24152479611603778, scale_lr: 0.45391802898077310, EAO: 0.304
Trial 1792 finished with value: 0.30420271762382195 and parameters: {'window_influence': 0.5204422653873313, 'penalty_k': 0.24152479611603778, 'scale_lr': 0.4539180289807731}. Best is trial 1136 with value: 0.3697957394188016.
checkpoint_e33 window_influence: 0.47219623337300931, penalty_k: 0.06013123964652395, scale_lr: 0.35909509481153090, EAO: 0.364
Trial 1793 finished with value: 0.36356471983375255 and parameters: {'window_influence': 0.4721962333730093, 'penalty_k': 0.06013123964652395, 'scale_lr': 0.3590950948115309}. Best is trial 1136 with value: 0.3697957394188016.
checkpoint_e33 window_influence: 0.63037716259566146, penalty_k: 0.58018818195539157, scale_lr: 0.34717820164075508, EAO: 0.223
Trial 1794 finished with value: 0.22306048510603405 and parameters: {'window_influence': 0.6303771625956615, 'penalty_k': 0.5801881819553916, 'scale_lr': 0.3471782016407551}. Best is trial 1136 with value: 0.3697957394188016.
checkpoint_e33 window_influence: 0.46819573075547871, penalty_k: 0.05925679004819377, scale_lr: 0.35277035905163645, EAO: 0.344
Trial 1795 finished with value: 0.3440182489643765 and parameters: {'window_influence': 0.4681957307554787, 'penalty_k': 0.059256790048193765, 'scale_lr': 0.35277035905163645}. Best is trial 1136 with value: 0.3697957394188016.
checkpoint_e33 window_influence: 0.22523560273527968, penalty_k: 0.06655364561379852, scale_lr: 0.34770492530699026, EAO: 0.280
Trial 1796 finished with value: 0.27973325092504925 and parameters: {'window_influence': 0.22523560273527968, 'penalty_k': 0.06655364561379852, 'scale_lr': 0.34770492530699026}. Best is trial 1136 with value: 0.3697957394188016.
checkpoint_e33 window_influence: 0.46079820592041704, penalty_k: 0.06706625392889513, scale_lr: 0.36114062990537421, EAO: 0.353
Trial 1797 finished with value: 0.3526721523661558 and parameters: {'window_influence': 0.46079820592041704, 'penalty_k': 0.06706625392889513, 'scale_lr': 0.3611406299053742}. Best is trial 1136 with value: 0.3697957394188016.
checkpoint_e33 window_influence: 0.45041652375539509, penalty_k: 0.06106398413622036, scale_lr: 0.25878987423111810, EAO: 0.325
Trial 1798 finished with value: 0.32492854472264243 and parameters: {'window_influence': 0.4504165237553951, 'penalty_k': 0.06106398413622036, 'scale_lr': 0.2587898742311181}. Best is trial 1136 with value: 0.3697957394188016.
checkpoint_e33 window_influence: 0.47437768400544200, penalty_k: 0.36133890247122769, scale_lr: 0.36160297337057651, EAO: 0.318
Trial 1799 finished with value: 0.31758718233164185 and parameters: {'window_influence': 0.474377684005442, 'penalty_k': 0.3613389024712277, 'scale_lr': 0.3616029733705765}. Best is trial 1136 with value: 0.3697957394188016.
checkpoint_e33 window_influence: 0.45745897702871197, penalty_k: 0.21100428531962123, scale_lr: 0.22006903404677064, EAO: 0.340
Trial 1800 finished with value: 0.34006214884004704 and parameters: {'window_influence': 0.45745897702871197, 'penalty_k': 0.21100428531962123, 'scale_lr': 0.22006903404677064}. Best is trial 1136 with value: 0.3697957394188016.
checkpoint_e33 window_influence: 0.15398753424301773, penalty_k: 0.12955292530109500, scale_lr: 0.31196459371765195, EAO: 0.279
Trial 1801 finished with value: 0.27861939069130076 and parameters: {'window_influence': 0.15398753424301773, 'penalty_k': 0.129552925301095, 'scale_lr': 0.31196459371765195}. Best is trial 1136 with value: 0.3697957394188016.
checkpoint_e33 window_influence: 0.47093034182129723, penalty_k: 0.05099427244127396, scale_lr: 0.37155201215619110, EAO: 0.335
Trial 1802 finished with value: 0.33464694521770405 and parameters: {'window_influence': 0.4709303418212972, 'penalty_k': 0.05099427244127396, 'scale_lr': 0.3715520121561911}. Best is trial 1136 with value: 0.3697957394188016.
checkpoint_e33 window_influence: 0.30802059690997741, penalty_k: 0.44312294780375394, scale_lr: 0.32672588695793842, EAO: 0.311
Trial 1803 finished with value: 0.3105609724841693 and parameters: {'window_influence': 0.3080205969099774, 'penalty_k': 0.44312294780375394, 'scale_lr': 0.3267258869579384}. Best is trial 1136 with value: 0.3697957394188016.
checkpoint_e33 window_influence: 0.43810383632195982, penalty_k: 0.06827041950510773, scale_lr: 0.36673398763024401, EAO: 0.341
Trial 1804 finished with value: 0.3412832404388992 and parameters: {'window_influence': 0.4381038363219598, 'penalty_k': 0.06827041950510773, 'scale_lr': 0.366733987630244}. Best is trial 1136 with value: 0.3697957394188016.
checkpoint_e33 window_influence: 0.47920923973341656, penalty_k: 0.25954314751643315, scale_lr: 0.32223276736180784, EAO: 0.326
Trial 1805 finished with value: 0.3262421433099977 and parameters: {'window_influence': 0.47920923973341656, 'penalty_k': 0.25954314751643315, 'scale_lr': 0.32223276736180784}. Best is trial 1136 with value: 0.3697957394188016.
checkpoint_e33 window_influence: 0.57681966497125392, penalty_k: 0.19303128397765001, scale_lr: 0.38263063388729057, EAO: 0.289
Trial 1806 finished with value: 0.2885289809119377 and parameters: {'window_influence': 0.5768196649712539, 'penalty_k': 0.19303128397765001, 'scale_lr': 0.38263063388729057}. Best is trial 1136 with value: 0.3697957394188016.
checkpoint_e33 window_influence: 0.45145349529469853, penalty_k: 0.22725683734458879, scale_lr: 0.38582150138761584, EAO: 0.340
Trial 1807 finished with value: 0.3402784760128199 and parameters: {'window_influence': 0.4514534952946985, 'penalty_k': 0.2272568373445888, 'scale_lr': 0.38582150138761584}. Best is trial 1136 with value: 0.3697957394188016.
checkpoint_e33 window_influence: 0.46325699261741771, penalty_k: 0.05761508797484661, scale_lr: 0.67451681231471905, EAO: 0.359
Trial 1808 finished with value: 0.35869455789777555 and parameters: {'window_influence': 0.4632569926174177, 'penalty_k': 0.05761508797484661, 'scale_lr': 0.674516812314719}. Best is trial 1136 with value: 0.3697957394188016.
checkpoint_e33 window_influence: 0.38831699912369005, penalty_k: 0.12353115890343214, scale_lr: 0.31061465274399636, EAO: 0.321
Trial 1809 finished with value: 0.3207563963149772 and parameters: {'window_influence': 0.38831699912369005, 'penalty_k': 0.12353115890343214, 'scale_lr': 0.31061465274399636}. Best is trial 1136 with value: 0.3697957394188016.
checkpoint_e33 window_influence: 0.48312128737999110, penalty_k: 0.13727739882531487, scale_lr: 0.28627568360660882, EAO: 0.347
Trial 1810 finished with value: 0.34710034264200856 and parameters: {'window_influence': 0.4831212873799911, 'penalty_k': 0.13727739882531487, 'scale_lr': 0.2862756836066088}. Best is trial 1136 with value: 0.3697957394188016.
checkpoint_e33 window_influence: 0.42499495093506950, penalty_k: 0.17476301474729719, scale_lr: 0.36319779385540391, EAO: 0.327
Trial 1811 finished with value: 0.3271710251671795 and parameters: {'window_influence': 0.4249949509350695, 'penalty_k': 0.1747630147472972, 'scale_lr': 0.3631977938554039}. Best is trial 1136 with value: 0.3697957394188016.
checkpoint_e33 window_influence: 0.22887703012592053, penalty_k: 0.53261166963931728, scale_lr: 0.34371971144212454, EAO: 0.263
Trial 1812 finished with value: 0.2626967213265163 and parameters: {'window_influence': 0.22887703012592053, 'penalty_k': 0.5326116696393173, 'scale_lr': 0.34371971144212454}. Best is trial 1136 with value: 0.3697957394188016.
checkpoint_e33 window_influence: 0.47074725359148584, penalty_k: 0.11241295512173524, scale_lr: 0.38653537628470097, EAO: 0.341
Trial 1813 finished with value: 0.34078552391278605 and parameters: {'window_influence': 0.47074725359148584, 'penalty_k': 0.11241295512173524, 'scale_lr': 0.38653537628470097}. Best is trial 1136 with value: 0.3697957394188016.
Trial 1814 failed with parameters: {'window_influence': 0.4420212224344713, 'penalty_k': 0.04562625854853204, 'scale_lr': 0.7001503803885496} because of the following error: KeyboardInterrupt().
Traceback (most recent call last):
  File "/home/n26092289/anaconda3/envs/my_siamban/lib/python3.7/site-packages/optuna/study/_optimize.py", line 200, in _run_trial
    value_or_values = func(trial)
  File "../../tools/tune.py", line 269, in objective
    outputs = tracker.track(img)
  File "../../tools/tune.py", line 127, in track
    score = self._convert_score(outputs['cls'])
  File "../../tools/tune.py", line 75, in _convert_score
    score = score.softmax(1).detach()[:, 1].cpu().numpy()
KeyboardInterrupt
Trial 1814 failed with value None.
A new study created in memory with name: no-name-09d62ca9-e5da-40a2-a5be-0cc8ea54e298
checkpoint_e33 window_influence: 0.62192888208861707, penalty_k: 0.48807076254996729, scale_lr: 0.59027098183667703, EAO: 0.232
Trial 0 finished with value: 0.23228292364322722 and parameters: {'window_influence': 0.6219288820886171, 'penalty_k': 0.4880707625499673, 'scale_lr': 0.590270981836677}. Best is trial 0 with value: 0.23228292364322722.
checkpoint_e33 window_influence: 0.55777640239906345, penalty_k: 0.42932731523918105, scale_lr: 0.70822460521787567, EAO: 0.266
Trial 1 finished with value: 0.26634094269823005 and parameters: {'window_influence': 0.5577764023990635, 'penalty_k': 0.42932731523918105, 'scale_lr': 0.7082246052178757}. Best is trial 1 with value: 0.26634094269823005.
checkpoint_e33 window_influence: 0.37235895141665737, penalty_k: 0.52170233390107057, scale_lr: 0.70478422590430345, EAO: 0.321
Trial 2 finished with value: 0.3207020527657832 and parameters: {'window_influence': 0.37235895141665737, 'penalty_k': 0.5217023339010706, 'scale_lr': 0.7047842259043035}. Best is trial 2 with value: 0.3207020527657832.
checkpoint_e33 window_influence: 0.64852958832741558, penalty_k: 0.32219502560335039, scale_lr: 0.51465003225434558, EAO: 0.223
Trial 3 finished with value: 0.22337182156074836 and parameters: {'window_influence': 0.6485295883274156, 'penalty_k': 0.3221950256033504, 'scale_lr': 0.5146500322543456}. Best is trial 2 with value: 0.3207020527657832.
checkpoint_e33 window_influence: 0.28519278248823682, penalty_k: 0.01374925630104940, scale_lr: 0.58234697348164066, EAO: 0.296
Trial 4 finished with value: 0.2960889669939702 and parameters: {'window_influence': 0.2851927824882368, 'penalty_k': 0.013749256301049395, 'scale_lr': 0.5823469734816407}. Best is trial 2 with value: 0.3207020527657832.
checkpoint_e33 window_influence: 0.32628186760624589, penalty_k: 0.19408589554819231, scale_lr: 0.13142956273528422, EAO: 0.319
Trial 5 finished with value: 0.3193602906938657 and parameters: {'window_influence': 0.3262818676062459, 'penalty_k': 0.1940858955481923, 'scale_lr': 0.13142956273528422}. Best is trial 2 with value: 0.3207020527657832.
checkpoint_e33 window_influence: 0.29042288610969941, penalty_k: 0.23323178123998839, scale_lr: 0.68943088069929359, EAO: 0.294
Trial 6 finished with value: 0.293819564267819 and parameters: {'window_influence': 0.2904228861096994, 'penalty_k': 0.2332317812399884, 'scale_lr': 0.6894308806992936}. Best is trial 2 with value: 0.3207020527657832.
checkpoint_e33 window_influence: 0.34884116556520972, penalty_k: 0.58397091134887258, scale_lr: 0.43520743118682303, EAO: 0.291
Trial 7 finished with value: 0.2907342978604573 and parameters: {'window_influence': 0.3488411655652097, 'penalty_k': 0.5839709113488726, 'scale_lr': 0.43520743118682303}. Best is trial 2 with value: 0.3207020527657832.
checkpoint_e33 window_influence: 0.35088507564027105, penalty_k: 0.02910942047104590, scale_lr: 0.30900996023761684, EAO: 0.316
Trial 8 finished with value: 0.31611476629856494 and parameters: {'window_influence': 0.35088507564027105, 'penalty_k': 0.029109420471045897, 'scale_lr': 0.30900996023761684}. Best is trial 2 with value: 0.3207020527657832.
checkpoint_e33 window_influence: 0.26340401835221466, penalty_k: 0.52680728620116368, scale_lr: 0.52917043863555968, EAO: 0.299
Trial 9 finished with value: 0.2994745239209572 and parameters: {'window_influence': 0.26340401835221466, 'penalty_k': 0.5268072862011637, 'scale_lr': 0.5291704386355597}. Best is trial 2 with value: 0.3207020527657832.
checkpoint_e33 window_influence: 0.05622039136582468, penalty_k: 0.58953055028103118, scale_lr: 0.75653410942246135, EAO: 0.227
Trial 10 finished with value: 0.22722061163952378 and parameters: {'window_influence': 0.056220391365824685, 'penalty_k': 0.5895305502810312, 'scale_lr': 0.7565341094224614}. Best is trial 2 with value: 0.3207020527657832.
checkpoint_e33 window_influence: 0.42459961431537552, penalty_k: 0.22521888401077533, scale_lr: 0.10749603901271026, EAO: 0.330
Trial 11 finished with value: 0.32952217409814843 and parameters: {'window_influence': 0.4245996143153755, 'penalty_k': 0.22521888401077533, 'scale_lr': 0.10749603901271026}. Best is trial 11 with value: 0.32952217409814843.
checkpoint_e33 window_influence: 0.46002315900161234, penalty_k: 0.35770402343487984, scale_lr: 0.12564224822827558, EAO: 0.320
Trial 12 finished with value: 0.31982939072852007 and parameters: {'window_influence': 0.46002315900161234, 'penalty_k': 0.35770402343487984, 'scale_lr': 0.12564224822827558}. Best is trial 11 with value: 0.32952217409814843.
checkpoint_e33 window_influence: 0.47108663009995722, penalty_k: 0.39802833872529797, scale_lr: 0.32136133015295065, EAO: 0.318
Trial 13 finished with value: 0.3177374189118003 and parameters: {'window_influence': 0.4710866300999572, 'penalty_k': 0.39802833872529797, 'scale_lr': 0.32136133015295065}. Best is trial 11 with value: 0.32952217409814843.
checkpoint_e33 window_influence: 0.43939394813092042, penalty_k: 0.27434932313507054, scale_lr: 0.66513480392290980, EAO: 0.328
Trial 14 finished with value: 0.3278517270830355 and parameters: {'window_influence': 0.4393939481309204, 'penalty_k': 0.27434932313507054, 'scale_lr': 0.6651348039229098}. Best is trial 11 with value: 0.32952217409814843.
checkpoint_e33 window_influence: 0.46536085785167181, penalty_k: 0.24860157124073790, scale_lr: 0.21026235856094502, EAO: 0.337
Trial 15 finished with value: 0.33724664053100556 and parameters: {'window_influence': 0.4653608578516718, 'penalty_k': 0.2486015712407379, 'scale_lr': 0.21026235856094502}. Best is trial 15 with value: 0.33724664053100556.
checkpoint_e33 window_influence: 0.51502364576478310, penalty_k: 0.16333562012231431, scale_lr: 0.19805035690657485, EAO: 0.325
Trial 16 finished with value: 0.3253562077010188 and parameters: {'window_influence': 0.5150236457647831, 'penalty_k': 0.1633356201223143, 'scale_lr': 0.19805035690657485}. Best is trial 15 with value: 0.33724664053100556.
checkpoint_e33 window_influence: 0.55580577597456726, penalty_k: 0.14380585003254515, scale_lr: 0.10344644892113757, EAO: 0.303
Trial 17 finished with value: 0.30274521713126956 and parameters: {'window_influence': 0.5558057759745673, 'penalty_k': 0.14380585003254515, 'scale_lr': 0.10344644892113757}. Best is trial 15 with value: 0.33724664053100556.
checkpoint_e33 window_influence: 0.41262652520023979, penalty_k: 0.26066484538231127, scale_lr: 0.21873760461560315, EAO: 0.346
Trial 18 finished with value: 0.34649084166330124 and parameters: {'window_influence': 0.4126265252002398, 'penalty_k': 0.26066484538231127, 'scale_lr': 0.21873760461560315}. Best is trial 18 with value: 0.34649084166330124.
checkpoint_e33 window_influence: 0.38972563562371965, penalty_k: 0.29696080807952802, scale_lr: 0.24640626864772666, EAO: 0.301
Trial 19 finished with value: 0.3012119539169022 and parameters: {'window_influence': 0.38972563562371965, 'penalty_k': 0.296960808079528, 'scale_lr': 0.24640626864772666}. Best is trial 18 with value: 0.34649084166330124.
checkpoint_e33 window_influence: 0.49725808393754045, penalty_k: 0.10165422115633344, scale_lr: 0.38559144939115758, EAO: 0.337
Trial 20 finished with value: 0.3374990251509596 and parameters: {'window_influence': 0.49725808393754045, 'penalty_k': 0.10165422115633344, 'scale_lr': 0.3855914493911576}. Best is trial 18 with value: 0.34649084166330124.
checkpoint_e33 window_influence: 0.51223654054940038, penalty_k: 0.09896833474381417, scale_lr: 0.37732521682318515, EAO: 0.329
Trial 21 finished with value: 0.3287057834260659 and parameters: {'window_influence': 0.5122365405494004, 'penalty_k': 0.09896833474381417, 'scale_lr': 0.37732521682318515}. Best is trial 18 with value: 0.34649084166330124.
checkpoint_e33 window_influence: 0.42285887060273319, penalty_k: 0.24822838927532104, scale_lr: 0.26165915046237237, EAO: 0.325
Trial 22 finished with value: 0.32465869605773157 and parameters: {'window_influence': 0.4228588706027332, 'penalty_k': 0.24822838927532104, 'scale_lr': 0.26165915046237237}. Best is trial 18 with value: 0.34649084166330124.
checkpoint_e33 window_influence: 0.49245791904792219, penalty_k: 0.09217230841605634, scale_lr: 0.21571634970561743, EAO: 0.338
Trial 23 finished with value: 0.3377947665837952 and parameters: {'window_influence': 0.4924579190479222, 'penalty_k': 0.09217230841605634, 'scale_lr': 0.21571634970561743}. Best is trial 18 with value: 0.34649084166330124.
checkpoint_e33 window_influence: 0.57759536940758383, penalty_k: 0.08005340565506953, scale_lr: 0.36932062509892610, EAO: 0.300
Trial 24 finished with value: 0.3001103438871844 and parameters: {'window_influence': 0.5775953694075838, 'penalty_k': 0.08005340565506953, 'scale_lr': 0.3693206250989261}. Best is trial 18 with value: 0.34649084166330124.
checkpoint_e33 window_influence: 0.50949476778120539, penalty_k: 0.11654394051909100, scale_lr: 0.17140661028008264, EAO: 0.321
Trial 25 finished with value: 0.3210984710821382 and parameters: {'window_influence': 0.5094947677812054, 'penalty_k': 0.116543940519091, 'scale_lr': 0.17140661028008264}. Best is trial 18 with value: 0.34649084166330124.
checkpoint_e33 window_influence: 0.40554527019004721, penalty_k: 0.06464879296490758, scale_lr: 0.26273312703374119, EAO: 0.317
Trial 26 finished with value: 0.31724020177752127 and parameters: {'window_influence': 0.4055452701900472, 'penalty_k': 0.06464879296490758, 'scale_lr': 0.2627331270337412}. Best is trial 18 with value: 0.34649084166330124.
checkpoint_e33 window_influence: 0.49333675212575390, penalty_k: 0.15181605238634957, scale_lr: 0.17918260891576496, EAO: 0.338
Trial 27 finished with value: 0.33835134478394624 and parameters: {'window_influence': 0.4933367521257539, 'penalty_k': 0.15181605238634957, 'scale_lr': 0.17918260891576496}. Best is trial 18 with value: 0.34649084166330124.
checkpoint_e33 window_influence: 0.60279452174939541, penalty_k: 0.17675294811386807, scale_lr: 0.17000608435156467, EAO: 0.286
Trial 28 finished with value: 0.2857139414966338 and parameters: {'window_influence': 0.6027945217493954, 'penalty_k': 0.17675294811386807, 'scale_lr': 0.17000608435156467}. Best is trial 18 with value: 0.34649084166330124.
checkpoint_e33 window_influence: 0.60906890585479212, penalty_k: 0.13817061847306347, scale_lr: 0.22563605027414968, EAO: 0.267
Trial 29 finished with value: 0.26674028952761847 and parameters: {'window_influence': 0.6090689058547921, 'penalty_k': 0.13817061847306347, 'scale_lr': 0.22563605027414968}. Best is trial 18 with value: 0.34649084166330124.
checkpoint_e33 window_influence: 0.55166874914488406, penalty_k: 0.19487243121796080, scale_lr: 0.16680580469247164, EAO: 0.297
Trial 30 finished with value: 0.29695415090957966 and parameters: {'window_influence': 0.5516687491448841, 'penalty_k': 0.1948724312179608, 'scale_lr': 0.16680580469247164}. Best is trial 18 with value: 0.34649084166330124.
checkpoint_e33 window_influence: 0.49333237457580048, penalty_k: 0.06399013110117313, scale_lr: 0.28947788035739846, EAO: 0.339
Trial 31 finished with value: 0.33925416311865186 and parameters: {'window_influence': 0.4933323745758005, 'penalty_k': 0.06399013110117313, 'scale_lr': 0.28947788035739846}. Best is trial 18 with value: 0.34649084166330124.
checkpoint_e33 window_influence: 0.46840587530401046, penalty_k: 0.05825007827738500, scale_lr: 0.29352437085908534, EAO: 0.325
Trial 32 finished with value: 0.32507858062996475 and parameters: {'window_influence': 0.46840587530401046, 'penalty_k': 0.058250078277385, 'scale_lr': 0.29352437085908534}. Best is trial 18 with value: 0.34649084166330124.
checkpoint_e33 window_influence: 0.54082805452020966, penalty_k: 0.13641522230789169, scale_lr: 0.23696107284994936, EAO: 0.298
Trial 33 finished with value: 0.29767424871253595 and parameters: {'window_influence': 0.5408280545202097, 'penalty_k': 0.1364152223078917, 'scale_lr': 0.23696107284994936}. Best is trial 18 with value: 0.34649084166330124.
checkpoint_e33 window_influence: 0.58668626963125714, penalty_k: 0.03893187356744518, scale_lr: 0.19128805386323403, EAO: 0.307
Trial 34 finished with value: 0.3068563242366806 and parameters: {'window_influence': 0.5866862696312571, 'penalty_k': 0.03893187356744518, 'scale_lr': 0.19128805386323403}. Best is trial 18 with value: 0.34649084166330124.
checkpoint_e33 window_influence: 0.49063851686137544, penalty_k: 0.01136611659529489, scale_lr: 0.27486106067951704, EAO: 0.340
Trial 35 finished with value: 0.34006531032142934 and parameters: {'window_influence': 0.49063851686137544, 'penalty_k': 0.011366116595294892, 'scale_lr': 0.27486106067951704}. Best is trial 18 with value: 0.34649084166330124.
checkpoint_e33 window_influence: 0.64749423622982849, penalty_k: 0.00497685688051074, scale_lr: 0.28168377957939977, EAO: 0.241
