Trial 186 finished with value: 0.3304835891329361 and parameters: {'window_influence': 0.4471659259574116, 'penalty_k': 0.1235357832270107, 'scale_lr': 0.2884193837518798}. Best is trial 128 with value: 0.3574732866732527.
checkpoint_e16 window_influence: 0.52561399069743098, penalty_k: 0.14605479007966959, scale_lr: 0.30453445920586941, EAO: 0.317
Trial 187 finished with value: 0.31734624220935287 and parameters: {'window_influence': 0.525613990697431, 'penalty_k': 0.1460547900796696, 'scale_lr': 0.3045344592058694}. Best is trial 128 with value: 0.3574732866732527.
checkpoint_e16 window_influence: 0.46940821692474999, penalty_k: 0.13294320576918311, scale_lr: 0.25631849418909286, EAO: 0.331
Trial 188 finished with value: 0.33145597136438126 and parameters: {'window_influence': 0.46940821692475, 'penalty_k': 0.13294320576918311, 'scale_lr': 0.25631849418909286}. Best is trial 128 with value: 0.3574732866732527.
checkpoint_e16 window_influence: 0.49550036356229404, penalty_k: 0.15598915558227142, scale_lr: 0.31373827687093647, EAO: 0.317
Trial 189 finished with value: 0.31711793340133787 and parameters: {'window_influence': 0.49550036356229404, 'penalty_k': 0.15598915558227142, 'scale_lr': 0.31373827687093647}. Best is trial 128 with value: 0.3574732866732527.
checkpoint_e16 window_influence: 0.46109345750210773, penalty_k: 0.16825725401181105, scale_lr: 0.22772233556579385, EAO: 0.333
Trial 190 finished with value: 0.33265135387966144 and parameters: {'window_influence': 0.46109345750210773, 'penalty_k': 0.16825725401181105, 'scale_lr': 0.22772233556579385}. Best is trial 128 with value: 0.3574732866732527.
checkpoint_e16 window_influence: 0.45580653468570625, penalty_k: 0.31285560828563963, scale_lr: 0.23714363597668872, EAO: 0.319
Trial 191 finished with value: 0.31871119187963615 and parameters: {'window_influence': 0.45580653468570625, 'penalty_k': 0.31285560828563963, 'scale_lr': 0.23714363597668872}. Best is trial 128 with value: 0.3574732866732527.
checkpoint_e16 window_influence: 0.48282443176327311, penalty_k: 0.16788930662016896, scale_lr: 0.26664825725029434, EAO: 0.334
Trial 192 finished with value: 0.33435216441692545 and parameters: {'window_influence': 0.4828244317632731, 'penalty_k': 0.16788930662016896, 'scale_lr': 0.26664825725029434}. Best is trial 128 with value: 0.3574732866732527.
checkpoint_e16 window_influence: 0.47053273144551289, penalty_k: 0.19433846632729762, scale_lr: 0.27230233956578814, EAO: 0.335
Trial 193 finished with value: 0.33500037258237253 and parameters: {'window_influence': 0.4705327314455129, 'penalty_k': 0.19433846632729762, 'scale_lr': 0.27230233956578814}. Best is trial 128 with value: 0.3574732866732527.
checkpoint_e16 window_influence: 0.46472785722970478, penalty_k: 0.19308636947684171, scale_lr: 0.21401654908602921, EAO: 0.312
Trial 194 finished with value: 0.31184291514905044 and parameters: {'window_influence': 0.4647278572297048, 'penalty_k': 0.1930863694768417, 'scale_lr': 0.2140165490860292}. Best is trial 128 with value: 0.3574732866732527.
checkpoint_e16 window_influence: 0.44676300702091176, penalty_k: 0.17017427269571786, scale_lr: 0.27287542508319845, EAO: 0.329
Trial 195 finished with value: 0.32908087678920434 and parameters: {'window_influence': 0.44676300702091176, 'penalty_k': 0.17017427269571786, 'scale_lr': 0.27287542508319845}. Best is trial 128 with value: 0.3574732866732527.
checkpoint_e16 window_influence: 0.47474067387824548, penalty_k: 0.20997805037938166, scale_lr: 0.21350419906807272, EAO: 0.305
Trial 196 finished with value: 0.3050914621886576 and parameters: {'window_influence': 0.4747406738782455, 'penalty_k': 0.20997805037938166, 'scale_lr': 0.21350419906807272}. Best is trial 128 with value: 0.3574732866732527.
checkpoint_e16 window_influence: 0.49514332700027908, penalty_k: 0.18249848029044058, scale_lr: 0.26176908349599204, EAO: 0.333
Trial 197 finished with value: 0.3333799710301574 and parameters: {'window_influence': 0.4951433270002791, 'penalty_k': 0.18249848029044058, 'scale_lr': 0.26176908349599204}. Best is trial 128 with value: 0.3574732866732527.
checkpoint_e16 window_influence: 0.50211519853146258, penalty_k: 0.18355167688708846, scale_lr: 0.25062309529776067, EAO: 0.312
Trial 198 finished with value: 0.3116834773627701 and parameters: {'window_influence': 0.5021151985314626, 'penalty_k': 0.18355167688708846, 'scale_lr': 0.25062309529776067}. Best is trial 128 with value: 0.3574732866732527.
checkpoint_e16 window_influence: 0.51115806362941218, penalty_k: 0.19719723575942746, scale_lr: 0.25713837314974691, EAO: 0.317
Trial 199 finished with value: 0.3169988743989848 and parameters: {'window_influence': 0.5111580636294122, 'penalty_k': 0.19719723575942746, 'scale_lr': 0.2571383731497469}. Best is trial 128 with value: 0.3574732866732527.
checkpoint_e16 window_influence: 0.48936688683895241, penalty_k: 0.17968499097444668, scale_lr: 0.27023197408851896, EAO: 0.315
Trial 200 finished with value: 0.3151839653805536 and parameters: {'window_influence': 0.4893668868389524, 'penalty_k': 0.17968499097444668, 'scale_lr': 0.27023197408851896}. Best is trial 128 with value: 0.3574732866732527.
checkpoint_e16 window_influence: 0.46095005511327941, penalty_k: 0.16784996698673260, scale_lr: 0.28766185591764298, EAO: 0.332
Trial 201 finished with value: 0.33237456654992087 and parameters: {'window_influence': 0.4609500551132794, 'penalty_k': 0.1678499669867326, 'scale_lr': 0.287661855917643}. Best is trial 128 with value: 0.3574732866732527.
checkpoint_e16 window_influence: 0.47608953178132374, penalty_k: 0.16654123330905429, scale_lr: 0.26585705342050930, EAO: 0.329
Trial 202 finished with value: 0.32867104249937523 and parameters: {'window_influence': 0.47608953178132374, 'penalty_k': 0.1665412333090543, 'scale_lr': 0.2658570534205093}. Best is trial 128 with value: 0.3574732866732527.
checkpoint_e16 window_influence: 0.49467357825721220, penalty_k: 0.20988955186603725, scale_lr: 0.24073805730498432, EAO: 0.305
Trial 203 finished with value: 0.30532312027907094 and parameters: {'window_influence': 0.4946735782572122, 'penalty_k': 0.20988955186603725, 'scale_lr': 0.24073805730498432}. Best is trial 128 with value: 0.3574732866732527.
checkpoint_e16 window_influence: 0.46566948870635771, penalty_k: 0.18382013002467265, scale_lr: 0.28398773003537070, EAO: 0.331
Trial 204 finished with value: 0.33103482894860353 and parameters: {'window_influence': 0.4656694887063577, 'penalty_k': 0.18382013002467265, 'scale_lr': 0.2839877300353707}. Best is trial 128 with value: 0.3574732866732527.
checkpoint_e16 window_influence: 0.47728355656368998, penalty_k: 0.16910508313581873, scale_lr: 0.22146858998555000, EAO: 0.340
Trial 205 finished with value: 0.3398342452624429 and parameters: {'window_influence': 0.47728355656369, 'penalty_k': 0.16910508313581873, 'scale_lr': 0.22146858998555}. Best is trial 128 with value: 0.3574732866732527.
checkpoint_e16 window_influence: 0.48223850978646521, penalty_k: 0.15549528563362905, scale_lr: 0.21215123919313170, EAO: 0.330
Trial 206 finished with value: 0.3296880156729472 and parameters: {'window_influence': 0.4822385097864652, 'penalty_k': 0.15549528563362905, 'scale_lr': 0.2121512391931317}. Best is trial 128 with value: 0.3574732866732527.
checkpoint_e16 window_influence: 0.50046898021140573, penalty_k: 0.19160193111767582, scale_lr: 0.25208483423609318, EAO: 0.311
Trial 207 finished with value: 0.3106293171528248 and parameters: {'window_influence': 0.5004689802114057, 'penalty_k': 0.19160193111767582, 'scale_lr': 0.2520848342360932}. Best is trial 128 with value: 0.3574732866732527.
checkpoint_e16 window_influence: 0.51838635274839007, penalty_k: 0.24000109290466670, scale_lr: 0.22762821567844851, EAO: 0.309
Trial 208 finished with value: 0.3091536353302373 and parameters: {'window_influence': 0.5183863527483901, 'penalty_k': 0.2400010929046667, 'scale_lr': 0.22762821567844851}. Best is trial 128 with value: 0.3574732866732527.
checkpoint_e16 window_influence: 0.47449041772741324, penalty_k: 0.17436582399147482, scale_lr: 0.19344776717341455, EAO: 0.338
Trial 209 finished with value: 0.3378884510539385 and parameters: {'window_influence': 0.47449041772741324, 'penalty_k': 0.17436582399147482, 'scale_lr': 0.19344776717341455}. Best is trial 128 with value: 0.3574732866732527.
checkpoint_e16 window_influence: 0.48957467105320618, penalty_k: 0.19853715169252892, scale_lr: 0.17504241508149188, EAO: 0.297
Trial 210 finished with value: 0.2969483249614211 and parameters: {'window_influence': 0.4895746710532062, 'penalty_k': 0.19853715169252892, 'scale_lr': 0.17504241508149188}. Best is trial 128 with value: 0.3574732866732527.
checkpoint_e16 window_influence: 0.47467601856173403, penalty_k: 0.16596551596347128, scale_lr: 0.19825237289770797, EAO: 0.319
Trial 211 finished with value: 0.31870275248813257 and parameters: {'window_influence': 0.474676018561734, 'penalty_k': 0.16596551596347128, 'scale_lr': 0.19825237289770797}. Best is trial 128 with value: 0.3574732866732527.
checkpoint_e16 window_influence: 0.47143676299076037, penalty_k: 0.17814868717298551, scale_lr: 0.26371794329017034, EAO: 0.344
Trial 212 finished with value: 0.3441929167810581 and parameters: {'window_influence': 0.47143676299076037, 'penalty_k': 0.17814868717298551, 'scale_lr': 0.26371794329017034}. Best is trial 128 with value: 0.3574732866732527.
checkpoint_e16 window_influence: 0.50132945065929246, penalty_k: 0.18080699532888259, scale_lr: 0.26692533998084034, EAO: 0.324
Trial 213 finished with value: 0.32433448227463063 and parameters: {'window_influence': 0.5013294506592925, 'penalty_k': 0.18080699532888259, 'scale_lr': 0.26692533998084034}. Best is trial 128 with value: 0.3574732866732527.
checkpoint_e16 window_influence: 0.48310560548423442, penalty_k: 0.14966729231879705, scale_lr: 0.27882380769642368, EAO: 0.345
Trial 214 finished with value: 0.34463340473082277 and parameters: {'window_influence': 0.4831056054842344, 'penalty_k': 0.14966729231879705, 'scale_lr': 0.2788238076964237}. Best is trial 128 with value: 0.3574732866732527.
checkpoint_e16 window_influence: 0.47624304003146745, penalty_k: 0.15045817696732572, scale_lr: 0.24663693604396408, EAO: 0.333
Trial 215 finished with value: 0.33314928499409197 and parameters: {'window_influence': 0.47624304003146745, 'penalty_k': 0.15045817696732572, 'scale_lr': 0.24663693604396408}. Best is trial 128 with value: 0.3574732866732527.
checkpoint_e16 window_influence: 0.48714838272569666, penalty_k: 0.15291280398414442, scale_lr: 0.25844602204057515, EAO: 0.338
Trial 216 finished with value: 0.3381172135646241 and parameters: {'window_influence': 0.48714838272569666, 'penalty_k': 0.15291280398414442, 'scale_lr': 0.25844602204057515}. Best is trial 128 with value: 0.3574732866732527.
checkpoint_e16 window_influence: 0.46973800724730436, penalty_k: 0.14562459993395185, scale_lr: 0.26304149822540435, EAO: 0.335
Trial 217 finished with value: 0.33534051031454065 and parameters: {'window_influence': 0.46973800724730436, 'penalty_k': 0.14562459993395185, 'scale_lr': 0.26304149822540435}. Best is trial 128 with value: 0.3574732866732527.
checkpoint_e16 window_influence: 0.44963075671685765, penalty_k: 0.14409513407758706, scale_lr: 0.24453450353815012, EAO: 0.320
Trial 218 finished with value: 0.3199180547829268 and parameters: {'window_influence': 0.44963075671685765, 'penalty_k': 0.14409513407758706, 'scale_lr': 0.24453450353815012}. Best is trial 128 with value: 0.3574732866732527.
checkpoint_e16 window_influence: 0.47088535660842851, penalty_k: 0.14928199072993248, scale_lr: 0.26312454088302351, EAO: 0.335
Trial 219 finished with value: 0.33476944499674477 and parameters: {'window_influence': 0.4708853566084285, 'penalty_k': 0.14928199072993248, 'scale_lr': 0.2631245408830235}. Best is trial 128 with value: 0.3574732866732527.
checkpoint_e16 window_influence: 0.43948703185137772, penalty_k: 0.15213538775757848, scale_lr: 0.27254563496264966, EAO: 0.319
Trial 220 finished with value: 0.318803668775911 and parameters: {'window_influence': 0.4394870318513777, 'penalty_k': 0.15213538775757848, 'scale_lr': 0.27254563496264966}. Best is trial 128 with value: 0.3574732866732527.
checkpoint_e16 window_influence: 0.47160392290189018, penalty_k: 0.13719505821786415, scale_lr: 0.25900281929403340, EAO: 0.340
Trial 221 finished with value: 0.3399043531965189 and parameters: {'window_influence': 0.4716039229018902, 'penalty_k': 0.13719505821786415, 'scale_lr': 0.2590028192940334}. Best is trial 128 with value: 0.3574732866732527.
checkpoint_e16 window_influence: 0.46968982248072744, penalty_k: 0.14197387888069635, scale_lr: 0.25412713006546334, EAO: 0.325
Trial 222 finished with value: 0.32494174778925305 and parameters: {'window_influence': 0.46968982248072744, 'penalty_k': 0.14197387888069635, 'scale_lr': 0.25412713006546334}. Best is trial 128 with value: 0.3574732866732527.
checkpoint_e16 window_influence: 0.47497342575386903, penalty_k: 0.15990865657171696, scale_lr: 0.29352024762610401, EAO: 0.348
Trial 223 finished with value: 0.3478419720430782 and parameters: {'window_influence': 0.474973425753869, 'penalty_k': 0.15990865657171696, 'scale_lr': 0.293520247626104}. Best is trial 128 with value: 0.3574732866732527.
checkpoint_e16 window_influence: 0.46617094730925501, penalty_k: 0.16154281092944586, scale_lr: 0.29505672416126183, EAO: 0.320
Trial 224 finished with value: 0.319582368555236 and parameters: {'window_influence': 0.466170947309255, 'penalty_k': 0.16154281092944586, 'scale_lr': 0.29505672416126183}. Best is trial 128 with value: 0.3574732866732527.
checkpoint_e16 window_influence: 0.45425607294923803, penalty_k: 0.14768935732466401, scale_lr: 0.71189872012536171, EAO: 0.318
Trial 225 finished with value: 0.31761144884365544 and parameters: {'window_influence': 0.45425607294923803, 'penalty_k': 0.147689357324664, 'scale_lr': 0.7118987201253617}. Best is trial 128 with value: 0.3574732866732527.
checkpoint_e16 window_influence: 0.47639549833871453, penalty_k: 0.13252808481549475, scale_lr: 0.29672662862713178, EAO: 0.338
Trial 226 finished with value: 0.3378459619872765 and parameters: {'window_influence': 0.47639549833871453, 'penalty_k': 0.13252808481549475, 'scale_lr': 0.2967266286271318}. Best is trial 128 with value: 0.3574732866732527.
checkpoint_e16 window_influence: 0.46729537305746816, penalty_k: 0.13809888588065186, scale_lr: 0.29884703806284124, EAO: 0.339
Trial 227 finished with value: 0.3386544206031102 and parameters: {'window_influence': 0.46729537305746816, 'penalty_k': 0.13809888588065186, 'scale_lr': 0.29884703806284124}. Best is trial 128 with value: 0.3574732866732527.
checkpoint_e16 window_influence: 0.43456182045347813, penalty_k: 0.26544591652822408, scale_lr: 0.30213986059880321, EAO: 0.323
Trial 228 finished with value: 0.3227815131153114 and parameters: {'window_influence': 0.43456182045347813, 'penalty_k': 0.2654459165282241, 'scale_lr': 0.3021398605988032}. Best is trial 128 with value: 0.3574732866732527.
checkpoint_e16 window_influence: 0.46867203880645636, penalty_k: 0.13648567655365737, scale_lr: 0.29707349618465062, EAO: 0.333
Trial 229 finished with value: 0.33325577072132423 and parameters: {'window_influence': 0.46867203880645636, 'penalty_k': 0.13648567655365737, 'scale_lr': 0.2970734961846506}. Best is trial 128 with value: 0.3574732866732527.
checkpoint_e16 window_influence: 0.45456510741080380, penalty_k: 0.14971296994736799, scale_lr: 0.32557018773165264, EAO: 0.342
Trial 230 finished with value: 0.3422156029638149 and parameters: {'window_influence': 0.4545651074108038, 'penalty_k': 0.149712969947368, 'scale_lr': 0.32557018773165264}. Best is trial 128 with value: 0.3574732866732527.
checkpoint_e16 window_influence: 0.45391465338812131, penalty_k: 0.15270211056803062, scale_lr: 0.31877504387254385, EAO: 0.346
Trial 231 finished with value: 0.3462018742867481 and parameters: {'window_influence': 0.4539146533881213, 'penalty_k': 0.15270211056803062, 'scale_lr': 0.31877504387254385}. Best is trial 128 with value: 0.3574732866732527.
checkpoint_e16 window_influence: 0.45028348581691124, penalty_k: 0.13684614760407895, scale_lr: 0.32761631630402305, EAO: 0.349
Trial 232 finished with value: 0.3494010609411544 and parameters: {'window_influence': 0.45028348581691124, 'penalty_k': 0.13684614760407895, 'scale_lr': 0.32761631630402305}. Best is trial 128 with value: 0.3574732866732527.
checkpoint_e16 window_influence: 0.44881167070517264, penalty_k: 0.14074704146667477, scale_lr: 0.32494976257932523, EAO: 0.354
Trial 233 finished with value: 0.35402222505339387 and parameters: {'window_influence': 0.44881167070517264, 'penalty_k': 0.14074704146667477, 'scale_lr': 0.32494976257932523}. Best is trial 128 with value: 0.3574732866732527.
checkpoint_e16 window_influence: 0.44440052876208214, penalty_k: 0.13435885199536834, scale_lr: 0.32591518186071405, EAO: 0.328
Trial 234 finished with value: 0.32809215702899236 and parameters: {'window_influence': 0.44440052876208214, 'penalty_k': 0.13435885199536834, 'scale_lr': 0.32591518186071405}. Best is trial 128 with value: 0.3574732866732527.
checkpoint_e16 window_influence: 0.45511078451589060, penalty_k: 0.12114324952731986, scale_lr: 0.33053293064901318, EAO: 0.324
Trial 235 finished with value: 0.3241596878270695 and parameters: {'window_influence': 0.4551107845158906, 'penalty_k': 0.12114324952731986, 'scale_lr': 0.3305329306490132}. Best is trial 128 with value: 0.3574732866732527.
checkpoint_e16 window_influence: 0.45018423132447954, penalty_k: 0.14007696537388695, scale_lr: 0.30949426834749405, EAO: 0.348
Trial 236 finished with value: 0.3479494379420225 and parameters: {'window_influence': 0.45018423132447954, 'penalty_k': 0.14007696537388695, 'scale_lr': 0.30949426834749405}. Best is trial 128 with value: 0.3574732866732527.
checkpoint_e16 window_influence: 0.44612400801596802, penalty_k: 0.13111400527361150, scale_lr: 0.32831536017531898, EAO: 0.344
Trial 237 finished with value: 0.3442093782155894 and parameters: {'window_influence': 0.446124008015968, 'penalty_k': 0.1311140052736115, 'scale_lr': 0.328315360175319}. Best is trial 128 with value: 0.3574732866732527.
checkpoint_e16 window_influence: 0.43487609316794029, penalty_k: 0.12975716570459428, scale_lr: 0.31685421430161337, EAO: 0.327
Trial 238 finished with value: 0.32747700085667786 and parameters: {'window_influence': 0.4348760931679403, 'penalty_k': 0.12975716570459428, 'scale_lr': 0.31685421430161337}. Best is trial 128 with value: 0.3574732866732527.
checkpoint_e16 window_influence: 0.44736605390534362, penalty_k: 0.13797765368107026, scale_lr: 0.31505526486704749, EAO: 0.336
Trial 239 finished with value: 0.3362615605968446 and parameters: {'window_influence': 0.4473660539053436, 'penalty_k': 0.13797765368107026, 'scale_lr': 0.3150552648670475}. Best is trial 128 with value: 0.3574732866732527.
checkpoint_e16 window_influence: 0.44602876161327049, penalty_k: 0.11445337748078849, scale_lr: 0.32557520355333264, EAO: 0.323
Trial 240 finished with value: 0.32336534606111655 and parameters: {'window_influence': 0.4460287616132705, 'penalty_k': 0.11445337748078849, 'scale_lr': 0.32557520355333264}. Best is trial 128 with value: 0.3574732866732527.
checkpoint_e16 window_influence: 0.45448542084255023, penalty_k: 0.13725413934558836, scale_lr: 0.31235153112459424, EAO: 0.335
Trial 241 finished with value: 0.3346087658915538 and parameters: {'window_influence': 0.4544854208425502, 'penalty_k': 0.13725413934558836, 'scale_lr': 0.31235153112459424}. Best is trial 128 with value: 0.3574732866732527.
checkpoint_e16 window_influence: 0.44303087305222594, penalty_k: 0.13493462816934990, scale_lr: 0.32784766885269068, EAO: 0.339
Trial 242 finished with value: 0.3387922546047181 and parameters: {'window_influence': 0.44303087305222594, 'penalty_k': 0.1349346281693499, 'scale_lr': 0.3278476688526907}. Best is trial 128 with value: 0.3574732866732527.
checkpoint_e16 window_influence: 0.43336722724911558, penalty_k: 0.11961889782236032, scale_lr: 0.33229757692820433, EAO: 0.328
Trial 243 finished with value: 0.32803546350289875 and parameters: {'window_influence': 0.4333672272491156, 'penalty_k': 0.11961889782236032, 'scale_lr': 0.33229757692820433}. Best is trial 128 with value: 0.3574732866732527.
checkpoint_e16 window_influence: 0.44252448835973024, penalty_k: 0.13326280350554490, scale_lr: 0.30819661314393182, EAO: 0.331
Trial 244 finished with value: 0.3311376540925252 and parameters: {'window_influence': 0.44252448835973024, 'penalty_k': 0.1332628035055449, 'scale_lr': 0.3081966131439318}. Best is trial 128 with value: 0.3574732866732527.
checkpoint_e16 window_influence: 0.42497133140214521, penalty_k: 0.14649747314560260, scale_lr: 0.33531678608514764, EAO: 0.311
Trial 245 finished with value: 0.3110406242224029 and parameters: {'window_influence': 0.4249713314021452, 'penalty_k': 0.1464974731456026, 'scale_lr': 0.33531678608514764}. Best is trial 128 with value: 0.3574732866732527.
checkpoint_e16 window_influence: 0.45703474728543997, penalty_k: 0.12773693573652825, scale_lr: 0.31830411015295013, EAO: 0.326
Trial 246 finished with value: 0.32598020258116817 and parameters: {'window_influence': 0.45703474728543997, 'penalty_k': 0.12773693573652825, 'scale_lr': 0.3183041101529501}. Best is trial 128 with value: 0.3574732866732527.
checkpoint_e16 window_influence: 0.44662126608859215, penalty_k: 0.15315404041362574, scale_lr: 0.32587190092307794, EAO: 0.325
Trial 247 finished with value: 0.3245048899826837 and parameters: {'window_influence': 0.44662126608859215, 'penalty_k': 0.15315404041362574, 'scale_lr': 0.32587190092307794}. Best is trial 128 with value: 0.3574732866732527.
checkpoint_e16 window_influence: 0.45618862273224231, penalty_k: 0.11604649701198094, scale_lr: 0.34128422496684646, EAO: 0.316
