A new study created in memory with name: no-name-fba92235-a82a-4742-971d-dfef5df178b9
checkpoint_e33 window_influence: 0.05138611395697001, penalty_k: 0.46744296742522368, scale_lr: 0.11317263316130881, EAO: 0.223
Trial 0 finished with value: 0.22261338417168258 and parameters: {'window_influence': 0.051386113956970014, 'penalty_k': 0.4674429674252237, 'scale_lr': 0.11317263316130881}. Best is trial 0 with value: 0.22261338417168258.
Trial 1 failed with parameters: {'window_influence': 0.20597136469084976, 'penalty_k': 0.09079550003508376, 'scale_lr': 0.4794696079684091} because of the following error: KeyboardInterrupt().
Traceback (most recent call last):
  File "/home/n26092289/anaconda3/envs/my_siamban/lib/python3.7/site-packages/optuna/study/_optimize.py", line 200, in _run_trial
    value_or_values = func(trial)
  File "../../tools/tune.py", line 269, in objective
    outputs = tracker.track(img)
  File "../../tools/tune.py", line 127, in track
    score = self._convert_score(outputs['cls'])
  File "../../tools/tune.py", line 75, in _convert_score
    score = score.softmax(1).detach()[:, 1].cpu().numpy()
KeyboardInterrupt
Trial 1 failed with value None.
A new study created in memory with name: no-name-5da25399-1061-4132-b989-3a6f5ff009ac
checkpoint_e33 window_influence: 0.12735534897720177, penalty_k: 0.26394887012484886, scale_lr: 0.15684235502501356, EAO: 0.258
Trial 0 finished with value: 0.2575808910776205 and parameters: {'window_influence': 0.12735534897720177, 'penalty_k': 0.26394887012484886, 'scale_lr': 0.15684235502501356}. Best is trial 0 with value: 0.2575808910776205.
checkpoint_e33 window_influence: 0.31237716258525955, penalty_k: 0.03213896818659621, scale_lr: 0.63294140444467661, EAO: 0.321
Trial 1 finished with value: 0.32083955662259794 and parameters: {'window_influence': 0.31237716258525955, 'penalty_k': 0.03213896818659621, 'scale_lr': 0.6329414044446766}. Best is trial 1 with value: 0.32083955662259794.
checkpoint_e33 window_influence: 0.58529629950562112, penalty_k: 0.31440412884612379, scale_lr: 0.26322884632733812, EAO: 0.281
Trial 2 finished with value: 0.2814683904907583 and parameters: {'window_influence': 0.5852962995056211, 'penalty_k': 0.3144041288461238, 'scale_lr': 0.2632288463273381}. Best is trial 1 with value: 0.32083955662259794.
checkpoint_e33 window_influence: 0.16935227084180124, penalty_k: 0.29072306756212046, scale_lr: 0.23348822043648143, EAO: 0.276
Trial 3 finished with value: 0.27592783186454256 and parameters: {'window_influence': 0.16935227084180124, 'penalty_k': 0.29072306756212046, 'scale_lr': 0.23348822043648143}. Best is trial 1 with value: 0.32083955662259794.
checkpoint_e33 window_influence: 0.44883514084055320, penalty_k: 0.02381611402974939, scale_lr: 0.43129455493592639, EAO: 0.344
Trial 4 finished with value: 0.34397848675223175 and parameters: {'window_influence': 0.4488351408405532, 'penalty_k': 0.02381611402974939, 'scale_lr': 0.4312945549359264}. Best is trial 4 with value: 0.34397848675223175.
checkpoint_e33 window_influence: 0.22565281410657639, penalty_k: 0.47517169683999516, scale_lr: 0.51323343396702836, EAO: 0.288
Trial 5 finished with value: 0.287847074379253 and parameters: {'window_influence': 0.2256528141065764, 'penalty_k': 0.47517169683999516, 'scale_lr': 0.5132334339670284}. Best is trial 4 with value: 0.34397848675223175.
checkpoint_e33 window_influence: 0.39672881014944655, penalty_k: 0.42632532111304750, scale_lr: 0.68381622002145503, EAO: 0.322
Trial 6 finished with value: 0.32172788296924026 and parameters: {'window_influence': 0.39672881014944655, 'penalty_k': 0.4263253211130475, 'scale_lr': 0.683816220021455}. Best is trial 4 with value: 0.34397848675223175.
checkpoint_e33 window_influence: 0.05621125098810642, penalty_k: 0.57722553832654244, scale_lr: 0.36477680589980510, EAO: 0.227
Trial 7 finished with value: 0.22707688576516474 and parameters: {'window_influence': 0.05621125098810642, 'penalty_k': 0.5772255383265424, 'scale_lr': 0.3647768058998051}. Best is trial 4 with value: 0.34397848675223175.
checkpoint_e33 window_influence: 0.57759158957340839, penalty_k: 0.16736788619487508, scale_lr: 0.21574930344040447, EAO: 0.289
Trial 8 finished with value: 0.2891597031155449 and parameters: {'window_influence': 0.5775915895734084, 'penalty_k': 0.16736788619487508, 'scale_lr': 0.21574930344040447}. Best is trial 4 with value: 0.34397848675223175.
checkpoint_e33 window_influence: 0.19100900894654105, penalty_k: 0.05194693259398402, scale_lr: 0.35909029266660231, EAO: 0.283
Trial 9 finished with value: 0.2831784323263725 and parameters: {'window_influence': 0.19100900894654105, 'penalty_k': 0.051946932593984016, 'scale_lr': 0.3590902926666023}. Best is trial 4 with value: 0.34397848675223175.
checkpoint_e33 window_influence: 0.44535777178860153, penalty_k: 0.00195853483455294, scale_lr: 0.49653697282018350, EAO: 0.321
Trial 10 finished with value: 0.32116617569663647 and parameters: {'window_influence': 0.44535777178860153, 'penalty_k': 0.0019585348345529385, 'scale_lr': 0.4965369728201835}. Best is trial 4 with value: 0.34397848675223175.
checkpoint_e33 window_influence: 0.43939428086637727, penalty_k: 0.41757233669346150, scale_lr: 0.75409852148618173, EAO: 0.315
Trial 11 finished with value: 0.3149090081105436 and parameters: {'window_influence': 0.4393942808663773, 'penalty_k': 0.4175723366934615, 'scale_lr': 0.7540985214861817}. Best is trial 4 with value: 0.34397848675223175.
checkpoint_e33 window_influence: 0.40331122058611729, penalty_k: 0.14176394689951241, scale_lr: 0.78955304896324852, EAO: 0.328
Trial 12 finished with value: 0.328368532692412 and parameters: {'window_influence': 0.4033112205861173, 'penalty_k': 0.1417639468995124, 'scale_lr': 0.7895530489632485}. Best is trial 4 with value: 0.34397848675223175.
checkpoint_e33 window_influence: 0.49946392254905475, penalty_k: 0.12546004725077137, scale_lr: 0.79974781086015234, EAO: 0.322
Trial 13 finished with value: 0.3224233541971051 and parameters: {'window_influence': 0.49946392254905475, 'penalty_k': 0.12546004725077137, 'scale_lr': 0.7997478108601523}. Best is trial 4 with value: 0.34397848675223175.
checkpoint_e33 window_influence: 0.29654184805327699, penalty_k: 0.12169139989317676, scale_lr: 0.59454726475791320, EAO: 0.317
Trial 14 finished with value: 0.31683718955238505 and parameters: {'window_influence': 0.296541848053277, 'penalty_k': 0.12169139989317676, 'scale_lr': 0.5945472647579132}. Best is trial 4 with value: 0.34397848675223175.
checkpoint_e33 window_influence: 0.35642253691645753, penalty_k: 0.18530760043470523, scale_lr: 0.42114503823431371, EAO: 0.310
Trial 15 finished with value: 0.30974092812853565 and parameters: {'window_influence': 0.35642253691645753, 'penalty_k': 0.18530760043470523, 'scale_lr': 0.4211450382343137}. Best is trial 4 with value: 0.34397848675223175.
checkpoint_e33 window_influence: 0.52142535134939960, penalty_k: 0.07283128075742189, scale_lr: 0.59714262484616909, EAO: 0.309
Trial 16 finished with value: 0.30892722859456845 and parameters: {'window_influence': 0.5214253513493996, 'penalty_k': 0.07283128075742189, 'scale_lr': 0.5971426248461691}. Best is trial 4 with value: 0.34397848675223175.
checkpoint_e33 window_influence: 0.37408039516542857, penalty_k: 0.00244211662084909, scale_lr: 0.71379934489702657, EAO: 0.308
Trial 17 finished with value: 0.30782158869945586 and parameters: {'window_influence': 0.37408039516542857, 'penalty_k': 0.0024421166208490885, 'scale_lr': 0.7137993448970266}. Best is trial 4 with value: 0.34397848675223175.
checkpoint_e33 window_influence: 0.50153911119993244, penalty_k: 0.10211198764533591, scale_lr: 0.54494225901957238, EAO: 0.336
Trial 18 finished with value: 0.33641574320162315 and parameters: {'window_influence': 0.5015391111999324, 'penalty_k': 0.10211198764533591, 'scale_lr': 0.5449422590195724}. Best is trial 4 with value: 0.34397848675223175.
checkpoint_e33 window_influence: 0.64047542770943844, penalty_k: 0.07619305976525942, scale_lr: 0.53957565860727441, EAO: 0.235
Trial 19 finished with value: 0.23486614476613962 and parameters: {'window_influence': 0.6404754277094384, 'penalty_k': 0.07619305976525942, 'scale_lr': 0.5395756586072744}. Best is trial 4 with value: 0.34397848675223175.
checkpoint_e33 window_influence: 0.47968002410299293, penalty_k: 0.21803484042112081, scale_lr: 0.44024377356119349, EAO: 0.345
Trial 20 finished with value: 0.3453131932692769 and parameters: {'window_influence': 0.47968002410299293, 'penalty_k': 0.2180348404211208, 'scale_lr': 0.4402437735611935}. Best is trial 20 with value: 0.3453131932692769.
checkpoint_e33 window_influence: 0.48356530889480753, penalty_k: 0.21007799807271707, scale_lr: 0.45556431562773397, EAO: 0.340
Trial 21 finished with value: 0.34025562528506326 and parameters: {'window_influence': 0.48356530889480753, 'penalty_k': 0.21007799807271707, 'scale_lr': 0.455564315627734}. Best is trial 20 with value: 0.3453131932692769.
checkpoint_e33 window_influence: 0.45313440568885544, penalty_k: 0.20838536614321640, scale_lr: 0.45060369703650405, EAO: 0.357
Trial 22 finished with value: 0.3565014674969684 and parameters: {'window_influence': 0.45313440568885544, 'penalty_k': 0.2083853661432164, 'scale_lr': 0.45060369703650405}. Best is trial 22 with value: 0.3565014674969684.
checkpoint_e33 window_influence: 0.45289029227687694, penalty_k: 0.23654267896345241, scale_lr: 0.41431588036221523, EAO: 0.334
Trial 23 finished with value: 0.3341576695906049 and parameters: {'window_influence': 0.45289029227687694, 'penalty_k': 0.2365426789634524, 'scale_lr': 0.4143158803622152}. Best is trial 22 with value: 0.3565014674969684.
checkpoint_e33 window_influence: 0.54248642305865569, penalty_k: 0.19065489672635524, scale_lr: 0.32409300094944454, EAO: 0.316
Trial 24 finished with value: 0.31582122745448976 and parameters: {'window_influence': 0.5424864230586557, 'penalty_k': 0.19065489672635524, 'scale_lr': 0.32409300094944454}. Best is trial 22 with value: 0.3565014674969684.
checkpoint_e33 window_influence: 0.45355767350052223, penalty_k: 0.22678425028610066, scale_lr: 0.46359591077064705, EAO: 0.329
Trial 25 finished with value: 0.3289664467716959 and parameters: {'window_influence': 0.45355767350052223, 'penalty_k': 0.22678425028610066, 'scale_lr': 0.46359591077064705}. Best is trial 22 with value: 0.3565014674969684.
checkpoint_e33 window_influence: 0.40945101725959587, penalty_k: 0.15515569395315118, scale_lr: 0.42429696739961920, EAO: 0.312
Trial 26 finished with value: 0.3115670678680509 and parameters: {'window_influence': 0.4094510172595959, 'penalty_k': 0.15515569395315118, 'scale_lr': 0.4242969673996192}. Best is trial 22 with value: 0.3565014674969684.
checkpoint_e33 window_influence: 0.55211311247841621, penalty_k: 0.09929702442219998, scale_lr: 0.47735410705834408, EAO: 0.307
Trial 27 finished with value: 0.30691563132208144 and parameters: {'window_influence': 0.5521131124784162, 'penalty_k': 0.09929702442219998, 'scale_lr': 0.4773541070583441}. Best is trial 22 with value: 0.3565014674969684.
checkpoint_e33 window_influence: 0.33665241633701803, penalty_k: 0.30555279718420336, scale_lr: 0.36792675297444871, EAO: 0.305
Trial 28 finished with value: 0.305347096305413 and parameters: {'window_influence': 0.33665241633701803, 'penalty_k': 0.30555279718420336, 'scale_lr': 0.3679267529744487}. Best is trial 22 with value: 0.3565014674969684.
checkpoint_e33 window_influence: 0.48090410794249061, penalty_k: 0.26462133950883004, scale_lr: 0.11743947629453805, EAO: 0.324
Trial 29 finished with value: 0.3236633026066457 and parameters: {'window_influence': 0.4809041079424906, 'penalty_k': 0.26462133950883004, 'scale_lr': 0.11743947629453805}. Best is trial 22 with value: 0.3565014674969684.
checkpoint_e33 window_influence: 0.42114700902753044, penalty_k: 0.17805812431924004, scale_lr: 0.52176015768537776, EAO: 0.342
Trial 30 finished with value: 0.34195902676897755 and parameters: {'window_influence': 0.42114700902753044, 'penalty_k': 0.17805812431924004, 'scale_lr': 0.5217601576853778}. Best is trial 22 with value: 0.3565014674969684.
checkpoint_e33 window_influence: 0.41354638029989976, penalty_k: 0.15730426080416129, scale_lr: 0.51244809515019119, EAO: 0.340
Trial 31 finished with value: 0.34001711509571003 and parameters: {'window_influence': 0.41354638029989976, 'penalty_k': 0.1573042608041613, 'scale_lr': 0.5124480951501912}. Best is trial 22 with value: 0.3565014674969684.
checkpoint_e33 window_influence: 0.45639488701832637, penalty_k: 0.05626765296010242, scale_lr: 0.42458374332389903, EAO: 0.324
Trial 32 finished with value: 0.32417595363312657 and parameters: {'window_influence': 0.45639488701832637, 'penalty_k': 0.056267652960102416, 'scale_lr': 0.42458374332389903}. Best is trial 22 with value: 0.3565014674969684.
checkpoint_e33 window_influence: 0.37599582433866674, penalty_k: 0.24988888876865542, scale_lr: 0.55115995346433366, EAO: 0.322
Trial 33 finished with value: 0.3217564412476024 and parameters: {'window_influence': 0.37599582433866674, 'penalty_k': 0.24988888876865542, 'scale_lr': 0.5511599534643337}. Best is trial 22 with value: 0.3565014674969684.
checkpoint_e33 window_influence: 0.52582469578048852, penalty_k: 0.20114979080668349, scale_lr: 0.47238765131721278, EAO: 0.302
Trial 34 finished with value: 0.3020567638284965 and parameters: {'window_influence': 0.5258246957804885, 'penalty_k': 0.2011497908066835, 'scale_lr': 0.4723876513172128}. Best is trial 22 with value: 0.3565014674969684.
checkpoint_e33 window_influence: 0.30763114449132234, penalty_k: 0.26138079038481543, scale_lr: 0.30298103537342169, EAO: 0.297
Trial 35 finished with value: 0.29699033377003575 and parameters: {'window_influence': 0.30763114449132234, 'penalty_k': 0.26138079038481543, 'scale_lr': 0.3029810353734217}. Best is trial 22 with value: 0.3565014674969684.
checkpoint_e33 window_influence: 0.42375538396312767, penalty_k: 0.33779448531368139, scale_lr: 0.39433547185179613, EAO: 0.340
Trial 36 finished with value: 0.33952124584973553 and parameters: {'window_influence': 0.4237553839631277, 'penalty_k': 0.3377944853136814, 'scale_lr': 0.3943354718517961}. Best is trial 22 with value: 0.3565014674969684.
checkpoint_e33 window_influence: 0.47766736345802341, penalty_k: 0.17404194023227529, scale_lr: 0.45869393122760760, EAO: 0.342
Trial 37 finished with value: 0.3415457667775655 and parameters: {'window_influence': 0.4776673634580234, 'penalty_k': 0.1740419402322753, 'scale_lr': 0.4586939312276076}. Best is trial 22 with value: 0.3565014674969684.
checkpoint_e33 window_influence: 0.38371784758200789, penalty_k: 0.10557853946842546, scale_lr: 0.38649961807903244, EAO: 0.318
Trial 38 finished with value: 0.31780885386095903 and parameters: {'window_influence': 0.3837178475820079, 'penalty_k': 0.10557853946842546, 'scale_lr': 0.38649961807903244}. Best is trial 22 with value: 0.3565014674969684.
checkpoint_e33 window_influence: 0.56767065090395963, penalty_k: 0.03337733343227244, scale_lr: 0.50302499021713465, EAO: 0.296
Trial 39 finished with value: 0.2955836490202507 and parameters: {'window_influence': 0.5676706509039596, 'penalty_k': 0.033377333432272435, 'scale_lr': 0.5030249902171346}. Best is trial 22 with value: 0.3565014674969684.
checkpoint_e33 window_influence: 0.51566414251764359, penalty_k: 0.14367144456972503, scale_lr: 0.31464368366432766, EAO: 0.328
Trial 40 finished with value: 0.3275849921230212 and parameters: {'window_influence': 0.5156641425176436, 'penalty_k': 0.14367144456972503, 'scale_lr': 0.31464368366432766}. Best is trial 22 with value: 0.3565014674969684.
checkpoint_e33 window_influence: 0.46570458502136669, penalty_k: 0.18281758297508199, scale_lr: 0.44371594580136464, EAO: 0.344
Trial 41 finished with value: 0.3436801815079344 and parameters: {'window_influence': 0.4657045850213667, 'penalty_k': 0.182817582975082, 'scale_lr': 0.44371594580136464}. Best is trial 22 with value: 0.3565014674969684.
checkpoint_e33 window_influence: 0.42739278863724145, penalty_k: 0.21905694703202902, scale_lr: 0.43641401984667294, EAO: 0.318
Trial 42 finished with value: 0.3184528983984476 and parameters: {'window_influence': 0.42739278863724145, 'penalty_k': 0.21905694703202902, 'scale_lr': 0.43641401984667294}. Best is trial 22 with value: 0.3565014674969684.
checkpoint_e33 window_influence: 0.48563419247511808, penalty_k: 0.18726497485114194, scale_lr: 0.48684501825460369, EAO: 0.338
Trial 43 finished with value: 0.3381782172950789 and parameters: {'window_influence': 0.4856341924751181, 'penalty_k': 0.18726497485114194, 'scale_lr': 0.4868450182546037}. Best is trial 22 with value: 0.3565014674969684.
checkpoint_e33 window_influence: 0.45982650092385935, penalty_k: 0.27912563917774319, scale_lr: 0.35168807971226212, EAO: 0.328
Trial 44 finished with value: 0.32828288812349743 and parameters: {'window_influence': 0.45982650092385935, 'penalty_k': 0.2791256391777432, 'scale_lr': 0.3516880797122621}. Best is trial 22 with value: 0.3565014674969684.
checkpoint_e33 window_influence: 0.43083392756111072, penalty_k: 0.22980208670431687, scale_lr: 0.39524431237024532, EAO: 0.339
Trial 45 finished with value: 0.339261330867092 and parameters: {'window_influence': 0.4308339275611107, 'penalty_k': 0.22980208670431687, 'scale_lr': 0.3952443123702453}. Best is trial 22 with value: 0.3565014674969684.
checkpoint_e33 window_influence: 0.39588333673755921, penalty_k: 0.16470403870096384, scale_lr: 0.51734556019247380, EAO: 0.321
Trial 46 finished with value: 0.3206983541468238 and parameters: {'window_influence': 0.3958833367375592, 'penalty_k': 0.16470403870096384, 'scale_lr': 0.5173455601924738}. Best is trial 22 with value: 0.3565014674969684.
checkpoint_e33 window_influence: 0.50614670396078498, penalty_k: 0.12696005713096947, scale_lr: 0.44371189048174542, EAO: 0.331
Trial 47 finished with value: 0.33110179175198773 and parameters: {'window_influence': 0.506146703960785, 'penalty_k': 0.12696005713096947, 'scale_lr': 0.4437118904817454}. Best is trial 22 with value: 0.3565014674969684.
checkpoint_e33 window_influence: 0.46618791594235054, penalty_k: 0.19963609298481955, scale_lr: 0.58942039439261718, EAO: 0.320
Trial 48 finished with value: 0.3201038009461726 and parameters: {'window_influence': 0.46618791594235054, 'penalty_k': 0.19963609298481955, 'scale_lr': 0.5894203943926172}. Best is trial 22 with value: 0.3565014674969684.
checkpoint_e33 window_influence: 0.35203771299363368, penalty_k: 0.28596990070831019, scale_lr: 0.48458154453229019, EAO: 0.319
Trial 49 finished with value: 0.31893440298301234 and parameters: {'window_influence': 0.3520377129936337, 'penalty_k': 0.2859699007083102, 'scale_lr': 0.4845815445322902}. Best is trial 22 with value: 0.3565014674969684.
checkpoint_e33 window_influence: 0.43716175308678840, penalty_k: 0.32409627455601181, scale_lr: 0.65277136019088333, EAO: 0.323
Trial 50 finished with value: 0.3233340852223482 and parameters: {'window_influence': 0.4371617530867884, 'penalty_k': 0.3240962745560118, 'scale_lr': 0.6527713601908833}. Best is trial 22 with value: 0.3565014674969684.
checkpoint_e33 window_influence: 0.47836349688485136, penalty_k: 0.17827091366832015, scale_lr: 0.44470484148939177, EAO: 0.357
Trial 51 finished with value: 0.35743655119424667 and parameters: {'window_influence': 0.47836349688485136, 'penalty_k': 0.17827091366832015, 'scale_lr': 0.44470484148939177}. Best is trial 51 with value: 0.35743655119424667.
checkpoint_e33 window_influence: 0.49567846944351068, penalty_k: 0.17212096442122257, scale_lr: 0.45137375033842925, EAO: 0.340
Trial 52 finished with value: 0.3400421936920181 and parameters: {'window_influence': 0.4956784694435107, 'penalty_k': 0.17212096442122257, 'scale_lr': 0.45137375033842925}. Best is trial 51 with value: 0.35743655119424667.
checkpoint_e33 window_influence: 0.53331047891336825, penalty_k: 0.13711680031571677, scale_lr: 0.40790679884316938, EAO: 0.320
Trial 53 finished with value: 0.31988510906928247 and parameters: {'window_influence': 0.5333104789133682, 'penalty_k': 0.13711680031571677, 'scale_lr': 0.4079067988431694}. Best is trial 51 with value: 0.35743655119424667.
checkpoint_e33 window_influence: 0.46602497574094887, penalty_k: 0.21390617399890244, scale_lr: 0.43825045715634309, EAO: 0.329
Trial 54 finished with value: 0.3291351458905736 and parameters: {'window_influence': 0.46602497574094887, 'penalty_k': 0.21390617399890244, 'scale_lr': 0.4382504571563431}. Best is trial 51 with value: 0.35743655119424667.
checkpoint_e33 window_influence: 0.40743736120459140, penalty_k: 0.24060963670703434, scale_lr: 0.53048581328311850, EAO: 0.321
Trial 55 finished with value: 0.32146162855717925 and parameters: {'window_influence': 0.4074373612045914, 'penalty_k': 0.24060963670703434, 'scale_lr': 0.5304858132831185}. Best is trial 51 with value: 0.35743655119424667.
checkpoint_e33 window_influence: 0.50987416851593492, penalty_k: 0.08665417679197636, scale_lr: 0.48896100221730582, EAO: 0.350
Trial 56 finished with value: 0.3496840545175604 and parameters: {'window_influence': 0.5098741685159349, 'penalty_k': 0.08665417679197636, 'scale_lr': 0.4889610022173058}. Best is trial 51 with value: 0.35743655119424667.
checkpoint_e33 window_influence: 0.50956886280348657, penalty_k: 0.02390747241715617, scale_lr: 0.48761285705848362, EAO: 0.358
Trial 57 finished with value: 0.3579662713559221 and parameters: {'window_influence': 0.5095688628034866, 'penalty_k': 0.023907472417156173, 'scale_lr': 0.4876128570584836}. Best is trial 57 with value: 0.3579662713559221.
checkpoint_e33 window_influence: 0.55759189208039772, penalty_k: 0.01368481723476501, scale_lr: 0.47569311907105560, EAO: 0.314
