Trial 434 finished with value: 0.31304889366552524 and parameters: {'window_influence': 0.3356513229887989, 'penalty_k': 0.24009460553959988, 'scale_lr': 0.4774425939484435}. Best is trial 294 with value: 0.3769690837377704.
checkpoint_e36 window_influence: 0.46669135201841050, penalty_k: 0.21314763251456142, scale_lr: 0.64362342555529006, EAO: 0.339
Trial 435 finished with value: 0.33867060743881106 and parameters: {'window_influence': 0.4666913520184105, 'penalty_k': 0.21314763251456142, 'scale_lr': 0.6436234255552901}. Best is trial 294 with value: 0.3769690837377704.
checkpoint_e36 window_influence: 0.57362902413263295, penalty_k: 0.18106149113863593, scale_lr: 0.62007463311739675, EAO: 0.276
Trial 436 finished with value: 0.27638591617229846 and parameters: {'window_influence': 0.573629024132633, 'penalty_k': 0.18106149113863593, 'scale_lr': 0.6200746331173967}. Best is trial 294 with value: 0.3769690837377704.
checkpoint_e36 window_influence: 0.55653970589690160, penalty_k: 0.45761995897944979, scale_lr: 0.67954999563778484, EAO: 0.290
Trial 437 finished with value: 0.2898553914828987 and parameters: {'window_influence': 0.5565397058969016, 'penalty_k': 0.4576199589794498, 'scale_lr': 0.6795499956377848}. Best is trial 294 with value: 0.3769690837377704.
checkpoint_e36 window_influence: 0.43742013772779270, penalty_k: 0.25669594339935276, scale_lr: 0.60971574199770351, EAO: 0.347
Trial 438 finished with value: 0.3472844064235687 and parameters: {'window_influence': 0.4374201377277927, 'penalty_k': 0.25669594339935276, 'scale_lr': 0.6097157419977035}. Best is trial 294 with value: 0.3769690837377704.
checkpoint_e36 window_influence: 0.51822239954645166, penalty_k: 0.22439308580324688, scale_lr: 0.63371194787136809, EAO: 0.317
Trial 439 finished with value: 0.3168365744881129 and parameters: {'window_influence': 0.5182223995464517, 'penalty_k': 0.22439308580324688, 'scale_lr': 0.6337119478713681}. Best is trial 294 with value: 0.3769690837377704.
checkpoint_e36 window_influence: 0.48172828854953459, penalty_k: 0.19307386558319084, scale_lr: 0.65274711562870213, EAO: 0.332
Trial 440 finished with value: 0.33191226312622485 and parameters: {'window_influence': 0.4817282885495346, 'penalty_k': 0.19307386558319084, 'scale_lr': 0.6527471156287021}. Best is trial 294 with value: 0.3769690837377704.
checkpoint_e36 window_influence: 0.49596300602227744, penalty_k: 0.23391117985390952, scale_lr: 0.39342338108054142, EAO: 0.316
Trial 441 finished with value: 0.31628041920263017 and parameters: {'window_influence': 0.49596300602227744, 'penalty_k': 0.23391117985390952, 'scale_lr': 0.3934233810805414}. Best is trial 294 with value: 0.3769690837377704.
checkpoint_e36 window_influence: 0.38773514989880631, penalty_k: 0.27422670024138601, scale_lr: 0.55876578574710545, EAO: 0.299
Trial 442 finished with value: 0.2986583250505915 and parameters: {'window_influence': 0.3877351498988063, 'penalty_k': 0.274226700241386, 'scale_lr': 0.5587657857471054}. Best is trial 294 with value: 0.3769690837377704.
checkpoint_e36 window_influence: 0.59554992832788578, penalty_k: 0.20730717076497043, scale_lr: 0.60088765361658480, EAO: 0.251
Trial 443 finished with value: 0.25081384750191804 and parameters: {'window_influence': 0.5955499283278858, 'penalty_k': 0.20730717076497043, 'scale_lr': 0.6008876536165848}. Best is trial 294 with value: 0.3769690837377704.
checkpoint_e36 window_influence: 0.42229175929807844, penalty_k: 0.53396825307510321, scale_lr: 0.58045894364654027, EAO: 0.315
Trial 444 finished with value: 0.3151608365750962 and parameters: {'window_influence': 0.42229175929807844, 'penalty_k': 0.5339682530751032, 'scale_lr': 0.5804589436465403}. Best is trial 294 with value: 0.3769690837377704.
checkpoint_e36 window_influence: 0.45561457848693110, penalty_k: 0.16582810021133967, scale_lr: 0.62162981816671115, EAO: 0.336
Trial 445 finished with value: 0.3363659886302651 and parameters: {'window_influence': 0.4556145784869311, 'penalty_k': 0.16582810021133967, 'scale_lr': 0.6216298181667111}. Best is trial 294 with value: 0.3769690837377704.
checkpoint_e36 window_influence: 0.47677961069249064, penalty_k: 0.29895486758580886, scale_lr: 0.51843379644099286, EAO: 0.333
Trial 446 finished with value: 0.33286391192836984 and parameters: {'window_influence': 0.47677961069249064, 'penalty_k': 0.29895486758580886, 'scale_lr': 0.5184337964409929}. Best is trial 294 with value: 0.3769690837377704.
checkpoint_e36 window_influence: 0.05133758678380190, penalty_k: 0.40401400878597782, scale_lr: 0.44868779077992238, EAO: 0.236
Trial 447 finished with value: 0.23608027613116608 and parameters: {'window_influence': 0.0513375867838019, 'penalty_k': 0.4040140087859778, 'scale_lr': 0.4486877907799224}. Best is trial 294 with value: 0.3769690837377704.
checkpoint_e36 window_influence: 0.44561926705190680, penalty_k: 0.14988381976817855, scale_lr: 0.63232304091508973, EAO: 0.330
Trial 448 finished with value: 0.32991320671738356 and parameters: {'window_influence': 0.4456192670519068, 'penalty_k': 0.14988381976817855, 'scale_lr': 0.6323230409150897}. Best is trial 294 with value: 0.3769690837377704.
checkpoint_e36 window_influence: 0.50623469823689260, penalty_k: 0.25687317393493331, scale_lr: 0.65062304896046086, EAO: 0.330
Trial 449 finished with value: 0.33016149461965155 and parameters: {'window_influence': 0.5062346982368926, 'penalty_k': 0.2568731739349333, 'scale_lr': 0.6506230489604609}. Best is trial 294 with value: 0.3769690837377704.
checkpoint_e36 window_influence: 0.46656755463601085, penalty_k: 0.24510117901751716, scale_lr: 0.76037196939551244, EAO: 0.347
Trial 450 finished with value: 0.3465052949779229 and parameters: {'window_influence': 0.46656755463601085, 'penalty_k': 0.24510117901751716, 'scale_lr': 0.7603719693955124}. Best is trial 294 with value: 0.3769690837377704.
checkpoint_e36 window_influence: 0.48813012607598277, penalty_k: 0.21362511211892699, scale_lr: 0.30752506072083063, EAO: 0.345
Trial 451 finished with value: 0.345241509406947 and parameters: {'window_influence': 0.4881301260759828, 'penalty_k': 0.21362511211892699, 'scale_lr': 0.30752506072083063}. Best is trial 294 with value: 0.3769690837377704.
checkpoint_e36 window_influence: 0.46045272850988567, penalty_k: 0.22973473194947233, scale_lr: 0.31522344954989434, EAO: 0.320
Trial 452 finished with value: 0.3201896908334257 and parameters: {'window_influence': 0.46045272850988567, 'penalty_k': 0.22973473194947233, 'scale_lr': 0.31522344954989434}. Best is trial 294 with value: 0.3769690837377704.
checkpoint_e36 window_influence: 0.47694951820474152, penalty_k: 0.17776112213031972, scale_lr: 0.72988197782791564, EAO: 0.316
Trial 453 finished with value: 0.31644049472382096 and parameters: {'window_influence': 0.4769495182047415, 'penalty_k': 0.17776112213031972, 'scale_lr': 0.7298819778279156}. Best is trial 294 with value: 0.3769690837377704.
checkpoint_e36 window_influence: 0.49891018109985302, penalty_k: 0.48484293664807976, scale_lr: 0.17578844029437463, EAO: 0.279
Trial 454 finished with value: 0.27925831467956885 and parameters: {'window_influence': 0.498910181099853, 'penalty_k': 0.48484293664807976, 'scale_lr': 0.17578844029437463}. Best is trial 294 with value: 0.3769690837377704.
checkpoint_e36 window_influence: 0.31306602905522285, penalty_k: 0.19263749267782226, scale_lr: 0.59123048033072179, EAO: 0.314
Trial 455 finished with value: 0.3135402840399093 and parameters: {'window_influence': 0.31306602905522285, 'penalty_k': 0.19263749267782226, 'scale_lr': 0.5912304803307218}. Best is trial 294 with value: 0.3769690837377704.
Trial 456 failed with parameters: {'window_influence': 0.441374328847591, 'penalty_k': 0.11184752373120599, 'scale_lr': 0.6697546961950472} because of the following error: KeyboardInterrupt().
Traceback (most recent call last):
  File "/home/n26092289/anaconda3/envs/my_siamban/lib/python3.7/site-packages/optuna/study/_optimize.py", line 200, in _run_trial
    value_or_values = func(trial)
  File "../../tools/tune.py", line 269, in objective
    outputs = tracker.track(img)
  File "../../tools/tune.py", line 125, in track
    outputs = self.model.track(x_crop)
  File "/home/n26092289/multi_task/siamban-master/siamban/models/model_builder.py", line 178, in track
    if cfg.ADJUST.ADJUST:
  File "/home/n26092289/anaconda3/envs/my_siamban/lib/python3.7/site-packages/torch/nn/modules/module.py", line 1110, in _call_impl
    return forward_call(*input, **kwargs)
  File "/home/n26092289/multi_task/siamban-master/siamban/models/backbone/resnet_atrous.py", line 194, in forward
    p4 = self.layer4(p3)
  File "/home/n26092289/anaconda3/envs/my_siamban/lib/python3.7/site-packages/torch/nn/modules/module.py", line 1110, in _call_impl
    return forward_call(*input, **kwargs)
  File "/home/n26092289/anaconda3/envs/my_siamban/lib/python3.7/site-packages/torch/nn/modules/container.py", line 141, in forward
    input = module(input)
  File "/home/n26092289/anaconda3/envs/my_siamban/lib/python3.7/site-packages/torch/nn/modules/module.py", line 1110, in _call_impl
    return forward_call(*input, **kwargs)
  File "/home/n26092289/multi_task/siamban-master/siamban/models/backbone/resnet_atrous.py", line 100, in forward
    out = self.conv3(out)
  File "/home/n26092289/anaconda3/envs/my_siamban/lib/python3.7/site-packages/torch/nn/modules/module.py", line 1110, in _call_impl
    return forward_call(*input, **kwargs)
  File "/home/n26092289/anaconda3/envs/my_siamban/lib/python3.7/site-packages/torch/nn/modules/conv.py", line 447, in forward
    return self._conv_forward(input, self.weight, self.bias)
  File "/home/n26092289/anaconda3/envs/my_siamban/lib/python3.7/site-packages/torch/nn/modules/conv.py", line 444, in _conv_forward
    self.padding, self.dilation, self.groups)
KeyboardInterrupt
Trial 456 failed with value None.
