Trial 1195 finished with value: 0.285896835624012 and parameters: {'window_influence': 0.24540270004683346, 'penalty_k': 0.1526483036258322, 'scale_lr': 0.3030770382329886}. Best is trial 1044 with value: 0.36650777071830365.
checkpoint_e29 window_influence: 0.55363888050647947, penalty_k: 0.19171262308810677, scale_lr: 0.38415251829082786, EAO: 0.294
Trial 1196 finished with value: 0.29406227496115617 and parameters: {'window_influence': 0.5536388805064795, 'penalty_k': 0.19171262308810677, 'scale_lr': 0.38415251829082786}. Best is trial 1044 with value: 0.36650777071830365.
checkpoint_e29 window_influence: 0.49554564611172286, penalty_k: 0.00979053483675714, scale_lr: 0.14935715635302652, EAO: 0.349
Trial 1197 finished with value: 0.34857855267561827 and parameters: {'window_influence': 0.49554564611172286, 'penalty_k': 0.009790534836757143, 'scale_lr': 0.14935715635302652}. Best is trial 1044 with value: 0.36650777071830365.
checkpoint_e29 window_influence: 0.48040098822459842, penalty_k: 0.17663285511181170, scale_lr: 0.20786601835241136, EAO: 0.346
Trial 1198 finished with value: 0.3463075532059725 and parameters: {'window_influence': 0.4804009882245984, 'penalty_k': 0.1766328551118117, 'scale_lr': 0.20786601835241136}. Best is trial 1044 with value: 0.36650777071830365.
checkpoint_e29 window_influence: 0.50432466861203118, penalty_k: 0.15246280247039679, scale_lr: 0.41766516412342236, EAO: 0.340
Trial 1199 finished with value: 0.3398013132323551 and parameters: {'window_influence': 0.5043246686120312, 'penalty_k': 0.15246280247039679, 'scale_lr': 0.41766516412342236}. Best is trial 1044 with value: 0.36650777071830365.
checkpoint_e29 window_influence: 0.47391625533865395, penalty_k: 0.10565157579718679, scale_lr: 0.33329053925587598, EAO: 0.341
Trial 1200 finished with value: 0.34128707635727373 and parameters: {'window_influence': 0.47391625533865395, 'penalty_k': 0.10565157579718679, 'scale_lr': 0.333290539255876}. Best is trial 1044 with value: 0.36650777071830365.
checkpoint_e29 window_influence: 0.52297747645742709, penalty_k: 0.09692705733475959, scale_lr: 0.19834122605729340, EAO: 0.337
Trial 1201 finished with value: 0.33744013900886716 and parameters: {'window_influence': 0.5229774764574271, 'penalty_k': 0.09692705733475959, 'scale_lr': 0.1983412260572934}. Best is trial 1044 with value: 0.36650777071830365.
checkpoint_e29 window_influence: 0.45896133165452968, penalty_k: 0.16461165955985990, scale_lr: 0.16070108045605530, EAO: 0.347
Trial 1202 finished with value: 0.34715603181824145 and parameters: {'window_influence': 0.4589613316545297, 'penalty_k': 0.1646116595598599, 'scale_lr': 0.1607010804560553}. Best is trial 1044 with value: 0.36650777071830365.
checkpoint_e29 window_influence: 0.06293913710344329, penalty_k: 0.12660375540910485, scale_lr: 0.13885908428757945, EAO: 0.245
Trial 1203 finished with value: 0.2454408172967369 and parameters: {'window_influence': 0.06293913710344329, 'penalty_k': 0.12660375540910485, 'scale_lr': 0.13885908428757945}. Best is trial 1044 with value: 0.36650777071830365.
checkpoint_e29 window_influence: 0.48550817410332314, penalty_k: 0.14841951627654493, scale_lr: 0.28103119983371672, EAO: 0.338
Trial 1204 finished with value: 0.3380500216196483 and parameters: {'window_influence': 0.48550817410332314, 'penalty_k': 0.14841951627654493, 'scale_lr': 0.2810311998337167}. Best is trial 1044 with value: 0.36650777071830365.
checkpoint_e29 window_influence: 0.58336289336404912, penalty_k: 0.02560849387791696, scale_lr: 0.50503727767076223, EAO: 0.290
Trial 1205 finished with value: 0.2901114478765295 and parameters: {'window_influence': 0.5833628933640491, 'penalty_k': 0.025608493877916964, 'scale_lr': 0.5050372776707622}. Best is trial 1044 with value: 0.36650777071830365.
checkpoint_e29 window_influence: 0.49207503723337903, penalty_k: 0.12897446804278873, scale_lr: 0.36190162566524808, EAO: 0.327
Trial 1206 finished with value: 0.3268721297325327 and parameters: {'window_influence': 0.49207503723337903, 'penalty_k': 0.12897446804278873, 'scale_lr': 0.3619016256652481}. Best is trial 1044 with value: 0.36650777071830365.
checkpoint_e29 window_influence: 0.45819836944099046, penalty_k: 0.21143481931193209, scale_lr: 0.18124483823778409, EAO: 0.350
Trial 1207 finished with value: 0.34951735458949196 and parameters: {'window_influence': 0.45819836944099046, 'penalty_k': 0.2114348193119321, 'scale_lr': 0.1812448382377841}. Best is trial 1044 with value: 0.36650777071830365.
checkpoint_e29 window_influence: 0.50804436553996946, penalty_k: 0.24062707772710099, scale_lr: 0.17102469532984030, EAO: 0.326
Trial 1208 finished with value: 0.3264326090246787 and parameters: {'window_influence': 0.5080443655399695, 'penalty_k': 0.24062707772710099, 'scale_lr': 0.1710246953298403}. Best is trial 1044 with value: 0.36650777071830365.
checkpoint_e29 window_influence: 0.53049213742340329, penalty_k: 0.19713256545522129, scale_lr: 0.12358745344813132, EAO: 0.336
Trial 1209 finished with value: 0.3364846468667576 and parameters: {'window_influence': 0.5304921374234033, 'penalty_k': 0.1971325654552213, 'scale_lr': 0.12358745344813132}. Best is trial 1044 with value: 0.36650777071830365.
checkpoint_e29 window_influence: 0.12777645674868990, penalty_k: 0.14198603539233273, scale_lr: 0.24782093784698864, EAO: 0.250
Trial 1210 finished with value: 0.25020731191226947 and parameters: {'window_influence': 0.1277764567486899, 'penalty_k': 0.14198603539233273, 'scale_lr': 0.24782093784698864}. Best is trial 1044 with value: 0.36650777071830365.
checkpoint_e29 window_influence: 0.09778697646031587, penalty_k: 0.00020774635642812, scale_lr: 0.40495449304192588, EAO: 0.250
Trial 1211 finished with value: 0.24970540421714116 and parameters: {'window_influence': 0.09778697646031587, 'penalty_k': 0.00020774635642812483, 'scale_lr': 0.4049544930419259}. Best is trial 1044 with value: 0.36650777071830365.
checkpoint_e29 window_influence: 0.47166581605969871, penalty_k: 0.17210945409420009, scale_lr: 0.53479604573720352, EAO: 0.339
Trial 1212 finished with value: 0.33857567486596013 and parameters: {'window_influence': 0.4716658160596987, 'penalty_k': 0.1721094540942001, 'scale_lr': 0.5347960457372035}. Best is trial 1044 with value: 0.36650777071830365.
checkpoint_e29 window_influence: 0.49674503901581057, penalty_k: 0.15807501322904668, scale_lr: 0.15100748488881799, EAO: 0.347
Trial 1213 finished with value: 0.34734975862595824 and parameters: {'window_influence': 0.4967450390158106, 'penalty_k': 0.15807501322904668, 'scale_lr': 0.151007484888818}. Best is trial 1044 with value: 0.36650777071830365.
checkpoint_e29 window_influence: 0.48107070994439199, penalty_k: 0.05118648516218687, scale_lr: 0.19008893819860559, EAO: 0.342
Trial 1214 finished with value: 0.34185676653561425 and parameters: {'window_influence': 0.481070709944392, 'penalty_k': 0.05118648516218687, 'scale_lr': 0.1900889381986056}. Best is trial 1044 with value: 0.36650777071830365.
checkpoint_e29 window_influence: 0.51461009748355246, penalty_k: 0.18212639842875444, scale_lr: 0.22461949974040113, EAO: 0.316
Trial 1215 finished with value: 0.31605340714352603 and parameters: {'window_influence': 0.5146100974835525, 'penalty_k': 0.18212639842875444, 'scale_lr': 0.22461949974040113}. Best is trial 1044 with value: 0.36650777071830365.
checkpoint_e29 window_influence: 0.14188905920259359, penalty_k: 0.01900123321943425, scale_lr: 0.16012632454360659, EAO: 0.285
Trial 1216 finished with value: 0.28499218305493146 and parameters: {'window_influence': 0.1418890592025936, 'penalty_k': 0.019001233219434255, 'scale_lr': 0.1601263245436066}. Best is trial 1044 with value: 0.36650777071830365.
checkpoint_e29 window_influence: 0.46966078816064849, penalty_k: 0.13983443972381926, scale_lr: 0.68327940039241863, EAO: 0.323
Trial 1217 finished with value: 0.3230721484942195 and parameters: {'window_influence': 0.4696607881606485, 'penalty_k': 0.13983443972381926, 'scale_lr': 0.6832794003924186}. Best is trial 1044 with value: 0.36650777071830365.
checkpoint_e29 window_influence: 0.49013557612230740, penalty_k: 0.16186778585951422, scale_lr: 0.54856330317500057, EAO: 0.324
Trial 1218 finished with value: 0.3240181725428726 and parameters: {'window_influence': 0.4901355761223074, 'penalty_k': 0.16186778585951422, 'scale_lr': 0.5485633031750006}. Best is trial 1044 with value: 0.36650777071830365.
checkpoint_e29 window_influence: 0.45551221259745112, penalty_k: 0.09829929816912970, scale_lr: 0.29383461403828132, EAO: 0.316
Trial 1219 finished with value: 0.31617318354691976 and parameters: {'window_influence': 0.4555122125974511, 'penalty_k': 0.0982992981691297, 'scale_lr': 0.2938346140382813}. Best is trial 1044 with value: 0.36650777071830365.
checkpoint_e29 window_influence: 0.54342357716969103, penalty_k: 0.05975323336954996, scale_lr: 0.20689668233642053, EAO: 0.320
Trial 1220 finished with value: 0.31969643016037774 and parameters: {'window_influence': 0.543423577169691, 'penalty_k': 0.05975323336954996, 'scale_lr': 0.20689668233642053}. Best is trial 1044 with value: 0.36650777071830365.
checkpoint_e29 window_influence: 0.49866071185700028, penalty_k: 0.25367833009293139, scale_lr: 0.13370525967961649, EAO: 0.343
Trial 1221 finished with value: 0.34284835601595126 and parameters: {'window_influence': 0.4986607118570003, 'penalty_k': 0.2536783300929314, 'scale_lr': 0.1337052596796165}. Best is trial 1044 with value: 0.36650777071830365.
checkpoint_e29 window_influence: 0.48250378742021710, penalty_k: 0.11612991951834481, scale_lr: 0.10463254663980842, EAO: 0.339
Trial 1222 finished with value: 0.3394982749849906 and parameters: {'window_influence': 0.4825037874202171, 'penalty_k': 0.11612991951834481, 'scale_lr': 0.10463254663980842}. Best is trial 1044 with value: 0.36650777071830365.
checkpoint_e29 window_influence: 0.56727514769688925, penalty_k: 0.03302115644564942, scale_lr: 0.17413191664608663, EAO: 0.319
Trial 1223 finished with value: 0.3186475812577088 and parameters: {'window_influence': 0.5672751476968892, 'penalty_k': 0.03302115644564942, 'scale_lr': 0.17413191664608663}. Best is trial 1044 with value: 0.36650777071830365.
checkpoint_e29 window_influence: 0.51367702943709159, penalty_k: 0.51205329114699927, scale_lr: 0.14461024268796255, EAO: 0.290
Trial 1224 finished with value: 0.2895487269190963 and parameters: {'window_influence': 0.5136770294370916, 'penalty_k': 0.5120532911469993, 'scale_lr': 0.14461024268796255}. Best is trial 1044 with value: 0.36650777071830365.
checkpoint_e29 window_influence: 0.23306569372548164, penalty_k: 0.07073868403217015, scale_lr: 0.18948840368922035, EAO: 0.308
Trial 1225 finished with value: 0.30768536193593465 and parameters: {'window_influence': 0.23306569372548164, 'penalty_k': 0.07073868403217015, 'scale_lr': 0.18948840368922035}. Best is trial 1044 with value: 0.36650777071830365.
checkpoint_e29 window_influence: 0.56358912269166128, penalty_k: 0.13549674276392779, scale_lr: 0.34223153332403011, EAO: 0.284
Trial 1226 finished with value: 0.2843592524644466 and parameters: {'window_influence': 0.5635891226916613, 'penalty_k': 0.13549674276392779, 'scale_lr': 0.3422315333240301}. Best is trial 1044 with value: 0.36650777071830365.
checkpoint_e29 window_influence: 0.46924727077916323, penalty_k: 0.09072564813955636, scale_lr: 0.40633353235529773, EAO: 0.330
Trial 1227 finished with value: 0.33031569659014154 and parameters: {'window_influence': 0.46924727077916323, 'penalty_k': 0.09072564813955636, 'scale_lr': 0.40633353235529773}. Best is trial 1044 with value: 0.36650777071830365.
checkpoint_e29 window_influence: 0.52784189708463203, penalty_k: 0.48641004011791034, scale_lr: 0.23898397628510631, EAO: 0.309
Trial 1228 finished with value: 0.30867564318708873 and parameters: {'window_influence': 0.527841897084632, 'penalty_k': 0.48641004011791034, 'scale_lr': 0.23898397628510631}. Best is trial 1044 with value: 0.36650777071830365.
checkpoint_e29 window_influence: 0.50103488294358078, penalty_k: 0.19139756584211939, scale_lr: 0.69712762212081747, EAO: 0.329
Trial 1229 finished with value: 0.32918067479411917 and parameters: {'window_influence': 0.5010348829435808, 'penalty_k': 0.1913975658421194, 'scale_lr': 0.6971276221208175}. Best is trial 1044 with value: 0.36650777071830365.
checkpoint_e29 window_influence: 0.48033759079857635, penalty_k: 0.53573810257969590, scale_lr: 0.26490570353866516, EAO: 0.309
Trial 1230 finished with value: 0.3085750263140823 and parameters: {'window_influence': 0.48033759079857635, 'penalty_k': 0.5357381025796959, 'scale_lr': 0.26490570353866516}. Best is trial 1044 with value: 0.36650777071830365.
checkpoint_e29 window_influence: 0.45543894827726633, penalty_k: 0.23223533112933614, scale_lr: 0.37901506093406950, EAO: 0.324
Trial 1231 finished with value: 0.32426383784077045 and parameters: {'window_influence': 0.45543894827726633, 'penalty_k': 0.23223533112933614, 'scale_lr': 0.3790150609340695}. Best is trial 1044 with value: 0.36650777071830365.
checkpoint_e29 window_influence: 0.48915174860901695, penalty_k: 0.10895497840280835, scale_lr: 0.15485589285652659, EAO: 0.349
Trial 1232 finished with value: 0.34935556520283917 and parameters: {'window_influence': 0.48915174860901695, 'penalty_k': 0.10895497840280835, 'scale_lr': 0.1548558928565266}. Best is trial 1044 with value: 0.36650777071830365.
checkpoint_e29 window_influence: 0.46813085737877197, penalty_k: 0.15029800110349151, scale_lr: 0.31287997389654881, EAO: 0.324
Trial 1233 finished with value: 0.32354355478796976 and parameters: {'window_influence': 0.46813085737877197, 'penalty_k': 0.1502980011034915, 'scale_lr': 0.3128799738965488}. Best is trial 1044 with value: 0.36650777071830365.
checkpoint_e29 window_influence: 0.50972881260855263, penalty_k: 0.17437261052323630, scale_lr: 0.54074543880092318, EAO: 0.303
Trial 1234 finished with value: 0.30293520357358317 and parameters: {'window_influence': 0.5097288126085526, 'penalty_k': 0.1743726105232363, 'scale_lr': 0.5407454388009232}. Best is trial 1044 with value: 0.36650777071830365.
checkpoint_e29 window_influence: 0.49622761126542569, penalty_k: 0.04846793349156889, scale_lr: 0.50112143852211377, EAO: 0.334
Trial 1235 finished with value: 0.33380641524429916 and parameters: {'window_influence': 0.4962276112654257, 'penalty_k': 0.04846793349156889, 'scale_lr': 0.5011214385221138}. Best is trial 1044 with value: 0.36650777071830365.
checkpoint_e29 window_influence: 0.17084050253947794, penalty_k: 0.16641500453151425, scale_lr: 0.21307752111802200, EAO: 0.291
Trial 1236 finished with value: 0.29146299357544125 and parameters: {'window_influence': 0.17084050253947794, 'penalty_k': 0.16641500453151425, 'scale_lr': 0.213077521118022}. Best is trial 1044 with value: 0.36650777071830365.
checkpoint_e29 window_influence: 0.30021884911638691, penalty_k: 0.12977174139738612, scale_lr: 0.17152269120699082, EAO: 0.324
Trial 1237 finished with value: 0.3238996394297492 and parameters: {'window_influence': 0.3002188491163869, 'penalty_k': 0.12977174139738612, 'scale_lr': 0.17152269120699082}. Best is trial 1044 with value: 0.36650777071830365.
checkpoint_e29 window_influence: 0.47675147238668147, penalty_k: 0.56366297112267760, scale_lr: 0.11635360970685714, EAO: 0.288
Trial 1238 finished with value: 0.2878632738548494 and parameters: {'window_influence': 0.4767514723866815, 'penalty_k': 0.5636629711226776, 'scale_lr': 0.11635360970685714}. Best is trial 1044 with value: 0.36650777071830365.
checkpoint_e29 window_influence: 0.51838900334719740, penalty_k: 0.08012856981402815, scale_lr: 0.39065452716201998, EAO: 0.328
Trial 1239 finished with value: 0.3279405725605293 and parameters: {'window_influence': 0.5183890033471974, 'penalty_k': 0.08012856981402815, 'scale_lr': 0.39065452716202}. Best is trial 1044 with value: 0.36650777071830365.
checkpoint_e29 window_influence: 0.45426972799653798, penalty_k: 0.01350992906823564, scale_lr: 0.19787801475438543, EAO: 0.350
Trial 1240 finished with value: 0.3502456192144624 and parameters: {'window_influence': 0.454269727996538, 'penalty_k': 0.013509929068235636, 'scale_lr': 0.19787801475438543}. Best is trial 1044 with value: 0.36650777071830365.
checkpoint_e29 window_influence: 0.48572947963996488, penalty_k: 0.20386599042224490, scale_lr: 0.14223553960634677, EAO: 0.326
Trial 1241 finished with value: 0.32586496158100753 and parameters: {'window_influence': 0.4857294796399649, 'penalty_k': 0.2038659904222449, 'scale_lr': 0.14223553960634677}. Best is trial 1044 with value: 0.36650777071830365.
checkpoint_e29 window_influence: 0.05300157877489620, penalty_k: 0.06772682524608284, scale_lr: 0.16273963313866449, EAO: 0.257
Trial 1242 finished with value: 0.2574038030108589 and parameters: {'window_influence': 0.053001578774896196, 'penalty_k': 0.06772682524608284, 'scale_lr': 0.1627396331386645}. Best is trial 1044 with value: 0.36650777071830365.
checkpoint_e29 window_influence: 0.21315453181925018, penalty_k: 0.14415752332665194, scale_lr: 0.51980486418913829, EAO: 0.295
Trial 1243 finished with value: 0.2952127741932405 and parameters: {'window_influence': 0.21315453181925018, 'penalty_k': 0.14415752332665194, 'scale_lr': 0.5198048641891383}. Best is trial 1044 with value: 0.36650777071830365.
checkpoint_e29 window_influence: 0.60913780969664955, penalty_k: 0.02702946500013511, scale_lr: 0.18382330489930562, EAO: 0.290
Trial 1244 finished with value: 0.2901589980037296 and parameters: {'window_influence': 0.6091378096966495, 'penalty_k': 0.02702946500013511, 'scale_lr': 0.18382330489930562}. Best is trial 1044 with value: 0.36650777071830365.
checkpoint_e29 window_influence: 0.26453012201865778, penalty_k: 0.18496503935097711, scale_lr: 0.12683595698861572, EAO: 0.308
Trial 1245 finished with value: 0.3078553754879807 and parameters: {'window_influence': 0.2645301220186578, 'penalty_k': 0.1849650393509771, 'scale_lr': 0.12683595698861572}. Best is trial 1044 with value: 0.36650777071830365.
checkpoint_e29 window_influence: 0.19065925511364593, penalty_k: 0.12378587880012026, scale_lr: 0.46329233492105770, EAO: 0.295
Trial 1246 finished with value: 0.29544044665789326 and parameters: {'window_influence': 0.19065925511364593, 'penalty_k': 0.12378587880012026, 'scale_lr': 0.4632923349210577}. Best is trial 1044 with value: 0.36650777071830365.
checkpoint_e29 window_influence: 0.54697133909192108, penalty_k: 0.15562049011638546, scale_lr: 0.25384017736294479, EAO: 0.306
Trial 1247 finished with value: 0.30560491410906676 and parameters: {'window_influence': 0.5469713390919211, 'penalty_k': 0.15562049011638546, 'scale_lr': 0.2538401773629448}. Best is trial 1044 with value: 0.36650777071830365.
checkpoint_e29 window_influence: 0.50279704221873667, penalty_k: 0.05042382682298904, scale_lr: 0.27416887474595103, EAO: 0.353
Trial 1248 finished with value: 0.35316379455276964 and parameters: {'window_influence': 0.5027970422187367, 'penalty_k': 0.05042382682298904, 'scale_lr': 0.27416887474595103}. Best is trial 1044 with value: 0.36650777071830365.
checkpoint_e29 window_influence: 0.46127296826414521, penalty_k: 0.59685584037886508, scale_lr: 0.68577322380821204, EAO: 0.325
Trial 1249 finished with value: 0.324500404965089 and parameters: {'window_influence': 0.4612729682641452, 'penalty_k': 0.5968558403788651, 'scale_lr': 0.685773223808212}. Best is trial 1044 with value: 0.36650777071830365.
checkpoint_e29 window_influence: 0.17586994841087206, penalty_k: 0.08489264588456746, scale_lr: 0.48846107229634483, EAO: 0.285
Trial 1250 finished with value: 0.2845489160096135 and parameters: {'window_influence': 0.17586994841087206, 'penalty_k': 0.08489264588456746, 'scale_lr': 0.48846107229634483}. Best is trial 1044 with value: 0.36650777071830365.
checkpoint_e29 window_influence: 0.47292473656523792, penalty_k: 0.06154215626290836, scale_lr: 0.42381900355597468, EAO: 0.335
Trial 1251 finished with value: 0.33493131317981023 and parameters: {'window_influence': 0.4729247365652379, 'penalty_k': 0.06154215626290836, 'scale_lr': 0.4238190035559747}. Best is trial 1044 with value: 0.36650777071830365.
checkpoint_e29 window_influence: 0.22300874652619215, penalty_k: 0.46910275335164026, scale_lr: 0.22412702384524696, EAO: 0.279
Trial 1252 finished with value: 0.27874348530045745 and parameters: {'window_influence': 0.22300874652619215, 'penalty_k': 0.46910275335164026, 'scale_lr': 0.22412702384524696}. Best is trial 1044 with value: 0.36650777071830365.
checkpoint_e29 window_influence: 0.56480040434527790, penalty_k: 0.09835557994481159, scale_lr: 0.15808513409451930, EAO: 0.313
Trial 1253 finished with value: 0.3132288930828933 and parameters: {'window_influence': 0.5648004043452779, 'penalty_k': 0.09835557994481159, 'scale_lr': 0.1580851340945193}. Best is trial 1044 with value: 0.36650777071830365.
checkpoint_e29 window_influence: 0.49089033182620334, penalty_k: 0.03638888018232674, scale_lr: 0.30205868019818649, EAO: 0.325
Trial 1254 finished with value: 0.3251812818101408 and parameters: {'window_influence': 0.49089033182620334, 'penalty_k': 0.036388880182326735, 'scale_lr': 0.3020586801981865}. Best is trial 1044 with value: 0.36650777071830365.
checkpoint_e29 window_influence: 0.50462532795674042, penalty_k: 0.14474007071438266, scale_lr: 0.53535503619141644, EAO: 0.343
Trial 1255 finished with value: 0.3428527244334091 and parameters: {'window_influence': 0.5046253279567404, 'penalty_k': 0.14474007071438266, 'scale_lr': 0.5353550361914164}. Best is trial 1044 with value: 0.36650777071830365.
checkpoint_e29 window_influence: 0.10217603493525468, penalty_k: 0.25030450320658038, scale_lr: 0.20104581017741388, EAO: 0.270
