Trial 62 finished with value: 0.3726749919963718 and parameters: {'window_influence': 0.4915647469953417, 'penalty_k': 0.06065216976141328, 'scale_lr': 0.478049544146534}. Best is trial 62 with value: 0.3726749919963718.
checkpoint_e29 window_influence: 0.42431532306885822, penalty_k: 0.21890266179993489, scale_lr: 0.48270229250847518, EAO: 0.333
Trial 63 finished with value: 0.3326150829458051 and parameters: {'window_influence': 0.4243153230688582, 'penalty_k': 0.2189026617999349, 'scale_lr': 0.4827022925084752}. Best is trial 62 with value: 0.3726749919963718.
checkpoint_e29 window_influence: 0.49176728222591715, penalty_k: 0.19674169445467521, scale_lr: 0.51858219479007339, EAO: 0.324
Trial 64 finished with value: 0.3239352122123139 and parameters: {'window_influence': 0.49176728222591715, 'penalty_k': 0.1967416944546752, 'scale_lr': 0.5185821947900734}. Best is trial 62 with value: 0.3726749919963718.
checkpoint_e29 window_influence: 0.40840861349749735, penalty_k: 0.09980742395103694, scale_lr: 0.45824779157489626, EAO: 0.313
Trial 65 finished with value: 0.31333053227992375 and parameters: {'window_influence': 0.40840861349749735, 'penalty_k': 0.09980742395103694, 'scale_lr': 0.45824779157489626}. Best is trial 62 with value: 0.3726749919963718.
checkpoint_e29 window_influence: 0.48519292971778594, penalty_k: 0.16956467836558400, scale_lr: 0.42726124084441530, EAO: 0.329
Trial 66 finished with value: 0.32893010568062153 and parameters: {'window_influence': 0.48519292971778594, 'penalty_k': 0.169564678365584, 'scale_lr': 0.4272612408444153}. Best is trial 62 with value: 0.3726749919963718.
checkpoint_e29 window_influence: 0.43304976296683506, penalty_k: 0.07059265174545581, scale_lr: 0.49437188683185174, EAO: 0.321
Trial 67 finished with value: 0.3208119575847448 and parameters: {'window_influence': 0.43304976296683506, 'penalty_k': 0.07059265174545581, 'scale_lr': 0.49437188683185174}. Best is trial 62 with value: 0.3726749919963718.
checkpoint_e29 window_influence: 0.45273425452772126, penalty_k: 0.00150395805954903, scale_lr: 0.40494212898299076, EAO: 0.322
Trial 68 finished with value: 0.3222283515716805 and parameters: {'window_influence': 0.45273425452772126, 'penalty_k': 0.001503958059549032, 'scale_lr': 0.40494212898299076}. Best is trial 62 with value: 0.3726749919963718.
checkpoint_e29 window_influence: 0.53954969864717117, penalty_k: 0.12376139419658214, scale_lr: 0.45127119922141862, EAO: 0.301
Trial 69 finished with value: 0.30140449959016496 and parameters: {'window_influence': 0.5395496986471712, 'penalty_k': 0.12376139419658214, 'scale_lr': 0.4512711992214186}. Best is trial 62 with value: 0.3726749919963718.
checkpoint_e29 window_influence: 0.51095683455593743, penalty_k: 0.03481577744600026, scale_lr: 0.57250818428520966, EAO: 0.342
Trial 70 finished with value: 0.3423959822738217 and parameters: {'window_influence': 0.5109568345559374, 'penalty_k': 0.03481577744600026, 'scale_lr': 0.5725081842852097}. Best is trial 62 with value: 0.3726749919963718.
checkpoint_e29 window_influence: 0.52249339832895381, penalty_k: 0.02488254127585738, scale_lr: 0.57446774769597397, EAO: 0.319
Trial 71 finished with value: 0.3194113490878376 and parameters: {'window_influence': 0.5224933983289538, 'penalty_k': 0.024882541275857383, 'scale_lr': 0.574467747695974}. Best is trial 62 with value: 0.3726749919963718.
checkpoint_e29 window_influence: 0.51015676093721063, penalty_k: 0.04399151331703120, scale_lr: 0.53021820974487210, EAO: 0.355
Trial 72 finished with value: 0.3548140565245068 and parameters: {'window_influence': 0.5101567609372106, 'penalty_k': 0.043991513317031196, 'scale_lr': 0.5302182097448721}. Best is trial 62 with value: 0.3726749919963718.
checkpoint_e29 window_influence: 0.47990152417348997, penalty_k: 0.09069624977736314, scale_lr: 0.55050969393570437, EAO: 0.330
Trial 73 finished with value: 0.3304241407474191 and parameters: {'window_influence': 0.47990152417348997, 'penalty_k': 0.09069624977736314, 'scale_lr': 0.5505096939357044}. Best is trial 62 with value: 0.3726749919963718.
checkpoint_e29 window_influence: 0.45556383867032341, penalty_k: 0.06611082254609804, scale_lr: 0.47524820982523891, EAO: 0.331
Trial 74 finished with value: 0.33111889063152355 and parameters: {'window_influence': 0.4555638386703234, 'penalty_k': 0.06611082254609804, 'scale_lr': 0.4752482098252389}. Best is trial 62 with value: 0.3726749919963718.
checkpoint_e29 window_influence: 0.54063038755540749, penalty_k: 0.05252842635458829, scale_lr: 0.44241399387073821, EAO: 0.318
Trial 75 finished with value: 0.31780800113186297 and parameters: {'window_influence': 0.5406303875554075, 'penalty_k': 0.052528426354588285, 'scale_lr': 0.4424139938707382}. Best is trial 62 with value: 0.3726749919963718.
checkpoint_e29 window_influence: 0.39820321510854984, penalty_k: 0.14355404184101486, scale_lr: 0.49903925735244692, EAO: 0.332
Trial 76 finished with value: 0.3320114711147338 and parameters: {'window_influence': 0.39820321510854984, 'penalty_k': 0.14355404184101486, 'scale_lr': 0.4990392573524469}. Best is trial 62 with value: 0.3726749919963718.
checkpoint_e29 window_influence: 0.56259575802231376, penalty_k: 0.09400978446110517, scale_lr: 0.53945697066601905, EAO: 0.294
Trial 77 finished with value: 0.2939888895253727 and parameters: {'window_influence': 0.5625957580223138, 'penalty_k': 0.09400978446110517, 'scale_lr': 0.539456970666019}. Best is trial 62 with value: 0.3726749919963718.
checkpoint_e29 window_influence: 0.50350456015863532, penalty_k: 0.04345784764767879, scale_lr: 0.51357662688728134, EAO: 0.347
Trial 78 finished with value: 0.3470949207066562 and parameters: {'window_influence': 0.5035045601586353, 'penalty_k': 0.043457847647678786, 'scale_lr': 0.5135766268872813}. Best is trial 62 with value: 0.3726749919963718.
checkpoint_e29 window_influence: 0.47917294996809184, penalty_k: 0.00053790932511451, scale_lr: 0.52112925515178510, EAO: 0.338
Trial 79 finished with value: 0.337945070364132 and parameters: {'window_influence': 0.47917294996809184, 'penalty_k': 0.0005379093251145078, 'scale_lr': 0.5211292551517851}. Best is trial 62 with value: 0.3726749919963718.
checkpoint_e29 window_influence: 0.50618235163121761, penalty_k: 0.04255781462244307, scale_lr: 0.46816910969022052, EAO: 0.342
Trial 80 finished with value: 0.34185223623472427 and parameters: {'window_influence': 0.5061823516312176, 'penalty_k': 0.04255781462244307, 'scale_lr': 0.4681691096902205}. Best is trial 62 with value: 0.3726749919963718.
checkpoint_e29 window_influence: 0.49496897730648282, penalty_k: 0.02030837381783707, scale_lr: 0.50600699882993416, EAO: 0.330
Trial 81 finished with value: 0.33047560077696925 and parameters: {'window_influence': 0.4949689773064828, 'penalty_k': 0.020308373817837073, 'scale_lr': 0.5060069988299342}. Best is trial 62 with value: 0.3726749919963718.
checkpoint_e29 window_influence: 0.43605651730842715, penalty_k: 0.06678265127532179, scale_lr: 0.59295148221916927, EAO: 0.353
Trial 82 finished with value: 0.35275140984512954 and parameters: {'window_influence': 0.43605651730842715, 'penalty_k': 0.06678265127532179, 'scale_lr': 0.5929514822191693}. Best is trial 62 with value: 0.3726749919963718.
checkpoint_e29 window_influence: 0.44015747363739011, penalty_k: 0.06621976829181515, scale_lr: 0.59874597799846974, EAO: 0.325
Trial 83 finished with value: 0.32530008673899835 and parameters: {'window_influence': 0.4401574736373901, 'penalty_k': 0.06621976829181515, 'scale_lr': 0.5987459779984697}. Best is trial 62 with value: 0.3726749919963718.
checkpoint_e29 window_influence: 0.46466624107281623, penalty_k: 0.03686861997617230, scale_lr: 0.62509537569945273, EAO: 0.351
Trial 84 finished with value: 0.3511714033115699 and parameters: {'window_influence': 0.46466624107281623, 'penalty_k': 0.0368686199761723, 'scale_lr': 0.6250953756994527}. Best is trial 62 with value: 0.3726749919963718.
checkpoint_e29 window_influence: 0.42406660103817617, penalty_k: 0.05004636619857121, scale_lr: 0.63120370009856641, EAO: 0.310
Trial 85 finished with value: 0.31033267822942845 and parameters: {'window_influence': 0.42406660103817617, 'penalty_k': 0.05004636619857121, 'scale_lr': 0.6312037000985664}. Best is trial 62 with value: 0.3726749919963718.
checkpoint_e29 window_influence: 0.46151066892659987, penalty_k: 0.01528053342452195, scale_lr: 0.53730420342311713, EAO: 0.347
Trial 86 finished with value: 0.34658080606145153 and parameters: {'window_influence': 0.46151066892659987, 'penalty_k': 0.015280533424521948, 'scale_lr': 0.5373042034231171}. Best is trial 62 with value: 0.3726749919963718.
checkpoint_e29 window_influence: 0.37639851904175498, penalty_k: 0.06759756581028015, scale_lr: 0.61979664393971090, EAO: 0.341
Trial 87 finished with value: 0.34058458378342804 and parameters: {'window_influence': 0.376398519041755, 'penalty_k': 0.06759756581028015, 'scale_lr': 0.6197966439397109}. Best is trial 62 with value: 0.3726749919963718.
checkpoint_e29 window_influence: 0.51008930260356855, penalty_k: 0.02772185678417242, scale_lr: 0.58177871914511614, EAO: 0.331
Trial 88 finished with value: 0.33105629247682106 and parameters: {'window_influence': 0.5100893026035686, 'penalty_k': 0.02772185678417242, 'scale_lr': 0.5817787191451161}. Best is trial 62 with value: 0.3726749919963718.
checkpoint_e29 window_influence: 0.39618599500702784, penalty_k: 0.10126222574505345, scale_lr: 0.56160955395457024, EAO: 0.321
Trial 89 finished with value: 0.320771707808925 and parameters: {'window_influence': 0.39618599500702784, 'penalty_k': 0.10126222574505345, 'scale_lr': 0.5616095539545702}. Best is trial 62 with value: 0.3726749919963718.
checkpoint_e29 window_influence: 0.45982733178609203, penalty_k: 0.07285170537251022, scale_lr: 0.59571236135501371, EAO: 0.321
Trial 90 finished with value: 0.32131778573479636 and parameters: {'window_influence': 0.45982733178609203, 'penalty_k': 0.07285170537251022, 'scale_lr': 0.5957123613550137}. Best is trial 62 with value: 0.3726749919963718.
checkpoint_e29 window_influence: 0.43327645718224206, penalty_k: 0.01160656249599513, scale_lr: 0.53428236773307181, EAO: 0.334
Trial 91 finished with value: 0.3341099608269183 and parameters: {'window_influence': 0.43327645718224206, 'penalty_k': 0.011606562495995135, 'scale_lr': 0.5342823677330718}. Best is trial 62 with value: 0.3726749919963718.
checkpoint_e29 window_influence: 0.46134431041336937, penalty_k: 0.04406425177884560, scale_lr: 0.54682721714570071, EAO: 0.337
Trial 92 finished with value: 0.3373826086984998 and parameters: {'window_influence': 0.4613443104133694, 'penalty_k': 0.0440642517788456, 'scale_lr': 0.5468272171457007}. Best is trial 62 with value: 0.3726749919963718.
checkpoint_e29 window_influence: 0.47980060674040009, penalty_k: 0.01592502855702068, scale_lr: 0.53185484798750393, EAO: 0.333
Trial 93 finished with value: 0.3334258932779735 and parameters: {'window_influence': 0.4798006067404001, 'penalty_k': 0.015925028557020684, 'scale_lr': 0.5318548479875039}. Best is trial 62 with value: 0.3726749919963718.
checkpoint_e29 window_influence: 0.53003636303868240, penalty_k: 0.02641714910200524, scale_lr: 0.51467016660555231, EAO: 0.319
Trial 94 finished with value: 0.31948563340572994 and parameters: {'window_influence': 0.5300363630386824, 'penalty_k': 0.026417149102005242, 'scale_lr': 0.5146701666055523}. Best is trial 62 with value: 0.3726749919963718.
checkpoint_e29 window_influence: 0.44926687719810648, penalty_k: 0.05806689433824875, scale_lr: 0.55714718941813413, EAO: 0.320
Trial 95 finished with value: 0.31953839662010103 and parameters: {'window_influence': 0.4492668771981065, 'penalty_k': 0.05806689433824875, 'scale_lr': 0.5571471894181341}. Best is trial 62 with value: 0.3726749919963718.
checkpoint_e29 window_influence: 0.52015505349002988, penalty_k: 0.04118896320998736, scale_lr: 0.50464229135850047, EAO: 0.346
Trial 96 finished with value: 0.3457462218253065 and parameters: {'window_influence': 0.5201550534900299, 'penalty_k': 0.04118896320998736, 'scale_lr': 0.5046422913585005}. Best is trial 62 with value: 0.3726749919963718.
checkpoint_e29 window_influence: 0.49926462633297347, penalty_k: 0.11599451747648196, scale_lr: 0.48990141717751545, EAO: 0.347
Trial 97 finished with value: 0.34714033979386205 and parameters: {'window_influence': 0.49926462633297347, 'penalty_k': 0.11599451747648196, 'scale_lr': 0.48990141717751545}. Best is trial 62 with value: 0.3726749919963718.
checkpoint_e29 window_influence: 0.50067758079200320, penalty_k: 0.09372552790310464, scale_lr: 0.48413007302613342, EAO: 0.338
Trial 98 finished with value: 0.33835823746970656 and parameters: {'window_influence': 0.5006775807920032, 'penalty_k': 0.09372552790310464, 'scale_lr': 0.4841300730261334}. Best is trial 62 with value: 0.3726749919963718.
checkpoint_e29 window_influence: 0.48622914196557399, penalty_k: 0.12078341884051583, scale_lr: 0.48868427665829728, EAO: 0.339
Trial 99 finished with value: 0.3388920299969759 and parameters: {'window_influence': 0.486229141965574, 'penalty_k': 0.12078341884051583, 'scale_lr': 0.4886842766582973}. Best is trial 62 with value: 0.3726749919963718.
checkpoint_e29 window_influence: 0.47379433200316184, penalty_k: 0.07999066306935432, scale_lr: 0.46213427750257019, EAO: 0.335
Trial 100 finished with value: 0.3346633730231556 and parameters: {'window_influence': 0.47379433200316184, 'penalty_k': 0.07999066306935432, 'scale_lr': 0.4621342775025702}. Best is trial 62 with value: 0.3726749919963718.
checkpoint_e29 window_influence: 0.46213526721748388, penalty_k: 0.04673988318673032, scale_lr: 0.53716251016041183, EAO: 0.343
Trial 101 finished with value: 0.34333875392661484 and parameters: {'window_influence': 0.4621352672174839, 'penalty_k': 0.04673988318673032, 'scale_lr': 0.5371625101604118}. Best is trial 62 with value: 0.3726749919963718.
checkpoint_e29 window_influence: 0.51458571822052701, penalty_k: 0.06353265545853833, scale_lr: 0.56004370612933729, EAO: 0.346
Trial 102 finished with value: 0.34550234872543395 and parameters: {'window_influence': 0.514585718220527, 'penalty_k': 0.06353265545853833, 'scale_lr': 0.5600437061293373}. Best is trial 62 with value: 0.3726749919963718.
checkpoint_e29 window_influence: 0.49239761812652755, penalty_k: 0.00980459588811644, scale_lr: 0.58386844838635910, EAO: 0.349
Trial 103 finished with value: 0.3488125766297723 and parameters: {'window_influence': 0.49239761812652755, 'penalty_k': 0.00980459588811644, 'scale_lr': 0.5838684483863591}. Best is trial 62 with value: 0.3726749919963718.
checkpoint_e29 window_influence: 0.49045963092952682, penalty_k: 0.11002686280200408, scale_lr: 0.60863085800423411, EAO: 0.338
Trial 104 finished with value: 0.3381251139631531 and parameters: {'window_influence': 0.4904596309295268, 'penalty_k': 0.11002686280200408, 'scale_lr': 0.6086308580042341}. Best is trial 62 with value: 0.3726749919963718.
checkpoint_e29 window_influence: 0.49839800479742596, penalty_k: 0.03051223546249753, scale_lr: 0.58353892910109773, EAO: 0.311
Trial 105 finished with value: 0.3111832021275383 and parameters: {'window_influence': 0.49839800479742596, 'penalty_k': 0.030512235462497532, 'scale_lr': 0.5835389291010977}. Best is trial 62 with value: 0.3726749919963718.
checkpoint_e29 window_influence: 0.53417793581603878, penalty_k: 0.18534554778949630, scale_lr: 0.66471582024342402, EAO: 0.306
Trial 106 finished with value: 0.3061005299193386 and parameters: {'window_influence': 0.5341779358160388, 'penalty_k': 0.1853455477894963, 'scale_lr': 0.664715820243424}. Best is trial 62 with value: 0.3726749919963718.
checkpoint_e29 window_influence: 0.51652119384355344, penalty_k: 0.15440757691482851, scale_lr: 0.50945134503031464, EAO: 0.330
Trial 107 finished with value: 0.3296137118153999 and parameters: {'window_influence': 0.5165211938435534, 'penalty_k': 0.1544075769148285, 'scale_lr': 0.5094513450303146}. Best is trial 62 with value: 0.3726749919963718.
checkpoint_e29 window_influence: 0.44375553762633330, penalty_k: 0.08004171741618626, scale_lr: 0.58774786904485232, EAO: 0.324
Trial 108 finished with value: 0.32364561458042157 and parameters: {'window_influence': 0.4437555376263333, 'penalty_k': 0.08004171741618626, 'scale_lr': 0.5877478690448523}. Best is trial 62 with value: 0.3726749919963718.
checkpoint_e29 window_influence: 0.47454299230642932, penalty_k: 0.20972377928604904, scale_lr: 0.63176392810929494, EAO: 0.323
Trial 109 finished with value: 0.322964026364371 and parameters: {'window_influence': 0.4745429923064293, 'penalty_k': 0.20972377928604904, 'scale_lr': 0.6317639281092949}. Best is trial 62 with value: 0.3726749919963718.
checkpoint_e29 window_influence: 0.50708903909695580, penalty_k: 0.01198566680386895, scale_lr: 0.55978061901824738, EAO: 0.346
Trial 110 finished with value: 0.3459462218479424 and parameters: {'window_influence': 0.5070890390969558, 'penalty_k': 0.01198566680386895, 'scale_lr': 0.5597806190182474}. Best is trial 62 with value: 0.3726749919963718.
checkpoint_e29 window_influence: 0.46605592380977134, penalty_k: 0.00763968532903458, scale_lr: 0.52913252753134299, EAO: 0.332
Trial 111 finished with value: 0.33239572138637885 and parameters: {'window_influence': 0.46605592380977134, 'penalty_k': 0.0076396853290345845, 'scale_lr': 0.529132527531343}. Best is trial 62 with value: 0.3726749919963718.
checkpoint_e29 window_influence: 0.48844926670667699, penalty_k: 0.02752945596263382, scale_lr: 0.49722921171244283, EAO: 0.334
Trial 112 finished with value: 0.3344179125147571 and parameters: {'window_influence': 0.488449266706677, 'penalty_k': 0.02752945596263382, 'scale_lr': 0.49722921171244283}. Best is trial 62 with value: 0.3726749919963718.
checkpoint_e29 window_influence: 0.45683462141688996, penalty_k: 0.05088155823576253, scale_lr: 0.57524477413852848, EAO: 0.330
Trial 113 finished with value: 0.3298116457369541 and parameters: {'window_influence': 0.45683462141688996, 'penalty_k': 0.05088155823576253, 'scale_lr': 0.5752447741385285}. Best is trial 62 with value: 0.3726749919963718.
checkpoint_e29 window_influence: 0.52658675956342094, penalty_k: 0.03412504332709695, scale_lr: 0.52024364986079530, EAO: 0.321
Trial 114 finished with value: 0.32094915048853434 and parameters: {'window_influence': 0.5265867595634209, 'penalty_k': 0.034125043327096954, 'scale_lr': 0.5202436498607953}. Best is trial 62 with value: 0.3726749919963718.
checkpoint_e29 window_influence: 0.48026240682124083, penalty_k: 0.06181994171377420, scale_lr: 0.54862120818982929, EAO: 0.329
Trial 115 finished with value: 0.32889787301942996 and parameters: {'window_influence': 0.48026240682124083, 'penalty_k': 0.061819941713774196, 'scale_lr': 0.5486212081898293}. Best is trial 62 with value: 0.3726749919963718.
checkpoint_e29 window_influence: 0.41626268428685581, penalty_k: 0.01182350464763888, scale_lr: 0.47994098178195616, EAO: 0.324
Trial 116 finished with value: 0.32405334745863534 and parameters: {'window_influence': 0.4162626842868558, 'penalty_k': 0.011823504647638879, 'scale_lr': 0.47994098178195616}. Best is trial 62 with value: 0.3726749919963718.
checkpoint_e29 window_influence: 0.43903875616872490, penalty_k: 0.08801812094875017, scale_lr: 0.61782825656926865, EAO: 0.339
Trial 117 finished with value: 0.3388385272907376 and parameters: {'window_influence': 0.4390387561687249, 'penalty_k': 0.08801812094875017, 'scale_lr': 0.6178282565692687}. Best is trial 62 with value: 0.3726749919963718.
checkpoint_e29 window_influence: 0.50087354215983682, penalty_k: 0.00002421534014365, scale_lr: 0.45067288165679720, EAO: 0.356
Trial 118 finished with value: 0.35584534571328513 and parameters: {'window_influence': 0.5008735421598368, 'penalty_k': 2.42153401436504e-05, 'scale_lr': 0.4506728816567972}. Best is trial 62 with value: 0.3726749919963718.
checkpoint_e29 window_influence: 0.50190109479243228, penalty_k: 0.04122286206937507, scale_lr: 0.44207897099849741, EAO: 0.359
Trial 119 finished with value: 0.3591260579541499 and parameters: {'window_influence': 0.5019010947924323, 'penalty_k': 0.041222862069375074, 'scale_lr': 0.4420789709984974}. Best is trial 62 with value: 0.3726749919963718.
checkpoint_e29 window_influence: 0.49301677293489454, penalty_k: 0.00521780405481095, scale_lr: 0.42071474209196402, EAO: 0.341
Trial 120 finished with value: 0.3405803791047998 and parameters: {'window_influence': 0.49301677293489454, 'penalty_k': 0.005217804054810949, 'scale_lr': 0.420714742091964}. Best is trial 62 with value: 0.3726749919963718.
checkpoint_e29 window_influence: 0.50294385957023113, penalty_k: 0.03998445227289451, scale_lr: 0.44984042517981709, EAO: 0.340
Trial 121 finished with value: 0.340495896710496 and parameters: {'window_influence': 0.5029438595702311, 'penalty_k': 0.03998445227289451, 'scale_lr': 0.4498404251798171}. Best is trial 62 with value: 0.3726749919963718.
checkpoint_e29 window_influence: 0.54913721247774772, penalty_k: 0.02247323520611812, scale_lr: 0.44847691826528446, EAO: 0.312
Trial 122 finished with value: 0.31181744935447603 and parameters: {'window_influence': 0.5491372124777477, 'penalty_k': 0.022473235206118117, 'scale_lr': 0.44847691826528446}. Best is trial 62 with value: 0.3726749919963718.
checkpoint_e29 window_influence: 0.51400876855136968, penalty_k: 0.00084974336572759, scale_lr: 0.43584672733064617, EAO: 0.334
Trial 123 finished with value: 0.3339285923581179 and parameters: {'window_influence': 0.5140087685513697, 'penalty_k': 0.0008497433657275939, 'scale_lr': 0.43584672733064617}. Best is trial 62 with value: 0.3726749919963718.
checkpoint_e29 window_influence: 0.48493673060139852, penalty_k: 0.05547304953110715, scale_lr: 0.46610911509850306, EAO: 0.330
