Trial 554 finished with value: 0.32817425129478545 and parameters: {'window_influence': 0.5027685563243844, 'penalty_k': 0.3369624563348708, 'scale_lr': 0.4385769409070687}. Best is trial 478 with value: 0.36593835131203617.
checkpoint_e33 window_influence: 0.47805498897436122, penalty_k: 0.29313913327520619, scale_lr: 0.18974353616566147, EAO: 0.330
Trial 555 finished with value: 0.33008286142395626 and parameters: {'window_influence': 0.4780549889743612, 'penalty_k': 0.2931391332752062, 'scale_lr': 0.18974353616566147}. Best is trial 478 with value: 0.36593835131203617.
checkpoint_e33 window_influence: 0.27912224071002867, penalty_k: 0.27791431313254711, scale_lr: 0.49189042663327959, EAO: 0.313
Trial 556 finished with value: 0.31284647066769433 and parameters: {'window_influence': 0.27912224071002867, 'penalty_k': 0.2779143131325471, 'scale_lr': 0.4918904266332796}. Best is trial 478 with value: 0.36593835131203617.
checkpoint_e33 window_influence: 0.51842787639732479, penalty_k: 0.15011393631068812, scale_lr: 0.45715378832669601, EAO: 0.319
Trial 557 finished with value: 0.31912633214247366 and parameters: {'window_influence': 0.5184278763973248, 'penalty_k': 0.15011393631068812, 'scale_lr': 0.457153788326696}. Best is trial 478 with value: 0.36593835131203617.
checkpoint_e33 window_influence: 0.48837649430342767, penalty_k: 0.01998435591897356, scale_lr: 0.52515290377881318, EAO: 0.352
Trial 558 finished with value: 0.3521657353013406 and parameters: {'window_influence': 0.48837649430342767, 'penalty_k': 0.019984355918973563, 'scale_lr': 0.5251529037788132}. Best is trial 478 with value: 0.36593835131203617.
checkpoint_e33 window_influence: 0.33735556508258280, penalty_k: 0.23485793968828073, scale_lr: 0.40087526745619767, EAO: 0.305
Trial 559 finished with value: 0.3050183669486398 and parameters: {'window_influence': 0.3373555650825828, 'penalty_k': 0.23485793968828073, 'scale_lr': 0.40087526745619767}. Best is trial 478 with value: 0.36593835131203617.
checkpoint_e33 window_influence: 0.61129169834224006, penalty_k: 0.13766180542050518, scale_lr: 0.63939669493705764, EAO: 0.250
Trial 560 finished with value: 0.24981064775574532 and parameters: {'window_influence': 0.6112916983422401, 'penalty_k': 0.13766180542050518, 'scale_lr': 0.6393966949370576}. Best is trial 478 with value: 0.36593835131203617.
checkpoint_e33 window_influence: 0.41356797076402713, penalty_k: 0.12043101036930741, scale_lr: 0.76746758543494353, EAO: 0.314
Trial 561 finished with value: 0.3143941841236812 and parameters: {'window_influence': 0.4135679707640271, 'penalty_k': 0.12043101036930741, 'scale_lr': 0.7674675854349435}. Best is trial 478 with value: 0.36593835131203617.
checkpoint_e33 window_influence: 0.46490245642337430, penalty_k: 0.34791865895381852, scale_lr: 0.42201647524915797, EAO: 0.324
Trial 562 finished with value: 0.324484174585528 and parameters: {'window_influence': 0.4649024564233743, 'penalty_k': 0.3479186589538185, 'scale_lr': 0.422016475249158}. Best is trial 478 with value: 0.36593835131203617.
checkpoint_e33 window_influence: 0.50038514779455767, penalty_k: 0.10437949488013368, scale_lr: 0.47055812913134343, EAO: 0.343
Trial 563 finished with value: 0.34276109412022604 and parameters: {'window_influence': 0.5003851477945577, 'penalty_k': 0.10437949488013368, 'scale_lr': 0.47055812913134343}. Best is trial 478 with value: 0.36593835131203617.
checkpoint_e33 window_influence: 0.44551778095734396, penalty_k: 0.07000835988593186, scale_lr: 0.50626278901011457, EAO: 0.338
Trial 564 finished with value: 0.33781858965580563 and parameters: {'window_influence': 0.44551778095734396, 'penalty_k': 0.07000835988593186, 'scale_lr': 0.5062627890101146}. Best is trial 478 with value: 0.36593835131203617.
checkpoint_e33 window_influence: 0.51063293345718719, penalty_k: 0.20707229338593638, scale_lr: 0.22484204613381761, EAO: 0.332
Trial 565 finished with value: 0.33219752770917427 and parameters: {'window_influence': 0.5106329334571872, 'penalty_k': 0.20707229338593638, 'scale_lr': 0.2248420461338176}. Best is trial 478 with value: 0.36593835131203617.
checkpoint_e33 window_influence: 0.47718989741082640, penalty_k: 0.04228541582248688, scale_lr: 0.44777521720388080, EAO: 0.352
Trial 566 finished with value: 0.35206846110087886 and parameters: {'window_influence': 0.4771898974108264, 'penalty_k': 0.04228541582248688, 'scale_lr': 0.4477752172038808}. Best is trial 478 with value: 0.36593835131203617.
checkpoint_e33 window_influence: 0.54664722882850714, penalty_k: 0.05737247267049485, scale_lr: 0.67669072186830070, EAO: 0.286
Trial 567 finished with value: 0.28648332057064146 and parameters: {'window_influence': 0.5466472288285071, 'penalty_k': 0.05737247267049485, 'scale_lr': 0.6766907218683007}. Best is trial 478 with value: 0.36593835131203617.
checkpoint_e33 window_influence: 0.49302864959516340, penalty_k: 0.08487427903250153, scale_lr: 0.33189326964785620, EAO: 0.350
Trial 568 finished with value: 0.3504605946141922 and parameters: {'window_influence': 0.4930286495951634, 'penalty_k': 0.08487427903250153, 'scale_lr': 0.3318932696478562}. Best is trial 478 with value: 0.36593835131203617.
checkpoint_e33 window_influence: 0.45743267738518056, penalty_k: 0.02341735508249362, scale_lr: 0.11416192253588990, EAO: 0.331
Trial 569 finished with value: 0.33097444039838325 and parameters: {'window_influence': 0.45743267738518056, 'penalty_k': 0.023417355082493624, 'scale_lr': 0.1141619225358899}. Best is trial 478 with value: 0.36593835131203617.
checkpoint_e33 window_influence: 0.43801195972671708, penalty_k: 0.16667491630479761, scale_lr: 0.43450489568716272, EAO: 0.333
Trial 570 finished with value: 0.3334147846652376 and parameters: {'window_influence': 0.4380119597267171, 'penalty_k': 0.1666749163047976, 'scale_lr': 0.4345048956871627}. Best is trial 478 with value: 0.36593835131203617.
checkpoint_e33 window_influence: 0.42621942332906304, penalty_k: 0.19473171136331918, scale_lr: 0.48379251704149911, EAO: 0.324
Trial 571 finished with value: 0.32438764167434975 and parameters: {'window_influence': 0.42621942332906304, 'penalty_k': 0.19473171136331918, 'scale_lr': 0.4837925170414991}. Best is trial 478 with value: 0.36593835131203617.
checkpoint_e33 window_influence: 0.53087870125278358, penalty_k: 0.03359695292777429, scale_lr: 0.38883156690477116, EAO: 0.325
Trial 572 finished with value: 0.3251420634034079 and parameters: {'window_influence': 0.5308787012527836, 'penalty_k': 0.03359695292777429, 'scale_lr': 0.38883156690477116}. Best is trial 478 with value: 0.36593835131203617.
checkpoint_e33 window_influence: 0.06005844217312162, penalty_k: 0.09600590698831489, scale_lr: 0.20894912390467069, EAO: 0.252
Trial 573 finished with value: 0.2515088806240475 and parameters: {'window_influence': 0.06005844217312162, 'penalty_k': 0.09600590698831489, 'scale_lr': 0.20894912390467069}. Best is trial 478 with value: 0.36593835131203617.
checkpoint_e33 window_influence: 0.55967011521611398, penalty_k: 0.35910897932132646, scale_lr: 0.16522901467694442, EAO: 0.279
Trial 574 finished with value: 0.27893096834769043 and parameters: {'window_influence': 0.559670115216114, 'penalty_k': 0.35910897932132646, 'scale_lr': 0.16522901467694442}. Best is trial 478 with value: 0.36593835131203617.
checkpoint_e33 window_influence: 0.38584909962041714, penalty_k: 0.07530421302346689, scale_lr: 0.30961830876481661, EAO: 0.329
Trial 575 finished with value: 0.32892490592912016 and parameters: {'window_influence': 0.38584909962041714, 'penalty_k': 0.07530421302346689, 'scale_lr': 0.3096183087648166}. Best is trial 478 with value: 0.36593835131203617.
checkpoint_e33 window_influence: 0.59017618766726654, penalty_k: 0.14528893692046496, scale_lr: 0.70203035074067421, EAO: 0.258
Trial 576 finished with value: 0.2576053819767696 and parameters: {'window_influence': 0.5901761876672665, 'penalty_k': 0.14528893692046496, 'scale_lr': 0.7020303507406742}. Best is trial 478 with value: 0.36593835131203617.
checkpoint_e33 window_influence: 0.49145222674374722, penalty_k: 0.01264786242331804, scale_lr: 0.41253223612475781, EAO: 0.347
Trial 577 finished with value: 0.34704343783252434 and parameters: {'window_influence': 0.4914522267437472, 'penalty_k': 0.012647862423318036, 'scale_lr': 0.4125322361247578}. Best is trial 478 with value: 0.36593835131203617.
checkpoint_e33 window_influence: 0.46625118199827048, penalty_k: 0.11359159201346113, scale_lr: 0.74287906751048793, EAO: 0.354
Trial 578 finished with value: 0.3544928868688962 and parameters: {'window_influence': 0.4662511819982705, 'penalty_k': 0.11359159201346113, 'scale_lr': 0.7428790675104879}. Best is trial 478 with value: 0.36593835131203617.
checkpoint_e33 window_influence: 0.50989179016512443, penalty_k: 0.38260597102316962, scale_lr: 0.55667986029929151, EAO: 0.289
Trial 579 finished with value: 0.28864426974656515 and parameters: {'window_influence': 0.5098917901651244, 'penalty_k': 0.3826059710231696, 'scale_lr': 0.5566798602992915}. Best is trial 478 with value: 0.36593835131203617.
checkpoint_e33 window_influence: 0.47630451234212462, penalty_k: 0.17956689872179224, scale_lr: 0.45236121817263120, EAO: 0.343
Trial 580 finished with value: 0.3433100377075403 and parameters: {'window_influence': 0.4763045123421246, 'penalty_k': 0.17956689872179224, 'scale_lr': 0.4523612181726312}. Best is trial 478 with value: 0.36593835131203617.
checkpoint_e33 window_influence: 0.52161178083205839, penalty_k: 0.04911734377406449, scale_lr: 0.34620578925159595, EAO: 0.314
Trial 581 finished with value: 0.3142338587616204 and parameters: {'window_influence': 0.5216117808320584, 'penalty_k': 0.04911734377406449, 'scale_lr': 0.34620578925159595}. Best is trial 478 with value: 0.36593835131203617.
checkpoint_e33 window_influence: 0.50004925200244976, penalty_k: 0.06875552547504828, scale_lr: 0.23760300410707141, EAO: 0.339
Trial 582 finished with value: 0.33918913804603457 and parameters: {'window_influence': 0.5000492520024498, 'penalty_k': 0.06875552547504828, 'scale_lr': 0.2376030041070714}. Best is trial 478 with value: 0.36593835131203617.
checkpoint_e33 window_influence: 0.45619593197504482, penalty_k: 0.15990257226840357, scale_lr: 0.54189625963183774, EAO: 0.340
Trial 583 finished with value: 0.34003765295451716 and parameters: {'window_influence': 0.4561959319750448, 'penalty_k': 0.15990257226840357, 'scale_lr': 0.5418962596318377}. Best is trial 478 with value: 0.36593835131203617.
checkpoint_e33 window_influence: 0.48512041246668736, penalty_k: 0.12887763362401272, scale_lr: 0.43013904345941767, EAO: 0.337
Trial 584 finished with value: 0.33738596290929773 and parameters: {'window_influence': 0.48512041246668736, 'penalty_k': 0.12887763362401272, 'scale_lr': 0.43013904345941767}. Best is trial 478 with value: 0.36593835131203617.
checkpoint_e33 window_influence: 0.31546071880981830, penalty_k: 0.08301835088357996, scale_lr: 0.36839714134440027, EAO: 0.307
Trial 585 finished with value: 0.30675343154469353 and parameters: {'window_influence': 0.3154607188098183, 'penalty_k': 0.08301835088357996, 'scale_lr': 0.36839714134440027}. Best is trial 478 with value: 0.36593835131203617.
checkpoint_e33 window_influence: 0.25976183533048103, penalty_k: 0.21317602817764636, scale_lr: 0.49830039086112504, EAO: 0.298
Trial 586 finished with value: 0.2979753464460373 and parameters: {'window_influence': 0.25976183533048103, 'penalty_k': 0.21317602817764636, 'scale_lr': 0.49830039086112504}. Best is trial 478 with value: 0.36593835131203617.
checkpoint_e33 window_influence: 0.46823910066311097, penalty_k: 0.31565265553448663, scale_lr: 0.51705859750690097, EAO: 0.340
Trial 587 finished with value: 0.34010961837341813 and parameters: {'window_influence': 0.468239100663111, 'penalty_k': 0.3156526555344866, 'scale_lr': 0.517058597506901}. Best is trial 478 with value: 0.36593835131203617.
checkpoint_e33 window_influence: 0.48250150096136257, penalty_k: 0.05936171377904211, scale_lr: 0.40620547376417809, EAO: 0.346
Trial 588 finished with value: 0.34574260901848164 and parameters: {'window_influence': 0.4825015009613626, 'penalty_k': 0.059361713779042105, 'scale_lr': 0.4062054737641781}. Best is trial 478 with value: 0.36593835131203617.
checkpoint_e33 window_influence: 0.49763311715392772, penalty_k: 0.03150246079251701, scale_lr: 0.27283285207013636, EAO: 0.334
Trial 589 finished with value: 0.3337356189577496 and parameters: {'window_influence': 0.4976331171539277, 'penalty_k': 0.031502460792517006, 'scale_lr': 0.27283285207013636}. Best is trial 478 with value: 0.36593835131203617.
checkpoint_e33 window_influence: 0.51120743798290891, penalty_k: 0.26539868020515034, scale_lr: 0.47506784470936886, EAO: 0.326
Trial 590 finished with value: 0.32563936895897416 and parameters: {'window_influence': 0.5112074379829089, 'penalty_k': 0.26539868020515034, 'scale_lr': 0.47506784470936886}. Best is trial 478 with value: 0.36593835131203617.
checkpoint_e33 window_influence: 0.53574235296825334, penalty_k: 0.09958504467741117, scale_lr: 0.30188129499734162, EAO: 0.300
Trial 591 finished with value: 0.30049466066323366 and parameters: {'window_influence': 0.5357423529682533, 'penalty_k': 0.09958504467741117, 'scale_lr': 0.3018812949973416}. Best is trial 478 with value: 0.36593835131203617.
checkpoint_e33 window_influence: 0.39743980758388742, penalty_k: 0.04322481409136311, scale_lr: 0.44186631828778733, EAO: 0.325
Trial 592 finished with value: 0.32451839965373164 and parameters: {'window_influence': 0.3974398075838874, 'penalty_k': 0.04322481409136311, 'scale_lr': 0.44186631828778733}. Best is trial 478 with value: 0.36593835131203617.
checkpoint_e33 window_influence: 0.30041724000647568, penalty_k: 0.19020551779792516, scale_lr: 0.24677005076969366, EAO: 0.305
Trial 593 finished with value: 0.30515311600401246 and parameters: {'window_influence': 0.3004172400064757, 'penalty_k': 0.19020551779792516, 'scale_lr': 0.24677005076969366}. Best is trial 478 with value: 0.36593835131203617.
checkpoint_e33 window_influence: 0.62183408801032902, penalty_k: 0.37792674472346965, scale_lr: 0.63435229717584785, EAO: 0.233
Trial 594 finished with value: 0.23305051249056938 and parameters: {'window_influence': 0.621834088010329, 'penalty_k': 0.37792674472346965, 'scale_lr': 0.6343522971758478}. Best is trial 478 with value: 0.36593835131203617.
checkpoint_e33 window_influence: 0.45016234801970462, penalty_k: 0.34497265810769628, scale_lr: 0.17669002233665521, EAO: 0.322
Trial 595 finished with value: 0.32217591195023015 and parameters: {'window_influence': 0.4501623480197046, 'penalty_k': 0.3449726581076963, 'scale_lr': 0.1766900223366552}. Best is trial 478 with value: 0.36593835131203617.
checkpoint_e33 window_influence: 0.41772139061040947, penalty_k: 0.02128984497253932, scale_lr: 0.18926220545890737, EAO: 0.342
Trial 596 finished with value: 0.34225142639898604 and parameters: {'window_influence': 0.41772139061040947, 'penalty_k': 0.021289844972539315, 'scale_lr': 0.18926220545890737}. Best is trial 478 with value: 0.36593835131203617.
checkpoint_e33 window_influence: 0.57031702208820390, penalty_k: 0.01050684699357273, scale_lr: 0.28989354848399568, EAO: 0.292
Trial 597 finished with value: 0.2920812143425997 and parameters: {'window_influence': 0.5703170220882039, 'penalty_k': 0.010506846993572735, 'scale_lr': 0.2898935484839957}. Best is trial 478 with value: 0.36593835131203617.
checkpoint_e33 window_influence: 0.17658073796086751, penalty_k: 0.09246901826502571, scale_lr: 0.41805296010254073, EAO: 0.274
Trial 598 finished with value: 0.2744617329381319 and parameters: {'window_influence': 0.1765807379608675, 'penalty_k': 0.09246901826502571, 'scale_lr': 0.4180529601025407}. Best is trial 478 with value: 0.36593835131203617.
checkpoint_e33 window_influence: 0.47196848345904080, penalty_k: 0.17260709821679493, scale_lr: 0.39242969477146417, EAO: 0.342
Trial 599 finished with value: 0.34237282401392893 and parameters: {'window_influence': 0.4719684834590408, 'penalty_k': 0.17260709821679493, 'scale_lr': 0.39242969477146417}. Best is trial 478 with value: 0.36593835131203617.
checkpoint_e33 window_influence: 0.43458880041671771, penalty_k: 0.24827478587543705, scale_lr: 0.46038452782152040, EAO: 0.328
Trial 600 finished with value: 0.3275574564006078 and parameters: {'window_influence': 0.4345888004167177, 'penalty_k': 0.24827478587543705, 'scale_lr': 0.4603845278215204}. Best is trial 478 with value: 0.36593835131203617.
checkpoint_e33 window_influence: 0.49044249090277758, penalty_k: 0.51410485512246995, scale_lr: 0.52928487689694703, EAO: 0.302
Trial 601 finished with value: 0.3018330658572193 and parameters: {'window_influence': 0.4904424909027776, 'penalty_k': 0.51410485512247, 'scale_lr': 0.529284876896947}. Best is trial 478 with value: 0.36593835131203617.
checkpoint_e33 window_influence: 0.32986817727732698, penalty_k: 0.07325959789238103, scale_lr: 0.59022701377350129, EAO: 0.333
Trial 602 finished with value: 0.33346173915185817 and parameters: {'window_influence': 0.329868177277327, 'penalty_k': 0.07325959789238103, 'scale_lr': 0.5902270137735013}. Best is trial 478 with value: 0.36593835131203617.
checkpoint_e33 window_influence: 0.59404052416430653, penalty_k: 0.05466046615945846, scale_lr: 0.10228205619338837, EAO: 0.301
Trial 603 finished with value: 0.3011224403223639 and parameters: {'window_influence': 0.5940405241643065, 'penalty_k': 0.05466046615945846, 'scale_lr': 0.10228205619338837}. Best is trial 478 with value: 0.36593835131203617.
checkpoint_e33 window_influence: 0.21339104216483759, penalty_k: 0.19990028892103548, scale_lr: 0.19961581427559613, EAO: 0.291
Trial 604 finished with value: 0.29145504041404574 and parameters: {'window_influence': 0.2133910421648376, 'penalty_k': 0.19990028892103548, 'scale_lr': 0.19961581427559613}. Best is trial 478 with value: 0.36593835131203617.
checkpoint_e33 window_influence: 0.51924079069472850, penalty_k: 0.00041205584926777, scale_lr: 0.79265661967045487, EAO: 0.320
Trial 605 finished with value: 0.3202074085460099 and parameters: {'window_influence': 0.5192407906947285, 'penalty_k': 0.00041205584926777214, 'scale_lr': 0.7926566196704549}. Best is trial 478 with value: 0.36593835131203617.
checkpoint_e33 window_influence: 0.49989404974992713, penalty_k: 0.03542787299463079, scale_lr: 0.26132432137446260, EAO: 0.344
Trial 606 finished with value: 0.34411217115732484 and parameters: {'window_influence': 0.4998940497499271, 'penalty_k': 0.035427872994630794, 'scale_lr': 0.2613243213744626}. Best is trial 478 with value: 0.36593835131203617.
checkpoint_e33 window_influence: 0.46063246359732091, penalty_k: 0.15498941912547082, scale_lr: 0.42857634819158058, EAO: 0.346
Trial 607 finished with value: 0.34636462813221525 and parameters: {'window_influence': 0.4606324635973209, 'penalty_k': 0.15498941912547082, 'scale_lr': 0.4285763481915806}. Best is trial 478 with value: 0.36593835131203617.
checkpoint_e33 window_influence: 0.47881806265682914, penalty_k: 0.10930800767655695, scale_lr: 0.73681996553605167, EAO: 0.329
Trial 608 finished with value: 0.32942099550354803 and parameters: {'window_influence': 0.47881806265682914, 'penalty_k': 0.10930800767655695, 'scale_lr': 0.7368199655360517}. Best is trial 478 with value: 0.36593835131203617.
checkpoint_e33 window_influence: 0.50828849344577454, penalty_k: 0.22569656633983956, scale_lr: 0.37881540454507456, EAO: 0.321
Trial 609 finished with value: 0.32132388691957825 and parameters: {'window_influence': 0.5082884934457745, 'penalty_k': 0.22569656633983956, 'scale_lr': 0.37881540454507456}. Best is trial 478 with value: 0.36593835131203617.
checkpoint_e33 window_influence: 0.48789704794185818, penalty_k: 0.06370894943221717, scale_lr: 0.78227269103314501, EAO: 0.360
Trial 610 finished with value: 0.3597566777630075 and parameters: {'window_influence': 0.4878970479418582, 'penalty_k': 0.06370894943221717, 'scale_lr': 0.782272691033145}. Best is trial 478 with value: 0.36593835131203617.
checkpoint_e33 window_influence: 0.49199053562988909, penalty_k: 0.06823550182470720, scale_lr: 0.73316304852553726, EAO: 0.346
Trial 611 finished with value: 0.34620971392100885 and parameters: {'window_influence': 0.4919905356298891, 'penalty_k': 0.0682355018247072, 'scale_lr': 0.7331630485255373}. Best is trial 478 with value: 0.36593835131203617.
checkpoint_e33 window_influence: 0.36752149795794770, penalty_k: 0.08413965071836346, scale_lr: 0.72320075883778123, EAO: 0.311
Trial 612 finished with value: 0.3114450118769004 and parameters: {'window_influence': 0.3675214979579477, 'penalty_k': 0.08413965071836346, 'scale_lr': 0.7232007588377812}. Best is trial 478 with value: 0.36593835131203617.
checkpoint_e33 window_influence: 0.63311060746930714, penalty_k: 0.06162866872550886, scale_lr: 0.51098226603122610, EAO: 0.248
Trial 613 finished with value: 0.24767573583682687 and parameters: {'window_influence': 0.6331106074693071, 'penalty_k': 0.06162866872550886, 'scale_lr': 0.5109822660312261}. Best is trial 478 with value: 0.36593835131203617.
checkpoint_e33 window_influence: 0.48705937929697629, penalty_k: 0.05795577695930760, scale_lr: 0.36982338461032521, EAO: 0.346
Trial 614 finished with value: 0.345906963492182 and parameters: {'window_influence': 0.4870593792969763, 'penalty_k': 0.0579557769593076, 'scale_lr': 0.3698233846103252}. Best is trial 478 with value: 0.36593835131203617.
checkpoint_e33 window_influence: 0.52478254907757138, penalty_k: 0.04544189449811604, scale_lr: 0.73273448963275467, EAO: 0.296
Trial 615 finished with value: 0.2960813319172841 and parameters: {'window_influence': 0.5247825490775714, 'penalty_k': 0.04544189449811604, 'scale_lr': 0.7327344896327547}. Best is trial 478 with value: 0.36593835131203617.
checkpoint_e33 window_influence: 0.28890709227802952, penalty_k: 0.07433941994387654, scale_lr: 0.61073849532665814, EAO: 0.300
