Trial 1736 finished with value: 0.3015339478908346 and parameters: {'window_influence': 0.39437436087045286, 'penalty_k': 0.549463839063348, 'scale_lr': 0.34764754552092814}. Best is trial 62 with value: 0.3726749919963718.
checkpoint_e29 window_influence: 0.52041735075984108, penalty_k: 0.38473001946058194, scale_lr: 0.38261693800793611, EAO: 0.293
Trial 1737 finished with value: 0.292532780117098 and parameters: {'window_influence': 0.5204173507598411, 'penalty_k': 0.38473001946058194, 'scale_lr': 0.3826169380079361}. Best is trial 62 with value: 0.3726749919963718.
checkpoint_e29 window_influence: 0.44277347743812784, penalty_k: 0.20057264461888502, scale_lr: 0.13802585840131612, EAO: 0.345
Trial 1738 finished with value: 0.3448056037092023 and parameters: {'window_influence': 0.44277347743812784, 'penalty_k': 0.20057264461888502, 'scale_lr': 0.13802585840131612}. Best is trial 62 with value: 0.3726749919963718.
checkpoint_e29 window_influence: 0.29279663464174305, penalty_k: 0.27541847799496993, scale_lr: 0.22863262028586268, EAO: 0.296
Trial 1739 finished with value: 0.2962816828419726 and parameters: {'window_influence': 0.29279663464174305, 'penalty_k': 0.27541847799496993, 'scale_lr': 0.22863262028586268}. Best is trial 62 with value: 0.3726749919963718.
checkpoint_e29 window_influence: 0.06192236298934312, penalty_k: 0.00043666558350519, scale_lr: 0.56710035757181143, EAO: 0.244
Trial 1740 finished with value: 0.24409329079468425 and parameters: {'window_influence': 0.061922362989343116, 'penalty_k': 0.0004366655835051879, 'scale_lr': 0.5671003575718114}. Best is trial 62 with value: 0.3726749919963718.
checkpoint_e29 window_influence: 0.48961046129505698, penalty_k: 0.18824904058820183, scale_lr: 0.17913823461087741, EAO: 0.334
Trial 1741 finished with value: 0.3337582367171573 and parameters: {'window_influence': 0.489610461295057, 'penalty_k': 0.18824904058820183, 'scale_lr': 0.1791382346108774}. Best is trial 62 with value: 0.3726749919963718.
checkpoint_e29 window_influence: 0.45801715610715843, penalty_k: 0.36468628791330843, scale_lr: 0.51637425256137592, EAO: 0.334
Trial 1742 finished with value: 0.33387741446495056 and parameters: {'window_influence': 0.45801715610715843, 'penalty_k': 0.3646862879133084, 'scale_lr': 0.5163742525613759}. Best is trial 62 with value: 0.3726749919963718.
checkpoint_e29 window_influence: 0.47752297925208137, penalty_k: 0.05702793010438162, scale_lr: 0.62536136809294662, EAO: 0.329
Trial 1743 finished with value: 0.32879492362185675 and parameters: {'window_influence': 0.47752297925208137, 'penalty_k': 0.05702793010438162, 'scale_lr': 0.6253613680929466}. Best is trial 62 with value: 0.3726749919963718.
checkpoint_e29 window_influence: 0.50777739214262041, penalty_k: 0.08693478805324853, scale_lr: 0.47875422211569441, EAO: 0.339
Trial 1744 finished with value: 0.33878387922442843 and parameters: {'window_influence': 0.5077773921426204, 'penalty_k': 0.08693478805324853, 'scale_lr': 0.4787542221156944}. Best is trial 62 with value: 0.3726749919963718.
checkpoint_e29 window_influence: 0.49117379404850720, penalty_k: 0.11653059144769660, scale_lr: 0.45672718112558314, EAO: 0.348
Trial 1745 finished with value: 0.3481596097176177 and parameters: {'window_influence': 0.4911737940485072, 'penalty_k': 0.1165305914476966, 'scale_lr': 0.45672718112558314}. Best is trial 62 with value: 0.3726749919963718.
checkpoint_e29 window_influence: 0.51747934007541274, penalty_k: 0.23604703756541975, scale_lr: 0.11128430298991906, EAO: 0.323
Trial 1746 finished with value: 0.3226212355877175 and parameters: {'window_influence': 0.5174793400754127, 'penalty_k': 0.23604703756541975, 'scale_lr': 0.11128430298991906}. Best is trial 62 with value: 0.3726749919963718.
checkpoint_e29 window_influence: 0.64490200868448688, penalty_k: 0.16488346417809302, scale_lr: 0.19662096774688106, EAO: 0.258
Trial 1747 finished with value: 0.2579103750593467 and parameters: {'window_influence': 0.6449020086844869, 'penalty_k': 0.16488346417809302, 'scale_lr': 0.19662096774688106}. Best is trial 62 with value: 0.3726749919963718.
checkpoint_e29 window_influence: 0.49803141297295345, penalty_k: 0.21682015936649404, scale_lr: 0.21253940862445964, EAO: 0.336
Trial 1748 finished with value: 0.33593746683476966 and parameters: {'window_influence': 0.49803141297295345, 'penalty_k': 0.21682015936649404, 'scale_lr': 0.21253940862445964}. Best is trial 62 with value: 0.3726749919963718.
checkpoint_e29 window_influence: 0.47568256579588453, penalty_k: 0.03353499691056054, scale_lr: 0.42733610420084556, EAO: 0.342
Trial 1749 finished with value: 0.34220672279944214 and parameters: {'window_influence': 0.4756825657958845, 'penalty_k': 0.03353499691056054, 'scale_lr': 0.42733610420084556}. Best is trial 62 with value: 0.3726749919963718.
checkpoint_e29 window_influence: 0.36927166210710255, penalty_k: 0.07667190071475202, scale_lr: 0.27121188012087344, EAO: 0.314
Trial 1750 finished with value: 0.31361242027134284 and parameters: {'window_influence': 0.36927166210710255, 'penalty_k': 0.07667190071475202, 'scale_lr': 0.27121188012087344}. Best is trial 62 with value: 0.3726749919963718.
checkpoint_e29 window_influence: 0.40708100873253478, penalty_k: 0.09845625191473727, scale_lr: 0.59123527794513309, EAO: 0.309
Trial 1751 finished with value: 0.308612786030491 and parameters: {'window_influence': 0.4070810087325348, 'penalty_k': 0.09845625191473727, 'scale_lr': 0.5912352779451331}. Best is trial 62 with value: 0.3726749919963718.
checkpoint_e29 window_influence: 0.45335982265400410, penalty_k: 0.48257501457895741, scale_lr: 0.55434389291123909, EAO: 0.333
Trial 1752 finished with value: 0.33316308747005835 and parameters: {'window_influence': 0.4533598226540041, 'penalty_k': 0.4825750145789574, 'scale_lr': 0.5543438929112391}. Best is trial 62 with value: 0.3726749919963718.
checkpoint_e29 window_influence: 0.64657353593903122, penalty_k: 0.04815245044762496, scale_lr: 0.53111081260710713, EAO: 0.246
Trial 1753 finished with value: 0.24605212259153447 and parameters: {'window_influence': 0.6465735359390312, 'penalty_k': 0.048152450447624964, 'scale_lr': 0.5311108126071071}. Best is trial 62 with value: 0.3726749919963718.
checkpoint_e29 window_influence: 0.53257193117005674, penalty_k: 0.01913110437155669, scale_lr: 0.49411011537923627, EAO: 0.323
Trial 1754 finished with value: 0.3226470432392818 and parameters: {'window_influence': 0.5325719311700567, 'penalty_k': 0.01913110437155669, 'scale_lr': 0.49411011537923627}. Best is trial 62 with value: 0.3726749919963718.
checkpoint_e29 window_influence: 0.13034120332273272, penalty_k: 0.34862745287520464, scale_lr: 0.25540818672064725, EAO: 0.258
Trial 1755 finished with value: 0.2584371066974759 and parameters: {'window_influence': 0.13034120332273272, 'penalty_k': 0.34862745287520464, 'scale_lr': 0.25540818672064725}. Best is trial 62 with value: 0.3726749919963718.
checkpoint_e29 window_influence: 0.43441483188319990, penalty_k: 0.24590552485146927, scale_lr: 0.14754000955417307, EAO: 0.351
Trial 1756 finished with value: 0.3505727487547388 and parameters: {'window_influence': 0.4344148318831999, 'penalty_k': 0.24590552485146927, 'scale_lr': 0.14754000955417307}. Best is trial 62 with value: 0.3726749919963718.
checkpoint_e29 window_influence: 0.51046049279255978, penalty_k: 0.13332176637440601, scale_lr: 0.23072716801896209, EAO: 0.332
Trial 1757 finished with value: 0.3320967000166266 and parameters: {'window_influence': 0.5104604927925598, 'penalty_k': 0.13332176637440601, 'scale_lr': 0.2307271680189621}. Best is trial 62 with value: 0.3726749919963718.
checkpoint_e29 window_influence: 0.48562562635991929, penalty_k: 0.25991580804614922, scale_lr: 0.12190238374157204, EAO: 0.325
Trial 1758 finished with value: 0.32520930132745307 and parameters: {'window_influence': 0.4856256263599193, 'penalty_k': 0.2599158080461492, 'scale_lr': 0.12190238374157204}. Best is trial 62 with value: 0.3726749919963718.
checkpoint_e29 window_influence: 0.46599920138254997, penalty_k: 0.06396962900718284, scale_lr: 0.65795470280558566, EAO: 0.342
Trial 1759 finished with value: 0.34223135981114455 and parameters: {'window_influence': 0.46599920138254997, 'penalty_k': 0.06396962900718284, 'scale_lr': 0.6579547028055857}. Best is trial 62 with value: 0.3726749919963718.
checkpoint_e29 window_influence: 0.49916075986753561, penalty_k: 0.09377166426564196, scale_lr: 0.41313380920648690, EAO: 0.349
Trial 1760 finished with value: 0.3492036889731188 and parameters: {'window_influence': 0.4991607598675356, 'penalty_k': 0.09377166426564196, 'scale_lr': 0.4131338092064869}. Best is trial 62 with value: 0.3726749919963718.
checkpoint_e29 window_influence: 0.44541209460950421, penalty_k: 0.37412514353642989, scale_lr: 0.76160331712278362, EAO: 0.314
Trial 1761 finished with value: 0.31447024452083305 and parameters: {'window_influence': 0.4454120946095042, 'penalty_k': 0.3741251435364299, 'scale_lr': 0.7616033171227836}. Best is trial 62 with value: 0.3726749919963718.
checkpoint_e29 window_influence: 0.52311371266799089, penalty_k: 0.58987211015616769, scale_lr: 0.35507054216574907, EAO: 0.274
Trial 1762 finished with value: 0.2736471593959786 and parameters: {'window_influence': 0.5231137126679909, 'penalty_k': 0.5898721101561677, 'scale_lr': 0.35507054216574907}. Best is trial 62 with value: 0.3726749919963718.
checkpoint_e29 window_influence: 0.47752137687033824, penalty_k: 0.32504342772788880, scale_lr: 0.17943312567430941, EAO: 0.328
Trial 1763 finished with value: 0.32842175065311474 and parameters: {'window_influence': 0.47752137687033824, 'penalty_k': 0.3250434277278888, 'scale_lr': 0.1794331256743094}. Best is trial 62 with value: 0.3726749919963718.
checkpoint_e29 window_influence: 0.54929132875782138, penalty_k: 0.07615380352072158, scale_lr: 0.45571534199809244, EAO: 0.302
Trial 1764 finished with value: 0.30170883122353237 and parameters: {'window_influence': 0.5492913287578214, 'penalty_k': 0.07615380352072158, 'scale_lr': 0.45571534199809244}. Best is trial 62 with value: 0.3726749919963718.
checkpoint_e29 window_influence: 0.49294814033975942, penalty_k: 0.04428762460298923, scale_lr: 0.47724135934332895, EAO: 0.327
Trial 1765 finished with value: 0.32731346872993944 and parameters: {'window_influence': 0.4929481403397594, 'penalty_k': 0.044287624602989226, 'scale_lr': 0.47724135934332895}. Best is trial 62 with value: 0.3726749919963718.
checkpoint_e29 window_influence: 0.42463518765712133, penalty_k: 0.30882740672441344, scale_lr: 0.60701964002696607, EAO: 0.330
Trial 1766 finished with value: 0.3304031385174057 and parameters: {'window_influence': 0.4246351876571213, 'penalty_k': 0.30882740672441344, 'scale_lr': 0.6070196400269661}. Best is trial 62 with value: 0.3726749919963718.
checkpoint_e29 window_influence: 0.25947095643619150, penalty_k: 0.20938681391154951, scale_lr: 0.22079535213469340, EAO: 0.298
Trial 1767 finished with value: 0.297831630602421 and parameters: {'window_influence': 0.2594709564361915, 'penalty_k': 0.2093868139115495, 'scale_lr': 0.2207953521346934}. Best is trial 62 with value: 0.3726749919963718.
checkpoint_e29 window_influence: 0.35508396997166580, penalty_k: 0.14312826749112256, scale_lr: 0.50681434473895481, EAO: 0.329
Trial 1768 finished with value: 0.3293623825107567 and parameters: {'window_influence': 0.3550839699716658, 'penalty_k': 0.14312826749112256, 'scale_lr': 0.5068143447389548}. Best is trial 62 with value: 0.3726749919963718.
checkpoint_e29 window_influence: 0.46217548447206935, penalty_k: 0.11603339919091767, scale_lr: 0.24385776382288782, EAO: 0.342
Trial 1769 finished with value: 0.341540839769497 and parameters: {'window_influence': 0.46217548447206935, 'penalty_k': 0.11603339919091767, 'scale_lr': 0.24385776382288782}. Best is trial 62 with value: 0.3726749919963718.
checkpoint_e29 window_influence: 0.26964300812052377, penalty_k: 0.17970208213443883, scale_lr: 0.15999160302657323, EAO: 0.297
Trial 1770 finished with value: 0.2970584587480308 and parameters: {'window_influence': 0.2696430081205238, 'penalty_k': 0.17970208213443883, 'scale_lr': 0.15999160302657323}. Best is trial 62 with value: 0.3726749919963718.
checkpoint_e29 window_influence: 0.50828033510113468, penalty_k: 0.06020307844472502, scale_lr: 0.40603749503105058, EAO: 0.339
Trial 1771 finished with value: 0.3390655297249672 and parameters: {'window_influence': 0.5082803351011347, 'penalty_k': 0.06020307844472502, 'scale_lr': 0.4060374950310506}. Best is trial 62 with value: 0.3726749919963718.
checkpoint_e29 window_influence: 0.48388098413694441, penalty_k: 0.41990078298122036, scale_lr: 0.28141278351784210, EAO: 0.324
Trial 1772 finished with value: 0.32398374685981396 and parameters: {'window_influence': 0.4838809841369444, 'penalty_k': 0.41990078298122036, 'scale_lr': 0.2814127835178421}. Best is trial 62 with value: 0.3726749919963718.
checkpoint_e29 window_influence: 0.38217227949376636, penalty_k: 0.25021910916500284, scale_lr: 0.19934576723658887, EAO: 0.335
Trial 1773 finished with value: 0.33500010934785185 and parameters: {'window_influence': 0.38217227949376636, 'penalty_k': 0.25021910916500284, 'scale_lr': 0.19934576723658887}. Best is trial 62 with value: 0.3726749919963718.
checkpoint_e29 window_influence: 0.13977126031266091, penalty_k: 0.08687732931458152, scale_lr: 0.54252605939923215, EAO: 0.276
Trial 1774 finished with value: 0.27615036748726546 and parameters: {'window_influence': 0.1397712603126609, 'penalty_k': 0.08687732931458152, 'scale_lr': 0.5425260593992322}. Best is trial 62 with value: 0.3726749919963718.
checkpoint_e29 window_influence: 0.49886101387767073, penalty_k: 0.50367383775988950, scale_lr: 0.33453491892162818, EAO: 0.300
Trial 1775 finished with value: 0.30020967009930294 and parameters: {'window_influence': 0.49886101387767073, 'penalty_k': 0.5036738377598895, 'scale_lr': 0.3345349189216282}. Best is trial 62 with value: 0.3726749919963718.
checkpoint_e29 window_influence: 0.07932076854349640, penalty_k: 0.03222071584240993, scale_lr: 0.58220145809438817, EAO: 0.251
Trial 1776 finished with value: 0.2508437421883127 and parameters: {'window_influence': 0.0793207685434964, 'penalty_k': 0.03222071584240993, 'scale_lr': 0.5822014580943882}. Best is trial 62 with value: 0.3726749919963718.
checkpoint_e29 window_influence: 0.51949452431076082, penalty_k: 0.15707754185313649, scale_lr: 0.29800584512563028, EAO: 0.318
Trial 1777 finished with value: 0.3175425713860107 and parameters: {'window_influence': 0.5194945243107608, 'penalty_k': 0.1570775418531365, 'scale_lr': 0.2980058451256303}. Best is trial 62 with value: 0.3726749919963718.
A new study created in memory with name: no-name-4de97cf1-1698-442b-9c4f-73aa572232e4
checkpoint_e29 window_influence: 0.61552776360912898, penalty_k: 0.14114905408317857, scale_lr: 0.72135446058723418, EAO: 0.236
Trial 0 finished with value: 0.23552930934883742 and parameters: {'window_influence': 0.615527763609129, 'penalty_k': 0.14114905408317857, 'scale_lr': 0.7213544605872342}. Best is trial 0 with value: 0.23552930934883742.
checkpoint_e29 window_influence: 0.35937629800346782, penalty_k: 0.04745399762614768, scale_lr: 0.45330637410320607, EAO: 0.311
Trial 1 finished with value: 0.3107278367308791 and parameters: {'window_influence': 0.3593762980034678, 'penalty_k': 0.04745399762614768, 'scale_lr': 0.45330637410320607}. Best is trial 1 with value: 0.3107278367308791.
checkpoint_e29 window_influence: 0.62746747558801552, penalty_k: 0.25664222251937802, scale_lr: 0.33139044608406798, EAO: 0.235
Trial 2 finished with value: 0.23539963990797794 and parameters: {'window_influence': 0.6274674755880155, 'penalty_k': 0.256642222519378, 'scale_lr': 0.331390446084068}. Best is trial 1 with value: 0.3107278367308791.
checkpoint_e29 window_influence: 0.60400981026969180, penalty_k: 0.20473151200188586, scale_lr: 0.63533844330673672, EAO: 0.246
Trial 3 finished with value: 0.24608202197440404 and parameters: {'window_influence': 0.6040098102696918, 'penalty_k': 0.20473151200188586, 'scale_lr': 0.6353384433067367}. Best is trial 1 with value: 0.3107278367308791.
checkpoint_e29 window_influence: 0.12959656512828771, penalty_k: 0.53012766778788101, scale_lr: 0.13369708389571799, EAO: 0.246
Trial 4 finished with value: 0.24595908913398995 and parameters: {'window_influence': 0.1295965651282877, 'penalty_k': 0.530127667787881, 'scale_lr': 0.133697083895718}. Best is trial 1 with value: 0.3107278367308791.
checkpoint_e29 window_influence: 0.17543927763274975, penalty_k: 0.18385936879912196, scale_lr: 0.21970764663862227, EAO: 0.284
Trial 5 finished with value: 0.28395172414380754 and parameters: {'window_influence': 0.17543927763274975, 'penalty_k': 0.18385936879912196, 'scale_lr': 0.21970764663862227}. Best is trial 1 with value: 0.3107278367308791.
checkpoint_e29 window_influence: 0.25660184470175329, penalty_k: 0.42709162046135846, scale_lr: 0.66995335138824286, EAO: 0.296
Trial 6 finished with value: 0.2961330802872023 and parameters: {'window_influence': 0.2566018447017533, 'penalty_k': 0.42709162046135846, 'scale_lr': 0.6699533513882429}. Best is trial 1 with value: 0.3107278367308791.
checkpoint_e29 window_influence: 0.25476284778476149, penalty_k: 0.27255315601930480, scale_lr: 0.77710231139889507, EAO: 0.296
Trial 7 finished with value: 0.2955087863981492 and parameters: {'window_influence': 0.2547628477847615, 'penalty_k': 0.2725531560193048, 'scale_lr': 0.7771023113988951}. Best is trial 1 with value: 0.3107278367308791.
checkpoint_e29 window_influence: 0.36638895017914591, penalty_k: 0.33460172386612869, scale_lr: 0.42395421572247671, EAO: 0.318
Trial 8 finished with value: 0.3184281649640562 and parameters: {'window_influence': 0.3663889501791459, 'penalty_k': 0.3346017238661287, 'scale_lr': 0.4239542157224767}. Best is trial 8 with value: 0.3184281649640562.
checkpoint_e29 window_influence: 0.51035895966646627, penalty_k: 0.53317526335423537, scale_lr: 0.49443605969149018, EAO: 0.304
Trial 9 finished with value: 0.3035798195735026 and parameters: {'window_influence': 0.5103589596664663, 'penalty_k': 0.5331752633542354, 'scale_lr': 0.4944360596914902}. Best is trial 8 with value: 0.3184281649640562.
checkpoint_e29 window_influence: 0.06188498441250823, penalty_k: 0.37192922732474654, scale_lr: 0.33820373708402152, EAO: 0.256
Trial 10 finished with value: 0.2564465430228163 and parameters: {'window_influence': 0.061884984412508226, 'penalty_k': 0.37192922732474654, 'scale_lr': 0.3382037370840215}. Best is trial 8 with value: 0.3184281649640562.
checkpoint_e29 window_influence: 0.39669975347229591, penalty_k: 0.00481801716959912, scale_lr: 0.51085224356924330, EAO: 0.318
Trial 11 finished with value: 0.31827417520465556 and parameters: {'window_influence': 0.3966997534722959, 'penalty_k': 0.00481801716959912, 'scale_lr': 0.5108522435692433}. Best is trial 8 with value: 0.3184281649640562.
checkpoint_e29 window_influence: 0.41227917618138221, penalty_k: 0.03116752378203923, scale_lr: 0.55073859089393273, EAO: 0.314
Trial 12 finished with value: 0.31379145146112036 and parameters: {'window_influence': 0.4122791761813822, 'penalty_k': 0.031167523782039235, 'scale_lr': 0.5507385908939327}. Best is trial 8 with value: 0.3184281649640562.
checkpoint_e29 window_influence: 0.44023578718371142, penalty_k: 0.34956174462113709, scale_lr: 0.56922328132744981, EAO: 0.350
Trial 13 finished with value: 0.3504334681228905 and parameters: {'window_influence': 0.4402357871837114, 'penalty_k': 0.3495617446211371, 'scale_lr': 0.5692232813274498}. Best is trial 13 with value: 0.3504334681228905.
checkpoint_e29 window_influence: 0.45935293426626800, penalty_k: 0.35117114979191189, scale_lr: 0.57036174347797852, EAO: 0.344
Trial 14 finished with value: 0.34421204604527367 and parameters: {'window_influence': 0.459352934266268, 'penalty_k': 0.3511711497919119, 'scale_lr': 0.5703617434779785}. Best is trial 13 with value: 0.3504334681228905.
checkpoint_e29 window_influence: 0.48253585339361238, penalty_k: 0.42110876890343057, scale_lr: 0.60429208774874388, EAO: 0.324
Trial 15 finished with value: 0.32387042700780505 and parameters: {'window_influence': 0.4825358533936124, 'penalty_k': 0.4211087689034306, 'scale_lr': 0.6042920877487439}. Best is trial 13 with value: 0.3504334681228905.
checkpoint_e29 window_influence: 0.48432003641764293, penalty_k: 0.33042601772167146, scale_lr: 0.57354633065706961, EAO: 0.319
Trial 16 finished with value: 0.31949904792967476 and parameters: {'window_influence': 0.48432003641764293, 'penalty_k': 0.33042601772167146, 'scale_lr': 0.5735463306570696}. Best is trial 13 with value: 0.3504334681228905.
checkpoint_e29 window_influence: 0.53964344954742471, penalty_k: 0.45111516921506639, scale_lr: 0.67548433002943797, EAO: 0.290
Trial 17 finished with value: 0.29025630722481915 and parameters: {'window_influence': 0.5396434495474247, 'penalty_k': 0.4511151692150664, 'scale_lr': 0.675484330029438}. Best is trial 13 with value: 0.3504334681228905.
checkpoint_e29 window_influence: 0.44037352746932895, penalty_k: 0.59932281821211453, scale_lr: 0.79138111387849563, EAO: 0.320
Trial 18 finished with value: 0.319806626508672 and parameters: {'window_influence': 0.44037352746932895, 'penalty_k': 0.5993228182121145, 'scale_lr': 0.7913811138784956}. Best is trial 13 with value: 0.3504334681228905.
checkpoint_e29 window_influence: 0.30588102142962914, penalty_k: 0.28116337205687231, scale_lr: 0.59422579551441679, EAO: 0.321
Trial 19 finished with value: 0.3206149315903623 and parameters: {'window_influence': 0.30588102142962914, 'penalty_k': 0.2811633720568723, 'scale_lr': 0.5942257955144168}. Best is trial 13 with value: 0.3504334681228905.
checkpoint_e29 window_influence: 0.54839990871776056, penalty_k: 0.37273299657527748, scale_lr: 0.55010948819726968, EAO: 0.296
