Trial 992 finished with value: 0.32920015264114055 and parameters: {'window_influence': 0.4397001257999966, 'penalty_k': 0.1288438130148415, 'scale_lr': 0.6764842038303871}. Best is trial 877 with value: 0.36080633677861107.
checkpoint_e22 window_influence: 0.49198894874931542, penalty_k: 0.01246298835655624, scale_lr: 0.60126170469733342, EAO: 0.336
Trial 993 finished with value: 0.335562954037106 and parameters: {'window_influence': 0.4919889487493154, 'penalty_k': 0.012462988356556242, 'scale_lr': 0.6012617046973334}. Best is trial 877 with value: 0.36080633677861107.
checkpoint_e22 window_influence: 0.47350225715987582, penalty_k: 0.14621909148029980, scale_lr: 0.51969771238015960, EAO: 0.315
Trial 994 finished with value: 0.31529317877403956 and parameters: {'window_influence': 0.4735022571598758, 'penalty_k': 0.1462190914802998, 'scale_lr': 0.5196977123801596}. Best is trial 877 with value: 0.36080633677861107.
checkpoint_e22 window_influence: 0.18796118638970871, penalty_k: 0.11806739236670030, scale_lr: 0.79743870885318902, EAO: 0.271
Trial 995 finished with value: 0.2708156399341873 and parameters: {'window_influence': 0.1879611863897087, 'penalty_k': 0.1180673923667003, 'scale_lr': 0.797438708853189}. Best is trial 877 with value: 0.36080633677861107.
checkpoint_e22 window_influence: 0.45656277249654614, penalty_k: 0.20795462833014461, scale_lr: 0.47318391240512131, EAO: 0.316
Trial 996 finished with value: 0.315653257274906 and parameters: {'window_influence': 0.45656277249654614, 'penalty_k': 0.2079546283301446, 'scale_lr': 0.4731839124051213}. Best is trial 877 with value: 0.36080633677861107.
checkpoint_e22 window_influence: 0.50530939041163792, penalty_k: 0.35747108108338926, scale_lr: 0.69167094309688970, EAO: 0.288
Trial 997 finished with value: 0.28787627259581006 and parameters: {'window_influence': 0.5053093904116379, 'penalty_k': 0.35747108108338926, 'scale_lr': 0.6916709430968897}. Best is trial 877 with value: 0.36080633677861107.
checkpoint_e22 window_influence: 0.32861403885592588, penalty_k: 0.17754381414248566, scale_lr: 0.69938370860357013, EAO: 0.301
Trial 998 finished with value: 0.3012014669203109 and parameters: {'window_influence': 0.3286140388559259, 'penalty_k': 0.17754381414248566, 'scale_lr': 0.6993837086035701}. Best is trial 877 with value: 0.36080633677861107.
checkpoint_e22 window_influence: 0.26959379583108445, penalty_k: 0.31036441638355933, scale_lr: 0.62506838628002015, EAO: 0.282
Trial 999 finished with value: 0.28224851237428794 and parameters: {'window_influence': 0.26959379583108445, 'penalty_k': 0.3103644163835593, 'scale_lr': 0.6250683862800201}. Best is trial 877 with value: 0.36080633677861107.
checkpoint_e22 window_influence: 0.53701580326017340, penalty_k: 0.48257146177773969, scale_lr: 0.55993645645864043, EAO: 0.278
Trial 1000 finished with value: 0.2777926670206196 and parameters: {'window_influence': 0.5370158032601734, 'penalty_k': 0.4825714617777397, 'scale_lr': 0.5599364564586404}. Best is trial 877 with value: 0.36080633677861107.
checkpoint_e22 window_influence: 0.48395957723194266, penalty_k: 0.02532730110380360, scale_lr: 0.76441556074383499, EAO: 0.323
Trial 1001 finished with value: 0.32272892517802315 and parameters: {'window_influence': 0.48395957723194266, 'penalty_k': 0.0253273011038036, 'scale_lr': 0.764415560743835}. Best is trial 877 with value: 0.36080633677861107.
checkpoint_e22 window_influence: 0.62403859230689285, penalty_k: 0.55597502929811515, scale_lr: 0.74930870919835568, EAO: 0.221
Trial 1002 finished with value: 0.22083995528954012 and parameters: {'window_influence': 0.6240385923068928, 'penalty_k': 0.5559750292981152, 'scale_lr': 0.7493087091983557}. Best is trial 877 with value: 0.36080633677861107.
checkpoint_e22 window_influence: 0.46857277919374729, penalty_k: 0.51140186235354834, scale_lr: 0.68904144421981561, EAO: 0.311
Trial 1003 finished with value: 0.31101857827331303 and parameters: {'window_influence': 0.4685727791937473, 'penalty_k': 0.5114018623535483, 'scale_lr': 0.6890414442198156}. Best is trial 877 with value: 0.36080633677861107.
checkpoint_e22 window_influence: 0.56369960709749289, penalty_k: 0.10405070046760244, scale_lr: 0.69403512928870481, EAO: 0.273
Trial 1004 finished with value: 0.2730060194252994 and parameters: {'window_influence': 0.5636996070974929, 'penalty_k': 0.10405070046760244, 'scale_lr': 0.6940351292887048}. Best is trial 877 with value: 0.36080633677861107.
checkpoint_e22 window_influence: 0.44575637164328052, penalty_k: 0.48557460298859911, scale_lr: 0.50727929221981349, EAO: 0.294
Trial 1005 finished with value: 0.2943122127176723 and parameters: {'window_influence': 0.4457563716432805, 'penalty_k': 0.4855746029885991, 'scale_lr': 0.5072792922198135}. Best is trial 877 with value: 0.36080633677861107.
checkpoint_e22 window_influence: 0.49523602404906159, penalty_k: 0.00015350387517028, scale_lr: 0.61583540451015606, EAO: 0.332
Trial 1006 finished with value: 0.3324350363317631 and parameters: {'window_influence': 0.4952360240490616, 'penalty_k': 0.00015350387517028025, 'scale_lr': 0.6158354045101561}. Best is trial 877 with value: 0.36080633677861107.
checkpoint_e22 window_influence: 0.51803708012516836, penalty_k: 0.37763793617273278, scale_lr: 0.63806416447386316, EAO: 0.280
Trial 1007 finished with value: 0.27982825533657224 and parameters: {'window_influence': 0.5180370801251684, 'penalty_k': 0.3776379361727328, 'scale_lr': 0.6380641644738632}. Best is trial 877 with value: 0.36080633677861107.
checkpoint_e22 window_influence: 0.34908431907340470, penalty_k: 0.20227791520724386, scale_lr: 0.65860445815762991, EAO: 0.331
Trial 1008 finished with value: 0.33099238139646064 and parameters: {'window_influence': 0.3490843190734047, 'penalty_k': 0.20227791520724386, 'scale_lr': 0.6586044581576299}. Best is trial 877 with value: 0.36080633677861107.
checkpoint_e22 window_influence: 0.59100524037165092, penalty_k: 0.01262097662015086, scale_lr: 0.55844359904281071, EAO: 0.272
Trial 1009 finished with value: 0.2719919302352208 and parameters: {'window_influence': 0.5910052403716509, 'penalty_k': 0.012620976620150859, 'scale_lr': 0.5584435990428107}. Best is trial 877 with value: 0.36080633677861107.
checkpoint_e22 window_influence: 0.13173705574036773, penalty_k: 0.09659367953218553, scale_lr: 0.28186083156307074, EAO: 0.268
Trial 1010 finished with value: 0.26794525604071784 and parameters: {'window_influence': 0.13173705574036773, 'penalty_k': 0.09659367953218553, 'scale_lr': 0.28186083156307074}. Best is trial 877 with value: 0.36080633677861107.
checkpoint_e22 window_influence: 0.47913793441702568, penalty_k: 0.18060921560320678, scale_lr: 0.58662026819890256, EAO: 0.321
Trial 1011 finished with value: 0.32060433622696055 and parameters: {'window_influence': 0.4791379344170257, 'penalty_k': 0.18060921560320678, 'scale_lr': 0.5866202681989026}. Best is trial 877 with value: 0.36080633677861107.
checkpoint_e22 window_influence: 0.46294754622657869, penalty_k: 0.04272597851440098, scale_lr: 0.41157192833607681, EAO: 0.305
Trial 1012 finished with value: 0.3047292697522427 and parameters: {'window_influence': 0.4629475462265787, 'penalty_k': 0.042725978514400985, 'scale_lr': 0.4115719283360768}. Best is trial 877 with value: 0.36080633677861107.
checkpoint_e22 window_influence: 0.48580577478288139, penalty_k: 0.30375688495928521, scale_lr: 0.42044739822994359, EAO: 0.309
Trial 1013 finished with value: 0.3090045228890408 and parameters: {'window_influence': 0.4858057747828814, 'penalty_k': 0.3037568849592852, 'scale_lr': 0.4204473982299436}. Best is trial 877 with value: 0.36080633677861107.
checkpoint_e22 window_influence: 0.23483348181331695, penalty_k: 0.35454852783480317, scale_lr: 0.75756923734219073, EAO: 0.258
Trial 1014 finished with value: 0.25823098171777764 and parameters: {'window_influence': 0.23483348181331695, 'penalty_k': 0.3545485278348032, 'scale_lr': 0.7575692373421907}. Best is trial 877 with value: 0.36080633677861107.
checkpoint_e22 window_influence: 0.45466245551631629, penalty_k: 0.24077335982417211, scale_lr: 0.75886381671677883, EAO: 0.305
Trial 1015 finished with value: 0.304688863543221 and parameters: {'window_influence': 0.4546624555163163, 'penalty_k': 0.2407733598241721, 'scale_lr': 0.7588638167167788}. Best is trial 877 with value: 0.36080633677861107.
checkpoint_e22 window_influence: 0.43121467808491026, penalty_k: 0.42551165950589742, scale_lr: 0.71381389705761089, EAO: 0.321
Trial 1016 finished with value: 0.3209620156408748 and parameters: {'window_influence': 0.43121467808491026, 'penalty_k': 0.4255116595058974, 'scale_lr': 0.7138138970576109}. Best is trial 877 with value: 0.36080633677861107.
checkpoint_e22 window_influence: 0.05862047736730402, penalty_k: 0.12467506237117554, scale_lr: 0.45182600335760037, EAO: 0.236
Trial 1017 finished with value: 0.2358444403813507 and parameters: {'window_influence': 0.058620477367304025, 'penalty_k': 0.12467506237117554, 'scale_lr': 0.45182600335760037}. Best is trial 877 with value: 0.36080633677861107.
checkpoint_e22 window_influence: 0.20144697698769673, penalty_k: 0.13557319717125449, scale_lr: 0.63618916516773527, EAO: 0.280
Trial 1018 finished with value: 0.2798249536567161 and parameters: {'window_influence': 0.20144697698769673, 'penalty_k': 0.1355731971712545, 'scale_lr': 0.6361891651677353}. Best is trial 877 with value: 0.36080633677861107.
checkpoint_e22 window_influence: 0.18349410305765662, penalty_k: 0.09089322283202877, scale_lr: 0.64154448798408625, EAO: 0.265
Trial 1019 finished with value: 0.2653911088227298 and parameters: {'window_influence': 0.18349410305765662, 'penalty_k': 0.09089322283202877, 'scale_lr': 0.6415444879840863}. Best is trial 877 with value: 0.36080633677861107.
checkpoint_e22 window_influence: 0.50164961052285351, penalty_k: 0.22615882727786668, scale_lr: 0.59415369735524781, EAO: 0.307
Trial 1020 finished with value: 0.30663550508857235 and parameters: {'window_influence': 0.5016496105228535, 'penalty_k': 0.22615882727786668, 'scale_lr': 0.5941536973552478}. Best is trial 877 with value: 0.36080633677861107.
checkpoint_e22 window_influence: 0.36012112243314121, penalty_k: 0.11182611261556015, scale_lr: 0.57157465318957834, EAO: 0.309
Trial 1021 finished with value: 0.3092235022365815 and parameters: {'window_influence': 0.3601211224331412, 'penalty_k': 0.11182611261556015, 'scale_lr': 0.5715746531895783}. Best is trial 877 with value: 0.36080633677861107.
checkpoint_e22 window_influence: 0.47240731924475798, penalty_k: 0.05606756875328704, scale_lr: 0.58886171201266013, EAO: 0.322
Trial 1022 finished with value: 0.3219727832055741 and parameters: {'window_influence': 0.472407319244758, 'penalty_k': 0.056067568753287035, 'scale_lr': 0.5888617120126601}. Best is trial 877 with value: 0.36080633677861107.
checkpoint_e22 window_influence: 0.07570746314936544, penalty_k: 0.39808917283717349, scale_lr: 0.73026589705498512, EAO: 0.229
Trial 1023 finished with value: 0.2289753704683326 and parameters: {'window_influence': 0.07570746314936544, 'penalty_k': 0.3980891728371735, 'scale_lr': 0.7302658970549851}. Best is trial 877 with value: 0.36080633677861107.
checkpoint_e22 window_influence: 0.41456949094248519, penalty_k: 0.01778272125335261, scale_lr: 0.46953424075330757, EAO: 0.311
Trial 1024 finished with value: 0.31128693925731377 and parameters: {'window_influence': 0.4145694909424852, 'penalty_k': 0.017782721253352608, 'scale_lr': 0.4695342407533076}. Best is trial 877 with value: 0.36080633677861107.
checkpoint_e22 window_influence: 0.51093824269058852, penalty_k: 0.53668146521147087, scale_lr: 0.29792836378681659, EAO: 0.278
Trial 1025 finished with value: 0.27824121446924915 and parameters: {'window_influence': 0.5109382426905885, 'penalty_k': 0.5366814652114709, 'scale_lr': 0.2979283637868166}. Best is trial 877 with value: 0.36080633677861107.
checkpoint_e22 window_influence: 0.10647090876576606, penalty_k: 0.43612540164887798, scale_lr: 0.78275539297531482, EAO: 0.235
Trial 1026 finished with value: 0.23528898945114493 and parameters: {'window_influence': 0.10647090876576606, 'penalty_k': 0.436125401648878, 'scale_lr': 0.7827553929753148}. Best is trial 877 with value: 0.36080633677861107.
checkpoint_e22 window_influence: 0.31852412120624513, penalty_k: 0.03180990236088096, scale_lr: 0.72211242750906879, EAO: 0.305
Trial 1027 finished with value: 0.30478475054414356 and parameters: {'window_influence': 0.3185241212062451, 'penalty_k': 0.03180990236088096, 'scale_lr': 0.7221124275090688}. Best is trial 877 with value: 0.36080633677861107.
checkpoint_e22 window_influence: 0.37162109234900814, penalty_k: 0.25993886275419276, scale_lr: 0.68819001695593551, EAO: 0.300
Trial 1028 finished with value: 0.2997861495857573 and parameters: {'window_influence': 0.37162109234900814, 'penalty_k': 0.25993886275419276, 'scale_lr': 0.6881900169559355}. Best is trial 877 with value: 0.36080633677861107.
checkpoint_e22 window_influence: 0.48991362394445520, penalty_k: 0.57917052890317700, scale_lr: 0.53784908600776848, EAO: 0.293
Trial 1029 finished with value: 0.2931377996730433 and parameters: {'window_influence': 0.4899136239444552, 'penalty_k': 0.579170528903177, 'scale_lr': 0.5378490860077685}. Best is trial 877 with value: 0.36080633677861107.
checkpoint_e22 window_influence: 0.47007090596938050, penalty_k: 0.00015822340006839, scale_lr: 0.39095680114621367, EAO: 0.320
Trial 1030 finished with value: 0.3198651270179897 and parameters: {'window_influence': 0.4700709059693805, 'penalty_k': 0.00015822340006839083, 'scale_lr': 0.3909568011462137}. Best is trial 877 with value: 0.36080633677861107.
checkpoint_e22 window_influence: 0.54887904477147287, penalty_k: 0.14555783945081560, scale_lr: 0.47916348792180163, EAO: 0.290
Trial 1031 finished with value: 0.2897699983203457 and parameters: {'window_influence': 0.5488790447714729, 'penalty_k': 0.1455578394508156, 'scale_lr': 0.47916348792180163}. Best is trial 877 with value: 0.36080633677861107.
checkpoint_e22 window_influence: 0.64945294820520982, penalty_k: 0.34424209768647518, scale_lr: 0.50940272682447219, EAO: 0.227
Trial 1032 finished with value: 0.22736788010550843 and parameters: {'window_influence': 0.6494529482052098, 'penalty_k': 0.3442420976864752, 'scale_lr': 0.5094027268244722}. Best is trial 877 with value: 0.36080633677861107.
checkpoint_e22 window_influence: 0.44042347567363532, penalty_k: 0.16047450554386522, scale_lr: 0.49532178027632212, EAO: 0.301
Trial 1033 finished with value: 0.30052672517902657 and parameters: {'window_influence': 0.4404234756736353, 'penalty_k': 0.16047450554386522, 'scale_lr': 0.4953217802763221}. Best is trial 877 with value: 0.36080633677861107.
checkpoint_e22 window_influence: 0.52998511960173134, penalty_k: 0.08648127933973501, scale_lr: 0.51942348664680293, EAO: 0.298
Trial 1034 finished with value: 0.29813418279362097 and parameters: {'window_influence': 0.5299851196017313, 'penalty_k': 0.08648127933973501, 'scale_lr': 0.5194234866468029}. Best is trial 877 with value: 0.36080633677861107.
checkpoint_e22 window_influence: 0.45069559050313590, penalty_k: 0.12637562042979189, scale_lr: 0.61225854019784220, EAO: 0.354
Trial 1035 finished with value: 0.3541801816526554 and parameters: {'window_influence': 0.4506955905031359, 'penalty_k': 0.1263756204297919, 'scale_lr': 0.6122585401978422}. Best is trial 877 with value: 0.36080633677861107.
checkpoint_e22 window_influence: 0.44959616600231683, penalty_k: 0.55994833372822739, scale_lr: 0.58291032883921434, EAO: 0.291
Trial 1036 finished with value: 0.290524687806456 and parameters: {'window_influence': 0.44959616600231683, 'penalty_k': 0.5599483337282274, 'scale_lr': 0.5829103288392143}. Best is trial 877 with value: 0.36080633677861107.
checkpoint_e22 window_influence: 0.43397186347368932, penalty_k: 0.12703042947790319, scale_lr: 0.55669934133995991, EAO: 0.310
Trial 1037 finished with value: 0.30956763388581776 and parameters: {'window_influence': 0.4339718634736893, 'penalty_k': 0.1270304294779032, 'scale_lr': 0.5566993413399599}. Best is trial 877 with value: 0.36080633677861107.
checkpoint_e22 window_influence: 0.42193133464526855, penalty_k: 0.13797729575320294, scale_lr: 0.60417895895537943, EAO: 0.319
Trial 1038 finished with value: 0.3193424357398475 and parameters: {'window_influence': 0.42193133464526855, 'penalty_k': 0.13797729575320294, 'scale_lr': 0.6041789589553794}. Best is trial 877 with value: 0.36080633677861107.
checkpoint_e22 window_influence: 0.44754454753409256, penalty_k: 0.11828633231785432, scale_lr: 0.46145800518958469, EAO: 0.316
Trial 1039 finished with value: 0.3162643881623383 and parameters: {'window_influence': 0.44754454753409256, 'penalty_k': 0.11828633231785432, 'scale_lr': 0.4614580051895847}. Best is trial 877 with value: 0.36080633677861107.
checkpoint_e22 window_influence: 0.45841816238216559, penalty_k: 0.11023981895727306, scale_lr: 0.53344455277701242, EAO: 0.327
Trial 1040 finished with value: 0.3268525124407928 and parameters: {'window_influence': 0.4584181623821656, 'penalty_k': 0.11023981895727306, 'scale_lr': 0.5334445527770124}. Best is trial 877 with value: 0.36080633677861107.
checkpoint_e22 window_influence: 0.45610478969573631, penalty_k: 0.12917113995437540, scale_lr: 0.73506215920305007, EAO: 0.322
Trial 1041 finished with value: 0.32245873662748226 and parameters: {'window_influence': 0.4561047896957363, 'penalty_k': 0.1291711399543754, 'scale_lr': 0.7350621592030501}. Best is trial 877 with value: 0.36080633677861107.
checkpoint_e22 window_influence: 0.46509622904531361, penalty_k: 0.29092442136862695, scale_lr: 0.69165516536646388, EAO: 0.315
Trial 1042 finished with value: 0.31501814879563994 and parameters: {'window_influence': 0.4650962290453136, 'penalty_k': 0.29092442136862695, 'scale_lr': 0.6916551653664639}. Best is trial 877 with value: 0.36080633677861107.
checkpoint_e22 window_influence: 0.43857622153662612, penalty_k: 0.10469849579732421, scale_lr: 0.67216395324517153, EAO: 0.314
Trial 1043 finished with value: 0.3138685231658735 and parameters: {'window_influence': 0.4385762215366261, 'penalty_k': 0.10469849579732421, 'scale_lr': 0.6721639532451715}. Best is trial 877 with value: 0.36080633677861107.
checkpoint_e22 window_influence: 0.40337474016428898, penalty_k: 0.14956040581473082, scale_lr: 0.61557134722044982, EAO: 0.314
Trial 1044 finished with value: 0.31359695634489393 and parameters: {'window_influence': 0.403374740164289, 'penalty_k': 0.14956040581473082, 'scale_lr': 0.6155713472204498}. Best is trial 877 with value: 0.36080633677861107.
checkpoint_e22 window_influence: 0.43836838834680170, penalty_k: 0.12163093188205498, scale_lr: 0.62130982870494589, EAO: 0.334
Trial 1045 finished with value: 0.3338995789275559 and parameters: {'window_influence': 0.4383683883468017, 'penalty_k': 0.12163093188205498, 'scale_lr': 0.6213098287049459}. Best is trial 877 with value: 0.36080633677861107.
checkpoint_e22 window_influence: 0.45485731905244298, penalty_k: 0.09896603464211359, scale_lr: 0.79882225579649302, EAO: 0.328
Trial 1046 finished with value: 0.32785746408807626 and parameters: {'window_influence': 0.454857319052443, 'penalty_k': 0.09896603464211359, 'scale_lr': 0.798822255796493}. Best is trial 877 with value: 0.36080633677861107.
checkpoint_e22 window_influence: 0.12715941665999816, penalty_k: 0.13378991946281898, scale_lr: 0.54404443673841196, EAO: 0.262
Trial 1047 finished with value: 0.2621140299720059 and parameters: {'window_influence': 0.12715941665999816, 'penalty_k': 0.13378991946281898, 'scale_lr': 0.544044436738412}. Best is trial 877 with value: 0.36080633677861107.
checkpoint_e22 window_influence: 0.42660016305433324, penalty_k: 0.11481858866586185, scale_lr: 0.64085629431202451, EAO: 0.335
Trial 1048 finished with value: 0.335142732014452 and parameters: {'window_influence': 0.42660016305433324, 'penalty_k': 0.11481858866586185, 'scale_lr': 0.6408562943120245}. Best is trial 877 with value: 0.36080633677861107.
checkpoint_e22 window_influence: 0.06955192906625635, penalty_k: 0.07842450833984586, scale_lr: 0.76767541051326615, EAO: 0.238
Trial 1049 finished with value: 0.23797459813407423 and parameters: {'window_influence': 0.06955192906625635, 'penalty_k': 0.07842450833984586, 'scale_lr': 0.7676754105132662}. Best is trial 877 with value: 0.36080633677861107.
checkpoint_e22 window_influence: 0.47071776610402510, penalty_k: 0.06828981044446383, scale_lr: 0.51190068733792737, EAO: 0.332
Trial 1050 finished with value: 0.33185975473910456 and parameters: {'window_influence': 0.4707177661040251, 'penalty_k': 0.06828981044446383, 'scale_lr': 0.5119006873379274}. Best is trial 877 with value: 0.36080633677861107.
checkpoint_e22 window_influence: 0.38939969072474034, penalty_k: 0.49120379273066100, scale_lr: 0.56830829393136517, EAO: 0.325
Trial 1051 finished with value: 0.32476352033448125 and parameters: {'window_influence': 0.38939969072474034, 'penalty_k': 0.491203792730661, 'scale_lr': 0.5683082939313652}. Best is trial 877 with value: 0.36080633677861107.
checkpoint_e22 window_influence: 0.49914160953718795, penalty_k: 0.36698101617811474, scale_lr: 0.42060919581834821, EAO: 0.284
Trial 1052 finished with value: 0.2840937314562297 and parameters: {'window_influence': 0.49914160953718795, 'penalty_k': 0.36698101617811474, 'scale_lr': 0.4206091958183482}. Best is trial 877 with value: 0.36080633677861107.
checkpoint_e22 window_influence: 0.52039720534186440, penalty_k: 0.56608625081406838, scale_lr: 0.64595250792201009, EAO: 0.273
Trial 1053 finished with value: 0.27262124390221754 and parameters: {'window_influence': 0.5203972053418644, 'penalty_k': 0.5660862508140684, 'scale_lr': 0.6459525079220101}. Best is trial 877 with value: 0.36080633677861107.
checkpoint_e22 window_influence: 0.47799037440147563, penalty_k: 0.30028740681989080, scale_lr: 0.57301824664385737, EAO: 0.294
