A new study created in memory with name: no-name-5867ce27-ea15-423a-9143-72f43bca11ea
checkpoint_e24 window_influence: 0.37550562591415076, penalty_k: 0.53666165124911702, scale_lr: 0.18746672627852129, EAO: 0.286
Trial 0 finished with value: 0.28609537307158517 and parameters: {'window_influence': 0.37550562591415076, 'penalty_k': 0.536661651249117, 'scale_lr': 0.1874667262785213}. Best is trial 0 with value: 0.28609537307158517.
checkpoint_e24 window_influence: 0.27579548654522540, penalty_k: 0.07065881161910599, scale_lr: 0.49183542577145711, EAO: 0.308
Trial 1 finished with value: 0.30756066223526746 and parameters: {'window_influence': 0.2757954865452254, 'penalty_k': 0.07065881161910599, 'scale_lr': 0.4918354257714571}. Best is trial 1 with value: 0.30756066223526746.
checkpoint_e24 window_influence: 0.17460231200617032, penalty_k: 0.55129962406778676, scale_lr: 0.66966786712671988, EAO: 0.278
Trial 2 finished with value: 0.2781535511118893 and parameters: {'window_influence': 0.17460231200617032, 'penalty_k': 0.5512996240677868, 'scale_lr': 0.6696678671267199}. Best is trial 1 with value: 0.30756066223526746.
checkpoint_e24 window_influence: 0.34307863856557874, penalty_k: 0.09628287824456334, scale_lr: 0.10232068124957039, EAO: 0.312
Trial 3 finished with value: 0.31190800121786066 and parameters: {'window_influence': 0.34307863856557874, 'penalty_k': 0.09628287824456334, 'scale_lr': 0.10232068124957039}. Best is trial 3 with value: 0.31190800121786066.
checkpoint_e24 window_influence: 0.41920275328581824, penalty_k: 0.10016745408320624, scale_lr: 0.71014610615943852, EAO: 0.304
Trial 4 finished with value: 0.30367884225418595 and parameters: {'window_influence': 0.41920275328581824, 'penalty_k': 0.10016745408320624, 'scale_lr': 0.7101461061594385}. Best is trial 3 with value: 0.31190800121786066.
checkpoint_e24 window_influence: 0.51297720921761714, penalty_k: 0.10293556812841140, scale_lr: 0.11952531268929474, EAO: 0.316
Trial 5 finished with value: 0.3155039355216787 and parameters: {'window_influence': 0.5129772092176171, 'penalty_k': 0.1029355681284114, 'scale_lr': 0.11952531268929474}. Best is trial 5 with value: 0.3155039355216787.
checkpoint_e24 window_influence: 0.26046198909912460, penalty_k: 0.57354858331208858, scale_lr: 0.13195613920401256, EAO: 0.277
Trial 6 finished with value: 0.2768971551832986 and parameters: {'window_influence': 0.2604619890991246, 'penalty_k': 0.5735485833120886, 'scale_lr': 0.13195613920401256}. Best is trial 5 with value: 0.3155039355216787.
checkpoint_e24 window_influence: 0.29921013466030472, penalty_k: 0.01784583062928855, scale_lr: 0.16410203207941160, EAO: 0.286
Trial 7 finished with value: 0.28603247625586586 and parameters: {'window_influence': 0.2992101346603047, 'penalty_k': 0.01784583062928855, 'scale_lr': 0.1641020320794116}. Best is trial 5 with value: 0.3155039355216787.
checkpoint_e24 window_influence: 0.64621745054364332, penalty_k: 0.26065143144751146, scale_lr: 0.33077904107935641, EAO: 0.226
Trial 8 finished with value: 0.2264773021760154 and parameters: {'window_influence': 0.6462174505436433, 'penalty_k': 0.26065143144751146, 'scale_lr': 0.3307790410793564}. Best is trial 5 with value: 0.3155039355216787.
checkpoint_e24 window_influence: 0.42431962564690984, penalty_k: 0.29613460043703782, scale_lr: 0.16154133981868957, EAO: 0.285
Trial 9 finished with value: 0.2845481348872649 and parameters: {'window_influence': 0.42431962564690984, 'penalty_k': 0.2961346004370378, 'scale_lr': 0.16154133981868957}. Best is trial 5 with value: 0.3155039355216787.
checkpoint_e24 window_influence: 0.55021678442676669, penalty_k: 0.18846730291859851, scale_lr: 0.37599461852953475, EAO: 0.291
Trial 10 finished with value: 0.2912600393541128 and parameters: {'window_influence': 0.5502167844267667, 'penalty_k': 0.1884673029185985, 'scale_lr': 0.37599461852953475}. Best is trial 5 with value: 0.3155039355216787.
checkpoint_e24 window_influence: 0.11883888491208791, penalty_k: 0.14718541856798906, scale_lr: 0.27489785137812889, EAO: 0.279
Trial 11 finished with value: 0.2789978884189509 and parameters: {'window_influence': 0.11883888491208791, 'penalty_k': 0.14718541856798906, 'scale_lr': 0.2748978513781289}. Best is trial 5 with value: 0.3155039355216787.
checkpoint_e24 window_influence: 0.50506070684649684, penalty_k: 0.01475715323003386, scale_lr: 0.10877612002944176, EAO: 0.333
Trial 12 finished with value: 0.3333503472897793 and parameters: {'window_influence': 0.5050607068464968, 'penalty_k': 0.014757153230033862, 'scale_lr': 0.10877612002944176}. Best is trial 12 with value: 0.3333503472897793.
checkpoint_e24 window_influence: 0.50288812134200123, penalty_k: 0.01806702407558020, scale_lr: 0.25838309714629559, EAO: 0.322
Trial 13 finished with value: 0.3220717142180246 and parameters: {'window_influence': 0.5028881213420012, 'penalty_k': 0.0180670240755802, 'scale_lr': 0.2583830971462956}. Best is trial 12 with value: 0.3333503472897793.
checkpoint_e24 window_influence: 0.50332581667225329, penalty_k: 0.00991975481133872, scale_lr: 0.25840804469069290, EAO: 0.339
Trial 14 finished with value: 0.33890642822948414 and parameters: {'window_influence': 0.5033258166722533, 'penalty_k': 0.009919754811338725, 'scale_lr': 0.2584080446906929}. Best is trial 14 with value: 0.33890642822948414.
checkpoint_e24 window_influence: 0.60839550523150054, penalty_k: 0.00330867893265089, scale_lr: 0.23869131330950472, EAO: 0.282
Trial 15 finished with value: 0.28226625704811703 and parameters: {'window_influence': 0.6083955052315005, 'penalty_k': 0.0033086789326508877, 'scale_lr': 0.23869131330950472}. Best is trial 14 with value: 0.33890642822948414.
checkpoint_e24 window_influence: 0.46614767796061740, penalty_k: 0.19920089223239421, scale_lr: 0.40720884903078158, EAO: 0.311
Trial 16 finished with value: 0.3113684095297342 and parameters: {'window_influence': 0.4661476779606174, 'penalty_k': 0.1992008922323942, 'scale_lr': 0.4072088490307816}. Best is trial 14 with value: 0.33890642822948414.
checkpoint_e24 window_influence: 0.59220471097007832, penalty_k: 0.34143187992823076, scale_lr: 0.22714761696632493, EAO: 0.257
Trial 17 finished with value: 0.25698565248153554 and parameters: {'window_influence': 0.5922047109700783, 'penalty_k': 0.34143187992823076, 'scale_lr': 0.22714761696632493}. Best is trial 14 with value: 0.33890642822948414.
checkpoint_e24 window_influence: 0.55793991919471497, penalty_k: 0.00426680731967194, scale_lr: 0.30714314471347248, EAO: 0.309
Trial 18 finished with value: 0.30862070596867497 and parameters: {'window_influence': 0.557939919194715, 'penalty_k': 0.0042668073196719366, 'scale_lr': 0.3071431447134725}. Best is trial 14 with value: 0.33890642822948414.
checkpoint_e24 window_influence: 0.50846496918400019, penalty_k: 0.06771164355472575, scale_lr: 0.20200971875291823, EAO: 0.315
Trial 19 finished with value: 0.31479561815929785 and parameters: {'window_influence': 0.5084649691840002, 'penalty_k': 0.06771164355472575, 'scale_lr': 0.20200971875291823}. Best is trial 14 with value: 0.33890642822948414.
checkpoint_e24 window_influence: 0.44644586275707299, penalty_k: 0.17563651640169453, scale_lr: 0.10301606118283246, EAO: 0.323
Trial 20 finished with value: 0.32321472813879004 and parameters: {'window_influence': 0.446445862757073, 'penalty_k': 0.17563651640169453, 'scale_lr': 0.10301606118283246}. Best is trial 14 with value: 0.33890642822948414.
checkpoint_e24 window_influence: 0.45110701058115427, penalty_k: 0.15149309780542797, scale_lr: 0.11991734291311007, EAO: 0.300
Trial 21 finished with value: 0.299594037669642 and parameters: {'window_influence': 0.45110701058115427, 'penalty_k': 0.15149309780542797, 'scale_lr': 0.11991734291311007}. Best is trial 14 with value: 0.33890642822948414.
checkpoint_e24 window_influence: 0.47588603825397569, penalty_k: 0.05094161702122062, scale_lr: 0.10263906657384272, EAO: 0.313
Trial 22 finished with value: 0.31261175528806473 and parameters: {'window_influence': 0.4758860382539757, 'penalty_k': 0.05094161702122062, 'scale_lr': 0.10263906657384272}. Best is trial 14 with value: 0.33890642822948414.
checkpoint_e24 window_influence: 0.40079169593122416, penalty_k: 0.12450058652467480, scale_lr: 0.17683175288663328, EAO: 0.286
Trial 23 finished with value: 0.28633328733045305 and parameters: {'window_influence': 0.40079169593122416, 'penalty_k': 0.1245005865246748, 'scale_lr': 0.17683175288663328}. Best is trial 14 with value: 0.33890642822948414.
checkpoint_e24 window_influence: 0.45657000783165286, penalty_k: 0.05327530811012041, scale_lr: 0.21449534776214213, EAO: 0.331
Trial 24 finished with value: 0.3309546514243931 and parameters: {'window_influence': 0.45657000783165286, 'penalty_k': 0.053275308110120406, 'scale_lr': 0.21449534776214213}. Best is trial 14 with value: 0.33890642822948414.
checkpoint_e24 window_influence: 0.54112889426709743, penalty_k: 0.04408402174921223, scale_lr: 0.21587284779290583, EAO: 0.311
Trial 25 finished with value: 0.3110521501836146 and parameters: {'window_influence': 0.5411288942670974, 'penalty_k': 0.044084021749212235, 'scale_lr': 0.21587284779290583}. Best is trial 14 with value: 0.33890642822948414.
checkpoint_e24 window_influence: 0.48423453090478580, penalty_k: 0.05647546333420054, scale_lr: 0.29033718608647979, EAO: 0.335
Trial 26 finished with value: 0.3349732550201713 and parameters: {'window_influence': 0.4842345309047858, 'penalty_k': 0.05647546333420054, 'scale_lr': 0.2903371860864798}. Best is trial 14 with value: 0.33890642822948414.
checkpoint_e24 window_influence: 0.58785844096441464, penalty_k: 0.07816577760760535, scale_lr: 0.30710243034132911, EAO: 0.299
Trial 27 finished with value: 0.29896961245323433 and parameters: {'window_influence': 0.5878584409644146, 'penalty_k': 0.07816577760760535, 'scale_lr': 0.3071024303413291}. Best is trial 14 with value: 0.33890642822948414.
checkpoint_e24 window_influence: 0.49782969674385180, penalty_k: 0.12414596838256194, scale_lr: 0.33307734372851527, EAO: 0.330
Trial 28 finished with value: 0.3302602646183875 and parameters: {'window_influence': 0.4978296967438518, 'penalty_k': 0.12414596838256194, 'scale_lr': 0.3330773437285153}. Best is trial 14 with value: 0.33890642822948414.
checkpoint_e24 window_influence: 0.39325338573468693, penalty_k: 0.00724653239101102, scale_lr: 0.26479589034314871, EAO: 0.300
Trial 29 finished with value: 0.3003283800550008 and parameters: {'window_influence': 0.39325338573468693, 'penalty_k': 0.007246532391011015, 'scale_lr': 0.2647958903431487}. Best is trial 14 with value: 0.33890642822948414.
checkpoint_e24 window_influence: 0.37574800852441514, penalty_k: 0.41259460728464148, scale_lr: 0.17563337209504032, EAO: 0.310
Trial 30 finished with value: 0.3101343741560724 and parameters: {'window_influence': 0.37574800852441514, 'penalty_k': 0.4125946072846415, 'scale_lr': 0.17563337209504032}. Best is trial 14 with value: 0.33890642822948414.
checkpoint_e24 window_influence: 0.46359642410021223, penalty_k: 0.05671059325400040, scale_lr: 0.20659355174268429, EAO: 0.318
Trial 31 finished with value: 0.3178539762005268 and parameters: {'window_influence': 0.46359642410021223, 'penalty_k': 0.0567105932540004, 'scale_lr': 0.2065935517426843}. Best is trial 14 with value: 0.33890642822948414.
checkpoint_e24 window_influence: 0.53007009444123987, penalty_k: 0.04334324210526475, scale_lr: 0.24383243741317598, EAO: 0.321
Trial 32 finished with value: 0.32129529918678074 and parameters: {'window_influence': 0.5300700944412399, 'penalty_k': 0.043343242105264745, 'scale_lr': 0.24383243741317598}. Best is trial 14 with value: 0.33890642822948414.
checkpoint_e24 window_influence: 0.49065705608484161, penalty_k: 0.08134217793951171, scale_lr: 0.16576991355390963, EAO: 0.322
Trial 33 finished with value: 0.32175122369588116 and parameters: {'window_influence': 0.4906570560848416, 'penalty_k': 0.0813421779395117, 'scale_lr': 0.16576991355390963}. Best is trial 14 with value: 0.33890642822948414.
checkpoint_e24 window_influence: 0.44424317101489963, penalty_k: 0.04121987843819282, scale_lr: 0.47066242233719197, EAO: 0.332
Trial 34 finished with value: 0.33234885091447647 and parameters: {'window_influence': 0.44424317101489963, 'penalty_k': 0.04121987843819282, 'scale_lr': 0.47066242233719197}. Best is trial 14 with value: 0.33890642822948414.
checkpoint_e24 window_influence: 0.36233641362986480, penalty_k: 0.03385814060575732, scale_lr: 0.51647517057908221, EAO: 0.309
Trial 35 finished with value: 0.3092814638109059 and parameters: {'window_influence': 0.3623364136298648, 'penalty_k': 0.03385814060575732, 'scale_lr': 0.5164751705790822}. Best is trial 14 with value: 0.33890642822948414.
checkpoint_e24 window_influence: 0.42396772133817112, penalty_k: 0.09570362369631367, scale_lr: 0.46393062210259617, EAO: 0.313
Trial 36 finished with value: 0.31263601449445066 and parameters: {'window_influence': 0.4239677213381711, 'penalty_k': 0.09570362369631367, 'scale_lr': 0.46393062210259617}. Best is trial 14 with value: 0.33890642822948414.
checkpoint_e24 window_influence: 0.52326440130720631, penalty_k: 0.11091821283972603, scale_lr: 0.52727215584804366, EAO: 0.304
Trial 37 finished with value: 0.3038850062552129 and parameters: {'window_influence': 0.5232644013072063, 'penalty_k': 0.11091821283972603, 'scale_lr': 0.5272721558480437}. Best is trial 14 with value: 0.33890642822948414.
checkpoint_e24 window_influence: 0.34100949528226310, penalty_k: 0.06985352256091328, scale_lr: 0.41347715119679429, EAO: 0.305
Trial 38 finished with value: 0.30484843236695003 and parameters: {'window_influence': 0.3410094952822631, 'penalty_k': 0.06985352256091328, 'scale_lr': 0.4134771511967943}. Best is trial 14 with value: 0.33890642822948414.
checkpoint_e24 window_influence: 0.56402471065856030, penalty_k: 0.00133276329610842, scale_lr: 0.57121214785238072, EAO: 0.296
Trial 39 finished with value: 0.29617547583023396 and parameters: {'window_influence': 0.5640247106585603, 'penalty_k': 0.001332763296108418, 'scale_lr': 0.5712121478523807}. Best is trial 14 with value: 0.33890642822948414.
checkpoint_e24 window_influence: 0.43163671769364198, penalty_k: 0.09580440061360920, scale_lr: 0.36858701853704373, EAO: 0.327
Trial 40 finished with value: 0.3273250377711619 and parameters: {'window_influence': 0.431636717693642, 'penalty_k': 0.0958044006136092, 'scale_lr': 0.36858701853704373}. Best is trial 14 with value: 0.33890642822948414.
checkpoint_e24 window_influence: 0.47522412826530380, penalty_k: 0.03691778688109980, scale_lr: 0.13387044433073583, EAO: 0.321
Trial 41 finished with value: 0.32140335968264344 and parameters: {'window_influence': 0.4752241282653038, 'penalty_k': 0.0369177868810998, 'scale_lr': 0.13387044433073583}. Best is trial 14 with value: 0.33890642822948414.
checkpoint_e24 window_influence: 0.44497035277953245, penalty_k: 0.04131104782063261, scale_lr: 0.19844008033095831, EAO: 0.319
Trial 42 finished with value: 0.31859956890460583 and parameters: {'window_influence': 0.44497035277953245, 'penalty_k': 0.04131104782063261, 'scale_lr': 0.1984400803309583}. Best is trial 14 with value: 0.33890642822948414.
checkpoint_e24 window_influence: 0.49343991997657499, penalty_k: 0.06133217915871340, scale_lr: 0.28730846010550326, EAO: 0.319
Trial 43 finished with value: 0.3188576014125393 and parameters: {'window_influence': 0.493439919976575, 'penalty_k': 0.061332179158713404, 'scale_lr': 0.28730846010550326}. Best is trial 14 with value: 0.33890642822948414.
checkpoint_e24 window_influence: 0.51661095385294586, penalty_k: 0.08292785634835656, scale_lr: 0.14419773792636872, EAO: 0.325
Trial 44 finished with value: 0.32462885396025987 and parameters: {'window_influence': 0.5166109538529459, 'penalty_k': 0.08292785634835656, 'scale_lr': 0.14419773792636872}. Best is trial 14 with value: 0.33890642822948414.
checkpoint_e24 window_influence: 0.40878651059349708, penalty_k: 0.02386800017688657, scale_lr: 0.25010607490357351, EAO: 0.306
Trial 45 finished with value: 0.30581173132597705 and parameters: {'window_influence': 0.4087865105934971, 'penalty_k': 0.02386800017688657, 'scale_lr': 0.2501060749035735}. Best is trial 14 with value: 0.33890642822948414.
checkpoint_e24 window_influence: 0.47153265388653270, penalty_k: 0.12921549557716572, scale_lr: 0.14596756303495678, EAO: 0.310
Trial 46 finished with value: 0.3100356573260712 and parameters: {'window_influence': 0.4715326538865327, 'penalty_k': 0.12921549557716572, 'scale_lr': 0.14596756303495678}. Best is trial 14 with value: 0.33890642822948414.
checkpoint_e24 window_influence: 0.43563305169806860, penalty_k: 0.02881090078112416, scale_lr: 0.22465945893558825, EAO: 0.314
Trial 47 finished with value: 0.314423750114812 and parameters: {'window_influence': 0.4356330516980686, 'penalty_k': 0.028810900781124155, 'scale_lr': 0.22465945893558825}. Best is trial 14 with value: 0.33890642822948414.
checkpoint_e24 window_influence: 0.54350227053197864, penalty_k: 0.10499484190444065, scale_lr: 0.19291871377636416, EAO: 0.283
Trial 48 finished with value: 0.28258697218932066 and parameters: {'window_influence': 0.5435022705319786, 'penalty_k': 0.10499484190444065, 'scale_lr': 0.19291871377636416}. Best is trial 14 with value: 0.33890642822948414.
checkpoint_e24 window_influence: 0.51785105835478451, penalty_k: 0.00196966855145137, scale_lr: 0.28757909852180619, EAO: 0.331
Trial 49 finished with value: 0.330925483879876 and parameters: {'window_influence': 0.5178510583547845, 'penalty_k': 0.0019696685514513698, 'scale_lr': 0.2875790985218062}. Best is trial 14 with value: 0.33890642822948414.
checkpoint_e24 window_influence: 0.48339887954165589, penalty_k: 0.07272187292280337, scale_lr: 0.15761810251717842, EAO: 0.320
Trial 50 finished with value: 0.3200680946329688 and parameters: {'window_influence': 0.4833988795416559, 'penalty_k': 0.07272187292280337, 'scale_lr': 0.15761810251717842}. Best is trial 14 with value: 0.33890642822948414.
checkpoint_e24 window_influence: 0.52194944520098863, penalty_k: 0.00388004188670246, scale_lr: 0.28556932907380983, EAO: 0.350
Trial 51 finished with value: 0.349510122481951 and parameters: {'window_influence': 0.5219494452009886, 'penalty_k': 0.0038800418867024605, 'scale_lr': 0.28556932907380983}. Best is trial 51 with value: 0.349510122481951.
checkpoint_e24 window_influence: 0.56504419503029957, penalty_k: 0.02559752397870160, scale_lr: 0.33239125661117330, EAO: 0.322
Trial 52 finished with value: 0.32168502038786845 and parameters: {'window_influence': 0.5650441950302996, 'penalty_k': 0.025597523978701596, 'scale_lr': 0.3323912566111733}. Best is trial 51 with value: 0.349510122481951.
checkpoint_e24 window_influence: 0.50607914107910601, penalty_k: 0.05539012396743093, scale_lr: 0.23745878706546353, EAO: 0.317
Trial 53 finished with value: 0.3173779813927899 and parameters: {'window_influence': 0.506079141079106, 'penalty_k': 0.055390123967430926, 'scale_lr': 0.23745878706546353}. Best is trial 51 with value: 0.349510122481951.
checkpoint_e24 window_influence: 0.46451130514242855, penalty_k: 0.02044707803059805, scale_lr: 0.27098273857761168, EAO: 0.333
Trial 54 finished with value: 0.3334698437600748 and parameters: {'window_influence': 0.46451130514242855, 'penalty_k': 0.020447078030598052, 'scale_lr': 0.2709827385776117}. Best is trial 51 with value: 0.349510122481951.
checkpoint_e24 window_influence: 0.53561355140771616, penalty_k: 0.02176265344003994, scale_lr: 0.36150263984929104, EAO: 0.338
Trial 55 finished with value: 0.338439273463149 and parameters: {'window_influence': 0.5356135514077162, 'penalty_k': 0.02176265344003994, 'scale_lr': 0.36150263984929104}. Best is trial 51 with value: 0.349510122481951.
checkpoint_e24 window_influence: 0.62155211816252920, penalty_k: 0.01908799319740106, scale_lr: 0.27813141060141544, EAO: 0.245
Trial 56 finished with value: 0.24522263866918095 and parameters: {'window_influence': 0.6215521181625292, 'penalty_k': 0.01908799319740106, 'scale_lr': 0.27813141060141544}. Best is trial 51 with value: 0.349510122481951.
checkpoint_e24 window_influence: 0.52965812504896592, penalty_k: 0.01546410445362276, scale_lr: 0.31608590816127541, EAO: 0.304
Trial 57 finished with value: 0.30425086043456184 and parameters: {'window_influence': 0.5296581250489659, 'penalty_k': 0.015464104453622757, 'scale_lr': 0.3160859081612754}. Best is trial 51 with value: 0.349510122481951.
checkpoint_e24 window_influence: 0.54720119413093948, penalty_k: 0.08811932737945813, scale_lr: 0.36665787407190914, EAO: 0.306
Trial 58 finished with value: 0.3058955968006112 and parameters: {'window_influence': 0.5472011941309395, 'penalty_k': 0.08811932737945813, 'scale_lr': 0.36665787407190914}. Best is trial 51 with value: 0.349510122481951.
checkpoint_e24 window_influence: 0.49934858230620693, penalty_k: 0.00466287251551226, scale_lr: 0.26538930543473299, EAO: 0.324
Trial 59 finished with value: 0.3241924750201897 and parameters: {'window_influence': 0.49934858230620693, 'penalty_k': 0.004662872515512256, 'scale_lr': 0.265389305434733}. Best is trial 51 with value: 0.349510122481951.
checkpoint_e24 window_influence: 0.59104505196918533, penalty_k: 0.06545474070994767, scale_lr: 0.33865775648220792, EAO: 0.282
Trial 60 finished with value: 0.2815431833615099 and parameters: {'window_influence': 0.5910450519691853, 'penalty_k': 0.06545474070994767, 'scale_lr': 0.3386577564822079}. Best is trial 51 with value: 0.349510122481951.
checkpoint_e24 window_influence: 0.45860826269218075, penalty_k: 0.04129337675665197, scale_lr: 0.29806231281285162, EAO: 0.319
Trial 61 finished with value: 0.31884608043770846 and parameters: {'window_influence': 0.45860826269218075, 'penalty_k': 0.04129337675665197, 'scale_lr': 0.2980623128128516}. Best is trial 51 with value: 0.349510122481951.
checkpoint_e24 window_influence: 0.48050383651507622, penalty_k: 0.00007997233240629, scale_lr: 0.40891655471312932, EAO: 0.334
