Trial 62 finished with value: 0.3065170776171443 and parameters: {'window_influence': 0.38518376813722005, 'penalty_k': 0.2334766766142169, 'scale_lr': 0.27502743135083535}. Best is trial 53 with value: 0.326069201476843.
checkpoint_e19 window_influence: 0.42670672637065715, penalty_k: 0.26233528033483117, scale_lr: 0.16038274398183577, EAO: 0.308
Trial 63 finished with value: 0.30753086373963706 and parameters: {'window_influence': 0.42670672637065715, 'penalty_k': 0.26233528033483117, 'scale_lr': 0.16038274398183577}. Best is trial 53 with value: 0.326069201476843.
checkpoint_e19 window_influence: 0.52188216533117049, penalty_k: 0.19789794453197965, scale_lr: 0.26103402399237513, EAO: 0.302
Trial 64 finished with value: 0.3016239961877407 and parameters: {'window_influence': 0.5218821653311705, 'penalty_k': 0.19789794453197965, 'scale_lr': 0.26103402399237513}. Best is trial 53 with value: 0.326069201476843.
checkpoint_e19 window_influence: 0.49280512692526818, penalty_k: 0.13086655837395086, scale_lr: 0.21132347816474190, EAO: 0.304
Trial 65 finished with value: 0.3039492639470193 and parameters: {'window_influence': 0.4928051269252682, 'penalty_k': 0.13086655837395086, 'scale_lr': 0.2113234781647419}. Best is trial 53 with value: 0.326069201476843.
checkpoint_e19 window_influence: 0.40761469222624480, penalty_k: 0.21322170682195776, scale_lr: 0.24921549038335480, EAO: 0.303
Trial 66 finished with value: 0.30258859456281256 and parameters: {'window_influence': 0.4076146922262448, 'penalty_k': 0.21322170682195776, 'scale_lr': 0.2492154903833548}. Best is trial 53 with value: 0.326069201476843.
checkpoint_e19 window_influence: 0.36826965071518653, penalty_k: 0.11907976222178512, scale_lr: 0.24116751306685019, EAO: 0.314
Trial 67 finished with value: 0.3137089654165483 and parameters: {'window_influence': 0.3682696507151865, 'penalty_k': 0.11907976222178512, 'scale_lr': 0.2411675130668502}. Best is trial 53 with value: 0.326069201476843.
checkpoint_e19 window_influence: 0.43404610295986606, penalty_k: 0.18246725819089527, scale_lr: 0.10832612001422799, EAO: 0.326
Trial 68 finished with value: 0.32557205397795147 and parameters: {'window_influence': 0.43404610295986606, 'penalty_k': 0.18246725819089527, 'scale_lr': 0.10832612001422799}. Best is trial 53 with value: 0.326069201476843.
checkpoint_e19 window_influence: 0.42929536506782567, penalty_k: 0.18220717539531428, scale_lr: 0.11938129349937780, EAO: 0.311
Trial 69 finished with value: 0.31081382588189865 and parameters: {'window_influence': 0.4292953650678257, 'penalty_k': 0.18220717539531428, 'scale_lr': 0.1193812934993778}. Best is trial 53 with value: 0.326069201476843.
checkpoint_e19 window_influence: 0.33791177621033702, penalty_k: 0.24900183938439643, scale_lr: 0.10663933468820409, EAO: 0.301
Trial 70 finished with value: 0.30130353367050333 and parameters: {'window_influence': 0.337911776210337, 'penalty_k': 0.24900183938439643, 'scale_lr': 0.1066393346882041}. Best is trial 53 with value: 0.326069201476843.
checkpoint_e19 window_influence: 0.37777061164169501, penalty_k: 0.22214858695235451, scale_lr: 0.16665441870652167, EAO: 0.292
Trial 71 finished with value: 0.2916991101280724 and parameters: {'window_influence': 0.377770611641695, 'penalty_k': 0.2221485869523545, 'scale_lr': 0.16665441870652167}. Best is trial 53 with value: 0.326069201476843.
checkpoint_e19 window_influence: 0.46290476314222473, penalty_k: 0.19592637533481455, scale_lr: 0.29196553786191332, EAO: 0.320
Trial 72 finished with value: 0.31962762170032766 and parameters: {'window_influence': 0.46290476314222473, 'penalty_k': 0.19592637533481455, 'scale_lr': 0.2919655378619133}. Best is trial 53 with value: 0.326069201476843.
checkpoint_e19 window_influence: 0.46190402431100663, penalty_k: 0.23289746975688230, scale_lr: 0.30223664720644605, EAO: 0.337
Trial 73 finished with value: 0.3367102910340528 and parameters: {'window_influence': 0.46190402431100663, 'penalty_k': 0.2328974697568823, 'scale_lr': 0.30223664720644605}. Best is trial 73 with value: 0.3367102910340528.
checkpoint_e19 window_influence: 0.45854294156541087, penalty_k: 0.19789251652713871, scale_lr: 0.22294417917878115, EAO: 0.309
Trial 74 finished with value: 0.30931714258305293 and parameters: {'window_influence': 0.45854294156541087, 'penalty_k': 0.1978925165271387, 'scale_lr': 0.22294417917878115}. Best is trial 73 with value: 0.3367102910340528.
checkpoint_e19 window_influence: 0.40401080147309604, penalty_k: 0.26052718795979479, scale_lr: 0.28305343475265465, EAO: 0.300
Trial 75 finished with value: 0.30033953122591694 and parameters: {'window_influence': 0.40401080147309604, 'penalty_k': 0.2605271879597948, 'scale_lr': 0.28305343475265465}. Best is trial 73 with value: 0.3367102910340528.
checkpoint_e19 window_influence: 0.43336942312071641, penalty_k: 0.17990929283915374, scale_lr: 0.30027311797225431, EAO: 0.337
Trial 76 finished with value: 0.336869474514913 and parameters: {'window_influence': 0.4333694231207164, 'penalty_k': 0.17990929283915374, 'scale_lr': 0.3002731179722543}. Best is trial 76 with value: 0.336869474514913.
checkpoint_e19 window_influence: 0.43890826069791966, penalty_k: 0.23892847302225301, scale_lr: 0.29846928742854778, EAO: 0.318
Trial 77 finished with value: 0.3175055863560406 and parameters: {'window_influence': 0.43890826069791966, 'penalty_k': 0.238928473022253, 'scale_lr': 0.2984692874285478}. Best is trial 76 with value: 0.336869474514913.
checkpoint_e19 window_influence: 0.46571942661528631, penalty_k: 0.17328023454408664, scale_lr: 0.32506540510867027, EAO: 0.326
Trial 78 finished with value: 0.32584375873613913 and parameters: {'window_influence': 0.4657194266152863, 'penalty_k': 0.17328023454408664, 'scale_lr': 0.32506540510867027}. Best is trial 76 with value: 0.336869474514913.
checkpoint_e19 window_influence: 0.46766451548637417, penalty_k: 0.17403110448546874, scale_lr: 0.32915216319707885, EAO: 0.330
Trial 79 finished with value: 0.32977935984904666 and parameters: {'window_influence': 0.46766451548637417, 'penalty_k': 0.17403110448546874, 'scale_lr': 0.32915216319707885}. Best is trial 76 with value: 0.336869474514913.
checkpoint_e19 window_influence: 0.48466411737576992, penalty_k: 0.18000828520200088, scale_lr: 0.32932592289279411, EAO: 0.319
Trial 80 finished with value: 0.3192503954997786 and parameters: {'window_influence': 0.4846641173757699, 'penalty_k': 0.18000828520200088, 'scale_lr': 0.3293259228927941}. Best is trial 76 with value: 0.336869474514913.
checkpoint_e19 window_influence: 0.47185621697281693, penalty_k: 0.17822987909009552, scale_lr: 0.28803334878973780, EAO: 0.312
Trial 81 finished with value: 0.31230470480158173 and parameters: {'window_influence': 0.47185621697281693, 'penalty_k': 0.17822987909009552, 'scale_lr': 0.2880333487897378}. Best is trial 76 with value: 0.336869474514913.
checkpoint_e19 window_influence: 0.46045147390237484, penalty_k: 0.16559210756632434, scale_lr: 0.32566147898205350, EAO: 0.337
Trial 82 finished with value: 0.33720599433791315 and parameters: {'window_influence': 0.46045147390237484, 'penalty_k': 0.16559210756632434, 'scale_lr': 0.3256614789820535}. Best is trial 82 with value: 0.33720599433791315.
checkpoint_e19 window_influence: 0.44074655387795802, penalty_k: 0.15755270756007619, scale_lr: 0.32740121753969509, EAO: 0.320
Trial 83 finished with value: 0.32022175065274366 and parameters: {'window_influence': 0.440746553877958, 'penalty_k': 0.1575527075600762, 'scale_lr': 0.3274012175396951}. Best is trial 82 with value: 0.33720599433791315.
checkpoint_e19 window_influence: 0.45892698781274771, penalty_k: 0.16510265890513470, scale_lr: 0.26168884784486968, EAO: 0.307
Trial 84 finished with value: 0.30662534452597917 and parameters: {'window_influence': 0.4589269878127477, 'penalty_k': 0.1651026589051347, 'scale_lr': 0.2616888478448697}. Best is trial 82 with value: 0.33720599433791315.
checkpoint_e19 window_influence: 0.50831938629842266, penalty_k: 0.13485917713795895, scale_lr: 0.32975673874571926, EAO: 0.289
Trial 85 finished with value: 0.28884350343205123 and parameters: {'window_influence': 0.5083193862984227, 'penalty_k': 0.13485917713795895, 'scale_lr': 0.32975673874571926}. Best is trial 82 with value: 0.33720599433791315.
checkpoint_e19 window_influence: 0.48587283659538150, penalty_k: 0.10684718886059608, scale_lr: 0.35608736783820583, EAO: 0.322
Trial 86 finished with value: 0.32246190228350896 and parameters: {'window_influence': 0.4858728365953815, 'penalty_k': 0.10684718886059608, 'scale_lr': 0.3560873678382058}. Best is trial 82 with value: 0.33720599433791315.
checkpoint_e19 window_influence: 0.44369971433445171, penalty_k: 0.16960076422860881, scale_lr: 0.31072382910183982, EAO: 0.313
Trial 87 finished with value: 0.31260514827553865 and parameters: {'window_influence': 0.4436997143344517, 'penalty_k': 0.1696007642286088, 'scale_lr': 0.3107238291018398}. Best is trial 82 with value: 0.33720599433791315.
checkpoint_e19 window_influence: 0.50095542619645395, penalty_k: 0.20999152987718925, scale_lr: 0.34190975176818322, EAO: 0.301
Trial 88 finished with value: 0.3005838732195272 and parameters: {'window_influence': 0.500955426196454, 'penalty_k': 0.20999152987718925, 'scale_lr': 0.3419097517681832}. Best is trial 82 with value: 0.33720599433791315.
checkpoint_e19 window_influence: 0.39634291785051334, penalty_k: 0.22933477943204078, scale_lr: 0.37351681722734958, EAO: 0.291
Trial 89 finished with value: 0.29128275852259033 and parameters: {'window_influence': 0.39634291785051334, 'penalty_k': 0.22933477943204078, 'scale_lr': 0.3735168172273496}. Best is trial 82 with value: 0.33720599433791315.
checkpoint_e19 window_influence: 0.46647265589590009, penalty_k: 0.14284293188991623, scale_lr: 0.30144027839107995, EAO: 0.346
Trial 90 finished with value: 0.34644896371819167 and parameters: {'window_influence': 0.4664726558959001, 'penalty_k': 0.14284293188991623, 'scale_lr': 0.30144027839107995}. Best is trial 90 with value: 0.34644896371819167.
checkpoint_e19 window_influence: 0.46580654875264116, penalty_k: 0.14176263499630357, scale_lr: 0.30514964143284184, EAO: 0.323
Trial 91 finished with value: 0.32337162640771977 and parameters: {'window_influence': 0.46580654875264116, 'penalty_k': 0.14176263499630357, 'scale_lr': 0.30514964143284184}. Best is trial 90 with value: 0.34644896371819167.
checkpoint_e19 window_influence: 0.46395230026834577, penalty_k: 0.13849266696854368, scale_lr: 0.30853993806289864, EAO: 0.311
Trial 92 finished with value: 0.31055376304726656 and parameters: {'window_influence': 0.4639523002683458, 'penalty_k': 0.13849266696854368, 'scale_lr': 0.30853993806289864}. Best is trial 90 with value: 0.34644896371819167.
checkpoint_e19 window_influence: 0.45070857100326495, penalty_k: 0.17285298938201712, scale_lr: 0.27128654228853077, EAO: 0.312
Trial 93 finished with value: 0.31236360404741903 and parameters: {'window_influence': 0.45070857100326495, 'penalty_k': 0.17285298938201712, 'scale_lr': 0.2712865422885308}. Best is trial 90 with value: 0.34644896371819167.
checkpoint_e19 window_influence: 0.48726225134450590, penalty_k: 0.14393107431514221, scale_lr: 0.31682677595910863, EAO: 0.289
Trial 94 finished with value: 0.289251794031158 and parameters: {'window_influence': 0.4872622513445059, 'penalty_k': 0.1439310743151422, 'scale_lr': 0.31682677595910863}. Best is trial 90 with value: 0.34644896371819167.
checkpoint_e19 window_influence: 0.43617453982582516, penalty_k: 0.15741701125042892, scale_lr: 0.29383463209293181, EAO: 0.314
Trial 95 finished with value: 0.3142753613946039 and parameters: {'window_influence': 0.43617453982582516, 'penalty_k': 0.15741701125042892, 'scale_lr': 0.2938346320929318}. Best is trial 90 with value: 0.34644896371819167.
checkpoint_e19 window_influence: 0.52545991904797140, penalty_k: 0.11209959388873839, scale_lr: 0.34147664508578424, EAO: 0.293
Trial 96 finished with value: 0.2931544230489879 and parameters: {'window_influence': 0.5254599190479714, 'penalty_k': 0.11209959388873839, 'scale_lr': 0.34147664508578424}. Best is trial 90 with value: 0.34644896371819167.
checkpoint_e19 window_influence: 0.46043854316143878, penalty_k: 0.16673056443270606, scale_lr: 0.25910521386485530, EAO: 0.321
Trial 97 finished with value: 0.32109527759514894 and parameters: {'window_influence': 0.4604385431614388, 'penalty_k': 0.16673056443270606, 'scale_lr': 0.2591052138648553}. Best is trial 90 with value: 0.34644896371819167.
checkpoint_e19 window_influence: 0.49994846655402336, penalty_k: 0.09422270256156004, scale_lr: 0.28395952442214067, EAO: 0.317
Trial 98 finished with value: 0.3170735798341291 and parameters: {'window_influence': 0.49994846655402336, 'penalty_k': 0.09422270256156004, 'scale_lr': 0.2839595244221407}. Best is trial 90 with value: 0.34644896371819167.
checkpoint_e19 window_influence: 0.47215423843039767, penalty_k: 0.18850580277752976, scale_lr: 0.30213289864812731, EAO: 0.328
Trial 99 finished with value: 0.3281331690832799 and parameters: {'window_influence': 0.47215423843039767, 'penalty_k': 0.18850580277752976, 'scale_lr': 0.3021328986481273}. Best is trial 90 with value: 0.34644896371819167.
checkpoint_e19 window_influence: 0.41036409641565630, penalty_k: 0.18294127620198505, scale_lr: 0.37025184388695925, EAO: 0.306
Trial 100 finished with value: 0.3058315078340152 and parameters: {'window_influence': 0.4103640964156563, 'penalty_k': 0.18294127620198505, 'scale_lr': 0.37025184388695925}. Best is trial 90 with value: 0.34644896371819167.
checkpoint_e19 window_influence: 0.47322480257130151, penalty_k: 0.13102324050606451, scale_lr: 0.29996495464430767, EAO: 0.323
Trial 101 finished with value: 0.3231562210196187 and parameters: {'window_influence': 0.4732248025713015, 'penalty_k': 0.1310232405060645, 'scale_lr': 0.29996495464430767}. Best is trial 90 with value: 0.34644896371819167.
checkpoint_e19 window_influence: 0.43245313745201158, penalty_k: 0.14900902183157869, scale_lr: 0.31884551782736709, EAO: 0.327
Trial 102 finished with value: 0.3269187285626445 and parameters: {'window_influence': 0.4324531374520116, 'penalty_k': 0.1490090218315787, 'scale_lr': 0.3188455178273671}. Best is trial 90 with value: 0.34644896371819167.
checkpoint_e19 window_influence: 0.43486097227723297, penalty_k: 0.21305356447735566, scale_lr: 0.34060105201154822, EAO: 0.302
Trial 103 finished with value: 0.3022769912207637 and parameters: {'window_influence': 0.43486097227723297, 'penalty_k': 0.21305356447735566, 'scale_lr': 0.3406010520115482}. Best is trial 90 with value: 0.34644896371819167.
checkpoint_e19 window_influence: 0.45065748685181073, penalty_k: 0.18895168973536983, scale_lr: 0.31708986328977035, EAO: 0.307
Trial 104 finished with value: 0.3070665897098497 and parameters: {'window_influence': 0.45065748685181073, 'penalty_k': 0.18895168973536983, 'scale_lr': 0.31708986328977035}. Best is trial 90 with value: 0.34644896371819167.
checkpoint_e19 window_influence: 0.43234465977360409, penalty_k: 0.16135994624304215, scale_lr: 0.27483491296964674, EAO: 0.318
Trial 105 finished with value: 0.3180131532454769 and parameters: {'window_influence': 0.4323446597736041, 'penalty_k': 0.16135994624304215, 'scale_lr': 0.27483491296964674}. Best is trial 90 with value: 0.34644896371819167.
checkpoint_e19 window_influence: 0.48030731650034547, penalty_k: 0.20322960726604955, scale_lr: 0.32109489931093582, EAO: 0.326
Trial 106 finished with value: 0.3255434524456351 and parameters: {'window_influence': 0.48030731650034547, 'penalty_k': 0.20322960726604955, 'scale_lr': 0.3210948993109358}. Best is trial 90 with value: 0.34644896371819167.
checkpoint_e19 window_influence: 0.49363382754511659, penalty_k: 0.20407034635950266, scale_lr: 0.35516782499096106, EAO: 0.319
Trial 107 finished with value: 0.3193241705110565 and parameters: {'window_influence': 0.4936338275451166, 'penalty_k': 0.20407034635950266, 'scale_lr': 0.35516782499096106}. Best is trial 90 with value: 0.34644896371819167.
checkpoint_e19 window_influence: 0.51387212530385173, penalty_k: 0.18789106865168195, scale_lr: 0.39356505334691783, EAO: 0.290
Trial 108 finished with value: 0.28966911879263035 and parameters: {'window_influence': 0.5138721253038517, 'penalty_k': 0.18789106865168195, 'scale_lr': 0.3935650533469178}. Best is trial 90 with value: 0.34644896371819167.
checkpoint_e19 window_influence: 0.48098729687957953, penalty_k: 0.16942835407110707, scale_lr: 0.32366251155526932, EAO: 0.321
Trial 109 finished with value: 0.32083458769414214 and parameters: {'window_influence': 0.48098729687957953, 'penalty_k': 0.16942835407110707, 'scale_lr': 0.3236625115552693}. Best is trial 90 with value: 0.34644896371819167.
checkpoint_e19 window_influence: 0.44823152613456940, penalty_k: 0.15057592524064417, scale_lr: 0.34020142265885334, EAO: 0.310
Trial 110 finished with value: 0.3102573373206395 and parameters: {'window_influence': 0.4482315261345694, 'penalty_k': 0.15057592524064417, 'scale_lr': 0.34020142265885334}. Best is trial 90 with value: 0.34644896371819167.
checkpoint_e19 window_influence: 0.41181206578177415, penalty_k: 0.22368060869131265, scale_lr: 0.32018233211696634, EAO: 0.324
Trial 111 finished with value: 0.32408020781635777 and parameters: {'window_influence': 0.41181206578177415, 'penalty_k': 0.22368060869131265, 'scale_lr': 0.32018233211696634}. Best is trial 90 with value: 0.34644896371819167.
checkpoint_e19 window_influence: 0.47906668839336897, penalty_k: 0.20836154197013135, scale_lr: 0.29840150189226727, EAO: 0.316
Trial 112 finished with value: 0.3157291001846818 and parameters: {'window_influence': 0.47906668839336897, 'penalty_k': 0.20836154197013135, 'scale_lr': 0.2984015018922673}. Best is trial 90 with value: 0.34644896371819167.
checkpoint_e19 window_influence: 0.46650402766250199, penalty_k: 0.18663518272344398, scale_lr: 0.25422348904651920, EAO: 0.345
Trial 113 finished with value: 0.34525160775574265 and parameters: {'window_influence': 0.466504027662502, 'penalty_k': 0.18663518272344398, 'scale_lr': 0.2542234890465192}. Best is trial 90 with value: 0.34644896371819167.
checkpoint_e19 window_influence: 0.46846688869904263, penalty_k: 0.18813156991058758, scale_lr: 0.27936598948149061, EAO: 0.324
Trial 114 finished with value: 0.3243452129660877 and parameters: {'window_influence': 0.4684668886990426, 'penalty_k': 0.18813156991058758, 'scale_lr': 0.2793659894814906}. Best is trial 90 with value: 0.34644896371819167.
checkpoint_e19 window_influence: 0.49851762762784779, penalty_k: 0.17996161244539383, scale_lr: 0.25580290857180304, EAO: 0.294
Trial 115 finished with value: 0.2942692450164357 and parameters: {'window_influence': 0.4985176276278478, 'penalty_k': 0.17996161244539383, 'scale_lr': 0.25580290857180304}. Best is trial 90 with value: 0.34644896371819167.
checkpoint_e19 window_influence: 0.44559643150461586, penalty_k: 0.20516056149182463, scale_lr: 0.25003311948220874, EAO: 0.322
Trial 116 finished with value: 0.32168495440529477 and parameters: {'window_influence': 0.44559643150461586, 'penalty_k': 0.20516056149182463, 'scale_lr': 0.25003311948220874}. Best is trial 90 with value: 0.34644896371819167.
checkpoint_e19 window_influence: 0.45394033667863987, penalty_k: 0.12264388190620137, scale_lr: 0.28739206906306025, EAO: 0.337
Trial 117 finished with value: 0.33742972315517383 and parameters: {'window_influence': 0.45394033667863987, 'penalty_k': 0.12264388190620137, 'scale_lr': 0.28739206906306025}. Best is trial 90 with value: 0.34644896371819167.
checkpoint_e19 window_influence: 0.43605952657532682, penalty_k: 0.12631829379783413, scale_lr: 0.21348195909845180, EAO: 0.324
Trial 118 finished with value: 0.3237055126099271 and parameters: {'window_influence': 0.4360595265753268, 'penalty_k': 0.12631829379783413, 'scale_lr': 0.2134819590984518}. Best is trial 90 with value: 0.34644896371819167.
checkpoint_e19 window_influence: 0.46025895769230807, penalty_k: 0.14870350798676563, scale_lr: 0.27120182756370065, EAO: 0.331
Trial 119 finished with value: 0.3307178873380334 and parameters: {'window_influence': 0.46025895769230807, 'penalty_k': 0.14870350798676563, 'scale_lr': 0.27120182756370065}. Best is trial 90 with value: 0.34644896371819167.
checkpoint_e19 window_influence: 0.45957576502373182, penalty_k: 0.14674056165047070, scale_lr: 0.27069293605069056, EAO: 0.342
Trial 120 finished with value: 0.34163116492649925 and parameters: {'window_influence': 0.4595757650237318, 'penalty_k': 0.1467405616504707, 'scale_lr': 0.27069293605069056}. Best is trial 90 with value: 0.34644896371819167.
checkpoint_e19 window_influence: 0.45611900908479303, penalty_k: 0.14094880152459804, scale_lr: 0.26642612641287367, EAO: 0.332
Trial 121 finished with value: 0.33211188360410904 and parameters: {'window_influence': 0.456119009084793, 'penalty_k': 0.14094880152459804, 'scale_lr': 0.26642612641287367}. Best is trial 90 with value: 0.34644896371819167.
checkpoint_e19 window_influence: 0.45346105503940143, penalty_k: 0.12214058240088639, scale_lr: 0.27200060427091360, EAO: 0.331
Trial 122 finished with value: 0.3312772036990303 and parameters: {'window_influence': 0.45346105503940143, 'penalty_k': 0.12214058240088639, 'scale_lr': 0.2720006042709136}. Best is trial 90 with value: 0.34644896371819167.
checkpoint_e19 window_influence: 0.45548033374268532, penalty_k: 0.12149832382666095, scale_lr: 0.26723384716395310, EAO: 0.323
Trial 123 finished with value: 0.3230758831774678 and parameters: {'window_influence': 0.4554803337426853, 'penalty_k': 0.12149832382666095, 'scale_lr': 0.2672338471639531}. Best is trial 90 with value: 0.34644896371819167.
checkpoint_e19 window_influence: 0.48917160222722539, penalty_k: 0.14617562027261805, scale_lr: 0.28053793341528710, EAO: 0.309
