Trial 434 finished with value: 0.28829010486138934 and parameters: {'window_influence': 0.3446693281708815, 'penalty_k': 0.08815337780405381, 'scale_lr': 0.35379937464145345}. Best is trial 97 with value: 0.3587390516054769.
checkpoint_e22 window_influence: 0.44866092128185026, penalty_k: 0.07269448634990515, scale_lr: 0.29087770265761936, EAO: 0.330
Trial 435 finished with value: 0.32983181657494276 and parameters: {'window_influence': 0.44866092128185026, 'penalty_k': 0.07269448634990515, 'scale_lr': 0.29087770265761936}. Best is trial 97 with value: 0.3587390516054769.
checkpoint_e22 window_influence: 0.38446347024955763, penalty_k: 0.11048664666273893, scale_lr: 0.52433911584011761, EAO: 0.308
Trial 436 finished with value: 0.3082602698979211 and parameters: {'window_influence': 0.3844634702495576, 'penalty_k': 0.11048664666273893, 'scale_lr': 0.5243391158401176}. Best is trial 97 with value: 0.3587390516054769.
checkpoint_e22 window_influence: 0.42208289203644100, penalty_k: 0.03214988141825086, scale_lr: 0.37596220423160420, EAO: 0.307
Trial 437 finished with value: 0.306865173265164 and parameters: {'window_influence': 0.422082892036441, 'penalty_k': 0.032149881418250856, 'scale_lr': 0.3759622042316042}. Best is trial 97 with value: 0.3587390516054769.
checkpoint_e22 window_influence: 0.34102613998674197, penalty_k: 0.18053444673897834, scale_lr: 0.19423612007073721, EAO: 0.287
Trial 438 finished with value: 0.28707897895041146 and parameters: {'window_influence': 0.34102613998674197, 'penalty_k': 0.18053444673897834, 'scale_lr': 0.1942361200707372}. Best is trial 97 with value: 0.3587390516054769.
checkpoint_e22 window_influence: 0.58200426588714427, penalty_k: 0.42790124051722966, scale_lr: 0.31273674043903876, EAO: 0.241
Trial 439 finished with value: 0.240734472291015 and parameters: {'window_influence': 0.5820042658871443, 'penalty_k': 0.42790124051722966, 'scale_lr': 0.31273674043903876}. Best is trial 97 with value: 0.3587390516054769.
checkpoint_e22 window_influence: 0.28630538590497540, penalty_k: 0.58945215901948211, scale_lr: 0.17292171685991597, EAO: 0.273
Trial 440 finished with value: 0.27285203766730043 and parameters: {'window_influence': 0.2863053859049754, 'penalty_k': 0.5894521590194821, 'scale_lr': 0.17292171685991597}. Best is trial 97 with value: 0.3587390516054769.
checkpoint_e22 window_influence: 0.46594727646236012, penalty_k: 0.13992149093924638, scale_lr: 0.34185790549244000, EAO: 0.341
Trial 441 finished with value: 0.3411671317505002 and parameters: {'window_influence': 0.4659472764623601, 'penalty_k': 0.13992149093924638, 'scale_lr': 0.34185790549244}. Best is trial 97 with value: 0.3587390516054769.
checkpoint_e22 window_influence: 0.41515895460773633, penalty_k: 0.10099002874403397, scale_lr: 0.32778483556901949, EAO: 0.311
Trial 442 finished with value: 0.31086200035035844 and parameters: {'window_influence': 0.41515895460773633, 'penalty_k': 0.10099002874403397, 'scale_lr': 0.3277848355690195}. Best is trial 97 with value: 0.3587390516054769.
checkpoint_e22 window_influence: 0.45473586746036554, penalty_k: 0.12470985905508397, scale_lr: 0.48098251709112572, EAO: 0.305
Trial 443 finished with value: 0.30543559459164915 and parameters: {'window_influence': 0.45473586746036554, 'penalty_k': 0.12470985905508397, 'scale_lr': 0.4809825170911257}. Best is trial 97 with value: 0.3587390516054769.
checkpoint_e22 window_influence: 0.46897027883330866, penalty_k: 0.05617817182404236, scale_lr: 0.27867463289026234, EAO: 0.345
Trial 444 finished with value: 0.3448176162484091 and parameters: {'window_influence': 0.46897027883330866, 'penalty_k': 0.05617817182404236, 'scale_lr': 0.27867463289026234}. Best is trial 97 with value: 0.3587390516054769.
checkpoint_e22 window_influence: 0.09632812209390162, penalty_k: 0.28333928993003155, scale_lr: 0.49420622965233274, EAO: 0.247
Trial 445 finished with value: 0.24658963066826534 and parameters: {'window_influence': 0.09632812209390162, 'penalty_k': 0.28333928993003155, 'scale_lr': 0.49420622965233274}. Best is trial 97 with value: 0.3587390516054769.
checkpoint_e22 window_influence: 0.47359064005401164, penalty_k: 0.03292437386983449, scale_lr: 0.28322412475985326, EAO: 0.318
Trial 446 finished with value: 0.3178365102421913 and parameters: {'window_influence': 0.47359064005401164, 'penalty_k': 0.03292437386983449, 'scale_lr': 0.28322412475985326}. Best is trial 97 with value: 0.3587390516054769.
checkpoint_e22 window_influence: 0.47620662495020155, penalty_k: 0.05206719691932803, scale_lr: 0.30151926184800637, EAO: 0.324
Trial 447 finished with value: 0.32386299521310785 and parameters: {'window_influence': 0.47620662495020155, 'penalty_k': 0.052067196919328027, 'scale_lr': 0.30151926184800637}. Best is trial 97 with value: 0.3587390516054769.
checkpoint_e22 window_influence: 0.51711323317792413, penalty_k: 0.25313167494426031, scale_lr: 0.46244242510352879, EAO: 0.308
Trial 448 finished with value: 0.30800532755452836 and parameters: {'window_influence': 0.5171132331779241, 'penalty_k': 0.2531316749442603, 'scale_lr': 0.4624424251035288}. Best is trial 97 with value: 0.3587390516054769.
checkpoint_e22 window_influence: 0.46495421497323558, penalty_k: 0.06083089474667418, scale_lr: 0.39291844680180998, EAO: 0.348
Trial 449 finished with value: 0.3483930384370603 and parameters: {'window_influence': 0.4649542149732356, 'penalty_k': 0.060830894746674184, 'scale_lr': 0.39291844680181}. Best is trial 97 with value: 0.3587390516054769.
checkpoint_e22 window_influence: 0.49666963814183684, penalty_k: 0.05523813272892461, scale_lr: 0.40517509581548267, EAO: 0.304
Trial 450 finished with value: 0.3038481161404213 and parameters: {'window_influence': 0.49666963814183684, 'penalty_k': 0.05523813272892461, 'scale_lr': 0.40517509581548267}. Best is trial 97 with value: 0.3587390516054769.
checkpoint_e22 window_influence: 0.46598918119534216, penalty_k: 0.04268990902328901, scale_lr: 0.42588993346423409, EAO: 0.327
Trial 451 finished with value: 0.3274315943513863 and parameters: {'window_influence': 0.46598918119534216, 'penalty_k': 0.04268990902328901, 'scale_lr': 0.4258899334642341}. Best is trial 97 with value: 0.3587390516054769.
checkpoint_e22 window_influence: 0.53886625246486852, penalty_k: 0.06290724903116493, scale_lr: 0.38413321102989889, EAO: 0.303
Trial 452 finished with value: 0.30257796644004864 and parameters: {'window_influence': 0.5388662524648685, 'penalty_k': 0.06290724903116493, 'scale_lr': 0.3841332110298989}. Best is trial 97 with value: 0.3587390516054769.
checkpoint_e22 window_influence: 0.47777924945333528, penalty_k: 0.06328227223579930, scale_lr: 0.36931494101352152, EAO: 0.351
Trial 453 finished with value: 0.35052379652683835 and parameters: {'window_influence': 0.4777792494533353, 'penalty_k': 0.0632822722357993, 'scale_lr': 0.3693149410135215}. Best is trial 97 with value: 0.3587390516054769.
checkpoint_e22 window_influence: 0.48008055511358760, penalty_k: 0.06599001735848982, scale_lr: 0.36793198587633713, EAO: 0.338
Trial 454 finished with value: 0.338333525894217 and parameters: {'window_influence': 0.4800805551135876, 'penalty_k': 0.06599001735848982, 'scale_lr': 0.36793198587633713}. Best is trial 97 with value: 0.3587390516054769.
checkpoint_e22 window_influence: 0.49468971664999400, penalty_k: 0.05908689575713332, scale_lr: 0.40428665179549017, EAO: 0.327
Trial 455 finished with value: 0.3267012018753861 and parameters: {'window_influence': 0.494689716649994, 'penalty_k': 0.05908689575713332, 'scale_lr': 0.40428665179549017}. Best is trial 97 with value: 0.3587390516054769.
checkpoint_e22 window_influence: 0.50802473067925347, penalty_k: 0.03514192414637229, scale_lr: 0.35987863877160570, EAO: 0.327
Trial 456 finished with value: 0.32713820196775145 and parameters: {'window_influence': 0.5080247306792535, 'penalty_k': 0.035141924146372294, 'scale_lr': 0.3598786387716057}. Best is trial 97 with value: 0.3587390516054769.
checkpoint_e22 window_influence: 0.48305856402369740, penalty_k: 0.05344524461052327, scale_lr: 0.38591403763401644, EAO: 0.333
Trial 457 finished with value: 0.3329707389907614 and parameters: {'window_influence': 0.4830585640236974, 'penalty_k': 0.053445244610523274, 'scale_lr': 0.38591403763401644}. Best is trial 97 with value: 0.3587390516054769.
checkpoint_e22 window_influence: 0.35709346657794577, penalty_k: 0.07231212020094543, scale_lr: 0.37276508340053210, EAO: 0.311
Trial 458 finished with value: 0.31076128554715254 and parameters: {'window_influence': 0.3570934665779458, 'penalty_k': 0.07231212020094543, 'scale_lr': 0.3727650834005321}. Best is trial 97 with value: 0.3587390516054769.
checkpoint_e22 window_influence: 0.47058872176355321, penalty_k: 0.06800762241891831, scale_lr: 0.35229026879478970, EAO: 0.323
Trial 459 finished with value: 0.3231205195768334 and parameters: {'window_influence': 0.4705887217635532, 'penalty_k': 0.0680076224189183, 'scale_lr': 0.3522902687947897}. Best is trial 97 with value: 0.3587390516054769.
checkpoint_e22 window_influence: 0.48796984470662985, penalty_k: 0.08372168645860387, scale_lr: 0.39306310208909873, EAO: 0.323
Trial 460 finished with value: 0.32263455728380597 and parameters: {'window_influence': 0.48796984470662985, 'penalty_k': 0.08372168645860387, 'scale_lr': 0.3930631020890987}. Best is trial 97 with value: 0.3587390516054769.
checkpoint_e22 window_influence: 0.46556951720848921, penalty_k: 0.49776099718211381, scale_lr: 0.34133308830417647, EAO: 0.296
Trial 461 finished with value: 0.296003695475916 and parameters: {'window_influence': 0.4655695172084892, 'penalty_k': 0.4977609971821138, 'scale_lr': 0.34133308830417647}. Best is trial 97 with value: 0.3587390516054769.
checkpoint_e22 window_influence: 0.50092221749687926, penalty_k: 0.04971292469256654, scale_lr: 0.36941024251376903, EAO: 0.321
Trial 462 finished with value: 0.32085459398156474 and parameters: {'window_influence': 0.5009222174968793, 'penalty_k': 0.04971292469256654, 'scale_lr': 0.369410242513769}. Best is trial 97 with value: 0.3587390516054769.
checkpoint_e22 window_influence: 0.48051786430170157, penalty_k: 0.07727038588866222, scale_lr: 0.41284478244641026, EAO: 0.327
Trial 463 finished with value: 0.32717183841109737 and parameters: {'window_influence': 0.48051786430170157, 'penalty_k': 0.07727038588866222, 'scale_lr': 0.41284478244641026}. Best is trial 97 with value: 0.3587390516054769.
checkpoint_e22 window_influence: 0.45708823719122443, penalty_k: 0.01945290330642323, scale_lr: 0.39304102816109199, EAO: 0.304
Trial 464 finished with value: 0.30382064245786183 and parameters: {'window_influence': 0.45708823719122443, 'penalty_k': 0.019452903306423228, 'scale_lr': 0.393041028161092}. Best is trial 97 with value: 0.3587390516054769.
checkpoint_e22 window_influence: 0.55175138163410864, penalty_k: 0.03742983000542447, scale_lr: 0.31944316631006192, EAO: 0.304
Trial 465 finished with value: 0.3037327685128854 and parameters: {'window_influence': 0.5517513816341086, 'penalty_k': 0.03742983000542447, 'scale_lr': 0.3194431663100619}. Best is trial 97 with value: 0.3587390516054769.
checkpoint_e22 window_influence: 0.32432377365583342, penalty_k: 0.08018825455574914, scale_lr: 0.35893140810279722, EAO: 0.292
Trial 466 finished with value: 0.29202779686868424 and parameters: {'window_influence': 0.3243237736558334, 'penalty_k': 0.08018825455574914, 'scale_lr': 0.3589314081027972}. Best is trial 97 with value: 0.3587390516054769.
checkpoint_e22 window_influence: 0.59003417702485761, penalty_k: 0.06293658665566799, scale_lr: 0.33431560720247072, EAO: 0.274
Trial 467 finished with value: 0.27382206192044434 and parameters: {'window_influence': 0.5900341770248576, 'penalty_k': 0.062936586655668, 'scale_lr': 0.3343156072024707}. Best is trial 97 with value: 0.3587390516054769.
checkpoint_e22 window_influence: 0.47129236092392629, penalty_k: 0.08987917675358008, scale_lr: 0.15332248902857176, EAO: 0.313
Trial 468 finished with value: 0.31302536473200016 and parameters: {'window_influence': 0.4712923609239263, 'penalty_k': 0.08987917675358008, 'scale_lr': 0.15332248902857176}. Best is trial 97 with value: 0.3587390516054769.
checkpoint_e22 window_influence: 0.24889444855264914, penalty_k: 0.47368252303800190, scale_lr: 0.34774440882501573, EAO: 0.267
Trial 469 finished with value: 0.26706682742801624 and parameters: {'window_influence': 0.24889444855264914, 'penalty_k': 0.4736825230380019, 'scale_lr': 0.3477444088250157}. Best is trial 97 with value: 0.3587390516054769.
checkpoint_e22 window_influence: 0.31146189145912156, penalty_k: 0.04407522524365544, scale_lr: 0.37217606949500076, EAO: 0.297
Trial 470 finished with value: 0.2967245007651325 and parameters: {'window_influence': 0.31146189145912156, 'penalty_k': 0.04407522524365544, 'scale_lr': 0.37217606949500076}. Best is trial 97 with value: 0.3587390516054769.
checkpoint_e22 window_influence: 0.59998601252397576, penalty_k: 0.33561074053384088, scale_lr: 0.14517582391857226, EAO: 0.240
Trial 471 finished with value: 0.24010554373496237 and parameters: {'window_influence': 0.5999860125239758, 'penalty_k': 0.3356107405338409, 'scale_lr': 0.14517582391857226}. Best is trial 97 with value: 0.3587390516054769.
checkpoint_e22 window_influence: 0.28211954436512987, penalty_k: 0.00722022074380577, scale_lr: 0.44473628546731442, EAO: 0.293
Trial 472 finished with value: 0.29348780064035485 and parameters: {'window_influence': 0.28211954436512987, 'penalty_k': 0.007220220743805773, 'scale_lr': 0.4447362854673144}. Best is trial 97 with value: 0.3587390516054769.
checkpoint_e22 window_influence: 0.51933346837496308, penalty_k: 0.07309944383791697, scale_lr: 0.32138677670255106, EAO: 0.315
Trial 473 finished with value: 0.31519543933265404 and parameters: {'window_influence': 0.5193334683749631, 'penalty_k': 0.07309944383791697, 'scale_lr': 0.32138677670255106}. Best is trial 97 with value: 0.3587390516054769.
checkpoint_e22 window_influence: 0.34687467407973338, penalty_k: 0.51975898929524056, scale_lr: 0.35880456379060671, EAO: 0.276
Trial 474 finished with value: 0.27604608829151334 and parameters: {'window_influence': 0.3468746740797334, 'penalty_k': 0.5197589892952406, 'scale_lr': 0.3588045637906067}. Best is trial 97 with value: 0.3587390516054769.
checkpoint_e22 window_influence: 0.48900628098970150, penalty_k: 0.30677933939603763, scale_lr: 0.38381556747546219, EAO: 0.299
Trial 475 finished with value: 0.2992762526069634 and parameters: {'window_influence': 0.4890062809897015, 'penalty_k': 0.30677933939603763, 'scale_lr': 0.3838155674754622}. Best is trial 97 with value: 0.3587390516054769.
checkpoint_e22 window_influence: 0.40501942735803032, penalty_k: 0.09551161787238516, scale_lr: 0.10852592782443773, EAO: 0.329
Trial 476 finished with value: 0.32880674082249517 and parameters: {'window_influence': 0.4050194273580303, 'penalty_k': 0.09551161787238516, 'scale_lr': 0.10852592782443773}. Best is trial 97 with value: 0.3587390516054769.
checkpoint_e22 window_influence: 0.23677613065866551, penalty_k: 0.37090961870124584, scale_lr: 0.33446803229575367, EAO: 0.272
Trial 477 finished with value: 0.27240711120084105 and parameters: {'window_influence': 0.2367761306586655, 'penalty_k': 0.37090961870124584, 'scale_lr': 0.33446803229575367}. Best is trial 97 with value: 0.3587390516054769.
checkpoint_e22 window_influence: 0.45466056500696928, penalty_k: 0.08285434991790039, scale_lr: 0.31002397724949260, EAO: 0.327
Trial 478 finished with value: 0.32733250191935304 and parameters: {'window_influence': 0.4546605650069693, 'penalty_k': 0.08285434991790039, 'scale_lr': 0.3100239772494926}. Best is trial 97 with value: 0.3587390516054769.
checkpoint_e22 window_influence: 0.47677869170209752, penalty_k: 0.40397519442432228, scale_lr: 0.18742748423790184, EAO: 0.276
Trial 479 finished with value: 0.2757290141359841 and parameters: {'window_influence': 0.4767786917020975, 'penalty_k': 0.4039751944243223, 'scale_lr': 0.18742748423790184}. Best is trial 97 with value: 0.3587390516054769.
checkpoint_e22 window_influence: 0.50493447517156775, penalty_k: 0.06056533709986021, scale_lr: 0.34523547582281555, EAO: 0.329
Trial 480 finished with value: 0.32879251090932915 and parameters: {'window_influence': 0.5049344751715678, 'penalty_k': 0.060565337099860214, 'scale_lr': 0.34523547582281555}. Best is trial 97 with value: 0.3587390516054769.
checkpoint_e22 window_influence: 0.55146828334753251, penalty_k: 0.09228131996380397, scale_lr: 0.29467293011055734, EAO: 0.291
Trial 481 finished with value: 0.290776153946665 and parameters: {'window_influence': 0.5514682833475325, 'penalty_k': 0.09228131996380397, 'scale_lr': 0.29467293011055734}. Best is trial 97 with value: 0.3587390516054769.
checkpoint_e22 window_influence: 0.46686671655499451, penalty_k: 0.07359120990095216, scale_lr: 0.40102338473837074, EAO: 0.321
Trial 482 finished with value: 0.3207046350152576 and parameters: {'window_influence': 0.4668667165549945, 'penalty_k': 0.07359120990095216, 'scale_lr': 0.40102338473837074}. Best is trial 97 with value: 0.3587390516054769.
checkpoint_e22 window_influence: 0.44561366219374682, penalty_k: 0.16898174847397940, scale_lr: 0.42729966349812476, EAO: 0.321
Trial 483 finished with value: 0.3209567312948435 and parameters: {'window_influence': 0.4456136621937468, 'penalty_k': 0.1689817484739794, 'scale_lr': 0.42729966349812476}. Best is trial 97 with value: 0.3587390516054769.
checkpoint_e22 window_influence: 0.49389138513456032, penalty_k: 0.04631059354192921, scale_lr: 0.31966754928530555, EAO: 0.320
Trial 484 finished with value: 0.31984816526392557 and parameters: {'window_influence': 0.4938913851345603, 'penalty_k': 0.04631059354192921, 'scale_lr': 0.31966754928530555}. Best is trial 97 with value: 0.3587390516054769.
checkpoint_e22 window_influence: 0.45505520467103572, penalty_k: 0.38529374306018960, scale_lr: 0.21341229256933561, EAO: 0.292
Trial 485 finished with value: 0.29197861219426535 and parameters: {'window_influence': 0.4550552046710357, 'penalty_k': 0.3852937430601896, 'scale_lr': 0.2134122925693356}. Best is trial 97 with value: 0.3587390516054769.
checkpoint_e22 window_influence: 0.56590778330511826, penalty_k: 0.35055514569770435, scale_lr: 0.37429479146152156, EAO: 0.267
Trial 486 finished with value: 0.2667239528685692 and parameters: {'window_influence': 0.5659077833051183, 'penalty_k': 0.35055514569770435, 'scale_lr': 0.37429479146152156}. Best is trial 97 with value: 0.3587390516054769.
checkpoint_e22 window_influence: 0.48099421072965065, penalty_k: 0.41261855526931351, scale_lr: 0.13078671568240549, EAO: 0.296
Trial 487 finished with value: 0.2959587381507636 and parameters: {'window_influence': 0.48099421072965065, 'penalty_k': 0.4126185552693135, 'scale_lr': 0.1307867156824055}. Best is trial 97 with value: 0.3587390516054769.
checkpoint_e22 window_influence: 0.37890625171986519, penalty_k: 0.26619615747230596, scale_lr: 0.57502051593311199, EAO: 0.304
Trial 488 finished with value: 0.30385704048644707 and parameters: {'window_influence': 0.3789062517198652, 'penalty_k': 0.26619615747230596, 'scale_lr': 0.575020515933112}. Best is trial 97 with value: 0.3587390516054769.
checkpoint_e22 window_influence: 0.18512154357071159, penalty_k: 0.32148471651071941, scale_lr: 0.65215863573610910, EAO: 0.272
Trial 489 finished with value: 0.2716422775608092 and parameters: {'window_influence': 0.1851215435707116, 'penalty_k': 0.3214847165107194, 'scale_lr': 0.6521586357361091}. Best is trial 97 with value: 0.3587390516054769.
checkpoint_e22 window_influence: 0.31795067240039121, penalty_k: 0.20336622620280131, scale_lr: 0.11880441272217118, EAO: 0.296
Trial 490 finished with value: 0.2959974616302127 and parameters: {'window_influence': 0.3179506724003912, 'penalty_k': 0.20336622620280131, 'scale_lr': 0.11880441272217118}. Best is trial 97 with value: 0.3587390516054769.
checkpoint_e22 window_influence: 0.46441799592040378, penalty_k: 0.45012334056939252, scale_lr: 0.49543977075256351, EAO: 0.321
Trial 491 finished with value: 0.32081815409057335 and parameters: {'window_influence': 0.4644179959204038, 'penalty_k': 0.4501233405693925, 'scale_lr': 0.4954397707525635}. Best is trial 97 with value: 0.3587390516054769.
checkpoint_e22 window_influence: 0.37619738859737073, penalty_k: 0.47849840192079435, scale_lr: 0.30109660791235093, EAO: 0.294
Trial 492 finished with value: 0.29417161747871207 and parameters: {'window_influence': 0.37619738859737073, 'penalty_k': 0.47849840192079435, 'scale_lr': 0.30109660791235093}. Best is trial 97 with value: 0.3587390516054769.
checkpoint_e22 window_influence: 0.43524049945146609, penalty_k: 0.43071443306325718, scale_lr: 0.35877129728300805, EAO: 0.302
Trial 493 finished with value: 0.30215964666368433 and parameters: {'window_influence': 0.4352404994514661, 'penalty_k': 0.4307144330632572, 'scale_lr': 0.35877129728300805}. Best is trial 97 with value: 0.3587390516054769.
checkpoint_e22 window_influence: 0.47290343558040060, penalty_k: 0.10733436859758215, scale_lr: 0.34027510097208691, EAO: 0.331
Trial 494 finished with value: 0.33092301921621836 and parameters: {'window_influence': 0.4729034355804006, 'penalty_k': 0.10733436859758215, 'scale_lr': 0.3402751009720869}. Best is trial 97 with value: 0.3587390516054769.
checkpoint_e22 window_influence: 0.51303973242976242, penalty_k: 0.09310595804561861, scale_lr: 0.33046764014505525, EAO: 0.312
Trial 495 finished with value: 0.3119916390004325 and parameters: {'window_influence': 0.5130397324297624, 'penalty_k': 0.09310595804561861, 'scale_lr': 0.33046764014505525}. Best is trial 97 with value: 0.3587390516054769.
checkpoint_e22 window_influence: 0.49586770937833741, penalty_k: 0.08388548646084221, scale_lr: 0.39440626854543021, EAO: 0.307
