A new study created in memory with name: no-name-393876d4-60eb-4523-986a-765ad1fb314b
Trial 0 failed with parameters: {'window_influence': 0.3017914951897025, 'penalty_k': 0.11344253603291415, 'scale_lr': 0.6477990967364405} because of the following error: KeyboardInterrupt().
Traceback (most recent call last):
  File "/home/n26092289/anaconda3/envs/my_siamban/lib/python3.7/site-packages/optuna/study/_optimize.py", line 200, in _run_trial
    value_or_values = func(trial)
  File "../../tools/tune.py", line 269, in objective
    outputs = tracker.track(img)
  File "../../tools/tune.py", line 125, in track
    outputs = self.model.track(x_crop)
  File "/home/n26092289/multi_task/siamban-master/siamban/models/model_builder.py", line 97, in track
    cls, loc, mask = self.head(self.zf, xf)
  File "/home/n26092289/anaconda3/envs/my_siamban/lib/python3.7/site-packages/torch/nn/modules/module.py", line 1110, in _call_impl
    return forward_call(*input, **kwargs)
  File "/home/n26092289/multi_task/siamban-master/siamban/models/head/ban.py", line 125, in forward
    c, l, m = box(z_f, x_f)
  File "/home/n26092289/anaconda3/envs/my_siamban/lib/python3.7/site-packages/torch/nn/modules/module.py", line 1110, in _call_impl
    return forward_call(*input, **kwargs)
  File "/home/n26092289/multi_task/siamban-master/siamban/models/head/ban.py", line 95, in forward
    mask = self.mask(z_f, x_f)
  File "/home/n26092289/anaconda3/envs/my_siamban/lib/python3.7/site-packages/torch/nn/modules/module.py", line 1110, in _call_impl
    return forward_call(*input, **kwargs)
  File "/home/n26092289/multi_task/siamban-master/siamban/models/head/ban.py", line 73, in forward
    kernel = self.conv_kernel(kernel)
  File "/home/n26092289/anaconda3/envs/my_siamban/lib/python3.7/site-packages/torch/nn/modules/module.py", line 1110, in _call_impl
    return forward_call(*input, **kwargs)
  File "/home/n26092289/anaconda3/envs/my_siamban/lib/python3.7/site-packages/torch/nn/modules/container.py", line 141, in forward
    input = module(input)
  File "/home/n26092289/anaconda3/envs/my_siamban/lib/python3.7/site-packages/torch/nn/modules/module.py", line 1110, in _call_impl
    return forward_call(*input, **kwargs)
  File "/home/n26092289/anaconda3/envs/my_siamban/lib/python3.7/site-packages/torch/nn/modules/activation.py", line 98, in forward
    return F.relu(input, inplace=self.inplace)
  File "/home/n26092289/anaconda3/envs/my_siamban/lib/python3.7/site-packages/torch/nn/functional.py", line 1440, in relu
    result = torch.relu_(input)
KeyboardInterrupt
Trial 0 failed with value None.
A new study created in memory with name: no-name-c5abf6e6-e6fd-4003-adf6-8fac91b4a7ba
checkpoint_e13 window_influence: 0.16829020809034864, penalty_k: 0.13146957855181721, scale_lr: 0.13924381349245549, EAO: 0.275
Trial 0 finished with value: 0.27549678754017976 and parameters: {'window_influence': 0.16829020809034864, 'penalty_k': 0.1314695785518172, 'scale_lr': 0.1392438134924555}. Best is trial 0 with value: 0.27549678754017976.
checkpoint_e13 window_influence: 0.35672517567723039, penalty_k: 0.29833573099846261, scale_lr: 0.63653900104079153, EAO: 0.330
Trial 1 finished with value: 0.3301423221014817 and parameters: {'window_influence': 0.3567251756772304, 'penalty_k': 0.2983357309984626, 'scale_lr': 0.6365390010407915}. Best is trial 1 with value: 0.3301423221014817.
checkpoint_e13 window_influence: 0.15708494873640738, penalty_k: 0.36542852520399577, scale_lr: 0.28467640944531658, EAO: 0.266
Trial 2 finished with value: 0.26618409098818147 and parameters: {'window_influence': 0.15708494873640738, 'penalty_k': 0.36542852520399577, 'scale_lr': 0.2846764094453166}. Best is trial 1 with value: 0.3301423221014817.
checkpoint_e13 window_influence: 0.43764363061972111, penalty_k: 0.26470594411393455, scale_lr: 0.78595378756968504, EAO: 0.320
Trial 3 finished with value: 0.32019149828049925 and parameters: {'window_influence': 0.4376436306197211, 'penalty_k': 0.26470594411393455, 'scale_lr': 0.785953787569685}. Best is trial 1 with value: 0.3301423221014817.
checkpoint_e13 window_influence: 0.29838760566665323, penalty_k: 0.34196291986498051, scale_lr: 0.75207711852239534, EAO: 0.297
Trial 4 finished with value: 0.2966446721136338 and parameters: {'window_influence': 0.29838760566665323, 'penalty_k': 0.3419629198649805, 'scale_lr': 0.7520771185223953}. Best is trial 1 with value: 0.3301423221014817.
checkpoint_e13 window_influence: 0.50232275183095887, penalty_k: 0.24984933392032205, scale_lr: 0.19115767996212688, EAO: 0.316
Trial 5 finished with value: 0.3162942415081573 and parameters: {'window_influence': 0.5023227518309589, 'penalty_k': 0.24984933392032205, 'scale_lr': 0.19115767996212688}. Best is trial 1 with value: 0.3301423221014817.
checkpoint_e13 window_influence: 0.12809148147248808, penalty_k: 0.29458169294189157, scale_lr: 0.22283417597976340, EAO: 0.249
Trial 6 finished with value: 0.24902719299848905 and parameters: {'window_influence': 0.12809148147248808, 'penalty_k': 0.29458169294189157, 'scale_lr': 0.2228341759797634}. Best is trial 1 with value: 0.3301423221014817.
checkpoint_e13 window_influence: 0.58794850408073374, penalty_k: 0.04806289770230547, scale_lr: 0.79156298759070420, EAO: 0.274
Trial 7 finished with value: 0.2741217472325967 and parameters: {'window_influence': 0.5879485040807337, 'penalty_k': 0.04806289770230547, 'scale_lr': 0.7915629875907042}. Best is trial 1 with value: 0.3301423221014817.
checkpoint_e13 window_influence: 0.58022167869458030, penalty_k: 0.39752234544082860, scale_lr: 0.61216719296038791, EAO: 0.261
Trial 8 finished with value: 0.2614816828460545 and parameters: {'window_influence': 0.5802216786945803, 'penalty_k': 0.3975223454408286, 'scale_lr': 0.6121671929603879}. Best is trial 1 with value: 0.3301423221014817.
checkpoint_e13 window_influence: 0.17967548588131743, penalty_k: 0.31730893994276294, scale_lr: 0.18282827518269398, EAO: 0.288
Trial 9 finished with value: 0.2882447578447802 and parameters: {'window_influence': 0.17967548588131743, 'penalty_k': 0.31730893994276294, 'scale_lr': 0.18282827518269398}. Best is trial 1 with value: 0.3301423221014817.
checkpoint_e13 window_influence: 0.32990392953858805, penalty_k: 0.56827153180698597, scale_lr: 0.48086496291398645, EAO: 0.290
Trial 10 finished with value: 0.290012332773858 and parameters: {'window_influence': 0.32990392953858805, 'penalty_k': 0.568271531806986, 'scale_lr': 0.48086496291398645}. Best is trial 1 with value: 0.3301423221014817.
checkpoint_e13 window_influence: 0.44421241687520918, penalty_k: 0.20725222687832237, scale_lr: 0.66133507247364887, EAO: 0.300
Trial 11 finished with value: 0.30002862273023284 and parameters: {'window_influence': 0.4442124168752092, 'penalty_k': 0.20725222687832237, 'scale_lr': 0.6613350724736489}. Best is trial 1 with value: 0.3301423221014817.
checkpoint_e13 window_influence: 0.41274569282565732, penalty_k: 0.17493504473184401, scale_lr: 0.65475814386034403, EAO: 0.309
Trial 12 finished with value: 0.30927100922578965 and parameters: {'window_influence': 0.4127456928256573, 'penalty_k': 0.174935044731844, 'scale_lr': 0.654758143860344}. Best is trial 1 with value: 0.3301423221014817.
checkpoint_e13 window_influence: 0.28524700459020491, penalty_k: 0.42621820338554439, scale_lr: 0.79814878040934700, EAO: 0.301
Trial 13 finished with value: 0.3005680618698959 and parameters: {'window_influence': 0.2852470045902049, 'penalty_k': 0.4262182033855444, 'scale_lr': 0.798148780409347}. Best is trial 1 with value: 0.3301423221014817.
checkpoint_e13 window_influence: 0.38089177015584541, penalty_k: 0.11289707094689419, scale_lr: 0.57235138130252383, EAO: 0.316
Trial 14 finished with value: 0.31629464755030456 and parameters: {'window_influence': 0.3808917701558454, 'penalty_k': 0.11289707094689419, 'scale_lr': 0.5723513813025238}. Best is trial 1 with value: 0.3301423221014817.
checkpoint_e13 window_influence: 0.48208305638343735, penalty_k: 0.00240486391716221, scale_lr: 0.71063381588237429, EAO: 0.307
Trial 15 finished with value: 0.3066485910332157 and parameters: {'window_influence': 0.48208305638343735, 'penalty_k': 0.0024048639171622144, 'scale_lr': 0.7106338158823743}. Best is trial 1 with value: 0.3301423221014817.
checkpoint_e13 window_influence: 0.05375300053392729, penalty_k: 0.24328593696460793, scale_lr: 0.52475645716016528, EAO: 0.227
Trial 16 finished with value: 0.2273489667051961 and parameters: {'window_influence': 0.053753000533927286, 'penalty_k': 0.24328593696460793, 'scale_lr': 0.5247564571601653}. Best is trial 1 with value: 0.3301423221014817.
checkpoint_e13 window_influence: 0.64508219716414805, penalty_k: 0.43826843065485038, scale_lr: 0.71493709600116306, EAO: 0.222
Trial 17 finished with value: 0.22154411859085588 and parameters: {'window_influence': 0.645082197164148, 'penalty_k': 0.4382684306548504, 'scale_lr': 0.7149370960011631}. Best is trial 1 with value: 0.3301423221014817.
checkpoint_e13 window_influence: 0.36337946761773765, penalty_k: 0.27211411918578055, scale_lr: 0.39979493941605460, EAO: 0.308
Trial 18 finished with value: 0.3082051626787111 and parameters: {'window_influence': 0.36337946761773765, 'penalty_k': 0.27211411918578055, 'scale_lr': 0.3997949394160546}. Best is trial 1 with value: 0.3301423221014817.
checkpoint_e13 window_influence: 0.26406562004912137, penalty_k: 0.17965753558837433, scale_lr: 0.58808385505919225, EAO: 0.307
Trial 19 finished with value: 0.30714198239582524 and parameters: {'window_influence': 0.2640656200491214, 'penalty_k': 0.17965753558837433, 'scale_lr': 0.5880838550591923}. Best is trial 1 with value: 0.3301423221014817.
checkpoint_e13 window_influence: 0.45927190460411377, penalty_k: 0.31771240152846336, scale_lr: 0.68148184180732829, EAO: 0.313
Trial 20 finished with value: 0.31254257656025053 and parameters: {'window_influence': 0.45927190460411377, 'penalty_k': 0.31771240152846336, 'scale_lr': 0.6814818418073283}. Best is trial 1 with value: 0.3301423221014817.
checkpoint_e13 window_influence: 0.37670800995824677, penalty_k: 0.09683417110689349, scale_lr: 0.57370524486509222, EAO: 0.308
Trial 21 finished with value: 0.3079647385308715 and parameters: {'window_influence': 0.37670800995824677, 'penalty_k': 0.09683417110689349, 'scale_lr': 0.5737052448650922}. Best is trial 1 with value: 0.3301423221014817.
checkpoint_e13 window_influence: 0.38492636479229103, penalty_k: 0.12986237263067604, scale_lr: 0.73304386845052771, EAO: 0.313
Trial 22 finished with value: 0.3132026441946104 and parameters: {'window_influence': 0.38492636479229103, 'penalty_k': 0.12986237263067604, 'scale_lr': 0.7330438684505277}. Best is trial 1 with value: 0.3301423221014817.
checkpoint_e13 window_influence: 0.32726091262237922, penalty_k: 0.20859501799635072, scale_lr: 0.63628762838260522, EAO: 0.319
Trial 23 finished with value: 0.3191244323893744 and parameters: {'window_influence': 0.3272609126223792, 'penalty_k': 0.20859501799635072, 'scale_lr': 0.6362876283826052}. Best is trial 1 with value: 0.3301423221014817.
checkpoint_e13 window_influence: 0.32836562975222439, penalty_k: 0.23913692231584172, scale_lr: 0.63044851008084790, EAO: 0.295
Trial 24 finished with value: 0.29537612518679773 and parameters: {'window_influence': 0.3283656297522244, 'penalty_k': 0.23913692231584172, 'scale_lr': 0.6304485100808479}. Best is trial 1 with value: 0.3301423221014817.
checkpoint_e13 window_influence: 0.26007768769026590, penalty_k: 0.20089537996308157, scale_lr: 0.68512678656549619, EAO: 0.301
Trial 25 finished with value: 0.30117410618507445 and parameters: {'window_influence': 0.2600776876902659, 'penalty_k': 0.20089537996308157, 'scale_lr': 0.6851267865654962}. Best is trial 1 with value: 0.3301423221014817.
checkpoint_e13 window_influence: 0.33622442419153342, penalty_k: 0.29560818040913989, scale_lr: 0.75767026480350785, EAO: 0.298
Trial 26 finished with value: 0.29838238702905784 and parameters: {'window_influence': 0.3362244241915334, 'penalty_k': 0.2956081804091399, 'scale_lr': 0.7576702648035079}. Best is trial 1 with value: 0.3301423221014817.
checkpoint_e13 window_influence: 0.42187138845070909, penalty_k: 0.22681262909161459, scale_lr: 0.62835868257616068, EAO: 0.303
Trial 27 finished with value: 0.3028151742563173 and parameters: {'window_influence': 0.4218713884507091, 'penalty_k': 0.2268126290916146, 'scale_lr': 0.6283586825761607}. Best is trial 1 with value: 0.3301423221014817.
checkpoint_e13 window_influence: 0.50679795838171571, penalty_k: 0.16242963517132480, scale_lr: 0.74617501122566887, EAO: 0.300
Trial 28 finished with value: 0.2999061237049474 and parameters: {'window_influence': 0.5067979583817157, 'penalty_k': 0.1624296351713248, 'scale_lr': 0.7461750112256689}. Best is trial 1 with value: 0.3301423221014817.
checkpoint_e13 window_influence: 0.24249143594698225, penalty_k: 0.25862505665149782, scale_lr: 0.52039841569552348, EAO: 0.304
Trial 29 finished with value: 0.30440220144008384 and parameters: {'window_influence': 0.24249143594698225, 'penalty_k': 0.2586250566514978, 'scale_lr': 0.5203984156955235}. Best is trial 1 with value: 0.3301423221014817.
checkpoint_e13 window_influence: 0.43387751583176315, penalty_k: 0.15208505694251923, scale_lr: 0.69094297542280236, EAO: 0.313
Trial 30 finished with value: 0.31289440335466706 and parameters: {'window_influence': 0.43387751583176315, 'penalty_k': 0.15208505694251923, 'scale_lr': 0.6909429754228024}. Best is trial 1 with value: 0.3301423221014817.
checkpoint_e13 window_influence: 0.38325431606485344, penalty_k: 0.09918199153606860, scale_lr: 0.57522971755078511, EAO: 0.329
Trial 31 finished with value: 0.32915796084394716 and parameters: {'window_influence': 0.38325431606485344, 'penalty_k': 0.0991819915360686, 'scale_lr': 0.5752297175507851}. Best is trial 1 with value: 0.3301423221014817.
checkpoint_e13 window_influence: 0.40719698756276784, penalty_k: 0.08574895412923628, scale_lr: 0.63925001183022090, EAO: 0.312
Trial 32 finished with value: 0.3116242345205077 and parameters: {'window_influence': 0.40719698756276784, 'penalty_k': 0.08574895412923628, 'scale_lr': 0.6392500118302209}. Best is trial 1 with value: 0.3301423221014817.
checkpoint_e13 window_influence: 0.35329996769483918, penalty_k: 0.20014203834217653, scale_lr: 0.56167378191643247, EAO: 0.317
Trial 33 finished with value: 0.31734721907613805 and parameters: {'window_influence': 0.3532999676948392, 'penalty_k': 0.20014203834217653, 'scale_lr': 0.5616737819164325}. Best is trial 1 with value: 0.3301423221014817.
checkpoint_e13 window_influence: 0.31936630417856376, penalty_k: 0.14676462657406203, scale_lr: 0.61475527502094363, EAO: 0.300
Trial 34 finished with value: 0.30047802801030155 and parameters: {'window_influence': 0.31936630417856376, 'penalty_k': 0.14676462657406203, 'scale_lr': 0.6147552750209436}. Best is trial 1 with value: 0.3301423221014817.
checkpoint_e13 window_influence: 0.29577318670846398, penalty_k: 0.27626763150129302, scale_lr: 0.42901640007873260, EAO: 0.304
Trial 35 finished with value: 0.3035062766608561 and parameters: {'window_influence': 0.295773186708464, 'penalty_k': 0.276267631501293, 'scale_lr': 0.4290164000787326}. Best is trial 1 with value: 0.3301423221014817.
checkpoint_e13 window_influence: 0.40048222713404735, penalty_k: 0.35173758524723481, scale_lr: 0.76587983153263250, EAO: 0.309
Trial 36 finished with value: 0.30930615677443923 and parameters: {'window_influence': 0.40048222713404735, 'penalty_k': 0.3517375852472348, 'scale_lr': 0.7658798315326325}. Best is trial 1 with value: 0.3301423221014817.
checkpoint_e13 window_influence: 0.35471941121976314, penalty_k: 0.22660264590669110, scale_lr: 0.67796493952713832, EAO: 0.314
Trial 37 finished with value: 0.3135529555351354 and parameters: {'window_influence': 0.35471941121976314, 'penalty_k': 0.2266026459066911, 'scale_lr': 0.6779649395271383}. Best is trial 1 with value: 0.3301423221014817.
checkpoint_e13 window_influence: 0.45679505785007224, penalty_k: 0.08288172642767755, scale_lr: 0.71969893659336814, EAO: 0.312
Trial 38 finished with value: 0.3118567259743056 and parameters: {'window_influence': 0.45679505785007224, 'penalty_k': 0.08288172642767755, 'scale_lr': 0.7196989365933681}. Best is trial 1 with value: 0.3301423221014817.
checkpoint_e13 window_influence: 0.30715038254665006, penalty_k: 0.12856803197938646, scale_lr: 0.79801185348210291, EAO: 0.318
Trial 39 finished with value: 0.3175760040255372 and parameters: {'window_influence': 0.30715038254665006, 'penalty_k': 0.12856803197938646, 'scale_lr': 0.7980118534821029}. Best is trial 1 with value: 0.3301423221014817.
checkpoint_e13 window_influence: 0.35849044026462101, penalty_k: 0.31023249036986922, scale_lr: 0.65224529076207172, EAO: 0.306
Trial 40 finished with value: 0.3061279879469816 and parameters: {'window_influence': 0.358490440264621, 'penalty_k': 0.3102324903698692, 'scale_lr': 0.6522452907620717}. Best is trial 1 with value: 0.3301423221014817.
checkpoint_e13 window_influence: 0.32048797279830010, penalty_k: 0.12739628084417554, scale_lr: 0.79984432803554295, EAO: 0.320
Trial 41 finished with value: 0.31985737609492204 and parameters: {'window_influence': 0.3204879727983001, 'penalty_k': 0.12739628084417554, 'scale_lr': 0.799844328035543}. Best is trial 1 with value: 0.3301423221014817.
checkpoint_e13 window_influence: 0.38550201573531417, penalty_k: 0.17288939571573766, scale_lr: 0.76564535214965312, EAO: 0.289
Trial 42 finished with value: 0.28934155491539476 and parameters: {'window_influence': 0.3855020157353142, 'penalty_k': 0.17288939571573766, 'scale_lr': 0.7656453521496531}. Best is trial 1 with value: 0.3301423221014817.
checkpoint_e13 window_influence: 0.32748887318286468, penalty_k: 0.07524744466895578, scale_lr: 0.70888266705387337, EAO: 0.326
Trial 43 finished with value: 0.32579780309116796 and parameters: {'window_influence': 0.3274888731828647, 'penalty_k': 0.07524744466895578, 'scale_lr': 0.7088826670538734}. Best is trial 1 with value: 0.3301423221014817.
checkpoint_e13 window_influence: 0.40970429015655252, penalty_k: 0.04692020510392175, scale_lr: 0.77403153682854586, EAO: 0.308
Trial 44 finished with value: 0.30834138457181387 and parameters: {'window_influence': 0.4097042901565525, 'penalty_k': 0.04692020510392175, 'scale_lr': 0.7740315368285459}. Best is trial 1 with value: 0.3301423221014817.
checkpoint_e13 window_influence: 0.21974009680763998, penalty_k: 0.05716075885847181, scale_lr: 0.73606094479259310, EAO: 0.299
Trial 45 finished with value: 0.29880211684954305 and parameters: {'window_influence': 0.21974009680763998, 'penalty_k': 0.057160758858471813, 'scale_lr': 0.7360609447925931}. Best is trial 1 with value: 0.3301423221014817.
checkpoint_e13 window_influence: 0.29677861022301777, penalty_k: 0.10655197524907489, scale_lr: 0.70974977251165372, EAO: 0.298
Trial 46 finished with value: 0.2976306097632716 and parameters: {'window_influence': 0.29677861022301777, 'penalty_k': 0.10655197524907489, 'scale_lr': 0.7097497725116537}. Best is trial 1 with value: 0.3301423221014817.
checkpoint_e13 window_influence: 0.34864896009395308, penalty_k: 0.13633135469067992, scale_lr: 0.79671673648019525, EAO: 0.317
Trial 47 finished with value: 0.31720955235021125 and parameters: {'window_influence': 0.3486489600939531, 'penalty_k': 0.13633135469067992, 'scale_lr': 0.7967167364801953}. Best is trial 1 with value: 0.3301423221014817.
checkpoint_e13 window_influence: 0.28261733160230951, penalty_k: 0.00241046806738310, scale_lr: 0.73817942213323307, EAO: 0.307
Trial 48 finished with value: 0.3072732614519995 and parameters: {'window_influence': 0.2826173316023095, 'penalty_k': 0.002410468067383098, 'scale_lr': 0.7381794221332331}. Best is trial 1 with value: 0.3301423221014817.
checkpoint_e13 window_influence: 0.43582981871939136, penalty_k: 0.06500867966453805, scale_lr: 0.66572717503518952, EAO: 0.320
Trial 49 finished with value: 0.32048126121671283 and parameters: {'window_influence': 0.43582981871939136, 'penalty_k': 0.06500867966453805, 'scale_lr': 0.6657271750351895}. Best is trial 1 with value: 0.3301423221014817.
checkpoint_e13 window_influence: 0.48973433332742389, penalty_k: 0.03578087077431472, scale_lr: 0.59718855925629521, EAO: 0.324
Trial 50 finished with value: 0.3242948491865559 and parameters: {'window_influence': 0.4897343333274239, 'penalty_k': 0.035780870774314716, 'scale_lr': 0.5971885592562952}. Best is trial 1 with value: 0.3301423221014817.
checkpoint_e13 window_influence: 0.48788246016672854, penalty_k: 0.03477367364671355, scale_lr: 0.59891683416386909, EAO: 0.324
Trial 51 finished with value: 0.3242724209675993 and parameters: {'window_influence': 0.48788246016672854, 'penalty_k': 0.03477367364671355, 'scale_lr': 0.5989168341638691}. Best is trial 1 with value: 0.3301423221014817.
checkpoint_e13 window_influence: 0.49020136267356101, penalty_k: 0.02921418181882751, scale_lr: 0.61333669475950581, EAO: 0.313
Trial 52 finished with value: 0.3128005423318551 and parameters: {'window_influence': 0.490201362673561, 'penalty_k': 0.02921418181882751, 'scale_lr': 0.6133366947595058}. Best is trial 1 with value: 0.3301423221014817.
checkpoint_e13 window_influence: 0.53210920882878177, penalty_k: 0.06965307038665332, scale_lr: 0.59604811710540950, EAO: 0.283
Trial 53 finished with value: 0.28279311595491863 and parameters: {'window_influence': 0.5321092088287818, 'penalty_k': 0.06965307038665332, 'scale_lr': 0.5960481171054095}. Best is trial 1 with value: 0.3301423221014817.
checkpoint_e13 window_influence: 0.45798426326038544, penalty_k: 0.03051634319316898, scale_lr: 0.65626138956603719, EAO: 0.321
