Trial 261 finished with value: 0.35411513106832243 and parameters: {'window_influence': 0.5176774322745923, 'penalty_k': 0.02407153668095148, 'scale_lr': 0.2238558802476196}. Best is trial 261 with value: 0.35411513106832243.
checkpoint_e31 window_influence: 0.49143772707508804, penalty_k: 0.01988256128489474, scale_lr: 0.21567689097566370, EAO: 0.342
Trial 262 finished with value: 0.3419201146767761 and parameters: {'window_influence': 0.49143772707508804, 'penalty_k': 0.019882561284894736, 'scale_lr': 0.2156768909756637}. Best is trial 261 with value: 0.35411513106832243.
checkpoint_e31 window_influence: 0.51081982997144559, penalty_k: 0.04224342603463953, scale_lr: 0.20870835134706511, EAO: 0.336
Trial 263 finished with value: 0.3362453765442399 and parameters: {'window_influence': 0.5108198299714456, 'penalty_k': 0.04224342603463953, 'scale_lr': 0.2087083513470651}. Best is trial 261 with value: 0.35411513106832243.
checkpoint_e31 window_influence: 0.64748190687571849, penalty_k: 0.02671099947366679, scale_lr: 0.23184737998783825, EAO: 0.251
Trial 264 finished with value: 0.25132985621806714 and parameters: {'window_influence': 0.6474819068757185, 'penalty_k': 0.026710999473666792, 'scale_lr': 0.23184737998783825}. Best is trial 261 with value: 0.35411513106832243.
checkpoint_e31 window_influence: 0.61044660682055341, penalty_k: 0.01456352649450531, scale_lr: 0.19193145069834747, EAO: 0.282
Trial 265 finished with value: 0.28214347687212876 and parameters: {'window_influence': 0.6104466068205534, 'penalty_k': 0.014563526494505305, 'scale_lr': 0.19193145069834747}. Best is trial 261 with value: 0.35411513106832243.
checkpoint_e31 window_influence: 0.42795261371426457, penalty_k: 0.06851589788414428, scale_lr: 0.23181300266069238, EAO: 0.327
Trial 266 finished with value: 0.32711872603410874 and parameters: {'window_influence': 0.4279526137142646, 'penalty_k': 0.06851589788414428, 'scale_lr': 0.23181300266069238}. Best is trial 261 with value: 0.35411513106832243.
checkpoint_e31 window_influence: 0.55515924829063334, penalty_k: 0.05635365518877392, scale_lr: 0.22294985017468183, EAO: 0.312
Trial 267 finished with value: 0.3121404271529342 and parameters: {'window_influence': 0.5551592482906333, 'penalty_k': 0.056353655188773916, 'scale_lr': 0.22294985017468183}. Best is trial 261 with value: 0.35411513106832243.
checkpoint_e31 window_influence: 0.47961816245321465, penalty_k: 0.03925517346392360, scale_lr: 0.29032831263734471, EAO: 0.311
Trial 268 finished with value: 0.3107917794689594 and parameters: {'window_influence': 0.47961816245321465, 'penalty_k': 0.0392551734639236, 'scale_lr': 0.2903283126373447}. Best is trial 261 with value: 0.35411513106832243.
checkpoint_e31 window_influence: 0.44203205734922474, penalty_k: 0.02197053706299733, scale_lr: 0.38673122951285699, EAO: 0.304
Trial 269 finished with value: 0.304036276813611 and parameters: {'window_influence': 0.44203205734922474, 'penalty_k': 0.021970537062997335, 'scale_lr': 0.386731229512857}. Best is trial 261 with value: 0.35411513106832243.
checkpoint_e31 window_influence: 0.57157539851501316, penalty_k: 0.33085266231264110, scale_lr: 0.31414919469928776, EAO: 0.270
Trial 270 finished with value: 0.26979225311529775 and parameters: {'window_influence': 0.5715753985150132, 'penalty_k': 0.3308526623126411, 'scale_lr': 0.31414919469928776}. Best is trial 261 with value: 0.35411513106832243.
checkpoint_e31 window_influence: 0.50480878596464773, penalty_k: 0.21667986225189079, scale_lr: 0.24598374957746216, EAO: 0.315
Trial 271 finished with value: 0.3150718974000285 and parameters: {'window_influence': 0.5048087859646477, 'penalty_k': 0.2166798622518908, 'scale_lr': 0.24598374957746216}. Best is trial 261 with value: 0.35411513106832243.
checkpoint_e31 window_influence: 0.52254791697234171, penalty_k: 0.20521805677676552, scale_lr: 0.26466067534715798, EAO: 0.307
Trial 272 finished with value: 0.3067425527113421 and parameters: {'window_influence': 0.5225479169723417, 'penalty_k': 0.20521805677676552, 'scale_lr': 0.264660675347158}. Best is trial 261 with value: 0.35411513106832243.
checkpoint_e31 window_influence: 0.49356250969160487, penalty_k: 0.05161788345285867, scale_lr: 0.37288050850547860, EAO: 0.325
Trial 273 finished with value: 0.32530985969745696 and parameters: {'window_influence': 0.49356250969160487, 'penalty_k': 0.05161788345285867, 'scale_lr': 0.3728805085054786}. Best is trial 261 with value: 0.35411513106832243.
checkpoint_e31 window_influence: 0.46606333305801323, penalty_k: 0.08169106759095934, scale_lr: 0.61889451558711450, EAO: 0.311
Trial 274 finished with value: 0.31147364071834877 and parameters: {'window_influence': 0.46606333305801323, 'penalty_k': 0.08169106759095934, 'scale_lr': 0.6188945155871145}. Best is trial 261 with value: 0.35411513106832243.
checkpoint_e31 window_influence: 0.48180811881248542, penalty_k: 0.01143042628283845, scale_lr: 0.34293614475475659, EAO: 0.335
Trial 275 finished with value: 0.33471875089847625 and parameters: {'window_influence': 0.4818081188124854, 'penalty_k': 0.011430426282838448, 'scale_lr': 0.3429361447547566}. Best is trial 261 with value: 0.35411513106832243.
checkpoint_e31 window_influence: 0.51832524166710536, penalty_k: 0.03318459078698075, scale_lr: 0.20547435616864762, EAO: 0.329
Trial 276 finished with value: 0.32883896217735825 and parameters: {'window_influence': 0.5183252416671054, 'penalty_k': 0.03318459078698075, 'scale_lr': 0.20547435616864762}. Best is trial 261 with value: 0.35411513106832243.
checkpoint_e31 window_influence: 0.54032493915255186, penalty_k: 0.05965270289396111, scale_lr: 0.23925467109638759, EAO: 0.329
Trial 277 finished with value: 0.32883019716359296 and parameters: {'window_influence': 0.5403249391525519, 'penalty_k': 0.05965270289396111, 'scale_lr': 0.2392546710963876}. Best is trial 261 with value: 0.35411513106832243.
checkpoint_e31 window_influence: 0.45678549827516890, penalty_k: 0.23496557923027631, scale_lr: 0.35401993912950586, EAO: 0.343
Trial 278 finished with value: 0.3434290674873827 and parameters: {'window_influence': 0.4567854982751689, 'penalty_k': 0.2349655792302763, 'scale_lr': 0.35401993912950586}. Best is trial 261 with value: 0.35411513106832243.
checkpoint_e31 window_influence: 0.46101647288527842, penalty_k: 0.18407714069700315, scale_lr: 0.35557231494418429, EAO: 0.311
Trial 279 finished with value: 0.310772149885211 and parameters: {'window_influence': 0.4610164728852784, 'penalty_k': 0.18407714069700315, 'scale_lr': 0.3555723149441843}. Best is trial 261 with value: 0.35411513106832243.
checkpoint_e31 window_influence: 0.44949243145727341, penalty_k: 0.26155055484025097, scale_lr: 0.33856437981463505, EAO: 0.320
Trial 280 finished with value: 0.31959563180630307 and parameters: {'window_influence': 0.4494924314572734, 'penalty_k': 0.26155055484025097, 'scale_lr': 0.33856437981463505}. Best is trial 261 with value: 0.35411513106832243.
checkpoint_e31 window_influence: 0.43684275059613659, penalty_k: 0.22499306276313508, scale_lr: 0.38273799629967503, EAO: 0.317
Trial 281 finished with value: 0.31732804934106446 and parameters: {'window_influence': 0.4368427505961366, 'penalty_k': 0.22499306276313508, 'scale_lr': 0.38273799629967503}. Best is trial 261 with value: 0.35411513106832243.
checkpoint_e31 window_influence: 0.47322641690347078, penalty_k: 0.19806442718246434, scale_lr: 0.36383337139238120, EAO: 0.309
Trial 282 finished with value: 0.308607511541259 and parameters: {'window_influence': 0.4732264169034708, 'penalty_k': 0.19806442718246434, 'scale_lr': 0.3638333713923812}. Best is trial 261 with value: 0.35411513106832243.
checkpoint_e31 window_influence: 0.46085588288158008, penalty_k: 0.31198096717973750, scale_lr: 0.27331427892203003, EAO: 0.317
Trial 283 finished with value: 0.31734980718171085 and parameters: {'window_influence': 0.4608558828815801, 'penalty_k': 0.3119809671797375, 'scale_lr': 0.27331427892203003}. Best is trial 261 with value: 0.35411513106832243.
checkpoint_e31 window_influence: 0.48867105539022981, penalty_k: 0.24344963704364403, scale_lr: 0.29620867271987683, EAO: 0.322
Trial 284 finished with value: 0.3219220232406943 and parameters: {'window_influence': 0.4886710553902298, 'penalty_k': 0.24344963704364403, 'scale_lr': 0.29620867271987683}. Best is trial 261 with value: 0.35411513106832243.
checkpoint_e31 window_influence: 0.50018809623209282, penalty_k: 0.13556446350041032, scale_lr: 0.32033428952682752, EAO: 0.332
Trial 285 finished with value: 0.33245583858471434 and parameters: {'window_influence': 0.5001880962320928, 'penalty_k': 0.13556446350041032, 'scale_lr': 0.3203342895268275}. Best is trial 261 with value: 0.35411513106832243.
checkpoint_e31 window_influence: 0.47847717946061813, penalty_k: 0.16391076524399564, scale_lr: 0.25672371913043091, EAO: 0.339
Trial 286 finished with value: 0.3393863198358261 and parameters: {'window_influence': 0.47847717946061813, 'penalty_k': 0.16391076524399564, 'scale_lr': 0.2567237191304309}. Best is trial 261 with value: 0.35411513106832243.
checkpoint_e31 window_influence: 0.49299017964967068, penalty_k: 0.10235073841193705, scale_lr: 0.15580064581451297, EAO: 0.318
Trial 287 finished with value: 0.31755708963954493 and parameters: {'window_influence': 0.4929901796496707, 'penalty_k': 0.10235073841193705, 'scale_lr': 0.15580064581451297}. Best is trial 261 with value: 0.35411513106832243.
checkpoint_e31 window_influence: 0.45696388923154613, penalty_k: 0.24983046673586048, scale_lr: 0.32774011286161986, EAO: 0.321
Trial 288 finished with value: 0.3213511843393749 and parameters: {'window_influence': 0.4569638892315461, 'penalty_k': 0.24983046673586048, 'scale_lr': 0.32774011286161986}. Best is trial 261 with value: 0.35411513106832243.
checkpoint_e31 window_influence: 0.50439218737994862, penalty_k: 0.16057460064927867, scale_lr: 0.30728052948666296, EAO: 0.333
Trial 289 finished with value: 0.3333047425468608 and parameters: {'window_influence': 0.5043921873799486, 'penalty_k': 0.16057460064927867, 'scale_lr': 0.30728052948666296}. Best is trial 261 with value: 0.35411513106832243.
checkpoint_e31 window_influence: 0.32679652524452707, penalty_k: 0.37457958010014586, scale_lr: 0.19101898122646291, EAO: 0.281
Trial 290 finished with value: 0.28130581186439274 and parameters: {'window_influence': 0.32679652524452707, 'penalty_k': 0.37457958010014586, 'scale_lr': 0.1910189812264629}. Best is trial 261 with value: 0.35411513106832243.
checkpoint_e31 window_influence: 0.47524415584854274, penalty_k: 0.09214359748535628, scale_lr: 0.21620738595203909, EAO: 0.330
Trial 291 finished with value: 0.33027656329976907 and parameters: {'window_influence': 0.47524415584854274, 'penalty_k': 0.09214359748535628, 'scale_lr': 0.2162073859520391}. Best is trial 261 with value: 0.35411513106832243.
checkpoint_e31 window_influence: 0.48948257093831310, penalty_k: 0.15039782645852445, scale_lr: 0.34998309734953115, EAO: 0.322
Trial 292 finished with value: 0.32169815671815016 and parameters: {'window_influence': 0.4894825709383131, 'penalty_k': 0.15039782645852445, 'scale_lr': 0.34998309734953115}. Best is trial 261 with value: 0.35411513106832243.
checkpoint_e31 window_influence: 0.40094107815307428, penalty_k: 0.02624706105331433, scale_lr: 0.36773495333889633, EAO: 0.313
Trial 293 finished with value: 0.3133000606228869 and parameters: {'window_influence': 0.4009410781530743, 'penalty_k': 0.026247061053314334, 'scale_lr': 0.36773495333889633}. Best is trial 261 with value: 0.35411513106832243.
checkpoint_e31 window_influence: 0.50822674553182767, penalty_k: 0.01127067139121841, scale_lr: 0.40374028802483297, EAO: 0.315
Trial 294 finished with value: 0.31474935011177213 and parameters: {'window_influence': 0.5082267455318277, 'penalty_k': 0.011270671391218411, 'scale_lr': 0.40374028802483297}. Best is trial 261 with value: 0.35411513106832243.
checkpoint_e31 window_influence: 0.47051266267739522, penalty_k: 0.00043576244596846, scale_lr: 0.24811462722456068, EAO: 0.336
Trial 295 finished with value: 0.33612922367418785 and parameters: {'window_influence': 0.4705126626773952, 'penalty_k': 0.00043576244596845587, 'scale_lr': 0.24811462722456068}. Best is trial 261 with value: 0.35411513106832243.
checkpoint_e31 window_influence: 0.44932715548612012, penalty_k: 0.07094730900691984, scale_lr: 0.28240145214549361, EAO: 0.324
Trial 296 finished with value: 0.3241628817199269 and parameters: {'window_influence': 0.4493271554861201, 'penalty_k': 0.07094730900691984, 'scale_lr': 0.2824014521454936}. Best is trial 261 with value: 0.35411513106832243.
checkpoint_e31 window_influence: 0.48302776483887294, penalty_k: 0.04430409038488298, scale_lr: 0.10461411828784728, EAO: 0.348
Trial 297 finished with value: 0.347685957001341 and parameters: {'window_influence': 0.48302776483887294, 'penalty_k': 0.04430409038488298, 'scale_lr': 0.10461411828784728}. Best is trial 261 with value: 0.35411513106832243.
checkpoint_e31 window_influence: 0.48282316495085426, penalty_k: 0.04051724418804083, scale_lr: 0.18850593233480339, EAO: 0.328
Trial 298 finished with value: 0.3275104070567899 and parameters: {'window_influence': 0.48282316495085426, 'penalty_k': 0.040517244188040834, 'scale_lr': 0.1885059323348034}. Best is trial 261 with value: 0.35411513106832243.
checkpoint_e31 window_influence: 0.58154902066970482, penalty_k: 0.04616916165661545, scale_lr: 0.22275935074209288, EAO: 0.289
Trial 299 finished with value: 0.2891722367315441 and parameters: {'window_influence': 0.5815490206697048, 'penalty_k': 0.04616916165661545, 'scale_lr': 0.22275935074209288}. Best is trial 261 with value: 0.35411513106832243.
checkpoint_e31 window_influence: 0.46076885799785516, penalty_k: 0.23670812148937756, scale_lr: 0.20018243782211226, EAO: 0.315
Trial 300 finished with value: 0.3152026379850588 and parameters: {'window_influence': 0.46076885799785516, 'penalty_k': 0.23670812148937756, 'scale_lr': 0.20018243782211226}. Best is trial 261 with value: 0.35411513106832243.
checkpoint_e31 window_influence: 0.41733549541124937, penalty_k: 0.03156665556721621, scale_lr: 0.26026855614763317, EAO: 0.313
Trial 301 finished with value: 0.3132315544186863 and parameters: {'window_influence': 0.41733549541124937, 'penalty_k': 0.03156665556721621, 'scale_lr': 0.26026855614763317}. Best is trial 261 with value: 0.35411513106832243.
checkpoint_e31 window_influence: 0.48386658274284672, penalty_k: 0.20843547831304793, scale_lr: 0.10885982947912148, EAO: 0.327
Trial 302 finished with value: 0.32692353514381883 and parameters: {'window_influence': 0.4838665827428467, 'penalty_k': 0.20843547831304793, 'scale_lr': 0.10885982947912148}. Best is trial 261 with value: 0.35411513106832243.
checkpoint_e31 window_influence: 0.49780320714878373, penalty_k: 0.01846314893199694, scale_lr: 0.17241127134828524, EAO: 0.331
Trial 303 finished with value: 0.33082039010663905 and parameters: {'window_influence': 0.49780320714878373, 'penalty_k': 0.01846314893199694, 'scale_lr': 0.17241127134828524}. Best is trial 261 with value: 0.35411513106832243.
checkpoint_e31 window_influence: 0.43986172564714027, penalty_k: 0.06908900610512471, scale_lr: 0.14171926183655834, EAO: 0.318
Trial 304 finished with value: 0.3184398722323926 and parameters: {'window_influence': 0.43986172564714027, 'penalty_k': 0.06908900610512471, 'scale_lr': 0.14171926183655834}. Best is trial 261 with value: 0.35411513106832243.
checkpoint_e31 window_influence: 0.07217654586177136, penalty_k: 0.04397707335833830, scale_lr: 0.23669988385508309, EAO: 0.259
Trial 305 finished with value: 0.25894784080843053 and parameters: {'window_influence': 0.07217654586177136, 'penalty_k': 0.043977073358338295, 'scale_lr': 0.2366998838550831}. Best is trial 261 with value: 0.35411513106832243.
checkpoint_e31 window_influence: 0.47065369996014395, penalty_k: 0.17525949461510937, scale_lr: 0.27718991230165946, EAO: 0.310
Trial 306 finished with value: 0.31007378417926074 and parameters: {'window_influence': 0.47065369996014395, 'penalty_k': 0.17525949461510937, 'scale_lr': 0.27718991230165946}. Best is trial 261 with value: 0.35411513106832243.
checkpoint_e31 window_influence: 0.52609912020302363, penalty_k: 0.19336629979508216, scale_lr: 0.16854723912497593, EAO: 0.306
Trial 307 finished with value: 0.3064902414375706 and parameters: {'window_influence': 0.5260991202030236, 'penalty_k': 0.19336629979508216, 'scale_lr': 0.16854723912497593}. Best is trial 261 with value: 0.35411513106832243.
checkpoint_e31 window_influence: 0.49351204153265993, penalty_k: 0.22273761813758039, scale_lr: 0.10721337796308304, EAO: 0.314
Trial 308 finished with value: 0.3141066993256951 and parameters: {'window_influence': 0.49351204153265993, 'penalty_k': 0.2227376181375804, 'scale_lr': 0.10721337796308304}. Best is trial 261 with value: 0.35411513106832243.
checkpoint_e31 window_influence: 0.47787043407501617, penalty_k: 0.28991335632173509, scale_lr: 0.29513951719284748, EAO: 0.327
Trial 309 finished with value: 0.32700853316468487 and parameters: {'window_influence': 0.47787043407501617, 'penalty_k': 0.2899133563217351, 'scale_lr': 0.2951395171928475}. Best is trial 261 with value: 0.35411513106832243.
checkpoint_e31 window_influence: 0.50832817405169428, penalty_k: 0.26028950073796336, scale_lr: 0.24979863791271978, EAO: 0.319
Trial 310 finished with value: 0.31948547395750704 and parameters: {'window_influence': 0.5083281740516943, 'penalty_k': 0.26028950073796336, 'scale_lr': 0.24979863791271978}. Best is trial 261 with value: 0.35411513106832243.
checkpoint_e31 window_influence: 0.45445727170810785, penalty_k: 0.08513819545940500, scale_lr: 0.15526197542171469, EAO: 0.304
Trial 311 finished with value: 0.30423518162988966 and parameters: {'window_influence': 0.45445727170810785, 'penalty_k': 0.085138195459405, 'scale_lr': 0.1552619754217147}. Best is trial 261 with value: 0.35411513106832243.
checkpoint_e31 window_influence: 0.42967165722580636, penalty_k: 0.02849950933313576, scale_lr: 0.11753948926302057, EAO: 0.330
Trial 312 finished with value: 0.3300122456907762 and parameters: {'window_influence': 0.42967165722580636, 'penalty_k': 0.028499509333135765, 'scale_lr': 0.11753948926302057}. Best is trial 261 with value: 0.35411513106832243.
checkpoint_e31 window_influence: 0.55637831734163923, penalty_k: 0.06099571001658582, scale_lr: 0.20497120347633049, EAO: 0.302
Trial 313 finished with value: 0.30240060423830606 and parameters: {'window_influence': 0.5563783173416392, 'penalty_k': 0.06099571001658582, 'scale_lr': 0.2049712034763305}. Best is trial 261 with value: 0.35411513106832243.
checkpoint_e31 window_influence: 0.49119739408611163, penalty_k: 0.01190956600682249, scale_lr: 0.22421524224056388, EAO: 0.344
Trial 314 finished with value: 0.34431693989942974 and parameters: {'window_influence': 0.4911973940861116, 'penalty_k': 0.011909566006822494, 'scale_lr': 0.22421524224056388}. Best is trial 261 with value: 0.35411513106832243.
checkpoint_e31 window_influence: 0.51468142752763468, penalty_k: 0.00987072676885614, scale_lr: 0.21954281120122535, EAO: 0.354
Trial 315 finished with value: 0.3542454940799609 and parameters: {'window_influence': 0.5146814275276347, 'penalty_k': 0.009870726768856142, 'scale_lr': 0.21954281120122535}. Best is trial 315 with value: 0.3542454940799609.
checkpoint_e31 window_influence: 0.53248191307537951, penalty_k: 0.01008232313765951, scale_lr: 0.13538112983870165, EAO: 0.322
Trial 316 finished with value: 0.32166239851179756 and parameters: {'window_influence': 0.5324819130753795, 'penalty_k': 0.010082323137659513, 'scale_lr': 0.13538112983870165}. Best is trial 315 with value: 0.3542454940799609.
checkpoint_e31 window_influence: 0.51396614254599826, penalty_k: 0.01758156831931440, scale_lr: 0.21263863583346485, EAO: 0.331
Trial 317 finished with value: 0.33056977669552606 and parameters: {'window_influence': 0.5139661425459983, 'penalty_k': 0.017581568319314404, 'scale_lr': 0.21263863583346485}. Best is trial 315 with value: 0.3542454940799609.
checkpoint_e31 window_influence: 0.49980706982229506, penalty_k: 0.00762620463589947, scale_lr: 0.12307256762648568, EAO: 0.332
Trial 318 finished with value: 0.3320350624359999 and parameters: {'window_influence': 0.49980706982229506, 'penalty_k': 0.007626204635899465, 'scale_lr': 0.12307256762648568}. Best is trial 315 with value: 0.3542454940799609.
checkpoint_e31 window_influence: 0.52169682089888625, penalty_k: 0.02381758999571088, scale_lr: 0.18597202340385827, EAO: 0.332
Trial 319 finished with value: 0.3324705176780196 and parameters: {'window_influence': 0.5216968208988862, 'penalty_k': 0.023817589995710882, 'scale_lr': 0.18597202340385827}. Best is trial 315 with value: 0.3542454940799609.
checkpoint_e31 window_influence: 0.51401180220355747, penalty_k: 0.03751382861210405, scale_lr: 0.23258626499267754, EAO: 0.330
Trial 320 finished with value: 0.33002439895028735 and parameters: {'window_influence': 0.5140118022035575, 'penalty_k': 0.037513828612104054, 'scale_lr': 0.23258626499267754}. Best is trial 315 with value: 0.3542454940799609.
checkpoint_e31 window_influence: 0.36659986127991651, penalty_k: 0.01707195624388945, scale_lr: 0.22182092217100005, EAO: 0.312
Trial 321 finished with value: 0.31156359021533786 and parameters: {'window_influence': 0.3665998612799165, 'penalty_k': 0.017071956243889453, 'scale_lr': 0.22182092217100005}. Best is trial 315 with value: 0.3542454940799609.
checkpoint_e31 window_influence: 0.54440114230362280, penalty_k: 0.00069037897284337, scale_lr: 0.10375295590663024, EAO: 0.307
Trial 322 finished with value: 0.3070703539055145 and parameters: {'window_influence': 0.5444011423036228, 'penalty_k': 0.0006903789728433668, 'scale_lr': 0.10375295590663024}. Best is trial 315 with value: 0.3542454940799609.
checkpoint_e31 window_influence: 0.49752370836285825, penalty_k: 0.03045406608895567, scale_lr: 0.20716064890283961, EAO: 0.338
