Trial 744 finished with value: 0.33188043065108214 and parameters: {'window_influence': 0.4749306162932199, 'penalty_k': 0.0004987156260572168, 'scale_lr': 0.13176327729320284}. Best is trial 62 with value: 0.3726749919963718.
checkpoint_e29 window_influence: 0.46030484721732645, penalty_k: 0.06735223802052216, scale_lr: 0.50957553007453060, EAO: 0.327
Trial 745 finished with value: 0.3274244268348709 and parameters: {'window_influence': 0.46030484721732645, 'penalty_k': 0.06735223802052216, 'scale_lr': 0.5095755300745306}. Best is trial 62 with value: 0.3726749919963718.
checkpoint_e29 window_influence: 0.49711824318678693, penalty_k: 0.16062228252694560, scale_lr: 0.52271372696544949, EAO: 0.329
Trial 746 finished with value: 0.32852736846018393 and parameters: {'window_influence': 0.49711824318678693, 'penalty_k': 0.1606222825269456, 'scale_lr': 0.5227137269654495}. Best is trial 62 with value: 0.3726749919963718.
checkpoint_e29 window_influence: 0.48441155273378012, penalty_k: 0.08693172093349033, scale_lr: 0.39715580782786314, EAO: 0.337
Trial 747 finished with value: 0.3367203833528066 and parameters: {'window_influence': 0.4844115527337801, 'penalty_k': 0.08693172093349033, 'scale_lr': 0.39715580782786314}. Best is trial 62 with value: 0.3726749919963718.
checkpoint_e29 window_influence: 0.52387446461928378, penalty_k: 0.09816179565872626, scale_lr: 0.18413036351302586, EAO: 0.334
Trial 748 finished with value: 0.3344569804603488 and parameters: {'window_influence': 0.5238744646192838, 'penalty_k': 0.09816179565872626, 'scale_lr': 0.18413036351302586}. Best is trial 62 with value: 0.3726749919963718.
checkpoint_e29 window_influence: 0.18774818512519201, penalty_k: 0.32277011977881409, scale_lr: 0.72433056157586762, EAO: 0.287
Trial 749 finished with value: 0.2865012829637713 and parameters: {'window_influence': 0.187748185125192, 'penalty_k': 0.3227701197788141, 'scale_lr': 0.7243305615758676}. Best is trial 62 with value: 0.3726749919963718.
checkpoint_e29 window_influence: 0.50706956551803939, penalty_k: 0.05517525613599367, scale_lr: 0.55508357137861197, EAO: 0.364
Trial 750 finished with value: 0.36360398885804857 and parameters: {'window_influence': 0.5070695655180394, 'penalty_k': 0.05517525613599367, 'scale_lr': 0.555083571378612}. Best is trial 62 with value: 0.3726749919963718.
checkpoint_e29 window_influence: 0.53161245475825114, penalty_k: 0.04815886572701976, scale_lr: 0.55537512335351191, EAO: 0.315
Trial 751 finished with value: 0.3151966335708529 and parameters: {'window_influence': 0.5316124547582511, 'penalty_k': 0.04815886572701976, 'scale_lr': 0.5553751233535119}. Best is trial 62 with value: 0.3726749919963718.
checkpoint_e29 window_influence: 0.51317170186024097, penalty_k: 0.03352489886043136, scale_lr: 0.55700123317875239, EAO: 0.347
Trial 752 finished with value: 0.34683551885738445 and parameters: {'window_influence': 0.513171701860241, 'penalty_k': 0.03352489886043136, 'scale_lr': 0.5570012331787524}. Best is trial 62 with value: 0.3726749919963718.
checkpoint_e29 window_influence: 0.33680485507847568, penalty_k: 0.05877021261128920, scale_lr: 0.52950349845606992, EAO: 0.313
Trial 753 finished with value: 0.31304192113969115 and parameters: {'window_influence': 0.3368048550784757, 'penalty_k': 0.0587702126112892, 'scale_lr': 0.5295034984560699}. Best is trial 62 with value: 0.3726749919963718.
checkpoint_e29 window_influence: 0.54897256397283212, penalty_k: 0.18957768705041600, scale_lr: 0.54181212204537887, EAO: 0.298
Trial 754 finished with value: 0.29816991519835206 and parameters: {'window_influence': 0.5489725639728321, 'penalty_k': 0.189577687050416, 'scale_lr': 0.5418121220453789}. Best is trial 62 with value: 0.3726749919963718.
checkpoint_e29 window_influence: 0.09159417941174214, penalty_k: 0.44531967775107500, scale_lr: 0.41814458725208820, EAO: 0.240
Trial 755 finished with value: 0.24045152741879341 and parameters: {'window_influence': 0.09159417941174214, 'penalty_k': 0.445319677751075, 'scale_lr': 0.4181445872520882}. Best is trial 62 with value: 0.3726749919963718.
checkpoint_e29 window_influence: 0.50572965292974514, penalty_k: 0.58050127487755177, scale_lr: 0.56590325688839660, EAO: 0.303
Trial 756 finished with value: 0.30328145431869225 and parameters: {'window_influence': 0.5057296529297451, 'penalty_k': 0.5805012748775518, 'scale_lr': 0.5659032568883966}. Best is trial 62 with value: 0.3726749919963718.
checkpoint_e29 window_influence: 0.43226417638579440, penalty_k: 0.53726234823723584, scale_lr: 0.49259827034050824, EAO: 0.323
Trial 757 finished with value: 0.32336836374919237 and parameters: {'window_influence': 0.4322641763857944, 'penalty_k': 0.5372623482372358, 'scale_lr': 0.49259827034050824}. Best is trial 62 with value: 0.3726749919963718.
checkpoint_e29 window_influence: 0.63597720467968988, penalty_k: 0.04843069455310822, scale_lr: 0.44937649061953733, EAO: 0.247
Trial 758 finished with value: 0.24668907371244542 and parameters: {'window_influence': 0.6359772046796899, 'penalty_k': 0.048430694553108215, 'scale_lr': 0.4493764906195373}. Best is trial 62 with value: 0.3726749919963718.
checkpoint_e29 window_influence: 0.45242749328442960, penalty_k: 0.29561360758488331, scale_lr: 0.14761065255655995, EAO: 0.325
Trial 759 finished with value: 0.3254444194443031 and parameters: {'window_influence': 0.4524274932844296, 'penalty_k': 0.2956136075848833, 'scale_lr': 0.14761065255655995}. Best is trial 62 with value: 0.3726749919963718.
checkpoint_e29 window_influence: 0.51916759358195308, penalty_k: 0.33415750871789790, scale_lr: 0.53612470702501014, EAO: 0.301
Trial 760 finished with value: 0.30127463544853 and parameters: {'window_influence': 0.5191675935819531, 'penalty_k': 0.3341575087178979, 'scale_lr': 0.5361247070250101}. Best is trial 62 with value: 0.3726749919963718.
checkpoint_e29 window_influence: 0.37115420151879980, penalty_k: 0.02525157514851881, scale_lr: 0.34600385045225646, EAO: 0.323
Trial 761 finished with value: 0.32282576359199644 and parameters: {'window_influence': 0.3711542015187998, 'penalty_k': 0.025251575148518807, 'scale_lr': 0.34600385045225646}. Best is trial 62 with value: 0.3726749919963718.
checkpoint_e29 window_influence: 0.49862871357843935, penalty_k: 0.13483827103006549, scale_lr: 0.16489596523960237, EAO: 0.333
Trial 762 finished with value: 0.33271991012161345 and parameters: {'window_influence': 0.49862871357843935, 'penalty_k': 0.1348382710300655, 'scale_lr': 0.16489596523960237}. Best is trial 62 with value: 0.3726749919963718.
checkpoint_e29 window_influence: 0.47878792913522250, penalty_k: 0.28194614743278790, scale_lr: 0.11962843509880185, EAO: 0.333
Trial 763 finished with value: 0.33301201758449644 and parameters: {'window_influence': 0.4787879291352225, 'penalty_k': 0.2819461474327879, 'scale_lr': 0.11962843509880185}. Best is trial 62 with value: 0.3726749919963718.
checkpoint_e29 window_influence: 0.53691396429605298, penalty_k: 0.06057656889438778, scale_lr: 0.76522202705438658, EAO: 0.297
Trial 764 finished with value: 0.2966249094051146 and parameters: {'window_influence': 0.536913964296053, 'penalty_k': 0.06057656889438778, 'scale_lr': 0.7652220270543866}. Best is trial 62 with value: 0.3726749919963718.
checkpoint_e29 window_influence: 0.08637604995690618, penalty_k: 0.06958206950734368, scale_lr: 0.29681304754308335, EAO: 0.277
Trial 765 finished with value: 0.2772725237830604 and parameters: {'window_influence': 0.08637604995690618, 'penalty_k': 0.06958206950734368, 'scale_lr': 0.29681304754308335}. Best is trial 62 with value: 0.3726749919963718.
checkpoint_e29 window_influence: 0.50734369679096236, penalty_k: 0.47280756768158272, scale_lr: 0.46113972961328048, EAO: 0.298
Trial 766 finished with value: 0.2979721286069558 and parameters: {'window_influence': 0.5073436967909624, 'penalty_k': 0.4728075676815827, 'scale_lr': 0.4611397296132805}. Best is trial 62 with value: 0.3726749919963718.
checkpoint_e29 window_influence: 0.48986210942270070, penalty_k: 0.29045524150567209, scale_lr: 0.58254358428326580, EAO: 0.342
Trial 767 finished with value: 0.34240478845421907 and parameters: {'window_influence': 0.4898621094227007, 'penalty_k': 0.2904552415056721, 'scale_lr': 0.5825435842832658}. Best is trial 62 with value: 0.3726749919963718.
checkpoint_e29 window_influence: 0.41826890405278550, penalty_k: 0.03965731534297987, scale_lr: 0.55117709428783501, EAO: 0.324
Trial 768 finished with value: 0.32350271505372535 and parameters: {'window_influence': 0.4182689040527855, 'penalty_k': 0.03965731534297987, 'scale_lr': 0.551177094287835}. Best is trial 62 with value: 0.3726749919963718.
checkpoint_e29 window_influence: 0.46835663859298826, penalty_k: 0.07543903650530884, scale_lr: 0.38279959022294852, EAO: 0.333
Trial 769 finished with value: 0.3334193639022367 and parameters: {'window_influence': 0.46835663859298826, 'penalty_k': 0.07543903650530884, 'scale_lr': 0.3827995902229485}. Best is trial 62 with value: 0.3726749919963718.
checkpoint_e29 window_influence: 0.51976580417712126, penalty_k: 0.27034541729537648, scale_lr: 0.48414672304118511, EAO: 0.305
Trial 770 finished with value: 0.3047510347825544 and parameters: {'window_influence': 0.5197658041771213, 'penalty_k': 0.2703454172953765, 'scale_lr': 0.4841467230411851}. Best is trial 62 with value: 0.3726749919963718.
checkpoint_e29 window_influence: 0.48940907355336477, penalty_k: 0.05316000651389634, scale_lr: 0.51595717233366334, EAO: 0.322
Trial 771 finished with value: 0.3218536496394339 and parameters: {'window_influence': 0.48940907355336477, 'penalty_k': 0.053160006513896345, 'scale_lr': 0.5159571723336633}. Best is trial 62 with value: 0.3726749919963718.
checkpoint_e29 window_influence: 0.61927340050451374, penalty_k: 0.11755151796525294, scale_lr: 0.21571954211209848, EAO: 0.272
Trial 772 finished with value: 0.2720714693867279 and parameters: {'window_influence': 0.6192734005045137, 'penalty_k': 0.11755151796525294, 'scale_lr': 0.21571954211209848}. Best is trial 62 with value: 0.3726749919963718.
checkpoint_e29 window_influence: 0.64510752960948714, penalty_k: 0.51010002126435883, scale_lr: 0.50322100688064475, EAO: 0.219
Trial 773 finished with value: 0.21941603302723703 and parameters: {'window_influence': 0.6451075296094871, 'penalty_k': 0.5101000212643588, 'scale_lr': 0.5032210068806448}. Best is trial 62 with value: 0.3726749919963718.
checkpoint_e29 window_influence: 0.43529096944304752, penalty_k: 0.43966697316185144, scale_lr: 0.18247468786361212, EAO: 0.304
Trial 774 finished with value: 0.30441655363554154 and parameters: {'window_influence': 0.4352909694430475, 'penalty_k': 0.43966697316185144, 'scale_lr': 0.18247468786361212}. Best is trial 62 with value: 0.3726749919963718.
checkpoint_e29 window_influence: 0.50466364386372908, penalty_k: 0.20395882504136709, scale_lr: 0.44170737560573642, EAO: 0.326
Trial 775 finished with value: 0.32550892512158197 and parameters: {'window_influence': 0.5046636438637291, 'penalty_k': 0.2039588250413671, 'scale_lr': 0.4417073756057364}. Best is trial 62 with value: 0.3726749919963718.
checkpoint_e29 window_influence: 0.45821314987393191, penalty_k: 0.01300400483007488, scale_lr: 0.41239212171405765, EAO: 0.346
Trial 776 finished with value: 0.3456588403724047 and parameters: {'window_influence': 0.4582131498739319, 'penalty_k': 0.013004004830074883, 'scale_lr': 0.41239212171405765}. Best is trial 62 with value: 0.3726749919963718.
checkpoint_e29 window_influence: 0.19354484472321901, penalty_k: 0.06298710850347995, scale_lr: 0.14066430097143900, EAO: 0.285
Trial 777 finished with value: 0.2849637494940702 and parameters: {'window_influence': 0.193544844723219, 'penalty_k': 0.06298710850347995, 'scale_lr': 0.140664300971439}. Best is trial 62 with value: 0.3726749919963718.
checkpoint_e29 window_influence: 0.31674705694613881, penalty_k: 0.26469124946242090, scale_lr: 0.11593069323050312, EAO: 0.293
Trial 778 finished with value: 0.2926950258735553 and parameters: {'window_influence': 0.3167470569461388, 'penalty_k': 0.2646912494624209, 'scale_lr': 0.11593069323050312}. Best is trial 62 with value: 0.3726749919963718.
checkpoint_e29 window_influence: 0.38776703403591539, penalty_k: 0.02683985423498467, scale_lr: 0.25090973888012325, EAO: 0.323
Trial 779 finished with value: 0.32252288560459125 and parameters: {'window_influence': 0.3877670340359154, 'penalty_k': 0.02683985423498467, 'scale_lr': 0.25090973888012325}. Best is trial 62 with value: 0.3726749919963718.
checkpoint_e29 window_influence: 0.57616711566307865, penalty_k: 0.30757576987588220, scale_lr: 0.56395262296373760, EAO: 0.263
Trial 780 finished with value: 0.2634848882136178 and parameters: {'window_influence': 0.5761671156630787, 'penalty_k': 0.3075757698758822, 'scale_lr': 0.5639526229637376}. Best is trial 62 with value: 0.3726749919963718.
checkpoint_e29 window_influence: 0.06202829681434674, penalty_k: 0.21769760035897184, scale_lr: 0.42784461251157047, EAO: 0.242
Trial 781 finished with value: 0.24216767751289248 and parameters: {'window_influence': 0.06202829681434674, 'penalty_k': 0.21769760035897184, 'scale_lr': 0.42784461251157047}. Best is trial 62 with value: 0.3726749919963718.
checkpoint_e29 window_influence: 0.32471067060810299, penalty_k: 0.34430532413819348, scale_lr: 0.65277071429080280, EAO: 0.342
Trial 782 finished with value: 0.3421742607647343 and parameters: {'window_influence': 0.324710670608103, 'penalty_k': 0.3443053241381935, 'scale_lr': 0.6527707142908028}. Best is trial 62 with value: 0.3726749919963718.
checkpoint_e29 window_influence: 0.47463142578455603, penalty_k: 0.08001821653906344, scale_lr: 0.62971016375061561, EAO: 0.352
Trial 783 finished with value: 0.35206193056551865 and parameters: {'window_influence': 0.474631425784556, 'penalty_k': 0.08001821653906344, 'scale_lr': 0.6297101637506156}. Best is trial 62 with value: 0.3726749919963718.
checkpoint_e29 window_influence: 0.52614224858832181, penalty_k: 0.56949449669769747, scale_lr: 0.47238161811293022, EAO: 0.289
Trial 784 finished with value: 0.28938885920242574 and parameters: {'window_influence': 0.5261422485883218, 'penalty_k': 0.5694944966976975, 'scale_lr': 0.4723816181129302}. Best is trial 62 with value: 0.3726749919963718.
checkpoint_e29 window_influence: 0.51297359429618117, penalty_k: 0.39829273691869627, scale_lr: 0.15468176171117404, EAO: 0.302
Trial 785 finished with value: 0.3023603649570784 and parameters: {'window_influence': 0.5129735942961812, 'penalty_k': 0.39829273691869627, 'scale_lr': 0.15468176171117404}. Best is trial 62 with value: 0.3726749919963718.
checkpoint_e29 window_influence: 0.25033348034102415, penalty_k: 0.14262613613242897, scale_lr: 0.20448244621706216, EAO: 0.305
Trial 786 finished with value: 0.30492902579010694 and parameters: {'window_influence': 0.25033348034102415, 'penalty_k': 0.14262613613242897, 'scale_lr': 0.20448244621706216}. Best is trial 62 with value: 0.3726749919963718.
checkpoint_e29 window_influence: 0.44563746851595820, penalty_k: 0.04249537291455655, scale_lr: 0.59890857173782708, EAO: 0.346
Trial 787 finished with value: 0.3456605174198225 and parameters: {'window_influence': 0.4456374685159582, 'penalty_k': 0.04249537291455655, 'scale_lr': 0.5989085717378271}. Best is trial 62 with value: 0.3726749919963718.
checkpoint_e29 window_influence: 0.49471541531290464, penalty_k: 0.09524484601087166, scale_lr: 0.22845087644470852, EAO: 0.355
Trial 788 finished with value: 0.3548911274175236 and parameters: {'window_influence': 0.49471541531290464, 'penalty_k': 0.09524484601087166, 'scale_lr': 0.22845087644470852}. Best is trial 62 with value: 0.3726749919963718.
checkpoint_e29 window_influence: 0.29767538859627135, penalty_k: 0.59807169272317029, scale_lr: 0.25724093057638076, EAO: 0.290
Trial 789 finished with value: 0.2895349233414876 and parameters: {'window_influence': 0.29767538859627135, 'penalty_k': 0.5980716927231703, 'scale_lr': 0.25724093057638076}. Best is trial 62 with value: 0.3726749919963718.
checkpoint_e29 window_influence: 0.08045378685207016, penalty_k: 0.10487039229741069, scale_lr: 0.22051498071445802, EAO: 0.252
Trial 790 finished with value: 0.251922368365503 and parameters: {'window_influence': 0.08045378685207016, 'penalty_k': 0.10487039229741069, 'scale_lr': 0.22051498071445802}. Best is trial 62 with value: 0.3726749919963718.
checkpoint_e29 window_influence: 0.48515575845208669, penalty_k: 0.12215773531067027, scale_lr: 0.23701868268308787, EAO: 0.326
Trial 791 finished with value: 0.3263173450059928 and parameters: {'window_influence': 0.4851557584520867, 'penalty_k': 0.12215773531067027, 'scale_lr': 0.23701868268308787}. Best is trial 62 with value: 0.3726749919963718.
checkpoint_e29 window_influence: 0.46317253515770901, penalty_k: 0.48195967784082488, scale_lr: 0.20057097086905556, EAO: 0.318
Trial 792 finished with value: 0.31838486242155156 and parameters: {'window_influence': 0.463172535157709, 'penalty_k': 0.4819596778408249, 'scale_lr': 0.20057097086905556}. Best is trial 62 with value: 0.3726749919963718.
checkpoint_e29 window_influence: 0.49694775578024575, penalty_k: 0.09044148670355236, scale_lr: 0.21954744080684474, EAO: 0.341
Trial 793 finished with value: 0.3410332300319746 and parameters: {'window_influence': 0.49694775578024575, 'penalty_k': 0.09044148670355236, 'scale_lr': 0.21954744080684474}. Best is trial 62 with value: 0.3726749919963718.
checkpoint_e29 window_influence: 0.35166385409085998, penalty_k: 0.09421830810616448, scale_lr: 0.22901582896061359, EAO: 0.328
Trial 794 finished with value: 0.3282133599431598 and parameters: {'window_influence': 0.35166385409086, 'penalty_k': 0.09421830810616448, 'scale_lr': 0.2290158289606136}. Best is trial 62 with value: 0.3726749919963718.
checkpoint_e29 window_influence: 0.47822030922910019, penalty_k: 0.11084796837065918, scale_lr: 0.28156892981630510, EAO: 0.341
Trial 795 finished with value: 0.3411340058313733 and parameters: {'window_influence': 0.4782203092291002, 'penalty_k': 0.11084796837065918, 'scale_lr': 0.2815689298163051}. Best is trial 62 with value: 0.3726749919963718.
checkpoint_e29 window_influence: 0.49038990261710075, penalty_k: 0.10095111705950198, scale_lr: 0.17673847978220783, EAO: 0.346
Trial 796 finished with value: 0.34598133362220884 and parameters: {'window_influence': 0.49038990261710075, 'penalty_k': 0.10095111705950198, 'scale_lr': 0.17673847978220783}. Best is trial 62 with value: 0.3726749919963718.
checkpoint_e29 window_influence: 0.47103935862220464, penalty_k: 0.08549989619963955, scale_lr: 0.24712009993895900, EAO: 0.341
Trial 797 finished with value: 0.341071093824587 and parameters: {'window_influence': 0.47103935862220464, 'penalty_k': 0.08549989619963955, 'scale_lr': 0.247120099938959}. Best is trial 62 with value: 0.3726749919963718.
checkpoint_e29 window_influence: 0.56399619948400503, penalty_k: 0.12576094767712764, scale_lr: 0.45932031978721172, EAO: 0.289
Trial 798 finished with value: 0.2887132084903086 and parameters: {'window_influence': 0.563996199484005, 'penalty_k': 0.12576094767712764, 'scale_lr': 0.4593203197872117}. Best is trial 62 with value: 0.3726749919963718.
checkpoint_e29 window_influence: 0.49829147149766029, penalty_k: 0.15526417720982733, scale_lr: 0.26299359873696643, EAO: 0.324
Trial 799 finished with value: 0.3239494518663169 and parameters: {'window_influence': 0.4982914714976603, 'penalty_k': 0.15526417720982733, 'scale_lr': 0.2629935987369664}. Best is trial 62 with value: 0.3726749919963718.
checkpoint_e29 window_influence: 0.45137154334604795, penalty_k: 0.20927099791478387, scale_lr: 0.13168273364839189, EAO: 0.350
Trial 800 finished with value: 0.34953007820979165 and parameters: {'window_influence': 0.45137154334604795, 'penalty_k': 0.20927099791478387, 'scale_lr': 0.1316827336483919}. Best is trial 62 with value: 0.3726749919963718.
checkpoint_e29 window_influence: 0.39314719672375320, penalty_k: 0.10953521999435960, scale_lr: 0.44233969233215636, EAO: 0.319
Trial 801 finished with value: 0.3191114959201924 and parameters: {'window_influence': 0.3931471967237532, 'penalty_k': 0.1095352199943596, 'scale_lr': 0.44233969233215636}. Best is trial 62 with value: 0.3726749919963718.
checkpoint_e29 window_influence: 0.51266581031782843, penalty_k: 0.16983003107652933, scale_lr: 0.19222188856582967, EAO: 0.326
Trial 802 finished with value: 0.32598574482745235 and parameters: {'window_influence': 0.5126658103178284, 'penalty_k': 0.16983003107652933, 'scale_lr': 0.19222188856582967}. Best is trial 62 with value: 0.3726749919963718.
checkpoint_e29 window_influence: 0.05917914091881582, penalty_k: 0.07772131743258121, scale_lr: 0.23106752742971928, EAO: 0.244
Trial 803 finished with value: 0.24443182581129705 and parameters: {'window_influence': 0.05917914091881582, 'penalty_k': 0.0777213174325812, 'scale_lr': 0.23106752742971928}. Best is trial 62 with value: 0.3726749919963718.
checkpoint_e29 window_influence: 0.48171454124194379, penalty_k: 0.09841628336707965, scale_lr: 0.39421786033292788, EAO: 0.343
Trial 804 finished with value: 0.34278110724942695 and parameters: {'window_influence': 0.4817145412419438, 'penalty_k': 0.09841628336707965, 'scale_lr': 0.3942178603329279}. Best is trial 62 with value: 0.3726749919963718.
checkpoint_e29 window_influence: 0.22165501149248398, penalty_k: 0.13666150337418181, scale_lr: 0.49547999634519413, EAO: 0.308
Trial 805 finished with value: 0.30840018246656264 and parameters: {'window_influence': 0.22165501149248398, 'penalty_k': 0.13666150337418181, 'scale_lr': 0.49547999634519413}. Best is trial 62 with value: 0.3726749919963718.
checkpoint_e29 window_influence: 0.10001031788236497, penalty_k: 0.07271183852550650, scale_lr: 0.48565890280154056, EAO: 0.262
