Trial 346 finished with value: 0.2521666879203997 and parameters: {'window_influence': 0.5857966240000035, 'penalty_k': 0.20824416975103668, 'scale_lr': 0.743652722137162}. Best is trial 310 with value: 0.36774729812655466.
checkpoint_e33 window_influence: 0.29146015426589922, penalty_k: 0.19325836745108924, scale_lr: 0.40693313826676775, EAO: 0.297
Trial 347 finished with value: 0.2969325228887773 and parameters: {'window_influence': 0.2914601542658992, 'penalty_k': 0.19325836745108924, 'scale_lr': 0.40693313826676775}. Best is trial 310 with value: 0.36774729812655466.
checkpoint_e33 window_influence: 0.44209756744281020, penalty_k: 0.17433322361790679, scale_lr: 0.37210215293864374, EAO: 0.352
Trial 348 finished with value: 0.3524644345856826 and parameters: {'window_influence': 0.4420975674428102, 'penalty_k': 0.1743332236179068, 'scale_lr': 0.37210215293864374}. Best is trial 310 with value: 0.36774729812655466.
checkpoint_e33 window_influence: 0.43336730370940169, penalty_k: 0.16470045243648843, scale_lr: 0.37438804966176020, EAO: 0.326
Trial 349 finished with value: 0.32567200024072296 and parameters: {'window_influence': 0.4333673037094017, 'penalty_k': 0.16470045243648843, 'scale_lr': 0.3743880496617602}. Best is trial 310 with value: 0.36774729812655466.
checkpoint_e33 window_influence: 0.44255874839458770, penalty_k: 0.33302446875088848, scale_lr: 0.28361832176796364, EAO: 0.335
Trial 350 finished with value: 0.3354225961150826 and parameters: {'window_influence': 0.4425587483945877, 'penalty_k': 0.3330244687508885, 'scale_lr': 0.28361832176796364}. Best is trial 310 with value: 0.36774729812655466.
checkpoint_e33 window_influence: 0.41631755848379515, penalty_k: 0.24391863851507883, scale_lr: 0.62601656542026041, EAO: 0.318
Trial 351 finished with value: 0.31808165197010635 and parameters: {'window_influence': 0.41631755848379515, 'penalty_k': 0.24391863851507883, 'scale_lr': 0.6260165654202604}. Best is trial 310 with value: 0.36774729812655466.
checkpoint_e33 window_influence: 0.56910248007851227, penalty_k: 0.22607545364226531, scale_lr: 0.37650631221027792, EAO: 0.281
Trial 352 finished with value: 0.2806984652341108 and parameters: {'window_influence': 0.5691024800785123, 'penalty_k': 0.2260754536422653, 'scale_lr': 0.3765063122102779}. Best is trial 310 with value: 0.36774729812655466.
checkpoint_e33 window_influence: 0.45236362223844800, penalty_k: 0.25078406170872614, scale_lr: 0.34306475110825607, EAO: 0.339
Trial 353 finished with value: 0.3386945622440442 and parameters: {'window_influence': 0.452363622238448, 'penalty_k': 0.25078406170872614, 'scale_lr': 0.34306475110825607}. Best is trial 310 with value: 0.36774729812655466.
checkpoint_e33 window_influence: 0.43075844926525486, penalty_k: 0.21486746335994156, scale_lr: 0.36341363156675721, EAO: 0.336
Trial 354 finished with value: 0.3358915907399664 and parameters: {'window_influence': 0.43075844926525486, 'penalty_k': 0.21486746335994156, 'scale_lr': 0.3634136315667572}. Best is trial 310 with value: 0.36774729812655466.
checkpoint_e33 window_influence: 0.45862453683430915, penalty_k: 0.17597362388059265, scale_lr: 0.53694648108871346, EAO: 0.340
Trial 355 finished with value: 0.3403425463674597 and parameters: {'window_influence': 0.45862453683430915, 'penalty_k': 0.17597362388059265, 'scale_lr': 0.5369464810887135}. Best is trial 310 with value: 0.36774729812655466.
checkpoint_e33 window_influence: 0.44302536430433337, penalty_k: 0.20485710339878324, scale_lr: 0.78769387856533435, EAO: 0.345
Trial 356 finished with value: 0.34535058509514954 and parameters: {'window_influence': 0.44302536430433337, 'penalty_k': 0.20485710339878324, 'scale_lr': 0.7876938785653343}. Best is trial 310 with value: 0.36774729812655466.
checkpoint_e33 window_influence: 0.40999074604370944, penalty_k: 0.29228788828510027, scale_lr: 0.17263126997450728, EAO: 0.332
Trial 357 finished with value: 0.3319573540979786 and parameters: {'window_influence': 0.40999074604370944, 'penalty_k': 0.2922878882851003, 'scale_lr': 0.17263126997450728}. Best is trial 310 with value: 0.36774729812655466.
checkpoint_e33 window_influence: 0.46957854761187379, penalty_k: 0.26425484553479661, scale_lr: 0.48205239534730543, EAO: 0.335
Trial 358 finished with value: 0.3348120418504054 and parameters: {'window_influence': 0.4695785476118738, 'penalty_k': 0.2642548455347966, 'scale_lr': 0.48205239534730543}. Best is trial 310 with value: 0.36774729812655466.
checkpoint_e33 window_influence: 0.45413831695543194, penalty_k: 0.23281982705789719, scale_lr: 0.39638671988976376, EAO: 0.313
Trial 359 finished with value: 0.31295500666714826 and parameters: {'window_influence': 0.45413831695543194, 'penalty_k': 0.2328198270578972, 'scale_lr': 0.39638671988976376}. Best is trial 310 with value: 0.36774729812655466.
checkpoint_e33 window_influence: 0.44112551281310430, penalty_k: 0.14461917119962373, scale_lr: 0.68421378177772985, EAO: 0.336
Trial 360 finished with value: 0.33566770583739075 and parameters: {'window_influence': 0.4411255128131043, 'penalty_k': 0.14461917119962373, 'scale_lr': 0.6842137817777298}. Best is trial 310 with value: 0.36774729812655466.
checkpoint_e33 window_influence: 0.38487930361313299, penalty_k: 0.22286988992458506, scale_lr: 0.42723706061352618, EAO: 0.320
Trial 361 finished with value: 0.3198022205773958 and parameters: {'window_influence': 0.384879303613133, 'penalty_k': 0.22286988992458506, 'scale_lr': 0.4272370606135262}. Best is trial 310 with value: 0.36774729812655466.
checkpoint_e33 window_influence: 0.54030364647366613, penalty_k: 0.24745743233865114, scale_lr: 0.35563633990178606, EAO: 0.306
Trial 362 finished with value: 0.30649709434824696 and parameters: {'window_influence': 0.5403036464736661, 'penalty_k': 0.24745743233865114, 'scale_lr': 0.35563633990178606}. Best is trial 310 with value: 0.36774729812655466.
checkpoint_e33 window_influence: 0.42581973093162429, penalty_k: 0.21224189843031513, scale_lr: 0.69131107430745309, EAO: 0.326
Trial 363 finished with value: 0.3256995949299883 and parameters: {'window_influence': 0.4258197309316243, 'penalty_k': 0.21224189843031513, 'scale_lr': 0.6913110743074531}. Best is trial 310 with value: 0.36774729812655466.
checkpoint_e33 window_influence: 0.46565878022149121, penalty_k: 0.27237927773862142, scale_lr: 0.36931044067685692, EAO: 0.336
Trial 364 finished with value: 0.3361015250246812 and parameters: {'window_influence': 0.4656587802214912, 'penalty_k': 0.2723792777386214, 'scale_lr': 0.3693104406768569}. Best is trial 310 with value: 0.36774729812655466.
checkpoint_e33 window_influence: 0.35547211718440669, penalty_k: 0.19802876711511369, scale_lr: 0.33299472191288582, EAO: 0.323
Trial 365 finished with value: 0.32253091814221113 and parameters: {'window_influence': 0.3554721171844067, 'penalty_k': 0.1980287671151137, 'scale_lr': 0.3329947219128858}. Best is trial 310 with value: 0.36774729812655466.
checkpoint_e33 window_influence: 0.47714663447766892, penalty_k: 0.17196604055626968, scale_lr: 0.79542972839592174, EAO: 0.328
Trial 366 finished with value: 0.3275646994665903 and parameters: {'window_influence': 0.4771466344776689, 'penalty_k': 0.17196604055626968, 'scale_lr': 0.7954297283959217}. Best is trial 310 with value: 0.36774729812655466.
checkpoint_e33 window_influence: 0.55017057580253459, penalty_k: 0.23566428369862427, scale_lr: 0.40602209078174206, EAO: 0.293
Trial 367 finished with value: 0.29339288580974254 and parameters: {'window_influence': 0.5501705758025346, 'penalty_k': 0.23566428369862427, 'scale_lr': 0.40602209078174206}. Best is trial 310 with value: 0.36774729812655466.
checkpoint_e33 window_influence: 0.45449260349700321, penalty_k: 0.34821791261260093, scale_lr: 0.18561342982774828, EAO: 0.322
Trial 368 finished with value: 0.3217997796224713 and parameters: {'window_influence': 0.4544926034970032, 'penalty_k': 0.34821791261260093, 'scale_lr': 0.18561342982774828}. Best is trial 310 with value: 0.36774729812655466.
checkpoint_e33 window_influence: 0.34048888382644377, penalty_k: 0.18590318806218240, scale_lr: 0.52921939027981668, EAO: 0.311
Trial 369 finished with value: 0.3105704749024796 and parameters: {'window_influence': 0.34048888382644377, 'penalty_k': 0.1859031880621824, 'scale_lr': 0.5292193902798167}. Best is trial 310 with value: 0.36774729812655466.
checkpoint_e33 window_influence: 0.43724194691523594, penalty_k: 0.22776212338884969, scale_lr: 0.34087335612452585, EAO: 0.328
Trial 370 finished with value: 0.3281891021863032 and parameters: {'window_influence': 0.43724194691523594, 'penalty_k': 0.22776212338884969, 'scale_lr': 0.34087335612452585}. Best is trial 310 with value: 0.36774729812655466.
checkpoint_e33 window_influence: 0.40146833207927973, penalty_k: 0.30222404009387627, scale_lr: 0.45812229234665358, EAO: 0.321
Trial 371 finished with value: 0.3208390022646128 and parameters: {'window_influence': 0.40146833207927973, 'penalty_k': 0.30222404009387627, 'scale_lr': 0.4581222923466536}. Best is trial 310 with value: 0.36774729812655466.
checkpoint_e33 window_influence: 0.48968318676577743, penalty_k: 0.24979022351685456, scale_lr: 0.38146614701870929, EAO: 0.312
Trial 372 finished with value: 0.3119072850344246 and parameters: {'window_influence': 0.48968318676577743, 'penalty_k': 0.24979022351685456, 'scale_lr': 0.3814661470187093}. Best is trial 310 with value: 0.36774729812655466.
checkpoint_e33 window_influence: 0.42533519857962515, penalty_k: 0.43085457405260191, scale_lr: 0.64941105503021035, EAO: 0.325
Trial 373 finished with value: 0.3246256796070574 and parameters: {'window_influence': 0.42533519857962515, 'penalty_k': 0.4308545740526019, 'scale_lr': 0.6494110550302103}. Best is trial 310 with value: 0.36774729812655466.
checkpoint_e33 window_influence: 0.50909777859338301, penalty_k: 0.21731719051853421, scale_lr: 0.74653367286250871, EAO: 0.295
Trial 374 finished with value: 0.29529845175344194 and parameters: {'window_influence': 0.509097778593383, 'penalty_k': 0.2173171905185342, 'scale_lr': 0.7465336728625087}. Best is trial 310 with value: 0.36774729812655466.
checkpoint_e33 window_influence: 0.62271709050552226, penalty_k: 0.20524693741017819, scale_lr: 0.22616326375777759, EAO: 0.248
Trial 375 finished with value: 0.24792806102607964 and parameters: {'window_influence': 0.6227170905055223, 'penalty_k': 0.2052469374101782, 'scale_lr': 0.2261632637577776}. Best is trial 310 with value: 0.36774729812655466.
checkpoint_e33 window_influence: 0.46127956721751384, penalty_k: 0.23604364971773381, scale_lr: 0.43415491260396677, EAO: 0.326
Trial 376 finished with value: 0.32580735363385094 and parameters: {'window_influence': 0.46127956721751384, 'penalty_k': 0.2360436497177338, 'scale_lr': 0.43415491260396677}. Best is trial 310 with value: 0.36774729812655466.
checkpoint_e33 window_influence: 0.36772924800205326, penalty_k: 0.26027445323260834, scale_lr: 0.38132523084166314, EAO: 0.322
Trial 377 finished with value: 0.32243527425634255 and parameters: {'window_influence': 0.36772924800205326, 'penalty_k': 0.26027445323260834, 'scale_lr': 0.38132523084166314}. Best is trial 310 with value: 0.36774729812655466.
checkpoint_e33 window_influence: 0.44719053121859814, penalty_k: 0.15410029863393790, scale_lr: 0.72537154622601896, EAO: 0.336
Trial 378 finished with value: 0.3363677691160937 and parameters: {'window_influence': 0.44719053121859814, 'penalty_k': 0.1541002986339379, 'scale_lr': 0.725371546226019}. Best is trial 310 with value: 0.36774729812655466.
checkpoint_e33 window_influence: 0.47462741342358128, penalty_k: 0.55067602330078647, scale_lr: 0.16753753886104578, EAO: 0.289
Trial 379 finished with value: 0.2885111837071667 and parameters: {'window_influence': 0.4746274134235813, 'penalty_k': 0.5506760233007865, 'scale_lr': 0.16753753886104578}. Best is trial 310 with value: 0.36774729812655466.
checkpoint_e33 window_influence: 0.41567301745503732, penalty_k: 0.19476840577254378, scale_lr: 0.72858580378285487, EAO: 0.346
Trial 380 finished with value: 0.34588083752398363 and parameters: {'window_influence': 0.4156730174550373, 'penalty_k': 0.19476840577254378, 'scale_lr': 0.7285858037828549}. Best is trial 310 with value: 0.36774729812655466.
checkpoint_e33 window_influence: 0.45999871858339658, penalty_k: 0.58489236578168513, scale_lr: 0.28918062755435692, EAO: 0.294
Trial 381 finished with value: 0.2944318439941926 and parameters: {'window_influence': 0.4599987185833966, 'penalty_k': 0.5848923657816851, 'scale_lr': 0.2891806275543569}. Best is trial 310 with value: 0.36774729812655466.
checkpoint_e33 window_influence: 0.44290410731328900, penalty_k: 0.46910406551515021, scale_lr: 0.19671139746057367, EAO: 0.309
Trial 382 finished with value: 0.3087232505417056 and parameters: {'window_influence': 0.442904107313289, 'penalty_k': 0.4691040655151502, 'scale_lr': 0.19671139746057367}. Best is trial 310 with value: 0.36774729812655466.
checkpoint_e33 window_influence: 0.48275227880244720, penalty_k: 0.31618151060410948, scale_lr: 0.38991424590817253, EAO: 0.308
Trial 383 finished with value: 0.30804998917570375 and parameters: {'window_influence': 0.4827522788024472, 'penalty_k': 0.3161815106041095, 'scale_lr': 0.38991424590817253}. Best is trial 310 with value: 0.36774729812655466.
checkpoint_e33 window_influence: 0.49876627205639640, penalty_k: 0.44959015386846224, scale_lr: 0.24164019379229501, EAO: 0.305
Trial 384 finished with value: 0.3049370488767958 and parameters: {'window_influence': 0.4987662720563964, 'penalty_k': 0.44959015386846224, 'scale_lr': 0.241640193792295}. Best is trial 310 with value: 0.36774729812655466.
checkpoint_e33 window_influence: 0.46876391372274362, penalty_k: 0.22014939014609713, scale_lr: 0.55156192364367762, EAO: 0.337
Trial 385 finished with value: 0.33734611279769633 and parameters: {'window_influence': 0.4687639137227436, 'penalty_k': 0.22014939014609713, 'scale_lr': 0.5515619236436776}. Best is trial 310 with value: 0.36774729812655466.
checkpoint_e33 window_influence: 0.43217229992934908, penalty_k: 0.24189407475258420, scale_lr: 0.21489172225822956, EAO: 0.330
Trial 386 finished with value: 0.32987884869835254 and parameters: {'window_influence': 0.4321722999293491, 'penalty_k': 0.2418940747525842, 'scale_lr': 0.21489172225822956}. Best is trial 310 with value: 0.36774729812655466.
checkpoint_e33 window_influence: 0.44959841944925311, penalty_k: 0.18013954632116200, scale_lr: 0.17916707755441796, EAO: 0.328
Trial 387 finished with value: 0.32787527816536827 and parameters: {'window_influence': 0.4495984194492531, 'penalty_k': 0.180139546321162, 'scale_lr': 0.17916707755441796}. Best is trial 310 with value: 0.36774729812655466.
checkpoint_e33 window_influence: 0.46046429405452993, penalty_k: 0.21166300425183540, scale_lr: 0.48798229459024056, EAO: 0.341
Trial 388 finished with value: 0.3409841678717721 and parameters: {'window_influence': 0.46046429405452993, 'penalty_k': 0.2116630042518354, 'scale_lr': 0.48798229459024056}. Best is trial 310 with value: 0.36774729812655466.
checkpoint_e33 window_influence: 0.47609455473373297, penalty_k: 0.37201793939092165, scale_lr: 0.20274043842040207, EAO: 0.317
Trial 389 finished with value: 0.31692013938835156 and parameters: {'window_influence': 0.47609455473373297, 'penalty_k': 0.37201793939092165, 'scale_lr': 0.20274043842040207}. Best is trial 310 with value: 0.36774729812655466.
checkpoint_e33 window_influence: 0.23460415144475272, penalty_k: 0.22700126395735001, scale_lr: 0.26735419528611443, EAO: 0.287
Trial 390 finished with value: 0.2873433238685363 and parameters: {'window_influence': 0.23460415144475272, 'penalty_k': 0.22700126395735, 'scale_lr': 0.2673541952861144}. Best is trial 310 with value: 0.36774729812655466.
checkpoint_e33 window_influence: 0.40916591154608994, penalty_k: 0.27333800292056148, scale_lr: 0.46207116083271266, EAO: 0.325
Trial 391 finished with value: 0.3253757695047772 and parameters: {'window_influence': 0.40916591154608994, 'penalty_k': 0.2733380029205615, 'scale_lr': 0.46207116083271266}. Best is trial 310 with value: 0.36774729812655466.
checkpoint_e33 window_influence: 0.42306197013965552, penalty_k: 0.35474097614836714, scale_lr: 0.16522830005251993, EAO: 0.350
Trial 392 finished with value: 0.350469390821828 and parameters: {'window_influence': 0.4230619701396555, 'penalty_k': 0.35474097614836714, 'scale_lr': 0.16522830005251993}. Best is trial 310 with value: 0.36774729812655466.
checkpoint_e33 window_influence: 0.42172759949942690, penalty_k: 0.40057270757686303, scale_lr: 0.31327833549376816, EAO: 0.318
Trial 393 finished with value: 0.3179831210277424 and parameters: {'window_influence': 0.4217275994994269, 'penalty_k': 0.40057270757686303, 'scale_lr': 0.31327833549376816}. Best is trial 310 with value: 0.36774729812655466.
checkpoint_e33 window_influence: 0.43228375150076837, penalty_k: 0.33103294533579580, scale_lr: 0.49310952770543326, EAO: 0.313
Trial 394 finished with value: 0.313420264347518 and parameters: {'window_influence': 0.43228375150076837, 'penalty_k': 0.3310329453357958, 'scale_lr': 0.49310952770543326}. Best is trial 310 with value: 0.36774729812655466.
checkpoint_e33 window_influence: 0.40024024043954198, penalty_k: 0.20200711367302726, scale_lr: 0.47928738081477995, EAO: 0.321
Trial 395 finished with value: 0.32133849057937874 and parameters: {'window_influence': 0.400240240439542, 'penalty_k': 0.20200711367302726, 'scale_lr': 0.47928738081477995}. Best is trial 310 with value: 0.36774729812655466.
checkpoint_e33 window_influence: 0.42011683279284989, penalty_k: 0.27954193184267823, scale_lr: 0.78537770359713077, EAO: 0.344
Trial 396 finished with value: 0.34439001473007497 and parameters: {'window_influence': 0.4201168327928499, 'penalty_k': 0.2795419318426782, 'scale_lr': 0.7853777035971308}. Best is trial 310 with value: 0.36774729812655466.
checkpoint_e33 window_influence: 0.39370950367956853, penalty_k: 0.50826313992427885, scale_lr: 0.16391334262157545, EAO: 0.302
Trial 397 finished with value: 0.3022294852172354 and parameters: {'window_influence': 0.39370950367956853, 'penalty_k': 0.5082631399242789, 'scale_lr': 0.16391334262157545}. Best is trial 310 with value: 0.36774729812655466.
checkpoint_e33 window_influence: 0.44071482412028878, penalty_k: 0.49214025223485419, scale_lr: 0.15207256942765887, EAO: 0.326
Trial 398 finished with value: 0.3264641820920581 and parameters: {'window_influence': 0.4407148241202888, 'penalty_k': 0.4921402522348542, 'scale_lr': 0.15207256942765887}. Best is trial 310 with value: 0.36774729812655466.
checkpoint_e33 window_influence: 0.40934412221806515, penalty_k: 0.54469182007540329, scale_lr: 0.75558047172381770, EAO: 0.319
Trial 399 finished with value: 0.31886869396449063 and parameters: {'window_influence': 0.40934412221806515, 'penalty_k': 0.5446918200754033, 'scale_lr': 0.7555804717238177}. Best is trial 310 with value: 0.36774729812655466.
checkpoint_e33 window_influence: 0.37750798111202777, penalty_k: 0.42968990730259082, scale_lr: 0.11552946550906605, EAO: 0.334
Trial 400 finished with value: 0.3337052048180354 and parameters: {'window_influence': 0.37750798111202777, 'penalty_k': 0.4296899073025908, 'scale_lr': 0.11552946550906605}. Best is trial 310 with value: 0.36774729812655466.
checkpoint_e33 window_influence: 0.44823428151957506, penalty_k: 0.37263338768984128, scale_lr: 0.18890860000210161, EAO: 0.331
Trial 401 finished with value: 0.33137886742209643 and parameters: {'window_influence': 0.44823428151957506, 'penalty_k': 0.3726333876898413, 'scale_lr': 0.1889086000021016}. Best is trial 310 with value: 0.36774729812655466.
checkpoint_e33 window_influence: 0.42927960157003503, penalty_k: 0.43910066863810571, scale_lr: 0.57895532346282896, EAO: 0.324
Trial 402 finished with value: 0.32352552415100055 and parameters: {'window_influence': 0.42927960157003503, 'penalty_k': 0.4391006686381057, 'scale_lr': 0.578955323462829}. Best is trial 310 with value: 0.36774729812655466.
checkpoint_e33 window_influence: 0.48988664481125399, penalty_k: 0.03598064398802342, scale_lr: 0.64783411720323358, EAO: 0.354
Trial 403 finished with value: 0.353725199221637 and parameters: {'window_influence': 0.489886644811254, 'penalty_k': 0.03598064398802342, 'scale_lr': 0.6478341172032336}. Best is trial 310 with value: 0.36774729812655466.
checkpoint_e33 window_influence: 0.48102489468571547, penalty_k: 0.13417630903528455, scale_lr: 0.69633113149265280, EAO: 0.357
Trial 404 finished with value: 0.3566745615886807 and parameters: {'window_influence': 0.48102489468571547, 'penalty_k': 0.13417630903528455, 'scale_lr': 0.6963311314926528}. Best is trial 310 with value: 0.36774729812655466.
checkpoint_e33 window_influence: 0.50590761900390602, penalty_k: 0.16826537266054725, scale_lr: 0.69364243456788921, EAO: 0.334
Trial 405 finished with value: 0.33425318626578215 and parameters: {'window_influence': 0.505907619003906, 'penalty_k': 0.16826537266054725, 'scale_lr': 0.6936424345678892}. Best is trial 310 with value: 0.36774729812655466.
checkpoint_e33 window_influence: 0.49238564780798189, penalty_k: 0.06590687900661979, scale_lr: 0.71688628995985937, EAO: 0.336
Trial 406 finished with value: 0.33569333096422577 and parameters: {'window_influence': 0.4923856478079819, 'penalty_k': 0.06590687900661979, 'scale_lr': 0.7168862899598594}. Best is trial 310 with value: 0.36774729812655466.
checkpoint_e33 window_influence: 0.48983951855258212, penalty_k: 0.10535387686525508, scale_lr: 0.22775409805952271, EAO: 0.316
Trial 407 finished with value: 0.3157146927331672 and parameters: {'window_influence': 0.4898395185525821, 'penalty_k': 0.10535387686525508, 'scale_lr': 0.2277540980595227}. Best is trial 310 with value: 0.36774729812655466.
checkpoint_e33 window_influence: 0.51148754714371447, penalty_k: 0.10695775957140664, scale_lr: 0.67345276899401263, EAO: 0.317
