Trial 152 finished with value: 0.3254707418527121 and parameters: {'window_influence': 0.4157373409043691, 'penalty_k': 0.43091233849612043, 'scale_lr': 0.7686593257665938}. Best is trial 14 with value: 0.33692474274783746.
checkpoint_e18 window_influence: 0.50543729636864443, penalty_k: 0.01851475378652452, scale_lr: 0.33457178929788661, EAO: 0.327
Trial 72 finished with value: 0.32661591574607657 and parameters: {'window_influence': 0.5054372963686444, 'penalty_k': 0.018514753786524524, 'scale_lr': 0.3345717892978866}. Best is trial 31 with value: 0.34328013252655354.
checkpoint_e18 window_influence: 0.41939079593213296, penalty_k: 0.42531794724322125, scale_lr: 0.77379506600822068, EAO: 0.323
Trial 153 finished with value: 0.32251293655731333 and parameters: {'window_influence': 0.41939079593213296, 'penalty_k': 0.42531794724322125, 'scale_lr': 0.7737950660082207}. Best is trial 14 with value: 0.33692474274783746.
checkpoint_e18 window_influence: 0.37814263770877954, penalty_k: 0.39383904029650196, scale_lr: 0.79883825059463953, EAO: 0.297
Trial 154 finished with value: 0.29692034637881626 and parameters: {'window_influence': 0.37814263770877954, 'penalty_k': 0.39383904029650196, 'scale_lr': 0.7988382505946395}. Best is trial 14 with value: 0.33692474274783746.
checkpoint_e18 window_influence: 0.45928750888055314, penalty_k: 0.03821695754561098, scale_lr: 0.36888408873157474, EAO: 0.300
Trial 73 finished with value: 0.2998788640308937 and parameters: {'window_influence': 0.45928750888055314, 'penalty_k': 0.03821695754561098, 'scale_lr': 0.36888408873157474}. Best is trial 31 with value: 0.34328013252655354.
checkpoint_e18 window_influence: 0.40403061846763016, penalty_k: 0.44053534631775487, scale_lr: 0.76601501061970390, EAO: 0.317
Trial 155 finished with value: 0.317466022787391 and parameters: {'window_influence': 0.40403061846763016, 'penalty_k': 0.4405353463177549, 'scale_lr': 0.7660150106197039}. Best is trial 14 with value: 0.33692474274783746.
checkpoint_e18 window_influence: 0.42192581247161198, penalty_k: 0.45735243490838440, scale_lr: 0.75315415177874168, EAO: 0.309
Trial 156 finished with value: 0.30870242474839843 and parameters: {'window_influence': 0.421925812471612, 'penalty_k': 0.4573524349083844, 'scale_lr': 0.7531541517787417}. Best is trial 14 with value: 0.33692474274783746.
checkpoint_e18 window_influence: 0.41044960379920475, penalty_k: 0.07076442793414886, scale_lr: 0.39587503265503571, EAO: 0.301
Trial 74 finished with value: 0.300668332711268 and parameters: {'window_influence': 0.41044960379920475, 'penalty_k': 0.07076442793414886, 'scale_lr': 0.3958750326550357}. Best is trial 31 with value: 0.34328013252655354.
checkpoint_e18 window_influence: 0.43748212338336051, penalty_k: 0.40494258808677575, scale_lr: 0.77184999174988767, EAO: 0.331
Trial 157 finished with value: 0.3312693868513701 and parameters: {'window_influence': 0.4374821233833605, 'penalty_k': 0.40494258808677575, 'scale_lr': 0.7718499917498877}. Best is trial 14 with value: 0.33692474274783746.
checkpoint_e18 window_influence: 0.43971374010572184, penalty_k: 0.40815153060867959, scale_lr: 0.73915134277089412, EAO: 0.320
Trial 158 finished with value: 0.3195490283956787 and parameters: {'window_influence': 0.43971374010572184, 'penalty_k': 0.4081515306086796, 'scale_lr': 0.7391513427708941}. Best is trial 14 with value: 0.33692474274783746.
checkpoint_e18 window_influence: 0.49999351539378406, penalty_k: 0.00190820591977881, scale_lr: 0.30461380487333628, EAO: 0.321
Trial 75 finished with value: 0.32088401855661713 and parameters: {'window_influence': 0.49999351539378406, 'penalty_k': 0.001908205919778811, 'scale_lr': 0.3046138048733363}. Best is trial 31 with value: 0.34328013252655354.
checkpoint_e18 window_influence: 0.45732094159473857, penalty_k: 0.40114836179291757, scale_lr: 0.78646599638821768, EAO: 0.290
Trial 159 finished with value: 0.28961419514181086 and parameters: {'window_influence': 0.4573209415947386, 'penalty_k': 0.4011483617929176, 'scale_lr': 0.7864659963882177}. Best is trial 14 with value: 0.33692474274783746.
checkpoint_e18 window_influence: 0.48115495599834252, penalty_k: 0.43331288697680287, scale_lr: 0.56094268860308827, EAO: 0.311
Trial 160 finished with value: 0.3111929313102121 and parameters: {'window_influence': 0.4811549559983425, 'penalty_k': 0.43331288697680287, 'scale_lr': 0.5609426886030883}. Best is trial 14 with value: 0.33692474274783746.
checkpoint_e18 window_influence: 0.44016685157293589, penalty_k: 0.09661208830817826, scale_lr: 0.34660805342463619, EAO: 0.307
Trial 76 finished with value: 0.3073628305345194 and parameters: {'window_influence': 0.4401668515729359, 'penalty_k': 0.09661208830817826, 'scale_lr': 0.3466080534246362}. Best is trial 31 with value: 0.34328013252655354.
checkpoint_e18 window_influence: 0.43204370711858725, penalty_k: 0.42109208674718634, scale_lr: 0.77169917015007516, EAO: 0.334
Trial 161 finished with value: 0.33356463387318624 and parameters: {'window_influence': 0.43204370711858725, 'penalty_k': 0.42109208674718634, 'scale_lr': 0.7716991701500752}. Best is trial 14 with value: 0.33692474274783746.
checkpoint_e18 window_influence: 0.43228117080659556, penalty_k: 0.38529056350795787, scale_lr: 0.61784635120104847, EAO: 0.300
Trial 162 finished with value: 0.30006765611904607 and parameters: {'window_influence': 0.43228117080659556, 'penalty_k': 0.3852905635079579, 'scale_lr': 0.6178463512010485}. Best is trial 14 with value: 0.33692474274783746.
checkpoint_e18 window_influence: 0.49067410125458610, penalty_k: 0.05636332028658444, scale_lr: 0.42916232170782370, EAO: 0.302
Trial 77 finished with value: 0.30233203779166773 and parameters: {'window_influence': 0.4906741012545861, 'penalty_k': 0.05636332028658444, 'scale_lr': 0.4291623217078237}. Best is trial 31 with value: 0.34328013252655354.
checkpoint_e18 window_influence: 0.45543672278184794, penalty_k: 0.37957924141840044, scale_lr: 0.76518191063045671, EAO: 0.295
Trial 163 finished with value: 0.29489425433516964 and parameters: {'window_influence': 0.45543672278184794, 'penalty_k': 0.37957924141840044, 'scale_lr': 0.7651819106304567}. Best is trial 14 with value: 0.33692474274783746.
checkpoint_e18 window_influence: 0.36365972805223551, penalty_k: 0.42728058945988429, scale_lr: 0.75216517061774635, EAO: 0.302
Trial 164 finished with value: 0.30237782326189927 and parameters: {'window_influence': 0.3636597280522355, 'penalty_k': 0.4272805894598843, 'scale_lr': 0.7521651706177463}. Best is trial 14 with value: 0.33692474274783746.
checkpoint_e18 window_influence: 0.44310819492866338, penalty_k: 0.41309516290483611, scale_lr: 0.72638977578102837, EAO: 0.324
Trial 165 finished with value: 0.32374677311353645 and parameters: {'window_influence': 0.4431081949286634, 'penalty_k': 0.4130951629048361, 'scale_lr': 0.7263897757810284}. Best is trial 14 with value: 0.33692474274783746.
checkpoint_e18 window_influence: 0.47152716566420122, penalty_k: 0.02855546553423319, scale_lr: 0.36754595541329227, EAO: 0.311
Trial 78 finished with value: 0.31130296838422694 and parameters: {'window_influence': 0.4715271656642012, 'penalty_k': 0.02855546553423319, 'scale_lr': 0.36754595541329227}. Best is trial 31 with value: 0.34328013252655354.
checkpoint_e18 window_influence: 0.44286605913291222, penalty_k: 0.40982051618171589, scale_lr: 0.50482495314871079, EAO: 0.327
Trial 166 finished with value: 0.3274231329850186 and parameters: {'window_influence': 0.4428660591329122, 'penalty_k': 0.4098205161817159, 'scale_lr': 0.5048249531487108}. Best is trial 14 with value: 0.33692474274783746.
checkpoint_e18 window_influence: 0.42953719916400451, penalty_k: 0.39692472936517909, scale_lr: 0.45038137235184711, EAO: 0.321
Trial 167 finished with value: 0.3212476726983772 and parameters: {'window_influence': 0.4295371991640045, 'penalty_k': 0.3969247293651791, 'scale_lr': 0.4503813723518471}. Best is trial 14 with value: 0.33692474274783746.
checkpoint_e18 window_influence: 0.42188889138444319, penalty_k: 0.07950279467188465, scale_lr: 0.39603704923400751, EAO: 0.307
Trial 79 finished with value: 0.30665514632653634 and parameters: {'window_influence': 0.4218888913844432, 'penalty_k': 0.07950279467188465, 'scale_lr': 0.3960370492340075}. Best is trial 31 with value: 0.34328013252655354.
checkpoint_e18 window_influence: 0.44157821251986795, penalty_k: 0.36260802082388949, scale_lr: 0.42438137178574914, EAO: 0.310
Trial 168 finished with value: 0.30951112555158744 and parameters: {'window_influence': 0.44157821251986795, 'penalty_k': 0.3626080208238895, 'scale_lr': 0.42438137178574914}. Best is trial 14 with value: 0.33692474274783746.
checkpoint_e18 window_influence: 0.41225529464373878, penalty_k: 0.41974562345497679, scale_lr: 0.63215835792557384, EAO: 0.306
Trial 169 finished with value: 0.30647772394033723 and parameters: {'window_influence': 0.4122552946437388, 'penalty_k': 0.4197456234549768, 'scale_lr': 0.6321583579255738}. Best is trial 14 with value: 0.33692474274783746.
checkpoint_e18 window_influence: 0.52123396059305105, penalty_k: 0.01213980418452048, scale_lr: 0.32754859663527724, EAO: 0.298
Trial 80 finished with value: 0.2981384610503564 and parameters: {'window_influence': 0.521233960593051, 'penalty_k': 0.012139804184520476, 'scale_lr': 0.32754859663527724}. Best is trial 31 with value: 0.34328013252655354.
checkpoint_e18 window_influence: 0.38859762683865140, penalty_k: 0.41147010332220529, scale_lr: 0.53329028331735440, EAO: 0.308
Trial 170 finished with value: 0.30751123914226947 and parameters: {'window_influence': 0.3885976268386514, 'penalty_k': 0.4114701033222053, 'scale_lr': 0.5332902833173544}. Best is trial 14 with value: 0.33692474274783746.
checkpoint_e18 window_influence: 0.46407677140452408, penalty_k: 0.43547345022345563, scale_lr: 0.77498798539650715, EAO: 0.323
Trial 171 finished with value: 0.32324889255868783 and parameters: {'window_influence': 0.4640767714045241, 'penalty_k': 0.4354734502234556, 'scale_lr': 0.7749879853965072}. Best is trial 14 with value: 0.33692474274783746.
checkpoint_e18 window_influence: 0.50930242091917122, penalty_k: 0.01844104418448464, scale_lr: 0.33893091412509058, EAO: 0.336
Trial 81 finished with value: 0.3357091082789091 and parameters: {'window_influence': 0.5093024209191712, 'penalty_k': 0.01844104418448464, 'scale_lr': 0.3389309141250906}. Best is trial 31 with value: 0.34328013252655354.
checkpoint_e18 window_influence: 0.46578041422852090, penalty_k: 0.44252342773637909, scale_lr: 0.79997057628163326, EAO: 0.299
Trial 172 finished with value: 0.2994812459681285 and parameters: {'window_influence': 0.4657804142285209, 'penalty_k': 0.4425234277363791, 'scale_lr': 0.7999705762816333}. Best is trial 14 with value: 0.33692474274783746.
checkpoint_e18 window_influence: 0.44716544474794706, penalty_k: 0.40361571367499222, scale_lr: 0.25675025208085123, EAO: 0.307
Trial 173 finished with value: 0.30693915671875505 and parameters: {'window_influence': 0.44716544474794706, 'penalty_k': 0.4036157136749922, 'scale_lr': 0.2567502520808512}. Best is trial 14 with value: 0.33692474274783746.
checkpoint_e18 window_influence: 0.45637700248989227, penalty_k: 0.04135604649422818, scale_lr: 0.35055090171261183, EAO: 0.330
Trial 82 finished with value: 0.3295175416344335 and parameters: {'window_influence': 0.45637700248989227, 'penalty_k': 0.04135604649422818, 'scale_lr': 0.35055090171261183}. Best is trial 31 with value: 0.34328013252655354.
checkpoint_e18 window_influence: 0.43492947391469255, penalty_k: 0.45562330379169852, scale_lr: 0.77561223428716997, EAO: 0.299
Trial 174 finished with value: 0.2990719317694118 and parameters: {'window_influence': 0.43492947391469255, 'penalty_k': 0.4556233037916985, 'scale_lr': 0.77561223428717}. Best is trial 14 with value: 0.33692474274783746.
checkpoint_e18 window_influence: 0.45897688381582286, penalty_k: 0.43371350490754534, scale_lr: 0.72849222003622260, EAO: 0.316
Trial 175 finished with value: 0.31591971386731366 and parameters: {'window_influence': 0.45897688381582286, 'penalty_k': 0.43371350490754534, 'scale_lr': 0.7284922200362226}. Best is trial 14 with value: 0.33692474274783746.
checkpoint_e18 window_influence: 0.46008404110453610, penalty_k: 0.04857962019804068, scale_lr: 0.28413277207509352, EAO: 0.326
Trial 83 finished with value: 0.32555650690650195 and parameters: {'window_influence': 0.4600840411045361, 'penalty_k': 0.048579620198040685, 'scale_lr': 0.2841327720750935}. Best is trial 31 with value: 0.34328013252655354.
checkpoint_e18 window_influence: 0.42426027213263995, penalty_k: 0.41181180434955444, scale_lr: 0.47004272530706553, EAO: 0.305
Trial 176 finished with value: 0.30532093931728765 and parameters: {'window_influence': 0.42426027213263995, 'penalty_k': 0.41181180434955444, 'scale_lr': 0.47004272530706553}. Best is trial 14 with value: 0.33692474274783746.
checkpoint_e18 window_influence: 0.40054145287686882, penalty_k: 0.46510066710047160, scale_lr: 0.60213891868086500, EAO: 0.299
Trial 177 finished with value: 0.2993112318942519 and parameters: {'window_influence': 0.4005414528768688, 'penalty_k': 0.4651006671004716, 'scale_lr': 0.602138918680865}. Best is trial 14 with value: 0.33692474274783746.
checkpoint_e18 window_influence: 0.56937042704818941, penalty_k: 0.03991457652339818, scale_lr: 0.34882149203995150, EAO: 0.288
Trial 84 finished with value: 0.2880627464807451 and parameters: {'window_influence': 0.5693704270481894, 'penalty_k': 0.03991457652339818, 'scale_lr': 0.3488214920399515}. Best is trial 31 with value: 0.34328013252655354.
checkpoint_e18 window_influence: 0.47151929972954565, penalty_k: 0.53537251405138475, scale_lr: 0.74377476210767679, EAO: 0.296
Trial 178 finished with value: 0.2957935766951119 and parameters: {'window_influence': 0.47151929972954565, 'penalty_k': 0.5353725140513848, 'scale_lr': 0.7437747621076768}. Best is trial 14 with value: 0.33692474274783746.
checkpoint_e18 window_influence: 0.34461041889357880, penalty_k: 0.38274356197173609, scale_lr: 0.78388176005456356, EAO: 0.281
Trial 179 finished with value: 0.28140490597788 and parameters: {'window_influence': 0.3446104188935788, 'penalty_k': 0.3827435619717361, 'scale_lr': 0.7838817600545636}. Best is trial 14 with value: 0.33692474274783746.
checkpoint_e18 window_influence: 0.40079584684871350, penalty_k: 0.06665160065556119, scale_lr: 0.31406236892333433, EAO: 0.287
Trial 85 finished with value: 0.2865326021895798 and parameters: {'window_influence': 0.4007958468487135, 'penalty_k': 0.0666516006555612, 'scale_lr': 0.31406236892333433}. Best is trial 31 with value: 0.34328013252655354.
checkpoint_e18 window_influence: 0.44026325182852577, penalty_k: 0.42690779007521829, scale_lr: 0.76028088324860144, EAO: 0.303
Trial 180 finished with value: 0.30251175101397104 and parameters: {'window_influence': 0.44026325182852577, 'penalty_k': 0.4269077900752183, 'scale_lr': 0.7602808832486014}. Best is trial 14 with value: 0.33692474274783746.
checkpoint_e18 window_influence: 0.47756149456912356, penalty_k: 0.44319446984660210, scale_lr: 0.76238275614265771, EAO: 0.307
Trial 181 finished with value: 0.3072704730214776 and parameters: {'window_influence': 0.47756149456912356, 'penalty_k': 0.4431944698466021, 'scale_lr': 0.7623827561426577}. Best is trial 14 with value: 0.33692474274783746.
checkpoint_e18 window_influence: 0.47470108207640987, penalty_k: 0.02947603538144239, scale_lr: 0.37058261727086211, EAO: 0.327
Trial 86 finished with value: 0.32715278504423595 and parameters: {'window_influence': 0.4747010820764099, 'penalty_k': 0.029476035381442386, 'scale_lr': 0.3705826172708621}. Best is trial 31 with value: 0.34328013252655354.
checkpoint_e18 window_influence: 0.45040049290027900, penalty_k: 0.45042010932968196, scale_lr: 0.77713545857065347, EAO: 0.312
Trial 182 finished with value: 0.3117850399666723 and parameters: {'window_influence': 0.450400492900279, 'penalty_k': 0.45042010932968196, 'scale_lr': 0.7771354585706535}. Best is trial 14 with value: 0.33692474274783746.
checkpoint_e18 window_influence: 0.46211285802556668, penalty_k: 0.43215656500618865, scale_lr: 0.74527102769889797, EAO: 0.323
Trial 183 finished with value: 0.32272282155803206 and parameters: {'window_influence': 0.4621128580255667, 'penalty_k': 0.43215656500618865, 'scale_lr': 0.745271027698898}. Best is trial 14 with value: 0.33692474274783746.
checkpoint_e18 window_influence: 0.49141759713958716, penalty_k: 0.08700061006534371, scale_lr: 0.34008582447328906, EAO: 0.304
Trial 87 finished with value: 0.3040185368362568 and parameters: {'window_influence': 0.49141759713958716, 'penalty_k': 0.08700061006534371, 'scale_lr': 0.34008582447328906}. Best is trial 31 with value: 0.34328013252655354.
checkpoint_e18 window_influence: 0.48878809620315466, penalty_k: 0.49956639186135732, scale_lr: 0.78990414700193812, EAO: 0.289
Trial 184 finished with value: 0.2889706126562816 and parameters: {'window_influence': 0.48878809620315466, 'penalty_k': 0.4995663918613573, 'scale_lr': 0.7899041470019381}. Best is trial 14 with value: 0.33692474274783746.
checkpoint_e18 window_influence: 0.44760731714188956, penalty_k: 0.41693319739482504, scale_lr: 0.76930870068764401, EAO: 0.319
Trial 185 finished with value: 0.3188046428595999 and parameters: {'window_influence': 0.44760731714188956, 'penalty_k': 0.41693319739482504, 'scale_lr': 0.769308700687644}. Best is trial 14 with value: 0.33692474274783746.
checkpoint_e18 window_influence: 0.41755808368305125, penalty_k: 0.39732251299648891, scale_lr: 0.72574848010459658, EAO: 0.305
Trial 186 finished with value: 0.3047912908203407 and parameters: {'window_influence': 0.41755808368305125, 'penalty_k': 0.3973225129964889, 'scale_lr': 0.7257484801045966}. Best is trial 14 with value: 0.33692474274783746.
checkpoint_e18 window_influence: 0.51872962271722822, penalty_k: 0.01150623797521022, scale_lr: 0.35727365813807066, EAO: 0.314
Trial 88 finished with value: 0.31438748799409383 and parameters: {'window_influence': 0.5187296227172282, 'penalty_k': 0.01150623797521022, 'scale_lr': 0.35727365813807066}. Best is trial 31 with value: 0.34328013252655354.
checkpoint_e18 window_influence: 0.47178960806980524, penalty_k: 0.47979476597842852, scale_lr: 0.75121536334166916, EAO: 0.296
Trial 187 finished with value: 0.295792244867592 and parameters: {'window_influence': 0.47178960806980524, 'penalty_k': 0.4797947659784285, 'scale_lr': 0.7512153633416692}. Best is trial 14 with value: 0.33692474274783746.
checkpoint_e18 window_influence: 0.42794324888525037, penalty_k: 0.43693737346448702, scale_lr: 0.73782217673400030, EAO: 0.321
Trial 188 finished with value: 0.3208511734982873 and parameters: {'window_influence': 0.42794324888525037, 'penalty_k': 0.436937373464487, 'scale_lr': 0.7378221767340003}. Best is trial 14 with value: 0.33692474274783746.
checkpoint_e18 window_influence: 0.45236876792229003, penalty_k: 0.05314788942619481, scale_lr: 0.32451167544185122, EAO: 0.321
Trial 89 finished with value: 0.3213567610264752 and parameters: {'window_influence': 0.45236876792229, 'penalty_k': 0.053147889426194805, 'scale_lr': 0.3245116754418512}. Best is trial 31 with value: 0.34328013252655354.
checkpoint_e18 window_influence: 0.49952125034599809, penalty_k: 0.36878503557596631, scale_lr: 0.77214137609937650, EAO: 0.299
Trial 189 finished with value: 0.29890370647267145 and parameters: {'window_influence': 0.4995212503459981, 'penalty_k': 0.3687850355759663, 'scale_lr': 0.7721413760993765}. Best is trial 14 with value: 0.33692474274783746.
checkpoint_e18 window_influence: 0.46101401655857283, penalty_k: 0.46131851833557824, scale_lr: 0.78884386221645797, EAO: 0.300
Trial 190 finished with value: 0.30002057981398317 and parameters: {'window_influence': 0.4610140165585728, 'penalty_k': 0.46131851833557824, 'scale_lr': 0.788843862216458}. Best is trial 14 with value: 0.33692474274783746.
checkpoint_e18 window_influence: 0.41705771443488249, penalty_k: 0.10672175341010878, scale_lr: 0.38640455380455824, EAO: 0.298
Trial 90 finished with value: 0.2982889675328704 and parameters: {'window_influence': 0.4170577144348825, 'penalty_k': 0.10672175341010878, 'scale_lr': 0.38640455380455824}. Best is trial 31 with value: 0.34328013252655354.
checkpoint_e18 window_influence: 0.46053520361782407, penalty_k: 0.42768885059953438, scale_lr: 0.75082206280625441, EAO: 0.312
Trial 191 finished with value: 0.31212560258486854 and parameters: {'window_influence': 0.4605352036178241, 'penalty_k': 0.4276888505995344, 'scale_lr': 0.7508220628062544}. Best is trial 14 with value: 0.33692474274783746.
checkpoint_e18 window_influence: 0.47773764708526961, penalty_k: 0.44170080558171948, scale_lr: 0.76030849799906997, EAO: 0.292
Trial 192 finished with value: 0.29239831673495964 and parameters: {'window_influence': 0.4777376470852696, 'penalty_k': 0.4417008055817195, 'scale_lr': 0.76030849799907}. Best is trial 14 with value: 0.33692474274783746.
checkpoint_e18 window_influence: 0.47326092051774110, penalty_k: 0.02730950188180075, scale_lr: 0.37543188302287672, EAO: 0.313
Trial 91 finished with value: 0.3133433346966361 and parameters: {'window_influence': 0.4732609205177411, 'penalty_k': 0.02730950188180075, 'scale_lr': 0.3754318830228767}. Best is trial 31 with value: 0.34328013252655354.
checkpoint_e18 window_influence: 0.43831473895188761, penalty_k: 0.41434679163236571, scale_lr: 0.64076746866960788, EAO: 0.322
Trial 193 finished with value: 0.32213901203662043 and parameters: {'window_influence': 0.4383147389518876, 'penalty_k': 0.4143467916323657, 'scale_lr': 0.6407674686696079}. Best is trial 14 with value: 0.33692474274783746.
checkpoint_e18 window_influence: 0.45054149564777074, penalty_k: 0.42666590910504981, scale_lr: 0.74183868961974708, EAO: 0.308
