Trial 676 finished with value: 0.31582598823053826 and parameters: {'window_influence': 0.3998537113097511, 'penalty_k': 0.045583091941427845, 'scale_lr': 0.469081769967437}. Best is trial 445 with value: 0.3694567781246126.
checkpoint_e16 window_influence: 0.17953073513780812, penalty_k: 0.01539332840474324, scale_lr: 0.45818630972993013, EAO: 0.295
Trial 677 finished with value: 0.29506061037690723 and parameters: {'window_influence': 0.17953073513780812, 'penalty_k': 0.015393328404743244, 'scale_lr': 0.45818630972993013}. Best is trial 445 with value: 0.3694567781246126.
checkpoint_e16 window_influence: 0.46902180971778146, penalty_k: 0.21321367168765071, scale_lr: 0.53817588946237793, EAO: 0.306
Trial 678 finished with value: 0.30621176934891636 and parameters: {'window_influence': 0.46902180971778146, 'penalty_k': 0.2132136716876507, 'scale_lr': 0.5381758894623779}. Best is trial 445 with value: 0.3694567781246126.
checkpoint_e16 window_influence: 0.48368920202670668, penalty_k: 0.23154254692873386, scale_lr: 0.51268847320842093, EAO: 0.318
Trial 679 finished with value: 0.31834304019634824 and parameters: {'window_influence': 0.4836892020267067, 'penalty_k': 0.23154254692873386, 'scale_lr': 0.5126884732084209}. Best is trial 445 with value: 0.3694567781246126.
checkpoint_e16 window_influence: 0.50086673602449794, penalty_k: 0.35922146328075782, scale_lr: 0.43625301561628926, EAO: 0.296
Trial 680 finished with value: 0.2955368352539344 and parameters: {'window_influence': 0.5008667360244979, 'penalty_k': 0.3592214632807578, 'scale_lr': 0.43625301561628926}. Best is trial 445 with value: 0.3694567781246126.
checkpoint_e16 window_influence: 0.45943293128747781, penalty_k: 0.14690194725479663, scale_lr: 0.22465126839023286, EAO: 0.310
Trial 681 finished with value: 0.3104212817514917 and parameters: {'window_influence': 0.4594329312874778, 'penalty_k': 0.14690194725479663, 'scale_lr': 0.22465126839023286}. Best is trial 445 with value: 0.3694567781246126.
checkpoint_e16 window_influence: 0.51454958819068453, penalty_k: 0.32159818756156283, scale_lr: 0.52397001083112293, EAO: 0.298
Trial 682 finished with value: 0.2983110685640736 and parameters: {'window_influence': 0.5145495881906845, 'penalty_k': 0.32159818756156283, 'scale_lr': 0.5239700108311229}. Best is trial 445 with value: 0.3694567781246126.
checkpoint_e16 window_influence: 0.47656399663700483, penalty_k: 0.07074300113447157, scale_lr: 0.47534803366158440, EAO: 0.329
Trial 683 finished with value: 0.3286891021269305 and parameters: {'window_influence': 0.4765639966370048, 'penalty_k': 0.07074300113447157, 'scale_lr': 0.4753480336615844}. Best is trial 445 with value: 0.3694567781246126.
checkpoint_e16 window_influence: 0.15521605859764315, penalty_k: 0.10869194245578390, scale_lr: 0.49767725973011162, EAO: 0.275
Trial 684 finished with value: 0.27450374018125495 and parameters: {'window_influence': 0.15521605859764315, 'penalty_k': 0.1086919424557839, 'scale_lr': 0.4976772597301116}. Best is trial 445 with value: 0.3694567781246126.
checkpoint_e16 window_influence: 0.31377175161121956, penalty_k: 0.02862138907160514, scale_lr: 0.55363791469633550, EAO: 0.303
Trial 685 finished with value: 0.30343909868934277 and parameters: {'window_influence': 0.31377175161121956, 'penalty_k': 0.02862138907160514, 'scale_lr': 0.5536379146963355}. Best is trial 445 with value: 0.3694567781246126.
checkpoint_e16 window_influence: 0.44424651222941042, penalty_k: 0.01209935770376087, scale_lr: 0.41831576599115228, EAO: 0.342
Trial 686 finished with value: 0.3420508455209695 and parameters: {'window_influence': 0.4442465122294104, 'penalty_k': 0.01209935770376087, 'scale_lr': 0.4183157659911523}. Best is trial 445 with value: 0.3694567781246126.
checkpoint_e16 window_influence: 0.48533195875927876, penalty_k: 0.04236517952481177, scale_lr: 0.44578869719830028, EAO: 0.333
Trial 687 finished with value: 0.33267608818377037 and parameters: {'window_influence': 0.48533195875927876, 'penalty_k': 0.04236517952481177, 'scale_lr': 0.4457886971983003}. Best is trial 445 with value: 0.3694567781246126.
checkpoint_e16 window_influence: 0.46569122491261289, penalty_k: 0.57233961345456552, scale_lr: 0.31569046193733813, EAO: 0.291
Trial 688 finished with value: 0.2914182901498409 and parameters: {'window_influence': 0.4656912249126129, 'penalty_k': 0.5723396134545655, 'scale_lr': 0.31569046193733813}. Best is trial 445 with value: 0.3694567781246126.
checkpoint_e16 window_influence: 0.49591591044675476, penalty_k: 0.09464826934821773, scale_lr: 0.45846919091202326, EAO: 0.330
Trial 689 finished with value: 0.3295701750289605 and parameters: {'window_influence': 0.49591591044675476, 'penalty_k': 0.09464826934821773, 'scale_lr': 0.45846919091202326}. Best is trial 445 with value: 0.3694567781246126.
checkpoint_e16 window_influence: 0.43661250120297490, penalty_k: 0.34756280092216590, scale_lr: 0.53099672045072310, EAO: 0.307
Trial 690 finished with value: 0.3072007446321532 and parameters: {'window_influence': 0.4366125012029749, 'penalty_k': 0.3475628009221659, 'scale_lr': 0.5309967204507231}. Best is trial 445 with value: 0.3694567781246126.
checkpoint_e16 window_influence: 0.52324935473636958, penalty_k: 0.41564679101312291, scale_lr: 0.47849356996664272, EAO: 0.274
Trial 691 finished with value: 0.27361416839903896 and parameters: {'window_influence': 0.5232493547363696, 'penalty_k': 0.4156467910131229, 'scale_lr': 0.4784935699666427}. Best is trial 445 with value: 0.3694567781246126.
checkpoint_e16 window_influence: 0.45243862474986069, penalty_k: 0.01840725196880350, scale_lr: 0.23028567007644482, EAO: 0.325
Trial 692 finished with value: 0.324869465387285 and parameters: {'window_influence': 0.4524386247498607, 'penalty_k': 0.018407251968803495, 'scale_lr': 0.23028567007644482}. Best is trial 445 with value: 0.3694567781246126.
checkpoint_e16 window_influence: 0.50673301665772430, penalty_k: 0.03483386422211404, scale_lr: 0.38212623020428438, EAO: 0.313
Trial 693 finished with value: 0.31280507750316355 and parameters: {'window_influence': 0.5067330166577243, 'penalty_k': 0.03483386422211404, 'scale_lr': 0.3821262302042844}. Best is trial 445 with value: 0.3694567781246126.
checkpoint_e16 window_influence: 0.47585791063644062, penalty_k: 0.11648347597277778, scale_lr: 0.50862667098147751, EAO: 0.337
Trial 694 finished with value: 0.33651592689729387 and parameters: {'window_influence': 0.4758579106364406, 'penalty_k': 0.11648347597277778, 'scale_lr': 0.5086266709814775}. Best is trial 445 with value: 0.3694567781246126.
checkpoint_e16 window_influence: 0.48975224439926512, penalty_k: 0.04961621855867158, scale_lr: 0.42513760576205345, EAO: 0.321
Trial 695 finished with value: 0.3214249406227342 and parameters: {'window_influence': 0.4897522443992651, 'penalty_k': 0.04961621855867158, 'scale_lr': 0.42513760576205345}. Best is trial 445 with value: 0.3694567781246126.
checkpoint_e16 window_influence: 0.46479589021404438, penalty_k: 0.30648736438218566, scale_lr: 0.73296732016594457, EAO: 0.331
Trial 696 finished with value: 0.3309718941552166 and parameters: {'window_influence': 0.4647958902140444, 'penalty_k': 0.30648736438218566, 'scale_lr': 0.7329673201659446}. Best is trial 445 with value: 0.3694567781246126.
checkpoint_e16 window_influence: 0.48213052979912691, penalty_k: 0.24005326457761195, scale_lr: 0.39494240842029715, EAO: 0.320
Trial 697 finished with value: 0.31981733673277535 and parameters: {'window_influence': 0.4821305297991269, 'penalty_k': 0.24005326457761195, 'scale_lr': 0.39494240842029715}. Best is trial 445 with value: 0.3694567781246126.
checkpoint_e16 window_influence: 0.50014132704453240, penalty_k: 0.00905726795025142, scale_lr: 0.70969928464426335, EAO: 0.336
Trial 698 finished with value: 0.3359664182254776 and parameters: {'window_influence': 0.5001413270445324, 'penalty_k': 0.009057267950251423, 'scale_lr': 0.7096992846442634}. Best is trial 445 with value: 0.3694567781246126.
checkpoint_e16 window_influence: 0.53326422306431476, penalty_k: 0.39345369264269092, scale_lr: 0.43938569718019693, EAO: 0.271
Trial 699 finished with value: 0.27054069536205394 and parameters: {'window_influence': 0.5332642230643148, 'penalty_k': 0.3934536926426909, 'scale_lr': 0.43938569718019693}. Best is trial 445 with value: 0.3694567781246126.
checkpoint_e16 window_influence: 0.47307835505036117, penalty_k: 0.17450568154603724, scale_lr: 0.56305445551498456, EAO: 0.321
Trial 700 finished with value: 0.3214430207756243 and parameters: {'window_influence': 0.47307835505036117, 'penalty_k': 0.17450568154603724, 'scale_lr': 0.5630544555149846}. Best is trial 445 with value: 0.3694567781246126.
checkpoint_e16 window_influence: 0.45432888953135109, penalty_k: 0.02348580719001570, scale_lr: 0.40749378074649822, EAO: 0.318
Trial 701 finished with value: 0.31839613506302294 and parameters: {'window_influence': 0.4543288895313511, 'penalty_k': 0.0234858071900157, 'scale_lr': 0.4074937807464982}. Best is trial 445 with value: 0.3694567781246126.
checkpoint_e16 window_influence: 0.51536036835625720, penalty_k: 0.00011680642256764, scale_lr: 0.48567339980627616, EAO: 0.310
Trial 702 finished with value: 0.3096210271815846 and parameters: {'window_influence': 0.5153603683562572, 'penalty_k': 0.00011680642256764101, 'scale_lr': 0.48567339980627616}. Best is trial 445 with value: 0.3694567781246126.
checkpoint_e16 window_influence: 0.33703964519389018, penalty_k: 0.03135139584324303, scale_lr: 0.54282621827452637, EAO: 0.301
Trial 703 finished with value: 0.3006697285500018 and parameters: {'window_influence': 0.3370396451938902, 'penalty_k': 0.03135139584324303, 'scale_lr': 0.5428262182745264}. Best is trial 445 with value: 0.3694567781246126.
checkpoint_e16 window_influence: 0.48851835223550527, penalty_k: 0.06229737247444520, scale_lr: 0.52045753371421821, EAO: 0.328
Trial 704 finished with value: 0.32781826191607155 and parameters: {'window_influence': 0.48851835223550527, 'penalty_k': 0.062297372474445195, 'scale_lr': 0.5204575337142182}. Best is trial 445 with value: 0.3694567781246126.
checkpoint_e16 window_influence: 0.46159866312732528, penalty_k: 0.01912735997300062, scale_lr: 0.36084467056269476, EAO: 0.331
Trial 705 finished with value: 0.3308448043546788 and parameters: {'window_influence': 0.4615986631273253, 'penalty_k': 0.01912735997300062, 'scale_lr': 0.36084467056269476}. Best is trial 445 with value: 0.3694567781246126.
checkpoint_e16 window_influence: 0.22455118649372932, penalty_k: 0.04597872234969322, scale_lr: 0.46248469640203166, EAO: 0.281
Trial 706 finished with value: 0.28056462254041825 and parameters: {'window_influence': 0.22455118649372932, 'penalty_k': 0.04597872234969322, 'scale_lr': 0.46248469640203166}. Best is trial 445 with value: 0.3694567781246126.
checkpoint_e16 window_influence: 0.35292592077491314, penalty_k: 0.08262590618559511, scale_lr: 0.49801926126568974, EAO: 0.287
Trial 707 finished with value: 0.28745274083391703 and parameters: {'window_influence': 0.35292592077491314, 'penalty_k': 0.08262590618559511, 'scale_lr': 0.49801926126568974}. Best is trial 445 with value: 0.3694567781246126.
checkpoint_e16 window_influence: 0.43395511954894400, penalty_k: 0.59625984632629270, scale_lr: 0.47145071220927309, EAO: 0.305
Trial 708 finished with value: 0.30501838753195587 and parameters: {'window_influence': 0.433955119548944, 'penalty_k': 0.5962598463262927, 'scale_lr': 0.4714507122092731}. Best is trial 445 with value: 0.3694567781246126.
checkpoint_e16 window_influence: 0.50062497652561921, penalty_k: 0.03339237503607001, scale_lr: 0.44842297537057624, EAO: 0.335
Trial 709 finished with value: 0.3350043246950157 and parameters: {'window_influence': 0.5006249765256192, 'penalty_k': 0.03339237503607001, 'scale_lr': 0.44842297537057624}. Best is trial 445 with value: 0.3694567781246126.
checkpoint_e16 window_influence: 0.42034196971779136, penalty_k: 0.46028839339542871, scale_lr: 0.54388709778070499, EAO: 0.300
Trial 710 finished with value: 0.2999994183676716 and parameters: {'window_influence': 0.42034196971779136, 'penalty_k': 0.4602883933954287, 'scale_lr': 0.543887097780705}. Best is trial 445 with value: 0.3694567781246126.
checkpoint_e16 window_influence: 0.12561754928565630, penalty_k: 0.01193904532382889, scale_lr: 0.42840582282533762, EAO: 0.272
Trial 711 finished with value: 0.27224604570912014 and parameters: {'window_influence': 0.1256175492856563, 'penalty_k': 0.011939045323828893, 'scale_lr': 0.4284058228253376}. Best is trial 445 with value: 0.3694567781246126.
checkpoint_e16 window_influence: 0.47307553175751493, penalty_k: 0.05637581846573980, scale_lr: 0.51306040786532270, EAO: 0.357
Trial 712 finished with value: 0.3574698525643998 and parameters: {'window_influence': 0.47307553175751493, 'penalty_k': 0.056375818465739795, 'scale_lr': 0.5130604078653227}. Best is trial 445 with value: 0.3694567781246126.
checkpoint_e16 window_influence: 0.23575638424083317, penalty_k: 0.28817597083933372, scale_lr: 0.52062162709976267, EAO: 0.294
Trial 713 finished with value: 0.29357843321353083 and parameters: {'window_influence': 0.23575638424083317, 'penalty_k': 0.2881759708393337, 'scale_lr': 0.5206216270997627}. Best is trial 445 with value: 0.3694567781246126.
checkpoint_e16 window_influence: 0.26866327500402759, penalty_k: 0.07181194983424095, scale_lr: 0.55829119844735164, EAO: 0.276
Trial 714 finished with value: 0.27620080206180825 and parameters: {'window_influence': 0.2686632750040276, 'penalty_k': 0.07181194983424095, 'scale_lr': 0.5582911984473516}. Best is trial 445 with value: 0.3694567781246126.
checkpoint_e16 window_influence: 0.48523421118037957, penalty_k: 0.05498613187705670, scale_lr: 0.52898554197511161, EAO: 0.346
Trial 715 finished with value: 0.34551978331595545 and parameters: {'window_influence': 0.48523421118037957, 'penalty_k': 0.0549861318770567, 'scale_lr': 0.5289855419751116}. Best is trial 445 with value: 0.3694567781246126.
checkpoint_e16 window_influence: 0.46909788483487619, penalty_k: 0.44187228302530418, scale_lr: 0.25989526955583098, EAO: 0.311
Trial 716 finished with value: 0.3108188973210665 and parameters: {'window_influence': 0.4690978848348762, 'penalty_k': 0.4418722830253042, 'scale_lr': 0.259895269555831}. Best is trial 445 with value: 0.3694567781246126.
checkpoint_e16 window_influence: 0.62093139126197860, penalty_k: 0.05960500148981114, scale_lr: 0.57350308367519776, EAO: 0.256
Trial 717 finished with value: 0.2560321493835301 and parameters: {'window_influence': 0.6209313912619786, 'penalty_k': 0.05960500148981114, 'scale_lr': 0.5735030836751978}. Best is trial 445 with value: 0.3694567781246126.
checkpoint_e16 window_influence: 0.05260879584901529, penalty_k: 0.12780609310613114, scale_lr: 0.40930411933744504, EAO: 0.239
Trial 718 finished with value: 0.23889858110405593 and parameters: {'window_influence': 0.05260879584901529, 'penalty_k': 0.12780609310613114, 'scale_lr': 0.40930411933744504}. Best is trial 445 with value: 0.3694567781246126.
checkpoint_e16 window_influence: 0.45056414142106033, penalty_k: 0.07062272598263225, scale_lr: 0.50827035607769955, EAO: 0.337
Trial 719 finished with value: 0.3368704795605478 and parameters: {'window_influence': 0.4505641414210603, 'penalty_k': 0.07062272598263225, 'scale_lr': 0.5082703560776995}. Best is trial 445 with value: 0.3694567781246126.
checkpoint_e16 window_influence: 0.50665260405527102, penalty_k: 0.08929702589958216, scale_lr: 0.43549095894046197, EAO: 0.326
Trial 720 finished with value: 0.32647342840753174 and parameters: {'window_influence': 0.506652604055271, 'penalty_k': 0.08929702589958216, 'scale_lr': 0.43549095894046197}. Best is trial 445 with value: 0.3694567781246126.
checkpoint_e16 window_influence: 0.49470530248970085, penalty_k: 0.04839340985411995, scale_lr: 0.45582391922028948, EAO: 0.332
Trial 721 finished with value: 0.33209728980110775 and parameters: {'window_influence': 0.49470530248970085, 'penalty_k': 0.04839340985411995, 'scale_lr': 0.4558239192202895}. Best is trial 445 with value: 0.3694567781246126.
checkpoint_e16 window_influence: 0.54538131154667813, penalty_k: 0.00906302492368134, scale_lr: 0.48878084431227420, EAO: 0.298
Trial 722 finished with value: 0.2979280787451258 and parameters: {'window_influence': 0.5453813115466781, 'penalty_k': 0.009063024923681341, 'scale_lr': 0.4887808443122742}. Best is trial 445 with value: 0.3694567781246126.
checkpoint_e16 window_influence: 0.47778408316744847, penalty_k: 0.02467844064083794, scale_lr: 0.76265586858130985, EAO: 0.326
Trial 723 finished with value: 0.3263517496998672 and parameters: {'window_influence': 0.47778408316744847, 'penalty_k': 0.024678440640837945, 'scale_lr': 0.7626558685813098}. Best is trial 445 with value: 0.3694567781246126.
checkpoint_e16 window_influence: 0.20427113580626977, penalty_k: 0.53945912113956951, scale_lr: 0.54775855807564544, EAO: 0.266
Trial 724 finished with value: 0.265717953037659 and parameters: {'window_influence': 0.20427113580626977, 'penalty_k': 0.5394591211395695, 'scale_lr': 0.5477585580756454}. Best is trial 445 with value: 0.3694567781246126.
checkpoint_e16 window_influence: 0.63071556669900652, penalty_k: 0.20104685323619931, scale_lr: 0.63234349083942465, EAO: 0.253
Trial 725 finished with value: 0.2526662551475406 and parameters: {'window_influence': 0.6307155666990065, 'penalty_k': 0.2010468532361993, 'scale_lr': 0.6323434908394246}. Best is trial 445 with value: 0.3694567781246126.
checkpoint_e16 window_influence: 0.38977526255842970, penalty_k: 0.47610489255611366, scale_lr: 0.53624418844981003, EAO: 0.300
Trial 726 finished with value: 0.3000038037156317 and parameters: {'window_influence': 0.3897752625584297, 'penalty_k': 0.47610489255611366, 'scale_lr': 0.53624418844981}. Best is trial 445 with value: 0.3694567781246126.
checkpoint_e16 window_influence: 0.36823971292962648, penalty_k: 0.25805179999044908, scale_lr: 0.65008899779390650, EAO: 0.289
Trial 727 finished with value: 0.28934533725916645 and parameters: {'window_influence': 0.3682397129296265, 'penalty_k': 0.2580517999904491, 'scale_lr': 0.6500889977939065}. Best is trial 445 with value: 0.3694567781246126.
checkpoint_e16 window_influence: 0.52197996006990577, penalty_k: 0.24428143462749585, scale_lr: 0.66597740079996615, EAO: 0.287
Trial 728 finished with value: 0.28663278089886973 and parameters: {'window_influence': 0.5219799600699058, 'penalty_k': 0.24428143462749585, 'scale_lr': 0.6659774007999661}. Best is trial 445 with value: 0.3694567781246126.
checkpoint_e16 window_influence: 0.46082476067838180, penalty_k: 0.00034014632468241, scale_lr: 0.65914060988228418, EAO: 0.337
Trial 729 finished with value: 0.33706127889889226 and parameters: {'window_influence': 0.4608247606783818, 'penalty_k': 0.0003401463246824124, 'scale_lr': 0.6591406098822842}. Best is trial 445 with value: 0.3694567781246126.
checkpoint_e16 window_influence: 0.48663729507523923, penalty_k: 0.51196885755758526, scale_lr: 0.47220052222433329, EAO: 0.287
Trial 730 finished with value: 0.2868194696040469 and parameters: {'window_influence': 0.48663729507523923, 'penalty_k': 0.5119688575575853, 'scale_lr': 0.4722005222243333}. Best is trial 445 with value: 0.3694567781246126.
checkpoint_e16 window_influence: 0.20898354316933446, penalty_k: 0.18275327489720478, scale_lr: 0.42061395699015919, EAO: 0.301
Trial 731 finished with value: 0.30138115149991523 and parameters: {'window_influence': 0.20898354316933446, 'penalty_k': 0.18275327489720478, 'scale_lr': 0.4206139569901592}. Best is trial 445 with value: 0.3694567781246126.
checkpoint_e16 window_influence: 0.28410508361047709, penalty_k: 0.03962395824681463, scale_lr: 0.51482123051843387, EAO: 0.291
Trial 732 finished with value: 0.2910863192976681 and parameters: {'window_influence': 0.2841050836104771, 'penalty_k': 0.039623958246814625, 'scale_lr': 0.5148212305184339}. Best is trial 445 with value: 0.3694567781246126.
checkpoint_e16 window_influence: 0.47251039101669795, penalty_k: 0.02149737323392970, scale_lr: 0.44197908197396918, EAO: 0.353
Trial 733 finished with value: 0.3530010332857125 and parameters: {'window_influence': 0.47251039101669795, 'penalty_k': 0.021497373233929702, 'scale_lr': 0.4419790819739692}. Best is trial 445 with value: 0.3694567781246126.
checkpoint_e16 window_influence: 0.44449420209459672, penalty_k: 0.16319672568873256, scale_lr: 0.68180774644103415, EAO: 0.309
Trial 734 finished with value: 0.3092171342804274 and parameters: {'window_influence': 0.4444942020945967, 'penalty_k': 0.16319672568873256, 'scale_lr': 0.6818077464410341}. Best is trial 445 with value: 0.3694567781246126.
checkpoint_e16 window_influence: 0.46795697157963950, penalty_k: 0.01994621599576761, scale_lr: 0.73551292192939721, EAO: 0.313
Trial 735 finished with value: 0.3131675252306786 and parameters: {'window_influence': 0.4679569715796395, 'penalty_k': 0.01994621599576761, 'scale_lr': 0.7355129219293972}. Best is trial 445 with value: 0.3694567781246126.
checkpoint_e16 window_influence: 0.05657905099199978, penalty_k: 0.01006097305194149, scale_lr: 0.44178394733240511, EAO: 0.252
Trial 736 finished with value: 0.25209790027559037 and parameters: {'window_influence': 0.05657905099199978, 'penalty_k': 0.010060973051941488, 'scale_lr': 0.4417839473324051}. Best is trial 445 with value: 0.3694567781246126.
checkpoint_e16 window_influence: 0.22691777452365525, penalty_k: 0.02413115674468227, scale_lr: 0.32689272418623039, EAO: 0.290
Trial 737 finished with value: 0.2897762792467607 and parameters: {'window_influence': 0.22691777452365525, 'penalty_k': 0.02413115674468227, 'scale_lr': 0.3268927241862304}. Best is trial 445 with value: 0.3694567781246126.
checkpoint_e16 window_influence: 0.58665443064238032, penalty_k: 0.00000183208960443, scale_lr: 0.44834901468320709, EAO: 0.274
