Trial 868 finished with value: 0.32650789780839407 and parameters: {'window_influence': 0.4632108472486197, 'penalty_k': 0.13163226706108253, 'scale_lr': 0.6223660790308381}. Best is trial 62 with value: 0.3726749919963718.
checkpoint_e29 window_influence: 0.36610216427048597, penalty_k: 0.19027269294328222, scale_lr: 0.41802784569294799, EAO: 0.322
Trial 869 finished with value: 0.32150878493424057 and parameters: {'window_influence': 0.366102164270486, 'penalty_k': 0.19027269294328222, 'scale_lr': 0.418027845692948}. Best is trial 62 with value: 0.3726749919963718.
checkpoint_e29 window_influence: 0.43020381121116186, penalty_k: 0.04187498924794614, scale_lr: 0.57531474098646385, EAO: 0.303
Trial 870 finished with value: 0.30282860426123503 and parameters: {'window_influence': 0.43020381121116186, 'penalty_k': 0.04187498924794614, 'scale_lr': 0.5753147409864638}. Best is trial 62 with value: 0.3726749919963718.
checkpoint_e29 window_influence: 0.20091964940307597, penalty_k: 0.01119679538450061, scale_lr: 0.38926147179550158, EAO: 0.292
Trial 871 finished with value: 0.2924203539868737 and parameters: {'window_influence': 0.20091964940307597, 'penalty_k': 0.011196795384500614, 'scale_lr': 0.3892614717955016}. Best is trial 62 with value: 0.3726749919963718.
checkpoint_e29 window_influence: 0.50542556473973677, penalty_k: 0.51206061795087954, scale_lr: 0.12958567432800783, EAO: 0.284
Trial 872 finished with value: 0.2840576342339646 and parameters: {'window_influence': 0.5054255647397368, 'penalty_k': 0.5120606179508795, 'scale_lr': 0.12958567432800783}. Best is trial 62 with value: 0.3726749919963718.
checkpoint_e29 window_influence: 0.41346613647136893, penalty_k: 0.21466895237476105, scale_lr: 0.16314846373811237, EAO: 0.355
Trial 873 finished with value: 0.35474641615314706 and parameters: {'window_influence': 0.41346613647136893, 'penalty_k': 0.21466895237476105, 'scale_lr': 0.16314846373811237}. Best is trial 62 with value: 0.3726749919963718.
checkpoint_e29 window_influence: 0.11544596431257725, penalty_k: 0.15947436229583992, scale_lr: 0.15310669924191295, EAO: 0.265
Trial 874 finished with value: 0.2645164539146052 and parameters: {'window_influence': 0.11544596431257725, 'penalty_k': 0.15947436229583992, 'scale_lr': 0.15310669924191295}. Best is trial 62 with value: 0.3726749919963718.
checkpoint_e29 window_influence: 0.41993204223985514, penalty_k: 0.17176501524865415, scale_lr: 0.16406848489135795, EAO: 0.333
Trial 875 finished with value: 0.3330549017348642 and parameters: {'window_influence': 0.41993204223985514, 'penalty_k': 0.17176501524865415, 'scale_lr': 0.16406848489135795}. Best is trial 62 with value: 0.3726749919963718.
checkpoint_e29 window_influence: 0.41555856558028242, penalty_k: 0.18601511946472288, scale_lr: 0.17027093693912143, EAO: 0.347
Trial 876 finished with value: 0.3466766720152087 and parameters: {'window_influence': 0.4155585655802824, 'penalty_k': 0.18601511946472288, 'scale_lr': 0.17027093693912143}. Best is trial 62 with value: 0.3726749919963718.
checkpoint_e29 window_influence: 0.43904797089275310, penalty_k: 0.16809824648682037, scale_lr: 0.14900689520328128, EAO: 0.335
Trial 877 finished with value: 0.3351581185360363 and parameters: {'window_influence': 0.4390479708927531, 'penalty_k': 0.16809824648682037, 'scale_lr': 0.14900689520328128}. Best is trial 62 with value: 0.3726749919963718.
checkpoint_e29 window_influence: 0.44350656570437302, penalty_k: 0.22203863951901712, scale_lr: 0.19570313820460211, EAO: 0.342
Trial 878 finished with value: 0.3415066235724126 and parameters: {'window_influence': 0.443506565704373, 'penalty_k': 0.22203863951901712, 'scale_lr': 0.1957031382046021}. Best is trial 62 with value: 0.3726749919963718.
checkpoint_e29 window_influence: 0.40133876384265504, penalty_k: 0.21003476750379144, scale_lr: 0.13789251309104752, EAO: 0.316
Trial 879 finished with value: 0.31586436277929447 and parameters: {'window_influence': 0.40133876384265504, 'penalty_k': 0.21003476750379144, 'scale_lr': 0.13789251309104752}. Best is trial 62 with value: 0.3726749919963718.
checkpoint_e29 window_influence: 0.42773663434103137, penalty_k: 0.20287489901925798, scale_lr: 0.55958666101281529, EAO: 0.329
Trial 880 finished with value: 0.32878052017104303 and parameters: {'window_influence': 0.4277366343410314, 'penalty_k': 0.20287489901925798, 'scale_lr': 0.5595866610128153}. Best is trial 62 with value: 0.3726749919963718.
checkpoint_e29 window_influence: 0.40890771622521049, penalty_k: 0.18836549912381473, scale_lr: 0.60712919925077025, EAO: 0.327
Trial 881 finished with value: 0.32659587159694864 and parameters: {'window_influence': 0.4089077162252105, 'penalty_k': 0.18836549912381473, 'scale_lr': 0.6071291992507702}. Best is trial 62 with value: 0.3726749919963718.
checkpoint_e29 window_influence: 0.43052338381849747, penalty_k: 0.12969529270384181, scale_lr: 0.28155323495127205, EAO: 0.310
Trial 882 finished with value: 0.3100352062325533 and parameters: {'window_influence': 0.4305233838184975, 'penalty_k': 0.1296952927038418, 'scale_lr': 0.28155323495127205}. Best is trial 62 with value: 0.3726749919963718.
checkpoint_e29 window_influence: 0.44679022829347648, penalty_k: 0.46032852894140325, scale_lr: 0.18589600634882528, EAO: 0.319
Trial 883 finished with value: 0.31852180589033935 and parameters: {'window_influence': 0.4467902282934765, 'penalty_k': 0.46032852894140325, 'scale_lr': 0.18589600634882528}. Best is trial 62 with value: 0.3726749919963718.
checkpoint_e29 window_influence: 0.63141189945822807, penalty_k: 0.11685786243641216, scale_lr: 0.54201011516878461, EAO: 0.249
Trial 884 finished with value: 0.2494973139656193 and parameters: {'window_influence': 0.6314118994582281, 'penalty_k': 0.11685786243641216, 'scale_lr': 0.5420101151687846}. Best is trial 62 with value: 0.3726749919963718.
checkpoint_e29 window_influence: 0.45483658583705422, penalty_k: 0.18135109249535894, scale_lr: 0.43157351644234410, EAO: 0.323
Trial 885 finished with value: 0.3228896046311011 and parameters: {'window_influence': 0.4548365858370542, 'penalty_k': 0.18135109249535894, 'scale_lr': 0.4315735164423441}. Best is trial 62 with value: 0.3726749919963718.
checkpoint_e29 window_influence: 0.45607290109753984, penalty_k: 0.56413270611556621, scale_lr: 0.75941506634935463, EAO: 0.333
Trial 886 finished with value: 0.3334580529988508 and parameters: {'window_influence': 0.45607290109753984, 'penalty_k': 0.5641327061155662, 'scale_lr': 0.7594150663493546}. Best is trial 62 with value: 0.3726749919963718.
checkpoint_e29 window_influence: 0.30690556038308980, penalty_k: 0.10329689179141821, scale_lr: 0.58811131747504963, EAO: 0.305
Trial 887 finished with value: 0.30467362058301845 and parameters: {'window_influence': 0.3069055603830898, 'penalty_k': 0.10329689179141821, 'scale_lr': 0.5881113174750496}. Best is trial 62 with value: 0.3726749919963718.
checkpoint_e29 window_influence: 0.46457711178104155, penalty_k: 0.58477202342018719, scale_lr: 0.21223432001480211, EAO: 0.297
Trial 888 finished with value: 0.29745686558665935 and parameters: {'window_influence': 0.46457711178104155, 'penalty_k': 0.5847720234201872, 'scale_lr': 0.2122343200148021}. Best is trial 62 with value: 0.3726749919963718.
checkpoint_e29 window_influence: 0.48174455029319357, penalty_k: 0.14921140019844759, scale_lr: 0.23436957293611463, EAO: 0.329
Trial 889 finished with value: 0.32926718165902313 and parameters: {'window_influence': 0.4817445502931936, 'penalty_k': 0.14921140019844759, 'scale_lr': 0.23436957293611463}. Best is trial 62 with value: 0.3726749919963718.
checkpoint_e29 window_influence: 0.44024471345345023, penalty_k: 0.19616224125138876, scale_lr: 0.11632375046797941, EAO: 0.344
Trial 890 finished with value: 0.34398157900409476 and parameters: {'window_influence': 0.44024471345345023, 'penalty_k': 0.19616224125138876, 'scale_lr': 0.11632375046797941}. Best is trial 62 with value: 0.3726749919963718.
checkpoint_e29 window_influence: 0.51923860539020494, penalty_k: 0.08642987980158882, scale_lr: 0.15751818672150636, EAO: 0.339
Trial 891 finished with value: 0.33899054789357613 and parameters: {'window_influence': 0.5192386053902049, 'penalty_k': 0.08642987980158882, 'scale_lr': 0.15751818672150636}. Best is trial 62 with value: 0.3726749919963718.
checkpoint_e29 window_influence: 0.29580380965813358, penalty_k: 0.07717443295509509, scale_lr: 0.39702180637435169, EAO: 0.311
Trial 892 finished with value: 0.3112497928077609 and parameters: {'window_influence': 0.2958038096581336, 'penalty_k': 0.07717443295509509, 'scale_lr': 0.3970218063743517}. Best is trial 62 with value: 0.3726749919963718.
checkpoint_e29 window_influence: 0.62660214006450721, penalty_k: 0.14837185759510144, scale_lr: 0.63160253645845166, EAO: 0.246
Trial 893 finished with value: 0.24561190332652066 and parameters: {'window_influence': 0.6266021400645072, 'penalty_k': 0.14837185759510144, 'scale_lr': 0.6316025364584517}. Best is trial 62 with value: 0.3726749919963718.
checkpoint_e29 window_influence: 0.46890461933284999, penalty_k: 0.10961190900318142, scale_lr: 0.72799685953727056, EAO: 0.321
Trial 894 finished with value: 0.3207711982124047 and parameters: {'window_influence': 0.46890461933285, 'penalty_k': 0.10961190900318142, 'scale_lr': 0.7279968595372706}. Best is trial 62 with value: 0.3726749919963718.
checkpoint_e29 window_influence: 0.38078145178354378, penalty_k: 0.09426432641898765, scale_lr: 0.53141317847389136, EAO: 0.321
Trial 895 finished with value: 0.3211302087000836 and parameters: {'window_influence': 0.3807814517835438, 'penalty_k': 0.09426432641898765, 'scale_lr': 0.5314131784738914}. Best is trial 62 with value: 0.3726749919963718.
checkpoint_e29 window_influence: 0.50354441504819525, penalty_k: 0.13597254705795314, scale_lr: 0.29354351367609038, EAO: 0.308
Trial 896 finished with value: 0.3083472809670964 and parameters: {'window_influence': 0.5035444150481952, 'penalty_k': 0.13597254705795314, 'scale_lr': 0.2935435136760904}. Best is trial 62 with value: 0.3726749919963718.
checkpoint_e29 window_influence: 0.16313958989069732, penalty_k: 0.06850362893088410, scale_lr: 0.22582475515543229, EAO: 0.287
Trial 897 finished with value: 0.2870469074768779 and parameters: {'window_influence': 0.16313958989069732, 'penalty_k': 0.0685036289308841, 'scale_lr': 0.2258247551554323}. Best is trial 62 with value: 0.3726749919963718.
checkpoint_e29 window_influence: 0.44840405692996382, penalty_k: 0.08293626051391088, scale_lr: 0.31300908552652240, EAO: 0.350
Trial 898 finished with value: 0.3498404021393 and parameters: {'window_influence': 0.4484040569299638, 'penalty_k': 0.08293626051391088, 'scale_lr': 0.3130090855265224}. Best is trial 62 with value: 0.3726749919963718.
checkpoint_e29 window_influence: 0.34941522731287700, penalty_k: 0.09878446750840082, scale_lr: 0.41431073683004543, EAO: 0.316
Trial 899 finished with value: 0.31607867696173925 and parameters: {'window_influence': 0.349415227312877, 'penalty_k': 0.09878446750840082, 'scale_lr': 0.41431073683004543}. Best is trial 62 with value: 0.3726749919963718.
checkpoint_e29 window_influence: 0.23638001880076559, penalty_k: 0.17466242708872323, scale_lr: 0.14011564647317995, EAO: 0.288
Trial 900 finished with value: 0.28768775330907176 and parameters: {'window_influence': 0.2363800188007656, 'penalty_k': 0.17466242708872323, 'scale_lr': 0.14011564647317995}. Best is trial 62 with value: 0.3726749919963718.
checkpoint_e29 window_influence: 0.25085247960405344, penalty_k: 0.54485991784090126, scale_lr: 0.66584276634925077, EAO: 0.305
Trial 901 finished with value: 0.3051538627435261 and parameters: {'window_influence': 0.25085247960405344, 'penalty_k': 0.5448599178409013, 'scale_lr': 0.6658427663492508}. Best is trial 62 with value: 0.3726749919963718.
checkpoint_e29 window_influence: 0.48724323713977652, penalty_k: 0.21294766777077870, scale_lr: 0.24824127965886353, EAO: 0.341
Trial 902 finished with value: 0.34139679505667336 and parameters: {'window_influence': 0.4872432371397765, 'penalty_k': 0.2129476677707787, 'scale_lr': 0.24824127965886353}. Best is trial 62 with value: 0.3726749919963718.
checkpoint_e29 window_influence: 0.58475427793101664, penalty_k: 0.11995541217482644, scale_lr: 0.36656311825169707, EAO: 0.282
Trial 903 finished with value: 0.2820651189130568 and parameters: {'window_influence': 0.5847542779310166, 'penalty_k': 0.11995541217482644, 'scale_lr': 0.3665631182516971}. Best is trial 62 with value: 0.3726749919963718.
checkpoint_e29 window_influence: 0.40709513940325504, penalty_k: 0.25429822492254245, scale_lr: 0.20572669849956818, EAO: 0.319
Trial 904 finished with value: 0.318981838307492 and parameters: {'window_influence': 0.40709513940325504, 'penalty_k': 0.25429822492254245, 'scale_lr': 0.20572669849956818}. Best is trial 62 with value: 0.3726749919963718.
checkpoint_e29 window_influence: 0.52983252673534786, penalty_k: 0.23755950136712928, scale_lr: 0.17313648249012148, EAO: 0.328
Trial 905 finished with value: 0.32818557971414425 and parameters: {'window_influence': 0.5298325267353479, 'penalty_k': 0.23755950136712928, 'scale_lr': 0.17313648249012148}. Best is trial 62 with value: 0.3726749919963718.
checkpoint_e29 window_influence: 0.17356156788802143, penalty_k: 0.23293625341060464, scale_lr: 0.79066794299609777, EAO: 0.296
Trial 906 finished with value: 0.29641705513696265 and parameters: {'window_influence': 0.17356156788802143, 'penalty_k': 0.23293625341060464, 'scale_lr': 0.7906679429960978}. Best is trial 62 with value: 0.3726749919963718.
checkpoint_e29 window_influence: 0.42870631619111177, penalty_k: 0.55439214096032097, scale_lr: 0.55999585078634306, EAO: 0.314
Trial 907 finished with value: 0.31425695480771565 and parameters: {'window_influence': 0.42870631619111177, 'penalty_k': 0.554392140960321, 'scale_lr': 0.5599958507863431}. Best is trial 62 with value: 0.3726749919963718.
checkpoint_e29 window_influence: 0.38515611497704810, penalty_k: 0.51423211755256582, scale_lr: 0.33706479188439148, EAO: 0.326
Trial 908 finished with value: 0.32642560478314353 and parameters: {'window_influence': 0.3851561149770481, 'penalty_k': 0.5142321175525658, 'scale_lr': 0.3370647918843915}. Best is trial 62 with value: 0.3726749919963718.
checkpoint_e29 window_influence: 0.47557939483066919, penalty_k: 0.06500167599349665, scale_lr: 0.77380520256162177, EAO: 0.326
Trial 909 finished with value: 0.3256016834004844 and parameters: {'window_influence': 0.4755793948306692, 'penalty_k': 0.06500167599349665, 'scale_lr': 0.7738052025616218}. Best is trial 62 with value: 0.3726749919963718.
checkpoint_e29 window_influence: 0.51205652836016646, penalty_k: 0.08397987855516656, scale_lr: 0.44243838481715381, EAO: 0.322
Trial 910 finished with value: 0.3222628348880241 and parameters: {'window_influence': 0.5120565283601665, 'penalty_k': 0.08397987855516656, 'scale_lr': 0.4424383848171538}. Best is trial 62 with value: 0.3726749919963718.
checkpoint_e29 window_influence: 0.49218082629444976, penalty_k: 0.26539038734404730, scale_lr: 0.12503497255493065, EAO: 0.331
Trial 911 finished with value: 0.3309832070936025 and parameters: {'window_influence': 0.49218082629444976, 'penalty_k': 0.2653903873440473, 'scale_lr': 0.12503497255493065}. Best is trial 62 with value: 0.3726749919963718.
checkpoint_e29 window_influence: 0.30784330478016830, penalty_k: 0.16057458710203187, scale_lr: 0.51949464703407899, EAO: 0.317
Trial 912 finished with value: 0.3171274133809346 and parameters: {'window_influence': 0.3078433047801683, 'penalty_k': 0.16057458710203187, 'scale_lr': 0.519494647034079}. Best is trial 62 with value: 0.3726749919963718.
checkpoint_e29 window_influence: 0.51775696444193398, penalty_k: 0.10165610013732346, scale_lr: 0.59677726820735610, EAO: 0.318
Trial 913 finished with value: 0.3175566035833804 and parameters: {'window_influence': 0.517756964441934, 'penalty_k': 0.10165610013732346, 'scale_lr': 0.5967772682073561}. Best is trial 62 with value: 0.3726749919963718.
checkpoint_e29 window_influence: 0.45941803750488380, penalty_k: 0.56716387611096208, scale_lr: 0.65414256177583552, EAO: 0.324
Trial 914 finished with value: 0.32428893145420207 and parameters: {'window_influence': 0.4594180375048838, 'penalty_k': 0.5671638761109621, 'scale_lr': 0.6541425617758355}. Best is trial 62 with value: 0.3726749919963718.
checkpoint_e29 window_influence: 0.54537622053144463, penalty_k: 0.07643444104273579, scale_lr: 0.74240352017224465, EAO: 0.307
Trial 915 finished with value: 0.30680638325585463 and parameters: {'window_influence': 0.5453762205314446, 'penalty_k': 0.07643444104273579, 'scale_lr': 0.7424035201722446}. Best is trial 62 with value: 0.3726749919963718.
checkpoint_e29 window_influence: 0.49795922384216956, penalty_k: 0.23991904421580534, scale_lr: 0.54929423485504325, EAO: 0.321
Trial 916 finished with value: 0.32107708756793796 and parameters: {'window_influence': 0.49795922384216956, 'penalty_k': 0.23991904421580534, 'scale_lr': 0.5492942348550433}. Best is trial 62 with value: 0.3726749919963718.
checkpoint_e29 window_influence: 0.41372565114322940, penalty_k: 0.42753110271191164, scale_lr: 0.25879077757258340, EAO: 0.324
Trial 917 finished with value: 0.3235713634857408 and parameters: {'window_influence': 0.4137256511432294, 'penalty_k': 0.42753110271191164, 'scale_lr': 0.2587907775725834}. Best is trial 62 with value: 0.3726749919963718.
checkpoint_e29 window_influence: 0.47843467070640006, penalty_k: 0.53543560735326845, scale_lr: 0.46222623222939779, EAO: 0.321
Trial 918 finished with value: 0.3209294090591052 and parameters: {'window_influence': 0.47843467070640006, 'penalty_k': 0.5354356073532685, 'scale_lr': 0.4622262322293978}. Best is trial 62 with value: 0.3726749919963718.
checkpoint_e29 window_influence: 0.43993744463326923, penalty_k: 0.05810240415734300, scale_lr: 0.57329972134187945, EAO: 0.332
Trial 919 finished with value: 0.33217863524006497 and parameters: {'window_influence': 0.4399374446332692, 'penalty_k': 0.058102404157342996, 'scale_lr': 0.5732997213418795}. Best is trial 62 with value: 0.3726749919963718.
checkpoint_e29 window_influence: 0.08538282946298215, penalty_k: 0.11157339259491186, scale_lr: 0.42255588750711470, EAO: 0.244
Trial 920 finished with value: 0.24424110341396776 and parameters: {'window_influence': 0.08538282946298215, 'penalty_k': 0.11157339259491186, 'scale_lr': 0.4225558875071147}. Best is trial 62 with value: 0.3726749919963718.
checkpoint_e29 window_influence: 0.50282660375887889, penalty_k: 0.09422023088821277, scale_lr: 0.22264153694833422, EAO: 0.348
Trial 921 finished with value: 0.3478283492507638 and parameters: {'window_influence': 0.5028266037588789, 'penalty_k': 0.09422023088821277, 'scale_lr': 0.22264153694833422}. Best is trial 62 with value: 0.3726749919963718.
checkpoint_e29 window_influence: 0.48640128847343539, penalty_k: 0.52507660759792163, scale_lr: 0.63699462646189575, EAO: 0.307
Trial 922 finished with value: 0.30711402242517655 and parameters: {'window_influence': 0.4864012884734354, 'penalty_k': 0.5250766075979216, 'scale_lr': 0.6369946264618958}. Best is trial 62 with value: 0.3726749919963718.
checkpoint_e29 window_influence: 0.53369082745205876, penalty_k: 0.22183771829612359, scale_lr: 0.16276438074965099, EAO: 0.305
Trial 923 finished with value: 0.30464285264219293 and parameters: {'window_influence': 0.5336908274520588, 'penalty_k': 0.2218377182961236, 'scale_lr': 0.162764380749651}. Best is trial 62 with value: 0.3726749919963718.
checkpoint_e29 window_influence: 0.46682330268544886, penalty_k: 0.12815989065662717, scale_lr: 0.40904884939918162, EAO: 0.334
Trial 924 finished with value: 0.3335905014772823 and parameters: {'window_influence': 0.46682330268544886, 'penalty_k': 0.12815989065662717, 'scale_lr': 0.4090488493991816}. Best is trial 62 with value: 0.3726749919963718.
checkpoint_e29 window_influence: 0.51846901639404486, penalty_k: 0.48230255408620126, scale_lr: 0.68392251296051465, EAO: 0.311
Trial 925 finished with value: 0.3112689330883991 and parameters: {'window_influence': 0.5184690163940449, 'penalty_k': 0.48230255408620126, 'scale_lr': 0.6839225129605147}. Best is trial 62 with value: 0.3726749919963718.
checkpoint_e29 window_influence: 0.45116947579207883, penalty_k: 0.49300057517431750, scale_lr: 0.50302073905048483, EAO: 0.327
Trial 926 finished with value: 0.3268786798075479 and parameters: {'window_influence': 0.45116947579207883, 'penalty_k': 0.4930005751743175, 'scale_lr': 0.5030207390504848}. Best is trial 62 with value: 0.3726749919963718.
checkpoint_e29 window_influence: 0.50536708190750668, penalty_k: 0.19626697765741857, scale_lr: 0.37905569536535555, EAO: 0.323
Trial 927 finished with value: 0.323199585833902 and parameters: {'window_influence': 0.5053670819075067, 'penalty_k': 0.19626697765741857, 'scale_lr': 0.37905569536535555}. Best is trial 62 with value: 0.3726749919963718.
checkpoint_e29 window_influence: 0.32026160097325618, penalty_k: 0.32944490169742047, scale_lr: 0.18476116191891778, EAO: 0.319
Trial 928 finished with value: 0.31905011055766375 and parameters: {'window_influence': 0.3202616009732562, 'penalty_k': 0.32944490169742047, 'scale_lr': 0.18476116191891778}. Best is trial 62 with value: 0.3726749919963718.
checkpoint_e29 window_influence: 0.48949716965190743, penalty_k: 0.07080436304686921, scale_lr: 0.27104457287101136, EAO: 0.332
Trial 929 finished with value: 0.3319605615584303 and parameters: {'window_influence': 0.4894971696519074, 'penalty_k': 0.07080436304686921, 'scale_lr': 0.27104457287101136}. Best is trial 62 with value: 0.3726749919963718.
checkpoint_e29 window_influence: 0.39279219057990733, penalty_k: 0.04737314823064263, scale_lr: 0.52977578624434618, EAO: 0.327
