Trial 124 finished with value: 0.3138190824465993 and parameters: {'window_influence': 0.5177646229222947, 'penalty_k': 0.13453193448718867, 'scale_lr': 0.30009458427852453}. Best is trial 97 with value: 0.3587390516054769.
checkpoint_e22 window_influence: 0.48400358683360034, penalty_k: 0.14976917633217288, scale_lr: 0.27114653916883591, EAO: 0.333
Trial 125 finished with value: 0.333480748800916 and parameters: {'window_influence': 0.48400358683360034, 'penalty_k': 0.14976917633217288, 'scale_lr': 0.2711465391688359}. Best is trial 97 with value: 0.3587390516054769.
checkpoint_e22 window_influence: 0.44884819307401214, penalty_k: 0.15863628499577961, scale_lr: 0.27015620104057614, EAO: 0.342
Trial 126 finished with value: 0.3415207525403583 and parameters: {'window_influence': 0.44884819307401214, 'penalty_k': 0.15863628499577961, 'scale_lr': 0.27015620104057614}. Best is trial 97 with value: 0.3587390516054769.
checkpoint_e22 window_influence: 0.44812635028893449, penalty_k: 0.18137499470426763, scale_lr: 0.27648965572224865, EAO: 0.321
Trial 127 finished with value: 0.32144622046659893 and parameters: {'window_influence': 0.4481263502889345, 'penalty_k': 0.18137499470426763, 'scale_lr': 0.27648965572224865}. Best is trial 97 with value: 0.3587390516054769.
checkpoint_e22 window_influence: 0.41272745853653520, penalty_k: 0.10256184132871103, scale_lr: 0.32054243659879039, EAO: 0.314
Trial 128 finished with value: 0.3142568650528615 and parameters: {'window_influence': 0.4127274585365352, 'penalty_k': 0.10256184132871103, 'scale_lr': 0.3205424365987904}. Best is trial 97 with value: 0.3587390516054769.
checkpoint_e22 window_influence: 0.43601089538763027, penalty_k: 0.16417739506750684, scale_lr: 0.22429624629041131, EAO: 0.316
Trial 129 finished with value: 0.31606111689996164 and parameters: {'window_influence': 0.43601089538763027, 'penalty_k': 0.16417739506750684, 'scale_lr': 0.2242962462904113}. Best is trial 97 with value: 0.3587390516054769.
checkpoint_e22 window_influence: 0.49439853916538834, penalty_k: 0.07479052039756696, scale_lr: 0.25580189601181963, EAO: 0.329
Trial 130 finished with value: 0.32894922555188727 and parameters: {'window_influence': 0.49439853916538834, 'penalty_k': 0.07479052039756696, 'scale_lr': 0.25580189601181963}. Best is trial 97 with value: 0.3587390516054769.
checkpoint_e22 window_influence: 0.45778999604963627, penalty_k: 0.15359237875205844, scale_lr: 0.27337164884780490, EAO: 0.314
Trial 131 finished with value: 0.31387388549658113 and parameters: {'window_influence': 0.45778999604963627, 'penalty_k': 0.15359237875205844, 'scale_lr': 0.2733716488478049}. Best is trial 97 with value: 0.3587390516054769.
checkpoint_e22 window_influence: 0.51133514848864070, penalty_k: 0.15008136916145071, scale_lr: 0.29830428200955367, EAO: 0.308
Trial 132 finished with value: 0.3078640693008668 and parameters: {'window_influence': 0.5113351484886407, 'penalty_k': 0.1500813691614507, 'scale_lr': 0.29830428200955367}. Best is trial 97 with value: 0.3587390516054769.
checkpoint_e22 window_influence: 0.47896713076440001, penalty_k: 0.14312043142495287, scale_lr: 0.26132851099242199, EAO: 0.326
Trial 133 finished with value: 0.32593781185057374 and parameters: {'window_influence': 0.4789671307644, 'penalty_k': 0.14312043142495287, 'scale_lr': 0.261328510992422}. Best is trial 97 with value: 0.3587390516054769.
checkpoint_e22 window_influence: 0.48820917671548975, penalty_k: 0.10534058231226921, scale_lr: 0.23031502232671758, EAO: 0.336
Trial 134 finished with value: 0.3357532579843172 and parameters: {'window_influence': 0.48820917671548975, 'penalty_k': 0.10534058231226921, 'scale_lr': 0.23031502232671758}. Best is trial 97 with value: 0.3587390516054769.
checkpoint_e22 window_influence: 0.52522168136917369, penalty_k: 0.10413245155054364, scale_lr: 0.19427864645146509, EAO: 0.312
Trial 135 finished with value: 0.3119809499394569 and parameters: {'window_influence': 0.5252216813691737, 'penalty_k': 0.10413245155054364, 'scale_lr': 0.1942786464514651}. Best is trial 97 with value: 0.3587390516054769.
checkpoint_e22 window_influence: 0.44724450039122304, penalty_k: 0.09087963046740598, scale_lr: 0.23199887865828031, EAO: 0.322
Trial 136 finished with value: 0.3222481350954405 and parameters: {'window_influence': 0.44724450039122304, 'penalty_k': 0.09087963046740598, 'scale_lr': 0.2319988786582803}. Best is trial 97 with value: 0.3587390516054769.
checkpoint_e22 window_influence: 0.50725433762297523, penalty_k: 0.11183345783995924, scale_lr: 0.33971213110883547, EAO: 0.334
Trial 137 finished with value: 0.3335250720439718 and parameters: {'window_influence': 0.5072543376229752, 'penalty_k': 0.11183345783995924, 'scale_lr': 0.33971213110883547}. Best is trial 97 with value: 0.3587390516054769.
checkpoint_e22 window_influence: 0.49145884027962949, penalty_k: 0.20348858176269680, scale_lr: 0.37157016746974569, EAO: 0.317
Trial 138 finished with value: 0.317045306127359 and parameters: {'window_influence': 0.4914588402796295, 'penalty_k': 0.2034885817626968, 'scale_lr': 0.3715701674697457}. Best is trial 97 with value: 0.3587390516054769.
checkpoint_e22 window_influence: 0.46807869061489532, penalty_k: 0.12517384724466679, scale_lr: 0.20804262512116273, EAO: 0.328
Trial 139 finished with value: 0.3282712955999003 and parameters: {'window_influence': 0.4680786906148953, 'penalty_k': 0.1251738472446668, 'scale_lr': 0.20804262512116273}. Best is trial 97 with value: 0.3587390516054769.
checkpoint_e22 window_influence: 0.45614353377266081, penalty_k: 0.08092437998749313, scale_lr: 0.22415351515881848, EAO: 0.320
Trial 140 finished with value: 0.3200269112443182 and parameters: {'window_influence': 0.4561435337726608, 'penalty_k': 0.08092437998749313, 'scale_lr': 0.22415351515881848}. Best is trial 97 with value: 0.3587390516054769.
checkpoint_e22 window_influence: 0.50282812875929717, penalty_k: 0.10837678702090582, scale_lr: 0.33943560708776099, EAO: 0.328
Trial 141 finished with value: 0.32799606744185494 and parameters: {'window_influence': 0.5028281287592972, 'penalty_k': 0.10837678702090582, 'scale_lr': 0.339435607087761}. Best is trial 97 with value: 0.3587390516054769.
checkpoint_e22 window_influence: 0.47415650874588966, penalty_k: 0.10897261144473391, scale_lr: 0.35405010103278967, EAO: 0.325
Trial 142 finished with value: 0.324737793276746 and parameters: {'window_influence': 0.47415650874588966, 'penalty_k': 0.10897261144473391, 'scale_lr': 0.35405010103278967}. Best is trial 97 with value: 0.3587390516054769.
checkpoint_e22 window_influence: 0.50457288898193453, penalty_k: 0.06059361398038474, scale_lr: 0.32626761724656056, EAO: 0.322
Trial 143 finished with value: 0.32217011435486465 and parameters: {'window_influence': 0.5045728889819345, 'penalty_k': 0.060593613980384736, 'scale_lr': 0.32626761724656056}. Best is trial 97 with value: 0.3587390516054769.
checkpoint_e22 window_influence: 0.51872526123882168, penalty_k: 0.11869601924802282, scale_lr: 0.34310478477711137, EAO: 0.304
Trial 144 finished with value: 0.30371668157874376 and parameters: {'window_influence': 0.5187252612388217, 'penalty_k': 0.11869601924802282, 'scale_lr': 0.34310478477711137}. Best is trial 97 with value: 0.3587390516054769.
checkpoint_e22 window_influence: 0.48840464341611345, penalty_k: 0.09562407571029256, scale_lr: 0.30844299174037532, EAO: 0.351
Trial 145 finished with value: 0.3510011577188737 and parameters: {'window_influence': 0.48840464341611345, 'penalty_k': 0.09562407571029256, 'scale_lr': 0.3084429917403753}. Best is trial 97 with value: 0.3587390516054769.
checkpoint_e22 window_influence: 0.48764463110137080, penalty_k: 0.09378919334678175, scale_lr: 0.30830972665481060, EAO: 0.342
Trial 146 finished with value: 0.3423682068572434 and parameters: {'window_influence': 0.4876446311013708, 'penalty_k': 0.09378919334678175, 'scale_lr': 0.3083097266548106}. Best is trial 97 with value: 0.3587390516054769.
checkpoint_e22 window_influence: 0.44425192262864849, penalty_k: 0.09184310703636980, scale_lr: 0.31492389139531335, EAO: 0.332
Trial 147 finished with value: 0.3321241949782761 and parameters: {'window_influence': 0.4442519226286485, 'penalty_k': 0.0918431070363698, 'scale_lr': 0.31492389139531335}. Best is trial 97 with value: 0.3587390516054769.
checkpoint_e22 window_influence: 0.48840187842820532, penalty_k: 0.07863864281374511, scale_lr: 0.30887876808960474, EAO: 0.323
Trial 148 finished with value: 0.3230644389697086 and parameters: {'window_influence': 0.4884018784282053, 'penalty_k': 0.07863864281374511, 'scale_lr': 0.30887876808960474}. Best is trial 97 with value: 0.3587390516054769.
checkpoint_e22 window_influence: 0.42943780038084783, penalty_k: 0.09721021530115782, scale_lr: 0.28556406549235730, EAO: 0.314
Trial 149 finished with value: 0.31432336632611685 and parameters: {'window_influence': 0.42943780038084783, 'penalty_k': 0.09721021530115782, 'scale_lr': 0.2855640654923573}. Best is trial 97 with value: 0.3587390516054769.
checkpoint_e22 window_influence: 0.46549283251975870, penalty_k: 0.06463447270283781, scale_lr: 0.24863642811308570, EAO: 0.329
Trial 150 finished with value: 0.328520879497324 and parameters: {'window_influence': 0.4654928325197587, 'penalty_k': 0.06463447270283781, 'scale_lr': 0.2486364281130857}. Best is trial 97 with value: 0.3587390516054769.
checkpoint_e22 window_influence: 0.48055337055514524, penalty_k: 0.13448936546623669, scale_lr: 0.29304215400483435, EAO: 0.320
Trial 151 finished with value: 0.31952457327091277 and parameters: {'window_influence': 0.48055337055514524, 'penalty_k': 0.1344893654662367, 'scale_lr': 0.29304215400483435}. Best is trial 97 with value: 0.3587390516054769.
checkpoint_e22 window_influence: 0.49200104216807244, penalty_k: 0.12732047553714021, scale_lr: 0.38068994865288508, EAO: 0.317
Trial 152 finished with value: 0.3174327791664851 and parameters: {'window_influence': 0.49200104216807244, 'penalty_k': 0.1273204755371402, 'scale_lr': 0.3806899486528851}. Best is trial 97 with value: 0.3587390516054769.
checkpoint_e22 window_influence: 0.53093654038469840, penalty_k: 0.09916891351214420, scale_lr: 0.28297817420407168, EAO: 0.315
Trial 153 finished with value: 0.3150498609598509 and parameters: {'window_influence': 0.5309365403846984, 'penalty_k': 0.0991689135121442, 'scale_lr': 0.2829781742040717}. Best is trial 97 with value: 0.3587390516054769.
checkpoint_e22 window_influence: 0.47114317193279603, penalty_k: 0.08177140326860144, scale_lr: 0.30228145244493182, EAO: 0.348
Trial 154 finished with value: 0.3478764713042441 and parameters: {'window_influence': 0.47114317193279603, 'penalty_k': 0.08177140326860144, 'scale_lr': 0.3022814524449318}. Best is trial 97 with value: 0.3587390516054769.
checkpoint_e22 window_influence: 0.45702528686838068, penalty_k: 0.07886886140193856, scale_lr: 0.36099313933652111, EAO: 0.350
Trial 155 finished with value: 0.3495749230514704 and parameters: {'window_influence': 0.4570252868683807, 'penalty_k': 0.07886886140193856, 'scale_lr': 0.3609931393365211}. Best is trial 97 with value: 0.3587390516054769.
checkpoint_e22 window_influence: 0.47370667779831493, penalty_k: 0.07702572720175638, scale_lr: 0.32909521189851171, EAO: 0.317
Trial 156 finished with value: 0.3171552749575344 and parameters: {'window_influence': 0.47370667779831493, 'penalty_k': 0.07702572720175638, 'scale_lr': 0.3290952118985117}. Best is trial 97 with value: 0.3587390516054769.
checkpoint_e22 window_influence: 0.45304762925523767, penalty_k: 0.04041936661521542, scale_lr: 0.35704342302480974, EAO: 0.307
Trial 157 finished with value: 0.3072915613535313 and parameters: {'window_influence': 0.45304762925523767, 'penalty_k': 0.04041936661521542, 'scale_lr': 0.35704342302480974}. Best is trial 97 with value: 0.3587390516054769.
checkpoint_e22 window_influence: 0.42125784933047133, penalty_k: 0.08404671542837017, scale_lr: 0.30590499291156409, EAO: 0.319
Trial 158 finished with value: 0.3192263472288963 and parameters: {'window_influence': 0.42125784933047133, 'penalty_k': 0.08404671542837017, 'scale_lr': 0.3059049929115641}. Best is trial 97 with value: 0.3587390516054769.
checkpoint_e22 window_influence: 0.43769477851438399, penalty_k: 0.06829303009719692, scale_lr: 0.25922591904893333, EAO: 0.313
Trial 159 finished with value: 0.312655726005595 and parameters: {'window_influence': 0.437694778514384, 'penalty_k': 0.06829303009719692, 'scale_lr': 0.25922591904893333}. Best is trial 97 with value: 0.3587390516054769.
checkpoint_e22 window_influence: 0.46542743079608007, penalty_k: 0.05484678636712771, scale_lr: 0.32247290307643817, EAO: 0.318
Trial 160 finished with value: 0.3184490011359931 and parameters: {'window_influence': 0.46542743079608007, 'penalty_k': 0.05484678636712771, 'scale_lr': 0.32247290307643817}. Best is trial 97 with value: 0.3587390516054769.
checkpoint_e22 window_influence: 0.45407410457639680, penalty_k: 0.09913414240781433, scale_lr: 0.39895204506788112, EAO: 0.320
Trial 161 finished with value: 0.3199137311849149 and parameters: {'window_influence': 0.4540741045763968, 'penalty_k': 0.09913414240781433, 'scale_lr': 0.3989520450678811}. Best is trial 97 with value: 0.3587390516054769.
checkpoint_e22 window_influence: 0.45873649729009541, penalty_k: 0.11680978943777641, scale_lr: 0.36042962783088589, EAO: 0.351
Trial 162 finished with value: 0.3510248260971173 and parameters: {'window_influence': 0.4587364972900954, 'penalty_k': 0.11680978943777641, 'scale_lr': 0.3604296278308859}. Best is trial 97 with value: 0.3587390516054769.
checkpoint_e22 window_influence: 0.47744063016999888, penalty_k: 0.11200890309129388, scale_lr: 0.36350765757042575, EAO: 0.334
Trial 163 finished with value: 0.33408780053895737 and parameters: {'window_influence': 0.4774406301699989, 'penalty_k': 0.11200890309129388, 'scale_lr': 0.36350765757042575}. Best is trial 97 with value: 0.3587390516054769.
checkpoint_e22 window_influence: 0.47677386260470067, penalty_k: 0.08777777678061018, scale_lr: 0.36485534853961321, EAO: 0.347
Trial 164 finished with value: 0.3465686188829548 and parameters: {'window_influence': 0.47677386260470067, 'penalty_k': 0.08777777678061018, 'scale_lr': 0.3648553485396132}. Best is trial 97 with value: 0.3587390516054769.
checkpoint_e22 window_influence: 0.43917840109427492, penalty_k: 0.08184078023538119, scale_lr: 0.38686960430267864, EAO: 0.331
Trial 165 finished with value: 0.3312822233610116 and parameters: {'window_influence': 0.4391784010942749, 'penalty_k': 0.08184078023538119, 'scale_lr': 0.38686960430267864}. Best is trial 97 with value: 0.3587390516054769.
checkpoint_e22 window_influence: 0.46336897497947155, penalty_k: 0.08983707135620350, scale_lr: 0.40592903177783751, EAO: 0.328
Trial 166 finished with value: 0.32810315373806637 and parameters: {'window_influence': 0.46336897497947155, 'penalty_k': 0.0898370713562035, 'scale_lr': 0.4059290317778375}. Best is trial 97 with value: 0.3587390516054769.
checkpoint_e22 window_influence: 0.48284315136404565, penalty_k: 0.10548717742243008, scale_lr: 0.34989053794319747, EAO: 0.346
Trial 167 finished with value: 0.3457339211196751 and parameters: {'window_influence': 0.48284315136404565, 'penalty_k': 0.10548717742243008, 'scale_lr': 0.34989053794319747}. Best is trial 97 with value: 0.3587390516054769.
checkpoint_e22 window_influence: 0.44867302249354252, penalty_k: 0.07292813678088134, scale_lr: 0.34922597497599844, EAO: 0.304
Trial 168 finished with value: 0.30382030332598703 and parameters: {'window_influence': 0.4486730224935425, 'penalty_k': 0.07292813678088134, 'scale_lr': 0.34922597497599844}. Best is trial 97 with value: 0.3587390516054769.
checkpoint_e22 window_influence: 0.41877332708838438, penalty_k: 0.10265394642731923, scale_lr: 0.36874587617171828, EAO: 0.307
Trial 169 finished with value: 0.30742725903885837 and parameters: {'window_influence': 0.4187733270883844, 'penalty_k': 0.10265394642731923, 'scale_lr': 0.3687458761717183}. Best is trial 97 with value: 0.3587390516054769.
checkpoint_e22 window_influence: 0.37981467228886889, penalty_k: 0.04497504218447959, scale_lr: 0.34164687632302115, EAO: 0.294
Trial 170 finished with value: 0.29360589616957344 and parameters: {'window_influence': 0.3798146722888689, 'penalty_k': 0.04497504218447959, 'scale_lr': 0.34164687632302115}. Best is trial 97 with value: 0.3587390516054769.
checkpoint_e22 window_influence: 0.48423334818663805, penalty_k: 0.11697720093483019, scale_lr: 0.35703596881714367, EAO: 0.318
Trial 171 finished with value: 0.317833188616812 and parameters: {'window_influence': 0.48423334818663805, 'penalty_k': 0.11697720093483019, 'scale_lr': 0.35703596881714367}. Best is trial 97 with value: 0.3587390516054769.
checkpoint_e22 window_influence: 0.46989010619842458, penalty_k: 0.09266931359628922, scale_lr: 0.38193549663293308, EAO: 0.309
Trial 172 finished with value: 0.30933676712243935 and parameters: {'window_influence': 0.4698901061984246, 'penalty_k': 0.09266931359628922, 'scale_lr': 0.3819354966329331}. Best is trial 97 with value: 0.3587390516054769.
checkpoint_e22 window_influence: 0.47859479383149889, penalty_k: 0.10888636638561225, scale_lr: 0.33576389724049799, EAO: 0.340
Trial 173 finished with value: 0.3398650299018459 and parameters: {'window_influence': 0.4785947938314989, 'penalty_k': 0.10888636638561225, 'scale_lr': 0.335763897240498}. Best is trial 97 with value: 0.3587390516054769.
checkpoint_e22 window_influence: 0.47510481216267120, penalty_k: 0.10976635690690544, scale_lr: 0.33228130065626194, EAO: 0.318
Trial 174 finished with value: 0.3179721541789719 and parameters: {'window_influence': 0.4751048121626712, 'penalty_k': 0.10976635690690544, 'scale_lr': 0.33228130065626194}. Best is trial 97 with value: 0.3587390516054769.
checkpoint_e22 window_influence: 0.45627706326961609, penalty_k: 0.08775871592160966, scale_lr: 0.31642896221569916, EAO: 0.311
Trial 175 finished with value: 0.3109956686946668 and parameters: {'window_influence': 0.4562770632696161, 'penalty_k': 0.08775871592160966, 'scale_lr': 0.31642896221569916}. Best is trial 97 with value: 0.3587390516054769.
checkpoint_e22 window_influence: 0.43342211174073780, penalty_k: 0.12442048789852196, scale_lr: 0.35077549879919878, EAO: 0.300
Trial 176 finished with value: 0.30041573025605095 and parameters: {'window_influence': 0.4334221117407378, 'penalty_k': 0.12442048789852196, 'scale_lr': 0.3507754987991988}. Best is trial 97 with value: 0.3587390516054769.
checkpoint_e22 window_influence: 0.48555833823729849, penalty_k: 0.06832467680696828, scale_lr: 0.33086488205495257, EAO: 0.334
Trial 177 finished with value: 0.333538418266096 and parameters: {'window_influence': 0.4855583382372985, 'penalty_k': 0.06832467680696828, 'scale_lr': 0.33086488205495257}. Best is trial 97 with value: 0.3587390516054769.
checkpoint_e22 window_influence: 0.46190372165976229, penalty_k: 0.10148608452948948, scale_lr: 0.42510035015451358, EAO: 0.320
Trial 178 finished with value: 0.3204943015301738 and parameters: {'window_influence': 0.4619037216597623, 'penalty_k': 0.10148608452948948, 'scale_lr': 0.4251003501545136}. Best is trial 97 with value: 0.3587390516054769.
checkpoint_e22 window_influence: 0.51392028992992156, penalty_k: 0.24898106358416541, scale_lr: 0.36575780213768350, EAO: 0.296
Trial 179 finished with value: 0.29560580704694595 and parameters: {'window_influence': 0.5139202899299216, 'penalty_k': 0.2489810635841654, 'scale_lr': 0.3657578021376835}. Best is trial 97 with value: 0.3587390516054769.
checkpoint_e22 window_influence: 0.44250365818268877, penalty_k: 0.11274583227822045, scale_lr: 0.38966188891607151, EAO: 0.309
Trial 180 finished with value: 0.30946514242354073 and parameters: {'window_influence': 0.4425036581826888, 'penalty_k': 0.11274583227822045, 'scale_lr': 0.3896618889160715}. Best is trial 97 with value: 0.3587390516054769.
checkpoint_e22 window_influence: 0.50117221700388548, penalty_k: 0.13171010619019710, scale_lr: 0.30598912942347489, EAO: 0.322
Trial 181 finished with value: 0.3222613503960784 and parameters: {'window_influence': 0.5011722170038855, 'penalty_k': 0.1317101061901971, 'scale_lr': 0.3059891294234749}. Best is trial 97 with value: 0.3587390516054769.
checkpoint_e22 window_influence: 0.47972397796774524, penalty_k: 0.11983791724245055, scale_lr: 0.34300030983609875, EAO: 0.333
Trial 182 finished with value: 0.33257013228848753 and parameters: {'window_influence': 0.47972397796774524, 'penalty_k': 0.11983791724245055, 'scale_lr': 0.34300030983609875}. Best is trial 97 with value: 0.3587390516054769.
checkpoint_e22 window_influence: 0.49197781857778339, penalty_k: 0.08741187996377656, scale_lr: 0.41242165144076609, EAO: 0.298
Trial 183 finished with value: 0.29826965168524344 and parameters: {'window_influence': 0.4919778185777834, 'penalty_k': 0.08741187996377656, 'scale_lr': 0.4124216514407661}. Best is trial 97 with value: 0.3587390516054769.
checkpoint_e22 window_influence: 0.47244480912603853, penalty_k: 0.10410731263301906, scale_lr: 0.37646211127250817, EAO: 0.336
Trial 184 finished with value: 0.33579157646528013 and parameters: {'window_influence': 0.47244480912603853, 'penalty_k': 0.10410731263301906, 'scale_lr': 0.37646211127250817}. Best is trial 97 with value: 0.3587390516054769.
checkpoint_e22 window_influence: 0.47156800999991949, penalty_k: 0.10000855896871640, scale_lr: 0.37464659809205830, EAO: 0.327
Trial 185 finished with value: 0.3265975821574838 and parameters: {'window_influence': 0.4715680099999195, 'penalty_k': 0.1000085589687164, 'scale_lr': 0.3746465980920583}. Best is trial 97 with value: 0.3587390516054769.
checkpoint_e22 window_influence: 0.45727224124782923, penalty_k: 0.07611625649787168, scale_lr: 0.36584968124455813, EAO: 0.324
