Trial 1116 finished with value: 0.2825450827059579 and parameters: {'window_influence': 0.48793641999973797, 'penalty_k': 0.5471310435628934, 'scale_lr': 0.45825594896207367}. Best is trial 877 with value: 0.36080633677861107.
checkpoint_e22 window_influence: 0.15888148534680399, penalty_k: 0.07390000005363932, scale_lr: 0.31477331702745714, EAO: 0.259
Trial 1117 finished with value: 0.2592190341147003 and parameters: {'window_influence': 0.158881485346804, 'penalty_k': 0.07390000005363932, 'scale_lr': 0.31477331702745714}. Best is trial 877 with value: 0.36080633677861107.
checkpoint_e22 window_influence: 0.47248667107006831, penalty_k: 0.14137576424937345, scale_lr: 0.28668733451132183, EAO: 0.324
Trial 1118 finished with value: 0.32415825801136894 and parameters: {'window_influence': 0.4724866710700683, 'penalty_k': 0.14137576424937345, 'scale_lr': 0.28668733451132183}. Best is trial 877 with value: 0.36080633677861107.
checkpoint_e22 window_influence: 0.51336693013495160, penalty_k: 0.01298144349995939, scale_lr: 0.33497942422451765, EAO: 0.332
Trial 1119 finished with value: 0.33192970015195555 and parameters: {'window_influence': 0.5133669301349516, 'penalty_k': 0.012981443499959389, 'scale_lr': 0.33497942422451765}. Best is trial 877 with value: 0.36080633677861107.
checkpoint_e22 window_influence: 0.52808766629037240, penalty_k: 0.03349240192007359, scale_lr: 0.63374218973701524, EAO: 0.320
Trial 1120 finished with value: 0.31963452546049187 and parameters: {'window_influence': 0.5280876662903724, 'penalty_k': 0.03349240192007359, 'scale_lr': 0.6337421897370152}. Best is trial 877 with value: 0.36080633677861107.
checkpoint_e22 window_influence: 0.54242811797241075, penalty_k: 0.37140619664442315, scale_lr: 0.52206807622658635, EAO: 0.277
Trial 1121 finished with value: 0.27693579209685787 and parameters: {'window_influence': 0.5424281179724108, 'penalty_k': 0.37140619664442315, 'scale_lr': 0.5220680762265864}. Best is trial 877 with value: 0.36080633677861107.
checkpoint_e22 window_influence: 0.55476300122785438, penalty_k: 0.10155931500704170, scale_lr: 0.54629924297145838, EAO: 0.292
Trial 1122 finished with value: 0.2919019699560529 and parameters: {'window_influence': 0.5547630012278544, 'penalty_k': 0.1015593150070417, 'scale_lr': 0.5462992429714584}. Best is trial 877 with value: 0.36080633677861107.
checkpoint_e22 window_influence: 0.44566633330115368, penalty_k: 0.20224623577323336, scale_lr: 0.57356425199882344, EAO: 0.312
Trial 1123 finished with value: 0.3119676256342157 and parameters: {'window_influence': 0.4456663333011537, 'penalty_k': 0.20224623577323336, 'scale_lr': 0.5735642519988234}. Best is trial 877 with value: 0.36080633677861107.
checkpoint_e22 window_influence: 0.42329082412354707, penalty_k: 0.11809249983107475, scale_lr: 0.65437432817298269, EAO: 0.311
Trial 1124 finished with value: 0.31143841269183253 and parameters: {'window_influence': 0.42329082412354707, 'penalty_k': 0.11809249983107475, 'scale_lr': 0.6543743281729827}. Best is trial 877 with value: 0.36080633677861107.
checkpoint_e22 window_influence: 0.13082117447802016, penalty_k: 0.08764548655924496, scale_lr: 0.29615712354080947, EAO: 0.260
Trial 1125 finished with value: 0.26044751048551923 and parameters: {'window_influence': 0.13082117447802016, 'penalty_k': 0.08764548655924496, 'scale_lr': 0.2961571235408095}. Best is trial 877 with value: 0.36080633677861107.
checkpoint_e22 window_influence: 0.47910654614028647, penalty_k: 0.15361849715649356, scale_lr: 0.48136045931864035, EAO: 0.324
Trial 1126 finished with value: 0.3242806944749699 and parameters: {'window_influence': 0.47910654614028647, 'penalty_k': 0.15361849715649356, 'scale_lr': 0.48136045931864035}. Best is trial 877 with value: 0.36080633677861107.
checkpoint_e22 window_influence: 0.46039400456556184, penalty_k: 0.27119262957205437, scale_lr: 0.67635874856950773, EAO: 0.304
Trial 1127 finished with value: 0.30406631216232877 and parameters: {'window_influence': 0.46039400456556184, 'penalty_k': 0.27119262957205437, 'scale_lr': 0.6763587485695077}. Best is trial 877 with value: 0.36080633677861107.
checkpoint_e22 window_influence: 0.49345211295191932, penalty_k: 0.12496202331377566, scale_lr: 0.79794356304160896, EAO: 0.313
Trial 1128 finished with value: 0.3131220844585144 and parameters: {'window_influence': 0.4934521129519193, 'penalty_k': 0.12496202331377566, 'scale_lr': 0.797943563041609}. Best is trial 877 with value: 0.36080633677861107.
checkpoint_e22 window_influence: 0.43321552146206815, penalty_k: 0.17344389868795015, scale_lr: 0.30851930064741989, EAO: 0.345
Trial 1129 finished with value: 0.3445353599605857 and parameters: {'window_influence': 0.43321552146206815, 'penalty_k': 0.17344389868795015, 'scale_lr': 0.3085193006474199}. Best is trial 877 with value: 0.36080633677861107.
checkpoint_e22 window_influence: 0.46772084460610491, penalty_k: 0.05056345140962287, scale_lr: 0.69767460165056749, EAO: 0.336
Trial 1130 finished with value: 0.3360319055239978 and parameters: {'window_influence': 0.4677208446061049, 'penalty_k': 0.050563451409622866, 'scale_lr': 0.6976746016505675}. Best is trial 877 with value: 0.36080633677861107.
checkpoint_e22 window_influence: 0.48224209332772494, penalty_k: 0.10446595982166687, scale_lr: 0.50450692165736133, EAO: 0.314
Trial 1131 finished with value: 0.31408048290686846 and parameters: {'window_influence': 0.48224209332772494, 'penalty_k': 0.10446595982166687, 'scale_lr': 0.5045069216573613}. Best is trial 877 with value: 0.36080633677861107.
checkpoint_e22 window_influence: 0.50542543762643499, penalty_k: 0.01138625869988848, scale_lr: 0.35906255284019412, EAO: 0.337
Trial 1132 finished with value: 0.3366632952068566 and parameters: {'window_influence': 0.505425437626435, 'penalty_k': 0.011386258699888477, 'scale_lr': 0.3590625528401941}. Best is trial 877 with value: 0.36080633677861107.
checkpoint_e22 window_influence: 0.45576200225864005, penalty_k: 0.29327809715616165, scale_lr: 0.34696617122738443, EAO: 0.338
Trial 1133 finished with value: 0.3383778145804943 and parameters: {'window_influence': 0.45576200225864005, 'penalty_k': 0.29327809715616165, 'scale_lr': 0.34696617122738443}. Best is trial 877 with value: 0.36080633677861107.
checkpoint_e22 window_influence: 0.21796925439525741, penalty_k: 0.02677731972232158, scale_lr: 0.78170993728278437, EAO: 0.280
Trial 1134 finished with value: 0.2798987825325027 and parameters: {'window_influence': 0.2179692543952574, 'penalty_k': 0.026777319722321582, 'scale_lr': 0.7817099372827844}. Best is trial 877 with value: 0.36080633677861107.
checkpoint_e22 window_influence: 0.49488907300703644, penalty_k: 0.08002545302005305, scale_lr: 0.32118012957089165, EAO: 0.332
Trial 1135 finished with value: 0.3321166949977207 and parameters: {'window_influence': 0.49488907300703644, 'penalty_k': 0.08002545302005305, 'scale_lr': 0.32118012957089165}. Best is trial 877 with value: 0.36080633677861107.
checkpoint_e22 window_influence: 0.47389231066823062, penalty_k: 0.06371596623835793, scale_lr: 0.53636501064978892, EAO: 0.330
Trial 1136 finished with value: 0.33029638317772386 and parameters: {'window_influence': 0.4738923106682306, 'penalty_k': 0.06371596623835793, 'scale_lr': 0.5363650106497889}. Best is trial 877 with value: 0.36080633677861107.
checkpoint_e22 window_influence: 0.35133385152176633, penalty_k: 0.59047821217311625, scale_lr: 0.26561711938034011, EAO: 0.283
Trial 1137 finished with value: 0.2825907121488556 and parameters: {'window_influence': 0.3513338515217663, 'penalty_k': 0.5904782121731162, 'scale_lr': 0.2656171193803401}. Best is trial 877 with value: 0.36080633677861107.
checkpoint_e22 window_influence: 0.29880407474966680, penalty_k: 0.13587975743104841, scale_lr: 0.37394273462869931, EAO: 0.299
Trial 1138 finished with value: 0.29947240662250074 and parameters: {'window_influence': 0.2988040747496668, 'penalty_k': 0.1358797574310484, 'scale_lr': 0.3739427346286993}. Best is trial 877 with value: 0.36080633677861107.
checkpoint_e22 window_influence: 0.44284182366060426, penalty_k: 0.11513884685096964, scale_lr: 0.33463190468530601, EAO: 0.328
Trial 1139 finished with value: 0.3283681941403489 and parameters: {'window_influence': 0.44284182366060426, 'penalty_k': 0.11513884685096964, 'scale_lr': 0.334631904685306}. Best is trial 877 with value: 0.36080633677861107.
checkpoint_e22 window_influence: 0.46584608145856299, penalty_k: 0.09173691735084316, scale_lr: 0.76186057241354244, EAO: 0.313
Trial 1140 finished with value: 0.3130500143256169 and parameters: {'window_influence': 0.465846081458563, 'penalty_k': 0.09173691735084316, 'scale_lr': 0.7618605724135424}. Best is trial 877 with value: 0.36080633677861107.
checkpoint_e22 window_influence: 0.51489626258192467, penalty_k: 0.31626517732062465, scale_lr: 0.45395628291799811, EAO: 0.299
Trial 1141 finished with value: 0.29854294611322274 and parameters: {'window_influence': 0.5148962625819247, 'penalty_k': 0.31626517732062465, 'scale_lr': 0.4539562829179981}. Best is trial 877 with value: 0.36080633677861107.
checkpoint_e22 window_influence: 0.39680075227511002, penalty_k: 0.34409432468193762, scale_lr: 0.56111351931402731, EAO: 0.303
Trial 1142 finished with value: 0.30275504064931014 and parameters: {'window_influence': 0.39680075227511, 'penalty_k': 0.3440943246819376, 'scale_lr': 0.5611135193140273}. Best is trial 877 with value: 0.36080633677861107.
checkpoint_e22 window_influence: 0.48446441705663712, penalty_k: 0.33460008427117488, scale_lr: 0.58995150554682108, EAO: 0.311
Trial 1143 finished with value: 0.3108114694111078 and parameters: {'window_influence': 0.4844644170566371, 'penalty_k': 0.3346000842711749, 'scale_lr': 0.5899515055468211}. Best is trial 877 with value: 0.36080633677861107.
checkpoint_e22 window_influence: 0.41516855451264389, penalty_k: 0.10307383670618607, scale_lr: 0.60872785693666986, EAO: 0.322
Trial 1144 finished with value: 0.3224769254950698 and parameters: {'window_influence': 0.4151685545126439, 'penalty_k': 0.10307383670618607, 'scale_lr': 0.6087278569366699}. Best is trial 877 with value: 0.36080633677861107.
checkpoint_e22 window_influence: 0.05412135691577280, penalty_k: 0.13032117210155383, scale_lr: 0.27930760172359964, EAO: 0.233
Trial 1145 finished with value: 0.23279868501169673 and parameters: {'window_influence': 0.0541213569157728, 'penalty_k': 0.13032117210155383, 'scale_lr': 0.27930760172359964}. Best is trial 877 with value: 0.36080633677861107.
checkpoint_e22 window_influence: 0.60305901311374066, penalty_k: 0.02502462010495547, scale_lr: 0.30401268745887255, EAO: 0.265
Trial 1146 finished with value: 0.26537465307035335 and parameters: {'window_influence': 0.6030590131137407, 'penalty_k': 0.025024620104955465, 'scale_lr': 0.30401268745887255}. Best is trial 877 with value: 0.36080633677861107.
checkpoint_e22 window_influence: 0.50372454273712197, penalty_k: 0.07151516115265763, scale_lr: 0.73820894784435476, EAO: 0.301
Trial 1147 finished with value: 0.3005495008791467 and parameters: {'window_influence': 0.503724542737122, 'penalty_k': 0.07151516115265763, 'scale_lr': 0.7382089478443548}. Best is trial 877 with value: 0.36080633677861107.
checkpoint_e22 window_influence: 0.45347420655127091, penalty_k: 0.04070721716031349, scale_lr: 0.57996839007334400, EAO: 0.324
Trial 1148 finished with value: 0.3244469389609326 and parameters: {'window_influence': 0.4534742065512709, 'penalty_k': 0.04070721716031349, 'scale_lr': 0.579968390073344}. Best is trial 877 with value: 0.36080633677861107.
checkpoint_e22 window_influence: 0.63501761999292849, penalty_k: 0.49787502122200167, scale_lr: 0.32074146303198109, EAO: 0.214
Trial 1149 finished with value: 0.21408826988262888 and parameters: {'window_influence': 0.6350176199929285, 'penalty_k': 0.49787502122200167, 'scale_lr': 0.3207414630319811}. Best is trial 877 with value: 0.36080633677861107.
checkpoint_e22 window_influence: 0.28601400600028504, penalty_k: 0.01272658717500502, scale_lr: 0.62816182372566243, EAO: 0.280
Trial 1150 finished with value: 0.27957251407061107 and parameters: {'window_influence': 0.28601400600028504, 'penalty_k': 0.012726587175005022, 'scale_lr': 0.6281618237256624}. Best is trial 877 with value: 0.36080633677861107.
checkpoint_e22 window_influence: 0.47526161260608069, penalty_k: 0.14832701881082927, scale_lr: 0.66723369360363050, EAO: 0.312
Trial 1151 finished with value: 0.3124542188783564 and parameters: {'window_influence': 0.4752616126060807, 'penalty_k': 0.14832701881082927, 'scale_lr': 0.6672336936036305}. Best is trial 877 with value: 0.36080633677861107.
checkpoint_e22 window_influence: 0.49682985591885021, penalty_k: 0.11423116870631590, scale_lr: 0.75065920566012212, EAO: 0.305
Trial 1152 finished with value: 0.3046371609784286 and parameters: {'window_influence': 0.4968298559188502, 'penalty_k': 0.1142311687063159, 'scale_lr': 0.7506592056601221}. Best is trial 877 with value: 0.36080633677861107.
checkpoint_e22 window_influence: 0.53445668090213283, penalty_k: 0.05863518229146300, scale_lr: 0.52984921888835435, EAO: 0.313
Trial 1153 finished with value: 0.3128820111547463 and parameters: {'window_influence': 0.5344566809021328, 'penalty_k': 0.058635182291463, 'scale_lr': 0.5298492188883543}. Best is trial 877 with value: 0.36080633677861107.
checkpoint_e22 window_influence: 0.46309682587706386, penalty_k: 0.45882446293561807, scale_lr: 0.34845885911191993, EAO: 0.294
Trial 1154 finished with value: 0.2937495148367455 and parameters: {'window_influence': 0.46309682587706386, 'penalty_k': 0.45882446293561807, 'scale_lr': 0.3484588591119199}. Best is trial 877 with value: 0.36080633677861107.
checkpoint_e22 window_influence: 0.18566915857814875, penalty_k: 0.44945128033430676, scale_lr: 0.37582411701388280, EAO: 0.265
Trial 1155 finished with value: 0.26493458212117743 and parameters: {'window_influence': 0.18566915857814875, 'penalty_k': 0.44945128033430676, 'scale_lr': 0.3758241170138828}. Best is trial 877 with value: 0.36080633677861107.
checkpoint_e22 window_influence: 0.48728112831971221, penalty_k: 0.08658551527873684, scale_lr: 0.39420928032439251, EAO: 0.340
Trial 1156 finished with value: 0.34015017782667734 and parameters: {'window_influence': 0.4872811283197122, 'penalty_k': 0.08658551527873684, 'scale_lr': 0.3942092803243925}. Best is trial 877 with value: 0.36080633677861107.
checkpoint_e22 window_influence: 0.43612176736832647, penalty_k: 0.10249579755326770, scale_lr: 0.30036367637788325, EAO: 0.320
Trial 1157 finished with value: 0.31957687860796885 and parameters: {'window_influence': 0.4361217673683265, 'penalty_k': 0.1024957975532677, 'scale_lr': 0.30036367637788325}. Best is trial 877 with value: 0.36080633677861107.
checkpoint_e22 window_influence: 0.25683515163788695, penalty_k: 0.09480454514011358, scale_lr: 0.72379634242145086, EAO: 0.296
Trial 1158 finished with value: 0.2964364489112847 and parameters: {'window_influence': 0.25683515163788695, 'penalty_k': 0.09480454514011358, 'scale_lr': 0.7237963424214509}. Best is trial 877 with value: 0.36080633677861107.
checkpoint_e22 window_influence: 0.08145045827084324, penalty_k: 0.24241007539582718, scale_lr: 0.36328019126767308, EAO: 0.252
Trial 1159 finished with value: 0.2521234452144645 and parameters: {'window_influence': 0.08145045827084324, 'penalty_k': 0.24241007539582718, 'scale_lr': 0.3632801912676731}. Best is trial 877 with value: 0.36080633677861107.
checkpoint_e22 window_influence: 0.06377985725288249, penalty_k: 0.28643010498113397, scale_lr: 0.70130002112917711, EAO: 0.231
Trial 1160 finished with value: 0.23072470539042922 and parameters: {'window_influence': 0.06377985725288249, 'penalty_k': 0.28643010498113397, 'scale_lr': 0.7013000211291771}. Best is trial 877 with value: 0.36080633677861107.
checkpoint_e22 window_influence: 0.45101807452136372, penalty_k: 0.12324717824462607, scale_lr: 0.64540668697400039, EAO: 0.335
Trial 1161 finished with value: 0.33491149683870697 and parameters: {'window_influence': 0.4510180745213637, 'penalty_k': 0.12324717824462607, 'scale_lr': 0.6454066869740004}. Best is trial 877 with value: 0.36080633677861107.
checkpoint_e22 window_influence: 0.36814174295897056, penalty_k: 0.55524615211151940, scale_lr: 0.33470796830017391, EAO: 0.282
Trial 1162 finished with value: 0.28243517458206946 and parameters: {'window_influence': 0.36814174295897056, 'penalty_k': 0.5552461521115194, 'scale_lr': 0.3347079683001739}. Best is trial 877 with value: 0.36080633677861107.
checkpoint_e22 window_influence: 0.47660496328265450, penalty_k: 0.16731201588834538, scale_lr: 0.28746009662423277, EAO: 0.344
Trial 1163 finished with value: 0.3441679991404834 and parameters: {'window_influence': 0.4766049632826545, 'penalty_k': 0.16731201588834538, 'scale_lr': 0.2874600966242328}. Best is trial 877 with value: 0.36080633677861107.
checkpoint_e22 window_influence: 0.46421541377117315, penalty_k: 0.08006268871772626, scale_lr: 0.25533767888021747, EAO: 0.315
Trial 1164 finished with value: 0.3154785077627531 and parameters: {'window_influence': 0.46421541377117315, 'penalty_k': 0.08006268871772626, 'scale_lr': 0.25533767888021747}. Best is trial 877 with value: 0.36080633677861107.
checkpoint_e22 window_influence: 0.52149848529635257, penalty_k: 0.03369326303701933, scale_lr: 0.51002722338897721, EAO: 0.321
Trial 1165 finished with value: 0.3213046699298495 and parameters: {'window_influence': 0.5214984852963526, 'penalty_k': 0.033693263037019326, 'scale_lr': 0.5100272233889772}. Best is trial 877 with value: 0.36080633677861107.
checkpoint_e22 window_influence: 0.49163908303162113, penalty_k: 0.00000764814986323, scale_lr: 0.54881266698394549, EAO: 0.350
Trial 1166 finished with value: 0.3495510017593547 and parameters: {'window_influence': 0.4916390830316211, 'penalty_k': 7.648149863231164e-06, 'scale_lr': 0.5488126669839455}. Best is trial 877 with value: 0.36080633677861107.
checkpoint_e22 window_influence: 0.50744435904644380, penalty_k: 0.01254641433222659, scale_lr: 0.60715379475705200, EAO: 0.326
Trial 1167 finished with value: 0.3260516647234965 and parameters: {'window_influence': 0.5074443590464438, 'penalty_k': 0.012546414332226587, 'scale_lr': 0.607153794757052}. Best is trial 877 with value: 0.36080633677861107.
checkpoint_e22 window_influence: 0.49986190503117178, penalty_k: 0.00793575235339908, scale_lr: 0.57749312976601586, EAO: 0.327
Trial 1168 finished with value: 0.327273149260751 and parameters: {'window_influence': 0.4998619050311718, 'penalty_k': 0.007935752353399083, 'scale_lr': 0.5774931297660159}. Best is trial 877 with value: 0.36080633677861107.
checkpoint_e22 window_influence: 0.49009793495161558, penalty_k: 0.01986644839137115, scale_lr: 0.57588645160134200, EAO: 0.336
Trial 1169 finished with value: 0.33583357443141565 and parameters: {'window_influence': 0.4900979349516156, 'penalty_k': 0.019866448391371146, 'scale_lr': 0.575886451601342}. Best is trial 877 with value: 0.36080633677861107.
checkpoint_e22 window_influence: 0.51682934201438835, penalty_k: 0.01915006590950955, scale_lr: 0.59947916684027847, EAO: 0.323
Trial 1170 finished with value: 0.3226973802315122 and parameters: {'window_influence': 0.5168293420143883, 'penalty_k': 0.019150065909509552, 'scale_lr': 0.5994791668402785}. Best is trial 877 with value: 0.36080633677861107.
checkpoint_e22 window_influence: 0.49239822384377713, penalty_k: 0.00831562829180997, scale_lr: 0.50647857825436371, EAO: 0.349
Trial 1171 finished with value: 0.3491852153599958 and parameters: {'window_influence': 0.4923982238437771, 'penalty_k': 0.008315628291809974, 'scale_lr': 0.5064785782543637}. Best is trial 877 with value: 0.36080633677861107.
checkpoint_e22 window_influence: 0.51709904849616983, penalty_k: 0.00187527436039410, scale_lr: 0.55244720163253569, EAO: 0.336
Trial 1172 finished with value: 0.3360517855284279 and parameters: {'window_influence': 0.5170990484961698, 'penalty_k': 0.0018752743603941014, 'scale_lr': 0.5524472016325357}. Best is trial 877 with value: 0.36080633677861107.
checkpoint_e22 window_influence: 0.49571443564575846, penalty_k: 0.01124407453986351, scale_lr: 0.48143665990805679, EAO: 0.325
Trial 1173 finished with value: 0.32458540918994044 and parameters: {'window_influence': 0.49571443564575846, 'penalty_k': 0.011244074539863508, 'scale_lr': 0.4814366599080568}. Best is trial 877 with value: 0.36080633677861107.
checkpoint_e22 window_influence: 0.14812638345535406, penalty_k: 0.00025165133887412, scale_lr: 0.56339496877164608, EAO: 0.261
Trial 1174 finished with value: 0.26125597669688644 and parameters: {'window_influence': 0.14812638345535406, 'penalty_k': 0.000251651338874121, 'scale_lr': 0.5633949687716461}. Best is trial 877 with value: 0.36080633677861107.
checkpoint_e22 window_influence: 0.50380849812910122, penalty_k: 0.01968954131495973, scale_lr: 0.51246796180280163, EAO: 0.316
Trial 1175 finished with value: 0.31581343814788626 and parameters: {'window_influence': 0.5038084981291012, 'penalty_k': 0.01968954131495973, 'scale_lr': 0.5124679618028016}. Best is trial 877 with value: 0.36080633677861107.
checkpoint_e22 window_influence: 0.50824539985335082, penalty_k: 0.01571854531544277, scale_lr: 0.55868583603688571, EAO: 0.319
Trial 1176 finished with value: 0.3187999807095249 and parameters: {'window_influence': 0.5082453998533508, 'penalty_k': 0.015718545315442766, 'scale_lr': 0.5586858360368857}. Best is trial 877 with value: 0.36080633677861107.
checkpoint_e22 window_influence: 0.53063124562669783, penalty_k: 0.01069038273796691, scale_lr: 0.53496593591099828, EAO: 0.316
