Trial 1005 finished with value: 0.2874505905441737 and parameters: {'window_influence': 0.16357588376023308, 'penalty_k': 0.1791225755368237, 'scale_lr': 0.21228286886913517}. Best is trial 330 with value: 0.36352008859471124.
checkpoint_e31 window_influence: 0.18510422850261934, penalty_k: 0.44377171468730248, scale_lr: 0.38451600288817273, EAO: 0.263
Trial 1006 finished with value: 0.26304758180672094 and parameters: {'window_influence': 0.18510422850261934, 'penalty_k': 0.4437717146873025, 'scale_lr': 0.3845160028881727}. Best is trial 330 with value: 0.36352008859471124.
checkpoint_e31 window_influence: 0.48672483649334825, penalty_k: 0.07352804199638048, scale_lr: 0.43500280974062694, EAO: 0.340
Trial 1007 finished with value: 0.34010952838663927 and parameters: {'window_influence': 0.48672483649334825, 'penalty_k': 0.07352804199638048, 'scale_lr': 0.43500280974062694}. Best is trial 330 with value: 0.36352008859471124.
checkpoint_e31 window_influence: 0.50019978641073648, penalty_k: 0.23710563938669171, scale_lr: 0.76007790482842030, EAO: 0.350
Trial 1008 finished with value: 0.3496742013131598 and parameters: {'window_influence': 0.5001997864107365, 'penalty_k': 0.2371056393866917, 'scale_lr': 0.7600779048284203}. Best is trial 330 with value: 0.36352008859471124.
checkpoint_e31 window_influence: 0.55769064438007798, penalty_k: 0.27659017769203542, scale_lr: 0.60993525788761760, EAO: 0.294
Trial 1009 finished with value: 0.2938308113975748 and parameters: {'window_influence': 0.557690644380078, 'penalty_k': 0.2765901776920354, 'scale_lr': 0.6099352578876176}. Best is trial 330 with value: 0.36352008859471124.
checkpoint_e31 window_influence: 0.46267336941647291, penalty_k: 0.11010151955121765, scale_lr: 0.17325309762169810, EAO: 0.346
Trial 1010 finished with value: 0.3455710346132865 and parameters: {'window_influence': 0.4626733694164729, 'penalty_k': 0.11010151955121765, 'scale_lr': 0.1732530976216981}. Best is trial 330 with value: 0.36352008859471124.
checkpoint_e31 window_influence: 0.05602545866693526, penalty_k: 0.04034410672269664, scale_lr: 0.48543756872026922, EAO: 0.271
Trial 1011 finished with value: 0.27083769805932323 and parameters: {'window_influence': 0.05602545866693526, 'penalty_k': 0.04034410672269664, 'scale_lr': 0.4854375687202692}. Best is trial 330 with value: 0.36352008859471124.
checkpoint_e31 window_influence: 0.62901812101003718, penalty_k: 0.02449547514230645, scale_lr: 0.10013509543104943, EAO: 0.270
Trial 1012 finished with value: 0.27014657083884286 and parameters: {'window_influence': 0.6290181210100372, 'penalty_k': 0.02449547514230645, 'scale_lr': 0.10013509543104943}. Best is trial 330 with value: 0.36352008859471124.
checkpoint_e31 window_influence: 0.25818830269575765, penalty_k: 0.06397737456508160, scale_lr: 0.54892022228412940, EAO: 0.303
Trial 1013 finished with value: 0.30341025438985936 and parameters: {'window_influence': 0.25818830269575765, 'penalty_k': 0.0639773745650816, 'scale_lr': 0.5489202222841294}. Best is trial 330 with value: 0.36352008859471124.
checkpoint_e31 window_influence: 0.52023179345753379, penalty_k: 0.16133972849402500, scale_lr: 0.65034821189945491, EAO: 0.319
Trial 1014 finished with value: 0.3188216054833817 and parameters: {'window_influence': 0.5202317934575338, 'penalty_k': 0.161339728494025, 'scale_lr': 0.6503482118994549}. Best is trial 330 with value: 0.36352008859471124.
checkpoint_e31 window_influence: 0.48148782813314944, penalty_k: 0.31777387727337914, scale_lr: 0.28354725089538929, EAO: 0.317
Trial 1015 finished with value: 0.3171807780340024 and parameters: {'window_influence': 0.48148782813314944, 'penalty_k': 0.31777387727337914, 'scale_lr': 0.2835472508953893}. Best is trial 330 with value: 0.36352008859471124.
checkpoint_e31 window_influence: 0.50744416718803587, penalty_k: 0.11998250628445711, scale_lr: 0.30245777640624649, EAO: 0.316
Trial 1016 finished with value: 0.316381500852711 and parameters: {'window_influence': 0.5074441671880359, 'penalty_k': 0.11998250628445711, 'scale_lr': 0.3024577764062465}. Best is trial 330 with value: 0.36352008859471124.
checkpoint_e31 window_influence: 0.43277232671447668, penalty_k: 0.08499656550060831, scale_lr: 0.12641105945814113, EAO: 0.326
Trial 1017 finished with value: 0.32614338195045633 and parameters: {'window_influence': 0.4327723267144767, 'penalty_k': 0.08499656550060831, 'scale_lr': 0.12641105945814113}. Best is trial 330 with value: 0.36352008859471124.
checkpoint_e31 window_influence: 0.49400888976115859, penalty_k: 0.01502900549821692, scale_lr: 0.18750148257161120, EAO: 0.327
Trial 1018 finished with value: 0.3265266172616862 and parameters: {'window_influence': 0.4940088897611586, 'penalty_k': 0.01502900549821692, 'scale_lr': 0.1875014825716112}. Best is trial 330 with value: 0.36352008859471124.
checkpoint_e31 window_influence: 0.45313789348502120, penalty_k: 0.39813763432713462, scale_lr: 0.33497338938536508, EAO: 0.320
Trial 1019 finished with value: 0.3198525203457138 and parameters: {'window_influence': 0.4531378934850212, 'penalty_k': 0.3981376343271346, 'scale_lr': 0.3349733893853651}. Best is trial 330 with value: 0.36352008859471124.
checkpoint_e31 window_influence: 0.52720586710504502, penalty_k: 0.04903971845778946, scale_lr: 0.36895020494425473, EAO: 0.327
Trial 1020 finished with value: 0.32722515586749124 and parameters: {'window_influence': 0.527205867105045, 'penalty_k': 0.04903971845778946, 'scale_lr': 0.36895020494425473}. Best is trial 330 with value: 0.36352008859471124.
checkpoint_e31 window_influence: 0.47413415567504552, penalty_k: 0.00022674824717541, scale_lr: 0.15395560338194314, EAO: 0.341
Trial 1021 finished with value: 0.34124685563002116 and parameters: {'window_influence': 0.4741341556750455, 'penalty_k': 0.0002267482471754144, 'scale_lr': 0.15395560338194314}. Best is trial 330 with value: 0.36352008859471124.
checkpoint_e31 window_influence: 0.51142238666002338, penalty_k: 0.14021850351023296, scale_lr: 0.66790452043795046, EAO: 0.317
Trial 1022 finished with value: 0.31722536967190323 and parameters: {'window_influence': 0.5114223866600234, 'penalty_k': 0.14021850351023296, 'scale_lr': 0.6679045204379505}. Best is trial 330 with value: 0.36352008859471124.
checkpoint_e31 window_influence: 0.32059243028289103, penalty_k: 0.34728987196958055, scale_lr: 0.22237811861826809, EAO: 0.293
Trial 1023 finished with value: 0.2926522610484394 and parameters: {'window_influence': 0.320592430282891, 'penalty_k': 0.34728987196958055, 'scale_lr': 0.2223781186182681}. Best is trial 330 with value: 0.36352008859471124.
checkpoint_e31 window_influence: 0.49035354289715111, penalty_k: 0.03051758323766258, scale_lr: 0.12446915551498969, EAO: 0.340
Trial 1024 finished with value: 0.3400380980179931 and parameters: {'window_influence': 0.4903535428971511, 'penalty_k': 0.030517583237662578, 'scale_lr': 0.12446915551498969}. Best is trial 330 with value: 0.36352008859471124.
checkpoint_e31 window_influence: 0.50220526210896965, penalty_k: 0.45889216209467820, scale_lr: 0.71073589463240472, EAO: 0.301
Trial 1025 finished with value: 0.30123947468017326 and parameters: {'window_influence': 0.5022052621089697, 'penalty_k': 0.4588921620946782, 'scale_lr': 0.7107358946324047}. Best is trial 330 with value: 0.36352008859471124.
checkpoint_e31 window_influence: 0.26620242055921450, penalty_k: 0.10043645739089183, scale_lr: 0.42255494515993269, EAO: 0.299
Trial 1026 finished with value: 0.29925956852473173 and parameters: {'window_influence': 0.2662024205592145, 'penalty_k': 0.10043645739089183, 'scale_lr': 0.4225549451599327}. Best is trial 330 with value: 0.36352008859471124.
checkpoint_e31 window_influence: 0.06780348273602571, penalty_k: 0.07473018840257353, scale_lr: 0.63316879516165303, EAO: 0.263
Trial 1027 finished with value: 0.26268584081171087 and parameters: {'window_influence': 0.06780348273602571, 'penalty_k': 0.07473018840257353, 'scale_lr': 0.633168795161653}. Best is trial 330 with value: 0.36352008859471124.
checkpoint_e31 window_influence: 0.53377022922548845, penalty_k: 0.24754513527201061, scale_lr: 0.14313117166029982, EAO: 0.304
Trial 1028 finished with value: 0.303714245209898 and parameters: {'window_influence': 0.5337702292254884, 'penalty_k': 0.2475451352720106, 'scale_lr': 0.14313117166029982}. Best is trial 330 with value: 0.36352008859471124.
checkpoint_e31 window_influence: 0.48381404553428253, penalty_k: 0.40883107410207653, scale_lr: 0.51723975606072814, EAO: 0.318
Trial 1029 finished with value: 0.31813442260606745 and parameters: {'window_influence': 0.48381404553428253, 'penalty_k': 0.40883107410207653, 'scale_lr': 0.5172397560607281}. Best is trial 330 with value: 0.36352008859471124.
checkpoint_e31 window_influence: 0.57172919800826461, penalty_k: 0.01233024429446812, scale_lr: 0.20674166948274386, EAO: 0.300
Trial 1030 finished with value: 0.2995201457683214 and parameters: {'window_influence': 0.5717291980082646, 'penalty_k': 0.012330244294468115, 'scale_lr': 0.20674166948274386}. Best is trial 330 with value: 0.36352008859471124.
checkpoint_e31 window_influence: 0.51672026128455695, penalty_k: 0.43877730276532650, scale_lr: 0.68518868423165225, EAO: 0.311
Trial 1031 finished with value: 0.31148345739461103 and parameters: {'window_influence': 0.516720261284557, 'penalty_k': 0.4387773027653265, 'scale_lr': 0.6851886842316522}. Best is trial 330 with value: 0.36352008859471124.
checkpoint_e31 window_influence: 0.34304860463154446, penalty_k: 0.21634212821876142, scale_lr: 0.60200917863168935, EAO: 0.303
Trial 1032 finished with value: 0.30308871377071056 and parameters: {'window_influence': 0.34304860463154446, 'penalty_k': 0.21634212821876142, 'scale_lr': 0.6020091786316893}. Best is trial 330 with value: 0.36352008859471124.
checkpoint_e31 window_influence: 0.46511269923233728, penalty_k: 0.05636189902603880, scale_lr: 0.35039548783316887, EAO: 0.329
Trial 1033 finished with value: 0.3285122534644279 and parameters: {'window_influence': 0.4651126992323373, 'penalty_k': 0.056361899026038796, 'scale_lr': 0.3503954878331689}. Best is trial 330 with value: 0.36352008859471124.
checkpoint_e31 window_influence: 0.49966343267176044, penalty_k: 0.12777544361046991, scale_lr: 0.45429105013806559, EAO: 0.329
Trial 1034 finished with value: 0.3290746890385327 and parameters: {'window_influence': 0.49966343267176044, 'penalty_k': 0.1277754436104699, 'scale_lr': 0.4542910501380656}. Best is trial 330 with value: 0.36352008859471124.
checkpoint_e31 window_influence: 0.47713823675312622, penalty_k: 0.09252512345477371, scale_lr: 0.11581487758423561, EAO: 0.331
Trial 1035 finished with value: 0.3308562583032749 and parameters: {'window_influence': 0.4771382367531262, 'penalty_k': 0.0925251234547737, 'scale_lr': 0.11581487758423561}. Best is trial 330 with value: 0.36352008859471124.
checkpoint_e31 window_influence: 0.49264032406052560, penalty_k: 0.28647508367321184, scale_lr: 0.16769123878152989, EAO: 0.312
Trial 1036 finished with value: 0.3124702452221733 and parameters: {'window_influence': 0.4926403240605256, 'penalty_k': 0.28647508367321184, 'scale_lr': 0.1676912387815299}. Best is trial 330 with value: 0.36352008859471124.
checkpoint_e31 window_influence: 0.51277159751368084, penalty_k: 0.03931419823756422, scale_lr: 0.47173557217937001, EAO: 0.346
Trial 1037 finished with value: 0.34625008203640056 and parameters: {'window_influence': 0.5127715975136808, 'penalty_k': 0.03931419823756422, 'scale_lr': 0.47173557217937}. Best is trial 330 with value: 0.36352008859471124.
checkpoint_e31 window_influence: 0.44345782491993757, penalty_k: 0.02821890880785127, scale_lr: 0.24519682391528785, EAO: 0.310
Trial 1038 finished with value: 0.31027817911675004 and parameters: {'window_influence': 0.44345782491993757, 'penalty_k': 0.02821890880785127, 'scale_lr': 0.24519682391528785}. Best is trial 330 with value: 0.36352008859471124.
checkpoint_e31 window_influence: 0.08803086404181992, penalty_k: 0.01943360727009378, scale_lr: 0.57736367212882789, EAO: 0.270
Trial 1039 finished with value: 0.27048230408926416 and parameters: {'window_influence': 0.08803086404181992, 'penalty_k': 0.019433607270093776, 'scale_lr': 0.5773636721288279}. Best is trial 330 with value: 0.36352008859471124.
checkpoint_e31 window_influence: 0.52433651010057858, penalty_k: 0.06088753205255942, scale_lr: 0.30755003577753115, EAO: 0.314
Trial 1040 finished with value: 0.3144978004786755 and parameters: {'window_influence': 0.5243365101005786, 'penalty_k': 0.060887532052559416, 'scale_lr': 0.30755003577753115}. Best is trial 330 with value: 0.36352008859471124.
checkpoint_e31 window_influence: 0.08913216761387338, penalty_k: 0.46917465184924134, scale_lr: 0.25969314167611141, EAO: 0.243
Trial 1041 finished with value: 0.24299515586650788 and parameters: {'window_influence': 0.08913216761387338, 'penalty_k': 0.46917465184924134, 'scale_lr': 0.2596931416761114}. Best is trial 330 with value: 0.36352008859471124.
checkpoint_e31 window_influence: 0.11710136807340060, penalty_k: 0.11409023126683990, scale_lr: 0.17849581315458618, EAO: 0.266
Trial 1042 finished with value: 0.26577406350508737 and parameters: {'window_influence': 0.1171013680734006, 'penalty_k': 0.1140902312668399, 'scale_lr': 0.17849581315458618}. Best is trial 330 with value: 0.36352008859471124.
checkpoint_e31 window_influence: 0.20387272504157269, penalty_k: 0.22898105421781995, scale_lr: 0.49096793299749952, EAO: 0.285
Trial 1043 finished with value: 0.2848572601720053 and parameters: {'window_influence': 0.2038727250415727, 'penalty_k': 0.22898105421781995, 'scale_lr': 0.4909679329974995}. Best is trial 330 with value: 0.36352008859471124.
checkpoint_e31 window_influence: 0.20058088626124876, penalty_k: 0.16831577762508743, scale_lr: 0.27538566290873590, EAO: 0.299
Trial 1044 finished with value: 0.2992039769887924 and parameters: {'window_influence': 0.20058088626124876, 'penalty_k': 0.16831577762508743, 'scale_lr': 0.2753856629087359}. Best is trial 330 with value: 0.36352008859471124.
checkpoint_e31 window_influence: 0.39163503510023212, penalty_k: 0.30525679923517302, scale_lr: 0.11385974145067564, EAO: 0.315
Trial 1045 finished with value: 0.3151245755560203 and parameters: {'window_influence': 0.3916350351002321, 'penalty_k': 0.305256799235173, 'scale_lr': 0.11385974145067564}. Best is trial 330 with value: 0.36352008859471124.
checkpoint_e31 window_influence: 0.58509103798404594, penalty_k: 0.14724497394724045, scale_lr: 0.19863962350714393, EAO: 0.290
Trial 1046 finished with value: 0.28989046916423605 and parameters: {'window_influence': 0.5850910379840459, 'penalty_k': 0.14724497394724045, 'scale_lr': 0.19863962350714393}. Best is trial 330 with value: 0.36352008859471124.
checkpoint_e31 window_influence: 0.55028318621979333, penalty_k: 0.00016286127765085, scale_lr: 0.13825515216839596, EAO: 0.311
Trial 1047 finished with value: 0.31076848014087527 and parameters: {'window_influence': 0.5502831862197933, 'penalty_k': 0.0001628612776508544, 'scale_lr': 0.13825515216839596}. Best is trial 330 with value: 0.36352008859471124.
checkpoint_e31 window_influence: 0.50302759098905769, penalty_k: 0.45998591731183647, scale_lr: 0.16069426460709513, EAO: 0.310
Trial 1048 finished with value: 0.30987331839387056 and parameters: {'window_influence': 0.5030275909890577, 'penalty_k': 0.45998591731183647, 'scale_lr': 0.16069426460709513}. Best is trial 330 with value: 0.36352008859471124.
checkpoint_e31 window_influence: 0.30292305983613488, penalty_k: 0.04448492322314261, scale_lr: 0.78360400634351524, EAO: 0.304
Trial 1049 finished with value: 0.3037500769363767 and parameters: {'window_influence': 0.3029230598361349, 'penalty_k': 0.04448492322314261, 'scale_lr': 0.7836040063435152}. Best is trial 330 with value: 0.36352008859471124.
checkpoint_e31 window_influence: 0.45708783927515861, penalty_k: 0.08006068617848625, scale_lr: 0.58852887670943366, EAO: 0.336
Trial 1050 finished with value: 0.3360956805225476 and parameters: {'window_influence': 0.4570878392751586, 'penalty_k': 0.08006068617848625, 'scale_lr': 0.5885288767094337}. Best is trial 330 with value: 0.36352008859471124.
checkpoint_e31 window_influence: 0.48803360510439414, penalty_k: 0.02101474475087252, scale_lr: 0.55298404641651133, EAO: 0.342
Trial 1051 finished with value: 0.34157526817767075 and parameters: {'window_influence': 0.48803360510439414, 'penalty_k': 0.021014744750872522, 'scale_lr': 0.5529840464165113}. Best is trial 330 with value: 0.36352008859471124.
checkpoint_e31 window_influence: 0.36168112542850461, penalty_k: 0.53656965869016837, scale_lr: 0.40516535599049291, EAO: 0.310
Trial 1052 finished with value: 0.310112104109753 and parameters: {'window_influence': 0.3616811254285046, 'penalty_k': 0.5365696586901684, 'scale_lr': 0.4051653559904929}. Best is trial 330 with value: 0.36352008859471124.
checkpoint_e31 window_influence: 0.53738463584054474, penalty_k: 0.01076021957073131, scale_lr: 0.73171824090585691, EAO: 0.296
Trial 1053 finished with value: 0.29648150138354024 and parameters: {'window_influence': 0.5373846358405447, 'penalty_k': 0.01076021957073131, 'scale_lr': 0.7317182409058569}. Best is trial 330 with value: 0.36352008859471124.
checkpoint_e31 window_influence: 0.21352078519363382, penalty_k: 0.03391834624188043, scale_lr: 0.69774865521848950, EAO: 0.278
Trial 1054 finished with value: 0.27828761262652474 and parameters: {'window_influence': 0.21352078519363382, 'penalty_k': 0.033918346241880434, 'scale_lr': 0.6977486552184895}. Best is trial 330 with value: 0.36352008859471124.
checkpoint_e31 window_influence: 0.47386944528184133, penalty_k: 0.09203354997566585, scale_lr: 0.22302169309375561, EAO: 0.345
Trial 1055 finished with value: 0.34518019362182467 and parameters: {'window_influence': 0.47386944528184133, 'penalty_k': 0.09203354997566585, 'scale_lr': 0.2230216930937556}. Best is trial 330 with value: 0.36352008859471124.
checkpoint_e31 window_influence: 0.50753176794587074, penalty_k: 0.06836109274594875, scale_lr: 0.64403153630907228, EAO: 0.324
Trial 1056 finished with value: 0.3238059193011852 and parameters: {'window_influence': 0.5075317679458707, 'penalty_k': 0.06836109274594875, 'scale_lr': 0.6440315363090723}. Best is trial 330 with value: 0.36352008859471124.
checkpoint_e31 window_influence: 0.34471716401848707, penalty_k: 0.35802933289446137, scale_lr: 0.62470954998551353, EAO: 0.321
Trial 1057 finished with value: 0.3214210248642858 and parameters: {'window_influence': 0.34471716401848707, 'penalty_k': 0.35802933289446137, 'scale_lr': 0.6247095499855135}. Best is trial 330 with value: 0.36352008859471124.
checkpoint_e31 window_influence: 0.49367712536934089, penalty_k: 0.53032075462883133, scale_lr: 0.12535054649087973, EAO: 0.297
Trial 1058 finished with value: 0.2972858026913632 and parameters: {'window_influence': 0.4936771253693409, 'penalty_k': 0.5303207546288313, 'scale_lr': 0.12535054649087973}. Best is trial 330 with value: 0.36352008859471124.
checkpoint_e31 window_influence: 0.42012590001526029, penalty_k: 0.12518794431479971, scale_lr: 0.23526536579984281, EAO: 0.333
Trial 1059 finished with value: 0.33313747666457283 and parameters: {'window_influence': 0.4201259000152603, 'penalty_k': 0.1251879443147997, 'scale_lr': 0.2352653657998428}. Best is trial 330 with value: 0.36352008859471124.
checkpoint_e31 window_influence: 0.52235643421444999, penalty_k: 0.41717136019648687, scale_lr: 0.56600939474670564, EAO: 0.300
Trial 1060 finished with value: 0.2999566726183613 and parameters: {'window_influence': 0.52235643421445, 'penalty_k': 0.4171713601964869, 'scale_lr': 0.5660093947467056}. Best is trial 330 with value: 0.36352008859471124.
checkpoint_e31 window_influence: 0.48191907809080659, penalty_k: 0.10896226290680802, scale_lr: 0.10003351423132166, EAO: 0.331
Trial 1061 finished with value: 0.33102113385376764 and parameters: {'window_influence': 0.4819190780908066, 'penalty_k': 0.10896226290680802, 'scale_lr': 0.10003351423132166}. Best is trial 330 with value: 0.36352008859471124.
checkpoint_e31 window_influence: 0.05045205650402812, penalty_k: 0.26263561850648276, scale_lr: 0.14657512834042141, EAO: 0.246
Trial 1062 finished with value: 0.24618189216587794 and parameters: {'window_influence': 0.05045205650402812, 'penalty_k': 0.26263561850648276, 'scale_lr': 0.1465751283404214}. Best is trial 330 with value: 0.36352008859471124.
checkpoint_e31 window_influence: 0.47211508457422202, penalty_k: 0.05020146754825508, scale_lr: 0.18590784417074219, EAO: 0.336
Trial 1063 finished with value: 0.33575412375917696 and parameters: {'window_influence': 0.472115084574222, 'penalty_k': 0.05020146754825508, 'scale_lr': 0.1859078441707422}. Best is trial 330 with value: 0.36352008859471124.
checkpoint_e31 window_influence: 0.56834705646174943, penalty_k: 0.19232256773770762, scale_lr: 0.38174121112499093, EAO: 0.294
Trial 1064 finished with value: 0.29438379331553494 and parameters: {'window_influence': 0.5683470564617494, 'penalty_k': 0.19232256773770762, 'scale_lr': 0.38174121112499093}. Best is trial 330 with value: 0.36352008859471124.
checkpoint_e31 window_influence: 0.49801518488234420, penalty_k: 0.02854991378915248, scale_lr: 0.53345373751541914, EAO: 0.324
Trial 1065 finished with value: 0.3237622073536253 and parameters: {'window_influence': 0.4980151848823442, 'penalty_k': 0.028549913789152476, 'scale_lr': 0.5334537375154191}. Best is trial 330 with value: 0.36352008859471124.
checkpoint_e31 window_influence: 0.51218434765222398, penalty_k: 0.13691020301981424, scale_lr: 0.50340186926545383, EAO: 0.338
Trial 1066 finished with value: 0.3383004657257392 and parameters: {'window_influence': 0.512184347652224, 'penalty_k': 0.13691020301981424, 'scale_lr': 0.5034018692654538}. Best is trial 330 with value: 0.36352008859471124.
checkpoint_e31 window_influence: 0.38287247462987661, penalty_k: 0.55612227065690767, scale_lr: 0.60299926647919022, EAO: 0.317
