Trial 2137 finished with value: 0.259877726667586 and parameters: {'window_influence': 0.1194126148148934, 'penalty_k': 0.5698082273469193, 'scale_lr': 0.4954843431802322}. Best is trial 1674 with value: 0.38142600678748195.
checkpoint_e33 window_influence: 0.52543969136583524, penalty_k: 0.38791920547983616, scale_lr: 0.31450825687117712, EAO: 0.297
Trial 2138 finished with value: 0.2973513752222061 and parameters: {'window_influence': 0.5254396913658352, 'penalty_k': 0.38791920547983616, 'scale_lr': 0.3145082568711771}. Best is trial 1674 with value: 0.38142600678748195.
checkpoint_e33 window_influence: 0.49874803464324630, penalty_k: 0.45691155542318967, scale_lr: 0.61710438685198277, EAO: 0.307
Trial 2139 finished with value: 0.30660435696520233 and parameters: {'window_influence': 0.4987480346432463, 'penalty_k': 0.4569115554231897, 'scale_lr': 0.6171043868519828}. Best is trial 1674 with value: 0.38142600678748195.
checkpoint_e33 window_influence: 0.47275289082644378, penalty_k: 0.32738101498857286, scale_lr: 0.75203138576939632, EAO: 0.323
Trial 2140 finished with value: 0.3229448980858354 and parameters: {'window_influence': 0.4727528908264438, 'penalty_k': 0.32738101498857286, 'scale_lr': 0.7520313857693963}. Best is trial 1674 with value: 0.38142600678748195.
checkpoint_e33 window_influence: 0.64508083695495566, penalty_k: 0.02047157984229189, scale_lr: 0.51743712444603818, EAO: 0.234
Trial 2141 finished with value: 0.2339897504808374 and parameters: {'window_influence': 0.6450808369549557, 'penalty_k': 0.020471579842291893, 'scale_lr': 0.5174371244460382}. Best is trial 1674 with value: 0.38142600678748195.
checkpoint_e33 window_influence: 0.37427187094264153, penalty_k: 0.09563525166995798, scale_lr: 0.67625848478764194, EAO: 0.324
Trial 2142 finished with value: 0.32423231127429103 and parameters: {'window_influence': 0.3742718709426415, 'penalty_k': 0.09563525166995798, 'scale_lr': 0.676258484787642}. Best is trial 1674 with value: 0.38142600678748195.
checkpoint_e33 window_influence: 0.51277140358849782, penalty_k: 0.47149921007219353, scale_lr: 0.26108240574437686, EAO: 0.279
Trial 2143 finished with value: 0.27912399740998384 and parameters: {'window_influence': 0.5127714035884978, 'penalty_k': 0.47149921007219353, 'scale_lr': 0.26108240574437686}. Best is trial 1674 with value: 0.38142600678748195.
checkpoint_e33 window_influence: 0.33264927720890447, penalty_k: 0.07341365287185161, scale_lr: 0.77141859324606854, EAO: 0.311
Trial 2144 finished with value: 0.3109812873926608 and parameters: {'window_influence': 0.33264927720890447, 'penalty_k': 0.07341365287185161, 'scale_lr': 0.7714185932460685}. Best is trial 1674 with value: 0.38142600678748195.
checkpoint_e33 window_influence: 0.58775218950630659, penalty_k: 0.39834090743052952, scale_lr: 0.58856839349686019, EAO: 0.247
Trial 2145 finished with value: 0.24731140343131722 and parameters: {'window_influence': 0.5877521895063066, 'penalty_k': 0.3983409074305295, 'scale_lr': 0.5885683934968602}. Best is trial 1674 with value: 0.38142600678748195.
checkpoint_e33 window_influence: 0.49028370528139092, penalty_k: 0.12256963111568066, scale_lr: 0.32765994648841174, EAO: 0.352
Trial 2146 finished with value: 0.3516078394210756 and parameters: {'window_influence': 0.4902837052813909, 'penalty_k': 0.12256963111568066, 'scale_lr': 0.32765994648841174}. Best is trial 1674 with value: 0.38142600678748195.
checkpoint_e33 window_influence: 0.44799495619742863, penalty_k: 0.24426937828222511, scale_lr: 0.64680698760109512, EAO: 0.348
Trial 2147 finished with value: 0.348091571827343 and parameters: {'window_influence': 0.44799495619742863, 'penalty_k': 0.2442693782822251, 'scale_lr': 0.6468069876010951}. Best is trial 1674 with value: 0.38142600678748195.
checkpoint_e33 window_influence: 0.21260866527736677, penalty_k: 0.18217329938597304, scale_lr: 0.52988776245090485, EAO: 0.282
Trial 2148 finished with value: 0.2815399674358071 and parameters: {'window_influence': 0.21260866527736677, 'penalty_k': 0.18217329938597304, 'scale_lr': 0.5298877624509049}. Best is trial 1674 with value: 0.38142600678748195.
checkpoint_e33 window_influence: 0.62830128211233705, penalty_k: 0.04734695808738294, scale_lr: 0.37418255309582743, EAO: 0.252
Trial 2149 finished with value: 0.25192306431351 and parameters: {'window_influence': 0.628301282112337, 'penalty_k': 0.04734695808738294, 'scale_lr': 0.37418255309582743}. Best is trial 1674 with value: 0.38142600678748195.
checkpoint_e33 window_influence: 0.54331148459871770, penalty_k: 0.53615727566621607, scale_lr: 0.72405090065591771, EAO: 0.271
Trial 2150 finished with value: 0.2710536484704407 and parameters: {'window_influence': 0.5433114845987177, 'penalty_k': 0.5361572756662161, 'scale_lr': 0.7240509006559177}. Best is trial 1674 with value: 0.38142600678748195.
checkpoint_e33 window_influence: 0.32656143469592325, penalty_k: 0.06516836422543593, scale_lr: 0.40141462934915606, EAO: 0.308
Trial 2151 finished with value: 0.30811459585618417 and parameters: {'window_influence': 0.32656143469592325, 'penalty_k': 0.06516836422543593, 'scale_lr': 0.40141462934915606}. Best is trial 1674 with value: 0.38142600678748195.
checkpoint_e33 window_influence: 0.47687350986420135, penalty_k: 0.14876691090528005, scale_lr: 0.79828007702497361, EAO: 0.313
Trial 2152 finished with value: 0.31300739503324265 and parameters: {'window_influence': 0.47687350986420135, 'penalty_k': 0.14876691090528005, 'scale_lr': 0.7982800770249736}. Best is trial 1674 with value: 0.38142600678748195.
checkpoint_e33 window_influence: 0.50075061169877810, penalty_k: 0.15962936902998967, scale_lr: 0.50087253748241278, EAO: 0.323
Trial 2153 finished with value: 0.3231195853841908 and parameters: {'window_influence': 0.5007506116987781, 'penalty_k': 0.15962936902998967, 'scale_lr': 0.5008725374824128}. Best is trial 1674 with value: 0.38142600678748195.
checkpoint_e33 window_influence: 0.46673635093684723, penalty_k: 0.21292499757989061, scale_lr: 0.26688010534376666, EAO: 0.343
Trial 2154 finished with value: 0.34325049487069426 and parameters: {'window_influence': 0.46673635093684723, 'penalty_k': 0.2129249975798906, 'scale_lr': 0.26688010534376666}. Best is trial 1674 with value: 0.38142600678748195.
checkpoint_e33 window_influence: 0.28159407706623052, penalty_k: 0.48762720816228067, scale_lr: 0.19145023753531293, EAO: 0.294
Trial 2155 finished with value: 0.2943304982978546 and parameters: {'window_influence': 0.2815940770662305, 'penalty_k': 0.48762720816228067, 'scale_lr': 0.19145023753531293}. Best is trial 1674 with value: 0.38142600678748195.
checkpoint_e33 window_influence: 0.21854010330573720, penalty_k: 0.01528058572984519, scale_lr: 0.17920297884606740, EAO: 0.287
Trial 2156 finished with value: 0.2873178875863784 and parameters: {'window_influence': 0.2185401033057372, 'penalty_k': 0.015280585729845187, 'scale_lr': 0.1792029788460674}. Best is trial 1674 with value: 0.38142600678748195.
checkpoint_e33 window_influence: 0.56764325458242593, penalty_k: 0.13488337253622676, scale_lr: 0.46351312074730489, EAO: 0.279
Trial 2157 finished with value: 0.2791006478122236 and parameters: {'window_influence': 0.5676432545824259, 'penalty_k': 0.13488337253622676, 'scale_lr': 0.4635131207473049}. Best is trial 1674 with value: 0.38142600678748195.
checkpoint_e33 window_influence: 0.61632400266029785, penalty_k: 0.16883651061562743, scale_lr: 0.68505624379309549, EAO: 0.247
Trial 2158 finished with value: 0.24732607185608682 and parameters: {'window_influence': 0.6163240026602979, 'penalty_k': 0.16883651061562743, 'scale_lr': 0.6850562437930955}. Best is trial 1674 with value: 0.38142600678748195.
checkpoint_e33 window_influence: 0.51309432452423265, penalty_k: 0.10464354782541674, scale_lr: 0.10134113590673305, EAO: 0.328
Trial 2159 finished with value: 0.32807101001999256 and parameters: {'window_influence': 0.5130943245242326, 'penalty_k': 0.10464354782541674, 'scale_lr': 0.10134113590673305}. Best is trial 1674 with value: 0.38142600678748195.
checkpoint_e33 window_influence: 0.48592514010404175, penalty_k: 0.36432281631178121, scale_lr: 0.54880356153607357, EAO: 0.312
Trial 2160 finished with value: 0.3121519889465102 and parameters: {'window_influence': 0.48592514010404175, 'penalty_k': 0.3643228163117812, 'scale_lr': 0.5488035615360736}. Best is trial 1674 with value: 0.38142600678748195.
checkpoint_e33 window_influence: 0.52615032620857172, penalty_k: 0.05379241692305732, scale_lr: 0.15111714230090167, EAO: 0.313
Trial 2161 finished with value: 0.3128796800797088 and parameters: {'window_influence': 0.5261503262085717, 'penalty_k': 0.05379241692305732, 'scale_lr': 0.15111714230090167}. Best is trial 1674 with value: 0.38142600678748195.
checkpoint_e33 window_influence: 0.38583396705663431, penalty_k: 0.37160917943058813, scale_lr: 0.60389489962547416, EAO: 0.328
Trial 2162 finished with value: 0.32835255557461007 and parameters: {'window_influence': 0.3858339670566343, 'penalty_k': 0.37160917943058813, 'scale_lr': 0.6038948996254742}. Best is trial 1674 with value: 0.38142600678748195.
checkpoint_e33 window_influence: 0.45806028568973739, penalty_k: 0.43893399257108917, scale_lr: 0.48538735685671502, EAO: 0.319
Trial 2163 finished with value: 0.3188211248774473 and parameters: {'window_influence': 0.4580602856897374, 'penalty_k': 0.43893399257108917, 'scale_lr': 0.485387356856715}. Best is trial 1674 with value: 0.38142600678748195.
checkpoint_e33 window_influence: 0.18611439777396968, penalty_k: 0.58065353391828167, scale_lr: 0.71033114300046629, EAO: 0.263
Trial 2164 finished with value: 0.26306647682700174 and parameters: {'window_influence': 0.18611439777396968, 'penalty_k': 0.5806535339182817, 'scale_lr': 0.7103311430004663}. Best is trial 1674 with value: 0.38142600678748195.
checkpoint_e33 window_influence: 0.10683594922854864, penalty_k: 0.42191809669500763, scale_lr: 0.11803009845505330, EAO: 0.246
Trial 2165 finished with value: 0.24624118162500255 and parameters: {'window_influence': 0.10683594922854864, 'penalty_k': 0.4219180966950076, 'scale_lr': 0.1180300984550533}. Best is trial 1674 with value: 0.38142600678748195.
checkpoint_e33 window_influence: 0.42798933418287632, penalty_k: 0.02886793915118397, scale_lr: 0.44174931318033739, EAO: 0.336
Trial 2166 finished with value: 0.3362179978348402 and parameters: {'window_influence': 0.4279893341828763, 'penalty_k': 0.028867939151183967, 'scale_lr': 0.4417493131803374}. Best is trial 1674 with value: 0.38142600678748195.
checkpoint_e33 window_influence: 0.44190105900268539, penalty_k: 0.22445885451412806, scale_lr: 0.28309011654500527, EAO: 0.309
Trial 2167 finished with value: 0.30932392794566393 and parameters: {'window_influence': 0.4419010590026854, 'penalty_k': 0.22445885451412806, 'scale_lr': 0.28309011654500527}. Best is trial 1674 with value: 0.38142600678748195.
checkpoint_e33 window_influence: 0.47889551482596293, penalty_k: 0.49595145822593245, scale_lr: 0.56268495950031172, EAO: 0.311
Trial 2168 finished with value: 0.3110748314324056 and parameters: {'window_influence': 0.47889551482596293, 'penalty_k': 0.49595145822593245, 'scale_lr': 0.5626849595003117}. Best is trial 1674 with value: 0.38142600678748195.
checkpoint_e33 window_influence: 0.50072700134217973, penalty_k: 0.08662238007241502, scale_lr: 0.74069353295361740, EAO: 0.331
Trial 2169 finished with value: 0.33074296981908 and parameters: {'window_influence': 0.5007270013421797, 'penalty_k': 0.08662238007241502, 'scale_lr': 0.7406935329536174}. Best is trial 1674 with value: 0.38142600678748195.
checkpoint_e33 window_influence: 0.41007138834096080, penalty_k: 0.18946814413663307, scale_lr: 0.25297412255795076, EAO: 0.331
Trial 2170 finished with value: 0.33133275940260537 and parameters: {'window_influence': 0.4100713883409608, 'penalty_k': 0.18946814413663307, 'scale_lr': 0.25297412255795076}. Best is trial 1674 with value: 0.38142600678748195.
checkpoint_e33 window_influence: 0.19501252195112445, penalty_k: 0.04083006611969359, scale_lr: 0.51399302081545883, EAO: 0.279
Trial 2171 finished with value: 0.2791864884734618 and parameters: {'window_influence': 0.19501252195112445, 'penalty_k': 0.04083006611969359, 'scale_lr': 0.5139930208154588}. Best is trial 1674 with value: 0.38142600678748195.
checkpoint_e33 window_influence: 0.46825151064923459, penalty_k: 0.06170847174661058, scale_lr: 0.21843141127474927, EAO: 0.330
Trial 2172 finished with value: 0.33010573093761264 and parameters: {'window_influence': 0.4682515106492346, 'penalty_k': 0.06170847174661058, 'scale_lr': 0.21843141127474927}. Best is trial 1674 with value: 0.38142600678748195.
checkpoint_e33 window_influence: 0.49036419845150947, penalty_k: 0.01282334920977381, scale_lr: 0.62638493732233747, EAO: 0.336
Trial 2173 finished with value: 0.33632641242172 and parameters: {'window_influence': 0.49036419845150947, 'penalty_k': 0.012823349209773814, 'scale_lr': 0.6263849373223375}. Best is trial 1674 with value: 0.38142600678748195.
checkpoint_e33 window_influence: 0.51568369362699085, penalty_k: 0.53733659048953109, scale_lr: 0.54140995364719247, EAO: 0.303
Trial 2174 finished with value: 0.3027548893764325 and parameters: {'window_influence': 0.5156836936269908, 'penalty_k': 0.5373365904895311, 'scale_lr': 0.5414099536471925}. Best is trial 1674 with value: 0.38142600678748195.
checkpoint_e33 window_influence: 0.53190004770006927, penalty_k: 0.07193098022604469, scale_lr: 0.57796603005624836, EAO: 0.312
Trial 2175 finished with value: 0.31215215593228546 and parameters: {'window_influence': 0.5319000477000693, 'penalty_k': 0.07193098022604469, 'scale_lr': 0.5779660300562484}. Best is trial 1674 with value: 0.38142600678748195.
checkpoint_e33 window_influence: 0.50392812074394444, penalty_k: 0.28961845015424104, scale_lr: 0.78402504303281761, EAO: 0.289
Trial 2176 finished with value: 0.2888837365672746 and parameters: {'window_influence': 0.5039281207439444, 'penalty_k': 0.28961845015424104, 'scale_lr': 0.7840250430328176}. Best is trial 1674 with value: 0.38142600678748195.
checkpoint_e33 window_influence: 0.48133482137295885, penalty_k: 0.11532762697618017, scale_lr: 0.50202416482971357, EAO: 0.365
Trial 2177 finished with value: 0.3653861969593434 and parameters: {'window_influence': 0.48133482137295885, 'penalty_k': 0.11532762697618017, 'scale_lr': 0.5020241648297136}. Best is trial 1674 with value: 0.38142600678748195.
checkpoint_e33 window_influence: 0.46615775469012682, penalty_k: 0.11276735187622368, scale_lr: 0.50351228561056049, EAO: 0.329
Trial 2178 finished with value: 0.32865028877666486 and parameters: {'window_influence': 0.4661577546901268, 'penalty_k': 0.11276735187622368, 'scale_lr': 0.5035122856105605}. Best is trial 1674 with value: 0.38142600678748195.
checkpoint_e33 window_influence: 0.47678515640894475, penalty_k: 0.11180866436155473, scale_lr: 0.52104710304253632, EAO: 0.360
Trial 2179 finished with value: 0.3596730265867849 and parameters: {'window_influence': 0.47678515640894475, 'penalty_k': 0.11180866436155473, 'scale_lr': 0.5210471030425363}. Best is trial 1674 with value: 0.38142600678748195.
checkpoint_e33 window_influence: 0.18835892914967678, penalty_k: 0.14584852708520810, scale_lr: 0.49219110800564325, EAO: 0.285
Trial 2180 finished with value: 0.285397809187262 and parameters: {'window_influence': 0.18835892914967678, 'penalty_k': 0.1458485270852081, 'scale_lr': 0.49219110800564325}. Best is trial 1674 with value: 0.38142600678748195.
checkpoint_e33 window_influence: 0.45559822960081636, penalty_k: 0.12559894659138340, scale_lr: 0.50709412908107432, EAO: 0.335
Trial 2181 finished with value: 0.3354003137187735 and parameters: {'window_influence': 0.45559822960081636, 'penalty_k': 0.1255989465913834, 'scale_lr': 0.5070941290810743}. Best is trial 1674 with value: 0.38142600678748195.
checkpoint_e33 window_influence: 0.20021285019853116, penalty_k: 0.12604556767199732, scale_lr: 0.48203405556607393, EAO: 0.271
Trial 2182 finished with value: 0.27075460692324066 and parameters: {'window_influence': 0.20021285019853116, 'penalty_k': 0.12604556767199732, 'scale_lr': 0.4820340555660739}. Best is trial 1674 with value: 0.38142600678748195.
checkpoint_e33 window_influence: 0.47856365094976794, penalty_k: 0.10157573329486340, scale_lr: 0.52870596830635097, EAO: 0.349
Trial 2183 finished with value: 0.34949073311419804 and parameters: {'window_influence': 0.47856365094976794, 'penalty_k': 0.1015757332948634, 'scale_lr': 0.528705968306351}. Best is trial 1674 with value: 0.38142600678748195.
checkpoint_e33 window_influence: 0.46166423009593321, penalty_k: 0.50461979954753322, scale_lr: 0.73782297313197753, EAO: 0.318
Trial 2184 finished with value: 0.3175679508466201 and parameters: {'window_influence': 0.4616642300959332, 'penalty_k': 0.5046197995475332, 'scale_lr': 0.7378229731319775}. Best is trial 1674 with value: 0.38142600678748195.
checkpoint_e33 window_influence: 0.60911504738227407, penalty_k: 0.13493122650960229, scale_lr: 0.75932752824389826, EAO: 0.266
Trial 2185 finished with value: 0.26552148000971354 and parameters: {'window_influence': 0.6091150473822741, 'penalty_k': 0.1349312265096023, 'scale_lr': 0.7593275282438983}. Best is trial 1674 with value: 0.38142600678748195.
checkpoint_e33 window_influence: 0.47269378732277595, penalty_k: 0.13462152845874259, scale_lr: 0.51208235115142109, EAO: 0.330
Trial 2186 finished with value: 0.33025249618500585 and parameters: {'window_influence': 0.47269378732277595, 'penalty_k': 0.1346215284587426, 'scale_lr': 0.5120823511514211}. Best is trial 1674 with value: 0.38142600678748195.
checkpoint_e33 window_influence: 0.45060311808098830, penalty_k: 0.09209673414328613, scale_lr: 0.49405488728489677, EAO: 0.334
Trial 2187 finished with value: 0.333667947624444 and parameters: {'window_influence': 0.4506031180809883, 'penalty_k': 0.09209673414328613, 'scale_lr': 0.49405488728489677}. Best is trial 1674 with value: 0.38142600678748195.
checkpoint_e33 window_influence: 0.28052918286906353, penalty_k: 0.12256768184496486, scale_lr: 0.47274700095366107, EAO: 0.306
Trial 2188 finished with value: 0.30566113021819047 and parameters: {'window_influence': 0.28052918286906353, 'penalty_k': 0.12256768184496486, 'scale_lr': 0.47274700095366107}. Best is trial 1674 with value: 0.38142600678748195.
checkpoint_e33 window_influence: 0.48109825050309712, penalty_k: 0.11519957530658273, scale_lr: 0.72377729400226332, EAO: 0.332
Trial 2189 finished with value: 0.33173828702492475 and parameters: {'window_influence': 0.4810982505030971, 'penalty_k': 0.11519957530658273, 'scale_lr': 0.7237772940022633}. Best is trial 1674 with value: 0.38142600678748195.
checkpoint_e33 window_influence: 0.36583980421633278, penalty_k: 0.34258190843573477, scale_lr: 0.53382722631964308, EAO: 0.322
Trial 2190 finished with value: 0.32162080971879253 and parameters: {'window_influence': 0.3658398042163328, 'penalty_k': 0.34258190843573477, 'scale_lr': 0.5338272263196431}. Best is trial 1674 with value: 0.38142600678748195.
checkpoint_e33 window_influence: 0.48731678304147763, penalty_k: 0.52823931998453388, scale_lr: 0.49986139820004261, EAO: 0.313
Trial 2191 finished with value: 0.31318570806822427 and parameters: {'window_influence': 0.48731678304147763, 'penalty_k': 0.5282393199845339, 'scale_lr': 0.4998613982000426}. Best is trial 1674 with value: 0.38142600678748195.
checkpoint_e33 window_influence: 0.24425694321011462, penalty_k: 0.30699547715930681, scale_lr: 0.51805984630458923, EAO: 0.291
Trial 2192 finished with value: 0.2909734571490306 and parameters: {'window_influence': 0.24425694321011462, 'penalty_k': 0.3069954771593068, 'scale_lr': 0.5180598463045892}. Best is trial 1674 with value: 0.38142600678748195.
checkpoint_e33 window_influence: 0.13263549251281018, penalty_k: 0.27723882516915965, scale_lr: 0.54881960264273766, EAO: 0.262
Trial 2193 finished with value: 0.2617505748796092 and parameters: {'window_influence': 0.13263549251281018, 'penalty_k': 0.27723882516915965, 'scale_lr': 0.5488196026427377}. Best is trial 1674 with value: 0.38142600678748195.
checkpoint_e33 window_influence: 0.46295139197630542, penalty_k: 0.09301678800824245, scale_lr: 0.48230237032597978, EAO: 0.344
Trial 2194 finished with value: 0.3440335752435231 and parameters: {'window_influence': 0.4629513919763054, 'penalty_k': 0.09301678800824245, 'scale_lr': 0.4823023703259798}. Best is trial 1674 with value: 0.38142600678748195.
checkpoint_e33 window_influence: 0.43841208393648939, penalty_k: 0.13911481607218623, scale_lr: 0.56647865502267658, EAO: 0.346
Trial 2195 finished with value: 0.34625773508725 and parameters: {'window_influence': 0.4384120839364894, 'penalty_k': 0.13911481607218623, 'scale_lr': 0.5664786550226766}. Best is trial 1674 with value: 0.38142600678748195.
checkpoint_e33 window_influence: 0.48736006919379504, penalty_k: 0.14735032880231949, scale_lr: 0.45542538704072566, EAO: 0.332
Trial 2196 finished with value: 0.33198014574292106 and parameters: {'window_influence': 0.48736006919379504, 'penalty_k': 0.1473503288023195, 'scale_lr': 0.45542538704072566}. Best is trial 1674 with value: 0.38142600678748195.
checkpoint_e33 window_influence: 0.46527410771403810, penalty_k: 0.07866040729838808, scale_lr: 0.71710915173205747, EAO: 0.322
Trial 2197 finished with value: 0.32177388801417 and parameters: {'window_influence': 0.4652741077140381, 'penalty_k': 0.07866040729838808, 'scale_lr': 0.7171091517320575}. Best is trial 1674 with value: 0.38142600678748195.
checkpoint_e33 window_influence: 0.26328852615572984, penalty_k: 0.10086753054488137, scale_lr: 0.75115919886053506, EAO: 0.310
