Trial 20 finished with value: 0.29593085946971803 and parameters: {'window_influence': 0.5483999087177606, 'penalty_k': 0.3727329965752775, 'scale_lr': 0.5501094881972697}. Best is trial 13 with value: 0.3504334681228905.
checkpoint_e29 window_influence: 0.46352879613672532, penalty_k: 0.41336219628178539, scale_lr: 0.61494942966595445, EAO: 0.307
Trial 21 finished with value: 0.30745803793812543 and parameters: {'window_influence': 0.4635287961367253, 'penalty_k': 0.4133621962817854, 'scale_lr': 0.6149494296659545}. Best is trial 13 with value: 0.3504334681228905.
checkpoint_e29 window_influence: 0.44335533820445117, penalty_k: 0.37181794704137910, scale_lr: 0.64071840414776715, EAO: 0.349
Trial 22 finished with value: 0.3487733394951208 and parameters: {'window_influence': 0.44335533820445117, 'penalty_k': 0.3718179470413791, 'scale_lr': 0.6407184041477672}. Best is trial 13 with value: 0.3504334681228905.
checkpoint_e29 window_influence: 0.41306461572677872, penalty_k: 0.35032663625658655, scale_lr: 0.69425983312271422, EAO: 0.328
Trial 23 finished with value: 0.3282680419284546 and parameters: {'window_influence': 0.4130646157267787, 'penalty_k': 0.35032663625658655, 'scale_lr': 0.6942598331227142}. Best is trial 13 with value: 0.3504334681228905.
checkpoint_e29 window_influence: 0.46889141116094335, penalty_k: 0.32223927691259707, scale_lr: 0.63483728442695253, EAO: 0.325
Trial 24 finished with value: 0.3249596511575498 and parameters: {'window_influence': 0.46889141116094335, 'penalty_k': 0.3222392769125971, 'scale_lr': 0.6348372844269525}. Best is trial 13 with value: 0.3504334681228905.
checkpoint_e29 window_influence: 0.54681690068173205, penalty_k: 0.29442650893191757, scale_lr: 0.74746888142272683, EAO: 0.295
Trial 25 finished with value: 0.2948083610270274 and parameters: {'window_influence': 0.546816900681732, 'penalty_k': 0.2944265089319176, 'scale_lr': 0.7474688814227268}. Best is trial 13 with value: 0.3504334681228905.
checkpoint_e29 window_influence: 0.43408125905812966, penalty_k: 0.37937542403578101, scale_lr: 0.73016376286057105, EAO: 0.324
Trial 26 finished with value: 0.32388281277181574 and parameters: {'window_influence': 0.43408125905812966, 'penalty_k': 0.379375424035781, 'scale_lr': 0.730163762860571}. Best is trial 13 with value: 0.3504334681228905.
checkpoint_e29 window_influence: 0.37839732427414852, penalty_k: 0.47774050403132384, scale_lr: 0.66114984792452791, EAO: 0.332
Trial 27 finished with value: 0.3315140715137066 and parameters: {'window_influence': 0.3783973242741485, 'penalty_k': 0.47774050403132384, 'scale_lr': 0.6611498479245279}. Best is trial 13 with value: 0.3504334681228905.
checkpoint_e29 window_influence: 0.33351233122491952, penalty_k: 0.39132675725763016, scale_lr: 0.52485684913950525, EAO: 0.325
Trial 28 finished with value: 0.32504463352349944 and parameters: {'window_influence': 0.3335123312249195, 'penalty_k': 0.39132675725763016, 'scale_lr': 0.5248568491395053}. Best is trial 13 with value: 0.3504334681228905.
checkpoint_e29 window_influence: 0.43565552952675790, penalty_k: 0.24832384786923256, scale_lr: 0.72398449446373014, EAO: 0.343
Trial 29 finished with value: 0.34293274598826695 and parameters: {'window_influence': 0.4356555295267579, 'penalty_k': 0.24832384786923256, 'scale_lr': 0.7239844944637301}. Best is trial 13 with value: 0.3504334681228905.
checkpoint_e29 window_influence: 0.58987708611772138, penalty_k: 0.31096528700541853, scale_lr: 0.60400472896818136, EAO: 0.241
Trial 30 finished with value: 0.24088257162719384 and parameters: {'window_influence': 0.5898770861177214, 'penalty_k': 0.31096528700541853, 'scale_lr': 0.6040047289681814}. Best is trial 13 with value: 0.3504334681228905.
checkpoint_e29 window_influence: 0.43977870873453678, penalty_k: 0.23426566630743637, scale_lr: 0.71367191336801650, EAO: 0.332
Trial 31 finished with value: 0.33213496347345733 and parameters: {'window_influence': 0.4397787087345368, 'penalty_k': 0.23426566630743637, 'scale_lr': 0.7136719133680165}. Best is trial 13 with value: 0.3504334681228905.
checkpoint_e29 window_influence: 0.40931593540332145, penalty_k: 0.14440269897878502, scale_lr: 0.70720947950997848, EAO: 0.322
Trial 32 finished with value: 0.3215088850677245 and parameters: {'window_influence': 0.40931593540332145, 'penalty_k': 0.14440269897878502, 'scale_lr': 0.7072094795099785}. Best is trial 13 with value: 0.3504334681228905.
checkpoint_e29 window_influence: 0.49309541876977697, penalty_k: 0.24230470379678670, scale_lr: 0.66199797713179465, EAO: 0.310
Trial 33 finished with value: 0.3098761189424574 and parameters: {'window_influence': 0.49309541876977697, 'penalty_k': 0.2423047037967867, 'scale_lr': 0.6619979771317946}. Best is trial 13 with value: 0.3504334681228905.
checkpoint_e29 window_influence: 0.45773149914138944, penalty_k: 0.29489509468404423, scale_lr: 0.75002410623548266, EAO: 0.320
Trial 34 finished with value: 0.31955667831554485 and parameters: {'window_influence': 0.45773149914138944, 'penalty_k': 0.29489509468404423, 'scale_lr': 0.7500241062354827}. Best is trial 13 with value: 0.3504334681228905.
checkpoint_e29 window_influence: 0.38089328618754292, penalty_k: 0.25430181690178277, scale_lr: 0.63332240382185234, EAO: 0.333
Trial 35 finished with value: 0.33309168133754213 and parameters: {'window_influence': 0.3808932861875429, 'penalty_k': 0.2543018169017828, 'scale_lr': 0.6333224038218523}. Best is trial 13 with value: 0.3504334681228905.
checkpoint_e29 window_influence: 0.51304839585276907, penalty_k: 0.35460189862875285, scale_lr: 0.57201579902502053, EAO: 0.305
Trial 36 finished with value: 0.3053009489746873 and parameters: {'window_influence': 0.5130483958527691, 'penalty_k': 0.35460189862875285, 'scale_lr': 0.5720157990250205}. Best is trial 13 with value: 0.3504334681228905.
checkpoint_e29 window_influence: 0.63523720978203913, penalty_k: 0.20853217624074627, scale_lr: 0.46608385291906312, EAO: 0.233
Trial 37 finished with value: 0.23314100967770884 and parameters: {'window_influence': 0.6352372097820391, 'penalty_k': 0.20853217624074627, 'scale_lr': 0.4660838529190631}. Best is trial 13 with value: 0.3504334681228905.
checkpoint_e29 window_influence: 0.34236651476735463, penalty_k: 0.30746455148163188, scale_lr: 0.79900312027636256, EAO: 0.302
Trial 38 finished with value: 0.3024941700789715 and parameters: {'window_influence': 0.34236651476735463, 'penalty_k': 0.3074645514816319, 'scale_lr': 0.7990031202763626}. Best is trial 13 with value: 0.3504334681228905.
checkpoint_e29 window_influence: 0.58457880909994964, penalty_k: 0.26985388004871197, scale_lr: 0.64039274208409203, EAO: 0.267
Trial 39 finished with value: 0.26687737812327966 and parameters: {'window_influence': 0.5845788090999496, 'penalty_k': 0.26985388004871197, 'scale_lr': 0.640392742084092}. Best is trial 13 with value: 0.3504334681228905.
checkpoint_e29 window_influence: 0.42609294765217409, penalty_k: 0.34099667195482025, scale_lr: 0.69192960851814655, EAO: 0.344
Trial 40 finished with value: 0.3435712985491474 and parameters: {'window_influence': 0.4260929476521741, 'penalty_k': 0.34099667195482025, 'scale_lr': 0.6919296085181466}. Best is trial 13 with value: 0.3504334681228905.
checkpoint_e29 window_influence: 0.44025579960564248, penalty_k: 0.33379402168950290, scale_lr: 0.69151855094468340, EAO: 0.317
Trial 41 finished with value: 0.316899112806246 and parameters: {'window_influence': 0.4402557996056425, 'penalty_k': 0.3337940216895029, 'scale_lr': 0.6915185509446834}. Best is trial 13 with value: 0.3504334681228905.
checkpoint_e29 window_influence: 0.40090319367600480, penalty_k: 0.39026568990576105, scale_lr: 0.74933813628818657, EAO: 0.340
Trial 42 finished with value: 0.33964550413974065 and parameters: {'window_influence': 0.4009031936760048, 'penalty_k': 0.39026568990576105, 'scale_lr': 0.7493381362881866}. Best is trial 13 with value: 0.3504334681228905.
checkpoint_e29 window_influence: 0.50229794427859376, penalty_k: 0.34713277116361740, scale_lr: 0.66782696554790899, EAO: 0.297
Trial 43 finished with value: 0.2967937794524872 and parameters: {'window_influence': 0.5022979442785938, 'penalty_k': 0.3471327711636174, 'scale_lr': 0.667826965547909}. Best is trial 13 with value: 0.3504334681228905.
checkpoint_e29 window_influence: 0.35754917311713225, penalty_k: 0.30360078036207494, scale_lr: 0.70916308108396497, EAO: 0.341
Trial 44 finished with value: 0.3408962594859795 and parameters: {'window_influence': 0.35754917311713225, 'penalty_k': 0.30360078036207494, 'scale_lr': 0.709163081083965}. Best is trial 13 with value: 0.3504334681228905.
checkpoint_e29 window_influence: 0.42324112531473423, penalty_k: 0.26837199971627046, scale_lr: 0.62996911745937600, EAO: 0.337
Trial 45 finished with value: 0.3367539027321663 and parameters: {'window_influence': 0.42324112531473423, 'penalty_k': 0.26837199971627046, 'scale_lr': 0.629969117459376}. Best is trial 13 with value: 0.3504334681228905.
checkpoint_e29 window_influence: 0.46018100002336987, penalty_k: 0.35611518258321995, scale_lr: 0.58830092888373942, EAO: 0.352
Trial 46 finished with value: 0.3517066789972179 and parameters: {'window_influence': 0.46018100002336987, 'penalty_k': 0.35611518258321995, 'scale_lr': 0.5883009288837394}. Best is trial 46 with value: 0.3517066789972179.
checkpoint_e29 window_influence: 0.46033093586399670, penalty_k: 0.36061723510450583, scale_lr: 0.57889353954439660, EAO: 0.313
Trial 47 finished with value: 0.3129001408815384 and parameters: {'window_influence': 0.4603309358639967, 'penalty_k': 0.36061723510450583, 'scale_lr': 0.5788935395443966}. Best is trial 46 with value: 0.3517066789972179.
checkpoint_e29 window_influence: 0.51011024331140753, penalty_k: 0.39221419175903305, scale_lr: 0.55380327177844302, EAO: 0.310
Trial 48 finished with value: 0.30972161141119114 and parameters: {'window_influence': 0.5101102433114075, 'penalty_k': 0.39221419175903305, 'scale_lr': 0.553803271778443}. Best is trial 46 with value: 0.3517066789972179.
checkpoint_e29 window_influence: 0.38672872706426586, penalty_k: 0.32762896965559590, scale_lr: 0.49372845625962003, EAO: 0.335
Trial 49 finished with value: 0.335037905302493 and parameters: {'window_influence': 0.38672872706426586, 'penalty_k': 0.3276289696555959, 'scale_lr': 0.49372845625962003}. Best is trial 46 with value: 0.3517066789972179.
checkpoint_e29 window_influence: 0.47299687147814756, penalty_k: 0.41822940803570674, scale_lr: 0.52299322009640159, EAO: 0.320
Trial 50 finished with value: 0.3195479187520098 and parameters: {'window_influence': 0.47299687147814756, 'penalty_k': 0.41822940803570674, 'scale_lr': 0.5229932200964016}. Best is trial 46 with value: 0.3517066789972179.
checkpoint_e29 window_influence: 0.42846249694783400, penalty_k: 0.36241476123983557, scale_lr: 0.60384296118240210, EAO: 0.340
Trial 51 finished with value: 0.3403763433606708 and parameters: {'window_influence': 0.428462496947834, 'penalty_k': 0.36241476123983557, 'scale_lr': 0.6038429611824021}. Best is trial 46 with value: 0.3517066789972179.
checkpoint_e29 window_influence: 0.45546795467899798, penalty_k: 0.32261151919735154, scale_lr: 0.65570648311655522, EAO: 0.314
Trial 52 finished with value: 0.3141834405377681 and parameters: {'window_influence': 0.455467954678998, 'penalty_k': 0.32261151919735154, 'scale_lr': 0.6557064831165552}. Best is trial 46 with value: 0.3517066789972179.
checkpoint_e29 window_influence: 0.40240533526471356, penalty_k: 0.28522361885799663, scale_lr: 0.68512392856201487, EAO: 0.332
Trial 53 finished with value: 0.3319554196721385 and parameters: {'window_influence': 0.40240533526471356, 'penalty_k': 0.28522361885799663, 'scale_lr': 0.6851239285620149}. Best is trial 46 with value: 0.3517066789972179.
checkpoint_e29 window_influence: 0.48233415952648934, penalty_k: 0.34133440278800048, scale_lr: 0.58213295974344381, EAO: 0.322
Trial 54 finished with value: 0.32237396496511156 and parameters: {'window_influence': 0.48233415952648934, 'penalty_k': 0.3413344027880005, 'scale_lr': 0.5821329597434438}. Best is trial 46 with value: 0.3517066789972179.
checkpoint_e29 window_influence: 0.42441240043614659, penalty_k: 0.40639329101394034, scale_lr: 0.62255428560732229, EAO: 0.331
Trial 55 finished with value: 0.3309237641003345 and parameters: {'window_influence': 0.4244124004361466, 'penalty_k': 0.40639329101394034, 'scale_lr': 0.6225542856073223}. Best is trial 46 with value: 0.3517066789972179.
checkpoint_e29 window_influence: 0.52589097675712071, penalty_k: 0.37456214500992668, scale_lr: 0.76232483937959594, EAO: 0.287
Trial 56 finished with value: 0.28743416720327236 and parameters: {'window_influence': 0.5258909767571207, 'penalty_k': 0.3745621450099267, 'scale_lr': 0.7623248393795959}. Best is trial 46 with value: 0.3517066789972179.
checkpoint_e29 window_influence: 0.48846284096687070, penalty_k: 0.43388590105570757, scale_lr: 0.72989522266017093, EAO: 0.295
Trial 57 finished with value: 0.2952874895431652 and parameters: {'window_influence': 0.4884628409668707, 'penalty_k': 0.43388590105570757, 'scale_lr': 0.7298952226601709}. Best is trial 46 with value: 0.3517066789972179.
checkpoint_e29 window_influence: 0.36578882452520523, penalty_k: 0.31315504422219265, scale_lr: 0.68261211481900608, EAO: 0.333
Trial 58 finished with value: 0.33318813336498543 and parameters: {'window_influence': 0.3657888245252052, 'penalty_k': 0.31315504422219265, 'scale_lr': 0.6826121148190061}. Best is trial 46 with value: 0.3517066789972179.
checkpoint_e29 window_influence: 0.44929474938193253, penalty_k: 0.34545219605595140, scale_lr: 0.64826159214779844, EAO: 0.332
Trial 59 finished with value: 0.332137198183787 and parameters: {'window_influence': 0.44929474938193253, 'penalty_k': 0.3454521960559514, 'scale_lr': 0.6482615921477984}. Best is trial 46 with value: 0.3517066789972179.
checkpoint_e29 window_influence: 0.39092132545962160, penalty_k: 0.44644756941763952, scale_lr: 0.55001123271934416, EAO: 0.321
Trial 60 finished with value: 0.3212633762030286 and parameters: {'window_influence': 0.3909213254596216, 'penalty_k': 0.4464475694176395, 'scale_lr': 0.5500112327193442}. Best is trial 46 with value: 0.3517066789972179.
checkpoint_e29 window_influence: 0.34789826284412084, penalty_k: 0.29556163196163360, scale_lr: 0.71449580969236681, EAO: 0.338
Trial 61 finished with value: 0.33841546291507174 and parameters: {'window_influence': 0.34789826284412084, 'penalty_k': 0.2955616319616336, 'scale_lr': 0.7144958096923668}. Best is trial 46 with value: 0.3517066789972179.
checkpoint_e29 window_influence: 0.41003462808727081, penalty_k: 0.30615618776094611, scale_lr: 0.77175186693303988, EAO: 0.346
Trial 62 finished with value: 0.3461183088066977 and parameters: {'window_influence': 0.4100346280872708, 'penalty_k': 0.3061561877609461, 'scale_lr': 0.7717518669330399}. Best is trial 46 with value: 0.3517066789972179.
checkpoint_e29 window_influence: 0.41568455299104762, penalty_k: 0.37219948476820591, scale_lr: 0.77377345882587378, EAO: 0.318
Trial 63 finished with value: 0.3176092476464431 and parameters: {'window_influence': 0.4156845529910476, 'penalty_k': 0.3721994847682059, 'scale_lr': 0.7737734588258738}. Best is trial 46 with value: 0.3517066789972179.
checkpoint_e29 window_influence: 0.44685479820588359, penalty_k: 0.28329181159913386, scale_lr: 0.77519413001676163, EAO: 0.322
Trial 64 finished with value: 0.3224465681769041 and parameters: {'window_influence': 0.4468547982058836, 'penalty_k': 0.28329181159913386, 'scale_lr': 0.7751941300167616}. Best is trial 46 with value: 0.3517066789972179.
checkpoint_e29 window_influence: 0.47509352435102403, penalty_k: 0.32415486403683480, scale_lr: 0.73034310096809607, EAO: 0.330
Trial 65 finished with value: 0.33003658485319826 and parameters: {'window_influence': 0.47509352435102403, 'penalty_k': 0.3241548640368348, 'scale_lr': 0.7303431009680961}. Best is trial 46 with value: 0.3517066789972179.
checkpoint_e29 window_influence: 0.42386970164210963, penalty_k: 0.39938684576936684, scale_lr: 0.61807956512699846, EAO: 0.344
Trial 66 finished with value: 0.3435609536644086 and parameters: {'window_influence': 0.42386970164210963, 'penalty_k': 0.39938684576936684, 'scale_lr': 0.6180795651269985}. Best is trial 46 with value: 0.3517066789972179.
checkpoint_e29 window_influence: 0.41254060757223310, penalty_k: 0.40192892253250256, scale_lr: 0.59867934506178022, EAO: 0.337
Trial 67 finished with value: 0.3373668215849984 and parameters: {'window_influence': 0.4125406075722331, 'penalty_k': 0.40192892253250256, 'scale_lr': 0.5986793450617802}. Best is trial 46 with value: 0.3517066789972179.
checkpoint_e29 window_influence: 0.37449094167837382, penalty_k: 0.36029336483170682, scale_lr: 0.61710715446974951, EAO: 0.309
Trial 68 finished with value: 0.3085280463157461 and parameters: {'window_influence': 0.3744909416783738, 'penalty_k': 0.3602933648317068, 'scale_lr': 0.6171071544697495}. Best is trial 46 with value: 0.3517066789972179.
checkpoint_e29 window_influence: 0.46394420782049633, penalty_k: 0.38707736643443907, scale_lr: 0.64636886795210691, EAO: 0.341
Trial 69 finished with value: 0.34124096903355666 and parameters: {'window_influence': 0.46394420782049633, 'penalty_k': 0.3870773664344391, 'scale_lr': 0.6463688679521069}. Best is trial 46 with value: 0.3517066789972179.
checkpoint_e29 window_influence: 0.49914666332258212, penalty_k: 0.40804158057910611, scale_lr: 0.67632994380253886, EAO: 0.301
Trial 70 finished with value: 0.30109408289078143 and parameters: {'window_influence': 0.4991466633225821, 'penalty_k': 0.4080415805791061, 'scale_lr': 0.6763299438025389}. Best is trial 46 with value: 0.3517066789972179.
checkpoint_e29 window_influence: 0.43854890551077302, penalty_k: 0.34493150304104053, scale_lr: 0.69245636331549809, EAO: 0.323
Trial 71 finished with value: 0.32277607784428947 and parameters: {'window_influence': 0.438548905510773, 'penalty_k': 0.34493150304104053, 'scale_lr': 0.6924563633154981}. Best is trial 46 with value: 0.3517066789972179.
checkpoint_e29 window_influence: 0.39830647697369553, penalty_k: 0.36966103423125224, scale_lr: 0.61450762289015592, EAO: 0.331
Trial 72 finished with value: 0.3312550110575754 and parameters: {'window_influence': 0.39830647697369553, 'penalty_k': 0.36966103423125224, 'scale_lr': 0.6145076228901559}. Best is trial 46 with value: 0.3517066789972179.
checkpoint_e29 window_influence: 0.42147118825077390, penalty_k: 0.33105560066442846, scale_lr: 0.66233327931975183, EAO: 0.346
Trial 73 finished with value: 0.3460804182267838 and parameters: {'window_influence': 0.4214711882507739, 'penalty_k': 0.33105560066442846, 'scale_lr': 0.6623332793197518}. Best is trial 46 with value: 0.3517066789972179.
checkpoint_e29 window_influence: 0.42667230674879075, penalty_k: 0.33548001284135559, scale_lr: 0.66236178829266545, EAO: 0.326
Trial 74 finished with value: 0.3257902795702567 and parameters: {'window_influence': 0.42667230674879075, 'penalty_k': 0.3354800128413556, 'scale_lr': 0.6623617882926655}. Best is trial 46 with value: 0.3517066789972179.
checkpoint_e29 window_influence: 0.47229734913522819, penalty_k: 0.31156260810512626, scale_lr: 0.58834171838993587, EAO: 0.320
Trial 75 finished with value: 0.31965982977750235 and parameters: {'window_influence': 0.4722973491352282, 'penalty_k': 0.31156260810512626, 'scale_lr': 0.5883417183899359}. Best is trial 46 with value: 0.3517066789972179.
checkpoint_e29 window_influence: 0.45159206239956828, penalty_k: 0.38433032692210811, scale_lr: 0.63347626671024848, EAO: 0.346
Trial 76 finished with value: 0.3462217553348393 and parameters: {'window_influence': 0.4515920623995683, 'penalty_k': 0.3843303269221081, 'scale_lr': 0.6334762667102485}. Best is trial 46 with value: 0.3517066789972179.
checkpoint_e29 window_influence: 0.45334570176918587, penalty_k: 0.35758076660791210, scale_lr: 0.63529264009912023, EAO: 0.330
Trial 77 finished with value: 0.3297517022502098 and parameters: {'window_influence': 0.45334570176918587, 'penalty_k': 0.3575807666079121, 'scale_lr': 0.6352926400991202}. Best is trial 46 with value: 0.3517066789972179.
checkpoint_e29 window_influence: 0.38704587608035013, penalty_k: 0.38123515704148314, scale_lr: 0.65632189758826820, EAO: 0.326
Trial 78 finished with value: 0.3259016187854314 and parameters: {'window_influence': 0.3870458760803501, 'penalty_k': 0.38123515704148314, 'scale_lr': 0.6563218975882682}. Best is trial 46 with value: 0.3517066789972179.
checkpoint_e29 window_influence: 0.49008203884713719, penalty_k: 0.33225423593609799, scale_lr: 0.70204661398042467, EAO: 0.323
Trial 79 finished with value: 0.3234818262928655 and parameters: {'window_influence': 0.4900820388471372, 'penalty_k': 0.332254235936098, 'scale_lr': 0.7020466139804247}. Best is trial 46 with value: 0.3517066789972179.
checkpoint_e29 window_influence: 0.44583879791321063, penalty_k: 0.31339215798836262, scale_lr: 0.55925095128352731, EAO: 0.335
Trial 80 finished with value: 0.33464673694933433 and parameters: {'window_influence': 0.4458387979132106, 'penalty_k': 0.3133921579883626, 'scale_lr': 0.5592509512835273}. Best is trial 46 with value: 0.3517066789972179.
checkpoint_e29 window_influence: 0.40895514984021603, penalty_k: 0.39230949894092093, scale_lr: 0.61391053434293874, EAO: 0.349
Trial 81 finished with value: 0.3488418637314659 and parameters: {'window_influence': 0.408955149840216, 'penalty_k': 0.39230949894092093, 'scale_lr': 0.6139105343429387}. Best is trial 46 with value: 0.3517066789972179.
checkpoint_e29 window_influence: 0.41691053906092884, penalty_k: 0.38222394381772795, scale_lr: 0.59100280016563156, EAO: 0.328
