Trial 2961 finished with value: 0.3170479296014467 and parameters: {'window_influence': 0.4849265042899049, 'penalty_k': 0.1552562870921953, 'scale_lr': 0.1322277103435774}. Best is trial 1270 with value: 0.3623636909959845.
checkpoint_e22 window_influence: 0.43762084445013399, penalty_k: 0.04481765380136018, scale_lr: 0.59973053226432405, EAO: 0.348
Trial 2962 finished with value: 0.3475425803475807 and parameters: {'window_influence': 0.437620844450134, 'penalty_k': 0.04481765380136018, 'scale_lr': 0.599730532264324}. Best is trial 1270 with value: 0.3623636909959845.
checkpoint_e22 window_influence: 0.11570900854383323, penalty_k: 0.13283293780691618, scale_lr: 0.69827829174143885, EAO: 0.263
Trial 2963 finished with value: 0.2625802048565349 and parameters: {'window_influence': 0.11570900854383323, 'penalty_k': 0.13283293780691618, 'scale_lr': 0.6982782917414389}. Best is trial 1270 with value: 0.3623636909959845.
checkpoint_e22 window_influence: 0.46743882364959150, penalty_k: 0.11148927575460293, scale_lr: 0.13427212383890036, EAO: 0.343
Trial 2964 finished with value: 0.3427909781960662 and parameters: {'window_influence': 0.4674388236495915, 'penalty_k': 0.11148927575460293, 'scale_lr': 0.13427212383890036}. Best is trial 1270 with value: 0.3623636909959845.
checkpoint_e22 window_influence: 0.35785421410296681, penalty_k: 0.20537164810871866, scale_lr: 0.48442393069386813, EAO: 0.299
Trial 2965 finished with value: 0.2990569177768574 and parameters: {'window_influence': 0.3578542141029668, 'penalty_k': 0.20537164810871866, 'scale_lr': 0.48442393069386813}. Best is trial 1270 with value: 0.3623636909959845.
checkpoint_e22 window_influence: 0.62657406119578507, penalty_k: 0.08461049414277028, scale_lr: 0.52657147014336980, EAO: 0.250
Trial 2966 finished with value: 0.24981917278543983 and parameters: {'window_influence': 0.6265740611957851, 'penalty_k': 0.08461049414277028, 'scale_lr': 0.5265714701433698}. Best is trial 1270 with value: 0.3623636909959845.
checkpoint_e22 window_influence: 0.45920124636449516, penalty_k: 0.55164749774126653, scale_lr: 0.55468287127238602, EAO: 0.310
Trial 2967 finished with value: 0.31039516935088757 and parameters: {'window_influence': 0.45920124636449516, 'penalty_k': 0.5516474977412665, 'scale_lr': 0.554682871272386}. Best is trial 1270 with value: 0.3623636909959845.
checkpoint_e22 window_influence: 0.40038057291949164, penalty_k: 0.02443756896662317, scale_lr: 0.74160479991215744, EAO: 0.316
Trial 2968 finished with value: 0.3161892272271071 and parameters: {'window_influence': 0.40038057291949164, 'penalty_k': 0.02443756896662317, 'scale_lr': 0.7416047999121574}. Best is trial 1270 with value: 0.3623636909959845.
checkpoint_e22 window_influence: 0.09696012095508616, penalty_k: 0.06612183467919838, scale_lr: 0.36411002690890593, EAO: 0.245
Trial 2969 finished with value: 0.24528446451467298 and parameters: {'window_influence': 0.09696012095508616, 'penalty_k': 0.06612183467919838, 'scale_lr': 0.3641100269089059}. Best is trial 1270 with value: 0.3623636909959845.
checkpoint_e22 window_influence: 0.29319207729061814, penalty_k: 0.16368215684403142, scale_lr: 0.37659406511148147, EAO: 0.291
Trial 2970 finished with value: 0.290827010044328 and parameters: {'window_influence': 0.29319207729061814, 'penalty_k': 0.16368215684403142, 'scale_lr': 0.37659406511148147}. Best is trial 1270 with value: 0.3623636909959845.
checkpoint_e22 window_influence: 0.47676221093326349, penalty_k: 0.09532466318952246, scale_lr: 0.50279814308467374, EAO: 0.321
Trial 2971 finished with value: 0.320802707210589 and parameters: {'window_influence': 0.4767622109332635, 'penalty_k': 0.09532466318952246, 'scale_lr': 0.5027981430846737}. Best is trial 1270 with value: 0.3623636909959845.
checkpoint_e22 window_influence: 0.49172900825108656, penalty_k: 0.27130197280248181, scale_lr: 0.66589208506888742, EAO: 0.321
Trial 2972 finished with value: 0.3211996534455147 and parameters: {'window_influence': 0.49172900825108656, 'penalty_k': 0.2713019728024818, 'scale_lr': 0.6658920850688874}. Best is trial 1270 with value: 0.3623636909959845.
checkpoint_e22 window_influence: 0.16274876370390137, penalty_k: 0.24329985247154748, scale_lr: 0.27594497923150635, EAO: 0.284
Trial 2973 finished with value: 0.2838348692377254 and parameters: {'window_influence': 0.16274876370390137, 'penalty_k': 0.24329985247154748, 'scale_lr': 0.27594497923150635}. Best is trial 1270 with value: 0.3623636909959845.
checkpoint_e22 window_influence: 0.44915317512438446, penalty_k: 0.12385422396864856, scale_lr: 0.61576789964561784, EAO: 0.335
Trial 2974 finished with value: 0.33488396355150274 and parameters: {'window_influence': 0.44915317512438446, 'penalty_k': 0.12385422396864856, 'scale_lr': 0.6157678996456178}. Best is trial 1270 with value: 0.3623636909959845.
checkpoint_e22 window_influence: 0.50070742112475253, penalty_k: 0.53772311595404076, scale_lr: 0.31574919298938542, EAO: 0.280
Trial 2975 finished with value: 0.2804299873600674 and parameters: {'window_influence': 0.5007074211247525, 'penalty_k': 0.5377231159540408, 'scale_lr': 0.3157491929893854}. Best is trial 1270 with value: 0.3623636909959845.
checkpoint_e22 window_influence: 0.47050071261299919, penalty_k: 0.01133643650432701, scale_lr: 0.33486220345635453, EAO: 0.319
Trial 2976 finished with value: 0.31856196272234044 and parameters: {'window_influence': 0.4705007126129992, 'penalty_k': 0.011336436504327009, 'scale_lr': 0.33486220345635453}. Best is trial 1270 with value: 0.3623636909959845.
checkpoint_e22 window_influence: 0.48657350509476505, penalty_k: 0.19721321071884179, scale_lr: 0.35159735036103046, EAO: 0.307
Trial 2977 finished with value: 0.3071655449004489 and parameters: {'window_influence': 0.48657350509476505, 'penalty_k': 0.1972132107188418, 'scale_lr': 0.35159735036103046}. Best is trial 1270 with value: 0.3623636909959845.
checkpoint_e22 window_influence: 0.51960423156711466, penalty_k: 0.03957956881214492, scale_lr: 0.25511599445909822, EAO: 0.324
Trial 2978 finished with value: 0.32432304688000957 and parameters: {'window_influence': 0.5196042315671147, 'penalty_k': 0.039579568812144916, 'scale_lr': 0.2551159944590982}. Best is trial 1270 with value: 0.3623636909959845.
checkpoint_e22 window_influence: 0.42274336901040055, penalty_k: 0.00030894064446206, scale_lr: 0.63388766150250009, EAO: 0.340
Trial 2979 finished with value: 0.3398349113501463 and parameters: {'window_influence': 0.42274336901040055, 'penalty_k': 0.0003089406444620594, 'scale_lr': 0.6338876615025001}. Best is trial 1270 with value: 0.3623636909959845.
checkpoint_e22 window_influence: 0.45957237279440388, penalty_k: 0.14374528385406674, scale_lr: 0.40408639612250519, EAO: 0.339
Trial 2980 finished with value: 0.33937833142187807 and parameters: {'window_influence': 0.4595723727944039, 'penalty_k': 0.14374528385406674, 'scale_lr': 0.4040863961225052}. Best is trial 1270 with value: 0.3623636909959845.
checkpoint_e22 window_influence: 0.48009868211038914, penalty_k: 0.36812019696123877, scale_lr: 0.51703923297811327, EAO: 0.315
Trial 2981 finished with value: 0.31539109557983014 and parameters: {'window_influence': 0.48009868211038914, 'penalty_k': 0.36812019696123877, 'scale_lr': 0.5170392329781133}. Best is trial 1270 with value: 0.3623636909959845.
checkpoint_e22 window_influence: 0.44339668776887353, penalty_k: 0.43020659758815227, scale_lr: 0.29768086194190413, EAO: 0.302
Trial 2982 finished with value: 0.3024937733138118 and parameters: {'window_influence': 0.44339668776887353, 'penalty_k': 0.4302065975881523, 'scale_lr': 0.29768086194190413}. Best is trial 1270 with value: 0.3623636909959845.
checkpoint_e22 window_influence: 0.36543807574468185, penalty_k: 0.02058640167151442, scale_lr: 0.72078553980048277, EAO: 0.313
Trial 2983 finished with value: 0.3133758261277982 and parameters: {'window_influence': 0.36543807574468185, 'penalty_k': 0.02058640167151442, 'scale_lr': 0.7207855398004828}. Best is trial 1270 with value: 0.3623636909959845.
checkpoint_e22 window_influence: 0.50648472998478078, penalty_k: 0.09847563948054187, scale_lr: 0.21913849101431651, EAO: 0.341
Trial 2984 finished with value: 0.34094483332875175 and parameters: {'window_influence': 0.5064847299847808, 'penalty_k': 0.09847563948054187, 'scale_lr': 0.2191384910143165}. Best is trial 1270 with value: 0.3623636909959845.
checkpoint_e22 window_influence: 0.29807859344556464, penalty_k: 0.23106241512526229, scale_lr: 0.58915494060739293, EAO: 0.301
Trial 2985 finished with value: 0.3013129201844508 and parameters: {'window_influence': 0.29807859344556464, 'penalty_k': 0.2310624151252623, 'scale_lr': 0.5891549406073929}. Best is trial 1270 with value: 0.3623636909959845.
checkpoint_e22 window_influence: 0.61404913233417857, penalty_k: 0.08243117413302473, scale_lr: 0.18470383400324991, EAO: 0.259
Trial 2986 finished with value: 0.25909421984323733 and parameters: {'window_influence': 0.6140491323341786, 'penalty_k': 0.08243117413302473, 'scale_lr': 0.1847038340032499}. Best is trial 1270 with value: 0.3623636909959845.
checkpoint_e22 window_influence: 0.46855236412757650, penalty_k: 0.11658665858984003, scale_lr: 0.46542761894838480, EAO: 0.321
Trial 2987 finished with value: 0.321236607165652 and parameters: {'window_influence': 0.4685523641275765, 'penalty_k': 0.11658665858984003, 'scale_lr': 0.4654276189483848}. Best is trial 1270 with value: 0.3623636909959845.
checkpoint_e22 window_influence: 0.49397753139164335, penalty_k: 0.58247368120640419, scale_lr: 0.60318187575124937, EAO: 0.266
Trial 2988 finished with value: 0.2663835967793075 and parameters: {'window_influence': 0.49397753139164335, 'penalty_k': 0.5824736812064042, 'scale_lr': 0.6031818757512494}. Best is trial 1270 with value: 0.3623636909959845.
checkpoint_e22 window_influence: 0.47873013431722372, penalty_k: 0.00000654107074522, scale_lr: 0.55300273970534997, EAO: 0.335
Trial 2989 finished with value: 0.3351044508733638 and parameters: {'window_influence': 0.4787301343172237, 'penalty_k': 6.541070745222279e-06, 'scale_lr': 0.55300273970535}. Best is trial 1270 with value: 0.3623636909959845.
checkpoint_e22 window_influence: 0.53639846043602302, penalty_k: 0.47025708314507064, scale_lr: 0.26725392090593658, EAO: 0.263
Trial 2990 finished with value: 0.26330041311362373 and parameters: {'window_influence': 0.536398460436023, 'penalty_k': 0.47025708314507064, 'scale_lr': 0.2672539209059366}. Best is trial 1270 with value: 0.3623636909959845.
checkpoint_e22 window_influence: 0.45639746213955323, penalty_k: 0.18173963953853675, scale_lr: 0.39312539922166456, EAO: 0.315
Trial 2991 finished with value: 0.3153586223547561 and parameters: {'window_influence': 0.45639746213955323, 'penalty_k': 0.18173963953853675, 'scale_lr': 0.39312539922166456}. Best is trial 1270 with value: 0.3623636909959845.
checkpoint_e22 window_influence: 0.64546908447914031, penalty_k: 0.03171512777961894, scale_lr: 0.65500889393937634, EAO: 0.238
Trial 2992 finished with value: 0.2380252993640269 and parameters: {'window_influence': 0.6454690844791403, 'penalty_k': 0.03171512777961894, 'scale_lr': 0.6550088939393763}. Best is trial 1270 with value: 0.3623636909959845.
checkpoint_e22 window_influence: 0.48984509597683562, penalty_k: 0.12912944375770397, scale_lr: 0.77128281618471284, EAO: 0.305
Trial 2993 finished with value: 0.3050250986206856 and parameters: {'window_influence': 0.4898450959768356, 'penalty_k': 0.12912944375770397, 'scale_lr': 0.7712828161847128}. Best is trial 1270 with value: 0.3623636909959845.
checkpoint_e22 window_influence: 0.14157162179393343, penalty_k: 0.01915821007089672, scale_lr: 0.57922015509784008, EAO: 0.263
Trial 2994 finished with value: 0.2633277173172175 and parameters: {'window_influence': 0.14157162179393343, 'penalty_k': 0.01915821007089672, 'scale_lr': 0.5792201550978401}. Best is trial 1270 with value: 0.3623636909959845.
checkpoint_e22 window_influence: 0.43419586797496001, penalty_k: 0.06453620177989146, scale_lr: 0.49784550673957273, EAO: 0.321
Trial 2995 finished with value: 0.32092774824641557 and parameters: {'window_influence': 0.43419586797496, 'penalty_k': 0.06453620177989146, 'scale_lr': 0.49784550673957273}. Best is trial 1270 with value: 0.3623636909959845.
checkpoint_e22 window_influence: 0.46700542718575572, penalty_k: 0.10832732704753174, scale_lr: 0.42286379956579284, EAO: 0.323
Trial 2996 finished with value: 0.32269136091614514 and parameters: {'window_influence': 0.4670054271857557, 'penalty_k': 0.10832732704753174, 'scale_lr': 0.42286379956579284}. Best is trial 1270 with value: 0.3623636909959845.
checkpoint_e22 window_influence: 0.18964301650015206, penalty_k: 0.04271665028884811, scale_lr: 0.47888660987275095, EAO: 0.279
Trial 2997 finished with value: 0.27905030832680283 and parameters: {'window_influence': 0.18964301650015206, 'penalty_k': 0.04271665028884811, 'scale_lr': 0.47888660987275095}. Best is trial 1270 with value: 0.3623636909959845.
checkpoint_e22 window_influence: 0.51652696161944722, penalty_k: 0.26554157201802808, scale_lr: 0.29060888227132808, EAO: 0.294
Trial 2998 finished with value: 0.29424747036124943 and parameters: {'window_influence': 0.5165269616194472, 'penalty_k': 0.2655415720180281, 'scale_lr': 0.2906088822713281}. Best is trial 1270 with value: 0.3623636909959845.
checkpoint_e22 window_influence: 0.56290667787577253, penalty_k: 0.01168864300522630, scale_lr: 0.53943197743938298, EAO: 0.312
Trial 2999 finished with value: 0.31236895721710145 and parameters: {'window_influence': 0.5629066778757725, 'penalty_k': 0.011688643005226295, 'scale_lr': 0.539431977439383}. Best is trial 1270 with value: 0.3623636909959845.
checkpoint_e22 window_influence: 0.50253444781995571, penalty_k: 0.09085498139427040, scale_lr: 0.62439888356565654, EAO: 0.307
Trial 3000 finished with value: 0.3069700734392678 and parameters: {'window_influence': 0.5025344478199557, 'penalty_k': 0.0908549813942704, 'scale_lr': 0.6243988835656565}. Best is trial 1270 with value: 0.3623636909959845.
checkpoint_e22 window_influence: 0.44776799772036879, penalty_k: 0.49240308298359536, scale_lr: 0.73704414113522732, EAO: 0.311
Trial 3001 finished with value: 0.31065215477683666 and parameters: {'window_influence': 0.4477679977203688, 'penalty_k': 0.49240308298359536, 'scale_lr': 0.7370441411352273}. Best is trial 1270 with value: 0.3623636909959845.
checkpoint_e22 window_influence: 0.59212370497618139, penalty_k: 0.13839198557661994, scale_lr: 0.32800002714820570, EAO: 0.246
Trial 3002 finished with value: 0.24567245828270448 and parameters: {'window_influence': 0.5921237049761814, 'penalty_k': 0.13839198557661994, 'scale_lr': 0.3280000271482057}. Best is trial 1270 with value: 0.3623636909959845.
checkpoint_e22 window_influence: 0.47780190536866329, penalty_k: 0.07584719476303953, scale_lr: 0.56865758210088191, EAO: 0.335
Trial 3003 finished with value: 0.3353579533703132 and parameters: {'window_influence': 0.4778019053686633, 'penalty_k': 0.07584719476303953, 'scale_lr': 0.5686575821008819}. Best is trial 1270 with value: 0.3623636909959845.
checkpoint_e22 window_influence: 0.46301115056706560, penalty_k: 0.43936869534855549, scale_lr: 0.69372991103147796, EAO: 0.325
Trial 3004 finished with value: 0.32457035426267855 and parameters: {'window_influence': 0.4630111505670656, 'penalty_k': 0.4393686953485555, 'scale_lr': 0.693729911031478}. Best is trial 1270 with value: 0.3623636909959845.
checkpoint_e22 window_influence: 0.25760209087786157, penalty_k: 0.31493666910712531, scale_lr: 0.31161205927580704, EAO: 0.290
Trial 3005 finished with value: 0.28974942706438356 and parameters: {'window_influence': 0.25760209087786157, 'penalty_k': 0.3149366691071253, 'scale_lr': 0.31161205927580704}. Best is trial 1270 with value: 0.3623636909959845.
checkpoint_e22 window_influence: 0.48580616607377675, penalty_k: 0.52801222839744544, scale_lr: 0.50603089674489510, EAO: 0.296
Trial 3006 finished with value: 0.2960723816536744 and parameters: {'window_influence': 0.48580616607377675, 'penalty_k': 0.5280122283974454, 'scale_lr': 0.5060308967448951}. Best is trial 1270 with value: 0.3623636909959845.
checkpoint_e22 window_influence: 0.31337884076025957, penalty_k: 0.32881614813061388, scale_lr: 0.24110304202464758, EAO: 0.282
Trial 3007 finished with value: 0.28225287893634826 and parameters: {'window_influence': 0.31337884076025957, 'penalty_k': 0.3288161481306139, 'scale_lr': 0.24110304202464758}. Best is trial 1270 with value: 0.3623636909959845.
checkpoint_e22 window_influence: 0.49944062423781860, penalty_k: 0.48006883275231915, scale_lr: 0.60702380533337030, EAO: 0.290
Trial 3008 finished with value: 0.2895903144944967 and parameters: {'window_influence': 0.4994406242378186, 'penalty_k': 0.48006883275231915, 'scale_lr': 0.6070238053333703}. Best is trial 1270 with value: 0.3623636909959845.
checkpoint_e22 window_influence: 0.33344116719132694, penalty_k: 0.02249437910245010, scale_lr: 0.64175787629830994, EAO: 0.324
Trial 3009 finished with value: 0.3242903714166077 and parameters: {'window_influence': 0.33344116719132694, 'penalty_k': 0.022494379102450102, 'scale_lr': 0.6417578762983099}. Best is trial 1270 with value: 0.3623636909959845.
checkpoint_e22 window_influence: 0.47309336846955552, penalty_k: 0.51350584334146654, scale_lr: 0.67055535452740223, EAO: 0.316
Trial 3010 finished with value: 0.31598705250465453 and parameters: {'window_influence': 0.4730933684695555, 'penalty_k': 0.5135058433414665, 'scale_lr': 0.6705553545274022}. Best is trial 1270 with value: 0.3623636909959845.
checkpoint_e22 window_influence: 0.08235808697158686, penalty_k: 0.42188068102272197, scale_lr: 0.44363656585802708, EAO: 0.238
Trial 3011 finished with value: 0.23839694336926426 and parameters: {'window_influence': 0.08235808697158686, 'penalty_k': 0.42188068102272197, 'scale_lr': 0.4436365658580271}. Best is trial 1270 with value: 0.3623636909959845.
checkpoint_e22 window_influence: 0.45710596158353289, penalty_k: 0.05089019854512003, scale_lr: 0.52196453356238581, EAO: 0.328
Trial 3012 finished with value: 0.3277880783674782 and parameters: {'window_influence': 0.4571059615835329, 'penalty_k': 0.05089019854512003, 'scale_lr': 0.5219645335623858}. Best is trial 1270 with value: 0.3623636909959845.
checkpoint_e22 window_influence: 0.63242487811232551, penalty_k: 0.10491286430163144, scale_lr: 0.27859358181019750, EAO: 0.234
Trial 3013 finished with value: 0.23415090178469275 and parameters: {'window_influence': 0.6324248781123255, 'penalty_k': 0.10491286430163144, 'scale_lr': 0.2785935818101975}. Best is trial 1270 with value: 0.3623636909959845.
checkpoint_e22 window_influence: 0.49028462531595723, penalty_k: 0.11965348755910761, scale_lr: 0.35062208881875545, EAO: 0.319
Trial 3014 finished with value: 0.319095828827717 and parameters: {'window_influence': 0.49028462531595723, 'penalty_k': 0.11965348755910761, 'scale_lr': 0.35062208881875545}. Best is trial 1270 with value: 0.3623636909959845.
checkpoint_e22 window_influence: 0.43895305925404399, penalty_k: 0.03495461201533280, scale_lr: 0.49033937367050640, EAO: 0.318
Trial 3015 finished with value: 0.3175883118048716 and parameters: {'window_influence': 0.438953059254044, 'penalty_k': 0.0349546120153328, 'scale_lr': 0.4903393736705064}. Best is trial 1270 with value: 0.3623636909959845.
checkpoint_e22 window_influence: 0.47661400264880227, penalty_k: 0.17360954175721866, scale_lr: 0.45995867363467557, EAO: 0.309
Trial 3016 finished with value: 0.3090979734631364 and parameters: {'window_influence': 0.47661400264880227, 'penalty_k': 0.17360954175721866, 'scale_lr': 0.4599586736346756}. Best is trial 1270 with value: 0.3623636909959845.
checkpoint_e22 window_influence: 0.52079132451016252, penalty_k: 0.14842022672730937, scale_lr: 0.38397824442920914, EAO: 0.314
Trial 3017 finished with value: 0.3135727994752765 and parameters: {'window_influence': 0.5207913245101625, 'penalty_k': 0.14842022672730937, 'scale_lr': 0.38397824442920914}. Best is trial 1270 with value: 0.3623636909959845.
checkpoint_e22 window_influence: 0.51041492564552016, penalty_k: 0.01114470326956588, scale_lr: 0.75748520747408754, EAO: 0.311
Trial 3018 finished with value: 0.31083598251704575 and parameters: {'window_influence': 0.5104149256455202, 'penalty_k': 0.011144703269565882, 'scale_lr': 0.7574852074740875}. Best is trial 1270 with value: 0.3623636909959845.
checkpoint_e22 window_influence: 0.40643167602070057, penalty_k: 0.45981973127973985, scale_lr: 0.59392388242938443, EAO: 0.309
Trial 3019 finished with value: 0.30882124051973514 and parameters: {'window_influence': 0.40643167602070057, 'penalty_k': 0.45981973127973985, 'scale_lr': 0.5939238824293844}. Best is trial 1270 with value: 0.3623636909959845.
checkpoint_e22 window_influence: 0.46371399760235560, penalty_k: 0.01132929258291443, scale_lr: 0.71415392161538960, EAO: 0.328
Trial 3020 finished with value: 0.3278438852454902 and parameters: {'window_influence': 0.4637139976023556, 'penalty_k': 0.011329292582914435, 'scale_lr': 0.7141539216153896}. Best is trial 1270 with value: 0.3623636909959845.
checkpoint_e22 window_influence: 0.44948978103168219, penalty_k: 0.33542142052499024, scale_lr: 0.29462629283670277, EAO: 0.312
Trial 3021 finished with value: 0.31188124522624777 and parameters: {'window_influence': 0.4494897810316822, 'penalty_k': 0.33542142052499024, 'scale_lr': 0.2946262928367028}. Best is trial 1270 with value: 0.3623636909959845.
checkpoint_e22 window_influence: 0.15506811770302445, penalty_k: 0.16092024373987757, scale_lr: 0.47660932862804217, EAO: 0.282
Trial 3022 finished with value: 0.2819899847071458 and parameters: {'window_influence': 0.15506811770302445, 'penalty_k': 0.16092024373987757, 'scale_lr': 0.4766093286280422}. Best is trial 1270 with value: 0.3623636909959845.
checkpoint_e22 window_influence: 0.48519810390913126, penalty_k: 0.39173170759734766, scale_lr: 0.17439625214365434, EAO: 0.282
