Trial 558 finished with value: 0.2540537608852646 and parameters: {'window_influence': 0.10065017237379084, 'penalty_k': 0.41336200750043867, 'scale_lr': 0.40268023562917704}. Best is trial 458 with value: 0.35667828966207543.
checkpoint_e17 window_influence: 0.31382256859875513, penalty_k: 0.01569036968657830, scale_lr: 0.72302934010552389, EAO: 0.317
Trial 559 finished with value: 0.3171819026947949 and parameters: {'window_influence': 0.3138225685987551, 'penalty_k': 0.015690369686578297, 'scale_lr': 0.7230293401055239}. Best is trial 458 with value: 0.35667828966207543.
checkpoint_e17 window_influence: 0.39626652709271459, penalty_k: 0.45893646957185052, scale_lr: 0.68837036457929224, EAO: 0.320
Trial 560 finished with value: 0.31953334025603786 and parameters: {'window_influence': 0.3962665270927146, 'penalty_k': 0.4589364695718505, 'scale_lr': 0.6883703645792922}. Best is trial 458 with value: 0.35667828966207543.
checkpoint_e17 window_influence: 0.41943976718026066, penalty_k: 0.17245993021622014, scale_lr: 0.60504265338675167, EAO: 0.335
Trial 561 finished with value: 0.3346158220842191 and parameters: {'window_influence': 0.41943976718026066, 'penalty_k': 0.17245993021622014, 'scale_lr': 0.6050426533867517}. Best is trial 458 with value: 0.35667828966207543.
checkpoint_e17 window_influence: 0.34564565548194465, penalty_k: 0.34968578459699140, scale_lr: 0.55141691415931848, EAO: 0.301
Trial 562 finished with value: 0.3009260691093564 and parameters: {'window_influence': 0.34564565548194465, 'penalty_k': 0.3496857845969914, 'scale_lr': 0.5514169141593185}. Best is trial 458 with value: 0.35667828966207543.
checkpoint_e17 window_influence: 0.61670747822831617, penalty_k: 0.26980555162892950, scale_lr: 0.35100749447906043, EAO: 0.240
Trial 563 finished with value: 0.23952401293158995 and parameters: {'window_influence': 0.6167074782283162, 'penalty_k': 0.2698055516289295, 'scale_lr': 0.35100749447906043}. Best is trial 458 with value: 0.35667828966207543.
checkpoint_e17 window_influence: 0.64473584261301098, penalty_k: 0.20915344635837949, scale_lr: 0.33602705161553581, EAO: 0.237
Trial 564 finished with value: 0.23736148011591648 and parameters: {'window_influence': 0.644735842613011, 'penalty_k': 0.20915344635837949, 'scale_lr': 0.3360270516155358}. Best is trial 458 with value: 0.35667828966207543.
checkpoint_e17 window_influence: 0.36005410915242037, penalty_k: 0.34527954371258107, scale_lr: 0.70790834701557959, EAO: 0.300
Trial 565 finished with value: 0.3000869865779283 and parameters: {'window_influence': 0.36005410915242037, 'penalty_k': 0.34527954371258107, 'scale_lr': 0.7079083470155796}. Best is trial 458 with value: 0.35667828966207543.
checkpoint_e17 window_influence: 0.38610650042720840, penalty_k: 0.38474083281842725, scale_lr: 0.61912147219919389, EAO: 0.332
Trial 566 finished with value: 0.33212674991861857 and parameters: {'window_influence': 0.3861065004272084, 'penalty_k': 0.38474083281842725, 'scale_lr': 0.6191214721991939}. Best is trial 458 with value: 0.35667828966207543.
checkpoint_e17 window_influence: 0.41295022280848181, penalty_k: 0.15006543607358577, scale_lr: 0.57882976776592443, EAO: 0.337
Trial 567 finished with value: 0.3367620264741697 and parameters: {'window_influence': 0.4129502228084818, 'penalty_k': 0.15006543607358577, 'scale_lr': 0.5788297677659244}. Best is trial 458 with value: 0.35667828966207543.
checkpoint_e17 window_influence: 0.55530941236659137, penalty_k: 0.32271635333291471, scale_lr: 0.64149007244394995, EAO: 0.264
Trial 568 finished with value: 0.2641615671058573 and parameters: {'window_influence': 0.5553094123665914, 'penalty_k': 0.3227163533329147, 'scale_lr': 0.64149007244395}. Best is trial 458 with value: 0.35667828966207543.
checkpoint_e17 window_influence: 0.37447734383460179, penalty_k: 0.33359499325674880, scale_lr: 0.59252654450434561, EAO: 0.315
Trial 569 finished with value: 0.315246989001096 and parameters: {'window_influence': 0.3744773438346018, 'penalty_k': 0.3335949932567488, 'scale_lr': 0.5925265445043456}. Best is trial 458 with value: 0.35667828966207543.
checkpoint_e17 window_influence: 0.59687713344277049, penalty_k: 0.22822643507452547, scale_lr: 0.28013612577179137, EAO: 0.274
Trial 570 finished with value: 0.27379237440077714 and parameters: {'window_influence': 0.5968771334427705, 'penalty_k': 0.22822643507452547, 'scale_lr': 0.28013612577179137}. Best is trial 458 with value: 0.35667828966207543.
checkpoint_e17 window_influence: 0.39845765511462394, penalty_k: 0.18454559327726153, scale_lr: 0.65776030913953176, EAO: 0.354
Trial 571 finished with value: 0.3539737623025471 and parameters: {'window_influence': 0.39845765511462394, 'penalty_k': 0.18454559327726153, 'scale_lr': 0.6577603091395318}. Best is trial 458 with value: 0.35667828966207543.
checkpoint_e17 window_influence: 0.07987328411242389, penalty_k: 0.18146309776851635, scale_lr: 0.30103246172655063, EAO: 0.250
Trial 572 finished with value: 0.2503721778378876 and parameters: {'window_influence': 0.07987328411242389, 'penalty_k': 0.18146309776851635, 'scale_lr': 0.3010324617265506}. Best is trial 458 with value: 0.35667828966207543.
checkpoint_e17 window_influence: 0.39428045127406214, penalty_k: 0.44968055659622069, scale_lr: 0.66278258102295673, EAO: 0.328
Trial 573 finished with value: 0.3275890252933428 and parameters: {'window_influence': 0.39428045127406214, 'penalty_k': 0.4496805565962207, 'scale_lr': 0.6627825810229567}. Best is trial 458 with value: 0.35667828966207543.
checkpoint_e17 window_influence: 0.38190235766375491, penalty_k: 0.18827150162199677, scale_lr: 0.67957644590522426, EAO: 0.320
Trial 574 finished with value: 0.3197939362855273 and parameters: {'window_influence': 0.3819023576637549, 'penalty_k': 0.18827150162199677, 'scale_lr': 0.6795764459052243}. Best is trial 458 with value: 0.35667828966207543.
checkpoint_e17 window_influence: 0.36202999527855445, penalty_k: 0.42426218890887518, scale_lr: 0.65529749029571560, EAO: 0.307
Trial 575 finished with value: 0.30718110339418925 and parameters: {'window_influence': 0.36202999527855445, 'penalty_k': 0.4242621889088752, 'scale_lr': 0.6552974902957156}. Best is trial 458 with value: 0.35667828966207543.
checkpoint_e17 window_influence: 0.32049070700990273, penalty_k: 0.19642744808943907, scale_lr: 0.63729809983549457, EAO: 0.296
Trial 576 finished with value: 0.29648651002909887 and parameters: {'window_influence': 0.32049070700990273, 'penalty_k': 0.19642744808943907, 'scale_lr': 0.6372980998354946}. Best is trial 458 with value: 0.35667828966207543.
checkpoint_e17 window_influence: 0.40072926279868126, penalty_k: 0.16628848005992192, scale_lr: 0.25434977194030473, EAO: 0.307
Trial 577 finished with value: 0.306862818417846 and parameters: {'window_influence': 0.40072926279868126, 'penalty_k': 0.16628848005992192, 'scale_lr': 0.2543497719403047}. Best is trial 458 with value: 0.35667828966207543.
checkpoint_e17 window_influence: 0.37187651744883182, penalty_k: 0.21353257681174698, scale_lr: 0.62242373959453889, EAO: 0.310
Trial 578 finished with value: 0.31049572644530565 and parameters: {'window_influence': 0.3718765174488318, 'penalty_k': 0.21353257681174698, 'scale_lr': 0.6224237395945389}. Best is trial 458 with value: 0.35667828966207543.
checkpoint_e17 window_influence: 0.54584435251917318, penalty_k: 0.17562893469449578, scale_lr: 0.14025781077102931, EAO: 0.295
Trial 579 finished with value: 0.29496829124740126 and parameters: {'window_influence': 0.5458443525191732, 'penalty_k': 0.17562893469449578, 'scale_lr': 0.1402578107710293}. Best is trial 458 with value: 0.35667828966207543.
checkpoint_e17 window_influence: 0.34302806480898984, penalty_k: 0.19570831757664264, scale_lr: 0.22538355923728887, EAO: 0.309
Trial 580 finished with value: 0.30947907860408963 and parameters: {'window_influence': 0.34302806480898984, 'penalty_k': 0.19570831757664264, 'scale_lr': 0.22538355923728887}. Best is trial 458 with value: 0.35667828966207543.
checkpoint_e17 window_influence: 0.39057650026776347, penalty_k: 0.01124582889461641, scale_lr: 0.65805454142274511, EAO: 0.309
Trial 581 finished with value: 0.308748453333684 and parameters: {'window_influence': 0.39057650026776347, 'penalty_k': 0.011245828894616408, 'scale_lr': 0.6580545414227451}. Best is trial 458 with value: 0.35667828966207543.
checkpoint_e17 window_influence: 0.53543108117183014, penalty_k: 0.15273901065602158, scale_lr: 0.56471431969133357, EAO: 0.303
Trial 582 finished with value: 0.3034312513435861 and parameters: {'window_influence': 0.5354310811718301, 'penalty_k': 0.15273901065602158, 'scale_lr': 0.5647143196913336}. Best is trial 458 with value: 0.35667828966207543.
checkpoint_e17 window_influence: 0.41954835138190272, penalty_k: 0.39257573625887415, scale_lr: 0.60328371849036577, EAO: 0.317
Trial 583 finished with value: 0.316961226934125 and parameters: {'window_influence': 0.4195483513819027, 'penalty_k': 0.39257573625887415, 'scale_lr': 0.6032837184903658}. Best is trial 458 with value: 0.35667828966207543.
checkpoint_e17 window_influence: 0.35395700516231010, penalty_k: 0.15967419361456711, scale_lr: 0.41525323462842889, EAO: 0.330
Trial 584 finished with value: 0.3298752110755861 and parameters: {'window_influence': 0.3539570051623101, 'penalty_k': 0.1596741936145671, 'scale_lr': 0.4152532346284289}. Best is trial 458 with value: 0.35667828966207543.
checkpoint_e17 window_influence: 0.18486519159070083, penalty_k: 0.31908957232561319, scale_lr: 0.58366448140338634, EAO: 0.279
Trial 585 finished with value: 0.2787564280895871 and parameters: {'window_influence': 0.18486519159070083, 'penalty_k': 0.3190895723256132, 'scale_lr': 0.5836644814033863}. Best is trial 458 with value: 0.35667828966207543.
checkpoint_e17 window_influence: 0.40360247684125983, penalty_k: 0.48622334406112955, scale_lr: 0.29314273615610342, EAO: 0.311
Trial 586 finished with value: 0.31079059184061414 and parameters: {'window_influence': 0.4036024768412598, 'penalty_k': 0.48622334406112955, 'scale_lr': 0.2931427361561034}. Best is trial 458 with value: 0.35667828966207543.
checkpoint_e17 window_influence: 0.57242220542673505, penalty_k: 0.22098071033442962, scale_lr: 0.68919516942452808, EAO: 0.280
Trial 587 finished with value: 0.2799831606766593 and parameters: {'window_influence': 0.572422205426735, 'penalty_k': 0.22098071033442962, 'scale_lr': 0.6891951694245281}. Best is trial 458 with value: 0.35667828966207543.
checkpoint_e17 window_influence: 0.38160913036404126, penalty_k: 0.18011784941258266, scale_lr: 0.67374410547073549, EAO: 0.328
Trial 588 finished with value: 0.3284587577739114 and parameters: {'window_influence': 0.38160913036404126, 'penalty_k': 0.18011784941258266, 'scale_lr': 0.6737441054707355}. Best is trial 458 with value: 0.35667828966207543.
checkpoint_e17 window_influence: 0.18460267222061100, penalty_k: 0.43991896533205910, scale_lr: 0.63279557204814318, EAO: 0.282
Trial 589 finished with value: 0.2816360289600573 and parameters: {'window_influence': 0.184602672220611, 'penalty_k': 0.4399189653320591, 'scale_lr': 0.6327955720481432}. Best is trial 458 with value: 0.35667828966207543.
checkpoint_e17 window_influence: 0.42352247529078502, penalty_k: 0.36801091062680230, scale_lr: 0.54630622626699332, EAO: 0.326
Trial 590 finished with value: 0.3263704848660569 and parameters: {'window_influence': 0.423522475290785, 'penalty_k': 0.3680109106268023, 'scale_lr': 0.5463062262669933}. Best is trial 458 with value: 0.35667828966207543.
checkpoint_e17 window_influence: 0.36835240991376922, penalty_k: 0.26239980766715365, scale_lr: 0.64795108927851441, EAO: 0.329
Trial 591 finished with value: 0.32896811900667644 and parameters: {'window_influence': 0.3683524099137692, 'penalty_k': 0.26239980766715365, 'scale_lr': 0.6479510892785144}. Best is trial 458 with value: 0.35667828966207543.
checkpoint_e17 window_influence: 0.41251895954004147, penalty_k: 0.40754706168457910, scale_lr: 0.52424596634387022, EAO: 0.315
Trial 592 finished with value: 0.3145310374317466 and parameters: {'window_influence': 0.4125189595400415, 'penalty_k': 0.4075470616845791, 'scale_lr': 0.5242459663438702}. Best is trial 458 with value: 0.35667828966207543.
checkpoint_e17 window_influence: 0.39533628923119335, penalty_k: 0.20238281712246445, scale_lr: 0.33044096443798299, EAO: 0.311
Trial 593 finished with value: 0.31055790585998433 and parameters: {'window_influence': 0.39533628923119335, 'penalty_k': 0.20238281712246445, 'scale_lr': 0.330440964437983}. Best is trial 458 with value: 0.35667828966207543.
checkpoint_e17 window_influence: 0.33239382367966619, penalty_k: 0.01751974666540415, scale_lr: 0.56045739664466587, EAO: 0.312
Trial 594 finished with value: 0.3123843929647008 and parameters: {'window_influence': 0.3323938236796662, 'penalty_k': 0.01751974666540415, 'scale_lr': 0.5604573966446659}. Best is trial 458 with value: 0.35667828966207543.
checkpoint_e17 window_influence: 0.38073362613825856, penalty_k: 0.34029840934838579, scale_lr: 0.44466507423265494, EAO: 0.311
Trial 595 finished with value: 0.3106656245568383 and parameters: {'window_influence': 0.38073362613825856, 'penalty_k': 0.3402984093483858, 'scale_lr': 0.44466507423265494}. Best is trial 458 with value: 0.35667828966207543.
checkpoint_e17 window_influence: 0.22864176597520669, penalty_k: 0.42578646289993871, scale_lr: 0.61169982761785302, EAO: 0.279
Trial 596 finished with value: 0.27939691409062783 and parameters: {'window_influence': 0.2286417659752067, 'penalty_k': 0.4257864628999387, 'scale_lr': 0.611699827617853}. Best is trial 458 with value: 0.35667828966207543.
checkpoint_e17 window_influence: 0.35713113396032214, penalty_k: 0.16572037169190734, scale_lr: 0.58910463570919580, EAO: 0.327
Trial 597 finished with value: 0.32690140245489574 and parameters: {'window_influence': 0.35713113396032214, 'penalty_k': 0.16572037169190734, 'scale_lr': 0.5891046357091958}. Best is trial 458 with value: 0.35667828966207543.
checkpoint_e17 window_influence: 0.42818053494766350, penalty_k: 0.54988342408408775, scale_lr: 0.57460955901338917, EAO: 0.316
Trial 598 finished with value: 0.3164024538567094 and parameters: {'window_influence': 0.4281805349476635, 'penalty_k': 0.5498834240840877, 'scale_lr': 0.5746095590133892}. Best is trial 458 with value: 0.35667828966207543.
checkpoint_e17 window_influence: 0.40736062636886178, penalty_k: 0.02807342040533133, scale_lr: 0.21878543654346569, EAO: 0.321
Trial 599 finished with value: 0.3207284521731885 and parameters: {'window_influence': 0.4073606263688618, 'penalty_k': 0.028073420405331333, 'scale_lr': 0.2187854365434657}. Best is trial 458 with value: 0.35667828966207543.
checkpoint_e17 window_influence: 0.37243288256204249, penalty_k: 0.44949285390947685, scale_lr: 0.32080435282276698, EAO: 0.313
Trial 600 finished with value: 0.31330930896770165 and parameters: {'window_influence': 0.3724328825620425, 'penalty_k': 0.44949285390947685, 'scale_lr': 0.320804352822767}. Best is trial 458 with value: 0.35667828966207543.
checkpoint_e17 window_influence: 0.39328153026585017, penalty_k: 0.13804242337005079, scale_lr: 0.54085738462058774, EAO: 0.329
Trial 601 finished with value: 0.3293152288008293 and parameters: {'window_influence': 0.39328153026585017, 'penalty_k': 0.1380424233700508, 'scale_lr': 0.5408573846205877}. Best is trial 458 with value: 0.35667828966207543.
checkpoint_e17 window_influence: 0.34724002166087881, penalty_k: 0.39591013570833294, scale_lr: 0.60014004003306876, EAO: 0.320
Trial 602 finished with value: 0.3199313673759713 and parameters: {'window_influence': 0.3472400216608788, 'penalty_k': 0.39591013570833294, 'scale_lr': 0.6001400400330688}. Best is trial 458 with value: 0.35667828966207543.
checkpoint_e17 window_influence: 0.43035640370643002, penalty_k: 0.18644779881799733, scale_lr: 0.62391316452354262, EAO: 0.322
Trial 603 finished with value: 0.32232799134597706 and parameters: {'window_influence': 0.43035640370643, 'penalty_k': 0.18644779881799733, 'scale_lr': 0.6239131645235426}. Best is trial 458 with value: 0.35667828966207543.
checkpoint_e17 window_influence: 0.31081881293773411, penalty_k: 0.29774856114369641, scale_lr: 0.36954229971634084, EAO: 0.311
Trial 604 finished with value: 0.310690589741974 and parameters: {'window_influence': 0.3108188129377341, 'penalty_k': 0.2977485611436964, 'scale_lr': 0.36954229971634084}. Best is trial 458 with value: 0.35667828966207543.
checkpoint_e17 window_influence: 0.29399806358613423, penalty_k: 0.00053660877545386, scale_lr: 0.64478067702063591, EAO: 0.299
Trial 605 finished with value: 0.2989693033556066 and parameters: {'window_influence': 0.29399806358613423, 'penalty_k': 0.0005366087754538618, 'scale_lr': 0.6447806770206359}. Best is trial 458 with value: 0.35667828966207543.
checkpoint_e17 window_influence: 0.40591528766147328, penalty_k: 0.50131288128737261, scale_lr: 0.66364492411406795, EAO: 0.321
Trial 606 finished with value: 0.32066382073474764 and parameters: {'window_influence': 0.4059152876614733, 'penalty_k': 0.5013128812873726, 'scale_lr': 0.663644924114068}. Best is trial 458 with value: 0.35667828966207543.
checkpoint_e17 window_influence: 0.36270614270197249, penalty_k: 0.51999279454578584, scale_lr: 0.46309586821184329, EAO: 0.303
Trial 607 finished with value: 0.30344851546946205 and parameters: {'window_influence': 0.3627061427019725, 'penalty_k': 0.5199927945457858, 'scale_lr': 0.4630958682118433}. Best is trial 458 with value: 0.35667828966207543.
checkpoint_e17 window_influence: 0.12631301471824780, penalty_k: 0.13040105504268604, scale_lr: 0.69228033228093377, EAO: 0.268
Trial 608 finished with value: 0.26814864842576275 and parameters: {'window_influence': 0.1263130147182478, 'penalty_k': 0.13040105504268604, 'scale_lr': 0.6922803322809338}. Best is trial 458 with value: 0.35667828966207543.
checkpoint_e17 window_influence: 0.38674089505146492, penalty_k: 0.38255282089015691, scale_lr: 0.57819768674363081, EAO: 0.327
Trial 609 finished with value: 0.32746871134650385 and parameters: {'window_influence': 0.3867408950514649, 'penalty_k': 0.3825528208901569, 'scale_lr': 0.5781976867436308}. Best is trial 458 with value: 0.35667828966207543.
checkpoint_e17 window_influence: 0.42871227938671330, penalty_k: 0.36537531358418573, scale_lr: 0.71038596671131149, EAO: 0.319
Trial 610 finished with value: 0.3191703356773473 and parameters: {'window_influence': 0.4287122793867133, 'penalty_k': 0.36537531358418573, 'scale_lr': 0.7103859667113115}. Best is trial 458 with value: 0.35667828966207543.
checkpoint_e17 window_influence: 0.41712886886468731, penalty_k: 0.46688276041888133, scale_lr: 0.27759761284459883, EAO: 0.312
Trial 611 finished with value: 0.311751370358096 and parameters: {'window_influence': 0.4171288688646873, 'penalty_k': 0.4668827604188813, 'scale_lr': 0.27759761284459883}. Best is trial 458 with value: 0.35667828966207543.
checkpoint_e17 window_influence: 0.37210413948334981, penalty_k: 0.20118904579363667, scale_lr: 0.16700191882082260, EAO: 0.306
Trial 612 finished with value: 0.3058081412477716 and parameters: {'window_influence': 0.3721041394833498, 'penalty_k': 0.20118904579363667, 'scale_lr': 0.1670019188208226}. Best is trial 458 with value: 0.35667828966207543.
checkpoint_e17 window_influence: 0.05519072819142684, penalty_k: 0.45351770363630739, scale_lr: 0.49454586906207149, EAO: 0.238
Trial 613 finished with value: 0.2383739409047806 and parameters: {'window_influence': 0.05519072819142684, 'penalty_k': 0.4535177036363074, 'scale_lr': 0.4945458690620715}. Best is trial 458 with value: 0.35667828966207543.
checkpoint_e17 window_influence: 0.34055688468088957, penalty_k: 0.23083291791416771, scale_lr: 0.16068982912539270, EAO: 0.322
Trial 614 finished with value: 0.32151078006636774 and parameters: {'window_influence': 0.34055688468088957, 'penalty_k': 0.2308329179141677, 'scale_lr': 0.1606898291253927}. Best is trial 458 with value: 0.35667828966207543.
checkpoint_e17 window_influence: 0.60659423884807251, penalty_k: 0.41099830787764191, scale_lr: 0.55668285415734942, EAO: 0.230
Trial 615 finished with value: 0.2304548088330703 and parameters: {'window_influence': 0.6065942388480725, 'penalty_k': 0.4109983078776419, 'scale_lr': 0.5566828541573494}. Best is trial 458 with value: 0.35667828966207543.
