Trial 1683 finished with value: 0.32556452019437276 and parameters: {'window_influence': 0.3981695461242115, 'penalty_k': 0.12797886817953688, 'scale_lr': 0.6513728847768996}. Best is trial 1044 with value: 0.36650777071830365.
checkpoint_e29 window_influence: 0.50924920448481492, penalty_k: 0.40025859507811129, scale_lr: 0.52303328706605701, EAO: 0.304
Trial 1684 finished with value: 0.30422361606753756 and parameters: {'window_influence': 0.5092492044848149, 'penalty_k': 0.4002585950781113, 'scale_lr': 0.523033287066057}. Best is trial 1044 with value: 0.36650777071830365.
checkpoint_e29 window_influence: 0.56803807109603588, penalty_k: 0.17656964099567199, scale_lr: 0.18246550409440723, EAO: 0.293
Trial 1685 finished with value: 0.2928846580509082 and parameters: {'window_influence': 0.5680380710960359, 'penalty_k': 0.176569640995672, 'scale_lr': 0.18246550409440723}. Best is trial 1044 with value: 0.36650777071830365.
checkpoint_e29 window_influence: 0.48587020249042179, penalty_k: 0.51795042943768110, scale_lr: 0.36080126484661246, EAO: 0.324
Trial 1686 finished with value: 0.32365453823067336 and parameters: {'window_influence': 0.4858702024904218, 'penalty_k': 0.5179504294376811, 'scale_lr': 0.36080126484661246}. Best is trial 1044 with value: 0.36650777071830365.
checkpoint_e29 window_influence: 0.22403917864308440, penalty_k: 0.47450786998996919, scale_lr: 0.40825991459762523, EAO: 0.284
Trial 1687 finished with value: 0.283991640353945 and parameters: {'window_influence': 0.2240391786430844, 'penalty_k': 0.4745078699899692, 'scale_lr': 0.40825991459762523}. Best is trial 1044 with value: 0.36650777071830365.
checkpoint_e29 window_influence: 0.44200423376872577, penalty_k: 0.25860005707350620, scale_lr: 0.11315325389109998, EAO: 0.331
Trial 1688 finished with value: 0.3312131841358972 and parameters: {'window_influence': 0.4420042337687258, 'penalty_k': 0.2586000570735062, 'scale_lr': 0.11315325389109998}. Best is trial 1044 with value: 0.36650777071830365.
checkpoint_e29 window_influence: 0.31231058494836056, penalty_k: 0.44875877057457203, scale_lr: 0.75063823284455544, EAO: 0.328
Trial 1689 finished with value: 0.3280689801571434 and parameters: {'window_influence': 0.31231058494836056, 'penalty_k': 0.44875877057457203, 'scale_lr': 0.7506382328445554}. Best is trial 1044 with value: 0.36650777071830365.
checkpoint_e29 window_influence: 0.45977946570112460, penalty_k: 0.14522034265787923, scale_lr: 0.67538267360932380, EAO: 0.333
Trial 1690 finished with value: 0.3329727516332025 and parameters: {'window_influence': 0.4597794657011246, 'penalty_k': 0.14522034265787923, 'scale_lr': 0.6753826736093238}. Best is trial 1044 with value: 0.36650777071830365.
checkpoint_e29 window_influence: 0.51817582575527266, penalty_k: 0.33620709535714510, scale_lr: 0.57311544211658927, EAO: 0.299
Trial 1691 finished with value: 0.2994761655998601 and parameters: {'window_influence': 0.5181758257552727, 'penalty_k': 0.3362070953571451, 'scale_lr': 0.5731154421165893}. Best is trial 1044 with value: 0.36650777071830365.
checkpoint_e29 window_influence: 0.47613382243224500, penalty_k: 0.37086147593662788, scale_lr: 0.20567183964784055, EAO: 0.338
Trial 1692 finished with value: 0.3375108709363158 and parameters: {'window_influence': 0.476133822432245, 'penalty_k': 0.3708614759366279, 'scale_lr': 0.20567183964784055}. Best is trial 1044 with value: 0.36650777071830365.
checkpoint_e29 window_influence: 0.54470123103762946, penalty_k: 0.22494877419144904, scale_lr: 0.14737041871461362, EAO: 0.319
Trial 1693 finished with value: 0.31923352274681344 and parameters: {'window_influence': 0.5447012310376295, 'penalty_k': 0.22494877419144904, 'scale_lr': 0.14737041871461362}. Best is trial 1044 with value: 0.36650777071830365.
checkpoint_e29 window_influence: 0.49234026705142919, penalty_k: 0.11112223551761963, scale_lr: 0.26031708642967422, EAO: 0.329
Trial 1694 finished with value: 0.3287622032810278 and parameters: {'window_influence': 0.4923402670514292, 'penalty_k': 0.11112223551761963, 'scale_lr': 0.2603170864296742}. Best is trial 1044 with value: 0.36650777071830365.
checkpoint_e29 window_influence: 0.47071103706133854, penalty_k: 0.42507072799574741, scale_lr: 0.16833892672797834, EAO: 0.296
Trial 1695 finished with value: 0.2959245441024869 and parameters: {'window_influence': 0.47071103706133854, 'penalty_k': 0.4250707279957474, 'scale_lr': 0.16833892672797834}. Best is trial 1044 with value: 0.36650777071830365.
checkpoint_e29 window_influence: 0.50079458769941210, penalty_k: 0.16225462593633766, scale_lr: 0.48693614320273726, EAO: 0.351
Trial 1696 finished with value: 0.3508745180261738 and parameters: {'window_influence': 0.5007945876994121, 'penalty_k': 0.16225462593633766, 'scale_lr': 0.48693614320273726}. Best is trial 1044 with value: 0.36650777071830365.
checkpoint_e29 window_influence: 0.37999250409739499, penalty_k: 0.08381314828330486, scale_lr: 0.60307821472601353, EAO: 0.327
Trial 1697 finished with value: 0.3269072464351988 and parameters: {'window_influence': 0.379992504097395, 'penalty_k': 0.08381314828330486, 'scale_lr': 0.6030782147260135}. Best is trial 1044 with value: 0.36650777071830365.
checkpoint_e29 window_influence: 0.64851776842595665, penalty_k: 0.24960881630459586, scale_lr: 0.62400665328677751, EAO: 0.228
Trial 1698 finished with value: 0.22786781876003695 and parameters: {'window_influence': 0.6485177684259567, 'penalty_k': 0.24960881630459586, 'scale_lr': 0.6240066532867775}. Best is trial 1044 with value: 0.36650777071830365.
checkpoint_e29 window_influence: 0.45116629681300197, penalty_k: 0.12568993418696667, scale_lr: 0.46602539453845310, EAO: 0.340
Trial 1699 finished with value: 0.33971792331929335 and parameters: {'window_influence': 0.45116629681300197, 'penalty_k': 0.12568993418696667, 'scale_lr': 0.4660253945384531}. Best is trial 1044 with value: 0.36650777071830365.
checkpoint_e29 window_influence: 0.22235496575941224, penalty_k: 0.43651574153896955, scale_lr: 0.66766878010731912, EAO: 0.291
Trial 1700 finished with value: 0.29147903621196747 and parameters: {'window_influence': 0.22235496575941224, 'penalty_k': 0.43651574153896955, 'scale_lr': 0.6676687801073191}. Best is trial 1044 with value: 0.36650777071830365.
checkpoint_e29 window_influence: 0.36136000602061502, penalty_k: 0.38517652303508709, scale_lr: 0.18459249472503567, EAO: 0.327
Trial 1701 finished with value: 0.32676202453064085 and parameters: {'window_influence': 0.361360006020615, 'penalty_k': 0.3851765230350871, 'scale_lr': 0.18459249472503567}. Best is trial 1044 with value: 0.36650777071830365.
checkpoint_e29 window_influence: 0.48825886582690170, penalty_k: 0.31207128190093880, scale_lr: 0.71240482927715532, EAO: 0.311
Trial 1702 finished with value: 0.310996161360685 and parameters: {'window_influence': 0.4882588658269017, 'penalty_k': 0.3120712819009388, 'scale_lr': 0.7124048292771553}. Best is trial 1044 with value: 0.36650777071830365.
checkpoint_e29 window_influence: 0.42700955552361669, penalty_k: 0.04953687210390728, scale_lr: 0.30909706183642377, EAO: 0.322
Trial 1703 finished with value: 0.32203145041076126 and parameters: {'window_influence': 0.4270095555236167, 'penalty_k': 0.04953687210390728, 'scale_lr': 0.30909706183642377}. Best is trial 1044 with value: 0.36650777071830365.
checkpoint_e29 window_influence: 0.52775616245253520, penalty_k: 0.06363960298103617, scale_lr: 0.24315716513871699, EAO: 0.326
Trial 1704 finished with value: 0.3258498463533268 and parameters: {'window_influence': 0.5277561624525352, 'penalty_k': 0.06363960298103617, 'scale_lr': 0.243157165138717}. Best is trial 1044 with value: 0.36650777071830365.
checkpoint_e29 window_influence: 0.40382201983173072, penalty_k: 0.35355965377278148, scale_lr: 0.58422475426216680, EAO: 0.331
Trial 1705 finished with value: 0.3307303103259565 and parameters: {'window_influence': 0.4038220198317307, 'penalty_k': 0.3535596537727815, 'scale_lr': 0.5842247542621668}. Best is trial 1044 with value: 0.36650777071830365.
checkpoint_e29 window_influence: 0.46172340707683002, penalty_k: 0.15235933374982452, scale_lr: 0.76459262915098147, EAO: 0.342
Trial 1706 finished with value: 0.34249216364515433 and parameters: {'window_influence': 0.46172340707683, 'penalty_k': 0.15235933374982452, 'scale_lr': 0.7645926291509815}. Best is trial 1044 with value: 0.36650777071830365.
checkpoint_e29 window_influence: 0.10775262590181886, penalty_k: 0.41614279397535436, scale_lr: 0.73813393739440669, EAO: 0.270
Trial 1707 finished with value: 0.2704013590102994 and parameters: {'window_influence': 0.10775262590181886, 'penalty_k': 0.41614279397535436, 'scale_lr': 0.7381339373944067}. Best is trial 1044 with value: 0.36650777071830365.
checkpoint_e29 window_influence: 0.50527499286755284, penalty_k: 0.50506396502822803, scale_lr: 0.32209325268012112, EAO: 0.315
Trial 1708 finished with value: 0.31491742378774784 and parameters: {'window_influence': 0.5052749928675528, 'penalty_k': 0.505063965028228, 'scale_lr': 0.3220932526801211}. Best is trial 1044 with value: 0.36650777071830365.
checkpoint_e29 window_influence: 0.25543232185003600, penalty_k: 0.13518188673883258, scale_lr: 0.15877828274646674, EAO: 0.304
Trial 1709 finished with value: 0.3038567509284743 and parameters: {'window_influence': 0.255432321850036, 'penalty_k': 0.13518188673883258, 'scale_lr': 0.15877828274646674}. Best is trial 1044 with value: 0.36650777071830365.
checkpoint_e29 window_influence: 0.18775981324398175, penalty_k: 0.17323189501448957, scale_lr: 0.51811096777523291, EAO: 0.294
Trial 1710 finished with value: 0.2938239527467624 and parameters: {'window_influence': 0.18775981324398175, 'penalty_k': 0.17323189501448957, 'scale_lr': 0.5181109677752329}. Best is trial 1044 with value: 0.36650777071830365.
checkpoint_e29 window_influence: 0.15655266621950667, penalty_k: 0.40495837318744937, scale_lr: 0.19862296196203746, EAO: 0.274
Trial 1711 finished with value: 0.2743281301125478 and parameters: {'window_influence': 0.15655266621950667, 'penalty_k': 0.40495837318744937, 'scale_lr': 0.19862296196203746}. Best is trial 1044 with value: 0.36650777071830365.
checkpoint_e29 window_influence: 0.47543484071453668, penalty_k: 0.03138336443248999, scale_lr: 0.22249000883222492, EAO: 0.340
Trial 1712 finished with value: 0.3396174411365494 and parameters: {'window_influence': 0.4754348407145367, 'penalty_k': 0.031383364432489985, 'scale_lr': 0.22249000883222492}. Best is trial 1044 with value: 0.36650777071830365.
checkpoint_e29 window_influence: 0.18118712344272139, penalty_k: 0.10033759186136668, scale_lr: 0.13724764942924411, EAO: 0.285
Trial 1713 finished with value: 0.2852849913942211 and parameters: {'window_influence': 0.1811871234427214, 'penalty_k': 0.10033759186136668, 'scale_lr': 0.1372476494292441}. Best is trial 1044 with value: 0.36650777071830365.
checkpoint_e29 window_influence: 0.35171644791868323, penalty_k: 0.07334638186681226, scale_lr: 0.17042176633774325, EAO: 0.335
Trial 1714 finished with value: 0.3348134582144741 and parameters: {'window_influence': 0.35171644791868323, 'penalty_k': 0.07334638186681226, 'scale_lr': 0.17042176633774325}. Best is trial 1044 with value: 0.36650777071830365.
checkpoint_e29 window_influence: 0.59139500952058244, penalty_k: 0.12163465655994662, scale_lr: 0.45685365588640925, EAO: 0.284
Trial 1715 finished with value: 0.28423753908404115 and parameters: {'window_influence': 0.5913950095205824, 'penalty_k': 0.12163465655994662, 'scale_lr': 0.45685365588640925}. Best is trial 1044 with value: 0.36650777071830365.
checkpoint_e29 window_influence: 0.48637860775081543, penalty_k: 0.36492145348821708, scale_lr: 0.64732718864486760, EAO: 0.347
Trial 1716 finished with value: 0.34672828615871387 and parameters: {'window_influence': 0.48637860775081543, 'penalty_k': 0.3649214534882171, 'scale_lr': 0.6473271886448676}. Best is trial 1044 with value: 0.36650777071830365.
checkpoint_e29 window_influence: 0.41084191192216224, penalty_k: 0.15979908675546664, scale_lr: 0.77797769329369482, EAO: 0.353
Trial 1717 finished with value: 0.3525692856497338 and parameters: {'window_influence': 0.41084191192216224, 'penalty_k': 0.15979908675546664, 'scale_lr': 0.7779776932936948}. Best is trial 1044 with value: 0.36650777071830365.
checkpoint_e29 window_influence: 0.62163809458118469, penalty_k: 0.18288307862927544, scale_lr: 0.37618800255337548, EAO: 0.243
Trial 1718 finished with value: 0.2426214862310469 and parameters: {'window_influence': 0.6216380945811847, 'penalty_k': 0.18288307862927544, 'scale_lr': 0.3761880025533755}. Best is trial 1044 with value: 0.36650777071830365.
checkpoint_e29 window_influence: 0.24385652765453147, penalty_k: 0.39143860521463358, scale_lr: 0.15257578549396239, EAO: 0.283
Trial 1719 finished with value: 0.2828571210227588 and parameters: {'window_influence': 0.24385652765453147, 'penalty_k': 0.3914386052146336, 'scale_lr': 0.1525757854939624}. Best is trial 1044 with value: 0.36650777071830365.
checkpoint_e29 window_influence: 0.51111511334884208, penalty_k: 0.14269667786923287, scale_lr: 0.12143348702453380, EAO: 0.333
Trial 1720 finished with value: 0.3332079922062878 and parameters: {'window_influence': 0.5111151133488421, 'penalty_k': 0.14269667786923287, 'scale_lr': 0.1214334870245338}. Best is trial 1044 with value: 0.36650777071830365.
checkpoint_e29 window_influence: 0.61469650156832789, penalty_k: 0.29608306573059473, scale_lr: 0.29187496413584663, EAO: 0.238
Trial 1721 finished with value: 0.23785524881999318 and parameters: {'window_influence': 0.6146965015683279, 'penalty_k': 0.29608306573059473, 'scale_lr': 0.2918749641358466}. Best is trial 1044 with value: 0.36650777071830365.
checkpoint_e29 window_influence: 0.37393099479754499, penalty_k: 0.19158872550050979, scale_lr: 0.35517706173154096, EAO: 0.303
Trial 1722 finished with value: 0.30311003338965925 and parameters: {'window_influence': 0.373930994797545, 'penalty_k': 0.1915887255005098, 'scale_lr': 0.35517706173154096}. Best is trial 1044 with value: 0.36650777071830365.
checkpoint_e29 window_influence: 0.43625808789032144, penalty_k: 0.34741026455166474, scale_lr: 0.61495409074260199, EAO: 0.318
Trial 1723 finished with value: 0.3179872390824997 and parameters: {'window_influence': 0.43625808789032144, 'penalty_k': 0.34741026455166474, 'scale_lr': 0.614954090742602}. Best is trial 1044 with value: 0.36650777071830365.
checkpoint_e29 window_influence: 0.39006403759978248, penalty_k: 0.54944672407423822, scale_lr: 0.59620784894125356, EAO: 0.338
Trial 1724 finished with value: 0.3377684860377924 and parameters: {'window_influence': 0.3900640375997825, 'penalty_k': 0.5494467240742382, 'scale_lr': 0.5962078489412536}. Best is trial 1044 with value: 0.36650777071830365.
checkpoint_e29 window_influence: 0.46590209597727433, penalty_k: 0.54329648033369959, scale_lr: 0.63775241740044430, EAO: 0.331
Trial 1725 finished with value: 0.33142248967278326 and parameters: {'window_influence': 0.46590209597727433, 'penalty_k': 0.5432964803336996, 'scale_lr': 0.6377524174004443}. Best is trial 1044 with value: 0.36650777071830365.
checkpoint_e29 window_influence: 0.49437209442712943, penalty_k: 0.27496469268566021, scale_lr: 0.56409761572992412, EAO: 0.317
Trial 1726 finished with value: 0.31727885370820413 and parameters: {'window_influence': 0.4943720944271294, 'penalty_k': 0.2749646926856602, 'scale_lr': 0.5640976157299241}. Best is trial 1044 with value: 0.36650777071830365.
checkpoint_e29 window_influence: 0.44796731428140568, penalty_k: 0.04950535047296246, scale_lr: 0.48225554047879660, EAO: 0.345
Trial 1727 finished with value: 0.34492729841967035 and parameters: {'window_influence': 0.4479673142814057, 'penalty_k': 0.049505350472962464, 'scale_lr': 0.4822555404787966}. Best is trial 1044 with value: 0.36650777071830365.
checkpoint_e29 window_influence: 0.47781737889609294, penalty_k: 0.37779796512053421, scale_lr: 0.21486229061659834, EAO: 0.317
Trial 1728 finished with value: 0.31656432940338375 and parameters: {'window_influence': 0.47781737889609294, 'penalty_k': 0.3777979651205342, 'scale_lr': 0.21486229061659834}. Best is trial 1044 with value: 0.36650777071830365.
checkpoint_e29 window_influence: 0.58488825222300533, penalty_k: 0.09508988601329933, scale_lr: 0.17855484561187868, EAO: 0.289
Trial 1729 finished with value: 0.289406221548407 and parameters: {'window_influence': 0.5848882522230053, 'penalty_k': 0.09508988601329933, 'scale_lr': 0.17855484561187868}. Best is trial 1044 with value: 0.36650777071830365.
checkpoint_e29 window_influence: 0.24884780722277053, penalty_k: 0.15051843114588459, scale_lr: 0.41884853724097332, EAO: 0.292
Trial 1730 finished with value: 0.29175382991709137 and parameters: {'window_influence': 0.24884780722277053, 'penalty_k': 0.1505184311458846, 'scale_lr': 0.4188485372409733}. Best is trial 1044 with value: 0.36650777071830365.
checkpoint_e29 window_influence: 0.49918903986223651, penalty_k: 0.16478386751029211, scale_lr: 0.54322246263918028, EAO: 0.331
Trial 1731 finished with value: 0.33100694904995337 and parameters: {'window_influence': 0.4991890398622365, 'penalty_k': 0.16478386751029211, 'scale_lr': 0.5432224626391803}. Best is trial 1044 with value: 0.36650777071830365.
checkpoint_e29 window_influence: 0.12174731037984260, penalty_k: 0.32416802940000994, scale_lr: 0.66159544952135863, EAO: 0.263
Trial 1732 finished with value: 0.2629408764468093 and parameters: {'window_influence': 0.1217473103798426, 'penalty_k': 0.32416802940000994, 'scale_lr': 0.6615954495213586}. Best is trial 1044 with value: 0.36650777071830365.
checkpoint_e29 window_influence: 0.52262957567620139, penalty_k: 0.11436801213240563, scale_lr: 0.19465500932990459, EAO: 0.330
Trial 1733 finished with value: 0.32983133335985565 and parameters: {'window_influence': 0.5226295756762014, 'penalty_k': 0.11436801213240563, 'scale_lr': 0.1946550093299046}. Best is trial 1044 with value: 0.36650777071830365.
checkpoint_e29 window_influence: 0.55278457367308875, penalty_k: 0.21672145101441137, scale_lr: 0.14297743802512630, EAO: 0.310
Trial 1734 finished with value: 0.3099133982848564 and parameters: {'window_influence': 0.5527845736730888, 'penalty_k': 0.21672145101441137, 'scale_lr': 0.1429774380251263}. Best is trial 1044 with value: 0.36650777071830365.
checkpoint_e29 window_influence: 0.33603667911463847, penalty_k: 0.13053865876984153, scale_lr: 0.39099380589518090, EAO: 0.314
Trial 1735 finished with value: 0.3135353668306588 and parameters: {'window_influence': 0.33603667911463847, 'penalty_k': 0.13053865876984153, 'scale_lr': 0.3909938058951809}. Best is trial 1044 with value: 0.36650777071830365.
checkpoint_e29 window_influence: 0.30960205713265204, penalty_k: 0.41952909509766756, scale_lr: 0.69761674106436578, EAO: 0.337
Trial 1736 finished with value: 0.3370333078538397 and parameters: {'window_influence': 0.30960205713265204, 'penalty_k': 0.41952909509766756, 'scale_lr': 0.6976167410643658}. Best is trial 1044 with value: 0.36650777071830365.
checkpoint_e29 window_influence: 0.47934545614910512, penalty_k: 0.43421189843896479, scale_lr: 0.16270848553403647, EAO: 0.296
Trial 1737 finished with value: 0.29620220393290314 and parameters: {'window_influence': 0.4793454561491051, 'penalty_k': 0.4342118984389648, 'scale_lr': 0.16270848553403647}. Best is trial 1044 with value: 0.36650777071830365.
checkpoint_e29 window_influence: 0.60222811641799967, penalty_k: 0.03562924484260226, scale_lr: 0.73975646842166753, EAO: 0.252
Trial 1738 finished with value: 0.25191679875210565 and parameters: {'window_influence': 0.6022281164179997, 'penalty_k': 0.03562924484260226, 'scale_lr': 0.7397564684216675}. Best is trial 1044 with value: 0.36650777071830365.
checkpoint_e29 window_influence: 0.13977054706052996, penalty_k: 0.39814394062181313, scale_lr: 0.57709932965936306, EAO: 0.269
Trial 1739 finished with value: 0.26911916209797915 and parameters: {'window_influence': 0.13977054706052996, 'penalty_k': 0.39814394062181313, 'scale_lr': 0.5770993296593631}. Best is trial 1044 with value: 0.36650777071830365.
checkpoint_e29 window_influence: 0.45870826305830548, penalty_k: 0.24568245807553829, scale_lr: 0.25629579955528331, EAO: 0.326
Trial 1740 finished with value: 0.32556203077275464 and parameters: {'window_influence': 0.4587082630583055, 'penalty_k': 0.2456824580755383, 'scale_lr': 0.2562957995552833}. Best is trial 1044 with value: 0.36650777071830365.
checkpoint_e29 window_influence: 0.42063041252181954, penalty_k: 0.06183868212133886, scale_lr: 0.68418289639505725, EAO: 0.316
Trial 1741 finished with value: 0.3164075895390158 and parameters: {'window_influence': 0.42063041252181954, 'penalty_k': 0.06183868212133886, 'scale_lr': 0.6841828963950572}. Best is trial 1044 with value: 0.36650777071830365.
checkpoint_e29 window_influence: 0.50996357231790368, penalty_k: 0.17357835900601656, scale_lr: 0.62895831935029622, EAO: 0.330
Trial 1742 finished with value: 0.33046748816735083 and parameters: {'window_influence': 0.5099635723179037, 'penalty_k': 0.17357835900601656, 'scale_lr': 0.6289583193502962}. Best is trial 1044 with value: 0.36650777071830365.
checkpoint_e29 window_influence: 0.30229844875164186, penalty_k: 0.14157082442596683, scale_lr: 0.44640427959681678, EAO: 0.298
Trial 1743 finished with value: 0.2981550483040309 and parameters: {'window_influence': 0.30229844875164186, 'penalty_k': 0.14157082442596683, 'scale_lr': 0.4464042795968168}. Best is trial 1044 with value: 0.36650777071830365.
checkpoint_e29 window_influence: 0.39638264665741813, penalty_k: 0.08658531466998548, scale_lr: 0.61043960960437815, EAO: 0.322
