Trial 516 finished with value: 0.34685071108406157 and parameters: {'window_influence': 0.3964714029221248, 'penalty_k': 0.100352110641901, 'scale_lr': 0.7994591044229381}. Best is trial 164 with value: 0.3660086329577034.
checkpoint_e29 window_influence: 0.37372923972898342, penalty_k: 0.41022132340938439, scale_lr: 0.75808424527605245, EAO: 0.320
Trial 517 finished with value: 0.3203932598871016 and parameters: {'window_influence': 0.3737292397289834, 'penalty_k': 0.4102213234093844, 'scale_lr': 0.7580842452760524}. Best is trial 164 with value: 0.3660086329577034.
checkpoint_e29 window_influence: 0.38717706151309511, penalty_k: 0.39378575614457656, scale_lr: 0.60362147580273628, EAO: 0.325
Trial 518 finished with value: 0.3250429293408932 and parameters: {'window_influence': 0.3871770615130951, 'penalty_k': 0.39378575614457656, 'scale_lr': 0.6036214758027363}. Best is trial 164 with value: 0.3660086329577034.
checkpoint_e29 window_influence: 0.40578949049281243, penalty_k: 0.35890734182100548, scale_lr: 0.55557340625178830, EAO: 0.345
Trial 519 finished with value: 0.3449798567285797 and parameters: {'window_influence': 0.40578949049281243, 'penalty_k': 0.3589073418210055, 'scale_lr': 0.5555734062517883}. Best is trial 164 with value: 0.3660086329577034.
checkpoint_e29 window_influence: 0.31603596312856247, penalty_k: 0.42560713464991601, scale_lr: 0.65463226468865465, EAO: 0.342
Trial 520 finished with value: 0.3419208106827643 and parameters: {'window_influence': 0.31603596312856247, 'penalty_k': 0.425607134649916, 'scale_lr': 0.6546322646886547}. Best is trial 164 with value: 0.3660086329577034.
checkpoint_e29 window_influence: 0.18395404102805579, penalty_k: 0.38595221825044657, scale_lr: 0.70494487132438066, EAO: 0.291
Trial 521 finished with value: 0.29051154040177046 and parameters: {'window_influence': 0.1839540410280558, 'penalty_k': 0.38595221825044657, 'scale_lr': 0.7049448713243807}. Best is trial 164 with value: 0.3660086329577034.
checkpoint_e29 window_influence: 0.63061601034889359, penalty_k: 0.33006581301796184, scale_lr: 0.77602026648781908, EAO: 0.233
Trial 522 finished with value: 0.23297668344083927 and parameters: {'window_influence': 0.6306160103488936, 'penalty_k': 0.33006581301796184, 'scale_lr': 0.7760202664878191}. Best is trial 164 with value: 0.3660086329577034.
checkpoint_e29 window_influence: 0.55238187725153809, penalty_k: 0.14955988407753201, scale_lr: 0.61570985798121236, EAO: 0.291
Trial 523 finished with value: 0.29128218398715733 and parameters: {'window_influence': 0.5523818772515381, 'penalty_k': 0.149559884077532, 'scale_lr': 0.6157098579812124}. Best is trial 164 with value: 0.3660086329577034.
checkpoint_e29 window_influence: 0.34922104801725684, penalty_k: 0.37352386871804633, scale_lr: 0.73329238636996463, EAO: 0.317
Trial 524 finished with value: 0.31702327699280897 and parameters: {'window_influence': 0.34922104801725684, 'penalty_k': 0.3735238687180463, 'scale_lr': 0.7332923863699646}. Best is trial 164 with value: 0.3660086329577034.
checkpoint_e29 window_influence: 0.54673894782022503, penalty_k: 0.34425294165621773, scale_lr: 0.63896096171964611, EAO: 0.280
Trial 525 finished with value: 0.27999709471190487 and parameters: {'window_influence': 0.546738947820225, 'penalty_k': 0.3442529416562177, 'scale_lr': 0.6389609617196461}. Best is trial 164 with value: 0.3660086329577034.
checkpoint_e29 window_influence: 0.46801323357255864, penalty_k: 0.11607729040591830, scale_lr: 0.51959171094732515, EAO: 0.335
Trial 526 finished with value: 0.3347217272459765 and parameters: {'window_influence': 0.46801323357255864, 'penalty_k': 0.1160772904059183, 'scale_lr': 0.5195917109473251}. Best is trial 164 with value: 0.3660086329577034.
checkpoint_e29 window_influence: 0.37557197926701169, penalty_k: 0.44906487965671787, scale_lr: 0.66719670989210689, EAO: 0.323
Trial 527 finished with value: 0.3234311583441055 and parameters: {'window_influence': 0.3755719792670117, 'penalty_k': 0.4490648796567179, 'scale_lr': 0.6671967098921069}. Best is trial 164 with value: 0.3660086329577034.
checkpoint_e29 window_influence: 0.36353178256639451, penalty_k: 0.40107517220514505, scale_lr: 0.56735700039001624, EAO: 0.340
Trial 528 finished with value: 0.339552472653556 and parameters: {'window_influence': 0.3635317825663945, 'penalty_k': 0.40107517220514505, 'scale_lr': 0.5673570003900162}. Best is trial 164 with value: 0.3660086329577034.
checkpoint_e29 window_influence: 0.40924999418313812, penalty_k: 0.36589304259864097, scale_lr: 0.62562015274259253, EAO: 0.318
Trial 529 finished with value: 0.31784842479321745 and parameters: {'window_influence': 0.4092499941831381, 'penalty_k': 0.36589304259864097, 'scale_lr': 0.6256201527425925}. Best is trial 164 with value: 0.3660086329577034.
checkpoint_e29 window_influence: 0.39339188206848158, penalty_k: 0.31301789830150323, scale_lr: 0.58590101030691821, EAO: 0.341
Trial 530 finished with value: 0.3406057296328044 and parameters: {'window_influence': 0.3933918820684816, 'penalty_k': 0.31301789830150323, 'scale_lr': 0.5859010103069182}. Best is trial 164 with value: 0.3660086329577034.
checkpoint_e29 window_influence: 0.17040758528487651, penalty_k: 0.38424636158094128, scale_lr: 0.74303103326705244, EAO: 0.284
Trial 531 finished with value: 0.28396607280241376 and parameters: {'window_influence': 0.1704075852848765, 'penalty_k': 0.3842463615809413, 'scale_lr': 0.7430310332670524}. Best is trial 164 with value: 0.3660086329577034.
checkpoint_e29 window_influence: 0.43487249130925010, penalty_k: 0.41599529831596038, scale_lr: 0.28588602047357303, EAO: 0.305
Trial 532 finished with value: 0.3048810806951634 and parameters: {'window_influence': 0.4348724913092501, 'penalty_k': 0.4159952983159604, 'scale_lr': 0.28588602047357303}. Best is trial 164 with value: 0.3660086329577034.
checkpoint_e29 window_influence: 0.33135974832719017, penalty_k: 0.35207677365021378, scale_lr: 0.60612312349076247, EAO: 0.327
Trial 533 finished with value: 0.32722482114218554 and parameters: {'window_influence': 0.3313597483271902, 'penalty_k': 0.3520767736502138, 'scale_lr': 0.6061231234907625}. Best is trial 164 with value: 0.3660086329577034.
checkpoint_e29 window_influence: 0.38456222480942781, penalty_k: 0.39594954683563738, scale_lr: 0.50165634316197960, EAO: 0.337
Trial 534 finished with value: 0.33719814264356857 and parameters: {'window_influence': 0.3845622248094278, 'penalty_k': 0.3959495468356374, 'scale_lr': 0.5016563431619796}. Best is trial 164 with value: 0.3660086329577034.
checkpoint_e29 window_influence: 0.34449720416179080, penalty_k: 0.24845438383507235, scale_lr: 0.76084095966852805, EAO: 0.332
Trial 535 finished with value: 0.332422224232195 and parameters: {'window_influence': 0.3444972041617908, 'penalty_k': 0.24845438383507235, 'scale_lr': 0.760840959668528}. Best is trial 164 with value: 0.3660086329577034.
checkpoint_e29 window_influence: 0.50312706779854288, penalty_k: 0.17567416036471267, scale_lr: 0.64449996874991033, EAO: 0.317
Trial 536 finished with value: 0.3173319207439163 and parameters: {'window_influence': 0.5031270677985429, 'penalty_k': 0.17567416036471267, 'scale_lr': 0.6444999687499103}. Best is trial 164 with value: 0.3660086329577034.
checkpoint_e29 window_influence: 0.41819894450601475, penalty_k: 0.59951029941519396, scale_lr: 0.32457201351820991, EAO: 0.312
Trial 537 finished with value: 0.3122433080167622 and parameters: {'window_influence': 0.41819894450601475, 'penalty_k': 0.599510299415194, 'scale_lr': 0.3245720135182099}. Best is trial 164 with value: 0.3660086329577034.
checkpoint_e29 window_influence: 0.29791556538712677, penalty_k: 0.27606283908799228, scale_lr: 0.63138787227686710, EAO: 0.304
Trial 538 finished with value: 0.3040109525510773 and parameters: {'window_influence': 0.29791556538712677, 'penalty_k': 0.2760628390879923, 'scale_lr': 0.6313878722768671}. Best is trial 164 with value: 0.3660086329577034.
checkpoint_e29 window_influence: 0.36406094955735924, penalty_k: 0.06960137653221182, scale_lr: 0.21302673118153828, EAO: 0.337
Trial 539 finished with value: 0.33654939629688335 and parameters: {'window_influence': 0.36406094955735924, 'penalty_k': 0.06960137653221182, 'scale_lr': 0.21302673118153828}. Best is trial 164 with value: 0.3660086329577034.
checkpoint_e29 window_influence: 0.40480074043245901, penalty_k: 0.37421759480115735, scale_lr: 0.45370420915554061, EAO: 0.333
Trial 540 finished with value: 0.33275901645074096 and parameters: {'window_influence': 0.404800740432459, 'penalty_k': 0.37421759480115735, 'scale_lr': 0.4537042091555406}. Best is trial 164 with value: 0.3660086329577034.
checkpoint_e29 window_influence: 0.44830552340394214, penalty_k: 0.29255852969238494, scale_lr: 0.71898307383992521, EAO: 0.342
Trial 541 finished with value: 0.34203602031511093 and parameters: {'window_influence': 0.44830552340394214, 'penalty_k': 0.29255852969238494, 'scale_lr': 0.7189830738399252}. Best is trial 164 with value: 0.3660086329577034.
checkpoint_e29 window_influence: 0.28883625912558453, penalty_k: 0.33411375734914617, scale_lr: 0.60186631445615280, EAO: 0.309
Trial 542 finished with value: 0.3086542522512985 and parameters: {'window_influence': 0.2888362591255845, 'penalty_k': 0.33411375734914617, 'scale_lr': 0.6018663144561528}. Best is trial 164 with value: 0.3660086329577034.
checkpoint_e29 window_influence: 0.37881995389189443, penalty_k: 0.36145773036795065, scale_lr: 0.61617067106268975, EAO: 0.320
Trial 543 finished with value: 0.31957189187929325 and parameters: {'window_influence': 0.37881995389189443, 'penalty_k': 0.36145773036795065, 'scale_lr': 0.6161706710626897}. Best is trial 164 with value: 0.3660086329577034.
checkpoint_e29 window_influence: 0.52250609784139723, penalty_k: 0.38748847578739976, scale_lr: 0.69328875259349454, EAO: 0.304
Trial 544 finished with value: 0.30374554831694073 and parameters: {'window_influence': 0.5225060978413972, 'penalty_k': 0.38748847578739976, 'scale_lr': 0.6932887525934945}. Best is trial 164 with value: 0.3660086329577034.
checkpoint_e29 window_influence: 0.35295621859870796, penalty_k: 0.40540422128277592, scale_lr: 0.68227094729894955, EAO: 0.343
Trial 545 finished with value: 0.34347451370977705 and parameters: {'window_influence': 0.35295621859870796, 'penalty_k': 0.4054042212827759, 'scale_lr': 0.6822709472989495}. Best is trial 164 with value: 0.3660086329577034.
checkpoint_e29 window_influence: 0.43210986481428509, penalty_k: 0.37321489412045550, scale_lr: 0.58565200916532612, EAO: 0.332
Trial 546 finished with value: 0.33176492032837773 and parameters: {'window_influence': 0.4321098648142851, 'penalty_k': 0.3732148941204555, 'scale_lr': 0.5856520091653261}. Best is trial 164 with value: 0.3660086329577034.
checkpoint_e29 window_influence: 0.47513545932533285, penalty_k: 0.55118257842049678, scale_lr: 0.64824972063162045, EAO: 0.323
Trial 547 finished with value: 0.3226303582873326 and parameters: {'window_influence': 0.47513545932533285, 'penalty_k': 0.5511825784204968, 'scale_lr': 0.6482497206316205}. Best is trial 164 with value: 0.3660086329577034.
checkpoint_e29 window_influence: 0.39871771901533365, penalty_k: 0.30829852714416045, scale_lr: 0.66210000375469003, EAO: 0.331
Trial 548 finished with value: 0.33072031228458837 and parameters: {'window_influence': 0.39871771901533365, 'penalty_k': 0.30829852714416045, 'scale_lr': 0.66210000375469}. Best is trial 164 with value: 0.3660086329577034.
checkpoint_e29 window_influence: 0.49191561761914832, penalty_k: 0.34561736774311919, scale_lr: 0.53759353400266818, EAO: 0.306
Trial 549 finished with value: 0.30592895957282545 and parameters: {'window_influence': 0.4919156176191483, 'penalty_k': 0.3456173677431192, 'scale_lr': 0.5375935340026682}. Best is trial 164 with value: 0.3660086329577034.
checkpoint_e29 window_influence: 0.37030658668976485, penalty_k: 0.09945882988393978, scale_lr: 0.56669939926298718, EAO: 0.314
Trial 550 finished with value: 0.3136068130281649 and parameters: {'window_influence': 0.37030658668976485, 'penalty_k': 0.09945882988393978, 'scale_lr': 0.5666993992629872}. Best is trial 164 with value: 0.3660086329577034.
checkpoint_e29 window_influence: 0.41546380612221179, penalty_k: 0.51157523922572001, scale_lr: 0.62356242590350475, EAO: 0.334
Trial 551 finished with value: 0.33424646845123646 and parameters: {'window_influence': 0.4154638061222118, 'penalty_k': 0.51157523922572, 'scale_lr': 0.6235624259035047}. Best is trial 164 with value: 0.3660086329577034.
checkpoint_e29 window_influence: 0.38883856875567990, penalty_k: 0.05474211032079535, scale_lr: 0.59325115819818575, EAO: 0.315
Trial 552 finished with value: 0.31498754691289094 and parameters: {'window_influence': 0.3888385687556799, 'penalty_k': 0.054742110320795345, 'scale_lr': 0.5932511581981857}. Best is trial 164 with value: 0.3660086329577034.
checkpoint_e29 window_influence: 0.23720473579211371, penalty_k: 0.42243875670655906, scale_lr: 0.48768961309118070, EAO: 0.271
Trial 553 finished with value: 0.2708528986932703 and parameters: {'window_influence': 0.2372047357921137, 'penalty_k': 0.42243875670655906, 'scale_lr': 0.4876896130911807}. Best is trial 164 with value: 0.3660086329577034.
checkpoint_e29 window_influence: 0.46190767405474514, penalty_k: 0.20350683609503450, scale_lr: 0.75271412495789292, EAO: 0.321
Trial 554 finished with value: 0.32104688285621685 and parameters: {'window_influence': 0.46190767405474514, 'penalty_k': 0.2035068360950345, 'scale_lr': 0.7527141249578929}. Best is trial 164 with value: 0.3660086329577034.
checkpoint_e29 window_influence: 0.35609561304168103, penalty_k: 0.39775675978583025, scale_lr: 0.77712396103865578, EAO: 0.313
Trial 555 finished with value: 0.3134555083768377 and parameters: {'window_influence': 0.356095613041681, 'penalty_k': 0.39775675978583025, 'scale_lr': 0.7771239610386558}. Best is trial 164 with value: 0.3660086329577034.
checkpoint_e29 window_influence: 0.06368842323661272, penalty_k: 0.38501906066168490, scale_lr: 0.60903520037808256, EAO: 0.237
Trial 556 finished with value: 0.23719189092806806 and parameters: {'window_influence': 0.06368842323661272, 'penalty_k': 0.3850190606616849, 'scale_lr': 0.6090352003780826}. Best is trial 164 with value: 0.3660086329577034.
checkpoint_e29 window_influence: 0.32180949207396164, penalty_k: 0.26709623394985510, scale_lr: 0.63826965848059836, EAO: 0.317
Trial 557 finished with value: 0.3174921976916985 and parameters: {'window_influence': 0.32180949207396164, 'penalty_k': 0.2670962339498551, 'scale_lr': 0.6382696584805984}. Best is trial 164 with value: 0.3660086329577034.
checkpoint_e29 window_influence: 0.44323875802475149, penalty_k: 0.44003019672697313, scale_lr: 0.57682347954536362, EAO: 0.339
Trial 558 finished with value: 0.3388888927517234 and parameters: {'window_influence': 0.4432387580247515, 'penalty_k': 0.44003019672697313, 'scale_lr': 0.5768234795453636}. Best is trial 164 with value: 0.3660086329577034.
checkpoint_e29 window_influence: 0.38105481655826529, penalty_k: 0.36021484027858935, scale_lr: 0.73640652997780853, EAO: 0.335
Trial 559 finished with value: 0.33459003345047916 and parameters: {'window_influence': 0.3810548165582653, 'penalty_k': 0.36021484027858935, 'scale_lr': 0.7364065299778085}. Best is trial 164 with value: 0.3660086329577034.
checkpoint_e29 window_influence: 0.33830753678636344, penalty_k: 0.32287606317646056, scale_lr: 0.55543779756793421, EAO: 0.328
Trial 560 finished with value: 0.3281313873798467 and parameters: {'window_influence': 0.33830753678636344, 'penalty_k': 0.32287606317646056, 'scale_lr': 0.5554377975679342}. Best is trial 164 with value: 0.3660086329577034.
checkpoint_e29 window_influence: 0.42675094804119057, penalty_k: 0.40945234154522081, scale_lr: 0.71368903750266877, EAO: 0.324
Trial 561 finished with value: 0.3244951168502815 and parameters: {'window_influence': 0.42675094804119057, 'penalty_k': 0.4094523415452208, 'scale_lr': 0.7136890375026688}. Best is trial 164 with value: 0.3660086329577034.
checkpoint_e29 window_influence: 0.39787987533621610, penalty_k: 0.37638473452972138, scale_lr: 0.46661001365307336, EAO: 0.330
Trial 562 finished with value: 0.3297564843053484 and parameters: {'window_influence': 0.3978798753362161, 'penalty_k': 0.3763847345297214, 'scale_lr': 0.46661001365307336}. Best is trial 164 with value: 0.3660086329577034.
checkpoint_e29 window_influence: 0.16145586759505479, penalty_k: 0.03042452554209324, scale_lr: 0.11878978836824000, EAO: 0.271
Trial 563 finished with value: 0.2714028482539181 and parameters: {'window_influence': 0.1614558675950548, 'penalty_k': 0.03042452554209324, 'scale_lr': 0.11878978836824}. Best is trial 164 with value: 0.3660086329577034.
checkpoint_e29 window_influence: 0.36741754900934831, penalty_k: 0.15690542938403207, scale_lr: 0.31276459910890764, EAO: 0.299
Trial 564 finished with value: 0.2988058691010865 and parameters: {'window_influence': 0.3674175490093483, 'penalty_k': 0.15690542938403207, 'scale_lr': 0.31276459910890764}. Best is trial 164 with value: 0.3660086329577034.
checkpoint_e29 window_influence: 0.40798623271283624, penalty_k: 0.39357592961965060, scale_lr: 0.62662570842773879, EAO: 0.331
Trial 565 finished with value: 0.33137702872317126 and parameters: {'window_influence': 0.40798623271283624, 'penalty_k': 0.3935759296196506, 'scale_lr': 0.6266257084277388}. Best is trial 164 with value: 0.3660086329577034.
checkpoint_e29 window_influence: 0.31178921399118786, penalty_k: 0.58699655019103858, scale_lr: 0.60099971655806339, EAO: 0.306
Trial 566 finished with value: 0.30627825502523653 and parameters: {'window_influence': 0.31178921399118786, 'penalty_k': 0.5869965501910386, 'scale_lr': 0.6009997165580634}. Best is trial 164 with value: 0.3660086329577034.
checkpoint_e29 window_influence: 0.54064819815739373, penalty_k: 0.04898226120300386, scale_lr: 0.51252216989087307, EAO: 0.311
Trial 567 finished with value: 0.31052833076580955 and parameters: {'window_influence': 0.5406481981573937, 'penalty_k': 0.04898226120300386, 'scale_lr': 0.5125221698908731}. Best is trial 164 with value: 0.3660086329577034.
checkpoint_e29 window_influence: 0.46449674877510244, penalty_k: 0.36662433860795390, scale_lr: 0.37581721152263681, EAO: 0.324
Trial 568 finished with value: 0.3240371199201517 and parameters: {'window_influence': 0.46449674877510244, 'penalty_k': 0.3666243386079539, 'scale_lr': 0.3758172115226368}. Best is trial 164 with value: 0.3660086329577034.
checkpoint_e29 window_influence: 0.38912695101792610, penalty_k: 0.35067606546814256, scale_lr: 0.43293390848239077, EAO: 0.337
Trial 569 finished with value: 0.33734866872371866 and parameters: {'window_influence': 0.3891269510179261, 'penalty_k': 0.35067606546814256, 'scale_lr': 0.4329339084823908}. Best is trial 164 with value: 0.3660086329577034.
checkpoint_e29 window_influence: 0.41841179182477689, penalty_k: 0.46123340416613429, scale_lr: 0.67040462370999088, EAO: 0.300
Trial 570 finished with value: 0.2996425902333241 and parameters: {'window_influence': 0.4184117918247769, 'penalty_k': 0.4612334041661343, 'scale_lr': 0.6704046237099909}. Best is trial 164 with value: 0.3660086329577034.
checkpoint_e29 window_influence: 0.34800520867558749, penalty_k: 0.00903509470640140, scale_lr: 0.41855784719751377, EAO: 0.325
Trial 571 finished with value: 0.3245017713493874 and parameters: {'window_influence': 0.3480052086755875, 'penalty_k': 0.009035094706401403, 'scale_lr': 0.41855784719751377}. Best is trial 164 with value: 0.3660086329577034.
checkpoint_e29 window_influence: 0.45157999130001891, penalty_k: 0.29628638009032482, scale_lr: 0.61153718359781306, EAO: 0.340
Trial 572 finished with value: 0.3399308551146363 and parameters: {'window_influence': 0.4515799913000189, 'penalty_k': 0.2962863800903248, 'scale_lr': 0.6115371835978131}. Best is trial 164 with value: 0.3660086329577034.
checkpoint_e29 window_influence: 0.37300265254601583, penalty_k: 0.33182699927276021, scale_lr: 0.63266648810038673, EAO: 0.311
Trial 573 finished with value: 0.3107544975753888 and parameters: {'window_influence': 0.37300265254601583, 'penalty_k': 0.3318269992727602, 'scale_lr': 0.6326664881003867}. Best is trial 164 with value: 0.3660086329577034.
checkpoint_e29 window_influence: 0.27041899170547867, penalty_k: 0.38931806064610824, scale_lr: 0.65210222591415523, EAO: 0.309
Trial 574 finished with value: 0.3088397467182768 and parameters: {'window_influence': 0.2704189917054787, 'penalty_k': 0.38931806064610824, 'scale_lr': 0.6521022259141552}. Best is trial 164 with value: 0.3660086329577034.
checkpoint_e29 window_influence: 0.43638725601833750, penalty_k: 0.42820667581310606, scale_lr: 0.76993207064199531, EAO: 0.316
Trial 575 finished with value: 0.3157654892841666 and parameters: {'window_influence': 0.4363872560183375, 'penalty_k': 0.42820667581310606, 'scale_lr': 0.7699320706419953}. Best is trial 164 with value: 0.3660086329577034.
checkpoint_e29 window_influence: 0.47750798358608310, penalty_k: 0.40618573622716858, scale_lr: 0.70206122922402980, EAO: 0.333
Trial 576 finished with value: 0.3326504928592578 and parameters: {'window_influence': 0.4775079835860831, 'penalty_k': 0.4061857362271686, 'scale_lr': 0.7020612292240298}. Best is trial 164 with value: 0.3660086329577034.
checkpoint_e29 window_influence: 0.28956706287795664, penalty_k: 0.37681625755995479, scale_lr: 0.16147246695340411, EAO: 0.280
Trial 577 finished with value: 0.27999465324071593 and parameters: {'window_influence': 0.28956706287795664, 'penalty_k': 0.3768162575599548, 'scale_lr': 0.16147246695340411}. Best is trial 164 with value: 0.3660086329577034.
checkpoint_e29 window_influence: 0.35893861790633236, penalty_k: 0.35924634252402093, scale_lr: 0.59386119592425768, EAO: 0.340
