Trial 1364 finished with value: 0.331578849122682 and parameters: {'window_influence': 0.3411539560974325, 'penalty_k': 0.47713820963417036, 'scale_lr': 0.5119187335552913}. Best is trial 62 with value: 0.3726749919963718.
checkpoint_e29 window_influence: 0.37181299443627386, penalty_k: 0.46380445718587238, scale_lr: 0.50834002716356308, EAO: 0.322
Trial 1365 finished with value: 0.3223404251183981 and parameters: {'window_influence': 0.37181299443627386, 'penalty_k': 0.4638044571858724, 'scale_lr': 0.5083400271635631}. Best is trial 62 with value: 0.3726749919963718.
checkpoint_e29 window_influence: 0.34670718119903610, penalty_k: 0.51967812382505041, scale_lr: 0.49569401860690632, EAO: 0.309
Trial 1366 finished with value: 0.3093027986789028 and parameters: {'window_influence': 0.3467071811990361, 'penalty_k': 0.5196781238250504, 'scale_lr': 0.4956940186069063}. Best is trial 62 with value: 0.3726749919963718.
checkpoint_e29 window_influence: 0.52634421712737001, penalty_k: 0.40262052470650916, scale_lr: 0.48444637668062135, EAO: 0.299
Trial 1367 finished with value: 0.29926283385039304 and parameters: {'window_influence': 0.52634421712737, 'penalty_k': 0.40262052470650916, 'scale_lr': 0.48444637668062135}. Best is trial 62 with value: 0.3726749919963718.
checkpoint_e29 window_influence: 0.31198266928483021, penalty_k: 0.37378785631173578, scale_lr: 0.15198583856638126, EAO: 0.313
Trial 1368 finished with value: 0.3130116110181994 and parameters: {'window_influence': 0.3119826692848302, 'penalty_k': 0.3737878563117358, 'scale_lr': 0.15198583856638126}. Best is trial 62 with value: 0.3726749919963718.
checkpoint_e29 window_influence: 0.34186044065959842, penalty_k: 0.56045536836036991, scale_lr: 0.31994683532226853, EAO: 0.323
Trial 1369 finished with value: 0.32327786418482485 and parameters: {'window_influence': 0.3418604406595984, 'penalty_k': 0.5604553683603699, 'scale_lr': 0.31994683532226853}. Best is trial 62 with value: 0.3726749919963718.
checkpoint_e29 window_influence: 0.64694175267899889, penalty_k: 0.42111532092402515, scale_lr: 0.65079982796310587, EAO: 0.227
Trial 1370 finished with value: 0.227261793868551 and parameters: {'window_influence': 0.6469417526789989, 'penalty_k': 0.42111532092402515, 'scale_lr': 0.6507998279631059}. Best is trial 62 with value: 0.3726749919963718.
checkpoint_e29 window_influence: 0.36026596349807621, penalty_k: 0.44242901470665336, scale_lr: 0.19665480167498323, EAO: 0.308
Trial 1371 finished with value: 0.30792728582476825 and parameters: {'window_influence': 0.3602659634980762, 'penalty_k': 0.44242901470665336, 'scale_lr': 0.19665480167498323}. Best is trial 62 with value: 0.3726749919963718.
checkpoint_e29 window_influence: 0.34924769271225320, penalty_k: 0.43350129458318826, scale_lr: 0.46423112847610287, EAO: 0.320
Trial 1372 finished with value: 0.3196766317354566 and parameters: {'window_influence': 0.3492476927122532, 'penalty_k': 0.43350129458318826, 'scale_lr': 0.46423112847610287}. Best is trial 62 with value: 0.3726749919963718.
checkpoint_e29 window_influence: 0.10726165229954113, penalty_k: 0.29157009952117130, scale_lr: 0.52578739331178115, EAO: 0.258
Trial 1373 finished with value: 0.2584276535631618 and parameters: {'window_influence': 0.10726165229954113, 'penalty_k': 0.2915700995211713, 'scale_lr': 0.5257873933117811}. Best is trial 62 with value: 0.3726749919963718.
checkpoint_e29 window_influence: 0.62511239895973869, penalty_k: 0.49251717865198658, scale_lr: 0.27133999191199754, EAO: 0.234
Trial 1374 finished with value: 0.2335539801691293 and parameters: {'window_influence': 0.6251123989597387, 'penalty_k': 0.4925171786519866, 'scale_lr': 0.27133999191199754}. Best is trial 62 with value: 0.3726749919963718.
checkpoint_e29 window_influence: 0.35813492313629036, penalty_k: 0.57548937508206599, scale_lr: 0.21084864869995604, EAO: 0.315
Trial 1375 finished with value: 0.31525449083704893 and parameters: {'window_influence': 0.35813492313629036, 'penalty_k': 0.575489375082066, 'scale_lr': 0.21084864869995604}. Best is trial 62 with value: 0.3726749919963718.
checkpoint_e29 window_influence: 0.33351404348863906, penalty_k: 0.09890392072503344, scale_lr: 0.11975882691921330, EAO: 0.308
Trial 1376 finished with value: 0.3078007350751862 and parameters: {'window_influence': 0.33351404348863906, 'penalty_k': 0.09890392072503344, 'scale_lr': 0.1197588269192133}. Best is trial 62 with value: 0.3726749919963718.
checkpoint_e29 window_influence: 0.55181832322838997, penalty_k: 0.51535939744644810, scale_lr: 0.55412673969483195, EAO: 0.286
Trial 1377 finished with value: 0.28635906726701715 and parameters: {'window_influence': 0.55181832322839, 'penalty_k': 0.5153593974464481, 'scale_lr': 0.554126739694832}. Best is trial 62 with value: 0.3726749919963718.
checkpoint_e29 window_influence: 0.60241444859131232, penalty_k: 0.49772563648164009, scale_lr: 0.13808097658015916, EAO: 0.237
Trial 1378 finished with value: 0.23676708352241072 and parameters: {'window_influence': 0.6024144485913123, 'penalty_k': 0.4977256364816401, 'scale_lr': 0.13808097658015916}. Best is trial 62 with value: 0.3726749919963718.
checkpoint_e29 window_influence: 0.16156519099171235, penalty_k: 0.33961757350825672, scale_lr: 0.22899862614563662, EAO: 0.267
Trial 1379 finished with value: 0.2671801214204224 and parameters: {'window_influence': 0.16156519099171235, 'penalty_k': 0.3396175735082567, 'scale_lr': 0.22899862614563662}. Best is trial 62 with value: 0.3726749919963718.
checkpoint_e29 window_influence: 0.31227974518226986, penalty_k: 0.49351876860573352, scale_lr: 0.54167344838702169, EAO: 0.338
Trial 1380 finished with value: 0.33806649024384494 and parameters: {'window_influence': 0.31227974518226986, 'penalty_k': 0.4935187686057335, 'scale_lr': 0.5416734483870217}. Best is trial 62 with value: 0.3726749919963718.
checkpoint_e29 window_influence: 0.06262637142223892, penalty_k: 0.47005405858512245, scale_lr: 0.49886134082985423, EAO: 0.245
Trial 1381 finished with value: 0.24541598216336988 and parameters: {'window_influence': 0.06262637142223892, 'penalty_k': 0.47005405858512245, 'scale_lr': 0.4988613408298542}. Best is trial 62 with value: 0.3726749919963718.
checkpoint_e29 window_influence: 0.24815564863261599, penalty_k: 0.28094047219462864, scale_lr: 0.30066049130584493, EAO: 0.293
Trial 1382 finished with value: 0.29315999683702965 and parameters: {'window_influence': 0.248155648632616, 'penalty_k': 0.28094047219462864, 'scale_lr': 0.30066049130584493}. Best is trial 62 with value: 0.3726749919963718.
checkpoint_e29 window_influence: 0.32900628640374879, penalty_k: 0.39560844977400589, scale_lr: 0.58352214782608758, EAO: 0.333
Trial 1383 finished with value: 0.3330177472259284 and parameters: {'window_influence': 0.3290062864037488, 'penalty_k': 0.3956084497740059, 'scale_lr': 0.5835221478260876}. Best is trial 62 with value: 0.3726749919963718.
checkpoint_e29 window_influence: 0.37275119244004506, penalty_k: 0.45762642428913441, scale_lr: 0.17544394831810972, EAO: 0.313
Trial 1384 finished with value: 0.312721780707864 and parameters: {'window_influence': 0.37275119244004506, 'penalty_k': 0.4576264242891344, 'scale_lr': 0.17544394831810972}. Best is trial 62 with value: 0.3726749919963718.
checkpoint_e29 window_influence: 0.45707734185012927, penalty_k: 0.22900219482668829, scale_lr: 0.45260351365419632, EAO: 0.338
Trial 1385 finished with value: 0.3384937595300637 and parameters: {'window_influence': 0.45707734185012927, 'penalty_k': 0.2290021948266883, 'scale_lr': 0.4526035136541963}. Best is trial 62 with value: 0.3726749919963718.
checkpoint_e29 window_influence: 0.41632419125100883, penalty_k: 0.39354385685557530, scale_lr: 0.47983590369162343, EAO: 0.329
Trial 1386 finished with value: 0.32916910140430883 and parameters: {'window_influence': 0.41632419125100883, 'penalty_k': 0.3935438568555753, 'scale_lr': 0.47983590369162343}. Best is trial 62 with value: 0.3726749919963718.
checkpoint_e29 window_influence: 0.14491816868504229, penalty_k: 0.11124057573089552, scale_lr: 0.18885690040817271, EAO: 0.295
Trial 1387 finished with value: 0.2946780696221363 and parameters: {'window_influence': 0.1449181686850423, 'penalty_k': 0.11124057573089552, 'scale_lr': 0.1888569004081727}. Best is trial 62 with value: 0.3726749919963718.
checkpoint_e29 window_influence: 0.51767135356086580, penalty_k: 0.55386346308551759, scale_lr: 0.21400356845012061, EAO: 0.283
Trial 1388 finished with value: 0.28266757326599223 and parameters: {'window_influence': 0.5176713535608658, 'penalty_k': 0.5538634630855176, 'scale_lr': 0.2140035684501206}. Best is trial 62 with value: 0.3726749919963718.
checkpoint_e29 window_influence: 0.31923636274254691, penalty_k: 0.43721428924816685, scale_lr: 0.23628441589002958, EAO: 0.302
Trial 1389 finished with value: 0.3022304118723257 and parameters: {'window_influence': 0.3192363627425469, 'penalty_k': 0.43721428924816685, 'scale_lr': 0.23628441589002958}. Best is trial 62 with value: 0.3726749919963718.
checkpoint_e29 window_influence: 0.47210635070291773, penalty_k: 0.13261181062093555, scale_lr: 0.16348400558490708, EAO: 0.337
Trial 1390 finished with value: 0.33749820767441613 and parameters: {'window_influence': 0.47210635070291773, 'penalty_k': 0.13261181062093555, 'scale_lr': 0.16348400558490708}. Best is trial 62 with value: 0.3726749919963718.
checkpoint_e29 window_influence: 0.29442502127281234, penalty_k: 0.47276486554942176, scale_lr: 0.52077184144271282, EAO: 0.311
Trial 1391 finished with value: 0.31127768882517687 and parameters: {'window_influence': 0.29442502127281234, 'penalty_k': 0.47276486554942176, 'scale_lr': 0.5207718414427128}. Best is trial 62 with value: 0.3726749919963718.
checkpoint_e29 window_influence: 0.35732735577349062, penalty_k: 0.57554648621899440, scale_lr: 0.25954273314481091, EAO: 0.309
Trial 1392 finished with value: 0.30885668707728847 and parameters: {'window_influence': 0.3573273557734906, 'penalty_k': 0.5755464862189944, 'scale_lr': 0.2595427331448109}. Best is trial 62 with value: 0.3726749919963718.
checkpoint_e29 window_influence: 0.30003412215497310, penalty_k: 0.02288549624958936, scale_lr: 0.55895221301643538, EAO: 0.300
Trial 1393 finished with value: 0.2996023872483101 and parameters: {'window_influence': 0.3000341221549731, 'penalty_k': 0.02288549624958936, 'scale_lr': 0.5589522130164354}. Best is trial 62 with value: 0.3726749919963718.
checkpoint_e29 window_influence: 0.58937909611338724, penalty_k: 0.40192929393146426, scale_lr: 0.61555263380955516, EAO: 0.255
Trial 1394 finished with value: 0.25483852874212226 and parameters: {'window_influence': 0.5893790961133872, 'penalty_k': 0.40192929393146426, 'scale_lr': 0.6155526338095552}. Best is trial 62 with value: 0.3726749919963718.
checkpoint_e29 window_influence: 0.28302994773976853, penalty_k: 0.51063994769074439, scale_lr: 0.47046189459931120, EAO: 0.318
Trial 1395 finished with value: 0.31780344352184103 and parameters: {'window_influence': 0.28302994773976853, 'penalty_k': 0.5106399476907444, 'scale_lr': 0.4704618945993112}. Best is trial 62 with value: 0.3726749919963718.
checkpoint_e29 window_influence: 0.38333144161198296, penalty_k: 0.58718188542905825, scale_lr: 0.13324926199344816, EAO: 0.316
Trial 1396 finished with value: 0.3159035612984854 and parameters: {'window_influence': 0.38333144161198296, 'penalty_k': 0.5871818854290582, 'scale_lr': 0.13324926199344816}. Best is trial 62 with value: 0.3726749919963718.
checkpoint_e29 window_influence: 0.44970323075521818, penalty_k: 0.04225457978687784, scale_lr: 0.27510726826144516, EAO: 0.348
Trial 1397 finished with value: 0.3476191001875391 and parameters: {'window_influence': 0.4497032307552182, 'penalty_k': 0.04225457978687784, 'scale_lr': 0.27510726826144516}. Best is trial 62 with value: 0.3726749919963718.
checkpoint_e29 window_influence: 0.39594501022994544, penalty_k: 0.54299799619385836, scale_lr: 0.37611432995479988, EAO: 0.320
Trial 1398 finished with value: 0.3196243032639129 and parameters: {'window_influence': 0.39594501022994544, 'penalty_k': 0.5429979961938584, 'scale_lr': 0.3761143299547999}. Best is trial 62 with value: 0.3726749919963718.
checkpoint_e29 window_influence: 0.57048540419175908, penalty_k: 0.33411875203933789, scale_lr: 0.11552946684459066, EAO: 0.272
Trial 1399 finished with value: 0.2724007971091957 and parameters: {'window_influence': 0.5704854041917591, 'penalty_k': 0.3341187520393379, 'scale_lr': 0.11552946684459066}. Best is trial 62 with value: 0.3726749919963718.
checkpoint_e29 window_influence: 0.50642969141821093, penalty_k: 0.42595586244149242, scale_lr: 0.33766593786198862, EAO: 0.302
Trial 1400 finished with value: 0.30160720571005856 and parameters: {'window_influence': 0.5064296914182109, 'penalty_k': 0.4259558624414924, 'scale_lr': 0.3376659378619886}. Best is trial 62 with value: 0.3726749919963718.
checkpoint_e29 window_influence: 0.26285504288063694, penalty_k: 0.23685055245626391, scale_lr: 0.20278469370283395, EAO: 0.292
Trial 1401 finished with value: 0.29166301887786805 and parameters: {'window_influence': 0.26285504288063694, 'penalty_k': 0.2368505524562639, 'scale_lr': 0.20278469370283395}. Best is trial 62 with value: 0.3726749919963718.
checkpoint_e29 window_influence: 0.33370957464288409, penalty_k: 0.56409176580903653, scale_lr: 0.35541422386529703, EAO: 0.311
Trial 1402 finished with value: 0.3108008420420992 and parameters: {'window_influence': 0.3337095746428841, 'penalty_k': 0.5640917658090365, 'scale_lr': 0.35541422386529703}. Best is trial 62 with value: 0.3726749919963718.
checkpoint_e29 window_influence: 0.49244417650632549, penalty_k: 0.35532229107258279, scale_lr: 0.76070270457039846, EAO: 0.315
Trial 1403 finished with value: 0.314905560260153 and parameters: {'window_influence': 0.4924441765063255, 'penalty_k': 0.3553222910725828, 'scale_lr': 0.7607027045703985}. Best is trial 62 with value: 0.3726749919963718.
checkpoint_e29 window_influence: 0.52687012677435252, penalty_k: 0.25967182915425191, scale_lr: 0.56995631969259142, EAO: 0.296
Trial 1404 finished with value: 0.2957800217407687 and parameters: {'window_influence': 0.5268701267743525, 'penalty_k': 0.2596718291542519, 'scale_lr': 0.5699563196925914}. Best is trial 62 with value: 0.3726749919963718.
checkpoint_e29 window_influence: 0.63101006957438277, penalty_k: 0.47113641191480499, scale_lr: 0.53442017725584612, EAO: 0.226
Trial 1405 finished with value: 0.2264523780995306 and parameters: {'window_influence': 0.6310100695743828, 'penalty_k': 0.471136411914805, 'scale_lr': 0.5344201772558461}. Best is trial 62 with value: 0.3726749919963718.
checkpoint_e29 window_influence: 0.08358606874644803, penalty_k: 0.35322459711849052, scale_lr: 0.15047907471312311, EAO: 0.247
Trial 1406 finished with value: 0.24694065407556318 and parameters: {'window_influence': 0.08358606874644803, 'penalty_k': 0.3532245971184905, 'scale_lr': 0.1504790747131231}. Best is trial 62 with value: 0.3726749919963718.
checkpoint_e29 window_influence: 0.48482839026021857, penalty_k: 0.31969633497427913, scale_lr: 0.22737695904483682, EAO: 0.318
Trial 1407 finished with value: 0.318435963141779 and parameters: {'window_influence': 0.48482839026021857, 'penalty_k': 0.31969633497427913, 'scale_lr': 0.22737695904483682}. Best is trial 62 with value: 0.3726749919963718.
checkpoint_e29 window_influence: 0.46170527426925712, penalty_k: 0.47461271346888939, scale_lr: 0.45678769580215312, EAO: 0.343
Trial 1408 finished with value: 0.34328775276005963 and parameters: {'window_influence': 0.4617052742692571, 'penalty_k': 0.4746127134688894, 'scale_lr': 0.4567876958021531}. Best is trial 62 with value: 0.3726749919963718.
checkpoint_e29 window_influence: 0.54167817044847844, penalty_k: 0.43959447219398878, scale_lr: 0.49660076087708316, EAO: 0.303
Trial 1409 finished with value: 0.302884436419038 and parameters: {'window_influence': 0.5416781704484784, 'penalty_k': 0.4395944721939888, 'scale_lr': 0.49660076087708316}. Best is trial 62 with value: 0.3726749919963718.
checkpoint_e29 window_influence: 0.20794115890760562, penalty_k: 0.07145433277989424, scale_lr: 0.60023722265725210, EAO: 0.301
Trial 1410 finished with value: 0.30093672946965183 and parameters: {'window_influence': 0.20794115890760562, 'penalty_k': 0.07145433277989424, 'scale_lr': 0.6002372226572521}. Best is trial 62 with value: 0.3726749919963718.
checkpoint_e29 window_influence: 0.50499661544686092, penalty_k: 0.08537369133673196, scale_lr: 0.69297338370400319, EAO: 0.333
Trial 1411 finished with value: 0.33324267752903447 and parameters: {'window_influence': 0.5049966154468609, 'penalty_k': 0.08537369133673196, 'scale_lr': 0.6929733837040032}. Best is trial 62 with value: 0.3726749919963718.
checkpoint_e29 window_influence: 0.47409556684190363, penalty_k: 0.32114431424791373, scale_lr: 0.64492650875630797, EAO: 0.325
Trial 1412 finished with value: 0.3251469738288612 and parameters: {'window_influence': 0.4740955668419036, 'penalty_k': 0.32114431424791373, 'scale_lr': 0.644926508756308}. Best is trial 62 with value: 0.3726749919963718.
checkpoint_e29 window_influence: 0.51676636494929484, penalty_k: 0.52856510038249482, scale_lr: 0.32012470357748796, EAO: 0.280
Trial 1413 finished with value: 0.28019667935742476 and parameters: {'window_influence': 0.5167663649492948, 'penalty_k': 0.5285651003824948, 'scale_lr': 0.32012470357748796}. Best is trial 62 with value: 0.3726749919963718.
checkpoint_e29 window_influence: 0.48880963136355460, penalty_k: 0.59913411743445710, scale_lr: 0.18706262419909719, EAO: 0.302
Trial 1414 finished with value: 0.3015404323311631 and parameters: {'window_influence': 0.4888096313635546, 'penalty_k': 0.5991341174344571, 'scale_lr': 0.1870626241990972}. Best is trial 62 with value: 0.3726749919963718.
checkpoint_e29 window_influence: 0.43872489939867187, penalty_k: 0.45865143423266741, scale_lr: 0.48072879290166565, EAO: 0.327
Trial 1415 finished with value: 0.3273185530409275 and parameters: {'window_influence': 0.4387248993986719, 'penalty_k': 0.4586514342326674, 'scale_lr': 0.48072879290166565}. Best is trial 62 with value: 0.3726749919963718.
checkpoint_e29 window_influence: 0.45194344255127927, penalty_k: 0.55638480947357294, scale_lr: 0.54542225850873571, EAO: 0.326
Trial 1416 finished with value: 0.3262687919204801 and parameters: {'window_influence': 0.4519434425512793, 'penalty_k': 0.5563848094735729, 'scale_lr': 0.5454222585087357}. Best is trial 62 with value: 0.3726749919963718.
checkpoint_e29 window_influence: 0.31025581600079138, penalty_k: 0.38498060668842260, scale_lr: 0.24448215801102716, EAO: 0.309
Trial 1417 finished with value: 0.3087210730587926 and parameters: {'window_influence': 0.3102558160007914, 'penalty_k': 0.3849806066884226, 'scale_lr': 0.24448215801102716}. Best is trial 62 with value: 0.3726749919963718.
checkpoint_e29 window_influence: 0.50075963860070405, penalty_k: 0.50023952499232838, scale_lr: 0.50493090082149605, EAO: 0.303
Trial 1418 finished with value: 0.3025591657551346 and parameters: {'window_influence': 0.500759638600704, 'penalty_k': 0.5002395249923284, 'scale_lr': 0.504930900821496}. Best is trial 62 with value: 0.3726749919963718.
checkpoint_e29 window_influence: 0.42113563052295938, penalty_k: 0.48764563421593654, scale_lr: 0.66337246996601451, EAO: 0.326
Trial 1419 finished with value: 0.3262068150340351 and parameters: {'window_influence': 0.4211356305229594, 'penalty_k': 0.48764563421593654, 'scale_lr': 0.6633724699660145}. Best is trial 62 with value: 0.3726749919963718.
checkpoint_e29 window_influence: 0.47081924279071141, penalty_k: 0.34399477498177311, scale_lr: 0.44296394177019083, EAO: 0.329
Trial 1420 finished with value: 0.3287887115190929 and parameters: {'window_influence': 0.4708192427907114, 'penalty_k': 0.3439947749817731, 'scale_lr': 0.4429639417701908}. Best is trial 62 with value: 0.3726749919963718.
checkpoint_e29 window_influence: 0.48435859908426671, penalty_k: 0.27154139966650770, scale_lr: 0.20622608023961334, EAO: 0.337
Trial 1421 finished with value: 0.33728106221336335 and parameters: {'window_influence': 0.4843585990842667, 'penalty_k': 0.2715413996665077, 'scale_lr': 0.20622608023961334}. Best is trial 62 with value: 0.3726749919963718.
checkpoint_e29 window_influence: 0.19099880275704020, penalty_k: 0.24483069241199895, scale_lr: 0.57933144939099024, EAO: 0.309
Trial 1422 finished with value: 0.3088903726306871 and parameters: {'window_influence': 0.1909988027570402, 'penalty_k': 0.24483069241199895, 'scale_lr': 0.5793314493909902}. Best is trial 62 with value: 0.3726749919963718.
checkpoint_e29 window_influence: 0.33780637430408461, penalty_k: 0.29763739064919126, scale_lr: 0.14022138454612079, EAO: 0.313
Trial 1423 finished with value: 0.3127415599410172 and parameters: {'window_influence': 0.3378063743040846, 'penalty_k': 0.29763739064919126, 'scale_lr': 0.1402213845461208}. Best is trial 62 with value: 0.3726749919963718.
checkpoint_e29 window_influence: 0.53064312793059831, penalty_k: 0.37083510769162548, scale_lr: 0.22075035390179740, EAO: 0.294
Trial 1424 finished with value: 0.2939974768268459 and parameters: {'window_influence': 0.5306431279305983, 'penalty_k': 0.3708351076916255, 'scale_lr': 0.2207503539017974}. Best is trial 62 with value: 0.3726749919963718.
checkpoint_e29 window_influence: 0.57815737977884485, penalty_k: 0.26421259391101365, scale_lr: 0.17419630046732529, EAO: 0.269
Trial 1425 finished with value: 0.2692434798766667 and parameters: {'window_influence': 0.5781573797788448, 'penalty_k': 0.26421259391101365, 'scale_lr': 0.1741963004673253}. Best is trial 62 with value: 0.3726749919963718.
checkpoint_e29 window_influence: 0.51060138884203576, penalty_k: 0.44267668798104182, scale_lr: 0.28786033820662349, EAO: 0.305
