Trial 1524 finished with value: 0.31015288777620414 and parameters: {'window_influence': 0.32546027867204147, 'penalty_k': 0.04060156458199452, 'scale_lr': 0.4283366169163858}. Best is trial 896 with value: 0.3777425812144224.
checkpoint_e33 window_influence: 0.53014910238072754, penalty_k: 0.30374761204856338, scale_lr: 0.47860282848012820, EAO: 0.291
Trial 1525 finished with value: 0.2910120317328301 and parameters: {'window_influence': 0.5301491023807275, 'penalty_k': 0.3037476120485634, 'scale_lr': 0.4786028284801282}. Best is trial 896 with value: 0.3777425812144224.
checkpoint_e33 window_influence: 0.49106131154863747, penalty_k: 0.34755754755782919, scale_lr: 0.54135841727221501, EAO: 0.311
Trial 1526 finished with value: 0.3113991419281013 and parameters: {'window_influence': 0.49106131154863747, 'penalty_k': 0.3475575475578292, 'scale_lr': 0.541358417272215}. Best is trial 896 with value: 0.3777425812144224.
checkpoint_e33 window_influence: 0.40073838207522006, penalty_k: 0.07572333227036931, scale_lr: 0.57012665707771970, EAO: 0.332
Trial 1527 finished with value: 0.3323699121113417 and parameters: {'window_influence': 0.40073838207522006, 'penalty_k': 0.07572333227036931, 'scale_lr': 0.5701266570777197}. Best is trial 896 with value: 0.3777425812144224.
checkpoint_e33 window_influence: 0.18949006422669179, penalty_k: 0.00766430420162727, scale_lr: 0.63675374082524361, EAO: 0.293
Trial 1528 finished with value: 0.29304322310458825 and parameters: {'window_influence': 0.1894900642266918, 'penalty_k': 0.007664304201627271, 'scale_lr': 0.6367537408252436}. Best is trial 896 with value: 0.3777425812144224.
checkpoint_e33 window_influence: 0.50513075810934194, penalty_k: 0.22131199004436072, scale_lr: 0.78943895288105315, EAO: 0.298
Trial 1529 finished with value: 0.2983118334516941 and parameters: {'window_influence': 0.5051307581093419, 'penalty_k': 0.22131199004436072, 'scale_lr': 0.7894389528810531}. Best is trial 896 with value: 0.3777425812144224.
checkpoint_e33 window_influence: 0.42713625673799926, penalty_k: 0.00029037815917653, scale_lr: 0.38556036846326924, EAO: 0.324
Trial 1530 finished with value: 0.3240849055668723 and parameters: {'window_influence': 0.42713625673799926, 'penalty_k': 0.000290378159176527, 'scale_lr': 0.38556036846326924}. Best is trial 896 with value: 0.3777425812144224.
checkpoint_e33 window_influence: 0.10449577662442050, penalty_k: 0.11949999880247864, scale_lr: 0.74209490020731017, EAO: 0.275
Trial 1531 finished with value: 0.2749138359661696 and parameters: {'window_influence': 0.1044957766244205, 'penalty_k': 0.11949999880247864, 'scale_lr': 0.7420949002073102}. Best is trial 896 with value: 0.3777425812144224.
checkpoint_e33 window_influence: 0.46594774224244206, penalty_k: 0.33850142160912383, scale_lr: 0.50736612156641436, EAO: 0.332
Trial 1532 finished with value: 0.3323858169266222 and parameters: {'window_influence': 0.46594774224244206, 'penalty_k': 0.33850142160912383, 'scale_lr': 0.5073661215664144}. Best is trial 896 with value: 0.3777425812144224.
checkpoint_e33 window_influence: 0.48065286367994570, penalty_k: 0.05484927037857323, scale_lr: 0.41074629810287261, EAO: 0.352
Trial 1533 finished with value: 0.3522971332768986 and parameters: {'window_influence': 0.4806528636799457, 'penalty_k': 0.054849270378573234, 'scale_lr': 0.4107462981028726}. Best is trial 896 with value: 0.3777425812144224.
checkpoint_e33 window_influence: 0.44583050201298219, penalty_k: 0.02593044484133638, scale_lr: 0.30152779669998414, EAO: 0.344
Trial 1534 finished with value: 0.3439727878988021 and parameters: {'window_influence': 0.4458305020129822, 'penalty_k': 0.02593044484133638, 'scale_lr': 0.30152779669998414}. Best is trial 896 with value: 0.3777425812144224.
checkpoint_e33 window_influence: 0.51689864549395037, penalty_k: 0.13411953505694135, scale_lr: 0.55180194261990545, EAO: 0.329
Trial 1535 finished with value: 0.32934855521884876 and parameters: {'window_influence': 0.5168986454939504, 'penalty_k': 0.13411953505694135, 'scale_lr': 0.5518019426199055}. Best is trial 896 with value: 0.3777425812144224.
checkpoint_e33 window_influence: 0.15642113939064667, penalty_k: 0.08691860649509819, scale_lr: 0.59089334770643964, EAO: 0.273
Trial 1536 finished with value: 0.2731022096677513 and parameters: {'window_influence': 0.15642113939064667, 'penalty_k': 0.0869186064950982, 'scale_lr': 0.5908933477064396}. Best is trial 896 with value: 0.3777425812144224.
checkpoint_e33 window_influence: 0.08100882903721768, penalty_k: 0.06549657022843738, scale_lr: 0.66545706958579698, EAO: 0.247
Trial 1537 finished with value: 0.24749166103884404 and parameters: {'window_influence': 0.08100882903721768, 'penalty_k': 0.06549657022843738, 'scale_lr': 0.665457069585797}. Best is trial 896 with value: 0.3777425812144224.
checkpoint_e33 window_influence: 0.14254493675943983, penalty_k: 0.18942665841206194, scale_lr: 0.36237411222848065, EAO: 0.271
Trial 1538 finished with value: 0.27075064054722914 and parameters: {'window_influence': 0.14254493675943983, 'penalty_k': 0.18942665841206194, 'scale_lr': 0.36237411222848065}. Best is trial 896 with value: 0.3777425812144224.
checkpoint_e33 window_influence: 0.49665372627568222, penalty_k: 0.04376450480512317, scale_lr: 0.27113283038250818, EAO: 0.350
Trial 1539 finished with value: 0.34964277006772704 and parameters: {'window_influence': 0.4966537262756822, 'penalty_k': 0.04376450480512317, 'scale_lr': 0.2711328303825082}. Best is trial 896 with value: 0.3777425812144224.
checkpoint_e33 window_influence: 0.47392996238779878, penalty_k: 0.01613883453102313, scale_lr: 0.46152967067573447, EAO: 0.356
Trial 1540 finished with value: 0.3560075792357152 and parameters: {'window_influence': 0.4739299623877988, 'penalty_k': 0.01613883453102313, 'scale_lr': 0.46152967067573447}. Best is trial 896 with value: 0.3777425812144224.
checkpoint_e33 window_influence: 0.16611455246972490, penalty_k: 0.20131871389662970, scale_lr: 0.10173178885008921, EAO: 0.271
Trial 1541 finished with value: 0.27141086467277215 and parameters: {'window_influence': 0.1661145524697249, 'penalty_k': 0.2013187138966297, 'scale_lr': 0.10173178885008921}. Best is trial 896 with value: 0.3777425812144224.
checkpoint_e33 window_influence: 0.21521575666575704, penalty_k: 0.07420779688539619, scale_lr: 0.18675394762376424, EAO: 0.297
Trial 1542 finished with value: 0.29746167819787556 and parameters: {'window_influence': 0.21521575666575704, 'penalty_k': 0.0742077968853962, 'scale_lr': 0.18675394762376424}. Best is trial 896 with value: 0.3777425812144224.
checkpoint_e33 window_influence: 0.54141633911198950, penalty_k: 0.48880068728005011, scale_lr: 0.52469392807447091, EAO: 0.294
Trial 1543 finished with value: 0.2937960115040323 and parameters: {'window_influence': 0.5414163391119895, 'penalty_k': 0.4888006872800501, 'scale_lr': 0.5246939280744709}. Best is trial 896 with value: 0.3777425812144224.
checkpoint_e33 window_influence: 0.48640697645354675, penalty_k: 0.33356647830262359, scale_lr: 0.75806890258478887, EAO: 0.314
Trial 1544 finished with value: 0.3135477600162595 and parameters: {'window_influence': 0.48640697645354675, 'penalty_k': 0.3335664783026236, 'scale_lr': 0.7580689025847889}. Best is trial 896 with value: 0.3777425812144224.
checkpoint_e33 window_influence: 0.17641720450310494, penalty_k: 0.14344192087941249, scale_lr: 0.33065722111054768, EAO: 0.281
Trial 1545 finished with value: 0.280551708220044 and parameters: {'window_influence': 0.17641720450310494, 'penalty_k': 0.1434419208794125, 'scale_lr': 0.3306572211105477}. Best is trial 896 with value: 0.3777425812144224.
checkpoint_e33 window_influence: 0.46493601324386907, penalty_k: 0.21382861822363383, scale_lr: 0.18006234005049190, EAO: 0.326
Trial 1546 finished with value: 0.32590861838847285 and parameters: {'window_influence': 0.4649360132438691, 'penalty_k': 0.21382861822363383, 'scale_lr': 0.1800623400504919}. Best is trial 896 with value: 0.3777425812144224.
checkpoint_e33 window_influence: 0.43433679872878916, penalty_k: 0.27003160243656416, scale_lr: 0.24533367845614612, EAO: 0.340
Trial 1547 finished with value: 0.3402597821872058 and parameters: {'window_influence': 0.43433679872878916, 'penalty_k': 0.27003160243656416, 'scale_lr': 0.24533367845614612}. Best is trial 896 with value: 0.3777425812144224.
checkpoint_e33 window_influence: 0.27473251920871278, penalty_k: 0.38946703713588809, scale_lr: 0.72535470059621343, EAO: 0.291
Trial 1548 finished with value: 0.2908759195401047 and parameters: {'window_influence': 0.2747325192087128, 'penalty_k': 0.3894670371358881, 'scale_lr': 0.7253547005962134}. Best is trial 896 with value: 0.3777425812144224.
checkpoint_e33 window_influence: 0.63692887430080414, penalty_k: 0.03284206984584811, scale_lr: 0.44288845973278634, EAO: 0.244
Trial 1549 finished with value: 0.2437799289996522 and parameters: {'window_influence': 0.6369288743008041, 'penalty_k': 0.03284206984584811, 'scale_lr': 0.44288845973278634}. Best is trial 896 with value: 0.3777425812144224.
checkpoint_e33 window_influence: 0.45395702334130167, penalty_k: 0.42341279199025172, scale_lr: 0.49704972134709696, EAO: 0.327
Trial 1550 finished with value: 0.32679634868866736 and parameters: {'window_influence': 0.45395702334130167, 'penalty_k': 0.4234127919902517, 'scale_lr': 0.49704972134709696}. Best is trial 896 with value: 0.3777425812144224.
checkpoint_e33 window_influence: 0.50046657968628017, penalty_k: 0.29295166175464976, scale_lr: 0.70515260121850376, EAO: 0.301
Trial 1551 finished with value: 0.30056224328534614 and parameters: {'window_influence': 0.5004665796862802, 'penalty_k': 0.29295166175464976, 'scale_lr': 0.7051526012185038}. Best is trial 896 with value: 0.3777425812144224.
checkpoint_e33 window_influence: 0.41570553748694716, penalty_k: 0.16788385349446436, scale_lr: 0.61651484325712202, EAO: 0.338
Trial 1552 finished with value: 0.33844929910355503 and parameters: {'window_influence': 0.41570553748694716, 'penalty_k': 0.16788385349446436, 'scale_lr': 0.616514843257122}. Best is trial 896 with value: 0.3777425812144224.
checkpoint_e33 window_influence: 0.09526957772026212, penalty_k: 0.05667143153309455, scale_lr: 0.47695830964094593, EAO: 0.261
Trial 1553 finished with value: 0.2606757300605106 and parameters: {'window_influence': 0.09526957772026212, 'penalty_k': 0.05667143153309455, 'scale_lr': 0.47695830964094593}. Best is trial 896 with value: 0.3777425812144224.
checkpoint_e33 window_influence: 0.48324273160120179, penalty_k: 0.56568614599659894, scale_lr: 0.68761319627898487, EAO: 0.289
Trial 1554 finished with value: 0.2886667554248632 and parameters: {'window_influence': 0.4832427316012018, 'penalty_k': 0.5656861459965989, 'scale_lr': 0.6876131962789849}. Best is trial 896 with value: 0.3777425812144224.
checkpoint_e33 window_influence: 0.51394121554884209, penalty_k: 0.10245234418099303, scale_lr: 0.57526602333150101, EAO: 0.334
Trial 1555 finished with value: 0.3340812448397685 and parameters: {'window_influence': 0.5139412155488421, 'penalty_k': 0.10245234418099303, 'scale_lr': 0.575266023331501}. Best is trial 896 with value: 0.3777425812144224.
checkpoint_e33 window_influence: 0.39037539636460716, penalty_k: 0.12683269886907292, scale_lr: 0.25347853145300436, EAO: 0.309
Trial 1556 finished with value: 0.30892221264338215 and parameters: {'window_influence': 0.39037539636460716, 'penalty_k': 0.12683269886907292, 'scale_lr': 0.25347853145300436}. Best is trial 896 with value: 0.3777425812144224.
checkpoint_e33 window_influence: 0.35226731202001699, penalty_k: 0.18173666232118979, scale_lr: 0.16065406630836615, EAO: 0.325
Trial 1557 finished with value: 0.32478483670648434 and parameters: {'window_influence': 0.352267312020017, 'penalty_k': 0.1817366623211898, 'scale_lr': 0.16065406630836615}. Best is trial 896 with value: 0.3777425812144224.
checkpoint_e33 window_influence: 0.24213269432979972, penalty_k: 0.01723867339320762, scale_lr: 0.77950585471672029, EAO: 0.308
Trial 1558 finished with value: 0.30756367621254826 and parameters: {'window_influence': 0.24213269432979972, 'penalty_k': 0.017238673393207615, 'scale_lr': 0.7795058547167203}. Best is trial 896 with value: 0.3777425812144224.
checkpoint_e33 window_influence: 0.46094527849231010, penalty_k: 0.05184612457554709, scale_lr: 0.40284378678270494, EAO: 0.341
Trial 1559 finished with value: 0.34082404579170017 and parameters: {'window_influence': 0.4609452784923101, 'penalty_k': 0.05184612457554709, 'scale_lr': 0.40284378678270494}. Best is trial 896 with value: 0.3777425812144224.
checkpoint_e33 window_influence: 0.44739352642498792, penalty_k: 0.08499571212057477, scale_lr: 0.34919817631918859, EAO: 0.338
Trial 1560 finished with value: 0.3381761513099596 and parameters: {'window_influence': 0.4473935264249879, 'penalty_k': 0.08499571212057477, 'scale_lr': 0.3491981763191886}. Best is trial 896 with value: 0.3777425812144224.
checkpoint_e33 window_influence: 0.47329366598960876, penalty_k: 0.03709516806393431, scale_lr: 0.64944586760816514, EAO: 0.361
Trial 1561 finished with value: 0.3610394311786162 and parameters: {'window_influence': 0.47329366598960876, 'penalty_k': 0.03709516806393431, 'scale_lr': 0.6494458676081651}. Best is trial 896 with value: 0.3777425812144224.
checkpoint_e33 window_influence: 0.49037913259270677, penalty_k: 0.51781606841821914, scale_lr: 0.64925488571501122, EAO: 0.299
Trial 1562 finished with value: 0.29860800777195956 and parameters: {'window_influence': 0.49037913259270677, 'penalty_k': 0.5178160684182191, 'scale_lr': 0.6492548857150112}. Best is trial 896 with value: 0.3777425812144224.
checkpoint_e33 window_influence: 0.24594539483949812, penalty_k: 0.16020098787476189, scale_lr: 0.62937416488919518, EAO: 0.298
Trial 1563 finished with value: 0.2983673700214824 and parameters: {'window_influence': 0.24594539483949812, 'penalty_k': 0.1602009878747619, 'scale_lr': 0.6293741648891952}. Best is trial 896 with value: 0.3777425812144224.
checkpoint_e33 window_influence: 0.22643055679155685, penalty_k: 0.35217345362361518, scale_lr: 0.64274348286595950, EAO: 0.298
Trial 1564 finished with value: 0.2975690541680221 and parameters: {'window_influence': 0.22643055679155685, 'penalty_k': 0.3521734536236152, 'scale_lr': 0.6427434828659595}. Best is trial 896 with value: 0.3777425812144224.
checkpoint_e33 window_influence: 0.47570124530908120, penalty_k: 0.37694054201832167, scale_lr: 0.63908237986303718, EAO: 0.319
Trial 1565 finished with value: 0.31930513958290857 and parameters: {'window_influence': 0.4757012453090812, 'penalty_k': 0.37694054201832167, 'scale_lr': 0.6390823798630372}. Best is trial 896 with value: 0.3777425812144224.
checkpoint_e33 window_influence: 0.30121312970945435, penalty_k: 0.21122763965919150, scale_lr: 0.65513804377013729, EAO: 0.295
Trial 1566 finished with value: 0.29496189273516954 and parameters: {'window_influence': 0.30121312970945435, 'penalty_k': 0.2112276396591915, 'scale_lr': 0.6551380437701373}. Best is trial 896 with value: 0.3777425812144224.
checkpoint_e33 window_influence: 0.50341517591550466, penalty_k: 0.11365304151968147, scale_lr: 0.61900179441678982, EAO: 0.342
Trial 1567 finished with value: 0.34177598774665063 and parameters: {'window_influence': 0.5034151759155047, 'penalty_k': 0.11365304151968147, 'scale_lr': 0.6190017944167898}. Best is trial 896 with value: 0.3777425812144224.
checkpoint_e33 window_influence: 0.33685740967486211, penalty_k: 0.23496313519966408, scale_lr: 0.65930520727072461, EAO: 0.295
Trial 1568 finished with value: 0.2949022001329563 and parameters: {'window_influence': 0.3368574096748621, 'penalty_k': 0.23496313519966408, 'scale_lr': 0.6593052072707246}. Best is trial 896 with value: 0.3777425812144224.
checkpoint_e33 window_influence: 0.48848930093923171, penalty_k: 0.07146921903734477, scale_lr: 0.60810780481910431, EAO: 0.341
Trial 1569 finished with value: 0.340597774152162 and parameters: {'window_influence': 0.4884893009392317, 'penalty_k': 0.07146921903734477, 'scale_lr': 0.6081078048191043}. Best is trial 896 with value: 0.3777425812144224.
checkpoint_e33 window_influence: 0.47532825164071552, penalty_k: 0.14195098576848070, scale_lr: 0.63002782432811655, EAO: 0.335
Trial 1570 finished with value: 0.33483885512741624 and parameters: {'window_influence': 0.4753282516407155, 'penalty_k': 0.1419509857684807, 'scale_lr': 0.6300278243281165}. Best is trial 896 with value: 0.3777425812144224.
checkpoint_e33 window_influence: 0.50904272211142820, penalty_k: 0.36642342034955933, scale_lr: 0.63894546472296787, EAO: 0.291
Trial 1571 finished with value: 0.2913748270574711 and parameters: {'window_influence': 0.5090427221114282, 'penalty_k': 0.3664234203495593, 'scale_lr': 0.6389454647229679}. Best is trial 896 with value: 0.3777425812144224.
checkpoint_e33 window_influence: 0.49456483917309446, penalty_k: 0.45520779066315564, scale_lr: 0.66641625362477608, EAO: 0.290
Trial 1572 finished with value: 0.2900658180277635 and parameters: {'window_influence': 0.49456483917309446, 'penalty_k': 0.45520779066315564, 'scale_lr': 0.6664162536247761}. Best is trial 896 with value: 0.3777425812144224.
checkpoint_e33 window_influence: 0.52860093290028110, penalty_k: 0.59433218035022217, scale_lr: 0.65472617551338308, EAO: 0.292
Trial 1573 finished with value: 0.2917098340357324 and parameters: {'window_influence': 0.5286009329002811, 'penalty_k': 0.5943321803502222, 'scale_lr': 0.6547261755133831}. Best is trial 896 with value: 0.3777425812144224.
checkpoint_e33 window_influence: 0.47227730334100271, penalty_k: 0.02528800963067523, scale_lr: 0.79592059085199884, EAO: 0.341
Trial 1574 finished with value: 0.34101908935183217 and parameters: {'window_influence': 0.4722773033410027, 'penalty_k': 0.025288009630675234, 'scale_lr': 0.7959205908519988}. Best is trial 896 with value: 0.3777425812144224.
checkpoint_e33 window_influence: 0.48170980662764851, penalty_k: 0.09696490007122065, scale_lr: 0.60628791881153399, EAO: 0.328
Trial 1575 finished with value: 0.32764706885304434 and parameters: {'window_influence': 0.4817098066276485, 'penalty_k': 0.09696490007122065, 'scale_lr': 0.606287918811534}. Best is trial 896 with value: 0.3777425812144224.
checkpoint_e33 window_influence: 0.07469380726062202, penalty_k: 0.00044928593955695, scale_lr: 0.67389564224263676, EAO: 0.252
Trial 1576 finished with value: 0.25242954167874404 and parameters: {'window_influence': 0.07469380726062202, 'penalty_k': 0.00044928593955695373, 'scale_lr': 0.6738956422426368}. Best is trial 896 with value: 0.3777425812144224.
checkpoint_e33 window_influence: 0.55393977946717898, penalty_k: 0.43552934959727085, scale_lr: 0.62712529666628536, EAO: 0.272
Trial 1577 finished with value: 0.2716376207450021 and parameters: {'window_influence': 0.553939779467179, 'penalty_k': 0.43552934959727085, 'scale_lr': 0.6271252966662854}. Best is trial 896 with value: 0.3777425812144224.
checkpoint_e33 window_influence: 0.46588121101083235, penalty_k: 0.04553943246996087, scale_lr: 0.64549342375181007, EAO: 0.343
Trial 1578 finished with value: 0.3433627349393377 and parameters: {'window_influence': 0.46588121101083235, 'penalty_k': 0.04553943246996087, 'scale_lr': 0.6454934237518101}. Best is trial 896 with value: 0.3777425812144224.
checkpoint_e33 window_influence: 0.49892722722926902, penalty_k: 0.25114369652015073, scale_lr: 0.42402544666475583, EAO: 0.337
Trial 1579 finished with value: 0.3365251132022546 and parameters: {'window_influence': 0.498927227229269, 'penalty_k': 0.2511436965201507, 'scale_lr': 0.42402544666475583}. Best is trial 896 with value: 0.3777425812144224.
checkpoint_e33 window_influence: 0.48564851973419720, penalty_k: 0.27799214911216952, scale_lr: 0.59150214721236027, EAO: 0.316
Trial 1580 finished with value: 0.315668558042337 and parameters: {'window_influence': 0.4856485197341972, 'penalty_k': 0.2779921491121695, 'scale_lr': 0.5915021472123603}. Best is trial 896 with value: 0.3777425812144224.
checkpoint_e33 window_influence: 0.52413958094937230, penalty_k: 0.17400112298550494, scale_lr: 0.11780862382091635, EAO: 0.314
Trial 1581 finished with value: 0.31423588955216836 and parameters: {'window_influence': 0.5241395809493723, 'penalty_k': 0.17400112298550494, 'scale_lr': 0.11780862382091635}. Best is trial 896 with value: 0.3777425812144224.
checkpoint_e33 window_influence: 0.31625456694545551, penalty_k: 0.19150386676512068, scale_lr: 0.45602458822318936, EAO: 0.315
Trial 1582 finished with value: 0.31520119065904434 and parameters: {'window_influence': 0.3162545669454555, 'penalty_k': 0.19150386676512068, 'scale_lr': 0.45602458822318936}. Best is trial 896 with value: 0.3777425812144224.
checkpoint_e33 window_influence: 0.12575007461576385, penalty_k: 0.06180474859294991, scale_lr: 0.76241857704610838, EAO: 0.262
Trial 1583 finished with value: 0.2620622070383005 and parameters: {'window_influence': 0.12575007461576385, 'penalty_k': 0.06180474859294991, 'scale_lr': 0.7624185770461084}. Best is trial 896 with value: 0.3777425812144224.
checkpoint_e33 window_influence: 0.50904171602447856, penalty_k: 0.45789823426034260, scale_lr: 0.62192236986331162, EAO: 0.277
Trial 1584 finished with value: 0.2767120977783945 and parameters: {'window_influence': 0.5090417160244786, 'penalty_k': 0.4578982342603426, 'scale_lr': 0.6219223698633116}. Best is trial 896 with value: 0.3777425812144224.
checkpoint_e33 window_influence: 0.47145700045125821, penalty_k: 0.22796840428828152, scale_lr: 0.49184526198004663, EAO: 0.332
Trial 1585 finished with value: 0.33216205935070026 and parameters: {'window_influence': 0.4714570004512582, 'penalty_k': 0.22796840428828152, 'scale_lr': 0.49184526198004663}. Best is trial 896 with value: 0.3777425812144224.
checkpoint_e33 window_influence: 0.56761965538990755, penalty_k: 0.01338337207683866, scale_lr: 0.66633798625372598, EAO: 0.287
