Trial 248 finished with value: 0.3162096192632668 and parameters: {'window_influence': 0.4561886227322423, 'penalty_k': 0.11604649701198094, 'scale_lr': 0.34128422496684646}. Best is trial 128 with value: 0.3574732866732527.
checkpoint_e16 window_influence: 0.43500082381042526, penalty_k: 0.13787030117984042, scale_lr: 0.30668215880791244, EAO: 0.341
Trial 249 finished with value: 0.34120995710795954 and parameters: {'window_influence': 0.43500082381042526, 'penalty_k': 0.13787030117984042, 'scale_lr': 0.30668215880791244}. Best is trial 128 with value: 0.3574732866732527.
checkpoint_e16 window_influence: 0.42971787116861138, penalty_k: 0.13584548075232319, scale_lr: 0.31031813729898433, EAO: 0.330
Trial 250 finished with value: 0.32967646704109727 and parameters: {'window_influence': 0.4297178711686114, 'penalty_k': 0.1358454807523232, 'scale_lr': 0.31031813729898433}. Best is trial 128 with value: 0.3574732866732527.
checkpoint_e16 window_influence: 0.44154175276762042, penalty_k: 0.14177116828170228, scale_lr: 0.29982800143114802, EAO: 0.324
Trial 251 finished with value: 0.32447857029938976 and parameters: {'window_influence': 0.4415417527676204, 'penalty_k': 0.14177116828170228, 'scale_lr': 0.299828001431148}. Best is trial 128 with value: 0.3574732866732527.
checkpoint_e16 window_influence: 0.42149013624911030, penalty_k: 0.15603293278858726, scale_lr: 0.31765878981217754, EAO: 0.323
Trial 252 finished with value: 0.3229494907164852 and parameters: {'window_influence': 0.4214901362491103, 'penalty_k': 0.15603293278858726, 'scale_lr': 0.31765878981217754}. Best is trial 128 with value: 0.3574732866732527.
checkpoint_e16 window_influence: 0.45976077382730840, penalty_k: 0.12491241390839064, scale_lr: 0.34986305904887971, EAO: 0.335
Trial 253 finished with value: 0.33473303200901716 and parameters: {'window_influence': 0.4597607738273084, 'penalty_k': 0.12491241390839064, 'scale_lr': 0.3498630590488797}. Best is trial 128 with value: 0.3574732866732527.
checkpoint_e16 window_influence: 0.26431016959009801, penalty_k: 0.36812759608817586, scale_lr: 0.29912551942159338, EAO: 0.292
Trial 254 finished with value: 0.29157461939154894 and parameters: {'window_influence': 0.264310169590098, 'penalty_k': 0.36812759608817586, 'scale_lr': 0.2991255194215934}. Best is trial 128 with value: 0.3574732866732527.
checkpoint_e16 window_influence: 0.08697631412890311, penalty_k: 0.13668026163351188, scale_lr: 0.32558748405986243, EAO: 0.260
Trial 255 finished with value: 0.25964808829331676 and parameters: {'window_influence': 0.08697631412890311, 'penalty_k': 0.13668026163351188, 'scale_lr': 0.32558748405986243}. Best is trial 128 with value: 0.3574732866732527.
checkpoint_e16 window_influence: 0.44913063533506598, penalty_k: 0.15153020724871380, scale_lr: 0.31029508100378839, EAO: 0.325
Trial 256 finished with value: 0.32526260852117944 and parameters: {'window_influence': 0.449130635335066, 'penalty_k': 0.1515302072487138, 'scale_lr': 0.3102950810037884}. Best is trial 128 with value: 0.3574732866732527.
checkpoint_e16 window_influence: 0.43426678984654543, penalty_k: 0.10961039030671413, scale_lr: 0.33541001189873410, EAO: 0.317
Trial 257 finished with value: 0.3174261179415632 and parameters: {'window_influence': 0.43426678984654543, 'penalty_k': 0.10961039030671413, 'scale_lr': 0.3354100118987341}. Best is trial 128 with value: 0.3574732866732527.
checkpoint_e16 window_influence: 0.45876547769715170, penalty_k: 0.15960706792717144, scale_lr: 0.29323464336655669, EAO: 0.328
Trial 258 finished with value: 0.32819733435309817 and parameters: {'window_influence': 0.4587654776971517, 'penalty_k': 0.15960706792717144, 'scale_lr': 0.2932346433665567}. Best is trial 128 with value: 0.3574732866732527.
checkpoint_e16 window_influence: 0.40926029664210128, penalty_k: 0.12968979853510529, scale_lr: 0.30807862024564608, EAO: 0.323
Trial 259 finished with value: 0.3226432919734183 and parameters: {'window_influence': 0.4092602966421013, 'penalty_k': 0.1296897985351053, 'scale_lr': 0.3080786202456461}. Best is trial 128 with value: 0.3574732866732527.
checkpoint_e16 window_influence: 0.44815191161443096, penalty_k: 0.28831138633861014, scale_lr: 0.32163551456941591, EAO: 0.321
Trial 260 finished with value: 0.3207294485216475 and parameters: {'window_influence': 0.44815191161443096, 'penalty_k': 0.28831138633861014, 'scale_lr': 0.3216355145694159}. Best is trial 128 with value: 0.3574732866732527.
checkpoint_e16 window_influence: 0.61020828975532093, penalty_k: 0.14339485822596951, scale_lr: 0.29220795342610373, EAO: 0.257
Trial 261 finished with value: 0.2567639992162875 and parameters: {'window_influence': 0.6102082897553209, 'penalty_k': 0.1433948582259695, 'scale_lr': 0.29220795342610373}. Best is trial 128 with value: 0.3574732866732527.
checkpoint_e16 window_influence: 0.46290273586623293, penalty_k: 0.11801449621157933, scale_lr: 0.34106152839535503, EAO: 0.335
Trial 262 finished with value: 0.3346996294037377 and parameters: {'window_influence': 0.46290273586623293, 'penalty_k': 0.11801449621157933, 'scale_lr': 0.34106152839535503}. Best is trial 128 with value: 0.3574732866732527.
checkpoint_e16 window_influence: 0.47878785132611529, penalty_k: 0.15819276515733879, scale_lr: 0.35371204370551584, EAO: 0.339
Trial 263 finished with value: 0.33921127328612927 and parameters: {'window_influence': 0.4787878513261153, 'penalty_k': 0.1581927651573388, 'scale_lr': 0.35371204370551584}. Best is trial 128 with value: 0.3574732866732527.
checkpoint_e16 window_influence: 0.47807288141172383, penalty_k: 0.00274110157858570, scale_lr: 0.36747930053111910, EAO: 0.311
Trial 264 finished with value: 0.31085071756218197 and parameters: {'window_influence': 0.4780728814117238, 'penalty_k': 0.002741101578585703, 'scale_lr': 0.3674793005311191}. Best is trial 128 with value: 0.3574732866732527.
checkpoint_e16 window_influence: 0.47780542293187900, penalty_k: 0.16078775159990497, scale_lr: 0.34739386236727871, EAO: 0.337
Trial 265 finished with value: 0.3371392598643841 and parameters: {'window_influence': 0.477805422931879, 'penalty_k': 0.16078775159990497, 'scale_lr': 0.3473938623672787}. Best is trial 128 with value: 0.3574732866732527.
checkpoint_e16 window_influence: 0.55925482690610018, penalty_k: 0.16143936051042532, scale_lr: 0.35472077225174498, EAO: 0.302
Trial 266 finished with value: 0.3020020899605658 and parameters: {'window_influence': 0.5592548269061002, 'penalty_k': 0.16143936051042532, 'scale_lr': 0.354720772251745}. Best is trial 128 with value: 0.3574732866732527.
checkpoint_e16 window_influence: 0.46773908313645052, penalty_k: 0.15519357485469057, scale_lr: 0.35120840776097062, EAO: 0.326
Trial 267 finished with value: 0.32621000278088835 and parameters: {'window_influence': 0.4677390831364505, 'penalty_k': 0.15519357485469057, 'scale_lr': 0.3512084077609706}. Best is trial 128 with value: 0.3574732866732527.
checkpoint_e16 window_influence: 0.48144064945972681, penalty_k: 0.48782163946255441, scale_lr: 0.33495912726372623, EAO: 0.276
Trial 268 finished with value: 0.2763274252298741 and parameters: {'window_influence': 0.4814406494597268, 'penalty_k': 0.4878216394625544, 'scale_lr': 0.33495912726372623}. Best is trial 128 with value: 0.3574732866732527.
checkpoint_e16 window_influence: 0.46339174578280584, penalty_k: 0.17072257259034063, scale_lr: 0.29922576209846341, EAO: 0.328
Trial 269 finished with value: 0.32755704102349187 and parameters: {'window_influence': 0.46339174578280584, 'penalty_k': 0.17072257259034063, 'scale_lr': 0.2992257620984634}. Best is trial 128 with value: 0.3574732866732527.
checkpoint_e16 window_influence: 0.47857671569924709, penalty_k: 0.14991785165633148, scale_lr: 0.18963339849170294, EAO: 0.340
Trial 270 finished with value: 0.3396182956630618 and parameters: {'window_influence': 0.4785767156992471, 'penalty_k': 0.14991785165633148, 'scale_lr': 0.18963339849170294}. Best is trial 128 with value: 0.3574732866732527.
checkpoint_e16 window_influence: 0.46227912730112419, penalty_k: 0.14719792799090722, scale_lr: 0.16187581892070135, EAO: 0.307
Trial 271 finished with value: 0.3072786551505211 and parameters: {'window_influence': 0.4622791273011242, 'penalty_k': 0.14719792799090722, 'scale_lr': 0.16187581892070135}. Best is trial 128 with value: 0.3574732866732527.
checkpoint_e16 window_influence: 0.36528959209315426, penalty_k: 0.14523880875125225, scale_lr: 0.19235687795813039, EAO: 0.304
Trial 272 finished with value: 0.303995478709848 and parameters: {'window_influence': 0.36528959209315426, 'penalty_k': 0.14523880875125225, 'scale_lr': 0.1923568779581304}. Best is trial 128 with value: 0.3574732866732527.
checkpoint_e16 window_influence: 0.43547045594719247, penalty_k: 0.12600347376736531, scale_lr: 0.28325347843080556, EAO: 0.338
Trial 273 finished with value: 0.3379586674128061 and parameters: {'window_influence': 0.43547045594719247, 'penalty_k': 0.12600347376736531, 'scale_lr': 0.28325347843080556}. Best is trial 128 with value: 0.3574732866732527.
checkpoint_e16 window_influence: 0.41875102440895740, penalty_k: 0.12494617880215111, scale_lr: 0.20201121764122296, EAO: 0.303
Trial 274 finished with value: 0.3029038015506611 and parameters: {'window_influence': 0.4187510244089574, 'penalty_k': 0.12494617880215111, 'scale_lr': 0.20201121764122296}. Best is trial 128 with value: 0.3574732866732527.
checkpoint_e16 window_influence: 0.43524440211369209, penalty_k: 0.10646090142954753, scale_lr: 0.17661321626755405, EAO: 0.333
Trial 275 finished with value: 0.33323312286968826 and parameters: {'window_influence': 0.4352444021136921, 'penalty_k': 0.10646090142954753, 'scale_lr': 0.17661321626755405}. Best is trial 128 with value: 0.3574732866732527.
checkpoint_e16 window_influence: 0.43044603925902108, penalty_k: 0.11548548236722218, scale_lr: 0.28385555555732389, EAO: 0.318
Trial 276 finished with value: 0.31826150637656336 and parameters: {'window_influence': 0.4304460392590211, 'penalty_k': 0.11548548236722218, 'scale_lr': 0.2838555555573239}. Best is trial 128 with value: 0.3574732866732527.
checkpoint_e16 window_influence: 0.45243140456215797, penalty_k: 0.13360268781386403, scale_lr: 0.22128732357816561, EAO: 0.326
Trial 277 finished with value: 0.32641786070185413 and parameters: {'window_influence': 0.45243140456215797, 'penalty_k': 0.13360268781386403, 'scale_lr': 0.2212873235781656}. Best is trial 128 with value: 0.3574732866732527.
checkpoint_e16 window_influence: 0.38962995974383263, penalty_k: 0.12420889458816455, scale_lr: 0.23601730004321922, EAO: 0.313
Trial 278 finished with value: 0.3127437031570576 and parameters: {'window_influence': 0.38962995974383263, 'penalty_k': 0.12420889458816455, 'scale_lr': 0.23601730004321922}. Best is trial 128 with value: 0.3574732866732527.
checkpoint_e16 window_influence: 0.48328963084962850, penalty_k: 0.14168741705946719, scale_lr: 0.32758701145877600, EAO: 0.338
Trial 279 finished with value: 0.3381502854452987 and parameters: {'window_influence': 0.4832896308496285, 'penalty_k': 0.1416874170594672, 'scale_lr': 0.327587011458776}. Best is trial 128 with value: 0.3574732866732527.
checkpoint_e16 window_influence: 0.41190470773941301, penalty_k: 0.14870572605564419, scale_lr: 0.32880719559427618, EAO: 0.328
Trial 280 finished with value: 0.3281282409735691 and parameters: {'window_influence': 0.411904707739413, 'penalty_k': 0.1487057260556442, 'scale_lr': 0.3288071955942762}. Best is trial 128 with value: 0.3574732866732527.
checkpoint_e16 window_influence: 0.44126150576601780, penalty_k: 0.17190391942931926, scale_lr: 0.32602419447116970, EAO: 0.333
Trial 281 finished with value: 0.3328031251634605 and parameters: {'window_influence': 0.4412615057660178, 'penalty_k': 0.17190391942931926, 'scale_lr': 0.3260241944711697}. Best is trial 128 with value: 0.3574732866732527.
checkpoint_e16 window_influence: 0.48659985665598571, penalty_k: 0.14197038476684967, scale_lr: 0.63760793906906110, EAO: 0.319
Trial 282 finished with value: 0.31942972865549973 and parameters: {'window_influence': 0.4865998566559857, 'penalty_k': 0.14197038476684967, 'scale_lr': 0.6376079390690611}. Best is trial 128 with value: 0.3574732866732527.
checkpoint_e16 window_influence: 0.45888695393054624, penalty_k: 0.41461085802380337, scale_lr: 0.31573932506516245, EAO: 0.291
Trial 283 finished with value: 0.29107208399225304 and parameters: {'window_influence': 0.45888695393054624, 'penalty_k': 0.4146108580238034, 'scale_lr': 0.31573932506516245}. Best is trial 128 with value: 0.3574732866732527.
checkpoint_e16 window_influence: 0.48436210879349173, penalty_k: 0.10056503805765196, scale_lr: 0.33883865145118730, EAO: 0.329
Trial 284 finished with value: 0.32941025066468504 and parameters: {'window_influence': 0.48436210879349173, 'penalty_k': 0.10056503805765196, 'scale_lr': 0.3388386514511873}. Best is trial 128 with value: 0.3574732866732527.
checkpoint_e16 window_influence: 0.42100457195716956, penalty_k: 0.15743585477199479, scale_lr: 0.18403306461748778, EAO: 0.313
Trial 285 finished with value: 0.3131310289240069 and parameters: {'window_influence': 0.42100457195716956, 'penalty_k': 0.1574358547719948, 'scale_lr': 0.18403306461748778}. Best is trial 128 with value: 0.3574732866732527.
checkpoint_e16 window_influence: 0.44525530033821203, penalty_k: 0.03918905813552306, scale_lr: 0.15266019828295890, EAO: 0.328
Trial 286 finished with value: 0.3283874840124108 and parameters: {'window_influence': 0.44525530033821203, 'penalty_k': 0.039189058135523064, 'scale_lr': 0.1526601982829589}. Best is trial 128 with value: 0.3574732866732527.
checkpoint_e16 window_influence: 0.39680526733593757, penalty_k: 0.17348229966581205, scale_lr: 0.19873061342842591, EAO: 0.297
Trial 287 finished with value: 0.2968807686627607 and parameters: {'window_influence': 0.3968052673359376, 'penalty_k': 0.17348229966581205, 'scale_lr': 0.1987306134284259}. Best is trial 128 with value: 0.3574732866732527.
checkpoint_e16 window_influence: 0.47496494135555045, penalty_k: 0.06053808695673183, scale_lr: 0.10790496577455388, EAO: 0.316
Trial 288 finished with value: 0.3163867974327696 and parameters: {'window_influence': 0.47496494135555045, 'penalty_k': 0.06053808695673183, 'scale_lr': 0.10790496577455388}. Best is trial 128 with value: 0.3574732866732527.
checkpoint_e16 window_influence: 0.46805544710243902, penalty_k: 0.14042722794233614, scale_lr: 0.58105254534025663, EAO: 0.322
Trial 289 finished with value: 0.32150288082746215 and parameters: {'window_influence': 0.468055447102439, 'penalty_k': 0.14042722794233614, 'scale_lr': 0.5810525453402566}. Best is trial 128 with value: 0.3574732866732527.
checkpoint_e16 window_influence: 0.43022531779228523, penalty_k: 0.11574146794557583, scale_lr: 0.36810881242415550, EAO: 0.339
Trial 290 finished with value: 0.3393451702501987 and parameters: {'window_influence': 0.43022531779228523, 'penalty_k': 0.11574146794557583, 'scale_lr': 0.3681088124241555}. Best is trial 128 with value: 0.3574732866732527.
checkpoint_e16 window_influence: 0.43619524344427124, penalty_k: 0.25441008647569163, scale_lr: 0.37326347556563455, EAO: 0.311
Trial 291 finished with value: 0.3107961641791266 and parameters: {'window_influence': 0.43619524344427124, 'penalty_k': 0.25441008647569163, 'scale_lr': 0.37326347556563455}. Best is trial 128 with value: 0.3574732866732527.
checkpoint_e16 window_influence: 0.42409115192058960, penalty_k: 0.33458066536305048, scale_lr: 0.35363535229502546, EAO: 0.317
Trial 292 finished with value: 0.31681061347634876 and parameters: {'window_influence': 0.4240911519205896, 'penalty_k': 0.3345806653630505, 'scale_lr': 0.35363535229502546}. Best is trial 128 with value: 0.3574732866732527.
checkpoint_e16 window_influence: 0.32044264221072066, penalty_k: 0.11676548776696917, scale_lr: 0.36477616024237614, EAO: 0.329
Trial 293 finished with value: 0.3286640283430597 and parameters: {'window_influence': 0.32044264221072066, 'penalty_k': 0.11676548776696917, 'scale_lr': 0.36477616024237614}. Best is trial 128 with value: 0.3574732866732527.
checkpoint_e16 window_influence: 0.45450233224121039, penalty_k: 0.10588224535123492, scale_lr: 0.31178350441754726, EAO: 0.319
Trial 294 finished with value: 0.31874615104745796 and parameters: {'window_influence': 0.4545023322412104, 'penalty_k': 0.10588224535123492, 'scale_lr': 0.31178350441754726}. Best is trial 128 with value: 0.3574732866732527.
checkpoint_e16 window_influence: 0.38004544590184963, penalty_k: 0.55493854796362818, scale_lr: 0.28279562578607875, EAO: 0.288
Trial 295 finished with value: 0.28758862127589807 and parameters: {'window_influence': 0.38004544590184963, 'penalty_k': 0.5549385479636282, 'scale_lr': 0.28279562578607875}. Best is trial 128 with value: 0.3574732866732527.
checkpoint_e16 window_influence: 0.34218727985588465, penalty_k: 0.07445184345279172, scale_lr: 0.53153366568270011, EAO: 0.309
Trial 296 finished with value: 0.3092198399138358 and parameters: {'window_influence': 0.34218727985588465, 'penalty_k': 0.07445184345279172, 'scale_lr': 0.5315336656827001}. Best is trial 128 with value: 0.3574732866732527.
checkpoint_e16 window_influence: 0.44006268479473287, penalty_k: 0.12683320438998619, scale_lr: 0.33737334332462632, EAO: 0.331
Trial 297 finished with value: 0.33101628767145286 and parameters: {'window_influence': 0.4400626847947329, 'penalty_k': 0.1268332043899862, 'scale_lr': 0.3373733433246263}. Best is trial 128 with value: 0.3574732866732527.
checkpoint_e16 window_influence: 0.50842653644521352, penalty_k: 0.08861084293213417, scale_lr: 0.35154445913541121, EAO: 0.305
Trial 298 finished with value: 0.30504826314254496 and parameters: {'window_influence': 0.5084265364452135, 'penalty_k': 0.08861084293213417, 'scale_lr': 0.3515444591354112}. Best is trial 128 with value: 0.3574732866732527.
checkpoint_e16 window_influence: 0.43084999890718434, penalty_k: 0.11441174511089792, scale_lr: 0.32232788445381344, EAO: 0.333
Trial 299 finished with value: 0.3327823701651644 and parameters: {'window_influence': 0.43084999890718434, 'penalty_k': 0.11441174511089792, 'scale_lr': 0.32232788445381344}. Best is trial 128 with value: 0.3574732866732527.
checkpoint_e16 window_influence: 0.40248735167274063, penalty_k: 0.15133938113593287, scale_lr: 0.30599991842564206, EAO: 0.329
Trial 300 finished with value: 0.32886854219993267 and parameters: {'window_influence': 0.40248735167274063, 'penalty_k': 0.15133938113593287, 'scale_lr': 0.30599991842564206}. Best is trial 128 with value: 0.3574732866732527.
checkpoint_e16 window_influence: 0.45348319988030306, penalty_k: 0.13232149651979916, scale_lr: 0.21876759510826121, EAO: 0.337
Trial 301 finished with value: 0.33728840529686743 and parameters: {'window_influence': 0.45348319988030306, 'penalty_k': 0.13232149651979916, 'scale_lr': 0.21876759510826121}. Best is trial 128 with value: 0.3574732866732527.
checkpoint_e16 window_influence: 0.49175395504571240, penalty_k: 0.29695720132770342, scale_lr: 0.28681317527002465, EAO: 0.310
Trial 302 finished with value: 0.3102260614067664 and parameters: {'window_influence': 0.4917539550457124, 'penalty_k': 0.2969572013277034, 'scale_lr': 0.28681317527002465}. Best is trial 128 with value: 0.3574732866732527.
checkpoint_e16 window_influence: 0.44562772365153080, penalty_k: 0.14161227803172766, scale_lr: 0.36278830744379037, EAO: 0.316
Trial 303 finished with value: 0.3161658364627148 and parameters: {'window_influence': 0.4456277236515308, 'penalty_k': 0.14161227803172766, 'scale_lr': 0.36278830744379037}. Best is trial 128 with value: 0.3574732866732527.
checkpoint_e16 window_influence: 0.46512553083989577, penalty_k: 0.12795400691639477, scale_lr: 0.32905451471616670, EAO: 0.311
Trial 304 finished with value: 0.3107366762504503 and parameters: {'window_influence': 0.4651255308398958, 'penalty_k': 0.12795400691639477, 'scale_lr': 0.3290545147161667}. Best is trial 128 with value: 0.3574732866732527.
checkpoint_e16 window_influence: 0.42020866607172458, penalty_k: 0.10090676547069669, scale_lr: 0.30588395509401345, EAO: 0.328
Trial 305 finished with value: 0.3280311719684749 and parameters: {'window_influence': 0.4202086660717246, 'penalty_k': 0.10090676547069669, 'scale_lr': 0.30588395509401345}. Best is trial 128 with value: 0.3574732866732527.
checkpoint_e16 window_influence: 0.48044631920383374, penalty_k: 0.15893616033726898, scale_lr: 0.27882559686980413, EAO: 0.354
Trial 306 finished with value: 0.35445145932153044 and parameters: {'window_influence': 0.48044631920383374, 'penalty_k': 0.15893616033726898, 'scale_lr': 0.2788255968698041}. Best is trial 128 with value: 0.3574732866732527.
checkpoint_e16 window_influence: 0.48654527767940248, penalty_k: 0.16026894369158146, scale_lr: 0.23660585933189060, EAO: 0.328
Trial 307 finished with value: 0.3275198097474844 and parameters: {'window_influence': 0.4865452776794025, 'penalty_k': 0.16026894369158146, 'scale_lr': 0.2366058593318906}. Best is trial 128 with value: 0.3574732866732527.
checkpoint_e16 window_influence: 0.50363793164688564, penalty_k: 0.15779950168147810, scale_lr: 0.33129578950319372, EAO: 0.304
Trial 308 finished with value: 0.3041455976462086 and parameters: {'window_influence': 0.5036379316468856, 'penalty_k': 0.1577995016814781, 'scale_lr': 0.3312957895031937}. Best is trial 128 with value: 0.3574732866732527.
checkpoint_e16 window_influence: 0.48299461830523238, penalty_k: 0.14883522010097616, scale_lr: 0.78389634843420608, EAO: 0.311
Trial 309 finished with value: 0.3106320758969867 and parameters: {'window_influence': 0.4829946183052324, 'penalty_k': 0.14883522010097616, 'scale_lr': 0.7838963484342061}. Best is trial 128 with value: 0.3574732866732527.
checkpoint_e16 window_influence: 0.46798745185340912, penalty_k: 0.16786843444481239, scale_lr: 0.34089970723590574, EAO: 0.317
