A new study created in memory with name: no-name-9fd56c85-2e18-445c-8e87-41757867d2d6
checkpoint_e29 window_influence: 0.52984170038584610, penalty_k: 0.06034273206778202, scale_lr: 0.45867326446309875, EAO: 0.322
Trial 0 finished with value: 0.3223629033171249 and parameters: {'window_influence': 0.5298417003858461, 'penalty_k': 0.06034273206778202, 'scale_lr': 0.45867326446309875}. Best is trial 0 with value: 0.3223629033171249.
checkpoint_e29 window_influence: 0.13460603833646459, penalty_k: 0.03724908984885824, scale_lr: 0.37984622775427879, EAO: 0.265
Trial 1 finished with value: 0.2650655641977889 and parameters: {'window_influence': 0.1346060383364646, 'penalty_k': 0.03724908984885824, 'scale_lr': 0.3798462277542788}. Best is trial 0 with value: 0.3223629033171249.
checkpoint_e29 window_influence: 0.31818625803936540, penalty_k: 0.34887813524838679, scale_lr: 0.77109763805975129, EAO: 0.331
Trial 2 finished with value: 0.3312424929225491 and parameters: {'window_influence': 0.3181862580393654, 'penalty_k': 0.3488781352483868, 'scale_lr': 0.7710976380597513}. Best is trial 2 with value: 0.3312424929225491.
checkpoint_e29 window_influence: 0.38791969736777876, penalty_k: 0.37282037043319294, scale_lr: 0.18520535396035154, EAO: 0.325
Trial 3 finished with value: 0.32480778779964964 and parameters: {'window_influence': 0.38791969736777876, 'penalty_k': 0.37282037043319294, 'scale_lr': 0.18520535396035154}. Best is trial 2 with value: 0.3312424929225491.
checkpoint_e29 window_influence: 0.64040647355822344, penalty_k: 0.57723999070810439, scale_lr: 0.27408108293709849, EAO: 0.240
Trial 4 finished with value: 0.23961478083282128 and parameters: {'window_influence': 0.6404064735582234, 'penalty_k': 0.5772399907081044, 'scale_lr': 0.2740810829370985}. Best is trial 2 with value: 0.3312424929225491.
checkpoint_e29 window_influence: 0.40663926163143949, penalty_k: 0.05713162925591594, scale_lr: 0.28406935265967914, EAO: 0.329
Trial 5 finished with value: 0.32912834817797293 and parameters: {'window_influence': 0.4066392616314395, 'penalty_k': 0.057131629255915944, 'scale_lr': 0.28406935265967914}. Best is trial 2 with value: 0.3312424929225491.
checkpoint_e29 window_influence: 0.10058262236631985, penalty_k: 0.57670418638642396, scale_lr: 0.21907913863437267, EAO: 0.231
Trial 6 finished with value: 0.2312116984147506 and parameters: {'window_influence': 0.10058262236631985, 'penalty_k': 0.576704186386424, 'scale_lr': 0.21907913863437267}. Best is trial 2 with value: 0.3312424929225491.
checkpoint_e29 window_influence: 0.15892007506130557, penalty_k: 0.59692044336784678, scale_lr: 0.63225533096486730, EAO: 0.261
Trial 7 finished with value: 0.26115867327391407 and parameters: {'window_influence': 0.15892007506130557, 'penalty_k': 0.5969204433678468, 'scale_lr': 0.6322553309648673}. Best is trial 2 with value: 0.3312424929225491.
checkpoint_e29 window_influence: 0.38126952676587278, penalty_k: 0.10444168653579751, scale_lr: 0.36247818790900488, EAO: 0.320
Trial 8 finished with value: 0.3204769405177595 and parameters: {'window_influence': 0.3812695267658728, 'penalty_k': 0.10444168653579751, 'scale_lr': 0.3624781879090049}. Best is trial 2 with value: 0.3312424929225491.
checkpoint_e29 window_influence: 0.41306404909286515, penalty_k: 0.43805536719445742, scale_lr: 0.41422093276379413, EAO: 0.311
Trial 9 finished with value: 0.3114751502001796 and parameters: {'window_influence': 0.41306404909286515, 'penalty_k': 0.4380553671944574, 'scale_lr': 0.4142209327637941}. Best is trial 2 with value: 0.3312424929225491.
checkpoint_e29 window_influence: 0.24784715503381063, penalty_k: 0.22955271395535681, scale_lr: 0.79550220523967952, EAO: 0.314
Trial 10 finished with value: 0.31391816403615336 and parameters: {'window_influence': 0.24784715503381063, 'penalty_k': 0.2295527139553568, 'scale_lr': 0.7955022052396795}. Best is trial 2 with value: 0.3312424929225491.
checkpoint_e29 window_influence: 0.27537696844142429, penalty_k: 0.20319411552302424, scale_lr: 0.10574419151310571, EAO: 0.299
Trial 11 finished with value: 0.29886392895349734 and parameters: {'window_influence': 0.2753769684414243, 'penalty_k': 0.20319411552302424, 'scale_lr': 0.10574419151310571}. Best is trial 2 with value: 0.3312424929225491.
checkpoint_e29 window_influence: 0.30061218751147600, penalty_k: 0.29279795144608128, scale_lr: 0.56741269680876538, EAO: 0.296
Trial 12 finished with value: 0.29607998078203385 and parameters: {'window_influence': 0.300612187511476, 'penalty_k': 0.2927979514460813, 'scale_lr': 0.5674126968087654}. Best is trial 2 with value: 0.3312424929225491.
checkpoint_e29 window_influence: 0.47373485613047950, penalty_k: 0.15660893585091237, scale_lr: 0.78621851933151554, EAO: 0.328
Trial 13 finished with value: 0.3277472671019892 and parameters: {'window_influence': 0.4737348561304795, 'penalty_k': 0.15660893585091237, 'scale_lr': 0.7862185193315155}. Best is trial 2 with value: 0.3312424929225491.
checkpoint_e29 window_influence: 0.22701142145104278, penalty_k: 0.03532495296550027, scale_lr: 0.68224115514708428, EAO: 0.308
Trial 14 finished with value: 0.30790286032838116 and parameters: {'window_influence': 0.22701142145104278, 'penalty_k': 0.03532495296550027, 'scale_lr': 0.6822411551470843}. Best is trial 2 with value: 0.3312424929225491.
checkpoint_e29 window_influence: 0.33131295733141913, penalty_k: 0.14119521770504226, scale_lr: 0.52029305375239032, EAO: 0.316
Trial 15 finished with value: 0.3161860204044483 and parameters: {'window_influence': 0.33131295733141913, 'penalty_k': 0.14119521770504226, 'scale_lr': 0.5202930537523903}. Best is trial 2 with value: 0.3312424929225491.
checkpoint_e29 window_influence: 0.44816673871454166, penalty_k: 0.00502010199356667, scale_lr: 0.33298541625929257, EAO: 0.332
Trial 16 finished with value: 0.33233191241086224 and parameters: {'window_influence': 0.44816673871454166, 'penalty_k': 0.005020101993566672, 'scale_lr': 0.33298541625929257}. Best is trial 16 with value: 0.33233191241086224.
checkpoint_e29 window_influence: 0.21327148820254180, penalty_k: 0.28117195004547041, scale_lr: 0.48895355852929762, EAO: 0.283
Trial 17 finished with value: 0.2830775068195877 and parameters: {'window_influence': 0.2132714882025418, 'penalty_k': 0.2811719500454704, 'scale_lr': 0.4889535585292976}. Best is trial 16 with value: 0.33233191241086224.
checkpoint_e29 window_influence: 0.07076903711625904, penalty_k: 0.38157529896346354, scale_lr: 0.59572185782948106, EAO: 0.245
Trial 18 finished with value: 0.2448034603656034 and parameters: {'window_influence': 0.07076903711625904, 'penalty_k': 0.38157529896346354, 'scale_lr': 0.5957218578294811}. Best is trial 16 with value: 0.33233191241086224.
checkpoint_e29 window_influence: 0.29838641446083547, penalty_k: 0.00969328874199129, scale_lr: 0.69532528296688445, EAO: 0.306
Trial 19 finished with value: 0.30620712853591264 and parameters: {'window_influence': 0.29838641446083547, 'penalty_k': 0.009693288741991293, 'scale_lr': 0.6953252829668845}. Best is trial 16 with value: 0.33233191241086224.
checkpoint_e29 window_influence: 0.47834504555481816, penalty_k: 0.22147936861889428, scale_lr: 0.54861132647664623, EAO: 0.348
Trial 20 finished with value: 0.3475937991754554 and parameters: {'window_influence': 0.47834504555481816, 'penalty_k': 0.22147936861889428, 'scale_lr': 0.5486113264766462}. Best is trial 20 with value: 0.3475937991754554.
checkpoint_e29 window_influence: 0.50212770288913511, penalty_k: 0.21447860358387411, scale_lr: 0.52168315809209453, EAO: 0.315
Trial 21 finished with value: 0.3154465738785406 and parameters: {'window_influence': 0.5021277028891351, 'penalty_k': 0.2144786035838741, 'scale_lr': 0.5216831580920945}. Best is trial 20 with value: 0.3475937991754554.
checkpoint_e29 window_influence: 0.46081935248505362, penalty_k: 0.08949198145709639, scale_lr: 0.44809369859311904, EAO: 0.327
Trial 22 finished with value: 0.3273761185458662 and parameters: {'window_influence': 0.4608193524850536, 'penalty_k': 0.08949198145709639, 'scale_lr': 0.44809369859311904}. Best is trial 20 with value: 0.3475937991754554.
checkpoint_e29 window_influence: 0.54901927908766690, penalty_k: 0.15076409724454753, scale_lr: 0.72575959168560211, EAO: 0.277
Trial 23 finished with value: 0.2772578742601528 and parameters: {'window_influence': 0.5490192790876669, 'penalty_k': 0.15076409724454753, 'scale_lr': 0.7257595916856021}. Best is trial 20 with value: 0.3475937991754554.
checkpoint_e29 window_influence: 0.44313898512257216, penalty_k: 0.25912946280001331, scale_lr: 0.61238988056580623, EAO: 0.308
Trial 24 finished with value: 0.3078222313047847 and parameters: {'window_influence': 0.44313898512257216, 'penalty_k': 0.2591294628000133, 'scale_lr': 0.6123898805658062}. Best is trial 20 with value: 0.3475937991754554.
checkpoint_e29 window_influence: 0.34521770751520064, penalty_k: 0.00936778820612849, scale_lr: 0.55216638299056542, EAO: 0.324
Trial 25 finished with value: 0.3235851957060484 and parameters: {'window_influence': 0.34521770751520064, 'penalty_k': 0.009367788206128495, 'scale_lr': 0.5521663829905654}. Best is trial 20 with value: 0.3475937991754554.
checkpoint_e29 window_influence: 0.36645764775763934, penalty_k: 0.32402069885014084, scale_lr: 0.64190554862119065, EAO: 0.349
Trial 26 finished with value: 0.348737804110412 and parameters: {'window_influence': 0.36645764775763934, 'penalty_k': 0.32402069885014084, 'scale_lr': 0.6419055486211906}. Best is trial 26 with value: 0.348737804110412.
checkpoint_e29 window_influence: 0.43317212458495891, penalty_k: 0.19298049965635361, scale_lr: 0.64687262515393373, EAO: 0.322
Trial 27 finished with value: 0.32211317116184457 and parameters: {'window_influence': 0.4331721245849589, 'penalty_k': 0.1929804996563536, 'scale_lr': 0.6468726251539337}. Best is trial 26 with value: 0.348737804110412.
checkpoint_e29 window_influence: 0.39036736227792590, penalty_k: 0.10445164796105406, scale_lr: 0.57309064329629855, EAO: 0.323
Trial 28 finished with value: 0.3234795999318245 and parameters: {'window_influence': 0.3903673622779259, 'penalty_k': 0.10445164796105406, 'scale_lr': 0.5730906432962986}. Best is trial 26 with value: 0.348737804110412.
checkpoint_e29 window_influence: 0.53032576896911554, penalty_k: 0.32126323857287764, scale_lr: 0.47088171160042575, EAO: 0.294
Trial 29 finished with value: 0.29433774681406727 and parameters: {'window_influence': 0.5303257689691155, 'penalty_k': 0.32126323857287764, 'scale_lr': 0.47088171160042575}. Best is trial 26 with value: 0.348737804110412.
checkpoint_e29 window_influence: 0.35182096015159581, penalty_k: 0.24173056009578284, scale_lr: 0.44001890328766535, EAO: 0.325
Trial 30 finished with value: 0.32548903543429614 and parameters: {'window_influence': 0.3518209601515958, 'penalty_k': 0.24173056009578284, 'scale_lr': 0.44001890328766535}. Best is trial 26 with value: 0.348737804110412.
checkpoint_e29 window_influence: 0.48401566796045814, penalty_k: 0.31763239137211829, scale_lr: 0.73060025598882938, EAO: 0.324
Trial 31 finished with value: 0.3235585686065807 and parameters: {'window_influence': 0.48401566796045814, 'penalty_k': 0.3176323913721183, 'scale_lr': 0.7306002559888294}. Best is trial 26 with value: 0.348737804110412.
checkpoint_e29 window_influence: 0.36463377447159484, penalty_k: 0.07070538399903623, scale_lr: 0.66601666683589156, EAO: 0.327
Trial 32 finished with value: 0.32715445954048217 and parameters: {'window_influence': 0.36463377447159484, 'penalty_k': 0.07070538399903623, 'scale_lr': 0.6660166668358916}. Best is trial 26 with value: 0.348737804110412.
checkpoint_e29 window_influence: 0.43812833847064808, penalty_k: 0.34846178956968255, scale_lr: 0.61067504127935490, EAO: 0.322
Trial 33 finished with value: 0.3218034898956462 and parameters: {'window_influence': 0.4381283384706481, 'penalty_k': 0.34846178956968255, 'scale_lr': 0.6106750412793549}. Best is trial 26 with value: 0.348737804110412.
checkpoint_e29 window_influence: 0.33248465771383717, penalty_k: 0.28101241878122496, scale_lr: 0.76143040624454161, EAO: 0.305
Trial 34 finished with value: 0.30518695967206694 and parameters: {'window_influence': 0.3324846577138372, 'penalty_k': 0.28101241878122496, 'scale_lr': 0.7614304062445416}. Best is trial 26 with value: 0.348737804110412.
checkpoint_e29 window_influence: 0.38782740616918454, penalty_k: 0.40092656872811100, scale_lr: 0.71613322791096778, EAO: 0.323
Trial 35 finished with value: 0.3225735486249516 and parameters: {'window_influence': 0.38782740616918454, 'penalty_k': 0.400926568728111, 'scale_lr': 0.7161332279109678}. Best is trial 26 with value: 0.348737804110412.
checkpoint_e29 window_influence: 0.56302099619941881, penalty_k: 0.33700632042781214, scale_lr: 0.65299347020852339, EAO: 0.284
Trial 36 finished with value: 0.28437826089589974 and parameters: {'window_influence': 0.5630209961994188, 'penalty_k': 0.33700632042781214, 'scale_lr': 0.6529934702085234}. Best is trial 26 with value: 0.348737804110412.
checkpoint_e29 window_influence: 0.42453512059587206, penalty_k: 0.25216748064623717, scale_lr: 0.34991949236992836, EAO: 0.316
Trial 37 finished with value: 0.3156698940445013 and parameters: {'window_influence': 0.42453512059587206, 'penalty_k': 0.2521674806462372, 'scale_lr': 0.34991949236992836}. Best is trial 26 with value: 0.348737804110412.
checkpoint_e29 window_influence: 0.37151988253674789, penalty_k: 0.42556275421401502, scale_lr: 0.63762186139064170, EAO: 0.313
Trial 38 finished with value: 0.31323900325984805 and parameters: {'window_influence': 0.3715198825367479, 'penalty_k': 0.425562754214015, 'scale_lr': 0.6376218613906417}. Best is trial 26 with value: 0.348737804110412.
checkpoint_e29 window_influence: 0.41602619511691719, penalty_k: 0.35784078206285008, scale_lr: 0.75210628143834168, EAO: 0.324
Trial 39 finished with value: 0.32392158715873376 and parameters: {'window_influence': 0.4160261951169172, 'penalty_k': 0.3578407820628501, 'scale_lr': 0.7521062814383417}. Best is trial 26 with value: 0.348737804110412.
checkpoint_e29 window_influence: 0.50289116148416424, penalty_k: 0.05042134689889471, scale_lr: 0.32121810079109325, EAO: 0.349
Trial 40 finished with value: 0.3493108452526048 and parameters: {'window_influence': 0.5028911614841642, 'penalty_k': 0.050421346898894714, 'scale_lr': 0.32121810079109325}. Best is trial 40 with value: 0.3493108452526048.
checkpoint_e29 window_influence: 0.50190368313945721, penalty_k: 0.05608184564297178, scale_lr: 0.32869285421511374, EAO: 0.342
Trial 41 finished with value: 0.3423226066368563 and parameters: {'window_influence': 0.5019036831394572, 'penalty_k': 0.05608184564297178, 'scale_lr': 0.32869285421511374}. Best is trial 40 with value: 0.3493108452526048.
checkpoint_e29 window_influence: 0.51577993451889448, penalty_k: 0.01998404555353312, scale_lr: 0.31804228727494210, EAO: 0.340
Trial 42 finished with value: 0.3404478157076854 and parameters: {'window_influence': 0.5157799345188945, 'penalty_k': 0.01998404555353312, 'scale_lr': 0.3180422872749421}. Best is trial 40 with value: 0.3493108452526048.
checkpoint_e29 window_influence: 0.50154495396586218, penalty_k: 0.05851952337840895, scale_lr: 0.39705312583687774, EAO: 0.330
Trial 43 finished with value: 0.32999281683784515 and parameters: {'window_influence': 0.5015449539658622, 'penalty_k': 0.05851952337840895, 'scale_lr': 0.39705312583687774}. Best is trial 40 with value: 0.3493108452526048.
checkpoint_e29 window_influence: 0.58259488379236291, penalty_k: 0.03609280746647725, scale_lr: 0.31093653904099317, EAO: 0.291
Trial 44 finished with value: 0.2905620609044101 and parameters: {'window_influence': 0.5825948837923629, 'penalty_k': 0.03609280746647725, 'scale_lr': 0.31093653904099317}. Best is trial 40 with value: 0.3493108452526048.
checkpoint_e29 window_influence: 0.59219055164050050, penalty_k: 0.10996919914596792, scale_lr: 0.26086490909886795, EAO: 0.280
Trial 45 finished with value: 0.2802772509216798 and parameters: {'window_influence': 0.5921905516405005, 'penalty_k': 0.10996919914596792, 'scale_lr': 0.26086490909886795}. Best is trial 40 with value: 0.3493108452526048.
checkpoint_e29 window_influence: 0.51124806469060924, penalty_k: 0.07754418500860041, scale_lr: 0.36771238835293879, EAO: 0.327
Trial 46 finished with value: 0.3268393115194855 and parameters: {'window_influence': 0.5112480646906092, 'penalty_k': 0.07754418500860041, 'scale_lr': 0.3677123883529388}. Best is trial 40 with value: 0.3493108452526048.
checkpoint_e29 window_influence: 0.47206519852010698, penalty_k: 0.03515653531960780, scale_lr: 0.29786112663847963, EAO: 0.344
Trial 47 finished with value: 0.3439406108995356 and parameters: {'window_influence': 0.472065198520107, 'penalty_k': 0.0351565353196078, 'scale_lr': 0.29786112663847963}. Best is trial 40 with value: 0.3493108452526048.
checkpoint_e29 window_influence: 0.46815561120682303, penalty_k: 0.05086211880818101, scale_lr: 0.25072655567718966, EAO: 0.323
Trial 48 finished with value: 0.32334842129904007 and parameters: {'window_influence': 0.46815561120682303, 'penalty_k': 0.050862118808181006, 'scale_lr': 0.25072655567718966}. Best is trial 40 with value: 0.3493108452526048.
checkpoint_e29 window_influence: 0.40746629372073373, penalty_k: 0.17778137524019080, scale_lr: 0.38633881781893020, EAO: 0.317
Trial 49 finished with value: 0.3174260003557465 and parameters: {'window_influence': 0.40746629372073373, 'penalty_k': 0.1777813752401908, 'scale_lr': 0.3863388178189302}. Best is trial 40 with value: 0.3493108452526048.
checkpoint_e29 window_influence: 0.47111999800224658, penalty_k: 0.10885453542099083, scale_lr: 0.28302876990381376, EAO: 0.337
Trial 50 finished with value: 0.337469417065498 and parameters: {'window_influence': 0.4711199980022466, 'penalty_k': 0.10885453542099083, 'scale_lr': 0.28302876990381376}. Best is trial 40 with value: 0.3493108452526048.
checkpoint_e29 window_influence: 0.48732118077767311, penalty_k: 0.03681101119707321, scale_lr: 0.31862675610910673, EAO: 0.339
Trial 51 finished with value: 0.3394263317148973 and parameters: {'window_influence': 0.4873211807776731, 'penalty_k': 0.03681101119707321, 'scale_lr': 0.31862675610910673}. Best is trial 40 with value: 0.3493108452526048.
checkpoint_e29 window_influence: 0.52614735112084965, penalty_k: 0.02010716801295327, scale_lr: 0.34793374320918441, EAO: 0.307
Trial 52 finished with value: 0.30682347042319374 and parameters: {'window_influence': 0.5261473511208496, 'penalty_k': 0.020107168012953265, 'scale_lr': 0.3479337432091844}. Best is trial 40 with value: 0.3493108452526048.
checkpoint_e29 window_influence: 0.52374915107746423, penalty_k: 0.05423658952731431, scale_lr: 0.30814074994284352, EAO: 0.323
Trial 53 finished with value: 0.32289254317487726 and parameters: {'window_influence': 0.5237491510774642, 'penalty_k': 0.05423658952731431, 'scale_lr': 0.3081407499428435}. Best is trial 40 with value: 0.3493108452526048.
checkpoint_e29 window_influence: 0.45144867214413270, penalty_k: 0.13035811673880998, scale_lr: 0.21027621346812497, EAO: 0.338
Trial 54 finished with value: 0.33829292910108305 and parameters: {'window_influence': 0.4514486721441327, 'penalty_k': 0.13035811673880998, 'scale_lr': 0.21027621346812497}. Best is trial 40 with value: 0.3493108452526048.
checkpoint_e29 window_influence: 0.49419161352648944, penalty_k: 0.08127477676582118, scale_lr: 0.39163648191248857, EAO: 0.343
Trial 55 finished with value: 0.3429737942228058 and parameters: {'window_influence': 0.49419161352648944, 'penalty_k': 0.08127477676582118, 'scale_lr': 0.39163648191248857}. Best is trial 40 with value: 0.3493108452526048.
checkpoint_e29 window_influence: 0.49692496706651029, penalty_k: 0.08285052349655489, scale_lr: 0.40405820493969941, EAO: 0.339
Trial 56 finished with value: 0.33869130950029724 and parameters: {'window_influence': 0.4969249670665103, 'penalty_k': 0.08285052349655489, 'scale_lr': 0.4040582049396994}. Best is trial 40 with value: 0.3493108452526048.
checkpoint_e29 window_influence: 0.46667298333125423, penalty_k: 0.12429807201209080, scale_lr: 0.38352483667141957, EAO: 0.329
Trial 57 finished with value: 0.3293855981140285 and parameters: {'window_influence': 0.46667298333125423, 'penalty_k': 0.1242980720120908, 'scale_lr': 0.38352483667141957}. Best is trial 40 with value: 0.3493108452526048.
checkpoint_e29 window_influence: 0.54815837225506614, penalty_k: 0.08401268355235766, scale_lr: 0.43216876913262953, EAO: 0.319
Trial 58 finished with value: 0.3194502296382815 and parameters: {'window_influence': 0.5481583722550661, 'penalty_k': 0.08401268355235766, 'scale_lr': 0.4321687691326295}. Best is trial 40 with value: 0.3493108452526048.
checkpoint_e29 window_influence: 0.49064552325058708, penalty_k: 0.17245698957035471, scale_lr: 0.42154029305555296, EAO: 0.356
Trial 59 finished with value: 0.35647805655512826 and parameters: {'window_influence': 0.4906455232505871, 'penalty_k': 0.1724569895703547, 'scale_lr': 0.42154029305555296}. Best is trial 59 with value: 0.35647805655512826.
checkpoint_e29 window_influence: 0.44892309193343594, penalty_k: 0.16380993768473173, scale_lr: 0.41619994076204569, EAO: 0.327
Trial 60 finished with value: 0.32730533339170165 and parameters: {'window_influence': 0.44892309193343594, 'penalty_k': 0.16380993768473173, 'scale_lr': 0.4161999407620457}. Best is trial 59 with value: 0.35647805655512826.
checkpoint_e29 window_influence: 0.47092100178619078, penalty_k: 0.14109701165146374, scale_lr: 0.36546695993164752, EAO: 0.328
Trial 61 finished with value: 0.32798724705607046 and parameters: {'window_influence': 0.4709210017861908, 'penalty_k': 0.14109701165146374, 'scale_lr': 0.3654669599316475}. Best is trial 59 with value: 0.35647805655512826.
checkpoint_e29 window_influence: 0.49156474699534169, penalty_k: 0.06065216976141328, scale_lr: 0.47804954414653400, EAO: 0.373
