Trial 330 finished with value: 0.3308999812092763 and parameters: {'window_influence': 0.47334099199270824, 'penalty_k': 0.4071598524391344, 'scale_lr': 0.6191047371274142}. Best is trial 164 with value: 0.3660086329577034.
checkpoint_e29 window_influence: 0.62861599033368121, penalty_k: 0.32892739255473080, scale_lr: 0.64829369713784302, EAO: 0.231
Trial 331 finished with value: 0.23071443101079547 and parameters: {'window_influence': 0.6286159903336812, 'penalty_k': 0.3289273925547308, 'scale_lr': 0.648293697137843}. Best is trial 164 with value: 0.3660086329577034.
checkpoint_e29 window_influence: 0.29995242306602338, penalty_k: 0.42818284386356903, scale_lr: 0.63159695613836320, EAO: 0.319
Trial 332 finished with value: 0.31923436498131735 and parameters: {'window_influence': 0.2999524230660234, 'penalty_k': 0.42818284386356903, 'scale_lr': 0.6315969561383632}. Best is trial 164 with value: 0.3660086329577034.
checkpoint_e29 window_influence: 0.60154228062267412, penalty_k: 0.37525035320688516, scale_lr: 0.54437614083385988, EAO: 0.240
Trial 333 finished with value: 0.24029407566159616 and parameters: {'window_influence': 0.6015422806226741, 'penalty_k': 0.37525035320688516, 'scale_lr': 0.5443761408338599}. Best is trial 164 with value: 0.3660086329577034.
checkpoint_e29 window_influence: 0.43191439558990119, penalty_k: 0.44052694437198781, scale_lr: 0.60250750493515193, EAO: 0.331
Trial 334 finished with value: 0.3308336403119425 and parameters: {'window_influence': 0.4319143955899012, 'penalty_k': 0.4405269443719878, 'scale_lr': 0.6025075049351519}. Best is trial 164 with value: 0.3660086329577034.
checkpoint_e29 window_influence: 0.44809803581131358, penalty_k: 0.12123952188691212, scale_lr: 0.67858542467060223, EAO: 0.327
Trial 335 finished with value: 0.3265749274060884 and parameters: {'window_influence': 0.4480980358113136, 'penalty_k': 0.12123952188691212, 'scale_lr': 0.6785854246706022}. Best is trial 164 with value: 0.3660086329577034.
checkpoint_e29 window_influence: 0.42241505751107683, penalty_k: 0.35605244146396392, scale_lr: 0.61573364700908395, EAO: 0.328
Trial 336 finished with value: 0.32798648773464245 and parameters: {'window_influence': 0.42241505751107683, 'penalty_k': 0.3560524414639639, 'scale_lr': 0.615733647009084}. Best is trial 164 with value: 0.3660086329577034.
checkpoint_e29 window_influence: 0.45770782467973892, penalty_k: 0.39308559611929916, scale_lr: 0.57817348085241282, EAO: 0.331
Trial 337 finished with value: 0.3312138973043123 and parameters: {'window_influence': 0.4577078246797389, 'penalty_k': 0.39308559611929916, 'scale_lr': 0.5781734808524128}. Best is trial 164 with value: 0.3660086329577034.
checkpoint_e29 window_influence: 0.39053194308505107, penalty_k: 0.36864329625554887, scale_lr: 0.63733355241905409, EAO: 0.328
Trial 338 finished with value: 0.3279301541556644 and parameters: {'window_influence': 0.39053194308505107, 'penalty_k': 0.36864329625554887, 'scale_lr': 0.6373335524190541}. Best is trial 164 with value: 0.3660086329577034.
checkpoint_e29 window_influence: 0.37374712617966943, penalty_k: 0.34543692877077292, scale_lr: 0.56688799469194673, EAO: 0.335
Trial 339 finished with value: 0.334819361161629 and parameters: {'window_influence': 0.37374712617966943, 'penalty_k': 0.3454369287707729, 'scale_lr': 0.5668879946919467}. Best is trial 164 with value: 0.3660086329577034.
checkpoint_e29 window_influence: 0.48583636942797825, penalty_k: 0.38258741770046206, scale_lr: 0.65910228189101938, EAO: 0.327
Trial 340 finished with value: 0.32703859361925014 and parameters: {'window_influence': 0.48583636942797825, 'penalty_k': 0.38258741770046206, 'scale_lr': 0.6591022818910194}. Best is trial 164 with value: 0.3660086329577034.
checkpoint_e29 window_influence: 0.40312367429477464, penalty_k: 0.33559011679024497, scale_lr: 0.70572671867747727, EAO: 0.322
Trial 341 finished with value: 0.32187738504391233 and parameters: {'window_influence': 0.40312367429477464, 'penalty_k': 0.335590116790245, 'scale_lr': 0.7057267186774773}. Best is trial 164 with value: 0.3660086329577034.
checkpoint_e29 window_influence: 0.43879948402513264, penalty_k: 0.40160293350816556, scale_lr: 0.58704808397169339, EAO: 0.327
Trial 342 finished with value: 0.32653600006483874 and parameters: {'window_influence': 0.43879948402513264, 'penalty_k': 0.40160293350816556, 'scale_lr': 0.5870480839716934}. Best is trial 164 with value: 0.3660086329577034.
checkpoint_e29 window_influence: 0.33728831728122677, penalty_k: 0.36302598693135602, scale_lr: 0.61894964440473299, EAO: 0.333
Trial 343 finished with value: 0.33300572946841617 and parameters: {'window_influence': 0.33728831728122677, 'penalty_k': 0.363025986931356, 'scale_lr': 0.618949644404733}. Best is trial 164 with value: 0.3660086329577034.
checkpoint_e29 window_influence: 0.41354499513678827, penalty_k: 0.49622042136498073, scale_lr: 0.59972505571845858, EAO: 0.315
Trial 344 finished with value: 0.315009187979457 and parameters: {'window_influence': 0.4135449951367883, 'penalty_k': 0.49622042136498073, 'scale_lr': 0.5997250557184586}. Best is trial 164 with value: 0.3660086329577034.
checkpoint_e29 window_influence: 0.46611829927659831, penalty_k: 0.39105912457272568, scale_lr: 0.64593783628686741, EAO: 0.323
Trial 345 finished with value: 0.3225793085325553 and parameters: {'window_influence': 0.4661182992765983, 'penalty_k': 0.3910591245727257, 'scale_lr': 0.6459378362868674}. Best is trial 164 with value: 0.3660086329577034.
checkpoint_e29 window_influence: 0.35982803652738526, penalty_k: 0.37733242661697008, scale_lr: 0.27570870115951829, EAO: 0.322
Trial 346 finished with value: 0.3223616533590198 and parameters: {'window_influence': 0.35982803652738526, 'penalty_k': 0.3773324266169701, 'scale_lr': 0.2757087011595183}. Best is trial 164 with value: 0.3660086329577034.
checkpoint_e29 window_influence: 0.38426534607719903, penalty_k: 0.32125841506099695, scale_lr: 0.75555655801224586, EAO: 0.334
Trial 347 finished with value: 0.3344630669758941 and parameters: {'window_influence': 0.38426534607719903, 'penalty_k': 0.32125841506099695, 'scale_lr': 0.7555565580122459}. Best is trial 164 with value: 0.3660086329577034.
checkpoint_e29 window_influence: 0.42690696482815760, penalty_k: 0.35786861693792976, scale_lr: 0.62765066393305147, EAO: 0.348
Trial 348 finished with value: 0.3478332425137902 and parameters: {'window_influence': 0.4269069648281576, 'penalty_k': 0.35786861693792976, 'scale_lr': 0.6276506639330515}. Best is trial 164 with value: 0.3660086329577034.
checkpoint_e29 window_influence: 0.41742175147941096, penalty_k: 0.34816235498079928, scale_lr: 0.44206999909659594, EAO: 0.326
Trial 349 finished with value: 0.3255405477048822 and parameters: {'window_influence': 0.41742175147941096, 'penalty_k': 0.3481623549807993, 'scale_lr': 0.44206999909659594}. Best is trial 164 with value: 0.3660086329577034.
checkpoint_e29 window_influence: 0.40070794284898914, penalty_k: 0.35990337329848787, scale_lr: 0.52637897517320809, EAO: 0.305
Trial 350 finished with value: 0.3053086143175452 and parameters: {'window_influence': 0.40070794284898914, 'penalty_k': 0.35990337329848787, 'scale_lr': 0.5263789751732081}. Best is trial 164 with value: 0.3660086329577034.
checkpoint_e29 window_influence: 0.42900729808179677, penalty_k: 0.33673196943563349, scale_lr: 0.60908922654378483, EAO: 0.310
Trial 351 finished with value: 0.3103478999685221 and parameters: {'window_influence': 0.4290072980817968, 'penalty_k': 0.3367319694356335, 'scale_lr': 0.6090892265437848}. Best is trial 164 with value: 0.3660086329577034.
checkpoint_e29 window_influence: 0.40791035202508780, penalty_k: 0.35581549709158139, scale_lr: 0.62632091949976276, EAO: 0.346
Trial 352 finished with value: 0.34633062634950484 and parameters: {'window_influence': 0.4079103520250878, 'penalty_k': 0.3558154970915814, 'scale_lr': 0.6263209194997628}. Best is trial 164 with value: 0.3660086329577034.
checkpoint_e29 window_influence: 0.39469846903995992, penalty_k: 0.36589238244403410, scale_lr: 0.55400777668942580, EAO: 0.311
Trial 353 finished with value: 0.31096771028950987 and parameters: {'window_influence': 0.3946984690399599, 'penalty_k': 0.3658923824440341, 'scale_lr': 0.5540077766894258}. Best is trial 164 with value: 0.3660086329577034.
checkpoint_e29 window_influence: 0.42993978579309422, penalty_k: 0.34261366054120196, scale_lr: 0.73848034729214040, EAO: 0.337
Trial 354 finished with value: 0.33652232604731847 and parameters: {'window_influence': 0.4299397857930942, 'penalty_k': 0.34261366054120196, 'scale_lr': 0.7384803472921404}. Best is trial 164 with value: 0.3660086329577034.
checkpoint_e29 window_influence: 0.37498405645864752, penalty_k: 0.37341536219132454, scale_lr: 0.58831487517492476, EAO: 0.316
Trial 355 finished with value: 0.3157043499937317 and parameters: {'window_influence': 0.3749840564586475, 'penalty_k': 0.37341536219132454, 'scale_lr': 0.5883148751749248}. Best is trial 164 with value: 0.3660086329577034.
checkpoint_e29 window_influence: 0.41907264832025359, penalty_k: 0.32403659119444989, scale_lr: 0.71109982970590457, EAO: 0.330
Trial 356 finished with value: 0.3301669204977236 and parameters: {'window_influence': 0.4190726483202536, 'penalty_k': 0.3240365911944499, 'scale_lr': 0.7110998297059046}. Best is trial 164 with value: 0.3660086329577034.
checkpoint_e29 window_influence: 0.44489692910612522, penalty_k: 0.35373595491509652, scale_lr: 0.50679818172535729, EAO: 0.324
Trial 357 finished with value: 0.32419086534689373 and parameters: {'window_influence': 0.4448969291061252, 'penalty_k': 0.3537359549150965, 'scale_lr': 0.5067981817253573}. Best is trial 164 with value: 0.3660086329577034.
checkpoint_e29 window_influence: 0.39355991874400997, penalty_k: 0.40730082819302244, scale_lr: 0.77251526823632877, EAO: 0.334
Trial 358 finished with value: 0.3341189716808527 and parameters: {'window_influence': 0.39355991874401, 'penalty_k': 0.40730082819302244, 'scale_lr': 0.7725152682363288}. Best is trial 164 with value: 0.3660086329577034.
checkpoint_e29 window_influence: 0.41414297964153191, penalty_k: 0.38510522848386558, scale_lr: 0.66940265032412238, EAO: 0.316
Trial 359 finished with value: 0.31607291444498276 and parameters: {'window_influence': 0.4141429796415319, 'penalty_k': 0.3851052284838656, 'scale_lr': 0.6694026503241224}. Best is trial 164 with value: 0.3660086329577034.
checkpoint_e29 window_influence: 0.38374641545184351, penalty_k: 0.33862251821518224, scale_lr: 0.57133588029928262, EAO: 0.333
Trial 360 finished with value: 0.333076207902181 and parameters: {'window_influence': 0.3837464154518435, 'penalty_k': 0.33862251821518224, 'scale_lr': 0.5713358802992826}. Best is trial 164 with value: 0.3660086329577034.
checkpoint_e29 window_influence: 0.49715077829846149, penalty_k: 0.37037772167408262, scale_lr: 0.60313431218739222, EAO: 0.313
Trial 361 finished with value: 0.3133122839236538 and parameters: {'window_influence': 0.4971507782984615, 'penalty_k': 0.3703777216740826, 'scale_lr': 0.6031343121873922}. Best is trial 164 with value: 0.3660086329577034.
checkpoint_e29 window_influence: 0.43561657005242893, penalty_k: 0.15600174320833365, scale_lr: 0.63754013977066737, EAO: 0.327
Trial 362 finished with value: 0.3268557761429813 and parameters: {'window_influence': 0.43561657005242893, 'penalty_k': 0.15600174320833365, 'scale_lr': 0.6375401397706674}. Best is trial 164 with value: 0.3660086329577034.
checkpoint_e29 window_influence: 0.40520037882541204, penalty_k: 0.41903308026150116, scale_lr: 0.61790782012174084, EAO: 0.309
Trial 363 finished with value: 0.3094267141262381 and parameters: {'window_influence': 0.40520037882541204, 'penalty_k': 0.41903308026150116, 'scale_lr': 0.6179078201217408}. Best is trial 164 with value: 0.3660086329577034.
checkpoint_e29 window_influence: 0.36766558168193331, penalty_k: 0.29444122810551104, scale_lr: 0.72422339393636581, EAO: 0.328
Trial 364 finished with value: 0.32753367843794917 and parameters: {'window_influence': 0.3676655816819333, 'penalty_k': 0.29444122810551104, 'scale_lr': 0.7242233939363658}. Best is trial 164 with value: 0.3660086329577034.
checkpoint_e29 window_influence: 0.34573170340159431, penalty_k: 0.39206020729367436, scale_lr: 0.47440010697641061, EAO: 0.318
Trial 365 finished with value: 0.31794354348563036 and parameters: {'window_influence': 0.3457317034015943, 'penalty_k': 0.39206020729367436, 'scale_lr': 0.4744001069764106}. Best is trial 164 with value: 0.3660086329577034.
checkpoint_e29 window_influence: 0.18878001785576248, penalty_k: 0.35952495118744193, scale_lr: 0.49152620225000326, EAO: 0.283
Trial 366 finished with value: 0.28252624137624227 and parameters: {'window_influence': 0.18878001785576248, 'penalty_k': 0.35952495118744193, 'scale_lr': 0.49152620225000326}. Best is trial 164 with value: 0.3660086329577034.
checkpoint_e29 window_influence: 0.42400431576463982, penalty_k: 0.27915820748203746, scale_lr: 0.65240369791069641, EAO: 0.320
Trial 367 finished with value: 0.32003815054661566 and parameters: {'window_influence': 0.4240043157646398, 'penalty_k': 0.27915820748203746, 'scale_lr': 0.6524036979106964}. Best is trial 164 with value: 0.3660086329577034.
checkpoint_e29 window_influence: 0.45230747315871134, penalty_k: 0.31490509758473456, scale_lr: 0.68847238486424600, EAO: 0.313
Trial 368 finished with value: 0.3131170528524117 and parameters: {'window_influence': 0.45230747315871134, 'penalty_k': 0.31490509758473456, 'scale_lr': 0.688472384864246}. Best is trial 164 with value: 0.3660086329577034.
checkpoint_e29 window_influence: 0.40068380046618995, penalty_k: 0.37680719805398943, scale_lr: 0.59661538085918275, EAO: 0.332
Trial 369 finished with value: 0.3322364733144931 and parameters: {'window_influence': 0.40068380046618995, 'penalty_k': 0.37680719805398943, 'scale_lr': 0.5966153808591828}. Best is trial 164 with value: 0.3660086329577034.
checkpoint_e29 window_influence: 0.44017778754552367, penalty_k: 0.34961841170666752, scale_lr: 0.62890271071484183, EAO: 0.344
Trial 370 finished with value: 0.34353211069849215 and parameters: {'window_influence': 0.44017778754552367, 'penalty_k': 0.3496184117066675, 'scale_lr': 0.6289027107148418}. Best is trial 164 with value: 0.3660086329577034.
checkpoint_e29 window_influence: 0.38583098363670093, penalty_k: 0.39481714460639278, scale_lr: 0.61093432448273699, EAO: 0.295
Trial 371 finished with value: 0.2947033565447952 and parameters: {'window_influence': 0.38583098363670093, 'penalty_k': 0.3948171446063928, 'scale_lr': 0.610934324482737}. Best is trial 164 with value: 0.3660086329577034.
checkpoint_e29 window_influence: 0.41319856412179629, penalty_k: 0.33643838870013659, scale_lr: 0.57113715836319612, EAO: 0.334
Trial 372 finished with value: 0.3341678878444642 and parameters: {'window_influence': 0.4131985641217963, 'penalty_k': 0.3364383887001366, 'scale_lr': 0.5711371583631961}. Best is trial 164 with value: 0.3660086329577034.
checkpoint_e29 window_influence: 0.35962284186587801, penalty_k: 0.36415626631761294, scale_lr: 0.59361405390340816, EAO: 0.346
Trial 373 finished with value: 0.34585749442011465 and parameters: {'window_influence': 0.359622841865878, 'penalty_k': 0.36415626631761294, 'scale_lr': 0.5936140539034082}. Best is trial 164 with value: 0.3660086329577034.
checkpoint_e29 window_influence: 0.43047917562932780, penalty_k: 0.26017544952608662, scale_lr: 0.54837034992618483, EAO: 0.331
Trial 374 finished with value: 0.3311092559001789 and parameters: {'window_influence': 0.4304791756293278, 'penalty_k': 0.2601754495260866, 'scale_lr': 0.5483703499261848}. Best is trial 164 with value: 0.3660086329577034.
checkpoint_e29 window_influence: 0.31192019767889251, penalty_k: 0.37718950207825885, scale_lr: 0.41804620713460339, EAO: 0.315
Trial 375 finished with value: 0.31509245346492365 and parameters: {'window_influence': 0.3119201976788925, 'penalty_k': 0.37718950207825885, 'scale_lr': 0.4180462071346034}. Best is trial 164 with value: 0.3660086329577034.
checkpoint_e29 window_influence: 0.08860970535854240, penalty_k: 0.32391202454526635, scale_lr: 0.65969726166196685, EAO: 0.261
Trial 376 finished with value: 0.2610995657017259 and parameters: {'window_influence': 0.0886097053585424, 'penalty_k': 0.32391202454526635, 'scale_lr': 0.6596972616619668}. Best is trial 164 with value: 0.3660086329577034.
checkpoint_e29 window_influence: 0.64487145342350094, penalty_k: 0.45436469183944922, scale_lr: 0.79104300070914102, EAO: 0.241
Trial 377 finished with value: 0.24088296845033474 and parameters: {'window_influence': 0.6448714534235009, 'penalty_k': 0.4543646918394492, 'scale_lr': 0.791043000709141}. Best is trial 164 with value: 0.3660086329577034.
checkpoint_e29 window_influence: 0.37551500206122512, penalty_k: 0.40422671929381554, scale_lr: 0.64135870874663414, EAO: 0.308
Trial 378 finished with value: 0.3083023652144443 and parameters: {'window_influence': 0.3755150020612251, 'penalty_k': 0.40422671929381554, 'scale_lr': 0.6413587087466341}. Best is trial 164 with value: 0.3660086329577034.
checkpoint_e29 window_influence: 0.14903209310906554, penalty_k: 0.00348358804506055, scale_lr: 0.58441437365108528, EAO: 0.275
Trial 379 finished with value: 0.274670644956804 and parameters: {'window_influence': 0.14903209310906554, 'penalty_k': 0.0034835880450605483, 'scale_lr': 0.5844143736510853}. Best is trial 164 with value: 0.3660086329577034.
checkpoint_e29 window_influence: 0.39622317819642278, penalty_k: 0.38464113977512165, scale_lr: 0.62061359059095467, EAO: 0.352
Trial 380 finished with value: 0.35217064816200316 and parameters: {'window_influence': 0.3962231781964228, 'penalty_k': 0.38464113977512165, 'scale_lr': 0.6206135905909547}. Best is trial 164 with value: 0.3660086329577034.
checkpoint_e29 window_influence: 0.39261133507591917, penalty_k: 0.42175333645357438, scale_lr: 0.62262876840659220, EAO: 0.318
Trial 381 finished with value: 0.3182083651829323 and parameters: {'window_influence': 0.39261133507591917, 'penalty_k': 0.4217533364535744, 'scale_lr': 0.6226287684065922}. Best is trial 164 with value: 0.3660086329577034.
checkpoint_e29 window_influence: 0.40162936746978178, penalty_k: 0.21922302101556454, scale_lr: 0.63524806102642462, EAO: 0.302
Trial 382 finished with value: 0.3017092883470921 and parameters: {'window_influence': 0.4016293674697818, 'penalty_k': 0.21922302101556454, 'scale_lr': 0.6352480610264246}. Best is trial 164 with value: 0.3660086329577034.
checkpoint_e29 window_influence: 0.52850388540351079, penalty_k: 0.39068050323057324, scale_lr: 0.53731557766232196, EAO: 0.296
Trial 383 finished with value: 0.29625115129038515 and parameters: {'window_influence': 0.5285038854035108, 'penalty_k': 0.39068050323057324, 'scale_lr': 0.537315577662322}. Best is trial 164 with value: 0.3660086329577034.
checkpoint_e29 window_influence: 0.38334408181605040, penalty_k: 0.30150886630735640, scale_lr: 0.65441417340151053, EAO: 0.334
Trial 384 finished with value: 0.3338979718054315 and parameters: {'window_influence': 0.3833440818160504, 'penalty_k': 0.3015088663073564, 'scale_lr': 0.6544141734015105}. Best is trial 164 with value: 0.3660086329577034.
checkpoint_e29 window_influence: 0.55768070449416030, penalty_k: 0.38096883390365832, scale_lr: 0.67716948354480999, EAO: 0.268
Trial 385 finished with value: 0.2677905482424836 and parameters: {'window_influence': 0.5576807044941603, 'penalty_k': 0.3809688339036583, 'scale_lr': 0.67716948354481}. Best is trial 164 with value: 0.3660086329577034.
checkpoint_e29 window_influence: 0.24459932673393481, penalty_k: 0.25215207591054556, scale_lr: 0.61704521192843920, EAO: 0.305
Trial 386 finished with value: 0.3053383571512504 and parameters: {'window_influence': 0.2445993267339348, 'penalty_k': 0.25215207591054556, 'scale_lr': 0.6170452119284392}. Best is trial 164 with value: 0.3660086329577034.
checkpoint_e29 window_influence: 0.41024336584497767, penalty_k: 0.41195630978448378, scale_lr: 0.55746965164250462, EAO: 0.331
Trial 387 finished with value: 0.3308312783909215 and parameters: {'window_influence': 0.41024336584497767, 'penalty_k': 0.4119563097844838, 'scale_lr': 0.5574696516425046}. Best is trial 164 with value: 0.3660086329577034.
checkpoint_e29 window_influence: 0.47621066034293563, penalty_k: 0.43298264456846347, scale_lr: 0.60069630423653408, EAO: 0.329
Trial 388 finished with value: 0.32933754215908423 and parameters: {'window_influence': 0.47621066034293563, 'penalty_k': 0.43298264456846347, 'scale_lr': 0.6006963042365341}. Best is trial 164 with value: 0.3660086329577034.
checkpoint_e29 window_influence: 0.37245742616206506, penalty_k: 0.18626706262452644, scale_lr: 0.62903704307334796, EAO: 0.320
Trial 389 finished with value: 0.3195261497209972 and parameters: {'window_influence': 0.37245742616206506, 'penalty_k': 0.18626706262452644, 'scale_lr': 0.629037043073348}. Best is trial 164 with value: 0.3660086329577034.
checkpoint_e29 window_influence: 0.39390108201262347, penalty_k: 0.35057503408241308, scale_lr: 0.51045863886587095, EAO: 0.327
Trial 390 finished with value: 0.3271109509328924 and parameters: {'window_influence': 0.39390108201262347, 'penalty_k': 0.3505750340824131, 'scale_lr': 0.510458638865871}. Best is trial 164 with value: 0.3660086329577034.
checkpoint_e29 window_influence: 0.42017594576755951, penalty_k: 0.02315665198007855, scale_lr: 0.58125898089568706, EAO: 0.309
Trial 391 finished with value: 0.3087495003576872 and parameters: {'window_influence': 0.4201759457675595, 'penalty_k': 0.023156651980078546, 'scale_lr': 0.5812589808956871}. Best is trial 164 with value: 0.3660086329577034.
checkpoint_e29 window_influence: 0.46166477227461816, penalty_k: 0.39573319867719237, scale_lr: 0.64822101879245686, EAO: 0.323
