Trial 248 finished with value: 0.3351382809158429 and parameters: {'window_influence': 0.37583818490645193, 'penalty_k': 0.11187607113185018, 'scale_lr': 0.4487395293978604}. Best is trial 92 with value: 0.3528415023816699.
checkpoint_e32 window_influence: 0.35775755880477750, penalty_k: 0.14376713165252164, scale_lr: 0.41265621616657921, EAO: 0.339
Trial 249 finished with value: 0.33923174388677696 and parameters: {'window_influence': 0.3577575588047775, 'penalty_k': 0.14376713165252164, 'scale_lr': 0.4126562161665792}. Best is trial 92 with value: 0.3528415023816699.
checkpoint_e32 window_influence: 0.34414914673864849, penalty_k: 0.08485234479196004, scale_lr: 0.38437921552914711, EAO: 0.318
Trial 250 finished with value: 0.3183701008210386 and parameters: {'window_influence': 0.3441491467386485, 'penalty_k': 0.08485234479196004, 'scale_lr': 0.3843792155291471}. Best is trial 92 with value: 0.3528415023816699.
checkpoint_e32 window_influence: 0.36024946519629281, penalty_k: 0.12178396815437199, scale_lr: 0.45013717342956133, EAO: 0.341
Trial 251 finished with value: 0.34129181747770493 and parameters: {'window_influence': 0.3602494651962928, 'penalty_k': 0.121783968154372, 'scale_lr': 0.45013717342956133}. Best is trial 92 with value: 0.3528415023816699.
checkpoint_e32 window_influence: 0.35859613421236275, penalty_k: 0.12952594338026840, scale_lr: 0.45449537403037532, EAO: 0.323
Trial 252 finished with value: 0.3233169018062636 and parameters: {'window_influence': 0.35859613421236275, 'penalty_k': 0.1295259433802684, 'scale_lr': 0.4544953740303753}. Best is trial 92 with value: 0.3528415023816699.
checkpoint_e32 window_influence: 0.38063195923323451, penalty_k: 0.12007078718191803, scale_lr: 0.48951318263041421, EAO: 0.323
Trial 253 finished with value: 0.32346871472054417 and parameters: {'window_influence': 0.3806319592332345, 'penalty_k': 0.12007078718191803, 'scale_lr': 0.4895131826304142}. Best is trial 92 with value: 0.3528415023816699.
checkpoint_e32 window_influence: 0.35974343564467515, penalty_k: 0.09860300449594499, scale_lr: 0.41342085191302480, EAO: 0.318
Trial 254 finished with value: 0.3180759775267501 and parameters: {'window_influence': 0.35974343564467515, 'penalty_k': 0.09860300449594499, 'scale_lr': 0.4134208519130248}. Best is trial 92 with value: 0.3528415023816699.
checkpoint_e32 window_influence: 0.39941299122045049, penalty_k: 0.11129253553620251, scale_lr: 0.19494355197586882, EAO: 0.327
Trial 255 finished with value: 0.327475434727242 and parameters: {'window_influence': 0.3994129912204505, 'penalty_k': 0.11129253553620251, 'scale_lr': 0.19494355197586882}. Best is trial 92 with value: 0.3528415023816699.
checkpoint_e32 window_influence: 0.34131059649797202, penalty_k: 0.13433279147938845, scale_lr: 0.47507548588198523, EAO: 0.326
Trial 256 finished with value: 0.32632166025471593 and parameters: {'window_influence': 0.341310596497972, 'penalty_k': 0.13433279147938845, 'scale_lr': 0.4750754858819852}. Best is trial 92 with value: 0.3528415023816699.
checkpoint_e32 window_influence: 0.12118060236452571, penalty_k: 0.09228134678559391, scale_lr: 0.44238560611661698, EAO: 0.267
Trial 257 finished with value: 0.2671585958523509 and parameters: {'window_influence': 0.12118060236452571, 'penalty_k': 0.09228134678559391, 'scale_lr': 0.442385606116617}. Best is trial 92 with value: 0.3528415023816699.
checkpoint_e32 window_influence: 0.37358407875848770, penalty_k: 0.07899479372610743, scale_lr: 0.39794812885703668, EAO: 0.322
Trial 258 finished with value: 0.3219243942647593 and parameters: {'window_influence': 0.3735840787584877, 'penalty_k': 0.07899479372610743, 'scale_lr': 0.3979481288570367}. Best is trial 92 with value: 0.3528415023816699.
checkpoint_e32 window_influence: 0.38814085113761920, penalty_k: 0.12043626917782285, scale_lr: 0.36247212960427627, EAO: 0.319
Trial 259 finished with value: 0.3186786881564656 and parameters: {'window_influence': 0.3881408511376192, 'penalty_k': 0.12043626917782285, 'scale_lr': 0.36247212960427627}. Best is trial 92 with value: 0.3528415023816699.
checkpoint_e32 window_influence: 0.41126978670716435, penalty_k: 0.10202307597403887, scale_lr: 0.45823074661799240, EAO: 0.318
Trial 260 finished with value: 0.3178939892972026 and parameters: {'window_influence': 0.41126978670716435, 'penalty_k': 0.10202307597403887, 'scale_lr': 0.4582307466179924}. Best is trial 92 with value: 0.3528415023816699.
checkpoint_e32 window_influence: 0.32676818787537365, penalty_k: 0.07222812269249193, scale_lr: 0.43003849012552836, EAO: 0.320
Trial 261 finished with value: 0.31975819669113087 and parameters: {'window_influence': 0.32676818787537365, 'penalty_k': 0.07222812269249193, 'scale_lr': 0.43003849012552836}. Best is trial 92 with value: 0.3528415023816699.
checkpoint_e32 window_influence: 0.39997388671797263, penalty_k: 0.09031655195402168, scale_lr: 0.44875527815261518, EAO: 0.304
Trial 262 finished with value: 0.30442184343180306 and parameters: {'window_influence': 0.3999738867179726, 'penalty_k': 0.09031655195402168, 'scale_lr': 0.4487552781526152}. Best is trial 92 with value: 0.3528415023816699.
checkpoint_e32 window_influence: 0.42174005875772419, penalty_k: 0.14325014079092277, scale_lr: 0.38174597706610125, EAO: 0.334
Trial 263 finished with value: 0.3340635165166298 and parameters: {'window_influence': 0.4217400587577242, 'penalty_k': 0.14325014079092277, 'scale_lr': 0.38174597706610125}. Best is trial 92 with value: 0.3528415023816699.
checkpoint_e32 window_influence: 0.36738124315647736, penalty_k: 0.11074090440991050, scale_lr: 0.49672569933533561, EAO: 0.323
Trial 264 finished with value: 0.32289985193352755 and parameters: {'window_influence': 0.36738124315647736, 'penalty_k': 0.1107409044099105, 'scale_lr': 0.4967256993353356}. Best is trial 92 with value: 0.3528415023816699.
checkpoint_e32 window_influence: 0.38633547239212374, penalty_k: 0.44998864908059688, scale_lr: 0.42333269661873735, EAO: 0.318
Trial 265 finished with value: 0.31805628323601376 and parameters: {'window_influence': 0.38633547239212374, 'penalty_k': 0.4499886490805969, 'scale_lr': 0.42333269661873735}. Best is trial 92 with value: 0.3528415023816699.
checkpoint_e32 window_influence: 0.44069442922267121, penalty_k: 0.07496486541112977, scale_lr: 0.64334614543551560, EAO: 0.307
Trial 266 finished with value: 0.3068448126547995 and parameters: {'window_influence': 0.4406944292226712, 'penalty_k': 0.07496486541112977, 'scale_lr': 0.6433461454355156}. Best is trial 92 with value: 0.3528415023816699.
checkpoint_e32 window_influence: 0.40116494447749690, penalty_k: 0.12713697068911606, scale_lr: 0.40013474558484297, EAO: 0.339
Trial 267 finished with value: 0.33946236782500716 and parameters: {'window_influence': 0.4011649444774969, 'penalty_k': 0.12713697068911606, 'scale_lr': 0.40013474558484297}. Best is trial 92 with value: 0.3528415023816699.
checkpoint_e32 window_influence: 0.41082232585345696, penalty_k: 0.09752616156613488, scale_lr: 0.47524118207565180, EAO: 0.330
Trial 268 finished with value: 0.33044493389732643 and parameters: {'window_influence': 0.41082232585345696, 'penalty_k': 0.09752616156613488, 'scale_lr': 0.4752411820756518}. Best is trial 92 with value: 0.3528415023816699.
checkpoint_e32 window_influence: 0.43273780056689903, penalty_k: 0.23451766112558881, scale_lr: 0.51599710486447514, EAO: 0.332
Trial 269 finished with value: 0.33210284758634606 and parameters: {'window_influence': 0.43273780056689903, 'penalty_k': 0.2345176611255888, 'scale_lr': 0.5159971048644751}. Best is trial 92 with value: 0.3528415023816699.
checkpoint_e32 window_influence: 0.42491087173073289, penalty_k: 0.15157124647190295, scale_lr: 0.41588883015804706, EAO: 0.329
Trial 270 finished with value: 0.3294784329280779 and parameters: {'window_influence': 0.4249108717307329, 'penalty_k': 0.15157124647190295, 'scale_lr': 0.41588883015804706}. Best is trial 92 with value: 0.3528415023816699.
checkpoint_e32 window_influence: 0.57059879193039187, penalty_k: 0.08582055572430326, scale_lr: 0.44168764827402957, EAO: 0.277
Trial 271 finished with value: 0.27733623778541727 and parameters: {'window_influence': 0.5705987919303919, 'penalty_k': 0.08582055572430326, 'scale_lr': 0.44168764827402957}. Best is trial 92 with value: 0.3528415023816699.
checkpoint_e32 window_influence: 0.35376571712165039, penalty_k: 0.06005428179691252, scale_lr: 0.56346821077543341, EAO: 0.311
Trial 272 finished with value: 0.31117923053322133 and parameters: {'window_influence': 0.3537657171216504, 'penalty_k': 0.060054281796912516, 'scale_lr': 0.5634682107754334}. Best is trial 92 with value: 0.3528415023816699.
checkpoint_e32 window_influence: 0.37747086567018218, penalty_k: 0.10425272827003272, scale_lr: 0.55335602322604716, EAO: 0.310
Trial 273 finished with value: 0.3095027312114545 and parameters: {'window_influence': 0.3774708656701822, 'penalty_k': 0.10425272827003272, 'scale_lr': 0.5533560232260472}. Best is trial 92 with value: 0.3528415023816699.
checkpoint_e32 window_influence: 0.44250646997193710, penalty_k: 0.07277274962783632, scale_lr: 0.36945390108303222, EAO: 0.333
Trial 274 finished with value: 0.332853377561161 and parameters: {'window_influence': 0.4425064699719371, 'penalty_k': 0.07277274962783632, 'scale_lr': 0.3694539010830322}. Best is trial 92 with value: 0.3528415023816699.
checkpoint_e32 window_influence: 0.30704225285515258, penalty_k: 0.12024923403058323, scale_lr: 0.10498603411601781, EAO: 0.306
Trial 275 finished with value: 0.30610815351575266 and parameters: {'window_influence': 0.3070422528551526, 'penalty_k': 0.12024923403058323, 'scale_lr': 0.10498603411601781}. Best is trial 92 with value: 0.3528415023816699.
checkpoint_e32 window_influence: 0.51712671088562101, penalty_k: 0.08392100817614706, scale_lr: 0.61212848839799827, EAO: 0.306
Trial 276 finished with value: 0.30568343928583863 and parameters: {'window_influence': 0.517126710885621, 'penalty_k': 0.08392100817614706, 'scale_lr': 0.6121284883979983}. Best is trial 92 with value: 0.3528415023816699.
checkpoint_e32 window_influence: 0.39288273819357805, penalty_k: 0.09786164861741521, scale_lr: 0.62833492698741888, EAO: 0.333
Trial 277 finished with value: 0.3327839252781775 and parameters: {'window_influence': 0.39288273819357805, 'penalty_k': 0.09786164861741521, 'scale_lr': 0.6283349269874189}. Best is trial 92 with value: 0.3528415023816699.
checkpoint_e32 window_influence: 0.41196176837925480, penalty_k: 0.11245463401164514, scale_lr: 0.46469377105430548, EAO: 0.324
Trial 278 finished with value: 0.32402761355912174 and parameters: {'window_influence': 0.4119617683792548, 'penalty_k': 0.11245463401164514, 'scale_lr': 0.4646937710543055}. Best is trial 92 with value: 0.3528415023816699.
checkpoint_e32 window_influence: 0.36568431439856997, penalty_k: 0.13243239575270283, scale_lr: 0.43220759981055568, EAO: 0.339
Trial 279 finished with value: 0.3385496153441849 and parameters: {'window_influence': 0.36568431439856997, 'penalty_k': 0.13243239575270283, 'scale_lr': 0.4322075998105557}. Best is trial 92 with value: 0.3528415023816699.
checkpoint_e32 window_influence: 0.42445054060297682, penalty_k: 0.20757801535423387, scale_lr: 0.35134747651371406, EAO: 0.311
Trial 280 finished with value: 0.31120799765976487 and parameters: {'window_influence': 0.4244505406029768, 'penalty_k': 0.20757801535423387, 'scale_lr': 0.35134747651371406}. Best is trial 92 with value: 0.3528415023816699.
checkpoint_e32 window_influence: 0.40430756817010838, penalty_k: 0.26052415386657712, scale_lr: 0.39241123706960351, EAO: 0.334
Trial 281 finished with value: 0.3335189675542631 and parameters: {'window_influence': 0.4043075681701084, 'penalty_k': 0.2605241538665771, 'scale_lr': 0.3924112370696035}. Best is trial 92 with value: 0.3528415023816699.
checkpoint_e32 window_influence: 0.44095719363661257, penalty_k: 0.05630317083759592, scale_lr: 0.41469761659401466, EAO: 0.334
Trial 282 finished with value: 0.33397320620280757 and parameters: {'window_influence': 0.44095719363661257, 'penalty_k': 0.05630317083759592, 'scale_lr': 0.41469761659401466}. Best is trial 92 with value: 0.3528415023816699.
checkpoint_e32 window_influence: 0.34711706038469142, penalty_k: 0.08991852438558687, scale_lr: 0.44825867562448440, EAO: 0.330
Trial 283 finished with value: 0.32997850325784794 and parameters: {'window_influence': 0.3471170603846914, 'penalty_k': 0.08991852438558687, 'scale_lr': 0.4482586756244844}. Best is trial 92 with value: 0.3528415023816699.
checkpoint_e32 window_influence: 0.38351033356124242, penalty_k: 0.10748130735470271, scale_lr: 0.52568384208050190, EAO: 0.313
Trial 284 finished with value: 0.31338330082856264 and parameters: {'window_influence': 0.3835103335612424, 'penalty_k': 0.10748130735470271, 'scale_lr': 0.5256838420805019}. Best is trial 92 with value: 0.3528415023816699.
checkpoint_e32 window_influence: 0.61009140369013104, penalty_k: 0.06955597278618839, scale_lr: 0.58017628541447086, EAO: 0.245
Trial 285 finished with value: 0.24485754786994207 and parameters: {'window_influence': 0.610091403690131, 'penalty_k': 0.06955597278618839, 'scale_lr': 0.5801762854144709}. Best is trial 92 with value: 0.3528415023816699.
checkpoint_e32 window_influence: 0.45851232386875401, penalty_k: 0.11796252262784759, scale_lr: 0.75338062157119723, EAO: 0.314
Trial 286 finished with value: 0.3136918398076922 and parameters: {'window_influence': 0.458512323868754, 'penalty_k': 0.1179625226278476, 'scale_lr': 0.7533806215711972}. Best is trial 92 with value: 0.3528415023816699.
checkpoint_e32 window_influence: 0.54352837487602024, penalty_k: 0.08290921037842390, scale_lr: 0.48613801570371357, EAO: 0.289
Trial 287 finished with value: 0.28931328039688825 and parameters: {'window_influence': 0.5435283748760202, 'penalty_k': 0.0829092103784239, 'scale_lr': 0.48613801570371357}. Best is trial 92 with value: 0.3528415023816699.
checkpoint_e32 window_influence: 0.39482083081517433, penalty_k: 0.10213878120486924, scale_lr: 0.79435819299657218, EAO: 0.329
Trial 288 finished with value: 0.3291586082037321 and parameters: {'window_influence': 0.39482083081517433, 'penalty_k': 0.10213878120486924, 'scale_lr': 0.7943581929965722}. Best is trial 92 with value: 0.3528415023816699.
checkpoint_e32 window_influence: 0.41615384161946695, penalty_k: 0.13385919029006513, scale_lr: 0.54379241775683806, EAO: 0.343
Trial 289 finished with value: 0.3432630433878546 and parameters: {'window_influence': 0.41615384161946695, 'penalty_k': 0.13385919029006513, 'scale_lr': 0.5437924177568381}. Best is trial 92 with value: 0.3528415023816699.
Trial 290 failed with parameters: {'window_influence': 0.4220455874187074, 'penalty_k': 0.14553982860889433, 'scale_lr': 0.693230177535012} because of the following error: KeyboardInterrupt().
Traceback (most recent call last):
  File "/home/n26092289/anaconda3/envs/my_siamban/lib/python3.7/site-packages/optuna/study/_optimize.py", line 200, in _run_trial
    value_or_values = func(trial)
  File "../../tools/tune.py", line 269, in objective
    outputs = tracker.track(img)
  File "../../tools/tune.py", line 127, in track
    score = self._convert_score(outputs['cls'])
  File "../../tools/tune.py", line 75, in _convert_score
    score = score.softmax(1).detach()[:, 1].cpu().numpy()
KeyboardInterrupt
Trial 290 failed with value None.
