Trial 718 finished with value: 0.3408695824647228 and parameters: {'window_influence': 0.45467587454822544, 'penalty_k': 0.02778604513771403, 'scale_lr': 0.7266815740045962}. Best is trial 509 with value: 0.3760354560636825.
checkpoint_e33 window_influence: 0.51776170794649379, penalty_k: 0.27263471808270023, scale_lr: 0.23006125562106719, EAO: 0.315
Trial 719 finished with value: 0.31520372182710626 and parameters: {'window_influence': 0.5177617079464938, 'penalty_k': 0.27263471808270023, 'scale_lr': 0.2300612556210672}. Best is trial 509 with value: 0.3760354560636825.
checkpoint_e33 window_influence: 0.42532904818286887, penalty_k: 0.34673718529394848, scale_lr: 0.48455362861806678, EAO: 0.342
Trial 720 finished with value: 0.3418140659536369 and parameters: {'window_influence': 0.4253290481828689, 'penalty_k': 0.3467371852939485, 'scale_lr': 0.4845536286180668}. Best is trial 509 with value: 0.3760354560636825.
checkpoint_e33 window_influence: 0.33160748118066502, penalty_k: 0.56554234738826303, scale_lr: 0.56686971600587643, EAO: 0.293
Trial 721 finished with value: 0.2929769911538766 and parameters: {'window_influence': 0.331607481180665, 'penalty_k': 0.565542347388263, 'scale_lr': 0.5668697160058764}. Best is trial 509 with value: 0.3760354560636825.
checkpoint_e33 window_influence: 0.46772238094748270, penalty_k: 0.23495916317211010, scale_lr: 0.59687934525246011, EAO: 0.346
Trial 722 finished with value: 0.34632235069683087 and parameters: {'window_influence': 0.4677223809474827, 'penalty_k': 0.2349591631721101, 'scale_lr': 0.5968793452524601}. Best is trial 509 with value: 0.3760354560636825.
checkpoint_e33 window_influence: 0.48465674401898468, penalty_k: 0.01121343308776028, scale_lr: 0.34622826592315398, EAO: 0.339
Trial 723 finished with value: 0.33850487498457793 and parameters: {'window_influence': 0.4846567440189847, 'penalty_k': 0.01121343308776028, 'scale_lr': 0.346228265923154}. Best is trial 509 with value: 0.3760354560636825.
checkpoint_e33 window_influence: 0.44838231689979113, penalty_k: 0.24953935832904309, scale_lr: 0.46008755551531466, EAO: 0.350
Trial 724 finished with value: 0.3499035955866951 and parameters: {'window_influence': 0.44838231689979113, 'penalty_k': 0.2495393583290431, 'scale_lr': 0.46008755551531466}. Best is trial 509 with value: 0.3760354560636825.
checkpoint_e33 window_influence: 0.47391266232356710, penalty_k: 0.03634829962793043, scale_lr: 0.32395002523307193, EAO: 0.336
Trial 725 finished with value: 0.33632469815038984 and parameters: {'window_influence': 0.4739126623235671, 'penalty_k': 0.03634829962793043, 'scale_lr': 0.3239500252330719}. Best is trial 509 with value: 0.3760354560636825.
checkpoint_e33 window_influence: 0.50254773870232938, penalty_k: 0.09479475139205218, scale_lr: 0.64327041990887290, EAO: 0.325
Trial 726 finished with value: 0.32516597756383947 and parameters: {'window_influence': 0.5025477387023294, 'penalty_k': 0.09479475139205218, 'scale_lr': 0.6432704199088729}. Best is trial 509 with value: 0.3760354560636825.
checkpoint_e33 window_influence: 0.22881247308503239, penalty_k: 0.44952795743602025, scale_lr: 0.50885049122663772, EAO: 0.292
Trial 727 finished with value: 0.2923054667298432 and parameters: {'window_influence': 0.2288124730850324, 'penalty_k': 0.44952795743602025, 'scale_lr': 0.5088504912266377}. Best is trial 509 with value: 0.3760354560636825.
checkpoint_e33 window_influence: 0.13410172350756597, penalty_k: 0.06567554545513433, scale_lr: 0.37332512158868913, EAO: 0.262
Trial 728 finished with value: 0.2621381283386208 and parameters: {'window_influence': 0.13410172350756597, 'penalty_k': 0.06567554545513433, 'scale_lr': 0.37332512158868913}. Best is trial 509 with value: 0.3760354560636825.
checkpoint_e33 window_influence: 0.45993560325579574, penalty_k: 0.29763685011080554, scale_lr: 0.17018222578368003, EAO: 0.316
Trial 729 finished with value: 0.31602516439870176 and parameters: {'window_influence': 0.45993560325579574, 'penalty_k': 0.29763685011080554, 'scale_lr': 0.17018222578368003}. Best is trial 509 with value: 0.3760354560636825.
checkpoint_e33 window_influence: 0.54173579369430891, penalty_k: 0.19238381827151346, scale_lr: 0.70336366394953997, EAO: 0.284
Trial 730 finished with value: 0.2844581003898776 and parameters: {'window_influence': 0.5417357936943089, 'penalty_k': 0.19238381827151346, 'scale_lr': 0.70336366394954}. Best is trial 509 with value: 0.3760354560636825.
checkpoint_e33 window_influence: 0.43491709695647374, penalty_k: 0.04339155122692744, scale_lr: 0.22243364308250502, EAO: 0.331
Trial 731 finished with value: 0.33132599299983756 and parameters: {'window_influence': 0.43491709695647374, 'penalty_k': 0.043391551226927436, 'scale_lr': 0.22243364308250502}. Best is trial 509 with value: 0.3760354560636825.
checkpoint_e33 window_influence: 0.48771078987211330, penalty_k: 0.13365255158570760, scale_lr: 0.42746079896028821, EAO: 0.349
Trial 732 finished with value: 0.3486410451306443 and parameters: {'window_influence': 0.4877107898721133, 'penalty_k': 0.1336525515857076, 'scale_lr': 0.4274607989602882}. Best is trial 509 with value: 0.3760354560636825.
checkpoint_e33 window_influence: 0.07606222275639118, penalty_k: 0.41691289520498959, scale_lr: 0.65985354313438693, EAO: 0.252
Trial 733 finished with value: 0.2516622669154104 and parameters: {'window_influence': 0.07606222275639118, 'penalty_k': 0.4169128952049896, 'scale_lr': 0.6598535431343869}. Best is trial 509 with value: 0.3760354560636825.
checkpoint_e33 window_influence: 0.60660027260234961, penalty_k: 0.21797567472513968, scale_lr: 0.51805710824083073, EAO: 0.251
Trial 734 finished with value: 0.251110967437117 and parameters: {'window_influence': 0.6066002726023496, 'penalty_k': 0.21797567472513968, 'scale_lr': 0.5180571082408307}. Best is trial 509 with value: 0.3760354560636825.
checkpoint_e33 window_influence: 0.40431181657899495, penalty_k: 0.26305850901368821, scale_lr: 0.19601175942901830, EAO: 0.317
Trial 735 finished with value: 0.31736363748863977 and parameters: {'window_influence': 0.40431181657899495, 'penalty_k': 0.2630585090136882, 'scale_lr': 0.1960117594290183}. Best is trial 509 with value: 0.3760354560636825.
checkpoint_e33 window_influence: 0.41793323991852027, penalty_k: 0.10664700610373595, scale_lr: 0.63289769522616601, EAO: 0.323
Trial 736 finished with value: 0.322815067167412 and parameters: {'window_influence': 0.41793323991852027, 'penalty_k': 0.10664700610373595, 'scale_lr': 0.632897695226166}. Best is trial 509 with value: 0.3760354560636825.
checkpoint_e33 window_influence: 0.15804702120817885, penalty_k: 0.32088176825505743, scale_lr: 0.74046896825501118, EAO: 0.275
Trial 737 finished with value: 0.27506286543630903 and parameters: {'window_influence': 0.15804702120817885, 'penalty_k': 0.32088176825505743, 'scale_lr': 0.7404689682550112}. Best is trial 509 with value: 0.3760354560636825.
checkpoint_e33 window_influence: 0.28593743986083814, penalty_k: 0.00031854690092262, scale_lr: 0.29570958486118765, EAO: 0.298
Trial 738 finished with value: 0.29782709143041175 and parameters: {'window_influence': 0.28593743986083814, 'penalty_k': 0.0003185469009226241, 'scale_lr': 0.29570958486118765}. Best is trial 509 with value: 0.3760354560636825.
checkpoint_e33 window_influence: 0.57915588560372333, penalty_k: 0.02298271820824331, scale_lr: 0.24731969998252068, EAO: 0.311
Trial 739 finished with value: 0.31084658704147267 and parameters: {'window_influence': 0.5791558856037233, 'penalty_k': 0.02298271820824331, 'scale_lr': 0.24731969998252068}. Best is trial 509 with value: 0.3760354560636825.
checkpoint_e33 window_influence: 0.46623976478929735, penalty_k: 0.20383736478179204, scale_lr: 0.68387256497413029, EAO: 0.308
Trial 740 finished with value: 0.3076224429714077 and parameters: {'window_influence': 0.46623976478929735, 'penalty_k': 0.20383736478179204, 'scale_lr': 0.6838725649741303}. Best is trial 509 with value: 0.3760354560636825.
checkpoint_e33 window_influence: 0.44655898450944420, penalty_k: 0.17401974546191437, scale_lr: 0.77203489751741328, EAO: 0.339
Trial 741 finished with value: 0.3394238958099009 and parameters: {'window_influence': 0.4465589845094442, 'penalty_k': 0.17401974546191437, 'scale_lr': 0.7720348975174133}. Best is trial 509 with value: 0.3760354560636825.
checkpoint_e33 window_influence: 0.47928134233998915, penalty_k: 0.05194287882656621, scale_lr: 0.47425492777111861, EAO: 0.319
Trial 742 finished with value: 0.31867860164855705 and parameters: {'window_influence': 0.47928134233998915, 'penalty_k': 0.05194287882656621, 'scale_lr': 0.4742549277711186}. Best is trial 509 with value: 0.3760354560636825.
checkpoint_e33 window_influence: 0.45631752215416072, penalty_k: 0.23770919887258549, scale_lr: 0.10314148433998933, EAO: 0.346
Trial 743 finished with value: 0.3462754273460997 and parameters: {'window_influence': 0.4563175221541607, 'penalty_k': 0.2377091988725855, 'scale_lr': 0.10314148433998933}. Best is trial 509 with value: 0.3760354560636825.
checkpoint_e33 window_influence: 0.49869356799246795, penalty_k: 0.49783413365729745, scale_lr: 0.67239290479686509, EAO: 0.302
Trial 744 finished with value: 0.3017567639684863 and parameters: {'window_influence': 0.49869356799246795, 'penalty_k': 0.49783413365729745, 'scale_lr': 0.6723929047968651}. Best is trial 509 with value: 0.3760354560636825.
checkpoint_e33 window_influence: 0.36351253702672004, penalty_k: 0.07159453911761583, scale_lr: 0.13805339927490637, EAO: 0.323
Trial 745 finished with value: 0.3227230785305862 and parameters: {'window_influence': 0.36351253702672004, 'penalty_k': 0.07159453911761583, 'scale_lr': 0.13805339927490637}. Best is trial 509 with value: 0.3760354560636825.
checkpoint_e33 window_influence: 0.47268373759053084, penalty_k: 0.28104830748543191, scale_lr: 0.58767576126239041, EAO: 0.319
Trial 746 finished with value: 0.31872494837653315 and parameters: {'window_influence': 0.47268373759053084, 'penalty_k': 0.2810483074854319, 'scale_lr': 0.5876757612623904}. Best is trial 509 with value: 0.3760354560636825.
checkpoint_e33 window_influence: 0.43346814094714808, penalty_k: 0.14774776732989003, scale_lr: 0.21108092149461619, EAO: 0.331
Trial 747 finished with value: 0.3312214181580896 and parameters: {'window_influence': 0.4334681409471481, 'penalty_k': 0.14774776732989003, 'scale_lr': 0.21108092149461619}. Best is trial 509 with value: 0.3760354560636825.
checkpoint_e33 window_influence: 0.51646909029561205, penalty_k: 0.52924258971933147, scale_lr: 0.43713352400668548, EAO: 0.293
Trial 748 finished with value: 0.29303684656722073 and parameters: {'window_influence': 0.516469090295612, 'penalty_k': 0.5292425897193315, 'scale_lr': 0.4371335240066855}. Best is trial 509 with value: 0.3760354560636825.
checkpoint_e33 window_influence: 0.39441980152315476, penalty_k: 0.40168106470383452, scale_lr: 0.18555680517682252, EAO: 0.323
Trial 749 finished with value: 0.3230406214059095 and parameters: {'window_influence': 0.39441980152315476, 'penalty_k': 0.4016810647038345, 'scale_lr': 0.18555680517682252}. Best is trial 509 with value: 0.3760354560636825.
checkpoint_e33 window_influence: 0.45835388077084543, penalty_k: 0.22713703985475633, scale_lr: 0.55654923497604092, EAO: 0.322
Trial 750 finished with value: 0.32180049400849103 and parameters: {'window_influence': 0.45835388077084543, 'penalty_k': 0.22713703985475633, 'scale_lr': 0.5565492349760409}. Best is trial 509 with value: 0.3760354560636825.
checkpoint_e33 window_influence: 0.56889455142078349, penalty_k: 0.03743330714077908, scale_lr: 0.69324116580272677, EAO: 0.283
Trial 751 finished with value: 0.2830092886078682 and parameters: {'window_influence': 0.5688945514207835, 'penalty_k': 0.03743330714077908, 'scale_lr': 0.6932411658027268}. Best is trial 509 with value: 0.3760354560636825.
checkpoint_e33 window_influence: 0.27854121222015132, penalty_k: 0.18643021293666201, scale_lr: 0.26382380478244732, EAO: 0.289
Trial 752 finished with value: 0.2890999653459987 and parameters: {'window_influence': 0.2785412122201513, 'penalty_k': 0.186430212936662, 'scale_lr': 0.2638238047824473}. Best is trial 509 with value: 0.3760354560636825.
checkpoint_e33 window_influence: 0.48784876562810969, penalty_k: 0.01334322226250048, scale_lr: 0.61102914328010149, EAO: 0.360
Trial 753 finished with value: 0.3604890885056225 and parameters: {'window_influence': 0.4878487656281097, 'penalty_k': 0.013343222262500483, 'scale_lr': 0.6110291432801015}. Best is trial 509 with value: 0.3760354560636825.
checkpoint_e33 window_influence: 0.50277658958165217, penalty_k: 0.01295332606918688, scale_lr: 0.59967164875031975, EAO: 0.341
Trial 754 finished with value: 0.341347424784523 and parameters: {'window_influence': 0.5027765895816522, 'penalty_k': 0.012953326069186883, 'scale_lr': 0.5996716487503198}. Best is trial 509 with value: 0.3760354560636825.
checkpoint_e33 window_influence: 0.49142671688063316, penalty_k: 0.02611419165359335, scale_lr: 0.61205954291775422, EAO: 0.335
Trial 755 finished with value: 0.33474560922685764 and parameters: {'window_influence': 0.49142671688063316, 'penalty_k': 0.026114191653593348, 'scale_lr': 0.6120595429177542}. Best is trial 509 with value: 0.3760354560636825.
checkpoint_e33 window_influence: 0.48702447132586218, penalty_k: 0.01114127412652980, scale_lr: 0.61961303754683628, EAO: 0.329
Trial 756 finished with value: 0.32867454415629344 and parameters: {'window_influence': 0.4870244713258622, 'penalty_k': 0.011141274126529797, 'scale_lr': 0.6196130375468363}. Best is trial 509 with value: 0.3760354560636825.
checkpoint_e33 window_influence: 0.51037009502479558, penalty_k: 0.02241885239879930, scale_lr: 0.65591381133706061, EAO: 0.362
Trial 757 finished with value: 0.36176081622157114 and parameters: {'window_influence': 0.5103700950247956, 'penalty_k': 0.0224188523987993, 'scale_lr': 0.6559138113370606}. Best is trial 509 with value: 0.3760354560636825.
checkpoint_e33 window_influence: 0.50999363912826279, penalty_k: 0.01805063597170074, scale_lr: 0.65133483238417689, EAO: 0.336
Trial 758 finished with value: 0.33640484482861677 and parameters: {'window_influence': 0.5099936391282628, 'penalty_k': 0.018050635971700736, 'scale_lr': 0.6513348323841769}. Best is trial 509 with value: 0.3760354560636825.
checkpoint_e33 window_influence: 0.51440183865844891, penalty_k: 0.02940984832172215, scale_lr: 0.63620723194922990, EAO: 0.326
Trial 759 finished with value: 0.32649679528368125 and parameters: {'window_influence': 0.5144018386584489, 'penalty_k': 0.029409848321722148, 'scale_lr': 0.6362072319492299}. Best is trial 509 with value: 0.3760354560636825.
checkpoint_e33 window_influence: 0.52727514170912848, penalty_k: 0.00741132320310453, scale_lr: 0.66429885520115939, EAO: 0.326
Trial 760 finished with value: 0.3262415157217924 and parameters: {'window_influence': 0.5272751417091285, 'penalty_k': 0.007411323203104531, 'scale_lr': 0.6642988552011594}. Best is trial 509 with value: 0.3760354560636825.
checkpoint_e33 window_influence: 0.50611799018685033, penalty_k: 0.02018651045199119, scale_lr: 0.64603750613894573, EAO: 0.332
Trial 761 finished with value: 0.3317238196788595 and parameters: {'window_influence': 0.5061179901868503, 'penalty_k': 0.020186510451991192, 'scale_lr': 0.6460375061389457}. Best is trial 509 with value: 0.3760354560636825.
checkpoint_e33 window_influence: 0.49609845939087266, penalty_k: 0.03645643889176912, scale_lr: 0.62550940566096758, EAO: 0.339
Trial 762 finished with value: 0.33906068934076955 and parameters: {'window_influence': 0.49609845939087266, 'penalty_k': 0.036456438891769125, 'scale_lr': 0.6255094056609676}. Best is trial 509 with value: 0.3760354560636825.
checkpoint_e33 window_influence: 0.30999644449089303, penalty_k: 0.58706226301618281, scale_lr: 0.57368541376143267, EAO: 0.311
Trial 763 finished with value: 0.3107747305691938 and parameters: {'window_influence': 0.30999644449089303, 'penalty_k': 0.5870622630161828, 'scale_lr': 0.5736854137614327}. Best is trial 509 with value: 0.3760354560636825.
checkpoint_e33 window_influence: 0.53180216819643933, penalty_k: 0.04829976129000578, scale_lr: 0.67137042842892714, EAO: 0.301
Trial 764 finished with value: 0.30128688942133686 and parameters: {'window_influence': 0.5318021681964393, 'penalty_k': 0.04829976129000578, 'scale_lr': 0.6713704284289271}. Best is trial 509 with value: 0.3760354560636825.
checkpoint_e33 window_influence: 0.52324125880878591, penalty_k: 0.02358876576135100, scale_lr: 0.54461937047110653, EAO: 0.344
Trial 765 finished with value: 0.3435217695245483 and parameters: {'window_influence': 0.5232412588087859, 'penalty_k': 0.023588765761350997, 'scale_lr': 0.5446193704711065}. Best is trial 509 with value: 0.3760354560636825.
checkpoint_e33 window_influence: 0.63101759956982184, penalty_k: 0.05589358710590452, scale_lr: 0.60425956580486562, EAO: 0.243
Trial 766 finished with value: 0.24311962045352284 and parameters: {'window_influence': 0.6310175995698218, 'penalty_k': 0.055893587105904516, 'scale_lr': 0.6042595658048656}. Best is trial 509 with value: 0.3760354560636825.
checkpoint_e33 window_influence: 0.64430268031631555, penalty_k: 0.01049774523867563, scale_lr: 0.65661562318271138, EAO: 0.243
Trial 767 finished with value: 0.24257675253927477 and parameters: {'window_influence': 0.6443026803163155, 'penalty_k': 0.010497745238675632, 'scale_lr': 0.6566156231827114}. Best is trial 509 with value: 0.3760354560636825.
checkpoint_e33 window_influence: 0.49084598078533109, penalty_k: 0.51229861437885704, scale_lr: 0.63469229859586107, EAO: 0.286
Trial 768 finished with value: 0.2856638564325956 and parameters: {'window_influence': 0.4908459807853311, 'penalty_k': 0.512298614378857, 'scale_lr': 0.6346922985958611}. Best is trial 509 with value: 0.3760354560636825.
checkpoint_e33 window_influence: 0.50986364828318631, penalty_k: 0.03211193049044664, scale_lr: 0.58210327878885759, EAO: 0.373
Trial 769 finished with value: 0.3725280200461005 and parameters: {'window_influence': 0.5098636482831863, 'penalty_k': 0.03211193049044664, 'scale_lr': 0.5821032787888576}. Best is trial 509 with value: 0.3760354560636825.
checkpoint_e33 window_influence: 0.51409547818583312, penalty_k: 0.03410081411922039, scale_lr: 0.59971963528633032, EAO: 0.313
Trial 770 finished with value: 0.3134636194789456 and parameters: {'window_influence': 0.5140954781858331, 'penalty_k': 0.03410081411922039, 'scale_lr': 0.5997196352863303}. Best is trial 509 with value: 0.3760354560636825.
checkpoint_e33 window_influence: 0.50804402468438337, penalty_k: 0.04321234990102037, scale_lr: 0.59137677328773597, EAO: 0.337
Trial 771 finished with value: 0.3367091765199654 and parameters: {'window_influence': 0.5080440246843834, 'penalty_k': 0.04321234990102037, 'scale_lr': 0.591376773287736}. Best is trial 509 with value: 0.3760354560636825.
checkpoint_e33 window_influence: 0.05319040016378335, penalty_k: 0.02483433493800710, scale_lr: 0.61563843839621035, EAO: 0.254
Trial 772 finished with value: 0.25446459708974517 and parameters: {'window_influence': 0.05319040016378335, 'penalty_k': 0.024834334938007102, 'scale_lr': 0.6156384383962104}. Best is trial 509 with value: 0.3760354560636825.
checkpoint_e33 window_influence: 0.50677136934812439, penalty_k: 0.03358471635133380, scale_lr: 0.61138639439305797, EAO: 0.323
Trial 773 finished with value: 0.3229562118359577 and parameters: {'window_influence': 0.5067713693481244, 'penalty_k': 0.033584716351333796, 'scale_lr': 0.611386394393058}. Best is trial 509 with value: 0.3760354560636825.
checkpoint_e33 window_influence: 0.52337544487426202, penalty_k: 0.00054535697114100, scale_lr: 0.78632444145396863, EAO: 0.326
Trial 774 finished with value: 0.3261709231230999 and parameters: {'window_influence': 0.523375444874262, 'penalty_k': 0.0005453569711410047, 'scale_lr': 0.7863244414539686}. Best is trial 509 with value: 0.3760354560636825.
checkpoint_e33 window_influence: 0.05185804034068114, penalty_k: 0.05631121623611796, scale_lr: 0.57664241234781244, EAO: 0.245
Trial 775 finished with value: 0.2446476153826435 and parameters: {'window_influence': 0.051858040340681144, 'penalty_k': 0.056311216236117956, 'scale_lr': 0.5766424123478124}. Best is trial 509 with value: 0.3760354560636825.
checkpoint_e33 window_influence: 0.53831983772798642, penalty_k: 0.01582488830595337, scale_lr: 0.36709883815182298, EAO: 0.314
Trial 776 finished with value: 0.3136673189902584 and parameters: {'window_influence': 0.5383198377279864, 'penalty_k': 0.01582488830595337, 'scale_lr': 0.367098838151823}. Best is trial 509 with value: 0.3760354560636825.
checkpoint_e33 window_influence: 0.49952331502983377, penalty_k: 0.08096397492283658, scale_lr: 0.34474223338853988, EAO: 0.351
Trial 777 finished with value: 0.3505474073877594 and parameters: {'window_influence': 0.49952331502983377, 'penalty_k': 0.08096397492283658, 'scale_lr': 0.3447422333885399}. Best is trial 509 with value: 0.3760354560636825.
checkpoint_e33 window_influence: 0.08126107462589754, penalty_k: 0.04536648674040082, scale_lr: 0.75760952430048434, EAO: 0.268
Trial 778 finished with value: 0.26832233224397506 and parameters: {'window_influence': 0.08126107462589754, 'penalty_k': 0.04536648674040082, 'scale_lr': 0.7576095243004843}. Best is trial 509 with value: 0.3760354560636825.
checkpoint_e33 window_influence: 0.38751464683167525, penalty_k: 0.06512000941173660, scale_lr: 0.62856034724318177, EAO: 0.325
Trial 779 finished with value: 0.32461726056694523 and parameters: {'window_influence': 0.38751464683167525, 'penalty_k': 0.0651200094117366, 'scale_lr': 0.6285603472431818}. Best is trial 509 with value: 0.3760354560636825.
checkpoint_e33 window_influence: 0.52351577648576053, penalty_k: 0.02495898463053776, scale_lr: 0.30925556758119754, EAO: 0.341
