Trial 699 finished with value: 0.32201056437501646 and parameters: {'window_influence': 0.454525443238055, 'penalty_k': 0.25083649655976636, 'scale_lr': 0.35152452853114724}. Best is trial 128 with value: 0.3574732866732527.
checkpoint_e16 window_influence: 0.46254096570262215, penalty_k: 0.03085334510178895, scale_lr: 0.49966910328964659, EAO: 0.346
Trial 169 finished with value: 0.3459891462372435 and parameters: {'window_influence': 0.46254096570262215, 'penalty_k': 0.030853345101788946, 'scale_lr': 0.4996691032896466}. Best is trial 151 with value: 0.3675458256140757.
checkpoint_e16 window_influence: 0.12698506789378319, penalty_k: 0.44924432180715745, scale_lr: 0.62489812286638602, EAO: 0.260
Trial 700 finished with value: 0.2602909129069473 and parameters: {'window_influence': 0.1269850678937832, 'penalty_k': 0.44924432180715745, 'scale_lr': 0.624898122866386}. Best is trial 128 with value: 0.3574732866732527.
checkpoint_e16 window_influence: 0.44198186501046804, penalty_k: 0.02438012442078964, scale_lr: 0.51076192411013899, EAO: 0.341
Trial 170 finished with value: 0.3410995602607727 and parameters: {'window_influence': 0.44198186501046804, 'penalty_k': 0.024380124420789642, 'scale_lr': 0.510761924110139}. Best is trial 151 with value: 0.3675458256140757.
checkpoint_e16 window_influence: 0.47155441043717666, penalty_k: 0.34283259496305690, scale_lr: 0.28677457384966887, EAO: 0.314
Trial 701 finished with value: 0.3140956345467252 and parameters: {'window_influence': 0.47155441043717666, 'penalty_k': 0.3428325949630569, 'scale_lr': 0.28677457384966887}. Best is trial 128 with value: 0.3574732866732527.
Trial 702 failed with parameters: {'window_influence': 0.49653195500288044, 'penalty_k': 0.3168536498953909, 'scale_lr': 0.4136364271616718} because of the following error: KeyboardInterrupt().
Traceback (most recent call last):
  File "/home/n26092289/anaconda3/envs/my_siamban/lib/python3.7/site-packages/optuna/study/_optimize.py", line 200, in _run_trial
    value_or_values = func(trial)
  File "../../tools/tune.py", line 269, in objective
    outputs = tracker.track(img)
  File "../../tools/tune.py", line 127, in track
    score = self._convert_score(outputs['cls'])
  File "../../tools/tune.py", line 75, in _convert_score
    score = score.softmax(1).detach()[:, 1].cpu().numpy()
KeyboardInterrupt
Trial 702 failed with value None.
checkpoint_e16 window_influence: 0.46335874196609339, penalty_k: 0.03225321996278870, scale_lr: 0.50208050764470480, EAO: 0.326
Trial 171 finished with value: 0.32637222308361113 and parameters: {'window_influence': 0.4633587419660934, 'penalty_k': 0.032253219962788696, 'scale_lr': 0.5020805076447048}. Best is trial 151 with value: 0.3675458256140757.
checkpoint_e16 window_influence: 0.50242744479145995, penalty_k: 0.04677334236703607, scale_lr: 0.52983152593738192, EAO: 0.327
Trial 172 finished with value: 0.32663099050289923 and parameters: {'window_influence': 0.50242744479146, 'penalty_k': 0.04677334236703607, 'scale_lr': 0.5298315259373819}. Best is trial 151 with value: 0.3675458256140757.
checkpoint_e16 window_influence: 0.47187367252289841, penalty_k: 0.06532436553022036, scale_lr: 0.49008419803232395, EAO: 0.312
Trial 173 finished with value: 0.3124495478571621 and parameters: {'window_influence': 0.4718736725228984, 'penalty_k': 0.06532436553022036, 'scale_lr': 0.49008419803232395}. Best is trial 151 with value: 0.3675458256140757.
checkpoint_e16 window_influence: 0.45240688016453678, penalty_k: 0.01902818885719029, scale_lr: 0.44147696292901029, EAO: 0.321
Trial 174 finished with value: 0.32147863687012446 and parameters: {'window_influence': 0.4524068801645368, 'penalty_k': 0.019028188857190292, 'scale_lr': 0.4414769629290103}. Best is trial 151 with value: 0.3675458256140757.
checkpoint_e16 window_influence: 0.47914892859025443, penalty_k: 0.08186071845819018, scale_lr: 0.52107852254380083, EAO: 0.310
Trial 175 finished with value: 0.3099167104013235 and parameters: {'window_influence': 0.47914892859025443, 'penalty_k': 0.08186071845819018, 'scale_lr': 0.5210785225438008}. Best is trial 151 with value: 0.3675458256140757.
checkpoint_e16 window_influence: 0.43570538833784994, penalty_k: 0.33649591808003215, scale_lr: 0.47020002119941873, EAO: 0.315
Trial 176 finished with value: 0.3147862470683421 and parameters: {'window_influence': 0.43570538833784994, 'penalty_k': 0.33649591808003215, 'scale_lr': 0.4702000211994187}. Best is trial 151 with value: 0.3675458256140757.
checkpoint_e16 window_influence: 0.46014751546881155, penalty_k: 0.03454811718596978, scale_lr: 0.55247290091654966, EAO: 0.315
Trial 177 finished with value: 0.3154327415422707 and parameters: {'window_influence': 0.46014751546881155, 'penalty_k': 0.03454811718596978, 'scale_lr': 0.5524729009165497}. Best is trial 151 with value: 0.3675458256140757.
checkpoint_e16 window_influence: 0.49916792069143257, penalty_k: 0.05341202723925216, scale_lr: 0.49972291120012308, EAO: 0.324
Trial 178 finished with value: 0.324469710718333 and parameters: {'window_influence': 0.49916792069143257, 'penalty_k': 0.05341202723925216, 'scale_lr': 0.4997229112001231}. Best is trial 151 with value: 0.3675458256140757.
checkpoint_e16 window_influence: 0.41531009510061750, penalty_k: 0.01312054006115243, scale_lr: 0.53472381986337236, EAO: 0.314
Trial 179 finished with value: 0.31394460484211545 and parameters: {'window_influence': 0.4153100951006175, 'penalty_k': 0.013120540061152427, 'scale_lr': 0.5347238198633724}. Best is trial 151 with value: 0.3675458256140757.
checkpoint_e16 window_influence: 0.48530881705952444, penalty_k: 0.14413037814286911, scale_lr: 0.48056657623705695, EAO: 0.332
Trial 180 finished with value: 0.33206266408300583 and parameters: {'window_influence': 0.48530881705952444, 'penalty_k': 0.1441303781428691, 'scale_lr': 0.48056657623705695}. Best is trial 151 with value: 0.3675458256140757.
checkpoint_e16 window_influence: 0.43711363925821656, penalty_k: 0.02416180337455342, scale_lr: 0.51853940522057518, EAO: 0.342
Trial 181 finished with value: 0.3421621155646061 and parameters: {'window_influence': 0.43711363925821656, 'penalty_k': 0.024161803374553415, 'scale_lr': 0.5185394052205752}. Best is trial 151 with value: 0.3675458256140757.
checkpoint_e16 window_influence: 0.44555256440969709, penalty_k: 0.02561523662682812, scale_lr: 0.51298223783838304, EAO: 0.328
Trial 182 finished with value: 0.32833724970483597 and parameters: {'window_influence': 0.4455525644096971, 'penalty_k': 0.025615236626828117, 'scale_lr': 0.512982237838383}. Best is trial 151 with value: 0.3675458256140757.
checkpoint_e16 window_influence: 0.46908735082522252, penalty_k: 0.03665828105429392, scale_lr: 0.52779091618464968, EAO: 0.322
Trial 183 finished with value: 0.32174122159583096 and parameters: {'window_influence': 0.4690873508252225, 'penalty_k': 0.03665828105429392, 'scale_lr': 0.5277909161846497}. Best is trial 151 with value: 0.3675458256140757.
checkpoint_e16 window_influence: 0.45590148946293124, penalty_k: 0.01024488754580539, scale_lr: 0.50458636121066225, EAO: 0.335
Trial 184 finished with value: 0.33513404742057223 and parameters: {'window_influence': 0.45590148946293124, 'penalty_k': 0.010244887545805388, 'scale_lr': 0.5045863612106622}. Best is trial 151 with value: 0.3675458256140757.
checkpoint_e16 window_influence: 0.42881534128454796, penalty_k: 0.04465477930816521, scale_lr: 0.48707754739728693, EAO: 0.314
Trial 185 finished with value: 0.31390830422189914 and parameters: {'window_influence': 0.42881534128454796, 'penalty_k': 0.044654779308165214, 'scale_lr': 0.4870775473972869}. Best is trial 151 with value: 0.3675458256140757.
checkpoint_e16 window_influence: 0.41263534766878907, penalty_k: 0.10238427578089487, scale_lr: 0.56976068137984026, EAO: 0.310
Trial 186 finished with value: 0.31020235586259154 and parameters: {'window_influence': 0.41263534766878907, 'penalty_k': 0.10238427578089487, 'scale_lr': 0.5697606813798403}. Best is trial 151 with value: 0.3675458256140757.
checkpoint_e16 window_influence: 0.44288049214869907, penalty_k: 0.01791758723046968, scale_lr: 0.54670747065563252, EAO: 0.310
Trial 187 finished with value: 0.31007132600949433 and parameters: {'window_influence': 0.44288049214869907, 'penalty_k': 0.017917587230469677, 'scale_lr': 0.5467074706556325}. Best is trial 151 with value: 0.3675458256140757.
checkpoint_e16 window_influence: 0.47987405702732661, penalty_k: 0.16758932089400036, scale_lr: 0.45719691324249151, EAO: 0.308
Trial 188 finished with value: 0.30780045815710894 and parameters: {'window_influence': 0.4798740570273266, 'penalty_k': 0.16758932089400036, 'scale_lr': 0.4571969132424915}. Best is trial 151 with value: 0.3675458256140757.
checkpoint_e16 window_influence: 0.51707928552139704, penalty_k: 0.06620356246697341, scale_lr: 0.51779809096443719, EAO: 0.319
Trial 189 finished with value: 0.31909393864151103 and parameters: {'window_influence': 0.517079285521397, 'penalty_k': 0.06620356246697341, 'scale_lr': 0.5177980909644372}. Best is trial 151 with value: 0.3675458256140757.
checkpoint_e16 window_influence: 0.46220178377060733, penalty_k: 0.02541359489947737, scale_lr: 0.49604745970989816, EAO: 0.352
Trial 190 finished with value: 0.3522230760132756 and parameters: {'window_influence': 0.46220178377060733, 'penalty_k': 0.025413594899477365, 'scale_lr': 0.49604745970989816}. Best is trial 151 with value: 0.3675458256140757.
checkpoint_e16 window_influence: 0.46445670397513827, penalty_k: 0.02947821540119691, scale_lr: 0.49456180333242555, EAO: 0.374
Trial 191 finished with value: 0.3742421078078942 and parameters: {'window_influence': 0.4644567039751383, 'penalty_k': 0.02947821540119691, 'scale_lr': 0.49456180333242555}. Best is trial 191 with value: 0.3742421078078942.
checkpoint_e16 window_influence: 0.45703928670083321, penalty_k: 0.02523844555066701, scale_lr: 0.49958113352958666, EAO: 0.340
Trial 192 finished with value: 0.3404057794739764 and parameters: {'window_influence': 0.4570392867008332, 'penalty_k': 0.025238445550667014, 'scale_lr': 0.49958113352958666}. Best is trial 191 with value: 0.3742421078078942.
checkpoint_e16 window_influence: 0.46878766366037966, penalty_k: 0.00907156689755971, scale_lr: 0.53277620957672134, EAO: 0.323
Trial 193 finished with value: 0.32272601162413217 and parameters: {'window_influence': 0.46878766366037966, 'penalty_k': 0.00907156689755971, 'scale_lr': 0.5327762095767213}. Best is trial 191 with value: 0.3742421078078942.
checkpoint_e16 window_influence: 0.43492019735205634, penalty_k: 0.03037004318264351, scale_lr: 0.51342034496443845, EAO: 0.329
Trial 194 finished with value: 0.3292586913020694 and parameters: {'window_influence': 0.43492019735205634, 'penalty_k': 0.030370043182643507, 'scale_lr': 0.5134203449644384}. Best is trial 191 with value: 0.3742421078078942.
checkpoint_e16 window_influence: 0.49022972287805561, penalty_k: 0.01051228523152977, scale_lr: 0.48267128797944625, EAO: 0.331
Trial 195 finished with value: 0.33140852084883454 and parameters: {'window_influence': 0.4902297228780556, 'penalty_k': 0.01051228523152977, 'scale_lr': 0.48267128797944625}. Best is trial 191 with value: 0.3742421078078942.
checkpoint_e16 window_influence: 0.33672930924904088, penalty_k: 0.17978202440680388, scale_lr: 0.49426704018313833, EAO: 0.305
Trial 196 finished with value: 0.30521166168066316 and parameters: {'window_influence': 0.3367293092490409, 'penalty_k': 0.17978202440680388, 'scale_lr': 0.49426704018313833}. Best is trial 191 with value: 0.3742421078078942.
checkpoint_e16 window_influence: 0.45158842623853973, penalty_k: 0.00047624655606384, scale_lr: 0.55989498836071527, EAO: 0.347
Trial 197 finished with value: 0.3471407404437603 and parameters: {'window_influence': 0.45158842623853973, 'penalty_k': 0.00047624655606383695, 'scale_lr': 0.5598949883607153}. Best is trial 191 with value: 0.3742421078078942.
checkpoint_e16 window_influence: 0.45375560586972613, penalty_k: 0.00097646170079166, scale_lr: 0.54795110218398146, EAO: 0.343
Trial 198 finished with value: 0.3430499995728875 and parameters: {'window_influence': 0.45375560586972613, 'penalty_k': 0.0009764617007916587, 'scale_lr': 0.5479511021839815}. Best is trial 191 with value: 0.3742421078078942.
checkpoint_e16 window_influence: 0.45137904296881520, penalty_k: 0.00236306947975142, scale_lr: 0.55631557982832347, EAO: 0.368
Trial 199 finished with value: 0.3684033482455094 and parameters: {'window_influence': 0.4513790429688152, 'penalty_k': 0.0023630694797514215, 'scale_lr': 0.5563155798283235}. Best is trial 191 with value: 0.3742421078078942.
checkpoint_e16 window_influence: 0.45377898239753534, penalty_k: 0.00070588613900122, scale_lr: 0.56895753596335708, EAO: 0.377
Trial 200 finished with value: 0.37697677389656986 and parameters: {'window_influence': 0.45377898239753534, 'penalty_k': 0.000705886139001223, 'scale_lr': 0.5689575359633571}. Best is trial 200 with value: 0.37697677389656986.
checkpoint_e16 window_influence: 0.45569105348239103, penalty_k: 0.00340598261674894, scale_lr: 0.56398661766442981, EAO: 0.336
Trial 201 finished with value: 0.3362450539369991 and parameters: {'window_influence': 0.45569105348239103, 'penalty_k': 0.0034059826167489385, 'scale_lr': 0.5639866176644298}. Best is trial 200 with value: 0.37697677389656986.
checkpoint_e16 window_influence: 0.46076757958105452, penalty_k: 0.00189681709780046, scale_lr: 0.58842244421973244, EAO: 0.328
Trial 202 finished with value: 0.32794805352326034 and parameters: {'window_influence': 0.4607675795810545, 'penalty_k': 0.001896817097800457, 'scale_lr': 0.5884224442197324}. Best is trial 200 with value: 0.37697677389656986.
checkpoint_e16 window_influence: 0.45202605331111467, penalty_k: 0.00058968991366588, scale_lr: 0.57872312918079016, EAO: 0.317
Trial 203 finished with value: 0.3173794826412943 and parameters: {'window_influence': 0.4520260533111147, 'penalty_k': 0.0005896899136658845, 'scale_lr': 0.5787231291807902}. Best is trial 200 with value: 0.37697677389656986.
checkpoint_e16 window_influence: 0.47725465143360946, penalty_k: 0.01210834501276262, scale_lr: 0.55990674613375979, EAO: 0.322
Trial 204 finished with value: 0.3219216014856494 and parameters: {'window_influence': 0.47725465143360946, 'penalty_k': 0.012108345012762619, 'scale_lr': 0.5599067461337598}. Best is trial 200 with value: 0.37697677389656986.
checkpoint_e16 window_influence: 0.44806880835480623, penalty_k: 0.12693218400807366, scale_lr: 0.59656061807994221, EAO: 0.307
Trial 205 finished with value: 0.30682498245619616 and parameters: {'window_influence': 0.4480688083548062, 'penalty_k': 0.12693218400807366, 'scale_lr': 0.5965606180799422}. Best is trial 200 with value: 0.37697677389656986.
checkpoint_e16 window_influence: 0.47478994086764137, penalty_k: 0.02044458737908630, scale_lr: 0.54735503535137287, EAO: 0.328
Trial 206 finished with value: 0.327530766855418 and parameters: {'window_influence': 0.47478994086764137, 'penalty_k': 0.020444587379086304, 'scale_lr': 0.5473550353513729}. Best is trial 200 with value: 0.37697677389656986.
checkpoint_e16 window_influence: 0.42141474167808896, penalty_k: 0.40713161706465695, scale_lr: 0.54986845218068747, EAO: 0.302
Trial 207 finished with value: 0.30183478065038005 and parameters: {'window_influence': 0.42141474167808896, 'penalty_k': 0.40713161706465695, 'scale_lr': 0.5498684521806875}. Best is trial 200 with value: 0.37697677389656986.
checkpoint_e16 window_influence: 0.50180466398941204, penalty_k: 0.00006946192560264, scale_lr: 0.61688680455183187, EAO: 0.306
Trial 208 finished with value: 0.306461424041351 and parameters: {'window_influence': 0.501804663989412, 'penalty_k': 6.946192560263603e-05, 'scale_lr': 0.6168868045518319}. Best is trial 200 with value: 0.37697677389656986.
checkpoint_e16 window_influence: 0.48767837647587087, penalty_k: 0.03182406654040928, scale_lr: 0.57015786341182428, EAO: 0.324
Trial 209 finished with value: 0.32409783739756054 and parameters: {'window_influence': 0.48767837647587087, 'penalty_k': 0.031824066540409285, 'scale_lr': 0.5701578634118243}. Best is trial 200 with value: 0.37697677389656986.
checkpoint_e16 window_influence: 0.46532777225345096, penalty_k: 0.01309279603171176, scale_lr: 0.56275397220781254, EAO: 0.334
Trial 210 finished with value: 0.3341340842413995 and parameters: {'window_influence': 0.46532777225345096, 'penalty_k': 0.013092796031711764, 'scale_lr': 0.5627539722078125}. Best is trial 200 with value: 0.37697677389656986.
checkpoint_e16 window_influence: 0.43628057888838423, penalty_k: 0.02239204880256029, scale_lr: 0.52334885432409073, EAO: 0.300
Trial 211 finished with value: 0.300492746298879 and parameters: {'window_influence': 0.43628057888838423, 'penalty_k': 0.022392048802560294, 'scale_lr': 0.5233488543240907}. Best is trial 200 with value: 0.37697677389656986.
checkpoint_e16 window_influence: 0.44949763180575170, penalty_k: 0.02295139027016732, scale_lr: 0.53495713599418837, EAO: 0.358
Trial 212 finished with value: 0.35815528928073925 and parameters: {'window_influence': 0.4494976318057517, 'penalty_k': 0.022951390270167325, 'scale_lr': 0.5349571359941884}. Best is trial 200 with value: 0.37697677389656986.
checkpoint_e16 window_influence: 0.44878882725919389, penalty_k: 0.00075219827952298, scale_lr: 0.54990709070099131, EAO: 0.345
Trial 213 finished with value: 0.34539797577412673 and parameters: {'window_influence': 0.4487888272591939, 'penalty_k': 0.0007521982795229767, 'scale_lr': 0.5499070907009913}. Best is trial 200 with value: 0.37697677389656986.
checkpoint_e16 window_influence: 0.45112521748114709, penalty_k: 0.00045077004982493, scale_lr: 0.54625464683889124, EAO: 0.355
Trial 214 finished with value: 0.3551594823714824 and parameters: {'window_influence': 0.4511252174811471, 'penalty_k': 0.00045077004982492855, 'scale_lr': 0.5462546468388912}. Best is trial 200 with value: 0.37697677389656986.
checkpoint_e16 window_influence: 0.44939392665178035, penalty_k: 0.00014115725642334, scale_lr: 0.55848243729448166, EAO: 0.342
Trial 215 finished with value: 0.3418099466232938 and parameters: {'window_influence': 0.44939392665178035, 'penalty_k': 0.0001411572564233352, 'scale_lr': 0.5584824372944817}. Best is trial 200 with value: 0.37697677389656986.
checkpoint_e16 window_influence: 0.44680065209702385, penalty_k: 0.01525289326342437, scale_lr: 0.54194483870630239, EAO: 0.336
Trial 216 finished with value: 0.33564140650548824 and parameters: {'window_influence': 0.44680065209702385, 'penalty_k': 0.015252893263424366, 'scale_lr': 0.5419448387063024}. Best is trial 200 with value: 0.37697677389656986.
checkpoint_e16 window_influence: 0.42580868298295244, penalty_k: 0.01061917203976635, scale_lr: 0.57876726849276239, EAO: 0.306
Trial 217 finished with value: 0.3056508598972387 and parameters: {'window_influence': 0.42580868298295244, 'penalty_k': 0.010619172039766353, 'scale_lr': 0.5787672684927624}. Best is trial 200 with value: 0.37697677389656986.
checkpoint_e16 window_influence: 0.45860739948027773, penalty_k: 0.00071537969533194, scale_lr: 0.55058747388403695, EAO: 0.336
Trial 218 finished with value: 0.33632006928150754 and parameters: {'window_influence': 0.45860739948027773, 'penalty_k': 0.0007153796953319361, 'scale_lr': 0.550587473884037}. Best is trial 200 with value: 0.37697677389656986.
checkpoint_e16 window_influence: 0.43732866449792218, penalty_k: 0.03354456302129653, scale_lr: 0.53748118221055519, EAO: 0.315
Trial 219 finished with value: 0.31535116516430556 and parameters: {'window_influence': 0.4373286644979222, 'penalty_k': 0.033544563021296527, 'scale_lr': 0.5374811822105552}. Best is trial 200 with value: 0.37697677389656986.
checkpoint_e16 window_influence: 0.40806657183735012, penalty_k: 0.01062744157024635, scale_lr: 0.59986888163649776, EAO: 0.294
Trial 220 finished with value: 0.2943777829292683 and parameters: {'window_influence': 0.4080665718373501, 'penalty_k': 0.010627441570246348, 'scale_lr': 0.5998688816364978}. Best is trial 200 with value: 0.37697677389656986.
checkpoint_e16 window_influence: 0.46396133651657157, penalty_k: 0.02119304811126699, scale_lr: 0.53001048919257465, EAO: 0.344
Trial 221 finished with value: 0.3438715062716592 and parameters: {'window_influence': 0.46396133651657157, 'penalty_k': 0.02119304811126699, 'scale_lr': 0.5300104891925747}. Best is trial 200 with value: 0.37697677389656986.
checkpoint_e16 window_influence: 0.46108424593444491, penalty_k: 0.02303569001340709, scale_lr: 0.55471769716501174, EAO: 0.316
Trial 222 finished with value: 0.31613075333114726 and parameters: {'window_influence': 0.4610842459344449, 'penalty_k': 0.023035690013407085, 'scale_lr': 0.5547176971650117}. Best is trial 200 with value: 0.37697677389656986.
checkpoint_e16 window_influence: 0.45304021307105397, penalty_k: 0.03217658792021136, scale_lr: 0.57290863946895842, EAO: 0.326
Trial 223 finished with value: 0.3258613774168816 and parameters: {'window_influence': 0.45304021307105397, 'penalty_k': 0.03217658792021136, 'scale_lr': 0.5729086394689584}. Best is trial 200 with value: 0.37697677389656986.
checkpoint_e16 window_influence: 0.44448128882115773, penalty_k: 0.01171644089445121, scale_lr: 0.53685823786311082, EAO: 0.327
Trial 224 finished with value: 0.32686121871963086 and parameters: {'window_influence': 0.4444812888211577, 'penalty_k': 0.01171644089445121, 'scale_lr': 0.5368582378631108}. Best is trial 200 with value: 0.37697677389656986.
checkpoint_e16 window_influence: 0.46862356639033320, penalty_k: 0.00066727039443773, scale_lr: 0.53226180284737346, EAO: 0.325
Trial 225 finished with value: 0.32506705988705853 and parameters: {'window_influence': 0.4686235663903332, 'penalty_k': 0.0006672703944377264, 'scale_lr': 0.5322618028473735}. Best is trial 200 with value: 0.37697677389656986.
checkpoint_e16 window_influence: 0.42840973677125932, penalty_k: 0.02076223138317152, scale_lr: 0.50670562779206485, EAO: 0.319
