Trial 248 finished with value: 0.3254899931093134 and parameters: {'window_influence': 0.42922948912394904, 'penalty_k': 0.06900118171375767, 'scale_lr': 0.3383298255846047}. Best is trial 222 with value: 0.3504677095997658.
checkpoint_e19 window_influence: 0.44263998091987117, penalty_k: 0.05207182311744177, scale_lr: 0.32307519281295027, EAO: 0.337
Trial 249 finished with value: 0.337443143883104 and parameters: {'window_influence': 0.44263998091987117, 'penalty_k': 0.05207182311744177, 'scale_lr': 0.3230751928129503}. Best is trial 222 with value: 0.3504677095997658.
checkpoint_e19 window_influence: 0.43846601444569805, penalty_k: 0.05538568140841085, scale_lr: 0.26039096981809950, EAO: 0.334
Trial 250 finished with value: 0.33387722115572327 and parameters: {'window_influence': 0.43846601444569805, 'penalty_k': 0.05538568140841085, 'scale_lr': 0.2603909698180995}. Best is trial 222 with value: 0.3504677095997658.
checkpoint_e19 window_influence: 0.44183123256612611, penalty_k: 0.10415224488381192, scale_lr: 0.31531006219403729, EAO: 0.339
Trial 251 finished with value: 0.33949978006025233 and parameters: {'window_influence': 0.4418312325661261, 'penalty_k': 0.10415224488381192, 'scale_lr': 0.3153100621940373}. Best is trial 222 with value: 0.3504677095997658.
checkpoint_e19 window_influence: 0.42878117932529614, penalty_k: 0.10540895147193530, scale_lr: 0.32451020816590775, EAO: 0.322
Trial 252 finished with value: 0.32241229736155574 and parameters: {'window_influence': 0.42878117932529614, 'penalty_k': 0.1054089514719353, 'scale_lr': 0.32451020816590775}. Best is trial 222 with value: 0.3504677095997658.
checkpoint_e19 window_influence: 0.44701423357532472, penalty_k: 0.04268438815611378, scale_lr: 0.38432276943756399, EAO: 0.331
Trial 253 finished with value: 0.3308249181462633 and parameters: {'window_influence': 0.4470142335753247, 'penalty_k': 0.04268438815611378, 'scale_lr': 0.384322769437564}. Best is trial 222 with value: 0.3504677095997658.
checkpoint_e19 window_influence: 0.40705236453111227, penalty_k: 0.07310506353845921, scale_lr: 0.31181657298285337, EAO: 0.300
Trial 254 finished with value: 0.30040461770059534 and parameters: {'window_influence': 0.40705236453111227, 'penalty_k': 0.0731050635384592, 'scale_lr': 0.31181657298285337}. Best is trial 222 with value: 0.3504677095997658.
checkpoint_e19 window_influence: 0.45615220294037101, penalty_k: 0.05700761738287867, scale_lr: 0.34564966464391067, EAO: 0.320
Trial 255 finished with value: 0.32034571434041403 and parameters: {'window_influence': 0.456152202940371, 'penalty_k': 0.05700761738287867, 'scale_lr': 0.34564966464391067}. Best is trial 222 with value: 0.3504677095997658.
checkpoint_e19 window_influence: 0.37867362476386218, penalty_k: 0.03495118098098066, scale_lr: 0.40191103971970943, EAO: 0.325
Trial 256 finished with value: 0.32482227282997234 and parameters: {'window_influence': 0.3786736247638622, 'penalty_k': 0.03495118098098066, 'scale_lr': 0.40191103971970943}. Best is trial 222 with value: 0.3504677095997658.
checkpoint_e19 window_influence: 0.42297569831681825, penalty_k: 0.09816502916566865, scale_lr: 0.27660590886630448, EAO: 0.336
Trial 257 finished with value: 0.3358754972539523 and parameters: {'window_influence': 0.42297569831681825, 'penalty_k': 0.09816502916566865, 'scale_lr': 0.2766059088663045}. Best is trial 222 with value: 0.3504677095997658.
checkpoint_e19 window_influence: 0.33665581338573430, penalty_k: 0.01299764983886435, scale_lr: 0.42203082188400276, EAO: 0.315
Trial 258 finished with value: 0.31538213540144006 and parameters: {'window_influence': 0.3366558133857343, 'penalty_k': 0.012997649838864351, 'scale_lr': 0.42203082188400276}. Best is trial 222 with value: 0.3504677095997658.
checkpoint_e19 window_influence: 0.47300865530835379, penalty_k: 0.04863428298485293, scale_lr: 0.36734999200582874, EAO: 0.314
Trial 259 finished with value: 0.31370642978393615 and parameters: {'window_influence': 0.4730086553083538, 'penalty_k': 0.04863428298485293, 'scale_lr': 0.36734999200582874}. Best is trial 222 with value: 0.3504677095997658.
checkpoint_e19 window_influence: 0.44051988388703178, penalty_k: 0.02778815577604309, scale_lr: 0.29186524835220246, EAO: 0.318
Trial 260 finished with value: 0.31778988549449566 and parameters: {'window_influence': 0.4405198838870318, 'penalty_k': 0.027788155776043086, 'scale_lr': 0.29186524835220246}. Best is trial 222 with value: 0.3504677095997658.
checkpoint_e19 window_influence: 0.46149333775661683, penalty_k: 0.07632634948878823, scale_lr: 0.47555306172198375, EAO: 0.338
Trial 261 finished with value: 0.3383938591303992 and parameters: {'window_influence': 0.46149333775661683, 'penalty_k': 0.07632634948878823, 'scale_lr': 0.47555306172198375}. Best is trial 222 with value: 0.3504677095997658.
checkpoint_e19 window_influence: 0.46362235349052755, penalty_k: 0.08447971628761876, scale_lr: 0.31400584363645606, EAO: 0.325
Trial 262 finished with value: 0.32503729154163763 and parameters: {'window_influence': 0.46362235349052755, 'penalty_k': 0.08447971628761876, 'scale_lr': 0.31400584363645606}. Best is trial 222 with value: 0.3504677095997658.
checkpoint_e19 window_influence: 0.47313249978478944, penalty_k: 0.07597560945123530, scale_lr: 0.33132271730445867, EAO: 0.316
Trial 263 finished with value: 0.31578419702526195 and parameters: {'window_influence': 0.47313249978478944, 'penalty_k': 0.0759756094512353, 'scale_lr': 0.33132271730445867}. Best is trial 222 with value: 0.3504677095997658.
checkpoint_e19 window_influence: 0.45584822918539236, penalty_k: 0.06508956665129496, scale_lr: 0.53303270940147707, EAO: 0.297
Trial 264 finished with value: 0.29696059499501254 and parameters: {'window_influence': 0.45584822918539236, 'penalty_k': 0.06508956665129496, 'scale_lr': 0.5330327094014771}. Best is trial 222 with value: 0.3504677095997658.
checkpoint_e19 window_influence: 0.46578596449146042, penalty_k: 0.11182369677723611, scale_lr: 0.45894560593962042, EAO: 0.304
Trial 265 finished with value: 0.30359764988552274 and parameters: {'window_influence': 0.4657859644914604, 'penalty_k': 0.11182369677723611, 'scale_lr': 0.4589456059396204}. Best is trial 222 with value: 0.3504677095997658.
checkpoint_e19 window_influence: 0.44863070022506640, penalty_k: 0.32323255048910826, scale_lr: 0.44694094708176990, EAO: 0.301
Trial 266 finished with value: 0.30140181471401617 and parameters: {'window_influence': 0.4486307002250664, 'penalty_k': 0.32323255048910826, 'scale_lr': 0.4469409470817699}. Best is trial 222 with value: 0.3504677095997658.
checkpoint_e19 window_influence: 0.28855009214274518, penalty_k: 0.09670323636557454, scale_lr: 0.70996857438739680, EAO: 0.293
Trial 267 finished with value: 0.29327064062602787 and parameters: {'window_influence': 0.2885500921427452, 'penalty_k': 0.09670323636557454, 'scale_lr': 0.7099685743873968}. Best is trial 222 with value: 0.3504677095997658.
checkpoint_e19 window_influence: 0.45946707593996011, penalty_k: 0.05917482737401390, scale_lr: 0.47732199723291718, EAO: 0.317
Trial 268 finished with value: 0.31706640680940235 and parameters: {'window_influence': 0.4594670759399601, 'penalty_k': 0.0591748273740139, 'scale_lr': 0.4773219972329172}. Best is trial 222 with value: 0.3504677095997658.
checkpoint_e19 window_influence: 0.47864277340422867, penalty_k: 0.29505054632901290, scale_lr: 0.28701887676110471, EAO: 0.291
Trial 269 finished with value: 0.29124508879296046 and parameters: {'window_influence': 0.47864277340422867, 'penalty_k': 0.2950505463290129, 'scale_lr': 0.2870188767611047}. Best is trial 222 with value: 0.3504677095997658.
checkpoint_e19 window_influence: 0.42488885540105037, penalty_k: 0.12248263804376441, scale_lr: 0.62919455857861872, EAO: 0.295
Trial 270 finished with value: 0.29473956016251085 and parameters: {'window_influence': 0.42488885540105037, 'penalty_k': 0.12248263804376441, 'scale_lr': 0.6291945585786187}. Best is trial 222 with value: 0.3504677095997658.
checkpoint_e19 window_influence: 0.44635397220547474, penalty_k: 0.07539288407577702, scale_lr: 0.47698321211848099, EAO: 0.311
Trial 271 finished with value: 0.3107434547133019 and parameters: {'window_influence': 0.44635397220547474, 'penalty_k': 0.07539288407577702, 'scale_lr': 0.476983212118481}. Best is trial 222 with value: 0.3504677095997658.
checkpoint_e19 window_influence: 0.41438575712110615, penalty_k: 0.04606272812280084, scale_lr: 0.25285069896275608, EAO: 0.320
Trial 272 finished with value: 0.3201656071940285 and parameters: {'window_influence': 0.41438575712110615, 'penalty_k': 0.046062728122800836, 'scale_lr': 0.2528506989627561}. Best is trial 222 with value: 0.3504677095997658.
checkpoint_e19 window_influence: 0.43615024520294593, penalty_k: 0.09065162573097882, scale_lr: 0.30982732072184116, EAO: 0.319
Trial 273 finished with value: 0.31912394581137926 and parameters: {'window_influence': 0.43615024520294593, 'penalty_k': 0.09065162573097882, 'scale_lr': 0.30982732072184116}. Best is trial 222 with value: 0.3504677095997658.
checkpoint_e19 window_influence: 0.39345451198967624, penalty_k: 0.26716033096343672, scale_lr: 0.32484650575190072, EAO: 0.300
Trial 274 finished with value: 0.2997792636837941 and parameters: {'window_influence': 0.39345451198967624, 'penalty_k': 0.2671603309634367, 'scale_lr': 0.3248465057519007}. Best is trial 222 with value: 0.3504677095997658.
checkpoint_e19 window_influence: 0.47747414080059597, penalty_k: 0.06001669268378090, scale_lr: 0.29842984454059390, EAO: 0.338
Trial 275 finished with value: 0.33771513570607403 and parameters: {'window_influence': 0.47747414080059597, 'penalty_k': 0.0600166926837809, 'scale_lr': 0.2984298445405939}. Best is trial 222 with value: 0.3504677095997658.
checkpoint_e19 window_influence: 0.47446854183237586, penalty_k: 0.06530147718454592, scale_lr: 0.49046497086030777, EAO: 0.312
Trial 276 finished with value: 0.3116000470368315 and parameters: {'window_influence': 0.47446854183237586, 'penalty_k': 0.06530147718454592, 'scale_lr': 0.49046497086030777}. Best is trial 222 with value: 0.3504677095997658.
checkpoint_e19 window_influence: 0.36371589100325874, penalty_k: 0.05595633719668591, scale_lr: 0.29859017189912546, EAO: 0.309
Trial 277 finished with value: 0.30899774315060347 and parameters: {'window_influence': 0.36371589100325874, 'penalty_k': 0.05595633719668591, 'scale_lr': 0.29859017189912546}. Best is trial 222 with value: 0.3504677095997658.
checkpoint_e19 window_influence: 0.46516645516714866, penalty_k: 0.04541670486064237, scale_lr: 0.51523131359804319, EAO: 0.297
Trial 278 finished with value: 0.2970080416838019 and parameters: {'window_influence': 0.46516645516714866, 'penalty_k': 0.045416704860642365, 'scale_lr': 0.5152313135980432}. Best is trial 222 with value: 0.3504677095997658.
