Trial 26 finished with value: 0.3028610189833066 and parameters: {'window_influence': 0.3293151866776281, 'penalty_k': 0.4351420932595313, 'scale_lr': 0.6667985705920167}. Best is trial 14 with value: 0.33692474274783746.
checkpoint_e18 window_influence: 0.26669641837519253, penalty_k: 0.44523530174500769, scale_lr: 0.79097415567658436, EAO: 0.279
Trial 12 finished with value: 0.2788002358800242 and parameters: {'window_influence': 0.26669641837519253, 'penalty_k': 0.4452353017450077, 'scale_lr': 0.7909741556765844}. Best is trial 7 with value: 0.3239596019922991.
checkpoint_e18 window_influence: 0.44091362805246787, penalty_k: 0.53509144694601263, scale_lr: 0.75327507880891498, EAO: 0.333
Trial 27 finished with value: 0.3325077828730127 and parameters: {'window_influence': 0.44091362805246787, 'penalty_k': 0.5350914469460126, 'scale_lr': 0.753275078808915}. Best is trial 14 with value: 0.33692474274783746.
checkpoint_e18 window_influence: 0.55152648407656801, penalty_k: 0.59614766548359133, scale_lr: 0.56645622960904174, EAO: 0.261
Trial 28 finished with value: 0.26128143820085414 and parameters: {'window_influence': 0.551526484076568, 'penalty_k': 0.5961476654835913, 'scale_lr': 0.5664562296090417}. Best is trial 14 with value: 0.33692474274783746.
checkpoint_e18 window_influence: 0.24998277872553248, penalty_k: 0.31466771975725571, scale_lr: 0.32593151736804277, EAO: 0.280
Trial 13 finished with value: 0.2803736101212668 and parameters: {'window_influence': 0.24998277872553248, 'penalty_k': 0.3146677197572557, 'scale_lr': 0.32593151736804277}. Best is trial 7 with value: 0.3239596019922991.
checkpoint_e18 window_influence: 0.20869708061491979, penalty_k: 0.46257095634320200, scale_lr: 0.61945310743025916, EAO: 0.266
Trial 29 finished with value: 0.26645860070152505 and parameters: {'window_influence': 0.2086970806149198, 'penalty_k': 0.462570956343202, 'scale_lr': 0.6194531074302592}. Best is trial 14 with value: 0.33692474274783746.
checkpoint_e18 window_influence: 0.38610181191255338, penalty_k: 0.51753669725972329, scale_lr: 0.63258374287955776, EAO: 0.296
Trial 30 finished with value: 0.2955997411147166 and parameters: {'window_influence': 0.3861018119125534, 'penalty_k': 0.5175366972597233, 'scale_lr': 0.6325837428795578}. Best is trial 14 with value: 0.33692474274783746.
checkpoint_e18 window_influence: 0.49737254240781059, penalty_k: 0.18871970753380643, scale_lr: 0.48206326070966538, EAO: 0.306
Trial 14 finished with value: 0.30607765107071355 and parameters: {'window_influence': 0.4973725424078106, 'penalty_k': 0.18871970753380643, 'scale_lr': 0.4820632607096654}. Best is trial 7 with value: 0.3239596019922991.
checkpoint_e18 window_influence: 0.44531104700692392, penalty_k: 0.53895980064717786, scale_lr: 0.75352726847246221, EAO: 0.316
Trial 31 finished with value: 0.3164440682773924 and parameters: {'window_influence': 0.4453110470069239, 'penalty_k': 0.5389598006471779, 'scale_lr': 0.7535272684724622}. Best is trial 14 with value: 0.33692474274783746.
checkpoint_e18 window_influence: 0.46273795061223655, penalty_k: 0.55322593165805234, scale_lr: 0.75316205110214596, EAO: 0.289
Trial 32 finished with value: 0.289405999016669 and parameters: {'window_influence': 0.46273795061223655, 'penalty_k': 0.5532259316580523, 'scale_lr': 0.753162051102146}. Best is trial 14 with value: 0.33692474274783746.
checkpoint_e18 window_influence: 0.46299057772588670, penalty_k: 0.45645246745844337, scale_lr: 0.34027546405216413, EAO: 0.292
Trial 15 finished with value: 0.2918830324935542 and parameters: {'window_influence': 0.4629905777258867, 'penalty_k': 0.45645246745844337, 'scale_lr': 0.34027546405216413}. Best is trial 7 with value: 0.3239596019922991.
checkpoint_e18 window_influence: 0.50503386495346714, penalty_k: 0.55286589606229719, scale_lr: 0.74849768188324228, EAO: 0.286
Trial 33 finished with value: 0.2860099463379337 and parameters: {'window_influence': 0.5050338649534671, 'penalty_k': 0.5528658960622972, 'scale_lr': 0.7484976818832423}. Best is trial 14 with value: 0.33692474274783746.
checkpoint_e18 window_influence: 0.43841865449129852, penalty_k: 0.49897120180902321, scale_lr: 0.69667212536083656, EAO: 0.300
Trial 34 finished with value: 0.3003389503125551 and parameters: {'window_influence': 0.4384186544912985, 'penalty_k': 0.4989712018090232, 'scale_lr': 0.6966721253608366}. Best is trial 14 with value: 0.33692474274783746.
checkpoint_e18 window_influence: 0.27780054180923147, penalty_k: 0.34337924858259306, scale_lr: 0.47769159275803097, EAO: 0.292
Trial 16 finished with value: 0.29155875742435455 and parameters: {'window_influence': 0.27780054180923147, 'penalty_k': 0.34337924858259306, 'scale_lr': 0.47769159275803097}. Best is trial 7 with value: 0.3239596019922991.
checkpoint_e18 window_influence: 0.37697361076081193, penalty_k: 0.37754970077106748, scale_lr: 0.76020505996733667, EAO: 0.297
Trial 35 finished with value: 0.296726314590135 and parameters: {'window_influence': 0.37697361076081193, 'penalty_k': 0.3775497007710675, 'scale_lr': 0.7602050599673367}. Best is trial 14 with value: 0.33692474274783746.
checkpoint_e18 window_influence: 0.44992331387461137, penalty_k: 0.44435603535922219, scale_lr: 0.65464239936254631, EAO: 0.322
Trial 36 finished with value: 0.32158716811512233 and parameters: {'window_influence': 0.4499233138746114, 'penalty_k': 0.4443560353592222, 'scale_lr': 0.6546423993625463}. Best is trial 14 with value: 0.33692474274783746.
checkpoint_e18 window_influence: 0.42260041611464938, penalty_k: 0.10390407088492369, scale_lr: 0.35307565952763004, EAO: 0.312
Trial 17 finished with value: 0.31160300801932117 and parameters: {'window_influence': 0.4226004161146494, 'penalty_k': 0.10390407088492369, 'scale_lr': 0.35307565952763004}. Best is trial 7 with value: 0.3239596019922991.
checkpoint_e18 window_influence: 0.39446639755940843, penalty_k: 0.44848002626245870, scale_lr: 0.64707209786790920, EAO: 0.304
Trial 37 finished with value: 0.30445198685742536 and parameters: {'window_influence': 0.39446639755940843, 'penalty_k': 0.4484800262624587, 'scale_lr': 0.6470720978679092}. Best is trial 14 with value: 0.33692474274783746.
checkpoint_e18 window_influence: 0.35816617741802353, penalty_k: 0.34012138562541955, scale_lr: 0.69238388554581032, EAO: 0.306
Trial 38 finished with value: 0.30575318298219245 and parameters: {'window_influence': 0.35816617741802353, 'penalty_k': 0.34012138562541955, 'scale_lr': 0.6923838855458103}. Best is trial 14 with value: 0.33692474274783746.
checkpoint_e18 window_influence: 0.57811350501981351, penalty_k: 0.09534131598837517, scale_lr: 0.43645380564789815, EAO: 0.284
Trial 18 finished with value: 0.2839757634276082 and parameters: {'window_influence': 0.5781135050198135, 'penalty_k': 0.09534131598837517, 'scale_lr': 0.43645380564789815}. Best is trial 7 with value: 0.3239596019922991.
checkpoint_e18 window_influence: 0.44799806031029221, penalty_k: 0.29717996502547678, scale_lr: 0.70551295181040818, EAO: 0.323
Trial 39 finished with value: 0.32255704787918565 and parameters: {'window_influence': 0.4479980603102922, 'penalty_k': 0.2971799650254768, 'scale_lr': 0.7055129518104082}. Best is trial 14 with value: 0.33692474274783746.
checkpoint_e18 window_influence: 0.59090333747866819, penalty_k: 0.31205815476440979, scale_lr: 0.53903124827251170, EAO: 0.240
Trial 40 finished with value: 0.23986670635785573 and parameters: {'window_influence': 0.5909033374786682, 'penalty_k': 0.3120581547644098, 'scale_lr': 0.5390312482725117}. Best is trial 14 with value: 0.33692474274783746.
checkpoint_e18 window_influence: 0.43746888017661378, penalty_k: 0.11958532867015222, scale_lr: 0.37026801627407585, EAO: 0.307
Trial 19 finished with value: 0.30689059522597245 and parameters: {'window_influence': 0.4374688801766138, 'penalty_k': 0.11958532867015222, 'scale_lr': 0.37026801627407585}. Best is trial 7 with value: 0.3239596019922991.
checkpoint_e18 window_influence: 0.44260288413529553, penalty_k: 0.36471436772889176, scale_lr: 0.70733493550134163, EAO: 0.315
Trial 41 finished with value: 0.3145206378707626 and parameters: {'window_influence': 0.4426028841352955, 'penalty_k': 0.36471436772889176, 'scale_lr': 0.7073349355013416}. Best is trial 14 with value: 0.33692474274783746.
checkpoint_e18 window_influence: 0.44292451166389291, penalty_k: 0.26735473587771719, scale_lr: 0.75900371017166712, EAO: 0.303
Trial 42 finished with value: 0.30346332960091676 and parameters: {'window_influence': 0.4429245116638929, 'penalty_k': 0.2673547358777172, 'scale_lr': 0.7590037101716671}. Best is trial 14 with value: 0.33692474274783746.
checkpoint_e18 window_influence: 0.53588265453836281, penalty_k: 0.26892195823380516, scale_lr: 0.29146492185135825, EAO: 0.305
Trial 20 finished with value: 0.30495516410829493 and parameters: {'window_influence': 0.5358826545383628, 'penalty_k': 0.26892195823380516, 'scale_lr': 0.29146492185135825}. Best is trial 7 with value: 0.3239596019922991.
checkpoint_e18 window_influence: 0.50153345483985323, penalty_k: 0.42245502413878555, scale_lr: 0.63653330055839463, EAO: 0.309
Trial 43 finished with value: 0.30900988232068977 and parameters: {'window_influence': 0.5015334548398532, 'penalty_k': 0.42245502413878555, 'scale_lr': 0.6365333005583946}. Best is trial 14 with value: 0.33692474274783746.
checkpoint_e18 window_influence: 0.39651672029621882, penalty_k: 0.46012489305412341, scale_lr: 0.67448242854873985, EAO: 0.305
Trial 44 finished with value: 0.30474936591048185 and parameters: {'window_influence': 0.3965167202962188, 'penalty_k': 0.4601248930541234, 'scale_lr': 0.6744824285487399}. Best is trial 14 with value: 0.33692474274783746.
checkpoint_e18 window_influence: 0.40849767355428235, penalty_k: 0.02910951711760792, scale_lr: 0.29182526655458813, EAO: 0.322
Trial 21 finished with value: 0.3217519862062736 and parameters: {'window_influence': 0.40849767355428235, 'penalty_k': 0.029109517117607925, 'scale_lr': 0.2918252665545881}. Best is trial 7 with value: 0.3239596019922991.
checkpoint_e18 window_influence: 0.46422476138012148, penalty_k: 0.29733971761767375, scale_lr: 0.73009390389134887, EAO: 0.303
Trial 45 finished with value: 0.3030096174214137 and parameters: {'window_influence': 0.4642247613801215, 'penalty_k': 0.29733971761767375, 'scale_lr': 0.7300939038913489}. Best is trial 14 with value: 0.33692474274783746.
checkpoint_e18 window_influence: 0.54470758439135547, penalty_k: 0.23947679502500138, scale_lr: 0.40076575263939707, EAO: 0.285
Trial 46 finished with value: 0.28484279601490453 and parameters: {'window_influence': 0.5447075843913555, 'penalty_k': 0.23947679502500138, 'scale_lr': 0.40076575263939707}. Best is trial 14 with value: 0.33692474274783746.
checkpoint_e18 window_influence: 0.43179278242931701, penalty_k: 0.00063641620171516, scale_lr: 0.37353996590618760, EAO: 0.339
Trial 22 finished with value: 0.33883569270720276 and parameters: {'window_influence': 0.431792782429317, 'penalty_k': 0.0006364162017151558, 'scale_lr': 0.3735399659061876}. Best is trial 22 with value: 0.33883569270720276.
checkpoint_e18 window_influence: 0.48565221314185714, penalty_k: 0.41355071621681216, scale_lr: 0.76184279089321438, EAO: 0.297
Trial 47 finished with value: 0.2974150152985688 and parameters: {'window_influence': 0.48565221314185714, 'penalty_k': 0.41355071621681216, 'scale_lr': 0.7618427908932144}. Best is trial 14 with value: 0.33692474274783746.
checkpoint_e18 window_influence: 0.37075154890872447, penalty_k: 0.47545414124296365, scale_lr: 0.71658936595830613, EAO: 0.300
Trial 48 finished with value: 0.2999065242388833 and parameters: {'window_influence': 0.37075154890872447, 'penalty_k': 0.47545414124296365, 'scale_lr': 0.7165893659583061}. Best is trial 14 with value: 0.33692474274783746.
checkpoint_e18 window_influence: 0.33035711535857587, penalty_k: 0.01252562905278903, scale_lr: 0.43542332265619621, EAO: 0.320
Trial 23 finished with value: 0.32020750595437875 and parameters: {'window_influence': 0.33035711535857587, 'penalty_k': 0.012525629052789033, 'scale_lr': 0.4354233226561962}. Best is trial 22 with value: 0.33883569270720276.
checkpoint_e18 window_influence: 0.57409155702176817, penalty_k: 0.45212894070203780, scale_lr: 0.68276983206109765, EAO: 0.259
Trial 49 finished with value: 0.2593754676645368 and parameters: {'window_influence': 0.5740915570217682, 'penalty_k': 0.4521289407020378, 'scale_lr': 0.6827698320610976}. Best is trial 14 with value: 0.33692474274783746.
checkpoint_e18 window_influence: 0.50069179063985247, penalty_k: 0.35299956960793333, scale_lr: 0.59778839518043680, EAO: 0.313
Trial 50 finished with value: 0.3130912914698226 and parameters: {'window_influence': 0.5006917906398525, 'penalty_k': 0.35299956960793333, 'scale_lr': 0.5977883951804368}. Best is trial 14 with value: 0.33692474274783746.
checkpoint_e18 window_influence: 0.47764571148864726, penalty_k: 0.00873811049900092, scale_lr: 0.39142510172977429, EAO: 0.317
Trial 24 finished with value: 0.31667311054723274 and parameters: {'window_influence': 0.47764571148864726, 'penalty_k': 0.008738110499000917, 'scale_lr': 0.3914251017297743}. Best is trial 22 with value: 0.33883569270720276.
checkpoint_e18 window_influence: 0.42471640062868504, penalty_k: 0.40305275770370352, scale_lr: 0.70375215928700841, EAO: 0.310
Trial 51 finished with value: 0.3102610777440238 and parameters: {'window_influence': 0.42471640062868504, 'penalty_k': 0.4030527577037035, 'scale_lr': 0.7037521592870084}. Best is trial 14 with value: 0.33692474274783746.
checkpoint_e18 window_influence: 0.44602533877808481, penalty_k: 0.37863173840395287, scale_lr: 0.71875313049750145, EAO: 0.308
Trial 52 finished with value: 0.308187868460607 and parameters: {'window_influence': 0.4460253387780848, 'penalty_k': 0.37863173840395287, 'scale_lr': 0.7187531304975014}. Best is trial 14 with value: 0.33692474274783746.
checkpoint_e18 window_influence: 0.42242670480345457, penalty_k: 0.07566538326771979, scale_lr: 0.28529495557519291, EAO: 0.309
Trial 25 finished with value: 0.3086461671247557 and parameters: {'window_influence': 0.42242670480345457, 'penalty_k': 0.0756653832677198, 'scale_lr': 0.2852949555751929}. Best is trial 22 with value: 0.33883569270720276.
checkpoint_e18 window_influence: 0.47601141465225705, penalty_k: 0.43492268151019198, scale_lr: 0.76634480443147157, EAO: 0.323
Trial 53 finished with value: 0.32321944345759973 and parameters: {'window_influence': 0.47601141465225705, 'penalty_k': 0.434922681510192, 'scale_lr': 0.7663448044314716}. Best is trial 14 with value: 0.33692474274783746.
checkpoint_e18 window_influence: 0.48064166342501818, penalty_k: 0.49599696503845869, scale_lr: 0.77364944432596616, EAO: 0.299
Trial 54 finished with value: 0.2990568236734153 and parameters: {'window_influence': 0.4806416634250182, 'penalty_k': 0.4959969650384587, 'scale_lr': 0.7736494443259662}. Best is trial 14 with value: 0.33692474274783746.
checkpoint_e18 window_influence: 0.51158450748040774, penalty_k: 0.04888355765514600, scale_lr: 0.16994588914150388, EAO: 0.301
Trial 26 finished with value: 0.30068857788111913 and parameters: {'window_influence': 0.5115845074804077, 'penalty_k': 0.048883557655146, 'scale_lr': 0.16994588914150388}. Best is trial 22 with value: 0.33883569270720276.
checkpoint_e18 window_influence: 0.40776656143543299, penalty_k: 0.44227618875774066, scale_lr: 0.77743099939028670, EAO: 0.329
Trial 55 finished with value: 0.32931824312599717 and parameters: {'window_influence': 0.407766561435433, 'penalty_k': 0.44227618875774066, 'scale_lr': 0.7774309993902867}. Best is trial 14 with value: 0.33692474274783746.
checkpoint_e18 window_influence: 0.40060856446279314, penalty_k: 0.40279458398137474, scale_lr: 0.78358237088086435, EAO: 0.312
Trial 56 finished with value: 0.3117536411906959 and parameters: {'window_influence': 0.40060856446279314, 'penalty_k': 0.40279458398137474, 'scale_lr': 0.7835823708808644}. Best is trial 14 with value: 0.33692474274783746.
checkpoint_e18 window_influence: 0.44515909891310718, penalty_k: 0.05503107191675327, scale_lr: 0.33142207729755491, EAO: 0.317
Trial 27 finished with value: 0.316510588510491 and parameters: {'window_influence': 0.4451590989131072, 'penalty_k': 0.05503107191675327, 'scale_lr': 0.3314220772975549}. Best is trial 22 with value: 0.33883569270720276.
checkpoint_e18 window_influence: 0.53043123965005923, penalty_k: 0.43896122781247238, scale_lr: 0.79935884798092793, EAO: 0.271
Trial 57 finished with value: 0.2708323023894418 and parameters: {'window_influence': 0.5304312396500592, 'penalty_k': 0.4389612278124724, 'scale_lr': 0.7993588479809279}. Best is trial 14 with value: 0.33692474274783746.
checkpoint_e18 window_influence: 0.41623461018962743, penalty_k: 0.50995865793877648, scale_lr: 0.73310929521932600, EAO: 0.311
Trial 58 finished with value: 0.3112420867041391 and parameters: {'window_influence': 0.41623461018962743, 'penalty_k': 0.5099586579387765, 'scale_lr': 0.733109295219326}. Best is trial 14 with value: 0.33692474274783746.
checkpoint_e18 window_influence: 0.31979869823641199, penalty_k: 0.13253719156847499, scale_lr: 0.47106460129564021, EAO: 0.326
Trial 28 finished with value: 0.3261370487830054 and parameters: {'window_influence': 0.319798698236412, 'penalty_k': 0.132537191568475, 'scale_lr': 0.4710646012956402}. Best is trial 22 with value: 0.33883569270720276.
checkpoint_e18 window_influence: 0.46140078741966728, penalty_k: 0.42904070999163202, scale_lr: 0.77517780364182598, EAO: 0.317
Trial 59 finished with value: 0.3168120798781688 and parameters: {'window_influence': 0.4614007874196673, 'penalty_k': 0.429040709991632, 'scale_lr': 0.775177803641826}. Best is trial 14 with value: 0.33692474274783746.
checkpoint_e18 window_influence: 0.51902011644800417, penalty_k: 0.47120847129681365, scale_lr: 0.66322113155258833, EAO: 0.291
Trial 60 finished with value: 0.291105516805723 and parameters: {'window_influence': 0.5190201164480042, 'penalty_k': 0.47120847129681365, 'scale_lr': 0.6632211315525883}. Best is trial 14 with value: 0.33692474274783746.
checkpoint_e18 window_influence: 0.31399011927517889, penalty_k: 0.14667854442499706, scale_lr: 0.50457418141496435, EAO: 0.289
Trial 29 finished with value: 0.288794316612329 and parameters: {'window_influence': 0.3139901192751789, 'penalty_k': 0.14667854442499706, 'scale_lr': 0.5045741814149644}. Best is trial 22 with value: 0.33883569270720276.
checkpoint_e18 window_influence: 0.46804424370470821, penalty_k: 0.41793285319095597, scale_lr: 0.76970603909888224, EAO: 0.307
Trial 61 finished with value: 0.30725361157484093 and parameters: {'window_influence': 0.4680442437047082, 'penalty_k': 0.41793285319095597, 'scale_lr': 0.7697060390988822}. Best is trial 14 with value: 0.33692474274783746.
checkpoint_e18 window_influence: 0.48406556572194653, penalty_k: 0.43894086970892987, scale_lr: 0.77467245818686647, EAO: 0.312
Trial 62 finished with value: 0.3115091940192397 and parameters: {'window_influence': 0.48406556572194653, 'penalty_k': 0.43894086970892987, 'scale_lr': 0.7746724581868665}. Best is trial 14 with value: 0.33692474274783746.
checkpoint_e18 window_influence: 0.34120183180552727, penalty_k: 0.07391908496016629, scale_lr: 0.44316942128987430, EAO: 0.302
Trial 30 finished with value: 0.30170596463439064 and parameters: {'window_influence': 0.34120183180552727, 'penalty_k': 0.07391908496016629, 'scale_lr': 0.4431694212898743}. Best is trial 22 with value: 0.33883569270720276.
checkpoint_e18 window_influence: 0.41968073533970118, penalty_k: 0.48139565534328943, scale_lr: 0.73659143295659846, EAO: 0.316
Trial 63 finished with value: 0.31565237022095616 and parameters: {'window_influence': 0.4196807353397012, 'penalty_k': 0.48139565534328943, 'scale_lr': 0.7365914329565985}. Best is trial 14 with value: 0.33692474274783746.
checkpoint_e18 window_influence: 0.45070154396601103, penalty_k: 0.46052928453800807, scale_lr: 0.77982925900446720, EAO: 0.317
Trial 64 finished with value: 0.3165265434215041 and parameters: {'window_influence': 0.45070154396601103, 'penalty_k': 0.46052928453800807, 'scale_lr': 0.7798292590044672}. Best is trial 14 with value: 0.33692474274783746.
checkpoint_e18 window_influence: 0.40751703673441358, penalty_k: 0.00600513698412249, scale_lr: 0.38231670876781737, EAO: 0.343
Trial 31 finished with value: 0.34328013252655354 and parameters: {'window_influence': 0.4075170367344136, 'penalty_k': 0.006005136984122492, 'scale_lr': 0.38231670876781737}. Best is trial 31 with value: 0.34328013252655354.
checkpoint_e18 window_influence: 0.46469776889005743, penalty_k: 0.38597811834085638, scale_lr: 0.73904290259136141, EAO: 0.315
Trial 65 finished with value: 0.314946360393257 and parameters: {'window_influence': 0.4646977688900574, 'penalty_k': 0.3859781183408564, 'scale_lr': 0.7390429025913614}. Best is trial 14 with value: 0.33692474274783746.
checkpoint_e18 window_influence: 0.42779258507094986, penalty_k: 0.50994515935667517, scale_lr: 0.79896025017464767, EAO: 0.305
Trial 66 finished with value: 0.3051917716454903 and parameters: {'window_influence': 0.42779258507094986, 'penalty_k': 0.5099451593566752, 'scale_lr': 0.7989602501746477}. Best is trial 14 with value: 0.33692474274783746.
checkpoint_e18 window_influence: 0.64882345747619452, penalty_k: 0.00101273562383584, scale_lr: 0.39347963088372473, EAO: 0.247
Trial 32 finished with value: 0.24733893515302977 and parameters: {'window_influence': 0.6488234574761945, 'penalty_k': 0.0010127356238358405, 'scale_lr': 0.39347963088372473}. Best is trial 31 with value: 0.34328013252655354.
checkpoint_e18 window_influence: 0.39849824093014335, penalty_k: 0.42819692706355150, scale_lr: 0.70427038386257934, EAO: 0.303
