Trial 886 finished with value: 0.310364502877113 and parameters: {'window_influence': 0.339773541745154, 'penalty_k': 0.18864474268063425, 'scale_lr': 0.18150667682133087}. Best is trial 374 with value: 0.3602400896382239.
checkpoint_e24 window_influence: 0.44808279946806567, penalty_k: 0.17117647092261937, scale_lr: 0.53691399546604135, EAO: 0.328
Trial 887 finished with value: 0.32826504888237684 and parameters: {'window_influence': 0.4480827994680657, 'penalty_k': 0.17117647092261937, 'scale_lr': 0.5369139954660413}. Best is trial 374 with value: 0.3602400896382239.
checkpoint_e24 window_influence: 0.24403659290770291, penalty_k: 0.15977041169945821, scale_lr: 0.54810342350164110, EAO: 0.320
Trial 888 finished with value: 0.3200634559652685 and parameters: {'window_influence': 0.2440365929077029, 'penalty_k': 0.15977041169945821, 'scale_lr': 0.5481034235016411}. Best is trial 374 with value: 0.3602400896382239.
checkpoint_e24 window_influence: 0.45383590523649253, penalty_k: 0.20802513782561524, scale_lr: 0.53180749875297251, EAO: 0.298
Trial 889 finished with value: 0.29781737175665013 and parameters: {'window_influence': 0.45383590523649253, 'penalty_k': 0.20802513782561524, 'scale_lr': 0.5318074987529725}. Best is trial 374 with value: 0.3602400896382239.
checkpoint_e24 window_influence: 0.07249110697871686, penalty_k: 0.17683807791185518, scale_lr: 0.55663704169899753, EAO: 0.255
Trial 890 finished with value: 0.25532134567253323 and parameters: {'window_influence': 0.07249110697871686, 'penalty_k': 0.17683807791185518, 'scale_lr': 0.5566370416989975}. Best is trial 374 with value: 0.3602400896382239.
checkpoint_e24 window_influence: 0.42286046293669005, penalty_k: 0.02067956347012253, scale_lr: 0.52310486413201007, EAO: 0.313
Trial 891 finished with value: 0.3126100335371633 and parameters: {'window_influence': 0.42286046293669005, 'penalty_k': 0.02067956347012253, 'scale_lr': 0.5231048641320101}. Best is trial 374 with value: 0.3602400896382239.
checkpoint_e24 window_influence: 0.46068691313719290, penalty_k: 0.26565027315203649, scale_lr: 0.56451034093214369, EAO: 0.323
Trial 892 finished with value: 0.3234342343032592 and parameters: {'window_influence': 0.4606869131371929, 'penalty_k': 0.2656502731520365, 'scale_lr': 0.5645103409321437}. Best is trial 374 with value: 0.3602400896382239.
checkpoint_e24 window_influence: 0.54865112135371852, penalty_k: 0.46505195338489697, scale_lr: 0.53206292432672586, EAO: 0.280
Trial 893 finished with value: 0.2796431240056739 and parameters: {'window_influence': 0.5486511213537185, 'penalty_k': 0.46505195338489697, 'scale_lr': 0.5320629243267259}. Best is trial 374 with value: 0.3602400896382239.
checkpoint_e24 window_influence: 0.20380162160573831, penalty_k: 0.54951838744562564, scale_lr: 0.54786400629924614, EAO: 0.290
Trial 894 finished with value: 0.28976120686716605 and parameters: {'window_influence': 0.2038016216057383, 'penalty_k': 0.5495183874456256, 'scale_lr': 0.5478640062992461}. Best is trial 374 with value: 0.3602400896382239.
checkpoint_e24 window_influence: 0.39101442951518350, penalty_k: 0.41253160296524483, scale_lr: 0.51893498174249220, EAO: 0.350
Trial 895 finished with value: 0.3496533808541205 and parameters: {'window_influence': 0.3910144295151835, 'penalty_k': 0.4125316029652448, 'scale_lr': 0.5189349817424922}. Best is trial 374 with value: 0.3602400896382239.
checkpoint_e24 window_influence: 0.40799756303878537, penalty_k: 0.41386691394615605, scale_lr: 0.41936189581862321, EAO: 0.321
Trial 896 finished with value: 0.3206915147457605 and parameters: {'window_influence': 0.40799756303878537, 'penalty_k': 0.41386691394615605, 'scale_lr': 0.4193618958186232}. Best is trial 374 with value: 0.3602400896382239.
checkpoint_e24 window_influence: 0.40937029541776337, penalty_k: 0.41329375372403732, scale_lr: 0.75997453879281307, EAO: 0.295
Trial 897 finished with value: 0.2946213584697664 and parameters: {'window_influence': 0.4093702954177634, 'penalty_k': 0.4132937537240373, 'scale_lr': 0.7599745387928131}. Best is trial 374 with value: 0.3602400896382239.
checkpoint_e24 window_influence: 0.42495509796004616, penalty_k: 0.42664322323896614, scale_lr: 0.25292762868533913, EAO: 0.290
Trial 898 finished with value: 0.29021982802259316 and parameters: {'window_influence': 0.42495509796004616, 'penalty_k': 0.42664322323896614, 'scale_lr': 0.25292762868533913}. Best is trial 374 with value: 0.3602400896382239.
checkpoint_e24 window_influence: 0.43373000627152797, penalty_k: 0.39555911881317218, scale_lr: 0.53780247327360187, EAO: 0.303
Trial 899 finished with value: 0.3033706628742849 and parameters: {'window_influence': 0.43373000627152797, 'penalty_k': 0.3955591188131722, 'scale_lr': 0.5378024732736019}. Best is trial 374 with value: 0.3602400896382239.
checkpoint_e24 window_influence: 0.39187922030193445, penalty_k: 0.43554132443050658, scale_lr: 0.51831685827471441, EAO: 0.305
Trial 900 finished with value: 0.30470549874732467 and parameters: {'window_influence': 0.39187922030193445, 'penalty_k': 0.4355413244305066, 'scale_lr': 0.5183168582747144}. Best is trial 374 with value: 0.3602400896382239.
checkpoint_e24 window_influence: 0.35504898523258177, penalty_k: 0.40624630409116375, scale_lr: 0.55812419377853895, EAO: 0.284
Trial 901 finished with value: 0.2842566460255055 and parameters: {'window_influence': 0.35504898523258177, 'penalty_k': 0.40624630409116375, 'scale_lr': 0.558124193778539}. Best is trial 374 with value: 0.3602400896382239.
checkpoint_e24 window_influence: 0.43966806013034743, penalty_k: 0.36708678981889720, scale_lr: 0.62819757832033385, EAO: 0.317
Trial 902 finished with value: 0.3173871014832523 and parameters: {'window_influence': 0.4396680601303474, 'penalty_k': 0.3670867898188972, 'scale_lr': 0.6281975783203338}. Best is trial 374 with value: 0.3602400896382239.
checkpoint_e24 window_influence: 0.39014892727570205, penalty_k: 0.40114877134940691, scale_lr: 0.15690373580170008, EAO: 0.298
Trial 903 finished with value: 0.2975610321829755 and parameters: {'window_influence': 0.39014892727570205, 'penalty_k': 0.4011487713494069, 'scale_lr': 0.15690373580170008}. Best is trial 374 with value: 0.3602400896382239.
checkpoint_e24 window_influence: 0.39386719558190819, penalty_k: 0.41911170324783914, scale_lr: 0.57686653313534719, EAO: 0.332
Trial 904 finished with value: 0.33228855124939277 and parameters: {'window_influence': 0.3938671955819082, 'penalty_k': 0.41911170324783914, 'scale_lr': 0.5768665331353472}. Best is trial 374 with value: 0.3602400896382239.
checkpoint_e24 window_influence: 0.39978116711993988, penalty_k: 0.38349898630239004, scale_lr: 0.52241148607386401, EAO: 0.305
Trial 905 finished with value: 0.3049260490367385 and parameters: {'window_influence': 0.3997811671199399, 'penalty_k': 0.38349898630239004, 'scale_lr': 0.522411486073864}. Best is trial 374 with value: 0.3602400896382239.
checkpoint_e24 window_influence: 0.36836630308039747, penalty_k: 0.32863889748262709, scale_lr: 0.70983815765151592, EAO: 0.312
Trial 906 finished with value: 0.3119598085546308 and parameters: {'window_influence': 0.3683663030803975, 'penalty_k': 0.3286388974826271, 'scale_lr': 0.7098381576515159}. Best is trial 374 with value: 0.3602400896382239.
checkpoint_e24 window_influence: 0.42552930934028710, penalty_k: 0.48857535960057158, scale_lr: 0.72429340368505701, EAO: 0.301
Trial 907 finished with value: 0.30137224478016567 and parameters: {'window_influence': 0.4255293093402871, 'penalty_k': 0.4885753596005716, 'scale_lr': 0.724293403685057}. Best is trial 374 with value: 0.3602400896382239.
checkpoint_e24 window_influence: 0.44942672036266784, penalty_k: 0.58039745553351074, scale_lr: 0.54558065476164419, EAO: 0.315
Trial 908 finished with value: 0.31513259875867156 and parameters: {'window_influence': 0.44942672036266784, 'penalty_k': 0.5803974555335107, 'scale_lr': 0.5455806547616442}. Best is trial 374 with value: 0.3602400896382239.
checkpoint_e24 window_influence: 0.38548344922470318, penalty_k: 0.51520317494023060, scale_lr: 0.59927063154706739, EAO: 0.285
Trial 909 finished with value: 0.284587284586309 and parameters: {'window_influence': 0.3854834492247032, 'penalty_k': 0.5152031749402306, 'scale_lr': 0.5992706315470674}. Best is trial 374 with value: 0.3602400896382239.
checkpoint_e24 window_influence: 0.37503627143062751, penalty_k: 0.19415002831336567, scale_lr: 0.51348030672693590, EAO: 0.308
Trial 910 finished with value: 0.30817392120565423 and parameters: {'window_influence': 0.3750362714306275, 'penalty_k': 0.19415002831336567, 'scale_lr': 0.5134803067269359}. Best is trial 374 with value: 0.3602400896382239.
checkpoint_e24 window_influence: 0.41641987281539450, penalty_k: 0.52932240045642609, scale_lr: 0.78215781767305781, EAO: 0.301
Trial 911 finished with value: 0.30100484360516766 and parameters: {'window_influence': 0.4164198728153945, 'penalty_k': 0.5293224004564261, 'scale_lr': 0.7821578176730578}. Best is trial 374 with value: 0.3602400896382239.
checkpoint_e24 window_influence: 0.44264293098973112, penalty_k: 0.44029264399917417, scale_lr: 0.56783641849239586, EAO: 0.328
Trial 912 finished with value: 0.3275983039623105 and parameters: {'window_influence': 0.4426429309897311, 'penalty_k': 0.44029264399917417, 'scale_lr': 0.5678364184923959}. Best is trial 374 with value: 0.3602400896382239.
checkpoint_e24 window_influence: 0.45912532847334819, penalty_k: 0.29414484892241227, scale_lr: 0.53304540093210473, EAO: 0.311
Trial 913 finished with value: 0.31068619778416035 and parameters: {'window_influence': 0.4591253284733482, 'penalty_k': 0.29414484892241227, 'scale_lr': 0.5330454009321047}. Best is trial 374 with value: 0.3602400896382239.
checkpoint_e24 window_influence: 0.13465405508127548, penalty_k: 0.18173459748387477, scale_lr: 0.50897628311137144, EAO: 0.274
Trial 914 finished with value: 0.27449896664934864 and parameters: {'window_influence': 0.13465405508127548, 'penalty_k': 0.18173459748387477, 'scale_lr': 0.5089762831113714}. Best is trial 374 with value: 0.3602400896382239.
checkpoint_e24 window_influence: 0.05704122411565465, penalty_k: 0.43182189125043169, scale_lr: 0.20340450088097137, EAO: 0.230
Trial 915 finished with value: 0.23005827768535467 and parameters: {'window_influence': 0.057041224115654654, 'penalty_k': 0.4318218912504317, 'scale_lr': 0.20340450088097137}. Best is trial 374 with value: 0.3602400896382239.
checkpoint_e24 window_influence: 0.32799735887128389, penalty_k: 0.24052342809312877, scale_lr: 0.42881739697608706, EAO: 0.312
Trial 916 finished with value: 0.31171738718734177 and parameters: {'window_influence': 0.3279973588712839, 'penalty_k': 0.24052342809312877, 'scale_lr': 0.42881739697608706}. Best is trial 374 with value: 0.3602400896382239.
checkpoint_e24 window_influence: 0.46694321207149825, penalty_k: 0.04097890484100961, scale_lr: 0.61633250411739093, EAO: 0.307
Trial 917 finished with value: 0.30729063510430926 and parameters: {'window_influence': 0.46694321207149825, 'penalty_k': 0.040978904841009606, 'scale_lr': 0.6163325041173909}. Best is trial 374 with value: 0.3602400896382239.
checkpoint_e24 window_influence: 0.43499477460743674, penalty_k: 0.21840417985195115, scale_lr: 0.35557666856141346, EAO: 0.323
Trial 918 finished with value: 0.3229261710370097 and parameters: {'window_influence': 0.43499477460743674, 'penalty_k': 0.21840417985195115, 'scale_lr': 0.35557666856141346}. Best is trial 374 with value: 0.3602400896382239.
checkpoint_e24 window_influence: 0.45074383091351650, penalty_k: 0.37332851996651428, scale_lr: 0.75357552265896288, EAO: 0.309
Trial 919 finished with value: 0.30895655141266404 and parameters: {'window_influence': 0.4507438309135165, 'penalty_k': 0.3733285199665143, 'scale_lr': 0.7535755226589629}. Best is trial 374 with value: 0.3602400896382239.
checkpoint_e24 window_influence: 0.34868707953800421, penalty_k: 0.27399036974466612, scale_lr: 0.55117409073301182, EAO: 0.292
Trial 920 finished with value: 0.2917360095198516 and parameters: {'window_influence': 0.3486870795380042, 'penalty_k': 0.2739903697446661, 'scale_lr': 0.5511740907330118}. Best is trial 374 with value: 0.3602400896382239.
checkpoint_e24 window_influence: 0.46629443484395550, penalty_k: 0.20671098885671413, scale_lr: 0.41228422909788892, EAO: 0.319
Trial 921 finished with value: 0.3190472188046934 and parameters: {'window_influence': 0.4662944348439555, 'penalty_k': 0.20671098885671413, 'scale_lr': 0.4122842290978889}. Best is trial 374 with value: 0.3602400896382239.
checkpoint_e24 window_influence: 0.45166683927499462, penalty_k: 0.54240723390215306, scale_lr: 0.58969989715151649, EAO: 0.351
Trial 922 finished with value: 0.35064721466966176 and parameters: {'window_influence': 0.4516668392749946, 'penalty_k': 0.5424072339021531, 'scale_lr': 0.5896998971515165}. Best is trial 374 with value: 0.3602400896382239.
checkpoint_e24 window_influence: 0.37641563900194902, penalty_k: 0.02838233560879759, scale_lr: 0.63355088577559338, EAO: 0.298
Trial 923 finished with value: 0.29825806826469037 and parameters: {'window_influence': 0.376415639001949, 'penalty_k': 0.02838233560879759, 'scale_lr': 0.6335508857755934}. Best is trial 374 with value: 0.3602400896382239.
checkpoint_e24 window_influence: 0.15602083902244968, penalty_k: 0.53280103933318967, scale_lr: 0.58975111865122287, EAO: 0.270
Trial 924 finished with value: 0.27040793024844234 and parameters: {'window_influence': 0.15602083902244968, 'penalty_k': 0.5328010393331897, 'scale_lr': 0.5897511186512229}. Best is trial 374 with value: 0.3602400896382239.
checkpoint_e24 window_influence: 0.40677647470570572, penalty_k: 0.54187802632647009, scale_lr: 0.65081949989054189, EAO: 0.316
Trial 925 finished with value: 0.31595650054369456 and parameters: {'window_influence': 0.4067764747057057, 'penalty_k': 0.5418780263264701, 'scale_lr': 0.6508194998905419}. Best is trial 374 with value: 0.3602400896382239.
checkpoint_e24 window_influence: 0.43710855272200044, penalty_k: 0.30546852667656316, scale_lr: 0.67291981414235702, EAO: 0.317
Trial 926 finished with value: 0.31732404632095235 and parameters: {'window_influence': 0.43710855272200044, 'penalty_k': 0.30546852667656316, 'scale_lr': 0.672919814142357}. Best is trial 374 with value: 0.3602400896382239.
checkpoint_e24 window_influence: 0.42728282605331552, penalty_k: 0.45973601520048479, scale_lr: 0.52703558696875075, EAO: 0.337
Trial 927 finished with value: 0.33745585399379063 and parameters: {'window_influence': 0.4272828260533155, 'penalty_k': 0.4597360152004848, 'scale_lr': 0.5270355869687507}. Best is trial 374 with value: 0.3602400896382239.
checkpoint_e24 window_influence: 0.09062211354259642, penalty_k: 0.23479839711337874, scale_lr: 0.19687721072084746, EAO: 0.256
Trial 928 finished with value: 0.2556190780628516 and parameters: {'window_influence': 0.09062211354259642, 'penalty_k': 0.23479839711337874, 'scale_lr': 0.19687721072084746}. Best is trial 374 with value: 0.3602400896382239.
checkpoint_e24 window_influence: 0.28195585219551877, penalty_k: 0.41884116118349979, scale_lr: 0.27989655249472845, EAO: 0.301
Trial 929 finished with value: 0.301342121821897 and parameters: {'window_influence': 0.2819558521955188, 'penalty_k': 0.4188411611834998, 'scale_lr': 0.27989655249472845}. Best is trial 374 with value: 0.3602400896382239.
checkpoint_e24 window_influence: 0.45428187010061671, penalty_k: 0.01416622581463430, scale_lr: 0.45255674004629343, EAO: 0.339
Trial 930 finished with value: 0.33887188826553555 and parameters: {'window_influence': 0.4542818701006167, 'penalty_k': 0.014166225814634295, 'scale_lr': 0.4525567400462934}. Best is trial 374 with value: 0.3602400896382239.
checkpoint_e24 window_influence: 0.16429810567024011, penalty_k: 0.39564351088927291, scale_lr: 0.61129970884212836, EAO: 0.268
Trial 931 finished with value: 0.26752733581260946 and parameters: {'window_influence': 0.1642981056702401, 'penalty_k': 0.3956435108892729, 'scale_lr': 0.6112997088421284}. Best is trial 374 with value: 0.3602400896382239.
checkpoint_e24 window_influence: 0.47491321918080753, penalty_k: 0.25630138834851884, scale_lr: 0.77247452149262474, EAO: 0.318
Trial 932 finished with value: 0.3184632475737932 and parameters: {'window_influence': 0.47491321918080753, 'penalty_k': 0.25630138834851884, 'scale_lr': 0.7724745214926247}. Best is trial 374 with value: 0.3602400896382239.
checkpoint_e24 window_influence: 0.44841492128756816, penalty_k: 0.48107228978388428, scale_lr: 0.37443482416630519, EAO: 0.310
Trial 933 finished with value: 0.31027229240432325 and parameters: {'window_influence': 0.44841492128756816, 'penalty_k': 0.4810722897838843, 'scale_lr': 0.3744348241663052}. Best is trial 374 with value: 0.3602400896382239.
checkpoint_e24 window_influence: 0.41406823952613281, penalty_k: 0.50464762698458920, scale_lr: 0.38938634604747530, EAO: 0.300
Trial 934 finished with value: 0.2996838465622891 and parameters: {'window_influence': 0.4140682395261328, 'penalty_k': 0.5046476269845892, 'scale_lr': 0.3893863460474753}. Best is trial 374 with value: 0.3602400896382239.
checkpoint_e24 window_influence: 0.48318164944926451, penalty_k: 0.31995737678397046, scale_lr: 0.50032165479940294, EAO: 0.321
Trial 935 finished with value: 0.32094277319741155 and parameters: {'window_influence': 0.4831816494492645, 'penalty_k': 0.31995737678397046, 'scale_lr': 0.5003216547994029}. Best is trial 374 with value: 0.3602400896382239.
checkpoint_e24 window_influence: 0.45881804714859992, penalty_k: 0.34275699833641377, scale_lr: 0.54127380600516828, EAO: 0.324
Trial 936 finished with value: 0.323868376271734 and parameters: {'window_influence': 0.4588180471485999, 'penalty_k': 0.34275699833641377, 'scale_lr': 0.5412738060051683}. Best is trial 374 with value: 0.3602400896382239.
checkpoint_e24 window_influence: 0.58182826123888676, penalty_k: 0.36128688187458102, scale_lr: 0.26608529673477188, EAO: 0.264
Trial 937 finished with value: 0.2641616301893724 and parameters: {'window_influence': 0.5818282612388868, 'penalty_k': 0.361286881874581, 'scale_lr': 0.2660852967347719}. Best is trial 374 with value: 0.3602400896382239.
checkpoint_e24 window_influence: 0.44121295003493399, penalty_k: 0.47345498330503921, scale_lr: 0.52268721603351642, EAO: 0.310
Trial 938 finished with value: 0.3104688165716624 and parameters: {'window_influence': 0.441212950034934, 'penalty_k': 0.4734549833050392, 'scale_lr': 0.5226872160335164}. Best is trial 374 with value: 0.3602400896382239.
checkpoint_e24 window_influence: 0.47600118864824670, penalty_k: 0.28374857946355497, scale_lr: 0.22027586743018951, EAO: 0.316
Trial 939 finished with value: 0.3161339940727917 and parameters: {'window_influence': 0.4760011886482467, 'penalty_k': 0.283748579463555, 'scale_lr': 0.2202758674301895}. Best is trial 374 with value: 0.3602400896382239.
checkpoint_e24 window_influence: 0.63186105051718999, penalty_k: 0.05025633526616773, scale_lr: 0.69254390709842240, EAO: 0.243
Trial 940 finished with value: 0.2426223503824338 and parameters: {'window_influence': 0.63186105051719, 'penalty_k': 0.050256335266167726, 'scale_lr': 0.6925439070984224}. Best is trial 374 with value: 0.3602400896382239.
checkpoint_e24 window_influence: 0.46737998553748589, penalty_k: 0.16988352593735576, scale_lr: 0.12445266247714121, EAO: 0.320
Trial 941 finished with value: 0.31968251665046704 and parameters: {'window_influence': 0.4673799855374859, 'penalty_k': 0.16988352593735576, 'scale_lr': 0.12445266247714121}. Best is trial 374 with value: 0.3602400896382239.
checkpoint_e24 window_influence: 0.49116094336990007, penalty_k: 0.15728535916244354, scale_lr: 0.58567089831511399, EAO: 0.331
Trial 942 finished with value: 0.33144338788457417 and parameters: {'window_influence': 0.49116094336990007, 'penalty_k': 0.15728535916244354, 'scale_lr': 0.585670898315114}. Best is trial 374 with value: 0.3602400896382239.
checkpoint_e24 window_influence: 0.42918591807716983, penalty_k: 0.51966207050397528, scale_lr: 0.73184654077562872, EAO: 0.322
Trial 943 finished with value: 0.32221766738112334 and parameters: {'window_influence': 0.4291859180771698, 'penalty_k': 0.5196620705039753, 'scale_lr': 0.7318465407756287}. Best is trial 374 with value: 0.3602400896382239.
checkpoint_e24 window_influence: 0.40041144129361655, penalty_k: 0.38405874388432487, scale_lr: 0.51041260325168969, EAO: 0.306
Trial 944 finished with value: 0.30649280623471226 and parameters: {'window_influence': 0.40041144129361655, 'penalty_k': 0.38405874388432487, 'scale_lr': 0.5104126032516897}. Best is trial 374 with value: 0.3602400896382239.
checkpoint_e24 window_influence: 0.12833903015108197, penalty_k: 0.44629029746959897, scale_lr: 0.56356512432322681, EAO: 0.266
Trial 945 finished with value: 0.2660535510759873 and parameters: {'window_influence': 0.12833903015108197, 'penalty_k': 0.446290297469599, 'scale_lr': 0.5635651243232268}. Best is trial 374 with value: 0.3602400896382239.
checkpoint_e24 window_influence: 0.45440807659758181, penalty_k: 0.19975301447500102, scale_lr: 0.44099307067135557, EAO: 0.332
Trial 946 finished with value: 0.33194291487278177 and parameters: {'window_influence': 0.4544080765975818, 'penalty_k': 0.19975301447500102, 'scale_lr': 0.44099307067135557}. Best is trial 374 with value: 0.3602400896382239.
checkpoint_e24 window_influence: 0.48458549672610918, penalty_k: 0.49601602926546529, scale_lr: 0.79762631140684093, EAO: 0.312
Trial 947 finished with value: 0.312413507282502 and parameters: {'window_influence': 0.4845854967261092, 'penalty_k': 0.4960160292654653, 'scale_lr': 0.7976263114068409}. Best is trial 374 with value: 0.3602400896382239.
checkpoint_e24 window_influence: 0.36810214934127061, penalty_k: 0.40687405072509303, scale_lr: 0.30024830328322366, EAO: 0.299
