Trial 1674 finished with value: 0.3181554730764159 and parameters: {'window_influence': 0.49686449929702076, 'penalty_k': 0.24548928941309658, 'scale_lr': 0.3966447145183236}. Best is trial 62 with value: 0.3726749919963718.
checkpoint_e29 window_influence: 0.47892466727183863, penalty_k: 0.21847722238995543, scale_lr: 0.19280185849739073, EAO: 0.347
Trial 1675 finished with value: 0.3467749645969747 and parameters: {'window_influence': 0.47892466727183863, 'penalty_k': 0.21847722238995543, 'scale_lr': 0.19280185849739073}. Best is trial 62 with value: 0.3726749919963718.
checkpoint_e29 window_influence: 0.39568907441901402, penalty_k: 0.36907985818595029, scale_lr: 0.37789552454843039, EAO: 0.332
Trial 1676 finished with value: 0.3320308624538466 and parameters: {'window_influence': 0.395689074419014, 'penalty_k': 0.3690798581859503, 'scale_lr': 0.3778955245484304}. Best is trial 62 with value: 0.3726749919963718.
checkpoint_e29 window_influence: 0.52714557069578705, penalty_k: 0.18219956665141551, scale_lr: 0.20220373796302871, EAO: 0.329
Trial 1677 finished with value: 0.3288898507444775 and parameters: {'window_influence': 0.527145570695787, 'penalty_k': 0.1821995666514155, 'scale_lr': 0.2022037379630287}. Best is trial 62 with value: 0.3726749919963718.
checkpoint_e29 window_influence: 0.28291692131010671, penalty_k: 0.08552836430112702, scale_lr: 0.67370826934830019, EAO: 0.312
Trial 1678 finished with value: 0.31200595634920586 and parameters: {'window_influence': 0.2829169213101067, 'penalty_k': 0.08552836430112702, 'scale_lr': 0.6737082693483002}. Best is trial 62 with value: 0.3726749919963718.
checkpoint_e29 window_influence: 0.45695522391881732, penalty_k: 0.05568339810712447, scale_lr: 0.36025511728012649, EAO: 0.349
Trial 1679 finished with value: 0.34941204582206936 and parameters: {'window_influence': 0.4569552239188173, 'penalty_k': 0.05568339810712447, 'scale_lr': 0.3602551172801265}. Best is trial 62 with value: 0.3726749919963718.
checkpoint_e29 window_influence: 0.13896906870210091, penalty_k: 0.13617966480249150, scale_lr: 0.34407612422345391, EAO: 0.273
Trial 1680 finished with value: 0.27314605711731 and parameters: {'window_influence': 0.1389690687021009, 'penalty_k': 0.1361796648024915, 'scale_lr': 0.3440761242234539}. Best is trial 62 with value: 0.3726749919963718.
checkpoint_e29 window_influence: 0.50817191740797174, penalty_k: 0.33887293180503825, scale_lr: 0.14595136892355337, EAO: 0.301
Trial 1681 finished with value: 0.3013770875995725 and parameters: {'window_influence': 0.5081719174079717, 'penalty_k': 0.33887293180503825, 'scale_lr': 0.14595136892355337}. Best is trial 62 with value: 0.3726749919963718.
checkpoint_e29 window_influence: 0.59095577994272197, penalty_k: 0.01042224477282326, scale_lr: 0.51279744585314058, EAO: 0.271
Trial 1682 finished with value: 0.27111071933800146 and parameters: {'window_influence': 0.590955779942722, 'penalty_k': 0.010422244772823261, 'scale_lr': 0.5127974458531406}. Best is trial 62 with value: 0.3726749919963718.
checkpoint_e29 window_influence: 0.09318747822776924, penalty_k: 0.23674211081317587, scale_lr: 0.48845667300673290, EAO: 0.266
Trial 1683 finished with value: 0.2661358155745013 and parameters: {'window_influence': 0.09318747822776924, 'penalty_k': 0.23674211081317587, 'scale_lr': 0.4884566730067329}. Best is trial 62 with value: 0.3726749919963718.
checkpoint_e29 window_influence: 0.17299442849430283, penalty_k: 0.19938888911519792, scale_lr: 0.43349568614150202, EAO: 0.292
Trial 1684 finished with value: 0.29172755360371405 and parameters: {'window_influence': 0.17299442849430283, 'penalty_k': 0.19938888911519792, 'scale_lr': 0.433495686141502}. Best is trial 62 with value: 0.3726749919963718.
checkpoint_e29 window_influence: 0.49112438467044728, penalty_k: 0.03178681191475373, scale_lr: 0.32807284310664964, EAO: 0.331
Trial 1685 finished with value: 0.33137881257190777 and parameters: {'window_influence': 0.4911243846704473, 'penalty_k': 0.03178681191475373, 'scale_lr': 0.32807284310664964}. Best is trial 62 with value: 0.3726749919963718.
checkpoint_e29 window_influence: 0.46979289178222422, penalty_k: 0.10749131872343697, scale_lr: 0.17715595335903009, EAO: 0.341
Trial 1686 finished with value: 0.3406323107532026 and parameters: {'window_influence': 0.4697928917822242, 'penalty_k': 0.10749131872343697, 'scale_lr': 0.1771559533590301}. Best is trial 62 with value: 0.3726749919963718.
checkpoint_e29 window_influence: 0.43511600492829050, penalty_k: 0.30744604588118135, scale_lr: 0.54605841634188501, EAO: 0.320
Trial 1687 finished with value: 0.31980551796664525 and parameters: {'window_influence': 0.4351160049282905, 'penalty_k': 0.30744604588118135, 'scale_lr': 0.546058416341885}. Best is trial 62 with value: 0.3726749919963718.
checkpoint_e29 window_influence: 0.51395040702703354, penalty_k: 0.07344815429672101, scale_lr: 0.57558081122865978, EAO: 0.329
Trial 1688 finished with value: 0.32922839532798365 and parameters: {'window_influence': 0.5139504070270335, 'penalty_k': 0.07344815429672101, 'scale_lr': 0.5755808112286598}. Best is trial 62 with value: 0.3726749919963718.
checkpoint_e29 window_influence: 0.21720252181184310, penalty_k: 0.35289210164991786, scale_lr: 0.45419103329305227, EAO: 0.297
Trial 1689 finished with value: 0.29665341816755586 and parameters: {'window_influence': 0.2172025218118431, 'penalty_k': 0.35289210164991786, 'scale_lr': 0.45419103329305227}. Best is trial 62 with value: 0.3726749919963718.
checkpoint_e29 window_influence: 0.41021746947228771, penalty_k: 0.09312102800929516, scale_lr: 0.63967153453487124, EAO: 0.320
Trial 1690 finished with value: 0.32018435204307394 and parameters: {'window_influence': 0.4102174694722877, 'penalty_k': 0.09312102800929516, 'scale_lr': 0.6396715345348712}. Best is trial 62 with value: 0.3726749919963718.
checkpoint_e29 window_influence: 0.05913585873929805, penalty_k: 0.04860901844584139, scale_lr: 0.72727792426034488, EAO: 0.267
Trial 1691 finished with value: 0.2674616298670899 and parameters: {'window_influence': 0.05913585873929805, 'penalty_k': 0.04860901844584139, 'scale_lr': 0.7272779242603449}. Best is trial 62 with value: 0.3726749919963718.
checkpoint_e29 window_influence: 0.53416010902022248, penalty_k: 0.16929410674405479, scale_lr: 0.30471794052165851, EAO: 0.311
Trial 1692 finished with value: 0.3106781588106304 and parameters: {'window_influence': 0.5341601090202225, 'penalty_k': 0.1692941067440548, 'scale_lr': 0.3047179405216585}. Best is trial 62 with value: 0.3726749919963718.
checkpoint_e29 window_influence: 0.25207488741755990, penalty_k: 0.06270661712537426, scale_lr: 0.52782394435498170, EAO: 0.303
Trial 1693 finished with value: 0.30260921226169346 and parameters: {'window_influence': 0.2520748874175599, 'penalty_k': 0.06270661712537426, 'scale_lr': 0.5278239443549817}. Best is trial 62 with value: 0.3726749919963718.
checkpoint_e29 window_influence: 0.49880148735492186, penalty_k: 0.32436639896072794, scale_lr: 0.41025300945577642, EAO: 0.331
Trial 1694 finished with value: 0.33052100049846367 and parameters: {'window_influence': 0.49880148735492186, 'penalty_k': 0.32436639896072794, 'scale_lr': 0.4102530094557764}. Best is trial 62 with value: 0.3726749919963718.
checkpoint_e29 window_influence: 0.47924666661713683, penalty_k: 0.52470757734863016, scale_lr: 0.61851824318268145, EAO: 0.307
Trial 1695 finished with value: 0.30654548670995097 and parameters: {'window_influence': 0.47924666661713683, 'penalty_k': 0.5247075773486302, 'scale_lr': 0.6185182431826814}. Best is trial 62 with value: 0.3726749919963718.
checkpoint_e29 window_influence: 0.44692727941566845, penalty_k: 0.39046193806469626, scale_lr: 0.16298547504749805, EAO: 0.334
Trial 1696 finished with value: 0.3336736518121415 and parameters: {'window_influence': 0.44692727941566845, 'penalty_k': 0.39046193806469626, 'scale_lr': 0.16298547504749805}. Best is trial 62 with value: 0.3726749919963718.
checkpoint_e29 window_influence: 0.48890181502189639, penalty_k: 0.12530543087606044, scale_lr: 0.20194125327074924, EAO: 0.337
Trial 1697 finished with value: 0.336832834472916 and parameters: {'window_influence': 0.4889018150218964, 'penalty_k': 0.12530543087606044, 'scale_lr': 0.20194125327074924}. Best is trial 62 with value: 0.3726749919963718.
checkpoint_e29 window_influence: 0.17025001176133775, penalty_k: 0.08325946911938530, scale_lr: 0.47979540496037210, EAO: 0.288
Trial 1698 finished with value: 0.2883393695498255 and parameters: {'window_influence': 0.17025001176133775, 'penalty_k': 0.0832594691193853, 'scale_lr': 0.4797954049603721}. Best is trial 62 with value: 0.3726749919963718.
checkpoint_e29 window_influence: 0.51784730262971179, penalty_k: 0.01758985779119269, scale_lr: 0.18520586872929490, EAO: 0.347
Trial 1699 finished with value: 0.3467903127930044 and parameters: {'window_influence': 0.5178473026297118, 'penalty_k': 0.01758985779119269, 'scale_lr': 0.1852058687292949}. Best is trial 62 with value: 0.3726749919963718.
checkpoint_e29 window_influence: 0.45970332051848956, penalty_k: 0.15730903225063064, scale_lr: 0.56245794659686654, EAO: 0.340
Trial 1700 finished with value: 0.3397378636241423 and parameters: {'window_influence': 0.45970332051848956, 'penalty_k': 0.15730903225063064, 'scale_lr': 0.5624579465968665}. Best is trial 62 with value: 0.3726749919963718.
checkpoint_e29 window_influence: 0.50252642651024015, penalty_k: 0.42281949565196519, scale_lr: 0.32265808177373645, EAO: 0.293
Trial 1701 finished with value: 0.29255478159462894 and parameters: {'window_influence': 0.5025264265102402, 'penalty_k': 0.4228194956519652, 'scale_lr': 0.32265808177373645}. Best is trial 62 with value: 0.3726749919963718.
checkpoint_e29 window_influence: 0.62147194645315096, penalty_k: 0.03583190163873602, scale_lr: 0.33509370631620472, EAO: 0.252
Trial 1702 finished with value: 0.25189346202616564 and parameters: {'window_influence': 0.621471946453151, 'penalty_k': 0.03583190163873602, 'scale_lr': 0.3350937063162047}. Best is trial 62 with value: 0.3726749919963718.
checkpoint_e29 window_influence: 0.42443868880596053, penalty_k: 0.34431971479606793, scale_lr: 0.13301171722122612, EAO: 0.341
Trial 1703 finished with value: 0.3408725350979237 and parameters: {'window_influence': 0.42443868880596053, 'penalty_k': 0.34431971479606793, 'scale_lr': 0.13301171722122612}. Best is trial 62 with value: 0.3726749919963718.
checkpoint_e29 window_influence: 0.47281508700624486, penalty_k: 0.28609583203491795, scale_lr: 0.46619881107620698, EAO: 0.319
Trial 1704 finished with value: 0.31898979622334356 and parameters: {'window_influence': 0.47281508700624486, 'penalty_k': 0.28609583203491795, 'scale_lr': 0.466198811076207}. Best is trial 62 with value: 0.3726749919963718.
checkpoint_e29 window_influence: 0.08887448560727557, penalty_k: 0.47101117913525548, scale_lr: 0.59526756063391684, EAO: 0.249
Trial 1705 finished with value: 0.24898564357469982 and parameters: {'window_influence': 0.08887448560727557, 'penalty_k': 0.4710111791352555, 'scale_lr': 0.5952675606339168}. Best is trial 62 with value: 0.3726749919963718.
checkpoint_e29 window_influence: 0.48911771415020705, penalty_k: 0.22973623617474992, scale_lr: 0.44206020667703660, EAO: 0.356
Trial 1706 finished with value: 0.35621162298124587 and parameters: {'window_influence': 0.48911771415020705, 'penalty_k': 0.22973623617474992, 'scale_lr': 0.4420602066770366}. Best is trial 62 with value: 0.3726749919963718.
checkpoint_e29 window_influence: 0.38012805596964416, penalty_k: 0.10408539909251796, scale_lr: 0.50325788192097709, EAO: 0.307
Trial 1707 finished with value: 0.3069400463818576 and parameters: {'window_influence': 0.38012805596964416, 'penalty_k': 0.10408539909251796, 'scale_lr': 0.5032578819209771}. Best is trial 62 with value: 0.3726749919963718.
checkpoint_e29 window_influence: 0.53094623881146519, penalty_k: 0.20799987640378395, scale_lr: 0.53990066906226408, EAO: 0.310
Trial 1708 finished with value: 0.3099832058764617 and parameters: {'window_influence': 0.5309462388114652, 'penalty_k': 0.20799987640378395, 'scale_lr': 0.5399006690622641}. Best is trial 62 with value: 0.3726749919963718.
checkpoint_e29 window_influence: 0.50605960395423544, penalty_k: 0.06198582795282966, scale_lr: 0.21231503409798608, EAO: 0.343
Trial 1709 finished with value: 0.3434173213136799 and parameters: {'window_influence': 0.5060596039542354, 'penalty_k': 0.06198582795282966, 'scale_lr': 0.21231503409798608}. Best is trial 62 with value: 0.3726749919963718.
checkpoint_e29 window_influence: 0.44953591361277512, penalty_k: 0.07811554804980549, scale_lr: 0.60335325328176803, EAO: 0.323
Trial 1710 finished with value: 0.32273069354578676 and parameters: {'window_influence': 0.4495359136127751, 'penalty_k': 0.07811554804980549, 'scale_lr': 0.603353253281768}. Best is trial 62 with value: 0.3726749919963718.
checkpoint_e29 window_influence: 0.47917531841363675, penalty_k: 0.11559862109956069, scale_lr: 0.17099545445118070, EAO: 0.353
Trial 1711 finished with value: 0.3530692431481432 and parameters: {'window_influence': 0.47917531841363675, 'penalty_k': 0.11559862109956069, 'scale_lr': 0.1709954544511807}. Best is trial 62 with value: 0.3726749919963718.
checkpoint_e29 window_influence: 0.54980347643599337, penalty_k: 0.25893355937362000, scale_lr: 0.14938192679886664, EAO: 0.301
Trial 1712 finished with value: 0.3013611850455577 and parameters: {'window_influence': 0.5498034764359934, 'penalty_k': 0.25893355937362, 'scale_lr': 0.14938192679886664}. Best is trial 62 with value: 0.3726749919963718.
checkpoint_e29 window_influence: 0.46399157577758321, penalty_k: 0.14216756520560783, scale_lr: 0.41915156659657060, EAO: 0.354
Trial 1713 finished with value: 0.3544722969429966 and parameters: {'window_influence': 0.4639915757775832, 'penalty_k': 0.14216756520560783, 'scale_lr': 0.4191515665965706}. Best is trial 62 with value: 0.3726749919963718.
checkpoint_e29 window_influence: 0.51696387273400657, penalty_k: 0.05314087441390025, scale_lr: 0.39554569651582683, EAO: 0.329
Trial 1714 finished with value: 0.32873249494611984 and parameters: {'window_influence': 0.5169638727340066, 'penalty_k': 0.053140874413900245, 'scale_lr': 0.39554569651582683}. Best is trial 62 with value: 0.3726749919963718.
checkpoint_e29 window_influence: 0.36771866225209104, penalty_k: 0.09400657689522550, scale_lr: 0.51272024168797670, EAO: 0.336
Trial 1715 finished with value: 0.33647706594448606 and parameters: {'window_influence': 0.36771866225209104, 'penalty_k': 0.0940065768952255, 'scale_lr': 0.5127202416879767}. Best is trial 62 with value: 0.3726749919963718.
checkpoint_e29 window_influence: 0.16394514773428778, penalty_k: 0.18976784498725646, scale_lr: 0.74880591828017296, EAO: 0.287
Trial 1716 finished with value: 0.28674270548941094 and parameters: {'window_influence': 0.16394514773428778, 'penalty_k': 0.18976784498725646, 'scale_lr': 0.748805918280173}. Best is trial 62 with value: 0.3726749919963718.
checkpoint_e29 window_influence: 0.49933530783163743, penalty_k: 0.56702097718241862, scale_lr: 0.30596368676731778, EAO: 0.292
Trial 1717 finished with value: 0.29180673037289645 and parameters: {'window_influence': 0.49933530783163743, 'penalty_k': 0.5670209771824186, 'scale_lr': 0.3059636867673178}. Best is trial 62 with value: 0.3726749919963718.
checkpoint_e29 window_influence: 0.43794103425016456, penalty_k: 0.22198763131367302, scale_lr: 0.54944113590957833, EAO: 0.321
Trial 1718 finished with value: 0.3213453543905154 and parameters: {'window_influence': 0.43794103425016456, 'penalty_k': 0.22198763131367302, 'scale_lr': 0.5494411359095783}. Best is trial 62 with value: 0.3726749919963718.
checkpoint_e29 window_influence: 0.48645164552237302, penalty_k: 0.17563010101961024, scale_lr: 0.12615909862389157, EAO: 0.329
Trial 1719 finished with value: 0.32880233118042407 and parameters: {'window_influence': 0.486451645522373, 'penalty_k': 0.17563010101961024, 'scale_lr': 0.12615909862389157}. Best is trial 62 with value: 0.3726749919963718.
checkpoint_e29 window_influence: 0.47023819358157753, penalty_k: 0.02435845537918021, scale_lr: 0.69396664457245738, EAO: 0.353
Trial 1720 finished with value: 0.3530589091638647 and parameters: {'window_influence': 0.47023819358157753, 'penalty_k': 0.024358455379180206, 'scale_lr': 0.6939666445724574}. Best is trial 62 with value: 0.3726749919963718.
checkpoint_e29 window_influence: 0.30977059596281992, penalty_k: 0.04701225543807905, scale_lr: 0.29110408732772608, EAO: 0.299
Trial 1721 finished with value: 0.2987671998340332 and parameters: {'window_influence': 0.3097705959628199, 'penalty_k': 0.04701225543807905, 'scale_lr': 0.2911040873277261}. Best is trial 62 with value: 0.3726749919963718.
checkpoint_e29 window_influence: 0.41548386605730547, penalty_k: 0.53086952397084686, scale_lr: 0.70793845343726725, EAO: 0.318
Trial 1722 finished with value: 0.3181713331302316 and parameters: {'window_influence': 0.4154838660573055, 'penalty_k': 0.5308695239708469, 'scale_lr': 0.7079384534372672}. Best is trial 62 with value: 0.3726749919963718.
checkpoint_e29 window_influence: 0.56595899032997088, penalty_k: 0.06923980260260129, scale_lr: 0.53102302188498973, EAO: 0.308
Trial 1723 finished with value: 0.30801597370943673 and parameters: {'window_influence': 0.5659589903299709, 'penalty_k': 0.06923980260260129, 'scale_lr': 0.5310230218849897}. Best is trial 62 with value: 0.3726749919963718.
checkpoint_e29 window_influence: 0.60414928260045231, penalty_k: 0.08941521011119942, scale_lr: 0.36852018859210145, EAO: 0.260
Trial 1724 finished with value: 0.2595707991011876 and parameters: {'window_influence': 0.6041492826004523, 'penalty_k': 0.08941521011119942, 'scale_lr': 0.36852018859210145}. Best is trial 62 with value: 0.3726749919963718.
checkpoint_e29 window_influence: 0.51114846119455282, penalty_k: 0.31446050023533290, scale_lr: 0.57696558964858735, EAO: 0.311
Trial 1725 finished with value: 0.31077544309981603 and parameters: {'window_influence': 0.5111484611945528, 'penalty_k': 0.3144605002353329, 'scale_lr': 0.5769655896485874}. Best is trial 62 with value: 0.3726749919963718.
checkpoint_e29 window_influence: 0.45316530776220104, penalty_k: 0.12889480657059310, scale_lr: 0.67025905972080602, EAO: 0.324
Trial 1726 finished with value: 0.32400873558530546 and parameters: {'window_influence': 0.45316530776220104, 'penalty_k': 0.1288948065705931, 'scale_lr': 0.670259059720806}. Best is trial 62 with value: 0.3726749919963718.
checkpoint_e29 window_influence: 0.28069335558177944, penalty_k: 0.04046028735406304, scale_lr: 0.49329204805855575, EAO: 0.288
Trial 1727 finished with value: 0.2883713111455338 and parameters: {'window_influence': 0.28069335558177944, 'penalty_k': 0.04046028735406304, 'scale_lr': 0.49329204805855575}. Best is trial 62 with value: 0.3726749919963718.
checkpoint_e29 window_influence: 0.49541730953997021, penalty_k: 0.40659735434356442, scale_lr: 0.46539051608842258, EAO: 0.296
Trial 1728 finished with value: 0.295510830640329 and parameters: {'window_influence': 0.4954173095399702, 'penalty_k': 0.4065973543435644, 'scale_lr': 0.4653905160884226}. Best is trial 62 with value: 0.3726749919963718.
checkpoint_e29 window_influence: 0.52916402333318946, penalty_k: 0.29540508653309988, scale_lr: 0.19028010984767765, EAO: 0.311
Trial 1729 finished with value: 0.3105786120381337 and parameters: {'window_influence': 0.5291640233331895, 'penalty_k': 0.2954050865330999, 'scale_lr': 0.19028010984767765}. Best is trial 62 with value: 0.3726749919963718.
checkpoint_e29 window_influence: 0.48016706309381518, penalty_k: 0.39394180666249223, scale_lr: 0.43326631151830081, EAO: 0.330
Trial 1730 finished with value: 0.3302277225696623 and parameters: {'window_influence': 0.4801670630938152, 'penalty_k': 0.39394180666249223, 'scale_lr': 0.4332663115183008}. Best is trial 62 with value: 0.3726749919963718.
checkpoint_e29 window_influence: 0.42929032656146282, penalty_k: 0.07695815495381847, scale_lr: 0.20659084024846633, EAO: 0.342
Trial 1731 finished with value: 0.3420182551159469 and parameters: {'window_influence': 0.4292903265614628, 'penalty_k': 0.07695815495381847, 'scale_lr': 0.20659084024846633}. Best is trial 62 with value: 0.3726749919963718.
checkpoint_e29 window_influence: 0.54270756812833421, penalty_k: 0.10506578168321862, scale_lr: 0.15980567705877111, EAO: 0.322
Trial 1732 finished with value: 0.32214495661425685 and parameters: {'window_influence': 0.5427075681283342, 'penalty_k': 0.10506578168321862, 'scale_lr': 0.1598056770587711}. Best is trial 62 with value: 0.3726749919963718.
checkpoint_e29 window_influence: 0.50316283159006914, penalty_k: 0.55896238744045368, scale_lr: 0.44439407155774435, EAO: 0.305
Trial 1733 finished with value: 0.3046067767569991 and parameters: {'window_influence': 0.5031628315900691, 'penalty_k': 0.5589623874404537, 'scale_lr': 0.44439407155774435}. Best is trial 62 with value: 0.3726749919963718.
checkpoint_e29 window_influence: 0.31278424767548962, penalty_k: 0.15125705609835430, scale_lr: 0.75516717218441443, EAO: 0.317
Trial 1734 finished with value: 0.31710383841035894 and parameters: {'window_influence': 0.3127842476754896, 'penalty_k': 0.1512570560983543, 'scale_lr': 0.7551671721844144}. Best is trial 62 with value: 0.3726749919963718.
checkpoint_e29 window_influence: 0.46829926176522635, penalty_k: 0.06636495555566829, scale_lr: 0.64138637945705823, EAO: 0.349
Trial 1735 finished with value: 0.3489867187891489 and parameters: {'window_influence': 0.46829926176522635, 'penalty_k': 0.06636495555566829, 'scale_lr': 0.6413863794570582}. Best is trial 62 with value: 0.3726749919963718.
checkpoint_e29 window_influence: 0.39437436087045286, penalty_k: 0.54946383906334795, scale_lr: 0.34764754552092814, EAO: 0.302
