Trial 3389 finished with value: 0.2768135778750891 and parameters: {'window_influence': 0.25620574314050154, 'penalty_k': 0.0006469041762170514, 'scale_lr': 0.6209350018614731}. Best is trial 1270 with value: 0.3623636909959845.
checkpoint_e22 window_influence: 0.46725859420267390, penalty_k: 0.00039740622026201, scale_lr: 0.11420697636976468, EAO: 0.312
Trial 3390 finished with value: 0.31152436502480785 and parameters: {'window_influence': 0.4672585942026739, 'penalty_k': 0.0003974062202620093, 'scale_lr': 0.11420697636976468}. Best is trial 1270 with value: 0.3623636909959845.
checkpoint_e22 window_influence: 0.42690073172154586, penalty_k: 0.12032701235285223, scale_lr: 0.25567049318589530, EAO: 0.304
Trial 3391 finished with value: 0.30437452569314016 and parameters: {'window_influence': 0.42690073172154586, 'penalty_k': 0.12032701235285223, 'scale_lr': 0.2556704931858953}. Best is trial 1270 with value: 0.3623636909959845.
checkpoint_e22 window_influence: 0.48055080341545203, penalty_k: 0.41635838225345395, scale_lr: 0.59706909735857949, EAO: 0.309
Trial 3392 finished with value: 0.3091587233520203 and parameters: {'window_influence': 0.48055080341545203, 'penalty_k': 0.41635838225345395, 'scale_lr': 0.5970690973585795}. Best is trial 1270 with value: 0.3623636909959845.
checkpoint_e22 window_influence: 0.45331038918898148, penalty_k: 0.13530184765664688, scale_lr: 0.38855105021060332, EAO: 0.306
Trial 3393 finished with value: 0.30612271113850265 and parameters: {'window_influence': 0.4533103891889815, 'penalty_k': 0.13530184765664688, 'scale_lr': 0.3885510502106033}. Best is trial 1270 with value: 0.3623636909959845.
checkpoint_e22 window_influence: 0.49378834563229934, penalty_k: 0.04319056094346929, scale_lr: 0.43154120915173605, EAO: 0.321
Trial 3394 finished with value: 0.32126401016916284 and parameters: {'window_influence': 0.49378834563229934, 'penalty_k': 0.04319056094346929, 'scale_lr': 0.43154120915173605}. Best is trial 1270 with value: 0.3623636909959845.
checkpoint_e22 window_influence: 0.46655641680030313, penalty_k: 0.06013035015522918, scale_lr: 0.54566815098681487, EAO: 0.310
Trial 3395 finished with value: 0.30999957859979993 and parameters: {'window_influence': 0.46655641680030313, 'penalty_k': 0.06013035015522918, 'scale_lr': 0.5456681509868149}. Best is trial 1270 with value: 0.3623636909959845.
checkpoint_e22 window_influence: 0.44106372657360410, penalty_k: 0.02076120238949322, scale_lr: 0.72728111254802275, EAO: 0.309
Trial 3396 finished with value: 0.3086568012775614 and parameters: {'window_influence': 0.4410637265736041, 'penalty_k': 0.02076120238949322, 'scale_lr': 0.7272811125480227}. Best is trial 1270 with value: 0.3623636909959845.
checkpoint_e22 window_influence: 0.47705892515305776, penalty_k: 0.21041039545771315, scale_lr: 0.23582121735555978, EAO: 0.314
Trial 3397 finished with value: 0.3143055437255926 and parameters: {'window_influence': 0.47705892515305776, 'penalty_k': 0.21041039545771315, 'scale_lr': 0.23582121735555978}. Best is trial 1270 with value: 0.3623636909959845.
checkpoint_e22 window_influence: 0.45899450209660414, penalty_k: 0.00006249823137686, scale_lr: 0.14447435635675088, EAO: 0.289
Trial 3398 finished with value: 0.28876555911066004 and parameters: {'window_influence': 0.45899450209660414, 'penalty_k': 6.249823137685628e-05, 'scale_lr': 0.14447435635675088}. Best is trial 1270 with value: 0.3623636909959845.
checkpoint_e22 window_influence: 0.40888184646410175, penalty_k: 0.36929529974647562, scale_lr: 0.46872539704013028, EAO: 0.310
Trial 3399 finished with value: 0.31023287193320603 and parameters: {'window_influence': 0.40888184646410175, 'penalty_k': 0.3692952997464756, 'scale_lr': 0.4687253970401303}. Best is trial 1270 with value: 0.3623636909959845.
checkpoint_e22 window_influence: 0.55439600925777466, penalty_k: 0.10726301863521076, scale_lr: 0.32737484451807269, EAO: 0.291
Trial 3400 finished with value: 0.291227351424759 and parameters: {'window_influence': 0.5543960092577747, 'penalty_k': 0.10726301863521076, 'scale_lr': 0.3273748445180727}. Best is trial 1270 with value: 0.3623636909959845.
checkpoint_e22 window_influence: 0.21092885223481544, penalty_k: 0.15323777601268673, scale_lr: 0.29680472801194985, EAO: 0.280
Trial 3401 finished with value: 0.28004933748727645 and parameters: {'window_influence': 0.21092885223481544, 'penalty_k': 0.15323777601268673, 'scale_lr': 0.29680472801194985}. Best is trial 1270 with value: 0.3623636909959845.
checkpoint_e22 window_influence: 0.13089266665232815, penalty_k: 0.35005378437735768, scale_lr: 0.20792900187094088, EAO: 0.243
Trial 3402 finished with value: 0.24289928017191387 and parameters: {'window_influence': 0.13089266665232815, 'penalty_k': 0.3500537843773577, 'scale_lr': 0.20792900187094088}. Best is trial 1270 with value: 0.3623636909959845.
checkpoint_e22 window_influence: 0.58539087713906868, penalty_k: 0.54766768621225947, scale_lr: 0.70022345928872232, EAO: 0.250
Trial 3403 finished with value: 0.2502082659344729 and parameters: {'window_influence': 0.5853908771390687, 'penalty_k': 0.5476676862122595, 'scale_lr': 0.7002234592887223}. Best is trial 1270 with value: 0.3623636909959845.
checkpoint_e22 window_influence: 0.49694328609765848, penalty_k: 0.08383877085142452, scale_lr: 0.27072208069441867, EAO: 0.328
Trial 3404 finished with value: 0.3280781343405349 and parameters: {'window_influence': 0.4969432860976585, 'penalty_k': 0.08383877085142452, 'scale_lr': 0.27072208069441867}. Best is trial 1270 with value: 0.3623636909959845.
checkpoint_e22 window_influence: 0.48075542463007676, penalty_k: 0.42465299332790840, scale_lr: 0.57805644188891636, EAO: 0.304
Trial 3405 finished with value: 0.3035130941450364 and parameters: {'window_influence': 0.48075542463007676, 'penalty_k': 0.4246529933279084, 'scale_lr': 0.5780564418889164}. Best is trial 1270 with value: 0.3623636909959845.
checkpoint_e22 window_influence: 0.08812465878193487, penalty_k: 0.49870835503408850, scale_lr: 0.28202507666619592, EAO: 0.236
Trial 3406 finished with value: 0.23569122124970654 and parameters: {'window_influence': 0.08812465878193487, 'penalty_k': 0.4987083550340885, 'scale_lr': 0.2820250766661959}. Best is trial 1270 with value: 0.3623636909959845.
checkpoint_e22 window_influence: 0.46810300638248514, penalty_k: 0.03369546031608280, scale_lr: 0.66615816648605186, EAO: 0.355
Trial 3407 finished with value: 0.3554428048170958 and parameters: {'window_influence': 0.46810300638248514, 'penalty_k': 0.033695460316082795, 'scale_lr': 0.6661581664860519}. Best is trial 1270 with value: 0.3623636909959845.
checkpoint_e22 window_influence: 0.44490743021167656, penalty_k: 0.05572846350815699, scale_lr: 0.66934227240687239, EAO: 0.309
Trial 3408 finished with value: 0.3089413866110813 and parameters: {'window_influence': 0.44490743021167656, 'penalty_k': 0.055728463508156995, 'scale_lr': 0.6693422724068724}. Best is trial 1270 with value: 0.3623636909959845.
checkpoint_e22 window_influence: 0.44808539303227757, penalty_k: 0.14151667987729868, scale_lr: 0.68478499771690049, EAO: 0.320
Trial 3409 finished with value: 0.32045118116451143 and parameters: {'window_influence': 0.44808539303227757, 'penalty_k': 0.14151667987729868, 'scale_lr': 0.6847849977169005}. Best is trial 1270 with value: 0.3623636909959845.
checkpoint_e22 window_influence: 0.46130541872624548, penalty_k: 0.18191130890105675, scale_lr: 0.66266173497139380, EAO: 0.309
Trial 3410 finished with value: 0.3092973368525041 and parameters: {'window_influence': 0.4613054187262455, 'penalty_k': 0.18191130890105675, 'scale_lr': 0.6626617349713938}. Best is trial 1270 with value: 0.3623636909959845.
checkpoint_e22 window_influence: 0.43190378401450413, penalty_k: 0.37884323567386358, scale_lr: 0.67648175150295853, EAO: 0.317
Trial 3411 finished with value: 0.31734774102264807 and parameters: {'window_influence': 0.43190378401450413, 'penalty_k': 0.3788432356738636, 'scale_lr': 0.6764817515029585}. Best is trial 1270 with value: 0.3623636909959845.
checkpoint_e22 window_influence: 0.45477597718199952, penalty_k: 0.31992187297561436, scale_lr: 0.66140562738944708, EAO: 0.320
Trial 3412 finished with value: 0.31969738899501843 and parameters: {'window_influence': 0.4547759771819995, 'penalty_k': 0.31992187297561436, 'scale_lr': 0.6614056273894471}. Best is trial 1270 with value: 0.3623636909959845.
checkpoint_e22 window_influence: 0.29199785991079164, penalty_k: 0.45942046442387635, scale_lr: 0.65295118989829648, EAO: 0.280
Trial 3413 finished with value: 0.2799571923592675 and parameters: {'window_influence': 0.29199785991079164, 'penalty_k': 0.45942046442387635, 'scale_lr': 0.6529511898982965}. Best is trial 1270 with value: 0.3623636909959845.
checkpoint_e22 window_influence: 0.44393150998476683, penalty_k: 0.07258081683367762, scale_lr: 0.65493311204918070, EAO: 0.329
Trial 3414 finished with value: 0.3285019728228276 and parameters: {'window_influence': 0.4439315099847668, 'penalty_k': 0.07258081683367762, 'scale_lr': 0.6549331120491807}. Best is trial 1270 with value: 0.3623636909959845.
checkpoint_e22 window_influence: 0.46537012914818809, penalty_k: 0.03722135655746253, scale_lr: 0.66409969583319783, EAO: 0.314
Trial 3415 finished with value: 0.31408298195336115 and parameters: {'window_influence': 0.4653701291481881, 'penalty_k': 0.03722135655746253, 'scale_lr': 0.6640996958331978}. Best is trial 1270 with value: 0.3623636909959845.
checkpoint_e22 window_influence: 0.38268227387805209, penalty_k: 0.09327085861559906, scale_lr: 0.62640124106943162, EAO: 0.329
Trial 3416 finished with value: 0.32907611676691106 and parameters: {'window_influence': 0.3826822738780521, 'penalty_k': 0.09327085861559906, 'scale_lr': 0.6264012410694316}. Best is trial 1270 with value: 0.3623636909959845.
checkpoint_e22 window_influence: 0.42438052538989829, penalty_k: 0.12316432405146892, scale_lr: 0.68689560311508935, EAO: 0.329
Trial 3417 finished with value: 0.3286828220122519 and parameters: {'window_influence': 0.4243805253898983, 'penalty_k': 0.12316432405146892, 'scale_lr': 0.6868956031150893}. Best is trial 1270 with value: 0.3623636909959845.
checkpoint_e22 window_influence: 0.34664346678980379, penalty_k: 0.04910546729393939, scale_lr: 0.66447066900691343, EAO: 0.318
Trial 3418 finished with value: 0.31759373484186626 and parameters: {'window_influence': 0.3466434667898038, 'penalty_k': 0.049105467293939394, 'scale_lr': 0.6644706690069134}. Best is trial 1270 with value: 0.3623636909959845.
checkpoint_e22 window_influence: 0.45661654152827025, penalty_k: 0.26886648270946256, scale_lr: 0.67059417899741636, EAO: 0.292
Trial 3419 finished with value: 0.2923510321615271 and parameters: {'window_influence': 0.45661654152827025, 'penalty_k': 0.26886648270946256, 'scale_lr': 0.6705941789974164}. Best is trial 1270 with value: 0.3623636909959845.
checkpoint_e22 window_influence: 0.46953294297234738, penalty_k: 0.24827553153340259, scale_lr: 0.65112865352905458, EAO: 0.319
Trial 3420 finished with value: 0.3191019700774887 and parameters: {'window_influence': 0.4695329429723474, 'penalty_k': 0.2482755315334026, 'scale_lr': 0.6511286535290546}. Best is trial 1270 with value: 0.3623636909959845.
checkpoint_e22 window_influence: 0.61655606941728047, penalty_k: 0.47529514724294381, scale_lr: 0.68497850698385709, EAO: 0.227
Trial 3421 finished with value: 0.22712533164349047 and parameters: {'window_influence': 0.6165560694172805, 'penalty_k': 0.4752951472429438, 'scale_lr': 0.6849785069838571}. Best is trial 1270 with value: 0.3623636909959845.
checkpoint_e22 window_influence: 0.44934808064836357, penalty_k: 0.25992259988317645, scale_lr: 0.64872676424244846, EAO: 0.312
Trial 3422 finished with value: 0.31181035976465576 and parameters: {'window_influence': 0.44934808064836357, 'penalty_k': 0.25992259988317645, 'scale_lr': 0.6487267642424485}. Best is trial 1270 with value: 0.3623636909959845.
checkpoint_e22 window_influence: 0.19708624328064936, penalty_k: 0.07442645556470076, scale_lr: 0.65500375046647374, EAO: 0.283
Trial 3423 finished with value: 0.28341371795082837 and parameters: {'window_influence': 0.19708624328064936, 'penalty_k': 0.07442645556470076, 'scale_lr': 0.6550037504664737}. Best is trial 1270 with value: 0.3623636909959845.
checkpoint_e22 window_influence: 0.47019865593166871, penalty_k: 0.27516264249017885, scale_lr: 0.63400038751595023, EAO: 0.303
Trial 3424 finished with value: 0.30315795778532434 and parameters: {'window_influence': 0.4701986559316687, 'penalty_k': 0.27516264249017885, 'scale_lr': 0.6340003875159502}. Best is trial 1270 with value: 0.3623636909959845.
checkpoint_e22 window_influence: 0.10357849601978478, penalty_k: 0.22864310743532312, scale_lr: 0.69065195052535089, EAO: 0.239
Trial 3425 finished with value: 0.23943594550344266 and parameters: {'window_influence': 0.10357849601978478, 'penalty_k': 0.22864310743532312, 'scale_lr': 0.6906519505253509}. Best is trial 1270 with value: 0.3623636909959845.
checkpoint_e22 window_influence: 0.46064113869426554, penalty_k: 0.11388908456535068, scale_lr: 0.64242975619176934, EAO: 0.310
Trial 3426 finished with value: 0.30997342306120385 and parameters: {'window_influence': 0.46064113869426554, 'penalty_k': 0.11388908456535068, 'scale_lr': 0.6424297561917693}. Best is trial 1270 with value: 0.3623636909959845.
checkpoint_e22 window_influence: 0.43872584951560434, penalty_k: 0.28893196768541390, scale_lr: 0.70222864935786766, EAO: 0.302
Trial 3427 finished with value: 0.3021938652959779 and parameters: {'window_influence': 0.43872584951560434, 'penalty_k': 0.2889319676854139, 'scale_lr': 0.7022286493578677}. Best is trial 1270 with value: 0.3623636909959845.
checkpoint_e22 window_influence: 0.62465987861428962, penalty_k: 0.02002449413818237, scale_lr: 0.66515508073241325, EAO: 0.243
Trial 3428 finished with value: 0.24294910907513437 and parameters: {'window_influence': 0.6246598786142896, 'penalty_k': 0.02002449413818237, 'scale_lr': 0.6651550807324133}. Best is trial 1270 with value: 0.3623636909959845.
checkpoint_e22 window_influence: 0.41620062633448934, penalty_k: 0.09865882682007737, scale_lr: 0.66980881337915377, EAO: 0.310
Trial 3429 finished with value: 0.3095764107277421 and parameters: {'window_influence': 0.41620062633448934, 'penalty_k': 0.09865882682007737, 'scale_lr': 0.6698088133791538}. Best is trial 1270 with value: 0.3623636909959845.
checkpoint_e22 window_influence: 0.30749978673351008, penalty_k: 0.03994385757238002, scale_lr: 0.69995749264396900, EAO: 0.307
Trial 3430 finished with value: 0.3074618114107778 and parameters: {'window_influence': 0.3074997867335101, 'penalty_k': 0.039943857572380025, 'scale_lr': 0.699957492643969}. Best is trial 1270 with value: 0.3623636909959845.
checkpoint_e22 window_influence: 0.47126414904589570, penalty_k: 0.50861212821613511, scale_lr: 0.68322726249749732, EAO: 0.301
Trial 3431 finished with value: 0.3012077467450836 and parameters: {'window_influence': 0.4712641490458957, 'penalty_k': 0.5086121282161351, 'scale_lr': 0.6832272624974973}. Best is trial 1270 with value: 0.3623636909959845.
checkpoint_e22 window_influence: 0.45406957055097530, penalty_k: 0.06296242925317300, scale_lr: 0.64137293416975960, EAO: 0.323
Trial 3432 finished with value: 0.32309807639873445 and parameters: {'window_influence': 0.4540695705509753, 'penalty_k': 0.062962429253173, 'scale_lr': 0.6413729341697596}. Best is trial 1270 with value: 0.3623636909959845.
checkpoint_e22 window_influence: 0.48212712955534404, penalty_k: 0.21560177912637241, scale_lr: 0.69217774362707551, EAO: 0.305
Trial 3433 finished with value: 0.3053827458550494 and parameters: {'window_influence': 0.48212712955534404, 'penalty_k': 0.2156017791263724, 'scale_lr': 0.6921777436270755}. Best is trial 1270 with value: 0.3623636909959845.
checkpoint_e22 window_influence: 0.46744439970922524, penalty_k: 0.16220867108330173, scale_lr: 0.62347219989434099, EAO: 0.305
Trial 3434 finished with value: 0.304536237558966 and parameters: {'window_influence': 0.46744439970922524, 'penalty_k': 0.16220867108330173, 'scale_lr': 0.623472199894341}. Best is trial 1270 with value: 0.3623636909959845.
checkpoint_e22 window_influence: 0.44751489010639295, penalty_k: 0.08548037371517958, scale_lr: 0.63250723500703687, EAO: 0.326
Trial 3435 finished with value: 0.3259823017315178 and parameters: {'window_influence': 0.44751489010639295, 'penalty_k': 0.08548037371517958, 'scale_lr': 0.6325072350070369}. Best is trial 1270 with value: 0.3623636909959845.
checkpoint_e22 window_influence: 0.43128896533731070, penalty_k: 0.47150970035900996, scale_lr: 0.41369175647121692, EAO: 0.299
Trial 3436 finished with value: 0.2994215868210514 and parameters: {'window_influence': 0.4312889653373107, 'penalty_k': 0.47150970035900996, 'scale_lr': 0.4136917564712169}. Best is trial 1270 with value: 0.3623636909959845.
checkpoint_e22 window_influence: 0.48404611390845076, penalty_k: 0.01650656409057004, scale_lr: 0.64408785461019946, EAO: 0.328
Trial 3437 finished with value: 0.3277039678064302 and parameters: {'window_influence': 0.48404611390845076, 'penalty_k': 0.016506564090570042, 'scale_lr': 0.6440878546101995}. Best is trial 1270 with value: 0.3623636909959845.
checkpoint_e22 window_influence: 0.39703078108720313, penalty_k: 0.20173770330864160, scale_lr: 0.67564792989834621, EAO: 0.314
Trial 3438 finished with value: 0.3143100035793586 and parameters: {'window_influence': 0.39703078108720313, 'penalty_k': 0.2017377033086416, 'scale_lr': 0.6756479298983462}. Best is trial 1270 with value: 0.3623636909959845.
checkpoint_e22 window_influence: 0.45887243237771130, penalty_k: 0.00007216944054761, scale_lr: 0.58860642499298876, EAO: 0.352
Trial 3439 finished with value: 0.35188112671737076 and parameters: {'window_influence': 0.4588724323777113, 'penalty_k': 7.216944054761485e-05, 'scale_lr': 0.5886064249929888}. Best is trial 1270 with value: 0.3623636909959845.
checkpoint_e22 window_influence: 0.64907746211527795, penalty_k: 0.12803410139363874, scale_lr: 0.60942707600811885, EAO: 0.235
Trial 3440 finished with value: 0.23482257597409334 and parameters: {'window_influence': 0.649077462115278, 'penalty_k': 0.12803410139363874, 'scale_lr': 0.6094270760081189}. Best is trial 1270 with value: 0.3623636909959845.
checkpoint_e22 window_influence: 0.60590969824494567, penalty_k: 0.14427130307089608, scale_lr: 0.12919913431601521, EAO: 0.246
Trial 3441 finished with value: 0.24561478638231524 and parameters: {'window_influence': 0.6059096982449457, 'penalty_k': 0.14427130307089608, 'scale_lr': 0.1291991343160152}. Best is trial 1270 with value: 0.3623636909959845.
checkpoint_e22 window_influence: 0.11752072085592769, penalty_k: 0.10542928752611944, scale_lr: 0.67495276475063026, EAO: 0.262
Trial 3442 finished with value: 0.26249229258600376 and parameters: {'window_influence': 0.11752072085592769, 'penalty_k': 0.10542928752611944, 'scale_lr': 0.6749527647506303}. Best is trial 1270 with value: 0.3623636909959845.
checkpoint_e22 window_influence: 0.33555676590732086, penalty_k: 0.26168161935695322, scale_lr: 0.78858409226853099, EAO: 0.303
Trial 3443 finished with value: 0.30280600047528977 and parameters: {'window_influence': 0.33555676590732086, 'penalty_k': 0.2616816193569532, 'scale_lr': 0.788584092268531}. Best is trial 1270 with value: 0.3623636909959845.
checkpoint_e22 window_influence: 0.15789582708485625, penalty_k: 0.43652368938544206, scale_lr: 0.37706053581596199, EAO: 0.273
Trial 3444 finished with value: 0.2734661335959045 and parameters: {'window_influence': 0.15789582708485625, 'penalty_k': 0.43652368938544206, 'scale_lr': 0.377060535815962}. Best is trial 1270 with value: 0.3623636909959845.
checkpoint_e22 window_influence: 0.10655731785620168, penalty_k: 0.03330705963379478, scale_lr: 0.75882685291148888, EAO: 0.251
Trial 3445 finished with value: 0.25125424836396243 and parameters: {'window_influence': 0.10655731785620168, 'penalty_k': 0.03330705963379478, 'scale_lr': 0.7588268529114889}. Best is trial 1270 with value: 0.3623636909959845.
checkpoint_e22 window_influence: 0.05268808170888883, penalty_k: 0.01211185798387364, scale_lr: 0.44798483286984092, EAO: 0.247
Trial 3446 finished with value: 0.2472803331766611 and parameters: {'window_influence': 0.052688081708888834, 'penalty_k': 0.012111857983873636, 'scale_lr': 0.4479848328698409}. Best is trial 1270 with value: 0.3623636909959845.
checkpoint_e22 window_influence: 0.47326050870697633, penalty_k: 0.49820241471735699, scale_lr: 0.70427207359525079, EAO: 0.304
Trial 3447 finished with value: 0.3036078811851457 and parameters: {'window_influence': 0.47326050870697633, 'penalty_k': 0.498202414717357, 'scale_lr': 0.7042720735952508}. Best is trial 1270 with value: 0.3623636909959845.
checkpoint_e22 window_influence: 0.36030448277596572, penalty_k: 0.11551024763138071, scale_lr: 0.72155957790450254, EAO: 0.318
Trial 3448 finished with value: 0.31781467001029956 and parameters: {'window_influence': 0.3603044827759657, 'penalty_k': 0.11551024763138071, 'scale_lr': 0.7215595779045025}. Best is trial 1270 with value: 0.3623636909959845.
checkpoint_e22 window_influence: 0.31607234637634651, penalty_k: 0.05089523303640869, scale_lr: 0.53685496364498075, EAO: 0.287
Trial 3449 finished with value: 0.2867099199197636 and parameters: {'window_influence': 0.3160723463763465, 'penalty_k': 0.05089523303640869, 'scale_lr': 0.5368549636449808}. Best is trial 1270 with value: 0.3623636909959845.
checkpoint_e22 window_influence: 0.48807756998327551, penalty_k: 0.17378143132020424, scale_lr: 0.46954625026889524, EAO: 0.317
