Trial 3206 finished with value: 0.2919951939397285 and parameters: {'window_influence': 0.2664387306583134, 'penalty_k': 0.07538570446948477, 'scale_lr': 0.25000569726987054}. Best is trial 1270 with value: 0.3623636909959845.
checkpoint_e22 window_influence: 0.43936333590764226, penalty_k: 0.04688498903024593, scale_lr: 0.27377694737774655, EAO: 0.323
Trial 3207 finished with value: 0.3227434746254279 and parameters: {'window_influence': 0.43936333590764226, 'penalty_k': 0.04688498903024593, 'scale_lr': 0.27377694737774655}. Best is trial 1270 with value: 0.3623636909959845.
checkpoint_e22 window_influence: 0.31063328577637750, penalty_k: 0.08512928845931546, scale_lr: 0.26628520338123440, EAO: 0.291
Trial 3208 finished with value: 0.2913666435948606 and parameters: {'window_influence': 0.3106332857763775, 'penalty_k': 0.08512928845931546, 'scale_lr': 0.2662852033812344}. Best is trial 1270 with value: 0.3623636909959845.
checkpoint_e22 window_influence: 0.23270664973007038, penalty_k: 0.03865622763181951, scale_lr: 0.19100213925386719, EAO: 0.264
Trial 3209 finished with value: 0.26445657484494295 and parameters: {'window_influence': 0.23270664973007038, 'penalty_k': 0.03865622763181951, 'scale_lr': 0.1910021392538672}. Best is trial 1270 with value: 0.3623636909959845.
checkpoint_e22 window_influence: 0.46566876951843506, penalty_k: 0.05592667082094616, scale_lr: 0.25304535777914045, EAO: 0.325
Trial 3210 finished with value: 0.32512909255139094 and parameters: {'window_influence': 0.46566876951843506, 'penalty_k': 0.055926670820946156, 'scale_lr': 0.25304535777914045}. Best is trial 1270 with value: 0.3623636909959845.
checkpoint_e22 window_influence: 0.45173385148776757, penalty_k: 0.02753120052359125, scale_lr: 0.22905739937634409, EAO: 0.296
Trial 3211 finished with value: 0.29615867381429856 and parameters: {'window_influence': 0.45173385148776757, 'penalty_k': 0.027531200523591245, 'scale_lr': 0.2290573993763441}. Best is trial 1270 with value: 0.3623636909959845.
checkpoint_e22 window_influence: 0.46834703062974381, penalty_k: 0.00001973021513649, scale_lr: 0.49274036938682003, EAO: 0.333
Trial 3212 finished with value: 0.3334944382715782 and parameters: {'window_influence': 0.4683470306297438, 'penalty_k': 1.9730215136485696e-05, 'scale_lr': 0.49274036938682003}. Best is trial 1270 with value: 0.3623636909959845.
checkpoint_e22 window_influence: 0.40028182227662401, penalty_k: 0.01770111437411519, scale_lr: 0.29982005319382060, EAO: 0.307
Trial 3213 finished with value: 0.3074666709867433 and parameters: {'window_influence': 0.400281822276624, 'penalty_k': 0.017701114374115194, 'scale_lr': 0.2998200531938206}. Best is trial 1270 with value: 0.3623636909959845.
checkpoint_e22 window_influence: 0.41925130948751704, penalty_k: 0.30874071352172139, scale_lr: 0.27681349933497468, EAO: 0.300
Trial 3214 finished with value: 0.29974750583041965 and parameters: {'window_influence': 0.41925130948751704, 'penalty_k': 0.3087407135217214, 'scale_lr': 0.2768134993349747}. Best is trial 1270 with value: 0.3623636909959845.
checkpoint_e22 window_influence: 0.44540891099020963, penalty_k: 0.28022480584302772, scale_lr: 0.54673987916791467, EAO: 0.303
Trial 3215 finished with value: 0.30271860122216815 and parameters: {'window_influence': 0.4454089109902096, 'penalty_k': 0.2802248058430277, 'scale_lr': 0.5467398791679147}. Best is trial 1270 with value: 0.3623636909959845.
checkpoint_e22 window_influence: 0.45821368789979017, penalty_k: 0.07399982927056879, scale_lr: 0.43966649950911890, EAO: 0.324
Trial 3216 finished with value: 0.32445496645419053 and parameters: {'window_influence': 0.45821368789979017, 'penalty_k': 0.07399982927056879, 'scale_lr': 0.4396664995091189}. Best is trial 1270 with value: 0.3623636909959845.
checkpoint_e22 window_influence: 0.55100865946112543, penalty_k: 0.01099875926752940, scale_lr: 0.48197697883016788, EAO: 0.322
Trial 3217 finished with value: 0.3216646217418552 and parameters: {'window_influence': 0.5510086594611254, 'penalty_k': 0.010998759267529403, 'scale_lr': 0.4819769788301679}. Best is trial 1270 with value: 0.3623636909959845.
checkpoint_e22 window_influence: 0.47212283384775067, penalty_k: 0.49663242254525064, scale_lr: 0.51708627408477092, EAO: 0.291
Trial 3218 finished with value: 0.29077770685639365 and parameters: {'window_influence': 0.47212283384775067, 'penalty_k': 0.49663242254525064, 'scale_lr': 0.5170862740847709}. Best is trial 1270 with value: 0.3623636909959845.
checkpoint_e22 window_influence: 0.45796800660788722, penalty_k: 0.02774516416885197, scale_lr: 0.21241053204825572, EAO: 0.321
Trial 3219 finished with value: 0.32117230616191017 and parameters: {'window_influence': 0.4579680066078872, 'penalty_k': 0.027745164168851966, 'scale_lr': 0.21241053204825572}. Best is trial 1270 with value: 0.3623636909959845.
checkpoint_e22 window_influence: 0.47328489681118335, penalty_k: 0.44210317897786727, scale_lr: 0.25240031675685859, EAO: 0.296
Trial 3220 finished with value: 0.29620387286295685 and parameters: {'window_influence': 0.47328489681118335, 'penalty_k': 0.4421031789778673, 'scale_lr': 0.2524003167568586}. Best is trial 1270 with value: 0.3623636909959845.
checkpoint_e22 window_influence: 0.43884540480211620, penalty_k: 0.25445327051383326, scale_lr: 0.46414432252709897, EAO: 0.308
Trial 3221 finished with value: 0.30823998216988974 and parameters: {'window_influence': 0.4388454048021162, 'penalty_k': 0.25445327051383326, 'scale_lr': 0.464144322527099}. Best is trial 1270 with value: 0.3623636909959845.
checkpoint_e22 window_influence: 0.41062926770110786, penalty_k: 0.04488623610972668, scale_lr: 0.26864589195212951, EAO: 0.320
Trial 3222 finished with value: 0.3195741990660879 and parameters: {'window_influence': 0.41062926770110786, 'penalty_k': 0.044886236109726675, 'scale_lr': 0.2686458919521295}. Best is trial 1270 with value: 0.3623636909959845.
checkpoint_e22 window_influence: 0.46390749237342083, penalty_k: 0.19886955624008784, scale_lr: 0.30173327581770565, EAO: 0.300
Trial 3223 finished with value: 0.29966496267439324 and parameters: {'window_influence': 0.4639074923734208, 'penalty_k': 0.19886955624008784, 'scale_lr': 0.30173327581770565}. Best is trial 1270 with value: 0.3623636909959845.
checkpoint_e22 window_influence: 0.33900566131365040, penalty_k: 0.08776984635224971, scale_lr: 0.59394469387617810, EAO: 0.304
Trial 3224 finished with value: 0.30448199617259697 and parameters: {'window_influence': 0.3390056613136504, 'penalty_k': 0.08776984635224971, 'scale_lr': 0.5939446938761781}. Best is trial 1270 with value: 0.3623636909959845.
checkpoint_e22 window_influence: 0.32346001828779580, penalty_k: 0.05770157001396878, scale_lr: 0.23678575472964469, EAO: 0.297
Trial 3225 finished with value: 0.29732291562779867 and parameters: {'window_influence': 0.3234600182877958, 'penalty_k': 0.05770157001396878, 'scale_lr': 0.2367857547296447}. Best is trial 1270 with value: 0.3623636909959845.
checkpoint_e22 window_influence: 0.45327483615991465, penalty_k: 0.01062083909313298, scale_lr: 0.44816353092478645, EAO: 0.318
Trial 3226 finished with value: 0.3182246300033094 and parameters: {'window_influence': 0.45327483615991465, 'penalty_k': 0.010620839093132977, 'scale_lr': 0.44816353092478645}. Best is trial 1270 with value: 0.3623636909959845.
checkpoint_e22 window_influence: 0.47848593651475124, penalty_k: 0.01967757069412076, scale_lr: 0.70709255311178876, EAO: 0.338
Trial 3227 finished with value: 0.3375201043219882 and parameters: {'window_influence': 0.47848593651475124, 'penalty_k': 0.01967757069412076, 'scale_lr': 0.7070925531117888}. Best is trial 1270 with value: 0.3623636909959845.
checkpoint_e22 window_influence: 0.37279761089807351, penalty_k: 0.03681391618567353, scale_lr: 0.79943284576060480, EAO: 0.310
Trial 3228 finished with value: 0.30991079922084214 and parameters: {'window_influence': 0.3727976108980735, 'penalty_k': 0.036813916185673534, 'scale_lr': 0.7994328457606048}. Best is trial 1270 with value: 0.3623636909959845.
checkpoint_e22 window_influence: 0.42604285223449945, penalty_k: 0.07350294860575525, scale_lr: 0.56179778192598773, EAO: 0.323
Trial 3229 finished with value: 0.32295878225727304 and parameters: {'window_influence': 0.42604285223449945, 'penalty_k': 0.07350294860575525, 'scale_lr': 0.5617977819259877}. Best is trial 1270 with value: 0.3623636909959845.
checkpoint_e22 window_influence: 0.47012381828349376, penalty_k: 0.34889616711131688, scale_lr: 0.50836582797484675, EAO: 0.316
Trial 3230 finished with value: 0.3162926961359811 and parameters: {'window_influence': 0.47012381828349376, 'penalty_k': 0.3488961671113169, 'scale_lr': 0.5083658279748468}. Best is trial 1270 with value: 0.3623636909959845.
checkpoint_e22 window_influence: 0.20782187124282769, penalty_k: 0.38688018509871325, scale_lr: 0.48191693917370448, EAO: 0.264
Trial 3231 finished with value: 0.2641859099210932 and parameters: {'window_influence': 0.2078218712428277, 'penalty_k': 0.38688018509871325, 'scale_lr': 0.4819169391737045}. Best is trial 1270 with value: 0.3623636909959845.
checkpoint_e22 window_influence: 0.35181863249771983, penalty_k: 0.08796437061050012, scale_lr: 0.53163328645808483, EAO: 0.300
Trial 3232 finished with value: 0.30046554524379016 and parameters: {'window_influence': 0.35181863249771983, 'penalty_k': 0.08796437061050012, 'scale_lr': 0.5316332864580848}. Best is trial 1270 with value: 0.3623636909959845.
checkpoint_e22 window_influence: 0.44725077771032618, penalty_k: 0.31650561734728366, scale_lr: 0.27827531632922919, EAO: 0.290
Trial 3233 finished with value: 0.2899264504821384 and parameters: {'window_influence': 0.4472507777103262, 'penalty_k': 0.31650561734728366, 'scale_lr': 0.2782753163292292}. Best is trial 1270 with value: 0.3623636909959845.
checkpoint_e22 window_influence: 0.38402376204829758, penalty_k: 0.00937442242247795, scale_lr: 0.62340247436054252, EAO: 0.313
Trial 3234 finished with value: 0.31318887163692877 and parameters: {'window_influence': 0.3840237620482976, 'penalty_k': 0.009374422422477945, 'scale_lr': 0.6234024743605425}. Best is trial 1270 with value: 0.3623636909959845.
checkpoint_e22 window_influence: 0.48074998135685443, penalty_k: 0.02440888503844060, scale_lr: 0.42343260593329579, EAO: 0.320
Trial 3235 finished with value: 0.3203647605755914 and parameters: {'window_influence': 0.48074998135685443, 'penalty_k': 0.024408885038440596, 'scale_lr': 0.4234326059332958}. Best is trial 1270 with value: 0.3623636909959845.
checkpoint_e22 window_influence: 0.46220634278076966, penalty_k: 0.52659012343065170, scale_lr: 0.12007207891606442, EAO: 0.294
Trial 3236 finished with value: 0.29442160393941263 and parameters: {'window_influence': 0.46220634278076966, 'penalty_k': 0.5265901234306517, 'scale_lr': 0.12007207891606442}. Best is trial 1270 with value: 0.3623636909959845.
checkpoint_e22 window_influence: 0.61333005567329235, penalty_k: 0.06161783867849575, scale_lr: 0.66444180108520268, EAO: 0.252
Trial 3237 finished with value: 0.25205953767095557 and parameters: {'window_influence': 0.6133300556732924, 'penalty_k': 0.06161783867849575, 'scale_lr': 0.6644418010852027}. Best is trial 1270 with value: 0.3623636909959845.
checkpoint_e22 window_influence: 0.24835923371149554, penalty_k: 0.26683766570163464, scale_lr: 0.29886323699553530, EAO: 0.296
Trial 3238 finished with value: 0.29569014518409387 and parameters: {'window_influence': 0.24835923371149554, 'penalty_k': 0.26683766570163464, 'scale_lr': 0.2988632369955353}. Best is trial 1270 with value: 0.3623636909959845.
checkpoint_e22 window_influence: 0.43571693193666972, penalty_k: 0.23685021728783567, scale_lr: 0.76408069488863095, EAO: 0.309
Trial 3239 finished with value: 0.3094628149433359 and parameters: {'window_influence': 0.4357169319366697, 'penalty_k': 0.23685021728783567, 'scale_lr': 0.764080694888631}. Best is trial 1270 with value: 0.3623636909959845.
checkpoint_e22 window_influence: 0.47493494567609823, penalty_k: 0.00013880965787598, scale_lr: 0.47297822290101266, EAO: 0.328
Trial 3240 finished with value: 0.3277480241621515 and parameters: {'window_influence': 0.47493494567609823, 'penalty_k': 0.00013880965787597607, 'scale_lr': 0.47297822290101266}. Best is trial 1270 with value: 0.3623636909959845.
checkpoint_e22 window_influence: 0.48926357243278573, penalty_k: 0.03500404741069958, scale_lr: 0.60249281106738861, EAO: 0.342
Trial 3241 finished with value: 0.3424113810294333 and parameters: {'window_influence': 0.48926357243278573, 'penalty_k': 0.03500404741069958, 'scale_lr': 0.6024928110673886}. Best is trial 1270 with value: 0.3623636909959845.
checkpoint_e22 window_influence: 0.45222002402205969, penalty_k: 0.01906167317342681, scale_lr: 0.10062252316401360, EAO: 0.313
Trial 3242 finished with value: 0.31263535252341035 and parameters: {'window_influence': 0.4522200240220597, 'penalty_k': 0.01906167317342681, 'scale_lr': 0.1006225231640136}. Best is trial 1270 with value: 0.3623636909959845.
checkpoint_e22 window_influence: 0.46747712148130138, penalty_k: 0.06902679345367178, scale_lr: 0.50164305976465673, EAO: 0.348
Trial 3243 finished with value: 0.34849683169261025 and parameters: {'window_influence': 0.4674771214813014, 'penalty_k': 0.06902679345367178, 'scale_lr': 0.5016430597646567}. Best is trial 1270 with value: 0.3623636909959845.
checkpoint_e22 window_influence: 0.13404471589579930, penalty_k: 0.04801246152672195, scale_lr: 0.73262529281837274, EAO: 0.278
Trial 3244 finished with value: 0.2778243624282718 and parameters: {'window_influence': 0.1340447158957993, 'penalty_k': 0.04801246152672195, 'scale_lr': 0.7326252928183727}. Best is trial 1270 with value: 0.3623636909959845.
checkpoint_e22 window_influence: 0.49932952163680611, penalty_k: 0.20984415765363462, scale_lr: 0.64562006597574428, EAO: 0.317
Trial 3245 finished with value: 0.31723472516592377 and parameters: {'window_influence': 0.4993295216368061, 'penalty_k': 0.20984415765363462, 'scale_lr': 0.6456200659757443}. Best is trial 1270 with value: 0.3623636909959845.
checkpoint_e22 window_influence: 0.48010585894000751, penalty_k: 0.45611689181267789, scale_lr: 0.57347988758787982, EAO: 0.304
Trial 3246 finished with value: 0.3039891062891437 and parameters: {'window_influence': 0.4801058589400075, 'penalty_k': 0.4561168918126779, 'scale_lr': 0.5734798875878798}. Best is trial 1270 with value: 0.3623636909959845.
checkpoint_e22 window_influence: 0.16221497029668555, penalty_k: 0.25038948972784358, scale_lr: 0.26327294113593047, EAO: 0.265
Trial 3247 finished with value: 0.26472743475947397 and parameters: {'window_influence': 0.16221497029668555, 'penalty_k': 0.2503894897278436, 'scale_lr': 0.26327294113593047}. Best is trial 1270 with value: 0.3623636909959845.
checkpoint_e22 window_influence: 0.53146307987662544, penalty_k: 0.41755270425672203, scale_lr: 0.21450777916389530, EAO: 0.292
Trial 3248 finished with value: 0.292090271697434 and parameters: {'window_influence': 0.5314630798766254, 'penalty_k': 0.41755270425672203, 'scale_lr': 0.2145077791638953}. Best is trial 1270 with value: 0.3623636909959845.
checkpoint_e22 window_influence: 0.45931764130832098, penalty_k: 0.08556180113674440, scale_lr: 0.52532341427654838, EAO: 0.330
Trial 3249 finished with value: 0.33044985116455805 and parameters: {'window_influence': 0.459317641308321, 'penalty_k': 0.0855618011367444, 'scale_lr': 0.5253234142765484}. Best is trial 1270 with value: 0.3623636909959845.
checkpoint_e22 window_influence: 0.16040000303130747, penalty_k: 0.54299575548234125, scale_lr: 0.54162182349945376, EAO: 0.247
Trial 3250 finished with value: 0.2474356425295544 and parameters: {'window_influence': 0.16040000303130747, 'penalty_k': 0.5429957554823412, 'scale_lr': 0.5416218234994538}. Best is trial 1270 with value: 0.3623636909959845.
checkpoint_e22 window_influence: 0.25457071604600989, penalty_k: 0.01268753729396693, scale_lr: 0.45544984923762649, EAO: 0.294
Trial 3251 finished with value: 0.2942804853623943 and parameters: {'window_influence': 0.2545707160460099, 'penalty_k': 0.012687537293966933, 'scale_lr': 0.4554498492376265}. Best is trial 1270 with value: 0.3623636909959845.
checkpoint_e22 window_influence: 0.44386337969301881, penalty_k: 0.32499352910835677, scale_lr: 0.61436011184041173, EAO: 0.299
Trial 3252 finished with value: 0.2986532098356388 and parameters: {'window_influence': 0.4438633796930188, 'penalty_k': 0.32499352910835677, 'scale_lr': 0.6143601118404117}. Best is trial 1270 with value: 0.3623636909959845.
checkpoint_e22 window_influence: 0.54770323866511572, penalty_k: 0.18345945154643931, scale_lr: 0.28630583504021162, EAO: 0.306
Trial 3253 finished with value: 0.30620870202895734 and parameters: {'window_influence': 0.5477032386651157, 'penalty_k': 0.1834594515464393, 'scale_lr': 0.2863058350402116}. Best is trial 1270 with value: 0.3623636909959845.
checkpoint_e22 window_influence: 0.34808210791363325, penalty_k: 0.23935035177412056, scale_lr: 0.49133973694024757, EAO: 0.301
Trial 3254 finished with value: 0.3009366328150382 and parameters: {'window_influence': 0.34808210791363325, 'penalty_k': 0.23935035177412056, 'scale_lr': 0.4913397369402476}. Best is trial 1270 with value: 0.3623636909959845.
checkpoint_e22 window_influence: 0.49161734137875712, penalty_k: 0.35275766482166193, scale_lr: 0.58191932924760181, EAO: 0.299
Trial 3255 finished with value: 0.29941207390814906 and parameters: {'window_influence': 0.4916173413787571, 'penalty_k': 0.35275766482166193, 'scale_lr': 0.5819193292476018}. Best is trial 1270 with value: 0.3623636909959845.
checkpoint_e22 window_influence: 0.47164696177086002, penalty_k: 0.02794569631273853, scale_lr: 0.40265796331108372, EAO: 0.356
Trial 3256 finished with value: 0.35605304795480425 and parameters: {'window_influence': 0.47164696177086, 'penalty_k': 0.02794569631273853, 'scale_lr': 0.4026579633110837}. Best is trial 1270 with value: 0.3623636909959845.
checkpoint_e22 window_influence: 0.11522279961559487, penalty_k: 0.04092691599726760, scale_lr: 0.40975313547347814, EAO: 0.273
Trial 3257 finished with value: 0.2727376059103569 and parameters: {'window_influence': 0.11522279961559487, 'penalty_k': 0.0409269159972676, 'scale_lr': 0.40975313547347814}. Best is trial 1270 with value: 0.3623636909959845.
checkpoint_e22 window_influence: 0.45773239451288905, penalty_k: 0.37755155732891038, scale_lr: 0.68548953339770047, EAO: 0.299
Trial 3258 finished with value: 0.2993188465035843 and parameters: {'window_influence': 0.45773239451288905, 'penalty_k': 0.3775515573289104, 'scale_lr': 0.6854895333977005}. Best is trial 1270 with value: 0.3623636909959845.
checkpoint_e22 window_influence: 0.46657677701943318, penalty_k: 0.05274535922241523, scale_lr: 0.43180062509036804, EAO: 0.326
Trial 3259 finished with value: 0.32560895690658215 and parameters: {'window_influence': 0.4665767770194332, 'penalty_k': 0.05274535922241523, 'scale_lr': 0.43180062509036804}. Best is trial 1270 with value: 0.3623636909959845.
checkpoint_e22 window_influence: 0.21499975202810004, penalty_k: 0.05925728196125970, scale_lr: 0.66220406468506054, EAO: 0.280
Trial 3260 finished with value: 0.27980196742696056 and parameters: {'window_influence': 0.21499975202810004, 'penalty_k': 0.0592572819612597, 'scale_lr': 0.6622040646850605}. Best is trial 1270 with value: 0.3623636909959845.
checkpoint_e22 window_influence: 0.45061281886759591, penalty_k: 0.03881897485576962, scale_lr: 0.71942792956451096, EAO: 0.325
Trial 3261 finished with value: 0.3248618377321889 and parameters: {'window_influence': 0.4506128188675959, 'penalty_k': 0.03881897485576962, 'scale_lr': 0.719427929564511}. Best is trial 1270 with value: 0.3623636909959845.
checkpoint_e22 window_influence: 0.46804442295178722, penalty_k: 0.40179748842117591, scale_lr: 0.38726138808396710, EAO: 0.306
Trial 3262 finished with value: 0.3062909665274713 and parameters: {'window_influence': 0.4680444229517872, 'penalty_k': 0.4017974884211759, 'scale_lr': 0.3872613880839671}. Best is trial 1270 with value: 0.3623636909959845.
checkpoint_e22 window_influence: 0.28793240430395511, penalty_k: 0.03386481589615557, scale_lr: 0.47705802666824915, EAO: 0.290
Trial 3263 finished with value: 0.28985875920330967 and parameters: {'window_influence': 0.2879324043039551, 'penalty_k': 0.03386481589615557, 'scale_lr': 0.47705802666824915}. Best is trial 1270 with value: 0.3623636909959845.
checkpoint_e22 window_influence: 0.43092595147599749, penalty_k: 0.04891429657868579, scale_lr: 0.63924657135301133, EAO: 0.317
Trial 3264 finished with value: 0.3172069777542515 and parameters: {'window_influence': 0.4309259514759975, 'penalty_k': 0.04891429657868579, 'scale_lr': 0.6392465713530113}. Best is trial 1270 with value: 0.3623636909959845.
checkpoint_e22 window_influence: 0.45668901751240643, penalty_k: 0.06750966254643553, scale_lr: 0.56168244194991890, EAO: 0.320
Trial 3265 finished with value: 0.31968596954521966 and parameters: {'window_influence': 0.4566890175124064, 'penalty_k': 0.06750966254643553, 'scale_lr': 0.5616824419499189}. Best is trial 1270 with value: 0.3623636909959845.
checkpoint_e22 window_influence: 0.47225374484803184, penalty_k: 0.04810082506133857, scale_lr: 0.50199188559665309, EAO: 0.341
Trial 3266 finished with value: 0.3411271641690444 and parameters: {'window_influence': 0.47225374484803184, 'penalty_k': 0.04810082506133857, 'scale_lr': 0.5019918855966531}. Best is trial 1270 with value: 0.3623636909959845.
checkpoint_e22 window_influence: 0.44046636083588053, penalty_k: 0.09569865013274217, scale_lr: 0.24677745399292328, EAO: 0.328
