Trial 888 finished with value: 0.31313825221840974 and parameters: {'window_influence': 0.2609336528901163, 'penalty_k': 0.3660288200295378, 'scale_lr': 0.6119770618227637}. Best is trial 164 with value: 0.3660086329577034.
checkpoint_e29 window_influence: 0.42009646221430691, penalty_k: 0.06131471929948965, scale_lr: 0.53815401286358089, EAO: 0.308
Trial 889 finished with value: 0.30778237232206396 and parameters: {'window_influence': 0.4200964622143069, 'penalty_k': 0.061314719299489645, 'scale_lr': 0.5381540128635809}. Best is trial 164 with value: 0.3660086329577034.
checkpoint_e29 window_influence: 0.37730454091211052, penalty_k: 0.27154486633754410, scale_lr: 0.57230720677034819, EAO: 0.326
Trial 890 finished with value: 0.3263763294841529 and parameters: {'window_influence': 0.3773045409121105, 'penalty_k': 0.2715448663375441, 'scale_lr': 0.5723072067703482}. Best is trial 164 with value: 0.3660086329577034.
checkpoint_e29 window_influence: 0.32553591318440966, penalty_k: 0.38202323801479787, scale_lr: 0.64013104931876086, EAO: 0.344
Trial 891 finished with value: 0.34421821234291167 and parameters: {'window_influence': 0.32553591318440966, 'penalty_k': 0.3820232380147979, 'scale_lr': 0.6401310493187609}. Best is trial 164 with value: 0.3660086329577034.
checkpoint_e29 window_influence: 0.63899843929049349, penalty_k: 0.38858766381774179, scale_lr: 0.41910741754391795, EAO: 0.226
Trial 892 finished with value: 0.2260757299132848 and parameters: {'window_influence': 0.6389984392904935, 'penalty_k': 0.3885876638177418, 'scale_lr': 0.41910741754391795}. Best is trial 164 with value: 0.3660086329577034.
checkpoint_e29 window_influence: 0.45787088851022939, penalty_k: 0.46979079037076632, scale_lr: 0.59594243632454835, EAO: 0.328
Trial 893 finished with value: 0.3284338451776987 and parameters: {'window_influence': 0.4578708885102294, 'penalty_k': 0.4697907903707663, 'scale_lr': 0.5959424363245484}. Best is trial 164 with value: 0.3660086329577034.
checkpoint_e29 window_influence: 0.53471233635797044, penalty_k: 0.09266395624867091, scale_lr: 0.50679712746632744, EAO: 0.307
Trial 894 finished with value: 0.3068728267218816 and parameters: {'window_influence': 0.5347123363579704, 'penalty_k': 0.09266395624867091, 'scale_lr': 0.5067971274663274}. Best is trial 164 with value: 0.3660086329577034.
checkpoint_e29 window_influence: 0.39239894042068046, penalty_k: 0.44598140906362554, scale_lr: 0.47013749076177924, EAO: 0.327
Trial 895 finished with value: 0.3273658072322259 and parameters: {'window_influence': 0.39239894042068046, 'penalty_k': 0.44598140906362554, 'scale_lr': 0.47013749076177924}. Best is trial 164 with value: 0.3660086329577034.
checkpoint_e29 window_influence: 0.47784319772873629, penalty_k: 0.32757012981463934, scale_lr: 0.73192411810781188, EAO: 0.336
Trial 896 finished with value: 0.3363343356648308 and parameters: {'window_influence': 0.4778431977287363, 'penalty_k': 0.32757012981463934, 'scale_lr': 0.7319241181078119}. Best is trial 164 with value: 0.3660086329577034.
checkpoint_e29 window_influence: 0.35522980321077080, penalty_k: 0.59702174488973347, scale_lr: 0.61322437179927691, EAO: 0.325
Trial 897 finished with value: 0.3252032558625774 and parameters: {'window_influence': 0.3552298032107708, 'penalty_k': 0.5970217448897335, 'scale_lr': 0.6132243717992769}. Best is trial 164 with value: 0.3660086329577034.
checkpoint_e29 window_influence: 0.60580138592905985, penalty_k: 0.01569025332543456, scale_lr: 0.58099977883140341, EAO: 0.252
Trial 898 finished with value: 0.2518097123399319 and parameters: {'window_influence': 0.6058013859290599, 'penalty_k': 0.015690253325434556, 'scale_lr': 0.5809997788314034}. Best is trial 164 with value: 0.3660086329577034.
checkpoint_e29 window_influence: 0.43855719949278249, penalty_k: 0.39884096958685999, scale_lr: 0.19415911715337730, EAO: 0.331
Trial 899 finished with value: 0.3314690834005519 and parameters: {'window_influence': 0.4385571994927825, 'penalty_k': 0.39884096958686, 'scale_lr': 0.1941591171533773}. Best is trial 164 with value: 0.3660086329577034.
checkpoint_e29 window_influence: 0.40844055898265885, penalty_k: 0.34308797355084220, scale_lr: 0.62501743385955433, EAO: 0.345
Trial 900 finished with value: 0.3454885335515909 and parameters: {'window_influence': 0.40844055898265885, 'penalty_k': 0.3430879735508422, 'scale_lr': 0.6250174338595543}. Best is trial 164 with value: 0.3660086329577034.
checkpoint_e29 window_influence: 0.42601336279155361, penalty_k: 0.22588022350337267, scale_lr: 0.66747802220274544, EAO: 0.318
Trial 901 finished with value: 0.31832773780544443 and parameters: {'window_influence': 0.4260133627915536, 'penalty_k': 0.22588022350337267, 'scale_lr': 0.6674780222027454}. Best is trial 164 with value: 0.3660086329577034.
checkpoint_e29 window_influence: 0.12135005132674170, penalty_k: 0.36647825224217667, scale_lr: 0.78351160007949439, EAO: 0.271
Trial 902 finished with value: 0.2714476228224164 and parameters: {'window_influence': 0.1213500513267417, 'penalty_k': 0.36647825224217667, 'scale_lr': 0.7835116000794944}. Best is trial 164 with value: 0.3660086329577034.
checkpoint_e29 window_influence: 0.37579471460988761, penalty_k: 0.41129307747410826, scale_lr: 0.79821099863673250, EAO: 0.355
Trial 903 finished with value: 0.3546269878107286 and parameters: {'window_influence': 0.3757947146098876, 'penalty_k': 0.41129307747410826, 'scale_lr': 0.7982109986367325}. Best is trial 164 with value: 0.3660086329577034.
checkpoint_e29 window_influence: 0.38818672914100777, penalty_k: 0.14580284336129881, scale_lr: 0.79158553984294278, EAO: 0.309
Trial 904 finished with value: 0.3093700363130421 and parameters: {'window_influence': 0.38818672914100777, 'penalty_k': 0.1458028433612988, 'scale_lr': 0.7915855398429428}. Best is trial 164 with value: 0.3660086329577034.
checkpoint_e29 window_influence: 0.15802972241291455, penalty_k: 0.42065234806147700, scale_lr: 0.79346432515470677, EAO: 0.279
Trial 905 finished with value: 0.27884035438647065 and parameters: {'window_influence': 0.15802972241291455, 'penalty_k': 0.420652348061477, 'scale_lr': 0.7934643251547068}. Best is trial 164 with value: 0.3660086329577034.
checkpoint_e29 window_influence: 0.37415211758825895, penalty_k: 0.15526649403158685, scale_lr: 0.77574534733766309, EAO: 0.318
Trial 906 finished with value: 0.3182937874520335 and parameters: {'window_influence': 0.37415211758825895, 'penalty_k': 0.15526649403158685, 'scale_lr': 0.7757453473376631}. Best is trial 164 with value: 0.3660086329577034.
checkpoint_e29 window_influence: 0.20044408792279958, penalty_k: 0.44207090089344664, scale_lr: 0.79672013629539984, EAO: 0.305
Trial 907 finished with value: 0.3045637056753329 and parameters: {'window_influence': 0.20044408792279958, 'penalty_k': 0.44207090089344664, 'scale_lr': 0.7967201362953998}. Best is trial 164 with value: 0.3660086329577034.
checkpoint_e29 window_influence: 0.40317344304768704, penalty_k: 0.42234951405482951, scale_lr: 0.76815522148122251, EAO: 0.327
Trial 908 finished with value: 0.3273269819378389 and parameters: {'window_influence': 0.40317344304768704, 'penalty_k': 0.4223495140548295, 'scale_lr': 0.7681552214812225}. Best is trial 164 with value: 0.3660086329577034.
checkpoint_e29 window_influence: 0.38990552756795566, penalty_k: 0.40721483261876423, scale_lr: 0.78974362013687305, EAO: 0.318
Trial 909 finished with value: 0.3177239891388073 and parameters: {'window_influence': 0.38990552756795566, 'penalty_k': 0.40721483261876423, 'scale_lr': 0.789743620136873}. Best is trial 164 with value: 0.3660086329577034.
checkpoint_e29 window_influence: 0.15487140015616188, penalty_k: 0.43286388336279574, scale_lr: 0.75622981961758307, EAO: 0.287
Trial 910 finished with value: 0.2871176991249337 and parameters: {'window_influence': 0.15487140015616188, 'penalty_k': 0.43286388336279574, 'scale_lr': 0.7562298196175831}. Best is trial 164 with value: 0.3660086329577034.
checkpoint_e29 window_influence: 0.46633991955713411, penalty_k: 0.41051799087009944, scale_lr: 0.71696632845614372, EAO: 0.333
Trial 911 finished with value: 0.33348676991369935 and parameters: {'window_influence': 0.4663399195571341, 'penalty_k': 0.41051799087009944, 'scale_lr': 0.7169663284561437}. Best is trial 164 with value: 0.3660086329577034.
checkpoint_e29 window_influence: 0.37995147479370583, penalty_k: 0.19497951436537556, scale_lr: 0.77371667992394855, EAO: 0.319
Trial 912 finished with value: 0.319430266546832 and parameters: {'window_influence': 0.37995147479370583, 'penalty_k': 0.19497951436537556, 'scale_lr': 0.7737166799239485}. Best is trial 164 with value: 0.3660086329577034.
checkpoint_e29 window_influence: 0.18301668333727658, penalty_k: 0.42843198297881413, scale_lr: 0.79873695023061397, EAO: 0.278
Trial 913 finished with value: 0.27787798318417617 and parameters: {'window_influence': 0.18301668333727658, 'penalty_k': 0.42843198297881413, 'scale_lr': 0.798736950230614}. Best is trial 164 with value: 0.3660086329577034.
checkpoint_e29 window_influence: 0.13997008010608228, penalty_k: 0.12280417547310107, scale_lr: 0.74084311479938370, EAO: 0.290
Trial 914 finished with value: 0.28984845583308994 and parameters: {'window_influence': 0.13997008010608228, 'penalty_k': 0.12280417547310107, 'scale_lr': 0.7408431147993837}. Best is trial 164 with value: 0.3660086329577034.
checkpoint_e29 window_influence: 0.11907621877548014, penalty_k: 0.47118395999239360, scale_lr: 0.76422272961420401, EAO: 0.262
Trial 915 finished with value: 0.2619030000170845 and parameters: {'window_influence': 0.11907621877548014, 'penalty_k': 0.4711839599923936, 'scale_lr': 0.764222729614204}. Best is trial 164 with value: 0.3660086329577034.
checkpoint_e29 window_influence: 0.26707694826079265, penalty_k: 0.40781937022455217, scale_lr: 0.78139455424798077, EAO: 0.307
Trial 916 finished with value: 0.30683982801344606 and parameters: {'window_influence': 0.26707694826079265, 'penalty_k': 0.40781937022455217, 'scale_lr': 0.7813945542479808}. Best is trial 164 with value: 0.3660086329577034.
checkpoint_e29 window_influence: 0.42051198978432480, penalty_k: 0.31172280891590232, scale_lr: 0.54702509237327612, EAO: 0.327
Trial 917 finished with value: 0.3266885776348151 and parameters: {'window_influence': 0.4205119897843248, 'penalty_k': 0.3117228089159023, 'scale_lr': 0.5470250923732761}. Best is trial 164 with value: 0.3660086329577034.
checkpoint_e29 window_influence: 0.39503528629109708, penalty_k: 0.04178857687385362, scale_lr: 0.79933259336770368, EAO: 0.322
Trial 918 finished with value: 0.32219409484575695 and parameters: {'window_influence': 0.3950352862910971, 'penalty_k': 0.04178857687385362, 'scale_lr': 0.7993325933677037}. Best is trial 164 with value: 0.3660086329577034.
checkpoint_e29 window_influence: 0.45631844124417675, penalty_k: 0.41646203049823610, scale_lr: 0.68856075609512080, EAO: 0.350
Trial 919 finished with value: 0.34954215963063073 and parameters: {'window_influence': 0.45631844124417675, 'penalty_k': 0.4164620304982361, 'scale_lr': 0.6885607560951208}. Best is trial 164 with value: 0.3660086329577034.
checkpoint_e29 window_influence: 0.36786558460516378, penalty_k: 0.49616262807640721, scale_lr: 0.73854792207269193, EAO: 0.314
Trial 920 finished with value: 0.314280506759766 and parameters: {'window_influence': 0.3678655846051638, 'penalty_k': 0.4961626280764072, 'scale_lr': 0.7385479220726919}. Best is trial 164 with value: 0.3660086329577034.
checkpoint_e29 window_influence: 0.43318210549398423, penalty_k: 0.28491079788094520, scale_lr: 0.75383317410397632, EAO: 0.331
Trial 921 finished with value: 0.33125237094289134 and parameters: {'window_influence': 0.4331821054939842, 'penalty_k': 0.2849107978809452, 'scale_lr': 0.7538331741039763}. Best is trial 164 with value: 0.3660086329577034.
checkpoint_e29 window_influence: 0.49099052640394941, penalty_k: 0.23170940067638959, scale_lr: 0.77043554919615076, EAO: 0.341
Trial 922 finished with value: 0.340562849657081 and parameters: {'window_influence': 0.4909905264039494, 'penalty_k': 0.2317094006763896, 'scale_lr': 0.7704355491961508}. Best is trial 164 with value: 0.3660086329577034.
checkpoint_e29 window_influence: 0.50927392597040311, penalty_k: 0.56632579566363717, scale_lr: 0.59600379215687460, EAO: 0.316
Trial 923 finished with value: 0.3164002006503858 and parameters: {'window_influence': 0.5092739259704031, 'penalty_k': 0.5663257956636372, 'scale_lr': 0.5960037921568746}. Best is trial 164 with value: 0.3660086329577034.
checkpoint_e29 window_influence: 0.44867425226853741, penalty_k: 0.21238766745983850, scale_lr: 0.26489649248206482, EAO: 0.342
Trial 924 finished with value: 0.3423864195550926 and parameters: {'window_influence': 0.4486742522685374, 'penalty_k': 0.2123876674598385, 'scale_lr': 0.2648964924820648}. Best is trial 164 with value: 0.3660086329577034.
checkpoint_e29 window_influence: 0.52449563071547667, penalty_k: 0.45101469765303676, scale_lr: 0.43797252399074071, EAO: 0.301
Trial 925 finished with value: 0.3011785784468113 and parameters: {'window_influence': 0.5244956307154767, 'penalty_k': 0.45101469765303676, 'scale_lr': 0.4379725239907407}. Best is trial 164 with value: 0.3660086329577034.
checkpoint_e29 window_influence: 0.41475164042387108, penalty_k: 0.33132380441168674, scale_lr: 0.70489237638333546, EAO: 0.322
Trial 926 finished with value: 0.3219722639841792 and parameters: {'window_influence': 0.4147516404238711, 'penalty_k': 0.33132380441168674, 'scale_lr': 0.7048923763833355}. Best is trial 164 with value: 0.3660086329577034.
checkpoint_e29 window_influence: 0.09947735191561441, penalty_k: 0.05848669643073953, scale_lr: 0.55601673199412760, EAO: 0.276
Trial 927 finished with value: 0.2763525114217157 and parameters: {'window_influence': 0.09947735191561441, 'penalty_k': 0.05848669643073953, 'scale_lr': 0.5560167319941276}. Best is trial 164 with value: 0.3660086329577034.
checkpoint_e29 window_influence: 0.38273333913653340, penalty_k: 0.29891016090226707, scale_lr: 0.57674931832400911, EAO: 0.327
Trial 928 finished with value: 0.32749094631421427 and parameters: {'window_influence': 0.3827333391365334, 'penalty_k': 0.2989101609022671, 'scale_lr': 0.5767493183240091}. Best is trial 164 with value: 0.3660086329577034.
checkpoint_e29 window_influence: 0.40010299115584086, penalty_k: 0.57123263385451217, scale_lr: 0.75637843557966689, EAO: 0.316
Trial 929 finished with value: 0.31631430032652175 and parameters: {'window_influence': 0.40010299115584086, 'penalty_k': 0.5712326338545122, 'scale_lr': 0.7563784355796669}. Best is trial 164 with value: 0.3660086329577034.
checkpoint_e29 window_influence: 0.47382606540815386, penalty_k: 0.23928141708746620, scale_lr: 0.22158535775121049, EAO: 0.327
Trial 930 finished with value: 0.3267457654503997 and parameters: {'window_influence': 0.47382606540815386, 'penalty_k': 0.2392814170874662, 'scale_lr': 0.2215853577512105}. Best is trial 164 with value: 0.3660086329577034.
checkpoint_e29 window_influence: 0.36746574267755883, penalty_k: 0.26440052947639459, scale_lr: 0.72833997707564413, EAO: 0.323
Trial 931 finished with value: 0.3228249620602752 and parameters: {'window_influence': 0.3674657426775588, 'penalty_k': 0.2644005294763946, 'scale_lr': 0.7283399770756441}. Best is trial 164 with value: 0.3660086329577034.
checkpoint_e29 window_influence: 0.57569632219288247, penalty_k: 0.39911786421429346, scale_lr: 0.45221008289844017, EAO: 0.276
Trial 932 finished with value: 0.27642700858849034 and parameters: {'window_influence': 0.5756963221928825, 'penalty_k': 0.39911786421429346, 'scale_lr': 0.45221008289844017}. Best is trial 164 with value: 0.3660086329577034.
checkpoint_e29 window_influence: 0.61940216552632066, penalty_k: 0.13616780302494191, scale_lr: 0.67998575245630588, EAO: 0.249
Trial 933 finished with value: 0.248541249723286 and parameters: {'window_influence': 0.6194021655263207, 'penalty_k': 0.1361678030249419, 'scale_lr': 0.6799857524563059}. Best is trial 164 with value: 0.3660086329577034.
checkpoint_e29 window_influence: 0.44424407610384731, penalty_k: 0.36007188815116320, scale_lr: 0.78339090763975427, EAO: 0.349
Trial 934 finished with value: 0.3494268799570284 and parameters: {'window_influence': 0.4442440761038473, 'penalty_k': 0.3600718881511632, 'scale_lr': 0.7833909076397543}. Best is trial 164 with value: 0.3660086329577034.
checkpoint_e29 window_influence: 0.33995016038041836, penalty_k: 0.34981777877425235, scale_lr: 0.52612853939451465, EAO: 0.316
Trial 935 finished with value: 0.3156513048169214 and parameters: {'window_influence': 0.33995016038041836, 'penalty_k': 0.34981777877425235, 'scale_lr': 0.5261285393945146}. Best is trial 164 with value: 0.3660086329577034.
checkpoint_e29 window_influence: 0.43078805676898252, penalty_k: 0.37942374773357251, scale_lr: 0.60166566512581621, EAO: 0.334
Trial 936 finished with value: 0.33381730967458584 and parameters: {'window_influence': 0.4307880567689825, 'penalty_k': 0.3794237477335725, 'scale_lr': 0.6016656651258162}. Best is trial 164 with value: 0.3660086329577034.
checkpoint_e29 window_influence: 0.35181658501166879, penalty_k: 0.39359095536710353, scale_lr: 0.65513017278198837, EAO: 0.330
Trial 937 finished with value: 0.32984714157850364 and parameters: {'window_influence': 0.3518165850116688, 'penalty_k': 0.39359095536710353, 'scale_lr': 0.6551301727819884}. Best is trial 164 with value: 0.3660086329577034.
checkpoint_e29 window_influence: 0.30591940133968643, penalty_k: 0.42844715398164179, scale_lr: 0.13387970526254922, EAO: 0.289
Trial 938 finished with value: 0.28900116908179185 and parameters: {'window_influence': 0.3059194013396864, 'penalty_k': 0.4284471539816418, 'scale_lr': 0.13387970526254922}. Best is trial 164 with value: 0.3660086329577034.
checkpoint_e29 window_influence: 0.17446414401074253, penalty_k: 0.33891530710869677, scale_lr: 0.61027018636213082, EAO: 0.273
Trial 939 finished with value: 0.2730813591744649 and parameters: {'window_influence': 0.17446414401074253, 'penalty_k': 0.3389153071086968, 'scale_lr': 0.6102701863621308}. Best is trial 164 with value: 0.3660086329577034.
checkpoint_e29 window_influence: 0.40800680745362405, penalty_k: 0.31274986086886442, scale_lr: 0.33175667292861033, EAO: 0.322
Trial 940 finished with value: 0.3219087202725244 and parameters: {'window_influence': 0.40800680745362405, 'penalty_k': 0.3127498608688644, 'scale_lr': 0.33175667292861033}. Best is trial 164 with value: 0.3660086329577034.
checkpoint_e29 window_influence: 0.37696280874518484, penalty_k: 0.45475576253126154, scale_lr: 0.47731291899425971, EAO: 0.336
Trial 941 finished with value: 0.3356670380102521 and parameters: {'window_influence': 0.37696280874518484, 'penalty_k': 0.45475576253126154, 'scale_lr': 0.4773129189942597}. Best is trial 164 with value: 0.3660086329577034.
checkpoint_e29 window_influence: 0.45895974823643332, penalty_k: 0.37569576982571118, scale_lr: 0.58675113800593681, EAO: 0.326
Trial 942 finished with value: 0.325894507568634 and parameters: {'window_influence': 0.4589597482364333, 'penalty_k': 0.3756957698257112, 'scale_lr': 0.5867511380059368}. Best is trial 164 with value: 0.3660086329577034.
checkpoint_e29 window_influence: 0.23602882602848974, penalty_k: 0.41089547754757388, scale_lr: 0.70749419400253521, EAO: 0.307
Trial 943 finished with value: 0.30697516807090447 and parameters: {'window_influence': 0.23602882602848974, 'penalty_k': 0.4108954775475739, 'scale_lr': 0.7074941940025352}. Best is trial 164 with value: 0.3660086329577034.
checkpoint_e29 window_influence: 0.19747313791691409, penalty_k: 0.39579844498224526, scale_lr: 0.45946615407326047, EAO: 0.279
Trial 944 finished with value: 0.2785452094639322 and parameters: {'window_influence': 0.1974731379169141, 'penalty_k': 0.39579844498224526, 'scale_lr': 0.45946615407326047}. Best is trial 164 with value: 0.3660086329577034.
checkpoint_e29 window_influence: 0.05322284571697333, penalty_k: 0.55366504715618492, scale_lr: 0.74583288033393125, EAO: 0.233
Trial 945 finished with value: 0.23259797495162904 and parameters: {'window_influence': 0.05322284571697333, 'penalty_k': 0.5536650471561849, 'scale_lr': 0.7458328803339312}. Best is trial 164 with value: 0.3660086329577034.
checkpoint_e29 window_influence: 0.38940444759348652, penalty_k: 0.43786686694840515, scale_lr: 0.33618043535346154, EAO: 0.338
Trial 946 finished with value: 0.3378992873870909 and parameters: {'window_influence': 0.3894044475934865, 'penalty_k': 0.43786686694840515, 'scale_lr': 0.33618043535346154}. Best is trial 164 with value: 0.3660086329577034.
checkpoint_e29 window_influence: 0.48378950229489548, penalty_k: 0.04339944221596620, scale_lr: 0.51593065000080118, EAO: 0.332
Trial 947 finished with value: 0.33173415006830537 and parameters: {'window_influence': 0.4837895022948955, 'penalty_k': 0.0433994422159662, 'scale_lr': 0.5159306500008012}. Best is trial 164 with value: 0.3660086329577034.
checkpoint_e29 window_influence: 0.36027231870994497, penalty_k: 0.35755316865305908, scale_lr: 0.42359410919805374, EAO: 0.330
Trial 948 finished with value: 0.3303321690410955 and parameters: {'window_influence': 0.36027231870994497, 'penalty_k': 0.3575531686530591, 'scale_lr': 0.42359410919805374}. Best is trial 164 with value: 0.3660086329577034.
checkpoint_e29 window_influence: 0.41732263423287985, penalty_k: 0.32024511478648238, scale_lr: 0.36333496330222709, EAO: 0.308
Trial 949 finished with value: 0.30754419123384275 and parameters: {'window_influence': 0.41732263423287985, 'penalty_k': 0.3202451147864824, 'scale_lr': 0.3633349633022271}. Best is trial 164 with value: 0.3660086329577034.
checkpoint_e29 window_influence: 0.21175522913882919, penalty_k: 0.41862263150151052, scale_lr: 0.11863608807036125, EAO: 0.266
