Trial 620 finished with value: 0.34230271990661026 and parameters: {'window_influence': 0.5218657588194312, 'penalty_k': 0.10190998091387195, 'scale_lr': 0.49769236556544155}. Best is trial 62 with value: 0.3726749919963718.
checkpoint_e29 window_influence: 0.39051545056123244, penalty_k: 0.09112048079203083, scale_lr: 0.14778892067688926, EAO: 0.320
Trial 621 finished with value: 0.3201512108169177 and parameters: {'window_influence': 0.39051545056123244, 'penalty_k': 0.09112048079203083, 'scale_lr': 0.14778892067688926}. Best is trial 62 with value: 0.3726749919963718.
checkpoint_e29 window_influence: 0.50624308949882635, penalty_k: 0.06631068357938869, scale_lr: 0.13793287431670465, EAO: 0.340
Trial 622 finished with value: 0.3402991060616905 and parameters: {'window_influence': 0.5062430894988263, 'penalty_k': 0.06631068357938869, 'scale_lr': 0.13793287431670465}. Best is trial 62 with value: 0.3726749919963718.
checkpoint_e29 window_influence: 0.49802921354822166, penalty_k: 0.14598883435754106, scale_lr: 0.11801425337052300, EAO: 0.345
Trial 623 finished with value: 0.34478366850415093 and parameters: {'window_influence': 0.49802921354822166, 'penalty_k': 0.14598883435754106, 'scale_lr': 0.118014253370523}. Best is trial 62 with value: 0.3726749919963718.
checkpoint_e29 window_influence: 0.12541294069215012, penalty_k: 0.49768121275217542, scale_lr: 0.20565477919567637, EAO: 0.256
Trial 624 finished with value: 0.2559329987963814 and parameters: {'window_influence': 0.12541294069215012, 'penalty_k': 0.4976812127521754, 'scale_lr': 0.20565477919567637}. Best is trial 62 with value: 0.3726749919963718.
checkpoint_e29 window_influence: 0.22674176864666387, penalty_k: 0.08677560685732480, scale_lr: 0.13066624537503735, EAO: 0.302
Trial 625 finished with value: 0.3023968178938335 and parameters: {'window_influence': 0.22674176864666387, 'penalty_k': 0.0867756068573248, 'scale_lr': 0.13066624537503735}. Best is trial 62 with value: 0.3726749919963718.
checkpoint_e29 window_influence: 0.40904685419899539, penalty_k: 0.18054060371550978, scale_lr: 0.11805153376051335, EAO: 0.349
Trial 626 finished with value: 0.34876867641734705 and parameters: {'window_influence': 0.4090468541989954, 'penalty_k': 0.18054060371550978, 'scale_lr': 0.11805153376051335}. Best is trial 62 with value: 0.3726749919963718.
checkpoint_e29 window_influence: 0.51779417063782762, penalty_k: 0.11240297381313424, scale_lr: 0.10702468887306482, EAO: 0.335
Trial 627 finished with value: 0.33505667728672694 and parameters: {'window_influence': 0.5177941706378276, 'penalty_k': 0.11240297381313424, 'scale_lr': 0.10702468887306482}. Best is trial 62 with value: 0.3726749919963718.
checkpoint_e29 window_influence: 0.50356064418070046, penalty_k: 0.09681281515841486, scale_lr: 0.13818772857424791, EAO: 0.363
Trial 628 finished with value: 0.36252952538111793 and parameters: {'window_influence': 0.5035606441807005, 'penalty_k': 0.09681281515841486, 'scale_lr': 0.1381877285742479}. Best is trial 62 with value: 0.3726749919963718.
checkpoint_e29 window_influence: 0.49331862280570860, penalty_k: 0.59594670382262316, scale_lr: 0.10594353057248114, EAO: 0.266
Trial 629 finished with value: 0.26639243560310466 and parameters: {'window_influence': 0.4933186228057086, 'penalty_k': 0.5959467038226232, 'scale_lr': 0.10594353057248114}. Best is trial 62 with value: 0.3726749919963718.
checkpoint_e29 window_influence: 0.53406734269175915, penalty_k: 0.41030574008765064, scale_lr: 0.14469083076517672, EAO: 0.295
Trial 630 finished with value: 0.294585886284535 and parameters: {'window_influence': 0.5340673426917592, 'penalty_k': 0.41030574008765064, 'scale_lr': 0.14469083076517672}. Best is trial 62 with value: 0.3726749919963718.
checkpoint_e29 window_influence: 0.20704766302040231, penalty_k: 0.09822210617899094, scale_lr: 0.15748212843771642, EAO: 0.284
Trial 631 finished with value: 0.28435497809244964 and parameters: {'window_influence': 0.2070476630204023, 'penalty_k': 0.09822210617899094, 'scale_lr': 0.15748212843771642}. Best is trial 62 with value: 0.3726749919963718.
checkpoint_e29 window_influence: 0.57203315584910963, penalty_k: 0.24266977873005946, scale_lr: 0.14597664130082791, EAO: 0.303
Trial 632 finished with value: 0.3029405689772929 and parameters: {'window_influence': 0.5720331558491096, 'penalty_k': 0.24266977873005946, 'scale_lr': 0.1459766413008279}. Best is trial 62 with value: 0.3726749919963718.
checkpoint_e29 window_influence: 0.18677344281256239, penalty_k: 0.12288498692050984, scale_lr: 0.12933688211135277, EAO: 0.282
Trial 633 finished with value: 0.2823943103797705 and parameters: {'window_influence': 0.1867734428125624, 'penalty_k': 0.12288498692050984, 'scale_lr': 0.12933688211135277}. Best is trial 62 with value: 0.3726749919963718.
checkpoint_e29 window_influence: 0.45847710627358662, penalty_k: 0.10718142226457461, scale_lr: 0.16747189489179343, EAO: 0.339
Trial 634 finished with value: 0.33925766193449264 and parameters: {'window_influence': 0.4584771062735866, 'penalty_k': 0.10718142226457461, 'scale_lr': 0.16747189489179343}. Best is trial 62 with value: 0.3726749919963718.
checkpoint_e29 window_influence: 0.50852759627168753, penalty_k: 0.09466509442014966, scale_lr: 0.11765813455671417, EAO: 0.353
Trial 635 finished with value: 0.35330545322440476 and parameters: {'window_influence': 0.5085275962716875, 'penalty_k': 0.09466509442014966, 'scale_lr': 0.11765813455671417}. Best is trial 62 with value: 0.3726749919963718.
checkpoint_e29 window_influence: 0.48940763766816531, penalty_k: 0.37430452522838992, scale_lr: 0.13587604700932848, EAO: 0.297
Trial 636 finished with value: 0.29684558261461297 and parameters: {'window_influence': 0.4894076376681653, 'penalty_k': 0.3743045252283899, 'scale_lr': 0.13587604700932848}. Best is trial 62 with value: 0.3726749919963718.
checkpoint_e29 window_influence: 0.52243873497597171, penalty_k: 0.08405767598754076, scale_lr: 0.17524294332974688, EAO: 0.321
Trial 637 finished with value: 0.32119346250587866 and parameters: {'window_influence': 0.5224387349759717, 'penalty_k': 0.08405767598754076, 'scale_lr': 0.17524294332974688}. Best is trial 62 with value: 0.3726749919963718.
checkpoint_e29 window_influence: 0.47555895390699082, penalty_k: 0.07954232504757025, scale_lr: 0.29344304413298372, EAO: 0.338
Trial 638 finished with value: 0.3384830068057613 and parameters: {'window_influence': 0.4755589539069908, 'penalty_k': 0.07954232504757025, 'scale_lr': 0.2934430441329837}. Best is trial 62 with value: 0.3726749919963718.
checkpoint_e29 window_influence: 0.44476536742264894, penalty_k: 0.33180012861323405, scale_lr: 0.28756226442788857, EAO: 0.329
Trial 639 finished with value: 0.32915933262049457 and parameters: {'window_influence': 0.44476536742264894, 'penalty_k': 0.33180012861323405, 'scale_lr': 0.28756226442788857}. Best is trial 62 with value: 0.3726749919963718.
checkpoint_e29 window_influence: 0.33262978656357617, penalty_k: 0.25676546214230722, scale_lr: 0.12130458184139270, EAO: 0.320
Trial 640 finished with value: 0.31954150933931774 and parameters: {'window_influence': 0.33262978656357617, 'penalty_k': 0.2567654621423072, 'scale_lr': 0.1213045818413927}. Best is trial 62 with value: 0.3726749919963718.
checkpoint_e29 window_influence: 0.50069769947574005, penalty_k: 0.13874651622322354, scale_lr: 0.23226339334019674, EAO: 0.320
Trial 641 finished with value: 0.31984876821013275 and parameters: {'window_influence': 0.50069769947574, 'penalty_k': 0.13874651622322354, 'scale_lr': 0.23226339334019674}. Best is trial 62 with value: 0.3726749919963718.
checkpoint_e29 window_influence: 0.14353701548074332, penalty_k: 0.32018112783763353, scale_lr: 0.15749133108976571, EAO: 0.265
Trial 642 finished with value: 0.2652346429773806 and parameters: {'window_influence': 0.14353701548074332, 'penalty_k': 0.32018112783763353, 'scale_lr': 0.1574913310897657}. Best is trial 62 with value: 0.3726749919963718.
checkpoint_e29 window_influence: 0.58000689047549536, penalty_k: 0.11302584923603920, scale_lr: 0.35318496929276094, EAO: 0.282
Trial 643 finished with value: 0.28173098681269915 and parameters: {'window_influence': 0.5800068904754954, 'penalty_k': 0.1130258492360392, 'scale_lr': 0.35318496929276094}. Best is trial 62 with value: 0.3726749919963718.
checkpoint_e29 window_influence: 0.42958249862056869, penalty_k: 0.09203411627046372, scale_lr: 0.10201190544034121, EAO: 0.324
Trial 644 finished with value: 0.32398433084617795 and parameters: {'window_influence': 0.4295824986205687, 'penalty_k': 0.09203411627046372, 'scale_lr': 0.10201190544034121}. Best is trial 62 with value: 0.3726749919963718.
checkpoint_e29 window_influence: 0.48741814419043367, penalty_k: 0.07328285497414101, scale_lr: 0.29943295126265529, EAO: 0.332
Trial 645 finished with value: 0.3316521472968016 and parameters: {'window_influence': 0.48741814419043367, 'penalty_k': 0.07328285497414101, 'scale_lr': 0.2994329512626553}. Best is trial 62 with value: 0.3726749919963718.
checkpoint_e29 window_influence: 0.09626403512482684, penalty_k: 0.10253142131026208, scale_lr: 0.14601533514371956, EAO: 0.266
Trial 646 finished with value: 0.2657848164033333 and parameters: {'window_influence': 0.09626403512482684, 'penalty_k': 0.10253142131026208, 'scale_lr': 0.14601533514371956}. Best is trial 62 with value: 0.3726749919963718.
checkpoint_e29 window_influence: 0.51066569124347039, penalty_k: 0.13344421822600872, scale_lr: 0.12417949365306759, EAO: 0.326
Trial 647 finished with value: 0.32598395494867394 and parameters: {'window_influence': 0.5106656912434704, 'penalty_k': 0.13344421822600872, 'scale_lr': 0.12417949365306759}. Best is trial 62 with value: 0.3726749919963718.
checkpoint_e29 window_influence: 0.46179725793790399, penalty_k: 0.06799180153849736, scale_lr: 0.16345306376723764, EAO: 0.332
Trial 648 finished with value: 0.33228690736720534 and parameters: {'window_influence': 0.461797257937904, 'penalty_k': 0.06799180153849736, 'scale_lr': 0.16345306376723764}. Best is trial 62 with value: 0.3726749919963718.
checkpoint_e29 window_influence: 0.64155054674141365, penalty_k: 0.12202763394787125, scale_lr: 0.26437129044518393, EAO: 0.243
Trial 649 finished with value: 0.2432646901575044 and parameters: {'window_influence': 0.6415505467414137, 'penalty_k': 0.12202763394787125, 'scale_lr': 0.2643712904451839}. Best is trial 62 with value: 0.3726749919963718.
checkpoint_e29 window_influence: 0.49753431877069837, penalty_k: 0.31131885721272540, scale_lr: 0.17126202688434647, EAO: 0.332
Trial 650 finished with value: 0.3324717374279341 and parameters: {'window_influence': 0.49753431877069837, 'penalty_k': 0.3113188572127254, 'scale_lr': 0.17126202688434647}. Best is trial 62 with value: 0.3726749919963718.
checkpoint_e29 window_influence: 0.54609293143829141, penalty_k: 0.08312989655445115, scale_lr: 0.19448913994687467, EAO: 0.321
Trial 651 finished with value: 0.3205353531856017 and parameters: {'window_influence': 0.5460929314382914, 'penalty_k': 0.08312989655445115, 'scale_lr': 0.19448913994687467}. Best is trial 62 with value: 0.3726749919963718.
checkpoint_e29 window_influence: 0.52992363469851256, penalty_k: 0.20217473356749141, scale_lr: 0.21880801512022713, EAO: 0.316
Trial 652 finished with value: 0.31622888704450214 and parameters: {'window_influence': 0.5299236346985126, 'penalty_k': 0.2021747335674914, 'scale_lr': 0.21880801512022713}. Best is trial 62 with value: 0.3726749919963718.
checkpoint_e29 window_influence: 0.31785085801137758, penalty_k: 0.06464849696344195, scale_lr: 0.51183675247963667, EAO: 0.309
Trial 653 finished with value: 0.30894348616729916 and parameters: {'window_influence': 0.3178508580113776, 'penalty_k': 0.06464849696344195, 'scale_lr': 0.5118367524796367}. Best is trial 62 with value: 0.3726749919963718.
checkpoint_e29 window_influence: 0.47855118209351505, penalty_k: 0.09130280746136285, scale_lr: 0.24859961554079427, EAO: 0.339
Trial 654 finished with value: 0.3388190292662684 and parameters: {'window_influence': 0.47855118209351505, 'penalty_k': 0.09130280746136285, 'scale_lr': 0.24859961554079427}. Best is trial 62 with value: 0.3726749919963718.
checkpoint_e29 window_influence: 0.38852109871087587, penalty_k: 0.07547638861569408, scale_lr: 0.14250626880049400, EAO: 0.342
Trial 655 finished with value: 0.34187966388023316 and parameters: {'window_influence': 0.38852109871087587, 'penalty_k': 0.07547638861569408, 'scale_lr': 0.142506268800494}. Best is trial 62 with value: 0.3726749919963718.
checkpoint_e29 window_influence: 0.51435876295622185, penalty_k: 0.10045917507263324, scale_lr: 0.47877673459828812, EAO: 0.322
Trial 656 finished with value: 0.3222011642581294 and parameters: {'window_influence': 0.5143587629562218, 'penalty_k': 0.10045917507263324, 'scale_lr': 0.4787767345982881}. Best is trial 62 with value: 0.3726749919963718.
checkpoint_e29 window_influence: 0.46739712209627671, penalty_k: 0.47425584481008470, scale_lr: 0.49591287268868278, EAO: 0.330
Trial 657 finished with value: 0.33000553222481843 and parameters: {'window_influence': 0.4673971220962767, 'penalty_k': 0.4742558448100847, 'scale_lr': 0.4959128726886828}. Best is trial 62 with value: 0.3726749919963718.
checkpoint_e29 window_influence: 0.18019141765651181, penalty_k: 0.26949068254238606, scale_lr: 0.46000786556810142, EAO: 0.293
Trial 658 finished with value: 0.29309113967279515 and parameters: {'window_influence': 0.1801914176565118, 'penalty_k': 0.26949068254238606, 'scale_lr': 0.4600078655681014}. Best is trial 62 with value: 0.3726749919963718.
checkpoint_e29 window_influence: 0.49257227694994965, penalty_k: 0.42429093057778317, scale_lr: 0.33305463743581692, EAO: 0.324
Trial 659 finished with value: 0.32423089038769093 and parameters: {'window_influence': 0.49257227694994965, 'penalty_k': 0.42429093057778317, 'scale_lr': 0.3330546374358169}. Best is trial 62 with value: 0.3726749919963718.
checkpoint_e29 window_influence: 0.50702212697718252, penalty_k: 0.06239278411407698, scale_lr: 0.69050972236288344, EAO: 0.340
Trial 660 finished with value: 0.34013802833594237 and parameters: {'window_influence': 0.5070221269771825, 'penalty_k': 0.062392784114076984, 'scale_lr': 0.6905097223628834}. Best is trial 62 with value: 0.3726749919963718.
checkpoint_e29 window_influence: 0.45463985608980512, penalty_k: 0.16523768019790611, scale_lr: 0.18419104130009256, EAO: 0.340
Trial 661 finished with value: 0.3397528748336005 and parameters: {'window_influence': 0.4546398560898051, 'penalty_k': 0.1652376801979061, 'scale_lr': 0.18419104130009256}. Best is trial 62 with value: 0.3726749919963718.
checkpoint_e29 window_influence: 0.43768336095478888, penalty_k: 0.08389961220533254, scale_lr: 0.70471556002013069, EAO: 0.335
Trial 662 finished with value: 0.33478758968267924 and parameters: {'window_influence': 0.4376833609547889, 'penalty_k': 0.08389961220533254, 'scale_lr': 0.7047155600201307}. Best is trial 62 with value: 0.3726749919963718.
checkpoint_e29 window_influence: 0.62584120766575901, penalty_k: 0.11213289004466692, scale_lr: 0.20827407979002677, EAO: 0.267
Trial 663 finished with value: 0.2674099951982498 and parameters: {'window_influence': 0.625841207665759, 'penalty_k': 0.11213289004466692, 'scale_lr': 0.20827407979002677}. Best is trial 62 with value: 0.3726749919963718.
checkpoint_e29 window_influence: 0.11577860063089140, penalty_k: 0.05461795354981594, scale_lr: 0.11974269168255247, EAO: 0.271
Trial 664 finished with value: 0.2708959096484611 and parameters: {'window_influence': 0.1157786006308914, 'penalty_k': 0.05461795354981594, 'scale_lr': 0.11974269168255247}. Best is trial 62 with value: 0.3726749919963718.
checkpoint_e29 window_influence: 0.38090200914051175, penalty_k: 0.07325729508635333, scale_lr: 0.16536358392313627, EAO: 0.308
Trial 665 finished with value: 0.3078619564669605 and parameters: {'window_influence': 0.38090200914051175, 'penalty_k': 0.07325729508635333, 'scale_lr': 0.16536358392313627}. Best is trial 62 with value: 0.3726749919963718.
checkpoint_e29 window_influence: 0.48141940194683930, penalty_k: 0.03932852576991565, scale_lr: 0.46901654383029573, EAO: 0.332
Trial 666 finished with value: 0.3322343380998545 and parameters: {'window_influence': 0.4814194019468393, 'penalty_k': 0.03932852576991565, 'scale_lr': 0.46901654383029573}. Best is trial 62 with value: 0.3726749919963718.
checkpoint_e29 window_influence: 0.52115265068900973, penalty_k: 0.49941980842263334, scale_lr: 0.75963805310952948, EAO: 0.300
Trial 667 finished with value: 0.3003236784777289 and parameters: {'window_influence': 0.5211526506890097, 'penalty_k': 0.49941980842263334, 'scale_lr': 0.7596380531095295}. Best is trial 62 with value: 0.3726749919963718.
checkpoint_e29 window_influence: 0.49945413135021188, penalty_k: 0.09838755890592277, scale_lr: 0.23650912520437692, EAO: 0.351
Trial 668 finished with value: 0.35064345018409104 and parameters: {'window_influence': 0.4994541313502119, 'penalty_k': 0.09838755890592277, 'scale_lr': 0.23650912520437692}. Best is trial 62 with value: 0.3726749919963718.
checkpoint_e29 window_influence: 0.06712575739963172, penalty_k: 0.06293786129790170, scale_lr: 0.73020764292721130, EAO: 0.256
Trial 669 finished with value: 0.2563173264149098 and parameters: {'window_influence': 0.06712575739963172, 'penalty_k': 0.0629378612979017, 'scale_lr': 0.7302076429272113}. Best is trial 62 with value: 0.3726749919963718.
checkpoint_e29 window_influence: 0.47318559449218806, penalty_k: 0.12915911936380089, scale_lr: 0.30938932807555064, EAO: 0.309
Trial 670 finished with value: 0.30892708474328084 and parameters: {'window_influence': 0.47318559449218806, 'penalty_k': 0.1291591193638009, 'scale_lr': 0.30938932807555064}. Best is trial 62 with value: 0.3726749919963718.
checkpoint_e29 window_influence: 0.61386539673106033, penalty_k: 0.15002922957554893, scale_lr: 0.26021655834598034, EAO: 0.270
Trial 671 finished with value: 0.2703164085919755 and parameters: {'window_influence': 0.6138653967310603, 'penalty_k': 0.15002922957554893, 'scale_lr': 0.26021655834598034}. Best is trial 62 with value: 0.3726749919963718.
checkpoint_e29 window_influence: 0.09304722768109486, penalty_k: 0.23154799370216675, scale_lr: 0.14716527881078131, EAO: 0.253
Trial 672 finished with value: 0.2526254887594787 and parameters: {'window_influence': 0.09304722768109486, 'penalty_k': 0.23154799370216675, 'scale_lr': 0.1471652788107813}. Best is trial 62 with value: 0.3726749919963718.
checkpoint_e29 window_influence: 0.49080237097181917, penalty_k: 0.08772085634115953, scale_lr: 0.13240994144318613, EAO: 0.323
Trial 673 finished with value: 0.32269082714147607 and parameters: {'window_influence': 0.49080237097181917, 'penalty_k': 0.08772085634115953, 'scale_lr': 0.13240994144318613}. Best is trial 62 with value: 0.3726749919963718.
checkpoint_e29 window_influence: 0.33928395356809804, penalty_k: 0.21860087822864507, scale_lr: 0.52099728980161386, EAO: 0.334
Trial 674 finished with value: 0.3342009128763518 and parameters: {'window_influence': 0.33928395356809804, 'penalty_k': 0.21860087822864507, 'scale_lr': 0.5209972898016139}. Best is trial 62 with value: 0.3726749919963718.
checkpoint_e29 window_influence: 0.23904623530301641, penalty_k: 0.38499267388449521, scale_lr: 0.28013476615812305, EAO: 0.298
Trial 675 finished with value: 0.2982127570224643 and parameters: {'window_influence': 0.2390462353030164, 'penalty_k': 0.3849926738844952, 'scale_lr': 0.28013476615812305}. Best is trial 62 with value: 0.3726749919963718.
checkpoint_e29 window_influence: 0.35320183195357047, penalty_k: 0.04722232461248490, scale_lr: 0.44798363411944697, EAO: 0.329
Trial 676 finished with value: 0.32891483343992717 and parameters: {'window_influence': 0.35320183195357047, 'penalty_k': 0.0472223246124849, 'scale_lr': 0.44798363411944697}. Best is trial 62 with value: 0.3726749919963718.
checkpoint_e29 window_influence: 0.29026241946904374, penalty_k: 0.55069896714028455, scale_lr: 0.35954038829027607, EAO: 0.307
Trial 677 finished with value: 0.30674580835414766 and parameters: {'window_influence': 0.29026241946904374, 'penalty_k': 0.5506989671402845, 'scale_lr': 0.35954038829027607}. Best is trial 62 with value: 0.3726749919963718.
checkpoint_e29 window_influence: 0.17341967887478588, penalty_k: 0.07574409185668840, scale_lr: 0.71817821543732541, EAO: 0.301
Trial 678 finished with value: 0.30088777851733717 and parameters: {'window_influence': 0.17341967887478588, 'penalty_k': 0.0757440918566884, 'scale_lr': 0.7181782154373254}. Best is trial 62 with value: 0.3726749919963718.
checkpoint_e29 window_influence: 0.53315078852637865, penalty_k: 0.10596335115953973, scale_lr: 0.32271540901859946, EAO: 0.321
Trial 679 finished with value: 0.3211885049417325 and parameters: {'window_influence': 0.5331507885263786, 'penalty_k': 0.10596335115953973, 'scale_lr': 0.32271540901859946}. Best is trial 62 with value: 0.3726749919963718.
checkpoint_e29 window_influence: 0.50617815292899171, penalty_k: 0.02884069376390294, scale_lr: 0.66672356260113386, EAO: 0.341
Trial 680 finished with value: 0.34079042506125184 and parameters: {'window_influence': 0.5061781529289917, 'penalty_k': 0.02884069376390294, 'scale_lr': 0.6667235626011339}. Best is trial 62 with value: 0.3726749919963718.
checkpoint_e29 window_influence: 0.48362726644975085, penalty_k: 0.32027062887478858, scale_lr: 0.22034809977975411, EAO: 0.344
Trial 681 finished with value: 0.3438749353941313 and parameters: {'window_influence': 0.48362726644975085, 'penalty_k': 0.3202706288747886, 'scale_lr': 0.22034809977975411}. Best is trial 62 with value: 0.3726749919963718.
checkpoint_e29 window_influence: 0.42084257653561435, penalty_k: 0.24402091132452366, scale_lr: 0.49439111131493785, EAO: 0.342
