Trial 594 finished with value: 0.32916064421258545 and parameters: {'window_influence': 0.29888839842314907, 'penalty_k': 0.582164078580831, 'scale_lr': 0.44930944067732936}. Best is trial 509 with value: 0.3760354560636825.
checkpoint_e33 window_influence: 0.36180658514476643, penalty_k: 0.49585750321313438, scale_lr: 0.59828771297657857, EAO: 0.316
Trial 595 finished with value: 0.316205023269709 and parameters: {'window_influence': 0.36180658514476643, 'penalty_k': 0.4958575032131344, 'scale_lr': 0.5982877129765786}. Best is trial 509 with value: 0.3760354560636825.
checkpoint_e33 window_influence: 0.47062924464264155, penalty_k: 0.54989107122089798, scale_lr: 0.50534592624114805, EAO: 0.312
Trial 596 finished with value: 0.3116054277475706 and parameters: {'window_influence': 0.47062924464264155, 'penalty_k': 0.549891071220898, 'scale_lr': 0.505345926241148}. Best is trial 509 with value: 0.3760354560636825.
checkpoint_e33 window_influence: 0.56719166987835390, penalty_k: 0.05754473513826818, scale_lr: 0.29313277775972729, EAO: 0.291
Trial 597 finished with value: 0.290535211447148 and parameters: {'window_influence': 0.5671916698783539, 'penalty_k': 0.05754473513826818, 'scale_lr': 0.2931327777597273}. Best is trial 509 with value: 0.3760354560636825.
checkpoint_e33 window_influence: 0.54032464065892027, penalty_k: 0.28797376793582430, scale_lr: 0.48248495938946212, EAO: 0.289
Trial 598 finished with value: 0.2885021334260354 and parameters: {'window_influence': 0.5403246406589203, 'penalty_k': 0.2879737679358243, 'scale_lr': 0.4824849593894621}. Best is trial 509 with value: 0.3760354560636825.
checkpoint_e33 window_influence: 0.48145006472999352, penalty_k: 0.04183596275452291, scale_lr: 0.61033725795312832, EAO: 0.360
Trial 599 finished with value: 0.35961970733297477 and parameters: {'window_influence': 0.4814500647299935, 'penalty_k': 0.04183596275452291, 'scale_lr': 0.6103372579531283}. Best is trial 509 with value: 0.3760354560636825.
checkpoint_e33 window_influence: 0.48143353926404747, penalty_k: 0.36069071057283364, scale_lr: 0.47076976655812991, EAO: 0.326
Trial 600 finished with value: 0.32613388405467747 and parameters: {'window_influence': 0.48143353926404747, 'penalty_k': 0.36069071057283364, 'scale_lr': 0.4707697665581299}. Best is trial 509 with value: 0.3760354560636825.
checkpoint_e33 window_influence: 0.45540172796772393, penalty_k: 0.34034403664556062, scale_lr: 0.52363202168939993, EAO: 0.352
Trial 601 finished with value: 0.35160632843173434 and parameters: {'window_influence': 0.45540172796772393, 'penalty_k': 0.3403440366455606, 'scale_lr': 0.5236320216893999}. Best is trial 509 with value: 0.3760354560636825.
checkpoint_e33 window_influence: 0.44004053730429332, penalty_k: 0.43571733417600522, scale_lr: 0.54746996331703435, EAO: 0.343
Trial 602 finished with value: 0.3432749651285461 and parameters: {'window_influence': 0.4400405373042933, 'penalty_k': 0.4357173341760052, 'scale_lr': 0.5474699633170343}. Best is trial 509 with value: 0.3760354560636825.
checkpoint_e33 window_influence: 0.55292124845530899, penalty_k: 0.03819727552527636, scale_lr: 0.58524032240884416, EAO: 0.310
Trial 603 finished with value: 0.3101505600640746 and parameters: {'window_influence': 0.552921248455309, 'penalty_k': 0.03819727552527636, 'scale_lr': 0.5852403224088442}. Best is trial 509 with value: 0.3760354560636825.
checkpoint_e33 window_influence: 0.41812139628409656, penalty_k: 0.04446655809593997, scale_lr: 0.63785245145483815, EAO: 0.345
Trial 604 finished with value: 0.34542745548927367 and parameters: {'window_influence': 0.41812139628409656, 'penalty_k': 0.04446655809593997, 'scale_lr': 0.6378524514548382}. Best is trial 509 with value: 0.3760354560636825.
checkpoint_e33 window_influence: 0.23654238143762452, penalty_k: 0.55612202755230344, scale_lr: 0.57567698088404273, EAO: 0.290
Trial 605 finished with value: 0.2904488166018683 and parameters: {'window_influence': 0.23654238143762452, 'penalty_k': 0.5561220275523034, 'scale_lr': 0.5756769808840427}. Best is trial 509 with value: 0.3760354560636825.
checkpoint_e33 window_influence: 0.19967758598384297, penalty_k: 0.32578215259457216, scale_lr: 0.62548925835178804, EAO: 0.290
Trial 606 finished with value: 0.29008221342173995 and parameters: {'window_influence': 0.19967758598384297, 'penalty_k': 0.32578215259457216, 'scale_lr': 0.625489258351788}. Best is trial 509 with value: 0.3760354560636825.
checkpoint_e33 window_influence: 0.48729726356491293, penalty_k: 0.27272113270888854, scale_lr: 0.61334194499303063, EAO: 0.333
Trial 607 finished with value: 0.3333960146523635 and parameters: {'window_influence': 0.48729726356491293, 'penalty_k': 0.27272113270888854, 'scale_lr': 0.6133419449930306}. Best is trial 509 with value: 0.3760354560636825.
checkpoint_e33 window_influence: 0.46734680337023243, penalty_k: 0.51670262512726473, scale_lr: 0.60696263364951986, EAO: 0.323
Trial 608 finished with value: 0.32321412449680875 and parameters: {'window_influence': 0.46734680337023243, 'penalty_k': 0.5167026251272647, 'scale_lr': 0.6069626336495199}. Best is trial 509 with value: 0.3760354560636825.
checkpoint_e33 window_influence: 0.09963241272837597, penalty_k: 0.40030775695470872, scale_lr: 0.52121999357348070, EAO: 0.252
Trial 609 finished with value: 0.25200418623504933 and parameters: {'window_influence': 0.09963241272837597, 'penalty_k': 0.4003077569547087, 'scale_lr': 0.5212199935734807}. Best is trial 509 with value: 0.3760354560636825.
checkpoint_e33 window_influence: 0.49704673951650308, penalty_k: 0.47455250647546177, scale_lr: 0.55206595496574851, EAO: 0.290
Trial 610 finished with value: 0.29031618826584127 and parameters: {'window_influence': 0.4970467395165031, 'penalty_k': 0.47455250647546177, 'scale_lr': 0.5520659549657485}. Best is trial 509 with value: 0.3760354560636825.
checkpoint_e33 window_influence: 0.44775961834290762, penalty_k: 0.38933485149140618, scale_lr: 0.64007280299649216, EAO: 0.335
Trial 611 finished with value: 0.3354235285682901 and parameters: {'window_influence': 0.4477596183429076, 'penalty_k': 0.3893348514914062, 'scale_lr': 0.6400728029964922}. Best is trial 509 with value: 0.3760354560636825.
checkpoint_e33 window_influence: 0.46329008622251261, penalty_k: 0.25338054990132630, scale_lr: 0.58668778632219321, EAO: 0.351
Trial 612 finished with value: 0.3511415639971945 and parameters: {'window_influence': 0.4632900862225126, 'penalty_k': 0.2533805499013263, 'scale_lr': 0.5866877863221932}. Best is trial 509 with value: 0.3760354560636825.
checkpoint_e33 window_influence: 0.51265571031811807, penalty_k: 0.02791032228763020, scale_lr: 0.32081493684280898, EAO: 0.340
Trial 613 finished with value: 0.3395734534885169 and parameters: {'window_influence': 0.5126557103181181, 'penalty_k': 0.0279103222876302, 'scale_lr': 0.320814936842809}. Best is trial 509 with value: 0.3760354560636825.
checkpoint_e33 window_influence: 0.16892652392786106, penalty_k: 0.12799932193214189, scale_lr: 0.49282841070496258, EAO: 0.267
Trial 614 finished with value: 0.26697892733353124 and parameters: {'window_influence': 0.16892652392786106, 'penalty_k': 0.1279993219321419, 'scale_lr': 0.4928284107049626}. Best is trial 509 with value: 0.3760354560636825.
checkpoint_e33 window_influence: 0.42456807212764769, penalty_k: 0.04320464932610221, scale_lr: 0.56355502472821950, EAO: 0.342
Trial 615 finished with value: 0.34218846626782695 and parameters: {'window_influence': 0.4245680721276477, 'penalty_k': 0.043204649326102205, 'scale_lr': 0.5635550247282195}. Best is trial 509 with value: 0.3760354560636825.
checkpoint_e33 window_influence: 0.38932407064945612, penalty_k: 0.30815294388998343, scale_lr: 0.65494568928464636, EAO: 0.310
Trial 616 finished with value: 0.31001385246269436 and parameters: {'window_influence': 0.3893240706494561, 'penalty_k': 0.30815294388998343, 'scale_lr': 0.6549456892846464}. Best is trial 509 with value: 0.3760354560636825.
checkpoint_e33 window_influence: 0.48270170873249424, penalty_k: 0.14440413045512104, scale_lr: 0.25255525044139260, EAO: 0.353
Trial 617 finished with value: 0.35298983155521435 and parameters: {'window_influence': 0.48270170873249424, 'penalty_k': 0.14440413045512104, 'scale_lr': 0.2525552504413926}. Best is trial 509 with value: 0.3760354560636825.
checkpoint_e33 window_influence: 0.45534205821047846, penalty_k: 0.09593410511741078, scale_lr: 0.66291307776819763, EAO: 0.333
Trial 618 finished with value: 0.33334925979491803 and parameters: {'window_influence': 0.45534205821047846, 'penalty_k': 0.09593410511741078, 'scale_lr': 0.6629130777681976}. Best is trial 509 with value: 0.3760354560636825.
checkpoint_e33 window_influence: 0.43882847085940557, penalty_k: 0.02545747949713800, scale_lr: 0.60795626729628505, EAO: 0.334
Trial 619 finished with value: 0.33419589680920314 and parameters: {'window_influence': 0.4388284708594056, 'penalty_k': 0.025457479497138, 'scale_lr': 0.607956267296285}. Best is trial 509 with value: 0.3760354560636825.
checkpoint_e33 window_influence: 0.19631394400715343, penalty_k: 0.05477256690408252, scale_lr: 0.40163203788493906, EAO: 0.289
Trial 620 finished with value: 0.28877957820428485 and parameters: {'window_influence': 0.19631394400715343, 'penalty_k': 0.05477256690408252, 'scale_lr': 0.40163203788493906}. Best is trial 509 with value: 0.3760354560636825.
checkpoint_e33 window_influence: 0.47471956078267236, penalty_k: 0.46238403874777312, scale_lr: 0.22075183443627835, EAO: 0.290
Trial 621 finished with value: 0.2897418641742565 and parameters: {'window_influence': 0.47471956078267236, 'penalty_k': 0.4623840387477731, 'scale_lr': 0.22075183443627835}. Best is trial 509 with value: 0.3760354560636825.
checkpoint_e33 window_influence: 0.32263010020410116, penalty_k: 0.36745344747782194, scale_lr: 0.23578991766866886, EAO: 0.310
Trial 622 finished with value: 0.31045054838583164 and parameters: {'window_influence': 0.32263010020410116, 'penalty_k': 0.36745344747782194, 'scale_lr': 0.23578991766866886}. Best is trial 509 with value: 0.3760354560636825.
checkpoint_e33 window_influence: 0.49645743403428316, penalty_k: 0.43226673621270034, scale_lr: 0.59311653905406458, EAO: 0.303
Trial 623 finished with value: 0.30272212009949445 and parameters: {'window_influence': 0.49645743403428316, 'penalty_k': 0.43226673621270034, 'scale_lr': 0.5931165390540646}. Best is trial 509 with value: 0.3760354560636825.
checkpoint_e33 window_influence: 0.11551317446138665, penalty_k: 0.53328599861815851, scale_lr: 0.55295796931678642, EAO: 0.260
Trial 624 finished with value: 0.26019120204773394 and parameters: {'window_influence': 0.11551317446138665, 'penalty_k': 0.5332859986181585, 'scale_lr': 0.5529579693167864}. Best is trial 509 with value: 0.3760354560636825.
checkpoint_e33 window_influence: 0.45960401161689252, penalty_k: 0.25697607017049223, scale_lr: 0.64286552810803865, EAO: 0.324
Trial 625 finished with value: 0.32383291730620983 and parameters: {'window_influence': 0.4596040116168925, 'penalty_k': 0.25697607017049223, 'scale_lr': 0.6428655281080387}. Best is trial 509 with value: 0.3760354560636825.
checkpoint_e33 window_influence: 0.34267327559625405, penalty_k: 0.08135667173445160, scale_lr: 0.54143647383550331, EAO: 0.311
Trial 626 finished with value: 0.3113946280938642 and parameters: {'window_influence': 0.34267327559625405, 'penalty_k': 0.0813566717344516, 'scale_lr': 0.5414364738355033}. Best is trial 509 with value: 0.3760354560636825.
checkpoint_e33 window_influence: 0.37378588959198189, penalty_k: 0.27886660205895497, scale_lr: 0.62558635030635279, EAO: 0.322
Trial 627 finished with value: 0.32209069934104667 and parameters: {'window_influence': 0.3737858895919819, 'penalty_k': 0.27886660205895497, 'scale_lr': 0.6255863503063528}. Best is trial 509 with value: 0.3760354560636825.
checkpoint_e33 window_influence: 0.15050481290600129, penalty_k: 0.11592889884666206, scale_lr: 0.21123523351255230, EAO: 0.284
Trial 628 finished with value: 0.28431975424057776 and parameters: {'window_influence': 0.1505048129060013, 'penalty_k': 0.11592889884666206, 'scale_lr': 0.2112352335125523}. Best is trial 509 with value: 0.3760354560636825.
checkpoint_e33 window_influence: 0.47720452650772044, penalty_k: 0.51924716613513511, scale_lr: 0.46113427684920738, EAO: 0.310
Trial 629 finished with value: 0.3101731121308145 and parameters: {'window_influence': 0.47720452650772044, 'penalty_k': 0.5192471661351351, 'scale_lr': 0.4611342768492074}. Best is trial 509 with value: 0.3760354560636825.
checkpoint_e33 window_influence: 0.43201437988612373, penalty_k: 0.03016672609156734, scale_lr: 0.10533166649545653, EAO: 0.325
Trial 630 finished with value: 0.3246955659950754 and parameters: {'window_influence': 0.43201437988612373, 'penalty_k': 0.03016672609156734, 'scale_lr': 0.10533166649545653}. Best is trial 509 with value: 0.3760354560636825.
checkpoint_e33 window_influence: 0.48728058147980846, penalty_k: 0.45456521291461166, scale_lr: 0.67581642352931026, EAO: 0.288
Trial 631 finished with value: 0.28841559913603715 and parameters: {'window_influence': 0.48728058147980846, 'penalty_k': 0.45456521291461166, 'scale_lr': 0.6758164235293103}. Best is trial 509 with value: 0.3760354560636825.
checkpoint_e33 window_influence: 0.44841689955227704, penalty_k: 0.37494853068279776, scale_lr: 0.26735751707639249, EAO: 0.308
Trial 632 finished with value: 0.3077825894035718 and parameters: {'window_influence': 0.44841689955227704, 'penalty_k': 0.37494853068279776, 'scale_lr': 0.2673575170763925}. Best is trial 509 with value: 0.3760354560636825.
checkpoint_e33 window_influence: 0.23991622938890092, penalty_k: 0.59448581574753045, scale_lr: 0.50124985861634330, EAO: 0.290
Trial 633 finished with value: 0.29014969591036843 and parameters: {'window_influence': 0.23991622938890092, 'penalty_k': 0.5944858157475305, 'scale_lr': 0.5012498586163433}. Best is trial 509 with value: 0.3760354560636825.
checkpoint_e33 window_influence: 0.29587191451836026, penalty_k: 0.41961508342282727, scale_lr: 0.38581739721074482, EAO: 0.294
Trial 634 finished with value: 0.2939157334631055 and parameters: {'window_influence': 0.29587191451836026, 'penalty_k': 0.4196150834228273, 'scale_lr': 0.3858173972107448}. Best is trial 509 with value: 0.3760354560636825.
checkpoint_e33 window_influence: 0.46746004854894285, penalty_k: 0.33135445240934913, scale_lr: 0.40778702822300772, EAO: 0.343
Trial 635 finished with value: 0.3430842369910808 and parameters: {'window_influence': 0.46746004854894285, 'penalty_k': 0.33135445240934913, 'scale_lr': 0.4077870282230077}. Best is trial 509 with value: 0.3760354560636825.
checkpoint_e33 window_influence: 0.06484532280964772, penalty_k: 0.50791143881230594, scale_lr: 0.65748665808317519, EAO: 0.247
Trial 636 finished with value: 0.24651353809156307 and parameters: {'window_influence': 0.06484532280964772, 'penalty_k': 0.5079114388123059, 'scale_lr': 0.6574866580831752}. Best is trial 509 with value: 0.3760354560636825.
checkpoint_e33 window_influence: 0.52585606819632746, penalty_k: 0.00066239962652404, scale_lr: 0.56755606357111799, EAO: 0.336
Trial 637 finished with value: 0.33610000348276664 and parameters: {'window_influence': 0.5258560681963275, 'penalty_k': 0.000662399626524042, 'scale_lr': 0.567556063571118}. Best is trial 509 with value: 0.3760354560636825.
checkpoint_e33 window_influence: 0.41182007035383389, penalty_k: 0.24686706566496389, scale_lr: 0.47584644856152886, EAO: 0.329
Trial 638 finished with value: 0.32928713437184287 and parameters: {'window_influence': 0.4118200703538339, 'penalty_k': 0.2468670656649639, 'scale_lr': 0.47584644856152886}. Best is trial 509 with value: 0.3760354560636825.
checkpoint_e33 window_influence: 0.50652915878781590, penalty_k: 0.30146904015535175, scale_lr: 0.53161341249396876, EAO: 0.316
Trial 639 finished with value: 0.31622295748398926 and parameters: {'window_influence': 0.5065291587878159, 'penalty_k': 0.30146904015535175, 'scale_lr': 0.5316134124939688}. Best is trial 509 with value: 0.3760354560636825.
checkpoint_e33 window_influence: 0.45144969912142791, penalty_k: 0.01665505034957013, scale_lr: 0.42471675182772817, EAO: 0.351
Trial 640 finished with value: 0.35140475711933833 and parameters: {'window_influence': 0.4514496991214279, 'penalty_k': 0.016655050349570134, 'scale_lr': 0.42471675182772817}. Best is trial 509 with value: 0.3760354560636825.
checkpoint_e33 window_influence: 0.27095484618389831, penalty_k: 0.04270434174414809, scale_lr: 0.68688555828554076, EAO: 0.307
Trial 641 finished with value: 0.30726708529756225 and parameters: {'window_influence': 0.2709548461838983, 'penalty_k': 0.04270434174414809, 'scale_lr': 0.6868855582855408}. Best is trial 509 with value: 0.3760354560636825.
checkpoint_e33 window_influence: 0.46412838226726416, penalty_k: 0.06680385290338581, scale_lr: 0.22954568761800237, EAO: 0.354
Trial 642 finished with value: 0.3538054878377729 and parameters: {'window_influence': 0.46412838226726416, 'penalty_k': 0.06680385290338581, 'scale_lr': 0.22954568761800237}. Best is trial 509 with value: 0.3760354560636825.
checkpoint_e33 window_influence: 0.60291281569848376, penalty_k: 0.48259894595617647, scale_lr: 0.21441364469002533, EAO: 0.240
Trial 643 finished with value: 0.23998550890948522 and parameters: {'window_influence': 0.6029128156984838, 'penalty_k': 0.4825989459561765, 'scale_lr': 0.21441364469002533}. Best is trial 509 with value: 0.3760354560636825.
checkpoint_e33 window_influence: 0.10375512593068484, penalty_k: 0.34677672153005928, scale_lr: 0.44011289597727815, EAO: 0.237
Trial 644 finished with value: 0.23653191055537198 and parameters: {'window_influence': 0.10375512593068484, 'penalty_k': 0.3467767215300593, 'scale_lr': 0.44011289597727815}. Best is trial 509 with value: 0.3760354560636825.
checkpoint_e33 window_influence: 0.26486936303593511, penalty_k: 0.44952819717715187, scale_lr: 0.31471957974600939, EAO: 0.298
Trial 645 finished with value: 0.2981509656177884 and parameters: {'window_influence': 0.2648693630359351, 'penalty_k': 0.44952819717715187, 'scale_lr': 0.3147195797460094}. Best is trial 509 with value: 0.3760354560636825.
checkpoint_e33 window_influence: 0.48816409438486524, penalty_k: 0.05517752479676192, scale_lr: 0.51615783835010476, EAO: 0.342
Trial 646 finished with value: 0.342382236329498 and parameters: {'window_influence': 0.48816409438486524, 'penalty_k': 0.05517752479676192, 'scale_lr': 0.5161578383501048}. Best is trial 509 with value: 0.3760354560636825.
checkpoint_e33 window_influence: 0.43840012108764576, penalty_k: 0.02532089882173741, scale_lr: 0.24264024333516707, EAO: 0.328
Trial 647 finished with value: 0.32784075953849096 and parameters: {'window_influence': 0.43840012108764576, 'penalty_k': 0.025320898821737412, 'scale_lr': 0.24264024333516707}. Best is trial 509 with value: 0.3760354560636825.
checkpoint_e33 window_influence: 0.47123955018462277, penalty_k: 0.23627141612737537, scale_lr: 0.53486871203037567, EAO: 0.332
Trial 648 finished with value: 0.3321057915223712 and parameters: {'window_influence': 0.47123955018462277, 'penalty_k': 0.23627141612737537, 'scale_lr': 0.5348687120303757}. Best is trial 509 with value: 0.3760354560636825.
checkpoint_e33 window_influence: 0.50044999150669622, penalty_k: 0.14485765074101348, scale_lr: 0.19510292938841720, EAO: 0.325
Trial 649 finished with value: 0.32465764062645835 and parameters: {'window_influence': 0.5004499915066962, 'penalty_k': 0.14485765074101348, 'scale_lr': 0.1951029293884172}. Best is trial 509 with value: 0.3760354560636825.
checkpoint_e33 window_influence: 0.41889897796945230, penalty_k: 0.57353792846528973, scale_lr: 0.28492619302938216, EAO: 0.307
Trial 650 finished with value: 0.3070878943116748 and parameters: {'window_influence': 0.4188989779694523, 'penalty_k': 0.5735379284652897, 'scale_lr': 0.28492619302938216}. Best is trial 509 with value: 0.3760354560636825.
checkpoint_e33 window_influence: 0.47962679982971990, penalty_k: 0.16336235973780147, scale_lr: 0.73405539933481412, EAO: 0.328
Trial 651 finished with value: 0.3279016346087252 and parameters: {'window_influence': 0.4796267998297199, 'penalty_k': 0.16336235973780147, 'scale_lr': 0.7340553993348141}. Best is trial 509 with value: 0.3760354560636825.
checkpoint_e33 window_influence: 0.39611870485760331, penalty_k: 0.38406240441022865, scale_lr: 0.64398190158148638, EAO: 0.331
Trial 652 finished with value: 0.3312990113455034 and parameters: {'window_influence': 0.3961187048576033, 'penalty_k': 0.38406240441022865, 'scale_lr': 0.6439819015814864}. Best is trial 509 with value: 0.3760354560636825.
checkpoint_e33 window_influence: 0.45774836418352355, penalty_k: 0.10144645831150031, scale_lr: 0.70597034777479961, EAO: 0.341
Trial 653 finished with value: 0.34091280847208044 and parameters: {'window_influence': 0.45774836418352355, 'penalty_k': 0.10144645831150031, 'scale_lr': 0.7059703477747996}. Best is trial 509 with value: 0.3760354560636825.
checkpoint_e33 window_influence: 0.43830583988241384, penalty_k: 0.03708886390349047, scale_lr: 0.79948405489114838, EAO: 0.337
Trial 654 finished with value: 0.33747560899081397 and parameters: {'window_influence': 0.43830583988241384, 'penalty_k': 0.03708886390349047, 'scale_lr': 0.7994840548911484}. Best is trial 509 with value: 0.3760354560636825.
checkpoint_e33 window_influence: 0.44951824775921090, penalty_k: 0.25576368483211454, scale_lr: 0.63196182330416295, EAO: 0.326
Trial 655 finished with value: 0.3260504966348062 and parameters: {'window_influence': 0.4495182477592109, 'penalty_k': 0.25576368483211454, 'scale_lr': 0.631961823304163}. Best is trial 509 with value: 0.3760354560636825.
checkpoint_e33 window_influence: 0.46608468635615408, penalty_k: 0.08847036982022072, scale_lr: 0.57569313501246433, EAO: 0.337
