Trial 1605 finished with value: 0.32829758466913544 and parameters: {'window_influence': 0.4518088371551558, 'penalty_k': 0.21661645593922504, 'scale_lr': 0.5759013452695598}. Best is trial 1136 with value: 0.3697957394188016.
checkpoint_e33 window_influence: 0.41993609470653442, penalty_k: 0.19976945992230727, scale_lr: 0.58615104096863557, EAO: 0.350
Trial 1606 finished with value: 0.34952521219791605 and parameters: {'window_influence': 0.4199360947065344, 'penalty_k': 0.19976945992230727, 'scale_lr': 0.5861510409686356}. Best is trial 1136 with value: 0.3697957394188016.
checkpoint_e33 window_influence: 0.44165901395940715, penalty_k: 0.19098383177564796, scale_lr: 0.59126471575605022, EAO: 0.352
Trial 1607 finished with value: 0.3516534177245797 and parameters: {'window_influence': 0.44165901395940715, 'penalty_k': 0.19098383177564796, 'scale_lr': 0.5912647157560502}. Best is trial 1136 with value: 0.3697957394188016.
checkpoint_e33 window_influence: 0.45384709294153458, penalty_k: 0.20568564747182044, scale_lr: 0.58136686626777745, EAO: 0.325
Trial 1608 finished with value: 0.3248629058033576 and parameters: {'window_influence': 0.4538470929415346, 'penalty_k': 0.20568564747182044, 'scale_lr': 0.5813668662677774}. Best is trial 1136 with value: 0.3697957394188016.
checkpoint_e33 window_influence: 0.13463100366906550, penalty_k: 0.21547040798471837, scale_lr: 0.55804614138133124, EAO: 0.277
Trial 1609 finished with value: 0.27654621463109547 and parameters: {'window_influence': 0.1346310036690655, 'penalty_k': 0.21547040798471837, 'scale_lr': 0.5580461413813312}. Best is trial 1136 with value: 0.3697957394188016.
checkpoint_e33 window_influence: 0.21498896777273352, penalty_k: 0.17436862219404015, scale_lr: 0.56492141984274902, EAO: 0.279
Trial 1610 finished with value: 0.27917176780765623 and parameters: {'window_influence': 0.21498896777273352, 'penalty_k': 0.17436862219404015, 'scale_lr': 0.564921419842749}. Best is trial 1136 with value: 0.3697957394188016.
checkpoint_e33 window_influence: 0.43741600432323868, penalty_k: 0.18878382931808019, scale_lr: 0.60206843766263984, EAO: 0.330
Trial 1611 finished with value: 0.3295252568990804 and parameters: {'window_influence': 0.4374160043232387, 'penalty_k': 0.1887838293180802, 'scale_lr': 0.6020684376626398}. Best is trial 1136 with value: 0.3697957394188016.
checkpoint_e33 window_influence: 0.45737674822917568, penalty_k: 0.21187316060880240, scale_lr: 0.56293355845482695, EAO: 0.334
Trial 1612 finished with value: 0.33363525030214036 and parameters: {'window_influence': 0.4573767482291757, 'penalty_k': 0.2118731606088024, 'scale_lr': 0.562933558454827}. Best is trial 1136 with value: 0.3697957394188016.
checkpoint_e33 window_influence: 0.42355105146088962, penalty_k: 0.22886396533543141, scale_lr: 0.57384491188583842, EAO: 0.312
Trial 1613 finished with value: 0.3122949788078724 and parameters: {'window_influence': 0.4235510514608896, 'penalty_k': 0.2288639653354314, 'scale_lr': 0.5738449118858384}. Best is trial 1136 with value: 0.3697957394188016.
checkpoint_e33 window_influence: 0.44982363303189482, penalty_k: 0.16368830981342145, scale_lr: 0.61856187406014451, EAO: 0.347
Trial 1614 finished with value: 0.3470322438715033 and parameters: {'window_influence': 0.4498236330318948, 'penalty_k': 0.16368830981342145, 'scale_lr': 0.6185618740601445}. Best is trial 1136 with value: 0.3697957394188016.
checkpoint_e33 window_influence: 0.46862563456697642, penalty_k: 0.17622978806882308, scale_lr: 0.59107282065830047, EAO: 0.361
Trial 1615 finished with value: 0.36112367225528225 and parameters: {'window_influence': 0.4686256345669764, 'penalty_k': 0.17622978806882308, 'scale_lr': 0.5910728206583005}. Best is trial 1136 with value: 0.3697957394188016.
checkpoint_e33 window_influence: 0.46491719087202332, penalty_k: 0.17595000692111226, scale_lr: 0.59755355353744977, EAO: 0.356
Trial 1616 finished with value: 0.35614074041871246 and parameters: {'window_influence': 0.4649171908720233, 'penalty_k': 0.17595000692111226, 'scale_lr': 0.5975535535374498}. Best is trial 1136 with value: 0.3697957394188016.
checkpoint_e33 window_influence: 0.44364178889121564, penalty_k: 0.18544999773610235, scale_lr: 0.58387477883263816, EAO: 0.333
Trial 1617 finished with value: 0.3329179622087961 and parameters: {'window_influence': 0.44364178889121564, 'penalty_k': 0.18544999773610235, 'scale_lr': 0.5838747788326382}. Best is trial 1136 with value: 0.3697957394188016.
checkpoint_e33 window_influence: 0.39293319257942788, penalty_k: 0.19487255057852548, scale_lr: 0.59615052105664423, EAO: 0.327
Trial 1618 finished with value: 0.32687208549289853 and parameters: {'window_influence': 0.3929331925794279, 'penalty_k': 0.19487255057852548, 'scale_lr': 0.5961505210566442}. Best is trial 1136 with value: 0.3697957394188016.
checkpoint_e33 window_influence: 0.43179174087823052, penalty_k: 0.16159340134954658, scale_lr: 0.57485145622605460, EAO: 0.339
Trial 1619 finished with value: 0.3390873267029046 and parameters: {'window_influence': 0.4317917408782305, 'penalty_k': 0.16159340134954658, 'scale_lr': 0.5748514562260546}. Best is trial 1136 with value: 0.3697957394188016.
checkpoint_e33 window_influence: 0.62363761442989352, penalty_k: 0.18526350241621647, scale_lr: 0.58828927485025750, EAO: 0.239
Trial 1620 finished with value: 0.23947384599813692 and parameters: {'window_influence': 0.6236376144298935, 'penalty_k': 0.18526350241621647, 'scale_lr': 0.5882892748502575}. Best is trial 1136 with value: 0.3697957394188016.
checkpoint_e33 window_influence: 0.45480316139755295, penalty_k: 0.17767198795366945, scale_lr: 0.61162400610498158, EAO: 0.347
Trial 1621 finished with value: 0.3474165168717677 and parameters: {'window_influence': 0.45480316139755295, 'penalty_k': 0.17767198795366945, 'scale_lr': 0.6116240061049816}. Best is trial 1136 with value: 0.3697957394188016.
checkpoint_e33 window_influence: 0.57518443547081977, penalty_k: 0.16284076423106875, scale_lr: 0.56167680334122982, EAO: 0.287
Trial 1622 finished with value: 0.286790448114102 and parameters: {'window_influence': 0.5751844354708198, 'penalty_k': 0.16284076423106875, 'scale_lr': 0.5616768033412298}. Best is trial 1136 with value: 0.3697957394188016.
checkpoint_e33 window_influence: 0.46790318239982515, penalty_k: 0.17694236020912563, scale_lr: 0.54655668597426232, EAO: 0.359
Trial 1623 finished with value: 0.35914069820007 and parameters: {'window_influence': 0.46790318239982515, 'penalty_k': 0.17694236020912563, 'scale_lr': 0.5465566859742623}. Best is trial 1136 with value: 0.3697957394188016.
checkpoint_e33 window_influence: 0.07543425248321489, penalty_k: 0.16707615627166783, scale_lr: 0.57030580816494192, EAO: 0.254
Trial 1624 finished with value: 0.25421307685310274 and parameters: {'window_influence': 0.07543425248321489, 'penalty_k': 0.16707615627166783, 'scale_lr': 0.5703058081649419}. Best is trial 1136 with value: 0.3697957394188016.
checkpoint_e33 window_influence: 0.19676312918881139, penalty_k: 0.19160138260891454, scale_lr: 0.62832136100933211, EAO: 0.280
Trial 1625 finished with value: 0.27955810644515294 and parameters: {'window_influence': 0.1967631291888114, 'penalty_k': 0.19160138260891454, 'scale_lr': 0.6283213610093321}. Best is trial 1136 with value: 0.3697957394188016.
checkpoint_e33 window_influence: 0.25675198723607584, penalty_k: 0.20743012444661352, scale_lr: 0.55296394393291026, EAO: 0.303
Trial 1626 finished with value: 0.30285859490646927 and parameters: {'window_influence': 0.25675198723607584, 'penalty_k': 0.20743012444661352, 'scale_lr': 0.5529639439329103}. Best is trial 1136 with value: 0.3697957394188016.
checkpoint_e33 window_influence: 0.60317338818492738, penalty_k: 0.20986156516345403, scale_lr: 0.13266624600349197, EAO: 0.260
Trial 1627 finished with value: 0.26015305287179313 and parameters: {'window_influence': 0.6031733881849274, 'penalty_k': 0.20986156516345403, 'scale_lr': 0.13266624600349197}. Best is trial 1136 with value: 0.3697957394188016.
checkpoint_e33 window_influence: 0.30927195584681572, penalty_k: 0.20155840683354462, scale_lr: 0.59322826168794762, EAO: 0.297
Trial 1628 finished with value: 0.2965971904042166 and parameters: {'window_influence': 0.3092719558468157, 'penalty_k': 0.20155840683354462, 'scale_lr': 0.5932282616879476}. Best is trial 1136 with value: 0.3697957394188016.
checkpoint_e33 window_influence: 0.32676906506546560, penalty_k: 0.58549010239985866, scale_lr: 0.60914799063012670, EAO: 0.320
Trial 1629 finished with value: 0.3198520168951977 and parameters: {'window_influence': 0.3267690650654656, 'penalty_k': 0.5854901023998587, 'scale_lr': 0.6091479906301267}. Best is trial 1136 with value: 0.3697957394188016.
checkpoint_e33 window_influence: 0.45076033793220116, penalty_k: 0.15117263565453898, scale_lr: 0.57536847998563379, EAO: 0.337
Trial 1630 finished with value: 0.33663715126449495 and parameters: {'window_influence': 0.45076033793220116, 'penalty_k': 0.15117263565453898, 'scale_lr': 0.5753684799856338}. Best is trial 1136 with value: 0.3697957394188016.
checkpoint_e33 window_influence: 0.46283389837526578, penalty_k: 0.17863549116034055, scale_lr: 0.64682161825104101, EAO: 0.325
Trial 1631 finished with value: 0.32516306093694636 and parameters: {'window_influence': 0.4628338983752658, 'penalty_k': 0.17863549116034055, 'scale_lr': 0.646821618251041}. Best is trial 1136 with value: 0.3697957394188016.
checkpoint_e33 window_influence: 0.43588896263712240, penalty_k: 0.22477960361984564, scale_lr: 0.60281023184858062, EAO: 0.350
Trial 1632 finished with value: 0.34952681097075167 and parameters: {'window_influence': 0.4358889626371224, 'penalty_k': 0.22477960361984564, 'scale_lr': 0.6028102318485806}. Best is trial 1136 with value: 0.3697957394188016.
checkpoint_e33 window_influence: 0.53596561818860811, penalty_k: 0.16207620611600843, scale_lr: 0.12272691103329292, EAO: 0.304
Trial 1633 finished with value: 0.30401907704683595 and parameters: {'window_influence': 0.5359656181886081, 'penalty_k': 0.16207620611600843, 'scale_lr': 0.12272691103329292}. Best is trial 1136 with value: 0.3697957394188016.
checkpoint_e33 window_influence: 0.47114029268753010, penalty_k: 0.20176320733764075, scale_lr: 0.63273138064941181, EAO: 0.331
Trial 1634 finished with value: 0.33073202575691013 and parameters: {'window_influence': 0.4711402926875301, 'penalty_k': 0.20176320733764075, 'scale_lr': 0.6327313806494118}. Best is trial 1136 with value: 0.3697957394188016.
checkpoint_e33 window_influence: 0.37070977746509925, penalty_k: 0.38232619306514254, scale_lr: 0.39276835968745105, EAO: 0.303
Trial 1635 finished with value: 0.30339121650397083 and parameters: {'window_influence': 0.37070977746509925, 'penalty_k': 0.38232619306514254, 'scale_lr': 0.39276835968745105}. Best is trial 1136 with value: 0.3697957394188016.
checkpoint_e33 window_influence: 0.45557415837741272, penalty_k: 0.23576297137386176, scale_lr: 0.10841506441731191, EAO: 0.316
Trial 1636 finished with value: 0.3159913553454069 and parameters: {'window_influence': 0.4555741583774127, 'penalty_k': 0.23576297137386176, 'scale_lr': 0.10841506441731191}. Best is trial 1136 with value: 0.3697957394188016.
checkpoint_e33 window_influence: 0.31399317923698356, penalty_k: 0.19782649910924502, scale_lr: 0.54997874457778928, EAO: 0.292
Trial 1637 finished with value: 0.2915568906625421 and parameters: {'window_influence': 0.31399317923698356, 'penalty_k': 0.19782649910924502, 'scale_lr': 0.5499787445777893}. Best is trial 1136 with value: 0.3697957394188016.
checkpoint_e33 window_influence: 0.28064963137026244, penalty_k: 0.15365426370733012, scale_lr: 0.15062528287860960, EAO: 0.299
Trial 1638 finished with value: 0.2986532544811412 and parameters: {'window_influence': 0.28064963137026244, 'penalty_k': 0.15365426370733012, 'scale_lr': 0.1506252828786096}. Best is trial 1136 with value: 0.3697957394188016.
checkpoint_e33 window_influence: 0.47380838056175656, penalty_k: 0.24765464839855283, scale_lr: 0.59025788361494880, EAO: 0.341
Trial 1639 finished with value: 0.34117747327233106 and parameters: {'window_influence': 0.47380838056175656, 'penalty_k': 0.24765464839855283, 'scale_lr': 0.5902578836149488}. Best is trial 1136 with value: 0.3697957394188016.
checkpoint_e33 window_influence: 0.44468496178635386, penalty_k: 0.16912465881636582, scale_lr: 0.40866837172161263, EAO: 0.331
Trial 1640 finished with value: 0.3305494687900469 and parameters: {'window_influence': 0.44468496178635386, 'penalty_k': 0.16912465881636582, 'scale_lr': 0.40866837172161263}. Best is trial 1136 with value: 0.3697957394188016.
checkpoint_e33 window_influence: 0.46129764420899205, penalty_k: 0.32856050953513327, scale_lr: 0.37744725872603302, EAO: 0.332
Trial 1641 finished with value: 0.33219569040179714 and parameters: {'window_influence': 0.46129764420899205, 'penalty_k': 0.32856050953513327, 'scale_lr': 0.377447258726033}. Best is trial 1136 with value: 0.3697957394188016.
checkpoint_e33 window_influence: 0.42375695543794817, penalty_k: 0.00001047053808779, scale_lr: 0.61720105275538295, EAO: 0.337
Trial 1642 finished with value: 0.3373363814697191 and parameters: {'window_influence': 0.42375695543794817, 'penalty_k': 1.0470538087789874e-05, 'scale_lr': 0.617201052755383}. Best is trial 1136 with value: 0.3697957394188016.
checkpoint_e33 window_influence: 0.60792116170014765, penalty_k: 0.19191366945526775, scale_lr: 0.56399902877375663, EAO: 0.252
Trial 1643 finished with value: 0.2518395167496418 and parameters: {'window_influence': 0.6079211617001476, 'penalty_k': 0.19191366945526775, 'scale_lr': 0.5639990287737566}. Best is trial 1136 with value: 0.3697957394188016.
checkpoint_e33 window_influence: 0.47220826709046348, penalty_k: 0.18729425675305433, scale_lr: 0.68253768159141137, EAO: 0.341
Trial 1644 finished with value: 0.3408175691788299 and parameters: {'window_influence': 0.4722082670904635, 'penalty_k': 0.18729425675305433, 'scale_lr': 0.6825376815914114}. Best is trial 1136 with value: 0.3697957394188016.
checkpoint_e33 window_influence: 0.46055210976716443, penalty_k: 0.01100535770885712, scale_lr: 0.36810048861586481, EAO: 0.325
Trial 1645 finished with value: 0.3249966810649471 and parameters: {'window_influence': 0.46055210976716443, 'penalty_k': 0.01100535770885712, 'scale_lr': 0.3681004886158648}. Best is trial 1136 with value: 0.3697957394188016.
checkpoint_e33 window_influence: 0.63548921593221552, penalty_k: 0.24264634580445055, scale_lr: 0.65986007552836523, EAO: 0.233
Trial 1646 finished with value: 0.23347414467585226 and parameters: {'window_influence': 0.6354892159322155, 'penalty_k': 0.24264634580445055, 'scale_lr': 0.6598600755283652}. Best is trial 1136 with value: 0.3697957394188016.
checkpoint_e33 window_influence: 0.37960838238146727, penalty_k: 0.13868570616196924, scale_lr: 0.57381691432382897, EAO: 0.330
Trial 1647 finished with value: 0.33020639129649804 and parameters: {'window_influence': 0.37960838238146727, 'penalty_k': 0.13868570616196924, 'scale_lr': 0.573816914323829}. Best is trial 1136 with value: 0.3697957394188016.
checkpoint_e33 window_influence: 0.44465715720283788, penalty_k: 0.45503369669734001, scale_lr: 0.62870056726856671, EAO: 0.329
Trial 1648 finished with value: 0.32901621920125496 and parameters: {'window_influence': 0.4446571572028379, 'penalty_k': 0.45503369669734, 'scale_lr': 0.6287005672685667}. Best is trial 1136 with value: 0.3697957394188016.
checkpoint_e33 window_influence: 0.51034558032890109, penalty_k: 0.44302975499496999, scale_lr: 0.16875309611657968, EAO: 0.297
Trial 1649 finished with value: 0.29696610077113955 and parameters: {'window_influence': 0.5103455803289011, 'penalty_k': 0.44302975499497, 'scale_lr': 0.16875309611657968}. Best is trial 1136 with value: 0.3697957394188016.
checkpoint_e33 window_influence: 0.17026249862129164, penalty_k: 0.20445425439600773, scale_lr: 0.10101913753345448, EAO: 0.274
Trial 1650 finished with value: 0.2736549733445802 and parameters: {'window_influence': 0.17026249862129164, 'penalty_k': 0.20445425439600773, 'scale_lr': 0.10101913753345448}. Best is trial 1136 with value: 0.3697957394188016.
checkpoint_e33 window_influence: 0.10483543167408071, penalty_k: 0.59863915793180034, scale_lr: 0.34584288757114895, EAO: 0.248
Trial 1651 finished with value: 0.24817675021603877 and parameters: {'window_influence': 0.10483543167408071, 'penalty_k': 0.5986391579318003, 'scale_lr': 0.34584288757114895}. Best is trial 1136 with value: 0.3697957394188016.
checkpoint_e33 window_influence: 0.29838173499062814, penalty_k: 0.25801789916910645, scale_lr: 0.71529395405913210, EAO: 0.316
Trial 1652 finished with value: 0.3157924972619528 and parameters: {'window_influence': 0.29838173499062814, 'penalty_k': 0.25801789916910645, 'scale_lr': 0.7152939540591321}. Best is trial 1136 with value: 0.3697957394188016.
checkpoint_e33 window_influence: 0.13690901333945793, penalty_k: 0.17526935058400944, scale_lr: 0.59035245414420823, EAO: 0.268
Trial 1653 finished with value: 0.26819706664706944 and parameters: {'window_influence': 0.13690901333945793, 'penalty_k': 0.17526935058400944, 'scale_lr': 0.5903524541442082}. Best is trial 1136 with value: 0.3697957394188016.
checkpoint_e33 window_influence: 0.24052569659825490, penalty_k: 0.22338221314150833, scale_lr: 0.33579448617349494, EAO: 0.283
Trial 1654 finished with value: 0.28252686044121533 and parameters: {'window_influence': 0.2405256965982549, 'penalty_k': 0.22338221314150833, 'scale_lr': 0.33579448617349494}. Best is trial 1136 with value: 0.3697957394188016.
checkpoint_e33 window_influence: 0.53102232977673625, penalty_k: 0.48209068780039532, scale_lr: 0.63946719199813407, EAO: 0.296
Trial 1655 finished with value: 0.2960656085250906 and parameters: {'window_influence': 0.5310223297767362, 'penalty_k': 0.4820906878003953, 'scale_lr': 0.6394671919981341}. Best is trial 1136 with value: 0.3697957394188016.
checkpoint_e33 window_influence: 0.41118230908888032, penalty_k: 0.31623044856293436, scale_lr: 0.39371226461529196, EAO: 0.331
Trial 1656 finished with value: 0.3311252758660669 and parameters: {'window_influence': 0.4111823090888803, 'penalty_k': 0.31623044856293436, 'scale_lr': 0.39371226461529196}. Best is trial 1136 with value: 0.3697957394188016.
checkpoint_e33 window_influence: 0.33908900570571088, penalty_k: 0.02320169560489171, scale_lr: 0.32666556572056404, EAO: 0.315
Trial 1657 finished with value: 0.3154419884955373 and parameters: {'window_influence': 0.3390890057057109, 'penalty_k': 0.023201695604891714, 'scale_lr': 0.32666556572056404}. Best is trial 1136 with value: 0.3697957394188016.
checkpoint_e33 window_influence: 0.47934227680032926, penalty_k: 0.15242295155408198, scale_lr: 0.41720602586433014, EAO: 0.354
Trial 1658 finished with value: 0.35361409662762505 and parameters: {'window_influence': 0.47934227680032926, 'penalty_k': 0.15242295155408198, 'scale_lr': 0.41720602586433014}. Best is trial 1136 with value: 0.3697957394188016.
checkpoint_e33 window_influence: 0.61456046903445449, penalty_k: 0.14386891586529715, scale_lr: 0.55868031633574544, EAO: 0.257
Trial 1659 finished with value: 0.25743238935210827 and parameters: {'window_influence': 0.6145604690344545, 'penalty_k': 0.14386891586529715, 'scale_lr': 0.5586803163357454}. Best is trial 1136 with value: 0.3697957394188016.
checkpoint_e33 window_influence: 0.39344162627417550, penalty_k: 0.01961245221515421, scale_lr: 0.67025201310925775, EAO: 0.337
Trial 1660 finished with value: 0.3371157671690915 and parameters: {'window_influence': 0.3934416262741755, 'penalty_k': 0.01961245221515421, 'scale_lr': 0.6702520131092577}. Best is trial 1136 with value: 0.3697957394188016.
checkpoint_e33 window_influence: 0.48974983244351855, penalty_k: 0.00092805477101426, scale_lr: 0.60934742642362505, EAO: 0.325
Trial 1661 finished with value: 0.3246813759729556 and parameters: {'window_influence': 0.48974983244351855, 'penalty_k': 0.0009280547710142587, 'scale_lr': 0.609347426423625}. Best is trial 1136 with value: 0.3697957394188016.
checkpoint_e33 window_influence: 0.46384149053255380, penalty_k: 0.36058807180499491, scale_lr: 0.53700921257585110, EAO: 0.349
Trial 1662 finished with value: 0.3489524382329636 and parameters: {'window_influence': 0.4638414905325538, 'penalty_k': 0.3605880718049949, 'scale_lr': 0.5370092125758511}. Best is trial 1136 with value: 0.3697957394188016.
checkpoint_e33 window_influence: 0.47552039209763503, penalty_k: 0.17254262101608367, scale_lr: 0.37691562282599561, EAO: 0.350
Trial 1663 finished with value: 0.3504030550268374 and parameters: {'window_influence': 0.475520392097635, 'penalty_k': 0.17254262101608367, 'scale_lr': 0.3769156228259956}. Best is trial 1136 with value: 0.3697957394188016.
checkpoint_e33 window_influence: 0.58908828144135528, penalty_k: 0.18902137803574007, scale_lr: 0.13815282810579810, EAO: 0.290
Trial 1664 finished with value: 0.28991637254271524 and parameters: {'window_influence': 0.5890882814413553, 'penalty_k': 0.18902137803574007, 'scale_lr': 0.1381528281057981}. Best is trial 1136 with value: 0.3697957394188016.
checkpoint_e33 window_influence: 0.45051370536798879, penalty_k: 0.02982923267042073, scale_lr: 0.69450674620513309, EAO: 0.342
Trial 1665 finished with value: 0.34201627958145586 and parameters: {'window_influence': 0.4505137053679888, 'penalty_k': 0.029829232670420727, 'scale_lr': 0.6945067462051331}. Best is trial 1136 with value: 0.3697957394188016.
checkpoint_e33 window_influence: 0.43345231833784087, penalty_k: 0.54010498693354059, scale_lr: 0.35784800720691506, EAO: 0.315
Trial 1666 finished with value: 0.3150800718175762 and parameters: {'window_influence': 0.43345231833784087, 'penalty_k': 0.5401049869335406, 'scale_lr': 0.35784800720691506}. Best is trial 1136 with value: 0.3697957394188016.
checkpoint_e33 window_influence: 0.50173913018896721, penalty_k: 0.27246081012290302, scale_lr: 0.40959003517035347, EAO: 0.308
