Trial 930 finished with value: 0.23359911955516163 and parameters: {'window_influence': 0.614938521760263, 'penalty_k': 0.36320994138911056, 'scale_lr': 0.5519789787247588}. Best is trial 877 with value: 0.36080633677861107.
checkpoint_e22 window_influence: 0.56702983347450264, penalty_k: 0.23708414270313671, scale_lr: 0.75013897285543596, EAO: 0.270
Trial 931 finished with value: 0.27031091638344273 and parameters: {'window_influence': 0.5670298334745026, 'penalty_k': 0.2370841427031367, 'scale_lr': 0.750138972855436}. Best is trial 877 with value: 0.36080633677861107.
checkpoint_e22 window_influence: 0.45824698262876984, penalty_k: 0.37960054473467864, scale_lr: 0.62392848183778671, EAO: 0.311
Trial 932 finished with value: 0.311069945532988 and parameters: {'window_influence': 0.45824698262876984, 'penalty_k': 0.37960054473467864, 'scale_lr': 0.6239284818377867}. Best is trial 877 with value: 0.36080633677861107.
checkpoint_e22 window_influence: 0.48889420677939521, penalty_k: 0.25640448686658024, scale_lr: 0.74217748923233073, EAO: 0.318
Trial 933 finished with value: 0.3178968558863443 and parameters: {'window_influence': 0.4888942067793952, 'penalty_k': 0.25640448686658024, 'scale_lr': 0.7421774892323307}. Best is trial 877 with value: 0.36080633677861107.
checkpoint_e22 window_influence: 0.43056030539849954, penalty_k: 0.30760365325792960, scale_lr: 0.48546309028183848, EAO: 0.297
Trial 934 finished with value: 0.2973813447622937 and parameters: {'window_influence': 0.43056030539849954, 'penalty_k': 0.3076036532579296, 'scale_lr': 0.4854630902818385}. Best is trial 877 with value: 0.36080633677861107.
checkpoint_e22 window_influence: 0.46455923838363156, penalty_k: 0.06709747219248387, scale_lr: 0.50387835935386915, EAO: 0.339
Trial 935 finished with value: 0.33880679987747847 and parameters: {'window_influence': 0.46455923838363156, 'penalty_k': 0.06709747219248387, 'scale_lr': 0.5038783593538692}. Best is trial 877 with value: 0.36080633677861107.
checkpoint_e22 window_influence: 0.27134345187054976, penalty_k: 0.04442887673731348, scale_lr: 0.52393872186641699, EAO: 0.295
Trial 936 finished with value: 0.2951560858274712 and parameters: {'window_influence': 0.27134345187054976, 'penalty_k': 0.04442887673731348, 'scale_lr': 0.523938721866417}. Best is trial 877 with value: 0.36080633677861107.
checkpoint_e22 window_influence: 0.50852691818900064, penalty_k: 0.19726629197124454, scale_lr: 0.65384009327931092, EAO: 0.298
Trial 937 finished with value: 0.29821008983057296 and parameters: {'window_influence': 0.5085269181890006, 'penalty_k': 0.19726629197124454, 'scale_lr': 0.6538400932793109}. Best is trial 877 with value: 0.36080633677861107.
checkpoint_e22 window_influence: 0.38410652853349442, penalty_k: 0.01205349444250353, scale_lr: 0.73337293966603623, EAO: 0.304
Trial 938 finished with value: 0.3041016947666495 and parameters: {'window_influence': 0.3841065285334944, 'penalty_k': 0.012053494442503527, 'scale_lr': 0.7333729396660362}. Best is trial 877 with value: 0.36080633677861107.
checkpoint_e22 window_influence: 0.41985273735828893, penalty_k: 0.54513971689678442, scale_lr: 0.43242428407352546, EAO: 0.306
Trial 939 finished with value: 0.3056234429782467 and parameters: {'window_influence': 0.41985273735828893, 'penalty_k': 0.5451397168967844, 'scale_lr': 0.43242428407352546}. Best is trial 877 with value: 0.36080633677861107.
checkpoint_e22 window_influence: 0.47687108852139021, penalty_k: 0.45367008605636150, scale_lr: 0.45150250471756687, EAO: 0.300
Trial 940 finished with value: 0.30047637977952624 and parameters: {'window_influence': 0.4768710885213902, 'penalty_k': 0.4536700860563615, 'scale_lr': 0.45150250471756687}. Best is trial 877 with value: 0.36080633677861107.
checkpoint_e22 window_influence: 0.49153557404269227, penalty_k: 0.16389619738231270, scale_lr: 0.56060443929340864, EAO: 0.323
Trial 941 finished with value: 0.3229119170036761 and parameters: {'window_influence': 0.49153557404269227, 'penalty_k': 0.1638961973823127, 'scale_lr': 0.5606044392934086}. Best is trial 877 with value: 0.36080633677861107.
checkpoint_e22 window_influence: 0.63085005077230605, penalty_k: 0.20752898081176685, scale_lr: 0.66264934717645052, EAO: 0.233
Trial 942 finished with value: 0.23318302335674196 and parameters: {'window_influence': 0.630850050772306, 'penalty_k': 0.20752898081176685, 'scale_lr': 0.6626493471764505}. Best is trial 877 with value: 0.36080633677861107.
checkpoint_e22 window_influence: 0.44950050241932188, penalty_k: 0.02662619563452345, scale_lr: 0.79559412967029253, EAO: 0.325
Trial 943 finished with value: 0.32498308163904494 and parameters: {'window_influence': 0.4495005024193219, 'penalty_k': 0.02662619563452345, 'scale_lr': 0.7955941296702925}. Best is trial 877 with value: 0.36080633677861107.
checkpoint_e22 window_influence: 0.46322358377839212, penalty_k: 0.00011891408026688, scale_lr: 0.76554017762626336, EAO: 0.315
Trial 944 finished with value: 0.3148363203622024 and parameters: {'window_influence': 0.4632235837783921, 'penalty_k': 0.000118914080266883, 'scale_lr': 0.7655401776262634}. Best is trial 877 with value: 0.36080633677861107.
checkpoint_e22 window_influence: 0.47703434119233762, penalty_k: 0.07165239697569768, scale_lr: 0.48766974499545823, EAO: 0.316
Trial 945 finished with value: 0.31557992935644513 and parameters: {'window_influence': 0.4770343411923376, 'penalty_k': 0.07165239697569768, 'scale_lr': 0.48766974499545823}. Best is trial 877 with value: 0.36080633677861107.
checkpoint_e22 window_influence: 0.34483521314550908, penalty_k: 0.04956714809144502, scale_lr: 0.42936301418476042, EAO: 0.321
Trial 946 finished with value: 0.3207811793812518 and parameters: {'window_influence': 0.3448352131455091, 'penalty_k': 0.049567148091445024, 'scale_lr': 0.4293630141847604}. Best is trial 877 with value: 0.36080633677861107.
checkpoint_e22 window_influence: 0.50281220978811203, penalty_k: 0.46519300280979886, scale_lr: 0.49402732854939668, EAO: 0.302
Trial 947 finished with value: 0.30168431191360906 and parameters: {'window_influence': 0.502812209788112, 'penalty_k': 0.46519300280979886, 'scale_lr': 0.4940273285493967}. Best is trial 877 with value: 0.36080633677861107.
checkpoint_e22 window_influence: 0.32302116986426815, penalty_k: 0.02135192730369219, scale_lr: 0.61356391185934656, EAO: 0.316
Trial 948 finished with value: 0.3160389079657974 and parameters: {'window_influence': 0.32302116986426815, 'penalty_k': 0.02135192730369219, 'scale_lr': 0.6135639118593466}. Best is trial 877 with value: 0.36080633677861107.
checkpoint_e22 window_influence: 0.49194034410326842, penalty_k: 0.10123123840183509, scale_lr: 0.52416513989325675, EAO: 0.329
Trial 949 finished with value: 0.32899868094039797 and parameters: {'window_influence': 0.4919403441032684, 'penalty_k': 0.1012312384018351, 'scale_lr': 0.5241651398932567}. Best is trial 877 with value: 0.36080633677861107.
checkpoint_e22 window_influence: 0.48055998867729283, penalty_k: 0.32829081718796760, scale_lr: 0.28754463264493896, EAO: 0.311
Trial 950 finished with value: 0.3105875107564815 and parameters: {'window_influence': 0.4805599886772928, 'penalty_k': 0.3282908171879676, 'scale_lr': 0.28754463264493896}. Best is trial 877 with value: 0.36080633677861107.
checkpoint_e22 window_influence: 0.43921011533614507, penalty_k: 0.06165206456528440, scale_lr: 0.68855191851136577, EAO: 0.328
Trial 951 finished with value: 0.32774713647040876 and parameters: {'window_influence': 0.43921011533614507, 'penalty_k': 0.061652064565284395, 'scale_lr': 0.6885519185113658}. Best is trial 877 with value: 0.36080633677861107.
checkpoint_e22 window_influence: 0.51516334237070116, penalty_k: 0.24053525232287021, scale_lr: 0.62645117215199686, EAO: 0.305
Trial 952 finished with value: 0.30477481257126954 and parameters: {'window_influence': 0.5151633423707012, 'penalty_k': 0.2405352523228702, 'scale_lr': 0.6264511721519969}. Best is trial 877 with value: 0.36080633677861107.
checkpoint_e22 window_influence: 0.45723943077992540, penalty_k: 0.07856805551343113, scale_lr: 0.60429123210624247, EAO: 0.301
Trial 953 finished with value: 0.3012839149872153 and parameters: {'window_influence': 0.4572394307799254, 'penalty_k': 0.07856805551343113, 'scale_lr': 0.6042912321062425}. Best is trial 877 with value: 0.36080633677861107.
checkpoint_e22 window_influence: 0.18599896057799806, penalty_k: 0.27378091775332897, scale_lr: 0.44003121608915752, EAO: 0.286
Trial 954 finished with value: 0.2860356170379698 and parameters: {'window_influence': 0.18599896057799806, 'penalty_k': 0.27378091775332897, 'scale_lr': 0.4400312160891575}. Best is trial 877 with value: 0.36080633677861107.
checkpoint_e22 window_influence: 0.17702872740776751, penalty_k: 0.12550677328357560, scale_lr: 0.56339300494833955, EAO: 0.279
Trial 955 finished with value: 0.27910036237091407 and parameters: {'window_influence': 0.1770287274077675, 'penalty_k': 0.1255067732835756, 'scale_lr': 0.5633930049483395}. Best is trial 877 with value: 0.36080633677861107.
checkpoint_e22 window_influence: 0.54890606786577467, penalty_k: 0.00027225069654838, scale_lr: 0.26557325082173411, EAO: 0.308
Trial 956 finished with value: 0.30781095669195346 and parameters: {'window_influence': 0.5489060678657747, 'penalty_k': 0.00027225069654837966, 'scale_lr': 0.2655732508217341}. Best is trial 877 with value: 0.36080633677861107.
checkpoint_e22 window_influence: 0.37101177269911279, penalty_k: 0.21564628144988557, scale_lr: 0.57686050208690431, EAO: 0.310
Trial 957 finished with value: 0.31017427761035204 and parameters: {'window_influence': 0.3710117726991128, 'penalty_k': 0.21564628144988557, 'scale_lr': 0.5768605020869043}. Best is trial 877 with value: 0.36080633677861107.
checkpoint_e22 window_influence: 0.46925992945727135, penalty_k: 0.16019470876344427, scale_lr: 0.73528527798602195, EAO: 0.358
Trial 958 finished with value: 0.35786255741861545 and parameters: {'window_influence': 0.46925992945727135, 'penalty_k': 0.16019470876344427, 'scale_lr': 0.735285277986022}. Best is trial 877 with value: 0.36080633677861107.
checkpoint_e22 window_influence: 0.44584011250139338, penalty_k: 0.14399782626849064, scale_lr: 0.69917874664302371, EAO: 0.320
Trial 959 finished with value: 0.32044270095426286 and parameters: {'window_influence': 0.4458401125013934, 'penalty_k': 0.14399782626849064, 'scale_lr': 0.6991787466430237}. Best is trial 877 with value: 0.36080633677861107.
checkpoint_e22 window_influence: 0.46187951766319002, penalty_k: 0.40397835767772450, scale_lr: 0.74463408372225237, EAO: 0.304
Trial 960 finished with value: 0.30426947975437 and parameters: {'window_influence': 0.46187951766319, 'penalty_k': 0.4039783576777245, 'scale_lr': 0.7446340837222524}. Best is trial 877 with value: 0.36080633677861107.
checkpoint_e22 window_influence: 0.46872469690304885, penalty_k: 0.12595439333860364, scale_lr: 0.67759942070169410, EAO: 0.326
Trial 961 finished with value: 0.32621207473806835 and parameters: {'window_influence': 0.46872469690304885, 'penalty_k': 0.12595439333860364, 'scale_lr': 0.6775994207016941}. Best is trial 877 with value: 0.36080633677861107.
checkpoint_e22 window_influence: 0.53031436302246671, penalty_k: 0.13566697862812693, scale_lr: 0.72901287326301756, EAO: 0.282
Trial 962 finished with value: 0.28206170863446556 and parameters: {'window_influence': 0.5303143630224667, 'penalty_k': 0.13566697862812693, 'scale_lr': 0.7290128732630176}. Best is trial 877 with value: 0.36080633677861107.
checkpoint_e22 window_influence: 0.38774995602490098, penalty_k: 0.15490442013817096, scale_lr: 0.74272850622011799, EAO: 0.323
Trial 963 finished with value: 0.32300389566774035 and parameters: {'window_influence': 0.387749956024901, 'penalty_k': 0.15490442013817096, 'scale_lr': 0.742728506220118}. Best is trial 877 with value: 0.36080633677861107.
checkpoint_e22 window_influence: 0.49783117096522200, penalty_k: 0.44531581819193550, scale_lr: 0.71357659337158974, EAO: 0.294
Trial 964 finished with value: 0.2944592289075777 and parameters: {'window_influence': 0.497831170965222, 'penalty_k': 0.4453158181919355, 'scale_lr': 0.7135765933715897}. Best is trial 877 with value: 0.36080633677861107.
checkpoint_e22 window_influence: 0.41261133675780987, penalty_k: 0.15150263146086018, scale_lr: 0.53829107358581540, EAO: 0.324
Trial 965 finished with value: 0.32364787097570963 and parameters: {'window_influence': 0.41261133675780987, 'penalty_k': 0.15150263146086018, 'scale_lr': 0.5382910735858154}. Best is trial 877 with value: 0.36080633677861107.
checkpoint_e22 window_influence: 0.29514722826262563, penalty_k: 0.17064281651767843, scale_lr: 0.63331524647262327, EAO: 0.278
Trial 966 finished with value: 0.2777427084714986 and parameters: {'window_influence': 0.2951472282626256, 'penalty_k': 0.17064281651767843, 'scale_lr': 0.6333152464726233}. Best is trial 877 with value: 0.36080633677861107.
checkpoint_e22 window_influence: 0.61291114875962349, penalty_k: 0.57423126837780480, scale_lr: 0.79570539254588235, EAO: 0.214
Trial 967 finished with value: 0.21415739590555777 and parameters: {'window_influence': 0.6129111487596235, 'penalty_k': 0.5742312683778048, 'scale_lr': 0.7957053925458824}. Best is trial 877 with value: 0.36080633677861107.
checkpoint_e22 window_influence: 0.23596424082658624, penalty_k: 0.18484074686487939, scale_lr: 0.56990211218765618, EAO: 0.272
Trial 968 finished with value: 0.27194141831379454 and parameters: {'window_influence': 0.23596424082658624, 'penalty_k': 0.1848407468648794, 'scale_lr': 0.5699021121876562}. Best is trial 877 with value: 0.36080633677861107.
checkpoint_e22 window_influence: 0.45260409591280110, penalty_k: 0.30938310919857814, scale_lr: 0.75067371582872933, EAO: 0.310
Trial 969 finished with value: 0.30991170494472936 and parameters: {'window_influence': 0.4526040959128011, 'penalty_k': 0.30938310919857814, 'scale_lr': 0.7506737158287293}. Best is trial 877 with value: 0.36080633677861107.
checkpoint_e22 window_influence: 0.13757886040945613, penalty_k: 0.14233744497472162, scale_lr: 0.71020207112987388, EAO: 0.258
Trial 970 finished with value: 0.25783304730973816 and parameters: {'window_influence': 0.13757886040945613, 'penalty_k': 0.14233744497472162, 'scale_lr': 0.7102020711298739}. Best is trial 877 with value: 0.36080633677861107.
checkpoint_e22 window_influence: 0.43049424117729673, penalty_k: 0.16533221414536164, scale_lr: 0.74040928964044472, EAO: 0.300
Trial 971 finished with value: 0.3001573311911483 and parameters: {'window_influence': 0.43049424117729673, 'penalty_k': 0.16533221414536164, 'scale_lr': 0.7404092896404447}. Best is trial 877 with value: 0.36080633677861107.
checkpoint_e22 window_influence: 0.48600643087366946, penalty_k: 0.15719991423677201, scale_lr: 0.77342653671821726, EAO: 0.305
Trial 972 finished with value: 0.30454006211303086 and parameters: {'window_influence': 0.48600643087366946, 'penalty_k': 0.15719991423677201, 'scale_lr': 0.7734265367182173}. Best is trial 877 with value: 0.36080633677861107.
checkpoint_e22 window_influence: 0.11972854148207640, penalty_k: 0.52155758111434958, scale_lr: 0.65384475411094034, EAO: 0.229
Trial 973 finished with value: 0.22947224638341465 and parameters: {'window_influence': 0.1197285414820764, 'penalty_k': 0.5215575811143496, 'scale_lr': 0.6538447541109403}. Best is trial 877 with value: 0.36080633677861107.
checkpoint_e22 window_influence: 0.46838613914000699, penalty_k: 0.50780145573299806, scale_lr: 0.63386369695573053, EAO: 0.312
Trial 974 finished with value: 0.3121269996991881 and parameters: {'window_influence': 0.468386139140007, 'penalty_k': 0.5078014557329981, 'scale_lr': 0.6338636969557305}. Best is trial 877 with value: 0.36080633677861107.
checkpoint_e22 window_influence: 0.50989497574410791, penalty_k: 0.11628940946323565, scale_lr: 0.77757127854047137, EAO: 0.293
Trial 975 finished with value: 0.29301657258072716 and parameters: {'window_influence': 0.5098949757441079, 'penalty_k': 0.11628940946323565, 'scale_lr': 0.7775712785404714}. Best is trial 877 with value: 0.36080633677861107.
checkpoint_e22 window_influence: 0.40212287303467220, penalty_k: 0.26341917970813483, scale_lr: 0.70144149734682504, EAO: 0.316
Trial 976 finished with value: 0.315868358841666 and parameters: {'window_influence': 0.4021228730346722, 'penalty_k': 0.26341917970813483, 'scale_lr': 0.701441497346825}. Best is trial 877 with value: 0.36080633677861107.
checkpoint_e22 window_influence: 0.47991855132634531, penalty_k: 0.11722054537148813, scale_lr: 0.77466038292417905, EAO: 0.324
Trial 977 finished with value: 0.3237845112609492 and parameters: {'window_influence': 0.4799185513263453, 'penalty_k': 0.11722054537148813, 'scale_lr': 0.774660382924179}. Best is trial 877 with value: 0.36080633677861107.
checkpoint_e22 window_influence: 0.44443791022337503, penalty_k: 0.58330374847319311, scale_lr: 0.40673114307533725, EAO: 0.297
Trial 978 finished with value: 0.296929339490512 and parameters: {'window_influence': 0.44443791022337503, 'penalty_k': 0.5833037484731931, 'scale_lr': 0.40673114307533725}. Best is trial 877 with value: 0.36080633677861107.
checkpoint_e22 window_influence: 0.45993386996807228, penalty_k: 0.18793375308821858, scale_lr: 0.54036050562870419, EAO: 0.321
Trial 979 finished with value: 0.3206009856109953 and parameters: {'window_influence': 0.4599338699680723, 'penalty_k': 0.18793375308821858, 'scale_lr': 0.5403605056287042}. Best is trial 877 with value: 0.36080633677861107.
checkpoint_e22 window_influence: 0.49306685570880510, penalty_k: 0.13503586456312860, scale_lr: 0.72595507006340398, EAO: 0.319
Trial 980 finished with value: 0.31863861041078306 and parameters: {'window_influence': 0.4930668557088051, 'penalty_k': 0.1350358645631286, 'scale_lr': 0.725955070063404}. Best is trial 877 with value: 0.36080633677861107.
checkpoint_e22 window_influence: 0.60454493206351190, penalty_k: 0.01427376592533835, scale_lr: 0.72653048506638240, EAO: 0.243
Trial 981 finished with value: 0.2430603109908939 and parameters: {'window_influence': 0.6045449320635119, 'penalty_k': 0.014273765925338352, 'scale_lr': 0.7265304850663824}. Best is trial 877 with value: 0.36080633677861107.
checkpoint_e22 window_influence: 0.63823084447471412, penalty_k: 0.02741282120192999, scale_lr: 0.67182335716193653, EAO: 0.238
Trial 982 finished with value: 0.2380740153186516 and parameters: {'window_influence': 0.6382308444747141, 'penalty_k': 0.02741282120192999, 'scale_lr': 0.6718233571619365}. Best is trial 877 with value: 0.36080633677861107.
checkpoint_e22 window_influence: 0.30467352160213546, penalty_k: 0.10497443922378609, scale_lr: 0.67205755768553677, EAO: 0.321
Trial 983 finished with value: 0.32080537625787786 and parameters: {'window_influence': 0.30467352160213546, 'penalty_k': 0.10497443922378609, 'scale_lr': 0.6720575576855368}. Best is trial 877 with value: 0.36080633677861107.
checkpoint_e22 window_influence: 0.47340784454239349, penalty_k: 0.27563013756057564, scale_lr: 0.64642837937505215, EAO: 0.312
Trial 984 finished with value: 0.31236671154833023 and parameters: {'window_influence': 0.4734078445423935, 'penalty_k': 0.27563013756057564, 'scale_lr': 0.6464283793750522}. Best is trial 877 with value: 0.36080633677861107.
checkpoint_e22 window_influence: 0.52121749163705355, penalty_k: 0.45208179549419458, scale_lr: 0.60135317962053014, EAO: 0.276
Trial 985 finished with value: 0.2759478882476977 and parameters: {'window_influence': 0.5212174916370536, 'penalty_k': 0.4520817954941946, 'scale_lr': 0.6013531796205301}. Best is trial 877 with value: 0.36080633677861107.
checkpoint_e22 window_influence: 0.50259097926146956, penalty_k: 0.47089709442734284, scale_lr: 0.73976266610652530, EAO: 0.280
Trial 986 finished with value: 0.2795671865286066 and parameters: {'window_influence': 0.5025909792614696, 'penalty_k': 0.47089709442734284, 'scale_lr': 0.7397626661065253}. Best is trial 877 with value: 0.36080633677861107.
checkpoint_e22 window_influence: 0.45312997859389920, penalty_k: 0.11138384628547922, scale_lr: 0.79426973580906546, EAO: 0.317
Trial 987 finished with value: 0.317445019339773 and parameters: {'window_influence': 0.4531299785938992, 'penalty_k': 0.11138384628547922, 'scale_lr': 0.7942697358090655}. Best is trial 877 with value: 0.36080633677861107.
checkpoint_e22 window_influence: 0.25568987836051360, penalty_k: 0.09601645588525508, scale_lr: 0.43845589273541857, EAO: 0.291
Trial 988 finished with value: 0.2907069905258802 and parameters: {'window_influence': 0.2556898783605136, 'penalty_k': 0.09601645588525508, 'scale_lr': 0.4384558927354186}. Best is trial 877 with value: 0.36080633677861107.
checkpoint_e22 window_influence: 0.48317677807214782, penalty_k: 0.16084646355328430, scale_lr: 0.77233836261277988, EAO: 0.328
Trial 989 finished with value: 0.3276590747244163 and parameters: {'window_influence': 0.4831767780721478, 'penalty_k': 0.1608464635532843, 'scale_lr': 0.7723383626127799}. Best is trial 877 with value: 0.36080633677861107.
checkpoint_e22 window_influence: 0.46539680620067470, penalty_k: 0.41514704111362094, scale_lr: 0.66429520380632423, EAO: 0.289
Trial 990 finished with value: 0.28907484680066314 and parameters: {'window_influence': 0.4653968062006747, 'penalty_k': 0.41514704111362094, 'scale_lr': 0.6642952038063242}. Best is trial 877 with value: 0.36080633677861107.
checkpoint_e22 window_influence: 0.42308514470364611, penalty_k: 0.03767997381311778, scale_lr: 0.71398842750783231, EAO: 0.316
Trial 991 finished with value: 0.3159461744448554 and parameters: {'window_influence': 0.4230851447036461, 'penalty_k': 0.03767997381311778, 'scale_lr': 0.7139884275078323}. Best is trial 877 with value: 0.36080633677861107.
checkpoint_e22 window_influence: 0.43970012579999662, penalty_k: 0.12884381301484149, scale_lr: 0.67648420383038710, EAO: 0.329
