Trial 222 finished with value: 0.3442569997755934 and parameters: {'window_influence': 0.4588611914582009, 'penalty_k': 0.2627797465096612, 'scale_lr': 0.6633523677852675}. Best is trial 218 with value: 0.3580247225232625.
checkpoint_e33 window_influence: 0.44418161476881135, penalty_k: 0.58418638724253968, scale_lr: 0.16157110256093987, EAO: 0.314
Trial 223 finished with value: 0.3140190908185239 and parameters: {'window_influence': 0.44418161476881135, 'penalty_k': 0.5841863872425397, 'scale_lr': 0.16157110256093987}. Best is trial 218 with value: 0.3580247225232625.
checkpoint_e33 window_influence: 0.45278456088702757, penalty_k: 0.41004751665207895, scale_lr: 0.18441634076958918, EAO: 0.308
Trial 224 finished with value: 0.308417383682867 and parameters: {'window_influence': 0.45278456088702757, 'penalty_k': 0.41004751665207895, 'scale_lr': 0.18441634076958918}. Best is trial 218 with value: 0.3580247225232625.
checkpoint_e33 window_influence: 0.47927056574369381, penalty_k: 0.21350563082525223, scale_lr: 0.21050820074039425, EAO: 0.333
Trial 225 finished with value: 0.33304030427904907 and parameters: {'window_influence': 0.4792705657436938, 'penalty_k': 0.21350563082525223, 'scale_lr': 0.21050820074039425}. Best is trial 218 with value: 0.3580247225232625.
checkpoint_e33 window_influence: 0.43039335792562000, penalty_k: 0.27752806409448283, scale_lr: 0.23697426595833723, EAO: 0.326
Trial 226 finished with value: 0.3263297954190102 and parameters: {'window_influence': 0.43039335792562, 'penalty_k': 0.27752806409448283, 'scale_lr': 0.23697426595833723}. Best is trial 218 with value: 0.3580247225232625.
checkpoint_e33 window_influence: 0.41108233384973825, penalty_k: 0.23009979301914246, scale_lr: 0.17546422853795698, EAO: 0.332
Trial 227 finished with value: 0.3321105437751874 and parameters: {'window_influence': 0.41108233384973825, 'penalty_k': 0.23009979301914246, 'scale_lr': 0.17546422853795698}. Best is trial 218 with value: 0.3580247225232625.
checkpoint_e33 window_influence: 0.46350773588354938, penalty_k: 0.59803819545296610, scale_lr: 0.33416782137317746, EAO: 0.310
Trial 228 finished with value: 0.30974439470684484 and parameters: {'window_influence': 0.4635077358835494, 'penalty_k': 0.5980381954529661, 'scale_lr': 0.33416782137317746}. Best is trial 218 with value: 0.3580247225232625.
checkpoint_e33 window_influence: 0.44456394150519041, penalty_k: 0.20939507785477163, scale_lr: 0.19953315668382623, EAO: 0.334
Trial 229 finished with value: 0.3340169358346249 and parameters: {'window_influence': 0.4445639415051904, 'penalty_k': 0.20939507785477163, 'scale_lr': 0.19953315668382623}. Best is trial 218 with value: 0.3580247225232625.
checkpoint_e33 window_influence: 0.49026539683191644, penalty_k: 0.25597023686248771, scale_lr: 0.11145586799107074, EAO: 0.319
Trial 230 finished with value: 0.31888232174318587 and parameters: {'window_influence': 0.49026539683191644, 'penalty_k': 0.2559702368624877, 'scale_lr': 0.11145586799107074}. Best is trial 218 with value: 0.3580247225232625.
checkpoint_e33 window_influence: 0.47118030037073755, penalty_k: 0.19460039092527667, scale_lr: 0.22165437126049026, EAO: 0.337
Trial 231 finished with value: 0.3370525675756922 and parameters: {'window_influence': 0.47118030037073755, 'penalty_k': 0.19460039092527667, 'scale_lr': 0.22165437126049026}. Best is trial 218 with value: 0.3580247225232625.
checkpoint_e33 window_influence: 0.46410366199221031, penalty_k: 0.19889950999553718, scale_lr: 0.21328952038170651, EAO: 0.355
Trial 232 finished with value: 0.3554697781221412 and parameters: {'window_influence': 0.4641036619922103, 'penalty_k': 0.19889950999553718, 'scale_lr': 0.2132895203817065}. Best is trial 218 with value: 0.3580247225232625.
checkpoint_e33 window_influence: 0.45896452378553149, penalty_k: 0.44704559732536692, scale_lr: 0.20967543336064978, EAO: 0.326
Trial 233 finished with value: 0.3260796877776602 and parameters: {'window_influence': 0.4589645237855315, 'penalty_k': 0.4470455973253669, 'scale_lr': 0.20967543336064978}. Best is trial 218 with value: 0.3580247225232625.
checkpoint_e33 window_influence: 0.47450106613512599, penalty_k: 0.17236464118347430, scale_lr: 0.18849521686783013, EAO: 0.319
Trial 234 finished with value: 0.3187689201377245 and parameters: {'window_influence': 0.474501066135126, 'penalty_k': 0.1723646411834743, 'scale_lr': 0.18849521686783013}. Best is trial 218 with value: 0.3580247225232625.
checkpoint_e33 window_influence: 0.43774560843043958, penalty_k: 0.21808192947717930, scale_lr: 0.15594492674048882, EAO: 0.326
Trial 235 finished with value: 0.32642797841636123 and parameters: {'window_influence': 0.4377456084304396, 'penalty_k': 0.2180819294771793, 'scale_lr': 0.15594492674048882}. Best is trial 218 with value: 0.3580247225232625.
checkpoint_e33 window_influence: 0.49727607131882862, penalty_k: 0.20115657408362439, scale_lr: 0.24940482044282614, EAO: 0.337
Trial 236 finished with value: 0.3368958965349754 and parameters: {'window_influence': 0.4972760713188286, 'penalty_k': 0.2011565740836244, 'scale_lr': 0.24940482044282614}. Best is trial 218 with value: 0.3580247225232625.
checkpoint_e33 window_influence: 0.45016493394884305, penalty_k: 0.24143743943183588, scale_lr: 0.29031690082678652, EAO: 0.348
Trial 237 finished with value: 0.34807286292662415 and parameters: {'window_influence': 0.45016493394884305, 'penalty_k': 0.24143743943183588, 'scale_lr': 0.2903169008267865}. Best is trial 218 with value: 0.3580247225232625.
checkpoint_e33 window_influence: 0.45364315914014552, penalty_k: 0.57058808764771485, scale_lr: 0.30766234292171757, EAO: 0.318
Trial 238 finished with value: 0.3177929550757204 and parameters: {'window_influence': 0.4536431591401455, 'penalty_k': 0.5705880876477148, 'scale_lr': 0.30766234292171757}. Best is trial 218 with value: 0.3580247225232625.
checkpoint_e33 window_influence: 0.42707195746536197, penalty_k: 0.23868368028872003, scale_lr: 0.37864050632292312, EAO: 0.335
Trial 239 finished with value: 0.33483794470705414 and parameters: {'window_influence': 0.427071957465362, 'penalty_k': 0.23868368028872003, 'scale_lr': 0.3786405063229231}. Best is trial 218 with value: 0.3580247225232625.
checkpoint_e33 window_influence: 0.44381475997711989, penalty_k: 0.22356573063097060, scale_lr: 0.16876745673206128, EAO: 0.334
Trial 240 finished with value: 0.33406492801028004 and parameters: {'window_influence': 0.4438147599771199, 'penalty_k': 0.2235657306309706, 'scale_lr': 0.16876745673206128}. Best is trial 218 with value: 0.3580247225232625.
checkpoint_e33 window_influence: 0.46480423434659202, penalty_k: 0.24219854130492582, scale_lr: 0.22636345168798430, EAO: 0.360
Trial 241 finished with value: 0.3596595438769819 and parameters: {'window_influence': 0.464804234346592, 'penalty_k': 0.24219854130492582, 'scale_lr': 0.2263634516879843}. Best is trial 241 with value: 0.3596595438769819.
checkpoint_e33 window_influence: 0.45992424154967304, penalty_k: 0.23705050326084298, scale_lr: 0.19947516003549043, EAO: 0.356
Trial 242 finished with value: 0.3562736911300555 and parameters: {'window_influence': 0.45992424154967304, 'penalty_k': 0.23705050326084298, 'scale_lr': 0.19947516003549043}. Best is trial 241 with value: 0.3596595438769819.
checkpoint_e33 window_influence: 0.47974168821741331, penalty_k: 0.20552043551955665, scale_lr: 0.19677405441500315, EAO: 0.345
Trial 243 finished with value: 0.34516079718036874 and parameters: {'window_influence': 0.4797416882174133, 'penalty_k': 0.20552043551955665, 'scale_lr': 0.19677405441500315}. Best is trial 241 with value: 0.3596595438769819.
checkpoint_e33 window_influence: 0.46362000311638429, penalty_k: 0.36301533166157335, scale_lr: 0.20969767811949638, EAO: 0.327
Trial 244 finished with value: 0.3267602050814647 and parameters: {'window_influence': 0.4636200031163843, 'penalty_k': 0.36301533166157335, 'scale_lr': 0.20969767811949638}. Best is trial 241 with value: 0.3596595438769819.
checkpoint_e33 window_influence: 0.48119964318070718, penalty_k: 0.22555038456773838, scale_lr: 0.18524375559617415, EAO: 0.333
Trial 245 finished with value: 0.33345835368920856 and parameters: {'window_influence': 0.4811996431807072, 'penalty_k': 0.22555038456773838, 'scale_lr': 0.18524375559617415}. Best is trial 241 with value: 0.3596595438769819.
checkpoint_e33 window_influence: 0.38333654467560263, penalty_k: 0.18230938798964735, scale_lr: 0.22515385190842563, EAO: 0.327
Trial 246 finished with value: 0.3270618002354403 and parameters: {'window_influence': 0.38333654467560263, 'penalty_k': 0.18230938798964735, 'scale_lr': 0.22515385190842563}. Best is trial 241 with value: 0.3596595438769819.
checkpoint_e33 window_influence: 0.45936539274964738, penalty_k: 0.19581150212979820, scale_lr: 0.17674497266082390, EAO: 0.335
Trial 247 finished with value: 0.3346539248172411 and parameters: {'window_influence': 0.4593653927496474, 'penalty_k': 0.1958115021297982, 'scale_lr': 0.1767449726608239}. Best is trial 241 with value: 0.3596595438769819.
checkpoint_e33 window_influence: 0.40280691460388229, penalty_k: 0.34619130463416825, scale_lr: 0.20001572874215529, EAO: 0.324
Trial 248 finished with value: 0.3236733647172089 and parameters: {'window_influence': 0.4028069146038823, 'penalty_k': 0.34619130463416825, 'scale_lr': 0.20001572874215529}. Best is trial 241 with value: 0.3596595438769819.
checkpoint_e33 window_influence: 0.43642536931901177, penalty_k: 0.27195894239751406, scale_lr: 0.13012935081468471, EAO: 0.328
Trial 249 finished with value: 0.32816639954245974 and parameters: {'window_influence': 0.43642536931901177, 'penalty_k': 0.27195894239751406, 'scale_lr': 0.1301293508146847}. Best is trial 241 with value: 0.3596595438769819.
checkpoint_e33 window_influence: 0.56125557373293766, penalty_k: 0.21360457348579776, scale_lr: 0.23538003168230587, EAO: 0.288
Trial 250 finished with value: 0.2880043825750685 and parameters: {'window_influence': 0.5612555737329377, 'penalty_k': 0.21360457348579776, 'scale_lr': 0.23538003168230587}. Best is trial 241 with value: 0.3596595438769819.
checkpoint_e33 window_influence: 0.46831027582363455, penalty_k: 0.23322847239684688, scale_lr: 0.21458363620277343, EAO: 0.335
Trial 251 finished with value: 0.33524159652249824 and parameters: {'window_influence': 0.46831027582363455, 'penalty_k': 0.23322847239684688, 'scale_lr': 0.21458363620277343}. Best is trial 241 with value: 0.3596595438769819.
checkpoint_e33 window_influence: 0.42284483007205986, penalty_k: 0.25686324381192055, scale_lr: 0.41692607221996675, EAO: 0.320
Trial 252 finished with value: 0.3202473311920574 and parameters: {'window_influence': 0.42284483007205986, 'penalty_k': 0.25686324381192055, 'scale_lr': 0.41692607221996675}. Best is trial 241 with value: 0.3596595438769819.
checkpoint_e33 window_influence: 0.45240798769557655, penalty_k: 0.24349604016343193, scale_lr: 0.15529175614521329, EAO: 0.341
Trial 253 finished with value: 0.3414790653533045 and parameters: {'window_influence': 0.45240798769557655, 'penalty_k': 0.24349604016343193, 'scale_lr': 0.1552917561452133}. Best is trial 241 with value: 0.3596595438769819.
checkpoint_e33 window_influence: 0.48902710470274519, penalty_k: 0.22009304529541146, scale_lr: 0.19337229293864666, EAO: 0.331
Trial 254 finished with value: 0.3307104387867775 and parameters: {'window_influence': 0.4890271047027452, 'penalty_k': 0.22009304529541146, 'scale_lr': 0.19337229293864666}. Best is trial 241 with value: 0.3596595438769819.
checkpoint_e33 window_influence: 0.46809261756916032, penalty_k: 0.20729287854282949, scale_lr: 0.35852945991844321, EAO: 0.353
Trial 255 finished with value: 0.3530909642867077 and parameters: {'window_influence': 0.4680926175691603, 'penalty_k': 0.2072928785428295, 'scale_lr': 0.3585294599184432}. Best is trial 241 with value: 0.3596595438769819.
checkpoint_e33 window_influence: 0.47768461483212865, penalty_k: 0.19006191883126286, scale_lr: 0.28808230733098988, EAO: 0.330
Trial 256 finished with value: 0.32970656263225273 and parameters: {'window_influence': 0.47768461483212865, 'penalty_k': 0.19006191883126286, 'scale_lr': 0.2880823073309899}. Best is trial 241 with value: 0.3596595438769819.
checkpoint_e33 window_influence: 0.63960822376918824, penalty_k: 0.21088039740170181, scale_lr: 0.36096698500157298, EAO: 0.232
Trial 257 finished with value: 0.2323017469987795 and parameters: {'window_influence': 0.6396082237691882, 'penalty_k': 0.2108803974017018, 'scale_lr': 0.360966985001573}. Best is trial 241 with value: 0.3596595438769819.
checkpoint_e33 window_influence: 0.46611909631095505, penalty_k: 0.20419229132732300, scale_lr: 0.16927660400979763, EAO: 0.342
Trial 258 finished with value: 0.34234633914227613 and parameters: {'window_influence': 0.46611909631095505, 'penalty_k': 0.204192291327323, 'scale_lr': 0.16927660400979763}. Best is trial 241 with value: 0.3596595438769819.
checkpoint_e33 window_influence: 0.50230460578290770, penalty_k: 0.22914360786471971, scale_lr: 0.36164621493409355, EAO: 0.313
Trial 259 finished with value: 0.31279172774418784 and parameters: {'window_influence': 0.5023046057829077, 'penalty_k': 0.2291436078647197, 'scale_lr': 0.36164621493409355}. Best is trial 241 with value: 0.3596595438769819.
checkpoint_e33 window_influence: 0.44110463728544996, penalty_k: 0.17911354346725228, scale_lr: 0.40065703109205841, EAO: 0.330
Trial 260 finished with value: 0.3301397929627608 and parameters: {'window_influence': 0.44110463728544996, 'penalty_k': 0.17911354346725228, 'scale_lr': 0.4006570310920584}. Best is trial 241 with value: 0.3596595438769819.
checkpoint_e33 window_influence: 0.41670907581242878, penalty_k: 0.16310971591750700, scale_lr: 0.34619873334009676, EAO: 0.323
Trial 261 finished with value: 0.3233663287260189 and parameters: {'window_influence': 0.4167090758124288, 'penalty_k': 0.163109715917507, 'scale_lr': 0.34619873334009676}. Best is trial 241 with value: 0.3596595438769819.
checkpoint_e33 window_influence: 0.47408008715222727, penalty_k: 0.22265326412436603, scale_lr: 0.47867036841733002, EAO: 0.330
Trial 262 finished with value: 0.3299127299961877 and parameters: {'window_influence': 0.47408008715222727, 'penalty_k': 0.22265326412436603, 'scale_lr': 0.47867036841733}. Best is trial 241 with value: 0.3596595438769819.
checkpoint_e33 window_influence: 0.52327054943868556, penalty_k: 0.19777895113137900, scale_lr: 0.27414716855092408, EAO: 0.311
Trial 263 finished with value: 0.31144092739324164 and parameters: {'window_influence': 0.5232705494386856, 'penalty_k': 0.197778951131379, 'scale_lr': 0.2741471685509241}. Best is trial 241 with value: 0.3596595438769819.
checkpoint_e33 window_influence: 0.46212432685941102, penalty_k: 0.23647472779922407, scale_lr: 0.30335844150656710, EAO: 0.330
Trial 264 finished with value: 0.3296782053166326 and parameters: {'window_influence': 0.462124326859411, 'penalty_k': 0.23647472779922407, 'scale_lr': 0.3033584415065671}. Best is trial 241 with value: 0.3596595438769819.
checkpoint_e33 window_influence: 0.48731326101872435, penalty_k: 0.20771749867577607, scale_lr: 0.18271747499310062, EAO: 0.324
Trial 265 finished with value: 0.32370093099569996 and parameters: {'window_influence': 0.48731326101872435, 'penalty_k': 0.20771749867577607, 'scale_lr': 0.18271747499310062}. Best is trial 241 with value: 0.3596595438769819.
checkpoint_e33 window_influence: 0.43374950150524638, penalty_k: 0.14647399421837318, scale_lr: 0.44699215078006521, EAO: 0.326
Trial 266 finished with value: 0.3261230071926859 and parameters: {'window_influence': 0.4337495015052464, 'penalty_k': 0.14647399421837318, 'scale_lr': 0.4469921507800652}. Best is trial 241 with value: 0.3596595438769819.
checkpoint_e33 window_influence: 0.45046252737564246, penalty_k: 0.24763460849069135, scale_lr: 0.38937149458355624, EAO: 0.344
Trial 267 finished with value: 0.3435328165612796 and parameters: {'window_influence': 0.45046252737564246, 'penalty_k': 0.24763460849069135, 'scale_lr': 0.38937149458355624}. Best is trial 241 with value: 0.3596595438769819.
checkpoint_e33 window_influence: 0.40252975598963892, penalty_k: 0.21758500912157308, scale_lr: 0.14800627184219320, EAO: 0.316
Trial 268 finished with value: 0.31562596826237926 and parameters: {'window_influence': 0.4025297559896389, 'penalty_k': 0.21758500912157308, 'scale_lr': 0.1480062718421932}. Best is trial 241 with value: 0.3596595438769819.
checkpoint_e33 window_influence: 0.49416321464201335, penalty_k: 0.02539999328032383, scale_lr: 0.20746340274523054, EAO: 0.341
Trial 269 finished with value: 0.3406497184404603 and parameters: {'window_influence': 0.49416321464201335, 'penalty_k': 0.02539999328032383, 'scale_lr': 0.20746340274523054}. Best is trial 241 with value: 0.3596595438769819.
checkpoint_e33 window_influence: 0.46930988774841603, penalty_k: 0.32300692522279828, scale_lr: 0.16557124641140397, EAO: 0.317
Trial 270 finished with value: 0.31689763376453045 and parameters: {'window_influence': 0.46930988774841603, 'penalty_k': 0.3230069252227983, 'scale_lr': 0.16557124641140397}. Best is trial 241 with value: 0.3596595438769819.
checkpoint_e33 window_influence: 0.45809510781631330, penalty_k: 0.18904486816886210, scale_lr: 0.24918100656741379, EAO: 0.333
Trial 271 finished with value: 0.33253582697434186 and parameters: {'window_influence': 0.4580951078163133, 'penalty_k': 0.1890448681688621, 'scale_lr': 0.2491810065674138}. Best is trial 241 with value: 0.3596595438769819.
checkpoint_e33 window_influence: 0.48219906858340539, penalty_k: 0.23207611913975945, scale_lr: 0.18562637164964835, EAO: 0.334
Trial 272 finished with value: 0.33441832661628723 and parameters: {'window_influence': 0.4821990685834054, 'penalty_k': 0.23207611913975945, 'scale_lr': 0.18562637164964835}. Best is trial 241 with value: 0.3596595438769819.
checkpoint_e33 window_influence: 0.42538035102977989, penalty_k: 0.20054930682255170, scale_lr: 0.13961021497574516, EAO: 0.348
Trial 273 finished with value: 0.34827531161011427 and parameters: {'window_influence': 0.4253803510297799, 'penalty_k': 0.2005493068225517, 'scale_lr': 0.13961021497574516}. Best is trial 241 with value: 0.3596595438769819.
checkpoint_e33 window_influence: 0.60252030396550071, penalty_k: 0.19766948871902662, scale_lr: 0.13219089722968913, EAO: 0.261
Trial 274 finished with value: 0.26102929878327635 and parameters: {'window_influence': 0.6025203039655007, 'penalty_k': 0.19766948871902662, 'scale_lr': 0.13219089722968913}. Best is trial 241 with value: 0.3596595438769819.
checkpoint_e33 window_influence: 0.50788120187407748, penalty_k: 0.20661008952700843, scale_lr: 0.32317898185153709, EAO: 0.322
Trial 275 finished with value: 0.3224673633561524 and parameters: {'window_influence': 0.5078812018740775, 'penalty_k': 0.20661008952700843, 'scale_lr': 0.3231789818515371}. Best is trial 241 with value: 0.3596595438769819.
checkpoint_e33 window_influence: 0.41181653665897694, penalty_k: 0.38084451193001467, scale_lr: 0.14309292181392655, EAO: 0.340
Trial 276 finished with value: 0.3402187602761191 and parameters: {'window_influence': 0.41181653665897694, 'penalty_k': 0.3808445119300147, 'scale_lr': 0.14309292181392655}. Best is trial 241 with value: 0.3596595438769819.
checkpoint_e33 window_influence: 0.44594306445901627, penalty_k: 0.17916724455075209, scale_lr: 0.15027221688867781, EAO: 0.337
Trial 277 finished with value: 0.33680697313078645 and parameters: {'window_influence': 0.44594306445901627, 'penalty_k': 0.17916724455075209, 'scale_lr': 0.1502722168886778}. Best is trial 241 with value: 0.3596595438769819.
checkpoint_e33 window_influence: 0.47312077146052389, penalty_k: 0.21876781353680413, scale_lr: 0.20308924060207070, EAO: 0.339
Trial 278 finished with value: 0.33900199511635626 and parameters: {'window_influence': 0.4731207714605239, 'penalty_k': 0.21876781353680413, 'scale_lr': 0.2030892406020707}. Best is trial 241 with value: 0.3596595438769819.
checkpoint_e33 window_influence: 0.42568708380799442, penalty_k: 0.19296925289189948, scale_lr: 0.12508762711096019, EAO: 0.333
Trial 279 finished with value: 0.333374317460023 and parameters: {'window_influence': 0.4256870838079944, 'penalty_k': 0.19296925289189948, 'scale_lr': 0.1250876271109602}. Best is trial 241 with value: 0.3596595438769819.
checkpoint_e33 window_influence: 0.39404461473471936, penalty_k: 0.21062601854894630, scale_lr: 0.16303794464345167, EAO: 0.332
Trial 280 finished with value: 0.33154501954405224 and parameters: {'window_influence': 0.39404461473471936, 'penalty_k': 0.2106260185489463, 'scale_lr': 0.16303794464345167}. Best is trial 241 with value: 0.3596595438769819.
checkpoint_e33 window_influence: 0.45960901543122595, penalty_k: 0.41016843180939822, scale_lr: 0.23344368819928007, EAO: 0.337
Trial 281 finished with value: 0.33731345443874017 and parameters: {'window_influence': 0.45960901543122595, 'penalty_k': 0.4101684318093982, 'scale_lr': 0.23344368819928007}. Best is trial 241 with value: 0.3596595438769819.
checkpoint_e33 window_influence: 0.44067814762231994, penalty_k: 0.23078964856668407, scale_lr: 0.10038688113630669, EAO: 0.327
Trial 282 finished with value: 0.3266841545990933 and parameters: {'window_influence': 0.44067814762231994, 'penalty_k': 0.23078964856668407, 'scale_lr': 0.10038688113630669}. Best is trial 241 with value: 0.3596595438769819.
checkpoint_e33 window_influence: 0.47954259162401969, penalty_k: 0.18485194091659196, scale_lr: 0.21881454845481424, EAO: 0.336
Trial 283 finished with value: 0.33605066080965423 and parameters: {'window_influence': 0.4795425916240197, 'penalty_k': 0.18485194091659196, 'scale_lr': 0.21881454845481424}. Best is trial 241 with value: 0.3596595438769819.
checkpoint_e33 window_influence: 0.45107739797179430, penalty_k: 0.22153032850584631, scale_lr: 0.19346951304598106, EAO: 0.331
