Trial 1667 finished with value: 0.30763521042547337 and parameters: {'window_influence': 0.5017391301889672, 'penalty_k': 0.272460810122903, 'scale_lr': 0.4095900351703535}. Best is trial 1136 with value: 0.3697957394188016.
checkpoint_e33 window_influence: 0.54976763908173998, penalty_k: 0.01252180140606735, scale_lr: 0.72677340545913627, EAO: 0.305
Trial 1668 finished with value: 0.30469031127510365 and parameters: {'window_influence': 0.54976763908174, 'penalty_k': 0.012521801406067352, 'scale_lr': 0.7267734054591363}. Best is trial 1136 with value: 0.3697957394188016.
checkpoint_e33 window_influence: 0.52030667880494486, penalty_k: 0.49789393461794385, scale_lr: 0.54747165972336520, EAO: 0.297
Trial 1669 finished with value: 0.2965339127101787 and parameters: {'window_influence': 0.5203066788049449, 'penalty_k': 0.49789393461794385, 'scale_lr': 0.5474716597233652}. Best is trial 1136 with value: 0.3697957394188016.
checkpoint_e33 window_influence: 0.56848292546433399, penalty_k: 0.20303824776593252, scale_lr: 0.57328318072175843, EAO: 0.280
Trial 1670 finished with value: 0.279700761465247 and parameters: {'window_influence': 0.568482925464334, 'penalty_k': 0.20303824776593252, 'scale_lr': 0.5732831807217584}. Best is trial 1136 with value: 0.3697957394188016.
checkpoint_e33 window_influence: 0.49087963394746265, penalty_k: 0.21718990243244482, scale_lr: 0.30393430918602693, EAO: 0.332
Trial 1671 finished with value: 0.33213435084439435 and parameters: {'window_influence': 0.49087963394746265, 'penalty_k': 0.21718990243244482, 'scale_lr': 0.30393430918602693}. Best is trial 1136 with value: 0.3697957394188016.
checkpoint_e33 window_influence: 0.35387843962249188, penalty_k: 0.25677110585624852, scale_lr: 0.65380523338687802, EAO: 0.313
Trial 1672 finished with value: 0.31331150523651435 and parameters: {'window_influence': 0.3538784396224919, 'penalty_k': 0.2567711058562485, 'scale_lr': 0.653805233386878}. Best is trial 1136 with value: 0.3697957394188016.
checkpoint_e33 window_influence: 0.46345892399473743, penalty_k: 0.13095096479997448, scale_lr: 0.15922576205017414, EAO: 0.358
Trial 1673 finished with value: 0.35835223381157516 and parameters: {'window_influence': 0.4634589239947374, 'penalty_k': 0.13095096479997448, 'scale_lr': 0.15922576205017414}. Best is trial 1136 with value: 0.3697957394188016.
checkpoint_e33 window_influence: 0.47909290285001771, penalty_k: 0.43513561306744103, scale_lr: 0.58962268415945862, EAO: 0.313
Trial 1674 finished with value: 0.313019669763309 and parameters: {'window_influence': 0.4790929028500177, 'penalty_k': 0.43513561306744103, 'scale_lr': 0.5896226841594586}. Best is trial 1136 with value: 0.3697957394188016.
checkpoint_e33 window_influence: 0.45186020292442641, penalty_k: 0.23645036202592407, scale_lr: 0.43282828689531688, EAO: 0.326
Trial 1675 finished with value: 0.3259968190573533 and parameters: {'window_influence': 0.4518602029244264, 'penalty_k': 0.23645036202592407, 'scale_lr': 0.4328282868953169}. Best is trial 1136 with value: 0.3697957394188016.
checkpoint_e33 window_influence: 0.40135287585932022, penalty_k: 0.18134718243397721, scale_lr: 0.40031913853117557, EAO: 0.319
Trial 1676 finished with value: 0.3187768197824983 and parameters: {'window_influence': 0.4013528758593202, 'penalty_k': 0.1813471824339772, 'scale_lr': 0.40031913853117557}. Best is trial 1136 with value: 0.3697957394188016.
checkpoint_e33 window_influence: 0.47080133347812547, penalty_k: 0.02202278930055429, scale_lr: 0.62482886564067652, EAO: 0.344
Trial 1677 finished with value: 0.34421774269541877 and parameters: {'window_influence': 0.47080133347812547, 'penalty_k': 0.02202278930055429, 'scale_lr': 0.6248288656406765}. Best is trial 1136 with value: 0.3697957394188016.
checkpoint_e33 window_influence: 0.42916015327674395, penalty_k: 0.01025203213355416, scale_lr: 0.67800874475415718, EAO: 0.330
Trial 1678 finished with value: 0.32983863336334895 and parameters: {'window_influence': 0.42916015327674395, 'penalty_k': 0.010252032133554162, 'scale_lr': 0.6780087447541572}. Best is trial 1136 with value: 0.3697957394188016.
checkpoint_e33 window_influence: 0.50258864375773649, penalty_k: 0.42140764921521823, scale_lr: 0.64119688307963396, EAO: 0.290
Trial 1679 finished with value: 0.29023118757784133 and parameters: {'window_influence': 0.5025886437577365, 'penalty_k': 0.4214076492152182, 'scale_lr': 0.641196883079634}. Best is trial 1136 with value: 0.3697957394188016.
checkpoint_e33 window_influence: 0.05897985305509723, penalty_k: 0.03191176682993418, scale_lr: 0.60176679347167050, EAO: 0.251
Trial 1680 finished with value: 0.2511111445116162 and parameters: {'window_influence': 0.05897985305509723, 'penalty_k': 0.03191176682993418, 'scale_lr': 0.6017667934716705}. Best is trial 1136 with value: 0.3697957394188016.
checkpoint_e33 window_influence: 0.08048081271495261, penalty_k: 0.28921545278912170, scale_lr: 0.11285815810171326, EAO: 0.241
Trial 1681 finished with value: 0.24072533648765504 and parameters: {'window_influence': 0.08048081271495261, 'penalty_k': 0.2892154527891217, 'scale_lr': 0.11285815810171326}. Best is trial 1136 with value: 0.3697957394188016.
checkpoint_e33 window_influence: 0.26668646771236104, penalty_k: 0.16262170050332794, scale_lr: 0.18393383185969475, EAO: 0.307
Trial 1682 finished with value: 0.3067161505788217 and parameters: {'window_influence': 0.26668646771236104, 'penalty_k': 0.16262170050332794, 'scale_lr': 0.18393383185969475}. Best is trial 1136 with value: 0.3697957394188016.
checkpoint_e33 window_influence: 0.48663676748089907, penalty_k: 0.30346250350561288, scale_lr: 0.42015939981614353, EAO: 0.308
Trial 1683 finished with value: 0.3078590739329965 and parameters: {'window_influence': 0.48663676748089907, 'penalty_k': 0.3034625035056129, 'scale_lr': 0.42015939981614353}. Best is trial 1136 with value: 0.3697957394188016.
checkpoint_e33 window_influence: 0.44201535123487634, penalty_k: 0.08979233464125938, scale_lr: 0.57857398126720572, EAO: 0.348
Trial 1684 finished with value: 0.3478000233609389 and parameters: {'window_influence': 0.44201535123487634, 'penalty_k': 0.08979233464125938, 'scale_lr': 0.5785739812672057}. Best is trial 1136 with value: 0.3697957394188016.
checkpoint_e33 window_influence: 0.45996379469425136, penalty_k: 0.14737080410865039, scale_lr: 0.52859947899132909, EAO: 0.355
Trial 1685 finished with value: 0.3552724712089806 and parameters: {'window_influence': 0.45996379469425136, 'penalty_k': 0.1473708041086504, 'scale_lr': 0.5285994789913291}. Best is trial 1136 with value: 0.3697957394188016.
checkpoint_e33 window_influence: 0.37911150996094123, penalty_k: 0.07849604281946863, scale_lr: 0.55236899884002899, EAO: 0.332
Trial 1686 finished with value: 0.3321734281829359 and parameters: {'window_influence': 0.37911150996094123, 'penalty_k': 0.07849604281946863, 'scale_lr': 0.552368998840029}. Best is trial 1136 with value: 0.3697957394188016.
checkpoint_e33 window_influence: 0.51388254617873352, penalty_k: 0.19488103254855102, scale_lr: 0.39377350223505292, EAO: 0.329
Trial 1687 finished with value: 0.32914887931096415 and parameters: {'window_influence': 0.5138825461787335, 'penalty_k': 0.19488103254855102, 'scale_lr': 0.3937735022350529}. Best is trial 1136 with value: 0.3697957394188016.
checkpoint_e33 window_influence: 0.47488853918807561, penalty_k: 0.21030248232969045, scale_lr: 0.64797039747470320, EAO: 0.341
Trial 1688 finished with value: 0.34084576565467894 and parameters: {'window_influence': 0.4748885391880756, 'penalty_k': 0.21030248232969045, 'scale_lr': 0.6479703974747032}. Best is trial 1136 with value: 0.3697957394188016.
checkpoint_e33 window_influence: 0.20934346482077770, penalty_k: 0.37813810837690165, scale_lr: 0.32173168760221349, EAO: 0.274
Trial 1689 finished with value: 0.2744901908510854 and parameters: {'window_influence': 0.2093434648207777, 'penalty_k': 0.37813810837690165, 'scale_lr': 0.3217316876022135}. Best is trial 1136 with value: 0.3697957394188016.
checkpoint_e33 window_influence: 0.49165671939774969, penalty_k: 0.03742461250913540, scale_lr: 0.12340278127380039, EAO: 0.345
Trial 1690 finished with value: 0.3452287014820232 and parameters: {'window_influence': 0.4916567193977497, 'penalty_k': 0.037424612509135396, 'scale_lr': 0.12340278127380039}. Best is trial 1136 with value: 0.3697957394188016.
checkpoint_e33 window_influence: 0.41294105158482891, penalty_k: 0.01995246811910199, scale_lr: 0.70153425321362506, EAO: 0.344
Trial 1691 finished with value: 0.3444371087773765 and parameters: {'window_influence': 0.4129410515848289, 'penalty_k': 0.019952468119101986, 'scale_lr': 0.7015342532136251}. Best is trial 1136 with value: 0.3697957394188016.
checkpoint_e33 window_influence: 0.54282999368332352, penalty_k: 0.05449330530893971, scale_lr: 0.56273775523413372, EAO: 0.296
Trial 1692 finished with value: 0.2960218731531373 and parameters: {'window_influence': 0.5428299936833235, 'penalty_k': 0.05449330530893971, 'scale_lr': 0.5627377552341337}. Best is trial 1136 with value: 0.3697957394188016.
checkpoint_e33 window_influence: 0.21593319338294703, penalty_k: 0.22692767974840997, scale_lr: 0.42536457733371441, EAO: 0.296
Trial 1693 finished with value: 0.29578548768383056 and parameters: {'window_influence': 0.21593319338294703, 'penalty_k': 0.22692767974840997, 'scale_lr': 0.4253645773337144}. Best is trial 1136 with value: 0.3697957394188016.
checkpoint_e33 window_influence: 0.05033844608438487, penalty_k: 0.00043243901297621, scale_lr: 0.43943353918029843, EAO: 0.255
Trial 1694 finished with value: 0.25508612527689584 and parameters: {'window_influence': 0.05033844608438487, 'penalty_k': 0.0004324390129762101, 'scale_lr': 0.4394335391802984}. Best is trial 1136 with value: 0.3697957394188016.
checkpoint_e33 window_influence: 0.45360585418328581, penalty_k: 0.10066896212157568, scale_lr: 0.38384402090205072, EAO: 0.344
Trial 1695 finished with value: 0.3438961360936963 and parameters: {'window_influence': 0.4536058541832858, 'penalty_k': 0.10066896212157568, 'scale_lr': 0.3838440209020507}. Best is trial 1136 with value: 0.3697957394188016.
checkpoint_e33 window_influence: 0.52722116457943591, penalty_k: 0.06301524837088124, scale_lr: 0.66462385522161294, EAO: 0.309
Trial 1696 finished with value: 0.3092140342590874 and parameters: {'window_influence': 0.5272211645794359, 'penalty_k': 0.06301524837088124, 'scale_lr': 0.6646238552216129}. Best is trial 1136 with value: 0.3697957394188016.
checkpoint_e33 window_influence: 0.46830661577506383, penalty_k: 0.39109415046440477, scale_lr: 0.60257952751072219, EAO: 0.321
Trial 1697 finished with value: 0.32076088800040664 and parameters: {'window_influence': 0.46830661577506383, 'penalty_k': 0.39109415046440477, 'scale_lr': 0.6025795275107222}. Best is trial 1136 with value: 0.3697957394188016.
checkpoint_e33 window_influence: 0.48126318861081774, penalty_k: 0.50744922005586712, scale_lr: 0.14399418834776501, EAO: 0.292
Trial 1698 finished with value: 0.2921314793801957 and parameters: {'window_influence': 0.48126318861081774, 'penalty_k': 0.5074492200558671, 'scale_lr': 0.143994188347765}. Best is trial 1136 with value: 0.3697957394188016.
checkpoint_e33 window_influence: 0.13391593480088479, penalty_k: 0.44987155344809626, scale_lr: 0.72049057306183983, EAO: 0.265
Trial 1699 finished with value: 0.26488304346915814 and parameters: {'window_influence': 0.1339159348008848, 'penalty_k': 0.44987155344809626, 'scale_lr': 0.7204905730618398}. Best is trial 1136 with value: 0.3697957394188016.
checkpoint_e33 window_influence: 0.50002521062727956, penalty_k: 0.12691847959339927, scale_lr: 0.54165221186047796, EAO: 0.332
Trial 1700 finished with value: 0.33237035729078 and parameters: {'window_influence': 0.5000252106272796, 'penalty_k': 0.12691847959339927, 'scale_lr': 0.541652211860478}. Best is trial 1136 with value: 0.3697957394188016.
checkpoint_e33 window_influence: 0.31801656078642104, penalty_k: 0.18634601291587993, scale_lr: 0.61849025569601357, EAO: 0.304
Trial 1701 finished with value: 0.3044072271900882 and parameters: {'window_influence': 0.31801656078642104, 'penalty_k': 0.18634601291587993, 'scale_lr': 0.6184902556960136}. Best is trial 1136 with value: 0.3697957394188016.
checkpoint_e33 window_influence: 0.44142135059526283, penalty_k: 0.40909323035922496, scale_lr: 0.27796397057276973, EAO: 0.317
Trial 1702 finished with value: 0.3171731129230692 and parameters: {'window_influence': 0.44142135059526283, 'penalty_k': 0.40909323035922496, 'scale_lr': 0.2779639705727697}. Best is trial 1136 with value: 0.3697957394188016.
checkpoint_e33 window_influence: 0.46705836696940761, penalty_k: 0.35096587681904101, scale_lr: 0.68523166095627253, EAO: 0.325
Trial 1703 finished with value: 0.32510950100329133 and parameters: {'window_influence': 0.4670583669694076, 'penalty_k': 0.350965876819041, 'scale_lr': 0.6852316609562725}. Best is trial 1136 with value: 0.3697957394188016.
checkpoint_e33 window_influence: 0.48756169613067751, penalty_k: 0.17308756574232370, scale_lr: 0.35174668946507082, EAO: 0.335
Trial 1704 finished with value: 0.3350301751366849 and parameters: {'window_influence': 0.4875616961306775, 'penalty_k': 0.1730875657423237, 'scale_lr': 0.3517466894650708}. Best is trial 1136 with value: 0.3697957394188016.
checkpoint_e33 window_influence: 0.51020048060926926, penalty_k: 0.53897713309032980, scale_lr: 0.31765181522646779, EAO: 0.282
Trial 1705 finished with value: 0.2822468291808659 and parameters: {'window_influence': 0.5102004806092693, 'penalty_k': 0.5389771330903298, 'scale_lr': 0.3176518152264678}. Best is trial 1136 with value: 0.3697957394188016.
checkpoint_e33 window_influence: 0.45553839130391355, penalty_k: 0.02756723001368134, scale_lr: 0.40809500507764507, EAO: 0.335
Trial 1706 finished with value: 0.3352509900521675 and parameters: {'window_influence': 0.45553839130391355, 'penalty_k': 0.02756723001368134, 'scale_lr': 0.40809500507764507}. Best is trial 1136 with value: 0.3697957394188016.
checkpoint_e33 window_influence: 0.47740047677670144, penalty_k: 0.07406049666687967, scale_lr: 0.19109547624813281, EAO: 0.347
Trial 1707 finished with value: 0.34713438095285737 and parameters: {'window_influence': 0.47740047677670144, 'penalty_k': 0.07406049666687967, 'scale_lr': 0.1910954762481328}. Best is trial 1136 with value: 0.3697957394188016.
checkpoint_e33 window_influence: 0.49672507986033443, penalty_k: 0.29524682522264867, scale_lr: 0.37086565993037396, EAO: 0.330
Trial 1708 finished with value: 0.33022466452669075 and parameters: {'window_influence': 0.49672507986033443, 'penalty_k': 0.29524682522264867, 'scale_lr': 0.37086565993037396}. Best is trial 1136 with value: 0.3697957394188016.
checkpoint_e33 window_influence: 0.43396583599968275, penalty_k: 0.04598801554535880, scale_lr: 0.46085419375206438, EAO: 0.339
Trial 1709 finished with value: 0.3385987169315843 and parameters: {'window_influence': 0.43396583599968275, 'penalty_k': 0.0459880155453588, 'scale_lr': 0.4608541937520644}. Best is trial 1136 with value: 0.3697957394188016.
checkpoint_e33 window_influence: 0.46326088519229158, penalty_k: 0.14132426145614457, scale_lr: 0.52479044020788523, EAO: 0.350
Trial 1710 finished with value: 0.3496699250857654 and parameters: {'window_influence': 0.4632608851922916, 'penalty_k': 0.14132426145614457, 'scale_lr': 0.5247904402078852}. Best is trial 1136 with value: 0.3697957394188016.
checkpoint_e33 window_influence: 0.12385558199335278, penalty_k: 0.32488539224581042, scale_lr: 0.58590109871530194, EAO: 0.261
Trial 1711 finished with value: 0.2614052716628123 and parameters: {'window_influence': 0.12385558199335278, 'penalty_k': 0.3248853922458104, 'scale_lr': 0.5859010987153019}. Best is trial 1136 with value: 0.3697957394188016.
checkpoint_e33 window_influence: 0.47918862608995039, penalty_k: 0.01583518708736301, scale_lr: 0.29825191034982745, EAO: 0.340
Trial 1712 finished with value: 0.34033661640107865 and parameters: {'window_influence': 0.4791886260899504, 'penalty_k': 0.015835187087363006, 'scale_lr': 0.29825191034982745}. Best is trial 1136 with value: 0.3697957394188016.
checkpoint_e33 window_influence: 0.42126406203227684, penalty_k: 0.16457701686592513, scale_lr: 0.56259014757220560, EAO: 0.344
Trial 1713 finished with value: 0.34442431511582106 and parameters: {'window_influence': 0.42126406203227684, 'penalty_k': 0.16457701686592513, 'scale_lr': 0.5625901475722056}. Best is trial 1136 with value: 0.3697957394188016.
checkpoint_e33 window_influence: 0.44898717249732512, penalty_k: 0.37079602364555275, scale_lr: 0.16701667785334690, EAO: 0.338
Trial 1714 finished with value: 0.33839534565168594 and parameters: {'window_influence': 0.4489871724973251, 'penalty_k': 0.37079602364555275, 'scale_lr': 0.1670166778533469}. Best is trial 1136 with value: 0.3697957394188016.
checkpoint_e33 window_influence: 0.56385884114548146, penalty_k: 0.51398868428548383, scale_lr: 0.42772981968125862, EAO: 0.249
Trial 1715 finished with value: 0.24926304005463298 and parameters: {'window_influence': 0.5638588411454815, 'penalty_k': 0.5139886842854838, 'scale_lr': 0.4277298196812586}. Best is trial 1136 with value: 0.3697957394188016.
checkpoint_e33 window_influence: 0.14766063668363330, penalty_k: 0.28274242166723063, scale_lr: 0.63147424974207977, EAO: 0.271
Trial 1716 finished with value: 0.2710835161376092 and parameters: {'window_influence': 0.1476606366836333, 'penalty_k': 0.2827424216672306, 'scale_lr': 0.6314742497420798}. Best is trial 1136 with value: 0.3697957394188016.
checkpoint_e33 window_influence: 0.52245584461208383, penalty_k: 0.08778153197533084, scale_lr: 0.44031882617949314, EAO: 0.325
Trial 1717 finished with value: 0.32482499452416536 and parameters: {'window_influence': 0.5224558446120838, 'penalty_k': 0.08778153197533084, 'scale_lr': 0.44031882617949314}. Best is trial 1136 with value: 0.3697957394188016.
checkpoint_e33 window_influence: 0.49048007469734201, penalty_k: 0.03260447744476261, scale_lr: 0.40102174415330227, EAO: 0.333
Trial 1718 finished with value: 0.33285971896193833 and parameters: {'window_influence': 0.490480074697342, 'penalty_k': 0.03260447744476261, 'scale_lr': 0.4010217441533023}. Best is trial 1136 with value: 0.3697957394188016.
checkpoint_e33 window_influence: 0.50436748336827586, penalty_k: 0.26381746040469456, scale_lr: 0.51340679815780166, EAO: 0.314
Trial 1719 finished with value: 0.3136394686620059 and parameters: {'window_influence': 0.5043674833682759, 'penalty_k': 0.26381746040469456, 'scale_lr': 0.5134067981578017}. Best is trial 1136 with value: 0.3697957394188016.
checkpoint_e33 window_influence: 0.19402226213144813, penalty_k: 0.46844610471900205, scale_lr: 0.57312916723969820, EAO: 0.269
Trial 1720 finished with value: 0.26859666754995337 and parameters: {'window_influence': 0.19402226213144813, 'penalty_k': 0.46844610471900205, 'scale_lr': 0.5731291672396982}. Best is trial 1136 with value: 0.3697957394188016.
checkpoint_e33 window_influence: 0.46468422471188292, penalty_k: 0.04966885654807492, scale_lr: 0.65939433021880856, EAO: 0.363
Trial 1721 finished with value: 0.36254501110848747 and parameters: {'window_influence': 0.4646842247118829, 'penalty_k': 0.04966885654807492, 'scale_lr': 0.6593943302188086}. Best is trial 1136 with value: 0.3697957394188016.
checkpoint_e33 window_influence: 0.25230187590357078, penalty_k: 0.34034714505648112, scale_lr: 0.65768283336557409, EAO: 0.297
Trial 1722 finished with value: 0.2971732303326232 and parameters: {'window_influence': 0.2523018759035708, 'penalty_k': 0.3403471450564811, 'scale_lr': 0.6576828333655741}. Best is trial 1136 with value: 0.3697957394188016.
checkpoint_e33 window_influence: 0.44512525055846081, penalty_k: 0.04498967421377940, scale_lr: 0.64798399673190998, EAO: 0.330
Trial 1723 finished with value: 0.3300229364332058 and parameters: {'window_influence': 0.4451252505584608, 'penalty_k': 0.044989674213779404, 'scale_lr': 0.64798399673191}. Best is trial 1136 with value: 0.3697957394188016.
checkpoint_e33 window_influence: 0.10202770612805140, penalty_k: 0.05128447881872039, scale_lr: 0.66425444188122118, EAO: 0.262
Trial 1724 finished with value: 0.26238038196637936 and parameters: {'window_influence': 0.1020277061280514, 'penalty_k': 0.05128447881872039, 'scale_lr': 0.6642544418812212}. Best is trial 1136 with value: 0.3697957394188016.
checkpoint_e33 window_influence: 0.47378728607247139, penalty_k: 0.03752074857641272, scale_lr: 0.64166999009513992, EAO: 0.363
Trial 1725 finished with value: 0.3628184870755162 and parameters: {'window_influence': 0.4737872860724714, 'penalty_k': 0.037520748576412716, 'scale_lr': 0.6416699900951399}. Best is trial 1136 with value: 0.3697957394188016.
checkpoint_e33 window_influence: 0.48659942303558773, penalty_k: 0.03596355991607626, scale_lr: 0.63633508526267402, EAO: 0.328
Trial 1726 finished with value: 0.32772753639907687 and parameters: {'window_influence': 0.48659942303558773, 'penalty_k': 0.035963559916076256, 'scale_lr': 0.636335085262674}. Best is trial 1136 with value: 0.3697957394188016.
checkpoint_e33 window_influence: 0.51001265689885400, penalty_k: 0.03416015298510955, scale_lr: 0.65022044925793032, EAO: 0.348
Trial 1727 finished with value: 0.347716500207144 and parameters: {'window_influence': 0.510012656898854, 'penalty_k': 0.03416015298510955, 'scale_lr': 0.6502204492579303}. Best is trial 1136 with value: 0.3697957394188016.
checkpoint_e33 window_influence: 0.47900559124891223, penalty_k: 0.02394238753819009, scale_lr: 0.62796184856347981, EAO: 0.327
Trial 1728 finished with value: 0.32701139691274916 and parameters: {'window_influence': 0.47900559124891223, 'penalty_k': 0.023942387538190085, 'scale_lr': 0.6279618485634798}. Best is trial 1136 with value: 0.3697957394188016.
checkpoint_e33 window_influence: 0.49208243084347308, penalty_k: 0.04004269290953419, scale_lr: 0.63918297699244842, EAO: 0.348
