Trial 3174 finished with value: 0.33811152920648746 and parameters: {'window_influence': 0.42994397528942707, 'penalty_k': 0.16647742204235239, 'scale_lr': 0.3418488579926975}. Best is trial 1674 with value: 0.38142600678748195.
checkpoint_e33 window_influence: 0.48892865473173280, penalty_k: 0.11027806881964716, scale_lr: 0.59358955202190156, EAO: 0.346
Trial 3175 finished with value: 0.3459538622588963 and parameters: {'window_influence': 0.4889286547317328, 'penalty_k': 0.11027806881964716, 'scale_lr': 0.5935895520219016}. Best is trial 1674 with value: 0.38142600678748195.
checkpoint_e33 window_influence: 0.41004381257847633, penalty_k: 0.13649200178610735, scale_lr: 0.71409787175889805, EAO: 0.321
Trial 3176 finished with value: 0.32089566993110374 and parameters: {'window_influence': 0.41004381257847633, 'penalty_k': 0.13649200178610735, 'scale_lr': 0.714097871758898}. Best is trial 1674 with value: 0.38142600678748195.
checkpoint_e33 window_influence: 0.50460954048328921, penalty_k: 0.06866838539984507, scale_lr: 0.51473841842658863, EAO: 0.355
Trial 3177 finished with value: 0.3553187847137451 and parameters: {'window_influence': 0.5046095404832892, 'penalty_k': 0.06866838539984507, 'scale_lr': 0.5147384184265886}. Best is trial 1674 with value: 0.38142600678748195.
checkpoint_e33 window_influence: 0.29534164853697176, penalty_k: 0.09028288174748322, scale_lr: 0.26504937005873824, EAO: 0.285
Trial 3178 finished with value: 0.2851015120048931 and parameters: {'window_influence': 0.29534164853697176, 'penalty_k': 0.09028288174748322, 'scale_lr': 0.26504937005873824}. Best is trial 1674 with value: 0.38142600678748195.
checkpoint_e33 window_influence: 0.11472204345359452, penalty_k: 0.15024628016369732, scale_lr: 0.54324450208403197, EAO: 0.272
Trial 3179 finished with value: 0.2716034749950416 and parameters: {'window_influence': 0.11472204345359452, 'penalty_k': 0.15024628016369732, 'scale_lr': 0.543244502084032}. Best is trial 1674 with value: 0.38142600678748195.
checkpoint_e33 window_influence: 0.15168056550897216, penalty_k: 0.29367388765714303, scale_lr: 0.36198365327158488, EAO: 0.261
Trial 3180 finished with value: 0.2610605339943667 and parameters: {'window_influence': 0.15168056550897216, 'penalty_k': 0.29367388765714303, 'scale_lr': 0.3619836532715849}. Best is trial 1674 with value: 0.38142600678748195.
checkpoint_e33 window_influence: 0.26124020256491332, penalty_k: 0.36802804145160573, scale_lr: 0.15456906937530607, EAO: 0.307
Trial 3181 finished with value: 0.3074352214772414 and parameters: {'window_influence': 0.2612402025649133, 'penalty_k': 0.3680280414516057, 'scale_lr': 0.15456906937530607}. Best is trial 1674 with value: 0.38142600678748195.
checkpoint_e33 window_influence: 0.44153095981633139, penalty_k: 0.48118554651494638, scale_lr: 0.76385121083543717, EAO: 0.320
Trial 3182 finished with value: 0.31990680249284675 and parameters: {'window_influence': 0.4415309598163314, 'penalty_k': 0.4811855465149464, 'scale_lr': 0.7638512108354372}. Best is trial 1674 with value: 0.38142600678748195.
checkpoint_e33 window_influence: 0.61764278965480701, penalty_k: 0.01915122921212851, scale_lr: 0.31068387219654875, EAO: 0.261
Trial 3183 finished with value: 0.2612148458391776 and parameters: {'window_influence': 0.617642789654807, 'penalty_k': 0.019151229212128508, 'scale_lr': 0.31068387219654875}. Best is trial 1674 with value: 0.38142600678748195.
checkpoint_e33 window_influence: 0.63276606027496207, penalty_k: 0.20154217722089110, scale_lr: 0.46864456874303911, EAO: 0.240
Trial 3184 finished with value: 0.2403615307251303 and parameters: {'window_influence': 0.6327660602749621, 'penalty_k': 0.2015421772208911, 'scale_lr': 0.4686445687430391}. Best is trial 1674 with value: 0.38142600678748195.
checkpoint_e33 window_influence: 0.48083004908375732, penalty_k: 0.05712209615994258, scale_lr: 0.62076733091092340, EAO: 0.346
Trial 3185 finished with value: 0.3460194098578353 and parameters: {'window_influence': 0.4808300490837573, 'penalty_k': 0.057122096159942584, 'scale_lr': 0.6207673309109234}. Best is trial 1674 with value: 0.38142600678748195.
checkpoint_e33 window_influence: 0.55437810859851810, penalty_k: 0.53799477800810869, scale_lr: 0.74809116614699533, EAO: 0.261
Trial 3186 finished with value: 0.2606809171141354 and parameters: {'window_influence': 0.5543781085985181, 'penalty_k': 0.5379947780081087, 'scale_lr': 0.7480911661469953}. Best is trial 1674 with value: 0.38142600678748195.
checkpoint_e33 window_influence: 0.46645253530861269, penalty_k: 0.42359093927403019, scale_lr: 0.48622331508337152, EAO: 0.318
Trial 3187 finished with value: 0.3183851936100058 and parameters: {'window_influence': 0.4664525353086127, 'penalty_k': 0.4235909392740302, 'scale_lr': 0.4862233150833715}. Best is trial 1674 with value: 0.38142600678748195.
checkpoint_e33 window_influence: 0.49399239823099639, penalty_k: 0.17223883105682622, scale_lr: 0.45589061862534758, EAO: 0.340
Trial 3188 finished with value: 0.3399946832239396 and parameters: {'window_influence': 0.4939923982309964, 'penalty_k': 0.17223883105682622, 'scale_lr': 0.4558906186253476}. Best is trial 1674 with value: 0.38142600678748195.
checkpoint_e33 window_influence: 0.60978244128155656, penalty_k: 0.35622684456883780, scale_lr: 0.42366678503788641, EAO: 0.247
Trial 3189 finished with value: 0.24732229757169805 and parameters: {'window_influence': 0.6097824412815566, 'penalty_k': 0.3562268445688378, 'scale_lr': 0.4236667850378864}. Best is trial 1674 with value: 0.38142600678748195.
checkpoint_e33 window_influence: 0.50916332612445925, penalty_k: 0.03868986021113321, scale_lr: 0.22438989513286375, EAO: 0.309
Trial 3190 finished with value: 0.3094680431635927 and parameters: {'window_influence': 0.5091633261244592, 'penalty_k': 0.03868986021113321, 'scale_lr': 0.22438989513286375}. Best is trial 1674 with value: 0.38142600678748195.
checkpoint_e33 window_influence: 0.53926158183195727, penalty_k: 0.55000825262423692, scale_lr: 0.57271960538692757, EAO: 0.281
Trial 3191 finished with value: 0.2806439265782731 and parameters: {'window_influence': 0.5392615818319573, 'penalty_k': 0.5500082526242369, 'scale_lr': 0.5727196053869276}. Best is trial 1674 with value: 0.38142600678748195.
checkpoint_e33 window_influence: 0.47457047373689493, penalty_k: 0.07709818646018318, scale_lr: 0.36907505487034176, EAO: 0.360
Trial 3192 finished with value: 0.35957523797736557 and parameters: {'window_influence': 0.4745704737368949, 'penalty_k': 0.07709818646018318, 'scale_lr': 0.36907505487034176}. Best is trial 1674 with value: 0.38142600678748195.
checkpoint_e33 window_influence: 0.45302668292811255, penalty_k: 0.11892817546658047, scale_lr: 0.60239047307641136, EAO: 0.334
Trial 3193 finished with value: 0.33363173536753377 and parameters: {'window_influence': 0.45302668292811255, 'penalty_k': 0.11892817546658047, 'scale_lr': 0.6023904730764114}. Best is trial 1674 with value: 0.38142600678748195.
checkpoint_e33 window_influence: 0.37874382023228542, penalty_k: 0.26500736824472465, scale_lr: 0.28364369903501618, EAO: 0.302
Trial 3194 finished with value: 0.30157530284577305 and parameters: {'window_influence': 0.3787438202322854, 'penalty_k': 0.26500736824472465, 'scale_lr': 0.2836436990350162}. Best is trial 1674 with value: 0.38142600678748195.
checkpoint_e33 window_influence: 0.49564917792237989, penalty_k: 0.52223197347632078, scale_lr: 0.63823655542737190, EAO: 0.300
Trial 3195 finished with value: 0.2996947427899921 and parameters: {'window_influence': 0.4956491779223799, 'penalty_k': 0.5222319734763208, 'scale_lr': 0.6382365554273719}. Best is trial 1674 with value: 0.38142600678748195.
checkpoint_e33 window_influence: 0.22465797614170213, penalty_k: 0.10077917811184907, scale_lr: 0.19591164083684151, EAO: 0.288
Trial 3196 finished with value: 0.2884903481730227 and parameters: {'window_influence': 0.22465797614170213, 'penalty_k': 0.10077917811184907, 'scale_lr': 0.1959116408368415}. Best is trial 1674 with value: 0.38142600678748195.
checkpoint_e33 window_influence: 0.51939874214449411, penalty_k: 0.02608276761693950, scale_lr: 0.77499416321618975, EAO: 0.333
Trial 3197 finished with value: 0.3330628868438854 and parameters: {'window_influence': 0.5193987421444941, 'penalty_k': 0.0260827676169395, 'scale_lr': 0.7749941632161897}. Best is trial 1674 with value: 0.38142600678748195.
checkpoint_e33 window_influence: 0.48346240480461150, penalty_k: 0.05199127958369232, scale_lr: 0.66191280210678827, EAO: 0.351
Trial 3198 finished with value: 0.35055390951234544 and parameters: {'window_influence': 0.4834624048046115, 'penalty_k': 0.051991279583692325, 'scale_lr': 0.6619128021067883}. Best is trial 1674 with value: 0.38142600678748195.
checkpoint_e33 window_influence: 0.50293434856761987, penalty_k: 0.21472277493962955, scale_lr: 0.50598155882138951, EAO: 0.336
Trial 3199 finished with value: 0.33639282881053967 and parameters: {'window_influence': 0.5029343485676199, 'penalty_k': 0.21472277493962955, 'scale_lr': 0.5059815588213895}. Best is trial 1674 with value: 0.38142600678748195.
checkpoint_e33 window_influence: 0.46543510175966368, penalty_k: 0.18842377498203736, scale_lr: 0.53641643275067807, EAO: 0.345
Trial 3200 finished with value: 0.3454733072319847 and parameters: {'window_influence': 0.4654351017596637, 'penalty_k': 0.18842377498203736, 'scale_lr': 0.5364164327506781}. Best is trial 1674 with value: 0.38142600678748195.
checkpoint_e33 window_influence: 0.58304836276781624, penalty_k: 0.14238437512217839, scale_lr: 0.55787563186273770, EAO: 0.263
Trial 3201 finished with value: 0.26346043279894593 and parameters: {'window_influence': 0.5830483627678162, 'penalty_k': 0.14238437512217839, 'scale_lr': 0.5578756318627377}. Best is trial 1674 with value: 0.38142600678748195.
checkpoint_e33 window_influence: 0.08516588635105637, penalty_k: 0.06941924174358276, scale_lr: 0.43947236942823792, EAO: 0.263
Trial 3202 finished with value: 0.26261658375133334 and parameters: {'window_influence': 0.08516588635105637, 'penalty_k': 0.06941924174358276, 'scale_lr': 0.4394723694282379}. Best is trial 1674 with value: 0.38142600678748195.
checkpoint_e33 window_influence: 0.42386063240522165, penalty_k: 0.12654868859412491, scale_lr: 0.12613223261322939, EAO: 0.355
Trial 3203 finished with value: 0.3554984106164034 and parameters: {'window_influence': 0.42386063240522165, 'penalty_k': 0.1265486885941249, 'scale_lr': 0.1261322326132294}. Best is trial 1674 with value: 0.38142600678748195.
checkpoint_e33 window_influence: 0.52580670498983961, penalty_k: 0.16175650330937105, scale_lr: 0.49224478420185369, EAO: 0.310
Trial 3204 finished with value: 0.31030289556265805 and parameters: {'window_influence': 0.5258067049898396, 'penalty_k': 0.16175650330937105, 'scale_lr': 0.4922447842018537}. Best is trial 1674 with value: 0.38142600678748195.
checkpoint_e33 window_influence: 0.45120572505674900, penalty_k: 0.09052018414566523, scale_lr: 0.71926289161047929, EAO: 0.328
Trial 3205 finished with value: 0.32798423470226246 and parameters: {'window_influence': 0.451205725056749, 'penalty_k': 0.09052018414566523, 'scale_lr': 0.7192628916104793}. Best is trial 1674 with value: 0.38142600678748195.
checkpoint_e33 window_influence: 0.48512822730694266, penalty_k: 0.22811112702971051, scale_lr: 0.52449896837082854, EAO: 0.336
Trial 3206 finished with value: 0.33596419337194716 and parameters: {'window_influence': 0.48512822730694266, 'penalty_k': 0.2281111270297105, 'scale_lr': 0.5244989683708285}. Best is trial 1674 with value: 0.38142600678748195.
Trial 3207 failed with parameters: {'window_influence': 0.4710244216995983, 'penalty_k': 0.5758390680254837, 'scale_lr': 0.5080933691947589} because of the following error: KeyboardInterrupt().
Traceback (most recent call last):
  File "/home/n26092289/anaconda3/envs/my_siamban/lib/python3.7/site-packages/optuna/study/_optimize.py", line 200, in _run_trial
    value_or_values = func(trial)
  File "../../tools/tune.py", line 269, in objective
    outputs = tracker.track(img)
  File "../../tools/tune.py", line 127, in track
    score = self._convert_score(outputs['cls'])
  File "../../tools/tune.py", line 75, in _convert_score
    score = score.softmax(1).detach()[:, 1].cpu().numpy()
KeyboardInterrupt
Trial 3207 failed with value None.
