Trial 1012 finished with value: 0.3364332342658061 and parameters: {'window_influence': 0.5129018263005082, 'penalty_k': 0.10130351332566964, 'scale_lr': 0.184473521835618}. Best is trial 164 with value: 0.3660086329577034.
checkpoint_e29 window_influence: 0.48047155843088851, penalty_k: 0.08582554113818881, scale_lr: 0.12018831461885776, EAO: 0.344
Trial 1013 finished with value: 0.344198464651516 and parameters: {'window_influence': 0.4804715584308885, 'penalty_k': 0.08582554113818881, 'scale_lr': 0.12018831461885776}. Best is trial 164 with value: 0.3660086329577034.
checkpoint_e29 window_influence: 0.51717268454913345, penalty_k: 0.10027474045359963, scale_lr: 0.20416602772734410, EAO: 0.347
Trial 1014 finished with value: 0.34721423111537086 and parameters: {'window_influence': 0.5171726845491335, 'penalty_k': 0.10027474045359963, 'scale_lr': 0.2041660277273441}. Best is trial 164 with value: 0.3660086329577034.
checkpoint_e29 window_influence: 0.06699800871476502, penalty_k: 0.10904019818622211, scale_lr: 0.29874547819660752, EAO: 0.251
Trial 1015 finished with value: 0.25053107176077505 and parameters: {'window_influence': 0.06699800871476502, 'penalty_k': 0.10904019818622211, 'scale_lr': 0.2987454781966075}. Best is trial 164 with value: 0.3660086329577034.
checkpoint_e29 window_influence: 0.64873558264119002, penalty_k: 0.16912289442238465, scale_lr: 0.16108044429799687, EAO: 0.239
Trial 1016 finished with value: 0.23892937768758038 and parameters: {'window_influence': 0.64873558264119, 'penalty_k': 0.16912289442238465, 'scale_lr': 0.16108044429799687}. Best is trial 164 with value: 0.3660086329577034.
checkpoint_e29 window_influence: 0.47910614719505029, penalty_k: 0.18399085417994199, scale_lr: 0.18292665379434453, EAO: 0.337
Trial 1017 finished with value: 0.33735772091822863 and parameters: {'window_influence': 0.4791061471950503, 'penalty_k': 0.183990854179942, 'scale_lr': 0.18292665379434453}. Best is trial 164 with value: 0.3660086329577034.
checkpoint_e29 window_influence: 0.48249801995030861, penalty_k: 0.08961637968572603, scale_lr: 0.30499836897325006, EAO: 0.329
Trial 1018 finished with value: 0.328851901951467 and parameters: {'window_influence': 0.4824980199503086, 'penalty_k': 0.08961637968572603, 'scale_lr': 0.30499836897325006}. Best is trial 164 with value: 0.3660086329577034.
checkpoint_e29 window_influence: 0.53995809551165319, penalty_k: 0.10531732962531694, scale_lr: 0.10230772667951012, EAO: 0.314
Trial 1019 finished with value: 0.3137897606141836 and parameters: {'window_influence': 0.5399580955116532, 'penalty_k': 0.10531732962531694, 'scale_lr': 0.10230772667951012}. Best is trial 164 with value: 0.3660086329577034.
checkpoint_e29 window_influence: 0.52559806887710769, penalty_k: 0.22527335660441841, scale_lr: 0.29864371679623891, EAO: 0.309
Trial 1020 finished with value: 0.308625436246627 and parameters: {'window_influence': 0.5255980688771077, 'penalty_k': 0.2252733566044184, 'scale_lr': 0.2986437167962389}. Best is trial 164 with value: 0.3660086329577034.
checkpoint_e29 window_influence: 0.48597454002176871, penalty_k: 0.06466884949959778, scale_lr: 0.15973697030459352, EAO: 0.355
Trial 1021 finished with value: 0.35499046702329284 and parameters: {'window_influence': 0.4859745400217687, 'penalty_k': 0.06466884949959778, 'scale_lr': 0.15973697030459352}. Best is trial 164 with value: 0.3660086329577034.
checkpoint_e29 window_influence: 0.46794371304591370, penalty_k: 0.06286824432708436, scale_lr: 0.27547682800287931, EAO: 0.356
Trial 1022 finished with value: 0.3560922370810453 and parameters: {'window_influence': 0.4679437130459137, 'penalty_k': 0.06286824432708436, 'scale_lr': 0.2754768280028793}. Best is trial 164 with value: 0.3660086329577034.
checkpoint_e29 window_influence: 0.22837021903377733, penalty_k: 0.06820887206387807, scale_lr: 0.17219597918829893, EAO: 0.299
Trial 1023 finished with value: 0.2994985708002914 and parameters: {'window_influence': 0.22837021903377733, 'penalty_k': 0.06820887206387807, 'scale_lr': 0.17219597918829893}. Best is trial 164 with value: 0.3660086329577034.
checkpoint_e29 window_influence: 0.48923123166648497, penalty_k: 0.06519404254873673, scale_lr: 0.23209911932895361, EAO: 0.344
Trial 1024 finished with value: 0.34428224153091935 and parameters: {'window_influence': 0.48923123166648497, 'penalty_k': 0.06519404254873673, 'scale_lr': 0.2320991193289536}. Best is trial 164 with value: 0.3660086329577034.
checkpoint_e29 window_influence: 0.46942554444885437, penalty_k: 0.05448087702662915, scale_lr: 0.21228821499688252, EAO: 0.341
Trial 1025 finished with value: 0.3409405415624032 and parameters: {'window_influence': 0.46942554444885437, 'penalty_k': 0.054480877026629154, 'scale_lr': 0.21228821499688252}. Best is trial 164 with value: 0.3660086329577034.
checkpoint_e29 window_influence: 0.47388199154153227, penalty_k: 0.07325632603233338, scale_lr: 0.32452746771444385, EAO: 0.319
Trial 1026 finished with value: 0.31870510536409075 and parameters: {'window_influence': 0.47388199154153227, 'penalty_k': 0.07325632603233338, 'scale_lr': 0.32452746771444385}. Best is trial 164 with value: 0.3660086329577034.
checkpoint_e29 window_influence: 0.49872920515027497, penalty_k: 0.05317760134837472, scale_lr: 0.34260888161725911, EAO: 0.336
Trial 1027 finished with value: 0.33566404165924757 and parameters: {'window_influence': 0.49872920515027497, 'penalty_k': 0.053177601348374716, 'scale_lr': 0.3426088816172591}. Best is trial 164 with value: 0.3660086329577034.
checkpoint_e29 window_influence: 0.46720778964300363, penalty_k: 0.07457024107461017, scale_lr: 0.25120975530384732, EAO: 0.336
Trial 1028 finished with value: 0.3361573222778187 and parameters: {'window_influence': 0.46720778964300363, 'penalty_k': 0.07457024107461017, 'scale_lr': 0.2512097553038473}. Best is trial 164 with value: 0.3660086329577034.
checkpoint_e29 window_influence: 0.48479195581118029, penalty_k: 0.08310155243997207, scale_lr: 0.25101015457927384, EAO: 0.339
Trial 1029 finished with value: 0.33903504090550346 and parameters: {'window_influence': 0.4847919558111803, 'penalty_k': 0.08310155243997207, 'scale_lr': 0.25101015457927384}. Best is trial 164 with value: 0.3660086329577034.
checkpoint_e29 window_influence: 0.49712570622264424, penalty_k: 0.06374849393326232, scale_lr: 0.28749851521538966, EAO: 0.351
Trial 1030 finished with value: 0.35053055307280695 and parameters: {'window_influence': 0.49712570622264424, 'penalty_k': 0.06374849393326232, 'scale_lr': 0.28749851521538966}. Best is trial 164 with value: 0.3660086329577034.
checkpoint_e29 window_influence: 0.55337598083549877, penalty_k: 0.05216949190240909, scale_lr: 0.36165877664873619, EAO: 0.314
Trial 1031 finished with value: 0.31355275712356495 and parameters: {'window_influence': 0.5533759808354988, 'penalty_k': 0.05216949190240909, 'scale_lr': 0.3616587766487362}. Best is trial 164 with value: 0.3660086329577034.
checkpoint_e29 window_influence: 0.59784758789611914, penalty_k: 0.04363454523670302, scale_lr: 0.27692271954658348, EAO: 0.289
Trial 1032 finished with value: 0.2885844767789433 and parameters: {'window_influence': 0.5978475878961191, 'penalty_k': 0.043634545236703015, 'scale_lr': 0.2769227195465835}. Best is trial 164 with value: 0.3660086329577034.
checkpoint_e29 window_influence: 0.47449192003332841, penalty_k: 0.04087478001082259, scale_lr: 0.28456154518296739, EAO: 0.355
Trial 1033 finished with value: 0.35488539191999324 and parameters: {'window_influence': 0.4744919200333284, 'penalty_k': 0.04087478001082259, 'scale_lr': 0.2845615451829674}. Best is trial 164 with value: 0.3660086329577034.
checkpoint_e29 window_influence: 0.47472182990871536, penalty_k: 0.04193947564275320, scale_lr: 0.37617433682686818, EAO: 0.337
Trial 1034 finished with value: 0.33718813706464806 and parameters: {'window_influence': 0.47472182990871536, 'penalty_k': 0.0419394756427532, 'scale_lr': 0.3761743368268682}. Best is trial 164 with value: 0.3660086329577034.
checkpoint_e29 window_influence: 0.49040972558211338, penalty_k: 0.03824280584475506, scale_lr: 0.27862329380776329, EAO: 0.335
Trial 1035 finished with value: 0.33461175922753744 and parameters: {'window_influence': 0.4904097255821134, 'penalty_k': 0.038242805844755055, 'scale_lr': 0.2786232938077633}. Best is trial 164 with value: 0.3660086329577034.
checkpoint_e29 window_influence: 0.46181636557563049, penalty_k: 0.06448340917508850, scale_lr: 0.29976750596080837, EAO: 0.325
Trial 1036 finished with value: 0.3249549913847029 and parameters: {'window_influence': 0.4618163655756305, 'penalty_k': 0.0644834091750885, 'scale_lr': 0.29976750596080837}. Best is trial 164 with value: 0.3660086329577034.
checkpoint_e29 window_influence: 0.47067266508027727, penalty_k: 0.00718784048867732, scale_lr: 0.20797629845343463, EAO: 0.351
Trial 1037 finished with value: 0.3509592731639105 and parameters: {'window_influence': 0.4706726650802773, 'penalty_k': 0.007187840488677322, 'scale_lr': 0.20797629845343463}. Best is trial 164 with value: 0.3660086329577034.
checkpoint_e29 window_influence: 0.48005867115321116, penalty_k: 0.05484803740714990, scale_lr: 0.27891306672836469, EAO: 0.314
Trial 1038 finished with value: 0.3143926025712536 and parameters: {'window_influence': 0.48005867115321116, 'penalty_k': 0.0548480374071499, 'scale_lr': 0.2789130667283647}. Best is trial 164 with value: 0.3660086329577034.
checkpoint_e29 window_influence: 0.48814426369395492, penalty_k: 0.04218346762598207, scale_lr: 0.29363156071727192, EAO: 0.337
Trial 1039 finished with value: 0.33713404944434705 and parameters: {'window_influence': 0.4881442636939549, 'penalty_k': 0.042183467625982074, 'scale_lr': 0.2936315607172719}. Best is trial 164 with value: 0.3660086329577034.
checkpoint_e29 window_influence: 0.45946399603343080, penalty_k: 0.05621450541636405, scale_lr: 0.23398329172505805, EAO: 0.347
Trial 1040 finished with value: 0.34654354851997315 and parameters: {'window_influence': 0.4594639960334308, 'penalty_k': 0.05621450541636405, 'scale_lr': 0.23398329172505805}. Best is trial 164 with value: 0.3660086329577034.
checkpoint_e29 window_influence: 0.45840714618641948, penalty_k: 0.08834011089093825, scale_lr: 0.30976972737762409, EAO: 0.333
Trial 1041 finished with value: 0.3332550547698129 and parameters: {'window_influence': 0.4584071461864195, 'penalty_k': 0.08834011089093825, 'scale_lr': 0.3097697273776241}. Best is trial 164 with value: 0.3660086329577034.
checkpoint_e29 window_influence: 0.47692108837503899, penalty_k: 0.21727420675569711, scale_lr: 0.31797800895332679, EAO: 0.318
Trial 1042 finished with value: 0.31809862068191114 and parameters: {'window_influence': 0.476921088375039, 'penalty_k': 0.2172742067556971, 'scale_lr': 0.3179780089533268}. Best is trial 164 with value: 0.3660086329577034.
checkpoint_e29 window_influence: 0.50217920176112330, penalty_k: 0.03826057459617238, scale_lr: 0.21253006359347540, EAO: 0.355
Trial 1043 finished with value: 0.3545962676463888 and parameters: {'window_influence': 0.5021792017611233, 'penalty_k': 0.03826057459617238, 'scale_lr': 0.2125300635934754}. Best is trial 164 with value: 0.3660086329577034.
checkpoint_e29 window_influence: 0.50636335530045040, penalty_k: 0.03626992448073826, scale_lr: 0.21933987202917904, EAO: 0.367
Trial 1044 finished with value: 0.36650777071830365 and parameters: {'window_influence': 0.5063633553004504, 'penalty_k': 0.036269924480738264, 'scale_lr': 0.21933987202917904}. Best is trial 1044 with value: 0.36650777071830365.
checkpoint_e29 window_influence: 0.52665807494255323, penalty_k: 0.03788959697173198, scale_lr: 0.21496740919884991, EAO: 0.340
Trial 1045 finished with value: 0.33983625373023957 and parameters: {'window_influence': 0.5266580749425532, 'penalty_k': 0.03788959697173198, 'scale_lr': 0.2149674091988499}. Best is trial 1044 with value: 0.36650777071830365.
checkpoint_e29 window_influence: 0.50953289710609884, penalty_k: 0.04327142983097981, scale_lr: 0.21146525338220468, EAO: 0.334
Trial 1046 finished with value: 0.33422289823511697 and parameters: {'window_influence': 0.5095328971060988, 'penalty_k': 0.04327142983097981, 'scale_lr': 0.21146525338220468}. Best is trial 1044 with value: 0.36650777071830365.
checkpoint_e29 window_influence: 0.52368850788021715, penalty_k: 0.03164125722595007, scale_lr: 0.22648374754644152, EAO: 0.328
Trial 1047 finished with value: 0.3276086980730643 and parameters: {'window_influence': 0.5236885078802171, 'penalty_k': 0.03164125722595007, 'scale_lr': 0.22648374754644152}. Best is trial 1044 with value: 0.36650777071830365.
checkpoint_e29 window_influence: 0.50213696135454167, penalty_k: 0.04150031004291514, scale_lr: 0.24100096793757145, EAO: 0.337
Trial 1048 finished with value: 0.33715642321898315 and parameters: {'window_influence': 0.5021369613545417, 'penalty_k': 0.04150031004291514, 'scale_lr': 0.24100096793757145}. Best is trial 1044 with value: 0.36650777071830365.
checkpoint_e29 window_influence: 0.52310116876401669, penalty_k: 0.02693994480120634, scale_lr: 0.18875436343722760, EAO: 0.326
Trial 1049 finished with value: 0.3256421650430108 and parameters: {'window_influence': 0.5231011687640167, 'penalty_k': 0.026939944801206345, 'scale_lr': 0.1887543634372276}. Best is trial 1044 with value: 0.36650777071830365.
checkpoint_e29 window_influence: 0.50777569085595486, penalty_k: 0.01728741981602174, scale_lr: 0.19286763524138845, EAO: 0.345
Trial 1050 finished with value: 0.3451675478122578 and parameters: {'window_influence': 0.5077756908559549, 'penalty_k': 0.017287419816021738, 'scale_lr': 0.19286763524138845}. Best is trial 1044 with value: 0.36650777071830365.
checkpoint_e29 window_influence: 0.51474170887657356, penalty_k: 0.02849422053632822, scale_lr: 0.24893588942815542, EAO: 0.325
Trial 1051 finished with value: 0.32468720116735894 and parameters: {'window_influence': 0.5147417088765736, 'penalty_k': 0.02849422053632822, 'scale_lr': 0.24893588942815542}. Best is trial 1044 with value: 0.36650777071830365.
checkpoint_e29 window_influence: 0.49719848841748193, penalty_k: 0.03486692519749835, scale_lr: 0.19904329746800592, EAO: 0.341
Trial 1052 finished with value: 0.3405191622355569 and parameters: {'window_influence': 0.49719848841748193, 'penalty_k': 0.03486692519749835, 'scale_lr': 0.19904329746800592}. Best is trial 1044 with value: 0.36650777071830365.
checkpoint_e29 window_influence: 0.50698584909734401, penalty_k: 0.00667151776541056, scale_lr: 0.26139639658998537, EAO: 0.319
Trial 1053 finished with value: 0.3186011037242088 and parameters: {'window_influence': 0.506985849097344, 'penalty_k': 0.006671517765410563, 'scale_lr': 0.26139639658998537}. Best is trial 1044 with value: 0.36650777071830365.
checkpoint_e29 window_influence: 0.48839385915550165, penalty_k: 0.05673630138714241, scale_lr: 0.18103725802884252, EAO: 0.353
Trial 1054 finished with value: 0.35261704126220733 and parameters: {'window_influence': 0.48839385915550165, 'penalty_k': 0.05673630138714241, 'scale_lr': 0.18103725802884252}. Best is trial 1044 with value: 0.36650777071830365.
checkpoint_e29 window_influence: 0.49790374308073948, penalty_k: 0.05285246276778231, scale_lr: 0.22812371322719205, EAO: 0.338
Trial 1055 finished with value: 0.3381848659960676 and parameters: {'window_influence': 0.4979037430807395, 'penalty_k': 0.05285246276778231, 'scale_lr': 0.22812371322719205}. Best is trial 1044 with value: 0.36650777071830365.
checkpoint_e29 window_influence: 0.49253766557839285, penalty_k: 0.06233268591140269, scale_lr: 0.17800667565648248, EAO: 0.343
Trial 1056 finished with value: 0.3426142439304159 and parameters: {'window_influence': 0.49253766557839285, 'penalty_k': 0.06233268591140269, 'scale_lr': 0.17800667565648248}. Best is trial 1044 with value: 0.36650777071830365.
checkpoint_e29 window_influence: 0.50427894416965613, penalty_k: 0.03123423964559163, scale_lr: 0.16789789610705202, EAO: 0.356
Trial 1057 finished with value: 0.3564443875843449 and parameters: {'window_influence': 0.5042789441696561, 'penalty_k': 0.031234239645591626, 'scale_lr': 0.16789789610705202}. Best is trial 1044 with value: 0.36650777071830365.
checkpoint_e29 window_influence: 0.50445570608501322, penalty_k: 0.03361156517111922, scale_lr: 0.14840996182040975, EAO: 0.328
Trial 1058 finished with value: 0.32845214380364474 and parameters: {'window_influence': 0.5044557060850132, 'penalty_k': 0.03361156517111922, 'scale_lr': 0.14840996182040975}. Best is trial 1044 with value: 0.36650777071830365.
checkpoint_e29 window_influence: 0.51802623590101093, penalty_k: 0.02635694663320466, scale_lr: 0.16684767677256124, EAO: 0.341
Trial 1059 finished with value: 0.3414782776211022 and parameters: {'window_influence': 0.5180262359010109, 'penalty_k': 0.026356946633204658, 'scale_lr': 0.16684767677256124}. Best is trial 1044 with value: 0.36650777071830365.
checkpoint_e29 window_influence: 0.49442093335839038, penalty_k: 0.05071035139902830, scale_lr: 0.16196228568844639, EAO: 0.339
Trial 1060 finished with value: 0.3394675919286008 and parameters: {'window_influence': 0.4944209333583904, 'penalty_k': 0.0507103513990283, 'scale_lr': 0.1619622856884464}. Best is trial 1044 with value: 0.36650777071830365.
checkpoint_e29 window_influence: 0.52743635271221345, penalty_k: 0.01976572037513143, scale_lr: 0.18439367734801562, EAO: 0.332
Trial 1061 finished with value: 0.3324091797440896 and parameters: {'window_influence': 0.5274363527122135, 'penalty_k': 0.019765720375131426, 'scale_lr': 0.18439367734801562}. Best is trial 1044 with value: 0.36650777071830365.
checkpoint_e29 window_influence: 0.50424049546730043, penalty_k: 0.02496581479703593, scale_lr: 0.19173648605256902, EAO: 0.348
Trial 1062 finished with value: 0.3484380474814181 and parameters: {'window_influence': 0.5042404954673004, 'penalty_k': 0.02496581479703593, 'scale_lr': 0.19173648605256902}. Best is trial 1044 with value: 0.36650777071830365.
checkpoint_e29 window_influence: 0.48719035797497334, penalty_k: 0.01450863252550457, scale_lr: 0.21336822435748529, EAO: 0.345
Trial 1063 finished with value: 0.34451930311867235 and parameters: {'window_influence': 0.48719035797497334, 'penalty_k': 0.014508632525504571, 'scale_lr': 0.2133682243574853}. Best is trial 1044 with value: 0.36650777071830365.
checkpoint_e29 window_influence: 0.51849722500073925, penalty_k: 0.05589800600430216, scale_lr: 0.16559716946720027, EAO: 0.330
Trial 1064 finished with value: 0.33044327841890464 and parameters: {'window_influence': 0.5184972250007392, 'penalty_k': 0.055898006004302156, 'scale_lr': 0.16559716946720027}. Best is trial 1044 with value: 0.36650777071830365.
checkpoint_e29 window_influence: 0.54037340459231320, penalty_k: 0.02939046130261523, scale_lr: 0.19964687953930457, EAO: 0.321
Trial 1065 finished with value: 0.3209528765905692 and parameters: {'window_influence': 0.5403734045923132, 'penalty_k': 0.02939046130261523, 'scale_lr': 0.19964687953930457}. Best is trial 1044 with value: 0.36650777071830365.
checkpoint_e29 window_influence: 0.49419907593402973, penalty_k: 0.06768281742691970, scale_lr: 0.17474040079961572, EAO: 0.332
Trial 1066 finished with value: 0.3324538933163951 and parameters: {'window_influence': 0.49419907593402973, 'penalty_k': 0.0676828174269197, 'scale_lr': 0.17474040079961572}. Best is trial 1044 with value: 0.36650777071830365.
checkpoint_e29 window_influence: 0.50492917340178911, penalty_k: 0.00228787868028657, scale_lr: 0.23642150559263464, EAO: 0.341
Trial 1067 finished with value: 0.341372217765578 and parameters: {'window_influence': 0.5049291734017891, 'penalty_k': 0.0022878786802865703, 'scale_lr': 0.23642150559263464}. Best is trial 1044 with value: 0.36650777071830365.
checkpoint_e29 window_influence: 0.48609760469336222, penalty_k: 0.04672850949036941, scale_lr: 0.21888729400481899, EAO: 0.349
Trial 1068 finished with value: 0.34920536138204283 and parameters: {'window_influence': 0.4860976046933622, 'penalty_k': 0.046728509490369406, 'scale_lr': 0.218887294004819}. Best is trial 1044 with value: 0.36650777071830365.
checkpoint_e29 window_influence: 0.51336623516315560, penalty_k: 0.07078178671664682, scale_lr: 0.18807028527782724, EAO: 0.332
Trial 1069 finished with value: 0.33159709747895194 and parameters: {'window_influence': 0.5133662351631556, 'penalty_k': 0.07078178671664682, 'scale_lr': 0.18807028527782724}. Best is trial 1044 with value: 0.36650777071830365.
checkpoint_e29 window_influence: 0.53221763909421216, penalty_k: 0.03628262484729747, scale_lr: 0.17312983514240884, EAO: 0.318
Trial 1070 finished with value: 0.31762585629517004 and parameters: {'window_influence': 0.5322176390942122, 'penalty_k': 0.03628262484729747, 'scale_lr': 0.17312983514240884}. Best is trial 1044 with value: 0.36650777071830365.
checkpoint_e29 window_influence: 0.21657458966430923, penalty_k: 0.04826571039131139, scale_lr: 0.20475559007781313, EAO: 0.307
Trial 1071 finished with value: 0.30744708030836126 and parameters: {'window_influence': 0.21657458966430923, 'penalty_k': 0.04826571039131139, 'scale_lr': 0.20475559007781313}. Best is trial 1044 with value: 0.36650777071830365.
checkpoint_e29 window_influence: 0.48700472340345774, penalty_k: 0.05780511300475918, scale_lr: 0.22453285761985539, EAO: 0.346
Trial 1072 finished with value: 0.34644074175608297 and parameters: {'window_influence': 0.48700472340345774, 'penalty_k': 0.05780511300475918, 'scale_lr': 0.2245328576198554}. Best is trial 1044 with value: 0.36650777071830365.
checkpoint_e29 window_influence: 0.51569555319439409, penalty_k: 0.01710542651292599, scale_lr: 0.18351412917737026, EAO: 0.333
