Trial 1302 finished with value: 0.3494300160426574 and parameters: {'window_influence': 0.49323283515338345, 'penalty_k': 0.06828808404688858, 'scale_lr': 0.7873613089885234}. Best is trial 62 with value: 0.3726749919963718.
checkpoint_e29 window_influence: 0.46103284727264304, penalty_k: 0.14549713538856721, scale_lr: 0.40496949139746008, EAO: 0.333
Trial 1303 finished with value: 0.3329879449035407 and parameters: {'window_influence': 0.46103284727264304, 'penalty_k': 0.1454971353885672, 'scale_lr': 0.4049694913974601}. Best is trial 62 with value: 0.3726749919963718.
checkpoint_e29 window_influence: 0.30201859894316702, penalty_k: 0.18023524711353472, scale_lr: 0.20322989046960538, EAO: 0.304
Trial 1304 finished with value: 0.3044607721646008 and parameters: {'window_influence': 0.302018598943167, 'penalty_k': 0.18023524711353472, 'scale_lr': 0.20322989046960538}. Best is trial 62 with value: 0.3726749919963718.
checkpoint_e29 window_influence: 0.43650532184992835, penalty_k: 0.05551962684943639, scale_lr: 0.48417926099523895, EAO: 0.329
Trial 1305 finished with value: 0.3288165500771675 and parameters: {'window_influence': 0.43650532184992835, 'penalty_k': 0.05551962684943639, 'scale_lr': 0.48417926099523895}. Best is trial 62 with value: 0.3726749919963718.
checkpoint_e29 window_influence: 0.51206972583106480, penalty_k: 0.03679489390389389, scale_lr: 0.42790246982973512, EAO: 0.361
Trial 1306 finished with value: 0.361290649101428 and parameters: {'window_influence': 0.5120697258310648, 'penalty_k': 0.03679489390389389, 'scale_lr': 0.4279024698297351}. Best is trial 62 with value: 0.3726749919963718.
checkpoint_e29 window_influence: 0.51776756133333435, penalty_k: 0.04370778721817311, scale_lr: 0.43074822758728115, EAO: 0.339
Trial 1307 finished with value: 0.33921151495165397 and parameters: {'window_influence': 0.5177675613333343, 'penalty_k': 0.04370778721817311, 'scale_lr': 0.43074822758728115}. Best is trial 62 with value: 0.3726749919963718.
checkpoint_e29 window_influence: 0.53259148613099494, penalty_k: 0.03606718938019518, scale_lr: 0.40926312713455754, EAO: 0.330
Trial 1308 finished with value: 0.33012503298572066 and parameters: {'window_influence': 0.5325914861309949, 'penalty_k': 0.03606718938019518, 'scale_lr': 0.40926312713455754}. Best is trial 62 with value: 0.3726749919963718.
checkpoint_e29 window_influence: 0.51131549823255718, penalty_k: 0.02625027804652369, scale_lr: 0.43150172397177977, EAO: 0.341
Trial 1309 finished with value: 0.3407685422711799 and parameters: {'window_influence': 0.5113154982325572, 'penalty_k': 0.026250278046523686, 'scale_lr': 0.43150172397177977}. Best is trial 62 with value: 0.3726749919963718.
checkpoint_e29 window_influence: 0.53432456080343849, penalty_k: 0.03120076756119446, scale_lr: 0.41234383069621910, EAO: 0.334
Trial 1310 finished with value: 0.333988734372395 and parameters: {'window_influence': 0.5343245608034385, 'penalty_k': 0.031200767561194463, 'scale_lr': 0.4123438306962191}. Best is trial 62 with value: 0.3726749919963718.
checkpoint_e29 window_influence: 0.50176422902868467, penalty_k: 0.16800614714334752, scale_lr: 0.44572573464343529, EAO: 0.319
Trial 1311 finished with value: 0.3193561766977904 and parameters: {'window_influence': 0.5017642290286847, 'penalty_k': 0.16800614714334752, 'scale_lr': 0.4457257346434353}. Best is trial 62 with value: 0.3726749919963718.
checkpoint_e29 window_influence: 0.11501179876668161, penalty_k: 0.28734760100306628, scale_lr: 0.46065239851179557, EAO: 0.257
Trial 1312 finished with value: 0.25659554477795554 and parameters: {'window_influence': 0.1150117987666816, 'penalty_k': 0.2873476010030663, 'scale_lr': 0.46065239851179557}. Best is trial 62 with value: 0.3726749919963718.
checkpoint_e29 window_influence: 0.51588151149256922, penalty_k: 0.20642048160717363, scale_lr: 0.39270161338564874, EAO: 0.320
Trial 1313 finished with value: 0.32046835843459176 and parameters: {'window_influence': 0.5158815114925692, 'penalty_k': 0.20642048160717363, 'scale_lr': 0.39270161338564874}. Best is trial 62 with value: 0.3726749919963718.
checkpoint_e29 window_influence: 0.50008183182023058, penalty_k: 0.03823263486926293, scale_lr: 0.42467407294896831, EAO: 0.338
Trial 1314 finished with value: 0.3381787595349991 and parameters: {'window_influence': 0.5000818318202306, 'penalty_k': 0.038232634869262934, 'scale_lr': 0.4246740729489683}. Best is trial 62 with value: 0.3726749919963718.
checkpoint_e29 window_influence: 0.54142849988011332, penalty_k: 0.12236541067707132, scale_lr: 0.11658862838661521, EAO: 0.337
Trial 1315 finished with value: 0.33726722117991764 and parameters: {'window_influence': 0.5414284998801133, 'penalty_k': 0.12236541067707132, 'scale_lr': 0.11658862838661521}. Best is trial 62 with value: 0.3726749919963718.
checkpoint_e29 window_influence: 0.52653894429743042, penalty_k: 0.24116824226014802, scale_lr: 0.42163144823037974, EAO: 0.302
Trial 1316 finished with value: 0.30192642435721384 and parameters: {'window_influence': 0.5265389442974304, 'penalty_k': 0.24116824226014802, 'scale_lr': 0.42163144823037974}. Best is trial 62 with value: 0.3726749919963718.
checkpoint_e29 window_influence: 0.50673883108175088, penalty_k: 0.14998470447016529, scale_lr: 0.52896879593705493, EAO: 0.323
Trial 1317 finished with value: 0.3225080766334608 and parameters: {'window_influence': 0.5067388310817509, 'penalty_k': 0.1499847044701653, 'scale_lr': 0.5289687959370549}. Best is trial 62 with value: 0.3726749919963718.
checkpoint_e29 window_influence: 0.48998253964439553, penalty_k: 0.21452848107965902, scale_lr: 0.61265967052593628, EAO: 0.338
Trial 1318 finished with value: 0.3380554958540178 and parameters: {'window_influence': 0.48998253964439553, 'penalty_k': 0.21452848107965902, 'scale_lr': 0.6126596705259363}. Best is trial 62 with value: 0.3726749919963718.
checkpoint_e29 window_influence: 0.51774165104404990, penalty_k: 0.54812851523413664, scale_lr: 0.58747811713843479, EAO: 0.290
Trial 1319 finished with value: 0.2900895872352652 and parameters: {'window_influence': 0.5177416510440499, 'penalty_k': 0.5481285152341366, 'scale_lr': 0.5874781171384348}. Best is trial 62 with value: 0.3726749919963718.
checkpoint_e29 window_influence: 0.38674270537347982, penalty_k: 0.40215130344944161, scale_lr: 0.12944035160231218, EAO: 0.315
Trial 1320 finished with value: 0.31491210836380834 and parameters: {'window_influence': 0.3867427053734798, 'penalty_k': 0.4021513034494416, 'scale_lr': 0.12944035160231218}. Best is trial 62 with value: 0.3726749919963718.
checkpoint_e29 window_influence: 0.15048359119791227, penalty_k: 0.35824415719793046, scale_lr: 0.44195618776877282, EAO: 0.276
Trial 1321 finished with value: 0.27625601399501476 and parameters: {'window_influence': 0.15048359119791227, 'penalty_k': 0.35824415719793046, 'scale_lr': 0.4419561877687728}. Best is trial 62 with value: 0.3726749919963718.
checkpoint_e29 window_influence: 0.49805966948055386, penalty_k: 0.10821474231810656, scale_lr: 0.17511144829376274, EAO: 0.350
Trial 1322 finished with value: 0.3498778371031646 and parameters: {'window_influence': 0.49805966948055386, 'penalty_k': 0.10821474231810656, 'scale_lr': 0.17511144829376274}. Best is trial 62 with value: 0.3726749919963718.
checkpoint_e29 window_influence: 0.48308606089908379, penalty_k: 0.31867430562624283, scale_lr: 0.45640812546212572, EAO: 0.317
Trial 1323 finished with value: 0.31734255373709863 and parameters: {'window_influence': 0.4830860608990838, 'penalty_k': 0.3186743056262428, 'scale_lr': 0.4564081254621257}. Best is trial 62 with value: 0.3726749919963718.
checkpoint_e29 window_influence: 0.52588668274945061, penalty_k: 0.04741239697962968, scale_lr: 0.15511771645505984, EAO: 0.325
Trial 1324 finished with value: 0.325147394540245 and parameters: {'window_influence': 0.5258866827494506, 'penalty_k': 0.04741239697962968, 'scale_lr': 0.15511771645505984}. Best is trial 62 with value: 0.3726749919963718.
checkpoint_e29 window_influence: 0.50901925951561056, penalty_k: 0.30440253376802168, scale_lr: 0.39651523695533630, EAO: 0.308
Trial 1325 finished with value: 0.30768823252577726 and parameters: {'window_influence': 0.5090192595156106, 'penalty_k': 0.3044025337680217, 'scale_lr': 0.3965152369553363}. Best is trial 62 with value: 0.3726749919963718.
checkpoint_e29 window_influence: 0.08127045070165806, penalty_k: 0.18720882207403644, scale_lr: 0.50945002861546174, EAO: 0.242
Trial 1326 finished with value: 0.2419013259823684 and parameters: {'window_influence': 0.08127045070165806, 'penalty_k': 0.18720882207403644, 'scale_lr': 0.5094500286154617}. Best is trial 62 with value: 0.3726749919963718.
checkpoint_e29 window_influence: 0.49322602078342864, penalty_k: 0.02926123009381804, scale_lr: 0.36212538367831321, EAO: 0.322
Trial 1327 finished with value: 0.32171508948162836 and parameters: {'window_influence': 0.49322602078342864, 'penalty_k': 0.02926123009381804, 'scale_lr': 0.3621253836783132}. Best is trial 62 with value: 0.3726749919963718.
checkpoint_e29 window_influence: 0.47776833780978445, penalty_k: 0.16534822615653308, scale_lr: 0.55625743380541426, EAO: 0.326
Trial 1328 finished with value: 0.32634888867691797 and parameters: {'window_influence': 0.47776833780978445, 'penalty_k': 0.16534822615653308, 'scale_lr': 0.5562574338054143}. Best is trial 62 with value: 0.3726749919963718.
checkpoint_e29 window_influence: 0.54693431917461754, penalty_k: 0.13566522804096601, scale_lr: 0.57414462677771216, EAO: 0.303
Trial 1329 finished with value: 0.30290808740293007 and parameters: {'window_influence': 0.5469343191746175, 'penalty_k': 0.135665228040966, 'scale_lr': 0.5741446267777122}. Best is trial 62 with value: 0.3726749919963718.
checkpoint_e29 window_influence: 0.51451260730612347, penalty_k: 0.57693863798492040, scale_lr: 0.19054541019128449, EAO: 0.272
Trial 1330 finished with value: 0.27162774498592557 and parameters: {'window_influence': 0.5145126073061235, 'penalty_k': 0.5769386379849204, 'scale_lr': 0.1905454101912845}. Best is trial 62 with value: 0.3726749919963718.
checkpoint_e29 window_influence: 0.19641030172802953, penalty_k: 0.09728861549943733, scale_lr: 0.47683348287824556, EAO: 0.289
Trial 1331 finished with value: 0.28910779384787444 and parameters: {'window_influence': 0.19641030172802953, 'penalty_k': 0.09728861549943733, 'scale_lr': 0.47683348287824556}. Best is trial 62 with value: 0.3726749919963718.
checkpoint_e29 window_influence: 0.50023400553452357, penalty_k: 0.53607283129373562, scale_lr: 0.29483151121850315, EAO: 0.301
Trial 1332 finished with value: 0.30142004358861235 and parameters: {'window_influence': 0.5002340055345236, 'penalty_k': 0.5360728312937356, 'scale_lr': 0.29483151121850315}. Best is trial 62 with value: 0.3726749919963718.
checkpoint_e29 window_influence: 0.27707456518984713, penalty_k: 0.36365406400533451, scale_lr: 0.38223148263292672, EAO: 0.315
Trial 1333 finished with value: 0.3148495499841898 and parameters: {'window_influence': 0.27707456518984713, 'penalty_k': 0.3636540640053345, 'scale_lr': 0.3822314826329267}. Best is trial 62 with value: 0.3726749919963718.
checkpoint_e29 window_influence: 0.48726813912409722, penalty_k: 0.05093035925430411, scale_lr: 0.14002855034784970, EAO: 0.340
Trial 1334 finished with value: 0.3400180681902147 and parameters: {'window_influence': 0.4872681391240972, 'penalty_k': 0.050930359254304114, 'scale_lr': 0.1400285503478497}. Best is trial 62 with value: 0.3726749919963718.
checkpoint_e29 window_influence: 0.61048987660596876, penalty_k: 0.41869150047670689, scale_lr: 0.10588665940345932, EAO: 0.237
Trial 1335 finished with value: 0.2366147096402914 and parameters: {'window_influence': 0.6104898766059688, 'penalty_k': 0.4186915004767069, 'scale_lr': 0.10588665940345932}. Best is trial 62 with value: 0.3726749919963718.
checkpoint_e29 window_influence: 0.47219547051269911, penalty_k: 0.08542417875550973, scale_lr: 0.59446463105775527, EAO: 0.332
Trial 1336 finished with value: 0.3318071134591381 and parameters: {'window_influence': 0.4721954705126991, 'penalty_k': 0.08542417875550973, 'scale_lr': 0.5944646310577553}. Best is trial 62 with value: 0.3726749919963718.
checkpoint_e29 window_influence: 0.50887200950504385, penalty_k: 0.23224624801566365, scale_lr: 0.53625582638032177, EAO: 0.297
Trial 1337 finished with value: 0.2967363875431773 and parameters: {'window_influence': 0.5088720095050439, 'penalty_k': 0.23224624801566365, 'scale_lr': 0.5362558263803218}. Best is trial 62 with value: 0.3726749919963718.
checkpoint_e29 window_influence: 0.53331811815231001, penalty_k: 0.04236143381716543, scale_lr: 0.49445317691038326, EAO: 0.319
Trial 1338 finished with value: 0.3187806110553704 and parameters: {'window_influence': 0.53331811815231, 'penalty_k': 0.04236143381716543, 'scale_lr': 0.49445317691038326}. Best is trial 62 with value: 0.3726749919963718.
checkpoint_e29 window_influence: 0.16894619920766879, penalty_k: 0.12388123307238745, scale_lr: 0.46595936577468983, EAO: 0.281
Trial 1339 finished with value: 0.2811662572715069 and parameters: {'window_influence': 0.1689461992076688, 'penalty_k': 0.12388123307238745, 'scale_lr': 0.4659593657746898}. Best is trial 62 with value: 0.3726749919963718.
checkpoint_e29 window_influence: 0.31937593389246322, penalty_k: 0.07461324525873382, scale_lr: 0.30822091933884793, EAO: 0.313
Trial 1340 finished with value: 0.31300578379445504 and parameters: {'window_influence': 0.3193759338924632, 'penalty_k': 0.07461324525873382, 'scale_lr': 0.30822091933884793}. Best is trial 62 with value: 0.3726749919963718.
checkpoint_e29 window_influence: 0.49197807166008117, penalty_k: 0.52032877401539102, scale_lr: 0.42680990502427640, EAO: 0.317
Trial 1341 finished with value: 0.31715468923173523 and parameters: {'window_influence': 0.4919780716600812, 'penalty_k': 0.520328774015391, 'scale_lr': 0.4268099050242764}. Best is trial 62 with value: 0.3726749919963718.
checkpoint_e29 window_influence: 0.51751887388809181, penalty_k: 0.20057971374564396, scale_lr: 0.12697509856290093, EAO: 0.346
Trial 1342 finished with value: 0.3456538873887711 and parameters: {'window_influence': 0.5175188738880918, 'penalty_k': 0.20057971374564396, 'scale_lr': 0.12697509856290093}. Best is trial 62 with value: 0.3726749919963718.
checkpoint_e29 window_influence: 0.47640848628418525, penalty_k: 0.05662353505299753, scale_lr: 0.10014100498120976, EAO: 0.326
Trial 1343 finished with value: 0.3256045161286217 and parameters: {'window_influence': 0.47640848628418525, 'penalty_k': 0.056623535052997526, 'scale_lr': 0.10014100498120976}. Best is trial 62 with value: 0.3726749919963718.
checkpoint_e29 window_influence: 0.50067928146494300, penalty_k: 0.10917070386013134, scale_lr: 0.44970483435920511, EAO: 0.349
Trial 1344 finished with value: 0.34923291438284554 and parameters: {'window_influence': 0.500679281464943, 'penalty_k': 0.10917070386013134, 'scale_lr': 0.4497048343592051}. Best is trial 62 with value: 0.3726749919963718.
checkpoint_e29 window_influence: 0.55902042758406956, penalty_k: 0.15311298447404997, scale_lr: 0.41483807362186148, EAO: 0.303
Trial 1345 finished with value: 0.30306328421436857 and parameters: {'window_influence': 0.5590204275840696, 'penalty_k': 0.15311298447404997, 'scale_lr': 0.4148380736218615}. Best is trial 62 with value: 0.3726749919963718.
checkpoint_e29 window_influence: 0.52537717572032450, penalty_k: 0.17932233858188812, scale_lr: 0.35545061750642948, EAO: 0.302
Trial 1346 finished with value: 0.302309766643706 and parameters: {'window_influence': 0.5253771757203245, 'penalty_k': 0.17932233858188812, 'scale_lr': 0.3554506175064295}. Best is trial 62 with value: 0.3726749919963718.
checkpoint_e29 window_influence: 0.48027690770559667, penalty_k: 0.25488816508693379, scale_lr: 0.52120594307261869, EAO: 0.335
Trial 1347 finished with value: 0.33496174401810197 and parameters: {'window_influence': 0.48027690770559667, 'penalty_k': 0.2548881650869338, 'scale_lr': 0.5212059430726187}. Best is trial 62 with value: 0.3726749919963718.
checkpoint_e29 window_influence: 0.50586204280839564, penalty_k: 0.03143365190133299, scale_lr: 0.33052239457950233, EAO: 0.333
Trial 1348 finished with value: 0.3327794745274555 and parameters: {'window_influence': 0.5058620428083956, 'penalty_k': 0.03143365190133299, 'scale_lr': 0.33052239457950233}. Best is trial 62 with value: 0.3726749919963718.
checkpoint_e29 window_influence: 0.46564534128820856, penalty_k: 0.09371222579218803, scale_lr: 0.62308391525675122, EAO: 0.337
Trial 1349 finished with value: 0.3370941776477873 and parameters: {'window_influence': 0.46564534128820856, 'penalty_k': 0.09371222579218803, 'scale_lr': 0.6230839152567512}. Best is trial 62 with value: 0.3726749919963718.
checkpoint_e29 window_influence: 0.22770078096096097, penalty_k: 0.27259807787148566, scale_lr: 0.54373036050789836, EAO: 0.290
Trial 1350 finished with value: 0.2900679624614085 and parameters: {'window_influence': 0.22770078096096097, 'penalty_k': 0.27259807787148566, 'scale_lr': 0.5437303605078984}. Best is trial 62 with value: 0.3726749919963718.
checkpoint_e29 window_influence: 0.49063763978372893, penalty_k: 0.05977665506506681, scale_lr: 0.28106724708900738, EAO: 0.338
Trial 1351 finished with value: 0.33780214932642094 and parameters: {'window_influence': 0.49063763978372893, 'penalty_k': 0.05977665506506681, 'scale_lr': 0.2810672470890074}. Best is trial 62 with value: 0.3726749919963718.
checkpoint_e29 window_influence: 0.40545233771310280, penalty_k: 0.07884213544801572, scale_lr: 0.16424665032663005, EAO: 0.344
Trial 1352 finished with value: 0.34421169038876487 and parameters: {'window_influence': 0.4054523377131028, 'penalty_k': 0.07884213544801572, 'scale_lr': 0.16424665032663005}. Best is trial 62 with value: 0.3726749919963718.
checkpoint_e29 window_influence: 0.51278608755472910, penalty_k: 0.38424496654570750, scale_lr: 0.60267022682562388, EAO: 0.298
Trial 1353 finished with value: 0.29845283409500867 and parameters: {'window_influence': 0.5127860875547291, 'penalty_k': 0.3842449665457075, 'scale_lr': 0.6026702268256239}. Best is trial 62 with value: 0.3726749919963718.
checkpoint_e29 window_influence: 0.49750529948361555, penalty_k: 0.29438256427432818, scale_lr: 0.57001809113520718, EAO: 0.306
Trial 1354 finished with value: 0.3057731053708592 and parameters: {'window_influence': 0.49750529948361555, 'penalty_k': 0.2943825642743282, 'scale_lr': 0.5700180911352072}. Best is trial 62 with value: 0.3726749919963718.
checkpoint_e29 window_influence: 0.18319787016638323, penalty_k: 0.21685980874456862, scale_lr: 0.63471000316943249, EAO: 0.296
Trial 1355 finished with value: 0.29574706332924766 and parameters: {'window_influence': 0.18319787016638323, 'penalty_k': 0.21685980874456862, 'scale_lr': 0.6347100031694325}. Best is trial 62 with value: 0.3726749919963718.
checkpoint_e29 window_influence: 0.38964401275793298, penalty_k: 0.55811256610828597, scale_lr: 0.50412143176023771, EAO: 0.331
Trial 1356 finished with value: 0.33076012064974597 and parameters: {'window_influence': 0.389644012757933, 'penalty_k': 0.558112566108286, 'scale_lr': 0.5041214317602377}. Best is trial 62 with value: 0.3726749919963718.
checkpoint_e29 window_influence: 0.36248729468595203, penalty_k: 0.39557502594960192, scale_lr: 0.17936374819969758, EAO: 0.313
Trial 1357 finished with value: 0.31336169524647384 and parameters: {'window_influence': 0.36248729468595203, 'penalty_k': 0.3955750259496019, 'scale_lr': 0.17936374819969758}. Best is trial 62 with value: 0.3726749919963718.
checkpoint_e29 window_influence: 0.34017803294484678, penalty_k: 0.45915445879473771, scale_lr: 0.48171021645367312, EAO: 0.357
Trial 1358 finished with value: 0.357136245715479 and parameters: {'window_influence': 0.3401780329448468, 'penalty_k': 0.4591544587947377, 'scale_lr': 0.4817102164536731}. Best is trial 62 with value: 0.3726749919963718.
checkpoint_e29 window_influence: 0.32409573109736212, penalty_k: 0.54220869753755940, scale_lr: 0.47090709416330395, EAO: 0.326
Trial 1359 finished with value: 0.32624640788317655 and parameters: {'window_influence': 0.3240957310973621, 'penalty_k': 0.5422086975375594, 'scale_lr': 0.47090709416330395}. Best is trial 62 with value: 0.3726749919963718.
checkpoint_e29 window_influence: 0.53866943294134961, penalty_k: 0.55477503748640700, scale_lr: 0.47557366340097240, EAO: 0.295
Trial 1360 finished with value: 0.2946125351849233 and parameters: {'window_influence': 0.5386694329413496, 'penalty_k': 0.554775037486407, 'scale_lr': 0.4755736634009724}. Best is trial 62 with value: 0.3726749919963718.
checkpoint_e29 window_influence: 0.34739526736988874, penalty_k: 0.41215354311895119, scale_lr: 0.48860408905144476, EAO: 0.318
Trial 1361 finished with value: 0.31775699880568437 and parameters: {'window_influence': 0.34739526736988874, 'penalty_k': 0.4121535431189512, 'scale_lr': 0.48860408905144476}. Best is trial 62 with value: 0.3726749919963718.
checkpoint_e29 window_influence: 0.33173154665601762, penalty_k: 0.53658328765651198, scale_lr: 0.48724246527519754, EAO: 0.333
Trial 1362 finished with value: 0.3328503485087755 and parameters: {'window_influence': 0.3317315466560176, 'penalty_k': 0.536583287656512, 'scale_lr': 0.48724246527519754}. Best is trial 62 with value: 0.3726749919963718.
checkpoint_e29 window_influence: 0.32749750458379773, penalty_k: 0.45920030796694289, scale_lr: 0.77760760879036805, EAO: 0.333
Trial 1363 finished with value: 0.33287522463483105 and parameters: {'window_influence': 0.3274975045837977, 'penalty_k': 0.4592003079669429, 'scale_lr': 0.777607608790368}. Best is trial 62 with value: 0.3726749919963718.
checkpoint_e29 window_influence: 0.34115395609743249, penalty_k: 0.47713820963417036, scale_lr: 0.51191873355529127, EAO: 0.332
