Trial 2222 finished with value: 0.3222940534585181 and parameters: {'window_influence': 0.47578077953540904, 'penalty_k': 0.1959903373247087, 'scale_lr': 0.2936376994369711}. Best is trial 1270 with value: 0.3623636909959845.
checkpoint_e22 window_influence: 0.13534423755778691, penalty_k: 0.38776846178711794, scale_lr: 0.59113034036900503, EAO: 0.244
Trial 2223 finished with value: 0.24446924007588322 and parameters: {'window_influence': 0.1353442375577869, 'penalty_k': 0.38776846178711794, 'scale_lr': 0.591130340369005}. Best is trial 1270 with value: 0.3623636909959845.
checkpoint_e22 window_influence: 0.41753309317108772, penalty_k: 0.12678002872681685, scale_lr: 0.42208114339899006, EAO: 0.313
Trial 2224 finished with value: 0.31328054758129414 and parameters: {'window_influence': 0.4175330931710877, 'penalty_k': 0.12678002872681685, 'scale_lr': 0.42208114339899006}. Best is trial 1270 with value: 0.3623636909959845.
checkpoint_e22 window_influence: 0.22503476476007978, penalty_k: 0.56161577492223769, scale_lr: 0.25422456647323410, EAO: 0.269
Trial 2225 finished with value: 0.26869437226061693 and parameters: {'window_influence': 0.22503476476007978, 'penalty_k': 0.5616157749222377, 'scale_lr': 0.2542245664732341}. Best is trial 1270 with value: 0.3623636909959845.
checkpoint_e22 window_influence: 0.52965605174845964, penalty_k: 0.09627131415038735, scale_lr: 0.35690701234682104, EAO: 0.307
Trial 2226 finished with value: 0.30714635081328306 and parameters: {'window_influence': 0.5296560517484596, 'penalty_k': 0.09627131415038735, 'scale_lr': 0.35690701234682104}. Best is trial 1270 with value: 0.3623636909959845.
checkpoint_e22 window_influence: 0.50768467540724094, penalty_k: 0.38104058510336647, scale_lr: 0.30818526041235267, EAO: 0.296
Trial 2227 finished with value: 0.2958037103544413 and parameters: {'window_influence': 0.5076846754072409, 'penalty_k': 0.38104058510336647, 'scale_lr': 0.30818526041235267}. Best is trial 1270 with value: 0.3623636909959845.
checkpoint_e22 window_influence: 0.49225325541506976, penalty_k: 0.15047473920741286, scale_lr: 0.38731278611782738, EAO: 0.342
Trial 2228 finished with value: 0.3422990025017512 and parameters: {'window_influence': 0.49225325541506976, 'penalty_k': 0.15047473920741286, 'scale_lr': 0.3873127861178274}. Best is trial 1270 with value: 0.3623636909959845.
checkpoint_e22 window_influence: 0.16846376603774024, penalty_k: 0.13386410724427994, scale_lr: 0.44231211685750027, EAO: 0.276
Trial 2229 finished with value: 0.2763691753264995 and parameters: {'window_influence': 0.16846376603774024, 'penalty_k': 0.13386410724427994, 'scale_lr': 0.44231211685750027}. Best is trial 1270 with value: 0.3623636909959845.
checkpoint_e22 window_influence: 0.45034142390683818, penalty_k: 0.00993386769428218, scale_lr: 0.27206808099760832, EAO: 0.327
Trial 2230 finished with value: 0.3267227970788451 and parameters: {'window_influence': 0.4503414239068382, 'penalty_k': 0.00993386769428218, 'scale_lr': 0.2720680809976083}. Best is trial 1270 with value: 0.3623636909959845.
checkpoint_e22 window_influence: 0.26203674339159599, penalty_k: 0.00059929049126858, scale_lr: 0.63825054945390647, EAO: 0.276
Trial 2231 finished with value: 0.2761299635069843 and parameters: {'window_influence': 0.262036743391596, 'penalty_k': 0.0005992904912685802, 'scale_lr': 0.6382505494539065}. Best is trial 1270 with value: 0.3623636909959845.
checkpoint_e22 window_influence: 0.43217610289493980, penalty_k: 0.11385440482244627, scale_lr: 0.60973603513964103, EAO: 0.339
Trial 2232 finished with value: 0.3385581918031789 and parameters: {'window_influence': 0.4321761028949398, 'penalty_k': 0.11385440482244627, 'scale_lr': 0.609736035139641}. Best is trial 1270 with value: 0.3623636909959845.
checkpoint_e22 window_influence: 0.47121334711505375, penalty_k: 0.46712626272604052, scale_lr: 0.21176524598025778, EAO: 0.289
Trial 2233 finished with value: 0.2887122748774777 and parameters: {'window_influence': 0.47121334711505375, 'penalty_k': 0.4671262627260405, 'scale_lr': 0.21176524598025778}. Best is trial 1270 with value: 0.3623636909959845.
checkpoint_e22 window_influence: 0.38599492271039881, penalty_k: 0.08895767671695316, scale_lr: 0.40607516828573581, EAO: 0.301
Trial 2234 finished with value: 0.3009423563104659 and parameters: {'window_influence': 0.3859949227103988, 'penalty_k': 0.08895767671695316, 'scale_lr': 0.4060751682857358}. Best is trial 1270 with value: 0.3623636909959845.
checkpoint_e22 window_influence: 0.48356908657621772, penalty_k: 0.02377440614579582, scale_lr: 0.46313580589811676, EAO: 0.325
Trial 2235 finished with value: 0.32497366369930225 and parameters: {'window_influence': 0.4835690865762177, 'penalty_k': 0.02377440614579582, 'scale_lr': 0.46313580589811676}. Best is trial 1270 with value: 0.3623636909959845.
checkpoint_e22 window_influence: 0.16233035356818459, penalty_k: 0.10340561009227979, scale_lr: 0.33963151697762289, EAO: 0.265
Trial 2236 finished with value: 0.2646369554885167 and parameters: {'window_influence': 0.1623303535681846, 'penalty_k': 0.10340561009227979, 'scale_lr': 0.3396315169776229}. Best is trial 1270 with value: 0.3623636909959845.
checkpoint_e22 window_influence: 0.51914452198521954, penalty_k: 0.05055013091574015, scale_lr: 0.66241464382188431, EAO: 0.323
Trial 2237 finished with value: 0.32283465436692366 and parameters: {'window_influence': 0.5191445219852195, 'penalty_k': 0.05055013091574015, 'scale_lr': 0.6624146438218843}. Best is trial 1270 with value: 0.3623636909959845.
checkpoint_e22 window_influence: 0.46104889059711546, penalty_k: 0.47907741715613850, scale_lr: 0.68990703187980318, EAO: 0.316
Trial 2238 finished with value: 0.3162558031221308 and parameters: {'window_influence': 0.46104889059711546, 'penalty_k': 0.4790774171561385, 'scale_lr': 0.6899070318798032}. Best is trial 1270 with value: 0.3623636909959845.
checkpoint_e22 window_influence: 0.49673144668321362, penalty_k: 0.03595434325335108, scale_lr: 0.48170934598619730, EAO: 0.332
Trial 2239 finished with value: 0.3319199618662378 and parameters: {'window_influence': 0.4967314466832136, 'penalty_k': 0.035954343253351076, 'scale_lr': 0.4817093459861973}. Best is trial 1270 with value: 0.3623636909959845.
checkpoint_e22 window_influence: 0.47623745754963154, penalty_k: 0.58034186452115999, scale_lr: 0.28523605600580387, EAO: 0.282
Trial 2240 finished with value: 0.2815716780345264 and parameters: {'window_influence': 0.47623745754963154, 'penalty_k': 0.58034186452116, 'scale_lr': 0.2852360560058039}. Best is trial 1270 with value: 0.3623636909959845.
checkpoint_e22 window_influence: 0.44856778200737224, penalty_k: 0.35988600621151923, scale_lr: 0.37293610831425894, EAO: 0.307
Trial 2241 finished with value: 0.3067488200121816 and parameters: {'window_influence': 0.44856778200737224, 'penalty_k': 0.3598860062115192, 'scale_lr': 0.37293610831425894}. Best is trial 1270 with value: 0.3623636909959845.
checkpoint_e22 window_influence: 0.50329147017569886, penalty_k: 0.07039613378574688, scale_lr: 0.30022291991941003, EAO: 0.315
Trial 2242 finished with value: 0.3151421811909991 and parameters: {'window_influence': 0.5032914701756989, 'penalty_k': 0.07039613378574688, 'scale_lr': 0.30022291991941}. Best is trial 1270 with value: 0.3623636909959845.
checkpoint_e22 window_influence: 0.46109950744917616, penalty_k: 0.11968354348601906, scale_lr: 0.32003204048556055, EAO: 0.349
Trial 2243 finished with value: 0.34856326176498653 and parameters: {'window_influence': 0.46109950744917616, 'penalty_k': 0.11968354348601906, 'scale_lr': 0.32003204048556055}. Best is trial 1270 with value: 0.3623636909959845.
checkpoint_e22 window_influence: 0.19816771807633640, penalty_k: 0.42085083289165015, scale_lr: 0.64667556096414691, EAO: 0.250
Trial 2244 finished with value: 0.25030552778494497 and parameters: {'window_influence': 0.1981677180763364, 'penalty_k': 0.42085083289165015, 'scale_lr': 0.6466755609641469}. Best is trial 1270 with value: 0.3623636909959845.
checkpoint_e22 window_influence: 0.07032711281912629, penalty_k: 0.08406427693693011, scale_lr: 0.44330888383146799, EAO: 0.249
Trial 2245 finished with value: 0.24892334100801194 and parameters: {'window_influence': 0.07032711281912629, 'penalty_k': 0.08406427693693011, 'scale_lr': 0.443308883831468}. Best is trial 1270 with value: 0.3623636909959845.
checkpoint_e22 window_influence: 0.40344520248441096, penalty_k: 0.31820020407656541, scale_lr: 0.19645913857056765, EAO: 0.293
Trial 2246 finished with value: 0.29290284558492874 and parameters: {'window_influence': 0.40344520248441096, 'penalty_k': 0.3182002040765654, 'scale_lr': 0.19645913857056765}. Best is trial 1270 with value: 0.3623636909959845.
checkpoint_e22 window_influence: 0.64738262623042708, penalty_k: 0.58804640554296916, scale_lr: 0.72606721446889222, EAO: 0.203
Trial 2247 finished with value: 0.20348631999372044 and parameters: {'window_influence': 0.6473826262304271, 'penalty_k': 0.5880464055429692, 'scale_lr': 0.7260672144688922}. Best is trial 1270 with value: 0.3623636909959845.
checkpoint_e22 window_influence: 0.48546359244060411, penalty_k: 0.02127624687436381, scale_lr: 0.76764514464441713, EAO: 0.323
Trial 2248 finished with value: 0.32292344887896735 and parameters: {'window_influence': 0.4854635924406041, 'penalty_k': 0.02127624687436381, 'scale_lr': 0.7676451446444171}. Best is trial 1270 with value: 0.3623636909959845.
checkpoint_e22 window_influence: 0.46974042062317689, penalty_k: 0.13770575730191933, scale_lr: 0.35388463612238907, EAO: 0.310
Trial 2249 finished with value: 0.30961720871554277 and parameters: {'window_influence': 0.4697404206231769, 'penalty_k': 0.13770575730191933, 'scale_lr': 0.3538846361223891}. Best is trial 1270 with value: 0.3623636909959845.
checkpoint_e22 window_influence: 0.44151995466539323, penalty_k: 0.22209252979108141, scale_lr: 0.49205081177495702, EAO: 0.315
Trial 2250 finished with value: 0.31547170877456665 and parameters: {'window_influence': 0.44151995466539323, 'penalty_k': 0.2220925297910814, 'scale_lr': 0.492050811774957}. Best is trial 1270 with value: 0.3623636909959845.
checkpoint_e22 window_influence: 0.51042291262403117, penalty_k: 0.01016790899226404, scale_lr: 0.62550565453725515, EAO: 0.324
Trial 2251 finished with value: 0.3239166768492428 and parameters: {'window_influence': 0.5104229126240312, 'penalty_k': 0.010167908992264038, 'scale_lr': 0.6255056545372552}. Best is trial 1270 with value: 0.3623636909959845.
checkpoint_e22 window_influence: 0.49183662948444662, penalty_k: 0.50887293490338070, scale_lr: 0.58416035024499402, EAO: 0.287
Trial 2252 finished with value: 0.2868764215522239 and parameters: {'window_influence': 0.4918366294844466, 'penalty_k': 0.5088729349033807, 'scale_lr': 0.584160350244994}. Best is trial 1270 with value: 0.3623636909959845.
checkpoint_e22 window_influence: 0.27884898804885949, penalty_k: 0.27973598690521562, scale_lr: 0.75129365554105676, EAO: 0.283
Trial 2253 finished with value: 0.2828662972389956 and parameters: {'window_influence': 0.2788489880488595, 'penalty_k': 0.2797359869052156, 'scale_lr': 0.7512936555410568}. Best is trial 1270 with value: 0.3623636909959845.
checkpoint_e22 window_influence: 0.47527265371656346, penalty_k: 0.09742882061624658, scale_lr: 0.42871556953953349, EAO: 0.325
Trial 2254 finished with value: 0.32474261035251245 and parameters: {'window_influence': 0.47527265371656346, 'penalty_k': 0.09742882061624658, 'scale_lr': 0.4287155695395335}. Best is trial 1270 with value: 0.3623636909959845.
checkpoint_e22 window_influence: 0.45398524296712356, penalty_k: 0.29623666350041300, scale_lr: 0.14729556520286552, EAO: 0.294
Trial 2255 finished with value: 0.29405539114651513 and parameters: {'window_influence': 0.45398524296712356, 'penalty_k': 0.296236663500413, 'scale_lr': 0.14729556520286552}. Best is trial 1270 with value: 0.3623636909959845.
checkpoint_e22 window_influence: 0.35502832774870446, penalty_k: 0.16671434045239980, scale_lr: 0.24005367487570989, EAO: 0.300
Trial 2256 finished with value: 0.3002285344475438 and parameters: {'window_influence': 0.35502832774870446, 'penalty_k': 0.1667143404523998, 'scale_lr': 0.2400536748757099}. Best is trial 1270 with value: 0.3623636909959845.
checkpoint_e22 window_influence: 0.49661050386023325, penalty_k: 0.11046156889019396, scale_lr: 0.32631401225376672, EAO: 0.338
Trial 2257 finished with value: 0.3375057812330788 and parameters: {'window_influence': 0.49661050386023325, 'penalty_k': 0.11046156889019396, 'scale_lr': 0.3263140122537667}. Best is trial 1270 with value: 0.3623636909959845.
checkpoint_e22 window_influence: 0.32110197265453200, penalty_k: 0.43924134255623104, scale_lr: 0.67751624343772821, EAO: 0.312
Trial 2258 finished with value: 0.3118012738251037 and parameters: {'window_influence': 0.321101972654532, 'penalty_k': 0.43924134255623104, 'scale_lr': 0.6775162434377282}. Best is trial 1270 with value: 0.3623636909959845.
checkpoint_e22 window_influence: 0.47989377042486131, penalty_k: 0.06356010126609371, scale_lr: 0.39405014413369799, EAO: 0.332
Trial 2259 finished with value: 0.3317296074754069 and parameters: {'window_influence': 0.4798937704248613, 'penalty_k': 0.06356010126609371, 'scale_lr': 0.394050144133698}. Best is trial 1270 with value: 0.3623636909959845.
checkpoint_e22 window_influence: 0.54715977232080248, penalty_k: 0.14539049547913233, scale_lr: 0.60788714341668748, EAO: 0.276
Trial 2260 finished with value: 0.2759704419958916 and parameters: {'window_influence': 0.5471597723208025, 'penalty_k': 0.14539049547913233, 'scale_lr': 0.6078871434166875}. Best is trial 1270 with value: 0.3623636909959845.
checkpoint_e22 window_influence: 0.33956782306378658, penalty_k: 0.00080669937243758, scale_lr: 0.25809134513108345, EAO: 0.305
Trial 2261 finished with value: 0.30502601379550387 and parameters: {'window_influence': 0.3395678230637866, 'penalty_k': 0.000806699372437579, 'scale_lr': 0.25809134513108345}. Best is trial 1270 with value: 0.3623636909959845.
checkpoint_e22 window_influence: 0.42826682896653656, penalty_k: 0.24140442780954444, scale_lr: 0.70921579239769783, EAO: 0.311
Trial 2262 finished with value: 0.3112473620051076 and parameters: {'window_influence': 0.42826682896653656, 'penalty_k': 0.24140442780954444, 'scale_lr': 0.7092157923976978}. Best is trial 1270 with value: 0.3623636909959845.
checkpoint_e22 window_influence: 0.63105531890925992, penalty_k: 0.12704018251531057, scale_lr: 0.30964858057931777, EAO: 0.221
Trial 2263 finished with value: 0.22117996378167595 and parameters: {'window_influence': 0.6310553189092599, 'penalty_k': 0.12704018251531057, 'scale_lr': 0.30964858057931777}. Best is trial 1270 with value: 0.3623636909959845.
checkpoint_e22 window_influence: 0.51844473759342868, penalty_k: 0.08316951592102122, scale_lr: 0.45848000064685035, EAO: 0.322
Trial 2264 finished with value: 0.32231990737905764 and parameters: {'window_influence': 0.5184447375934287, 'penalty_k': 0.08316951592102122, 'scale_lr': 0.45848000064685035}. Best is trial 1270 with value: 0.3623636909959845.
checkpoint_e22 window_influence: 0.46205058848636127, penalty_k: 0.04046750574570720, scale_lr: 0.12970957849612863, EAO: 0.324
Trial 2265 finished with value: 0.3242302399549039 and parameters: {'window_influence': 0.46205058848636127, 'penalty_k': 0.0404675057457072, 'scale_lr': 0.12970957849612863}. Best is trial 1270 with value: 0.3623636909959845.
checkpoint_e22 window_influence: 0.53542191420286367, penalty_k: 0.02007974544830579, scale_lr: 0.22442104535792376, EAO: 0.316
Trial 2266 finished with value: 0.31648796721423184 and parameters: {'window_influence': 0.5354219142028637, 'penalty_k': 0.02007974544830579, 'scale_lr': 0.22442104535792376}. Best is trial 1270 with value: 0.3623636909959845.
checkpoint_e22 window_influence: 0.20391036268230356, penalty_k: 0.55322669277348535, scale_lr: 0.27827032667389989, EAO: 0.285
Trial 2267 finished with value: 0.2849797845350629 and parameters: {'window_influence': 0.20391036268230356, 'penalty_k': 0.5532266927734854, 'scale_lr': 0.2782703266738999}. Best is trial 1270 with value: 0.3623636909959845.
checkpoint_e22 window_influence: 0.57110762801854775, penalty_k: 0.17442053528148513, scale_lr: 0.50690428924459996, EAO: 0.276
Trial 2268 finished with value: 0.27617475952851633 and parameters: {'window_influence': 0.5711076280185478, 'penalty_k': 0.17442053528148513, 'scale_lr': 0.5069042892446}. Best is trial 1270 with value: 0.3623636909959845.
checkpoint_e22 window_influence: 0.48831487565978743, penalty_k: 0.25937075940545384, scale_lr: 0.36032362740408752, EAO: 0.310
Trial 2269 finished with value: 0.3099707834683504 and parameters: {'window_influence': 0.48831487565978743, 'penalty_k': 0.25937075940545384, 'scale_lr': 0.3603236274040875}. Best is trial 1270 with value: 0.3623636909959845.
checkpoint_e22 window_influence: 0.39258498354591359, penalty_k: 0.43130175135943055, scale_lr: 0.33799664153883069, EAO: 0.295
Trial 2270 finished with value: 0.2951098193454371 and parameters: {'window_influence': 0.3925849835459136, 'penalty_k': 0.43130175135943055, 'scale_lr': 0.3379966415388307}. Best is trial 1270 with value: 0.3623636909959845.
checkpoint_e22 window_influence: 0.60897376540399750, penalty_k: 0.10321246718418586, scale_lr: 0.41671468478702445, EAO: 0.243
Trial 2271 finished with value: 0.24271949093629414 and parameters: {'window_influence': 0.6089737654039975, 'penalty_k': 0.10321246718418586, 'scale_lr': 0.41671468478702445}. Best is trial 1270 with value: 0.3623636909959845.
checkpoint_e22 window_influence: 0.17605794437739228, penalty_k: 0.02856505765120204, scale_lr: 0.47268152024247234, EAO: 0.281
Trial 2272 finished with value: 0.2806217258194541 and parameters: {'window_influence': 0.17605794437739228, 'penalty_k': 0.02856505765120204, 'scale_lr': 0.47268152024247234}. Best is trial 1270 with value: 0.3623636909959845.
checkpoint_e22 window_influence: 0.46684826774361476, penalty_k: 0.12321350791408395, scale_lr: 0.38024711922847032, EAO: 0.329
Trial 2273 finished with value: 0.32884668741476675 and parameters: {'window_influence': 0.46684826774361476, 'penalty_k': 0.12321350791408395, 'scale_lr': 0.3802471192284703}. Best is trial 1270 with value: 0.3623636909959845.
checkpoint_e22 window_influence: 0.50289569650959054, penalty_k: 0.36627545301390996, scale_lr: 0.63024092422233102, EAO: 0.281
Trial 2274 finished with value: 0.281446138708508 and parameters: {'window_influence': 0.5028956965095905, 'penalty_k': 0.36627545301390996, 'scale_lr': 0.630240924222331}. Best is trial 1270 with value: 0.3623636909959845.
checkpoint_e22 window_influence: 0.09342593309194180, penalty_k: 0.09249019655157260, scale_lr: 0.29255397610291123, EAO: 0.254
Trial 2275 finished with value: 0.2535428000099464 and parameters: {'window_influence': 0.0934259330919418, 'penalty_k': 0.0924901965515726, 'scale_lr': 0.29255397610291123}. Best is trial 1270 with value: 0.3623636909959845.
checkpoint_e22 window_influence: 0.18133175628274847, penalty_k: 0.00057456353105420, scale_lr: 0.59579297385723839, EAO: 0.282
Trial 2276 finished with value: 0.2818056814053643 and parameters: {'window_influence': 0.18133175628274847, 'penalty_k': 0.0005745635310541973, 'scale_lr': 0.5957929738572384}. Best is trial 1270 with value: 0.3623636909959845.
checkpoint_e22 window_influence: 0.44271920805191273, penalty_k: 0.07451178590304063, scale_lr: 0.66221065200283391, EAO: 0.315
Trial 2277 finished with value: 0.31544245483810335 and parameters: {'window_influence': 0.4427192080519127, 'penalty_k': 0.07451178590304063, 'scale_lr': 0.6622106520028339}. Best is trial 1270 with value: 0.3623636909959845.
checkpoint_e22 window_influence: 0.29294777616867895, penalty_k: 0.53854090687482215, scale_lr: 0.31295579590378203, EAO: 0.291
Trial 2278 finished with value: 0.29063962765240947 and parameters: {'window_influence': 0.29294777616867895, 'penalty_k': 0.5385409068748221, 'scale_lr': 0.31295579590378203}. Best is trial 1270 with value: 0.3623636909959845.
checkpoint_e22 window_influence: 0.48107202308997682, penalty_k: 0.05400258947359853, scale_lr: 0.26586452862471749, EAO: 0.310
Trial 2279 finished with value: 0.3102376092848611 and parameters: {'window_influence': 0.4810720230899768, 'penalty_k': 0.054002589473598525, 'scale_lr': 0.2658645286247175}. Best is trial 1270 with value: 0.3623636909959845.
checkpoint_e22 window_influence: 0.45791361695370897, penalty_k: 0.58881554975835160, scale_lr: 0.61842619354444994, EAO: 0.315
Trial 2280 finished with value: 0.31523635583397014 and parameters: {'window_influence': 0.45791361695370897, 'penalty_k': 0.5888155497583516, 'scale_lr': 0.6184261935444499}. Best is trial 1270 with value: 0.3623636909959845.
checkpoint_e22 window_influence: 0.60038947449723856, penalty_k: 0.15750264989096058, scale_lr: 0.72030992659236404, EAO: 0.240
Trial 2281 finished with value: 0.24036329051168048 and parameters: {'window_influence': 0.6003894744972386, 'penalty_k': 0.15750264989096058, 'scale_lr': 0.720309926592364}. Best is trial 1270 with value: 0.3623636909959845.
checkpoint_e22 window_influence: 0.41944795521463502, penalty_k: 0.11718974043907715, scale_lr: 0.64817342171271530, EAO: 0.318
Trial 2282 finished with value: 0.31758823544366815 and parameters: {'window_influence': 0.419447955214635, 'penalty_k': 0.11718974043907715, 'scale_lr': 0.6481734217127153}. Best is trial 1270 with value: 0.3623636909959845.
checkpoint_e22 window_influence: 0.27841232648777842, penalty_k: 0.01098331935791202, scale_lr: 0.69428085624896507, EAO: 0.268
Trial 2283 finished with value: 0.26774509993276707 and parameters: {'window_influence': 0.2784123264877784, 'penalty_k': 0.010983319357912018, 'scale_lr': 0.6942808562489651}. Best is trial 1270 with value: 0.3623636909959845.
checkpoint_e22 window_influence: 0.31587804472198877, penalty_k: 0.18197480782388109, scale_lr: 0.44465181078842714, EAO: 0.279
