Trial 310 finished with value: 0.3173049899390699 and parameters: {'window_influence': 0.4679874518534091, 'penalty_k': 0.1678684344448124, 'scale_lr': 0.34089970723590574}. Best is trial 128 with value: 0.3574732866732527.
checkpoint_e16 window_influence: 0.53693138891560699, penalty_k: 0.14507188000802831, scale_lr: 0.37664041183148855, EAO: 0.279
Trial 311 finished with value: 0.2792602937509114 and parameters: {'window_influence': 0.536931388915607, 'penalty_k': 0.14507188000802831, 'scale_lr': 0.37664041183148855}. Best is trial 128 with value: 0.3574732866732527.
checkpoint_e16 window_influence: 0.49836946577427926, penalty_k: 0.22088219703576439, scale_lr: 0.29527213605837638, EAO: 0.314
Trial 312 finished with value: 0.3142184928813333 and parameters: {'window_influence': 0.49836946577427926, 'penalty_k': 0.2208821970357644, 'scale_lr': 0.2952721360583764}. Best is trial 128 with value: 0.3574732866732527.
checkpoint_e16 window_influence: 0.47746560053658266, penalty_k: 0.13896221340667342, scale_lr: 0.24804100560759756, EAO: 0.321
Trial 313 finished with value: 0.32083125650186944 and parameters: {'window_influence': 0.47746560053658266, 'penalty_k': 0.13896221340667342, 'scale_lr': 0.24804100560759756}. Best is trial 128 with value: 0.3574732866732527.
checkpoint_e16 window_influence: 0.22806018049003210, penalty_k: 0.16093904840220916, scale_lr: 0.27515776404228404, EAO: 0.289
Trial 314 finished with value: 0.28898791951428127 and parameters: {'window_influence': 0.2280601804900321, 'penalty_k': 0.16093904840220916, 'scale_lr': 0.27515776404228404}. Best is trial 128 with value: 0.3574732866732527.
checkpoint_e16 window_influence: 0.45777712656678882, penalty_k: 0.17974529386455090, scale_lr: 0.31716166161480180, EAO: 0.335
Trial 315 finished with value: 0.3346392299530571 and parameters: {'window_influence': 0.4577771265667888, 'penalty_k': 0.1797452938645509, 'scale_lr': 0.3171616616148018}. Best is trial 128 with value: 0.3574732866732527.
checkpoint_e16 window_influence: 0.51456004558874868, penalty_k: 0.11321339270543006, scale_lr: 0.35019291923469364, EAO: 0.331
Trial 316 finished with value: 0.33067010331478564 and parameters: {'window_influence': 0.5145600455887487, 'penalty_k': 0.11321339270543006, 'scale_lr': 0.35019291923469364}. Best is trial 128 with value: 0.3574732866732527.
checkpoint_e16 window_influence: 0.46803244495162105, penalty_k: 0.32236792062194974, scale_lr: 0.30569302081191685, EAO: 0.298
Trial 317 finished with value: 0.29779568082627617 and parameters: {'window_influence': 0.46803244495162105, 'penalty_k': 0.32236792062194974, 'scale_lr': 0.30569302081191685}. Best is trial 128 with value: 0.3574732866732527.
checkpoint_e16 window_influence: 0.49094707988990371, penalty_k: 0.14989106110089379, scale_lr: 0.32255350988958376, EAO: 0.301
Trial 318 finished with value: 0.30146525620486486 and parameters: {'window_influence': 0.4909470798899037, 'penalty_k': 0.14989106110089379, 'scale_lr': 0.32255350988958376}. Best is trial 128 with value: 0.3574732866732527.
checkpoint_e16 window_influence: 0.14934183406740117, penalty_k: 0.13579528781225364, scale_lr: 0.27417457226666930, EAO: 0.274
Trial 319 finished with value: 0.2738444732088987 and parameters: {'window_influence': 0.14934183406740117, 'penalty_k': 0.13579528781225364, 'scale_lr': 0.2741745722666693}. Best is trial 128 with value: 0.3574732866732527.
checkpoint_e16 window_influence: 0.47868319879609733, penalty_k: 0.26104618366661381, scale_lr: 0.22717021634364692, EAO: 0.296
Trial 320 finished with value: 0.296047128302114 and parameters: {'window_influence': 0.47868319879609733, 'penalty_k': 0.2610461836666138, 'scale_lr': 0.22717021634364692}. Best is trial 128 with value: 0.3574732866732527.
checkpoint_e16 window_influence: 0.45309342092852894, penalty_k: 0.46474963519012447, scale_lr: 0.29291241208093888, EAO: 0.311
Trial 321 finished with value: 0.31051617101240714 and parameters: {'window_influence': 0.45309342092852894, 'penalty_k': 0.46474963519012447, 'scale_lr': 0.2929124120809389}. Best is trial 128 with value: 0.3574732866732527.
checkpoint_e16 window_influence: 0.45988322208269855, penalty_k: 0.26856060494049827, scale_lr: 0.36321957880964156, EAO: 0.308
Trial 322 finished with value: 0.30805764512561173 and parameters: {'window_influence': 0.45988322208269855, 'penalty_k': 0.26856060494049827, 'scale_lr': 0.36321957880964156}. Best is trial 128 with value: 0.3574732866732527.
checkpoint_e16 window_influence: 0.58347421592620896, penalty_k: 0.16270863606133815, scale_lr: 0.20793712609742854, EAO: 0.285
Trial 323 finished with value: 0.2849546591479491 and parameters: {'window_influence': 0.583474215926209, 'penalty_k': 0.16270863606133815, 'scale_lr': 0.20793712609742854}. Best is trial 128 with value: 0.3574732866732527.
checkpoint_e16 window_influence: 0.49009199335388753, penalty_k: 0.12354448446188469, scale_lr: 0.34143231055896961, EAO: 0.325
Trial 324 finished with value: 0.3252392069722892 and parameters: {'window_influence': 0.49009199335388753, 'penalty_k': 0.1235444844618847, 'scale_lr': 0.3414323105589696}. Best is trial 128 with value: 0.3574732866732527.
checkpoint_e16 window_influence: 0.47121755083620664, penalty_k: 0.06977367142766371, scale_lr: 0.25392847280339081, EAO: 0.354
Trial 325 finished with value: 0.35390292357377967 and parameters: {'window_influence': 0.47121755083620664, 'penalty_k': 0.0697736714276637, 'scale_lr': 0.2539284728033908}. Best is trial 128 with value: 0.3574732866732527.
checkpoint_e16 window_influence: 0.44716464012480833, penalty_k: 0.06626948354479925, scale_lr: 0.31227031513198272, EAO: 0.337
Trial 326 finished with value: 0.3372101286273986 and parameters: {'window_influence': 0.44716464012480833, 'penalty_k': 0.06626948354479925, 'scale_lr': 0.3122703151319827}. Best is trial 128 with value: 0.3574732866732527.
checkpoint_e16 window_influence: 0.35510747577236396, penalty_k: 0.08661388575121501, scale_lr: 0.37877937695109137, EAO: 0.331
Trial 327 finished with value: 0.33086228446042026 and parameters: {'window_influence': 0.35510747577236396, 'penalty_k': 0.08661388575121501, 'scale_lr': 0.3787793769510914}. Best is trial 128 with value: 0.3574732866732527.
checkpoint_e16 window_influence: 0.47087747055961998, penalty_k: 0.08619743865398903, scale_lr: 0.28589488907049787, EAO: 0.337
Trial 328 finished with value: 0.33714455232777946 and parameters: {'window_influence': 0.47087747055962, 'penalty_k': 0.08619743865398903, 'scale_lr': 0.28589488907049787}. Best is trial 128 with value: 0.3574732866732527.
checkpoint_e16 window_influence: 0.30834546584919981, penalty_k: 0.07637066999143610, scale_lr: 0.25089447060995396, EAO: 0.318
Trial 329 finished with value: 0.3184718788829759 and parameters: {'window_influence': 0.3083454658491998, 'penalty_k': 0.0763706699914361, 'scale_lr': 0.25089447060995396}. Best is trial 128 with value: 0.3574732866732527.
checkpoint_e16 window_influence: 0.46213907194748133, penalty_k: 0.05874039099429818, scale_lr: 0.32871365668401836, EAO: 0.318
Trial 330 finished with value: 0.3184414742521739 and parameters: {'window_influence': 0.46213907194748133, 'penalty_k': 0.058740390994298175, 'scale_lr': 0.32871365668401836}. Best is trial 128 with value: 0.3574732866732527.
checkpoint_e16 window_influence: 0.44565612092082241, penalty_k: 0.10067438189473794, scale_lr: 0.30423501431584976, EAO: 0.319
Trial 331 finished with value: 0.3186811008110121 and parameters: {'window_influence': 0.4456561209208224, 'penalty_k': 0.10067438189473794, 'scale_lr': 0.30423501431584976}. Best is trial 128 with value: 0.3574732866732527.
checkpoint_e16 window_influence: 0.47592876251570804, penalty_k: 0.11548484594176182, scale_lr: 0.61596738473133217, EAO: 0.314
Trial 332 finished with value: 0.3143649759343626 and parameters: {'window_influence': 0.47592876251570804, 'penalty_k': 0.11548484594176182, 'scale_lr': 0.6159673847313322}. Best is trial 128 with value: 0.3574732866732527.
checkpoint_e16 window_influence: 0.50390271321263413, penalty_k: 0.06738167800181148, scale_lr: 0.34944487777490352, EAO: 0.336
Trial 333 finished with value: 0.3359069402115818 and parameters: {'window_influence': 0.5039027132126341, 'penalty_k': 0.06738167800181148, 'scale_lr': 0.3494448777749035}. Best is trial 128 with value: 0.3574732866732527.
checkpoint_e16 window_influence: 0.35745399493521518, penalty_k: 0.23718884440058713, scale_lr: 0.26891762717411194, EAO: 0.315
Trial 334 finished with value: 0.3153007850920644 and parameters: {'window_influence': 0.3574539949352152, 'penalty_k': 0.23718884440058713, 'scale_lr': 0.26891762717411194}. Best is trial 128 with value: 0.3574732866732527.
checkpoint_e16 window_influence: 0.63066142523169866, penalty_k: 0.04478062375424890, scale_lr: 0.21990380854165001, EAO: 0.268
Trial 335 finished with value: 0.26784952750233826 and parameters: {'window_influence': 0.6306614252316987, 'penalty_k': 0.044780623754248905, 'scale_lr': 0.21990380854165}. Best is trial 128 with value: 0.3574732866732527.
checkpoint_e16 window_influence: 0.42887865731953495, penalty_k: 0.02336808657491996, scale_lr: 0.67230102030047423, EAO: 0.323
Trial 336 finished with value: 0.3229452712526581 and parameters: {'window_influence': 0.42887865731953495, 'penalty_k': 0.023368086574919955, 'scale_lr': 0.6723010203004742}. Best is trial 128 with value: 0.3574732866732527.
checkpoint_e16 window_influence: 0.41156644159368888, penalty_k: 0.24477860378221541, scale_lr: 0.33502941741403997, EAO: 0.309
Trial 337 finished with value: 0.30915163619740926 and parameters: {'window_influence': 0.4115664415936889, 'penalty_k': 0.24477860378221541, 'scale_lr': 0.33502941741403997}. Best is trial 128 with value: 0.3574732866732527.
checkpoint_e16 window_influence: 0.45854872742361075, penalty_k: 0.13978202236391091, scale_lr: 0.55952519603405571, EAO: 0.323
Trial 338 finished with value: 0.3226300052979577 and parameters: {'window_influence': 0.45854872742361075, 'penalty_k': 0.1397820223639109, 'scale_lr': 0.5595251960340557}. Best is trial 128 with value: 0.3574732866732527.
checkpoint_e16 window_influence: 0.47722789365852525, penalty_k: 0.35154387991830405, scale_lr: 0.48213957364950194, EAO: 0.301
Trial 339 finished with value: 0.30096725441138567 and parameters: {'window_influence': 0.47722789365852525, 'penalty_k': 0.35154387991830405, 'scale_lr': 0.48213957364950194}. Best is trial 128 with value: 0.3574732866732527.
checkpoint_e16 window_influence: 0.44538735250426509, penalty_k: 0.17867040656793864, scale_lr: 0.24363397822005986, EAO: 0.321
Trial 340 finished with value: 0.32101320054976396 and parameters: {'window_influence': 0.4453873525042651, 'penalty_k': 0.17867040656793864, 'scale_lr': 0.24363397822005986}. Best is trial 128 with value: 0.3574732866732527.
checkpoint_e16 window_influence: 0.52961990859458663, penalty_k: 0.12372218245575708, scale_lr: 0.31551229665642361, EAO: 0.309
Trial 341 finished with value: 0.3091881155735788 and parameters: {'window_influence': 0.5296199085945866, 'penalty_k': 0.12372218245575708, 'scale_lr': 0.3155122966564236}. Best is trial 128 with value: 0.3574732866732527.
checkpoint_e16 window_influence: 0.46532162548447531, penalty_k: 0.05339865799265463, scale_lr: 0.29559834667044987, EAO: 0.331
Trial 342 finished with value: 0.3307972858272174 and parameters: {'window_influence': 0.4653216254844753, 'penalty_k': 0.05339865799265463, 'scale_lr': 0.2955983466704499}. Best is trial 128 with value: 0.3574732866732527.
checkpoint_e16 window_influence: 0.48479403307170199, penalty_k: 0.28675795757250078, scale_lr: 0.27729821655699088, EAO: 0.303
Trial 343 finished with value: 0.30341714417656107 and parameters: {'window_influence': 0.484794033071702, 'penalty_k': 0.2867579575725008, 'scale_lr': 0.2772982165569909}. Best is trial 128 with value: 0.3574732866732527.
checkpoint_e16 window_influence: 0.38177590790128058, penalty_k: 0.22506244521299290, scale_lr: 0.35972093508480946, EAO: 0.315
Trial 344 finished with value: 0.3151104545894764 and parameters: {'window_influence': 0.3817759079012806, 'penalty_k': 0.2250624452129929, 'scale_lr': 0.35972093508480946}. Best is trial 128 with value: 0.3574732866732527.
checkpoint_e16 window_influence: 0.49831596259544542, penalty_k: 0.10749809691794897, scale_lr: 0.32247129496971150, EAO: 0.320
Trial 345 finished with value: 0.3198638376906688 and parameters: {'window_influence': 0.4983159625954454, 'penalty_k': 0.10749809691794897, 'scale_lr': 0.3224712949697115}. Best is trial 128 with value: 0.3574732866732527.
checkpoint_e16 window_influence: 0.06392134512647007, penalty_k: 0.30306544473268687, scale_lr: 0.26082591402802446, EAO: 0.269
Trial 346 finished with value: 0.26930705466622973 and parameters: {'window_influence': 0.06392134512647007, 'penalty_k': 0.3030654447326869, 'scale_lr': 0.26082591402802446}. Best is trial 128 with value: 0.3574732866732527.
checkpoint_e16 window_influence: 0.45184025994772170, penalty_k: 0.15121459747476565, scale_lr: 0.30109021929296120, EAO: 0.324
Trial 347 finished with value: 0.3237899908875677 and parameters: {'window_influence': 0.4518402599477217, 'penalty_k': 0.15121459747476565, 'scale_lr': 0.3010902192929612}. Best is trial 128 with value: 0.3574732866732527.
checkpoint_e16 window_influence: 0.46864301504225075, penalty_k: 0.13319557276993169, scale_lr: 0.38521600182991272, EAO: 0.314
Trial 348 finished with value: 0.31414068690301844 and parameters: {'window_influence': 0.46864301504225075, 'penalty_k': 0.13319557276993169, 'scale_lr': 0.3852160018299127}. Best is trial 128 with value: 0.3574732866732527.
checkpoint_e16 window_influence: 0.43453522727700611, penalty_k: 0.16851539712055619, scale_lr: 0.34173180965610800, EAO: 0.326
Trial 349 finished with value: 0.32573618006381544 and parameters: {'window_influence': 0.4345352272770061, 'penalty_k': 0.1685153971205562, 'scale_lr': 0.341731809656108}. Best is trial 128 with value: 0.3574732866732527.
checkpoint_e16 window_influence: 0.51268846187388495, penalty_k: 0.09646253557454862, scale_lr: 0.74634582612739653, EAO: 0.294
Trial 350 finished with value: 0.29395034103310064 and parameters: {'window_influence': 0.512688461873885, 'penalty_k': 0.09646253557454862, 'scale_lr': 0.7463458261273965}. Best is trial 128 with value: 0.3574732866732527.
checkpoint_e16 window_influence: 0.47798298508770692, penalty_k: 0.14412080228263716, scale_lr: 0.28700053071424725, EAO: 0.336
Trial 351 finished with value: 0.3364579446816723 and parameters: {'window_influence': 0.4779829850877069, 'penalty_k': 0.14412080228263716, 'scale_lr': 0.28700053071424725}. Best is trial 128 with value: 0.3574732866732527.
checkpoint_e16 window_influence: 0.45395610892299465, penalty_k: 0.27700124911736701, scale_lr: 0.32565359643160463, EAO: 0.328
Trial 352 finished with value: 0.32817808199485454 and parameters: {'window_influence': 0.45395610892299465, 'penalty_k': 0.277001249117367, 'scale_lr': 0.32565359643160463}. Best is trial 128 with value: 0.3574732866732527.
checkpoint_e16 window_influence: 0.64949913861607567, penalty_k: 0.15513538211338393, scale_lr: 0.23647966568910445, EAO: 0.251
Trial 353 finished with value: 0.2512078936345846 and parameters: {'window_influence': 0.6494991386160757, 'penalty_k': 0.15513538211338393, 'scale_lr': 0.23647966568910445}. Best is trial 128 with value: 0.3574732866732527.
checkpoint_e16 window_influence: 0.48839410682061413, penalty_k: 0.13158181127041396, scale_lr: 0.30880432852502865, EAO: 0.329
Trial 354 finished with value: 0.32943730189642556 and parameters: {'window_influence': 0.4883941068206141, 'penalty_k': 0.13158181127041396, 'scale_lr': 0.30880432852502865}. Best is trial 128 with value: 0.3574732866732527.
checkpoint_e16 window_influence: 0.55001831132718104, penalty_k: 0.11785537656533820, scale_lr: 0.17176924359295245, EAO: 0.313
Trial 355 finished with value: 0.31279759526484674 and parameters: {'window_influence': 0.550018311327181, 'penalty_k': 0.1178553765653382, 'scale_lr': 0.17176924359295245}. Best is trial 128 with value: 0.3574732866732527.
checkpoint_e16 window_influence: 0.57366615694040746, penalty_k: 0.07700748532301417, scale_lr: 0.36443546997256826, EAO: 0.289
Trial 356 finished with value: 0.28891705718717686 and parameters: {'window_influence': 0.5736661569404075, 'penalty_k': 0.07700748532301417, 'scale_lr': 0.36443546997256826}. Best is trial 128 with value: 0.3574732866732527.
checkpoint_e16 window_influence: 0.43989350667454186, penalty_k: 0.18506494299514836, scale_lr: 0.34842859430675643, EAO: 0.313
Trial 357 finished with value: 0.3131158860972883 and parameters: {'window_influence': 0.43989350667454186, 'penalty_k': 0.18506494299514836, 'scale_lr': 0.34842859430675643}. Best is trial 128 with value: 0.3574732866732527.
checkpoint_e16 window_influence: 0.46756080517998516, penalty_k: 0.16745121675830954, scale_lr: 0.52518787734334282, EAO: 0.309
Trial 358 finished with value: 0.30920177889473244 and parameters: {'window_influence': 0.46756080517998516, 'penalty_k': 0.16745121675830954, 'scale_lr': 0.5251878773433428}. Best is trial 128 with value: 0.3574732866732527.
checkpoint_e16 window_influence: 0.16999473448934338, penalty_k: 0.14439898681593508, scale_lr: 0.27723640408062361, EAO: 0.264
Trial 359 finished with value: 0.2637385225017711 and parameters: {'window_influence': 0.16999473448934338, 'penalty_k': 0.14439898681593508, 'scale_lr': 0.2772364040806236}. Best is trial 128 with value: 0.3574732866732527.
checkpoint_e16 window_influence: 0.49727949457740422, penalty_k: 0.40060210614477376, scale_lr: 0.40605313969510848, EAO: 0.291
Trial 360 finished with value: 0.2907032598433328 and parameters: {'window_influence': 0.4972794945774042, 'penalty_k': 0.40060210614477376, 'scale_lr': 0.4060531396951085}. Best is trial 128 with value: 0.3574732866732527.
checkpoint_e16 window_influence: 0.33676573910055507, penalty_k: 0.12570039868604266, scale_lr: 0.21047810796657868, EAO: 0.311
Trial 361 finished with value: 0.3110024323143384 and parameters: {'window_influence': 0.3367657391005551, 'penalty_k': 0.12570039868604266, 'scale_lr': 0.21047810796657868}. Best is trial 128 with value: 0.3574732866732527.
checkpoint_e16 window_influence: 0.42498580141619074, penalty_k: 0.13718868388893599, scale_lr: 0.33379504127440329, EAO: 0.344
Trial 362 finished with value: 0.34424415613426773 and parameters: {'window_influence': 0.42498580141619074, 'penalty_k': 0.13718868388893599, 'scale_lr': 0.3337950412744033}. Best is trial 128 with value: 0.3574732866732527.
checkpoint_e16 window_influence: 0.20576988345734304, penalty_k: 0.15928456538358396, scale_lr: 0.26145247404463740, EAO: 0.289
Trial 363 finished with value: 0.288671752010338 and parameters: {'window_influence': 0.20576988345734304, 'penalty_k': 0.15928456538358396, 'scale_lr': 0.2614524740446374}. Best is trial 128 with value: 0.3574732866732527.
checkpoint_e16 window_influence: 0.42407876032498004, penalty_k: 0.11599411986539757, scale_lr: 0.29143916539618336, EAO: 0.327
Trial 364 finished with value: 0.32679333053674214 and parameters: {'window_influence': 0.42407876032498004, 'penalty_k': 0.11599411986539757, 'scale_lr': 0.29143916539618336}. Best is trial 128 with value: 0.3574732866732527.
checkpoint_e16 window_influence: 0.42637500160544450, penalty_k: 0.10540451256073274, scale_lr: 0.33746552919188294, EAO: 0.343
Trial 365 finished with value: 0.34258321345084375 and parameters: {'window_influence': 0.4263750016054445, 'penalty_k': 0.10540451256073274, 'scale_lr': 0.33746552919188294}. Best is trial 128 with value: 0.3574732866732527.
checkpoint_e16 window_influence: 0.41372955625896324, penalty_k: 0.10692134550118143, scale_lr: 0.34062536296154466, EAO: 0.323
Trial 366 finished with value: 0.32276977389934924 and parameters: {'window_influence': 0.41372955625896324, 'penalty_k': 0.10692134550118143, 'scale_lr': 0.34062536296154466}. Best is trial 128 with value: 0.3574732866732527.
checkpoint_e16 window_influence: 0.40554140660883814, penalty_k: 0.20886637240563827, scale_lr: 0.35464212408399870, EAO: 0.332
Trial 367 finished with value: 0.331641753591916 and parameters: {'window_influence': 0.40554140660883814, 'penalty_k': 0.20886637240563827, 'scale_lr': 0.3546421240839987}. Best is trial 128 with value: 0.3574732866732527.
checkpoint_e16 window_influence: 0.39734032588848589, penalty_k: 0.09193073333634014, scale_lr: 0.39249100461142744, EAO: 0.308
Trial 368 finished with value: 0.30770120650877747 and parameters: {'window_influence': 0.3973403258884859, 'penalty_k': 0.09193073333634014, 'scale_lr': 0.39249100461142744}. Best is trial 128 with value: 0.3574732866732527.
checkpoint_e16 window_influence: 0.41964439520899077, penalty_k: 0.10092112223754390, scale_lr: 0.18732362169220540, EAO: 0.330
Trial 369 finished with value: 0.3302114713748605 and parameters: {'window_influence': 0.4196443952089908, 'penalty_k': 0.1009211222375439, 'scale_lr': 0.1873236216922054}. Best is trial 128 with value: 0.3574732866732527.
checkpoint_e16 window_influence: 0.44126891366934118, penalty_k: 0.23206638928547418, scale_lr: 0.37086333034419378, EAO: 0.307
Trial 370 finished with value: 0.3073557127078683 and parameters: {'window_influence': 0.4412689136693412, 'penalty_k': 0.23206638928547418, 'scale_lr': 0.3708633303441938}. Best is trial 128 with value: 0.3574732866732527.
checkpoint_e16 window_influence: 0.36930544915821339, penalty_k: 0.07961086963565242, scale_lr: 0.33933840566765788, EAO: 0.318
Trial 371 finished with value: 0.3180269840162552 and parameters: {'window_influence': 0.3693054491582134, 'penalty_k': 0.07961086963565242, 'scale_lr': 0.3393384056676579}. Best is trial 128 with value: 0.3574732866732527.
checkpoint_e16 window_influence: 0.43164887785182171, penalty_k: 0.12420979098774249, scale_lr: 0.14092917737083643, EAO: 0.319
