Trial 1481 finished with value: 0.2691246297804762 and parameters: {'window_influence': 0.17132864667236206, 'penalty_k': 0.010166209117855186, 'scale_lr': 0.4477685857662387}. Best is trial 1136 with value: 0.3697957394188016.
checkpoint_e33 window_influence: 0.51346596162047486, penalty_k: 0.02370493806264742, scale_lr: 0.70767852004352805, EAO: 0.334
Trial 1482 finished with value: 0.33430477223043775 and parameters: {'window_influence': 0.5134659616204749, 'penalty_k': 0.02370493806264742, 'scale_lr': 0.707678520043528}. Best is trial 1136 with value: 0.3697957394188016.
checkpoint_e33 window_influence: 0.45780070213020108, penalty_k: 0.26629264658691304, scale_lr: 0.46519406825353743, EAO: 0.339
Trial 1483 finished with value: 0.33875866170523233 and parameters: {'window_influence': 0.4578007021302011, 'penalty_k': 0.26629264658691304, 'scale_lr': 0.46519406825353743}. Best is trial 1136 with value: 0.3697957394188016.
checkpoint_e33 window_influence: 0.48129112604837676, penalty_k: 0.41160077733438472, scale_lr: 0.41699829209847261, EAO: 0.315
Trial 1484 finished with value: 0.3149411262589206 and parameters: {'window_influence': 0.48129112604837676, 'penalty_k': 0.4116007773343847, 'scale_lr': 0.4169982920984726}. Best is trial 1136 with value: 0.3697957394188016.
checkpoint_e33 window_influence: 0.44144013905273721, penalty_k: 0.21775109021814398, scale_lr: 0.22522071335163049, EAO: 0.343
Trial 1485 finished with value: 0.34271400819028863 and parameters: {'window_influence': 0.4414401390527372, 'penalty_k': 0.21775109021814398, 'scale_lr': 0.2252207133516305}. Best is trial 1136 with value: 0.3697957394188016.
checkpoint_e33 window_influence: 0.49569031944865805, penalty_k: 0.05859543427811980, scale_lr: 0.35570665804437157, EAO: 0.338
Trial 1486 finished with value: 0.3381429126754345 and parameters: {'window_influence': 0.49569031944865805, 'penalty_k': 0.0585954342781198, 'scale_lr': 0.35570665804437157}. Best is trial 1136 with value: 0.3697957394188016.
checkpoint_e33 window_influence: 0.33754964699827666, penalty_k: 0.04884302239690218, scale_lr: 0.68867833301418657, EAO: 0.332
Trial 1487 finished with value: 0.3324192024274559 and parameters: {'window_influence': 0.33754964699827666, 'penalty_k': 0.048843022396902185, 'scale_lr': 0.6886783330141866}. Best is trial 1136 with value: 0.3697957394188016.
checkpoint_e33 window_influence: 0.46875298733785564, penalty_k: 0.17948959236205855, scale_lr: 0.24288051691882159, EAO: 0.317
Trial 1488 finished with value: 0.31723814796844807 and parameters: {'window_influence': 0.46875298733785564, 'penalty_k': 0.17948959236205855, 'scale_lr': 0.2428805169188216}. Best is trial 1136 with value: 0.3697957394188016.
checkpoint_e33 window_influence: 0.45139175065093257, penalty_k: 0.24258487496163880, scale_lr: 0.50011976403241742, EAO: 0.345
Trial 1489 finished with value: 0.34479758711640474 and parameters: {'window_influence': 0.45139175065093257, 'penalty_k': 0.2425848749616388, 'scale_lr': 0.5001197640324174}. Best is trial 1136 with value: 0.3697957394188016.
checkpoint_e33 window_influence: 0.60925241732994695, penalty_k: 0.09430179696981492, scale_lr: 0.20045575662225101, EAO: 0.286
Trial 1490 finished with value: 0.28638012405731333 and parameters: {'window_influence': 0.609252417329947, 'penalty_k': 0.09430179696981492, 'scale_lr': 0.200455756622251}. Best is trial 1136 with value: 0.3697957394188016.
checkpoint_e33 window_influence: 0.50999675717354198, penalty_k: 0.07259971658377866, scale_lr: 0.53881672457790108, EAO: 0.348
Trial 1491 finished with value: 0.3481528757843062 and parameters: {'window_influence': 0.509996757173542, 'penalty_k': 0.07259971658377866, 'scale_lr': 0.5388167245779011}. Best is trial 1136 with value: 0.3697957394188016.
checkpoint_e33 window_influence: 0.24949676396680634, penalty_k: 0.19486661661328478, scale_lr: 0.43478592953128770, EAO: 0.274
Trial 1492 finished with value: 0.274407356049764 and parameters: {'window_influence': 0.24949676396680634, 'penalty_k': 0.19486661661328478, 'scale_lr': 0.4347859295312877}. Best is trial 1136 with value: 0.3697957394188016.
checkpoint_e33 window_influence: 0.48360980320194069, penalty_k: 0.12562771042969351, scale_lr: 0.38100218758519094, EAO: 0.343
Trial 1493 finished with value: 0.3430730199535533 and parameters: {'window_influence': 0.4836098032019407, 'penalty_k': 0.1256277104296935, 'scale_lr': 0.38100218758519094}. Best is trial 1136 with value: 0.3697957394188016.
checkpoint_e33 window_influence: 0.38131617454516742, penalty_k: 0.03257524560574726, scale_lr: 0.40293367135760605, EAO: 0.323
Trial 1494 finished with value: 0.3234361278523731 and parameters: {'window_influence': 0.3813161745451674, 'penalty_k': 0.03257524560574726, 'scale_lr': 0.40293367135760605}. Best is trial 1136 with value: 0.3697957394188016.
checkpoint_e33 window_influence: 0.46133283078923698, penalty_k: 0.00916988531084730, scale_lr: 0.56763308444170890, EAO: 0.321
Trial 1495 finished with value: 0.32063478098073356 and parameters: {'window_influence': 0.461332830789237, 'penalty_k': 0.009169885310847298, 'scale_lr': 0.5676330844417089}. Best is trial 1136 with value: 0.3697957394188016.
checkpoint_e33 window_influence: 0.27543507710933052, penalty_k: 0.22693152335725353, scale_lr: 0.66835116421619090, EAO: 0.317
Trial 1496 finished with value: 0.317162436791895 and parameters: {'window_influence': 0.2754350771093305, 'penalty_k': 0.22693152335725353, 'scale_lr': 0.6683511642161909}. Best is trial 1136 with value: 0.3697957394188016.
checkpoint_e33 window_influence: 0.41374598217369862, penalty_k: 0.02387768528817653, scale_lr: 0.33820961868088339, EAO: 0.338
Trial 1497 finished with value: 0.33763368190030646 and parameters: {'window_influence': 0.4137459821736986, 'penalty_k': 0.02387768528817653, 'scale_lr': 0.3382096186808834}. Best is trial 1136 with value: 0.3697957394188016.
checkpoint_e33 window_influence: 0.43193551797319951, penalty_k: 0.04051331664183976, scale_lr: 0.48178809680108559, EAO: 0.346
Trial 1498 finished with value: 0.345992569097749 and parameters: {'window_influence': 0.4319355179731995, 'penalty_k': 0.040513316641839756, 'scale_lr': 0.4817880968010856}. Best is trial 1136 with value: 0.3697957394188016.
checkpoint_e33 window_influence: 0.29544066774466848, penalty_k: 0.08198998319431219, scale_lr: 0.44960406764050803, EAO: 0.302
Trial 1499 finished with value: 0.3018670980220639 and parameters: {'window_influence': 0.2954406677446685, 'penalty_k': 0.0819899831943122, 'scale_lr': 0.44960406764050803}. Best is trial 1136 with value: 0.3697957394188016.
checkpoint_e33 window_influence: 0.47502306184013970, penalty_k: 0.55231729474757463, scale_lr: 0.51573119277257162, EAO: 0.308
Trial 1500 finished with value: 0.308002098293156 and parameters: {'window_influence': 0.4750230618401397, 'penalty_k': 0.5523172947475746, 'scale_lr': 0.5157311927725716}. Best is trial 1136 with value: 0.3697957394188016.
checkpoint_e33 window_influence: 0.49506395385678376, penalty_k: 0.06567569640527941, scale_lr: 0.16804959069085218, EAO: 0.340
Trial 1501 finished with value: 0.34000156489327726 and parameters: {'window_influence': 0.49506395385678376, 'penalty_k': 0.06567569640527941, 'scale_lr': 0.16804959069085218}. Best is trial 1136 with value: 0.3697957394188016.
checkpoint_e33 window_influence: 0.18342519040246968, penalty_k: 0.11219943737148996, scale_lr: 0.12114699429763372, EAO: 0.275
Trial 1502 finished with value: 0.27531367279444224 and parameters: {'window_influence': 0.18342519040246968, 'penalty_k': 0.11219943737148996, 'scale_lr': 0.12114699429763372}. Best is trial 1136 with value: 0.3697957394188016.
checkpoint_e33 window_influence: 0.52469093755333007, penalty_k: 0.14957213822327767, scale_lr: 0.42721780093090300, EAO: 0.310
Trial 1503 finished with value: 0.3098869571310073 and parameters: {'window_influence': 0.5246909375533301, 'penalty_k': 0.14957213822327767, 'scale_lr': 0.427217800930903}. Best is trial 1136 with value: 0.3697957394188016.
checkpoint_e33 window_influence: 0.59499992602799234, penalty_k: 0.29994010567133467, scale_lr: 0.55643026158013653, EAO: 0.249
Trial 1504 finished with value: 0.24887710873486932 and parameters: {'window_influence': 0.5949999260279923, 'penalty_k': 0.29994010567133467, 'scale_lr': 0.5564302615801365}. Best is trial 1136 with value: 0.3697957394188016.
checkpoint_e33 window_influence: 0.50592658257059808, penalty_k: 0.21009264733922797, scale_lr: 0.58371163254968694, EAO: 0.324
Trial 1505 finished with value: 0.32367352683256573 and parameters: {'window_influence': 0.5059265825705981, 'penalty_k': 0.21009264733922797, 'scale_lr': 0.5837116325496869}. Best is trial 1136 with value: 0.3697957394188016.
checkpoint_e33 window_influence: 0.05259368917065244, penalty_k: 0.13556650249069324, scale_lr: 0.25429217500236845, EAO: 0.246
Trial 1506 finished with value: 0.24616220471691994 and parameters: {'window_influence': 0.052593689170652436, 'penalty_k': 0.13556650249069324, 'scale_lr': 0.25429217500236845}. Best is trial 1136 with value: 0.3697957394188016.
checkpoint_e33 window_influence: 0.11988059374041152, penalty_k: 0.05289467550736864, scale_lr: 0.18326656634929372, EAO: 0.264
Trial 1507 finished with value: 0.2641724890192195 and parameters: {'window_influence': 0.11988059374041152, 'penalty_k': 0.052894675507368635, 'scale_lr': 0.18326656634929372}. Best is trial 1136 with value: 0.3697957394188016.
checkpoint_e33 window_influence: 0.48242091375874036, penalty_k: 0.02014281577559385, scale_lr: 0.32170829125168254, EAO: 0.321
Trial 1508 finished with value: 0.3205425718415108 and parameters: {'window_influence': 0.48242091375874036, 'penalty_k': 0.020142815775593854, 'scale_lr': 0.32170829125168254}. Best is trial 1136 with value: 0.3697957394188016.
checkpoint_e33 window_influence: 0.44680479039079202, penalty_k: 0.00088620866163021, scale_lr: 0.28464995644910696, EAO: 0.310
Trial 1509 finished with value: 0.30965353594911704 and parameters: {'window_influence': 0.446804790390792, 'penalty_k': 0.0008862086616302101, 'scale_lr': 0.28464995644910696}. Best is trial 1136 with value: 0.3697957394188016.
checkpoint_e33 window_influence: 0.46486337629233193, penalty_k: 0.09941102423325522, scale_lr: 0.65448152273761662, EAO: 0.353
Trial 1510 finished with value: 0.3530221967613651 and parameters: {'window_influence': 0.46486337629233193, 'penalty_k': 0.09941102423325522, 'scale_lr': 0.6544815227376166}. Best is trial 1136 with value: 0.3697957394188016.
checkpoint_e33 window_influence: 0.49030439829765837, penalty_k: 0.03862356285237935, scale_lr: 0.36760429863901861, EAO: 0.352
Trial 1511 finished with value: 0.35161048289866764 and parameters: {'window_influence': 0.4903043982976584, 'penalty_k': 0.038623562852379355, 'scale_lr': 0.3676042986390186}. Best is trial 1136 with value: 0.3697957394188016.
checkpoint_e33 window_influence: 0.22919858749964764, penalty_k: 0.16402707731720367, scale_lr: 0.46562356190366083, EAO: 0.294
Trial 1512 finished with value: 0.29387839213883366 and parameters: {'window_influence': 0.22919858749964764, 'penalty_k': 0.16402707731720367, 'scale_lr': 0.46562356190366083}. Best is trial 1136 with value: 0.3697957394188016.
checkpoint_e33 window_influence: 0.47644849657625971, penalty_k: 0.53575434880846418, scale_lr: 0.40437805032693963, EAO: 0.313
Trial 1513 finished with value: 0.3127845929870346 and parameters: {'window_influence': 0.4764484965762597, 'penalty_k': 0.5357543488084642, 'scale_lr': 0.40437805032693963}. Best is trial 1136 with value: 0.3697957394188016.
checkpoint_e33 window_influence: 0.55384702652307194, penalty_k: 0.20118638045975967, scale_lr: 0.30677200204704053, EAO: 0.295
Trial 1514 finished with value: 0.29488694105398794 and parameters: {'window_influence': 0.5538470265230719, 'penalty_k': 0.20118638045975967, 'scale_lr': 0.3067720020470405}. Best is trial 1136 with value: 0.3697957394188016.
checkpoint_e33 window_influence: 0.29193575056955690, penalty_k: 0.49186683948770576, scale_lr: 0.38864954341627278, EAO: 0.302
Trial 1515 finished with value: 0.3020762812186772 and parameters: {'window_influence': 0.2919357505695569, 'penalty_k': 0.49186683948770576, 'scale_lr': 0.3886495434162728}. Best is trial 1136 with value: 0.3697957394188016.
checkpoint_e33 window_influence: 0.07666657514964426, penalty_k: 0.36571846642944578, scale_lr: 0.62045335677727076, EAO: 0.255
Trial 1516 finished with value: 0.25522367244564603 and parameters: {'window_influence': 0.07666657514964426, 'penalty_k': 0.3657184664294458, 'scale_lr': 0.6204533567772708}. Best is trial 1136 with value: 0.3697957394188016.
checkpoint_e33 window_influence: 0.45516418730272512, penalty_k: 0.06810679441256280, scale_lr: 0.53080285190616294, EAO: 0.349
Trial 1517 finished with value: 0.3489302700595633 and parameters: {'window_influence': 0.4551641873027251, 'penalty_k': 0.0681067944125628, 'scale_lr': 0.5308028519061629}. Best is trial 1136 with value: 0.3697957394188016.
checkpoint_e33 window_influence: 0.40309989404368923, penalty_k: 0.08337524812226638, scale_lr: 0.50486325703331192, EAO: 0.335
Trial 1518 finished with value: 0.33494976023755646 and parameters: {'window_influence': 0.40309989404368923, 'penalty_k': 0.08337524812226638, 'scale_lr': 0.5048632570333119}. Best is trial 1136 with value: 0.3697957394188016.
checkpoint_e33 window_influence: 0.42256444654356856, penalty_k: 0.39375137887850009, scale_lr: 0.14647511996271789, EAO: 0.313
Trial 1519 finished with value: 0.31298103296571206 and parameters: {'window_influence': 0.42256444654356856, 'penalty_k': 0.3937513788785001, 'scale_lr': 0.1464751199627179}. Best is trial 1136 with value: 0.3697957394188016.
checkpoint_e33 window_influence: 0.50239218041261280, penalty_k: 0.02899686077602646, scale_lr: 0.68756141476956256, EAO: 0.326
Trial 1520 finished with value: 0.325766508681301 and parameters: {'window_influence': 0.5023921804126128, 'penalty_k': 0.028996860776026465, 'scale_lr': 0.6875614147695626}. Best is trial 1136 with value: 0.3697957394188016.
checkpoint_e33 window_influence: 0.23187500528363297, penalty_k: 0.45260742270347387, scale_lr: 0.22296082962844721, EAO: 0.284
Trial 1521 finished with value: 0.28364116910134773 and parameters: {'window_influence': 0.23187500528363297, 'penalty_k': 0.45260742270347387, 'scale_lr': 0.2229608296284472}. Best is trial 1136 with value: 0.3697957394188016.
checkpoint_e33 window_influence: 0.46877093691843907, penalty_k: 0.28566495516586993, scale_lr: 0.41771199120863978, EAO: 0.330
Trial 1522 finished with value: 0.3303799527164563 and parameters: {'window_influence': 0.4687709369184391, 'penalty_k': 0.2856649551658699, 'scale_lr': 0.4177119912086398}. Best is trial 1136 with value: 0.3697957394188016.
checkpoint_e33 window_influence: 0.51401660594701681, penalty_k: 0.17745931447902968, scale_lr: 0.19283953605262311, EAO: 0.326
Trial 1523 finished with value: 0.32639362318042653 and parameters: {'window_influence': 0.5140166059470168, 'penalty_k': 0.17745931447902968, 'scale_lr': 0.1928395360526231}. Best is trial 1136 with value: 0.3697957394188016.
checkpoint_e33 window_influence: 0.53710163718689996, penalty_k: 0.04725065680677268, scale_lr: 0.43889282125649254, EAO: 0.311
Trial 1524 finished with value: 0.3106030893696885 and parameters: {'window_influence': 0.5371016371869, 'penalty_k': 0.04725065680677268, 'scale_lr': 0.43889282125649254}. Best is trial 1136 with value: 0.3697957394188016.
checkpoint_e33 window_influence: 0.43811945011022646, penalty_k: 0.12556897224620300, scale_lr: 0.49321591772633083, EAO: 0.339
Trial 1525 finished with value: 0.3390324901977866 and parameters: {'window_influence': 0.43811945011022646, 'penalty_k': 0.125568972246203, 'scale_lr': 0.49321591772633083}. Best is trial 1136 with value: 0.3697957394188016.
checkpoint_e33 window_influence: 0.26093186226324083, penalty_k: 0.01585030726753539, scale_lr: 0.63858673606395810, EAO: 0.297
Trial 1526 finished with value: 0.2974191819415482 and parameters: {'window_influence': 0.26093186226324083, 'penalty_k': 0.015850307267535387, 'scale_lr': 0.6385867360639581}. Best is trial 1136 with value: 0.3697957394188016.
checkpoint_e33 window_influence: 0.20450510709594566, penalty_k: 0.05422053743636047, scale_lr: 0.59963769235246200, EAO: 0.295
Trial 1527 finished with value: 0.29528846901910316 and parameters: {'window_influence': 0.20450510709594566, 'penalty_k': 0.05422053743636047, 'scale_lr': 0.599637692352462}. Best is trial 1136 with value: 0.3697957394188016.
checkpoint_e33 window_influence: 0.48638377565212154, penalty_k: 0.10020482503297712, scale_lr: 0.70686498806556242, EAO: 0.341
Trial 1528 finished with value: 0.34138076766919534 and parameters: {'window_influence': 0.48638377565212154, 'penalty_k': 0.10020482503297712, 'scale_lr': 0.7068649880655624}. Best is trial 1136 with value: 0.3697957394188016.
checkpoint_e33 window_influence: 0.61506641646263382, penalty_k: 0.35210916617075938, scale_lr: 0.29533662096151925, EAO: 0.241
Trial 1529 finished with value: 0.2408874282461196 and parameters: {'window_influence': 0.6150664164626338, 'penalty_k': 0.3521091661707594, 'scale_lr': 0.29533662096151925}. Best is trial 1136 with value: 0.3697957394188016.
checkpoint_e33 window_influence: 0.09047412426493251, penalty_k: 0.07363710667267806, scale_lr: 0.54720224502798642, EAO: 0.253
Trial 1530 finished with value: 0.253105821486577 and parameters: {'window_influence': 0.09047412426493251, 'penalty_k': 0.07363710667267806, 'scale_lr': 0.5472022450279864}. Best is trial 1136 with value: 0.3697957394188016.
checkpoint_e33 window_influence: 0.45590698441582445, penalty_k: 0.38122488143144723, scale_lr: 0.67664426508860842, EAO: 0.317
Trial 1531 finished with value: 0.3173747675544093 and parameters: {'window_influence': 0.45590698441582445, 'penalty_k': 0.3812248814314472, 'scale_lr': 0.6766442650886084}. Best is trial 1136 with value: 0.3697957394188016.
checkpoint_e33 window_influence: 0.47121865684134162, penalty_k: 0.26388300225241151, scale_lr: 0.57753432406912142, EAO: 0.333
Trial 1532 finished with value: 0.33254911150449906 and parameters: {'window_influence': 0.4712186568413416, 'penalty_k': 0.2638830022524115, 'scale_lr': 0.5775343240691214}. Best is trial 1136 with value: 0.3697957394188016.
checkpoint_e33 window_influence: 0.15461118817715516, penalty_k: 0.03097583082999369, scale_lr: 0.45201797512372505, EAO: 0.268
Trial 1533 finished with value: 0.2683919512808091 and parameters: {'window_influence': 0.15461118817715516, 'penalty_k': 0.030975830829993688, 'scale_lr': 0.45201797512372505}. Best is trial 1136 with value: 0.3697957394188016.
checkpoint_e33 window_influence: 0.49082344984605042, penalty_k: 0.00993406923102671, scale_lr: 0.42192084989733053, EAO: 0.323
Trial 1534 finished with value: 0.3226638328472464 and parameters: {'window_influence': 0.4908234498460504, 'penalty_k': 0.00993406923102671, 'scale_lr': 0.42192084989733053}. Best is trial 1136 with value: 0.3697957394188016.
checkpoint_e33 window_influence: 0.47743418419159489, penalty_k: 0.06024614961306241, scale_lr: 0.47554788912816764, EAO: 0.349
Trial 1535 finished with value: 0.3491118765990558 and parameters: {'window_influence': 0.4774341841915949, 'penalty_k': 0.06024614961306241, 'scale_lr': 0.47554788912816764}. Best is trial 1136 with value: 0.3697957394188016.
checkpoint_e33 window_influence: 0.50033391495856083, penalty_k: 0.08527246586636925, scale_lr: 0.27152400425338791, EAO: 0.336
Trial 1536 finished with value: 0.3361760155236211 and parameters: {'window_influence': 0.5003339149585608, 'penalty_k': 0.08527246586636925, 'scale_lr': 0.2715240042533879}. Best is trial 1136 with value: 0.3697957394188016.
checkpoint_e33 window_influence: 0.27167105504651867, penalty_k: 0.24071039970417449, scale_lr: 0.52472168094918004, EAO: 0.314
Trial 1537 finished with value: 0.3140908138181449 and parameters: {'window_influence': 0.2716710550465187, 'penalty_k': 0.2407103997041745, 'scale_lr': 0.52472168094918}. Best is trial 1136 with value: 0.3697957394188016.
checkpoint_e33 window_influence: 0.44688707414615392, penalty_k: 0.11217969182926305, scale_lr: 0.24740915636021060, EAO: 0.332
Trial 1538 finished with value: 0.33170509506524304 and parameters: {'window_influence': 0.4468870741461539, 'penalty_k': 0.11217969182926305, 'scale_lr': 0.2474091563602106}. Best is trial 1136 with value: 0.3697957394188016.
checkpoint_e33 window_influence: 0.46151249699770291, penalty_k: 0.04139252508641803, scale_lr: 0.66058815450413555, EAO: 0.357
Trial 1539 finished with value: 0.3565798278912496 and parameters: {'window_influence': 0.4615124969977029, 'penalty_k': 0.04139252508641803, 'scale_lr': 0.6605881545041355}. Best is trial 1136 with value: 0.3697957394188016.
checkpoint_e33 window_influence: 0.38685181002973373, penalty_k: 0.22770988712759585, scale_lr: 0.40248672320032847, EAO: 0.295
Trial 1540 finished with value: 0.2951061258868021 and parameters: {'window_influence': 0.38685181002973373, 'penalty_k': 0.22770988712759585, 'scale_lr': 0.40248672320032847}. Best is trial 1136 with value: 0.3697957394188016.
checkpoint_e33 window_influence: 0.34935855539513938, penalty_k: 0.14614141671554903, scale_lr: 0.44175594103445198, EAO: 0.331
Trial 1541 finished with value: 0.3310052139054013 and parameters: {'window_influence': 0.3493585553951394, 'penalty_k': 0.14614141671554903, 'scale_lr': 0.441755941034452}. Best is trial 1136 with value: 0.3697957394188016.
checkpoint_e33 window_influence: 0.36927810316832510, penalty_k: 0.02091808932749089, scale_lr: 0.36518899790526399, EAO: 0.320
Trial 1542 finished with value: 0.3199852351896494 and parameters: {'window_influence': 0.3692781031683251, 'penalty_k': 0.020918089327490886, 'scale_lr': 0.365188997905264}. Best is trial 1136 with value: 0.3697957394188016.
checkpoint_e33 window_influence: 0.10259031198303864, penalty_k: 0.54240238955969988, scale_lr: 0.16429054627694517, EAO: 0.237
