Trial 1189 finished with value: 0.3375472434531854 and parameters: {'window_influence': 0.4752699788589671, 'penalty_k': 0.14194697695409558, 'scale_lr': 0.43997247940040957}. Best is trial 330 with value: 0.36352008859471124.
Trial 1190 failed with parameters: {'window_influence': 0.6246374865388792, 'penalty_k': 0.09936951587500722, 'scale_lr': 0.5020527736694781} because of the following error: KeyboardInterrupt().
Traceback (most recent call last):
  File "/home/n26092289/anaconda3/envs/my_siamban/lib/python3.7/site-packages/optuna/study/_optimize.py", line 200, in _run_trial
    value_or_values = func(trial)
  File "../../tools/tune.py", line 269, in objective
    outputs = tracker.track(img)
  File "../../tools/tune.py", line 125, in track
    outputs = self.model.track(x_crop)
  File "/home/n26092289/multi_task/siamban-master/siamban/models/model_builder.py", line 177, in track
    xf = self.backbone(x)
  File "/home/n26092289/anaconda3/envs/my_siamban/lib/python3.7/site-packages/torch/nn/modules/module.py", line 1110, in _call_impl
    return forward_call(*input, **kwargs)
  File "/home/n26092289/multi_task/siamban-master/siamban/models/backbone/resnet_atrous.py", line 186, in forward
    x = self.conv1(x)
  File "/home/n26092289/anaconda3/envs/my_siamban/lib/python3.7/site-packages/torch/nn/modules/module.py", line 1110, in _call_impl
    return forward_call(*input, **kwargs)
  File "/home/n26092289/anaconda3/envs/my_siamban/lib/python3.7/site-packages/torch/nn/modules/conv.py", line 447, in forward
    return self._conv_forward(input, self.weight, self.bias)
  File "/home/n26092289/anaconda3/envs/my_siamban/lib/python3.7/site-packages/torch/nn/modules/conv.py", line 444, in _conv_forward
    self.padding, self.dilation, self.groups)
KeyboardInterrupt
Trial 1190 failed with value None.
