Trial 408 finished with value: 0.3168608543937772 and parameters: {'window_influence': 0.5114875471437145, 'penalty_k': 0.10695775957140664, 'scale_lr': 0.6734527689940126}. Best is trial 310 with value: 0.36774729812655466.
checkpoint_e33 window_influence: 0.48264451353919668, penalty_k: 0.12581633741518192, scale_lr: 0.62542393427643050, EAO: 0.337
Trial 409 finished with value: 0.3368670963591639 and parameters: {'window_influence': 0.4826445135391967, 'penalty_k': 0.12581633741518192, 'scale_lr': 0.6254239342764305}. Best is trial 310 with value: 0.36774729812655466.
checkpoint_e33 window_influence: 0.49440303962328658, penalty_k: 0.15351637625626052, scale_lr: 0.78295764017225455, EAO: 0.331
Trial 410 finished with value: 0.3313060042227289 and parameters: {'window_influence': 0.4944030396232866, 'penalty_k': 0.15351637625626052, 'scale_lr': 0.7829576401722546}. Best is trial 310 with value: 0.36774729812655466.
checkpoint_e33 window_influence: 0.47617638314768818, penalty_k: 0.15914083786082517, scale_lr: 0.72476163441603547, EAO: 0.321
Trial 411 finished with value: 0.32132614412660265 and parameters: {'window_influence': 0.4761763831476882, 'penalty_k': 0.15914083786082517, 'scale_lr': 0.7247616344160355}. Best is trial 310 with value: 0.36774729812655466.
checkpoint_e33 window_influence: 0.52577443445366856, penalty_k: 0.09870208930913230, scale_lr: 0.70661671721594344, EAO: 0.313
Trial 412 finished with value: 0.3128019842656206 and parameters: {'window_influence': 0.5257744344536686, 'penalty_k': 0.0987020893091323, 'scale_lr': 0.7066167172159434}. Best is trial 310 with value: 0.36774729812655466.
checkpoint_e33 window_influence: 0.50172497074381950, penalty_k: 0.03947112842920170, scale_lr: 0.70448883135573881, EAO: 0.351
Trial 413 finished with value: 0.3505854760858335 and parameters: {'window_influence': 0.5017249707438195, 'penalty_k': 0.039471128429201696, 'scale_lr': 0.7044888313557388}. Best is trial 310 with value: 0.36774729812655466.
checkpoint_e33 window_influence: 0.46980006483675818, penalty_k: 0.08613258732264290, scale_lr: 0.72406018959829732, EAO: 0.338
Trial 414 finished with value: 0.33812191595363245 and parameters: {'window_influence': 0.4698000648367582, 'penalty_k': 0.0861325873226429, 'scale_lr': 0.7240601895982973}. Best is trial 310 with value: 0.36774729812655466.
checkpoint_e33 window_influence: 0.48592556468628190, penalty_k: 0.12907968729350694, scale_lr: 0.75794622292030955, EAO: 0.345
Trial 415 finished with value: 0.34485509342256687 and parameters: {'window_influence': 0.4859255646862819, 'penalty_k': 0.12907968729350694, 'scale_lr': 0.7579462229203096}. Best is trial 310 with value: 0.36774729812655466.
checkpoint_e33 window_influence: 0.60164786432937456, penalty_k: 0.03599242714908025, scale_lr: 0.68189055802989651, EAO: 0.275
Trial 416 finished with value: 0.2746836154609339 and parameters: {'window_influence': 0.6016478643293746, 'penalty_k': 0.03599242714908025, 'scale_lr': 0.6818905580298965}. Best is trial 310 with value: 0.36774729812655466.
checkpoint_e33 window_influence: 0.46035585248476818, penalty_k: 0.12029079941741765, scale_lr: 0.66446769382298532, EAO: 0.345
Trial 417 finished with value: 0.34544284647540824 and parameters: {'window_influence': 0.4603558524847682, 'penalty_k': 0.12029079941741765, 'scale_lr': 0.6644676938229853}. Best is trial 310 with value: 0.36774729812655466.
checkpoint_e33 window_influence: 0.47696302855148454, penalty_k: 0.02093446320450248, scale_lr: 0.69915456873787707, EAO: 0.356
Trial 418 finished with value: 0.35640749242519126 and parameters: {'window_influence': 0.47696302855148454, 'penalty_k': 0.020934463204502478, 'scale_lr': 0.6991545687378771}. Best is trial 310 with value: 0.36774729812655466.
checkpoint_e33 window_influence: 0.51890101076168693, penalty_k: 0.04021212177820957, scale_lr: 0.45229164491206192, EAO: 0.346
Trial 419 finished with value: 0.34633106978950795 and parameters: {'window_influence': 0.5189010107616869, 'penalty_k': 0.04021212177820957, 'scale_lr': 0.4522916449120619}. Best is trial 310 with value: 0.36774729812655466.
checkpoint_e33 window_influence: 0.48140795518734919, penalty_k: 0.01861988895636793, scale_lr: 0.77164157878794937, EAO: 0.335
Trial 420 finished with value: 0.3348588015782694 and parameters: {'window_influence': 0.4814079551873492, 'penalty_k': 0.01861988895636793, 'scale_lr': 0.7716415787879494}. Best is trial 310 with value: 0.36774729812655466.
checkpoint_e33 window_influence: 0.49493239944654321, penalty_k: 0.01687908364325800, scale_lr: 0.70175323363549624, EAO: 0.329
Trial 421 finished with value: 0.32891671376933385 and parameters: {'window_influence': 0.4949323994465432, 'penalty_k': 0.016879083643258, 'scale_lr': 0.7017532336354962}. Best is trial 310 with value: 0.36774729812655466.
checkpoint_e33 window_influence: 0.63912350634892845, penalty_k: 0.04598723129823605, scale_lr: 0.79925224774489501, EAO: 0.228
Trial 422 finished with value: 0.22795849128224044 and parameters: {'window_influence': 0.6391235063489284, 'penalty_k': 0.04598723129823605, 'scale_lr': 0.799252247744895}. Best is trial 310 with value: 0.36774729812655466.
checkpoint_e33 window_influence: 0.57363483103211776, penalty_k: 0.02080128328772595, scale_lr: 0.68216122551767466, EAO: 0.287
Trial 423 finished with value: 0.2870541403961553 and parameters: {'window_influence': 0.5736348310321178, 'penalty_k': 0.020801283287725948, 'scale_lr': 0.6821612255176747}. Best is trial 310 with value: 0.36774729812655466.
checkpoint_e33 window_influence: 0.30574995208476136, penalty_k: 0.13504701409845593, scale_lr: 0.71366790187723772, EAO: 0.290
Trial 424 finished with value: 0.28985604481474436 and parameters: {'window_influence': 0.30574995208476136, 'penalty_k': 0.13504701409845593, 'scale_lr': 0.7136679018772377}. Best is trial 310 with value: 0.36774729812655466.
checkpoint_e33 window_influence: 0.47200431774047868, penalty_k: 0.03556847591334179, scale_lr: 0.73149514818769557, EAO: 0.341
Trial 425 finished with value: 0.34106221087711797 and parameters: {'window_influence': 0.4720043177404787, 'penalty_k': 0.035568475913341786, 'scale_lr': 0.7314951481876956}. Best is trial 310 with value: 0.36774729812655466.
checkpoint_e33 window_influence: 0.45293103668946488, penalty_k: 0.02824810095756878, scale_lr: 0.64809044905403357, EAO: 0.326
Trial 426 finished with value: 0.3256756600702783 and parameters: {'window_influence': 0.4529310366894649, 'penalty_k': 0.02824810095756878, 'scale_lr': 0.6480904490540336}. Best is trial 310 with value: 0.36774729812655466.
checkpoint_e33 window_influence: 0.46255116908404925, penalty_k: 0.18475333965526392, scale_lr: 0.63540782127533713, EAO: 0.326
Trial 427 finished with value: 0.3256629373776774 and parameters: {'window_influence': 0.46255116908404925, 'penalty_k': 0.18475333965526392, 'scale_lr': 0.6354078212753371}. Best is trial 310 with value: 0.36774729812655466.
checkpoint_e33 window_influence: 0.48383936171362929, penalty_k: 0.01380570211783960, scale_lr: 0.75236035014679181, EAO: 0.346
Trial 428 finished with value: 0.34571780304964417 and parameters: {'window_influence': 0.4838393617136293, 'penalty_k': 0.013805702117839599, 'scale_lr': 0.7523603501467918}. Best is trial 310 with value: 0.36774729812655466.
checkpoint_e33 window_influence: 0.32796975597737277, penalty_k: 0.01205533065419732, scale_lr: 0.69504490116508955, EAO: 0.311
Trial 429 finished with value: 0.3112689758205228 and parameters: {'window_influence': 0.32796975597737277, 'penalty_k': 0.012055330654197324, 'scale_lr': 0.6950449011650895}. Best is trial 310 with value: 0.36774729812655466.
checkpoint_e33 window_influence: 0.49941472901530198, penalty_k: 0.16426185170206403, scale_lr: 0.68237211900115580, EAO: 0.313
Trial 430 finished with value: 0.3134660870996431 and parameters: {'window_influence': 0.499414729015302, 'penalty_k': 0.16426185170206403, 'scale_lr': 0.6823721190011558}. Best is trial 310 with value: 0.36774729812655466.
checkpoint_e33 window_influence: 0.15597322082236589, penalty_k: 0.03031233765696787, scale_lr: 0.73876749351234627, EAO: 0.276
Trial 431 finished with value: 0.27638018154448574 and parameters: {'window_influence': 0.1559732208223659, 'penalty_k': 0.030312337656967867, 'scale_lr': 0.7387674935123463}. Best is trial 310 with value: 0.36774729812655466.
checkpoint_e33 window_influence: 0.45332262426473935, penalty_k: 0.17513925995099050, scale_lr: 0.67703417276104938, EAO: 0.348
Trial 432 finished with value: 0.34768070541467183 and parameters: {'window_influence': 0.45332262426473935, 'penalty_k': 0.1751392599509905, 'scale_lr': 0.6770341727610494}. Best is trial 310 with value: 0.36774729812655466.
checkpoint_e33 window_influence: 0.47167424838091793, penalty_k: 0.04883766436305463, scale_lr: 0.76121757920827604, EAO: 0.363
Trial 433 finished with value: 0.3634745680404544 and parameters: {'window_influence': 0.4716742483809179, 'penalty_k': 0.04883766436305463, 'scale_lr': 0.761217579208276}. Best is trial 310 with value: 0.36774729812655466.
checkpoint_e33 window_influence: 0.36942482860466608, penalty_k: 0.02766385431534055, scale_lr: 0.75993618794721163, EAO: 0.341
Trial 434 finished with value: 0.3414738487872632 and parameters: {'window_influence': 0.3694248286046661, 'penalty_k': 0.027663854315340547, 'scale_lr': 0.7599361879472116}. Best is trial 310 with value: 0.36774729812655466.
checkpoint_e33 window_influence: 0.47413439368654647, penalty_k: 0.06446932530227253, scale_lr: 0.76774117382950879, EAO: 0.354
Trial 435 finished with value: 0.3543083644562658 and parameters: {'window_influence': 0.4741343936865465, 'penalty_k': 0.06446932530227253, 'scale_lr': 0.7677411738295088}. Best is trial 310 with value: 0.36774729812655466.
checkpoint_e33 window_influence: 0.47919070568703931, penalty_k: 0.05230939623015582, scale_lr: 0.75891312634202956, EAO: 0.348
Trial 436 finished with value: 0.3481015997869959 and parameters: {'window_influence': 0.4791907056870393, 'penalty_k': 0.05230939623015582, 'scale_lr': 0.7589131263420296}. Best is trial 310 with value: 0.36774729812655466.
checkpoint_e33 window_influence: 0.47531569511031857, penalty_k: 0.04971812111514154, scale_lr: 0.77465915705456623, EAO: 0.357
Trial 437 finished with value: 0.356902075416847 and parameters: {'window_influence': 0.47531569511031857, 'penalty_k': 0.04971812111514154, 'scale_lr': 0.7746591570545662}. Best is trial 310 with value: 0.36774729812655466.
checkpoint_e33 window_influence: 0.49178212283023276, penalty_k: 0.04215172499199224, scale_lr: 0.71934107068140407, EAO: 0.332
Trial 438 finished with value: 0.3315018111629709 and parameters: {'window_influence': 0.49178212283023276, 'penalty_k': 0.04215172499199224, 'scale_lr': 0.7193410706814041}. Best is trial 310 with value: 0.36774729812655466.
checkpoint_e33 window_influence: 0.50662951100667619, penalty_k: 0.04723031493149303, scale_lr: 0.77505680559468304, EAO: 0.313
Trial 439 finished with value: 0.312638360702574 and parameters: {'window_influence': 0.5066295110066762, 'penalty_k': 0.04723031493149303, 'scale_lr': 0.775056805594683}. Best is trial 310 with value: 0.36774729812655466.
checkpoint_e33 window_influence: 0.47430367414519287, penalty_k: 0.06864315341300628, scale_lr: 0.77082089472262283, EAO: 0.346
Trial 440 finished with value: 0.3457495086619826 and parameters: {'window_influence': 0.47430367414519287, 'penalty_k': 0.06864315341300628, 'scale_lr': 0.7708208947226228}. Best is trial 310 with value: 0.36774729812655466.
checkpoint_e33 window_influence: 0.48595223932760867, penalty_k: 0.07870326962911009, scale_lr: 0.78240373863007495, EAO: 0.335
Trial 441 finished with value: 0.33483568680425563 and parameters: {'window_influence': 0.48595223932760867, 'penalty_k': 0.07870326962911009, 'scale_lr': 0.782403738630075}. Best is trial 310 with value: 0.36774729812655466.
checkpoint_e33 window_influence: 0.46591312622712572, penalty_k: 0.05778030583448231, scale_lr: 0.77746501236910825, EAO: 0.337
Trial 442 finished with value: 0.3366697053733039 and parameters: {'window_influence': 0.4659131262271257, 'penalty_k': 0.05778030583448231, 'scale_lr': 0.7774650123691083}. Best is trial 310 with value: 0.36774729812655466.
checkpoint_e33 window_influence: 0.50384753131696269, penalty_k: 0.07486934523286240, scale_lr: 0.74413908161728781, EAO: 0.326
Trial 443 finished with value: 0.32594032805949336 and parameters: {'window_influence': 0.5038475313169627, 'penalty_k': 0.0748693452328624, 'scale_lr': 0.7441390816172878}. Best is trial 310 with value: 0.36774729812655466.
checkpoint_e33 window_influence: 0.51420808681257524, penalty_k: 0.05588022534156986, scale_lr: 0.77564095396254118, EAO: 0.334
Trial 444 finished with value: 0.33376985556420646 and parameters: {'window_influence': 0.5142080868125752, 'penalty_k': 0.05588022534156986, 'scale_lr': 0.7756409539625412}. Best is trial 310 with value: 0.36774729812655466.
checkpoint_e33 window_influence: 0.47935926637175980, penalty_k: 0.07396310140143524, scale_lr: 0.74963380653485967, EAO: 0.345
Trial 445 finished with value: 0.34483494531319764 and parameters: {'window_influence': 0.4793592663717598, 'penalty_k': 0.07396310140143524, 'scale_lr': 0.7496338065348597}. Best is trial 310 with value: 0.36774729812655466.
checkpoint_e33 window_influence: 0.52989572250545236, penalty_k: 0.06470345547589609, scale_lr: 0.76789105667295920, EAO: 0.296
Trial 446 finished with value: 0.2955580215741688 and parameters: {'window_influence': 0.5298957225054524, 'penalty_k': 0.0647034554758961, 'scale_lr': 0.7678910566729592}. Best is trial 310 with value: 0.36774729812655466.
checkpoint_e33 window_influence: 0.49152796907714469, penalty_k: 0.09177546217044906, scale_lr: 0.76334112402123333, EAO: 0.314
Trial 447 finished with value: 0.31436173374318893 and parameters: {'window_influence': 0.4915279690771447, 'penalty_k': 0.09177546217044906, 'scale_lr': 0.7633411240212333}. Best is trial 310 with value: 0.36774729812655466.
checkpoint_e33 window_influence: 0.46892663853121447, penalty_k: 0.14007440856522485, scale_lr: 0.70847093743350809, EAO: 0.350
Trial 448 finished with value: 0.3503485202557382 and parameters: {'window_influence': 0.46892663853121447, 'penalty_k': 0.14007440856522485, 'scale_lr': 0.7084709374335081}. Best is trial 310 with value: 0.36774729812655466.
checkpoint_e33 window_influence: 0.38593148139027067, penalty_k: 0.11561601176087048, scale_lr: 0.79872153917328415, EAO: 0.327
Trial 449 finished with value: 0.32738488089249757 and parameters: {'window_influence': 0.38593148139027067, 'penalty_k': 0.11561601176087048, 'scale_lr': 0.7987215391732841}. Best is trial 310 with value: 0.36774729812655466.
checkpoint_e33 window_influence: 0.45897761498855127, penalty_k: 0.04565621779821673, scale_lr: 0.73177187184930348, EAO: 0.348
Trial 450 finished with value: 0.3480170959396585 and parameters: {'window_influence': 0.4589776149885513, 'penalty_k': 0.045656217798216735, 'scale_lr': 0.7317718718493035}. Best is trial 310 with value: 0.36774729812655466.
checkpoint_e33 window_influence: 0.47786005469664522, penalty_k: 0.06335379933929555, scale_lr: 0.74325453163140898, EAO: 0.343
Trial 451 finished with value: 0.3425301908287093 and parameters: {'window_influence': 0.4778600546966452, 'penalty_k': 0.06335379933929555, 'scale_lr': 0.743254531631409}. Best is trial 310 with value: 0.36774729812655466.
checkpoint_e33 window_influence: 0.35367569160287854, penalty_k: 0.08327059617706949, scale_lr: 0.78705773342526564, EAO: 0.328
Trial 452 finished with value: 0.3282753147387783 and parameters: {'window_influence': 0.35367569160287854, 'penalty_k': 0.08327059617706949, 'scale_lr': 0.7870577334252656}. Best is trial 310 with value: 0.36774729812655466.
checkpoint_e33 window_influence: 0.49036663675058129, penalty_k: 0.00767899423662078, scale_lr: 0.76292727950388617, EAO: 0.344
Trial 453 finished with value: 0.3438957793935264 and parameters: {'window_influence': 0.4903666367505813, 'penalty_k': 0.0076789942366207835, 'scale_lr': 0.7629272795038862}. Best is trial 310 with value: 0.36774729812655466.
checkpoint_e33 window_influence: 0.46833548292309574, penalty_k: 0.03052493518995633, scale_lr: 0.29615920004448193, EAO: 0.342
Trial 454 finished with value: 0.3423087291912346 and parameters: {'window_influence': 0.46833548292309574, 'penalty_k': 0.030524935189956335, 'scale_lr': 0.29615920004448193}. Best is trial 310 with value: 0.36774729812655466.
checkpoint_e33 window_influence: 0.44335328615831532, penalty_k: 0.00332593130040242, scale_lr: 0.75343418260429196, EAO: 0.332
Trial 455 finished with value: 0.33217399512283535 and parameters: {'window_influence': 0.4433532861583153, 'penalty_k': 0.0033259313004024155, 'scale_lr': 0.753434182604292}. Best is trial 310 with value: 0.36774729812655466.
checkpoint_e33 window_influence: 0.46068517499633999, penalty_k: 0.05655687944506532, scale_lr: 0.70220237612886094, EAO: 0.339
Trial 456 finished with value: 0.3392928790025674 and parameters: {'window_influence': 0.46068517499634, 'penalty_k': 0.05655687944506532, 'scale_lr': 0.7022023761288609}. Best is trial 310 with value: 0.36774729812655466.
checkpoint_e33 window_influence: 0.47816832676487275, penalty_k: 0.11266444240087711, scale_lr: 0.34330995078862370, EAO: 0.347
Trial 457 finished with value: 0.34712982154541905 and parameters: {'window_influence': 0.47816832676487275, 'penalty_k': 0.11266444240087711, 'scale_lr': 0.3433099507886237}. Best is trial 310 with value: 0.36774729812655466.
checkpoint_e33 window_influence: 0.49728382224113477, penalty_k: 0.12065273393210826, scale_lr: 0.36539444179870095, EAO: 0.347
Trial 458 finished with value: 0.3467120459803347 and parameters: {'window_influence': 0.49728382224113477, 'penalty_k': 0.12065273393210826, 'scale_lr': 0.36539444179870095}. Best is trial 310 with value: 0.36774729812655466.
checkpoint_e33 window_influence: 0.45293254406257233, penalty_k: 0.13490334385864872, scale_lr: 0.66688708452595380, EAO: 0.343
Trial 459 finished with value: 0.3430433720930077 and parameters: {'window_influence': 0.45293254406257233, 'penalty_k': 0.13490334385864872, 'scale_lr': 0.6668870845259538}. Best is trial 310 with value: 0.36774729812655466.
checkpoint_e33 window_influence: 0.47230889627272493, penalty_k: 0.02068680289234949, scale_lr: 0.74049214340259373, EAO: 0.343
Trial 460 finished with value: 0.34338701258373633 and parameters: {'window_influence': 0.47230889627272493, 'penalty_k': 0.020686802892349487, 'scale_lr': 0.7404921434025937}. Best is trial 310 with value: 0.36774729812655466.
checkpoint_e33 window_influence: 0.43824184359136337, penalty_k: 0.14834253818500634, scale_lr: 0.60746829836618033, EAO: 0.326
Trial 461 finished with value: 0.326461897691864 and parameters: {'window_influence': 0.43824184359136337, 'penalty_k': 0.14834253818500634, 'scale_lr': 0.6074682983661803}. Best is trial 310 with value: 0.36774729812655466.
checkpoint_e33 window_influence: 0.48698424883078822, penalty_k: 0.06842341572744065, scale_lr: 0.78881897835865944, EAO: 0.345
Trial 462 finished with value: 0.34538229024363865 and parameters: {'window_influence': 0.4869842488307882, 'penalty_k': 0.06842341572744065, 'scale_lr': 0.7888189783586594}. Best is trial 310 with value: 0.36774729812655466.
checkpoint_e33 window_influence: 0.32606943468706234, penalty_k: 0.04690216239259062, scale_lr: 0.71991545630223452, EAO: 0.311
Trial 463 finished with value: 0.3107535994470351 and parameters: {'window_influence': 0.32606943468706234, 'penalty_k': 0.046902162392590624, 'scale_lr': 0.7199154563022345}. Best is trial 310 with value: 0.36774729812655466.
checkpoint_e33 window_influence: 0.50838833648867976, penalty_k: 0.09696906664373912, scale_lr: 0.39506452707956713, EAO: 0.343
Trial 464 finished with value: 0.34348713945785847 and parameters: {'window_influence': 0.5083883364886798, 'penalty_k': 0.09696906664373912, 'scale_lr': 0.39506452707956713}. Best is trial 310 with value: 0.36774729812655466.
checkpoint_e33 window_influence: 0.34884791623959277, penalty_k: 0.03538956837313392, scale_lr: 0.69446185545644579, EAO: 0.322
Trial 465 finished with value: 0.3223078794748403 and parameters: {'window_influence': 0.34884791623959277, 'penalty_k': 0.03538956837313392, 'scale_lr': 0.6944618554564458}. Best is trial 310 with value: 0.36774729812655466.
checkpoint_e33 window_influence: 0.59374224088167338, penalty_k: 0.00070841577834383, scale_lr: 0.32189042001911922, EAO: 0.286
Trial 466 finished with value: 0.2864583778242193 and parameters: {'window_influence': 0.5937422408816734, 'penalty_k': 0.0007084157783438308, 'scale_lr': 0.3218904200191192}. Best is trial 310 with value: 0.36774729812655466.
checkpoint_e33 window_influence: 0.53536392429196034, penalty_k: 0.07530074501943163, scale_lr: 0.41827119993772433, EAO: 0.298
Trial 467 finished with value: 0.29751837792795455 and parameters: {'window_influence': 0.5353639242919603, 'penalty_k': 0.07530074501943163, 'scale_lr': 0.4182711999377243}. Best is trial 310 with value: 0.36774729812655466.
checkpoint_e33 window_influence: 0.45485429744616740, penalty_k: 0.49092434123002610, scale_lr: 0.63610711695627020, EAO: 0.321
Trial 468 finished with value: 0.3212784440021107 and parameters: {'window_influence': 0.4548542974461674, 'penalty_k': 0.4909243412300261, 'scale_lr': 0.6361071169562702}. Best is trial 310 with value: 0.36774729812655466.
checkpoint_e33 window_influence: 0.46935416579635886, penalty_k: 0.14191509382617160, scale_lr: 0.50919780541918236, EAO: 0.345
Trial 469 finished with value: 0.34459918030041203 and parameters: {'window_influence': 0.46935416579635886, 'penalty_k': 0.1419150938261716, 'scale_lr': 0.5091978054191824}. Best is trial 310 with value: 0.36774729812655466.
checkpoint_e33 window_influence: 0.55837630394910465, penalty_k: 0.05232610589460186, scale_lr: 0.60289296086492372, EAO: 0.305
