Trial 578 finished with value: 0.3398459529366475 and parameters: {'window_influence': 0.35893861790633236, 'penalty_k': 0.35924634252402093, 'scale_lr': 0.5938611959242577}. Best is trial 164 with value: 0.3660086329577034.
checkpoint_e29 window_influence: 0.63648589646171783, penalty_k: 0.21116288922087811, scale_lr: 0.78776062626865273, EAO: 0.234
Trial 579 finished with value: 0.2341748026094548 and parameters: {'window_influence': 0.6364858964617178, 'penalty_k': 0.2111628892208781, 'scale_lr': 0.7877606262686527}. Best is trial 164 with value: 0.3660086329577034.
checkpoint_e29 window_influence: 0.39833677715181037, penalty_k: 0.34085913516641186, scale_lr: 0.61687559324093677, EAO: 0.336
Trial 580 finished with value: 0.33584262622005745 and parameters: {'window_influence': 0.3983367771518104, 'penalty_k': 0.34085913516641186, 'scale_lr': 0.6168755932409368}. Best is trial 164 with value: 0.3660086329577034.
checkpoint_e29 window_influence: 0.22854939742579350, penalty_k: 0.38220325420590673, scale_lr: 0.53121443220207454, EAO: 0.306
Trial 581 finished with value: 0.30555054922280145 and parameters: {'window_influence': 0.2285493974257935, 'penalty_k': 0.38220325420590673, 'scale_lr': 0.5312144322020745}. Best is trial 164 with value: 0.3660086329577034.
checkpoint_e29 window_influence: 0.38142122456669375, penalty_k: 0.41470524107821816, scale_lr: 0.47752719078761791, EAO: 0.324
Trial 582 finished with value: 0.3237693600849419 and parameters: {'window_influence': 0.38142122456669375, 'penalty_k': 0.41470524107821816, 'scale_lr': 0.4775271907876179}. Best is trial 164 with value: 0.3660086329577034.
checkpoint_e29 window_influence: 0.59426565234767947, penalty_k: 0.36802850359673794, scale_lr: 0.74809676229614086, EAO: 0.247
Trial 583 finished with value: 0.24671716692382722 and parameters: {'window_influence': 0.5942656523476795, 'penalty_k': 0.36802850359673794, 'scale_lr': 0.7480967622961409}. Best is trial 164 with value: 0.3660086329577034.
checkpoint_e29 window_influence: 0.33067169612561897, penalty_k: 0.22098965959888764, scale_lr: 0.72932054640955291, EAO: 0.322
Trial 584 finished with value: 0.32206591563697917 and parameters: {'window_influence': 0.330671696125619, 'penalty_k': 0.22098965959888764, 'scale_lr': 0.7293205464095529}. Best is trial 164 with value: 0.3660086329577034.
checkpoint_e29 window_influence: 0.41167342903997972, penalty_k: 0.48691103488631926, scale_lr: 0.57961212937613305, EAO: 0.341
Trial 585 finished with value: 0.3411401546186974 and parameters: {'window_influence': 0.4116734290399797, 'penalty_k': 0.48691103488631926, 'scale_lr': 0.579612129376133}. Best is trial 164 with value: 0.3660086329577034.
checkpoint_e29 window_influence: 0.34197018134324186, penalty_k: 0.53381535120554480, scale_lr: 0.34961500942476453, EAO: 0.309
Trial 586 finished with value: 0.30881446205688357 and parameters: {'window_influence': 0.34197018134324186, 'penalty_k': 0.5338153512055448, 'scale_lr': 0.34961500942476453}. Best is trial 164 with value: 0.3660086329577034.
checkpoint_e29 window_influence: 0.21319000297625609, penalty_k: 0.13015462264362540, scale_lr: 0.65871401336016266, EAO: 0.293
Trial 587 finished with value: 0.2929832547439212 and parameters: {'window_influence': 0.2131900029762561, 'penalty_k': 0.1301546226436254, 'scale_lr': 0.6587140133601627}. Best is trial 164 with value: 0.3660086329577034.
checkpoint_e29 window_influence: 0.42654798589603221, penalty_k: 0.39567343496025720, scale_lr: 0.14709205426176936, EAO: 0.349
Trial 588 finished with value: 0.3494248549066165 and parameters: {'window_influence': 0.4265479858960322, 'penalty_k': 0.3956734349602572, 'scale_lr': 0.14709205426176936}. Best is trial 164 with value: 0.3660086329577034.
checkpoint_e29 window_influence: 0.42916143867018730, penalty_k: 0.40262419908123026, scale_lr: 0.48208954491237610, EAO: 0.323
Trial 589 finished with value: 0.32330502523290505 and parameters: {'window_influence': 0.4291614386701873, 'penalty_k': 0.40262419908123026, 'scale_lr': 0.4820895449123761}. Best is trial 164 with value: 0.3660086329577034.
checkpoint_e29 window_influence: 0.44402139641786215, penalty_k: 0.58205444503934267, scale_lr: 0.28099688007289003, EAO: 0.312
Trial 590 finished with value: 0.3118813528393029 and parameters: {'window_influence': 0.44402139641786215, 'penalty_k': 0.5820544450393427, 'scale_lr': 0.28099688007289003}. Best is trial 164 with value: 0.3660086329577034.
checkpoint_e29 window_influence: 0.46052004332073587, penalty_k: 0.13756163767670629, scale_lr: 0.12676529749047652, EAO: 0.331
Trial 591 finished with value: 0.330542586366954 and parameters: {'window_influence': 0.4605200433207359, 'penalty_k': 0.1375616376767063, 'scale_lr': 0.12676529749047652}. Best is trial 164 with value: 0.3660086329577034.
checkpoint_e29 window_influence: 0.42408027920026253, penalty_k: 0.11189904181824073, scale_lr: 0.54986529932416128, EAO: 0.328
Trial 592 finished with value: 0.3276556298890466 and parameters: {'window_influence': 0.42408027920026253, 'penalty_k': 0.11189904181824073, 'scale_lr': 0.5498652993241613}. Best is trial 164 with value: 0.3660086329577034.
checkpoint_e29 window_influence: 0.35950524921564081, penalty_k: 0.31798142081962066, scale_lr: 0.14734613007237651, EAO: 0.314
Trial 593 finished with value: 0.31355687361283063 and parameters: {'window_influence': 0.3595052492156408, 'penalty_k': 0.31798142081962066, 'scale_lr': 0.1473461300723765}. Best is trial 164 with value: 0.3660086329577034.
checkpoint_e29 window_influence: 0.44156142913504282, penalty_k: 0.39287052827435193, scale_lr: 0.12597473774296897, EAO: 0.322
Trial 594 finished with value: 0.32197328955514887 and parameters: {'window_influence': 0.4415614291350428, 'penalty_k': 0.3928705282743519, 'scale_lr': 0.12597473774296897}. Best is trial 164 with value: 0.3660086329577034.
checkpoint_e29 window_influence: 0.56391857298237003, penalty_k: 0.35341776357737276, scale_lr: 0.29305082260917337, EAO: 0.281
Trial 595 finished with value: 0.2812228201080389 and parameters: {'window_influence': 0.56391857298237, 'penalty_k': 0.35341776357737276, 'scale_lr': 0.29305082260917337}. Best is trial 164 with value: 0.3660086329577034.
checkpoint_e29 window_influence: 0.20556831678847884, penalty_k: 0.37788345474304208, scale_lr: 0.18268931983013309, EAO: 0.271
Trial 596 finished with value: 0.27074453478193466 and parameters: {'window_influence': 0.20556831678847884, 'penalty_k': 0.3778834547430421, 'scale_lr': 0.1826893198301331}. Best is trial 164 with value: 0.3660086329577034.
checkpoint_e29 window_influence: 0.27011659919856434, penalty_k: 0.54101262812657447, scale_lr: 0.49815993214110504, EAO: 0.292
Trial 597 finished with value: 0.29178690000034957 and parameters: {'window_influence': 0.27011659919856434, 'penalty_k': 0.5410126281265745, 'scale_lr': 0.49815993214110504}. Best is trial 164 with value: 0.3660086329577034.
checkpoint_e29 window_influence: 0.50754427488169873, penalty_k: 0.08227739582872723, scale_lr: 0.52655250540832288, EAO: 0.337
Trial 598 finished with value: 0.33681175912864475 and parameters: {'window_influence': 0.5075442748816987, 'penalty_k': 0.08227739582872723, 'scale_lr': 0.5265525054083229}. Best is trial 164 with value: 0.3660086329577034.
checkpoint_e29 window_influence: 0.05323233448125986, penalty_k: 0.41925646126648280, scale_lr: 0.51023462647880435, EAO: 0.242
Trial 599 finished with value: 0.24176156561430326 and parameters: {'window_influence': 0.05323233448125986, 'penalty_k': 0.4192564612664828, 'scale_lr': 0.5102346264788044}. Best is trial 164 with value: 0.3660086329577034.
checkpoint_e29 window_influence: 0.57737612577226372, penalty_k: 0.39812769352605587, scale_lr: 0.24411375883843772, EAO: 0.281
Trial 600 finished with value: 0.2806127702795578 and parameters: {'window_influence': 0.5773761257722637, 'penalty_k': 0.39812769352605587, 'scale_lr': 0.24411375883843772}. Best is trial 164 with value: 0.3660086329577034.
checkpoint_e29 window_influence: 0.53223886466136661, penalty_k: 0.36524781676991080, scale_lr: 0.46220463660991962, EAO: 0.287
Trial 601 finished with value: 0.28744213833883114 and parameters: {'window_influence': 0.5322388646613666, 'penalty_k': 0.3652478167699108, 'scale_lr': 0.4622046366099196}. Best is trial 164 with value: 0.3660086329577034.
checkpoint_e29 window_influence: 0.27869293892149538, penalty_k: 0.30179129506182406, scale_lr: 0.68046534478854814, EAO: 0.319
Trial 602 finished with value: 0.318792477192118 and parameters: {'window_influence': 0.2786929389214954, 'penalty_k': 0.30179129506182406, 'scale_lr': 0.6804653447885481}. Best is trial 164 with value: 0.3660086329577034.
checkpoint_e29 window_influence: 0.37089461264840845, penalty_k: 0.34290621217747580, scale_lr: 0.13103712208483792, EAO: 0.328
Trial 603 finished with value: 0.3277830425287499 and parameters: {'window_influence': 0.37089461264840845, 'penalty_k': 0.3429062121774758, 'scale_lr': 0.13103712208483792}. Best is trial 164 with value: 0.3660086329577034.
checkpoint_e29 window_influence: 0.09295793939850705, penalty_k: 0.38496623238152899, scale_lr: 0.41141333609557884, EAO: 0.251
Trial 604 finished with value: 0.250989451772508 and parameters: {'window_influence': 0.09295793939850705, 'penalty_k': 0.384966232381529, 'scale_lr': 0.41141333609557884}. Best is trial 164 with value: 0.3660086329577034.
checkpoint_e29 window_influence: 0.51900371415699964, penalty_k: 0.32561514674460623, scale_lr: 0.46567435947400443, EAO: 0.293
Trial 605 finished with value: 0.29332765797696686 and parameters: {'window_influence': 0.5190037141569996, 'penalty_k': 0.32561514674460623, 'scale_lr': 0.46567435947400443}. Best is trial 164 with value: 0.3660086329577034.
checkpoint_e29 window_influence: 0.45042148007158306, penalty_k: 0.43725923235476999, scale_lr: 0.45172734262998249, EAO: 0.341
Trial 606 finished with value: 0.340608179105395 and parameters: {'window_influence': 0.45042148007158306, 'penalty_k': 0.43725923235477, 'scale_lr': 0.4517273426299825}. Best is trial 164 with value: 0.3660086329577034.
checkpoint_e29 window_influence: 0.34652945011563802, penalty_k: 0.06866780163836531, scale_lr: 0.36552217628177108, EAO: 0.328
Trial 607 finished with value: 0.32780065802052794 and parameters: {'window_influence': 0.346529450115638, 'penalty_k': 0.0686678016383653, 'scale_lr': 0.3655221762817711}. Best is trial 164 with value: 0.3660086329577034.
checkpoint_e29 window_influence: 0.39096748961090544, penalty_k: 0.41110607556306533, scale_lr: 0.42752481308145057, EAO: 0.326
Trial 608 finished with value: 0.3262684782423398 and parameters: {'window_influence': 0.39096748961090544, 'penalty_k': 0.41110607556306533, 'scale_lr': 0.42752481308145057}. Best is trial 164 with value: 0.3660086329577034.
checkpoint_e29 window_influence: 0.43420801921574836, penalty_k: 0.27860229593434910, scale_lr: 0.24207805692535272, EAO: 0.326
Trial 609 finished with value: 0.3261787052980193 and parameters: {'window_influence': 0.43420801921574836, 'penalty_k': 0.2786022959343491, 'scale_lr': 0.24207805692535272}. Best is trial 164 with value: 0.3660086329577034.
checkpoint_e29 window_influence: 0.42074376030112953, penalty_k: 0.37056152361578332, scale_lr: 0.14299357581844080, EAO: 0.325
Trial 610 finished with value: 0.3250558470821566 and parameters: {'window_influence': 0.42074376030112953, 'penalty_k': 0.3705615236157833, 'scale_lr': 0.1429935758184408}. Best is trial 164 with value: 0.3660086329577034.
checkpoint_e29 window_influence: 0.40325240306000154, penalty_k: 0.35616798444867670, scale_lr: 0.55242633728340618, EAO: 0.316
Trial 611 finished with value: 0.31586410000862314 and parameters: {'window_influence': 0.40325240306000154, 'penalty_k': 0.3561679844486767, 'scale_lr': 0.5524263372834062}. Best is trial 164 with value: 0.3660086329577034.
checkpoint_e29 window_influence: 0.48690241282727675, penalty_k: 0.24595466607348676, scale_lr: 0.14764663308039730, EAO: 0.330
Trial 612 finished with value: 0.3299419197474936 and parameters: {'window_influence': 0.48690241282727675, 'penalty_k': 0.24595466607348676, 'scale_lr': 0.1476466330803973}. Best is trial 164 with value: 0.3660086329577034.
checkpoint_e29 window_influence: 0.57088152901621303, penalty_k: 0.14236463993801038, scale_lr: 0.10952547645753569, EAO: 0.301
Trial 613 finished with value: 0.30124833542085344 and parameters: {'window_influence': 0.570881529016213, 'penalty_k': 0.14236463993801038, 'scale_lr': 0.10952547645753569}. Best is trial 164 with value: 0.3660086329577034.
checkpoint_e29 window_influence: 0.08184789604879639, penalty_k: 0.38716697152688301, scale_lr: 0.37778936450379524, EAO: 0.249
Trial 614 finished with value: 0.2489239324739471 and parameters: {'window_influence': 0.08184789604879639, 'penalty_k': 0.387166971526883, 'scale_lr': 0.37778936450379524}. Best is trial 164 with value: 0.3660086329577034.
checkpoint_e29 window_influence: 0.37441631087228916, penalty_k: 0.37432997796866435, scale_lr: 0.19150982861589505, EAO: 0.320
Trial 615 finished with value: 0.32049506525817084 and parameters: {'window_influence': 0.37441631087228916, 'penalty_k': 0.37432997796866435, 'scale_lr': 0.19150982861589505}. Best is trial 164 with value: 0.3660086329577034.
checkpoint_e29 window_influence: 0.36063751023433227, penalty_k: 0.17498791408451764, scale_lr: 0.57179895064029485, EAO: 0.339
Trial 616 finished with value: 0.3388222393358728 and parameters: {'window_influence': 0.36063751023433227, 'penalty_k': 0.17498791408451764, 'scale_lr': 0.5717989506402948}. Best is trial 164 with value: 0.3660086329577034.
checkpoint_e29 window_influence: 0.32729869237992859, penalty_k: 0.40310588744825138, scale_lr: 0.49480288974175868, EAO: 0.305
Trial 617 finished with value: 0.30500651345178775 and parameters: {'window_influence': 0.3272986923799286, 'penalty_k': 0.4031058874482514, 'scale_lr': 0.4948028897417587}. Best is trial 164 with value: 0.3660086329577034.
checkpoint_e29 window_influence: 0.38358853485287814, penalty_k: 0.34063038239053905, scale_lr: 0.10248901136198213, EAO: 0.337
Trial 618 finished with value: 0.3370855481940021 and parameters: {'window_influence': 0.38358853485287814, 'penalty_k': 0.34063038239053905, 'scale_lr': 0.10248901136198213}. Best is trial 164 with value: 0.3660086329577034.
checkpoint_e29 window_influence: 0.46610451479639270, penalty_k: 0.46806227377496201, scale_lr: 0.45613562955395237, EAO: 0.327
Trial 619 finished with value: 0.3271430212468025 and parameters: {'window_influence': 0.4661045147963927, 'penalty_k': 0.468062273774962, 'scale_lr': 0.45613562955395237}. Best is trial 164 with value: 0.3660086329577034.
checkpoint_e29 window_influence: 0.41496558173173659, penalty_k: 0.44910101400159341, scale_lr: 0.76174784289748199, EAO: 0.319
Trial 620 finished with value: 0.3188197887013395 and parameters: {'window_influence': 0.4149655817317366, 'penalty_k': 0.4491010140015934, 'scale_lr': 0.761747842897482}. Best is trial 164 with value: 0.3660086329577034.
checkpoint_e29 window_influence: 0.31333333886102771, penalty_k: 0.39308939774927054, scale_lr: 0.69828719920668825, EAO: 0.345
Trial 621 finished with value: 0.3450021849300147 and parameters: {'window_influence': 0.3133333388610277, 'penalty_k': 0.39308939774927054, 'scale_lr': 0.6982871992066882}. Best is trial 164 with value: 0.3660086329577034.
checkpoint_e29 window_influence: 0.35263268080508586, penalty_k: 0.31279211890988445, scale_lr: 0.64093233954111517, EAO: 0.350
Trial 622 finished with value: 0.35041021454195104 and parameters: {'window_influence': 0.35263268080508586, 'penalty_k': 0.31279211890988445, 'scale_lr': 0.6409323395411152}. Best is trial 164 with value: 0.3660086329577034.
checkpoint_e29 window_influence: 0.34223347678562377, penalty_k: 0.30763501489758860, scale_lr: 0.37904550520531355, EAO: 0.330
Trial 623 finished with value: 0.33033745750379007 and parameters: {'window_influence': 0.34223347678562377, 'penalty_k': 0.3076350148975886, 'scale_lr': 0.37904550520531355}. Best is trial 164 with value: 0.3660086329577034.
checkpoint_e29 window_influence: 0.64833930278670471, penalty_k: 0.28882642387946666, scale_lr: 0.20530228619083749, EAO: 0.241
Trial 624 finished with value: 0.2408576966607617 and parameters: {'window_influence': 0.6483393027867047, 'penalty_k': 0.28882642387946666, 'scale_lr': 0.20530228619083749}. Best is trial 164 with value: 0.3660086329577034.
checkpoint_e29 window_influence: 0.35703143482542138, penalty_k: 0.31818031016320791, scale_lr: 0.14722083875174918, EAO: 0.326
Trial 625 finished with value: 0.325602350879736 and parameters: {'window_influence': 0.3570314348254214, 'penalty_k': 0.3181803101632079, 'scale_lr': 0.14722083875174918}. Best is trial 164 with value: 0.3660086329577034.
checkpoint_e29 window_influence: 0.35197770078016372, penalty_k: 0.30823587260114171, scale_lr: 0.39742693971873266, EAO: 0.314
Trial 626 finished with value: 0.3144640913849211 and parameters: {'window_influence': 0.3519777007801637, 'penalty_k': 0.3082358726011417, 'scale_lr': 0.39742693971873266}. Best is trial 164 with value: 0.3660086329577034.
checkpoint_e29 window_influence: 0.33163923792640021, penalty_k: 0.33244729509627635, scale_lr: 0.18070367308154661, EAO: 0.325
Trial 627 finished with value: 0.32546512046212817 and parameters: {'window_influence': 0.3316392379264002, 'penalty_k': 0.33244729509627635, 'scale_lr': 0.1807036730815466}. Best is trial 164 with value: 0.3660086329577034.
checkpoint_e29 window_influence: 0.34371733711033908, penalty_k: 0.26754566288332104, scale_lr: 0.17515268657546290, EAO: 0.320
Trial 628 finished with value: 0.3202423328091662 and parameters: {'window_influence': 0.3437173371103391, 'penalty_k': 0.26754566288332104, 'scale_lr': 0.1751526865754629}. Best is trial 164 with value: 0.3660086329577034.
checkpoint_e29 window_influence: 0.54282761976874738, penalty_k: 0.09524791280836417, scale_lr: 0.42729614873703536, EAO: 0.307
Trial 629 finished with value: 0.3071936166587971 and parameters: {'window_influence': 0.5428276197687474, 'penalty_k': 0.09524791280836417, 'scale_lr': 0.42729614873703536}. Best is trial 164 with value: 0.3660086329577034.
checkpoint_e29 window_influence: 0.36785291879171983, penalty_k: 0.49883953522330904, scale_lr: 0.64246297139121145, EAO: 0.322
Trial 630 finished with value: 0.32239684056679097 and parameters: {'window_influence': 0.36785291879171983, 'penalty_k': 0.49883953522330904, 'scale_lr': 0.6424629713912114}. Best is trial 164 with value: 0.3660086329577034.
checkpoint_e29 window_influence: 0.16323871890241681, penalty_k: 0.31522958563420989, scale_lr: 0.53765549399187684, EAO: 0.282
Trial 631 finished with value: 0.2820135778258283 and parameters: {'window_influence': 0.1632387189024168, 'penalty_k': 0.3152295856342099, 'scale_lr': 0.5376554939918768}. Best is trial 164 with value: 0.3660086329577034.
checkpoint_e29 window_influence: 0.23123092111129578, penalty_k: 0.34919662586860223, scale_lr: 0.34023788376620756, EAO: 0.282
Trial 632 finished with value: 0.2821363879780825 and parameters: {'window_influence': 0.23123092111129578, 'penalty_k': 0.34919662586860223, 'scale_lr': 0.34023788376620756}. Best is trial 164 with value: 0.3660086329577034.
checkpoint_e29 window_influence: 0.45643419227710791, penalty_k: 0.57384262300678379, scale_lr: 0.67065323405748711, EAO: 0.299
Trial 633 finished with value: 0.2986166779865087 and parameters: {'window_influence': 0.4564341922771079, 'penalty_k': 0.5738426230067838, 'scale_lr': 0.6706532340574871}. Best is trial 164 with value: 0.3660086329577034.
checkpoint_e29 window_influence: 0.33705602805704932, penalty_k: 0.29333696169321716, scale_lr: 0.74437284307717055, EAO: 0.334
Trial 634 finished with value: 0.3335816388232235 and parameters: {'window_influence': 0.3370560280570493, 'penalty_k': 0.29333696169321716, 'scale_lr': 0.7443728430771706}. Best is trial 164 with value: 0.3660086329577034.
checkpoint_e29 window_influence: 0.35963065591771892, penalty_k: 0.33087766148178738, scale_lr: 0.47631550396027661, EAO: 0.305
Trial 635 finished with value: 0.30513077748192885 and parameters: {'window_influence': 0.3596306559177189, 'penalty_k': 0.3308776614817874, 'scale_lr': 0.4763155039602766}. Best is trial 164 with value: 0.3660086329577034.
checkpoint_e29 window_influence: 0.43989600272233892, penalty_k: 0.07820864760419291, scale_lr: 0.34996432928556431, EAO: 0.336
Trial 636 finished with value: 0.33634633231719646 and parameters: {'window_influence': 0.4398960027223389, 'penalty_k': 0.07820864760419291, 'scale_lr': 0.3499643292855643}. Best is trial 164 with value: 0.3660086329577034.
checkpoint_e29 window_influence: 0.32350630062766744, penalty_k: 0.42583559007764965, scale_lr: 0.38435623498790017, EAO: 0.305
Trial 637 finished with value: 0.30466118512914336 and parameters: {'window_influence': 0.32350630062766744, 'penalty_k': 0.42583559007764965, 'scale_lr': 0.38435623498790017}. Best is trial 164 with value: 0.3660086329577034.
checkpoint_e29 window_influence: 0.37843756962879249, penalty_k: 0.30111866032604390, scale_lr: 0.71640182184481693, EAO: 0.346
Trial 638 finished with value: 0.3463963521825664 and parameters: {'window_influence': 0.3784375696287925, 'penalty_k': 0.3011186603260439, 'scale_lr': 0.7164018218448169}. Best is trial 164 with value: 0.3660086329577034.
checkpoint_e29 window_influence: 0.55112522955908805, penalty_k: 0.25792848653975564, scale_lr: 0.43280872314729346, EAO: 0.280
Trial 639 finished with value: 0.27987904927841883 and parameters: {'window_influence': 0.551125229559088, 'penalty_k': 0.25792848653975564, 'scale_lr': 0.43280872314729346}. Best is trial 164 with value: 0.3660086329577034.
checkpoint_e29 window_influence: 0.14547985310669120, penalty_k: 0.54643581738759650, scale_lr: 0.56721278089319005, EAO: 0.252
