Trial 1028 finished with value: 0.21956811381453206 and parameters: {'window_influence': 0.649384689973173, 'penalty_k': 0.3279001852960831, 'scale_lr': 0.4735831514322269}. Best is trial 896 with value: 0.3777425812144224.
checkpoint_e33 window_influence: 0.42365175705215902, penalty_k: 0.38042521214727937, scale_lr: 0.45527720057949039, EAO: 0.332
Trial 1029 finished with value: 0.3315155565274829 and parameters: {'window_influence': 0.423651757052159, 'penalty_k': 0.38042521214727937, 'scale_lr': 0.4552772005794904}. Best is trial 896 with value: 0.3777425812144224.
checkpoint_e33 window_influence: 0.44924679106839821, penalty_k: 0.31369063313906026, scale_lr: 0.44207899466697664, EAO: 0.334
Trial 1030 finished with value: 0.3342872707296438 and parameters: {'window_influence': 0.4492467910683982, 'penalty_k': 0.31369063313906026, 'scale_lr': 0.44207899466697664}. Best is trial 896 with value: 0.3777425812144224.
checkpoint_e33 window_influence: 0.56833704340378699, penalty_k: 0.45280536399023114, scale_lr: 0.48266362750844499, EAO: 0.256
Trial 1031 finished with value: 0.2562244522896258 and parameters: {'window_influence': 0.568337043403787, 'penalty_k': 0.45280536399023114, 'scale_lr': 0.482663627508445}. Best is trial 896 with value: 0.3777425812144224.
checkpoint_e33 window_influence: 0.21659972726650698, penalty_k: 0.48039277236834899, scale_lr: 0.46585118948624987, EAO: 0.263
Trial 1032 finished with value: 0.2628066952010537 and parameters: {'window_influence': 0.21659972726650698, 'penalty_k': 0.480392772368349, 'scale_lr': 0.4658511894862499}. Best is trial 896 with value: 0.3777425812144224.
checkpoint_e33 window_influence: 0.41425802056373168, penalty_k: 0.36713541369617320, scale_lr: 0.49269889540556572, EAO: 0.330
Trial 1033 finished with value: 0.3302185605008315 and parameters: {'window_influence': 0.4142580205637317, 'penalty_k': 0.3671354136961732, 'scale_lr': 0.4926988954055657}. Best is trial 896 with value: 0.3777425812144224.
checkpoint_e33 window_influence: 0.21900777864792467, penalty_k: 0.35297733589213076, scale_lr: 0.32225780270656079, EAO: 0.285
Trial 1034 finished with value: 0.2853391640729014 and parameters: {'window_influence': 0.21900777864792467, 'penalty_k': 0.35297733589213076, 'scale_lr': 0.3222578027065608}. Best is trial 896 with value: 0.3777425812144224.
checkpoint_e33 window_influence: 0.11404055143467490, penalty_k: 0.00047539579613352, scale_lr: 0.43436730402126644, EAO: 0.265
Trial 1035 finished with value: 0.26499072447825034 and parameters: {'window_influence': 0.1140405514346749, 'penalty_k': 0.0004753957961335237, 'scale_lr': 0.43436730402126644}. Best is trial 896 with value: 0.3777425812144224.
checkpoint_e33 window_influence: 0.14519903271128001, penalty_k: 0.09549480986784917, scale_lr: 0.23911414392745345, EAO: 0.268
Trial 1036 finished with value: 0.2677219999439521 and parameters: {'window_influence': 0.14519903271128, 'penalty_k': 0.09549480986784917, 'scale_lr': 0.23911414392745345}. Best is trial 896 with value: 0.3777425812144224.
checkpoint_e33 window_influence: 0.42918131602858345, penalty_k: 0.38595960952769109, scale_lr: 0.45562548622539084, EAO: 0.341
Trial 1037 finished with value: 0.3409500582440818 and parameters: {'window_influence': 0.42918131602858345, 'penalty_k': 0.3859596095276911, 'scale_lr': 0.45562548622539084}. Best is trial 896 with value: 0.3777425812144224.
checkpoint_e33 window_influence: 0.22845721539107344, penalty_k: 0.42964732524746646, scale_lr: 0.48070690263967242, EAO: 0.305
Trial 1038 finished with value: 0.30472410183240467 and parameters: {'window_influence': 0.22845721539107344, 'penalty_k': 0.42964732524746646, 'scale_lr': 0.4807069026396724}. Best is trial 896 with value: 0.3777425812144224.
checkpoint_e33 window_influence: 0.44786488875776514, penalty_k: 0.40979579943889560, scale_lr: 0.41531875389958811, EAO: 0.326
Trial 1039 finished with value: 0.32610233551333384 and parameters: {'window_influence': 0.44786488875776514, 'penalty_k': 0.4097957994388956, 'scale_lr': 0.4153187538995881}. Best is trial 896 with value: 0.3777425812144224.
checkpoint_e33 window_influence: 0.20872221133492602, penalty_k: 0.12639876758096327, scale_lr: 0.65363393127418135, EAO: 0.290
Trial 1040 finished with value: 0.2900647293152976 and parameters: {'window_influence': 0.20872221133492602, 'penalty_k': 0.12639876758096327, 'scale_lr': 0.6536339312741813}. Best is trial 896 with value: 0.3777425812144224.
checkpoint_e33 window_influence: 0.51618328010228265, penalty_k: 0.49007866579268511, scale_lr: 0.28435697746925614, EAO: 0.279
Trial 1041 finished with value: 0.27919927227821795 and parameters: {'window_influence': 0.5161832801022826, 'penalty_k': 0.4900786657926851, 'scale_lr': 0.28435697746925614}. Best is trial 896 with value: 0.3777425812144224.
checkpoint_e33 window_influence: 0.29114224484781387, penalty_k: 0.32335870135951161, scale_lr: 0.52559322678294063, EAO: 0.291
Trial 1042 finished with value: 0.29089863215670975 and parameters: {'window_influence': 0.29114224484781387, 'penalty_k': 0.3233587013595116, 'scale_lr': 0.5255932267829406}. Best is trial 896 with value: 0.3777425812144224.
checkpoint_e33 window_influence: 0.27988274750674835, penalty_k: 0.40144688973302101, scale_lr: 0.37185641460251889, EAO: 0.273
Trial 1043 finished with value: 0.2732112772385898 and parameters: {'window_influence': 0.27988274750674835, 'penalty_k': 0.401446889733021, 'scale_lr': 0.3718564146025189}. Best is trial 896 with value: 0.3777425812144224.
checkpoint_e33 window_influence: 0.45511043111300287, penalty_k: 0.45189016944639449, scale_lr: 0.14171683733475149, EAO: 0.285
Trial 1044 finished with value: 0.2853165864364646 and parameters: {'window_influence': 0.45511043111300287, 'penalty_k': 0.4518901694463945, 'scale_lr': 0.1417168373347515}. Best is trial 896 with value: 0.3777425812144224.
checkpoint_e33 window_influence: 0.62119268798381333, penalty_k: 0.47210419622007099, scale_lr: 0.54501366977454724, EAO: 0.237
Trial 1045 finished with value: 0.23696069581731286 and parameters: {'window_influence': 0.6211926879838133, 'penalty_k': 0.472104196220071, 'scale_lr': 0.5450136697745472}. Best is trial 896 with value: 0.3777425812144224.
checkpoint_e33 window_influence: 0.26958777959196822, penalty_k: 0.49760011734903747, scale_lr: 0.60445858740293268, EAO: 0.286
Trial 1046 finished with value: 0.2855955834286686 and parameters: {'window_influence': 0.2695877795919682, 'penalty_k': 0.4976001173490375, 'scale_lr': 0.6044585874029327}. Best is trial 896 with value: 0.3777425812144224.
checkpoint_e33 window_influence: 0.43547849215590506, penalty_k: 0.34026495947458274, scale_lr: 0.50497505076151827, EAO: 0.326
Trial 1047 finished with value: 0.3263997986390897 and parameters: {'window_influence': 0.43547849215590506, 'penalty_k': 0.34026495947458274, 'scale_lr': 0.5049750507615183}. Best is trial 896 with value: 0.3777425812144224.
checkpoint_e33 window_influence: 0.54363731696459983, penalty_k: 0.19860007191105225, scale_lr: 0.22421545161556161, EAO: 0.285
Trial 1048 finished with value: 0.28513247940095016 and parameters: {'window_influence': 0.5436373169645998, 'penalty_k': 0.19860007191105225, 'scale_lr': 0.2242154516155616}. Best is trial 896 with value: 0.3777425812144224.
checkpoint_e33 window_influence: 0.46467724319924675, penalty_k: 0.15592107731407048, scale_lr: 0.30020893169292201, EAO: 0.336
Trial 1049 finished with value: 0.33645937646873264 and parameters: {'window_influence': 0.46467724319924675, 'penalty_k': 0.15592107731407048, 'scale_lr': 0.300208931692922}. Best is trial 896 with value: 0.3777425812144224.
checkpoint_e33 window_influence: 0.50283007372799804, penalty_k: 0.34792038964075472, scale_lr: 0.33937920302138652, EAO: 0.309
Trial 1050 finished with value: 0.30863996134193955 and parameters: {'window_influence': 0.502830073727998, 'penalty_k': 0.3479203896407547, 'scale_lr': 0.3393792030213865}. Best is trial 896 with value: 0.3777425812144224.
checkpoint_e33 window_influence: 0.53008002568957413, penalty_k: 0.39498649355756288, scale_lr: 0.39227768668854124, EAO: 0.300
Trial 1051 finished with value: 0.299535124392361 and parameters: {'window_influence': 0.5300800256895741, 'penalty_k': 0.3949864935575629, 'scale_lr': 0.39227768668854124}. Best is trial 896 with value: 0.3777425812144224.
checkpoint_e33 window_influence: 0.47150734360104379, penalty_k: 0.46108156938640366, scale_lr: 0.62029585824541500, EAO: 0.295
Trial 1052 finished with value: 0.2950764311194884 and parameters: {'window_influence': 0.4715073436010438, 'penalty_k': 0.46108156938640366, 'scale_lr': 0.620295858245415}. Best is trial 896 with value: 0.3777425812144224.
checkpoint_e33 window_influence: 0.24214070239506036, penalty_k: 0.42234080963361531, scale_lr: 0.12141443497534088, EAO: 0.309
Trial 1053 finished with value: 0.3085831847868077 and parameters: {'window_influence': 0.24214070239506036, 'penalty_k': 0.4223408096336153, 'scale_lr': 0.12141443497534088}. Best is trial 896 with value: 0.3777425812144224.
checkpoint_e33 window_influence: 0.44246685560754084, penalty_k: 0.13742071869298442, scale_lr: 0.26350162448804698, EAO: 0.327
Trial 1054 finished with value: 0.32739543764043877 and parameters: {'window_influence': 0.44246685560754084, 'penalty_k': 0.13742071869298442, 'scale_lr': 0.263501624488047}. Best is trial 896 with value: 0.3777425812144224.
checkpoint_e33 window_influence: 0.41590752622844301, penalty_k: 0.11567899386382134, scale_lr: 0.56741012697544968, EAO: 0.329
Trial 1055 finished with value: 0.32922927090166143 and parameters: {'window_influence': 0.415907526228443, 'penalty_k': 0.11567899386382134, 'scale_lr': 0.5674101269754497}. Best is trial 896 with value: 0.3777425812144224.
checkpoint_e33 window_influence: 0.10474219528703371, penalty_k: 0.02803824468090156, scale_lr: 0.48969245755272772, EAO: 0.257
Trial 1056 finished with value: 0.2566075795239512 and parameters: {'window_influence': 0.10474219528703371, 'penalty_k': 0.028038244680901565, 'scale_lr': 0.4896924575527277}. Best is trial 896 with value: 0.3777425812144224.
checkpoint_e33 window_influence: 0.48826945204845401, penalty_k: 0.37649807702846194, scale_lr: 0.42661436495056165, EAO: 0.315
Trial 1057 finished with value: 0.31510120891179555 and parameters: {'window_influence': 0.488269452048454, 'penalty_k': 0.37649807702846194, 'scale_lr': 0.42661436495056165}. Best is trial 896 with value: 0.3777425812144224.
checkpoint_e33 window_influence: 0.51708885648680591, penalty_k: 0.22023095899883452, scale_lr: 0.35405001197445779, EAO: 0.318
Trial 1058 finished with value: 0.3182323249745462 and parameters: {'window_influence': 0.5170888564868059, 'penalty_k': 0.22023095899883452, 'scale_lr': 0.3540500119744578}. Best is trial 896 with value: 0.3777425812144224.
checkpoint_e33 window_influence: 0.46010790111262617, penalty_k: 0.01264060496012252, scale_lr: 0.46608027943496949, EAO: 0.328
Trial 1059 finished with value: 0.3284190455995181 and parameters: {'window_influence': 0.46010790111262617, 'penalty_k': 0.012640604960122516, 'scale_lr': 0.4660802794349695}. Best is trial 896 with value: 0.3777425812144224.
checkpoint_e33 window_influence: 0.58019322188704225, penalty_k: 0.36491462509895067, scale_lr: 0.58533100029749507, EAO: 0.258
Trial 1060 finished with value: 0.25799159688244533 and parameters: {'window_influence': 0.5801932218870423, 'penalty_k': 0.3649146250989507, 'scale_lr': 0.5853310002974951}. Best is trial 896 with value: 0.3777425812144224.
checkpoint_e33 window_influence: 0.47799491937722949, penalty_k: 0.44459240143813117, scale_lr: 0.63551407902683221, EAO: 0.315
Trial 1061 finished with value: 0.3149951178044197 and parameters: {'window_influence': 0.4779949193772295, 'penalty_k': 0.44459240143813117, 'scale_lr': 0.6355140790268322}. Best is trial 896 with value: 0.3777425812144224.
checkpoint_e33 window_influence: 0.50314960484715943, penalty_k: 0.18037851963380580, scale_lr: 0.66352131105715773, EAO: 0.320
Trial 1062 finished with value: 0.3200494833725436 and parameters: {'window_influence': 0.5031496048471594, 'penalty_k': 0.1803785196338058, 'scale_lr': 0.6635213110571577}. Best is trial 896 with value: 0.3777425812144224.
checkpoint_e33 window_influence: 0.21218082951574782, penalty_k: 0.25636028873231104, scale_lr: 0.73003937410940778, EAO: 0.301
Trial 1063 finished with value: 0.3012084767280386 and parameters: {'window_influence': 0.21218082951574782, 'penalty_k': 0.25636028873231104, 'scale_lr': 0.7300393741094078}. Best is trial 896 with value: 0.3777425812144224.
checkpoint_e33 window_influence: 0.34047257358810123, penalty_k: 0.28566860202434746, scale_lr: 0.52290359975389744, EAO: 0.318
Trial 1064 finished with value: 0.31771107476045185 and parameters: {'window_influence': 0.34047257358810123, 'penalty_k': 0.28566860202434746, 'scale_lr': 0.5229035997538974}. Best is trial 896 with value: 0.3777425812144224.
checkpoint_e33 window_influence: 0.45158982845281909, penalty_k: 0.23771744924161964, scale_lr: 0.44558454330752761, EAO: 0.338
Trial 1065 finished with value: 0.337981900236486 and parameters: {'window_influence': 0.4515898284528191, 'penalty_k': 0.23771744924161964, 'scale_lr': 0.4455845433075276}. Best is trial 896 with value: 0.3777425812144224.
checkpoint_e33 window_influence: 0.42702214753775464, penalty_k: 0.01617268309300196, scale_lr: 0.50839890925022302, EAO: 0.335
Trial 1066 finished with value: 0.33464871955752834 and parameters: {'window_influence': 0.42702214753775464, 'penalty_k': 0.01617268309300196, 'scale_lr': 0.508398909250223}. Best is trial 896 with value: 0.3777425812144224.
checkpoint_e33 window_influence: 0.20537335744508592, penalty_k: 0.26353467317358942, scale_lr: 0.47981203691584234, EAO: 0.291
Trial 1067 finished with value: 0.2912875943842565 and parameters: {'window_influence': 0.20537335744508592, 'penalty_k': 0.2635346731735894, 'scale_lr': 0.47981203691584234}. Best is trial 896 with value: 0.3777425812144224.
checkpoint_e33 window_influence: 0.49186209797683850, penalty_k: 0.10586683515746589, scale_lr: 0.64887283675398866, EAO: 0.337
Trial 1068 finished with value: 0.3368135818247665 and parameters: {'window_influence': 0.4918620979768385, 'penalty_k': 0.1058668351574659, 'scale_lr': 0.6488728367539887}. Best is trial 896 with value: 0.3777425812144224.
checkpoint_e33 window_influence: 0.31954791199214994, penalty_k: 0.03610373702569362, scale_lr: 0.31107024012262163, EAO: 0.317
Trial 1069 finished with value: 0.3166954155561989 and parameters: {'window_influence': 0.31954791199214994, 'penalty_k': 0.036103737025693625, 'scale_lr': 0.31107024012262163}. Best is trial 896 with value: 0.3777425812144224.
checkpoint_e33 window_influence: 0.12381547707927357, penalty_k: 0.39418798749896916, scale_lr: 0.24027622459700354, EAO: 0.252
Trial 1070 finished with value: 0.25152424992522376 and parameters: {'window_influence': 0.12381547707927357, 'penalty_k': 0.39418798749896916, 'scale_lr': 0.24027622459700354}. Best is trial 896 with value: 0.3777425812144224.
checkpoint_e33 window_influence: 0.15342521258288536, penalty_k: 0.07675495259435140, scale_lr: 0.17851167840464865, EAO: 0.270
Trial 1071 finished with value: 0.2702483585256547 and parameters: {'window_influence': 0.15342521258288536, 'penalty_k': 0.0767549525943514, 'scale_lr': 0.17851167840464865}. Best is trial 896 with value: 0.3777425812144224.
checkpoint_e33 window_influence: 0.46855414400468731, penalty_k: 0.14240672304580848, scale_lr: 0.15943274558118820, EAO: 0.354
Trial 1072 finished with value: 0.35397409847738215 and parameters: {'window_influence': 0.4685541440046873, 'penalty_k': 0.14240672304580848, 'scale_lr': 0.1594327455811882}. Best is trial 896 with value: 0.3777425812144224.
checkpoint_e33 window_influence: 0.36540200987887705, penalty_k: 0.41139344218430796, scale_lr: 0.67375807924973308, EAO: 0.328
Trial 1073 finished with value: 0.32838594542403166 and parameters: {'window_influence': 0.36540200987887705, 'penalty_k': 0.41139344218430796, 'scale_lr': 0.6737580792497331}. Best is trial 896 with value: 0.3777425812144224.
checkpoint_e33 window_influence: 0.08540265319132523, penalty_k: 0.16391272754262021, scale_lr: 0.72059574001981552, EAO: 0.245
Trial 1074 finished with value: 0.24510843703950888 and parameters: {'window_influence': 0.08540265319132523, 'penalty_k': 0.1639127275426202, 'scale_lr': 0.7205957400198155}. Best is trial 896 with value: 0.3777425812144224.
checkpoint_e33 window_influence: 0.50942130065978319, penalty_k: 0.51281423043661656, scale_lr: 0.60996055962921170, EAO: 0.291
Trial 1075 finished with value: 0.29066969663020703 and parameters: {'window_influence': 0.5094213006597832, 'penalty_k': 0.5128142304366166, 'scale_lr': 0.6099605596292117}. Best is trial 896 with value: 0.3777425812144224.
checkpoint_e33 window_influence: 0.59281160763617091, penalty_k: 0.01977746613417573, scale_lr: 0.13236254636236211, EAO: 0.300
Trial 1076 finished with value: 0.2997431996267593 and parameters: {'window_influence': 0.5928116076361709, 'penalty_k': 0.019777466134175734, 'scale_lr': 0.1323625463623621}. Best is trial 896 with value: 0.3777425812144224.
checkpoint_e33 window_influence: 0.48297489849156833, penalty_k: 0.12432789679553985, scale_lr: 0.56224810523594959, EAO: 0.344
Trial 1077 finished with value: 0.3439909659239105 and parameters: {'window_influence': 0.4829748984915683, 'penalty_k': 0.12432789679553985, 'scale_lr': 0.5622481052359496}. Best is trial 896 with value: 0.3777425812144224.
checkpoint_e33 window_influence: 0.55500964570356104, penalty_k: 0.20663852471025362, scale_lr: 0.45474751669026287, EAO: 0.300
Trial 1078 finished with value: 0.3002673728456757 and parameters: {'window_influence': 0.555009645703561, 'penalty_k': 0.20663852471025362, 'scale_lr': 0.45474751669026287}. Best is trial 896 with value: 0.3777425812144224.
checkpoint_e33 window_influence: 0.52735710222346444, penalty_k: 0.29623149640667135, scale_lr: 0.38023111845403451, EAO: 0.294
Trial 1079 finished with value: 0.29380777837701344 and parameters: {'window_influence': 0.5273571022234644, 'penalty_k': 0.29623149640667135, 'scale_lr': 0.3802311184540345}. Best is trial 896 with value: 0.3777425812144224.
checkpoint_e33 window_influence: 0.44260243184431036, penalty_k: 0.05385899994442874, scale_lr: 0.43466548902126340, EAO: 0.343
Trial 1080 finished with value: 0.3431547591426493 and parameters: {'window_influence': 0.44260243184431036, 'penalty_k': 0.05385899994442874, 'scale_lr': 0.4346654890212634}. Best is trial 896 with value: 0.3777425812144224.
checkpoint_e33 window_influence: 0.45732280800521802, penalty_k: 0.30570694762590089, scale_lr: 0.50108045877857410, EAO: 0.345
Trial 1081 finished with value: 0.34473417032553527 and parameters: {'window_influence': 0.457322808005218, 'penalty_k': 0.3057069476259009, 'scale_lr': 0.5010804587785741}. Best is trial 896 with value: 0.3777425812144224.
checkpoint_e33 window_influence: 0.47352613931059517, penalty_k: 0.03478647529953564, scale_lr: 0.54173988721009270, EAO: 0.346
Trial 1082 finished with value: 0.34570740203913086 and parameters: {'window_influence': 0.4735261393105952, 'penalty_k': 0.034786475299535644, 'scale_lr': 0.5417398872100927}. Best is trial 896 with value: 0.3777425812144224.
checkpoint_e33 window_influence: 0.49139486997901444, penalty_k: 0.24682360747107707, scale_lr: 0.62583395041612244, EAO: 0.344
Trial 1083 finished with value: 0.34359237563285383 and parameters: {'window_influence': 0.49139486997901444, 'penalty_k': 0.24682360747107707, 'scale_lr': 0.6258339504161224}. Best is trial 896 with value: 0.3777425812144224.
checkpoint_e33 window_influence: 0.25482819800535728, penalty_k: 0.06578587115509568, scale_lr: 0.46619433112181280, EAO: 0.293
Trial 1084 finished with value: 0.2930565461922249 and parameters: {'window_influence': 0.2548281980053573, 'penalty_k': 0.06578587115509568, 'scale_lr': 0.4661943311218128}. Best is trial 896 with value: 0.3777425812144224.
checkpoint_e33 window_influence: 0.49869691183508491, penalty_k: 0.27141577476791701, scale_lr: 0.10130533931649627, EAO: 0.322
Trial 1085 finished with value: 0.3215694590417328 and parameters: {'window_influence': 0.4986969118350849, 'penalty_k': 0.271415774767917, 'scale_lr': 0.10130533931649627}. Best is trial 896 with value: 0.3777425812144224.
checkpoint_e33 window_influence: 0.58477535503153089, penalty_k: 0.00184768801787828, scale_lr: 0.58965647873640414, EAO: 0.267
Trial 1086 finished with value: 0.26672654590254163 and parameters: {'window_influence': 0.5847753550315309, 'penalty_k': 0.0018476880178782823, 'scale_lr': 0.5896564787364041}. Best is trial 896 with value: 0.3777425812144224.
checkpoint_e33 window_influence: 0.51889332668048782, penalty_k: 0.48752585542935989, scale_lr: 0.22235485473627981, EAO: 0.287
Trial 1087 finished with value: 0.2869228913162469 and parameters: {'window_influence': 0.5188933266804878, 'penalty_k': 0.4875258554293599, 'scale_lr': 0.2223548547362798}. Best is trial 896 with value: 0.3777425812144224.
checkpoint_e33 window_influence: 0.46247586533261770, penalty_k: 0.22519084158329233, scale_lr: 0.41449633911948186, EAO: 0.334
Trial 1088 finished with value: 0.333589077807586 and parameters: {'window_influence': 0.4624758653326177, 'penalty_k': 0.22519084158329233, 'scale_lr': 0.41449633911948186}. Best is trial 896 with value: 0.3777425812144224.
checkpoint_e33 window_influence: 0.43221576723647409, penalty_k: 0.43329525374552458, scale_lr: 0.68156311539135062, EAO: 0.336
Trial 1089 finished with value: 0.33582377862837526 and parameters: {'window_influence': 0.4322157672364741, 'penalty_k': 0.4332952537455246, 'scale_lr': 0.6815631153913506}. Best is trial 896 with value: 0.3777425812144224.
checkpoint_e33 window_influence: 0.41589853982189817, penalty_k: 0.08713488489430414, scale_lr: 0.34015942894073814, EAO: 0.346
