Trial 110 finished with value: 0.338165024259211 and parameters: {'window_influence': 0.48086752627545876, 'penalty_k': 0.010907689410057445, 'scale_lr': 0.5088984315500755}. Best is trial 90 with value: 0.360337203462764.
checkpoint_e16 window_influence: 0.40933045009417618, penalty_k: 0.09160306998521334, scale_lr: 0.11595075780773934, EAO: 0.329
Trial 634 finished with value: 0.32910075140138545 and parameters: {'window_influence': 0.4093304500941762, 'penalty_k': 0.09160306998521334, 'scale_lr': 0.11595075780773934}. Best is trial 128 with value: 0.3574732866732527.
checkpoint_e16 window_influence: 0.48275993140485529, penalty_k: 0.00015699147425501, scale_lr: 0.50837752261138203, EAO: 0.338
Trial 111 finished with value: 0.33768489423428993 and parameters: {'window_influence': 0.4827599314048553, 'penalty_k': 0.00015699147425500619, 'scale_lr': 0.508377522611382}. Best is trial 90 with value: 0.360337203462764.
checkpoint_e16 window_influence: 0.45412108163759002, penalty_k: 0.25486751030407406, scale_lr: 0.57346902684899226, EAO: 0.316
Trial 635 finished with value: 0.31559894973201974 and parameters: {'window_influence': 0.45412108163759, 'penalty_k': 0.25486751030407406, 'scale_lr': 0.5734690268489923}. Best is trial 128 with value: 0.3574732866732527.
checkpoint_e16 window_influence: 0.48157362649574698, penalty_k: 0.01821013615209412, scale_lr: 0.50856655093040914, EAO: 0.334
Trial 112 finished with value: 0.3337857544654074 and parameters: {'window_influence': 0.481573626495747, 'penalty_k': 0.01821013615209412, 'scale_lr': 0.5085665509304091}. Best is trial 90 with value: 0.360337203462764.
checkpoint_e16 window_influence: 0.47359877461455602, penalty_k: 0.38053893915476733, scale_lr: 0.26056960148671254, EAO: 0.300
Trial 636 finished with value: 0.300312652488163 and parameters: {'window_influence': 0.473598774614556, 'penalty_k': 0.38053893915476733, 'scale_lr': 0.26056960148671254}. Best is trial 128 with value: 0.3574732866732527.
checkpoint_e16 window_influence: 0.50955027815365417, penalty_k: 0.03572138553372790, scale_lr: 0.53995033160864159, EAO: 0.317
Trial 113 finished with value: 0.3172479151867707 and parameters: {'window_influence': 0.5095502781536542, 'penalty_k': 0.035721385533727903, 'scale_lr': 0.5399503316086416}. Best is trial 90 with value: 0.360337203462764.
checkpoint_e16 window_influence: 0.43524856902724485, penalty_k: 0.12899441171336284, scale_lr: 0.63472132808635973, EAO: 0.335
Trial 637 finished with value: 0.3354234139974943 and parameters: {'window_influence': 0.43524856902724485, 'penalty_k': 0.12899441171336284, 'scale_lr': 0.6347213280863597}. Best is trial 128 with value: 0.3574732866732527.
checkpoint_e16 window_influence: 0.46156714870007931, penalty_k: 0.05470260529724669, scale_lr: 0.56842760636116341, EAO: 0.323
Trial 114 finished with value: 0.32251782118114514 and parameters: {'window_influence': 0.4615671487000793, 'penalty_k': 0.054702605297246694, 'scale_lr': 0.5684276063611634}. Best is trial 90 with value: 0.360337203462764.
checkpoint_e16 window_influence: 0.45103083214625966, penalty_k: 0.27333252410199871, scale_lr: 0.33949566937330700, EAO: 0.338
Trial 638 finished with value: 0.33811895068053605 and parameters: {'window_influence': 0.45103083214625966, 'penalty_k': 0.2733325241019987, 'scale_lr': 0.339495669373307}. Best is trial 128 with value: 0.3574732866732527.
checkpoint_e16 window_influence: 0.49478450276018970, penalty_k: 0.02560604330064499, scale_lr: 0.50980508070427177, EAO: 0.329
Trial 115 finished with value: 0.32933076659529126 and parameters: {'window_influence': 0.4947845027601897, 'penalty_k': 0.025606043300644987, 'scale_lr': 0.5098050807042718}. Best is trial 90 with value: 0.360337203462764.
checkpoint_e16 window_influence: 0.20138777795110857, penalty_k: 0.32787778110867893, scale_lr: 0.23747379079917974, EAO: 0.289
Trial 639 finished with value: 0.2887515214630602 and parameters: {'window_influence': 0.20138777795110857, 'penalty_k': 0.32787778110867893, 'scale_lr': 0.23747379079917974}. Best is trial 128 with value: 0.3574732866732527.
checkpoint_e16 window_influence: 0.47866599365559104, penalty_k: 0.01131993512981756, scale_lr: 0.52794194470728339, EAO: 0.319
Trial 116 finished with value: 0.31859997268548734 and parameters: {'window_influence': 0.47866599365559104, 'penalty_k': 0.011319935129817561, 'scale_lr': 0.5279419447072834}. Best is trial 90 with value: 0.360337203462764.
checkpoint_e16 window_influence: 0.50074931201268991, penalty_k: 0.10573835615507987, scale_lr: 0.54176163668249033, EAO: 0.299
Trial 640 finished with value: 0.2994918261404631 and parameters: {'window_influence': 0.5007493120126899, 'penalty_k': 0.10573835615507987, 'scale_lr': 0.5417616366824903}. Best is trial 128 with value: 0.3574732866732527.
checkpoint_e16 window_influence: 0.41959052544625508, penalty_k: 0.17846133695617253, scale_lr: 0.29986188823776166, EAO: 0.312
Trial 641 finished with value: 0.31167263755074737 and parameters: {'window_influence': 0.4195905254462551, 'penalty_k': 0.17846133695617253, 'scale_lr': 0.29986188823776166}. Best is trial 128 with value: 0.3574732866732527.
checkpoint_e16 window_influence: 0.50546211072273417, penalty_k: 0.04089326160632041, scale_lr: 0.54719791002374985, EAO: 0.319
Trial 117 finished with value: 0.31869577230878376 and parameters: {'window_influence': 0.5054621107227342, 'penalty_k': 0.04089326160632041, 'scale_lr': 0.5471979100237498}. Best is trial 90 with value: 0.360337203462764.
checkpoint_e16 window_influence: 0.48338699316354988, penalty_k: 0.01138490175169123, scale_lr: 0.32938605430622064, EAO: 0.322
Trial 642 finished with value: 0.322362466371013 and parameters: {'window_influence': 0.4833869931635499, 'penalty_k': 0.011384901751691233, 'scale_lr': 0.32938605430622064}. Best is trial 128 with value: 0.3574732866732527.
checkpoint_e16 window_influence: 0.52535883100851111, penalty_k: 0.06488926695273638, scale_lr: 0.47535520388667346, EAO: 0.300
Trial 118 finished with value: 0.3004158579305916 and parameters: {'window_influence': 0.5253588310085111, 'penalty_k': 0.06488926695273638, 'scale_lr': 0.47535520388667346}. Best is trial 90 with value: 0.360337203462764.
checkpoint_e16 window_influence: 0.46438459385849157, penalty_k: 0.04440558563084768, scale_lr: 0.35901272483131846, EAO: 0.324
Trial 643 finished with value: 0.32389910582902365 and parameters: {'window_influence': 0.46438459385849157, 'penalty_k': 0.04440558563084768, 'scale_lr': 0.35901272483131846}. Best is trial 128 with value: 0.3574732866732527.
checkpoint_e16 window_influence: 0.47143317610474128, penalty_k: 0.01262355313760681, scale_lr: 0.45855623261533862, EAO: 0.331
Trial 119 finished with value: 0.3305736991218092 and parameters: {'window_influence': 0.4714331761047413, 'penalty_k': 0.01262355313760681, 'scale_lr': 0.4585562326153386}. Best is trial 90 with value: 0.360337203462764.
checkpoint_e16 window_influence: 0.44236333283313650, penalty_k: 0.14340816290789721, scale_lr: 0.26916282915682016, EAO: 0.324
Trial 644 finished with value: 0.32422923624283606 and parameters: {'window_influence': 0.4423633328331365, 'penalty_k': 0.1434081629078972, 'scale_lr': 0.26916282915682016}. Best is trial 128 with value: 0.3574732866732527.
checkpoint_e16 window_influence: 0.48718142821523541, penalty_k: 0.02861512042304463, scale_lr: 0.50541143417417134, EAO: 0.330
Trial 120 finished with value: 0.3295021396898574 and parameters: {'window_influence': 0.4871814282152354, 'penalty_k': 0.028615120423044635, 'scale_lr': 0.5054114341741713}. Best is trial 90 with value: 0.360337203462764.
checkpoint_e16 window_influence: 0.39965638849957363, penalty_k: 0.34068501933418793, scale_lr: 0.27843677403173323, EAO: 0.316
Trial 645 finished with value: 0.31564428793549076 and parameters: {'window_influence': 0.39965638849957363, 'penalty_k': 0.34068501933418793, 'scale_lr': 0.2784367740317332}. Best is trial 128 with value: 0.3574732866732527.
checkpoint_e16 window_influence: 0.45258537106830865, penalty_k: 0.00449891124682396, scale_lr: 0.49067243626841933, EAO: 0.344
Trial 121 finished with value: 0.3443007207102349 and parameters: {'window_influence': 0.45258537106830865, 'penalty_k': 0.004498911246823962, 'scale_lr': 0.49067243626841933}. Best is trial 90 with value: 0.360337203462764.
checkpoint_e16 window_influence: 0.43068190093332798, penalty_k: 0.50713884594005254, scale_lr: 0.31189711303650797, EAO: 0.299
Trial 646 finished with value: 0.2991356839813611 and parameters: {'window_influence': 0.430681900933328, 'penalty_k': 0.5071388459400525, 'scale_lr': 0.31189711303650797}. Best is trial 128 with value: 0.3574732866732527.
checkpoint_e16 window_influence: 0.42481228878244492, penalty_k: 0.00155596496632560, scale_lr: 0.48579028668170721, EAO: 0.345
Trial 122 finished with value: 0.3452233641991819 and parameters: {'window_influence': 0.4248122887824449, 'penalty_k': 0.0015559649663256043, 'scale_lr': 0.4857902866817072}. Best is trial 90 with value: 0.360337203462764.
checkpoint_e16 window_influence: 0.46253741470791215, penalty_k: 0.16140087584247848, scale_lr: 0.25507308671758477, EAO: 0.330
Trial 647 finished with value: 0.3301246398153936 and parameters: {'window_influence': 0.46253741470791215, 'penalty_k': 0.16140087584247848, 'scale_lr': 0.2550730867175848}. Best is trial 128 with value: 0.3574732866732527.
checkpoint_e16 window_influence: 0.43138792383102376, penalty_k: 0.01665378790084829, scale_lr: 0.48909762858075484, EAO: 0.319
Trial 123 finished with value: 0.3187060934792233 and parameters: {'window_influence': 0.43138792383102376, 'penalty_k': 0.01665378790084829, 'scale_lr': 0.48909762858075484}. Best is trial 90 with value: 0.360337203462764.
checkpoint_e16 window_influence: 0.14616470156725689, penalty_k: 0.46761682339233301, scale_lr: 0.46900594552365288, EAO: 0.252
Trial 648 finished with value: 0.2520221149990995 and parameters: {'window_influence': 0.1461647015672569, 'penalty_k': 0.467616823392333, 'scale_lr': 0.4690059455236529}. Best is trial 128 with value: 0.3574732866732527.
checkpoint_e16 window_influence: 0.42256698263527309, penalty_k: 0.05362066888319315, scale_lr: 0.43303033807646241, EAO: 0.306
Trial 124 finished with value: 0.3060894661260486 and parameters: {'window_influence': 0.4225669826352731, 'penalty_k': 0.053620668883193154, 'scale_lr': 0.4330303380764624}. Best is trial 90 with value: 0.360337203462764.
checkpoint_e16 window_influence: 0.10734182165656025, penalty_k: 0.30282562101862559, scale_lr: 0.59181510966701367, EAO: 0.257
Trial 649 finished with value: 0.2566639169296866 and parameters: {'window_influence': 0.10734182165656025, 'penalty_k': 0.3028256210186256, 'scale_lr': 0.5918151096670137}. Best is trial 128 with value: 0.3574732866732527.
checkpoint_e16 window_influence: 0.44027850331693713, penalty_k: 0.03750000099974088, scale_lr: 0.47018256913847145, EAO: 0.333
Trial 125 finished with value: 0.3330643981811138 and parameters: {'window_influence': 0.44027850331693713, 'penalty_k': 0.03750000099974088, 'scale_lr': 0.47018256913847145}. Best is trial 90 with value: 0.360337203462764.
checkpoint_e16 window_influence: 0.49233296799517695, penalty_k: 0.20368011581399395, scale_lr: 0.17776105272822240, EAO: 0.314
Trial 650 finished with value: 0.31404351005294445 and parameters: {'window_influence': 0.49233296799517695, 'penalty_k': 0.20368011581399395, 'scale_lr': 0.1777610527282224}. Best is trial 128 with value: 0.3574732866732527.
checkpoint_e16 window_influence: 0.45923649267777028, penalty_k: 0.07917412704001323, scale_lr: 0.45268119270772561, EAO: 0.315
Trial 126 finished with value: 0.31453613641197115 and parameters: {'window_influence': 0.4592364926777703, 'penalty_k': 0.07917412704001323, 'scale_lr': 0.4526811927077256}. Best is trial 90 with value: 0.360337203462764.
checkpoint_e16 window_influence: 0.47624015110053147, penalty_k: 0.11614418138034391, scale_lr: 0.21536144709314306, EAO: 0.335
Trial 651 finished with value: 0.33464043822269957 and parameters: {'window_influence': 0.4762401511005315, 'penalty_k': 0.11614418138034391, 'scale_lr': 0.21536144709314306}. Best is trial 128 with value: 0.3574732866732527.
checkpoint_e16 window_influence: 0.30015777199326760, penalty_k: 0.36311162237215699, scale_lr: 0.29081496293122500, EAO: 0.313
Trial 652 finished with value: 0.3131841182244891 and parameters: {'window_influence': 0.3001577719932676, 'penalty_k': 0.363111622372157, 'scale_lr': 0.290814962931225}. Best is trial 128 with value: 0.3574732866732527.
checkpoint_e16 window_influence: 0.39372272239252099, penalty_k: 0.02337639993075056, scale_lr: 0.52092858211501814, EAO: 0.322
Trial 127 finished with value: 0.3221646530502965 and parameters: {'window_influence': 0.393722722392521, 'penalty_k': 0.02337639993075056, 'scale_lr': 0.5209285821150181}. Best is trial 90 with value: 0.360337203462764.
checkpoint_e16 window_influence: 0.44836509071761699, penalty_k: 0.54497975814684785, scale_lr: 0.78213620744238188, EAO: 0.315
Trial 653 finished with value: 0.3148302727520234 and parameters: {'window_influence': 0.448365090717617, 'penalty_k': 0.5449797581468478, 'scale_lr': 0.7821362074423819}. Best is trial 128 with value: 0.3574732866732527.
checkpoint_e16 window_influence: 0.41142244440478626, penalty_k: 0.00897147183191679, scale_lr: 0.55673574658068470, EAO: 0.325
Trial 128 finished with value: 0.3253563197786242 and parameters: {'window_influence': 0.41142244440478626, 'penalty_k': 0.008971471831916792, 'scale_lr': 0.5567357465806847}. Best is trial 90 with value: 0.360337203462764.
checkpoint_e16 window_influence: 0.40954477523301946, penalty_k: 0.07098027379513874, scale_lr: 0.33773547903691042, EAO: 0.314
Trial 654 finished with value: 0.3135895429302282 and parameters: {'window_influence': 0.40954477523301946, 'penalty_k': 0.07098027379513874, 'scale_lr': 0.3377354790369104}. Best is trial 128 with value: 0.3574732866732527.
checkpoint_e16 window_influence: 0.46241611162174251, penalty_k: 0.04554418990793375, scale_lr: 0.48249555179421466, EAO: 0.319
Trial 129 finished with value: 0.31908036838013837 and parameters: {'window_influence': 0.4624161116217425, 'penalty_k': 0.04554418990793375, 'scale_lr': 0.48249555179421466}. Best is trial 90 with value: 0.360337203462764.
checkpoint_e16 window_influence: 0.50324628428095119, penalty_k: 0.12801379724005038, scale_lr: 0.53315697028227493, EAO: 0.310
Trial 655 finished with value: 0.3101845563385737 and parameters: {'window_influence': 0.5032462842809512, 'penalty_k': 0.12801379724005038, 'scale_lr': 0.5331569702822749}. Best is trial 128 with value: 0.3574732866732527.
checkpoint_e16 window_influence: 0.44372621635777815, penalty_k: 0.00074908958409471, scale_lr: 0.49742757074489558, EAO: 0.330
Trial 130 finished with value: 0.33020365864386353 and parameters: {'window_influence': 0.44372621635777815, 'penalty_k': 0.0007490895840947132, 'scale_lr': 0.4974275707448956}. Best is trial 90 with value: 0.360337203462764.
checkpoint_e16 window_influence: 0.24430224856698551, penalty_k: 0.41105918713323786, scale_lr: 0.38197532311685789, EAO: 0.296
Trial 656 finished with value: 0.2962133976040183 and parameters: {'window_influence': 0.2443022485669855, 'penalty_k': 0.41105918713323786, 'scale_lr': 0.3819753231168579}. Best is trial 128 with value: 0.3574732866732527.
checkpoint_e16 window_influence: 0.47332653587765544, penalty_k: 0.02609350822619656, scale_lr: 0.51510789920959354, EAO: 0.321
Trial 131 finished with value: 0.3212257472921438 and parameters: {'window_influence': 0.47332653587765544, 'penalty_k': 0.02609350822619656, 'scale_lr': 0.5151078992095935}. Best is trial 90 with value: 0.360337203462764.
checkpoint_e16 window_influence: 0.37936246847139660, penalty_k: 0.32412994793789984, scale_lr: 0.43669639862148646, EAO: 0.305
Trial 657 finished with value: 0.30520897721038254 and parameters: {'window_influence': 0.3793624684713966, 'penalty_k': 0.32412994793789984, 'scale_lr': 0.43669639862148646}. Best is trial 128 with value: 0.3574732866732527.
checkpoint_e16 window_influence: 0.42624172246514558, penalty_k: 0.00224126765461042, scale_lr: 0.54105015197541506, EAO: 0.341
Trial 132 finished with value: 0.3407199088237629 and parameters: {'window_influence': 0.4262417224651456, 'penalty_k': 0.0022412676546104235, 'scale_lr': 0.5410501519754151}. Best is trial 90 with value: 0.360337203462764.
checkpoint_e16 window_influence: 0.45809955716822270, penalty_k: 0.00088985928406087, scale_lr: 0.46032661569801664, EAO: 0.300
Trial 658 finished with value: 0.3000293192580516 and parameters: {'window_influence': 0.4580995571682227, 'penalty_k': 0.0008898592840608658, 'scale_lr': 0.46032661569801664}. Best is trial 128 with value: 0.3574732866732527.
checkpoint_e16 window_influence: 0.42856525194660428, penalty_k: 0.01334646785000061, scale_lr: 0.53525659889680754, EAO: 0.321
Trial 133 finished with value: 0.3211769317838468 and parameters: {'window_influence': 0.4285652519466043, 'penalty_k': 0.013346467850000607, 'scale_lr': 0.5352565988968075}. Best is trial 90 with value: 0.360337203462764.
checkpoint_e16 window_influence: 0.46996059321718342, penalty_k: 0.15289905156455530, scale_lr: 0.31304769337997529, EAO: 0.340
Trial 659 finished with value: 0.34024612750524674 and parameters: {'window_influence': 0.4699605932171834, 'penalty_k': 0.1528990515645553, 'scale_lr': 0.3130476933799753}. Best is trial 128 with value: 0.3574732866732527.
checkpoint_e16 window_influence: 0.45410544270371239, penalty_k: 0.03324770944380089, scale_lr: 0.54361741857500412, EAO: 0.305
Trial 134 finished with value: 0.30537815287651254 and parameters: {'window_influence': 0.4541054427037124, 'penalty_k': 0.033247709443800885, 'scale_lr': 0.5436174185750041}. Best is trial 90 with value: 0.360337203462764.
checkpoint_e16 window_influence: 0.63350913886852367, penalty_k: 0.09315369026127464, scale_lr: 0.18993999477794377, EAO: 0.263
Trial 660 finished with value: 0.2627614138771124 and parameters: {'window_influence': 0.6335091388685237, 'penalty_k': 0.09315369026127464, 'scale_lr': 0.18993999477794377}. Best is trial 128 with value: 0.3574732866732527.
checkpoint_e16 window_influence: 0.42297090923911651, penalty_k: 0.41889955793934036, scale_lr: 0.32227428037488309, EAO: 0.305
Trial 661 finished with value: 0.30499802831313955 and parameters: {'window_influence': 0.4229709092391165, 'penalty_k': 0.41889955793934036, 'scale_lr': 0.3222742803748831}. Best is trial 128 with value: 0.3574732866732527.
checkpoint_e16 window_influence: 0.41736755389311297, penalty_k: 0.05662380077382972, scale_lr: 0.52360993385263344, EAO: 0.322
Trial 135 finished with value: 0.3221218564514984 and parameters: {'window_influence': 0.417367553893113, 'penalty_k': 0.05662380077382972, 'scale_lr': 0.5236099338526334}. Best is trial 90 with value: 0.360337203462764.
checkpoint_e16 window_influence: 0.43761974340875281, penalty_k: 0.13894981876920881, scale_lr: 0.23133666364536065, EAO: 0.319
Trial 662 finished with value: 0.3187389367401368 and parameters: {'window_influence': 0.4376197434087528, 'penalty_k': 0.1389498187692088, 'scale_lr': 0.23133666364536065}. Best is trial 128 with value: 0.3574732866732527.
checkpoint_e16 window_influence: 0.43878612806728523, penalty_k: 0.01367225471715202, scale_lr: 0.57630878141474651, EAO: 0.320
Trial 136 finished with value: 0.31987190368342494 and parameters: {'window_influence': 0.43878612806728523, 'penalty_k': 0.013672254717152024, 'scale_lr': 0.5763087814147465}. Best is trial 90 with value: 0.360337203462764.
checkpoint_e16 window_influence: 0.16388848727691130, penalty_k: 0.02046156179184464, scale_lr: 0.35464470897596445, EAO: 0.280
Trial 663 finished with value: 0.2803588449839024 and parameters: {'window_influence': 0.1638884872769113, 'penalty_k': 0.020461561791844638, 'scale_lr': 0.35464470897596445}. Best is trial 128 with value: 0.3574732866732527.
checkpoint_e16 window_influence: 0.46461624783179939, penalty_k: 0.00096641560341050, scale_lr: 0.50096440213207494, EAO: 0.328
Trial 137 finished with value: 0.3281591349074813 and parameters: {'window_influence': 0.4646162478317994, 'penalty_k': 0.0009664156034105045, 'scale_lr': 0.5009644021320749}. Best is trial 90 with value: 0.360337203462764.
checkpoint_e16 window_influence: 0.33730683151770030, penalty_k: 0.16477384471555973, scale_lr: 0.29501374805188740, EAO: 0.311
Trial 664 finished with value: 0.31138113146857993 and parameters: {'window_influence': 0.3373068315177003, 'penalty_k': 0.16477384471555973, 'scale_lr': 0.2950137480518874}. Best is trial 128 with value: 0.3574732866732527.
checkpoint_e16 window_influence: 0.40764482560753390, penalty_k: 0.04048319970657972, scale_lr: 0.44619605771834042, EAO: 0.320
Trial 138 finished with value: 0.3195720991040018 and parameters: {'window_influence': 0.4076448256075339, 'penalty_k': 0.04048319970657972, 'scale_lr': 0.4461960577183404}. Best is trial 90 with value: 0.360337203462764.
checkpoint_e16 window_influence: 0.48406209217082702, penalty_k: 0.10935516188289272, scale_lr: 0.55695020582044918, EAO: 0.321
Trial 665 finished with value: 0.3210584056284641 and parameters: {'window_influence': 0.484062092170827, 'penalty_k': 0.10935516188289272, 'scale_lr': 0.5569502058204492}. Best is trial 128 with value: 0.3574732866732527.
checkpoint_e16 window_influence: 0.45050931793256771, penalty_k: 0.06756612937220563, scale_lr: 0.47449029536991844, EAO: 0.313
Trial 139 finished with value: 0.3134528055845068 and parameters: {'window_influence': 0.4505093179325677, 'penalty_k': 0.06756612937220563, 'scale_lr': 0.47449029536991844}. Best is trial 90 with value: 0.360337203462764.
checkpoint_e16 window_influence: 0.25034680470841458, penalty_k: 0.05230349236209512, scale_lr: 0.25300769972314652, EAO: 0.293
