Trial 700 finished with value: 0.3229143225845196 and parameters: {'window_influence': 0.33606361783782535, 'penalty_k': 0.19219544060538274, 'scale_lr': 0.6067202152377141}. Best is trial 374 with value: 0.3602400896382239.
checkpoint_e24 window_influence: 0.27796665312942703, penalty_k: 0.51028676799099093, scale_lr: 0.24946867463918104, EAO: 0.301
Trial 701 finished with value: 0.3009911961708551 and parameters: {'window_influence': 0.27796665312942703, 'penalty_k': 0.5102867679909909, 'scale_lr': 0.24946867463918104}. Best is trial 374 with value: 0.3602400896382239.
checkpoint_e24 window_influence: 0.31900199429214071, penalty_k: 0.44255316105782611, scale_lr: 0.76534614366859099, EAO: 0.310
Trial 702 finished with value: 0.3104402660047962 and parameters: {'window_influence': 0.3190019942921407, 'penalty_k': 0.4425531610578261, 'scale_lr': 0.765346143668591}. Best is trial 374 with value: 0.3602400896382239.
checkpoint_e24 window_influence: 0.52843555170173584, penalty_k: 0.23129433846089781, scale_lr: 0.64205930436907055, EAO: 0.305
Trial 703 finished with value: 0.3050426401284882 and parameters: {'window_influence': 0.5284355517017358, 'penalty_k': 0.2312943384608978, 'scale_lr': 0.6420593043690705}. Best is trial 374 with value: 0.3602400896382239.
checkpoint_e24 window_influence: 0.48955165992384742, penalty_k: 0.20720212393361595, scale_lr: 0.58235434449332568, EAO: 0.341
Trial 704 finished with value: 0.3408288816533664 and parameters: {'window_influence': 0.4895516599238474, 'penalty_k': 0.20720212393361595, 'scale_lr': 0.5823543444933257}. Best is trial 374 with value: 0.3602400896382239.
checkpoint_e24 window_influence: 0.43912372955113943, penalty_k: 0.48509475358009124, scale_lr: 0.58943803785735027, EAO: 0.299
Trial 705 finished with value: 0.29871355977039854 and parameters: {'window_influence': 0.43912372955113943, 'penalty_k': 0.48509475358009124, 'scale_lr': 0.5894380378573503}. Best is trial 374 with value: 0.3602400896382239.
checkpoint_e24 window_influence: 0.46420631125877831, penalty_k: 0.54027314645635693, scale_lr: 0.35131438296911977, EAO: 0.297
Trial 706 finished with value: 0.29670807365545504 and parameters: {'window_influence': 0.4642063112587783, 'penalty_k': 0.5402731464563569, 'scale_lr': 0.35131438296911977}. Best is trial 374 with value: 0.3602400896382239.
checkpoint_e24 window_influence: 0.11037618017099349, penalty_k: 0.41029893126620476, scale_lr: 0.48575091299882428, EAO: 0.242
Trial 707 finished with value: 0.24178620958374633 and parameters: {'window_influence': 0.11037618017099349, 'penalty_k': 0.41029893126620476, 'scale_lr': 0.4857509129988243}. Best is trial 374 with value: 0.3602400896382239.
checkpoint_e24 window_influence: 0.47540537950350059, penalty_k: 0.55808356782666591, scale_lr: 0.46850667386084716, EAO: 0.293
Trial 708 finished with value: 0.29313136324112515 and parameters: {'window_influence': 0.4754053795035006, 'penalty_k': 0.5580835678266659, 'scale_lr': 0.46850667386084716}. Best is trial 374 with value: 0.3602400896382239.
checkpoint_e24 window_influence: 0.42480726767103733, penalty_k: 0.57883836176460379, scale_lr: 0.56940443760474935, EAO: 0.321
Trial 709 finished with value: 0.32075569184373787 and parameters: {'window_influence': 0.4248072676710373, 'penalty_k': 0.5788383617646038, 'scale_lr': 0.5694044376047493}. Best is trial 374 with value: 0.3602400896382239.
checkpoint_e24 window_influence: 0.49764584438804116, penalty_k: 0.53101699289235549, scale_lr: 0.43131210183008178, EAO: 0.308
Trial 710 finished with value: 0.30793424310155415 and parameters: {'window_influence': 0.49764584438804116, 'penalty_k': 0.5310169928923555, 'scale_lr': 0.4313121018300818}. Best is trial 374 with value: 0.3602400896382239.
checkpoint_e24 window_influence: 0.45992583827430661, penalty_k: 0.26414959081315414, scale_lr: 0.62387265986387286, EAO: 0.319
Trial 711 finished with value: 0.3189826960229688 and parameters: {'window_influence': 0.4599258382743066, 'penalty_k': 0.26414959081315414, 'scale_lr': 0.6238726598638729}. Best is trial 374 with value: 0.3602400896382239.
checkpoint_e24 window_influence: 0.48431361257476069, penalty_k: 0.19038843613632883, scale_lr: 0.34780294983241733, EAO: 0.328
Trial 712 finished with value: 0.32796681130210714 and parameters: {'window_influence': 0.4843136125747607, 'penalty_k': 0.19038843613632883, 'scale_lr': 0.34780294983241733}. Best is trial 374 with value: 0.3602400896382239.
checkpoint_e24 window_influence: 0.36129349217620960, penalty_k: 0.17706532314284734, scale_lr: 0.55670931987030114, EAO: 0.323
Trial 713 finished with value: 0.32337900984611956 and parameters: {'window_influence': 0.3612934921762096, 'penalty_k': 0.17706532314284734, 'scale_lr': 0.5567093198703011}. Best is trial 374 with value: 0.3602400896382239.
checkpoint_e24 window_influence: 0.44603536358783441, penalty_k: 0.43158006860700510, scale_lr: 0.60703151581904091, EAO: 0.321
Trial 714 finished with value: 0.3214841996417435 and parameters: {'window_influence': 0.4460353635878344, 'penalty_k': 0.4315800686070051, 'scale_lr': 0.6070315158190409}. Best is trial 374 with value: 0.3602400896382239.
checkpoint_e24 window_influence: 0.51757114526915382, penalty_k: 0.24714803726336859, scale_lr: 0.50639268324908204, EAO: 0.312
Trial 715 finished with value: 0.3123075313837148 and parameters: {'window_influence': 0.5175711452691538, 'penalty_k': 0.2471480372633686, 'scale_lr': 0.506392683249082}. Best is trial 374 with value: 0.3602400896382239.
checkpoint_e24 window_influence: 0.47114491728088126, penalty_k: 0.38296424983052668, scale_lr: 0.48926814591204365, EAO: 0.330
Trial 716 finished with value: 0.32957981364504374 and parameters: {'window_influence': 0.47114491728088126, 'penalty_k': 0.3829642498305267, 'scale_lr': 0.48926814591204365}. Best is trial 374 with value: 0.3602400896382239.
checkpoint_e24 window_influence: 0.16904266237569082, penalty_k: 0.39592615709639212, scale_lr: 0.47601154522343031, EAO: 0.275
Trial 717 finished with value: 0.2753717558393219 and parameters: {'window_influence': 0.16904266237569082, 'penalty_k': 0.3959261570963921, 'scale_lr': 0.4760115452234303}. Best is trial 374 with value: 0.3602400896382239.
checkpoint_e24 window_influence: 0.53970654463535039, penalty_k: 0.47759132957663031, scale_lr: 0.75200698461808890, EAO: 0.280
Trial 718 finished with value: 0.27956306093629696 and parameters: {'window_influence': 0.5397065446353504, 'penalty_k': 0.4775913295766303, 'scale_lr': 0.7520069846180889}. Best is trial 374 with value: 0.3602400896382239.
checkpoint_e24 window_influence: 0.21921867750105192, penalty_k: 0.45345527545677927, scale_lr: 0.71561890135403361, EAO: 0.283
Trial 719 finished with value: 0.28289392752870046 and parameters: {'window_influence': 0.21921867750105192, 'penalty_k': 0.45345527545677927, 'scale_lr': 0.7156189013540336}. Best is trial 374 with value: 0.3602400896382239.
checkpoint_e24 window_influence: 0.39268519056633200, penalty_k: 0.58930196709717297, scale_lr: 0.68413542535519722, EAO: 0.322
Trial 720 finished with value: 0.32172955729154296 and parameters: {'window_influence': 0.392685190566332, 'penalty_k': 0.589301967097173, 'scale_lr': 0.6841354253551972}. Best is trial 374 with value: 0.3602400896382239.
checkpoint_e24 window_influence: 0.49972908866276355, penalty_k: 0.03852808056529246, scale_lr: 0.44806993916403531, EAO: 0.334
Trial 721 finished with value: 0.3341113802060079 and parameters: {'window_influence': 0.49972908866276355, 'penalty_k': 0.038528080565292465, 'scale_lr': 0.4480699391640353}. Best is trial 374 with value: 0.3602400896382239.
checkpoint_e24 window_influence: 0.37005893192104933, penalty_k: 0.00108842642700526, scale_lr: 0.40007622499077894, EAO: 0.319
Trial 722 finished with value: 0.3190149541378949 and parameters: {'window_influence': 0.37005893192104933, 'penalty_k': 0.0010884264270052575, 'scale_lr': 0.40007622499077894}. Best is trial 374 with value: 0.3602400896382239.
checkpoint_e24 window_influence: 0.48346429147359177, penalty_k: 0.10068485184011977, scale_lr: 0.52219528366219459, EAO: 0.312
Trial 723 finished with value: 0.31225722900624403 and parameters: {'window_influence': 0.48346429147359177, 'penalty_k': 0.10068485184011977, 'scale_lr': 0.5221952836621946}. Best is trial 374 with value: 0.3602400896382239.
checkpoint_e24 window_influence: 0.45641258847815475, penalty_k: 0.55301960625640145, scale_lr: 0.49887063097010598, EAO: 0.313
Trial 724 finished with value: 0.3134956576133053 and parameters: {'window_influence': 0.45641258847815475, 'penalty_k': 0.5530196062564015, 'scale_lr': 0.498870630970106}. Best is trial 374 with value: 0.3602400896382239.
checkpoint_e24 window_influence: 0.28291813578172631, penalty_k: 0.48994746632865177, scale_lr: 0.54322778492161095, EAO: 0.334
Trial 725 finished with value: 0.3335811391414835 and parameters: {'window_influence': 0.2829181357817263, 'penalty_k': 0.48994746632865177, 'scale_lr': 0.543227784921611}. Best is trial 374 with value: 0.3602400896382239.
checkpoint_e24 window_influence: 0.40987849715132518, penalty_k: 0.15931418630421273, scale_lr: 0.57212474733143148, EAO: 0.321
Trial 726 finished with value: 0.3210003969734281 and parameters: {'window_influence': 0.4098784971513252, 'penalty_k': 0.15931418630421273, 'scale_lr': 0.5721247473314315}. Best is trial 374 with value: 0.3602400896382239.
checkpoint_e24 window_influence: 0.43402488635522563, penalty_k: 0.22418605341863507, scale_lr: 0.51316470038849116, EAO: 0.317
Trial 727 finished with value: 0.31749864467618993 and parameters: {'window_influence': 0.4340248863552256, 'penalty_k': 0.22418605341863507, 'scale_lr': 0.5131647003884912}. Best is trial 374 with value: 0.3602400896382239.
checkpoint_e24 window_influence: 0.47070389407050417, penalty_k: 0.46305756126373132, scale_lr: 0.59212467053769147, EAO: 0.325
Trial 728 finished with value: 0.3250119533056415 and parameters: {'window_influence': 0.47070389407050417, 'penalty_k': 0.4630575612637313, 'scale_lr': 0.5921246705376915}. Best is trial 374 with value: 0.3602400896382239.
checkpoint_e24 window_influence: 0.49358044060945494, penalty_k: 0.25884897751990676, scale_lr: 0.63893727818701085, EAO: 0.317
Trial 729 finished with value: 0.31703567232371305 and parameters: {'window_influence': 0.49358044060945494, 'penalty_k': 0.25884897751990676, 'scale_lr': 0.6389372781870108}. Best is trial 374 with value: 0.3602400896382239.
checkpoint_e24 window_influence: 0.17974008269747774, penalty_k: 0.11591325867176387, scale_lr: 0.37343443544045873, EAO: 0.274
Trial 730 finished with value: 0.2742226664194337 and parameters: {'window_influence': 0.17974008269747774, 'penalty_k': 0.11591325867176387, 'scale_lr': 0.37343443544045873}. Best is trial 374 with value: 0.3602400896382239.
checkpoint_e24 window_influence: 0.51172179554531361, penalty_k: 0.02594791422518786, scale_lr: 0.53396760193722981, EAO: 0.331
Trial 731 finished with value: 0.3307452612349959 and parameters: {'window_influence': 0.5117217955453136, 'penalty_k': 0.025947914225187857, 'scale_lr': 0.5339676019372298}. Best is trial 374 with value: 0.3602400896382239.
checkpoint_e24 window_influence: 0.56574090372972596, penalty_k: 0.42402620243349848, scale_lr: 0.69481042040386742, EAO: 0.271
Trial 732 finished with value: 0.270814474222725 and parameters: {'window_influence': 0.565740903729726, 'penalty_k': 0.4240262024334985, 'scale_lr': 0.6948104204038674}. Best is trial 374 with value: 0.3602400896382239.
checkpoint_e24 window_influence: 0.44848588961418767, penalty_k: 0.27903714813736652, scale_lr: 0.49170070854570480, EAO: 0.331
Trial 733 finished with value: 0.33113243770042744 and parameters: {'window_influence': 0.44848588961418767, 'penalty_k': 0.2790371481373665, 'scale_lr': 0.4917007085457048}. Best is trial 374 with value: 0.3602400896382239.
checkpoint_e24 window_influence: 0.23901660490924875, penalty_k: 0.56819775147973461, scale_lr: 0.55682057086835945, EAO: 0.293
Trial 734 finished with value: 0.29335112324716517 and parameters: {'window_influence': 0.23901660490924875, 'penalty_k': 0.5681977514797346, 'scale_lr': 0.5568205708683595}. Best is trial 374 with value: 0.3602400896382239.
checkpoint_e24 window_influence: 0.61718128115834270, penalty_k: 0.14020709516381588, scale_lr: 0.45799983435436648, EAO: 0.253
Trial 735 finished with value: 0.25311959526186323 and parameters: {'window_influence': 0.6171812811583427, 'penalty_k': 0.14020709516381588, 'scale_lr': 0.4579998343543665}. Best is trial 374 with value: 0.3602400896382239.
checkpoint_e24 window_influence: 0.20077287136484620, penalty_k: 0.05798089437769635, scale_lr: 0.29082245636425630, EAO: 0.284
Trial 736 finished with value: 0.28410645194554607 and parameters: {'window_influence': 0.2007728713648462, 'penalty_k': 0.05798089437769635, 'scale_lr': 0.2908224563642563}. Best is trial 374 with value: 0.3602400896382239.
checkpoint_e24 window_influence: 0.25057376118409919, penalty_k: 0.50674414076040986, scale_lr: 0.14373511745252954, EAO: 0.286
Trial 737 finished with value: 0.2857785819221563 and parameters: {'window_influence': 0.2505737611840992, 'penalty_k': 0.5067441407604099, 'scale_lr': 0.14373511745252954}. Best is trial 374 with value: 0.3602400896382239.
checkpoint_e24 window_influence: 0.47811828960162400, penalty_k: 0.33329887465389763, scale_lr: 0.50820569485564071, EAO: 0.321
Trial 738 finished with value: 0.32078601993939293 and parameters: {'window_influence': 0.478118289601624, 'penalty_k': 0.3332988746538976, 'scale_lr': 0.5082056948556407}. Best is trial 374 with value: 0.3602400896382239.
checkpoint_e24 window_influence: 0.46401407013765761, penalty_k: 0.20620769879799786, scale_lr: 0.67359166289670724, EAO: 0.331
Trial 739 finished with value: 0.33104780182996146 and parameters: {'window_influence': 0.4640140701376576, 'penalty_k': 0.20620769879799786, 'scale_lr': 0.6735916628967072}. Best is trial 374 with value: 0.3602400896382239.
checkpoint_e24 window_influence: 0.26320829798434997, penalty_k: 0.30436092846041446, scale_lr: 0.47766671420827622, EAO: 0.315
Trial 740 finished with value: 0.31482998249827654 and parameters: {'window_influence': 0.26320829798434997, 'penalty_k': 0.30436092846041446, 'scale_lr': 0.4776667142082762}. Best is trial 374 with value: 0.3602400896382239.
checkpoint_e24 window_influence: 0.22497406077902182, penalty_k: 0.12526656282201895, scale_lr: 0.65109832687076474, EAO: 0.282
Trial 741 finished with value: 0.2815388734470545 and parameters: {'window_influence': 0.22497406077902182, 'penalty_k': 0.12526656282201895, 'scale_lr': 0.6510983268707647}. Best is trial 374 with value: 0.3602400896382239.
checkpoint_e24 window_influence: 0.13666235906995994, penalty_k: 0.40545305556735889, scale_lr: 0.57493902448956813, EAO: 0.266
Trial 742 finished with value: 0.26563232128258346 and parameters: {'window_influence': 0.13666235906995994, 'penalty_k': 0.4054530555673589, 'scale_lr': 0.5749390244895681}. Best is trial 374 with value: 0.3602400896382239.
checkpoint_e24 window_influence: 0.31006792679038847, penalty_k: 0.36482653477993093, scale_lr: 0.73623374795629859, EAO: 0.307
Trial 743 finished with value: 0.3065883707443564 and parameters: {'window_influence': 0.31006792679038847, 'penalty_k': 0.36482653477993093, 'scale_lr': 0.7362337479562986}. Best is trial 374 with value: 0.3602400896382239.
checkpoint_e24 window_influence: 0.48948094270955761, penalty_k: 0.43799925578167992, scale_lr: 0.52350997896851292, EAO: 0.308
Trial 744 finished with value: 0.307699123593156 and parameters: {'window_influence': 0.4894809427095576, 'penalty_k': 0.4379992557816799, 'scale_lr': 0.5235099789685129}. Best is trial 374 with value: 0.3602400896382239.
checkpoint_e24 window_influence: 0.50536916823913391, penalty_k: 0.52729439048592353, scale_lr: 0.32618022763992838, EAO: 0.279
Trial 745 finished with value: 0.27894372136444434 and parameters: {'window_influence': 0.5053691682391339, 'penalty_k': 0.5272943904859235, 'scale_lr': 0.3261802276399284}. Best is trial 374 with value: 0.3602400896382239.
checkpoint_e24 window_influence: 0.24401433484103321, penalty_k: 0.18533511565251556, scale_lr: 0.79856857760306110, EAO: 0.284
Trial 746 finished with value: 0.2837717700677159 and parameters: {'window_influence': 0.24401433484103321, 'penalty_k': 0.18533511565251556, 'scale_lr': 0.7985685776030611}. Best is trial 374 with value: 0.3602400896382239.
checkpoint_e24 window_influence: 0.41811227001234835, penalty_k: 0.09116674829358271, scale_lr: 0.54469770102520565, EAO: 0.318
Trial 747 finished with value: 0.31795334682622306 and parameters: {'window_influence': 0.41811227001234835, 'penalty_k': 0.0911667482935827, 'scale_lr': 0.5446977010252056}. Best is trial 374 with value: 0.3602400896382239.
checkpoint_e24 window_influence: 0.45894032406859425, penalty_k: 0.25095373022903844, scale_lr: 0.60039520292484772, EAO: 0.312
Trial 748 finished with value: 0.3121988431257033 and parameters: {'window_influence': 0.45894032406859425, 'penalty_k': 0.25095373022903844, 'scale_lr': 0.6003952029248477}. Best is trial 374 with value: 0.3602400896382239.
checkpoint_e24 window_influence: 0.43723864538412771, penalty_k: 0.10635285345003351, scale_lr: 0.49840747316754780, EAO: 0.315
Trial 749 finished with value: 0.3146793512982617 and parameters: {'window_influence': 0.4372386453841277, 'penalty_k': 0.10635285345003351, 'scale_lr': 0.4984074731675478}. Best is trial 374 with value: 0.3602400896382239.
checkpoint_e24 window_influence: 0.47906374305565513, penalty_k: 0.23597835629640795, scale_lr: 0.61156489929010638, EAO: 0.330
Trial 750 finished with value: 0.32973003172920834 and parameters: {'window_influence': 0.47906374305565513, 'penalty_k': 0.23597835629640795, 'scale_lr': 0.6115648992901064}. Best is trial 374 with value: 0.3602400896382239.
checkpoint_e24 window_influence: 0.08792147133102046, penalty_k: 0.06938020235329602, scale_lr: 0.44293470386509326, EAO: 0.262
Trial 751 finished with value: 0.261689090195333 and parameters: {'window_influence': 0.08792147133102046, 'penalty_k': 0.06938020235329602, 'scale_lr': 0.44293470386509326}. Best is trial 374 with value: 0.3602400896382239.
checkpoint_e24 window_influence: 0.05032090360489277, penalty_k: 0.17044674896513717, scale_lr: 0.46969056338456167, EAO: 0.242
Trial 752 finished with value: 0.24174099934472185 and parameters: {'window_influence': 0.050320903604892775, 'penalty_k': 0.17044674896513717, 'scale_lr': 0.46969056338456167}. Best is trial 374 with value: 0.3602400896382239.
checkpoint_e24 window_influence: 0.52416709320353494, penalty_k: 0.27189531494673352, scale_lr: 0.62852158187428020, EAO: 0.281
Trial 753 finished with value: 0.2813777738044234 and parameters: {'window_influence': 0.5241670932035349, 'penalty_k': 0.2718953149467335, 'scale_lr': 0.6285215818742802}. Best is trial 374 with value: 0.3602400896382239.
checkpoint_e24 window_influence: 0.44725596387795774, penalty_k: 0.51591269270109164, scale_lr: 0.77914751900074530, EAO: 0.324
Trial 754 finished with value: 0.32398980745777545 and parameters: {'window_influence': 0.44725596387795774, 'penalty_k': 0.5159126927010916, 'scale_lr': 0.7791475190007453}. Best is trial 374 with value: 0.3602400896382239.
checkpoint_e24 window_influence: 0.38002838320376570, penalty_k: 0.38032537015964085, scale_lr: 0.52340063593868635, EAO: 0.307
Trial 755 finished with value: 0.306797312623332 and parameters: {'window_influence': 0.3800283832037657, 'penalty_k': 0.38032537015964085, 'scale_lr': 0.5234006359386864}. Best is trial 374 with value: 0.3602400896382239.
checkpoint_e24 window_influence: 0.11711389583683332, penalty_k: 0.14776790619826038, scale_lr: 0.70442089282902776, EAO: 0.266
Trial 756 finished with value: 0.26648415126457287 and parameters: {'window_influence': 0.11711389583683332, 'penalty_k': 0.14776790619826038, 'scale_lr': 0.7044208928290278}. Best is trial 374 with value: 0.3602400896382239.
checkpoint_e24 window_influence: 0.46700012872955265, penalty_k: 0.32448284745449874, scale_lr: 0.48564997769967494, EAO: 0.314
Trial 757 finished with value: 0.3140991504670117 and parameters: {'window_influence': 0.46700012872955265, 'penalty_k': 0.32448284745449874, 'scale_lr': 0.48564997769967494}. Best is trial 374 with value: 0.3602400896382239.
checkpoint_e24 window_influence: 0.24621425519073498, penalty_k: 0.21300030411807444, scale_lr: 0.50948751735448738, EAO: 0.286
Trial 758 finished with value: 0.28561844679632076 and parameters: {'window_influence': 0.24621425519073498, 'penalty_k': 0.21300030411807444, 'scale_lr': 0.5094875173544874}. Best is trial 374 with value: 0.3602400896382239.
checkpoint_e24 window_influence: 0.48989678525696734, penalty_k: 0.19510966004223235, scale_lr: 0.66753342204929478, EAO: 0.322
Trial 759 finished with value: 0.3220968586229629 and parameters: {'window_influence': 0.48989678525696734, 'penalty_k': 0.19510966004223235, 'scale_lr': 0.6675334220492948}. Best is trial 374 with value: 0.3602400896382239.
checkpoint_e24 window_influence: 0.34340473792165083, penalty_k: 0.35698291932084331, scale_lr: 0.25104453453771014, EAO: 0.308
Trial 760 finished with value: 0.3079774701525729 and parameters: {'window_influence': 0.3434047379216508, 'penalty_k': 0.3569829193208433, 'scale_lr': 0.25104453453771014}. Best is trial 374 with value: 0.3602400896382239.
checkpoint_e24 window_influence: 0.55095106013556172, penalty_k: 0.49826873716316250, scale_lr: 0.39159376815282693, EAO: 0.269
Trial 761 finished with value: 0.2692242571468019 and parameters: {'window_influence': 0.5509510601355617, 'penalty_k': 0.4982687371631625, 'scale_lr': 0.3915937681528269}. Best is trial 374 with value: 0.3602400896382239.
checkpoint_e24 window_influence: 0.47436959246423410, penalty_k: 0.59842613907953002, scale_lr: 0.42367890810936515, EAO: 0.282
