Trial 419 finished with value: 0.3092560392409447 and parameters: {'window_influence': 0.5492177028687767, 'penalty_k': 0.021676307180183117, 'scale_lr': 0.44116620341651874}. Best is trial 200 with value: 0.37697677389656986.
checkpoint_e16 window_influence: 0.49803827308306853, penalty_k: 0.01790959303376125, scale_lr: 0.44892797738065798, EAO: 0.329
Trial 117 finished with value: 0.3290523181629552 and parameters: {'window_influence': 0.49803827308306853, 'penalty_k': 0.017909593033761245, 'scale_lr': 0.448927977380658}. Best is trial 82 with value: 0.3495157835316565.
checkpoint_e16 window_influence: 0.39429564513681603, penalty_k: 0.01188990310850570, scale_lr: 0.46189956304057017, EAO: 0.319
Trial 420 finished with value: 0.31874827344825757 and parameters: {'window_influence': 0.39429564513681603, 'penalty_k': 0.011889903108505701, 'scale_lr': 0.46189956304057017}. Best is trial 200 with value: 0.37697677389656986.
checkpoint_e16 window_influence: 0.47453575467688247, penalty_k: 0.03971541163599568, scale_lr: 0.49206696146521656, EAO: 0.338
Trial 118 finished with value: 0.3382788641443512 and parameters: {'window_influence': 0.47453575467688247, 'penalty_k': 0.03971541163599568, 'scale_lr': 0.49206696146521656}. Best is trial 82 with value: 0.3495157835316565.
checkpoint_e16 window_influence: 0.50215732705652660, penalty_k: 0.02980251374703299, scale_lr: 0.34541437642367867, EAO: 0.328
Trial 421 finished with value: 0.32799048344912696 and parameters: {'window_influence': 0.5021573270565266, 'penalty_k': 0.029802513747032987, 'scale_lr': 0.34541437642367867}. Best is trial 200 with value: 0.37697677389656986.
checkpoint_e16 window_influence: 0.51842158324477494, penalty_k: 0.01339144963304024, scale_lr: 0.50519903496408114, EAO: 0.331
Trial 119 finished with value: 0.3312637555460058 and parameters: {'window_influence': 0.5184215832447749, 'penalty_k': 0.01339144963304024, 'scale_lr': 0.5051990349640811}. Best is trial 82 with value: 0.3495157835316565.
checkpoint_e16 window_influence: 0.47823930092167810, penalty_k: 0.13208454925898322, scale_lr: 0.41428489843807981, EAO: 0.331
Trial 422 finished with value: 0.33125292837387854 and parameters: {'window_influence': 0.4782393009216781, 'penalty_k': 0.13208454925898322, 'scale_lr': 0.4142848984380798}. Best is trial 200 with value: 0.37697677389656986.
checkpoint_e16 window_influence: 0.55624253184017358, penalty_k: 0.00120056267685505, scale_lr: 0.53576971344739688, EAO: 0.302
Trial 120 finished with value: 0.30200129585043467 and parameters: {'window_influence': 0.5562425318401736, 'penalty_k': 0.0012005626768550482, 'scale_lr': 0.5357697134473969}. Best is trial 82 with value: 0.3495157835316565.
checkpoint_e16 window_influence: 0.45731941568400236, penalty_k: 0.12398961050561338, scale_lr: 0.25596799886365207, EAO: 0.311
Trial 423 finished with value: 0.310637265153896 and parameters: {'window_influence': 0.45731941568400236, 'penalty_k': 0.12398961050561338, 'scale_lr': 0.25596799886365207}. Best is trial 200 with value: 0.37697677389656986.
checkpoint_e16 window_influence: 0.48521858775794685, penalty_k: 0.02535320556563309, scale_lr: 0.46279653239031981, EAO: 0.342
Trial 121 finished with value: 0.3419068606447153 and parameters: {'window_influence': 0.48521858775794685, 'penalty_k': 0.025353205565633093, 'scale_lr': 0.4627965323903198}. Best is trial 82 with value: 0.3495157835316565.
checkpoint_e16 window_influence: 0.44312029921049539, penalty_k: 0.07100671462478358, scale_lr: 0.72601959134217475, EAO: 0.304
Trial 424 finished with value: 0.30439792208170613 and parameters: {'window_influence': 0.4431202992104954, 'penalty_k': 0.07100671462478358, 'scale_lr': 0.7260195913421748}. Best is trial 200 with value: 0.37697677389656986.
checkpoint_e16 window_influence: 0.48487066036119841, penalty_k: 0.02758811113549423, scale_lr: 0.42685655257410188, EAO: 0.331
Trial 122 finished with value: 0.3310904503448464 and parameters: {'window_influence': 0.4848706603611984, 'penalty_k': 0.027588111135494225, 'scale_lr': 0.4268565525741019}. Best is trial 82 with value: 0.3495157835316565.
checkpoint_e16 window_influence: 0.58181471449974986, penalty_k: 0.19248841724257310, scale_lr: 0.62737276521228325, EAO: 0.252
Trial 425 finished with value: 0.25210842078529905 and parameters: {'window_influence': 0.5818147144997499, 'penalty_k': 0.1924884172425731, 'scale_lr': 0.6273727652122832}. Best is trial 200 with value: 0.37697677389656986.
checkpoint_e16 window_influence: 0.49303418127399251, penalty_k: 0.01145846776223280, scale_lr: 0.46113353923153350, EAO: 0.349
Trial 123 finished with value: 0.3491021560555766 and parameters: {'window_influence': 0.4930341812739925, 'penalty_k': 0.011458467762232798, 'scale_lr': 0.4611335392315335}. Best is trial 82 with value: 0.3495157835316565.
checkpoint_e16 window_influence: 0.53030069648484157, penalty_k: 0.01067170534850428, scale_lr: 0.48687963378846960, EAO: 0.314
Trial 426 finished with value: 0.3138533567987991 and parameters: {'window_influence': 0.5303006964848416, 'penalty_k': 0.01067170534850428, 'scale_lr': 0.4868796337884696}. Best is trial 200 with value: 0.37697677389656986.
checkpoint_e16 window_influence: 0.49837384864634571, penalty_k: 0.01162197911276063, scale_lr: 0.46503497340348066, EAO: 0.342
Trial 124 finished with value: 0.3420163307208495 and parameters: {'window_influence': 0.4983738486463457, 'penalty_k': 0.011621979112760628, 'scale_lr': 0.46503497340348066}. Best is trial 82 with value: 0.3495157835316565.
checkpoint_e16 window_influence: 0.46803628232459005, penalty_k: 0.02096491860502571, scale_lr: 0.19933945398798686, EAO: 0.319
Trial 427 finished with value: 0.318935806533242 and parameters: {'window_influence': 0.46803628232459005, 'penalty_k': 0.02096491860502571, 'scale_lr': 0.19933945398798686}. Best is trial 200 with value: 0.37697677389656986.
checkpoint_e16 window_influence: 0.50053569238993001, penalty_k: 0.01287267533554010, scale_lr: 0.46237018908142324, EAO: 0.337
Trial 125 finished with value: 0.33727878448100407 and parameters: {'window_influence': 0.50053569238993, 'penalty_k': 0.012872675335540103, 'scale_lr': 0.46237018908142324}. Best is trial 82 with value: 0.3495157835316565.
checkpoint_e16 window_influence: 0.43163207624239630, penalty_k: 0.04298084352073144, scale_lr: 0.50464498110792610, EAO: 0.320
Trial 428 finished with value: 0.31982913445174 and parameters: {'window_influence': 0.4316320762423963, 'penalty_k': 0.04298084352073144, 'scale_lr': 0.5046449811079261}. Best is trial 200 with value: 0.37697677389656986.
checkpoint_e16 window_influence: 0.53780564241648077, penalty_k: 0.01207017689974648, scale_lr: 0.48704312803405969, EAO: 0.306
Trial 126 finished with value: 0.30641549025528164 and parameters: {'window_influence': 0.5378056424164808, 'penalty_k': 0.012070176899746484, 'scale_lr': 0.4870431280340597}. Best is trial 82 with value: 0.3495157835316565.
checkpoint_e16 window_influence: 0.48377853516213815, penalty_k: 0.20083795413383129, scale_lr: 0.47495260046939553, EAO: 0.320
Trial 429 finished with value: 0.32025586874568507 and parameters: {'window_influence': 0.48377853516213815, 'penalty_k': 0.2008379541338313, 'scale_lr': 0.4749526004693955}. Best is trial 200 with value: 0.37697677389656986.
checkpoint_e16 window_influence: 0.47582100702442248, penalty_k: 0.02646570261223000, scale_lr: 0.47623630884324364, EAO: 0.342
Trial 127 finished with value: 0.34231890163996803 and parameters: {'window_influence': 0.4758210070244225, 'penalty_k': 0.026465702612230003, 'scale_lr': 0.47623630884324364}. Best is trial 82 with value: 0.3495157835316565.
checkpoint_e16 window_influence: 0.62833339971589330, penalty_k: 0.02909625477278681, scale_lr: 0.45110304527175354, EAO: 0.260
Trial 430 finished with value: 0.2597047055161881 and parameters: {'window_influence': 0.6283333997158933, 'penalty_k': 0.029096254772786812, 'scale_lr': 0.45110304527175354}. Best is trial 200 with value: 0.37697677389656986.
checkpoint_e16 window_influence: 0.47699389548293264, penalty_k: 0.02204677425100251, scale_lr: 0.44385783633869075, EAO: 0.337
Trial 128 finished with value: 0.3373895440584027 and parameters: {'window_influence': 0.47699389548293264, 'penalty_k': 0.02204677425100251, 'scale_lr': 0.44385783633869075}. Best is trial 82 with value: 0.3495157835316565.
checkpoint_e16 window_influence: 0.45604939475996892, penalty_k: 0.24525875445896470, scale_lr: 0.79690850738996089, EAO: 0.315
Trial 431 finished with value: 0.31452546393361075 and parameters: {'window_influence': 0.4560493947599689, 'penalty_k': 0.2452587544589647, 'scale_lr': 0.7969085073899609}. Best is trial 200 with value: 0.37697677389656986.
checkpoint_e16 window_influence: 0.44733738142867779, penalty_k: 0.04821677287325318, scale_lr: 0.47307923090477666, EAO: 0.331
Trial 129 finished with value: 0.3311727232506303 and parameters: {'window_influence': 0.4473373814286778, 'penalty_k': 0.048216772873253176, 'scale_lr': 0.47307923090477666}. Best is trial 82 with value: 0.3495157835316565.
checkpoint_e16 window_influence: 0.48990111423086641, penalty_k: 0.00348637424007445, scale_lr: 0.45652381963437844, EAO: 0.342
Trial 130 finished with value: 0.34175797531576935 and parameters: {'window_influence': 0.4899011142308664, 'penalty_k': 0.003486374240074447, 'scale_lr': 0.45652381963437844}. Best is trial 82 with value: 0.3495157835316565.
checkpoint_e16 window_influence: 0.49311168483018553, penalty_k: 0.00766212800477764, scale_lr: 0.41359021390079637, EAO: 0.327
Trial 131 finished with value: 0.32674746876328836 and parameters: {'window_influence': 0.4931116848301855, 'penalty_k': 0.007662128004777644, 'scale_lr': 0.41359021390079637}. Best is trial 82 with value: 0.3495157835316565.
checkpoint_e16 window_influence: 0.47396807703166377, penalty_k: 0.02591728363971941, scale_lr: 0.45230073226512491, EAO: 0.340
Trial 132 finished with value: 0.33959712430196975 and parameters: {'window_influence': 0.47396807703166377, 'penalty_k': 0.025917283639719412, 'scale_lr': 0.4523007322651249}. Best is trial 82 with value: 0.3495157835316565.
checkpoint_e16 window_influence: 0.48864259142586819, penalty_k: 0.00150588228164219, scale_lr: 0.48280984842719343, EAO: 0.333
Trial 133 finished with value: 0.33294753736095206 and parameters: {'window_influence': 0.4886425914258682, 'penalty_k': 0.001505882281642194, 'scale_lr': 0.48280984842719343}. Best is trial 82 with value: 0.3495157835316565.
checkpoint_e16 window_influence: 0.45805001034447540, penalty_k: 0.03474834363460915, scale_lr: 0.46111063412670567, EAO: 0.337
Trial 134 finished with value: 0.3373469285927858 and parameters: {'window_influence': 0.4580500103444754, 'penalty_k': 0.03474834363460915, 'scale_lr': 0.46111063412670567}. Best is trial 82 with value: 0.3495157835316565.
checkpoint_e16 window_influence: 0.50712675689789322, penalty_k: 0.00031891330615789, scale_lr: 0.43928114744155544, EAO: 0.323
Trial 135 finished with value: 0.3233548906642639 and parameters: {'window_influence': 0.5071267568978932, 'penalty_k': 0.0003189133061578934, 'scale_lr': 0.43928114744155544}. Best is trial 82 with value: 0.3495157835316565.
checkpoint_e16 window_influence: 0.52440710588351946, penalty_k: 0.04743090786625712, scale_lr: 0.50245055720026865, EAO: 0.314
Trial 136 finished with value: 0.3139733216989829 and parameters: {'window_influence': 0.5244071058835195, 'penalty_k': 0.047430907866257116, 'scale_lr': 0.5024505572002687}. Best is trial 82 with value: 0.3495157835316565.
checkpoint_e16 window_influence: 0.41010898165978971, penalty_k: 0.01898951443271961, scale_lr: 0.47732827061031319, EAO: 0.330
Trial 137 finished with value: 0.3296822345442345 and parameters: {'window_influence': 0.4101089816597897, 'penalty_k': 0.018989514432719606, 'scale_lr': 0.4773282706103132}. Best is trial 82 with value: 0.3495157835316565.
checkpoint_e16 window_influence: 0.47030345966488535, penalty_k: 0.03277401889479933, scale_lr: 0.51723888599742018, EAO: 0.323
Trial 138 finished with value: 0.32329402272571384 and parameters: {'window_influence': 0.47030345966488535, 'penalty_k': 0.03277401889479933, 'scale_lr': 0.5172388859974202}. Best is trial 82 with value: 0.3495157835316565.
checkpoint_e16 window_influence: 0.44170457311446348, penalty_k: 0.05978332948177519, scale_lr: 0.42706245726713127, EAO: 0.325
Trial 139 finished with value: 0.32508137793160596 and parameters: {'window_influence': 0.4417045731144635, 'penalty_k': 0.059783329481775185, 'scale_lr': 0.42706245726713127}. Best is trial 82 with value: 0.3495157835316565.
checkpoint_e16 window_influence: 0.42502186134726044, penalty_k: 0.01395554726116151, scale_lr: 0.45476715470510726, EAO: 0.338
Trial 140 finished with value: 0.3383363837861829 and parameters: {'window_influence': 0.42502186134726044, 'penalty_k': 0.013955547261161513, 'scale_lr': 0.45476715470510726}. Best is trial 82 with value: 0.3495157835316565.
checkpoint_e16 window_influence: 0.51021993198158255, penalty_k: 0.03896025394080943, scale_lr: 0.49356268459500335, EAO: 0.344
Trial 141 finished with value: 0.3435996199164409 and parameters: {'window_influence': 0.5102199319815826, 'penalty_k': 0.03896025394080943, 'scale_lr': 0.49356268459500335}. Best is trial 82 with value: 0.3495157835316565.
checkpoint_e16 window_influence: 0.49649341819532078, penalty_k: 0.04063959077084826, scale_lr: 0.49750208823111047, EAO: 0.345
Trial 142 finished with value: 0.34523603714393736 and parameters: {'window_influence': 0.4964934181953208, 'penalty_k': 0.04063959077084826, 'scale_lr': 0.4975020882311105}. Best is trial 82 with value: 0.3495157835316565.
checkpoint_e16 window_influence: 0.50433287001124982, penalty_k: 0.04160883444086035, scale_lr: 0.49682427317050221, EAO: 0.319
Trial 143 finished with value: 0.3194348975610176 and parameters: {'window_influence': 0.5043328700112498, 'penalty_k': 0.04160883444086035, 'scale_lr': 0.4968242731705022}. Best is trial 82 with value: 0.3495157835316565.
checkpoint_e16 window_influence: 0.51816364664611025, penalty_k: 0.05362248677753816, scale_lr: 0.51365556473959684, EAO: 0.310
Trial 144 finished with value: 0.309502695321109 and parameters: {'window_influence': 0.5181636466461103, 'penalty_k': 0.053622486777538156, 'scale_lr': 0.5136555647395968}. Best is trial 82 with value: 0.3495157835316565.
checkpoint_e16 window_influence: 0.48423985723134505, penalty_k: 0.02397497537737736, scale_lr: 0.48681965193226556, EAO: 0.324
Trial 145 finished with value: 0.32436863330087773 and parameters: {'window_influence': 0.48423985723134505, 'penalty_k': 0.023974975377377365, 'scale_lr': 0.48681965193226556}. Best is trial 82 with value: 0.3495157835316565.
checkpoint_e16 window_influence: 0.53220100766103429, penalty_k: 0.04089042275309331, scale_lr: 0.47006794817415609, EAO: 0.313
Trial 146 finished with value: 0.3133655356873798 and parameters: {'window_influence': 0.5322010076610343, 'penalty_k': 0.040890422753093306, 'scale_lr': 0.4700679481741561}. Best is trial 82 with value: 0.3495157835316565.
checkpoint_e16 window_influence: 0.45611107573901111, penalty_k: 0.06274225822935021, scale_lr: 0.52667612503370131, EAO: 0.341
Trial 147 finished with value: 0.34098952695553403 and parameters: {'window_influence': 0.4561110757390111, 'penalty_k': 0.06274225822935021, 'scale_lr': 0.5266761250337013}. Best is trial 82 with value: 0.3495157835316565.
checkpoint_e16 window_influence: 0.49738082100174053, penalty_k: 0.08415495279030928, scale_lr: 0.49275345117059138, EAO: 0.324
Trial 148 finished with value: 0.32404138779825736 and parameters: {'window_influence': 0.4973808210017405, 'penalty_k': 0.08415495279030928, 'scale_lr': 0.4927534511705914}. Best is trial 82 with value: 0.3495157835316565.
checkpoint_e16 window_influence: 0.47206302561500402, penalty_k: 0.03162930952183524, scale_lr: 0.50504549512452745, EAO: 0.331
Trial 149 finished with value: 0.33054976484191095 and parameters: {'window_influence': 0.472063025615004, 'penalty_k': 0.031629309521835236, 'scale_lr': 0.5050454951245275}. Best is trial 82 with value: 0.3495157835316565.
checkpoint_e16 window_influence: 0.51420206565928195, penalty_k: 0.23215788034994039, scale_lr: 0.47186120334722048, EAO: 0.294
Trial 150 finished with value: 0.2944984149028355 and parameters: {'window_influence': 0.514202065659282, 'penalty_k': 0.2321578803499404, 'scale_lr': 0.4718612033472205}. Best is trial 82 with value: 0.3495157835316565.
A new study created in memory with name: no-name-7eed8af2-bea1-4c62-9c49-6e70c4cf22f0
checkpoint_e16 window_influence: 0.09800950804664194, penalty_k: 0.26082677214611427, scale_lr: 0.52820705340273144, EAO: 0.246
Trial 0 finished with value: 0.2463700066280736 and parameters: {'window_influence': 0.09800950804664194, 'penalty_k': 0.26082677214611427, 'scale_lr': 0.5282070534027314}. Best is trial 0 with value: 0.2463700066280736.
checkpoint_e16 window_influence: 0.21392205381352414, penalty_k: 0.58129115029081435, scale_lr: 0.70189379290458309, EAO: 0.282
Trial 1 finished with value: 0.2822636196005669 and parameters: {'window_influence': 0.21392205381352414, 'penalty_k': 0.5812911502908144, 'scale_lr': 0.7018937929045831}. Best is trial 1 with value: 0.2822636196005669.
checkpoint_e16 window_influence: 0.30277867815181869, penalty_k: 0.23602326536975415, scale_lr: 0.68802262316901597, EAO: 0.293
Trial 2 finished with value: 0.29302103684106223 and parameters: {'window_influence': 0.3027786781518187, 'penalty_k': 0.23602326536975415, 'scale_lr': 0.688022623169016}. Best is trial 2 with value: 0.29302103684106223.
checkpoint_e16 window_influence: 0.21114925465151263, penalty_k: 0.09580485126726247, scale_lr: 0.54465115605046188, EAO: 0.283
Trial 3 finished with value: 0.2834170234574418 and parameters: {'window_influence': 0.21114925465151263, 'penalty_k': 0.09580485126726247, 'scale_lr': 0.5446511560504619}. Best is trial 2 with value: 0.29302103684106223.
checkpoint_e16 window_influence: 0.23955655475411747, penalty_k: 0.49117478705694106, scale_lr: 0.67919263465767288, EAO: 0.255
Trial 4 finished with value: 0.25480753508059434 and parameters: {'window_influence': 0.23955655475411747, 'penalty_k': 0.49117478705694106, 'scale_lr': 0.6791926346576729}. Best is trial 2 with value: 0.29302103684106223.
checkpoint_e16 window_influence: 0.28183810752709565, penalty_k: 0.39670213805807047, scale_lr: 0.62452738818503439, EAO: 0.296
Trial 5 finished with value: 0.29600328172227286 and parameters: {'window_influence': 0.28183810752709565, 'penalty_k': 0.3967021380580705, 'scale_lr': 0.6245273881850344}. Best is trial 5 with value: 0.29600328172227286.
checkpoint_e16 window_influence: 0.41236256917988645, penalty_k: 0.22243243505929761, scale_lr: 0.48289993583161606, EAO: 0.293
Trial 6 finished with value: 0.29315613842196037 and parameters: {'window_influence': 0.41236256917988645, 'penalty_k': 0.2224324350592976, 'scale_lr': 0.48289993583161606}. Best is trial 5 with value: 0.29600328172227286.
checkpoint_e16 window_influence: 0.49190514501053106, penalty_k: 0.51589648268253674, scale_lr: 0.38753559466020482, EAO: 0.274
Trial 7 finished with value: 0.2742639736558677 and parameters: {'window_influence': 0.49190514501053106, 'penalty_k': 0.5158964826825367, 'scale_lr': 0.3875355946602048}. Best is trial 5 with value: 0.29600328172227286.
checkpoint_e16 window_influence: 0.42405782762569999, penalty_k: 0.11572718788917397, scale_lr: 0.41413930601534044, EAO: 0.306
Trial 8 finished with value: 0.3060894690830884 and parameters: {'window_influence': 0.4240578276257, 'penalty_k': 0.11572718788917397, 'scale_lr': 0.41413930601534044}. Best is trial 8 with value: 0.3060894690830884.
checkpoint_e16 window_influence: 0.20098572610755550, penalty_k: 0.35475036646936908, scale_lr: 0.69363827786980126, EAO: 0.284
Trial 9 finished with value: 0.28405937430691625 and parameters: {'window_influence': 0.2009857261075555, 'penalty_k': 0.3547503664693691, 'scale_lr': 0.6936382778698013}. Best is trial 8 with value: 0.3060894690830884.
checkpoint_e16 window_influence: 0.62270238224918217, penalty_k: 0.00212490216492756, scale_lr: 0.21344260478465363, EAO: 0.249
Trial 10 finished with value: 0.24852543379314215 and parameters: {'window_influence': 0.6227023822491822, 'penalty_k': 0.0021249021649275557, 'scale_lr': 0.21344260478465363}. Best is trial 8 with value: 0.3060894690830884.
checkpoint_e16 window_influence: 0.38855773128309756, penalty_k: 0.36748044904777000, scale_lr: 0.35995729075013427, EAO: 0.295
Trial 11 finished with value: 0.2945787239863251 and parameters: {'window_influence': 0.38855773128309756, 'penalty_k': 0.36748044904777, 'scale_lr': 0.3599572907501343}. Best is trial 8 with value: 0.3060894690830884.
checkpoint_e16 window_influence: 0.45923912854885096, penalty_k: 0.15442702388632767, scale_lr: 0.79812108279293903, EAO: 0.336
Trial 12 finished with value: 0.33630208885623325 and parameters: {'window_influence': 0.45923912854885096, 'penalty_k': 0.15442702388632767, 'scale_lr': 0.798121082792939}. Best is trial 12 with value: 0.33630208885623325.
checkpoint_e16 window_influence: 0.49555895572950293, penalty_k: 0.16288631719924998, scale_lr: 0.78196805535685254, EAO: 0.323
Trial 13 finished with value: 0.32271108987962227 and parameters: {'window_influence': 0.4955589557295029, 'penalty_k': 0.16288631719924998, 'scale_lr': 0.7819680553568525}. Best is trial 12 with value: 0.33630208885623325.
checkpoint_e16 window_influence: 0.51811761116791299, penalty_k: 0.16865076330786324, scale_lr: 0.79479402060538118, EAO: 0.305
Trial 14 finished with value: 0.304895488146678 and parameters: {'window_influence': 0.518117611167913, 'penalty_k': 0.16865076330786324, 'scale_lr': 0.7947940206053812}. Best is trial 12 with value: 0.33630208885623325.
checkpoint_e16 window_influence: 0.54844771144950022, penalty_k: 0.15429794411744469, scale_lr: 0.78040027331768047, EAO: 0.284
