Trial 1586 finished with value: 0.28725697181336146 and parameters: {'window_influence': 0.5676196553899076, 'penalty_k': 0.013383372076838658, 'scale_lr': 0.666337986253726}. Best is trial 896 with value: 0.3777425812144224.
checkpoint_e33 window_influence: 0.06034809670182711, penalty_k: 0.30369650792719466, scale_lr: 0.51603066435739009, EAO: 0.247
Trial 1587 finished with value: 0.24748805414609873 and parameters: {'window_influence': 0.060348096701827114, 'penalty_k': 0.30369650792719466, 'scale_lr': 0.5160306643573901}. Best is trial 896 with value: 0.3777425812144224.
checkpoint_e33 window_influence: 0.49301025381227520, penalty_k: 0.07947976641953264, scale_lr: 0.27855099263088462, EAO: 0.339
Trial 1588 finished with value: 0.3393903520784489 and parameters: {'window_influence': 0.4930102538122752, 'penalty_k': 0.07947976641953264, 'scale_lr': 0.2785509926308846}. Best is trial 896 with value: 0.3777425812144224.
checkpoint_e33 window_influence: 0.46409712950155146, penalty_k: 0.48165750653611950, scale_lr: 0.31574882231641493, EAO: 0.319
Trial 1589 finished with value: 0.31892350136306036 and parameters: {'window_influence': 0.46409712950155146, 'penalty_k': 0.4816575065361195, 'scale_lr': 0.31574882231641493}. Best is trial 896 with value: 0.3777425812144224.
checkpoint_e33 window_influence: 0.47940259834549892, penalty_k: 0.03489456563270602, scale_lr: 0.44056057273311094, EAO: 0.349
Trial 1590 finished with value: 0.34881361228946584 and parameters: {'window_influence': 0.4794025983454989, 'penalty_k': 0.03489456563270602, 'scale_lr': 0.44056057273311094}. Best is trial 896 with value: 0.3777425812144224.
checkpoint_e33 window_influence: 0.51955626233287233, penalty_k: 0.33033927335620922, scale_lr: 0.56145975759970446, EAO: 0.296
Trial 1591 finished with value: 0.2956477573525581 and parameters: {'window_influence': 0.5195562623328723, 'penalty_k': 0.3303392733562092, 'scale_lr': 0.5614597575997045}. Best is trial 896 with value: 0.3777425812144224.
checkpoint_e33 window_influence: 0.58120157547182560, penalty_k: 0.22060848094863450, scale_lr: 0.36750850457265155, EAO: 0.261
Trial 1592 finished with value: 0.2609132334068128 and parameters: {'window_influence': 0.5812015754718256, 'penalty_k': 0.2206084809486345, 'scale_lr': 0.36750850457265155}. Best is trial 896 with value: 0.3777425812144224.
checkpoint_e33 window_influence: 0.37428763088673062, penalty_k: 0.12895995553365169, scale_lr: 0.46841969575373554, EAO: 0.320
Trial 1593 finished with value: 0.3200173999548886 and parameters: {'window_influence': 0.3742876308867306, 'penalty_k': 0.1289599555336517, 'scale_lr': 0.46841969575373554}. Best is trial 896 with value: 0.3777425812144224.
checkpoint_e33 window_influence: 0.50373221202872787, penalty_k: 0.14935952581598785, scale_lr: 0.79894801620549694, EAO: 0.340
Trial 1594 finished with value: 0.339985052551277 and parameters: {'window_influence': 0.5037322120287279, 'penalty_k': 0.14935952581598785, 'scale_lr': 0.7989480162054969}. Best is trial 896 with value: 0.3777425812144224.
checkpoint_e33 window_influence: 0.46186642381861476, penalty_k: 0.39305088110044079, scale_lr: 0.53650693617481482, EAO: 0.324
Trial 1595 finished with value: 0.32445905076390574 and parameters: {'window_influence': 0.46186642381861476, 'penalty_k': 0.3930508811004408, 'scale_lr': 0.5365069361748148}. Best is trial 896 with value: 0.3777425812144224.
checkpoint_e33 window_influence: 0.48483003883879466, penalty_k: 0.31446713504969476, scale_lr: 0.58487292643350819, EAO: 0.336
Trial 1596 finished with value: 0.3359739382675186 and parameters: {'window_influence': 0.48483003883879466, 'penalty_k': 0.31446713504969476, 'scale_lr': 0.5848729264335082}. Best is trial 896 with value: 0.3777425812144224.
checkpoint_e33 window_influence: 0.47304183955915302, penalty_k: 0.05195943672370759, scale_lr: 0.64783957212228660, EAO: 0.357
Trial 1597 finished with value: 0.3565207402066034 and parameters: {'window_influence': 0.473041839559153, 'penalty_k': 0.05195943672370759, 'scale_lr': 0.6478395721222866}. Best is trial 896 with value: 0.3777425812144224.
checkpoint_e33 window_influence: 0.53898462316796070, penalty_k: 0.40841545303357679, scale_lr: 0.60776894538347881, EAO: 0.298
Trial 1598 finished with value: 0.29820990852344825 and parameters: {'window_influence': 0.5389846231679607, 'penalty_k': 0.4084154530335768, 'scale_lr': 0.6077689453834788}. Best is trial 896 with value: 0.3777425812144224.
checkpoint_e33 window_influence: 0.48980986041826557, penalty_k: 0.54728849073173835, scale_lr: 0.14642964867568273, EAO: 0.296
Trial 1599 finished with value: 0.29622804782269996 and parameters: {'window_influence': 0.4898098604182656, 'penalty_k': 0.5472884907317384, 'scale_lr': 0.14642964867568273}. Best is trial 896 with value: 0.3777425812144224.
checkpoint_e33 window_influence: 0.45955755619791439, penalty_k: 0.16508258213513549, scale_lr: 0.48062730818361266, EAO: 0.353
Trial 1600 finished with value: 0.35347554087638855 and parameters: {'window_influence': 0.4595575561979144, 'penalty_k': 0.1650825821351355, 'scale_lr': 0.48062730818361266}. Best is trial 896 with value: 0.3777425812144224.
checkpoint_e33 window_influence: 0.14161486710298657, penalty_k: 0.02248920776461025, scale_lr: 0.38851115169486850, EAO: 0.271
Trial 1601 finished with value: 0.27087331548739035 and parameters: {'window_influence': 0.14161486710298657, 'penalty_k': 0.022489207764610254, 'scale_lr': 0.3885111516948685}. Best is trial 896 with value: 0.3777425812144224.
checkpoint_e33 window_influence: 0.35715171323065120, penalty_k: 0.19724632897370334, scale_lr: 0.67615312846442088, EAO: 0.311
Trial 1602 finished with value: 0.31061490720811985 and parameters: {'window_influence': 0.3571517132306512, 'penalty_k': 0.19724632897370334, 'scale_lr': 0.6761531284644209}. Best is trial 896 with value: 0.3777425812144224.
checkpoint_e33 window_influence: 0.33658113949947660, penalty_k: 0.10735718437012695, scale_lr: 0.50792723467879630, EAO: 0.314
Trial 1603 finished with value: 0.3135585694461481 and parameters: {'window_influence': 0.3365811394994766, 'penalty_k': 0.10735718437012695, 'scale_lr': 0.5079272346787963}. Best is trial 896 with value: 0.3777425812144224.
checkpoint_e33 window_influence: 0.51021873901065984, penalty_k: 0.08769054292411155, scale_lr: 0.29942397823905320, EAO: 0.330
Trial 1604 finished with value: 0.33015375714821577 and parameters: {'window_influence': 0.5102187390106598, 'penalty_k': 0.08769054292411155, 'scale_lr': 0.2994239782390532}. Best is trial 896 with value: 0.3777425812144224.
checkpoint_e33 window_influence: 0.49846585511500369, penalty_k: 0.17907807729610153, scale_lr: 0.77117375718094916, EAO: 0.335
Trial 1605 finished with value: 0.3354224712236382 and parameters: {'window_influence': 0.4984658551150037, 'penalty_k': 0.17907807729610153, 'scale_lr': 0.7711737571809492}. Best is trial 896 with value: 0.3777425812144224.
checkpoint_e33 window_influence: 0.47772146830203488, penalty_k: 0.06510051044580115, scale_lr: 0.12764158959676714, EAO: 0.342
Trial 1606 finished with value: 0.342281764931252 and parameters: {'window_influence': 0.4777214683020349, 'penalty_k': 0.06510051044580115, 'scale_lr': 0.12764158959676714}. Best is trial 896 with value: 0.3777425812144224.
checkpoint_e33 window_influence: 0.45469788690101892, penalty_k: 0.57843774344907950, scale_lr: 0.44749644101907671, EAO: 0.308
Trial 1607 finished with value: 0.3080816310087531 and parameters: {'window_influence': 0.4546978869010189, 'penalty_k': 0.5784377434490795, 'scale_lr': 0.4474964410190767}. Best is trial 896 with value: 0.3777425812144224.
checkpoint_e33 window_influence: 0.40210174135776444, penalty_k: 0.41616819094256197, scale_lr: 0.32877906595853768, EAO: 0.325
Trial 1608 finished with value: 0.3252011627422696 and parameters: {'window_influence': 0.40210174135776444, 'penalty_k': 0.41616819094256197, 'scale_lr': 0.3287790659585377}. Best is trial 896 with value: 0.3777425812144224.
checkpoint_e33 window_influence: 0.46997083702895587, penalty_k: 0.44143666547757165, scale_lr: 0.52361242370187211, EAO: 0.335
Trial 1609 finished with value: 0.33505821251219814 and parameters: {'window_influence': 0.46997083702895587, 'penalty_k': 0.44143666547757165, 'scale_lr': 0.5236124237018721}. Best is trial 896 with value: 0.3777425812144224.
checkpoint_e33 window_influence: 0.49222672504544057, penalty_k: 0.24272657930672764, scale_lr: 0.42132048969699976, EAO: 0.328
Trial 1610 finished with value: 0.32792147263478677 and parameters: {'window_influence': 0.49222672504544057, 'penalty_k': 0.24272657930672764, 'scale_lr': 0.42132048969699976}. Best is trial 896 with value: 0.3777425812144224.
checkpoint_e33 window_influence: 0.52515592976413650, penalty_k: 0.04103428070079379, scale_lr: 0.55139164188666745, EAO: 0.339
Trial 1611 finished with value: 0.33944276056400996 and parameters: {'window_influence': 0.5251559297641365, 'penalty_k': 0.04103428070079379, 'scale_lr': 0.5513916418866674}. Best is trial 896 with value: 0.3777425812144224.
checkpoint_e33 window_influence: 0.44649730085837197, penalty_k: 0.15175063350058657, scale_lr: 0.63484765764993834, EAO: 0.344
Trial 1612 finished with value: 0.34444851564526097 and parameters: {'window_influence': 0.44649730085837197, 'penalty_k': 0.15175063350058657, 'scale_lr': 0.6348476576499383}. Best is trial 896 with value: 0.3777425812144224.
checkpoint_e33 window_influence: 0.48204310062002181, penalty_k: 0.46081201847515518, scale_lr: 0.47017763158224551, EAO: 0.319
Trial 1613 finished with value: 0.318525587886224 and parameters: {'window_influence': 0.4820431006200218, 'penalty_k': 0.4608120184751552, 'scale_lr': 0.4701776315822455}. Best is trial 896 with value: 0.3777425812144224.
checkpoint_e33 window_influence: 0.51189384606891097, penalty_k: 0.55915123046682835, scale_lr: 0.20095400656049661, EAO: 0.272
Trial 1614 finished with value: 0.27205610194094915 and parameters: {'window_influence': 0.511893846068911, 'penalty_k': 0.5591512304668284, 'scale_lr': 0.2009540065604966}. Best is trial 896 with value: 0.3777425812144224.
checkpoint_e33 window_influence: 0.43003888969265536, penalty_k: 0.57526282206313228, scale_lr: 0.43550031922305832, EAO: 0.313
Trial 1615 finished with value: 0.31309200295678374 and parameters: {'window_influence': 0.43003888969265536, 'penalty_k': 0.5752628220631323, 'scale_lr': 0.4355003192230583}. Best is trial 896 with value: 0.3777425812144224.
checkpoint_e33 window_influence: 0.46154091999914831, penalty_k: 0.26570067672632369, scale_lr: 0.59458812398750949, EAO: 0.338
Trial 1616 finished with value: 0.3376640954602089 and parameters: {'window_influence': 0.4615409199991483, 'penalty_k': 0.2657006767263237, 'scale_lr': 0.5945881239875095}. Best is trial 896 with value: 0.3777425812144224.
checkpoint_e33 window_influence: 0.18867731434511514, penalty_k: 0.01464381904280820, scale_lr: 0.16700040544763428, EAO: 0.278
Trial 1617 finished with value: 0.27780360058819736 and parameters: {'window_influence': 0.18867731434511514, 'penalty_k': 0.014643819042808204, 'scale_lr': 0.16700040544763428}. Best is trial 896 with value: 0.3777425812144224.
checkpoint_e33 window_influence: 0.31010391091577416, penalty_k: 0.02946600384722324, scale_lr: 0.37346231107879890, EAO: 0.316
Trial 1618 finished with value: 0.31566431364660597 and parameters: {'window_influence': 0.31010391091577416, 'penalty_k': 0.02946600384722324, 'scale_lr': 0.3734623110787989}. Best is trial 896 with value: 0.3777425812144224.
checkpoint_e33 window_influence: 0.54908668198472754, penalty_k: 0.00035771308772266, scale_lr: 0.49726806295912440, EAO: 0.302
Trial 1619 finished with value: 0.30208839018057293 and parameters: {'window_influence': 0.5490866819847275, 'penalty_k': 0.00035771308772266155, 'scale_lr': 0.4972680629591244}. Best is trial 896 with value: 0.3777425812144224.
checkpoint_e33 window_influence: 0.23108419368389788, penalty_k: 0.20718920112547315, scale_lr: 0.65235640760877611, EAO: 0.306
Trial 1620 finished with value: 0.30611948912477677 and parameters: {'window_influence': 0.23108419368389788, 'penalty_k': 0.20718920112547315, 'scale_lr': 0.6523564076087761}. Best is trial 896 with value: 0.3777425812144224.
checkpoint_e33 window_influence: 0.50065468660863088, penalty_k: 0.14109513881825014, scale_lr: 0.35401683641600912, EAO: 0.338
Trial 1621 finished with value: 0.3384182876418073 and parameters: {'window_influence': 0.5006546866086309, 'penalty_k': 0.14109513881825014, 'scale_lr': 0.3540168364160091}. Best is trial 896 with value: 0.3777425812144224.
checkpoint_e33 window_influence: 0.47267411146706756, penalty_k: 0.06128792847839154, scale_lr: 0.26872230768630317, EAO: 0.339
Trial 1622 finished with value: 0.3393637118172553 and parameters: {'window_influence': 0.47267411146706756, 'penalty_k': 0.06128792847839154, 'scale_lr': 0.2687223076863032}. Best is trial 896 with value: 0.3777425812144224.
checkpoint_e33 window_influence: 0.63536934354929953, penalty_k: 0.29006404280599940, scale_lr: 0.74798135374988128, EAO: 0.235
Trial 1623 finished with value: 0.23525149795563768 and parameters: {'window_influence': 0.6353693435492995, 'penalty_k': 0.2900640428059994, 'scale_lr': 0.7479813537498813}. Best is trial 896 with value: 0.3777425812144224.
checkpoint_e33 window_influence: 0.44102778388873043, penalty_k: 0.12028118312157476, scale_lr: 0.39282086944655359, EAO: 0.319
Trial 1624 finished with value: 0.31946178337247455 and parameters: {'window_influence': 0.44102778388873043, 'penalty_k': 0.12028118312157476, 'scale_lr': 0.3928208694465536}. Best is trial 896 with value: 0.3777425812144224.
checkpoint_e33 window_influence: 0.39043484460065719, penalty_k: 0.07180274714981856, scale_lr: 0.57340179429780114, EAO: 0.329
Trial 1625 finished with value: 0.32851754476819983 and parameters: {'window_influence': 0.3904348446006572, 'penalty_k': 0.07180274714981856, 'scale_lr': 0.5734017942978011}. Best is trial 896 with value: 0.3777425812144224.
checkpoint_e33 window_influence: 0.48453003531839611, penalty_k: 0.40334331718186800, scale_lr: 0.78264634437824199, EAO: 0.303
Trial 1626 finished with value: 0.3026378951415941 and parameters: {'window_influence': 0.4845300353183961, 'penalty_k': 0.403343317181868, 'scale_lr': 0.782646344378242}. Best is trial 896 with value: 0.3777425812144224.
checkpoint_e33 window_influence: 0.10375743750298200, penalty_k: 0.38004337356693429, scale_lr: 0.46058672978602216, EAO: 0.251
Trial 1627 finished with value: 0.2509331600559361 and parameters: {'window_influence': 0.103757437502982, 'penalty_k': 0.3800433735669343, 'scale_lr': 0.46058672978602216}. Best is trial 896 with value: 0.3777425812144224.
checkpoint_e33 window_influence: 0.36655751338690529, penalty_k: 0.53641754063155223, scale_lr: 0.61849202975329742, EAO: 0.316
Trial 1628 finished with value: 0.3161167304687463 and parameters: {'window_influence': 0.3665575133869053, 'penalty_k': 0.5364175406315522, 'scale_lr': 0.6184920297532974}. Best is trial 896 with value: 0.3777425812144224.
checkpoint_e33 window_influence: 0.11430251902944605, penalty_k: 0.09596692785863255, scale_lr: 0.47855419733426141, EAO: 0.253
Trial 1629 finished with value: 0.2528457972674054 and parameters: {'window_influence': 0.11430251902944605, 'penalty_k': 0.09596692785863255, 'scale_lr': 0.4785541973342614}. Best is trial 896 with value: 0.3777425812144224.
checkpoint_e33 window_influence: 0.29561112110621884, penalty_k: 0.04670811838049123, scale_lr: 0.40745937078147093, EAO: 0.305
Trial 1630 finished with value: 0.3054904043674469 and parameters: {'window_influence': 0.29561112110621884, 'penalty_k': 0.04670811838049123, 'scale_lr': 0.40745937078147093}. Best is trial 896 with value: 0.3777425812144224.
checkpoint_e33 window_influence: 0.17986103650275509, penalty_k: 0.18639435770798793, scale_lr: 0.28567528277292770, EAO: 0.274
Trial 1631 finished with value: 0.27425719455522324 and parameters: {'window_influence': 0.1798610365027551, 'penalty_k': 0.18639435770798793, 'scale_lr': 0.2856752827729277}. Best is trial 896 with value: 0.3777425812144224.
checkpoint_e33 window_influence: 0.45742182276279097, penalty_k: 0.16134822530569304, scale_lr: 0.66659576250147135, EAO: 0.316
Trial 1632 finished with value: 0.31627669234684 and parameters: {'window_influence': 0.457421822762791, 'penalty_k': 0.16134822530569304, 'scale_lr': 0.6665957625014713}. Best is trial 896 with value: 0.3777425812144224.
checkpoint_e33 window_influence: 0.12877928733024402, penalty_k: 0.01959112271008496, scale_lr: 0.53811064301075140, EAO: 0.255
Trial 1633 finished with value: 0.2551681855657221 and parameters: {'window_influence': 0.12877928733024402, 'penalty_k': 0.019591122710084962, 'scale_lr': 0.5381106430107514}. Best is trial 896 with value: 0.3777425812144224.
checkpoint_e33 window_influence: 0.15822293007267041, penalty_k: 0.13214126873544943, scale_lr: 0.48829606125577069, EAO: 0.270
Trial 1634 finished with value: 0.2698659332693783 and parameters: {'window_influence': 0.1582229300726704, 'penalty_k': 0.13214126873544943, 'scale_lr': 0.4882960612557707}. Best is trial 896 with value: 0.3777425812144224.
checkpoint_e33 window_influence: 0.26730718273333237, penalty_k: 0.22399227129643681, scale_lr: 0.56282701642520117, EAO: 0.298
Trial 1635 finished with value: 0.29757583187711845 and parameters: {'window_influence': 0.26730718273333237, 'penalty_k': 0.2239922712964368, 'scale_lr': 0.5628270164252012}. Best is trial 896 with value: 0.3777425812144224.
checkpoint_e33 window_influence: 0.46989342567749853, penalty_k: 0.08150497741582777, scale_lr: 0.44770312238796972, EAO: 0.350
Trial 1636 finished with value: 0.3499600502303602 and parameters: {'window_influence': 0.46989342567749853, 'penalty_k': 0.08150497741582777, 'scale_lr': 0.4477031223879697}. Best is trial 896 with value: 0.3777425812144224.
checkpoint_e33 window_influence: 0.53204129187169713, penalty_k: 0.50538563611695253, scale_lr: 0.50196791735168500, EAO: 0.284
Trial 1637 finished with value: 0.2839880833829887 and parameters: {'window_influence': 0.5320412918716971, 'penalty_k': 0.5053856361169525, 'scale_lr': 0.501967917351685}. Best is trial 896 with value: 0.3777425812144224.
checkpoint_e33 window_influence: 0.49165031741892229, penalty_k: 0.03053706969958151, scale_lr: 0.30977786863242956, EAO: 0.337
Trial 1638 finished with value: 0.3367978461985458 and parameters: {'window_influence': 0.4916503174189223, 'penalty_k': 0.03053706969958151, 'scale_lr': 0.30977786863242956}. Best is trial 896 with value: 0.3777425812144224.
checkpoint_e33 window_influence: 0.51557577613421979, penalty_k: 0.05359220108182196, scale_lr: 0.63559412803965798, EAO: 0.340
Trial 1639 finished with value: 0.3404305503062237 and parameters: {'window_influence': 0.5155757761342198, 'penalty_k': 0.053592201081821965, 'scale_lr': 0.635594128039658}. Best is trial 896 with value: 0.3777425812144224.
checkpoint_e33 window_influence: 0.50147328307699846, penalty_k: 0.25589545137334541, scale_lr: 0.24676544266924738, EAO: 0.318
Trial 1640 finished with value: 0.31794947548135244 and parameters: {'window_influence': 0.5014732830769985, 'penalty_k': 0.2558954513733454, 'scale_lr': 0.24676544266924738}. Best is trial 896 with value: 0.3777425812144224.
checkpoint_e33 window_influence: 0.48274722860763353, penalty_k: 0.47943284755723881, scale_lr: 0.67886284491317583, EAO: 0.305
Trial 1641 finished with value: 0.3053837957201301 and parameters: {'window_influence': 0.4827472286076335, 'penalty_k': 0.4794328475572388, 'scale_lr': 0.6788628449131758}. Best is trial 896 with value: 0.3777425812144224.
checkpoint_e33 window_influence: 0.60492094310934275, penalty_k: 0.17218516606483031, scale_lr: 0.33853596075645720, EAO: 0.256
Trial 1642 finished with value: 0.2559762753053398 and parameters: {'window_influence': 0.6049209431093427, 'penalty_k': 0.1721851660648303, 'scale_lr': 0.3385359607564572}. Best is trial 896 with value: 0.3777425812144224.
checkpoint_e33 window_influence: 0.45116919538506839, penalty_k: 0.20129653854084861, scale_lr: 0.14729159454007457, EAO: 0.339
Trial 1643 finished with value: 0.33861011869712565 and parameters: {'window_influence': 0.4511691953850684, 'penalty_k': 0.2012965385408486, 'scale_lr': 0.14729159454007457}. Best is trial 896 with value: 0.3777425812144224.
checkpoint_e33 window_influence: 0.24101294767993547, penalty_k: 0.03935400436417443, scale_lr: 0.73870965188257220, EAO: 0.297
Trial 1644 finished with value: 0.29729644113477566 and parameters: {'window_influence': 0.24101294767993547, 'penalty_k': 0.03935400436417443, 'scale_lr': 0.7387096518825722}. Best is trial 896 with value: 0.3777425812144224.
checkpoint_e33 window_influence: 0.42194707371588930, penalty_k: 0.00948939135643439, scale_lr: 0.60502823954398033, EAO: 0.313
Trial 1645 finished with value: 0.3128596097230911 and parameters: {'window_influence': 0.4219470737158893, 'penalty_k': 0.009489391356434385, 'scale_lr': 0.6050282395439803}. Best is trial 896 with value: 0.3777425812144224.
checkpoint_e33 window_influence: 0.27888702858627212, penalty_k: 0.23548220391777863, scale_lr: 0.18482487417137120, EAO: 0.306
Trial 1646 finished with value: 0.3062674464650655 and parameters: {'window_influence': 0.2788870285862721, 'penalty_k': 0.23548220391777863, 'scale_lr': 0.1848248741713712}. Best is trial 896 with value: 0.3777425812144224.
checkpoint_e33 window_influence: 0.46690211274148630, penalty_k: 0.15006296039553729, scale_lr: 0.51515625370741502, EAO: 0.373
Trial 1647 finished with value: 0.373140621394035 and parameters: {'window_influence': 0.4669021127414863, 'penalty_k': 0.1500629603955373, 'scale_lr': 0.515156253707415}. Best is trial 896 with value: 0.3777425812144224.
checkpoint_e33 window_influence: 0.48086244301794484, penalty_k: 0.14416153362674089, scale_lr: 0.51982215253604624, EAO: 0.339
