Trial 82 finished with value: 0.32179338284967474 and parameters: {'window_influence': 0.5319249342547439, 'penalty_k': 0.04090617976230551, 'scale_lr': 0.23841991873695192}. Best is trial 66 with value: 0.35033000779522994.
checkpoint_e18 window_influence: 0.50917172472154459, penalty_k: 0.09484881253744533, scale_lr: 0.26706948404546133, EAO: 0.313
Trial 83 finished with value: 0.312714590056861 and parameters: {'window_influence': 0.5091717247215446, 'penalty_k': 0.09484881253744533, 'scale_lr': 0.2670694840454613}. Best is trial 66 with value: 0.35033000779522994.
checkpoint_e18 window_influence: 0.39108301271612783, penalty_k: 0.02974696926781888, scale_lr: 0.53977647907832327, EAO: 0.328
Trial 41 finished with value: 0.32761535494939825 and parameters: {'window_influence': 0.39108301271612783, 'penalty_k': 0.029746969267818883, 'scale_lr': 0.5397764790783233}. Best is trial 13 with value: 0.3571438087795495.
checkpoint_e18 window_influence: 0.47477948494134370, penalty_k: 0.03316402907348803, scale_lr: 0.29384794634478356, EAO: 0.336
Trial 84 finished with value: 0.3364595747063596 and parameters: {'window_influence': 0.4747794849413437, 'penalty_k': 0.03316402907348803, 'scale_lr': 0.29384794634478356}. Best is trial 66 with value: 0.35033000779522994.
checkpoint_e18 window_influence: 0.45590618624313101, penalty_k: 0.02786065046933254, scale_lr: 0.29364600182543005, EAO: 0.310
Trial 85 finished with value: 0.3101548891123167 and parameters: {'window_influence': 0.455906186243131, 'penalty_k': 0.02786065046933254, 'scale_lr': 0.29364600182543005}. Best is trial 66 with value: 0.35033000779522994.
checkpoint_e18 window_influence: 0.42915670950907359, penalty_k: 0.00204839448627944, scale_lr: 0.63138370841028968, EAO: 0.326
Trial 42 finished with value: 0.32619489532268464 and parameters: {'window_influence': 0.4291567095090736, 'penalty_k': 0.0020483944862794423, 'scale_lr': 0.6313837084102897}. Best is trial 13 with value: 0.3571438087795495.
checkpoint_e18 window_influence: 0.37904170127048353, penalty_k: 0.04675066015194076, scale_lr: 0.34665425222501089, EAO: 0.321
Trial 86 finished with value: 0.32143382351222205 and parameters: {'window_influence': 0.37904170127048353, 'penalty_k': 0.046750660151940765, 'scale_lr': 0.3466542522250109}. Best is trial 66 with value: 0.35033000779522994.
checkpoint_e18 window_influence: 0.41519272625683934, penalty_k: 0.01514746015392981, scale_lr: 0.32058717035274448, EAO: 0.327
Trial 87 finished with value: 0.32653699386212615 and parameters: {'window_influence': 0.41519272625683934, 'penalty_k': 0.015147460153929811, 'scale_lr': 0.3205871703527445}. Best is trial 66 with value: 0.35033000779522994.
checkpoint_e18 window_influence: 0.42764711314574350, penalty_k: 0.00066755488627315, scale_lr: 0.63302310287488295, EAO: 0.329
Trial 43 finished with value: 0.3293863400990861 and parameters: {'window_influence': 0.4276471131457435, 'penalty_k': 0.0006675548862731528, 'scale_lr': 0.633023102874883}. Best is trial 13 with value: 0.3571438087795495.
checkpoint_e18 window_influence: 0.43304124408269845, penalty_k: 0.07155502324100373, scale_lr: 0.17844396265484935, EAO: 0.309
Trial 88 finished with value: 0.30916885411229117 and parameters: {'window_influence': 0.43304124408269845, 'penalty_k': 0.07155502324100373, 'scale_lr': 0.17844396265484935}. Best is trial 66 with value: 0.35033000779522994.
checkpoint_e18 window_influence: 0.47499263359580163, penalty_k: 0.00489167260096283, scale_lr: 0.21311538807908187, EAO: 0.337
Trial 89 finished with value: 0.3368478314769871 and parameters: {'window_influence': 0.4749926335958016, 'penalty_k': 0.004891672600962833, 'scale_lr': 0.21311538807908187}. Best is trial 66 with value: 0.35033000779522994.
checkpoint_e18 window_influence: 0.46572831847879437, penalty_k: 0.08440019539740373, scale_lr: 0.60301520888498650, EAO: 0.308
Trial 44 finished with value: 0.30768654846263765 and parameters: {'window_influence': 0.46572831847879437, 'penalty_k': 0.08440019539740373, 'scale_lr': 0.6030152088849865}. Best is trial 13 with value: 0.3571438087795495.
checkpoint_e18 window_influence: 0.47416655906883826, penalty_k: 0.00532111660462604, scale_lr: 0.23060344657504558, EAO: 0.327
Trial 90 finished with value: 0.3268215348980306 and parameters: {'window_influence': 0.47416655906883826, 'penalty_k': 0.005321116604626044, 'scale_lr': 0.23060344657504558}. Best is trial 66 with value: 0.35033000779522994.
checkpoint_e18 window_influence: 0.45131220635981806, penalty_k: 0.03237479093394629, scale_lr: 0.20545918189358403, EAO: 0.308
Trial 91 finished with value: 0.30808471473738375 and parameters: {'window_influence': 0.45131220635981806, 'penalty_k': 0.03237479093394629, 'scale_lr': 0.20545918189358403}. Best is trial 66 with value: 0.35033000779522994.
checkpoint_e18 window_influence: 0.52367249774867719, penalty_k: 0.02875482555920840, scale_lr: 0.53858709218703893, EAO: 0.282
Trial 45 finished with value: 0.2818573278443823 and parameters: {'window_influence': 0.5236724977486772, 'penalty_k': 0.0287548255592084, 'scale_lr': 0.5385870921870389}. Best is trial 13 with value: 0.3571438087795495.
checkpoint_e18 window_influence: 0.49182582979137596, penalty_k: 0.05341774966426818, scale_lr: 0.27492508322297976, EAO: 0.329
Trial 92 finished with value: 0.3289793149390573 and parameters: {'window_influence': 0.49182582979137596, 'penalty_k': 0.053417749664268176, 'scale_lr': 0.27492508322297976}. Best is trial 66 with value: 0.35033000779522994.
checkpoint_e18 window_influence: 0.47524771819066935, penalty_k: 0.02803156852272577, scale_lr: 0.28937003900522962, EAO: 0.353
Trial 93 finished with value: 0.3528187456993741 and parameters: {'window_influence': 0.47524771819066935, 'penalty_k': 0.028031568522725765, 'scale_lr': 0.2893700390052296}. Best is trial 93 with value: 0.3528187456993741.
checkpoint_e18 window_influence: 0.39815773184056286, penalty_k: 0.10057205640706049, scale_lr: 0.70019520114603928, EAO: 0.300
Trial 46 finished with value: 0.3003034107532019 and parameters: {'window_influence': 0.39815773184056286, 'penalty_k': 0.10057205640706049, 'scale_lr': 0.7001952011460393}. Best is trial 13 with value: 0.3571438087795495.
checkpoint_e18 window_influence: 0.42840942280856181, penalty_k: 0.02881788303036398, scale_lr: 0.14828469051731902, EAO: 0.296
Trial 94 finished with value: 0.29639676613334554 and parameters: {'window_influence': 0.4284094228085618, 'penalty_k': 0.028817883030363978, 'scale_lr': 0.14828469051731902}. Best is trial 93 with value: 0.3528187456993741.
checkpoint_e18 window_influence: 0.47174921482921089, penalty_k: 0.00123023491949090, scale_lr: 0.29815006339280103, EAO: 0.345
Trial 95 finished with value: 0.34481043214927853 and parameters: {'window_influence': 0.4717492148292109, 'penalty_k': 0.0012302349194909037, 'scale_lr': 0.29815006339280103}. Best is trial 93 with value: 0.3528187456993741.
checkpoint_e18 window_influence: 0.48452443818503288, penalty_k: 0.02344493353202424, scale_lr: 0.64587215600321857, EAO: 0.312
Trial 47 finished with value: 0.3124440344275204 and parameters: {'window_influence': 0.4845244381850329, 'penalty_k': 0.02344493353202424, 'scale_lr': 0.6458721560032186}. Best is trial 13 with value: 0.3571438087795495.
checkpoint_e18 window_influence: 0.46987484820761455, penalty_k: 0.00389011384666110, scale_lr: 0.30311731810176773, EAO: 0.316
Trial 96 finished with value: 0.3156593644317486 and parameters: {'window_influence': 0.46987484820761455, 'penalty_k': 0.003890113846661096, 'scale_lr': 0.30311731810176773}. Best is trial 93 with value: 0.3528187456993741.
checkpoint_e18 window_influence: 0.50003713794643856, penalty_k: 0.04095189262193701, scale_lr: 0.21515816406580190, EAO: 0.316
Trial 97 finished with value: 0.31633095431652514 and parameters: {'window_influence': 0.5000371379464386, 'penalty_k': 0.04095189262193701, 'scale_lr': 0.2151581640658019}. Best is trial 93 with value: 0.3528187456993741.
checkpoint_e18 window_influence: 0.47784664991340026, penalty_k: 0.01292796358561706, scale_lr: 0.23410540147061537, EAO: 0.325
Trial 98 finished with value: 0.3254922944979909 and parameters: {'window_influence': 0.47784664991340026, 'penalty_k': 0.012927963585617055, 'scale_lr': 0.23410540147061537}. Best is trial 93 with value: 0.3528187456993741.
checkpoint_e18 window_influence: 0.43113576645863327, penalty_k: 0.06566117293568757, scale_lr: 0.60983764398425844, EAO: 0.317
Trial 48 finished with value: 0.31711924574718403 and parameters: {'window_influence': 0.4311357664586333, 'penalty_k': 0.06566117293568757, 'scale_lr': 0.6098376439842584}. Best is trial 13 with value: 0.3571438087795495.
checkpoint_e18 window_influence: 0.45736979538827632, penalty_k: 0.06523698542870995, scale_lr: 0.28595992553742311, EAO: 0.337
Trial 99 finished with value: 0.33728263872142894 and parameters: {'window_influence': 0.4573697953882763, 'penalty_k': 0.06523698542870995, 'scale_lr': 0.2859599255374231}. Best is trial 93 with value: 0.3528187456993741.
checkpoint_e18 window_influence: 0.46158850934603052, penalty_k: 0.05980049577725806, scale_lr: 0.12102189829274346, EAO: 0.322
Trial 100 finished with value: 0.32221089187531154 and parameters: {'window_influence': 0.4615885093460305, 'penalty_k': 0.05980049577725806, 'scale_lr': 0.12102189829274346}. Best is trial 93 with value: 0.3528187456993741.
checkpoint_e18 window_influence: 0.40580986225201576, penalty_k: 0.13126232256038786, scale_lr: 0.56328719912751235, EAO: 0.304
Trial 49 finished with value: 0.30436591143042196 and parameters: {'window_influence': 0.40580986225201576, 'penalty_k': 0.13126232256038786, 'scale_lr': 0.5632871991275124}. Best is trial 13 with value: 0.3571438087795495.
checkpoint_e18 window_influence: 0.45176085479014527, penalty_k: 0.02761000591216138, scale_lr: 0.28428005319834826, EAO: 0.332
Trial 101 finished with value: 0.3321170907192193 and parameters: {'window_influence': 0.45176085479014527, 'penalty_k': 0.02761000591216138, 'scale_lr': 0.28428005319834826}. Best is trial 93 with value: 0.3528187456993741.
checkpoint_e18 window_influence: 0.44420127706672213, penalty_k: 0.08065820697337928, scale_lr: 0.29264846231842884, EAO: 0.322
Trial 102 finished with value: 0.32182990768308306 and parameters: {'window_influence': 0.44420127706672213, 'penalty_k': 0.08065820697337928, 'scale_lr': 0.29264846231842884}. Best is trial 93 with value: 0.3528187456993741.
checkpoint_e18 window_influence: 0.47921646179657629, penalty_k: 0.04365757598080974, scale_lr: 0.17448321294451352, EAO: 0.320
Trial 103 finished with value: 0.32000108416906126 and parameters: {'window_influence': 0.4792164617965763, 'penalty_k': 0.043657575980809736, 'scale_lr': 0.17448321294451352}. Best is trial 93 with value: 0.3528187456993741.
checkpoint_e18 window_influence: 0.45304516273164019, penalty_k: 0.00322357685902331, scale_lr: 0.65666618381011299, EAO: 0.326
Trial 50 finished with value: 0.32611278621371154 and parameters: {'window_influence': 0.4530451627316402, 'penalty_k': 0.003223576859023313, 'scale_lr': 0.656666183810113}. Best is trial 13 with value: 0.3571438087795495.
checkpoint_e18 window_influence: 0.43791623044216665, penalty_k: 0.00243106203123116, scale_lr: 0.26495343795898707, EAO: 0.334
Trial 104 finished with value: 0.3342584515360079 and parameters: {'window_influence': 0.43791623044216665, 'penalty_k': 0.0024310620312311577, 'scale_lr': 0.26495343795898707}. Best is trial 93 with value: 0.3528187456993741.
checkpoint_e18 window_influence: 0.51190159138676417, penalty_k: 0.06569645955897631, scale_lr: 0.15021080023293648, EAO: 0.304
Trial 105 finished with value: 0.303563170221993 and parameters: {'window_influence': 0.5119015913867642, 'penalty_k': 0.06569645955897631, 'scale_lr': 0.15021080023293648}. Best is trial 93 with value: 0.3528187456993741.
checkpoint_e18 window_influence: 0.46203205028862859, penalty_k: 0.10545484438112715, scale_lr: 0.22768077346395388, EAO: 0.339
Trial 106 finished with value: 0.33882584738824156 and parameters: {'window_influence': 0.4620320502886286, 'penalty_k': 0.10545484438112715, 'scale_lr': 0.22768077346395388}. Best is trial 93 with value: 0.3528187456993741.
checkpoint_e18 window_influence: 0.41618480352183440, penalty_k: 0.00438881599368111, scale_lr: 0.62718375453969732, EAO: 0.325
Trial 51 finished with value: 0.32533469825171313 and parameters: {'window_influence': 0.4161848035218344, 'penalty_k': 0.00438881599368111, 'scale_lr': 0.6271837545396973}. Best is trial 13 with value: 0.3571438087795495.
checkpoint_e18 window_influence: 0.45681677607764321, penalty_k: 0.11297236411875242, scale_lr: 0.19465414926040750, EAO: 0.309
Trial 107 finished with value: 0.3091634397144911 and parameters: {'window_influence': 0.4568167760776432, 'penalty_k': 0.11297236411875242, 'scale_lr': 0.1946541492604075}. Best is trial 93 with value: 0.3528187456993741.
checkpoint_e18 window_influence: 0.42308894890109261, penalty_k: 0.09013364440319231, scale_lr: 0.22709959708662494, EAO: 0.322
Trial 108 finished with value: 0.322484954785744 and parameters: {'window_influence': 0.4230889489010926, 'penalty_k': 0.09013364440319231, 'scale_lr': 0.22709959708662494}. Best is trial 93 with value: 0.3528187456993741.
checkpoint_e18 window_influence: 0.48936150157363539, penalty_k: 0.10285219805287082, scale_lr: 0.20979873303306390, EAO: 0.335
Trial 109 finished with value: 0.33534262941041343 and parameters: {'window_influence': 0.4893615015736354, 'penalty_k': 0.10285219805287082, 'scale_lr': 0.2097987330330639}. Best is trial 93 with value: 0.3528187456993741.
checkpoint_e18 window_influence: 0.43461891717368029, penalty_k: 0.05610851538699409, scale_lr: 0.62185925213256577, EAO: 0.329
Trial 52 finished with value: 0.328897176085743 and parameters: {'window_influence': 0.4346189171736803, 'penalty_k': 0.05610851538699409, 'scale_lr': 0.6218592521325658}. Best is trial 13 with value: 0.3571438087795495.
checkpoint_e18 window_influence: 0.40972160734464086, penalty_k: 0.04889634491791120, scale_lr: 0.24951626356103665, EAO: 0.336
Trial 110 finished with value: 0.33593065845363335 and parameters: {'window_influence': 0.40972160734464086, 'penalty_k': 0.0488963449179112, 'scale_lr': 0.24951626356103665}. Best is trial 93 with value: 0.3528187456993741.
checkpoint_e18 window_influence: 0.47941571359747415, penalty_k: 0.03270995577563721, scale_lr: 0.27817779321496061, EAO: 0.333
Trial 111 finished with value: 0.333493729799638 and parameters: {'window_influence': 0.47941571359747415, 'penalty_k': 0.03270995577563721, 'scale_lr': 0.2781777932149606}. Best is trial 93 with value: 0.3528187456993741.
checkpoint_e18 window_influence: 0.46379694881687739, penalty_k: 0.01784430356910405, scale_lr: 0.30748677644350786, EAO: 0.344
Trial 112 finished with value: 0.3440189421872685 and parameters: {'window_influence': 0.4637969488168774, 'penalty_k': 0.017844303569104054, 'scale_lr': 0.30748677644350786}. Best is trial 93 with value: 0.3528187456993741.
checkpoint_e18 window_influence: 0.49330343985343400, penalty_k: 0.05805163213770197, scale_lr: 0.56938281165216120, EAO: 0.304
Trial 53 finished with value: 0.3038924043628492 and parameters: {'window_influence': 0.493303439853434, 'penalty_k': 0.05805163213770197, 'scale_lr': 0.5693828116521612}. Best is trial 13 with value: 0.3571438087795495.
checkpoint_e18 window_influence: 0.49824545283832855, penalty_k: 0.01554417078502505, scale_lr: 0.32044791071528178, EAO: 0.326
Trial 113 finished with value: 0.32634157603352915 and parameters: {'window_influence': 0.49824545283832855, 'penalty_k': 0.015544170785025055, 'scale_lr': 0.3204479107152818}. Best is trial 93 with value: 0.3528187456993741.
checkpoint_e18 window_influence: 0.45913667786477053, penalty_k: 0.07923323351533561, scale_lr: 0.23359082436041695, EAO: 0.327
Trial 114 finished with value: 0.3266286028962191 and parameters: {'window_influence': 0.4591366778647705, 'penalty_k': 0.07923323351533561, 'scale_lr': 0.23359082436041695}. Best is trial 93 with value: 0.3528187456993741.
checkpoint_e18 window_influence: 0.43863956234319368, penalty_k: 0.05852782151544356, scale_lr: 0.26080215952464358, EAO: 0.365
Trial 115 finished with value: 0.3654321275564483 and parameters: {'window_influence': 0.4386395623431937, 'penalty_k': 0.05852782151544356, 'scale_lr': 0.2608021595246436}. Best is trial 115 with value: 0.3654321275564483.
checkpoint_e18 window_influence: 0.45075995941748315, penalty_k: 0.03561810317783190, scale_lr: 0.67172360138297704, EAO: 0.311
Trial 54 finished with value: 0.31107157578960004 and parameters: {'window_influence': 0.45075995941748315, 'penalty_k': 0.0356181031778319, 'scale_lr': 0.671723601382977}. Best is trial 13 with value: 0.3571438087795495.
checkpoint_e18 window_influence: 0.43620849976466330, penalty_k: 0.06416700797313862, scale_lr: 0.25968134136766807, EAO: 0.336
Trial 116 finished with value: 0.3358953013030472 and parameters: {'window_influence': 0.4362084997646633, 'penalty_k': 0.06416700797313862, 'scale_lr': 0.2596813413676681}. Best is trial 115 with value: 0.3654321275564483.
checkpoint_e18 window_influence: 0.39978414351924013, penalty_k: 0.05327134740173429, scale_lr: 0.27270562470714232, EAO: 0.339
Trial 117 finished with value: 0.33940414574127714 and parameters: {'window_influence': 0.39978414351924013, 'penalty_k': 0.05327134740173429, 'scale_lr': 0.2727056247071423}. Best is trial 115 with value: 0.3654321275564483.
checkpoint_e18 window_influence: 0.40122379132831060, penalty_k: 0.05089001954226391, scale_lr: 0.25718329197433631, EAO: 0.330
Trial 118 finished with value: 0.3297739837768013 and parameters: {'window_influence': 0.4012237913283106, 'penalty_k': 0.05089001954226391, 'scale_lr': 0.2571832919743363}. Best is trial 115 with value: 0.3654321275564483.
checkpoint_e18 window_influence: 0.35154378047343104, penalty_k: 0.08451886581628673, scale_lr: 0.59118043074164917, EAO: 0.311
Trial 55 finished with value: 0.31111105859047705 and parameters: {'window_influence': 0.35154378047343104, 'penalty_k': 0.08451886581628673, 'scale_lr': 0.5911804307416492}. Best is trial 13 with value: 0.3571438087795495.
checkpoint_e18 window_influence: 0.43010362562932547, penalty_k: 0.02147666227006595, scale_lr: 0.30204446673568158, EAO: 0.324
Trial 119 finished with value: 0.3243046762994291 and parameters: {'window_influence': 0.43010362562932547, 'penalty_k': 0.02147666227006595, 'scale_lr': 0.3020444667356816}. Best is trial 115 with value: 0.3654321275564483.
checkpoint_e18 window_influence: 0.41856137299459334, penalty_k: 0.08676842426286144, scale_lr: 0.31307228171892720, EAO: 0.353
Trial 120 finished with value: 0.3530171048548435 and parameters: {'window_influence': 0.41856137299459334, 'penalty_k': 0.08676842426286144, 'scale_lr': 0.3130722817189272}. Best is trial 115 with value: 0.3654321275564483.
checkpoint_e18 window_influence: 0.42051360341223304, penalty_k: 0.08661951242968220, scale_lr: 0.27224892036744558, EAO: 0.355
Trial 121 finished with value: 0.3546398291328074 and parameters: {'window_influence': 0.42051360341223304, 'penalty_k': 0.0866195124296822, 'scale_lr': 0.2722489203674456}. Best is trial 115 with value: 0.3654321275564483.
checkpoint_e18 window_influence: 0.38406607291084760, penalty_k: 0.02319998521632022, scale_lr: 0.53240726955436701, EAO: 0.320
Trial 56 finished with value: 0.32018721335592903 and parameters: {'window_influence': 0.3840660729108476, 'penalty_k': 0.023199985216320225, 'scale_lr': 0.532407269554367}. Best is trial 13 with value: 0.3571438087795495.
checkpoint_e18 window_influence: 0.38427517096965091, penalty_k: 0.08541758021697621, scale_lr: 0.30887844927648134, EAO: 0.332
Trial 122 finished with value: 0.3317665035622593 and parameters: {'window_influence': 0.3842751709696509, 'penalty_k': 0.08541758021697621, 'scale_lr': 0.30887844927648134}. Best is trial 115 with value: 0.3654321275564483.
checkpoint_e18 window_influence: 0.41709667195920280, penalty_k: 0.10014388245695544, scale_lr: 0.26886504766096392, EAO: 0.324
Trial 123 finished with value: 0.32393382507075597 and parameters: {'window_influence': 0.4170966719592028, 'penalty_k': 0.10014388245695544, 'scale_lr': 0.2688650476609639}. Best is trial 115 with value: 0.3654321275564483.
checkpoint_e18 window_influence: 0.40017488335441631, penalty_k: 0.05418891541062128, scale_lr: 0.33475452698019487, EAO: 0.300
Trial 124 finished with value: 0.30012500262909825 and parameters: {'window_influence': 0.4001748833544163, 'penalty_k': 0.054188915410621284, 'scale_lr': 0.33475452698019487}. Best is trial 115 with value: 0.3654321275564483.
checkpoint_e18 window_influence: 0.50001952872015698, penalty_k: 0.06930459448655585, scale_lr: 0.50790930225972963, EAO: 0.313
Trial 57 finished with value: 0.31286151782547916 and parameters: {'window_influence': 0.500019528720157, 'penalty_k': 0.06930459448655585, 'scale_lr': 0.5079093022597296}. Best is trial 13 with value: 0.3571438087795495.
checkpoint_e18 window_influence: 0.42201429517348188, penalty_k: 0.07312084238809781, scale_lr: 0.23806826705841874, EAO: 0.317
Trial 125 finished with value: 0.31667841594042945 and parameters: {'window_influence': 0.4220142951734819, 'penalty_k': 0.07312084238809781, 'scale_lr': 0.23806826705841874}. Best is trial 115 with value: 0.3654321275564483.
checkpoint_e18 window_influence: 0.38992599314481624, penalty_k: 0.10939829955452825, scale_lr: 0.32469919520285268, EAO: 0.324
Trial 126 finished with value: 0.32362897891246856 and parameters: {'window_influence': 0.38992599314481624, 'penalty_k': 0.10939829955452825, 'scale_lr': 0.3246991952028527}. Best is trial 115 with value: 0.3654321275564483.
checkpoint_e18 window_influence: 0.44171910533882475, penalty_k: 0.04090478909557153, scale_lr: 0.24722569855314108, EAO: 0.336
