Trial 3572 finished with value: 0.31402092638646584 and parameters: {'window_influence': 0.45141782512454903, 'penalty_k': 0.27772744085867074, 'scale_lr': 0.4444230179807955}. Best is trial 1270 with value: 0.3623636909959845.
checkpoint_e22 window_influence: 0.46617677246585137, penalty_k: 0.34806223251838281, scale_lr: 0.79982072494266077, EAO: 0.305
Trial 3573 finished with value: 0.30531082728493536 and parameters: {'window_influence': 0.4661767724658514, 'penalty_k': 0.3480622325183828, 'scale_lr': 0.7998207249426608}. Best is trial 1270 with value: 0.3623636909959845.
checkpoint_e22 window_influence: 0.51466893158375437, penalty_k: 0.05361241679609562, scale_lr: 0.51260786647290502, EAO: 0.331
Trial 3574 finished with value: 0.33135999141964 and parameters: {'window_influence': 0.5146689315837544, 'penalty_k': 0.05361241679609562, 'scale_lr': 0.512607866472905}. Best is trial 1270 with value: 0.3623636909959845.
checkpoint_e22 window_influence: 0.32744165538639225, penalty_k: 0.10503373539344295, scale_lr: 0.34387893608354170, EAO: 0.290
Trial 3575 finished with value: 0.28979105864749344 and parameters: {'window_influence': 0.32744165538639225, 'penalty_k': 0.10503373539344295, 'scale_lr': 0.3438789360835417}. Best is trial 1270 with value: 0.3623636909959845.
checkpoint_e22 window_influence: 0.48366513116504584, penalty_k: 0.01834232294076418, scale_lr: 0.65103881550616227, EAO: 0.347
Trial 3576 finished with value: 0.34678101701959096 and parameters: {'window_influence': 0.48366513116504584, 'penalty_k': 0.01834232294076418, 'scale_lr': 0.6510388155061623}. Best is trial 1270 with value: 0.3623636909959845.
checkpoint_e22 window_influence: 0.49694536191894495, penalty_k: 0.22490467675426118, scale_lr: 0.59289143809627753, EAO: 0.312
Trial 3577 finished with value: 0.31186589244970553 and parameters: {'window_influence': 0.49694536191894495, 'penalty_k': 0.22490467675426118, 'scale_lr': 0.5928914380962775}. Best is trial 1270 with value: 0.3623636909959845.
checkpoint_e22 window_influence: 0.46935821883473972, penalty_k: 0.12053812180055980, scale_lr: 0.69453314028001367, EAO: 0.338
Trial 3578 finished with value: 0.3376163710416059 and parameters: {'window_influence': 0.4693582188347397, 'penalty_k': 0.1205381218005598, 'scale_lr': 0.6945331402800137}. Best is trial 1270 with value: 0.3623636909959845.
checkpoint_e22 window_influence: 0.44548967181482091, penalty_k: 0.02722635381334241, scale_lr: 0.41746847325509773, EAO: 0.318
Trial 3579 finished with value: 0.31830373997818173 and parameters: {'window_influence': 0.4454896718148209, 'penalty_k': 0.027226353813342413, 'scale_lr': 0.4174684732550977}. Best is trial 1270 with value: 0.3623636909959845.
checkpoint_e22 window_influence: 0.63704505011976764, penalty_k: 0.58380909807797410, scale_lr: 0.75688490397549568, EAO: 0.206
Trial 3580 finished with value: 0.20552275970520212 and parameters: {'window_influence': 0.6370450501197676, 'penalty_k': 0.5838090980779741, 'scale_lr': 0.7568849039754957}. Best is trial 1270 with value: 0.3623636909959845.
checkpoint_e22 window_influence: 0.42728738002573208, penalty_k: 0.24076381635839061, scale_lr: 0.31216300027757443, EAO: 0.316
Trial 3581 finished with value: 0.3157605560141315 and parameters: {'window_influence': 0.4272873800257321, 'penalty_k': 0.24076381635839061, 'scale_lr': 0.31216300027757443}. Best is trial 1270 with value: 0.3623636909959845.
checkpoint_e22 window_influence: 0.48291591728751915, penalty_k: 0.08018251778399445, scale_lr: 0.68293447712180733, EAO: 0.326
Trial 3582 finished with value: 0.3263138364493151 and parameters: {'window_influence': 0.48291591728751915, 'penalty_k': 0.08018251778399445, 'scale_lr': 0.6829344771218073}. Best is trial 1270 with value: 0.3623636909959845.
checkpoint_e22 window_influence: 0.12241678809472006, penalty_k: 0.16595265484875465, scale_lr: 0.37762177243312522, EAO: 0.261
Trial 3583 finished with value: 0.26086156412321304 and parameters: {'window_influence': 0.12241678809472006, 'penalty_k': 0.16595265484875465, 'scale_lr': 0.3776217724331252}. Best is trial 1270 with value: 0.3623636909959845.
checkpoint_e22 window_influence: 0.39849116878186908, penalty_k: 0.04168910355915907, scale_lr: 0.55643545844282050, EAO: 0.328
Trial 3584 finished with value: 0.3280336641152081 and parameters: {'window_influence': 0.3984911687818691, 'penalty_k': 0.04168910355915907, 'scale_lr': 0.5564354584428205}. Best is trial 1270 with value: 0.3623636909959845.
checkpoint_e22 window_influence: 0.25265327125363229, penalty_k: 0.01231074546149301, scale_lr: 0.22586774128081133, EAO: 0.297
Trial 3585 finished with value: 0.29653081234095163 and parameters: {'window_influence': 0.2526532712536323, 'penalty_k': 0.012310745461493008, 'scale_lr': 0.22586774128081133}. Best is trial 1270 with value: 0.3623636909959845.
checkpoint_e22 window_influence: 0.45829424824968445, penalty_k: 0.00004127804386971, scale_lr: 0.61609622316854828, EAO: 0.319
Trial 3586 finished with value: 0.3187228907407026 and parameters: {'window_influence': 0.45829424824968445, 'penalty_k': 4.1278043869710877e-05, 'scale_lr': 0.6160962231685483}. Best is trial 1270 with value: 0.3623636909959845.
checkpoint_e22 window_influence: 0.09677778604788750, penalty_k: 0.38498267771603584, scale_lr: 0.53241675991736703, EAO: 0.245
Trial 3587 finished with value: 0.2450066511501134 and parameters: {'window_influence': 0.0967777860478875, 'penalty_k': 0.38498267771603584, 'scale_lr': 0.532416759917367}. Best is trial 1270 with value: 0.3623636909959845.
checkpoint_e22 window_influence: 0.09394222048308709, penalty_k: 0.18991161104273160, scale_lr: 0.25986800606776667, EAO: 0.245
Trial 3588 finished with value: 0.2450739702477993 and parameters: {'window_influence': 0.09394222048308709, 'penalty_k': 0.1899116110427316, 'scale_lr': 0.25986800606776667}. Best is trial 1270 with value: 0.3623636909959845.
checkpoint_e22 window_influence: 0.50206358949947461, penalty_k: 0.35370353854605946, scale_lr: 0.49786357825571020, EAO: 0.293
Trial 3589 finished with value: 0.2932944509421805 and parameters: {'window_influence': 0.5020635894994746, 'penalty_k': 0.35370353854605946, 'scale_lr': 0.4978635782557102}. Best is trial 1270 with value: 0.3623636909959845.
checkpoint_e22 window_influence: 0.47521815984343108, penalty_k: 0.09362542372411142, scale_lr: 0.57485796222378127, EAO: 0.325
Trial 3590 finished with value: 0.324965905180701 and parameters: {'window_influence': 0.4752181598434311, 'penalty_k': 0.09362542372411142, 'scale_lr': 0.5748579622237813}. Best is trial 1270 with value: 0.3623636909959845.
checkpoint_e22 window_influence: 0.22327778544871646, penalty_k: 0.29922166807555295, scale_lr: 0.30552095502897658, EAO: 0.265
Trial 3591 finished with value: 0.2650589465167272 and parameters: {'window_influence': 0.22327778544871646, 'penalty_k': 0.29922166807555295, 'scale_lr': 0.3055209550289766}. Best is trial 1270 with value: 0.3623636909959845.
checkpoint_e22 window_influence: 0.38817011309714555, penalty_k: 0.48251513963728870, scale_lr: 0.64380693966149527, EAO: 0.307
Trial 3592 finished with value: 0.3074011783539553 and parameters: {'window_influence': 0.38817011309714555, 'penalty_k': 0.4825151396372887, 'scale_lr': 0.6438069396614953}. Best is trial 1270 with value: 0.3623636909959845.
checkpoint_e22 window_influence: 0.49262980847155680, penalty_k: 0.03522005348882951, scale_lr: 0.54826940135465130, EAO: 0.327
Trial 3593 finished with value: 0.3274310757098031 and parameters: {'window_influence': 0.4926298084715568, 'penalty_k': 0.035220053488829506, 'scale_lr': 0.5482694013546513}. Best is trial 1270 with value: 0.3623636909959845.
checkpoint_e22 window_influence: 0.12508769853662907, penalty_k: 0.06146488429037766, scale_lr: 0.38874625137266150, EAO: 0.271
Trial 3594 finished with value: 0.27097841505874454 and parameters: {'window_influence': 0.12508769853662907, 'penalty_k': 0.061464884290377664, 'scale_lr': 0.3887462513726615}. Best is trial 1270 with value: 0.3623636909959845.
checkpoint_e22 window_influence: 0.46109631696974912, penalty_k: 0.36335279190640657, scale_lr: 0.46454331132485910, EAO: 0.311
Trial 3595 finished with value: 0.311022494901479 and parameters: {'window_influence': 0.4610963169697491, 'penalty_k': 0.36335279190640657, 'scale_lr': 0.4645433113248591}. Best is trial 1270 with value: 0.3623636909959845.
checkpoint_e22 window_influence: 0.44056278122312231, penalty_k: 0.57416407383400392, scale_lr: 0.72345853500208435, EAO: 0.304
Trial 3596 finished with value: 0.30435998418915594 and parameters: {'window_influence': 0.4405627812231223, 'penalty_k': 0.5741640738340039, 'scale_lr': 0.7234585350020843}. Best is trial 1270 with value: 0.3623636909959845.
checkpoint_e22 window_influence: 0.58338588365079547, penalty_k: 0.13386298821626685, scale_lr: 0.63115837044890544, EAO: 0.262
Trial 3597 finished with value: 0.26228663876130887 and parameters: {'window_influence': 0.5833858836507955, 'penalty_k': 0.13386298821626685, 'scale_lr': 0.6311583704489054}. Best is trial 1270 with value: 0.3623636909959845.
checkpoint_e22 window_influence: 0.52612707124601898, penalty_k: 0.15073068237385812, scale_lr: 0.66868097426666950, EAO: 0.285
Trial 3598 finished with value: 0.28452340997610576 and parameters: {'window_influence': 0.526127071246019, 'penalty_k': 0.15073068237385812, 'scale_lr': 0.6686809742666695}. Best is trial 1270 with value: 0.3623636909959845.
checkpoint_e22 window_influence: 0.61664002037052978, penalty_k: 0.11233745644469743, scale_lr: 0.32662318125532364, EAO: 0.241
Trial 3599 finished with value: 0.2410279554731651 and parameters: {'window_influence': 0.6166400203705298, 'penalty_k': 0.11233745644469743, 'scale_lr': 0.32662318125532364}. Best is trial 1270 with value: 0.3623636909959845.
checkpoint_e22 window_influence: 0.47784642723005660, penalty_k: 0.06845358740837743, scale_lr: 0.59646981858815462, EAO: 0.318
Trial 3600 finished with value: 0.3176860747286318 and parameters: {'window_influence': 0.4778464272300566, 'penalty_k': 0.06845358740837743, 'scale_lr': 0.5964698185881546}. Best is trial 1270 with value: 0.3623636909959845.
checkpoint_e22 window_influence: 0.36199078927953243, penalty_k: 0.10148981084618544, scale_lr: 0.51858896396947107, EAO: 0.318
Trial 3601 finished with value: 0.3184664999696531 and parameters: {'window_influence': 0.36199078927953243, 'penalty_k': 0.10148981084618544, 'scale_lr': 0.5185889639694711}. Best is trial 1270 with value: 0.3623636909959845.
checkpoint_e22 window_influence: 0.26203912688616138, penalty_k: 0.53488889834970099, scale_lr: 0.48498943757736640, EAO: 0.277
Trial 3602 finished with value: 0.27715993258043947 and parameters: {'window_influence': 0.2620391268861614, 'penalty_k': 0.534888898349701, 'scale_lr': 0.4849894375773664}. Best is trial 1270 with value: 0.3623636909959845.
checkpoint_e22 window_influence: 0.45259262041404941, penalty_k: 0.01763175622787437, scale_lr: 0.40071751061298788, EAO: 0.307
Trial 3603 finished with value: 0.3070789565719983 and parameters: {'window_influence': 0.4525926204140494, 'penalty_k': 0.01763175622787437, 'scale_lr': 0.4007175106129879}. Best is trial 1270 with value: 0.3623636909959845.
checkpoint_e22 window_influence: 0.51068326148169241, penalty_k: 0.05018385710541624, scale_lr: 0.43966270799756546, EAO: 0.315
Trial 3604 finished with value: 0.3151030632656372 and parameters: {'window_influence': 0.5106832614816924, 'penalty_k': 0.050183857105416244, 'scale_lr': 0.43966270799756546}. Best is trial 1270 with value: 0.3623636909959845.
checkpoint_e22 window_influence: 0.46760285859189898, penalty_k: 0.01072506609690442, scale_lr: 0.77423610985938474, EAO: 0.309
Trial 3605 finished with value: 0.3092304471053966 and parameters: {'window_influence': 0.467602858591899, 'penalty_k': 0.010725066096904417, 'scale_lr': 0.7742361098593847}. Best is trial 1270 with value: 0.3623636909959845.
checkpoint_e22 window_influence: 0.15726370722476818, penalty_k: 0.08663664852554269, scale_lr: 0.70214421395674131, EAO: 0.276
Trial 3606 finished with value: 0.275799545506559 and parameters: {'window_influence': 0.15726370722476818, 'penalty_k': 0.08663664852554269, 'scale_lr': 0.7021442139567413}. Best is trial 1270 with value: 0.3623636909959845.
checkpoint_e22 window_influence: 0.48719897924077821, penalty_k: 0.12000426114827543, scale_lr: 0.12723003351759299, EAO: 0.305
Trial 3607 finished with value: 0.30455538386964615 and parameters: {'window_influence': 0.4871989792407782, 'penalty_k': 0.12000426114827543, 'scale_lr': 0.127230033517593}. Best is trial 1270 with value: 0.3623636909959845.
checkpoint_e22 window_influence: 0.26358214762384685, penalty_k: 0.02923350765755703, scale_lr: 0.61262516515507759, EAO: 0.276
Trial 3608 finished with value: 0.2761967341027835 and parameters: {'window_influence': 0.26358214762384685, 'penalty_k': 0.029233507657557032, 'scale_lr': 0.6126251651550776}. Best is trial 1270 with value: 0.3623636909959845.
checkpoint_e22 window_influence: 0.29275397743875398, penalty_k: 0.07462398935989620, scale_lr: 0.25446321897985241, EAO: 0.304
Trial 3609 finished with value: 0.3042179528725286 and parameters: {'window_influence': 0.292753977438754, 'penalty_k': 0.0746239893598962, 'scale_lr': 0.2544632189798524}. Best is trial 1270 with value: 0.3623636909959845.
checkpoint_e22 window_influence: 0.53793079622512663, penalty_k: 0.00008652478903270, scale_lr: 0.37174953185209547, EAO: 0.340
Trial 3610 finished with value: 0.3397719626992593 and parameters: {'window_influence': 0.5379307962251266, 'penalty_k': 8.652478903269957e-05, 'scale_lr': 0.37174953185209547}. Best is trial 1270 with value: 0.3623636909959845.
checkpoint_e22 window_influence: 0.47209515516625544, penalty_k: 0.10173928749027279, scale_lr: 0.58230988339334600, EAO: 0.330
Trial 3611 finished with value: 0.3301031489780441 and parameters: {'window_influence': 0.47209515516625544, 'penalty_k': 0.10173928749027279, 'scale_lr': 0.582309883393346}. Best is trial 1270 with value: 0.3623636909959845.
checkpoint_e22 window_influence: 0.29410591048429080, penalty_k: 0.39855228099270840, scale_lr: 0.34102816153433169, EAO: 0.275
Trial 3612 finished with value: 0.27480191282261207 and parameters: {'window_influence': 0.2941059104842908, 'penalty_k': 0.3985522809927084, 'scale_lr': 0.3410281615343317}. Best is trial 1270 with value: 0.3623636909959845.
checkpoint_e22 window_influence: 0.43080860800211002, penalty_k: 0.59458755913961936, scale_lr: 0.47483222874948527, EAO: 0.292
Trial 3613 finished with value: 0.2917708948776416 and parameters: {'window_influence': 0.43080860800211, 'penalty_k': 0.5945875591396194, 'scale_lr': 0.4748322287494853}. Best is trial 1270 with value: 0.3623636909959845.
checkpoint_e22 window_influence: 0.18777597017626468, penalty_k: 0.02262098583263867, scale_lr: 0.29895974643258122, EAO: 0.285
Trial 3614 finished with value: 0.285460248009704 and parameters: {'window_influence': 0.18777597017626468, 'penalty_k': 0.02262098583263867, 'scale_lr': 0.2989597464325812}. Best is trial 1270 with value: 0.3623636909959845.
checkpoint_e22 window_influence: 0.49929142321423542, penalty_k: 0.21485179972804092, scale_lr: 0.43010410403135629, EAO: 0.319
Trial 3615 finished with value: 0.31939211893638286 and parameters: {'window_influence': 0.4992914232142354, 'penalty_k': 0.21485179972804092, 'scale_lr': 0.4301041040313563}. Best is trial 1270 with value: 0.3623636909959845.
checkpoint_e22 window_influence: 0.45853510700213657, penalty_k: 0.00001188040615948, scale_lr: 0.65247514574182897, EAO: 0.329
Trial 3616 finished with value: 0.32927158857597916 and parameters: {'window_influence': 0.45853510700213657, 'penalty_k': 1.1880406159483353e-05, 'scale_lr': 0.652475145741829}. Best is trial 1270 with value: 0.3623636909959845.
checkpoint_e22 window_influence: 0.48676655313574763, penalty_k: 0.26531690303376071, scale_lr: 0.50727348779133141, EAO: 0.313
Trial 3617 finished with value: 0.3128639409746177 and parameters: {'window_influence': 0.4867665531357476, 'penalty_k': 0.2653169030337607, 'scale_lr': 0.5072734877913314}. Best is trial 1270 with value: 0.3623636909959845.
checkpoint_e22 window_influence: 0.13914606988499117, penalty_k: 0.14788224530287775, scale_lr: 0.21375992059134380, EAO: 0.260
Trial 3618 finished with value: 0.2595315592994022 and parameters: {'window_influence': 0.13914606988499117, 'penalty_k': 0.14788224530287775, 'scale_lr': 0.2137599205913438}. Best is trial 1270 with value: 0.3623636909959845.
checkpoint_e22 window_influence: 0.44734526704467859, penalty_k: 0.03519767679775627, scale_lr: 0.60267850694491920, EAO: 0.322
Trial 3619 finished with value: 0.32175657431439203 and parameters: {'window_influence': 0.4473452670446786, 'penalty_k': 0.035197676797756275, 'scale_lr': 0.6026785069449192}. Best is trial 1270 with value: 0.3623636909959845.
checkpoint_e22 window_influence: 0.41233019202641896, penalty_k: 0.20988033918162485, scale_lr: 0.35938935021092189, EAO: 0.319
Trial 3620 finished with value: 0.31940077958403856 and parameters: {'window_influence': 0.41233019202641896, 'penalty_k': 0.20988033918162485, 'scale_lr': 0.3593893502109219}. Best is trial 1270 with value: 0.3623636909959845.
checkpoint_e22 window_influence: 0.46820413689617918, penalty_k: 0.11852631761899707, scale_lr: 0.45181491659686646, EAO: 0.319
Trial 3621 finished with value: 0.31865350844099366 and parameters: {'window_influence': 0.4682041368961792, 'penalty_k': 0.11852631761899707, 'scale_lr': 0.45181491659686646}. Best is trial 1270 with value: 0.3623636909959845.
checkpoint_e22 window_influence: 0.47992997678886445, penalty_k: 0.01201141043344056, scale_lr: 0.68321438348439201, EAO: 0.332
Trial 3622 finished with value: 0.33195196828489637 and parameters: {'window_influence': 0.47992997678886445, 'penalty_k': 0.012011410433440565, 'scale_lr': 0.683214383484392}. Best is trial 1270 with value: 0.3623636909959845.
checkpoint_e22 window_influence: 0.56654012653658881, penalty_k: 0.13868322523779680, scale_lr: 0.53265887065962525, EAO: 0.270
Trial 3623 finished with value: 0.27002799290627355 and parameters: {'window_influence': 0.5665401265365888, 'penalty_k': 0.1386832252377968, 'scale_lr': 0.5326588706596252}. Best is trial 1270 with value: 0.3623636909959845.
checkpoint_e22 window_influence: 0.49364723837375563, penalty_k: 0.05081003690635989, scale_lr: 0.23997474127287877, EAO: 0.328
Trial 3624 finished with value: 0.328271476559138 and parameters: {'window_influence': 0.4936472383737556, 'penalty_k': 0.05081003690635989, 'scale_lr': 0.23997474127287877}. Best is trial 1270 with value: 0.3623636909959845.
checkpoint_e22 window_influence: 0.41934494163813540, penalty_k: 0.09162450171871431, scale_lr: 0.26530139956687937, EAO: 0.321
Trial 3625 finished with value: 0.32051943741187977 and parameters: {'window_influence': 0.4193449416381354, 'penalty_k': 0.09162450171871431, 'scale_lr': 0.26530139956687937}. Best is trial 1270 with value: 0.3623636909959845.
checkpoint_e22 window_influence: 0.21405140667912501, penalty_k: 0.11190465385873752, scale_lr: 0.73576616357608304, EAO: 0.273
Trial 3626 finished with value: 0.272983562273738 and parameters: {'window_influence': 0.214051406679125, 'penalty_k': 0.11190465385873752, 'scale_lr': 0.735766163576083}. Best is trial 1270 with value: 0.3623636909959845.
checkpoint_e22 window_influence: 0.31446979730685565, penalty_k: 0.51831755826679560, scale_lr: 0.18968788266051687, EAO: 0.276
Trial 3627 finished with value: 0.27642236481844684 and parameters: {'window_influence': 0.31446979730685565, 'penalty_k': 0.5183175582667956, 'scale_lr': 0.18968788266051687}. Best is trial 1270 with value: 0.3623636909959845.
checkpoint_e22 window_influence: 0.10874088409894669, penalty_k: 0.06624618043140583, scale_lr: 0.29019567969192739, EAO: 0.264
Trial 3628 finished with value: 0.26410147043285664 and parameters: {'window_influence': 0.1087408840989467, 'penalty_k': 0.06624618043140583, 'scale_lr': 0.2901956796919274}. Best is trial 1270 with value: 0.3623636909959845.
checkpoint_e22 window_influence: 0.45986183464430092, penalty_k: 0.02590448175266542, scale_lr: 0.62209411055283470, EAO: 0.314
Trial 3629 finished with value: 0.3141838822383361 and parameters: {'window_influence': 0.4598618346443009, 'penalty_k': 0.02590448175266542, 'scale_lr': 0.6220941105528347}. Best is trial 1270 with value: 0.3623636909959845.
checkpoint_e22 window_influence: 0.15177629691699945, penalty_k: 0.44629101058418047, scale_lr: 0.49979366143295773, EAO: 0.248
Trial 3630 finished with value: 0.247557750471835 and parameters: {'window_influence': 0.15177629691699945, 'penalty_k': 0.44629101058418047, 'scale_lr': 0.4997936614329577}. Best is trial 1270 with value: 0.3623636909959845.
checkpoint_e22 window_influence: 0.62950416342256110, penalty_k: 0.36234146065066108, scale_lr: 0.67411468428790788, EAO: 0.228
Trial 3631 finished with value: 0.22827767061816115 and parameters: {'window_influence': 0.6295041634225611, 'penalty_k': 0.3623414606506611, 'scale_lr': 0.6741146842879079}. Best is trial 1270 with value: 0.3623636909959845.
checkpoint_e22 window_influence: 0.13337806952120990, penalty_k: 0.32322384575326635, scale_lr: 0.75140468872653610, EAO: 0.255
Trial 3632 finished with value: 0.2550594953943319 and parameters: {'window_influence': 0.1333780695212099, 'penalty_k': 0.32322384575326635, 'scale_lr': 0.7514046887265361}. Best is trial 1270 with value: 0.3623636909959845.
checkpoint_e22 window_influence: 0.47622995190694467, penalty_k: 0.23031090744138283, scale_lr: 0.56770255653580937, EAO: 0.309
Trial 3633 finished with value: 0.30944225012328375 and parameters: {'window_influence': 0.47622995190694467, 'penalty_k': 0.23031090744138283, 'scale_lr': 0.5677025565358094}. Best is trial 1270 with value: 0.3623636909959845.
checkpoint_e22 window_influence: 0.51441997718906074, penalty_k: 0.32248815857325330, scale_lr: 0.41903535689630161, EAO: 0.293
