Trial 154 finished with value: 0.3295121942048871 and parameters: {'window_influence': 0.4829362794695352, 'penalty_k': 0.40341026849472306, 'scale_lr': 0.7410520945178709}. Best is trial 56 with value: 0.34509869424285594.
checkpoint_e31 window_influence: 0.43927405706768186, penalty_k: 0.44742449983448496, scale_lr: 0.50745439058954311, EAO: 0.324
Trial 155 finished with value: 0.32397174232200887 and parameters: {'window_influence': 0.43927405706768186, 'penalty_k': 0.44742449983448496, 'scale_lr': 0.5074543905895431}. Best is trial 56 with value: 0.34509869424285594.
checkpoint_e31 window_influence: 0.45808890957715021, penalty_k: 0.45833675877249569, scale_lr: 0.75610743148869164, EAO: 0.330
Trial 156 finished with value: 0.33031378970535813 and parameters: {'window_influence': 0.4580889095771502, 'penalty_k': 0.4583367587724957, 'scale_lr': 0.7561074314886916}. Best is trial 56 with value: 0.34509869424285594.
checkpoint_e31 window_influence: 0.41773185532701906, penalty_k: 0.43806281401296504, scale_lr: 0.78794797153320517, EAO: 0.330
Trial 157 finished with value: 0.3296944794719785 and parameters: {'window_influence': 0.41773185532701906, 'penalty_k': 0.43806281401296504, 'scale_lr': 0.7879479715332052}. Best is trial 56 with value: 0.34509869424285594.
checkpoint_e31 window_influence: 0.47256752896248128, penalty_k: 0.46825546776885685, scale_lr: 0.70480159016073096, EAO: 0.317
Trial 158 finished with value: 0.3167433753203789 and parameters: {'window_influence': 0.4725675289624813, 'penalty_k': 0.46825546776885685, 'scale_lr': 0.704801590160731}. Best is trial 56 with value: 0.34509869424285594.
checkpoint_e31 window_influence: 0.44236171407146530, penalty_k: 0.42574016014600974, scale_lr: 0.77604079151473382, EAO: 0.316
Trial 159 finished with value: 0.3155703970198501 and parameters: {'window_influence': 0.4423617140714653, 'penalty_k': 0.42574016014600974, 'scale_lr': 0.7760407915147338}. Best is trial 56 with value: 0.34509869424285594.
checkpoint_e31 window_influence: 0.52133151630478669, penalty_k: 0.33408862976162856, scale_lr: 0.79807419935890711, EAO: 0.296
Trial 160 finished with value: 0.2956436917127802 and parameters: {'window_influence': 0.5213315163047867, 'penalty_k': 0.33408862976162856, 'scale_lr': 0.7980741993589071}. Best is trial 56 with value: 0.34509869424285594.
checkpoint_e31 window_influence: 0.45037198316274907, penalty_k: 0.49600155227425768, scale_lr: 0.77010274181084093, EAO: 0.315
Trial 161 finished with value: 0.31542461565496394 and parameters: {'window_influence': 0.45037198316274907, 'penalty_k': 0.4960015522742577, 'scale_lr': 0.7701027418108409}. Best is trial 56 with value: 0.34509869424285594.
checkpoint_e31 window_influence: 0.42778588500589165, penalty_k: 0.47275481302055300, scale_lr: 0.74606770790545274, EAO: 0.306
Trial 162 finished with value: 0.306271768903454 and parameters: {'window_influence': 0.42778588500589165, 'penalty_k': 0.472754813020553, 'scale_lr': 0.7460677079054527}. Best is trial 56 with value: 0.34509869424285594.
checkpoint_e31 window_influence: 0.46725543667964403, penalty_k: 0.44575528897943045, scale_lr: 0.78098034732570087, EAO: 0.301
Trial 163 finished with value: 0.301137442718684 and parameters: {'window_influence': 0.46725543667964403, 'penalty_k': 0.44575528897943045, 'scale_lr': 0.7809803473257009}. Best is trial 56 with value: 0.34509869424285594.
checkpoint_e31 window_influence: 0.48808349778007110, penalty_k: 0.50748268264960761, scale_lr: 0.76051866632986065, EAO: 0.320
Trial 164 finished with value: 0.3196790046729002 and parameters: {'window_influence': 0.4880834977800711, 'penalty_k': 0.5074826826496076, 'scale_lr': 0.7605186663298606}. Best is trial 56 with value: 0.34509869424285594.
checkpoint_e31 window_influence: 0.41173321334778318, penalty_k: 0.45889892008202054, scale_lr: 0.74118575155626276, EAO: 0.306
Trial 165 finished with value: 0.306440210875834 and parameters: {'window_influence': 0.4117332133477832, 'penalty_k': 0.45889892008202054, 'scale_lr': 0.7411857515562628}. Best is trial 56 with value: 0.34509869424285594.
checkpoint_e31 window_influence: 0.45447794607292780, penalty_k: 0.41076859753037448, scale_lr: 0.78867206999805017, EAO: 0.330
Trial 166 finished with value: 0.3300560487847384 and parameters: {'window_influence': 0.4544779460729278, 'penalty_k': 0.4107685975303745, 'scale_lr': 0.7886720699980502}. Best is trial 56 with value: 0.34509869424285594.
checkpoint_e31 window_influence: 0.39194568005656860, penalty_k: 0.48442565198443338, scale_lr: 0.40360012177088933, EAO: 0.321
Trial 167 finished with value: 0.32128745276872284 and parameters: {'window_influence': 0.3919456800565686, 'penalty_k': 0.4844256519844334, 'scale_lr': 0.40360012177088933}. Best is trial 56 with value: 0.34509869424285594.
checkpoint_e31 window_influence: 0.47258652295888970, penalty_k: 0.37350090874261721, scale_lr: 0.77428838559026958, EAO: 0.315
Trial 168 finished with value: 0.3150821613430513 and parameters: {'window_influence': 0.4725865229588897, 'penalty_k': 0.3735009087426172, 'scale_lr': 0.7742883855902696}. Best is trial 56 with value: 0.34509869424285594.
checkpoint_e31 window_influence: 0.50108030299493234, penalty_k: 0.43090589411978669, scale_lr: 0.79939748259500876, EAO: 0.305
Trial 169 finished with value: 0.3052232600603586 and parameters: {'window_influence': 0.5010803029949323, 'penalty_k': 0.4309058941197867, 'scale_lr': 0.7993974825950088}. Best is trial 56 with value: 0.34509869424285594.
checkpoint_e31 window_influence: 0.44088152941088071, penalty_k: 0.39805657902997460, scale_lr: 0.71896660003701407, EAO: 0.320
Trial 170 finished with value: 0.32023590478451797 and parameters: {'window_influence': 0.4408815294108807, 'penalty_k': 0.3980565790299746, 'scale_lr': 0.7189666000370141}. Best is trial 56 with value: 0.34509869424285594.
checkpoint_e31 window_influence: 0.43157800717351891, penalty_k: 0.48826866275305214, scale_lr: 0.79812786865557805, EAO: 0.321
Trial 171 finished with value: 0.32102232359726607 and parameters: {'window_influence': 0.4315780071735189, 'penalty_k': 0.48826866275305214, 'scale_lr': 0.798127868655578}. Best is trial 56 with value: 0.34509869424285594.
checkpoint_e31 window_influence: 0.45094939633067155, penalty_k: 0.47360571309100091, scale_lr: 0.75950269942751636, EAO: 0.303
Trial 172 finished with value: 0.30263872305474854 and parameters: {'window_influence': 0.45094939633067155, 'penalty_k': 0.4736057130910009, 'scale_lr': 0.7595026994275164}. Best is trial 56 with value: 0.34509869424285594.
checkpoint_e31 window_influence: 0.42415310109464738, penalty_k: 0.51316915674182306, scale_lr: 0.77563216821749115, EAO: 0.307
Trial 173 finished with value: 0.3072117356010912 and parameters: {'window_influence': 0.4241531010946474, 'penalty_k': 0.5131691567418231, 'scale_lr': 0.7756321682174911}. Best is trial 56 with value: 0.34509869424285594.
checkpoint_e31 window_influence: 0.40434726559644207, penalty_k: 0.49443900711856809, scale_lr: 0.59220108637964519, EAO: 0.316
Trial 174 finished with value: 0.3160207974307732 and parameters: {'window_influence': 0.4043472655964421, 'penalty_k': 0.4944390071185681, 'scale_lr': 0.5922010863796452}. Best is trial 56 with value: 0.34509869424285594.
checkpoint_e31 window_influence: 0.46227122223090489, penalty_k: 0.44785291041771197, scale_lr: 0.75113768194330410, EAO: 0.338
Trial 175 finished with value: 0.3383290514871768 and parameters: {'window_influence': 0.4622712222309049, 'penalty_k': 0.44785291041771197, 'scale_lr': 0.7511376819433041}. Best is trial 56 with value: 0.34509869424285594.
checkpoint_e31 window_influence: 0.48289547041494552, penalty_k: 0.45403709566062739, scale_lr: 0.75047900136650836, EAO: 0.307
Trial 176 finished with value: 0.306609373032351 and parameters: {'window_influence': 0.4828954704149455, 'penalty_k': 0.4540370956606274, 'scale_lr': 0.7504790013665084}. Best is trial 56 with value: 0.34509869424285594.
checkpoint_e31 window_influence: 0.46176562526918086, penalty_k: 0.44145950321536559, scale_lr: 0.73323518785228914, EAO: 0.317
Trial 177 finished with value: 0.31672048470157593 and parameters: {'window_influence': 0.46176562526918086, 'penalty_k': 0.4414595032153656, 'scale_lr': 0.7332351878522891}. Best is trial 56 with value: 0.34509869424285594.
checkpoint_e31 window_influence: 0.47095754738587836, penalty_k: 0.42082635063251006, scale_lr: 0.76260340407219307, EAO: 0.336
Trial 178 finished with value: 0.33561042635357335 and parameters: {'window_influence': 0.47095754738587836, 'penalty_k': 0.42082635063251006, 'scale_lr': 0.7626034040721931}. Best is trial 56 with value: 0.34509869424285594.
checkpoint_e31 window_influence: 0.47521050286246785, penalty_k: 0.42309884324168684, scale_lr: 0.75972752227263107, EAO: 0.304
Trial 179 finished with value: 0.30384652919574473 and parameters: {'window_influence': 0.47521050286246785, 'penalty_k': 0.42309884324168684, 'scale_lr': 0.7597275222726311}. Best is trial 56 with value: 0.34509869424285594.
checkpoint_e31 window_influence: 0.50858085339241688, penalty_k: 0.42068652010405466, scale_lr: 0.63475808205195317, EAO: 0.309
Trial 180 finished with value: 0.309315559233209 and parameters: {'window_influence': 0.5085808533924169, 'penalty_k': 0.42068652010405466, 'scale_lr': 0.6347580820519532}. Best is trial 56 with value: 0.34509869424285594.
checkpoint_e31 window_influence: 0.45927755122266867, penalty_k: 0.43684136105385768, scale_lr: 0.77124744924889443, EAO: 0.329
Trial 181 finished with value: 0.3293738864971042 and parameters: {'window_influence': 0.45927755122266867, 'penalty_k': 0.4368413610538577, 'scale_lr': 0.7712474492488944}. Best is trial 56 with value: 0.34509869424285594.
checkpoint_e31 window_influence: 0.48591725961170801, penalty_k: 0.38414025867540597, scale_lr: 0.74977104182860810, EAO: 0.312
Trial 182 finished with value: 0.3122067083296609 and parameters: {'window_influence': 0.485917259611708, 'penalty_k': 0.38414025867540597, 'scale_lr': 0.7497710418286081}. Best is trial 56 with value: 0.34509869424285594.
checkpoint_e31 window_influence: 0.44404469953801839, penalty_k: 0.45906862082750499, scale_lr: 0.78728708748309773, EAO: 0.313
Trial 183 finished with value: 0.31300221986575816 and parameters: {'window_influence': 0.4440446995380184, 'penalty_k': 0.459068620827505, 'scale_lr': 0.7872870874830977}. Best is trial 56 with value: 0.34509869424285594.
checkpoint_e31 window_influence: 0.46818165790395749, penalty_k: 0.44867423852305793, scale_lr: 0.73499987077222950, EAO: 0.331
Trial 184 finished with value: 0.3309646164164933 and parameters: {'window_influence': 0.4681816579039575, 'penalty_k': 0.44867423852305793, 'scale_lr': 0.7349998707722295}. Best is trial 56 with value: 0.34509869424285594.
checkpoint_e31 window_influence: 0.49163395417769107, penalty_k: 0.41155442348482807, scale_lr: 0.76493832408840468, EAO: 0.318
Trial 185 finished with value: 0.31838087412865707 and parameters: {'window_influence': 0.49163395417769107, 'penalty_k': 0.41155442348482807, 'scale_lr': 0.7649383240884047}. Best is trial 56 with value: 0.34509869424285594.
checkpoint_e31 window_influence: 0.45275293607942763, penalty_k: 0.46970033923276727, scale_lr: 0.61576379739584719, EAO: 0.318
Trial 186 finished with value: 0.3183463920878993 and parameters: {'window_influence': 0.4527529360794276, 'penalty_k': 0.46970033923276727, 'scale_lr': 0.6157637973958472}. Best is trial 56 with value: 0.34509869424285594.
checkpoint_e31 window_influence: 0.47702653506565174, penalty_k: 0.40612282564385788, scale_lr: 0.65377851055661751, EAO: 0.337
Trial 187 finished with value: 0.33665334888469384 and parameters: {'window_influence': 0.47702653506565174, 'penalty_k': 0.4061228256438579, 'scale_lr': 0.6537785105566175}. Best is trial 56 with value: 0.34509869424285594.
checkpoint_e31 window_influence: 0.47915238836093232, penalty_k: 0.39662908255874202, scale_lr: 0.70089207465483838, EAO: 0.329
Trial 188 finished with value: 0.3288981581708337 and parameters: {'window_influence': 0.4791523883609323, 'penalty_k': 0.396629082558742, 'scale_lr': 0.7008920746548384}. Best is trial 56 with value: 0.34509869424285594.
checkpoint_e31 window_influence: 0.49658071840652152, penalty_k: 0.35627797143245998, scale_lr: 0.65064996431195599, EAO: 0.294
Trial 189 finished with value: 0.2943477987779254 and parameters: {'window_influence': 0.4965807184065215, 'penalty_k': 0.35627797143246, 'scale_lr': 0.650649964311956}. Best is trial 56 with value: 0.34509869424285594.
checkpoint_e31 window_influence: 0.46925303949648767, penalty_k: 0.41579476947817889, scale_lr: 0.67552362109633357, EAO: 0.302
Trial 190 finished with value: 0.30190721374541407 and parameters: {'window_influence': 0.46925303949648767, 'penalty_k': 0.4157947694781789, 'scale_lr': 0.6755236210963336}. Best is trial 56 with value: 0.34509869424285594.
checkpoint_e31 window_influence: 0.43932087806178416, penalty_k: 0.43494953830784333, scale_lr: 0.72038851382675939, EAO: 0.310
Trial 191 finished with value: 0.3104079293253821 and parameters: {'window_influence': 0.43932087806178416, 'penalty_k': 0.43494953830784333, 'scale_lr': 0.7203885138267594}. Best is trial 56 with value: 0.34509869424285594.
checkpoint_e31 window_influence: 0.29524621061818551, penalty_k: 0.40352387355378411, scale_lr: 0.77913687455995861, EAO: 0.301
Trial 192 finished with value: 0.30078190686869716 and parameters: {'window_influence': 0.2952462106181855, 'penalty_k': 0.4035238735537841, 'scale_lr': 0.7791368745599586}. Best is trial 56 with value: 0.34509869424285594.
checkpoint_e31 window_influence: 0.46024420542078853, penalty_k: 0.34432143153072942, scale_lr: 0.74507867524388782, EAO: 0.337
Trial 193 finished with value: 0.3368648466896918 and parameters: {'window_influence': 0.46024420542078853, 'penalty_k': 0.3443214315307294, 'scale_lr': 0.7450786752438878}. Best is trial 56 with value: 0.34509869424285594.
checkpoint_e31 window_influence: 0.46175499540298953, penalty_k: 0.32247346058076093, scale_lr: 0.74286913875941818, EAO: 0.318
Trial 194 finished with value: 0.3180067555449816 and parameters: {'window_influence': 0.46175499540298953, 'penalty_k': 0.32247346058076093, 'scale_lr': 0.7428691387594182}. Best is trial 56 with value: 0.34509869424285594.
checkpoint_e31 window_influence: 0.48264406490634343, penalty_k: 0.34379336717212111, scale_lr: 0.56651526170007083, EAO: 0.341
Trial 195 finished with value: 0.3409375231785533 and parameters: {'window_influence': 0.48264406490634343, 'penalty_k': 0.3437933671721211, 'scale_lr': 0.5665152617000708}. Best is trial 56 with value: 0.34509869424285594.
checkpoint_e31 window_influence: 0.48713815198197979, penalty_k: 0.35346538696337049, scale_lr: 0.56790871888737815, EAO: 0.327
Trial 196 finished with value: 0.3271580636501312 and parameters: {'window_influence': 0.4871381519819798, 'penalty_k': 0.3534653869633705, 'scale_lr': 0.5679087188873781}. Best is trial 56 with value: 0.34509869424285594.
checkpoint_e31 window_influence: 0.50728748865903817, penalty_k: 0.30941780402251023, scale_lr: 0.69074620212959403, EAO: 0.291
Trial 197 finished with value: 0.2908940711837798 and parameters: {'window_influence': 0.5072874886590382, 'penalty_k': 0.30941780402251023, 'scale_lr': 0.690746202129594}. Best is trial 56 with value: 0.34509869424285594.
Trial 198 failed with parameters: {'window_influence': 0.3758637956914895, 'penalty_k': 0.3401589093928655, 'scale_lr': 0.6219192535401386} because of the following error: KeyboardInterrupt().
Traceback (most recent call last):
  File "/home/n26092289/anaconda3/envs/my_siamban/lib/python3.7/site-packages/optuna/study/_optimize.py", line 200, in _run_trial
    value_or_values = func(trial)
  File "../../tools/tune.py", line 269, in objective
    outputs = tracker.track(img)
  File "../../tools/tune.py", line 125, in track
    outputs = self.model.track(x_crop)
  File "/home/n26092289/multi_task/siamban-master/siamban/models/model_builder.py", line 177, in track
    xf = self.backbone(x)
  File "/home/n26092289/anaconda3/envs/my_siamban/lib/python3.7/site-packages/torch/nn/modules/module.py", line 1110, in _call_impl
    return forward_call(*input, **kwargs)
  File "/home/n26092289/multi_task/siamban-master/siamban/models/backbone/resnet_atrous.py", line 186, in forward
    x = self.conv1(x)
  File "/home/n26092289/anaconda3/envs/my_siamban/lib/python3.7/site-packages/torch/nn/modules/module.py", line 1110, in _call_impl
    return forward_call(*input, **kwargs)
  File "/home/n26092289/anaconda3/envs/my_siamban/lib/python3.7/site-packages/torch/nn/modules/conv.py", line 447, in forward
    return self._conv_forward(input, self.weight, self.bias)
  File "/home/n26092289/anaconda3/envs/my_siamban/lib/python3.7/site-packages/torch/nn/modules/conv.py", line 444, in _conv_forward
    self.padding, self.dilation, self.groups)
KeyboardInterrupt
Trial 198 failed with value None.
A new study created in memory with name: no-name-adb0e4e2-979f-416a-8224-e06ddf083bcb
checkpoint_e31 window_influence: 0.23164547643158573, penalty_k: 0.01584436895389731, scale_lr: 0.22647125081224867, EAO: 0.300
Trial 0 finished with value: 0.2996770869433184 and parameters: {'window_influence': 0.23164547643158573, 'penalty_k': 0.015844368953897313, 'scale_lr': 0.22647125081224867}. Best is trial 0 with value: 0.2996770869433184.
checkpoint_e31 window_influence: 0.42488513593641547, penalty_k: 0.42989013359109440, scale_lr: 0.48488048897167058, EAO: 0.316
Trial 1 finished with value: 0.3157412820289107 and parameters: {'window_influence': 0.42488513593641547, 'penalty_k': 0.4298901335910944, 'scale_lr': 0.4848804889716706}. Best is trial 1 with value: 0.3157412820289107.
checkpoint_e31 window_influence: 0.47844547362024137, penalty_k: 0.22168567635448322, scale_lr: 0.34455598172744062, EAO: 0.327
Trial 2 finished with value: 0.3271411835915384 and parameters: {'window_influence': 0.47844547362024137, 'penalty_k': 0.22168567635448322, 'scale_lr': 0.3445559817274406}. Best is trial 2 with value: 0.3271411835915384.
checkpoint_e31 window_influence: 0.41018558372256553, penalty_k: 0.49915233433469974, scale_lr: 0.44266660439138661, EAO: 0.311
Trial 3 finished with value: 0.31085323133589227 and parameters: {'window_influence': 0.4101855837225655, 'penalty_k': 0.49915233433469974, 'scale_lr': 0.4426666043913866}. Best is trial 2 with value: 0.3271411835915384.
checkpoint_e31 window_influence: 0.38106062380819378, penalty_k: 0.11116889406111115, scale_lr: 0.50460446576532858, EAO: 0.331
Trial 4 finished with value: 0.3306027331356872 and parameters: {'window_influence': 0.3810606238081938, 'penalty_k': 0.11116889406111115, 'scale_lr': 0.5046044657653286}. Best is trial 4 with value: 0.3306027331356872.
checkpoint_e31 window_influence: 0.05534663478944599, penalty_k: 0.50924403197239854, scale_lr: 0.49582287478168030, EAO: 0.232
Trial 5 finished with value: 0.23219936871575012 and parameters: {'window_influence': 0.05534663478944599, 'penalty_k': 0.5092440319723985, 'scale_lr': 0.4958228747816803}. Best is trial 4 with value: 0.3306027331356872.
checkpoint_e31 window_influence: 0.57426663922050047, penalty_k: 0.01891228522110200, scale_lr: 0.70973119821131492, EAO: 0.274
Trial 6 finished with value: 0.2737722874615443 and parameters: {'window_influence': 0.5742666392205005, 'penalty_k': 0.018912285221102, 'scale_lr': 0.7097311982113149}. Best is trial 4 with value: 0.3306027331356872.
checkpoint_e31 window_influence: 0.62812412599817380, penalty_k: 0.36606989830485942, scale_lr: 0.16825939433921883, EAO: 0.237
Trial 7 finished with value: 0.23651559192846722 and parameters: {'window_influence': 0.6281241259981738, 'penalty_k': 0.3660698983048594, 'scale_lr': 0.16825939433921883}. Best is trial 4 with value: 0.3306027331356872.
checkpoint_e31 window_influence: 0.46001279047020260, penalty_k: 0.59925063603526363, scale_lr: 0.14164339804998194, EAO: 0.288
Trial 8 finished with value: 0.2884890789651685 and parameters: {'window_influence': 0.4600127904702026, 'penalty_k': 0.5992506360352636, 'scale_lr': 0.14164339804998194}. Best is trial 4 with value: 0.3306027331356872.
checkpoint_e31 window_influence: 0.50727984220754019, penalty_k: 0.13659532283638487, scale_lr: 0.56429207855291763, EAO: 0.323
Trial 9 finished with value: 0.32287341941887304 and parameters: {'window_influence': 0.5072798422075402, 'penalty_k': 0.13659532283638487, 'scale_lr': 0.5642920785529176}. Best is trial 4 with value: 0.3306027331356872.
checkpoint_e31 window_influence: 0.32489190870877543, penalty_k: 0.23281067592346927, scale_lr: 0.78518586448603078, EAO: 0.313
Trial 10 finished with value: 0.31258751214246344 and parameters: {'window_influence': 0.32489190870877543, 'penalty_k': 0.23281067592346927, 'scale_lr': 0.7851858644860308}. Best is trial 4 with value: 0.3306027331356872.
checkpoint_e31 window_influence: 0.52706883842270302, penalty_k: 0.24920494030413656, scale_lr: 0.32809375199461804, EAO: 0.304
Trial 11 finished with value: 0.3035349772250142 and parameters: {'window_influence': 0.527068838422703, 'penalty_k': 0.24920494030413656, 'scale_lr': 0.32809375199461804}. Best is trial 4 with value: 0.3306027331356872.
checkpoint_e31 window_influence: 0.33610532703553153, penalty_k: 0.14276747926735056, scale_lr: 0.34219318908472990, EAO: 0.327
Trial 12 finished with value: 0.32654651779145116 and parameters: {'window_influence': 0.33610532703553153, 'penalty_k': 0.14276747926735056, 'scale_lr': 0.3421931890847299}. Best is trial 4 with value: 0.3306027331356872.
checkpoint_e31 window_influence: 0.63480202627640903, penalty_k: 0.30719645976251209, scale_lr: 0.60843945214483863, EAO: 0.235
