A new study created in memory with name: no-name-f4fbd9bf-45bb-421d-a7e4-c5ff4719462e
checkpoint_e22 window_influence: 0.36789479915154588, penalty_k: 0.49026752616592051, scale_lr: 0.46651048697383057, EAO: 0.306
Trial 0 finished with value: 0.30626186386388565 and parameters: {'window_influence': 0.3678947991515459, 'penalty_k': 0.4902675261659205, 'scale_lr': 0.4665104869738306}. Best is trial 0 with value: 0.30626186386388565.
checkpoint_e22 window_influence: 0.45283576011105170, penalty_k: 0.33265912797771313, scale_lr: 0.18995054050654703, EAO: 0.309
Trial 1 finished with value: 0.30930116366783467 and parameters: {'window_influence': 0.4528357601110517, 'penalty_k': 0.33265912797771313, 'scale_lr': 0.18995054050654703}. Best is trial 1 with value: 0.30930116366783467.
checkpoint_e22 window_influence: 0.38839299649444625, penalty_k: 0.57559929532548115, scale_lr: 0.79994358970878543, EAO: 0.297
Trial 2 finished with value: 0.29666928303380885 and parameters: {'window_influence': 0.38839299649444625, 'penalty_k': 0.5755992953254812, 'scale_lr': 0.7999435897087854}. Best is trial 1 with value: 0.30930116366783467.
checkpoint_e22 window_influence: 0.15974249691739523, penalty_k: 0.39658186164500875, scale_lr: 0.62530642064729103, EAO: 0.256
Trial 3 finished with value: 0.25550548436576753 and parameters: {'window_influence': 0.15974249691739523, 'penalty_k': 0.39658186164500875, 'scale_lr': 0.625306420647291}. Best is trial 1 with value: 0.30930116366783467.
checkpoint_e22 window_influence: 0.38433335545714892, penalty_k: 0.18365915096096300, scale_lr: 0.50641549655983886, EAO: 0.301
Trial 4 finished with value: 0.3010168823518642 and parameters: {'window_influence': 0.3843333554571489, 'penalty_k': 0.183659150960963, 'scale_lr': 0.5064154965598389}. Best is trial 1 with value: 0.30930116366783467.
checkpoint_e22 window_influence: 0.44324720368578774, penalty_k: 0.44952916191065173, scale_lr: 0.30712359107164366, EAO: 0.305
Trial 5 finished with value: 0.3049271270806687 and parameters: {'window_influence': 0.44324720368578774, 'penalty_k': 0.44952916191065173, 'scale_lr': 0.30712359107164366}. Best is trial 1 with value: 0.30930116366783467.
checkpoint_e22 window_influence: 0.55804424065504865, penalty_k: 0.29743710648535399, scale_lr: 0.73378280804056040, EAO: 0.250
Trial 6 finished with value: 0.2503110098467727 and parameters: {'window_influence': 0.5580442406550487, 'penalty_k': 0.297437106485354, 'scale_lr': 0.7337828080405604}. Best is trial 1 with value: 0.30930116366783467.
checkpoint_e22 window_influence: 0.08146479858288605, penalty_k: 0.51449423128443639, scale_lr: 0.61437988032959034, EAO: 0.210
Trial 7 finished with value: 0.20987277962122447 and parameters: {'window_influence': 0.08146479858288605, 'penalty_k': 0.5144942312844364, 'scale_lr': 0.6143798803295903}. Best is trial 1 with value: 0.30930116366783467.
checkpoint_e22 window_influence: 0.60413428794887758, penalty_k: 0.55853257029002734, scale_lr: 0.21648712782575530, EAO: 0.227
Trial 8 finished with value: 0.22689586193645048 and parameters: {'window_influence': 0.6041342879488776, 'penalty_k': 0.5585325702900273, 'scale_lr': 0.2164871278257553}. Best is trial 1 with value: 0.30930116366783467.
checkpoint_e22 window_influence: 0.14382401535540029, penalty_k: 0.32271923799884011, scale_lr: 0.63146678981832560, EAO: 0.250
Trial 9 finished with value: 0.25018741851418863 and parameters: {'window_influence': 0.1438240153554003, 'penalty_k': 0.3227192379988401, 'scale_lr': 0.6314667898183256}. Best is trial 1 with value: 0.30930116366783467.
checkpoint_e22 window_influence: 0.25942594000916058, penalty_k: 0.02439805739483036, scale_lr: 0.12020183819910668, EAO: 0.279
Trial 10 finished with value: 0.27869288200070425 and parameters: {'window_influence': 0.2594259400091606, 'penalty_k': 0.024398057394830364, 'scale_lr': 0.12020183819910668}. Best is trial 1 with value: 0.30930116366783467.
checkpoint_e22 window_influence: 0.48680146494089621, penalty_k: 0.43439204754580635, scale_lr: 0.38711255500239050, EAO: 0.302
Trial 11 finished with value: 0.3023902201003138 and parameters: {'window_influence': 0.4868014649408962, 'penalty_k': 0.43439204754580635, 'scale_lr': 0.3871125550023905}. Best is trial 1 with value: 0.30930116366783467.
checkpoint_e22 window_influence: 0.31094810587014149, penalty_k: 0.33716828579567254, scale_lr: 0.37811654444480924, EAO: 0.293
Trial 12 finished with value: 0.2926964148125296 and parameters: {'window_influence': 0.3109481058701415, 'penalty_k': 0.33716828579567254, 'scale_lr': 0.37811654444480924}. Best is trial 1 with value: 0.30930116366783467.
checkpoint_e22 window_influence: 0.50641418234589997, penalty_k: 0.49466011798556991, scale_lr: 0.10396986045949741, EAO: 0.278
Trial 13 finished with value: 0.277770188879874 and parameters: {'window_influence': 0.5064141823459, 'penalty_k': 0.4946601179855699, 'scale_lr': 0.10396986045949741}. Best is trial 1 with value: 0.30930116366783467.
checkpoint_e22 window_influence: 0.64651394711084331, penalty_k: 0.59220137867478684, scale_lr: 0.48014957892433563, EAO: 0.223
Trial 14 finished with value: 0.22283177176338226 and parameters: {'window_influence': 0.6465139471108433, 'penalty_k': 0.5922013786747868, 'scale_lr': 0.48014957892433563}. Best is trial 1 with value: 0.30930116366783467.
checkpoint_e22 window_influence: 0.43340586400657205, penalty_k: 0.23332393692685108, scale_lr: 0.27460915293653887, EAO: 0.310
Trial 15 finished with value: 0.30969277627273295 and parameters: {'window_influence': 0.43340586400657205, 'penalty_k': 0.23332393692685108, 'scale_lr': 0.27460915293653887}. Best is trial 15 with value: 0.30969277627273295.
checkpoint_e22 window_influence: 0.46107364112208371, penalty_k: 0.22051264191772807, scale_lr: 0.23772488622304849, EAO: 0.314
Trial 16 finished with value: 0.3139152903733087 and parameters: {'window_influence': 0.4610736411220837, 'penalty_k': 0.22051264191772807, 'scale_lr': 0.2377248862230485}. Best is trial 16 with value: 0.3139152903733087.
checkpoint_e22 window_influence: 0.53856943769750787, penalty_k: 0.21244713737685986, scale_lr: 0.25678216345547711, EAO: 0.287
Trial 17 finished with value: 0.2873806791662706 and parameters: {'window_influence': 0.5385694376975079, 'penalty_k': 0.21244713737685986, 'scale_lr': 0.2567821634554771}. Best is trial 16 with value: 0.3139152903733087.
checkpoint_e22 window_influence: 0.43565629048174653, penalty_k: 0.21522007040055730, scale_lr: 0.30520137601592856, EAO: 0.317
Trial 18 finished with value: 0.31744243169804953 and parameters: {'window_influence': 0.43565629048174653, 'penalty_k': 0.2152200704005573, 'scale_lr': 0.30520137601592856}. Best is trial 18 with value: 0.31744243169804953.
checkpoint_e22 window_influence: 0.29524702329200869, penalty_k: 0.09032312955554472, scale_lr: 0.35623892432097132, EAO: 0.298
Trial 19 finished with value: 0.29765259761522717 and parameters: {'window_influence': 0.2952470232920087, 'penalty_k': 0.09032312955554472, 'scale_lr': 0.3562389243209713}. Best is trial 18 with value: 0.31744243169804953.
checkpoint_e22 window_influence: 0.55961077750165977, penalty_k: 0.13495184041301203, scale_lr: 0.18097822854064305, EAO: 0.309
Trial 20 finished with value: 0.30850752451772356 and parameters: {'window_influence': 0.5596107775016598, 'penalty_k': 0.13495184041301203, 'scale_lr': 0.18097822854064305}. Best is trial 18 with value: 0.31744243169804953.
checkpoint_e22 window_influence: 0.42545761672055477, penalty_k: 0.23634710168596162, scale_lr: 0.27023847164271553, EAO: 0.292
Trial 21 finished with value: 0.29164436737850946 and parameters: {'window_influence': 0.42545761672055477, 'penalty_k': 0.23634710168596162, 'scale_lr': 0.2702384716427155}. Best is trial 18 with value: 0.31744243169804953.
checkpoint_e22 window_influence: 0.48034285301278851, penalty_k: 0.24374793178804222, scale_lr: 0.31936438300763098, EAO: 0.319
Trial 22 finished with value: 0.31896230520441377 and parameters: {'window_influence': 0.4803428530127885, 'penalty_k': 0.24374793178804222, 'scale_lr': 0.319364383007631}. Best is trial 22 with value: 0.31896230520441377.
checkpoint_e22 window_influence: 0.49428711365537370, penalty_k: 0.27910395975510682, scale_lr: 0.32745832913775652, EAO: 0.328
Trial 23 finished with value: 0.3277464591343579 and parameters: {'window_influence': 0.4942871136553737, 'penalty_k': 0.2791039597551068, 'scale_lr': 0.3274583291377565}. Best is trial 23 with value: 0.3277464591343579.
checkpoint_e22 window_influence: 0.50395830175329059, penalty_k: 0.27552894618375712, scale_lr: 0.33256737498567857, EAO: 0.298
Trial 24 finished with value: 0.29777166682226647 and parameters: {'window_influence': 0.5039583017532906, 'penalty_k': 0.2755289461837571, 'scale_lr': 0.33256737498567857}. Best is trial 23 with value: 0.3277464591343579.
checkpoint_e22 window_influence: 0.49570114372067298, penalty_k: 0.16105589098152773, scale_lr: 0.40106723823640161, EAO: 0.316
Trial 25 finished with value: 0.316004098331418 and parameters: {'window_influence': 0.495701143720673, 'penalty_k': 0.16105589098152773, 'scale_lr': 0.4010672382364016}. Best is trial 23 with value: 0.3277464591343579.
checkpoint_e22 window_influence: 0.57246818989752779, penalty_k: 0.27569897251854197, scale_lr: 0.31890340124535588, EAO: 0.275
Trial 26 finished with value: 0.27450552078304585 and parameters: {'window_influence': 0.5724681898975278, 'penalty_k': 0.275698972518542, 'scale_lr': 0.3189034012453559}. Best is trial 23 with value: 0.3277464591343579.
checkpoint_e22 window_influence: 0.41021482654028552, penalty_k: 0.38475906061835963, scale_lr: 0.39857573132699481, EAO: 0.316
Trial 27 finished with value: 0.3155531943540165 and parameters: {'window_influence': 0.4102148265402855, 'penalty_k': 0.3847590606183596, 'scale_lr': 0.3985757313269948}. Best is trial 23 with value: 0.3277464591343579.
checkpoint_e22 window_influence: 0.35290626081708298, penalty_k: 0.25958649889142310, scale_lr: 0.30737683747518524, EAO: 0.312
Trial 28 finished with value: 0.31162700178790187 and parameters: {'window_influence': 0.352906260817083, 'penalty_k': 0.2595864988914231, 'scale_lr': 0.30737683747518524}. Best is trial 23 with value: 0.3277464591343579.
checkpoint_e22 window_influence: 0.52379211858893993, penalty_k: 0.18221814904153349, scale_lr: 0.45085874831652623, EAO: 0.297
Trial 29 finished with value: 0.296898509683776 and parameters: {'window_influence': 0.5237921185889399, 'penalty_k': 0.1822181490415335, 'scale_lr': 0.4508587483165262}. Best is trial 23 with value: 0.3277464591343579.
checkpoint_e22 window_influence: 0.48430239331247249, penalty_k: 0.11594909609959603, scale_lr: 0.34805117614149444, EAO: 0.318
Trial 30 finished with value: 0.31846423516709516 and parameters: {'window_influence': 0.4843023933124725, 'penalty_k': 0.11594909609959603, 'scale_lr': 0.34805117614149444}. Best is trial 23 with value: 0.3277464591343579.
checkpoint_e22 window_influence: 0.48254965609871314, penalty_k: 0.09475560510805427, scale_lr: 0.33749830015303039, EAO: 0.327
Trial 31 finished with value: 0.3268426688612667 and parameters: {'window_influence': 0.48254965609871314, 'penalty_k': 0.09475560510805427, 'scale_lr': 0.3374983001530304}. Best is trial 23 with value: 0.3277464591343579.
checkpoint_e22 window_influence: 0.46727435827065311, penalty_k: 0.10568284509997822, scale_lr: 0.35330612511056031, EAO: 0.332
Trial 32 finished with value: 0.3319418090558701 and parameters: {'window_influence': 0.4672743582706531, 'penalty_k': 0.10568284509997822, 'scale_lr': 0.3533061251105603}. Best is trial 32 with value: 0.3319418090558701.
checkpoint_e22 window_influence: 0.46739734332131694, penalty_k: 0.07084434702154133, scale_lr: 0.41005688686448083, EAO: 0.328
Trial 33 finished with value: 0.32834470051735754 and parameters: {'window_influence': 0.46739734332131694, 'penalty_k': 0.07084434702154133, 'scale_lr': 0.41005688686448083}. Best is trial 32 with value: 0.3319418090558701.
checkpoint_e22 window_influence: 0.38988328249640331, penalty_k: 0.04353395430969040, scale_lr: 0.43955289214914439, EAO: 0.307
Trial 34 finished with value: 0.3074342065168262 and parameters: {'window_influence': 0.3898832824964033, 'penalty_k': 0.0435339543096904, 'scale_lr': 0.4395528921491444}. Best is trial 32 with value: 0.3319418090558701.
checkpoint_e22 window_influence: 0.45525736102316966, penalty_k: 0.06606120845052642, scale_lr: 0.42740588044777772, EAO: 0.329
Trial 35 finished with value: 0.32879301482369466 and parameters: {'window_influence': 0.45525736102316966, 'penalty_k': 0.06606120845052642, 'scale_lr': 0.4274058804477777}. Best is trial 32 with value: 0.3319418090558701.
checkpoint_e22 window_influence: 0.40399089025590929, penalty_k: 0.06290119698084118, scale_lr: 0.43583999928207345, EAO: 0.295
Trial 36 finished with value: 0.29544373140724717 and parameters: {'window_influence': 0.4039908902559093, 'penalty_k': 0.06290119698084118, 'scale_lr': 0.43583999928207345}. Best is trial 32 with value: 0.3319418090558701.
checkpoint_e22 window_influence: 0.45812855925317852, penalty_k: 0.01190963070481596, scale_lr: 0.51269351693057641, EAO: 0.312
Trial 37 finished with value: 0.3116149317893537 and parameters: {'window_influence': 0.4581285592531785, 'penalty_k': 0.01190963070481596, 'scale_lr': 0.5126935169305764}. Best is trial 32 with value: 0.3319418090558701.
checkpoint_e22 window_influence: 0.36696219249173179, penalty_k: 0.06013053579552652, scale_lr: 0.41730921122023040, EAO: 0.307
Trial 38 finished with value: 0.30727440321723776 and parameters: {'window_influence': 0.3669621924917318, 'penalty_k': 0.06013053579552652, 'scale_lr': 0.4173092112202304}. Best is trial 32 with value: 0.3319418090558701.
checkpoint_e22 window_influence: 0.51985061508843766, penalty_k: 0.13775835225837110, scale_lr: 0.47820829167891987, EAO: 0.307
Trial 39 finished with value: 0.306739946631606 and parameters: {'window_influence': 0.5198506150884377, 'penalty_k': 0.1377583522583711, 'scale_lr': 0.4782082916789199}. Best is trial 32 with value: 0.3319418090558701.
checkpoint_e22 window_influence: 0.44975143550263358, penalty_k: 0.00236406426040001, scale_lr: 0.36913929418264746, EAO: 0.324
Trial 40 finished with value: 0.32408898013575066 and parameters: {'window_influence': 0.4497514355026336, 'penalty_k': 0.002364064260400006, 'scale_lr': 0.36913929418264746}. Best is trial 32 with value: 0.3319418090558701.
checkpoint_e22 window_influence: 0.46947038250416273, penalty_k: 0.10078211553440392, scale_lr: 0.35837098459372718, EAO: 0.332
Trial 41 finished with value: 0.3324701977958939 and parameters: {'window_influence': 0.46947038250416273, 'penalty_k': 0.10078211553440392, 'scale_lr': 0.3583709845937272}. Best is trial 41 with value: 0.3324701977958939.
checkpoint_e22 window_influence: 0.54165699879605611, penalty_k: 0.08239410059351090, scale_lr: 0.41981858978315634, EAO: 0.287
Trial 42 finished with value: 0.2870653326757223 and parameters: {'window_influence': 0.5416569987960561, 'penalty_k': 0.0823941005935109, 'scale_lr': 0.41981858978315634}. Best is trial 41 with value: 0.3324701977958939.
checkpoint_e22 window_influence: 0.40805869875128659, penalty_k: 0.04058282708211282, scale_lr: 0.36720915707780533, EAO: 0.318
Trial 43 finished with value: 0.3180200262756199 and parameters: {'window_influence': 0.4080586987512866, 'penalty_k': 0.04058282708211282, 'scale_lr': 0.3672091570778053}. Best is trial 41 with value: 0.3324701977958939.
checkpoint_e22 window_influence: 0.46771847800257194, penalty_k: 0.11336402440265808, scale_lr: 0.39786152125631602, EAO: 0.348
Trial 44 finished with value: 0.34774714580769667 and parameters: {'window_influence': 0.46771847800257194, 'penalty_k': 0.11336402440265808, 'scale_lr': 0.397861521256316}. Best is trial 44 with value: 0.34774714580769667.
checkpoint_e22 window_influence: 0.46246853862833143, penalty_k: 0.11664090299126098, scale_lr: 0.52155664574456062, EAO: 0.324
Trial 45 finished with value: 0.32417110466771554 and parameters: {'window_influence': 0.4624685386283314, 'penalty_k': 0.11664090299126098, 'scale_lr': 0.5215566457445606}. Best is trial 44 with value: 0.34774714580769667.
checkpoint_e22 window_influence: 0.37939316050117478, penalty_k: 0.07023556940425188, scale_lr: 0.39736992267321886, EAO: 0.296
Trial 46 finished with value: 0.2958069914509814 and parameters: {'window_influence': 0.3793931605011748, 'penalty_k': 0.07023556940425188, 'scale_lr': 0.39736992267321886}. Best is trial 44 with value: 0.34774714580769667.
checkpoint_e22 window_influence: 0.42768749524303873, penalty_k: 0.04305916149622133, scale_lr: 0.46290601125641201, EAO: 0.302
Trial 47 finished with value: 0.30150612487171413 and parameters: {'window_influence': 0.42768749524303873, 'penalty_k': 0.04305916149622133, 'scale_lr': 0.462906011256412}. Best is trial 44 with value: 0.34774714580769667.
checkpoint_e22 window_influence: 0.45867848522484778, penalty_k: 0.10180495088518748, scale_lr: 0.36992418368952212, EAO: 0.334
Trial 48 finished with value: 0.3336782223519648 and parameters: {'window_influence': 0.4586784852248478, 'penalty_k': 0.10180495088518748, 'scale_lr': 0.3699241836895221}. Best is trial 44 with value: 0.34774714580769667.
checkpoint_e22 window_influence: 0.43985942825159191, penalty_k: 0.15754194985745595, scale_lr: 0.37232588896775942, EAO: 0.330
Trial 49 finished with value: 0.32997799708221676 and parameters: {'window_influence': 0.4398594282515919, 'penalty_k': 0.15754194985745595, 'scale_lr': 0.3723258889677594}. Best is trial 44 with value: 0.34774714580769667.
checkpoint_e22 window_influence: 0.51923238658163939, penalty_k: 0.16567754159445924, scale_lr: 0.37794634573036606, EAO: 0.298
Trial 50 finished with value: 0.2981305223842539 and parameters: {'window_influence': 0.5192323865816394, 'penalty_k': 0.16567754159445924, 'scale_lr': 0.37794634573036606}. Best is trial 44 with value: 0.34774714580769667.
checkpoint_e22 window_influence: 0.44381216011021707, penalty_k: 0.10773865628552123, scale_lr: 0.29545076426191136, EAO: 0.318
Trial 51 finished with value: 0.31819400730531966 and parameters: {'window_influence': 0.44381216011021707, 'penalty_k': 0.10773865628552123, 'scale_lr': 0.29545076426191136}. Best is trial 44 with value: 0.34774714580769667.
checkpoint_e22 window_influence: 0.41456587637768755, penalty_k: 0.13381194155995435, scale_lr: 0.34532341900171865, EAO: 0.298
Trial 52 finished with value: 0.29805268822708947 and parameters: {'window_influence': 0.41456587637768755, 'penalty_k': 0.13381194155995435, 'scale_lr': 0.34532341900171865}. Best is trial 44 with value: 0.34774714580769667.
checkpoint_e22 window_influence: 0.45371186148272846, penalty_k: 0.09510126420695399, scale_lr: 0.37685526425479610, EAO: 0.319
Trial 53 finished with value: 0.3186934467999388 and parameters: {'window_influence': 0.45371186148272846, 'penalty_k': 0.09510126420695399, 'scale_lr': 0.3768552642547961}. Best is trial 44 with value: 0.34774714580769667.
checkpoint_e22 window_influence: 0.39153200594827653, penalty_k: 0.14995817508455325, scale_lr: 0.28907403841924634, EAO: 0.278
Trial 54 finished with value: 0.2776662222026387 and parameters: {'window_influence': 0.39153200594827653, 'penalty_k': 0.14995817508455325, 'scale_lr': 0.28907403841924634}. Best is trial 44 with value: 0.34774714580769667.
checkpoint_e22 window_influence: 0.47461786037444703, penalty_k: 0.18581417200350547, scale_lr: 0.43512573202410554, EAO: 0.313
Trial 55 finished with value: 0.3131338432141315 and parameters: {'window_influence': 0.47461786037444703, 'penalty_k': 0.18581417200350547, 'scale_lr': 0.43512573202410554}. Best is trial 44 with value: 0.34774714580769667.
checkpoint_e22 window_influence: 0.43888251921743332, penalty_k: 0.11268774068108799, scale_lr: 0.38532619578956595, EAO: 0.335
Trial 56 finished with value: 0.3348047034053951 and parameters: {'window_influence': 0.4388825192174333, 'penalty_k': 0.11268774068108799, 'scale_lr': 0.38532619578956595}. Best is trial 44 with value: 0.34774714580769667.
checkpoint_e22 window_influence: 0.42066158553352995, penalty_k: 0.11782542261537345, scale_lr: 0.33992000739100137, EAO: 0.339
Trial 57 finished with value: 0.3387343784946412 and parameters: {'window_influence': 0.42066158553352995, 'penalty_k': 0.11782542261537345, 'scale_lr': 0.33992000739100137}. Best is trial 44 with value: 0.34774714580769667.
checkpoint_e22 window_influence: 0.33819362046945400, penalty_k: 0.11480339333919853, scale_lr: 0.27711950908388011, EAO: 0.322
Trial 58 finished with value: 0.3223159585133601 and parameters: {'window_influence': 0.338193620469454, 'penalty_k': 0.11480339333919853, 'scale_lr': 0.2771195090838801}. Best is trial 44 with value: 0.34774714580769667.
checkpoint_e22 window_influence: 0.41756759916833591, penalty_k: 0.19191510698191672, scale_lr: 0.34819121537445369, EAO: 0.303
Trial 59 finished with value: 0.30317684758729974 and parameters: {'window_influence': 0.4175675991683359, 'penalty_k': 0.19191510698191672, 'scale_lr': 0.3481912153744537}. Best is trial 44 with value: 0.34774714580769667.
checkpoint_e22 window_influence: 0.49836465097078303, penalty_k: 0.12814608538007388, scale_lr: 0.23584024613195870, EAO: 0.334
Trial 60 finished with value: 0.33434177453879715 and parameters: {'window_influence': 0.49836465097078303, 'penalty_k': 0.12814608538007388, 'scale_lr': 0.2358402461319587}. Best is trial 44 with value: 0.34774714580769667.
checkpoint_e22 window_influence: 0.50556019143756314, penalty_k: 0.12662657020121715, scale_lr: 0.23712642798687966, EAO: 0.336
Trial 61 finished with value: 0.33631433111684333 and parameters: {'window_influence': 0.5055601914375631, 'penalty_k': 0.12662657020121715, 'scale_lr': 0.23712642798687966}. Best is trial 44 with value: 0.34774714580769667.
checkpoint_e22 window_influence: 0.50716002560636064, penalty_k: 0.13605439344207143, scale_lr: 0.23651444257848192, EAO: 0.320
