Trial 1488 finished with value: 0.28744640175238656 and parameters: {'window_influence': 0.23982013877936031, 'penalty_k': 0.3965857519962229, 'scale_lr': 0.4924732516835578}. Best is trial 62 with value: 0.3726749919963718.
checkpoint_e29 window_influence: 0.40959567555475312, penalty_k: 0.22191871457026360, scale_lr: 0.12245731809509876, EAO: 0.331
Trial 1489 finished with value: 0.3307304370727984 and parameters: {'window_influence': 0.4095956755547531, 'penalty_k': 0.2219187145702636, 'scale_lr': 0.12245731809509876}. Best is trial 62 with value: 0.3726749919963718.
checkpoint_e29 window_influence: 0.47882946877208737, penalty_k: 0.43222438602894070, scale_lr: 0.43586589129958325, EAO: 0.322
Trial 1490 finished with value: 0.3219698817117669 and parameters: {'window_influence': 0.4788294687720874, 'penalty_k': 0.4322243860289407, 'scale_lr': 0.43586589129958325}. Best is trial 62 with value: 0.3726749919963718.
checkpoint_e29 window_influence: 0.42702851003006387, penalty_k: 0.48656875506372677, scale_lr: 0.52366997628405176, EAO: 0.325
Trial 1491 finished with value: 0.3245788501858247 and parameters: {'window_influence': 0.42702851003006387, 'penalty_k': 0.48656875506372677, 'scale_lr': 0.5236699762840518}. Best is trial 62 with value: 0.3726749919963718.
checkpoint_e29 window_influence: 0.49226620693768364, penalty_k: 0.46276761598132182, scale_lr: 0.21534036334453027, EAO: 0.313
Trial 1492 finished with value: 0.3129148372532329 and parameters: {'window_influence': 0.49226620693768364, 'penalty_k': 0.4627676159813218, 'scale_lr': 0.21534036334453027}. Best is trial 62 with value: 0.3726749919963718.
checkpoint_e29 window_influence: 0.45716697635975345, penalty_k: 0.30855575413592545, scale_lr: 0.14265725800941631, EAO: 0.334
Trial 1493 finished with value: 0.3339693254649871 and parameters: {'window_influence': 0.45716697635975345, 'penalty_k': 0.30855575413592545, 'scale_lr': 0.1426572580094163}. Best is trial 62 with value: 0.3726749919963718.
checkpoint_e29 window_influence: 0.22673168259220883, penalty_k: 0.31414184159766406, scale_lr: 0.55120725295484940, EAO: 0.281
Trial 1494 finished with value: 0.2814301867545347 and parameters: {'window_influence': 0.22673168259220883, 'penalty_k': 0.31414184159766406, 'scale_lr': 0.5512072529548494}. Best is trial 62 with value: 0.3726749919963718.
checkpoint_e29 window_influence: 0.47082046862563320, penalty_k: 0.40987328309949550, scale_lr: 0.24773503286210569, EAO: 0.333
Trial 1495 finished with value: 0.33337965990318863 and parameters: {'window_influence': 0.4708204686256332, 'penalty_k': 0.4098732830994955, 'scale_lr': 0.2477350328621057}. Best is trial 62 with value: 0.3726749919963718.
checkpoint_e29 window_influence: 0.43628981793633648, penalty_k: 0.39031620014542978, scale_lr: 0.60951149992139830, EAO: 0.326
Trial 1496 finished with value: 0.32615787498218074 and parameters: {'window_influence': 0.4362898179363365, 'penalty_k': 0.3903162001454298, 'scale_lr': 0.6095114999213983}. Best is trial 62 with value: 0.3726749919963718.
checkpoint_e29 window_influence: 0.49080266022580893, penalty_k: 0.08715710101031081, scale_lr: 0.17997853804614866, EAO: 0.328
Trial 1497 finished with value: 0.32772160753433804 and parameters: {'window_influence': 0.49080266022580893, 'penalty_k': 0.08715710101031081, 'scale_lr': 0.17997853804614866}. Best is trial 62 with value: 0.3726749919963718.
checkpoint_e29 window_influence: 0.49604695259309156, penalty_k: 0.44748686664795101, scale_lr: 0.38576677257805803, EAO: 0.302
Trial 1498 finished with value: 0.30249662946634254 and parameters: {'window_influence': 0.49604695259309156, 'penalty_k': 0.447486866647951, 'scale_lr': 0.385766772578058}. Best is trial 62 with value: 0.3726749919963718.
checkpoint_e29 window_influence: 0.22194018265149429, penalty_k: 0.07869935462187248, scale_lr: 0.41778140558851878, EAO: 0.295
Trial 1499 finished with value: 0.2953558902216329 and parameters: {'window_influence': 0.2219401826514943, 'penalty_k': 0.07869935462187248, 'scale_lr': 0.4177814055885188}. Best is trial 62 with value: 0.3726749919963718.
checkpoint_e29 window_influence: 0.33668824790330992, penalty_k: 0.52339556813552113, scale_lr: 0.45502521768415383, EAO: 0.320
Trial 1500 finished with value: 0.31978966585625007 and parameters: {'window_influence': 0.3366882479033099, 'penalty_k': 0.5233955681355211, 'scale_lr': 0.4550252176841538}. Best is trial 62 with value: 0.3726749919963718.
checkpoint_e29 window_influence: 0.48038536532140252, penalty_k: 0.53174681943936319, scale_lr: 0.51593223835956736, EAO: 0.303
Trial 1501 finished with value: 0.3025270569997075 and parameters: {'window_influence': 0.4803853653214025, 'penalty_k': 0.5317468194393632, 'scale_lr': 0.5159322383595674}. Best is trial 62 with value: 0.3726749919963718.
checkpoint_e29 window_influence: 0.21203998881164976, penalty_k: 0.41496662865619688, scale_lr: 0.68703624750796044, EAO: 0.305
Trial 1502 finished with value: 0.3047274258929932 and parameters: {'window_influence': 0.21203998881164976, 'penalty_k': 0.4149666286561969, 'scale_lr': 0.6870362475079604}. Best is trial 62 with value: 0.3726749919963718.
checkpoint_e29 window_influence: 0.45556858466829125, penalty_k: 0.20397708313192423, scale_lr: 0.26218633927127444, EAO: 0.313
Trial 1503 finished with value: 0.31259755598895744 and parameters: {'window_influence': 0.45556858466829125, 'penalty_k': 0.20397708313192423, 'scale_lr': 0.26218633927127444}. Best is trial 62 with value: 0.3726749919963718.
checkpoint_e29 window_influence: 0.32090006864220533, penalty_k: 0.11784268704893808, scale_lr: 0.22624203262352288, EAO: 0.325
Trial 1504 finished with value: 0.32502802406303616 and parameters: {'window_influence': 0.3209000686422053, 'penalty_k': 0.11784268704893808, 'scale_lr': 0.22624203262352288}. Best is trial 62 with value: 0.3726749919963718.
checkpoint_e29 window_influence: 0.29785020861340494, penalty_k: 0.36167631673846179, scale_lr: 0.62803609671452842, EAO: 0.302
Trial 1505 finished with value: 0.30201707681793183 and parameters: {'window_influence': 0.29785020861340494, 'penalty_k': 0.3616763167384618, 'scale_lr': 0.6280360967145284}. Best is trial 62 with value: 0.3726749919963718.
checkpoint_e29 window_influence: 0.55828066682113675, penalty_k: 0.42944841447992987, scale_lr: 0.12798440560245433, EAO: 0.268
Trial 1506 finished with value: 0.2682238442076783 and parameters: {'window_influence': 0.5582806668211368, 'penalty_k': 0.4294484144799299, 'scale_lr': 0.12798440560245433}. Best is trial 62 with value: 0.3726749919963718.
checkpoint_e29 window_influence: 0.41842632314248668, penalty_k: 0.38574608777530639, scale_lr: 0.10985502504523358, EAO: 0.318
Trial 1507 finished with value: 0.31764282790603343 and parameters: {'window_influence': 0.4184263231424867, 'penalty_k': 0.3857460877753064, 'scale_lr': 0.10985502504523358}. Best is trial 62 with value: 0.3726749919963718.
checkpoint_e29 window_influence: 0.38227870623669030, penalty_k: 0.34226856280458196, scale_lr: 0.47330083690445762, EAO: 0.321
Trial 1508 finished with value: 0.32119212905488587 and parameters: {'window_influence': 0.3822787062366903, 'penalty_k': 0.34226856280458196, 'scale_lr': 0.4733008369044576}. Best is trial 62 with value: 0.3726749919963718.
checkpoint_e29 window_influence: 0.24489622889168983, penalty_k: 0.41545127105555330, scale_lr: 0.49003918833568960, EAO: 0.297
Trial 1509 finished with value: 0.29657963822787836 and parameters: {'window_influence': 0.24489622889168983, 'penalty_k': 0.4154512710555533, 'scale_lr': 0.4900391883356896}. Best is trial 62 with value: 0.3726749919963718.
checkpoint_e29 window_influence: 0.50213252717867896, penalty_k: 0.32058166290222878, scale_lr: 0.29962675226656343, EAO: 0.304
Trial 1510 finished with value: 0.3037842874513062 and parameters: {'window_influence': 0.502132527178679, 'penalty_k': 0.3205816629022288, 'scale_lr': 0.29962675226656343}. Best is trial 62 with value: 0.3726749919963718.
checkpoint_e29 window_influence: 0.18494159588633624, penalty_k: 0.42580014340670425, scale_lr: 0.56231609583962772, EAO: 0.268
Trial 1511 finished with value: 0.26783254075838897 and parameters: {'window_influence': 0.18494159588633624, 'penalty_k': 0.42580014340670425, 'scale_lr': 0.5623160958396277}. Best is trial 62 with value: 0.3726749919963718.
checkpoint_e29 window_influence: 0.46969752980625318, penalty_k: 0.10238455387892585, scale_lr: 0.15502365278027497, EAO: 0.340
Trial 1512 finished with value: 0.3395430516408111 and parameters: {'window_influence': 0.4696975298062532, 'penalty_k': 0.10238455387892585, 'scale_lr': 0.15502365278027497}. Best is trial 62 with value: 0.3726749919963718.
checkpoint_e29 window_influence: 0.48631326654673412, penalty_k: 0.24360716280966135, scale_lr: 0.75666251503244863, EAO: 0.336
Trial 1513 finished with value: 0.33644984088519203 and parameters: {'window_influence': 0.4863132665467341, 'penalty_k': 0.24360716280966135, 'scale_lr': 0.7566625150324486}. Best is trial 62 with value: 0.3726749919963718.
checkpoint_e29 window_influence: 0.62269904450276470, penalty_k: 0.50034911837658258, scale_lr: 0.43378818345595938, EAO: 0.234
Trial 1514 finished with value: 0.23430263758401462 and parameters: {'window_influence': 0.6226990445027647, 'penalty_k': 0.5003491183765826, 'scale_lr': 0.4337881834559594}. Best is trial 62 with value: 0.3726749919963718.
checkpoint_e29 window_influence: 0.43688850099325832, penalty_k: 0.44006227065635817, scale_lr: 0.27485727535247062, EAO: 0.323
Trial 1515 finished with value: 0.322839270769854 and parameters: {'window_influence': 0.4368885009932583, 'penalty_k': 0.44006227065635817, 'scale_lr': 0.2748572753524706}. Best is trial 62 with value: 0.3726749919963718.
checkpoint_e29 window_influence: 0.16003688793147297, penalty_k: 0.08403335956276517, scale_lr: 0.34107656117226115, EAO: 0.280
Trial 1516 finished with value: 0.2797599749690364 and parameters: {'window_influence': 0.16003688793147297, 'penalty_k': 0.08403335956276517, 'scale_lr': 0.34107656117226115}. Best is trial 62 with value: 0.3726749919963718.
checkpoint_e29 window_influence: 0.07131984705961392, penalty_k: 0.33083309204411149, scale_lr: 0.21016673432696514, EAO: 0.253
Trial 1517 finished with value: 0.252675435596403 and parameters: {'window_influence': 0.07131984705961392, 'penalty_k': 0.3308330920441115, 'scale_lr': 0.21016673432696514}. Best is trial 62 with value: 0.3726749919963718.
checkpoint_e29 window_influence: 0.17240126856184199, penalty_k: 0.42927503592721095, scale_lr: 0.58196628078512502, EAO: 0.271
Trial 1518 finished with value: 0.27127098648696557 and parameters: {'window_influence': 0.17240126856184199, 'penalty_k': 0.42927503592721095, 'scale_lr': 0.581966280785125}. Best is trial 62 with value: 0.3726749919963718.
checkpoint_e29 window_influence: 0.50691563313597343, penalty_k: 0.06320516818750797, scale_lr: 0.18973894255898449, EAO: 0.348
Trial 1519 finished with value: 0.34774188958253377 and parameters: {'window_influence': 0.5069156331359734, 'penalty_k': 0.06320516818750797, 'scale_lr': 0.1897389425589845}. Best is trial 62 with value: 0.3726749919963718.
checkpoint_e29 window_influence: 0.36370239221518785, penalty_k: 0.14560941493724039, scale_lr: 0.16780134096300767, EAO: 0.339
Trial 1520 finished with value: 0.3385796661158944 and parameters: {'window_influence': 0.36370239221518785, 'penalty_k': 0.1456094149372404, 'scale_lr': 0.16780134096300767}. Best is trial 62 with value: 0.3726749919963718.
checkpoint_e29 window_influence: 0.46055604070386491, penalty_k: 0.07063142711217950, scale_lr: 0.23999409588747456, EAO: 0.353
Trial 1521 finished with value: 0.3525969563523155 and parameters: {'window_influence': 0.4605560407038649, 'penalty_k': 0.0706314271121795, 'scale_lr': 0.23999409588747456}. Best is trial 62 with value: 0.3726749919963718.
checkpoint_e29 window_influence: 0.40507885033581847, penalty_k: 0.09240593785991907, scale_lr: 0.44879749760459858, EAO: 0.320
Trial 1522 finished with value: 0.32016724406049407 and parameters: {'window_influence': 0.4050788503358185, 'penalty_k': 0.09240593785991907, 'scale_lr': 0.4487974976045986}. Best is trial 62 with value: 0.3726749919963718.
checkpoint_e29 window_influence: 0.27332046399871712, penalty_k: 0.41446950983229153, scale_lr: 0.50674366165711604, EAO: 0.326
Trial 1523 finished with value: 0.3256250222137466 and parameters: {'window_influence': 0.2733204639987171, 'penalty_k': 0.4144695098322915, 'scale_lr': 0.506743661657116}. Best is trial 62 with value: 0.3726749919963718.
checkpoint_e29 window_influence: 0.39506058662613613, penalty_k: 0.40564139601123644, scale_lr: 0.53964664826316355, EAO: 0.320
Trial 1524 finished with value: 0.32010553295974137 and parameters: {'window_influence': 0.39506058662613613, 'penalty_k': 0.40564139601123644, 'scale_lr': 0.5396466482631636}. Best is trial 62 with value: 0.3726749919963718.
checkpoint_e29 window_influence: 0.08018388401623561, penalty_k: 0.12520692683305634, scale_lr: 0.59539774783564059, EAO: 0.246
Trial 1525 finished with value: 0.24614745048001582 and parameters: {'window_influence': 0.08018388401623561, 'penalty_k': 0.12520692683305634, 'scale_lr': 0.5953977478356406}. Best is trial 62 with value: 0.3726749919963718.
checkpoint_e29 window_influence: 0.44547797505408715, penalty_k: 0.19402654813357348, scale_lr: 0.14088338608197901, EAO: 0.351
Trial 1526 finished with value: 0.3508971415836987 and parameters: {'window_influence': 0.44547797505408715, 'penalty_k': 0.19402654813357348, 'scale_lr': 0.140883386081979}. Best is trial 62 with value: 0.3726749919963718.
checkpoint_e29 window_influence: 0.49748384539503171, penalty_k: 0.10373992628187140, scale_lr: 0.73499522228031222, EAO: 0.350
Trial 1527 finished with value: 0.349555791468008 and parameters: {'window_influence': 0.4974838453950317, 'penalty_k': 0.1037399262818714, 'scale_lr': 0.7349952222803122}. Best is trial 62 with value: 0.3726749919963718.
checkpoint_e29 window_influence: 0.47737396400254195, penalty_k: 0.24945328079856230, scale_lr: 0.20223944829240825, EAO: 0.359
Trial 1528 finished with value: 0.3587511083263368 and parameters: {'window_influence': 0.47737396400254195, 'penalty_k': 0.2494532807985623, 'scale_lr': 0.20223944829240825}. Best is trial 62 with value: 0.3726749919963718.
checkpoint_e29 window_influence: 0.47575680150925143, penalty_k: 0.05869914616935097, scale_lr: 0.20176569957894264, EAO: 0.317
Trial 1529 finished with value: 0.3174493555196992 and parameters: {'window_influence': 0.4757568015092514, 'penalty_k': 0.05869914616935097, 'scale_lr': 0.20176569957894264}. Best is trial 62 with value: 0.3726749919963718.
checkpoint_e29 window_influence: 0.47627495143648674, penalty_k: 0.23203639090801059, scale_lr: 0.19701249613966285, EAO: 0.332
Trial 1530 finished with value: 0.3319290303534571 and parameters: {'window_influence': 0.47627495143648674, 'penalty_k': 0.2320363909080106, 'scale_lr': 0.19701249613966285}. Best is trial 62 with value: 0.3726749919963718.
checkpoint_e29 window_influence: 0.48355755631632646, penalty_k: 0.22481293673723340, scale_lr: 0.21148406179662943, EAO: 0.336
Trial 1531 finished with value: 0.33642006152334847 and parameters: {'window_influence': 0.48355755631632646, 'penalty_k': 0.2248129367372334, 'scale_lr': 0.21148406179662943}. Best is trial 62 with value: 0.3726749919963718.
checkpoint_e29 window_influence: 0.09160938884104436, penalty_k: 0.26358244063947134, scale_lr: 0.18379792885204146, EAO: 0.262
Trial 1532 finished with value: 0.26182211616623724 and parameters: {'window_influence': 0.09160938884104436, 'penalty_k': 0.26358244063947134, 'scale_lr': 0.18379792885204146}. Best is trial 62 with value: 0.3726749919963718.
checkpoint_e29 window_influence: 0.46577600546487430, penalty_k: 0.26101353428751761, scale_lr: 0.22551843024444121, EAO: 0.336
Trial 1533 finished with value: 0.33643626036115193 and parameters: {'window_influence': 0.4657760054648743, 'penalty_k': 0.2610135342875176, 'scale_lr': 0.2255184302444412}. Best is trial 62 with value: 0.3726749919963718.
checkpoint_e29 window_influence: 0.48825676567075210, penalty_k: 0.24473055290172921, scale_lr: 0.20874978137141245, EAO: 0.336
Trial 1534 finished with value: 0.3363231834502536 and parameters: {'window_influence': 0.4882567656707521, 'penalty_k': 0.2447305529017292, 'scale_lr': 0.20874978137141245}. Best is trial 62 with value: 0.3726749919963718.
checkpoint_e29 window_influence: 0.45345615603923034, penalty_k: 0.20919446080070919, scale_lr: 0.17674093063424848, EAO: 0.353
Trial 1535 finished with value: 0.3528290436193637 and parameters: {'window_influence': 0.45345615603923034, 'penalty_k': 0.2091944608007092, 'scale_lr': 0.17674093063424848}. Best is trial 62 with value: 0.3726749919963718.
checkpoint_e29 window_influence: 0.46894792884956382, penalty_k: 0.20686952513537626, scale_lr: 0.22962460973350940, EAO: 0.330
Trial 1536 finished with value: 0.3298121819468324 and parameters: {'window_influence': 0.4689479288495638, 'penalty_k': 0.20686952513537626, 'scale_lr': 0.2296246097335094}. Best is trial 62 with value: 0.3726749919963718.
checkpoint_e29 window_influence: 0.15912161252027718, penalty_k: 0.25004830177903126, scale_lr: 0.20019455486849003, EAO: 0.274
Trial 1537 finished with value: 0.2744037117591628 and parameters: {'window_influence': 0.15912161252027718, 'penalty_k': 0.25004830177903126, 'scale_lr': 0.20019455486849003}. Best is trial 62 with value: 0.3726749919963718.
checkpoint_e29 window_influence: 0.49484929341927397, penalty_k: 0.22727740656438492, scale_lr: 0.24532301974234733, EAO: 0.326
Trial 1538 finished with value: 0.3261766336887263 and parameters: {'window_influence': 0.494849293419274, 'penalty_k': 0.22727740656438492, 'scale_lr': 0.24532301974234733}. Best is trial 62 with value: 0.3726749919963718.
checkpoint_e29 window_influence: 0.48391287409542549, penalty_k: 0.28151803015520671, scale_lr: 0.19093904070926282, EAO: 0.332
Trial 1539 finished with value: 0.331634581494888 and parameters: {'window_influence': 0.4839128740954255, 'penalty_k': 0.2815180301552067, 'scale_lr': 0.19093904070926282}. Best is trial 62 with value: 0.3726749919963718.
checkpoint_e29 window_influence: 0.57621649498793825, penalty_k: 0.24057490103256934, scale_lr: 0.41791096316127785, EAO: 0.271
Trial 1540 finished with value: 0.2708946580668832 and parameters: {'window_influence': 0.5762164949879383, 'penalty_k': 0.24057490103256934, 'scale_lr': 0.41791096316127785}. Best is trial 62 with value: 0.3726749919963718.
checkpoint_e29 window_influence: 0.51358628144932572, penalty_k: 0.19547181465752353, scale_lr: 0.22179658444859274, EAO: 0.329
Trial 1541 finished with value: 0.32904960110725595 and parameters: {'window_influence': 0.5135862814493257, 'penalty_k': 0.19547181465752353, 'scale_lr': 0.22179658444859274}. Best is trial 62 with value: 0.3726749919963718.
checkpoint_e29 window_influence: 0.47187272305081013, penalty_k: 0.27209393034760754, scale_lr: 0.78924947529785250, EAO: 0.317
Trial 1542 finished with value: 0.31696072116436197 and parameters: {'window_influence': 0.47187272305081013, 'penalty_k': 0.27209393034760754, 'scale_lr': 0.7892494752978525}. Best is trial 62 with value: 0.3726749919963718.
checkpoint_e29 window_influence: 0.45548058478031805, penalty_k: 0.20493018270807656, scale_lr: 0.40401380676946774, EAO: 0.341
Trial 1543 finished with value: 0.3412645679503563 and parameters: {'window_influence': 0.45548058478031805, 'penalty_k': 0.20493018270807656, 'scale_lr': 0.40401380676946774}. Best is trial 62 with value: 0.3726749919963718.
checkpoint_e29 window_influence: 0.50417678984548164, penalty_k: 0.59818531472988767, scale_lr: 0.17340009296127840, EAO: 0.266
Trial 1544 finished with value: 0.2664458668185579 and parameters: {'window_influence': 0.5041767898454816, 'penalty_k': 0.5981853147298877, 'scale_lr': 0.1734000929612784}. Best is trial 62 with value: 0.3726749919963718.
checkpoint_e29 window_influence: 0.44598251403755923, penalty_k: 0.23054795943995834, scale_lr: 0.56652933160022689, EAO: 0.342
Trial 1545 finished with value: 0.3424590533809439 and parameters: {'window_influence': 0.44598251403755923, 'penalty_k': 0.23054795943995834, 'scale_lr': 0.5665293316002269}. Best is trial 62 with value: 0.3726749919963718.
checkpoint_e29 window_influence: 0.49377050349867579, penalty_k: 0.23962155107056721, scale_lr: 0.34864592780217873, EAO: 0.322
Trial 1546 finished with value: 0.32172026882375726 and parameters: {'window_influence': 0.4937705034986758, 'penalty_k': 0.2396215510705672, 'scale_lr': 0.34864592780217873}. Best is trial 62 with value: 0.3726749919963718.
checkpoint_e29 window_influence: 0.47941575385198243, penalty_k: 0.21067879910917942, scale_lr: 0.15577759121789081, EAO: 0.325
Trial 1547 finished with value: 0.3246594153721509 and parameters: {'window_influence': 0.47941575385198243, 'penalty_k': 0.21067879910917942, 'scale_lr': 0.1557775912178908}. Best is trial 62 with value: 0.3726749919963718.
checkpoint_e29 window_influence: 0.53761239815746109, penalty_k: 0.21355019764410182, scale_lr: 0.67230725347082154, EAO: 0.299
Trial 1548 finished with value: 0.2987454239032612 and parameters: {'window_influence': 0.5376123981574611, 'penalty_k': 0.21355019764410182, 'scale_lr': 0.6723072534708215}. Best is trial 62 with value: 0.3726749919963718.
checkpoint_e29 window_influence: 0.60302503569808463, penalty_k: 0.07581137315922193, scale_lr: 0.25915805356789151, EAO: 0.290
Trial 1549 finished with value: 0.2898148903586985 and parameters: {'window_influence': 0.6030250356980846, 'penalty_k': 0.07581137315922193, 'scale_lr': 0.2591580535678915}. Best is trial 62 with value: 0.3726749919963718.
checkpoint_e29 window_influence: 0.23232979116266084, penalty_k: 0.08360438484432418, scale_lr: 0.79002917698616404, EAO: 0.292
