Trial 56 finished with value: 0.3348343790969032 and parameters: {'window_influence': 0.4926190209611541, 'penalty_k': 0.025571783967936634, 'scale_lr': 0.5086148849569307}. Best is trial 11 with value: 0.3419453993381693.
checkpoint_e16 window_influence: 0.52886427575261363, penalty_k: 0.06154100951993925, scale_lr: 0.48710428346057272, EAO: 0.305
Trial 57 finished with value: 0.3048396418414691 and parameters: {'window_influence': 0.5288642757526136, 'penalty_k': 0.061541009519939245, 'scale_lr': 0.4871042834605727}. Best is trial 11 with value: 0.3419453993381693.
checkpoint_e16 window_influence: 0.49451750600868366, penalty_k: 0.02842110842985726, scale_lr: 0.52208300458509849, EAO: 0.320
Trial 58 finished with value: 0.32038859785298895 and parameters: {'window_influence': 0.49451750600868366, 'penalty_k': 0.028421108429857265, 'scale_lr': 0.5220830045850985}. Best is trial 11 with value: 0.3419453993381693.
checkpoint_e16 window_influence: 0.47834337388062298, penalty_k: 0.07784549653128212, scale_lr: 0.57022828068506914, EAO: 0.321
Trial 59 finished with value: 0.32073149490913067 and parameters: {'window_influence': 0.478343373880623, 'penalty_k': 0.07784549653128212, 'scale_lr': 0.5702282806850691}. Best is trial 11 with value: 0.3419453993381693.
checkpoint_e16 window_influence: 0.44416660372980332, penalty_k: 0.09659160034878256, scale_lr: 0.49504567509135905, EAO: 0.316
Trial 60 finished with value: 0.3155569582597755 and parameters: {'window_influence': 0.4441666037298033, 'penalty_k': 0.09659160034878256, 'scale_lr': 0.49504567509135905}. Best is trial 11 with value: 0.3419453993381693.
checkpoint_e16 window_influence: 0.47208511292922462, penalty_k: 0.01894956416920262, scale_lr: 0.43729422947144186, EAO: 0.336
Trial 61 finished with value: 0.3356673204945219 and parameters: {'window_influence': 0.4720851129292246, 'penalty_k': 0.018949564169202623, 'scale_lr': 0.43729422947144186}. Best is trial 11 with value: 0.3419453993381693.
checkpoint_e16 window_influence: 0.46734653038674678, penalty_k: 0.02392379784242176, scale_lr: 0.45476492970893595, EAO: 0.336
Trial 62 finished with value: 0.3361636095241814 and parameters: {'window_influence': 0.4673465303867468, 'penalty_k': 0.023923797842421764, 'scale_lr': 0.45476492970893595}. Best is trial 11 with value: 0.3419453993381693.
checkpoint_e16 window_influence: 0.46477996501302821, penalty_k: 0.05132403684610388, scale_lr: 0.45396563206644985, EAO: 0.334
Trial 63 finished with value: 0.3336263993602782 and parameters: {'window_influence': 0.4647799650130282, 'penalty_k': 0.051324036846103885, 'scale_lr': 0.45396563206644985}. Best is trial 11 with value: 0.3419453993381693.
checkpoint_e16 window_influence: 0.51729754609907996, penalty_k: 0.02075846580366544, scale_lr: 0.47031632694287417, EAO: 0.320
Trial 64 finished with value: 0.319837301911547 and parameters: {'window_influence': 0.51729754609908, 'penalty_k': 0.020758465803665443, 'scale_lr': 0.4703163269428742}. Best is trial 11 with value: 0.3419453993381693.
checkpoint_e16 window_influence: 0.42920791373122957, penalty_k: 0.06940665585355157, scale_lr: 0.44341550806959673, EAO: 0.327
Trial 65 finished with value: 0.32659876346588135 and parameters: {'window_influence': 0.4292079137312296, 'penalty_k': 0.06940665585355157, 'scale_lr': 0.44341550806959673}. Best is trial 11 with value: 0.3419453993381693.
checkpoint_e16 window_influence: 0.39835577435092795, penalty_k: 0.04455097220101668, scale_lr: 0.41534499757640841, EAO: 0.315
Trial 66 finished with value: 0.3154486589974467 and parameters: {'window_influence': 0.39835577435092795, 'penalty_k': 0.04455097220101668, 'scale_lr': 0.4153449975764084}. Best is trial 11 with value: 0.3419453993381693.
checkpoint_e16 window_influence: 0.47116727998818336, penalty_k: 0.01853185490965547, scale_lr: 0.53957764740834480, EAO: 0.347
Trial 67 finished with value: 0.3466722929292152 and parameters: {'window_influence': 0.47116727998818336, 'penalty_k': 0.01853185490965547, 'scale_lr': 0.5395776474083448}. Best is trial 67 with value: 0.3466722929292152.
checkpoint_e16 window_influence: 0.46475854880039624, penalty_k: 0.12837917533875612, scale_lr: 0.55355649043155353, EAO: 0.310
Trial 68 finished with value: 0.30982414856263174 and parameters: {'window_influence': 0.46475854880039624, 'penalty_k': 0.12837917533875612, 'scale_lr': 0.5535564904315535}. Best is trial 67 with value: 0.3466722929292152.
checkpoint_e16 window_influence: 0.52958984470881898, penalty_k: 0.01679546850457383, scale_lr: 0.54007249715414907, EAO: 0.326
Trial 69 finished with value: 0.3258341051609136 and parameters: {'window_influence': 0.529589844708819, 'penalty_k': 0.016795468504573828, 'scale_lr': 0.5400724971541491}. Best is trial 67 with value: 0.3466722929292152.
checkpoint_e16 window_influence: 0.50529170041221594, penalty_k: 0.15058182506250450, scale_lr: 0.46674517929930609, EAO: 0.327
Trial 70 finished with value: 0.3268673099896323 and parameters: {'window_influence': 0.5052917004122159, 'penalty_k': 0.1505818250625045, 'scale_lr': 0.4667451792993061}. Best is trial 67 with value: 0.3466722929292152.
checkpoint_e16 window_influence: 0.48111615018537335, penalty_k: 0.00290706835728357, scale_lr: 0.50307291135128951, EAO: 0.347
Trial 71 finished with value: 0.346742643572477 and parameters: {'window_influence': 0.48111615018537335, 'penalty_k': 0.0029070683572835748, 'scale_lr': 0.5030729113512895}. Best is trial 71 with value: 0.346742643572477.
checkpoint_e16 window_influence: 0.47501019325614235, penalty_k: 0.00026051939375475, scale_lr: 0.50581858779697142, EAO: 0.341
Trial 72 finished with value: 0.34062525977884284 and parameters: {'window_influence': 0.47501019325614235, 'penalty_k': 0.0002605193937547457, 'scale_lr': 0.5058185877969714}. Best is trial 71 with value: 0.346742643572477.
checkpoint_e16 window_influence: 0.48849952930004809, penalty_k: 0.05069727087856814, scale_lr: 0.50772357164702275, EAO: 0.345
Trial 73 finished with value: 0.3454632546883149 and parameters: {'window_influence': 0.4884995293000481, 'penalty_k': 0.05069727087856814, 'scale_lr': 0.5077235716470228}. Best is trial 71 with value: 0.346742643572477.
checkpoint_e16 window_influence: 0.49409918992317359, penalty_k: 0.05051089227540714, scale_lr: 0.50313729342411018, EAO: 0.341
Trial 74 finished with value: 0.34112790586419606 and parameters: {'window_influence': 0.4940991899231736, 'penalty_k': 0.05051089227540714, 'scale_lr': 0.5031372934241102}. Best is trial 71 with value: 0.346742643572477.
checkpoint_e16 window_influence: 0.54823785405290493, penalty_k: 0.04831107471906098, scale_lr: 0.52359900347119348, EAO: 0.294
Trial 75 finished with value: 0.2943579508172863 and parameters: {'window_influence': 0.5482378540529049, 'penalty_k': 0.04831107471906098, 'scale_lr': 0.5235990034711935}. Best is trial 71 with value: 0.346742643572477.
checkpoint_e16 window_influence: 0.45062675083527520, penalty_k: 0.07576463837338879, scale_lr: 0.58025516120537468, EAO: 0.342
Trial 76 finished with value: 0.34174966962884834 and parameters: {'window_influence': 0.4506267508352752, 'penalty_k': 0.07576463837338879, 'scale_lr': 0.5802551612053747}. Best is trial 71 with value: 0.346742643572477.
checkpoint_e16 window_influence: 0.44585332828279095, penalty_k: 0.07407670881634681, scale_lr: 0.57756097810859508, EAO: 0.336
Trial 77 finished with value: 0.33551546803708204 and parameters: {'window_influence': 0.44585332828279095, 'penalty_k': 0.07407670881634681, 'scale_lr': 0.5775609781085951}. Best is trial 71 with value: 0.346742643572477.
checkpoint_e16 window_influence: 0.50619090082916385, penalty_k: 0.06061133258888951, scale_lr: 0.60112709914131190, EAO: 0.308
Trial 78 finished with value: 0.30811137088541857 and parameters: {'window_influence': 0.5061909008291638, 'penalty_k': 0.06061133258888951, 'scale_lr': 0.6011270991413119}. Best is trial 71 with value: 0.346742643572477.
checkpoint_e16 window_influence: 0.43925309271345614, penalty_k: 0.10068536209469428, scale_lr: 0.50802485062629232, EAO: 0.324
Trial 79 finished with value: 0.3242838765396682 and parameters: {'window_influence': 0.43925309271345614, 'penalty_k': 0.10068536209469428, 'scale_lr': 0.5080248506262923}. Best is trial 71 with value: 0.346742643572477.
checkpoint_e16 window_influence: 0.56862798656636304, penalty_k: 0.04192633926366909, scale_lr: 0.53407321189847601, EAO: 0.278
Trial 80 finished with value: 0.2782929957724731 and parameters: {'window_influence': 0.568627986566363, 'penalty_k': 0.04192633926366909, 'scale_lr': 0.534073211898476}. Best is trial 71 with value: 0.346742643572477.
checkpoint_e16 window_influence: 0.48323740387569469, penalty_k: 0.03692566557747108, scale_lr: 0.48610242807335802, EAO: 0.342
Trial 81 finished with value: 0.3421570867415996 and parameters: {'window_influence': 0.4832374038756947, 'penalty_k': 0.03692566557747108, 'scale_lr': 0.486102428073358}. Best is trial 71 with value: 0.346742643572477.
checkpoint_e16 window_influence: 0.48079892829658516, penalty_k: 0.04502264065479835, scale_lr: 0.49165227947058454, EAO: 0.327
Trial 82 finished with value: 0.32664132524093303 and parameters: {'window_influence': 0.48079892829658516, 'penalty_k': 0.04502264065479835, 'scale_lr': 0.49165227947058454}. Best is trial 71 with value: 0.346742643572477.
checkpoint_e16 window_influence: 0.51955500264628340, penalty_k: 0.01549150682425813, scale_lr: 0.47861075576890283, EAO: 0.315
Trial 83 finished with value: 0.3154742183736326 and parameters: {'window_influence': 0.5195550026462834, 'penalty_k': 0.01549150682425813, 'scale_lr': 0.47861075576890283}. Best is trial 71 with value: 0.346742643572477.
checkpoint_e16 window_influence: 0.49023461750823488, penalty_k: 0.07653858533787665, scale_lr: 0.54739671523933486, EAO: 0.341
Trial 84 finished with value: 0.340732852076742 and parameters: {'window_influence': 0.4902346175082349, 'penalty_k': 0.07653858533787665, 'scale_lr': 0.5473967152393349}. Best is trial 71 with value: 0.346742643572477.
checkpoint_e16 window_influence: 0.54165823263836099, penalty_k: 0.08270488713698436, scale_lr: 0.55418972701796243, EAO: 0.304
Trial 85 finished with value: 0.3043486871376112 and parameters: {'window_influence': 0.541658232638361, 'penalty_k': 0.08270488713698436, 'scale_lr': 0.5541897270179624}. Best is trial 71 with value: 0.346742643572477.
checkpoint_e16 window_influence: 0.49296763328737259, penalty_k: 0.07172631322432441, scale_lr: 0.54560133207427464, EAO: 0.327
Trial 86 finished with value: 0.32726197182436395 and parameters: {'window_influence': 0.4929676332873726, 'penalty_k': 0.0717263132243244, 'scale_lr': 0.5456013320742746}. Best is trial 71 with value: 0.346742643572477.
checkpoint_e16 window_influence: 0.45522930521686172, penalty_k: 0.11370987089761528, scale_lr: 0.51251754415504935, EAO: 0.322
Trial 87 finished with value: 0.32228411102109383 and parameters: {'window_influence': 0.4552293052168617, 'penalty_k': 0.11370987089761528, 'scale_lr': 0.5125175441550494}. Best is trial 71 with value: 0.346742643572477.
checkpoint_e16 window_influence: 0.50856039088786009, penalty_k: 0.03681495338824566, scale_lr: 0.52082972326621879, EAO: 0.337
Trial 88 finished with value: 0.337173802959316 and parameters: {'window_influence': 0.5085603908878601, 'penalty_k': 0.036814953388245655, 'scale_lr': 0.5208297232662188}. Best is trial 71 with value: 0.346742643572477.
checkpoint_e16 window_influence: 0.48073204753589738, penalty_k: 0.05829038025442906, scale_lr: 0.48555367610139355, EAO: 0.339
Trial 89 finished with value: 0.33922564728250765 and parameters: {'window_influence': 0.4807320475358974, 'penalty_k': 0.058290380254429064, 'scale_lr': 0.48555367610139355}. Best is trial 71 with value: 0.346742643572477.
checkpoint_e16 window_influence: 0.53110735142443599, penalty_k: 0.08410312994240512, scale_lr: 0.53198091464167063, EAO: 0.313
Trial 90 finished with value: 0.3130928193316849 and parameters: {'window_influence': 0.531107351424436, 'penalty_k': 0.08410312994240512, 'scale_lr': 0.5319809146416706}. Best is trial 71 with value: 0.346742643572477.
checkpoint_e16 window_influence: 0.47808082254185491, penalty_k: 0.05716899028587876, scale_lr: 0.47828255787019947, EAO: 0.334
Trial 91 finished with value: 0.3336487211837843 and parameters: {'window_influence': 0.4780808225418549, 'penalty_k': 0.05716899028587876, 'scale_lr': 0.47828255787019947}. Best is trial 71 with value: 0.346742643572477.
checkpoint_e16 window_influence: 0.48751211498690755, penalty_k: 0.03961008934765620, scale_lr: 0.49173931511716362, EAO: 0.341
Trial 92 finished with value: 0.3411045404955571 and parameters: {'window_influence': 0.48751211498690755, 'penalty_k': 0.039610089347656204, 'scale_lr': 0.4917393151171636}. Best is trial 71 with value: 0.346742643572477.
checkpoint_e16 window_influence: 0.49337866072015124, penalty_k: 0.03518329363720323, scale_lr: 0.50150426997739772, EAO: 0.349
Trial 93 finished with value: 0.34858896365889314 and parameters: {'window_influence': 0.49337866072015124, 'penalty_k': 0.03518329363720323, 'scale_lr': 0.5015042699773977}. Best is trial 93 with value: 0.34858896365889314.
checkpoint_e16 window_influence: 0.50206525775291744, penalty_k: 0.04003710911069336, scale_lr: 0.56101615876708288, EAO: 0.330
Trial 94 finished with value: 0.330172667475526 and parameters: {'window_influence': 0.5020652577529174, 'penalty_k': 0.04003710911069336, 'scale_lr': 0.5610161587670829}. Best is trial 93 with value: 0.34858896365889314.
checkpoint_e16 window_influence: 0.52130424519761442, penalty_k: 0.09647076255268079, scale_lr: 0.57898903917975342, EAO: 0.308
Trial 95 finished with value: 0.30794386235192595 and parameters: {'window_influence': 0.5213042451976144, 'penalty_k': 0.09647076255268079, 'scale_lr': 0.5789890391797534}. Best is trial 93 with value: 0.34858896365889314.
checkpoint_e16 window_influence: 0.44684231193780050, penalty_k: 0.01677860425904670, scale_lr: 0.46496601229989781, EAO: 0.330
Trial 96 finished with value: 0.32998241826254104 and parameters: {'window_influence': 0.4468423119378005, 'penalty_k': 0.016778604259046696, 'scale_lr': 0.4649660122998978}. Best is trial 93 with value: 0.34858896365889314.
checkpoint_e16 window_influence: 0.49402495615962549, penalty_k: 0.02927598754701690, scale_lr: 0.49524897449074212, EAO: 0.318
Trial 97 finished with value: 0.31843422202516625 and parameters: {'window_influence': 0.4940249561596255, 'penalty_k': 0.029275987547016904, 'scale_lr': 0.4952489744907421}. Best is trial 93 with value: 0.34858896365889314.
checkpoint_e16 window_influence: 0.43335420158590648, penalty_k: 0.06848127019923803, scale_lr: 0.54551368425255520, EAO: 0.325
Trial 98 finished with value: 0.3250357973668362 and parameters: {'window_influence': 0.4333542015859065, 'penalty_k': 0.06848127019923803, 'scale_lr': 0.5455136842525552}. Best is trial 93 with value: 0.34858896365889314.
checkpoint_e16 window_influence: 0.46066287305004361, penalty_k: 0.03561873265696999, scale_lr: 0.52137361302291707, EAO: 0.342
Trial 99 finished with value: 0.34197193616095223 and parameters: {'window_influence': 0.4606628730500436, 'penalty_k': 0.035618732656969986, 'scale_lr': 0.5213736130229171}. Best is trial 93 with value: 0.34858896365889314.
checkpoint_e16 window_influence: 0.45602038452500099, penalty_k: 0.03483054825754644, scale_lr: 0.51336135878736533, EAO: 0.338
Trial 100 finished with value: 0.3375014305578595 and parameters: {'window_influence': 0.456020384525001, 'penalty_k': 0.03483054825754644, 'scale_lr': 0.5133613587873653}. Best is trial 93 with value: 0.34858896365889314.
checkpoint_e16 window_influence: 0.49137495519281749, penalty_k: 0.05199686470379491, scale_lr: 0.53307258140606917, EAO: 0.314
Trial 101 finished with value: 0.31402222377316963 and parameters: {'window_influence': 0.4913749551928175, 'penalty_k': 0.051996864703794915, 'scale_lr': 0.5330725814060692}. Best is trial 93 with value: 0.34858896365889314.
checkpoint_e16 window_influence: 0.45846023109316680, penalty_k: 0.08731208008592697, scale_lr: 0.50262998548281690, EAO: 0.322
Trial 102 finished with value: 0.3217215717186724 and parameters: {'window_influence': 0.4584602310931668, 'penalty_k': 0.08731208008592697, 'scale_lr': 0.5026299854828169}. Best is trial 93 with value: 0.34858896365889314.
checkpoint_e16 window_influence: 0.46753149485637413, penalty_k: 0.01945615671615642, scale_lr: 0.48142760614892949, EAO: 0.326
Trial 103 finished with value: 0.3258140678535639 and parameters: {'window_influence': 0.46753149485637413, 'penalty_k': 0.01945615671615642, 'scale_lr': 0.4814276061489295}. Best is trial 93 with value: 0.34858896365889314.
checkpoint_e16 window_influence: 0.51018244665507551, penalty_k: 0.06650745782272359, scale_lr: 0.52060420044542832, EAO: 0.327
Trial 104 finished with value: 0.3273487883087262 and parameters: {'window_influence': 0.5101824466550755, 'penalty_k': 0.06650745782272359, 'scale_lr': 0.5206042004454283}. Best is trial 93 with value: 0.34858896365889314.
checkpoint_e16 window_influence: 0.48113978096113003, penalty_k: 0.01205210057471751, scale_lr: 0.56542348434480350, EAO: 0.335
Trial 105 finished with value: 0.3352766301381449 and parameters: {'window_influence': 0.48113978096113, 'penalty_k': 0.012052100574717513, 'scale_lr': 0.5654234843448035}. Best is trial 93 with value: 0.34858896365889314.
checkpoint_e16 window_influence: 0.43818751992902061, penalty_k: 0.03261012516604246, scale_lr: 0.46307574444490857, EAO: 0.323
Trial 106 finished with value: 0.3233632298643023 and parameters: {'window_influence': 0.4381875199290206, 'penalty_k': 0.03261012516604246, 'scale_lr': 0.46307574444490857}. Best is trial 93 with value: 0.34858896365889314.
checkpoint_e16 window_influence: 0.53674032389737869, penalty_k: 0.05059035516894654, scale_lr: 0.44031847466992929, EAO: 0.308
Trial 107 finished with value: 0.3078301933372995 and parameters: {'window_influence': 0.5367403238973787, 'penalty_k': 0.05059035516894654, 'scale_lr': 0.4403184746699293}. Best is trial 93 with value: 0.34858896365889314.
checkpoint_e16 window_influence: 0.41933019769849522, penalty_k: 0.10491041531626308, scale_lr: 0.54344791141682602, EAO: 0.328
Trial 108 finished with value: 0.3284961088390202 and parameters: {'window_influence': 0.4193301976984952, 'penalty_k': 0.10491041531626308, 'scale_lr': 0.543447911416826}. Best is trial 93 with value: 0.34858896365889314.
checkpoint_e16 window_influence: 0.51844064756694530, penalty_k: 0.01649292009904161, scale_lr: 0.49010218773020203, EAO: 0.323
Trial 109 finished with value: 0.32304368681248985 and parameters: {'window_influence': 0.5184406475669453, 'penalty_k': 0.016492920099041613, 'scale_lr': 0.49010218773020203}. Best is trial 93 with value: 0.34858896365889314.
checkpoint_e16 window_influence: 0.50060626925520080, penalty_k: 0.07338363836538672, scale_lr: 0.42559364840186065, EAO: 0.336
Trial 110 finished with value: 0.3360293854303397 and parameters: {'window_influence': 0.5006062692552008, 'penalty_k': 0.07338363836538672, 'scale_lr': 0.42559364840186065}. Best is trial 93 with value: 0.34858896365889314.
checkpoint_e16 window_influence: 0.47854114530071695, penalty_k: 0.00173079169833468, scale_lr: 0.50653241839368035, EAO: 0.328
Trial 111 finished with value: 0.3282827951216976 and parameters: {'window_influence': 0.47854114530071695, 'penalty_k': 0.001730791698334684, 'scale_lr': 0.5065324183936804}. Best is trial 93 with value: 0.34858896365889314.
checkpoint_e16 window_influence: 0.48723736298041509, penalty_k: 0.03385520199120472, scale_lr: 0.52188154171649326, EAO: 0.335
Trial 112 finished with value: 0.3345693294176332 and parameters: {'window_influence': 0.4872373629804151, 'penalty_k': 0.03385520199120472, 'scale_lr': 0.5218815417164933}. Best is trial 93 with value: 0.34858896365889314.
checkpoint_e16 window_influence: 0.46901406439324467, penalty_k: 0.01403304206126020, scale_lr: 0.45098112324293305, EAO: 0.343
Trial 113 finished with value: 0.3425644871557733 and parameters: {'window_influence': 0.46901406439324467, 'penalty_k': 0.014033042061260204, 'scale_lr': 0.45098112324293305}. Best is trial 93 with value: 0.34858896365889314.
checkpoint_e16 window_influence: 0.45035239642554598, penalty_k: 0.04523936561727918, scale_lr: 0.45545843229498384, EAO: 0.322
Trial 114 finished with value: 0.3220932951001342 and parameters: {'window_influence': 0.450352396425546, 'penalty_k': 0.045239365617279176, 'scale_lr': 0.45545843229498384}. Best is trial 93 with value: 0.34858896365889314.
checkpoint_e16 window_influence: 0.46654141821613232, penalty_k: 0.01253858925050349, scale_lr: 0.44792962349245008, EAO: 0.355
Trial 115 finished with value: 0.3552325488528389 and parameters: {'window_influence': 0.4665414182161323, 'penalty_k': 0.012538589250503489, 'scale_lr': 0.4479296234924501}. Best is trial 115 with value: 0.3552325488528389.
checkpoint_e16 window_influence: 0.46207674993301046, penalty_k: 0.01234568869991940, scale_lr: 0.47178318185168094, EAO: 0.342
Trial 116 finished with value: 0.34239808872979904 and parameters: {'window_influence': 0.46207674993301046, 'penalty_k': 0.0123456886999194, 'scale_lr': 0.47178318185168094}. Best is trial 115 with value: 0.3552325488528389.
checkpoint_e16 window_influence: 0.47023858153383857, penalty_k: 0.01286287929800397, scale_lr: 0.47255618357702944, EAO: 0.340
Trial 117 finished with value: 0.33957817617093544 and parameters: {'window_influence': 0.4702385815338386, 'penalty_k': 0.012862879298003966, 'scale_lr': 0.47255618357702944}. Best is trial 115 with value: 0.3552325488528389.
checkpoint_e16 window_influence: 0.46122285828428888, penalty_k: 0.02200258445559235, scale_lr: 0.43892119869541929, EAO: 0.334
