Trial 2625 finished with value: 0.29708444938817374 and parameters: {'window_influence': 0.5506796799704713, 'penalty_k': 0.3234143907656894, 'scale_lr': 0.11965636220925202}. Best is trial 1674 with value: 0.38142600678748195.
checkpoint_e33 window_influence: 0.49383392946035792, penalty_k: 0.26082538717789100, scale_lr: 0.55808960269018670, EAO: 0.328
Trial 2626 finished with value: 0.328024426091042 and parameters: {'window_influence': 0.4938339294603579, 'penalty_k': 0.260825387177891, 'scale_lr': 0.5580896026901867}. Best is trial 1674 with value: 0.38142600678748195.
checkpoint_e33 window_influence: 0.47728749771710177, penalty_k: 0.39432472268625662, scale_lr: 0.44369527032711897, EAO: 0.339
Trial 2627 finished with value: 0.33858085339635263 and parameters: {'window_influence': 0.47728749771710177, 'penalty_k': 0.3943247226862566, 'scale_lr': 0.443695270327119}. Best is trial 1674 with value: 0.38142600678748195.
checkpoint_e33 window_influence: 0.58179656717069317, penalty_k: 0.27135167242896907, scale_lr: 0.73894531786577544, EAO: 0.254
Trial 2628 finished with value: 0.25373780454874967 and parameters: {'window_influence': 0.5817965671706932, 'penalty_k': 0.27135167242896907, 'scale_lr': 0.7389453178657754}. Best is trial 1674 with value: 0.38142600678748195.
checkpoint_e33 window_influence: 0.50370431246587466, penalty_k: 0.07779249279879306, scale_lr: 0.41319853067373780, EAO: 0.326
Trial 2629 finished with value: 0.3259200195162213 and parameters: {'window_influence': 0.5037043124658747, 'penalty_k': 0.07779249279879306, 'scale_lr': 0.4131985306737378}. Best is trial 1674 with value: 0.38142600678748195.
checkpoint_e33 window_influence: 0.07821485012194218, penalty_k: 0.45470561624112327, scale_lr: 0.27266382842385173, EAO: 0.257
Trial 2630 finished with value: 0.2570771250859309 and parameters: {'window_influence': 0.07821485012194218, 'penalty_k': 0.45470561624112327, 'scale_lr': 0.27266382842385173}. Best is trial 1674 with value: 0.38142600678748195.
checkpoint_e33 window_influence: 0.16345512824754663, penalty_k: 0.31780658221663721, scale_lr: 0.29018893980451055, EAO: 0.272
Trial 2631 finished with value: 0.27230841379453236 and parameters: {'window_influence': 0.16345512824754663, 'penalty_k': 0.3178065822166372, 'scale_lr': 0.29018893980451055}. Best is trial 1674 with value: 0.38142600678748195.
checkpoint_e33 window_influence: 0.19323801498546417, penalty_k: 0.06363765569935879, scale_lr: 0.37769523173047015, EAO: 0.281
Trial 2632 finished with value: 0.28080775411908265 and parameters: {'window_influence': 0.19323801498546417, 'penalty_k': 0.0636376556993588, 'scale_lr': 0.37769523173047015}. Best is trial 1674 with value: 0.38142600678748195.
checkpoint_e33 window_influence: 0.32843636461633696, penalty_k: 0.14904528575495612, scale_lr: 0.51562677505951060, EAO: 0.309
Trial 2633 finished with value: 0.30872715916846977 and parameters: {'window_influence': 0.32843636461633696, 'penalty_k': 0.14904528575495612, 'scale_lr': 0.5156267750595106}. Best is trial 1674 with value: 0.38142600678748195.
checkpoint_e33 window_influence: 0.40893996285771905, penalty_k: 0.43073833509224990, scale_lr: 0.46463528821913114, EAO: 0.330
Trial 2634 finished with value: 0.33039299621888174 and parameters: {'window_influence': 0.40893996285771905, 'penalty_k': 0.4307383350922499, 'scale_lr': 0.46463528821913114}. Best is trial 1674 with value: 0.38142600678748195.
checkpoint_e33 window_influence: 0.53821149818514435, penalty_k: 0.09214825622340389, scale_lr: 0.59754250389905439, EAO: 0.299
Trial 2635 finished with value: 0.29932048023906666 and parameters: {'window_influence': 0.5382114981851444, 'penalty_k': 0.09214825622340389, 'scale_lr': 0.5975425038990544}. Best is trial 1674 with value: 0.38142600678748195.
checkpoint_e33 window_influence: 0.44524366701707196, penalty_k: 0.18195814873604874, scale_lr: 0.75806014638277308, EAO: 0.318
Trial 2636 finished with value: 0.3181990632635146 and parameters: {'window_influence': 0.44524366701707196, 'penalty_k': 0.18195814873604874, 'scale_lr': 0.7580601463827731}. Best is trial 1674 with value: 0.38142600678748195.
checkpoint_e33 window_influence: 0.46332968829652044, penalty_k: 0.54412946965978470, scale_lr: 0.69354228401145213, EAO: 0.319
Trial 2637 finished with value: 0.31868838626123125 and parameters: {'window_influence': 0.46332968829652044, 'penalty_k': 0.5441294696597847, 'scale_lr': 0.6935422840114521}. Best is trial 1674 with value: 0.38142600678748195.
checkpoint_e33 window_influence: 0.26685144120692594, penalty_k: 0.03286063312500795, scale_lr: 0.50102568010689552, EAO: 0.305
Trial 2638 finished with value: 0.30513805081408313 and parameters: {'window_influence': 0.26685144120692594, 'penalty_k': 0.03286063312500795, 'scale_lr': 0.5010256801068955}. Best is trial 1674 with value: 0.38142600678748195.
checkpoint_e33 window_influence: 0.32948524458474948, penalty_k: 0.29094535348092615, scale_lr: 0.57568666173540117, EAO: 0.308
Trial 2639 finished with value: 0.3080168132768067 and parameters: {'window_influence': 0.3294852445847495, 'penalty_k': 0.29094535348092615, 'scale_lr': 0.5756866617354012}. Best is trial 1674 with value: 0.38142600678748195.
checkpoint_e33 window_influence: 0.48826964475720980, penalty_k: 0.37380755269694543, scale_lr: 0.47529219324104188, EAO: 0.301
Trial 2640 finished with value: 0.30089078002866604 and parameters: {'window_influence': 0.4882696447572098, 'penalty_k': 0.37380755269694543, 'scale_lr': 0.4752921932410419}. Best is trial 1674 with value: 0.38142600678748195.
checkpoint_e33 window_influence: 0.52460914647610057, penalty_k: 0.24591177179079074, scale_lr: 0.52784905358253431, EAO: 0.308
Trial 2641 finished with value: 0.30800707319367254 and parameters: {'window_influence': 0.5246091464761006, 'penalty_k': 0.24591177179079074, 'scale_lr': 0.5278490535825343}. Best is trial 1674 with value: 0.38142600678748195.
checkpoint_e33 window_influence: 0.43262586062781105, penalty_k: 0.22929088833270664, scale_lr: 0.54497264619238328, EAO: 0.344
Trial 2642 finished with value: 0.3438542239396952 and parameters: {'window_influence': 0.43262586062781105, 'penalty_k': 0.22929088833270664, 'scale_lr': 0.5449726461923833}. Best is trial 1674 with value: 0.38142600678748195.
checkpoint_e33 window_influence: 0.47478757541916844, penalty_k: 0.30368486297173980, scale_lr: 0.61312472882174696, EAO: 0.327
Trial 2643 finished with value: 0.3274790881208873 and parameters: {'window_influence': 0.47478757541916844, 'penalty_k': 0.3036848629717398, 'scale_lr': 0.613124728821747}. Best is trial 1674 with value: 0.38142600678748195.
checkpoint_e33 window_influence: 0.50339431042417437, penalty_k: 0.35557111134346603, scale_lr: 0.79998734900419577, EAO: 0.310
Trial 2644 finished with value: 0.30963126196007784 and parameters: {'window_influence': 0.5033943104241744, 'penalty_k': 0.35557111134346603, 'scale_lr': 0.7999873490041958}. Best is trial 1674 with value: 0.38142600678748195.
checkpoint_e33 window_influence: 0.45493719549296968, penalty_k: 0.04782807821297869, scale_lr: 0.17695209743099957, EAO: 0.344
Trial 2645 finished with value: 0.3439005635359872 and parameters: {'window_influence': 0.4549371954929697, 'penalty_k': 0.047828078212978686, 'scale_lr': 0.17695209743099957}. Best is trial 1674 with value: 0.38142600678748195.
checkpoint_e33 window_influence: 0.35198629183193375, penalty_k: 0.07171120817827729, scale_lr: 0.72715969645539802, EAO: 0.330
Trial 2646 finished with value: 0.3303263219298092 and parameters: {'window_influence': 0.35198629183193375, 'penalty_k': 0.0717112081782773, 'scale_lr': 0.727159696455398}. Best is trial 1674 with value: 0.38142600678748195.
checkpoint_e33 window_influence: 0.48383239816998969, penalty_k: 0.41923394958393301, scale_lr: 0.19062220840678101, EAO: 0.313
Trial 2647 finished with value: 0.3134152995357254 and parameters: {'window_influence': 0.4838323981699897, 'penalty_k': 0.419233949583933, 'scale_lr': 0.190622208406781}. Best is trial 1674 with value: 0.38142600678748195.
checkpoint_e33 window_influence: 0.51582207815325487, penalty_k: 0.01150896662937863, scale_lr: 0.48578543792124701, EAO: 0.329
Trial 2648 finished with value: 0.3291298173049081 and parameters: {'window_influence': 0.5158220781532549, 'penalty_k': 0.011508966629378628, 'scale_lr': 0.485785437921247}. Best is trial 1674 with value: 0.38142600678748195.
checkpoint_e33 window_influence: 0.49425998581832242, penalty_k: 0.05933161733211173, scale_lr: 0.16594342218160243, EAO: 0.338
Trial 2649 finished with value: 0.33751546745170413 and parameters: {'window_influence': 0.4942599858183224, 'penalty_k': 0.05933161733211173, 'scale_lr': 0.16594342218160243}. Best is trial 1674 with value: 0.38142600678748195.
checkpoint_e33 window_influence: 0.15516702213945249, penalty_k: 0.20370638854359185, scale_lr: 0.50839181184907090, EAO: 0.284
Trial 2650 finished with value: 0.2844686388157685 and parameters: {'window_influence': 0.1551670221394525, 'penalty_k': 0.20370638854359185, 'scale_lr': 0.5083918118490709}. Best is trial 1674 with value: 0.38142600678748195.
checkpoint_e33 window_influence: 0.46357122993014355, penalty_k: 0.08988788082391910, scale_lr: 0.33144398611241210, EAO: 0.348
Trial 2651 finished with value: 0.34833194471982665 and parameters: {'window_influence': 0.46357122993014355, 'penalty_k': 0.0898878808239191, 'scale_lr': 0.3314439861124121}. Best is trial 1674 with value: 0.38142600678748195.
checkpoint_e33 window_influence: 0.34694792404976282, penalty_k: 0.15877214894265099, scale_lr: 0.77918793084770976, EAO: 0.330
Trial 2652 finished with value: 0.33029539581634654 and parameters: {'window_influence': 0.3469479240497628, 'penalty_k': 0.158772148942651, 'scale_lr': 0.7791879308477098}. Best is trial 1674 with value: 0.38142600678748195.
checkpoint_e33 window_influence: 0.47249238230251028, penalty_k: 0.02426927481243386, scale_lr: 0.45001687551061209, EAO: 0.343
Trial 2653 finished with value: 0.34336957091951187 and parameters: {'window_influence': 0.4724923823025103, 'penalty_k': 0.024269274812433864, 'scale_lr': 0.4500168755106121}. Best is trial 1674 with value: 0.38142600678748195.
checkpoint_e33 window_influence: 0.11638165305875642, penalty_k: 0.14393002429777360, scale_lr: 0.63051409670433611, EAO: 0.251
Trial 2654 finished with value: 0.25106697515059073 and parameters: {'window_influence': 0.11638165305875642, 'penalty_k': 0.1439300242977736, 'scale_lr': 0.6305140967043361}. Best is trial 1674 with value: 0.38142600678748195.
checkpoint_e33 window_influence: 0.39181706969753816, penalty_k: 0.07841563052140520, scale_lr: 0.52234142472726619, EAO: 0.311
Trial 2655 finished with value: 0.3114955619499377 and parameters: {'window_influence': 0.39181706969753816, 'penalty_k': 0.0784156305214052, 'scale_lr': 0.5223414247272662}. Best is trial 1674 with value: 0.38142600678748195.
checkpoint_e33 window_influence: 0.62989999843667932, penalty_k: 0.05514024035058988, scale_lr: 0.56294688088119471, EAO: 0.250
Trial 2656 finished with value: 0.2503426067444137 and parameters: {'window_influence': 0.6298999984366793, 'penalty_k': 0.055140240350589884, 'scale_lr': 0.5629468808811947}. Best is trial 1674 with value: 0.38142600678748195.
checkpoint_e33 window_influence: 0.42133200797073683, penalty_k: 0.03991406400465563, scale_lr: 0.24884817280636731, EAO: 0.322
Trial 2657 finished with value: 0.3222501814829236 and parameters: {'window_influence': 0.42133200797073683, 'penalty_k': 0.03991406400465563, 'scale_lr': 0.2488481728063673}. Best is trial 1674 with value: 0.38142600678748195.
checkpoint_e33 window_influence: 0.21734637202021040, penalty_k: 0.06457272507864692, scale_lr: 0.28105672243164337, EAO: 0.281
Trial 2658 finished with value: 0.2811628754616711 and parameters: {'window_influence': 0.2173463720202104, 'penalty_k': 0.06457272507864692, 'scale_lr': 0.28105672243164337}. Best is trial 1674 with value: 0.38142600678748195.
checkpoint_e33 window_influence: 0.26145343507204899, penalty_k: 0.23842777829453887, scale_lr: 0.46525240031302462, EAO: 0.291
Trial 2659 finished with value: 0.2907681040726747 and parameters: {'window_influence': 0.261453435072049, 'penalty_k': 0.23842777829453887, 'scale_lr': 0.4652524003130246}. Best is trial 1674 with value: 0.38142600678748195.
checkpoint_e33 window_influence: 0.49935019087373894, penalty_k: 0.21899159538439322, scale_lr: 0.75689892546474413, EAO: 0.331
Trial 2660 finished with value: 0.3314046442276773 and parameters: {'window_influence': 0.49935019087373894, 'penalty_k': 0.21899159538439322, 'scale_lr': 0.7568989254647441}. Best is trial 1674 with value: 0.38142600678748195.
checkpoint_e33 window_influence: 0.53046900234709393, penalty_k: 0.29358816675036403, scale_lr: 0.30488545062146077, EAO: 0.307
Trial 2661 finished with value: 0.307333350645429 and parameters: {'window_influence': 0.5304690023470939, 'penalty_k': 0.29358816675036403, 'scale_lr': 0.3048854506214608}. Best is trial 1674 with value: 0.38142600678748195.
checkpoint_e33 window_influence: 0.44499984165564288, penalty_k: 0.18349415532806404, scale_lr: 0.53904880581534476, EAO: 0.331
Trial 2662 finished with value: 0.33064701155929715 and parameters: {'window_influence': 0.4449998416556429, 'penalty_k': 0.18349415532806404, 'scale_lr': 0.5390488058153448}. Best is trial 1674 with value: 0.38142600678748195.
checkpoint_e33 window_influence: 0.48646089525433289, penalty_k: 0.59697958840338772, scale_lr: 0.49865800960381146, EAO: 0.296
Trial 2663 finished with value: 0.2964240657564267 and parameters: {'window_influence': 0.4864608952543329, 'penalty_k': 0.5969795884033877, 'scale_lr': 0.49865800960381146}. Best is trial 1674 with value: 0.38142600678748195.
checkpoint_e33 window_influence: 0.50842533889993979, penalty_k: 0.05012473922901185, scale_lr: 0.36083766584343763, EAO: 0.342
Trial 2664 finished with value: 0.34245180190769153 and parameters: {'window_influence': 0.5084253388999398, 'penalty_k': 0.05012473922901185, 'scale_lr': 0.3608376658434376}. Best is trial 1674 with value: 0.38142600678748195.
checkpoint_e33 window_influence: 0.11708437956599266, penalty_k: 0.27824790064381749, scale_lr: 0.59477551724571653, EAO: 0.263
Trial 2665 finished with value: 0.26297891916931837 and parameters: {'window_influence': 0.11708437956599266, 'penalty_k': 0.2782479006438175, 'scale_lr': 0.5947755172457165}. Best is trial 1674 with value: 0.38142600678748195.
checkpoint_e33 window_influence: 0.25620358561603362, penalty_k: 0.01828851585821654, scale_lr: 0.71588714927949249, EAO: 0.310
Trial 2666 finished with value: 0.31049009229886393 and parameters: {'window_influence': 0.2562035856160336, 'penalty_k': 0.01828851585821654, 'scale_lr': 0.7158871492794925}. Best is trial 1674 with value: 0.38142600678748195.
checkpoint_e33 window_influence: 0.64773221816296855, penalty_k: 0.13844569062558795, scale_lr: 0.42343413251196182, EAO: 0.238
Trial 2667 finished with value: 0.23815779469124537 and parameters: {'window_influence': 0.6477322181629686, 'penalty_k': 0.13844569062558795, 'scale_lr': 0.4234341325119618}. Best is trial 1674 with value: 0.38142600678748195.
checkpoint_e33 window_influence: 0.47370814047157372, penalty_k: 0.43152853623718102, scale_lr: 0.25342234724712409, EAO: 0.327
Trial 2668 finished with value: 0.3265655350360425 and parameters: {'window_influence': 0.4737081404715737, 'penalty_k': 0.431528536237181, 'scale_lr': 0.2534223472471241}. Best is trial 1674 with value: 0.38142600678748195.
checkpoint_e33 window_influence: 0.45854023784350051, penalty_k: 0.25863083338061277, scale_lr: 0.70163867142686231, EAO: 0.347
Trial 2669 finished with value: 0.34661581184613566 and parameters: {'window_influence': 0.4585402378435005, 'penalty_k': 0.25863083338061277, 'scale_lr': 0.7016386714268623}. Best is trial 1674 with value: 0.38142600678748195.
checkpoint_e33 window_influence: 0.51833566431970024, penalty_k: 0.15786319313814384, scale_lr: 0.22065631072754358, EAO: 0.331
Trial 2670 finished with value: 0.33072606935111465 and parameters: {'window_influence': 0.5183356643197002, 'penalty_k': 0.15786319313814384, 'scale_lr': 0.22065631072754358}. Best is trial 1674 with value: 0.38142600678748195.
checkpoint_e33 window_influence: 0.48723276506535157, penalty_k: 0.09031972058586821, scale_lr: 0.34866634961103626, EAO: 0.346
Trial 2671 finished with value: 0.3457360510000459 and parameters: {'window_influence': 0.48723276506535157, 'penalty_k': 0.09031972058586821, 'scale_lr': 0.34866634961103626}. Best is trial 1674 with value: 0.38142600678748195.
checkpoint_e33 window_influence: 0.50115426960931397, penalty_k: 0.19665428825079245, scale_lr: 0.48539719680602306, EAO: 0.332
Trial 2672 finished with value: 0.33202208271286365 and parameters: {'window_influence': 0.501154269609314, 'penalty_k': 0.19665428825079245, 'scale_lr': 0.48539719680602306}. Best is trial 1674 with value: 0.38142600678748195.
checkpoint_e33 window_influence: 0.43577615167002864, penalty_k: 0.07425589906327627, scale_lr: 0.57850752163781871, EAO: 0.336
Trial 2673 finished with value: 0.3362754550889308 and parameters: {'window_influence': 0.43577615167002864, 'penalty_k': 0.07425589906327627, 'scale_lr': 0.5785075216378187}. Best is trial 1674 with value: 0.38142600678748195.
checkpoint_e33 window_influence: 0.47580924530137769, penalty_k: 0.45561917604447555, scale_lr: 0.36965642263549736, EAO: 0.318
Trial 2674 finished with value: 0.31761395316643476 and parameters: {'window_influence': 0.4758092453013777, 'penalty_k': 0.45561917604447555, 'scale_lr': 0.36965642263549736}. Best is trial 1674 with value: 0.38142600678748195.
checkpoint_e33 window_influence: 0.29122639518326665, penalty_k: 0.03793147970813388, scale_lr: 0.51963389408005800, EAO: 0.280
Trial 2675 finished with value: 0.2800211814822854 and parameters: {'window_influence': 0.29122639518326665, 'penalty_k': 0.037931479708133875, 'scale_lr': 0.519633894080058}. Best is trial 1674 with value: 0.38142600678748195.
checkpoint_e33 window_influence: 0.49369263791171186, penalty_k: 0.10102442148632602, scale_lr: 0.68066796437264410, EAO: 0.360
Trial 2676 finished with value: 0.3596902091911331 and parameters: {'window_influence': 0.49369263791171186, 'penalty_k': 0.10102442148632602, 'scale_lr': 0.6806679643726441}. Best is trial 1674 with value: 0.38142600678748195.
checkpoint_e33 window_influence: 0.46413071276939366, penalty_k: 0.55594161564884137, scale_lr: 0.74302706693006304, EAO: 0.312
Trial 2677 finished with value: 0.3122472575782338 and parameters: {'window_influence': 0.46413071276939366, 'penalty_k': 0.5559416156488414, 'scale_lr': 0.743027066930063}. Best is trial 1674 with value: 0.38142600678748195.
checkpoint_e33 window_influence: 0.11264190517133923, penalty_k: 0.16668334406517238, scale_lr: 0.47485592516581149, EAO: 0.257
Trial 2678 finished with value: 0.2570271982525109 and parameters: {'window_influence': 0.11264190517133923, 'penalty_k': 0.16668334406517238, 'scale_lr': 0.4748559251658115}. Best is trial 1674 with value: 0.38142600678748195.
checkpoint_e33 window_influence: 0.31643849385053102, penalty_k: 0.00893814397324472, scale_lr: 0.78671892822678535, EAO: 0.312
Trial 2679 finished with value: 0.31200457633933204 and parameters: {'window_influence': 0.316438493850531, 'penalty_k': 0.008938143973244722, 'scale_lr': 0.7867189282267854}. Best is trial 1674 with value: 0.38142600678748195.
checkpoint_e33 window_influence: 0.27461348501582089, penalty_k: 0.05556508538016415, scale_lr: 0.40322702039793268, EAO: 0.315
Trial 2680 finished with value: 0.3150089766380852 and parameters: {'window_influence': 0.2746134850158209, 'penalty_k': 0.05556508538016415, 'scale_lr': 0.4032270203979327}. Best is trial 1674 with value: 0.38142600678748195.
checkpoint_e33 window_influence: 0.62791149096749366, penalty_k: 0.02875806011134805, scale_lr: 0.50723127082225883, EAO: 0.253
Trial 2681 finished with value: 0.2534875512586957 and parameters: {'window_influence': 0.6279114909674937, 'penalty_k': 0.028758060111348054, 'scale_lr': 0.5072312708222588}. Best is trial 1674 with value: 0.38142600678748195.
checkpoint_e33 window_influence: 0.22268031257245988, penalty_k: 0.51378822781299216, scale_lr: 0.76750235124660882, EAO: 0.280
Trial 2682 finished with value: 0.2796934672018897 and parameters: {'window_influence': 0.22268031257245988, 'penalty_k': 0.5137882278129922, 'scale_lr': 0.7675023512466088}. Best is trial 1674 with value: 0.38142600678748195.
checkpoint_e33 window_influence: 0.38372181259362048, penalty_k: 0.41188455199565938, scale_lr: 0.55195495194271693, EAO: 0.328
Trial 2683 finished with value: 0.3277061297503891 and parameters: {'window_influence': 0.3837218125936205, 'penalty_k': 0.4118845519956594, 'scale_lr': 0.5519549519427169}. Best is trial 1674 with value: 0.38142600678748195.
checkpoint_e33 window_influence: 0.45158691309939714, penalty_k: 0.21239045174598531, scale_lr: 0.45851045665164492, EAO: 0.352
Trial 2684 finished with value: 0.3521009268463818 and parameters: {'window_influence': 0.45158691309939714, 'penalty_k': 0.2123904517459853, 'scale_lr': 0.4585104566516449}. Best is trial 1674 with value: 0.38142600678748195.
checkpoint_e33 window_influence: 0.22789883971896938, penalty_k: 0.46550228531520121, scale_lr: 0.64476719148377959, EAO: 0.290
Trial 2685 finished with value: 0.28999216321145516 and parameters: {'window_influence': 0.22789883971896938, 'penalty_k': 0.4655022853152012, 'scale_lr': 0.6447671914837796}. Best is trial 1674 with value: 0.38142600678748195.
checkpoint_e33 window_influence: 0.40638424072517160, penalty_k: 0.00079559864836583, scale_lr: 0.56765574166852506, EAO: 0.320
