Trial 1256 finished with value: 0.27003734845827526 and parameters: {'window_influence': 0.10217603493525468, 'penalty_k': 0.2503045032065804, 'scale_lr': 0.20104581017741388}. Best is trial 1044 with value: 0.36650777071830365.
checkpoint_e29 window_influence: 0.53252324863891110, penalty_k: 0.16803865414584929, scale_lr: 0.17912244008387468, EAO: 0.333
Trial 1257 finished with value: 0.3328067594813002 and parameters: {'window_influence': 0.5325232486389111, 'penalty_k': 0.1680386541458493, 'scale_lr': 0.17912244008387468}. Best is trial 1044 with value: 0.36650777071830365.
checkpoint_e29 window_influence: 0.48027256612332736, penalty_k: 0.15860126358931112, scale_lr: 0.14280108351531512, EAO: 0.355
Trial 1258 finished with value: 0.3552644362941326 and parameters: {'window_influence': 0.48027256612332736, 'penalty_k': 0.15860126358931112, 'scale_lr': 0.14280108351531512}. Best is trial 1044 with value: 0.36650777071830365.
checkpoint_e29 window_influence: 0.51651891799627281, penalty_k: 0.15968144382385946, scale_lr: 0.13206927883405592, EAO: 0.328
Trial 1259 finished with value: 0.3283794779721865 and parameters: {'window_influence': 0.5165189179962728, 'penalty_k': 0.15968144382385946, 'scale_lr': 0.13206927883405592}. Best is trial 1044 with value: 0.36650777071830365.
checkpoint_e29 window_influence: 0.49102559354619102, penalty_k: 0.17095054980460031, scale_lr: 0.14341150834818367, EAO: 0.327
Trial 1260 finished with value: 0.32689305948608116 and parameters: {'window_influence': 0.491025593546191, 'penalty_k': 0.1709505498046003, 'scale_lr': 0.14341150834818367}. Best is trial 1044 with value: 0.36650777071830365.
checkpoint_e29 window_influence: 0.48014503088806398, penalty_k: 0.15363421778494965, scale_lr: 0.11769908848412880, EAO: 0.332
Trial 1261 finished with value: 0.33183097949519696 and parameters: {'window_influence': 0.480145030888064, 'penalty_k': 0.15363421778494965, 'scale_lr': 0.1176990884841288}. Best is trial 1044 with value: 0.36650777071830365.
checkpoint_e29 window_influence: 0.49999929523163450, penalty_k: 0.18351367282762693, scale_lr: 0.14782274381895433, EAO: 0.310
Trial 1262 finished with value: 0.3099102530961835 and parameters: {'window_influence': 0.4999992952316345, 'penalty_k': 0.18351367282762693, 'scale_lr': 0.14782274381895433}. Best is trial 1044 with value: 0.36650777071830365.
checkpoint_e29 window_influence: 0.46399578729501129, penalty_k: 0.14310351962504392, scale_lr: 0.16311823191791608, EAO: 0.340
Trial 1263 finished with value: 0.3402746768545084 and parameters: {'window_influence': 0.4639957872950113, 'penalty_k': 0.14310351962504392, 'scale_lr': 0.16311823191791608}. Best is trial 1044 with value: 0.36650777071830365.
checkpoint_e29 window_influence: 0.52336625562736572, penalty_k: 0.13432358594850513, scale_lr: 0.10304646040280696, EAO: 0.322
Trial 1264 finished with value: 0.3224794702887071 and parameters: {'window_influence': 0.5233662556273657, 'penalty_k': 0.13432358594850513, 'scale_lr': 0.10304646040280696}. Best is trial 1044 with value: 0.36650777071830365.
checkpoint_e29 window_influence: 0.48517644878352512, penalty_k: 0.11791381876828910, scale_lr: 0.12897312426890081, EAO: 0.342
Trial 1265 finished with value: 0.34236607291819054 and parameters: {'window_influence': 0.4851764487835251, 'penalty_k': 0.1179138187682891, 'scale_lr': 0.1289731242689008}. Best is trial 1044 with value: 0.36650777071830365.
checkpoint_e29 window_influence: 0.18831724784218395, penalty_k: 0.15958149159885954, scale_lr: 0.14304441335575510, EAO: 0.278
Trial 1266 finished with value: 0.2778987061768654 and parameters: {'window_influence': 0.18831724784218395, 'penalty_k': 0.15958149159885954, 'scale_lr': 0.1430444133557551}. Best is trial 1044 with value: 0.36650777071830365.
checkpoint_e29 window_influence: 0.50652046497231817, penalty_k: 0.17694661549172758, scale_lr: 0.55214886953910758, EAO: 0.311
Trial 1267 finished with value: 0.31059786996256983 and parameters: {'window_influence': 0.5065204649723182, 'penalty_k': 0.17694661549172758, 'scale_lr': 0.5521488695391076}. Best is trial 1044 with value: 0.36650777071830365.
checkpoint_e29 window_influence: 0.45342741039963275, penalty_k: 0.15070648402138401, scale_lr: 0.16804231127371008, EAO: 0.339
Trial 1268 finished with value: 0.338675936836213 and parameters: {'window_influence': 0.45342741039963275, 'penalty_k': 0.150706484021384, 'scale_lr': 0.16804231127371008}. Best is trial 1044 with value: 0.36650777071830365.
checkpoint_e29 window_influence: 0.49329516881250796, penalty_k: 0.51532176452354816, scale_lr: 0.15388751705754800, EAO: 0.295
Trial 1269 finished with value: 0.29454457162651104 and parameters: {'window_influence': 0.49329516881250796, 'penalty_k': 0.5153217645235482, 'scale_lr': 0.153887517057548}. Best is trial 1044 with value: 0.36650777071830365.
checkpoint_e29 window_influence: 0.47141510005773346, penalty_k: 0.10784215224893856, scale_lr: 0.67256019252621524, EAO: 0.331
Trial 1270 finished with value: 0.3313982237405814 and parameters: {'window_influence': 0.47141510005773346, 'penalty_k': 0.10784215224893856, 'scale_lr': 0.6725601925262152}. Best is trial 1044 with value: 0.36650777071830365.
checkpoint_e29 window_influence: 0.48176361137133555, penalty_k: 0.20388281958753079, scale_lr: 0.11476582180490250, EAO: 0.333
Trial 1271 finished with value: 0.33346835010710396 and parameters: {'window_influence': 0.48176361137133555, 'penalty_k': 0.2038828195875308, 'scale_lr': 0.1147658218049025}. Best is trial 1044 with value: 0.36650777071830365.
checkpoint_e29 window_influence: 0.53784754823638625, penalty_k: 0.13689337092712292, scale_lr: 0.17636782525229824, EAO: 0.315
Trial 1272 finished with value: 0.31505663901683423 and parameters: {'window_influence': 0.5378475482363863, 'penalty_k': 0.13689337092712292, 'scale_lr': 0.17636782525229824}. Best is trial 1044 with value: 0.36650777071830365.
checkpoint_e29 window_influence: 0.19706314535594541, penalty_k: 0.16248995325073273, scale_lr: 0.13961273678700731, EAO: 0.267
Trial 1273 finished with value: 0.2672890977868774 and parameters: {'window_influence': 0.1970631453559454, 'penalty_k': 0.16248995325073273, 'scale_lr': 0.1396127367870073}. Best is trial 1044 with value: 0.36650777071830365.
checkpoint_e29 window_influence: 0.51000015618723549, penalty_k: 0.14921664360628317, scale_lr: 0.18944512006527492, EAO: 0.333
Trial 1274 finished with value: 0.33338385286962013 and parameters: {'window_influence': 0.5100001561872355, 'penalty_k': 0.14921664360628317, 'scale_lr': 0.18944512006527492}. Best is trial 1044 with value: 0.36650777071830365.
checkpoint_e29 window_influence: 0.12228119477031663, penalty_k: 0.45462646852156280, scale_lr: 0.51316273921332445, EAO: 0.250
Trial 1275 finished with value: 0.24990044626976265 and parameters: {'window_influence': 0.12228119477031663, 'penalty_k': 0.4546264685215628, 'scale_lr': 0.5131627392133244}. Best is trial 1044 with value: 0.36650777071830365.
checkpoint_e29 window_influence: 0.49637255421880905, penalty_k: 0.12459004730888562, scale_lr: 0.15777683238559431, EAO: 0.360
Trial 1276 finished with value: 0.3599312162816756 and parameters: {'window_influence': 0.49637255421880905, 'penalty_k': 0.12459004730888562, 'scale_lr': 0.1577768323855943}. Best is trial 1044 with value: 0.36650777071830365.
checkpoint_e29 window_influence: 0.49709212439927086, penalty_k: 0.12486616787211274, scale_lr: 0.70736734540063440, EAO: 0.323
Trial 1277 finished with value: 0.32341671175529985 and parameters: {'window_influence': 0.49709212439927086, 'penalty_k': 0.12486616787211274, 'scale_lr': 0.7073673454006344}. Best is trial 1044 with value: 0.36650777071830365.
checkpoint_e29 window_influence: 0.28550605213146574, penalty_k: 0.11801380196221074, scale_lr: 0.72469816153133793, EAO: 0.303
Trial 1278 finished with value: 0.30325764666967353 and parameters: {'window_influence': 0.28550605213146574, 'penalty_k': 0.11801380196221074, 'scale_lr': 0.7246981615313379}. Best is trial 1044 with value: 0.36650777071830365.
checkpoint_e29 window_influence: 0.52449164038539831, penalty_k: 0.13297682963167956, scale_lr: 0.69949209866788520, EAO: 0.298
Trial 1279 finished with value: 0.297751976184344 and parameters: {'window_influence': 0.5244916403853983, 'penalty_k': 0.13297682963167956, 'scale_lr': 0.6994920986678852}. Best is trial 1044 with value: 0.36650777071830365.
checkpoint_e29 window_influence: 0.14492498628733794, penalty_k: 0.10682144637070520, scale_lr: 0.12438660309183225, EAO: 0.272
Trial 1280 finished with value: 0.2717816798951375 and parameters: {'window_influence': 0.14492498628733794, 'penalty_k': 0.1068214463707052, 'scale_lr': 0.12438660309183225}. Best is trial 1044 with value: 0.36650777071830365.
checkpoint_e29 window_influence: 0.50236536681690225, penalty_k: 0.12602418986334876, scale_lr: 0.15468128308652759, EAO: 0.320
Trial 1281 finished with value: 0.32010206139505143 and parameters: {'window_influence': 0.5023653668169022, 'penalty_k': 0.12602418986334876, 'scale_lr': 0.1546812830865276}. Best is trial 1044 with value: 0.36650777071830365.
checkpoint_e29 window_influence: 0.16411792203832845, penalty_k: 0.21554594728403881, scale_lr: 0.36316551537128838, EAO: 0.275
Trial 1282 finished with value: 0.2751719148590407 and parameters: {'window_influence': 0.16411792203832845, 'penalty_k': 0.2155459472840388, 'scale_lr': 0.3631655153712884}. Best is trial 1044 with value: 0.36650777071830365.
checkpoint_e29 window_influence: 0.52163608305101494, penalty_k: 0.13774093796410056, scale_lr: 0.56136605164219144, EAO: 0.305
Trial 1283 finished with value: 0.3052319937063098 and parameters: {'window_influence': 0.5216360830510149, 'penalty_k': 0.13774093796410056, 'scale_lr': 0.5613660516421914}. Best is trial 1044 with value: 0.36650777071830365.
checkpoint_e29 window_influence: 0.46588684363812477, penalty_k: 0.10904813371554586, scale_lr: 0.77376641730957352, EAO: 0.337
Trial 1284 finished with value: 0.33749175721105434 and parameters: {'window_influence': 0.46588684363812477, 'penalty_k': 0.10904813371554586, 'scale_lr': 0.7737664173095735}. Best is trial 1044 with value: 0.36650777071830365.
checkpoint_e29 window_influence: 0.50767135333088542, penalty_k: 0.18713815969225492, scale_lr: 0.17244839463635225, EAO: 0.326
Trial 1285 finished with value: 0.3256670075399866 and parameters: {'window_influence': 0.5076713533308854, 'penalty_k': 0.18713815969225492, 'scale_lr': 0.17244839463635225}. Best is trial 1044 with value: 0.36650777071830365.
checkpoint_e29 window_influence: 0.51169756141188416, penalty_k: 0.14758652910112502, scale_lr: 0.48733350853393131, EAO: 0.303
Trial 1286 finished with value: 0.3032694412576549 and parameters: {'window_influence': 0.5116975614118842, 'penalty_k': 0.14758652910112502, 'scale_lr': 0.4873335085339313}. Best is trial 1044 with value: 0.36650777071830365.
checkpoint_e29 window_influence: 0.64158082251697057, penalty_k: 0.17006116226691512, scale_lr: 0.13464841976403133, EAO: 0.257
Trial 1287 finished with value: 0.2571285417455644 and parameters: {'window_influence': 0.6415808225169706, 'penalty_k': 0.17006116226691512, 'scale_lr': 0.13464841976403133}. Best is trial 1044 with value: 0.36650777071830365.
checkpoint_e29 window_influence: 0.49408710902753522, penalty_k: 0.49342677093522647, scale_lr: 0.18719666923325734, EAO: 0.319
Trial 1288 finished with value: 0.31879838634325836 and parameters: {'window_influence': 0.4940871090275352, 'penalty_k': 0.49342677093522647, 'scale_lr': 0.18719666923325734}. Best is trial 1044 with value: 0.36650777071830365.
checkpoint_e29 window_influence: 0.55699308214694121, penalty_k: 0.12740062856930284, scale_lr: 0.15086549903218635, EAO: 0.312
Trial 1289 finished with value: 0.3119461452914583 and parameters: {'window_influence': 0.5569930821469412, 'penalty_k': 0.12740062856930284, 'scale_lr': 0.15086549903218635}. Best is trial 1044 with value: 0.36650777071830365.
checkpoint_e29 window_influence: 0.17854348858468128, penalty_k: 0.56521344434284915, scale_lr: 0.68239562624849914, EAO: 0.276
Trial 1290 finished with value: 0.27633753685635815 and parameters: {'window_influence': 0.17854348858468128, 'penalty_k': 0.5652134443428491, 'scale_lr': 0.6823956262484991}. Best is trial 1044 with value: 0.36650777071830365.
checkpoint_e29 window_influence: 0.22918922497890160, penalty_k: 0.53898044605034889, scale_lr: 0.20980906669877736, EAO: 0.276
Trial 1291 finished with value: 0.27632035680318157 and parameters: {'window_influence': 0.2291892249789016, 'penalty_k': 0.5389804460503489, 'scale_lr': 0.20980906669877736}. Best is trial 1044 with value: 0.36650777071830365.
checkpoint_e29 window_influence: 0.47570348862843642, penalty_k: 0.09578851886404463, scale_lr: 0.44203282296463436, EAO: 0.341
Trial 1292 finished with value: 0.34126272484486203 and parameters: {'window_influence': 0.4757034886284364, 'penalty_k': 0.09578851886404463, 'scale_lr': 0.44203282296463436}. Best is trial 1044 with value: 0.36650777071830365.
checkpoint_e29 window_influence: 0.45050252895958703, penalty_k: 0.16585625664807402, scale_lr: 0.38777410413852753, EAO: 0.328
Trial 1293 finished with value: 0.32786843818449324 and parameters: {'window_influence': 0.45050252895958703, 'penalty_k': 0.16585625664807402, 'scale_lr': 0.38777410413852753}. Best is trial 1044 with value: 0.36650777071830365.
checkpoint_e29 window_influence: 0.08134631128905817, penalty_k: 0.13980723095374969, scale_lr: 0.52583411480343278, EAO: 0.262
Trial 1294 finished with value: 0.2621001203468338 and parameters: {'window_influence': 0.08134631128905817, 'penalty_k': 0.1398072309537497, 'scale_lr': 0.5258341148034328}. Best is trial 1044 with value: 0.36650777071830365.
checkpoint_e29 window_influence: 0.48707093153691788, penalty_k: 0.25630009319159613, scale_lr: 0.17491097165954478, EAO: 0.327
Trial 1295 finished with value: 0.32654848555646515 and parameters: {'window_influence': 0.4870709315369179, 'penalty_k': 0.25630009319159613, 'scale_lr': 0.17491097165954478}. Best is trial 1044 with value: 0.36650777071830365.
checkpoint_e29 window_influence: 0.51403130311267042, penalty_k: 0.11785304018638637, scale_lr: 0.76591632711525515, EAO: 0.307
Trial 1296 finished with value: 0.3074037007088791 and parameters: {'window_influence': 0.5140313031126704, 'penalty_k': 0.11785304018638637, 'scale_lr': 0.7659163271152551}. Best is trial 1044 with value: 0.36650777071830365.
checkpoint_e29 window_influence: 0.11141190594190470, penalty_k: 0.23055675319884150, scale_lr: 0.67254986978792552, EAO: 0.267
Trial 1297 finished with value: 0.2670667409201076 and parameters: {'window_influence': 0.1114119059419047, 'penalty_k': 0.2305567531988415, 'scale_lr': 0.6725498697879255}. Best is trial 1044 with value: 0.36650777071830365.
checkpoint_e29 window_influence: 0.27828250229049850, penalty_k: 0.15014025543212323, scale_lr: 0.69343994840280043, EAO: 0.294
Trial 1298 finished with value: 0.2942823710260688 and parameters: {'window_influence': 0.2782825022904985, 'penalty_k': 0.15014025543212323, 'scale_lr': 0.6934399484028004}. Best is trial 1044 with value: 0.36650777071830365.
checkpoint_e29 window_influence: 0.06838435987585967, penalty_k: 0.17599683499838362, scale_lr: 0.73493556156130468, EAO: 0.241
Trial 1299 finished with value: 0.24057207491379304 and parameters: {'window_influence': 0.06838435987585967, 'penalty_k': 0.17599683499838362, 'scale_lr': 0.7349355615613047}. Best is trial 1044 with value: 0.36650777071830365.
checkpoint_e29 window_influence: 0.49733439698012261, penalty_k: 0.19960428531576979, scale_lr: 0.11367408946777172, EAO: 0.345
Trial 1300 finished with value: 0.34512080802991696 and parameters: {'window_influence': 0.4973343969801226, 'penalty_k': 0.1996042853157698, 'scale_lr': 0.11367408946777172}. Best is trial 1044 with value: 0.36650777071830365.
checkpoint_e29 window_influence: 0.46921233872530188, penalty_k: 0.16026027709853274, scale_lr: 0.16540299334849295, EAO: 0.340
Trial 1301 finished with value: 0.3398444844475052 and parameters: {'window_influence': 0.4692123387253019, 'penalty_k': 0.16026027709853274, 'scale_lr': 0.16540299334849295}. Best is trial 1044 with value: 0.36650777071830365.
checkpoint_e29 window_influence: 0.52890884727309273, penalty_k: 0.57616371373616548, scale_lr: 0.41315389828938204, EAO: 0.293
Trial 1302 finished with value: 0.2930173696478981 and parameters: {'window_influence': 0.5289088472730927, 'penalty_k': 0.5761637137361655, 'scale_lr': 0.41315389828938204}. Best is trial 1044 with value: 0.36650777071830365.
checkpoint_e29 window_influence: 0.54436779060122220, penalty_k: 0.13521801341673997, scale_lr: 0.14257003977193985, EAO: 0.308
Trial 1303 finished with value: 0.308212483091577 and parameters: {'window_influence': 0.5443677906012222, 'penalty_k': 0.13521801341673997, 'scale_lr': 0.14257003977193985}. Best is trial 1044 with value: 0.36650777071830365.
checkpoint_e29 window_influence: 0.45600336482881954, penalty_k: 0.18823358141209742, scale_lr: 0.71660286786753102, EAO: 0.330
Trial 1304 finished with value: 0.3302883450159303 and parameters: {'window_influence': 0.45600336482881954, 'penalty_k': 0.18823358141209742, 'scale_lr': 0.716602867867531}. Best is trial 1044 with value: 0.36650777071830365.
checkpoint_e29 window_influence: 0.48065120476272949, penalty_k: 0.00533534655331830, scale_lr: 0.78422635693092035, EAO: 0.341
Trial 1305 finished with value: 0.3411069542517458 and parameters: {'window_influence': 0.4806512047627295, 'penalty_k': 0.005335346553318302, 'scale_lr': 0.7842263569309204}. Best is trial 1044 with value: 0.36650777071830365.
checkpoint_e29 window_influence: 0.49468645233908809, penalty_k: 0.09552803234031086, scale_lr: 0.49836139413255420, EAO: 0.346
Trial 1306 finished with value: 0.34571552021494173 and parameters: {'window_influence': 0.4946864523390881, 'penalty_k': 0.09552803234031086, 'scale_lr': 0.4983613941325542}. Best is trial 1044 with value: 0.36650777071830365.
checkpoint_e29 window_influence: 0.46054555404584430, penalty_k: 0.23399406530250916, scale_lr: 0.54657009169976345, EAO: 0.316
Trial 1307 finished with value: 0.3164786981701387 and parameters: {'window_influence': 0.4605455540458443, 'penalty_k': 0.23399406530250916, 'scale_lr': 0.5465700916997634}. Best is trial 1044 with value: 0.36650777071830365.
checkpoint_e29 window_influence: 0.47989230644999936, penalty_k: 0.12700788972384899, scale_lr: 0.20000317735884560, EAO: 0.328
Trial 1308 finished with value: 0.3283875358475785 and parameters: {'window_influence': 0.47989230644999936, 'penalty_k': 0.127007889723849, 'scale_lr': 0.2000031773588456}. Best is trial 1044 with value: 0.36650777071830365.
checkpoint_e29 window_influence: 0.51357038490059170, penalty_k: 0.15477953283250251, scale_lr: 0.12500319944160987, EAO: 0.325
Trial 1309 finished with value: 0.325168279300404 and parameters: {'window_influence': 0.5135703849005917, 'penalty_k': 0.1547795328325025, 'scale_lr': 0.12500319944160987}. Best is trial 1044 with value: 0.36650777071830365.
checkpoint_e29 window_influence: 0.48999265769536432, penalty_k: 0.14412967827024128, scale_lr: 0.75122551635854407, EAO: 0.336
Trial 1310 finished with value: 0.33604285236926396 and parameters: {'window_influence': 0.4899926576953643, 'penalty_k': 0.14412967827024128, 'scale_lr': 0.7512255163585441}. Best is trial 1044 with value: 0.36650777071830365.
checkpoint_e29 window_influence: 0.15316721162874672, penalty_k: 0.11222763444034387, scale_lr: 0.46780998453421624, EAO: 0.286
Trial 1311 finished with value: 0.28612813933350234 and parameters: {'window_influence': 0.15316721162874672, 'penalty_k': 0.11222763444034387, 'scale_lr': 0.46780998453421624}. Best is trial 1044 with value: 0.36650777071830365.
checkpoint_e29 window_influence: 0.50157513336635029, penalty_k: 0.17102598703871164, scale_lr: 0.15877411622650991, EAO: 0.326
Trial 1312 finished with value: 0.32612018078449634 and parameters: {'window_influence': 0.5015751333663503, 'penalty_k': 0.17102598703871164, 'scale_lr': 0.15877411622650991}. Best is trial 1044 with value: 0.36650777071830365.
checkpoint_e29 window_influence: 0.57005481350700005, penalty_k: 0.21715756863648467, scale_lr: 0.22023567681247352, EAO: 0.310
Trial 1313 finished with value: 0.31027568424490176 and parameters: {'window_influence': 0.570054813507, 'penalty_k': 0.21715756863648467, 'scale_lr': 0.22023567681247352}. Best is trial 1044 with value: 0.36650777071830365.
checkpoint_e29 window_influence: 0.27379814994266949, penalty_k: 0.52394247378758207, scale_lr: 0.18573225935695906, EAO: 0.299
Trial 1314 finished with value: 0.29865076326210677 and parameters: {'window_influence': 0.2737981499426695, 'penalty_k': 0.5239424737875821, 'scale_lr': 0.18573225935695906}. Best is trial 1044 with value: 0.36650777071830365.
checkpoint_e29 window_influence: 0.46930438853634665, penalty_k: 0.12217612793040326, scale_lr: 0.57150276036359526, EAO: 0.335
Trial 1315 finished with value: 0.3351321388543348 and parameters: {'window_influence': 0.46930438853634665, 'penalty_k': 0.12217612793040326, 'scale_lr': 0.5715027603635953}. Best is trial 1044 with value: 0.36650777071830365.
checkpoint_e29 window_influence: 0.53352772617926525, penalty_k: 0.01844303848020979, scale_lr: 0.10211068152428932, EAO: 0.330
Trial 1316 finished with value: 0.32958400927860915 and parameters: {'window_influence': 0.5335277261792652, 'penalty_k': 0.018443038480209787, 'scale_lr': 0.10211068152428932}. Best is trial 1044 with value: 0.36650777071830365.
checkpoint_e29 window_influence: 0.45095989180380064, penalty_k: 0.16128789429859477, scale_lr: 0.35800460315968818, EAO: 0.340
