Trial 1338 finished with value: 0.30422700622666204 and parameters: {'window_influence': 0.3846825176166702, 'penalty_k': 0.514855921426928, 'scale_lr': 0.35922086055071967}. Best is trial 896 with value: 0.3777425812144224.
checkpoint_e33 window_influence: 0.55488841787776733, penalty_k: 0.14419377789869925, scale_lr: 0.33276362185485442, EAO: 0.299
Trial 1339 finished with value: 0.2994938847039924 and parameters: {'window_influence': 0.5548884178777673, 'penalty_k': 0.14419377789869925, 'scale_lr': 0.3327636218548544}. Best is trial 896 with value: 0.3777425812144224.
checkpoint_e33 window_influence: 0.45881356157875774, penalty_k: 0.38978739712803268, scale_lr: 0.28112864562871853, EAO: 0.324
Trial 1340 finished with value: 0.32365091058066847 and parameters: {'window_influence': 0.45881356157875774, 'penalty_k': 0.3897873971280327, 'scale_lr': 0.28112864562871853}. Best is trial 896 with value: 0.3777425812144224.
checkpoint_e33 window_influence: 0.29785414668877092, penalty_k: 0.18842502138865552, scale_lr: 0.30487594846387034, EAO: 0.297
Trial 1341 finished with value: 0.29686382737605027 and parameters: {'window_influence': 0.2978541466887709, 'penalty_k': 0.18842502138865552, 'scale_lr': 0.30487594846387034}. Best is trial 896 with value: 0.3777425812144224.
checkpoint_e33 window_influence: 0.47402967871860757, penalty_k: 0.17121583170275287, scale_lr: 0.75607748604670222, EAO: 0.333
Trial 1342 finished with value: 0.33266316116551947 and parameters: {'window_influence': 0.47402967871860757, 'penalty_k': 0.17121583170275287, 'scale_lr': 0.7560774860467022}. Best is trial 896 with value: 0.3777425812144224.
checkpoint_e33 window_influence: 0.44244470195705293, penalty_k: 0.35291902887829107, scale_lr: 0.29735396547859916, EAO: 0.337
Trial 1343 finished with value: 0.33702223159459777 and parameters: {'window_influence': 0.44244470195705293, 'penalty_k': 0.3529190288782911, 'scale_lr': 0.29735396547859916}. Best is trial 896 with value: 0.3777425812144224.
checkpoint_e33 window_influence: 0.48587983382190153, penalty_k: 0.32662991521036389, scale_lr: 0.50613808829701368, EAO: 0.302
Trial 1344 finished with value: 0.3016460441081904 and parameters: {'window_influence': 0.48587983382190153, 'penalty_k': 0.3266299152103639, 'scale_lr': 0.5061380882970137}. Best is trial 896 with value: 0.3777425812144224.
checkpoint_e33 window_influence: 0.36313293598317969, penalty_k: 0.54892996718959886, scale_lr: 0.19682469270849715, EAO: 0.318
Trial 1345 finished with value: 0.3175658151101509 and parameters: {'window_influence': 0.3631329359831797, 'penalty_k': 0.5489299671895989, 'scale_lr': 0.19682469270849715}. Best is trial 896 with value: 0.3777425812144224.
checkpoint_e33 window_influence: 0.46540053825336308, penalty_k: 0.20117526037144717, scale_lr: 0.67133001636219380, EAO: 0.351
Trial 1346 finished with value: 0.3514579158812645 and parameters: {'window_influence': 0.4654005382533631, 'penalty_k': 0.20117526037144717, 'scale_lr': 0.6713300163621938}. Best is trial 896 with value: 0.3777425812144224.
checkpoint_e33 window_influence: 0.52838168190108648, penalty_k: 0.25654029264447786, scale_lr: 0.65540873852626702, EAO: 0.281
Trial 1347 finished with value: 0.2810521466142936 and parameters: {'window_influence': 0.5283816819010865, 'penalty_k': 0.25654029264447786, 'scale_lr': 0.655408738526267}. Best is trial 896 with value: 0.3777425812144224.
checkpoint_e33 window_influence: 0.45050092231167460, penalty_k: 0.10168688779125068, scale_lr: 0.23394405981812752, EAO: 0.351
Trial 1348 finished with value: 0.3505999115422542 and parameters: {'window_influence': 0.4505009223116746, 'penalty_k': 0.10168688779125068, 'scale_lr': 0.23394405981812752}. Best is trial 896 with value: 0.3777425812144224.
checkpoint_e33 window_influence: 0.10677986488452745, penalty_k: 0.12212182454027284, scale_lr: 0.33894840361966222, EAO: 0.259
Trial 1349 finished with value: 0.25904286087486994 and parameters: {'window_influence': 0.10677986488452745, 'penalty_k': 0.12212182454027284, 'scale_lr': 0.3389484036196622}. Best is trial 896 with value: 0.3777425812144224.
checkpoint_e33 window_influence: 0.32638810133718132, penalty_k: 0.08175033003354591, scale_lr: 0.39744633304903765, EAO: 0.310
Trial 1350 finished with value: 0.31034387392988466 and parameters: {'window_influence': 0.3263881013371813, 'penalty_k': 0.08175033003354591, 'scale_lr': 0.39744633304903765}. Best is trial 896 with value: 0.3777425812144224.
checkpoint_e33 window_influence: 0.57543945467418089, penalty_k: 0.16019449471634534, scale_lr: 0.69160655405538018, EAO: 0.261
Trial 1351 finished with value: 0.2605610513617556 and parameters: {'window_influence': 0.5754394546741809, 'penalty_k': 0.16019449471634534, 'scale_lr': 0.6916065540553802}. Best is trial 896 with value: 0.3777425812144224.
checkpoint_e33 window_influence: 0.49659328221584031, penalty_k: 0.22034390545633603, scale_lr: 0.25778263376096017, EAO: 0.311
Trial 1352 finished with value: 0.31089393307494745 and parameters: {'window_influence': 0.4965932822158403, 'penalty_k': 0.22034390545633603, 'scale_lr': 0.25778263376096017}. Best is trial 896 with value: 0.3777425812144224.
checkpoint_e33 window_influence: 0.51269649280249097, penalty_k: 0.47771996287945134, scale_lr: 0.32246215728929750, EAO: 0.298
Trial 1353 finished with value: 0.2980854332099165 and parameters: {'window_influence': 0.512696492802491, 'penalty_k': 0.47771996287945134, 'scale_lr': 0.3224621572892975}. Best is trial 896 with value: 0.3777425812144224.
checkpoint_e33 window_influence: 0.43436786802236932, penalty_k: 0.06840129619500837, scale_lr: 0.72899265131218616, EAO: 0.324
Trial 1354 finished with value: 0.32361067414051825 and parameters: {'window_influence': 0.4343678680223693, 'penalty_k': 0.06840129619500837, 'scale_lr': 0.7289926513121862}. Best is trial 896 with value: 0.3777425812144224.
checkpoint_e33 window_influence: 0.47711776708219988, penalty_k: 0.53488441782958485, scale_lr: 0.20941854890923400, EAO: 0.292
Trial 1355 finished with value: 0.2924755440031972 and parameters: {'window_influence': 0.4771177670821999, 'penalty_k': 0.5348844178295848, 'scale_lr': 0.209418548909234}. Best is trial 896 with value: 0.3777425812144224.
checkpoint_e33 window_influence: 0.45977729219374414, penalty_k: 0.23517943557716359, scale_lr: 0.32418543365280467, EAO: 0.339
Trial 1356 finished with value: 0.33942466997450893 and parameters: {'window_influence': 0.45977729219374414, 'penalty_k': 0.2351794355771636, 'scale_lr': 0.32418543365280467}. Best is trial 896 with value: 0.3777425812144224.
checkpoint_e33 window_influence: 0.48504475091043242, penalty_k: 0.13506512917030147, scale_lr: 0.49522109289095817, EAO: 0.349
Trial 1357 finished with value: 0.3489966471371484 and parameters: {'window_influence': 0.4850447509104324, 'penalty_k': 0.13506512917030147, 'scale_lr': 0.49522109289095817}. Best is trial 896 with value: 0.3777425812144224.
checkpoint_e33 window_influence: 0.50077649049782524, penalty_k: 0.50751784321747595, scale_lr: 0.42272517719563468, EAO: 0.307
Trial 1358 finished with value: 0.30695429055839196 and parameters: {'window_influence': 0.5007764904978252, 'penalty_k': 0.507517843217476, 'scale_lr': 0.4227251771956347}. Best is trial 896 with value: 0.3777425812144224.
checkpoint_e33 window_influence: 0.34063706246424197, penalty_k: 0.14877203550268911, scale_lr: 0.52022162130665217, EAO: 0.284
Trial 1359 finished with value: 0.28446780597421445 and parameters: {'window_influence': 0.34063706246424197, 'penalty_k': 0.1487720355026891, 'scale_lr': 0.5202216213066522}. Best is trial 896 with value: 0.3777425812144224.
checkpoint_e33 window_influence: 0.41818101334947599, penalty_k: 0.17951781988510487, scale_lr: 0.24835668610663597, EAO: 0.333
Trial 1360 finished with value: 0.3331043644869838 and parameters: {'window_influence': 0.418181013349476, 'penalty_k': 0.17951781988510487, 'scale_lr': 0.24835668610663597}. Best is trial 896 with value: 0.3777425812144224.
checkpoint_e33 window_influence: 0.46969463193310473, penalty_k: 0.31828646025836071, scale_lr: 0.47607846658098546, EAO: 0.340
Trial 1361 finished with value: 0.33982170196358796 and parameters: {'window_influence': 0.46969463193310473, 'penalty_k': 0.3182864602583607, 'scale_lr': 0.47607846658098546}. Best is trial 896 with value: 0.3777425812144224.
checkpoint_e33 window_influence: 0.21942928694293243, penalty_k: 0.26787352908879197, scale_lr: 0.38977227895718664, EAO: 0.278
Trial 1362 finished with value: 0.2776006032868582 and parameters: {'window_influence': 0.21942928694293243, 'penalty_k': 0.267873529088792, 'scale_lr': 0.38977227895718664}. Best is trial 896 with value: 0.3777425812144224.
checkpoint_e33 window_influence: 0.51642123073719559, penalty_k: 0.49204626392833894, scale_lr: 0.74418088155897544, EAO: 0.301
Trial 1363 finished with value: 0.3006657292986658 and parameters: {'window_influence': 0.5164212307371956, 'penalty_k': 0.49204626392833894, 'scale_lr': 0.7441808815589754}. Best is trial 896 with value: 0.3777425812144224.
checkpoint_e33 window_influence: 0.45061393364448454, penalty_k: 0.24519933219037382, scale_lr: 0.43681459097104497, EAO: 0.350
Trial 1364 finished with value: 0.3503992870623963 and parameters: {'window_influence': 0.45061393364448454, 'penalty_k': 0.24519933219037382, 'scale_lr': 0.43681459097104497}. Best is trial 896 with value: 0.3777425812144224.
checkpoint_e33 window_influence: 0.48066501348753510, penalty_k: 0.20200047873125349, scale_lr: 0.67995915477887692, EAO: 0.328
Trial 1365 finished with value: 0.32832930152982126 and parameters: {'window_influence': 0.4806650134875351, 'penalty_k': 0.20200047873125349, 'scale_lr': 0.6799591547788769}. Best is trial 896 with value: 0.3777425812144224.
checkpoint_e33 window_influence: 0.49709736397071802, penalty_k: 0.09676545956921467, scale_lr: 0.77204371300774910, EAO: 0.332
Trial 1366 finished with value: 0.3318227864656931 and parameters: {'window_influence': 0.497097363970718, 'penalty_k': 0.09676545956921467, 'scale_lr': 0.7720437130077491}. Best is trial 896 with value: 0.3777425812144224.
checkpoint_e33 window_influence: 0.46862127656111263, penalty_k: 0.46328898512407779, scale_lr: 0.64460418954593879, EAO: 0.302
Trial 1367 finished with value: 0.30237053201356284 and parameters: {'window_influence': 0.46862127656111263, 'penalty_k': 0.4632889851240778, 'scale_lr': 0.6446041895459388}. Best is trial 896 with value: 0.3777425812144224.
checkpoint_e33 window_influence: 0.44210395073341313, penalty_k: 0.05875481667852720, scale_lr: 0.36302476958670382, EAO: 0.329
Trial 1368 finished with value: 0.32880641838919794 and parameters: {'window_influence': 0.44210395073341313, 'penalty_k': 0.0587548166785272, 'scale_lr': 0.3630247695867038}. Best is trial 896 with value: 0.3777425812144224.
checkpoint_e33 window_influence: 0.45848776745940101, penalty_k: 0.11808075466135809, scale_lr: 0.28532691230123114, EAO: 0.333
Trial 1369 finished with value: 0.3326061270580217 and parameters: {'window_influence': 0.458487767459401, 'penalty_k': 0.11808075466135809, 'scale_lr': 0.28532691230123114}. Best is trial 896 with value: 0.3777425812144224.
checkpoint_e33 window_influence: 0.63992322037319771, penalty_k: 0.30158208921942697, scale_lr: 0.55115203757932185, EAO: 0.229
Trial 1370 finished with value: 0.22941394579317784 and parameters: {'window_influence': 0.6399232203731977, 'penalty_k': 0.301582089219427, 'scale_lr': 0.5511520375793219}. Best is trial 896 with value: 0.3777425812144224.
checkpoint_e33 window_influence: 0.48377351390226575, penalty_k: 0.39276775644256889, scale_lr: 0.46713968590488386, EAO: 0.323
Trial 1371 finished with value: 0.32273426959254864 and parameters: {'window_influence': 0.48377351390226575, 'penalty_k': 0.3927677564425689, 'scale_lr': 0.46713968590488386}. Best is trial 896 with value: 0.3777425812144224.
checkpoint_e33 window_influence: 0.34540232077712246, penalty_k: 0.42913952455536880, scale_lr: 0.70890335871674426, EAO: 0.318
Trial 1372 finished with value: 0.3182465443931201 and parameters: {'window_influence': 0.34540232077712246, 'penalty_k': 0.4291395245553688, 'scale_lr': 0.7089033587167443}. Best is trial 896 with value: 0.3777425812144224.
checkpoint_e33 window_influence: 0.26023060368717965, penalty_k: 0.07413727071466100, scale_lr: 0.50798591313382724, EAO: 0.277
Trial 1373 finished with value: 0.277456488938647 and parameters: {'window_influence': 0.26023060368717965, 'penalty_k': 0.074137270714661, 'scale_lr': 0.5079859131338272}. Best is trial 896 with value: 0.3777425812144224.
checkpoint_e33 window_influence: 0.52394248254943943, penalty_k: 0.01537751591090764, scale_lr: 0.10355415719176776, EAO: 0.336
Trial 1374 finished with value: 0.33596100394364 and parameters: {'window_influence': 0.5239424825494394, 'penalty_k': 0.015377515910907642, 'scale_lr': 0.10355415719176776}. Best is trial 896 with value: 0.3777425812144224.
checkpoint_e33 window_influence: 0.13923872466212489, penalty_k: 0.15269571863226136, scale_lr: 0.49192440505472085, EAO: 0.262
Trial 1375 finished with value: 0.2622388451711677 and parameters: {'window_influence': 0.1392387246621249, 'penalty_k': 0.15269571863226136, 'scale_lr': 0.49192440505472085}. Best is trial 896 with value: 0.3777425812144224.
checkpoint_e33 window_influence: 0.39498077768213347, penalty_k: 0.22925314764515686, scale_lr: 0.22493634788294725, EAO: 0.322
Trial 1376 finished with value: 0.32191529945408787 and parameters: {'window_influence': 0.39498077768213347, 'penalty_k': 0.22925314764515686, 'scale_lr': 0.22493634788294725}. Best is trial 896 with value: 0.3777425812144224.
checkpoint_e33 window_influence: 0.49252243502204862, penalty_k: 0.13505270053302446, scale_lr: 0.52416675761690146, EAO: 0.345
Trial 1377 finished with value: 0.3448920172244194 and parameters: {'window_influence': 0.4925224350220486, 'penalty_k': 0.13505270053302446, 'scale_lr': 0.5241667576169015}. Best is trial 896 with value: 0.3777425812144224.
checkpoint_e33 window_influence: 0.40870364828536704, penalty_k: 0.24945933865186509, scale_lr: 0.11688324632193291, EAO: 0.319
Trial 1378 finished with value: 0.3191968684994293 and parameters: {'window_influence': 0.40870364828536704, 'penalty_k': 0.2494593386518651, 'scale_lr': 0.11688324632193291}. Best is trial 896 with value: 0.3777425812144224.
checkpoint_e33 window_influence: 0.60926976550640144, penalty_k: 0.21207618134806008, scale_lr: 0.66525303758116971, EAO: 0.244
Trial 1379 finished with value: 0.243565893184814 and parameters: {'window_influence': 0.6092697655064014, 'penalty_k': 0.21207618134806008, 'scale_lr': 0.6652530375811697}. Best is trial 896 with value: 0.3777425812144224.
checkpoint_e33 window_influence: 0.47265354531948967, penalty_k: 0.40122206790531917, scale_lr: 0.40743767354939431, EAO: 0.308
Trial 1380 finished with value: 0.3083631580093955 and parameters: {'window_influence': 0.47265354531948967, 'penalty_k': 0.40122206790531917, 'scale_lr': 0.4074376735493943}. Best is trial 896 with value: 0.3777425812144224.
checkpoint_e33 window_influence: 0.50753563583778294, penalty_k: 0.08740233119020349, scale_lr: 0.47973260847785609, EAO: 0.336
Trial 1381 finished with value: 0.336138107317431 and parameters: {'window_influence': 0.5075356358377829, 'penalty_k': 0.08740233119020349, 'scale_lr': 0.4797326084778561}. Best is trial 896 with value: 0.3777425812144224.
checkpoint_e33 window_influence: 0.62628672401697538, penalty_k: 0.16295573108471728, scale_lr: 0.69393391763482981, EAO: 0.248
Trial 1382 finished with value: 0.24800892017694762 and parameters: {'window_influence': 0.6262867240169754, 'penalty_k': 0.16295573108471728, 'scale_lr': 0.6939339176348298}. Best is trial 896 with value: 0.3777425812144224.
checkpoint_e33 window_influence: 0.29990116800964350, penalty_k: 0.28046868031823358, scale_lr: 0.42766608789566318, EAO: 0.308
Trial 1383 finished with value: 0.3078906763968301 and parameters: {'window_influence': 0.2999011680096435, 'penalty_k': 0.2804686803182336, 'scale_lr': 0.4276660878956632}. Best is trial 896 with value: 0.3777425812144224.
checkpoint_e33 window_influence: 0.15458465735769136, penalty_k: 0.49686686932393553, scale_lr: 0.78343168312834854, EAO: 0.278
Trial 1384 finished with value: 0.2777276442672492 and parameters: {'window_influence': 0.15458465735769136, 'penalty_k': 0.49686686932393553, 'scale_lr': 0.7834316831283485}. Best is trial 896 with value: 0.3777425812144224.
checkpoint_e33 window_influence: 0.07276092082237540, penalty_k: 0.18632662847040132, scale_lr: 0.37430460141080746, EAO: 0.256
Trial 1385 finished with value: 0.2564740394919763 and parameters: {'window_influence': 0.0727609208223754, 'penalty_k': 0.18632662847040132, 'scale_lr': 0.37430460141080746}. Best is trial 896 with value: 0.3777425812144224.
checkpoint_e33 window_influence: 0.23516239929916449, penalty_k: 0.06374892796221218, scale_lr: 0.33664432248266613, EAO: 0.285
Trial 1386 finished with value: 0.28461671437966685 and parameters: {'window_influence': 0.2351623992991645, 'penalty_k': 0.06374892796221218, 'scale_lr': 0.3366443224826661}. Best is trial 896 with value: 0.3777425812144224.
checkpoint_e33 window_influence: 0.45432458834283002, penalty_k: 0.26159548025649498, scale_lr: 0.72818181698322915, EAO: 0.333
Trial 1387 finished with value: 0.33275023740553206 and parameters: {'window_influence': 0.45432458834283, 'penalty_k': 0.261595480256495, 'scale_lr': 0.7281818169832291}. Best is trial 896 with value: 0.3777425812144224.
checkpoint_e33 window_influence: 0.44279957443138679, penalty_k: 0.02238532021485638, scale_lr: 0.30453003869234352, EAO: 0.307
Trial 1388 finished with value: 0.30689548785120596 and parameters: {'window_influence': 0.4427995744313868, 'penalty_k': 0.022385320214856376, 'scale_lr': 0.3045300386923435}. Best is trial 896 with value: 0.3777425812144224.
checkpoint_e33 window_influence: 0.42812289425984701, penalty_k: 0.52232935497118793, scale_lr: 0.54388790830354372, EAO: 0.322
Trial 1389 finished with value: 0.322255086864015 and parameters: {'window_influence': 0.428122894259847, 'penalty_k': 0.5223293549711879, 'scale_lr': 0.5438879083035437}. Best is trial 896 with value: 0.3777425812144224.
checkpoint_e33 window_influence: 0.53956259823501040, penalty_k: 0.34316420259797809, scale_lr: 0.75951956023281331, EAO: 0.280
Trial 1390 finished with value: 0.2800237042430774 and parameters: {'window_influence': 0.5395625982350104, 'penalty_k': 0.3431642025979781, 'scale_lr': 0.7595195602328133}. Best is trial 896 with value: 0.3777425812144224.
checkpoint_e33 window_influence: 0.46541851205206841, penalty_k: 0.44429722960575191, scale_lr: 0.21287636645721744, EAO: 0.327
Trial 1391 finished with value: 0.3266724320237275 and parameters: {'window_influence': 0.4654185120520684, 'penalty_k': 0.4442972296057519, 'scale_lr': 0.21287636645721744}. Best is trial 896 with value: 0.3777425812144224.
checkpoint_e33 window_influence: 0.48374923460551050, penalty_k: 0.35659241570373257, scale_lr: 0.13129437374239489, EAO: 0.320
Trial 1392 finished with value: 0.31977202021426265 and parameters: {'window_influence': 0.4837492346055105, 'penalty_k': 0.35659241570373257, 'scale_lr': 0.1312943737423949}. Best is trial 896 with value: 0.3777425812144224.
checkpoint_e33 window_influence: 0.50205592453928261, penalty_k: 0.17524876694578345, scale_lr: 0.64152049161742908, EAO: 0.330
Trial 1393 finished with value: 0.33036348397629733 and parameters: {'window_influence': 0.5020559245392826, 'penalty_k': 0.17524876694578345, 'scale_lr': 0.6415204916174291}. Best is trial 896 with value: 0.3777425812144224.
checkpoint_e33 window_influence: 0.47146647485958160, penalty_k: 0.28839765934146389, scale_lr: 0.45793184646165519, EAO: 0.336
Trial 1394 finished with value: 0.33633299699553254 and parameters: {'window_influence': 0.4714664748595816, 'penalty_k': 0.2883976593414639, 'scale_lr': 0.4579318464616552}. Best is trial 896 with value: 0.3777425812144224.
checkpoint_e33 window_influence: 0.49148888349771619, penalty_k: 0.36372862405144168, scale_lr: 0.58788106300044662, EAO: 0.315
Trial 1395 finished with value: 0.31451511348267935 and parameters: {'window_influence': 0.4914888834977162, 'penalty_k': 0.3637286240514417, 'scale_lr': 0.5878810630004466}. Best is trial 896 with value: 0.3777425812144224.
checkpoint_e33 window_influence: 0.55014160823771818, penalty_k: 0.10016356883271729, scale_lr: 0.43773076930504856, EAO: 0.298
Trial 1396 finished with value: 0.2982374808899623 and parameters: {'window_influence': 0.5501416082377182, 'penalty_k': 0.10016356883271729, 'scale_lr': 0.43773076930504856}. Best is trial 896 with value: 0.3777425812144224.
checkpoint_e33 window_influence: 0.35871228527090526, penalty_k: 0.05207768454722513, scale_lr: 0.57495673159519622, EAO: 0.336
Trial 1397 finished with value: 0.33599969466372687 and parameters: {'window_influence': 0.35871228527090526, 'penalty_k': 0.05207768454722513, 'scale_lr': 0.5749567315951962}. Best is trial 896 with value: 0.3777425812144224.
checkpoint_e33 window_influence: 0.45323025144329870, penalty_k: 0.01084041337313953, scale_lr: 0.26538496712436171, EAO: 0.323
Trial 1398 finished with value: 0.3225728729703547 and parameters: {'window_influence': 0.4532302514432987, 'penalty_k': 0.010840413373139526, 'scale_lr': 0.2653849671243617}. Best is trial 896 with value: 0.3777425812144224.
checkpoint_e33 window_influence: 0.51864903493744130, penalty_k: 0.55255463854966691, scale_lr: 0.49523683377972005, EAO: 0.303
Trial 1399 finished with value: 0.30332926292595697 and parameters: {'window_influence': 0.5186490349374413, 'penalty_k': 0.5525546385496669, 'scale_lr': 0.49523683377972005}. Best is trial 896 with value: 0.3777425812144224.
checkpoint_e33 window_influence: 0.46289608149245853, penalty_k: 0.19528262231831539, scale_lr: 0.18606121015320060, EAO: 0.354
