Trial 310 finished with value: 0.3349323786418262 and parameters: {'window_influence': 0.4656735436419298, 'penalty_k': 0.020370317050634197, 'scale_lr': 0.394921007829469}. Best is trial 32 with value: 0.38394216433573325.
checkpoint_e23 window_influence: 0.47854449280027439, penalty_k: 0.06300986798342917, scale_lr: 0.61607196772888118, EAO: 0.329
Trial 311 finished with value: 0.32940246524282 and parameters: {'window_influence': 0.4785444928002744, 'penalty_k': 0.06300986798342917, 'scale_lr': 0.6160719677288812}. Best is trial 32 with value: 0.38394216433573325.
checkpoint_e23 window_influence: 0.45166958973476973, penalty_k: 0.10780484894299691, scale_lr: 0.32570944623086834, EAO: 0.352
Trial 312 finished with value: 0.35238220418009775 and parameters: {'window_influence': 0.4516695897347697, 'penalty_k': 0.10780484894299691, 'scale_lr': 0.32570944623086834}. Best is trial 32 with value: 0.38394216433573325.
checkpoint_e23 window_influence: 0.49025062223035476, penalty_k: 0.07909637812334942, scale_lr: 0.52311925542955462, EAO: 0.340
Trial 313 finished with value: 0.3404932964868583 and parameters: {'window_influence': 0.49025062223035476, 'penalty_k': 0.07909637812334942, 'scale_lr': 0.5231192554295546}. Best is trial 32 with value: 0.38394216433573325.
checkpoint_e23 window_influence: 0.46960556664220432, penalty_k: 0.22953868100405606, scale_lr: 0.37523313780657247, EAO: 0.317
Trial 314 finished with value: 0.31714852125264326 and parameters: {'window_influence': 0.4696055666422043, 'penalty_k': 0.22953868100405606, 'scale_lr': 0.37523313780657247}. Best is trial 32 with value: 0.38394216433573325.
checkpoint_e23 window_influence: 0.41398797418238453, penalty_k: 0.00990971383519153, scale_lr: 0.34488991190494966, EAO: 0.337
Trial 315 finished with value: 0.33739052220077365 and parameters: {'window_influence': 0.41398797418238453, 'penalty_k': 0.009909713835191528, 'scale_lr': 0.34488991190494966}. Best is trial 32 with value: 0.38394216433573325.
checkpoint_e23 window_influence: 0.51375539286349547, penalty_k: 0.29468420462863831, scale_lr: 0.41214532031531376, EAO: 0.305
Trial 316 finished with value: 0.3053725198896942 and parameters: {'window_influence': 0.5137553928634955, 'penalty_k': 0.2946842046286383, 'scale_lr': 0.41214532031531376}. Best is trial 32 with value: 0.38394216433573325.
checkpoint_e23 window_influence: 0.43854438742651697, penalty_k: 0.21526505331359469, scale_lr: 0.56932574067503683, EAO: 0.324
Trial 317 finished with value: 0.32393503450002187 and parameters: {'window_influence': 0.43854438742651697, 'penalty_k': 0.2152650533135947, 'scale_lr': 0.5693257406750368}. Best is trial 32 with value: 0.38394216433573325.
checkpoint_e23 window_influence: 0.49327024548899823, penalty_k: 0.03793174401931994, scale_lr: 0.46944528711511158, EAO: 0.350
Trial 318 finished with value: 0.3503553358265398 and parameters: {'window_influence': 0.4932702454889982, 'penalty_k': 0.03793174401931994, 'scale_lr': 0.4694452871151116}. Best is trial 32 with value: 0.38394216433573325.
checkpoint_e23 window_influence: 0.45811462788409579, penalty_k: 0.05279736160339941, scale_lr: 0.43130912134388666, EAO: 0.339
Trial 319 finished with value: 0.338814600316467 and parameters: {'window_influence': 0.4581146278840958, 'penalty_k': 0.052797361603399415, 'scale_lr': 0.43130912134388666}. Best is trial 32 with value: 0.38394216433573325.
checkpoint_e23 window_influence: 0.48020401139789876, penalty_k: 0.02239713413960727, scale_lr: 0.36008730401995898, EAO: 0.355
Trial 320 finished with value: 0.35520312735078863 and parameters: {'window_influence': 0.48020401139789876, 'penalty_k': 0.022397134139607273, 'scale_lr': 0.360087304019959}. Best is trial 32 with value: 0.38394216433573325.
checkpoint_e23 window_influence: 0.50338670722150247, penalty_k: 0.00039811902008471, scale_lr: 0.58085933041963800, EAO: 0.334
Trial 321 finished with value: 0.33384790332400843 and parameters: {'window_influence': 0.5033867072215025, 'penalty_k': 0.00039811902008471465, 'scale_lr': 0.580859330419638}. Best is trial 32 with value: 0.38394216433573325.
checkpoint_e23 window_influence: 0.47417550011497062, penalty_k: 0.07266316531420187, scale_lr: 0.38543687985803177, EAO: 0.346
Trial 322 finished with value: 0.3460121629071143 and parameters: {'window_influence': 0.4741755001149706, 'penalty_k': 0.07266316531420187, 'scale_lr': 0.38543687985803177}. Best is trial 32 with value: 0.38394216433573325.
checkpoint_e23 window_influence: 0.48735037804638892, penalty_k: 0.03041318519834738, scale_lr: 0.48860444055841162, EAO: 0.346
Trial 323 finished with value: 0.3459075598865168 and parameters: {'window_influence': 0.4873503780463889, 'penalty_k': 0.03041318519834738, 'scale_lr': 0.4886044405584116}. Best is trial 32 with value: 0.38394216433573325.
checkpoint_e23 window_influence: 0.44675766852661375, penalty_k: 0.04538795582996832, scale_lr: 0.30331597815269673, EAO: 0.341
Trial 324 finished with value: 0.3406151724464698 and parameters: {'window_influence': 0.44675766852661375, 'penalty_k': 0.04538795582996832, 'scale_lr': 0.30331597815269673}. Best is trial 32 with value: 0.38394216433573325.
checkpoint_e23 window_influence: 0.46178097925524331, penalty_k: 0.24868084707354182, scale_lr: 0.40168146180871966, EAO: 0.316
Trial 325 finished with value: 0.31643875302739644 and parameters: {'window_influence': 0.4617809792552433, 'penalty_k': 0.24868084707354182, 'scale_lr': 0.40168146180871966}. Best is trial 32 with value: 0.38394216433573325.
checkpoint_e23 window_influence: 0.36056900615923543, penalty_k: 0.09468540437323814, scale_lr: 0.45161257365712659, EAO: 0.317
Trial 326 finished with value: 0.317259136224999 and parameters: {'window_influence': 0.36056900615923543, 'penalty_k': 0.09468540437323814, 'scale_lr': 0.4516125736571266}. Best is trial 32 with value: 0.38394216433573325.
checkpoint_e23 window_influence: 0.47974489891878819, penalty_k: 0.32810632659369765, scale_lr: 0.79590187320340455, EAO: 0.332
Trial 327 finished with value: 0.3318011063777983 and parameters: {'window_influence': 0.4797448989187882, 'penalty_k': 0.32810632659369765, 'scale_lr': 0.7959018732034046}. Best is trial 32 with value: 0.38394216433573325.
checkpoint_e23 window_influence: 0.49435408328254932, penalty_k: 0.06035819109123227, scale_lr: 0.22668423181669725, EAO: 0.312
Trial 328 finished with value: 0.3117276863829171 and parameters: {'window_influence': 0.4943540832825493, 'penalty_k': 0.06035819109123227, 'scale_lr': 0.22668423181669725}. Best is trial 32 with value: 0.38394216433573325.
checkpoint_e23 window_influence: 0.46848948687947534, penalty_k: 0.16574217245888226, scale_lr: 0.36702736405654951, EAO: 0.319
Trial 329 finished with value: 0.3186113189630471 and parameters: {'window_influence': 0.46848948687947534, 'penalty_k': 0.16574217245888226, 'scale_lr': 0.3670273640565495}. Best is trial 32 with value: 0.38394216433573325.
checkpoint_e23 window_influence: 0.53227873461014064, penalty_k: 0.01682017630964360, scale_lr: 0.43915300839778665, EAO: 0.342
Trial 330 finished with value: 0.34200988008354427 and parameters: {'window_influence': 0.5322787346101406, 'penalty_k': 0.0168201763096436, 'scale_lr': 0.43915300839778665}. Best is trial 32 with value: 0.38394216433573325.
checkpoint_e23 window_influence: 0.42934218889784209, penalty_k: 0.08374222514826681, scale_lr: 0.39433698951354296, EAO: 0.327
Trial 331 finished with value: 0.326926077850134 and parameters: {'window_influence': 0.4293421888978421, 'penalty_k': 0.0837422251482668, 'scale_lr': 0.39433698951354296}. Best is trial 32 with value: 0.38394216433573325.
checkpoint_e23 window_influence: 0.50765603134510029, penalty_k: 0.03508732724511422, scale_lr: 0.41731453729086093, EAO: 0.343
Trial 332 finished with value: 0.342695612271936 and parameters: {'window_influence': 0.5076560313451003, 'penalty_k': 0.035087327245114215, 'scale_lr': 0.41731453729086093}. Best is trial 32 with value: 0.38394216433573325.
checkpoint_e23 window_influence: 0.45358386360268732, penalty_k: 0.05172884294441792, scale_lr: 0.46250549493806553, EAO: 0.326
Trial 333 finished with value: 0.32575022768417683 and parameters: {'window_influence': 0.4535838636026873, 'penalty_k': 0.05172884294441792, 'scale_lr': 0.46250549493806553}. Best is trial 32 with value: 0.38394216433573325.
checkpoint_e23 window_influence: 0.48557738751194623, penalty_k: 0.02405679281785453, scale_lr: 0.33887162136308413, EAO: 0.347
Trial 334 finished with value: 0.34654491235310003 and parameters: {'window_influence': 0.48557738751194623, 'penalty_k': 0.024056792817854535, 'scale_lr': 0.33887162136308413}. Best is trial 32 with value: 0.38394216433573325.
checkpoint_e23 window_influence: 0.46932546321255164, penalty_k: 0.07067946273081763, scale_lr: 0.53805576345495276, EAO: 0.364
Trial 335 finished with value: 0.36378209716151194 and parameters: {'window_influence': 0.46932546321255164, 'penalty_k': 0.07067946273081763, 'scale_lr': 0.5380557634549528}. Best is trial 32 with value: 0.38394216433573325.
checkpoint_e23 window_influence: 0.33433540173315124, penalty_k: 0.07570515872932343, scale_lr: 0.60058450366031435, EAO: 0.319
Trial 336 finished with value: 0.3185978356734324 and parameters: {'window_influence': 0.33433540173315124, 'penalty_k': 0.07570515872932343, 'scale_lr': 0.6005845036603144}. Best is trial 32 with value: 0.38394216433573325.
checkpoint_e23 window_influence: 0.46300490724438925, penalty_k: 0.06402194454674875, scale_lr: 0.50548642335343619, EAO: 0.356
Trial 337 finished with value: 0.356317900961939 and parameters: {'window_influence': 0.46300490724438925, 'penalty_k': 0.06402194454674875, 'scale_lr': 0.5054864233534362}. Best is trial 32 with value: 0.38394216433573325.
checkpoint_e23 window_influence: 0.44235000516026035, penalty_k: 0.09745277400797143, scale_lr: 0.52866070977187740, EAO: 0.330
Trial 338 finished with value: 0.32977538831271086 and parameters: {'window_influence': 0.44235000516026035, 'penalty_k': 0.09745277400797143, 'scale_lr': 0.5286607097718774}. Best is trial 32 with value: 0.38394216433573325.
checkpoint_e23 window_influence: 0.47359755362097017, penalty_k: 0.08582309453702028, scale_lr: 0.51327181991848259, EAO: 0.351
Trial 339 finished with value: 0.35139485010841015 and parameters: {'window_influence': 0.47359755362097017, 'penalty_k': 0.08582309453702028, 'scale_lr': 0.5132718199184826}. Best is trial 32 with value: 0.38394216433573325.
checkpoint_e23 window_influence: 0.42181019775541978, penalty_k: 0.07069874703325528, scale_lr: 0.48273192226575395, EAO: 0.328
Trial 340 finished with value: 0.32780718467114967 and parameters: {'window_influence': 0.4218101977554198, 'penalty_k': 0.07069874703325528, 'scale_lr': 0.48273192226575395}. Best is trial 32 with value: 0.38394216433573325.
checkpoint_e23 window_influence: 0.49592771968669963, penalty_k: 0.24992743995849948, scale_lr: 0.58511548181815753, EAO: 0.329
Trial 341 finished with value: 0.32878140055715804 and parameters: {'window_influence': 0.49592771968669963, 'penalty_k': 0.24992743995849948, 'scale_lr': 0.5851154818181575}. Best is trial 32 with value: 0.38394216433573325.
checkpoint_e23 window_influence: 0.55045394023965089, penalty_k: 0.18083707313401043, scale_lr: 0.64187982033102264, EAO: 0.292
Trial 342 finished with value: 0.2915750381315729 and parameters: {'window_influence': 0.5504539402396509, 'penalty_k': 0.18083707313401043, 'scale_lr': 0.6418798203310226}. Best is trial 32 with value: 0.38394216433573325.
checkpoint_e23 window_influence: 0.52295985371924070, penalty_k: 0.05836143423574626, scale_lr: 0.37893418601509016, EAO: 0.335
Trial 343 finished with value: 0.3348629343602444 and parameters: {'window_influence': 0.5229598537192407, 'penalty_k': 0.05836143423574626, 'scale_lr': 0.37893418601509016}. Best is trial 32 with value: 0.38394216433573325.
checkpoint_e23 window_influence: 0.45375047776427557, penalty_k: 0.18523030687797201, scale_lr: 0.35204392802534157, EAO: 0.331
Trial 344 finished with value: 0.3312065894733607 and parameters: {'window_influence': 0.4537504777642756, 'penalty_k': 0.185230306877972, 'scale_lr': 0.35204392802534157}. Best is trial 32 with value: 0.38394216433573325.
checkpoint_e23 window_influence: 0.48409585307285874, penalty_k: 0.27738115624500836, scale_lr: 0.53884252734690818, EAO: 0.326
Trial 345 finished with value: 0.3256486849098354 and parameters: {'window_influence': 0.48409585307285874, 'penalty_k': 0.27738115624500836, 'scale_lr': 0.5388425273469082}. Best is trial 32 with value: 0.38394216433573325.
checkpoint_e23 window_influence: 0.50299271210686891, penalty_k: 0.19790511021909718, scale_lr: 0.53880525735901175, EAO: 0.352
Trial 346 finished with value: 0.35228490991815054 and parameters: {'window_influence': 0.5029927121068689, 'penalty_k': 0.19790511021909718, 'scale_lr': 0.5388052573590117}. Best is trial 32 with value: 0.38394216433573325.
checkpoint_e23 window_influence: 0.34526761682058199, penalty_k: 0.27432748462285139, scale_lr: 0.56417294990421685, EAO: 0.315
Trial 347 finished with value: 0.3154592359228357 and parameters: {'window_influence': 0.345267616820582, 'penalty_k': 0.2743274846228514, 'scale_lr': 0.5641729499042168}. Best is trial 32 with value: 0.38394216433573325.
checkpoint_e23 window_influence: 0.46860959675042535, penalty_k: 0.12176226970911683, scale_lr: 0.40358350501261159, EAO: 0.334
Trial 348 finished with value: 0.3343780083647034 and parameters: {'window_influence': 0.46860959675042535, 'penalty_k': 0.12176226970911683, 'scale_lr': 0.4035835050126116}. Best is trial 32 with value: 0.38394216433573325.
checkpoint_e23 window_influence: 0.23581023466605894, penalty_k: 0.17555910514019551, scale_lr: 0.38443658566279687, EAO: 0.284
Trial 349 finished with value: 0.2835537685726403 and parameters: {'window_influence': 0.23581023466605894, 'penalty_k': 0.17555910514019551, 'scale_lr': 0.38443658566279687}. Best is trial 32 with value: 0.38394216433573325.
checkpoint_e23 window_influence: 0.51503154449080268, penalty_k: 0.44867028957392940, scale_lr: 0.54460608737503868, EAO: 0.283
Trial 350 finished with value: 0.2826745606350064 and parameters: {'window_influence': 0.5150315444908027, 'penalty_k': 0.4486702895739294, 'scale_lr': 0.5446060873750387}. Best is trial 32 with value: 0.38394216433573325.
checkpoint_e23 window_influence: 0.60244272628568807, penalty_k: 0.51440994067661328, scale_lr: 0.51341287144113490, EAO: 0.231
Trial 351 finished with value: 0.230643663077039 and parameters: {'window_influence': 0.6024427262856881, 'penalty_k': 0.5144099406766133, 'scale_lr': 0.5134128714411349}. Best is trial 32 with value: 0.38394216433573325.
checkpoint_e23 window_influence: 0.47524491455418089, penalty_k: 0.04455297047381073, scale_lr: 0.56534992195110434, EAO: 0.354
Trial 352 finished with value: 0.354378470766869 and parameters: {'window_influence': 0.4752449145541809, 'penalty_k': 0.04455297047381073, 'scale_lr': 0.5653499219511043}. Best is trial 32 with value: 0.38394216433573325.
checkpoint_e23 window_influence: 0.38573229861193603, penalty_k: 0.10451914418213018, scale_lr: 0.49403193158053071, EAO: 0.315
Trial 353 finished with value: 0.3146564932648774 and parameters: {'window_influence': 0.38573229861193603, 'penalty_k': 0.10451914418213018, 'scale_lr': 0.4940319315805307}. Best is trial 32 with value: 0.38394216433573325.
checkpoint_e23 window_influence: 0.49098870136987111, penalty_k: 0.01148513395253372, scale_lr: 0.36965251533346177, EAO: 0.334
Trial 354 finished with value: 0.33398829545492326 and parameters: {'window_influence': 0.4909887013698711, 'penalty_k': 0.01148513395253372, 'scale_lr': 0.3696525153334618}. Best is trial 32 with value: 0.38394216433573325.
checkpoint_e23 window_influence: 0.45881441397727057, penalty_k: 0.07222772696288313, scale_lr: 0.47435707798558968, EAO: 0.332
Trial 355 finished with value: 0.3316954009611783 and parameters: {'window_influence': 0.4588144139772706, 'penalty_k': 0.07222772696288313, 'scale_lr': 0.4743570779855897}. Best is trial 32 with value: 0.38394216433573325.
checkpoint_e23 window_influence: 0.44155515273502860, penalty_k: 0.38955756630170357, scale_lr: 0.41751054140090615, EAO: 0.333
Trial 356 finished with value: 0.3334054014562169 and parameters: {'window_influence': 0.4415551527350286, 'penalty_k': 0.3895575663017036, 'scale_lr': 0.41751054140090615}. Best is trial 32 with value: 0.38394216433573325.
checkpoint_e23 window_influence: 0.29469720596801374, penalty_k: 0.04098329113120240, scale_lr: 0.39838829825763339, EAO: 0.317
Trial 357 finished with value: 0.3171215171016144 and parameters: {'window_influence': 0.29469720596801374, 'penalty_k': 0.0409832911312024, 'scale_lr': 0.3983882982576334}. Best is trial 32 with value: 0.38394216433573325.
checkpoint_e23 window_influence: 0.48280047982057239, penalty_k: 0.00035186558081423, scale_lr: 0.43597233783554373, EAO: 0.339
Trial 358 finished with value: 0.33852751095007366 and parameters: {'window_influence': 0.4828004798205724, 'penalty_k': 0.0003518655808142264, 'scale_lr': 0.43597233783554373}. Best is trial 32 with value: 0.38394216433573325.
checkpoint_e23 window_influence: 0.54059988710387274, penalty_k: 0.32979090241294701, scale_lr: 0.58833924563495044, EAO: 0.277
Trial 359 finished with value: 0.27748000244918036 and parameters: {'window_influence': 0.5405998871038727, 'penalty_k': 0.329790902412947, 'scale_lr': 0.5883392456349504}. Best is trial 32 with value: 0.38394216433573325.
checkpoint_e23 window_influence: 0.50113375456753451, penalty_k: 0.05696163476872630, scale_lr: 0.35379620082568486, EAO: 0.353
Trial 360 finished with value: 0.3526220184819708 and parameters: {'window_influence': 0.5011337545675345, 'penalty_k': 0.0569616347687263, 'scale_lr': 0.35379620082568486}. Best is trial 32 with value: 0.38394216433573325.
checkpoint_e23 window_influence: 0.46643966743997683, penalty_k: 0.02350608295987317, scale_lr: 0.52619908862897113, EAO: 0.350
Trial 361 finished with value: 0.3504148700821724 and parameters: {'window_influence': 0.46643966743997683, 'penalty_k': 0.02350608295987317, 'scale_lr': 0.5261990886289711}. Best is trial 32 with value: 0.38394216433573325.
checkpoint_e23 window_influence: 0.47892635520348636, penalty_k: 0.08753259029389804, scale_lr: 0.38118587196081261, EAO: 0.335
Trial 362 finished with value: 0.3354765546692948 and parameters: {'window_influence': 0.47892635520348636, 'penalty_k': 0.08753259029389804, 'scale_lr': 0.3811858719608126}. Best is trial 32 with value: 0.38394216433573325.
checkpoint_e23 window_influence: 0.45700899907369769, penalty_k: 0.03536887929237454, scale_lr: 0.31611817361843930, EAO: 0.337
Trial 363 finished with value: 0.33721085327608574 and parameters: {'window_influence': 0.4570089990736977, 'penalty_k': 0.03536887929237454, 'scale_lr': 0.3161181736184393}. Best is trial 32 with value: 0.38394216433573325.
checkpoint_e23 window_influence: 0.40277610028684874, penalty_k: 0.14067390866995166, scale_lr: 0.55460597081197560, EAO: 0.324
Trial 364 finished with value: 0.32368518962934323 and parameters: {'window_influence': 0.40277610028684874, 'penalty_k': 0.14067390866995166, 'scale_lr': 0.5546059708119756}. Best is trial 32 with value: 0.38394216433573325.
checkpoint_e23 window_influence: 0.19250588436842100, penalty_k: 0.01120664035528476, scale_lr: 0.45793816949059252, EAO: 0.286
Trial 365 finished with value: 0.2863191270526745 and parameters: {'window_influence': 0.192505884368421, 'penalty_k': 0.01120664035528476, 'scale_lr': 0.4579381694905925}. Best is trial 32 with value: 0.38394216433573325.
checkpoint_e23 window_influence: 0.64152078546414026, penalty_k: 0.15642931501711863, scale_lr: 0.40816251846723511, EAO: 0.246
Trial 366 finished with value: 0.24628028963558404 and parameters: {'window_influence': 0.6415207854641403, 'penalty_k': 0.15642931501711863, 'scale_lr': 0.4081625184672351}. Best is trial 32 with value: 0.38394216433573325.
checkpoint_e23 window_influence: 0.49102867040366238, penalty_k: 0.04656854828570177, scale_lr: 0.36594372598359298, EAO: 0.357
Trial 367 finished with value: 0.35665356417110455 and parameters: {'window_influence': 0.4910286704036624, 'penalty_k': 0.04656854828570177, 'scale_lr': 0.365943725983593}. Best is trial 32 with value: 0.38394216433573325.
checkpoint_e23 window_influence: 0.51019293274318400, penalty_k: 0.06347556767157604, scale_lr: 0.39000841642014944, EAO: 0.314
Trial 368 finished with value: 0.31383991577745873 and parameters: {'window_influence': 0.510192932743184, 'penalty_k': 0.06347556767157604, 'scale_lr': 0.39000841642014944}. Best is trial 32 with value: 0.38394216433573325.
checkpoint_e23 window_influence: 0.15147458206981176, penalty_k: 0.11235804409377631, scale_lr: 0.42836370554136649, EAO: 0.285
Trial 369 finished with value: 0.2853437045204964 and parameters: {'window_influence': 0.15147458206981176, 'penalty_k': 0.11235804409377631, 'scale_lr': 0.4283637055413665}. Best is trial 32 with value: 0.38394216433573325.
checkpoint_e23 window_influence: 0.47348611733113971, penalty_k: 0.23660015178970323, scale_lr: 0.33484522569220926, EAO: 0.322
Trial 370 finished with value: 0.3220085348600543 and parameters: {'window_influence': 0.4734861173311397, 'penalty_k': 0.23660015178970323, 'scale_lr': 0.33484522569220926}. Best is trial 32 with value: 0.38394216433573325.
checkpoint_e23 window_influence: 0.35936366622679322, penalty_k: 0.08023230698512671, scale_lr: 0.72087030595113877, EAO: 0.321
Trial 371 finished with value: 0.3211727025791829 and parameters: {'window_influence': 0.3593636662267932, 'penalty_k': 0.0802323069851267, 'scale_lr': 0.7208703059511388}. Best is trial 32 with value: 0.38394216433573325.
checkpoint_e23 window_influence: 0.43164509356366659, penalty_k: 0.02766502155619862, scale_lr: 0.44628223610272894, EAO: 0.338
