Trial 558 finished with value: 0.3458075452639435 and parameters: {'window_influence': 0.43967251395645496, 'penalty_k': 0.09646873349702632, 'scale_lr': 0.21915377644926995}. Best is trial 62 with value: 0.3726749919963718.
checkpoint_e29 window_influence: 0.46154079581336382, penalty_k: 0.08636574388322105, scale_lr: 0.22379739148121516, EAO: 0.357
Trial 559 finished with value: 0.35716771731580743 and parameters: {'window_influence': 0.4615407958133638, 'penalty_k': 0.08636574388322105, 'scale_lr': 0.22379739148121516}. Best is trial 62 with value: 0.3726749919963718.
checkpoint_e29 window_influence: 0.45588657420827078, penalty_k: 0.09024565429453127, scale_lr: 0.16857448244453382, EAO: 0.331
Trial 560 finished with value: 0.33105969852278666 and parameters: {'window_influence': 0.4558865742082708, 'penalty_k': 0.09024565429453127, 'scale_lr': 0.16857448244453382}. Best is trial 62 with value: 0.3726749919963718.
checkpoint_e29 window_influence: 0.45904506526636635, penalty_k: 0.10583407801011258, scale_lr: 0.23555886382546426, EAO: 0.346
Trial 561 finished with value: 0.3457864572797768 and parameters: {'window_influence': 0.45904506526636635, 'penalty_k': 0.10583407801011258, 'scale_lr': 0.23555886382546426}. Best is trial 62 with value: 0.3726749919963718.
checkpoint_e29 window_influence: 0.46179794532809026, penalty_k: 0.10844003272916923, scale_lr: 0.23325437904072013, EAO: 0.365
Trial 562 finished with value: 0.3645641163629317 and parameters: {'window_influence': 0.46179794532809026, 'penalty_k': 0.10844003272916923, 'scale_lr': 0.23325437904072013}. Best is trial 62 with value: 0.3726749919963718.
checkpoint_e29 window_influence: 0.46632244237243869, penalty_k: 0.08567781361535284, scale_lr: 0.22386311703027229, EAO: 0.339
Trial 563 finished with value: 0.33882360954692853 and parameters: {'window_influence': 0.4663224423724387, 'penalty_k': 0.08567781361535284, 'scale_lr': 0.22386311703027229}. Best is trial 62 with value: 0.3726749919963718.
checkpoint_e29 window_influence: 0.45396174822878638, penalty_k: 0.47839475477917365, scale_lr: 0.23821529861990379, EAO: 0.305
Trial 564 finished with value: 0.30486471922017255 and parameters: {'window_influence': 0.4539617482287864, 'penalty_k': 0.47839475477917365, 'scale_lr': 0.2382152986199038}. Best is trial 62 with value: 0.3726749919963718.
checkpoint_e29 window_influence: 0.44564440139474554, penalty_k: 0.10271093210643037, scale_lr: 0.23677491152477129, EAO: 0.333
Trial 565 finished with value: 0.33313951499267314 and parameters: {'window_influence': 0.44564440139474554, 'penalty_k': 0.10271093210643037, 'scale_lr': 0.2367749115247713}. Best is trial 62 with value: 0.3726749919963718.
checkpoint_e29 window_influence: 0.46808224892355815, penalty_k: 0.11480227081162089, scale_lr: 0.22992517640732807, EAO: 0.329
Trial 566 finished with value: 0.32854280878829584 and parameters: {'window_influence': 0.46808224892355815, 'penalty_k': 0.1148022708116209, 'scale_lr': 0.22992517640732807}. Best is trial 62 with value: 0.3726749919963718.
checkpoint_e29 window_influence: 0.46309875230466246, penalty_k: 0.21028669351821497, scale_lr: 0.21690959027665072, EAO: 0.334
Trial 567 finished with value: 0.33401865990477314 and parameters: {'window_influence': 0.46309875230466246, 'penalty_k': 0.21028669351821497, 'scale_lr': 0.21690959027665072}. Best is trial 62 with value: 0.3726749919963718.
checkpoint_e29 window_influence: 0.47218730355722416, penalty_k: 0.08080959883644903, scale_lr: 0.20756917879256873, EAO: 0.339
Trial 568 finished with value: 0.33859017392772645 and parameters: {'window_influence': 0.47218730355722416, 'penalty_k': 0.08080959883644903, 'scale_lr': 0.20756917879256873}. Best is trial 62 with value: 0.3726749919963718.
checkpoint_e29 window_influence: 0.45025444922562469, penalty_k: 0.10418869592883084, scale_lr: 0.24695909386921613, EAO: 0.346
Trial 569 finished with value: 0.3458606836164972 and parameters: {'window_influence': 0.4502544492256247, 'penalty_k': 0.10418869592883084, 'scale_lr': 0.24695909386921613}. Best is trial 62 with value: 0.3726749919963718.
checkpoint_e29 window_influence: 0.46000088936091516, penalty_k: 0.08728420809274430, scale_lr: 0.22441794136466847, EAO: 0.342
Trial 570 finished with value: 0.34235584190847346 and parameters: {'window_influence': 0.46000088936091516, 'penalty_k': 0.0872842080927443, 'scale_lr': 0.22441794136466847}. Best is trial 62 with value: 0.3726749919963718.
checkpoint_e29 window_influence: 0.47750020394740283, penalty_k: 0.58782060407273728, scale_lr: 0.25517530219715934, EAO: 0.314
Trial 571 finished with value: 0.31369884225181105 and parameters: {'window_influence': 0.47750020394740283, 'penalty_k': 0.5878206040727373, 'scale_lr': 0.25517530219715934}. Best is trial 62 with value: 0.3726749919963718.
checkpoint_e29 window_influence: 0.43097233365151244, penalty_k: 0.07509208464121542, scale_lr: 0.27463467119241514, EAO: 0.343
Trial 572 finished with value: 0.34278313740218197 and parameters: {'window_influence': 0.43097233365151244, 'penalty_k': 0.07509208464121542, 'scale_lr': 0.27463467119241514}. Best is trial 62 with value: 0.3726749919963718.
checkpoint_e29 window_influence: 0.47126386741038290, penalty_k: 0.35391329040690578, scale_lr: 0.23287166420163988, EAO: 0.338
Trial 573 finished with value: 0.33775597897716997 and parameters: {'window_influence': 0.4712638674103829, 'penalty_k': 0.3539132904069058, 'scale_lr': 0.23287166420163988}. Best is trial 62 with value: 0.3726749919963718.
checkpoint_e29 window_influence: 0.45497427645448035, penalty_k: 0.09306410945162519, scale_lr: 0.20655039486368532, EAO: 0.337
Trial 574 finished with value: 0.3367743504302511 and parameters: {'window_influence': 0.45497427645448035, 'penalty_k': 0.09306410945162519, 'scale_lr': 0.20655039486368532}. Best is trial 62 with value: 0.3726749919963718.
checkpoint_e29 window_influence: 0.44085020168907685, penalty_k: 0.10996768384120639, scale_lr: 0.19605322569398886, EAO: 0.336
Trial 575 finished with value: 0.33585701935022255 and parameters: {'window_influence': 0.44085020168907685, 'penalty_k': 0.10996768384120639, 'scale_lr': 0.19605322569398886}. Best is trial 62 with value: 0.3726749919963718.
checkpoint_e29 window_influence: 0.30482481070684248, penalty_k: 0.07967367714804856, scale_lr: 0.21630455185013822, EAO: 0.306
Trial 576 finished with value: 0.3062201581228568 and parameters: {'window_influence': 0.3048248107068425, 'penalty_k': 0.07967367714804856, 'scale_lr': 0.21630455185013822}. Best is trial 62 with value: 0.3726749919963718.
checkpoint_e29 window_influence: 0.47708461456002549, penalty_k: 0.30458552339162459, scale_lr: 0.21158733116888431, EAO: 0.337
Trial 577 finished with value: 0.3372805921020211 and parameters: {'window_influence': 0.4770846145600255, 'penalty_k': 0.3045855233916246, 'scale_lr': 0.2115873311688843}. Best is trial 62 with value: 0.3726749919963718.
checkpoint_e29 window_influence: 0.32648714369386928, penalty_k: 0.07020335887419100, scale_lr: 0.24923896764228029, EAO: 0.306
Trial 578 finished with value: 0.3055459489966181 and parameters: {'window_influence': 0.3264871436938693, 'penalty_k': 0.070203358874191, 'scale_lr': 0.2492389676422803}. Best is trial 62 with value: 0.3726749919963718.
checkpoint_e29 window_influence: 0.48390361967585011, penalty_k: 0.56721084292159862, scale_lr: 0.22733731726799111, EAO: 0.290
Trial 579 finished with value: 0.29034289966993293 and parameters: {'window_influence': 0.4839036196758501, 'penalty_k': 0.5672108429215986, 'scale_lr': 0.2273373172679911}. Best is trial 62 with value: 0.3726749919963718.
checkpoint_e29 window_influence: 0.22970328694066533, penalty_k: 0.12682986754306250, scale_lr: 0.25308439187878629, EAO: 0.301
Trial 580 finished with value: 0.30141552018748186 and parameters: {'window_influence': 0.22970328694066533, 'penalty_k': 0.1268298675430625, 'scale_lr': 0.2530843918787863}. Best is trial 62 with value: 0.3726749919963718.
checkpoint_e29 window_influence: 0.46731895123813361, penalty_k: 0.27729069137429446, scale_lr: 0.21061179579181183, EAO: 0.337
Trial 581 finished with value: 0.3367145906858407 and parameters: {'window_influence': 0.4673189512381336, 'penalty_k': 0.27729069137429446, 'scale_lr': 0.21061179579181183}. Best is trial 62 with value: 0.3726749919963718.
checkpoint_e29 window_influence: 0.05106958875694756, penalty_k: 0.33596640309547865, scale_lr: 0.27958209304873799, EAO: 0.244
Trial 582 finished with value: 0.2439139172840675 and parameters: {'window_influence': 0.05106958875694756, 'penalty_k': 0.33596640309547865, 'scale_lr': 0.279582093048738}. Best is trial 62 with value: 0.3726749919963718.
checkpoint_e29 window_influence: 0.49124950288634256, penalty_k: 0.08810901077249535, scale_lr: 0.15747949546100110, EAO: 0.337
Trial 583 finished with value: 0.3372994068183788 and parameters: {'window_influence': 0.49124950288634256, 'penalty_k': 0.08810901077249535, 'scale_lr': 0.1574794954610011}. Best is trial 62 with value: 0.3726749919963718.
checkpoint_e29 window_influence: 0.48170549098400278, penalty_k: 0.05910986128592085, scale_lr: 0.18854797860742256, EAO: 0.332
Trial 584 finished with value: 0.332133278830506 and parameters: {'window_influence': 0.4817054909840028, 'penalty_k': 0.05910986128592085, 'scale_lr': 0.18854797860742256}. Best is trial 62 with value: 0.3726749919963718.
checkpoint_e29 window_influence: 0.58548839909227712, penalty_k: 0.17190971661760723, scale_lr: 0.23770204546459117, EAO: 0.283
Trial 585 finished with value: 0.28256621139290733 and parameters: {'window_influence': 0.5854883990922771, 'penalty_k': 0.17190971661760723, 'scale_lr': 0.23770204546459117}. Best is trial 62 with value: 0.3726749919963718.
checkpoint_e29 window_influence: 0.41706923132108337, penalty_k: 0.12202027203705398, scale_lr: 0.20478338984525787, EAO: 0.334
Trial 586 finished with value: 0.33352514034579234 and parameters: {'window_influence': 0.41706923132108337, 'penalty_k': 0.12202027203705398, 'scale_lr': 0.20478338984525787}. Best is trial 62 with value: 0.3726749919963718.
checkpoint_e29 window_influence: 0.36155307326785119, penalty_k: 0.09743493263000652, scale_lr: 0.12194081128286413, EAO: 0.348
Trial 587 finished with value: 0.3483777588907383 and parameters: {'window_influence': 0.3615530732678512, 'penalty_k': 0.09743493263000652, 'scale_lr': 0.12194081128286413}. Best is trial 62 with value: 0.3726749919963718.
checkpoint_e29 window_influence: 0.59562708163740963, penalty_k: 0.07398847893186135, scale_lr: 0.30934683645684757, EAO: 0.288
Trial 588 finished with value: 0.28812583393855784 and parameters: {'window_influence': 0.5956270816374096, 'penalty_k': 0.07398847893186135, 'scale_lr': 0.3093468364568476}. Best is trial 62 with value: 0.3726749919963718.
checkpoint_e29 window_influence: 0.45857678487660386, penalty_k: 0.02177681107575345, scale_lr: 0.15662768118543699, EAO: 0.335
Trial 589 finished with value: 0.33494325764912114 and parameters: {'window_influence': 0.45857678487660386, 'penalty_k': 0.021776811075753445, 'scale_lr': 0.156627681185437}. Best is trial 62 with value: 0.3726749919963718.
checkpoint_e29 window_influence: 0.18928876084993687, penalty_k: 0.28531736791272805, scale_lr: 0.26719913432682263, EAO: 0.281
Trial 590 finished with value: 0.28116732853164006 and parameters: {'window_influence': 0.18928876084993687, 'penalty_k': 0.28531736791272805, 'scale_lr': 0.26719913432682263}. Best is trial 62 with value: 0.3726749919963718.
checkpoint_e29 window_influence: 0.10926063051115073, penalty_k: 0.51345998480475141, scale_lr: 0.19508352813119240, EAO: 0.249
Trial 591 finished with value: 0.24880278609142228 and parameters: {'window_influence': 0.10926063051115073, 'penalty_k': 0.5134599848047514, 'scale_lr': 0.1950835281311924}. Best is trial 62 with value: 0.3726749919963718.
checkpoint_e29 window_influence: 0.25619435151534331, penalty_k: 0.55917824330000176, scale_lr: 0.22371299551791740, EAO: 0.280
Trial 592 finished with value: 0.27995452876220883 and parameters: {'window_influence': 0.2561943515153433, 'penalty_k': 0.5591782433000018, 'scale_lr': 0.2237129955179174}. Best is trial 62 with value: 0.3726749919963718.
checkpoint_e29 window_influence: 0.40235239836789127, penalty_k: 0.36970864050113661, scale_lr: 0.24226105734232187, EAO: 0.328
Trial 593 finished with value: 0.3281122583475558 and parameters: {'window_influence': 0.4023523983678913, 'penalty_k': 0.3697086405011366, 'scale_lr': 0.24226105734232187}. Best is trial 62 with value: 0.3726749919963718.
checkpoint_e29 window_influence: 0.34887013551357349, penalty_k: 0.22149760212072223, scale_lr: 0.25558022955676890, EAO: 0.310
Trial 594 finished with value: 0.310138196912721 and parameters: {'window_influence': 0.3488701355135735, 'penalty_k': 0.22149760212072223, 'scale_lr': 0.2555802295567689}. Best is trial 62 with value: 0.3726749919963718.
checkpoint_e29 window_influence: 0.44368448523461135, penalty_k: 0.35858696865989137, scale_lr: 0.48518861757075649, EAO: 0.318
Trial 595 finished with value: 0.31848056741957537 and parameters: {'window_influence': 0.44368448523461135, 'penalty_k': 0.35858696865989137, 'scale_lr': 0.4851886175707565}. Best is trial 62 with value: 0.3726749919963718.
checkpoint_e29 window_influence: 0.47271471412665644, penalty_k: 0.30037680101825759, scale_lr: 0.22694630224576434, EAO: 0.344
Trial 596 finished with value: 0.34433226246778137 and parameters: {'window_influence': 0.47271471412665644, 'penalty_k': 0.3003768010182576, 'scale_lr': 0.22694630224576434}. Best is trial 62 with value: 0.3726749919963718.
checkpoint_e29 window_influence: 0.49152739492401926, penalty_k: 0.13574759065531566, scale_lr: 0.12738458310380679, EAO: 0.359
Trial 597 finished with value: 0.35881990287090554 and parameters: {'window_influence': 0.49152739492401926, 'penalty_k': 0.13574759065531566, 'scale_lr': 0.1273845831038068}. Best is trial 62 with value: 0.3726749919963718.
checkpoint_e29 window_influence: 0.49004931151881354, penalty_k: 0.13401076203531731, scale_lr: 0.15399249829828537, EAO: 0.351
Trial 598 finished with value: 0.35103364828031813 and parameters: {'window_influence': 0.49004931151881354, 'penalty_k': 0.1340107620353173, 'scale_lr': 0.15399249829828537}. Best is trial 62 with value: 0.3726749919963718.
checkpoint_e29 window_influence: 0.48091831859052003, penalty_k: 0.11424743519775900, scale_lr: 0.18635859849670511, EAO: 0.338
Trial 599 finished with value: 0.3375246105606918 and parameters: {'window_influence': 0.48091831859052003, 'penalty_k': 0.114247435197759, 'scale_lr': 0.1863585984967051}. Best is trial 62 with value: 0.3726749919963718.
checkpoint_e29 window_influence: 0.55607058318431724, penalty_k: 0.39057636177748067, scale_lr: 0.12798437043965072, EAO: 0.267
Trial 600 finished with value: 0.2667265271166419 and parameters: {'window_influence': 0.5560705831843172, 'penalty_k': 0.3905763617774807, 'scale_lr': 0.12798437043965072}. Best is trial 62 with value: 0.3726749919963718.
checkpoint_e29 window_influence: 0.49914120007586377, penalty_k: 0.10805000580440033, scale_lr: 0.15512807711126983, EAO: 0.348
Trial 601 finished with value: 0.3480104204513683 and parameters: {'window_influence': 0.49914120007586377, 'penalty_k': 0.10805000580440033, 'scale_lr': 0.15512807711126983}. Best is trial 62 with value: 0.3726749919963718.
checkpoint_e29 window_influence: 0.45586759138248761, penalty_k: 0.13023993342131218, scale_lr: 0.13231425526508445, EAO: 0.334
Trial 602 finished with value: 0.3335984196760311 and parameters: {'window_influence': 0.4558675913824876, 'penalty_k': 0.13023993342131218, 'scale_lr': 0.13231425526508445}. Best is trial 62 with value: 0.3726749919963718.
checkpoint_e29 window_influence: 0.46575479684622068, penalty_k: 0.43176104696770257, scale_lr: 0.18103255921384681, EAO: 0.310
Trial 603 finished with value: 0.3104090256333815 and parameters: {'window_influence': 0.4657547968462207, 'penalty_k': 0.43176104696770257, 'scale_lr': 0.1810325592138468}. Best is trial 62 with value: 0.3726749919963718.
checkpoint_e29 window_influence: 0.49604867639693279, penalty_k: 0.53616079801063721, scale_lr: 0.18110725597034535, EAO: 0.308
Trial 604 finished with value: 0.30751145077354713 and parameters: {'window_influence': 0.4960486763969328, 'penalty_k': 0.5361607980106372, 'scale_lr': 0.18110725597034535}. Best is trial 62 with value: 0.3726749919963718.
checkpoint_e29 window_influence: 0.27207447843773203, penalty_k: 0.29658939945948393, scale_lr: 0.19316973953495295, EAO: 0.292
Trial 605 finished with value: 0.2920987117267304 and parameters: {'window_influence': 0.272074478437732, 'penalty_k': 0.2965893994594839, 'scale_lr': 0.19316973953495295}. Best is trial 62 with value: 0.3726749919963718.
checkpoint_e29 window_influence: 0.22067468496364948, penalty_k: 0.45823958622357075, scale_lr: 0.34189363679981655, EAO: 0.275
Trial 606 finished with value: 0.27511544537219557 and parameters: {'window_influence': 0.22067468496364948, 'penalty_k': 0.45823958622357075, 'scale_lr': 0.34189363679981655}. Best is trial 62 with value: 0.3726749919963718.
checkpoint_e29 window_influence: 0.42790197336535041, penalty_k: 0.09579480981613278, scale_lr: 0.21140968922529096, EAO: 0.347
Trial 607 finished with value: 0.34694501027059 and parameters: {'window_influence': 0.4279019733653504, 'penalty_k': 0.09579480981613278, 'scale_lr': 0.21140968922529096}. Best is trial 62 with value: 0.3726749919963718.
checkpoint_e29 window_influence: 0.56523458495175982, penalty_k: 0.36394492399310380, scale_lr: 0.10752386844603427, EAO: 0.280
Trial 608 finished with value: 0.2795280741114561 and parameters: {'window_influence': 0.5652345849517598, 'penalty_k': 0.3639449239931038, 'scale_lr': 0.10752386844603427}. Best is trial 62 with value: 0.3726749919963718.
checkpoint_e29 window_influence: 0.48351377590982481, penalty_k: 0.14341041722188863, scale_lr: 0.24344607316241984, EAO: 0.345
Trial 609 finished with value: 0.34545118753084414 and parameters: {'window_influence': 0.4835137759098248, 'penalty_k': 0.14341041722188863, 'scale_lr': 0.24344607316241984}. Best is trial 62 with value: 0.3726749919963718.
checkpoint_e29 window_influence: 0.28803225166786212, penalty_k: 0.15907634014662575, scale_lr: 0.17246375702614342, EAO: 0.306
Trial 610 finished with value: 0.3062220272618973 and parameters: {'window_influence': 0.2880322516678621, 'penalty_k': 0.15907634014662575, 'scale_lr': 0.17246375702614342}. Best is trial 62 with value: 0.3726749919963718.
checkpoint_e29 window_influence: 0.36847932039122533, penalty_k: 0.12142246231876855, scale_lr: 0.27638349237152277, EAO: 0.326
Trial 611 finished with value: 0.32624506561904565 and parameters: {'window_influence': 0.36847932039122533, 'penalty_k': 0.12142246231876855, 'scale_lr': 0.27638349237152277}. Best is trial 62 with value: 0.3726749919963718.
checkpoint_e29 window_influence: 0.23994306464530513, penalty_k: 0.34522880022332925, scale_lr: 0.26812852515275493, EAO: 0.277
Trial 612 finished with value: 0.2774883607250243 and parameters: {'window_influence': 0.23994306464530513, 'penalty_k': 0.34522880022332925, 'scale_lr': 0.2681285251527549}. Best is trial 62 with value: 0.3726749919963718.
checkpoint_e29 window_influence: 0.47051789799601723, penalty_k: 0.08498875979474491, scale_lr: 0.10435237805267290, EAO: 0.348
Trial 613 finished with value: 0.3477678312865677 and parameters: {'window_influence': 0.47051789799601723, 'penalty_k': 0.0849887597947449, 'scale_lr': 0.1043523780526729}. Best is trial 62 with value: 0.3726749919963718.
checkpoint_e29 window_influence: 0.44671835951285510, penalty_k: 0.42389484111679016, scale_lr: 0.13933671830492864, EAO: 0.330
Trial 614 finished with value: 0.3301030644994765 and parameters: {'window_influence': 0.4467183595128551, 'penalty_k': 0.42389484111679016, 'scale_lr': 0.13933671830492864}. Best is trial 62 with value: 0.3726749919963718.
checkpoint_e29 window_influence: 0.50113767626118888, penalty_k: 0.38980851703216512, scale_lr: 0.19361745623031174, EAO: 0.310
Trial 615 finished with value: 0.31025498537238005 and parameters: {'window_influence': 0.5011376762611889, 'penalty_k': 0.3898085170321651, 'scale_lr': 0.19361745623031174}. Best is trial 62 with value: 0.3726749919963718.
checkpoint_e29 window_influence: 0.16382544154334761, penalty_k: 0.10713514659095805, scale_lr: 0.13819522338577381, EAO: 0.270
Trial 616 finished with value: 0.2702949820557457 and parameters: {'window_influence': 0.1638254415433476, 'penalty_k': 0.10713514659095805, 'scale_lr': 0.1381952233857738}. Best is trial 62 with value: 0.3726749919963718.
checkpoint_e29 window_influence: 0.48735799202586255, penalty_k: 0.19497599388345110, scale_lr: 0.31138574432921595, EAO: 0.333
Trial 617 finished with value: 0.33334784551817154 and parameters: {'window_influence': 0.48735799202586255, 'penalty_k': 0.1949759938834511, 'scale_lr': 0.31138574432921595}. Best is trial 62 with value: 0.3726749919963718.
checkpoint_e29 window_influence: 0.47674015258034885, penalty_k: 0.07728661395398727, scale_lr: 0.17413386370894673, EAO: 0.336
Trial 618 finished with value: 0.33574088422240916 and parameters: {'window_influence': 0.47674015258034885, 'penalty_k': 0.07728661395398727, 'scale_lr': 0.17413386370894673}. Best is trial 62 with value: 0.3726749919963718.
checkpoint_e29 window_influence: 0.50354524181129257, penalty_k: 0.09393329477201025, scale_lr: 0.13851559898084184, EAO: 0.359
Trial 619 finished with value: 0.35884115111503156 and parameters: {'window_influence': 0.5035452418112926, 'penalty_k': 0.09393329477201025, 'scale_lr': 0.13851559898084184}. Best is trial 62 with value: 0.3726749919963718.
checkpoint_e29 window_influence: 0.52186575881943120, penalty_k: 0.10190998091387195, scale_lr: 0.49769236556544155, EAO: 0.342
