Trial 496 finished with value: 0.33678939776197947 and parameters: {'window_influence': 0.41540720102871814, 'penalty_k': 0.034035620946068476, 'scale_lr': 0.3320405935563336}. Best is trial 32 with value: 0.38394216433573325.
checkpoint_e23 window_influence: 0.61505160639059631, penalty_k: 0.51518232170291733, scale_lr: 0.31286859236812392, EAO: 0.227
Trial 497 finished with value: 0.22721307779796393 and parameters: {'window_influence': 0.6150516063905963, 'penalty_k': 0.5151823217029173, 'scale_lr': 0.3128685923681239}. Best is trial 32 with value: 0.38394216433573325.
checkpoint_e23 window_influence: 0.48806623549418571, penalty_k: 0.00222136851593401, scale_lr: 0.50723140948904399, EAO: 0.338
Trial 498 finished with value: 0.338343080147695 and parameters: {'window_influence': 0.4880662354941857, 'penalty_k': 0.0022213685159340147, 'scale_lr': 0.507231409489044}. Best is trial 32 with value: 0.38394216433573325.
checkpoint_e23 window_influence: 0.45639332524274662, penalty_k: 0.58751836139742719, scale_lr: 0.41047475923418852, EAO: 0.301
Trial 499 finished with value: 0.3011598487888329 and parameters: {'window_influence': 0.4563933252427466, 'penalty_k': 0.5875183613974272, 'scale_lr': 0.4104747592341885}. Best is trial 32 with value: 0.38394216433573325.
checkpoint_e23 window_influence: 0.50615451506856379, penalty_k: 0.08757250439364707, scale_lr: 0.25476101242960947, EAO: 0.342
Trial 500 finished with value: 0.34229278483279485 and parameters: {'window_influence': 0.5061545150685638, 'penalty_k': 0.08757250439364707, 'scale_lr': 0.25476101242960947}. Best is trial 32 with value: 0.38394216433573325.
checkpoint_e23 window_influence: 0.46886464373094655, penalty_k: 0.41115723855335751, scale_lr: 0.59637386294156136, EAO: 0.319
Trial 501 finished with value: 0.319462143957383 and parameters: {'window_influence': 0.46886464373094655, 'penalty_k': 0.4111572385533575, 'scale_lr': 0.5963738629415614}. Best is trial 32 with value: 0.38394216433573325.
checkpoint_e23 window_influence: 0.35276966727562065, penalty_k: 0.00048194478262180, scale_lr: 0.39242805057230040, EAO: 0.344
Trial 502 finished with value: 0.34447882251980705 and parameters: {'window_influence': 0.35276966727562065, 'penalty_k': 0.000481944782621797, 'scale_lr': 0.3924280505723004}. Best is trial 32 with value: 0.38394216433573325.
checkpoint_e23 window_influence: 0.49586499934362110, penalty_k: 0.29850429304610632, scale_lr: 0.35864138907352605, EAO: 0.308
Trial 503 finished with value: 0.30801988871412983 and parameters: {'window_influence': 0.4958649993436211, 'penalty_k': 0.2985042930461063, 'scale_lr': 0.35864138907352605}. Best is trial 32 with value: 0.38394216433573325.
checkpoint_e23 window_influence: 0.53278703834731933, penalty_k: 0.01739597152582270, scale_lr: 0.44307551692081282, EAO: 0.323
Trial 504 finished with value: 0.3232795010512905 and parameters: {'window_influence': 0.5327870383473193, 'penalty_k': 0.017395971525822698, 'scale_lr': 0.4430755169208128}. Best is trial 32 with value: 0.38394216433573325.
checkpoint_e23 window_influence: 0.48131422526140827, penalty_k: 0.43575991709836293, scale_lr: 0.38237373755242371, EAO: 0.309
Trial 505 finished with value: 0.30934450401406344 and parameters: {'window_influence': 0.48131422526140827, 'penalty_k': 0.4357599170983629, 'scale_lr': 0.3823737375524237}. Best is trial 32 with value: 0.38394216433573325.
checkpoint_e23 window_influence: 0.31863696707087674, penalty_k: 0.38070971061292164, scale_lr: 0.52625852482249869, EAO: 0.307
Trial 506 finished with value: 0.306770380600881 and parameters: {'window_influence': 0.31863696707087674, 'penalty_k': 0.38070971061292164, 'scale_lr': 0.5262585248224987}. Best is trial 32 with value: 0.38394216433573325.
checkpoint_e23 window_influence: 0.07456195804927213, penalty_k: 0.53191667414097277, scale_lr: 0.27522217696530377, EAO: 0.205
Trial 507 finished with value: 0.20548304990803684 and parameters: {'window_influence': 0.07456195804927213, 'penalty_k': 0.5319166741409728, 'scale_lr': 0.27522217696530377}. Best is trial 32 with value: 0.38394216433573325.
checkpoint_e23 window_influence: 0.42714568304951328, penalty_k: 0.05211717210193965, scale_lr: 0.46652694469670186, EAO: 0.333
Trial 508 finished with value: 0.3331992375131711 and parameters: {'window_influence': 0.4271456830495133, 'penalty_k': 0.052117172101939654, 'scale_lr': 0.46652694469670186}. Best is trial 32 with value: 0.38394216433573325.
checkpoint_e23 window_influence: 0.51556542162102081, penalty_k: 0.18024569947788288, scale_lr: 0.34477836774898629, EAO: 0.310
Trial 509 finished with value: 0.31046360574575715 and parameters: {'window_influence': 0.5155654216210208, 'penalty_k': 0.18024569947788288, 'scale_lr': 0.3447783677489863}. Best is trial 32 with value: 0.38394216433573325.
checkpoint_e23 window_influence: 0.44816546156432757, penalty_k: 0.02993405855044963, scale_lr: 0.40569753547539678, EAO: 0.328
Trial 510 finished with value: 0.32841208397414434 and parameters: {'window_influence': 0.44816546156432757, 'penalty_k': 0.029934058550449633, 'scale_lr': 0.4056975354753968}. Best is trial 32 with value: 0.38394216433573325.
checkpoint_e23 window_influence: 0.47097358194837918, penalty_k: 0.23796267542865307, scale_lr: 0.42357035226998924, EAO: 0.326
Trial 511 finished with value: 0.325555415468921 and parameters: {'window_influence': 0.4709735819483792, 'penalty_k': 0.23796267542865307, 'scale_lr': 0.42357035226998924}. Best is trial 32 with value: 0.38394216433573325.
checkpoint_e23 window_influence: 0.62846549860411483, penalty_k: 0.26159689459106733, scale_lr: 0.55712034836830893, EAO: 0.235
Trial 512 finished with value: 0.23549484539820525 and parameters: {'window_influence': 0.6284654986041148, 'penalty_k': 0.26159689459106733, 'scale_lr': 0.5571203483683089}. Best is trial 32 with value: 0.38394216433573325.
checkpoint_e23 window_influence: 0.48901933844155238, penalty_k: 0.07116502182693253, scale_lr: 0.48142031057844725, EAO: 0.347
Trial 513 finished with value: 0.34692220894279185 and parameters: {'window_influence': 0.4890193384415524, 'penalty_k': 0.07116502182693253, 'scale_lr': 0.48142031057844725}. Best is trial 32 with value: 0.38394216433573325.
checkpoint_e23 window_influence: 0.16417901141522534, penalty_k: 0.01469707131092097, scale_lr: 0.36904625907227889, EAO: 0.299
Trial 514 finished with value: 0.298781134970921 and parameters: {'window_influence': 0.16417901141522534, 'penalty_k': 0.014697071310920974, 'scale_lr': 0.3690462590722789}. Best is trial 32 with value: 0.38394216433573325.
checkpoint_e23 window_influence: 0.21617321508314821, penalty_k: 0.25326101812713425, scale_lr: 0.77801174561660447, EAO: 0.289
Trial 515 finished with value: 0.28907207211167896 and parameters: {'window_influence': 0.2161732150831482, 'penalty_k': 0.25326101812713425, 'scale_lr': 0.7780117456166045}. Best is trial 32 with value: 0.38394216433573325.
checkpoint_e23 window_influence: 0.50189613820388701, penalty_k: 0.36078133454590422, scale_lr: 0.39323976538677680, EAO: 0.300
Trial 516 finished with value: 0.30032438776140546 and parameters: {'window_influence': 0.501896138203887, 'penalty_k': 0.3607813345459042, 'scale_lr': 0.3932397653867768}. Best is trial 32 with value: 0.38394216433573325.
checkpoint_e23 window_influence: 0.46073938581573243, penalty_k: 0.33409652994290817, scale_lr: 0.45210817746358761, EAO: 0.332
Trial 517 finished with value: 0.33166389091933285 and parameters: {'window_influence': 0.4607393858157324, 'penalty_k': 0.33409652994290817, 'scale_lr': 0.4521081774635876}. Best is trial 32 with value: 0.38394216433573325.
checkpoint_e23 window_influence: 0.47778842409747158, penalty_k: 0.45869656309670803, scale_lr: 0.42961308166841961, EAO: 0.313
Trial 518 finished with value: 0.31263965901697655 and parameters: {'window_influence': 0.4777884240974716, 'penalty_k': 0.45869656309670803, 'scale_lr': 0.4296130816684196}. Best is trial 32 with value: 0.38394216433573325.
checkpoint_e23 window_influence: 0.51612225698681968, penalty_k: 0.04070910972343859, scale_lr: 0.64316229667996216, EAO: 0.331
Trial 519 finished with value: 0.3308611709320128 and parameters: {'window_influence': 0.5161222569868197, 'penalty_k': 0.040709109723438594, 'scale_lr': 0.6431622966799622}. Best is trial 32 with value: 0.38394216433573325.
checkpoint_e23 window_influence: 0.55253790819304083, penalty_k: 0.09841130693032248, scale_lr: 0.37894397856155732, EAO: 0.313
Trial 520 finished with value: 0.3126804062712517 and parameters: {'window_influence': 0.5525379081930408, 'penalty_k': 0.09841130693032248, 'scale_lr': 0.3789439785615573}. Best is trial 32 with value: 0.38394216433573325.
checkpoint_e23 window_influence: 0.59716279449846710, penalty_k: 0.02893451299458412, scale_lr: 0.49842612862642088, EAO: 0.281
Trial 521 finished with value: 0.28147221226172686 and parameters: {'window_influence': 0.5971627944984671, 'penalty_k': 0.028934512994584115, 'scale_lr': 0.4984261286264209}. Best is trial 32 with value: 0.38394216433573325.
checkpoint_e23 window_influence: 0.49359927362642031, penalty_k: 0.00007308210876091, scale_lr: 0.26781287472957493, EAO: 0.325
Trial 522 finished with value: 0.325159338371763 and parameters: {'window_influence': 0.4935992736264203, 'penalty_k': 7.308210876090689e-05, 'scale_lr': 0.26781287472957493}. Best is trial 32 with value: 0.38394216433573325.
checkpoint_e23 window_influence: 0.46769245188008346, penalty_k: 0.14589024295266431, scale_lr: 0.23349298279750380, EAO: 0.344
Trial 523 finished with value: 0.3442391201215959 and parameters: {'window_influence': 0.46769245188008346, 'penalty_k': 0.1458902429526643, 'scale_lr': 0.2334929827975038}. Best is trial 32 with value: 0.38394216433573325.
checkpoint_e23 window_influence: 0.57285297643826971, penalty_k: 0.34393312725228403, scale_lr: 0.41325639165753225, EAO: 0.285
Trial 524 finished with value: 0.2845246919398178 and parameters: {'window_influence': 0.5728529764382697, 'penalty_k': 0.34393312725228403, 'scale_lr': 0.41325639165753225}. Best is trial 32 with value: 0.38394216433573325.
checkpoint_e23 window_influence: 0.44799209646721827, penalty_k: 0.06194871398889603, scale_lr: 0.30800380457440502, EAO: 0.337
Trial 525 finished with value: 0.33720565143726217 and parameters: {'window_influence': 0.44799209646721827, 'penalty_k': 0.06194871398889603, 'scale_lr': 0.308003804574405}. Best is trial 32 with value: 0.38394216433573325.
checkpoint_e23 window_influence: 0.48196159125088200, penalty_k: 0.01779134509884713, scale_lr: 0.39707448312723881, EAO: 0.357
Trial 526 finished with value: 0.35666622250460467 and parameters: {'window_influence': 0.481961591250882, 'penalty_k': 0.01779134509884713, 'scale_lr': 0.3970744831272388}. Best is trial 32 with value: 0.38394216433573325.
checkpoint_e23 window_influence: 0.50520707868125203, penalty_k: 0.07833324153699878, scale_lr: 0.36251851099277504, EAO: 0.362
Trial 527 finished with value: 0.36159828247263276 and parameters: {'window_influence': 0.505207078681252, 'penalty_k': 0.07833324153699878, 'scale_lr': 0.36251851099277504}. Best is trial 32 with value: 0.38394216433573325.
checkpoint_e23 window_influence: 0.19934172840691017, penalty_k: 0.08542367706544379, scale_lr: 0.57384612048881478, EAO: 0.304
Trial 528 finished with value: 0.30428687103295604 and parameters: {'window_influence': 0.19934172840691017, 'penalty_k': 0.08542367706544379, 'scale_lr': 0.5738461204888148}. Best is trial 32 with value: 0.38394216433573325.
checkpoint_e23 window_influence: 0.52724243224862255, penalty_k: 0.37559963923880280, scale_lr: 0.34013844774906055, EAO: 0.276
Trial 529 finished with value: 0.2762897800842612 and parameters: {'window_influence': 0.5272424322486226, 'penalty_k': 0.3755996392388028, 'scale_lr': 0.34013844774906055}. Best is trial 32 with value: 0.38394216433573325.
checkpoint_e23 window_influence: 0.50589154984747831, penalty_k: 0.07076725829782453, scale_lr: 0.18801038862231995, EAO: 0.348
Trial 530 finished with value: 0.347920265874974 and parameters: {'window_influence': 0.5058915498474783, 'penalty_k': 0.07076725829782453, 'scale_lr': 0.18801038862231995}. Best is trial 32 with value: 0.38394216433573325.
checkpoint_e23 window_influence: 0.32057302016195760, penalty_k: 0.08159873727518333, scale_lr: 0.61974086517889804, EAO: 0.320
Trial 531 finished with value: 0.3199355623717438 and parameters: {'window_influence': 0.3205730201619576, 'penalty_k': 0.08159873727518333, 'scale_lr': 0.619740865178898}. Best is trial 32 with value: 0.38394216433573325.
checkpoint_e23 window_influence: 0.51305612557524161, penalty_k: 0.09258096710031666, scale_lr: 0.35707905566396819, EAO: 0.338
Trial 532 finished with value: 0.3376032468873703 and parameters: {'window_influence': 0.5130561255752416, 'penalty_k': 0.09258096710031666, 'scale_lr': 0.3570790556639682}. Best is trial 32 with value: 0.38394216433573325.
checkpoint_e23 window_influence: 0.14764072889758298, penalty_k: 0.12908971612325343, scale_lr: 0.47171476892376651, EAO: 0.264
Trial 533 finished with value: 0.2637916762193353 and parameters: {'window_influence': 0.14764072889758298, 'penalty_k': 0.12908971612325343, 'scale_lr': 0.4717147689237665}. Best is trial 32 with value: 0.38394216433573325.
checkpoint_e23 window_influence: 0.33394006479306337, penalty_k: 0.05522474491958694, scale_lr: 0.44823410565645122, EAO: 0.328
Trial 534 finished with value: 0.32763922672559315 and parameters: {'window_influence': 0.3339400647930634, 'penalty_k': 0.05522474491958694, 'scale_lr': 0.4482341056564512}. Best is trial 32 with value: 0.38394216433573325.
checkpoint_e23 window_influence: 0.50063332133429606, penalty_k: 0.10846716607147036, scale_lr: 0.32946032006947557, EAO: 0.340
Trial 535 finished with value: 0.33988375677672805 and parameters: {'window_influence': 0.500633321334296, 'penalty_k': 0.10846716607147036, 'scale_lr': 0.32946032006947557}. Best is trial 32 with value: 0.38394216433573325.
checkpoint_e23 window_influence: 0.26143027273633412, penalty_k: 0.07001329700266573, scale_lr: 0.51549475731169547, EAO: 0.303
Trial 536 finished with value: 0.3029510221128798 and parameters: {'window_influence': 0.2614302727363341, 'penalty_k': 0.07001329700266573, 'scale_lr': 0.5154947573116955}. Best is trial 32 with value: 0.38394216433573325.
checkpoint_e23 window_influence: 0.26452360655769913, penalty_k: 0.22340845909663082, scale_lr: 0.38888211205245687, EAO: 0.308
Trial 537 finished with value: 0.30822106905948327 and parameters: {'window_influence': 0.26452360655769913, 'penalty_k': 0.22340845909663082, 'scale_lr': 0.3888821120524569}. Best is trial 32 with value: 0.38394216433573325.
checkpoint_e23 window_influence: 0.52422789425656791, penalty_k: 0.19817222526239767, scale_lr: 0.76206970376413663, EAO: 0.325
Trial 538 finished with value: 0.32472879854157743 and parameters: {'window_influence': 0.5242278942565679, 'penalty_k': 0.19817222526239767, 'scale_lr': 0.7620697037641366}. Best is trial 32 with value: 0.38394216433573325.
checkpoint_e23 window_influence: 0.34193214628937169, penalty_k: 0.07951194726123825, scale_lr: 0.36679438069498232, EAO: 0.315
Trial 539 finished with value: 0.3149628876364185 and parameters: {'window_influence': 0.3419321462893717, 'penalty_k': 0.07951194726123825, 'scale_lr': 0.3667943806949823}. Best is trial 32 with value: 0.38394216433573325.
checkpoint_e23 window_influence: 0.39607333344601059, penalty_k: 0.04674998033505694, scale_lr: 0.40314289802502246, EAO: 0.344
Trial 540 finished with value: 0.34439244019846044 and parameters: {'window_influence': 0.3960733334460106, 'penalty_k': 0.046749980335056944, 'scale_lr': 0.40314289802502246}. Best is trial 32 with value: 0.38394216433573325.
checkpoint_e23 window_influence: 0.45686032743991239, penalty_k: 0.11506975826662100, scale_lr: 0.54560301369300124, EAO: 0.333
Trial 541 finished with value: 0.3334318756593341 and parameters: {'window_influence': 0.4568603274399124, 'penalty_k': 0.115069758266621, 'scale_lr': 0.5456030136930012}. Best is trial 32 with value: 0.38394216433573325.
checkpoint_e23 window_influence: 0.42943449894761748, penalty_k: 0.01036652795529123, scale_lr: 0.43093185054705502, EAO: 0.338
Trial 542 finished with value: 0.33776299684428057 and parameters: {'window_influence': 0.4294344989476175, 'penalty_k': 0.010366527955291234, 'scale_lr': 0.430931850547055}. Best is trial 32 with value: 0.38394216433573325.
checkpoint_e23 window_influence: 0.55942327523092639, penalty_k: 0.09711298857238010, scale_lr: 0.41328319577464512, EAO: 0.290
Trial 543 finished with value: 0.2902117157028807 and parameters: {'window_influence': 0.5594232752309264, 'penalty_k': 0.0971129885723801, 'scale_lr': 0.4132831957746451}. Best is trial 32 with value: 0.38394216433573325.
checkpoint_e23 window_influence: 0.49335402392929828, penalty_k: 0.02011137008829446, scale_lr: 0.49392914339796518, EAO: 0.352
Trial 544 finished with value: 0.352073460121563 and parameters: {'window_influence': 0.4933540239292983, 'penalty_k': 0.02011137008829446, 'scale_lr': 0.4939291433979652}. Best is trial 32 with value: 0.38394216433573325.
checkpoint_e23 window_influence: 0.58805756478887283, penalty_k: 0.04061972555758470, scale_lr: 0.60797283419731341, EAO: 0.315
Trial 545 finished with value: 0.31458482517342623 and parameters: {'window_influence': 0.5880575647888728, 'penalty_k': 0.040619725557584696, 'scale_lr': 0.6079728341973134}. Best is trial 32 with value: 0.38394216433573325.
checkpoint_e23 window_influence: 0.47136057078144161, penalty_k: 0.05990807357531656, scale_lr: 0.37444443033071773, EAO: 0.378
Trial 546 finished with value: 0.37808186940645894 and parameters: {'window_influence': 0.4713605707814416, 'penalty_k': 0.059908073575316564, 'scale_lr': 0.3744444303307177}. Best is trial 32 with value: 0.38394216433573325.
checkpoint_e23 window_influence: 0.47450938338399173, penalty_k: 0.32096615991080596, scale_lr: 0.37502237858738213, EAO: 0.321
Trial 547 finished with value: 0.3208910755030376 and parameters: {'window_influence': 0.47450938338399173, 'penalty_k': 0.32096615991080596, 'scale_lr': 0.37502237858738213}. Best is trial 32 with value: 0.38394216433573325.
checkpoint_e23 window_influence: 0.38915477629324691, penalty_k: 0.34593940814761542, scale_lr: 0.34928462387035858, EAO: 0.333
Trial 548 finished with value: 0.33327882832590244 and parameters: {'window_influence': 0.3891547762932469, 'penalty_k': 0.3459394081476154, 'scale_lr': 0.3492846238703586}. Best is trial 32 with value: 0.38394216433573325.
checkpoint_e23 window_influence: 0.54264219661886171, penalty_k: 0.06265035656768130, scale_lr: 0.35998852877624626, EAO: 0.326
Trial 549 finished with value: 0.32618121222995133 and parameters: {'window_influence': 0.5426421966188617, 'penalty_k': 0.0626503565676813, 'scale_lr': 0.35998852877624626}. Best is trial 32 with value: 0.38394216433573325.
checkpoint_e23 window_influence: 0.48596245462802873, penalty_k: 0.02665223938680877, scale_lr: 0.37229881893473260, EAO: 0.342
Trial 550 finished with value: 0.34231191027025304 and parameters: {'window_influence': 0.48596245462802873, 'penalty_k': 0.026652239386808767, 'scale_lr': 0.3722988189347326}. Best is trial 32 with value: 0.38394216433573325.
checkpoint_e23 window_influence: 0.50789638789049962, penalty_k: 0.00937631611928667, scale_lr: 0.38193225454807983, EAO: 0.350
Trial 551 finished with value: 0.3496572545762192 and parameters: {'window_influence': 0.5078963878904996, 'penalty_k': 0.00937631611928667, 'scale_lr': 0.38193225454807983}. Best is trial 32 with value: 0.38394216433573325.
checkpoint_e23 window_influence: 0.47069228336537927, penalty_k: 0.57139658699685048, scale_lr: 0.47907880546185866, EAO: 0.292
Trial 552 finished with value: 0.2922255493671514 and parameters: {'window_influence': 0.47069228336537927, 'penalty_k': 0.5713965869968505, 'scale_lr': 0.47907880546185866}. Best is trial 32 with value: 0.38394216433573325.
checkpoint_e23 window_influence: 0.49841256221498542, penalty_k: 0.07957588078063568, scale_lr: 0.38855559035524473, EAO: 0.355
Trial 553 finished with value: 0.35468248912796435 and parameters: {'window_influence': 0.4984125622149854, 'penalty_k': 0.07957588078063568, 'scale_lr': 0.38855559035524473}. Best is trial 32 with value: 0.38394216433573325.
checkpoint_e23 window_influence: 0.48659437638498920, penalty_k: 0.04919309752298433, scale_lr: 0.70070825656155655, EAO: 0.335
Trial 554 finished with value: 0.33476665940730027 and parameters: {'window_influence': 0.4865943763849892, 'penalty_k': 0.04919309752298433, 'scale_lr': 0.7007082565615566}. Best is trial 32 with value: 0.38394216433573325.
checkpoint_e23 window_influence: 0.36936819882769589, penalty_k: 0.31013696153608777, scale_lr: 0.34837521697808016, EAO: 0.311
Trial 555 finished with value: 0.31147605372078224 and parameters: {'window_influence': 0.3693681988276959, 'penalty_k': 0.3101369615360878, 'scale_lr': 0.34837521697808016}. Best is trial 32 with value: 0.38394216433573325.
checkpoint_e23 window_influence: 0.46407745270075657, penalty_k: 0.03469588668550125, scale_lr: 0.29651614115693481, EAO: 0.334
Trial 556 finished with value: 0.3342577278150195 and parameters: {'window_influence': 0.46407745270075657, 'penalty_k': 0.03469588668550125, 'scale_lr': 0.2965161411569348}. Best is trial 32 with value: 0.38394216433573325.
checkpoint_e23 window_influence: 0.61409103613140903, penalty_k: 0.28574969545504375, scale_lr: 0.67383717901500306, EAO: 0.243
Trial 557 finished with value: 0.24345402952993891 and parameters: {'window_influence': 0.614091036131409, 'penalty_k': 0.28574969545504375, 'scale_lr': 0.6738371790150031}. Best is trial 32 with value: 0.38394216433573325.
checkpoint_e23 window_influence: 0.51635075306529443, penalty_k: 0.01126515124117002, scale_lr: 0.32294196901330791, EAO: 0.355
