Trial 62 finished with value: 0.30406204689337585 and parameters: {'window_influence': 0.511615143514972, 'penalty_k': 0.3530425749328916, 'scale_lr': 0.6103674561383078}. Best is trial 48 with value: 0.35074094819187657.
checkpoint_e36 window_influence: 0.44816911708309520, penalty_k: 0.26880146647755343, scale_lr: 0.53350643460200442, EAO: 0.325
Trial 63 finished with value: 0.325036134817257 and parameters: {'window_influence': 0.4481691170830952, 'penalty_k': 0.26880146647755343, 'scale_lr': 0.5335064346020044}. Best is trial 48 with value: 0.35074094819187657.
checkpoint_e36 window_influence: 0.48366071647099013, penalty_k: 0.22853538702133483, scale_lr: 0.50469146676853549, EAO: 0.341
Trial 64 finished with value: 0.3406184446718906 and parameters: {'window_influence': 0.4836607164709901, 'penalty_k': 0.22853538702133483, 'scale_lr': 0.5046914667685355}. Best is trial 48 with value: 0.35074094819187657.
checkpoint_e36 window_influence: 0.44310193929004321, penalty_k: 0.23181948743872324, scale_lr: 0.50743975522576812, EAO: 0.324
Trial 65 finished with value: 0.32405085792105487 and parameters: {'window_influence': 0.4431019392900432, 'penalty_k': 0.23181948743872324, 'scale_lr': 0.5074397552257681}. Best is trial 48 with value: 0.35074094819187657.
checkpoint_e36 window_influence: 0.50820925434328978, penalty_k: 0.25651511973756508, scale_lr: 0.49487698087041043, EAO: 0.323
Trial 66 finished with value: 0.32321624898493057 and parameters: {'window_influence': 0.5082092543432898, 'penalty_k': 0.2565151197375651, 'scale_lr': 0.49487698087041043}. Best is trial 48 with value: 0.35074094819187657.
checkpoint_e36 window_influence: 0.47101920197329827, penalty_k: 0.27721842411250114, scale_lr: 0.56604531044178774, EAO: 0.332
Trial 67 finished with value: 0.33184791237463745 and parameters: {'window_influence': 0.4710192019732983, 'penalty_k': 0.27721842411250114, 'scale_lr': 0.5660453104417877}. Best is trial 48 with value: 0.35074094819187657.
checkpoint_e36 window_influence: 0.52848467922777553, penalty_k: 0.24333425081533777, scale_lr: 0.46634597207664680, EAO: 0.292
Trial 68 finished with value: 0.2920452133110989 and parameters: {'window_influence': 0.5284846792277755, 'penalty_k': 0.24333425081533777, 'scale_lr': 0.4663459720766468}. Best is trial 48 with value: 0.35074094819187657.
checkpoint_e36 window_influence: 0.47929931939640208, penalty_k: 0.22626991882607106, scale_lr: 0.55186418517839342, EAO: 0.349
Trial 69 finished with value: 0.349292490732809 and parameters: {'window_influence': 0.4792993193964021, 'penalty_k': 0.22626991882607106, 'scale_lr': 0.5518641851783934}. Best is trial 48 with value: 0.35074094819187657.
checkpoint_e36 window_influence: 0.43780824836876847, penalty_k: 0.21674582330321571, scale_lr: 0.54966647897526044, EAO: 0.351
Trial 70 finished with value: 0.3509115100138846 and parameters: {'window_influence': 0.43780824836876847, 'penalty_k': 0.2167458233032157, 'scale_lr': 0.5496664789752604}. Best is trial 70 with value: 0.3509115100138846.
checkpoint_e36 window_influence: 0.43752374833461777, penalty_k: 0.21370924822694001, scale_lr: 0.54121308417040770, EAO: 0.340
Trial 71 finished with value: 0.33975391849469583 and parameters: {'window_influence': 0.43752374833461777, 'penalty_k': 0.21370924822694, 'scale_lr': 0.5412130841704077}. Best is trial 70 with value: 0.3509115100138846.
checkpoint_e36 window_influence: 0.43798400975697771, penalty_k: 0.17917353427841520, scale_lr: 0.55573444547716977, EAO: 0.330
Trial 72 finished with value: 0.32981273937781963 and parameters: {'window_influence': 0.4379840097569777, 'penalty_k': 0.1791735342784152, 'scale_lr': 0.5557344454771698}. Best is trial 70 with value: 0.3509115100138846.
checkpoint_e36 window_influence: 0.45075291568664055, penalty_k: 0.21380663880116263, scale_lr: 0.60065572889011509, EAO: 0.359
Trial 73 finished with value: 0.35940665667622934 and parameters: {'window_influence': 0.45075291568664055, 'penalty_k': 0.21380663880116263, 'scale_lr': 0.6006557288901151}. Best is trial 73 with value: 0.35940665667622934.
checkpoint_e36 window_influence: 0.45609807053490958, penalty_k: 0.15704500439494351, scale_lr: 0.61103231129575197, EAO: 0.345
Trial 74 finished with value: 0.3450084772787205 and parameters: {'window_influence': 0.4560980705349096, 'penalty_k': 0.1570450043949435, 'scale_lr': 0.611032311295752}. Best is trial 73 with value: 0.35940665667622934.
checkpoint_e36 window_influence: 0.39150898955562669, penalty_k: 0.15492447787759409, scale_lr: 0.61000687831436173, EAO: 0.331
Trial 75 finished with value: 0.33056562675112416 and parameters: {'window_influence': 0.3915089895556267, 'penalty_k': 0.15492447787759409, 'scale_lr': 0.6100068783143617}. Best is trial 73 with value: 0.35940665667622934.
checkpoint_e36 window_influence: 0.46099125802379853, penalty_k: 0.16311980045319829, scale_lr: 0.65792679716267710, EAO: 0.330
Trial 76 finished with value: 0.330230265797808 and parameters: {'window_influence': 0.46099125802379853, 'penalty_k': 0.1631198004531983, 'scale_lr': 0.6579267971626771}. Best is trial 73 with value: 0.35940665667622934.
checkpoint_e36 window_influence: 0.50197696637404798, penalty_k: 0.14200419508356221, scale_lr: 0.59487756000838743, EAO: 0.326
Trial 77 finished with value: 0.32551177089548294 and parameters: {'window_influence': 0.501976966374048, 'penalty_k': 0.1420041950835622, 'scale_lr': 0.5948775600083874}. Best is trial 73 with value: 0.35940665667622934.
checkpoint_e36 window_influence: 0.45409229580713978, penalty_k: 0.19797779230597923, scale_lr: 0.61287103293008771, EAO: 0.321
Trial 78 finished with value: 0.3209924930960288 and parameters: {'window_influence': 0.4540922958071398, 'penalty_k': 0.19797779230597923, 'scale_lr': 0.6128710329300877}. Best is trial 73 with value: 0.35940665667622934.
checkpoint_e36 window_influence: 0.40818927306694774, penalty_k: 0.22326493907120876, scale_lr: 0.57153007581214377, EAO: 0.315
Trial 79 finished with value: 0.3148256420277436 and parameters: {'window_influence': 0.40818927306694774, 'penalty_k': 0.22326493907120876, 'scale_lr': 0.5715300758121438}. Best is trial 73 with value: 0.35940665667622934.
checkpoint_e36 window_influence: 0.42925143169122770, penalty_k: 0.12362397853035552, scale_lr: 0.66419020898980363, EAO: 0.296
Trial 80 finished with value: 0.29581165684800204 and parameters: {'window_influence': 0.4292514316912277, 'penalty_k': 0.12362397853035552, 'scale_lr': 0.6641902089898036}. Best is trial 73 with value: 0.35940665667622934.
checkpoint_e36 window_influence: 0.50200533813416592, penalty_k: 0.22779402462166562, scale_lr: 0.55962521610448224, EAO: 0.348
Trial 81 finished with value: 0.3482382056314194 and parameters: {'window_influence': 0.5020053381341659, 'penalty_k': 0.22779402462166562, 'scale_lr': 0.5596252161044822}. Best is trial 73 with value: 0.35940665667622934.
checkpoint_e36 window_influence: 0.46126466858398918, penalty_k: 0.20876006859834373, scale_lr: 0.60037880605623828, EAO: 0.367
Trial 82 finished with value: 0.36745269532797403 and parameters: {'window_influence': 0.4612646685839892, 'penalty_k': 0.20876006859834373, 'scale_lr': 0.6003788060562383}. Best is trial 82 with value: 0.36745269532797403.
checkpoint_e36 window_influence: 0.46299585810539307, penalty_k: 0.20916658098584648, scale_lr: 0.59735677313758895, EAO: 0.335
Trial 83 finished with value: 0.3349384978587525 and parameters: {'window_influence': 0.46299585810539307, 'penalty_k': 0.20916658098584648, 'scale_lr': 0.597356773137589}. Best is trial 82 with value: 0.36745269532797403.
checkpoint_e36 window_influence: 0.50148809197935007, penalty_k: 0.17532920595351278, scale_lr: 0.57594298035983782, EAO: 0.325
Trial 84 finished with value: 0.32514948232628493 and parameters: {'window_influence': 0.5014880919793501, 'penalty_k': 0.17532920595351278, 'scale_lr': 0.5759429803598378}. Best is trial 82 with value: 0.36745269532797403.
checkpoint_e36 window_influence: 0.41775862692980192, penalty_k: 0.20774199415901773, scale_lr: 0.56033197261446355, EAO: 0.324
Trial 85 finished with value: 0.32435938768117806 and parameters: {'window_influence': 0.4177586269298019, 'penalty_k': 0.20774199415901773, 'scale_lr': 0.5603319726144635}. Best is trial 82 with value: 0.36745269532797403.
checkpoint_e36 window_influence: 0.44923987716595626, penalty_k: 0.23479852701382353, scale_lr: 0.61415892289632312, EAO: 0.340
Trial 86 finished with value: 0.3402811780513956 and parameters: {'window_influence': 0.44923987716595626, 'penalty_k': 0.23479852701382353, 'scale_lr': 0.6141589228963231}. Best is trial 82 with value: 0.36745269532797403.
checkpoint_e36 window_influence: 0.47353924831056432, penalty_k: 0.19582438945743089, scale_lr: 0.60167694280175921, EAO: 0.364
Trial 87 finished with value: 0.3642436221879744 and parameters: {'window_influence': 0.4735392483105643, 'penalty_k': 0.1958243894574309, 'scale_lr': 0.6016769428017592}. Best is trial 82 with value: 0.36745269532797403.
checkpoint_e36 window_influence: 0.47170129656968052, penalty_k: 0.22521842229893446, scale_lr: 0.55196239926897828, EAO: 0.324
Trial 88 finished with value: 0.32397567373537367 and parameters: {'window_influence': 0.4717012965696805, 'penalty_k': 0.22521842229893446, 'scale_lr': 0.5519623992689783}. Best is trial 82 with value: 0.36745269532797403.
checkpoint_e36 window_influence: 0.52480520240592643, penalty_k: 0.25721654638485769, scale_lr: 0.58922378428708089, EAO: 0.317
Trial 89 finished with value: 0.31713470277387346 and parameters: {'window_influence': 0.5248052024059264, 'penalty_k': 0.2572165463848577, 'scale_lr': 0.5892237842870809}. Best is trial 82 with value: 0.36745269532797403.
checkpoint_e36 window_influence: 0.51089667776413084, penalty_k: 0.19985294616459748, scale_lr: 0.57288005931509078, EAO: 0.336
Trial 90 finished with value: 0.3364487075852049 and parameters: {'window_influence': 0.5108966777641308, 'penalty_k': 0.19985294616459748, 'scale_lr': 0.5728800593150908}. Best is trial 82 with value: 0.36745269532797403.
checkpoint_e36 window_influence: 0.47515047513821779, penalty_k: 0.18304370328389041, scale_lr: 0.60471396620326567, EAO: 0.346
Trial 91 finished with value: 0.34564815119546677 and parameters: {'window_influence': 0.4751504751382178, 'penalty_k': 0.1830437032838904, 'scale_lr': 0.6047139662032657}. Best is trial 82 with value: 0.36745269532797403.
checkpoint_e36 window_influence: 0.49813681746585242, penalty_k: 0.18242085847152850, scale_lr: 0.62217607683791931, EAO: 0.343
Trial 92 finished with value: 0.34322614625734116 and parameters: {'window_influence': 0.4981368174658524, 'penalty_k': 0.1824208584715285, 'scale_lr': 0.6221760768379193}. Best is trial 82 with value: 0.36745269532797403.
checkpoint_e36 window_influence: 0.46772900033360826, penalty_k: 0.21766329725748629, scale_lr: 0.59649091989354786, EAO: 0.331
Trial 93 finished with value: 0.3306114485175693 and parameters: {'window_influence': 0.46772900033360826, 'penalty_k': 0.2176632972574863, 'scale_lr': 0.5964909198935479}. Best is trial 82 with value: 0.36745269532797403.
checkpoint_e36 window_influence: 0.47400706195145148, penalty_k: 0.19297367163985654, scale_lr: 0.63860537292631947, EAO: 0.333
Trial 94 finished with value: 0.3334839472163048 and parameters: {'window_influence': 0.4740070619514515, 'penalty_k': 0.19297367163985654, 'scale_lr': 0.6386053729263195}. Best is trial 82 with value: 0.36745269532797403.
checkpoint_e36 window_influence: 0.44014878962154125, penalty_k: 0.23900121026058585, scale_lr: 0.64978515145355664, EAO: 0.348
Trial 95 finished with value: 0.34822193472301916 and parameters: {'window_influence': 0.44014878962154125, 'penalty_k': 0.23900121026058585, 'scale_lr': 0.6497851514535566}. Best is trial 82 with value: 0.36745269532797403.
checkpoint_e36 window_influence: 0.42225174304383895, penalty_k: 0.23741084850507208, scale_lr: 0.65056972851551320, EAO: 0.337
Trial 96 finished with value: 0.33683556909691037 and parameters: {'window_influence': 0.42225174304383895, 'penalty_k': 0.23741084850507208, 'scale_lr': 0.6505697285155132}. Best is trial 82 with value: 0.36745269532797403.
checkpoint_e36 window_influence: 0.43868751383310062, penalty_k: 0.20442321732737839, scale_lr: 0.67197341283832779, EAO: 0.320
Trial 97 finished with value: 0.32007859705255187 and parameters: {'window_influence': 0.4386875138331006, 'penalty_k': 0.2044232173273784, 'scale_lr': 0.6719734128383278}. Best is trial 82 with value: 0.36745269532797403.
checkpoint_e36 window_influence: 0.39644438923773168, penalty_k: 0.22232730491558297, scale_lr: 0.63042714510841369, EAO: 0.310
Trial 98 finished with value: 0.3104026209751456 and parameters: {'window_influence': 0.3964443892377317, 'penalty_k': 0.22232730491558297, 'scale_lr': 0.6304271451084137}. Best is trial 82 with value: 0.36745269532797403.
checkpoint_e36 window_influence: 0.45417731140167872, penalty_k: 0.25740384999198085, scale_lr: 0.57697313268125772, EAO: 0.333
Trial 99 finished with value: 0.3325665336870498 and parameters: {'window_influence': 0.4541773114016787, 'penalty_k': 0.25740384999198085, 'scale_lr': 0.5769731326812577}. Best is trial 82 with value: 0.36745269532797403.
checkpoint_e36 window_influence: 0.49858139032781579, penalty_k: 0.23750085284932879, scale_lr: 0.64622527900923388, EAO: 0.338
Trial 100 finished with value: 0.33804847004348665 and parameters: {'window_influence': 0.4985813903278158, 'penalty_k': 0.2375008528493288, 'scale_lr': 0.6462252790092339}. Best is trial 82 with value: 0.36745269532797403.
checkpoint_e36 window_influence: 0.48226172304068082, penalty_k: 0.30391071227324151, scale_lr: 0.62500999420332304, EAO: 0.329
Trial 101 finished with value: 0.3291439897587327 and parameters: {'window_influence': 0.4822617230406808, 'penalty_k': 0.3039107122732415, 'scale_lr': 0.625009994203323}. Best is trial 82 with value: 0.36745269532797403.
checkpoint_e36 window_influence: 0.49197291243969710, penalty_k: 0.21145326103145581, scale_lr: 0.60226215438158903, EAO: 0.321
Trial 102 finished with value: 0.32104186696301173 and parameters: {'window_influence': 0.4919729124396971, 'penalty_k': 0.2114532610314558, 'scale_lr': 0.602262154381589}. Best is trial 82 with value: 0.36745269532797403.
checkpoint_e36 window_influence: 0.47297881350138726, penalty_k: 0.18397463573462747, scale_lr: 0.58589271498900786, EAO: 0.354
Trial 103 finished with value: 0.3540490638421203 and parameters: {'window_influence': 0.47297881350138726, 'penalty_k': 0.18397463573462747, 'scale_lr': 0.5858927149890079}. Best is trial 82 with value: 0.36745269532797403.
checkpoint_e36 window_influence: 0.42708981183581451, penalty_k: 0.17050443949640831, scale_lr: 0.58707206932736411, EAO: 0.318
Trial 104 finished with value: 0.3184408488092719 and parameters: {'window_influence': 0.4270898118358145, 'penalty_k': 0.1705044394964083, 'scale_lr': 0.5870720693273641}. Best is trial 82 with value: 0.36745269532797403.
checkpoint_e36 window_influence: 0.44593082274703338, penalty_k: 0.19283437798749892, scale_lr: 0.56172955986190232, EAO: 0.333
Trial 105 finished with value: 0.33324522881656304 and parameters: {'window_influence': 0.4459308227470334, 'penalty_k': 0.19283437798749892, 'scale_lr': 0.5617295598619023}. Best is trial 82 with value: 0.36745269532797403.
checkpoint_e36 window_influence: 0.47142916169747512, penalty_k: 0.18455862675522633, scale_lr: 0.54550537577669589, EAO: 0.351
Trial 106 finished with value: 0.35068236482746407 and parameters: {'window_influence': 0.4714291616974751, 'penalty_k': 0.18455862675522633, 'scale_lr': 0.5455053757766959}. Best is trial 82 with value: 0.36745269532797403.
checkpoint_e36 window_influence: 0.51679620880139876, penalty_k: 0.20322021002447799, scale_lr: 0.54506008388681848, EAO: 0.335
Trial 107 finished with value: 0.3351166961489948 and parameters: {'window_influence': 0.5167962088013988, 'penalty_k': 0.203220210024478, 'scale_lr': 0.5450600838868185}. Best is trial 82 with value: 0.36745269532797403.
checkpoint_e36 window_influence: 0.40819289907830958, penalty_k: 0.24835123778060220, scale_lr: 0.53327110198698846, EAO: 0.314
Trial 108 finished with value: 0.31440284587297923 and parameters: {'window_influence': 0.4081928990783096, 'penalty_k': 0.2483512377806022, 'scale_lr': 0.5332711019869885}. Best is trial 82 with value: 0.36745269532797403.
checkpoint_e36 window_influence: 0.46669693166619119, penalty_k: 0.22176585994673406, scale_lr: 0.58455397493276318, EAO: 0.351
Trial 109 finished with value: 0.35093428072762395 and parameters: {'window_influence': 0.4666969316661912, 'penalty_k': 0.22176585994673406, 'scale_lr': 0.5845539749327632}. Best is trial 82 with value: 0.36745269532797403.
checkpoint_e36 window_influence: 0.46083815106293113, penalty_k: 0.22435115996249208, scale_lr: 0.56992466466084146, EAO: 0.339
Trial 110 finished with value: 0.3385859334747151 and parameters: {'window_influence': 0.46083815106293113, 'penalty_k': 0.22435115996249208, 'scale_lr': 0.5699246646608415}. Best is trial 82 with value: 0.36745269532797403.
checkpoint_e36 window_influence: 0.47254777561171030, penalty_k: 0.19083803656427833, scale_lr: 0.62167099220865063, EAO: 0.346
Trial 111 finished with value: 0.34643607427174017 and parameters: {'window_influence': 0.4725477756117103, 'penalty_k': 0.19083803656427833, 'scale_lr': 0.6216709922086506}. Best is trial 82 with value: 0.36745269532797403.
checkpoint_e36 window_influence: 0.44164386847371284, penalty_k: 0.21586165321617273, scale_lr: 0.58415973553904377, EAO: 0.340
Trial 112 finished with value: 0.3404111634896423 and parameters: {'window_influence': 0.44164386847371284, 'penalty_k': 0.21586165321617273, 'scale_lr': 0.5841597355390438}. Best is trial 82 with value: 0.36745269532797403.
checkpoint_e36 window_influence: 0.49139831304067438, penalty_k: 0.24004387915390890, scale_lr: 0.56239427181891366, EAO: 0.340
Trial 113 finished with value: 0.3400201206077398 and parameters: {'window_influence': 0.4913983130406744, 'penalty_k': 0.2400438791539089, 'scale_lr': 0.5623942718189137}. Best is trial 82 with value: 0.36745269532797403.
checkpoint_e36 window_influence: 0.43311849173900724, penalty_k: 0.27285255462479507, scale_lr: 0.54904003373193366, EAO: 0.338
Trial 114 finished with value: 0.3379818286877198 and parameters: {'window_influence': 0.43311849173900724, 'penalty_k': 0.2728525546247951, 'scale_lr': 0.5490400337319337}. Best is trial 82 with value: 0.36745269532797403.
checkpoint_e36 window_influence: 0.45186054468625325, penalty_k: 0.17088083804128409, scale_lr: 0.59203741188781511, EAO: 0.330
Trial 115 finished with value: 0.32965539100105196 and parameters: {'window_influence': 0.45186054468625325, 'penalty_k': 0.1708808380412841, 'scale_lr': 0.5920374118878151}. Best is trial 82 with value: 0.36745269532797403.
checkpoint_e36 window_influence: 0.51173719270424178, penalty_k: 0.23031556244705056, scale_lr: 0.52664491750350406, EAO: 0.338
Trial 116 finished with value: 0.3381974538244626 and parameters: {'window_influence': 0.5117371927042418, 'penalty_k': 0.23031556244705056, 'scale_lr': 0.5266449175035041}. Best is trial 82 with value: 0.36745269532797403.
checkpoint_e36 window_influence: 0.53067469907740961, penalty_k: 0.25061237327665087, scale_lr: 0.51544868742625860, EAO: 0.313
Trial 117 finished with value: 0.31274897271789004 and parameters: {'window_influence': 0.5306746990774096, 'penalty_k': 0.25061237327665087, 'scale_lr': 0.5154486874262586}. Best is trial 82 with value: 0.36745269532797403.
checkpoint_e36 window_influence: 0.46440981878214888, penalty_k: 0.20433309506548469, scale_lr: 0.62288391873593529, EAO: 0.344
Trial 118 finished with value: 0.34381347198894513 and parameters: {'window_influence': 0.4644098187821489, 'penalty_k': 0.2043330950654847, 'scale_lr': 0.6228839187359353}. Best is trial 82 with value: 0.36745269532797403.
checkpoint_e36 window_influence: 0.48061016686395475, penalty_k: 0.26099080090960208, scale_lr: 0.54217272348181922, EAO: 0.343
Trial 119 finished with value: 0.34347786038302264 and parameters: {'window_influence': 0.48061016686395475, 'penalty_k': 0.2609908009096021, 'scale_lr': 0.5421727234818192}. Best is trial 82 with value: 0.36745269532797403.
checkpoint_e36 window_influence: 0.50644303093744580, penalty_k: 0.18367789353091113, scale_lr: 0.64165486477956579, EAO: 0.340
Trial 120 finished with value: 0.33965138053151883 and parameters: {'window_influence': 0.5064430309374458, 'penalty_k': 0.18367789353091113, 'scale_lr': 0.6416548647795658}. Best is trial 82 with value: 0.36745269532797403.
checkpoint_e36 window_influence: 0.46997699322975600, penalty_k: 0.19549299536495138, scale_lr: 0.62039269830603982, EAO: 0.336
Trial 121 finished with value: 0.33648455061801213 and parameters: {'window_influence': 0.469976993229756, 'penalty_k': 0.19549299536495138, 'scale_lr': 0.6203926983060398}. Best is trial 82 with value: 0.36745269532797403.
checkpoint_e36 window_influence: 0.47865865536251384, penalty_k: 0.18922982474936489, scale_lr: 0.60296588878603707, EAO: 0.354
Trial 122 finished with value: 0.35439032849634666 and parameters: {'window_influence': 0.47865865536251384, 'penalty_k': 0.1892298247493649, 'scale_lr': 0.6029658887860371}. Best is trial 82 with value: 0.36745269532797403.
checkpoint_e36 window_influence: 0.49101313810464009, penalty_k: 0.21535659989301481, scale_lr: 0.60161874262478832, EAO: 0.335
Trial 123 finished with value: 0.3352612359050647 and parameters: {'window_influence': 0.4910131381046401, 'penalty_k': 0.2153565998930148, 'scale_lr': 0.6016187426247883}. Best is trial 82 with value: 0.36745269532797403.
checkpoint_e36 window_influence: 0.45402815624608150, penalty_k: 0.17102210067985085, scale_lr: 0.58020695659263666, EAO: 0.339
