Trial 950 finished with value: 0.2655751121299276 and parameters: {'window_influence': 0.2117552291388292, 'penalty_k': 0.4186226315015105, 'scale_lr': 0.11863608807036125}. Best is trial 164 with value: 0.3660086329577034.
checkpoint_e29 window_influence: 0.47016090573306812, penalty_k: 0.37249962837017658, scale_lr: 0.63595893906483336, EAO: 0.317
Trial 951 finished with value: 0.3165958656527189 and parameters: {'window_influence': 0.4701609057330681, 'penalty_k': 0.3724996283701766, 'scale_lr': 0.6359589390648334}. Best is trial 164 with value: 0.3660086329577034.
checkpoint_e29 window_influence: 0.39898843486317237, penalty_k: 0.38942226422569098, scale_lr: 0.56677218124697004, EAO: 0.343
Trial 952 finished with value: 0.3432239852990622 and parameters: {'window_influence': 0.39898843486317237, 'penalty_k': 0.389422264225691, 'scale_lr': 0.56677218124697}. Best is trial 164 with value: 0.3660086329577034.
checkpoint_e29 window_influence: 0.44742707078880017, penalty_k: 0.34495131592663958, scale_lr: 0.64653085437423286, EAO: 0.340
Trial 953 finished with value: 0.3401356897233525 and parameters: {'window_influence': 0.4474270707888002, 'penalty_k': 0.3449513159266396, 'scale_lr': 0.6465308543742329}. Best is trial 164 with value: 0.3660086329577034.
checkpoint_e29 window_influence: 0.37324821348856380, penalty_k: 0.40832249147067023, scale_lr: 0.59779648030076526, EAO: 0.331
Trial 954 finished with value: 0.3305829078075023 and parameters: {'window_influence': 0.3732482134885638, 'penalty_k': 0.40832249147067023, 'scale_lr': 0.5977964803007653}. Best is trial 164 with value: 0.3660086329577034.
checkpoint_e29 window_influence: 0.34765695846152900, penalty_k: 0.37935324838774376, scale_lr: 0.61853275065883029, EAO: 0.325
Trial 955 finished with value: 0.32498680304460487 and parameters: {'window_influence': 0.347656958461529, 'penalty_k': 0.37935324838774376, 'scale_lr': 0.6185327506588303}. Best is trial 164 with value: 0.3660086329577034.
checkpoint_e29 window_influence: 0.43357066433829977, penalty_k: 0.18043286057979629, scale_lr: 0.17559144394829818, EAO: 0.353
Trial 956 finished with value: 0.3526948711287651 and parameters: {'window_influence': 0.43357066433829977, 'penalty_k': 0.1804328605797963, 'scale_lr': 0.17559144394829818}. Best is trial 164 with value: 0.3660086329577034.
checkpoint_e29 window_influence: 0.43609121521067723, penalty_k: 0.13308736134846905, scale_lr: 0.49058862923466545, EAO: 0.341
Trial 957 finished with value: 0.34068936561795987 and parameters: {'window_influence': 0.43609121521067723, 'penalty_k': 0.13308736134846905, 'scale_lr': 0.49058862923466545}. Best is trial 164 with value: 0.3660086329577034.
checkpoint_e29 window_influence: 0.42943762884098380, penalty_k: 0.47890152110662459, scale_lr: 0.27006665987550921, EAO: 0.339
Trial 958 finished with value: 0.33882267593409765 and parameters: {'window_influence': 0.4294376288409838, 'penalty_k': 0.4789015211066246, 'scale_lr': 0.2700666598755092}. Best is trial 164 with value: 0.3660086329577034.
checkpoint_e29 window_influence: 0.44244369961304186, penalty_k: 0.02781109539264615, scale_lr: 0.50678748227571113, EAO: 0.333
Trial 959 finished with value: 0.3327549883827625 and parameters: {'window_influence': 0.44244369961304186, 'penalty_k': 0.027811095392646146, 'scale_lr': 0.5067874822757111}. Best is trial 164 with value: 0.3660086329577034.
checkpoint_e29 window_influence: 0.42230306726290567, penalty_k: 0.22101175846591067, scale_lr: 0.30925951387896933, EAO: 0.298
Trial 960 finished with value: 0.2977502068309005 and parameters: {'window_influence': 0.4223030672629057, 'penalty_k': 0.22101175846591067, 'scale_lr': 0.3092595138789693}. Best is trial 164 with value: 0.3660086329577034.
checkpoint_e29 window_influence: 0.46400807375616060, penalty_k: 0.13123955483675911, scale_lr: 0.28497306930891908, EAO: 0.324
Trial 961 finished with value: 0.3242637675096089 and parameters: {'window_influence': 0.4640080737561606, 'penalty_k': 0.13123955483675911, 'scale_lr': 0.2849730693089191}. Best is trial 164 with value: 0.3660086329577034.
checkpoint_e29 window_influence: 0.44899459929402125, penalty_k: 0.28882733663519172, scale_lr: 0.24680243743150934, EAO: 0.328
Trial 962 finished with value: 0.327694686586291 and parameters: {'window_influence': 0.44899459929402125, 'penalty_k': 0.2888273366351917, 'scale_lr': 0.24680243743150934}. Best is trial 164 with value: 0.3660086329577034.
checkpoint_e29 window_influence: 0.41202462455855471, penalty_k: 0.33626041150465058, scale_lr: 0.52296276607498626, EAO: 0.329
Trial 963 finished with value: 0.3292868182584933 and parameters: {'window_influence': 0.4120246245585547, 'penalty_k': 0.3362604115046506, 'scale_lr': 0.5229627660749863}. Best is trial 164 with value: 0.3660086329577034.
checkpoint_e29 window_influence: 0.43316730543670817, penalty_k: 0.16054540483767785, scale_lr: 0.36148513248547942, EAO: 0.329
Trial 964 finished with value: 0.3285966751524447 and parameters: {'window_influence': 0.43316730543670817, 'penalty_k': 0.16054540483767785, 'scale_lr': 0.3614851324854794}. Best is trial 164 with value: 0.3660086329577034.
checkpoint_e29 window_influence: 0.24303462259838177, penalty_k: 0.32647038194364891, scale_lr: 0.48771145202039584, EAO: 0.295
Trial 965 finished with value: 0.2946075881153693 and parameters: {'window_influence': 0.24303462259838177, 'penalty_k': 0.3264703819436489, 'scale_lr': 0.48771145202039584}. Best is trial 164 with value: 0.3660086329577034.
checkpoint_e29 window_influence: 0.45714385640937172, penalty_k: 0.14412764076468249, scale_lr: 0.49086219733510433, EAO: 0.330
Trial 966 finished with value: 0.3298129575609697 and parameters: {'window_influence': 0.4571438564093717, 'penalty_k': 0.14412764076468249, 'scale_lr': 0.49086219733510433}. Best is trial 164 with value: 0.3660086329577034.
checkpoint_e29 window_influence: 0.43068497204882256, penalty_k: 0.31600590960112668, scale_lr: 0.25410613597587378, EAO: 0.325
Trial 967 finished with value: 0.3250841928015423 and parameters: {'window_influence': 0.43068497204882256, 'penalty_k': 0.3160059096011267, 'scale_lr': 0.2541061359758738}. Best is trial 164 with value: 0.3660086329577034.
checkpoint_e29 window_influence: 0.44276615491019028, penalty_k: 0.29103848707558233, scale_lr: 0.19862838037071145, EAO: 0.322
Trial 968 finished with value: 0.32194232366660225 and parameters: {'window_influence': 0.4427661549101903, 'penalty_k': 0.29103848707558233, 'scale_lr': 0.19862838037071145}. Best is trial 164 with value: 0.3660086329577034.
checkpoint_e29 window_influence: 0.40551868229081339, penalty_k: 0.01264779225058865, scale_lr: 0.34091119391179869, EAO: 0.311
Trial 969 finished with value: 0.31105789055156335 and parameters: {'window_influence': 0.4055186822908134, 'penalty_k': 0.012647792250588652, 'scale_lr': 0.3409111939117987}. Best is trial 164 with value: 0.3660086329577034.
checkpoint_e29 window_influence: 0.08051930059074408, penalty_k: 0.19913698648043315, scale_lr: 0.39319370595903902, EAO: 0.234
Trial 970 finished with value: 0.23376528315738945 and parameters: {'window_influence': 0.08051930059074408, 'penalty_k': 0.19913698648043315, 'scale_lr': 0.393193705959039}. Best is trial 164 with value: 0.3660086329577034.
checkpoint_e29 window_influence: 0.42112252259109884, penalty_k: 0.26660158893768943, scale_lr: 0.34823252353391293, EAO: 0.330
Trial 971 finished with value: 0.3301398909509414 and parameters: {'window_influence': 0.42112252259109884, 'penalty_k': 0.2666015889376894, 'scale_lr': 0.34823252353391293}. Best is trial 164 with value: 0.3660086329577034.
checkpoint_e29 window_influence: 0.47919602282929430, penalty_k: 0.27174819241813863, scale_lr: 0.13310890781720008, EAO: 0.324
Trial 972 finished with value: 0.3235168658805728 and parameters: {'window_influence': 0.4791960228292943, 'penalty_k': 0.27174819241813863, 'scale_lr': 0.13310890781720008}. Best is trial 164 with value: 0.3660086329577034.
checkpoint_e29 window_influence: 0.45218026347422008, penalty_k: 0.30005907714514363, scale_lr: 0.17938482633590086, EAO: 0.350
Trial 973 finished with value: 0.3495553988195115 and parameters: {'window_influence': 0.4521802634742201, 'penalty_k': 0.3000590771451436, 'scale_lr': 0.17938482633590086}. Best is trial 164 with value: 0.3660086329577034.
checkpoint_e29 window_influence: 0.46454482236414468, penalty_k: 0.11689289132338110, scale_lr: 0.26713308281885556, EAO: 0.328
Trial 974 finished with value: 0.3284815182829645 and parameters: {'window_influence': 0.4645448223641447, 'penalty_k': 0.1168928913233811, 'scale_lr': 0.26713308281885556}. Best is trial 164 with value: 0.3660086329577034.
checkpoint_e29 window_influence: 0.32912553074022510, penalty_k: 0.24026502021300564, scale_lr: 0.18515752240826738, EAO: 0.310
Trial 975 finished with value: 0.3099250826506299 and parameters: {'window_influence': 0.3291255307402251, 'penalty_k': 0.24026502021300564, 'scale_lr': 0.18515752240826738}. Best is trial 164 with value: 0.3660086329577034.
checkpoint_e29 window_influence: 0.42313712477847287, penalty_k: 0.34773684784060166, scale_lr: 0.11235820811123237, EAO: 0.332
Trial 976 finished with value: 0.33168677127546836 and parameters: {'window_influence': 0.4231371247784729, 'penalty_k': 0.34773684784060166, 'scale_lr': 0.11235820811123237}. Best is trial 164 with value: 0.3660086329577034.
checkpoint_e29 window_influence: 0.31692179842589269, penalty_k: 0.24481819830559479, scale_lr: 0.47370070125432695, EAO: 0.318
Trial 977 finished with value: 0.31777432647892473 and parameters: {'window_influence': 0.3169217984258927, 'penalty_k': 0.2448181983055948, 'scale_lr': 0.47370070125432695}. Best is trial 164 with value: 0.3660086329577034.
checkpoint_e29 window_influence: 0.50216989619328600, penalty_k: 0.08722545796053843, scale_lr: 0.34802899746563881, EAO: 0.352
Trial 978 finished with value: 0.35233777564323365 and parameters: {'window_influence': 0.502169896193286, 'penalty_k': 0.08722545796053843, 'scale_lr': 0.3480289974656388}. Best is trial 164 with value: 0.3660086329577034.
checkpoint_e29 window_influence: 0.44112765826730077, penalty_k: 0.17774442879207134, scale_lr: 0.46375626521548269, EAO: 0.333
Trial 979 finished with value: 0.3329948390968115 and parameters: {'window_influence': 0.44112765826730077, 'penalty_k': 0.17774442879207134, 'scale_lr': 0.4637562652154827}. Best is trial 164 with value: 0.3660086329577034.
checkpoint_e29 window_influence: 0.52049562885355138, penalty_k: 0.20348661939358309, scale_lr: 0.39559807773861472, EAO: 0.312
Trial 980 finished with value: 0.3119211018897216 and parameters: {'window_influence': 0.5204956288535514, 'penalty_k': 0.2034866193935831, 'scale_lr': 0.3955980777386147}. Best is trial 164 with value: 0.3660086329577034.
checkpoint_e29 window_influence: 0.55351178009653690, penalty_k: 0.08167793314721598, scale_lr: 0.37360475091174339, EAO: 0.311
Trial 981 finished with value: 0.31053494450415153 and parameters: {'window_influence': 0.5535117800965369, 'penalty_k': 0.08167793314721598, 'scale_lr': 0.3736047509117434}. Best is trial 164 with value: 0.3660086329577034.
checkpoint_e29 window_influence: 0.50277244268069421, penalty_k: 0.16561250619818635, scale_lr: 0.23984733577967621, EAO: 0.345
Trial 982 finished with value: 0.34460184441930125 and parameters: {'window_influence': 0.5027724426806942, 'penalty_k': 0.16561250619818635, 'scale_lr': 0.2398473357796762}. Best is trial 164 with value: 0.3660086329577034.
checkpoint_e29 window_influence: 0.48310816778593402, penalty_k: 0.15808082044798116, scale_lr: 0.31321128653275399, EAO: 0.318
Trial 983 finished with value: 0.31788193448972146 and parameters: {'window_influence': 0.483108167785934, 'penalty_k': 0.15808082044798116, 'scale_lr': 0.313211286532754}. Best is trial 164 with value: 0.3660086329577034.
checkpoint_e29 window_influence: 0.48033991502100221, penalty_k: 0.06344813124506141, scale_lr: 0.35040696048407544, EAO: 0.346
Trial 984 finished with value: 0.3458801620433303 and parameters: {'window_influence': 0.4803399150210022, 'penalty_k': 0.0634481312450614, 'scale_lr': 0.35040696048407544}. Best is trial 164 with value: 0.3660086329577034.
checkpoint_e29 window_influence: 0.11119638168345253, penalty_k: 0.17370608530983120, scale_lr: 0.38149878308901114, EAO: 0.267
Trial 985 finished with value: 0.26726889401558307 and parameters: {'window_influence': 0.11119638168345253, 'penalty_k': 0.1737060853098312, 'scale_lr': 0.38149878308901114}. Best is trial 164 with value: 0.3660086329577034.
checkpoint_e29 window_influence: 0.47180373397764697, penalty_k: 0.16737005313429834, scale_lr: 0.37213771756971603, EAO: 0.318
Trial 986 finished with value: 0.3184901268913588 and parameters: {'window_influence': 0.47180373397764697, 'penalty_k': 0.16737005313429834, 'scale_lr': 0.37213771756971603}. Best is trial 164 with value: 0.3660086329577034.
checkpoint_e29 window_influence: 0.48987994513558403, penalty_k: 0.04504938504645276, scale_lr: 0.44407410110196310, EAO: 0.333
Trial 987 finished with value: 0.33287091976473765 and parameters: {'window_influence': 0.489879945135584, 'penalty_k': 0.045049385046452756, 'scale_lr': 0.4440741011019631}. Best is trial 164 with value: 0.3660086329577034.
checkpoint_e29 window_influence: 0.28800632209162336, penalty_k: 0.20631930350813940, scale_lr: 0.20308651533611122, EAO: 0.301
Trial 988 finished with value: 0.30052958707169336 and parameters: {'window_influence': 0.28800632209162336, 'penalty_k': 0.2063193035081394, 'scale_lr': 0.20308651533611122}. Best is trial 164 with value: 0.3660086329577034.
checkpoint_e29 window_influence: 0.15288421974484850, penalty_k: 0.14127900114266470, scale_lr: 0.32117395318047948, EAO: 0.297
Trial 989 finished with value: 0.2967949558904663 and parameters: {'window_influence': 0.1528842197448485, 'penalty_k': 0.1412790011426647, 'scale_lr': 0.3211739531804795}. Best is trial 164 with value: 0.3660086329577034.
checkpoint_e29 window_influence: 0.41368131875975545, penalty_k: 0.07929676438705882, scale_lr: 0.22053702501923217, EAO: 0.322
Trial 990 finished with value: 0.322219062176196 and parameters: {'window_influence': 0.41368131875975545, 'penalty_k': 0.07929676438705882, 'scale_lr': 0.22053702501923217}. Best is trial 164 with value: 0.3660086329577034.
checkpoint_e29 window_influence: 0.51361152688432077, penalty_k: 0.19073774834689036, scale_lr: 0.24910901052023146, EAO: 0.330
Trial 991 finished with value: 0.3299249948694548 and parameters: {'window_influence': 0.5136115268843208, 'penalty_k': 0.19073774834689036, 'scale_lr': 0.24910901052023146}. Best is trial 164 with value: 0.3660086329577034.
checkpoint_e29 window_influence: 0.50828394868428994, penalty_k: 0.11233857453302405, scale_lr: 0.17141913370776435, EAO: 0.345
Trial 992 finished with value: 0.345256978087852 and parameters: {'window_influence': 0.5082839486842899, 'penalty_k': 0.11233857453302405, 'scale_lr': 0.17141913370776435}. Best is trial 164 with value: 0.3660086329577034.
checkpoint_e29 window_influence: 0.50137299842616079, penalty_k: 0.10204675823383189, scale_lr: 0.14905955286951045, EAO: 0.348
Trial 993 finished with value: 0.3477100790242741 and parameters: {'window_influence': 0.5013729984261608, 'penalty_k': 0.10204675823383189, 'scale_lr': 0.14905955286951045}. Best is trial 164 with value: 0.3660086329577034.
checkpoint_e29 window_influence: 0.28054118232570346, penalty_k: 0.36024831141931635, scale_lr: 0.26385926746995964, EAO: 0.277
Trial 994 finished with value: 0.2769029680856935 and parameters: {'window_influence': 0.28054118232570346, 'penalty_k': 0.36024831141931635, 'scale_lr': 0.26385926746995964}. Best is trial 164 with value: 0.3660086329577034.
checkpoint_e29 window_influence: 0.18761791637253930, penalty_k: 0.11819932281712864, scale_lr: 0.16819325636650434, EAO: 0.275
Trial 995 finished with value: 0.2749029216483409 and parameters: {'window_influence': 0.1876179163725393, 'penalty_k': 0.11819932281712864, 'scale_lr': 0.16819325636650434}. Best is trial 164 with value: 0.3660086329577034.
checkpoint_e29 window_influence: 0.53190235376235673, penalty_k: 0.04714494884265102, scale_lr: 0.21395252628328748, EAO: 0.330
Trial 996 finished with value: 0.3304876009082052 and parameters: {'window_influence': 0.5319023537623567, 'penalty_k': 0.047144948842651024, 'scale_lr': 0.21395252628328748}. Best is trial 164 with value: 0.3660086329577034.
checkpoint_e29 window_influence: 0.50154890499180504, penalty_k: 0.06501449746243172, scale_lr: 0.56787383682491688, EAO: 0.366
Trial 997 finished with value: 0.36550595695406546 and parameters: {'window_influence': 0.501548904991805, 'penalty_k': 0.06501449746243172, 'scale_lr': 0.5678738368249169}. Best is trial 164 with value: 0.3660086329577034.
checkpoint_e29 window_influence: 0.52000465443569266, penalty_k: 0.07169969463014911, scale_lr: 0.35109097403522166, EAO: 0.324
Trial 998 finished with value: 0.3238798636754663 and parameters: {'window_influence': 0.5200046544356927, 'penalty_k': 0.07169969463014911, 'scale_lr': 0.35109097403522166}. Best is trial 164 with value: 0.3660086329577034.
checkpoint_e29 window_influence: 0.50926666355116246, penalty_k: 0.06590958688241667, scale_lr: 0.26070138677486776, EAO: 0.345
Trial 999 finished with value: 0.34514870485906934 and parameters: {'window_influence': 0.5092666635511625, 'penalty_k': 0.06590958688241667, 'scale_lr': 0.26070138677486776}. Best is trial 164 with value: 0.3660086329577034.
checkpoint_e29 window_influence: 0.49111368365290553, penalty_k: 0.07426266750231562, scale_lr: 0.22731550501807007, EAO: 0.342
Trial 1000 finished with value: 0.3421324572674495 and parameters: {'window_influence': 0.49111368365290553, 'penalty_k': 0.07426266750231562, 'scale_lr': 0.22731550501807007}. Best is trial 164 with value: 0.3660086329577034.
checkpoint_e29 window_influence: 0.49825051190833497, penalty_k: 0.03143925352345830, scale_lr: 0.43579124074312692, EAO: 0.331
Trial 1001 finished with value: 0.33117962086479025 and parameters: {'window_influence': 0.49825051190833497, 'penalty_k': 0.031439253523458305, 'scale_lr': 0.4357912407431269}. Best is trial 164 with value: 0.3660086329577034.
checkpoint_e29 window_influence: 0.53676194824664936, penalty_k: 0.05876762724239281, scale_lr: 0.32945307768157917, EAO: 0.322
Trial 1002 finished with value: 0.32166024775820484 and parameters: {'window_influence': 0.5367619482466494, 'penalty_k': 0.05876762724239281, 'scale_lr': 0.32945307768157917}. Best is trial 164 with value: 0.3660086329577034.
checkpoint_e29 window_influence: 0.47672154448725290, penalty_k: 0.22420641333418559, scale_lr: 0.21117742328349443, EAO: 0.353
Trial 1003 finished with value: 0.3534896159218443 and parameters: {'window_influence': 0.4767215444872529, 'penalty_k': 0.2242064133341856, 'scale_lr': 0.21117742328349443}. Best is trial 164 with value: 0.3660086329577034.
checkpoint_e29 window_influence: 0.49055658304282312, penalty_k: 0.17328449715729871, scale_lr: 0.16076121910781266, EAO: 0.341
Trial 1004 finished with value: 0.3409353335775754 and parameters: {'window_influence': 0.4905565830428231, 'penalty_k': 0.1732844971572987, 'scale_lr': 0.16076121910781266}. Best is trial 164 with value: 0.3660086329577034.
checkpoint_e29 window_influence: 0.51264505284566164, penalty_k: 0.15502056333345976, scale_lr: 0.31365413684586579, EAO: 0.321
Trial 1005 finished with value: 0.3206802045324897 and parameters: {'window_influence': 0.5126450528456616, 'penalty_k': 0.15502056333345976, 'scale_lr': 0.3136541368458658}. Best is trial 164 with value: 0.3660086329577034.
checkpoint_e29 window_influence: 0.49016254909092827, penalty_k: 0.21171345767009292, scale_lr: 0.19492814150702623, EAO: 0.344
Trial 1006 finished with value: 0.344452342634535 and parameters: {'window_influence': 0.49016254909092827, 'penalty_k': 0.21171345767009292, 'scale_lr': 0.19492814150702623}. Best is trial 164 with value: 0.3660086329577034.
checkpoint_e29 window_influence: 0.50045130353261458, penalty_k: 0.13060109791519076, scale_lr: 0.16928605143860920, EAO: 0.330
Trial 1007 finished with value: 0.32975049212516977 and parameters: {'window_influence': 0.5004513035326146, 'penalty_k': 0.13060109791519076, 'scale_lr': 0.1692860514386092}. Best is trial 164 with value: 0.3660086329577034.
checkpoint_e29 window_influence: 0.49945730582200132, penalty_k: 0.10611392019206226, scale_lr: 0.15474345383795488, EAO: 0.351
Trial 1008 finished with value: 0.3512225360953854 and parameters: {'window_influence': 0.4994573058220013, 'penalty_k': 0.10611392019206226, 'scale_lr': 0.15474345383795488}. Best is trial 164 with value: 0.3660086329577034.
checkpoint_e29 window_influence: 0.50390218147239507, penalty_k: 0.14872867110363597, scale_lr: 0.15475240675224963, EAO: 0.339
Trial 1009 finished with value: 0.33912349709740874 and parameters: {'window_influence': 0.5039021814723951, 'penalty_k': 0.14872867110363597, 'scale_lr': 0.15475240675224963}. Best is trial 164 with value: 0.3660086329577034.
checkpoint_e29 window_influence: 0.51207168883581922, penalty_k: 0.08062457741161189, scale_lr: 0.28637825369687703, EAO: 0.329
Trial 1010 finished with value: 0.3292210600139566 and parameters: {'window_influence': 0.5120716888358192, 'penalty_k': 0.08062457741161189, 'scale_lr': 0.286378253696877}. Best is trial 164 with value: 0.3660086329577034.
checkpoint_e29 window_influence: 0.49710136471028948, penalty_k: 0.09174238274675289, scale_lr: 0.14008169523885214, EAO: 0.350
Trial 1011 finished with value: 0.3502105579997779 and parameters: {'window_influence': 0.4971013647102895, 'penalty_k': 0.09174238274675289, 'scale_lr': 0.14008169523885214}. Best is trial 164 with value: 0.3660086329577034.
checkpoint_e29 window_influence: 0.51290182630050818, penalty_k: 0.10130351332566964, scale_lr: 0.18447352183561799, EAO: 0.336
