Trial 137 finished with value: 0.3112920331351952 and parameters: {'window_influence': 0.4817373315900327, 'penalty_k': 0.14094693634404326, 'scale_lr': 0.4447838883884984}. Best is trial 90 with value: 0.35084679340110214.
checkpoint_e31 window_influence: 0.53551470048444105, penalty_k: 0.10736476525254504, scale_lr: 0.48966528770133716, EAO: 0.314
Trial 138 finished with value: 0.3142522537522743 and parameters: {'window_influence': 0.535514700484441, 'penalty_k': 0.10736476525254504, 'scale_lr': 0.48966528770133716}. Best is trial 90 with value: 0.35084679340110214.
checkpoint_e31 window_influence: 0.46339856173075716, penalty_k: 0.13082534607841034, scale_lr: 0.39779044591271490, EAO: 0.327
Trial 139 finished with value: 0.32664761538635434 and parameters: {'window_influence': 0.46339856173075716, 'penalty_k': 0.13082534607841034, 'scale_lr': 0.3977904459127149}. Best is trial 90 with value: 0.35084679340110214.
checkpoint_e31 window_influence: 0.49846807768721441, penalty_k: 0.09760667405340918, scale_lr: 0.36575652144040388, EAO: 0.348
Trial 140 finished with value: 0.34773812242982916 and parameters: {'window_influence': 0.4984680776872144, 'penalty_k': 0.09760667405340918, 'scale_lr': 0.3657565214404039}. Best is trial 90 with value: 0.35084679340110214.
checkpoint_e31 window_influence: 0.49692779058395747, penalty_k: 0.11835795026404775, scale_lr: 0.40375194877479548, EAO: 0.328
Trial 141 finished with value: 0.3280593085497734 and parameters: {'window_influence': 0.4969277905839575, 'penalty_k': 0.11835795026404775, 'scale_lr': 0.4037519487747955}. Best is trial 90 with value: 0.35084679340110214.
checkpoint_e31 window_influence: 0.50512573212204759, penalty_k: 0.10194840579143102, scale_lr: 0.36044224670824165, EAO: 0.322
Trial 142 finished with value: 0.3218286386491724 and parameters: {'window_influence': 0.5051257321220476, 'penalty_k': 0.10194840579143102, 'scale_lr': 0.36044224670824165}. Best is trial 90 with value: 0.35084679340110214.
checkpoint_e31 window_influence: 0.52258610426145680, penalty_k: 0.08838305137712638, scale_lr: 0.52144440638635103, EAO: 0.316
Trial 143 finished with value: 0.3156212576400445 and parameters: {'window_influence': 0.5225861042614568, 'penalty_k': 0.08838305137712638, 'scale_lr': 0.521444406386351}. Best is trial 90 with value: 0.35084679340110214.
checkpoint_e31 window_influence: 0.48191694617727970, penalty_k: 0.15199137075218261, scale_lr: 0.35992419059429076, EAO: 0.334
Trial 144 finished with value: 0.33383565201833554 and parameters: {'window_influence': 0.4819169461772797, 'penalty_k': 0.1519913707521826, 'scale_lr': 0.35992419059429076}. Best is trial 90 with value: 0.35084679340110214.
checkpoint_e31 window_influence: 0.45593334680826014, penalty_k: 0.09655989237835930, scale_lr: 0.38421825335152410, EAO: 0.306
Trial 145 finished with value: 0.3059821058108185 and parameters: {'window_influence': 0.45593334680826014, 'penalty_k': 0.0965598923783593, 'scale_lr': 0.3842182533515241}. Best is trial 90 with value: 0.35084679340110214.
checkpoint_e31 window_influence: 0.49326978496294216, penalty_k: 0.14292870113112760, scale_lr: 0.44244038272779002, EAO: 0.330
Trial 146 finished with value: 0.32996882283733975 and parameters: {'window_influence': 0.49326978496294216, 'penalty_k': 0.1429287011311276, 'scale_lr': 0.44244038272779}. Best is trial 90 with value: 0.35084679340110214.
checkpoint_e31 window_influence: 0.52660082160492305, penalty_k: 0.12376252625926489, scale_lr: 0.42073876800786125, EAO: 0.304
Trial 147 finished with value: 0.3043132645262818 and parameters: {'window_influence': 0.526600821604923, 'penalty_k': 0.12376252625926489, 'scale_lr': 0.42073876800786125}. Best is trial 90 with value: 0.35084679340110214.
checkpoint_e31 window_influence: 0.54551214863997921, penalty_k: 0.07764668076571150, scale_lr: 0.34151756372971920, EAO: 0.307
Trial 148 finished with value: 0.30691251448620155 and parameters: {'window_influence': 0.5455121486399792, 'penalty_k': 0.0776466807657115, 'scale_lr': 0.3415175637297192}. Best is trial 90 with value: 0.35084679340110214.
checkpoint_e31 window_influence: 0.47591725338631224, penalty_k: 0.10601831224000877, scale_lr: 0.47398654272709406, EAO: 0.318
Trial 149 finished with value: 0.317946275848359 and parameters: {'window_influence': 0.47591725338631224, 'penalty_k': 0.10601831224000877, 'scale_lr': 0.47398654272709406}. Best is trial 90 with value: 0.35084679340110214.
checkpoint_e31 window_influence: 0.50591228687747347, penalty_k: 0.07016003705926066, scale_lr: 0.45630612277537480, EAO: 0.318
Trial 150 finished with value: 0.3183511867829334 and parameters: {'window_influence': 0.5059122868774735, 'penalty_k': 0.07016003705926066, 'scale_lr': 0.4563061227753748}. Best is trial 90 with value: 0.35084679340110214.
checkpoint_e31 window_influence: 0.51303349790562092, penalty_k: 0.11467853718325209, scale_lr: 0.41873560164917789, EAO: 0.324
Trial 151 finished with value: 0.32435997914711323 and parameters: {'window_influence': 0.5130334979056209, 'penalty_k': 0.11467853718325209, 'scale_lr': 0.4187356016491779}. Best is trial 90 with value: 0.35084679340110214.
checkpoint_e31 window_influence: 0.49172820781803533, penalty_k: 0.08679023770232461, scale_lr: 0.43225907258035573, EAO: 0.319
Trial 152 finished with value: 0.31935535278533683 and parameters: {'window_influence': 0.49172820781803533, 'penalty_k': 0.08679023770232461, 'scale_lr': 0.43225907258035573}. Best is trial 90 with value: 0.35084679340110214.
checkpoint_e31 window_influence: 0.51955455604787115, penalty_k: 0.09531050210830846, scale_lr: 0.43977703447676930, EAO: 0.326
Trial 153 finished with value: 0.3264797019123567 and parameters: {'window_influence': 0.5195545560478712, 'penalty_k': 0.09531050210830846, 'scale_lr': 0.4397770344767693}. Best is trial 90 with value: 0.35084679340110214.
checkpoint_e31 window_influence: 0.50420426988254985, penalty_k: 0.06060838221684692, scale_lr: 0.37508244373920180, EAO: 0.350
Trial 154 finished with value: 0.3501643127968339 and parameters: {'window_influence': 0.5042042698825498, 'penalty_k': 0.06060838221684692, 'scale_lr': 0.3750824437392018}. Best is trial 90 with value: 0.35084679340110214.
checkpoint_e31 window_influence: 0.46823259781771082, penalty_k: 0.13149386796011805, scale_lr: 0.37648440253800858, EAO: 0.313
Trial 155 finished with value: 0.31314863380523045 and parameters: {'window_influence': 0.4682325978177108, 'penalty_k': 0.13149386796011805, 'scale_lr': 0.3764844025380086}. Best is trial 90 with value: 0.35084679340110214.
checkpoint_e31 window_influence: 0.53235900508506317, penalty_k: 0.06548058018024860, scale_lr: 0.25907401411813546, EAO: 0.297
Trial 156 finished with value: 0.29672691307179194 and parameters: {'window_influence': 0.5323590050850632, 'penalty_k': 0.0654805801802486, 'scale_lr': 0.25907401411813546}. Best is trial 90 with value: 0.35084679340110214.
checkpoint_e31 window_influence: 0.49917002540279637, penalty_k: 0.08108587002591724, scale_lr: 0.35849886029245259, EAO: 0.322
Trial 157 finished with value: 0.32228008753362797 and parameters: {'window_influence': 0.49917002540279637, 'penalty_k': 0.08108587002591724, 'scale_lr': 0.3584988602924526}. Best is trial 90 with value: 0.35084679340110214.
checkpoint_e31 window_influence: 0.44814529178570683, penalty_k: 0.04205373859454133, scale_lr: 0.40425858615422705, EAO: 0.298
Trial 158 finished with value: 0.29771717171028894 and parameters: {'window_influence': 0.44814529178570683, 'penalty_k': 0.042053738594541326, 'scale_lr': 0.40425858615422705}. Best is trial 90 with value: 0.35084679340110214.
checkpoint_e31 window_influence: 0.48480434332710737, penalty_k: 0.10747559114474230, scale_lr: 0.33831026063098019, EAO: 0.335
Trial 159 finished with value: 0.3353212321546755 and parameters: {'window_influence': 0.48480434332710737, 'penalty_k': 0.1074755911447423, 'scale_lr': 0.3383102606309802}. Best is trial 90 with value: 0.35084679340110214.
checkpoint_e31 window_influence: 0.54942898941230767, penalty_k: 0.15997165574917743, scale_lr: 0.37692871318168886, EAO: 0.314
Trial 160 finished with value: 0.3138384251395088 and parameters: {'window_influence': 0.5494289894123077, 'penalty_k': 0.15997165574917743, 'scale_lr': 0.37692871318168886}. Best is trial 90 with value: 0.35084679340110214.
checkpoint_e31 window_influence: 0.51374596447547871, penalty_k: 0.05912844522083986, scale_lr: 0.43211436559412558, EAO: 0.334
Trial 161 finished with value: 0.33434619641489555 and parameters: {'window_influence': 0.5137459644754787, 'penalty_k': 0.05912844522083986, 'scale_lr': 0.4321143655941256}. Best is trial 90 with value: 0.35084679340110214.
checkpoint_e31 window_influence: 0.50835977106240782, penalty_k: 0.03715842766690522, scale_lr: 0.23171090091165991, EAO: 0.342
Trial 162 finished with value: 0.3415504618609462 and parameters: {'window_influence': 0.5083597710624078, 'penalty_k': 0.03715842766690522, 'scale_lr': 0.2317109009116599}. Best is trial 90 with value: 0.35084679340110214.
checkpoint_e31 window_influence: 0.50274549344664743, penalty_k: 0.03542710894936327, scale_lr: 0.23710237207651264, EAO: 0.348
Trial 163 finished with value: 0.34836429751800657 and parameters: {'window_influence': 0.5027454934466474, 'penalty_k': 0.03542710894936327, 'scale_lr': 0.23710237207651264}. Best is trial 90 with value: 0.35084679340110214.
checkpoint_e31 window_influence: 0.48987272979764673, penalty_k: 0.03603875969294296, scale_lr: 0.20896928780223956, EAO: 0.331
Trial 164 finished with value: 0.3314579693375858 and parameters: {'window_influence': 0.48987272979764673, 'penalty_k': 0.036038759692942963, 'scale_lr': 0.20896928780223956}. Best is trial 90 with value: 0.35084679340110214.
checkpoint_e31 window_influence: 0.47608597896397575, penalty_k: 0.00017202292204734, scale_lr: 0.22703818443629353, EAO: 0.333
Trial 165 finished with value: 0.3334378404723995 and parameters: {'window_influence': 0.47608597896397575, 'penalty_k': 0.0001720229220473421, 'scale_lr': 0.22703818443629353}. Best is trial 90 with value: 0.35084679340110214.
checkpoint_e31 window_influence: 0.50227529228115608, penalty_k: 0.04335282268656526, scale_lr: 0.23265376985156444, EAO: 0.331
Trial 166 finished with value: 0.3311747513160631 and parameters: {'window_influence': 0.5022752922811561, 'penalty_k': 0.04335282268656526, 'scale_lr': 0.23265376985156444}. Best is trial 90 with value: 0.35084679340110214.
checkpoint_e31 window_influence: 0.52688401613909475, penalty_k: 0.01445111099687687, scale_lr: 0.26224392182245282, EAO: 0.316
Trial 167 finished with value: 0.31581119990070505 and parameters: {'window_influence': 0.5268840161390947, 'penalty_k': 0.014451110996876872, 'scale_lr': 0.2622439218224528}. Best is trial 90 with value: 0.35084679340110214.
checkpoint_e31 window_influence: 0.53881996894697948, penalty_k: 0.02599797141231700, scale_lr: 0.23907577736959801, EAO: 0.297
Trial 168 finished with value: 0.29748491548610567 and parameters: {'window_influence': 0.5388199689469795, 'penalty_k': 0.025997971412317, 'scale_lr': 0.239075777369598}. Best is trial 90 with value: 0.35084679340110214.
checkpoint_e31 window_influence: 0.46099303461880203, penalty_k: 0.18471068819563086, scale_lr: 0.27251849093605474, EAO: 0.316
Trial 169 finished with value: 0.31612087670235317 and parameters: {'window_influence': 0.46099303461880203, 'penalty_k': 0.18471068819563086, 'scale_lr': 0.27251849093605474}. Best is trial 90 with value: 0.35084679340110214.
checkpoint_e31 window_influence: 0.50319096525688789, penalty_k: 0.12093568374776349, scale_lr: 0.24659370945912029, EAO: 0.328
Trial 170 finished with value: 0.3279808669238703 and parameters: {'window_influence': 0.5031909652568879, 'penalty_k': 0.12093568374776349, 'scale_lr': 0.2465937094591203}. Best is trial 90 with value: 0.35084679340110214.
checkpoint_e31 window_influence: 0.48865811589441965, penalty_k: 0.06941792305547406, scale_lr: 0.28577871429909579, EAO: 0.343
Trial 171 finished with value: 0.3432321221448104 and parameters: {'window_influence': 0.48865811589441965, 'penalty_k': 0.06941792305547406, 'scale_lr': 0.2857787142990958}. Best is trial 90 with value: 0.35084679340110214.
checkpoint_e31 window_influence: 0.48402611325878825, penalty_k: 0.07782199805395076, scale_lr: 0.28001110125047202, EAO: 0.342
Trial 172 finished with value: 0.3420430498364371 and parameters: {'window_influence': 0.48402611325878825, 'penalty_k': 0.07782199805395076, 'scale_lr': 0.280011101250472}. Best is trial 90 with value: 0.35084679340110214.
checkpoint_e31 window_influence: 0.48899209190014131, penalty_k: 0.07547988658946980, scale_lr: 0.28544803122725609, EAO: 0.326
Trial 173 finished with value: 0.3255166015388437 and parameters: {'window_influence': 0.4889920919001413, 'penalty_k': 0.0754798865894698, 'scale_lr': 0.2854480312272561}. Best is trial 90 with value: 0.35084679340110214.
checkpoint_e31 window_influence: 0.51726048899021737, penalty_k: 0.05327145807239382, scale_lr: 0.30196473157684728, EAO: 0.335
Trial 174 finished with value: 0.33530945339555407 and parameters: {'window_influence': 0.5172604889902174, 'penalty_k': 0.05327145807239382, 'scale_lr': 0.3019647315768473}. Best is trial 90 with value: 0.35084679340110214.
checkpoint_e31 window_influence: 0.50085987514787700, penalty_k: 0.09258958878061921, scale_lr: 0.27038053492184838, EAO: 0.343
Trial 175 finished with value: 0.3434486219855134 and parameters: {'window_influence': 0.500859875147877, 'penalty_k': 0.09258958878061921, 'scale_lr': 0.2703805349218484}. Best is trial 90 with value: 0.35084679340110214.
checkpoint_e31 window_influence: 0.50040119862960053, penalty_k: 0.09310161844428966, scale_lr: 0.25718803650135708, EAO: 0.339
Trial 176 finished with value: 0.3392942817990418 and parameters: {'window_influence': 0.5004011986296005, 'penalty_k': 0.09310161844428966, 'scale_lr': 0.2571880365013571}. Best is trial 90 with value: 0.35084679340110214.
checkpoint_e31 window_influence: 0.49639517272113376, penalty_k: 0.09516291401472109, scale_lr: 0.27455684541841224, EAO: 0.322
Trial 177 finished with value: 0.32195486760325004 and parameters: {'window_influence': 0.49639517272113376, 'penalty_k': 0.09516291401472109, 'scale_lr': 0.27455684541841224}. Best is trial 90 with value: 0.35084679340110214.
checkpoint_e31 window_influence: 0.52963070461556050, penalty_k: 0.07329014636563363, scale_lr: 0.24422989226823086, EAO: 0.318
Trial 178 finished with value: 0.3183626326141654 and parameters: {'window_influence': 0.5296307046155605, 'penalty_k': 0.07329014636563363, 'scale_lr': 0.24422989226823086}. Best is trial 90 with value: 0.35084679340110214.
checkpoint_e31 window_influence: 0.48642880194064875, penalty_k: 0.03699984280310865, scale_lr: 0.25699749160362340, EAO: 0.345
Trial 179 finished with value: 0.34466489697244845 and parameters: {'window_influence': 0.48642880194064875, 'penalty_k': 0.03699984280310865, 'scale_lr': 0.2569974916036234}. Best is trial 90 with value: 0.35084679340110214.
checkpoint_e31 window_influence: 0.47948190020563136, penalty_k: 0.03724835539475201, scale_lr: 0.26212330313702137, EAO: 0.326
Trial 180 finished with value: 0.32630725431071184 and parameters: {'window_influence': 0.47948190020563136, 'penalty_k': 0.037248355394752006, 'scale_lr': 0.26212330313702137}. Best is trial 90 with value: 0.35084679340110214.
checkpoint_e31 window_influence: 0.48987406962064539, penalty_k: 0.02030379086383761, scale_lr: 0.25641625532006768, EAO: 0.321
Trial 181 finished with value: 0.3213221332790323 and parameters: {'window_influence': 0.4898740696206454, 'penalty_k': 0.020303790863837615, 'scale_lr': 0.2564162553200677}. Best is trial 90 with value: 0.35084679340110214.
checkpoint_e31 window_influence: 0.50780382404412350, penalty_k: 0.10587723585996878, scale_lr: 0.28407831288363383, EAO: 0.332
Trial 182 finished with value: 0.33186098527351704 and parameters: {'window_influence': 0.5078038240441235, 'penalty_k': 0.10587723585996878, 'scale_lr': 0.28407831288363383}. Best is trial 90 with value: 0.35084679340110214.
checkpoint_e31 window_influence: 0.52034894249341102, penalty_k: 0.06335969520049434, scale_lr: 0.22852845920815182, EAO: 0.322
Trial 183 finished with value: 0.3224030331298999 and parameters: {'window_influence': 0.520348942493411, 'penalty_k': 0.06335969520049434, 'scale_lr': 0.22852845920815182}. Best is trial 90 with value: 0.35084679340110214.
checkpoint_e31 window_influence: 0.50156094473532908, penalty_k: 0.32337896085445467, scale_lr: 0.21967959325516795, EAO: 0.314
Trial 184 finished with value: 0.3141158674245679 and parameters: {'window_influence': 0.5015609447353291, 'penalty_k': 0.32337896085445467, 'scale_lr': 0.21967959325516795}. Best is trial 90 with value: 0.35084679340110214.
checkpoint_e31 window_influence: 0.48775982958388064, penalty_k: 0.03592323956478573, scale_lr: 0.31043452140096306, EAO: 0.303
Trial 185 finished with value: 0.3027189280040533 and parameters: {'window_influence': 0.48775982958388064, 'penalty_k': 0.035923239564785735, 'scale_lr': 0.31043452140096306}. Best is trial 90 with value: 0.35084679340110214.
checkpoint_e31 window_influence: 0.47053627765975314, penalty_k: 0.08685418580307809, scale_lr: 0.27094989006691617, EAO: 0.321
Trial 186 finished with value: 0.3214569929044998 and parameters: {'window_influence': 0.47053627765975314, 'penalty_k': 0.08685418580307809, 'scale_lr': 0.27094989006691617}. Best is trial 90 with value: 0.35084679340110214.
checkpoint_e31 window_influence: 0.50321760035431562, penalty_k: 0.01249679027257728, scale_lr: 0.25148246029608351, EAO: 0.335
Trial 187 finished with value: 0.3351952422569698 and parameters: {'window_influence': 0.5032176003543156, 'penalty_k': 0.012496790272577277, 'scale_lr': 0.2514824602960835}. Best is trial 90 with value: 0.35084679340110214.
checkpoint_e31 window_influence: 0.40462266855876539, penalty_k: 0.04925696749287560, scale_lr: 0.28476301654732578, EAO: 0.311
Trial 188 finished with value: 0.31107670312261765 and parameters: {'window_influence': 0.4046226685587654, 'penalty_k': 0.0492569674928756, 'scale_lr': 0.2847630165473258}. Best is trial 90 with value: 0.35084679340110214.
checkpoint_e31 window_influence: 0.52401052670080317, penalty_k: 0.09887287268560260, scale_lr: 0.24165676055342702, EAO: 0.313
Trial 189 finished with value: 0.31343749640980584 and parameters: {'window_influence': 0.5240105267008032, 'penalty_k': 0.0988728726856026, 'scale_lr': 0.24165676055342702}. Best is trial 90 with value: 0.35084679340110214.
checkpoint_e31 window_influence: 0.44291636535494688, penalty_k: 0.13805781634805864, scale_lr: 0.30309456711005706, EAO: 0.321
Trial 190 finished with value: 0.320855571196237 and parameters: {'window_influence': 0.4429163653549469, 'penalty_k': 0.13805781634805864, 'scale_lr': 0.30309456711005706}. Best is trial 90 with value: 0.35084679340110214.
checkpoint_e31 window_influence: 0.50684036199229898, penalty_k: 0.08585924854684854, scale_lr: 0.25183403935088111, EAO: 0.316
Trial 191 finished with value: 0.31640180678683033 and parameters: {'window_influence': 0.506840361992299, 'penalty_k': 0.08585924854684854, 'scale_lr': 0.2518340393508811}. Best is trial 90 with value: 0.35084679340110214.
checkpoint_e31 window_influence: 0.50868454977429023, penalty_k: 0.10979542849240895, scale_lr: 0.27086106738352295, EAO: 0.326
Trial 192 finished with value: 0.32623851554403044 and parameters: {'window_influence': 0.5086845497742902, 'penalty_k': 0.10979542849240895, 'scale_lr': 0.27086106738352295}. Best is trial 90 with value: 0.35084679340110214.
checkpoint_e31 window_influence: 0.53690880134576247, penalty_k: 0.07916102605489962, scale_lr: 0.29426053971519600, EAO: 0.318
Trial 193 finished with value: 0.3180975642069768 and parameters: {'window_influence': 0.5369088013457625, 'penalty_k': 0.07916102605489962, 'scale_lr': 0.294260539715196}. Best is trial 90 with value: 0.35084679340110214.
checkpoint_e31 window_influence: 0.49055938022199336, penalty_k: 0.06640576387190841, scale_lr: 0.21560865931844703, EAO: 0.345
Trial 194 finished with value: 0.34491297846174424 and parameters: {'window_influence': 0.49055938022199336, 'penalty_k': 0.06640576387190841, 'scale_lr': 0.21560865931844703}. Best is trial 90 with value: 0.35084679340110214.
checkpoint_e31 window_influence: 0.49222602962598122, penalty_k: 0.06492340934524915, scale_lr: 0.21043642020954684, EAO: 0.338
Trial 195 finished with value: 0.33821212271308154 and parameters: {'window_influence': 0.4922260296259812, 'penalty_k': 0.06492340934524915, 'scale_lr': 0.21043642020954684}. Best is trial 90 with value: 0.35084679340110214.
checkpoint_e31 window_influence: 0.47384812500590601, penalty_k: 0.02922623431528729, scale_lr: 0.19276763505249683, EAO: 0.330
Trial 196 finished with value: 0.33007079484629726 and parameters: {'window_influence': 0.473848125005906, 'penalty_k': 0.029226234315287286, 'scale_lr': 0.19276763505249683}. Best is trial 90 with value: 0.35084679340110214.
checkpoint_e31 window_influence: 0.48463963633693624, penalty_k: 0.04425968891432020, scale_lr: 0.31629445696975883, EAO: 0.310
Trial 197 finished with value: 0.31013019423540467 and parameters: {'window_influence': 0.48463963633693624, 'penalty_k': 0.0442596889143202, 'scale_lr': 0.31629445696975883}. Best is trial 90 with value: 0.35084679340110214.
checkpoint_e31 window_influence: 0.51731551996190550, penalty_k: 0.05487026109106240, scale_lr: 0.23141165382318457, EAO: 0.343
Trial 198 finished with value: 0.3430683545565327 and parameters: {'window_influence': 0.5173155199619055, 'penalty_k': 0.0548702610910624, 'scale_lr': 0.23141165382318457}. Best is trial 90 with value: 0.35084679340110214.
checkpoint_e31 window_influence: 0.51992487883113148, penalty_k: 0.05685175726159751, scale_lr: 0.22204181323224637, EAO: 0.328
