Trial 2869 finished with value: 0.22248232874888854 and parameters: {'window_influence': 0.6371829734890657, 'penalty_k': 0.5012267508968843, 'scale_lr': 0.5261934377200512}. Best is trial 1674 with value: 0.38142600678748195.
checkpoint_e33 window_influence: 0.47710196322599008, penalty_k: 0.16772560389114283, scale_lr: 0.66392674252473438, EAO: 0.326
Trial 2870 finished with value: 0.32573675529502244 and parameters: {'window_influence': 0.4771019632259901, 'penalty_k': 0.16772560389114283, 'scale_lr': 0.6639267425247344}. Best is trial 1674 with value: 0.38142600678748195.
checkpoint_e33 window_influence: 0.37165020681105987, penalty_k: 0.24716432461921586, scale_lr: 0.79921552580169930, EAO: 0.308
Trial 2871 finished with value: 0.308279434704595 and parameters: {'window_influence': 0.37165020681105987, 'penalty_k': 0.24716432461921586, 'scale_lr': 0.7992155258016993}. Best is trial 1674 with value: 0.38142600678748195.
checkpoint_e33 window_influence: 0.46323154844673203, penalty_k: 0.10522872215919332, scale_lr: 0.60973483478379453, EAO: 0.360
Trial 2872 finished with value: 0.35969597878159254 and parameters: {'window_influence': 0.46323154844673203, 'penalty_k': 0.10522872215919332, 'scale_lr': 0.6097348347837945}. Best is trial 1674 with value: 0.38142600678748195.
checkpoint_e33 window_influence: 0.13601029136279405, penalty_k: 0.34864135784407230, scale_lr: 0.37474868714288623, EAO: 0.258
Trial 2873 finished with value: 0.2582837705598267 and parameters: {'window_influence': 0.13601029136279405, 'penalty_k': 0.3486413578440723, 'scale_lr': 0.3747486871428862}. Best is trial 1674 with value: 0.38142600678748195.
checkpoint_e33 window_influence: 0.25220486270884784, penalty_k: 0.05046459660964058, scale_lr: 0.36487324900028817, EAO: 0.301
Trial 2874 finished with value: 0.3011229979852758 and parameters: {'window_influence': 0.25220486270884784, 'penalty_k': 0.05046459660964058, 'scale_lr': 0.36487324900028817}. Best is trial 1674 with value: 0.38142600678748195.
checkpoint_e33 window_influence: 0.54944519539349068, penalty_k: 0.13632764998298383, scale_lr: 0.56618043277617780, EAO: 0.286
Trial 2875 finished with value: 0.2858432323204404 and parameters: {'window_influence': 0.5494451953934907, 'penalty_k': 0.13632764998298383, 'scale_lr': 0.5661804327761778}. Best is trial 1674 with value: 0.38142600678748195.
checkpoint_e33 window_influence: 0.43982942621788079, penalty_k: 0.08203460110485303, scale_lr: 0.49532904539696587, EAO: 0.340
Trial 2876 finished with value: 0.3401878224504597 and parameters: {'window_influence': 0.4398294262178808, 'penalty_k': 0.08203460110485303, 'scale_lr': 0.4953290453969659}. Best is trial 1674 with value: 0.38142600678748195.
checkpoint_e33 window_influence: 0.50021119112630752, penalty_k: 0.03697393494847437, scale_lr: 0.16231019312651762, EAO: 0.349
Trial 2877 finished with value: 0.349200883728057 and parameters: {'window_influence': 0.5002111911263075, 'penalty_k': 0.03697393494847437, 'scale_lr': 0.16231019312651762}. Best is trial 1674 with value: 0.38142600678748195.
checkpoint_e33 window_influence: 0.48069139537090322, penalty_k: 0.06349077298904164, scale_lr: 0.75208161252412564, EAO: 0.338
Trial 2878 finished with value: 0.3378156163813075 and parameters: {'window_influence': 0.4806913953709032, 'penalty_k': 0.06349077298904164, 'scale_lr': 0.7520816125241256}. Best is trial 1674 with value: 0.38142600678748195.
checkpoint_e33 window_influence: 0.45318776325406718, penalty_k: 0.02053725917196603, scale_lr: 0.67532523625085616, EAO: 0.344
Trial 2879 finished with value: 0.3441258539021711 and parameters: {'window_influence': 0.4531877632540672, 'penalty_k': 0.020537259171966027, 'scale_lr': 0.6753252362508562}. Best is trial 1674 with value: 0.38142600678748195.
checkpoint_e33 window_influence: 0.38361436041947661, penalty_k: 0.11945784544117846, scale_lr: 0.46635046489720816, EAO: 0.309
Trial 2880 finished with value: 0.3091383408247729 and parameters: {'window_influence': 0.3836143604194766, 'penalty_k': 0.11945784544117846, 'scale_lr': 0.46635046489720816}. Best is trial 1674 with value: 0.38142600678748195.
checkpoint_e33 window_influence: 0.49076305486431709, penalty_k: 0.29594250555759055, scale_lr: 0.25997414583467526, EAO: 0.336
Trial 2881 finished with value: 0.3357070018809129 and parameters: {'window_influence': 0.4907630548643171, 'penalty_k': 0.29594250555759055, 'scale_lr': 0.25997414583467526}. Best is trial 1674 with value: 0.38142600678748195.
checkpoint_e33 window_influence: 0.51842700018320942, penalty_k: 0.39870219926972722, scale_lr: 0.71499464743481123, EAO: 0.304
Trial 2882 finished with value: 0.3037605400447252 and parameters: {'window_influence': 0.5184270001832094, 'penalty_k': 0.3987021992697272, 'scale_lr': 0.7149946474348112}. Best is trial 1674 with value: 0.38142600678748195.
checkpoint_e33 window_influence: 0.47563513207670638, penalty_k: 0.17810157784925887, scale_lr: 0.73004294715685902, EAO: 0.336
Trial 2883 finished with value: 0.33592177770944887 and parameters: {'window_influence': 0.4756351320767064, 'penalty_k': 0.17810157784925887, 'scale_lr': 0.730042947156859}. Best is trial 1674 with value: 0.38142600678748195.
checkpoint_e33 window_influence: 0.50623136020533832, penalty_k: 0.23373296618012379, scale_lr: 0.17105936822447682, EAO: 0.333
Trial 2884 finished with value: 0.3332251421672361 and parameters: {'window_influence': 0.5062313602053383, 'penalty_k': 0.2337329661801238, 'scale_lr': 0.17105936822447682}. Best is trial 1674 with value: 0.38142600678748195.
checkpoint_e33 window_influence: 0.42269737488124648, penalty_k: 0.37548420855323866, scale_lr: 0.50762325047323220, EAO: 0.329
Trial 2885 finished with value: 0.3288323809664537 and parameters: {'window_influence': 0.4226973748812465, 'penalty_k': 0.37548420855323866, 'scale_lr': 0.5076232504732322}. Best is trial 1674 with value: 0.38142600678748195.
checkpoint_e33 window_influence: 0.46212942736133450, penalty_k: 0.14996625108968920, scale_lr: 0.77307716368280810, EAO: 0.366
Trial 2886 finished with value: 0.3655005480064956 and parameters: {'window_influence': 0.4621294273613345, 'penalty_k': 0.1499662510896892, 'scale_lr': 0.7730771636828081}. Best is trial 1674 with value: 0.38142600678748195.
checkpoint_e33 window_influence: 0.44178801827613989, penalty_k: 0.16313779469410788, scale_lr: 0.76705797189789104, EAO: 0.356
Trial 2887 finished with value: 0.3556228579250291 and parameters: {'window_influence': 0.4417880182761399, 'penalty_k': 0.16313779469410788, 'scale_lr': 0.767057971897891}. Best is trial 1674 with value: 0.38142600678748195.
checkpoint_e33 window_influence: 0.45103446562672506, penalty_k: 0.16006811649165761, scale_lr: 0.77721174279024730, EAO: 0.340
Trial 2888 finished with value: 0.3401695498000787 and parameters: {'window_influence': 0.45103446562672506, 'penalty_k': 0.1600681164916576, 'scale_lr': 0.7772117427902473}. Best is trial 1674 with value: 0.38142600678748195.
checkpoint_e33 window_influence: 0.42828683516750632, penalty_k: 0.14530674659133180, scale_lr: 0.78728569555190087, EAO: 0.317
Trial 2889 finished with value: 0.31665255123539193 and parameters: {'window_influence': 0.4282868351675063, 'penalty_k': 0.1453067465913318, 'scale_lr': 0.7872856955519009}. Best is trial 1674 with value: 0.38142600678748195.
checkpoint_e33 window_influence: 0.45473327467728825, penalty_k: 0.14529666648286665, scale_lr: 0.77362579538874277, EAO: 0.340
Trial 2890 finished with value: 0.33956797218044443 and parameters: {'window_influence': 0.45473327467728825, 'penalty_k': 0.14529666648286665, 'scale_lr': 0.7736257953887428}. Best is trial 1674 with value: 0.38142600678748195.
checkpoint_e33 window_influence: 0.14839288004813064, penalty_k: 0.13484079994573614, scale_lr: 0.76825918978880325, EAO: 0.280
Trial 2891 finished with value: 0.28040274577613933 and parameters: {'window_influence': 0.14839288004813064, 'penalty_k': 0.13484079994573614, 'scale_lr': 0.7682591897888033}. Best is trial 1674 with value: 0.38142600678748195.
checkpoint_e33 window_influence: 0.45431490623891457, penalty_k: 0.14633851723079616, scale_lr: 0.75274403552534497, EAO: 0.351
Trial 2892 finished with value: 0.3514255528783984 and parameters: {'window_influence': 0.4543149062389146, 'penalty_k': 0.14633851723079616, 'scale_lr': 0.752744035525345}. Best is trial 1674 with value: 0.38142600678748195.
checkpoint_e33 window_influence: 0.46293723275266352, penalty_k: 0.15719369300918065, scale_lr: 0.75882776702753141, EAO: 0.358
Trial 2893 finished with value: 0.3576632920174283 and parameters: {'window_influence': 0.4629372327526635, 'penalty_k': 0.15719369300918065, 'scale_lr': 0.7588277670275314}. Best is trial 1674 with value: 0.38142600678748195.
checkpoint_e33 window_influence: 0.44328201044514765, penalty_k: 0.15158103219857116, scale_lr: 0.77696382313074419, EAO: 0.356
Trial 2894 finished with value: 0.3564193237152545 and parameters: {'window_influence': 0.44328201044514765, 'penalty_k': 0.15158103219857116, 'scale_lr': 0.7769638231307442}. Best is trial 1674 with value: 0.38142600678748195.
checkpoint_e33 window_influence: 0.43334539120751386, penalty_k: 0.16756011931111600, scale_lr: 0.78106131319005789, EAO: 0.340
Trial 2895 finished with value: 0.34021238037584356 and parameters: {'window_influence': 0.43334539120751386, 'penalty_k': 0.167560119311116, 'scale_lr': 0.7810613131900579}. Best is trial 1674 with value: 0.38142600678748195.
checkpoint_e33 window_influence: 0.46191033783464863, penalty_k: 0.15370663305834953, scale_lr: 0.75276221700656032, EAO: 0.329
Trial 2896 finished with value: 0.32896309453225786 and parameters: {'window_influence': 0.46191033783464863, 'penalty_k': 0.15370663305834953, 'scale_lr': 0.7527622170065603}. Best is trial 1674 with value: 0.38142600678748195.
checkpoint_e33 window_influence: 0.44740573138644363, penalty_k: 0.18334656092569951, scale_lr: 0.31755924675546460, EAO: 0.334
Trial 2897 finished with value: 0.333675957259501 and parameters: {'window_influence': 0.44740573138644363, 'penalty_k': 0.1833465609256995, 'scale_lr': 0.3175592467554646}. Best is trial 1674 with value: 0.38142600678748195.
checkpoint_e33 window_influence: 0.06825061489717144, penalty_k: 0.13332746167893741, scale_lr: 0.74439424631964357, EAO: 0.253
Trial 2898 finished with value: 0.2525960739832444 and parameters: {'window_influence': 0.06825061489717144, 'penalty_k': 0.13332746167893741, 'scale_lr': 0.7443942463196436}. Best is trial 1674 with value: 0.38142600678748195.
checkpoint_e33 window_influence: 0.57932009570863419, penalty_k: 0.14428995618579146, scale_lr: 0.79660273960169392, EAO: 0.262
Trial 2899 finished with value: 0.2618396414393117 and parameters: {'window_influence': 0.5793200957086342, 'penalty_k': 0.14428995618579146, 'scale_lr': 0.7966027396016939}. Best is trial 1674 with value: 0.38142600678748195.
checkpoint_e33 window_influence: 0.43488749623242073, penalty_k: 0.17207976573742026, scale_lr: 0.78964305571337468, EAO: 0.329
Trial 2900 finished with value: 0.32903827779024025 and parameters: {'window_influence': 0.43488749623242073, 'penalty_k': 0.17207976573742026, 'scale_lr': 0.7896430557133747}. Best is trial 1674 with value: 0.38142600678748195.
checkpoint_e33 window_influence: 0.46391087964314359, penalty_k: 0.13101290411779717, scale_lr: 0.78436780821776586, EAO: 0.334
Trial 2901 finished with value: 0.3340924557312917 and parameters: {'window_influence': 0.4639108796431436, 'penalty_k': 0.13101290411779717, 'scale_lr': 0.7843678082177659}. Best is trial 1674 with value: 0.38142600678748195.
checkpoint_e33 window_influence: 0.46965186412747589, penalty_k: 0.14301959262280717, scale_lr: 0.74001004801821357, EAO: 0.342
Trial 2902 finished with value: 0.34212760250392127 and parameters: {'window_influence': 0.4696518641274759, 'penalty_k': 0.14301959262280717, 'scale_lr': 0.7400100480182136}. Best is trial 1674 with value: 0.38142600678748195.
checkpoint_e33 window_influence: 0.45586482066545947, penalty_k: 0.16142213213767209, scale_lr: 0.74768274955561953, EAO: 0.332
Trial 2903 finished with value: 0.3323613421462389 and parameters: {'window_influence': 0.45586482066545947, 'penalty_k': 0.1614221321376721, 'scale_lr': 0.7476827495556195}. Best is trial 1674 with value: 0.38142600678748195.
checkpoint_e33 window_influence: 0.44233077384902270, penalty_k: 0.56043306484991273, scale_lr: 0.78598606970452145, EAO: 0.310
Trial 2904 finished with value: 0.3098109253765544 and parameters: {'window_influence': 0.4423307738490227, 'penalty_k': 0.5604330648499127, 'scale_lr': 0.7859860697045215}. Best is trial 1674 with value: 0.38142600678748195.
checkpoint_e33 window_influence: 0.47113201671459981, penalty_k: 0.12768851633907108, scale_lr: 0.76887968467200551, EAO: 0.349
Trial 2905 finished with value: 0.34930641873801266 and parameters: {'window_influence': 0.4711320167145998, 'penalty_k': 0.12768851633907108, 'scale_lr': 0.7688796846720055}. Best is trial 1674 with value: 0.38142600678748195.
checkpoint_e33 window_influence: 0.40505653753728377, penalty_k: 0.17459382039995430, scale_lr: 0.76612442863229746, EAO: 0.334
Trial 2906 finished with value: 0.3344608438617988 and parameters: {'window_influence': 0.40505653753728377, 'penalty_k': 0.1745938203999543, 'scale_lr': 0.7661244286322975}. Best is trial 1674 with value: 0.38142600678748195.
checkpoint_e33 window_influence: 0.45872299510419667, penalty_k: 0.11676680136231522, scale_lr: 0.72590212537394305, EAO: 0.342
Trial 2907 finished with value: 0.3416718726955963 and parameters: {'window_influence': 0.4587229951041967, 'penalty_k': 0.11676680136231522, 'scale_lr': 0.725902125373943}. Best is trial 1674 with value: 0.38142600678748195.
checkpoint_e33 window_influence: 0.20369558385884753, penalty_k: 0.19904463348104451, scale_lr: 0.32615516701544239, EAO: 0.278
Trial 2908 finished with value: 0.2780114478986087 and parameters: {'window_influence': 0.20369558385884753, 'penalty_k': 0.1990446334810445, 'scale_lr': 0.3261551670154424}. Best is trial 1674 with value: 0.38142600678748195.
checkpoint_e33 window_influence: 0.47099039880457749, penalty_k: 0.15540032784400815, scale_lr: 0.76434545996247982, EAO: 0.352
Trial 2909 finished with value: 0.351541313795728 and parameters: {'window_influence': 0.4709903988045775, 'penalty_k': 0.15540032784400815, 'scale_lr': 0.7643454599624798}. Best is trial 1674 with value: 0.38142600678748195.
checkpoint_e33 window_influence: 0.14871231724423012, penalty_k: 0.13724913175451139, scale_lr: 0.65220143478575143, EAO: 0.285
Trial 2910 finished with value: 0.2853803832939163 and parameters: {'window_influence': 0.14871231724423012, 'penalty_k': 0.1372491317545114, 'scale_lr': 0.6522014347857514}. Best is trial 1674 with value: 0.38142600678748195.
checkpoint_e33 window_influence: 0.44547725410242267, penalty_k: 0.12220435880754654, scale_lr: 0.19810310234697759, EAO: 0.336
Trial 2911 finished with value: 0.33618824769550726 and parameters: {'window_influence': 0.44547725410242267, 'penalty_k': 0.12220435880754654, 'scale_lr': 0.1981031023469776}. Best is trial 1674 with value: 0.38142600678748195.
checkpoint_e33 window_influence: 0.07229687810439123, penalty_k: 0.17087151605416201, scale_lr: 0.41143626834900576, EAO: 0.255
Trial 2912 finished with value: 0.25473226212573885 and parameters: {'window_influence': 0.07229687810439123, 'penalty_k': 0.170871516054162, 'scale_lr': 0.41143626834900576}. Best is trial 1674 with value: 0.38142600678748195.
checkpoint_e33 window_influence: 0.53339332711873799, penalty_k: 0.18977678441200455, scale_lr: 0.61823586865432290, EAO: 0.312
Trial 2913 finished with value: 0.3123897500771029 and parameters: {'window_influence': 0.533393327118738, 'penalty_k': 0.18977678441200455, 'scale_lr': 0.6182358686543229}. Best is trial 1674 with value: 0.38142600678748195.
checkpoint_e33 window_influence: 0.64769530098222505, penalty_k: 0.15389367710497315, scale_lr: 0.57874918083709304, EAO: 0.235
Trial 2914 finished with value: 0.23480133138278114 and parameters: {'window_influence': 0.647695300982225, 'penalty_k': 0.15389367710497315, 'scale_lr': 0.578749180837093}. Best is trial 1674 with value: 0.38142600678748195.
checkpoint_e33 window_influence: 0.28605577092432105, penalty_k: 0.10803381826175992, scale_lr: 0.69391267524873257, EAO: 0.319
Trial 2915 finished with value: 0.31927817445320844 and parameters: {'window_influence': 0.28605577092432105, 'penalty_k': 0.10803381826175992, 'scale_lr': 0.6939126752487326}. Best is trial 1674 with value: 0.38142600678748195.
checkpoint_e33 window_influence: 0.46724679853915541, penalty_k: 0.13892431118971885, scale_lr: 0.43052731938184846, EAO: 0.339
Trial 2916 finished with value: 0.33902329183274205 and parameters: {'window_influence': 0.4672467985391554, 'penalty_k': 0.13892431118971885, 'scale_lr': 0.43052731938184846}. Best is trial 1674 with value: 0.38142600678748195.
checkpoint_e33 window_influence: 0.42553346749807064, penalty_k: 0.26494716796043843, scale_lr: 0.24368963612144229, EAO: 0.321
Trial 2917 finished with value: 0.32053752440654815 and parameters: {'window_influence': 0.42553346749807064, 'penalty_k': 0.26494716796043843, 'scale_lr': 0.2436896361214423}. Best is trial 1674 with value: 0.38142600678748195.
checkpoint_e33 window_influence: 0.41385860627777526, penalty_k: 0.18096436236092700, scale_lr: 0.14839391122818779, EAO: 0.323
Trial 2918 finished with value: 0.32333582286009066 and parameters: {'window_influence': 0.41385860627777526, 'penalty_k': 0.180964362360927, 'scale_lr': 0.1483939112281878}. Best is trial 1674 with value: 0.38142600678748195.
checkpoint_e33 window_influence: 0.47927870422198710, penalty_k: 0.59595853746278049, scale_lr: 0.30727050888592145, EAO: 0.288
Trial 2919 finished with value: 0.2884773427642273 and parameters: {'window_influence': 0.4792787042219871, 'penalty_k': 0.5959585374627805, 'scale_lr': 0.30727050888592145}. Best is trial 1674 with value: 0.38142600678748195.
checkpoint_e33 window_influence: 0.35814362681665557, penalty_k: 0.31265113604671096, scale_lr: 0.10030806542826182, EAO: 0.334
Trial 2920 finished with value: 0.33392858215343163 and parameters: {'window_influence': 0.35814362681665557, 'penalty_k': 0.31265113604671096, 'scale_lr': 0.10030806542826182}. Best is trial 1674 with value: 0.38142600678748195.
checkpoint_e33 window_influence: 0.45221251506162052, penalty_k: 0.22080371302514828, scale_lr: 0.72980576230049499, EAO: 0.354
Trial 2921 finished with value: 0.3544567720203548 and parameters: {'window_influence': 0.4522125150616205, 'penalty_k': 0.22080371302514828, 'scale_lr': 0.729805762300495}. Best is trial 1674 with value: 0.38142600678748195.
checkpoint_e33 window_influence: 0.47718904300915566, penalty_k: 0.40706570011451498, scale_lr: 0.76278941819797719, EAO: 0.320
Trial 2922 finished with value: 0.3204416799058246 and parameters: {'window_influence': 0.47718904300915566, 'penalty_k': 0.407065700114515, 'scale_lr': 0.7627894181979772}. Best is trial 1674 with value: 0.38142600678748195.
checkpoint_e33 window_influence: 0.45785945419842838, penalty_k: 0.54043816636315478, scale_lr: 0.58977283016434456, EAO: 0.318
Trial 2923 finished with value: 0.3183945081693189 and parameters: {'window_influence': 0.4578594541984284, 'penalty_k': 0.5404381663631548, 'scale_lr': 0.5897728301643446}. Best is trial 1674 with value: 0.38142600678748195.
checkpoint_e33 window_influence: 0.46863638228568733, penalty_k: 0.49554241832222884, scale_lr: 0.27913563746796544, EAO: 0.309
Trial 2924 finished with value: 0.3089151321566059 and parameters: {'window_influence': 0.4686363822856873, 'penalty_k': 0.49554241832222884, 'scale_lr': 0.27913563746796544}. Best is trial 1674 with value: 0.38142600678748195.
checkpoint_e33 window_influence: 0.39533916680346570, penalty_k: 0.16234487019281815, scale_lr: 0.63034247208815197, EAO: 0.333
Trial 2925 finished with value: 0.33330275587998476 and parameters: {'window_influence': 0.3953391668034657, 'penalty_k': 0.16234487019281815, 'scale_lr': 0.630342472088152}. Best is trial 1674 with value: 0.38142600678748195.
checkpoint_e33 window_influence: 0.26171620973738652, penalty_k: 0.25108683202163745, scale_lr: 0.67031205635534319, EAO: 0.319
Trial 2926 finished with value: 0.3192594136593407 and parameters: {'window_influence': 0.2617162097373865, 'penalty_k': 0.25108683202163745, 'scale_lr': 0.6703120563553432}. Best is trial 1674 with value: 0.38142600678748195.
checkpoint_e33 window_influence: 0.29775607053133102, penalty_k: 0.12347968904631304, scale_lr: 0.44247989119670822, EAO: 0.286
Trial 2927 finished with value: 0.2856383110298721 and parameters: {'window_influence': 0.297756070531331, 'penalty_k': 0.12347968904631304, 'scale_lr': 0.4424798911967082}. Best is trial 1674 with value: 0.38142600678748195.
checkpoint_e33 window_influence: 0.37326394698003346, penalty_k: 0.53760587134642868, scale_lr: 0.69975454883776245, EAO: 0.323
Trial 2928 finished with value: 0.323232185457931 and parameters: {'window_influence': 0.37326394698003346, 'penalty_k': 0.5376058713464287, 'scale_lr': 0.6997545488377624}. Best is trial 1674 with value: 0.38142600678748195.
checkpoint_e33 window_influence: 0.61710513044467996, penalty_k: 0.32874930862229779, scale_lr: 0.78637363413205597, EAO: 0.245
Trial 2929 finished with value: 0.24489093690762723 and parameters: {'window_influence': 0.61710513044468, 'penalty_k': 0.3287493086222978, 'scale_lr': 0.786373634132056}. Best is trial 1674 with value: 0.38142600678748195.
checkpoint_e33 window_influence: 0.23380600418302733, penalty_k: 0.15034656743345926, scale_lr: 0.56701222941560514, EAO: 0.306
