Trial 3267 finished with value: 0.3277984574611085 and parameters: {'window_influence': 0.44046636083588053, 'penalty_k': 0.09569865013274217, 'scale_lr': 0.24677745399292328}. Best is trial 1270 with value: 0.3623636909959845.
checkpoint_e22 window_influence: 0.46316960164141519, penalty_k: 0.33398063142336115, scale_lr: 0.59369564872423009, EAO: 0.304
Trial 3268 finished with value: 0.30426475428885524 and parameters: {'window_influence': 0.4631696016414152, 'penalty_k': 0.33398063142336115, 'scale_lr': 0.5936956487242301}. Best is trial 1270 with value: 0.3623636909959845.
checkpoint_e22 window_influence: 0.07868033808931152, penalty_k: 0.29330962511613512, scale_lr: 0.51847094193559151, EAO: 0.232
Trial 3269 finished with value: 0.232211287557383 and parameters: {'window_influence': 0.07868033808931152, 'penalty_k': 0.2933096251161351, 'scale_lr': 0.5184709419355915}. Best is trial 1270 with value: 0.3623636909959845.
checkpoint_e22 window_influence: 0.47464302728867974, penalty_k: 0.33854833055408068, scale_lr: 0.62423348868116768, EAO: 0.306
Trial 3270 finished with value: 0.30604648317576383 and parameters: {'window_influence': 0.47464302728867974, 'penalty_k': 0.3385483305540807, 'scale_lr': 0.6242334886811677}. Best is trial 1270 with value: 0.3623636909959845.
checkpoint_e22 window_influence: 0.44981047226177695, penalty_k: 0.03228084122848714, scale_lr: 0.45800181171384385, EAO: 0.337
Trial 3271 finished with value: 0.3368983010721578 and parameters: {'window_influence': 0.44981047226177695, 'penalty_k': 0.032280841228487143, 'scale_lr': 0.45800181171384385}. Best is trial 1270 with value: 0.3623636909959845.
checkpoint_e22 window_influence: 0.47547749442668086, penalty_k: 0.07499190361958287, scale_lr: 0.26193665956280859, EAO: 0.334
Trial 3272 finished with value: 0.3341192911571102 and parameters: {'window_influence': 0.47547749442668086, 'penalty_k': 0.07499190361958287, 'scale_lr': 0.2619366595628086}. Best is trial 1270 with value: 0.3623636909959845.
checkpoint_e22 window_influence: 0.46177169012949076, penalty_k: 0.09171273187341962, scale_lr: 0.70355829796540081, EAO: 0.312
Trial 3273 finished with value: 0.3120040397815667 and parameters: {'window_influence': 0.46177169012949076, 'penalty_k': 0.09171273187341962, 'scale_lr': 0.7035582979654008}. Best is trial 1270 with value: 0.3623636909959845.
checkpoint_e22 window_influence: 0.27420300686940507, penalty_k: 0.58224786813395046, scale_lr: 0.60614717881435332, EAO: 0.308
Trial 3274 finished with value: 0.30756140387243797 and parameters: {'window_influence': 0.2742030068694051, 'penalty_k': 0.5822478681339505, 'scale_lr': 0.6061471788143533}. Best is trial 1270 with value: 0.3623636909959845.
checkpoint_e22 window_influence: 0.44729526671150061, penalty_k: 0.04477488376789131, scale_lr: 0.74159171718914818, EAO: 0.336
Trial 3275 finished with value: 0.33638158173876515 and parameters: {'window_influence': 0.4472952667115006, 'penalty_k': 0.044774883767891314, 'scale_lr': 0.7415917171891482}. Best is trial 1270 with value: 0.3623636909959845.
checkpoint_e22 window_influence: 0.48031138909754689, penalty_k: 0.02827261152836622, scale_lr: 0.28331554979872675, EAO: 0.352
Trial 3276 finished with value: 0.3522440660092617 and parameters: {'window_influence': 0.4803113890975469, 'penalty_k': 0.02827261152836622, 'scale_lr': 0.28331554979872675}. Best is trial 1270 with value: 0.3623636909959845.
checkpoint_e22 window_influence: 0.11152058786678365, penalty_k: 0.05551668027165765, scale_lr: 0.29731472339976045, EAO: 0.271
Trial 3277 finished with value: 0.270667001315128 and parameters: {'window_influence': 0.11152058786678365, 'penalty_k': 0.05551668027165765, 'scale_lr': 0.29731472339976045}. Best is trial 1270 with value: 0.3623636909959845.
checkpoint_e22 window_influence: 0.46240999941477101, penalty_k: 0.06274927795190220, scale_lr: 0.27786762263382231, EAO: 0.339
Trial 3278 finished with value: 0.339406157282076 and parameters: {'window_influence': 0.462409999414771, 'penalty_k': 0.0627492779519022, 'scale_lr': 0.2778676226338223}. Best is trial 1270 with value: 0.3623636909959845.
checkpoint_e22 window_influence: 0.47199201302296123, penalty_k: 0.03905879241852354, scale_lr: 0.29233613063952635, EAO: 0.318
Trial 3279 finished with value: 0.317778646829991 and parameters: {'window_influence': 0.47199201302296123, 'penalty_k': 0.03905879241852354, 'scale_lr': 0.29233613063952635}. Best is trial 1270 with value: 0.3623636909959845.
checkpoint_e22 window_influence: 0.30006066436747392, penalty_k: 0.09923962697714375, scale_lr: 0.27860299170325498, EAO: 0.300
Trial 3280 finished with value: 0.3001640325970223 and parameters: {'window_influence': 0.3000606643674739, 'penalty_k': 0.09923962697714375, 'scale_lr': 0.278602991703255}. Best is trial 1270 with value: 0.3623636909959845.
checkpoint_e22 window_influence: 0.20233553513514990, penalty_k: 0.02894449668111927, scale_lr: 0.27137924469337321, EAO: 0.287
Trial 3281 finished with value: 0.2874182437180545 and parameters: {'window_influence': 0.2023355351351499, 'penalty_k': 0.028944496681119272, 'scale_lr': 0.2713792446933732}. Best is trial 1270 with value: 0.3623636909959845.
checkpoint_e22 window_influence: 0.45548359437303487, penalty_k: 0.07976157136474558, scale_lr: 0.28975250604690056, EAO: 0.335
Trial 3282 finished with value: 0.33539948655937435 and parameters: {'window_influence': 0.4554835943730349, 'penalty_k': 0.07976157136474558, 'scale_lr': 0.28975250604690056}. Best is trial 1270 with value: 0.3623636909959845.
checkpoint_e22 window_influence: 0.43826593441980416, penalty_k: 0.05238056660255939, scale_lr: 0.26342963563885213, EAO: 0.307
Trial 3283 finished with value: 0.3072536417830315 and parameters: {'window_influence': 0.43826593441980416, 'penalty_k': 0.05238056660255939, 'scale_lr': 0.26342963563885213}. Best is trial 1270 with value: 0.3623636909959845.
checkpoint_e22 window_influence: 0.47823879466770908, penalty_k: 0.06750708367474360, scale_lr: 0.28269202190375331, EAO: 0.339
Trial 3284 finished with value: 0.3390086190014034 and parameters: {'window_influence': 0.4782387946677091, 'penalty_k': 0.0675070836747436, 'scale_lr': 0.2826920219037533}. Best is trial 1270 with value: 0.3623636909959845.
checkpoint_e22 window_influence: 0.46552693157074504, penalty_k: 0.08115841407377086, scale_lr: 0.30521635195023061, EAO: 0.345
Trial 3285 finished with value: 0.34500028940954097 and parameters: {'window_influence': 0.46552693157074504, 'penalty_k': 0.08115841407377086, 'scale_lr': 0.3052163519502306}. Best is trial 1270 with value: 0.3623636909959845.
checkpoint_e22 window_influence: 0.62967339746827378, penalty_k: 0.20017572675849787, scale_lr: 0.26896176601207022, EAO: 0.237
Trial 3286 finished with value: 0.23711434354578012 and parameters: {'window_influence': 0.6296733974682738, 'penalty_k': 0.20017572675849787, 'scale_lr': 0.2689617660120702}. Best is trial 1270 with value: 0.3623636909959845.
checkpoint_e22 window_influence: 0.45034133516455455, penalty_k: 0.48021718533200830, scale_lr: 0.29725510084441370, EAO: 0.307
Trial 3287 finished with value: 0.30696021472665586 and parameters: {'window_influence': 0.45034133516455455, 'penalty_k': 0.4802171853320083, 'scale_lr': 0.2972551008444137}. Best is trial 1270 with value: 0.3623636909959845.
checkpoint_e22 window_influence: 0.42019333074699261, penalty_k: 0.39708633809045363, scale_lr: 0.25434105715068911, EAO: 0.299
Trial 3288 finished with value: 0.29908329973192993 and parameters: {'window_influence': 0.4201933307469926, 'penalty_k': 0.3970863380904536, 'scale_lr': 0.2543410571506891}. Best is trial 1270 with value: 0.3623636909959845.
checkpoint_e22 window_influence: 0.47772433792931857, penalty_k: 0.03118422326038321, scale_lr: 0.28103086780923592, EAO: 0.328
Trial 3289 finished with value: 0.328124996289205 and parameters: {'window_influence': 0.47772433792931857, 'penalty_k': 0.031184223260383205, 'scale_lr': 0.2810308678092359}. Best is trial 1270 with value: 0.3623636909959845.
checkpoint_e22 window_influence: 0.06375392655618628, penalty_k: 0.35568824993768966, scale_lr: 0.17876797003942108, EAO: 0.233
Trial 3290 finished with value: 0.23283633056317785 and parameters: {'window_influence': 0.06375392655618628, 'penalty_k': 0.35568824993768966, 'scale_lr': 0.17876797003942108}. Best is trial 1270 with value: 0.3623636909959845.
checkpoint_e22 window_influence: 0.46676764976580615, penalty_k: 0.04722640592401904, scale_lr: 0.30389196816273983, EAO: 0.319
Trial 3291 finished with value: 0.3191069397017186 and parameters: {'window_influence': 0.46676764976580615, 'penalty_k': 0.04722640592401904, 'scale_lr': 0.30389196816273983}. Best is trial 1270 with value: 0.3623636909959845.
checkpoint_e22 window_influence: 0.63504489710809686, penalty_k: 0.17614551501119824, scale_lr: 0.24491014426245700, EAO: 0.240
Trial 3292 finished with value: 0.2397858870400529 and parameters: {'window_influence': 0.6350448971080969, 'penalty_k': 0.17614551501119824, 'scale_lr': 0.244910144262457}. Best is trial 1270 with value: 0.3623636909959845.
checkpoint_e22 window_influence: 0.45569211556548234, penalty_k: 0.19171790812101333, scale_lr: 0.28517662769614599, EAO: 0.324
Trial 3293 finished with value: 0.3243763381289137 and parameters: {'window_influence': 0.45569211556548234, 'penalty_k': 0.19171790812101333, 'scale_lr': 0.285176627696146}. Best is trial 1270 with value: 0.3623636909959845.
checkpoint_e22 window_influence: 0.60161335601675314, penalty_k: 0.27802865232299656, scale_lr: 0.31046079905729412, EAO: 0.234
Trial 3294 finished with value: 0.23410883516884964 and parameters: {'window_influence': 0.6016133560167531, 'penalty_k': 0.27802865232299656, 'scale_lr': 0.3104607990572941}. Best is trial 1270 with value: 0.3623636909959845.
checkpoint_e22 window_influence: 0.47761030707407115, penalty_k: 0.58077667460607973, scale_lr: 0.29341477730514520, EAO: 0.292
Trial 3295 finished with value: 0.2918904312389834 and parameters: {'window_influence': 0.47761030707407115, 'penalty_k': 0.5807766746060797, 'scale_lr': 0.2934147773051452}. Best is trial 1270 with value: 0.3623636909959845.
checkpoint_e22 window_influence: 0.43820239581056358, penalty_k: 0.09150600099709508, scale_lr: 0.26326472104781073, EAO: 0.317
Trial 3296 finished with value: 0.3168036516190503 and parameters: {'window_influence': 0.4382023958105636, 'penalty_k': 0.09150600099709508, 'scale_lr': 0.26326472104781073}. Best is trial 1270 with value: 0.3623636909959845.
checkpoint_e22 window_influence: 0.46631711166930156, penalty_k: 0.02708142394171454, scale_lr: 0.20480429077074735, EAO: 0.320
Trial 3297 finished with value: 0.3203384657662202 and parameters: {'window_influence': 0.46631711166930156, 'penalty_k': 0.027081423941714543, 'scale_lr': 0.20480429077074735}. Best is trial 1270 with value: 0.3623636909959845.
checkpoint_e22 window_influence: 0.58542986875569936, penalty_k: 0.10304729243871613, scale_lr: 0.27705259485323980, EAO: 0.273
Trial 3298 finished with value: 0.27293022846665366 and parameters: {'window_influence': 0.5854298687556994, 'penalty_k': 0.10304729243871613, 'scale_lr': 0.2770525948532398}. Best is trial 1270 with value: 0.3623636909959845.
checkpoint_e22 window_influence: 0.10738183177806920, penalty_k: 0.26005448169632339, scale_lr: 0.22701731293961525, EAO: 0.243
Trial 3299 finished with value: 0.2428018028054256 and parameters: {'window_influence': 0.1073818317780692, 'penalty_k': 0.2600544816963234, 'scale_lr': 0.22701731293961525}. Best is trial 1270 with value: 0.3623636909959845.
checkpoint_e22 window_influence: 0.45096141164852843, penalty_k: 0.06104879911661108, scale_lr: 0.16140222626384149, EAO: 0.314
Trial 3300 finished with value: 0.31411250248725314 and parameters: {'window_influence': 0.45096141164852843, 'penalty_k': 0.06104879911661108, 'scale_lr': 0.1614022262638415}. Best is trial 1270 with value: 0.3623636909959845.
checkpoint_e22 window_influence: 0.08365143255971713, penalty_k: 0.04247334757617775, scale_lr: 0.25180555485381428, EAO: 0.262
Trial 3301 finished with value: 0.2622974519019925 and parameters: {'window_influence': 0.08365143255971713, 'penalty_k': 0.04247334757617775, 'scale_lr': 0.2518055548538143}. Best is trial 1270 with value: 0.3623636909959845.
checkpoint_e22 window_influence: 0.48229851173565769, penalty_k: 0.36233165216868946, scale_lr: 0.23822841744046863, EAO: 0.313
Trial 3302 finished with value: 0.3125041879800507 and parameters: {'window_influence': 0.4822985117356577, 'penalty_k': 0.36233165216868946, 'scale_lr': 0.23822841744046863}. Best is trial 1270 with value: 0.3623636909959845.
checkpoint_e22 window_influence: 0.42708072287148940, penalty_k: 0.07741733389129683, scale_lr: 0.26699122304243245, EAO: 0.319
Trial 3303 finished with value: 0.31850554640423 and parameters: {'window_influence': 0.4270807228714894, 'penalty_k': 0.07741733389129683, 'scale_lr': 0.26699122304243245}. Best is trial 1270 with value: 0.3623636909959845.
checkpoint_e22 window_influence: 0.22324755923493214, penalty_k: 0.59129808550111307, scale_lr: 0.29929508102879360, EAO: 0.261
Trial 3304 finished with value: 0.2606552173075509 and parameters: {'window_influence': 0.22324755923493214, 'penalty_k': 0.5912980855011131, 'scale_lr': 0.2992950810287936}. Best is trial 1270 with value: 0.3623636909959845.
checkpoint_e22 window_influence: 0.46772067728818195, penalty_k: 0.22935186336625735, scale_lr: 0.42020658072793077, EAO: 0.322
Trial 3305 finished with value: 0.3221186088680757 and parameters: {'window_influence': 0.46772067728818195, 'penalty_k': 0.22935186336625735, 'scale_lr': 0.42020658072793077}. Best is trial 1270 with value: 0.3623636909959845.
checkpoint_e22 window_influence: 0.48438407588013038, penalty_k: 0.16002870443079711, scale_lr: 0.14314381425156342, EAO: 0.318
Trial 3306 finished with value: 0.317919971646038 and parameters: {'window_influence': 0.4843840758801304, 'penalty_k': 0.16002870443079711, 'scale_lr': 0.14314381425156342}. Best is trial 1270 with value: 0.3623636909959845.
checkpoint_e22 window_influence: 0.46068724574916103, penalty_k: 0.48742771487194020, scale_lr: 0.44037620238601943, EAO: 0.301
Trial 3307 finished with value: 0.3008337330493482 and parameters: {'window_influence': 0.46068724574916103, 'penalty_k': 0.4874277148719402, 'scale_lr': 0.44037620238601943}. Best is trial 1270 with value: 0.3623636909959845.
checkpoint_e22 window_influence: 0.44224269968177826, penalty_k: 0.54058783339454919, scale_lr: 0.28260438635145840, EAO: 0.289
Trial 3308 finished with value: 0.28896320950428334 and parameters: {'window_influence': 0.44224269968177826, 'penalty_k': 0.5405878333945492, 'scale_lr': 0.2826043863514584}. Best is trial 1270 with value: 0.3623636909959845.
checkpoint_e22 window_influence: 0.48037973205177953, penalty_k: 0.02253726057783928, scale_lr: 0.67692268041937864, EAO: 0.334
Trial 3309 finished with value: 0.3338932151460462 and parameters: {'window_influence': 0.48037973205177953, 'penalty_k': 0.02253726057783928, 'scale_lr': 0.6769226804193786}. Best is trial 1270 with value: 0.3623636909959845.
checkpoint_e22 window_influence: 0.23077272848117186, penalty_k: 0.55449123861728855, scale_lr: 0.30362622147715973, EAO: 0.269
Trial 3310 finished with value: 0.2693044492242865 and parameters: {'window_influence': 0.23077272848117186, 'penalty_k': 0.5544912386172886, 'scale_lr': 0.30362622147715973}. Best is trial 1270 with value: 0.3623636909959845.
checkpoint_e22 window_influence: 0.45579692737563504, penalty_k: 0.22781590821837377, scale_lr: 0.58475380235838836, EAO: 0.298
Trial 3311 finished with value: 0.29814476969177156 and parameters: {'window_influence': 0.45579692737563504, 'penalty_k': 0.22781590821837377, 'scale_lr': 0.5847538023583884}. Best is trial 1270 with value: 0.3623636909959845.
checkpoint_e22 window_influence: 0.46987759096281279, penalty_k: 0.24194143730833803, scale_lr: 0.26296236539999929, EAO: 0.325
Trial 3312 finished with value: 0.32511991384196376 and parameters: {'window_influence': 0.4698775909628128, 'penalty_k': 0.24194143730833803, 'scale_lr': 0.2629623653999993}. Best is trial 1270 with value: 0.3623636909959845.
checkpoint_e22 window_influence: 0.47827144593098569, penalty_k: 0.09587718764836399, scale_lr: 0.30916930752282790, EAO: 0.335
Trial 3313 finished with value: 0.3354094630317465 and parameters: {'window_influence': 0.4782714459309857, 'penalty_k': 0.09587718764836399, 'scale_lr': 0.3091693075228279}. Best is trial 1270 with value: 0.3623636909959845.
checkpoint_e22 window_influence: 0.44742586723125294, penalty_k: 0.03853960610180626, scale_lr: 0.28595525997230814, EAO: 0.320
Trial 3314 finished with value: 0.31985737371769396 and parameters: {'window_influence': 0.44742586723125294, 'penalty_k': 0.03853960610180626, 'scale_lr': 0.28595525997230814}. Best is trial 1270 with value: 0.3623636909959845.
checkpoint_e22 window_influence: 0.43265305552032052, penalty_k: 0.43302856050948080, scale_lr: 0.62845965506807600, EAO: 0.307
Trial 3315 finished with value: 0.30682973209985964 and parameters: {'window_influence': 0.4326530555203205, 'penalty_k': 0.4330285605094808, 'scale_lr': 0.628459655068076}. Best is trial 1270 with value: 0.3623636909959845.
checkpoint_e22 window_influence: 0.58096591630363925, penalty_k: 0.05448872851428720, scale_lr: 0.64761871488773448, EAO: 0.259
Trial 3316 finished with value: 0.2587997580548669 and parameters: {'window_influence': 0.5809659163036393, 'penalty_k': 0.0544887285142872, 'scale_lr': 0.6476187148877345}. Best is trial 1270 with value: 0.3623636909959845.
checkpoint_e22 window_influence: 0.39389980129607899, penalty_k: 0.27972890908458753, scale_lr: 0.77345494946394533, EAO: 0.321
Trial 3317 finished with value: 0.3210446226341715 and parameters: {'window_influence': 0.393899801296079, 'penalty_k': 0.27972890908458753, 'scale_lr': 0.7734549494639453}. Best is trial 1270 with value: 0.3623636909959845.
checkpoint_e22 window_influence: 0.37154464080643895, penalty_k: 0.36432779014416267, scale_lr: 0.41299038977155861, EAO: 0.294
Trial 3318 finished with value: 0.2939656364662638 and parameters: {'window_influence': 0.37154464080643895, 'penalty_k': 0.36432779014416267, 'scale_lr': 0.4129903897715586}. Best is trial 1270 with value: 0.3623636909959845.
checkpoint_e22 window_influence: 0.29131234746683243, penalty_k: 0.41713357814927360, scale_lr: 0.19078203177568678, EAO: 0.277
Trial 3319 finished with value: 0.27702126834643026 and parameters: {'window_influence': 0.29131234746683243, 'penalty_k': 0.4171335781492736, 'scale_lr': 0.19078203177568678}. Best is trial 1270 with value: 0.3623636909959845.
checkpoint_e22 window_influence: 0.46263223469011056, penalty_k: 0.08477750540182823, scale_lr: 0.16959011842109883, EAO: 0.313
Trial 3320 finished with value: 0.31282427941778757 and parameters: {'window_influence': 0.46263223469011056, 'penalty_k': 0.08477750540182823, 'scale_lr': 0.16959011842109883}. Best is trial 1270 with value: 0.3623636909959845.
checkpoint_e22 window_influence: 0.48497431749092118, penalty_k: 0.22449983282670227, scale_lr: 0.55995534522796886, EAO: 0.310
Trial 3321 finished with value: 0.3099068359178328 and parameters: {'window_influence': 0.4849743174909212, 'penalty_k': 0.22449983282670227, 'scale_lr': 0.5599553452279689}. Best is trial 1270 with value: 0.3623636909959845.
checkpoint_e22 window_influence: 0.19919587085277546, penalty_k: 0.02213283953237945, scale_lr: 0.75214608277504802, EAO: 0.262
Trial 3322 finished with value: 0.26188893737959956 and parameters: {'window_influence': 0.19919587085277546, 'penalty_k': 0.022132839532379447, 'scale_lr': 0.752146082775048}. Best is trial 1270 with value: 0.3623636909959845.
checkpoint_e22 window_influence: 0.57013344247056974, penalty_k: 0.29556271050155997, scale_lr: 0.25572269138782650, EAO: 0.272
Trial 3323 finished with value: 0.27247978341022816 and parameters: {'window_influence': 0.5701334424705697, 'penalty_k': 0.29556271050155997, 'scale_lr': 0.2557226913878265}. Best is trial 1270 with value: 0.3623636909959845.
checkpoint_e22 window_influence: 0.18859740509952513, penalty_k: 0.45319907049063257, scale_lr: 0.38984484155619364, EAO: 0.276
Trial 3324 finished with value: 0.2764478467317871 and parameters: {'window_influence': 0.18859740509952513, 'penalty_k': 0.45319907049063257, 'scale_lr': 0.38984484155619364}. Best is trial 1270 with value: 0.3623636909959845.
checkpoint_e22 window_influence: 0.47132626056650562, penalty_k: 0.06884939548626723, scale_lr: 0.61025080464071313, EAO: 0.321
Trial 3325 finished with value: 0.32090908172993343 and parameters: {'window_influence': 0.4713262605665056, 'penalty_k': 0.06884939548626723, 'scale_lr': 0.6102508046407131}. Best is trial 1270 with value: 0.3623636909959845.
checkpoint_e22 window_influence: 0.27198442641431897, penalty_k: 0.10604792739511923, scale_lr: 0.36753557547084215, EAO: 0.302
Trial 3326 finished with value: 0.3024359986128046 and parameters: {'window_influence': 0.27198442641431897, 'penalty_k': 0.10604792739511923, 'scale_lr': 0.36753557547084215}. Best is trial 1270 with value: 0.3623636909959845.
checkpoint_e22 window_influence: 0.45957059221941460, penalty_k: 0.36912789006667224, scale_lr: 0.72454168290796694, EAO: 0.325
Trial 3327 finished with value: 0.3248887226739282 and parameters: {'window_influence': 0.4595705922194146, 'penalty_k': 0.36912789006667224, 'scale_lr': 0.7245416829079669}. Best is trial 1270 with value: 0.3623636909959845.
checkpoint_e22 window_influence: 0.33666848616515366, penalty_k: 0.18349321876266295, scale_lr: 0.69678522495642381, EAO: 0.299
