Trial 678 finished with value: 0.2548507343586317 and parameters: {'window_influence': 0.13547214363170237, 'penalty_k': 0.013347335949793968, 'scale_lr': 0.7441797795405278}. Best is trial 620 with value: 0.36708399363528893.
checkpoint_e33 window_influence: 0.57691220484057104, penalty_k: 0.23713062971932275, scale_lr: 0.77038250408753028, EAO: 0.256
Trial 679 finished with value: 0.2560718205652348 and parameters: {'window_influence': 0.576912204840571, 'penalty_k': 0.23713062971932275, 'scale_lr': 0.7703825040875303}. Best is trial 620 with value: 0.36708399363528893.
checkpoint_e33 window_influence: 0.46639723448612269, penalty_k: 0.59236446640606810, scale_lr: 0.60220310121292686, EAO: 0.307
Trial 680 finished with value: 0.30658147771070904 and parameters: {'window_influence': 0.4663972344861227, 'penalty_k': 0.5923644664060681, 'scale_lr': 0.6022031012129269}. Best is trial 620 with value: 0.36708399363528893.
checkpoint_e33 window_influence: 0.49012377545345148, penalty_k: 0.27408274181328723, scale_lr: 0.54030826669193111, EAO: 0.343
Trial 681 finished with value: 0.343080588119967 and parameters: {'window_influence': 0.4901237754534515, 'penalty_k': 0.27408274181328723, 'scale_lr': 0.5403082666919311}. Best is trial 620 with value: 0.36708399363528893.
checkpoint_e33 window_influence: 0.45174156333999510, penalty_k: 0.30853300813079265, scale_lr: 0.62713938077811726, EAO: 0.339
Trial 682 finished with value: 0.33853706937819605 and parameters: {'window_influence': 0.4517415633399951, 'penalty_k': 0.30853300813079265, 'scale_lr': 0.6271393807781173}. Best is trial 620 with value: 0.36708399363528893.
checkpoint_e33 window_influence: 0.47587339667231027, penalty_k: 0.00073360052861082, scale_lr: 0.56265730946311965, EAO: 0.317
Trial 683 finished with value: 0.3170711820227627 and parameters: {'window_influence': 0.47587339667231027, 'penalty_k': 0.0007336005286108227, 'scale_lr': 0.5626573094631196}. Best is trial 620 with value: 0.36708399363528893.
checkpoint_e33 window_influence: 0.49853148668219072, penalty_k: 0.17783360589511843, scale_lr: 0.73135461200562635, EAO: 0.327
Trial 684 finished with value: 0.3270552320123183 and parameters: {'window_influence': 0.4985314866821907, 'penalty_k': 0.17783360589511843, 'scale_lr': 0.7313546120056263}. Best is trial 620 with value: 0.36708399363528893.
checkpoint_e33 window_influence: 0.51467326378858813, penalty_k: 0.02278089850177485, scale_lr: 0.60637698385858929, EAO: 0.345
Trial 685 finished with value: 0.3447913084512555 and parameters: {'window_influence': 0.5146732637885881, 'penalty_k': 0.02278089850177485, 'scale_lr': 0.6063769838585893}. Best is trial 620 with value: 0.36708399363528893.
checkpoint_e33 window_influence: 0.48325747565038291, penalty_k: 0.56327708362942652, scale_lr: 0.75653544402714934, EAO: 0.306
Trial 686 finished with value: 0.30587517148325877 and parameters: {'window_influence': 0.4832574756503829, 'penalty_k': 0.5632770836294265, 'scale_lr': 0.7565354440271493}. Best is trial 620 with value: 0.36708399363528893.
checkpoint_e33 window_influence: 0.23499271304297423, penalty_k: 0.10212957740187811, scale_lr: 0.70532295364093178, EAO: 0.310
Trial 687 finished with value: 0.31034792345089673 and parameters: {'window_influence': 0.23499271304297423, 'penalty_k': 0.10212957740187811, 'scale_lr': 0.7053229536409318}. Best is trial 620 with value: 0.36708399363528893.
checkpoint_e33 window_influence: 0.58723625540782332, penalty_k: 0.34881438385262253, scale_lr: 0.61859713250583592, EAO: 0.255
Trial 688 finished with value: 0.254957226173887 and parameters: {'window_influence': 0.5872362554078233, 'penalty_k': 0.34881438385262253, 'scale_lr': 0.6185971325058359}. Best is trial 620 with value: 0.36708399363528893.
checkpoint_e33 window_influence: 0.11481612054296703, penalty_k: 0.25863701247446452, scale_lr: 0.57099367079668473, EAO: 0.270
Trial 689 finished with value: 0.27024950997374864 and parameters: {'window_influence': 0.11481612054296703, 'penalty_k': 0.2586370124744645, 'scale_lr': 0.5709936707966847}. Best is trial 620 with value: 0.36708399363528893.
checkpoint_e33 window_influence: 0.31512263835526244, penalty_k: 0.04804575178432417, scale_lr: 0.74362042450036947, EAO: 0.311
Trial 690 finished with value: 0.31117104028681375 and parameters: {'window_influence': 0.31512263835526244, 'penalty_k': 0.04804575178432417, 'scale_lr': 0.7436204245003695}. Best is trial 620 with value: 0.36708399363528893.
checkpoint_e33 window_influence: 0.46792203312500741, penalty_k: 0.02916848929926536, scale_lr: 0.61894070035290694, EAO: 0.348
Trial 691 finished with value: 0.3478591511685561 and parameters: {'window_influence': 0.4679220331250074, 'penalty_k': 0.02916848929926536, 'scale_lr': 0.6189407003529069}. Best is trial 620 with value: 0.36708399363528893.
checkpoint_e33 window_influence: 0.15100171530520093, penalty_k: 0.31828916101829841, scale_lr: 0.58714598744680391, EAO: 0.277
Trial 692 finished with value: 0.2773935189506887 and parameters: {'window_influence': 0.15100171530520093, 'penalty_k': 0.3182891610182984, 'scale_lr': 0.5871459874468039}. Best is trial 620 with value: 0.36708399363528893.
checkpoint_e33 window_influence: 0.60149309631770354, penalty_k: 0.14992983209991678, scale_lr: 0.64109226645737449, EAO: 0.257
Trial 693 finished with value: 0.2569851541913437 and parameters: {'window_influence': 0.6014930963177035, 'penalty_k': 0.14992983209991678, 'scale_lr': 0.6410922664573745}. Best is trial 620 with value: 0.36708399363528893.
checkpoint_e33 window_influence: 0.52489958445936979, penalty_k: 0.08714173582876855, scale_lr: 0.47541342379170110, EAO: 0.325
Trial 694 finished with value: 0.3252495041385235 and parameters: {'window_influence': 0.5248995844593698, 'penalty_k': 0.08714173582876855, 'scale_lr': 0.4754134237917011}. Best is trial 620 with value: 0.36708399363528893.
checkpoint_e33 window_influence: 0.49087420306963486, penalty_k: 0.06714859967344081, scale_lr: 0.77901824718453883, EAO: 0.336
Trial 695 finished with value: 0.33551988399910093 and parameters: {'window_influence': 0.49087420306963486, 'penalty_k': 0.0671485996734408, 'scale_lr': 0.7790182471845388}. Best is trial 620 with value: 0.36708399363528893.
checkpoint_e33 window_influence: 0.13279907599433519, penalty_k: 0.03865226725351056, scale_lr: 0.75666235492900624, EAO: 0.275
Trial 696 finished with value: 0.27546384484155634 and parameters: {'window_influence': 0.1327990759943352, 'penalty_k': 0.038652267253510564, 'scale_lr': 0.7566623549290062}. Best is trial 620 with value: 0.36708399363528893.
checkpoint_e33 window_influence: 0.45269768304916519, penalty_k: 0.33571255828723234, scale_lr: 0.58359933839904410, EAO: 0.322
Trial 697 finished with value: 0.3221697622352073 and parameters: {'window_influence': 0.4526976830491652, 'penalty_k': 0.33571255828723234, 'scale_lr': 0.5835993383990441}. Best is trial 620 with value: 0.36708399363528893.
checkpoint_e33 window_influence: 0.36886340368069004, penalty_k: 0.13969710528646370, scale_lr: 0.69240863376656114, EAO: 0.323
Trial 698 finished with value: 0.32287981543791433 and parameters: {'window_influence': 0.36886340368069004, 'penalty_k': 0.1396971052864637, 'scale_lr': 0.6924086337665611}. Best is trial 620 with value: 0.36708399363528893.
checkpoint_e33 window_influence: 0.54517496278258526, penalty_k: 0.19047725615369632, scale_lr: 0.40521776615514621, EAO: 0.303
Trial 699 finished with value: 0.3033954119635927 and parameters: {'window_influence': 0.5451749627825853, 'penalty_k': 0.19047725615369632, 'scale_lr': 0.4052177661551462}. Best is trial 620 with value: 0.36708399363528893.
checkpoint_e33 window_influence: 0.26843608761018584, penalty_k: 0.00863565903223709, scale_lr: 0.54605441579943581, EAO: 0.310
Trial 700 finished with value: 0.3104053297975184 and parameters: {'window_influence': 0.26843608761018584, 'penalty_k': 0.008635659032237092, 'scale_lr': 0.5460544157994358}. Best is trial 620 with value: 0.36708399363528893.
checkpoint_e33 window_influence: 0.62848196751798735, penalty_k: 0.15695223735294120, scale_lr: 0.70625599157957586, EAO: 0.242
Trial 701 finished with value: 0.24198935937556776 and parameters: {'window_influence': 0.6284819675179873, 'penalty_k': 0.1569522373529412, 'scale_lr': 0.7062559915795759}. Best is trial 620 with value: 0.36708399363528893.
checkpoint_e33 window_influence: 0.34920599982058581, penalty_k: 0.05107287792747535, scale_lr: 0.59187933043953200, EAO: 0.309
Trial 702 finished with value: 0.3089473506703915 and parameters: {'window_influence': 0.3492059998205858, 'penalty_k': 0.05107287792747535, 'scale_lr': 0.591879330439532}. Best is trial 620 with value: 0.36708399363528893.
checkpoint_e33 window_influence: 0.33140794598827217, penalty_k: 0.12178940672246090, scale_lr: 0.44735533235245806, EAO: 0.311
Trial 703 finished with value: 0.31144739264180227 and parameters: {'window_influence': 0.33140794598827217, 'penalty_k': 0.1217894067224609, 'scale_lr': 0.44735533235245806}. Best is trial 620 with value: 0.36708399363528893.
checkpoint_e33 window_influence: 0.47516907561837740, penalty_k: 0.07862162073358452, scale_lr: 0.52074024406169839, EAO: 0.355
Trial 704 finished with value: 0.3553524685277085 and parameters: {'window_influence': 0.4751690756183774, 'penalty_k': 0.07862162073358452, 'scale_lr': 0.5207402440616984}. Best is trial 620 with value: 0.36708399363528893.
checkpoint_e33 window_influence: 0.28997442113998151, penalty_k: 0.02282785929379073, scale_lr: 0.48603512410203076, EAO: 0.304
Trial 705 finished with value: 0.30427953966164867 and parameters: {'window_influence': 0.2899744211399815, 'penalty_k': 0.022827859293790734, 'scale_lr': 0.48603512410203076}. Best is trial 620 with value: 0.36708399363528893.
checkpoint_e33 window_influence: 0.11905504753972590, penalty_k: 0.17424170094942493, scale_lr: 0.42803982344041785, EAO: 0.254
Trial 706 finished with value: 0.254285704590931 and parameters: {'window_influence': 0.1190550475397259, 'penalty_k': 0.17424170094942493, 'scale_lr': 0.42803982344041785}. Best is trial 620 with value: 0.36708399363528893.
checkpoint_e33 window_influence: 0.50864430687200612, penalty_k: 0.40135723232267584, scale_lr: 0.63278478759428869, EAO: 0.305
Trial 707 finished with value: 0.30466242778162084 and parameters: {'window_influence': 0.5086443068720061, 'penalty_k': 0.40135723232267584, 'scale_lr': 0.6327847875942887}. Best is trial 620 with value: 0.36708399363528893.
checkpoint_e33 window_influence: 0.43418928821569858, penalty_k: 0.09401385639068630, scale_lr: 0.67358082184023094, EAO: 0.325
Trial 708 finished with value: 0.32468037649351333 and parameters: {'window_influence': 0.4341892882156986, 'penalty_k': 0.0940138563906863, 'scale_lr': 0.6735808218402309}. Best is trial 620 with value: 0.36708399363528893.
checkpoint_e33 window_influence: 0.41850931886362841, penalty_k: 0.29007112253077649, scale_lr: 0.56136728108620837, EAO: 0.335
Trial 709 finished with value: 0.33488674247311245 and parameters: {'window_influence': 0.4185093188636284, 'penalty_k': 0.2900711225307765, 'scale_lr': 0.5613672810862084}. Best is trial 620 with value: 0.36708399363528893.
checkpoint_e33 window_influence: 0.49584081436721417, penalty_k: 0.00000012798669912, scale_lr: 0.39378677519651062, EAO: 0.347
Trial 710 finished with value: 0.34696282974013093 and parameters: {'window_influence': 0.49584081436721417, 'penalty_k': 1.279866991173162e-07, 'scale_lr': 0.3937867751965106}. Best is trial 620 with value: 0.36708399363528893.
checkpoint_e33 window_influence: 0.40705313296256118, penalty_k: 0.06513403263849896, scale_lr: 0.78139105801512543, EAO: 0.336
Trial 711 finished with value: 0.3363909364210492 and parameters: {'window_influence': 0.4070531329625612, 'penalty_k': 0.06513403263849896, 'scale_lr': 0.7813910580151254}. Best is trial 620 with value: 0.36708399363528893.
checkpoint_e33 window_influence: 0.10154894069832132, penalty_k: 0.20344706276571056, scale_lr: 0.41445195846283051, EAO: 0.259
Trial 712 finished with value: 0.2587941951093043 and parameters: {'window_influence': 0.10154894069832132, 'penalty_k': 0.20344706276571056, 'scale_lr': 0.4144519584628305}. Best is trial 620 with value: 0.36708399363528893.
checkpoint_e33 window_influence: 0.20885091378888676, penalty_k: 0.56833963794571019, scale_lr: 0.45987831702507204, EAO: 0.286
Trial 713 finished with value: 0.2859208739221328 and parameters: {'window_influence': 0.20885091378888676, 'penalty_k': 0.5683396379457102, 'scale_lr': 0.45987831702507204}. Best is trial 620 with value: 0.36708399363528893.
checkpoint_e33 window_influence: 0.46385410844717384, penalty_k: 0.03755034280343374, scale_lr: 0.61664580186760232, EAO: 0.334
Trial 714 finished with value: 0.33399137390726735 and parameters: {'window_influence': 0.46385410844717384, 'penalty_k': 0.03755034280343374, 'scale_lr': 0.6166458018676023}. Best is trial 620 with value: 0.36708399363528893.
checkpoint_e33 window_influence: 0.48323591330284488, penalty_k: 0.22015372481611040, scale_lr: 0.79926799499716283, EAO: 0.340
Trial 715 finished with value: 0.33956760527558827 and parameters: {'window_influence': 0.4832359133028449, 'penalty_k': 0.2201537248161104, 'scale_lr': 0.7992679949971628}. Best is trial 620 with value: 0.36708399363528893.
checkpoint_e33 window_influence: 0.50509739380948138, penalty_k: 0.10467486780541482, scale_lr: 0.43633185311104156, EAO: 0.337
Trial 716 finished with value: 0.3368606661312311 and parameters: {'window_influence': 0.5050973938094814, 'penalty_k': 0.10467486780541482, 'scale_lr': 0.43633185311104156}. Best is trial 620 with value: 0.36708399363528893.
checkpoint_e33 window_influence: 0.44710055182772718, penalty_k: 0.01870604327470878, scale_lr: 0.66156209408451971, EAO: 0.326
Trial 717 finished with value: 0.3262751304221988 and parameters: {'window_influence': 0.4471005518277272, 'penalty_k': 0.01870604327470878, 'scale_lr': 0.6615620940845197}. Best is trial 620 with value: 0.36708399363528893.
checkpoint_e33 window_influence: 0.32423066381877930, penalty_k: 0.05346712895942436, scale_lr: 0.47047097302681917, EAO: 0.315
Trial 718 finished with value: 0.31450548797034106 and parameters: {'window_influence': 0.3242306638187793, 'penalty_k': 0.053467128959424355, 'scale_lr': 0.4704709730268192}. Best is trial 620 with value: 0.36708399363528893.
checkpoint_e33 window_influence: 0.46921962529592137, penalty_k: 0.58205837537188720, scale_lr: 0.52966017882005878, EAO: 0.306
Trial 719 finished with value: 0.30596434026376745 and parameters: {'window_influence': 0.46921962529592137, 'penalty_k': 0.5820583753718872, 'scale_lr': 0.5296601788200588}. Best is trial 620 with value: 0.36708399363528893.
checkpoint_e33 window_influence: 0.48909145086670197, penalty_k: 0.07792466893957126, scale_lr: 0.40609102863239599, EAO: 0.347
Trial 720 finished with value: 0.3468526517138871 and parameters: {'window_influence': 0.48909145086670197, 'penalty_k': 0.07792466893957126, 'scale_lr': 0.406091028632396}. Best is trial 620 with value: 0.36708399363528893.
checkpoint_e33 window_influence: 0.16419236096124609, penalty_k: 0.03107494930772032, scale_lr: 0.42488738966642847, EAO: 0.273
Trial 721 finished with value: 0.2730508259414235 and parameters: {'window_influence': 0.1641923609612461, 'penalty_k': 0.031074949307720322, 'scale_lr': 0.42488738966642847}. Best is trial 620 with value: 0.36708399363528893.
checkpoint_e33 window_influence: 0.52096326284735972, penalty_k: 0.26452049974888903, scale_lr: 0.76090109317828558, EAO: 0.290
Trial 722 finished with value: 0.28979721937893893 and parameters: {'window_influence': 0.5209632628473597, 'penalty_k': 0.264520499748889, 'scale_lr': 0.7609010931782856}. Best is trial 620 with value: 0.36708399363528893.
checkpoint_e33 window_influence: 0.21440666268335254, penalty_k: 0.18321196038746471, scale_lr: 0.49248267937474416, EAO: 0.288
Trial 723 finished with value: 0.28848607948318067 and parameters: {'window_influence': 0.21440666268335254, 'penalty_k': 0.1832119603874647, 'scale_lr': 0.49248267937474416}. Best is trial 620 with value: 0.36708399363528893.
checkpoint_e33 window_influence: 0.09461609359912154, penalty_k: 0.46975460984624801, scale_lr: 0.34671481827709416, EAO: 0.242
Trial 724 finished with value: 0.24229225348173877 and parameters: {'window_influence': 0.09461609359912154, 'penalty_k': 0.469754609846248, 'scale_lr': 0.34671481827709416}. Best is trial 620 with value: 0.36708399363528893.
checkpoint_e33 window_influence: 0.39861043407749358, penalty_k: 0.16510886195176286, scale_lr: 0.44901485966742732, EAO: 0.315
Trial 725 finished with value: 0.31520821444023445 and parameters: {'window_influence': 0.3986104340774936, 'penalty_k': 0.16510886195176286, 'scale_lr': 0.4490148596674273}. Best is trial 620 with value: 0.36708399363528893.
checkpoint_e33 window_influence: 0.47824120700195055, penalty_k: 0.12857401641779098, scale_lr: 0.51725184241672340, EAO: 0.348
Trial 726 finished with value: 0.34800390673054793 and parameters: {'window_influence': 0.47824120700195055, 'penalty_k': 0.12857401641779098, 'scale_lr': 0.5172518424167234}. Best is trial 620 with value: 0.36708399363528893.
checkpoint_e33 window_influence: 0.46010445787754711, penalty_k: 0.04288673411556010, scale_lr: 0.35762831921390731, EAO: 0.349
Trial 727 finished with value: 0.349421753029879 and parameters: {'window_influence': 0.4601044578775471, 'penalty_k': 0.0428867341155601, 'scale_lr': 0.3576283192139073}. Best is trial 620 with value: 0.36708399363528893.
checkpoint_e33 window_influence: 0.30962609379612638, penalty_k: 0.01148768906276259, scale_lr: 0.60246311408494413, EAO: 0.321
Trial 728 finished with value: 0.3209168255792981 and parameters: {'window_influence': 0.3096260937961264, 'penalty_k': 0.011487689062762589, 'scale_lr': 0.6024631140849441}. Best is trial 620 with value: 0.36708399363528893.
checkpoint_e33 window_influence: 0.50229142871951205, penalty_k: 0.32338666990117171, scale_lr: 0.41930282314452227, EAO: 0.301
Trial 729 finished with value: 0.30074165019311794 and parameters: {'window_influence': 0.502291428719512, 'penalty_k': 0.3233866699011717, 'scale_lr': 0.4193028231445223}. Best is trial 620 with value: 0.36708399363528893.
checkpoint_e33 window_influence: 0.53289816366677667, penalty_k: 0.45687748046567900, scale_lr: 0.73574885859170913, EAO: 0.287
Trial 730 finished with value: 0.28682386138791705 and parameters: {'window_influence': 0.5328981636667767, 'penalty_k': 0.456877480465679, 'scale_lr': 0.7357488585917091}. Best is trial 620 with value: 0.36708399363528893.
checkpoint_e33 window_influence: 0.06867376546665971, penalty_k: 0.08888467274847368, scale_lr: 0.38969756848372644, EAO: 0.256
Trial 731 finished with value: 0.25594587363157756 and parameters: {'window_influence': 0.06867376546665971, 'penalty_k': 0.08888467274847368, 'scale_lr': 0.38969756848372644}. Best is trial 620 with value: 0.36708399363528893.
checkpoint_e33 window_influence: 0.49159952457427325, penalty_k: 0.24564264982359407, scale_lr: 0.37868161443947645, EAO: 0.330
Trial 732 finished with value: 0.3295257420855274 and parameters: {'window_influence': 0.49159952457427325, 'penalty_k': 0.24564264982359407, 'scale_lr': 0.37868161443947645}. Best is trial 620 with value: 0.36708399363528893.
checkpoint_e33 window_influence: 0.51377407051584789, penalty_k: 0.06971882455868662, scale_lr: 0.43882770854504527, EAO: 0.354
Trial 733 finished with value: 0.3541617598747001 and parameters: {'window_influence': 0.5137740705158479, 'penalty_k': 0.06971882455868662, 'scale_lr': 0.43882770854504527}. Best is trial 620 with value: 0.36708399363528893.
checkpoint_e33 window_influence: 0.47299073117291784, penalty_k: 0.11305827545814540, scale_lr: 0.50348314816563378, EAO: 0.323
Trial 734 finished with value: 0.32348498226603645 and parameters: {'window_influence': 0.47299073117291784, 'penalty_k': 0.1130582754581454, 'scale_lr': 0.5034831481656338}. Best is trial 620 with value: 0.36708399363528893.
checkpoint_e33 window_influence: 0.55535017113788721, penalty_k: 0.03076754925734718, scale_lr: 0.56397164020361412, EAO: 0.298
Trial 735 finished with value: 0.2980465439043156 and parameters: {'window_influence': 0.5553501711378872, 'penalty_k': 0.030767549257347183, 'scale_lr': 0.5639716402036141}. Best is trial 620 with value: 0.36708399363528893.
checkpoint_e33 window_influence: 0.44166746194770462, penalty_k: 0.15670241380392558, scale_lr: 0.71154704348316666, EAO: 0.341
Trial 736 finished with value: 0.3405093040447755 and parameters: {'window_influence': 0.4416674619477046, 'penalty_k': 0.15670241380392558, 'scale_lr': 0.7115470434831667}. Best is trial 620 with value: 0.36708399363528893.
checkpoint_e33 window_influence: 0.48529067233805950, penalty_k: 0.34062788644588138, scale_lr: 0.47541325314584937, EAO: 0.315
Trial 737 finished with value: 0.31501606993870046 and parameters: {'window_influence': 0.4852906723380595, 'penalty_k': 0.3406278864458814, 'scale_lr': 0.47541325314584937}. Best is trial 620 with value: 0.36708399363528893.
checkpoint_e33 window_influence: 0.45449365741594888, penalty_k: 0.05915347801209617, scale_lr: 0.69274793283297731, EAO: 0.339
Trial 738 finished with value: 0.33914502133191327 and parameters: {'window_influence': 0.4544936574159489, 'penalty_k': 0.05915347801209617, 'scale_lr': 0.6927479328329773}. Best is trial 620 with value: 0.36708399363528893.
checkpoint_e33 window_influence: 0.50051907094302084, penalty_k: 0.13900736621338003, scale_lr: 0.63491429847935821, EAO: 0.356
Trial 739 finished with value: 0.3557101120512773 and parameters: {'window_influence': 0.5005190709430208, 'penalty_k': 0.13900736621338003, 'scale_lr': 0.6349142984793582}. Best is trial 620 with value: 0.36708399363528893.
checkpoint_e33 window_influence: 0.42358044914201404, penalty_k: 0.01882071378220266, scale_lr: 0.45998629316539758, EAO: 0.325
