Trial 496 finished with value: 0.3247183022100174 and parameters: {'window_influence': 0.37857469963197304, 'penalty_k': 0.05228343187813353, 'scale_lr': 0.2833741626078763}. Best is trial 458 with value: 0.35667828966207543.
checkpoint_e17 window_influence: 0.36246878464613541, penalty_k: 0.08527154546592888, scale_lr: 0.23861330725804986, EAO: 0.315
Trial 497 finished with value: 0.3146501620687863 and parameters: {'window_influence': 0.3624687846461354, 'penalty_k': 0.08527154546592888, 'scale_lr': 0.23861330725804986}. Best is trial 458 with value: 0.35667828966207543.
checkpoint_e17 window_influence: 0.30742554064644928, penalty_k: 0.11643962398902508, scale_lr: 0.56720482408647155, EAO: 0.327
Trial 498 finished with value: 0.3273573208759731 and parameters: {'window_influence': 0.3074255406464493, 'penalty_k': 0.11643962398902508, 'scale_lr': 0.5672048240864715}. Best is trial 458 with value: 0.35667828966207543.
checkpoint_e17 window_influence: 0.45745365397718707, penalty_k: 0.03413616955851726, scale_lr: 0.51299817823432847, EAO: 0.318
Trial 499 finished with value: 0.31776565864160367 and parameters: {'window_influence': 0.45745365397718707, 'penalty_k': 0.03413616955851726, 'scale_lr': 0.5129981782343285}. Best is trial 458 with value: 0.35667828966207543.
checkpoint_e17 window_influence: 0.13359816497120763, penalty_k: 0.18753139131596241, scale_lr: 0.11486691791893405, EAO: 0.274
Trial 500 finished with value: 0.2740634466423599 and parameters: {'window_influence': 0.13359816497120763, 'penalty_k': 0.18753139131596241, 'scale_lr': 0.11486691791893405}. Best is trial 458 with value: 0.35667828966207543.
checkpoint_e17 window_influence: 0.42840782897682850, penalty_k: 0.07236935213630809, scale_lr: 0.74798980939902393, EAO: 0.331
Trial 501 finished with value: 0.3314727523331512 and parameters: {'window_influence': 0.4284078289768285, 'penalty_k': 0.07236935213630809, 'scale_lr': 0.7479898093990239}. Best is trial 458 with value: 0.35667828966207543.
checkpoint_e17 window_influence: 0.19862843230617869, penalty_k: 0.28958826637855906, scale_lr: 0.33915934962621502, EAO: 0.288
Trial 502 finished with value: 0.2880921850872411 and parameters: {'window_influence': 0.1986284323061787, 'penalty_k': 0.28958826637855906, 'scale_lr': 0.339159349626215}. Best is trial 458 with value: 0.35667828966207543.
checkpoint_e17 window_influence: 0.33176948520876298, penalty_k: 0.58162634211950603, scale_lr: 0.16753525024109334, EAO: 0.298
Trial 503 finished with value: 0.29786351856554527 and parameters: {'window_influence': 0.331769485208763, 'penalty_k': 0.581626342119506, 'scale_lr': 0.16753525024109334}. Best is trial 458 with value: 0.35667828966207543.
checkpoint_e17 window_influence: 0.27959663504231902, penalty_k: 0.13672223515228987, scale_lr: 0.31949618748478437, EAO: 0.305
Trial 504 finished with value: 0.3047383823051527 and parameters: {'window_influence': 0.279596635042319, 'penalty_k': 0.13672223515228987, 'scale_lr': 0.31949618748478437}. Best is trial 458 with value: 0.35667828966207543.
checkpoint_e17 window_influence: 0.40334859310593979, penalty_k: 0.09349226884193305, scale_lr: 0.58518069889988955, EAO: 0.345
Trial 505 finished with value: 0.34488676471005153 and parameters: {'window_influence': 0.4033485931059398, 'penalty_k': 0.09349226884193305, 'scale_lr': 0.5851806988998896}. Best is trial 458 with value: 0.35667828966207543.
checkpoint_e17 window_influence: 0.39819084745835148, penalty_k: 0.10194752129858947, scale_lr: 0.14793362644623897, EAO: 0.312
Trial 506 finished with value: 0.3120767815683602 and parameters: {'window_influence': 0.3981908474583515, 'penalty_k': 0.10194752129858947, 'scale_lr': 0.14793362644623897}. Best is trial 458 with value: 0.35667828966207543.
checkpoint_e17 window_influence: 0.40459450975493255, penalty_k: 0.11257491624291759, scale_lr: 0.58303027049152401, EAO: 0.337
Trial 507 finished with value: 0.3373242543597166 and parameters: {'window_influence': 0.40459450975493255, 'penalty_k': 0.11257491624291759, 'scale_lr': 0.583030270491524}. Best is trial 458 with value: 0.35667828966207543.
checkpoint_e17 window_influence: 0.38827109484964567, penalty_k: 0.39272711589793374, scale_lr: 0.59323174413666813, EAO: 0.343
Trial 508 finished with value: 0.3429277919609723 and parameters: {'window_influence': 0.38827109484964567, 'penalty_k': 0.39272711589793374, 'scale_lr': 0.5932317441366681}. Best is trial 458 with value: 0.35667828966207543.
checkpoint_e17 window_influence: 0.38200419087801579, penalty_k: 0.37440500174786656, scale_lr: 0.60164151374751251, EAO: 0.345
Trial 509 finished with value: 0.3454681106114666 and parameters: {'window_influence': 0.3820041908780158, 'penalty_k': 0.37440500174786656, 'scale_lr': 0.6016415137475125}. Best is trial 458 with value: 0.35667828966207543.
checkpoint_e17 window_influence: 0.38561056101456881, penalty_k: 0.24068020361073844, scale_lr: 0.60503302755126931, EAO: 0.316
Trial 510 finished with value: 0.31568784634890723 and parameters: {'window_influence': 0.3856105610145688, 'penalty_k': 0.24068020361073844, 'scale_lr': 0.6050330275512693}. Best is trial 458 with value: 0.35667828966207543.
checkpoint_e17 window_influence: 0.38057370210388269, penalty_k: 0.40273157230630208, scale_lr: 0.61870771998687146, EAO: 0.318
Trial 511 finished with value: 0.31755191945844125 and parameters: {'window_influence': 0.3805737021038827, 'penalty_k': 0.4027315723063021, 'scale_lr': 0.6187077199868715}. Best is trial 458 with value: 0.35667828966207543.
checkpoint_e17 window_influence: 0.39244292758847377, penalty_k: 0.31034566062662006, scale_lr: 0.59597697429934726, EAO: 0.324
Trial 512 finished with value: 0.323611872379418 and parameters: {'window_influence': 0.39244292758847377, 'penalty_k': 0.31034566062662006, 'scale_lr': 0.5959769742993473}. Best is trial 458 with value: 0.35667828966207543.
checkpoint_e17 window_influence: 0.37020398078279404, penalty_k: 0.41699464892587196, scale_lr: 0.17788496993836117, EAO: 0.308
Trial 513 finished with value: 0.30841225774139747 and parameters: {'window_influence': 0.37020398078279404, 'penalty_k': 0.41699464892587196, 'scale_lr': 0.17788496993836117}. Best is trial 458 with value: 0.35667828966207543.
checkpoint_e17 window_influence: 0.39056927136730007, penalty_k: 0.43478022727608212, scale_lr: 0.59666745479698013, EAO: 0.325
Trial 514 finished with value: 0.32488057620330546 and parameters: {'window_influence': 0.3905692713673001, 'penalty_k': 0.4347802272760821, 'scale_lr': 0.5966674547969801}. Best is trial 458 with value: 0.35667828966207543.
checkpoint_e17 window_influence: 0.37869410118725050, penalty_k: 0.38721434158909906, scale_lr: 0.62225692064827354, EAO: 0.326
Trial 515 finished with value: 0.32645179940104946 and parameters: {'window_influence': 0.3786941011872505, 'penalty_k': 0.38721434158909906, 'scale_lr': 0.6222569206482735}. Best is trial 458 with value: 0.35667828966207543.
checkpoint_e17 window_influence: 0.40371838430623774, penalty_k: 0.19687754785678158, scale_lr: 0.58365501958389543, EAO: 0.330
Trial 516 finished with value: 0.3302931876034124 and parameters: {'window_influence': 0.40371838430623774, 'penalty_k': 0.19687754785678158, 'scale_lr': 0.5836550195838954}. Best is trial 458 with value: 0.35667828966207543.
checkpoint_e17 window_influence: 0.35403770055063688, penalty_k: 0.35648252925580426, scale_lr: 0.60660700165155068, EAO: 0.333
Trial 517 finished with value: 0.33324091901807007 and parameters: {'window_influence': 0.3540377005506369, 'penalty_k': 0.35648252925580426, 'scale_lr': 0.6066070016515507}. Best is trial 458 with value: 0.35667828966207543.
checkpoint_e17 window_influence: 0.39428766403541626, penalty_k: 0.37815094851932624, scale_lr: 0.63597897311642337, EAO: 0.343
Trial 518 finished with value: 0.3430053747117751 and parameters: {'window_influence': 0.39428766403541626, 'penalty_k': 0.37815094851932624, 'scale_lr': 0.6359789731164234}. Best is trial 458 with value: 0.35667828966207543.
checkpoint_e17 window_influence: 0.39472242977231509, penalty_k: 0.39307554362963998, scale_lr: 0.64039644999107870, EAO: 0.312
Trial 519 finished with value: 0.3123490432357046 and parameters: {'window_influence': 0.3947224297723151, 'penalty_k': 0.39307554362964, 'scale_lr': 0.6403964499910787}. Best is trial 458 with value: 0.35667828966207543.
checkpoint_e17 window_influence: 0.37360520668507535, penalty_k: 0.37435188121500923, scale_lr: 0.61408573515562515, EAO: 0.326
Trial 520 finished with value: 0.3257807875885574 and parameters: {'window_influence': 0.37360520668507535, 'penalty_k': 0.37435188121500923, 'scale_lr': 0.6140857351556251}. Best is trial 458 with value: 0.35667828966207543.
checkpoint_e17 window_influence: 0.38765523514830080, penalty_k: 0.29928654435117286, scale_lr: 0.63620572380482776, EAO: 0.327
Trial 521 finished with value: 0.3267758891044424 and parameters: {'window_influence': 0.3876552351483008, 'penalty_k': 0.29928654435117286, 'scale_lr': 0.6362057238048278}. Best is trial 458 with value: 0.35667828966207543.
checkpoint_e17 window_influence: 0.40424414583470153, penalty_k: 0.37727294220297580, scale_lr: 0.65021865113220023, EAO: 0.333
Trial 522 finished with value: 0.33340990154891625 and parameters: {'window_influence': 0.40424414583470153, 'penalty_k': 0.3772729422029758, 'scale_lr': 0.6502186511322002}. Best is trial 458 with value: 0.35667828966207543.
checkpoint_e17 window_influence: 0.36489443697477580, penalty_k: 0.38886048979050358, scale_lr: 0.63221794010402144, EAO: 0.348
Trial 523 finished with value: 0.34822658736418194 and parameters: {'window_influence': 0.3648944369747758, 'penalty_k': 0.3888604897905036, 'scale_lr': 0.6322179401040214}. Best is trial 458 with value: 0.35667828966207543.
checkpoint_e17 window_influence: 0.36323247698231537, penalty_k: 0.39098300030601363, scale_lr: 0.31231400172731827, EAO: 0.306
Trial 524 finished with value: 0.30617640355913556 and parameters: {'window_influence': 0.36323247698231537, 'penalty_k': 0.39098300030601363, 'scale_lr': 0.31231400172731827}. Best is trial 458 with value: 0.35667828966207543.
checkpoint_e17 window_influence: 0.36882479108742561, penalty_k: 0.36020906637575978, scale_lr: 0.62385154198758908, EAO: 0.317
Trial 525 finished with value: 0.31687589830461643 and parameters: {'window_influence': 0.3688247910874256, 'penalty_k': 0.3602090663757598, 'scale_lr': 0.6238515419875891}. Best is trial 458 with value: 0.35667828966207543.
checkpoint_e17 window_influence: 0.35185394135483877, penalty_k: 0.36040874392587613, scale_lr: 0.16861694223993670, EAO: 0.311
Trial 526 finished with value: 0.31068184850048924 and parameters: {'window_influence': 0.3518539413548388, 'penalty_k': 0.36040874392587613, 'scale_lr': 0.1686169422399367}. Best is trial 458 with value: 0.35667828966207543.
checkpoint_e17 window_influence: 0.36944585136402375, penalty_k: 0.34698574673533578, scale_lr: 0.62773398896653487, EAO: 0.328
Trial 527 finished with value: 0.3284718445882723 and parameters: {'window_influence': 0.36944585136402375, 'penalty_k': 0.3469857467353358, 'scale_lr': 0.6277339889665349}. Best is trial 458 with value: 0.35667828966207543.
checkpoint_e17 window_influence: 0.38742220274052769, penalty_k: 0.38199516757268120, scale_lr: 0.64832816486280420, EAO: 0.327
Trial 528 finished with value: 0.3267715924676754 and parameters: {'window_influence': 0.3874222027405277, 'penalty_k': 0.3819951675726812, 'scale_lr': 0.6483281648628042}. Best is trial 458 with value: 0.35667828966207543.
checkpoint_e17 window_influence: 0.37844512841472056, penalty_k: 0.40890481705394138, scale_lr: 0.63644885159721609, EAO: 0.312
Trial 529 finished with value: 0.3116917966752665 and parameters: {'window_influence': 0.37844512841472056, 'penalty_k': 0.4089048170539414, 'scale_lr': 0.6364488515972161}. Best is trial 458 with value: 0.35667828966207543.
checkpoint_e17 window_influence: 0.40054410258792622, penalty_k: 0.36999358543565214, scale_lr: 0.60901478613061333, EAO: 0.326
Trial 530 finished with value: 0.32582329770238483 and parameters: {'window_influence': 0.4005441025879262, 'penalty_k': 0.36999358543565214, 'scale_lr': 0.6090147861306133}. Best is trial 458 with value: 0.35667828966207543.
checkpoint_e17 window_influence: 0.34337420866021096, penalty_k: 0.38973123681141136, scale_lr: 0.25071289216922688, EAO: 0.308
Trial 531 finished with value: 0.3078278686401909 and parameters: {'window_influence': 0.34337420866021096, 'penalty_k': 0.38973123681141136, 'scale_lr': 0.2507128921692269}. Best is trial 458 with value: 0.35667828966207543.
checkpoint_e17 window_influence: 0.35850786958523512, penalty_k: 0.33121946717959228, scale_lr: 0.66229876102931029, EAO: 0.323
Trial 532 finished with value: 0.32258963150041114 and parameters: {'window_influence': 0.3585078695852351, 'penalty_k': 0.3312194671795923, 'scale_lr': 0.6622987610293103}. Best is trial 458 with value: 0.35667828966207543.
checkpoint_e17 window_influence: 0.38714689522531986, penalty_k: 0.40507761634501815, scale_lr: 0.62586613011475822, EAO: 0.322
Trial 533 finished with value: 0.32184769955358616 and parameters: {'window_influence': 0.38714689522531986, 'penalty_k': 0.40507761634501815, 'scale_lr': 0.6258661301147582}. Best is trial 458 with value: 0.35667828966207543.
checkpoint_e17 window_influence: 0.25043280982922250, penalty_k: 0.39823712700363828, scale_lr: 0.37757374007211875, EAO: 0.300
Trial 534 finished with value: 0.2998348603800577 and parameters: {'window_influence': 0.2504328098292225, 'penalty_k': 0.3982371270036383, 'scale_lr': 0.37757374007211875}. Best is trial 458 with value: 0.35667828966207543.
checkpoint_e17 window_influence: 0.41062646136469283, penalty_k: 0.37579822610556796, scale_lr: 0.35995438749356062, EAO: 0.320
Trial 535 finished with value: 0.3197377677789458 and parameters: {'window_influence': 0.41062646136469283, 'penalty_k': 0.37579822610556796, 'scale_lr': 0.3599543874935606}. Best is trial 458 with value: 0.35667828966207543.
checkpoint_e17 window_influence: 0.37897432772815459, penalty_k: 0.38771232161129604, scale_lr: 0.67369374123079484, EAO: 0.302
Trial 536 finished with value: 0.3023797838372479 and parameters: {'window_influence': 0.3789743277281546, 'penalty_k': 0.38771232161129604, 'scale_lr': 0.6736937412307948}. Best is trial 458 with value: 0.35667828966207543.
checkpoint_e17 window_influence: 0.39771791441970750, penalty_k: 0.35454500529923438, scale_lr: 0.59453325861568507, EAO: 0.321
Trial 537 finished with value: 0.32088855575726655 and parameters: {'window_influence': 0.3977179144197075, 'penalty_k': 0.3545450052992344, 'scale_lr': 0.5945332586156851}. Best is trial 458 with value: 0.35667828966207543.
checkpoint_e17 window_influence: 0.05055543472677582, penalty_k: 0.42383008855729115, scale_lr: 0.70162230866330799, EAO: 0.229
Trial 538 finished with value: 0.2289927110133932 and parameters: {'window_influence': 0.050555434726775816, 'penalty_k': 0.42383008855729115, 'scale_lr': 0.701622308663308}. Best is trial 458 with value: 0.35667828966207543.
checkpoint_e17 window_influence: 0.35011261348506761, penalty_k: 0.40041382370261408, scale_lr: 0.64270481372707944, EAO: 0.308
Trial 539 finished with value: 0.30847495498592287 and parameters: {'window_influence': 0.3501126134850676, 'penalty_k': 0.4004138237026141, 'scale_lr': 0.6427048137270794}. Best is trial 458 with value: 0.35667828966207543.
checkpoint_e17 window_influence: 0.36800578526898187, penalty_k: 0.41969427276931198, scale_lr: 0.20056469673766858, EAO: 0.298
Trial 540 finished with value: 0.2981525976718168 and parameters: {'window_influence': 0.36800578526898187, 'penalty_k': 0.419694272769312, 'scale_lr': 0.20056469673766858}. Best is trial 458 with value: 0.35667828966207543.
checkpoint_e17 window_influence: 0.41664518252480293, penalty_k: 0.37731534870505251, scale_lr: 0.37740689782088060, EAO: 0.331
Trial 541 finished with value: 0.33052566508374787 and parameters: {'window_influence': 0.4166451825248029, 'penalty_k': 0.3773153487050525, 'scale_lr': 0.3774068978208806}. Best is trial 458 with value: 0.35667828966207543.
checkpoint_e17 window_influence: 0.38374855532357499, penalty_k: 0.36477246736495100, scale_lr: 0.13165547526931065, EAO: 0.314
Trial 542 finished with value: 0.31378621686293456 and parameters: {'window_influence': 0.383748555323575, 'penalty_k': 0.364772467364951, 'scale_lr': 0.13165547526931065}. Best is trial 458 with value: 0.35667828966207543.
checkpoint_e17 window_influence: 0.41116442788975488, penalty_k: 0.39951240651892650, scale_lr: 0.27764834711942654, EAO: 0.303
Trial 543 finished with value: 0.30281715860394653 and parameters: {'window_influence': 0.4111644278897549, 'penalty_k': 0.3995124065189265, 'scale_lr': 0.27764834711942654}. Best is trial 458 with value: 0.35667828966207543.
checkpoint_e17 window_influence: 0.39426771421636791, penalty_k: 0.33088597072026504, scale_lr: 0.67847582389424810, EAO: 0.320
Trial 544 finished with value: 0.3195898763052684 and parameters: {'window_influence': 0.3942677142163679, 'penalty_k': 0.33088597072026504, 'scale_lr': 0.6784758238942481}. Best is trial 458 with value: 0.35667828966207543.
checkpoint_e17 window_influence: 0.36172212350031208, penalty_k: 0.38405596926741009, scale_lr: 0.22094556860881687, EAO: 0.294
Trial 545 finished with value: 0.2939649838301922 and parameters: {'window_influence': 0.3617221235003121, 'penalty_k': 0.3840559692674101, 'scale_lr': 0.22094556860881687}. Best is trial 458 with value: 0.35667828966207543.
checkpoint_e17 window_influence: 0.40333237784676695, penalty_k: 0.38889174189663350, scale_lr: 0.24277338803844917, EAO: 0.305
Trial 546 finished with value: 0.3049670755283378 and parameters: {'window_influence': 0.40333237784676695, 'penalty_k': 0.3888917418966335, 'scale_lr': 0.24277338803844917}. Best is trial 458 with value: 0.35667828966207543.
checkpoint_e17 window_influence: 0.33138446592207510, penalty_k: 0.40588250306518026, scale_lr: 0.61069555789532992, EAO: 0.301
Trial 547 finished with value: 0.3005901359978353 and parameters: {'window_influence': 0.3313844659220751, 'penalty_k': 0.40588250306518026, 'scale_lr': 0.6106955578953299}. Best is trial 458 with value: 0.35667828966207543.
checkpoint_e17 window_influence: 0.37559520728380852, penalty_k: 0.36504966921351550, scale_lr: 0.31057450624142491, EAO: 0.340
Trial 548 finished with value: 0.3397862645670598 and parameters: {'window_influence': 0.3755952072838085, 'penalty_k': 0.3650496692135155, 'scale_lr': 0.3105745062414249}. Best is trial 458 with value: 0.35667828966207543.
checkpoint_e17 window_influence: 0.33799110855462383, penalty_k: 0.25875302619925383, scale_lr: 0.21511961781440694, EAO: 0.308
Trial 549 finished with value: 0.30816525644133524 and parameters: {'window_influence': 0.33799110855462383, 'penalty_k': 0.25875302619925383, 'scale_lr': 0.21511961781440694}. Best is trial 458 with value: 0.35667828966207543.
checkpoint_e17 window_influence: 0.35151389822504425, penalty_k: 0.43317781581865700, scale_lr: 0.63075128040823314, EAO: 0.299
Trial 550 finished with value: 0.29926998466833094 and parameters: {'window_influence': 0.35151389822504425, 'penalty_k': 0.433177815818657, 'scale_lr': 0.6307512804082331}. Best is trial 458 with value: 0.35667828966207543.
checkpoint_e17 window_influence: 0.41840567615160690, penalty_k: 0.47054765759015466, scale_lr: 0.19044806196316144, EAO: 0.298
Trial 551 finished with value: 0.2981903890459454 and parameters: {'window_influence': 0.4184056761516069, 'penalty_k': 0.47054765759015466, 'scale_lr': 0.19044806196316144}. Best is trial 458 with value: 0.35667828966207543.
checkpoint_e17 window_influence: 0.38884236440017483, penalty_k: 0.52321661162931954, scale_lr: 0.39227027097944311, EAO: 0.318
Trial 552 finished with value: 0.31755397918159395 and parameters: {'window_influence': 0.38884236440017483, 'penalty_k': 0.5232166116293195, 'scale_lr': 0.3922702709794431}. Best is trial 458 with value: 0.35667828966207543.
checkpoint_e17 window_influence: 0.36508093556511734, penalty_k: 0.37470284775777485, scale_lr: 0.43303920309888011, EAO: 0.321
Trial 553 finished with value: 0.3211760067522294 and parameters: {'window_influence': 0.36508093556511734, 'penalty_k': 0.37470284775777485, 'scale_lr': 0.4330392030988801}. Best is trial 458 with value: 0.35667828966207543.
checkpoint_e17 window_influence: 0.26749881022500177, penalty_k: 0.35422025378521632, scale_lr: 0.65501221645252805, EAO: 0.297
Trial 554 finished with value: 0.29655853308128477 and parameters: {'window_influence': 0.26749881022500177, 'penalty_k': 0.3542202537852163, 'scale_lr': 0.655012216452528}. Best is trial 458 with value: 0.35667828966207543.
checkpoint_e17 window_influence: 0.37626884866376381, penalty_k: 0.41548389297214128, scale_lr: 0.59179545188900273, EAO: 0.326
Trial 555 finished with value: 0.325632686396981 and parameters: {'window_influence': 0.3762688486637638, 'penalty_k': 0.4154838929721413, 'scale_lr': 0.5917954518890027}. Best is trial 458 with value: 0.35667828966207543.
checkpoint_e17 window_influence: 0.40637368887892944, penalty_k: 0.28374653310156217, scale_lr: 0.25198235676681591, EAO: 0.316
Trial 556 finished with value: 0.3163070485633635 and parameters: {'window_influence': 0.40637368887892944, 'penalty_k': 0.28374653310156217, 'scale_lr': 0.2519823567668159}. Best is trial 458 with value: 0.35667828966207543.
checkpoint_e17 window_influence: 0.14188712192505507, penalty_k: 0.31090599317891110, scale_lr: 0.16360460895739670, EAO: 0.271
Trial 557 finished with value: 0.2712202468154959 and parameters: {'window_influence': 0.14188712192505507, 'penalty_k': 0.3109059931789111, 'scale_lr': 0.1636046089573967}. Best is trial 458 with value: 0.35667828966207543.
checkpoint_e17 window_influence: 0.10065017237379084, penalty_k: 0.41336200750043867, scale_lr: 0.40268023562917704, EAO: 0.254
