Trial 740 finished with value: 0.32532197202226065 and parameters: {'window_influence': 0.42358044914201404, 'penalty_k': 0.01882071378220266, 'scale_lr': 0.4599862931653976}. Best is trial 620 with value: 0.36708399363528893.
checkpoint_e33 window_influence: 0.47680022217053969, penalty_k: 0.23227149168117556, scale_lr: 0.53244452111803553, EAO: 0.337
Trial 741 finished with value: 0.3372451969157861 and parameters: {'window_influence': 0.4768002221705397, 'penalty_k': 0.23227149168117556, 'scale_lr': 0.5324445211180355}. Best is trial 620 with value: 0.36708399363528893.
checkpoint_e33 window_influence: 0.51194923971236828, penalty_k: 0.43910977561429065, scale_lr: 0.74541589397408226, EAO: 0.286
Trial 742 finished with value: 0.28602893737503526 and parameters: {'window_influence': 0.5119492397123683, 'penalty_k': 0.43910977561429065, 'scale_lr': 0.7454158939740823}. Best is trial 620 with value: 0.36708399363528893.
checkpoint_e33 window_influence: 0.46331391920497678, penalty_k: 0.09966171760428433, scale_lr: 0.39642321319609075, EAO: 0.331
Trial 743 finished with value: 0.33132096695992735 and parameters: {'window_influence': 0.4633139192049768, 'penalty_k': 0.09966171760428433, 'scale_lr': 0.39642321319609075}. Best is trial 620 with value: 0.36708399363528893.
checkpoint_e33 window_influence: 0.15891234612230234, penalty_k: 0.49332094544622573, scale_lr: 0.78407209114636978, EAO: 0.278
Trial 744 finished with value: 0.2776023121079582 and parameters: {'window_influence': 0.15891234612230234, 'penalty_k': 0.49332094544622573, 'scale_lr': 0.7840720911463698}. Best is trial 620 with value: 0.36708399363528893.
checkpoint_e33 window_influence: 0.56739246511259245, penalty_k: 0.05074917763868282, scale_lr: 0.57254963023757577, EAO: 0.291
Trial 745 finished with value: 0.2909888671529896 and parameters: {'window_influence': 0.5673924651125924, 'penalty_k': 0.05074917763868282, 'scale_lr': 0.5725496302375758}. Best is trial 620 with value: 0.36708399363528893.
checkpoint_e33 window_influence: 0.18546069059148657, penalty_k: 0.04203974884495380, scale_lr: 0.54823254923334119, EAO: 0.283
Trial 746 finished with value: 0.28291840619382225 and parameters: {'window_influence': 0.18546069059148657, 'penalty_k': 0.042039748844953796, 'scale_lr': 0.5482325492333412}. Best is trial 620 with value: 0.36708399363528893.
checkpoint_e33 window_influence: 0.49372480796844148, penalty_k: 0.08406951718101320, scale_lr: 0.67651810963895864, EAO: 0.319
Trial 747 finished with value: 0.3194430143452804 and parameters: {'window_influence': 0.4937248079684415, 'penalty_k': 0.0840695171810132, 'scale_lr': 0.6765181096389586}. Best is trial 620 with value: 0.36708399363528893.
checkpoint_e33 window_influence: 0.52688863274829900, penalty_k: 0.37427798094882697, scale_lr: 0.48726106641301492, EAO: 0.307
Trial 748 finished with value: 0.3067107011603938 and parameters: {'window_influence': 0.526888632748299, 'penalty_k': 0.37427798094882697, 'scale_lr': 0.4872610664130149}. Best is trial 620 with value: 0.36708399363528893.
checkpoint_e33 window_influence: 0.27277637327697646, penalty_k: 0.19733849251317606, scale_lr: 0.64685065009437981, EAO: 0.310
Trial 749 finished with value: 0.3100628784426455 and parameters: {'window_influence': 0.27277637327697646, 'penalty_k': 0.19733849251317606, 'scale_lr': 0.6468506500943798}. Best is trial 620 with value: 0.36708399363528893.
checkpoint_e33 window_influence: 0.48377183863061463, penalty_k: 0.06890677943460144, scale_lr: 0.33483912950871886, EAO: 0.336
Trial 750 finished with value: 0.3361193253604355 and parameters: {'window_influence': 0.4837718386306146, 'penalty_k': 0.06890677943460144, 'scale_lr': 0.33483912950871886}. Best is trial 620 with value: 0.36708399363528893.
checkpoint_e33 window_influence: 0.54261314397012450, penalty_k: 0.01061246291557820, scale_lr: 0.43599530426602834, EAO: 0.330
Trial 751 finished with value: 0.32979986558628455 and parameters: {'window_influence': 0.5426131439701245, 'penalty_k': 0.010612462915578198, 'scale_lr': 0.43599530426602834}. Best is trial 620 with value: 0.36708399363528893.
checkpoint_e33 window_influence: 0.43607672347488402, penalty_k: 0.02692197021846673, scale_lr: 0.41282105030217497, EAO: 0.319
Trial 752 finished with value: 0.3193073088904763 and parameters: {'window_influence': 0.436076723474884, 'penalty_k': 0.026921970218466734, 'scale_lr': 0.412821050302175}. Best is trial 620 with value: 0.36708399363528893.
checkpoint_e33 window_influence: 0.14537747498897152, penalty_k: 0.50056963983281777, scale_lr: 0.36153474847319905, EAO: 0.250
Trial 753 finished with value: 0.25023533641596246 and parameters: {'window_influence': 0.14537747498897152, 'penalty_k': 0.5005696398328178, 'scale_lr': 0.36153474847319905}. Best is trial 620 with value: 0.36708399363528893.
checkpoint_e33 window_influence: 0.46967461617874823, penalty_k: 0.52488598117498253, scale_lr: 0.44957051979378926, EAO: 0.327
Trial 754 finished with value: 0.3268529092639337 and parameters: {'window_influence': 0.4696746161787482, 'penalty_k': 0.5248859811749825, 'scale_lr': 0.44957051979378926}. Best is trial 620 with value: 0.36708399363528893.
checkpoint_e33 window_influence: 0.50332644153452921, penalty_k: 0.30316294634162588, scale_lr: 0.76970458070730807, EAO: 0.313
Trial 755 finished with value: 0.31300936569731524 and parameters: {'window_influence': 0.5033264415345292, 'penalty_k': 0.3031629463416259, 'scale_lr': 0.7697045807073081}. Best is trial 620 with value: 0.36708399363528893.
checkpoint_e33 window_influence: 0.24728996490380162, penalty_k: 0.48195416523506862, scale_lr: 0.42278984197956360, EAO: 0.281
Trial 756 finished with value: 0.2813584587685329 and parameters: {'window_influence': 0.24728996490380162, 'penalty_k': 0.4819541652350686, 'scale_lr': 0.4227898419795636}. Best is trial 620 with value: 0.36708399363528893.
checkpoint_e33 window_influence: 0.45828731156735208, penalty_k: 0.40393486713730931, scale_lr: 0.46649438291104400, EAO: 0.349
Trial 757 finished with value: 0.3487311048498413 and parameters: {'window_influence': 0.4582873115673521, 'penalty_k': 0.4039348671373093, 'scale_lr': 0.466494382911044}. Best is trial 620 with value: 0.36708399363528893.
checkpoint_e33 window_influence: 0.62105591394037496, penalty_k: 0.57140714602622034, scale_lr: 0.40238424498044800, EAO: 0.237
Trial 758 finished with value: 0.23716168627432813 and parameters: {'window_influence': 0.621055913940375, 'penalty_k': 0.5714071460262203, 'scale_lr': 0.402384244980448}. Best is trial 620 with value: 0.36708399363528893.
checkpoint_e33 window_influence: 0.49373702459613783, penalty_k: 0.18644809124898970, scale_lr: 0.62817609434147514, EAO: 0.330
Trial 759 finished with value: 0.33030100810388646 and parameters: {'window_influence': 0.49373702459613783, 'penalty_k': 0.1864480912489897, 'scale_lr': 0.6281760943414751}. Best is trial 620 with value: 0.36708399363528893.
checkpoint_e33 window_influence: 0.34324298895300331, penalty_k: 0.49803475177882794, scale_lr: 0.13741087584293105, EAO: 0.301
Trial 760 finished with value: 0.3008592515488079 and parameters: {'window_influence': 0.3432429889530033, 'penalty_k': 0.49803475177882794, 'scale_lr': 0.13741087584293105}. Best is trial 620 with value: 0.36708399363528893.
checkpoint_e33 window_influence: 0.47719717094310088, penalty_k: 0.20780057361091897, scale_lr: 0.61345656468306586, EAO: 0.323
Trial 761 finished with value: 0.3231792901624502 and parameters: {'window_influence': 0.4771971709431009, 'penalty_k': 0.20780057361091897, 'scale_lr': 0.6134565646830659}. Best is trial 620 with value: 0.36708399363528893.
checkpoint_e33 window_influence: 0.51823232087722770, penalty_k: 0.11269479770335192, scale_lr: 0.28188819504626239, EAO: 0.310
Trial 762 finished with value: 0.30951155293080596 and parameters: {'window_influence': 0.5182323208772277, 'penalty_k': 0.11269479770335192, 'scale_lr': 0.2818881950462624}. Best is trial 620 with value: 0.36708399363528893.
checkpoint_e33 window_influence: 0.45189001822850328, penalty_k: 0.17288455218633234, scale_lr: 0.66029330146597276, EAO: 0.340
Trial 763 finished with value: 0.33974163796651224 and parameters: {'window_influence': 0.4518900182285033, 'penalty_k': 0.17288455218633234, 'scale_lr': 0.6602933014659728}. Best is trial 620 with value: 0.36708399363528893.
checkpoint_e33 window_influence: 0.37737845958581528, penalty_k: 0.55628571068864197, scale_lr: 0.31049459329562823, EAO: 0.308
Trial 764 finished with value: 0.3083897411591348 and parameters: {'window_influence': 0.3773784595858153, 'penalty_k': 0.556285710688642, 'scale_lr': 0.31049459329562823}. Best is trial 620 with value: 0.36708399363528893.
checkpoint_e33 window_influence: 0.48521078605043122, penalty_k: 0.07397736035204702, scale_lr: 0.50357072777410949, EAO: 0.337
Trial 765 finished with value: 0.3369706019121385 and parameters: {'window_influence': 0.4852107860504312, 'penalty_k': 0.07397736035204702, 'scale_lr': 0.5035707277741095}. Best is trial 620 with value: 0.36708399363528893.
checkpoint_e33 window_influence: 0.37776816140017011, penalty_k: 0.25395185802267256, scale_lr: 0.59588545089899170, EAO: 0.313
Trial 766 finished with value: 0.31250443184885995 and parameters: {'window_influence': 0.3777681614001701, 'penalty_k': 0.25395185802267256, 'scale_lr': 0.5958854508989917}. Best is trial 620 with value: 0.36708399363528893.
checkpoint_e33 window_influence: 0.17957514997265281, penalty_k: 0.05433647291835049, scale_lr: 0.43514943216817981, EAO: 0.270
Trial 767 finished with value: 0.2696498906681974 and parameters: {'window_influence': 0.1795751499726528, 'penalty_k': 0.05433647291835049, 'scale_lr': 0.4351494321681798}. Best is trial 620 with value: 0.36708399363528893.
checkpoint_e33 window_influence: 0.50833721997425907, penalty_k: 0.03215264878422670, scale_lr: 0.57161698527474969, EAO: 0.342
Trial 768 finished with value: 0.341500684329044 and parameters: {'window_influence': 0.5083372199742591, 'penalty_k': 0.0321526487842267, 'scale_lr': 0.5716169852747497}. Best is trial 620 with value: 0.36708399363528893.
checkpoint_e33 window_influence: 0.46839476084001008, penalty_k: 0.40792634044715392, scale_lr: 0.68610493270021966, EAO: 0.294
Trial 769 finished with value: 0.2939348125736073 and parameters: {'window_influence': 0.4683947608400101, 'penalty_k': 0.4079263404471539, 'scale_lr': 0.6861049327002197}. Best is trial 620 with value: 0.36708399363528893.
checkpoint_e33 window_influence: 0.49772625631049833, penalty_k: 0.42102841251665241, scale_lr: 0.38046089514271569, EAO: 0.314
Trial 770 finished with value: 0.31394556698168297 and parameters: {'window_influence': 0.4977262563104983, 'penalty_k': 0.4210284125166524, 'scale_lr': 0.3804608951427157}. Best is trial 620 with value: 0.36708399363528893.
checkpoint_e33 window_influence: 0.39555232676203916, penalty_k: 0.08994246548970228, scale_lr: 0.48875648275605116, EAO: 0.306
Trial 771 finished with value: 0.3064178344920451 and parameters: {'window_influence': 0.39555232676203916, 'penalty_k': 0.08994246548970228, 'scale_lr': 0.48875648275605116}. Best is trial 620 with value: 0.36708399363528893.
checkpoint_e33 window_influence: 0.53084805149436998, penalty_k: 0.12997335680827193, scale_lr: 0.71305301352792028, EAO: 0.306
Trial 772 finished with value: 0.30558597809609733 and parameters: {'window_influence': 0.53084805149437, 'penalty_k': 0.12997335680827193, 'scale_lr': 0.7130530135279203}. Best is trial 620 with value: 0.36708399363528893.
checkpoint_e33 window_influence: 0.44290982046098298, penalty_k: 0.53969787718845152, scale_lr: 0.11655684203207359, EAO: 0.303
Trial 773 finished with value: 0.3027314814496133 and parameters: {'window_influence': 0.442909820460983, 'penalty_k': 0.5396978771884515, 'scale_lr': 0.11655684203207359}. Best is trial 620 with value: 0.36708399363528893.
checkpoint_e33 window_influence: 0.58394383978588327, penalty_k: 0.02178642529625893, scale_lr: 0.52403106933980981, EAO: 0.287
Trial 774 finished with value: 0.286727793833625 and parameters: {'window_influence': 0.5839438397858833, 'penalty_k': 0.021786425296258925, 'scale_lr': 0.5240310693398098}. Best is trial 620 with value: 0.36708399363528893.
checkpoint_e33 window_influence: 0.48090472077897156, penalty_k: 0.35168366002922458, scale_lr: 0.75423730775045372, EAO: 0.312
Trial 775 finished with value: 0.3121062574567498 and parameters: {'window_influence': 0.48090472077897156, 'penalty_k': 0.3516836600292246, 'scale_lr': 0.7542373077504537}. Best is trial 620 with value: 0.36708399363528893.
checkpoint_e33 window_influence: 0.25547845472917619, penalty_k: 0.00116893098903564, scale_lr: 0.45195351539419826, EAO: 0.293
Trial 776 finished with value: 0.2927989215238549 and parameters: {'window_influence': 0.2554784547291762, 'penalty_k': 0.0011689309890356436, 'scale_lr': 0.45195351539419826}. Best is trial 620 with value: 0.36708399363528893.
checkpoint_e33 window_influence: 0.49396059251883484, penalty_k: 0.14382797056141378, scale_lr: 0.41637149185132849, EAO: 0.331
Trial 777 finished with value: 0.33134938480789095 and parameters: {'window_influence': 0.49396059251883484, 'penalty_k': 0.14382797056141378, 'scale_lr': 0.4163714918513285}. Best is trial 620 with value: 0.36708399363528893.
checkpoint_e33 window_influence: 0.23531026888426715, penalty_k: 0.06185434878822214, scale_lr: 0.32085165541942662, EAO: 0.305
Trial 778 finished with value: 0.30547533088621 and parameters: {'window_influence': 0.23531026888426715, 'penalty_k': 0.061854348788222144, 'scale_lr': 0.3208516554194266}. Best is trial 620 with value: 0.36708399363528893.
checkpoint_e33 window_influence: 0.42992604054512606, penalty_k: 0.04128519973680415, scale_lr: 0.47114570110665926, EAO: 0.332
Trial 779 finished with value: 0.3324171384716776 and parameters: {'window_influence': 0.42992604054512606, 'penalty_k': 0.041285199736804154, 'scale_lr': 0.47114570110665926}. Best is trial 620 with value: 0.36708399363528893.
checkpoint_e33 window_influence: 0.51664955353362529, penalty_k: 0.10188838984058667, scale_lr: 0.21779964134849958, EAO: 0.316
Trial 780 finished with value: 0.3160931779948654 and parameters: {'window_influence': 0.5166495535336253, 'penalty_k': 0.10188838984058667, 'scale_lr': 0.21779964134849958}. Best is trial 620 with value: 0.36708399363528893.
checkpoint_e33 window_influence: 0.46396397409802753, penalty_k: 0.07844193954696523, scale_lr: 0.64919129866971415, EAO: 0.346
Trial 781 finished with value: 0.3456998966083452 and parameters: {'window_influence': 0.46396397409802753, 'penalty_k': 0.07844193954696523, 'scale_lr': 0.6491912986697141}. Best is trial 620 with value: 0.36708399363528893.
checkpoint_e33 window_influence: 0.50590809578301921, penalty_k: 0.01213819502612476, scale_lr: 0.42735175815972143, EAO: 0.334
Trial 782 finished with value: 0.33398823967703584 and parameters: {'window_influence': 0.5059080957830192, 'penalty_k': 0.012138195026124758, 'scale_lr': 0.42735175815972143}. Best is trial 620 with value: 0.36708399363528893.
checkpoint_e33 window_influence: 0.47743038557916101, penalty_k: 0.15423991337381932, scale_lr: 0.29733237485561925, EAO: 0.346
Trial 783 finished with value: 0.3459956954425411 and parameters: {'window_influence': 0.477430385579161, 'penalty_k': 0.15423991337381932, 'scale_lr': 0.29733237485561925}. Best is trial 620 with value: 0.36708399363528893.
checkpoint_e33 window_influence: 0.41400287167945071, penalty_k: 0.16830211414841806, scale_lr: 0.58698160745241368, EAO: 0.330
Trial 784 finished with value: 0.3300132525338273 and parameters: {'window_influence': 0.4140028716794507, 'penalty_k': 0.16830211414841806, 'scale_lr': 0.5869816074524137}. Best is trial 620 with value: 0.36708399363528893.
checkpoint_e33 window_influence: 0.61532202797842639, penalty_k: 0.04689260410229541, scale_lr: 0.40361784317841704, EAO: 0.257
Trial 785 finished with value: 0.257126665242915 and parameters: {'window_influence': 0.6153220279784264, 'penalty_k': 0.04689260410229541, 'scale_lr': 0.40361784317841704}. Best is trial 620 with value: 0.36708399363528893.
checkpoint_e33 window_influence: 0.07531598376942261, penalty_k: 0.37819368909757473, scale_lr: 0.34081623982438491, EAO: 0.249
Trial 786 finished with value: 0.24903869240432397 and parameters: {'window_influence': 0.07531598376942261, 'penalty_k': 0.3781936890975747, 'scale_lr': 0.3408162398243849}. Best is trial 620 with value: 0.36708399363528893.
checkpoint_e33 window_influence: 0.45276138154419066, penalty_k: 0.22281032348104177, scale_lr: 0.23389781792208020, EAO: 0.343
Trial 787 finished with value: 0.3432113607106042 and parameters: {'window_influence': 0.45276138154419066, 'penalty_k': 0.22281032348104177, 'scale_lr': 0.2338978179220802}. Best is trial 620 with value: 0.36708399363528893.
checkpoint_e33 window_influence: 0.48756488355002353, penalty_k: 0.57869402507747825, scale_lr: 0.60978221818439082, EAO: 0.294
Trial 788 finished with value: 0.29425672740324 and parameters: {'window_influence': 0.48756488355002353, 'penalty_k': 0.5786940250774782, 'scale_lr': 0.6097822181843908}. Best is trial 620 with value: 0.36708399363528893.
checkpoint_e33 window_influence: 0.63168928080236386, penalty_k: 0.27705525264417319, scale_lr: 0.54418163604270520, EAO: 0.238
Trial 789 finished with value: 0.23839356550214819 and parameters: {'window_influence': 0.6316892808023639, 'penalty_k': 0.2770552526441732, 'scale_lr': 0.5441816360427052}. Best is trial 620 with value: 0.36708399363528893.
checkpoint_e33 window_influence: 0.47177705046002000, penalty_k: 0.11866610717320730, scale_lr: 0.78639358996244602, EAO: 0.334
Trial 790 finished with value: 0.3338798422525829 and parameters: {'window_influence': 0.47177705046002, 'penalty_k': 0.1186661071732073, 'scale_lr': 0.786393589962446}. Best is trial 620 with value: 0.36708399363528893.
checkpoint_e33 window_influence: 0.49845577849170952, penalty_k: 0.06167197343105769, scale_lr: 0.48272609054314403, EAO: 0.348
Trial 791 finished with value: 0.34761293586126096 and parameters: {'window_influence': 0.4984557784917095, 'penalty_k': 0.061671973431057694, 'scale_lr': 0.482726090543144}. Best is trial 620 with value: 0.36708399363528893.
checkpoint_e33 window_influence: 0.63649999101101407, penalty_k: 0.01974403114658703, scale_lr: 0.72893509322682104, EAO: 0.242
Trial 792 finished with value: 0.24164019884534382 and parameters: {'window_influence': 0.6364999910110141, 'penalty_k': 0.019744031146587026, 'scale_lr': 0.728935093226821}. Best is trial 620 with value: 0.36708399363528893.
checkpoint_e33 window_influence: 0.11579175398525829, penalty_k: 0.03352156715209560, scale_lr: 0.44336737138263094, EAO: 0.257
Trial 793 finished with value: 0.2569082495883281 and parameters: {'window_influence': 0.11579175398525829, 'penalty_k': 0.0335215671520956, 'scale_lr': 0.44336737138263094}. Best is trial 620 with value: 0.36708399363528893.
checkpoint_e33 window_influence: 0.35998808038555896, penalty_k: 0.54128937553466372, scale_lr: 0.51894974902002089, EAO: 0.322
Trial 794 finished with value: 0.3223360827344865 and parameters: {'window_influence': 0.35998808038555896, 'penalty_k': 0.5412893755346637, 'scale_lr': 0.5189497490200209}. Best is trial 620 with value: 0.36708399363528893.
checkpoint_e33 window_influence: 0.46073914699186369, penalty_k: 0.09202599496367658, scale_lr: 0.38552361175140870, EAO: 0.343
Trial 795 finished with value: 0.3427624950613029 and parameters: {'window_influence': 0.4607391469918637, 'penalty_k': 0.09202599496367658, 'scale_lr': 0.3855236117514087}. Best is trial 620 with value: 0.36708399363528893.
checkpoint_e33 window_influence: 0.48615537461871244, penalty_k: 0.08054924162774622, scale_lr: 0.37130817978004887, EAO: 0.357
Trial 796 finished with value: 0.35662559614107303 and parameters: {'window_influence': 0.48615537461871244, 'penalty_k': 0.08054924162774622, 'scale_lr': 0.3713081797800489}. Best is trial 620 with value: 0.36708399363528893.
checkpoint_e33 window_influence: 0.64854659213822063, penalty_k: 0.19254627313652309, scale_lr: 0.26254819724013351, EAO: 0.234
Trial 797 finished with value: 0.2344478972922967 and parameters: {'window_influence': 0.6485465921382206, 'penalty_k': 0.1925462731365231, 'scale_lr': 0.2625481972401335}. Best is trial 620 with value: 0.36708399363528893.
checkpoint_e33 window_influence: 0.51228516287259840, penalty_k: 0.50457674297066513, scale_lr: 0.46020936871320717, EAO: 0.303
Trial 798 finished with value: 0.30268796669601933 and parameters: {'window_influence': 0.5122851628725984, 'penalty_k': 0.5045767429706651, 'scale_lr': 0.46020936871320717}. Best is trial 620 with value: 0.36708399363528893.
checkpoint_e33 window_influence: 0.54082160318567896, penalty_k: 0.05118094385954569, scale_lr: 0.50229392359534464, EAO: 0.310
Trial 799 finished with value: 0.30981433368378575 and parameters: {'window_influence': 0.540821603185679, 'penalty_k': 0.05118094385954569, 'scale_lr': 0.5022939235953446}. Best is trial 620 with value: 0.36708399363528893.
checkpoint_e33 window_influence: 0.22669920111251890, penalty_k: 0.07185443977600131, scale_lr: 0.40895845674855980, EAO: 0.302
Trial 800 finished with value: 0.3020856761398946 and parameters: {'window_influence': 0.2266992011125189, 'penalty_k': 0.07185443977600131, 'scale_lr': 0.4089584567485598}. Best is trial 620 with value: 0.36708399363528893.
checkpoint_e33 window_influence: 0.30167652162240066, penalty_k: 0.21467096942160499, scale_lr: 0.55774577723418162, EAO: 0.302
Trial 801 finished with value: 0.3019349659115424 and parameters: {'window_influence': 0.30167652162240066, 'penalty_k': 0.214670969421605, 'scale_lr': 0.5577457772341816}. Best is trial 620 with value: 0.36708399363528893.
checkpoint_e33 window_influence: 0.47468441631583930, penalty_k: 0.18045922963170599, scale_lr: 0.79932010195942560, EAO: 0.343
