Trial 310 finished with value: 0.32222021107311843 and parameters: {'window_influence': 0.4299120256139213, 'penalty_k': 0.07134532096058527, 'scale_lr': 0.3997623947539917}. Best is trial 97 with value: 0.3587390516054769.
checkpoint_e22 window_influence: 0.47254170871954460, penalty_k: 0.06634269243803784, scale_lr: 0.26504151706953089, EAO: 0.318
Trial 311 finished with value: 0.3178822554734894 and parameters: {'window_influence': 0.4725417087195446, 'penalty_k': 0.06634269243803784, 'scale_lr': 0.2650415170695309}. Best is trial 97 with value: 0.3587390516054769.
checkpoint_e22 window_influence: 0.44940837082862095, penalty_k: 0.59206933481191371, scale_lr: 0.38111171360279600, EAO: 0.312
Trial 312 finished with value: 0.31245848478510224 and parameters: {'window_influence': 0.44940837082862095, 'penalty_k': 0.5920693348119137, 'scale_lr': 0.381111713602796}. Best is trial 97 with value: 0.3587390516054769.
checkpoint_e22 window_influence: 0.33318812130894987, penalty_k: 0.12578321952315502, scale_lr: 0.16354816448303205, EAO: 0.270
Trial 313 finished with value: 0.27013862973753117 and parameters: {'window_influence': 0.33318812130894987, 'penalty_k': 0.12578321952315502, 'scale_lr': 0.16354816448303205}. Best is trial 97 with value: 0.3587390516054769.
checkpoint_e22 window_influence: 0.45937510331540388, penalty_k: 0.19292970415719435, scale_lr: 0.32443530346027960, EAO: 0.323
Trial 314 finished with value: 0.3227470073602543 and parameters: {'window_influence': 0.4593751033154039, 'penalty_k': 0.19292970415719435, 'scale_lr': 0.3244353034602796}. Best is trial 97 with value: 0.3587390516054769.
checkpoint_e22 window_influence: 0.47715147565608712, penalty_k: 0.08333269893429257, scale_lr: 0.37474620902098327, EAO: 0.327
Trial 315 finished with value: 0.32668118857224165 and parameters: {'window_influence': 0.4771514756560871, 'penalty_k': 0.08333269893429257, 'scale_lr': 0.37474620902098327}. Best is trial 97 with value: 0.3587390516054769.
checkpoint_e22 window_influence: 0.30133570764042439, penalty_k: 0.10711302712663014, scale_lr: 0.28801303350633312, EAO: 0.300
Trial 316 finished with value: 0.29988955309186927 and parameters: {'window_influence': 0.3013357076404244, 'penalty_k': 0.10711302712663014, 'scale_lr': 0.2880130335063331}. Best is trial 97 with value: 0.3587390516054769.
checkpoint_e22 window_influence: 0.49479773318220688, penalty_k: 0.05179704389808318, scale_lr: 0.34163817030703952, EAO: 0.306
Trial 317 finished with value: 0.30590874664050594 and parameters: {'window_influence': 0.4947977331822069, 'penalty_k': 0.05179704389808318, 'scale_lr': 0.3416381703070395}. Best is trial 97 with value: 0.3587390516054769.
checkpoint_e22 window_influence: 0.51995361250071470, penalty_k: 0.15734851782945658, scale_lr: 0.19359694183521287, EAO: 0.306
Trial 318 finished with value: 0.30636019407543225 and parameters: {'window_influence': 0.5199536125007147, 'penalty_k': 0.15734851782945658, 'scale_lr': 0.19359694183521287}. Best is trial 97 with value: 0.3587390516054769.
checkpoint_e22 window_influence: 0.44111531694443884, penalty_k: 0.07953373242018134, scale_lr: 0.30312399928153722, EAO: 0.313
Trial 319 finished with value: 0.3132147698550837 and parameters: {'window_influence': 0.44111531694443884, 'penalty_k': 0.07953373242018134, 'scale_lr': 0.3031239992815372}. Best is trial 97 with value: 0.3587390516054769.
checkpoint_e22 window_influence: 0.46456165885611178, penalty_k: 0.20739442985265077, scale_lr: 0.13386656183119475, EAO: 0.324
Trial 320 finished with value: 0.3242137782884479 and parameters: {'window_influence': 0.4645616588561118, 'penalty_k': 0.20739442985265077, 'scale_lr': 0.13386656183119475}. Best is trial 97 with value: 0.3587390516054769.
checkpoint_e22 window_influence: 0.37541844320449685, penalty_k: 0.12231084673992668, scale_lr: 0.11135981047860022, EAO: 0.298
Trial 321 finished with value: 0.2976149143180031 and parameters: {'window_influence': 0.37541844320449685, 'penalty_k': 0.12231084673992668, 'scale_lr': 0.11135981047860022}. Best is trial 97 with value: 0.3587390516054769.
checkpoint_e22 window_influence: 0.48525678654127047, penalty_k: 0.09790733995966444, scale_lr: 0.10058589027422084, EAO: 0.334
Trial 322 finished with value: 0.33386796156256116 and parameters: {'window_influence': 0.48525678654127047, 'penalty_k': 0.09790733995966444, 'scale_lr': 0.10058589027422084}. Best is trial 97 with value: 0.3587390516054769.
checkpoint_e22 window_influence: 0.42444704581034698, penalty_k: 0.14262674762940733, scale_lr: 0.38916891446472829, EAO: 0.303
Trial 323 finished with value: 0.30319052215680076 and parameters: {'window_influence': 0.424447045810347, 'penalty_k': 0.14262674762940733, 'scale_lr': 0.3891689144647283}. Best is trial 97 with value: 0.3587390516054769.
checkpoint_e22 window_influence: 0.45215901867857033, penalty_k: 0.11289933785192854, scale_lr: 0.16881120893383533, EAO: 0.323
Trial 324 finished with value: 0.3225196174378525 and parameters: {'window_influence': 0.45215901867857033, 'penalty_k': 0.11289933785192854, 'scale_lr': 0.16881120893383533}. Best is trial 97 with value: 0.3587390516054769.
checkpoint_e22 window_influence: 0.38715263820194074, penalty_k: 0.08695330586154308, scale_lr: 0.16245995644393557, EAO: 0.308
Trial 325 finished with value: 0.3079396762272727 and parameters: {'window_influence': 0.38715263820194074, 'penalty_k': 0.08695330586154308, 'scale_lr': 0.16245995644393557}. Best is trial 97 with value: 0.3587390516054769.
checkpoint_e22 window_influence: 0.50434079661206332, penalty_k: 0.50050485746295825, scale_lr: 0.21432015562415363, EAO: 0.272
Trial 326 finished with value: 0.2720779567840962 and parameters: {'window_influence': 0.5043407966120633, 'penalty_k': 0.5005048574629583, 'scale_lr': 0.21432015562415363}. Best is trial 97 with value: 0.3587390516054769.
checkpoint_e22 window_influence: 0.47465455937979978, penalty_k: 0.06970749838658469, scale_lr: 0.43745197857102347, EAO: 0.329
Trial 327 finished with value: 0.3293830671199101 and parameters: {'window_influence': 0.4746545593797998, 'penalty_k': 0.06970749838658469, 'scale_lr': 0.43745197857102347}. Best is trial 97 with value: 0.3587390516054769.
checkpoint_e22 window_influence: 0.46315635525992849, penalty_k: 0.18447872414052380, scale_lr: 0.11588441140519051, EAO: 0.314
Trial 328 finished with value: 0.31435598421421496 and parameters: {'window_influence': 0.4631563552599285, 'penalty_k': 0.1844787241405238, 'scale_lr': 0.11588441140519051}. Best is trial 97 with value: 0.3587390516054769.
checkpoint_e22 window_influence: 0.41686167004786390, penalty_k: 0.17020928193598209, scale_lr: 0.36117484512714054, EAO: 0.304
Trial 329 finished with value: 0.30360201250486335 and parameters: {'window_influence': 0.4168616700478639, 'penalty_k': 0.1702092819359821, 'scale_lr': 0.36117484512714054}. Best is trial 97 with value: 0.3587390516054769.
checkpoint_e22 window_influence: 0.49005888460334462, penalty_k: 0.24164718684023667, scale_lr: 0.32390275175766536, EAO: 0.321
Trial 330 finished with value: 0.32097946924922066 and parameters: {'window_influence': 0.4900588846033446, 'penalty_k': 0.24164718684023667, 'scale_lr': 0.32390275175766536}. Best is trial 97 with value: 0.3587390516054769.
checkpoint_e22 window_influence: 0.44106114034273813, penalty_k: 0.13273914569221995, scale_lr: 0.27164788318344690, EAO: 0.300
Trial 331 finished with value: 0.3001944472005859 and parameters: {'window_influence': 0.44106114034273813, 'penalty_k': 0.13273914569221995, 'scale_lr': 0.2716478831834469}. Best is trial 97 with value: 0.3587390516054769.
checkpoint_e22 window_influence: 0.47292869133046772, penalty_k: 0.10036817683814463, scale_lr: 0.34631015795893105, EAO: 0.325
Trial 332 finished with value: 0.32545438530612086 and parameters: {'window_influence': 0.4729286913304677, 'penalty_k': 0.10036817683814463, 'scale_lr': 0.34631015795893105}. Best is trial 97 with value: 0.3587390516054769.
checkpoint_e22 window_influence: 0.45497342206097380, penalty_k: 0.03376213919261083, scale_lr: 0.40608919152599854, EAO: 0.317
Trial 333 finished with value: 0.3168389681248349 and parameters: {'window_influence': 0.4549734220609738, 'penalty_k': 0.03376213919261083, 'scale_lr': 0.40608919152599854}. Best is trial 97 with value: 0.3587390516054769.
checkpoint_e22 window_influence: 0.50961320854837144, penalty_k: 0.04571836246319434, scale_lr: 0.36992733940181516, EAO: 0.307
Trial 334 finished with value: 0.30673096418844586 and parameters: {'window_influence': 0.5096132085483714, 'penalty_k': 0.045718362463194336, 'scale_lr': 0.36992733940181516}. Best is trial 97 with value: 0.3587390516054769.
checkpoint_e22 window_influence: 0.54834724026252046, penalty_k: 0.11607086688925941, scale_lr: 0.47400285281572985, EAO: 0.308
Trial 335 finished with value: 0.3081254351463763 and parameters: {'window_influence': 0.5483472402625205, 'penalty_k': 0.11607086688925941, 'scale_lr': 0.47400285281572985}. Best is trial 97 with value: 0.3587390516054769.
checkpoint_e22 window_influence: 0.48298928687912329, penalty_k: 0.29281239036235318, scale_lr: 0.29978899334791892, EAO: 0.305
Trial 336 finished with value: 0.30477598205150797 and parameters: {'window_influence': 0.4829892868791233, 'penalty_k': 0.2928123903623532, 'scale_lr': 0.2997889933479189}. Best is trial 97 with value: 0.3587390516054769.
checkpoint_e22 window_influence: 0.46399900567552216, penalty_k: 0.08955559937818428, scale_lr: 0.24906205126403305, EAO: 0.316
Trial 337 finished with value: 0.3159945619941222 and parameters: {'window_influence': 0.46399900567552216, 'penalty_k': 0.08955559937818428, 'scale_lr': 0.24906205126403305}. Best is trial 97 with value: 0.3587390516054769.
checkpoint_e22 window_influence: 0.44987621778900677, penalty_k: 0.10713316849315882, scale_lr: 0.31717897578648779, EAO: 0.318
Trial 338 finished with value: 0.3182842736114324 and parameters: {'window_influence': 0.44987621778900677, 'penalty_k': 0.10713316849315882, 'scale_lr': 0.3171789757864878}. Best is trial 97 with value: 0.3587390516054769.
checkpoint_e22 window_influence: 0.49820858845000215, penalty_k: 0.02191342038082728, scale_lr: 0.22582125455401375, EAO: 0.316
Trial 339 finished with value: 0.3157764043557505 and parameters: {'window_influence': 0.49820858845000215, 'penalty_k': 0.021913420380827275, 'scale_lr': 0.22582125455401375}. Best is trial 97 with value: 0.3587390516054769.
checkpoint_e22 window_influence: 0.43531281936743055, penalty_k: 0.12646915969604830, scale_lr: 0.33663306450621178, EAO: 0.309
Trial 340 finished with value: 0.30855570872702026 and parameters: {'window_influence': 0.43531281936743055, 'penalty_k': 0.1264691596960483, 'scale_lr': 0.3366330645062118}. Best is trial 97 with value: 0.3587390516054769.
checkpoint_e22 window_influence: 0.47107915032551007, penalty_k: 0.00643130574776686, scale_lr: 0.13993929322520748, EAO: 0.311
Trial 341 finished with value: 0.3112036483181126 and parameters: {'window_influence': 0.47107915032551007, 'penalty_k': 0.006431305747766861, 'scale_lr': 0.13993929322520748}. Best is trial 97 with value: 0.3587390516054769.
checkpoint_e22 window_influence: 0.25770451769381242, penalty_k: 0.05929087976307020, scale_lr: 0.35049346823120420, EAO: 0.284
Trial 342 finished with value: 0.2844363129208524 and parameters: {'window_influence': 0.2577045176938124, 'penalty_k': 0.0592908797630702, 'scale_lr': 0.3504934682312042}. Best is trial 97 with value: 0.3587390516054769.
checkpoint_e22 window_influence: 0.48447634143900159, penalty_k: 0.07363411258245359, scale_lr: 0.20073863355035404, EAO: 0.334
Trial 343 finished with value: 0.33365473081629565 and parameters: {'window_influence': 0.4844763414390016, 'penalty_k': 0.07363411258245359, 'scale_lr': 0.20073863355035404}. Best is trial 97 with value: 0.3587390516054769.
checkpoint_e22 window_influence: 0.46063236113230477, penalty_k: 0.09792885675694356, scale_lr: 0.28254245901640601, EAO: 0.341
Trial 344 finished with value: 0.3410977664392746 and parameters: {'window_influence': 0.46063236113230477, 'penalty_k': 0.09792885675694356, 'scale_lr': 0.282542459016406}. Best is trial 97 with value: 0.3587390516054769.
checkpoint_e22 window_influence: 0.39922408515450919, penalty_k: 0.08541665942420350, scale_lr: 0.28224958605638067, EAO: 0.332
Trial 345 finished with value: 0.3316083717438961 and parameters: {'window_influence': 0.3992240851545092, 'penalty_k': 0.0854166594242035, 'scale_lr': 0.2822495860563807}. Best is trial 97 with value: 0.3587390516054769.
checkpoint_e22 window_influence: 0.45579741038183674, penalty_k: 0.53211537122225416, scale_lr: 0.54151274057613452, EAO: 0.305
Trial 346 finished with value: 0.3052328392457405 and parameters: {'window_influence': 0.45579741038183674, 'penalty_k': 0.5321153712222542, 'scale_lr': 0.5415127405761345}. Best is trial 97 with value: 0.3587390516054769.
checkpoint_e22 window_influence: 0.44214671063271943, penalty_k: 0.11285205985007177, scale_lr: 0.26184372087526175, EAO: 0.342
Trial 347 finished with value: 0.34215403426482055 and parameters: {'window_influence': 0.44214671063271943, 'penalty_k': 0.11285205985007177, 'scale_lr': 0.26184372087526175}. Best is trial 97 with value: 0.3587390516054769.
checkpoint_e22 window_influence: 0.43135985280018130, penalty_k: 0.13539315347934999, scale_lr: 0.27309213238746011, EAO: 0.312
Trial 348 finished with value: 0.31228428736966873 and parameters: {'window_influence': 0.4313598528001813, 'penalty_k': 0.13539315347935, 'scale_lr': 0.2730921323874601}. Best is trial 97 with value: 0.3587390516054769.
checkpoint_e22 window_influence: 0.44310284134018357, penalty_k: 0.12009898836372004, scale_lr: 0.25831910680692560, EAO: 0.333
Trial 349 finished with value: 0.3326963236127846 and parameters: {'window_influence': 0.4431028413401836, 'penalty_k': 0.12009898836372004, 'scale_lr': 0.2583191068069256}. Best is trial 97 with value: 0.3587390516054769.
checkpoint_e22 window_influence: 0.44450144914554490, penalty_k: 0.10798176206025056, scale_lr: 0.12065296152905827, EAO: 0.310
Trial 350 finished with value: 0.31043139563924144 and parameters: {'window_influence': 0.4445014491455449, 'penalty_k': 0.10798176206025056, 'scale_lr': 0.12065296152905827}. Best is trial 97 with value: 0.3587390516054769.
checkpoint_e22 window_influence: 0.41445884431251268, penalty_k: 0.15066785179656861, scale_lr: 0.28983684730968984, EAO: 0.325
Trial 351 finished with value: 0.3248839701312061 and parameters: {'window_influence': 0.4144588443125127, 'penalty_k': 0.1506678517965686, 'scale_lr': 0.28983684730968984}. Best is trial 97 with value: 0.3587390516054769.
checkpoint_e22 window_influence: 0.36137962795313205, penalty_k: 0.09983540662584017, scale_lr: 0.26837593321586262, EAO: 0.313
Trial 352 finished with value: 0.31318359877116947 and parameters: {'window_influence': 0.36137962795313205, 'penalty_k': 0.09983540662584017, 'scale_lr': 0.2683759332158626}. Best is trial 97 with value: 0.3587390516054769.
checkpoint_e22 window_influence: 0.45701817149130869, penalty_k: 0.11606375927147872, scale_lr: 0.28665801756431741, EAO: 0.313
Trial 353 finished with value: 0.31261928565075425 and parameters: {'window_influence': 0.4570181714913087, 'penalty_k': 0.11606375927147872, 'scale_lr': 0.2866580175643174}. Best is trial 97 with value: 0.3587390516054769.
checkpoint_e22 window_influence: 0.42436006456762820, penalty_k: 0.19877364984674784, scale_lr: 0.30273996616187415, EAO: 0.312
Trial 354 finished with value: 0.3115800486928294 and parameters: {'window_influence': 0.4243600645676282, 'penalty_k': 0.19877364984674784, 'scale_lr': 0.30273996616187415}. Best is trial 97 with value: 0.3587390516054769.
checkpoint_e22 window_influence: 0.05368226263181941, penalty_k: 0.13859247593164253, scale_lr: 0.24074229402815039, EAO: 0.235
Trial 355 finished with value: 0.23477552790586123 and parameters: {'window_influence': 0.05368226263181941, 'penalty_k': 0.13859247593164253, 'scale_lr': 0.2407422940281504}. Best is trial 97 with value: 0.3587390516054769.
checkpoint_e22 window_influence: 0.64551868521081102, penalty_k: 0.34853762124749366, scale_lr: 0.31359095906967444, EAO: 0.226
Trial 356 finished with value: 0.2255527705881846 and parameters: {'window_influence': 0.645518685210811, 'penalty_k': 0.34853762124749366, 'scale_lr': 0.31359095906967444}. Best is trial 97 with value: 0.3587390516054769.
checkpoint_e22 window_influence: 0.52513930939484721, penalty_k: 0.12518283925498194, scale_lr: 0.25837477929633046, EAO: 0.316
Trial 357 finished with value: 0.3156394184447448 and parameters: {'window_influence': 0.5251393093948472, 'penalty_k': 0.12518283925498194, 'scale_lr': 0.25837477929633046}. Best is trial 97 with value: 0.3587390516054769.
checkpoint_e22 window_influence: 0.46107223990656321, penalty_k: 0.09729364506671771, scale_lr: 0.28151245435514199, EAO: 0.344
Trial 358 finished with value: 0.3441292906781579 and parameters: {'window_influence': 0.4610722399065632, 'penalty_k': 0.09729364506671771, 'scale_lr': 0.281512454355142}. Best is trial 97 with value: 0.3587390516054769.
checkpoint_e22 window_influence: 0.44795126287006215, penalty_k: 0.09086062334645389, scale_lr: 0.28683503441433106, EAO: 0.322
Trial 359 finished with value: 0.3221625057175929 and parameters: {'window_influence': 0.44795126287006215, 'penalty_k': 0.0908606233464539, 'scale_lr': 0.28683503441433106}. Best is trial 97 with value: 0.3587390516054769.
checkpoint_e22 window_influence: 0.43628520387629327, penalty_k: 0.09901303109816051, scale_lr: 0.27572075098980253, EAO: 0.304
Trial 360 finished with value: 0.3036813655368085 and parameters: {'window_influence': 0.43628520387629327, 'penalty_k': 0.09901303109816051, 'scale_lr': 0.27572075098980253}. Best is trial 97 with value: 0.3587390516054769.
checkpoint_e22 window_influence: 0.45995873407594001, penalty_k: 0.08252840772126324, scale_lr: 0.25632878860796388, EAO: 0.342
Trial 361 finished with value: 0.3424002851725552 and parameters: {'window_influence': 0.45995873407594, 'penalty_k': 0.08252840772126324, 'scale_lr': 0.2563287886079639}. Best is trial 97 with value: 0.3587390516054769.
checkpoint_e22 window_influence: 0.45831472751554919, penalty_k: 0.08345926791539368, scale_lr: 0.26166899784872150, EAO: 0.325
Trial 362 finished with value: 0.32520924566552795 and parameters: {'window_influence': 0.4583147275155492, 'penalty_k': 0.08345926791539368, 'scale_lr': 0.2616689978487215}. Best is trial 97 with value: 0.3587390516054769.
checkpoint_e22 window_influence: 0.31974700814035517, penalty_k: 0.07814639208242050, scale_lr: 0.24689681111562900, EAO: 0.306
Trial 363 finished with value: 0.30601979890686065 and parameters: {'window_influence': 0.31974700814035517, 'penalty_k': 0.0781463920824205, 'scale_lr': 0.246896811115629}. Best is trial 97 with value: 0.3587390516054769.
checkpoint_e22 window_influence: 0.46332163544852806, penalty_k: 0.37239894431528264, scale_lr: 0.23257413307999941, EAO: 0.311
Trial 364 finished with value: 0.3113918080056224 and parameters: {'window_influence': 0.46332163544852806, 'penalty_k': 0.37239894431528264, 'scale_lr': 0.2325741330799994}. Best is trial 97 with value: 0.3587390516054769.
checkpoint_e22 window_influence: 0.44833258792149511, penalty_k: 0.09411449007209370, scale_lr: 0.16259766979072626, EAO: 0.315
Trial 365 finished with value: 0.3151606222766847 and parameters: {'window_influence': 0.4483325879214951, 'penalty_k': 0.0941144900720937, 'scale_lr': 0.16259766979072626}. Best is trial 97 with value: 0.3587390516054769.
checkpoint_e22 window_influence: 0.56568360960803798, penalty_k: 0.11076874236033397, scale_lr: 0.27693635420425755, EAO: 0.283
Trial 366 finished with value: 0.2831674275579156 and parameters: {'window_influence': 0.565683609608038, 'penalty_k': 0.11076874236033397, 'scale_lr': 0.27693635420425755}. Best is trial 97 with value: 0.3587390516054769.
checkpoint_e22 window_influence: 0.42895994690862405, penalty_k: 0.30697159187001322, scale_lr: 0.29737436096758757, EAO: 0.308
Trial 367 finished with value: 0.30776786357744196 and parameters: {'window_influence': 0.42895994690862405, 'penalty_k': 0.3069715918700132, 'scale_lr': 0.29737436096758757}. Best is trial 97 with value: 0.3587390516054769.
checkpoint_e22 window_influence: 0.46553622500016456, penalty_k: 0.39466902978206986, scale_lr: 0.25245255464187932, EAO: 0.316
Trial 368 finished with value: 0.31615418445043525 and parameters: {'window_influence': 0.46553622500016456, 'penalty_k': 0.39466902978206986, 'scale_lr': 0.2524525546418793}. Best is trial 97 with value: 0.3587390516054769.
checkpoint_e22 window_influence: 0.43900776059206248, penalty_k: 0.17325344899134601, scale_lr: 0.20837286128931881, EAO: 0.324
Trial 369 finished with value: 0.323772506665163 and parameters: {'window_influence': 0.4390077605920625, 'penalty_k': 0.173253448991346, 'scale_lr': 0.2083728612893188}. Best is trial 97 with value: 0.3587390516054769.
checkpoint_e22 window_influence: 0.49195428340008268, penalty_k: 0.33140794491871484, scale_lr: 0.27370599754818820, EAO: 0.309
Trial 370 finished with value: 0.3090026330507219 and parameters: {'window_influence': 0.4919542834000827, 'penalty_k': 0.33140794491871484, 'scale_lr': 0.2737059975481882}. Best is trial 97 with value: 0.3587390516054769.
checkpoint_e22 window_influence: 0.45426377830452402, penalty_k: 0.08104131133717390, scale_lr: 0.29593653117562962, EAO: 0.319
Trial 371 finished with value: 0.3186667475718932 and parameters: {'window_influence': 0.454263778304524, 'penalty_k': 0.0810413113371739, 'scale_lr': 0.2959365311756296}. Best is trial 97 with value: 0.3587390516054769.
checkpoint_e22 window_influence: 0.47458900237482798, penalty_k: 0.06086157661993967, scale_lr: 0.30840283226335635, EAO: 0.313
