Trial 2098 finished with value: 0.2608614438702624 and parameters: {'window_influence': 0.5404090808159393, 'penalty_k': 0.5389309901385311, 'scale_lr': 0.5201677410142473}. Best is trial 1270 with value: 0.3623636909959845.
checkpoint_e22 window_influence: 0.57161450457888630, penalty_k: 0.12815194765548266, scale_lr: 0.36826390082317828, EAO: 0.272
Trial 2099 finished with value: 0.2720048858381895 and parameters: {'window_influence': 0.5716145045788863, 'penalty_k': 0.12815194765548266, 'scale_lr': 0.3682639008231783}. Best is trial 1270 with value: 0.3623636909959845.
checkpoint_e22 window_influence: 0.46240180316142565, penalty_k: 0.11457593082862323, scale_lr: 0.35334090293265291, EAO: 0.336
Trial 2100 finished with value: 0.33632533895830236 and parameters: {'window_influence': 0.46240180316142565, 'penalty_k': 0.11457593082862323, 'scale_lr': 0.3533409029326529}. Best is trial 1270 with value: 0.3623636909959845.
checkpoint_e22 window_influence: 0.21616218313980215, penalty_k: 0.00994804149496126, scale_lr: 0.13748844707604502, EAO: 0.290
Trial 2101 finished with value: 0.2895881490136863 and parameters: {'window_influence': 0.21616218313980215, 'penalty_k': 0.009948041494961264, 'scale_lr': 0.13748844707604502}. Best is trial 1270 with value: 0.3623636909959845.
checkpoint_e22 window_influence: 0.35145562370546185, penalty_k: 0.15756054028441724, scale_lr: 0.53717709777717182, EAO: 0.299
Trial 2102 finished with value: 0.29915386374590464 and parameters: {'window_influence': 0.35145562370546185, 'penalty_k': 0.15756054028441724, 'scale_lr': 0.5371770977771718}. Best is trial 1270 with value: 0.3623636909959845.
checkpoint_e22 window_influence: 0.31171479025953197, penalty_k: 0.22288091218727904, scale_lr: 0.57859313496743170, EAO: 0.308
Trial 2103 finished with value: 0.30755241963186153 and parameters: {'window_influence': 0.31171479025953197, 'penalty_k': 0.22288091218727904, 'scale_lr': 0.5785931349674317}. Best is trial 1270 with value: 0.3623636909959845.
checkpoint_e22 window_influence: 0.48273642241769565, penalty_k: 0.02435986201408510, scale_lr: 0.60181539414852625, EAO: 0.355
Trial 2104 finished with value: 0.35538017111993486 and parameters: {'window_influence': 0.48273642241769565, 'penalty_k': 0.024359862014085097, 'scale_lr': 0.6018153941485263}. Best is trial 1270 with value: 0.3623636909959845.
checkpoint_e22 window_influence: 0.51189803306185910, penalty_k: 0.04522225019957127, scale_lr: 0.70084536769475436, EAO: 0.311
Trial 2105 finished with value: 0.3109429087272414 and parameters: {'window_influence': 0.5118980330618591, 'penalty_k': 0.04522225019957127, 'scale_lr': 0.7008453676947544}. Best is trial 1270 with value: 0.3623636909959845.
checkpoint_e22 window_influence: 0.49512682614745224, penalty_k: 0.06312039962154625, scale_lr: 0.75255999507622096, EAO: 0.303
Trial 2106 finished with value: 0.30266176251121996 and parameters: {'window_influence': 0.49512682614745224, 'penalty_k': 0.06312039962154625, 'scale_lr': 0.752559995076221}. Best is trial 1270 with value: 0.3623636909959845.
checkpoint_e22 window_influence: 0.12766024801729350, penalty_k: 0.07913749324146307, scale_lr: 0.68233132719849954, EAO: 0.269
Trial 2107 finished with value: 0.26884414133858586 and parameters: {'window_influence': 0.1276602480172935, 'penalty_k': 0.07913749324146307, 'scale_lr': 0.6823313271984995}. Best is trial 1270 with value: 0.3623636909959845.
checkpoint_e22 window_influence: 0.20765419202409907, penalty_k: 0.03144785371478784, scale_lr: 0.70499770883599466, EAO: 0.279
Trial 2108 finished with value: 0.2791877565796737 and parameters: {'window_influence': 0.20765419202409907, 'penalty_k': 0.03144785371478784, 'scale_lr': 0.7049977088359947}. Best is trial 1270 with value: 0.3623636909959845.
checkpoint_e22 window_influence: 0.51863134201980110, penalty_k: 0.32614744452996780, scale_lr: 0.72658059636090544, EAO: 0.293
Trial 2109 finished with value: 0.29336941033485797 and parameters: {'window_influence': 0.5186313420198011, 'penalty_k': 0.3261474445299678, 'scale_lr': 0.7265805963609054}. Best is trial 1270 with value: 0.3623636909959845.
checkpoint_e22 window_influence: 0.49012356693889964, penalty_k: 0.13853360752734012, scale_lr: 0.65794859232954761, EAO: 0.304
Trial 2110 finished with value: 0.3035910611370658 and parameters: {'window_influence': 0.49012356693889964, 'penalty_k': 0.13853360752734012, 'scale_lr': 0.6579485923295476}. Best is trial 1270 with value: 0.3623636909959845.
checkpoint_e22 window_influence: 0.50438503686297576, penalty_k: 0.36077913180114263, scale_lr: 0.67360025450863659, EAO: 0.294
Trial 2111 finished with value: 0.29358384279889355 and parameters: {'window_influence': 0.5043850368629758, 'penalty_k': 0.3607791318011426, 'scale_lr': 0.6736002545086366}. Best is trial 1270 with value: 0.3623636909959845.
checkpoint_e22 window_influence: 0.48359210683970871, penalty_k: 0.09899535587066491, scale_lr: 0.74567314605209356, EAO: 0.312
Trial 2112 finished with value: 0.3117590232929831 and parameters: {'window_influence': 0.4835921068397087, 'penalty_k': 0.09899535587066491, 'scale_lr': 0.7456731460520936}. Best is trial 1270 with value: 0.3623636909959845.
checkpoint_e22 window_influence: 0.49782952540257558, penalty_k: 0.48899994163563043, scale_lr: 0.61801681769790662, EAO: 0.291
Trial 2113 finished with value: 0.290784015903677 and parameters: {'window_influence': 0.4978295254025756, 'penalty_k': 0.48899994163563043, 'scale_lr': 0.6180168176979066}. Best is trial 1270 with value: 0.3623636909959845.
checkpoint_e22 window_influence: 0.48238936602918669, penalty_k: 0.34012935683741635, scale_lr: 0.69152844762435817, EAO: 0.308
Trial 2114 finished with value: 0.30792487624322396 and parameters: {'window_influence': 0.4823893660291867, 'penalty_k': 0.34012935683741635, 'scale_lr': 0.6915284476243582}. Best is trial 1270 with value: 0.3623636909959845.
checkpoint_e22 window_influence: 0.58050002150814506, penalty_k: 0.11661043856670723, scale_lr: 0.39755093191244240, EAO: 0.269
Trial 2115 finished with value: 0.2692406963745444 and parameters: {'window_influence': 0.5805000215081451, 'penalty_k': 0.11661043856670723, 'scale_lr': 0.3975509319124424}. Best is trial 1270 with value: 0.3623636909959845.
checkpoint_e22 window_influence: 0.50968336372793288, penalty_k: 0.04993438826275652, scale_lr: 0.67300739998399428, EAO: 0.340
Trial 2116 finished with value: 0.3403129215834206 and parameters: {'window_influence': 0.5096833637279329, 'penalty_k': 0.04993438826275652, 'scale_lr': 0.6730073999839943}. Best is trial 1270 with value: 0.3623636909959845.
checkpoint_e22 window_influence: 0.41270300835605866, penalty_k: 0.02367518339311358, scale_lr: 0.60968841913265881, EAO: 0.338
Trial 2117 finished with value: 0.338112732431768 and parameters: {'window_influence': 0.41270300835605866, 'penalty_k': 0.023675183393113575, 'scale_lr': 0.6096884191326588}. Best is trial 1270 with value: 0.3623636909959845.
checkpoint_e22 window_influence: 0.52271831476058872, penalty_k: 0.10552393439741944, scale_lr: 0.59985855826678081, EAO: 0.303
Trial 2118 finished with value: 0.30267351164196254 and parameters: {'window_influence': 0.5227183147605887, 'penalty_k': 0.10552393439741944, 'scale_lr': 0.5998585582667808}. Best is trial 1270 with value: 0.3623636909959845.
checkpoint_e22 window_influence: 0.49436757365474054, penalty_k: 0.14591850256165723, scale_lr: 0.63369153677753909, EAO: 0.339
Trial 2119 finished with value: 0.3385044402417506 and parameters: {'window_influence': 0.49436757365474054, 'penalty_k': 0.14591850256165723, 'scale_lr': 0.6336915367775391}. Best is trial 1270 with value: 0.3623636909959845.
checkpoint_e22 window_influence: 0.47794165690550799, penalty_k: 0.09133082269391395, scale_lr: 0.43757709703121228, EAO: 0.311
Trial 2120 finished with value: 0.31131162178423616 and parameters: {'window_influence': 0.477941656905508, 'penalty_k': 0.09133082269391395, 'scale_lr': 0.4375770970312123}. Best is trial 1270 with value: 0.3623636909959845.
checkpoint_e22 window_influence: 0.48634236815123821, penalty_k: 0.41785689219118521, scale_lr: 0.71462735893959395, EAO: 0.305
Trial 2121 finished with value: 0.3045874780138179 and parameters: {'window_influence': 0.4863423681512382, 'penalty_k': 0.4178568921911852, 'scale_lr': 0.714627358939594}. Best is trial 1270 with value: 0.3623636909959845.
checkpoint_e22 window_influence: 0.14567141114906496, penalty_k: 0.28366990095370281, scale_lr: 0.64217875085389631, EAO: 0.257
Trial 2122 finished with value: 0.2569633984960007 and parameters: {'window_influence': 0.14567141114906496, 'penalty_k': 0.2836699009537028, 'scale_lr': 0.6421787508538963}. Best is trial 1270 with value: 0.3623636909959845.
checkpoint_e22 window_influence: 0.46713321646517936, penalty_k: 0.12306209161511469, scale_lr: 0.65785070846156057, EAO: 0.360
Trial 2123 finished with value: 0.3596121595759336 and parameters: {'window_influence': 0.46713321646517936, 'penalty_k': 0.1230620916151147, 'scale_lr': 0.6578507084615606}. Best is trial 1270 with value: 0.3623636909959845.
checkpoint_e22 window_influence: 0.45422078424681078, penalty_k: 0.10928947348912210, scale_lr: 0.64308814677352344, EAO: 0.322
Trial 2124 finished with value: 0.3220379502161004 and parameters: {'window_influence': 0.4542207842468108, 'penalty_k': 0.1092894734891221, 'scale_lr': 0.6430881467735234}. Best is trial 1270 with value: 0.3623636909959845.
checkpoint_e22 window_influence: 0.44025457550410152, penalty_k: 0.12078271059336661, scale_lr: 0.62289532906026190, EAO: 0.317
Trial 2125 finished with value: 0.31748956998498523 and parameters: {'window_influence': 0.4402545755041015, 'penalty_k': 0.12078271059336661, 'scale_lr': 0.6228953290602619}. Best is trial 1270 with value: 0.3623636909959845.
checkpoint_e22 window_influence: 0.30220767079448763, penalty_k: 0.10008591826152187, scale_lr: 0.66477553850110649, EAO: 0.302
Trial 2126 finished with value: 0.3024913761982194 and parameters: {'window_influence': 0.3022076707944876, 'penalty_k': 0.10008591826152187, 'scale_lr': 0.6647755385011065}. Best is trial 1270 with value: 0.3623636909959845.
checkpoint_e22 window_influence: 0.45837455512377151, penalty_k: 0.07880361226906288, scale_lr: 0.62005071304842485, EAO: 0.335
Trial 2127 finished with value: 0.3354596460839654 and parameters: {'window_influence': 0.4583745551237715, 'penalty_k': 0.07880361226906288, 'scale_lr': 0.6200507130484249}. Best is trial 1270 with value: 0.3623636909959845.
checkpoint_e22 window_influence: 0.44710413861026532, penalty_k: 0.08952286576174828, scale_lr: 0.63238366092483100, EAO: 0.333
Trial 2128 finished with value: 0.33304354049816204 and parameters: {'window_influence': 0.4471041386102653, 'penalty_k': 0.08952286576174828, 'scale_lr': 0.632383660924831}. Best is trial 1270 with value: 0.3623636909959845.
checkpoint_e22 window_influence: 0.16876697754888056, penalty_k: 0.12445311503690200, scale_lr: 0.65206023274489366, EAO: 0.272
Trial 2129 finished with value: 0.2724428992674972 and parameters: {'window_influence': 0.16876697754888056, 'penalty_k': 0.124453115036902, 'scale_lr': 0.6520602327448937}. Best is trial 1270 with value: 0.3623636909959845.
checkpoint_e22 window_influence: 0.42668256844602870, penalty_k: 0.11015802853491174, scale_lr: 0.60545305450376996, EAO: 0.319
Trial 2130 finished with value: 0.31925496586565844 and parameters: {'window_influence': 0.4266825684460287, 'penalty_k': 0.11015802853491174, 'scale_lr': 0.60545305450377}. Best is trial 1270 with value: 0.3623636909959845.
checkpoint_e22 window_influence: 0.46870724654157359, penalty_k: 0.06955366501619671, scale_lr: 0.65222892087060169, EAO: 0.315
Trial 2131 finished with value: 0.31463735118682284 and parameters: {'window_influence': 0.4687072465415736, 'penalty_k': 0.06955366501619671, 'scale_lr': 0.6522289208706017}. Best is trial 1270 with value: 0.3623636909959845.
checkpoint_e22 window_influence: 0.46165843472592627, penalty_k: 0.09896546022381167, scale_lr: 0.63404169348040607, EAO: 0.325
Trial 2132 finished with value: 0.3252096627820791 and parameters: {'window_influence': 0.46165843472592627, 'penalty_k': 0.09896546022381167, 'scale_lr': 0.6340416934804061}. Best is trial 1270 with value: 0.3623636909959845.
checkpoint_e22 window_influence: 0.05076575170865916, penalty_k: 0.11925334787395658, scale_lr: 0.73349356251458009, EAO: 0.239
Trial 2133 finished with value: 0.23878709450074206 and parameters: {'window_influence': 0.05076575170865916, 'penalty_k': 0.11925334787395658, 'scale_lr': 0.7334935625145801}. Best is trial 1270 with value: 0.3623636909959845.
checkpoint_e22 window_influence: 0.21317833466380048, penalty_k: 0.07907979364562902, scale_lr: 0.37779097406997375, EAO: 0.272
Trial 2134 finished with value: 0.2717007518046561 and parameters: {'window_influence': 0.21317833466380048, 'penalty_k': 0.07907979364562902, 'scale_lr': 0.37779097406997375}. Best is trial 1270 with value: 0.3623636909959845.
checkpoint_e22 window_influence: 0.43843054252713237, penalty_k: 0.39379526954558292, scale_lr: 0.61273971427432183, EAO: 0.316
Trial 2135 finished with value: 0.3155444539242681 and parameters: {'window_influence': 0.43843054252713237, 'penalty_k': 0.3937952695455829, 'scale_lr': 0.6127397142743218}. Best is trial 1270 with value: 0.3623636909959845.
checkpoint_e22 window_influence: 0.47374122003888824, penalty_k: 0.13294531055193240, scale_lr: 0.68641562139060874, EAO: 0.355
Trial 2136 finished with value: 0.35497539748477563 and parameters: {'window_influence': 0.47374122003888824, 'penalty_k': 0.1329453105519324, 'scale_lr': 0.6864156213906087}. Best is trial 1270 with value: 0.3623636909959845.
checkpoint_e22 window_influence: 0.47426486177676480, penalty_k: 0.13607976783989273, scale_lr: 0.15072107088191905, EAO: 0.321
Trial 2137 finished with value: 0.3213919380295601 and parameters: {'window_influence': 0.4742648617767648, 'penalty_k': 0.13607976783989273, 'scale_lr': 0.15072107088191905}. Best is trial 1270 with value: 0.3623636909959845.
checkpoint_e22 window_influence: 0.38634030911566986, penalty_k: 0.12957764440705702, scale_lr: 0.70248120457894458, EAO: 0.312
Trial 2138 finished with value: 0.3124838363567679 and parameters: {'window_influence': 0.38634030911566986, 'penalty_k': 0.12957764440705702, 'scale_lr': 0.7024812045789446}. Best is trial 1270 with value: 0.3623636909959845.
checkpoint_e22 window_influence: 0.47186550557274121, penalty_k: 0.13200748031482989, scale_lr: 0.67912221812686602, EAO: 0.323
Trial 2139 finished with value: 0.32325083115917236 and parameters: {'window_influence': 0.4718655055727412, 'penalty_k': 0.1320074803148299, 'scale_lr': 0.679122218126866}. Best is trial 1270 with value: 0.3623636909959845.
checkpoint_e22 window_influence: 0.28386392366210128, penalty_k: 0.03589209360434910, scale_lr: 0.68377902799987456, EAO: 0.296
Trial 2140 finished with value: 0.2955860844613977 and parameters: {'window_influence': 0.2838639236621013, 'penalty_k': 0.0358920936043491, 'scale_lr': 0.6837790279998746}. Best is trial 1270 with value: 0.3623636909959845.
checkpoint_e22 window_influence: 0.47383557783326957, penalty_k: 0.43259522348359175, scale_lr: 0.64274385473362972, EAO: 0.312
Trial 2141 finished with value: 0.3115190927388603 and parameters: {'window_influence': 0.4738355778332696, 'penalty_k': 0.43259522348359175, 'scale_lr': 0.6427438547336297}. Best is trial 1270 with value: 0.3623636909959845.
checkpoint_e22 window_influence: 0.48178091885864427, penalty_k: 0.02097706440215149, scale_lr: 0.66962040666259903, EAO: 0.320
Trial 2142 finished with value: 0.3203325200289604 and parameters: {'window_influence': 0.48178091885864427, 'penalty_k': 0.02097706440215149, 'scale_lr': 0.669620406662599}. Best is trial 1270 with value: 0.3623636909959845.
checkpoint_e22 window_influence: 0.45831516701034347, penalty_k: 0.04983335609703742, scale_lr: 0.11613443134740553, EAO: 0.320
Trial 2143 finished with value: 0.3202423537403693 and parameters: {'window_influence': 0.45831516701034347, 'penalty_k': 0.04983335609703742, 'scale_lr': 0.11613443134740553}. Best is trial 1270 with value: 0.3623636909959845.
checkpoint_e22 window_influence: 0.25966228687432180, penalty_k: 0.31556590893916792, scale_lr: 0.41958770674621726, EAO: 0.273
Trial 2144 finished with value: 0.27289125937896014 and parameters: {'window_influence': 0.2596622868743218, 'penalty_k': 0.3155659089391679, 'scale_lr': 0.41958770674621726}. Best is trial 1270 with value: 0.3623636909959845.
checkpoint_e22 window_influence: 0.46626424355260537, penalty_k: 0.50001657412757217, scale_lr: 0.41169332347179938, EAO: 0.310
Trial 2145 finished with value: 0.31004315945192995 and parameters: {'window_influence': 0.4662642435526054, 'penalty_k': 0.5000165741275722, 'scale_lr': 0.4116933234717994}. Best is trial 1270 with value: 0.3623636909959845.
checkpoint_e22 window_influence: 0.18774565042720412, penalty_k: 0.12505754453009740, scale_lr: 0.66295004167425475, EAO: 0.281
Trial 2146 finished with value: 0.2805880811427818 and parameters: {'window_influence': 0.18774565042720412, 'penalty_k': 0.1250575445300974, 'scale_lr': 0.6629500416742548}. Best is trial 1270 with value: 0.3623636909959845.
checkpoint_e22 window_influence: 0.48648560379564421, penalty_k: 0.57453910735898583, scale_lr: 0.71541206905105059, EAO: 0.285
Trial 2147 finished with value: 0.2847199467833404 and parameters: {'window_influence': 0.4864856037956442, 'penalty_k': 0.5745391073589858, 'scale_lr': 0.7154120690510506}. Best is trial 1270 with value: 0.3623636909959845.
checkpoint_e22 window_influence: 0.11887262337100335, penalty_k: 0.24987611480094196, scale_lr: 0.69726707065038462, EAO: 0.249
Trial 2148 finished with value: 0.24925778597477344 and parameters: {'window_influence': 0.11887262337100335, 'penalty_k': 0.24987611480094196, 'scale_lr': 0.6972670706503846}. Best is trial 1270 with value: 0.3623636909959845.
checkpoint_e22 window_influence: 0.17767650076349242, penalty_k: 0.13768806919906854, scale_lr: 0.65247815214510541, EAO: 0.267
Trial 2149 finished with value: 0.26657358055448716 and parameters: {'window_influence': 0.17767650076349242, 'penalty_k': 0.13768806919906854, 'scale_lr': 0.6524781521451054}. Best is trial 1270 with value: 0.3623636909959845.
checkpoint_e22 window_influence: 0.47782404536014622, penalty_k: 0.22953837551355027, scale_lr: 0.69622836199180749, EAO: 0.313
Trial 2150 finished with value: 0.3126575835484011 and parameters: {'window_influence': 0.4778240453601462, 'penalty_k': 0.22953837551355027, 'scale_lr': 0.6962283619918075}. Best is trial 1270 with value: 0.3623636909959845.
checkpoint_e22 window_influence: 0.46556804319165312, penalty_k: 0.05931855702248398, scale_lr: 0.66785999496675241, EAO: 0.332
Trial 2151 finished with value: 0.33152450673311135 and parameters: {'window_influence': 0.4655680431916531, 'penalty_k': 0.05931855702248398, 'scale_lr': 0.6678599949667524}. Best is trial 1270 with value: 0.3623636909959845.
checkpoint_e22 window_influence: 0.33655620795903696, penalty_k: 0.03291609221917124, scale_lr: 0.68008788072942128, EAO: 0.296
Trial 2152 finished with value: 0.29624967491580356 and parameters: {'window_influence': 0.33655620795903696, 'penalty_k': 0.032916092219171245, 'scale_lr': 0.6800878807294213}. Best is trial 1270 with value: 0.3623636909959845.
checkpoint_e22 window_influence: 0.34628500265265405, penalty_k: 0.54388835762641108, scale_lr: 0.65413807983478067, EAO: 0.289
Trial 2153 finished with value: 0.2888531374676218 and parameters: {'window_influence': 0.34628500265265405, 'penalty_k': 0.5438883576264111, 'scale_lr': 0.6541380798347807}. Best is trial 1270 with value: 0.3623636909959845.
checkpoint_e22 window_influence: 0.31299193831215111, penalty_k: 0.02004561768333954, scale_lr: 0.63086353768855730, EAO: 0.292
Trial 2154 finished with value: 0.29195875926704257 and parameters: {'window_influence': 0.3129919383121511, 'penalty_k': 0.02004561768333954, 'scale_lr': 0.6308635376885573}. Best is trial 1270 with value: 0.3623636909959845.
checkpoint_e22 window_influence: 0.48546405127735537, penalty_k: 0.10913821234397639, scale_lr: 0.68998194132062796, EAO: 0.326
Trial 2155 finished with value: 0.3264274416266712 and parameters: {'window_influence': 0.48546405127735537, 'penalty_k': 0.10913821234397639, 'scale_lr': 0.689981941320628}. Best is trial 1270 with value: 0.3623636909959845.
checkpoint_e22 window_influence: 0.45032002885106720, penalty_k: 0.01012417014556155, scale_lr: 0.66601588155385738, EAO: 0.333
Trial 2156 finished with value: 0.3325749806161057 and parameters: {'window_influence': 0.4503200288510672, 'penalty_k': 0.010124170145561552, 'scale_lr': 0.6660158815538574}. Best is trial 1270 with value: 0.3623636909959845.
checkpoint_e22 window_influence: 0.37497234871107088, penalty_k: 0.08960930738376183, scale_lr: 0.16046046485635868, EAO: 0.313
Trial 2157 finished with value: 0.3126487755705874 and parameters: {'window_influence': 0.3749723487110709, 'penalty_k': 0.08960930738376183, 'scale_lr': 0.16046046485635868}. Best is trial 1270 with value: 0.3623636909959845.
checkpoint_e22 window_influence: 0.54511234531889552, penalty_k: 0.20053745463242431, scale_lr: 0.63973016694885443, EAO: 0.292
Trial 2158 finished with value: 0.2921175154266654 and parameters: {'window_influence': 0.5451123453188955, 'penalty_k': 0.2005374546324243, 'scale_lr': 0.6397301669488544}. Best is trial 1270 with value: 0.3623636909959845.
checkpoint_e22 window_influence: 0.49530099330910765, penalty_k: 0.29234990633148539, scale_lr: 0.43672490904371325, EAO: 0.311
Trial 2159 finished with value: 0.31083753096222416 and parameters: {'window_influence': 0.49530099330910765, 'penalty_k': 0.2923499063314854, 'scale_lr': 0.43672490904371325}. Best is trial 1270 with value: 0.3623636909959845.
checkpoint_e22 window_influence: 0.47323738534448934, penalty_k: 0.04086744461324650, scale_lr: 0.67880191527167888, EAO: 0.320
