Trial 576 finished with value: 0.3145066863831843 and parameters: {'window_influence': 0.4440382404707643, 'penalty_k': 0.12088044021302492, 'scale_lr': 0.5137437311514123}. Best is trial 374 with value: 0.3602400896382239.
checkpoint_e24 window_influence: 0.42029468279592419, penalty_k: 0.28993927635777694, scale_lr: 0.75803083429403029, EAO: 0.291
Trial 577 finished with value: 0.2913979508185665 and parameters: {'window_influence': 0.4202946827959242, 'penalty_k': 0.28993927635777694, 'scale_lr': 0.7580308342940303}. Best is trial 374 with value: 0.3602400896382239.
checkpoint_e24 window_influence: 0.45708582638509804, penalty_k: 0.26193618978594974, scale_lr: 0.66676482826377170, EAO: 0.317
Trial 578 finished with value: 0.31728430799705043 and parameters: {'window_influence': 0.45708582638509804, 'penalty_k': 0.26193618978594974, 'scale_lr': 0.6667648282637717}. Best is trial 374 with value: 0.3602400896382239.
checkpoint_e24 window_influence: 0.47668295958505891, penalty_k: 0.07671264202327191, scale_lr: 0.48667847670928216, EAO: 0.333
Trial 579 finished with value: 0.3334879315084984 and parameters: {'window_influence': 0.4766829595850589, 'penalty_k': 0.07671264202327191, 'scale_lr': 0.48667847670928216}. Best is trial 374 with value: 0.3602400896382239.
checkpoint_e24 window_influence: 0.39934816078170959, penalty_k: 0.57472526953025493, scale_lr: 0.27596056354936760, EAO: 0.271
Trial 580 finished with value: 0.27088512677394927 and parameters: {'window_influence': 0.3993481607817096, 'penalty_k': 0.5747252695302549, 'scale_lr': 0.2759605635493676}. Best is trial 374 with value: 0.3602400896382239.
checkpoint_e24 window_influence: 0.43985474267386854, penalty_k: 0.36597666648569660, scale_lr: 0.45104943084593752, EAO: 0.305
Trial 581 finished with value: 0.30535697763068204 and parameters: {'window_influence': 0.43985474267386854, 'penalty_k': 0.3659766664856966, 'scale_lr': 0.4510494308459375}. Best is trial 374 with value: 0.3602400896382239.
checkpoint_e24 window_influence: 0.63443708113624897, penalty_k: 0.46236121786189011, scale_lr: 0.46611495913095041, EAO: 0.238
Trial 582 finished with value: 0.23810345769392377 and parameters: {'window_influence': 0.634437081136249, 'penalty_k': 0.4623612178618901, 'scale_lr': 0.4661149591309504}. Best is trial 374 with value: 0.3602400896382239.
checkpoint_e24 window_influence: 0.60041346211112101, penalty_k: 0.50227592635636387, scale_lr: 0.50481265070884296, EAO: 0.231
Trial 583 finished with value: 0.23056152057091087 and parameters: {'window_influence': 0.600413462111121, 'penalty_k': 0.5022759263563639, 'scale_lr': 0.504812650708843}. Best is trial 374 with value: 0.3602400896382239.
checkpoint_e24 window_influence: 0.46544197935676596, penalty_k: 0.44379226722980875, scale_lr: 0.69077454079570699, EAO: 0.311
Trial 584 finished with value: 0.3114974643121897 and parameters: {'window_influence': 0.46544197935676596, 'penalty_k': 0.44379226722980875, 'scale_lr': 0.690774540795707}. Best is trial 374 with value: 0.3602400896382239.
checkpoint_e24 window_influence: 0.25930840331167854, penalty_k: 0.58600843282789217, scale_lr: 0.51699290587113955, EAO: 0.302
Trial 585 finished with value: 0.3021656289870637 and parameters: {'window_influence': 0.25930840331167854, 'penalty_k': 0.5860084328278922, 'scale_lr': 0.5169929058711396}. Best is trial 374 with value: 0.3602400896382239.
checkpoint_e24 window_influence: 0.48271194126381117, penalty_k: 0.38442079686776526, scale_lr: 0.50084069969177680, EAO: 0.343
Trial 586 finished with value: 0.34322504241178936 and parameters: {'window_influence': 0.4827119412638112, 'penalty_k': 0.38442079686776526, 'scale_lr': 0.5008406996917768}. Best is trial 374 with value: 0.3602400896382239.
checkpoint_e24 window_influence: 0.13360948375044879, penalty_k: 0.13176715097221295, scale_lr: 0.49163805497527235, EAO: 0.303
Trial 587 finished with value: 0.30340808572008454 and parameters: {'window_influence': 0.1336094837504488, 'penalty_k': 0.13176715097221295, 'scale_lr': 0.49163805497527235}. Best is trial 374 with value: 0.3602400896382239.
checkpoint_e24 window_influence: 0.61986847931873568, penalty_k: 0.42881937057766406, scale_lr: 0.50314352815337571, EAO: 0.235
Trial 588 finished with value: 0.2349133031145608 and parameters: {'window_influence': 0.6198684793187357, 'penalty_k': 0.42881937057766406, 'scale_lr': 0.5031435281533757}. Best is trial 374 with value: 0.3602400896382239.
checkpoint_e24 window_influence: 0.23001385744957503, penalty_k: 0.40629023443070611, scale_lr: 0.51927056452985831, EAO: 0.291
Trial 589 finished with value: 0.29061855288794997 and parameters: {'window_influence': 0.23001385744957503, 'penalty_k': 0.4062902344307061, 'scale_lr': 0.5192705645298583}. Best is trial 374 with value: 0.3602400896382239.
checkpoint_e24 window_influence: 0.48590870874881570, penalty_k: 0.39236368156343060, scale_lr: 0.48077183467750634, EAO: 0.297
Trial 590 finished with value: 0.2968762814418815 and parameters: {'window_influence': 0.4859087087488157, 'penalty_k': 0.3923636815634306, 'scale_lr': 0.48077183467750634}. Best is trial 374 with value: 0.3602400896382239.
checkpoint_e24 window_influence: 0.37257372579906517, penalty_k: 0.35355669434383230, scale_lr: 0.45956427572286856, EAO: 0.310
Trial 591 finished with value: 0.3098324946044484 and parameters: {'window_influence': 0.37257372579906517, 'penalty_k': 0.3535566943438323, 'scale_lr': 0.45956427572286856}. Best is trial 374 with value: 0.3602400896382239.
checkpoint_e24 window_influence: 0.54926998476610467, penalty_k: 0.41704036623524871, scale_lr: 0.50633723775408246, EAO: 0.274
Trial 592 finished with value: 0.27358750024890155 and parameters: {'window_influence': 0.5492699847661047, 'penalty_k': 0.4170403662352487, 'scale_lr': 0.5063372377540825}. Best is trial 374 with value: 0.3602400896382239.
checkpoint_e24 window_influence: 0.48895267752040472, penalty_k: 0.08798953169127875, scale_lr: 0.52493107215507062, EAO: 0.334
Trial 593 finished with value: 0.3339449749382553 and parameters: {'window_influence': 0.4889526775204047, 'penalty_k': 0.08798953169127875, 'scale_lr': 0.5249310721550706}. Best is trial 374 with value: 0.3602400896382239.
checkpoint_e24 window_influence: 0.47676403809570822, penalty_k: 0.42475159880179664, scale_lr: 0.31063293896502231, EAO: 0.310
Trial 594 finished with value: 0.30991540414350044 and parameters: {'window_influence': 0.4767640380957082, 'penalty_k': 0.42475159880179664, 'scale_lr': 0.3106329389650223}. Best is trial 374 with value: 0.3602400896382239.
checkpoint_e24 window_influence: 0.51174177050879643, penalty_k: 0.38086971730775071, scale_lr: 0.49672811146251755, EAO: 0.309
Trial 595 finished with value: 0.3092249524616546 and parameters: {'window_influence': 0.5117417705087964, 'penalty_k': 0.3808697173077507, 'scale_lr': 0.49672811146251755}. Best is trial 374 with value: 0.3602400896382239.
checkpoint_e24 window_influence: 0.14463289077257385, penalty_k: 0.06669944930206460, scale_lr: 0.33093013346650346, EAO: 0.284
Trial 596 finished with value: 0.2843229011686859 and parameters: {'window_influence': 0.14463289077257385, 'penalty_k': 0.0666994493020646, 'scale_lr': 0.33093013346650346}. Best is trial 374 with value: 0.3602400896382239.
checkpoint_e24 window_influence: 0.49351870217177862, penalty_k: 0.41241474576981807, scale_lr: 0.51826157000336248, EAO: 0.314
Trial 597 finished with value: 0.3137349730451747 and parameters: {'window_influence': 0.4935187021717786, 'penalty_k': 0.41241474576981807, 'scale_lr': 0.5182615700033625}. Best is trial 374 with value: 0.3602400896382239.
checkpoint_e24 window_influence: 0.29228943446700628, penalty_k: 0.36731364283861834, scale_lr: 0.47748037541812693, EAO: 0.312
Trial 598 finished with value: 0.31247058609348327 and parameters: {'window_influence': 0.2922894344670063, 'penalty_k': 0.36731364283861834, 'scale_lr': 0.47748037541812693}. Best is trial 374 with value: 0.3602400896382239.
checkpoint_e24 window_influence: 0.25343611587479808, penalty_k: 0.26894343810776550, scale_lr: 0.43974493071138315, EAO: 0.304
Trial 599 finished with value: 0.30387652830623 and parameters: {'window_influence': 0.2534361158747981, 'penalty_k': 0.2689434381077655, 'scale_lr': 0.43974493071138315}. Best is trial 374 with value: 0.3602400896382239.
checkpoint_e24 window_influence: 0.47672081639996849, penalty_k: 0.10028280880910972, scale_lr: 0.38098496570667834, EAO: 0.315
Trial 600 finished with value: 0.3151147026960024 and parameters: {'window_influence': 0.4767208163999685, 'penalty_k': 0.10028280880910972, 'scale_lr': 0.38098496570667834}. Best is trial 374 with value: 0.3602400896382239.
checkpoint_e24 window_influence: 0.50632662279601459, penalty_k: 0.16814067831944202, scale_lr: 0.53007399671450839, EAO: 0.331
Trial 601 finished with value: 0.330542956576737 and parameters: {'window_influence': 0.5063266227960146, 'penalty_k': 0.16814067831944202, 'scale_lr': 0.5300739967145084}. Best is trial 374 with value: 0.3602400896382239.
checkpoint_e24 window_influence: 0.44990192785542371, penalty_k: 0.30150178490693158, scale_lr: 0.47020897806160800, EAO: 0.334
Trial 602 finished with value: 0.3342519385109616 and parameters: {'window_influence': 0.4499019278554237, 'penalty_k': 0.3015017849069316, 'scale_lr': 0.470208978061608}. Best is trial 374 with value: 0.3602400896382239.
checkpoint_e24 window_influence: 0.35765836640777116, penalty_k: 0.38602912868054873, scale_lr: 0.24468993317389007, EAO: 0.303
Trial 603 finished with value: 0.30334523511535927 and parameters: {'window_influence': 0.35765836640777116, 'penalty_k': 0.3860291286805487, 'scale_lr': 0.24468993317389007}. Best is trial 374 with value: 0.3602400896382239.
checkpoint_e24 window_influence: 0.57685037698331931, penalty_k: 0.11313500237907337, scale_lr: 0.51005756310721995, EAO: 0.295
Trial 604 finished with value: 0.2950179643552127 and parameters: {'window_influence': 0.5768503769833193, 'penalty_k': 0.11313500237907337, 'scale_lr': 0.51005756310722}. Best is trial 374 with value: 0.3602400896382239.
checkpoint_e24 window_influence: 0.46966754853402870, penalty_k: 0.28442174655241442, scale_lr: 0.65316577770860929, EAO: 0.322
Trial 605 finished with value: 0.32166856069277233 and parameters: {'window_influence': 0.4696675485340287, 'penalty_k': 0.2844217465524144, 'scale_lr': 0.6531657777086093}. Best is trial 374 with value: 0.3602400896382239.
checkpoint_e24 window_influence: 0.43003216828546503, penalty_k: 0.40655834390190626, scale_lr: 0.16021885307513056, EAO: 0.295
Trial 606 finished with value: 0.2953118524198866 and parameters: {'window_influence': 0.43003216828546503, 'penalty_k': 0.40655834390190626, 'scale_lr': 0.16021885307513056}. Best is trial 374 with value: 0.3602400896382239.
checkpoint_e24 window_influence: 0.48717273846418269, penalty_k: 0.32482417069387348, scale_lr: 0.49921581310773344, EAO: 0.329
Trial 607 finished with value: 0.32943182754609374 and parameters: {'window_influence': 0.4871727384641827, 'penalty_k': 0.3248241706938735, 'scale_lr': 0.49921581310773344}. Best is trial 374 with value: 0.3602400896382239.
checkpoint_e24 window_influence: 0.52908572764553641, penalty_k: 0.08223993136200175, scale_lr: 0.48266210983605934, EAO: 0.313
Trial 608 finished with value: 0.3128926149254179 and parameters: {'window_influence': 0.5290857276455364, 'penalty_k': 0.08223993136200175, 'scale_lr': 0.48266210983605934}. Best is trial 374 with value: 0.3602400896382239.
checkpoint_e24 window_influence: 0.49707985779348451, penalty_k: 0.43708834439488298, scale_lr: 0.79328982234073497, EAO: 0.292
Trial 609 finished with value: 0.2919927950267198 and parameters: {'window_influence': 0.4970798577934845, 'penalty_k': 0.437088344394883, 'scale_lr': 0.793289822340735}. Best is trial 374 with value: 0.3602400896382239.
checkpoint_e24 window_influence: 0.46522837624947183, penalty_k: 0.12332328806160774, scale_lr: 0.64574665295200806, EAO: 0.348
Trial 610 finished with value: 0.3478406419549935 and parameters: {'window_influence': 0.46522837624947183, 'penalty_k': 0.12332328806160774, 'scale_lr': 0.6457466529520081}. Best is trial 374 with value: 0.3602400896382239.
checkpoint_e24 window_influence: 0.45828559455828216, penalty_k: 0.12819170216678297, scale_lr: 0.64412340873349372, EAO: 0.307
Trial 611 finished with value: 0.30689845550153044 and parameters: {'window_influence': 0.45828559455828216, 'penalty_k': 0.12819170216678297, 'scale_lr': 0.6441234087334937}. Best is trial 374 with value: 0.3602400896382239.
checkpoint_e24 window_influence: 0.44390223517330479, penalty_k: 0.12417682140220458, scale_lr: 0.63924458250428540, EAO: 0.303
Trial 612 finished with value: 0.30276959119835717 and parameters: {'window_influence': 0.4439022351733048, 'penalty_k': 0.12417682140220458, 'scale_lr': 0.6392445825042854}. Best is trial 374 with value: 0.3602400896382239.
checkpoint_e24 window_influence: 0.46545277791046724, penalty_k: 0.33639109583050514, scale_lr: 0.59063813538282361, EAO: 0.323
Trial 613 finished with value: 0.3230535720804786 and parameters: {'window_influence': 0.46545277791046724, 'penalty_k': 0.33639109583050514, 'scale_lr': 0.5906381353828236}. Best is trial 374 with value: 0.3602400896382239.
checkpoint_e24 window_influence: 0.54260709970233778, penalty_k: 0.14746221561643283, scale_lr: 0.68633861508787120, EAO: 0.272
Trial 614 finished with value: 0.2718555220486125 and parameters: {'window_influence': 0.5426070997023378, 'penalty_k': 0.14746221561643283, 'scale_lr': 0.6863386150878712}. Best is trial 374 with value: 0.3602400896382239.
checkpoint_e24 window_influence: 0.60347939921179061, penalty_k: 0.35401843348058176, scale_lr: 0.61936364288239210, EAO: 0.245
Trial 615 finished with value: 0.24505303579777596 and parameters: {'window_influence': 0.6034793992117906, 'penalty_k': 0.35401843348058176, 'scale_lr': 0.6193636428823921}. Best is trial 374 with value: 0.3602400896382239.
checkpoint_e24 window_influence: 0.45177745551995524, penalty_k: 0.45394516681568697, scale_lr: 0.66355612023789834, EAO: 0.326
Trial 616 finished with value: 0.326431367647787 and parameters: {'window_influence': 0.45177745551995524, 'penalty_k': 0.453945166815687, 'scale_lr': 0.6635561202378983}. Best is trial 374 with value: 0.3602400896382239.
checkpoint_e24 window_influence: 0.42581039462556575, penalty_k: 0.13698178676030678, scale_lr: 0.70769881482854746, EAO: 0.314
Trial 617 finished with value: 0.3142456754404283 and parameters: {'window_influence': 0.42581039462556575, 'penalty_k': 0.13698178676030678, 'scale_lr': 0.7076988148285475}. Best is trial 374 with value: 0.3602400896382239.
checkpoint_e24 window_influence: 0.10446208388841821, penalty_k: 0.24480013289934713, scale_lr: 0.62962375609922261, EAO: 0.272
Trial 618 finished with value: 0.2718664991020692 and parameters: {'window_influence': 0.10446208388841821, 'penalty_k': 0.24480013289934713, 'scale_lr': 0.6296237560992226}. Best is trial 374 with value: 0.3602400896382239.
checkpoint_e24 window_influence: 0.33227531307680835, penalty_k: 0.11622800775812236, scale_lr: 0.66550323056308136, EAO: 0.306
Trial 619 finished with value: 0.3057150769442436 and parameters: {'window_influence': 0.33227531307680835, 'penalty_k': 0.11622800775812236, 'scale_lr': 0.6655032305630814}. Best is trial 374 with value: 0.3602400896382239.
checkpoint_e24 window_influence: 0.47211538028922756, penalty_k: 0.27449307627981562, scale_lr: 0.61477821512653397, EAO: 0.322
Trial 620 finished with value: 0.3219175976538009 and parameters: {'window_influence': 0.47211538028922756, 'penalty_k': 0.2744930762798156, 'scale_lr': 0.614778215126534}. Best is trial 374 with value: 0.3602400896382239.
checkpoint_e24 window_influence: 0.41104813651195143, penalty_k: 0.37891159472388275, scale_lr: 0.67406050360688208, EAO: 0.318
Trial 621 finished with value: 0.31766738936826877 and parameters: {'window_influence': 0.41104813651195143, 'penalty_k': 0.37891159472388275, 'scale_lr': 0.6740605036068821}. Best is trial 374 with value: 0.3602400896382239.
checkpoint_e24 window_influence: 0.56582917249931497, penalty_k: 0.25569672712541591, scale_lr: 0.22932980096838354, EAO: 0.282
Trial 622 finished with value: 0.28216803184047284 and parameters: {'window_influence': 0.565829172499315, 'penalty_k': 0.2556967271254159, 'scale_lr': 0.22932980096838354}. Best is trial 374 with value: 0.3602400896382239.
checkpoint_e24 window_influence: 0.59095695687415051, penalty_k: 0.17916688075616444, scale_lr: 0.57765397451034117, EAO: 0.253
Trial 623 finished with value: 0.2534089778415888 and parameters: {'window_influence': 0.5909569568741505, 'penalty_k': 0.17916688075616444, 'scale_lr': 0.5776539745103412}. Best is trial 374 with value: 0.3602400896382239.
checkpoint_e24 window_influence: 0.48259707168658861, penalty_k: 0.22983906478963709, scale_lr: 0.10616781161345740, EAO: 0.321
Trial 624 finished with value: 0.3205890158618934 and parameters: {'window_influence': 0.4825970716865886, 'penalty_k': 0.2298390647896371, 'scale_lr': 0.1061678116134574}. Best is trial 374 with value: 0.3602400896382239.
checkpoint_e24 window_influence: 0.45844954696954832, penalty_k: 0.48782698740792696, scale_lr: 0.69882648142146242, EAO: 0.303
Trial 625 finished with value: 0.3032127475576178 and parameters: {'window_influence': 0.4584495469695483, 'penalty_k': 0.48782698740792696, 'scale_lr': 0.6988264814214624}. Best is trial 374 with value: 0.3602400896382239.
checkpoint_e24 window_influence: 0.50890549808254459, penalty_k: 0.31217886020884356, scale_lr: 0.65418450369776959, EAO: 0.297
Trial 626 finished with value: 0.29691062479167596 and parameters: {'window_influence': 0.5089054980825446, 'penalty_k': 0.31217886020884356, 'scale_lr': 0.6541845036977696}. Best is trial 374 with value: 0.3602400896382239.
checkpoint_e24 window_influence: 0.21128348717760922, penalty_k: 0.10075814674163033, scale_lr: 0.60678880006645808, EAO: 0.294
Trial 627 finished with value: 0.2944922452422895 and parameters: {'window_influence': 0.21128348717760922, 'penalty_k': 0.10075814674163033, 'scale_lr': 0.6067888000664581}. Best is trial 374 with value: 0.3602400896382239.
checkpoint_e24 window_influence: 0.43970933180859317, penalty_k: 0.39916944044834929, scale_lr: 0.37248526147388017, EAO: 0.303
Trial 628 finished with value: 0.3029092784521645 and parameters: {'window_influence': 0.4397093318085932, 'penalty_k': 0.3991694404483493, 'scale_lr': 0.37248526147388017}. Best is trial 374 with value: 0.3602400896382239.
checkpoint_e24 window_influence: 0.39327995412835265, penalty_k: 0.29705794721870932, scale_lr: 0.72495285921434516, EAO: 0.314
Trial 629 finished with value: 0.31433799596148243 and parameters: {'window_influence': 0.39327995412835265, 'penalty_k': 0.2970579472187093, 'scale_lr': 0.7249528592143452}. Best is trial 374 with value: 0.3602400896382239.
checkpoint_e24 window_influence: 0.25874642541676041, penalty_k: 0.13777334484993445, scale_lr: 0.45288145962315352, EAO: 0.313
Trial 630 finished with value: 0.3127913363132959 and parameters: {'window_influence': 0.2587464254167604, 'penalty_k': 0.13777334484993445, 'scale_lr': 0.4528814596231535}. Best is trial 374 with value: 0.3602400896382239.
checkpoint_e24 window_influence: 0.14985015490374487, penalty_k: 0.42677132421328090, scale_lr: 0.69035834208420144, EAO: 0.263
Trial 631 finished with value: 0.2627722925365203 and parameters: {'window_influence': 0.14985015490374487, 'penalty_k': 0.4267713242132809, 'scale_lr': 0.6903583420842014}. Best is trial 374 with value: 0.3602400896382239.
checkpoint_e24 window_influence: 0.46554020864240225, penalty_k: 0.11149547735745106, scale_lr: 0.48944121412216718, EAO: 0.323
Trial 632 finished with value: 0.32264306694848993 and parameters: {'window_influence': 0.46554020864240225, 'penalty_k': 0.11149547735745106, 'scale_lr': 0.4894412141221672}. Best is trial 374 with value: 0.3602400896382239.
checkpoint_e24 window_influence: 0.63884563318778409, penalty_k: 0.19658485359527877, scale_lr: 0.56783363264813769, EAO: 0.229
Trial 633 finished with value: 0.22864405955785908 and parameters: {'window_influence': 0.6388456331877841, 'penalty_k': 0.19658485359527877, 'scale_lr': 0.5678336326481377}. Best is trial 374 with value: 0.3602400896382239.
checkpoint_e24 window_influence: 0.49313520284816897, penalty_k: 0.44653916359767826, scale_lr: 0.53060578493812605, EAO: 0.318
Trial 634 finished with value: 0.3182827862784093 and parameters: {'window_influence': 0.493135202848169, 'penalty_k': 0.44653916359767826, 'scale_lr': 0.530605784938126}. Best is trial 374 with value: 0.3602400896382239.
checkpoint_e24 window_influence: 0.34893328369109833, penalty_k: 0.46505827603838362, scale_lr: 0.79849631871533233, EAO: 0.302
Trial 635 finished with value: 0.30238809282909573 and parameters: {'window_influence': 0.34893328369109833, 'penalty_k': 0.4650582760383836, 'scale_lr': 0.7984963187153323}. Best is trial 374 with value: 0.3602400896382239.
checkpoint_e24 window_influence: 0.16065408987495561, penalty_k: 0.16663915226839596, scale_lr: 0.54989308758152000, EAO: 0.273
Trial 636 finished with value: 0.2732746229445424 and parameters: {'window_influence': 0.1606540898749556, 'penalty_k': 0.16663915226839596, 'scale_lr': 0.54989308758152}. Best is trial 374 with value: 0.3602400896382239.
checkpoint_e24 window_influence: 0.47852599377087746, penalty_k: 0.34857694918350457, scale_lr: 0.46841307649195474, EAO: 0.328
Trial 637 finished with value: 0.3276126752335738 and parameters: {'window_influence': 0.47852599377087746, 'penalty_k': 0.34857694918350457, 'scale_lr': 0.46841307649195474}. Best is trial 374 with value: 0.3602400896382239.
checkpoint_e24 window_influence: 0.45486144130300765, penalty_k: 0.06203401917499489, scale_lr: 0.51178565160376932, EAO: 0.337
