Trial 62 finished with value: 0.3189324353919419 and parameters: {'window_influence': 0.42411979562474467, 'penalty_k': 0.02019264573177167, 'scale_lr': 0.3878483969521297}. Best is trial 46 with value: 0.34922455813634257.
checkpoint_e32 window_influence: 0.34948728172633858, penalty_k: 0.10028682812805885, scale_lr: 0.36029193798264725, EAO: 0.317
Trial 63 finished with value: 0.3167498743139816 and parameters: {'window_influence': 0.3494872817263386, 'penalty_k': 0.10028682812805885, 'scale_lr': 0.36029193798264725}. Best is trial 46 with value: 0.34922455813634257.
checkpoint_e32 window_influence: 0.39324418975554171, penalty_k: 0.05759543129405081, scale_lr: 0.40714806212982291, EAO: 0.328
Trial 64 finished with value: 0.32805983501881475 and parameters: {'window_influence': 0.3932441897555417, 'penalty_k': 0.057595431294050814, 'scale_lr': 0.4071480621298229}. Best is trial 46 with value: 0.34922455813634257.
checkpoint_e32 window_influence: 0.49242849189691246, penalty_k: 0.02389257545495592, scale_lr: 0.42928930272234411, EAO: 0.309
Trial 65 finished with value: 0.3091364761502826 and parameters: {'window_influence': 0.49242849189691246, 'penalty_k': 0.02389257545495592, 'scale_lr': 0.4292893027223441}. Best is trial 46 with value: 0.34922455813634257.
checkpoint_e32 window_influence: 0.47757717027897728, penalty_k: 0.11907955489580535, scale_lr: 0.46678844044292050, EAO: 0.320
Trial 66 finished with value: 0.3195816506903459 and parameters: {'window_influence': 0.4775771702789773, 'penalty_k': 0.11907955489580535, 'scale_lr': 0.4667884404429205}. Best is trial 46 with value: 0.34922455813634257.
checkpoint_e32 window_influence: 0.43700254308244724, penalty_k: 0.07869176852273492, scale_lr: 0.27582470742863568, EAO: 0.325
Trial 67 finished with value: 0.3245913149201916 and parameters: {'window_influence': 0.43700254308244724, 'penalty_k': 0.07869176852273492, 'scale_lr': 0.2758247074286357}. Best is trial 46 with value: 0.34922455813634257.
checkpoint_e32 window_influence: 0.41087691581857677, penalty_k: 0.02799196423434804, scale_lr: 0.50231994056283225, EAO: 0.335
Trial 68 finished with value: 0.33496908739151193 and parameters: {'window_influence': 0.41087691581857677, 'penalty_k': 0.027991964234348042, 'scale_lr': 0.5023199405628322}. Best is trial 46 with value: 0.34922455813634257.
checkpoint_e32 window_influence: 0.36934930231190904, penalty_k: 0.09977968307417408, scale_lr: 0.50736820095657376, EAO: 0.314
Trial 69 finished with value: 0.3135701748415654 and parameters: {'window_influence': 0.36934930231190904, 'penalty_k': 0.09977968307417408, 'scale_lr': 0.5073682009565738}. Best is trial 46 with value: 0.34922455813634257.
checkpoint_e32 window_influence: 0.40931313750090303, penalty_k: 0.05316467099684246, scale_lr: 0.54092871166326728, EAO: 0.325
Trial 70 finished with value: 0.3250099400833887 and parameters: {'window_influence': 0.40931313750090303, 'penalty_k': 0.05316467099684246, 'scale_lr': 0.5409287116632673}. Best is trial 46 with value: 0.34922455813634257.
checkpoint_e32 window_influence: 0.45343791752490498, penalty_k: 0.02099001123360116, scale_lr: 0.50035031532315322, EAO: 0.318
Trial 71 finished with value: 0.3180865704549426 and parameters: {'window_influence': 0.453437917524905, 'penalty_k': 0.020990011233601162, 'scale_lr': 0.5003503153231532}. Best is trial 46 with value: 0.34922455813634257.
checkpoint_e32 window_influence: 0.38703050050261745, penalty_k: 0.03382252060192462, scale_lr: 0.48285474434624165, EAO: 0.312
Trial 72 finished with value: 0.3122701187426014 and parameters: {'window_influence': 0.38703050050261745, 'penalty_k': 0.033822520601924616, 'scale_lr': 0.48285474434624165}. Best is trial 46 with value: 0.34922455813634257.
checkpoint_e32 window_influence: 0.40973417358055758, penalty_k: 0.07143785049515763, scale_lr: 0.44188765395305019, EAO: 0.330
Trial 73 finished with value: 0.32978372548340823 and parameters: {'window_influence': 0.4097341735805576, 'penalty_k': 0.07143785049515763, 'scale_lr': 0.4418876539530502}. Best is trial 46 with value: 0.34922455813634257.
checkpoint_e32 window_influence: 0.42974518991380423, penalty_k: 0.04858830127205424, scale_lr: 0.53638555246127406, EAO: 0.335
Trial 74 finished with value: 0.3347855141886477 and parameters: {'window_influence': 0.4297451899138042, 'penalty_k': 0.04858830127205424, 'scale_lr': 0.5363855524612741}. Best is trial 46 with value: 0.34922455813634257.
checkpoint_e32 window_influence: 0.42551115839755943, penalty_k: 0.05278598905602999, scale_lr: 0.53841435736526544, EAO: 0.321
Trial 75 finished with value: 0.32064580749213 and parameters: {'window_influence': 0.42551115839755943, 'penalty_k': 0.05278598905602999, 'scale_lr': 0.5384143573652654}. Best is trial 46 with value: 0.34922455813634257.
checkpoint_e32 window_influence: 0.36241951563600905, penalty_k: 0.08808996992977822, scale_lr: 0.56238076655900060, EAO: 0.312
Trial 76 finished with value: 0.3117038096783226 and parameters: {'window_influence': 0.36241951563600905, 'penalty_k': 0.08808996992977822, 'scale_lr': 0.5623807665590006}. Best is trial 46 with value: 0.34922455813634257.
checkpoint_e32 window_influence: 0.32320674391304161, penalty_k: 0.07075021693567657, scale_lr: 0.46606810260761067, EAO: 0.317
Trial 77 finished with value: 0.3168447370775015 and parameters: {'window_influence': 0.3232067439130416, 'penalty_k': 0.07075021693567657, 'scale_lr': 0.46606810260761067}. Best is trial 46 with value: 0.34922455813634257.
checkpoint_e32 window_influence: 0.46526731394321874, penalty_k: 0.11867122176115767, scale_lr: 0.57677659434633965, EAO: 0.326
Trial 78 finished with value: 0.32550735829637206 and parameters: {'window_influence': 0.46526731394321874, 'penalty_k': 0.11867122176115767, 'scale_lr': 0.5767765943463397}. Best is trial 46 with value: 0.34922455813634257.
checkpoint_e32 window_influence: 0.38001562930320631, penalty_k: 0.03288263598444261, scale_lr: 0.41746772303892343, EAO: 0.324
Trial 79 finished with value: 0.3243079796607392 and parameters: {'window_influence': 0.3800156293032063, 'penalty_k': 0.03288263598444261, 'scale_lr': 0.41746772303892343}. Best is trial 46 with value: 0.34922455813634257.
checkpoint_e32 window_influence: 0.35056220344443051, penalty_k: 0.10573515719625616, scale_lr: 0.51690438092209245, EAO: 0.312
Trial 80 finished with value: 0.3116423566517663 and parameters: {'window_influence': 0.3505622034444305, 'penalty_k': 0.10573515719625616, 'scale_lr': 0.5169043809220925}. Best is trial 46 with value: 0.34922455813634257.
checkpoint_e32 window_influence: 0.42016637276409868, penalty_k: 0.01248148947944583, scale_lr: 0.58822052458486185, EAO: 0.338
Trial 81 finished with value: 0.3384492462247262 and parameters: {'window_influence': 0.4201663727640987, 'penalty_k': 0.012481489479445829, 'scale_lr': 0.5882205245848618}. Best is trial 46 with value: 0.34922455813634257.
checkpoint_e32 window_influence: 0.39487081164105953, penalty_k: 0.01371117850601450, scale_lr: 0.55315627696703751, EAO: 0.311
Trial 82 finished with value: 0.3110414522515197 and parameters: {'window_influence': 0.3948708116410595, 'penalty_k': 0.013711178506014499, 'scale_lr': 0.5531562769670375}. Best is trial 46 with value: 0.34922455813634257.
checkpoint_e32 window_influence: 0.43537095141132237, penalty_k: 0.04574273565870959, scale_lr: 0.53158596977873496, EAO: 0.327
Trial 83 finished with value: 0.3265487577780675 and parameters: {'window_influence': 0.43537095141132237, 'penalty_k': 0.045742735658709587, 'scale_lr': 0.531585969778735}. Best is trial 46 with value: 0.34922455813634257.
checkpoint_e32 window_influence: 0.42206960131966370, penalty_k: 0.00175855272667736, scale_lr: 0.59799225664286826, EAO: 0.310
Trial 84 finished with value: 0.31020578254985437 and parameters: {'window_influence': 0.4220696013196637, 'penalty_k': 0.0017585527266773555, 'scale_lr': 0.5979922566428683}. Best is trial 46 with value: 0.34922455813634257.
checkpoint_e32 window_influence: 0.40052969496085628, penalty_k: 0.03403742840595296, scale_lr: 0.50562184320439263, EAO: 0.340
Trial 85 finished with value: 0.34009778592373147 and parameters: {'window_influence': 0.4005296949608563, 'penalty_k': 0.03403742840595296, 'scale_lr': 0.5056218432043926}. Best is trial 46 with value: 0.34922455813634257.
checkpoint_e32 window_influence: 0.37157430867033298, penalty_k: 0.02996394884955644, scale_lr: 0.50220291881598633, EAO: 0.317
Trial 86 finished with value: 0.3171269524885987 and parameters: {'window_influence': 0.371574308670333, 'penalty_k': 0.02996394884955644, 'scale_lr': 0.5022029188159863}. Best is trial 46 with value: 0.34922455813634257.
checkpoint_e32 window_influence: 0.38733692555270260, penalty_k: 0.01563642691553923, scale_lr: 0.57444359327427896, EAO: 0.326
Trial 87 finished with value: 0.3256453033899055 and parameters: {'window_influence': 0.3873369255527026, 'penalty_k': 0.01563642691553923, 'scale_lr': 0.574443593274279}. Best is trial 46 with value: 0.34922455813634257.
checkpoint_e32 window_influence: 0.34012443830348271, penalty_k: 0.04351812646536798, scale_lr: 0.52252931505056843, EAO: 0.327
Trial 88 finished with value: 0.32662344373153807 and parameters: {'window_influence': 0.3401244383034827, 'penalty_k': 0.04351812646536798, 'scale_lr': 0.5225293150505684}. Best is trial 46 with value: 0.34922455813634257.
checkpoint_e32 window_influence: 0.40708050897306292, penalty_k: 0.06678467083869692, scale_lr: 0.48812644836025065, EAO: 0.319
Trial 89 finished with value: 0.3187024690181829 and parameters: {'window_influence': 0.4070805089730629, 'penalty_k': 0.06678467083869692, 'scale_lr': 0.48812644836025065}. Best is trial 46 with value: 0.34922455813634257.
checkpoint_e32 window_influence: 0.44639014494640761, penalty_k: 0.01224412793196026, scale_lr: 0.54830483254490692, EAO: 0.326
Trial 90 finished with value: 0.32600033758679253 and parameters: {'window_influence': 0.4463901449464076, 'penalty_k': 0.01224412793196026, 'scale_lr': 0.5483048325449069}. Best is trial 46 with value: 0.34922455813634257.
checkpoint_e32 window_influence: 0.39953675800783933, penalty_k: 0.05104059416206898, scale_lr: 0.45883091803118942, EAO: 0.318
Trial 91 finished with value: 0.317730436877054 and parameters: {'window_influence': 0.39953675800783933, 'penalty_k': 0.05104059416206898, 'scale_lr': 0.4588309180311894}. Best is trial 46 with value: 0.34922455813634257.
checkpoint_e32 window_influence: 0.42496045073650279, penalty_k: 0.08270732692371678, scale_lr: 0.44031274040947244, EAO: 0.353
Trial 92 finished with value: 0.3528415023816699 and parameters: {'window_influence': 0.4249604507365028, 'penalty_k': 0.08270732692371678, 'scale_lr': 0.44031274040947244}. Best is trial 92 with value: 0.3528415023816699.
checkpoint_e32 window_influence: 0.41530278804477477, penalty_k: 0.08464349584447939, scale_lr: 0.47395817857644695, EAO: 0.328
Trial 93 finished with value: 0.32796862083650286 and parameters: {'window_influence': 0.4153027880447748, 'penalty_k': 0.08464349584447939, 'scale_lr': 0.47395817857644695}. Best is trial 92 with value: 0.3528415023816699.
checkpoint_e32 window_influence: 0.46590798881451212, penalty_k: 0.03387947284841546, scale_lr: 0.50148716969219354, EAO: 0.321
Trial 94 finished with value: 0.32115430886411483 and parameters: {'window_influence': 0.4659079888145121, 'penalty_k': 0.03387947284841546, 'scale_lr': 0.5014871696921935}. Best is trial 92 with value: 0.3528415023816699.
checkpoint_e32 window_influence: 0.37743034473476861, penalty_k: 0.06269381689591280, scale_lr: 0.58916809512080459, EAO: 0.311
Trial 95 finished with value: 0.31098676504791944 and parameters: {'window_influence': 0.3774303447347686, 'penalty_k': 0.0626938168959128, 'scale_lr': 0.5891680951208046}. Best is trial 92 with value: 0.3528415023816699.
checkpoint_e32 window_influence: 0.42182941012623509, penalty_k: 0.07468619837245499, scale_lr: 0.43745814950664219, EAO: 0.335
Trial 96 finished with value: 0.3350378751522836 and parameters: {'window_influence': 0.4218294101262351, 'penalty_k': 0.07468619837245499, 'scale_lr': 0.4374581495066422}. Best is trial 92 with value: 0.3528415023816699.
checkpoint_e32 window_influence: 0.42222950200227688, penalty_k: 0.06885503336670525, scale_lr: 0.44710162307591561, EAO: 0.317
Trial 97 finished with value: 0.31737508320390945 and parameters: {'window_influence': 0.4222295020022769, 'penalty_k': 0.06885503336670525, 'scale_lr': 0.4471016230759156}. Best is trial 92 with value: 0.3528415023816699.
checkpoint_e32 window_influence: 0.45146414488392494, penalty_k: 0.02871334990603032, scale_lr: 0.45750784823524737, EAO: 0.331
Trial 98 finished with value: 0.3312461924692072 and parameters: {'window_influence': 0.45146414488392494, 'penalty_k': 0.02871334990603032, 'scale_lr': 0.45750784823524737}. Best is trial 92 with value: 0.3528415023816699.
checkpoint_e32 window_influence: 0.40500705196251435, penalty_k: 0.00218269384294580, scale_lr: 0.42523405487796373, EAO: 0.320
Trial 99 finished with value: 0.3200131359615215 and parameters: {'window_influence': 0.40500705196251435, 'penalty_k': 0.002182693842945803, 'scale_lr': 0.42523405487796373}. Best is trial 92 with value: 0.3528415023816699.
checkpoint_e32 window_influence: 0.48264896378015759, penalty_k: 0.04723170717639030, scale_lr: 0.48686474848093797, EAO: 0.334
Trial 100 finished with value: 0.33357451456066234 and parameters: {'window_influence': 0.4826489637801576, 'penalty_k': 0.047231707176390296, 'scale_lr': 0.48686474848093797}. Best is trial 92 with value: 0.3528415023816699.
checkpoint_e32 window_influence: 0.47575005470846132, penalty_k: 0.05267386560418087, scale_lr: 0.48968470001632303, EAO: 0.318
Trial 101 finished with value: 0.31823615868963623 and parameters: {'window_influence': 0.4757500547084613, 'penalty_k': 0.05267386560418087, 'scale_lr': 0.489684700016323}. Best is trial 92 with value: 0.3528415023816699.
checkpoint_e32 window_influence: 0.48406038560796627, penalty_k: 0.04096356214458400, scale_lr: 0.44012932335405081, EAO: 0.339
Trial 102 finished with value: 0.339368721506475 and parameters: {'window_influence': 0.48406038560796627, 'penalty_k': 0.040963562144584, 'scale_lr': 0.4401293233540508}. Best is trial 92 with value: 0.3528415023816699.
checkpoint_e32 window_influence: 0.48948602264183372, penalty_k: 0.03749500410967464, scale_lr: 0.51732164734676911, EAO: 0.330
Trial 103 finished with value: 0.3300286120361855 and parameters: {'window_influence': 0.4894860226418337, 'penalty_k': 0.03749500410967464, 'scale_lr': 0.5173216473467691}. Best is trial 92 with value: 0.3528415023816699.
checkpoint_e32 window_influence: 0.50184093061527735, penalty_k: 0.01644786767108094, scale_lr: 0.47543834751537073, EAO: 0.319
Trial 104 finished with value: 0.3189197665058685 and parameters: {'window_influence': 0.5018409306152773, 'penalty_k': 0.016447867671080935, 'scale_lr': 0.47543834751537073}. Best is trial 92 with value: 0.3528415023816699.
checkpoint_e32 window_influence: 0.44149921856604230, penalty_k: 0.07575058487392812, scale_lr: 0.48784064518856385, EAO: 0.341
Trial 105 finished with value: 0.34060391308268684 and parameters: {'window_influence': 0.4414992185660423, 'penalty_k': 0.07575058487392812, 'scale_lr': 0.48784064518856385}. Best is trial 92 with value: 0.3528415023816699.
checkpoint_e32 window_influence: 0.44333984579165059, penalty_k: 0.09269013085231831, scale_lr: 0.43816777665486323, EAO: 0.331
Trial 106 finished with value: 0.33086481249749894 and parameters: {'window_influence': 0.4433398457916506, 'penalty_k': 0.09269013085231831, 'scale_lr': 0.43816777665486323}. Best is trial 92 with value: 0.3528415023816699.
checkpoint_e32 window_influence: 0.46380340095410483, penalty_k: 0.07786558900904469, scale_lr: 0.52942354781871459, EAO: 0.333
Trial 107 finished with value: 0.3334637955700841 and parameters: {'window_influence': 0.4638034009541048, 'penalty_k': 0.0778655890090447, 'scale_lr': 0.5294235478187146}. Best is trial 92 with value: 0.3528415023816699.
checkpoint_e32 window_influence: 0.43160483055062787, penalty_k: 0.05014843427164502, scale_lr: 0.46109112411799802, EAO: 0.320
Trial 108 finished with value: 0.31981948510914 and parameters: {'window_influence': 0.43160483055062787, 'penalty_k': 0.05014843427164502, 'scale_lr': 0.461091124117998}. Best is trial 92 with value: 0.3528415023816699.
checkpoint_e32 window_influence: 0.44581379301656376, penalty_k: 0.07603286470512378, scale_lr: 0.49016872522808475, EAO: 0.318
Trial 109 finished with value: 0.3178645300494094 and parameters: {'window_influence': 0.44581379301656376, 'penalty_k': 0.07603286470512378, 'scale_lr': 0.49016872522808475}. Best is trial 92 with value: 0.3528415023816699.
checkpoint_e32 window_influence: 0.42368585974246181, penalty_k: 0.10260922942005503, scale_lr: 0.55864403006951902, EAO: 0.322
Trial 110 finished with value: 0.32165413648469904 and parameters: {'window_influence': 0.4236858597424618, 'penalty_k': 0.10260922942005503, 'scale_lr': 0.558644030069519}. Best is trial 92 with value: 0.3528415023816699.
checkpoint_e32 window_influence: 0.46820845053122084, penalty_k: 0.08788915735644100, scale_lr: 0.53857839582115585, EAO: 0.338
Trial 111 finished with value: 0.33791789168977554 and parameters: {'window_influence': 0.46820845053122084, 'penalty_k': 0.087889157356441, 'scale_lr': 0.5385783958211559}. Best is trial 92 with value: 0.3528415023816699.
checkpoint_e32 window_influence: 0.45830361184508461, penalty_k: 0.04416162365257505, scale_lr: 0.53974329370118768, EAO: 0.329
Trial 112 finished with value: 0.32888214029226787 and parameters: {'window_influence': 0.4583036118450846, 'penalty_k': 0.04416162365257505, 'scale_lr': 0.5397432937011877}. Best is trial 92 with value: 0.3528415023816699.
checkpoint_e32 window_influence: 0.43822104146867918, penalty_k: 0.08901356821269470, scale_lr: 0.56723178257567863, EAO: 0.350
Trial 113 finished with value: 0.3504116706811037 and parameters: {'window_influence': 0.4382210414686792, 'penalty_k': 0.0890135682126947, 'scale_lr': 0.5672317825756786}. Best is trial 92 with value: 0.3528415023816699.
checkpoint_e32 window_influence: 0.41613227253055352, penalty_k: 0.08805106710547964, scale_lr: 0.57066418915983563, EAO: 0.327
Trial 114 finished with value: 0.3269015867190602 and parameters: {'window_influence': 0.4161322725305535, 'penalty_k': 0.08805106710547964, 'scale_lr': 0.5706641891598356}. Best is trial 92 with value: 0.3528415023816699.
checkpoint_e32 window_influence: 0.43553973803848961, penalty_k: 0.09443424442906201, scale_lr: 0.51088704650938743, EAO: 0.336
Trial 115 finished with value: 0.3359069819580256 and parameters: {'window_influence': 0.4355397380384896, 'penalty_k': 0.09443424442906201, 'scale_lr': 0.5108870465093874}. Best is trial 92 with value: 0.3528415023816699.
checkpoint_e32 window_influence: 0.39974265296466571, penalty_k: 0.11971805032713359, scale_lr: 0.51462499526192940, EAO: 0.320
Trial 116 finished with value: 0.31997892498274255 and parameters: {'window_influence': 0.3997426529646657, 'penalty_k': 0.11971805032713359, 'scale_lr': 0.5146249952619294}. Best is trial 92 with value: 0.3528415023816699.
checkpoint_e32 window_influence: 0.44783635120455878, penalty_k: 0.09808548992244656, scale_lr: 0.60783912778039095, EAO: 0.345
Trial 117 finished with value: 0.344864871947218 and parameters: {'window_influence': 0.4478363512045588, 'penalty_k': 0.09808548992244656, 'scale_lr': 0.607839127780391}. Best is trial 92 with value: 0.3528415023816699.
checkpoint_e32 window_influence: 0.43829271043102080, penalty_k: 0.10551787930747825, scale_lr: 0.60930387512787720, EAO: 0.341
Trial 118 finished with value: 0.3408187895665373 and parameters: {'window_influence': 0.4382927104310208, 'penalty_k': 0.10551787930747825, 'scale_lr': 0.6093038751278772}. Best is trial 92 with value: 0.3528415023816699.
checkpoint_e32 window_influence: 0.47178758692800721, penalty_k: 0.13627318008536243, scale_lr: 0.61372410271352285, EAO: 0.324
Trial 119 finished with value: 0.3241833778322903 and parameters: {'window_influence': 0.4717875869280072, 'penalty_k': 0.13627318008536243, 'scale_lr': 0.6137241027135228}. Best is trial 92 with value: 0.3528415023816699.
checkpoint_e32 window_influence: 0.44026291221080543, penalty_k: 0.11094782242011599, scale_lr: 0.59842259666118502, EAO: 0.323
Trial 120 finished with value: 0.3233831750395697 and parameters: {'window_influence': 0.44026291221080543, 'penalty_k': 0.11094782242011599, 'scale_lr': 0.598422596661185}. Best is trial 92 with value: 0.3528415023816699.
checkpoint_e32 window_influence: 0.45684759820000892, penalty_k: 0.09127311457834880, scale_lr: 0.63172489335517223, EAO: 0.318
Trial 121 finished with value: 0.3179095271496457 and parameters: {'window_influence': 0.4568475982000089, 'penalty_k': 0.0912731145783488, 'scale_lr': 0.6317248933551722}. Best is trial 92 with value: 0.3528415023816699.
checkpoint_e32 window_influence: 0.44486934984753729, penalty_k: 0.10348922933289367, scale_lr: 0.58658772009385951, EAO: 0.323
Trial 122 finished with value: 0.3231940742596578 and parameters: {'window_influence': 0.4448693498475373, 'penalty_k': 0.10348922933289367, 'scale_lr': 0.5865877200938595}. Best is trial 92 with value: 0.3528415023816699.
checkpoint_e32 window_influence: 0.43093779391505638, penalty_k: 0.07650560990868754, scale_lr: 0.55927580111396480, EAO: 0.347
Trial 123 finished with value: 0.3467761373241588 and parameters: {'window_influence': 0.4309377939150564, 'penalty_k': 0.07650560990868754, 'scale_lr': 0.5592758011139648}. Best is trial 92 with value: 0.3528415023816699.
checkpoint_e32 window_influence: 0.48107813059734561, penalty_k: 0.12594889775126003, scale_lr: 0.57200833077946922, EAO: 0.336
