Trial 1072 finished with value: 0.32777604072242394 and parameters: {'window_influence': 0.4338294773334978, 'penalty_k': 0.17181042573324362, 'scale_lr': 0.5472075390024005}. Best is trial 374 with value: 0.3602400896382239.
checkpoint_e24 window_influence: 0.54037300486807704, penalty_k: 0.29235349744946332, scale_lr: 0.66306822699650858, EAO: 0.282
Trial 1073 finished with value: 0.2820311319155452 and parameters: {'window_influence': 0.540373004868077, 'penalty_k': 0.2923534974494633, 'scale_lr': 0.6630682269965086}. Best is trial 374 with value: 0.3602400896382239.
checkpoint_e24 window_influence: 0.48290383480318450, penalty_k: 0.06935469956708146, scale_lr: 0.63078287161264557, EAO: 0.326
Trial 1074 finished with value: 0.3261335503730329 and parameters: {'window_influence': 0.4829038348031845, 'penalty_k': 0.06935469956708146, 'scale_lr': 0.6307828716126456}. Best is trial 374 with value: 0.3602400896382239.
checkpoint_e24 window_influence: 0.62043512119704447, penalty_k: 0.13372156110753783, scale_lr: 0.17128456738286718, EAO: 0.262
Trial 1075 finished with value: 0.26229177670488096 and parameters: {'window_influence': 0.6204351211970445, 'penalty_k': 0.13372156110753783, 'scale_lr': 0.17128456738286718}. Best is trial 374 with value: 0.3602400896382239.
checkpoint_e24 window_influence: 0.41017825870660218, penalty_k: 0.33853699918955554, scale_lr: 0.48590545853391837, EAO: 0.317
Trial 1076 finished with value: 0.3174890727964357 and parameters: {'window_influence': 0.4101782587066022, 'penalty_k': 0.33853699918955554, 'scale_lr': 0.48590545853391837}. Best is trial 374 with value: 0.3602400896382239.
checkpoint_e24 window_influence: 0.52094602957460956, penalty_k: 0.03658676594994657, scale_lr: 0.53812516522852749, EAO: 0.325
Trial 1077 finished with value: 0.32468798257961345 and parameters: {'window_influence': 0.5209460295746096, 'penalty_k': 0.03658676594994657, 'scale_lr': 0.5381251652285275}. Best is trial 374 with value: 0.3602400896382239.
checkpoint_e24 window_influence: 0.44530777508324276, penalty_k: 0.57730027967291897, scale_lr: 0.51807869960943764, EAO: 0.311
Trial 1078 finished with value: 0.31076447271419405 and parameters: {'window_influence': 0.44530777508324276, 'penalty_k': 0.577300279672919, 'scale_lr': 0.5180786996094376}. Best is trial 374 with value: 0.3602400896382239.
checkpoint_e24 window_influence: 0.49526178530881537, penalty_k: 0.18580058612669229, scale_lr: 0.59016066990460736, EAO: 0.327
Trial 1079 finished with value: 0.326515138671092 and parameters: {'window_influence': 0.49526178530881537, 'penalty_k': 0.18580058612669229, 'scale_lr': 0.5901606699046074}. Best is trial 374 with value: 0.3602400896382239.
checkpoint_e24 window_influence: 0.33159487318414826, penalty_k: 0.09642552277810233, scale_lr: 0.55789606952745763, EAO: 0.316
Trial 1080 finished with value: 0.3164659534446924 and parameters: {'window_influence': 0.33159487318414826, 'penalty_k': 0.09642552277810233, 'scale_lr': 0.5578960695274576}. Best is trial 374 with value: 0.3602400896382239.
checkpoint_e24 window_influence: 0.46699586782400399, penalty_k: 0.44446051012532228, scale_lr: 0.73845866490562539, EAO: 0.316
Trial 1081 finished with value: 0.315968580746929 and parameters: {'window_influence': 0.466995867824004, 'penalty_k': 0.4444605101253223, 'scale_lr': 0.7384586649056254}. Best is trial 374 with value: 0.3602400896382239.
checkpoint_e24 window_influence: 0.23034906216053869, penalty_k: 0.14822241595350566, scale_lr: 0.47322031684101629, EAO: 0.304
Trial 1082 finished with value: 0.3036201861234027 and parameters: {'window_influence': 0.2303490621605387, 'penalty_k': 0.14822241595350566, 'scale_lr': 0.4732203168410163}. Best is trial 374 with value: 0.3602400896382239.
checkpoint_e24 window_influence: 0.19004701514698238, penalty_k: 0.52454300324643977, scale_lr: 0.49606339107104080, EAO: 0.272
Trial 1083 finished with value: 0.2716365875784989 and parameters: {'window_influence': 0.19004701514698238, 'penalty_k': 0.5245430032464398, 'scale_lr': 0.4960633910710408}. Best is trial 374 with value: 0.3602400896382239.
checkpoint_e24 window_influence: 0.14962128099599972, penalty_k: 0.49866601505321767, scale_lr: 0.53232153336246213, EAO: 0.255
Trial 1084 finished with value: 0.25548059774511983 and parameters: {'window_influence': 0.14962128099599972, 'penalty_k': 0.49866601505321767, 'scale_lr': 0.5323215333624621}. Best is trial 374 with value: 0.3602400896382239.
checkpoint_e24 window_influence: 0.23879304626346903, penalty_k: 0.38346934854448367, scale_lr: 0.60072590601034292, EAO: 0.300
Trial 1085 finished with value: 0.3003516708018715 and parameters: {'window_influence': 0.23879304626346903, 'penalty_k': 0.38346934854448367, 'scale_lr': 0.6007259060103429}. Best is trial 374 with value: 0.3602400896382239.
checkpoint_e24 window_influence: 0.50776180993676556, penalty_k: 0.23249425060815665, scale_lr: 0.51210316797324595, EAO: 0.318
Trial 1086 finished with value: 0.31769733710743575 and parameters: {'window_influence': 0.5077618099367656, 'penalty_k': 0.23249425060815665, 'scale_lr': 0.512103167973246}. Best is trial 374 with value: 0.3602400896382239.
checkpoint_e24 window_influence: 0.28947712470266401, penalty_k: 0.05239070762617749, scale_lr: 0.43434539492956459, EAO: 0.305
Trial 1087 finished with value: 0.3049156138753149 and parameters: {'window_influence': 0.289477124702664, 'penalty_k': 0.05239070762617749, 'scale_lr': 0.4343453949295646}. Best is trial 374 with value: 0.3602400896382239.
checkpoint_e24 window_influence: 0.11868707896642358, penalty_k: 0.20161299410956804, scale_lr: 0.71379596416054081, EAO: 0.272
Trial 1088 finished with value: 0.27180974533353797 and parameters: {'window_influence': 0.11868707896642358, 'penalty_k': 0.20161299410956804, 'scale_lr': 0.7137959641605408}. Best is trial 374 with value: 0.3602400896382239.
checkpoint_e24 window_influence: 0.47896119337724585, penalty_k: 0.30316699645304379, scale_lr: 0.57482714253420597, EAO: 0.325
Trial 1089 finished with value: 0.3253866607460994 and parameters: {'window_influence': 0.47896119337724585, 'penalty_k': 0.3031669964530438, 'scale_lr': 0.574827142534206}. Best is trial 374 with value: 0.3602400896382239.
checkpoint_e24 window_influence: 0.42865159156974630, penalty_k: 0.41371988067717647, scale_lr: 0.78285186748808655, EAO: 0.309
Trial 1090 finished with value: 0.30949250646370396 and parameters: {'window_influence': 0.4286515915697463, 'penalty_k': 0.41371988067717647, 'scale_lr': 0.7828518674880866}. Best is trial 374 with value: 0.3602400896382239.
checkpoint_e24 window_influence: 0.45503516896102175, penalty_k: 0.53929176516827704, scale_lr: 0.61438658391543555, EAO: 0.309
Trial 1091 finished with value: 0.3092211153836566 and parameters: {'window_influence': 0.45503516896102175, 'penalty_k': 0.539291765168277, 'scale_lr': 0.6143865839154355}. Best is trial 374 with value: 0.3602400896382239.
checkpoint_e24 window_influence: 0.39541150126296809, penalty_k: 0.26277027858664315, scale_lr: 0.68057498226636493, EAO: 0.323
Trial 1092 finished with value: 0.3231716164703035 and parameters: {'window_influence': 0.3954115012629681, 'penalty_k': 0.26277027858664315, 'scale_lr': 0.6805749822663649}. Best is trial 374 with value: 0.3602400896382239.
checkpoint_e24 window_influence: 0.60463136662301298, penalty_k: 0.43122113834874098, scale_lr: 0.36521329657580026, EAO: 0.241
Trial 1093 finished with value: 0.24135059651697657 and parameters: {'window_influence': 0.604631366623013, 'penalty_k': 0.431221138348741, 'scale_lr': 0.36521329657580026}. Best is trial 374 with value: 0.3602400896382239.
checkpoint_e24 window_influence: 0.48514173662008381, penalty_k: 0.24044319874472403, scale_lr: 0.63655328434350200, EAO: 0.325
Trial 1094 finished with value: 0.32545723821170597 and parameters: {'window_influence': 0.4851417366200838, 'penalty_k': 0.24044319874472403, 'scale_lr': 0.636553284343502}. Best is trial 374 with value: 0.3602400896382239.
checkpoint_e24 window_influence: 0.46719853623293472, penalty_k: 0.21824569175432354, scale_lr: 0.23533745071512982, EAO: 0.320
Trial 1095 finished with value: 0.3203003180977899 and parameters: {'window_influence': 0.4671985362329347, 'penalty_k': 0.21824569175432354, 'scale_lr': 0.23533745071512982}. Best is trial 374 with value: 0.3602400896382239.
checkpoint_e24 window_influence: 0.49564299319934957, penalty_k: 0.07331020855719450, scale_lr: 0.52384296292160437, EAO: 0.316
Trial 1096 finished with value: 0.3163773796669704 and parameters: {'window_influence': 0.49564299319934957, 'penalty_k': 0.0733102085571945, 'scale_lr': 0.5238429629216044}. Best is trial 374 with value: 0.3602400896382239.
checkpoint_e24 window_influence: 0.44427542190011349, penalty_k: 0.56143877313851931, scale_lr: 0.50245016692123212, EAO: 0.331
Trial 1097 finished with value: 0.33074121670036466 and parameters: {'window_influence': 0.4442754219001135, 'penalty_k': 0.5614387731385193, 'scale_lr': 0.5024501669212321}. Best is trial 374 with value: 0.3602400896382239.
checkpoint_e24 window_influence: 0.53531876409061507, penalty_k: 0.35574638479447529, scale_lr: 0.75308755087018264, EAO: 0.287
Trial 1098 finished with value: 0.28666862503331925 and parameters: {'window_influence': 0.5353187640906151, 'penalty_k': 0.3557463847944753, 'scale_lr': 0.7530875508701826}. Best is trial 374 with value: 0.3602400896382239.
checkpoint_e24 window_influence: 0.35981768396993741, penalty_k: 0.00019647426773470, scale_lr: 0.54975186510827234, EAO: 0.310
Trial 1099 finished with value: 0.31001684359539344 and parameters: {'window_influence': 0.3598176839699374, 'penalty_k': 0.00019647426773469756, 'scale_lr': 0.5497518651082723}. Best is trial 374 with value: 0.3602400896382239.
checkpoint_e24 window_influence: 0.09933170583823403, penalty_k: 0.32688235887636841, scale_lr: 0.39949125968735399, EAO: 0.258
Trial 1100 finished with value: 0.25751087788477944 and parameters: {'window_influence': 0.09933170583823403, 'penalty_k': 0.3268823588763684, 'scale_lr': 0.399491259687354}. Best is trial 374 with value: 0.3602400896382239.
checkpoint_e24 window_influence: 0.47472215722158245, penalty_k: 0.27709502164210115, scale_lr: 0.48244037821274316, EAO: 0.333
Trial 1101 finished with value: 0.33349942268100696 and parameters: {'window_influence': 0.47472215722158245, 'penalty_k': 0.27709502164210115, 'scale_lr': 0.48244037821274316}. Best is trial 374 with value: 0.3602400896382239.
checkpoint_e24 window_influence: 0.45947120241794476, penalty_k: 0.37163923788500491, scale_lr: 0.53150006785458703, EAO: 0.337
Trial 1102 finished with value: 0.33744220325455127 and parameters: {'window_influence': 0.45947120241794476, 'penalty_k': 0.3716392378850049, 'scale_lr': 0.531500067854587}. Best is trial 374 with value: 0.3602400896382239.
checkpoint_e24 window_influence: 0.42146343146129212, penalty_k: 0.12204521048462254, scale_lr: 0.59158934221613979, EAO: 0.344
Trial 1103 finished with value: 0.34432057415928824 and parameters: {'window_influence': 0.4214634314612921, 'penalty_k': 0.12204521048462254, 'scale_lr': 0.5915893422161398}. Best is trial 374 with value: 0.3602400896382239.
checkpoint_e24 window_influence: 0.42200682230510145, penalty_k: 0.11083827154362441, scale_lr: 0.58752171944852949, EAO: 0.328
Trial 1104 finished with value: 0.3283022626480704 and parameters: {'window_influence': 0.42200682230510145, 'penalty_k': 0.11083827154362441, 'scale_lr': 0.5875217194485295}. Best is trial 374 with value: 0.3602400896382239.
checkpoint_e24 window_influence: 0.30293655705745870, penalty_k: 0.11303299058146341, scale_lr: 0.33721274498001497, EAO: 0.321
Trial 1105 finished with value: 0.32112330215682316 and parameters: {'window_influence': 0.3029365570574587, 'penalty_k': 0.1130329905814634, 'scale_lr': 0.33721274498001497}. Best is trial 374 with value: 0.3602400896382239.
checkpoint_e24 window_influence: 0.40826647068027933, penalty_k: 0.12945373472828700, scale_lr: 0.29457028796228857, EAO: 0.317
Trial 1106 finished with value: 0.3166252515543296 and parameters: {'window_influence': 0.4082664706802793, 'penalty_k': 0.129453734728287, 'scale_lr': 0.29457028796228857}. Best is trial 374 with value: 0.3602400896382239.
checkpoint_e24 window_influence: 0.06979084864392499, penalty_k: 0.14119976617867316, scale_lr: 0.44715922246496459, EAO: 0.251
Trial 1107 finished with value: 0.2514307086685752 and parameters: {'window_influence': 0.06979084864392499, 'penalty_k': 0.14119976617867316, 'scale_lr': 0.4471592224649646}. Best is trial 374 with value: 0.3602400896382239.
checkpoint_e24 window_influence: 0.40416282341257981, penalty_k: 0.11732095741569010, scale_lr: 0.57080205918383997, EAO: 0.305
Trial 1108 finished with value: 0.3049849359325862 and parameters: {'window_influence': 0.4041628234125798, 'penalty_k': 0.1173209574156901, 'scale_lr': 0.57080205918384}. Best is trial 374 with value: 0.3602400896382239.
checkpoint_e24 window_influence: 0.41853669357886569, penalty_k: 0.12252091406343819, scale_lr: 0.46677618452289182, EAO: 0.312
Trial 1109 finished with value: 0.31223708785461546 and parameters: {'window_influence': 0.4185366935788657, 'penalty_k': 0.1225209140634382, 'scale_lr': 0.4667761845228918}. Best is trial 374 with value: 0.3602400896382239.
checkpoint_e24 window_influence: 0.43254349168696737, penalty_k: 0.09961115083027140, scale_lr: 0.31170411101851925, EAO: 0.309
Trial 1110 finished with value: 0.309212960215858 and parameters: {'window_influence': 0.4325434916869674, 'penalty_k': 0.0996111508302714, 'scale_lr': 0.31170411101851925}. Best is trial 374 with value: 0.3602400896382239.
checkpoint_e24 window_influence: 0.51057162252494503, penalty_k: 0.15093249248358415, scale_lr: 0.49904433557689187, EAO: 0.331
Trial 1111 finished with value: 0.33092112566710447 and parameters: {'window_influence': 0.510571622524945, 'penalty_k': 0.15093249248358415, 'scale_lr': 0.4990443355768919}. Best is trial 374 with value: 0.3602400896382239.
checkpoint_e24 window_influence: 0.48765711334655387, penalty_k: 0.13644794834536225, scale_lr: 0.51714441360088648, EAO: 0.319
Trial 1112 finished with value: 0.31907933782278797 and parameters: {'window_influence': 0.48765711334655387, 'penalty_k': 0.13644794834536225, 'scale_lr': 0.5171444136008865}. Best is trial 374 with value: 0.3602400896382239.
checkpoint_e24 window_influence: 0.52180767226154501, penalty_k: 0.08596214005221176, scale_lr: 0.56126604650848311, EAO: 0.316
Trial 1113 finished with value: 0.31624114843889894 and parameters: {'window_influence': 0.521807672261545, 'penalty_k': 0.08596214005221176, 'scale_lr': 0.5612660465084831}. Best is trial 374 with value: 0.3602400896382239.
checkpoint_e24 window_influence: 0.44138219273389162, penalty_k: 0.29036500666679266, scale_lr: 0.59344235358814024, EAO: 0.313
Trial 1114 finished with value: 0.31300080268995306 and parameters: {'window_influence': 0.4413821927338916, 'penalty_k': 0.29036500666679266, 'scale_lr': 0.5934423535881402}. Best is trial 374 with value: 0.3602400896382239.
checkpoint_e24 window_influence: 0.47351229461080718, penalty_k: 0.09351811776164422, scale_lr: 0.11061688407927756, EAO: 0.323
Trial 1115 finished with value: 0.323384116885727 and parameters: {'window_influence': 0.4735122946108072, 'penalty_k': 0.09351811776164422, 'scale_lr': 0.11061688407927756}. Best is trial 374 with value: 0.3602400896382239.
checkpoint_e24 window_influence: 0.28131469786297358, penalty_k: 0.16901488319593619, scale_lr: 0.58025353141227876, EAO: 0.311
Trial 1116 finished with value: 0.3107898003396357 and parameters: {'window_influence': 0.2813146978629736, 'penalty_k': 0.1690148831959362, 'scale_lr': 0.5802535314122788}. Best is trial 374 with value: 0.3602400896382239.
checkpoint_e24 window_influence: 0.38469079714800825, penalty_k: 0.10379114329160646, scale_lr: 0.48958750506500026, EAO: 0.299
Trial 1117 finished with value: 0.2989157736881234 and parameters: {'window_influence': 0.38469079714800825, 'penalty_k': 0.10379114329160646, 'scale_lr': 0.48958750506500026}. Best is trial 374 with value: 0.3602400896382239.
checkpoint_e24 window_influence: 0.49942994928195295, penalty_k: 0.47734523434918547, scale_lr: 0.54259591635594639, EAO: 0.303
Trial 1118 finished with value: 0.30260371442898704 and parameters: {'window_influence': 0.49942994928195295, 'penalty_k': 0.47734523434918547, 'scale_lr': 0.5425959163559464}. Best is trial 374 with value: 0.3602400896382239.
checkpoint_e24 window_influence: 0.42773002845487701, penalty_k: 0.25259675019963784, scale_lr: 0.42832382679008507, EAO: 0.321
Trial 1119 finished with value: 0.3206664883904884 and parameters: {'window_influence': 0.427730028454877, 'penalty_k': 0.25259675019963784, 'scale_lr': 0.42832382679008507}. Best is trial 374 with value: 0.3602400896382239.
checkpoint_e24 window_influence: 0.45791441161288227, penalty_k: 0.12708617979912720, scale_lr: 0.50977849648406737, EAO: 0.334
Trial 1120 finished with value: 0.3344711113996543 and parameters: {'window_influence': 0.45791441161288227, 'penalty_k': 0.1270861797991272, 'scale_lr': 0.5097784964840674}. Best is trial 374 with value: 0.3602400896382239.
checkpoint_e24 window_influence: 0.48282024723765021, penalty_k: 0.01855224328967270, scale_lr: 0.52879202031639672, EAO: 0.330
Trial 1121 finished with value: 0.3302991077129943 and parameters: {'window_influence': 0.4828202472376502, 'penalty_k': 0.018552243289672702, 'scale_lr': 0.5287920203163967}. Best is trial 374 with value: 0.3602400896382239.
checkpoint_e24 window_influence: 0.46722772169345855, penalty_k: 0.58613550889680810, scale_lr: 0.55560040994493198, EAO: 0.326
Trial 1122 finished with value: 0.3260703064820182 and parameters: {'window_influence': 0.46722772169345855, 'penalty_k': 0.5861355088968081, 'scale_lr': 0.555600409944932}. Best is trial 374 with value: 0.3602400896382239.
checkpoint_e24 window_influence: 0.44981256540031217, penalty_k: 0.20889939401196406, scale_lr: 0.60084849992981304, EAO: 0.336
Trial 1123 finished with value: 0.3363152636860131 and parameters: {'window_influence': 0.44981256540031217, 'penalty_k': 0.20889939401196406, 'scale_lr': 0.600848499929813}. Best is trial 374 with value: 0.3602400896382239.
checkpoint_e24 window_influence: 0.49354299663629575, penalty_k: 0.18760101813886881, scale_lr: 0.47481630112898221, EAO: 0.336
Trial 1124 finished with value: 0.3356696966789112 and parameters: {'window_influence': 0.49354299663629575, 'penalty_k': 0.1876010181388688, 'scale_lr': 0.4748163011289822}. Best is trial 374 with value: 0.3602400896382239.
checkpoint_e24 window_influence: 0.50923877331258560, penalty_k: 0.50389913987887325, scale_lr: 0.45885596806636719, EAO: 0.279
Trial 1125 finished with value: 0.27853177024000814 and parameters: {'window_influence': 0.5092387733125856, 'penalty_k': 0.5038991398788732, 'scale_lr': 0.4588559680663672}. Best is trial 374 with value: 0.3602400896382239.
checkpoint_e24 window_influence: 0.62966863726452926, penalty_k: 0.15529488705494651, scale_lr: 0.51677067558428691, EAO: 0.239
Trial 1126 finished with value: 0.23917402274877644 and parameters: {'window_influence': 0.6296686372645293, 'penalty_k': 0.1552948870549465, 'scale_lr': 0.5167706755842869}. Best is trial 374 with value: 0.3602400896382239.
checkpoint_e24 window_influence: 0.43470032169923717, penalty_k: 0.55101310179613361, scale_lr: 0.50286346643972824, EAO: 0.330
Trial 1127 finished with value: 0.33041184781126476 and parameters: {'window_influence': 0.43470032169923717, 'penalty_k': 0.5510131017961336, 'scale_lr': 0.5028634664397282}. Best is trial 374 with value: 0.3602400896382239.
checkpoint_e24 window_influence: 0.39666696856389905, penalty_k: 0.06410472059769189, scale_lr: 0.36098236608763817, EAO: 0.338
Trial 1128 finished with value: 0.33783077335543205 and parameters: {'window_influence': 0.39666696856389905, 'penalty_k': 0.06410472059769189, 'scale_lr': 0.3609823660876382}. Best is trial 374 with value: 0.3602400896382239.
checkpoint_e24 window_influence: 0.47845895989425102, penalty_k: 0.04449200329457582, scale_lr: 0.57993456992076364, EAO: 0.314
Trial 1129 finished with value: 0.31397710902913534 and parameters: {'window_influence': 0.478458959894251, 'penalty_k': 0.044492003294575824, 'scale_lr': 0.5799345699207636}. Best is trial 374 with value: 0.3602400896382239.
checkpoint_e24 window_influence: 0.58002126578563007, penalty_k: 0.46156639010563377, scale_lr: 0.54266955275651740, EAO: 0.251
Trial 1130 finished with value: 0.2508458706771353 and parameters: {'window_influence': 0.5800212657856301, 'penalty_k': 0.4615663901056338, 'scale_lr': 0.5426695527565174}. Best is trial 374 with value: 0.3602400896382239.
checkpoint_e24 window_influence: 0.46212009426268863, penalty_k: 0.53107504798511507, scale_lr: 0.48973464618863682, EAO: 0.312
Trial 1131 finished with value: 0.31219986504385905 and parameters: {'window_influence': 0.46212009426268863, 'penalty_k': 0.5310750479851151, 'scale_lr': 0.4897346461886368}. Best is trial 374 with value: 0.3602400896382239.
checkpoint_e24 window_influence: 0.41603063681956265, penalty_k: 0.59977556515775077, scale_lr: 0.56553698798265106, EAO: 0.313
Trial 1132 finished with value: 0.3131068561095672 and parameters: {'window_influence': 0.41603063681956265, 'penalty_k': 0.5997755651577508, 'scale_lr': 0.5655369879826511}. Best is trial 374 with value: 0.3602400896382239.
checkpoint_e24 window_influence: 0.44856425085081292, penalty_k: 0.07575898628163305, scale_lr: 0.38729949540248343, EAO: 0.329
Trial 1133 finished with value: 0.32937288603198206 and parameters: {'window_influence': 0.4485642508508129, 'penalty_k': 0.07575898628163305, 'scale_lr': 0.38729949540248343}. Best is trial 374 with value: 0.3602400896382239.
checkpoint_e24 window_influence: 0.49914286994689611, penalty_k: 0.51884079003941896, scale_lr: 0.61131721290844931, EAO: 0.290
