Trial 266 finished with value: 0.3323510726370236 and parameters: {'window_influence': 0.5037206598816234, 'penalty_k': 0.12855916727304115, 'scale_lr': 0.532228722352724}. Best is trial 250 with value: 0.34794955320859233.
checkpoint_e24 window_influence: 0.49971060700210518, penalty_k: 0.12123207984438220, scale_lr: 0.50684262400039715, EAO: 0.342
Trial 267 finished with value: 0.34243508257290733 and parameters: {'window_influence': 0.4997106070021052, 'penalty_k': 0.1212320798443822, 'scale_lr': 0.5068426240003971}. Best is trial 250 with value: 0.34794955320859233.
checkpoint_e24 window_influence: 0.51625584710280115, penalty_k: 0.12402580908897252, scale_lr: 0.49479539480700530, EAO: 0.303
Trial 268 finished with value: 0.3030326042889621 and parameters: {'window_influence': 0.5162558471028011, 'penalty_k': 0.12402580908897252, 'scale_lr': 0.4947953948070053}. Best is trial 250 with value: 0.34794955320859233.
checkpoint_e24 window_influence: 0.50310626708706119, penalty_k: 0.11938332421549550, scale_lr: 0.50618324954099514, EAO: 0.310
Trial 269 finished with value: 0.30952947908570333 and parameters: {'window_influence': 0.5031062670870612, 'penalty_k': 0.1193833242154955, 'scale_lr': 0.5061832495409951}. Best is trial 250 with value: 0.34794955320859233.
checkpoint_e24 window_influence: 0.53340994535012187, penalty_k: 0.14546863275578237, scale_lr: 0.51751046950131419, EAO: 0.312
Trial 270 finished with value: 0.3123380740097061 and parameters: {'window_influence': 0.5334099453501219, 'penalty_k': 0.14546863275578237, 'scale_lr': 0.5175104695013142}. Best is trial 250 with value: 0.34794955320859233.
checkpoint_e24 window_influence: 0.52285150203212438, penalty_k: 0.11179833982064048, scale_lr: 0.53557391739182914, EAO: 0.301
Trial 271 finished with value: 0.30111304082063384 and parameters: {'window_influence': 0.5228515020321244, 'penalty_k': 0.11179833982064048, 'scale_lr': 0.5355739173918291}. Best is trial 250 with value: 0.34794955320859233.
checkpoint_e24 window_influence: 0.50681661199804806, penalty_k: 0.09190909799311568, scale_lr: 0.48728551292416344, EAO: 0.326
Trial 272 finished with value: 0.3259930415260189 and parameters: {'window_influence': 0.5068166119980481, 'penalty_k': 0.09190909799311568, 'scale_lr': 0.48728551292416344}. Best is trial 250 with value: 0.34794955320859233.
checkpoint_e24 window_influence: 0.49740338707667708, penalty_k: 0.11767422853923624, scale_lr: 0.53144086261433532, EAO: 0.321
Trial 273 finished with value: 0.32086561962324356 and parameters: {'window_influence': 0.4974033870766771, 'penalty_k': 0.11767422853923624, 'scale_lr': 0.5314408626143353}. Best is trial 250 with value: 0.34794955320859233.
checkpoint_e24 window_influence: 0.50734758913612454, penalty_k: 0.13429019585759217, scale_lr: 0.58343842849969585, EAO: 0.318
Trial 274 finished with value: 0.3183994645738416 and parameters: {'window_influence': 0.5073475891361245, 'penalty_k': 0.13429019585759217, 'scale_lr': 0.5834384284996958}. Best is trial 250 with value: 0.34794955320859233.
checkpoint_e24 window_influence: 0.48641647395877752, penalty_k: 0.14146870484694365, scale_lr: 0.56511854101794068, EAO: 0.312
Trial 275 finished with value: 0.3117515796121456 and parameters: {'window_influence': 0.4864164739587775, 'penalty_k': 0.14146870484694365, 'scale_lr': 0.5651185410179407}. Best is trial 250 with value: 0.34794955320859233.
checkpoint_e24 window_influence: 0.49801921723598530, penalty_k: 0.11403351237610958, scale_lr: 0.50572657659292020, EAO: 0.338
Trial 276 finished with value: 0.3376446554169117 and parameters: {'window_influence': 0.4980192172359853, 'penalty_k': 0.11403351237610958, 'scale_lr': 0.5057265765929202}. Best is trial 250 with value: 0.34794955320859233.
checkpoint_e24 window_influence: 0.52813655734254761, penalty_k: 0.10971877021904274, scale_lr: 0.52426344197006058, EAO: 0.294
Trial 277 finished with value: 0.29378397467071443 and parameters: {'window_influence': 0.5281365573425476, 'penalty_k': 0.10971877021904274, 'scale_lr': 0.5242634419700606}. Best is trial 250 with value: 0.34794955320859233.
checkpoint_e24 window_influence: 0.50367744738098963, penalty_k: 0.11850057339658118, scale_lr: 0.50611226099029516, EAO: 0.314
Trial 278 finished with value: 0.31415944340627944 and parameters: {'window_influence': 0.5036774473809896, 'penalty_k': 0.11850057339658118, 'scale_lr': 0.5061122609902952}. Best is trial 250 with value: 0.34794955320859233.
checkpoint_e24 window_influence: 0.49719175864435705, penalty_k: 0.12802491923399523, scale_lr: 0.48397178942756736, EAO: 0.321
Trial 279 finished with value: 0.3209082249421554 and parameters: {'window_influence': 0.49719175864435705, 'penalty_k': 0.12802491923399523, 'scale_lr': 0.48397178942756736}. Best is trial 250 with value: 0.34794955320859233.
checkpoint_e24 window_influence: 0.48108947364617399, penalty_k: 0.10068559852664957, scale_lr: 0.52680709872401987, EAO: 0.354
Trial 280 finished with value: 0.35355620405089533 and parameters: {'window_influence': 0.481089473646174, 'penalty_k': 0.10068559852664957, 'scale_lr': 0.5268070987240199}. Best is trial 280 with value: 0.35355620405089533.
checkpoint_e24 window_influence: 0.48439904206662832, penalty_k: 0.11148170006785925, scale_lr: 0.50694939686096507, EAO: 0.309
Trial 281 finished with value: 0.30880352779353176 and parameters: {'window_influence': 0.4843990420666283, 'penalty_k': 0.11148170006785925, 'scale_lr': 0.5069493968609651}. Best is trial 280 with value: 0.35355620405089533.
checkpoint_e24 window_influence: 0.51019794489900527, penalty_k: 0.09862310968872585, scale_lr: 0.52016833681006780, EAO: 0.325
Trial 282 finished with value: 0.3253729019879367 and parameters: {'window_influence': 0.5101979448990053, 'penalty_k': 0.09862310968872585, 'scale_lr': 0.5201683368100678}. Best is trial 280 with value: 0.35355620405089533.
checkpoint_e24 window_influence: 0.48356478533486325, penalty_k: 0.08283285652777291, scale_lr: 0.53709886763147718, EAO: 0.341
Trial 283 finished with value: 0.340802422873241 and parameters: {'window_influence': 0.48356478533486325, 'penalty_k': 0.0828328565277729, 'scale_lr': 0.5370988676314772}. Best is trial 280 with value: 0.35355620405089533.
checkpoint_e24 window_influence: 0.52012086935282675, penalty_k: 0.07893548481256223, scale_lr: 0.53171602288384812, EAO: 0.305
Trial 284 finished with value: 0.30518364343893667 and parameters: {'window_influence': 0.5201208693528268, 'penalty_k': 0.07893548481256223, 'scale_lr': 0.5317160228838481}. Best is trial 280 with value: 0.35355620405089533.
checkpoint_e24 window_influence: 0.49269020099085997, penalty_k: 0.08706720139617159, scale_lr: 0.54471102958031603, EAO: 0.314
Trial 285 finished with value: 0.313882998339397 and parameters: {'window_influence': 0.49269020099085997, 'penalty_k': 0.08706720139617159, 'scale_lr': 0.544711029580316}. Best is trial 280 with value: 0.35355620405089533.
checkpoint_e24 window_influence: 0.48122668350164122, penalty_k: 0.10304957284870307, scale_lr: 0.47047289015969812, EAO: 0.316
Trial 286 finished with value: 0.31610579893050955 and parameters: {'window_influence': 0.4812266835016412, 'penalty_k': 0.10304957284870307, 'scale_lr': 0.4704728901596981}. Best is trial 280 with value: 0.35355620405089533.
checkpoint_e24 window_influence: 0.55330818978640917, penalty_k: 0.07130402313807968, scale_lr: 0.51241955080793544, EAO: 0.285
Trial 287 finished with value: 0.28500636246649674 and parameters: {'window_influence': 0.5533081897864092, 'penalty_k': 0.07130402313807968, 'scale_lr': 0.5124195508079354}. Best is trial 280 with value: 0.35355620405089533.
checkpoint_e24 window_influence: 0.47245065571020795, penalty_k: 0.13236501704264800, scale_lr: 0.52810483595664826, EAO: 0.323
Trial 288 finished with value: 0.32255962456246756 and parameters: {'window_influence': 0.47245065571020795, 'penalty_k': 0.132365017042648, 'scale_lr': 0.5281048359566483}. Best is trial 280 with value: 0.35355620405089533.
checkpoint_e24 window_influence: 0.50016328264057686, penalty_k: 0.09415840508845662, scale_lr: 0.55567665762321794, EAO: 0.307
Trial 289 finished with value: 0.3070833098563703 and parameters: {'window_influence': 0.5001632826405769, 'penalty_k': 0.09415840508845662, 'scale_lr': 0.5556766576232179}. Best is trial 280 with value: 0.35355620405089533.
checkpoint_e24 window_influence: 0.48072746108324743, penalty_k: 0.11082722599140538, scale_lr: 0.53472216380392856, EAO: 0.316
Trial 290 finished with value: 0.3157851392772875 and parameters: {'window_influence': 0.48072746108324743, 'penalty_k': 0.11082722599140538, 'scale_lr': 0.5347221638039286}. Best is trial 280 with value: 0.35355620405089533.
checkpoint_e24 window_influence: 0.48746302043498069, penalty_k: 0.13078824257995383, scale_lr: 0.49789759205850792, EAO: 0.321
Trial 291 finished with value: 0.3206137457014522 and parameters: {'window_influence': 0.4874630204349807, 'penalty_k': 0.13078824257995383, 'scale_lr': 0.4978975920585079}. Best is trial 280 with value: 0.35355620405089533.
checkpoint_e24 window_influence: 0.51440468434282938, penalty_k: 0.39639341649597248, scale_lr: 0.51630807246962751, EAO: 0.296
Trial 292 finished with value: 0.296410042662101 and parameters: {'window_influence': 0.5144046843428294, 'penalty_k': 0.3963934164959725, 'scale_lr': 0.5163080724696275}. Best is trial 280 with value: 0.35355620405089533.
checkpoint_e24 window_influence: 0.46849073584609008, penalty_k: 0.28565461332458553, scale_lr: 0.58928537201867937, EAO: 0.311
Trial 293 finished with value: 0.31148789353407774 and parameters: {'window_influence': 0.4684907358460901, 'penalty_k': 0.2856546133245855, 'scale_lr': 0.5892853720186794}. Best is trial 280 with value: 0.35355620405089533.
checkpoint_e24 window_influence: 0.49570459324098909, penalty_k: 0.08158560215062320, scale_lr: 0.57494275940544082, EAO: 0.315
Trial 294 finished with value: 0.31548613564977385 and parameters: {'window_influence': 0.4957045932409891, 'penalty_k': 0.0815856021506232, 'scale_lr': 0.5749427594054408}. Best is trial 280 with value: 0.35355620405089533.
checkpoint_e24 window_influence: 0.47241359470133720, penalty_k: 0.09756850492413902, scale_lr: 0.55523928320353344, EAO: 0.309
Trial 295 finished with value: 0.3087732266011405 and parameters: {'window_influence': 0.4724135947013372, 'penalty_k': 0.09756850492413902, 'scale_lr': 0.5552392832035334}. Best is trial 280 with value: 0.35355620405089533.
checkpoint_e24 window_influence: 0.48452192020496737, penalty_k: 0.15192406430439695, scale_lr: 0.54046082118742478, EAO: 0.347
Trial 296 finished with value: 0.3468255778694895 and parameters: {'window_influence': 0.48452192020496737, 'penalty_k': 0.15192406430439695, 'scale_lr': 0.5404608211874248}. Best is trial 280 with value: 0.35355620405089533.
checkpoint_e24 window_influence: 0.53701705278264911, penalty_k: 0.45003369704403096, scale_lr: 0.53885568386155580, EAO: 0.286
Trial 297 finished with value: 0.2863034644827305 and parameters: {'window_influence': 0.5370170527826491, 'penalty_k': 0.45003369704403096, 'scale_lr': 0.5388556838615558}. Best is trial 280 with value: 0.35355620405089533.
checkpoint_e24 window_influence: 0.50038696515978531, penalty_k: 0.14673060442023605, scale_lr: 0.50600044756579998, EAO: 0.337
Trial 298 finished with value: 0.3374761027584744 and parameters: {'window_influence': 0.5003869651597853, 'penalty_k': 0.14673060442023605, 'scale_lr': 0.5060004475658}. Best is trial 280 with value: 0.35355620405089533.
checkpoint_e24 window_influence: 0.52455896235656008, penalty_k: 0.13558772212414488, scale_lr: 0.48008928969336273, EAO: 0.315
Trial 299 finished with value: 0.31523051249146 and parameters: {'window_influence': 0.5245589623565601, 'penalty_k': 0.13558772212414488, 'scale_lr': 0.48008928969336273}. Best is trial 280 with value: 0.35355620405089533.
checkpoint_e24 window_influence: 0.50476074611900545, penalty_k: 0.10925473605396707, scale_lr: 0.50124054622488956, EAO: 0.329
Trial 300 finished with value: 0.32931510854787865 and parameters: {'window_influence': 0.5047607461190055, 'penalty_k': 0.10925473605396707, 'scale_lr': 0.5012405462248896}. Best is trial 280 with value: 0.35355620405089533.
checkpoint_e24 window_influence: 0.49191615997648119, penalty_k: 0.12040134435952285, scale_lr: 0.46909869972522716, EAO: 0.330
Trial 301 finished with value: 0.3300611197020757 and parameters: {'window_influence': 0.4919161599764812, 'penalty_k': 0.12040134435952285, 'scale_lr': 0.46909869972522716}. Best is trial 280 with value: 0.35355620405089533.
checkpoint_e24 window_influence: 0.51503060631047759, penalty_k: 0.06740386350484542, scale_lr: 0.51811103876053954, EAO: 0.353
Trial 302 finished with value: 0.3525378632174392 and parameters: {'window_influence': 0.5150306063104776, 'penalty_k': 0.06740386350484542, 'scale_lr': 0.5181110387605395}. Best is trial 280 with value: 0.35355620405089533.
checkpoint_e24 window_influence: 0.50758697594606905, penalty_k: 0.14746092899207447, scale_lr: 0.50800175953851123, EAO: 0.328
Trial 303 finished with value: 0.3276870966769378 and parameters: {'window_influence': 0.507586975946069, 'penalty_k': 0.14746092899207447, 'scale_lr': 0.5080017595385112}. Best is trial 280 with value: 0.35355620405089533.
checkpoint_e24 window_influence: 0.52097783554266219, penalty_k: 0.06122361473163158, scale_lr: 0.51974610194903914, EAO: 0.316
Trial 304 finished with value: 0.31573240180655676 and parameters: {'window_influence': 0.5209778355426622, 'penalty_k': 0.061223614731631584, 'scale_lr': 0.5197461019490391}. Best is trial 280 with value: 0.35355620405089533.
checkpoint_e24 window_influence: 0.35992205882954509, penalty_k: 0.06826197965059644, scale_lr: 0.57218884156464522, EAO: 0.306
Trial 305 finished with value: 0.3064476557742761 and parameters: {'window_influence': 0.3599220588295451, 'penalty_k': 0.06826197965059644, 'scale_lr': 0.5721888415646452}. Best is trial 280 with value: 0.35355620405089533.
checkpoint_e24 window_influence: 0.51410934504461792, penalty_k: 0.15602706971126112, scale_lr: 0.54800179471936028, EAO: 0.324
Trial 306 finished with value: 0.32436685843922286 and parameters: {'window_influence': 0.5141093450446179, 'penalty_k': 0.15602706971126112, 'scale_lr': 0.5480017947193603}. Best is trial 280 with value: 0.35355620405089533.
checkpoint_e24 window_influence: 0.49837884990613907, penalty_k: 0.04756325662500236, scale_lr: 0.49540023754748425, EAO: 0.315
Trial 307 finished with value: 0.31513125174008455 and parameters: {'window_influence': 0.49837884990613907, 'penalty_k': 0.04756325662500236, 'scale_lr': 0.49540023754748425}. Best is trial 280 with value: 0.35355620405089533.
checkpoint_e24 window_influence: 0.48476254256541185, penalty_k: 0.09912740033427148, scale_lr: 0.59617397347827805, EAO: 0.317
Trial 308 finished with value: 0.317430992766577 and parameters: {'window_influence': 0.48476254256541185, 'penalty_k': 0.09912740033427148, 'scale_lr': 0.596173973478278}. Best is trial 280 with value: 0.35355620405089533.
checkpoint_e24 window_influence: 0.53144110590013016, penalty_k: 0.15290384846496938, scale_lr: 0.52138801197829376, EAO: 0.305
Trial 309 finished with value: 0.3048757362226568 and parameters: {'window_influence': 0.5314411059001302, 'penalty_k': 0.15290384846496938, 'scale_lr': 0.5213880119782938}. Best is trial 280 with value: 0.35355620405089533.
checkpoint_e24 window_influence: 0.50109295026606715, penalty_k: 0.03584353276374248, scale_lr: 0.56331071420596257, EAO: 0.333
Trial 310 finished with value: 0.3325479744937169 and parameters: {'window_influence': 0.5010929502660671, 'penalty_k': 0.03584353276374248, 'scale_lr': 0.5633107142059626}. Best is trial 280 with value: 0.35355620405089533.
checkpoint_e24 window_influence: 0.51219298715373274, penalty_k: 0.04047515416736719, scale_lr: 0.55658936975936202, EAO: 0.328
Trial 311 finished with value: 0.32783065197068895 and parameters: {'window_influence': 0.5121929871537327, 'penalty_k': 0.04047515416736719, 'scale_lr': 0.556589369759362}. Best is trial 280 with value: 0.35355620405089533.
checkpoint_e24 window_influence: 0.50013917256655782, penalty_k: 0.08122094577006543, scale_lr: 0.54198580702623289, EAO: 0.322
Trial 312 finished with value: 0.3219706480489167 and parameters: {'window_influence': 0.5001391725665578, 'penalty_k': 0.08122094577006543, 'scale_lr': 0.5419858070262329}. Best is trial 280 with value: 0.35355620405089533.
checkpoint_e24 window_influence: 0.48997309335318018, penalty_k: 0.01871256504762690, scale_lr: 0.58143442717105631, EAO: 0.346
Trial 313 finished with value: 0.34600589166355505 and parameters: {'window_influence': 0.4899730933531802, 'penalty_k': 0.018712565047626903, 'scale_lr': 0.5814344271710563}. Best is trial 280 with value: 0.35355620405089533.
checkpoint_e24 window_influence: 0.49619592673964136, penalty_k: 0.00996588140680323, scale_lr: 0.56632114912974718, EAO: 0.324
Trial 314 finished with value: 0.32377142943296916 and parameters: {'window_influence': 0.49619592673964136, 'penalty_k': 0.009965881406803233, 'scale_lr': 0.5663211491297472}. Best is trial 280 with value: 0.35355620405089533.
checkpoint_e24 window_influence: 0.54216071589074111, penalty_k: 0.03609051292256616, scale_lr: 0.58304271674525510, EAO: 0.302
Trial 315 finished with value: 0.30228860432767685 and parameters: {'window_influence': 0.5421607158907411, 'penalty_k': 0.03609051292256616, 'scale_lr': 0.5830427167452551}. Best is trial 280 with value: 0.35355620405089533.
checkpoint_e24 window_influence: 0.52257837822656772, penalty_k: 0.03807665892710450, scale_lr: 0.57686995990840928, EAO: 0.298
Trial 316 finished with value: 0.2975578059946053 and parameters: {'window_influence': 0.5225783782265677, 'penalty_k': 0.038076658927104504, 'scale_lr': 0.5768699599084093}. Best is trial 280 with value: 0.35355620405089533.
checkpoint_e24 window_influence: 0.50824915892472633, penalty_k: 0.03209379079091079, scale_lr: 0.59336654234370867, EAO: 0.327
Trial 317 finished with value: 0.32731166470375506 and parameters: {'window_influence': 0.5082491589247263, 'penalty_k': 0.032093790790910785, 'scale_lr': 0.5933665423437087}. Best is trial 280 with value: 0.35355620405089533.
checkpoint_e24 window_influence: 0.34535459945600977, penalty_k: 0.05655897920400170, scale_lr: 0.56674268730999999, EAO: 0.317
Trial 318 finished with value: 0.316536115185296 and parameters: {'window_influence': 0.34535459945600977, 'penalty_k': 0.0565589792040017, 'scale_lr': 0.56674268731}. Best is trial 280 with value: 0.35355620405089533.
checkpoint_e24 window_influence: 0.48952345942556252, penalty_k: 0.00411460565620517, scale_lr: 0.61130711879102639, EAO: 0.339
Trial 319 finished with value: 0.33879938872407844 and parameters: {'window_influence': 0.4895234594255625, 'penalty_k': 0.004114605656205172, 'scale_lr': 0.6113071187910264}. Best is trial 280 with value: 0.35355620405089533.
checkpoint_e24 window_influence: 0.48657036868934322, penalty_k: 0.01550815344385652, scale_lr: 0.60919835695421143, EAO: 0.324
Trial 320 finished with value: 0.32433358316059707 and parameters: {'window_influence': 0.4865703686893432, 'penalty_k': 0.015508153443856521, 'scale_lr': 0.6091983569542114}. Best is trial 280 with value: 0.35355620405089533.
checkpoint_e24 window_influence: 0.56482735896267877, penalty_k: 0.00055261013037462, scale_lr: 0.60659432218357989, EAO: 0.276
Trial 321 finished with value: 0.2757423976400019 and parameters: {'window_influence': 0.5648273589626788, 'penalty_k': 0.0005526101303746185, 'scale_lr': 0.6065943221835799}. Best is trial 280 with value: 0.35355620405089533.
checkpoint_e24 window_influence: 0.50021159919950198, penalty_k: 0.01951819216496046, scale_lr: 0.54673483720840177, EAO: 0.323
Trial 322 finished with value: 0.3231019057072554 and parameters: {'window_influence': 0.500211599199502, 'penalty_k': 0.01951819216496046, 'scale_lr': 0.5467348372084018}. Best is trial 280 with value: 0.35355620405089533.
checkpoint_e24 window_influence: 0.51677778505805749, penalty_k: 0.01711770926040476, scale_lr: 0.50059416186378458, EAO: 0.336
Trial 323 finished with value: 0.33637929855617565 and parameters: {'window_influence': 0.5167777850580575, 'penalty_k': 0.01711770926040476, 'scale_lr': 0.5005941618637846}. Best is trial 280 with value: 0.35355620405089533.
checkpoint_e24 window_influence: 0.52753884544163188, penalty_k: 0.01545953061148070, scale_lr: 0.50562982011114954, EAO: 0.316
Trial 324 finished with value: 0.316444627853683 and parameters: {'window_influence': 0.5275388454416319, 'penalty_k': 0.0154595306114807, 'scale_lr': 0.5056298201111495}. Best is trial 280 with value: 0.35355620405089533.
checkpoint_e24 window_influence: 0.51460352498528716, penalty_k: 0.03120138356810378, scale_lr: 0.47782962631760534, EAO: 0.334
Trial 325 finished with value: 0.33392705585706095 and parameters: {'window_influence': 0.5146035249852872, 'penalty_k': 0.03120138356810378, 'scale_lr': 0.47782962631760534}. Best is trial 280 with value: 0.35355620405089533.
checkpoint_e24 window_influence: 0.51286495581993707, penalty_k: 0.03016967371606854, scale_lr: 0.48285583791450754, EAO: 0.323
Trial 326 finished with value: 0.32302285875791703 and parameters: {'window_influence': 0.5128649558199371, 'penalty_k': 0.03016967371606854, 'scale_lr': 0.48285583791450754}. Best is trial 280 with value: 0.35355620405089533.
checkpoint_e24 window_influence: 0.54081794396295257, penalty_k: 0.00322729055338759, scale_lr: 0.50406537945875463, EAO: 0.302
Trial 327 finished with value: 0.30192897436915667 and parameters: {'window_influence': 0.5408179439629526, 'penalty_k': 0.00322729055338759, 'scale_lr': 0.5040653794587546}. Best is trial 280 with value: 0.35355620405089533.
checkpoint_e24 window_influence: 0.51678387285797089, penalty_k: 0.02394588216706837, scale_lr: 0.46270053489248053, EAO: 0.327
