Trial 1462 finished with value: 0.2439745260467789 and parameters: {'window_influence': 0.6413104566703812, 'penalty_k': 0.12478722293155015, 'scale_lr': 0.45467506595587154}. Best is trial 896 with value: 0.3777425812144224.
checkpoint_e33 window_influence: 0.57404015199925562, penalty_k: 0.59253679637007761, scale_lr: 0.12455418237393950, EAO: 0.256
Trial 1463 finished with value: 0.2559006306331909 and parameters: {'window_influence': 0.5740401519992556, 'penalty_k': 0.5925367963700776, 'scale_lr': 0.1245541823739395}. Best is trial 896 with value: 0.3777425812144224.
checkpoint_e33 window_influence: 0.64965023782320575, penalty_k: 0.01949034343501134, scale_lr: 0.31193310578269917, EAO: 0.243
Trial 1464 finished with value: 0.24328293109218435 and parameters: {'window_influence': 0.6496502378232057, 'penalty_k': 0.01949034343501134, 'scale_lr': 0.31193310578269917}. Best is trial 896 with value: 0.3777425812144224.
checkpoint_e33 window_influence: 0.46285567038638742, penalty_k: 0.47948226964334795, scale_lr: 0.75874357734265374, EAO: 0.319
Trial 1465 finished with value: 0.3194069700018441 and parameters: {'window_influence': 0.4628556703863874, 'penalty_k': 0.47948226964334795, 'scale_lr': 0.7587435773426537}. Best is trial 896 with value: 0.3777425812144224.
checkpoint_e33 window_influence: 0.47715705506189560, penalty_k: 0.55135723330226361, scale_lr: 0.35955534451478838, EAO: 0.317
Trial 1466 finished with value: 0.3172257125725542 and parameters: {'window_influence': 0.4771570550618956, 'penalty_k': 0.5513572333022636, 'scale_lr': 0.3595553445147884}. Best is trial 896 with value: 0.3777425812144224.
checkpoint_e33 window_influence: 0.31404967588869531, penalty_k: 0.00006436429334641, scale_lr: 0.43258839524834580, EAO: 0.298
Trial 1467 finished with value: 0.2978308080815156 and parameters: {'window_influence': 0.3140496758886953, 'penalty_k': 6.436429334641044e-05, 'scale_lr': 0.4325883952483458}. Best is trial 896 with value: 0.3777425812144224.
checkpoint_e33 window_influence: 0.31516662093210807, penalty_k: 0.31472514442072125, scale_lr: 0.66395699595376823, EAO: 0.308
Trial 1468 finished with value: 0.307942460715075 and parameters: {'window_influence': 0.31516662093210807, 'penalty_k': 0.31472514442072125, 'scale_lr': 0.6639569959537682}. Best is trial 896 with value: 0.3777425812144224.
checkpoint_e33 window_influence: 0.43491667996187300, penalty_k: 0.05124487391969666, scale_lr: 0.50336187610665983, EAO: 0.325
Trial 1469 finished with value: 0.32510024865777576 and parameters: {'window_influence': 0.434916679961873, 'penalty_k': 0.05124487391969666, 'scale_lr': 0.5033618761066598}. Best is trial 896 with value: 0.3777425812144224.
checkpoint_e33 window_influence: 0.52446129509966588, penalty_k: 0.19511468465386256, scale_lr: 0.34771175149302985, EAO: 0.321
Trial 1470 finished with value: 0.32094978683189657 and parameters: {'window_influence': 0.5244612950996659, 'penalty_k': 0.19511468465386256, 'scale_lr': 0.34771175149302985}. Best is trial 896 with value: 0.3777425812144224.
checkpoint_e33 window_influence: 0.49143699132800361, penalty_k: 0.52924226611879355, scale_lr: 0.28874210445959214, EAO: 0.290
Trial 1471 finished with value: 0.28967169883882027 and parameters: {'window_influence': 0.4914369913280036, 'penalty_k': 0.5292422661187935, 'scale_lr': 0.28874210445959214}. Best is trial 896 with value: 0.3777425812144224.
checkpoint_e33 window_influence: 0.36430466924154137, penalty_k: 0.34822550977087202, scale_lr: 0.46520580673467649, EAO: 0.316
Trial 1472 finished with value: 0.3164756389675437 and parameters: {'window_influence': 0.36430466924154137, 'penalty_k': 0.348225509770872, 'scale_lr': 0.4652058067346765}. Best is trial 896 with value: 0.3777425812144224.
checkpoint_e33 window_influence: 0.37964577716404452, penalty_k: 0.29385536699432857, scale_lr: 0.44391596705210590, EAO: 0.328
Trial 1473 finished with value: 0.32797882378333276 and parameters: {'window_influence': 0.3796457771640445, 'penalty_k': 0.29385536699432857, 'scale_lr': 0.4439159670521059}. Best is trial 896 with value: 0.3777425812144224.
checkpoint_e33 window_influence: 0.45111515630021820, penalty_k: 0.03704383229860744, scale_lr: 0.71288301685479150, EAO: 0.360
Trial 1474 finished with value: 0.36007943413137 and parameters: {'window_influence': 0.4511151563002182, 'penalty_k': 0.03704383229860744, 'scale_lr': 0.7128830168547915}. Best is trial 896 with value: 0.3777425812144224.
checkpoint_e33 window_influence: 0.44540057149431833, penalty_k: 0.03343862820739402, scale_lr: 0.48428242009096722, EAO: 0.337
Trial 1475 finished with value: 0.33684324070173477 and parameters: {'window_influence': 0.44540057149431833, 'penalty_k': 0.03343862820739402, 'scale_lr': 0.4842824200909672}. Best is trial 896 with value: 0.3777425812144224.
checkpoint_e33 window_influence: 0.43932664603525895, penalty_k: 0.03074781907605633, scale_lr: 0.61677161001210923, EAO: 0.337
Trial 1476 finished with value: 0.3374736993229343 and parameters: {'window_influence': 0.43932664603525895, 'penalty_k': 0.03074781907605633, 'scale_lr': 0.6167716100121092}. Best is trial 896 with value: 0.3777425812144224.
checkpoint_e33 window_influence: 0.42580931632760127, penalty_k: 0.04755169292996807, scale_lr: 0.53262146660542642, EAO: 0.332
Trial 1477 finished with value: 0.3324028332409692 and parameters: {'window_influence': 0.4258093163276013, 'penalty_k': 0.047551692929968074, 'scale_lr': 0.5326214666054264}. Best is trial 896 with value: 0.3777425812144224.
checkpoint_e33 window_influence: 0.41097772990823511, penalty_k: 0.03746475565002987, scale_lr: 0.59869199154257924, EAO: 0.312
Trial 1478 finished with value: 0.31150455309027364 and parameters: {'window_influence': 0.4109777299082351, 'penalty_k': 0.037464755650029866, 'scale_lr': 0.5986919915425792}. Best is trial 896 with value: 0.3777425812144224.
checkpoint_e33 window_influence: 0.45168303687270228, penalty_k: 0.02206307691677026, scale_lr: 0.27212677156206910, EAO: 0.332
Trial 1479 finished with value: 0.3319782637900416 and parameters: {'window_influence': 0.4516830368727023, 'penalty_k': 0.022063076916770265, 'scale_lr': 0.2721267715620691}. Best is trial 896 with value: 0.3777425812144224.
checkpoint_e33 window_influence: 0.51148328825590839, penalty_k: 0.05702338634023502, scale_lr: 0.63858706459891557, EAO: 0.337
Trial 1480 finished with value: 0.33721531307187064 and parameters: {'window_influence': 0.5114832882559084, 'penalty_k': 0.057023386340235016, 'scale_lr': 0.6385870645989156}. Best is trial 896 with value: 0.3777425812144224.
checkpoint_e33 window_influence: 0.46678249609829375, penalty_k: 0.04306116229349280, scale_lr: 0.40076571856800391, EAO: 0.357
Trial 1481 finished with value: 0.35663605826374156 and parameters: {'window_influence': 0.46678249609829375, 'penalty_k': 0.0430611622934928, 'scale_lr': 0.4007657185680039}. Best is trial 896 with value: 0.3777425812144224.
checkpoint_e33 window_influence: 0.50259329272680198, penalty_k: 0.00908230731555373, scale_lr: 0.77800627991841220, EAO: 0.333
Trial 1482 finished with value: 0.3327512422192421 and parameters: {'window_influence': 0.502593292726802, 'penalty_k': 0.009082307315553734, 'scale_lr': 0.7780062799184122}. Best is trial 896 with value: 0.3777425812144224.
checkpoint_e33 window_influence: 0.61303791060766799, penalty_k: 0.06243803799256122, scale_lr: 0.57169512782595144, EAO: 0.260
Trial 1483 finished with value: 0.2603580135315773 and parameters: {'window_influence': 0.613037910607668, 'penalty_k': 0.06243803799256122, 'scale_lr': 0.5716951278259514}. Best is trial 896 with value: 0.3777425812144224.
checkpoint_e33 window_influence: 0.48413788189779761, penalty_k: 0.07283043404330289, scale_lr: 0.67338135200412463, EAO: 0.345
Trial 1484 finished with value: 0.34462191657333524 and parameters: {'window_influence': 0.4841378818977976, 'penalty_k': 0.07283043404330289, 'scale_lr': 0.6733813520041246}. Best is trial 896 with value: 0.3777425812144224.
checkpoint_e33 window_influence: 0.45715153306991074, penalty_k: 0.02500898921053908, scale_lr: 0.70374950684803428, EAO: 0.332
Trial 1485 finished with value: 0.3320650177707004 and parameters: {'window_influence': 0.45715153306991074, 'penalty_k': 0.025008989210539085, 'scale_lr': 0.7037495068480343}. Best is trial 896 with value: 0.3777425812144224.
checkpoint_e33 window_influence: 0.44014079214301205, penalty_k: 0.03315313884838708, scale_lr: 0.73366076033977468, EAO: 0.334
Trial 1486 finished with value: 0.33357883404201105 and parameters: {'window_influence': 0.44014079214301205, 'penalty_k': 0.03315313884838708, 'scale_lr': 0.7336607603397747}. Best is trial 896 with value: 0.3777425812144224.
checkpoint_e33 window_influence: 0.60238557795085623, penalty_k: 0.04886848160304325, scale_lr: 0.42503433274176944, EAO: 0.264
Trial 1487 finished with value: 0.2637504240070336 and parameters: {'window_influence': 0.6023855779508562, 'penalty_k': 0.048868481603043246, 'scale_lr': 0.42503433274176944}. Best is trial 896 with value: 0.3777425812144224.
checkpoint_e33 window_influence: 0.53555691056269572, penalty_k: 0.09510238563475010, scale_lr: 0.54476870521251763, EAO: 0.323
Trial 1488 finished with value: 0.3228720526287064 and parameters: {'window_influence': 0.5355569105626957, 'penalty_k': 0.0951023856347501, 'scale_lr': 0.5447687052125176}. Best is trial 896 with value: 0.3777425812144224.
checkpoint_e33 window_influence: 0.47532704712210244, penalty_k: 0.01982546520206480, scale_lr: 0.11666055750109175, EAO: 0.345
Trial 1489 finished with value: 0.34539616931273315 and parameters: {'window_influence': 0.47532704712210244, 'penalty_k': 0.019825465202064803, 'scale_lr': 0.11666055750109175}. Best is trial 896 with value: 0.3777425812144224.
checkpoint_e33 window_influence: 0.11398026463597033, penalty_k: 0.39586991375264119, scale_lr: 0.68910116029570412, EAO: 0.272
Trial 1490 finished with value: 0.2717511694486967 and parameters: {'window_influence': 0.11398026463597033, 'penalty_k': 0.3958699137526412, 'scale_lr': 0.6891011602957041}. Best is trial 896 with value: 0.3777425812144224.
checkpoint_e33 window_influence: 0.39128876013312558, penalty_k: 0.00863169072363318, scale_lr: 0.49933722701101468, EAO: 0.334
Trial 1491 finished with value: 0.33356521901917363 and parameters: {'window_influence': 0.3912887601331256, 'penalty_k': 0.008631690723633175, 'scale_lr': 0.4993372270110147}. Best is trial 896 with value: 0.3777425812144224.
checkpoint_e33 window_influence: 0.49421182890480564, penalty_k: 0.05986787072614377, scale_lr: 0.45611818586031011, EAO: 0.342
Trial 1492 finished with value: 0.3422308615209528 and parameters: {'window_influence': 0.49421182890480564, 'penalty_k': 0.05986787072614377, 'scale_lr': 0.4561181858603101}. Best is trial 896 with value: 0.3777425812144224.
checkpoint_e33 window_influence: 0.55455842636420227, penalty_k: 0.03776156373170526, scale_lr: 0.38917236719273840, EAO: 0.301
Trial 1493 finished with value: 0.30071112844034853 and parameters: {'window_influence': 0.5545584263642023, 'penalty_k': 0.03776156373170526, 'scale_lr': 0.3891723671927384}. Best is trial 896 with value: 0.3777425812144224.
checkpoint_e33 window_influence: 0.43073699999044923, penalty_k: 0.38410383799538389, scale_lr: 0.47265386995387876, EAO: 0.334
Trial 1494 finished with value: 0.3341124191126471 and parameters: {'window_influence': 0.43073699999044923, 'penalty_k': 0.3841038379953839, 'scale_lr': 0.47265386995387876}. Best is trial 896 with value: 0.3777425812144224.
checkpoint_e33 window_influence: 0.52077920029139679, penalty_k: 0.08163977501182550, scale_lr: 0.32717729454638905, EAO: 0.312
Trial 1495 finished with value: 0.3124900381968643 and parameters: {'window_influence': 0.5207792002913968, 'penalty_k': 0.0816397750118255, 'scale_lr': 0.32717729454638905}. Best is trial 896 with value: 0.3777425812144224.
checkpoint_e33 window_influence: 0.50661698000830291, penalty_k: 0.07043565372283105, scale_lr: 0.51736734791770256, EAO: 0.330
Trial 1496 finished with value: 0.3303805218596403 and parameters: {'window_influence': 0.5066169800083029, 'penalty_k': 0.07043565372283105, 'scale_lr': 0.5173673479177026}. Best is trial 896 with value: 0.3777425812144224.
checkpoint_e33 window_influence: 0.45182223611071620, penalty_k: 0.10448766943377560, scale_lr: 0.29309009231093985, EAO: 0.327
Trial 1497 finished with value: 0.3271810389794264 and parameters: {'window_influence': 0.4518222361107162, 'penalty_k': 0.1044876694337756, 'scale_lr': 0.29309009231093985}. Best is trial 896 with value: 0.3777425812144224.
checkpoint_e33 window_influence: 0.46759607215772808, penalty_k: 0.20971209594522769, scale_lr: 0.65744419650622532, EAO: 0.351
Trial 1498 finished with value: 0.35141350346316624 and parameters: {'window_influence': 0.4675960721577281, 'penalty_k': 0.2097120959452277, 'scale_lr': 0.6574441965062253}. Best is trial 896 with value: 0.3777425812144224.
checkpoint_e33 window_influence: 0.40488563896861229, penalty_k: 0.04668555708595587, scale_lr: 0.74871160490924915, EAO: 0.309
Trial 1499 finished with value: 0.3093760019378439 and parameters: {'window_influence': 0.4048856389686123, 'penalty_k': 0.04668555708595587, 'scale_lr': 0.7487116049092492}. Best is trial 896 with value: 0.3777425812144224.
checkpoint_e33 window_influence: 0.25634458265577520, penalty_k: 0.01319964077388362, scale_lr: 0.16121656628924030, EAO: 0.298
Trial 1500 finished with value: 0.29775458916383957 and parameters: {'window_influence': 0.2563445826557752, 'penalty_k': 0.013199640773883617, 'scale_lr': 0.1612165662892403}. Best is trial 896 with value: 0.3777425812144224.
checkpoint_e33 window_influence: 0.35121001446211669, penalty_k: 0.02605847788067996, scale_lr: 0.48655937521375942, EAO: 0.309
Trial 1501 finished with value: 0.3089151415495557 and parameters: {'window_influence': 0.3512100144621167, 'penalty_k': 0.026058477880679956, 'scale_lr': 0.4865593752137594}. Best is trial 896 with value: 0.3777425812144224.
checkpoint_e33 window_influence: 0.17661946886770122, penalty_k: 0.30718056018770418, scale_lr: 0.61191785021406386, EAO: 0.289
Trial 1502 finished with value: 0.2890183865328243 and parameters: {'window_influence': 0.17661946886770122, 'penalty_k': 0.3071805601877042, 'scale_lr': 0.6119178502140639}. Best is trial 896 with value: 0.3777425812144224.
checkpoint_e33 window_influence: 0.49004834426332944, penalty_k: 0.06652827959426384, scale_lr: 0.58480081709613885, EAO: 0.339
Trial 1503 finished with value: 0.338911257249372 and parameters: {'window_influence': 0.49004834426332944, 'penalty_k': 0.06652827959426384, 'scale_lr': 0.5848008170961388}. Best is trial 896 with value: 0.3777425812144224.
checkpoint_e33 window_influence: 0.20188850185668369, penalty_k: 0.03402843145567640, scale_lr: 0.25971291159112919, EAO: 0.281
Trial 1504 finished with value: 0.2805314627023059 and parameters: {'window_influence': 0.2018885018566837, 'penalty_k': 0.0340284314556764, 'scale_lr': 0.2597129115911292}. Best is trial 896 with value: 0.3777425812144224.
checkpoint_e33 window_influence: 0.58646461407745887, penalty_k: 0.01395028146409813, scale_lr: 0.41335576439786365, EAO: 0.301
Trial 1505 finished with value: 0.30085081928898855 and parameters: {'window_influence': 0.5864646140774589, 'penalty_k': 0.013950281464098132, 'scale_lr': 0.41335576439786365}. Best is trial 896 with value: 0.3777425812144224.
checkpoint_e33 window_influence: 0.41858817072935328, penalty_k: 0.08620823139465966, scale_lr: 0.55961768472394846, EAO: 0.319
Trial 1506 finished with value: 0.31897531246860666 and parameters: {'window_influence': 0.4185881707293533, 'penalty_k': 0.08620823139465966, 'scale_lr': 0.5596176847239485}. Best is trial 896 with value: 0.3777425812144224.
checkpoint_e33 window_influence: 0.48013150970655222, penalty_k: 0.44586759015632793, scale_lr: 0.43932624471117987, EAO: 0.313
Trial 1507 finished with value: 0.31272013897097994 and parameters: {'window_influence': 0.4801315097065522, 'penalty_k': 0.44586759015632793, 'scale_lr': 0.43932624471117987}. Best is trial 896 with value: 0.3777425812144224.
checkpoint_e33 window_influence: 0.30730451575914575, penalty_k: 0.04832093972422283, scale_lr: 0.62635787934418807, EAO: 0.302
Trial 1508 finished with value: 0.30177856981754303 and parameters: {'window_influence': 0.30730451575914575, 'penalty_k': 0.048320939724222835, 'scale_lr': 0.6263578793441881}. Best is trial 896 with value: 0.3777425812144224.
checkpoint_e33 window_influence: 0.45696891975786103, penalty_k: 0.32110037132320324, scale_lr: 0.52892740595440990, EAO: 0.343
Trial 1509 finished with value: 0.3432503597745636 and parameters: {'window_influence': 0.456968919757861, 'penalty_k': 0.32110037132320324, 'scale_lr': 0.5289274059544099}. Best is trial 896 with value: 0.3777425812144224.
checkpoint_e33 window_influence: 0.46939559309461221, penalty_k: 0.42997415012800200, scale_lr: 0.37323095281271934, EAO: 0.307
Trial 1510 finished with value: 0.3071267364785829 and parameters: {'window_influence': 0.4693955930946122, 'penalty_k': 0.429974150128002, 'scale_lr': 0.37323095281271934}. Best is trial 896 with value: 0.3777425812144224.
checkpoint_e33 window_influence: 0.26719447498277282, penalty_k: 0.20349878922814696, scale_lr: 0.71541541271204279, EAO: 0.315
Trial 1511 finished with value: 0.3146971206720701 and parameters: {'window_influence': 0.2671944749827728, 'penalty_k': 0.20349878922814696, 'scale_lr': 0.7154154127120428}. Best is trial 896 with value: 0.3777425812144224.
checkpoint_e33 window_influence: 0.17596927454228606, penalty_k: 0.49349872325200306, scale_lr: 0.67942319779544502, EAO: 0.281
Trial 1512 finished with value: 0.28087839669754533 and parameters: {'window_influence': 0.17596927454228606, 'penalty_k': 0.49349872325200306, 'scale_lr': 0.679423197795445}. Best is trial 896 with value: 0.3777425812144224.
checkpoint_e33 window_influence: 0.51455716629940051, penalty_k: 0.40931846703030650, scale_lr: 0.76984735737436416, EAO: 0.281
Trial 1513 finished with value: 0.2811233305629589 and parameters: {'window_influence': 0.5145571662994005, 'penalty_k': 0.4093184670303065, 'scale_lr': 0.7698473573743642}. Best is trial 896 with value: 0.3777425812144224.
checkpoint_e33 window_influence: 0.49939553170961670, penalty_k: 0.53936362943102423, scale_lr: 0.34926901383489106, EAO: 0.299
Trial 1514 finished with value: 0.29887250981906044 and parameters: {'window_influence': 0.4993955317096167, 'penalty_k': 0.5393636294310242, 'scale_lr': 0.34926901383489106}. Best is trial 896 with value: 0.3777425812144224.
checkpoint_e33 window_influence: 0.43927829754649306, penalty_k: 0.28257615369571965, scale_lr: 0.51078754156897321, EAO: 0.336
Trial 1515 finished with value: 0.33585439825336294 and parameters: {'window_influence': 0.43927829754649306, 'penalty_k': 0.28257615369571965, 'scale_lr': 0.5107875415689732}. Best is trial 896 with value: 0.3777425812144224.
checkpoint_e33 window_influence: 0.48382103554266531, penalty_k: 0.37015320131276791, scale_lr: 0.46616705701678335, EAO: 0.316
Trial 1516 finished with value: 0.316198708946139 and parameters: {'window_influence': 0.4838210355426653, 'penalty_k': 0.3701532013127679, 'scale_lr': 0.46616705701678335}. Best is trial 896 with value: 0.3777425812144224.
checkpoint_e33 window_influence: 0.56707147121048551, penalty_k: 0.46739100797272959, scale_lr: 0.13724850576877001, EAO: 0.272
Trial 1517 finished with value: 0.2717794431554668 and parameters: {'window_influence': 0.5670714712104855, 'penalty_k': 0.4673910079727296, 'scale_lr': 0.13724850576877}. Best is trial 896 with value: 0.3777425812144224.
checkpoint_e33 window_influence: 0.44861787881838122, penalty_k: 0.05977058079168139, scale_lr: 0.49049225034367538, EAO: 0.337
Trial 1518 finished with value: 0.3372114701957554 and parameters: {'window_influence': 0.4486178788183812, 'penalty_k': 0.05977058079168139, 'scale_lr': 0.4904922503436754}. Best is trial 896 with value: 0.3777425812144224.
checkpoint_e33 window_influence: 0.47271296636058380, penalty_k: 0.50777376638658178, scale_lr: 0.65212965032853443, EAO: 0.317
Trial 1519 finished with value: 0.316851659507603 and parameters: {'window_influence': 0.4727129663605838, 'penalty_k': 0.5077737663865818, 'scale_lr': 0.6521296503285344}. Best is trial 896 with value: 0.3777425812144224.
checkpoint_e33 window_influence: 0.20807881056822378, penalty_k: 0.11052140566374957, scale_lr: 0.69489362116607234, EAO: 0.296
Trial 1520 finished with value: 0.2957473495822936 and parameters: {'window_influence': 0.20807881056822378, 'penalty_k': 0.11052140566374957, 'scale_lr': 0.6948936211660723}. Best is trial 896 with value: 0.3777425812144224.
checkpoint_e33 window_influence: 0.45798847368477924, penalty_k: 0.02772367203329852, scale_lr: 0.45216047291945882, EAO: 0.349
Trial 1521 finished with value: 0.3485752739563063 and parameters: {'window_influence': 0.45798847368477924, 'penalty_k': 0.02772367203329852, 'scale_lr': 0.4521604729194588}. Best is trial 896 with value: 0.3777425812144224.
checkpoint_e33 window_influence: 0.37230415934955285, penalty_k: 0.18301760118587909, scale_lr: 0.60065704058924163, EAO: 0.334
Trial 1522 finished with value: 0.3341330173878354 and parameters: {'window_influence': 0.37230415934955285, 'penalty_k': 0.1830176011858791, 'scale_lr': 0.6006570405892416}. Best is trial 896 with value: 0.3777425812144224.
checkpoint_e33 window_influence: 0.22446067575392203, penalty_k: 0.09706887271903830, scale_lr: 0.31369412242290445, EAO: 0.290
Trial 1523 finished with value: 0.2898905657608685 and parameters: {'window_influence': 0.22446067575392203, 'penalty_k': 0.0970688727190383, 'scale_lr': 0.31369412242290445}. Best is trial 896 with value: 0.3777425812144224.
checkpoint_e33 window_influence: 0.32546027867204147, penalty_k: 0.04060156458199452, scale_lr: 0.42833661691638580, EAO: 0.310
