Trial 320 finished with value: 0.3297378005684582 and parameters: {'window_influence': 0.4615849271873444, 'penalty_k': 0.052929087261690336, 'scale_lr': 0.5044269582636624}. Best is trial 314 with value: 0.3389813084778619.
checkpoint_e18 window_influence: 0.46801954750922137, penalty_k: 0.05929489736039212, scale_lr: 0.49961743072818371, EAO: 0.311
Trial 321 finished with value: 0.31073667317744824 and parameters: {'window_influence': 0.46801954750922137, 'penalty_k': 0.05929489736039212, 'scale_lr': 0.4996174307281837}. Best is trial 314 with value: 0.3389813084778619.
checkpoint_e18 window_influence: 0.44063604535464895, penalty_k: 0.01153267641974847, scale_lr: 0.37783439190273771, EAO: 0.330
Trial 152 finished with value: 0.3295141076995241 and parameters: {'window_influence': 0.44063604535464895, 'penalty_k': 0.011532676419748467, 'scale_lr': 0.3778343919027377}. Best is trial 147 with value: 0.3450871682816442.
checkpoint_e18 window_influence: 0.45848951605598898, penalty_k: 0.08717016792157904, scale_lr: 0.52178979829844896, EAO: 0.314
Trial 322 finished with value: 0.313779381404591 and parameters: {'window_influence': 0.458489516055989, 'penalty_k': 0.08717016792157904, 'scale_lr': 0.521789798298449}. Best is trial 314 with value: 0.3389813084778619.
checkpoint_e18 window_influence: 0.55721015754745340, penalty_k: 0.05516291727653908, scale_lr: 0.50124495090758425, EAO: 0.287
Trial 323 finished with value: 0.28716188605425425 and parameters: {'window_influence': 0.5572101575474534, 'penalty_k': 0.05516291727653908, 'scale_lr': 0.5012449509075843}. Best is trial 314 with value: 0.3389813084778619.
checkpoint_e18 window_influence: 0.39727917564803300, penalty_k: 0.03273666488013188, scale_lr: 0.39710479226598816, EAO: 0.318
Trial 153 finished with value: 0.31791970365706124 and parameters: {'window_influence': 0.397279175648033, 'penalty_k': 0.03273666488013188, 'scale_lr': 0.39710479226598816}. Best is trial 147 with value: 0.3450871682816442.
checkpoint_e18 window_influence: 0.47282757850272950, penalty_k: 0.07727053874142811, scale_lr: 0.51310821279121344, EAO: 0.337
Trial 324 finished with value: 0.3371937575275332 and parameters: {'window_influence': 0.4728275785027295, 'penalty_k': 0.07727053874142811, 'scale_lr': 0.5131082127912134}. Best is trial 314 with value: 0.3389813084778619.
checkpoint_e18 window_influence: 0.46483251546701493, penalty_k: 0.06460259926075451, scale_lr: 0.54618167645758398, EAO: 0.326
Trial 325 finished with value: 0.3256307620018837 and parameters: {'window_influence': 0.46483251546701493, 'penalty_k': 0.06460259926075451, 'scale_lr': 0.546181676457584}. Best is trial 314 with value: 0.3389813084778619.
checkpoint_e18 window_influence: 0.48334955212757857, penalty_k: 0.00043327864240646, scale_lr: 0.41171173993267651, EAO: 0.327
Trial 154 finished with value: 0.32667721193356275 and parameters: {'window_influence': 0.4833495521275786, 'penalty_k': 0.0004332786424064636, 'scale_lr': 0.4117117399326765}. Best is trial 147 with value: 0.3450871682816442.
checkpoint_e18 window_influence: 0.48734760903586205, penalty_k: 0.07963451168826607, scale_lr: 0.54797856578037840, EAO: 0.291
Trial 326 finished with value: 0.2909280565578186 and parameters: {'window_influence': 0.48734760903586205, 'penalty_k': 0.07963451168826607, 'scale_lr': 0.5479785657803784}. Best is trial 314 with value: 0.3389813084778619.
checkpoint_e18 window_influence: 0.47840282938523576, penalty_k: 0.08923704274358207, scale_lr: 0.53370717894788544, EAO: 0.300
Trial 327 finished with value: 0.2996888744575968 and parameters: {'window_influence': 0.47840282938523576, 'penalty_k': 0.08923704274358207, 'scale_lr': 0.5337071789478854}. Best is trial 314 with value: 0.3389813084778619.
checkpoint_e18 window_influence: 0.46390256256396284, penalty_k: 0.01496359094865896, scale_lr: 0.37033381468721244, EAO: 0.319
Trial 155 finished with value: 0.31887775636368687 and parameters: {'window_influence': 0.46390256256396284, 'penalty_k': 0.014963590948658956, 'scale_lr': 0.37033381468721244}. Best is trial 147 with value: 0.3450871682816442.
checkpoint_e18 window_influence: 0.47367713840222075, penalty_k: 0.06007228947524911, scale_lr: 0.52456017541737809, EAO: 0.291
Trial 328 finished with value: 0.291417356884897 and parameters: {'window_influence': 0.47367713840222075, 'penalty_k': 0.06007228947524911, 'scale_lr': 0.5245601754173781}. Best is trial 314 with value: 0.3389813084778619.
checkpoint_e18 window_influence: 0.46389093776501977, penalty_k: 0.06759681053583268, scale_lr: 0.53676612120675138, EAO: 0.333
Trial 329 finished with value: 0.33250913841483193 and parameters: {'window_influence': 0.4638909377650198, 'penalty_k': 0.06759681053583268, 'scale_lr': 0.5367661212067514}. Best is trial 314 with value: 0.3389813084778619.
checkpoint_e18 window_influence: 0.41691350162378826, penalty_k: 0.02495810833903018, scale_lr: 0.38891333550754659, EAO: 0.329
Trial 156 finished with value: 0.32907943740661044 and parameters: {'window_influence': 0.41691350162378826, 'penalty_k': 0.02495810833903018, 'scale_lr': 0.3889133355075466}. Best is trial 147 with value: 0.3450871682816442.
checkpoint_e18 window_influence: 0.46617598820387907, penalty_k: 0.07162173895457985, scale_lr: 0.54245119863555447, EAO: 0.340
Trial 330 finished with value: 0.33992968227148984 and parameters: {'window_influence': 0.46617598820387907, 'penalty_k': 0.07162173895457985, 'scale_lr': 0.5424511986355545}. Best is trial 330 with value: 0.33992968227148984.
checkpoint_e18 window_influence: 0.46636300867392205, penalty_k: 0.07020549244377590, scale_lr: 0.54343937361102768, EAO: 0.329
Trial 331 finished with value: 0.3291315285032361 and parameters: {'window_influence': 0.46636300867392205, 'penalty_k': 0.0702054924437759, 'scale_lr': 0.5434393736110277}. Best is trial 330 with value: 0.33992968227148984.
checkpoint_e18 window_influence: 0.49535936218150145, penalty_k: 0.07040593638563789, scale_lr: 0.51471045073660004, EAO: 0.300
Trial 332 finished with value: 0.2999940504707715 and parameters: {'window_influence': 0.49535936218150145, 'penalty_k': 0.07040593638563789, 'scale_lr': 0.5147104507366}. Best is trial 330 with value: 0.33992968227148984.
checkpoint_e18 window_influence: 0.43074618073585791, penalty_k: 0.04545557256875126, scale_lr: 0.42578191633193951, EAO: 0.323
Trial 157 finished with value: 0.3226021183835857 and parameters: {'window_influence': 0.4307461807358579, 'penalty_k': 0.04545557256875126, 'scale_lr': 0.4257819163319395}. Best is trial 147 with value: 0.3450871682816442.
checkpoint_e18 window_influence: 0.47966133826537471, penalty_k: 0.05164488075556464, scale_lr: 0.51115578834276998, EAO: 0.314
Trial 333 finished with value: 0.31413450593614395 and parameters: {'window_influence': 0.4796613382653747, 'penalty_k': 0.051644880755564636, 'scale_lr': 0.51115578834277}. Best is trial 330 with value: 0.33992968227148984.
checkpoint_e18 window_influence: 0.47144711415504698, penalty_k: 0.07853678710883177, scale_lr: 0.53072871799500854, EAO: 0.332
Trial 334 finished with value: 0.33215760645467485 and parameters: {'window_influence': 0.471447114155047, 'penalty_k': 0.07853678710883177, 'scale_lr': 0.5307287179950085}. Best is trial 330 with value: 0.33992968227148984.
checkpoint_e18 window_influence: 0.38058147196792252, penalty_k: 0.03488270380149708, scale_lr: 0.46870330291431528, EAO: 0.324
Trial 158 finished with value: 0.3241500013185382 and parameters: {'window_influence': 0.3805814719679225, 'penalty_k': 0.03488270380149708, 'scale_lr': 0.4687033029143153}. Best is trial 147 with value: 0.3450871682816442.
checkpoint_e18 window_influence: 0.47173217862899663, penalty_k: 0.07525940660825781, scale_lr: 0.53743928198635793, EAO: 0.339
Trial 335 finished with value: 0.3392877352608781 and parameters: {'window_influence': 0.47173217862899663, 'penalty_k': 0.0752594066082578, 'scale_lr': 0.5374392819863579}. Best is trial 330 with value: 0.33992968227148984.
checkpoint_e18 window_influence: 0.46686376057770579, penalty_k: 0.08142899730223084, scale_lr: 0.53953797049088370, EAO: 0.335
Trial 336 finished with value: 0.33526097255458165 and parameters: {'window_influence': 0.4668637605777058, 'penalty_k': 0.08142899730223084, 'scale_lr': 0.5395379704908837}. Best is trial 330 with value: 0.33992968227148984.
checkpoint_e18 window_influence: 0.47348120438832592, penalty_k: 0.08094589330669553, scale_lr: 0.54150801874058252, EAO: 0.327
Trial 337 finished with value: 0.32736292719145227 and parameters: {'window_influence': 0.4734812043883259, 'penalty_k': 0.08094589330669553, 'scale_lr': 0.5415080187405825}. Best is trial 330 with value: 0.33992968227148984.
checkpoint_e18 window_influence: 0.44734426409802619, penalty_k: 0.01624905109832235, scale_lr: 0.38024596655153736, EAO: 0.315
Trial 159 finished with value: 0.31470172640646477 and parameters: {'window_influence': 0.4473442640980262, 'penalty_k': 0.016249051098322354, 'scale_lr': 0.38024596655153736}. Best is trial 147 with value: 0.3450871682816442.
checkpoint_e18 window_influence: 0.47787980681767145, penalty_k: 0.07945422576119911, scale_lr: 0.53189638912781945, EAO: 0.300
Trial 338 finished with value: 0.3004153889208916 and parameters: {'window_influence': 0.47787980681767145, 'penalty_k': 0.07945422576119911, 'scale_lr': 0.5318963891278194}. Best is trial 330 with value: 0.33992968227148984.
checkpoint_e18 window_influence: 0.48949678903891064, penalty_k: 0.09479859493887316, scale_lr: 0.54118133319152462, EAO: 0.318
Trial 339 finished with value: 0.3177368096456453 and parameters: {'window_influence': 0.48949678903891064, 'penalty_k': 0.09479859493887316, 'scale_lr': 0.5411813331915246}. Best is trial 330 with value: 0.33992968227148984.
checkpoint_e18 window_influence: 0.47127463258713548, penalty_k: 0.08189120745872945, scale_lr: 0.55570975564846214, EAO: 0.335
Trial 340 finished with value: 0.3345898326036995 and parameters: {'window_influence': 0.4712746325871355, 'penalty_k': 0.08189120745872945, 'scale_lr': 0.5557097556484621}. Best is trial 330 with value: 0.33992968227148984.
checkpoint_e18 window_influence: 0.40164548553071050, penalty_k: 0.00920133655887402, scale_lr: 0.40870931595252691, EAO: 0.327
Trial 160 finished with value: 0.3266305892731893 and parameters: {'window_influence': 0.4016454855307105, 'penalty_k': 0.009201336558874016, 'scale_lr': 0.4087093159525269}. Best is trial 147 with value: 0.3450871682816442.
checkpoint_e18 window_influence: 0.46968656737606862, penalty_k: 0.07545882445067863, scale_lr: 0.55538013031612132, EAO: 0.329
Trial 341 finished with value: 0.32882350538259353 and parameters: {'window_influence': 0.4696865673760686, 'penalty_k': 0.07545882445067863, 'scale_lr': 0.5553801303161213}. Best is trial 330 with value: 0.33992968227148984.
checkpoint_e18 window_influence: 0.46628248523525878, penalty_k: 0.06815376892029831, scale_lr: 0.56212454024138780, EAO: 0.313
Trial 342 finished with value: 0.31285533187222386 and parameters: {'window_influence': 0.4662824852352588, 'penalty_k': 0.06815376892029831, 'scale_lr': 0.5621245402413878}. Best is trial 330 with value: 0.33992968227148984.
checkpoint_e18 window_influence: 0.50273107442699350, penalty_k: 0.11227464926150547, scale_lr: 0.55608669937034982, EAO: 0.319
Trial 343 finished with value: 0.3185144682570654 and parameters: {'window_influence': 0.5027310744269935, 'penalty_k': 0.11227464926150547, 'scale_lr': 0.5560866993703498}. Best is trial 330 with value: 0.33992968227148984.
checkpoint_e18 window_influence: 0.45140926559560668, penalty_k: 0.04314951258014267, scale_lr: 0.36815704231593610, EAO: 0.316
Trial 161 finished with value: 0.3164366129423394 and parameters: {'window_influence': 0.4514092655956067, 'penalty_k': 0.04314951258014267, 'scale_lr': 0.3681570423159361}. Best is trial 147 with value: 0.3450871682816442.
checkpoint_e18 window_influence: 0.48712860174332306, penalty_k: 0.07423689199573150, scale_lr: 0.53103617031629202, EAO: 0.305
Trial 344 finished with value: 0.3049014393921492 and parameters: {'window_influence': 0.48712860174332306, 'penalty_k': 0.0742368919957315, 'scale_lr': 0.531036170316292}. Best is trial 330 with value: 0.33992968227148984.
checkpoint_e18 window_influence: 0.47111583437172017, penalty_k: 0.09560265399056071, scale_lr: 0.52075296629968382, EAO: 0.318
Trial 345 finished with value: 0.3178711567755339 and parameters: {'window_influence': 0.47111583437172017, 'penalty_k': 0.09560265399056071, 'scale_lr': 0.5207529662996838}. Best is trial 330 with value: 0.33992968227148984.
checkpoint_e18 window_influence: 0.46243299052822046, penalty_k: 0.04904294077678805, scale_lr: 0.54548007117629149, EAO: 0.305
Trial 346 finished with value: 0.3047689959580796 and parameters: {'window_influence': 0.46243299052822046, 'penalty_k': 0.04904294077678805, 'scale_lr': 0.5454800711762915}. Best is trial 330 with value: 0.33992968227148984.
checkpoint_e18 window_influence: 0.46611772861357970, penalty_k: 0.23019500146269950, scale_lr: 0.34484464833824385, EAO: 0.307
Trial 162 finished with value: 0.3070575488216682 and parameters: {'window_influence': 0.4661177286135797, 'penalty_k': 0.2301950014626995, 'scale_lr': 0.34484464833824385}. Best is trial 147 with value: 0.3450871682816442.
checkpoint_e18 window_influence: 0.48326194865558342, penalty_k: 0.08441574063650018, scale_lr: 0.50159037939068485, EAO: 0.331
Trial 347 finished with value: 0.3308705241647676 and parameters: {'window_influence': 0.4832619486555834, 'penalty_k': 0.08441574063650018, 'scale_lr': 0.5015903793906848}. Best is trial 330 with value: 0.33992968227148984.
checkpoint_e18 window_influence: 0.49145109150321609, penalty_k: 0.08339042547193352, scale_lr: 0.56549201463907206, EAO: 0.303
Trial 348 finished with value: 0.3027546747301339 and parameters: {'window_influence': 0.4914510915032161, 'penalty_k': 0.08339042547193352, 'scale_lr': 0.5654920146390721}. Best is trial 330 with value: 0.33992968227148984.
checkpoint_e18 window_influence: 0.47148367149289083, penalty_k: 0.06856536582127309, scale_lr: 0.52813260661439887, EAO: 0.323
Trial 349 finished with value: 0.32264738561810224 and parameters: {'window_influence': 0.47148367149289083, 'penalty_k': 0.0685653658212731, 'scale_lr': 0.5281326066143989}. Best is trial 330 with value: 0.33992968227148984.
checkpoint_e18 window_influence: 0.43027414803012015, penalty_k: 0.07064370691290557, scale_lr: 0.36185322741836917, EAO: 0.302
Trial 163 finished with value: 0.3021506975017169 and parameters: {'window_influence': 0.43027414803012015, 'penalty_k': 0.07064370691290557, 'scale_lr': 0.36185322741836917}. Best is trial 147 with value: 0.3450871682816442.
checkpoint_e18 window_influence: 0.48329461165838994, penalty_k: 0.08471551128582562, scale_lr: 0.50848107942824905, EAO: 0.316
Trial 350 finished with value: 0.31550792694555646 and parameters: {'window_influence': 0.48329461165838994, 'penalty_k': 0.08471551128582562, 'scale_lr': 0.508481079428249}. Best is trial 330 with value: 0.33992968227148984.
checkpoint_e18 window_influence: 0.51265925864190065, penalty_k: 0.06530987811179760, scale_lr: 0.49347366017172989, EAO: 0.323
Trial 351 finished with value: 0.32314950001610854 and parameters: {'window_influence': 0.5126592586419007, 'penalty_k': 0.0653098781117976, 'scale_lr': 0.4934736601717299}. Best is trial 330 with value: 0.33992968227148984.
checkpoint_e18 window_influence: 0.50108543743886425, penalty_k: 0.10090924691864966, scale_lr: 0.57007247078191270, EAO: 0.300
Trial 352 finished with value: 0.29976061850438324 and parameters: {'window_influence': 0.5010854374388642, 'penalty_k': 0.10090924691864966, 'scale_lr': 0.5700724707819127}. Best is trial 330 with value: 0.33992968227148984.
checkpoint_e18 window_influence: 0.47460289824287527, penalty_k: 0.05279050734793497, scale_lr: 0.39933384366081809, EAO: 0.309
Trial 164 finished with value: 0.30907804788550514 and parameters: {'window_influence': 0.47460289824287527, 'penalty_k': 0.05279050734793497, 'scale_lr': 0.3993338436608181}. Best is trial 147 with value: 0.3450871682816442.
checkpoint_e18 window_influence: 0.47690633684355049, penalty_k: 0.10774043733364208, scale_lr: 0.54842750003908280, EAO: 0.299
Trial 353 finished with value: 0.298674049486446 and parameters: {'window_influence': 0.4769063368435505, 'penalty_k': 0.10774043733364208, 'scale_lr': 0.5484275000390828}. Best is trial 330 with value: 0.33992968227148984.
checkpoint_e18 window_influence: 0.45929706448976609, penalty_k: 0.04427759820573777, scale_lr: 0.52359074555476681, EAO: 0.313
Trial 354 finished with value: 0.3132856626802845 and parameters: {'window_influence': 0.4592970644897661, 'penalty_k': 0.04427759820573777, 'scale_lr': 0.5235907455547668}. Best is trial 330 with value: 0.33992968227148984.
checkpoint_e18 window_influence: 0.46381656939051352, penalty_k: 0.07523483329750061, scale_lr: 0.53573932240125344, EAO: 0.321
Trial 355 finished with value: 0.3206584717397096 and parameters: {'window_influence': 0.4638165693905135, 'penalty_k': 0.07523483329750061, 'scale_lr': 0.5357393224012534}. Best is trial 330 with value: 0.33992968227148984.
checkpoint_e18 window_influence: 0.48536057598176852, penalty_k: 0.05990234787031767, scale_lr: 0.55414374495909857, EAO: 0.317
Trial 356 finished with value: 0.3174029771919844 and parameters: {'window_influence': 0.4853605759817685, 'penalty_k': 0.059902347870317674, 'scale_lr': 0.5541437449590986}. Best is trial 330 with value: 0.33992968227148984.
checkpoint_e18 window_influence: 0.49011946883992152, penalty_k: 0.03455431485152231, scale_lr: 0.38955484609255520, EAO: 0.306
Trial 165 finished with value: 0.3060329045651024 and parameters: {'window_influence': 0.4901194688399215, 'penalty_k': 0.03455431485152231, 'scale_lr': 0.3895548460925552}. Best is trial 147 with value: 0.3450871682816442.
checkpoint_e18 window_influence: 0.47092226117262259, penalty_k: 0.08762190739720785, scale_lr: 0.50505188880915231, EAO: 0.310
Trial 357 finished with value: 0.3100222320176284 and parameters: {'window_influence': 0.4709222611726226, 'penalty_k': 0.08762190739720785, 'scale_lr': 0.5050518888091523}. Best is trial 330 with value: 0.33992968227148984.
checkpoint_e18 window_influence: 0.46063978542201350, penalty_k: 0.04568608806952534, scale_lr: 0.53794807101820230, EAO: 0.337
Trial 358 finished with value: 0.336862872256843 and parameters: {'window_influence': 0.4606397854220135, 'penalty_k': 0.045686088069525344, 'scale_lr': 0.5379480710182023}. Best is trial 330 with value: 0.33992968227148984.
checkpoint_e18 window_influence: 0.45656770836470767, penalty_k: 0.03722190435617630, scale_lr: 0.53843350127470280, EAO: 0.323
Trial 359 finished with value: 0.3230020189911475 and parameters: {'window_influence': 0.45656770836470767, 'penalty_k': 0.037221904356176304, 'scale_lr': 0.5384335012747028}. Best is trial 330 with value: 0.33992968227148984.
checkpoint_e18 window_influence: 0.39323801357053700, penalty_k: 0.02288867890657710, scale_lr: 0.35306453755293316, EAO: 0.340
Trial 166 finished with value: 0.3398945967047131 and parameters: {'window_influence': 0.393238013570537, 'penalty_k': 0.022888678906577104, 'scale_lr': 0.35306453755293316}. Best is trial 147 with value: 0.3450871682816442.
checkpoint_e18 window_influence: 0.48232150144667346, penalty_k: 0.05006002535572940, scale_lr: 0.57272835873990369, EAO: 0.302
Trial 360 finished with value: 0.3015074655123722 and parameters: {'window_influence': 0.48232150144667346, 'penalty_k': 0.0500600253557294, 'scale_lr': 0.5727283587399037}. Best is trial 330 with value: 0.33992968227148984.
checkpoint_e18 window_influence: 0.49575874828105398, penalty_k: 0.11178424365598372, scale_lr: 0.51628519779407023, EAO: 0.310
Trial 361 finished with value: 0.31025258628542784 and parameters: {'window_influence': 0.495758748281054, 'penalty_k': 0.11178424365598372, 'scale_lr': 0.5162851977940702}. Best is trial 330 with value: 0.33992968227148984.
checkpoint_e18 window_influence: 0.38910704773494081, penalty_k: 0.02487768506936263, scale_lr: 0.33354534788872642, EAO: 0.310
Trial 167 finished with value: 0.3096075324696789 and parameters: {'window_influence': 0.3891070477349408, 'penalty_k': 0.02487768506936263, 'scale_lr': 0.3335453478887264}. Best is trial 147 with value: 0.3450871682816442.
checkpoint_e18 window_influence: 0.45643839728140767, penalty_k: 0.07062021713991506, scale_lr: 0.55553963473093271, EAO: 0.338
Trial 362 finished with value: 0.33837476813375716 and parameters: {'window_influence': 0.45643839728140767, 'penalty_k': 0.07062021713991506, 'scale_lr': 0.5555396347309327}. Best is trial 330 with value: 0.33992968227148984.
checkpoint_e18 window_influence: 0.45689679159223467, penalty_k: 0.03739268532001336, scale_lr: 0.53354710076007072, EAO: 0.298
Trial 363 finished with value: 0.29763551630398644 and parameters: {'window_influence': 0.4568967915922347, 'penalty_k': 0.03739268532001336, 'scale_lr': 0.5335471007600707}. Best is trial 330 with value: 0.33992968227148984.
checkpoint_e18 window_influence: 0.36981309769335402, penalty_k: 0.20202087958741172, scale_lr: 0.41590922369364924, EAO: 0.301
Trial 168 finished with value: 0.30097601009018227 and parameters: {'window_influence': 0.369813097693354, 'penalty_k': 0.20202087958741172, 'scale_lr': 0.41590922369364924}. Best is trial 147 with value: 0.3450871682816442.
checkpoint_e18 window_influence: 0.45251346076130072, penalty_k: 0.06148545510075276, scale_lr: 0.49587396310136922, EAO: 0.328
Trial 364 finished with value: 0.3276796486475124 and parameters: {'window_influence': 0.4525134607613007, 'penalty_k': 0.06148545510075276, 'scale_lr': 0.4958739631013692}. Best is trial 330 with value: 0.33992968227148984.
checkpoint_e18 window_influence: 0.46101793189835188, penalty_k: 0.26265197043156985, scale_lr: 0.51781068833746613, EAO: 0.317
