Trial 62 finished with value: 0.3286905404658633 and parameters: {'window_influence': 0.4191635791219477, 'penalty_k': 0.1376907838975047, 'scale_lr': 0.5021470992214921}. Best is trial 32 with value: 0.38394216433573325.
checkpoint_e23 window_influence: 0.48127191957021265, penalty_k: 0.05013412529352032, scale_lr: 0.48057727390241778, EAO: 0.350
Trial 63 finished with value: 0.3496117692745149 and parameters: {'window_influence': 0.48127191957021265, 'penalty_k': 0.05013412529352032, 'scale_lr': 0.4805772739024178}. Best is trial 32 with value: 0.38394216433573325.
checkpoint_e23 window_influence: 0.45001611294033483, penalty_k: 0.07292113539895480, scale_lr: 0.52215471806473446, EAO: 0.350
Trial 64 finished with value: 0.3499999954310837 and parameters: {'window_influence': 0.45001611294033483, 'penalty_k': 0.0729211353989548, 'scale_lr': 0.5221547180647345}. Best is trial 32 with value: 0.38394216433573325.
checkpoint_e23 window_influence: 0.36692980212102583, penalty_k: 0.10342562802303470, scale_lr: 0.39635586071521678, EAO: 0.329
Trial 65 finished with value: 0.32915760663696764 and parameters: {'window_influence': 0.3669298021210258, 'penalty_k': 0.1034256280230347, 'scale_lr': 0.3963558607152168}. Best is trial 32 with value: 0.38394216433573325.
checkpoint_e23 window_influence: 0.53115179280553715, penalty_k: 0.02057568915139728, scale_lr: 0.44608364325896310, EAO: 0.314
Trial 66 finished with value: 0.31403585398707407 and parameters: {'window_influence': 0.5311517928055371, 'penalty_k': 0.020575689151397278, 'scale_lr': 0.4460836432589631}. Best is trial 32 with value: 0.38394216433573325.
checkpoint_e23 window_influence: 0.48420290680891043, penalty_k: 0.06084899789991190, scale_lr: 0.41554377828117317, EAO: 0.363
Trial 67 finished with value: 0.3634357636772705 and parameters: {'window_influence': 0.4842029068089104, 'penalty_k': 0.0608489978999119, 'scale_lr': 0.41554377828117317}. Best is trial 32 with value: 0.38394216433573325.
checkpoint_e23 window_influence: 0.56505725346251245, penalty_k: 0.05724206102296246, scale_lr: 0.41724395831774602, EAO: 0.316
Trial 68 finished with value: 0.31569457077330654 and parameters: {'window_influence': 0.5650572534625125, 'penalty_k': 0.057242061022962455, 'scale_lr': 0.417243958317746}. Best is trial 32 with value: 0.38394216433573325.
checkpoint_e23 window_influence: 0.48158306048602845, penalty_k: 0.02198934340757325, scale_lr: 0.36062430630475106, EAO: 0.340
Trial 69 finished with value: 0.340272766606817 and parameters: {'window_influence': 0.48158306048602845, 'penalty_k': 0.021989343407573247, 'scale_lr': 0.36062430630475106}. Best is trial 32 with value: 0.38394216433573325.
checkpoint_e23 window_influence: 0.43440736595603030, penalty_k: 0.04693190827363990, scale_lr: 0.38468138016465153, EAO: 0.342
Trial 70 finished with value: 0.34162590499054135 and parameters: {'window_influence': 0.4344073659560303, 'penalty_k': 0.0469319082736399, 'scale_lr': 0.38468138016465153}. Best is trial 32 with value: 0.38394216433573325.
checkpoint_e23 window_influence: 0.45685819316425857, penalty_k: 0.07568386097817162, scale_lr: 0.50287864381865854, EAO: 0.348
Trial 71 finished with value: 0.3478672695762916 and parameters: {'window_influence': 0.4568581931642586, 'penalty_k': 0.07568386097817162, 'scale_lr': 0.5028786438186585}. Best is trial 32 with value: 0.38394216433573325.
checkpoint_e23 window_influence: 0.50374734267061216, penalty_k: 0.12330525755241421, scale_lr: 0.45396139967723736, EAO: 0.344
Trial 72 finished with value: 0.34413340908080225 and parameters: {'window_influence': 0.5037473426706122, 'penalty_k': 0.12330525755241421, 'scale_lr': 0.45396139967723736}. Best is trial 32 with value: 0.38394216433573325.
checkpoint_e23 window_influence: 0.48456448648529515, penalty_k: 0.10425722262350400, scale_lr: 0.47754354850996455, EAO: 0.336
Trial 73 finished with value: 0.3363201200730142 and parameters: {'window_influence': 0.48456448648529515, 'penalty_k': 0.104257222623504, 'scale_lr': 0.47754354850996455}. Best is trial 32 with value: 0.38394216433573325.
checkpoint_e23 window_influence: 0.51726797539774294, penalty_k: 0.14708839710784047, scale_lr: 0.43586675927331314, EAO: 0.339
Trial 74 finished with value: 0.3392446710209902 and parameters: {'window_influence': 0.5172679753977429, 'penalty_k': 0.14708839710784047, 'scale_lr': 0.43586675927331314}. Best is trial 32 with value: 0.38394216433573325.
checkpoint_e23 window_influence: 0.42332431187928293, penalty_k: 0.08953145772645710, scale_lr: 0.49290372546480671, EAO: 0.316
Trial 75 finished with value: 0.31578607010702214 and parameters: {'window_influence': 0.42332431187928293, 'penalty_k': 0.0895314577264571, 'scale_lr': 0.4929037254648067}. Best is trial 32 with value: 0.38394216433573325.
checkpoint_e23 window_influence: 0.45093363945654075, penalty_k: 0.05687973244406624, scale_lr: 0.42360023044932921, EAO: 0.359
Trial 76 finished with value: 0.35886342075548283 and parameters: {'window_influence': 0.45093363945654075, 'penalty_k': 0.056879732444066244, 'scale_lr': 0.4236002304493292}. Best is trial 32 with value: 0.38394216433573325.
checkpoint_e23 window_influence: 0.43836690453388610, penalty_k: 0.06153400329775203, scale_lr: 0.41601275367573409, EAO: 0.345
Trial 77 finished with value: 0.3446987593684215 and parameters: {'window_influence': 0.4383669045338861, 'penalty_k': 0.06153400329775203, 'scale_lr': 0.4160127536757341}. Best is trial 32 with value: 0.38394216433573325.
checkpoint_e23 window_influence: 0.39227117953406138, penalty_k: 0.00291071667466179, scale_lr: 0.37824928846176797, EAO: 0.338
Trial 78 finished with value: 0.33786649984608363 and parameters: {'window_influence': 0.3922711795340614, 'penalty_k': 0.0029107166746617924, 'scale_lr': 0.378249288461768}. Best is trial 32 with value: 0.38394216433573325.
checkpoint_e23 window_influence: 0.47463711278108972, penalty_k: 0.03214017610931047, scale_lr: 0.44314746704810426, EAO: 0.357
Trial 79 finished with value: 0.35690468549728394 and parameters: {'window_influence': 0.4746371127810897, 'penalty_k': 0.03214017610931047, 'scale_lr': 0.44314746704810426}. Best is trial 32 with value: 0.38394216433573325.
checkpoint_e23 window_influence: 0.54434249909328791, penalty_k: 0.04244207373328476, scale_lr: 0.39308017907125170, EAO: 0.325
Trial 80 finished with value: 0.3247069131423527 and parameters: {'window_influence': 0.5443424990932879, 'penalty_k': 0.04244207373328476, 'scale_lr': 0.3930801790712517}. Best is trial 32 with value: 0.38394216433573325.
checkpoint_e23 window_influence: 0.47862512742010255, penalty_k: 0.02557954810441055, scale_lr: 0.45546736608991545, EAO: 0.341
Trial 81 finished with value: 0.34077317485085723 and parameters: {'window_influence': 0.47862512742010255, 'penalty_k': 0.025579548104410547, 'scale_lr': 0.45546736608991545}. Best is trial 32 with value: 0.38394216433573325.
checkpoint_e23 window_influence: 0.49541547926136509, penalty_k: 0.07115683380428495, scale_lr: 0.43403730567845383, EAO: 0.341
Trial 82 finished with value: 0.3409951013813687 and parameters: {'window_influence': 0.4954154792613651, 'penalty_k': 0.07115683380428495, 'scale_lr': 0.43403730567845383}. Best is trial 32 with value: 0.38394216433573325.
checkpoint_e23 window_influence: 0.44593365761940895, penalty_k: 0.05082932092732731, scale_lr: 0.40347178443090498, EAO: 0.349
Trial 83 finished with value: 0.34942026094239975 and parameters: {'window_influence': 0.44593365761940895, 'penalty_k': 0.05082932092732731, 'scale_lr': 0.403471784430905}. Best is trial 32 with value: 0.38394216433573325.
checkpoint_e23 window_influence: 0.46139822208345482, penalty_k: 0.03130922584913555, scale_lr: 0.42282627718977711, EAO: 0.343
Trial 84 finished with value: 0.343182060621128 and parameters: {'window_influence': 0.4613982220834548, 'penalty_k': 0.03130922584913555, 'scale_lr': 0.4228262771897771}. Best is trial 32 with value: 0.38394216433573325.
checkpoint_e23 window_influence: 0.51085245553509073, penalty_k: 0.07995604955677055, scale_lr: 0.46844437012816231, EAO: 0.335
Trial 85 finished with value: 0.33467287486165415 and parameters: {'window_influence': 0.5108524555350907, 'penalty_k': 0.07995604955677055, 'scale_lr': 0.4684443701281623}. Best is trial 32 with value: 0.38394216433573325.
checkpoint_e23 window_influence: 0.46893334649980178, penalty_k: 0.00780088096780551, scale_lr: 0.44892796175106048, EAO: 0.347
Trial 86 finished with value: 0.3473437487615222 and parameters: {'window_influence': 0.4689333464998018, 'penalty_k': 0.0078008809678055055, 'scale_lr': 0.4489279617510605}. Best is trial 32 with value: 0.38394216433573325.
checkpoint_e23 window_influence: 0.49398837854554739, penalty_k: 0.03866073143243098, scale_lr: 0.34470052347439123, EAO: 0.354
Trial 87 finished with value: 0.35443438804103244 and parameters: {'window_influence': 0.4939883785455474, 'penalty_k': 0.038660731432430984, 'scale_lr': 0.34470052347439123}. Best is trial 32 with value: 0.38394216433573325.
checkpoint_e23 window_influence: 0.49746281243377627, penalty_k: 0.06038487869213217, scale_lr: 0.34722330623617431, EAO: 0.350
Trial 88 finished with value: 0.35044294885624244 and parameters: {'window_influence': 0.49746281243377627, 'penalty_k': 0.060384878692132174, 'scale_lr': 0.3472233062361743}. Best is trial 32 with value: 0.38394216433573325.
checkpoint_e23 window_influence: 0.51649528090029140, penalty_k: 0.04060356539620647, scale_lr: 0.33045717070205743, EAO: 0.350
Trial 89 finished with value: 0.350175550591621 and parameters: {'window_influence': 0.5164952809002914, 'penalty_k': 0.04060356539620647, 'scale_lr': 0.33045717070205743}. Best is trial 32 with value: 0.38394216433573325.
checkpoint_e23 window_influence: 0.52868128884141286, penalty_k: 0.08342810597998529, scale_lr: 0.41016467283960806, EAO: 0.331
Trial 90 finished with value: 0.3313575861287024 and parameters: {'window_influence': 0.5286812888414129, 'penalty_k': 0.08342810597998529, 'scale_lr': 0.41016467283960806}. Best is trial 32 with value: 0.38394216433573325.
checkpoint_e23 window_influence: 0.47197746402122243, penalty_k: 0.01566614983993707, scale_lr: 0.30759053060589520, EAO: 0.336
Trial 91 finished with value: 0.33594207355484423 and parameters: {'window_influence': 0.4719774640212224, 'penalty_k': 0.01566614983993707, 'scale_lr': 0.3075905306058952}. Best is trial 32 with value: 0.38394216433573325.
checkpoint_e23 window_influence: 0.48563322361535299, penalty_k: 0.02976054242924750, scale_lr: 0.37264178859102864, EAO: 0.354
Trial 92 finished with value: 0.3536004487874443 and parameters: {'window_influence': 0.485633223615353, 'penalty_k': 0.029760542429247503, 'scale_lr': 0.37264178859102864}. Best is trial 32 with value: 0.38394216433573325.
checkpoint_e23 window_influence: 0.49086453690746068, penalty_k: 0.03477238681440718, scale_lr: 0.37107308419169871, EAO: 0.344
Trial 93 finished with value: 0.34354564315614067 and parameters: {'window_influence': 0.4908645369074607, 'penalty_k': 0.034772386814407176, 'scale_lr': 0.3710730841916987}. Best is trial 32 with value: 0.38394216433573325.
checkpoint_e23 window_influence: 0.48147898769443298, penalty_k: 0.05459348514176959, scale_lr: 0.34387210826930553, EAO: 0.358
Trial 94 finished with value: 0.3576840113573037 and parameters: {'window_influence': 0.481478987694433, 'penalty_k': 0.05459348514176959, 'scale_lr': 0.34387210826930553}. Best is trial 32 with value: 0.38394216433573325.
checkpoint_e23 window_influence: 0.45191376464612465, penalty_k: 0.05211796292505720, scale_lr: 0.35123645868255104, EAO: 0.327
Trial 95 finished with value: 0.3270379496803543 and parameters: {'window_influence': 0.45191376464612465, 'penalty_k': 0.0521179629250572, 'scale_lr': 0.35123645868255104}. Best is trial 32 with value: 0.38394216433573325.
checkpoint_e23 window_influence: 0.48001849900661681, penalty_k: 0.02871694773393602, scale_lr: 0.37450450325536572, EAO: 0.366
Trial 96 finished with value: 0.36632217820516355 and parameters: {'window_influence': 0.4800184990066168, 'penalty_k': 0.02871694773393602, 'scale_lr': 0.3745045032553657}. Best is trial 32 with value: 0.38394216433573325.
checkpoint_e23 window_influence: 0.47624928181239418, penalty_k: 0.01931636666722128, scale_lr: 0.37649530422846977, EAO: 0.345
Trial 97 finished with value: 0.3452238405724908 and parameters: {'window_influence': 0.4762492818123942, 'penalty_k': 0.01931636666722128, 'scale_lr': 0.3764953042284698}. Best is trial 32 with value: 0.38394216433573325.
checkpoint_e23 window_influence: 0.50640136368508493, penalty_k: 0.02724617173436839, scale_lr: 0.36295719376591640, EAO: 0.349
Trial 98 finished with value: 0.3485373397745511 and parameters: {'window_influence': 0.5064013636850849, 'penalty_k': 0.027246171734368392, 'scale_lr': 0.3629571937659164}. Best is trial 32 with value: 0.38394216433573325.
checkpoint_e23 window_influence: 0.48525980129093038, penalty_k: 0.06288581086460690, scale_lr: 0.34106508553060133, EAO: 0.342
Trial 99 finished with value: 0.3418542971175004 and parameters: {'window_influence': 0.4852598012909304, 'penalty_k': 0.0628858108646069, 'scale_lr': 0.34106508553060133}. Best is trial 32 with value: 0.38394216433573325.
checkpoint_e23 window_influence: 0.53506446687981968, penalty_k: 0.01017491481970089, scale_lr: 0.38620089426116577, EAO: 0.331
Trial 100 finished with value: 0.3313479676320859 and parameters: {'window_influence': 0.5350644668798197, 'penalty_k': 0.010174914819700887, 'scale_lr': 0.3862008942611658}. Best is trial 32 with value: 0.38394216433573325.
checkpoint_e23 window_influence: 0.46375274729841953, penalty_k: 0.04817408880370577, scale_lr: 0.42754406492147606, EAO: 0.341
Trial 101 finished with value: 0.3408783829629653 and parameters: {'window_influence': 0.46375274729841953, 'penalty_k': 0.04817408880370577, 'scale_lr': 0.42754406492147606}. Best is trial 32 with value: 0.38394216433573325.
checkpoint_e23 window_influence: 0.42926030970914297, penalty_k: 0.09255216877222247, scale_lr: 0.39902515513649978, EAO: 0.333
Trial 102 finished with value: 0.33329287716386846 and parameters: {'window_influence': 0.429260309709143, 'penalty_k': 0.09255216877222247, 'scale_lr': 0.3990251551364998}. Best is trial 32 with value: 0.38394216433573325.
checkpoint_e23 window_influence: 0.44140517866001944, penalty_k: 0.03843047118358391, scale_lr: 0.31502410520596313, EAO: 0.334
Trial 103 finished with value: 0.3344169818009848 and parameters: {'window_influence': 0.44140517866001944, 'penalty_k': 0.03843047118358391, 'scale_lr': 0.31502410520596313}. Best is trial 32 with value: 0.38394216433573325.
checkpoint_e23 window_influence: 0.47125874794538397, penalty_k: 0.07869559044688615, scale_lr: 0.46354030966768733, EAO: 0.344
Trial 104 finished with value: 0.3437810147086934 and parameters: {'window_influence': 0.47125874794538397, 'penalty_k': 0.07869559044688615, 'scale_lr': 0.46354030966768733}. Best is trial 32 with value: 0.38394216433573325.
checkpoint_e23 window_influence: 0.49301961317877485, penalty_k: 0.07026326681437672, scale_lr: 0.44090721516446968, EAO: 0.343
Trial 105 finished with value: 0.3428441390453146 and parameters: {'window_influence': 0.49301961317877485, 'penalty_k': 0.07026326681437672, 'scale_lr': 0.4409072151644697}. Best is trial 32 with value: 0.38394216433573325.
checkpoint_e23 window_influence: 0.45505516103209026, penalty_k: 0.10844866262265997, scale_lr: 0.29203926848013523, EAO: 0.346
Trial 106 finished with value: 0.34586144108252764 and parameters: {'window_influence': 0.45505516103209026, 'penalty_k': 0.10844866262265997, 'scale_lr': 0.29203926848013523}. Best is trial 32 with value: 0.38394216433573325.
checkpoint_e23 window_influence: 0.52099279452033775, penalty_k: 0.03222849516062673, scale_lr: 0.34245411925430808, EAO: 0.322
Trial 107 finished with value: 0.32164155346874135 and parameters: {'window_influence': 0.5209927945203378, 'penalty_k': 0.03222849516062673, 'scale_lr': 0.3424541192543081}. Best is trial 32 with value: 0.38394216433573325.
checkpoint_e23 window_influence: 0.41230599473483509, penalty_k: 0.01380039292549180, scale_lr: 0.40318699762692023, EAO: 0.332
Trial 108 finished with value: 0.33244799199271297 and parameters: {'window_influence': 0.4123059947348351, 'penalty_k': 0.013800392925491796, 'scale_lr': 0.40318699762692023}. Best is trial 32 with value: 0.38394216433573325.
checkpoint_e23 window_influence: 0.43183287435059675, penalty_k: 0.12635953338277617, scale_lr: 0.42066987936710198, EAO: 0.332
Trial 109 finished with value: 0.3315260999977357 and parameters: {'window_influence': 0.43183287435059675, 'penalty_k': 0.12635953338277617, 'scale_lr': 0.420669879367102}. Best is trial 32 with value: 0.38394216433573325.
checkpoint_e23 window_influence: 0.50524410942544118, penalty_k: 0.05373700769676867, scale_lr: 0.36435830811716924, EAO: 0.359
Trial 110 finished with value: 0.3586743612001842 and parameters: {'window_influence': 0.5052441094254412, 'penalty_k': 0.05373700769676867, 'scale_lr': 0.36435830811716924}. Best is trial 32 with value: 0.38394216433573325.
checkpoint_e23 window_influence: 0.50075995562271047, penalty_k: 0.04937925872714499, scale_lr: 0.36218085245084775, EAO: 0.359
Trial 111 finished with value: 0.35857152776495493 and parameters: {'window_influence': 0.5007599556227105, 'penalty_k': 0.04937925872714499, 'scale_lr': 0.36218085245084775}. Best is trial 32 with value: 0.38394216433573325.
checkpoint_e23 window_influence: 0.50136202961753751, penalty_k: 0.05068907030724996, scale_lr: 0.36449219802385802, EAO: 0.333
Trial 112 finished with value: 0.3326935893366773 and parameters: {'window_influence': 0.5013620296175375, 'penalty_k': 0.050689070307249964, 'scale_lr': 0.364492198023858}. Best is trial 32 with value: 0.38394216433573325.
checkpoint_e23 window_influence: 0.51150023194325944, penalty_k: 0.05943679745587584, scale_lr: 0.32405535910499983, EAO: 0.350
Trial 113 finished with value: 0.3495946897606905 and parameters: {'window_influence': 0.5115002319432594, 'penalty_k': 0.05943679745587584, 'scale_lr': 0.32405535910499983}. Best is trial 32 with value: 0.38394216433573325.
checkpoint_e23 window_influence: 0.48482899189301315, penalty_k: 0.04282310918898975, scale_lr: 0.37612172253391618, EAO: 0.334
Trial 114 finished with value: 0.3342925747312924 and parameters: {'window_influence': 0.48482899189301315, 'penalty_k': 0.04282310918898975, 'scale_lr': 0.3761217225339162}. Best is trial 32 with value: 0.38394216433573325.
checkpoint_e23 window_influence: 0.55235492032274403, penalty_k: 0.02767563381995287, scale_lr: 0.38987723054601836, EAO: 0.331
Trial 115 finished with value: 0.33062205275209033 and parameters: {'window_influence': 0.552354920322744, 'penalty_k': 0.027675633819952868, 'scale_lr': 0.38987723054601836}. Best is trial 32 with value: 0.38394216433573325.
checkpoint_e23 window_influence: 0.52212769078561827, penalty_k: 0.00143554545770682, scale_lr: 0.34174535865281574, EAO: 0.337
Trial 116 finished with value: 0.3373383743985618 and parameters: {'window_influence': 0.5221276907856183, 'penalty_k': 0.0014355454577068202, 'scale_lr': 0.34174535865281574}. Best is trial 32 with value: 0.38394216433573325.
checkpoint_e23 window_influence: 0.48026502763371309, penalty_k: 0.06939173404830609, scale_lr: 0.37163596220539918, EAO: 0.341
Trial 117 finished with value: 0.34143038482517585 and parameters: {'window_influence': 0.4802650276337131, 'penalty_k': 0.06939173404830609, 'scale_lr': 0.3716359622053992}. Best is trial 32 with value: 0.38394216433573325.
checkpoint_e23 window_influence: 0.49678618098686839, penalty_k: 0.01565332039861566, scale_lr: 0.32862024528082934, EAO: 0.321
Trial 118 finished with value: 0.32076423084689487 and parameters: {'window_influence': 0.4967861809868684, 'penalty_k': 0.01565332039861566, 'scale_lr': 0.32862024528082934}. Best is trial 32 with value: 0.38394216433573325.
checkpoint_e23 window_influence: 0.47136424108557734, penalty_k: 0.09641365431709234, scale_lr: 0.40719932984131885, EAO: 0.345
Trial 119 finished with value: 0.34472837881819285 and parameters: {'window_influence': 0.47136424108557734, 'penalty_k': 0.09641365431709234, 'scale_lr': 0.40719932984131885}. Best is trial 32 with value: 0.38394216433573325.
checkpoint_e23 window_influence: 0.50353231727573178, penalty_k: 0.05590341648701475, scale_lr: 0.35266570240701872, EAO: 0.345
Trial 120 finished with value: 0.3448277805797785 and parameters: {'window_influence': 0.5035323172757318, 'penalty_k': 0.055903416487014745, 'scale_lr': 0.3526657024070187}. Best is trial 32 with value: 0.38394216433573325.
checkpoint_e23 window_influence: 0.45798548239765047, penalty_k: 0.07566106055294552, scale_lr: 0.49100485785520970, EAO: 0.349
Trial 121 finished with value: 0.3492658334251508 and parameters: {'window_influence': 0.45798548239765047, 'penalty_k': 0.07566106055294552, 'scale_lr': 0.4910048578552097}. Best is trial 32 with value: 0.38394216433573325.
checkpoint_e23 window_influence: 0.44401842823525500, penalty_k: 0.04353493007918393, scale_lr: 0.43639011616955198, EAO: 0.335
Trial 122 finished with value: 0.3346862992423982 and parameters: {'window_influence': 0.444018428235255, 'penalty_k': 0.04353493007918393, 'scale_lr': 0.436390116169552}. Best is trial 32 with value: 0.38394216433573325.
checkpoint_e23 window_influence: 0.48662576883904862, penalty_k: 0.08626509646835488, scale_lr: 0.39044861771906858, EAO: 0.371
Trial 123 finished with value: 0.3705143860110049 and parameters: {'window_influence': 0.4866257688390486, 'penalty_k': 0.08626509646835488, 'scale_lr': 0.3904486177190686}. Best is trial 32 with value: 0.38394216433573325.
checkpoint_e23 window_influence: 0.48583513506363923, penalty_k: 0.08573403897754200, scale_lr: 0.39068246555694919, EAO: 0.357
