Trial 3084 finished with value: 0.3129798254498248 and parameters: {'window_influence': 0.47340574877319314, 'penalty_k': 0.29573953348470794, 'scale_lr': 0.4930132873657912}. Best is trial 1270 with value: 0.3623636909959845.
checkpoint_e22 window_influence: 0.45277784319081982, penalty_k: 0.03238540860324512, scale_lr: 0.74375383434220366, EAO: 0.305
Trial 3085 finished with value: 0.30543610204286614 and parameters: {'window_influence': 0.4527778431908198, 'penalty_k': 0.03238540860324512, 'scale_lr': 0.7437538343422037}. Best is trial 1270 with value: 0.3623636909959845.
checkpoint_e22 window_influence: 0.39296474051623836, penalty_k: 0.06918099374278933, scale_lr: 0.66420784248251108, EAO: 0.334
Trial 3086 finished with value: 0.33446720903485666 and parameters: {'window_influence': 0.39296474051623836, 'penalty_k': 0.06918099374278933, 'scale_lr': 0.6642078424825111}. Best is trial 1270 with value: 0.3623636909959845.
checkpoint_e22 window_influence: 0.48968889130196885, penalty_k: 0.09404325606011973, scale_lr: 0.55305630954803930, EAO: 0.335
Trial 3087 finished with value: 0.33540479833049996 and parameters: {'window_influence': 0.48968889130196885, 'penalty_k': 0.09404325606011973, 'scale_lr': 0.5530563095480393}. Best is trial 1270 with value: 0.3623636909959845.
checkpoint_e22 window_influence: 0.30617189874881817, penalty_k: 0.01924271884724878, scale_lr: 0.20060853648490878, EAO: 0.281
Trial 3088 finished with value: 0.2811969904236293 and parameters: {'window_influence': 0.30617189874881817, 'penalty_k': 0.019242718847248784, 'scale_lr': 0.20060853648490878}. Best is trial 1270 with value: 0.3623636909959845.
checkpoint_e22 window_influence: 0.53233518923104828, penalty_k: 0.51764758437454450, scale_lr: 0.22976456666073974, EAO: 0.273
Trial 3089 finished with value: 0.2728049993978864 and parameters: {'window_influence': 0.5323351892310483, 'penalty_k': 0.5176475843745445, 'scale_lr': 0.22976456666073974}. Best is trial 1270 with value: 0.3623636909959845.
checkpoint_e22 window_influence: 0.21150264936866683, penalty_k: 0.15437747480499645, scale_lr: 0.63639843101384075, EAO: 0.270
Trial 3090 finished with value: 0.26970953108735585 and parameters: {'window_influence': 0.21150264936866683, 'penalty_k': 0.15437747480499645, 'scale_lr': 0.6363984310138407}. Best is trial 1270 with value: 0.3623636909959845.
checkpoint_e22 window_influence: 0.46704280164628675, penalty_k: 0.20042654800233908, scale_lr: 0.76638836152406586, EAO: 0.318
Trial 3091 finished with value: 0.31805197384338896 and parameters: {'window_influence': 0.46704280164628675, 'penalty_k': 0.20042654800233908, 'scale_lr': 0.7663883615240659}. Best is trial 1270 with value: 0.3623636909959845.
checkpoint_e22 window_influence: 0.35554038035938074, penalty_k: 0.17705948349755390, scale_lr: 0.45217811366868044, EAO: 0.311
Trial 3092 finished with value: 0.31143722610714836 and parameters: {'window_influence': 0.35554038035938074, 'penalty_k': 0.1770594834975539, 'scale_lr': 0.45217811366868044}. Best is trial 1270 with value: 0.3623636909959845.
checkpoint_e22 window_influence: 0.44253571093340816, penalty_k: 0.05343822880173673, scale_lr: 0.56544780134668626, EAO: 0.331
Trial 3093 finished with value: 0.33084662670291354 and parameters: {'window_influence': 0.44253571093340816, 'penalty_k': 0.05343822880173673, 'scale_lr': 0.5654478013466863}. Best is trial 1270 with value: 0.3623636909959845.
checkpoint_e22 window_influence: 0.49686026292920493, penalty_k: 0.28508978295540849, scale_lr: 0.50929012433065490, EAO: 0.303
Trial 3094 finished with value: 0.3029038573285485 and parameters: {'window_influence': 0.49686026292920493, 'penalty_k': 0.2850897829554085, 'scale_lr': 0.5092901243306549}. Best is trial 1270 with value: 0.3623636909959845.
checkpoint_e22 window_influence: 0.26575566295472397, penalty_k: 0.14434331668040540, scale_lr: 0.35823148986330255, EAO: 0.276
Trial 3095 finished with value: 0.2763151669664606 and parameters: {'window_influence': 0.26575566295472397, 'penalty_k': 0.1443433166804054, 'scale_lr': 0.35823148986330255}. Best is trial 1270 with value: 0.3623636909959845.
checkpoint_e22 window_influence: 0.35554523624039674, penalty_k: 0.30163939889082059, scale_lr: 0.40495413035515276, EAO: 0.291
Trial 3096 finished with value: 0.2909827125675483 and parameters: {'window_influence': 0.35554523624039674, 'penalty_k': 0.3016393988908206, 'scale_lr': 0.40495413035515276}. Best is trial 1270 with value: 0.3623636909959845.
checkpoint_e22 window_influence: 0.14601840434244331, penalty_k: 0.32081461649644233, scale_lr: 0.46645233907639500, EAO: 0.266
Trial 3097 finished with value: 0.2661480157407805 and parameters: {'window_influence': 0.14601840434244331, 'penalty_k': 0.32081461649644233, 'scale_lr': 0.466452339076395}. Best is trial 1270 with value: 0.3623636909959845.
checkpoint_e22 window_influence: 0.12083742188233668, penalty_k: 0.53353970687195407, scale_lr: 0.58243466710727299, EAO: 0.227
Trial 3098 finished with value: 0.22665140763331015 and parameters: {'window_influence': 0.12083742188233668, 'penalty_k': 0.5335397068719541, 'scale_lr': 0.582434667107273}. Best is trial 1270 with value: 0.3623636909959845.
checkpoint_e22 window_influence: 0.48162443867052412, penalty_k: 0.01124178799477390, scale_lr: 0.68408361342971491, EAO: 0.312
Trial 3099 finished with value: 0.311972159761863 and parameters: {'window_influence': 0.4816244386705241, 'penalty_k': 0.011241787994773903, 'scale_lr': 0.6840836134297149}. Best is trial 1270 with value: 0.3623636909959845.
checkpoint_e22 window_influence: 0.45956595468940964, penalty_k: 0.12140457297128313, scale_lr: 0.33085541574167648, EAO: 0.327
Trial 3100 finished with value: 0.3268516957759857 and parameters: {'window_influence': 0.45956595468940964, 'penalty_k': 0.12140457297128313, 'scale_lr': 0.3308554157416765}. Best is trial 1270 with value: 0.3623636909959845.
checkpoint_e22 window_influence: 0.50915979140904311, penalty_k: 0.46610409443835987, scale_lr: 0.28650727957536143, EAO: 0.274
Trial 3101 finished with value: 0.27430741216422055 and parameters: {'window_influence': 0.5091597914090431, 'penalty_k': 0.4661040944383599, 'scale_lr': 0.28650727957536143}. Best is trial 1270 with value: 0.3623636909959845.
checkpoint_e22 window_influence: 0.42663947366212474, penalty_k: 0.03093302045103668, scale_lr: 0.60593633481241094, EAO: 0.324
Trial 3102 finished with value: 0.3235045365322425 and parameters: {'window_influence': 0.42663947366212474, 'penalty_k': 0.030933020451036675, 'scale_lr': 0.6059363348124109}. Best is trial 1270 with value: 0.3623636909959845.
checkpoint_e22 window_influence: 0.37724016724268422, penalty_k: 0.07594901415471243, scale_lr: 0.31251942162319180, EAO: 0.321
Trial 3103 finished with value: 0.3213942731632797 and parameters: {'window_influence': 0.3772401672426842, 'penalty_k': 0.07594901415471243, 'scale_lr': 0.3125194216231918}. Best is trial 1270 with value: 0.3623636909959845.
checkpoint_e22 window_influence: 0.11061584934669211, penalty_k: 0.00018144759348697, scale_lr: 0.48044036730648743, EAO: 0.262
Trial 3104 finished with value: 0.2623297895091053 and parameters: {'window_influence': 0.11061584934669211, 'penalty_k': 0.00018144759348697175, 'scale_lr': 0.4804403673064874}. Best is trial 1270 with value: 0.3623636909959845.
checkpoint_e22 window_influence: 0.47389457433415155, penalty_k: 0.10238991435272060, scale_lr: 0.64995781261369423, EAO: 0.319
Trial 3105 finished with value: 0.3190240079558777 and parameters: {'window_influence': 0.47389457433415155, 'penalty_k': 0.1023899143527206, 'scale_lr': 0.6499578126136942}. Best is trial 1270 with value: 0.3623636909959845.
checkpoint_e22 window_influence: 0.61612435918801545, penalty_k: 0.04416222029578210, scale_lr: 0.24894957980260563, EAO: 0.238
Trial 3106 finished with value: 0.2381685471836231 and parameters: {'window_influence': 0.6161243591880154, 'penalty_k': 0.0441622202957821, 'scale_lr': 0.24894957980260563}. Best is trial 1270 with value: 0.3623636909959845.
checkpoint_e22 window_influence: 0.40595713075978412, penalty_k: 0.01982524376523383, scale_lr: 0.61776631547563288, EAO: 0.326
Trial 3107 finished with value: 0.3264478996454046 and parameters: {'window_influence': 0.4059571307597841, 'penalty_k': 0.01982524376523383, 'scale_lr': 0.6177663154756329}. Best is trial 1270 with value: 0.3623636909959845.
checkpoint_e22 window_influence: 0.32741163318821026, penalty_k: 0.25219952671280854, scale_lr: 0.53296285668352128, EAO: 0.298
Trial 3108 finished with value: 0.2982679503437146 and parameters: {'window_influence': 0.32741163318821026, 'penalty_k': 0.25219952671280854, 'scale_lr': 0.5329628566835213}. Best is trial 1270 with value: 0.3623636909959845.
checkpoint_e22 window_influence: 0.44916754789382268, penalty_k: 0.08600397511270116, scale_lr: 0.14380895947230171, EAO: 0.319
Trial 3109 finished with value: 0.3188159875136869 and parameters: {'window_influence': 0.4491675478938227, 'penalty_k': 0.08600397511270116, 'scale_lr': 0.1438089594723017}. Best is trial 1270 with value: 0.3623636909959845.
checkpoint_e22 window_influence: 0.49044503100448755, penalty_k: 0.38410819570280019, scale_lr: 0.79701609175502597, EAO: 0.298
Trial 3110 finished with value: 0.29762678520920677 and parameters: {'window_influence': 0.49044503100448755, 'penalty_k': 0.3841081957028002, 'scale_lr': 0.797016091755026}. Best is trial 1270 with value: 0.3623636909959845.
checkpoint_e22 window_influence: 0.46373124484657352, penalty_k: 0.13147047122220085, scale_lr: 0.42770131848135806, EAO: 0.322
Trial 3111 finished with value: 0.32152967398500626 and parameters: {'window_influence': 0.4637312448465735, 'penalty_k': 0.13147047122220085, 'scale_lr': 0.42770131848135806}. Best is trial 1270 with value: 0.3623636909959845.
checkpoint_e22 window_influence: 0.23517643898873383, penalty_k: 0.11617617774296819, scale_lr: 0.37381421487151567, EAO: 0.293
Trial 3112 finished with value: 0.2932253226579859 and parameters: {'window_influence': 0.23517643898873383, 'penalty_k': 0.11617617774296819, 'scale_lr': 0.37381421487151567}. Best is trial 1270 with value: 0.3623636909959845.
checkpoint_e22 window_influence: 0.19242716495720349, penalty_k: 0.21114955059569665, scale_lr: 0.10534835577815155, EAO: 0.265
Trial 3113 finished with value: 0.26526103942774615 and parameters: {'window_influence': 0.1924271649572035, 'penalty_k': 0.21114955059569665, 'scale_lr': 0.10534835577815155}. Best is trial 1270 with value: 0.3623636909959845.
checkpoint_e22 window_influence: 0.52463623906842538, penalty_k: 0.01070388459667221, scale_lr: 0.50035457480990209, EAO: 0.336
Trial 3114 finished with value: 0.3357323926478508 and parameters: {'window_influence': 0.5246362390684254, 'penalty_k': 0.010703884596672208, 'scale_lr': 0.5003545748099021}. Best is trial 1270 with value: 0.3623636909959845.
checkpoint_e22 window_influence: 0.48122472249909098, penalty_k: 0.02810696221569142, scale_lr: 0.27056544601948751, EAO: 0.324
Trial 3115 finished with value: 0.3239956754422837 and parameters: {'window_influence': 0.481224722499091, 'penalty_k': 0.028106962215691415, 'scale_lr': 0.2705654460194875}. Best is trial 1270 with value: 0.3623636909959845.
checkpoint_e22 window_influence: 0.49862408754879345, penalty_k: 0.14005896483537555, scale_lr: 0.57730128713105588, EAO: 0.313
Trial 3116 finished with value: 0.3127357937714469 and parameters: {'window_influence': 0.49862408754879345, 'penalty_k': 0.14005896483537555, 'scale_lr': 0.5773012871310559}. Best is trial 1270 with value: 0.3623636909959845.
checkpoint_e22 window_influence: 0.15622039323159143, penalty_k: 0.03969203751644272, scale_lr: 0.19347591228989292, EAO: 0.258
Trial 3117 finished with value: 0.2584904180078655 and parameters: {'window_influence': 0.15622039323159143, 'penalty_k': 0.03969203751644272, 'scale_lr': 0.19347591228989292}. Best is trial 1270 with value: 0.3623636909959845.
checkpoint_e22 window_influence: 0.09256499008465280, penalty_k: 0.10110734695608822, scale_lr: 0.54918652915360322, EAO: 0.255
Trial 3118 finished with value: 0.25484594302650554 and parameters: {'window_influence': 0.0925649900846528, 'penalty_k': 0.10110734695608822, 'scale_lr': 0.5491865291536032}. Best is trial 1270 with value: 0.3623636909959845.
checkpoint_e22 window_influence: 0.22146719435932138, penalty_k: 0.05928922055724874, scale_lr: 0.34372276942168734, EAO: 0.274
Trial 3119 finished with value: 0.2736919400525 and parameters: {'window_influence': 0.22146719435932138, 'penalty_k': 0.05928922055724874, 'scale_lr': 0.34372276942168734}. Best is trial 1270 with value: 0.3623636909959845.
checkpoint_e22 window_influence: 0.47215811270627006, penalty_k: 0.08511067214267665, scale_lr: 0.38645233156184805, EAO: 0.354
Trial 3120 finished with value: 0.3539710100522765 and parameters: {'window_influence': 0.47215811270627006, 'penalty_k': 0.08511067214267665, 'scale_lr': 0.38645233156184805}. Best is trial 1270 with value: 0.3623636909959845.
checkpoint_e22 window_influence: 0.44875037164401571, penalty_k: 0.11241754757847108, scale_lr: 0.41213876396831056, EAO: 0.302
Trial 3121 finished with value: 0.30155407303965975 and parameters: {'window_influence': 0.4487503716440157, 'penalty_k': 0.11241754757847108, 'scale_lr': 0.41213876396831056}. Best is trial 1270 with value: 0.3623636909959845.
checkpoint_e22 window_influence: 0.45973195160242070, penalty_k: 0.24578685639205677, scale_lr: 0.41843807456978294, EAO: 0.287
Trial 3122 finished with value: 0.2868300407892999 and parameters: {'window_influence': 0.4597319516024207, 'penalty_k': 0.24578685639205677, 'scale_lr': 0.41843807456978294}. Best is trial 1270 with value: 0.3623636909959845.
checkpoint_e22 window_influence: 0.44119646107807675, penalty_k: 0.08936633110429432, scale_lr: 0.38613926142795918, EAO: 0.326
Trial 3123 finished with value: 0.32585988805451743 and parameters: {'window_influence': 0.44119646107807675, 'penalty_k': 0.08936633110429432, 'scale_lr': 0.3861392614279592}. Best is trial 1270 with value: 0.3623636909959845.
checkpoint_e22 window_influence: 0.46634451407165783, penalty_k: 0.30534662232342641, scale_lr: 0.42546477001829658, EAO: 0.329
Trial 3124 finished with value: 0.3290771121296901 and parameters: {'window_influence': 0.46634451407165783, 'penalty_k': 0.3053466223234264, 'scale_lr': 0.4254647700182966}. Best is trial 1270 with value: 0.3623636909959845.
checkpoint_e22 window_influence: 0.45348062552041496, penalty_k: 0.47435280690959453, scale_lr: 0.42974444372854709, EAO: 0.307
Trial 3125 finished with value: 0.30706065609065475 and parameters: {'window_influence': 0.45348062552041496, 'penalty_k': 0.4743528069095945, 'scale_lr': 0.4297444437285471}. Best is trial 1270 with value: 0.3623636909959845.
checkpoint_e22 window_influence: 0.46825914242758127, penalty_k: 0.00008445914153523, scale_lr: 0.44089948787710609, EAO: 0.332
Trial 3126 finished with value: 0.3315918849136115 and parameters: {'window_influence': 0.46825914242758127, 'penalty_k': 8.445914153522999e-05, 'scale_lr': 0.4408994878771061}. Best is trial 1270 with value: 0.3623636909959845.
checkpoint_e22 window_influence: 0.07438465655556226, penalty_k: 0.17230534692936661, scale_lr: 0.47479254741394300, EAO: 0.243
Trial 3127 finished with value: 0.24332578538224856 and parameters: {'window_influence': 0.07438465655556226, 'penalty_k': 0.1723053469293666, 'scale_lr': 0.474792547413943}. Best is trial 1270 with value: 0.3623636909959845.
checkpoint_e22 window_influence: 0.42898096241256900, penalty_k: 0.18363505925235540, scale_lr: 0.41009845529333755, EAO: 0.290
Trial 3128 finished with value: 0.2895090631010004 and parameters: {'window_influence': 0.428980962412569, 'penalty_k': 0.1836350592523554, 'scale_lr': 0.41009845529333755}. Best is trial 1270 with value: 0.3623636909959845.
checkpoint_e22 window_influence: 0.16911759394099982, penalty_k: 0.01937741153694078, scale_lr: 0.24048050393344297, EAO: 0.275
Trial 3129 finished with value: 0.2747945173241285 and parameters: {'window_influence': 0.16911759394099982, 'penalty_k': 0.01937741153694078, 'scale_lr': 0.24048050393344297}. Best is trial 1270 with value: 0.3623636909959845.
checkpoint_e22 window_influence: 0.45544967008772658, penalty_k: 0.12644815704254991, scale_lr: 0.41456588760255497, EAO: 0.311
Trial 3130 finished with value: 0.31073365183655854 and parameters: {'window_influence': 0.4554496700877266, 'penalty_k': 0.1264481570425499, 'scale_lr': 0.41456588760255497}. Best is trial 1270 with value: 0.3623636909959845.
checkpoint_e22 window_influence: 0.47208636968889489, penalty_k: 0.10502234200639404, scale_lr: 0.39481724404843410, EAO: 0.344
Trial 3131 finished with value: 0.3442022164971912 and parameters: {'window_influence': 0.4720863696888949, 'penalty_k': 0.10502234200639404, 'scale_lr': 0.3948172440484341}. Best is trial 1270 with value: 0.3623636909959845.
checkpoint_e22 window_influence: 0.44378110476497512, penalty_k: 0.01232729187566933, scale_lr: 0.43872680761650013, EAO: 0.321
Trial 3132 finished with value: 0.3209327333516184 and parameters: {'window_influence': 0.4437811047649751, 'penalty_k': 0.012327291875669326, 'scale_lr': 0.4387268076165001}. Best is trial 1270 with value: 0.3623636909959845.
checkpoint_e22 window_influence: 0.46359466361731649, penalty_k: 0.15322760969193003, scale_lr: 0.10116488557698539, EAO: 0.328
Trial 3133 finished with value: 0.3281793479557631 and parameters: {'window_influence': 0.4635946636173165, 'penalty_k': 0.15322760969193003, 'scale_lr': 0.10116488557698539}. Best is trial 1270 with value: 0.3623636909959845.
checkpoint_e22 window_influence: 0.47604190274690261, penalty_k: 0.07383095617288456, scale_lr: 0.44651714579297075, EAO: 0.315
Trial 3134 finished with value: 0.31483398882331554 and parameters: {'window_influence': 0.4760419027469026, 'penalty_k': 0.07383095617288456, 'scale_lr': 0.44651714579297075}. Best is trial 1270 with value: 0.3623636909959845.
checkpoint_e22 window_influence: 0.45642630810383600, penalty_k: 0.27927214113787729, scale_lr: 0.38427370866497856, EAO: 0.307
Trial 3135 finished with value: 0.30672309672322257 and parameters: {'window_influence': 0.456426308103836, 'penalty_k': 0.2792721411378773, 'scale_lr': 0.38427370866497856}. Best is trial 1270 with value: 0.3623636909959845.
checkpoint_e22 window_influence: 0.27464966971163185, penalty_k: 0.03093843232401213, scale_lr: 0.42395863640000558, EAO: 0.298
Trial 3136 finished with value: 0.2981666008786005 and parameters: {'window_influence': 0.27464966971163185, 'penalty_k': 0.030938432324012135, 'scale_lr': 0.4239586364000056}. Best is trial 1270 with value: 0.3623636909959845.
checkpoint_e22 window_influence: 0.63477672109296213, penalty_k: 0.09563566046411780, scale_lr: 0.45750580779434236, EAO: 0.237
Trial 3137 finished with value: 0.23731644967650625 and parameters: {'window_influence': 0.6347767210929621, 'penalty_k': 0.0956356604641178, 'scale_lr': 0.45750580779434236}. Best is trial 1270 with value: 0.3623636909959845.
checkpoint_e22 window_influence: 0.19651550252912045, penalty_k: 0.11579260682495807, scale_lr: 0.38220992532590853, EAO: 0.281
Trial 3138 finished with value: 0.2809149414184956 and parameters: {'window_influence': 0.19651550252912045, 'penalty_k': 0.11579260682495807, 'scale_lr': 0.38220992532590853}. Best is trial 1270 with value: 0.3623636909959845.
checkpoint_e22 window_influence: 0.47654389306555611, penalty_k: 0.33018309393481393, scale_lr: 0.36562170456935000, EAO: 0.318
Trial 3139 finished with value: 0.3180999584235106 and parameters: {'window_influence': 0.4765438930655561, 'penalty_k': 0.33018309393481393, 'scale_lr': 0.36562170456935}. Best is trial 1270 with value: 0.3623636909959845.
checkpoint_e22 window_influence: 0.43354190782663254, penalty_k: 0.01214849263625473, scale_lr: 0.46973608542111583, EAO: 0.323
Trial 3140 finished with value: 0.32281135509682074 and parameters: {'window_influence': 0.43354190782663254, 'penalty_k': 0.01214849263625473, 'scale_lr': 0.46973608542111583}. Best is trial 1270 with value: 0.3623636909959845.
checkpoint_e22 window_influence: 0.35103815153581730, penalty_k: 0.34286312799763458, scale_lr: 0.40201966727024713, EAO: 0.299
Trial 3141 finished with value: 0.2991609492190617 and parameters: {'window_influence': 0.3510381515358173, 'penalty_k': 0.3428631279976346, 'scale_lr': 0.4020196672702471}. Best is trial 1270 with value: 0.3623636909959845.
checkpoint_e22 window_influence: 0.46666662998263087, penalty_k: 0.53590349452745800, scale_lr: 0.71902435196199233, EAO: 0.304
Trial 3142 finished with value: 0.3043980737024708 and parameters: {'window_influence': 0.46666662998263087, 'penalty_k': 0.535903494527458, 'scale_lr': 0.7190243519619923}. Best is trial 1270 with value: 0.3623636909959845.
checkpoint_e22 window_influence: 0.44838410308565319, penalty_k: 0.22695772433510855, scale_lr: 0.40923041567118390, EAO: 0.319
Trial 3143 finished with value: 0.31916530488298095 and parameters: {'window_influence': 0.4483841030856532, 'penalty_k': 0.22695772433510855, 'scale_lr': 0.4092304156711839}. Best is trial 1270 with value: 0.3623636909959845.
checkpoint_e22 window_influence: 0.48151005921630052, penalty_k: 0.19353964737158180, scale_lr: 0.39506627704779074, EAO: 0.329
Trial 3144 finished with value: 0.3290493598475994 and parameters: {'window_influence': 0.4815100592163005, 'penalty_k': 0.1935396473715818, 'scale_lr': 0.39506627704779074}. Best is trial 1270 with value: 0.3623636909959845.
checkpoint_e22 window_influence: 0.46020217726484569, penalty_k: 0.13264109391096041, scale_lr: 0.39768271114784098, EAO: 0.331
