Trial 365 finished with value: 0.3171580327739975 and parameters: {'window_influence': 0.4610179318983519, 'penalty_k': 0.26265197043156985, 'scale_lr': 0.5178106883374661}. Best is trial 330 with value: 0.33992968227148984.
checkpoint_e18 window_influence: 0.44803164385788913, penalty_k: 0.09400459960965372, scale_lr: 0.56063517022738973, EAO: 0.313
Trial 366 finished with value: 0.3132329904963534 and parameters: {'window_influence': 0.44803164385788913, 'penalty_k': 0.09400459960965372, 'scale_lr': 0.5606351702273897}. Best is trial 330 with value: 0.33992968227148984.
checkpoint_e18 window_influence: 0.41029056525605367, penalty_k: 0.01060550797486908, scale_lr: 0.37821499274452375, EAO: 0.309
Trial 169 finished with value: 0.3086232923927938 and parameters: {'window_influence': 0.4102905652560537, 'penalty_k': 0.010605507974869081, 'scale_lr': 0.37821499274452375}. Best is trial 147 with value: 0.3450871682816442.
checkpoint_e18 window_influence: 0.47981053881587299, penalty_k: 0.02623198858731129, scale_lr: 0.54404377679404448, EAO: 0.319
Trial 367 finished with value: 0.31855663802141343 and parameters: {'window_influence': 0.479810538815873, 'penalty_k': 0.026231988587311288, 'scale_lr': 0.5440437767940445}. Best is trial 330 with value: 0.33992968227148984.
checkpoint_e18 window_influence: 0.52799207213460020, penalty_k: 0.05229723229063232, scale_lr: 0.47649600905835748, EAO: 0.293
Trial 368 finished with value: 0.2930085267074377 and parameters: {'window_influence': 0.5279920721346002, 'penalty_k': 0.05229723229063232, 'scale_lr': 0.4764960090583575}. Best is trial 330 with value: 0.33992968227148984.
checkpoint_e18 window_influence: 0.39813892702513731, penalty_k: 0.00049748636924211, scale_lr: 0.34888213821303826, EAO: 0.323
Trial 170 finished with value: 0.32306636243710724 and parameters: {'window_influence': 0.3981389270251373, 'penalty_k': 0.000497486369242111, 'scale_lr': 0.34888213821303826}. Best is trial 147 with value: 0.3450871682816442.
checkpoint_e18 window_influence: 0.46434745446924691, penalty_k: 0.07172348929331002, scale_lr: 0.50742054800393521, EAO: 0.325
Trial 369 finished with value: 0.3248568377258249 and parameters: {'window_influence': 0.4643474544692469, 'penalty_k': 0.07172348929331002, 'scale_lr': 0.5074205480039352}. Best is trial 330 with value: 0.33992968227148984.
checkpoint_e18 window_influence: 0.45181858284773541, penalty_k: 0.05891264413423677, scale_lr: 0.56852497534692870, EAO: 0.303
Trial 370 finished with value: 0.3029046720799769 and parameters: {'window_influence': 0.4518185828477354, 'penalty_k': 0.058912644134236775, 'scale_lr': 0.5685249753469287}. Best is trial 330 with value: 0.33992968227148984.
checkpoint_e18 window_influence: 0.44584874939109786, penalty_k: 0.04298463908763904, scale_lr: 0.36660524586574028, EAO: 0.325
Trial 171 finished with value: 0.32451974116410726 and parameters: {'window_influence': 0.44584874939109786, 'penalty_k': 0.04298463908763904, 'scale_lr': 0.3666052458657403}. Best is trial 147 with value: 0.3450871682816442.
checkpoint_e18 window_influence: 0.32500255876281969, penalty_k: 0.00873938456879206, scale_lr: 0.53062375860579369, EAO: 0.315
Trial 371 finished with value: 0.31520604339323155 and parameters: {'window_influence': 0.3250025587628197, 'penalty_k': 0.008739384568792058, 'scale_lr': 0.5306237586057937}. Best is trial 330 with value: 0.33992968227148984.
checkpoint_e18 window_influence: 0.47670710190602900, penalty_k: 0.08693295870632858, scale_lr: 0.48879381765955909, EAO: 0.336
Trial 372 finished with value: 0.33565295763052855 and parameters: {'window_influence': 0.476707101906029, 'penalty_k': 0.08693295870632858, 'scale_lr': 0.4887938176595591}. Best is trial 330 with value: 0.33992968227148984.
checkpoint_e18 window_influence: 0.42056959433283747, penalty_k: 0.02331001177042938, scale_lr: 0.35475472093815408, EAO: 0.349
Trial 172 finished with value: 0.349085223813929 and parameters: {'window_influence': 0.42056959433283747, 'penalty_k': 0.023310011770429375, 'scale_lr': 0.3547547209381541}. Best is trial 172 with value: 0.349085223813929.
checkpoint_e18 window_influence: 0.50877007963000853, penalty_k: 0.11679776111526080, scale_lr: 0.49669262711013240, EAO: 0.337
Trial 373 finished with value: 0.3370404369868193 and parameters: {'window_influence': 0.5087700796300085, 'penalty_k': 0.1167977611152608, 'scale_lr': 0.4966926271101324}. Best is trial 330 with value: 0.33992968227148984.
checkpoint_e18 window_influence: 0.50033768794425060, penalty_k: 0.12100369927482002, scale_lr: 0.49198118892479820, EAO: 0.304
Trial 374 finished with value: 0.30422922644169875 and parameters: {'window_influence': 0.5003376879442506, 'penalty_k': 0.12100369927482002, 'scale_lr': 0.4919811889247982}. Best is trial 330 with value: 0.33992968227148984.
checkpoint_e18 window_influence: 0.41840967354883868, penalty_k: 0.02337480655828292, scale_lr: 0.39419793069639736, EAO: 0.329
Trial 173 finished with value: 0.3288324797663707 and parameters: {'window_influence': 0.4184096735488387, 'penalty_k': 0.023374806558282925, 'scale_lr': 0.39419793069639736}. Best is trial 172 with value: 0.349085223813929.
checkpoint_e18 window_influence: 0.52020006877534175, penalty_k: 0.09049354430366589, scale_lr: 0.48419238602490244, EAO: 0.300
Trial 375 finished with value: 0.29976443465117814 and parameters: {'window_influence': 0.5202000687753418, 'penalty_k': 0.0904935443036659, 'scale_lr': 0.48419238602490244}. Best is trial 330 with value: 0.33992968227148984.
checkpoint_e18 window_influence: 0.51463161233394650, penalty_k: 0.08126227374126987, scale_lr: 0.51736054481845284, EAO: 0.300
Trial 376 finished with value: 0.3003999575798614 and parameters: {'window_influence': 0.5146316123339465, 'penalty_k': 0.08126227374126987, 'scale_lr': 0.5173605448184528}. Best is trial 330 with value: 0.33992968227148984.
checkpoint_e18 window_influence: 0.38292958850554470, penalty_k: 0.08547262115641055, scale_lr: 0.32405580987166965, EAO: 0.325
Trial 174 finished with value: 0.3247054111400931 and parameters: {'window_influence': 0.3829295885055447, 'penalty_k': 0.08547262115641055, 'scale_lr': 0.32405580987166965}. Best is trial 172 with value: 0.349085223813929.
checkpoint_e18 window_influence: 0.53629560075783156, penalty_k: 0.10342380322292871, scale_lr: 0.49717612189217175, EAO: 0.300
Trial 377 finished with value: 0.30045785688240706 and parameters: {'window_influence': 0.5362956007578316, 'penalty_k': 0.10342380322292871, 'scale_lr': 0.49717612189217175}. Best is trial 330 with value: 0.33992968227148984.
checkpoint_e18 window_influence: 0.49506344995500401, penalty_k: 0.04701505272619649, scale_lr: 0.47363352575334450, EAO: 0.304
Trial 378 finished with value: 0.30445723426945015 and parameters: {'window_influence': 0.495063449955004, 'penalty_k': 0.04701505272619649, 'scale_lr': 0.4736335257533445}. Best is trial 330 with value: 0.33992968227148984.
checkpoint_e18 window_influence: 0.40253362528056941, penalty_k: 0.27515069778457713, scale_lr: 0.36238710538359048, EAO: 0.313
Trial 175 finished with value: 0.3126368392766218 and parameters: {'window_influence': 0.4025336252805694, 'penalty_k': 0.2751506977845771, 'scale_lr': 0.3623871053835905}. Best is trial 172 with value: 0.349085223813929.
checkpoint_e18 window_influence: 0.51081423052482922, penalty_k: 0.09384939862693145, scale_lr: 0.50028684807118529, EAO: 0.305
Trial 379 finished with value: 0.30455028036689014 and parameters: {'window_influence': 0.5108142305248292, 'penalty_k': 0.09384939862693145, 'scale_lr': 0.5002868480711853}. Best is trial 330 with value: 0.33992968227148984.
checkpoint_e18 window_influence: 0.48133267919298806, penalty_k: 0.22129286010261240, scale_lr: 0.51151643701725180, EAO: 0.296
Trial 380 finished with value: 0.29643165363643886 and parameters: {'window_influence': 0.48133267919298806, 'penalty_k': 0.2212928601026124, 'scale_lr': 0.5115164370172518}. Best is trial 330 with value: 0.33992968227148984.
checkpoint_e18 window_influence: 0.48952040593364227, penalty_k: 0.08296341410760862, scale_lr: 0.52533459317747455, EAO: 0.321
Trial 381 finished with value: 0.3205562076216078 and parameters: {'window_influence': 0.48952040593364227, 'penalty_k': 0.08296341410760862, 'scale_lr': 0.5253345931774746}. Best is trial 330 with value: 0.33992968227148984.
checkpoint_e18 window_influence: 0.43123056784277469, penalty_k: 0.02132659648816601, scale_lr: 0.38048317703577800, EAO: 0.326
Trial 176 finished with value: 0.32613532279947854 and parameters: {'window_influence': 0.4312305678427747, 'penalty_k': 0.02132659648816601, 'scale_lr': 0.380483177035778}. Best is trial 172 with value: 0.349085223813929.
checkpoint_e18 window_influence: 0.47559734078294280, penalty_k: 0.11982330931343346, scale_lr: 0.58622070552514915, EAO: 0.329
Trial 382 finished with value: 0.32901821149230465 and parameters: {'window_influence': 0.4755973407829428, 'penalty_k': 0.11982330931343346, 'scale_lr': 0.5862207055251492}. Best is trial 330 with value: 0.33992968227148984.
checkpoint_e18 window_influence: 0.44640054155106040, penalty_k: 0.06532628810818630, scale_lr: 0.48756088944653531, EAO: 0.310
Trial 383 finished with value: 0.30976461210371453 and parameters: {'window_influence': 0.4464005415510604, 'penalty_k': 0.0653262881081863, 'scale_lr': 0.4875608894465353}. Best is trial 330 with value: 0.33992968227148984.
checkpoint_e18 window_influence: 0.49962751880950407, penalty_k: 0.03454088035574362, scale_lr: 0.46320956980269806, EAO: 0.318
Trial 384 finished with value: 0.31769312390557525 and parameters: {'window_influence': 0.49962751880950407, 'penalty_k': 0.03454088035574362, 'scale_lr': 0.46320956980269806}. Best is trial 330 with value: 0.33992968227148984.
checkpoint_e18 window_influence: 0.41424546023710934, penalty_k: 0.05401724586907723, scale_lr: 0.30051144142587777, EAO: 0.305
Trial 177 finished with value: 0.3050869859262199 and parameters: {'window_influence': 0.41424546023710934, 'penalty_k': 0.05401724586907723, 'scale_lr': 0.30051144142587777}. Best is trial 172 with value: 0.349085223813929.
checkpoint_e18 window_influence: 0.45665665161556251, penalty_k: 0.07629130366189571, scale_lr: 0.55243530531692031, EAO: 0.328
Trial 385 finished with value: 0.32776643811264855 and parameters: {'window_influence': 0.4566566516155625, 'penalty_k': 0.07629130366189571, 'scale_lr': 0.5524353053169203}. Best is trial 330 with value: 0.33992968227148984.
checkpoint_e18 window_influence: 0.47587819148587573, penalty_k: 0.09880952278670860, scale_lr: 0.50877140852403180, EAO: 0.353
Trial 386 finished with value: 0.35297253809086543 and parameters: {'window_influence': 0.47587819148587573, 'penalty_k': 0.0988095227867086, 'scale_lr': 0.5087714085240318}. Best is trial 386 with value: 0.35297253809086543.
checkpoint_e18 window_influence: 0.47389756669082761, penalty_k: 0.10593193138197947, scale_lr: 0.51121022872956101, EAO: 0.335
Trial 387 finished with value: 0.33488172837732366 and parameters: {'window_influence': 0.4738975666908276, 'penalty_k': 0.10593193138197947, 'scale_lr': 0.511210228729561}. Best is trial 386 with value: 0.35297253809086543.
checkpoint_e18 window_influence: 0.39447797045551858, penalty_k: 0.01281812394649615, scale_lr: 0.33782991808058377, EAO: 0.319
Trial 178 finished with value: 0.31883352965928236 and parameters: {'window_influence': 0.3944779704555186, 'penalty_k': 0.012818123946496151, 'scale_lr': 0.33782991808058377}. Best is trial 172 with value: 0.349085223813929.
checkpoint_e18 window_influence: 0.55274495881615049, penalty_k: 0.12293067218591923, scale_lr: 0.51239775893804373, EAO: 0.288
Trial 388 finished with value: 0.2882690346774424 and parameters: {'window_influence': 0.5527449588161505, 'penalty_k': 0.12293067218591923, 'scale_lr': 0.5123977589380437}. Best is trial 386 with value: 0.35297253809086543.
checkpoint_e18 window_influence: 0.50662926448345635, penalty_k: 0.10712685885097134, scale_lr: 0.50202554184724790, EAO: 0.314
Trial 389 finished with value: 0.31368848298774155 and parameters: {'window_influence': 0.5066292644834564, 'penalty_k': 0.10712685885097134, 'scale_lr': 0.5020255418472479}. Best is trial 386 with value: 0.35297253809086543.
checkpoint_e18 window_influence: 0.48025008949977127, penalty_k: 0.09681365805921024, scale_lr: 0.52965895536981999, EAO: 0.335
Trial 390 finished with value: 0.33479471255369225 and parameters: {'window_influence': 0.48025008949977127, 'penalty_k': 0.09681365805921024, 'scale_lr': 0.52965895536982}. Best is trial 386 with value: 0.35297253809086543.
checkpoint_e18 window_influence: 0.48680603341296086, penalty_k: 0.09723901397025314, scale_lr: 0.52624362208990083, EAO: 0.322
Trial 391 finished with value: 0.32156001071985596 and parameters: {'window_influence': 0.48680603341296086, 'penalty_k': 0.09723901397025314, 'scale_lr': 0.5262436220899008}. Best is trial 386 with value: 0.35297253809086543.
checkpoint_e18 window_influence: 0.36983960432111568, penalty_k: 0.06463089156863007, scale_lr: 0.40465878582042475, EAO: 0.317
Trial 179 finished with value: 0.31741429668224275 and parameters: {'window_influence': 0.3698396043211157, 'penalty_k': 0.06463089156863007, 'scale_lr': 0.40465878582042475}. Best is trial 172 with value: 0.349085223813929.
checkpoint_e18 window_influence: 0.47760264218683768, penalty_k: 0.09162806048765992, scale_lr: 0.53693951372186310, EAO: 0.339
Trial 392 finished with value: 0.3394351019469681 and parameters: {'window_influence': 0.4776026421868377, 'penalty_k': 0.09162806048765992, 'scale_lr': 0.5369395137218631}. Best is trial 386 with value: 0.35297253809086543.
checkpoint_e18 window_influence: 0.47613208667382545, penalty_k: 0.09295937775453064, scale_lr: 0.53843115674849151, EAO: 0.306
Trial 393 finished with value: 0.3055439934076502 and parameters: {'window_influence': 0.47613208667382545, 'penalty_k': 0.09295937775453064, 'scale_lr': 0.5384311567484915}. Best is trial 386 with value: 0.35297253809086543.
checkpoint_e18 window_influence: 0.52616023192444006, penalty_k: 0.10807838202617440, scale_lr: 0.52572032959313875, EAO: 0.291
Trial 394 finished with value: 0.29086486832872904 and parameters: {'window_influence': 0.5261602319244401, 'penalty_k': 0.1080783820261744, 'scale_lr': 0.5257203295931387}. Best is trial 386 with value: 0.35297253809086543.
checkpoint_e18 window_influence: 0.43883607703635719, penalty_k: 0.00058154288181283, scale_lr: 0.35606412256584208, EAO: 0.321
Trial 180 finished with value: 0.32056765206129173 and parameters: {'window_influence': 0.4388360770363572, 'penalty_k': 0.0005815428818128267, 'scale_lr': 0.3560641225658421}. Best is trial 172 with value: 0.349085223813929.
checkpoint_e18 window_influence: 0.49617203082356565, penalty_k: 0.12493994732209182, scale_lr: 0.54939934706653770, EAO: 0.292
Trial 395 finished with value: 0.29207570102892033 and parameters: {'window_influence': 0.49617203082356565, 'penalty_k': 0.12493994732209182, 'scale_lr': 0.5493993470665377}. Best is trial 386 with value: 0.35297253809086543.
checkpoint_e18 window_influence: 0.47346365848177230, penalty_k: 0.12903660992850988, scale_lr: 0.53745134390689153, EAO: 0.332
Trial 396 finished with value: 0.3317684626880787 and parameters: {'window_influence': 0.4734636584817723, 'penalty_k': 0.12903660992850988, 'scale_lr': 0.5374513439068915}. Best is trial 386 with value: 0.35297253809086543.
checkpoint_e18 window_influence: 0.57079084480202624, penalty_k: 0.10193655373331022, scale_lr: 0.56427926226747815, EAO: 0.265
Trial 397 finished with value: 0.2653665149490193 and parameters: {'window_influence': 0.5707908448020262, 'penalty_k': 0.10193655373331022, 'scale_lr': 0.5642792622674782}. Best is trial 386 with value: 0.35297253809086543.
checkpoint_e18 window_influence: 0.47454728704511162, penalty_k: 0.11516118925522432, scale_lr: 0.54171314772226398, EAO: 0.335
Trial 398 finished with value: 0.3345278610515223 and parameters: {'window_influence': 0.4745472870451116, 'penalty_k': 0.11516118925522432, 'scale_lr': 0.541713147722264}. Best is trial 386 with value: 0.35297253809086543.
checkpoint_e18 window_influence: 0.46083008529175251, penalty_k: 0.03820030816495872, scale_lr: 0.35398439249504859, EAO: 0.293
Trial 181 finished with value: 0.29277561286080206 and parameters: {'window_influence': 0.4608300852917525, 'penalty_k': 0.038200308164958716, 'scale_lr': 0.3539843924950486}. Best is trial 172 with value: 0.349085223813929.
checkpoint_e18 window_influence: 0.54250477684060761, penalty_k: 0.13709308805516399, scale_lr: 0.51977046935634996, EAO: 0.280
Trial 399 finished with value: 0.2803848956925396 and parameters: {'window_influence': 0.5425047768406076, 'penalty_k': 0.137093088055164, 'scale_lr': 0.51977046935635}. Best is trial 386 with value: 0.35297253809086543.
checkpoint_e18 window_influence: 0.49131750196366530, penalty_k: 0.09063933445131436, scale_lr: 0.57682554087813842, EAO: 0.307
Trial 400 finished with value: 0.30707701524639874 and parameters: {'window_influence': 0.4913175019636653, 'penalty_k': 0.09063933445131436, 'scale_lr': 0.5768255408781384}. Best is trial 386 with value: 0.35297253809086543.
checkpoint_e18 window_influence: 0.47354663050963541, penalty_k: 0.11032832836429468, scale_lr: 0.54865764846571752, EAO: 0.313
Trial 401 finished with value: 0.31313836945633944 and parameters: {'window_influence': 0.4735466305096354, 'penalty_k': 0.11032832836429468, 'scale_lr': 0.5486576484657175}. Best is trial 386 with value: 0.35297253809086543.
checkpoint_e18 window_influence: 0.63668159773221233, penalty_k: 0.07794728083402433, scale_lr: 0.53482980728113216, EAO: 0.233
Trial 402 finished with value: 0.23258823278117272 and parameters: {'window_influence': 0.6366815977322123, 'penalty_k': 0.07794728083402433, 'scale_lr': 0.5348298072811322}. Best is trial 386 with value: 0.35297253809086543.
checkpoint_e18 window_influence: 0.42311907717154007, penalty_k: 0.02678534982251202, scale_lr: 0.37562522084636807, EAO: 0.319
Trial 182 finished with value: 0.31859577084793655 and parameters: {'window_influence': 0.42311907717154007, 'penalty_k': 0.026785349822512017, 'scale_lr': 0.37562522084636807}. Best is trial 172 with value: 0.349085223813929.
checkpoint_e18 window_influence: 0.50584544286218547, penalty_k: 0.09817158930437031, scale_lr: 0.55465414828109239, EAO: 0.323
Trial 403 finished with value: 0.323200324572014 and parameters: {'window_influence': 0.5058454428621855, 'penalty_k': 0.09817158930437031, 'scale_lr': 0.5546541482810924}. Best is trial 386 with value: 0.35297253809086543.
checkpoint_e18 window_influence: 0.48400195368984888, penalty_k: 0.13954445973048446, scale_lr: 0.52025756193762251, EAO: 0.329
Trial 404 finished with value: 0.3294687943699759 and parameters: {'window_influence': 0.4840019536898489, 'penalty_k': 0.13954445973048446, 'scale_lr': 0.5202575619376225}. Best is trial 386 with value: 0.35297253809086543.
checkpoint_e18 window_influence: 0.46786164413540471, penalty_k: 0.06786659198864846, scale_lr: 0.53778749750295451, EAO: 0.333
Trial 405 finished with value: 0.3329241170841432 and parameters: {'window_influence': 0.4678616441354047, 'penalty_k': 0.06786659198864846, 'scale_lr': 0.5377874975029545}. Best is trial 386 with value: 0.35297253809086543.
checkpoint_e18 window_influence: 0.47012692023471897, penalty_k: 0.08316143927408867, scale_lr: 0.48102417859673391, EAO: 0.328
Trial 406 finished with value: 0.3276771053034044 and parameters: {'window_influence': 0.47012692023471897, 'penalty_k': 0.08316143927408867, 'scale_lr': 0.4810241785967339}. Best is trial 386 with value: 0.35297253809086543.
checkpoint_e18 window_influence: 0.45403811058098620, penalty_k: 0.03585320307542210, scale_lr: 0.34146728557336298, EAO: 0.319
Trial 183 finished with value: 0.3192704326911659 and parameters: {'window_influence': 0.4540381105809862, 'penalty_k': 0.0358532030754221, 'scale_lr': 0.341467285573363}. Best is trial 172 with value: 0.349085223813929.
checkpoint_e18 window_influence: 0.49226066292275067, penalty_k: 0.11582090882650009, scale_lr: 0.52887144836220679, EAO: 0.323
Trial 407 finished with value: 0.323416281245098 and parameters: {'window_influence': 0.49226066292275067, 'penalty_k': 0.11582090882650009, 'scale_lr': 0.5288714483622068}. Best is trial 386 with value: 0.35297253809086543.
checkpoint_e18 window_influence: 0.52323716497381823, penalty_k: 0.10267472961003243, scale_lr: 0.45532487228780577, EAO: 0.311
Trial 408 finished with value: 0.31117482454396406 and parameters: {'window_influence': 0.5232371649738182, 'penalty_k': 0.10267472961003243, 'scale_lr': 0.45532487228780577}. Best is trial 386 with value: 0.35297253809086543.
checkpoint_e18 window_influence: 0.46963641508080778, penalty_k: 0.08651407865680132, scale_lr: 0.51473385600973709, EAO: 0.319
Trial 409 finished with value: 0.31928614344346384 and parameters: {'window_influence': 0.4696364150808078, 'penalty_k': 0.08651407865680132, 'scale_lr': 0.5147338560097371}. Best is trial 386 with value: 0.35297253809086543.
checkpoint_e18 window_influence: 0.41046745616388203, penalty_k: 0.07470533474273561, scale_lr: 0.38888740103169239, EAO: 0.310
Trial 184 finished with value: 0.31039382650694497 and parameters: {'window_influence': 0.410467456163882, 'penalty_k': 0.07470533474273561, 'scale_lr': 0.3888874010316924}. Best is trial 172 with value: 0.349085223813929.
checkpoint_e18 window_influence: 0.50670151997238777, penalty_k: 0.07153425387065733, scale_lr: 0.53997188692411535, EAO: 0.323
Trial 410 finished with value: 0.3232104063381945 and parameters: {'window_influence': 0.5067015199723878, 'penalty_k': 0.07153425387065733, 'scale_lr': 0.5399718869241154}. Best is trial 386 with value: 0.35297253809086543.
checkpoint_e18 window_influence: 0.48076935699772028, penalty_k: 0.09598191460466769, scale_lr: 0.59378143902819391, EAO: 0.310
