Trial 1276 finished with value: 0.32974950766285105 and parameters: {'window_influence': 0.4311067353006681, 'penalty_k': 0.13460108610397697, 'scale_lr': 0.41484804505027806}. Best is trial 896 with value: 0.3777425812144224.
checkpoint_e33 window_influence: 0.46192745072588526, penalty_k: 0.46765616368457408, scale_lr: 0.74829775007049748, EAO: 0.312
Trial 1277 finished with value: 0.3117451303084073 and parameters: {'window_influence': 0.46192745072588526, 'penalty_k': 0.4676561636845741, 'scale_lr': 0.7482977500704975}. Best is trial 896 with value: 0.3777425812144224.
checkpoint_e33 window_influence: 0.51386233712424334, penalty_k: 0.39026001668589527, scale_lr: 0.50055564219671023, EAO: 0.299
Trial 1278 finished with value: 0.29934290294981186 and parameters: {'window_influence': 0.5138623371242433, 'penalty_k': 0.3902600166858953, 'scale_lr': 0.5005556421967102}. Best is trial 896 with value: 0.3777425812144224.
checkpoint_e33 window_influence: 0.36863831956140858, penalty_k: 0.05514268842857514, scale_lr: 0.43179549494535813, EAO: 0.327
Trial 1279 finished with value: 0.3269262444880222 and parameters: {'window_influence': 0.3686383195614086, 'penalty_k': 0.05514268842857514, 'scale_lr': 0.4317954949453581}. Best is trial 896 with value: 0.3777425812144224.
checkpoint_e33 window_influence: 0.49497870604198307, penalty_k: 0.04011925125685002, scale_lr: 0.71743835803291101, EAO: 0.331
Trial 1280 finished with value: 0.33074518899045563 and parameters: {'window_influence': 0.4949787060419831, 'penalty_k': 0.040119251256850015, 'scale_lr': 0.717438358032911}. Best is trial 896 with value: 0.3777425812144224.
checkpoint_e33 window_influence: 0.47984362418160542, penalty_k: 0.07459390977287184, scale_lr: 0.46411574073411122, EAO: 0.340
Trial 1281 finished with value: 0.33974210552668294 and parameters: {'window_influence': 0.4798436241816054, 'penalty_k': 0.07459390977287184, 'scale_lr': 0.4641157407341112}. Best is trial 896 with value: 0.3777425812144224.
checkpoint_e33 window_influence: 0.27548079911722823, penalty_k: 0.14193215269658932, scale_lr: 0.70501202626158643, EAO: 0.313
Trial 1282 finished with value: 0.3125615673074463 and parameters: {'window_influence': 0.2754807991172282, 'penalty_k': 0.14193215269658932, 'scale_lr': 0.7050120262615864}. Best is trial 896 with value: 0.3777425812144224.
checkpoint_e33 window_influence: 0.22870038733063827, penalty_k: 0.24300499642526138, scale_lr: 0.52914798153658793, EAO: 0.290
Trial 1283 finished with value: 0.2895462297280011 and parameters: {'window_influence': 0.22870038733063827, 'penalty_k': 0.24300499642526138, 'scale_lr': 0.5291479815365879}. Best is trial 896 with value: 0.3777425812144224.
checkpoint_e33 window_influence: 0.52573944210246837, penalty_k: 0.20838151251986836, scale_lr: 0.38167436072601368, EAO: 0.316
Trial 1284 finished with value: 0.3163305160368463 and parameters: {'window_influence': 0.5257394421024684, 'penalty_k': 0.20838151251986836, 'scale_lr': 0.3816743607260137}. Best is trial 896 with value: 0.3777425812144224.
checkpoint_e33 window_influence: 0.18565783328860805, penalty_k: 0.34543336522728163, scale_lr: 0.31997055984059825, EAO: 0.275
Trial 1285 finished with value: 0.2747818638030657 and parameters: {'window_influence': 0.18565783328860805, 'penalty_k': 0.34543336522728163, 'scale_lr': 0.31997055984059825}. Best is trial 896 with value: 0.3777425812144224.
checkpoint_e33 window_influence: 0.45313630813155120, penalty_k: 0.15473918151723681, scale_lr: 0.21238013229123051, EAO: 0.357
Trial 1286 finished with value: 0.3574466727355111 and parameters: {'window_influence': 0.4531363081315512, 'penalty_k': 0.1547391815172368, 'scale_lr': 0.2123801322912305}. Best is trial 896 with value: 0.3777425812144224.
checkpoint_e33 window_influence: 0.46921379495766169, penalty_k: 0.12412968673953752, scale_lr: 0.61933932798477298, EAO: 0.342
Trial 1287 finished with value: 0.3418477547539811 and parameters: {'window_influence': 0.4692137949576617, 'penalty_k': 0.12412968673953752, 'scale_lr': 0.619339327984773}. Best is trial 896 with value: 0.3777425812144224.
checkpoint_e33 window_influence: 0.50655979056021661, penalty_k: 0.18106459353807347, scale_lr: 0.48339102630302755, EAO: 0.330
Trial 1288 finished with value: 0.32985360903034877 and parameters: {'window_influence': 0.5065597905602166, 'penalty_k': 0.18106459353807347, 'scale_lr': 0.48339102630302755}. Best is trial 896 with value: 0.3777425812144224.
checkpoint_e33 window_influence: 0.17493682519317269, penalty_k: 0.27719558453636339, scale_lr: 0.55013327566008730, EAO: 0.270
Trial 1289 finished with value: 0.27045938279842124 and parameters: {'window_influence': 0.1749368251931727, 'penalty_k': 0.2771955845363634, 'scale_lr': 0.5501332756600873}. Best is trial 896 with value: 0.3777425812144224.
checkpoint_e33 window_influence: 0.48923319300057838, penalty_k: 0.03130878017531886, scale_lr: 0.26106755424528022, EAO: 0.343
Trial 1290 finished with value: 0.34262429948910667 and parameters: {'window_influence': 0.4892331930005784, 'penalty_k': 0.03130878017531886, 'scale_lr': 0.2610675542452802}. Best is trial 896 with value: 0.3777425812144224.
checkpoint_e33 window_influence: 0.18720047361788469, penalty_k: 0.09922915348759850, scale_lr: 0.67709010659392488, EAO: 0.267
Trial 1291 finished with value: 0.2667662205631167 and parameters: {'window_influence': 0.1872004736178847, 'penalty_k': 0.0992291534875985, 'scale_lr': 0.6770901065939249}. Best is trial 896 with value: 0.3777425812144224.
checkpoint_e33 window_influence: 0.45894811348582626, penalty_k: 0.45290691343555978, scale_lr: 0.45068126519916685, EAO: 0.325
Trial 1292 finished with value: 0.3251180309034043 and parameters: {'window_influence': 0.45894811348582626, 'penalty_k': 0.4529069134355598, 'scale_lr': 0.45068126519916685}. Best is trial 896 with value: 0.3777425812144224.
checkpoint_e33 window_influence: 0.47448587300207484, penalty_k: 0.08467312946877573, scale_lr: 0.39885583950738507, EAO: 0.355
Trial 1293 finished with value: 0.3550783879330186 and parameters: {'window_influence': 0.47448587300207484, 'penalty_k': 0.08467312946877573, 'scale_lr': 0.39885583950738507}. Best is trial 896 with value: 0.3777425812144224.
checkpoint_e33 window_influence: 0.44496089496417246, penalty_k: 0.04643931364112455, scale_lr: 0.69214410084951339, EAO: 0.335
Trial 1294 finished with value: 0.33473714119265513 and parameters: {'window_influence': 0.44496089496417246, 'penalty_k': 0.04643931364112455, 'scale_lr': 0.6921441008495134}. Best is trial 896 with value: 0.3777425812144224.
checkpoint_e33 window_influence: 0.48503631748673781, penalty_k: 0.25457708724569755, scale_lr: 0.28212208022941587, EAO: 0.318
Trial 1295 finished with value: 0.3184562565519652 and parameters: {'window_influence': 0.4850363174867378, 'penalty_k': 0.25457708724569755, 'scale_lr': 0.2821220802294159}. Best is trial 896 with value: 0.3777425812144224.
checkpoint_e33 window_influence: 0.31943850154122166, penalty_k: 0.43747228024177787, scale_lr: 0.58007904865002924, EAO: 0.310
Trial 1296 finished with value: 0.31018097229041014 and parameters: {'window_influence': 0.31943850154122166, 'penalty_k': 0.43747228024177787, 'scale_lr': 0.5800790486500292}. Best is trial 896 with value: 0.3777425812144224.
checkpoint_e33 window_influence: 0.21934231204377749, penalty_k: 0.22906360244794677, scale_lr: 0.49426049710196623, EAO: 0.286
Trial 1297 finished with value: 0.2863158348237494 and parameters: {'window_influence': 0.2193423120437775, 'penalty_k': 0.22906360244794677, 'scale_lr': 0.49426049710196623}. Best is trial 896 with value: 0.3777425812144224.
checkpoint_e33 window_influence: 0.59114752138949511, penalty_k: 0.16689774312916336, scale_lr: 0.30812220682842434, EAO: 0.271
Trial 1298 finished with value: 0.2708320760889276 and parameters: {'window_influence': 0.5911475213894951, 'penalty_k': 0.16689774312916336, 'scale_lr': 0.30812220682842434}. Best is trial 896 with value: 0.3777425812144224.
checkpoint_e33 window_influence: 0.50046871563264561, penalty_k: 0.06826596433117874, scale_lr: 0.29126309464841016, EAO: 0.330
Trial 1299 finished with value: 0.3303529451445383 and parameters: {'window_influence': 0.5004687156326456, 'penalty_k': 0.06826596433117874, 'scale_lr': 0.29126309464841016}. Best is trial 896 with value: 0.3777425812144224.
checkpoint_e33 window_influence: 0.54386454085299341, penalty_k: 0.19454174569117882, scale_lr: 0.60026121064666171, EAO: 0.294
Trial 1300 finished with value: 0.2944345065475902 and parameters: {'window_influence': 0.5438645408529934, 'penalty_k': 0.19454174569117882, 'scale_lr': 0.6002612106466617}. Best is trial 896 with value: 0.3777425812144224.
checkpoint_e33 window_influence: 0.46727176095324857, penalty_k: 0.40284807680071694, scale_lr: 0.34930415247545454, EAO: 0.314
Trial 1301 finished with value: 0.3140198745500253 and parameters: {'window_influence': 0.46727176095324857, 'penalty_k': 0.40284807680071694, 'scale_lr': 0.34930415247545454}. Best is trial 896 with value: 0.3777425812144224.
checkpoint_e33 window_influence: 0.26951857210338903, penalty_k: 0.57403701555118047, scale_lr: 0.47098825321491589, EAO: 0.308
Trial 1302 finished with value: 0.3076257756711908 and parameters: {'window_influence': 0.26951857210338903, 'penalty_k': 0.5740370155511805, 'scale_lr': 0.4709882532149159}. Best is trial 896 with value: 0.3777425812144224.
checkpoint_e33 window_influence: 0.43502680823134621, penalty_k: 0.21300800186753557, scale_lr: 0.24590444958422239, EAO: 0.327
Trial 1303 finished with value: 0.32729729679539976 and parameters: {'window_influence': 0.4350268082313462, 'penalty_k': 0.21300800186753557, 'scale_lr': 0.2459044495842224}. Best is trial 896 with value: 0.3777425812144224.
checkpoint_e33 window_influence: 0.51337367378990373, penalty_k: 0.05547329201910266, scale_lr: 0.42846871299181533, EAO: 0.328
Trial 1304 finished with value: 0.3282590604709744 and parameters: {'window_influence': 0.5133736737899037, 'penalty_k': 0.05547329201910266, 'scale_lr': 0.4284687129918153}. Best is trial 896 with value: 0.3777425812144224.
checkpoint_e33 window_influence: 0.48187784252257665, penalty_k: 0.02819526159298590, scale_lr: 0.73607429100362387, EAO: 0.330
Trial 1305 finished with value: 0.33026568330679423 and parameters: {'window_influence': 0.48187784252257665, 'penalty_k': 0.028195261592985896, 'scale_lr': 0.7360742910036239}. Best is trial 896 with value: 0.3777425812144224.
checkpoint_e33 window_influence: 0.63858089787180217, penalty_k: 0.16397287041285225, scale_lr: 0.63188549407901617, EAO: 0.240
Trial 1306 finished with value: 0.23970444117770584 and parameters: {'window_influence': 0.6385808978718022, 'penalty_k': 0.16397287041285225, 'scale_lr': 0.6318854940790162}. Best is trial 896 with value: 0.3777425812144224.
checkpoint_e33 window_influence: 0.45436298534054742, penalty_k: 0.17832051523081519, scale_lr: 0.22703952828223192, EAO: 0.354
Trial 1307 finished with value: 0.3542732933847821 and parameters: {'window_influence': 0.4543629853405474, 'penalty_k': 0.17832051523081519, 'scale_lr': 0.22703952828223192}. Best is trial 896 with value: 0.3777425812144224.
checkpoint_e33 window_influence: 0.49574249226141648, penalty_k: 0.14321432625889102, scale_lr: 0.51458996497730058, EAO: 0.328
Trial 1308 finished with value: 0.32829584105933224 and parameters: {'window_influence': 0.4957424922614165, 'penalty_k': 0.14321432625889102, 'scale_lr': 0.5145899649773006}. Best is trial 896 with value: 0.3777425812144224.
checkpoint_e33 window_influence: 0.52322605011600343, penalty_k: 0.31232304937820510, scale_lr: 0.66076724085254035, EAO: 0.298
Trial 1309 finished with value: 0.2976280792909837 and parameters: {'window_influence': 0.5232260501160034, 'penalty_k': 0.3123230493782051, 'scale_lr': 0.6607672408525403}. Best is trial 896 with value: 0.3777425812144224.
checkpoint_e33 window_influence: 0.21822664050316923, penalty_k: 0.26351829368314000, scale_lr: 0.44442147346340471, EAO: 0.302
Trial 1310 finished with value: 0.30197751661219024 and parameters: {'window_influence': 0.21822664050316923, 'penalty_k': 0.26351829368314, 'scale_lr': 0.4444214734634047}. Best is trial 896 with value: 0.3777425812144224.
checkpoint_e33 window_influence: 0.14519014497981755, penalty_k: 0.22156532327775999, scale_lr: 0.53439837616219432, EAO: 0.269
Trial 1311 finished with value: 0.269267215918938 and parameters: {'window_influence': 0.14519014497981755, 'penalty_k': 0.22156532327776, 'scale_lr': 0.5343983761621943}. Best is trial 896 with value: 0.3777425812144224.
checkpoint_e33 window_influence: 0.42728529503414864, penalty_k: 0.03600439186325609, scale_lr: 0.45826791581537146, EAO: 0.334
Trial 1312 finished with value: 0.33423169276129877 and parameters: {'window_influence': 0.42728529503414864, 'penalty_k': 0.03600439186325609, 'scale_lr': 0.45826791581537146}. Best is trial 896 with value: 0.3777425812144224.
checkpoint_e33 window_influence: 0.46523827156638881, penalty_k: 0.10476062078665230, scale_lr: 0.41780106316154481, EAO: 0.325
Trial 1313 finished with value: 0.325008952606049 and parameters: {'window_influence': 0.4652382715663888, 'penalty_k': 0.1047606207866523, 'scale_lr': 0.4178010631615448}. Best is trial 896 with value: 0.3777425812144224.
checkpoint_e33 window_influence: 0.33623432848956553, penalty_k: 0.07124209257044414, scale_lr: 0.48541964728910203, EAO: 0.326
Trial 1314 finished with value: 0.32556378679052866 and parameters: {'window_influence': 0.3362343284895655, 'penalty_k': 0.07124209257044414, 'scale_lr': 0.48541964728910203}. Best is trial 896 with value: 0.3777425812144224.
checkpoint_e33 window_influence: 0.62662684379065803, penalty_k: 0.12147089910480641, scale_lr: 0.56440840999261233, EAO: 0.251
Trial 1315 finished with value: 0.2514455542838063 and parameters: {'window_influence': 0.626626843790658, 'penalty_k': 0.1214708991048064, 'scale_lr': 0.5644084099926123}. Best is trial 896 with value: 0.3777425812144224.
checkpoint_e33 window_influence: 0.47344528672871294, penalty_k: 0.08380367463446586, scale_lr: 0.61518914026500993, EAO: 0.365
Trial 1316 finished with value: 0.36526959287981114 and parameters: {'window_influence': 0.47344528672871294, 'penalty_k': 0.08380367463446586, 'scale_lr': 0.6151891402650099}. Best is trial 896 with value: 0.3777425812144224.
checkpoint_e33 window_influence: 0.44715519624574701, penalty_k: 0.38025575283037377, scale_lr: 0.61784201712349851, EAO: 0.329
Trial 1317 finished with value: 0.328672145649153 and parameters: {'window_influence': 0.447155196245747, 'penalty_k': 0.38025575283037377, 'scale_lr': 0.6178420171234985}. Best is trial 896 with value: 0.3777425812144224.
checkpoint_e33 window_influence: 0.60353722249863795, penalty_k: 0.09531629248174442, scale_lr: 0.61464578807554660, EAO: 0.261
Trial 1318 finished with value: 0.2605361767432105 and parameters: {'window_influence': 0.603537222498638, 'penalty_k': 0.09531629248174442, 'scale_lr': 0.6146457880755466}. Best is trial 896 with value: 0.3777425812144224.
checkpoint_e33 window_influence: 0.07370590165828256, penalty_k: 0.41543729805160723, scale_lr: 0.59741743110031342, EAO: 0.238
Trial 1319 finished with value: 0.2378893858727778 and parameters: {'window_influence': 0.07370590165828256, 'penalty_k': 0.41543729805160723, 'scale_lr': 0.5974174311003134}. Best is trial 896 with value: 0.3777425812144224.
checkpoint_e33 window_influence: 0.48959021556656135, penalty_k: 0.12952005410123618, scale_lr: 0.63220627267146212, EAO: 0.330
Trial 1320 finished with value: 0.32990989564457757 and parameters: {'window_influence': 0.48959021556656135, 'penalty_k': 0.12952005410123618, 'scale_lr': 0.6322062726714621}. Best is trial 896 with value: 0.3777425812144224.
checkpoint_e33 window_influence: 0.50626206892413617, penalty_k: 0.29265563936184297, scale_lr: 0.60759498898250852, EAO: 0.316
Trial 1321 finished with value: 0.31617062043123206 and parameters: {'window_influence': 0.5062620689241362, 'penalty_k': 0.29265563936184297, 'scale_lr': 0.6075949889825085}. Best is trial 896 with value: 0.3777425812144224.
checkpoint_e33 window_influence: 0.46147253308144132, penalty_k: 0.08257338684530199, scale_lr: 0.36745762271552412, EAO: 0.360
Trial 1322 finished with value: 0.36038386183953935 and parameters: {'window_influence': 0.4614725330814413, 'penalty_k': 0.082573386845302, 'scale_lr': 0.3674576227155241}. Best is trial 896 with value: 0.3777425812144224.
checkpoint_e33 window_influence: 0.44395906642854283, penalty_k: 0.09121359634859624, scale_lr: 0.40830184149786930, EAO: 0.326
Trial 1323 finished with value: 0.3263898758572827 and parameters: {'window_influence': 0.4439590664285428, 'penalty_k': 0.09121359634859624, 'scale_lr': 0.4083018414978693}. Best is trial 896 with value: 0.3777425812144224.
checkpoint_e33 window_influence: 0.45373550117615924, penalty_k: 0.10636703033381104, scale_lr: 0.34812344225150083, EAO: 0.340
Trial 1324 finished with value: 0.340198303706915 and parameters: {'window_influence': 0.45373550117615924, 'penalty_k': 0.10636703033381104, 'scale_lr': 0.3481234422515008}. Best is trial 896 with value: 0.3777425812144224.
checkpoint_e33 window_influence: 0.43211181478826993, penalty_k: 0.07691373866518265, scale_lr: 0.37289135082549829, EAO: 0.317
Trial 1325 finished with value: 0.31689730617090883 and parameters: {'window_influence': 0.43211181478826993, 'penalty_k': 0.07691373866518265, 'scale_lr': 0.3728913508254983}. Best is trial 896 with value: 0.3777425812144224.
checkpoint_e33 window_influence: 0.11336819210183874, penalty_k: 0.09164958142961913, scale_lr: 0.36825527422114168, EAO: 0.269
Trial 1326 finished with value: 0.2694442203768496 and parameters: {'window_influence': 0.11336819210183874, 'penalty_k': 0.09164958142961913, 'scale_lr': 0.3682552742211417}. Best is trial 896 with value: 0.3777425812144224.
checkpoint_e33 window_influence: 0.46029656459414137, penalty_k: 0.08750698612296262, scale_lr: 0.38099050614228774, EAO: 0.336
Trial 1327 finished with value: 0.3356187021222096 and parameters: {'window_influence': 0.46029656459414137, 'penalty_k': 0.08750698612296262, 'scale_lr': 0.38099050614228774}. Best is trial 896 with value: 0.3777425812144224.
checkpoint_e33 window_influence: 0.46592701943274423, penalty_k: 0.59396323974908416, scale_lr: 0.26595582288822867, EAO: 0.311
Trial 1328 finished with value: 0.3106060141719269 and parameters: {'window_influence': 0.4659270194327442, 'penalty_k': 0.5939632397490842, 'scale_lr': 0.26595582288822867}. Best is trial 896 with value: 0.3777425812144224.
checkpoint_e33 window_influence: 0.41927979189365572, penalty_k: 0.11334491789505780, scale_lr: 0.36018896819722146, EAO: 0.335
Trial 1329 finished with value: 0.3352053284877005 and parameters: {'window_influence': 0.4192797918936557, 'penalty_k': 0.1133449178950578, 'scale_lr': 0.36018896819722146}. Best is trial 896 with value: 0.3777425812144224.
checkpoint_e33 window_influence: 0.37659801598430309, penalty_k: 0.08278809792587624, scale_lr: 0.31579366832975841, EAO: 0.313
Trial 1330 finished with value: 0.3131879490985017 and parameters: {'window_influence': 0.3765980159843031, 'penalty_k': 0.08278809792587624, 'scale_lr': 0.3157936683297584}. Best is trial 896 with value: 0.3777425812144224.
checkpoint_e33 window_influence: 0.44337983377515627, penalty_k: 0.24037686340267750, scale_lr: 0.41047751256523207, EAO: 0.350
Trial 1331 finished with value: 0.35042918818470103 and parameters: {'window_influence': 0.4433798337751563, 'penalty_k': 0.2403768634026775, 'scale_lr': 0.41047751256523207}. Best is trial 896 with value: 0.3777425812144224.
checkpoint_e33 window_influence: 0.05617062463769568, penalty_k: 0.36772431321539517, scale_lr: 0.37590995294029916, EAO: 0.241
Trial 1332 finished with value: 0.24113696772996554 and parameters: {'window_influence': 0.056170624637695676, 'penalty_k': 0.36772431321539517, 'scale_lr': 0.37590995294029916}. Best is trial 896 with value: 0.3777425812144224.
checkpoint_e33 window_influence: 0.12086491451197182, penalty_k: 0.44863653605565040, scale_lr: 0.39508964893623755, EAO: 0.248
Trial 1333 finished with value: 0.24833450521476538 and parameters: {'window_influence': 0.12086491451197182, 'penalty_k': 0.4486365360556504, 'scale_lr': 0.39508964893623755}. Best is trial 896 with value: 0.3777425812144224.
checkpoint_e33 window_influence: 0.45539018487931032, penalty_k: 0.15633660084494125, scale_lr: 0.38653028405743139, EAO: 0.335
Trial 1334 finished with value: 0.33452087571184924 and parameters: {'window_influence': 0.4553901848793103, 'penalty_k': 0.15633660084494125, 'scale_lr': 0.3865302840574314}. Best is trial 896 with value: 0.3777425812144224.
checkpoint_e33 window_influence: 0.47193094997088791, penalty_k: 0.08018918709262240, scale_lr: 0.34100540535957397, EAO: 0.354
Trial 1335 finished with value: 0.35424147088240093 and parameters: {'window_influence': 0.4719309499708879, 'penalty_k': 0.0801891870926224, 'scale_lr': 0.34100540535957397}. Best is trial 896 with value: 0.3777425812144224.
checkpoint_e33 window_influence: 0.53829051437008435, penalty_k: 0.10772358630630512, scale_lr: 0.35468650092179871, EAO: 0.310
Trial 1336 finished with value: 0.3100477411821195 and parameters: {'window_influence': 0.5382905143700843, 'penalty_k': 0.10772358630630512, 'scale_lr': 0.3546865009217987}. Best is trial 896 with value: 0.3777425812144224.
checkpoint_e33 window_influence: 0.42898764454526767, penalty_k: 0.27957889568386968, scale_lr: 0.70863091252482380, EAO: 0.322
Trial 1337 finished with value: 0.32243612768121266 and parameters: {'window_influence': 0.42898764454526767, 'penalty_k': 0.2795788956838697, 'scale_lr': 0.7086309125248238}. Best is trial 896 with value: 0.3777425812144224.
checkpoint_e33 window_influence: 0.38468251761667022, penalty_k: 0.51485592142692804, scale_lr: 0.35922086055071967, EAO: 0.304
