Trial 52 finished with value: 0.313698980826812 and parameters: {'window_influence': 0.4205641971701587, 'penalty_k': 0.26161079738449655, 'scale_lr': 0.5567145742930355}. Best is trial 12 with value: 0.33018719326661256.
checkpoint_e13 window_influence: 0.34331551553958156, penalty_k: 0.19811348673708734, scale_lr: 0.58302341427375337, EAO: 0.323
Trial 53 finished with value: 0.3226995396822807 and parameters: {'window_influence': 0.34331551553958156, 'penalty_k': 0.19811348673708734, 'scale_lr': 0.5830234142737534}. Best is trial 12 with value: 0.33018719326661256.
checkpoint_e13 window_influence: 0.35004271388338737, penalty_k: 0.23481252382494383, scale_lr: 0.66084952716919498, EAO: 0.302
Trial 54 finished with value: 0.30241025108771563 and parameters: {'window_influence': 0.35004271388338737, 'penalty_k': 0.23481252382494383, 'scale_lr': 0.660849527169195}. Best is trial 12 with value: 0.33018719326661256.
checkpoint_e13 window_influence: 0.29217141856299728, penalty_k: 0.18899376394074832, scale_lr: 0.61067142312376932, EAO: 0.293
Trial 55 finished with value: 0.2929250323702853 and parameters: {'window_influence': 0.2921714185629973, 'penalty_k': 0.18899376394074832, 'scale_lr': 0.6106714231237693}. Best is trial 12 with value: 0.33018719326661256.
checkpoint_e13 window_influence: 0.39970500268353115, penalty_k: 0.14189394193788674, scale_lr: 0.55690808832343042, EAO: 0.330
Trial 56 finished with value: 0.33007957852999986 and parameters: {'window_influence': 0.39970500268353115, 'penalty_k': 0.14189394193788674, 'scale_lr': 0.5569080883234304}. Best is trial 12 with value: 0.33018719326661256.
checkpoint_e13 window_influence: 0.39479781647624512, penalty_k: 0.13227411532073369, scale_lr: 0.55700197823076281, EAO: 0.317
Trial 57 finished with value: 0.3166341249928864 and parameters: {'window_influence': 0.3947978164762451, 'penalty_k': 0.1322741153207337, 'scale_lr': 0.5570019782307628}. Best is trial 12 with value: 0.33018719326661256.
checkpoint_e13 window_influence: 0.33658787928310685, penalty_k: 0.13809049104219151, scale_lr: 0.52699773645635273, EAO: 0.312
Trial 58 finished with value: 0.31243055960315674 and parameters: {'window_influence': 0.33658787928310685, 'penalty_k': 0.1380904910421915, 'scale_lr': 0.5269977364563527}. Best is trial 12 with value: 0.33018719326661256.
checkpoint_e13 window_influence: 0.49976100416915564, penalty_k: 0.10121767688253000, scale_lr: 0.57929092485822431, EAO: 0.309
Trial 59 finished with value: 0.3086722766263012 and parameters: {'window_influence': 0.49976100416915564, 'penalty_k': 0.10121767688253, 'scale_lr': 0.5792909248582243}. Best is trial 12 with value: 0.33018719326661256.
checkpoint_e13 window_influence: 0.41432249145314937, penalty_k: 0.08891705117513864, scale_lr: 0.50413285104774141, EAO: 0.327
Trial 60 finished with value: 0.32713853495362205 and parameters: {'window_influence': 0.41432249145314937, 'penalty_k': 0.08891705117513864, 'scale_lr': 0.5041328510477414}. Best is trial 12 with value: 0.33018719326661256.
checkpoint_e13 window_influence: 0.40477251901968470, penalty_k: 0.10468007244747549, scale_lr: 0.50118193844913828, EAO: 0.314
Trial 61 finished with value: 0.31400164289233284 and parameters: {'window_influence': 0.4047725190196847, 'penalty_k': 0.10468007244747549, 'scale_lr': 0.5011819384491383}. Best is trial 12 with value: 0.33018719326661256.
checkpoint_e13 window_influence: 0.35790740762997242, penalty_k: 0.06372015347781178, scale_lr: 0.54508231117074679, EAO: 0.324
Trial 62 finished with value: 0.3239803597157104 and parameters: {'window_influence': 0.3579074076299724, 'penalty_k': 0.06372015347781178, 'scale_lr': 0.5450823111707468}. Best is trial 12 with value: 0.33018719326661256.
checkpoint_e13 window_influence: 0.43176638818365154, penalty_k: 0.04148844721959467, scale_lr: 0.46670705349377284, EAO: 0.324
Trial 63 finished with value: 0.3243323385947409 and parameters: {'window_influence': 0.43176638818365154, 'penalty_k': 0.04148844721959467, 'scale_lr': 0.46670705349377284}. Best is trial 12 with value: 0.33018719326661256.
checkpoint_e13 window_influence: 0.36479556080718523, penalty_k: 0.05426474055368549, scale_lr: 0.46932514780022272, EAO: 0.317
Trial 64 finished with value: 0.3166956078217651 and parameters: {'window_influence': 0.3647955608071852, 'penalty_k': 0.05426474055368549, 'scale_lr': 0.4693251478002227}. Best is trial 12 with value: 0.33018719326661256.
checkpoint_e13 window_influence: 0.42774033813261891, penalty_k: 0.03120161249153297, scale_lr: 0.40951611666653082, EAO: 0.309
Trial 65 finished with value: 0.30945601450562016 and parameters: {'window_influence': 0.4277403381326189, 'penalty_k': 0.031201612491532967, 'scale_lr': 0.4095161166665308}. Best is trial 12 with value: 0.33018719326661256.
checkpoint_e13 window_influence: 0.40521662587129914, penalty_k: 0.05500911164881636, scale_lr: 0.51906793401869211, EAO: 0.321
Trial 66 finished with value: 0.3214921021275947 and parameters: {'window_influence': 0.40521662587129914, 'penalty_k': 0.05500911164881636, 'scale_lr': 0.5190679340186921}. Best is trial 12 with value: 0.33018719326661256.
checkpoint_e13 window_influence: 0.46351060557353618, penalty_k: 0.01298423962430901, scale_lr: 0.57314794443993766, EAO: 0.321
Trial 67 finished with value: 0.3212875411900101 and parameters: {'window_influence': 0.4635106055735362, 'penalty_k': 0.012984239624309012, 'scale_lr': 0.5731479444399377}. Best is trial 12 with value: 0.33018719326661256.
checkpoint_e13 window_influence: 0.38826503982938221, penalty_k: 0.10852505633722181, scale_lr: 0.60418655196148630, EAO: 0.326
Trial 68 finished with value: 0.32618410340311 and parameters: {'window_influence': 0.3882650398293822, 'penalty_k': 0.10852505633722181, 'scale_lr': 0.6041865519614863}. Best is trial 12 with value: 0.33018719326661256.
checkpoint_e13 window_influence: 0.44390445923516947, penalty_k: 0.10351042897951725, scale_lr: 0.42352695473519464, EAO: 0.303
Trial 69 finished with value: 0.30349306953556343 and parameters: {'window_influence': 0.44390445923516947, 'penalty_k': 0.10351042897951725, 'scale_lr': 0.42352695473519464}. Best is trial 12 with value: 0.33018719326661256.
checkpoint_e13 window_influence: 0.36571060811464262, penalty_k: 0.08190708893287929, scale_lr: 0.54917984324301117, EAO: 0.305
Trial 70 finished with value: 0.3046145633964687 and parameters: {'window_influence': 0.3657106081146426, 'penalty_k': 0.08190708893287929, 'scale_lr': 0.5491798432430112}. Best is trial 12 with value: 0.33018719326661256.
checkpoint_e13 window_influence: 0.39389734530100828, penalty_k: 0.11588048821727055, scale_lr: 0.58892416258436264, EAO: 0.307
Trial 71 finished with value: 0.3070084492636098 and parameters: {'window_influence': 0.3938973453010083, 'penalty_k': 0.11588048821727055, 'scale_lr': 0.5889241625843626}. Best is trial 12 with value: 0.33018719326661256.
checkpoint_e13 window_influence: 0.34366371246809280, penalty_k: 0.14769827446131117, scale_lr: 0.60614865211707325, EAO: 0.342
Trial 72 finished with value: 0.34199109348805495 and parameters: {'window_influence': 0.3436637124680928, 'penalty_k': 0.14769827446131117, 'scale_lr': 0.6061486521170732}. Best is trial 72 with value: 0.34199109348805495.
checkpoint_e13 window_influence: 0.34581188553193293, penalty_k: 0.14261953248825512, scale_lr: 0.64996462962525525, EAO: 0.321
Trial 73 finished with value: 0.32122989265603313 and parameters: {'window_influence': 0.3458118855319329, 'penalty_k': 0.14261953248825512, 'scale_lr': 0.6499646296252553}. Best is trial 72 with value: 0.34199109348805495.
checkpoint_e13 window_influence: 0.43184429598815954, penalty_k: 0.08767566405223455, scale_lr: 0.60571989791435266, EAO: 0.307
Trial 74 finished with value: 0.30730596816725303 and parameters: {'window_influence': 0.43184429598815954, 'penalty_k': 0.08767566405223455, 'scale_lr': 0.6057198979143527}. Best is trial 72 with value: 0.34199109348805495.
checkpoint_e13 window_influence: 0.31209142793609279, penalty_k: 0.11236588960131164, scale_lr: 0.53305622260933738, EAO: 0.312
Trial 75 finished with value: 0.31205852335529105 and parameters: {'window_influence': 0.3120914279360928, 'penalty_k': 0.11236588960131164, 'scale_lr': 0.5330562226093374}. Best is trial 72 with value: 0.34199109348805495.
checkpoint_e13 window_influence: 0.41494635548419961, penalty_k: 0.06066220452592695, scale_lr: 0.62835300530442473, EAO: 0.329
Trial 76 finished with value: 0.3291951746096407 and parameters: {'window_influence': 0.4149463554841996, 'penalty_k': 0.06066220452592695, 'scale_lr': 0.6283530053044247}. Best is trial 72 with value: 0.34199109348805495.
checkpoint_e13 window_influence: 0.45458693650546422, penalty_k: 0.06589478127598594, scale_lr: 0.61941961248412236, EAO: 0.320
Trial 77 finished with value: 0.3200583213846043 and parameters: {'window_influence': 0.4545869365054642, 'penalty_k': 0.06589478127598594, 'scale_lr': 0.6194196124841224}. Best is trial 72 with value: 0.34199109348805495.
checkpoint_e13 window_influence: 0.47941447864043280, penalty_k: 0.04180753107792646, scale_lr: 0.63160494974885073, EAO: 0.318
Trial 78 finished with value: 0.317840596407304 and parameters: {'window_influence': 0.4794144786404328, 'penalty_k': 0.04180753107792646, 'scale_lr': 0.6316049497488507}. Best is trial 72 with value: 0.34199109348805495.
checkpoint_e13 window_influence: 0.40839399929708614, penalty_k: 0.07110240742237280, scale_lr: 0.64368814996074142, EAO: 0.337
Trial 79 finished with value: 0.33691258160288695 and parameters: {'window_influence': 0.40839399929708614, 'penalty_k': 0.0711024074223728, 'scale_lr': 0.6436881499607414}. Best is trial 72 with value: 0.34199109348805495.
checkpoint_e13 window_influence: 0.41429249922216971, penalty_k: 0.00134037564427775, scale_lr: 0.64806799547937932, EAO: 0.319
Trial 80 finished with value: 0.31932456379734586 and parameters: {'window_influence': 0.4142924992221697, 'penalty_k': 0.001340375644277747, 'scale_lr': 0.6480679954793793}. Best is trial 72 with value: 0.34199109348805495.
checkpoint_e13 window_influence: 0.42916135230625729, penalty_k: 0.06842168189102521, scale_lr: 0.60861338196702675, EAO: 0.313
Trial 81 finished with value: 0.31316489891551347 and parameters: {'window_influence': 0.4291613523062573, 'penalty_k': 0.06842168189102521, 'scale_lr': 0.6086133819670267}. Best is trial 72 with value: 0.34199109348805495.
checkpoint_e13 window_influence: 0.37515012141991672, penalty_k: 0.04396213639411670, scale_lr: 0.63985916531996334, EAO: 0.326
Trial 82 finished with value: 0.32642297226399297 and parameters: {'window_influence': 0.3751501214199167, 'penalty_k': 0.0439621363941167, 'scale_lr': 0.6398591653199633}. Best is trial 72 with value: 0.34199109348805495.
checkpoint_e13 window_influence: 0.38169170212299297, penalty_k: 0.09621035291496444, scale_lr: 0.67216761952848103, EAO: 0.294
Trial 83 finished with value: 0.2940221612091658 and parameters: {'window_influence': 0.38169170212299297, 'penalty_k': 0.09621035291496444, 'scale_lr': 0.672167619528481}. Best is trial 72 with value: 0.34199109348805495.
checkpoint_e13 window_influence: 0.40941475333653488, penalty_k: 0.08342117948058608, scale_lr: 0.64696821090845791, EAO: 0.304
Trial 84 finished with value: 0.30413754000274124 and parameters: {'window_influence': 0.4094147533365349, 'penalty_k': 0.08342117948058608, 'scale_lr': 0.6469682109084579}. Best is trial 72 with value: 0.34199109348805495.
checkpoint_e13 window_influence: 0.37111519665823622, penalty_k: 0.04099133734547011, scale_lr: 0.70827864137944541, EAO: 0.325
Trial 85 finished with value: 0.32498557291606056 and parameters: {'window_influence': 0.3711151966582362, 'penalty_k': 0.040991337345470114, 'scale_lr': 0.7082786413794454}. Best is trial 72 with value: 0.34199109348805495.
checkpoint_e13 window_influence: 0.37181715166811075, penalty_k: 0.01987357081314588, scale_lr: 0.71061226949625966, EAO: 0.317
Trial 86 finished with value: 0.3169711349307331 and parameters: {'window_influence': 0.37181715166811075, 'penalty_k': 0.019873570813145877, 'scale_lr': 0.7106122694962597}. Best is trial 72 with value: 0.34199109348805495.
checkpoint_e13 window_influence: 0.39152494434982860, penalty_k: 0.11850390936101002, scale_lr: 0.70256572262991857, EAO: 0.298
Trial 87 finished with value: 0.29765099629121994 and parameters: {'window_influence': 0.3915249443498286, 'penalty_k': 0.11850390936101002, 'scale_lr': 0.7025657226299186}. Best is trial 72 with value: 0.34199109348805495.
checkpoint_e13 window_influence: 0.40170239753836251, penalty_k: 0.07281010310299915, scale_lr: 0.67700832406955869, EAO: 0.316
Trial 88 finished with value: 0.3155546406943511 and parameters: {'window_influence': 0.4017023975383625, 'penalty_k': 0.07281010310299915, 'scale_lr': 0.6770083240695587}. Best is trial 72 with value: 0.34199109348805495.
checkpoint_e13 window_influence: 0.37454454762791106, penalty_k: 0.09324340387855154, scale_lr: 0.68860699057897834, EAO: 0.314
Trial 89 finished with value: 0.31368326555198267 and parameters: {'window_influence': 0.37454454762791106, 'penalty_k': 0.09324340387855154, 'scale_lr': 0.6886069905789783}. Best is trial 72 with value: 0.34199109348805495.
checkpoint_e13 window_influence: 0.41827972942178698, penalty_k: 0.04552142175665497, scale_lr: 0.63603132259286377, EAO: 0.325
Trial 90 finished with value: 0.32455348527848954 and parameters: {'window_influence': 0.418279729421787, 'penalty_k': 0.045521421756654974, 'scale_lr': 0.6360313225928638}. Best is trial 72 with value: 0.34199109348805495.
checkpoint_e13 window_influence: 0.38949640945050834, penalty_k: 0.03033422608922239, scale_lr: 0.63112621915332678, EAO: 0.306
Trial 91 finished with value: 0.3058635104838976 and parameters: {'window_influence': 0.38949640945050834, 'penalty_k': 0.03033422608922239, 'scale_lr': 0.6311262191533268}. Best is trial 72 with value: 0.34199109348805495.
checkpoint_e13 window_influence: 0.41534866873884624, penalty_k: 0.05596830830330429, scale_lr: 0.63733353709924401, EAO: 0.328
Trial 92 finished with value: 0.3275553054730716 and parameters: {'window_influence': 0.41534866873884624, 'penalty_k': 0.05596830830330429, 'scale_lr': 0.637333537099244}. Best is trial 72 with value: 0.34199109348805495.
checkpoint_e13 window_influence: 0.44023181524370963, penalty_k: 0.07513017133402843, scale_lr: 0.66347043414848683, EAO: 0.298
Trial 93 finished with value: 0.29770400291055094 and parameters: {'window_influence': 0.44023181524370963, 'penalty_k': 0.07513017133402843, 'scale_lr': 0.6634704341484868}. Best is trial 72 with value: 0.34199109348805495.
checkpoint_e13 window_influence: 0.45186212039023743, penalty_k: 0.05327569929727153, scale_lr: 0.61489048892133225, EAO: 0.304
Trial 94 finished with value: 0.3040658243667291 and parameters: {'window_influence': 0.45186212039023743, 'penalty_k': 0.05327569929727153, 'scale_lr': 0.6148904889213322}. Best is trial 72 with value: 0.34199109348805495.
checkpoint_e13 window_influence: 0.34993552035353509, penalty_k: 0.01652584368371205, scale_lr: 0.60376559501236848, EAO: 0.327
Trial 95 finished with value: 0.3267874455057693 and parameters: {'window_influence': 0.3499355203535351, 'penalty_k': 0.016525843683712054, 'scale_lr': 0.6037655950123685}. Best is trial 72 with value: 0.34199109348805495.
checkpoint_e13 window_influence: 0.35461631070922994, penalty_k: 0.01324515482671670, scale_lr: 0.56667103213594205, EAO: 0.309
Trial 96 finished with value: 0.30886842530757075 and parameters: {'window_influence': 0.35461631070922994, 'penalty_k': 0.013245154826716704, 'scale_lr': 0.566671032135942}. Best is trial 72 with value: 0.34199109348805495.
checkpoint_e13 window_influence: 0.40915400300118931, penalty_k: 0.08878369413747092, scale_lr: 0.60154584941816958, EAO: 0.308
Trial 97 finished with value: 0.30760275157972994 and parameters: {'window_influence': 0.4091540030011893, 'penalty_k': 0.08878369413747092, 'scale_lr': 0.6015458494181696}. Best is trial 72 with value: 0.34199109348805495.
checkpoint_e13 window_influence: 0.33983698452844058, penalty_k: 0.16453102763274768, scale_lr: 0.59003285376048209, EAO: 0.317
Trial 98 finished with value: 0.31684311024177864 and parameters: {'window_influence': 0.3398369845284406, 'penalty_k': 0.16453102763274768, 'scale_lr': 0.5900328537604821}. Best is trial 72 with value: 0.34199109348805495.
checkpoint_e13 window_influence: 0.47523092560986324, penalty_k: 0.14185654648618123, scale_lr: 0.57234594599622590, EAO: 0.310
Trial 99 finished with value: 0.3099557897112249 and parameters: {'window_influence': 0.47523092560986324, 'penalty_k': 0.14185654648618123, 'scale_lr': 0.5723459459962259}. Best is trial 72 with value: 0.34199109348805495.
checkpoint_e13 window_influence: 0.38324420027820921, penalty_k: 0.02248541513103036, scale_lr: 0.62049637453122664, EAO: 0.331
Trial 100 finished with value: 0.3305200723938441 and parameters: {'window_influence': 0.3832442002782092, 'penalty_k': 0.022485415131030362, 'scale_lr': 0.6204963745312266}. Best is trial 72 with value: 0.34199109348805495.
checkpoint_e13 window_influence: 0.39007757737310023, penalty_k: 0.02143182741048793, scale_lr: 0.62365841963964797, EAO: 0.332
Trial 101 finished with value: 0.33170268455599994 and parameters: {'window_influence': 0.3900775773731002, 'penalty_k': 0.02143182741048793, 'scale_lr': 0.623658419639648}. Best is trial 72 with value: 0.34199109348805495.
checkpoint_e13 window_influence: 0.36033474315052533, penalty_k: 0.01383777740068787, scale_lr: 0.65246883379561849, EAO: 0.324
Trial 102 finished with value: 0.3238732127711931 and parameters: {'window_influence': 0.3603347431505253, 'penalty_k': 0.013837777400687867, 'scale_lr': 0.6524688337956185}. Best is trial 72 with value: 0.34199109348805495.
checkpoint_e13 window_influence: 0.42492534158042855, penalty_k: 0.00112596343537516, scale_lr: 0.62086775326260824, EAO: 0.314
Trial 103 finished with value: 0.31403384209838825 and parameters: {'window_influence': 0.42492534158042855, 'penalty_k': 0.0011259634353751602, 'scale_lr': 0.6208677532626082}. Best is trial 72 with value: 0.34199109348805495.
checkpoint_e13 window_influence: 0.40110873021406118, penalty_k: 0.03257088517732779, scale_lr: 0.62070539468763519, EAO: 0.313
Trial 104 finished with value: 0.3125192616932123 and parameters: {'window_influence': 0.4011087302140612, 'penalty_k': 0.032570885177327785, 'scale_lr': 0.6207053946876352}. Best is trial 72 with value: 0.34199109348805495.
checkpoint_e13 window_influence: 0.37867183461740594, penalty_k: 0.02300319767935585, scale_lr: 0.58853582486734413, EAO: 0.311
Trial 105 finished with value: 0.3114900342569277 and parameters: {'window_influence': 0.37867183461740594, 'penalty_k': 0.023003197679355852, 'scale_lr': 0.5885358248673441}. Best is trial 72 with value: 0.34199109348805495.
checkpoint_e13 window_influence: 0.41743146297919342, penalty_k: 0.05868994728393018, scale_lr: 0.64283302418569166, EAO: 0.303
Trial 106 finished with value: 0.3032860782591749 and parameters: {'window_influence': 0.4174314629791934, 'penalty_k': 0.05868994728393018, 'scale_lr': 0.6428330241856917}. Best is trial 72 with value: 0.34199109348805495.
checkpoint_e13 window_influence: 0.45732442407057172, penalty_k: 0.02552634232539153, scale_lr: 0.66286711623879180, EAO: 0.308
Trial 107 finished with value: 0.3079812853136879 and parameters: {'window_influence': 0.4573244240705717, 'penalty_k': 0.025526342325391534, 'scale_lr': 0.6628671162387918}. Best is trial 72 with value: 0.34199109348805495.
checkpoint_e13 window_influence: 0.34973110518708400, penalty_k: 0.04913360746113835, scale_lr: 0.63784985460355981, EAO: 0.334
Trial 108 finished with value: 0.33413639374744103 and parameters: {'window_influence': 0.349731105187084, 'penalty_k': 0.04913360746113835, 'scale_lr': 0.6378498546035598}. Best is trial 72 with value: 0.34199109348805495.
checkpoint_e13 window_influence: 0.32380009570548424, penalty_k: 0.07100111826495495, scale_lr: 0.59765777220453764, EAO: 0.324
Trial 109 finished with value: 0.32410068021442173 and parameters: {'window_influence': 0.32380009570548424, 'penalty_k': 0.07100111826495495, 'scale_lr': 0.5976577722045376}. Best is trial 72 with value: 0.34199109348805495.
checkpoint_e13 window_influence: 0.35028805326352130, penalty_k: 0.05990331645236496, scale_lr: 0.56476492484577756, EAO: 0.310
Trial 110 finished with value: 0.3097229324542131 and parameters: {'window_influence': 0.3502880532635213, 'penalty_k': 0.05990331645236496, 'scale_lr': 0.5647649248457776}. Best is trial 72 with value: 0.34199109348805495.
checkpoint_e13 window_influence: 0.36619908187546413, penalty_k: 0.05001207992943395, scale_lr: 0.64055569528625089, EAO: 0.308
Trial 111 finished with value: 0.3076279209745533 and parameters: {'window_influence': 0.3661990818754641, 'penalty_k': 0.05001207992943395, 'scale_lr': 0.6405556952862509}. Best is trial 72 with value: 0.34199109348805495.
checkpoint_e13 window_influence: 0.33305327521536238, penalty_k: 0.02988679072393822, scale_lr: 0.62716746330863671, EAO: 0.310
Trial 112 finished with value: 0.3097785041605916 and parameters: {'window_influence': 0.3330532752153624, 'penalty_k': 0.02988679072393822, 'scale_lr': 0.6271674633086367}. Best is trial 72 with value: 0.34199109348805495.
checkpoint_e13 window_influence: 0.39359841929692679, penalty_k: 0.00807459157544976, scale_lr: 0.68206273896524661, EAO: 0.310
Trial 113 finished with value: 0.30959745748729556 and parameters: {'window_influence': 0.3935984192969268, 'penalty_k': 0.008074591575449765, 'scale_lr': 0.6820627389652466}. Best is trial 72 with value: 0.34199109348805495.
checkpoint_e13 window_influence: 0.43917341663650922, penalty_k: 0.04208549419579617, scale_lr: 0.65731085243848175, EAO: 0.303
