Trial 552 finished with value: 0.29301867370243667 and parameters: {'window_influence': 0.2509096970504546, 'penalty_k': 0.11959165497164878, 'scale_lr': 0.5937611246931741}. Best is trial 445 with value: 0.3694567781246126.
checkpoint_e16 window_influence: 0.37803322655563731, penalty_k: 0.06298536372774466, scale_lr: 0.44433451193799361, EAO: 0.292
Trial 553 finished with value: 0.2917878220169461 and parameters: {'window_influence': 0.3780332265556373, 'penalty_k': 0.06298536372774466, 'scale_lr': 0.4443345119379936}. Best is trial 445 with value: 0.3694567781246126.
checkpoint_e16 window_influence: 0.61900088129448938, penalty_k: 0.28899951436466792, scale_lr: 0.67122627354513942, EAO: 0.229
Trial 554 finished with value: 0.2293486854909459 and parameters: {'window_influence': 0.6190008812944894, 'penalty_k': 0.2889995143646679, 'scale_lr': 0.6712262735451394}. Best is trial 445 with value: 0.3694567781246126.
checkpoint_e16 window_influence: 0.47884105779249037, penalty_k: 0.04257375279884121, scale_lr: 0.35137677378405741, EAO: 0.336
Trial 555 finished with value: 0.33553097579729696 and parameters: {'window_influence': 0.47884105779249037, 'penalty_k': 0.04257375279884121, 'scale_lr': 0.3513767737840574}. Best is trial 445 with value: 0.3694567781246126.
checkpoint_e16 window_influence: 0.50170205514612309, penalty_k: 0.03066001899926536, scale_lr: 0.26965044368544261, EAO: 0.323
Trial 556 finished with value: 0.3229075129277975 and parameters: {'window_influence': 0.5017020551461231, 'penalty_k': 0.030660018999265355, 'scale_lr': 0.2696504436854426}. Best is trial 445 with value: 0.3694567781246126.
checkpoint_e16 window_influence: 0.26088670265286223, penalty_k: 0.17590469610787204, scale_lr: 0.54914361550281221, EAO: 0.276
Trial 557 finished with value: 0.27649733076299676 and parameters: {'window_influence': 0.26088670265286223, 'penalty_k': 0.17590469610787204, 'scale_lr': 0.5491436155028122}. Best is trial 445 with value: 0.3694567781246126.
checkpoint_e16 window_influence: 0.44213035695378528, penalty_k: 0.25052787791108660, scale_lr: 0.49887973169023581, EAO: 0.304
Trial 558 finished with value: 0.304488066395433 and parameters: {'window_influence': 0.4421303569537853, 'penalty_k': 0.2505278779110866, 'scale_lr': 0.4988797316902358}. Best is trial 445 with value: 0.3694567781246126.
checkpoint_e16 window_influence: 0.48766697029166162, penalty_k: 0.01728120153868870, scale_lr: 0.51963251823962087, EAO: 0.344
Trial 559 finished with value: 0.3444869947340702 and parameters: {'window_influence': 0.4876669702916616, 'penalty_k': 0.0172812015386887, 'scale_lr': 0.5196325182396209}. Best is trial 445 with value: 0.3694567781246126.
checkpoint_e16 window_influence: 0.47167006658395766, penalty_k: 0.00065242940304720, scale_lr: 0.13583633605946266, EAO: 0.323
Trial 560 finished with value: 0.3229936826901677 and parameters: {'window_influence': 0.47167006658395766, 'penalty_k': 0.000652429403047201, 'scale_lr': 0.13583633605946266}. Best is trial 445 with value: 0.3694567781246126.
checkpoint_e16 window_influence: 0.45506494228429317, penalty_k: 0.07856350984095296, scale_lr: 0.47584849020922604, EAO: 0.336
Trial 561 finished with value: 0.3356986429672761 and parameters: {'window_influence': 0.4550649422842932, 'penalty_k': 0.07856350984095296, 'scale_lr': 0.47584849020922604}. Best is trial 445 with value: 0.3694567781246126.
checkpoint_e16 window_influence: 0.49861704884602936, penalty_k: 0.13879018740280238, scale_lr: 0.60986809033101497, EAO: 0.318
Trial 562 finished with value: 0.3175081226844268 and parameters: {'window_influence': 0.49861704884602936, 'penalty_k': 0.13879018740280238, 'scale_lr': 0.609868090331015}. Best is trial 445 with value: 0.3694567781246126.
checkpoint_e16 window_influence: 0.11437709927673409, penalty_k: 0.03930890578655703, scale_lr: 0.43407806897591872, EAO: 0.292
Trial 563 finished with value: 0.2923402926569319 and parameters: {'window_influence': 0.11437709927673409, 'penalty_k': 0.03930890578655703, 'scale_lr': 0.4340780689759187}. Best is trial 445 with value: 0.3694567781246126.
checkpoint_e16 window_influence: 0.33102577184321691, penalty_k: 0.26411935821049726, scale_lr: 0.20554036974113468, EAO: 0.301
Trial 564 finished with value: 0.30138019811550465 and parameters: {'window_influence': 0.3310257718432169, 'penalty_k': 0.26411935821049726, 'scale_lr': 0.20554036974113468}. Best is trial 445 with value: 0.3694567781246126.
checkpoint_e16 window_influence: 0.53691726189853473, penalty_k: 0.20499583338586524, scale_lr: 0.41140217101759263, EAO: 0.291
Trial 565 finished with value: 0.29122352495731546 and parameters: {'window_influence': 0.5369172618985347, 'penalty_k': 0.20499583338586524, 'scale_lr': 0.41140217101759263}. Best is trial 445 with value: 0.3694567781246126.
checkpoint_e16 window_influence: 0.48388776393658650, penalty_k: 0.18931209683686812, scale_lr: 0.15379456999548824, EAO: 0.300
Trial 566 finished with value: 0.3003007489535595 and parameters: {'window_influence': 0.4838877639365865, 'penalty_k': 0.18931209683686812, 'scale_lr': 0.15379456999548824}. Best is trial 445 with value: 0.3694567781246126.
checkpoint_e16 window_influence: 0.46854652136615993, penalty_k: 0.35561298753185250, scale_lr: 0.45473289905375835, EAO: 0.328
Trial 567 finished with value: 0.327644997127789 and parameters: {'window_influence': 0.46854652136615993, 'penalty_k': 0.3556129875318525, 'scale_lr': 0.45473289905375835}. Best is trial 445 with value: 0.3694567781246126.
checkpoint_e16 window_influence: 0.51442981646300612, penalty_k: 0.05443259169645104, scale_lr: 0.38883222036429699, EAO: 0.299
Trial 568 finished with value: 0.2991844010376281 and parameters: {'window_influence': 0.5144298164630061, 'penalty_k': 0.05443259169645104, 'scale_lr': 0.388832220364297}. Best is trial 445 with value: 0.3694567781246126.
checkpoint_e16 window_influence: 0.45137955905201788, penalty_k: 0.02354830082662352, scale_lr: 0.57200547078030128, EAO: 0.329
Trial 569 finished with value: 0.3290652212929633 and parameters: {'window_influence': 0.4513795590520179, 'penalty_k': 0.02354830082662352, 'scale_lr': 0.5720054707803013}. Best is trial 445 with value: 0.3694567781246126.
checkpoint_e16 window_influence: 0.42837032702001926, penalty_k: 0.01065199197326013, scale_lr: 0.51223123419166172, EAO: 0.337
Trial 570 finished with value: 0.3370914487059478 and parameters: {'window_influence': 0.42837032702001926, 'penalty_k': 0.010651991973260132, 'scale_lr': 0.5122312341916617}. Best is trial 445 with value: 0.3694567781246126.
checkpoint_e16 window_influence: 0.59637173785245956, penalty_k: 0.03399135069192351, scale_lr: 0.53671060035069329, EAO: 0.265
Trial 571 finished with value: 0.2645443152012992 and parameters: {'window_influence': 0.5963717378524596, 'penalty_k': 0.03399135069192351, 'scale_lr': 0.5367106003506933}. Best is trial 445 with value: 0.3694567781246126.
checkpoint_e16 window_influence: 0.49430116585115474, penalty_k: 0.01303500943539319, scale_lr: 0.55863619437164824, EAO: 0.346
Trial 572 finished with value: 0.34630626451644453 and parameters: {'window_influence': 0.49430116585115474, 'penalty_k': 0.01303500943539319, 'scale_lr': 0.5586361943716482}. Best is trial 445 with value: 0.3694567781246126.
checkpoint_e16 window_influence: 0.47701624586407976, penalty_k: 0.27918780314429553, scale_lr: 0.49167616373570261, EAO: 0.326
Trial 573 finished with value: 0.32636000210209115 and parameters: {'window_influence': 0.47701624586407976, 'penalty_k': 0.27918780314429553, 'scale_lr': 0.4916761637357026}. Best is trial 445 with value: 0.3694567781246126.
checkpoint_e16 window_influence: 0.55078967466206530, penalty_k: 0.04839731246292802, scale_lr: 0.58886820963824926, EAO: 0.295
Trial 574 finished with value: 0.2946304031847052 and parameters: {'window_influence': 0.5507896746620653, 'penalty_k': 0.04839731246292802, 'scale_lr': 0.5888682096382493}. Best is trial 445 with value: 0.3694567781246126.
checkpoint_e16 window_influence: 0.46290466563021893, penalty_k: 0.06538120085468783, scale_lr: 0.24135002565657113, EAO: 0.329
Trial 575 finished with value: 0.3286308932049265 and parameters: {'window_influence': 0.4629046656302189, 'penalty_k': 0.06538120085468783, 'scale_lr': 0.24135002565657113}. Best is trial 445 with value: 0.3694567781246126.
checkpoint_e16 window_influence: 0.50154201221958450, penalty_k: 0.02706826780490027, scale_lr: 0.46838624303602239, EAO: 0.329
Trial 576 finished with value: 0.3291610660256115 and parameters: {'window_influence': 0.5015420122195845, 'penalty_k': 0.027068267804900275, 'scale_lr': 0.4683862430360224}. Best is trial 445 with value: 0.3694567781246126.
checkpoint_e16 window_influence: 0.48125973912542624, penalty_k: 0.40451150695237276, scale_lr: 0.33719641135459055, EAO: 0.293
Trial 577 finished with value: 0.29261435562534555 and parameters: {'window_influence': 0.48125973912542624, 'penalty_k': 0.40451150695237276, 'scale_lr': 0.33719641135459055}. Best is trial 445 with value: 0.3694567781246126.
checkpoint_e16 window_influence: 0.28759985495258134, penalty_k: 0.01025556278761972, scale_lr: 0.42510607681457058, EAO: 0.297
Trial 578 finished with value: 0.2968696703706734 and parameters: {'window_influence': 0.28759985495258134, 'penalty_k': 0.010255562787619719, 'scale_lr': 0.4251060768145706}. Best is trial 445 with value: 0.3694567781246126.
checkpoint_e16 window_influence: 0.24273118682032319, penalty_k: 0.24240202728776031, scale_lr: 0.44769248709249532, EAO: 0.285
Trial 579 finished with value: 0.28476041178527045 and parameters: {'window_influence': 0.24273118682032319, 'penalty_k': 0.2424020272877603, 'scale_lr': 0.4476924870924953}. Best is trial 445 with value: 0.3694567781246126.
checkpoint_e16 window_influence: 0.52301996008203189, penalty_k: 0.00021646174649240, scale_lr: 0.52261704728729175, EAO: 0.324
Trial 580 finished with value: 0.32426909621123673 and parameters: {'window_influence': 0.5230199600820319, 'penalty_k': 0.00021646174649239902, 'scale_lr': 0.5226170472872917}. Best is trial 445 with value: 0.3694567781246126.
checkpoint_e16 window_influence: 0.44421534789768452, penalty_k: 0.03985346941170144, scale_lr: 0.78153336612605107, EAO: 0.330
Trial 581 finished with value: 0.3304125696188745 and parameters: {'window_influence': 0.4442153478976845, 'penalty_k': 0.03985346941170144, 'scale_lr': 0.7815333661260511}. Best is trial 445 with value: 0.3694567781246126.
checkpoint_e16 window_influence: 0.29524597263013880, penalty_k: 0.42990100123494596, scale_lr: 0.65688817475743988, EAO: 0.294
Trial 582 finished with value: 0.2943530708319482 and parameters: {'window_influence': 0.2952459726301388, 'penalty_k': 0.42990100123494596, 'scale_lr': 0.6568881747574399}. Best is trial 445 with value: 0.3694567781246126.
checkpoint_e16 window_influence: 0.46628154421651052, penalty_k: 0.47110255062626782, scale_lr: 0.71302463684670003, EAO: 0.309
Trial 583 finished with value: 0.3087435912065469 and parameters: {'window_influence': 0.4662815442165105, 'penalty_k': 0.4711025506262678, 'scale_lr': 0.7130246368467}. Best is trial 445 with value: 0.3694567781246126.
checkpoint_e16 window_influence: 0.50889638326114472, penalty_k: 0.32150734673216158, scale_lr: 0.36962091670041003, EAO: 0.277
Trial 584 finished with value: 0.2770343492467116 and parameters: {'window_influence': 0.5088963832611447, 'penalty_k': 0.3215073467321616, 'scale_lr': 0.36962091670041003}. Best is trial 445 with value: 0.3694567781246126.
checkpoint_e16 window_influence: 0.34530565703764282, penalty_k: 0.02554014083253104, scale_lr: 0.48303873208164105, EAO: 0.308
Trial 585 finished with value: 0.3082237497609877 and parameters: {'window_influence': 0.3453056570376428, 'penalty_k': 0.025540140832531037, 'scale_lr': 0.48303873208164105}. Best is trial 445 with value: 0.3694567781246126.
checkpoint_e16 window_influence: 0.49128490440353673, penalty_k: 0.05430308554047555, scale_lr: 0.18981587428150287, EAO: 0.320
Trial 586 finished with value: 0.31952743330818206 and parameters: {'window_influence': 0.4912849044035367, 'penalty_k': 0.054303085540475554, 'scale_lr': 0.18981587428150287}. Best is trial 445 with value: 0.3694567781246126.
checkpoint_e16 window_influence: 0.48018706172220721, penalty_k: 0.01608130664021039, scale_lr: 0.50083819501586946, EAO: 0.333
Trial 587 finished with value: 0.33335596079492386 and parameters: {'window_influence': 0.4801870617222072, 'penalty_k': 0.016081306640210388, 'scale_lr': 0.5008381950158695}. Best is trial 445 with value: 0.3694567781246126.
checkpoint_e16 window_influence: 0.45961073000133540, penalty_k: 0.09369160389907598, scale_lr: 0.68258985160420638, EAO: 0.330
Trial 588 finished with value: 0.32955520405843564 and parameters: {'window_influence': 0.4596107300013354, 'penalty_k': 0.09369160389907598, 'scale_lr': 0.6825898516042064}. Best is trial 445 with value: 0.3694567781246126.
checkpoint_e16 window_influence: 0.31835520115846128, penalty_k: 0.03792768570369742, scale_lr: 0.53476652828816518, EAO: 0.314
Trial 589 finished with value: 0.31438927479987017 and parameters: {'window_influence': 0.3183552011584613, 'penalty_k': 0.03792768570369742, 'scale_lr': 0.5347665282881652}. Best is trial 445 with value: 0.3694567781246126.
checkpoint_e16 window_influence: 0.43801766829042910, penalty_k: 0.22461451881305922, scale_lr: 0.43248265426046373, EAO: 0.301
Trial 590 finished with value: 0.301393185956005 and parameters: {'window_influence': 0.4380176682904291, 'penalty_k': 0.22461451881305922, 'scale_lr': 0.43248265426046373}. Best is trial 445 with value: 0.3694567781246126.
checkpoint_e16 window_influence: 0.49332215169450661, penalty_k: 0.02370002653273985, scale_lr: 0.60281170650786275, EAO: 0.346
Trial 591 finished with value: 0.34585920532853687 and parameters: {'window_influence': 0.4933221516945066, 'penalty_k': 0.02370002653273985, 'scale_lr': 0.6028117065078628}. Best is trial 445 with value: 0.3694567781246126.
checkpoint_e16 window_influence: 0.47157847319284257, penalty_k: 0.07636206664391608, scale_lr: 0.54990739419918333, EAO: 0.337
Trial 592 finished with value: 0.33662459451400817 and parameters: {'window_influence': 0.4715784731928426, 'penalty_k': 0.07636206664391608, 'scale_lr': 0.5499073941991833}. Best is trial 445 with value: 0.3694567781246126.
checkpoint_e16 window_influence: 0.50858616440036253, penalty_k: 0.01034062917356415, scale_lr: 0.40464244270859628, EAO: 0.338
Trial 593 finished with value: 0.3379065336420378 and parameters: {'window_influence': 0.5085861644003625, 'penalty_k': 0.010340629173564148, 'scale_lr': 0.4046424427085963}. Best is trial 445 with value: 0.3694567781246126.
checkpoint_e16 window_influence: 0.42236030088590837, penalty_k: 0.04835874960880761, scale_lr: 0.45935427211973573, EAO: 0.315
Trial 594 finished with value: 0.3154812405893311 and parameters: {'window_influence': 0.42236030088590837, 'penalty_k': 0.04835874960880761, 'scale_lr': 0.45935427211973573}. Best is trial 445 with value: 0.3694567781246126.
checkpoint_e16 window_influence: 0.45359526006639722, penalty_k: 0.03394307828260269, scale_lr: 0.22638181714315750, EAO: 0.321
Trial 595 finished with value: 0.3205095425190165 and parameters: {'window_influence': 0.4535952600663972, 'penalty_k': 0.033943078282602686, 'scale_lr': 0.2263818171431575}. Best is trial 445 with value: 0.3694567781246126.
checkpoint_e16 window_influence: 0.48543353767468739, penalty_k: 0.44119381517612388, scale_lr: 0.31708784620579716, EAO: 0.284
Trial 596 finished with value: 0.2843604366139215 and parameters: {'window_influence': 0.4854335376746874, 'penalty_k': 0.4411938151761239, 'scale_lr': 0.31708784620579716}. Best is trial 445 with value: 0.3694567781246126.
checkpoint_e16 window_influence: 0.40631708360057150, penalty_k: 0.06007187208877131, scale_lr: 0.50787996721464812, EAO: 0.339
Trial 597 finished with value: 0.33884404605464713 and parameters: {'window_influence': 0.4063170836005715, 'penalty_k': 0.06007187208877131, 'scale_lr': 0.5078799672146481}. Best is trial 445 with value: 0.3694567781246126.
checkpoint_e16 window_influence: 0.38952572653211476, penalty_k: 0.56035499251949872, scale_lr: 0.57350932629123064, EAO: 0.311
Trial 598 finished with value: 0.3111450984668175 and parameters: {'window_influence': 0.38952572653211476, 'penalty_k': 0.5603549925194987, 'scale_lr': 0.5735093262912306}. Best is trial 445 with value: 0.3694567781246126.
checkpoint_e16 window_influence: 0.47615962961365593, penalty_k: 0.18157497763851443, scale_lr: 0.44324955342782579, EAO: 0.318
Trial 599 finished with value: 0.31756193060355425 and parameters: {'window_influence': 0.47615962961365593, 'penalty_k': 0.18157497763851443, 'scale_lr': 0.4432495534278258}. Best is trial 445 with value: 0.3694567781246126.
checkpoint_e16 window_influence: 0.50504100709825617, penalty_k: 0.53951441638020903, scale_lr: 0.51727449445479301, EAO: 0.268
Trial 600 finished with value: 0.2682546674045607 and parameters: {'window_influence': 0.5050410070982562, 'penalty_k': 0.539514416380209, 'scale_lr': 0.517274494454793}. Best is trial 445 with value: 0.3694567781246126.
checkpoint_e16 window_influence: 0.46914906990262295, penalty_k: 0.02152583043451919, scale_lr: 0.48386010094010451, EAO: 0.341
Trial 601 finished with value: 0.340783500485847 and parameters: {'window_influence': 0.46914906990262295, 'penalty_k': 0.02152583043451919, 'scale_lr': 0.4838601009401045}. Best is trial 445 with value: 0.3694567781246126.
checkpoint_e16 window_influence: 0.52451276880466602, penalty_k: 0.25317671617725274, scale_lr: 0.47023372092167454, EAO: 0.304
Trial 602 finished with value: 0.3039110432802935 and parameters: {'window_influence': 0.524512768804666, 'penalty_k': 0.25317671617725274, 'scale_lr': 0.47023372092167454}. Best is trial 445 with value: 0.3694567781246126.
checkpoint_e16 window_influence: 0.49203076519082428, penalty_k: 0.00095931101220871, scale_lr: 0.42214451979135381, EAO: 0.338
Trial 603 finished with value: 0.33797333862067197 and parameters: {'window_influence': 0.4920307651908243, 'penalty_k': 0.0009593110122087106, 'scale_lr': 0.4221445197913538}. Best is trial 445 with value: 0.3694567781246126.
checkpoint_e16 window_influence: 0.45571556331047236, penalty_k: 0.31254514413040396, scale_lr: 0.58386002370799062, EAO: 0.311
Trial 604 finished with value: 0.31111940921280634 and parameters: {'window_influence': 0.45571556331047236, 'penalty_k': 0.31254514413040396, 'scale_lr': 0.5838600237079906}. Best is trial 445 with value: 0.3694567781246126.
checkpoint_e16 window_influence: 0.43643678722117951, penalty_k: 0.04097927577657509, scale_lr: 0.53864771325687288, EAO: 0.331
Trial 605 finished with value: 0.3309568921647647 and parameters: {'window_influence': 0.4364367872211795, 'penalty_k': 0.04097927577657509, 'scale_lr': 0.5386477132568729}. Best is trial 445 with value: 0.3694567781246126.
checkpoint_e16 window_influence: 0.48191900338865346, penalty_k: 0.02707509390393099, scale_lr: 0.49528716867473954, EAO: 0.325
Trial 606 finished with value: 0.3250437622984096 and parameters: {'window_influence': 0.48191900338865346, 'penalty_k': 0.027075093903930987, 'scale_lr': 0.49528716867473954}. Best is trial 445 with value: 0.3694567781246126.
checkpoint_e16 window_influence: 0.49938161824515109, penalty_k: 0.01264682973247687, scale_lr: 0.26449624685846385, EAO: 0.336
Trial 607 finished with value: 0.3357959884845793 and parameters: {'window_influence': 0.4993816182451511, 'penalty_k': 0.01264682973247687, 'scale_lr': 0.26449624685846385}. Best is trial 445 with value: 0.3694567781246126.
checkpoint_e16 window_influence: 0.19999807652748050, penalty_k: 0.29715847342776303, scale_lr: 0.55993762982306050, EAO: 0.265
Trial 608 finished with value: 0.26505257166081364 and parameters: {'window_influence': 0.1999980765274805, 'penalty_k': 0.297158473427763, 'scale_lr': 0.5599376298230605}. Best is trial 445 with value: 0.3694567781246126.
checkpoint_e16 window_influence: 0.46169582077761834, penalty_k: 0.06389032120151572, scale_lr: 0.72487312977091634, EAO: 0.322
Trial 609 finished with value: 0.3222151569123398 and parameters: {'window_influence': 0.46169582077761834, 'penalty_k': 0.06389032120151572, 'scale_lr': 0.7248731297709163}. Best is trial 445 with value: 0.3694567781246126.
checkpoint_e16 window_influence: 0.62776493319116478, penalty_k: 0.04861055127644589, scale_lr: 0.10512593231407891, EAO: 0.240
Trial 610 finished with value: 0.2401950668384129 and parameters: {'window_influence': 0.6277649331911648, 'penalty_k': 0.04861055127644589, 'scale_lr': 0.10512593231407891}. Best is trial 445 with value: 0.3694567781246126.
checkpoint_e16 window_influence: 0.17668910024118456, penalty_k: 0.11356239382260805, scale_lr: 0.45373325078941357, EAO: 0.287
Trial 611 finished with value: 0.28652166925979494 and parameters: {'window_influence': 0.17668910024118456, 'penalty_k': 0.11356239382260805, 'scale_lr': 0.45373325078941357}. Best is trial 445 with value: 0.3694567781246126.
checkpoint_e16 window_influence: 0.51564933618247644, penalty_k: 0.20032142270000886, scale_lr: 0.39406135799820735, EAO: 0.291
Trial 612 finished with value: 0.29134664513489616 and parameters: {'window_influence': 0.5156493361824764, 'penalty_k': 0.20032142270000886, 'scale_lr': 0.39406135799820735}. Best is trial 445 with value: 0.3694567781246126.
checkpoint_e16 window_influence: 0.26958571869105152, penalty_k: 0.13930813321938681, scale_lr: 0.52662978314192654, EAO: 0.280
Trial 613 finished with value: 0.2800088184468941 and parameters: {'window_influence': 0.2695857186910515, 'penalty_k': 0.13930813321938681, 'scale_lr': 0.5266297831419265}. Best is trial 445 with value: 0.3694567781246126.
checkpoint_e16 window_influence: 0.61529709730072069, penalty_k: 0.30692971883134157, scale_lr: 0.10001030547876572, EAO: 0.236
