Trial 1729 finished with value: 0.3484734214465442 and parameters: {'window_influence': 0.4920824308434731, 'penalty_k': 0.04004269290953419, 'scale_lr': 0.6391829769924484}. Best is trial 1136 with value: 0.3697957394188016.
checkpoint_e33 window_influence: 0.47441693944163149, penalty_k: 0.02035375232594145, scale_lr: 0.66658080249243046, EAO: 0.353
Trial 1730 finished with value: 0.3527805528056297 and parameters: {'window_influence': 0.4744169394416315, 'penalty_k': 0.02035375232594145, 'scale_lr': 0.6665808024924305}. Best is trial 1136 with value: 0.3697957394188016.
checkpoint_e33 window_influence: 0.09706733279063118, penalty_k: 0.04202005414275660, scale_lr: 0.65453882899613847, EAO: 0.251
Trial 1731 finished with value: 0.25127005652462925 and parameters: {'window_influence': 0.09706733279063118, 'penalty_k': 0.0420200541427566, 'scale_lr': 0.6545388289961385}. Best is trial 1136 with value: 0.3697957394188016.
checkpoint_e33 window_influence: 0.62588171380080726, penalty_k: 0.01208687051285215, scale_lr: 0.67486891020807183, EAO: 0.249
Trial 1732 finished with value: 0.24893157404452446 and parameters: {'window_influence': 0.6258817138008073, 'penalty_k': 0.012086870512852154, 'scale_lr': 0.6748689102080718}. Best is trial 1136 with value: 0.3697957394188016.
checkpoint_e33 window_influence: 0.50394945255311219, penalty_k: 0.03163253618794556, scale_lr: 0.64173138581800504, EAO: 0.328
Trial 1733 finished with value: 0.3280807248813169 and parameters: {'window_influence': 0.5039494525531122, 'penalty_k': 0.031632536187945565, 'scale_lr': 0.641731385818005}. Best is trial 1136 with value: 0.3697957394188016.
checkpoint_e33 window_influence: 0.38983886920305993, penalty_k: 0.04706573319260092, scale_lr: 0.67457822298754011, EAO: 0.340
Trial 1734 finished with value: 0.34026849142308363 and parameters: {'window_influence': 0.38983886920305993, 'penalty_k': 0.04706573319260092, 'scale_lr': 0.6745782229875401}. Best is trial 1136 with value: 0.3697957394188016.
checkpoint_e33 window_influence: 0.49411551826034844, penalty_k: 0.02409178130609189, scale_lr: 0.61672562563677158, EAO: 0.321
Trial 1735 finished with value: 0.3208027025141141 and parameters: {'window_influence': 0.49411551826034844, 'penalty_k': 0.024091781306091894, 'scale_lr': 0.6167256256367716}. Best is trial 1136 with value: 0.3697957394188016.
checkpoint_e33 window_influence: 0.47034285999055425, penalty_k: 0.00958185282761851, scale_lr: 0.62775335123587639, EAO: 0.331
Trial 1736 finished with value: 0.33115373975108103 and parameters: {'window_influence': 0.47034285999055425, 'penalty_k': 0.00958185282761851, 'scale_lr': 0.6277533512358764}. Best is trial 1136 with value: 0.3697957394188016.
checkpoint_e33 window_influence: 0.29302047060398628, penalty_k: 0.05092727611558149, scale_lr: 0.64766377998620217, EAO: 0.303
Trial 1737 finished with value: 0.3026823446676425 and parameters: {'window_influence': 0.2930204706039863, 'penalty_k': 0.05092727611558149, 'scale_lr': 0.6476637799862022}. Best is trial 1136 with value: 0.3697957394188016.
checkpoint_e33 window_influence: 0.33517856494077231, penalty_k: 0.03591893068233844, scale_lr: 0.66363534053947137, EAO: 0.321
Trial 1738 finished with value: 0.32122953943473354 and parameters: {'window_influence': 0.3351785649407723, 'penalty_k': 0.03591893068233844, 'scale_lr': 0.6636353405394714}. Best is trial 1136 with value: 0.3697957394188016.
checkpoint_e33 window_influence: 0.53996161888692118, penalty_k: 0.02201020149671249, scale_lr: 0.48595610565270936, EAO: 0.301
Trial 1739 finished with value: 0.30084957646256755 and parameters: {'window_influence': 0.5399616188869212, 'penalty_k': 0.022010201496712494, 'scale_lr': 0.48595610565270936}. Best is trial 1136 with value: 0.3697957394188016.
checkpoint_e33 window_influence: 0.48451165615527153, penalty_k: 0.01119083019055250, scale_lr: 0.47303904870643487, EAO: 0.352
Trial 1740 finished with value: 0.35244460200985117 and parameters: {'window_influence': 0.48451165615527153, 'penalty_k': 0.011190830190552496, 'scale_lr': 0.4730390487064349}. Best is trial 1136 with value: 0.3697957394188016.
checkpoint_e33 window_influence: 0.61071662452689446, penalty_k: 0.05371103536700397, scale_lr: 0.63843303276326702, EAO: 0.254
Trial 1741 finished with value: 0.25405364405320313 and parameters: {'window_influence': 0.6107166245268945, 'penalty_k': 0.05371103536700397, 'scale_lr': 0.638433032763267}. Best is trial 1136 with value: 0.3697957394188016.
checkpoint_e33 window_influence: 0.55405924769642223, penalty_k: 0.03246140061651567, scale_lr: 0.68840029493239629, EAO: 0.288
Trial 1742 finished with value: 0.2882487332078733 and parameters: {'window_influence': 0.5540592476964222, 'penalty_k': 0.03246140061651567, 'scale_lr': 0.6884002949323963}. Best is trial 1136 with value: 0.3697957394188016.
checkpoint_e33 window_influence: 0.34846786886642939, penalty_k: 0.21599590740690011, scale_lr: 0.65542662189228995, EAO: 0.308
Trial 1743 finished with value: 0.30791260835493584 and parameters: {'window_influence': 0.3484678688664294, 'penalty_k': 0.2159959074069001, 'scale_lr': 0.65542662189229}. Best is trial 1136 with value: 0.3697957394188016.
checkpoint_e33 window_influence: 0.52599968905125660, penalty_k: 0.00067221956793068, scale_lr: 0.62378271626159543, EAO: 0.318
Trial 1744 finished with value: 0.31774924979599534 and parameters: {'window_influence': 0.5259996890512566, 'penalty_k': 0.0006722195679306799, 'scale_lr': 0.6237827162615954}. Best is trial 1136 with value: 0.3697957394188016.
checkpoint_e33 window_influence: 0.27993987248558838, penalty_k: 0.19567398545799802, scale_lr: 0.33605221712508709, EAO: 0.299
Trial 1745 finished with value: 0.2993627893321709 and parameters: {'window_influence': 0.2799398724855884, 'penalty_k': 0.19567398545799802, 'scale_lr': 0.3360522171250871}. Best is trial 1136 with value: 0.3697957394188016.
checkpoint_e33 window_influence: 0.32221715732951639, penalty_k: 0.04124505032159179, scale_lr: 0.67722164093464665, EAO: 0.323
Trial 1746 finished with value: 0.32335288277627894 and parameters: {'window_influence': 0.3222171573295164, 'penalty_k': 0.041245050321591786, 'scale_lr': 0.6772216409346467}. Best is trial 1136 with value: 0.3697957394188016.
checkpoint_e33 window_influence: 0.40351603145321396, penalty_k: 0.02442073083707599, scale_lr: 0.45860517114752331, EAO: 0.316
Trial 1747 finished with value: 0.31583607295375854 and parameters: {'window_influence': 0.40351603145321396, 'penalty_k': 0.024420730837075993, 'scale_lr': 0.4586051711475233}. Best is trial 1136 with value: 0.3697957394188016.
checkpoint_e33 window_influence: 0.47340047160685095, penalty_k: 0.15308702282542569, scale_lr: 0.61425629193768194, EAO: 0.351
Trial 1748 finished with value: 0.350632723203429 and parameters: {'window_influence': 0.47340047160685095, 'penalty_k': 0.1530870228254257, 'scale_lr': 0.6142562919376819}. Best is trial 1136 with value: 0.3697957394188016.
checkpoint_e33 window_influence: 0.51676030260997619, penalty_k: 0.05130401543693876, scale_lr: 0.65627723106343350, EAO: 0.343
Trial 1749 finished with value: 0.3428181659154855 and parameters: {'window_influence': 0.5167603026099762, 'penalty_k': 0.051304015436938764, 'scale_lr': 0.6562772310634335}. Best is trial 1136 with value: 0.3697957394188016.
checkpoint_e33 window_influence: 0.59244007394771936, penalty_k: 0.24758614831342901, scale_lr: 0.48039862762044588, EAO: 0.262
Trial 1750 finished with value: 0.26185070923330256 and parameters: {'window_influence': 0.5924400739477194, 'penalty_k': 0.247586148313429, 'scale_lr': 0.4803986276204459}. Best is trial 1136 with value: 0.3697957394188016.
checkpoint_e33 window_influence: 0.45882665826108421, penalty_k: 0.20791540767295616, scale_lr: 0.63723264195983276, EAO: 0.346
Trial 1751 finished with value: 0.3456832027852767 and parameters: {'window_influence': 0.4588266582610842, 'penalty_k': 0.20791540767295616, 'scale_lr': 0.6372326419598328}. Best is trial 1136 with value: 0.3697957394188016.
checkpoint_e33 window_influence: 0.19472052119340225, penalty_k: 0.18541527483821987, scale_lr: 0.68767958659214734, EAO: 0.277
Trial 1752 finished with value: 0.2773475086874535 and parameters: {'window_influence': 0.19472052119340225, 'penalty_k': 0.18541527483821987, 'scale_lr': 0.6876795865921473}. Best is trial 1136 with value: 0.3697957394188016.
checkpoint_e33 window_influence: 0.50022047083094745, penalty_k: 0.01467234736350655, scale_lr: 0.41950408094828467, EAO: 0.349
Trial 1753 finished with value: 0.3487209936292255 and parameters: {'window_influence': 0.5002204708309475, 'penalty_k': 0.014672347363506547, 'scale_lr': 0.4195040809482847}. Best is trial 1136 with value: 0.3697957394188016.
checkpoint_e33 window_influence: 0.48378320126243224, penalty_k: 0.03712356396106787, scale_lr: 0.21217034110116173, EAO: 0.336
Trial 1754 finished with value: 0.3355300291966835 and parameters: {'window_influence': 0.48378320126243224, 'penalty_k': 0.03712356396106787, 'scale_lr': 0.21217034110116173}. Best is trial 1136 with value: 0.3697957394188016.
checkpoint_e33 window_influence: 0.47432296725689005, penalty_k: 0.35417833860745618, scale_lr: 0.66614321272900423, EAO: 0.328
Trial 1755 finished with value: 0.328083854936904 and parameters: {'window_influence': 0.47432296725689005, 'penalty_k': 0.3541783386074562, 'scale_lr': 0.6661432127290042}. Best is trial 1136 with value: 0.3697957394188016.
checkpoint_e33 window_influence: 0.35202327468773514, penalty_k: 0.05877022106023511, scale_lr: 0.30876099198072937, EAO: 0.317
Trial 1756 finished with value: 0.3173869641258559 and parameters: {'window_influence': 0.35202327468773514, 'penalty_k': 0.05877022106023511, 'scale_lr': 0.30876099198072937}. Best is trial 1136 with value: 0.3697957394188016.
checkpoint_e33 window_influence: 0.49467533486820248, penalty_k: 0.02734498179103483, scale_lr: 0.62184599064889823, EAO: 0.327
Trial 1757 finished with value: 0.3270262702429805 and parameters: {'window_influence': 0.4946753348682025, 'penalty_k': 0.027344981791034832, 'scale_lr': 0.6218459906488982}. Best is trial 1136 with value: 0.3697957394188016.
checkpoint_e33 window_influence: 0.57941067110132316, penalty_k: 0.01342629373876362, scale_lr: 0.49238739169777840, EAO: 0.287
Trial 1758 finished with value: 0.28702881323456303 and parameters: {'window_influence': 0.5794106711013232, 'penalty_k': 0.01342629373876362, 'scale_lr': 0.4923873916977784}. Best is trial 1136 with value: 0.3697957394188016.
checkpoint_e33 window_influence: 0.46291959436185592, penalty_k: 0.23529799327525361, scale_lr: 0.44626526646431336, EAO: 0.340
Trial 1759 finished with value: 0.33990309975954347 and parameters: {'window_influence': 0.4629195943618559, 'penalty_k': 0.2352979932752536, 'scale_lr': 0.44626526646431336}. Best is trial 1136 with value: 0.3697957394188016.
checkpoint_e33 window_influence: 0.42668688761379697, penalty_k: 0.00013070487856749, scale_lr: 0.69543319337771481, EAO: 0.346
Trial 1760 finished with value: 0.3461180231914446 and parameters: {'window_influence': 0.426686887613797, 'penalty_k': 0.00013070487856748844, 'scale_lr': 0.6954331933777148}. Best is trial 1136 with value: 0.3697957394188016.
checkpoint_e33 window_influence: 0.36345926607823309, penalty_k: 0.16927404074983932, scale_lr: 0.65163029945140127, EAO: 0.325
Trial 1761 finished with value: 0.32504278456190683 and parameters: {'window_influence': 0.3634592660782331, 'penalty_k': 0.16927404074983932, 'scale_lr': 0.6516302994514013}. Best is trial 1136 with value: 0.3697957394188016.
checkpoint_e33 window_influence: 0.45262929795414281, penalty_k: 0.48836077561771785, scale_lr: 0.38758508693094051, EAO: 0.326
Trial 1762 finished with value: 0.32609371058208003 and parameters: {'window_influence': 0.4526292979541428, 'penalty_k': 0.48836077561771785, 'scale_lr': 0.3875850869309405}. Best is trial 1136 with value: 0.3697957394188016.
checkpoint_e33 window_influence: 0.51135813186858847, penalty_k: 0.04480738882887008, scale_lr: 0.15300810396649911, EAO: 0.325
Trial 1763 finished with value: 0.3249099052833676 and parameters: {'window_influence': 0.5113581318685885, 'penalty_k': 0.04480738882887008, 'scale_lr': 0.1530081039664991}. Best is trial 1136 with value: 0.3697957394188016.
checkpoint_e33 window_influence: 0.37018189171237664, penalty_k: 0.58579102671403760, scale_lr: 0.24086540222314454, EAO: 0.328
Trial 1764 finished with value: 0.328362164098465 and parameters: {'window_influence': 0.37018189171237664, 'penalty_k': 0.5857910267140376, 'scale_lr': 0.24086540222314454}. Best is trial 1136 with value: 0.3697957394188016.
checkpoint_e33 window_influence: 0.18674622545272829, penalty_k: 0.18016759152989406, scale_lr: 0.46201257176870597, EAO: 0.259
Trial 1765 finished with value: 0.2590247121302534 and parameters: {'window_influence': 0.1867462254527283, 'penalty_k': 0.18016759152989406, 'scale_lr': 0.46201257176870597}. Best is trial 1136 with value: 0.3697957394188016.
checkpoint_e33 window_influence: 0.48222535305082836, penalty_k: 0.43108344922290287, scale_lr: 0.17353791256983730, EAO: 0.300
Trial 1766 finished with value: 0.299616423214456 and parameters: {'window_influence': 0.48222535305082836, 'penalty_k': 0.43108344922290287, 'scale_lr': 0.1735379125698373}. Best is trial 1136 with value: 0.3697957394188016.
checkpoint_e33 window_influence: 0.28862009430629848, penalty_k: 0.03018889292629584, scale_lr: 0.70797402619834338, EAO: 0.314
Trial 1767 finished with value: 0.3137126486704971 and parameters: {'window_influence': 0.2886200943062985, 'penalty_k': 0.03018889292629584, 'scale_lr': 0.7079740261983434}. Best is trial 1136 with value: 0.3697957394188016.
checkpoint_e33 window_influence: 0.15181572476087463, penalty_k: 0.55644129250682506, scale_lr: 0.20121308884287309, EAO: 0.260
Trial 1768 finished with value: 0.2601504961920156 and parameters: {'window_influence': 0.15181572476087463, 'penalty_k': 0.5564412925068251, 'scale_lr': 0.2012130888428731}. Best is trial 1136 with value: 0.3697957394188016.
checkpoint_e33 window_influence: 0.61800526019548352, penalty_k: 0.05558530875931117, scale_lr: 0.41284711244655314, EAO: 0.253
Trial 1769 finished with value: 0.2528556071018894 and parameters: {'window_influence': 0.6180052601954835, 'penalty_k': 0.05558530875931117, 'scale_lr': 0.41284711244655314}. Best is trial 1136 with value: 0.3697957394188016.
checkpoint_e33 window_influence: 0.47013793764951467, penalty_k: 0.27003542604198183, scale_lr: 0.61082398546816619, EAO: 0.326
Trial 1770 finished with value: 0.32573679327269006 and parameters: {'window_influence': 0.47013793764951467, 'penalty_k': 0.27003542604198183, 'scale_lr': 0.6108239854681662}. Best is trial 1136 with value: 0.3697957394188016.
checkpoint_e33 window_influence: 0.43881839277424572, penalty_k: 0.22298883310487677, scale_lr: 0.43373461474874131, EAO: 0.343
Trial 1771 finished with value: 0.3430352235350627 and parameters: {'window_influence': 0.4388183927742457, 'penalty_k': 0.22298883310487677, 'scale_lr': 0.4337346147487413}. Best is trial 1136 with value: 0.3697957394188016.
checkpoint_e33 window_influence: 0.49885214544864964, penalty_k: 0.41192866879838097, scale_lr: 0.64150746266341008, EAO: 0.307
Trial 1772 finished with value: 0.3068986249804961 and parameters: {'window_influence': 0.49885214544864964, 'penalty_k': 0.41192866879838097, 'scale_lr': 0.6415074626634101}. Best is trial 1136 with value: 0.3697957394188016.
checkpoint_e33 window_influence: 0.48592561592819528, penalty_k: 0.20141089772602408, scale_lr: 0.11675466720472688, EAO: 0.335
Trial 1773 finished with value: 0.335235097354952 and parameters: {'window_influence': 0.4859256159281953, 'penalty_k': 0.20141089772602408, 'scale_lr': 0.11675466720472688}. Best is trial 1136 with value: 0.3697957394188016.
checkpoint_e33 window_influence: 0.40972117548956610, penalty_k: 0.15590319139407832, scale_lr: 0.28648974676469330, EAO: 0.312
Trial 1774 finished with value: 0.3120723669978895 and parameters: {'window_influence': 0.4097211754895661, 'penalty_k': 0.15590319139407832, 'scale_lr': 0.2864897467646933}. Best is trial 1136 with value: 0.3697957394188016.
checkpoint_e33 window_influence: 0.17402015541495189, penalty_k: 0.33726644312361925, scale_lr: 0.68063834540662360, EAO: 0.289
Trial 1775 finished with value: 0.2892422662170944 and parameters: {'window_influence': 0.1740201554149519, 'penalty_k': 0.33726644312361925, 'scale_lr': 0.6806383454066236}. Best is trial 1136 with value: 0.3697957394188016.
checkpoint_e33 window_influence: 0.45224823993537905, penalty_k: 0.13755719177160242, scale_lr: 0.13437383658819291, EAO: 0.339
Trial 1776 finished with value: 0.33859020703497567 and parameters: {'window_influence': 0.45224823993537905, 'penalty_k': 0.13755719177160242, 'scale_lr': 0.1343738365881929}. Best is trial 1136 with value: 0.3697957394188016.
checkpoint_e33 window_influence: 0.21613196666167103, penalty_k: 0.02402669840549640, scale_lr: 0.37589594995181597, EAO: 0.301
Trial 1777 finished with value: 0.30112303613688696 and parameters: {'window_influence': 0.21613196666167103, 'penalty_k': 0.024026698405496403, 'scale_lr': 0.37589594995181597}. Best is trial 1136 with value: 0.3697957394188016.
checkpoint_e33 window_influence: 0.27328518469200086, penalty_k: 0.41819114058653556, scale_lr: 0.47547085518215493, EAO: 0.303
Trial 1778 finished with value: 0.3030503959855217 and parameters: {'window_influence': 0.27328518469200086, 'penalty_k': 0.41819114058653556, 'scale_lr': 0.47547085518215493}. Best is trial 1136 with value: 0.3697957394188016.
checkpoint_e33 window_influence: 0.12449306556935327, penalty_k: 0.47241634230742763, scale_lr: 0.22966545456071746, EAO: 0.247
Trial 1779 finished with value: 0.24713497640789714 and parameters: {'window_influence': 0.12449306556935327, 'penalty_k': 0.47241634230742763, 'scale_lr': 0.22966545456071746}. Best is trial 1136 with value: 0.3697957394188016.
checkpoint_e33 window_influence: 0.11399702613395543, penalty_k: 0.06263062352664815, scale_lr: 0.35215830766534817, EAO: 0.270
Trial 1780 finished with value: 0.2701721296931983 and parameters: {'window_influence': 0.11399702613395543, 'penalty_k': 0.06263062352664815, 'scale_lr': 0.35215830766534817}. Best is trial 1136 with value: 0.3697957394188016.
checkpoint_e33 window_influence: 0.46581591782638543, penalty_k: 0.04289117286733096, scale_lr: 0.40170755199196823, EAO: 0.338
Trial 1781 finished with value: 0.3378510848557439 and parameters: {'window_influence': 0.46581591782638543, 'penalty_k': 0.04289117286733096, 'scale_lr': 0.4017075519919682}. Best is trial 1136 with value: 0.3697957394188016.
checkpoint_e33 window_influence: 0.47692781736289341, penalty_k: 0.01278427675069320, scale_lr: 0.44571494570992504, EAO: 0.354
Trial 1782 finished with value: 0.3538505811867547 and parameters: {'window_influence': 0.4769278173628934, 'penalty_k': 0.012784276750693203, 'scale_lr': 0.44571494570992504}. Best is trial 1136 with value: 0.3697957394188016.
checkpoint_e33 window_influence: 0.50867277940298816, penalty_k: 0.03696517943990282, scale_lr: 0.66648907057244178, EAO: 0.326
Trial 1783 finished with value: 0.3260007621249336 and parameters: {'window_influence': 0.5086727794029882, 'penalty_k': 0.036965179439902816, 'scale_lr': 0.6664890705724418}. Best is trial 1136 with value: 0.3697957394188016.
checkpoint_e33 window_influence: 0.53844378163957662, penalty_k: 0.56022869690582744, scale_lr: 0.63428398366505556, EAO: 0.287
Trial 1784 finished with value: 0.28726171792017346 and parameters: {'window_influence': 0.5384437816395766, 'penalty_k': 0.5602286969058274, 'scale_lr': 0.6342839836650556}. Best is trial 1136 with value: 0.3697957394188016.
checkpoint_e33 window_influence: 0.49050298951534910, penalty_k: 0.19959308093083886, scale_lr: 0.41631755426697870, EAO: 0.346
Trial 1785 finished with value: 0.34574186975853916 and parameters: {'window_influence': 0.4905029895153491, 'penalty_k': 0.19959308093083886, 'scale_lr': 0.4163175542669787}. Best is trial 1136 with value: 0.3697957394188016.
checkpoint_e33 window_influence: 0.46030872708569875, penalty_k: 0.16302707734089766, scale_lr: 0.50058822033961048, EAO: 0.340
Trial 1786 finished with value: 0.33974503995379585 and parameters: {'window_influence': 0.46030872708569875, 'penalty_k': 0.16302707734089766, 'scale_lr': 0.5005882203396105}. Best is trial 1136 with value: 0.3697957394188016.
checkpoint_e33 window_influence: 0.58767985566373993, penalty_k: 0.18338819237297638, scale_lr: 0.60163939207012418, EAO: 0.258
Trial 1787 finished with value: 0.25824807584285736 and parameters: {'window_influence': 0.5876798556637399, 'penalty_k': 0.18338819237297638, 'scale_lr': 0.6016393920701242}. Best is trial 1136 with value: 0.3697957394188016.
checkpoint_e33 window_influence: 0.44567151958546442, penalty_k: 0.01924145405161284, scale_lr: 0.18629207794773803, EAO: 0.358
Trial 1788 finished with value: 0.3577999517843417 and parameters: {'window_influence': 0.4456715195854644, 'penalty_k': 0.019241454051612844, 'scale_lr': 0.18629207794773803}. Best is trial 1136 with value: 0.3697957394188016.
checkpoint_e33 window_influence: 0.43231102518488923, penalty_k: 0.05041629234928981, scale_lr: 0.43085333100469070, EAO: 0.340
Trial 1789 finished with value: 0.33989892094051793 and parameters: {'window_influence': 0.43231102518488923, 'penalty_k': 0.050416292349289814, 'scale_lr': 0.4308533310046907}. Best is trial 1136 with value: 0.3697957394188016.
checkpoint_e33 window_influence: 0.55747800063073050, penalty_k: 0.40053617215884557, scale_lr: 0.65121313180539231, EAO: 0.260
