Trial 666 finished with value: 0.29256096957722527 and parameters: {'window_influence': 0.2503468047084146, 'penalty_k': 0.05230349236209512, 'scale_lr': 0.2530076997231465}. Best is trial 128 with value: 0.3574732866732527.
checkpoint_e16 window_influence: 0.49675376526705572, penalty_k: 0.02199285885154152, scale_lr: 0.55461567692512148, EAO: 0.345
Trial 140 finished with value: 0.344820623847761 and parameters: {'window_influence': 0.4967537652670557, 'penalty_k': 0.021992858851541522, 'scale_lr': 0.5546156769251215}. Best is trial 90 with value: 0.360337203462764.
checkpoint_e16 window_influence: 0.44892336715763198, penalty_k: 0.03201184232490940, scale_lr: 0.27321749880293211, EAO: 0.344
Trial 667 finished with value: 0.34369275205794014 and parameters: {'window_influence': 0.448923367157632, 'penalty_k': 0.032011842324909404, 'scale_lr': 0.2732174988029321}. Best is trial 128 with value: 0.3574732866732527.
checkpoint_e16 window_influence: 0.49522877522518688, penalty_k: 0.02295028478050795, scale_lr: 0.56193102638175119, EAO: 0.336
Trial 141 finished with value: 0.3358126805682127 and parameters: {'window_influence': 0.4952287752251869, 'penalty_k': 0.022950284780507955, 'scale_lr': 0.5619310263817512}. Best is trial 90 with value: 0.360337203462764.
checkpoint_e16 window_influence: 0.53760783146727231, penalty_k: 0.31210461989012128, scale_lr: 0.26939186486863326, EAO: 0.292
Trial 668 finished with value: 0.2924156209838066 and parameters: {'window_influence': 0.5376078314672723, 'penalty_k': 0.3121046198901213, 'scale_lr': 0.26939186486863326}. Best is trial 128 with value: 0.3574732866732527.
checkpoint_e16 window_influence: 0.45794959361558535, penalty_k: 0.14574490541217600, scale_lr: 0.14077877041396120, EAO: 0.319
Trial 669 finished with value: 0.318895040435086 and parameters: {'window_influence': 0.45794959361558535, 'penalty_k': 0.145744905412176, 'scale_lr': 0.1407787704139612}. Best is trial 128 with value: 0.3574732866732527.
checkpoint_e16 window_influence: 0.47448516748770680, penalty_k: 0.01281522580049219, scale_lr: 0.58577292518238966, EAO: 0.314
Trial 142 finished with value: 0.3142491427724927 and parameters: {'window_influence': 0.4744851674877068, 'penalty_k': 0.012815225800492191, 'scale_lr': 0.5857729251823897}. Best is trial 90 with value: 0.360337203462764.
checkpoint_e16 window_influence: 0.22726443513660277, penalty_k: 0.21419956467496301, scale_lr: 0.27333751881857526, EAO: 0.295
Trial 670 finished with value: 0.29499627928093713 and parameters: {'window_influence': 0.22726443513660277, 'penalty_k': 0.214199564674963, 'scale_lr': 0.27333751881857526}. Best is trial 128 with value: 0.3574732866732527.
checkpoint_e16 window_influence: 0.50393099570101585, penalty_k: 0.03234976669414104, scale_lr: 0.52897133025074050, EAO: 0.346
Trial 143 finished with value: 0.34598137107804594 and parameters: {'window_influence': 0.5039309957010158, 'penalty_k': 0.03234976669414104, 'scale_lr': 0.5289713302507405}. Best is trial 90 with value: 0.360337203462764.
checkpoint_e16 window_influence: 0.47278121829463082, penalty_k: 0.13140691185578796, scale_lr: 0.24145748391167424, EAO: 0.324
Trial 671 finished with value: 0.3235083456053344 and parameters: {'window_influence': 0.4727812182946308, 'penalty_k': 0.13140691185578796, 'scale_lr': 0.24145748391167424}. Best is trial 128 with value: 0.3574732866732527.
checkpoint_e16 window_influence: 0.51140848743977430, penalty_k: 0.02937494426622013, scale_lr: 0.53286040164048820, EAO: 0.343
Trial 144 finished with value: 0.3430938652285342 and parameters: {'window_influence': 0.5114084874397743, 'penalty_k': 0.02937494426622013, 'scale_lr': 0.5328604016404882}. Best is trial 90 with value: 0.360337203462764.
checkpoint_e16 window_influence: 0.31755066048093888, penalty_k: 0.28537817730258230, scale_lr: 0.28040293498348717, EAO: 0.307
Trial 672 finished with value: 0.3074203792828994 and parameters: {'window_influence': 0.3175506604809389, 'penalty_k': 0.2853781773025823, 'scale_lr': 0.2804029349834872}. Best is trial 128 with value: 0.3574732866732527.
checkpoint_e16 window_influence: 0.51542237089808618, penalty_k: 0.04747492890049747, scale_lr: 0.59829350725385511, EAO: 0.319
Trial 145 finished with value: 0.31860753337232983 and parameters: {'window_influence': 0.5154223708980862, 'penalty_k': 0.04747492890049747, 'scale_lr': 0.5982935072538551}. Best is trial 90 with value: 0.360337203462764.
checkpoint_e16 window_influence: 0.51737832107422477, penalty_k: 0.17257193192834250, scale_lr: 0.25321797039429955, EAO: 0.316
Trial 673 finished with value: 0.31642909290029847 and parameters: {'window_influence': 0.5173783210742248, 'penalty_k': 0.1725719319283425, 'scale_lr': 0.25321797039429955}. Best is trial 128 with value: 0.3574732866732527.
checkpoint_e16 window_influence: 0.53493935554811367, penalty_k: 0.03331701182662206, scale_lr: 0.52882258613745925, EAO: 0.312
Trial 146 finished with value: 0.3117779147764124 and parameters: {'window_influence': 0.5349393555481137, 'penalty_k': 0.033317011826622056, 'scale_lr': 0.5288225861374592}. Best is trial 90 with value: 0.360337203462764.
checkpoint_e16 window_influence: 0.49251421505578641, penalty_k: 0.08348419514525629, scale_lr: 0.20551349832186810, EAO: 0.319
Trial 674 finished with value: 0.3190352915557906 and parameters: {'window_influence': 0.4925142150557864, 'penalty_k': 0.08348419514525629, 'scale_lr': 0.2055134983218681}. Best is trial 128 with value: 0.3574732866732527.
checkpoint_e16 window_influence: 0.50528170021834018, penalty_k: 0.07938606986152860, scale_lr: 0.54946255403773947, EAO: 0.316
Trial 147 finished with value: 0.31624948763893734 and parameters: {'window_influence': 0.5052817002183402, 'penalty_k': 0.0793860698615286, 'scale_lr': 0.5494625540377395}. Best is trial 90 with value: 0.360337203462764.
checkpoint_e16 window_influence: 0.45078299155758128, penalty_k: 0.03632044400388025, scale_lr: 0.28428594516437011, EAO: 0.317
Trial 675 finished with value: 0.31744381675228533 and parameters: {'window_influence': 0.4507829915575813, 'penalty_k': 0.03632044400388025, 'scale_lr': 0.2842859451643701}. Best is trial 128 with value: 0.3574732866732527.
checkpoint_e16 window_influence: 0.49496477293024521, penalty_k: 0.05844470996892575, scale_lr: 0.53441763132805264, EAO: 0.328
Trial 148 finished with value: 0.32787547095276504 and parameters: {'window_influence': 0.4949647729302452, 'penalty_k': 0.05844470996892575, 'scale_lr': 0.5344176313280526}. Best is trial 90 with value: 0.360337203462764.
checkpoint_e16 window_influence: 0.24525299810876372, penalty_k: 0.24358888854055499, scale_lr: 0.26320908340664373, EAO: 0.288
Trial 676 finished with value: 0.2875346262515287 and parameters: {'window_influence': 0.24525299810876372, 'penalty_k': 0.243588888540555, 'scale_lr': 0.26320908340664373}. Best is trial 128 with value: 0.3574732866732527.
checkpoint_e16 window_influence: 0.13451188930558391, penalty_k: 0.12338344874052230, scale_lr: 0.22849342242563067, EAO: 0.270
Trial 677 finished with value: 0.2697426031419739 and parameters: {'window_influence': 0.13451188930558391, 'penalty_k': 0.1233834487405223, 'scale_lr': 0.22849342242563067}. Best is trial 128 with value: 0.3574732866732527.
checkpoint_e16 window_influence: 0.50901393308424714, penalty_k: 0.02672871591342790, scale_lr: 0.57196640269707999, EAO: 0.326
Trial 149 finished with value: 0.3261887047309356 and parameters: {'window_influence': 0.5090139330842471, 'penalty_k': 0.026728715913427896, 'scale_lr': 0.57196640269708}. Best is trial 90 with value: 0.360337203462764.
checkpoint_e16 window_influence: 0.42280200022698283, penalty_k: 0.19008625654591693, scale_lr: 0.29136987571498996, EAO: 0.323
Trial 678 finished with value: 0.32273665360439613 and parameters: {'window_influence': 0.42280200022698283, 'penalty_k': 0.19008625654591693, 'scale_lr': 0.29136987571498996}. Best is trial 128 with value: 0.3574732866732527.
checkpoint_e16 window_influence: 0.52995806884109098, penalty_k: 0.04223557973334331, scale_lr: 0.55624065769282482, EAO: 0.312
Trial 150 finished with value: 0.3119314420779855 and parameters: {'window_influence': 0.529958068841091, 'penalty_k': 0.042235579733343305, 'scale_lr': 0.5562406576928248}. Best is trial 90 with value: 0.360337203462764.
checkpoint_e16 window_influence: 0.05237726782303292, penalty_k: 0.15176754616611848, scale_lr: 0.16729490660896795, EAO: 0.239
Trial 679 finished with value: 0.2387485253091916 and parameters: {'window_influence': 0.052377267823032925, 'penalty_k': 0.15176754616611848, 'scale_lr': 0.16729490660896795}. Best is trial 128 with value: 0.3574732866732527.
checkpoint_e16 window_influence: 0.46673050357978263, penalty_k: 0.00085065767077908, scale_lr: 0.49239826716140350, EAO: 0.368
Trial 151 finished with value: 0.3675458256140757 and parameters: {'window_influence': 0.46673050357978263, 'penalty_k': 0.0008506576707790828, 'scale_lr': 0.4923982671614035}. Best is trial 151 with value: 0.3675458256140757.
checkpoint_e16 window_influence: 0.47880301843546946, penalty_k: 0.06369041481118473, scale_lr: 0.50513220041425633, EAO: 0.318
Trial 680 finished with value: 0.318376177885653 and parameters: {'window_influence': 0.47880301843546946, 'penalty_k': 0.06369041481118473, 'scale_lr': 0.5051322004142563}. Best is trial 128 with value: 0.3574732866732527.
checkpoint_e16 window_influence: 0.54919907531273449, penalty_k: 0.02057758259727097, scale_lr: 0.49553822688936139, EAO: 0.299
Trial 152 finished with value: 0.298928489191059 and parameters: {'window_influence': 0.5491990753127345, 'penalty_k': 0.020577582597270973, 'scale_lr': 0.4955382268893614}. Best is trial 151 with value: 0.3675458256140757.
checkpoint_e16 window_influence: 0.38487570601540866, penalty_k: 0.10430849558913199, scale_lr: 0.30358885326165863, EAO: 0.329
Trial 681 finished with value: 0.32892348660801174 and parameters: {'window_influence': 0.38487570601540866, 'penalty_k': 0.104308495589132, 'scale_lr': 0.30358885326165863}. Best is trial 128 with value: 0.3574732866732527.
checkpoint_e16 window_influence: 0.46831344892469978, penalty_k: 0.03308836273733629, scale_lr: 0.48329186736896068, EAO: 0.325
Trial 153 finished with value: 0.3247618209063311 and parameters: {'window_influence': 0.4683134489246998, 'penalty_k': 0.033088362737336285, 'scale_lr': 0.4832918673689607}. Best is trial 151 with value: 0.3675458256140757.
checkpoint_e16 window_influence: 0.59217175666716071, penalty_k: 0.13747651412605802, scale_lr: 0.24708889722729505, EAO: 0.284
Trial 682 finished with value: 0.2842359331795214 and parameters: {'window_influence': 0.5921717566671607, 'penalty_k': 0.13747651412605802, 'scale_lr': 0.24708889722729505}. Best is trial 128 with value: 0.3574732866732527.
checkpoint_e16 window_influence: 0.48710247176886234, penalty_k: 0.01998046561985410, scale_lr: 0.52601061520589432, EAO: 0.343
Trial 154 finished with value: 0.34253887826366647 and parameters: {'window_influence': 0.48710247176886234, 'penalty_k': 0.0199804656198541, 'scale_lr': 0.5260106152058943}. Best is trial 151 with value: 0.3675458256140757.
checkpoint_e16 window_influence: 0.46350303739425519, penalty_k: 0.26948160428060070, scale_lr: 0.36746217707471918, EAO: 0.327
Trial 683 finished with value: 0.3265141358287418 and parameters: {'window_influence': 0.4635030373942552, 'penalty_k': 0.2694816042806007, 'scale_lr': 0.3674621770747192}. Best is trial 128 with value: 0.3574732866732527.
checkpoint_e16 window_influence: 0.48137939535152607, penalty_k: 0.22372320534412113, scale_lr: 0.46430599886277424, EAO: 0.336
Trial 155 finished with value: 0.335517114122554 and parameters: {'window_influence': 0.4813793953515261, 'penalty_k': 0.22372320534412113, 'scale_lr': 0.46430599886277424}. Best is trial 151 with value: 0.3675458256140757.
checkpoint_e16 window_influence: 0.19387147462250523, penalty_k: 0.43064910454573002, scale_lr: 0.21174347743801353, EAO: 0.257
Trial 684 finished with value: 0.2571062046730101 and parameters: {'window_influence': 0.19387147462250523, 'penalty_k': 0.43064910454573, 'scale_lr': 0.21174347743801353}. Best is trial 128 with value: 0.3574732866732527.
checkpoint_e16 window_influence: 0.43801202785529714, penalty_k: 0.20093470378546963, scale_lr: 0.52393392366844616, EAO: 0.309
Trial 156 finished with value: 0.30906193665725246 and parameters: {'window_influence': 0.43801202785529714, 'penalty_k': 0.20093470378546963, 'scale_lr': 0.5239339236684462}. Best is trial 151 with value: 0.3675458256140757.
checkpoint_e16 window_influence: 0.55478359303473401, penalty_k: 0.16330466763682069, scale_lr: 0.12673496344209034, EAO: 0.281
Trial 685 finished with value: 0.2812767251456294 and parameters: {'window_influence': 0.554783593034734, 'penalty_k': 0.1633046676368207, 'scale_lr': 0.12673496344209034}. Best is trial 128 with value: 0.3574732866732527.
checkpoint_e16 window_influence: 0.43109973072080199, penalty_k: 0.29417988439277204, scale_lr: 0.26794682012671778, EAO: 0.323
Trial 686 finished with value: 0.3229108144916913 and parameters: {'window_influence': 0.431099730720802, 'penalty_k': 0.29417988439277204, 'scale_lr': 0.2679468201267178}. Best is trial 128 with value: 0.3574732866732527.
checkpoint_e16 window_influence: 0.46064010124835642, penalty_k: 0.15985545555007619, scale_lr: 0.54140480033626426, EAO: 0.313
Trial 157 finished with value: 0.312643357983823 and parameters: {'window_influence': 0.4606401012483564, 'penalty_k': 0.1598554555500762, 'scale_lr': 0.5414048003362643}. Best is trial 151 with value: 0.3675458256140757.
checkpoint_e16 window_influence: 0.44558555781535170, penalty_k: 0.01014334409743754, scale_lr: 0.34364733992807434, EAO: 0.340
Trial 687 finished with value: 0.33954653283037567 and parameters: {'window_influence': 0.4455855578153517, 'penalty_k': 0.01014334409743754, 'scale_lr': 0.34364733992807434}. Best is trial 128 with value: 0.3574732866732527.
checkpoint_e16 window_influence: 0.42437983269478502, penalty_k: 0.05149167223835726, scale_lr: 0.48873827532041081, EAO: 0.349
Trial 158 finished with value: 0.3485730964154121 and parameters: {'window_influence': 0.424379832694785, 'penalty_k': 0.05149167223835726, 'scale_lr': 0.4887382753204108}. Best is trial 151 with value: 0.3675458256140757.
checkpoint_e16 window_influence: 0.35487988878630750, penalty_k: 0.51673397376159103, scale_lr: 0.29818649513611073, EAO: 0.299
Trial 688 finished with value: 0.2992506340320008 and parameters: {'window_influence': 0.3548798887863075, 'penalty_k': 0.516733973761591, 'scale_lr': 0.29818649513611073}. Best is trial 128 with value: 0.3574732866732527.
checkpoint_e16 window_influence: 0.48852239988312063, penalty_k: 0.07025364534231356, scale_lr: 0.49384859428038463, EAO: 0.332
Trial 159 finished with value: 0.33229221380406315 and parameters: {'window_influence': 0.48852239988312063, 'penalty_k': 0.07025364534231356, 'scale_lr': 0.49384859428038463}. Best is trial 151 with value: 0.3675458256140757.
checkpoint_e16 window_influence: 0.39706268925898436, penalty_k: 0.11786347898159140, scale_lr: 0.27733986751187611, EAO: 0.326
Trial 689 finished with value: 0.3255013139331387 and parameters: {'window_influence': 0.39706268925898436, 'penalty_k': 0.1178634789815914, 'scale_lr': 0.2773398675118761}. Best is trial 128 with value: 0.3574732866732527.
checkpoint_e16 window_influence: 0.52197799737503270, penalty_k: 0.05350341971867049, scale_lr: 0.47980361339552047, EAO: 0.322
Trial 160 finished with value: 0.32161750966240926 and parameters: {'window_influence': 0.5219779973750327, 'penalty_k': 0.05350341971867049, 'scale_lr': 0.47980361339552047}. Best is trial 151 with value: 0.3675458256140757.
checkpoint_e16 window_influence: 0.46726480934090681, penalty_k: 0.09662687452262415, scale_lr: 0.33153114416700696, EAO: 0.329
Trial 690 finished with value: 0.32934197551545463 and parameters: {'window_influence': 0.4672648093409068, 'penalty_k': 0.09662687452262415, 'scale_lr': 0.33153114416700696}. Best is trial 128 with value: 0.3574732866732527.
checkpoint_e16 window_influence: 0.42680527055670181, penalty_k: 0.02159982286572060, scale_lr: 0.51738398145991882, EAO: 0.326
Trial 161 finished with value: 0.32608569497496237 and parameters: {'window_influence': 0.4268052705567018, 'penalty_k': 0.021599822865720597, 'scale_lr': 0.5173839814599188}. Best is trial 151 with value: 0.3675458256140757.
checkpoint_e16 window_influence: 0.50624499584233884, penalty_k: 0.17669878026295627, scale_lr: 0.56827118593110371, EAO: 0.301
Trial 691 finished with value: 0.3008505702018738 and parameters: {'window_influence': 0.5062449958423388, 'penalty_k': 0.17669878026295627, 'scale_lr': 0.5682711859311037}. Best is trial 128 with value: 0.3574732866732527.
checkpoint_e16 window_influence: 0.45326224527226733, penalty_k: 0.03883880770098813, scale_lr: 0.50146275101601800, EAO: 0.328
Trial 162 finished with value: 0.3280811761487783 and parameters: {'window_influence': 0.45326224527226733, 'penalty_k': 0.03883880770098813, 'scale_lr': 0.501462751016018}. Best is trial 151 with value: 0.3675458256140757.
checkpoint_e16 window_influence: 0.07181537718788844, penalty_k: 0.14710960691024330, scale_lr: 0.23783577076736143, EAO: 0.257
Trial 692 finished with value: 0.25657908908356025 and parameters: {'window_influence': 0.07181537718788844, 'penalty_k': 0.1471096069102433, 'scale_lr': 0.23783577076736143}. Best is trial 128 with value: 0.3574732866732527.
checkpoint_e16 window_influence: 0.39853374080742793, penalty_k: 0.01353414106639026, scale_lr: 0.45788736158391014, EAO: 0.322
Trial 163 finished with value: 0.3224665238467636 and parameters: {'window_influence': 0.3985337408074279, 'penalty_k': 0.013534141066390261, 'scale_lr': 0.45788736158391014}. Best is trial 151 with value: 0.3675458256140757.
checkpoint_e16 window_influence: 0.27061528075084068, penalty_k: 0.04173316378939500, scale_lr: 0.22051540047764567, EAO: 0.309
Trial 693 finished with value: 0.30903628126424576 and parameters: {'window_influence': 0.2706152807508407, 'penalty_k': 0.041733163789395004, 'scale_lr': 0.22051540047764567}. Best is trial 128 with value: 0.3574732866732527.
checkpoint_e16 window_influence: 0.42505665759152450, penalty_k: 0.26499457548948357, scale_lr: 0.51705153095163936, EAO: 0.304
Trial 164 finished with value: 0.30448713573964187 and parameters: {'window_influence': 0.4250566575915245, 'penalty_k': 0.2649945754894836, 'scale_lr': 0.5170515309516394}. Best is trial 151 with value: 0.3675458256140757.
checkpoint_e16 window_influence: 0.41433719616919118, penalty_k: 0.07552335745763145, scale_lr: 0.10028982328018393, EAO: 0.324
Trial 694 finished with value: 0.323640789039404 and parameters: {'window_influence': 0.4143371961691912, 'penalty_k': 0.07552335745763145, 'scale_lr': 0.10028982328018393}. Best is trial 128 with value: 0.3574732866732527.
checkpoint_e16 window_influence: 0.22134300333858264, penalty_k: 0.19922454971893525, scale_lr: 0.40615557395770807, EAO: 0.289
Trial 695 finished with value: 0.289351410670967 and parameters: {'window_influence': 0.22134300333858264, 'penalty_k': 0.19922454971893525, 'scale_lr': 0.40615557395770807}. Best is trial 128 with value: 0.3574732866732527.
checkpoint_e16 window_influence: 0.47055504711457502, penalty_k: 0.00045542009487196, scale_lr: 0.48724489573636565, EAO: 0.326
Trial 165 finished with value: 0.3262680028547109 and parameters: {'window_influence': 0.470555047114575, 'penalty_k': 0.00045542009487195903, 'scale_lr': 0.48724489573636565}. Best is trial 151 with value: 0.3675458256140757.
checkpoint_e16 window_influence: 0.48482082343713362, penalty_k: 0.02930615663319009, scale_lr: 0.30901202094008534, EAO: 0.316
Trial 696 finished with value: 0.31584070506958645 and parameters: {'window_influence': 0.4848208234371336, 'penalty_k': 0.02930615663319009, 'scale_lr': 0.30901202094008534}. Best is trial 128 with value: 0.3574732866732527.
checkpoint_e16 window_influence: 0.43957228079773375, penalty_k: 0.04626441232088440, scale_lr: 0.53657867061471543, EAO: 0.342
Trial 166 finished with value: 0.3418914623529531 and parameters: {'window_influence': 0.43957228079773375, 'penalty_k': 0.0462644123208844, 'scale_lr': 0.5365786706147154}. Best is trial 151 with value: 0.3675458256140757.
checkpoint_e16 window_influence: 0.43698346717028380, penalty_k: 0.13319959761489975, scale_lr: 0.19414943088532138, EAO: 0.331
Trial 697 finished with value: 0.3312291606159062 and parameters: {'window_influence': 0.4369834671702838, 'penalty_k': 0.13319959761489975, 'scale_lr': 0.19414943088532138}. Best is trial 128 with value: 0.3574732866732527.
checkpoint_e16 window_influence: 0.44550555870535824, penalty_k: 0.05713116130886012, scale_lr: 0.47107750617643318, EAO: 0.319
Trial 167 finished with value: 0.3188297131646004 and parameters: {'window_influence': 0.44550555870535824, 'penalty_k': 0.05713116130886012, 'scale_lr': 0.4710775061764332}. Best is trial 151 with value: 0.3675458256140757.
checkpoint_e16 window_influence: 0.25908013438986843, penalty_k: 0.15623411314708521, scale_lr: 0.26177566363111804, EAO: 0.297
Trial 698 finished with value: 0.29718544597987534 and parameters: {'window_influence': 0.25908013438986843, 'penalty_k': 0.1562341131470852, 'scale_lr': 0.26177566363111804}. Best is trial 128 with value: 0.3574732866732527.
checkpoint_e16 window_influence: 0.48866374370123833, penalty_k: 0.04472628271403620, scale_lr: 0.42534022328652726, EAO: 0.320
Trial 168 finished with value: 0.31955707276145773 and parameters: {'window_influence': 0.48866374370123833, 'penalty_k': 0.0447262827140362, 'scale_lr': 0.42534022328652726}. Best is trial 151 with value: 0.3675458256140757.
checkpoint_e16 window_influence: 0.45452544323805499, penalty_k: 0.25083649655976636, scale_lr: 0.35152452853114724, EAO: 0.322
