Trial 948 finished with value: 0.2985943641064232 and parameters: {'window_influence': 0.3681021493412706, 'penalty_k': 0.40687405072509303, 'scale_lr': 0.30024830328322366}. Best is trial 374 with value: 0.3602400896382239.
checkpoint_e24 window_influence: 0.46967029208645689, penalty_k: 0.26812200207339626, scale_lr: 0.26393821564791825, EAO: 0.320
Trial 949 finished with value: 0.3196671674687575 and parameters: {'window_influence': 0.4696702920864569, 'penalty_k': 0.26812200207339626, 'scale_lr': 0.26393821564791825}. Best is trial 374 with value: 0.3602400896382239.
checkpoint_e24 window_influence: 0.41779813750668565, penalty_k: 0.22490320776244066, scale_lr: 0.60112988122840527, EAO: 0.302
Trial 950 finished with value: 0.30196199308109656 and parameters: {'window_influence': 0.41779813750668565, 'penalty_k': 0.22490320776244066, 'scale_lr': 0.6011298812284053}. Best is trial 374 with value: 0.3602400896382239.
checkpoint_e24 window_influence: 0.44230511634947811, penalty_k: 0.42985621246908334, scale_lr: 0.32454545728033912, EAO: 0.323
Trial 951 finished with value: 0.3227163614697957 and parameters: {'window_influence': 0.4423051163494781, 'penalty_k': 0.42985621246908334, 'scale_lr': 0.3245454572803391}. Best is trial 374 with value: 0.3602400896382239.
checkpoint_e24 window_influence: 0.32929780567879285, penalty_k: 0.24677620635324371, scale_lr: 0.49410604328330809, EAO: 0.304
Trial 952 finished with value: 0.30442098044003957 and parameters: {'window_influence': 0.32929780567879285, 'penalty_k': 0.2467762063532437, 'scale_lr': 0.4941060432833081}. Best is trial 374 with value: 0.3602400896382239.
checkpoint_e24 window_influence: 0.61279794249734565, penalty_k: 0.17998878451833433, scale_lr: 0.53775136295081272, EAO: 0.241
Trial 953 finished with value: 0.24068467910419641 and parameters: {'window_influence': 0.6127979424973456, 'penalty_k': 0.17998878451833433, 'scale_lr': 0.5377513629508127}. Best is trial 374 with value: 0.3602400896382239.
checkpoint_e24 window_influence: 0.50055199411452389, penalty_k: 0.06400693340997324, scale_lr: 0.30400056547332877, EAO: 0.329
Trial 954 finished with value: 0.32914156429034724 and parameters: {'window_influence': 0.5005519941145239, 'penalty_k': 0.06400693340997324, 'scale_lr': 0.30400056547332877}. Best is trial 374 with value: 0.3602400896382239.
checkpoint_e24 window_influence: 0.46393116564665038, penalty_k: 0.03464332057580607, scale_lr: 0.63143679263381425, EAO: 0.329
Trial 955 finished with value: 0.32884189683639586 and parameters: {'window_influence': 0.4639311656466504, 'penalty_k': 0.03464332057580607, 'scale_lr': 0.6314367926338142}. Best is trial 374 with value: 0.3602400896382239.
checkpoint_e24 window_influence: 0.48137331742812312, penalty_k: 0.56167217095689603, scale_lr: 0.66229232822123318, EAO: 0.322
Trial 956 finished with value: 0.3215450780748857 and parameters: {'window_influence': 0.4813733174281231, 'penalty_k': 0.561672170956896, 'scale_lr': 0.6622923282212332}. Best is trial 374 with value: 0.3602400896382239.
checkpoint_e24 window_influence: 0.44994893297373761, penalty_k: 0.19010278291663532, scale_lr: 0.51802169162977663, EAO: 0.336
Trial 957 finished with value: 0.33597952765249556 and parameters: {'window_influence': 0.4499489329737376, 'penalty_k': 0.19010278291663532, 'scale_lr': 0.5180216916297766}. Best is trial 374 with value: 0.3602400896382239.
checkpoint_e24 window_influence: 0.60366631108478508, penalty_k: 0.53605919630270149, scale_lr: 0.17214613888152974, EAO: 0.228
Trial 958 finished with value: 0.22822266834487248 and parameters: {'window_influence': 0.6036663110847851, 'penalty_k': 0.5360591963027015, 'scale_lr': 0.17214613888152974}. Best is trial 374 with value: 0.3602400896382239.
checkpoint_e24 window_influence: 0.49128516612082007, penalty_k: 0.00025462899228533, scale_lr: 0.57403514433008040, EAO: 0.313
Trial 959 finished with value: 0.31306023408698663 and parameters: {'window_influence': 0.49128516612082007, 'penalty_k': 0.00025462899228533356, 'scale_lr': 0.5740351443300804}. Best is trial 374 with value: 0.3602400896382239.
checkpoint_e24 window_influence: 0.43370240486037481, penalty_k: 0.29473840191817746, scale_lr: 0.71354088627003176, EAO: 0.316
Trial 960 finished with value: 0.31626086725567104 and parameters: {'window_influence': 0.4337024048603748, 'penalty_k': 0.29473840191817746, 'scale_lr': 0.7135408862700318}. Best is trial 374 with value: 0.3602400896382239.
checkpoint_e24 window_influence: 0.51541245339391384, penalty_k: 0.14889138479333550, scale_lr: 0.55580320507816383, EAO: 0.311
Trial 961 finished with value: 0.31052100316327835 and parameters: {'window_influence': 0.5154124533939138, 'penalty_k': 0.1488913847933355, 'scale_lr': 0.5558032050781638}. Best is trial 374 with value: 0.3602400896382239.
checkpoint_e24 window_influence: 0.47312897867137710, penalty_k: 0.21326554054415467, scale_lr: 0.47581021526768497, EAO: 0.306
Trial 962 finished with value: 0.3059161895675882 and parameters: {'window_influence': 0.4731289786713771, 'penalty_k': 0.21326554054415467, 'scale_lr': 0.47581021526768497}. Best is trial 374 with value: 0.3602400896382239.
checkpoint_e24 window_influence: 0.09248616773907692, penalty_k: 0.45361643494805387, scale_lr: 0.61995883432373455, EAO: 0.244
Trial 963 finished with value: 0.24390547012308691 and parameters: {'window_influence': 0.09248616773907692, 'penalty_k': 0.45361643494805387, 'scale_lr': 0.6199588343237346}. Best is trial 374 with value: 0.3602400896382239.
checkpoint_e24 window_influence: 0.30209363902322606, penalty_k: 0.05022035915159168, scale_lr: 0.32125083986871922, EAO: 0.318
Trial 964 finished with value: 0.3179018464417773 and parameters: {'window_influence': 0.30209363902322606, 'penalty_k': 0.050220359151591676, 'scale_lr': 0.3212508398687192}. Best is trial 374 with value: 0.3602400896382239.
checkpoint_e24 window_influence: 0.11623877109678948, penalty_k: 0.54626835169668053, scale_lr: 0.64651908493356314, EAO: 0.261
Trial 965 finished with value: 0.260697830801808 and parameters: {'window_influence': 0.11623877109678948, 'penalty_k': 0.5462683516966805, 'scale_lr': 0.6465190849335631}. Best is trial 374 with value: 0.3602400896382239.
checkpoint_e24 window_influence: 0.23849450652473786, penalty_k: 0.51417492597241743, scale_lr: 0.53259329091063823, EAO: 0.288
Trial 966 finished with value: 0.2880464606132025 and parameters: {'window_influence': 0.23849450652473786, 'penalty_k': 0.5141749259724174, 'scale_lr': 0.5325932909106382}. Best is trial 374 with value: 0.3602400896382239.
checkpoint_e24 window_influence: 0.27591350557131455, penalty_k: 0.38104462798702848, scale_lr: 0.50353235909043059, EAO: 0.304
Trial 967 finished with value: 0.30372555803232154 and parameters: {'window_influence': 0.27591350557131455, 'penalty_k': 0.3810446279870285, 'scale_lr': 0.5035323590904306}. Best is trial 374 with value: 0.3602400896382239.
checkpoint_e24 window_influence: 0.45983830861239394, penalty_k: 0.41671253377583373, scale_lr: 0.74730956277317573, EAO: 0.326
Trial 968 finished with value: 0.3263129471340996 and parameters: {'window_influence': 0.45983830861239394, 'penalty_k': 0.4167125337758337, 'scale_lr': 0.7473095627731757}. Best is trial 374 with value: 0.3602400896382239.
checkpoint_e24 window_influence: 0.17485937538260235, penalty_k: 0.35835846962101081, scale_lr: 0.45598692757544385, EAO: 0.279
Trial 969 finished with value: 0.2788231858715473 and parameters: {'window_influence': 0.17485937538260235, 'penalty_k': 0.3583584696210108, 'scale_lr': 0.45598692757544385}. Best is trial 374 with value: 0.3602400896382239.
checkpoint_e24 window_influence: 0.36186177299684807, penalty_k: 0.58673600092003364, scale_lr: 0.68245187201385649, EAO: 0.301
Trial 970 finished with value: 0.30059607640082736 and parameters: {'window_influence': 0.3618617729968481, 'penalty_k': 0.5867360009200336, 'scale_lr': 0.6824518720138565}. Best is trial 374 with value: 0.3602400896382239.
checkpoint_e24 window_influence: 0.07135649310333791, penalty_k: 0.47323115977472552, scale_lr: 0.51904705153058661, EAO: 0.220
Trial 971 finished with value: 0.22029142110728103 and parameters: {'window_influence': 0.07135649310333791, 'penalty_k': 0.4732311597747255, 'scale_lr': 0.5190470515305866}. Best is trial 374 with value: 0.3602400896382239.
checkpoint_e24 window_influence: 0.58459169478325901, penalty_k: 0.27589138859340023, scale_lr: 0.18502108886678509, EAO: 0.268
Trial 972 finished with value: 0.2682997910197143 and parameters: {'window_influence': 0.584591694783259, 'penalty_k': 0.27589138859340023, 'scale_lr': 0.1850210888667851}. Best is trial 374 with value: 0.3602400896382239.
checkpoint_e24 window_influence: 0.50212092361292138, penalty_k: 0.26056411162430532, scale_lr: 0.69873891646468334, EAO: 0.316
Trial 973 finished with value: 0.3164639621393226 and parameters: {'window_influence': 0.5021209236129214, 'penalty_k': 0.2605641116243053, 'scale_lr': 0.6987389164646833}. Best is trial 374 with value: 0.3602400896382239.
checkpoint_e24 window_influence: 0.34122370192640550, penalty_k: 0.33228794694965552, scale_lr: 0.60767705042527120, EAO: 0.327
Trial 974 finished with value: 0.3271803970698717 and parameters: {'window_influence': 0.3412237019264055, 'penalty_k': 0.3322879469496555, 'scale_lr': 0.6076770504252712}. Best is trial 374 with value: 0.3602400896382239.
checkpoint_e24 window_influence: 0.44893023655068132, penalty_k: 0.31294814419239020, scale_lr: 0.54804262353565125, EAO: 0.318
Trial 975 finished with value: 0.3182549408785564 and parameters: {'window_influence': 0.4489302365506813, 'penalty_k': 0.3129481441923902, 'scale_lr': 0.5480426235356513}. Best is trial 374 with value: 0.3602400896382239.
checkpoint_e24 window_influence: 0.42041976996736291, penalty_k: 0.07296654832333306, scale_lr: 0.49110045742145736, EAO: 0.311
Trial 976 finished with value: 0.3107892695799876 and parameters: {'window_influence': 0.4204197699673629, 'penalty_k': 0.07296654832333306, 'scale_lr': 0.49110045742145736}. Best is trial 374 with value: 0.3602400896382239.
checkpoint_e24 window_influence: 0.53204371042705623, penalty_k: 0.43276821795598075, scale_lr: 0.23155251951193040, EAO: 0.288
Trial 977 finished with value: 0.2876757145623753 and parameters: {'window_influence': 0.5320437104270562, 'penalty_k': 0.43276821795598075, 'scale_lr': 0.2315525195119304}. Best is trial 374 with value: 0.3602400896382239.
checkpoint_e24 window_influence: 0.47793751870291629, penalty_k: 0.49336251539332321, scale_lr: 0.58288304125834978, EAO: 0.320
Trial 978 finished with value: 0.3204185273860679 and parameters: {'window_influence': 0.4779375187029163, 'penalty_k': 0.4933625153933232, 'scale_lr': 0.5828830412583498}. Best is trial 374 with value: 0.3602400896382239.
checkpoint_e24 window_influence: 0.48905505625457540, penalty_k: 0.39763825716014095, scale_lr: 0.51478933663155924, EAO: 0.329
Trial 979 finished with value: 0.32875623452524266 and parameters: {'window_influence': 0.4890550562545754, 'penalty_k': 0.39763825716014095, 'scale_lr': 0.5147893366315592}. Best is trial 374 with value: 0.3602400896382239.
checkpoint_e24 window_influence: 0.38767394656075504, penalty_k: 0.24108673293086594, scale_lr: 0.52962778633990326, EAO: 0.315
Trial 980 finished with value: 0.31542587680343526 and parameters: {'window_influence': 0.38767394656075504, 'penalty_k': 0.24108673293086594, 'scale_lr': 0.5296277863399033}. Best is trial 374 with value: 0.3602400896382239.
checkpoint_e24 window_influence: 0.14013789889085038, penalty_k: 0.40767075471520053, scale_lr: 0.56218293612860182, EAO: 0.268
Trial 981 finished with value: 0.267869619138046 and parameters: {'window_influence': 0.14013789889085038, 'penalty_k': 0.40767075471520053, 'scale_lr': 0.5621829361286018}. Best is trial 374 with value: 0.3602400896382239.
checkpoint_e24 window_influence: 0.37949941080133415, penalty_k: 0.17171395699967801, scale_lr: 0.50531418939453765, EAO: 0.309
Trial 982 finished with value: 0.3089270272259582 and parameters: {'window_influence': 0.37949941080133415, 'penalty_k': 0.171713956999678, 'scale_lr': 0.5053141893945376}. Best is trial 374 with value: 0.3602400896382239.
checkpoint_e24 window_influence: 0.31501641467255392, penalty_k: 0.52854375398572917, scale_lr: 0.54117337609582283, EAO: 0.302
Trial 983 finished with value: 0.30157849621679994 and parameters: {'window_influence': 0.3150164146725539, 'penalty_k': 0.5285437539857292, 'scale_lr': 0.5411733760958228}. Best is trial 374 with value: 0.3602400896382239.
checkpoint_e24 window_influence: 0.46213174621306274, penalty_k: 0.19399036624738356, scale_lr: 0.27669213994530256, EAO: 0.310
Trial 984 finished with value: 0.3103172067654272 and parameters: {'window_influence': 0.46213174621306274, 'penalty_k': 0.19399036624738356, 'scale_lr': 0.27669213994530256}. Best is trial 374 with value: 0.3602400896382239.
checkpoint_e24 window_influence: 0.18514972098067264, penalty_k: 0.28880315807413098, scale_lr: 0.31189016423885008, EAO: 0.278
Trial 985 finished with value: 0.2777632018007657 and parameters: {'window_influence': 0.18514972098067264, 'penalty_k': 0.288803158074131, 'scale_lr': 0.3118901642388501}. Best is trial 374 with value: 0.3602400896382239.
checkpoint_e24 window_influence: 0.43335797130893539, penalty_k: 0.23169953017082207, scale_lr: 0.47109784267709942, EAO: 0.309
Trial 986 finished with value: 0.3088154918024976 and parameters: {'window_influence': 0.4333579713089354, 'penalty_k': 0.23169953017082207, 'scale_lr': 0.4710978426770994}. Best is trial 374 with value: 0.3602400896382239.
checkpoint_e24 window_influence: 0.47208299445997320, penalty_k: 0.01428451208670448, scale_lr: 0.59576865230871590, EAO: 0.331
Trial 987 finished with value: 0.3307320122472971 and parameters: {'window_influence': 0.4720829944599732, 'penalty_k': 0.014284512086704483, 'scale_lr': 0.5957686523087159}. Best is trial 374 with value: 0.3602400896382239.
checkpoint_e24 window_influence: 0.29200027106712179, penalty_k: 0.56284594409151989, scale_lr: 0.34665185023500888, EAO: 0.306
Trial 988 finished with value: 0.30562005177546103 and parameters: {'window_influence': 0.2920002710671218, 'penalty_k': 0.5628459440915199, 'scale_lr': 0.3466518502350089}. Best is trial 374 with value: 0.3602400896382239.
checkpoint_e24 window_influence: 0.44585438036198105, penalty_k: 0.21513477472037648, scale_lr: 0.44007040897676475, EAO: 0.310
Trial 989 finished with value: 0.31019447917836185 and parameters: {'window_influence': 0.44585438036198105, 'penalty_k': 0.21513477472037648, 'scale_lr': 0.44007040897676475}. Best is trial 374 with value: 0.3602400896382239.
checkpoint_e24 window_influence: 0.50625099231537574, penalty_k: 0.24982363335262842, scale_lr: 0.48921471997863908, EAO: 0.303
Trial 990 finished with value: 0.3034568965898877 and parameters: {'window_influence': 0.5062509923153757, 'penalty_k': 0.24982363335262842, 'scale_lr': 0.4892147199786391}. Best is trial 374 with value: 0.3602400896382239.
checkpoint_e24 window_influence: 0.40518393849578849, penalty_k: 0.34661184613920781, scale_lr: 0.62395691621020410, EAO: 0.317
Trial 991 finished with value: 0.31702517860130575 and parameters: {'window_influence': 0.4051839384957885, 'penalty_k': 0.3466118461392078, 'scale_lr': 0.6239569162102041}. Best is trial 374 with value: 0.3602400896382239.
checkpoint_e24 window_influence: 0.48628405075445086, penalty_k: 0.45591888110323514, scale_lr: 0.78441129654231834, EAO: 0.321
Trial 992 finished with value: 0.3207577531903634 and parameters: {'window_influence': 0.48628405075445086, 'penalty_k': 0.45591888110323514, 'scale_lr': 0.7844112965423183}. Best is trial 374 with value: 0.3602400896382239.
checkpoint_e24 window_influence: 0.56966058801442121, penalty_k: 0.13637770077108236, scale_lr: 0.40438206368551755, EAO: 0.286
Trial 993 finished with value: 0.2864306136559883 and parameters: {'window_influence': 0.5696605880144212, 'penalty_k': 0.13637770077108236, 'scale_lr': 0.40438206368551755}. Best is trial 374 with value: 0.3602400896382239.
checkpoint_e24 window_influence: 0.45803869938826552, penalty_k: 0.42421618063370553, scale_lr: 0.15291996860727614, EAO: 0.293
Trial 994 finished with value: 0.2929533663194931 and parameters: {'window_influence': 0.4580386993882655, 'penalty_k': 0.42421618063370553, 'scale_lr': 0.15291996860727614}. Best is trial 374 with value: 0.3602400896382239.
checkpoint_e24 window_influence: 0.26707430246919983, penalty_k: 0.37367339610003025, scale_lr: 0.52888536522368590, EAO: 0.298
Trial 995 finished with value: 0.29838594371010824 and parameters: {'window_influence': 0.26707430246919983, 'penalty_k': 0.37367339610003025, 'scale_lr': 0.5288853652236859}. Best is trial 374 with value: 0.3602400896382239.
checkpoint_e24 window_influence: 0.47310034090118941, penalty_k: 0.03015096146791537, scale_lr: 0.67142037157785173, EAO: 0.315
Trial 996 finished with value: 0.3145687145249853 and parameters: {'window_influence': 0.4731003409011894, 'penalty_k': 0.030150961467915367, 'scale_lr': 0.6714203715778517}. Best is trial 374 with value: 0.3602400896382239.
checkpoint_e24 window_influence: 0.49664037973110892, penalty_k: 0.06000779031610745, scale_lr: 0.76584160600529505, EAO: 0.324
Trial 997 finished with value: 0.3243372067519199 and parameters: {'window_influence': 0.4966403797311089, 'penalty_k': 0.06000779031610745, 'scale_lr': 0.765841606005295}. Best is trial 374 with value: 0.3602400896382239.
checkpoint_e24 window_influence: 0.43971043594831788, penalty_k: 0.15490414831967758, scale_lr: 0.51313623674015074, EAO: 0.310
Trial 998 finished with value: 0.310299651574068 and parameters: {'window_influence': 0.4397104359483179, 'penalty_k': 0.15490414831967758, 'scale_lr': 0.5131362367401507}. Best is trial 374 with value: 0.3602400896382239.
checkpoint_e24 window_influence: 0.46417928611579790, penalty_k: 0.38981447414196940, scale_lr: 0.65230691329699231, EAO: 0.323
Trial 999 finished with value: 0.32297599118507325 and parameters: {'window_influence': 0.4641792861157979, 'penalty_k': 0.3898144741419694, 'scale_lr': 0.6523069132969923}. Best is trial 374 with value: 0.3602400896382239.
checkpoint_e24 window_influence: 0.51829316899763478, penalty_k: 0.54737922394293759, scale_lr: 0.38574218979288072, EAO: 0.292
Trial 1000 finished with value: 0.29220242038775046 and parameters: {'window_influence': 0.5182931689976348, 'penalty_k': 0.5473792239429376, 'scale_lr': 0.3857421897928807}. Best is trial 374 with value: 0.3602400896382239.
checkpoint_e24 window_influence: 0.48142222656746864, penalty_k: 0.30121877930143648, scale_lr: 0.24458031317346485, EAO: 0.299
Trial 1001 finished with value: 0.2991025215920771 and parameters: {'window_influence': 0.48142222656746864, 'penalty_k': 0.3012187793014365, 'scale_lr': 0.24458031317346485}. Best is trial 374 with value: 0.3602400896382239.
checkpoint_e24 window_influence: 0.10745778692195343, penalty_k: 0.52184237659226451, scale_lr: 0.57224730699938131, EAO: 0.244
Trial 1002 finished with value: 0.244459398467717 and parameters: {'window_influence': 0.10745778692195343, 'penalty_k': 0.5218423765922645, 'scale_lr': 0.5722473069993813}. Best is trial 374 with value: 0.3602400896382239.
checkpoint_e24 window_influence: 0.42365547438257484, penalty_k: 0.44180817408629935, scale_lr: 0.49880854369048799, EAO: 0.316
Trial 1003 finished with value: 0.3162879572188344 and parameters: {'window_influence': 0.42365547438257484, 'penalty_k': 0.44180817408629935, 'scale_lr': 0.498808543690488}. Best is trial 374 with value: 0.3602400896382239.
checkpoint_e24 window_influence: 0.34954726263942043, penalty_k: 0.46595471124878846, scale_lr: 0.72294409168829366, EAO: 0.304
Trial 1004 finished with value: 0.30373370282149037 and parameters: {'window_influence': 0.34954726263942043, 'penalty_k': 0.46595471124878846, 'scale_lr': 0.7229440916882937}. Best is trial 374 with value: 0.3602400896382239.
checkpoint_e24 window_influence: 0.44967334924610292, penalty_k: 0.07642704364854649, scale_lr: 0.54081651577125034, EAO: 0.333
Trial 1005 finished with value: 0.3326487821827603 and parameters: {'window_influence': 0.4496733492461029, 'penalty_k': 0.0764270436485465, 'scale_lr': 0.5408165157712503}. Best is trial 374 with value: 0.3602400896382239.
checkpoint_e24 window_influence: 0.49078818421388171, penalty_k: 0.20394221508589147, scale_lr: 0.59364105410428181, EAO: 0.316
Trial 1006 finished with value: 0.31647192347606334 and parameters: {'window_influence': 0.4907881842138817, 'penalty_k': 0.20394221508589147, 'scale_lr': 0.5936410541042818}. Best is trial 374 with value: 0.3602400896382239.
checkpoint_e24 window_influence: 0.50311566717852207, penalty_k: 0.50443237497161619, scale_lr: 0.64154642593469391, EAO: 0.299
Trial 1007 finished with value: 0.29852723304167794 and parameters: {'window_influence': 0.5031156671785221, 'penalty_k': 0.5044323749716162, 'scale_lr': 0.6415464259346939}. Best is trial 374 with value: 0.3602400896382239.
checkpoint_e24 window_influence: 0.22310639638982779, penalty_k: 0.18563958927668536, scale_lr: 0.73959116399004676, EAO: 0.291
Trial 1008 finished with value: 0.2909387800016292 and parameters: {'window_influence': 0.2231063963898278, 'penalty_k': 0.18563958927668536, 'scale_lr': 0.7395911639900468}. Best is trial 374 with value: 0.3602400896382239.
checkpoint_e24 window_influence: 0.45949547721463591, penalty_k: 0.26500332705223240, scale_lr: 0.21902855809766264, EAO: 0.303
Trial 1009 finished with value: 0.30304506392098585 and parameters: {'window_influence': 0.4594954772146359, 'penalty_k': 0.2650033270522324, 'scale_lr': 0.21902855809766264}. Best is trial 374 with value: 0.3602400896382239.
checkpoint_e24 window_influence: 0.47660942579879773, penalty_k: 0.22626575879455596, scale_lr: 0.55552972609476137, EAO: 0.340
