Trial 1238 finished with value: 0.25162398797760677 and parameters: {'window_influence': 0.5718077719090715, 'penalty_k': 0.40824515690115754, 'scale_lr': 0.5480090444061935}. Best is trial 877 with value: 0.36080633677861107.
checkpoint_e22 window_influence: 0.15285693698307981, penalty_k: 0.37664006564863189, scale_lr: 0.36987172834004201, EAO: 0.255
Trial 1239 finished with value: 0.254946636782546 and parameters: {'window_influence': 0.1528569369830798, 'penalty_k': 0.3766400656486319, 'scale_lr': 0.369871728340042}. Best is trial 877 with value: 0.36080633677861107.
checkpoint_e22 window_influence: 0.41173286883358079, penalty_k: 0.15775718265385408, scale_lr: 0.65806489900608578, EAO: 0.312
Trial 1240 finished with value: 0.31247824540629926 and parameters: {'window_influence': 0.4117328688335808, 'penalty_k': 0.15775718265385408, 'scale_lr': 0.6580648990060858}. Best is trial 877 with value: 0.36080633677861107.
checkpoint_e22 window_influence: 0.46873872453710619, penalty_k: 0.13280983609661157, scale_lr: 0.23284034095410233, EAO: 0.321
Trial 1241 finished with value: 0.32098039717989674 and parameters: {'window_influence': 0.4687387245371062, 'penalty_k': 0.13280983609661157, 'scale_lr': 0.23284034095410233}. Best is trial 877 with value: 0.36080633677861107.
checkpoint_e22 window_influence: 0.51277912037975570, penalty_k: 0.57034977256148045, scale_lr: 0.35182977797829157, EAO: 0.271
Trial 1242 finished with value: 0.27065138373857345 and parameters: {'window_influence': 0.5127791203797557, 'penalty_k': 0.5703497725614805, 'scale_lr': 0.35182977797829157}. Best is trial 877 with value: 0.36080633677861107.
checkpoint_e22 window_influence: 0.48068267736629822, penalty_k: 0.23287249667834836, scale_lr: 0.33818729363161432, EAO: 0.321
Trial 1243 finished with value: 0.32090396338399746 and parameters: {'window_influence': 0.4806826773662982, 'penalty_k': 0.23287249667834836, 'scale_lr': 0.3381872936316143}. Best is trial 877 with value: 0.36080633677861107.
checkpoint_e22 window_influence: 0.44488421328587824, penalty_k: 0.03845975054864222, scale_lr: 0.51221059368062460, EAO: 0.330
Trial 1244 finished with value: 0.3303663198354179 and parameters: {'window_influence': 0.44488421328587824, 'penalty_k': 0.038459750548642216, 'scale_lr': 0.5122105936806246}. Best is trial 877 with value: 0.36080633677861107.
checkpoint_e22 window_influence: 0.47269520367436696, penalty_k: 0.09533455115767241, scale_lr: 0.48613305482237462, EAO: 0.335
Trial 1245 finished with value: 0.33494681409824684 and parameters: {'window_influence': 0.47269520367436696, 'penalty_k': 0.0953345511576724, 'scale_lr': 0.4861330548223746}. Best is trial 877 with value: 0.36080633677861107.
checkpoint_e22 window_influence: 0.49368157202778856, penalty_k: 0.59364473242304272, scale_lr: 0.29696328214313139, EAO: 0.289
Trial 1246 finished with value: 0.2894369223470354 and parameters: {'window_influence': 0.49368157202778856, 'penalty_k': 0.5936447324230427, 'scale_lr': 0.2969632821431314}. Best is trial 877 with value: 0.36080633677861107.
checkpoint_e22 window_influence: 0.45662160462033025, penalty_k: 0.00017968556788607, scale_lr: 0.32045869002737226, EAO: 0.317
Trial 1247 finished with value: 0.31731301598279854 and parameters: {'window_influence': 0.45662160462033025, 'penalty_k': 0.00017968556788606837, 'scale_lr': 0.32045869002737226}. Best is trial 877 with value: 0.36080633677861107.
checkpoint_e22 window_influence: 0.39544164869335097, penalty_k: 0.48599300804797196, scale_lr: 0.59165287967936442, EAO: 0.292
Trial 1248 finished with value: 0.29187225385166793 and parameters: {'window_influence': 0.39544164869335097, 'penalty_k': 0.48599300804797196, 'scale_lr': 0.5916528796793644}. Best is trial 877 with value: 0.36080633677861107.
checkpoint_e22 window_influence: 0.50602539530896162, penalty_k: 0.26051643010746595, scale_lr: 0.27084014902568132, EAO: 0.298
Trial 1249 finished with value: 0.29770519048091504 and parameters: {'window_influence': 0.5060253953089616, 'penalty_k': 0.26051643010746595, 'scale_lr': 0.2708401490256813}. Best is trial 877 with value: 0.36080633677861107.
checkpoint_e22 window_influence: 0.52096781904075951, penalty_k: 0.45985094634234919, scale_lr: 0.79615064120147905, EAO: 0.273
Trial 1250 finished with value: 0.2733661842021497 and parameters: {'window_influence': 0.5209678190407595, 'penalty_k': 0.4598509463423492, 'scale_lr': 0.796150641201479}. Best is trial 877 with value: 0.36080633677861107.
checkpoint_e22 window_influence: 0.48572246118887341, penalty_k: 0.21107227604748624, scale_lr: 0.46326044314451165, EAO: 0.296
Trial 1251 finished with value: 0.2957530057035995 and parameters: {'window_influence': 0.4857224611888734, 'penalty_k': 0.21107227604748624, 'scale_lr': 0.46326044314451165}. Best is trial 877 with value: 0.36080633677861107.
checkpoint_e22 window_influence: 0.59268638488904668, penalty_k: 0.19807081184883565, scale_lr: 0.37115066058210144, EAO: 0.260
Trial 1252 finished with value: 0.25956552762697643 and parameters: {'window_influence': 0.5926863848890467, 'penalty_k': 0.19807081184883565, 'scale_lr': 0.37115066058210144}. Best is trial 877 with value: 0.36080633677861107.
checkpoint_e22 window_influence: 0.46575400956983093, penalty_k: 0.14121355614523728, scale_lr: 0.55864662376927010, EAO: 0.318
Trial 1253 finished with value: 0.31776543622582804 and parameters: {'window_influence': 0.46575400956983093, 'penalty_k': 0.14121355614523728, 'scale_lr': 0.5586466237692701}. Best is trial 877 with value: 0.36080633677861107.
checkpoint_e22 window_influence: 0.43133082892293784, penalty_k: 0.02549271972785060, scale_lr: 0.78182920747167250, EAO: 0.320
Trial 1254 finished with value: 0.3196884982200912 and parameters: {'window_influence': 0.43133082892293784, 'penalty_k': 0.025492719727850603, 'scale_lr': 0.7818292074716725}. Best is trial 877 with value: 0.36080633677861107.
checkpoint_e22 window_influence: 0.27684865089053723, penalty_k: 0.12702932714735493, scale_lr: 0.24639307416833692, EAO: 0.290
Trial 1255 finished with value: 0.29019269271815334 and parameters: {'window_influence': 0.27684865089053723, 'penalty_k': 0.12702932714735493, 'scale_lr': 0.24639307416833692}. Best is trial 877 with value: 0.36080633677861107.
checkpoint_e22 window_influence: 0.62041497870983064, penalty_k: 0.11339926263993622, scale_lr: 0.61882918441003154, EAO: 0.242
Trial 1256 finished with value: 0.24166459633682488 and parameters: {'window_influence': 0.6204149787098306, 'penalty_k': 0.11339926263993622, 'scale_lr': 0.6188291844100315}. Best is trial 877 with value: 0.36080633677861107.
checkpoint_e22 window_influence: 0.47687337263059637, penalty_k: 0.54687643557802956, scale_lr: 0.30788930338165749, EAO: 0.293
Trial 1257 finished with value: 0.29253376388364266 and parameters: {'window_influence': 0.47687337263059637, 'penalty_k': 0.5468764355780296, 'scale_lr': 0.3078893033816575}. Best is trial 877 with value: 0.36080633677861107.
checkpoint_e22 window_influence: 0.50174777190078390, penalty_k: 0.04673680050620167, scale_lr: 0.33018598019130196, EAO: 0.345
Trial 1258 finished with value: 0.3450560699641009 and parameters: {'window_influence': 0.5017477719007839, 'penalty_k': 0.04673680050620167, 'scale_lr': 0.33018598019130196}. Best is trial 877 with value: 0.36080633677861107.
checkpoint_e22 window_influence: 0.45491494443240854, penalty_k: 0.09628620528928845, scale_lr: 0.53021454254499167, EAO: 0.321
Trial 1259 finished with value: 0.3213723924605299 and parameters: {'window_influence': 0.45491494443240854, 'penalty_k': 0.09628620528928845, 'scale_lr': 0.5302145425449917}. Best is trial 877 with value: 0.36080633677861107.
checkpoint_e22 window_influence: 0.48551565527793122, penalty_k: 0.44453590568824275, scale_lr: 0.43379942544781708, EAO: 0.278
Trial 1260 finished with value: 0.2776979241621633 and parameters: {'window_influence': 0.4855156552779312, 'penalty_k': 0.44453590568824275, 'scale_lr': 0.4337994254478171}. Best is trial 877 with value: 0.36080633677861107.
checkpoint_e22 window_influence: 0.44500123022311594, penalty_k: 0.01810602591743867, scale_lr: 0.72785573050897145, EAO: 0.327
Trial 1261 finished with value: 0.32742791115541864 and parameters: {'window_influence': 0.44500123022311594, 'penalty_k': 0.01810602591743867, 'scale_lr': 0.7278557305089715}. Best is trial 877 with value: 0.36080633677861107.
checkpoint_e22 window_influence: 0.46984159120906055, penalty_k: 0.13715837033741207, scale_lr: 0.29072555438284292, EAO: 0.298
Trial 1262 finished with value: 0.2979179998200227 and parameters: {'window_influence': 0.46984159120906055, 'penalty_k': 0.13715837033741207, 'scale_lr': 0.2907255543828429}. Best is trial 877 with value: 0.36080633677861107.
checkpoint_e22 window_influence: 0.25200612035838588, penalty_k: 0.39099176374304612, scale_lr: 0.38197231877710491, EAO: 0.259
Trial 1263 finished with value: 0.25869928885990545 and parameters: {'window_influence': 0.2520061203583859, 'penalty_k': 0.3909917637430461, 'scale_lr': 0.3819723187771049}. Best is trial 877 with value: 0.36080633677861107.
checkpoint_e22 window_influence: 0.50068558978931421, penalty_k: 0.18413176904982581, scale_lr: 0.63660314361326775, EAO: 0.320
Trial 1264 finished with value: 0.3197864819361542 and parameters: {'window_influence': 0.5006855897893142, 'penalty_k': 0.1841317690498258, 'scale_lr': 0.6366031436132678}. Best is trial 877 with value: 0.36080633677861107.
checkpoint_e22 window_influence: 0.52338457365264290, penalty_k: 0.01171439542820785, scale_lr: 0.79912023327053161, EAO: 0.317
Trial 1265 finished with value: 0.3165632769871315 and parameters: {'window_influence': 0.5233845736526429, 'penalty_k': 0.011714395428207852, 'scale_lr': 0.7991202332705316}. Best is trial 877 with value: 0.36080633677861107.
checkpoint_e22 window_influence: 0.46114322727147417, penalty_k: 0.16967236288145335, scale_lr: 0.60719607718067659, EAO: 0.310
Trial 1266 finished with value: 0.30971347792835086 and parameters: {'window_influence': 0.46114322727147417, 'penalty_k': 0.16967236288145335, 'scale_lr': 0.6071960771806766}. Best is trial 877 with value: 0.36080633677861107.
checkpoint_e22 window_influence: 0.56493573380159978, penalty_k: 0.10783213203038422, scale_lr: 0.75891323282953527, EAO: 0.278
Trial 1267 finished with value: 0.2777818216424044 and parameters: {'window_influence': 0.5649357338015998, 'penalty_k': 0.10783213203038422, 'scale_lr': 0.7589132328295353}. Best is trial 877 with value: 0.36080633677861107.
checkpoint_e22 window_influence: 0.32878546169055406, penalty_k: 0.11979367141878323, scale_lr: 0.35728171694093752, EAO: 0.304
Trial 1268 finished with value: 0.3042165557582091 and parameters: {'window_influence': 0.32878546169055406, 'penalty_k': 0.11979367141878323, 'scale_lr': 0.3572817169409375}. Best is trial 877 with value: 0.36080633677861107.
checkpoint_e22 window_influence: 0.16550983501635788, penalty_k: 0.03485592078281260, scale_lr: 0.65567126390299935, EAO: 0.268
Trial 1269 finished with value: 0.2683274814358945 and parameters: {'window_influence': 0.16550983501635788, 'penalty_k': 0.0348559207828126, 'scale_lr': 0.6556712639029993}. Best is trial 877 with value: 0.36080633677861107.
checkpoint_e22 window_influence: 0.49009654645232698, penalty_k: 0.08817360907694757, scale_lr: 0.49903162326794520, EAO: 0.362
Trial 1270 finished with value: 0.3623636909959845 and parameters: {'window_influence': 0.490096546452327, 'penalty_k': 0.08817360907694757, 'scale_lr': 0.4990316232679452}. Best is trial 1270 with value: 0.3623636909959845.
checkpoint_e22 window_influence: 0.50687249425166214, penalty_k: 0.08761183178525389, scale_lr: 0.48940509519495756, EAO: 0.309
Trial 1271 finished with value: 0.3094974817121075 and parameters: {'window_influence': 0.5068724942516621, 'penalty_k': 0.08761183178525389, 'scale_lr': 0.48940509519495756}. Best is trial 1270 with value: 0.3623636909959845.
checkpoint_e22 window_influence: 0.49326888662785917, penalty_k: 0.07408872928120601, scale_lr: 0.50873153518456626, EAO: 0.331
Trial 1272 finished with value: 0.3306556991102167 and parameters: {'window_influence': 0.49326888662785917, 'penalty_k': 0.07408872928120601, 'scale_lr': 0.5087315351845663}. Best is trial 1270 with value: 0.3623636909959845.
checkpoint_e22 window_influence: 0.49099500765390225, penalty_k: 0.08705296366577826, scale_lr: 0.48602064766889197, EAO: 0.312
Trial 1273 finished with value: 0.31199935414911706 and parameters: {'window_influence': 0.49099500765390225, 'penalty_k': 0.08705296366577826, 'scale_lr': 0.48602064766889197}. Best is trial 1270 with value: 0.3623636909959845.
checkpoint_e22 window_influence: 0.51315537443881087, penalty_k: 0.02264015628264195, scale_lr: 0.46061502456170955, EAO: 0.326
Trial 1274 finished with value: 0.3263755234299003 and parameters: {'window_influence': 0.5131553744388109, 'penalty_k': 0.02264015628264195, 'scale_lr': 0.46061502456170955}. Best is trial 1270 with value: 0.3623636909959845.
checkpoint_e22 window_influence: 0.48176555380312502, penalty_k: 0.47420984711624048, scale_lr: 0.49340793270956390, EAO: 0.306
Trial 1275 finished with value: 0.3058014176930899 and parameters: {'window_influence': 0.481765553803125, 'penalty_k': 0.4742098471162405, 'scale_lr': 0.4934079327095639}. Best is trial 1270 with value: 0.3623636909959845.
checkpoint_e22 window_influence: 0.09281345953787368, penalty_k: 0.15394029221850408, scale_lr: 0.51215237404896141, EAO: 0.259
Trial 1276 finished with value: 0.2593148667872648 and parameters: {'window_influence': 0.09281345953787368, 'penalty_k': 0.15394029221850408, 'scale_lr': 0.5121523740489614}. Best is trial 1270 with value: 0.3623636909959845.
checkpoint_e22 window_influence: 0.50150601575577824, penalty_k: 0.36477417382199373, scale_lr: 0.52410257693217543, EAO: 0.297
Trial 1277 finished with value: 0.2967873997841364 and parameters: {'window_influence': 0.5015060157557782, 'penalty_k': 0.36477417382199373, 'scale_lr': 0.5241025769321754}. Best is trial 1270 with value: 0.3623636909959845.
checkpoint_e22 window_influence: 0.23594544916013355, penalty_k: 0.05104729918891546, scale_lr: 0.49288142322992629, EAO: 0.267
Trial 1278 finished with value: 0.267464174602746 and parameters: {'window_influence': 0.23594544916013355, 'penalty_k': 0.05104729918891546, 'scale_lr': 0.4928814232299263}. Best is trial 1270 with value: 0.3623636909959845.
checkpoint_e22 window_influence: 0.54269199619800201, penalty_k: 0.01161161667098442, scale_lr: 0.51099668314753532, EAO: 0.312
Trial 1279 finished with value: 0.3121830346751306 and parameters: {'window_influence': 0.542691996198002, 'penalty_k': 0.011611616670984416, 'scale_lr': 0.5109966831475353}. Best is trial 1270 with value: 0.3623636909959845.
checkpoint_e22 window_influence: 0.51882838569232848, penalty_k: 0.09419763363634467, scale_lr: 0.47160535729407899, EAO: 0.309
Trial 1280 finished with value: 0.30865139314172796 and parameters: {'window_influence': 0.5188283856923285, 'penalty_k': 0.09419763363634467, 'scale_lr': 0.471605357294079}. Best is trial 1270 with value: 0.3623636909959845.
checkpoint_e22 window_influence: 0.49200561903031048, penalty_k: 0.31529953497485785, scale_lr: 0.54796103555116094, EAO: 0.315
Trial 1281 finished with value: 0.31476967071512796 and parameters: {'window_influence': 0.4920056190303105, 'penalty_k': 0.31529953497485785, 'scale_lr': 0.5479610355511609}. Best is trial 1270 with value: 0.3623636909959845.
checkpoint_e22 window_influence: 0.37198850742012995, penalty_k: 0.24694722178601863, scale_lr: 0.47586508934475119, EAO: 0.305
Trial 1282 finished with value: 0.3045585400747418 and parameters: {'window_influence': 0.37198850742012995, 'penalty_k': 0.24694722178601863, 'scale_lr': 0.4758650893447512}. Best is trial 1270 with value: 0.3623636909959845.
checkpoint_e22 window_influence: 0.47918740278787669, penalty_k: 0.06311679206658964, scale_lr: 0.53164956355845883, EAO: 0.323
Trial 1283 finished with value: 0.3232503372175684 and parameters: {'window_influence': 0.4791874027878767, 'penalty_k': 0.06311679206658964, 'scale_lr': 0.5316495635584588}. Best is trial 1270 with value: 0.3623636909959845.
checkpoint_e22 window_influence: 0.52581650388523493, penalty_k: 0.03604692920702636, scale_lr: 0.68444918889729511, EAO: 0.303
Trial 1284 finished with value: 0.30282509181981887 and parameters: {'window_influence': 0.5258165038852349, 'penalty_k': 0.03604692920702636, 'scale_lr': 0.6844491888972951}. Best is trial 1270 with value: 0.3623636909959845.
checkpoint_e22 window_influence: 0.14445340600114268, penalty_k: 0.07725083415279492, scale_lr: 0.52286160344447152, EAO: 0.261
Trial 1285 finished with value: 0.2613497558502835 and parameters: {'window_influence': 0.14445340600114268, 'penalty_k': 0.07725083415279492, 'scale_lr': 0.5228616034444715}. Best is trial 1270 with value: 0.3623636909959845.
checkpoint_e22 window_influence: 0.42270614461425171, penalty_k: 0.52414087036253676, scale_lr: 0.59004195524890346, EAO: 0.297
Trial 1286 finished with value: 0.29675845917792637 and parameters: {'window_influence': 0.4227061446142517, 'penalty_k': 0.5241408703625368, 'scale_lr': 0.5900419552489035}. Best is trial 1270 with value: 0.3623636909959845.
checkpoint_e22 window_influence: 0.61048028706639990, penalty_k: 0.10197040549643130, scale_lr: 0.57131215459114559, EAO: 0.239
Trial 1287 finished with value: 0.23923132258398525 and parameters: {'window_influence': 0.6104802870663999, 'penalty_k': 0.1019704054964313, 'scale_lr': 0.5713121545911456}. Best is trial 1270 with value: 0.3623636909959845.
checkpoint_e22 window_influence: 0.39293424532427246, penalty_k: 0.02554792583446822, scale_lr: 0.38249404096795148, EAO: 0.310
Trial 1288 finished with value: 0.31013277677478496 and parameters: {'window_influence': 0.39293424532427246, 'penalty_k': 0.025547925834468223, 'scale_lr': 0.3824940409679515}. Best is trial 1270 with value: 0.3623636909959845.
checkpoint_e22 window_influence: 0.50563562587058930, penalty_k: 0.00069962772120158, scale_lr: 0.73647196739520271, EAO: 0.313
Trial 1289 finished with value: 0.31318052478337566 and parameters: {'window_influence': 0.5056356258705893, 'penalty_k': 0.0006996277212015754, 'scale_lr': 0.7364719673952027}. Best is trial 1270 with value: 0.3623636909959845.
checkpoint_e22 window_influence: 0.30893817285678304, penalty_k: 0.55343491724121896, scale_lr: 0.70990896151642968, EAO: 0.307
Trial 1290 finished with value: 0.3069788787499476 and parameters: {'window_influence': 0.30893817285678304, 'penalty_k': 0.553434917241219, 'scale_lr': 0.7099089615164297}. Best is trial 1270 with value: 0.3623636909959845.
checkpoint_e22 window_influence: 0.37738069844149608, penalty_k: 0.34955473402916704, scale_lr: 0.45025978633228320, EAO: 0.306
Trial 1291 finished with value: 0.30592099197411815 and parameters: {'window_influence': 0.3773806984414961, 'penalty_k': 0.34955473402916704, 'scale_lr': 0.4502597863322832}. Best is trial 1270 with value: 0.3623636909959845.
checkpoint_e22 window_influence: 0.47518771871657073, penalty_k: 0.17509837407369871, scale_lr: 0.50150461739016838, EAO: 0.321
Trial 1292 finished with value: 0.3205148769027992 and parameters: {'window_influence': 0.47518771871657073, 'penalty_k': 0.17509837407369871, 'scale_lr': 0.5015046173901684}. Best is trial 1270 with value: 0.3623636909959845.
checkpoint_e22 window_influence: 0.58771507188774130, penalty_k: 0.13152215901206998, scale_lr: 0.55745772616223399, EAO: 0.253
Trial 1293 finished with value: 0.25339993335857464 and parameters: {'window_influence': 0.5877150718877413, 'penalty_k': 0.13152215901206998, 'scale_lr': 0.557457726162234}. Best is trial 1270 with value: 0.3623636909959845.
checkpoint_e22 window_influence: 0.64064124116781196, penalty_k: 0.27382442476480029, scale_lr: 0.74699573674446340, EAO: 0.236
Trial 1294 finished with value: 0.2364541529333545 and parameters: {'window_influence': 0.640641241167812, 'penalty_k': 0.2738244247648003, 'scale_lr': 0.7469957367444634}. Best is trial 1270 with value: 0.3623636909959845.
checkpoint_e22 window_influence: 0.48833746736626782, penalty_k: 0.01200472742861729, scale_lr: 0.61056800711290693, EAO: 0.340
Trial 1295 finished with value: 0.3398089041273881 and parameters: {'window_influence': 0.4883374673662678, 'penalty_k': 0.012004727428617289, 'scale_lr': 0.6105680071129069}. Best is trial 1270 with value: 0.3623636909959845.
checkpoint_e22 window_influence: 0.32452812497457673, penalty_k: 0.29113574462636449, scale_lr: 0.71737737745796415, EAO: 0.312
Trial 1296 finished with value: 0.31232656260176855 and parameters: {'window_influence': 0.3245281249745767, 'penalty_k': 0.2911357446263645, 'scale_lr': 0.7173773774579641}. Best is trial 1270 with value: 0.3623636909959845.
checkpoint_e22 window_influence: 0.40999191864551204, penalty_k: 0.14766941232571662, scale_lr: 0.21488446468705752, EAO: 0.299
Trial 1297 finished with value: 0.2990854426580644 and parameters: {'window_influence': 0.40999191864551204, 'penalty_k': 0.14766941232571662, 'scale_lr': 0.21488446468705752}. Best is trial 1270 with value: 0.3623636909959845.
checkpoint_e22 window_influence: 0.44241290254501514, penalty_k: 0.21578418088626222, scale_lr: 0.13543192413002442, EAO: 0.298
Trial 1298 finished with value: 0.29804639477674133 and parameters: {'window_influence': 0.44241290254501514, 'penalty_k': 0.21578418088626222, 'scale_lr': 0.13543192413002442}. Best is trial 1270 with value: 0.3623636909959845.
checkpoint_e22 window_influence: 0.46058569623428591, penalty_k: 0.08202718971373310, scale_lr: 0.26412718415910053, EAO: 0.316
Trial 1299 finished with value: 0.31551426799844673 and parameters: {'window_influence': 0.4605856962342859, 'penalty_k': 0.0820271897137331, 'scale_lr': 0.2641271841591005}. Best is trial 1270 with value: 0.3623636909959845.
checkpoint_e22 window_influence: 0.11672130664761898, penalty_k: 0.04496858843943197, scale_lr: 0.50309037746062235, EAO: 0.256
