Trial 118 finished with value: 0.3339306371221283 and parameters: {'window_influence': 0.4612228582842889, 'penalty_k': 0.022002584455592354, 'scale_lr': 0.4389211986954193}. Best is trial 115 with value: 0.3552325488528389.
checkpoint_e16 window_influence: 0.42756034426611284, penalty_k: 0.00025817697763091, scale_lr: 0.45107980206641474, EAO: 0.345
Trial 119 finished with value: 0.3451688175999237 and parameters: {'window_influence': 0.42756034426611284, 'penalty_k': 0.00025817697763090564, 'scale_lr': 0.45107980206641474}. Best is trial 115 with value: 0.3552325488528389.
checkpoint_e16 window_influence: 0.42449291084031449, penalty_k: 0.00984359668138327, scale_lr: 0.41812590045942594, EAO: 0.346
Trial 120 finished with value: 0.34576133566143913 and parameters: {'window_influence': 0.4244929108403145, 'penalty_k': 0.009843596681383269, 'scale_lr': 0.41812590045942594}. Best is trial 115 with value: 0.3552325488528389.
checkpoint_e16 window_influence: 0.42882583135974184, penalty_k: 0.01239862447852525, scale_lr: 0.41663746043304911, EAO: 0.331
Trial 121 finished with value: 0.3309841436634732 and parameters: {'window_influence': 0.42882583135974184, 'penalty_k': 0.012398624478525255, 'scale_lr': 0.4166374604330491}. Best is trial 115 with value: 0.3552325488528389.
checkpoint_e16 window_influence: 0.40975892866756169, penalty_k: 0.02775485668409719, scale_lr: 0.45014717384837155, EAO: 0.323
Trial 122 finished with value: 0.3228659971910692 and parameters: {'window_influence': 0.4097589286675617, 'penalty_k': 0.027754856684097193, 'scale_lr': 0.45014717384837155}. Best is trial 115 with value: 0.3552325488528389.
checkpoint_e16 window_influence: 0.43761258355799704, penalty_k: 0.00944386894956206, scale_lr: 0.39687610128285516, EAO: 0.340
Trial 123 finished with value: 0.340073940586951 and parameters: {'window_influence': 0.43761258355799704, 'penalty_k': 0.009443868949562064, 'scale_lr': 0.39687610128285516}. Best is trial 115 with value: 0.3552325488528389.
checkpoint_e16 window_influence: 0.42044601789108949, penalty_k: 0.02792069921646262, scale_lr: 0.46087515587264694, EAO: 0.338
Trial 124 finished with value: 0.3380008414097797 and parameters: {'window_influence': 0.4204460178910895, 'penalty_k': 0.02792069921646262, 'scale_lr': 0.46087515587264694}. Best is trial 115 with value: 0.3552325488528389.
checkpoint_e16 window_influence: 0.44632712597978047, penalty_k: 0.00093021123086151, scale_lr: 0.43053881061450860, EAO: 0.338
Trial 125 finished with value: 0.3375936321015488 and parameters: {'window_influence': 0.44632712597978047, 'penalty_k': 0.0009302112308615107, 'scale_lr': 0.4305388106145086}. Best is trial 115 with value: 0.3552325488528389.
checkpoint_e16 window_influence: 0.46484434102481714, penalty_k: 0.01576963180966918, scale_lr: 0.41241212509206931, EAO: 0.349
Trial 126 finished with value: 0.348603974404502 and parameters: {'window_influence': 0.46484434102481714, 'penalty_k': 0.01576963180966918, 'scale_lr': 0.4124121250920693}. Best is trial 115 with value: 0.3552325488528389.
checkpoint_e16 window_influence: 0.39544381452174004, penalty_k: 0.01460249609129040, scale_lr: 0.40656655567736111, EAO: 0.340
Trial 127 finished with value: 0.34039845378482386 and parameters: {'window_influence': 0.39544381452174004, 'penalty_k': 0.0146024960912904, 'scale_lr': 0.4065665556773611}. Best is trial 115 with value: 0.3552325488528389.
checkpoint_e16 window_influence: 0.46614425815311744, penalty_k: 0.00074099598720399, scale_lr: 0.42188638794337213, EAO: 0.325
Trial 128 finished with value: 0.32474357040475776 and parameters: {'window_influence': 0.46614425815311744, 'penalty_k': 0.0007409959872039882, 'scale_lr': 0.42188638794337213}. Best is trial 115 with value: 0.3552325488528389.
checkpoint_e16 window_influence: 0.43219442991915918, penalty_k: 0.02536446188259773, scale_lr: 0.38706508439233184, EAO: 0.323
Trial 129 finished with value: 0.32322383698090507 and parameters: {'window_influence': 0.4321944299191592, 'penalty_k': 0.025364461882597725, 'scale_lr': 0.38706508439233184}. Best is trial 115 with value: 0.3552325488528389.
checkpoint_e16 window_influence: 0.47226352569414382, penalty_k: 0.03880678428031094, scale_lr: 0.43859371831200222, EAO: 0.350
Trial 130 finished with value: 0.34960508427731257 and parameters: {'window_influence': 0.4722635256941438, 'penalty_k': 0.03880678428031094, 'scale_lr': 0.4385937183120022}. Best is trial 115 with value: 0.3552325488528389.
checkpoint_e16 window_influence: 0.46862946100299230, penalty_k: 0.03576867807969301, scale_lr: 0.47310588602782128, EAO: 0.333
Trial 131 finished with value: 0.33345847301446047 and parameters: {'window_influence': 0.4686294610029923, 'penalty_k': 0.035768678079693014, 'scale_lr': 0.4731058860278213}. Best is trial 115 with value: 0.3552325488528389.
checkpoint_e16 window_influence: 0.45692483540206119, penalty_k: 0.01357074179798731, scale_lr: 0.44801719479955054, EAO: 0.339
Trial 132 finished with value: 0.33924166597280986 and parameters: {'window_influence': 0.4569248354020612, 'penalty_k': 0.013570741797987305, 'scale_lr': 0.44801719479955054}. Best is trial 115 with value: 0.3552325488528389.
checkpoint_e16 window_influence: 0.44640594558304264, penalty_k: 0.05747701809445930, scale_lr: 0.41880053033905290, EAO: 0.323
Trial 133 finished with value: 0.32278324796995767 and parameters: {'window_influence': 0.44640594558304264, 'penalty_k': 0.0574770180944593, 'scale_lr': 0.4188005303390529}. Best is trial 115 with value: 0.3552325488528389.
checkpoint_e16 window_influence: 0.47503548643639776, penalty_k: 0.03936299277690942, scale_lr: 0.43358873107975099, EAO: 0.324
Trial 134 finished with value: 0.3242935803265887 and parameters: {'window_influence': 0.47503548643639776, 'penalty_k': 0.03936299277690942, 'scale_lr': 0.433588731079751}. Best is trial 115 with value: 0.3552325488528389.
checkpoint_e16 window_influence: 0.42787890280440594, penalty_k: 0.02406991842358305, scale_lr: 0.44651665175367450, EAO: 0.340
Trial 135 finished with value: 0.33985992697890166 and parameters: {'window_influence': 0.42787890280440594, 'penalty_k': 0.024069918423583046, 'scale_lr': 0.4465166517536745}. Best is trial 115 with value: 0.3552325488528389.
checkpoint_e16 window_influence: 0.41129751069865050, penalty_k: 0.00980806780921579, scale_lr: 0.46411921573375525, EAO: 0.335
Trial 136 finished with value: 0.3350789253581823 and parameters: {'window_influence': 0.4112975106986505, 'penalty_k': 0.009808067809215788, 'scale_lr': 0.46411921573375525}. Best is trial 115 with value: 0.3552325488528389.
checkpoint_e16 window_influence: 0.46048542262906811, penalty_k: 0.02626264984960883, scale_lr: 0.40235707038686164, EAO: 0.333
Trial 137 finished with value: 0.3333692132035118 and parameters: {'window_influence': 0.4604854226290681, 'penalty_k': 0.026262649849608827, 'scale_lr': 0.40235707038686164}. Best is trial 115 with value: 0.3552325488528389.
checkpoint_e16 window_influence: 0.43948311206358109, penalty_k: 0.04743696979891177, scale_lr: 0.48110486014671400, EAO: 0.328
Trial 138 finished with value: 0.32814900640847616 and parameters: {'window_influence': 0.4394831120635811, 'penalty_k': 0.04743696979891177, 'scale_lr': 0.481104860146714}. Best is trial 115 with value: 0.3552325488528389.
checkpoint_e16 window_influence: 0.47481786617395227, penalty_k: 0.00068800348099189, scale_lr: 0.43330767619472682, EAO: 0.346
Trial 139 finished with value: 0.34616830226048423 and parameters: {'window_influence': 0.4748178661739523, 'penalty_k': 0.0006880034809918895, 'scale_lr': 0.4333076761947268}. Best is trial 115 with value: 0.3552325488528389.
checkpoint_e16 window_influence: 0.50596119029366049, penalty_k: 0.05779839451073768, scale_lr: 0.38976705821299640, EAO: 0.307
Trial 140 finished with value: 0.30711014963077665 and parameters: {'window_influence': 0.5059611902936605, 'penalty_k': 0.05779839451073768, 'scale_lr': 0.3897670582129964}. Best is trial 115 with value: 0.3552325488528389.
checkpoint_e16 window_influence: 0.47184618035532760, penalty_k: 0.01080351544301223, scale_lr: 0.41389134297456870, EAO: 0.347
Trial 141 finished with value: 0.3469536118934127 and parameters: {'window_influence': 0.4718461803553276, 'penalty_k': 0.010803515443012226, 'scale_lr': 0.4138913429745687}. Best is trial 115 with value: 0.3552325488528389.
checkpoint_e16 window_influence: 0.47617895031328589, penalty_k: 0.00142800670144779, scale_lr: 0.41092691074257626, EAO: 0.345
Trial 142 finished with value: 0.34543821354784393 and parameters: {'window_influence': 0.4761789503132859, 'penalty_k': 0.0014280067014477895, 'scale_lr': 0.41092691074257626}. Best is trial 115 with value: 0.3552325488528389.
checkpoint_e16 window_influence: 0.48329730758799661, penalty_k: 0.01302535541837076, scale_lr: 0.41367302043481713, EAO: 0.320
Trial 143 finished with value: 0.3198288109747816 and parameters: {'window_influence': 0.4832973075879966, 'penalty_k': 0.01302535541837076, 'scale_lr': 0.41367302043481713}. Best is trial 115 with value: 0.3552325488528389.
checkpoint_e16 window_influence: 0.47603694361308141, penalty_k: 0.00034323032418899, scale_lr: 0.43377177861850874, EAO: 0.338
Trial 144 finished with value: 0.33848783988433123 and parameters: {'window_influence': 0.4760369436130814, 'penalty_k': 0.0003432303241889907, 'scale_lr': 0.43377177861850874}. Best is trial 115 with value: 0.3552325488528389.
checkpoint_e16 window_influence: 0.50005837074318038, penalty_k: 0.02069981613601781, scale_lr: 0.40103089740788644, EAO: 0.324
Trial 145 finished with value: 0.32425228636784315 and parameters: {'window_influence': 0.5000583707431804, 'penalty_k': 0.020699816136017814, 'scale_lr': 0.40103089740788644}. Best is trial 115 with value: 0.3552325488528389.
checkpoint_e16 window_influence: 0.48786103638570599, penalty_k: 0.01044641368281046, scale_lr: 0.37138510150242565, EAO: 0.331
Trial 146 finished with value: 0.33098266850649616 and parameters: {'window_influence': 0.487861036385706, 'penalty_k': 0.010446413682810459, 'scale_lr': 0.37138510150242565}. Best is trial 115 with value: 0.3552325488528389.
checkpoint_e16 window_influence: 0.51673308655446626, penalty_k: 0.04179382877623840, scale_lr: 0.42517930412398747, EAO: 0.305
Trial 147 finished with value: 0.30495608635681615 and parameters: {'window_influence': 0.5167330865544663, 'penalty_k': 0.0417938287762384, 'scale_lr': 0.42517930412398747}. Best is trial 115 with value: 0.3552325488528389.
checkpoint_e16 window_influence: 0.47112187187203092, penalty_k: 0.02489461969113262, scale_lr: 0.45076692750787184, EAO: 0.341
Trial 148 finished with value: 0.34113075065241716 and parameters: {'window_influence': 0.4711218718720309, 'penalty_k': 0.024894619691132616, 'scale_lr': 0.45076692750787184}. Best is trial 115 with value: 0.3552325488528389.
checkpoint_e16 window_influence: 0.49921194472649055, penalty_k: 0.00005657679729182, scale_lr: 0.41482804532877748, EAO: 0.332
Trial 149 finished with value: 0.3315847231952133 and parameters: {'window_influence': 0.49921194472649055, 'penalty_k': 5.65767972918195e-05, 'scale_lr': 0.4148280453287775}. Best is trial 115 with value: 0.3552325488528389.
checkpoint_e16 window_influence: 0.45223108956786434, penalty_k: 0.03174373393514471, scale_lr: 0.46602987869806151, EAO: 0.335
Trial 150 finished with value: 0.3348260699311119 and parameters: {'window_influence': 0.45223108956786434, 'penalty_k': 0.031743733935144715, 'scale_lr': 0.4660298786980615}. Best is trial 115 with value: 0.3552325488528389.
checkpoint_e16 window_influence: 0.46595280921688792, penalty_k: 0.03569647157525466, scale_lr: 0.49323978056786472, EAO: 0.336
Trial 151 finished with value: 0.3355058192742938 and parameters: {'window_influence': 0.4659528092168879, 'penalty_k': 0.03569647157525466, 'scale_lr': 0.4932397805678647}. Best is trial 115 with value: 0.3552325488528389.
checkpoint_e16 window_influence: 0.45771937545919955, penalty_k: 0.01828681313999759, scale_lr: 0.38256747784435985, EAO: 0.333
Trial 152 finished with value: 0.33250132840895 and parameters: {'window_influence': 0.45771937545919955, 'penalty_k': 0.018286813139997592, 'scale_lr': 0.38256747784435985}. Best is trial 115 with value: 0.3552325488528389.
checkpoint_e16 window_influence: 0.48300472741163181, penalty_k: 0.04521600194226769, scale_lr: 0.43961425747220978, EAO: 0.343
Trial 153 finished with value: 0.34300681971854274 and parameters: {'window_influence': 0.4830047274116318, 'penalty_k': 0.045216001942267686, 'scale_lr': 0.4396142574722098}. Best is trial 115 with value: 0.3552325488528389.
checkpoint_e16 window_influence: 0.48168652403020024, penalty_k: 0.04920148549782195, scale_lr: 0.44190436857280968, EAO: 0.341
Trial 154 finished with value: 0.3410691720966235 and parameters: {'window_influence': 0.48168652403020024, 'penalty_k': 0.049201485497821947, 'scale_lr': 0.4419043685728097}. Best is trial 115 with value: 0.3552325488528389.
checkpoint_e16 window_influence: 0.50979791293902299, penalty_k: 0.01255915192775353, scale_lr: 0.42904648938637563, EAO: 0.334
Trial 155 finished with value: 0.3339387794181067 and parameters: {'window_influence': 0.509797912939023, 'penalty_k': 0.012559151927753526, 'scale_lr': 0.42904648938637563}. Best is trial 115 with value: 0.3552325488528389.
checkpoint_e16 window_influence: 0.49205368099102365, penalty_k: 0.23175066575154957, scale_lr: 0.40459245843180947, EAO: 0.310
Trial 156 finished with value: 0.31005638721851986 and parameters: {'window_influence': 0.49205368099102365, 'penalty_k': 0.23175066575154957, 'scale_lr': 0.40459245843180947}. Best is trial 115 with value: 0.3552325488528389.
checkpoint_e16 window_influence: 0.52705031233079447, penalty_k: 0.06275976196130392, scale_lr: 0.45663889841551836, EAO: 0.315
Trial 157 finished with value: 0.31477748153274626 and parameters: {'window_influence': 0.5270503123307945, 'penalty_k': 0.06275976196130392, 'scale_lr': 0.45663889841551836}. Best is trial 115 with value: 0.3552325488528389.
checkpoint_e16 window_influence: 0.47338431728337871, penalty_k: 0.00036378932409283, scale_lr: 0.47121160876735269, EAO: 0.328
Trial 158 finished with value: 0.328360946203948 and parameters: {'window_influence': 0.4733843172833787, 'penalty_k': 0.00036378932409282874, 'scale_lr': 0.4712116087673527}. Best is trial 115 with value: 0.3552325488528389.
checkpoint_e16 window_influence: 0.44512083499505295, penalty_k: 0.02549489689868932, scale_lr: 0.47890177384663457, EAO: 0.327
Trial 159 finished with value: 0.3269012882899681 and parameters: {'window_influence': 0.44512083499505295, 'penalty_k': 0.025494896898689324, 'scale_lr': 0.47890177384663457}. Best is trial 115 with value: 0.3552325488528389.
checkpoint_e16 window_influence: 0.50002968938001724, penalty_k: 0.04459696871850841, scale_lr: 0.44241565062098653, EAO: 0.326
Trial 160 finished with value: 0.32614862663736605 and parameters: {'window_influence': 0.5000296893800172, 'penalty_k': 0.044596968718508406, 'scale_lr': 0.44241565062098653}. Best is trial 115 with value: 0.3552325488528389.
checkpoint_e16 window_influence: 0.46200133077192201, penalty_k: 0.03465713418398326, scale_lr: 0.50118980247389200, EAO: 0.337
Trial 161 finished with value: 0.33740297249782875 and parameters: {'window_influence': 0.462001330771922, 'penalty_k': 0.03465713418398326, 'scale_lr': 0.501189802473892}. Best is trial 115 with value: 0.3552325488528389.
checkpoint_e16 window_influence: 0.48333960170778084, penalty_k: 0.01423005159223668, scale_lr: 0.42659508917763750, EAO: 0.335
Trial 162 finished with value: 0.33477593883002316 and parameters: {'window_influence': 0.48333960170778084, 'penalty_k': 0.01423005159223668, 'scale_lr': 0.4265950891776375}. Best is trial 115 with value: 0.3552325488528389.
checkpoint_e16 window_influence: 0.47177449081296802, penalty_k: 0.03151190741808613, scale_lr: 0.51338767680466046, EAO: 0.355
Trial 163 finished with value: 0.3549181497746404 and parameters: {'window_influence': 0.471774490812968, 'penalty_k': 0.03151190741808613, 'scale_lr': 0.5133876768046605}. Best is trial 115 with value: 0.3552325488528389.
checkpoint_e16 window_influence: 0.47188192945338209, penalty_k: 0.02226027224162584, scale_lr: 0.48608538487537778, EAO: 0.322
Trial 164 finished with value: 0.3223342043764396 and parameters: {'window_influence': 0.4718819294533821, 'penalty_k': 0.022260272241625835, 'scale_lr': 0.4860853848753778}. Best is trial 115 with value: 0.3552325488528389.
checkpoint_e16 window_influence: 0.49094675985515346, penalty_k: 0.01004096003661818, scale_lr: 0.45666607662867886, EAO: 0.337
Trial 165 finished with value: 0.337183080062792 and parameters: {'window_influence': 0.49094675985515346, 'penalty_k': 0.010040960036618175, 'scale_lr': 0.45666607662867886}. Best is trial 115 with value: 0.3552325488528389.
checkpoint_e16 window_influence: 0.44644224787547293, penalty_k: 0.05253197356888927, scale_lr: 0.41334813574407153, EAO: 0.338
Trial 166 finished with value: 0.3384240459839194 and parameters: {'window_influence': 0.44644224787547293, 'penalty_k': 0.05253197356888927, 'scale_lr': 0.41334813574407153}. Best is trial 115 with value: 0.3552325488528389.
checkpoint_e16 window_influence: 0.51277075439875641, penalty_k: 0.16156641585331655, scale_lr: 0.38946029226288204, EAO: 0.293
Trial 167 finished with value: 0.29290062768913894 and parameters: {'window_influence': 0.5127707543987564, 'penalty_k': 0.16156641585331655, 'scale_lr': 0.38946029226288204}. Best is trial 115 with value: 0.3552325488528389.
checkpoint_e16 window_influence: 0.48289927869114457, penalty_k: 0.00101803186097621, scale_lr: 0.43486252954075971, EAO: 0.346
Trial 168 finished with value: 0.34574899367321327 and parameters: {'window_influence': 0.4828992786911446, 'penalty_k': 0.0010180318609762096, 'scale_lr': 0.4348625295407597}. Best is trial 115 with value: 0.3552325488528389.
checkpoint_e16 window_influence: 0.45356741362806441, penalty_k: 0.00179606193915619, scale_lr: 0.37527341984950380, EAO: 0.341
Trial 169 finished with value: 0.3413361999775185 and parameters: {'window_influence': 0.4535674136280644, 'penalty_k': 0.0017960619391561884, 'scale_lr': 0.3752734198495038}. Best is trial 115 with value: 0.3552325488528389.
checkpoint_e16 window_influence: 0.47131509112429631, penalty_k: 0.01830908295603396, scale_lr: 0.44217345857139984, EAO: 0.360
Trial 170 finished with value: 0.36033013010767184 and parameters: {'window_influence': 0.4713150911242963, 'penalty_k': 0.018309082956033965, 'scale_lr': 0.44217345857139984}. Best is trial 170 with value: 0.36033013010767184.
checkpoint_e16 window_influence: 0.47194226066251760, penalty_k: 0.02118790735028723, scale_lr: 0.43954774574822858, EAO: 0.325
Trial 171 finished with value: 0.32467596830097156 and parameters: {'window_influence': 0.4719422606625176, 'penalty_k': 0.021187907350287232, 'scale_lr': 0.4395477457482286}. Best is trial 170 with value: 0.36033013010767184.
checkpoint_e16 window_influence: 0.49732834727289449, penalty_k: 0.01191854179455573, scale_lr: 0.43124084607209423, EAO: 0.340
Trial 172 finished with value: 0.340428052941185 and parameters: {'window_influence': 0.4973283472728945, 'penalty_k': 0.011918541794555728, 'scale_lr': 0.43124084607209423}. Best is trial 170 with value: 0.36033013010767184.
checkpoint_e16 window_influence: 0.47957070631585336, penalty_k: 0.00087883960439654, scale_lr: 0.40943199648833389, EAO: 0.337
Trial 173 finished with value: 0.33701913482020335 and parameters: {'window_influence': 0.47957070631585336, 'penalty_k': 0.0008788396043965443, 'scale_lr': 0.4094319964883339}. Best is trial 170 with value: 0.36033013010767184.
checkpoint_e16 window_influence: 0.46166923632197049, penalty_k: 0.02896339264250049, scale_lr: 0.44849075774944808, EAO: 0.341
Trial 174 finished with value: 0.34080166888608077 and parameters: {'window_influence': 0.4616692363219705, 'penalty_k': 0.028963392642500495, 'scale_lr': 0.4484907577494481}. Best is trial 170 with value: 0.36033013010767184.
checkpoint_e16 window_influence: 0.43587959755894629, penalty_k: 0.31095529293172047, scale_lr: 0.46423179329897218, EAO: 0.309
Trial 175 finished with value: 0.3091986287196786 and parameters: {'window_influence': 0.4358795975589463, 'penalty_k': 0.3109552929317205, 'scale_lr': 0.4642317932989722}. Best is trial 170 with value: 0.36033013010767184.
checkpoint_e16 window_influence: 0.48520536022928468, penalty_k: 0.01693529087946618, scale_lr: 0.42108083600126883, EAO: 0.343
Trial 176 finished with value: 0.34310898080410196 and parameters: {'window_influence': 0.4852053602292847, 'penalty_k': 0.01693529087946618, 'scale_lr': 0.42108083600126883}. Best is trial 170 with value: 0.36033013010767184.
checkpoint_e16 window_influence: 0.49018771997305666, penalty_k: 0.04297603152181814, scale_lr: 0.39831741391799080, EAO: 0.318
Trial 177 finished with value: 0.3180316703444789 and parameters: {'window_influence': 0.49018771997305666, 'penalty_k': 0.04297603152181814, 'scale_lr': 0.3983174139179908}. Best is trial 170 with value: 0.36033013010767184.
checkpoint_e16 window_influence: 0.50020287947409026, penalty_k: 0.02413871851520257, scale_lr: 0.42089100294563425, EAO: 0.350
Trial 178 finished with value: 0.3502127913185595 and parameters: {'window_influence': 0.5002028794740903, 'penalty_k': 0.02413871851520257, 'scale_lr': 0.42089100294563425}. Best is trial 170 with value: 0.36033013010767184.
checkpoint_e16 window_influence: 0.51160414501480533, penalty_k: 0.02783353481186035, scale_lr: 0.41698944865138460, EAO: 0.331
Trial 179 finished with value: 0.3307356441299275 and parameters: {'window_influence': 0.5116041450148053, 'penalty_k': 0.02783353481186035, 'scale_lr': 0.4169894486513846}. Best is trial 170 with value: 0.36033013010767184.
checkpoint_e16 window_influence: 0.52688337956431175, penalty_k: 0.06265595198098714, scale_lr: 0.38931477714920160, EAO: 0.307
