Trial 142 finished with value: 0.31725818336241907 and parameters: {'window_influence': 0.4480454293267475, 'penalty_k': 0.5446804988731645, 'scale_lr': 0.6598138382202503}. Best is trial 71 with value: 0.3394765648628487.
checkpoint_e24 window_influence: 0.47827507165628064, penalty_k: 0.55693026392929679, scale_lr: 0.69951260656499692, EAO: 0.302
Trial 143 finished with value: 0.30228957400479667 and parameters: {'window_influence': 0.47827507165628064, 'penalty_k': 0.5569302639292968, 'scale_lr': 0.6995126065649969}. Best is trial 71 with value: 0.3394765648628487.
checkpoint_e24 window_influence: 0.42160105827636118, penalty_k: 0.52967758096794626, scale_lr: 0.77193821314175082, EAO: 0.316
Trial 144 finished with value: 0.31649279095783306 and parameters: {'window_influence': 0.4216010582763612, 'penalty_k': 0.5296775809679463, 'scale_lr': 0.7719382131417508}. Best is trial 71 with value: 0.3394765648628487.
checkpoint_e24 window_influence: 0.43594147640435871, penalty_k: 0.50072036827228295, scale_lr: 0.71692490032584910, EAO: 0.305
Trial 145 finished with value: 0.3050070393410174 and parameters: {'window_influence': 0.4359414764043587, 'penalty_k': 0.500720368272283, 'scale_lr': 0.7169249003258491}. Best is trial 71 with value: 0.3394765648628487.
checkpoint_e24 window_influence: 0.46318601561842404, penalty_k: 0.58159733872133834, scale_lr: 0.63986324323850241, EAO: 0.324
Trial 146 finished with value: 0.3236572612584333 and parameters: {'window_influence': 0.46318601561842404, 'penalty_k': 0.5815973387213383, 'scale_lr': 0.6398632432385024}. Best is trial 71 with value: 0.3394765648628487.
checkpoint_e24 window_influence: 0.39807833599273179, penalty_k: 0.54489994196421132, scale_lr: 0.68749173089067050, EAO: 0.306
Trial 147 finished with value: 0.30589480860455953 and parameters: {'window_influence': 0.3980783359927318, 'penalty_k': 0.5448999419642113, 'scale_lr': 0.6874917308906705}. Best is trial 71 with value: 0.3394765648628487.
checkpoint_e24 window_influence: 0.48456863864483490, penalty_k: 0.51519140451194645, scale_lr: 0.78387924446056423, EAO: 0.316
Trial 148 finished with value: 0.31555242540771394 and parameters: {'window_influence': 0.4845686386448349, 'penalty_k': 0.5151914045119464, 'scale_lr': 0.7838792444605642}. Best is trial 71 with value: 0.3394765648628487.
checkpoint_e24 window_influence: 0.41387242798294349, penalty_k: 0.57369937114340530, scale_lr: 0.73117915458594196, EAO: 0.307
Trial 149 finished with value: 0.3066182515152697 and parameters: {'window_influence': 0.4138724279829435, 'penalty_k': 0.5736993711434053, 'scale_lr': 0.731179154585942}. Best is trial 71 with value: 0.3394765648628487.
checkpoint_e24 window_influence: 0.45433590299530213, penalty_k: 0.49164092172635304, scale_lr: 0.76392235419972643, EAO: 0.299
Trial 150 finished with value: 0.2988521078681204 and parameters: {'window_influence': 0.45433590299530213, 'penalty_k': 0.49164092172635304, 'scale_lr': 0.7639223541997264}. Best is trial 71 with value: 0.3394765648628487.
checkpoint_e24 window_influence: 0.47596126728617461, penalty_k: 0.52625969428699182, scale_lr: 0.75066343677013203, EAO: 0.312
Trial 151 finished with value: 0.3119412668136307 and parameters: {'window_influence': 0.4759612672861746, 'penalty_k': 0.5262596942869918, 'scale_lr': 0.750663436770132}. Best is trial 71 with value: 0.3394765648628487.
checkpoint_e24 window_influence: 0.44389216340001569, penalty_k: 0.55718344104222139, scale_lr: 0.67593077906865362, EAO: 0.308
Trial 152 finished with value: 0.3076573874120119 and parameters: {'window_influence': 0.4438921634000157, 'penalty_k': 0.5571834410422214, 'scale_lr': 0.6759307790686536}. Best is trial 71 with value: 0.3394765648628487.
checkpoint_e24 window_influence: 0.46404318305424835, penalty_k: 0.55377646541041314, scale_lr: 0.77863298005383041, EAO: 0.325
Trial 153 finished with value: 0.32457951598362234 and parameters: {'window_influence': 0.46404318305424835, 'penalty_k': 0.5537764654104131, 'scale_lr': 0.7786329800538304}. Best is trial 71 with value: 0.3394765648628487.
checkpoint_e24 window_influence: 0.42684366284972475, penalty_k: 0.58779044394792757, scale_lr: 0.77673700315203686, EAO: 0.317
Trial 154 finished with value: 0.31692814676214287 and parameters: {'window_influence': 0.42684366284972475, 'penalty_k': 0.5877904439479276, 'scale_lr': 0.7767370031520369}. Best is trial 71 with value: 0.3394765648628487.
checkpoint_e24 window_influence: 0.46849547205300601, penalty_k: 0.53736181228157287, scale_lr: 0.78658456226378359, EAO: 0.326
Trial 155 finished with value: 0.32579208423423395 and parameters: {'window_influence': 0.468495472053006, 'penalty_k': 0.5373618122815729, 'scale_lr': 0.7865845622637836}. Best is trial 71 with value: 0.3394765648628487.
checkpoint_e24 window_influence: 0.50176763637270805, penalty_k: 0.53469553145919813, scale_lr: 0.75800288533353699, EAO: 0.296
Trial 156 finished with value: 0.2957298912774728 and parameters: {'window_influence': 0.501767636372708, 'penalty_k': 0.5346955314591981, 'scale_lr': 0.758002885333537}. Best is trial 71 with value: 0.3394765648628487.
checkpoint_e24 window_influence: 0.48801173977341317, penalty_k: 0.50909366761473918, scale_lr: 0.56112718840938236, EAO: 0.300
Trial 157 finished with value: 0.30012068517709056 and parameters: {'window_influence': 0.48801173977341317, 'penalty_k': 0.5090936676147392, 'scale_lr': 0.5611271884093824}. Best is trial 71 with value: 0.3394765648628487.
checkpoint_e24 window_influence: 0.46959447632594103, penalty_k: 0.54181327927468259, scale_lr: 0.79061925758171481, EAO: 0.319
Trial 158 finished with value: 0.3190516979661897 and parameters: {'window_influence': 0.46959447632594103, 'penalty_k': 0.5418132792746826, 'scale_lr': 0.7906192575817148}. Best is trial 71 with value: 0.3394765648628487.
checkpoint_e24 window_influence: 0.44814632851432618, penalty_k: 0.47249733108665209, scale_lr: 0.72985733686873444, EAO: 0.301
Trial 159 finished with value: 0.30076655212079506 and parameters: {'window_influence': 0.4481463285143262, 'penalty_k': 0.4724973310866521, 'scale_lr': 0.7298573368687344}. Best is trial 71 with value: 0.3394765648628487.
checkpoint_e24 window_influence: 0.34632381525710165, penalty_k: 0.51780375219693897, scale_lr: 0.71339714804039711, EAO: 0.297
Trial 160 finished with value: 0.2967965919451955 and parameters: {'window_influence': 0.34632381525710165, 'penalty_k': 0.517803752196939, 'scale_lr': 0.7133971480403971}. Best is trial 71 with value: 0.3394765648628487.
checkpoint_e24 window_influence: 0.46011578410051601, penalty_k: 0.55782261878342387, scale_lr: 0.77314120504734463, EAO: 0.316
Trial 161 finished with value: 0.31577000967027613 and parameters: {'window_influence': 0.460115784100516, 'penalty_k': 0.5578226187834239, 'scale_lr': 0.7731412050473446}. Best is trial 71 with value: 0.3394765648628487.
checkpoint_e24 window_influence: 0.46664985425853495, penalty_k: 0.57299090568016797, scale_lr: 0.78579978610646684, EAO: 0.331
Trial 162 finished with value: 0.33142270095617393 and parameters: {'window_influence': 0.46664985425853495, 'penalty_k': 0.572990905680168, 'scale_lr': 0.7857997861064668}. Best is trial 71 with value: 0.3394765648628487.
checkpoint_e24 window_influence: 0.43227679163222166, penalty_k: 0.57030323586773479, scale_lr: 0.79895770720699477, EAO: 0.301
Trial 163 finished with value: 0.30109490778891496 and parameters: {'window_influence': 0.43227679163222166, 'penalty_k': 0.5703032358677348, 'scale_lr': 0.7989577072069948}. Best is trial 71 with value: 0.3394765648628487.
checkpoint_e24 window_influence: 0.47890217561408233, penalty_k: 0.59154734266577835, scale_lr: 0.74695818336627495, EAO: 0.309
Trial 164 finished with value: 0.30871300828364107 and parameters: {'window_influence': 0.4789021756140823, 'penalty_k': 0.5915473426657784, 'scale_lr': 0.746958183366275}. Best is trial 71 with value: 0.3394765648628487.
checkpoint_e24 window_influence: 0.45044853131318197, penalty_k: 0.57711416662984305, scale_lr: 0.76501817600211952, EAO: 0.314
Trial 165 finished with value: 0.31447816028437264 and parameters: {'window_influence': 0.45044853131318197, 'penalty_k': 0.577114166629843, 'scale_lr': 0.7650181760021195}. Best is trial 71 with value: 0.3394765648628487.
checkpoint_e24 window_influence: 0.49096559710744059, penalty_k: 0.53878052879066163, scale_lr: 0.49435738390273343, EAO: 0.299
Trial 166 finished with value: 0.29881165022979916 and parameters: {'window_influence': 0.4909655971074406, 'penalty_k': 0.5387805287906616, 'scale_lr': 0.4943573839027334}. Best is trial 71 with value: 0.3394765648628487.
checkpoint_e24 window_influence: 0.43579519632712149, penalty_k: 0.56646130542973749, scale_lr: 0.78624810798922584, EAO: 0.319
Trial 167 finished with value: 0.3191176770610104 and parameters: {'window_influence': 0.4357951963271215, 'penalty_k': 0.5664613054297375, 'scale_lr': 0.7862481079892258}. Best is trial 71 with value: 0.3394765648628487.
checkpoint_e24 window_influence: 0.47017032574222806, penalty_k: 0.31684215242424985, scale_lr: 0.74638453401711868, EAO: 0.315
Trial 168 finished with value: 0.31475957033699126 and parameters: {'window_influence': 0.47017032574222806, 'penalty_k': 0.31684215242424985, 'scale_lr': 0.7463845340171187}. Best is trial 71 with value: 0.3394765648628487.
checkpoint_e24 window_influence: 0.45812139568826982, penalty_k: 0.55033180382867763, scale_lr: 0.62477654864270615, EAO: 0.329
Trial 169 finished with value: 0.32913972141677766 and parameters: {'window_influence': 0.4581213956882698, 'penalty_k': 0.5503318038286776, 'scale_lr': 0.6247765486427062}. Best is trial 71 with value: 0.3394765648628487.
checkpoint_e24 window_influence: 0.41651506847229236, penalty_k: 0.49701478663091164, scale_lr: 0.62353193993715139, EAO: 0.320
Trial 170 finished with value: 0.3204401425350501 and parameters: {'window_influence': 0.41651506847229236, 'penalty_k': 0.49701478663091164, 'scale_lr': 0.6235319399371514}. Best is trial 71 with value: 0.3394765648628487.
checkpoint_e24 window_influence: 0.45436312589253453, penalty_k: 0.52768852471066785, scale_lr: 0.61843919634958688, EAO: 0.322
Trial 171 finished with value: 0.3216171095923227 and parameters: {'window_influence': 0.4543631258925345, 'penalty_k': 0.5276885247106679, 'scale_lr': 0.6184391963495869}. Best is trial 71 with value: 0.3394765648628487.
checkpoint_e24 window_influence: 0.46165708726001753, penalty_k: 0.54863744570527806, scale_lr: 0.64878393126799605, EAO: 0.316
Trial 172 finished with value: 0.31643634437355084 and parameters: {'window_influence': 0.46165708726001753, 'penalty_k': 0.5486374457052781, 'scale_lr': 0.648783931267996}. Best is trial 71 with value: 0.3394765648628487.
checkpoint_e24 window_influence: 0.44352462326162068, penalty_k: 0.55020951722080769, scale_lr: 0.70019991877078047, EAO: 0.309
Trial 173 finished with value: 0.30888112243047483 and parameters: {'window_influence': 0.4435246232616207, 'penalty_k': 0.5502095172208077, 'scale_lr': 0.7001999187707805}. Best is trial 71 with value: 0.3394765648628487.
checkpoint_e24 window_influence: 0.48111238181753763, penalty_k: 0.57981735266826062, scale_lr: 0.65636637103451012, EAO: 0.311
Trial 174 finished with value: 0.3107883934844793 and parameters: {'window_influence': 0.4811123818175376, 'penalty_k': 0.5798173526682606, 'scale_lr': 0.6563663710345101}. Best is trial 71 with value: 0.3394765648628487.
checkpoint_e24 window_influence: 0.50313196616410460, penalty_k: 0.52737446098058183, scale_lr: 0.76428920606864259, EAO: 0.303
Trial 175 finished with value: 0.3033353682853832 and parameters: {'window_influence': 0.5031319661641046, 'penalty_k': 0.5273744609805818, 'scale_lr': 0.7642892060686426}. Best is trial 71 with value: 0.3394765648628487.
checkpoint_e24 window_influence: 0.47075107588624965, penalty_k: 0.56382059546420982, scale_lr: 0.63570436004224029, EAO: 0.325
Trial 176 finished with value: 0.32537891730260293 and parameters: {'window_influence': 0.47075107588624965, 'penalty_k': 0.5638205954642098, 'scale_lr': 0.6357043600422403}. Best is trial 71 with value: 0.3394765648628487.
checkpoint_e24 window_influence: 0.49418705747947939, penalty_k: 0.59390814672517434, scale_lr: 0.59777929234853222, EAO: 0.278
Trial 177 finished with value: 0.27843284850454514 and parameters: {'window_influence': 0.4941870574794794, 'penalty_k': 0.5939081467251743, 'scale_lr': 0.5977792923485322}. Best is trial 71 with value: 0.3394765648628487.
checkpoint_e24 window_influence: 0.47366829718411363, penalty_k: 0.46026536262233558, scale_lr: 0.61590426210617522, EAO: 0.324
Trial 178 finished with value: 0.32414497835163014 and parameters: {'window_influence': 0.47366829718411363, 'penalty_k': 0.4602653626223356, 'scale_lr': 0.6159042621061752}. Best is trial 71 with value: 0.3394765648628487.
checkpoint_e24 window_influence: 0.51447826477216319, penalty_k: 0.50672664425615976, scale_lr: 0.73398502088773920, EAO: 0.293
Trial 179 finished with value: 0.2928172500680857 and parameters: {'window_influence': 0.5144782647721632, 'penalty_k': 0.5067266442561598, 'scale_lr': 0.7339850208877392}. Best is trial 71 with value: 0.3394765648628487.
checkpoint_e24 window_influence: 0.42982280388416189, penalty_k: 0.56804097443515011, scale_lr: 0.63718795834461295, EAO: 0.306
Trial 180 finished with value: 0.3060864372476066 and parameters: {'window_influence': 0.4298228038841619, 'penalty_k': 0.5680409744351501, 'scale_lr': 0.637187958344613}. Best is trial 71 with value: 0.3394765648628487.
checkpoint_e24 window_influence: 0.45693469246498508, penalty_k: 0.56112263373491467, scale_lr: 0.65749542757822377, EAO: 0.344
Trial 181 finished with value: 0.3438142961333234 and parameters: {'window_influence': 0.4569346924649851, 'penalty_k': 0.5611226337349147, 'scale_lr': 0.6574954275782238}. Best is trial 181 with value: 0.3438142961333234.
checkpoint_e24 window_influence: 0.45254652867209699, penalty_k: 0.53938389054637670, scale_lr: 0.63096529709026361, EAO: 0.338
Trial 182 finished with value: 0.3375324821425783 and parameters: {'window_influence': 0.452546528672097, 'penalty_k': 0.5393838905463767, 'scale_lr': 0.6309652970902636}. Best is trial 181 with value: 0.3438142961333234.
checkpoint_e24 window_influence: 0.45263422072497944, penalty_k: 0.54148321655134235, scale_lr: 0.63087146873034872, EAO: 0.326
Trial 183 finished with value: 0.32634971218350334 and parameters: {'window_influence': 0.45263422072497944, 'penalty_k': 0.5414832165513424, 'scale_lr': 0.6308714687303487}. Best is trial 181 with value: 0.3438142961333234.
checkpoint_e24 window_influence: 0.45100321373714031, penalty_k: 0.53872197514208786, scale_lr: 0.62805695169382092, EAO: 0.326
Trial 184 finished with value: 0.32643361923063774 and parameters: {'window_influence': 0.4510032137371403, 'penalty_k': 0.5387219751420879, 'scale_lr': 0.6280569516938209}. Best is trial 181 with value: 0.3438142961333234.
checkpoint_e24 window_influence: 0.44261888779703257, penalty_k: 0.54991280049429569, scale_lr: 0.60515240469728593, EAO: 0.315
Trial 185 finished with value: 0.3151880887115976 and parameters: {'window_influence': 0.44261888779703257, 'penalty_k': 0.5499128004942957, 'scale_lr': 0.6051524046972859}. Best is trial 181 with value: 0.3438142961333234.
checkpoint_e24 window_influence: 0.45498039435117421, penalty_k: 0.51767660942155480, scale_lr: 0.63128843387220568, EAO: 0.329
Trial 186 finished with value: 0.3294026471297565 and parameters: {'window_influence': 0.4549803943511742, 'penalty_k': 0.5176766094215548, 'scale_lr': 0.6312884338722057}. Best is trial 181 with value: 0.3438142961333234.
checkpoint_e24 window_influence: 0.45502135715186615, penalty_k: 0.51717303728072039, scale_lr: 0.65014420842889575, EAO: 0.310
Trial 187 finished with value: 0.3098735223716335 and parameters: {'window_influence': 0.45502135715186615, 'penalty_k': 0.5171730372807204, 'scale_lr': 0.6501442084288958}. Best is trial 181 with value: 0.3438142961333234.
checkpoint_e24 window_influence: 0.44015819383559673, penalty_k: 0.52571396935782388, scale_lr: 0.66433397907295144, EAO: 0.323
Trial 188 finished with value: 0.32328007239775897 and parameters: {'window_influence': 0.44015819383559673, 'penalty_k': 0.5257139693578239, 'scale_lr': 0.6643339790729514}. Best is trial 181 with value: 0.3438142961333234.
checkpoint_e24 window_influence: 0.48319091690979643, penalty_k: 0.36260972180194873, scale_lr: 0.62773007529592617, EAO: 0.311
Trial 189 finished with value: 0.3109194927990205 and parameters: {'window_influence': 0.48319091690979643, 'penalty_k': 0.3626097218019487, 'scale_lr': 0.6277300752959262}. Best is trial 181 with value: 0.3438142961333234.
checkpoint_e24 window_influence: 0.42714358893227189, penalty_k: 0.48635438448250234, scale_lr: 0.58457770750731652, EAO: 0.306
Trial 190 finished with value: 0.3059525704917277 and parameters: {'window_influence': 0.4271435889322719, 'penalty_k': 0.48635438448250234, 'scale_lr': 0.5845777075073165}. Best is trial 181 with value: 0.3438142961333234.
checkpoint_e24 window_influence: 0.45431844713595970, penalty_k: 0.54194898664974578, scale_lr: 0.61535861431023609, EAO: 0.333
Trial 191 finished with value: 0.3331771715605769 and parameters: {'window_influence': 0.4543184471359597, 'penalty_k': 0.5419489866497458, 'scale_lr': 0.6153586143102361}. Best is trial 181 with value: 0.3438142961333234.
checkpoint_e24 window_influence: 0.46068805961630732, penalty_k: 0.53245958774578983, scale_lr: 0.64299518228741426, EAO: 0.330
Trial 192 finished with value: 0.33035628897670644 and parameters: {'window_influence': 0.4606880596163073, 'penalty_k': 0.5324595877457898, 'scale_lr': 0.6429951822874143}. Best is trial 181 with value: 0.3438142961333234.
checkpoint_e24 window_influence: 0.46560955045438329, penalty_k: 0.51635347583957236, scale_lr: 0.61034179602840943, EAO: 0.320
Trial 193 finished with value: 0.31956289325938614 and parameters: {'window_influence': 0.4656095504543833, 'penalty_k': 0.5163534758395724, 'scale_lr': 0.6103417960284094}. Best is trial 181 with value: 0.3438142961333234.
checkpoint_e24 window_influence: 0.45856151264825362, penalty_k: 0.55202415812854544, scale_lr: 0.64570216996129803, EAO: 0.326
Trial 194 finished with value: 0.32621518884883316 and parameters: {'window_influence': 0.4585615126482536, 'penalty_k': 0.5520241581285454, 'scale_lr': 0.645702169961298}. Best is trial 181 with value: 0.3438142961333234.
checkpoint_e24 window_influence: 0.44032850232246190, penalty_k: 0.52987651770681921, scale_lr: 0.66142417427334954, EAO: 0.318
Trial 195 finished with value: 0.31846789418491406 and parameters: {'window_influence': 0.4403285023224619, 'penalty_k': 0.5298765177068192, 'scale_lr': 0.6614241742733495}. Best is trial 181 with value: 0.3438142961333234.
checkpoint_e24 window_influence: 0.48540460907296762, penalty_k: 0.50559324885997992, scale_lr: 0.59937746479527176, EAO: 0.299
Trial 196 finished with value: 0.2990888768248985 and parameters: {'window_influence': 0.4854046090729676, 'penalty_k': 0.5055932488599799, 'scale_lr': 0.5993774647952718}. Best is trial 181 with value: 0.3438142961333234.
checkpoint_e24 window_influence: 0.47237838553376410, penalty_k: 0.57732056791622632, scale_lr: 0.61919692484401712, EAO: 0.306
Trial 197 finished with value: 0.30649601328929577 and parameters: {'window_influence': 0.4723783855337641, 'penalty_k': 0.5773205679162263, 'scale_lr': 0.6191969248440171}. Best is trial 181 with value: 0.3438142961333234.
checkpoint_e24 window_influence: 0.45694236229612156, penalty_k: 0.59890975915541567, scale_lr: 0.68100847112783014, EAO: 0.323
Trial 198 finished with value: 0.32349390974304554 and parameters: {'window_influence': 0.45694236229612156, 'penalty_k': 0.5989097591554157, 'scale_lr': 0.6810084711278301}. Best is trial 181 with value: 0.3438142961333234.
checkpoint_e24 window_influence: 0.44067514473888153, penalty_k: 0.56430845028944132, scale_lr: 0.64003238109052962, EAO: 0.307
Trial 199 finished with value: 0.30685968407165215 and parameters: {'window_influence': 0.44067514473888153, 'penalty_k': 0.5643084502894413, 'scale_lr': 0.6400323810905296}. Best is trial 181 with value: 0.3438142961333234.
checkpoint_e24 window_influence: 0.40816375596986831, penalty_k: 0.53592097507949243, scale_lr: 0.65553447311119906, EAO: 0.301
Trial 200 finished with value: 0.30140982075424044 and parameters: {'window_influence': 0.4081637559698683, 'penalty_k': 0.5359209750794924, 'scale_lr': 0.6555344731111991}. Best is trial 181 with value: 0.3438142961333234.
checkpoint_e24 window_influence: 0.45060625967247414, penalty_k: 0.54303666839896436, scale_lr: 0.62103047735436090, EAO: 0.324
Trial 201 finished with value: 0.3240650205180803 and parameters: {'window_influence': 0.45060625967247414, 'penalty_k': 0.5430366683989644, 'scale_lr': 0.6210304773543609}. Best is trial 181 with value: 0.3438142961333234.
checkpoint_e24 window_influence: 0.45938037652390384, penalty_k: 0.52382881485379418, scale_lr: 0.63614177216912215, EAO: 0.331
Trial 202 finished with value: 0.33149232996576955 and parameters: {'window_influence': 0.45938037652390384, 'penalty_k': 0.5238288148537942, 'scale_lr': 0.6361417721691222}. Best is trial 181 with value: 0.3438142961333234.
checkpoint_e24 window_influence: 0.47730343555375215, penalty_k: 0.52251133028856778, scale_lr: 0.63936654250368097, EAO: 0.313
Trial 203 finished with value: 0.31320693752645057 and parameters: {'window_influence': 0.47730343555375215, 'penalty_k': 0.5225113302885678, 'scale_lr': 0.639366542503681}. Best is trial 181 with value: 0.3438142961333234.
checkpoint_e24 window_influence: 0.46138427258406017, penalty_k: 0.50567639215379956, scale_lr: 0.67042817044765568, EAO: 0.327
