Trial 455 finished with value: 0.32592810771576625 and parameters: {'window_influence': 0.4776031846312659, 'penalty_k': 0.13518035172501852, 'scale_lr': 0.35327815907968785}. Best is trial 386 with value: 0.35297253809086543.
checkpoint_e18 window_influence: 0.45418305777103624, penalty_k: 0.03005980796748576, scale_lr: 0.34647805025465772, EAO: 0.340
Trial 203 finished with value: 0.33956811377046636 and parameters: {'window_influence': 0.45418305777103624, 'penalty_k': 0.03005980796748576, 'scale_lr': 0.3464780502546577}. Best is trial 201 with value: 0.34928440305509456.
checkpoint_e18 window_influence: 0.56794272606647123, penalty_k: 0.09890102912921897, scale_lr: 0.41739220458940712, EAO: 0.271
Trial 456 finished with value: 0.27073073016066496 and parameters: {'window_influence': 0.5679427260664712, 'penalty_k': 0.09890102912921897, 'scale_lr': 0.4173922045894071}. Best is trial 386 with value: 0.35297253809086543.
checkpoint_e18 window_influence: 0.49731705769950907, penalty_k: 0.30324966595001762, scale_lr: 0.44004930524050323, EAO: 0.279
Trial 457 finished with value: 0.2788903613498703 and parameters: {'window_influence': 0.49731705769950907, 'penalty_k': 0.3032496659500176, 'scale_lr': 0.44004930524050323}. Best is trial 386 with value: 0.35297253809086543.
checkpoint_e18 window_influence: 0.41154045814546891, penalty_k: 0.02298484975404347, scale_lr: 0.36612852052234551, EAO: 0.305
Trial 204 finished with value: 0.30496596460908304 and parameters: {'window_influence': 0.4115404581454689, 'penalty_k': 0.022984849754043468, 'scale_lr': 0.3661285205223455}. Best is trial 201 with value: 0.34928440305509456.
checkpoint_e18 window_influence: 0.47015039522324248, penalty_k: 0.12073391752006737, scale_lr: 0.42401482671510776, EAO: 0.312
Trial 458 finished with value: 0.3122304871620371 and parameters: {'window_influence': 0.4701503952232425, 'penalty_k': 0.12073391752006737, 'scale_lr': 0.42401482671510776}. Best is trial 386 with value: 0.35297253809086543.
checkpoint_e18 window_influence: 0.49071042445616714, penalty_k: 0.27736998364786625, scale_lr: 0.67940499123668319, EAO: 0.296
Trial 459 finished with value: 0.2964324094789965 and parameters: {'window_influence': 0.49071042445616714, 'penalty_k': 0.27736998364786625, 'scale_lr': 0.6794049912366832}. Best is trial 386 with value: 0.35297253809086543.
checkpoint_e18 window_influence: 0.46602729308840696, penalty_k: 0.08822795739312325, scale_lr: 0.50651678005885226, EAO: 0.310
Trial 460 finished with value: 0.31006787908680244 and parameters: {'window_influence': 0.46602729308840696, 'penalty_k': 0.08822795739312325, 'scale_lr': 0.5065167800588523}. Best is trial 386 with value: 0.35297253809086543.
checkpoint_e18 window_influence: 0.44836927108360414, penalty_k: 0.24196632632087933, scale_lr: 0.64283233921305571, EAO: 0.303
Trial 205 finished with value: 0.30300095515028513 and parameters: {'window_influence': 0.44836927108360414, 'penalty_k': 0.24196632632087933, 'scale_lr': 0.6428323392130557}. Best is trial 201 with value: 0.34928440305509456.
checkpoint_e18 window_influence: 0.48106581140107579, penalty_k: 0.16032718337781682, scale_lr: 0.60782868260613565, EAO: 0.320
Trial 461 finished with value: 0.31975855049224217 and parameters: {'window_influence': 0.4810658114010758, 'penalty_k': 0.16032718337781682, 'scale_lr': 0.6078286826061357}. Best is trial 386 with value: 0.35297253809086543.
checkpoint_e18 window_influence: 0.36377144235210962, penalty_k: 0.14634036773848511, scale_lr: 0.10252652388876038, EAO: 0.289
Trial 462 finished with value: 0.28889877543375186 and parameters: {'window_influence': 0.3637714423521096, 'penalty_k': 0.1463403677384851, 'scale_lr': 0.10252652388876038}. Best is trial 386 with value: 0.35297253809086543.
checkpoint_e18 window_influence: 0.42104339621232856, penalty_k: 0.03184335790184806, scale_lr: 0.40522195596093635, EAO: 0.306
Trial 206 finished with value: 0.3056257976516212 and parameters: {'window_influence': 0.42104339621232856, 'penalty_k': 0.03184335790184806, 'scale_lr': 0.40522195596093635}. Best is trial 201 with value: 0.34928440305509456.
checkpoint_e18 window_influence: 0.17123271785315133, penalty_k: 0.10494556413099830, scale_lr: 0.47502502225395532, EAO: 0.266
Trial 463 finished with value: 0.2659672812960955 and parameters: {'window_influence': 0.17123271785315133, 'penalty_k': 0.1049455641309983, 'scale_lr': 0.4750250222539553}. Best is trial 386 with value: 0.35297253809086543.
checkpoint_e18 window_influence: 0.45222050767076027, penalty_k: 0.02692227414139207, scale_lr: 0.45854771796034333, EAO: 0.304
Trial 464 finished with value: 0.3040450218818531 and parameters: {'window_influence': 0.4522205076707603, 'penalty_k': 0.026922274141392068, 'scale_lr': 0.4585477179603433}. Best is trial 386 with value: 0.35297253809086543.
checkpoint_e18 window_influence: 0.52475171804172105, penalty_k: 0.08349555618902112, scale_lr: 0.66577541093244919, EAO: 0.282
Trial 465 finished with value: 0.2817274169699227 and parameters: {'window_influence': 0.524751718041721, 'penalty_k': 0.08349555618902112, 'scale_lr': 0.6657754109324492}. Best is trial 386 with value: 0.35297253809086543.
checkpoint_e18 window_influence: 0.48535431727113310, penalty_k: 0.01558616761757375, scale_lr: 0.33967771551417170, EAO: 0.329
Trial 207 finished with value: 0.3286945939875762 and parameters: {'window_influence': 0.4853543172711331, 'penalty_k': 0.01558616761757375, 'scale_lr': 0.3396777155141717}. Best is trial 201 with value: 0.34928440305509456.
checkpoint_e18 window_influence: 0.49644640977033111, penalty_k: 0.00221244782826966, scale_lr: 0.43746129819875845, EAO: 0.319
Trial 466 finished with value: 0.31936335650631426 and parameters: {'window_influence': 0.4964464097703311, 'penalty_k': 0.0022124478282696605, 'scale_lr': 0.43746129819875845}. Best is trial 386 with value: 0.35297253809086543.
checkpoint_e18 window_influence: 0.47450845176057238, penalty_k: 0.11938590215888049, scale_lr: 0.49142455588891526, EAO: 0.337
Trial 467 finished with value: 0.33659157075770635 and parameters: {'window_influence': 0.4745084517605724, 'penalty_k': 0.1193859021588805, 'scale_lr': 0.49142455588891526}. Best is trial 386 with value: 0.35297253809086543.
checkpoint_e18 window_influence: 0.40446134235774922, penalty_k: 0.04908501168942124, scale_lr: 0.38211574692229722, EAO: 0.326
Trial 208 finished with value: 0.3260874486155083 and parameters: {'window_influence': 0.4044613423577492, 'penalty_k': 0.04908501168942124, 'scale_lr': 0.3821157469222972}. Best is trial 201 with value: 0.34928440305509456.
checkpoint_e18 window_influence: 0.09267080290456559, penalty_k: 0.14044490491152287, scale_lr: 0.64352891864203499, EAO: 0.265
Trial 468 finished with value: 0.2649187561602908 and parameters: {'window_influence': 0.09267080290456559, 'penalty_k': 0.14044490491152287, 'scale_lr': 0.643528918642035}. Best is trial 386 with value: 0.35297253809086543.
checkpoint_e18 window_influence: 0.47763559796692878, penalty_k: 0.12094607558990175, scale_lr: 0.48947623864745649, EAO: 0.326
Trial 469 finished with value: 0.3255019982849114 and parameters: {'window_influence': 0.4776355979669288, 'penalty_k': 0.12094607558990175, 'scale_lr': 0.4894762386474565}. Best is trial 386 with value: 0.35297253809086543.
checkpoint_e18 window_influence: 0.50418118974083326, penalty_k: 0.11244253960118802, scale_lr: 0.34306527289419769, EAO: 0.313
Trial 470 finished with value: 0.3127381683323634 and parameters: {'window_influence': 0.5041811897408333, 'penalty_k': 0.11244253960118802, 'scale_lr': 0.3430652728941977}. Best is trial 386 with value: 0.35297253809086543.
checkpoint_e18 window_influence: 0.55166700142077052, penalty_k: 0.06278939468403019, scale_lr: 0.41931703744253251, EAO: 0.308
Trial 209 finished with value: 0.3080497156785156 and parameters: {'window_influence': 0.5516670014207705, 'penalty_k': 0.06278939468403019, 'scale_lr': 0.4193170374425325}. Best is trial 201 with value: 0.34928440305509456.
checkpoint_e18 window_influence: 0.58002246414458525, penalty_k: 0.12930307806554731, scale_lr: 0.46719487451707881, EAO: 0.271
Trial 471 finished with value: 0.2706025068861965 and parameters: {'window_influence': 0.5800224641445852, 'penalty_k': 0.1293030780655473, 'scale_lr': 0.4671948745170788}. Best is trial 386 with value: 0.35297253809086543.
checkpoint_e18 window_influence: 0.48642177151664190, penalty_k: 0.09899453619776030, scale_lr: 0.38660215007968979, EAO: 0.325
Trial 472 finished with value: 0.32456751051811855 and parameters: {'window_influence': 0.4864217715166419, 'penalty_k': 0.0989945361977603, 'scale_lr': 0.3866021500796898}. Best is trial 386 with value: 0.35297253809086543.
checkpoint_e18 window_influence: 0.46770332302961048, penalty_k: 0.11720709064121937, scale_lr: 0.39404581290577084, EAO: 0.308
Trial 210 finished with value: 0.3080239313353824 and parameters: {'window_influence': 0.4677033230296105, 'penalty_k': 0.11720709064121937, 'scale_lr': 0.39404581290577084}. Best is trial 201 with value: 0.34928440305509456.
checkpoint_e18 window_influence: 0.46899361191389072, penalty_k: 0.11572644570836590, scale_lr: 0.42102274234527659, EAO: 0.308
Trial 473 finished with value: 0.3076692534907783 and parameters: {'window_influence': 0.4689936119138907, 'penalty_k': 0.1157264457083659, 'scale_lr': 0.4210227423452766}. Best is trial 386 with value: 0.35297253809086543.
checkpoint_e18 window_influence: 0.51284628292436063, penalty_k: 0.12935427917377651, scale_lr: 0.40159745345016717, EAO: 0.290
Trial 474 finished with value: 0.28961701633169495 and parameters: {'window_influence': 0.5128462829243606, 'penalty_k': 0.1293542791737765, 'scale_lr': 0.4015974534501672}. Best is trial 386 with value: 0.35297253809086543.
checkpoint_e18 window_influence: 0.48394215216741432, penalty_k: 0.14175831173519762, scale_lr: 0.45041608308027492, EAO: 0.319
Trial 475 finished with value: 0.31936874237737767 and parameters: {'window_influence': 0.4839421521674143, 'penalty_k': 0.14175831173519762, 'scale_lr': 0.4504160830802749}. Best is trial 386 with value: 0.35297253809086543.
checkpoint_e18 window_influence: 0.45813591787487590, penalty_k: 0.36031964953875040, scale_lr: 0.35190715697902875, EAO: 0.310
Trial 211 finished with value: 0.31006143587108714 and parameters: {'window_influence': 0.4581359178748759, 'penalty_k': 0.3603196495387504, 'scale_lr': 0.35190715697902875}. Best is trial 201 with value: 0.34928440305509456.
checkpoint_e18 window_influence: 0.46491094950936590, penalty_k: 0.29565074296738703, scale_lr: 0.48709220329147590, EAO: 0.315
Trial 476 finished with value: 0.31533442083963625 and parameters: {'window_influence': 0.4649109495093659, 'penalty_k': 0.295650742967387, 'scale_lr': 0.4870922032914759}. Best is trial 386 with value: 0.35297253809086543.
checkpoint_e18 window_influence: 0.49562714406044578, penalty_k: 0.32162670748862443, scale_lr: 0.51362298773965986, EAO: 0.296
Trial 477 finished with value: 0.29633484090812473 and parameters: {'window_influence': 0.4956271440604458, 'penalty_k': 0.32162670748862443, 'scale_lr': 0.5136229877396599}. Best is trial 386 with value: 0.35297253809086543.
checkpoint_e18 window_influence: 0.44827366032514698, penalty_k: 0.13749165936592850, scale_lr: 0.36898103091748996, EAO: 0.305
Trial 212 finished with value: 0.3052520097925505 and parameters: {'window_influence': 0.448273660325147, 'penalty_k': 0.1374916593659285, 'scale_lr': 0.36898103091748996}. Best is trial 201 with value: 0.34928440305509456.
checkpoint_e18 window_influence: 0.47802182376399777, penalty_k: 0.09870227100666641, scale_lr: 0.40609022328632582, EAO: 0.324
Trial 478 finished with value: 0.32377735690615983 and parameters: {'window_influence': 0.47802182376399777, 'penalty_k': 0.09870227100666641, 'scale_lr': 0.4060902232863258}. Best is trial 386 with value: 0.35297253809086543.
checkpoint_e18 window_influence: 0.29530826103875718, penalty_k: 0.02039915320569008, scale_lr: 0.49602655410102930, EAO: 0.309
Trial 479 finished with value: 0.3089022836448618 and parameters: {'window_influence': 0.2953082610387572, 'penalty_k': 0.02039915320569008, 'scale_lr': 0.4960265541010293}. Best is trial 386 with value: 0.35297253809086543.
checkpoint_e18 window_influence: 0.44770575134013740, penalty_k: 0.10853948140893870, scale_lr: 0.43053757026754191, EAO: 0.327
Trial 480 finished with value: 0.32708106349414423 and parameters: {'window_influence': 0.4477057513401374, 'penalty_k': 0.1085394814089387, 'scale_lr': 0.4305375702675419}. Best is trial 386 with value: 0.35297253809086543.
checkpoint_e18 window_influence: 0.43438523640272225, penalty_k: 0.03785611667622192, scale_lr: 0.36104049691500906, EAO: 0.321
Trial 213 finished with value: 0.3213788038445818 and parameters: {'window_influence': 0.43438523640272225, 'penalty_k': 0.03785611667622192, 'scale_lr': 0.36104049691500906}. Best is trial 201 with value: 0.34928440305509456.
checkpoint_e18 window_influence: 0.46345245287872844, penalty_k: 0.50882450753385366, scale_lr: 0.59266213206969931, EAO: 0.298
Trial 481 finished with value: 0.29756371247861174 and parameters: {'window_influence': 0.46345245287872844, 'penalty_k': 0.5088245075338537, 'scale_lr': 0.5926621320696993}. Best is trial 386 with value: 0.35297253809086543.
checkpoint_e18 window_influence: 0.47445045247906792, penalty_k: 0.16134186538786680, scale_lr: 0.47702286849691111, EAO: 0.323
Trial 482 finished with value: 0.32287420303441206 and parameters: {'window_influence': 0.4744504524790679, 'penalty_k': 0.1613418653878668, 'scale_lr': 0.4770228684969111}. Best is trial 386 with value: 0.35297253809086543.
checkpoint_e18 window_influence: 0.59589655255665253, penalty_k: 0.02301361166745297, scale_lr: 0.31156529496095114, EAO: 0.278
Trial 214 finished with value: 0.2779097201063475 and parameters: {'window_influence': 0.5958965525566525, 'penalty_k': 0.023013611667452968, 'scale_lr': 0.31156529496095114}. Best is trial 201 with value: 0.34928440305509456.
checkpoint_e18 window_influence: 0.49096834768224734, penalty_k: 0.08365588628874067, scale_lr: 0.45869709929668839, EAO: 0.303
Trial 483 finished with value: 0.30260504660439397 and parameters: {'window_influence': 0.49096834768224734, 'penalty_k': 0.08365588628874067, 'scale_lr': 0.4586970992966884}. Best is trial 386 with value: 0.35297253809086543.
checkpoint_e18 window_influence: 0.53386728956797536, penalty_k: 0.04221929738863023, scale_lr: 0.51357004402203443, EAO: 0.278
Trial 484 finished with value: 0.2779067231755312 and parameters: {'window_influence': 0.5338672895679754, 'penalty_k': 0.04221929738863023, 'scale_lr': 0.5135700440220344}. Best is trial 386 with value: 0.35297253809086543.
checkpoint_e18 window_influence: 0.45847524484362079, penalty_k: 0.28863959672250272, scale_lr: 0.69560576482398728, EAO: 0.315
Trial 485 finished with value: 0.3150181788878682 and parameters: {'window_influence': 0.4584752448436208, 'penalty_k': 0.2886395967225027, 'scale_lr': 0.6956057648239873}. Best is trial 386 with value: 0.35297253809086543.
checkpoint_e18 window_influence: 0.47083772290258885, penalty_k: 0.00999547845157757, scale_lr: 0.33981070161435600, EAO: 0.319
Trial 215 finished with value: 0.3194996352789467 and parameters: {'window_influence': 0.47083772290258885, 'penalty_k': 0.009995478451577574, 'scale_lr': 0.339810701614356}. Best is trial 201 with value: 0.34928440305509456.
checkpoint_e18 window_influence: 0.50274894404145654, penalty_k: 0.05707726435507697, scale_lr: 0.62392482309924580, EAO: 0.309
Trial 486 finished with value: 0.30900959125520655 and parameters: {'window_influence': 0.5027489440414565, 'penalty_k': 0.05707726435507697, 'scale_lr': 0.6239248230992458}. Best is trial 386 with value: 0.35297253809086543.
checkpoint_e18 window_influence: 0.47329302435352050, penalty_k: 0.11726291998914937, scale_lr: 0.58273896149975368, EAO: 0.313
Trial 487 finished with value: 0.3129781473587459 and parameters: {'window_influence': 0.4732930243535205, 'penalty_k': 0.11726291998914937, 'scale_lr': 0.5827389614997537}. Best is trial 386 with value: 0.35297253809086543.
checkpoint_e18 window_influence: 0.38291492356838119, penalty_k: 0.41098207551843435, scale_lr: 0.38077447149154686, EAO: 0.306
Trial 216 finished with value: 0.30597966897812334 and parameters: {'window_influence': 0.3829149235683812, 'penalty_k': 0.41098207551843435, 'scale_lr': 0.38077447149154686}. Best is trial 201 with value: 0.34928440305509456.
checkpoint_e18 window_influence: 0.45377227395335556, penalty_k: 0.20691041777409003, scale_lr: 0.44416453150494478, EAO: 0.309
Trial 488 finished with value: 0.3092918296268478 and parameters: {'window_influence': 0.45377227395335556, 'penalty_k': 0.20691041777409003, 'scale_lr': 0.4441645315049448}. Best is trial 386 with value: 0.35297253809086543.
checkpoint_e18 window_influence: 0.33162223993255990, penalty_k: 0.07603311696495470, scale_lr: 0.56169655313353495, EAO: 0.310
Trial 489 finished with value: 0.3104736819457451 and parameters: {'window_influence': 0.3316222399325599, 'penalty_k': 0.0760331169649547, 'scale_lr': 0.561696553133535}. Best is trial 386 with value: 0.35297253809086543.
checkpoint_e18 window_influence: 0.42633732409445219, penalty_k: 0.07571064776508590, scale_lr: 0.34850113557416440, EAO: 0.317
Trial 217 finished with value: 0.3173425142519205 and parameters: {'window_influence': 0.4263373240944522, 'penalty_k': 0.0757106477650859, 'scale_lr': 0.3485011355741644}. Best is trial 201 with value: 0.34928440305509456.
checkpoint_e18 window_influence: 0.48603151551878782, penalty_k: 0.09502145166073718, scale_lr: 0.29431067947573253, EAO: 0.350
Trial 490 finished with value: 0.3497650507359189 and parameters: {'window_influence': 0.4860315155187878, 'penalty_k': 0.09502145166073718, 'scale_lr': 0.29431067947573253}. Best is trial 386 with value: 0.35297253809086543.
checkpoint_e18 window_influence: 0.51473641919931312, penalty_k: 0.24081859178455237, scale_lr: 0.30564504594536268, EAO: 0.312
Trial 491 finished with value: 0.3119506543712393 and parameters: {'window_influence': 0.5147364191993131, 'penalty_k': 0.24081859178455237, 'scale_lr': 0.3056450459453627}. Best is trial 386 with value: 0.35297253809086543.
checkpoint_e18 window_influence: 0.48750250860036615, penalty_k: 0.09278702973663998, scale_lr: 0.43311172891053884, EAO: 0.336
Trial 492 finished with value: 0.3358300360724156 and parameters: {'window_influence': 0.48750250860036615, 'penalty_k': 0.09278702973663998, 'scale_lr': 0.43311172891053884}. Best is trial 386 with value: 0.35297253809086543.
checkpoint_e18 window_influence: 0.44506919554668645, penalty_k: 0.04512280124499258, scale_lr: 0.40276059516936424, EAO: 0.337
Trial 218 finished with value: 0.3369296880779563 and parameters: {'window_influence': 0.44506919554668645, 'penalty_k': 0.04512280124499258, 'scale_lr': 0.40276059516936424}. Best is trial 201 with value: 0.34928440305509456.
checkpoint_e18 window_influence: 0.49736978485732153, penalty_k: 0.09328009182597621, scale_lr: 0.42281095488359549, EAO: 0.313
Trial 493 finished with value: 0.3130265346181068 and parameters: {'window_influence': 0.49736978485732153, 'penalty_k': 0.09328009182597621, 'scale_lr': 0.4228109548835955}. Best is trial 386 with value: 0.35297253809086543.
checkpoint_e18 window_influence: 0.48765509415790215, penalty_k: 0.10593509423694919, scale_lr: 0.39756370296925231, EAO: 0.325
Trial 494 finished with value: 0.32489066521713245 and parameters: {'window_influence': 0.48765509415790215, 'penalty_k': 0.10593509423694919, 'scale_lr': 0.3975637029692523}. Best is trial 386 with value: 0.35297253809086543.
checkpoint_e18 window_influence: 0.44035017409667382, penalty_k: 0.05342730109849474, scale_lr: 0.40415277648270370, EAO: 0.330
Trial 219 finished with value: 0.32971890177940116 and parameters: {'window_influence': 0.4403501740966738, 'penalty_k': 0.053427301098494744, 'scale_lr': 0.4041527764827037}. Best is trial 201 with value: 0.34928440305509456.
checkpoint_e18 window_influence: 0.62960304821908175, penalty_k: 0.09499879846206535, scale_lr: 0.23592520108132525, EAO: 0.259
Trial 495 finished with value: 0.2593257791337336 and parameters: {'window_influence': 0.6296030482190818, 'penalty_k': 0.09499879846206535, 'scale_lr': 0.23592520108132525}. Best is trial 386 with value: 0.35297253809086543.
checkpoint_e18 window_influence: 0.50515813660725206, penalty_k: 0.48835044891246621, scale_lr: 0.38242426743290747, EAO: 0.288
Trial 496 finished with value: 0.2884350866659142 and parameters: {'window_influence': 0.5051581366072521, 'penalty_k': 0.4883504489124662, 'scale_lr': 0.38242426743290747}. Best is trial 386 with value: 0.35297253809086543.
checkpoint_e18 window_influence: 0.48552188225190279, penalty_k: 0.07490533114765686, scale_lr: 0.27749739399884266, EAO: 0.322
Trial 497 finished with value: 0.3221880039236425 and parameters: {'window_influence': 0.4855218822519028, 'penalty_k': 0.07490533114765686, 'scale_lr': 0.27749739399884266}. Best is trial 386 with value: 0.35297253809086543.
checkpoint_e18 window_influence: 0.39863918440507423, penalty_k: 0.14648350054368670, scale_lr: 0.42975946406802384, EAO: 0.309
Trial 220 finished with value: 0.3085058363379208 and parameters: {'window_influence': 0.39863918440507423, 'penalty_k': 0.1464835005436867, 'scale_lr': 0.42975946406802384}. Best is trial 201 with value: 0.34928440305509456.
checkpoint_e18 window_influence: 0.52038965621095046, penalty_k: 0.26925640105450971, scale_lr: 0.20186129991113944, EAO: 0.308
Trial 498 finished with value: 0.30824658402209154 and parameters: {'window_influence': 0.5203896562109505, 'penalty_k': 0.2692564010545097, 'scale_lr': 0.20186129991113944}. Best is trial 386 with value: 0.35297253809086543.
checkpoint_e18 window_influence: 0.44531550769492512, penalty_k: 0.13588277458613870, scale_lr: 0.34082504216646425, EAO: 0.312
