Trial 640 finished with value: 0.2517388993548048 and parameters: {'window_influence': 0.1454798531066912, 'penalty_k': 0.5464358173875965, 'scale_lr': 0.56721278089319}. Best is trial 164 with value: 0.3660086329577034.
checkpoint_e29 window_influence: 0.35327522941034217, penalty_k: 0.36157380633578912, scale_lr: 0.64984628699927582, EAO: 0.329
Trial 641 finished with value: 0.32880063349170907 and parameters: {'window_influence': 0.3532752294103422, 'penalty_k': 0.3615738063357891, 'scale_lr': 0.6498462869992758}. Best is trial 164 with value: 0.3660086329577034.
checkpoint_e29 window_influence: 0.47417057957711500, penalty_k: 0.32447940778002854, scale_lr: 0.39458822458790976, EAO: 0.326
Trial 642 finished with value: 0.3257645045620922 and parameters: {'window_influence': 0.474170579577115, 'penalty_k': 0.32447940778002854, 'scale_lr': 0.39458822458790976}. Best is trial 164 with value: 0.3660086329577034.
checkpoint_e29 window_influence: 0.43435123895680577, penalty_k: 0.33691401966933560, scale_lr: 0.23769356838359157, EAO: 0.331
Trial 643 finished with value: 0.3309382305766822 and parameters: {'window_influence': 0.4343512389568058, 'penalty_k': 0.3369140196693356, 'scale_lr': 0.23769356838359157}. Best is trial 164 with value: 0.3660086329577034.
checkpoint_e29 window_influence: 0.36896549585919847, penalty_k: 0.23402932233927098, scale_lr: 0.68813900329540933, EAO: 0.309
Trial 644 finished with value: 0.3091164998391259 and parameters: {'window_influence': 0.36896549585919847, 'penalty_k': 0.23402932233927098, 'scale_lr': 0.6881390032954093}. Best is trial 164 with value: 0.3660086329577034.
checkpoint_e29 window_influence: 0.49379390807299056, penalty_k: 0.35104362221137153, scale_lr: 0.18316785513966352, EAO: 0.326
Trial 645 finished with value: 0.32647844766364487 and parameters: {'window_influence': 0.49379390807299056, 'penalty_k': 0.35104362221137153, 'scale_lr': 0.18316785513966352}. Best is trial 164 with value: 0.3660086329577034.
checkpoint_e29 window_influence: 0.12687545626602462, penalty_k: 0.37950673829643417, scale_lr: 0.22428721419405845, EAO: 0.269
Trial 646 finished with value: 0.2692286561783186 and parameters: {'window_influence': 0.12687545626602462, 'penalty_k': 0.37950673829643417, 'scale_lr': 0.22428721419405845}. Best is trial 164 with value: 0.3660086329577034.
checkpoint_e29 window_influence: 0.45314640475866808, penalty_k: 0.28712782469640247, scale_lr: 0.23774389082770414, EAO: 0.316
Trial 647 finished with value: 0.3159344911807242 and parameters: {'window_influence': 0.4531464047586681, 'penalty_k': 0.28712782469640247, 'scale_lr': 0.23774389082770414}. Best is trial 164 with value: 0.3660086329577034.
checkpoint_e29 window_influence: 0.39301946627516227, penalty_k: 0.36908890412808593, scale_lr: 0.41548435336278522, EAO: 0.323
Trial 648 finished with value: 0.32294680410090126 and parameters: {'window_influence': 0.39301946627516227, 'penalty_k': 0.3690889041280859, 'scale_lr': 0.4154843533627852}. Best is trial 164 with value: 0.3660086329577034.
checkpoint_e29 window_influence: 0.62494867859321834, penalty_k: 0.11379294141246024, scale_lr: 0.27440976952860713, EAO: 0.255
Trial 649 finished with value: 0.2551927900499871 and parameters: {'window_influence': 0.6249486785932183, 'penalty_k': 0.11379294141246024, 'scale_lr': 0.27440976952860713}. Best is trial 164 with value: 0.3660086329577034.
checkpoint_e29 window_influence: 0.42567456101861728, penalty_k: 0.40968431779413322, scale_lr: 0.58747086997193421, EAO: 0.322
Trial 650 finished with value: 0.32159811142353695 and parameters: {'window_influence': 0.4256745610186173, 'penalty_k': 0.4096843177941332, 'scale_lr': 0.5874708699719342}. Best is trial 164 with value: 0.3660086329577034.
checkpoint_e29 window_influence: 0.30861975137114600, penalty_k: 0.16785182758227624, scale_lr: 0.10176728684926759, EAO: 0.310
Trial 651 finished with value: 0.3099636231415003 and parameters: {'window_influence': 0.308619751371146, 'penalty_k': 0.16785182758227624, 'scale_lr': 0.10176728684926759}. Best is trial 164 with value: 0.3660086329577034.
checkpoint_e29 window_influence: 0.23966863168804081, penalty_k: 0.03469876344202272, scale_lr: 0.44904234240156066, EAO: 0.296
Trial 652 finished with value: 0.2955324628937569 and parameters: {'window_influence': 0.2396686316880408, 'penalty_k': 0.03469876344202272, 'scale_lr': 0.44904234240156066}. Best is trial 164 with value: 0.3660086329577034.
checkpoint_e29 window_influence: 0.34756460236580761, penalty_k: 0.00126682075690715, scale_lr: 0.63126759966183454, EAO: 0.316
Trial 653 finished with value: 0.31622994763609963 and parameters: {'window_influence': 0.3475646023658076, 'penalty_k': 0.00126682075690715, 'scale_lr': 0.6312675996618345}. Best is trial 164 with value: 0.3660086329577034.
checkpoint_e29 window_influence: 0.37905649291513538, penalty_k: 0.39638899811472583, scale_lr: 0.35076055365053960, EAO: 0.322
Trial 654 finished with value: 0.32176025559698096 and parameters: {'window_influence': 0.3790564929151354, 'penalty_k': 0.39638899811472583, 'scale_lr': 0.3507605536505396}. Best is trial 164 with value: 0.3660086329577034.
checkpoint_e29 window_influence: 0.40626153384844027, penalty_k: 0.38122520290869510, scale_lr: 0.14970841474691560, EAO: 0.325
Trial 655 finished with value: 0.3251797341766988 and parameters: {'window_influence': 0.40626153384844027, 'penalty_k': 0.3812252029086951, 'scale_lr': 0.1497084147469156}. Best is trial 164 with value: 0.3660086329577034.
checkpoint_e29 window_influence: 0.24478407065383267, penalty_k: 0.18622509958366074, scale_lr: 0.33962048329869643, EAO: 0.306
Trial 656 finished with value: 0.3057194363746198 and parameters: {'window_influence': 0.24478407065383267, 'penalty_k': 0.18622509958366074, 'scale_lr': 0.33962048329869643}. Best is trial 164 with value: 0.3660086329577034.
checkpoint_e29 window_influence: 0.36475117026798148, penalty_k: 0.14160216541612347, scale_lr: 0.19633877906924913, EAO: 0.339
Trial 657 finished with value: 0.3394304235621649 and parameters: {'window_influence': 0.3647511702679815, 'penalty_k': 0.14160216541612347, 'scale_lr': 0.19633877906924913}. Best is trial 164 with value: 0.3660086329577034.
checkpoint_e29 window_influence: 0.38742144057830930, penalty_k: 0.35986485723099726, scale_lr: 0.77373548123542135, EAO: 0.326
Trial 658 finished with value: 0.32553721778819533 and parameters: {'window_influence': 0.3874214405783093, 'penalty_k': 0.35986485723099726, 'scale_lr': 0.7737354812354214}. Best is trial 164 with value: 0.3660086329577034.
checkpoint_e29 window_influence: 0.45030191576122269, penalty_k: 0.34480284274249962, scale_lr: 0.39810904406360859, EAO: 0.317
Trial 659 finished with value: 0.31687847782897577 and parameters: {'window_influence': 0.4503019157612227, 'penalty_k': 0.3448028427424996, 'scale_lr': 0.3981090440636086}. Best is trial 164 with value: 0.3660086329577034.
checkpoint_e29 window_influence: 0.47989394662542811, penalty_k: 0.31019271545222893, scale_lr: 0.37035595233096819, EAO: 0.321
Trial 660 finished with value: 0.32066901990643737 and parameters: {'window_influence': 0.4798939466254281, 'penalty_k': 0.31019271545222893, 'scale_lr': 0.3703559523309682}. Best is trial 164 with value: 0.3660086329577034.
checkpoint_e29 window_influence: 0.29979605792922837, penalty_k: 0.41529340651004598, scale_lr: 0.24323632552945779, EAO: 0.289
Trial 661 finished with value: 0.28941849343739595 and parameters: {'window_influence': 0.29979605792922837, 'penalty_k': 0.415293406510046, 'scale_lr': 0.2432363255294578}. Best is trial 164 with value: 0.3660086329577034.
checkpoint_e29 window_influence: 0.33422464483566494, penalty_k: 0.38878358787600048, scale_lr: 0.60638993001935193, EAO: 0.328
Trial 662 finished with value: 0.32792568032843594 and parameters: {'window_influence': 0.33422464483566494, 'penalty_k': 0.3887835878760005, 'scale_lr': 0.6063899300193519}. Best is trial 164 with value: 0.3660086329577034.
checkpoint_e29 window_influence: 0.41531753036233288, penalty_k: 0.32396233747770847, scale_lr: 0.15520385615557092, EAO: 0.345
Trial 663 finished with value: 0.3452318928816903 and parameters: {'window_influence': 0.4153175303623329, 'penalty_k': 0.3239623374777085, 'scale_lr': 0.15520385615557092}. Best is trial 164 with value: 0.3660086329577034.
checkpoint_e29 window_influence: 0.40162352209159063, penalty_k: 0.37019204745638745, scale_lr: 0.54467129277866055, EAO: 0.329
Trial 664 finished with value: 0.3291498459150819 and parameters: {'window_influence': 0.40162352209159063, 'penalty_k': 0.37019204745638745, 'scale_lr': 0.5446712927786606}. Best is trial 164 with value: 0.3660086329577034.
checkpoint_e29 window_influence: 0.10210549421951884, penalty_k: 0.40270549019036939, scale_lr: 0.16237589611841491, EAO: 0.245
Trial 665 finished with value: 0.24462330926948947 and parameters: {'window_influence': 0.10210549421951884, 'penalty_k': 0.4027054901903694, 'scale_lr': 0.1623758961184149}. Best is trial 164 with value: 0.3660086329577034.
checkpoint_e29 window_influence: 0.35443317613642178, penalty_k: 0.42987459958669155, scale_lr: 0.28514891381538626, EAO: 0.320
Trial 666 finished with value: 0.31990601354303994 and parameters: {'window_influence': 0.3544331761364218, 'penalty_k': 0.42987459958669155, 'scale_lr': 0.28514891381538626}. Best is trial 164 with value: 0.3660086329577034.
checkpoint_e29 window_influence: 0.17879150134872770, penalty_k: 0.27802138949129274, scale_lr: 0.20113562914126237, EAO: 0.281
Trial 667 finished with value: 0.28071586915259233 and parameters: {'window_influence': 0.1787915013487277, 'penalty_k': 0.27802138949129274, 'scale_lr': 0.20113562914126237}. Best is trial 164 with value: 0.3660086329577034.
checkpoint_e29 window_influence: 0.57283766381481871, penalty_k: 0.19746830189058728, scale_lr: 0.13598186063529191, EAO: 0.317
Trial 668 finished with value: 0.3166924072030917 and parameters: {'window_influence': 0.5728376638148187, 'penalty_k': 0.19746830189058728, 'scale_lr': 0.1359818606352919}. Best is trial 164 with value: 0.3660086329577034.
checkpoint_e29 window_influence: 0.36904779064863802, penalty_k: 0.35483142797051209, scale_lr: 0.36517142168616612, EAO: 0.329
Trial 669 finished with value: 0.32866928943864104 and parameters: {'window_influence': 0.369047790648638, 'penalty_k': 0.3548314279705121, 'scale_lr': 0.3651714216861661}. Best is trial 164 with value: 0.3660086329577034.
checkpoint_e29 window_influence: 0.43268154820541815, penalty_k: 0.24016739497492534, scale_lr: 0.26170824678152749, EAO: 0.314
Trial 670 finished with value: 0.31412015327683684 and parameters: {'window_influence': 0.43268154820541815, 'penalty_k': 0.24016739497492534, 'scale_lr': 0.2617082467815275}. Best is trial 164 with value: 0.3660086329577034.
checkpoint_e29 window_influence: 0.46950609020274486, penalty_k: 0.38209649080158348, scale_lr: 0.22621922705874159, EAO: 0.347
Trial 671 finished with value: 0.34691909187498726 and parameters: {'window_influence': 0.46950609020274486, 'penalty_k': 0.3820964908015835, 'scale_lr': 0.2262192270587416}. Best is trial 164 with value: 0.3660086329577034.
checkpoint_e29 window_influence: 0.51386368168818963, penalty_k: 0.51455800632887649, scale_lr: 0.30953491744775063, EAO: 0.305
Trial 672 finished with value: 0.30483285984176606 and parameters: {'window_influence': 0.5138636816881896, 'penalty_k': 0.5145580063288765, 'scale_lr': 0.30953491744775063}. Best is trial 164 with value: 0.3660086329577034.
checkpoint_e29 window_influence: 0.19123342133998514, penalty_k: 0.56970395428583176, scale_lr: 0.32674833481832211, EAO: 0.276
Trial 673 finished with value: 0.2756645402903687 and parameters: {'window_influence': 0.19123342133998514, 'penalty_k': 0.5697039542858318, 'scale_lr': 0.3267483348183221}. Best is trial 164 with value: 0.3660086329577034.
checkpoint_e29 window_influence: 0.06405719785262431, penalty_k: 0.33603969351245111, scale_lr: 0.35817542076646813, EAO: 0.237
Trial 674 finished with value: 0.23733803461729786 and parameters: {'window_influence': 0.06405719785262431, 'penalty_k': 0.3360396935124511, 'scale_lr': 0.35817542076646813}. Best is trial 164 with value: 0.3660086329577034.
checkpoint_e29 window_influence: 0.37670602360789740, penalty_k: 0.36444144323034822, scale_lr: 0.66410388027296530, EAO: 0.334
Trial 675 finished with value: 0.3343479991654942 and parameters: {'window_influence': 0.3767060236078974, 'penalty_k': 0.3644414432303482, 'scale_lr': 0.6641038802729653}. Best is trial 164 with value: 0.3660086329577034.
checkpoint_e29 window_influence: 0.44422686107246440, penalty_k: 0.39851738457485070, scale_lr: 0.32022837448803121, EAO: 0.310
Trial 676 finished with value: 0.31002670659861215 and parameters: {'window_influence': 0.4442268610724644, 'penalty_k': 0.3985173845748507, 'scale_lr': 0.3202283744880312}. Best is trial 164 with value: 0.3660086329577034.
checkpoint_e29 window_influence: 0.61771264908111412, penalty_k: 0.29920552473297024, scale_lr: 0.72697741007197836, EAO: 0.242
Trial 677 finished with value: 0.24173686406955644 and parameters: {'window_influence': 0.6177126490811141, 'penalty_k': 0.29920552473297024, 'scale_lr': 0.7269774100719784}. Best is trial 164 with value: 0.3660086329577034.
checkpoint_e29 window_influence: 0.21649883070986428, penalty_k: 0.37923476688993663, scale_lr: 0.44014854454943531, EAO: 0.284
Trial 678 finished with value: 0.28400122777265335 and parameters: {'window_influence': 0.21649883070986428, 'penalty_k': 0.3792347668899366, 'scale_lr': 0.4401485445494353}. Best is trial 164 with value: 0.3660086329577034.
checkpoint_e29 window_influence: 0.39410354594777197, penalty_k: 0.31496648408620614, scale_lr: 0.29161854550715993, EAO: 0.316
Trial 679 finished with value: 0.31649423457305254 and parameters: {'window_influence': 0.39410354594777197, 'penalty_k': 0.31496648408620614, 'scale_lr': 0.29161854550715993}. Best is trial 164 with value: 0.3660086329577034.
checkpoint_e29 window_influence: 0.32176294059230959, penalty_k: 0.50809000369547108, scale_lr: 0.26328953818790235, EAO: 0.302
Trial 680 finished with value: 0.3015605781792667 and parameters: {'window_influence': 0.3217629405923096, 'penalty_k': 0.5080900036954711, 'scale_lr': 0.26328953818790235}. Best is trial 164 with value: 0.3660086329577034.
checkpoint_e29 window_influence: 0.42319868104824726, penalty_k: 0.41984349579833202, scale_lr: 0.20186328363916095, EAO: 0.316
Trial 681 finished with value: 0.31573077381121045 and parameters: {'window_influence': 0.42319868104824726, 'penalty_k': 0.419843495798332, 'scale_lr': 0.20186328363916095}. Best is trial 164 with value: 0.3660086329577034.
checkpoint_e29 window_influence: 0.34287615052629150, penalty_k: 0.52210854510311888, scale_lr: 0.59338426815767920, EAO: 0.331
Trial 682 finished with value: 0.3308797412577306 and parameters: {'window_influence': 0.3428761505262915, 'penalty_k': 0.5221085451031189, 'scale_lr': 0.5933842681576792}. Best is trial 164 with value: 0.3660086329577034.
checkpoint_e29 window_influence: 0.25751867410309059, penalty_k: 0.34425495511376042, scale_lr: 0.62083398276338120, EAO: 0.310
Trial 683 finished with value: 0.309720797413518 and parameters: {'window_influence': 0.2575186741030906, 'penalty_k': 0.3442549551137604, 'scale_lr': 0.6208339827633812}. Best is trial 164 with value: 0.3660086329577034.
checkpoint_e29 window_influence: 0.40566375980816144, penalty_k: 0.38944048870262615, scale_lr: 0.75545339147599544, EAO: 0.327
Trial 684 finished with value: 0.3266160978069565 and parameters: {'window_influence': 0.40566375980816144, 'penalty_k': 0.38944048870262615, 'scale_lr': 0.7554533914759954}. Best is trial 164 with value: 0.3660086329577034.
checkpoint_e29 window_influence: 0.36093904722988113, penalty_k: 0.54135154601608115, scale_lr: 0.22213247128466274, EAO: 0.294
Trial 685 finished with value: 0.2935053137953643 and parameters: {'window_influence': 0.3609390472298811, 'penalty_k': 0.5413515460160812, 'scale_lr': 0.22213247128466274}. Best is trial 164 with value: 0.3660086329577034.
checkpoint_e29 window_influence: 0.38014577617386114, penalty_k: 0.36783155247014143, scale_lr: 0.56039980747027418, EAO: 0.315
Trial 686 finished with value: 0.3152251891820811 and parameters: {'window_influence': 0.38014577617386114, 'penalty_k': 0.36783155247014143, 'scale_lr': 0.5603998074702742}. Best is trial 164 with value: 0.3660086329577034.
checkpoint_e29 window_influence: 0.17970898266969382, penalty_k: 0.32811264037479049, scale_lr: 0.23179588280689678, EAO: 0.271
Trial 687 finished with value: 0.27070052939166356 and parameters: {'window_influence': 0.17970898266969382, 'penalty_k': 0.3281126403747905, 'scale_lr': 0.23179588280689678}. Best is trial 164 with value: 0.3660086329577034.
checkpoint_e29 window_influence: 0.10171047435822983, penalty_k: 0.35717736401974243, scale_lr: 0.27320452423054431, EAO: 0.255
Trial 688 finished with value: 0.2550238808653234 and parameters: {'window_influence': 0.10171047435822983, 'penalty_k': 0.3571773640197424, 'scale_lr': 0.2732045242305443}. Best is trial 164 with value: 0.3660086329577034.
checkpoint_e29 window_influence: 0.45457569983378904, penalty_k: 0.40938948271054998, scale_lr: 0.64075429147139384, EAO: 0.356
Trial 689 finished with value: 0.3559860750626961 and parameters: {'window_influence': 0.45457569983378904, 'penalty_k': 0.40938948271055, 'scale_lr': 0.6407542914713938}. Best is trial 164 with value: 0.3660086329577034.
checkpoint_e29 window_influence: 0.46994653584762341, penalty_k: 0.52782327069349511, scale_lr: 0.64385512836100067, EAO: 0.322
Trial 690 finished with value: 0.32249226354439436 and parameters: {'window_influence': 0.4699465358476234, 'penalty_k': 0.5278232706934951, 'scale_lr': 0.6438551283610007}. Best is trial 164 with value: 0.3660086329577034.
checkpoint_e29 window_influence: 0.45963536267966060, penalty_k: 0.41202488379609936, scale_lr: 0.63539784004994027, EAO: 0.317
Trial 691 finished with value: 0.3169929663494867 and parameters: {'window_influence': 0.4596353626796606, 'penalty_k': 0.41202488379609936, 'scale_lr': 0.6353978400499403}. Best is trial 164 with value: 0.3660086329577034.
checkpoint_e29 window_influence: 0.15098870423797375, penalty_k: 0.43775109196195899, scale_lr: 0.65432763048357456, EAO: 0.283
Trial 692 finished with value: 0.28341738502803016 and parameters: {'window_influence': 0.15098870423797375, 'penalty_k': 0.437751091961959, 'scale_lr': 0.6543276304835746}. Best is trial 164 with value: 0.3660086329577034.
checkpoint_e29 window_influence: 0.46100609426369199, penalty_k: 0.10411150094446869, scale_lr: 0.62161557194258599, EAO: 0.322
Trial 693 finished with value: 0.32183431309252863 and parameters: {'window_influence': 0.461006094263692, 'penalty_k': 0.1041115009444687, 'scale_lr': 0.621615571942586}. Best is trial 164 with value: 0.3660086329577034.
checkpoint_e29 window_influence: 0.48493591084639115, penalty_k: 0.21422301369963875, scale_lr: 0.79974178430813270, EAO: 0.330
Trial 694 finished with value: 0.32963494423066597 and parameters: {'window_influence': 0.48493591084639115, 'penalty_k': 0.21422301369963875, 'scale_lr': 0.7997417843081327}. Best is trial 164 with value: 0.3660086329577034.
checkpoint_e29 window_influence: 0.47699288543005530, penalty_k: 0.42031238459068071, scale_lr: 0.60602330108147096, EAO: 0.356
Trial 695 finished with value: 0.35557332275442577 and parameters: {'window_influence': 0.4769928854300553, 'penalty_k': 0.4203123845906807, 'scale_lr': 0.606023301081471}. Best is trial 164 with value: 0.3660086329577034.
checkpoint_e29 window_influence: 0.47652593546668126, penalty_k: 0.42745730601809839, scale_lr: 0.59653564084076172, EAO: 0.318
Trial 696 finished with value: 0.31794236153943994 and parameters: {'window_influence': 0.47652593546668126, 'penalty_k': 0.4274573060180984, 'scale_lr': 0.5965356408407617}. Best is trial 164 with value: 0.3660086329577034.
checkpoint_e29 window_influence: 0.49599746546821283, penalty_k: 0.42921677983580842, scale_lr: 0.60937826968520392, EAO: 0.296
Trial 697 finished with value: 0.29617502879539814 and parameters: {'window_influence': 0.49599746546821283, 'penalty_k': 0.4292167798358084, 'scale_lr': 0.6093782696852039}. Best is trial 164 with value: 0.3660086329577034.
checkpoint_e29 window_influence: 0.48198194730469152, penalty_k: 0.44861971520434701, scale_lr: 0.58249566729628677, EAO: 0.328
Trial 698 finished with value: 0.3282394064771526 and parameters: {'window_influence': 0.4819819473046915, 'penalty_k': 0.448619715204347, 'scale_lr': 0.5824956672962868}. Best is trial 164 with value: 0.3660086329577034.
checkpoint_e29 window_influence: 0.46757735496463299, penalty_k: 0.45829127686712567, scale_lr: 0.60266728353269361, EAO: 0.337
Trial 699 finished with value: 0.3374891728742577 and parameters: {'window_influence': 0.467577354964633, 'penalty_k': 0.4582912768671257, 'scale_lr': 0.6026672835326936}. Best is trial 164 with value: 0.3660086329577034.
checkpoint_e29 window_influence: 0.63907123217373207, penalty_k: 0.09038894761172503, scale_lr: 0.61974497756484559, EAO: 0.242
Trial 700 finished with value: 0.2419167678179908 and parameters: {'window_influence': 0.6390712321737321, 'penalty_k': 0.09038894761172503, 'scale_lr': 0.6197449775648456}. Best is trial 164 with value: 0.3660086329577034.
checkpoint_e29 window_influence: 0.44640821277439813, penalty_k: 0.41672677548233811, scale_lr: 0.73778186720862748, EAO: 0.344
Trial 701 finished with value: 0.3443245107329773 and parameters: {'window_influence': 0.4464082127743981, 'penalty_k': 0.4167267754823381, 'scale_lr': 0.7377818672086275}. Best is trial 164 with value: 0.3660086329577034.
checkpoint_e29 window_influence: 0.46006215488136482, penalty_k: 0.41264745074306070, scale_lr: 0.58089554086187933, EAO: 0.332
