Trial 2284 finished with value: 0.2786924130489854 and parameters: {'window_influence': 0.31587804472198877, 'penalty_k': 0.1819748078238811, 'scale_lr': 0.44465181078842714}. Best is trial 1270 with value: 0.3623636909959845.
checkpoint_e22 window_influence: 0.47242891623155159, penalty_k: 0.13724658630231698, scale_lr: 0.33280163374958688, EAO: 0.317
Trial 2285 finished with value: 0.3169265386543385 and parameters: {'window_influence': 0.4724289162315516, 'penalty_k': 0.13724658630231698, 'scale_lr': 0.3328016337495869}. Best is trial 1270 with value: 0.3623636909959845.
checkpoint_e22 window_influence: 0.49321537631081336, penalty_k: 0.10789212557725650, scale_lr: 0.40369035534318054, EAO: 0.293
Trial 2286 finished with value: 0.2933072117284114 and parameters: {'window_influence': 0.49321537631081336, 'penalty_k': 0.1078921255772565, 'scale_lr': 0.40369035534318054}. Best is trial 1270 with value: 0.3623636909959845.
checkpoint_e22 window_influence: 0.50760074828798329, penalty_k: 0.00013855651111234, scale_lr: 0.36693031821236599, EAO: 0.328
Trial 2287 finished with value: 0.32821619301918414 and parameters: {'window_influence': 0.5076007482879833, 'penalty_k': 0.00013855651111234317, 'scale_lr': 0.366930318212366}. Best is trial 1270 with value: 0.3623636909959845.
checkpoint_e22 window_influence: 0.26779770058046537, penalty_k: 0.09169366224904531, scale_lr: 0.34756748095120571, EAO: 0.295
Trial 2288 finished with value: 0.29531973907687786 and parameters: {'window_influence': 0.26779770058046537, 'penalty_k': 0.09169366224904531, 'scale_lr': 0.3475674809512057}. Best is trial 1270 with value: 0.3623636909959845.
checkpoint_e22 window_influence: 0.52414857919065316, penalty_k: 0.51949692306153872, scale_lr: 0.49647189385305185, EAO: 0.293
Trial 2289 finished with value: 0.29276645896731646 and parameters: {'window_influence': 0.5241485791906532, 'penalty_k': 0.5194969230615387, 'scale_lr': 0.49647189385305185}. Best is trial 1270 with value: 0.3623636909959845.
checkpoint_e22 window_influence: 0.48147901440410656, penalty_k: 0.04499104589852893, scale_lr: 0.74227248332041773, EAO: 0.323
Trial 2290 finished with value: 0.3227223477358948 and parameters: {'window_influence': 0.48147901440410656, 'penalty_k': 0.044991045898528925, 'scale_lr': 0.7422724833204177}. Best is trial 1270 with value: 0.3623636909959845.
checkpoint_e22 window_influence: 0.43400339348360006, penalty_k: 0.38470190864972120, scale_lr: 0.28416062436499495, EAO: 0.292
Trial 2291 finished with value: 0.2924201440950312 and parameters: {'window_influence': 0.43400339348360006, 'penalty_k': 0.3847019086497212, 'scale_lr': 0.28416062436499495}. Best is trial 1270 with value: 0.3623636909959845.
checkpoint_e22 window_influence: 0.44787017815814051, penalty_k: 0.02935407778830561, scale_lr: 0.43334592151353335, EAO: 0.301
Trial 2292 finished with value: 0.3012112421400352 and parameters: {'window_influence': 0.4478701781581405, 'penalty_k': 0.029354077788305614, 'scale_lr': 0.43334592151353335}. Best is trial 1270 with value: 0.3623636909959845.
checkpoint_e22 window_influence: 0.05177837324122564, penalty_k: 0.06153554309502044, scale_lr: 0.30326455542794040, EAO: 0.236
Trial 2293 finished with value: 0.23626425497030934 and parameters: {'window_influence': 0.05177837324122564, 'penalty_k': 0.06153554309502044, 'scale_lr': 0.3032645554279404}. Best is trial 1270 with value: 0.3623636909959845.
checkpoint_e22 window_influence: 0.46365617048867508, penalty_k: 0.07962737893147927, scale_lr: 0.58422307889999070, EAO: 0.355
Trial 2294 finished with value: 0.35486308702698943 and parameters: {'window_influence': 0.4636561704886751, 'penalty_k': 0.07962737893147927, 'scale_lr': 0.5842230788999907}. Best is trial 1270 with value: 0.3623636909959845.
checkpoint_e22 window_influence: 0.44356546946780612, penalty_k: 0.12794006871639196, scale_lr: 0.59690888355375027, EAO: 0.306
Trial 2295 finished with value: 0.30639050448682986 and parameters: {'window_influence': 0.4435654694678061, 'penalty_k': 0.12794006871639196, 'scale_lr': 0.5969088835537503}. Best is trial 1270 with value: 0.3623636909959845.
checkpoint_e22 window_influence: 0.45720252580503756, penalty_k: 0.15471441177722900, scale_lr: 0.59582002865221850, EAO: 0.308
Trial 2296 finished with value: 0.30778209030164355 and parameters: {'window_influence': 0.45720252580503756, 'penalty_k': 0.154714411777229, 'scale_lr': 0.5958200286522185}. Best is trial 1270 with value: 0.3623636909959845.
checkpoint_e22 window_influence: 0.43697952074959601, penalty_k: 0.10994412432160952, scale_lr: 0.60799971790322571, EAO: 0.327
Trial 2297 finished with value: 0.32665782900171986 and parameters: {'window_influence': 0.436979520749596, 'penalty_k': 0.10994412432160952, 'scale_lr': 0.6079997179032257}. Best is trial 1270 with value: 0.3623636909959845.
checkpoint_e22 window_influence: 0.40909343076110627, penalty_k: 0.08272956568477012, scale_lr: 0.60316722269883305, EAO: 0.323
Trial 2298 finished with value: 0.3231851855720527 and parameters: {'window_influence': 0.40909343076110627, 'penalty_k': 0.08272956568477012, 'scale_lr': 0.603167222698833}. Best is trial 1270 with value: 0.3623636909959845.
checkpoint_e22 window_influence: 0.36872334832463272, penalty_k: 0.19179460678992247, scale_lr: 0.61881575482918993, EAO: 0.305
Trial 2299 finished with value: 0.3049036040612232 and parameters: {'window_influence': 0.3687233483246327, 'penalty_k': 0.19179460678992247, 'scale_lr': 0.6188157548291899}. Best is trial 1270 with value: 0.3623636909959845.
checkpoint_e22 window_influence: 0.45692243553687573, penalty_k: 0.13933189037639632, scale_lr: 0.57694605790611897, EAO: 0.317
Trial 2300 finished with value: 0.3167710742018102 and parameters: {'window_influence': 0.4569224355368757, 'penalty_k': 0.13933189037639632, 'scale_lr': 0.576946057906119}. Best is trial 1270 with value: 0.3623636909959845.
checkpoint_e22 window_influence: 0.46605403350464508, penalty_k: 0.09514529372084585, scale_lr: 0.59971806131997107, EAO: 0.322
Trial 2301 finished with value: 0.32235115650562923 and parameters: {'window_influence': 0.4660540335046451, 'penalty_k': 0.09514529372084585, 'scale_lr': 0.5997180613199711}. Best is trial 1270 with value: 0.3623636909959845.
checkpoint_e22 window_influence: 0.61425296387571138, penalty_k: 0.11969802118051913, scale_lr: 0.61691285954715980, EAO: 0.237
Trial 2302 finished with value: 0.23729678269490193 and parameters: {'window_influence': 0.6142529638757114, 'penalty_k': 0.11969802118051913, 'scale_lr': 0.6169128595471598}. Best is trial 1270 with value: 0.3623636909959845.
checkpoint_e22 window_influence: 0.45039947015033743, penalty_k: 0.10186729823244485, scale_lr: 0.57692375692800257, EAO: 0.328
Trial 2303 finished with value: 0.32815251368956805 and parameters: {'window_influence': 0.45039947015033743, 'penalty_k': 0.10186729823244485, 'scale_lr': 0.5769237569280026}. Best is trial 1270 with value: 0.3623636909959845.
checkpoint_e22 window_influence: 0.22325077220950815, penalty_k: 0.14859083318551738, scale_lr: 0.58624966621270880, EAO: 0.279
Trial 2304 finished with value: 0.2788426286979408 and parameters: {'window_influence': 0.22325077220950815, 'penalty_k': 0.14859083318551738, 'scale_lr': 0.5862496662127088}. Best is trial 1270 with value: 0.3623636909959845.
checkpoint_e22 window_influence: 0.46515878579166925, penalty_k: 0.07851495466646717, scale_lr: 0.58987811374573329, EAO: 0.350
Trial 2305 finished with value: 0.3499420468445418 and parameters: {'window_influence': 0.46515878579166925, 'penalty_k': 0.07851495466646717, 'scale_lr': 0.5898781137457333}. Best is trial 1270 with value: 0.3623636909959845.
checkpoint_e22 window_influence: 0.41822506125957548, penalty_k: 0.12949270904598917, scale_lr: 0.63532093988685001, EAO: 0.309
Trial 2306 finished with value: 0.3086586985374703 and parameters: {'window_influence': 0.4182250612595755, 'penalty_k': 0.12949270904598917, 'scale_lr': 0.63532093988685}. Best is trial 1270 with value: 0.3623636909959845.
checkpoint_e22 window_influence: 0.42893420684181882, penalty_k: 0.21476850335652004, scale_lr: 0.60255358318232122, EAO: 0.316
Trial 2307 finished with value: 0.31567102919988593 and parameters: {'window_influence': 0.4289342068418188, 'penalty_k': 0.21476850335652004, 'scale_lr': 0.6025535831823212}. Best is trial 1270 with value: 0.3623636909959845.
checkpoint_e22 window_influence: 0.19510524374919450, penalty_k: 0.10985164464535510, scale_lr: 0.61198105962650096, EAO: 0.273
Trial 2308 finished with value: 0.2727708942927275 and parameters: {'window_influence': 0.1951052437491945, 'penalty_k': 0.1098516446453551, 'scale_lr': 0.611981059626501}. Best is trial 1270 with value: 0.3623636909959845.
checkpoint_e22 window_influence: 0.47168638949212949, penalty_k: 0.09533951820204503, scale_lr: 0.63331108031959038, EAO: 0.313
Trial 2309 finished with value: 0.31342533288762725 and parameters: {'window_influence': 0.4716863894921295, 'penalty_k': 0.09533951820204503, 'scale_lr': 0.6333110803195904}. Best is trial 1270 with value: 0.3623636909959845.
checkpoint_e22 window_influence: 0.44507293048292579, penalty_k: 0.16887813830252504, scale_lr: 0.57824372912929078, EAO: 0.305
Trial 2310 finished with value: 0.30456656292950596 and parameters: {'window_influence': 0.4450729304829258, 'penalty_k': 0.16887813830252504, 'scale_lr': 0.5782437291292908}. Best is trial 1270 with value: 0.3623636909959845.
checkpoint_e22 window_influence: 0.53698355499907946, penalty_k: 0.07484166641205198, scale_lr: 0.19102943923067539, EAO: 0.311
Trial 2311 finished with value: 0.3106434128395778 and parameters: {'window_influence': 0.5369835549990795, 'penalty_k': 0.07484166641205198, 'scale_lr': 0.1910294392306754}. Best is trial 1270 with value: 0.3623636909959845.
checkpoint_e22 window_influence: 0.15619267108264073, penalty_k: 0.37049494943336836, scale_lr: 0.51627032018832275, EAO: 0.258
Trial 2312 finished with value: 0.2581202247495317 and parameters: {'window_influence': 0.15619267108264073, 'penalty_k': 0.37049494943336836, 'scale_lr': 0.5162703201883228}. Best is trial 1270 with value: 0.3623636909959845.
checkpoint_e22 window_influence: 0.55453570509654859, penalty_k: 0.11307268403211798, scale_lr: 0.21295648483214330, EAO: 0.311
Trial 2313 finished with value: 0.3114382655935993 and parameters: {'window_influence': 0.5545357050965486, 'penalty_k': 0.11307268403211798, 'scale_lr': 0.2129564848321433}. Best is trial 1270 with value: 0.3623636909959845.
checkpoint_e22 window_influence: 0.45866680133820964, penalty_k: 0.01780743291176357, scale_lr: 0.27294217942752241, EAO: 0.322
Trial 2314 finished with value: 0.3221948037815465 and parameters: {'window_influence': 0.45866680133820964, 'penalty_k': 0.01780743291176357, 'scale_lr': 0.2729421794275224}. Best is trial 1270 with value: 0.3623636909959845.
checkpoint_e22 window_influence: 0.48692038649826441, penalty_k: 0.13024222477851161, scale_lr: 0.48242620050359813, EAO: 0.331
Trial 2315 finished with value: 0.33067542963918545 and parameters: {'window_influence': 0.4869203864982644, 'penalty_k': 0.1302422247785116, 'scale_lr': 0.48242620050359813}. Best is trial 1270 with value: 0.3623636909959845.
checkpoint_e22 window_influence: 0.47337573767174396, penalty_k: 0.20088622251295446, scale_lr: 0.24940897688041996, EAO: 0.318
Trial 2316 finished with value: 0.31795044481058526 and parameters: {'window_influence': 0.47337573767174396, 'penalty_k': 0.20088622251295446, 'scale_lr': 0.24940897688041996}. Best is trial 1270 with value: 0.3623636909959845.
checkpoint_e22 window_influence: 0.51427400037834892, penalty_k: 0.09233946851298708, scale_lr: 0.55927630568404552, EAO: 0.306
Trial 2317 finished with value: 0.3063280418921074 and parameters: {'window_influence': 0.5142740003783489, 'penalty_k': 0.09233946851298708, 'scale_lr': 0.5592763056840455}. Best is trial 1270 with value: 0.3623636909959845.
checkpoint_e22 window_influence: 0.49580527257591434, penalty_k: 0.14428918917692463, scale_lr: 0.45903169731012211, EAO: 0.326
Trial 2318 finished with value: 0.32618547402003395 and parameters: {'window_influence': 0.49580527257591434, 'penalty_k': 0.14428918917692463, 'scale_lr': 0.4590316973101221}. Best is trial 1270 with value: 0.3623636909959845.
checkpoint_e22 window_influence: 0.45523214261765527, penalty_k: 0.11614966328488105, scale_lr: 0.58671023638305786, EAO: 0.338
Trial 2319 finished with value: 0.338455538225545 and parameters: {'window_influence': 0.45523214261765527, 'penalty_k': 0.11614966328488105, 'scale_lr': 0.5867102363830579}. Best is trial 1270 with value: 0.3623636909959845.
checkpoint_e22 window_influence: 0.37581549655507235, penalty_k: 0.08426742166633770, scale_lr: 0.29950962894965238, EAO: 0.318
Trial 2320 finished with value: 0.3178140936774502 and parameters: {'window_influence': 0.37581549655507235, 'penalty_k': 0.0842674216663377, 'scale_lr': 0.2995096289496524}. Best is trial 1270 with value: 0.3623636909959845.
checkpoint_e22 window_influence: 0.05934689950760308, penalty_k: 0.27235608404825562, scale_lr: 0.61914061026619327, EAO: 0.226
Trial 2321 finished with value: 0.22622945023417937 and parameters: {'window_influence': 0.05934689950760308, 'penalty_k': 0.2723560840482556, 'scale_lr': 0.6191406102661933}. Best is trial 1270 with value: 0.3623636909959845.
checkpoint_e22 window_influence: 0.34285130252571483, penalty_k: 0.07021938592675771, scale_lr: 0.32091683033087470, EAO: 0.288
Trial 2322 finished with value: 0.2884980501020001 and parameters: {'window_influence': 0.34285130252571483, 'penalty_k': 0.07021938592675771, 'scale_lr': 0.3209168303308747}. Best is trial 1270 with value: 0.3623636909959845.
checkpoint_e22 window_influence: 0.46957570264139048, penalty_k: 0.10359060311118452, scale_lr: 0.46698509223102241, EAO: 0.339
Trial 2323 finished with value: 0.339404558045391 and parameters: {'window_influence': 0.4695757026413905, 'penalty_k': 0.10359060311118452, 'scale_lr': 0.4669850922310224}. Best is trial 1270 with value: 0.3623636909959845.
checkpoint_e22 window_influence: 0.48415830946971600, penalty_k: 0.16033468236982115, scale_lr: 0.23573393828423367, EAO: 0.316
Trial 2324 finished with value: 0.31583178298482634 and parameters: {'window_influence': 0.484158309469716, 'penalty_k': 0.16033468236982115, 'scale_lr': 0.23573393828423367}. Best is trial 1270 with value: 0.3623636909959845.
checkpoint_e22 window_influence: 0.44106183235938878, penalty_k: 0.01118078794212637, scale_lr: 0.62891348985308415, EAO: 0.320
Trial 2325 finished with value: 0.3198380933545443 and parameters: {'window_influence': 0.4410618323593888, 'penalty_k': 0.011180787942126366, 'scale_lr': 0.6289134898530842}. Best is trial 1270 with value: 0.3623636909959845.
checkpoint_e22 window_influence: 0.50296019113289536, penalty_k: 0.04201777302738983, scale_lr: 0.28602028943554680, EAO: 0.319
Trial 2326 finished with value: 0.3185513356432377 and parameters: {'window_influence': 0.5029601911328954, 'penalty_k': 0.04201777302738983, 'scale_lr': 0.2860202894355468}. Best is trial 1270 with value: 0.3623636909959845.
checkpoint_e22 window_influence: 0.35066410925809260, penalty_k: 0.41370649469351323, scale_lr: 0.11355148804841703, EAO: 0.301
Trial 2327 finished with value: 0.3006552639290517 and parameters: {'window_influence': 0.3506641092580926, 'penalty_k': 0.4137064946935132, 'scale_lr': 0.11355148804841703}. Best is trial 1270 with value: 0.3623636909959845.
checkpoint_e22 window_influence: 0.11753116836136873, penalty_k: 0.12170472234280399, scale_lr: 0.50351016660197345, EAO: 0.251
Trial 2328 finished with value: 0.2509426530233153 and parameters: {'window_influence': 0.11753116836136873, 'penalty_k': 0.121704722342804, 'scale_lr': 0.5035101666019735}. Best is trial 1270 with value: 0.3623636909959845.
checkpoint_e22 window_influence: 0.64788465127000772, penalty_k: 0.13674743058141281, scale_lr: 0.31434531795724840, EAO: 0.223
Trial 2329 finished with value: 0.22314427868401493 and parameters: {'window_influence': 0.6478846512700077, 'penalty_k': 0.1367474305814128, 'scale_lr': 0.3143453179572484}. Best is trial 1270 with value: 0.3623636909959845.
checkpoint_e22 window_influence: 0.47979216590529089, penalty_k: 0.44978092416379045, scale_lr: 0.48036973121955684, EAO: 0.310
Trial 2330 finished with value: 0.30963538268196905 and parameters: {'window_influence': 0.4797921659052909, 'penalty_k': 0.44978092416379045, 'scale_lr': 0.48036973121955684}. Best is trial 1270 with value: 0.3623636909959845.
checkpoint_e22 window_influence: 0.31771863659515043, penalty_k: 0.01988145926609915, scale_lr: 0.44722088039537083, EAO: 0.311
Trial 2331 finished with value: 0.3109267649135701 and parameters: {'window_influence': 0.3177186365951504, 'penalty_k': 0.019881459266099154, 'scale_lr': 0.44722088039537083}. Best is trial 1270 with value: 0.3623636909959845.
checkpoint_e22 window_influence: 0.46415890491766176, penalty_k: 0.05650210424468430, scale_lr: 0.12933243286156332, EAO: 0.340
Trial 2332 finished with value: 0.340161163287404 and parameters: {'window_influence': 0.46415890491766176, 'penalty_k': 0.0565021042446843, 'scale_lr': 0.12933243286156332}. Best is trial 1270 with value: 0.3623636909959845.
checkpoint_e22 window_influence: 0.43317913707721561, penalty_k: 0.23342879715536485, scale_lr: 0.63974139737762825, EAO: 0.297
Trial 2333 finished with value: 0.29663845554631973 and parameters: {'window_influence': 0.4331791370772156, 'penalty_k': 0.23342879715536485, 'scale_lr': 0.6397413973776283}. Best is trial 1270 with value: 0.3623636909959845.
checkpoint_e22 window_influence: 0.52387092266931379, penalty_k: 0.39931958501596670, scale_lr: 0.58729505055154196, EAO: 0.300
Trial 2334 finished with value: 0.3003431265224279 and parameters: {'window_influence': 0.5238709226693138, 'penalty_k': 0.3993195850159667, 'scale_lr': 0.587295050551542}. Best is trial 1270 with value: 0.3623636909959845.
checkpoint_e22 window_influence: 0.40337185489637617, penalty_k: 0.09791359588481188, scale_lr: 0.60840092461719497, EAO: 0.317
Trial 2335 finished with value: 0.31718515990309215 and parameters: {'window_influence': 0.40337185489637617, 'penalty_k': 0.09791359588481188, 'scale_lr': 0.608400924617195}. Best is trial 1270 with value: 0.3623636909959845.
checkpoint_e22 window_influence: 0.49072418335930335, penalty_k: 0.03037380106134096, scale_lr: 0.10298329978303605, EAO: 0.334
Trial 2336 finished with value: 0.3341116457597755 and parameters: {'window_influence': 0.49072418335930335, 'penalty_k': 0.030373801061340956, 'scale_lr': 0.10298329978303605}. Best is trial 1270 with value: 0.3623636909959845.
checkpoint_e22 window_influence: 0.28757426605223130, penalty_k: 0.01085200575871680, scale_lr: 0.26132843242598086, EAO: 0.299
Trial 2337 finished with value: 0.29879470575412426 and parameters: {'window_influence': 0.2875742660522313, 'penalty_k': 0.010852005758716799, 'scale_lr': 0.26132843242598086}. Best is trial 1270 with value: 0.3623636909959845.
checkpoint_e22 window_influence: 0.60152776856757717, penalty_k: 0.00005587258654041, scale_lr: 0.52253732212082593, EAO: 0.256
Trial 2338 finished with value: 0.25572640990932627 and parameters: {'window_influence': 0.6015277685675772, 'penalty_k': 5.587258654040641e-05, 'scale_lr': 0.5225373221208259}. Best is trial 1270 with value: 0.3623636909959845.
checkpoint_e22 window_influence: 0.44785565896892049, penalty_k: 0.28782126373397365, scale_lr: 0.30045125456319050, EAO: 0.319
Trial 2339 finished with value: 0.31928881759309585 and parameters: {'window_influence': 0.4478556589689205, 'penalty_k': 0.28782126373397365, 'scale_lr': 0.3004512545631905}. Best is trial 1270 with value: 0.3623636909959845.
checkpoint_e22 window_influence: 0.47213979978843784, penalty_k: 0.08879954838187284, scale_lr: 0.43157027695987166, EAO: 0.342
Trial 2340 finished with value: 0.34158788441683996 and parameters: {'window_influence': 0.47213979978843784, 'penalty_k': 0.08879954838187284, 'scale_lr': 0.43157027695987166}. Best is trial 1270 with value: 0.3623636909959845.
checkpoint_e22 window_influence: 0.57940706609670611, penalty_k: 0.18074137185944700, scale_lr: 0.65103592270576627, EAO: 0.255
Trial 2341 finished with value: 0.25461384943950965 and parameters: {'window_influence': 0.5794070660967061, 'penalty_k': 0.180741371859447, 'scale_lr': 0.6510359227057663}. Best is trial 1270 with value: 0.3623636909959845.
checkpoint_e22 window_influence: 0.51138594809637639, penalty_k: 0.25916280007171938, scale_lr: 0.56430114966733014, EAO: 0.297
Trial 2342 finished with value: 0.2972406606961781 and parameters: {'window_influence': 0.5113859480963764, 'penalty_k': 0.2591628000717194, 'scale_lr': 0.5643011496673301}. Best is trial 1270 with value: 0.3623636909959845.
checkpoint_e22 window_influence: 0.26777196036306661, penalty_k: 0.10361561390317196, scale_lr: 0.53684013169784084, EAO: 0.282
Trial 2343 finished with value: 0.2817603570014122 and parameters: {'window_influence': 0.2677719603630666, 'penalty_k': 0.10361561390317196, 'scale_lr': 0.5368401316978408}. Best is trial 1270 with value: 0.3623636909959845.
checkpoint_e22 window_influence: 0.45837345945096203, penalty_k: 0.12308239562792532, scale_lr: 0.32405819778520578, EAO: 0.329
Trial 2344 finished with value: 0.32942455630126166 and parameters: {'window_influence': 0.45837345945096203, 'penalty_k': 0.12308239562792532, 'scale_lr': 0.3240581977852058}. Best is trial 1270 with value: 0.3623636909959845.
checkpoint_e22 window_influence: 0.56297468731348255, penalty_k: 0.06793725996014478, scale_lr: 0.27655121083302164, EAO: 0.290
Trial 2345 finished with value: 0.2903209435916596 and parameters: {'window_influence': 0.5629746873134825, 'penalty_k': 0.06793725996014478, 'scale_lr': 0.27655121083302164}. Best is trial 1270 with value: 0.3623636909959845.
checkpoint_e22 window_influence: 0.35859002826128078, penalty_k: 0.15388573855397336, scale_lr: 0.62045244328093685, EAO: 0.310
