Trial 802 finished with value: 0.34278673443812807 and parameters: {'window_influence': 0.4746844163158393, 'penalty_k': 0.180459229631706, 'scale_lr': 0.7993201019594256}. Best is trial 620 with value: 0.36708399363528893.
checkpoint_e33 window_influence: 0.44827739008539952, penalty_k: 0.02500022408696241, scale_lr: 0.76200361508033576, EAO: 0.339
Trial 803 finished with value: 0.3386575493831115 and parameters: {'window_influence': 0.4482773900853995, 'penalty_k': 0.025000224086962414, 'scale_lr': 0.7620036150803358}. Best is trial 620 with value: 0.36708399363528893.
checkpoint_e33 window_influence: 0.07426215219383031, penalty_k: 0.10455912431172973, scale_lr: 0.69819244261866797, EAO: 0.255
Trial 804 finished with value: 0.25469268632306197 and parameters: {'window_influence': 0.07426215219383031, 'penalty_k': 0.10455912431172973, 'scale_lr': 0.698192442618668}. Best is trial 620 with value: 0.36708399363528893.
checkpoint_e33 window_influence: 0.52789469055088756, penalty_k: 0.04107205609801011, scale_lr: 0.42728011238268837, EAO: 0.325
Trial 805 finished with value: 0.32500459462520215 and parameters: {'window_influence': 0.5278946905508876, 'penalty_k': 0.04107205609801011, 'scale_lr': 0.42728011238268837}. Best is trial 620 with value: 0.36708399363528893.
checkpoint_e33 window_influence: 0.49758196944284638, penalty_k: 0.01361275664395730, scale_lr: 0.67833894305420583, EAO: 0.318
Trial 806 finished with value: 0.3176050511431601 and parameters: {'window_influence': 0.4975819694428464, 'penalty_k': 0.013612756643957304, 'scale_lr': 0.6783389430542058}. Best is trial 620 with value: 0.36708399363528893.
checkpoint_e33 window_influence: 0.40282309100872782, penalty_k: 0.15621105469854804, scale_lr: 0.44622098908286123, EAO: 0.337
Trial 807 finished with value: 0.33658665778108143 and parameters: {'window_influence': 0.4028230910087278, 'penalty_k': 0.15621105469854804, 'scale_lr': 0.44622098908286123}. Best is trial 620 with value: 0.36708399363528893.
checkpoint_e33 window_influence: 0.56142307286507609, penalty_k: 0.39188193814136657, scale_lr: 0.74115769444218482, EAO: 0.267
Trial 808 finished with value: 0.26733546480826365 and parameters: {'window_influence': 0.5614230728650761, 'penalty_k': 0.39188193814136657, 'scale_lr': 0.7411576944421848}. Best is trial 620 with value: 0.36708399363528893.
checkpoint_e33 window_influence: 0.48663752508872532, penalty_k: 0.28773241719153853, scale_lr: 0.63485265294443183, EAO: 0.319
Trial 809 finished with value: 0.3188602357870874 and parameters: {'window_influence': 0.4866375250887253, 'penalty_k': 0.2877324171915385, 'scale_lr': 0.6348526529444318}. Best is trial 620 with value: 0.36708399363528893.
checkpoint_e33 window_influence: 0.46476660203257747, penalty_k: 0.13323654026105688, scale_lr: 0.39534658602445283, EAO: 0.356
Trial 810 finished with value: 0.3563019975382066 and parameters: {'window_influence': 0.46476660203257747, 'penalty_k': 0.13323654026105688, 'scale_lr': 0.39534658602445283}. Best is trial 620 with value: 0.36708399363528893.
checkpoint_e33 window_influence: 0.08039703128803921, penalty_k: 0.48898956055941534, scale_lr: 0.35470896175163102, EAO: 0.247
Trial 811 finished with value: 0.24713966215630914 and parameters: {'window_influence': 0.08039703128803921, 'penalty_k': 0.48898956055941534, 'scale_lr': 0.354708961751631}. Best is trial 620 with value: 0.36708399363528893.
checkpoint_e33 window_influence: 0.60342641150452736, penalty_k: 0.29868986908901435, scale_lr: 0.15499894505723774, EAO: 0.257
Trial 812 finished with value: 0.25686626617546676 and parameters: {'window_influence': 0.6034264115045274, 'penalty_k': 0.29868986908901435, 'scale_lr': 0.15499894505723774}. Best is trial 620 with value: 0.36708399363528893.
checkpoint_e33 window_influence: 0.29248535219114763, penalty_k: 0.06631546076334030, scale_lr: 0.53518480220283693, EAO: 0.310
Trial 813 finished with value: 0.31027886642556246 and parameters: {'window_influence': 0.29248535219114763, 'penalty_k': 0.0663154607633403, 'scale_lr': 0.5351848022028369}. Best is trial 620 with value: 0.36708399363528893.
checkpoint_e33 window_influence: 0.20305618613140750, penalty_k: 0.00047587146829335, scale_lr: 0.72465940921301841, EAO: 0.283
Trial 814 finished with value: 0.28317438947319523 and parameters: {'window_influence': 0.2030561861314075, 'penalty_k': 0.0004758714682933495, 'scale_lr': 0.7246594092130184}. Best is trial 620 with value: 0.36708399363528893.
checkpoint_e33 window_influence: 0.50840711613076917, penalty_k: 0.08740632273950272, scale_lr: 0.77693428410522580, EAO: 0.325
Trial 815 finished with value: 0.325193826906412 and parameters: {'window_influence': 0.5084071161307692, 'penalty_k': 0.08740632273950272, 'scale_lr': 0.7769342841052258}. Best is trial 620 with value: 0.36708399363528893.
checkpoint_e33 window_influence: 0.59274760349452171, penalty_k: 0.24369086390355088, scale_lr: 0.50886992370996509, EAO: 0.247
Trial 816 finished with value: 0.24696231201465027 and parameters: {'window_influence': 0.5927476034945217, 'penalty_k': 0.24369086390355088, 'scale_lr': 0.5088699237099651}. Best is trial 620 with value: 0.36708399363528893.
checkpoint_e33 window_influence: 0.34510903435247497, penalty_k: 0.31199044265072756, scale_lr: 0.47566138532281577, EAO: 0.319
Trial 817 finished with value: 0.3192725537583986 and parameters: {'window_influence': 0.345109034352475, 'penalty_k': 0.31199044265072756, 'scale_lr': 0.47566138532281577}. Best is trial 620 with value: 0.36708399363528893.
checkpoint_e33 window_influence: 0.52113744862386302, penalty_k: 0.03114017763896306, scale_lr: 0.41904607831011453, EAO: 0.342
Trial 818 finished with value: 0.34160264943824203 and parameters: {'window_influence': 0.521137448623863, 'penalty_k': 0.03114017763896306, 'scale_lr': 0.41904607831011453}. Best is trial 620 with value: 0.36708399363528893.
checkpoint_e33 window_influence: 0.26614732036739330, penalty_k: 0.12220851823941808, scale_lr: 0.43279478745216937, EAO: 0.297
Trial 819 finished with value: 0.297192990200065 and parameters: {'window_influence': 0.2661473203673933, 'penalty_k': 0.12220851823941808, 'scale_lr': 0.43279478745216937}. Best is trial 620 with value: 0.36708399363528893.
checkpoint_e33 window_influence: 0.47797852975436683, penalty_k: 0.05453767738807356, scale_lr: 0.20456685070767988, EAO: 0.348
Trial 820 finished with value: 0.347590979551063 and parameters: {'window_influence': 0.47797852975436683, 'penalty_k': 0.05453767738807356, 'scale_lr': 0.20456685070767988}. Best is trial 620 with value: 0.36708399363528893.
checkpoint_e33 window_influence: 0.32701616952954016, penalty_k: 0.51569235322880280, scale_lr: 0.65777226654975363, EAO: 0.305
Trial 821 finished with value: 0.3054577215404362 and parameters: {'window_influence': 0.32701616952954016, 'penalty_k': 0.5156923532288028, 'scale_lr': 0.6577722665497536}. Best is trial 620 with value: 0.36708399363528893.
checkpoint_e33 window_influence: 0.27953709860606557, penalty_k: 0.16866766798508775, scale_lr: 0.33272731227724028, EAO: 0.294
Trial 822 finished with value: 0.293885381943057 and parameters: {'window_influence': 0.27953709860606557, 'penalty_k': 0.16866766798508775, 'scale_lr': 0.3327273122772403}. Best is trial 620 with value: 0.36708399363528893.
checkpoint_e33 window_influence: 0.44107343458607112, penalty_k: 0.58845600884858662, scale_lr: 0.57738457202736215, EAO: 0.319
Trial 823 finished with value: 0.31940573732212824 and parameters: {'window_influence': 0.4410734345860711, 'penalty_k': 0.5884560088485866, 'scale_lr': 0.5773845720273622}. Best is trial 620 with value: 0.36708399363528893.
checkpoint_e33 window_influence: 0.49765399178076658, penalty_k: 0.48100974930743989, scale_lr: 0.49684621132982698, EAO: 0.307
Trial 824 finished with value: 0.3065088315348681 and parameters: {'window_influence': 0.4976539917807666, 'penalty_k': 0.4810097493074399, 'scale_lr': 0.496846211329827}. Best is trial 620 with value: 0.36708399363528893.
checkpoint_e33 window_influence: 0.06081560955620746, penalty_k: 0.20275404542913766, scale_lr: 0.28396540211181415, EAO: 0.254
Trial 825 finished with value: 0.2541357982135468 and parameters: {'window_influence': 0.06081560955620746, 'penalty_k': 0.20275404542913766, 'scale_lr': 0.28396540211181415}. Best is trial 620 with value: 0.36708399363528893.
checkpoint_e33 window_influence: 0.42946333844962881, penalty_k: 0.14508854158631013, scale_lr: 0.41123774481327946, EAO: 0.325
Trial 826 finished with value: 0.3254648158290507 and parameters: {'window_influence': 0.4294633384496288, 'penalty_k': 0.14508854158631013, 'scale_lr': 0.41123774481327946}. Best is trial 620 with value: 0.36708399363528893.
checkpoint_e33 window_influence: 0.45794377664062824, penalty_k: 0.09578020535423297, scale_lr: 0.45629908696121696, EAO: 0.343
Trial 827 finished with value: 0.3425463008973385 and parameters: {'window_influence': 0.45794377664062824, 'penalty_k': 0.09578020535423297, 'scale_lr': 0.45629908696121696}. Best is trial 620 with value: 0.36708399363528893.
checkpoint_e33 window_influence: 0.48773939867302429, penalty_k: 0.55889347582921634, scale_lr: 0.22166973271512627, EAO: 0.291
Trial 828 finished with value: 0.29145750565751516 and parameters: {'window_influence': 0.4877393986730243, 'penalty_k': 0.5588934758292163, 'scale_lr': 0.22166973271512627}. Best is trial 620 with value: 0.36708399363528893.
checkpoint_e33 window_influence: 0.50809227250462274, penalty_k: 0.43424132961083106, scale_lr: 0.25186947457191761, EAO: 0.307
Trial 829 finished with value: 0.3066436516171763 and parameters: {'window_influence': 0.5080922725046227, 'penalty_k': 0.43424132961083106, 'scale_lr': 0.2518694745719176}. Best is trial 620 with value: 0.36708399363528893.
checkpoint_e33 window_influence: 0.47773308439013201, penalty_k: 0.01386998781014434, scale_lr: 0.30719562143079066, EAO: 0.350
Trial 830 finished with value: 0.35040619319978855 and parameters: {'window_influence': 0.477733084390132, 'penalty_k': 0.013869987810144337, 'scale_lr': 0.30719562143079066}. Best is trial 620 with value: 0.36708399363528893.
checkpoint_e33 window_influence: 0.46270690452261337, penalty_k: 0.04062281563269628, scale_lr: 0.54872656188925506, EAO: 0.352
Trial 831 finished with value: 0.3524601988291462 and parameters: {'window_influence': 0.46270690452261337, 'penalty_k': 0.040622815632696284, 'scale_lr': 0.5487265618892551}. Best is trial 620 with value: 0.36708399363528893.
checkpoint_e33 window_influence: 0.57454416053566404, penalty_k: 0.23596058777518342, scale_lr: 0.48547722621458061, EAO: 0.263
Trial 832 finished with value: 0.26260966253883644 and parameters: {'window_influence': 0.574544160535664, 'penalty_k': 0.23596058777518342, 'scale_lr': 0.4854772262145806}. Best is trial 620 with value: 0.36708399363528893.
checkpoint_e33 window_influence: 0.49328439561173276, penalty_k: 0.32726114521784722, scale_lr: 0.36243685774975892, EAO: 0.327
Trial 833 finished with value: 0.32713320515035194 and parameters: {'window_influence': 0.49328439561173276, 'penalty_k': 0.3272611452178472, 'scale_lr': 0.3624368577497589}. Best is trial 620 with value: 0.36708399363528893.
checkpoint_e33 window_influence: 0.47074959019146839, penalty_k: 0.26184294698843930, scale_lr: 0.27073690029834796, EAO: 0.321
Trial 834 finished with value: 0.3209401780181358 and parameters: {'window_influence': 0.4707495901914684, 'penalty_k': 0.2618429469884393, 'scale_lr': 0.27073690029834796}. Best is trial 620 with value: 0.36708399363528893.
checkpoint_e33 window_influence: 0.12723799849489567, penalty_k: 0.07702177751212388, scale_lr: 0.44009421598742610, EAO: 0.267
Trial 835 finished with value: 0.2668194933740082 and parameters: {'window_influence': 0.12723799849489567, 'penalty_k': 0.07702177751212388, 'scale_lr': 0.4400942159874261}. Best is trial 620 with value: 0.36708399363528893.
checkpoint_e33 window_influence: 0.51946773818401593, penalty_k: 0.11126585577019332, scale_lr: 0.52216911645773501, EAO: 0.328
Trial 836 finished with value: 0.3280408574913262 and parameters: {'window_influence': 0.5194677381840159, 'penalty_k': 0.11126585577019332, 'scale_lr': 0.522169116457735}. Best is trial 620 with value: 0.36708399363528893.
checkpoint_e33 window_influence: 0.38191954637593506, penalty_k: 0.43784041965751685, scale_lr: 0.60746717704091380, EAO: 0.323
Trial 837 finished with value: 0.32301867390884964 and parameters: {'window_influence': 0.38191954637593506, 'penalty_k': 0.43784041965751685, 'scale_lr': 0.6074671770409138}. Best is trial 620 with value: 0.36708399363528893.
checkpoint_e33 window_influence: 0.50287275881246329, penalty_k: 0.06072361095916579, scale_lr: 0.38389839400106790, EAO: 0.319
Trial 838 finished with value: 0.3194944021882714 and parameters: {'window_influence': 0.5028727588124633, 'penalty_k': 0.060723610959165786, 'scale_lr': 0.3838983940010679}. Best is trial 620 with value: 0.36708399363528893.
checkpoint_e33 window_influence: 0.55244325184776388, penalty_k: 0.19038155630224529, scale_lr: 0.47066674701797850, EAO: 0.306
Trial 839 finished with value: 0.30607294879766755 and parameters: {'window_influence': 0.5524432518477639, 'penalty_k': 0.1903815563022453, 'scale_lr': 0.4706667470179785}. Best is trial 620 with value: 0.36708399363528893.
checkpoint_e33 window_influence: 0.10564322850846608, penalty_k: 0.04937318301926522, scale_lr: 0.10250074695204028, EAO: 0.248
Trial 840 finished with value: 0.24818166928068672 and parameters: {'window_influence': 0.10564322850846608, 'penalty_k': 0.049373183019265215, 'scale_lr': 0.10250074695204028}. Best is trial 620 with value: 0.36708399363528893.
checkpoint_e33 window_influence: 0.44912452158662730, penalty_k: 0.02397222666281331, scale_lr: 0.71150122071258970, EAO: 0.340
Trial 841 finished with value: 0.3401956866687374 and parameters: {'window_influence': 0.4491245215866273, 'penalty_k': 0.023972226662813307, 'scale_lr': 0.7115012207125897}. Best is trial 620 with value: 0.36708399363528893.
checkpoint_e33 window_influence: 0.48468318466310023, penalty_k: 0.18001843409458157, scale_lr: 0.62746152746865058, EAO: 0.331
Trial 842 finished with value: 0.3313724159730548 and parameters: {'window_influence': 0.48468318466310023, 'penalty_k': 0.18001843409458157, 'scale_lr': 0.6274615274686506}. Best is trial 620 with value: 0.36708399363528893.
checkpoint_e33 window_influence: 0.53437408665342589, penalty_k: 0.41163970696879248, scale_lr: 0.39365213296985130, EAO: 0.302
Trial 843 finished with value: 0.3016636573966839 and parameters: {'window_influence': 0.5343740866534259, 'penalty_k': 0.4116397069687925, 'scale_lr': 0.3936521329698513}. Best is trial 620 with value: 0.36708399363528893.
checkpoint_e33 window_influence: 0.41544267201505775, penalty_k: 0.03026884037165224, scale_lr: 0.42626416973607201, EAO: 0.328
Trial 844 finished with value: 0.3281750055138703 and parameters: {'window_influence': 0.41544267201505775, 'penalty_k': 0.030268840371652235, 'scale_lr': 0.426264169736072}. Best is trial 620 with value: 0.36708399363528893.
checkpoint_e33 window_influence: 0.05245723892115584, penalty_k: 0.00991640142076538, scale_lr: 0.66553110271242522, EAO: 0.257
Trial 845 finished with value: 0.2574858693877083 and parameters: {'window_influence': 0.052457238921155835, 'penalty_k': 0.00991640142076538, 'scale_lr': 0.6655311027124252}. Best is trial 620 with value: 0.36708399363528893.
checkpoint_e33 window_influence: 0.15265469895688333, penalty_k: 0.37816741164987117, scale_lr: 0.76666828973817736, EAO: 0.269
Trial 846 finished with value: 0.26928674635488237 and parameters: {'window_influence': 0.15265469895688333, 'penalty_k': 0.37816741164987117, 'scale_lr': 0.7666682897381774}. Best is trial 620 with value: 0.36708399363528893.
checkpoint_e33 window_influence: 0.47169991012323204, penalty_k: 0.47745227243539445, scale_lr: 0.44761175110030643, EAO: 0.339
Trial 847 finished with value: 0.33941738174119346 and parameters: {'window_influence': 0.47169991012323204, 'penalty_k': 0.47745227243539445, 'scale_lr': 0.44761175110030643}. Best is trial 620 with value: 0.36708399363528893.
checkpoint_e33 window_influence: 0.09563311743608743, penalty_k: 0.06910545261671187, scale_lr: 0.74786927251694213, EAO: 0.258
Trial 848 finished with value: 0.25837662537738043 and parameters: {'window_influence': 0.09563311743608743, 'penalty_k': 0.06910545261671187, 'scale_lr': 0.7478692725169421}. Best is trial 620 with value: 0.36708399363528893.
checkpoint_e33 window_influence: 0.49279322787300783, penalty_k: 0.08619310329697125, scale_lr: 0.13095136097571908, EAO: 0.344
Trial 849 finished with value: 0.3439682827617408 and parameters: {'window_influence': 0.49279322787300783, 'penalty_k': 0.08619310329697125, 'scale_lr': 0.13095136097571908}. Best is trial 620 with value: 0.36708399363528893.
checkpoint_e33 window_influence: 0.51054239660479594, penalty_k: 0.15972319259128151, scale_lr: 0.40594694890692729, EAO: 0.312
Trial 850 finished with value: 0.3121098600588884 and parameters: {'window_influence': 0.510542396604796, 'penalty_k': 0.1597231925912815, 'scale_lr': 0.4059469489069273}. Best is trial 620 with value: 0.36708399363528893.
checkpoint_e33 window_influence: 0.43563873551026272, penalty_k: 0.35980478943179828, scale_lr: 0.56592097795599705, EAO: 0.337
Trial 851 finished with value: 0.3371774486994465 and parameters: {'window_influence': 0.4356387355102627, 'penalty_k': 0.3598047894317983, 'scale_lr': 0.565920977955997}. Best is trial 620 with value: 0.36708399363528893.
checkpoint_e33 window_influence: 0.45498793041180396, penalty_k: 0.04263298541217699, scale_lr: 0.23530814031436265, EAO: 0.331
Trial 852 finished with value: 0.33142823862194554 and parameters: {'window_influence': 0.45498793041180396, 'penalty_k': 0.04263298541217699, 'scale_lr': 0.23530814031436265}. Best is trial 620 with value: 0.36708399363528893.
checkpoint_e33 window_influence: 0.48260492454638187, penalty_k: 0.13201827342075473, scale_lr: 0.53666352133682904, EAO: 0.343
Trial 853 finished with value: 0.34319451984728355 and parameters: {'window_influence': 0.4826049245463819, 'penalty_k': 0.13201827342075473, 'scale_lr': 0.536663521336829}. Best is trial 620 with value: 0.36708399363528893.
checkpoint_e33 window_influence: 0.49965319666214852, penalty_k: 0.10275886809338701, scale_lr: 0.34700804546368602, EAO: 0.345
Trial 854 finished with value: 0.3451374839947845 and parameters: {'window_influence': 0.4996531966621485, 'penalty_k': 0.10275886809338701, 'scale_lr': 0.347008045463686}. Best is trial 620 with value: 0.36708399363528893.
checkpoint_e33 window_influence: 0.46702806279177056, penalty_k: 0.05711574746574531, scale_lr: 0.58944379289770754, EAO: 0.355
Trial 855 finished with value: 0.3554551739405101 and parameters: {'window_influence': 0.46702806279177056, 'penalty_k': 0.05711574746574531, 'scale_lr': 0.5894437928977075}. Best is trial 620 with value: 0.36708399363528893.
checkpoint_e33 window_influence: 0.48097961748564472, penalty_k: 0.21432727951651170, scale_lr: 0.46240969936274456, EAO: 0.350
Trial 856 finished with value: 0.349914108732795 and parameters: {'window_influence': 0.4809796174856447, 'penalty_k': 0.2143272795165117, 'scale_lr': 0.46240969936274456}. Best is trial 620 with value: 0.36708399363528893.
checkpoint_e33 window_influence: 0.35751280683757797, penalty_k: 0.01850304561213693, scale_lr: 0.64554543270816511, EAO: 0.319
Trial 857 finished with value: 0.3191164317993802 and parameters: {'window_influence': 0.35751280683757797, 'penalty_k': 0.018503045612136927, 'scale_lr': 0.6455454327081651}. Best is trial 620 with value: 0.36708399363528893.
checkpoint_e33 window_influence: 0.38717495708069682, penalty_k: 0.03473164010122257, scale_lr: 0.14752396968325182, EAO: 0.333
Trial 858 finished with value: 0.33346652654126463 and parameters: {'window_influence': 0.3871749570806968, 'penalty_k': 0.034731640101222566, 'scale_lr': 0.14752396968325182}. Best is trial 620 with value: 0.36708399363528893.
checkpoint_e33 window_influence: 0.51947852336204470, penalty_k: 0.17160498409268532, scale_lr: 0.51727930820090651, EAO: 0.316
Trial 859 finished with value: 0.3155393708308847 and parameters: {'window_influence': 0.5194785233620447, 'penalty_k': 0.17160498409268532, 'scale_lr': 0.5172793082009065}. Best is trial 620 with value: 0.36708399363528893.
checkpoint_e33 window_influence: 0.49210827607373941, penalty_k: 0.08135988593977790, scale_lr: 0.32634879791170085, EAO: 0.355
Trial 860 finished with value: 0.3545601350556088 and parameters: {'window_influence': 0.4921082760737394, 'penalty_k': 0.0813598859397779, 'scale_lr': 0.32634879791170085}. Best is trial 620 with value: 0.36708399363528893.
checkpoint_e33 window_influence: 0.44345473019850146, penalty_k: 0.11710880126427169, scale_lr: 0.37092408921842995, EAO: 0.335
Trial 861 finished with value: 0.33513222188337305 and parameters: {'window_influence': 0.44345473019850146, 'penalty_k': 0.11710880126427169, 'scale_lr': 0.37092408921842995}. Best is trial 620 with value: 0.36708399363528893.
checkpoint_e33 window_influence: 0.46750485495981653, penalty_k: 0.06937498533071605, scale_lr: 0.69545531737311328, EAO: 0.340
Trial 862 finished with value: 0.34012710908971405 and parameters: {'window_influence': 0.46750485495981653, 'penalty_k': 0.06937498533071605, 'scale_lr': 0.6954553173731133}. Best is trial 620 with value: 0.36708399363528893.
checkpoint_e33 window_influence: 0.50612223426367153, penalty_k: 0.00621600890490029, scale_lr: 0.49648249566592711, EAO: 0.355
Trial 863 finished with value: 0.3545861803140158 and parameters: {'window_influence': 0.5061222342636715, 'penalty_k': 0.006216008904900285, 'scale_lr': 0.4964824956659271}. Best is trial 620 with value: 0.36708399363528893.
checkpoint_e33 window_influence: 0.33180413405428311, penalty_k: 0.26820865152887874, scale_lr: 0.43129607726755131, EAO: 0.303
