Trial 54 finished with value: 0.32140339313777966 and parameters: {'window_influence': 0.45798426326038544, 'penalty_k': 0.030516343193168982, 'scale_lr': 0.6562613895660372}. Best is trial 1 with value: 0.3301423221014817.
checkpoint_e13 window_influence: 0.46745068779090859, penalty_k: 0.03071645138834051, scale_lr: 0.54855139399130959, EAO: 0.344
Trial 55 finished with value: 0.34394288271781537 and parameters: {'window_influence': 0.4674506877909086, 'penalty_k': 0.03071645138834051, 'scale_lr': 0.5485513939913096}. Best is trial 55 with value: 0.34394288271781537.
checkpoint_e13 window_influence: 0.52427501867567161, penalty_k: 0.10264698578751548, scale_lr: 0.55784970784988197, EAO: 0.293
Trial 56 finished with value: 0.29277006846921455 and parameters: {'window_influence': 0.5242750186756716, 'penalty_k': 0.10264698578751548, 'scale_lr': 0.557849707849882}. Best is trial 55 with value: 0.34394288271781537.
checkpoint_e13 window_influence: 0.55220653334258507, penalty_k: 0.03157301419888819, scale_lr: 0.59385808734323475, EAO: 0.282
Trial 57 finished with value: 0.2822055592263255 and parameters: {'window_influence': 0.5522065333425851, 'penalty_k': 0.031573014198888194, 'scale_lr': 0.5938580873432348}. Best is trial 55 with value: 0.34394288271781537.
checkpoint_e13 window_influence: 0.46364514568431348, penalty_k: 0.08546026004877852, scale_lr: 0.53901798990972571, EAO: 0.322
Trial 58 finished with value: 0.3224781667559991 and parameters: {'window_influence': 0.4636451456843135, 'penalty_k': 0.08546026004877852, 'scale_lr': 0.5390179899097257}. Best is trial 55 with value: 0.34394288271781537.
checkpoint_e13 window_influence: 0.48527044727928603, penalty_k: 0.01184665987493615, scale_lr: 0.48297646902954466, EAO: 0.332
Trial 59 finished with value: 0.3316705592179577 and parameters: {'window_influence': 0.48527044727928603, 'penalty_k': 0.011846659874936154, 'scale_lr': 0.48297646902954466}. Best is trial 55 with value: 0.34394288271781537.
checkpoint_e13 window_influence: 0.43214427422038398, penalty_k: 0.06914432390544992, scale_lr: 0.51258144076617651, EAO: 0.317
Trial 60 finished with value: 0.3172075577399146 and parameters: {'window_influence': 0.432144274220384, 'penalty_k': 0.06914432390544992, 'scale_lr': 0.5125814407661765}. Best is trial 55 with value: 0.34394288271781537.
checkpoint_e13 window_influence: 0.47608452015393071, penalty_k: 0.01522555675772390, scale_lr: 0.48849180055379282, EAO: 0.323
Trial 61 finished with value: 0.3232131769684966 and parameters: {'window_influence': 0.4760845201539307, 'penalty_k': 0.015225556757723895, 'scale_lr': 0.4884918005537928}. Best is trial 55 with value: 0.34394288271781537.
checkpoint_e13 window_influence: 0.49209447270453588, penalty_k: 0.03763260652205920, scale_lr: 0.54653347269174646, EAO: 0.301
Trial 62 finished with value: 0.3005511172782586 and parameters: {'window_influence': 0.4920944727045359, 'penalty_k': 0.0376326065220592, 'scale_lr': 0.5465334726917465}. Best is trial 55 with value: 0.34394288271781537.
checkpoint_e13 window_influence: 0.47634427324360673, penalty_k: 0.00078200244606975, scale_lr: 0.57625399582455894, EAO: 0.310
Trial 63 finished with value: 0.3098516957653172 and parameters: {'window_influence': 0.47634427324360673, 'penalty_k': 0.000782002446069751, 'scale_lr': 0.5762539958245589}. Best is trial 55 with value: 0.34394288271781537.
A new study created in memory with name: no-name-60083a92-f6aa-4113-a30e-7348afeb21cf
checkpoint_e13 window_influence: 0.21197539836407475, penalty_k: 0.53396045399002356, scale_lr: 0.78430442745940554, EAO: 0.297
Trial 0 finished with value: 0.29722485636226864 and parameters: {'window_influence': 0.21197539836407475, 'penalty_k': 0.5339604539900236, 'scale_lr': 0.7843044274594055}. Best is trial 0 with value: 0.29722485636226864.
checkpoint_e13 window_influence: 0.07030509924485354, penalty_k: 0.40045051080328159, scale_lr: 0.31185687011029328, EAO: 0.234
Trial 1 finished with value: 0.2337472844100648 and parameters: {'window_influence': 0.07030509924485354, 'penalty_k': 0.4004505108032816, 'scale_lr': 0.3118568701102933}. Best is trial 0 with value: 0.29722485636226864.
checkpoint_e13 window_influence: 0.50277724962503656, penalty_k: 0.28902382693628975, scale_lr: 0.41785890712513607, EAO: 0.306
Trial 2 finished with value: 0.30632393491175386 and parameters: {'window_influence': 0.5027772496250366, 'penalty_k': 0.28902382693628975, 'scale_lr': 0.41785890712513607}. Best is trial 2 with value: 0.30632393491175386.
checkpoint_e13 window_influence: 0.58687227592307700, penalty_k: 0.00672010188595120, scale_lr: 0.42002009144120489, EAO: 0.275
Trial 3 finished with value: 0.2746618683468043 and parameters: {'window_influence': 0.586872275923077, 'penalty_k': 0.006720101885951201, 'scale_lr': 0.4200200914412049}. Best is trial 2 with value: 0.30632393491175386.
checkpoint_e13 window_influence: 0.35239372097722210, penalty_k: 0.42552425748794059, scale_lr: 0.29472081405585299, EAO: 0.287
Trial 4 finished with value: 0.28723706334017596 and parameters: {'window_influence': 0.3523937209772221, 'penalty_k': 0.4255242574879406, 'scale_lr': 0.294720814055853}. Best is trial 2 with value: 0.30632393491175386.
checkpoint_e13 window_influence: 0.40902162368627543, penalty_k: 0.25729016856373293, scale_lr: 0.51601543516707127, EAO: 0.299
Trial 5 finished with value: 0.2985682875381833 and parameters: {'window_influence': 0.4090216236862754, 'penalty_k': 0.25729016856373293, 'scale_lr': 0.5160154351670713}. Best is trial 2 with value: 0.30632393491175386.
checkpoint_e13 window_influence: 0.14594742857271359, penalty_k: 0.34512025544285257, scale_lr: 0.76076867411934146, EAO: 0.268
Trial 6 finished with value: 0.26843299365924955 and parameters: {'window_influence': 0.1459474285727136, 'penalty_k': 0.3451202554428526, 'scale_lr': 0.7607686741193415}. Best is trial 2 with value: 0.30632393491175386.
checkpoint_e13 window_influence: 0.22002045004499299, penalty_k: 0.59928477315172979, scale_lr: 0.53840277540854109, EAO: 0.278
Trial 7 finished with value: 0.27795771761627047 and parameters: {'window_influence': 0.220020450044993, 'penalty_k': 0.5992847731517298, 'scale_lr': 0.5384027754085411}. Best is trial 2 with value: 0.30632393491175386.
checkpoint_e13 window_influence: 0.34298699682714801, penalty_k: 0.12560798995423592, scale_lr: 0.31274863394518237, EAO: 0.291
Trial 8 finished with value: 0.29092849072083427 and parameters: {'window_influence': 0.342986996827148, 'penalty_k': 0.12560798995423592, 'scale_lr': 0.3127486339451824}. Best is trial 2 with value: 0.30632393491175386.
checkpoint_e13 window_influence: 0.39240205390333605, penalty_k: 0.21473096271752537, scale_lr: 0.47411213444382805, EAO: 0.311
Trial 9 finished with value: 0.31084523799354463 and parameters: {'window_influence': 0.39240205390333605, 'penalty_k': 0.21473096271752537, 'scale_lr': 0.47411213444382805}. Best is trial 9 with value: 0.31084523799354463.
checkpoint_e13 window_influence: 0.64233593092157626, penalty_k: 0.18867493720910450, scale_lr: 0.10312314848545429, EAO: 0.228
Trial 10 finished with value: 0.22771195620878198 and parameters: {'window_influence': 0.6423359309215763, 'penalty_k': 0.1886749372091045, 'scale_lr': 0.10312314848545429}. Best is trial 9 with value: 0.31084523799354463.
checkpoint_e13 window_influence: 0.48965573963407921, penalty_k: 0.26855341163617324, scale_lr: 0.61398060355253337, EAO: 0.310
Trial 11 finished with value: 0.31019192725304034 and parameters: {'window_influence': 0.4896557396340792, 'penalty_k': 0.26855341163617324, 'scale_lr': 0.6139806035525334}. Best is trial 9 with value: 0.31084523799354463.
checkpoint_e13 window_influence: 0.48199085727455138, penalty_k: 0.19806093031236482, scale_lr: 0.61556904592395767, EAO: 0.330
Trial 12 finished with value: 0.33018719326661256 and parameters: {'window_influence': 0.4819908572745514, 'penalty_k': 0.19806093031236482, 'scale_lr': 0.6155690459239577}. Best is trial 12 with value: 0.33018719326661256.
checkpoint_e13 window_influence: 0.44626394010789866, penalty_k: 0.17729231544777385, scale_lr: 0.64838658832306595, EAO: 0.319
Trial 13 finished with value: 0.31924835328693985 and parameters: {'window_influence': 0.44626394010789866, 'penalty_k': 0.17729231544777385, 'scale_lr': 0.648386588323066}. Best is trial 12 with value: 0.33018719326661256.
checkpoint_e13 window_influence: 0.49064651504146028, penalty_k: 0.12681070710797809, scale_lr: 0.65394694643182549, EAO: 0.310
Trial 14 finished with value: 0.30985833339190205 and parameters: {'window_influence': 0.4906465150414603, 'penalty_k': 0.1268107071079781, 'scale_lr': 0.6539469464318255}. Best is trial 12 with value: 0.33018719326661256.
checkpoint_e13 window_influence: 0.55613237121986392, penalty_k: 0.12440674748664989, scale_lr: 0.66722557277084082, EAO: 0.289
Trial 15 finished with value: 0.2890487628688144 and parameters: {'window_influence': 0.5561323712198639, 'penalty_k': 0.12440674748664989, 'scale_lr': 0.6672255727708408}. Best is trial 12 with value: 0.33018719326661256.
checkpoint_e13 window_influence: 0.41278607313154342, penalty_k: 0.02744886167550875, scale_lr: 0.71769923581537376, EAO: 0.296
Trial 16 finished with value: 0.29562181309735264 and parameters: {'window_influence': 0.4127860731315434, 'penalty_k': 0.02744886167550875, 'scale_lr': 0.7176992358153738}. Best is trial 12 with value: 0.33018719326661256.
checkpoint_e13 window_influence: 0.30158619188930091, penalty_k: 0.18892230052746239, scale_lr: 0.60304804735177531, EAO: 0.308
Trial 17 finished with value: 0.3080421020548631 and parameters: {'window_influence': 0.3015861918893009, 'penalty_k': 0.1889223005274624, 'scale_lr': 0.6030480473517753}. Best is trial 12 with value: 0.33018719326661256.
checkpoint_e13 window_influence: 0.45769327922010900, penalty_k: 0.33481064842624741, scale_lr: 0.70184899963164749, EAO: 0.296
Trial 18 finished with value: 0.2964321413160762 and parameters: {'window_influence': 0.457693279220109, 'penalty_k': 0.3348106484262474, 'scale_lr': 0.7018489996316475}. Best is trial 12 with value: 0.33018719326661256.
checkpoint_e13 window_influence: 0.54665024932610728, penalty_k: 0.07730860455909440, scale_lr: 0.79971558649310959, EAO: 0.278
Trial 19 finished with value: 0.27847050269522095 and parameters: {'window_influence': 0.5466502493261073, 'penalty_k': 0.0773086045590944, 'scale_lr': 0.7997155864931096}. Best is trial 12 with value: 0.33018719326661256.
checkpoint_e13 window_influence: 0.44628410610335345, penalty_k: 0.20440662265723572, scale_lr: 0.58426248540018033, EAO: 0.314
Trial 20 finished with value: 0.3141831231488328 and parameters: {'window_influence': 0.44628410610335345, 'penalty_k': 0.20440662265723572, 'scale_lr': 0.5842624854001803}. Best is trial 12 with value: 0.33018719326661256.
checkpoint_e13 window_influence: 0.45134354671615351, penalty_k: 0.22424415990887356, scale_lr: 0.59208918987956782, EAO: 0.310
Trial 21 finished with value: 0.3098584480786602 and parameters: {'window_influence': 0.4513435467161535, 'penalty_k': 0.22424415990887356, 'scale_lr': 0.5920891898795678}. Best is trial 12 with value: 0.33018719326661256.
checkpoint_e13 window_influence: 0.44664608725431909, penalty_k: 0.15546880469116689, scale_lr: 0.65085961972324846, EAO: 0.299
Trial 22 finished with value: 0.2990853685001455 and parameters: {'window_influence': 0.4466460872543191, 'penalty_k': 0.1554688046911669, 'scale_lr': 0.6508596197232485}. Best is trial 12 with value: 0.33018719326661256.
checkpoint_e13 window_influence: 0.51422758880776376, penalty_k: 0.23576672013407168, scale_lr: 0.56625282028120527, EAO: 0.292
Trial 23 finished with value: 0.29224842902751286 and parameters: {'window_influence': 0.5142275888077638, 'penalty_k': 0.23576672013407168, 'scale_lr': 0.5662528202812053}. Best is trial 12 with value: 0.33018719326661256.
checkpoint_e13 window_influence: 0.36813757812597542, penalty_k: 0.17711696452066289, scale_lr: 0.71778675888662835, EAO: 0.312
Trial 24 finished with value: 0.3117927476357857 and parameters: {'window_influence': 0.3681375781259754, 'penalty_k': 0.1771169645206629, 'scale_lr': 0.7177867588866284}. Best is trial 12 with value: 0.33018719326661256.
checkpoint_e13 window_influence: 0.43783975507741296, penalty_k: 0.08185100519462224, scale_lr: 0.61740003093909168, EAO: 0.309
Trial 25 finished with value: 0.30913495808723834 and parameters: {'window_influence': 0.43783975507741296, 'penalty_k': 0.08185100519462224, 'scale_lr': 0.6174000309390917}. Best is trial 12 with value: 0.33018719326661256.
checkpoint_e13 window_influence: 0.31718849889876183, penalty_k: 0.23307182910307467, scale_lr: 0.54215413213563801, EAO: 0.300
Trial 26 finished with value: 0.3000304287277771 and parameters: {'window_influence': 0.31718849889876183, 'penalty_k': 0.23307182910307467, 'scale_lr': 0.542154132135638}. Best is trial 12 with value: 0.33018719326661256.
checkpoint_e13 window_influence: 0.53387730958146595, penalty_k: 0.30501690269424081, scale_lr: 0.67122772268922948, EAO: 0.273
Trial 27 finished with value: 0.2725745183252639 and parameters: {'window_influence': 0.533877309581466, 'penalty_k': 0.3050169026942408, 'scale_lr': 0.6712277226892295}. Best is trial 12 with value: 0.33018719326661256.
checkpoint_e13 window_influence: 0.58887061904219529, penalty_k: 0.17720409583721403, scale_lr: 0.73246696727815441, EAO: 0.273
Trial 28 finished with value: 0.2727721681970567 and parameters: {'window_influence': 0.5888706190421953, 'penalty_k': 0.17720409583721403, 'scale_lr': 0.7324669672781544}. Best is trial 12 with value: 0.33018719326661256.
checkpoint_e13 window_influence: 0.39295235268861439, penalty_k: 0.21290405835499604, scale_lr: 0.76237800576118731, EAO: 0.309
Trial 29 finished with value: 0.3091373451141068 and parameters: {'window_influence': 0.3929523526886144, 'penalty_k': 0.21290405835499604, 'scale_lr': 0.7623780057611873}. Best is trial 12 with value: 0.33018719326661256.
checkpoint_e13 window_influence: 0.48391525621107162, penalty_k: 0.26756900291616009, scale_lr: 0.57804743227231015, EAO: 0.300
Trial 30 finished with value: 0.30026647361567976 and parameters: {'window_influence': 0.4839152562110716, 'penalty_k': 0.2675690029161601, 'scale_lr': 0.5780474322723101}. Best is trial 12 with value: 0.33018719326661256.
checkpoint_e13 window_influence: 0.37743790816619904, penalty_k: 0.17952352790612622, scale_lr: 0.69183203238192659, EAO: 0.316
Trial 31 finished with value: 0.3163900447262864 and parameters: {'window_influence': 0.37743790816619904, 'penalty_k': 0.17952352790612622, 'scale_lr': 0.6918320323819266}. Best is trial 12 with value: 0.33018719326661256.
checkpoint_e13 window_influence: 0.42987501568117092, penalty_k: 0.16151365551705144, scale_lr: 0.63620357027439178, EAO: 0.314
Trial 32 finished with value: 0.31373966940414116 and parameters: {'window_influence': 0.4298750156811709, 'penalty_k': 0.16151365551705144, 'scale_lr': 0.6362035702743918}. Best is trial 12 with value: 0.33018719326661256.
checkpoint_e13 window_influence: 0.47931076858780852, penalty_k: 0.20476998088464288, scale_lr: 0.67729744735748798, EAO: 0.305
Trial 33 finished with value: 0.3052408538671783 and parameters: {'window_influence': 0.4793107685878085, 'penalty_k': 0.20476998088464288, 'scale_lr': 0.677297447357488}. Best is trial 12 with value: 0.33018719326661256.
checkpoint_e13 window_influence: 0.38315684460110022, penalty_k: 0.15416021765482288, scale_lr: 0.69860881314791401, EAO: 0.295
Trial 34 finished with value: 0.2954166982656323 and parameters: {'window_influence': 0.3831568446011002, 'penalty_k': 0.15416021765482288, 'scale_lr': 0.698608813147914}. Best is trial 12 with value: 0.33018719326661256.
checkpoint_e13 window_influence: 0.42047725210441439, penalty_k: 0.23921787651750565, scale_lr: 0.63539652401449731, EAO: 0.297
Trial 35 finished with value: 0.2968768271026908 and parameters: {'window_influence': 0.4204772521044144, 'penalty_k': 0.23921787651750565, 'scale_lr': 0.6353965240144973}. Best is trial 12 with value: 0.33018719326661256.
checkpoint_e13 window_influence: 0.46822922669052169, penalty_k: 0.27410314855869278, scale_lr: 0.74273861127496943, EAO: 0.308
Trial 36 finished with value: 0.3079833397025728 and parameters: {'window_influence': 0.4682292266905217, 'penalty_k': 0.2741031485586928, 'scale_lr': 0.7427386112749694}. Best is trial 12 with value: 0.33018719326661256.
checkpoint_e13 window_influence: 0.51918414696222093, penalty_k: 0.30448237021169433, scale_lr: 0.77045481711348440, EAO: 0.263
Trial 37 finished with value: 0.2631955167082961 and parameters: {'window_influence': 0.5191841469622209, 'penalty_k': 0.30448237021169433, 'scale_lr': 0.7704548171134844}. Best is trial 12 with value: 0.33018719326661256.
checkpoint_e13 window_influence: 0.35372664742806126, penalty_k: 0.41253202720859017, scale_lr: 0.49709209167565827, EAO: 0.307
Trial 38 finished with value: 0.30704355767496827 and parameters: {'window_influence': 0.35372664742806126, 'penalty_k': 0.41253202720859017, 'scale_lr': 0.49709209167565827}. Best is trial 12 with value: 0.33018719326661256.
checkpoint_e13 window_influence: 0.29013561153753231, penalty_k: 0.37437733234288895, scale_lr: 0.56282263504700503, EAO: 0.287
Trial 39 finished with value: 0.2869941521479462 and parameters: {'window_influence': 0.2901356115375323, 'penalty_k': 0.37437733234288895, 'scale_lr': 0.562822635047005}. Best is trial 12 with value: 0.33018719326661256.
checkpoint_e13 window_influence: 0.41574829970667682, penalty_k: 0.25269159435975280, scale_lr: 0.52017314575704332, EAO: 0.313
Trial 40 finished with value: 0.3134140893527042 and parameters: {'window_influence': 0.4157482997066768, 'penalty_k': 0.2526915943597528, 'scale_lr': 0.5201731457570433}. Best is trial 12 with value: 0.33018719326661256.
checkpoint_e13 window_influence: 0.44079608440283979, penalty_k: 0.15560298335122741, scale_lr: 0.62605719853768083, EAO: 0.299
Trial 41 finished with value: 0.2994797175264544 and parameters: {'window_influence': 0.4407960844028398, 'penalty_k': 0.1556029833512274, 'scale_lr': 0.6260571985376808}. Best is trial 12 with value: 0.33018719326661256.
checkpoint_e13 window_influence: 0.38426993618697824, penalty_k: 0.19198152864923898, scale_lr: 0.59471105768857591, EAO: 0.322
Trial 42 finished with value: 0.3223087102870533 and parameters: {'window_influence': 0.38426993618697824, 'penalty_k': 0.19198152864923898, 'scale_lr': 0.5947110576885759}. Best is trial 12 with value: 0.33018719326661256.
checkpoint_e13 window_influence: 0.38229819437005397, penalty_k: 0.20302959521168382, scale_lr: 0.58965806322331393, EAO: 0.311
Trial 43 finished with value: 0.3105412111671982 and parameters: {'window_influence': 0.38229819437005397, 'penalty_k': 0.20302959521168382, 'scale_lr': 0.5896580632233139}. Best is trial 12 with value: 0.33018719326661256.
checkpoint_e13 window_influence: 0.35799759907716183, penalty_k: 0.20860513461879493, scale_lr: 0.68508562435429143, EAO: 0.297
Trial 44 finished with value: 0.2969920275740123 and parameters: {'window_influence': 0.35799759907716183, 'penalty_k': 0.20860513461879493, 'scale_lr': 0.6850856243542914}. Best is trial 12 with value: 0.33018719326661256.
checkpoint_e13 window_influence: 0.32549404674447330, penalty_k: 0.24831614943701485, scale_lr: 0.54956655100687057, EAO: 0.317
Trial 45 finished with value: 0.31669871885952783 and parameters: {'window_influence': 0.3254940467444733, 'penalty_k': 0.24831614943701485, 'scale_lr': 0.5495665510068706}. Best is trial 12 with value: 0.33018719326661256.
checkpoint_e13 window_influence: 0.32504397011962727, penalty_k: 0.28609188079981812, scale_lr: 0.45406768610034015, EAO: 0.282
Trial 46 finished with value: 0.2818377951471722 and parameters: {'window_influence': 0.32504397011962727, 'penalty_k': 0.2860918807998181, 'scale_lr': 0.45406768610034015}. Best is trial 12 with value: 0.33018719326661256.
checkpoint_e13 window_influence: 0.25295512646204127, penalty_k: 0.24749381434918791, scale_lr: 0.53554264992382805, EAO: 0.306
Trial 47 finished with value: 0.30642145321294956 and parameters: {'window_influence': 0.25295512646204127, 'penalty_k': 0.2474938143491879, 'scale_lr': 0.535542649923828}. Best is trial 12 with value: 0.33018719326661256.
checkpoint_e13 window_influence: 0.33336834588547981, penalty_k: 0.12694088495852923, scale_lr: 0.66450571229983835, EAO: 0.311
Trial 48 finished with value: 0.3105548351771173 and parameters: {'window_influence': 0.3333683458854798, 'penalty_k': 0.12694088495852923, 'scale_lr': 0.6645057122998383}. Best is trial 12 with value: 0.33018719326661256.
checkpoint_e13 window_influence: 0.40169069028205495, penalty_k: 0.18555775920830725, scale_lr: 0.49311841880211715, EAO: 0.313
Trial 49 finished with value: 0.31348736416041156 and parameters: {'window_influence': 0.40169069028205495, 'penalty_k': 0.18555775920830725, 'scale_lr': 0.49311841880211715}. Best is trial 12 with value: 0.33018719326661256.
checkpoint_e13 window_influence: 0.37519185447986808, penalty_k: 0.47200814784860884, scale_lr: 0.62614849639737546, EAO: 0.298
Trial 50 finished with value: 0.29821287252095885 and parameters: {'window_influence': 0.3751918544798681, 'penalty_k': 0.47200814784860884, 'scale_lr': 0.6261484963973755}. Best is trial 12 with value: 0.33018719326661256.
checkpoint_e13 window_influence: 0.46555225507991033, penalty_k: 0.22238104506392389, scale_lr: 0.60284566372749571, EAO: 0.300
Trial 51 finished with value: 0.2996043074107819 and parameters: {'window_influence': 0.4655522550799103, 'penalty_k': 0.2223810450639239, 'scale_lr': 0.6028456637274957}. Best is trial 12 with value: 0.33018719326661256.
checkpoint_e13 window_influence: 0.42056419717015869, penalty_k: 0.26161079738449655, scale_lr: 0.55671457429303550, EAO: 0.314
