Trial 58 finished with value: 0.3144038544554655 and parameters: {'window_influence': 0.5575918920803977, 'penalty_k': 0.013684817234765015, 'scale_lr': 0.4756931190710556}. Best is trial 57 with value: 0.3579662713559221.
checkpoint_e33 window_influence: 0.51538731388231773, penalty_k: 0.03618132545624592, scale_lr: 0.55618109744784949, EAO: 0.316
Trial 59 finished with value: 0.3159305708417633 and parameters: {'window_influence': 0.5153873138823177, 'penalty_k': 0.036181325456245916, 'scale_lr': 0.5561810974478495}. Best is trial 57 with value: 0.3579662713559221.
checkpoint_e33 window_influence: 0.58561236613619394, penalty_k: 0.07496053164372520, scale_lr: 0.50010312903185250, EAO: 0.276
Trial 60 finished with value: 0.2761570541659218 and parameters: {'window_influence': 0.5856123661361939, 'penalty_k': 0.0749605316437252, 'scale_lr': 0.5001031290318525}. Best is trial 57 with value: 0.3579662713559221.
checkpoint_e33 window_influence: 0.48983809565543074, penalty_k: 0.05167183215078242, scale_lr: 0.41075459868967273, EAO: 0.334
Trial 61 finished with value: 0.33446098985838985 and parameters: {'window_influence': 0.48983809565543074, 'penalty_k': 0.051671832150782415, 'scale_lr': 0.41075459868967273}. Best is trial 57 with value: 0.3579662713559221.
checkpoint_e33 window_influence: 0.53631019009663383, penalty_k: 0.00098621411634547, scale_lr: 0.44481280805786749, EAO: 0.323
Trial 62 finished with value: 0.3230312301954871 and parameters: {'window_influence': 0.5363101900966338, 'penalty_k': 0.0009862141163454706, 'scale_lr': 0.4448128080578675}. Best is trial 57 with value: 0.3579662713559221.
checkpoint_e33 window_influence: 0.44404564650394462, penalty_k: 0.11894340790806224, scale_lr: 0.46843367789566903, EAO: 0.328
Trial 63 finished with value: 0.3283951433252268 and parameters: {'window_influence': 0.4440456465039446, 'penalty_k': 0.11894340790806224, 'scale_lr': 0.46843367789566903}. Best is trial 57 with value: 0.3579662713559221.
checkpoint_e33 window_influence: 0.49996343610125354, penalty_k: 0.08636453931394966, scale_lr: 0.49668242049644640, EAO: 0.332
Trial 64 finished with value: 0.3315382049009494 and parameters: {'window_influence': 0.49996343610125354, 'penalty_k': 0.08636453931394966, 'scale_lr': 0.4966824204964464}. Best is trial 57 with value: 0.3579662713559221.
checkpoint_e33 window_influence: 0.46982757950668336, penalty_k: 0.05733428051749628, scale_lr: 0.37537063432995205, EAO: 0.343
Trial 65 finished with value: 0.34283823911318057 and parameters: {'window_influence': 0.46982757950668336, 'penalty_k': 0.05733428051749628, 'scale_lr': 0.37537063432995205}. Best is trial 57 with value: 0.3579662713559221.
checkpoint_e33 window_influence: 0.44353730322831775, penalty_k: 0.09466961067571228, scale_lr: 0.42336436251318893, EAO: 0.319
Trial 66 finished with value: 0.3193767365894429 and parameters: {'window_influence': 0.44353730322831775, 'penalty_k': 0.09466961067571228, 'scale_lr': 0.42336436251318893}. Best is trial 57 with value: 0.3579662713559221.
checkpoint_e33 window_influence: 0.52169005582474148, penalty_k: 0.02120589682473431, scale_lr: 0.45732395893703509, EAO: 0.329
Trial 67 finished with value: 0.32850502582143715 and parameters: {'window_influence': 0.5216900558247415, 'penalty_k': 0.021205896824734314, 'scale_lr': 0.4573239589370351}. Best is trial 57 with value: 0.3579662713559221.
checkpoint_e33 window_influence: 0.47355911361368314, penalty_k: 0.11602572030193736, scale_lr: 0.40739096676802017, EAO: 0.322
Trial 68 finished with value: 0.32235910491256864 and parameters: {'window_influence': 0.47355911361368314, 'penalty_k': 0.11602572030193736, 'scale_lr': 0.40739096676802017}. Best is trial 57 with value: 0.3579662713559221.
checkpoint_e33 window_influence: 0.54489119275894704, penalty_k: 0.08538553674553664, scale_lr: 0.35019271332294888, EAO: 0.305
Trial 69 finished with value: 0.3049897030285824 and parameters: {'window_influence': 0.544891192758947, 'penalty_k': 0.08538553674553664, 'scale_lr': 0.3501927133229489}. Best is trial 57 with value: 0.3579662713559221.
checkpoint_e33 window_influence: 0.50758963432067639, penalty_k: 0.15324992605825732, scale_lr: 0.49038066271571951, EAO: 0.332
Trial 70 finished with value: 0.33231418153655207 and parameters: {'window_influence': 0.5075896343206764, 'penalty_k': 0.15324992605825732, 'scale_lr': 0.4903806627157195}. Best is trial 57 with value: 0.3579662713559221.
checkpoint_e33 window_influence: 0.47270652062993274, penalty_k: 0.06014348836385656, scale_lr: 0.37759348509410562, EAO: 0.332
Trial 71 finished with value: 0.33234252041415946 and parameters: {'window_influence': 0.47270652062993274, 'penalty_k': 0.060143488363856565, 'scale_lr': 0.3775934850941056}. Best is trial 57 with value: 0.3579662713559221.
checkpoint_e33 window_influence: 0.45223280028716445, penalty_k: 0.04877639953171334, scale_lr: 0.38237712311796868, EAO: 0.328
Trial 72 finished with value: 0.32752285625220273 and parameters: {'window_influence': 0.45223280028716445, 'penalty_k': 0.04877639953171334, 'scale_lr': 0.3823771231179687}. Best is trial 57 with value: 0.3579662713559221.
checkpoint_e33 window_influence: 0.49003806806717104, penalty_k: 0.02360249029072895, scale_lr: 0.43038588682380857, EAO: 0.354
Trial 73 finished with value: 0.35366619560969015 and parameters: {'window_influence': 0.49003806806717104, 'penalty_k': 0.02360249029072895, 'scale_lr': 0.43038588682380857}. Best is trial 57 with value: 0.3579662713559221.
checkpoint_e33 window_influence: 0.50395673862162904, penalty_k: 0.02811692710465831, scale_lr: 0.42337971525024332, EAO: 0.361
Trial 74 finished with value: 0.3605603050397064 and parameters: {'window_influence': 0.503956738621629, 'penalty_k': 0.028116927104658306, 'scale_lr': 0.4233797152502433}. Best is trial 74 with value: 0.3605603050397064.
checkpoint_e33 window_influence: 0.49296723143275117, penalty_k: 0.02251224134484099, scale_lr: 0.42378421880408396, EAO: 0.364
Trial 75 finished with value: 0.3635930125583471 and parameters: {'window_influence': 0.4929672314327512, 'penalty_k': 0.02251224134484099, 'scale_lr': 0.42378421880408396}. Best is trial 75 with value: 0.3635930125583471.
checkpoint_e33 window_influence: 0.49111501061738028, penalty_k: 0.02275060964922869, scale_lr: 0.42380540827315616, EAO: 0.358
Trial 76 finished with value: 0.35817461904384745 and parameters: {'window_influence': 0.4911150106173803, 'penalty_k': 0.022750609649228693, 'scale_lr': 0.42380540827315616}. Best is trial 75 with value: 0.3635930125583471.
checkpoint_e33 window_influence: 0.50208096590390994, penalty_k: 0.02215177686716448, scale_lr: 0.46693720274895706, EAO: 0.343
Trial 77 finished with value: 0.34250110619726815 and parameters: {'window_influence': 0.5020809659039099, 'penalty_k': 0.022151776867164477, 'scale_lr': 0.46693720274895706}. Best is trial 75 with value: 0.3635930125583471.
checkpoint_e33 window_influence: 0.52997115012970086, penalty_k: 0.03294043496992879, scale_lr: 0.42674772791672794, EAO: 0.315
Trial 78 finished with value: 0.31540873032135724 and parameters: {'window_influence': 0.5299711501297009, 'penalty_k': 0.032940434969928795, 'scale_lr': 0.42674772791672794}. Best is trial 75 with value: 0.3635930125583471.
checkpoint_e33 window_influence: 0.57712978618548605, penalty_k: 0.01176676600738726, scale_lr: 0.50903321180010996, EAO: 0.276
Trial 79 finished with value: 0.2763118181479116 and parameters: {'window_influence': 0.577129786185486, 'penalty_k': 0.011766766007387264, 'scale_lr': 0.50903321180011}. Best is trial 75 with value: 0.3635930125583471.
checkpoint_e33 window_influence: 0.48841535563251204, penalty_k: 0.07153870645187840, scale_lr: 0.40432006201030407, EAO: 0.363
Trial 80 finished with value: 0.3633684417385072 and parameters: {'window_influence': 0.48841535563251204, 'penalty_k': 0.0715387064518784, 'scale_lr': 0.40432006201030407}. Best is trial 75 with value: 0.3635930125583471.
checkpoint_e33 window_influence: 0.48730619209432013, penalty_k: 0.07145058528184006, scale_lr: 0.39610849111238433, EAO: 0.332
Trial 81 finished with value: 0.3322890509891139 and parameters: {'window_influence': 0.48730619209432013, 'penalty_k': 0.07145058528184006, 'scale_lr': 0.39610849111238433}. Best is trial 75 with value: 0.3635930125583471.
checkpoint_e33 window_influence: 0.50883417091493688, penalty_k: 0.03568070545024696, scale_lr: 0.42171705316681191, EAO: 0.345
Trial 82 finished with value: 0.3446887707200032 and parameters: {'window_influence': 0.5088341709149369, 'penalty_k': 0.035680705450246965, 'scale_lr': 0.4217170531668119}. Best is trial 75 with value: 0.3635930125583471.
checkpoint_e33 window_influence: 0.48897576819484861, penalty_k: 0.00356609339107097, scale_lr: 0.45934770365869004, EAO: 0.332
Trial 83 finished with value: 0.33203845961084627 and parameters: {'window_influence': 0.4889757681948486, 'penalty_k': 0.0035660933910709736, 'scale_lr': 0.45934770365869004}. Best is trial 75 with value: 0.3635930125583471.
checkpoint_e33 window_influence: 0.52508125404294292, penalty_k: 0.04389229275885081, scale_lr: 0.40182426682046396, EAO: 0.332
Trial 84 finished with value: 0.3316055157073277 and parameters: {'window_influence': 0.5250812540429429, 'penalty_k': 0.043892292758850815, 'scale_lr': 0.40182426682046396}. Best is trial 75 with value: 0.3635930125583471.
checkpoint_e33 window_influence: 0.54910399491174722, penalty_k: 0.02177614185203810, scale_lr: 0.36286078831820201, EAO: 0.306
Trial 85 finished with value: 0.3058503503233542 and parameters: {'window_influence': 0.5491039949117472, 'penalty_k': 0.0217761418520381, 'scale_lr': 0.362860788318202}. Best is trial 75 with value: 0.3635930125583471.
checkpoint_e33 window_influence: 0.49146530320133408, penalty_k: 0.04316166576375251, scale_lr: 0.43451848106122870, EAO: 0.343
Trial 86 finished with value: 0.3429127504853423 and parameters: {'window_influence': 0.4914653032013341, 'penalty_k': 0.04316166576375251, 'scale_lr': 0.4345184810612287}. Best is trial 75 with value: 0.3635930125583471.
checkpoint_e33 window_influence: 0.45407225625950770, penalty_k: 0.06719800243873114, scale_lr: 0.48421718746838893, EAO: 0.334
Trial 87 finished with value: 0.33370394453928165 and parameters: {'window_influence': 0.4540722562595077, 'penalty_k': 0.06719800243873114, 'scale_lr': 0.48421718746838893}. Best is trial 75 with value: 0.3635930125583471.
checkpoint_e33 window_influence: 0.51397798070930534, penalty_k: 0.08211302900696817, scale_lr: 0.41379906858088422, EAO: 0.352
Trial 88 finished with value: 0.3523439993422319 and parameters: {'window_influence': 0.5139779807093053, 'penalty_k': 0.08211302900696817, 'scale_lr': 0.4137990685808842}. Best is trial 75 with value: 0.3635930125583471.
checkpoint_e33 window_influence: 0.47837556685697330, penalty_k: 0.02660720794183495, scale_lr: 0.40894190213594156, EAO: 0.331
Trial 89 finished with value: 0.3312219221304363 and parameters: {'window_influence': 0.4783755668569733, 'penalty_k': 0.02660720794183495, 'scale_lr': 0.40894190213594156}. Best is trial 75 with value: 0.3635930125583471.
checkpoint_e33 window_influence: 0.43054069432447734, penalty_k: 0.06518040150889344, scale_lr: 0.34307892892387570, EAO: 0.338
Trial 90 finished with value: 0.3383715766181278 and parameters: {'window_influence': 0.43054069432447734, 'penalty_k': 0.06518040150889344, 'scale_lr': 0.3430789289238757}. Best is trial 75 with value: 0.3635930125583471.
checkpoint_e33 window_influence: 0.51622189533936258, penalty_k: 0.04758440079582973, scale_lr: 0.38783802932568046, EAO: 0.339
Trial 91 finished with value: 0.33858900149044824 and parameters: {'window_influence': 0.5162218953393626, 'penalty_k': 0.047584400795829734, 'scale_lr': 0.38783802932568046}. Best is trial 75 with value: 0.3635930125583471.
checkpoint_e33 window_influence: 0.50054900706481531, penalty_k: 0.08702826225531503, scale_lr: 0.44598128721651470, EAO: 0.355
Trial 92 finished with value: 0.35497951948225265 and parameters: {'window_influence': 0.5005490070648153, 'penalty_k': 0.08702826225531503, 'scale_lr': 0.4459812872165147}. Best is trial 75 with value: 0.3635930125583471.
checkpoint_e33 window_influence: 0.49676244422453181, penalty_k: 0.10832049759294589, scale_lr: 0.43156767555959769, EAO: 0.345
Trial 93 finished with value: 0.3448913867371555 and parameters: {'window_influence': 0.4967624442245318, 'penalty_k': 0.10832049759294589, 'scale_lr': 0.4315676755595977}. Best is trial 75 with value: 0.3635930125583471.
checkpoint_e33 window_influence: 0.53664215647353275, penalty_k: 0.10204908933352914, scale_lr: 0.45589726079930010, EAO: 0.307
Trial 94 finished with value: 0.30728039046901673 and parameters: {'window_influence': 0.5366421564735327, 'penalty_k': 0.10204908933352914, 'scale_lr': 0.4558972607993001}. Best is trial 75 with value: 0.3635930125583471.
checkpoint_e33 window_influence: 0.46055846302023817, penalty_k: 0.07676645183188319, scale_lr: 0.41407763021305138, EAO: 0.351
Trial 95 finished with value: 0.3513453027617607 and parameters: {'window_influence': 0.4605584630202382, 'penalty_k': 0.07676645183188319, 'scale_lr': 0.4140776302130514}. Best is trial 75 with value: 0.3635930125583471.
checkpoint_e33 window_influence: 0.48281564529531656, penalty_k: 0.01399104347427200, scale_lr: 0.44222333842614114, EAO: 0.340
Trial 96 finished with value: 0.3396270985965135 and parameters: {'window_influence': 0.48281564529531656, 'penalty_k': 0.013991043474272003, 'scale_lr': 0.44222333842614114}. Best is trial 75 with value: 0.3635930125583471.
checkpoint_e33 window_influence: 0.52186815059266412, penalty_k: 0.03825172470264495, scale_lr: 0.46770311152910560, EAO: 0.324
Trial 97 finished with value: 0.3240530217783924 and parameters: {'window_influence': 0.5218681505926641, 'penalty_k': 0.03825172470264495, 'scale_lr': 0.4677031115291056}. Best is trial 75 with value: 0.3635930125583471.
checkpoint_e33 window_influence: 0.43708377708616492, penalty_k: 0.05877271833204040, scale_lr: 0.36846113150072762, EAO: 0.328
Trial 98 finished with value: 0.32825721690163073 and parameters: {'window_influence': 0.4370837770861649, 'penalty_k': 0.058772718332040404, 'scale_lr': 0.3684611315007276}. Best is trial 75 with value: 0.3635930125583471.
checkpoint_e33 window_influence: 0.49591871323066322, penalty_k: 0.02560274297486821, scale_lr: 0.40028214758145553, EAO: 0.346
Trial 99 finished with value: 0.3464365797515973 and parameters: {'window_influence': 0.4959187132306632, 'penalty_k': 0.025602742974868208, 'scale_lr': 0.4002821475814555}. Best is trial 75 with value: 0.3635930125583471.
checkpoint_e33 window_influence: 0.55712980253724298, penalty_k: 0.00075126565207485, scale_lr: 0.42077707379055473, EAO: 0.302
Trial 100 finished with value: 0.3015450104085388 and parameters: {'window_influence': 0.557129802537243, 'penalty_k': 0.0007512656520748499, 'scale_lr': 0.42077707379055473}. Best is trial 75 with value: 0.3635930125583471.
checkpoint_e33 window_influence: 0.46230364602680324, penalty_k: 0.07659650257226545, scale_lr: 0.41226418244781132, EAO: 0.325
Trial 101 finished with value: 0.32492614215681986 and parameters: {'window_influence': 0.46230364602680324, 'penalty_k': 0.07659650257226545, 'scale_lr': 0.4122641824478113}. Best is trial 75 with value: 0.3635930125583471.
checkpoint_e33 window_influence: 0.47432869335395683, penalty_k: 0.08598967549237994, scale_lr: 0.38625554945872720, EAO: 0.345
Trial 102 finished with value: 0.3453408886718379 and parameters: {'window_influence': 0.47432869335395683, 'penalty_k': 0.08598967549237994, 'scale_lr': 0.3862555494587272}. Best is trial 75 with value: 0.3635930125583471.
checkpoint_e33 window_influence: 0.50998770863633980, penalty_k: 0.06889965490219203, scale_lr: 0.44840762277604318, EAO: 0.338
Trial 103 finished with value: 0.3380357111706344 and parameters: {'window_influence': 0.5099877086363398, 'penalty_k': 0.06889965490219203, 'scale_lr': 0.4484076227760432}. Best is trial 75 with value: 0.3635930125583471.
checkpoint_e33 window_influence: 0.45107254949794229, penalty_k: 0.13214117763785588, scale_lr: 0.43166127988524994, EAO: 0.348
Trial 104 finished with value: 0.3481326701576144 and parameters: {'window_influence': 0.4510725494979423, 'penalty_k': 0.13214117763785588, 'scale_lr': 0.43166127988524994}. Best is trial 75 with value: 0.3635930125583471.
checkpoint_e33 window_influence: 0.42213878062372800, penalty_k: 0.04933946092813578, scale_lr: 0.46905262143291987, EAO: 0.336
Trial 105 finished with value: 0.33582001669397615 and parameters: {'window_influence': 0.422138780623728, 'penalty_k': 0.04933946092813578, 'scale_lr': 0.46905262143291987}. Best is trial 75 with value: 0.3635930125583471.
checkpoint_e33 window_influence: 0.46119207893434450, penalty_k: 0.09418977189652319, scale_lr: 0.44580976936360434, EAO: 0.344
Trial 106 finished with value: 0.34418200936298887 and parameters: {'window_influence': 0.4611920789343445, 'penalty_k': 0.0941897718965232, 'scale_lr': 0.44580976936360434}. Best is trial 75 with value: 0.3635930125583471.
checkpoint_e33 window_influence: 0.48218956346727687, penalty_k: 0.11416447671384965, scale_lr: 0.41473617658906253, EAO: 0.338
Trial 107 finished with value: 0.3377202306276166 and parameters: {'window_influence': 0.48218956346727687, 'penalty_k': 0.11416447671384965, 'scale_lr': 0.41473617658906253}. Best is trial 75 with value: 0.3635930125583471.
checkpoint_e33 window_influence: 0.53981036198398125, penalty_k: 0.05798252273420824, scale_lr: 0.37545450354451398, EAO: 0.316
Trial 108 finished with value: 0.31566746880804053 and parameters: {'window_influence': 0.5398103619839812, 'penalty_k': 0.057982522734208244, 'scale_lr': 0.375454503544514}. Best is trial 75 with value: 0.3635930125583471.
checkpoint_e33 window_influence: 0.52146549006514409, penalty_k: 0.03742043041320064, scale_lr: 0.39434537457244739, EAO: 0.313
Trial 109 finished with value: 0.3126023344492634 and parameters: {'window_influence': 0.5214654900651441, 'penalty_k': 0.03742043041320064, 'scale_lr': 0.3943453745724474}. Best is trial 75 with value: 0.3635930125583471.
checkpoint_e33 window_influence: 0.50009426965659376, penalty_k: 0.01433505888679919, scale_lr: 0.47602193468846737, EAO: 0.354
Trial 110 finished with value: 0.3536892634189546 and parameters: {'window_influence': 0.5000942696565938, 'penalty_k': 0.014335058886799187, 'scale_lr': 0.4760219346884674}. Best is trial 75 with value: 0.3635930125583471.
checkpoint_e33 window_influence: 0.49595492075146014, penalty_k: 0.01653145303168082, scale_lr: 0.47271062063079838, EAO: 0.343
Trial 111 finished with value: 0.3430605861231511 and parameters: {'window_influence': 0.49595492075146014, 'penalty_k': 0.01653145303168082, 'scale_lr': 0.4727106206307984}. Best is trial 75 with value: 0.3635930125583471.
checkpoint_e33 window_influence: 0.50491095770134931, penalty_k: 0.03137312862937153, scale_lr: 0.43558573028469455, EAO: 0.349
Trial 112 finished with value: 0.3486005676627623 and parameters: {'window_influence': 0.5049109577013493, 'penalty_k': 0.03137312862937153, 'scale_lr': 0.43558573028469455}. Best is trial 75 with value: 0.3635930125583471.
checkpoint_e33 window_influence: 0.44425009668087057, penalty_k: 0.05009242976191931, scale_lr: 0.45844704074676917, EAO: 0.337
Trial 113 finished with value: 0.3365234984266155 and parameters: {'window_influence': 0.44425009668087057, 'penalty_k': 0.05009242976191931, 'scale_lr': 0.4584470407467692}. Best is trial 75 with value: 0.3635930125583471.
checkpoint_e33 window_influence: 0.46388860718533642, penalty_k: 0.01126737560577951, scale_lr: 0.48555295272748306, EAO: 0.337
Trial 114 finished with value: 0.3370058203717614 and parameters: {'window_influence': 0.4638886071853364, 'penalty_k': 0.011267375605779513, 'scale_lr': 0.48555295272748306}. Best is trial 75 with value: 0.3635930125583471.
checkpoint_e33 window_influence: 0.53203599250488842, penalty_k: 0.08305456983466253, scale_lr: 0.42180770990185534, EAO: 0.321
Trial 115 finished with value: 0.3212738658667538 and parameters: {'window_influence': 0.5320359925048884, 'penalty_k': 0.08305456983466253, 'scale_lr': 0.42180770990185534}. Best is trial 75 with value: 0.3635930125583471.
checkpoint_e33 window_influence: 0.47783614503431754, penalty_k: 0.06699703120657882, scale_lr: 0.44641051241419022, EAO: 0.338
Trial 116 finished with value: 0.3381887443566601 and parameters: {'window_influence': 0.47783614503431754, 'penalty_k': 0.06699703120657882, 'scale_lr': 0.4464105124141902}. Best is trial 75 with value: 0.3635930125583471.
checkpoint_e33 window_influence: 0.51544525075494330, penalty_k: 0.02769889789748273, scale_lr: 0.49720648737897205, EAO: 0.347
Trial 117 finished with value: 0.34658042489322705 and parameters: {'window_influence': 0.5154452507549433, 'penalty_k': 0.027698897897482727, 'scale_lr': 0.49720648737897205}. Best is trial 75 with value: 0.3635930125583471.
checkpoint_e33 window_influence: 0.48758761426416747, penalty_k: 0.12502548284846962, scale_lr: 0.40248974154570000, EAO: 0.333
Trial 118 finished with value: 0.33319745917264587 and parameters: {'window_influence': 0.48758761426416747, 'penalty_k': 0.12502548284846962, 'scale_lr': 0.4024897415457}. Best is trial 75 with value: 0.3635930125583471.
checkpoint_e33 window_influence: 0.50184349077210721, penalty_k: 0.14637946237628152, scale_lr: 0.47701656328403086, EAO: 0.323
Trial 119 finished with value: 0.32342097012449333 and parameters: {'window_influence': 0.5018434907721072, 'penalty_k': 0.14637946237628152, 'scale_lr': 0.47701656328403086}. Best is trial 75 with value: 0.3635930125583471.
checkpoint_e33 window_influence: 0.47480546383058880, penalty_k: 0.10210180158283895, scale_lr: 0.51328532524474824, EAO: 0.360
