A new study created in memory with name: no-name-f427166d-5056-4e18-bafa-a6df3232298d
checkpoint_e23 window_influence: 0.60314270027220185, penalty_k: 0.48497388901956928, scale_lr: 0.77396969239273095, EAO: 0.246
Trial 0 finished with value: 0.24627430887769633 and parameters: {'window_influence': 0.6031427002722018, 'penalty_k': 0.4849738890195693, 'scale_lr': 0.773969692392731}. Best is trial 0 with value: 0.24627430887769633.
checkpoint_e23 window_influence: 0.11284881880960311, penalty_k: 0.20653863777555298, scale_lr: 0.79121714509396568, EAO: 0.251
Trial 1 finished with value: 0.25086958254125796 and parameters: {'window_influence': 0.11284881880960311, 'penalty_k': 0.20653863777555298, 'scale_lr': 0.7912171450939657}. Best is trial 1 with value: 0.25086958254125796.
checkpoint_e23 window_influence: 0.64608245264334285, penalty_k: 0.54645779919164250, scale_lr: 0.33422106886309799, EAO: 0.224
Trial 2 finished with value: 0.2244760666028071 and parameters: {'window_influence': 0.6460824526433429, 'penalty_k': 0.5464577991916425, 'scale_lr': 0.334221068863098}. Best is trial 1 with value: 0.25086958254125796.
checkpoint_e23 window_influence: 0.14677106353203423, penalty_k: 0.35170827579783726, scale_lr: 0.69931810569633757, EAO: 0.256
Trial 3 finished with value: 0.25597135763224 and parameters: {'window_influence': 0.14677106353203423, 'penalty_k': 0.35170827579783726, 'scale_lr': 0.6993181056963376}. Best is trial 3 with value: 0.25597135763224.
checkpoint_e23 window_influence: 0.20288527255448202, penalty_k: 0.01945718016589017, scale_lr: 0.28571066454677474, EAO: 0.302
Trial 4 finished with value: 0.3019999399607284 and parameters: {'window_influence': 0.20288527255448202, 'penalty_k': 0.019457180165890174, 'scale_lr': 0.28571066454677474}. Best is trial 4 with value: 0.3019999399607284.
checkpoint_e23 window_influence: 0.51886457316203272, penalty_k: 0.50649759038857167, scale_lr: 0.74113263762609749, EAO: 0.287
Trial 5 finished with value: 0.28652921684289256 and parameters: {'window_influence': 0.5188645731620327, 'penalty_k': 0.5064975903885717, 'scale_lr': 0.7411326376260975}. Best is trial 4 with value: 0.3019999399607284.
checkpoint_e23 window_influence: 0.64099920019171652, penalty_k: 0.14009376911246069, scale_lr: 0.68496076320900001, EAO: 0.234
Trial 6 finished with value: 0.23389292760581823 and parameters: {'window_influence': 0.6409992001917165, 'penalty_k': 0.1400937691124607, 'scale_lr': 0.684960763209}. Best is trial 4 with value: 0.3019999399607284.
checkpoint_e23 window_influence: 0.33918175795845812, penalty_k: 0.02282090628702138, scale_lr: 0.41508650181205331, EAO: 0.341
Trial 7 finished with value: 0.3409463533631559 and parameters: {'window_influence': 0.3391817579584581, 'penalty_k': 0.02282090628702138, 'scale_lr': 0.4150865018120533}. Best is trial 7 with value: 0.3409463533631559.
checkpoint_e23 window_influence: 0.46914368512200488, penalty_k: 0.42210645744839448, scale_lr: 0.28270636989172970, EAO: 0.332
Trial 8 finished with value: 0.3320374361271988 and parameters: {'window_influence': 0.4691436851220049, 'penalty_k': 0.4221064574483945, 'scale_lr': 0.2827063698917297}. Best is trial 7 with value: 0.3409463533631559.
checkpoint_e23 window_influence: 0.52399024949427442, penalty_k: 0.11717144038149283, scale_lr: 0.30169952633699831, EAO: 0.322
Trial 9 finished with value: 0.32240800843628464 and parameters: {'window_influence': 0.5239902494942744, 'penalty_k': 0.11717144038149283, 'scale_lr': 0.3016995263369983}. Best is trial 7 with value: 0.3409463533631559.
checkpoint_e23 window_influence: 0.31269708443167893, penalty_k: 0.27033744259864145, scale_lr: 0.15543860076098071, EAO: 0.306
Trial 10 finished with value: 0.3064581544830641 and parameters: {'window_influence': 0.31269708443167893, 'penalty_k': 0.27033744259864145, 'scale_lr': 0.1554386007609807}. Best is trial 7 with value: 0.3409463533631559.
checkpoint_e23 window_influence: 0.38379136445208545, penalty_k: 0.35661176031517794, scale_lr: 0.45361525663005575, EAO: 0.324
Trial 11 finished with value: 0.3244324512054948 and parameters: {'window_influence': 0.38379136445208545, 'penalty_k': 0.35661176031517794, 'scale_lr': 0.45361525663005575}. Best is trial 7 with value: 0.3409463533631559.
checkpoint_e23 window_influence: 0.40419291793601975, penalty_k: 0.00611332454998265, scale_lr: 0.47567402873389114, EAO: 0.353
Trial 12 finished with value: 0.3527593839957093 and parameters: {'window_influence': 0.40419291793601975, 'penalty_k': 0.006113324549982646, 'scale_lr': 0.47567402873389114}. Best is trial 12 with value: 0.3527593839957093.
checkpoint_e23 window_influence: 0.31832322163261850, penalty_k: 0.01604238520473370, scale_lr: 0.48565729624266768, EAO: 0.327
Trial 13 finished with value: 0.32672086294291086 and parameters: {'window_influence': 0.3183232216326185, 'penalty_k': 0.0160423852047337, 'scale_lr': 0.4856572962426677}. Best is trial 12 with value: 0.3527593839957093.
checkpoint_e23 window_influence: 0.39377432243039417, penalty_k: 0.01217809020154814, scale_lr: 0.53918689216582893, EAO: 0.323
Trial 14 finished with value: 0.322700731369308 and parameters: {'window_influence': 0.3937743224303942, 'penalty_k': 0.012178090201548142, 'scale_lr': 0.5391868921658289}. Best is trial 12 with value: 0.3527593839957093.
checkpoint_e23 window_influence: 0.25548780789626724, penalty_k: 0.10425138810090608, scale_lr: 0.58040093562405226, EAO: 0.313
Trial 15 finished with value: 0.3128676666707844 and parameters: {'window_influence': 0.25548780789626724, 'penalty_k': 0.10425138810090608, 'scale_lr': 0.5804009356240523}. Best is trial 12 with value: 0.3527593839957093.
checkpoint_e23 window_influence: 0.05975483910751062, penalty_k: 0.20001752626362024, scale_lr: 0.40408964740061615, EAO: 0.239
Trial 16 finished with value: 0.23881581431464927 and parameters: {'window_influence': 0.059754839107510616, 'penalty_k': 0.20001752626362024, 'scale_lr': 0.40408964740061615}. Best is trial 12 with value: 0.3527593839957093.
checkpoint_e23 window_influence: 0.43399403355931959, penalty_k: 0.07749151391168750, scale_lr: 0.61294388623200691, EAO: 0.319
Trial 17 finished with value: 0.3194411340738549 and parameters: {'window_influence': 0.4339940335593196, 'penalty_k': 0.0774915139116875, 'scale_lr': 0.6129438862320069}. Best is trial 12 with value: 0.3527593839957093.
checkpoint_e23 window_influence: 0.33968324060891997, penalty_k: 0.06460022403177668, scale_lr: 0.51547351759152726, EAO: 0.321
Trial 18 finished with value: 0.32090752250025706 and parameters: {'window_influence': 0.33968324060891997, 'penalty_k': 0.06460022403177668, 'scale_lr': 0.5154735175915273}. Best is trial 12 with value: 0.3527593839957093.
checkpoint_e23 window_influence: 0.26795651996361303, penalty_k: 0.16246798848122149, scale_lr: 0.40618492601722894, EAO: 0.318
Trial 19 finished with value: 0.3182888284383581 and parameters: {'window_influence': 0.267956519963613, 'penalty_k': 0.1624679884812215, 'scale_lr': 0.40618492601722894}. Best is trial 12 with value: 0.3527593839957093.
checkpoint_e23 window_influence: 0.38158265418279474, penalty_k: 0.08653188620945737, scale_lr: 0.59855125453275249, EAO: 0.323
Trial 20 finished with value: 0.3227115076339662 and parameters: {'window_influence': 0.38158265418279474, 'penalty_k': 0.08653188620945737, 'scale_lr': 0.5985512545327525}. Best is trial 12 with value: 0.3527593839957093.
checkpoint_e23 window_influence: 0.44485015028255614, penalty_k: 0.00987082778447811, scale_lr: 0.37750669903915274, EAO: 0.347
Trial 21 finished with value: 0.34704533091778883 and parameters: {'window_influence': 0.44485015028255614, 'penalty_k': 0.009870827784478106, 'scale_lr': 0.37750669903915274}. Best is trial 12 with value: 0.3527593839957093.
checkpoint_e23 window_influence: 0.43668361584444010, penalty_k: 0.04769154648167189, scale_lr: 0.40360386454627373, EAO: 0.339
Trial 22 finished with value: 0.3390702468411932 and parameters: {'window_influence': 0.4366836158444401, 'penalty_k': 0.04769154648167189, 'scale_lr': 0.4036038645462737}. Best is trial 12 with value: 0.3527593839957093.
checkpoint_e23 window_influence: 0.34757912242958711, penalty_k: 0.00289160143173344, scale_lr: 0.46006862690794237, EAO: 0.325
Trial 23 finished with value: 0.3247864525837657 and parameters: {'window_influence': 0.3475791224295871, 'penalty_k': 0.0028916014317334373, 'scale_lr': 0.46006862690794237}. Best is trial 12 with value: 0.3527593839957093.
checkpoint_e23 window_influence: 0.48540751090265588, penalty_k: 0.06095358135758184, scale_lr: 0.38306840697056654, EAO: 0.341
Trial 24 finished with value: 0.34126798280946014 and parameters: {'window_influence': 0.4854075109026559, 'penalty_k': 0.06095358135758184, 'scale_lr': 0.38306840697056654}. Best is trial 12 with value: 0.3527593839957093.
checkpoint_e23 window_influence: 0.49336295510571093, penalty_k: 0.06662356153519572, scale_lr: 0.35639377166768632, EAO: 0.353
Trial 25 finished with value: 0.3531906632597808 and parameters: {'window_influence': 0.49336295510571093, 'penalty_k': 0.06662356153519572, 'scale_lr': 0.3563937716676863}. Best is trial 25 with value: 0.3531906632597808.
checkpoint_e23 window_influence: 0.51593882431088478, penalty_k: 0.11680646318541132, scale_lr: 0.22056264291695557, EAO: 0.316
Trial 26 finished with value: 0.31632259940358914 and parameters: {'window_influence': 0.5159388243108848, 'penalty_k': 0.11680646318541132, 'scale_lr': 0.22056264291695557}. Best is trial 25 with value: 0.3531906632597808.
checkpoint_e23 window_influence: 0.56339706412792967, penalty_k: 0.16434328877720922, scale_lr: 0.34712191219816213, EAO: 0.290
Trial 27 finished with value: 0.2900439152921684 and parameters: {'window_influence': 0.5633970641279297, 'penalty_k': 0.16434328877720922, 'scale_lr': 0.34712191219816213}. Best is trial 25 with value: 0.3531906632597808.
checkpoint_e23 window_influence: 0.43768536381229334, penalty_k: 0.06727942059830583, scale_lr: 0.49245586171725753, EAO: 0.343
Trial 28 finished with value: 0.3428920350881866 and parameters: {'window_influence': 0.43768536381229334, 'penalty_k': 0.06727942059830583, 'scale_lr': 0.4924558617172575}. Best is trial 25 with value: 0.3531906632597808.
checkpoint_e23 window_influence: 0.55202309301174213, penalty_k: 0.04222399933092033, scale_lr: 0.35968530813207128, EAO: 0.314
Trial 29 finished with value: 0.3141151458488828 and parameters: {'window_influence': 0.5520230930117421, 'penalty_k': 0.04222399933092033, 'scale_lr': 0.3596853081320713}. Best is trial 25 with value: 0.3531906632597808.
checkpoint_e23 window_influence: 0.58304715389102568, penalty_k: 0.00209318820482474, scale_lr: 0.44148066131445102, EAO: 0.292
Trial 30 finished with value: 0.2915816195164209 and parameters: {'window_influence': 0.5830471538910257, 'penalty_k': 0.002093188204824737, 'scale_lr': 0.441480661314451}. Best is trial 25 with value: 0.3531906632597808.
checkpoint_e23 window_influence: 0.43182453943173099, penalty_k: 0.05891209310515429, scale_lr: 0.50249147899111013, EAO: 0.325
Trial 31 finished with value: 0.3249251729435494 and parameters: {'window_influence': 0.431824539431731, 'penalty_k': 0.05891209310515429, 'scale_lr': 0.5024914789911101}. Best is trial 25 with value: 0.3531906632597808.
checkpoint_e23 window_influence: 0.47341808934917295, penalty_k: 0.08667660852501566, scale_lr: 0.46987819148671589, EAO: 0.384
Trial 32 finished with value: 0.38394216433573325 and parameters: {'window_influence': 0.47341808934917295, 'penalty_k': 0.08667660852501566, 'scale_lr': 0.4698781914867159}. Best is trial 32 with value: 0.38394216433573325.
checkpoint_e23 window_influence: 0.47961029560026691, penalty_k: 0.10377098276635863, scale_lr: 0.44472471857304308, EAO: 0.344
Trial 33 finished with value: 0.3442949892713866 and parameters: {'window_influence': 0.4796102956002669, 'penalty_k': 0.10377098276635863, 'scale_lr': 0.4447247185730431}. Best is trial 32 with value: 0.38394216433573325.
checkpoint_e23 window_influence: 0.40464629506587596, penalty_k: 0.14442833252800719, scale_lr: 0.32835817399836342, EAO: 0.315
Trial 34 finished with value: 0.31517989098561877 and parameters: {'window_influence': 0.40464629506587596, 'penalty_k': 0.1444283325280072, 'scale_lr': 0.3283581739983634}. Best is trial 32 with value: 0.38394216433573325.
checkpoint_e23 window_influence: 0.47258893215399050, penalty_k: 0.03786216095491714, scale_lr: 0.36348128370159966, EAO: 0.341
Trial 35 finished with value: 0.34109141436996165 and parameters: {'window_influence': 0.4725889321539905, 'penalty_k': 0.03786216095491714, 'scale_lr': 0.36348128370159966}. Best is trial 32 with value: 0.38394216433573325.
checkpoint_e23 window_influence: 0.60204166018197791, penalty_k: 0.08715586113930443, scale_lr: 0.54174477002875088, EAO: 0.279
Trial 36 finished with value: 0.27856066185212786 and parameters: {'window_influence': 0.6020416601819779, 'penalty_k': 0.08715586113930443, 'scale_lr': 0.5417447700287509}. Best is trial 32 with value: 0.38394216433573325.
checkpoint_e23 window_influence: 0.51478274569563676, penalty_k: 0.19025742162422776, scale_lr: 0.32458593592421292, EAO: 0.310
Trial 37 finished with value: 0.31005734964799325 and parameters: {'window_influence': 0.5147827456956368, 'penalty_k': 0.19025742162422776, 'scale_lr': 0.3245859359242129}. Best is trial 32 with value: 0.38394216433573325.
checkpoint_e23 window_influence: 0.49638218289686387, penalty_k: 0.23321413522982140, scale_lr: 0.43002014406275124, EAO: 0.344
Trial 38 finished with value: 0.344121961510135 and parameters: {'window_influence': 0.49638218289686387, 'penalty_k': 0.2332141352298214, 'scale_lr': 0.43002014406275124}. Best is trial 32 with value: 0.38394216433573325.
checkpoint_e23 window_influence: 0.54244847820446118, penalty_k: 0.12989326899467551, scale_lr: 0.39126132299358973, EAO: 0.313
Trial 39 finished with value: 0.31292426823873926 and parameters: {'window_influence': 0.5424484782044612, 'penalty_k': 0.12989326899467551, 'scale_lr': 0.39126132299358973}. Best is trial 32 with value: 0.38394216433573325.
checkpoint_e23 window_influence: 0.44861076936112598, penalty_k: 0.03872777079925052, scale_lr: 0.25843700705552575, EAO: 0.329
Trial 40 finished with value: 0.32944770592195977 and parameters: {'window_influence': 0.448610769361126, 'penalty_k': 0.03872777079925052, 'scale_lr': 0.25843700705552575}. Best is trial 32 with value: 0.38394216433573325.
checkpoint_e23 window_influence: 0.46639367334929693, penalty_k: 0.09801734551704698, scale_lr: 0.46739761273915081, EAO: 0.361
Trial 41 finished with value: 0.36091766781844054 and parameters: {'window_influence': 0.46639367334929693, 'penalty_k': 0.09801734551704698, 'scale_lr': 0.4673976127391508}. Best is trial 32 with value: 0.38394216433573325.
checkpoint_e23 window_influence: 0.47131690712478069, penalty_k: 0.08905467318986771, scale_lr: 0.46535959127266424, EAO: 0.351
Trial 42 finished with value: 0.351046859174387 and parameters: {'window_influence': 0.4713169071247807, 'penalty_k': 0.0890546731898677, 'scale_lr': 0.46535959127266424}. Best is trial 32 with value: 0.38394216433573325.
checkpoint_e23 window_influence: 0.49710195636993504, penalty_k: 0.09342218406825258, scale_lr: 0.48243278874745282, EAO: 0.347
Trial 43 finished with value: 0.3471966637479656 and parameters: {'window_influence': 0.49710195636993504, 'penalty_k': 0.09342218406825258, 'scale_lr': 0.4824327887474528}. Best is trial 32 with value: 0.38394216433573325.
checkpoint_e23 window_influence: 0.40434700471894636, penalty_k: 0.13428857272053210, scale_lr: 0.43351042750710572, EAO: 0.332
Trial 44 finished with value: 0.3316490713956291 and parameters: {'window_influence': 0.40434700471894636, 'penalty_k': 0.1342885727205321, 'scale_lr': 0.4335104275071057}. Best is trial 32 with value: 0.38394216433573325.
checkpoint_e23 window_influence: 0.53317633016580512, penalty_k: 0.10710519799170699, scale_lr: 0.46896572960147270, EAO: 0.324
Trial 45 finished with value: 0.32432422546329204 and parameters: {'window_influence': 0.5331763301658051, 'penalty_k': 0.107105197991707, 'scale_lr': 0.4689657296014727}. Best is trial 32 with value: 0.38394216433573325.
checkpoint_e23 window_influence: 0.46954485487939307, penalty_k: 0.03486379105415981, scale_lr: 0.52005893842384376, EAO: 0.354
Trial 46 finished with value: 0.35387652915275514 and parameters: {'window_influence': 0.46954485487939307, 'penalty_k': 0.034863791054159814, 'scale_lr': 0.5200589384238438}. Best is trial 32 with value: 0.38394216433573325.
checkpoint_e23 window_influence: 0.46364962628477213, penalty_k: 0.03514009641103543, scale_lr: 0.53742741205997779, EAO: 0.346
Trial 47 finished with value: 0.3457168961081523 and parameters: {'window_influence': 0.46364962628477213, 'penalty_k': 0.03514009641103543, 'scale_lr': 0.5374274120599778}. Best is trial 32 with value: 0.38394216433573325.
checkpoint_e23 window_influence: 0.36721170241110185, penalty_k: 0.03477527162005713, scale_lr: 0.51264317414210703, EAO: 0.329
Trial 48 finished with value: 0.3291069606630719 and parameters: {'window_influence': 0.36721170241110185, 'penalty_k': 0.03477527162005713, 'scale_lr': 0.512643174142107}. Best is trial 32 with value: 0.38394216433573325.
checkpoint_e23 window_influence: 0.40270818844929512, penalty_k: 0.07015976259000289, scale_lr: 0.42526889699323078, EAO: 0.336
Trial 49 finished with value: 0.3358257630919668 and parameters: {'window_influence': 0.4027081884492951, 'penalty_k': 0.0701597625900029, 'scale_lr': 0.4252688969932308}. Best is trial 32 with value: 0.38394216433573325.
checkpoint_e23 window_influence: 0.50355852930594391, penalty_k: 0.02510865679781700, scale_lr: 0.56458172581941524, EAO: 0.350
Trial 50 finished with value: 0.35032045064269335 and parameters: {'window_influence': 0.5035585293059439, 'penalty_k': 0.025108656797816997, 'scale_lr': 0.5645817258194152}. Best is trial 32 with value: 0.38394216433573325.
checkpoint_e23 window_influence: 0.46083197469283127, penalty_k: 0.08879486394364945, scale_lr: 0.46820562560284118, EAO: 0.352
Trial 51 finished with value: 0.3518603830254032 and parameters: {'window_influence': 0.46083197469283127, 'penalty_k': 0.08879486394364945, 'scale_lr': 0.4682056256028412}. Best is trial 32 with value: 0.38394216433573325.
checkpoint_e23 window_influence: 0.45924514666291139, penalty_k: 0.11695443092950515, scale_lr: 0.48746136387660788, EAO: 0.354
Trial 52 finished with value: 0.35358424734048804 and parameters: {'window_influence': 0.4592451466629114, 'penalty_k': 0.11695443092950515, 'scale_lr': 0.4874613638766079}. Best is trial 32 with value: 0.38394216433573325.
checkpoint_e23 window_influence: 0.42205927840878305, penalty_k: 0.11996386781263649, scale_lr: 0.51414022905991597, EAO: 0.310
Trial 53 finished with value: 0.30998682946778455 and parameters: {'window_influence': 0.42205927840878305, 'penalty_k': 0.11996386781263649, 'scale_lr': 0.514140229059916}. Best is trial 32 with value: 0.38394216433573325.
checkpoint_e23 window_influence: 0.41811711640217031, penalty_k: 0.00053639648288957, scale_lr: 0.41429833778651537, EAO: 0.336
Trial 54 finished with value: 0.33561136843165534 and parameters: {'window_influence': 0.4181171164021703, 'penalty_k': 0.0005363964828895727, 'scale_lr': 0.41429833778651537}. Best is trial 32 with value: 0.38394216433573325.
checkpoint_e23 window_influence: 0.49171694490750834, penalty_k: 0.05617190411942112, scale_lr: 0.62529669041282676, EAO: 0.337
Trial 55 finished with value: 0.3368625404305959 and parameters: {'window_influence': 0.49171694490750834, 'penalty_k': 0.05617190411942112, 'scale_lr': 0.6252966904128268}. Best is trial 32 with value: 0.38394216433573325.
checkpoint_e23 window_influence: 0.52510173818192929, penalty_k: 0.15331357904897946, scale_lr: 0.48741677695165847, EAO: 0.340
Trial 56 finished with value: 0.3400258122715041 and parameters: {'window_influence': 0.5251017381819293, 'penalty_k': 0.15331357904897946, 'scale_lr': 0.48741677695165847}. Best is trial 32 with value: 0.38394216433573325.
checkpoint_e23 window_influence: 0.37851991880838887, penalty_k: 0.07488130994288562, scale_lr: 0.52899722861068155, EAO: 0.332
Trial 57 finished with value: 0.33245814194475165 and parameters: {'window_influence': 0.37851991880838887, 'penalty_k': 0.07488130994288562, 'scale_lr': 0.5289972286106815}. Best is trial 32 with value: 0.38394216433573325.
checkpoint_e23 window_influence: 0.44753288558470294, penalty_k: 0.01998454271558491, scale_lr: 0.45324909090488963, EAO: 0.327
Trial 58 finished with value: 0.32745228701992257 and parameters: {'window_influence': 0.44753288558470294, 'penalty_k': 0.019984542715584912, 'scale_lr': 0.45324909090488963}. Best is trial 32 with value: 0.38394216433573325.
checkpoint_e23 window_influence: 0.46473587184066106, penalty_k: 0.11561872834339322, scale_lr: 0.57617024021672325, EAO: 0.347
Trial 59 finished with value: 0.3471413426362123 and parameters: {'window_influence': 0.46473587184066106, 'penalty_k': 0.11561872834339322, 'scale_lr': 0.5761702402167233}. Best is trial 32 with value: 0.38394216433573325.
checkpoint_e23 window_influence: 0.50912709090706099, penalty_k: 0.17390055557344064, scale_lr: 0.55379559574385329, EAO: 0.323
Trial 60 finished with value: 0.3226882751581734 and parameters: {'window_influence': 0.509127090907061, 'penalty_k': 0.17390055557344064, 'scale_lr': 0.5537955957438533}. Best is trial 32 with value: 0.38394216433573325.
checkpoint_e23 window_influence: 0.45683936318290613, penalty_k: 0.09686143520812714, scale_lr: 0.47751793562333972, EAO: 0.352
Trial 61 finished with value: 0.3523415828029469 and parameters: {'window_influence': 0.45683936318290613, 'penalty_k': 0.09686143520812714, 'scale_lr': 0.4775179356233397}. Best is trial 32 with value: 0.38394216433573325.
checkpoint_e23 window_influence: 0.41916357912194768, penalty_k: 0.13769078389750469, scale_lr: 0.50214709922149214, EAO: 0.329
