Trial 868 finished with value: 0.34814700866951553 and parameters: {'window_influence': 0.48397234930469174, 'penalty_k': 0.01435276173135776, 'scale_lr': 0.3551375051042185}. Best is trial 32 with value: 0.38394216433573325.
checkpoint_e23 window_influence: 0.10044460743944933, penalty_k: 0.13876951771101612, scale_lr: 0.73862453225290026, EAO: 0.251
Trial 869 finished with value: 0.2505275236609381 and parameters: {'window_influence': 0.10044460743944933, 'penalty_k': 0.13876951771101612, 'scale_lr': 0.7386245322529003}. Best is trial 32 with value: 0.38394216433573325.
checkpoint_e23 window_influence: 0.30842396805125916, penalty_k: 0.54404959455143831, scale_lr: 0.15045176355898254, EAO: 0.287
Trial 870 finished with value: 0.2865143428748684 and parameters: {'window_influence': 0.30842396805125916, 'penalty_k': 0.5440495945514383, 'scale_lr': 0.15045176355898254}. Best is trial 32 with value: 0.38394216433573325.
checkpoint_e23 window_influence: 0.52912864910231272, penalty_k: 0.28663781545895828, scale_lr: 0.60586189928822309, EAO: 0.288
Trial 871 finished with value: 0.288339544363059 and parameters: {'window_influence': 0.5291286491023127, 'penalty_k': 0.2866378154589583, 'scale_lr': 0.6058618992882231}. Best is trial 32 with value: 0.38394216433573325.
checkpoint_e23 window_influence: 0.49740789911508038, penalty_k: 0.04772329842938176, scale_lr: 0.70393077508257496, EAO: 0.340
Trial 872 finished with value: 0.3396999758273247 and parameters: {'window_influence': 0.4974078991150804, 'penalty_k': 0.047723298429381764, 'scale_lr': 0.703930775082575}. Best is trial 32 with value: 0.38394216433573325.
checkpoint_e23 window_influence: 0.25533923555136800, penalty_k: 0.18789082203323981, scale_lr: 0.58497597770065757, EAO: 0.301
Trial 873 finished with value: 0.3011768094992359 and parameters: {'window_influence': 0.255339235551368, 'penalty_k': 0.1878908220332398, 'scale_lr': 0.5849759777006576}. Best is trial 32 with value: 0.38394216433573325.
checkpoint_e23 window_influence: 0.28356046026459014, penalty_k: 0.02576786503314036, scale_lr: 0.72022449240532826, EAO: 0.300
Trial 874 finished with value: 0.30000778713810766 and parameters: {'window_influence': 0.28356046026459014, 'penalty_k': 0.025767865033140356, 'scale_lr': 0.7202244924053283}. Best is trial 32 with value: 0.38394216433573325.
checkpoint_e23 window_influence: 0.44817805004937239, penalty_k: 0.01401203067342684, scale_lr: 0.40898612113850630, EAO: 0.336
Trial 875 finished with value: 0.33606312107947084 and parameters: {'window_influence': 0.4481780500493724, 'penalty_k': 0.014012030673426837, 'scale_lr': 0.4089861211385063}. Best is trial 32 with value: 0.38394216433573325.
checkpoint_e23 window_influence: 0.46054857960946827, penalty_k: 0.26229336870582842, scale_lr: 0.74200299735344621, EAO: 0.329
Trial 876 finished with value: 0.32899537554974684 and parameters: {'window_influence': 0.46054857960946827, 'penalty_k': 0.2622933687058284, 'scale_lr': 0.7420029973534462}. Best is trial 32 with value: 0.38394216433573325.
checkpoint_e23 window_influence: 0.51563929582628798, penalty_k: 0.06146373566292294, scale_lr: 0.44106158024704695, EAO: 0.318
Trial 877 finished with value: 0.317829883284142 and parameters: {'window_influence': 0.515639295826288, 'penalty_k': 0.06146373566292294, 'scale_lr': 0.44106158024704695}. Best is trial 32 with value: 0.38394216433573325.
checkpoint_e23 window_influence: 0.16784862117987884, penalty_k: 0.03806078315497850, scale_lr: 0.38411579332285489, EAO: 0.283
Trial 878 finished with value: 0.28345577610142036 and parameters: {'window_influence': 0.16784862117987884, 'penalty_k': 0.0380607831549785, 'scale_lr': 0.3841157933228549}. Best is trial 32 with value: 0.38394216433573325.
checkpoint_e23 window_influence: 0.48141093931308848, penalty_k: 0.44331444536705555, scale_lr: 0.36635887859465704, EAO: 0.294
Trial 879 finished with value: 0.29388136216638616 and parameters: {'window_influence': 0.4814109393130885, 'penalty_k': 0.44331444536705555, 'scale_lr': 0.36635887859465704}. Best is trial 32 with value: 0.38394216433573325.
checkpoint_e23 window_influence: 0.47463946611355740, penalty_k: 0.01194683961396732, scale_lr: 0.39290404964905618, EAO: 0.351
Trial 880 finished with value: 0.3506316593648859 and parameters: {'window_influence': 0.4746394661135574, 'penalty_k': 0.011946839613967322, 'scale_lr': 0.3929040496490562}. Best is trial 32 with value: 0.38394216433573325.
checkpoint_e23 window_influence: 0.20578937783806434, penalty_k: 0.02779840024303409, scale_lr: 0.33883713456386849, EAO: 0.285
Trial 881 finished with value: 0.28507229158154723 and parameters: {'window_influence': 0.20578937783806434, 'penalty_k': 0.02779840024303409, 'scale_lr': 0.3388371345638685}. Best is trial 32 with value: 0.38394216433573325.
checkpoint_e23 window_influence: 0.49422151984468354, penalty_k: 0.05327465707036432, scale_lr: 0.66455208198677185, EAO: 0.333
Trial 882 finished with value: 0.33287974345544896 and parameters: {'window_influence': 0.49422151984468354, 'penalty_k': 0.05327465707036432, 'scale_lr': 0.6645520819867718}. Best is trial 32 with value: 0.38394216433573325.
checkpoint_e23 window_influence: 0.41216658413571539, penalty_k: 0.06640407042775076, scale_lr: 0.63918165077521671, EAO: 0.338
Trial 883 finished with value: 0.338203774352018 and parameters: {'window_influence': 0.4121665841357154, 'penalty_k': 0.06640407042775076, 'scale_lr': 0.6391816507752167}. Best is trial 32 with value: 0.38394216433573325.
checkpoint_e23 window_influence: 0.50839077513424935, penalty_k: 0.04269938711008517, scale_lr: 0.10627297284105219, EAO: 0.317
Trial 884 finished with value: 0.31736944923141125 and parameters: {'window_influence': 0.5083907751342494, 'penalty_k': 0.04269938711008517, 'scale_lr': 0.1062729728410522}. Best is trial 32 with value: 0.38394216433573325.
checkpoint_e23 window_influence: 0.43816211239285979, penalty_k: 0.35831656340233459, scale_lr: 0.41566377067438098, EAO: 0.336
Trial 885 finished with value: 0.33636816280825127 and parameters: {'window_influence': 0.4381621123928598, 'penalty_k': 0.3583165634023346, 'scale_lr': 0.415663770674381}. Best is trial 32 with value: 0.38394216433573325.
checkpoint_e23 window_influence: 0.46247498102728396, penalty_k: 0.00984280527595576, scale_lr: 0.46442376864663154, EAO: 0.332
Trial 886 finished with value: 0.33167034016509 and parameters: {'window_influence': 0.46247498102728396, 'penalty_k': 0.00984280527595576, 'scale_lr': 0.46442376864663154}. Best is trial 32 with value: 0.38394216433573325.
checkpoint_e23 window_influence: 0.48784133561342269, penalty_k: 0.02451809882432292, scale_lr: 0.37280772847229837, EAO: 0.361
Trial 887 finished with value: 0.36128210058935883 and parameters: {'window_influence': 0.4878413356134227, 'penalty_k': 0.02451809882432292, 'scale_lr': 0.37280772847229837}. Best is trial 32 with value: 0.38394216433573325.
checkpoint_e23 window_influence: 0.38453329238347406, penalty_k: 0.03730395395087889, scale_lr: 0.17677383477171127, EAO: 0.311
Trial 888 finished with value: 0.3105454945262768 and parameters: {'window_influence': 0.38453329238347406, 'penalty_k': 0.03730395395087889, 'scale_lr': 0.17677383477171127}. Best is trial 32 with value: 0.38394216433573325.
checkpoint_e23 window_influence: 0.61982240997477200, penalty_k: 0.15563383397834948, scale_lr: 0.55909874935455517, EAO: 0.243
Trial 889 finished with value: 0.24319898032724627 and parameters: {'window_influence': 0.619822409974772, 'penalty_k': 0.15563383397834948, 'scale_lr': 0.5590987493545552}. Best is trial 32 with value: 0.38394216433573325.
checkpoint_e23 window_influence: 0.46980919301090124, penalty_k: 0.02167400398928030, scale_lr: 0.32700099620794837, EAO: 0.342
Trial 890 finished with value: 0.341799583532467 and parameters: {'window_influence': 0.46980919301090124, 'penalty_k': 0.0216740039892803, 'scale_lr': 0.32700099620794837}. Best is trial 32 with value: 0.38394216433573325.
checkpoint_e23 window_influence: 0.50494832315921290, penalty_k: 0.28767214804225161, scale_lr: 0.49825396717625875, EAO: 0.319
Trial 891 finished with value: 0.31852943586468235 and parameters: {'window_influence': 0.5049483231592129, 'penalty_k': 0.2876721480422516, 'scale_lr': 0.49825396717625875}. Best is trial 32 with value: 0.38394216433573325.
checkpoint_e23 window_influence: 0.44629895964590133, penalty_k: 0.00002748901149514, scale_lr: 0.16545760321679276, EAO: 0.320
Trial 892 finished with value: 0.3201583488789978 and parameters: {'window_influence': 0.4462989596459013, 'penalty_k': 2.7489011495136773e-05, 'scale_lr': 0.16545760321679276}. Best is trial 32 with value: 0.38394216433573325.
checkpoint_e23 window_influence: 0.47841578352062525, penalty_k: 0.12532321291403059, scale_lr: 0.42737809209474636, EAO: 0.342
Trial 893 finished with value: 0.3423195959065211 and parameters: {'window_influence': 0.47841578352062525, 'penalty_k': 0.1253232129140306, 'scale_lr': 0.42737809209474636}. Best is trial 32 with value: 0.38394216433573325.
Trial 894 failed with parameters: {'window_influence': 0.09544326074931747, 'penalty_k': 0.051794577945667525, 'scale_lr': 0.3029765403831052} because of the following error: KeyboardInterrupt().
Traceback (most recent call last):
  File "/home/n26092289/anaconda3/envs/my_siamban/lib/python3.7/site-packages/optuna/study/_optimize.py", line 200, in _run_trial
    value_or_values = func(trial)
  File "../../tools/tune.py", line 269, in objective
    outputs = tracker.track(img)
  File "../../tools/tune.py", line 127, in track
    score = self._convert_score(outputs['cls'])
  File "../../tools/tune.py", line 75, in _convert_score
    score = score.softmax(1).detach()[:, 1].cpu().numpy()
KeyboardInterrupt
Trial 894 failed with value None.
