Trial 434 finished with value: 0.32486272461219523 and parameters: {'window_influence': 0.4525869907096935, 'penalty_k': 0.33526156013495273, 'scale_lr': 0.5650021967481201}. Best is trial 62 with value: 0.3726749919963718.
checkpoint_e29 window_influence: 0.48021548224321320, penalty_k: 0.03389428963177554, scale_lr: 0.45482981015550944, EAO: 0.344
Trial 435 finished with value: 0.34447750982607384 and parameters: {'window_influence': 0.4802154822432132, 'penalty_k': 0.03389428963177554, 'scale_lr': 0.45482981015550944}. Best is trial 62 with value: 0.3726749919963718.
checkpoint_e29 window_influence: 0.20468997602292896, penalty_k: 0.09725100509162037, scale_lr: 0.59202316210805350, EAO: 0.289
Trial 436 finished with value: 0.289417936760164 and parameters: {'window_influence': 0.20468997602292896, 'penalty_k': 0.09725100509162037, 'scale_lr': 0.5920231621080535}. Best is trial 62 with value: 0.3726749919963718.
checkpoint_e29 window_influence: 0.16949191782468440, penalty_k: 0.04592065573155404, scale_lr: 0.71623849559810915, EAO: 0.272
Trial 437 finished with value: 0.27168178830861117 and parameters: {'window_influence': 0.1694919178246844, 'penalty_k': 0.045920655731554044, 'scale_lr': 0.7162384955981091}. Best is trial 62 with value: 0.3726749919963718.
checkpoint_e29 window_influence: 0.43458362833972036, penalty_k: 0.26293556021414505, scale_lr: 0.79417875558515871, EAO: 0.332
Trial 438 finished with value: 0.3324358525907019 and parameters: {'window_influence': 0.43458362833972036, 'penalty_k': 0.26293556021414505, 'scale_lr': 0.7941787555851587}. Best is trial 62 with value: 0.3726749919963718.
checkpoint_e29 window_influence: 0.51630041118964687, penalty_k: 0.24963114826141986, scale_lr: 0.68637794125488383, EAO: 0.300
Trial 439 finished with value: 0.3004418285092491 and parameters: {'window_influence': 0.5163004111896469, 'penalty_k': 0.24963114826141986, 'scale_lr': 0.6863779412548838}. Best is trial 62 with value: 0.3726749919963718.
checkpoint_e29 window_influence: 0.49795504354272602, penalty_k: 0.06015213157061849, scale_lr: 0.53023761546660608, EAO: 0.359
Trial 440 finished with value: 0.35888652880368066 and parameters: {'window_influence': 0.497955043542726, 'penalty_k': 0.06015213157061849, 'scale_lr': 0.5302376154666061}. Best is trial 62 with value: 0.3726749919963718.
checkpoint_e29 window_influence: 0.52610390964953402, penalty_k: 0.06332677492944648, scale_lr: 0.55504307648656170, EAO: 0.316
Trial 441 finished with value: 0.3161786425902222 and parameters: {'window_influence': 0.526103909649534, 'penalty_k': 0.06332677492944648, 'scale_lr': 0.5550430764865617}. Best is trial 62 with value: 0.3726749919963718.
checkpoint_e29 window_influence: 0.50971589800686390, penalty_k: 0.08154482696512154, scale_lr: 0.52576812109781768, EAO: 0.346
Trial 442 finished with value: 0.3455613663688244 and parameters: {'window_influence': 0.5097158980068639, 'penalty_k': 0.08154482696512154, 'scale_lr': 0.5257681210978177}. Best is trial 62 with value: 0.3726749919963718.
checkpoint_e29 window_influence: 0.49436013687959063, penalty_k: 0.05614465537127979, scale_lr: 0.54241662155686587, EAO: 0.344
Trial 443 finished with value: 0.34436504235527393 and parameters: {'window_influence': 0.49436013687959063, 'penalty_k': 0.056144655371279786, 'scale_lr': 0.5424166215568659}. Best is trial 62 with value: 0.3726749919963718.
checkpoint_e29 window_influence: 0.64360339923298138, penalty_k: 0.06845475262676458, scale_lr: 0.51068209822046207, EAO: 0.243
Trial 444 finished with value: 0.24274950703526285 and parameters: {'window_influence': 0.6436033992329814, 'penalty_k': 0.06845475262676458, 'scale_lr': 0.5106820982204621}. Best is trial 62 with value: 0.3726749919963718.
checkpoint_e29 window_influence: 0.40535587514213772, penalty_k: 0.18291130480580883, scale_lr: 0.49219640520291763, EAO: 0.332
Trial 445 finished with value: 0.3322038845329433 and parameters: {'window_influence': 0.4053558751421377, 'penalty_k': 0.18291130480580883, 'scale_lr': 0.49219640520291763}. Best is trial 62 with value: 0.3726749919963718.
checkpoint_e29 window_influence: 0.54698800831977545, penalty_k: 0.09361374713632797, scale_lr: 0.53917785454549627, EAO: 0.304
Trial 446 finished with value: 0.30396389323449785 and parameters: {'window_influence': 0.5469880083197755, 'penalty_k': 0.09361374713632797, 'scale_lr': 0.5391778545454963}. Best is trial 62 with value: 0.3726749919963718.
checkpoint_e29 window_influence: 0.50462145196084551, penalty_k: 0.28677554579930409, scale_lr: 0.51998978341669122, EAO: 0.304
Trial 447 finished with value: 0.30432345396349864 and parameters: {'window_influence': 0.5046214519608455, 'penalty_k': 0.2867755457993041, 'scale_lr': 0.5199897834166912}. Best is trial 62 with value: 0.3726749919963718.
checkpoint_e29 window_influence: 0.52064661767460041, penalty_k: 0.11216698359554703, scale_lr: 0.57123957712941809, EAO: 0.323
Trial 448 finished with value: 0.3228430776396614 and parameters: {'window_influence': 0.5206466176746004, 'penalty_k': 0.11216698359554703, 'scale_lr': 0.5712395771294181}. Best is trial 62 with value: 0.3726749919963718.
checkpoint_e29 window_influence: 0.27840591997941311, penalty_k: 0.23082160576155125, scale_lr: 0.46753991334051864, EAO: 0.305
Trial 449 finished with value: 0.30450819403744855 and parameters: {'window_influence': 0.2784059199794131, 'penalty_k': 0.23082160576155125, 'scale_lr': 0.46753991334051864}. Best is trial 62 with value: 0.3726749919963718.
checkpoint_e29 window_influence: 0.53447440424038084, penalty_k: 0.12859352220537726, scale_lr: 0.55453184222640961, EAO: 0.314
Trial 450 finished with value: 0.3142799646358082 and parameters: {'window_influence': 0.5344744042403808, 'penalty_k': 0.12859352220537726, 'scale_lr': 0.5545318422264096}. Best is trial 62 with value: 0.3726749919963718.
checkpoint_e29 window_influence: 0.49404880949134689, penalty_k: 0.08046338598356691, scale_lr: 0.48070940283518326, EAO: 0.344
Trial 451 finished with value: 0.34356588461519677 and parameters: {'window_influence': 0.4940488094913469, 'penalty_k': 0.0804633859835669, 'scale_lr': 0.48070940283518326}. Best is trial 62 with value: 0.3726749919963718.
checkpoint_e29 window_influence: 0.51214152316947137, penalty_k: 0.15108824526485418, scale_lr: 0.53122168035515094, EAO: 0.314
Trial 452 finished with value: 0.3138373828119805 and parameters: {'window_influence': 0.5121415231694714, 'penalty_k': 0.15108824526485418, 'scale_lr': 0.5312216803551509}. Best is trial 62 with value: 0.3726749919963718.
checkpoint_e29 window_influence: 0.46705023566677933, penalty_k: 0.05153164405365493, scale_lr: 0.58357188537088489, EAO: 0.341
Trial 453 finished with value: 0.34115571943238554 and parameters: {'window_influence': 0.46705023566677933, 'penalty_k': 0.05153164405365493, 'scale_lr': 0.5835718853708849}. Best is trial 62 with value: 0.3726749919963718.
checkpoint_e29 window_influence: 0.48845269604512243, penalty_k: 0.41848107203997753, scale_lr: 0.38583770189720251, EAO: 0.310
Trial 454 finished with value: 0.3096804921497167 and parameters: {'window_influence': 0.4884526960451224, 'penalty_k': 0.41848107203997753, 'scale_lr': 0.3858377018972025}. Best is trial 62 with value: 0.3726749919963718.
checkpoint_e29 window_influence: 0.50332423826341699, penalty_k: 0.07089275637471648, scale_lr: 0.44443781460603154, EAO: 0.360
Trial 455 finished with value: 0.3597503079514559 and parameters: {'window_influence': 0.503324238263417, 'penalty_k': 0.07089275637471648, 'scale_lr': 0.44443781460603154}. Best is trial 62 with value: 0.3726749919963718.
checkpoint_e29 window_influence: 0.49834206711072015, penalty_k: 0.07486252519818401, scale_lr: 0.46060931040143743, EAO: 0.344
Trial 456 finished with value: 0.3435561886557345 and parameters: {'window_influence': 0.49834206711072015, 'penalty_k': 0.07486252519818401, 'scale_lr': 0.46060931040143743}. Best is trial 62 with value: 0.3726749919963718.
checkpoint_e29 window_influence: 0.48625836628961611, penalty_k: 0.08752583947005535, scale_lr: 0.44981196528676726, EAO: 0.344
Trial 457 finished with value: 0.344031740951167 and parameters: {'window_influence': 0.4862583662896161, 'penalty_k': 0.08752583947005535, 'scale_lr': 0.44981196528676726}. Best is trial 62 with value: 0.3726749919963718.
checkpoint_e29 window_influence: 0.39230929019353589, penalty_k: 0.06854080052984676, scale_lr: 0.44133740264210664, EAO: 0.318
Trial 458 finished with value: 0.31829031843851513 and parameters: {'window_influence': 0.3923092901935359, 'penalty_k': 0.06854080052984676, 'scale_lr': 0.44133740264210664}. Best is trial 62 with value: 0.3726749919963718.
checkpoint_e29 window_influence: 0.11098967215305700, penalty_k: 0.16882715040010857, scale_lr: 0.49999490418922610, EAO: 0.257
Trial 459 finished with value: 0.2574609226985664 and parameters: {'window_influence': 0.110989672153057, 'penalty_k': 0.16882715040010857, 'scale_lr': 0.4999949041892261}. Best is trial 62 with value: 0.3726749919963718.
checkpoint_e29 window_influence: 0.57790317076087150, penalty_k: 0.09914979898487232, scale_lr: 0.40619601037606662, EAO: 0.290
Trial 460 finished with value: 0.2904361663277511 and parameters: {'window_influence': 0.5779031707608715, 'penalty_k': 0.09914979898487232, 'scale_lr': 0.4061960103760666}. Best is trial 62 with value: 0.3726749919963718.
checkpoint_e29 window_influence: 0.50483953748840837, penalty_k: 0.06295680791859551, scale_lr: 0.46565184213200772, EAO: 0.337
Trial 461 finished with value: 0.33671580817448954 and parameters: {'window_influence': 0.5048395374884084, 'penalty_k': 0.06295680791859551, 'scale_lr': 0.4656518421320077}. Best is trial 62 with value: 0.3726749919963718.
checkpoint_e29 window_influence: 0.47471111260985022, penalty_k: 0.21966056243409160, scale_lr: 0.69820675192157677, EAO: 0.330
Trial 462 finished with value: 0.3295808143420906 and parameters: {'window_influence': 0.4747111126098502, 'penalty_k': 0.2196605624340916, 'scale_lr': 0.6982067519215768}. Best is trial 62 with value: 0.3726749919963718.
checkpoint_e29 window_influence: 0.49774949983230304, penalty_k: 0.14027188720478703, scale_lr: 0.47224877789414199, EAO: 0.346
Trial 463 finished with value: 0.346062523265757 and parameters: {'window_influence': 0.49774949983230304, 'penalty_k': 0.14027188720478703, 'scale_lr': 0.472248777894142}. Best is trial 62 with value: 0.3726749919963718.
checkpoint_e29 window_influence: 0.56683754539320819, penalty_k: 0.08613734896152206, scale_lr: 0.44106221520360150, EAO: 0.287
Trial 464 finished with value: 0.2871502336361065 and parameters: {'window_influence': 0.5668375453932082, 'penalty_k': 0.08613734896152206, 'scale_lr': 0.4410622152036015}. Best is trial 62 with value: 0.3726749919963718.
checkpoint_e29 window_influence: 0.05282144982000586, penalty_k: 0.30404601073181436, scale_lr: 0.36505632922411480, EAO: 0.255
Trial 465 finished with value: 0.25467996467412213 and parameters: {'window_influence': 0.05282144982000586, 'penalty_k': 0.30404601073181436, 'scale_lr': 0.3650563292241148}. Best is trial 62 with value: 0.3726749919963718.
checkpoint_e29 window_influence: 0.42339777969801257, penalty_k: 0.07281806360875223, scale_lr: 0.48397231701719312, EAO: 0.322
Trial 466 finished with value: 0.32246751839780624 and parameters: {'window_influence': 0.42339777969801257, 'penalty_k': 0.07281806360875223, 'scale_lr': 0.4839723170171931}. Best is trial 62 with value: 0.3726749919963718.
checkpoint_e29 window_influence: 0.26677727147108038, penalty_k: 0.05685974992035490, scale_lr: 0.52372529233218912, EAO: 0.304
Trial 467 finished with value: 0.30442548070668246 and parameters: {'window_influence': 0.2667772714710804, 'penalty_k': 0.056859749920354904, 'scale_lr': 0.5237252923321891}. Best is trial 62 with value: 0.3726749919963718.
checkpoint_e29 window_influence: 0.14543955805152003, penalty_k: 0.19886636233262822, scale_lr: 0.45543014514557056, EAO: 0.268
Trial 468 finished with value: 0.2684798799600119 and parameters: {'window_influence': 0.14543955805152003, 'penalty_k': 0.19886636233262822, 'scale_lr': 0.45543014514557056}. Best is trial 62 with value: 0.3726749919963718.
checkpoint_e29 window_influence: 0.52017207488166095, penalty_k: 0.10201121794815601, scale_lr: 0.41568470155216913, EAO: 0.344
Trial 469 finished with value: 0.34444631201283943 and parameters: {'window_influence': 0.520172074881661, 'penalty_k': 0.10201121794815601, 'scale_lr': 0.41568470155216913}. Best is trial 62 with value: 0.3726749919963718.
checkpoint_e29 window_influence: 0.50802254834227789, penalty_k: 0.11770681339604394, scale_lr: 0.50308641567070234, EAO: 0.335
Trial 470 finished with value: 0.3353286063160878 and parameters: {'window_influence': 0.5080225483422779, 'penalty_k': 0.11770681339604394, 'scale_lr': 0.5030864156707023}. Best is trial 62 with value: 0.3726749919963718.
checkpoint_e29 window_influence: 0.24781552745605795, penalty_k: 0.26679227481790158, scale_lr: 0.33233594830047880, EAO: 0.292
Trial 471 finished with value: 0.2924297487341476 and parameters: {'window_influence': 0.24781552745605795, 'penalty_k': 0.2667922748179016, 'scale_lr': 0.3323359483004788}. Best is trial 62 with value: 0.3726749919963718.
checkpoint_e29 window_influence: 0.30051728384345305, penalty_k: 0.04772286412567958, scale_lr: 0.71066393534657601, EAO: 0.303
Trial 472 finished with value: 0.3034732202611545 and parameters: {'window_influence': 0.30051728384345305, 'penalty_k': 0.04772286412567958, 'scale_lr': 0.710663935346576}. Best is trial 62 with value: 0.3726749919963718.
checkpoint_e29 window_influence: 0.48311319907544548, penalty_k: 0.08337287166290078, scale_lr: 0.74636108493925279, EAO: 0.330
Trial 473 finished with value: 0.33047199075324063 and parameters: {'window_influence': 0.4831131990754455, 'penalty_k': 0.08337287166290078, 'scale_lr': 0.7463610849392528}. Best is trial 62 with value: 0.3726749919963718.
checkpoint_e29 window_influence: 0.53038888013297703, penalty_k: 0.07069620540881789, scale_lr: 0.34877330991848993, EAO: 0.327
Trial 474 finished with value: 0.32706514859013985 and parameters: {'window_influence': 0.530388880132977, 'penalty_k': 0.0706962054088179, 'scale_lr': 0.3487733099184899}. Best is trial 62 with value: 0.3726749919963718.
checkpoint_e29 window_influence: 0.46020754944860565, penalty_k: 0.01997323997561273, scale_lr: 0.60828419462927752, EAO: 0.343
Trial 475 finished with value: 0.34256080280018225 and parameters: {'window_influence': 0.46020754944860565, 'penalty_k': 0.019973239975612726, 'scale_lr': 0.6082841946292775}. Best is trial 62 with value: 0.3726749919963718.
checkpoint_e29 window_influence: 0.30662876786668741, penalty_k: 0.32022302110162953, scale_lr: 0.53769664096224257, EAO: 0.307
Trial 476 finished with value: 0.3073688018414761 and parameters: {'window_influence': 0.3066287678666874, 'penalty_k': 0.32022302110162953, 'scale_lr': 0.5376966409622426}. Best is trial 62 with value: 0.3726749919963718.
checkpoint_e29 window_influence: 0.35865981553964016, penalty_k: 0.05931750285956918, scale_lr: 0.43634473176537614, EAO: 0.317
Trial 477 finished with value: 0.3173433324822192 and parameters: {'window_influence': 0.35865981553964016, 'penalty_k': 0.05931750285956918, 'scale_lr': 0.43634473176537614}. Best is trial 62 with value: 0.3726749919963718.
checkpoint_e29 window_influence: 0.49435794511311243, penalty_k: 0.09185664757912175, scale_lr: 0.72452012849329472, EAO: 0.311
Trial 478 finished with value: 0.3107223416232877 and parameters: {'window_influence': 0.49435794511311243, 'penalty_k': 0.09185664757912175, 'scale_lr': 0.7245201284932947}. Best is trial 62 with value: 0.3726749919963718.
checkpoint_e29 window_influence: 0.55837060360402402, penalty_k: 0.29926031247206830, scale_lr: 0.51613500942140655, EAO: 0.280
Trial 479 finished with value: 0.27996323718635024 and parameters: {'window_influence': 0.558370603604024, 'penalty_k': 0.2992603124720683, 'scale_lr': 0.5161350094214066}. Best is trial 62 with value: 0.3726749919963718.
checkpoint_e29 window_influence: 0.51031067724752310, penalty_k: 0.04546114330413682, scale_lr: 0.30804131122066125, EAO: 0.342
Trial 480 finished with value: 0.34186705378706816 and parameters: {'window_influence': 0.5103106772475231, 'penalty_k': 0.045461143304136815, 'scale_lr': 0.30804131122066125}. Best is trial 62 with value: 0.3726749919963718.
checkpoint_e29 window_influence: 0.37393351033175354, penalty_k: 0.11242469031733678, scale_lr: 0.66644111824866792, EAO: 0.312
Trial 481 finished with value: 0.31178909105317604 and parameters: {'window_influence': 0.37393351033175354, 'penalty_k': 0.11242469031733678, 'scale_lr': 0.6664411182486679}. Best is trial 62 with value: 0.3726749919963718.
checkpoint_e29 window_influence: 0.47208672209076630, penalty_k: 0.15712436087962450, scale_lr: 0.77593492936958430, EAO: 0.328
Trial 482 finished with value: 0.32779934874768385 and parameters: {'window_influence': 0.4720867220907663, 'penalty_k': 0.1571243608796245, 'scale_lr': 0.7759349293695843}. Best is trial 62 with value: 0.3726749919963718.
checkpoint_e29 window_influence: 0.48747026886752776, penalty_k: 0.00070733362953688, scale_lr: 0.60187181085444097, EAO: 0.346
Trial 483 finished with value: 0.34622977865345284 and parameters: {'window_influence': 0.48747026886752776, 'penalty_k': 0.0007073336295368751, 'scale_lr': 0.601871810854441}. Best is trial 62 with value: 0.3726749919963718.
checkpoint_e29 window_influence: 0.50161927070565926, penalty_k: 0.07382142173024034, scale_lr: 0.56244157009931939, EAO: 0.347
Trial 484 finished with value: 0.3465170257286339 and parameters: {'window_influence': 0.5016192707056593, 'penalty_k': 0.07382142173024034, 'scale_lr': 0.5624415700993194}. Best is trial 62 with value: 0.3726749919963718.
checkpoint_e29 window_influence: 0.51689899845413811, penalty_k: 0.46333690543591644, scale_lr: 0.54977133668580602, EAO: 0.305
Trial 485 finished with value: 0.3045905374483376 and parameters: {'window_influence': 0.5168989984541381, 'penalty_k': 0.46333690543591644, 'scale_lr': 0.549771336685806}. Best is trial 62 with value: 0.3726749919963718.
checkpoint_e29 window_influence: 0.53906266879216092, penalty_k: 0.05950911091061100, scale_lr: 0.64524651111318110, EAO: 0.304
Trial 486 finished with value: 0.3037103400620041 and parameters: {'window_influence': 0.5390626687921609, 'penalty_k': 0.059509110910611, 'scale_lr': 0.6452465111131811}. Best is trial 62 with value: 0.3726749919963718.
checkpoint_e29 window_influence: 0.44369940381556533, penalty_k: 0.17714848941586320, scale_lr: 0.76583569974416132, EAO: 0.342
Trial 487 finished with value: 0.34167131410498564 and parameters: {'window_influence': 0.44369940381556533, 'penalty_k': 0.1771484894158632, 'scale_lr': 0.7658356997441613}. Best is trial 62 with value: 0.3726749919963718.
checkpoint_e29 window_influence: 0.41004885454283907, penalty_k: 0.12579239414772969, scale_lr: 0.58080483813093198, EAO: 0.311
Trial 488 finished with value: 0.3109653181023171 and parameters: {'window_influence': 0.41004885454283907, 'penalty_k': 0.1257923941477297, 'scale_lr': 0.580804838130932}. Best is trial 62 with value: 0.3726749919963718.
checkpoint_e29 window_influence: 0.12794761305156288, penalty_k: 0.03413412962614133, scale_lr: 0.49082180515276630, EAO: 0.261
Trial 489 finished with value: 0.2608119520115945 and parameters: {'window_influence': 0.12794761305156288, 'penalty_k': 0.03413412962614133, 'scale_lr': 0.4908218051527663}. Best is trial 62 with value: 0.3726749919963718.
checkpoint_e29 window_influence: 0.33316710139416456, penalty_k: 0.08190470542997928, scale_lr: 0.39414934576694793, EAO: 0.324
Trial 490 finished with value: 0.32433529638826614 and parameters: {'window_influence': 0.33316710139416456, 'penalty_k': 0.08190470542997928, 'scale_lr': 0.39414934576694793}. Best is trial 62 with value: 0.3726749919963718.
checkpoint_e29 window_influence: 0.49359726957949335, penalty_k: 0.34059011108029014, scale_lr: 0.44436263097553658, EAO: 0.313
Trial 491 finished with value: 0.3125859584789796 and parameters: {'window_influence': 0.49359726957949335, 'penalty_k': 0.34059011108029014, 'scale_lr': 0.4443626309755366}. Best is trial 62 with value: 0.3726749919963718.
checkpoint_e29 window_influence: 0.32356955796923831, penalty_k: 0.21328390830388777, scale_lr: 0.62129390243358817, EAO: 0.342
Trial 492 finished with value: 0.3419654084086882 and parameters: {'window_influence': 0.3235695579692383, 'penalty_k': 0.21328390830388777, 'scale_lr': 0.6212939024335882}. Best is trial 62 with value: 0.3726749919963718.
checkpoint_e29 window_influence: 0.50695933503058743, penalty_k: 0.05099539412705387, scale_lr: 0.41727043365526417, EAO: 0.354
Trial 493 finished with value: 0.3539506757073829 and parameters: {'window_influence': 0.5069593350305874, 'penalty_k': 0.05099539412705387, 'scale_lr': 0.4172704336552642}. Best is trial 62 with value: 0.3726749919963718.
checkpoint_e29 window_influence: 0.52514920375180629, penalty_k: 0.04969244253938706, scale_lr: 0.38352252671034698, EAO: 0.329
Trial 494 finished with value: 0.3293116414477389 and parameters: {'window_influence': 0.5251492037518063, 'penalty_k': 0.04969244253938706, 'scale_lr': 0.383522526710347}. Best is trial 62 with value: 0.3726749919963718.
checkpoint_e29 window_influence: 0.48064458282507116, penalty_k: 0.06753949339576454, scale_lr: 0.41113815697658190, EAO: 0.331
Trial 495 finished with value: 0.3308148690814638 and parameters: {'window_influence': 0.48064458282507116, 'penalty_k': 0.06753949339576454, 'scale_lr': 0.4111381569765819}. Best is trial 62 with value: 0.3726749919963718.
checkpoint_e29 window_influence: 0.46424614903249539, penalty_k: 0.09877851570389894, scale_lr: 0.42173358337413985, EAO: 0.352
