Trial 62 finished with value: 0.33372308505184456 and parameters: {'window_influence': 0.4805038365150762, 'penalty_k': 7.99723324062876e-05, 'scale_lr': 0.4089165547131293}. Best is trial 51 with value: 0.349510122481951.
checkpoint_e24 window_influence: 0.57242315955879486, penalty_k: 0.02296407499764003, scale_lr: 0.34573924868023914, EAO: 0.293
Trial 63 finished with value: 0.29318697866530735 and parameters: {'window_influence': 0.5724231595587949, 'penalty_k': 0.022964074997640034, 'scale_lr': 0.34573924868023914}. Best is trial 51 with value: 0.349510122481951.
checkpoint_e24 window_influence: 0.54000070547695456, penalty_k: 0.00060372387334584, scale_lr: 0.31493604780353041, EAO: 0.300
Trial 64 finished with value: 0.3004790510880808 and parameters: {'window_influence': 0.5400007054769546, 'penalty_k': 0.0006037238733458371, 'scale_lr': 0.3149360478035304}. Best is trial 51 with value: 0.349510122481951.
checkpoint_e24 window_influence: 0.48230030573852767, penalty_k: 0.02171480491852393, scale_lr: 0.40297980960516822, EAO: 0.360
Trial 65 finished with value: 0.36006941660832803 and parameters: {'window_influence': 0.48230030573852767, 'penalty_k': 0.021714804918523928, 'scale_lr': 0.4029798096051682}. Best is trial 65 with value: 0.36006941660832803.
checkpoint_e24 window_influence: 0.47785533716260997, penalty_k: 0.06329157985405889, scale_lr: 0.37239977988241779, EAO: 0.322
Trial 66 finished with value: 0.3220249118160181 and parameters: {'window_influence': 0.47785533716260997, 'penalty_k': 0.0632915798540589, 'scale_lr': 0.3723997798824178}. Best is trial 65 with value: 0.36006941660832803.
checkpoint_e24 window_influence: 0.51914637443524492, penalty_k: 0.02492740947025642, scale_lr: 0.40284828139419177, EAO: 0.321
Trial 67 finished with value: 0.32081464124328896 and parameters: {'window_influence': 0.5191463744352449, 'penalty_k': 0.02492740947025642, 'scale_lr': 0.40284828139419177}. Best is trial 65 with value: 0.36006941660832803.
checkpoint_e24 window_influence: 0.48878438179132760, penalty_k: 0.05242896654263580, scale_lr: 0.26743840013189935, EAO: 0.328
Trial 68 finished with value: 0.32789980727410967 and parameters: {'window_influence': 0.4887843817913276, 'penalty_k': 0.0524289665426358, 'scale_lr': 0.26743840013189935}. Best is trial 65 with value: 0.36006941660832803.
checkpoint_e24 window_influence: 0.45774596126142358, penalty_k: 0.00001382802164415, scale_lr: 0.42257109148830335, EAO: 0.318
Trial 69 finished with value: 0.31767082568040617 and parameters: {'window_influence': 0.4577459612614236, 'penalty_k': 1.38280216441522e-05, 'scale_lr': 0.42257109148830335}. Best is trial 65 with value: 0.36006941660832803.
checkpoint_e24 window_influence: 0.42317355353684849, penalty_k: 0.08319308466243630, scale_lr: 0.30258996353028911, EAO: 0.328
Trial 70 finished with value: 0.3279244522872138 and parameters: {'window_influence': 0.4231735535368485, 'penalty_k': 0.0831930846624363, 'scale_lr': 0.3025899635302891}. Best is trial 65 with value: 0.36006941660832803.
checkpoint_e24 window_influence: 0.51251696741144481, penalty_k: 0.02098718488521369, scale_lr: 0.24576498036576111, EAO: 0.328
Trial 71 finished with value: 0.32846426586928534 and parameters: {'window_influence': 0.5125169674114448, 'penalty_k': 0.020987184885213686, 'scale_lr': 0.2457649803657611}. Best is trial 65 with value: 0.36006941660832803.
checkpoint_e24 window_influence: 0.53336439006811542, penalty_k: 0.04134946187255760, scale_lr: 0.38767828070523636, EAO: 0.324
Trial 72 finished with value: 0.32364799830236324 and parameters: {'window_influence': 0.5333643900681154, 'penalty_k': 0.0413494618725576, 'scale_lr': 0.38767828070523636}. Best is trial 65 with value: 0.36006941660832803.
checkpoint_e24 window_influence: 0.49869646903077264, penalty_k: 0.01824435220432376, scale_lr: 0.35787703232552276, EAO: 0.344
Trial 73 finished with value: 0.3441142243865863 and parameters: {'window_influence': 0.49869646903077264, 'penalty_k': 0.018244352204323758, 'scale_lr': 0.35787703232552276}. Best is trial 65 with value: 0.36006941660832803.
checkpoint_e24 window_influence: 0.55487428896050339, penalty_k: 0.03109673273574858, scale_lr: 0.35408977265442942, EAO: 0.292
Trial 74 finished with value: 0.29214329078271695 and parameters: {'window_influence': 0.5548742889605034, 'penalty_k': 0.031096732735748582, 'scale_lr': 0.3540897726544294}. Best is trial 65 with value: 0.36006941660832803.
checkpoint_e24 window_influence: 0.46908767990289901, penalty_k: 0.05381456605371192, scale_lr: 0.32432859900291822, EAO: 0.309
Trial 75 finished with value: 0.3088298081076099 and parameters: {'window_influence': 0.469087679902899, 'penalty_k': 0.053814566053711925, 'scale_lr': 0.3243285990029182}. Best is trial 65 with value: 0.36006941660832803.
checkpoint_e24 window_influence: 0.49166373540609531, penalty_k: 0.01584478965002023, scale_lr: 0.39097748258780191, EAO: 0.328
Trial 76 finished with value: 0.32817868697040276 and parameters: {'window_influence': 0.4916637354060953, 'penalty_k': 0.01584478965002023, 'scale_lr': 0.3909774825878019}. Best is trial 65 with value: 0.36006941660832803.
checkpoint_e24 window_influence: 0.50423543221436029, penalty_k: 0.07571083642425375, scale_lr: 0.43062853602504170, EAO: 0.345
Trial 77 finished with value: 0.34541489015757343 and parameters: {'window_influence': 0.5042354322143603, 'penalty_k': 0.07571083642425375, 'scale_lr': 0.4306285360250417}. Best is trial 65 with value: 0.36006941660832803.
checkpoint_e24 window_influence: 0.50218291210993860, penalty_k: 0.07794644218068122, scale_lr: 0.43375861572820051, EAO: 0.340
Trial 78 finished with value: 0.340333370846997 and parameters: {'window_influence': 0.5021829121099386, 'penalty_k': 0.07794644218068122, 'scale_lr': 0.4337586157282005}. Best is trial 65 with value: 0.36006941660832803.
checkpoint_e24 window_influence: 0.50667647476034972, penalty_k: 0.10570349020264880, scale_lr: 0.43320851948156025, EAO: 0.336
Trial 79 finished with value: 0.33625480022411863 and parameters: {'window_influence': 0.5066764747603497, 'penalty_k': 0.1057034902026488, 'scale_lr': 0.43320851948156025}. Best is trial 65 with value: 0.36006941660832803.
checkpoint_e24 window_influence: 0.57673147124885027, penalty_k: 0.10183478179354809, scale_lr: 0.43020875069916320, EAO: 0.285
Trial 80 finished with value: 0.2849471521516718 and parameters: {'window_influence': 0.5767314712488503, 'penalty_k': 0.10183478179354809, 'scale_lr': 0.4302087506991632}. Best is trial 65 with value: 0.36006941660832803.
checkpoint_e24 window_influence: 0.50536204784991312, penalty_k: 0.08622695696939811, scale_lr: 0.34904913160832951, EAO: 0.342
Trial 81 finished with value: 0.3420600168667879 and parameters: {'window_influence': 0.5053620478499131, 'penalty_k': 0.08622695696939811, 'scale_lr': 0.3490491316083295}. Best is trial 65 with value: 0.36006941660832803.
checkpoint_e24 window_influence: 0.50408176254538783, penalty_k: 0.07818916623557481, scale_lr: 0.44089615954420447, EAO: 0.310
Trial 82 finished with value: 0.31016001372021923 and parameters: {'window_influence': 0.5040817625453878, 'penalty_k': 0.07818916623557481, 'scale_lr': 0.44089615954420447}. Best is trial 65 with value: 0.36006941660832803.
checkpoint_e24 window_influence: 0.53425339191135035, penalty_k: 0.11906327066344374, scale_lr: 0.35406989275330880, EAO: 0.321
Trial 83 finished with value: 0.3210787316820501 and parameters: {'window_influence': 0.5342533919113504, 'penalty_k': 0.11906327066344374, 'scale_lr': 0.3540698927533088}. Best is trial 65 with value: 0.36006941660832803.
checkpoint_e24 window_influence: 0.55417547886300644, penalty_k: 0.09205930338280505, scale_lr: 0.44826130900336952, EAO: 0.293
Trial 84 finished with value: 0.2925632249288522 and parameters: {'window_influence': 0.5541754788630064, 'penalty_k': 0.09205930338280505, 'scale_lr': 0.4482613090033695}. Best is trial 65 with value: 0.36006941660832803.
checkpoint_e24 window_influence: 0.52652418658229194, penalty_k: 0.04362120427972105, scale_lr: 0.39153143772816529, EAO: 0.331
Trial 85 finished with value: 0.33136438511688887 and parameters: {'window_influence': 0.5265241865822919, 'penalty_k': 0.04362120427972105, 'scale_lr': 0.3915314377281653}. Best is trial 65 with value: 0.36006941660832803.
checkpoint_e24 window_influence: 0.50909789516136683, penalty_k: 0.13905425645174527, scale_lr: 0.42464215884549905, EAO: 0.333
Trial 86 finished with value: 0.3329729313748356 and parameters: {'window_influence': 0.5090978951613668, 'penalty_k': 0.13905425645174527, 'scale_lr': 0.42464215884549905}. Best is trial 65 with value: 0.36006941660832803.
checkpoint_e24 window_influence: 0.55081323907345947, penalty_k: 0.10962161149829396, scale_lr: 0.36605972425408168, EAO: 0.297
Trial 87 finished with value: 0.29666527885407323 and parameters: {'window_influence': 0.5508132390734595, 'penalty_k': 0.10962161149829396, 'scale_lr': 0.3660597242540817}. Best is trial 65 with value: 0.36006941660832803.
checkpoint_e24 window_influence: 0.44557776417787898, penalty_k: 0.07390454189351364, scale_lr: 0.46599384236148728, EAO: 0.327
Trial 88 finished with value: 0.3271682271697642 and parameters: {'window_influence': 0.445577764177879, 'penalty_k': 0.07390454189351364, 'scale_lr': 0.4659938423614873}. Best is trial 65 with value: 0.36006941660832803.
checkpoint_e24 window_influence: 0.49508541697428654, penalty_k: 0.06486260783756266, scale_lr: 0.38991389192889098, EAO: 0.338
Trial 89 finished with value: 0.3382552342656058 and parameters: {'window_influence': 0.49508541697428654, 'penalty_k': 0.06486260783756266, 'scale_lr': 0.389913891928891}. Best is trial 65 with value: 0.36006941660832803.
checkpoint_e24 window_influence: 0.49411335952425678, penalty_k: 0.06153267363506804, scale_lr: 0.38992240882512530, EAO: 0.324
Trial 90 finished with value: 0.3238224627210936 and parameters: {'window_influence': 0.4941133595242568, 'penalty_k': 0.06153267363506804, 'scale_lr': 0.3899224088251253}. Best is trial 65 with value: 0.36006941660832803.
checkpoint_e24 window_influence: 0.51936370581635138, penalty_k: 0.03420314422482000, scale_lr: 0.43382818456173305, EAO: 0.316
Trial 91 finished with value: 0.31613766804975296 and parameters: {'window_influence': 0.5193637058163514, 'penalty_k': 0.03420314422482, 'scale_lr': 0.43382818456173305}. Best is trial 65 with value: 0.36006941660832803.
checkpoint_e24 window_influence: 0.50199803593732295, penalty_k: 0.09590241032108902, scale_lr: 0.40948753896554446, EAO: 0.330
Trial 92 finished with value: 0.330173967297439 and parameters: {'window_influence': 0.501998035937323, 'penalty_k': 0.09590241032108902, 'scale_lr': 0.40948753896554446}. Best is trial 65 with value: 0.36006941660832803.
checkpoint_e24 window_influence: 0.53804958723454499, penalty_k: 0.16202815669595605, scale_lr: 0.34832218630796929, EAO: 0.301
Trial 93 finished with value: 0.3005857475768731 and parameters: {'window_influence': 0.538049587234545, 'penalty_k': 0.16202815669595605, 'scale_lr': 0.3483221863079693}. Best is trial 65 with value: 0.36006941660832803.
checkpoint_e24 window_influence: 0.48242020723082635, penalty_k: 0.07121223433405695, scale_lr: 0.45559221149869522, EAO: 0.343
Trial 94 finished with value: 0.3428956484748232 and parameters: {'window_influence': 0.48242020723082635, 'penalty_k': 0.07121223433405695, 'scale_lr': 0.4555922114986952}. Best is trial 65 with value: 0.36006941660832803.
checkpoint_e24 window_influence: 0.47827201625526128, penalty_k: 0.04780275220554692, scale_lr: 0.45392236564562516, EAO: 0.340
Trial 95 finished with value: 0.3402721488754109 and parameters: {'window_influence': 0.4782720162552613, 'penalty_k': 0.04780275220554692, 'scale_lr': 0.45392236564562516}. Best is trial 65 with value: 0.36006941660832803.
checkpoint_e24 window_influence: 0.47465650484995858, penalty_k: 0.04949398753931310, scale_lr: 0.48353074796047196, EAO: 0.321
Trial 96 finished with value: 0.3214159149256198 and parameters: {'window_influence': 0.4746565048499586, 'penalty_k': 0.049493987539313104, 'scale_lr': 0.48353074796047196}. Best is trial 65 with value: 0.36006941660832803.
checkpoint_e24 window_influence: 0.43878413088187335, penalty_k: 0.01362807471801114, scale_lr: 0.44223406865924036, EAO: 0.324
Trial 97 finished with value: 0.323959743234434 and parameters: {'window_influence': 0.43878413088187335, 'penalty_k': 0.01362807471801114, 'scale_lr': 0.44223406865924036}. Best is trial 65 with value: 0.36006941660832803.
checkpoint_e24 window_influence: 0.45473276591304829, penalty_k: 0.03356531621013917, scale_lr: 0.45059211316504394, EAO: 0.324
Trial 98 finished with value: 0.32414841941822364 and parameters: {'window_influence': 0.4547327659130483, 'penalty_k': 0.03356531621013917, 'scale_lr': 0.45059211316504394}. Best is trial 65 with value: 0.36006941660832803.
checkpoint_e24 window_influence: 0.48305436842663829, penalty_k: 0.07276571240921217, scale_lr: 0.32347270680193640, EAO: 0.329
Trial 99 finished with value: 0.3293873994150978 and parameters: {'window_influence': 0.4830543684266383, 'penalty_k': 0.07276571240921217, 'scale_lr': 0.3234727068019364}. Best is trial 65 with value: 0.36006941660832803.
checkpoint_e24 window_influence: 0.52785978284249147, penalty_k: 0.08398592875127966, scale_lr: 0.41500440859827770, EAO: 0.327
Trial 100 finished with value: 0.3267727138815223 and parameters: {'window_influence': 0.5278597828424915, 'penalty_k': 0.08398592875127966, 'scale_lr': 0.4150044085982777}. Best is trial 65 with value: 0.36006941660832803.
checkpoint_e24 window_influence: 0.46609788195636231, penalty_k: 0.06692792574316744, scale_lr: 0.37609234120113383, EAO: 0.324
Trial 101 finished with value: 0.324291363822347 and parameters: {'window_influence': 0.4660978819563623, 'penalty_k': 0.06692792574316744, 'scale_lr': 0.37609234120113383}. Best is trial 65 with value: 0.36006941660832803.
checkpoint_e24 window_influence: 0.49564760755100146, penalty_k: 0.04671077719595671, scale_lr: 0.40158771664287485, EAO: 0.344
Trial 102 finished with value: 0.34427698484190705 and parameters: {'window_influence': 0.49564760755100146, 'penalty_k': 0.04671077719595671, 'scale_lr': 0.40158771664287485}. Best is trial 65 with value: 0.36006941660832803.
checkpoint_e24 window_influence: 0.48297693806321501, penalty_k: 0.05039623455579656, scale_lr: 0.40430615306647777, EAO: 0.343
Trial 103 finished with value: 0.3432267920516344 and parameters: {'window_influence': 0.482976938063215, 'penalty_k': 0.05039623455579656, 'scale_lr': 0.40430615306647777}. Best is trial 65 with value: 0.36006941660832803.
checkpoint_e24 window_influence: 0.48348459771523966, penalty_k: 0.05162106241421237, scale_lr: 0.39992457126598746, EAO: 0.347
Trial 104 finished with value: 0.3467965112122116 and parameters: {'window_influence': 0.48348459771523966, 'penalty_k': 0.05162106241421237, 'scale_lr': 0.39992457126598746}. Best is trial 65 with value: 0.36006941660832803.
checkpoint_e24 window_influence: 0.48180832148983438, penalty_k: 0.04879839255344508, scale_lr: 0.45648204396159914, EAO: 0.328
Trial 105 finished with value: 0.3282025763728739 and parameters: {'window_influence': 0.4818083214898344, 'penalty_k': 0.04879839255344508, 'scale_lr': 0.45648204396159914}. Best is trial 65 with value: 0.36006941660832803.
checkpoint_e24 window_influence: 0.43268967197992508, penalty_k: 0.11639090721782075, scale_lr: 0.40501352249675876, EAO: 0.323
Trial 106 finished with value: 0.32326692719635797 and parameters: {'window_influence': 0.4326896719799251, 'penalty_k': 0.11639090721782075, 'scale_lr': 0.40501352249675876}. Best is trial 65 with value: 0.36006941660832803.
checkpoint_e24 window_influence: 0.46085011781536100, penalty_k: 0.05387279587131930, scale_lr: 0.42836544588720815, EAO: 0.329
Trial 107 finished with value: 0.3286612576547764 and parameters: {'window_influence': 0.460850117815361, 'penalty_k': 0.0538727958713193, 'scale_lr': 0.42836544588720815}. Best is trial 65 with value: 0.36006941660832803.
checkpoint_e24 window_influence: 0.41377654988164470, penalty_k: 0.09059946390926002, scale_lr: 0.47836968082047782, EAO: 0.302
Trial 108 finished with value: 0.30238714773599273 and parameters: {'window_influence': 0.4137765498816447, 'penalty_k': 0.09059946390926002, 'scale_lr': 0.4783696808204778}. Best is trial 65 with value: 0.36006941660832803.
checkpoint_e24 window_influence: 0.51356663352410947, penalty_k: 0.03507791562630212, scale_lr: 0.45458864701893292, EAO: 0.342
Trial 109 finished with value: 0.34196253242659663 and parameters: {'window_influence': 0.5135666335241095, 'penalty_k': 0.03507791562630212, 'scale_lr': 0.4545886470189329}. Best is trial 65 with value: 0.36006941660832803.
checkpoint_e24 window_influence: 0.51418714209881433, penalty_k: 0.03336813659874428, scale_lr: 0.49332227297759018, EAO: 0.294
Trial 110 finished with value: 0.29400557430337837 and parameters: {'window_influence': 0.5141871420988143, 'penalty_k': 0.03336813659874428, 'scale_lr': 0.4933222729775902}. Best is trial 65 with value: 0.36006941660832803.
checkpoint_e24 window_influence: 0.49054322142634443, penalty_k: 0.01193908897326475, scale_lr: 0.45825929857089143, EAO: 0.343
Trial 111 finished with value: 0.34279166747623846 and parameters: {'window_influence': 0.49054322142634443, 'penalty_k': 0.011939088973264747, 'scale_lr': 0.4582592985708914}. Best is trial 65 with value: 0.36006941660832803.
checkpoint_e24 window_influence: 0.49214137231920518, penalty_k: 0.03145694155512408, scale_lr: 0.41872855877230586, EAO: 0.323
Trial 112 finished with value: 0.3233663384668558 and parameters: {'window_influence': 0.4921413723192052, 'penalty_k': 0.03145694155512408, 'scale_lr': 0.41872855877230586}. Best is trial 65 with value: 0.36006941660832803.
checkpoint_e24 window_influence: 0.52007911605694979, penalty_k: 0.01370204557118028, scale_lr: 0.40112653534275966, EAO: 0.355
Trial 113 finished with value: 0.3547032073082163 and parameters: {'window_influence': 0.5200791160569498, 'penalty_k': 0.01370204557118028, 'scale_lr': 0.40112653534275966}. Best is trial 65 with value: 0.36006941660832803.
checkpoint_e24 window_influence: 0.52147899646976092, penalty_k: 0.01082087255762202, scale_lr: 0.39931087235229135, EAO: 0.346
Trial 114 finished with value: 0.3455329710175555 and parameters: {'window_influence': 0.5214789964697609, 'penalty_k': 0.010820872557622017, 'scale_lr': 0.39931087235229135}. Best is trial 65 with value: 0.36006941660832803.
checkpoint_e24 window_influence: 0.44953603867531583, penalty_k: 0.01595690678099781, scale_lr: 0.38316020148757113, EAO: 0.328
Trial 115 finished with value: 0.3277218911782313 and parameters: {'window_influence': 0.44953603867531583, 'penalty_k': 0.015956906780997808, 'scale_lr': 0.38316020148757113}. Best is trial 65 with value: 0.36006941660832803.
checkpoint_e24 window_influence: 0.52131382544513283, penalty_k: 0.01082335926056517, scale_lr: 0.39909630129508739, EAO: 0.346
Trial 116 finished with value: 0.345941351197573 and parameters: {'window_influence': 0.5213138254451328, 'penalty_k': 0.010823359260565171, 'scale_lr': 0.3990963012950874}. Best is trial 65 with value: 0.36006941660832803.
checkpoint_e24 window_influence: 0.52456991846906920, penalty_k: 0.01136537375069461, scale_lr: 0.39728563185568849, EAO: 0.325
Trial 117 finished with value: 0.3250121735181326 and parameters: {'window_influence': 0.5245699184690692, 'penalty_k': 0.011365373750694605, 'scale_lr': 0.3972856318556885}. Best is trial 65 with value: 0.36006941660832803.
checkpoint_e24 window_influence: 0.54314917198397328, penalty_k: 0.01080379053114019, scale_lr: 0.40460034118790233, EAO: 0.315
Trial 118 finished with value: 0.3151138564028165 and parameters: {'window_influence': 0.5431491719839733, 'penalty_k': 0.010803790531140195, 'scale_lr': 0.40460034118790233}. Best is trial 65 with value: 0.36006941660832803.
checkpoint_e24 window_influence: 0.55732210978973640, penalty_k: 0.00978589702310517, scale_lr: 0.37481767716482317, EAO: 0.316
Trial 119 finished with value: 0.31561635538993643 and parameters: {'window_influence': 0.5573221097897364, 'penalty_k': 0.009785897023105167, 'scale_lr': 0.37481767716482317}. Best is trial 65 with value: 0.36006941660832803.
checkpoint_e24 window_influence: 0.46947231408351869, penalty_k: 0.02567410133608634, scale_lr: 0.41378568565426982, EAO: 0.326
Trial 120 finished with value: 0.3256769726480491 and parameters: {'window_influence': 0.4694723140835187, 'penalty_k': 0.025674101336086337, 'scale_lr': 0.4137856856542698}. Best is trial 65 with value: 0.36006941660832803.
checkpoint_e24 window_influence: 0.48769285268752155, penalty_k: 0.00020222729001750, scale_lr: 0.34017329276871133, EAO: 0.331
Trial 121 finished with value: 0.3313165089035776 and parameters: {'window_influence': 0.48769285268752155, 'penalty_k': 0.00020222729001749887, 'scale_lr': 0.34017329276871133}. Best is trial 65 with value: 0.36006941660832803.
checkpoint_e24 window_influence: 0.52294743862276249, penalty_k: 0.04461540328262302, scale_lr: 0.35958046050659215, EAO: 0.328
Trial 122 finished with value: 0.32826459923838824 and parameters: {'window_influence': 0.5229474386227625, 'penalty_k': 0.04461540328262302, 'scale_lr': 0.35958046050659215}. Best is trial 65 with value: 0.36006941660832803.
checkpoint_e24 window_influence: 0.50056337153486763, penalty_k: 0.02492067934811346, scale_lr: 0.40002607988255617, EAO: 0.345
Trial 123 finished with value: 0.3454042021402589 and parameters: {'window_influence': 0.5005633715348676, 'penalty_k': 0.02492067934811346, 'scale_lr': 0.4000260798825562}. Best is trial 65 with value: 0.36006941660832803.
checkpoint_e24 window_influence: 0.49960063134422444, penalty_k: 0.02361664272004062, scale_lr: 0.38169367540738652, EAO: 0.330
