Trial 1400 finished with value: 0.354412551288011 and parameters: {'window_influence': 0.46289608149245853, 'penalty_k': 0.1952826223183154, 'scale_lr': 0.1860612101532006}. Best is trial 896 with value: 0.3777425812144224.
checkpoint_e33 window_influence: 0.16900631422375478, penalty_k: 0.40973496856240715, scale_lr: 0.38863422880454290, EAO: 0.272
Trial 1401 finished with value: 0.27173936198889515 and parameters: {'window_influence': 0.16900631422375478, 'penalty_k': 0.40973496856240715, 'scale_lr': 0.3886342288045429}. Best is trial 896 with value: 0.3777425812144224.
checkpoint_e33 window_influence: 0.47645524402288358, penalty_k: 0.30738588666987288, scale_lr: 0.68575494794522074, EAO: 0.310
Trial 1402 finished with value: 0.30991181319557737 and parameters: {'window_influence': 0.4764552440228836, 'penalty_k': 0.3073858866698729, 'scale_lr': 0.6857549479452207}. Best is trial 896 with value: 0.3777425812144224.
checkpoint_e33 window_influence: 0.58319467511150636, penalty_k: 0.56818900461770339, scale_lr: 0.72029541099426109, EAO: 0.251
Trial 1403 finished with value: 0.25072173519125246 and parameters: {'window_influence': 0.5831946751115064, 'penalty_k': 0.5681890046177034, 'scale_lr': 0.7202954109942611}. Best is trial 896 with value: 0.3777425812144224.
checkpoint_e33 window_influence: 0.43599049415178553, penalty_k: 0.50565849582249689, scale_lr: 0.10131246478007366, EAO: 0.303
Trial 1404 finished with value: 0.3031997618044397 and parameters: {'window_influence': 0.43599049415178553, 'penalty_k': 0.5056584958224969, 'scale_lr': 0.10131246478007366}. Best is trial 896 with value: 0.3777425812144224.
checkpoint_e33 window_influence: 0.50418146843768452, penalty_k: 0.08187187751947023, scale_lr: 0.32048913408500529, EAO: 0.335
Trial 1405 finished with value: 0.33496307201886455 and parameters: {'window_influence': 0.5041814684376845, 'penalty_k': 0.08187187751947023, 'scale_lr': 0.3204891340850053}. Best is trial 896 with value: 0.3777425812144224.
checkpoint_e33 window_influence: 0.08769088037299139, penalty_k: 0.13373048911859839, scale_lr: 0.50821606633884708, EAO: 0.267
Trial 1406 finished with value: 0.2670811576486098 and parameters: {'window_influence': 0.08769088037299139, 'penalty_k': 0.1337304891185984, 'scale_lr': 0.5082160663388471}. Best is trial 896 with value: 0.3777425812144224.
checkpoint_e33 window_influence: 0.13676525179637919, penalty_k: 0.15042580132024416, scale_lr: 0.47219019502827153, EAO: 0.262
Trial 1407 finished with value: 0.2616789262698318 and parameters: {'window_influence': 0.1367652517963792, 'penalty_k': 0.15042580132024416, 'scale_lr': 0.47219019502827153}. Best is trial 896 with value: 0.3777425812144224.
checkpoint_e33 window_influence: 0.53127955341800681, penalty_k: 0.22072053044529233, scale_lr: 0.74866907767486290, EAO: 0.297
Trial 1408 finished with value: 0.29735809419637527 and parameters: {'window_influence': 0.5312795534180068, 'penalty_k': 0.22072053044529233, 'scale_lr': 0.7486690776748629}. Best is trial 896 with value: 0.3777425812144224.
checkpoint_e33 window_influence: 0.27081920698383433, penalty_k: 0.11593441977452754, scale_lr: 0.45191734754476226, EAO: 0.294
Trial 1409 finished with value: 0.29421016034681047 and parameters: {'window_influence': 0.2708192069838343, 'penalty_k': 0.11593441977452754, 'scale_lr': 0.45191734754476226}. Best is trial 896 with value: 0.3777425812144224.
checkpoint_e33 window_influence: 0.20031059094659112, penalty_k: 0.24238831146738116, scale_lr: 0.53034208228215329, EAO: 0.282
Trial 1410 finished with value: 0.28157435015481735 and parameters: {'window_influence': 0.20031059094659112, 'penalty_k': 0.24238831146738116, 'scale_lr': 0.5303420822821533}. Best is trial 896 with value: 0.3777425812144224.
checkpoint_e33 window_influence: 0.42124288446541014, penalty_k: 0.52786991591241916, scale_lr: 0.67193976487559814, EAO: 0.325
Trial 1411 finished with value: 0.3252954999064657 and parameters: {'window_influence': 0.42124288446541014, 'penalty_k': 0.5278699159124192, 'scale_lr': 0.6719397648755981}. Best is trial 896 with value: 0.3777425812144224.
checkpoint_e33 window_influence: 0.26536834270755350, penalty_k: 0.06856715519130566, scale_lr: 0.65107609710650260, EAO: 0.304
Trial 1412 finished with value: 0.30404094261649983 and parameters: {'window_influence': 0.2653683427075535, 'penalty_k': 0.06856715519130566, 'scale_lr': 0.6510760971065026}. Best is trial 896 with value: 0.3777425812144224.
checkpoint_e33 window_influence: 0.48506580562902102, penalty_k: 0.16463614935125689, scale_lr: 0.27493781505061243, EAO: 0.324
Trial 1413 finished with value: 0.3236106574999219 and parameters: {'window_influence': 0.485065805629021, 'penalty_k': 0.1646361493512569, 'scale_lr': 0.27493781505061243}. Best is trial 896 with value: 0.3777425812144224.
checkpoint_e33 window_influence: 0.44930937607901328, penalty_k: 0.42620549173780942, scale_lr: 0.40388770888328324, EAO: 0.326
Trial 1414 finished with value: 0.3258394409362444 and parameters: {'window_influence': 0.4493093760790133, 'penalty_k': 0.4262054917378094, 'scale_lr': 0.40388770888328324}. Best is trial 896 with value: 0.3777425812144224.
checkpoint_e33 window_influence: 0.29403684156415677, penalty_k: 0.04428865474235356, scale_lr: 0.36055446510427791, EAO: 0.295
Trial 1415 finished with value: 0.2953108368796597 and parameters: {'window_influence': 0.29403684156415677, 'penalty_k': 0.044288654742353564, 'scale_lr': 0.3605544651042779}. Best is trial 896 with value: 0.3777425812144224.
checkpoint_e33 window_influence: 0.49255937338195560, penalty_k: 0.20275822853023387, scale_lr: 0.24008545952966645, EAO: 0.321
Trial 1416 finished with value: 0.3209680638888467 and parameters: {'window_influence': 0.4925593733819556, 'penalty_k': 0.20275822853023387, 'scale_lr': 0.24008545952966645}. Best is trial 896 with value: 0.3777425812144224.
checkpoint_e33 window_influence: 0.05440834499577435, penalty_k: 0.02650004441947349, scale_lr: 0.70519077016800691, EAO: 0.253
Trial 1417 finished with value: 0.25268441734378905 and parameters: {'window_influence': 0.05440834499577435, 'penalty_k': 0.02650004441947349, 'scale_lr': 0.7051907701680069}. Best is trial 896 with value: 0.3777425812144224.
checkpoint_e33 window_influence: 0.18276262202636975, penalty_k: 0.37096257940833999, scale_lr: 0.28936211897051617, EAO: 0.265
Trial 1418 finished with value: 0.2645425887539229 and parameters: {'window_influence': 0.18276262202636975, 'penalty_k': 0.37096257940834, 'scale_lr': 0.28936211897051617}. Best is trial 896 with value: 0.3777425812144224.
checkpoint_e33 window_influence: 0.28568014871872621, penalty_k: 0.23185284388341698, scale_lr: 0.62683595268375780, EAO: 0.317
Trial 1419 finished with value: 0.31706879476396954 and parameters: {'window_influence': 0.2856801487187262, 'penalty_k': 0.23185284388341698, 'scale_lr': 0.6268359526837578}. Best is trial 896 with value: 0.3777425812144224.
checkpoint_e33 window_influence: 0.09598191518752569, penalty_k: 0.32950437855776771, scale_lr: 0.48002239741608382, EAO: 0.248
Trial 1420 finished with value: 0.2481854208364561 and parameters: {'window_influence': 0.09598191518752569, 'penalty_k': 0.3295043785577677, 'scale_lr': 0.4800223974160838}. Best is trial 896 with value: 0.3777425812144224.
checkpoint_e33 window_influence: 0.46294308927825528, penalty_k: 0.08928571376105640, scale_lr: 0.55563717525511047, EAO: 0.342
Trial 1421 finished with value: 0.34242664839970927 and parameters: {'window_influence': 0.4629430892782553, 'penalty_k': 0.0892857137610564, 'scale_lr': 0.5556371752551105}. Best is trial 896 with value: 0.3777425812144224.
checkpoint_e33 window_influence: 0.51155081998297103, penalty_k: 0.37646450231951700, scale_lr: 0.46731817920362495, EAO: 0.290
Trial 1422 finished with value: 0.28964419552788195 and parameters: {'window_influence': 0.511550819982971, 'penalty_k': 0.376464502319517, 'scale_lr': 0.46731817920362495}. Best is trial 896 with value: 0.3777425812144224.
checkpoint_e33 window_influence: 0.37359358898470041, penalty_k: 0.14249635927037188, scale_lr: 0.79091731688649725, EAO: 0.329
Trial 1423 finished with value: 0.32919081546917034 and parameters: {'window_influence': 0.3735935889847004, 'penalty_k': 0.14249635927037188, 'scale_lr': 0.7909173168864972}. Best is trial 896 with value: 0.3777425812144224.
checkpoint_e33 window_influence: 0.47694761781757378, penalty_k: 0.05951489714090802, scale_lr: 0.30345789694248326, EAO: 0.324
Trial 1424 finished with value: 0.3239748442567276 and parameters: {'window_influence': 0.4769476178175738, 'penalty_k': 0.05951489714090802, 'scale_lr': 0.30345789694248326}. Best is trial 896 with value: 0.3777425812144224.
checkpoint_e33 window_influence: 0.16100359488488872, penalty_k: 0.01030035565221507, scale_lr: 0.14675919924092673, EAO: 0.278
Trial 1425 finished with value: 0.278487369012276 and parameters: {'window_influence': 0.16100359488488872, 'penalty_k': 0.010300355652215074, 'scale_lr': 0.14675919924092673}. Best is trial 896 with value: 0.3777425812144224.
checkpoint_e33 window_influence: 0.44195850764177330, penalty_k: 0.07615727705543851, scale_lr: 0.42092734366975504, EAO: 0.328
Trial 1426 finished with value: 0.3278615901442353 and parameters: {'window_influence': 0.4419585076417733, 'penalty_k': 0.07615727705543851, 'scale_lr': 0.42092734366975504}. Best is trial 896 with value: 0.3777425812144224.
checkpoint_e33 window_influence: 0.34992806750458832, penalty_k: 0.17292162819328000, scale_lr: 0.49241300182286157, EAO: 0.302
Trial 1427 finished with value: 0.30152617047037134 and parameters: {'window_influence': 0.3499280675045883, 'penalty_k': 0.17292162819328, 'scale_lr': 0.4924130018228616}. Best is trial 896 with value: 0.3777425812144224.
checkpoint_e33 window_influence: 0.46066623718584154, penalty_k: 0.12608932544402762, scale_lr: 0.76913569876672327, EAO: 0.350
Trial 1428 finished with value: 0.3497898282939822 and parameters: {'window_influence': 0.46066623718584154, 'penalty_k': 0.12608932544402762, 'scale_lr': 0.7691356987667233}. Best is trial 896 with value: 0.3777425812144224.
checkpoint_e33 window_influence: 0.49636367991712105, penalty_k: 0.11054551594552665, scale_lr: 0.44169968564761547, EAO: 0.354
Trial 1429 finished with value: 0.35440867350723027 and parameters: {'window_influence': 0.49636367991712105, 'penalty_k': 0.11054551594552665, 'scale_lr': 0.44169968564761547}. Best is trial 896 with value: 0.3777425812144224.
checkpoint_e33 window_influence: 0.47551711903236327, penalty_k: 0.03455164857102207, scale_lr: 0.51897576693068348, EAO: 0.342
Trial 1430 finished with value: 0.34243734209917864 and parameters: {'window_influence': 0.47551711903236327, 'penalty_k': 0.03455164857102207, 'scale_lr': 0.5189757669306835}. Best is trial 896 with value: 0.3777425812144224.
checkpoint_e33 window_influence: 0.39020197161646425, penalty_k: 0.27019724836462300, scale_lr: 0.20372288686854428, EAO: 0.331
Trial 1431 finished with value: 0.3312658886733222 and parameters: {'window_influence': 0.39020197161646425, 'penalty_k': 0.270197248364623, 'scale_lr': 0.20372288686854428}. Best is trial 896 with value: 0.3777425812144224.
checkpoint_e33 window_influence: 0.56198114210660377, penalty_k: 0.18589370506645381, scale_lr: 0.54333231596009468, EAO: 0.292
Trial 1432 finished with value: 0.29226158170848504 and parameters: {'window_influence': 0.5619811421066038, 'penalty_k': 0.1858937050664538, 'scale_lr': 0.5433323159600947}. Best is trial 896 with value: 0.3777425812144224.
checkpoint_e33 window_influence: 0.52178309898070852, penalty_k: 0.46964247340967669, scale_lr: 0.32688013089614870, EAO: 0.292
Trial 1433 finished with value: 0.2917738772551837 and parameters: {'window_influence': 0.5217830989807085, 'penalty_k': 0.4696424734096767, 'scale_lr': 0.3268801308961487}. Best is trial 896 with value: 0.3777425812144224.
checkpoint_e33 window_influence: 0.07696208954427869, penalty_k: 0.25748599699658564, scale_lr: 0.22057326969126032, EAO: 0.256
Trial 1434 finished with value: 0.2559026379993454 and parameters: {'window_influence': 0.07696208954427869, 'penalty_k': 0.25748599699658564, 'scale_lr': 0.22057326969126032}. Best is trial 896 with value: 0.3777425812144224.
checkpoint_e33 window_influence: 0.45261502592748593, penalty_k: 0.05285882503685770, scale_lr: 0.68211831479221474, EAO: 0.354
Trial 1435 finished with value: 0.35443991329883323 and parameters: {'window_influence': 0.4526150259274859, 'penalty_k': 0.0528588250368577, 'scale_lr': 0.6821183147922147}. Best is trial 896 with value: 0.3777425812144224.
checkpoint_e33 window_influence: 0.48354519486263908, penalty_k: 0.15408109267036485, scale_lr: 0.56694987155161791, EAO: 0.362
Trial 1436 finished with value: 0.3624106883306911 and parameters: {'window_influence': 0.4835451948626391, 'penalty_k': 0.15408109267036485, 'scale_lr': 0.5669498715516179}. Best is trial 896 with value: 0.3777425812144224.
checkpoint_e33 window_influence: 0.50684213931896482, penalty_k: 0.15518043870374487, scale_lr: 0.59394599685124838, EAO: 0.335
Trial 1437 finished with value: 0.3351308992168783 and parameters: {'window_influence': 0.5068421393189648, 'penalty_k': 0.15518043870374487, 'scale_lr': 0.5939459968512484}. Best is trial 896 with value: 0.3777425812144224.
checkpoint_e33 window_influence: 0.12564069140761086, penalty_k: 0.14951306097257910, scale_lr: 0.56802659951643841, EAO: 0.256
Trial 1438 finished with value: 0.25600501918143337 and parameters: {'window_influence': 0.12564069140761086, 'penalty_k': 0.1495130609725791, 'scale_lr': 0.5680265995164384}. Best is trial 896 with value: 0.3777425812144224.
checkpoint_e33 window_influence: 0.49689228997973178, penalty_k: 0.16051710031463964, scale_lr: 0.57462324587738434, EAO: 0.352
Trial 1439 finished with value: 0.35238019327709186 and parameters: {'window_influence': 0.4968922899797318, 'penalty_k': 0.16051710031463964, 'scale_lr': 0.5746232458773843}. Best is trial 896 with value: 0.3777425812144224.
checkpoint_e33 window_influence: 0.48493642362669115, penalty_k: 0.13561821702820132, scale_lr: 0.55690635863383042, EAO: 0.342
Trial 1440 finished with value: 0.3423235547449802 and parameters: {'window_influence': 0.48493642362669115, 'penalty_k': 0.13561821702820132, 'scale_lr': 0.5569063586338304}. Best is trial 896 with value: 0.3777425812144224.
checkpoint_e33 window_influence: 0.50776671042399035, penalty_k: 0.16905327653383795, scale_lr: 0.57794415557850720, EAO: 0.319
Trial 1441 finished with value: 0.31852351471143936 and parameters: {'window_influence': 0.5077667104239904, 'penalty_k': 0.16905327653383795, 'scale_lr': 0.5779441555785072}. Best is trial 896 with value: 0.3777425812144224.
checkpoint_e33 window_influence: 0.25219300499678032, penalty_k: 0.15737709336640987, scale_lr: 0.53727563809628820, EAO: 0.295
Trial 1442 finished with value: 0.29502915576506217 and parameters: {'window_influence': 0.2521930049967803, 'penalty_k': 0.15737709336640987, 'scale_lr': 0.5372756380962882}. Best is trial 896 with value: 0.3777425812144224.
checkpoint_e33 window_influence: 0.09382007048138696, penalty_k: 0.14404356297174797, scale_lr: 0.58679463417868971, EAO: 0.249
Trial 1443 finished with value: 0.2485773407415657 and parameters: {'window_influence': 0.09382007048138696, 'penalty_k': 0.14404356297174797, 'scale_lr': 0.5867946341786897}. Best is trial 896 with value: 0.3777425812144224.
checkpoint_e33 window_influence: 0.48993157184599428, penalty_k: 0.17652547611655023, scale_lr: 0.55975615478022833, EAO: 0.336
Trial 1444 finished with value: 0.33595081143342104 and parameters: {'window_influence': 0.4899315718459943, 'penalty_k': 0.17652547611655023, 'scale_lr': 0.5597561547802283}. Best is trial 896 with value: 0.3777425812144224.
checkpoint_e33 window_influence: 0.40827283389773344, penalty_k: 0.33467848789832627, scale_lr: 0.33564688002548071, EAO: 0.330
Trial 1445 finished with value: 0.3304262173430929 and parameters: {'window_influence': 0.40827283389773344, 'penalty_k': 0.33467848789832627, 'scale_lr': 0.3356468800254807}. Best is trial 896 with value: 0.3777425812144224.
checkpoint_e33 window_influence: 0.47929449237222566, penalty_k: 0.13786481395968322, scale_lr: 0.60093396460461146, EAO: 0.333
Trial 1446 finished with value: 0.3326637184805443 and parameters: {'window_influence': 0.47929449237222566, 'penalty_k': 0.13786481395968322, 'scale_lr': 0.6009339646046115}. Best is trial 896 with value: 0.3777425812144224.
checkpoint_e33 window_influence: 0.53249309189235383, penalty_k: 0.12808833276684875, scale_lr: 0.74023965610591302, EAO: 0.306
Trial 1447 finished with value: 0.30622114014996626 and parameters: {'window_influence': 0.5324930918923538, 'penalty_k': 0.12808833276684875, 'scale_lr': 0.740239656105913}. Best is trial 896 with value: 0.3777425812144224.
checkpoint_e33 window_influence: 0.51841052964876499, penalty_k: 0.16744241084841247, scale_lr: 0.34475370225513435, EAO: 0.322
Trial 1448 finished with value: 0.32204200611504136 and parameters: {'window_influence': 0.518410529648765, 'penalty_k': 0.16744241084841247, 'scale_lr': 0.34475370225513435}. Best is trial 896 with value: 0.3777425812144224.
checkpoint_e33 window_influence: 0.49472287659207603, penalty_k: 0.09647841831434759, scale_lr: 0.37104614055372909, EAO: 0.345
Trial 1449 finished with value: 0.34525508755375905 and parameters: {'window_influence': 0.49472287659207603, 'penalty_k': 0.09647841831434759, 'scale_lr': 0.3710461405537291}. Best is trial 896 with value: 0.3777425812144224.
checkpoint_e33 window_influence: 0.47028444651959267, penalty_k: 0.18653839229595337, scale_lr: 0.14597806268421457, EAO: 0.330
Trial 1450 finished with value: 0.3298980236517316 and parameters: {'window_influence': 0.47028444651959267, 'penalty_k': 0.18653839229595337, 'scale_lr': 0.14597806268421457}. Best is trial 896 with value: 0.3777425812144224.
checkpoint_e33 window_influence: 0.50217080762638167, penalty_k: 0.02036505957471622, scale_lr: 0.54435968578734517, EAO: 0.359
Trial 1451 finished with value: 0.35894168095829887 and parameters: {'window_influence': 0.5021708076263817, 'penalty_k': 0.02036505957471622, 'scale_lr': 0.5443596857873452}. Best is trial 896 with value: 0.3777425812144224.
checkpoint_e33 window_influence: 0.48733283995872639, penalty_k: 0.15600461940297830, scale_lr: 0.51072620970683247, EAO: 0.343
Trial 1452 finished with value: 0.3432464583374647 and parameters: {'window_influence': 0.4873328399587264, 'penalty_k': 0.1560046194029783, 'scale_lr': 0.5107262097068325}. Best is trial 896 with value: 0.3777425812144224.
checkpoint_e33 window_influence: 0.19655251523125350, penalty_k: 0.14736954170512404, scale_lr: 0.39915266069390776, EAO: 0.289
Trial 1453 finished with value: 0.2893604822311884 and parameters: {'window_influence': 0.1965525152312535, 'penalty_k': 0.14736954170512404, 'scale_lr': 0.39915266069390776}. Best is trial 896 with value: 0.3777425812144224.
checkpoint_e33 window_influence: 0.61963787399908421, penalty_k: 0.41584461002980644, scale_lr: 0.52588295232309523, EAO: 0.243
Trial 1454 finished with value: 0.2431659510627331 and parameters: {'window_influence': 0.6196378739990842, 'penalty_k': 0.41584461002980644, 'scale_lr': 0.5258829523230952}. Best is trial 896 with value: 0.3777425812144224.
checkpoint_e33 window_influence: 0.32894375992503894, penalty_k: 0.06814558294943891, scale_lr: 0.72223654240098578, EAO: 0.321
Trial 1455 finished with value: 0.320512609317145 and parameters: {'window_influence': 0.32894375992503894, 'penalty_k': 0.06814558294943891, 'scale_lr': 0.7222365424009858}. Best is trial 896 with value: 0.3777425812144224.
checkpoint_e33 window_influence: 0.47390954584462558, penalty_k: 0.11392608452086575, scale_lr: 0.41751351451122187, EAO: 0.350
Trial 1456 finished with value: 0.3504860614524277 and parameters: {'window_influence': 0.4739095458446256, 'penalty_k': 0.11392608452086575, 'scale_lr': 0.4175135145112219}. Best is trial 896 with value: 0.3777425812144224.
checkpoint_e33 window_influence: 0.51308333623127145, penalty_k: 0.04158488350205142, scale_lr: 0.79878558158802893, EAO: 0.317
Trial 1457 finished with value: 0.316769616845053 and parameters: {'window_influence': 0.5130833362312714, 'penalty_k': 0.04158488350205142, 'scale_lr': 0.7987855815880289}. Best is trial 896 with value: 0.3777425812144224.
checkpoint_e33 window_influence: 0.48300309081235543, penalty_k: 0.17329460852078257, scale_lr: 0.38228751858081272, EAO: 0.348
Trial 1458 finished with value: 0.34763407950735276 and parameters: {'window_influence': 0.48300309081235543, 'penalty_k': 0.17329460852078257, 'scale_lr': 0.3822875185808127}. Best is trial 896 with value: 0.3777425812144224.
checkpoint_e33 window_influence: 0.54466617361672898, penalty_k: 0.56772324988687983, scale_lr: 0.69654951136312449, EAO: 0.261
Trial 1459 finished with value: 0.2605909439028469 and parameters: {'window_influence': 0.544666173616729, 'penalty_k': 0.5677232498868798, 'scale_lr': 0.6965495113631245}. Best is trial 896 with value: 0.3777425812144224.
checkpoint_e33 window_influence: 0.49927225475820064, penalty_k: 0.08148637165829420, scale_lr: 0.56454188464897537, EAO: 0.347
Trial 1460 finished with value: 0.3467833850866162 and parameters: {'window_influence': 0.49927225475820064, 'penalty_k': 0.0814863716582942, 'scale_lr': 0.5645418846489754}. Best is trial 896 with value: 0.3777425812144224.
checkpoint_e33 window_influence: 0.42496091087112264, penalty_k: 0.43819598068807786, scale_lr: 0.58431194740627390, EAO: 0.315
Trial 1461 finished with value: 0.31505476987779374 and parameters: {'window_influence': 0.42496091087112264, 'penalty_k': 0.43819598068807786, 'scale_lr': 0.5843119474062739}. Best is trial 896 with value: 0.3777425812144224.
checkpoint_e33 window_influence: 0.64131045667038122, penalty_k: 0.12478722293155015, scale_lr: 0.45467506595587154, EAO: 0.244
