Trial 2808 finished with value: 0.34506714831066504 and parameters: {'window_influence': 0.49495694927080386, 'penalty_k': 0.19126115540399422, 'scale_lr': 0.4906651305519771}. Best is trial 1674 with value: 0.38142600678748195.
checkpoint_e33 window_influence: 0.16765854681497430, penalty_k: 0.10702376012392645, scale_lr: 0.39893202216049289, EAO: 0.280
Trial 2809 finished with value: 0.28045699151109627 and parameters: {'window_influence': 0.1676585468149743, 'penalty_k': 0.10702376012392645, 'scale_lr': 0.3989320221604929}. Best is trial 1674 with value: 0.38142600678748195.
checkpoint_e33 window_influence: 0.50375703979468156, penalty_k: 0.12072775513387207, scale_lr: 0.25142548161705836, EAO: 0.321
Trial 2810 finished with value: 0.3214030955784052 and parameters: {'window_influence': 0.5037570397946816, 'penalty_k': 0.12072775513387207, 'scale_lr': 0.25142548161705836}. Best is trial 1674 with value: 0.38142600678748195.
checkpoint_e33 window_influence: 0.41084870243274657, penalty_k: 0.20421505262686387, scale_lr: 0.46041525766392344, EAO: 0.310
Trial 2811 finished with value: 0.31006579733080436 and parameters: {'window_influence': 0.41084870243274657, 'penalty_k': 0.20421505262686387, 'scale_lr': 0.46041525766392344}. Best is trial 1674 with value: 0.38142600678748195.
checkpoint_e33 window_influence: 0.58501083996592074, penalty_k: 0.25677890329372716, scale_lr: 0.59009269993654712, EAO: 0.254
Trial 2812 finished with value: 0.25428422954991636 and parameters: {'window_influence': 0.5850108399659207, 'penalty_k': 0.25677890329372716, 'scale_lr': 0.5900926999365471}. Best is trial 1674 with value: 0.38142600678748195.
checkpoint_e33 window_influence: 0.62491334107181351, penalty_k: 0.05353315004684130, scale_lr: 0.42979483353155801, EAO: 0.248
Trial 2813 finished with value: 0.24818898772219275 and parameters: {'window_influence': 0.6249133410718135, 'penalty_k': 0.053533150046841296, 'scale_lr': 0.429794833531558}. Best is trial 1674 with value: 0.38142600678748195.
checkpoint_e33 window_influence: 0.47456604375175127, penalty_k: 0.43522548525401161, scale_lr: 0.62215543142872176, EAO: 0.308
Trial 2814 finished with value: 0.30821065001682546 and parameters: {'window_influence': 0.47456604375175127, 'penalty_k': 0.4352254852540116, 'scale_lr': 0.6221554314287218}. Best is trial 1674 with value: 0.38142600678748195.
checkpoint_e33 window_influence: 0.53096590619327722, penalty_k: 0.35999488970501520, scale_lr: 0.75089118656140252, EAO: 0.274
Trial 2815 finished with value: 0.27443081065142666 and parameters: {'window_influence': 0.5309659061932772, 'penalty_k': 0.3599948897050152, 'scale_lr': 0.7508911865614025}. Best is trial 1674 with value: 0.38142600678748195.
checkpoint_e33 window_influence: 0.48713431937947876, penalty_k: 0.22527097637750310, scale_lr: 0.11993256073430633, EAO: 0.338
Trial 2816 finished with value: 0.3378992393786805 and parameters: {'window_influence': 0.48713431937947876, 'penalty_k': 0.2252709763775031, 'scale_lr': 0.11993256073430633}. Best is trial 1674 with value: 0.38142600678748195.
checkpoint_e33 window_influence: 0.46001562342393415, penalty_k: 0.33025486559004319, scale_lr: 0.77159854594778099, EAO: 0.328
Trial 2817 finished with value: 0.3283721093769667 and parameters: {'window_influence': 0.46001562342393415, 'penalty_k': 0.3302548655900432, 'scale_lr': 0.771598545947781}. Best is trial 1674 with value: 0.38142600678748195.
checkpoint_e33 window_influence: 0.24241563333952698, penalty_k: 0.28351986027349257, scale_lr: 0.68468548809891472, EAO: 0.315
Trial 2818 finished with value: 0.31512431226351845 and parameters: {'window_influence': 0.24241563333952698, 'penalty_k': 0.2835198602734926, 'scale_lr': 0.6846854880989147}. Best is trial 1674 with value: 0.38142600678748195.
checkpoint_e33 window_influence: 0.30063734588681895, penalty_k: 0.44614167803876315, scale_lr: 0.63809434532863596, EAO: 0.312
Trial 2819 finished with value: 0.31183745552593634 and parameters: {'window_influence': 0.30063734588681895, 'penalty_k': 0.44614167803876315, 'scale_lr': 0.638094345328636}. Best is trial 1674 with value: 0.38142600678748195.
checkpoint_e33 window_influence: 0.51534720393339362, penalty_k: 0.31475354282959844, scale_lr: 0.71147380594790355, EAO: 0.301
Trial 2820 finished with value: 0.30148867990256284 and parameters: {'window_influence': 0.5153472039333936, 'penalty_k': 0.31475354282959844, 'scale_lr': 0.7114738059479035}. Best is trial 1674 with value: 0.38142600678748195.
checkpoint_e33 window_influence: 0.54616085818460114, penalty_k: 0.15012125872439480, scale_lr: 0.11068169728263760, EAO: 0.310
Trial 2821 finished with value: 0.3104035282645244 and parameters: {'window_influence': 0.5461608581846011, 'penalty_k': 0.1501212587243948, 'scale_lr': 0.1106816972826376}. Best is trial 1674 with value: 0.38142600678748195.
checkpoint_e33 window_influence: 0.44043907822585093, penalty_k: 0.09478077628066195, scale_lr: 0.50939600793876938, EAO: 0.338
Trial 2822 finished with value: 0.3384001282866363 and parameters: {'window_influence': 0.44043907822585093, 'penalty_k': 0.09478077628066195, 'scale_lr': 0.5093960079387694}. Best is trial 1674 with value: 0.38142600678748195.
checkpoint_e33 window_influence: 0.47214484956108721, penalty_k: 0.03748042176731640, scale_lr: 0.23428830669801434, EAO: 0.331
Trial 2823 finished with value: 0.3306527729744113 and parameters: {'window_influence': 0.4721448495610872, 'penalty_k': 0.0374804217673164, 'scale_lr': 0.23428830669801434}. Best is trial 1674 with value: 0.38142600678748195.
checkpoint_e33 window_influence: 0.49699707753453054, penalty_k: 0.13729747997542671, scale_lr: 0.16039209432474877, EAO: 0.357
Trial 2824 finished with value: 0.35705664869876225 and parameters: {'window_influence': 0.49699707753453054, 'penalty_k': 0.1372974799754267, 'scale_lr': 0.16039209432474877}. Best is trial 1674 with value: 0.38142600678748195.
checkpoint_e33 window_influence: 0.33576619187850532, penalty_k: 0.51558651190643612, scale_lr: 0.10113317802810874, EAO: 0.302
Trial 2825 finished with value: 0.30173177193806794 and parameters: {'window_influence': 0.3357661918785053, 'penalty_k': 0.5155865119064361, 'scale_lr': 0.10113317802810874}. Best is trial 1674 with value: 0.38142600678748195.
checkpoint_e33 window_influence: 0.64453918693228318, penalty_k: 0.02483534108330534, scale_lr: 0.47598203657710375, EAO: 0.233
Trial 2826 finished with value: 0.23312361544208304 and parameters: {'window_influence': 0.6445391869322832, 'penalty_k': 0.02483534108330534, 'scale_lr': 0.47598203657710375}. Best is trial 1674 with value: 0.38142600678748195.
checkpoint_e33 window_influence: 0.48596514470291341, penalty_k: 0.33753141050172009, scale_lr: 0.72385335117783678, EAO: 0.319
Trial 2827 finished with value: 0.31868009443181033 and parameters: {'window_influence': 0.4859651447029134, 'penalty_k': 0.3375314105017201, 'scale_lr': 0.7238533511778368}. Best is trial 1674 with value: 0.38142600678748195.
checkpoint_e33 window_influence: 0.25323057132530591, penalty_k: 0.17503230428642089, scale_lr: 0.67002380692393204, EAO: 0.314
Trial 2828 finished with value: 0.31409978083831325 and parameters: {'window_influence': 0.2532305713253059, 'penalty_k': 0.1750323042864209, 'scale_lr': 0.670023806923932}. Best is trial 1674 with value: 0.38142600678748195.
checkpoint_e33 window_influence: 0.46164351549513327, penalty_k: 0.05049024862768842, scale_lr: 0.14721622713661581, EAO: 0.323
Trial 2829 finished with value: 0.32276624325184505 and parameters: {'window_influence': 0.46164351549513327, 'penalty_k': 0.05049024862768842, 'scale_lr': 0.1472162271366158}. Best is trial 1674 with value: 0.38142600678748195.
checkpoint_e33 window_influence: 0.36242316555643922, penalty_k: 0.12686763104373425, scale_lr: 0.33420119684526584, EAO: 0.320
Trial 2830 finished with value: 0.31985811587669505 and parameters: {'window_influence': 0.3624231655564392, 'penalty_k': 0.12686763104373425, 'scale_lr': 0.33420119684526584}. Best is trial 1674 with value: 0.38142600678748195.
checkpoint_e33 window_influence: 0.50372164101928441, penalty_k: 0.51966066549591072, scale_lr: 0.45023433301801968, EAO: 0.295
Trial 2831 finished with value: 0.29464942657530074 and parameters: {'window_influence': 0.5037216410192844, 'penalty_k': 0.5196606654959107, 'scale_lr': 0.4502343330180197}. Best is trial 1674 with value: 0.38142600678748195.
checkpoint_e33 window_influence: 0.38985234931041313, penalty_k: 0.10112025275005398, scale_lr: 0.38366583968589807, EAO: 0.325
Trial 2832 finished with value: 0.3253046692809242 and parameters: {'window_influence': 0.3898523493104131, 'penalty_k': 0.10112025275005398, 'scale_lr': 0.38366583968589807}. Best is trial 1674 with value: 0.38142600678748195.
checkpoint_e33 window_influence: 0.07321474441594489, penalty_k: 0.01762461968084838, scale_lr: 0.21029016027618674, EAO: 0.254
Trial 2833 finished with value: 0.25405491824743814 and parameters: {'window_influence': 0.07321474441594489, 'penalty_k': 0.017624619680848382, 'scale_lr': 0.21029016027618674}. Best is trial 1674 with value: 0.38142600678748195.
checkpoint_e33 window_influence: 0.52349977058204167, penalty_k: 0.36331945183134901, scale_lr: 0.60427384857686051, EAO: 0.301
Trial 2834 finished with value: 0.30136160807618834 and parameters: {'window_influence': 0.5234997705820417, 'penalty_k': 0.363319451831349, 'scale_lr': 0.6042738485768605}. Best is trial 1674 with value: 0.38142600678748195.
checkpoint_e33 window_influence: 0.59661363299955239, penalty_k: 0.57055753697364309, scale_lr: 0.49312041562929515, EAO: 0.235
Trial 2835 finished with value: 0.23504156053993952 and parameters: {'window_influence': 0.5966136329995524, 'penalty_k': 0.5705575369736431, 'scale_lr': 0.49312041562929515}. Best is trial 1674 with value: 0.38142600678748195.
checkpoint_e33 window_influence: 0.09187780489122610, penalty_k: 0.48534053258877508, scale_lr: 0.18459143646385354, EAO: 0.245
Trial 2836 finished with value: 0.24509692302241864 and parameters: {'window_influence': 0.0918778048912261, 'penalty_k': 0.4853405325887751, 'scale_lr': 0.18459143646385354}. Best is trial 1674 with value: 0.38142600678748195.
checkpoint_e33 window_influence: 0.32155194541475540, penalty_k: 0.38024537020346338, scale_lr: 0.51801998231680524, EAO: 0.307
Trial 2837 finished with value: 0.3067080408682619 and parameters: {'window_influence': 0.3215519454147554, 'penalty_k': 0.3802453702034634, 'scale_lr': 0.5180199823168052}. Best is trial 1674 with value: 0.38142600678748195.
checkpoint_e33 window_influence: 0.44797521067893736, penalty_k: 0.15365666792751759, scale_lr: 0.18008853479238573, EAO: 0.339
Trial 2838 finished with value: 0.3393381777208603 and parameters: {'window_influence': 0.44797521067893736, 'penalty_k': 0.1536566679275176, 'scale_lr': 0.18008853479238573}. Best is trial 1674 with value: 0.38142600678748195.
checkpoint_e33 window_influence: 0.47761279416309138, penalty_k: 0.04021169673384739, scale_lr: 0.46353546857767225, EAO: 0.335
Trial 2839 finished with value: 0.33519135583699444 and parameters: {'window_influence': 0.4776127941630914, 'penalty_k': 0.04021169673384739, 'scale_lr': 0.46353546857767225}. Best is trial 1674 with value: 0.38142600678748195.
checkpoint_e33 window_influence: 0.30842082947431126, penalty_k: 0.00008829752566385, scale_lr: 0.65283761146439079, EAO: 0.317
Trial 2840 finished with value: 0.316654178476983 and parameters: {'window_influence': 0.30842082947431126, 'penalty_k': 8.829752566385379e-05, 'scale_lr': 0.6528376114643908}. Best is trial 1674 with value: 0.38142600678748195.
checkpoint_e33 window_influence: 0.49183813497526463, penalty_k: 0.08618260176986255, scale_lr: 0.69344648641295514, EAO: 0.321
Trial 2841 finished with value: 0.3212698322325829 and parameters: {'window_influence': 0.49183813497526463, 'penalty_k': 0.08618260176986255, 'scale_lr': 0.6934464864129551}. Best is trial 1674 with value: 0.38142600678748195.
checkpoint_e33 window_influence: 0.46849142599983806, penalty_k: 0.24005411301461788, scale_lr: 0.58713467065750269, EAO: 0.332
Trial 2842 finished with value: 0.3318807701888251 and parameters: {'window_influence': 0.46849142599983806, 'penalty_k': 0.24005411301461788, 'scale_lr': 0.5871346706575027}. Best is trial 1674 with value: 0.38142600678748195.
checkpoint_e33 window_influence: 0.50742822741398130, penalty_k: 0.11376139782341481, scale_lr: 0.27463158275971528, EAO: 0.321
Trial 2843 finished with value: 0.3206482699525032 and parameters: {'window_influence': 0.5074282274139813, 'penalty_k': 0.11376139782341481, 'scale_lr': 0.2746315827597153}. Best is trial 1674 with value: 0.38142600678748195.
checkpoint_e33 window_influence: 0.43129536799018220, penalty_k: 0.05804233615909554, scale_lr: 0.26559939946374239, EAO: 0.320
Trial 2844 finished with value: 0.31976760448416847 and parameters: {'window_influence': 0.4312953679901822, 'penalty_k': 0.05804233615909554, 'scale_lr': 0.2655993994637424}. Best is trial 1674 with value: 0.38142600678748195.
checkpoint_e33 window_influence: 0.48574258366258921, penalty_k: 0.19775855587409255, scale_lr: 0.41719559465228673, EAO: 0.343
Trial 2845 finished with value: 0.3434849742089728 and parameters: {'window_influence': 0.4857425836625892, 'penalty_k': 0.19775855587409255, 'scale_lr': 0.4171955946522867}. Best is trial 1674 with value: 0.38142600678748195.
checkpoint_e33 window_influence: 0.22879947162800385, penalty_k: 0.22120032344914875, scale_lr: 0.76078410479423220, EAO: 0.296
Trial 2846 finished with value: 0.29635935598542257 and parameters: {'window_influence': 0.22879947162800385, 'penalty_k': 0.22120032344914875, 'scale_lr': 0.7607841047942322}. Best is trial 1674 with value: 0.38142600678748195.
checkpoint_e33 window_influence: 0.45770917584077553, penalty_k: 0.02745382629020632, scale_lr: 0.48493166857694625, EAO: 0.351
Trial 2847 finished with value: 0.35135131378582013 and parameters: {'window_influence': 0.45770917584077553, 'penalty_k': 0.027453826290206325, 'scale_lr': 0.48493166857694625}. Best is trial 1674 with value: 0.38142600678748195.
checkpoint_e33 window_influence: 0.61502317927107986, penalty_k: 0.14187408305414434, scale_lr: 0.43671006758490521, EAO: 0.265
Trial 2848 finished with value: 0.26504080675919234 and parameters: {'window_influence': 0.6150231792710799, 'penalty_k': 0.14187408305414434, 'scale_lr': 0.4367100675849052}. Best is trial 1674 with value: 0.38142600678748195.
checkpoint_e33 window_influence: 0.51884021839138084, penalty_k: 0.53060824506812387, scale_lr: 0.30004028178483222, EAO: 0.294
Trial 2849 finished with value: 0.29412672677392626 and parameters: {'window_influence': 0.5188402183913808, 'penalty_k': 0.5306082450681239, 'scale_lr': 0.3000402817848322}. Best is trial 1674 with value: 0.38142600678748195.
checkpoint_e33 window_influence: 0.49917476820920031, penalty_k: 0.04760360722776076, scale_lr: 0.62687486775713630, EAO: 0.326
Trial 2850 finished with value: 0.32620989006549006 and parameters: {'window_influence': 0.4991747682092003, 'penalty_k': 0.04760360722776076, 'scale_lr': 0.6268748677571363}. Best is trial 1674 with value: 0.38142600678748195.
checkpoint_e33 window_influence: 0.47519956191256357, penalty_k: 0.27369528344936500, scale_lr: 0.74057998238699418, EAO: 0.337
Trial 2851 finished with value: 0.33738579940239277 and parameters: {'window_influence': 0.4751995619125636, 'penalty_k': 0.273695283449365, 'scale_lr': 0.7405799823869942}. Best is trial 1674 with value: 0.38142600678748195.
checkpoint_e33 window_influence: 0.05057429861512225, penalty_k: 0.25969837469966123, scale_lr: 0.51188954848651902, EAO: 0.242
Trial 2852 finished with value: 0.24218877054142118 and parameters: {'window_influence': 0.05057429861512225, 'penalty_k': 0.2596983746996612, 'scale_lr': 0.511889548486519}. Best is trial 1674 with value: 0.38142600678748195.
checkpoint_e33 window_influence: 0.52978118586762024, penalty_k: 0.41356206269211759, scale_lr: 0.22688215190030636, EAO: 0.286
Trial 2853 finished with value: 0.2859920458107143 and parameters: {'window_influence': 0.5297811858676202, 'penalty_k': 0.4135620626921176, 'scale_lr': 0.22688215190030636}. Best is trial 1674 with value: 0.38142600678748195.
checkpoint_e33 window_influence: 0.44862393234377634, penalty_k: 0.57885092564065321, scale_lr: 0.77855645502881810, EAO: 0.324
Trial 2854 finished with value: 0.3242111424643706 and parameters: {'window_influence': 0.44862393234377634, 'penalty_k': 0.5788509256406532, 'scale_lr': 0.7785564550288181}. Best is trial 1674 with value: 0.38142600678748195.
checkpoint_e33 window_influence: 0.26843118605165173, penalty_k: 0.07327222285350241, scale_lr: 0.50339251273382624, EAO: 0.297
Trial 2855 finished with value: 0.297457168248377 and parameters: {'window_influence': 0.2684311860516517, 'penalty_k': 0.0732722228535024, 'scale_lr': 0.5033925127338262}. Best is trial 1674 with value: 0.38142600678748195.
checkpoint_e33 window_influence: 0.48609210655158547, penalty_k: 0.15856287544129385, scale_lr: 0.47243512561318718, EAO: 0.336
Trial 2856 finished with value: 0.33613558502048835 and parameters: {'window_influence': 0.48609210655158547, 'penalty_k': 0.15856287544129385, 'scale_lr': 0.4724351256131872}. Best is trial 1674 with value: 0.38142600678748195.
checkpoint_e33 window_influence: 0.23399720261578616, penalty_k: 0.48933614082885774, scale_lr: 0.57791496630308714, EAO: 0.291
Trial 2857 finished with value: 0.29086140679478184 and parameters: {'window_influence': 0.23399720261578616, 'penalty_k': 0.48933614082885774, 'scale_lr': 0.5779149663030871}. Best is trial 1674 with value: 0.38142600678748195.
checkpoint_e33 window_influence: 0.34786521003843518, penalty_k: 0.28856790697645190, scale_lr: 0.34131145457209672, EAO: 0.299
Trial 2858 finished with value: 0.29856705729367666 and parameters: {'window_influence': 0.3478652100384352, 'penalty_k': 0.2885679069764519, 'scale_lr': 0.3413114545720967}. Best is trial 1674 with value: 0.38142600678748195.
checkpoint_e33 window_influence: 0.41567843677526567, penalty_k: 0.01166454832891217, scale_lr: 0.59870226665302517, EAO: 0.327
Trial 2859 finished with value: 0.32701833459189894 and parameters: {'window_influence': 0.41567843677526567, 'penalty_k': 0.011664548328912165, 'scale_lr': 0.5987022666530252}. Best is trial 1674 with value: 0.38142600678748195.
checkpoint_e33 window_influence: 0.27291876227112133, penalty_k: 0.18558519517383737, scale_lr: 0.64128321570579017, EAO: 0.307
Trial 2860 finished with value: 0.30674715351733717 and parameters: {'window_influence': 0.27291876227112133, 'penalty_k': 0.18558519517383737, 'scale_lr': 0.6412832157057902}. Best is trial 1674 with value: 0.38142600678748195.
checkpoint_e33 window_influence: 0.50589055984268294, penalty_k: 0.20980233469497858, scale_lr: 0.13387340834481709, EAO: 0.318
Trial 2861 finished with value: 0.31800147172078086 and parameters: {'window_influence': 0.5058905598426829, 'penalty_k': 0.20980233469497858, 'scale_lr': 0.1338734083448171}. Best is trial 1674 with value: 0.38142600678748195.
checkpoint_e33 window_influence: 0.29125267524424187, penalty_k: 0.59681988909641881, scale_lr: 0.21452343837335228, EAO: 0.281
Trial 2862 finished with value: 0.28147051190587796 and parameters: {'window_influence': 0.29125267524424187, 'penalty_k': 0.5968198890964188, 'scale_lr': 0.21452343837335228}. Best is trial 1674 with value: 0.38142600678748195.
checkpoint_e33 window_influence: 0.56240727407877456, penalty_k: 0.44501477177405196, scale_lr: 0.70312694002346965, EAO: 0.263
Trial 2863 finished with value: 0.2633038821271421 and parameters: {'window_influence': 0.5624072740787746, 'penalty_k': 0.44501477177405196, 'scale_lr': 0.7031269400234696}. Best is trial 1674 with value: 0.38142600678748195.
checkpoint_e33 window_influence: 0.46598206108179802, penalty_k: 0.06135447926608611, scale_lr: 0.39416515652137141, EAO: 0.334
Trial 2864 finished with value: 0.3337546833990149 and parameters: {'window_influence': 0.465982061081798, 'penalty_k': 0.061354479266086115, 'scale_lr': 0.3941651565213714}. Best is trial 1674 with value: 0.38142600678748195.
checkpoint_e33 window_influence: 0.33302553722943862, penalty_k: 0.12610910767951403, scale_lr: 0.45155324875388647, EAO: 0.303
Trial 2865 finished with value: 0.3032257432835575 and parameters: {'window_influence': 0.3330255372294386, 'penalty_k': 0.12610910767951403, 'scale_lr': 0.45155324875388647}. Best is trial 1674 with value: 0.38142600678748195.
checkpoint_e33 window_influence: 0.62875126206747223, penalty_k: 0.34932240027187256, scale_lr: 0.28916698206279023, EAO: 0.236
Trial 2866 finished with value: 0.2356438603730517 and parameters: {'window_influence': 0.6287512620674722, 'penalty_k': 0.34932240027187256, 'scale_lr': 0.28916698206279023}. Best is trial 1674 with value: 0.38142600678748195.
checkpoint_e33 window_influence: 0.49215366218522399, penalty_k: 0.09176427035748584, scale_lr: 0.68667214019621925, EAO: 0.325
Trial 2867 finished with value: 0.3252204273925217 and parameters: {'window_influence': 0.492153662185224, 'penalty_k': 0.09176427035748584, 'scale_lr': 0.6866721401962192}. Best is trial 1674 with value: 0.38142600678748195.
checkpoint_e33 window_influence: 0.51374302591866172, penalty_k: 0.03322705475688227, scale_lr: 0.48690665315470189, EAO: 0.339
Trial 2868 finished with value: 0.33862198883457406 and parameters: {'window_influence': 0.5137430259186617, 'penalty_k': 0.03322705475688227, 'scale_lr': 0.4869066531547019}. Best is trial 1674 with value: 0.38142600678748195.
checkpoint_e33 window_influence: 0.63718297348906572, penalty_k: 0.50122675089688429, scale_lr: 0.52619343772005123, EAO: 0.222
