Trial 248 finished with value: 0.3352626576034012 and parameters: {'window_influence': 0.4741253040162918, 'penalty_k': 0.08471499013190424, 'scale_lr': 0.3235407190129636}. Best is trial 97 with value: 0.3587390516054769.
checkpoint_e22 window_influence: 0.45992959711829789, penalty_k: 0.44401745836296796, scale_lr: 0.29945809874324136, EAO: 0.310
Trial 249 finished with value: 0.3097691161971148 and parameters: {'window_influence': 0.4599295971182979, 'penalty_k': 0.44401745836296796, 'scale_lr': 0.29945809874324136}. Best is trial 97 with value: 0.3587390516054769.
checkpoint_e22 window_influence: 0.39812139234257132, penalty_k: 0.03898057695298414, scale_lr: 0.33281474773236275, EAO: 0.302
Trial 250 finished with value: 0.30208948016862464 and parameters: {'window_influence': 0.3981213923425713, 'penalty_k': 0.03898057695298414, 'scale_lr': 0.33281474773236275}. Best is trial 97 with value: 0.3587390516054769.
checkpoint_e22 window_influence: 0.44597485560436900, penalty_k: 0.11443458856499542, scale_lr: 0.35608839367047346, EAO: 0.313
Trial 251 finished with value: 0.31277059192555423 and parameters: {'window_influence': 0.445974855604369, 'penalty_k': 0.11443458856499542, 'scale_lr': 0.35608839367047346}. Best is trial 97 with value: 0.3587390516054769.
checkpoint_e22 window_influence: 0.62779886711559696, penalty_k: 0.07457975539983139, scale_lr: 0.43257083687022568, EAO: 0.252
Trial 252 finished with value: 0.2517188953286479 and parameters: {'window_influence': 0.627798867115597, 'penalty_k': 0.07457975539983139, 'scale_lr': 0.4325708368702257}. Best is trial 97 with value: 0.3587390516054769.
checkpoint_e22 window_influence: 0.48299531661619505, penalty_k: 0.09610956545648104, scale_lr: 0.31284458048446695, EAO: 0.335
Trial 253 finished with value: 0.3352086804952139 and parameters: {'window_influence': 0.48299531661619505, 'penalty_k': 0.09610956545648104, 'scale_lr': 0.31284458048446695}. Best is trial 97 with value: 0.3587390516054769.
checkpoint_e22 window_influence: 0.46921555699431622, penalty_k: 0.16503792420751223, scale_lr: 0.60068925036096388, EAO: 0.315
Trial 254 finished with value: 0.3145118445042042 and parameters: {'window_influence': 0.4692155569943162, 'penalty_k': 0.16503792420751223, 'scale_lr': 0.6006892503609639}. Best is trial 97 with value: 0.3587390516054769.
checkpoint_e22 window_influence: 0.42798867867529533, penalty_k: 0.06305298947310159, scale_lr: 0.34174127208870575, EAO: 0.320
Trial 255 finished with value: 0.31980201004776043 and parameters: {'window_influence': 0.42798867867529533, 'penalty_k': 0.06305298947310159, 'scale_lr': 0.34174127208870575}. Best is trial 97 with value: 0.3587390516054769.
checkpoint_e22 window_influence: 0.49534385406070947, penalty_k: 0.17827939922103342, scale_lr: 0.29599028420994061, EAO: 0.316
Trial 256 finished with value: 0.3155569433586143 and parameters: {'window_influence': 0.49534385406070947, 'penalty_k': 0.17827939922103342, 'scale_lr': 0.2959902842099406}. Best is trial 97 with value: 0.3587390516054769.
checkpoint_e22 window_influence: 0.45529680554608470, penalty_k: 0.10510937129203780, scale_lr: 0.36805842880279377, EAO: 0.341
Trial 257 finished with value: 0.34064759203895983 and parameters: {'window_influence': 0.4552968055460847, 'penalty_k': 0.1051093712920378, 'scale_lr': 0.36805842880279377}. Best is trial 97 with value: 0.3587390516054769.
checkpoint_e22 window_influence: 0.44748131288850990, penalty_k: 0.10799949221645544, scale_lr: 0.36673502734012609, EAO: 0.338
Trial 258 finished with value: 0.3382792407900443 and parameters: {'window_influence': 0.4474813128885099, 'penalty_k': 0.10799949221645544, 'scale_lr': 0.3667350273401261}. Best is trial 97 with value: 0.3587390516054769.
checkpoint_e22 window_influence: 0.44121929072506694, penalty_k: 0.10384218846317871, scale_lr: 0.36678558228839103, EAO: 0.318
Trial 259 finished with value: 0.3178565377507228 and parameters: {'window_influence': 0.44121929072506694, 'penalty_k': 0.1038421884631787, 'scale_lr': 0.36678558228839103}. Best is trial 97 with value: 0.3587390516054769.
checkpoint_e22 window_influence: 0.42698235251753852, penalty_k: 0.08820202866132439, scale_lr: 0.34742884484678349, EAO: 0.333
Trial 260 finished with value: 0.3332459983426773 and parameters: {'window_influence': 0.4269823525175385, 'penalty_k': 0.08820202866132439, 'scale_lr': 0.3474288448467835}. Best is trial 97 with value: 0.3587390516054769.
checkpoint_e22 window_influence: 0.44807719177044941, penalty_k: 0.10713101698227827, scale_lr: 0.36405212900300921, EAO: 0.351
Trial 261 finished with value: 0.35069822870803713 and parameters: {'window_influence': 0.4480771917704494, 'penalty_k': 0.10713101698227827, 'scale_lr': 0.3640521290030092}. Best is trial 97 with value: 0.3587390516054769.
checkpoint_e22 window_influence: 0.46537352428765660, penalty_k: 0.13433168789375924, scale_lr: 0.35420645551161378, EAO: 0.346
Trial 262 finished with value: 0.3460759238742205 and parameters: {'window_influence': 0.4653735242876566, 'penalty_k': 0.13433168789375924, 'scale_lr': 0.3542064555116138}. Best is trial 97 with value: 0.3587390516054769.
checkpoint_e22 window_influence: 0.45634028558869283, penalty_k: 0.13347710155534875, scale_lr: 0.35734457958897453, EAO: 0.327
Trial 263 finished with value: 0.32691100344119833 and parameters: {'window_influence': 0.45634028558869283, 'penalty_k': 0.13347710155534875, 'scale_lr': 0.35734457958897453}. Best is trial 97 with value: 0.3587390516054769.
checkpoint_e22 window_influence: 0.46593442524013740, penalty_k: 0.09773122676771853, scale_lr: 0.33615555907208922, EAO: 0.339
Trial 264 finished with value: 0.3393996868152099 and parameters: {'window_influence': 0.4659344252401374, 'penalty_k': 0.09773122676771853, 'scale_lr': 0.3361555590720892}. Best is trial 97 with value: 0.3587390516054769.
checkpoint_e22 window_influence: 0.43583800584967042, penalty_k: 0.09509811291071045, scale_lr: 0.36931740108146788, EAO: 0.326
Trial 265 finished with value: 0.32571781615106976 and parameters: {'window_influence': 0.4358380058496704, 'penalty_k': 0.09509811291071045, 'scale_lr': 0.3693174010814679}. Best is trial 97 with value: 0.3587390516054769.
checkpoint_e22 window_influence: 0.41953617991050635, penalty_k: 0.07815541386526989, scale_lr: 0.35006135501759661, EAO: 0.317
Trial 266 finished with value: 0.3167210191140379 and parameters: {'window_influence': 0.41953617991050635, 'penalty_k': 0.07815541386526989, 'scale_lr': 0.3500613550175966}. Best is trial 97 with value: 0.3587390516054769.
checkpoint_e22 window_influence: 0.38828980310453715, penalty_k: 0.21903777478934006, scale_lr: 0.32520840511197080, EAO: 0.305
Trial 267 finished with value: 0.30537028512138337 and parameters: {'window_influence': 0.38828980310453715, 'penalty_k': 0.21903777478934006, 'scale_lr': 0.3252084051119708}. Best is trial 97 with value: 0.3587390516054769.
checkpoint_e22 window_influence: 0.45150006946979243, penalty_k: 0.09805632383847254, scale_lr: 0.38608299315299904, EAO: 0.335
Trial 268 finished with value: 0.33528540454486 and parameters: {'window_influence': 0.45150006946979243, 'penalty_k': 0.09805632383847254, 'scale_lr': 0.38608299315299904}. Best is trial 97 with value: 0.3587390516054769.
checkpoint_e22 window_influence: 0.46299693775672535, penalty_k: 0.08484005520717651, scale_lr: 0.35858226370623830, EAO: 0.302
Trial 269 finished with value: 0.3021015352660116 and parameters: {'window_influence': 0.46299693775672535, 'penalty_k': 0.08484005520717651, 'scale_lr': 0.3585822637062383}. Best is trial 97 with value: 0.3587390516054769.
checkpoint_e22 window_influence: 0.47813560866877713, penalty_k: 0.13093754738096028, scale_lr: 0.33070954694628674, EAO: 0.323
Trial 270 finished with value: 0.32323398745477433 and parameters: {'window_influence': 0.47813560866877713, 'penalty_k': 0.13093754738096028, 'scale_lr': 0.33070954694628674}. Best is trial 97 with value: 0.3587390516054769.
checkpoint_e22 window_influence: 0.45018372831786646, penalty_k: 0.15091516666841776, scale_lr: 0.34257390376938873, EAO: 0.313
Trial 271 finished with value: 0.3134874866166467 and parameters: {'window_influence': 0.45018372831786646, 'penalty_k': 0.15091516666841776, 'scale_lr': 0.34257390376938873}. Best is trial 97 with value: 0.3587390516054769.
checkpoint_e22 window_influence: 0.46609178655445255, penalty_k: 0.11989655885192060, scale_lr: 0.37279159751911323, EAO: 0.319
Trial 272 finished with value: 0.31892539073752985 and parameters: {'window_influence': 0.46609178655445255, 'penalty_k': 0.1198965588519206, 'scale_lr': 0.3727915975191132}. Best is trial 97 with value: 0.3587390516054769.
checkpoint_e22 window_influence: 0.44007597137587967, penalty_k: 0.10731625331671707, scale_lr: 0.31721641454409411, EAO: 0.327
Trial 273 finished with value: 0.32679089729887967 and parameters: {'window_influence': 0.44007597137587967, 'penalty_k': 0.10731625331671707, 'scale_lr': 0.3172164145440941}. Best is trial 97 with value: 0.3587390516054769.
checkpoint_e22 window_influence: 0.47429429874148432, penalty_k: 0.07955598754711786, scale_lr: 0.35181248419905209, EAO: 0.326
Trial 274 finished with value: 0.32617287424751756 and parameters: {'window_influence': 0.4742942987414843, 'penalty_k': 0.07955598754711786, 'scale_lr': 0.3518124841990521}. Best is trial 97 with value: 0.3587390516054769.
checkpoint_e22 window_influence: 0.45744257093567092, penalty_k: 0.09520083361815249, scale_lr: 0.38506147784789713, EAO: 0.334
Trial 275 finished with value: 0.3342438079271799 and parameters: {'window_influence': 0.4574425709356709, 'penalty_k': 0.09520083361815249, 'scale_lr': 0.3850614778478971}. Best is trial 97 with value: 0.3587390516054769.
checkpoint_e22 window_influence: 0.47641457754001421, penalty_k: 0.14367182721145011, scale_lr: 0.33589120450020049, EAO: 0.322
Trial 276 finished with value: 0.3224265121996171 and parameters: {'window_influence': 0.4764145775400142, 'penalty_k': 0.1436718272114501, 'scale_lr': 0.3358912045002005}. Best is trial 97 with value: 0.3587390516054769.
checkpoint_e22 window_influence: 0.43497254057117118, penalty_k: 0.12462529297205499, scale_lr: 0.36142544282784905, EAO: 0.320
Trial 277 finished with value: 0.319722406711096 and parameters: {'window_influence': 0.4349725405711712, 'penalty_k': 0.12462529297205499, 'scale_lr': 0.36142544282784905}. Best is trial 97 with value: 0.3587390516054769.
checkpoint_e22 window_influence: 0.34880673977427029, penalty_k: 0.07051617369595926, scale_lr: 0.31512946216046578, EAO: 0.307
Trial 278 finished with value: 0.3073372685491807 and parameters: {'window_influence': 0.3488067397742703, 'penalty_k': 0.07051617369595926, 'scale_lr': 0.3151294621604658}. Best is trial 97 with value: 0.3587390516054769.
checkpoint_e22 window_influence: 0.48263995352751293, penalty_k: 0.10394969016783008, scale_lr: 0.15033122790336778, EAO: 0.339
Trial 279 finished with value: 0.33879944438600357 and parameters: {'window_influence': 0.48263995352751293, 'penalty_k': 0.10394969016783008, 'scale_lr': 0.15033122790336778}. Best is trial 97 with value: 0.3587390516054769.
checkpoint_e22 window_influence: 0.08605485915875910, penalty_k: 0.41154477628713027, scale_lr: 0.19617121591711123, EAO: 0.217
Trial 280 finished with value: 0.2170937717656681 and parameters: {'window_influence': 0.0860548591587591, 'penalty_k': 0.41154477628713027, 'scale_lr': 0.19617121591711123}. Best is trial 97 with value: 0.3587390516054769.
checkpoint_e22 window_influence: 0.48512352588469093, penalty_k: 0.08629045766015231, scale_lr: 0.18154863340687696, EAO: 0.328
Trial 281 finished with value: 0.3280045404624382 and parameters: {'window_influence': 0.48512352588469093, 'penalty_k': 0.08629045766015231, 'scale_lr': 0.18154863340687696}. Best is trial 97 with value: 0.3587390516054769.
checkpoint_e22 window_influence: 0.49616986090785303, penalty_k: 0.10282349840559889, scale_lr: 0.28875810497511323, EAO: 0.338
Trial 282 finished with value: 0.3375936120400633 and parameters: {'window_influence': 0.49616986090785303, 'penalty_k': 0.10282349840559889, 'scale_lr': 0.28875810497511323}. Best is trial 97 with value: 0.3587390516054769.
checkpoint_e22 window_influence: 0.48416678923020690, penalty_k: 0.02340173436781649, scale_lr: 0.42313401773510251, EAO: 0.331
Trial 283 finished with value: 0.3313467080491062 and parameters: {'window_influence': 0.4841667892302069, 'penalty_k': 0.023401734367816493, 'scale_lr': 0.4231340177351025}. Best is trial 97 with value: 0.3587390516054769.
checkpoint_e22 window_influence: 0.46453564255338659, penalty_k: 0.09330660229673432, scale_lr: 0.18626453421924788, EAO: 0.324
Trial 284 finished with value: 0.32423274856828993 and parameters: {'window_influence': 0.4645356425533866, 'penalty_k': 0.09330660229673432, 'scale_lr': 0.18626453421924788}. Best is trial 97 with value: 0.3587390516054769.
checkpoint_e22 window_influence: 0.50250978234615140, penalty_k: 0.11064530972949119, scale_lr: 0.13194018947528643, EAO: 0.319
Trial 285 finished with value: 0.31908378074605176 and parameters: {'window_influence': 0.5025097823461514, 'penalty_k': 0.11064530972949119, 'scale_lr': 0.13194018947528643}. Best is trial 97 with value: 0.3587390516054769.
checkpoint_e22 window_influence: 0.37170673728440912, penalty_k: 0.07673488893749308, scale_lr: 0.17778952706973894, EAO: 0.293
Trial 286 finished with value: 0.2926273966925617 and parameters: {'window_influence': 0.3717067372844091, 'penalty_k': 0.07673488893749308, 'scale_lr': 0.17778952706973894}. Best is trial 97 with value: 0.3587390516054769.
checkpoint_e22 window_influence: 0.46879155093454311, penalty_k: 0.10087439912685084, scale_lr: 0.45240932463951283, EAO: 0.334
Trial 287 finished with value: 0.3340406091992493 and parameters: {'window_influence': 0.4687915509345431, 'penalty_k': 0.10087439912685084, 'scale_lr': 0.45240932463951283}. Best is trial 97 with value: 0.3587390516054769.
checkpoint_e22 window_influence: 0.48293728595565499, penalty_k: 0.21097933103282021, scale_lr: 0.17382550830515625, EAO: 0.315
Trial 288 finished with value: 0.31460603828096206 and parameters: {'window_influence': 0.482937285955655, 'penalty_k': 0.2109793310328202, 'scale_lr': 0.17382550830515625}. Best is trial 97 with value: 0.3587390516054769.
checkpoint_e22 window_influence: 0.52791914918024430, penalty_k: 0.26462720760170599, scale_lr: 0.20778412293934678, EAO: 0.306
Trial 289 finished with value: 0.30627596981330607 and parameters: {'window_influence': 0.5279191491802443, 'penalty_k': 0.264627207601706, 'scale_lr': 0.20778412293934678}. Best is trial 97 with value: 0.3587390516054769.
checkpoint_e22 window_influence: 0.45334564879523109, penalty_k: 0.13068174158692192, scale_lr: 0.39083907389881634, EAO: 0.317
Trial 290 finished with value: 0.31749593504208073 and parameters: {'window_influence': 0.4533456487952311, 'penalty_k': 0.13068174158692192, 'scale_lr': 0.39083907389881634}. Best is trial 97 with value: 0.3587390516054769.
checkpoint_e22 window_influence: 0.49286247788693832, penalty_k: 0.11580447554690254, scale_lr: 0.32512244184882599, EAO: 0.314
Trial 291 finished with value: 0.31409744419708324 and parameters: {'window_influence': 0.4928624778869383, 'penalty_k': 0.11580447554690254, 'scale_lr': 0.325122441848826}. Best is trial 97 with value: 0.3587390516054769.
checkpoint_e22 window_influence: 0.47127655761395565, penalty_k: 0.33945263539803799, scale_lr: 0.31008094041865852, EAO: 0.317
Trial 292 finished with value: 0.316754273577423 and parameters: {'window_influence': 0.47127655761395565, 'penalty_k': 0.339452635398038, 'scale_lr': 0.3100809404186585}. Best is trial 97 with value: 0.3587390516054769.
checkpoint_e22 window_influence: 0.56887635381756374, penalty_k: 0.08195769520900281, scale_lr: 0.21899330488873603, EAO: 0.302
Trial 293 finished with value: 0.3022266550402697 and parameters: {'window_influence': 0.5688763538175637, 'penalty_k': 0.08195769520900281, 'scale_lr': 0.21899330488873603}. Best is trial 97 with value: 0.3587390516054769.
checkpoint_e22 window_influence: 0.53955265944440622, penalty_k: 0.09185022041294449, scale_lr: 0.37466717386104137, EAO: 0.289
Trial 294 finished with value: 0.28897692790755036 and parameters: {'window_influence': 0.5395526594444062, 'penalty_k': 0.0918502204129445, 'scale_lr': 0.37466717386104137}. Best is trial 97 with value: 0.3587390516054769.
checkpoint_e22 window_influence: 0.44967545240776646, penalty_k: 0.16042720677267291, scale_lr: 0.12541769036499809, EAO: 0.300
Trial 295 finished with value: 0.30030385285963807 and parameters: {'window_influence': 0.44967545240776646, 'penalty_k': 0.16042720677267291, 'scale_lr': 0.12541769036499809}. Best is trial 97 with value: 0.3587390516054769.
checkpoint_e22 window_influence: 0.50889323678273446, penalty_k: 0.05118962255474898, scale_lr: 0.12501245910815811, EAO: 0.315
Trial 296 finished with value: 0.3147249577806154 and parameters: {'window_influence': 0.5088932367827345, 'penalty_k': 0.05118962255474898, 'scale_lr': 0.1250124591081581}. Best is trial 97 with value: 0.3587390516054769.
checkpoint_e22 window_influence: 0.46483837277628498, penalty_k: 0.46502729239654161, scale_lr: 0.24886133912749347, EAO: 0.301
Trial 297 finished with value: 0.30071089286284686 and parameters: {'window_influence': 0.464838372776285, 'penalty_k': 0.4650272923965416, 'scale_lr': 0.24886133912749347}. Best is trial 97 with value: 0.3587390516054769.
checkpoint_e22 window_influence: 0.55489018428131276, penalty_k: 0.06407804161121451, scale_lr: 0.10022295293102643, EAO: 0.286
Trial 298 finished with value: 0.28630857169628143 and parameters: {'window_influence': 0.5548901842813128, 'penalty_k': 0.06407804161121451, 'scale_lr': 0.10022295293102643}. Best is trial 97 with value: 0.3587390516054769.
checkpoint_e22 window_influence: 0.48014530110539788, penalty_k: 0.10645467209497152, scale_lr: 0.28389826657567424, EAO: 0.338
Trial 299 finished with value: 0.3381793780781416 and parameters: {'window_influence': 0.4801453011053979, 'penalty_k': 0.10645467209497152, 'scale_lr': 0.28389826657567424}. Best is trial 97 with value: 0.3587390516054769.
checkpoint_e22 window_influence: 0.46061654512414524, penalty_k: 0.12048591744396098, scale_lr: 0.14762041566877832, EAO: 0.315
Trial 300 finished with value: 0.3151101282714406 and parameters: {'window_influence': 0.46061654512414524, 'penalty_k': 0.12048591744396098, 'scale_lr': 0.14762041566877832}. Best is trial 97 with value: 0.3587390516054769.
checkpoint_e22 window_influence: 0.49703829227063051, penalty_k: 0.22676852399681424, scale_lr: 0.35049042439182715, EAO: 0.328
Trial 301 finished with value: 0.32849423291618257 and parameters: {'window_influence': 0.4970382922706305, 'penalty_k': 0.22676852399681424, 'scale_lr': 0.35049042439182715}. Best is trial 97 with value: 0.3587390516054769.
checkpoint_e22 window_influence: 0.44041491968112439, penalty_k: 0.09395387078857906, scale_lr: 0.14928523787692605, EAO: 0.304
Trial 302 finished with value: 0.3044066343905861 and parameters: {'window_influence': 0.4404149196811244, 'penalty_k': 0.09395387078857906, 'scale_lr': 0.14928523787692605}. Best is trial 97 with value: 0.3587390516054769.
checkpoint_e22 window_influence: 0.59855668826547448, penalty_k: 0.13499247490098826, scale_lr: 0.33470825668291959, EAO: 0.252
Trial 303 finished with value: 0.25164086154230836 and parameters: {'window_influence': 0.5985566882654745, 'penalty_k': 0.13499247490098826, 'scale_lr': 0.3347082566829196}. Best is trial 97 with value: 0.3587390516054769.
checkpoint_e22 window_influence: 0.40913468857190738, penalty_k: 0.24725193793447039, scale_lr: 0.36437445342690866, EAO: 0.315
Trial 304 finished with value: 0.3145901356109849 and parameters: {'window_influence': 0.4091346885719074, 'penalty_k': 0.2472519379344704, 'scale_lr': 0.36437445342690866}. Best is trial 97 with value: 0.3587390516054769.
checkpoint_e22 window_influence: 0.47729263865742477, penalty_k: 0.11035693316025651, scale_lr: 0.10694102880770337, EAO: 0.344
Trial 305 finished with value: 0.34401883921270704 and parameters: {'window_influence': 0.4772926386574248, 'penalty_k': 0.1103569331602565, 'scale_lr': 0.10694102880770337}. Best is trial 97 with value: 0.3587390516054769.
checkpoint_e22 window_influence: 0.44693262398930805, penalty_k: 0.11440276825006004, scale_lr: 0.41295992365730572, EAO: 0.326
Trial 306 finished with value: 0.32564649223585534 and parameters: {'window_influence': 0.44693262398930805, 'penalty_k': 0.11440276825006004, 'scale_lr': 0.4129599236573057}. Best is trial 97 with value: 0.3587390516054769.
checkpoint_e22 window_influence: 0.47147777315633277, penalty_k: 0.23355845551424548, scale_lr: 0.48485423684584983, EAO: 0.301
Trial 307 finished with value: 0.30136124807109166 and parameters: {'window_influence': 0.47147777315633277, 'penalty_k': 0.23355845551424548, 'scale_lr': 0.48485423684584983}. Best is trial 97 with value: 0.3587390516054769.
checkpoint_e22 window_influence: 0.45896157327349008, penalty_k: 0.14319592776387391, scale_lr: 0.30801657466446836, EAO: 0.310
Trial 308 finished with value: 0.3097885357150772 and parameters: {'window_influence': 0.4589615732734901, 'penalty_k': 0.1431959277638739, 'scale_lr': 0.30801657466446836}. Best is trial 97 with value: 0.3587390516054769.
checkpoint_e22 window_influence: 0.47452407995798118, penalty_k: 0.07053423880299284, scale_lr: 0.37926123647140458, EAO: 0.340
Trial 309 finished with value: 0.3395141344589946 and parameters: {'window_influence': 0.4745240799579812, 'penalty_k': 0.07053423880299284, 'scale_lr': 0.3792612364714046}. Best is trial 97 with value: 0.3587390516054769.
checkpoint_e22 window_influence: 0.42991202561392128, penalty_k: 0.07134532096058527, scale_lr: 0.39976239475399172, EAO: 0.322
