Trial 186 finished with value: 0.3137069099260211 and parameters: {'window_influence': 0.395604595745022, 'penalty_k': 0.022831620718193203, 'scale_lr': 0.760823443798816}. Best is trial 65 with value: 0.3505306407403389.
checkpoint_e17 window_influence: 0.47807497227370194, penalty_k: 0.10013424949324967, scale_lr: 0.77669844797074150, EAO: 0.317
Trial 187 finished with value: 0.3166498135383955 and parameters: {'window_influence': 0.47807497227370194, 'penalty_k': 0.10013424949324967, 'scale_lr': 0.7766984479707415}. Best is trial 65 with value: 0.3505306407403389.
checkpoint_e17 window_influence: 0.40808673452384386, penalty_k: 0.16397554559489702, scale_lr: 0.48275002584376531, EAO: 0.320
Trial 188 finished with value: 0.3203271410576564 and parameters: {'window_influence': 0.40808673452384386, 'penalty_k': 0.16397554559489702, 'scale_lr': 0.4827500258437653}. Best is trial 65 with value: 0.3505306407403389.
checkpoint_e17 window_influence: 0.37880129210468122, penalty_k: 0.35990128513209990, scale_lr: 0.72236806110288343, EAO: 0.326
Trial 189 finished with value: 0.32554874630057856 and parameters: {'window_influence': 0.3788012921046812, 'penalty_k': 0.3599012851320999, 'scale_lr': 0.7223680611028834}. Best is trial 65 with value: 0.3505306407403389.
checkpoint_e17 window_influence: 0.43678599076415620, penalty_k: 0.06627052974071440, scale_lr: 0.74076396458180327, EAO: 0.317
Trial 190 finished with value: 0.3167204560008958 and parameters: {'window_influence': 0.4367859907641562, 'penalty_k': 0.0662705297407144, 'scale_lr': 0.7407639645818033}. Best is trial 65 with value: 0.3505306407403389.
checkpoint_e17 window_influence: 0.34413640178318800, penalty_k: 0.11396356593869847, scale_lr: 0.61224377774170513, EAO: 0.307
Trial 191 finished with value: 0.3071092689547557 and parameters: {'window_influence': 0.344136401783188, 'penalty_k': 0.11396356593869847, 'scale_lr': 0.6122437777417051}. Best is trial 65 with value: 0.3505306407403389.
checkpoint_e17 window_influence: 0.35628223642318435, penalty_k: 0.13223907831922857, scale_lr: 0.63182329362925738, EAO: 0.339
Trial 192 finished with value: 0.3385199177357937 and parameters: {'window_influence': 0.35628223642318435, 'penalty_k': 0.13223907831922857, 'scale_lr': 0.6318232936292574}. Best is trial 65 with value: 0.3505306407403389.
checkpoint_e17 window_influence: 0.35896738552136875, penalty_k: 0.13381086600535028, scale_lr: 0.62826323017437791, EAO: 0.337
Trial 193 finished with value: 0.3371889683986916 and parameters: {'window_influence': 0.35896738552136875, 'penalty_k': 0.13381086600535028, 'scale_lr': 0.6282632301743779}. Best is trial 65 with value: 0.3505306407403389.
checkpoint_e17 window_influence: 0.36516166775929970, penalty_k: 0.12412011109237867, scale_lr: 0.63910060048909711, EAO: 0.323
Trial 194 finished with value: 0.3231573554792293 and parameters: {'window_influence': 0.3651616677592997, 'penalty_k': 0.12412011109237867, 'scale_lr': 0.6391006004890971}. Best is trial 65 with value: 0.3505306407403389.
checkpoint_e17 window_influence: 0.35103992456148386, penalty_k: 0.16084795795646109, scale_lr: 0.62700817893702598, EAO: 0.331
Trial 195 finished with value: 0.3308657982933846 and parameters: {'window_influence': 0.35103992456148386, 'penalty_k': 0.1608479579564611, 'scale_lr': 0.627008178937026}. Best is trial 65 with value: 0.3505306407403389.
checkpoint_e17 window_influence: 0.35866992652303498, penalty_k: 0.17860792447901083, scale_lr: 0.66151003988645063, EAO: 0.349
Trial 196 finished with value: 0.349008825850394 and parameters: {'window_influence': 0.358669926523035, 'penalty_k': 0.17860792447901083, 'scale_lr': 0.6615100398864506}. Best is trial 65 with value: 0.3505306407403389.
checkpoint_e17 window_influence: 0.33869712392886386, penalty_k: 0.14069675768491915, scale_lr: 0.65691487493170753, EAO: 0.314
Trial 197 finished with value: 0.3135917462147627 and parameters: {'window_influence': 0.33869712392886386, 'penalty_k': 0.14069675768491915, 'scale_lr': 0.6569148749317075}. Best is trial 65 with value: 0.3505306407403389.
checkpoint_e17 window_influence: 0.35542700186687765, penalty_k: 0.18171122812349716, scale_lr: 0.64002341609098101, EAO: 0.315
Trial 198 finished with value: 0.31483354387580187 and parameters: {'window_influence': 0.35542700186687765, 'penalty_k': 0.18171122812349716, 'scale_lr': 0.640023416090981}. Best is trial 65 with value: 0.3505306407403389.
checkpoint_e17 window_influence: 0.37199397356467456, penalty_k: 0.14905595105603042, scale_lr: 0.66491517936242506, EAO: 0.323
Trial 199 finished with value: 0.322822522502465 and parameters: {'window_influence': 0.37199397356467456, 'penalty_k': 0.14905595105603042, 'scale_lr': 0.6649151793624251}. Best is trial 65 with value: 0.3505306407403389.
checkpoint_e17 window_influence: 0.33376075136314182, penalty_k: 0.15277114808383527, scale_lr: 0.68461752555786104, EAO: 0.311
Trial 200 finished with value: 0.3107741275070242 and parameters: {'window_influence': 0.3337607513631418, 'penalty_k': 0.15277114808383527, 'scale_lr': 0.684617525557861}. Best is trial 65 with value: 0.3505306407403389.
checkpoint_e17 window_influence: 0.35978024175107526, penalty_k: 0.13314543932353906, scale_lr: 0.61496394209243155, EAO: 0.332
Trial 201 finished with value: 0.3315817311927966 and parameters: {'window_influence': 0.35978024175107526, 'penalty_k': 0.13314543932353906, 'scale_lr': 0.6149639420924315}. Best is trial 65 with value: 0.3505306407403389.
checkpoint_e17 window_influence: 0.38230816715355442, penalty_k: 0.16876307114161151, scale_lr: 0.62706803446616377, EAO: 0.336
Trial 202 finished with value: 0.3362548627858032 and parameters: {'window_influence': 0.3823081671535544, 'penalty_k': 0.16876307114161151, 'scale_lr': 0.6270680344661638}. Best is trial 65 with value: 0.3505306407403389.
checkpoint_e17 window_influence: 0.38418643443308170, penalty_k: 0.16557894713852719, scale_lr: 0.59941842901741293, EAO: 0.331
Trial 203 finished with value: 0.3310717951346928 and parameters: {'window_influence': 0.3841864344330817, 'penalty_k': 0.1655789471385272, 'scale_lr': 0.5994184290174129}. Best is trial 65 with value: 0.3505306407403389.
checkpoint_e17 window_influence: 0.34725677150928286, penalty_k: 0.05288183316342131, scale_lr: 0.62606330616359762, EAO: 0.328
Trial 204 finished with value: 0.3276870817177954 and parameters: {'window_influence': 0.34725677150928286, 'penalty_k': 0.05288183316342131, 'scale_lr': 0.6260633061635976}. Best is trial 65 with value: 0.3505306407403389.
checkpoint_e17 window_influence: 0.37331574494179964, penalty_k: 0.18949492793224046, scale_lr: 0.64698735422644882, EAO: 0.333
Trial 205 finished with value: 0.33329581802689145 and parameters: {'window_influence': 0.37331574494179964, 'penalty_k': 0.18949492793224046, 'scale_lr': 0.6469873542264488}. Best is trial 65 with value: 0.3505306407403389.
checkpoint_e17 window_influence: 0.31530388264044318, penalty_k: 0.17625361004210974, scale_lr: 0.65367926417486588, EAO: 0.335
Trial 206 finished with value: 0.3348103805738664 and parameters: {'window_influence': 0.3153038826404432, 'penalty_k': 0.17625361004210974, 'scale_lr': 0.6536792641748659}. Best is trial 65 with value: 0.3505306407403389.
checkpoint_e17 window_influence: 0.31841299089000147, penalty_k: 0.17661259660836043, scale_lr: 0.63351230754243881, EAO: 0.301
Trial 207 finished with value: 0.30085679697387413 and parameters: {'window_influence': 0.31841299089000147, 'penalty_k': 0.17661259660836043, 'scale_lr': 0.6335123075424388}. Best is trial 65 with value: 0.3505306407403389.
checkpoint_e17 window_influence: 0.31204803965149297, penalty_k: 0.16972217145075760, scale_lr: 0.64921115695532849, EAO: 0.324
Trial 208 finished with value: 0.32394529351464507 and parameters: {'window_influence': 0.31204803965149297, 'penalty_k': 0.1697221714507576, 'scale_lr': 0.6492111569553285}. Best is trial 65 with value: 0.3505306407403389.
checkpoint_e17 window_influence: 0.29874688546203054, penalty_k: 0.21805509321370622, scale_lr: 0.67071488825020509, EAO: 0.307
Trial 209 finished with value: 0.3073593913233234 and parameters: {'window_influence': 0.29874688546203054, 'penalty_k': 0.21805509321370622, 'scale_lr': 0.6707148882502051}. Best is trial 65 with value: 0.3505306407403389.
checkpoint_e17 window_influence: 0.35738329160076349, penalty_k: 0.20611157752208542, scale_lr: 0.60832462548607225, EAO: 0.314
Trial 210 finished with value: 0.3142218076069531 and parameters: {'window_influence': 0.3573832916007635, 'penalty_k': 0.20611157752208542, 'scale_lr': 0.6083246254860722}. Best is trial 65 with value: 0.3505306407403389.
checkpoint_e17 window_influence: 0.38721172134242737, penalty_k: 0.15427410289688814, scale_lr: 0.40139623077035713, EAO: 0.315
Trial 211 finished with value: 0.31482622630401347 and parameters: {'window_influence': 0.3872117213424274, 'penalty_k': 0.15427410289688814, 'scale_lr': 0.40139623077035713}. Best is trial 65 with value: 0.3505306407403389.
checkpoint_e17 window_influence: 0.32728583984507087, penalty_k: 0.00985929186507746, scale_lr: 0.63090310516168591, EAO: 0.314
Trial 212 finished with value: 0.3142793361199041 and parameters: {'window_influence': 0.32728583984507087, 'penalty_k': 0.00985929186507746, 'scale_lr': 0.6309031051616859}. Best is trial 65 with value: 0.3505306407403389.
checkpoint_e17 window_influence: 0.37034203913373503, penalty_k: 0.19566688698522947, scale_lr: 0.65403772544861105, EAO: 0.317
Trial 213 finished with value: 0.3172101614424227 and parameters: {'window_influence': 0.37034203913373503, 'penalty_k': 0.19566688698522947, 'scale_lr': 0.654037725448611}. Best is trial 65 with value: 0.3505306407403389.
checkpoint_e17 window_influence: 0.49538046115344386, penalty_k: 0.08222281708140181, scale_lr: 0.66964784704838132, EAO: 0.335
Trial 214 finished with value: 0.3349904836035888 and parameters: {'window_influence': 0.49538046115344386, 'penalty_k': 0.0822228170814018, 'scale_lr': 0.6696478470483813}. Best is trial 65 with value: 0.3505306407403389.
checkpoint_e17 window_influence: 0.06866648986484347, penalty_k: 0.18136782819263358, scale_lr: 0.67196680631954753, EAO: 0.252
Trial 215 finished with value: 0.2524164901749169 and parameters: {'window_influence': 0.06866648986484347, 'penalty_k': 0.18136782819263358, 'scale_lr': 0.6719668063195475}. Best is trial 65 with value: 0.3505306407403389.
checkpoint_e17 window_influence: 0.53375905747287655, penalty_k: 0.08359432660844189, scale_lr: 0.65875474502867915, EAO: 0.329
Trial 216 finished with value: 0.3292717575910954 and parameters: {'window_influence': 0.5337590574728766, 'penalty_k': 0.08359432660844189, 'scale_lr': 0.6587547450286791}. Best is trial 65 with value: 0.3505306407403389.
checkpoint_e17 window_influence: 0.50137706650838443, penalty_k: 0.14043984649278984, scale_lr: 0.68364034712856647, EAO: 0.321
Trial 217 finished with value: 0.32065334487054137 and parameters: {'window_influence': 0.5013770665083844, 'penalty_k': 0.14043984649278984, 'scale_lr': 0.6836403471285665}. Best is trial 65 with value: 0.3505306407403389.
checkpoint_e17 window_influence: 0.39851604247750549, penalty_k: 0.16672711245126762, scale_lr: 0.62081734997481297, EAO: 0.335
Trial 218 finished with value: 0.3350171681044167 and parameters: {'window_influence': 0.3985160424775055, 'penalty_k': 0.16672711245126762, 'scale_lr': 0.620817349974813}. Best is trial 65 with value: 0.3505306407403389.
checkpoint_e17 window_influence: 0.39727967802614123, penalty_k: 0.16853457328917607, scale_lr: 0.78520975211277455, EAO: 0.338
Trial 219 finished with value: 0.3381407511373438 and parameters: {'window_influence': 0.3972796780261412, 'penalty_k': 0.16853457328917607, 'scale_lr': 0.7852097521127746}. Best is trial 65 with value: 0.3505306407403389.
checkpoint_e17 window_influence: 0.39874454618297295, penalty_k: 0.16667277005915979, scale_lr: 0.78979265949643473, EAO: 0.314
Trial 220 finished with value: 0.3140539856272449 and parameters: {'window_influence': 0.39874454618297295, 'penalty_k': 0.16667277005915979, 'scale_lr': 0.7897926594964347}. Best is trial 65 with value: 0.3505306407403389.
checkpoint_e17 window_influence: 0.39204162579635227, penalty_k: 0.19761049548303608, scale_lr: 0.78673819143832113, EAO: 0.317
Trial 221 finished with value: 0.3173910919214501 and parameters: {'window_influence': 0.39204162579635227, 'penalty_k': 0.19761049548303608, 'scale_lr': 0.7867381914383211}. Best is trial 65 with value: 0.3505306407403389.
checkpoint_e17 window_influence: 0.41891619036597472, penalty_k: 0.15697079112055334, scale_lr: 0.76918331504282933, EAO: 0.318
Trial 222 finished with value: 0.31823403843413994 and parameters: {'window_influence': 0.4189161903659747, 'penalty_k': 0.15697079112055334, 'scale_lr': 0.7691833150428293}. Best is trial 65 with value: 0.3505306407403389.
checkpoint_e17 window_influence: 0.40504701338931942, penalty_k: 0.17121238001925654, scale_lr: 0.64682167192420692, EAO: 0.325
Trial 223 finished with value: 0.3253050477240336 and parameters: {'window_influence': 0.4050470133893194, 'penalty_k': 0.17121238001925654, 'scale_lr': 0.6468216719242069}. Best is trial 65 with value: 0.3505306407403389.
checkpoint_e17 window_influence: 0.38378890720593989, penalty_k: 0.15447513663429213, scale_lr: 0.79994210051350434, EAO: 0.301
Trial 224 finished with value: 0.30115283787946295 and parameters: {'window_influence': 0.3837889072059399, 'penalty_k': 0.15447513663429213, 'scale_lr': 0.7999421005135043}. Best is trial 65 with value: 0.3505306407403389.
checkpoint_e17 window_influence: 0.42546360666393146, penalty_k: 0.17660125018325970, scale_lr: 0.75820721974777106, EAO: 0.332
Trial 225 finished with value: 0.33205861792490177 and parameters: {'window_influence': 0.42546360666393146, 'penalty_k': 0.1766012501832597, 'scale_lr': 0.758207219747771}. Best is trial 65 with value: 0.3505306407403389.
checkpoint_e17 window_influence: 0.39605916766817245, penalty_k: 0.18668280846240348, scale_lr: 0.66403004224161666, EAO: 0.355
Trial 226 finished with value: 0.354671357786609 and parameters: {'window_influence': 0.39605916766817245, 'penalty_k': 0.18668280846240348, 'scale_lr': 0.6640300422416167}. Best is trial 226 with value: 0.354671357786609.
checkpoint_e17 window_influence: 0.39418350529815815, penalty_k: 0.14911033235508234, scale_lr: 0.77832231553512832, EAO: 0.317
Trial 227 finished with value: 0.3173725146959728 and parameters: {'window_influence': 0.39418350529815815, 'penalty_k': 0.14911033235508234, 'scale_lr': 0.7783223155351283}. Best is trial 226 with value: 0.354671357786609.
checkpoint_e17 window_influence: 0.41041023460106962, penalty_k: 0.18497045509808391, scale_lr: 0.69700962052682014, EAO: 0.315
Trial 228 finished with value: 0.3151675760746002 and parameters: {'window_influence': 0.4104102346010696, 'penalty_k': 0.1849704550980839, 'scale_lr': 0.6970096205268201}. Best is trial 226 with value: 0.354671357786609.
checkpoint_e17 window_influence: 0.37966770166863489, penalty_k: 0.00068888788694870, scale_lr: 0.62051474785234095, EAO: 0.324
Trial 229 finished with value: 0.32410277866899734 and parameters: {'window_influence': 0.3796677016686349, 'penalty_k': 0.0006888878869487046, 'scale_lr': 0.620514747852341}. Best is trial 226 with value: 0.354671357786609.
checkpoint_e17 window_influence: 0.39389215765544555, penalty_k: 0.14231617130099478, scale_lr: 0.66920988923330837, EAO: 0.337
Trial 230 finished with value: 0.33722057729843524 and parameters: {'window_influence': 0.39389215765544555, 'penalty_k': 0.14231617130099478, 'scale_lr': 0.6692098892333084}. Best is trial 226 with value: 0.354671357786609.
checkpoint_e17 window_influence: 0.40080187291090069, penalty_k: 0.13471305864486555, scale_lr: 0.66766296458483310, EAO: 0.338
Trial 231 finished with value: 0.33812626813636215 and parameters: {'window_influence': 0.4008018729109007, 'penalty_k': 0.13471305864486555, 'scale_lr': 0.6676629645848331}. Best is trial 226 with value: 0.354671357786609.
checkpoint_e17 window_influence: 0.39956924724673903, penalty_k: 0.13387528658203490, scale_lr: 0.68032393385710599, EAO: 0.328
Trial 232 finished with value: 0.327911234667329 and parameters: {'window_influence': 0.39956924724673903, 'penalty_k': 0.1338752865820349, 'scale_lr': 0.680323933857106}. Best is trial 226 with value: 0.354671357786609.
checkpoint_e17 window_influence: 0.39018493210975996, penalty_k: 0.14324696131183237, scale_lr: 0.66705830516068643, EAO: 0.329
Trial 233 finished with value: 0.3289282840281609 and parameters: {'window_influence': 0.39018493210975996, 'penalty_k': 0.14324696131183237, 'scale_lr': 0.6670583051606864}. Best is trial 226 with value: 0.354671357786609.
checkpoint_e17 window_influence: 0.40378530378653049, penalty_k: 0.16105008932503465, scale_lr: 0.58598287781428460, EAO: 0.318
Trial 234 finished with value: 0.31797771376162653 and parameters: {'window_influence': 0.4037853037865305, 'penalty_k': 0.16105008932503465, 'scale_lr': 0.5859828778142846}. Best is trial 226 with value: 0.354671357786609.
checkpoint_e17 window_influence: 0.37908406746610274, penalty_k: 0.12581143925426824, scale_lr: 0.70802808793991612, EAO: 0.328
Trial 235 finished with value: 0.32787758378667126 and parameters: {'window_influence': 0.37908406746610274, 'penalty_k': 0.12581143925426824, 'scale_lr': 0.7080280879399161}. Best is trial 226 with value: 0.354671357786609.
checkpoint_e17 window_influence: 0.41547214799285820, penalty_k: 0.14082956794058488, scale_lr: 0.64256989256991603, EAO: 0.318
Trial 236 finished with value: 0.3182389165640805 and parameters: {'window_influence': 0.4154721479928582, 'penalty_k': 0.14082956794058488, 'scale_lr': 0.642569892569916}. Best is trial 226 with value: 0.354671357786609.
checkpoint_e17 window_influence: 0.36217264063173843, penalty_k: 0.15427140742519899, scale_lr: 0.69112346261600133, EAO: 0.336
Trial 237 finished with value: 0.3359032410128107 and parameters: {'window_influence': 0.36217264063173843, 'penalty_k': 0.154271407425199, 'scale_lr': 0.6911234626160013}. Best is trial 226 with value: 0.354671357786609.
checkpoint_e17 window_influence: 0.35948712710451147, penalty_k: 0.15065868469390470, scale_lr: 0.68870699821424042, EAO: 0.310
Trial 238 finished with value: 0.3101359251524224 and parameters: {'window_influence': 0.3594871271045115, 'penalty_k': 0.1506586846939047, 'scale_lr': 0.6887069982142404}. Best is trial 226 with value: 0.354671357786609.
checkpoint_e17 window_influence: 0.49298287820110714, penalty_k: 0.16430869186522548, scale_lr: 0.67474986715404217, EAO: 0.332
Trial 239 finished with value: 0.3324385671532108 and parameters: {'window_influence': 0.49298287820110714, 'penalty_k': 0.16430869186522548, 'scale_lr': 0.6747498671540422}. Best is trial 226 with value: 0.354671357786609.
checkpoint_e17 window_influence: 0.34660688358903680, penalty_k: 0.11715006361010732, scale_lr: 0.69682091937600710, EAO: 0.314
Trial 240 finished with value: 0.3138286601824519 and parameters: {'window_influence': 0.3466068835890368, 'penalty_k': 0.11715006361010732, 'scale_lr': 0.6968209193760071}. Best is trial 226 with value: 0.354671357786609.
checkpoint_e17 window_influence: 0.36377423514843049, penalty_k: 0.13535432404077413, scale_lr: 0.66383593319356793, EAO: 0.320
Trial 241 finished with value: 0.3200455643671496 and parameters: {'window_influence': 0.3637742351484305, 'penalty_k': 0.13535432404077413, 'scale_lr': 0.6638359331935679}. Best is trial 226 with value: 0.354671357786609.
checkpoint_e17 window_influence: 0.39119672897550134, penalty_k: 0.15016929759223252, scale_lr: 0.31565158077909250, EAO: 0.327
Trial 242 finished with value: 0.32708960910715484 and parameters: {'window_influence': 0.39119672897550134, 'penalty_k': 0.15016929759223252, 'scale_lr': 0.3156515807790925}. Best is trial 226 with value: 0.354671357786609.
checkpoint_e17 window_influence: 0.62856656539384614, penalty_k: 0.16390085906177509, scale_lr: 0.76576096465926646, EAO: 0.229
Trial 243 finished with value: 0.22935182459159584 and parameters: {'window_influence': 0.6285665653938461, 'penalty_k': 0.1639008590617751, 'scale_lr': 0.7657609646592665}. Best is trial 226 with value: 0.354671357786609.
checkpoint_e17 window_influence: 0.37518131652086384, penalty_k: 0.12771289663481725, scale_lr: 0.63738140787130504, EAO: 0.323
Trial 244 finished with value: 0.3233095390671422 and parameters: {'window_influence': 0.37518131652086384, 'penalty_k': 0.12771289663481725, 'scale_lr': 0.637381407871305}. Best is trial 226 with value: 0.354671357786609.
checkpoint_e17 window_influence: 0.39877950832008541, penalty_k: 0.26274238775697240, scale_lr: 0.68441471677004451, EAO: 0.333
Trial 245 finished with value: 0.3333270551513605 and parameters: {'window_influence': 0.3987795083200854, 'penalty_k': 0.2627423877569724, 'scale_lr': 0.6844147167700445}. Best is trial 226 with value: 0.354671357786609.
checkpoint_e17 window_influence: 0.51343490699234839, penalty_k: 0.18609782040711470, scale_lr: 0.60315734966718371, EAO: 0.317
Trial 246 finished with value: 0.31677529604286536 and parameters: {'window_influence': 0.5134349069923484, 'penalty_k': 0.1860978204071147, 'scale_lr': 0.6031573496671837}. Best is trial 226 with value: 0.354671357786609.
checkpoint_e17 window_influence: 0.41400848208304669, penalty_k: 0.14298494620153215, scale_lr: 0.66544792537566799, EAO: 0.331
Trial 247 finished with value: 0.33076110418436594 and parameters: {'window_influence': 0.4140084820830467, 'penalty_k': 0.14298494620153215, 'scale_lr': 0.665447925375668}. Best is trial 226 with value: 0.354671357786609.
checkpoint_e17 window_influence: 0.38232998375058630, penalty_k: 0.03574559832078231, scale_lr: 0.61630293849894302, EAO: 0.340
