Trial 638 finished with value: 0.33733401003978597 and parameters: {'window_influence': 0.45486144130300765, 'penalty_k': 0.06203401917499489, 'scale_lr': 0.5117856516037693}. Best is trial 374 with value: 0.3602400896382239.
checkpoint_e24 window_influence: 0.36344546478753914, penalty_k: 0.48128403540890274, scale_lr: 0.50013366421424665, EAO: 0.286
Trial 639 finished with value: 0.2862308627204672 and parameters: {'window_influence': 0.36344546478753914, 'penalty_k': 0.48128403540890274, 'scale_lr': 0.5001336642142467}. Best is trial 374 with value: 0.3602400896382239.
checkpoint_e24 window_influence: 0.64869107700257000, penalty_k: 0.28663134001305240, scale_lr: 0.12196201956180364, EAO: 0.247
Trial 640 finished with value: 0.2468942962152021 and parameters: {'window_influence': 0.64869107700257, 'penalty_k': 0.2866313400130524, 'scale_lr': 0.12196201956180364}. Best is trial 374 with value: 0.3602400896382239.
checkpoint_e24 window_influence: 0.31235808622386141, penalty_k: 0.26791407920079291, scale_lr: 0.58922706252371770, EAO: 0.322
Trial 641 finished with value: 0.3217752949273076 and parameters: {'window_influence': 0.3123580862238614, 'penalty_k': 0.2679140792007929, 'scale_lr': 0.5892270625237177}. Best is trial 374 with value: 0.3602400896382239.
checkpoint_e24 window_influence: 0.52046105373512541, penalty_k: 0.50070465789855390, scale_lr: 0.62911470677878811, EAO: 0.294
Trial 642 finished with value: 0.2936411996295944 and parameters: {'window_influence': 0.5204610537351254, 'penalty_k': 0.5007046578985539, 'scale_lr': 0.6291147067787881}. Best is trial 374 with value: 0.3602400896382239.
checkpoint_e24 window_influence: 0.48318555862882256, penalty_k: 0.36864928630420191, scale_lr: 0.53564545310205525, EAO: 0.317
Trial 643 finished with value: 0.3171710184112133 and parameters: {'window_influence': 0.48318555862882256, 'penalty_k': 0.3686492863042019, 'scale_lr': 0.5356454531020552}. Best is trial 374 with value: 0.3602400896382239.
checkpoint_e24 window_influence: 0.46821657363542279, penalty_k: 0.09421961035283283, scale_lr: 0.48624073146600955, EAO: 0.341
Trial 644 finished with value: 0.34138358485837855 and parameters: {'window_influence': 0.4682165736354228, 'penalty_k': 0.09421961035283283, 'scale_lr': 0.48624073146600955}. Best is trial 374 with value: 0.3602400896382239.
checkpoint_e24 window_influence: 0.43019973856864008, penalty_k: 0.07171080494727888, scale_lr: 0.68187422784738705, EAO: 0.315
Trial 645 finished with value: 0.31461543181063134 and parameters: {'window_influence': 0.4301997385686401, 'penalty_k': 0.07171080494727888, 'scale_lr': 0.681874227847387}. Best is trial 374 with value: 0.3602400896382239.
checkpoint_e24 window_influence: 0.44919093895493339, penalty_k: 0.15104619854820872, scale_lr: 0.70955717999884071, EAO: 0.320
Trial 646 finished with value: 0.3201264377813859 and parameters: {'window_influence': 0.4491909389549334, 'penalty_k': 0.15104619854820872, 'scale_lr': 0.7095571799988407}. Best is trial 374 with value: 0.3602400896382239.
checkpoint_e24 window_influence: 0.46415347584719524, penalty_k: 0.32183258091045902, scale_lr: 0.36008843329930829, EAO: 0.302
Trial 647 finished with value: 0.30165591053229823 and parameters: {'window_influence': 0.46415347584719524, 'penalty_k': 0.321832580910459, 'scale_lr': 0.3600884332993083}. Best is trial 374 with value: 0.3602400896382239.
checkpoint_e24 window_influence: 0.49897693308260094, penalty_k: 0.41267135506150066, scale_lr: 0.60079892103631227, EAO: 0.305
Trial 648 finished with value: 0.3047592203324871 and parameters: {'window_influence': 0.49897693308260094, 'penalty_k': 0.41267135506150066, 'scale_lr': 0.6007989210363123}. Best is trial 374 with value: 0.3602400896382239.
checkpoint_e24 window_influence: 0.44296904553028471, penalty_k: 0.55428014252074964, scale_lr: 0.28242687073971451, EAO: 0.293
Trial 649 finished with value: 0.29305528434797945 and parameters: {'window_influence': 0.4429690455302847, 'penalty_k': 0.5542801425207496, 'scale_lr': 0.2824268707397145}. Best is trial 374 with value: 0.3602400896382239.
checkpoint_e24 window_influence: 0.48899143427367159, penalty_k: 0.33508775835663712, scale_lr: 0.65279280155914488, EAO: 0.326
Trial 650 finished with value: 0.32644303137226327 and parameters: {'window_influence': 0.4889914342736716, 'penalty_k': 0.3350877583566371, 'scale_lr': 0.6527928015591449}. Best is trial 374 with value: 0.3602400896382239.
checkpoint_e24 window_influence: 0.46779753583747935, penalty_k: 0.11932568809121644, scale_lr: 0.51893040087596332, EAO: 0.328
Trial 651 finished with value: 0.3283435599697239 and parameters: {'window_influence': 0.46779753583747935, 'penalty_k': 0.11932568809121644, 'scale_lr': 0.5189304008759633}. Best is trial 374 with value: 0.3602400896382239.
checkpoint_e24 window_influence: 0.32505756973917066, penalty_k: 0.47217241099990098, scale_lr: 0.55106544172257421, EAO: 0.289
Trial 652 finished with value: 0.2888365019736123 and parameters: {'window_influence': 0.32505756973917066, 'penalty_k': 0.472172410999901, 'scale_lr': 0.5510654417225742}. Best is trial 374 with value: 0.3602400896382239.
checkpoint_e24 window_influence: 0.08997971333368454, penalty_k: 0.22331222872910300, scale_lr: 0.57855898621999358, EAO: 0.242
Trial 653 finished with value: 0.24210759904597984 and parameters: {'window_influence': 0.08997971333368454, 'penalty_k': 0.223312228729103, 'scale_lr': 0.5785589862199936}. Best is trial 374 with value: 0.3602400896382239.
checkpoint_e24 window_influence: 0.45723122811760480, penalty_k: 0.08302406673280779, scale_lr: 0.50307649387086140, EAO: 0.332
Trial 654 finished with value: 0.33172659152676626 and parameters: {'window_influence': 0.4572312281176048, 'penalty_k': 0.0830240667328078, 'scale_lr': 0.5030764938708614}. Best is trial 374 with value: 0.3602400896382239.
checkpoint_e24 window_influence: 0.50779771661029016, penalty_k: 0.24465395270664103, scale_lr: 0.52877535116085550, EAO: 0.305
Trial 655 finished with value: 0.3052545351045141 and parameters: {'window_influence': 0.5077977166102902, 'penalty_k': 0.24465395270664103, 'scale_lr': 0.5287753511608555}. Best is trial 374 with value: 0.3602400896382239.
checkpoint_e24 window_influence: 0.06025700397048483, penalty_k: 0.43958447086179075, scale_lr: 0.34184204913816807, EAO: 0.220
Trial 656 finished with value: 0.21990215616003547 and parameters: {'window_influence': 0.060257003970484835, 'penalty_k': 0.43958447086179075, 'scale_lr': 0.34184204913816807}. Best is trial 374 with value: 0.3602400896382239.
checkpoint_e24 window_influence: 0.06334664421427061, penalty_k: 0.16090864918309220, scale_lr: 0.45748919808335631, EAO: 0.242
Trial 657 finished with value: 0.24177107064176626 and parameters: {'window_influence': 0.06334664421427061, 'penalty_k': 0.1609086491830922, 'scale_lr': 0.4574891980833563}. Best is trial 374 with value: 0.3602400896382239.
checkpoint_e24 window_influence: 0.47992434857320820, penalty_k: 0.10853870667056922, scale_lr: 0.74201584113831232, EAO: 0.320
Trial 658 finished with value: 0.3200054739235904 and parameters: {'window_influence': 0.4799243485732082, 'penalty_k': 0.10853870667056922, 'scale_lr': 0.7420158411383123}. Best is trial 374 with value: 0.3602400896382239.
checkpoint_e24 window_influence: 0.55250038540626989, penalty_k: 0.38696009788731600, scale_lr: 0.48972543511196920, EAO: 0.278
Trial 659 finished with value: 0.27786163220377746 and parameters: {'window_influence': 0.5525003854062699, 'penalty_k': 0.386960097887316, 'scale_lr': 0.4897254351119692}. Best is trial 374 with value: 0.3602400896382239.
checkpoint_e24 window_influence: 0.61867619583338751, penalty_k: 0.17849893270342232, scale_lr: 0.13181315317118375, EAO: 0.252
Trial 660 finished with value: 0.2515444569434637 and parameters: {'window_influence': 0.6186761958333875, 'penalty_k': 0.17849893270342232, 'scale_lr': 0.13181315317118375}. Best is trial 374 with value: 0.3602400896382239.
checkpoint_e24 window_influence: 0.53663004561339933, penalty_k: 0.12890103661113703, scale_lr: 0.18201450135282621, EAO: 0.299
Trial 661 finished with value: 0.29891457394171317 and parameters: {'window_influence': 0.5366300456133993, 'penalty_k': 0.12890103661113703, 'scale_lr': 0.1820145013528262}. Best is trial 374 with value: 0.3602400896382239.
checkpoint_e24 window_influence: 0.27021778404951169, penalty_k: 0.09661952836028882, scale_lr: 0.23203105400959678, EAO: 0.292
Trial 662 finished with value: 0.2923394811524491 and parameters: {'window_influence': 0.2702177840495117, 'penalty_k': 0.09661952836028882, 'scale_lr': 0.23203105400959678}. Best is trial 374 with value: 0.3602400896382239.
checkpoint_e24 window_influence: 0.42250414325060004, penalty_k: 0.20563813809657888, scale_lr: 0.56276348358775119, EAO: 0.320
Trial 663 finished with value: 0.3203730488101796 and parameters: {'window_influence': 0.42250414325060004, 'penalty_k': 0.20563813809657888, 'scale_lr': 0.5627634835877512}. Best is trial 374 with value: 0.3602400896382239.
checkpoint_e24 window_influence: 0.19885218979186614, penalty_k: 0.40292670773991024, scale_lr: 0.51711239868449621, EAO: 0.285
Trial 664 finished with value: 0.2848242138030464 and parameters: {'window_influence': 0.19885218979186614, 'penalty_k': 0.40292670773991024, 'scale_lr': 0.5171123986844962}. Best is trial 374 with value: 0.3602400896382239.
checkpoint_e24 window_influence: 0.43821708760216910, penalty_k: 0.25508455874108255, scale_lr: 0.63782068117636936, EAO: 0.313
Trial 665 finished with value: 0.3132192520316009 and parameters: {'window_influence': 0.4382170876021691, 'penalty_k': 0.25508455874108255, 'scale_lr': 0.6378206811763694}. Best is trial 374 with value: 0.3602400896382239.
checkpoint_e24 window_influence: 0.38042598825151791, penalty_k: 0.05526854652781420, scale_lr: 0.47232081854136726, EAO: 0.298
Trial 666 finished with value: 0.29759744227164453 and parameters: {'window_influence': 0.3804259882515179, 'penalty_k': 0.0552685465278142, 'scale_lr': 0.47232081854136726}. Best is trial 374 with value: 0.3602400896382239.
checkpoint_e24 window_influence: 0.18958589032391715, penalty_k: 0.07885334099672117, scale_lr: 0.53809512083757627, EAO: 0.294
Trial 667 finished with value: 0.2943074141378996 and parameters: {'window_influence': 0.18958589032391715, 'penalty_k': 0.07885334099672117, 'scale_lr': 0.5380951208375763}. Best is trial 374 with value: 0.3602400896382239.
checkpoint_e24 window_influence: 0.49534053306381237, penalty_k: 0.45535372191599394, scale_lr: 0.50522404975592794, EAO: 0.309
Trial 668 finished with value: 0.308538227345693 and parameters: {'window_influence': 0.49534053306381237, 'penalty_k': 0.45535372191599394, 'scale_lr': 0.5052240497559279}. Best is trial 374 with value: 0.3602400896382239.
checkpoint_e24 window_influence: 0.47110573062743200, penalty_k: 0.50165150938715830, scale_lr: 0.44169869348678292, EAO: 0.292
Trial 669 finished with value: 0.2920916247460629 and parameters: {'window_influence': 0.471105730627432, 'penalty_k': 0.5016515093871583, 'scale_lr': 0.4416986934867829}. Best is trial 374 with value: 0.3602400896382239.
checkpoint_e24 window_influence: 0.52278769872878494, penalty_k: 0.29786703327382896, scale_lr: 0.67826771957477483, EAO: 0.292
Trial 670 finished with value: 0.29204983568608994 and parameters: {'window_influence': 0.5227876987287849, 'penalty_k': 0.29786703327382896, 'scale_lr': 0.6782677195747748}. Best is trial 374 with value: 0.3602400896382239.
checkpoint_e24 window_influence: 0.57575472505388170, penalty_k: 0.18628105712380982, scale_lr: 0.21774687736262571, EAO: 0.270
Trial 671 finished with value: 0.2697648327754165 and parameters: {'window_influence': 0.5757547250538817, 'penalty_k': 0.18628105712380982, 'scale_lr': 0.2177468773626257}. Best is trial 374 with value: 0.3602400896382239.
checkpoint_e24 window_influence: 0.45220360782756835, penalty_k: 0.27742842495470155, scale_lr: 0.71925079930472990, EAO: 0.314
Trial 672 finished with value: 0.31434577964391225 and parameters: {'window_influence': 0.45220360782756835, 'penalty_k': 0.27742842495470155, 'scale_lr': 0.7192507993047299}. Best is trial 374 with value: 0.3602400896382239.
checkpoint_e24 window_influence: 0.41420389400352603, penalty_k: 0.23222463261227427, scale_lr: 0.77797081895039066, EAO: 0.311
Trial 673 finished with value: 0.31110519507051904 and parameters: {'window_influence': 0.41420389400352603, 'penalty_k': 0.23222463261227427, 'scale_lr': 0.7779708189503907}. Best is trial 374 with value: 0.3602400896382239.
checkpoint_e24 window_influence: 0.48459133597725113, penalty_k: 0.10745170556921822, scale_lr: 0.59916393054955375, EAO: 0.313
Trial 674 finished with value: 0.3125817510172551 and parameters: {'window_influence': 0.4845913359772511, 'penalty_k': 0.10745170556921822, 'scale_lr': 0.5991639305495537}. Best is trial 374 with value: 0.3602400896382239.
checkpoint_e24 window_influence: 0.46245676057472851, penalty_k: 0.42518138729997162, scale_lr: 0.49235314257407614, EAO: 0.311
Trial 675 finished with value: 0.311221533016472 and parameters: {'window_influence': 0.4624567605747285, 'penalty_k': 0.4251813872999716, 'scale_lr': 0.49235314257407614}. Best is trial 374 with value: 0.3602400896382239.
checkpoint_e24 window_influence: 0.50580008619951555, penalty_k: 0.13959116885578668, scale_lr: 0.52442759071632306, EAO: 0.321
Trial 676 finished with value: 0.3213094879333147 and parameters: {'window_influence': 0.5058000861995156, 'penalty_k': 0.13959116885578668, 'scale_lr': 0.524427590716323}. Best is trial 374 with value: 0.3602400896382239.
checkpoint_e24 window_influence: 0.29025090852442476, penalty_k: 0.34614274648846077, scale_lr: 0.57521122279461490, EAO: 0.311
Trial 677 finished with value: 0.31110782724178254 and parameters: {'window_influence': 0.29025090852442476, 'penalty_k': 0.3461427464884608, 'scale_lr': 0.5752112227946149}. Best is trial 374 with value: 0.3602400896382239.
checkpoint_e24 window_influence: 0.47236826999054593, penalty_k: 0.26554201026802321, scale_lr: 0.61712756637070287, EAO: 0.338
Trial 678 finished with value: 0.3382276032221456 and parameters: {'window_influence': 0.47236826999054593, 'penalty_k': 0.2655420102680232, 'scale_lr': 0.6171275663707029}. Best is trial 374 with value: 0.3602400896382239.
checkpoint_e24 window_influence: 0.30394936450717924, penalty_k: 0.02690663449911882, scale_lr: 0.54980787661140074, EAO: 0.313
Trial 679 finished with value: 0.313145631772071 and parameters: {'window_influence': 0.30394936450717924, 'penalty_k': 0.02690663449911882, 'scale_lr': 0.5498078766114007}. Best is trial 374 with value: 0.3602400896382239.
checkpoint_e24 window_influence: 0.49152941767221414, penalty_k: 0.56451324391148372, scale_lr: 0.51155687660525351, EAO: 0.294
Trial 680 finished with value: 0.29367222778991964 and parameters: {'window_influence': 0.49152941767221414, 'penalty_k': 0.5645132439114837, 'scale_lr': 0.5115568766052535}. Best is trial 374 with value: 0.3602400896382239.
checkpoint_e24 window_influence: 0.44875898639121370, penalty_k: 0.31426766204205381, scale_lr: 0.69895661189720948, EAO: 0.319
Trial 681 finished with value: 0.31907419100809653 and parameters: {'window_influence': 0.4487589863912137, 'penalty_k': 0.3142676620420538, 'scale_lr': 0.6989566118972095}. Best is trial 374 with value: 0.3602400896382239.
checkpoint_e24 window_influence: 0.48135731280433430, penalty_k: 0.06556570856518892, scale_lr: 0.53296967274924245, EAO: 0.334
Trial 682 finished with value: 0.3344261646270752 and parameters: {'window_influence': 0.4813573128043343, 'penalty_k': 0.06556570856518892, 'scale_lr': 0.5329696727492425}. Best is trial 374 with value: 0.3602400896382239.
checkpoint_e24 window_influence: 0.43325329677736513, penalty_k: 0.08951346077878038, scale_lr: 0.47766485721594482, EAO: 0.337
Trial 683 finished with value: 0.33740082487521933 and parameters: {'window_influence': 0.4332532967773651, 'penalty_k': 0.08951346077878038, 'scale_lr': 0.4776648572159448}. Best is trial 374 with value: 0.3602400896382239.
checkpoint_e24 window_influence: 0.05564416039649928, penalty_k: 0.16926598516237515, scale_lr: 0.65356404850713345, EAO: 0.244
Trial 684 finished with value: 0.2436982073788513 and parameters: {'window_influence': 0.055644160396499276, 'penalty_k': 0.16926598516237515, 'scale_lr': 0.6535640485071335}. Best is trial 374 with value: 0.3602400896382239.
checkpoint_e24 window_influence: 0.46186452760904012, penalty_k: 0.41699802193373925, scale_lr: 0.56190827075059402, EAO: 0.315
Trial 685 finished with value: 0.31468453765611243 and parameters: {'window_influence': 0.4618645276090401, 'penalty_k': 0.41699802193373925, 'scale_lr': 0.561908270750594}. Best is trial 374 with value: 0.3602400896382239.
checkpoint_e24 window_influence: 0.22991147233689080, penalty_k: 0.37316888632436457, scale_lr: 0.49895688344356648, EAO: 0.297
Trial 686 finished with value: 0.29682071686718714 and parameters: {'window_influence': 0.2299114723368908, 'penalty_k': 0.37316888632436457, 'scale_lr': 0.4989568834435665}. Best is trial 374 with value: 0.3602400896382239.
checkpoint_e24 window_influence: 0.17806574039041401, penalty_k: 0.12245705304918462, scale_lr: 0.45617034737659462, EAO: 0.290
Trial 687 finished with value: 0.28976723917031566 and parameters: {'window_influence': 0.178065740390414, 'penalty_k': 0.12245705304918462, 'scale_lr': 0.4561703473765946}. Best is trial 374 with value: 0.3602400896382239.
checkpoint_e24 window_influence: 0.12623854256243294, penalty_k: 0.39219380157326728, scale_lr: 0.73118692594225454, EAO: 0.269
Trial 688 finished with value: 0.2691870970716736 and parameters: {'window_influence': 0.12623854256243294, 'penalty_k': 0.3921938015732673, 'scale_lr': 0.7311869259422545}. Best is trial 374 with value: 0.3602400896382239.
checkpoint_e24 window_influence: 0.40215280628752542, penalty_k: 0.24087098836020582, scale_lr: 0.66722859509208376, EAO: 0.317
Trial 689 finished with value: 0.3171079411001057 and parameters: {'window_influence': 0.4021528062875254, 'penalty_k': 0.24087098836020582, 'scale_lr': 0.6672285950920838}. Best is trial 374 with value: 0.3602400896382239.
checkpoint_e24 window_influence: 0.51494399789116552, penalty_k: 0.54601645931326936, scale_lr: 0.40554332748300781, EAO: 0.266
Trial 690 finished with value: 0.2658985142925834 and parameters: {'window_influence': 0.5149439978911655, 'penalty_k': 0.5460164593132694, 'scale_lr': 0.4055433274830078}. Best is trial 374 with value: 0.3602400896382239.
checkpoint_e24 window_influence: 0.15212844541388795, penalty_k: 0.46724567119354876, scale_lr: 0.15362077943694569, EAO: 0.245
Trial 691 finished with value: 0.24491705655587787 and parameters: {'window_influence': 0.15212844541388795, 'penalty_k': 0.46724567119354876, 'scale_lr': 0.1536207794369457}. Best is trial 374 with value: 0.3602400896382239.
checkpoint_e24 window_influence: 0.49821807692641595, penalty_k: 0.35966364907330589, scale_lr: 0.19819000894180261, EAO: 0.295
Trial 692 finished with value: 0.2948411991276166 and parameters: {'window_influence': 0.49821807692641595, 'penalty_k': 0.3596636490733059, 'scale_lr': 0.1981900089418026}. Best is trial 374 with value: 0.3602400896382239.
checkpoint_e24 window_influence: 0.47359653781518374, penalty_k: 0.28707461385664251, scale_lr: 0.51649612527356759, EAO: 0.332
Trial 693 finished with value: 0.3321350685353409 and parameters: {'window_influence': 0.47359653781518374, 'penalty_k': 0.2870746138566425, 'scale_lr': 0.5164961252735676}. Best is trial 374 with value: 0.3602400896382239.
checkpoint_e24 window_influence: 0.45078771188737699, penalty_k: 0.07415392173521013, scale_lr: 0.19878598095843819, EAO: 0.305
Trial 694 finished with value: 0.30457544842814654 and parameters: {'window_influence': 0.450787711887377, 'penalty_k': 0.07415392173521013, 'scale_lr': 0.1987859809584382}. Best is trial 374 with value: 0.3602400896382239.
checkpoint_e24 window_influence: 0.34726281937850823, penalty_k: 0.04307390618877809, scale_lr: 0.30811093618302160, EAO: 0.314
Trial 695 finished with value: 0.31388603945186627 and parameters: {'window_influence': 0.3472628193785082, 'penalty_k': 0.043073906188778086, 'scale_lr': 0.3081109361830216}. Best is trial 374 with value: 0.3602400896382239.
checkpoint_e24 window_influence: 0.48793365197969546, penalty_k: 0.21325335956876718, scale_lr: 0.58561489557574042, EAO: 0.344
Trial 696 finished with value: 0.34447289255342595 and parameters: {'window_influence': 0.48793365197969546, 'penalty_k': 0.21325335956876718, 'scale_lr': 0.5856148955757404}. Best is trial 374 with value: 0.3602400896382239.
checkpoint_e24 window_influence: 0.08637119201916216, penalty_k: 0.19781595501546848, scale_lr: 0.59606815099081978, EAO: 0.273
Trial 697 finished with value: 0.2725641493203575 and parameters: {'window_influence': 0.08637119201916216, 'penalty_k': 0.19781595501546848, 'scale_lr': 0.5960681509908198}. Best is trial 374 with value: 0.3602400896382239.
checkpoint_e24 window_influence: 0.50744831546869906, penalty_k: 0.21907718839759374, scale_lr: 0.58376829906610650, EAO: 0.324
Trial 698 finished with value: 0.32414623776066626 and parameters: {'window_influence': 0.5074483154686991, 'penalty_k': 0.21907718839759374, 'scale_lr': 0.5837682990661065}. Best is trial 374 with value: 0.3602400896382239.
checkpoint_e24 window_influence: 0.10044827186873667, penalty_k: 0.21288554249929956, scale_lr: 0.61886366780000335, EAO: 0.267
Trial 699 finished with value: 0.26722452937397045 and parameters: {'window_influence': 0.10044827186873667, 'penalty_k': 0.21288554249929956, 'scale_lr': 0.6188636678000033}. Best is trial 374 with value: 0.3602400896382239.
checkpoint_e24 window_influence: 0.33606361783782535, penalty_k: 0.19219544060538274, scale_lr: 0.60672021523771413, EAO: 0.323
