Trial 744 finished with value: 0.37826672115214605 and parameters: {'window_influence': 0.49950894823835246, 'penalty_k': 0.056755984461282355, 'scale_lr': 0.5316380078444574}. Best is trial 32 with value: 0.38394216433573325.
checkpoint_e23 window_influence: 0.28562243613903704, penalty_k: 0.07619591947223280, scale_lr: 0.53028276220067505, EAO: 0.313
Trial 745 finished with value: 0.313367247929369 and parameters: {'window_influence': 0.28562243613903704, 'penalty_k': 0.0761959194722328, 'scale_lr': 0.530282762200675}. Best is trial 32 with value: 0.38394216433573325.
checkpoint_e23 window_influence: 0.43912136551572800, penalty_k: 0.06328554592338731, scale_lr: 0.62730663117301455, EAO: 0.332
Trial 746 finished with value: 0.3317393791582798 and parameters: {'window_influence': 0.439121365515728, 'penalty_k': 0.06328554592338731, 'scale_lr': 0.6273066311730146}. Best is trial 32 with value: 0.38394216433573325.
checkpoint_e23 window_influence: 0.49057102352249693, penalty_k: 0.08732748617452279, scale_lr: 0.52018154979012476, EAO: 0.336
Trial 747 finished with value: 0.3364308046227763 and parameters: {'window_influence': 0.49057102352249693, 'penalty_k': 0.0873274861745228, 'scale_lr': 0.5201815497901248}. Best is trial 32 with value: 0.38394216433573325.
checkpoint_e23 window_influence: 0.47286399022901082, penalty_k: 0.05166634066502694, scale_lr: 0.55853195013015822, EAO: 0.343
Trial 748 finished with value: 0.3433020099823577 and parameters: {'window_influence': 0.4728639902290108, 'penalty_k': 0.05166634066502694, 'scale_lr': 0.5585319501301582}. Best is trial 32 with value: 0.38394216433573325.
checkpoint_e23 window_influence: 0.49760378414149370, penalty_k: 0.06613779758647755, scale_lr: 0.54173694128762906, EAO: 0.344
Trial 749 finished with value: 0.344255454345436 and parameters: {'window_influence': 0.4976037841414937, 'penalty_k': 0.06613779758647755, 'scale_lr': 0.5417369412876291}. Best is trial 32 with value: 0.38394216433573325.
checkpoint_e23 window_influence: 0.46025133433563314, penalty_k: 0.48183831350090589, scale_lr: 0.52636715291005731, EAO: 0.303
Trial 750 finished with value: 0.3033020289955436 and parameters: {'window_influence': 0.46025133433563314, 'penalty_k': 0.4818383135009059, 'scale_lr': 0.5263671529100573}. Best is trial 32 with value: 0.38394216433573325.
checkpoint_e23 window_influence: 0.41019299487882649, penalty_k: 0.12940219381558393, scale_lr: 0.50223404960045626, EAO: 0.327
Trial 751 finished with value: 0.3266306672578656 and parameters: {'window_influence': 0.4101929948788265, 'penalty_k': 0.12940219381558393, 'scale_lr': 0.5022340496004563}. Best is trial 32 with value: 0.38394216433573325.
checkpoint_e23 window_influence: 0.38200985538406368, penalty_k: 0.05493497710196041, scale_lr: 0.54072966451173654, EAO: 0.322
Trial 752 finished with value: 0.32190861706603824 and parameters: {'window_influence': 0.3820098553840637, 'penalty_k': 0.05493497710196041, 'scale_lr': 0.5407296645117365}. Best is trial 32 with value: 0.38394216433573325.
checkpoint_e23 window_influence: 0.25514956642369591, penalty_k: 0.08470688911163324, scale_lr: 0.36938315595019217, EAO: 0.308
Trial 753 finished with value: 0.3078705346074086 and parameters: {'window_influence': 0.2551495664236959, 'penalty_k': 0.08470688911163324, 'scale_lr': 0.36938315595019217}. Best is trial 32 with value: 0.38394216433573325.
checkpoint_e23 window_influence: 0.48372425331090707, penalty_k: 0.17482593192920362, scale_lr: 0.51350594868880539, EAO: 0.334
Trial 754 finished with value: 0.33432852201424684 and parameters: {'window_influence': 0.48372425331090707, 'penalty_k': 0.17482593192920362, 'scale_lr': 0.5135059486888054}. Best is trial 32 with value: 0.38394216433573325.
checkpoint_e23 window_influence: 0.50191041485859456, penalty_k: 0.00038821847915677, scale_lr: 0.56318934879769988, EAO: 0.327
Trial 755 finished with value: 0.3272152527413016 and parameters: {'window_influence': 0.5019104148585946, 'penalty_k': 0.0003882184791567725, 'scale_lr': 0.5631893487976999}. Best is trial 32 with value: 0.38394216433573325.
checkpoint_e23 window_influence: 0.46831880517185653, penalty_k: 0.30367216379975048, scale_lr: 0.75731869314576561, EAO: 0.315
Trial 756 finished with value: 0.3152684265537485 and parameters: {'window_influence': 0.46831880517185653, 'penalty_k': 0.3036721637997505, 'scale_lr': 0.7573186931457656}. Best is trial 32 with value: 0.38394216433573325.
checkpoint_e23 window_influence: 0.06175276289018433, penalty_k: 0.11200642218359395, scale_lr: 0.53248150772785896, EAO: 0.233
Trial 757 finished with value: 0.23266993405058226 and parameters: {'window_influence': 0.06175276289018433, 'penalty_k': 0.11200642218359395, 'scale_lr': 0.532481507727859}. Best is trial 32 with value: 0.38394216433573325.
checkpoint_e23 window_influence: 0.45115504761954561, penalty_k: 0.01349315994449832, scale_lr: 0.37974610983606455, EAO: 0.341
Trial 758 finished with value: 0.3410153731065965 and parameters: {'window_influence': 0.4511550476195456, 'penalty_k': 0.013493159944498324, 'scale_lr': 0.37974610983606455}. Best is trial 32 with value: 0.38394216433573325.
checkpoint_e23 window_influence: 0.20698886852748555, penalty_k: 0.42255815678242103, scale_lr: 0.34520544231915540, EAO: 0.296
Trial 759 finished with value: 0.29576687317645967 and parameters: {'window_influence': 0.20698886852748555, 'penalty_k': 0.42255815678242103, 'scale_lr': 0.3452054423191554}. Best is trial 32 with value: 0.38394216433573325.
checkpoint_e23 window_influence: 0.51329812989834100, penalty_k: 0.32342448078998393, scale_lr: 0.57824788609067201, EAO: 0.298
Trial 760 finished with value: 0.2981753761550332 and parameters: {'window_influence': 0.513298129898341, 'penalty_k': 0.3234244807899839, 'scale_lr': 0.578247886090672}. Best is trial 32 with value: 0.38394216433573325.
checkpoint_e23 window_influence: 0.07405985708449714, penalty_k: 0.22374650327936613, scale_lr: 0.36151638757301952, EAO: 0.244
Trial 761 finished with value: 0.24414085953384057 and parameters: {'window_influence': 0.07405985708449714, 'penalty_k': 0.22374650327936613, 'scale_lr': 0.3615163875730195}. Best is trial 32 with value: 0.38394216433573325.
checkpoint_e23 window_influence: 0.32787232216686035, penalty_k: 0.47004000982932603, scale_lr: 0.39428671826903922, EAO: 0.327
Trial 762 finished with value: 0.3274776714089316 and parameters: {'window_influence': 0.32787232216686035, 'penalty_k': 0.47004000982932603, 'scale_lr': 0.3942867182690392}. Best is trial 32 with value: 0.38394216433573325.
checkpoint_e23 window_influence: 0.47875127943482154, penalty_k: 0.25677139931032406, scale_lr: 0.37803527838218925, EAO: 0.326
Trial 763 finished with value: 0.326427052457045 and parameters: {'window_influence': 0.47875127943482154, 'penalty_k': 0.25677139931032406, 'scale_lr': 0.37803527838218925}. Best is trial 32 with value: 0.38394216433573325.
checkpoint_e23 window_influence: 0.58242174022396631, penalty_k: 0.30820009917618219, scale_lr: 0.51187960890807127, EAO: 0.266
Trial 764 finished with value: 0.265559503656417 and parameters: {'window_influence': 0.5824217402239663, 'penalty_k': 0.3082000991761822, 'scale_lr': 0.5118796089080713}. Best is trial 32 with value: 0.38394216433573325.
checkpoint_e23 window_influence: 0.17668566458564597, penalty_k: 0.03162628425850640, scale_lr: 0.18560173731290114, EAO: 0.272
Trial 765 finished with value: 0.27232373056476683 and parameters: {'window_influence': 0.17668566458564597, 'penalty_k': 0.0316262842585064, 'scale_lr': 0.18560173731290114}. Best is trial 32 with value: 0.38394216433573325.
checkpoint_e23 window_influence: 0.49003013833401676, penalty_k: 0.07233938794798725, scale_lr: 0.36134291849505390, EAO: 0.355
Trial 766 finished with value: 0.3550066364646422 and parameters: {'window_influence': 0.49003013833401676, 'penalty_k': 0.07233938794798725, 'scale_lr': 0.3613429184950539}. Best is trial 32 with value: 0.38394216433573325.
checkpoint_e23 window_influence: 0.46643643292209014, penalty_k: 0.35812478461144470, scale_lr: 0.69420114700982527, EAO: 0.328
Trial 767 finished with value: 0.32750696964301024 and parameters: {'window_influence': 0.46643643292209014, 'penalty_k': 0.3581247846114447, 'scale_lr': 0.6942011470098253}. Best is trial 32 with value: 0.38394216433573325.
checkpoint_e23 window_influence: 0.44254883340694379, penalty_k: 0.02223506857663522, scale_lr: 0.77138883988276485, EAO: 0.320
Trial 768 finished with value: 0.32013871952717404 and parameters: {'window_influence': 0.4425488334069438, 'penalty_k': 0.02223506857663522, 'scale_lr': 0.7713888398827649}. Best is trial 32 with value: 0.38394216433573325.
checkpoint_e23 window_influence: 0.50250572936576365, penalty_k: 0.04535376947573619, scale_lr: 0.55561592323326192, EAO: 0.353
Trial 769 finished with value: 0.3533481389632021 and parameters: {'window_influence': 0.5025057293657637, 'penalty_k': 0.04535376947573619, 'scale_lr': 0.5556159232332619}. Best is trial 32 with value: 0.38394216433573325.
checkpoint_e23 window_influence: 0.15718962582108637, penalty_k: 0.40202742459786078, scale_lr: 0.39793477719848486, EAO: 0.271
Trial 770 finished with value: 0.27078985605490347 and parameters: {'window_influence': 0.15718962582108637, 'penalty_k': 0.4020274245978608, 'scale_lr': 0.39793477719848486}. Best is trial 32 with value: 0.38394216433573325.
checkpoint_e23 window_influence: 0.31254946716426990, penalty_k: 0.50466227016907261, scale_lr: 0.58875514867144352, EAO: 0.316
Trial 771 finished with value: 0.31632069970847104 and parameters: {'window_influence': 0.3125494671642699, 'penalty_k': 0.5046622701690726, 'scale_lr': 0.5887551486714435}. Best is trial 32 with value: 0.38394216433573325.
checkpoint_e23 window_influence: 0.52328735931368553, penalty_k: 0.15037575389456842, scale_lr: 0.37859992519400026, EAO: 0.323
Trial 772 finished with value: 0.32257362742136425 and parameters: {'window_influence': 0.5232873593136855, 'penalty_k': 0.15037575389456842, 'scale_lr': 0.37859992519400026}. Best is trial 32 with value: 0.38394216433573325.
checkpoint_e23 window_influence: 0.12866070886490547, penalty_k: 0.33743036495649292, scale_lr: 0.42393186833204399, EAO: 0.254
Trial 773 finished with value: 0.2544156984944288 and parameters: {'window_influence': 0.12866070886490547, 'penalty_k': 0.3374303649564929, 'scale_lr': 0.423931868332044}. Best is trial 32 with value: 0.38394216433573325.
checkpoint_e23 window_influence: 0.36765139199564556, penalty_k: 0.09745366383238963, scale_lr: 0.35364715344676995, EAO: 0.327
Trial 774 finished with value: 0.3272986678181919 and parameters: {'window_influence': 0.36765139199564556, 'penalty_k': 0.09745366383238963, 'scale_lr': 0.35364715344676995}. Best is trial 32 with value: 0.38394216433573325.
checkpoint_e23 window_influence: 0.54585220989774519, penalty_k: 0.00867609651762089, scale_lr: 0.49188444361243622, EAO: 0.348
Trial 775 finished with value: 0.3476102841503425 and parameters: {'window_influence': 0.5458522098977452, 'penalty_k': 0.008676096517620888, 'scale_lr': 0.4918844436124362}. Best is trial 32 with value: 0.38394216433573325.
checkpoint_e23 window_influence: 0.48370253990319606, penalty_k: 0.05625548193561042, scale_lr: 0.38974318610593561, EAO: 0.336
Trial 776 finished with value: 0.3360506217303443 and parameters: {'window_influence': 0.48370253990319606, 'penalty_k': 0.05625548193561042, 'scale_lr': 0.3897431861059356}. Best is trial 32 with value: 0.38394216433573325.
checkpoint_e23 window_influence: 0.47313393582823726, penalty_k: 0.59529306452889408, scale_lr: 0.22320267159076126, EAO: 0.301
Trial 777 finished with value: 0.3006397777958139 and parameters: {'window_influence': 0.47313393582823726, 'penalty_k': 0.5952930645288941, 'scale_lr': 0.22320267159076126}. Best is trial 32 with value: 0.38394216433573325.
checkpoint_e23 window_influence: 0.49441630017796567, penalty_k: 0.03810536911215091, scale_lr: 0.62574885333750230, EAO: 0.332
Trial 778 finished with value: 0.33160843494337355 and parameters: {'window_influence': 0.4944163001779657, 'penalty_k': 0.038105369112150914, 'scale_lr': 0.6257488533375023}. Best is trial 32 with value: 0.38394216433573325.
checkpoint_e23 window_influence: 0.16309781730354919, penalty_k: 0.07683370951135099, scale_lr: 0.40729044271579118, EAO: 0.290
Trial 779 finished with value: 0.28959011718456845 and parameters: {'window_influence': 0.1630978173035492, 'penalty_k': 0.07683370951135099, 'scale_lr': 0.4072904427157912}. Best is trial 32 with value: 0.38394216433573325.
checkpoint_e23 window_influence: 0.42860234360042315, penalty_k: 0.02116451319795621, scale_lr: 0.34099099223140150, EAO: 0.331
Trial 780 finished with value: 0.33149842390290496 and parameters: {'window_influence': 0.42860234360042315, 'penalty_k': 0.02116451319795621, 'scale_lr': 0.3409909922314015}. Best is trial 32 with value: 0.38394216433573325.
checkpoint_e23 window_influence: 0.23070530357367264, penalty_k: 0.39200044520671529, scale_lr: 0.67256315981148562, EAO: 0.295
Trial 781 finished with value: 0.29453455462529965 and parameters: {'window_influence': 0.23070530357367264, 'penalty_k': 0.3920004452067153, 'scale_lr': 0.6725631598114856}. Best is trial 32 with value: 0.38394216433573325.
checkpoint_e23 window_influence: 0.45515087634222418, penalty_k: 0.00945140924494133, scale_lr: 0.20675893609564025, EAO: 0.315
Trial 782 finished with value: 0.31529424742502 and parameters: {'window_influence': 0.4551508763422242, 'penalty_k': 0.009451409244941327, 'scale_lr': 0.20675893609564025}. Best is trial 32 with value: 0.38394216433573325.
checkpoint_e23 window_influence: 0.50696044010792685, penalty_k: 0.52707529088926008, scale_lr: 0.37056933583800428, EAO: 0.290
Trial 783 finished with value: 0.29006264152925765 and parameters: {'window_influence': 0.5069604401079268, 'penalty_k': 0.5270752908892601, 'scale_lr': 0.3705693358380043}. Best is trial 32 with value: 0.38394216433573325.
checkpoint_e23 window_influence: 0.18643707652548761, penalty_k: 0.00007704098657266, scale_lr: 0.65596217756801434, EAO: 0.295
Trial 784 finished with value: 0.29491953922848757 and parameters: {'window_influence': 0.1864370765254876, 'penalty_k': 7.704098657266428e-05, 'scale_lr': 0.6559621775680143}. Best is trial 32 with value: 0.38394216433573325.
checkpoint_e23 window_influence: 0.60287526074436948, penalty_k: 0.23770609501655993, scale_lr: 0.42982658623990749, EAO: 0.272
Trial 785 finished with value: 0.27239875211326064 and parameters: {'window_influence': 0.6028752607443695, 'penalty_k': 0.23770609501655993, 'scale_lr': 0.4298265862399075}. Best is trial 32 with value: 0.38394216433573325.
checkpoint_e23 window_influence: 0.48182756022369844, penalty_k: 0.26841587441902437, scale_lr: 0.53428231326892228, EAO: 0.329
Trial 786 finished with value: 0.32946002123884655 and parameters: {'window_influence': 0.48182756022369844, 'penalty_k': 0.26841587441902437, 'scale_lr': 0.5342823132689223}. Best is trial 32 with value: 0.38394216433573325.
checkpoint_e23 window_influence: 0.46463359022211109, penalty_k: 0.04719684341326012, scale_lr: 0.54811364855478339, EAO: 0.337
Trial 787 finished with value: 0.3367168882477608 and parameters: {'window_influence': 0.4646335902221111, 'penalty_k': 0.04719684341326012, 'scale_lr': 0.5481136485547834}. Best is trial 32 with value: 0.38394216433573325.
checkpoint_e23 window_influence: 0.39725296575331248, penalty_k: 0.12238611657232551, scale_lr: 0.60204107000260043, EAO: 0.327
Trial 788 finished with value: 0.32732842949577806 and parameters: {'window_influence': 0.3972529657533125, 'penalty_k': 0.12238611657232551, 'scale_lr': 0.6020410700026004}. Best is trial 32 with value: 0.38394216433573325.
checkpoint_e23 window_influence: 0.53290826358420795, penalty_k: 0.20794087387747689, scale_lr: 0.38452514270283705, EAO: 0.303
Trial 789 finished with value: 0.3031227454717057 and parameters: {'window_influence': 0.532908263584208, 'penalty_k': 0.2079408738774769, 'scale_lr': 0.38452514270283705}. Best is trial 32 with value: 0.38394216433573325.
checkpoint_e23 window_influence: 0.51479096658319967, penalty_k: 0.03102499030618381, scale_lr: 0.65163836502094219, EAO: 0.345
Trial 790 finished with value: 0.34480073433441877 and parameters: {'window_influence': 0.5147909665831997, 'penalty_k': 0.031024990306183806, 'scale_lr': 0.6516383650209422}. Best is trial 32 with value: 0.38394216433573325.
checkpoint_e23 window_influence: 0.34995307016724875, penalty_k: 0.08901028673626288, scale_lr: 0.40066460818857552, EAO: 0.311
Trial 791 finished with value: 0.3114247649676141 and parameters: {'window_influence': 0.34995307016724875, 'penalty_k': 0.08901028673626288, 'scale_lr': 0.4006646081885755}. Best is trial 32 with value: 0.38394216433573325.
checkpoint_e23 window_influence: 0.14143399792196257, penalty_k: 0.06304974350996137, scale_lr: 0.36713070485453553, EAO: 0.278
Trial 792 finished with value: 0.2784667001160202 and parameters: {'window_influence': 0.14143399792196257, 'penalty_k': 0.06304974350996137, 'scale_lr': 0.36713070485453553}. Best is trial 32 with value: 0.38394216433573325.
checkpoint_e23 window_influence: 0.49198607589230753, penalty_k: 0.43612331090476353, scale_lr: 0.25212325044544465, EAO: 0.289
Trial 793 finished with value: 0.2885826617363362 and parameters: {'window_influence': 0.49198607589230753, 'penalty_k': 0.43612331090476353, 'scale_lr': 0.25212325044544465}. Best is trial 32 with value: 0.38394216433573325.
checkpoint_e23 window_influence: 0.47498976992346886, penalty_k: 0.10552659943053144, scale_lr: 0.57450417946370880, EAO: 0.340
Trial 794 finished with value: 0.34025848909110873 and parameters: {'window_influence': 0.47498976992346886, 'penalty_k': 0.10552659943053144, 'scale_lr': 0.5745041794637088}. Best is trial 32 with value: 0.38394216433573325.
checkpoint_e23 window_influence: 0.61444280731427203, penalty_k: 0.27120959326257715, scale_lr: 0.42039372406303005, EAO: 0.253
Trial 795 finished with value: 0.25261308107858504 and parameters: {'window_influence': 0.614442807314272, 'penalty_k': 0.27120959326257715, 'scale_lr': 0.42039372406303005}. Best is trial 32 with value: 0.38394216433573325.
checkpoint_e23 window_influence: 0.44768262175681994, penalty_k: 0.02303725224897708, scale_lr: 0.38336825406008102, EAO: 0.325
Trial 796 finished with value: 0.3245059486029213 and parameters: {'window_influence': 0.44768262175681994, 'penalty_k': 0.023037252248977076, 'scale_lr': 0.383368254060081}. Best is trial 32 with value: 0.38394216433573325.
checkpoint_e23 window_influence: 0.50505950588321635, penalty_k: 0.45483239400466713, scale_lr: 0.51688523183596191, EAO: 0.288
Trial 797 finished with value: 0.2877555602023574 and parameters: {'window_influence': 0.5050595058832164, 'penalty_k': 0.45483239400466713, 'scale_lr': 0.5168852318359619}. Best is trial 32 with value: 0.38394216433573325.
checkpoint_e23 window_influence: 0.48635072165254034, penalty_k: 0.48605932310272937, scale_lr: 0.69038044869962578, EAO: 0.305
Trial 798 finished with value: 0.3045008450978461 and parameters: {'window_influence': 0.48635072165254034, 'penalty_k': 0.48605932310272937, 'scale_lr': 0.6903804486996258}. Best is trial 32 with value: 0.38394216433573325.
checkpoint_e23 window_influence: 0.46203440542199031, penalty_k: 0.01192499736449757, scale_lr: 0.34723423584857777, EAO: 0.339
Trial 799 finished with value: 0.3392695684841171 and parameters: {'window_influence': 0.4620344054219903, 'penalty_k': 0.011924997364497569, 'scale_lr': 0.34723423584857777}. Best is trial 32 with value: 0.38394216433573325.
checkpoint_e23 window_influence: 0.49472683925095551, penalty_k: 0.07292506830374371, scale_lr: 0.41146871536067875, EAO: 0.350
Trial 800 finished with value: 0.3495731360717506 and parameters: {'window_influence': 0.4947268392509555, 'penalty_k': 0.0729250683037437, 'scale_lr': 0.41146871536067875}. Best is trial 32 with value: 0.38394216433573325.
checkpoint_e23 window_influence: 0.43107119685683809, penalty_k: 0.49478734287647541, scale_lr: 0.39560324831846094, EAO: 0.335
Trial 801 finished with value: 0.33502404038080447 and parameters: {'window_influence': 0.4310711968568381, 'penalty_k': 0.4947873428764754, 'scale_lr': 0.39560324831846094}. Best is trial 32 with value: 0.38394216433573325.
checkpoint_e23 window_influence: 0.28702290971579913, penalty_k: 0.04231269194912402, scale_lr: 0.68188978082916485, EAO: 0.320
Trial 802 finished with value: 0.32029240036289053 and parameters: {'window_influence': 0.28702290971579913, 'penalty_k': 0.04231269194912402, 'scale_lr': 0.6818897808291648}. Best is trial 32 with value: 0.38394216433573325.
checkpoint_e23 window_influence: 0.47644831089938111, penalty_k: 0.05482969296148724, scale_lr: 0.48182553479621171, EAO: 0.345
Trial 803 finished with value: 0.34531339527568 and parameters: {'window_influence': 0.4764483108993811, 'penalty_k': 0.054829692961487236, 'scale_lr': 0.4818255347962117}. Best is trial 32 with value: 0.38394216433573325.
checkpoint_e23 window_influence: 0.52122701829611207, penalty_k: 0.03200483768453070, scale_lr: 0.36953526953731186, EAO: 0.343
Trial 804 finished with value: 0.3433650544181408 and parameters: {'window_influence': 0.5212270182961121, 'penalty_k': 0.032004837684530704, 'scale_lr': 0.36953526953731186}. Best is trial 32 with value: 0.38394216433573325.
checkpoint_e23 window_influence: 0.59382932586348158, penalty_k: 0.02171404272043738, scale_lr: 0.11117182419005622, EAO: 0.279
Trial 805 finished with value: 0.27916750595959244 and parameters: {'window_influence': 0.5938293258634816, 'penalty_k': 0.021714042720437383, 'scale_lr': 0.11117182419005622}. Best is trial 32 with value: 0.38394216433573325.
checkpoint_e23 window_influence: 0.49872686470165467, penalty_k: 0.14171580981644968, scale_lr: 0.50574698435862175, EAO: 0.355
