Trial 2381 finished with value: 0.3118099925698937 and parameters: {'window_influence': 0.385813931021092, 'penalty_k': 0.13456210097574217, 'scale_lr': 0.2560309510904428}. Best is trial 1674 with value: 0.38142600678748195.
checkpoint_e33 window_influence: 0.44931781979535146, penalty_k: 0.08781781620157077, scale_lr: 0.70085505799466885, EAO: 0.346
Trial 2382 finished with value: 0.3455097075798168 and parameters: {'window_influence': 0.44931781979535146, 'penalty_k': 0.08781781620157077, 'scale_lr': 0.7008550579946689}. Best is trial 1674 with value: 0.38142600678748195.
checkpoint_e33 window_influence: 0.40951167942531058, penalty_k: 0.24895104832319931, scale_lr: 0.65818108750724458, EAO: 0.323
Trial 2383 finished with value: 0.3225815386043912 and parameters: {'window_influence': 0.4095116794253106, 'penalty_k': 0.2489510483231993, 'scale_lr': 0.6581810875072446}. Best is trial 1674 with value: 0.38142600678748195.
checkpoint_e33 window_influence: 0.46482499068756855, penalty_k: 0.11592838837512061, scale_lr: 0.36185512952837900, EAO: 0.339
Trial 2384 finished with value: 0.33893871492912797 and parameters: {'window_influence': 0.46482499068756855, 'penalty_k': 0.11592838837512061, 'scale_lr': 0.361855129528379}. Best is trial 1674 with value: 0.38142600678748195.
checkpoint_e33 window_influence: 0.49934480905469902, penalty_k: 0.14271462925684766, scale_lr: 0.19467720994524412, EAO: 0.335
Trial 2385 finished with value: 0.33453694519365806 and parameters: {'window_influence': 0.499344809054699, 'penalty_k': 0.14271462925684766, 'scale_lr': 0.19467720994524412}. Best is trial 1674 with value: 0.38142600678748195.
checkpoint_e33 window_influence: 0.48625907113805111, penalty_k: 0.10179576148309730, scale_lr: 0.71810317329335638, EAO: 0.323
Trial 2386 finished with value: 0.32295000918412486 and parameters: {'window_influence': 0.4862590711380511, 'penalty_k': 0.1017957614830973, 'scale_lr': 0.7181031732933564}. Best is trial 1674 with value: 0.38142600678748195.
checkpoint_e33 window_influence: 0.47066465652952139, penalty_k: 0.08866996413577979, scale_lr: 0.38719966590101512, EAO: 0.351
Trial 2387 finished with value: 0.3512094650519033 and parameters: {'window_influence': 0.4706646565295214, 'penalty_k': 0.0886699641357798, 'scale_lr': 0.3871996659010151}. Best is trial 1674 with value: 0.38142600678748195.
checkpoint_e33 window_influence: 0.57677673201922453, penalty_k: 0.03200356725490881, scale_lr: 0.44407986505925284, EAO: 0.284
Trial 2388 finished with value: 0.2844477326025759 and parameters: {'window_influence': 0.5767767320192245, 'penalty_k': 0.03200356725490881, 'scale_lr': 0.44407986505925284}. Best is trial 1674 with value: 0.38142600678748195.
checkpoint_e33 window_influence: 0.45959187499837328, penalty_k: 0.12675314618115724, scale_lr: 0.61213349722925448, EAO: 0.332
Trial 2389 finished with value: 0.33206340229928727 and parameters: {'window_influence': 0.4595918749983733, 'penalty_k': 0.12675314618115724, 'scale_lr': 0.6121334972292545}. Best is trial 1674 with value: 0.38142600678748195.
checkpoint_e33 window_influence: 0.48799754315951083, penalty_k: 0.30351155448074640, scale_lr: 0.64562155327903603, EAO: 0.326
Trial 2390 finished with value: 0.32618520290007386 and parameters: {'window_influence': 0.4879975431595108, 'penalty_k': 0.3035115544807464, 'scale_lr': 0.645621553279036}. Best is trial 1674 with value: 0.38142600678748195.
checkpoint_e33 window_influence: 0.59135472829253743, penalty_k: 0.21218358856488739, scale_lr: 0.58933786545132905, EAO: 0.267
Trial 2391 finished with value: 0.2674460275395835 and parameters: {'window_influence': 0.5913547282925374, 'penalty_k': 0.2121835885648874, 'scale_lr': 0.589337865451329}. Best is trial 1674 with value: 0.38142600678748195.
checkpoint_e33 window_influence: 0.43580532156697405, penalty_k: 0.23699256363470300, scale_lr: 0.67913756625343746, EAO: 0.339
Trial 2392 finished with value: 0.3387648517751508 and parameters: {'window_influence': 0.43580532156697405, 'penalty_k': 0.236992563634703, 'scale_lr': 0.6791375662534375}. Best is trial 1674 with value: 0.38142600678748195.
checkpoint_e33 window_influence: 0.62531898308499834, penalty_k: 0.26359589532115679, scale_lr: 0.31424022523737882, EAO: 0.245
Trial 2393 finished with value: 0.24533712040589478 and parameters: {'window_influence': 0.6253189830849983, 'penalty_k': 0.2635958953211568, 'scale_lr': 0.3142402252373788}. Best is trial 1674 with value: 0.38142600678748195.
checkpoint_e33 window_influence: 0.50306726568581395, penalty_k: 0.28641770144048601, scale_lr: 0.12491224715682674, EAO: 0.307
Trial 2394 finished with value: 0.30723957815986663 and parameters: {'window_influence': 0.503067265685814, 'penalty_k': 0.286417701440486, 'scale_lr': 0.12491224715682674}. Best is trial 1674 with value: 0.38142600678748195.
checkpoint_e33 window_influence: 0.47630611498150260, penalty_k: 0.13437377852323876, scale_lr: 0.77102496200457926, EAO: 0.338
Trial 2395 finished with value: 0.33803036611831605 and parameters: {'window_influence': 0.4763061149815026, 'penalty_k': 0.13437377852323876, 'scale_lr': 0.7710249620045793}. Best is trial 1674 with value: 0.38142600678748195.
checkpoint_e33 window_influence: 0.39670911993041691, penalty_k: 0.46742424599507620, scale_lr: 0.33376491291737465, EAO: 0.315
Trial 2396 finished with value: 0.3151616291197357 and parameters: {'window_influence': 0.3967091199304169, 'penalty_k': 0.4674242459950762, 'scale_lr': 0.33376491291737465}. Best is trial 1674 with value: 0.38142600678748195.
checkpoint_e33 window_influence: 0.44657436549340002, penalty_k: 0.01065593557456753, scale_lr: 0.40433032767127303, EAO: 0.338
Trial 2397 finished with value: 0.33796724653893406 and parameters: {'window_influence': 0.4465743654934, 'penalty_k': 0.010655935574567526, 'scale_lr': 0.404330327671273}. Best is trial 1674 with value: 0.38142600678748195.
checkpoint_e33 window_influence: 0.36223921859419572, penalty_k: 0.36940894228704246, scale_lr: 0.23125233500496775, EAO: 0.316
Trial 2398 finished with value: 0.31642538732359843 and parameters: {'window_influence': 0.3622392185941957, 'penalty_k': 0.36940894228704246, 'scale_lr': 0.23125233500496775}. Best is trial 1674 with value: 0.38142600678748195.
checkpoint_e33 window_influence: 0.42582544331831573, penalty_k: 0.35297103050431672, scale_lr: 0.70394651286755239, EAO: 0.325
Trial 2399 finished with value: 0.32467937585444767 and parameters: {'window_influence': 0.42582544331831573, 'penalty_k': 0.3529710305043167, 'scale_lr': 0.7039465128675524}. Best is trial 1674 with value: 0.38142600678748195.
checkpoint_e33 window_influence: 0.18911314859769340, penalty_k: 0.39939381796706352, scale_lr: 0.37684966466150305, EAO: 0.274
Trial 2400 finished with value: 0.27363217137898915 and parameters: {'window_influence': 0.1891131485976934, 'penalty_k': 0.3993938179670635, 'scale_lr': 0.37684966466150305}. Best is trial 1674 with value: 0.38142600678748195.
checkpoint_e33 window_influence: 0.49229230133466401, penalty_k: 0.53674916940756656, scale_lr: 0.66927030067738558, EAO: 0.299
Trial 2401 finished with value: 0.2985858985654111 and parameters: {'window_influence': 0.492292301334664, 'penalty_k': 0.5367491694075666, 'scale_lr': 0.6692703006773856}. Best is trial 1674 with value: 0.38142600678748195.
checkpoint_e33 window_influence: 0.46774685715058267, penalty_k: 0.32238942054444258, scale_lr: 0.26762166759475559, EAO: 0.322
Trial 2402 finished with value: 0.32236219438133534 and parameters: {'window_influence': 0.4677468571505827, 'penalty_k': 0.3223894205444426, 'scale_lr': 0.2676216675947556}. Best is trial 1674 with value: 0.38142600678748195.
checkpoint_e33 window_influence: 0.56323952340311567, penalty_k: 0.29841890440873903, scale_lr: 0.60381918059858386, EAO: 0.260
Trial 2403 finished with value: 0.25959472132100203 and parameters: {'window_influence': 0.5632395234031157, 'penalty_k': 0.298418904408739, 'scale_lr': 0.6038191805985839}. Best is trial 1674 with value: 0.38142600678748195.
checkpoint_e33 window_influence: 0.50258957218111622, penalty_k: 0.11137435949403360, scale_lr: 0.57976778642738180, EAO: 0.364
Trial 2404 finished with value: 0.36380884805078173 and parameters: {'window_influence': 0.5025895721811162, 'penalty_k': 0.1113743594940336, 'scale_lr': 0.5797677864273818}. Best is trial 1674 with value: 0.38142600678748195.
checkpoint_e33 window_influence: 0.52382114889502740, penalty_k: 0.10915790286025767, scale_lr: 0.63755502499056382, EAO: 0.300
Trial 2405 finished with value: 0.3002279059316398 and parameters: {'window_influence': 0.5238211488950274, 'penalty_k': 0.10915790286025767, 'scale_lr': 0.6375550249905638}. Best is trial 1674 with value: 0.38142600678748195.
checkpoint_e33 window_influence: 0.51095154188666425, penalty_k: 0.10117968504189503, scale_lr: 0.59481425731203708, EAO: 0.334
Trial 2406 finished with value: 0.33403483891301583 and parameters: {'window_influence': 0.5109515418866643, 'penalty_k': 0.10117968504189503, 'scale_lr': 0.5948142573120371}. Best is trial 1674 with value: 0.38142600678748195.
checkpoint_e33 window_influence: 0.12723312796034100, penalty_k: 0.09194822286582524, scale_lr: 0.62178870309395284, EAO: 0.261
Trial 2407 finished with value: 0.2607410517068225 and parameters: {'window_influence': 0.127233127960341, 'penalty_k': 0.09194822286582524, 'scale_lr': 0.6217887030939528}. Best is trial 1674 with value: 0.38142600678748195.
checkpoint_e33 window_influence: 0.54091446462066517, penalty_k: 0.11368365017436123, scale_lr: 0.58088636408305094, EAO: 0.309
Trial 2408 finished with value: 0.30851788041888506 and parameters: {'window_influence': 0.5409144646206652, 'penalty_k': 0.11368365017436123, 'scale_lr': 0.5808863640830509}. Best is trial 1674 with value: 0.38142600678748195.
checkpoint_e33 window_influence: 0.50436758615825428, penalty_k: 0.10485978288833901, scale_lr: 0.47126316301170862, EAO: 0.346
Trial 2409 finished with value: 0.34637926559503907 and parameters: {'window_influence': 0.5043675861582543, 'penalty_k': 0.10485978288833901, 'scale_lr': 0.4712631630117086}. Best is trial 1674 with value: 0.38142600678748195.
checkpoint_e33 window_influence: 0.26195157277912540, penalty_k: 0.11713241299054643, scale_lr: 0.61363559110759214, EAO: 0.304
Trial 2410 finished with value: 0.3038512970454962 and parameters: {'window_influence': 0.2619515727791254, 'penalty_k': 0.11713241299054643, 'scale_lr': 0.6136355911075921}. Best is trial 1674 with value: 0.38142600678748195.
checkpoint_e33 window_influence: 0.52871670137226912, penalty_k: 0.10656343299929853, scale_lr: 0.60882846631847742, EAO: 0.308
Trial 2411 finished with value: 0.30753344680084793 and parameters: {'window_influence': 0.5287167013722691, 'penalty_k': 0.10656343299929853, 'scale_lr': 0.6088284663184774}. Best is trial 1674 with value: 0.38142600678748195.
checkpoint_e33 window_influence: 0.36772612964532148, penalty_k: 0.41901589279096429, scale_lr: 0.59286175217209358, EAO: 0.304
Trial 2412 finished with value: 0.30409836705324716 and parameters: {'window_influence': 0.3677261296453215, 'penalty_k': 0.4190158927909643, 'scale_lr': 0.5928617521720936}. Best is trial 1674 with value: 0.38142600678748195.
checkpoint_e33 window_influence: 0.51572760319307986, penalty_k: 0.08745232488052303, scale_lr: 0.44909584643189049, EAO: 0.314
Trial 2413 finished with value: 0.3141522774552557 and parameters: {'window_influence': 0.5157276031930799, 'penalty_k': 0.08745232488052303, 'scale_lr': 0.4490958464318905}. Best is trial 1674 with value: 0.38142600678748195.
checkpoint_e33 window_influence: 0.16143860669937282, penalty_k: 0.09493207242687535, scale_lr: 0.64683400799493374, EAO: 0.268
Trial 2414 finished with value: 0.2680139952132674 and parameters: {'window_influence': 0.16143860669937282, 'penalty_k': 0.09493207242687535, 'scale_lr': 0.6468340079949337}. Best is trial 1674 with value: 0.38142600678748195.
checkpoint_e33 window_influence: 0.59724971788444114, penalty_k: 0.48182796788180809, scale_lr: 0.62970542785671191, EAO: 0.239
Trial 2415 finished with value: 0.23930398945910458 and parameters: {'window_influence': 0.5972497178844411, 'penalty_k': 0.4818279678818081, 'scale_lr': 0.6297054278567119}. Best is trial 1674 with value: 0.38142600678748195.
checkpoint_e33 window_influence: 0.50977148369352521, penalty_k: 0.09388198154386773, scale_lr: 0.59929953006220149, EAO: 0.320
Trial 2416 finished with value: 0.32018369262320523 and parameters: {'window_influence': 0.5097714836935252, 'penalty_k': 0.09388198154386773, 'scale_lr': 0.5992995300622015}. Best is trial 1674 with value: 0.38142600678748195.
checkpoint_e33 window_influence: 0.50156940794900473, penalty_k: 0.11545168968467634, scale_lr: 0.65795257915597594, EAO: 0.358
Trial 2417 finished with value: 0.3575604576545003 and parameters: {'window_influence': 0.5015694079490047, 'penalty_k': 0.11545168968467634, 'scale_lr': 0.6579525791559759}. Best is trial 1674 with value: 0.38142600678748195.
checkpoint_e33 window_influence: 0.52251306320279933, penalty_k: 0.12466353695112262, scale_lr: 0.14257153399001515, EAO: 0.313
Trial 2418 finished with value: 0.313440341893801 and parameters: {'window_influence': 0.5225130632027993, 'penalty_k': 0.12466353695112262, 'scale_lr': 0.14257153399001515}. Best is trial 1674 with value: 0.38142600678748195.
checkpoint_e33 window_influence: 0.49973430681131048, penalty_k: 0.08034698893011850, scale_lr: 0.78738795418197438, EAO: 0.328
Trial 2419 finished with value: 0.32806294037442263 and parameters: {'window_influence': 0.4997343068113105, 'penalty_k': 0.0803469889301185, 'scale_lr': 0.7873879541819744}. Best is trial 1674 with value: 0.38142600678748195.
checkpoint_e33 window_influence: 0.49394058458026674, penalty_k: 0.11464382096021160, scale_lr: 0.17097703274520920, EAO: 0.325
Trial 2420 finished with value: 0.3252635604560607 and parameters: {'window_influence': 0.49394058458026674, 'penalty_k': 0.1146438209602116, 'scale_lr': 0.1709770327452092}. Best is trial 1674 with value: 0.38142600678748195.
checkpoint_e33 window_influence: 0.51036252922957992, penalty_k: 0.10359067786695485, scale_lr: 0.43124461634933725, EAO: 0.354
Trial 2421 finished with value: 0.35394232572284656 and parameters: {'window_influence': 0.5103625292295799, 'penalty_k': 0.10359067786695485, 'scale_lr': 0.43124461634933725}. Best is trial 1674 with value: 0.38142600678748195.
checkpoint_e33 window_influence: 0.30042599963587213, penalty_k: 0.08554660762080972, scale_lr: 0.30249479467243479, EAO: 0.295
Trial 2422 finished with value: 0.29535599905229265 and parameters: {'window_influence': 0.30042599963587213, 'penalty_k': 0.08554660762080972, 'scale_lr': 0.3024947946724348}. Best is trial 1674 with value: 0.38142600678748195.
checkpoint_e33 window_influence: 0.48950261724392280, penalty_k: 0.02473313957623202, scale_lr: 0.21455900128618036, EAO: 0.362
Trial 2423 finished with value: 0.36222033649103186 and parameters: {'window_influence': 0.4895026172439228, 'penalty_k': 0.02473313957623202, 'scale_lr': 0.21455900128618036}. Best is trial 1674 with value: 0.38142600678748195.
checkpoint_e33 window_influence: 0.50216010291475366, penalty_k: 0.23114768060789170, scale_lr: 0.57674664405326892, EAO: 0.320
Trial 2424 finished with value: 0.320313525686932 and parameters: {'window_influence': 0.5021601029147537, 'penalty_k': 0.2311476806078917, 'scale_lr': 0.5767466440532689}. Best is trial 1674 with value: 0.38142600678748195.
checkpoint_e33 window_influence: 0.55391923270355337, penalty_k: 0.59087377037895206, scale_lr: 0.17978062524089641, EAO: 0.264
Trial 2425 finished with value: 0.2644438524422479 and parameters: {'window_influence': 0.5539192327035534, 'penalty_k': 0.5908737703789521, 'scale_lr': 0.1797806252408964}. Best is trial 1674 with value: 0.38142600678748195.
checkpoint_e33 window_influence: 0.18182378700025170, penalty_k: 0.12341155167330899, scale_lr: 0.73470829346502942, EAO: 0.281
Trial 2426 finished with value: 0.28096575269671265 and parameters: {'window_influence': 0.1818237870002517, 'penalty_k': 0.12341155167330899, 'scale_lr': 0.7347082934650294}. Best is trial 1674 with value: 0.38142600678748195.
checkpoint_e33 window_influence: 0.37675933556518976, penalty_k: 0.54691584970255214, scale_lr: 0.71115858463330583, EAO: 0.327
Trial 2427 finished with value: 0.32697951358811866 and parameters: {'window_influence': 0.37675933556518976, 'penalty_k': 0.5469158497025521, 'scale_lr': 0.7111585846333058}. Best is trial 1674 with value: 0.38142600678748195.
checkpoint_e33 window_influence: 0.52233058165219293, penalty_k: 0.42134373418551846, scale_lr: 0.36944546900864844, EAO: 0.305
Trial 2428 finished with value: 0.3051832008106699 and parameters: {'window_influence': 0.5223305816521929, 'penalty_k': 0.42134373418551846, 'scale_lr': 0.36944546900864844}. Best is trial 1674 with value: 0.38142600678748195.
checkpoint_e33 window_influence: 0.53843628643037211, penalty_k: 0.21880664183101975, scale_lr: 0.62977386171463567, EAO: 0.294
Trial 2429 finished with value: 0.2941369821357356 and parameters: {'window_influence': 0.5384362864303721, 'penalty_k': 0.21880664183101975, 'scale_lr': 0.6297738617146357}. Best is trial 1674 with value: 0.38142600678748195.
checkpoint_e33 window_influence: 0.63715748955866824, penalty_k: 0.37788342025877641, scale_lr: 0.75026560850024238, EAO: 0.234
Trial 2430 finished with value: 0.2339200618086158 and parameters: {'window_influence': 0.6371574895586682, 'penalty_k': 0.3778834202587764, 'scale_lr': 0.7502656085002424}. Best is trial 1674 with value: 0.38142600678748195.
checkpoint_e33 window_influence: 0.44116227665512514, penalty_k: 0.07737655423420473, scale_lr: 0.35117464781615798, EAO: 0.326
Trial 2431 finished with value: 0.3258895189265797 and parameters: {'window_influence': 0.44116227665512514, 'penalty_k': 0.07737655423420473, 'scale_lr': 0.351174647816158}. Best is trial 1674 with value: 0.38142600678748195.
checkpoint_e33 window_influence: 0.47994366054593651, penalty_k: 0.48520853880944542, scale_lr: 0.68605363075762615, EAO: 0.319
Trial 2432 finished with value: 0.31880428441999487 and parameters: {'window_influence': 0.4799436605459365, 'penalty_k': 0.4852085388094454, 'scale_lr': 0.6860536307576262}. Best is trial 1674 with value: 0.38142600678748195.
checkpoint_e33 window_influence: 0.42506676493084639, penalty_k: 0.03874588123363955, scale_lr: 0.45820954312408080, EAO: 0.329
Trial 2433 finished with value: 0.32860802467695005 and parameters: {'window_influence': 0.4250667649308464, 'penalty_k': 0.038745881233639555, 'scale_lr': 0.4582095431240808}. Best is trial 1674 with value: 0.38142600678748195.
checkpoint_e33 window_influence: 0.45681972850190566, penalty_k: 0.10719692342919283, scale_lr: 0.60879093087571334, EAO: 0.335
Trial 2434 finished with value: 0.3351051648535153 and parameters: {'window_influence': 0.45681972850190566, 'penalty_k': 0.10719692342919283, 'scale_lr': 0.6087909308757133}. Best is trial 1674 with value: 0.38142600678748195.
checkpoint_e33 window_influence: 0.49349663976347269, penalty_k: 0.02295408407787715, scale_lr: 0.58450909371778936, EAO: 0.362
Trial 2435 finished with value: 0.3619144274798813 and parameters: {'window_influence': 0.4934966397634727, 'penalty_k': 0.02295408407787715, 'scale_lr': 0.5845090937177894}. Best is trial 1674 with value: 0.38142600678748195.
checkpoint_e33 window_influence: 0.51373793629882192, penalty_k: 0.57424742665822148, scale_lr: 0.47685240179926286, EAO: 0.292
Trial 2436 finished with value: 0.2920941333594489 and parameters: {'window_influence': 0.5137379362988219, 'penalty_k': 0.5742474266582215, 'scale_lr': 0.47685240179926286}. Best is trial 1674 with value: 0.38142600678748195.
checkpoint_e33 window_influence: 0.47779272737251582, penalty_k: 0.30890540588053239, scale_lr: 0.66605370064837688, EAO: 0.326
Trial 2437 finished with value: 0.3264249215330131 and parameters: {'window_influence': 0.4777927273725158, 'penalty_k': 0.3089054058805324, 'scale_lr': 0.6660537006483769}. Best is trial 1674 with value: 0.38142600678748195.
checkpoint_e33 window_influence: 0.38862918593228457, penalty_k: 0.08040238937862532, scale_lr: 0.25216331855490559, EAO: 0.311
Trial 2438 finished with value: 0.3105868295356921 and parameters: {'window_influence': 0.38862918593228457, 'penalty_k': 0.08040238937862532, 'scale_lr': 0.2521633185549056}. Best is trial 1674 with value: 0.38142600678748195.
checkpoint_e33 window_influence: 0.46380184464563795, penalty_k: 0.08994425725923755, scale_lr: 0.69560007401080004, EAO: 0.351
Trial 2439 finished with value: 0.351340655222941 and parameters: {'window_influence': 0.46380184464563795, 'penalty_k': 0.08994425725923755, 'scale_lr': 0.6956000740108}. Best is trial 1674 with value: 0.38142600678748195.
checkpoint_e33 window_influence: 0.63818636392618555, penalty_k: 0.24740868470654398, scale_lr: 0.76330351637112903, EAO: 0.237
Trial 2440 finished with value: 0.23701524293840162 and parameters: {'window_influence': 0.6381863639261856, 'penalty_k': 0.24740868470654398, 'scale_lr': 0.763303516371129}. Best is trial 1674 with value: 0.38142600678748195.
checkpoint_e33 window_influence: 0.15219258542552644, penalty_k: 0.05144392121882332, scale_lr: 0.61797837495281682, EAO: 0.267
Trial 2441 finished with value: 0.26706160958638914 and parameters: {'window_influence': 0.15219258542552644, 'penalty_k': 0.05144392121882332, 'scale_lr': 0.6179783749528168}. Best is trial 1674 with value: 0.38142600678748195.
checkpoint_e33 window_influence: 0.50188441988824750, penalty_k: 0.09914747937240621, scale_lr: 0.65200652474716669, EAO: 0.318
