Trial 2198 finished with value: 0.30991663137298614 and parameters: {'window_influence': 0.26328852615572984, 'penalty_k': 0.10086753054488137, 'scale_lr': 0.7511591988605351}. Best is trial 1674 with value: 0.38142600678748195.
checkpoint_e33 window_influence: 0.44900591163044412, penalty_k: 0.24996286659711914, scale_lr: 0.52081873955478719, EAO: 0.334
Trial 2199 finished with value: 0.3343890769704307 and parameters: {'window_influence': 0.4490059116304441, 'penalty_k': 0.24996286659711914, 'scale_lr': 0.5208187395547872}. Best is trial 1674 with value: 0.38142600678748195.
checkpoint_e33 window_influence: 0.07659439557630637, penalty_k: 0.27173473694969236, scale_lr: 0.49047942029448749, EAO: 0.253
Trial 2200 finished with value: 0.25339839552395077 and parameters: {'window_influence': 0.07659439557630637, 'penalty_k': 0.27173473694969236, 'scale_lr': 0.4904794202944875}. Best is trial 1674 with value: 0.38142600678748195.
checkpoint_e33 window_influence: 0.23334136247645987, penalty_k: 0.44992212195887082, scale_lr: 0.47424762887379329, EAO: 0.294
Trial 2201 finished with value: 0.2936866041635261 and parameters: {'window_influence': 0.23334136247645987, 'penalty_k': 0.4499221219588708, 'scale_lr': 0.4742476288737933}. Best is trial 1674 with value: 0.38142600678748195.
checkpoint_e33 window_influence: 0.47507665293914220, penalty_k: 0.11888972694133518, scale_lr: 0.53780479010599525, EAO: 0.351
Trial 2202 finished with value: 0.35126123377321294 and parameters: {'window_influence': 0.4750766529391422, 'penalty_k': 0.11888972694133518, 'scale_lr': 0.5378047901059952}. Best is trial 1674 with value: 0.38142600678748195.
checkpoint_e33 window_influence: 0.49411138967368839, penalty_k: 0.08042006645030571, scale_lr: 0.58867669119183108, EAO: 0.348
Trial 2203 finished with value: 0.34789646309637373 and parameters: {'window_influence': 0.4941113896736884, 'penalty_k': 0.08042006645030571, 'scale_lr': 0.5886766911918311}. Best is trial 1674 with value: 0.38142600678748195.
checkpoint_e33 window_influence: 0.48212313305191290, penalty_k: 0.06721089738149540, scale_lr: 0.55303537023315796, EAO: 0.349
Trial 2204 finished with value: 0.34920386164104894 and parameters: {'window_influence': 0.4821231330519129, 'penalty_k': 0.0672108973814954, 'scale_lr': 0.553035370233158}. Best is trial 1674 with value: 0.38142600678748195.
checkpoint_e33 window_influence: 0.42060723082936236, penalty_k: 0.14410442947558066, scale_lr: 0.50505723108777423, EAO: 0.339
Trial 2205 finished with value: 0.3387564173700281 and parameters: {'window_influence': 0.42060723082936236, 'penalty_k': 0.14410442947558066, 'scale_lr': 0.5050572310877742}. Best is trial 1674 with value: 0.38142600678748195.
checkpoint_e33 window_influence: 0.46888046961416818, penalty_k: 0.31597542866608719, scale_lr: 0.30587327555417998, EAO: 0.336
Trial 2206 finished with value: 0.3357537582458689 and parameters: {'window_influence': 0.4688804696141682, 'penalty_k': 0.3159754286660872, 'scale_lr': 0.30587327555418}. Best is trial 1674 with value: 0.38142600678748195.
checkpoint_e33 window_influence: 0.15991995686253599, penalty_k: 0.15559396014143959, scale_lr: 0.76478647926894483, EAO: 0.285
Trial 2207 finished with value: 0.28523545477408846 and parameters: {'window_influence': 0.159919956862536, 'penalty_k': 0.15559396014143959, 'scale_lr': 0.7647864792689448}. Best is trial 1674 with value: 0.38142600678748195.
checkpoint_e33 window_influence: 0.17837140779020716, penalty_k: 0.08340871065846506, scale_lr: 0.46485841526913263, EAO: 0.282
Trial 2208 finished with value: 0.2820633271208997 and parameters: {'window_influence': 0.17837140779020716, 'penalty_k': 0.08340871065846506, 'scale_lr': 0.46485841526913263}. Best is trial 1674 with value: 0.38142600678748195.
checkpoint_e33 window_influence: 0.45642594762363353, penalty_k: 0.55206100767731248, scale_lr: 0.51309811465834654, EAO: 0.308
Trial 2209 finished with value: 0.3084434142140563 and parameters: {'window_influence': 0.45642594762363353, 'penalty_k': 0.5520610076773125, 'scale_lr': 0.5130981146583465}. Best is trial 1674 with value: 0.38142600678748195.
checkpoint_e33 window_influence: 0.11582643742413501, penalty_k: 0.40326896714688781, scale_lr: 0.78126717566779769, EAO: 0.264
Trial 2210 finished with value: 0.2643776614842248 and parameters: {'window_influence': 0.11582643742413501, 'penalty_k': 0.4032689671468878, 'scale_lr': 0.7812671756677977}. Best is trial 1674 with value: 0.38142600678748195.
checkpoint_e33 window_influence: 0.35082833396470037, penalty_k: 0.29858964511941938, scale_lr: 0.70344274461355338, EAO: 0.316
Trial 2211 finished with value: 0.3158162563807306 and parameters: {'window_influence': 0.35082833396470037, 'penalty_k': 0.2985896451194194, 'scale_lr': 0.7034427446135534}. Best is trial 1674 with value: 0.38142600678748195.
checkpoint_e33 window_influence: 0.48933644903366436, penalty_k: 0.06985124881470876, scale_lr: 0.41299926069120368, EAO: 0.347
Trial 2212 finished with value: 0.34710821196262936 and parameters: {'window_influence': 0.48933644903366436, 'penalty_k': 0.06985124881470876, 'scale_lr': 0.4129992606912037}. Best is trial 1674 with value: 0.38142600678748195.
checkpoint_e33 window_influence: 0.59743430718444546, penalty_k: 0.49869610418476851, scale_lr: 0.20565527970027794, EAO: 0.242
Trial 2213 finished with value: 0.24217449459120458 and parameters: {'window_influence': 0.5974343071844455, 'penalty_k': 0.4986961041847685, 'scale_lr': 0.20565527970027794}. Best is trial 1674 with value: 0.38142600678748195.
checkpoint_e33 window_influence: 0.32730891510106253, penalty_k: 0.26055270758785548, scale_lr: 0.53078429577246800, EAO: 0.325
Trial 2214 finished with value: 0.3247012998111517 and parameters: {'window_influence': 0.3273089151010625, 'penalty_k': 0.2605527075878555, 'scale_lr': 0.530784295772468}. Best is trial 1674 with value: 0.38142600678748195.
checkpoint_e33 window_influence: 0.43975711367574055, penalty_k: 0.33694028717550312, scale_lr: 0.49191327144024011, EAO: 0.341
Trial 2215 finished with value: 0.34072446741946477 and parameters: {'window_influence': 0.43975711367574055, 'penalty_k': 0.3369402871755031, 'scale_lr': 0.4919132714402401}. Best is trial 1674 with value: 0.38142600678748195.
checkpoint_e33 window_influence: 0.39724669837020343, penalty_k: 0.10547399040261250, scale_lr: 0.74389720538219495, EAO: 0.334
Trial 2216 finished with value: 0.3335993045266964 and parameters: {'window_influence': 0.39724669837020343, 'penalty_k': 0.1054739904026125, 'scale_lr': 0.743897205382195}. Best is trial 1674 with value: 0.38142600678748195.
checkpoint_e33 window_influence: 0.47531718720734828, penalty_k: 0.52865011843402288, scale_lr: 0.34059662957578224, EAO: 0.320
Trial 2217 finished with value: 0.32003675644731705 and parameters: {'window_influence': 0.4753171872073483, 'penalty_k': 0.5286501184340229, 'scale_lr': 0.34059662957578224}. Best is trial 1674 with value: 0.38142600678748195.
checkpoint_e33 window_influence: 0.49654505935895260, penalty_k: 0.13065663126361576, scale_lr: 0.35976243484920500, EAO: 0.359
Trial 2218 finished with value: 0.3590676060910355 and parameters: {'window_influence': 0.4965450593589526, 'penalty_k': 0.13065663126361576, 'scale_lr': 0.359762434849205}. Best is trial 1674 with value: 0.38142600678748195.
checkpoint_e33 window_influence: 0.45218213536314406, penalty_k: 0.38025819413522333, scale_lr: 0.44730016903830910, EAO: 0.330
Trial 2219 finished with value: 0.33004782067662547 and parameters: {'window_influence': 0.45218213536314406, 'penalty_k': 0.3802581941352233, 'scale_lr': 0.4473001690383091}. Best is trial 1674 with value: 0.38142600678748195.
checkpoint_e33 window_influence: 0.05361865765286911, penalty_k: 0.16231645182056775, scale_lr: 0.39202947288106893, EAO: 0.253
Trial 2220 finished with value: 0.2531283428232957 and parameters: {'window_influence': 0.053618657652869106, 'penalty_k': 0.16231645182056775, 'scale_lr': 0.39202947288106893}. Best is trial 1674 with value: 0.38142600678748195.
checkpoint_e33 window_influence: 0.20434139246558999, penalty_k: 0.23867321065139571, scale_lr: 0.17083498701338978, EAO: 0.276
Trial 2221 finished with value: 0.27617032408482367 and parameters: {'window_influence': 0.20434139246559, 'penalty_k': 0.2386732106513957, 'scale_lr': 0.17083498701338978}. Best is trial 1674 with value: 0.38142600678748195.
checkpoint_e33 window_influence: 0.48356012514887536, penalty_k: 0.09220867975974890, scale_lr: 0.58446420085370809, EAO: 0.351
Trial 2222 finished with value: 0.3510020715021438 and parameters: {'window_influence': 0.48356012514887536, 'penalty_k': 0.0922086797597489, 'scale_lr': 0.5844642008537081}. Best is trial 1674 with value: 0.38142600678748195.
checkpoint_e33 window_influence: 0.25397502412911499, penalty_k: 0.39745836637268772, scale_lr: 0.56681570996540265, EAO: 0.299
Trial 2223 finished with value: 0.29949088290275766 and parameters: {'window_influence': 0.253975024129115, 'penalty_k': 0.3974583663726877, 'scale_lr': 0.5668157099654026}. Best is trial 1674 with value: 0.38142600678748195.
checkpoint_e33 window_influence: 0.49650820480987617, penalty_k: 0.05605713850056878, scale_lr: 0.47696061999984390, EAO: 0.351
Trial 2224 finished with value: 0.35054504511885143 and parameters: {'window_influence': 0.4965082048098762, 'penalty_k': 0.05605713850056878, 'scale_lr': 0.4769606199998439}. Best is trial 1674 with value: 0.38142600678748195.
checkpoint_e33 window_influence: 0.46337489133885001, penalty_k: 0.11668078137382841, scale_lr: 0.50697672279512696, EAO: 0.333
Trial 2225 finished with value: 0.33259103108009014 and parameters: {'window_influence': 0.46337489133885, 'penalty_k': 0.11668078137382841, 'scale_lr': 0.506976722795127}. Best is trial 1674 with value: 0.38142600678748195.
checkpoint_e33 window_influence: 0.47261977552175050, penalty_k: 0.14635921543640149, scale_lr: 0.52469346477549328, EAO: 0.340
Trial 2226 finished with value: 0.3402641744929065 and parameters: {'window_influence': 0.4726197755217505, 'penalty_k': 0.14635921543640149, 'scale_lr': 0.5246934647754933}. Best is trial 1674 with value: 0.38142600678748195.
checkpoint_e33 window_influence: 0.28703132960955591, penalty_k: 0.06551205077777207, scale_lr: 0.73175965227481643, EAO: 0.316
Trial 2227 finished with value: 0.3157848998150473 and parameters: {'window_influence': 0.2870313296095559, 'penalty_k': 0.06551205077777207, 'scale_lr': 0.7317596522748164}. Best is trial 1674 with value: 0.38142600678748195.
checkpoint_e33 window_influence: 0.48730814592441196, penalty_k: 0.25412716832758370, scale_lr: 0.60084225394670721, EAO: 0.344
Trial 2228 finished with value: 0.34426176930679886 and parameters: {'window_influence': 0.48730814592441196, 'penalty_k': 0.2541271683275837, 'scale_lr': 0.6008422539467072}. Best is trial 1674 with value: 0.38142600678748195.
checkpoint_e33 window_influence: 0.50407009529075708, penalty_k: 0.56388275137037691, scale_lr: 0.43327783070034798, EAO: 0.296
Trial 2229 finished with value: 0.29631237795844617 and parameters: {'window_influence': 0.5040700952907571, 'penalty_k': 0.5638827513703769, 'scale_lr': 0.433277830700348}. Best is trial 1674 with value: 0.38142600678748195.
checkpoint_e33 window_influence: 0.37391530560330016, penalty_k: 0.23092579532319310, scale_lr: 0.54452611353868186, EAO: 0.313
Trial 2230 finished with value: 0.31324359867359414 and parameters: {'window_influence': 0.37391530560330016, 'penalty_k': 0.2309257953231931, 'scale_lr': 0.5445261135386819}. Best is trial 1674 with value: 0.38142600678748195.
checkpoint_e33 window_influence: 0.57688288671763632, penalty_k: 0.08011411016515058, scale_lr: 0.49060635815367054, EAO: 0.300
Trial 2231 finished with value: 0.30029730487194506 and parameters: {'window_influence': 0.5768828867176363, 'penalty_k': 0.08011411016515058, 'scale_lr': 0.49060635815367054}. Best is trial 1674 with value: 0.38142600678748195.
checkpoint_e33 window_influence: 0.38410098321145808, penalty_k: 0.13617509386229706, scale_lr: 0.28019977373384525, EAO: 0.320
Trial 2232 finished with value: 0.3203302645613711 and parameters: {'window_influence': 0.3841009832114581, 'penalty_k': 0.13617509386229706, 'scale_lr': 0.28019977373384525}. Best is trial 1674 with value: 0.38142600678748195.
checkpoint_e33 window_influence: 0.44414062093689233, penalty_k: 0.17501073077994175, scale_lr: 0.46412179371850060, EAO: 0.334
Trial 2233 finished with value: 0.33396604204920016 and parameters: {'window_influence': 0.4441406209368923, 'penalty_k': 0.17501073077994175, 'scale_lr': 0.4641217937185006}. Best is trial 1674 with value: 0.38142600678748195.
checkpoint_e33 window_influence: 0.41423027852592381, penalty_k: 0.36339970757373291, scale_lr: 0.55836011936802976, EAO: 0.330
Trial 2234 finished with value: 0.3302335429516284 and parameters: {'window_influence': 0.4142302785259238, 'penalty_k': 0.3633997075737329, 'scale_lr': 0.5583601193680298}. Best is trial 1674 with value: 0.38142600678748195.
checkpoint_e33 window_influence: 0.47675154917879853, penalty_k: 0.28453905858695250, scale_lr: 0.71003116864275384, EAO: 0.337
Trial 2235 finished with value: 0.33682807549428384 and parameters: {'window_influence': 0.47675154917879853, 'penalty_k': 0.2845390585869525, 'scale_lr': 0.7100311686427538}. Best is trial 1674 with value: 0.38142600678748195.
checkpoint_e33 window_influence: 0.43315271663952465, penalty_k: 0.05680585600873810, scale_lr: 0.50233975089060701, EAO: 0.340
Trial 2236 finished with value: 0.3397803518790679 and parameters: {'window_influence': 0.43315271663952465, 'penalty_k': 0.056805856008738095, 'scale_lr': 0.502339750890607}. Best is trial 1674 with value: 0.38142600678748195.
checkpoint_e33 window_influence: 0.06383213363666462, penalty_k: 0.15768434477084065, scale_lr: 0.52336444231005630, EAO: 0.261
Trial 2237 finished with value: 0.2607270196833963 and parameters: {'window_influence': 0.06383213363666462, 'penalty_k': 0.15768434477084065, 'scale_lr': 0.5233644423100563}. Best is trial 1674 with value: 0.38142600678748195.
checkpoint_e33 window_influence: 0.45956906119922675, penalty_k: 0.21730553957486765, scale_lr: 0.23553847099541067, EAO: 0.323
Trial 2238 finished with value: 0.32340876479788977 and parameters: {'window_influence': 0.45956906119922675, 'penalty_k': 0.21730553957486765, 'scale_lr': 0.23553847099541067}. Best is trial 1674 with value: 0.38142600678748195.
checkpoint_e33 window_influence: 0.49433057989129658, penalty_k: 0.35821988521668563, scale_lr: 0.31987762762241084, EAO: 0.324
Trial 2239 finished with value: 0.3237412036740826 and parameters: {'window_influence': 0.4943305798912966, 'penalty_k': 0.35821988521668563, 'scale_lr': 0.31987762762241084}. Best is trial 1674 with value: 0.38142600678748195.
checkpoint_e33 window_influence: 0.48317931115366741, penalty_k: 0.53680746060260953, scale_lr: 0.34508428440607730, EAO: 0.307
Trial 2240 finished with value: 0.3073618563348681 and parameters: {'window_influence': 0.4831793111536674, 'penalty_k': 0.5368074606026095, 'scale_lr': 0.3450842844060773}. Best is trial 1674 with value: 0.38142600678748195.
checkpoint_e33 window_influence: 0.46913353661540219, penalty_k: 0.10769644668908997, scale_lr: 0.53776938389003814, EAO: 0.347
Trial 2241 finished with value: 0.3471248863040241 and parameters: {'window_influence': 0.4691335366154022, 'penalty_k': 0.10769644668908997, 'scale_lr': 0.5377693838900381}. Best is trial 1674 with value: 0.38142600678748195.
checkpoint_e33 window_influence: 0.50753275156706990, penalty_k: 0.07520815845606191, scale_lr: 0.60679481258894041, EAO: 0.323
Trial 2242 finished with value: 0.3225794424690625 and parameters: {'window_influence': 0.5075327515670699, 'penalty_k': 0.07520815845606191, 'scale_lr': 0.6067948125889404}. Best is trial 1674 with value: 0.38142600678748195.
checkpoint_e33 window_influence: 0.60565079215380901, penalty_k: 0.32597479078652725, scale_lr: 0.37917374725840264, EAO: 0.239
Trial 2243 finished with value: 0.23899774282358963 and parameters: {'window_influence': 0.605650792153809, 'penalty_k': 0.32597479078652725, 'scale_lr': 0.37917374725840264}. Best is trial 1674 with value: 0.38142600678748195.
checkpoint_e33 window_influence: 0.49637082638132290, penalty_k: 0.57528640569606837, scale_lr: 0.48261837877207192, EAO: 0.288
Trial 2244 finished with value: 0.28832490684225404 and parameters: {'window_influence': 0.4963708263813229, 'penalty_k': 0.5752864056960684, 'scale_lr': 0.4826183787720719}. Best is trial 1674 with value: 0.38142600678748195.
checkpoint_e33 window_influence: 0.55365698379178863, penalty_k: 0.12915672804459460, scale_lr: 0.77168192732023855, EAO: 0.304
Trial 2245 finished with value: 0.30360675142201005 and parameters: {'window_influence': 0.5536569837917886, 'penalty_k': 0.1291567280445946, 'scale_lr': 0.7716819273202385}. Best is trial 1674 with value: 0.38142600678748195.
checkpoint_e33 window_influence: 0.45259326821185003, penalty_k: 0.08809722461562364, scale_lr: 0.72267621549872763, EAO: 0.333
Trial 2246 finished with value: 0.3329163753800819 and parameters: {'window_influence': 0.45259326821185003, 'penalty_k': 0.08809722461562364, 'scale_lr': 0.7226762154987276}. Best is trial 1674 with value: 0.38142600678748195.
checkpoint_e33 window_influence: 0.46928297368066213, penalty_k: 0.05773810357968247, scale_lr: 0.57579559260509905, EAO: 0.360
Trial 2247 finished with value: 0.3601455338270284 and parameters: {'window_influence': 0.46928297368066213, 'penalty_k': 0.057738103579682475, 'scale_lr': 0.575795592605099}. Best is trial 1674 with value: 0.38142600678748195.
checkpoint_e33 window_influence: 0.17514650131947243, penalty_k: 0.29333507591671387, scale_lr: 0.51089490573943586, EAO: 0.278
Trial 2248 finished with value: 0.2780842915003402 and parameters: {'window_influence': 0.17514650131947243, 'penalty_k': 0.29333507591671387, 'scale_lr': 0.5108949057394359}. Best is trial 1674 with value: 0.38142600678748195.
checkpoint_e33 window_influence: 0.42725079278180539, penalty_k: 0.32044759238033160, scale_lr: 0.44874997011503875, EAO: 0.330
Trial 2249 finished with value: 0.3299140933654652 and parameters: {'window_influence': 0.4272507927818054, 'penalty_k': 0.3204475923803316, 'scale_lr': 0.44874997011503875}. Best is trial 1674 with value: 0.38142600678748195.
checkpoint_e33 window_influence: 0.58485889577041483, penalty_k: 0.26595284909560690, scale_lr: 0.15116148307604671, EAO: 0.283
Trial 2250 finished with value: 0.2832668982011335 and parameters: {'window_influence': 0.5848588957704148, 'penalty_k': 0.2659528490956069, 'scale_lr': 0.1511614830760467}. Best is trial 1674 with value: 0.38142600678748195.
checkpoint_e33 window_influence: 0.48385256933729659, penalty_k: 0.17014961917848981, scale_lr: 0.29290985719764245, EAO: 0.322
Trial 2251 finished with value: 0.32240177592414826 and parameters: {'window_influence': 0.4838525693372966, 'penalty_k': 0.1701496191784898, 'scale_lr': 0.29290985719764245}. Best is trial 1674 with value: 0.38142600678748195.
checkpoint_e33 window_influence: 0.08745565622973683, penalty_k: 0.47965539867767193, scale_lr: 0.49787605748244185, EAO: 0.250
Trial 2252 finished with value: 0.2504713229748062 and parameters: {'window_influence': 0.08745565622973683, 'penalty_k': 0.47965539867767193, 'scale_lr': 0.49787605748244185}. Best is trial 1674 with value: 0.38142600678748195.
checkpoint_e33 window_influence: 0.51006723194539760, penalty_k: 0.14970587358960347, scale_lr: 0.78626266189454552, EAO: 0.312
Trial 2253 finished with value: 0.3119040662676444 and parameters: {'window_influence': 0.5100672319453976, 'penalty_k': 0.14970587358960347, 'scale_lr': 0.7862626618945455}. Best is trial 1674 with value: 0.38142600678748195.
checkpoint_e33 window_influence: 0.32315451478227808, penalty_k: 0.06695373676469549, scale_lr: 0.46510942706202574, EAO: 0.332
Trial 2254 finished with value: 0.33163394051303197 and parameters: {'window_influence': 0.3231545147822781, 'penalty_k': 0.06695373676469549, 'scale_lr': 0.46510942706202574}. Best is trial 1674 with value: 0.38142600678748195.
checkpoint_e33 window_influence: 0.49395235016299827, penalty_k: 0.04727385151503743, scale_lr: 0.70293788375760535, EAO: 0.329
Trial 2255 finished with value: 0.3286026635058659 and parameters: {'window_influence': 0.49395235016299827, 'penalty_k': 0.047273851515037435, 'scale_lr': 0.7029378837576054}. Best is trial 1674 with value: 0.38142600678748195.
checkpoint_e33 window_influence: 0.12203361427094145, penalty_k: 0.13929746203732160, scale_lr: 0.41551989879013479, EAO: 0.277
Trial 2256 finished with value: 0.2770389723754578 and parameters: {'window_influence': 0.12203361427094145, 'penalty_k': 0.1392974620373216, 'scale_lr': 0.4155198987901348}. Best is trial 1674 with value: 0.38142600678748195.
checkpoint_e33 window_influence: 0.46181651075978830, penalty_k: 0.09929985228206557, scale_lr: 0.75524020038982653, EAO: 0.357
Trial 2257 finished with value: 0.35651648056182417 and parameters: {'window_influence': 0.4618165107597883, 'penalty_k': 0.09929985228206557, 'scale_lr': 0.7552402003898265}. Best is trial 1674 with value: 0.38142600678748195.
checkpoint_e33 window_influence: 0.48036306323535993, penalty_k: 0.21200598935066323, scale_lr: 0.24658206017023046, EAO: 0.337
Trial 2258 finished with value: 0.33711018242260826 and parameters: {'window_influence': 0.48036306323535993, 'penalty_k': 0.21200598935066323, 'scale_lr': 0.24658206017023046}. Best is trial 1674 with value: 0.38142600678748195.
checkpoint_e33 window_influence: 0.25191752298678216, penalty_k: 0.16267081475353698, scale_lr: 0.19800965432688369, EAO: 0.306
