Trial 2503 finished with value: 0.2522455332692031 and parameters: {'window_influence': 0.6436136671706829, 'penalty_k': 0.06340846184109308, 'scale_lr': 0.22260441589143673}. Best is trial 1674 with value: 0.38142600678748195.
checkpoint_e33 window_influence: 0.42421786478849155, penalty_k: 0.14464151276361836, scale_lr: 0.45301940421235382, EAO: 0.335
Trial 2504 finished with value: 0.3350521103417363 and parameters: {'window_influence': 0.42421786478849155, 'penalty_k': 0.14464151276361836, 'scale_lr': 0.4530194042123538}. Best is trial 1674 with value: 0.38142600678748195.
checkpoint_e33 window_influence: 0.38001979796441998, penalty_k: 0.50036388925840780, scale_lr: 0.43074015460868081, EAO: 0.346
Trial 2505 finished with value: 0.34558627623992205 and parameters: {'window_influence': 0.38001979796442, 'penalty_k': 0.5003638892584078, 'scale_lr': 0.4307401546086808}. Best is trial 1674 with value: 0.38142600678748195.
checkpoint_e33 window_influence: 0.48852497194391170, penalty_k: 0.21013477757477558, scale_lr: 0.78198600539244434, EAO: 0.311
Trial 2506 finished with value: 0.31089713120043044 and parameters: {'window_influence': 0.4885249719439117, 'penalty_k': 0.21013477757477558, 'scale_lr': 0.7819860053924443}. Best is trial 1674 with value: 0.38142600678748195.
checkpoint_e33 window_influence: 0.45787060411291874, penalty_k: 0.07279942158760477, scale_lr: 0.40498853267018464, EAO: 0.323
Trial 2507 finished with value: 0.322996782131696 and parameters: {'window_influence': 0.45787060411291874, 'penalty_k': 0.07279942158760477, 'scale_lr': 0.40498853267018464}. Best is trial 1674 with value: 0.38142600678748195.
checkpoint_e33 window_influence: 0.09422409102721202, penalty_k: 0.43835788164581163, scale_lr: 0.20500250776253084, EAO: 0.251
Trial 2508 finished with value: 0.2505589093911509 and parameters: {'window_influence': 0.09422409102721202, 'penalty_k': 0.43835788164581163, 'scale_lr': 0.20500250776253084}. Best is trial 1674 with value: 0.38142600678748195.
checkpoint_e33 window_influence: 0.33900126175860212, penalty_k: 0.01197560055177188, scale_lr: 0.64477221539749152, EAO: 0.322
Trial 2509 finished with value: 0.32155249322898655 and parameters: {'window_influence': 0.3390012617586021, 'penalty_k': 0.011975600551771881, 'scale_lr': 0.6447722153974915}. Best is trial 1674 with value: 0.38142600678748195.
checkpoint_e33 window_influence: 0.08253604378315554, penalty_k: 0.27781929878406758, scale_lr: 0.57173655823698422, EAO: 0.258
Trial 2510 finished with value: 0.25782370596312365 and parameters: {'window_influence': 0.08253604378315554, 'penalty_k': 0.2778192987840676, 'scale_lr': 0.5717365582369842}. Best is trial 1674 with value: 0.38142600678748195.
checkpoint_e33 window_influence: 0.47657980432909886, penalty_k: 0.26513883181448739, scale_lr: 0.46675298538171756, EAO: 0.323
Trial 2511 finished with value: 0.32318445982172334 and parameters: {'window_influence': 0.47657980432909886, 'penalty_k': 0.2651388318144874, 'scale_lr': 0.46675298538171756}. Best is trial 1674 with value: 0.38142600678748195.
checkpoint_e33 window_influence: 0.52642714676731928, penalty_k: 0.03969746947060514, scale_lr: 0.24639032629644630, EAO: 0.333
Trial 2512 finished with value: 0.3325213321452011 and parameters: {'window_influence': 0.5264271467673193, 'penalty_k': 0.03969746947060514, 'scale_lr': 0.2463903262964463}. Best is trial 1674 with value: 0.38142600678748195.
checkpoint_e33 window_influence: 0.58754027430489542, penalty_k: 0.05095137307027221, scale_lr: 0.75699273325912653, EAO: 0.273
Trial 2513 finished with value: 0.2733404525639018 and parameters: {'window_influence': 0.5875402743048954, 'penalty_k': 0.05095137307027221, 'scale_lr': 0.7569927332591265}. Best is trial 1674 with value: 0.38142600678748195.
checkpoint_e33 window_influence: 0.60421039120997899, penalty_k: 0.31245689829149426, scale_lr: 0.50845366491611210, EAO: 0.246
Trial 2514 finished with value: 0.24574632652770684 and parameters: {'window_influence': 0.604210391209979, 'penalty_k': 0.31245689829149426, 'scale_lr': 0.5084536649161121}. Best is trial 1674 with value: 0.38142600678748195.
checkpoint_e33 window_influence: 0.10718623043924286, penalty_k: 0.09945296710197389, scale_lr: 0.53319432205809092, EAO: 0.260
Trial 2515 finished with value: 0.2604715917476884 and parameters: {'window_influence': 0.10718623043924286, 'penalty_k': 0.09945296710197389, 'scale_lr': 0.5331943220580909}. Best is trial 1674 with value: 0.38142600678748195.
checkpoint_e33 window_influence: 0.49403992335974489, penalty_k: 0.02586574658204591, scale_lr: 0.35540278550205473, EAO: 0.325
Trial 2516 finished with value: 0.3254466857543715 and parameters: {'window_influence': 0.4940399233597449, 'penalty_k': 0.025865746582045913, 'scale_lr': 0.35540278550205473}. Best is trial 1674 with value: 0.38142600678748195.
checkpoint_e33 window_influence: 0.54641419398516267, penalty_k: 0.12059975307695585, scale_lr: 0.32180299085636888, EAO: 0.307
Trial 2517 finished with value: 0.3073161351657563 and parameters: {'window_influence': 0.5464141939851627, 'penalty_k': 0.12059975307695585, 'scale_lr': 0.3218029908563689}. Best is trial 1674 with value: 0.38142600678748195.
checkpoint_e33 window_influence: 0.51187324903213527, penalty_k: 0.51548214136380299, scale_lr: 0.59496623970777440, EAO: 0.305
Trial 2518 finished with value: 0.3050753344937521 and parameters: {'window_influence': 0.5118732490321353, 'penalty_k': 0.515482141363803, 'scale_lr': 0.5949662397077744}. Best is trial 1674 with value: 0.38142600678748195.
checkpoint_e33 window_influence: 0.46801649146723162, penalty_k: 0.14120984034660786, scale_lr: 0.66254579116168222, EAO: 0.344
Trial 2519 finished with value: 0.34398832928809675 and parameters: {'window_influence': 0.4680164914672316, 'penalty_k': 0.14120984034660786, 'scale_lr': 0.6625457911616822}. Best is trial 1674 with value: 0.38142600678748195.
checkpoint_e33 window_influence: 0.48470412506701821, penalty_k: 0.08454171553507808, scale_lr: 0.71049510488435097, EAO: 0.343
Trial 2520 finished with value: 0.3428349009051861 and parameters: {'window_influence': 0.4847041250670182, 'penalty_k': 0.08454171553507808, 'scale_lr': 0.710495104884351}. Best is trial 1674 with value: 0.38142600678748195.
checkpoint_e33 window_influence: 0.50077978636671239, penalty_k: 0.07390197790068451, scale_lr: 0.68497226239512321, EAO: 0.334
Trial 2521 finished with value: 0.333971790534513 and parameters: {'window_influence': 0.5007797863667124, 'penalty_k': 0.0739019779006845, 'scale_lr': 0.6849722623951232}. Best is trial 1674 with value: 0.38142600678748195.
checkpoint_e33 window_influence: 0.45703531377385370, penalty_k: 0.25069747025391581, scale_lr: 0.12969903038105823, EAO: 0.334
Trial 2522 finished with value: 0.3338553959989362 and parameters: {'window_influence': 0.4570353137738537, 'penalty_k': 0.2506974702539158, 'scale_lr': 0.12969903038105823}. Best is trial 1674 with value: 0.38142600678748195.
checkpoint_e33 window_influence: 0.47943326655373986, penalty_k: 0.04996326790673102, scale_lr: 0.37277034927608377, EAO: 0.348
Trial 2523 finished with value: 0.34751500311064815 and parameters: {'window_influence': 0.47943326655373986, 'penalty_k': 0.049963267906731015, 'scale_lr': 0.37277034927608377}. Best is trial 1674 with value: 0.38142600678748195.
checkpoint_e33 window_influence: 0.56606454452805843, penalty_k: 0.19844387222991189, scale_lr: 0.49166294460915511, EAO: 0.283
Trial 2524 finished with value: 0.2825581258025151 and parameters: {'window_influence': 0.5660645445280584, 'penalty_k': 0.1984438722299119, 'scale_lr': 0.4916629446091551}. Best is trial 1674 with value: 0.38142600678748195.
checkpoint_e33 window_influence: 0.40599719666722456, penalty_k: 0.06158645391914824, scale_lr: 0.55821675166578033, EAO: 0.322
Trial 2525 finished with value: 0.3223339845698167 and parameters: {'window_influence': 0.40599719666722456, 'penalty_k': 0.06158645391914824, 'scale_lr': 0.5582167516657803}. Best is trial 1674 with value: 0.38142600678748195.
checkpoint_e33 window_influence: 0.49610583577384137, penalty_k: 0.43193628757042546, scale_lr: 0.73050912991662931, EAO: 0.313
Trial 2526 finished with value: 0.3131699735436458 and parameters: {'window_influence': 0.4961058357738414, 'penalty_k': 0.43193628757042546, 'scale_lr': 0.7305091299166293}. Best is trial 1674 with value: 0.38142600678748195.
checkpoint_e33 window_influence: 0.44510850830261506, penalty_k: 0.57795688145472257, scale_lr: 0.51685351696640447, EAO: 0.326
Trial 2527 finished with value: 0.3264236271613303 and parameters: {'window_influence': 0.44510850830261506, 'penalty_k': 0.5779568814547226, 'scale_lr': 0.5168535169664045}. Best is trial 1674 with value: 0.38142600678748195.
checkpoint_e33 window_influence: 0.51932575753603150, penalty_k: 0.36803669536928585, scale_lr: 0.11128700530049676, EAO: 0.292
Trial 2528 finished with value: 0.29150508147037446 and parameters: {'window_influence': 0.5193257575360315, 'penalty_k': 0.36803669536928585, 'scale_lr': 0.11128700530049676}. Best is trial 1674 with value: 0.38142600678748195.
checkpoint_e33 window_influence: 0.46638779341653369, penalty_k: 0.10577813224125894, scale_lr: 0.26570804178959329, EAO: 0.312
Trial 2529 finished with value: 0.3123916718050664 and parameters: {'window_influence': 0.4663877934165337, 'penalty_k': 0.10577813224125894, 'scale_lr': 0.2657080417895933}. Best is trial 1674 with value: 0.38142600678748195.
checkpoint_e33 window_influence: 0.10718764784546148, penalty_k: 0.13059099194218432, scale_lr: 0.54471112972460944, EAO: 0.261
Trial 2530 finished with value: 0.26116806083152266 and parameters: {'window_influence': 0.10718764784546148, 'penalty_k': 0.13059099194218432, 'scale_lr': 0.5447111297246094}. Best is trial 1674 with value: 0.38142600678748195.
checkpoint_e33 window_influence: 0.50711371691899476, penalty_k: 0.02047254550474649, scale_lr: 0.39325310713496797, EAO: 0.339
Trial 2531 finished with value: 0.3385521853016508 and parameters: {'window_influence': 0.5071137169189948, 'penalty_k': 0.02047254550474649, 'scale_lr': 0.39325310713496797}. Best is trial 1674 with value: 0.38142600678748195.
checkpoint_e33 window_influence: 0.35763815777683211, penalty_k: 0.09154918556636354, scale_lr: 0.48067068980752431, EAO: 0.307
Trial 2532 finished with value: 0.3073268356490228 and parameters: {'window_influence': 0.3576381577768321, 'penalty_k': 0.09154918556636354, 'scale_lr': 0.4806706898075243}. Best is trial 1674 with value: 0.38142600678748195.
checkpoint_e33 window_influence: 0.48295603737947562, penalty_k: 0.32758526934332050, scale_lr: 0.61869285678720498, EAO: 0.318
Trial 2533 finished with value: 0.3175104850692972 and parameters: {'window_influence': 0.4829560373794756, 'penalty_k': 0.3275852693433205, 'scale_lr': 0.618692856787205}. Best is trial 1674 with value: 0.38142600678748195.
checkpoint_e33 window_influence: 0.53677012487408859, penalty_k: 0.41810838438335340, scale_lr: 0.36268109928095310, EAO: 0.299
Trial 2534 finished with value: 0.2986420515910197 and parameters: {'window_influence': 0.5367701248740886, 'penalty_k': 0.4181083843833534, 'scale_lr': 0.3626810992809531}. Best is trial 1674 with value: 0.38142600678748195.
checkpoint_e33 window_influence: 0.46574666752430272, penalty_k: 0.03814930173405818, scale_lr: 0.77418370027592098, EAO: 0.365
Trial 2535 finished with value: 0.3651608669340379 and parameters: {'window_influence': 0.4657466675243027, 'penalty_k': 0.03814930173405818, 'scale_lr': 0.774183700275921}. Best is trial 1674 with value: 0.38142600678748195.
checkpoint_e33 window_influence: 0.42802184500718005, penalty_k: 0.03439035964787913, scale_lr: 0.78357615116177015, EAO: 0.337
Trial 2536 finished with value: 0.33719779069785477 and parameters: {'window_influence': 0.42802184500718005, 'penalty_k': 0.03439035964787913, 'scale_lr': 0.7835761511617702}. Best is trial 1674 with value: 0.38142600678748195.
checkpoint_e33 window_influence: 0.43795636699623380, penalty_k: 0.02758603178777392, scale_lr: 0.73667172843979789, EAO: 0.344
Trial 2537 finished with value: 0.34435947720642684 and parameters: {'window_influence': 0.4379563669962338, 'penalty_k': 0.02758603178777392, 'scale_lr': 0.7366717284397979}. Best is trial 1674 with value: 0.38142600678748195.
checkpoint_e33 window_influence: 0.45927571395045574, penalty_k: 0.04434158658300147, scale_lr: 0.74955619673112361, EAO: 0.349
Trial 2538 finished with value: 0.34943858716738363 and parameters: {'window_influence': 0.45927571395045574, 'penalty_k': 0.04434158658300147, 'scale_lr': 0.7495561967311236}. Best is trial 1674 with value: 0.38142600678748195.
checkpoint_e33 window_influence: 0.44148260800616740, penalty_k: 0.03247455385553766, scale_lr: 0.74582091636464254, EAO: 0.332
Trial 2539 finished with value: 0.33213617261281736 and parameters: {'window_influence': 0.4414826080061674, 'penalty_k': 0.03247455385553766, 'scale_lr': 0.7458209163646425}. Best is trial 1674 with value: 0.38142600678748195.
checkpoint_e33 window_influence: 0.45525343717401434, penalty_k: 0.01955738312688260, scale_lr: 0.75310005609116026, EAO: 0.339
Trial 2540 finished with value: 0.33903835893605005 and parameters: {'window_influence': 0.45525343717401434, 'penalty_k': 0.019557383126882596, 'scale_lr': 0.7531000560911603}. Best is trial 1674 with value: 0.38142600678748195.
checkpoint_e33 window_influence: 0.44956209891515930, penalty_k: 0.03867045257692871, scale_lr: 0.77706636165767484, EAO: 0.352
Trial 2541 finished with value: 0.35243461173796004 and parameters: {'window_influence': 0.4495620989151593, 'penalty_k': 0.03867045257692871, 'scale_lr': 0.7770663616576748}. Best is trial 1674 with value: 0.38142600678748195.
checkpoint_e33 window_influence: 0.31993652419061597, penalty_k: 0.01087782581479332, scale_lr: 0.77214539171059049, EAO: 0.321
Trial 2542 finished with value: 0.32116085058984123 and parameters: {'window_influence': 0.31993652419061597, 'penalty_k': 0.010877825814793324, 'scale_lr': 0.7721453917105905}. Best is trial 1674 with value: 0.38142600678748195.
checkpoint_e33 window_influence: 0.41457730780851976, penalty_k: 0.04386732343654896, scale_lr: 0.76058043015940835, EAO: 0.337
Trial 2543 finished with value: 0.33670444224131246 and parameters: {'window_influence': 0.41457730780851976, 'penalty_k': 0.04386732343654896, 'scale_lr': 0.7605804301594083}. Best is trial 1674 with value: 0.38142600678748195.
checkpoint_e33 window_influence: 0.17926632499595285, penalty_k: 0.03209673590741703, scale_lr: 0.77407907784828645, EAO: 0.292
Trial 2544 finished with value: 0.2921641954883991 and parameters: {'window_influence': 0.17926632499595285, 'penalty_k': 0.03209673590741703, 'scale_lr': 0.7740790778482864}. Best is trial 1674 with value: 0.38142600678748195.
checkpoint_e33 window_influence: 0.46609579783534183, penalty_k: 0.04913105022788269, scale_lr: 0.76718114886169453, EAO: 0.346
Trial 2545 finished with value: 0.34582174983933744 and parameters: {'window_influence': 0.46609579783534183, 'penalty_k': 0.049131050227882694, 'scale_lr': 0.7671811488616945}. Best is trial 1674 with value: 0.38142600678748195.
checkpoint_e33 window_influence: 0.19343042830228965, penalty_k: 0.05662024108028944, scale_lr: 0.77322251833711741, EAO: 0.289
Trial 2546 finished with value: 0.28924988575482646 and parameters: {'window_influence': 0.19343042830228965, 'penalty_k': 0.05662024108028944, 'scale_lr': 0.7732225183371174}. Best is trial 1674 with value: 0.38142600678748195.
checkpoint_e33 window_influence: 0.18528397245173289, penalty_k: 0.02032194079432810, scale_lr: 0.78918985017154719, EAO: 0.286
Trial 2547 finished with value: 0.28575100874390585 and parameters: {'window_influence': 0.1852839724517329, 'penalty_k': 0.020321940794328096, 'scale_lr': 0.7891898501715472}. Best is trial 1674 with value: 0.38142600678748195.
checkpoint_e33 window_influence: 0.30853732054477256, penalty_k: 0.00876034402967957, scale_lr: 0.79572573862188212, EAO: 0.313
Trial 2548 finished with value: 0.313301735061152 and parameters: {'window_influence': 0.30853732054477256, 'penalty_k': 0.008760344029679568, 'scale_lr': 0.7957257386218821}. Best is trial 1674 with value: 0.38142600678748195.
checkpoint_e33 window_influence: 0.46793174665840048, penalty_k: 0.04088165808072886, scale_lr: 0.74864697340480424, EAO: 0.328
Trial 2549 finished with value: 0.32764805662028984 and parameters: {'window_influence': 0.4679317466584005, 'penalty_k': 0.040881658080728855, 'scale_lr': 0.7486469734048042}. Best is trial 1674 with value: 0.38142600678748195.
checkpoint_e33 window_influence: 0.45320594836694567, penalty_k: 0.05533138536151286, scale_lr: 0.78452792754749323, EAO: 0.352
Trial 2550 finished with value: 0.35180300277030885 and parameters: {'window_influence': 0.45320594836694567, 'penalty_k': 0.05533138536151286, 'scale_lr': 0.7845279275474932}. Best is trial 1674 with value: 0.38142600678748195.
checkpoint_e33 window_influence: 0.59118391560718120, penalty_k: 0.38587567655077643, scale_lr: 0.56731217764101727, EAO: 0.249
Trial 2551 finished with value: 0.24850497867346738 and parameters: {'window_influence': 0.5911839156071812, 'penalty_k': 0.3858756765507764, 'scale_lr': 0.5673121776410173}. Best is trial 1674 with value: 0.38142600678748195.
checkpoint_e33 window_influence: 0.23500093428671326, penalty_k: 0.52768886534997561, scale_lr: 0.76300789538380909, EAO: 0.280
Trial 2552 finished with value: 0.2800531059155668 and parameters: {'window_influence': 0.23500093428671326, 'penalty_k': 0.5276888653499756, 'scale_lr': 0.7630078953838091}. Best is trial 1674 with value: 0.38142600678748195.
checkpoint_e33 window_influence: 0.12338136173830788, penalty_k: 0.02975416724115012, scale_lr: 0.75644678443900071, EAO: 0.270
Trial 2553 finished with value: 0.2698156622597216 and parameters: {'window_influence': 0.12338136173830788, 'penalty_k': 0.02975416724115012, 'scale_lr': 0.7564467844390007}. Best is trial 1674 with value: 0.38142600678748195.
checkpoint_e33 window_influence: 0.52684089308782289, penalty_k: 0.53412187077784101, scale_lr: 0.79186469826053041, EAO: 0.288
Trial 2554 finished with value: 0.2880899110656768 and parameters: {'window_influence': 0.5268408930878229, 'penalty_k': 0.534121870777841, 'scale_lr': 0.7918646982605304}. Best is trial 1674 with value: 0.38142600678748195.
checkpoint_e33 window_influence: 0.38652624588987311, penalty_k: 0.07010472404508911, scale_lr: 0.73287636320701677, EAO: 0.318
Trial 2555 finished with value: 0.317649037225701 and parameters: {'window_influence': 0.3865262458898731, 'penalty_k': 0.0701047240450891, 'scale_lr': 0.7328763632070168}. Best is trial 1674 with value: 0.38142600678748195.
checkpoint_e33 window_influence: 0.43172974798332131, penalty_k: 0.06041446594098733, scale_lr: 0.79991686623504576, EAO: 0.353
Trial 2556 finished with value: 0.35280956959909965 and parameters: {'window_influence': 0.4317297479833213, 'penalty_k': 0.06041446594098733, 'scale_lr': 0.7999168662350458}. Best is trial 1674 with value: 0.38142600678748195.
checkpoint_e33 window_influence: 0.49171116150289473, penalty_k: 0.04068347951640504, scale_lr: 0.78287190498494541, EAO: 0.326
Trial 2557 finished with value: 0.3261242210865021 and parameters: {'window_influence': 0.49171116150289473, 'penalty_k': 0.04068347951640504, 'scale_lr': 0.7828719049849454}. Best is trial 1674 with value: 0.38142600678748195.
checkpoint_e33 window_influence: 0.51145882148093735, penalty_k: 0.02112175379513634, scale_lr: 0.75996551529072043, EAO: 0.334
Trial 2558 finished with value: 0.333693849901281 and parameters: {'window_influence': 0.5114588214809374, 'penalty_k': 0.021121753795136342, 'scale_lr': 0.7599655152907204}. Best is trial 1674 with value: 0.38142600678748195.
checkpoint_e33 window_influence: 0.47236746501169197, penalty_k: 0.05191827354994639, scale_lr: 0.58257216902657827, EAO: 0.353
Trial 2559 finished with value: 0.3526594651580321 and parameters: {'window_influence': 0.47236746501169197, 'penalty_k': 0.051918273549946395, 'scale_lr': 0.5825721690265783}. Best is trial 1674 with value: 0.38142600678748195.
checkpoint_e33 window_influence: 0.49742229146140854, penalty_k: 0.05966373774993186, scale_lr: 0.53311187161682239, EAO: 0.343
Trial 2560 finished with value: 0.34298434737591427 and parameters: {'window_influence': 0.49742229146140854, 'penalty_k': 0.05966373774993186, 'scale_lr': 0.5331118716168224}. Best is trial 1674 with value: 0.38142600678748195.
checkpoint_e33 window_influence: 0.48581257807154843, penalty_k: 0.03375776259590098, scale_lr: 0.50600139464163707, EAO: 0.352
Trial 2561 finished with value: 0.3520672502220837 and parameters: {'window_influence': 0.48581257807154843, 'penalty_k': 0.03375776259590098, 'scale_lr': 0.5060013946416371}. Best is trial 1674 with value: 0.38142600678748195.
checkpoint_e33 window_influence: 0.55114456537635059, penalty_k: 0.39396091668678423, scale_lr: 0.15512571313635973, EAO: 0.284
Trial 2562 finished with value: 0.2842165907765177 and parameters: {'window_influence': 0.5511445653763506, 'penalty_k': 0.39396091668678423, 'scale_lr': 0.15512571313635973}. Best is trial 1674 with value: 0.38142600678748195.
checkpoint_e33 window_influence: 0.46283829253134823, penalty_k: 0.00809506442277298, scale_lr: 0.72582340082171504, EAO: 0.340
Trial 2563 finished with value: 0.3395977594277274 and parameters: {'window_influence': 0.4628382925313482, 'penalty_k': 0.008095064422772982, 'scale_lr': 0.725823400821715}. Best is trial 1674 with value: 0.38142600678748195.
checkpoint_e33 window_influence: 0.20581953981603715, penalty_k: 0.47593389957609267, scale_lr: 0.77122544917098501, EAO: 0.296
