Trial 139 finished with value: 0.32104395445914585 and parameters: {'window_influence': 0.4974346021605205, 'penalty_k': 0.07261261426152207, 'scale_lr': 0.42881327539983766}. Best is trial 81 with value: 0.35204542007891587.
checkpoint_e16 window_influence: 0.46074843959143003, penalty_k: 0.01564949960064949, scale_lr: 0.48682059018230317, EAO: 0.350
Trial 140 finished with value: 0.34951692610863117 and parameters: {'window_influence': 0.46074843959143, 'penalty_k': 0.015649499600649486, 'scale_lr': 0.48682059018230317}. Best is trial 81 with value: 0.35204542007891587.
checkpoint_e16 window_influence: 0.46115770032866538, penalty_k: 0.01365602077050607, scale_lr: 0.49033739535762705, EAO: 0.340
Trial 141 finished with value: 0.33999974498025176 and parameters: {'window_influence': 0.4611577003286654, 'penalty_k': 0.013656020770506067, 'scale_lr': 0.49033739535762705}. Best is trial 81 with value: 0.35204542007891587.
checkpoint_e16 window_influence: 0.47364071614624587, penalty_k: 0.03702609777909772, scale_lr: 0.47147852258960227, EAO: 0.326
Trial 142 finished with value: 0.3260406494604474 and parameters: {'window_influence': 0.47364071614624587, 'penalty_k': 0.037026097779097725, 'scale_lr': 0.47147852258960227}. Best is trial 81 with value: 0.35204542007891587.
checkpoint_e16 window_influence: 0.44092473387024300, penalty_k: 0.02067985407864260, scale_lr: 0.52564129703684159, EAO: 0.321
Trial 143 finished with value: 0.32066958296159825 and parameters: {'window_influence': 0.440924733870243, 'penalty_k': 0.020679854078642597, 'scale_lr': 0.5256412970368416}. Best is trial 81 with value: 0.35204542007891587.
checkpoint_e16 window_influence: 0.45811428073066224, penalty_k: 0.04681714100491217, scale_lr: 0.45251109828344444, EAO: 0.327
Trial 144 finished with value: 0.3267075494801488 and parameters: {'window_influence': 0.45811428073066224, 'penalty_k': 0.046817141004912174, 'scale_lr': 0.45251109828344444}. Best is trial 81 with value: 0.35204542007891587.
A new study created in memory with name: no-name-5a023041-47a4-49ee-a7b3-d62f72e5b332
checkpoint_e16 window_influence: 0.64720878154738049, penalty_k: 0.12841212682230432, scale_lr: 0.56976476146725608, EAO: 0.229
Trial 0 finished with value: 0.2289397052637798 and parameters: {'window_influence': 0.6472087815473805, 'penalty_k': 0.12841212682230432, 'scale_lr': 0.5697647614672561}. Best is trial 0 with value: 0.2289397052637798.
checkpoint_e16 window_influence: 0.32152514045337149, penalty_k: 0.31507971876152946, scale_lr: 0.70635598431417068, EAO: 0.309
Trial 1 finished with value: 0.30889977079885017 and parameters: {'window_influence': 0.3215251404533715, 'penalty_k': 0.31507971876152946, 'scale_lr': 0.7063559843141707}. Best is trial 1 with value: 0.30889977079885017.
checkpoint_e16 window_influence: 0.10986554761569370, penalty_k: 0.50311336700697129, scale_lr: 0.43394382303612422, EAO: 0.243
Trial 2 finished with value: 0.24298370359936577 and parameters: {'window_influence': 0.1098655476156937, 'penalty_k': 0.5031133670069713, 'scale_lr': 0.4339438230361242}. Best is trial 1 with value: 0.30889977079885017.
checkpoint_e16 window_influence: 0.26875254951689903, penalty_k: 0.49326215329442319, scale_lr: 0.30121418611664202, EAO: 0.293
Trial 3 finished with value: 0.29280854761600494 and parameters: {'window_influence': 0.26875254951689903, 'penalty_k': 0.4932621532944232, 'scale_lr': 0.301214186116642}. Best is trial 1 with value: 0.30889977079885017.
checkpoint_e16 window_influence: 0.24741942065649120, penalty_k: 0.26705254405104839, scale_lr: 0.28324243787419207, EAO: 0.291
Trial 4 finished with value: 0.29140611769856184 and parameters: {'window_influence': 0.2474194206564912, 'penalty_k': 0.2670525440510484, 'scale_lr': 0.28324243787419207}. Best is trial 1 with value: 0.30889977079885017.
checkpoint_e16 window_influence: 0.07741837302539493, penalty_k: 0.47107887003667387, scale_lr: 0.68698270830642849, EAO: 0.249
Trial 5 finished with value: 0.2493927932203048 and parameters: {'window_influence': 0.07741837302539493, 'penalty_k': 0.47107887003667387, 'scale_lr': 0.6869827083064285}. Best is trial 1 with value: 0.30889977079885017.
checkpoint_e16 window_influence: 0.42571095644036872, penalty_k: 0.40585156386758608, scale_lr: 0.42890361511023178, EAO: 0.309
Trial 6 finished with value: 0.30940745660767016 and parameters: {'window_influence': 0.4257109564403687, 'penalty_k': 0.4058515638675861, 'scale_lr': 0.4289036151102318}. Best is trial 6 with value: 0.30940745660767016.
checkpoint_e16 window_influence: 0.43928921048608777, penalty_k: 0.03444312808602268, scale_lr: 0.33338211144149310, EAO: 0.332
Trial 7 finished with value: 0.33228890348501244 and parameters: {'window_influence': 0.43928921048608777, 'penalty_k': 0.03444312808602268, 'scale_lr': 0.3333821114414931}. Best is trial 7 with value: 0.33228890348501244.
checkpoint_e16 window_influence: 0.09028441808940908, penalty_k: 0.24688363646249883, scale_lr: 0.53238563050076015, EAO: 0.256
Trial 8 finished with value: 0.2562110600304511 and parameters: {'window_influence': 0.09028441808940908, 'penalty_k': 0.24688363646249883, 'scale_lr': 0.5323856305007602}. Best is trial 7 with value: 0.33228890348501244.
checkpoint_e16 window_influence: 0.43315234393737490, penalty_k: 0.13894773999909613, scale_lr: 0.35514526047671169, EAO: 0.307
Trial 9 finished with value: 0.3068414946822341 and parameters: {'window_influence': 0.4331523439373749, 'penalty_k': 0.13894773999909613, 'scale_lr': 0.3551452604767117}. Best is trial 7 with value: 0.33228890348501244.
checkpoint_e16 window_influence: 0.52872175851936698, penalty_k: 0.02761451445381723, scale_lr: 0.10262053651753633, EAO: 0.304
Trial 10 finished with value: 0.30423387398051843 and parameters: {'window_influence': 0.528721758519367, 'penalty_k': 0.02761451445381723, 'scale_lr': 0.10262053651753633}. Best is trial 7 with value: 0.33228890348501244.
checkpoint_e16 window_influence: 0.43102641870596681, penalty_k: 0.00353146576639777, scale_lr: 0.44084505010216635, EAO: 0.342
Trial 11 finished with value: 0.3419453993381693 and parameters: {'window_influence': 0.4310264187059668, 'penalty_k': 0.0035314657663977726, 'scale_lr': 0.44084505010216635}. Best is trial 11 with value: 0.3419453993381693.
checkpoint_e16 window_influence: 0.42844533645145455, penalty_k: 0.01118504122033992, scale_lr: 0.21041691239819280, EAO: 0.316
Trial 12 finished with value: 0.31588223553353245 and parameters: {'window_influence': 0.42844533645145455, 'penalty_k': 0.01118504122033992, 'scale_lr': 0.2104169123981928}. Best is trial 11 with value: 0.3419453993381693.
checkpoint_e16 window_influence: 0.53136983397306248, penalty_k: 0.00540024711848619, scale_lr: 0.52681209369745119, EAO: 0.314
Trial 13 finished with value: 0.3135946984420954 and parameters: {'window_influence': 0.5313698339730625, 'penalty_k': 0.00540024711848619, 'scale_lr': 0.5268120936974512}. Best is trial 11 with value: 0.3419453993381693.
checkpoint_e16 window_influence: 0.40000661006320859, penalty_k: 0.11974816261220113, scale_lr: 0.37660166507108178, EAO: 0.324
Trial 14 finished with value: 0.32414967297116143 and parameters: {'window_influence': 0.4000066100632086, 'penalty_k': 0.11974816261220113, 'scale_lr': 0.3766016650710818}. Best is trial 11 with value: 0.3419453993381693.
checkpoint_e16 window_influence: 0.52000072325799285, penalty_k: 0.10323321099882303, scale_lr: 0.47511764003906543, EAO: 0.308
Trial 15 finished with value: 0.308419703799463 and parameters: {'window_influence': 0.5200007232579928, 'penalty_k': 0.10323321099882303, 'scale_lr': 0.4751176400390654}. Best is trial 11 with value: 0.3419453993381693.
checkpoint_e16 window_influence: 0.33338139805767431, penalty_k: 0.58258747087537999, scale_lr: 0.63491721687272951, EAO: 0.283
Trial 16 finished with value: 0.28265861250779045 and parameters: {'window_influence': 0.3333813980576743, 'penalty_k': 0.58258747087538, 'scale_lr': 0.6349172168727295}. Best is trial 11 with value: 0.3419453993381693.
checkpoint_e16 window_influence: 0.48355608407620237, penalty_k: 0.20262317715722253, scale_lr: 0.60176609656600299, EAO: 0.292
Trial 17 finished with value: 0.29170014033753583 and parameters: {'window_influence': 0.4835560840762024, 'penalty_k': 0.20262317715722253, 'scale_lr': 0.601766096566003}. Best is trial 11 with value: 0.3419453993381693.
checkpoint_e16 window_influence: 0.62378329076574823, penalty_k: 0.07019124647572478, scale_lr: 0.78290560970972711, EAO: 0.240
Trial 18 finished with value: 0.23991137974920904 and parameters: {'window_influence': 0.6237832907657482, 'penalty_k': 0.07019124647572478, 'scale_lr': 0.7829056097097271}. Best is trial 11 with value: 0.3419453993381693.
checkpoint_e16 window_influence: 0.36141900220253498, penalty_k: 0.18623926285196415, scale_lr: 0.47421525751602722, EAO: 0.303
Trial 19 finished with value: 0.30261469270004837 and parameters: {'window_influence': 0.361419002202535, 'penalty_k': 0.18623926285196415, 'scale_lr': 0.4742152575160272}. Best is trial 11 with value: 0.3419453993381693.
checkpoint_e16 window_influence: 0.58217745018544931, penalty_k: 0.06536963322967690, scale_lr: 0.37337410110054431, EAO: 0.269
Trial 20 finished with value: 0.2688621805567686 and parameters: {'window_influence': 0.5821774501854493, 'penalty_k': 0.0653696332296769, 'scale_lr': 0.3733741011005443}. Best is trial 11 with value: 0.3419453993381693.
checkpoint_e16 window_influence: 0.38595474550412240, penalty_k: 0.06656271624833329, scale_lr: 0.37900879758845002, EAO: 0.315
Trial 21 finished with value: 0.3154780750492667 and parameters: {'window_influence': 0.3859547455041224, 'penalty_k': 0.06656271624833329, 'scale_lr': 0.37900879758845}. Best is trial 11 with value: 0.3419453993381693.
checkpoint_e16 window_influence: 0.47399797070391808, penalty_k: 0.00329668265466770, scale_lr: 0.28472448708470199, EAO: 0.337
Trial 22 finished with value: 0.3367024159153148 and parameters: {'window_influence': 0.4739979707039181, 'penalty_k': 0.003296682654667701, 'scale_lr': 0.284724487084702}. Best is trial 11 with value: 0.3419453993381693.
checkpoint_e16 window_influence: 0.45681781705590274, penalty_k: 0.00873826410057382, scale_lr: 0.26229794306119336, EAO: 0.339
Trial 23 finished with value: 0.33870519309192315 and parameters: {'window_influence': 0.45681781705590274, 'penalty_k': 0.00873826410057382, 'scale_lr': 0.26229794306119336}. Best is trial 11 with value: 0.3419453993381693.
checkpoint_e16 window_influence: 0.48387895671461578, penalty_k: 0.06970999534732070, scale_lr: 0.24388533446906205, EAO: 0.314
Trial 24 finished with value: 0.3141340944437665 and parameters: {'window_influence': 0.4838789567146158, 'penalty_k': 0.0697099953473207, 'scale_lr': 0.24388533446906205}. Best is trial 11 with value: 0.3419453993381693.
checkpoint_e16 window_influence: 0.48365822793431340, penalty_k: 0.01494634512016277, scale_lr: 0.20057782222760398, EAO: 0.334
Trial 25 finished with value: 0.3338009851915827 and parameters: {'window_influence': 0.4836582279343134, 'penalty_k': 0.014946345120162774, 'scale_lr': 0.20057782222760398}. Best is trial 11 with value: 0.3419453993381693.
checkpoint_e16 window_influence: 0.55920508739714547, penalty_k: 0.00563306653267491, scale_lr: 0.29813624654263804, EAO: 0.289
Trial 26 finished with value: 0.28890658944033465 and parameters: {'window_influence': 0.5592050873971455, 'penalty_k': 0.0056330665326749085, 'scale_lr': 0.29813624654263804}. Best is trial 11 with value: 0.3419453993381693.
checkpoint_e16 window_influence: 0.59795792374274459, penalty_k: 0.14967996514496312, scale_lr: 0.14773049852964282, EAO: 0.265
Trial 27 finished with value: 0.26524781641561235 and parameters: {'window_influence': 0.5979579237427446, 'penalty_k': 0.14967996514496312, 'scale_lr': 0.14773049852964282}. Best is trial 11 with value: 0.3419453993381693.
checkpoint_e16 window_influence: 0.47114272175551936, penalty_k: 0.09034947161134017, scale_lr: 0.25964389777974545, EAO: 0.291
Trial 28 finished with value: 0.2908632184744809 and parameters: {'window_influence': 0.47114272175551936, 'penalty_k': 0.09034947161134017, 'scale_lr': 0.25964389777974545}. Best is trial 11 with value: 0.3419453993381693.
checkpoint_e16 window_influence: 0.64902751742979126, penalty_k: 0.13518313920723446, scale_lr: 0.22068240696489899, EAO: 0.232
Trial 29 finished with value: 0.23205765009158316 and parameters: {'window_influence': 0.6490275174297913, 'penalty_k': 0.13518313920723446, 'scale_lr': 0.220682406964899}. Best is trial 11 with value: 0.3419453993381693.
checkpoint_e16 window_influence: 0.55197237429653756, penalty_k: 0.04916075328510126, scale_lr: 0.31548672261902572, EAO: 0.288
Trial 30 finished with value: 0.28844186043229086 and parameters: {'window_influence': 0.5519723742965376, 'penalty_k': 0.049160753285101264, 'scale_lr': 0.3154867226190257}. Best is trial 11 with value: 0.3419453993381693.
checkpoint_e16 window_influence: 0.48262442406745065, penalty_k: 0.00732934079761999, scale_lr: 0.17575528899754944, EAO: 0.311
Trial 31 finished with value: 0.3111721520178049 and parameters: {'window_influence': 0.48262442406745065, 'penalty_k': 0.007329340797619994, 'scale_lr': 0.17575528899754944}. Best is trial 11 with value: 0.3419453993381693.
checkpoint_e16 window_influence: 0.51149222574599140, penalty_k: 0.04323359226175320, scale_lr: 0.25504257474071346, EAO: 0.310
Trial 32 finished with value: 0.31037971186034874 and parameters: {'window_influence': 0.5114922257459914, 'penalty_k': 0.043233592261753204, 'scale_lr': 0.25504257474071346}. Best is trial 11 with value: 0.3419453993381693.
checkpoint_e16 window_influence: 0.45407916525138331, penalty_k: 0.09724279453366107, scale_lr: 0.19858832577334118, EAO: 0.305
Trial 33 finished with value: 0.3047586372158407 and parameters: {'window_influence': 0.4540791652513833, 'penalty_k': 0.09724279453366107, 'scale_lr': 0.19858832577334118}. Best is trial 11 with value: 0.3419453993381693.
checkpoint_e16 window_influence: 0.39710072983854761, penalty_k: 0.04106464416100740, scale_lr: 0.16751932612538464, EAO: 0.327
Trial 34 finished with value: 0.32672648247809727 and parameters: {'window_influence': 0.3971007298385476, 'penalty_k': 0.0410646441610074, 'scale_lr': 0.16751932612538464}. Best is trial 11 with value: 0.3419453993381693.
checkpoint_e16 window_influence: 0.49921347762967661, penalty_k: 0.00366203052053288, scale_lr: 0.26430499010245895, EAO: 0.331
Trial 35 finished with value: 0.3312524702066577 and parameters: {'window_influence': 0.4992134776296766, 'penalty_k': 0.0036620305205328782, 'scale_lr': 0.26430499010245895}. Best is trial 11 with value: 0.3419453993381693.
checkpoint_e16 window_influence: 0.45843493273604563, penalty_k: 0.08884541674402001, scale_lr: 0.28364809286557180, EAO: 0.328
Trial 36 finished with value: 0.32771497414037876 and parameters: {'window_influence': 0.45843493273604563, 'penalty_k': 0.08884541674402001, 'scale_lr': 0.2836480928655718}. Best is trial 11 with value: 0.3419453993381693.
checkpoint_e16 window_influence: 0.35611881607332130, penalty_k: 0.05043726208071175, scale_lr: 0.33377697844078946, EAO: 0.319
Trial 37 finished with value: 0.31938143787680895 and parameters: {'window_influence': 0.3561188160733213, 'penalty_k': 0.050437262080711746, 'scale_lr': 0.33377697844078946}. Best is trial 11 with value: 0.3419453993381693.
checkpoint_e16 window_influence: 0.31364928428476835, penalty_k: 0.11315819051032651, scale_lr: 0.22457483288666771, EAO: 0.323
Trial 38 finished with value: 0.32325030834294477 and parameters: {'window_influence': 0.31364928428476835, 'penalty_k': 0.11315819051032651, 'scale_lr': 0.2245748328866677}. Best is trial 11 with value: 0.3419453993381693.
checkpoint_e16 window_influence: 0.45631020097225550, penalty_k: 0.32398758766800689, scale_lr: 0.42434523389244100, EAO: 0.309
Trial 39 finished with value: 0.3094000172174394 and parameters: {'window_influence': 0.4563102009722555, 'penalty_k': 0.3239875876680069, 'scale_lr': 0.424345233892441}. Best is trial 11 with value: 0.3419453993381693.
checkpoint_e16 window_influence: 0.41221103806551007, penalty_k: 0.03446418287053310, scale_lr: 0.28956890744356512, EAO: 0.326
Trial 40 finished with value: 0.3261513258348643 and parameters: {'window_influence': 0.41221103806551007, 'penalty_k': 0.0344641828705331, 'scale_lr': 0.2895689074435651}. Best is trial 11 with value: 0.3419453993381693.
checkpoint_e16 window_influence: 0.43899031104895880, penalty_k: 0.03770690881046616, scale_lr: 0.34083579593701152, EAO: 0.309
Trial 41 finished with value: 0.30878758679799995 and parameters: {'window_influence': 0.4389903110489588, 'penalty_k': 0.037706908810466164, 'scale_lr': 0.3408357959370115}. Best is trial 11 with value: 0.3419453993381693.
checkpoint_e16 window_influence: 0.43538900918143059, penalty_k: 0.02306545390438813, scale_lr: 0.32071864202273576, EAO: 0.328
Trial 42 finished with value: 0.32756607315651637 and parameters: {'window_influence': 0.4353890091814306, 'penalty_k': 0.02306545390438813, 'scale_lr': 0.32071864202273576}. Best is trial 11 with value: 0.3419453993381693.
checkpoint_e16 window_influence: 0.50109029882237921, penalty_k: 0.07928097474064205, scale_lr: 0.23993773066089200, EAO: 0.312
Trial 43 finished with value: 0.3124187610144745 and parameters: {'window_influence': 0.5010902988223792, 'penalty_k': 0.07928097474064205, 'scale_lr': 0.239937730660892}. Best is trial 11 with value: 0.3419453993381693.
checkpoint_e16 window_influence: 0.38473708343107482, penalty_k: 0.02806621958478592, scale_lr: 0.39517102021233041, EAO: 0.327
Trial 44 finished with value: 0.32709873859056704 and parameters: {'window_influence': 0.3847370834310748, 'penalty_k': 0.02806621958478592, 'scale_lr': 0.3951710202123304}. Best is trial 11 with value: 0.3419453993381693.
checkpoint_e16 window_influence: 0.42038652611604632, penalty_k: 0.00595302757504550, scale_lr: 0.35519510076618421, EAO: 0.336
Trial 45 finished with value: 0.33551694713677876 and parameters: {'window_influence': 0.4203865261160463, 'penalty_k': 0.005953027575045497, 'scale_lr': 0.3551951007661842}. Best is trial 11 with value: 0.3419453993381693.
checkpoint_e16 window_influence: 0.41045219569951025, penalty_k: 0.00198657099419398, scale_lr: 0.41091944360283167, EAO: 0.333
Trial 46 finished with value: 0.33325017321898315 and parameters: {'window_influence': 0.41045219569951025, 'penalty_k': 0.0019865709941939806, 'scale_lr': 0.41091944360283167}. Best is trial 11 with value: 0.3419453993381693.
checkpoint_e16 window_influence: 0.46509503163370375, penalty_k: 0.05651841719155347, scale_lr: 0.34622936700778317, EAO: 0.302
Trial 47 finished with value: 0.3021148230431145 and parameters: {'window_influence': 0.46509503163370375, 'penalty_k': 0.05651841719155347, 'scale_lr': 0.3462293670077832}. Best is trial 11 with value: 0.3419453993381693.
checkpoint_e16 window_influence: 0.54470532749979339, penalty_k: 0.11564329173119343, scale_lr: 0.31041679468535116, EAO: 0.292
Trial 48 finished with value: 0.2917295849740737 and parameters: {'window_influence': 0.5447053274997934, 'penalty_k': 0.11564329173119343, 'scale_lr': 0.31041679468535116}. Best is trial 11 with value: 0.3419453993381693.
checkpoint_e16 window_influence: 0.51313569304831486, penalty_k: 0.00181347836837178, scale_lr: 0.43515251937858979, EAO: 0.328
Trial 49 finished with value: 0.32823099149572244 and parameters: {'window_influence': 0.5131356930483149, 'penalty_k': 0.0018134783683717848, 'scale_lr': 0.4351525193785898}. Best is trial 11 with value: 0.3419453993381693.
checkpoint_e16 window_influence: 0.42377322726439837, penalty_k: 0.08380639817271712, scale_lr: 0.27484143044454223, EAO: 0.323
Trial 50 finished with value: 0.3225883325482157 and parameters: {'window_influence': 0.42377322726439837, 'penalty_k': 0.08380639817271712, 'scale_lr': 0.27484143044454223}. Best is trial 11 with value: 0.3419453993381693.
checkpoint_e16 window_influence: 0.42008477864741833, penalty_k: 0.03308138171895376, scale_lr: 0.40057664127178949, EAO: 0.319
Trial 51 finished with value: 0.31887167912512904 and parameters: {'window_influence': 0.42008477864741833, 'penalty_k': 0.033081381718953765, 'scale_lr': 0.4005766412717895}. Best is trial 11 with value: 0.3419453993381693.
checkpoint_e16 window_influence: 0.37477681296448473, penalty_k: 0.00298878674165152, scale_lr: 0.45352162877069774, EAO: 0.324
Trial 52 finished with value: 0.32372981820125063 and parameters: {'window_influence': 0.37477681296448473, 'penalty_k': 0.0029887867416515156, 'scale_lr': 0.45352162877069774}. Best is trial 11 with value: 0.3419453993381693.
checkpoint_e16 window_influence: 0.40851130004778308, penalty_k: 0.02623921937084953, scale_lr: 0.37062799910065930, EAO: 0.325
Trial 53 finished with value: 0.3247179434805065 and parameters: {'window_influence': 0.4085113000477831, 'penalty_k': 0.026239219370849533, 'scale_lr': 0.3706279991006593}. Best is trial 11 with value: 0.3419453993381693.
checkpoint_e16 window_influence: 0.44961117155405556, penalty_k: 0.05829376950052671, scale_lr: 0.35483456445919637, EAO: 0.304
Trial 54 finished with value: 0.30392483711706525 and parameters: {'window_influence': 0.44961117155405556, 'penalty_k': 0.05829376950052671, 'scale_lr': 0.35483456445919637}. Best is trial 11 with value: 0.3419453993381693.
checkpoint_e16 window_influence: 0.49030489212975525, penalty_k: 0.00021639301630039, scale_lr: 0.49923609424377929, EAO: 0.336
Trial 55 finished with value: 0.33633086340436674 and parameters: {'window_influence': 0.49030489212975525, 'penalty_k': 0.00021639301630038688, 'scale_lr': 0.4992360942437793}. Best is trial 11 with value: 0.3419453993381693.
checkpoint_e16 window_influence: 0.49261902096115412, penalty_k: 0.02557178396793663, scale_lr: 0.50861488495693075, EAO: 0.335
