Trial 1420 finished with value: 0.3188879497436234 and parameters: {'window_influence': 0.4930133768255484, 'penalty_k': 0.25462871390660385, 'scale_lr': 0.4071761266257124}. Best is trial 1136 with value: 0.3697957394188016.
checkpoint_e33 window_influence: 0.24345513950678924, penalty_k: 0.04192278611421223, scale_lr: 0.11863571414899331, EAO: 0.295
Trial 1421 finished with value: 0.2947508257302793 and parameters: {'window_influence': 0.24345513950678924, 'penalty_k': 0.04192278611421223, 'scale_lr': 0.11863571414899331}. Best is trial 1136 with value: 0.3697957394188016.
checkpoint_e33 window_influence: 0.09825732261018022, penalty_k: 0.06333979806273540, scale_lr: 0.63589401677896806, EAO: 0.262
Trial 1422 finished with value: 0.2620750012216865 and parameters: {'window_influence': 0.09825732261018022, 'penalty_k': 0.0633397980627354, 'scale_lr': 0.6358940167789681}. Best is trial 1136 with value: 0.3697957394188016.
checkpoint_e33 window_influence: 0.48423880293566718, penalty_k: 0.10443898116707945, scale_lr: 0.70382474611034129, EAO: 0.365
Trial 1423 finished with value: 0.3647931621696235 and parameters: {'window_influence': 0.4842388029356672, 'penalty_k': 0.10443898116707945, 'scale_lr': 0.7038247461103413}. Best is trial 1136 with value: 0.3697957394188016.
checkpoint_e33 window_influence: 0.59333748391633079, penalty_k: 0.10190887450374764, scale_lr: 0.42188645633563587, EAO: 0.266
Trial 1424 finished with value: 0.26640492341397803 and parameters: {'window_influence': 0.5933374839163308, 'penalty_k': 0.10190887450374764, 'scale_lr': 0.4218864563356359}. Best is trial 1136 with value: 0.3697957394188016.
checkpoint_e33 window_influence: 0.46244670566891422, penalty_k: 0.10783866654440127, scale_lr: 0.24590671517790480, EAO: 0.341
Trial 1425 finished with value: 0.34142058693481325 and parameters: {'window_influence': 0.4624467056689142, 'penalty_k': 0.10783866654440127, 'scale_lr': 0.2459067151779048}. Best is trial 1136 with value: 0.3697957394188016.
checkpoint_e33 window_influence: 0.34608726748219215, penalty_k: 0.12728767134477009, scale_lr: 0.43854657398276214, EAO: 0.309
Trial 1426 finished with value: 0.3086845333242231 and parameters: {'window_influence': 0.34608726748219215, 'penalty_k': 0.1272876713447701, 'scale_lr': 0.43854657398276214}. Best is trial 1136 with value: 0.3697957394188016.
checkpoint_e33 window_influence: 0.44665379450685050, penalty_k: 0.09549106141657392, scale_lr: 0.46177098164146368, EAO: 0.329
Trial 1427 finished with value: 0.3292797258855768 and parameters: {'window_influence': 0.4466537945068505, 'penalty_k': 0.09549106141657392, 'scale_lr': 0.4617709816414637}. Best is trial 1136 with value: 0.3697957394188016.
checkpoint_e33 window_influence: 0.47594054820902548, penalty_k: 0.09570311682123547, scale_lr: 0.18701447164362445, EAO: 0.351
Trial 1428 finished with value: 0.3505662198428514 and parameters: {'window_influence': 0.4759405482090255, 'penalty_k': 0.09570311682123547, 'scale_lr': 0.18701447164362445}. Best is trial 1136 with value: 0.3697957394188016.
checkpoint_e33 window_influence: 0.48326282515282437, penalty_k: 0.14401592013295181, scale_lr: 0.49427344210042640, EAO: 0.338
Trial 1429 finished with value: 0.3381783453175066 and parameters: {'window_influence': 0.48326282515282437, 'penalty_k': 0.1440159201329518, 'scale_lr': 0.4942734421004264}. Best is trial 1136 with value: 0.3697957394188016.
checkpoint_e33 window_influence: 0.46065782520570570, penalty_k: 0.11738526117110215, scale_lr: 0.42627337353972972, EAO: 0.332
Trial 1430 finished with value: 0.3324016765165886 and parameters: {'window_influence': 0.4606578252057057, 'penalty_k': 0.11738526117110215, 'scale_lr': 0.4262733735397297}. Best is trial 1136 with value: 0.3697957394188016.
checkpoint_e33 window_influence: 0.60159846339460821, penalty_k: 0.11064321961128259, scale_lr: 0.31594409171586457, EAO: 0.262
Trial 1431 finished with value: 0.26193265147246275 and parameters: {'window_influence': 0.6015984633946082, 'penalty_k': 0.1106432196112826, 'scale_lr': 0.3159440917158646}. Best is trial 1136 with value: 0.3697957394188016.
checkpoint_e33 window_influence: 0.39236344160182729, penalty_k: 0.12082025914442571, scale_lr: 0.21673810636518720, EAO: 0.313
Trial 1432 finished with value: 0.31322267315267127 and parameters: {'window_influence': 0.3923634416018273, 'penalty_k': 0.1208202591444257, 'scale_lr': 0.2167381063651872}. Best is trial 1136 with value: 0.3697957394188016.
checkpoint_e33 window_influence: 0.57452872739694938, penalty_k: 0.10654231553911347, scale_lr: 0.25514042811002058, EAO: 0.291
Trial 1433 finished with value: 0.29134422784185593 and parameters: {'window_influence': 0.5745287273969494, 'penalty_k': 0.10654231553911347, 'scale_lr': 0.2551404281100206}. Best is trial 1136 with value: 0.3697957394188016.
checkpoint_e33 window_influence: 0.41096963966852407, penalty_k: 0.02418220939413921, scale_lr: 0.33850280331374655, EAO: 0.322
Trial 1434 finished with value: 0.3215253056255296 and parameters: {'window_influence': 0.41096963966852407, 'penalty_k': 0.02418220939413921, 'scale_lr': 0.33850280331374655}. Best is trial 1136 with value: 0.3697957394188016.
checkpoint_e33 window_influence: 0.47248346453735374, penalty_k: 0.36234825730476450, scale_lr: 0.51865293375700616, EAO: 0.321
Trial 1435 finished with value: 0.3211664233342219 and parameters: {'window_influence': 0.47248346453735374, 'penalty_k': 0.3623482573047645, 'scale_lr': 0.5186529337570062}. Best is trial 1136 with value: 0.3697957394188016.
checkpoint_e33 window_influence: 0.50186461465239351, penalty_k: 0.52310275058906930, scale_lr: 0.28010668702646990, EAO: 0.281
Trial 1436 finished with value: 0.2811094026157364 and parameters: {'window_influence': 0.5018646146523935, 'penalty_k': 0.5231027505890693, 'scale_lr': 0.2801066870264699}. Best is trial 1136 with value: 0.3697957394188016.
checkpoint_e33 window_influence: 0.43766303635574461, penalty_k: 0.22197471074187250, scale_lr: 0.45189443168603260, EAO: 0.323
Trial 1437 finished with value: 0.3227706110894912 and parameters: {'window_influence': 0.4376630363557446, 'penalty_k': 0.2219747107418725, 'scale_lr': 0.4518944316860326}. Best is trial 1136 with value: 0.3697957394188016.
checkpoint_e33 window_influence: 0.52982854667697965, penalty_k: 0.08274735268719799, scale_lr: 0.39093399664637229, EAO: 0.324
Trial 1438 finished with value: 0.3240934321620585 and parameters: {'window_influence': 0.5298285466769797, 'penalty_k': 0.08274735268719799, 'scale_lr': 0.3909339966463723}. Best is trial 1136 with value: 0.3697957394188016.
checkpoint_e33 window_influence: 0.48819280736045445, penalty_k: 0.01202444646858425, scale_lr: 0.40672074814742631, EAO: 0.319
Trial 1439 finished with value: 0.3194290406509132 and parameters: {'window_influence': 0.48819280736045445, 'penalty_k': 0.012024446468584245, 'scale_lr': 0.4067207481474263}. Best is trial 1136 with value: 0.3697957394188016.
checkpoint_e33 window_influence: 0.44906640693724442, penalty_k: 0.48037082395179304, scale_lr: 0.41756004015137732, EAO: 0.339
Trial 1440 finished with value: 0.3394930056560828 and parameters: {'window_influence': 0.4490664069372444, 'penalty_k': 0.48037082395179304, 'scale_lr': 0.4175600401513773}. Best is trial 1136 with value: 0.3697957394188016.
checkpoint_e33 window_influence: 0.14743165649782755, penalty_k: 0.15716367274371218, scale_lr: 0.13537540521304181, EAO: 0.268
Trial 1441 finished with value: 0.2679104908199162 and parameters: {'window_influence': 0.14743165649782755, 'penalty_k': 0.15716367274371218, 'scale_lr': 0.1353754052130418}. Best is trial 1136 with value: 0.3697957394188016.
checkpoint_e33 window_influence: 0.62404955139388174, penalty_k: 0.08846454943861923, scale_lr: 0.52841091448717914, EAO: 0.251
Trial 1442 finished with value: 0.2513045605982324 and parameters: {'window_influence': 0.6240495513938817, 'penalty_k': 0.08846454943861923, 'scale_lr': 0.5284109144871791}. Best is trial 1136 with value: 0.3697957394188016.
checkpoint_e33 window_influence: 0.47152028854178535, penalty_k: 0.31139517035344449, scale_lr: 0.36548780524630048, EAO: 0.351
Trial 1443 finished with value: 0.3506908259039259 and parameters: {'window_influence': 0.47152028854178535, 'penalty_k': 0.3113951703534445, 'scale_lr': 0.3654878052463005}. Best is trial 1136 with value: 0.3697957394188016.
checkpoint_e33 window_influence: 0.50190248119009639, penalty_k: 0.13144796803864592, scale_lr: 0.47608186111821077, EAO: 0.328
Trial 1444 finished with value: 0.3283055620666608 and parameters: {'window_influence': 0.5019024811900964, 'penalty_k': 0.13144796803864592, 'scale_lr': 0.47608186111821077}. Best is trial 1136 with value: 0.3697957394188016.
checkpoint_e33 window_influence: 0.36228934575595928, penalty_k: 0.01858255220226400, scale_lr: 0.49766224525528968, EAO: 0.325
Trial 1445 finished with value: 0.32482918360585833 and parameters: {'window_influence': 0.3622893457559593, 'penalty_k': 0.018582552202263996, 'scale_lr': 0.4976622452552897}. Best is trial 1136 with value: 0.3697957394188016.
checkpoint_e33 window_influence: 0.46109039541483482, penalty_k: 0.21108505391727456, scale_lr: 0.17257756723021433, EAO: 0.343
Trial 1446 finished with value: 0.3433677115792894 and parameters: {'window_influence': 0.4610903954148348, 'penalty_k': 0.21108505391727456, 'scale_lr': 0.17257756723021433}. Best is trial 1136 with value: 0.3697957394188016.
checkpoint_e33 window_influence: 0.47964421820642184, penalty_k: 0.10369120749574970, scale_lr: 0.19871704092018652, EAO: 0.359
Trial 1447 finished with value: 0.35895206585004635 and parameters: {'window_influence': 0.47964421820642184, 'penalty_k': 0.1036912074957497, 'scale_lr': 0.19871704092018652}. Best is trial 1136 with value: 0.3697957394188016.
checkpoint_e33 window_influence: 0.51560714579719580, penalty_k: 0.25118914642250395, scale_lr: 0.44129612349989034, EAO: 0.318
Trial 1448 finished with value: 0.3184725868910667 and parameters: {'window_influence': 0.5156071457971958, 'penalty_k': 0.25118914642250395, 'scale_lr': 0.44129612349989034}. Best is trial 1136 with value: 0.3697957394188016.
checkpoint_e33 window_influence: 0.30869443943491515, penalty_k: 0.03518888634538207, scale_lr: 0.30093310740615231, EAO: 0.311
Trial 1449 finished with value: 0.311492603982469 and parameters: {'window_influence': 0.30869443943491515, 'penalty_k': 0.035188886345382066, 'scale_lr': 0.3009331074061523}. Best is trial 1136 with value: 0.3697957394188016.
checkpoint_e33 window_influence: 0.49271514725253818, penalty_k: 0.47079291825662484, scale_lr: 0.54473354464130674, EAO: 0.296
Trial 1450 finished with value: 0.29635057270758813 and parameters: {'window_influence': 0.4927151472525382, 'penalty_k': 0.47079291825662484, 'scale_lr': 0.5447335446413067}. Best is trial 1136 with value: 0.3697957394188016.
checkpoint_e33 window_influence: 0.42393092237161240, penalty_k: 0.17027528942065051, scale_lr: 0.37565736580510911, EAO: 0.317
Trial 1451 finished with value: 0.3166356772648221 and parameters: {'window_influence': 0.4239309223716124, 'penalty_k': 0.1702752894206505, 'scale_lr': 0.3756573658051091}. Best is trial 1136 with value: 0.3697957394188016.
checkpoint_e33 window_influence: 0.16323057467921612, penalty_k: 0.20019691346546226, scale_lr: 0.70016190278254009, EAO: 0.293
Trial 1452 finished with value: 0.2930552190611799 and parameters: {'window_influence': 0.16323057467921612, 'penalty_k': 0.20019691346546226, 'scale_lr': 0.7001619027825401}. Best is trial 1136 with value: 0.3697957394188016.
checkpoint_e33 window_influence: 0.45421827826784772, penalty_k: 0.00019296701805562, scale_lr: 0.23071875984204232, EAO: 0.342
Trial 1453 finished with value: 0.34158716313106074 and parameters: {'window_influence': 0.4542182782678477, 'penalty_k': 0.00019296701805562172, 'scale_lr': 0.23071875984204232}. Best is trial 1136 with value: 0.3697957394188016.
checkpoint_e33 window_influence: 0.12764028309608946, penalty_k: 0.42663197588587254, scale_lr: 0.34977510167501868, EAO: 0.263
Trial 1454 finished with value: 0.2626567607607823 and parameters: {'window_influence': 0.12764028309608946, 'penalty_k': 0.42663197588587254, 'scale_lr': 0.3497751016750187}. Best is trial 1136 with value: 0.3697957394188016.
checkpoint_e33 window_influence: 0.47022518317755152, penalty_k: 0.09040152339336446, scale_lr: 0.23930458742803920, EAO: 0.347
Trial 1455 finished with value: 0.34679354199639556 and parameters: {'window_influence': 0.4702251831775515, 'penalty_k': 0.09040152339336446, 'scale_lr': 0.2393045874280392}. Best is trial 1136 with value: 0.3697957394188016.
checkpoint_e33 window_influence: 0.48462269747833525, penalty_k: 0.23574262630163623, scale_lr: 0.40122616796577543, EAO: 0.330
Trial 1456 finished with value: 0.3295416772829419 and parameters: {'window_influence': 0.48462269747833525, 'penalty_k': 0.23574262630163623, 'scale_lr': 0.4012261679657754}. Best is trial 1136 with value: 0.3697957394188016.
checkpoint_e33 window_influence: 0.40084666058539731, penalty_k: 0.02801949232251549, scale_lr: 0.42780882762507710, EAO: 0.308
Trial 1457 finished with value: 0.30775286239872646 and parameters: {'window_influence': 0.4008466605853973, 'penalty_k': 0.028019492322515493, 'scale_lr': 0.4278088276250771}. Best is trial 1136 with value: 0.3697957394188016.
checkpoint_e33 window_influence: 0.50526874911852659, penalty_k: 0.07640326414941540, scale_lr: 0.32987032511547515, EAO: 0.335
Trial 1458 finished with value: 0.3353808101281118 and parameters: {'window_influence': 0.5052687491185266, 'penalty_k': 0.0764032641494154, 'scale_lr': 0.32987032511547515}. Best is trial 1136 with value: 0.3697957394188016.
checkpoint_e33 window_influence: 0.44175774179445104, penalty_k: 0.01830415865948890, scale_lr: 0.45394827368628421, EAO: 0.311
Trial 1459 finished with value: 0.31103767802511206 and parameters: {'window_influence': 0.44175774179445104, 'penalty_k': 0.018304158659488902, 'scale_lr': 0.4539482736862842}. Best is trial 1136 with value: 0.3697957394188016.
checkpoint_e33 window_influence: 0.28652219091260789, penalty_k: 0.28701457560188376, scale_lr: 0.51068062422718385, EAO: 0.310
Trial 1460 finished with value: 0.3102827852570129 and parameters: {'window_influence': 0.2865221909126079, 'penalty_k': 0.28701457560188376, 'scale_lr': 0.5106806242271839}. Best is trial 1136 with value: 0.3697957394188016.
checkpoint_e33 window_influence: 0.49272070806172408, penalty_k: 0.34514172339741789, scale_lr: 0.10474514278104757, EAO: 0.314
Trial 1461 finished with value: 0.31370642271023313 and parameters: {'window_influence': 0.4927207080617241, 'penalty_k': 0.3451417233974179, 'scale_lr': 0.10474514278104757}. Best is trial 1136 with value: 0.3697957394188016.
checkpoint_e33 window_influence: 0.46265858490126860, penalty_k: 0.11679595736653385, scale_lr: 0.11388700276880268, EAO: 0.332
Trial 1462 finished with value: 0.3322996055337705 and parameters: {'window_influence': 0.4626585849012686, 'penalty_k': 0.11679595736653385, 'scale_lr': 0.11388700276880268}. Best is trial 1136 with value: 0.3697957394188016.
checkpoint_e33 window_influence: 0.47681305853603023, penalty_k: 0.18039583043647622, scale_lr: 0.68430267450535498, EAO: 0.333
Trial 1463 finished with value: 0.3325422896717309 and parameters: {'window_influence': 0.47681305853603023, 'penalty_k': 0.18039583043647622, 'scale_lr': 0.684302674505355}. Best is trial 1136 with value: 0.3697957394188016.
checkpoint_e33 window_influence: 0.08276840105692396, penalty_k: 0.01284716562051749, scale_lr: 0.27054757962625053, EAO: 0.252
Trial 1464 finished with value: 0.25179919525111233 and parameters: {'window_influence': 0.08276840105692396, 'penalty_k': 0.012847165620517487, 'scale_lr': 0.27054757962625053}. Best is trial 1136 with value: 0.3697957394188016.
checkpoint_e33 window_influence: 0.53473726884784933, penalty_k: 0.14122091957788496, scale_lr: 0.28608972339990635, EAO: 0.308
Trial 1465 finished with value: 0.30786892545594313 and parameters: {'window_influence': 0.5347372688478493, 'penalty_k': 0.14122091957788496, 'scale_lr': 0.28608972339990635}. Best is trial 1136 with value: 0.3697957394188016.
checkpoint_e33 window_influence: 0.45057666892974074, penalty_k: 0.39268792701818361, scale_lr: 0.21251900775729274, EAO: 0.321
Trial 1466 finished with value: 0.32140530158805475 and parameters: {'window_influence': 0.45057666892974074, 'penalty_k': 0.3926879270181836, 'scale_lr': 0.21251900775729274}. Best is trial 1136 with value: 0.3697957394188016.
checkpoint_e33 window_influence: 0.52333656316963173, penalty_k: 0.03268564544162721, scale_lr: 0.18130902820092015, EAO: 0.334
Trial 1467 finished with value: 0.33404589696616976 and parameters: {'window_influence': 0.5233365631696317, 'penalty_k': 0.03268564544162721, 'scale_lr': 0.18130902820092015}. Best is trial 1136 with value: 0.3697957394188016.
checkpoint_e33 window_influence: 0.48233900748127617, penalty_k: 0.31623237775854940, scale_lr: 0.46847497604952359, EAO: 0.325
Trial 1468 finished with value: 0.325293443546221 and parameters: {'window_influence': 0.48233900748127617, 'penalty_k': 0.3162323777585494, 'scale_lr': 0.4684749760495236}. Best is trial 1136 with value: 0.3697957394188016.
checkpoint_e33 window_influence: 0.64993608175463180, penalty_k: 0.46369244112541363, scale_lr: 0.15714396611574855, EAO: 0.216
Trial 1469 finished with value: 0.21593300818469274 and parameters: {'window_influence': 0.6499360817546318, 'penalty_k': 0.46369244112541363, 'scale_lr': 0.15714396611574855}. Best is trial 1136 with value: 0.3697957394188016.
checkpoint_e33 window_influence: 0.43129017716729479, penalty_k: 0.04043315406746762, scale_lr: 0.43493628809840429, EAO: 0.321
Trial 1470 finished with value: 0.3209503124892016 and parameters: {'window_influence': 0.4312901771672948, 'penalty_k': 0.04043315406746762, 'scale_lr': 0.4349362880984043}. Best is trial 1136 with value: 0.3697957394188016.
checkpoint_e33 window_influence: 0.46542014302588819, penalty_k: 0.27446420615958911, scale_lr: 0.41287842378130185, EAO: 0.324
Trial 1471 finished with value: 0.3242529813881514 and parameters: {'window_influence': 0.4654201430258882, 'penalty_k': 0.2744642061595891, 'scale_lr': 0.41287842378130185}. Best is trial 1136 with value: 0.3697957394188016.
checkpoint_e33 window_influence: 0.50054371526561736, penalty_k: 0.48544782846024287, scale_lr: 0.13919808373136899, EAO: 0.315
Trial 1472 finished with value: 0.31496401479040137 and parameters: {'window_influence': 0.5005437152656174, 'penalty_k': 0.48544782846024287, 'scale_lr': 0.139198083731369}. Best is trial 1136 with value: 0.3697957394188016.
checkpoint_e33 window_influence: 0.47286810566942261, penalty_k: 0.07579443521048483, scale_lr: 0.14888571215875548, EAO: 0.344
Trial 1473 finished with value: 0.3444136607275863 and parameters: {'window_influence': 0.4728681056694226, 'penalty_k': 0.07579443521048483, 'scale_lr': 0.14888571215875548}. Best is trial 1136 with value: 0.3697957394188016.
checkpoint_e33 window_influence: 0.49258537932134772, penalty_k: 0.05041160036211269, scale_lr: 0.48635107509571845, EAO: 0.348
Trial 1474 finished with value: 0.34784104538798793 and parameters: {'window_influence': 0.4925853793213477, 'penalty_k': 0.050411600362112695, 'scale_lr': 0.48635107509571845}. Best is trial 1136 with value: 0.3697957394188016.
checkpoint_e33 window_influence: 0.32750890760961288, penalty_k: 0.10409819330479166, scale_lr: 0.53143159410692975, EAO: 0.292
Trial 1475 finished with value: 0.29216251502009216 and parameters: {'window_influence': 0.3275089076096129, 'penalty_k': 0.10409819330479166, 'scale_lr': 0.5314315941069297}. Best is trial 1136 with value: 0.3697957394188016.
checkpoint_e33 window_influence: 0.56735800025413197, penalty_k: 0.53088932240012976, scale_lr: 0.31621216858097162, EAO: 0.259
Trial 1476 finished with value: 0.2593122293976958 and parameters: {'window_influence': 0.567358000254132, 'penalty_k': 0.5308893224001298, 'scale_lr': 0.3162121685809716}. Best is trial 1136 with value: 0.3697957394188016.
checkpoint_e33 window_influence: 0.54728519058243930, penalty_k: 0.15982386000874613, scale_lr: 0.39044501357754913, EAO: 0.308
Trial 1477 finished with value: 0.30775348407285225 and parameters: {'window_influence': 0.5472851905824393, 'penalty_k': 0.15982386000874613, 'scale_lr': 0.3904450135775491}. Best is trial 1136 with value: 0.3697957394188016.
checkpoint_e33 window_influence: 0.31441061564367989, penalty_k: 0.57364411000577342, scale_lr: 0.26165016107587352, EAO: 0.288
Trial 1478 finished with value: 0.2882610182006072 and parameters: {'window_influence': 0.3144106156436799, 'penalty_k': 0.5736441100057734, 'scale_lr': 0.2616501610758735}. Best is trial 1136 with value: 0.3697957394188016.
checkpoint_e33 window_influence: 0.36676285356729343, penalty_k: 0.49798354316094429, scale_lr: 0.55176458091529035, EAO: 0.306
Trial 1479 finished with value: 0.30573754598194525 and parameters: {'window_influence': 0.36676285356729343, 'penalty_k': 0.4979835431609443, 'scale_lr': 0.5517645809152903}. Best is trial 1136 with value: 0.3697957394188016.
checkpoint_e33 window_influence: 0.32129893777236496, penalty_k: 0.08824951155173641, scale_lr: 0.51640746127546122, EAO: 0.321
Trial 1480 finished with value: 0.32104742573392997 and parameters: {'window_influence': 0.32129893777236496, 'penalty_k': 0.08824951155173641, 'scale_lr': 0.5164074612754612}. Best is trial 1136 with value: 0.3697957394188016.
checkpoint_e33 window_influence: 0.17132864667236206, penalty_k: 0.01016620911785519, scale_lr: 0.44776858576623868, EAO: 0.269
