Trial 452 finished with value: 0.30284045004659127 and parameters: {'window_influence': 0.5090941874224475, 'penalty_k': 0.3445358030422891, 'scale_lr': 0.40128263774338563}. Best is trial 374 with value: 0.3602400896382239.
checkpoint_e24 window_influence: 0.52749688950679874, penalty_k: 0.36003834493864095, scale_lr: 0.69524792570431171, EAO: 0.297
Trial 453 finished with value: 0.2973980654306449 and parameters: {'window_influence': 0.5274968895067987, 'penalty_k': 0.36003834493864095, 'scale_lr': 0.6952479257043117}. Best is trial 374 with value: 0.3602400896382239.
checkpoint_e24 window_influence: 0.24943119185781124, penalty_k: 0.10196803960216755, scale_lr: 0.43316454814888888, EAO: 0.289
Trial 454 finished with value: 0.28914862314550793 and parameters: {'window_influence': 0.24943119185781124, 'penalty_k': 0.10196803960216755, 'scale_lr': 0.4331645481488889}. Best is trial 374 with value: 0.3602400896382239.
checkpoint_e24 window_influence: 0.45716812913888316, penalty_k: 0.32390663734092717, scale_lr: 0.67146238049806262, EAO: 0.303
Trial 455 finished with value: 0.30321705915352715 and parameters: {'window_influence': 0.45716812913888316, 'penalty_k': 0.3239066373409272, 'scale_lr': 0.6714623804980626}. Best is trial 374 with value: 0.3602400896382239.
checkpoint_e24 window_influence: 0.49318065214472345, penalty_k: 0.17512780939444125, scale_lr: 0.49696481108258489, EAO: 0.322
Trial 456 finished with value: 0.32158364065658257 and parameters: {'window_influence': 0.49318065214472345, 'penalty_k': 0.17512780939444125, 'scale_lr': 0.4969648110825849}. Best is trial 374 with value: 0.3602400896382239.
checkpoint_e24 window_influence: 0.56988593710747049, penalty_k: 0.25405248752122250, scale_lr: 0.75116035772004874, EAO: 0.268
Trial 457 finished with value: 0.2684334517684892 and parameters: {'window_influence': 0.5698859371074705, 'penalty_k': 0.2540524875212225, 'scale_lr': 0.7511603577200487}. Best is trial 374 with value: 0.3602400896382239.
checkpoint_e24 window_influence: 0.47818504329071404, penalty_k: 0.21028212288602652, scale_lr: 0.53483472989730885, EAO: 0.339
Trial 458 finished with value: 0.3392615238284323 and parameters: {'window_influence': 0.47818504329071404, 'penalty_k': 0.21028212288602652, 'scale_lr': 0.5348347298973088}. Best is trial 374 with value: 0.3602400896382239.
checkpoint_e24 window_influence: 0.47753695007696989, penalty_k: 0.20638032633893505, scale_lr: 0.63025791989937396, EAO: 0.316
Trial 459 finished with value: 0.31582824590141206 and parameters: {'window_influence': 0.4775369500769699, 'penalty_k': 0.20638032633893505, 'scale_lr': 0.630257919899374}. Best is trial 374 with value: 0.3602400896382239.
checkpoint_e24 window_influence: 0.49901733238882262, penalty_k: 0.21329543168037121, scale_lr: 0.52290402540948122, EAO: 0.336
Trial 460 finished with value: 0.33567279426504204 and parameters: {'window_influence': 0.4990173323888226, 'penalty_k': 0.2132954316803712, 'scale_lr': 0.5229040254094812}. Best is trial 374 with value: 0.3602400896382239.
checkpoint_e24 window_influence: 0.48357184899473704, penalty_k: 0.19931687007877807, scale_lr: 0.50206638409903315, EAO: 0.326
Trial 461 finished with value: 0.3260290752009195 and parameters: {'window_influence': 0.48357184899473704, 'penalty_k': 0.19931687007877807, 'scale_lr': 0.5020663840990331}. Best is trial 374 with value: 0.3602400896382239.
checkpoint_e24 window_influence: 0.47126310855295078, penalty_k: 0.46608978929922262, scale_lr: 0.45565758859389716, EAO: 0.324
Trial 462 finished with value: 0.3243326286165631 and parameters: {'window_influence': 0.4712631085529508, 'penalty_k': 0.4660897892992226, 'scale_lr': 0.45565758859389716}. Best is trial 374 with value: 0.3602400896382239.
checkpoint_e24 window_influence: 0.51202325194700959, penalty_k: 0.24387180646455955, scale_lr: 0.53866137106023226, EAO: 0.286
Trial 463 finished with value: 0.2863851216864493 and parameters: {'window_influence': 0.5120232519470096, 'penalty_k': 0.24387180646455955, 'scale_lr': 0.5386613710602323}. Best is trial 374 with value: 0.3602400896382239.
checkpoint_e24 window_influence: 0.48648334274983135, penalty_k: 0.21673029678272313, scale_lr: 0.51745048010651240, EAO: 0.316
Trial 464 finished with value: 0.3160720171283655 and parameters: {'window_influence': 0.48648334274983135, 'penalty_k': 0.21673029678272313, 'scale_lr': 0.5174504801065124}. Best is trial 374 with value: 0.3602400896382239.
checkpoint_e24 window_influence: 0.35747184491197320, penalty_k: 0.18444943507964681, scale_lr: 0.47945557789219595, EAO: 0.316
Trial 465 finished with value: 0.31571413159138495 and parameters: {'window_influence': 0.3574718449119732, 'penalty_k': 0.1844494350796468, 'scale_lr': 0.47945557789219595}. Best is trial 374 with value: 0.3602400896382239.
checkpoint_e24 window_influence: 0.49878060164486548, penalty_k: 0.39637371410758510, scale_lr: 0.65216432728078211, EAO: 0.321
Trial 466 finished with value: 0.3214191033682471 and parameters: {'window_influence': 0.4987806016448655, 'penalty_k': 0.3963737141075851, 'scale_lr': 0.6521643272807821}. Best is trial 374 with value: 0.3602400896382239.
checkpoint_e24 window_influence: 0.46503179532479832, penalty_k: 0.59410040966795707, scale_lr: 0.41995110394806945, EAO: 0.298
Trial 467 finished with value: 0.2975141983551738 and parameters: {'window_influence': 0.4650317953247983, 'penalty_k': 0.5941004096679571, 'scale_lr': 0.41995110394806945}. Best is trial 374 with value: 0.3602400896382239.
checkpoint_e24 window_influence: 0.52179154093208857, penalty_k: 0.57893558443733961, scale_lr: 0.60017655188161267, EAO: 0.291
Trial 468 finished with value: 0.29143276735270535 and parameters: {'window_influence': 0.5217915409320886, 'penalty_k': 0.5789355844373396, 'scale_lr': 0.6001765518816127}. Best is trial 374 with value: 0.3602400896382239.
checkpoint_e24 window_influence: 0.54747021170032761, penalty_k: 0.19369725269362001, scale_lr: 0.53740810453650600, EAO: 0.296
Trial 469 finished with value: 0.296445174497853 and parameters: {'window_influence': 0.5474702117003276, 'penalty_k': 0.19369725269362, 'scale_lr': 0.537408104536506}. Best is trial 374 with value: 0.3602400896382239.
checkpoint_e24 window_influence: 0.16355985798894548, penalty_k: 0.41674680957336951, scale_lr: 0.71282964340273058, EAO: 0.271
Trial 470 finished with value: 0.27135629830193425 and parameters: {'window_influence': 0.16355985798894548, 'penalty_k': 0.4167468095733695, 'scale_lr': 0.7128296434027306}. Best is trial 374 with value: 0.3602400896382239.
checkpoint_e24 window_influence: 0.21335177630986979, penalty_k: 0.26909034619310612, scale_lr: 0.17702155507691220, EAO: 0.290
Trial 471 finished with value: 0.290385268715569 and parameters: {'window_influence': 0.2133517763098698, 'penalty_k': 0.2690903461931061, 'scale_lr': 0.1770215550769122}. Best is trial 374 with value: 0.3602400896382239.
checkpoint_e24 window_influence: 0.47585276202270749, penalty_k: 0.16325970519688249, scale_lr: 0.50861787780460954, EAO: 0.325
Trial 472 finished with value: 0.3247255808184583 and parameters: {'window_influence': 0.4758527620227075, 'penalty_k': 0.1632597051968825, 'scale_lr': 0.5086178778046095}. Best is trial 374 with value: 0.3602400896382239.
checkpoint_e24 window_influence: 0.30689450378631328, penalty_k: 0.47716793526275614, scale_lr: 0.49230318693417319, EAO: 0.314
Trial 473 finished with value: 0.3137501634164543 and parameters: {'window_influence': 0.3068945037863133, 'penalty_k': 0.47716793526275614, 'scale_lr': 0.4923031869341732}. Best is trial 374 with value: 0.3602400896382239.
checkpoint_e24 window_influence: 0.57471480969146749, penalty_k: 0.22438845520198406, scale_lr: 0.52651300456593053, EAO: 0.266
Trial 474 finished with value: 0.2656698571916684 and parameters: {'window_influence': 0.5747148096914675, 'penalty_k': 0.22438845520198406, 'scale_lr': 0.5265130045659305}. Best is trial 374 with value: 0.3602400896382239.
checkpoint_e24 window_influence: 0.48970011801950691, penalty_k: 0.13578775051520503, scale_lr: 0.76104178165979741, EAO: 0.313
Trial 475 finished with value: 0.3132154668467518 and parameters: {'window_influence': 0.4897001180195069, 'penalty_k': 0.13578775051520503, 'scale_lr': 0.7610417816597974}. Best is trial 374 with value: 0.3602400896382239.
checkpoint_e24 window_influence: 0.33444343066038690, penalty_k: 0.07786990405039029, scale_lr: 0.61196756558607601, EAO: 0.319
Trial 476 finished with value: 0.3191259880242181 and parameters: {'window_influence': 0.3344434306603869, 'penalty_k': 0.07786990405039029, 'scale_lr': 0.611967565586076}. Best is trial 374 with value: 0.3602400896382239.
checkpoint_e24 window_influence: 0.45839287310831034, penalty_k: 0.25217351882563044, scale_lr: 0.58344887359417774, EAO: 0.336
Trial 477 finished with value: 0.3362394428670638 and parameters: {'window_influence': 0.45839287310831034, 'penalty_k': 0.25217351882563044, 'scale_lr': 0.5834488735941777}. Best is trial 374 with value: 0.3602400896382239.
checkpoint_e24 window_influence: 0.47708983243377834, penalty_k: 0.37269032950136644, scale_lr: 0.54709413853974609, EAO: 0.314
Trial 478 finished with value: 0.3142617932785346 and parameters: {'window_influence': 0.47708983243377834, 'penalty_k': 0.37269032950136644, 'scale_lr': 0.5470941385397461}. Best is trial 374 with value: 0.3602400896382239.
checkpoint_e24 window_influence: 0.35165622473001934, penalty_k: 0.15018288023612417, scale_lr: 0.51121702056520579, EAO: 0.295
Trial 479 finished with value: 0.2947267305526288 and parameters: {'window_influence': 0.35165622473001934, 'penalty_k': 0.15018288023612417, 'scale_lr': 0.5112170205652058}. Best is trial 374 with value: 0.3602400896382239.
checkpoint_e24 window_influence: 0.50366049309049021, penalty_k: 0.43677154658069811, scale_lr: 0.46092439813570696, EAO: 0.296
Trial 480 finished with value: 0.29611528511177243 and parameters: {'window_influence': 0.5036604930904902, 'penalty_k': 0.4367715465806981, 'scale_lr': 0.46092439813570696}. Best is trial 374 with value: 0.3602400896382239.
checkpoint_e24 window_influence: 0.63137310292782556, penalty_k: 0.09658544068026303, scale_lr: 0.55740069617557952, EAO: 0.247
Trial 481 finished with value: 0.2474205899215394 and parameters: {'window_influence': 0.6313731029278256, 'penalty_k': 0.09658544068026303, 'scale_lr': 0.5574006961755795}. Best is trial 374 with value: 0.3602400896382239.
checkpoint_e24 window_influence: 0.46544108376906851, penalty_k: 0.44839989056432361, scale_lr: 0.64272199943857389, EAO: 0.291
Trial 482 finished with value: 0.2907476033218176 and parameters: {'window_influence': 0.4654410837690685, 'penalty_k': 0.4483998905643236, 'scale_lr': 0.6427219994385739}. Best is trial 374 with value: 0.3602400896382239.
checkpoint_e24 window_influence: 0.49407631325527346, penalty_k: 0.29971584080699637, scale_lr: 0.72879817867037955, EAO: 0.297
Trial 483 finished with value: 0.29710202052435525 and parameters: {'window_influence': 0.49407631325527346, 'penalty_k': 0.29971584080699637, 'scale_lr': 0.7287981786703795}. Best is trial 374 with value: 0.3602400896382239.
checkpoint_e24 window_influence: 0.51878394353765012, penalty_k: 0.57156984975316105, scale_lr: 0.52908784928439534, EAO: 0.264
Trial 484 finished with value: 0.26423999643975193 and parameters: {'window_influence': 0.5187839435376501, 'penalty_k': 0.571569849753161, 'scale_lr': 0.5290878492843953}. Best is trial 374 with value: 0.3602400896382239.
checkpoint_e24 window_influence: 0.05837311003496881, penalty_k: 0.28258405311632995, scale_lr: 0.50260814895091044, EAO: 0.244
Trial 485 finished with value: 0.24433477240313817 and parameters: {'window_influence': 0.05837311003496881, 'penalty_k': 0.28258405311632995, 'scale_lr': 0.5026081489509104}. Best is trial 374 with value: 0.3602400896382239.
checkpoint_e24 window_influence: 0.47972636470155772, penalty_k: 0.58553708841502961, scale_lr: 0.61929682413315956, EAO: 0.287
Trial 486 finished with value: 0.2866128215761964 and parameters: {'window_influence': 0.4797263647015577, 'penalty_k': 0.5855370884150296, 'scale_lr': 0.6192968241331596}. Best is trial 374 with value: 0.3602400896382239.
checkpoint_e24 window_influence: 0.56429432015600067, penalty_k: 0.48968751810531774, scale_lr: 0.67499623775521767, EAO: 0.261
Trial 487 finished with value: 0.26118000588064527 and parameters: {'window_influence': 0.5642943201560007, 'penalty_k': 0.48968751810531774, 'scale_lr': 0.6749962377552177}. Best is trial 374 with value: 0.3602400896382239.
checkpoint_e24 window_influence: 0.44767934329664671, penalty_k: 0.23262028806145651, scale_lr: 0.48836033347419439, EAO: 0.314
Trial 488 finished with value: 0.31418288531006544 and parameters: {'window_influence': 0.4476793432966467, 'penalty_k': 0.23262028806145651, 'scale_lr': 0.4883603334741944}. Best is trial 374 with value: 0.3602400896382239.
checkpoint_e24 window_influence: 0.50321229913285948, penalty_k: 0.20526672338018689, scale_lr: 0.57131731206572356, EAO: 0.292
Trial 489 finished with value: 0.29235679201114967 and parameters: {'window_influence': 0.5032122991328595, 'penalty_k': 0.2052667233801869, 'scale_lr': 0.5713173120657236}. Best is trial 374 with value: 0.3602400896382239.
checkpoint_e24 window_influence: 0.48493000293250416, penalty_k: 0.10951968953477839, scale_lr: 0.47302308555632966, EAO: 0.317
Trial 490 finished with value: 0.3174180342065685 and parameters: {'window_influence': 0.48493000293250416, 'penalty_k': 0.10951968953477839, 'scale_lr': 0.47302308555632966}. Best is trial 374 with value: 0.3602400896382239.
checkpoint_e24 window_influence: 0.46793895285642567, penalty_k: 0.41195509864294472, scale_lr: 0.53993825179655563, EAO: 0.331
Trial 491 finished with value: 0.3307405840098162 and parameters: {'window_influence': 0.46793895285642567, 'penalty_k': 0.4119550986429447, 'scale_lr': 0.5399382517965556}. Best is trial 374 with value: 0.3602400896382239.
checkpoint_e24 window_influence: 0.53227231457585644, penalty_k: 0.59896777026333359, scale_lr: 0.51966922259596326, EAO: 0.279
Trial 492 finished with value: 0.2789708711641772 and parameters: {'window_influence': 0.5322723145758564, 'penalty_k': 0.5989677702633336, 'scale_lr': 0.5196692225959633}. Best is trial 374 with value: 0.3602400896382239.
checkpoint_e24 window_influence: 0.45328723848653130, penalty_k: 0.17348777263041329, scale_lr: 0.63171438492630105, EAO: 0.319
Trial 493 finished with value: 0.3194785507156691 and parameters: {'window_influence': 0.4532872384865313, 'penalty_k': 0.1734877726304133, 'scale_lr': 0.631714384926301}. Best is trial 374 with value: 0.3602400896382239.
checkpoint_e24 window_influence: 0.29755327374906659, penalty_k: 0.45827212610100015, scale_lr: 0.59587361232445446, EAO: 0.298
Trial 494 finished with value: 0.29750330195352725 and parameters: {'window_influence': 0.2975532737490666, 'penalty_k': 0.45827212610100015, 'scale_lr': 0.5958736123244545}. Best is trial 374 with value: 0.3602400896382239.
checkpoint_e24 window_influence: 0.59074692088683634, penalty_k: 0.07641975355396445, scale_lr: 0.74384991459175021, EAO: 0.244
Trial 495 finished with value: 0.24420915126568613 and parameters: {'window_influence': 0.5907469208868363, 'penalty_k': 0.07641975355396445, 'scale_lr': 0.7438499145917502}. Best is trial 374 with value: 0.3602400896382239.
checkpoint_e24 window_influence: 0.27402376877889323, penalty_k: 0.04766780548816405, scale_lr: 0.43805940038922070, EAO: 0.310
Trial 496 finished with value: 0.3103434716565136 and parameters: {'window_influence': 0.27402376877889323, 'penalty_k': 0.04766780548816405, 'scale_lr': 0.4380594003892207}. Best is trial 374 with value: 0.3602400896382239.
checkpoint_e24 window_influence: 0.41226237636719598, penalty_k: 0.31825598401795335, scale_lr: 0.50101368097560250, EAO: 0.325
Trial 497 finished with value: 0.32468563770505704 and parameters: {'window_influence': 0.412262376367196, 'penalty_k': 0.31825598401795335, 'scale_lr': 0.5010136809756025}. Best is trial 374 with value: 0.3602400896382239.
checkpoint_e24 window_influence: 0.55699035044168044, penalty_k: 0.26028188659224094, scale_lr: 0.54668908873147548, EAO: 0.287
Trial 498 finished with value: 0.2869639180397709 and parameters: {'window_influence': 0.5569903504416804, 'penalty_k': 0.26028188659224094, 'scale_lr': 0.5466890887314755}. Best is trial 374 with value: 0.3602400896382239.
checkpoint_e24 window_influence: 0.50862837238705316, penalty_k: 0.13780147820924527, scale_lr: 0.39146261320829490, EAO: 0.322
Trial 499 finished with value: 0.32231327352124894 and parameters: {'window_influence': 0.5086283723870532, 'penalty_k': 0.13780147820924527, 'scale_lr': 0.3914626132082949}. Best is trial 374 with value: 0.3602400896382239.
checkpoint_e24 window_influence: 0.32181603116294383, penalty_k: 0.34655475876877384, scale_lr: 0.36720969503680234, EAO: 0.316
Trial 500 finished with value: 0.31612100292736456 and parameters: {'window_influence': 0.3218160311629438, 'penalty_k': 0.34655475876877384, 'scale_lr': 0.36720969503680234}. Best is trial 374 with value: 0.3602400896382239.
checkpoint_e24 window_influence: 0.37897581021794008, penalty_k: 0.12269352592116485, scale_lr: 0.68229284587198558, EAO: 0.325
Trial 501 finished with value: 0.32495596500454244 and parameters: {'window_influence': 0.3789758102179401, 'penalty_k': 0.12269352592116485, 'scale_lr': 0.6822928458719856}. Best is trial 374 with value: 0.3602400896382239.
checkpoint_e24 window_influence: 0.49266504154509178, penalty_k: 0.08431602673217187, scale_lr: 0.72099571410495167, EAO: 0.324
Trial 502 finished with value: 0.32401647096941905 and parameters: {'window_influence': 0.4926650415450918, 'penalty_k': 0.08431602673217187, 'scale_lr': 0.7209957141049517}. Best is trial 374 with value: 0.3602400896382239.
checkpoint_e24 window_influence: 0.47194957779210572, penalty_k: 0.35768481553153730, scale_lr: 0.52849227715704428, EAO: 0.312
Trial 503 finished with value: 0.311979996786971 and parameters: {'window_influence': 0.4719495777921057, 'penalty_k': 0.3576848155315373, 'scale_lr': 0.5284922771570443}. Best is trial 374 with value: 0.3602400896382239.
checkpoint_e24 window_influence: 0.43963761177556371, penalty_k: 0.28939703214657736, scale_lr: 0.58162882912470182, EAO: 0.303
Trial 504 finished with value: 0.30286278294450114 and parameters: {'window_influence': 0.4396376117755637, 'penalty_k': 0.28939703214657736, 'scale_lr': 0.5816288291247018}. Best is trial 374 with value: 0.3602400896382239.
checkpoint_e24 window_influence: 0.48715276477194364, penalty_k: 0.11839704397738256, scale_lr: 0.55445542734279918, EAO: 0.312
Trial 505 finished with value: 0.3116638238327976 and parameters: {'window_influence': 0.48715276477194364, 'penalty_k': 0.11839704397738256, 'scale_lr': 0.5544554273427992}. Best is trial 374 with value: 0.3602400896382239.
checkpoint_e24 window_influence: 0.46036240914135040, penalty_k: 0.56205945317928552, scale_lr: 0.51504088084703981, EAO: 0.314
Trial 506 finished with value: 0.313986741731139 and parameters: {'window_influence': 0.4603624091413504, 'penalty_k': 0.5620594531792855, 'scale_lr': 0.5150408808470398}. Best is trial 374 with value: 0.3602400896382239.
checkpoint_e24 window_influence: 0.36757205624557143, penalty_k: 0.06407971407384308, scale_lr: 0.47954021633339738, EAO: 0.312
Trial 507 finished with value: 0.31225814383317524 and parameters: {'window_influence': 0.36757205624557143, 'penalty_k': 0.06407971407384308, 'scale_lr': 0.4795402163333974}. Best is trial 374 with value: 0.3602400896382239.
checkpoint_e24 window_influence: 0.07136044478734632, penalty_k: 0.15763758544590681, scale_lr: 0.44888055664405313, EAO: 0.264
Trial 508 finished with value: 0.26391918331036773 and parameters: {'window_influence': 0.07136044478734632, 'penalty_k': 0.1576375854459068, 'scale_lr': 0.44888055664405313}. Best is trial 374 with value: 0.3602400896382239.
checkpoint_e24 window_influence: 0.13126738398702070, penalty_k: 0.19280782560065296, scale_lr: 0.70307650845141934, EAO: 0.268
Trial 509 finished with value: 0.2682762354728313 and parameters: {'window_influence': 0.1312673839870207, 'penalty_k': 0.19280782560065296, 'scale_lr': 0.7030765084514193}. Best is trial 374 with value: 0.3602400896382239.
checkpoint_e24 window_influence: 0.51857493127588949, penalty_k: 0.27393072368495069, scale_lr: 0.66027757947020060, EAO: 0.307
Trial 510 finished with value: 0.30676674732670245 and parameters: {'window_influence': 0.5185749312758895, 'penalty_k': 0.2739307236849507, 'scale_lr': 0.6602775794702006}. Best is trial 374 with value: 0.3602400896382239.
checkpoint_e24 window_influence: 0.47855010583381474, penalty_k: 0.23055383448591135, scale_lr: 0.41455206342472090, EAO: 0.321
Trial 511 finished with value: 0.3212113841382446 and parameters: {'window_influence': 0.47855010583381474, 'penalty_k': 0.23055383448591135, 'scale_lr': 0.4145520634247209}. Best is trial 374 with value: 0.3602400896382239.
checkpoint_e24 window_influence: 0.49610165133816564, penalty_k: 0.18471359936979811, scale_lr: 0.49638835654898522, EAO: 0.350
Trial 512 finished with value: 0.35038314591585895 and parameters: {'window_influence': 0.49610165133816564, 'penalty_k': 0.18471359936979811, 'scale_lr': 0.4963883565489852}. Best is trial 374 with value: 0.3602400896382239.
checkpoint_e24 window_influence: 0.42731318506191751, penalty_k: 0.18791587676937496, scale_lr: 0.48875770906541371, EAO: 0.332
Trial 513 finished with value: 0.3318789073697324 and parameters: {'window_influence': 0.4273131850619175, 'penalty_k': 0.18791587676937496, 'scale_lr': 0.4887577090654137}. Best is trial 374 with value: 0.3602400896382239.
checkpoint_e24 window_influence: 0.46232094949538016, penalty_k: 0.20240038191249854, scale_lr: 0.50532561942251175, EAO: 0.321
