Trial 558 finished with value: 0.35479356087599284 and parameters: {'window_influence': 0.5163507530652944, 'penalty_k': 0.011265151241170016, 'scale_lr': 0.3229419690133079}. Best is trial 32 with value: 0.38394216433573325.
checkpoint_e23 window_influence: 0.47785761527690745, penalty_k: 0.42524930705604391, scale_lr: 0.46265584052326519, EAO: 0.335
Trial 559 finished with value: 0.33487288601667503 and parameters: {'window_influence': 0.47785761527690745, 'penalty_k': 0.4252493070560439, 'scale_lr': 0.4626558405232652}. Best is trial 32 with value: 0.38394216433573325.
checkpoint_e23 window_influence: 0.17891148145522398, penalty_k: 0.49416011777107305, scale_lr: 0.52539006529933363, EAO: 0.243
Trial 560 finished with value: 0.24255366582814822 and parameters: {'window_influence': 0.17891148145522398, 'penalty_k': 0.49416011777107305, 'scale_lr': 0.5253900652993336}. Best is trial 32 with value: 0.38394216433573325.
checkpoint_e23 window_influence: 0.53200577198345600, penalty_k: 0.02399795484552675, scale_lr: 0.74007655437199793, EAO: 0.313
Trial 561 finished with value: 0.3134803937218996 and parameters: {'window_influence': 0.532005771983456, 'penalty_k': 0.023997954845526748, 'scale_lr': 0.7400765543719979}. Best is trial 32 with value: 0.38394216433573325.
checkpoint_e23 window_influence: 0.49573833759737146, penalty_k: 0.05891513379812942, scale_lr: 0.36331900392094751, EAO: 0.348
Trial 562 finished with value: 0.34759260534312475 and parameters: {'window_influence': 0.49573833759737146, 'penalty_k': 0.05891513379812942, 'scale_lr': 0.3633190039209475}. Best is trial 32 with value: 0.38394216433573325.
checkpoint_e23 window_influence: 0.48526205994387495, penalty_k: 0.00168122640257904, scale_lr: 0.39788879873037530, EAO: 0.338
Trial 563 finished with value: 0.3377766333201516 and parameters: {'window_influence': 0.48526205994387495, 'penalty_k': 0.001681226402579037, 'scale_lr': 0.3978887987303753}. Best is trial 32 with value: 0.38394216433573325.
checkpoint_e23 window_influence: 0.44084876220191044, penalty_k: 0.08972866036599830, scale_lr: 0.38112531692234897, EAO: 0.337
Trial 564 finished with value: 0.33717098495839637 and parameters: {'window_influence': 0.44084876220191044, 'penalty_k': 0.0897286603659983, 'scale_lr': 0.38112531692234897}. Best is trial 32 with value: 0.38394216433573325.
checkpoint_e23 window_influence: 0.46870783117121034, penalty_k: 0.17986251915028154, scale_lr: 0.10396242097027653, EAO: 0.327
Trial 565 finished with value: 0.3273827232971266 and parameters: {'window_influence': 0.46870783117121034, 'penalty_k': 0.17986251915028154, 'scale_lr': 0.10396242097027653}. Best is trial 32 with value: 0.38394216433573325.
checkpoint_e23 window_influence: 0.30452235488681278, penalty_k: 0.10281567479917780, scale_lr: 0.40082348682844399, EAO: 0.321
Trial 566 finished with value: 0.3212123371747681 and parameters: {'window_influence': 0.3045223548868128, 'penalty_k': 0.1028156747991778, 'scale_lr': 0.400823486828444}. Best is trial 32 with value: 0.38394216433573325.
checkpoint_e23 window_influence: 0.12935120408314468, penalty_k: 0.29752116971354420, scale_lr: 0.50015233176415574, EAO: 0.259
Trial 567 finished with value: 0.25894775754746757 and parameters: {'window_influence': 0.12935120408314468, 'penalty_k': 0.2975211697135442, 'scale_lr': 0.5001523317641557}. Best is trial 32 with value: 0.38394216433573325.
checkpoint_e23 window_influence: 0.57479754409686679, penalty_k: 0.21078837763977473, scale_lr: 0.36777642180544678, EAO: 0.278
Trial 568 finished with value: 0.2777185978128752 and parameters: {'window_influence': 0.5747975440968668, 'penalty_k': 0.21078837763977473, 'scale_lr': 0.3677764218054468}. Best is trial 32 with value: 0.38394216433573325.
checkpoint_e23 window_influence: 0.50979702124349624, penalty_k: 0.40094157864564167, scale_lr: 0.48152248568547118, EAO: 0.295
Trial 569 finished with value: 0.29532411230677297 and parameters: {'window_influence': 0.5097970212434962, 'penalty_k': 0.40094157864564167, 'scale_lr': 0.4815224856854712}. Best is trial 32 with value: 0.38394216433573325.
checkpoint_e23 window_influence: 0.45718420306533947, penalty_k: 0.45817588739716963, scale_lr: 0.78980217763709204, EAO: 0.320
Trial 570 finished with value: 0.3202130314441043 and parameters: {'window_influence': 0.45718420306533947, 'penalty_k': 0.45817588739716963, 'scale_lr': 0.789802177637092}. Best is trial 32 with value: 0.38394216433573325.
checkpoint_e23 window_influence: 0.49755698054996916, penalty_k: 0.13957215696633937, scale_lr: 0.38943991651148996, EAO: 0.366
Trial 571 finished with value: 0.3658590861795477 and parameters: {'window_influence': 0.49755698054996916, 'penalty_k': 0.13957215696633937, 'scale_lr': 0.38943991651148996}. Best is trial 32 with value: 0.38394216433573325.
checkpoint_e23 window_influence: 0.52375917005318351, penalty_k: 0.16289219109965503, scale_lr: 0.40974418396455287, EAO: 0.324
Trial 572 finished with value: 0.3243040886602513 and parameters: {'window_influence': 0.5237591700531835, 'penalty_k': 0.16289219109965503, 'scale_lr': 0.40974418396455287}. Best is trial 32 with value: 0.38394216433573325.
checkpoint_e23 window_influence: 0.50338398167400999, penalty_k: 0.10786073011984407, scale_lr: 0.39036875261965526, EAO: 0.345
Trial 573 finished with value: 0.34501737518533193 and parameters: {'window_influence': 0.50338398167401, 'penalty_k': 0.10786073011984407, 'scale_lr': 0.39036875261965526}. Best is trial 32 with value: 0.38394216433573325.
checkpoint_e23 window_influence: 0.49466434138098581, penalty_k: 0.27397685710290809, scale_lr: 0.44129483949557674, EAO: 0.303
Trial 574 finished with value: 0.30347616535680305 and parameters: {'window_influence': 0.4946643413809858, 'penalty_k': 0.2739768571029081, 'scale_lr': 0.44129483949557674}. Best is trial 32 with value: 0.38394216433573325.
checkpoint_e23 window_influence: 0.41349663022451355, penalty_k: 0.13863844881005405, scale_lr: 0.63417817947459165, EAO: 0.323
Trial 575 finished with value: 0.32340571127744966 and parameters: {'window_influence': 0.41349663022451355, 'penalty_k': 0.13863844881005405, 'scale_lr': 0.6341781794745917}. Best is trial 32 with value: 0.38394216433573325.
checkpoint_e23 window_influence: 0.50522524157752513, penalty_k: 0.12803711128481754, scale_lr: 0.58370242714155640, EAO: 0.326
Trial 576 finished with value: 0.3259377787433246 and parameters: {'window_influence': 0.5052252415775251, 'penalty_k': 0.12803711128481754, 'scale_lr': 0.5837024271415564}. Best is trial 32 with value: 0.38394216433573325.
checkpoint_e23 window_influence: 0.13751822206744041, penalty_k: 0.12283216582459953, scale_lr: 0.41720829828286249, EAO: 0.268
Trial 577 finished with value: 0.2677845507280372 and parameters: {'window_influence': 0.1375182220674404, 'penalty_k': 0.12283216582459953, 'scale_lr': 0.4172082982828625}. Best is trial 32 with value: 0.38394216433573325.
checkpoint_e23 window_influence: 0.47792461028828243, penalty_k: 0.07575433408703212, scale_lr: 0.45503027754586278, EAO: 0.337
Trial 578 finished with value: 0.3367114471786217 and parameters: {'window_influence': 0.4779246102882824, 'penalty_k': 0.07575433408703212, 'scale_lr': 0.4550302775458628}. Best is trial 32 with value: 0.38394216433573325.
checkpoint_e23 window_influence: 0.63080761562587995, penalty_k: 0.08700564868851887, scale_lr: 0.39701030627335882, EAO: 0.244
Trial 579 finished with value: 0.24416273090162166 and parameters: {'window_influence': 0.63080761562588, 'penalty_k': 0.08700564868851887, 'scale_lr': 0.3970103062733588}. Best is trial 32 with value: 0.38394216433573325.
checkpoint_e23 window_influence: 0.51768760107127543, penalty_k: 0.26285142765525338, scale_lr: 0.33803254104195318, EAO: 0.320
Trial 580 finished with value: 0.32022746272588054 and parameters: {'window_influence': 0.5176876010712754, 'penalty_k': 0.2628514276552534, 'scale_lr': 0.3380325410419532}. Best is trial 32 with value: 0.38394216433573325.
checkpoint_e23 window_influence: 0.53668361541465825, penalty_k: 0.11233305252751319, scale_lr: 0.42411257582306050, EAO: 0.317
Trial 581 finished with value: 0.3174734665262096 and parameters: {'window_influence': 0.5366836154146583, 'penalty_k': 0.11233305252751319, 'scale_lr': 0.4241125758230605}. Best is trial 32 with value: 0.38394216433573325.
checkpoint_e23 window_influence: 0.38087198562076019, penalty_k: 0.52442910637436269, scale_lr: 0.46706518050855256, EAO: 0.312
Trial 582 finished with value: 0.3124693301053363 and parameters: {'window_influence': 0.3808719856207602, 'penalty_k': 0.5244291063743627, 'scale_lr': 0.46706518050855256}. Best is trial 32 with value: 0.38394216433573325.
checkpoint_e23 window_influence: 0.49205209813029122, penalty_k: 0.01916023679514273, scale_lr: 0.11725890214319334, EAO: 0.340
Trial 583 finished with value: 0.34043037531904674 and parameters: {'window_influence': 0.4920520981302912, 'penalty_k': 0.01916023679514273, 'scale_lr': 0.11725890214319334}. Best is trial 32 with value: 0.38394216433573325.
checkpoint_e23 window_influence: 0.46627303476888188, penalty_k: 0.09522096549873915, scale_lr: 0.37914517803397974, EAO: 0.342
Trial 584 finished with value: 0.34188019788682694 and parameters: {'window_influence': 0.4662730347688819, 'penalty_k': 0.09522096549873915, 'scale_lr': 0.37914517803397974}. Best is trial 32 with value: 0.38394216433573325.
checkpoint_e23 window_influence: 0.06919028599825333, penalty_k: 0.36430728846888843, scale_lr: 0.53550935166267799, EAO: 0.234
Trial 585 finished with value: 0.23398068013822057 and parameters: {'window_influence': 0.06919028599825333, 'penalty_k': 0.36430728846888843, 'scale_lr': 0.535509351662678}. Best is trial 32 with value: 0.38394216433573325.
checkpoint_e23 window_influence: 0.45223182873798118, penalty_k: 0.14605420518005227, scale_lr: 0.35595478061978142, EAO: 0.326
Trial 586 finished with value: 0.32550990569916216 and parameters: {'window_influence': 0.4522318287379812, 'penalty_k': 0.14605420518005227, 'scale_lr': 0.3559547806197814}. Best is trial 32 with value: 0.38394216433573325.
checkpoint_e23 window_influence: 0.31118451648624734, penalty_k: 0.17054422407212846, scale_lr: 0.68927605916461798, EAO: 0.321
Trial 587 finished with value: 0.32142497848443946 and parameters: {'window_influence': 0.31118451648624734, 'penalty_k': 0.17054422407212846, 'scale_lr': 0.689276059164618}. Best is trial 32 with value: 0.38394216433573325.
checkpoint_e23 window_influence: 0.60988407635684683, penalty_k: 0.06718997552262859, scale_lr: 0.49047389111318884, EAO: 0.271
Trial 588 finished with value: 0.2705104159126022 and parameters: {'window_influence': 0.6098840763568468, 'penalty_k': 0.06718997552262859, 'scale_lr': 0.49047389111318884}. Best is trial 32 with value: 0.38394216433573325.
checkpoint_e23 window_influence: 0.48286625384792670, penalty_k: 0.01083972257663848, scale_lr: 0.51321335077981900, EAO: 0.343
Trial 589 finished with value: 0.34304995887010475 and parameters: {'window_influence': 0.4828662538479267, 'penalty_k': 0.010839722576638481, 'scale_lr': 0.513213350779819}. Best is trial 32 with value: 0.38394216433573325.
checkpoint_e23 window_influence: 0.49885477304211451, penalty_k: 0.23920912079806272, scale_lr: 0.43527235987111673, EAO: 0.326
Trial 590 finished with value: 0.3263166539284042 and parameters: {'window_influence': 0.4988547730421145, 'penalty_k': 0.23920912079806272, 'scale_lr': 0.43527235987111673}. Best is trial 32 with value: 0.38394216433573325.
checkpoint_e23 window_influence: 0.51312560284827935, penalty_k: 0.48374679201919557, scale_lr: 0.14548041851794735, EAO: 0.284
Trial 591 finished with value: 0.2841582073891673 and parameters: {'window_influence': 0.5131256028482793, 'penalty_k': 0.48374679201919557, 'scale_lr': 0.14548041851794735}. Best is trial 32 with value: 0.38394216433573325.
checkpoint_e23 window_influence: 0.08625682114779132, penalty_k: 0.02931474157065840, scale_lr: 0.39490691761471503, EAO: 0.257
Trial 592 finished with value: 0.2572020016291726 and parameters: {'window_influence': 0.08625682114779132, 'penalty_k': 0.0293147415706584, 'scale_lr': 0.394906917614715}. Best is trial 32 with value: 0.38394216433573325.
checkpoint_e23 window_influence: 0.47027776793504478, penalty_k: 0.00038934860466032, scale_lr: 0.40478513082148665, EAO: 0.352
Trial 593 finished with value: 0.35213898499188256 and parameters: {'window_influence': 0.4702777679350448, 'penalty_k': 0.0003893486046603247, 'scale_lr': 0.40478513082148665}. Best is trial 32 with value: 0.38394216433573325.
checkpoint_e23 window_influence: 0.24487954275179083, penalty_k: 0.33418459714555065, scale_lr: 0.37356698175596365, EAO: 0.290
Trial 594 finished with value: 0.2896280837198176 and parameters: {'window_influence': 0.24487954275179083, 'penalty_k': 0.33418459714555065, 'scale_lr': 0.37356698175596365}. Best is trial 32 with value: 0.38394216433573325.
checkpoint_e23 window_influence: 0.28744835660962259, penalty_k: 0.07905719716877345, scale_lr: 0.44944748091242370, EAO: 0.323
Trial 595 finished with value: 0.323336918124429 and parameters: {'window_influence': 0.2874483566096226, 'penalty_k': 0.07905719716877345, 'scale_lr': 0.4494474809124237}. Best is trial 32 with value: 0.38394216433573325.
checkpoint_e23 window_influence: 0.48863582925903221, penalty_k: 0.19147384316709321, scale_lr: 0.25940483931307867, EAO: 0.316
Trial 596 finished with value: 0.3162085969972239 and parameters: {'window_influence': 0.4886358292590322, 'penalty_k': 0.1914738431670932, 'scale_lr': 0.2594048393130787}. Best is trial 32 with value: 0.38394216433573325.
checkpoint_e23 window_influence: 0.34338174250968440, penalty_k: 0.20868373650752980, scale_lr: 0.41750407801197081, EAO: 0.310
Trial 597 finished with value: 0.31020500218126096 and parameters: {'window_influence': 0.3433817425096844, 'penalty_k': 0.2086837365075298, 'scale_lr': 0.4175040780119708}. Best is trial 32 with value: 0.38394216433573325.
checkpoint_e23 window_influence: 0.43830490159812369, penalty_k: 0.03744216865533526, scale_lr: 0.38813842527865416, EAO: 0.345
Trial 598 finished with value: 0.34457319800955777 and parameters: {'window_influence': 0.4383049015981237, 'penalty_k': 0.037442168655335256, 'scale_lr': 0.38813842527865416}. Best is trial 32 with value: 0.38394216433573325.
checkpoint_e23 window_influence: 0.22849924561877555, penalty_k: 0.02145623916203433, scale_lr: 0.47334264732675985, EAO: 0.311
Trial 599 finished with value: 0.3112566258888764 and parameters: {'window_influence': 0.22849924561877555, 'penalty_k': 0.021456239162034325, 'scale_lr': 0.47334264732675985}. Best is trial 32 with value: 0.38394216433573325.
checkpoint_e23 window_influence: 0.29013843316875909, penalty_k: 0.06016021148130254, scale_lr: 0.35924443530094424, EAO: 0.296
Trial 600 finished with value: 0.29603342480000816 and parameters: {'window_influence': 0.2901384331687591, 'penalty_k': 0.060160211481302545, 'scale_lr': 0.35924443530094424}. Best is trial 32 with value: 0.38394216433573325.
checkpoint_e23 window_influence: 0.47719360338760192, penalty_k: 0.09893168853301848, scale_lr: 0.32590099859166399, EAO: 0.357
Trial 601 finished with value: 0.3567134688104637 and parameters: {'window_influence': 0.4771936033876019, 'penalty_k': 0.09893168853301848, 'scale_lr': 0.325900998591664}. Best is trial 32 with value: 0.38394216433573325.
checkpoint_e23 window_influence: 0.55999337645301273, penalty_k: 0.05061733745290511, scale_lr: 0.29245701770185356, EAO: 0.302
Trial 602 finished with value: 0.3020464457310591 and parameters: {'window_influence': 0.5599933764530127, 'penalty_k': 0.05061733745290511, 'scale_lr': 0.29245701770185356}. Best is trial 32 with value: 0.38394216433573325.
checkpoint_e23 window_influence: 0.45994718960587777, penalty_k: 0.01436748391147186, scale_lr: 0.72326774095523039, EAO: 0.337
Trial 603 finished with value: 0.33726925214440906 and parameters: {'window_influence': 0.45994718960587777, 'penalty_k': 0.01436748391147186, 'scale_lr': 0.7232677409552304}. Best is trial 32 with value: 0.38394216433573325.
checkpoint_e23 window_influence: 0.24601583196552482, penalty_k: 0.00028176241000282, scale_lr: 0.40808312277685627, EAO: 0.305
Trial 604 finished with value: 0.3047172867834336 and parameters: {'window_influence': 0.24601583196552482, 'penalty_k': 0.0002817624100028178, 'scale_lr': 0.40808312277685627}. Best is trial 32 with value: 0.38394216433573325.
checkpoint_e23 window_influence: 0.50344755827583354, penalty_k: 0.03415042224908774, scale_lr: 0.38102205459480465, EAO: 0.352
Trial 605 finished with value: 0.35211338873967124 and parameters: {'window_influence': 0.5034475582758335, 'penalty_k': 0.034150422249087736, 'scale_lr': 0.38102205459480465}. Best is trial 32 with value: 0.38394216433573325.
checkpoint_e23 window_influence: 0.52582797257581604, penalty_k: 0.25275881013546164, scale_lr: 0.60553635489079682, EAO: 0.313
Trial 606 finished with value: 0.31250981296546726 and parameters: {'window_influence': 0.525827972575816, 'penalty_k': 0.25275881013546164, 'scale_lr': 0.6055363548907968}. Best is trial 32 with value: 0.38394216433573325.
checkpoint_e23 window_influence: 0.48932627088945885, penalty_k: 0.07242027684484598, scale_lr: 0.43189477532954923, EAO: 0.332
Trial 607 finished with value: 0.3320936664996908 and parameters: {'window_influence': 0.48932627088945885, 'penalty_k': 0.07242027684484598, 'scale_lr': 0.43189477532954923}. Best is trial 32 with value: 0.38394216433573325.
checkpoint_e23 window_influence: 0.44947348413388866, penalty_k: 0.08703481029427336, scale_lr: 0.20763364900417622, EAO: 0.322
Trial 608 finished with value: 0.321533378460064 and parameters: {'window_influence': 0.44947348413388866, 'penalty_k': 0.08703481029427336, 'scale_lr': 0.20763364900417622}. Best is trial 32 with value: 0.38394216433573325.
checkpoint_e23 window_influence: 0.60106737131081056, penalty_k: 0.04631929813180100, scale_lr: 0.46099188424659510, EAO: 0.286
Trial 609 finished with value: 0.2858597307469594 and parameters: {'window_influence': 0.6010673713108106, 'penalty_k': 0.046319298131801, 'scale_lr': 0.4609918842465951}. Best is trial 32 with value: 0.38394216433573325.
checkpoint_e23 window_influence: 0.47399669490992336, penalty_k: 0.22971888664037865, scale_lr: 0.35101127618134531, EAO: 0.332
Trial 610 finished with value: 0.332054411042989 and parameters: {'window_influence': 0.47399669490992336, 'penalty_k': 0.22971888664037865, 'scale_lr': 0.3510112761813453}. Best is trial 32 with value: 0.38394216433573325.
checkpoint_e23 window_influence: 0.51069380821503496, penalty_k: 0.02340276551434066, scale_lr: 0.54845016080091402, EAO: 0.355
Trial 611 finished with value: 0.35484073609693506 and parameters: {'window_influence': 0.510693808215035, 'penalty_k': 0.023402765514340663, 'scale_lr': 0.548450160800914}. Best is trial 32 with value: 0.38394216433573325.
checkpoint_e23 window_influence: 0.54507783269932641, penalty_k: 0.15320198782971259, scale_lr: 0.56587421236538504, EAO: 0.306
Trial 612 finished with value: 0.3057303818283378 and parameters: {'window_influence': 0.5450778326993264, 'penalty_k': 0.1532019878297126, 'scale_lr': 0.565874212365385}. Best is trial 32 with value: 0.38394216433573325.
checkpoint_e23 window_influence: 0.35204797334583599, penalty_k: 0.11734410963229625, scale_lr: 0.65875899023959938, EAO: 0.307
Trial 613 finished with value: 0.306601046124321 and parameters: {'window_influence': 0.352047973345836, 'penalty_k': 0.11734410963229625, 'scale_lr': 0.6587589902395994}. Best is trial 32 with value: 0.38394216433573325.
checkpoint_e23 window_influence: 0.40447400878631862, penalty_k: 0.53421006313629893, scale_lr: 0.39392622527821991, EAO: 0.326
Trial 614 finished with value: 0.3257634685545116 and parameters: {'window_influence': 0.4044740087863186, 'penalty_k': 0.5342100631362989, 'scale_lr': 0.3939262252782199}. Best is trial 32 with value: 0.38394216433573325.
checkpoint_e23 window_influence: 0.49219237679009359, penalty_k: 0.01623672663157506, scale_lr: 0.36930384204802047, EAO: 0.334
Trial 615 finished with value: 0.33382499229583296 and parameters: {'window_influence': 0.4921923767900936, 'penalty_k': 0.016236726631575056, 'scale_lr': 0.36930384204802047}. Best is trial 32 with value: 0.38394216433573325.
checkpoint_e23 window_influence: 0.45821276572188013, penalty_k: 0.03460006068883936, scale_lr: 0.44210038238686516, EAO: 0.345
Trial 616 finished with value: 0.3453217675249864 and parameters: {'window_influence': 0.45821276572188013, 'penalty_k': 0.03460006068883936, 'scale_lr': 0.44210038238686516}. Best is trial 32 with value: 0.38394216433573325.
checkpoint_e23 window_influence: 0.58024454539786308, penalty_k: 0.06422404070386036, scale_lr: 0.41731866213135083, EAO: 0.306
Trial 617 finished with value: 0.3055258488376781 and parameters: {'window_influence': 0.5802445453978631, 'penalty_k': 0.06422404070386036, 'scale_lr': 0.4173186621313508}. Best is trial 32 with value: 0.38394216433573325.
checkpoint_e23 window_influence: 0.47941777361027371, penalty_k: 0.50122663660839351, scale_lr: 0.49044849451287237, EAO: 0.314
Trial 618 finished with value: 0.3136173538892649 and parameters: {'window_influence': 0.4794177736102737, 'penalty_k': 0.5012266366083935, 'scale_lr': 0.49044849451287237}. Best is trial 32 with value: 0.38394216433573325.
checkpoint_e23 window_influence: 0.25093415303763222, penalty_k: 0.00828010929592916, scale_lr: 0.40224769704474733, EAO: 0.315
Trial 619 finished with value: 0.3153245076827038 and parameters: {'window_influence': 0.2509341530376322, 'penalty_k': 0.008280109295929164, 'scale_lr': 0.40224769704474733}. Best is trial 32 with value: 0.38394216433573325.
checkpoint_e23 window_influence: 0.42294643676359672, penalty_k: 0.05127186349163451, scale_lr: 0.50820948131939991, EAO: 0.341
