Trial 3145 finished with value: 0.3313090053281895 and parameters: {'window_influence': 0.4602021772648457, 'penalty_k': 0.1326410939109604, 'scale_lr': 0.397682711147841}. Best is trial 1270 with value: 0.3623636909959845.
checkpoint_e22 window_influence: 0.36859031003764275, penalty_k: 0.02225682654114909, scale_lr: 0.44250589916010552, EAO: 0.316
Trial 3146 finished with value: 0.31579845726258093 and parameters: {'window_influence': 0.36859031003764275, 'penalty_k': 0.02225682654114909, 'scale_lr': 0.4425058991601055}. Best is trial 1270 with value: 0.3623636909959845.
checkpoint_e22 window_influence: 0.60427877868865254, penalty_k: 0.08044712739475526, scale_lr: 0.26100760381856491, EAO: 0.257
Trial 3147 finished with value: 0.25675554318418764 and parameters: {'window_influence': 0.6042787786886525, 'penalty_k': 0.08044712739475526, 'scale_lr': 0.2610076038185649}. Best is trial 1270 with value: 0.3623636909959845.
checkpoint_e22 window_influence: 0.46922067473245865, penalty_k: 0.38668752878919932, scale_lr: 0.36438968436005581, EAO: 0.314
Trial 3148 finished with value: 0.31373759854860345 and parameters: {'window_influence': 0.46922067473245865, 'penalty_k': 0.3866875287891993, 'scale_lr': 0.3643896843600558}. Best is trial 1270 with value: 0.3623636909959845.
checkpoint_e22 window_influence: 0.48133721539850360, penalty_k: 0.55040570326817018, scale_lr: 0.39397846695097782, EAO: 0.284
Trial 3149 finished with value: 0.28417292086530754 and parameters: {'window_influence': 0.4813372153985036, 'penalty_k': 0.5504057032681702, 'scale_lr': 0.3939784669509778}. Best is trial 1270 with value: 0.3623636909959845.
checkpoint_e22 window_influence: 0.06977365629054844, penalty_k: 0.04001180335588485, scale_lr: 0.38447810545879268, EAO: 0.263
Trial 3150 finished with value: 0.26254288562308953 and parameters: {'window_influence': 0.06977365629054844, 'penalty_k': 0.04001180335588485, 'scale_lr': 0.3844781054587927}. Best is trial 1270 with value: 0.3623636909959845.
checkpoint_e22 window_influence: 0.44315976324906059, penalty_k: 0.00014359788265413, scale_lr: 0.43157980499803356, EAO: 0.326
Trial 3151 finished with value: 0.32557081932687576 and parameters: {'window_influence': 0.4431597632490606, 'penalty_k': 0.00014359788265412782, 'scale_lr': 0.43157980499803356}. Best is trial 1270 with value: 0.3623636909959845.
checkpoint_e22 window_influence: 0.31889074277051022, penalty_k: 0.43428066880846294, scale_lr: 0.27624927181702708, EAO: 0.279
Trial 3152 finished with value: 0.2790716280617139 and parameters: {'window_influence': 0.3188907427705102, 'penalty_k': 0.43428066880846294, 'scale_lr': 0.2762492718170271}. Best is trial 1270 with value: 0.3623636909959845.
checkpoint_e22 window_influence: 0.08788374243506630, penalty_k: 0.05663228061865741, scale_lr: 0.37351481807618098, EAO: 0.259
Trial 3153 finished with value: 0.25888660961783816 and parameters: {'window_influence': 0.0878837424350663, 'penalty_k': 0.05663228061865741, 'scale_lr': 0.373514818076181}. Best is trial 1270 with value: 0.3623636909959845.
checkpoint_e22 window_influence: 0.16848706560177909, penalty_k: 0.40278521101961073, scale_lr: 0.40512736019507434, EAO: 0.247
Trial 3154 finished with value: 0.24736015597206146 and parameters: {'window_influence': 0.1684870656017791, 'penalty_k': 0.40278521101961073, 'scale_lr': 0.40512736019507434}. Best is trial 1270 with value: 0.3623636909959845.
checkpoint_e22 window_influence: 0.55850619308580907, penalty_k: 0.48222076267651326, scale_lr: 0.46631094715628774, EAO: 0.246
Trial 3155 finished with value: 0.2457023368503333 and parameters: {'window_influence': 0.5585061930858091, 'penalty_k': 0.48222076267651326, 'scale_lr': 0.46631094715628774}. Best is trial 1270 with value: 0.3623636909959845.
checkpoint_e22 window_influence: 0.45632373061218878, penalty_k: 0.44885416133278827, scale_lr: 0.48518668484813665, EAO: 0.309
Trial 3156 finished with value: 0.30913703526272385 and parameters: {'window_influence': 0.4563237306121888, 'penalty_k': 0.44885416133278827, 'scale_lr': 0.48518668484813665}. Best is trial 1270 with value: 0.3623636909959845.
checkpoint_e22 window_influence: 0.47707111374043476, penalty_k: 0.12340952190764229, scale_lr: 0.38148199903467117, EAO: 0.327
Trial 3157 finished with value: 0.32734689174459136 and parameters: {'window_influence': 0.47707111374043476, 'penalty_k': 0.12340952190764229, 'scale_lr': 0.38148199903467117}. Best is trial 1270 with value: 0.3623636909959845.
checkpoint_e22 window_influence: 0.28209308564898872, penalty_k: 0.10762530086641880, scale_lr: 0.13542396578462368, EAO: 0.300
Trial 3158 finished with value: 0.3003982451059475 and parameters: {'window_influence': 0.2820930856489887, 'penalty_k': 0.1076253008664188, 'scale_lr': 0.13542396578462368}. Best is trial 1270 with value: 0.3623636909959845.
checkpoint_e22 window_influence: 0.48720749711622141, penalty_k: 0.09209409625197892, scale_lr: 0.69930895597440135, EAO: 0.322
Trial 3159 finished with value: 0.32241863858838954 and parameters: {'window_influence': 0.4872074971162214, 'penalty_k': 0.09209409625197892, 'scale_lr': 0.6993089559744013}. Best is trial 1270 with value: 0.3623636909959845.
checkpoint_e22 window_influence: 0.46845861107833459, penalty_k: 0.28473271018058227, scale_lr: 0.45592015462393365, EAO: 0.314
Trial 3160 finished with value: 0.3140413672427723 and parameters: {'window_influence': 0.4684586110783346, 'penalty_k': 0.28473271018058227, 'scale_lr': 0.45592015462393365}. Best is trial 1270 with value: 0.3623636909959845.
checkpoint_e22 window_influence: 0.42978009149805069, penalty_k: 0.59748782746638329, scale_lr: 0.25393703018999891, EAO: 0.298
Trial 3161 finished with value: 0.29772494391244675 and parameters: {'window_influence': 0.4297800914980507, 'penalty_k': 0.5974878274663833, 'scale_lr': 0.2539370301899989}. Best is trial 1270 with value: 0.3623636909959845.
checkpoint_e22 window_influence: 0.41585735300548748, penalty_k: 0.01147540785884497, scale_lr: 0.22479815448546481, EAO: 0.305
Trial 3162 finished with value: 0.304579421877861 and parameters: {'window_influence': 0.4158573530054875, 'penalty_k': 0.011475407858844969, 'scale_lr': 0.2247981544854648}. Best is trial 1270 with value: 0.3623636909959845.
checkpoint_e22 window_influence: 0.44920244671116766, penalty_k: 0.49777324418725755, scale_lr: 0.36281272123244479, EAO: 0.297
Trial 3163 finished with value: 0.297202596056786 and parameters: {'window_influence': 0.44920244671116766, 'penalty_k': 0.49777324418725755, 'scale_lr': 0.3628127212324448}. Best is trial 1270 with value: 0.3623636909959845.
checkpoint_e22 window_influence: 0.17288944337785220, penalty_k: 0.14068930372253863, scale_lr: 0.16662615522282515, EAO: 0.268
Trial 3164 finished with value: 0.2676007341781943 and parameters: {'window_influence': 0.1728894433778522, 'penalty_k': 0.14068930372253863, 'scale_lr': 0.16662615522282515}. Best is trial 1270 with value: 0.3623636909959845.
checkpoint_e22 window_influence: 0.48925220239865225, penalty_k: 0.16031694310388372, scale_lr: 0.15274618909491844, EAO: 0.324
Trial 3165 finished with value: 0.32442465163622386 and parameters: {'window_influence': 0.48925220239865225, 'penalty_k': 0.16031694310388372, 'scale_lr': 0.15274618909491844}. Best is trial 1270 with value: 0.3623636909959845.
checkpoint_e22 window_influence: 0.33630340381884410, penalty_k: 0.02921142676041288, scale_lr: 0.51436437862163098, EAO: 0.313
Trial 3166 finished with value: 0.3130173523138469 and parameters: {'window_influence': 0.3363034038188441, 'penalty_k': 0.029211426760412877, 'scale_lr': 0.514364378621631}. Best is trial 1270 with value: 0.3623636909959845.
checkpoint_e22 window_influence: 0.57042834219868110, penalty_k: 0.02243720148767231, scale_lr: 0.73368826395811271, EAO: 0.277
Trial 3167 finished with value: 0.2773204603547716 and parameters: {'window_influence': 0.5704283421986811, 'penalty_k': 0.02243720148767231, 'scale_lr': 0.7336882639581127}. Best is trial 1270 with value: 0.3623636909959845.
checkpoint_e22 window_influence: 0.46137641836674703, penalty_k: 0.04712325153261988, scale_lr: 0.63704686662554766, EAO: 0.314
Trial 3168 finished with value: 0.3135075879931914 and parameters: {'window_influence': 0.46137641836674703, 'penalty_k': 0.047123251532619884, 'scale_lr': 0.6370468666255477}. Best is trial 1270 with value: 0.3623636909959845.
checkpoint_e22 window_influence: 0.21520079167059805, penalty_k: 0.08343367761582214, scale_lr: 0.67149009543038063, EAO: 0.292
Trial 3169 finished with value: 0.2922059607181104 and parameters: {'window_influence': 0.21520079167059805, 'penalty_k': 0.08343367761582214, 'scale_lr': 0.6714900954303806}. Best is trial 1270 with value: 0.3623636909959845.
checkpoint_e22 window_influence: 0.13934389745288861, penalty_k: 0.26593877607475946, scale_lr: 0.21125632160427477, EAO: 0.258
Trial 3170 finished with value: 0.2583081476999164 and parameters: {'window_influence': 0.1393438974528886, 'penalty_k': 0.26593877607475946, 'scale_lr': 0.21125632160427477}. Best is trial 1270 with value: 0.3623636909959845.
checkpoint_e22 window_influence: 0.47420259529176395, penalty_k: 0.20531945133847346, scale_lr: 0.15585974372237943, EAO: 0.318
Trial 3171 finished with value: 0.31752095728068963 and parameters: {'window_influence': 0.47420259529176395, 'penalty_k': 0.20531945133847346, 'scale_lr': 0.15585974372237943}. Best is trial 1270 with value: 0.3623636909959845.
checkpoint_e22 window_influence: 0.48436597724672076, penalty_k: 0.01086296291854141, scale_lr: 0.49161643322682569, EAO: 0.340
Trial 3172 finished with value: 0.33970164800432406 and parameters: {'window_influence': 0.48436597724672076, 'penalty_k': 0.010862962918541408, 'scale_lr': 0.4916164332268257}. Best is trial 1270 with value: 0.3623636909959845.
checkpoint_e22 window_influence: 0.40060657161618735, penalty_k: 0.24407925577035627, scale_lr: 0.58860694196223706, EAO: 0.310
Trial 3173 finished with value: 0.3095667874766695 and parameters: {'window_influence': 0.40060657161618735, 'penalty_k': 0.24407925577035627, 'scale_lr': 0.5886069419622371}. Best is trial 1270 with value: 0.3623636909959845.
checkpoint_e22 window_influence: 0.43776126366136620, penalty_k: 0.41685288938685583, scale_lr: 0.60028993762768279, EAO: 0.313
Trial 3174 finished with value: 0.31255410118789523 and parameters: {'window_influence': 0.4377612636613662, 'penalty_k': 0.41685288938685583, 'scale_lr': 0.6002899376276828}. Best is trial 1270 with value: 0.3623636909959845.
checkpoint_e22 window_influence: 0.45649006573985079, penalty_k: 0.06753455379345191, scale_lr: 0.52815326379431127, EAO: 0.323
Trial 3175 finished with value: 0.32320537432622354 and parameters: {'window_influence': 0.4564900657398508, 'penalty_k': 0.06753455379345191, 'scale_lr': 0.5281532637943113}. Best is trial 1270 with value: 0.3623636909959845.
checkpoint_e22 window_influence: 0.29896595556330890, penalty_k: 0.12166833895664403, scale_lr: 0.17771346752361422, EAO: 0.284
Trial 3176 finished with value: 0.2840330253431305 and parameters: {'window_influence': 0.2989659555633089, 'penalty_k': 0.12166833895664403, 'scale_lr': 0.17771346752361422}. Best is trial 1270 with value: 0.3623636909959845.
checkpoint_e22 window_influence: 0.24704361090256483, penalty_k: 0.10176316849742031, scale_lr: 0.39319632395938536, EAO: 0.280
Trial 3177 finished with value: 0.2800942262207024 and parameters: {'window_influence': 0.24704361090256483, 'penalty_k': 0.10176316849742031, 'scale_lr': 0.39319632395938536}. Best is trial 1270 with value: 0.3623636909959845.
checkpoint_e22 window_influence: 0.47207376595530132, penalty_k: 0.03468404947678588, scale_lr: 0.28595382786686063, EAO: 0.331
Trial 3178 finished with value: 0.33127751250675214 and parameters: {'window_influence': 0.4720737659553013, 'penalty_k': 0.03468404947678588, 'scale_lr': 0.28595382786686063}. Best is trial 1270 with value: 0.3623636909959845.
checkpoint_e22 window_influence: 0.49139272630892755, penalty_k: 0.30747887784966277, scale_lr: 0.44976300122730484, EAO: 0.330
Trial 3179 finished with value: 0.33017381666235424 and parameters: {'window_influence': 0.49139272630892755, 'penalty_k': 0.30747887784966277, 'scale_lr': 0.44976300122730484}. Best is trial 1270 with value: 0.3623636909959845.
checkpoint_e22 window_influence: 0.59302484495117913, penalty_k: 0.16963478043594565, scale_lr: 0.42040105836228758, EAO: 0.249
Trial 3180 finished with value: 0.24900420931990508 and parameters: {'window_influence': 0.5930248449511791, 'penalty_k': 0.16963478043594565, 'scale_lr': 0.4204010583622876}. Best is trial 1270 with value: 0.3623636909959845.
checkpoint_e22 window_influence: 0.46677761353659392, penalty_k: 0.11294941268998362, scale_lr: 0.61306764969792760, EAO: 0.323
Trial 3181 finished with value: 0.3232027724211318 and parameters: {'window_influence': 0.4667776135365939, 'penalty_k': 0.11294941268998362, 'scale_lr': 0.6130676496979276}. Best is trial 1270 with value: 0.3623636909959845.
checkpoint_e22 window_influence: 0.44640884311255458, penalty_k: 0.14406360396448581, scale_lr: 0.50123897529792638, EAO: 0.330
Trial 3182 finished with value: 0.33040578147316724 and parameters: {'window_influence': 0.4464088431125546, 'penalty_k': 0.1440636039644858, 'scale_lr': 0.5012389752979264}. Best is trial 1270 with value: 0.3623636909959845.
checkpoint_e22 window_influence: 0.48013000441793796, penalty_k: 0.01226116207163361, scale_lr: 0.65468757106791486, EAO: 0.326
Trial 3183 finished with value: 0.3262505896012607 and parameters: {'window_influence': 0.48013000441793796, 'penalty_k': 0.012261162071633606, 'scale_lr': 0.6546875710679149}. Best is trial 1270 with value: 0.3623636909959845.
checkpoint_e22 window_influence: 0.49343640742575251, penalty_k: 0.21780207756250972, scale_lr: 0.57051612176317656, EAO: 0.312
Trial 3184 finished with value: 0.3122677463269883 and parameters: {'window_influence': 0.4934364074257525, 'penalty_k': 0.21780207756250972, 'scale_lr': 0.5705161217631766}. Best is trial 1270 with value: 0.3623636909959845.
checkpoint_e22 window_influence: 0.45792959716627407, penalty_k: 0.00001338924881875, scale_lr: 0.62731090404547207, EAO: 0.335
Trial 3185 finished with value: 0.335426857499297 and parameters: {'window_influence': 0.45792959716627407, 'penalty_k': 1.3389248818754598e-05, 'scale_lr': 0.6273109040454721}. Best is trial 1270 with value: 0.3623636909959845.
checkpoint_e22 window_influence: 0.18488643224646664, penalty_k: 0.09647980994211684, scale_lr: 0.43479046903624829, EAO: 0.266
Trial 3186 finished with value: 0.2656608945780691 and parameters: {'window_influence': 0.18488643224646664, 'penalty_k': 0.09647980994211684, 'scale_lr': 0.4347904690362483}. Best is trial 1270 with value: 0.3623636909959845.
checkpoint_e22 window_influence: 0.47448792351105040, penalty_k: 0.01822275072766472, scale_lr: 0.23893222624496988, EAO: 0.329
Trial 3187 finished with value: 0.32867851134404136 and parameters: {'window_influence': 0.4744879235110504, 'penalty_k': 0.018222750727664716, 'scale_lr': 0.23893222624496988}. Best is trial 1270 with value: 0.3623636909959845.
checkpoint_e22 window_influence: 0.57835247796339884, penalty_k: 0.56494664518344440, scale_lr: 0.37376572441911926, EAO: 0.223
Trial 3188 finished with value: 0.2234124747695626 and parameters: {'window_influence': 0.5783524779633988, 'penalty_k': 0.5649466451834444, 'scale_lr': 0.37376572441911926}. Best is trial 1270 with value: 0.3623636909959845.
checkpoint_e22 window_influence: 0.48470501227238788, penalty_k: 0.05277358107488655, scale_lr: 0.27684924800564753, EAO: 0.338
Trial 3189 finished with value: 0.33807979298009017 and parameters: {'window_influence': 0.4847050122723879, 'penalty_k': 0.05277358107488655, 'scale_lr': 0.27684924800564753}. Best is trial 1270 with value: 0.3623636909959845.
checkpoint_e22 window_influence: 0.38955816498835960, penalty_k: 0.08326847315923841, scale_lr: 0.40660167355762711, EAO: 0.296
Trial 3190 finished with value: 0.29604676968856547 and parameters: {'window_influence': 0.3895581649883596, 'penalty_k': 0.08326847315923841, 'scale_lr': 0.4066016735576271}. Best is trial 1270 with value: 0.3623636909959845.
checkpoint_e22 window_influence: 0.36237966953289519, penalty_k: 0.58240530692749448, scale_lr: 0.68720407692417207, EAO: 0.311
Trial 3191 finished with value: 0.3114770461265215 and parameters: {'window_influence': 0.3623796695328952, 'penalty_k': 0.5824053069274945, 'scale_lr': 0.6872040769241721}. Best is trial 1270 with value: 0.3623636909959845.
checkpoint_e22 window_influence: 0.42491837168318247, penalty_k: 0.13437241532933838, scale_lr: 0.74961910724834580, EAO: 0.311
Trial 3192 finished with value: 0.31057364409535776 and parameters: {'window_influence': 0.42491837168318247, 'penalty_k': 0.13437241532933838, 'scale_lr': 0.7496191072483458}. Best is trial 1270 with value: 0.3623636909959845.
checkpoint_e22 window_influence: 0.54225874035261368, penalty_k: 0.02769670076804579, scale_lr: 0.78240263058163895, EAO: 0.276
Trial 3193 finished with value: 0.27574504488637014 and parameters: {'window_influence': 0.5422587403526137, 'penalty_k': 0.02769670076804579, 'scale_lr': 0.782402630581639}. Best is trial 1270 with value: 0.3623636909959845.
checkpoint_e22 window_influence: 0.46312254784474782, penalty_k: 0.06733559973392821, scale_lr: 0.29677954896643732, EAO: 0.358
Trial 3194 finished with value: 0.35775122916188223 and parameters: {'window_influence': 0.4631225478447478, 'penalty_k': 0.0673355997339282, 'scale_lr': 0.2967795489664373}. Best is trial 1270 with value: 0.3623636909959845.
checkpoint_e22 window_influence: 0.43447650704210650, penalty_k: 0.06678641265130889, scale_lr: 0.29567721725487423, EAO: 0.313
Trial 3195 finished with value: 0.31266771975890206 and parameters: {'window_influence': 0.4344765070421065, 'penalty_k': 0.06678641265130889, 'scale_lr': 0.2956772172548742}. Best is trial 1270 with value: 0.3623636909959845.
checkpoint_e22 window_influence: 0.44289105721825101, penalty_k: 0.06780740537275398, scale_lr: 0.26033597805862757, EAO: 0.316
Trial 3196 finished with value: 0.3157372246804404 and parameters: {'window_influence': 0.442891057218251, 'penalty_k': 0.06780740537275398, 'scale_lr': 0.26033597805862757}. Best is trial 1270 with value: 0.3623636909959845.
checkpoint_e22 window_influence: 0.45276268915781059, penalty_k: 0.07723196258820433, scale_lr: 0.24472421556234408, EAO: 0.325
Trial 3197 finished with value: 0.325054842094503 and parameters: {'window_influence': 0.4527626891578106, 'penalty_k': 0.07723196258820433, 'scale_lr': 0.24472421556234408}. Best is trial 1270 with value: 0.3623636909959845.
checkpoint_e22 window_influence: 0.44792492202018402, penalty_k: 0.06119676412673081, scale_lr: 0.46163387361354680, EAO: 0.326
Trial 3198 finished with value: 0.3261006783534581 and parameters: {'window_influence': 0.447924922020184, 'penalty_k': 0.06119676412673081, 'scale_lr': 0.4616338736135468}. Best is trial 1270 with value: 0.3623636909959845.
checkpoint_e22 window_influence: 0.45818448921707566, penalty_k: 0.04889861756247012, scale_lr: 0.26480406182373456, EAO: 0.329
Trial 3199 finished with value: 0.3291112653012406 and parameters: {'window_influence': 0.45818448921707566, 'penalty_k': 0.04889861756247012, 'scale_lr': 0.26480406182373456}. Best is trial 1270 with value: 0.3623636909959845.
checkpoint_e22 window_influence: 0.43427470987360689, penalty_k: 0.36158904049075691, scale_lr: 0.27123344331661120, EAO: 0.297
Trial 3200 finished with value: 0.2972403423215629 and parameters: {'window_influence': 0.4342747098736069, 'penalty_k': 0.3615890404907569, 'scale_lr': 0.2712334433166112}. Best is trial 1270 with value: 0.3623636909959845.
checkpoint_e22 window_influence: 0.46042486289581541, penalty_k: 0.05756012989212897, scale_lr: 0.28493120089373886, EAO: 0.346
Trial 3201 finished with value: 0.3458291010402056 and parameters: {'window_influence': 0.4604248628958154, 'penalty_k': 0.05756012989212897, 'scale_lr': 0.28493120089373886}. Best is trial 1270 with value: 0.3623636909959845.
checkpoint_e22 window_influence: 0.42126620756268041, penalty_k: 0.08016824509245528, scale_lr: 0.28822720445197758, EAO: 0.327
Trial 3202 finished with value: 0.32688679415660143 and parameters: {'window_influence': 0.4212662075626804, 'penalty_k': 0.08016824509245528, 'scale_lr': 0.2882272044519776}. Best is trial 1270 with value: 0.3623636909959845.
checkpoint_e22 window_influence: 0.44867215767614249, penalty_k: 0.06545814000980513, scale_lr: 0.22657479082695808, EAO: 0.316
Trial 3203 finished with value: 0.31637412083520033 and parameters: {'window_influence': 0.4486721576761425, 'penalty_k': 0.06545814000980513, 'scale_lr': 0.22657479082695808}. Best is trial 1270 with value: 0.3623636909959845.
checkpoint_e22 window_influence: 0.46420386824406629, penalty_k: 0.07136066357068895, scale_lr: 0.28851793685496346, EAO: 0.346
Trial 3204 finished with value: 0.34611120680890656 and parameters: {'window_influence': 0.4642038682440663, 'penalty_k': 0.07136066357068895, 'scale_lr': 0.28851793685496346}. Best is trial 1270 with value: 0.3623636909959845.
checkpoint_e22 window_influence: 0.62055785029628985, penalty_k: 0.03862009629973053, scale_lr: 0.28830900885660593, EAO: 0.242
Trial 3205 finished with value: 0.24204247685489952 and parameters: {'window_influence': 0.6205578502962898, 'penalty_k': 0.03862009629973053, 'scale_lr': 0.28830900885660593}. Best is trial 1270 with value: 0.3623636909959845.
checkpoint_e22 window_influence: 0.26643873065831342, penalty_k: 0.07538570446948477, scale_lr: 0.25000569726987054, EAO: 0.292
