Trial 1545 finished with value: 0.2819043553872795 and parameters: {'window_influence': 0.5315274310558437, 'penalty_k': 0.45952698139188664, 'scale_lr': 0.36239335861780875}. Best is trial 1270 with value: 0.3623636909959845.
checkpoint_e22 window_influence: 0.31851814084173713, penalty_k: 0.26138263945979878, scale_lr: 0.33483292621834138, EAO: 0.278
Trial 1546 finished with value: 0.2780362880763377 and parameters: {'window_influence': 0.31851814084173713, 'penalty_k': 0.2613826394597988, 'scale_lr': 0.3348329262183414}. Best is trial 1270 with value: 0.3623636909959845.
checkpoint_e22 window_influence: 0.57957064362873467, penalty_k: 0.06124583573491509, scale_lr: 0.12867192077843659, EAO: 0.291
Trial 1547 finished with value: 0.29125027207780907 and parameters: {'window_influence': 0.5795706436287347, 'penalty_k': 0.061245835734915086, 'scale_lr': 0.1286719207784366}. Best is trial 1270 with value: 0.3623636909959845.
checkpoint_e22 window_influence: 0.47044353350050666, penalty_k: 0.00021778650420440, scale_lr: 0.66153963659876203, EAO: 0.333
Trial 1548 finished with value: 0.3334912030381451 and parameters: {'window_influence': 0.47044353350050666, 'penalty_k': 0.00021778650420440152, 'scale_lr': 0.661539636598762}. Best is trial 1270 with value: 0.3623636909959845.
checkpoint_e22 window_influence: 0.63057383370294240, penalty_k: 0.13605427856744842, scale_lr: 0.20537339218214909, EAO: 0.254
Trial 1549 finished with value: 0.2544353953363367 and parameters: {'window_influence': 0.6305738337029424, 'penalty_k': 0.13605427856744842, 'scale_lr': 0.2053733921821491}. Best is trial 1270 with value: 0.3623636909959845.
checkpoint_e22 window_influence: 0.49928368355109581, penalty_k: 0.10472895452935294, scale_lr: 0.75524425057566102, EAO: 0.300
Trial 1550 finished with value: 0.3002132130388156 and parameters: {'window_influence': 0.4992836835510958, 'penalty_k': 0.10472895452935294, 'scale_lr': 0.755244250575661}. Best is trial 1270 with value: 0.3623636909959845.
checkpoint_e22 window_influence: 0.25562098966153518, penalty_k: 0.22821409365454143, scale_lr: 0.47484029935719740, EAO: 0.284
Trial 1551 finished with value: 0.28432480063187937 and parameters: {'window_influence': 0.2556209896615352, 'penalty_k': 0.22821409365454143, 'scale_lr': 0.4748402993571974}. Best is trial 1270 with value: 0.3623636909959845.
checkpoint_e22 window_influence: 0.42568976940734882, penalty_k: 0.07565388374574201, scale_lr: 0.57443968384669963, EAO: 0.328
Trial 1552 finished with value: 0.32785862191409915 and parameters: {'window_influence': 0.4256897694073488, 'penalty_k': 0.07565388374574201, 'scale_lr': 0.5744396838466996}. Best is trial 1270 with value: 0.3623636909959845.
checkpoint_e22 window_influence: 0.28839119330110607, penalty_k: 0.05289360511252598, scale_lr: 0.31004938701391310, EAO: 0.290
Trial 1553 finished with value: 0.2898709186668062 and parameters: {'window_influence': 0.2883911933011061, 'penalty_k': 0.05289360511252598, 'scale_lr': 0.3100493870139131}. Best is trial 1270 with value: 0.3623636909959845.
checkpoint_e22 window_influence: 0.44947389122724274, penalty_k: 0.59868246006863668, scale_lr: 0.53950825419414150, EAO: 0.300
Trial 1554 finished with value: 0.30031543697596524 and parameters: {'window_influence': 0.44947389122724274, 'penalty_k': 0.5986824600686367, 'scale_lr': 0.5395082541941415}. Best is trial 1270 with value: 0.3623636909959845.
checkpoint_e22 window_influence: 0.47859778875369685, penalty_k: 0.01100089200173669, scale_lr: 0.27101439788711029, EAO: 0.356
Trial 1555 finished with value: 0.3556580951705517 and parameters: {'window_influence': 0.47859778875369685, 'penalty_k': 0.011000892001736685, 'scale_lr': 0.2710143978871103}. Best is trial 1270 with value: 0.3623636909959845.
checkpoint_e22 window_influence: 0.48756761928019260, penalty_k: 0.01520998465550276, scale_lr: 0.14274319349560793, EAO: 0.318
Trial 1556 finished with value: 0.31789279349351207 and parameters: {'window_influence': 0.4875676192801926, 'penalty_k': 0.015209984655502762, 'scale_lr': 0.14274319349560793}. Best is trial 1270 with value: 0.3623636909959845.
checkpoint_e22 window_influence: 0.50112627468810833, penalty_k: 0.02120122146524376, scale_lr: 0.26795109022189989, EAO: 0.335
Trial 1557 finished with value: 0.3346456871422348 and parameters: {'window_influence': 0.5011262746881083, 'penalty_k': 0.02120122146524376, 'scale_lr': 0.2679510902218999}. Best is trial 1270 with value: 0.3623636909959845.
checkpoint_e22 window_influence: 0.59476191819509050, penalty_k: 0.00008967456126092, scale_lr: 0.77002996830815906, EAO: 0.259
Trial 1558 finished with value: 0.25868543060605165 and parameters: {'window_influence': 0.5947619181950905, 'penalty_k': 8.967456126092455e-05, 'scale_lr': 0.7700299683081591}. Best is trial 1270 with value: 0.3623636909959845.
checkpoint_e22 window_influence: 0.48520597474803345, penalty_k: 0.03371563104326556, scale_lr: 0.25366069299104527, EAO: 0.329
Trial 1559 finished with value: 0.3289497570652906 and parameters: {'window_influence': 0.48520597474803345, 'penalty_k': 0.03371563104326556, 'scale_lr': 0.25366069299104527}. Best is trial 1270 with value: 0.3623636909959845.
checkpoint_e22 window_influence: 0.22260556904391984, penalty_k: 0.02258256334930053, scale_lr: 0.27145585236087860, EAO: 0.285
Trial 1560 finished with value: 0.2852604877971954 and parameters: {'window_influence': 0.22260556904391984, 'penalty_k': 0.022582563349300533, 'scale_lr': 0.2714558523608786}. Best is trial 1270 with value: 0.3623636909959845.
checkpoint_e22 window_influence: 0.06858428743748557, penalty_k: 0.01164052440348709, scale_lr: 0.25426169752877825, EAO: 0.249
Trial 1561 finished with value: 0.24948934439555218 and parameters: {'window_influence': 0.06858428743748557, 'penalty_k': 0.011640524403487087, 'scale_lr': 0.25426169752877825}. Best is trial 1270 with value: 0.3623636909959845.
checkpoint_e22 window_influence: 0.51249819775306926, penalty_k: 0.01006543727412026, scale_lr: 0.23620164845488700, EAO: 0.335
Trial 1562 finished with value: 0.3346739086659502 and parameters: {'window_influence': 0.5124981977530693, 'penalty_k': 0.010065437274120256, 'scale_lr': 0.236201648454887}. Best is trial 1270 with value: 0.3623636909959845.
checkpoint_e22 window_influence: 0.47779379715069648, penalty_k: 0.42764005463761845, scale_lr: 0.73778276403157095, EAO: 0.312
Trial 1563 finished with value: 0.31188169707352087 and parameters: {'window_influence': 0.4777937971506965, 'penalty_k': 0.42764005463761845, 'scale_lr': 0.737782764031571}. Best is trial 1270 with value: 0.3623636909959845.
checkpoint_e22 window_influence: 0.49537400871384374, penalty_k: 0.03267918801588256, scale_lr: 0.24280445525344257, EAO: 0.329
Trial 1564 finished with value: 0.32860857138142047 and parameters: {'window_influence': 0.49537400871384374, 'penalty_k': 0.03267918801588256, 'scale_lr': 0.24280445525344257}. Best is trial 1270 with value: 0.3623636909959845.
checkpoint_e22 window_influence: 0.54816594764808024, penalty_k: 0.01154941609942699, scale_lr: 0.26650169875536428, EAO: 0.303
Trial 1565 finished with value: 0.3026939365534467 and parameters: {'window_influence': 0.5481659476480802, 'penalty_k': 0.011549416099426993, 'scale_lr': 0.2665016987553643}. Best is trial 1270 with value: 0.3623636909959845.
checkpoint_e22 window_influence: 0.59965422471853946, penalty_k: 0.04364352428475918, scale_lr: 0.23151003639854889, EAO: 0.273
Trial 1566 finished with value: 0.2728111266162145 and parameters: {'window_influence': 0.5996542247185395, 'penalty_k': 0.04364352428475918, 'scale_lr': 0.2315100363985489}. Best is trial 1270 with value: 0.3623636909959845.
checkpoint_e22 window_influence: 0.52091208914020637, penalty_k: 0.02873052206168878, scale_lr: 0.43798307516148394, EAO: 0.327
Trial 1567 finished with value: 0.32689271125116237 and parameters: {'window_influence': 0.5209120891402064, 'penalty_k': 0.028730522061688777, 'scale_lr': 0.43798307516148394}. Best is trial 1270 with value: 0.3623636909959845.
checkpoint_e22 window_influence: 0.47907195021018945, penalty_k: 0.00047518629504936, scale_lr: 0.48652415709118896, EAO: 0.335
Trial 1568 finished with value: 0.33501834674568026 and parameters: {'window_influence': 0.47907195021018945, 'penalty_k': 0.0004751862950493589, 'scale_lr': 0.48652415709118896}. Best is trial 1270 with value: 0.3623636909959845.
checkpoint_e22 window_influence: 0.49459476264894786, penalty_k: 0.02226706666214226, scale_lr: 0.52604363985868174, EAO: 0.330
Trial 1569 finished with value: 0.3295887959142603 and parameters: {'window_influence': 0.49459476264894786, 'penalty_k': 0.022267066662142256, 'scale_lr': 0.5260436398586817}. Best is trial 1270 with value: 0.3623636909959845.
checkpoint_e22 window_influence: 0.46679888012194598, penalty_k: 0.01031976181834834, scale_lr: 0.45533420647482503, EAO: 0.318
Trial 1570 finished with value: 0.3183766169190871 and parameters: {'window_influence': 0.466798880121946, 'penalty_k': 0.010319761818348344, 'scale_lr': 0.45533420647482503}. Best is trial 1270 with value: 0.3623636909959845.
checkpoint_e22 window_influence: 0.50846360728332063, penalty_k: 0.34379882639023029, scale_lr: 0.67050245337023928, EAO: 0.291
Trial 1571 finished with value: 0.2909947873785338 and parameters: {'window_influence': 0.5084636072833206, 'penalty_k': 0.3437988263902303, 'scale_lr': 0.6705024533702393}. Best is trial 1270 with value: 0.3623636909959845.
checkpoint_e22 window_influence: 0.48490425268916859, penalty_k: 0.31721192577548291, scale_lr: 0.39885304470747857, EAO: 0.313
Trial 1572 finished with value: 0.3128463181772121 and parameters: {'window_influence': 0.4849042526891686, 'penalty_k': 0.3172119257754829, 'scale_lr': 0.39885304470747857}. Best is trial 1270 with value: 0.3623636909959845.
checkpoint_e22 window_influence: 0.60752805144093680, penalty_k: 0.04035316327736002, scale_lr: 0.61507761938568084, EAO: 0.248
Trial 1573 finished with value: 0.24813740523640748 and parameters: {'window_influence': 0.6075280514409368, 'penalty_k': 0.04035316327736002, 'scale_lr': 0.6150776193856808}. Best is trial 1270 with value: 0.3623636909959845.
checkpoint_e22 window_influence: 0.47182306462832341, penalty_k: 0.54280316059977929, scale_lr: 0.55530529074029311, EAO: 0.319
Trial 1574 finished with value: 0.3189892510843648 and parameters: {'window_influence': 0.4718230646283234, 'penalty_k': 0.5428031605997793, 'scale_lr': 0.5553052907402931}. Best is trial 1270 with value: 0.3623636909959845.
checkpoint_e22 window_influence: 0.50091832393767688, penalty_k: 0.02105783412082966, scale_lr: 0.28048455919527143, EAO: 0.349
Trial 1575 finished with value: 0.3493454716084996 and parameters: {'window_influence': 0.5009183239376769, 'penalty_k': 0.021057834120829663, 'scale_lr': 0.28048455919527143}. Best is trial 1270 with value: 0.3623636909959845.
checkpoint_e22 window_influence: 0.51623368581910223, penalty_k: 0.04760042690114653, scale_lr: 0.27975202664749355, EAO: 0.322
Trial 1576 finished with value: 0.32194913877355447 and parameters: {'window_influence': 0.5162336858191022, 'penalty_k': 0.04760042690114653, 'scale_lr': 0.27975202664749355}. Best is trial 1270 with value: 0.3623636909959845.
checkpoint_e22 window_influence: 0.50435096038047555, penalty_k: 0.02958561431002196, scale_lr: 0.28523673392859467, EAO: 0.322
Trial 1577 finished with value: 0.32234202249968563 and parameters: {'window_influence': 0.5043509603804756, 'penalty_k': 0.029585614310021963, 'scale_lr': 0.28523673392859467}. Best is trial 1270 with value: 0.3623636909959845.
checkpoint_e22 window_influence: 0.51989290246064390, penalty_k: 0.06272192571170840, scale_lr: 0.26760191140555434, EAO: 0.330
Trial 1578 finished with value: 0.3299058137120904 and parameters: {'window_influence': 0.5198929024606439, 'penalty_k': 0.0627219257117084, 'scale_lr': 0.26760191140555434}. Best is trial 1270 with value: 0.3623636909959845.
checkpoint_e22 window_influence: 0.27447053193128473, penalty_k: 0.02098656500368947, scale_lr: 0.29287549921251221, EAO: 0.293
Trial 1579 finished with value: 0.2934049500101735 and parameters: {'window_influence': 0.27447053193128473, 'penalty_k': 0.020986565003689475, 'scale_lr': 0.2928754992125122}. Best is trial 1270 with value: 0.3623636909959845.
checkpoint_e22 window_influence: 0.54231659076458660, penalty_k: 0.19491777961319845, scale_lr: 0.27383628448319020, EAO: 0.303
Trial 1580 finished with value: 0.3033796410268383 and parameters: {'window_influence': 0.5423165907645866, 'penalty_k': 0.19491777961319845, 'scale_lr': 0.2738362844831902}. Best is trial 1270 with value: 0.3623636909959845.
checkpoint_e22 window_influence: 0.15579823026873532, penalty_k: 0.25668617705402486, scale_lr: 0.25155012115659858, EAO: 0.274
Trial 1581 finished with value: 0.2737036895891108 and parameters: {'window_influence': 0.15579823026873532, 'penalty_k': 0.25668617705402486, 'scale_lr': 0.2515501211565986}. Best is trial 1270 with value: 0.3623636909959845.
checkpoint_e22 window_influence: 0.52624042748220456, penalty_k: 0.50767373668809579, scale_lr: 0.28215168571389265, EAO: 0.291
Trial 1582 finished with value: 0.2910696884421523 and parameters: {'window_influence': 0.5262404274822046, 'penalty_k': 0.5076737366880958, 'scale_lr': 0.28215168571389265}. Best is trial 1270 with value: 0.3623636909959845.
checkpoint_e22 window_influence: 0.50082977809987139, penalty_k: 0.18401481416356585, scale_lr: 0.26577288563585177, EAO: 0.329
Trial 1583 finished with value: 0.3288150227371357 and parameters: {'window_influence': 0.5008297780998714, 'penalty_k': 0.18401481416356585, 'scale_lr': 0.2657728856358518}. Best is trial 1270 with value: 0.3623636909959845.
checkpoint_e22 window_influence: 0.48264239748919413, penalty_k: 0.04663787406549549, scale_lr: 0.29363495801419709, EAO: 0.317
Trial 1584 finished with value: 0.31670383842306843 and parameters: {'window_influence': 0.48264239748919413, 'penalty_k': 0.046637874065495494, 'scale_lr': 0.2936349580141971}. Best is trial 1270 with value: 0.3623636909959845.
checkpoint_e22 window_influence: 0.26548084913391812, penalty_k: 0.07593934765868161, scale_lr: 0.42472742415484016, EAO: 0.284
Trial 1585 finished with value: 0.2837991756223983 and parameters: {'window_influence': 0.2654808491339181, 'penalty_k': 0.07593934765868161, 'scale_lr': 0.42472742415484016}. Best is trial 1270 with value: 0.3623636909959845.
checkpoint_e22 window_influence: 0.46412774584451127, penalty_k: 0.20273678657710156, scale_lr: 0.25379312523372888, EAO: 0.319
Trial 1586 finished with value: 0.3186656055747303 and parameters: {'window_influence': 0.4641277458445113, 'penalty_k': 0.20273678657710156, 'scale_lr': 0.2537931252337289}. Best is trial 1270 with value: 0.3623636909959845.
checkpoint_e22 window_influence: 0.47600159070600240, penalty_k: 0.03442421049103616, scale_lr: 0.59572815514155475, EAO: 0.317
Trial 1587 finished with value: 0.31706274697984704 and parameters: {'window_influence': 0.4760015907060024, 'penalty_k': 0.03442421049103616, 'scale_lr': 0.5957281551415547}. Best is trial 1270 with value: 0.3623636909959845.
checkpoint_e22 window_influence: 0.49657249504124928, penalty_k: 0.06487101002993459, scale_lr: 0.37857962693370550, EAO: 0.332
Trial 1588 finished with value: 0.3317282307704599 and parameters: {'window_influence': 0.4965724950412493, 'penalty_k': 0.06487101002993459, 'scale_lr': 0.3785796269337055}. Best is trial 1270 with value: 0.3623636909959845.
checkpoint_e22 window_influence: 0.50929865126854790, penalty_k: 0.08741983586046585, scale_lr: 0.34776308890504937, EAO: 0.330
Trial 1589 finished with value: 0.3298419618884877 and parameters: {'window_influence': 0.5092986512685479, 'penalty_k': 0.08741983586046585, 'scale_lr': 0.34776308890504937}. Best is trial 1270 with value: 0.3623636909959845.
checkpoint_e22 window_influence: 0.16532409733556855, penalty_k: 0.53766365253731885, scale_lr: 0.44496392871395352, EAO: 0.241
Trial 1590 finished with value: 0.2411962831646552 and parameters: {'window_influence': 0.16532409733556855, 'penalty_k': 0.5376636525373188, 'scale_lr': 0.4449639287139535}. Best is trial 1270 with value: 0.3623636909959845.
checkpoint_e22 window_influence: 0.62274833791243789, penalty_k: 0.05126454196833150, scale_lr: 0.78410057033130975, EAO: 0.247
Trial 1591 finished with value: 0.24713727507145952 and parameters: {'window_influence': 0.6227483379124379, 'penalty_k': 0.0512645419683315, 'scale_lr': 0.7841005703313098}. Best is trial 1270 with value: 0.3623636909959845.
checkpoint_e22 window_influence: 0.56152873338772158, penalty_k: 0.02281925158691797, scale_lr: 0.28168760131068404, EAO: 0.304
Trial 1592 finished with value: 0.30400217194037676 and parameters: {'window_influence': 0.5615287333877216, 'penalty_k': 0.02281925158691797, 'scale_lr': 0.28168760131068404}. Best is trial 1270 with value: 0.3623636909959845.
checkpoint_e22 window_influence: 0.19323478213460291, penalty_k: 0.23164244239514548, scale_lr: 0.35977155438416231, EAO: 0.267
Trial 1593 finished with value: 0.26748393725328407 and parameters: {'window_influence': 0.1932347821346029, 'penalty_k': 0.23164244239514548, 'scale_lr': 0.3597715543841623}. Best is trial 1270 with value: 0.3623636909959845.
checkpoint_e22 window_influence: 0.41261443748091037, penalty_k: 0.46915496062246481, scale_lr: 0.63595044873595252, EAO: 0.305
Trial 1594 finished with value: 0.3048196899403858 and parameters: {'window_influence': 0.41261443748091037, 'penalty_k': 0.4691549606224648, 'scale_lr': 0.6359504487359525}. Best is trial 1270 with value: 0.3623636909959845.
checkpoint_e22 window_influence: 0.46272448329966581, penalty_k: 0.09817176609949359, scale_lr: 0.30401286870351202, EAO: 0.348
Trial 1595 finished with value: 0.34803419319572154 and parameters: {'window_influence': 0.4627244832996658, 'penalty_k': 0.09817176609949359, 'scale_lr': 0.304012868703512}. Best is trial 1270 with value: 0.3623636909959845.
checkpoint_e22 window_influence: 0.33777229847563744, penalty_k: 0.07919588432669294, scale_lr: 0.32397995330252899, EAO: 0.296
Trial 1596 finished with value: 0.29598500872400485 and parameters: {'window_influence': 0.33777229847563744, 'penalty_k': 0.07919588432669294, 'scale_lr': 0.323979953302529}. Best is trial 1270 with value: 0.3623636909959845.
checkpoint_e22 window_influence: 0.53415877028285552, penalty_k: 0.45642369042260755, scale_lr: 0.41771967439227597, EAO: 0.277
Trial 1597 finished with value: 0.2773893807184835 and parameters: {'window_influence': 0.5341587702828555, 'penalty_k': 0.45642369042260755, 'scale_lr': 0.417719674392276}. Best is trial 1270 with value: 0.3623636909959845.
checkpoint_e22 window_influence: 0.36943996788707245, penalty_k: 0.01880928992423203, scale_lr: 0.64979822834041467, EAO: 0.329
Trial 1598 finished with value: 0.3289374251078075 and parameters: {'window_influence': 0.36943996788707245, 'penalty_k': 0.018809289924232028, 'scale_lr': 0.6497982283404147}. Best is trial 1270 with value: 0.3623636909959845.
checkpoint_e22 window_influence: 0.39944564997212084, penalty_k: 0.35133141287029490, scale_lr: 0.58110129125832422, EAO: 0.282
Trial 1599 finished with value: 0.2822621966846258 and parameters: {'window_influence': 0.39944564997212084, 'penalty_k': 0.3513314128702949, 'scale_lr': 0.5811012912583242}. Best is trial 1270 with value: 0.3623636909959845.
checkpoint_e22 window_influence: 0.48794805789359552, penalty_k: 0.09270753820551518, scale_lr: 0.39514013928537128, EAO: 0.330
Trial 1600 finished with value: 0.32984036497104957 and parameters: {'window_influence': 0.4879480578935955, 'penalty_k': 0.09270753820551518, 'scale_lr': 0.3951401392853713}. Best is trial 1270 with value: 0.3623636909959845.
checkpoint_e22 window_influence: 0.18354906056392079, penalty_k: 0.17063903500827546, scale_lr: 0.70114705843371006, EAO: 0.268
Trial 1601 finished with value: 0.26801539487875853 and parameters: {'window_influence': 0.18354906056392079, 'penalty_k': 0.17063903500827546, 'scale_lr': 0.7011470584337101}. Best is trial 1270 with value: 0.3623636909959845.
checkpoint_e22 window_influence: 0.45267080861708542, penalty_k: 0.56035285347766894, scale_lr: 0.37141513866263909, EAO: 0.296
Trial 1602 finished with value: 0.29558590524159517 and parameters: {'window_influence': 0.4526708086170854, 'penalty_k': 0.5603528534776689, 'scale_lr': 0.3714151386626391}. Best is trial 1270 with value: 0.3623636909959845.
checkpoint_e22 window_influence: 0.47493487503089449, penalty_k: 0.00033271683496397, scale_lr: 0.29040696311224101, EAO: 0.333
Trial 1603 finished with value: 0.3333682422508062 and parameters: {'window_influence': 0.4749348750308945, 'penalty_k': 0.00033271683496396677, 'scale_lr': 0.290406963112241}. Best is trial 1270 with value: 0.3623636909959845.
checkpoint_e22 window_influence: 0.48931781043000133, penalty_k: 0.03564031440145227, scale_lr: 0.26037767070269291, EAO: 0.336
Trial 1604 finished with value: 0.3358666742590151 and parameters: {'window_influence': 0.48931781043000133, 'penalty_k': 0.035640314401452274, 'scale_lr': 0.2603776707026929}. Best is trial 1270 with value: 0.3623636909959845.
checkpoint_e22 window_influence: 0.50276108664726205, penalty_k: 0.05787669220422666, scale_lr: 0.73336749890387964, EAO: 0.307
Trial 1605 finished with value: 0.3065263452696893 and parameters: {'window_influence': 0.502761086647262, 'penalty_k': 0.05787669220422666, 'scale_lr': 0.7333674989038796}. Best is trial 1270 with value: 0.3623636909959845.
checkpoint_e22 window_influence: 0.46372552096498504, penalty_k: 0.15585661484021596, scale_lr: 0.22622483815469827, EAO: 0.330
