Trial 2469 finished with value: 0.26939408185417085 and parameters: {'window_influence': 0.15262793644941378, 'penalty_k': 0.01895536856647708, 'scale_lr': 0.5497334164567386}. Best is trial 1270 with value: 0.3623636909959845.
checkpoint_e22 window_influence: 0.26613117040770667, penalty_k: 0.55799794470096642, scale_lr: 0.57224764987433541, EAO: 0.274
Trial 2470 finished with value: 0.2744478390258574 and parameters: {'window_influence': 0.2661311704077067, 'penalty_k': 0.5579979447009664, 'scale_lr': 0.5722476498743354}. Best is trial 1270 with value: 0.3623636909959845.
checkpoint_e22 window_influence: 0.62490404639693198, penalty_k: 0.06760383187302678, scale_lr: 0.60164578907837940, EAO: 0.245
Trial 2471 finished with value: 0.24471707468134885 and parameters: {'window_influence': 0.624904046396932, 'penalty_k': 0.06760383187302678, 'scale_lr': 0.6016457890783794}. Best is trial 1270 with value: 0.3623636909959845.
checkpoint_e22 window_influence: 0.48284903823355996, penalty_k: 0.01745017714595407, scale_lr: 0.57823173399088512, EAO: 0.324
Trial 2472 finished with value: 0.32430508941527936 and parameters: {'window_influence': 0.48284903823355996, 'penalty_k': 0.017450177145954066, 'scale_lr': 0.5782317339908851}. Best is trial 1270 with value: 0.3623636909959845.
checkpoint_e22 window_influence: 0.45801310580636800, penalty_k: 0.06016007417991867, scale_lr: 0.13560573291278893, EAO: 0.326
Trial 2473 finished with value: 0.3255619549913629 and parameters: {'window_influence': 0.458013105806368, 'penalty_k': 0.06016007417991867, 'scale_lr': 0.13560573291278893}. Best is trial 1270 with value: 0.3623636909959845.
checkpoint_e22 window_influence: 0.16591096894683377, penalty_k: 0.19490190571618199, scale_lr: 0.51944613114008253, EAO: 0.279
Trial 2474 finished with value: 0.27947865797619875 and parameters: {'window_influence': 0.16591096894683377, 'penalty_k': 0.194901905716182, 'scale_lr': 0.5194461311400825}. Best is trial 1270 with value: 0.3623636909959845.
checkpoint_e22 window_influence: 0.44720973687142046, penalty_k: 0.01465396733632691, scale_lr: 0.23837729900312679, EAO: 0.330
Trial 2475 finished with value: 0.329762571574649 and parameters: {'window_influence': 0.44720973687142046, 'penalty_k': 0.014653967336326906, 'scale_lr': 0.2383772990031268}. Best is trial 1270 with value: 0.3623636909959845.
checkpoint_e22 window_influence: 0.48215323275014504, penalty_k: 0.07411899172935210, scale_lr: 0.54472264052414554, EAO: 0.346
Trial 2476 finished with value: 0.3458363701397343 and parameters: {'window_influence': 0.48215323275014504, 'penalty_k': 0.0741189917293521, 'scale_lr': 0.5447226405241455}. Best is trial 1270 with value: 0.3623636909959845.
checkpoint_e22 window_influence: 0.31900535256429230, penalty_k: 0.15138295071110483, scale_lr: 0.12820977746210693, EAO: 0.282
Trial 2477 finished with value: 0.2821339061519979 and parameters: {'window_influence': 0.3190053525642923, 'penalty_k': 0.15138295071110483, 'scale_lr': 0.12820977746210693}. Best is trial 1270 with value: 0.3623636909959845.
checkpoint_e22 window_influence: 0.47109533261850173, penalty_k: 0.02887546877658945, scale_lr: 0.19704567102792259, EAO: 0.323
Trial 2478 finished with value: 0.3230459554418052 and parameters: {'window_influence': 0.4710953326185017, 'penalty_k': 0.028875468776589454, 'scale_lr': 0.1970456710279226}. Best is trial 1270 with value: 0.3623636909959845.
checkpoint_e22 window_influence: 0.28773560209602245, penalty_k: 0.34040916597395116, scale_lr: 0.60707564221875621, EAO: 0.283
Trial 2479 finished with value: 0.28317428719440785 and parameters: {'window_influence': 0.28773560209602245, 'penalty_k': 0.34040916597395116, 'scale_lr': 0.6070756422187562}. Best is trial 1270 with value: 0.3623636909959845.
checkpoint_e22 window_influence: 0.30670477746344316, penalty_k: 0.46436620676687790, scale_lr: 0.79046244468110372, EAO: 0.312
Trial 2480 finished with value: 0.31239863899663267 and parameters: {'window_influence': 0.30670477746344316, 'penalty_k': 0.4643662067668779, 'scale_lr': 0.7904624446811037}. Best is trial 1270 with value: 0.3623636909959845.
checkpoint_e22 window_influence: 0.56770760949671539, penalty_k: 0.29121234141486951, scale_lr: 0.22485360260458964, EAO: 0.268
Trial 2481 finished with value: 0.2677040605693476 and parameters: {'window_influence': 0.5677076094967154, 'penalty_k': 0.2912123414148695, 'scale_lr': 0.22485360260458964}. Best is trial 1270 with value: 0.3623636909959845.
checkpoint_e22 window_influence: 0.48598703401909360, penalty_k: 0.59835074730864224, scale_lr: 0.18729969938988028, EAO: 0.269
Trial 2482 finished with value: 0.2692566287888627 and parameters: {'window_influence': 0.4859870340190936, 'penalty_k': 0.5983507473086422, 'scale_lr': 0.18729969938988028}. Best is trial 1270 with value: 0.3623636909959845.
checkpoint_e22 window_influence: 0.46165421201420948, penalty_k: 0.21924382080037830, scale_lr: 0.25976074374051494, EAO: 0.319
Trial 2483 finished with value: 0.31887045009822695 and parameters: {'window_influence': 0.4616542120142095, 'penalty_k': 0.2192438208003783, 'scale_lr': 0.25976074374051494}. Best is trial 1270 with value: 0.3623636909959845.
checkpoint_e22 window_influence: 0.61745408772409371, penalty_k: 0.18234565256120328, scale_lr: 0.76934135733061915, EAO: 0.246
Trial 2484 finished with value: 0.24638617699712168 and parameters: {'window_influence': 0.6174540877240937, 'penalty_k': 0.18234565256120328, 'scale_lr': 0.7693413573306191}. Best is trial 1270 with value: 0.3623636909959845.
checkpoint_e22 window_influence: 0.47249737309346790, penalty_k: 0.13549737166243991, scale_lr: 0.16986992972239706, EAO: 0.322
Trial 2485 finished with value: 0.3223641735686402 and parameters: {'window_influence': 0.4724973730934679, 'penalty_k': 0.1354973716624399, 'scale_lr': 0.16986992972239706}. Best is trial 1270 with value: 0.3623636909959845.
checkpoint_e22 window_influence: 0.45296075825526166, penalty_k: 0.03761947857189097, scale_lr: 0.56098349032734229, EAO: 0.329
Trial 2486 finished with value: 0.32863522613790713 and parameters: {'window_influence': 0.45296075825526166, 'penalty_k': 0.03761947857189097, 'scale_lr': 0.5609834903273423}. Best is trial 1270 with value: 0.3623636909959845.
checkpoint_e22 window_influence: 0.57797707873032833, penalty_k: 0.45839393945540308, scale_lr: 0.59540639276991414, EAO: 0.231
Trial 2487 finished with value: 0.2308629170813913 and parameters: {'window_influence': 0.5779770787303283, 'penalty_k': 0.4583939394554031, 'scale_lr': 0.5954063927699141}. Best is trial 1270 with value: 0.3623636909959845.
checkpoint_e22 window_influence: 0.43818419562475885, penalty_k: 0.05915718149000856, scale_lr: 0.52186458165960992, EAO: 0.324
Trial 2488 finished with value: 0.3235684076635754 and parameters: {'window_influence': 0.43818419562475885, 'penalty_k': 0.05915718149000856, 'scale_lr': 0.5218645816596099}. Best is trial 1270 with value: 0.3623636909959845.
checkpoint_e22 window_influence: 0.48988420119330311, penalty_k: 0.01187051365202547, scale_lr: 0.17412435863919873, EAO: 0.314
Trial 2489 finished with value: 0.31352974445439497 and parameters: {'window_influence': 0.4898842011933031, 'penalty_k': 0.011870513652025474, 'scale_lr': 0.17412435863919873}. Best is trial 1270 with value: 0.3623636909959845.
checkpoint_e22 window_influence: 0.14560920724005402, penalty_k: 0.57598630953480412, scale_lr: 0.57951291581642139, EAO: 0.244
Trial 2490 finished with value: 0.24362803972416813 and parameters: {'window_influence': 0.14560920724005402, 'penalty_k': 0.5759863095348041, 'scale_lr': 0.5795129158164214}. Best is trial 1270 with value: 0.3623636909959845.
checkpoint_e22 window_influence: 0.20068428652317155, penalty_k: 0.42115244051555889, scale_lr: 0.61251210086693308, EAO: 0.254
Trial 2491 finished with value: 0.25423788259001556 and parameters: {'window_influence': 0.20068428652317155, 'penalty_k': 0.4211524405155589, 'scale_lr': 0.6125121008669331}. Best is trial 1270 with value: 0.3623636909959845.
checkpoint_e22 window_influence: 0.63424149375769179, penalty_k: 0.23858763494217877, scale_lr: 0.48164511359735601, EAO: 0.239
Trial 2492 finished with value: 0.23945757393011324 and parameters: {'window_influence': 0.6342414937576918, 'penalty_k': 0.23858763494217877, 'scale_lr': 0.481645113597356}. Best is trial 1270 with value: 0.3623636909959845.
checkpoint_e22 window_influence: 0.47754259746108241, penalty_k: 0.38580890796339506, scale_lr: 0.75545086389565630, EAO: 0.309
Trial 2493 finished with value: 0.30946522609037186 and parameters: {'window_influence': 0.4775425974610824, 'penalty_k': 0.38580890796339506, 'scale_lr': 0.7554508638956563}. Best is trial 1270 with value: 0.3623636909959845.
checkpoint_e22 window_influence: 0.54256836669732234, penalty_k: 0.20984949846226589, scale_lr: 0.14656192221410930, EAO: 0.294
Trial 2494 finished with value: 0.2938020669416695 and parameters: {'window_influence': 0.5425683666973223, 'penalty_k': 0.2098494984622659, 'scale_lr': 0.1465619222141093}. Best is trial 1270 with value: 0.3623636909959845.
checkpoint_e22 window_influence: 0.46631100889673932, penalty_k: 0.16753983970868822, scale_lr: 0.53403498219166423, EAO: 0.321
Trial 2495 finished with value: 0.3208635184435529 and parameters: {'window_influence': 0.4663110088967393, 'penalty_k': 0.16753983970868822, 'scale_lr': 0.5340349821916642}. Best is trial 1270 with value: 0.3623636909959845.
checkpoint_e22 window_influence: 0.49026034279704878, penalty_k: 0.40124934158713010, scale_lr: 0.55457395360354533, EAO: 0.302
Trial 2496 finished with value: 0.30221933080064645 and parameters: {'window_influence': 0.4902603427970488, 'penalty_k': 0.4012493415871301, 'scale_lr': 0.5545739536035453}. Best is trial 1270 with value: 0.3623636909959845.
checkpoint_e22 window_influence: 0.39994263737754199, penalty_k: 0.08581750624596954, scale_lr: 0.27158033850577346, EAO: 0.309
Trial 2497 finished with value: 0.30941794430003555 and parameters: {'window_influence': 0.399942637377542, 'penalty_k': 0.08581750624596954, 'scale_lr': 0.27158033850577346}. Best is trial 1270 with value: 0.3623636909959845.
checkpoint_e22 window_influence: 0.36059157575401152, penalty_k: 0.28489875471129711, scale_lr: 0.25043483122330745, EAO: 0.273
Trial 2498 finished with value: 0.2728781682160114 and parameters: {'window_influence': 0.3605915757540115, 'penalty_k': 0.2848987547112971, 'scale_lr': 0.25043483122330745}. Best is trial 1270 with value: 0.3623636909959845.
checkpoint_e22 window_influence: 0.55318693237603644, penalty_k: 0.31937449562813836, scale_lr: 0.74195848563463040, EAO: 0.256
Trial 2499 finished with value: 0.2564495514918858 and parameters: {'window_influence': 0.5531869323760364, 'penalty_k': 0.31937449562813836, 'scale_lr': 0.7419584856346304}. Best is trial 1270 with value: 0.3623636909959845.
checkpoint_e22 window_influence: 0.25350870143214266, penalty_k: 0.02186409745373808, scale_lr: 0.20718175277159098, EAO: 0.274
Trial 2500 finished with value: 0.2743270556634502 and parameters: {'window_influence': 0.25350870143214266, 'penalty_k': 0.02186409745373808, 'scale_lr': 0.20718175277159098}. Best is trial 1270 with value: 0.3623636909959845.
checkpoint_e22 window_influence: 0.45052546546971572, penalty_k: 0.12603268518513089, scale_lr: 0.50050611797366418, EAO: 0.289
Trial 2501 finished with value: 0.2891747248195953 and parameters: {'window_influence': 0.4505254654697157, 'penalty_k': 0.1260326851851309, 'scale_lr': 0.5005061179736642}. Best is trial 1270 with value: 0.3623636909959845.
checkpoint_e22 window_influence: 0.47141401374664554, penalty_k: 0.13983866239219009, scale_lr: 0.58491272884489742, EAO: 0.317
Trial 2502 finished with value: 0.3173610230596149 and parameters: {'window_influence': 0.47141401374664554, 'penalty_k': 0.1398386623921901, 'scale_lr': 0.5849127288448974}. Best is trial 1270 with value: 0.3623636909959845.
checkpoint_e22 window_influence: 0.39082455295682250, penalty_k: 0.00920739448229014, scale_lr: 0.59983510528910500, EAO: 0.339
Trial 2503 finished with value: 0.3390054690002931 and parameters: {'window_influence': 0.3908245529568225, 'penalty_k': 0.009207394482290143, 'scale_lr': 0.599835105289105}. Best is trial 1270 with value: 0.3623636909959845.
checkpoint_e22 window_influence: 0.38293416862829494, penalty_k: 0.06601806813235683, scale_lr: 0.46767529873795066, EAO: 0.337
Trial 2504 finished with value: 0.3371945297207814 and parameters: {'window_influence': 0.38293416862829494, 'penalty_k': 0.06601806813235683, 'scale_lr': 0.46767529873795066}. Best is trial 1270 with value: 0.3623636909959845.
checkpoint_e22 window_influence: 0.47997125100656401, penalty_k: 0.04937088478681442, scale_lr: 0.62462786473737753, EAO: 0.338
Trial 2505 finished with value: 0.33779567364124935 and parameters: {'window_influence': 0.479971251006564, 'penalty_k': 0.04937088478681442, 'scale_lr': 0.6246278647373775}. Best is trial 1270 with value: 0.3623636909959845.
checkpoint_e22 window_influence: 0.45944928938708357, penalty_k: 0.28826868290992924, scale_lr: 0.52497975216168502, EAO: 0.308
Trial 2506 finished with value: 0.3076425332155673 and parameters: {'window_influence': 0.45944928938708357, 'penalty_k': 0.28826868290992924, 'scale_lr': 0.524979752161685}. Best is trial 1270 with value: 0.3623636909959845.
checkpoint_e22 window_influence: 0.10795816559558308, penalty_k: 0.37933450814345776, scale_lr: 0.23120182875066489, EAO: 0.237
Trial 2507 finished with value: 0.23725915013120333 and parameters: {'window_influence': 0.10795816559558308, 'penalty_k': 0.37933450814345776, 'scale_lr': 0.2312018287506649}. Best is trial 1270 with value: 0.3623636909959845.
checkpoint_e22 window_influence: 0.49740441288280340, penalty_k: 0.25775473591980713, scale_lr: 0.27375958755498947, EAO: 0.293
Trial 2508 finished with value: 0.2927497030464128 and parameters: {'window_influence': 0.4974044128828034, 'penalty_k': 0.25775473591980713, 'scale_lr': 0.27375958755498947}. Best is trial 1270 with value: 0.3623636909959845.
checkpoint_e22 window_influence: 0.44025148753634691, penalty_k: 0.18933544908365535, scale_lr: 0.50927170272443012, EAO: 0.322
Trial 2509 finished with value: 0.3217795118979443 and parameters: {'window_influence': 0.4402514875363469, 'penalty_k': 0.18933544908365535, 'scale_lr': 0.5092717027244301}. Best is trial 1270 with value: 0.3623636909959845.
checkpoint_e22 window_influence: 0.48983938718259090, penalty_k: 0.00007079218261186, scale_lr: 0.56506950642399412, EAO: 0.330
Trial 2510 finished with value: 0.3302575853084312 and parameters: {'window_influence': 0.4898393871825909, 'penalty_k': 7.079218261186494e-05, 'scale_lr': 0.5650695064239941}. Best is trial 1270 with value: 0.3623636909959845.
checkpoint_e22 window_influence: 0.47085757682771073, penalty_k: 0.32694949161401654, scale_lr: 0.47400301905861492, EAO: 0.322
Trial 2511 finished with value: 0.32238246001854015 and parameters: {'window_influence': 0.47085757682771073, 'penalty_k': 0.32694949161401654, 'scale_lr': 0.4740030190586149}. Best is trial 1270 with value: 0.3623636909959845.
checkpoint_e22 window_influence: 0.22122188243282231, penalty_k: 0.16079217876161037, scale_lr: 0.61077734141684048, EAO: 0.273
Trial 2512 finished with value: 0.2729345827367055 and parameters: {'window_influence': 0.22122188243282231, 'penalty_k': 0.16079217876161037, 'scale_lr': 0.6107773414168405}. Best is trial 1270 with value: 0.3623636909959845.
checkpoint_e22 window_influence: 0.34016212283725450, penalty_k: 0.07695752327006268, scale_lr: 0.71385970804453813, EAO: 0.318
Trial 2513 finished with value: 0.31784902025985345 and parameters: {'window_influence': 0.3401621228372545, 'penalty_k': 0.07695752327006268, 'scale_lr': 0.7138597080445381}. Best is trial 1270 with value: 0.3623636909959845.
checkpoint_e22 window_influence: 0.45332306594674054, penalty_k: 0.29642368506881517, scale_lr: 0.26411597133007647, EAO: 0.299
Trial 2514 finished with value: 0.2986104992808999 and parameters: {'window_influence': 0.45332306594674054, 'penalty_k': 0.29642368506881517, 'scale_lr': 0.26411597133007647}. Best is trial 1270 with value: 0.3623636909959845.
checkpoint_e22 window_influence: 0.21741579533172403, penalty_k: 0.02212139772033687, scale_lr: 0.54803889606648359, EAO: 0.286
Trial 2515 finished with value: 0.286041338678 and parameters: {'window_influence': 0.21741579533172403, 'penalty_k': 0.022121397720336868, 'scale_lr': 0.5480388960664836}. Best is trial 1270 with value: 0.3623636909959845.
checkpoint_e22 window_influence: 0.40672523109126274, penalty_k: 0.08994287715971093, scale_lr: 0.58230873568313146, EAO: 0.320
Trial 2516 finished with value: 0.3199164992640455 and parameters: {'window_influence': 0.40672523109126274, 'penalty_k': 0.08994287715971093, 'scale_lr': 0.5823087356831315}. Best is trial 1270 with value: 0.3623636909959845.
checkpoint_e22 window_influence: 0.48132095479725984, penalty_k: 0.12239431689553591, scale_lr: 0.24365183182835151, EAO: 0.337
Trial 2517 finished with value: 0.33672737124365126 and parameters: {'window_influence': 0.48132095479725984, 'penalty_k': 0.12239431689553591, 'scale_lr': 0.2436518318283515}. Best is trial 1270 with value: 0.3623636909959845.
checkpoint_e22 window_influence: 0.42746852967686916, penalty_k: 0.00021141698744929, scale_lr: 0.59638664641513506, EAO: 0.317
Trial 2518 finished with value: 0.3168185953384244 and parameters: {'window_influence': 0.42746852967686916, 'penalty_k': 0.00021141698744929494, 'scale_lr': 0.5963866464151351}. Best is trial 1270 with value: 0.3623636909959845.
checkpoint_e22 window_influence: 0.46310203622649904, penalty_k: 0.04073468848817022, scale_lr: 0.78723128494713646, EAO: 0.307
Trial 2519 finished with value: 0.3070014912330687 and parameters: {'window_influence': 0.46310203622649904, 'penalty_k': 0.04073468848817022, 'scale_lr': 0.7872312849471365}. Best is trial 1270 with value: 0.3623636909959845.
checkpoint_e22 window_influence: 0.60915030039195162, penalty_k: 0.57607627602108025, scale_lr: 0.53134769010538940, EAO: 0.213
Trial 2520 finished with value: 0.21250259267448915 and parameters: {'window_influence': 0.6091503003919516, 'penalty_k': 0.5760762760210802, 'scale_lr': 0.5313476901053894}. Best is trial 1270 with value: 0.3623636909959845.
checkpoint_e22 window_influence: 0.24863024194137900, penalty_k: 0.47223661074124046, scale_lr: 0.72989239695223607, EAO: 0.276
Trial 2521 finished with value: 0.275748117888484 and parameters: {'window_influence': 0.248630241941379, 'penalty_k': 0.47223661074124046, 'scale_lr': 0.7298923969522361}. Best is trial 1270 with value: 0.3623636909959845.
checkpoint_e22 window_influence: 0.27188139759584196, penalty_k: 0.35027160525850931, scale_lr: 0.29118583107356777, EAO: 0.286
Trial 2522 finished with value: 0.2856083296036442 and parameters: {'window_influence': 0.27188139759584196, 'penalty_k': 0.3502716052585093, 'scale_lr': 0.29118583107356777}. Best is trial 1270 with value: 0.3623636909959845.
checkpoint_e22 window_influence: 0.19828074706742754, penalty_k: 0.02940785669334219, scale_lr: 0.48640892573482059, EAO: 0.289
Trial 2523 finished with value: 0.28858116848923354 and parameters: {'window_influence': 0.19828074706742754, 'penalty_k': 0.029407856693342185, 'scale_lr': 0.4864089257348206}. Best is trial 1270 with value: 0.3623636909959845.
checkpoint_e22 window_influence: 0.58199880159614115, penalty_k: 0.10748468161608703, scale_lr: 0.25617379066386797, EAO: 0.274
Trial 2524 finished with value: 0.2735235477120032 and parameters: {'window_influence': 0.5819988015961411, 'penalty_k': 0.10748468161608703, 'scale_lr': 0.256173790663868}. Best is trial 1270 with value: 0.3623636909959845.
checkpoint_e22 window_influence: 0.49742888521321993, penalty_k: 0.09470291224956529, scale_lr: 0.62088464707405056, EAO: 0.330
Trial 2525 finished with value: 0.32967765420559314 and parameters: {'window_influence': 0.49742888521321993, 'penalty_k': 0.09470291224956529, 'scale_lr': 0.6208846470740506}. Best is trial 1270 with value: 0.3623636909959845.
checkpoint_e22 window_influence: 0.48009549556801401, penalty_k: 0.12967427841424384, scale_lr: 0.57020617183970712, EAO: 0.349
Trial 2526 finished with value: 0.34937168895502496 and parameters: {'window_influence': 0.480095495568014, 'penalty_k': 0.12967427841424384, 'scale_lr': 0.5702061718397071}. Best is trial 1270 with value: 0.3623636909959845.
checkpoint_e22 window_influence: 0.59516588537552240, penalty_k: 0.26054053817939388, scale_lr: 0.70395087587495997, EAO: 0.236
Trial 2527 finished with value: 0.23583229889201746 and parameters: {'window_influence': 0.5951658853755224, 'penalty_k': 0.2605405381793939, 'scale_lr': 0.70395087587496}. Best is trial 1270 with value: 0.3623636909959845.
checkpoint_e22 window_influence: 0.44389129503889324, penalty_k: 0.15032104408975311, scale_lr: 0.45828401396242668, EAO: 0.305
Trial 2528 finished with value: 0.30455128894937644 and parameters: {'window_influence': 0.44389129503889324, 'penalty_k': 0.1503210440897531, 'scale_lr': 0.4582840139624267}. Best is trial 1270 with value: 0.3623636909959845.
checkpoint_e22 window_influence: 0.35682480990082038, penalty_k: 0.39055333232763828, scale_lr: 0.27855245373785997, EAO: 0.279
Trial 2529 finished with value: 0.2793288000130932 and parameters: {'window_influence': 0.3568248099008204, 'penalty_k': 0.3905533323276383, 'scale_lr': 0.27855245373786}. Best is trial 1270 with value: 0.3623636909959845.
checkpoint_e22 window_influence: 0.17371749503161155, penalty_k: 0.55204340269644980, scale_lr: 0.60763157501387777, EAO: 0.248
Trial 2530 finished with value: 0.24827005096678603 and parameters: {'window_influence': 0.17371749503161155, 'penalty_k': 0.5520434026964498, 'scale_lr': 0.6076315750138778}. Best is trial 1270 with value: 0.3623636909959845.
checkpoint_e22 window_influence: 0.46798525535873159, penalty_k: 0.07287608915722354, scale_lr: 0.50105046967373390, EAO: 0.323
