Trial 1010 finished with value: 0.34041397406897195 and parameters: {'window_influence': 0.4766094257987977, 'penalty_k': 0.22626575879455596, 'scale_lr': 0.5555297260947614}. Best is trial 374 with value: 0.3602400896382239.
checkpoint_e24 window_influence: 0.43331526447182145, penalty_k: 0.57441689405417351, scale_lr: 0.47642667338257433, EAO: 0.314
Trial 1011 finished with value: 0.3138630016768489 and parameters: {'window_influence': 0.43331526447182145, 'penalty_k': 0.5744168940541735, 'scale_lr': 0.47642667338257433}. Best is trial 374 with value: 0.3602400896382239.
checkpoint_e24 window_influence: 0.46826569967247961, penalty_k: 0.04004276839451922, scale_lr: 0.52350655707168847, EAO: 0.336
Trial 1012 finished with value: 0.3363514857997226 and parameters: {'window_influence': 0.4682656996724796, 'penalty_k': 0.04004276839451922, 'scale_lr': 0.5235065570716885}. Best is trial 374 with value: 0.3602400896382239.
checkpoint_e24 window_influence: 0.40289875527988767, penalty_k: 0.10793534847511756, scale_lr: 0.49464198828321232, EAO: 0.306
Trial 1013 finished with value: 0.3060089232044925 and parameters: {'window_influence': 0.40289875527988767, 'penalty_k': 0.10793534847511756, 'scale_lr': 0.4946419882832123}. Best is trial 374 with value: 0.3602400896382239.
checkpoint_e24 window_influence: 0.51119571713576983, penalty_k: 0.27529827348583119, scale_lr: 0.14166076071510708, EAO: 0.299
Trial 1014 finished with value: 0.29914058408616584 and parameters: {'window_influence': 0.5111957171357698, 'penalty_k': 0.2752982734858312, 'scale_lr': 0.14166076071510708}. Best is trial 374 with value: 0.3602400896382239.
checkpoint_e24 window_influence: 0.52933110276775586, penalty_k: 0.16077831729800438, scale_lr: 0.61200267656342910, EAO: 0.308
Trial 1015 finished with value: 0.3078716323649373 and parameters: {'window_influence': 0.5293311027677559, 'penalty_k': 0.16077831729800438, 'scale_lr': 0.6120026765634291}. Best is trial 374 with value: 0.3602400896382239.
checkpoint_e24 window_influence: 0.44845940192307598, penalty_k: 0.44687512040907540, scale_lr: 0.45670414386464220, EAO: 0.319
Trial 1016 finished with value: 0.31894598379441275 and parameters: {'window_influence': 0.448459401923076, 'penalty_k': 0.4468751204090754, 'scale_lr': 0.4567041438646422}. Best is trial 374 with value: 0.3602400896382239.
checkpoint_e24 window_influence: 0.59406999965180929, penalty_k: 0.41069045039402513, scale_lr: 0.70653758536698985, EAO: 0.247
Trial 1017 finished with value: 0.24673594464819718 and parameters: {'window_influence': 0.5940699996518093, 'penalty_k': 0.41069045039402513, 'scale_lr': 0.7065375853669899}. Best is trial 374 with value: 0.3602400896382239.
checkpoint_e24 window_influence: 0.48506550387961778, penalty_k: 0.47739537143606686, scale_lr: 0.50980047909854476, EAO: 0.299
Trial 1018 finished with value: 0.29924688183843856 and parameters: {'window_influence': 0.4850655038796178, 'penalty_k': 0.47739537143606686, 'scale_lr': 0.5098004790985448}. Best is trial 374 with value: 0.3602400896382239.
checkpoint_e24 window_influence: 0.36984196106201539, penalty_k: 0.55449524004505713, scale_lr: 0.57556232865776569, EAO: 0.308
Trial 1019 finished with value: 0.30842491787231385 and parameters: {'window_influence': 0.3698419610620154, 'penalty_k': 0.5544952400450571, 'scale_lr': 0.5755623286577657}. Best is trial 374 with value: 0.3602400896382239.
checkpoint_e24 window_influence: 0.21602196127887677, penalty_k: 0.49502337107230754, scale_lr: 0.54332540982314270, EAO: 0.302
Trial 1020 finished with value: 0.30183436794039803 and parameters: {'window_influence': 0.21602196127887677, 'penalty_k': 0.49502337107230754, 'scale_lr': 0.5433254098231427}. Best is trial 374 with value: 0.3602400896382239.
checkpoint_e24 window_influence: 0.45918068672224283, penalty_k: 0.53981672105887801, scale_lr: 0.53029149306355650, EAO: 0.312
Trial 1021 finished with value: 0.3120348408876226 and parameters: {'window_influence': 0.4591806867222428, 'penalty_k': 0.539816721058878, 'scale_lr': 0.5302914930635565}. Best is trial 374 with value: 0.3602400896382239.
checkpoint_e24 window_influence: 0.47432784346199808, penalty_k: 0.25302996777517622, scale_lr: 0.43311628615100628, EAO: 0.319
Trial 1022 finished with value: 0.3188071525746282 and parameters: {'window_influence': 0.4743278434619981, 'penalty_k': 0.2530299677751762, 'scale_lr': 0.4331162861510063}. Best is trial 374 with value: 0.3602400896382239.
checkpoint_e24 window_influence: 0.21041928279822628, penalty_k: 0.14559189797731489, scale_lr: 0.67512438606510827, EAO: 0.297
Trial 1023 finished with value: 0.29741882727071933 and parameters: {'window_influence': 0.21041928279822628, 'penalty_k': 0.1455918979773149, 'scale_lr': 0.6751243860651083}. Best is trial 374 with value: 0.3602400896382239.
checkpoint_e24 window_influence: 0.64717416474082157, penalty_k: 0.05635036490339551, scale_lr: 0.12799406429718924, EAO: 0.252
Trial 1024 finished with value: 0.25209868708009386 and parameters: {'window_influence': 0.6471741647408216, 'penalty_k': 0.05635036490339551, 'scale_lr': 0.12799406429718924}. Best is trial 374 with value: 0.3602400896382239.
checkpoint_e24 window_influence: 0.49981374826317343, penalty_k: 0.31962681291950062, scale_lr: 0.42005992123101388, EAO: 0.325
Trial 1025 finished with value: 0.3247754500185933 and parameters: {'window_influence': 0.49981374826317343, 'penalty_k': 0.3196268129195006, 'scale_lr': 0.4200599212310139}. Best is trial 374 with value: 0.3602400896382239.
checkpoint_e24 window_influence: 0.42280875584205130, penalty_k: 0.38457025353632701, scale_lr: 0.48148952631157987, EAO: 0.327
Trial 1026 finished with value: 0.32654138813918665 and parameters: {'window_influence': 0.4228087558420513, 'penalty_k': 0.384570253536327, 'scale_lr': 0.4814895263115799}. Best is trial 374 with value: 0.3602400896382239.
checkpoint_e24 window_influence: 0.44007502045653984, penalty_k: 0.17155900476254166, scale_lr: 0.58574356561241847, EAO: 0.308
Trial 1027 finished with value: 0.3079457559010398 and parameters: {'window_influence': 0.44007502045653984, 'penalty_k': 0.17155900476254166, 'scale_lr': 0.5857435656124185}. Best is trial 374 with value: 0.3602400896382239.
checkpoint_e24 window_influence: 0.31273256178930986, penalty_k: 0.12990340725228697, scale_lr: 0.35371068259864896, EAO: 0.320
Trial 1028 finished with value: 0.32003093693506857 and parameters: {'window_influence': 0.31273256178930986, 'penalty_k': 0.12990340725228697, 'scale_lr': 0.35371068259864896}. Best is trial 374 with value: 0.3602400896382239.
checkpoint_e24 window_influence: 0.48750460669146156, penalty_k: 0.09767225180244643, scale_lr: 0.56414564516311283, EAO: 0.325
Trial 1029 finished with value: 0.32531996598967317 and parameters: {'window_influence': 0.48750460669146156, 'penalty_k': 0.09767225180244643, 'scale_lr': 0.5641456451631128}. Best is trial 374 with value: 0.3602400896382239.
checkpoint_e24 window_influence: 0.45201922434339814, penalty_k: 0.51277138895724739, scale_lr: 0.50434435656509879, EAO: 0.316
Trial 1030 finished with value: 0.3162732465837716 and parameters: {'window_influence': 0.45201922434339814, 'penalty_k': 0.5127713889572474, 'scale_lr': 0.5043443565650988}. Best is trial 374 with value: 0.3602400896382239.
checkpoint_e24 window_influence: 0.46961598736854687, penalty_k: 0.58741515200744487, scale_lr: 0.66088775373638087, EAO: 0.311
Trial 1031 finished with value: 0.311486569186129 and parameters: {'window_influence': 0.46961598736854687, 'penalty_k': 0.5874151520074449, 'scale_lr': 0.6608877537363809}. Best is trial 374 with value: 0.3602400896382239.
checkpoint_e24 window_influence: 0.17667613413299102, penalty_k: 0.42603691682929951, scale_lr: 0.24851221491908221, EAO: 0.254
Trial 1032 finished with value: 0.25392124381510667 and parameters: {'window_influence': 0.17667613413299102, 'penalty_k': 0.4260369168292995, 'scale_lr': 0.2485122149190822}. Best is trial 374 with value: 0.3602400896382239.
checkpoint_e24 window_influence: 0.41281031512162103, penalty_k: 0.08216582605321580, scale_lr: 0.62952487904907817, EAO: 0.322
Trial 1033 finished with value: 0.322176637178729 and parameters: {'window_influence': 0.41281031512162103, 'penalty_k': 0.0821658260532158, 'scale_lr': 0.6295248790490782}. Best is trial 374 with value: 0.3602400896382239.
checkpoint_e24 window_influence: 0.20565924331090474, penalty_k: 0.28393841150112947, scale_lr: 0.60484003632743844, EAO: 0.281
Trial 1034 finished with value: 0.2812988349319896 and parameters: {'window_influence': 0.20565924331090474, 'penalty_k': 0.2839384115011295, 'scale_lr': 0.6048400363274384}. Best is trial 374 with value: 0.3602400896382239.
checkpoint_e24 window_influence: 0.51601701001728284, penalty_k: 0.35940573519664853, scale_lr: 0.36977246694181209, EAO: 0.309
Trial 1035 finished with value: 0.308508496746015 and parameters: {'window_influence': 0.5160170100172828, 'penalty_k': 0.35940573519664853, 'scale_lr': 0.3697724669418121}. Best is trial 374 with value: 0.3602400896382239.
checkpoint_e24 window_influence: 0.54955179437132429, penalty_k: 0.02429897910563286, scale_lr: 0.52061897647820110, EAO: 0.298
Trial 1036 finished with value: 0.29786797853527364 and parameters: {'window_influence': 0.5495517943713243, 'penalty_k': 0.024298979105632862, 'scale_lr': 0.5206189764782011}. Best is trial 374 with value: 0.3602400896382239.
checkpoint_e24 window_influence: 0.49037738644318174, penalty_k: 0.21286459461727769, scale_lr: 0.55323870454472734, EAO: 0.340
Trial 1037 finished with value: 0.34014528131670524 and parameters: {'window_influence': 0.49037738644318174, 'penalty_k': 0.2128645946172777, 'scale_lr': 0.5532387045447273}. Best is trial 374 with value: 0.3602400896382239.
checkpoint_e24 window_influence: 0.34068357303318875, penalty_k: 0.19396551059363495, scale_lr: 0.69210574313647721, EAO: 0.317
Trial 1038 finished with value: 0.31737654688061445 and parameters: {'window_influence': 0.34068357303318875, 'penalty_k': 0.19396551059363495, 'scale_lr': 0.6921057431364772}. Best is trial 374 with value: 0.3602400896382239.
checkpoint_e24 window_influence: 0.37656244875341599, penalty_k: 0.40241569112919751, scale_lr: 0.46171098611509886, EAO: 0.320
Trial 1039 finished with value: 0.32007269451126513 and parameters: {'window_influence': 0.376562448753416, 'penalty_k': 0.4024156911291975, 'scale_lr': 0.46171098611509886}. Best is trial 374 with value: 0.3602400896382239.
checkpoint_e24 window_influence: 0.22525593977556491, penalty_k: 0.48415948268522058, scale_lr: 0.17637120507685244, EAO: 0.280
Trial 1040 finished with value: 0.28026221153337205 and parameters: {'window_influence': 0.2252559397755649, 'penalty_k': 0.4841594826852206, 'scale_lr': 0.17637120507685244}. Best is trial 374 with value: 0.3602400896382239.
checkpoint_e24 window_influence: 0.46523050546071143, penalty_k: 0.24374019218197013, scale_lr: 0.49333810249271032, EAO: 0.335
Trial 1041 finished with value: 0.33502304762717816 and parameters: {'window_influence': 0.46523050546071143, 'penalty_k': 0.24374019218197013, 'scale_lr': 0.4933381024927103}. Best is trial 374 with value: 0.3602400896382239.
checkpoint_e24 window_influence: 0.39623487150685677, penalty_k: 0.23418839832479960, scale_lr: 0.51183543306107038, EAO: 0.318
Trial 1042 finished with value: 0.3180298123378234 and parameters: {'window_influence': 0.39623487150685677, 'penalty_k': 0.2341883983247996, 'scale_lr': 0.5118354330610704}. Best is trial 374 with value: 0.3602400896382239.
checkpoint_e24 window_influence: 0.47853105946440261, penalty_k: 0.06540924089039205, scale_lr: 0.31431931307227123, EAO: 0.322
Trial 1043 finished with value: 0.3215287938308159 and parameters: {'window_influence': 0.4785310594644026, 'penalty_k': 0.06540924089039205, 'scale_lr': 0.31431931307227123}. Best is trial 374 with value: 0.3602400896382239.
checkpoint_e24 window_influence: 0.49817122329759689, penalty_k: 0.26317517928389650, scale_lr: 0.75401004125078608, EAO: 0.311
Trial 1044 finished with value: 0.3110440510836093 and parameters: {'window_influence': 0.4981712232975969, 'penalty_k': 0.2631751792838965, 'scale_lr': 0.7540100412507861}. Best is trial 374 with value: 0.3602400896382239.
checkpoint_e24 window_influence: 0.08419180957916750, penalty_k: 0.56662359454957079, scale_lr: 0.53574979858799654, EAO: 0.233
Trial 1045 finished with value: 0.23288768170408702 and parameters: {'window_influence': 0.0841918095791675, 'penalty_k': 0.5666235945495708, 'scale_lr': 0.5357497985879965}. Best is trial 374 with value: 0.3602400896382239.
checkpoint_e24 window_influence: 0.19722371348125350, penalty_k: 0.18220941378108324, scale_lr: 0.79764679626378798, EAO: 0.286
Trial 1046 finished with value: 0.2860805445607998 and parameters: {'window_influence': 0.1972237134812535, 'penalty_k': 0.18220941378108324, 'scale_lr': 0.797646796263788}. Best is trial 374 with value: 0.3602400896382239.
checkpoint_e24 window_influence: 0.44131691162791109, penalty_k: 0.04553113337230354, scale_lr: 0.20038290978570736, EAO: 0.316
Trial 1047 finished with value: 0.3155126365242301 and parameters: {'window_influence': 0.4413169116279111, 'penalty_k': 0.04553113337230354, 'scale_lr': 0.20038290978570736}. Best is trial 374 with value: 0.3602400896382239.
checkpoint_e24 window_influence: 0.45574474975539697, penalty_k: 0.36860821963479123, scale_lr: 0.52405967071200021, EAO: 0.320
Trial 1048 finished with value: 0.32030962743879754 and parameters: {'window_influence': 0.45574474975539697, 'penalty_k': 0.36860821963479123, 'scale_lr': 0.5240596707120002}. Best is trial 374 with value: 0.3602400896382239.
checkpoint_e24 window_influence: 0.52572641834441058, penalty_k: 0.43572444971155638, scale_lr: 0.58511164658421311, EAO: 0.298
Trial 1049 finished with value: 0.2976302880257484 and parameters: {'window_influence': 0.5257264183444106, 'penalty_k': 0.4357244497115564, 'scale_lr': 0.5851116465842131}. Best is trial 374 with value: 0.3602400896382239.
checkpoint_e24 window_influence: 0.47895730575516554, penalty_k: 0.33045749436170213, scale_lr: 0.26404801356744523, EAO: 0.308
Trial 1050 finished with value: 0.3080142777021757 and parameters: {'window_influence': 0.47895730575516554, 'penalty_k': 0.33045749436170213, 'scale_lr': 0.26404801356744523}. Best is trial 374 with value: 0.3602400896382239.
checkpoint_e24 window_influence: 0.50548844409121285, penalty_k: 0.46723269983600618, scale_lr: 0.48166467941858010, EAO: 0.284
Trial 1051 finished with value: 0.28388271095223927 and parameters: {'window_influence': 0.5054884440912129, 'penalty_k': 0.4672326998360062, 'scale_lr': 0.4816646794185801}. Best is trial 374 with value: 0.3602400896382239.
checkpoint_e24 window_influence: 0.42900613913061086, penalty_k: 0.59799129199086698, scale_lr: 0.54947588871226416, EAO: 0.292
Trial 1052 finished with value: 0.2917250012145432 and parameters: {'window_influence': 0.42900613913061086, 'penalty_k': 0.597991291990867, 'scale_lr': 0.5494758887122642}. Best is trial 374 with value: 0.3602400896382239.
checkpoint_e24 window_influence: 0.35585062386397620, penalty_k: 0.01395471977025237, scale_lr: 0.64551669931330824, EAO: 0.318
Trial 1053 finished with value: 0.31787298295052596 and parameters: {'window_influence': 0.3558506238639762, 'penalty_k': 0.013954719770252373, 'scale_lr': 0.6455166993133082}. Best is trial 374 with value: 0.3602400896382239.
checkpoint_e24 window_influence: 0.46371289911018515, penalty_k: 0.53179889273829584, scale_lr: 0.50830674546406218, EAO: 0.310
Trial 1054 finished with value: 0.3096641723052073 and parameters: {'window_influence': 0.46371289911018515, 'penalty_k': 0.5317988927382958, 'scale_lr': 0.5083067454640622}. Best is trial 374 with value: 0.3602400896382239.
checkpoint_e24 window_influence: 0.49191523139317322, penalty_k: 0.39402276813565090, scale_lr: 0.60271382106436922, EAO: 0.292
Trial 1055 finished with value: 0.29156247332170315 and parameters: {'window_influence': 0.4919152313931732, 'penalty_k': 0.3940227681356509, 'scale_lr': 0.6027138210643692}. Best is trial 374 with value: 0.3602400896382239.
checkpoint_e24 window_influence: 0.47738255688534675, penalty_k: 0.19986642425817569, scale_lr: 0.56478202961978674, EAO: 0.329
Trial 1056 finished with value: 0.32943690727656916 and parameters: {'window_influence': 0.47738255688534675, 'penalty_k': 0.1998664242581757, 'scale_lr': 0.5647820296197867}. Best is trial 374 with value: 0.3602400896382239.
checkpoint_e24 window_influence: 0.45011829733593484, penalty_k: 0.42055292153947693, scale_lr: 0.61851882166913397, EAO: 0.333
Trial 1057 finished with value: 0.33322907236299626 and parameters: {'window_influence': 0.45011829733593484, 'penalty_k': 0.42055292153947693, 'scale_lr': 0.618518821669134}. Best is trial 374 with value: 0.3602400896382239.
checkpoint_e24 window_influence: 0.13966860544725893, penalty_k: 0.45822430350114618, scale_lr: 0.28751971595609938, EAO: 0.276
Trial 1058 finished with value: 0.2763502740442521 and parameters: {'window_influence': 0.13966860544725893, 'penalty_k': 0.4582243035011462, 'scale_lr': 0.2875197159560994}. Best is trial 374 with value: 0.3602400896382239.
checkpoint_e24 window_influence: 0.46668123740966166, penalty_k: 0.10820922109576703, scale_lr: 0.72780382747497008, EAO: 0.303
Trial 1059 finished with value: 0.3032919206160052 and parameters: {'window_influence': 0.46668123740966166, 'penalty_k': 0.10820922109576703, 'scale_lr': 0.7278038274749701}. Best is trial 374 with value: 0.3602400896382239.
checkpoint_e24 window_influence: 0.32176411502391622, penalty_k: 0.22070715354000123, scale_lr: 0.20353426766385155, EAO: 0.301
Trial 1060 finished with value: 0.3012885580614847 and parameters: {'window_influence': 0.3217641150239162, 'penalty_k': 0.22070715354000123, 'scale_lr': 0.20353426766385155}. Best is trial 374 with value: 0.3602400896382239.
checkpoint_e24 window_influence: 0.41732553973268022, penalty_k: 0.08528268988688223, scale_lr: 0.77189354740185934, EAO: 0.320
Trial 1061 finished with value: 0.31951073635413024 and parameters: {'window_influence': 0.4173255397326802, 'penalty_k': 0.08528268988688223, 'scale_lr': 0.7718935474018593}. Best is trial 374 with value: 0.3602400896382239.
checkpoint_e24 window_influence: 0.43944511245928192, penalty_k: 0.31060714965190311, scale_lr: 0.49580883043062823, EAO: 0.311
Trial 1062 finished with value: 0.31058835716562977 and parameters: {'window_influence': 0.4394451124592819, 'penalty_k': 0.3106071496519031, 'scale_lr': 0.49580883043062823}. Best is trial 374 with value: 0.3602400896382239.
checkpoint_e24 window_influence: 0.48637339791907663, penalty_k: 0.25256144059583424, scale_lr: 0.53469928039022019, EAO: 0.337
Trial 1063 finished with value: 0.33691282274658113 and parameters: {'window_influence': 0.48637339791907663, 'penalty_k': 0.25256144059583424, 'scale_lr': 0.5346992803902202}. Best is trial 374 with value: 0.3602400896382239.
checkpoint_e24 window_influence: 0.51042419805676675, penalty_k: 0.34711734443821995, scale_lr: 0.52036046189581919, EAO: 0.294
Trial 1064 finished with value: 0.29416796257755634 and parameters: {'window_influence': 0.5104241980567668, 'penalty_k': 0.34711734443821995, 'scale_lr': 0.5203604618958192}. Best is trial 374 with value: 0.3602400896382239.
checkpoint_e24 window_influence: 0.38130224600838403, penalty_k: 0.16207862719893024, scale_lr: 0.44906323080280774, EAO: 0.310
Trial 1065 finished with value: 0.309983685438735 and parameters: {'window_influence': 0.381302246008384, 'penalty_k': 0.16207862719893024, 'scale_lr': 0.44906323080280774}. Best is trial 374 with value: 0.3602400896382239.
checkpoint_e24 window_influence: 0.45224289532527095, penalty_k: 0.11910570123242499, scale_lr: 0.41361988057215182, EAO: 0.341
Trial 1066 finished with value: 0.34114864514959464 and parameters: {'window_influence': 0.45224289532527095, 'penalty_k': 0.11910570123242499, 'scale_lr': 0.4136198805721518}. Best is trial 374 with value: 0.3602400896382239.
checkpoint_e24 window_influence: 0.61578814039126939, penalty_k: 0.27380552087272741, scale_lr: 0.46593864773284133, EAO: 0.249
Trial 1067 finished with value: 0.24932042668765622 and parameters: {'window_influence': 0.6157881403912694, 'penalty_k': 0.2738055208727274, 'scale_lr': 0.4659386477328413}. Best is trial 374 with value: 0.3602400896382239.
checkpoint_e24 window_influence: 0.49790892624820132, penalty_k: 0.55110798970354480, scale_lr: 0.70274664460472058, EAO: 0.284
Trial 1068 finished with value: 0.2842724987736936 and parameters: {'window_influence': 0.4979089262482013, 'penalty_k': 0.5511079897035448, 'scale_lr': 0.7027466446047206}. Best is trial 374 with value: 0.3602400896382239.
checkpoint_e24 window_influence: 0.55476377858050197, penalty_k: 0.51337005505410360, scale_lr: 0.57372547284950592, EAO: 0.287
Trial 1069 finished with value: 0.2869796719300608 and parameters: {'window_influence': 0.554763778580502, 'penalty_k': 0.5133700550541036, 'scale_lr': 0.5737254728495059}. Best is trial 374 with value: 0.3602400896382239.
checkpoint_e24 window_influence: 0.47143107419870589, penalty_k: 0.40470723094479077, scale_lr: 0.50581073333327209, EAO: 0.329
Trial 1070 finished with value: 0.3291376023209049 and parameters: {'window_influence': 0.4714310741987059, 'penalty_k': 0.4047072309447908, 'scale_lr': 0.5058107333332721}. Best is trial 374 with value: 0.3602400896382239.
checkpoint_e24 window_influence: 0.45729626005999463, penalty_k: 0.48576745142798972, scale_lr: 0.68666253338948524, EAO: 0.325
Trial 1071 finished with value: 0.325405472389455 and parameters: {'window_influence': 0.45729626005999463, 'penalty_k': 0.4857674514279897, 'scale_lr': 0.6866625333894852}. Best is trial 374 with value: 0.3602400896382239.
checkpoint_e24 window_influence: 0.43382947733349780, penalty_k: 0.17181042573324362, scale_lr: 0.54720753900240049, EAO: 0.328
