Trial 1054 finished with value: 0.34157701584615596 and parameters: {'window_influence': 0.48673481972517657, 'penalty_k': 0.1364147032658474, 'scale_lr': 0.6489557097417209}. Best is trial 62 with value: 0.3726749919963718.
checkpoint_e29 window_influence: 0.45027866100621800, penalty_k: 0.44998529339316062, scale_lr: 0.35525945401294728, EAO: 0.337
Trial 1055 finished with value: 0.33662013819709363 and parameters: {'window_influence': 0.450278661006218, 'penalty_k': 0.4499852933931606, 'scale_lr': 0.3552594540129473}. Best is trial 62 with value: 0.3726749919963718.
checkpoint_e29 window_influence: 0.50293911710202277, penalty_k: 0.02297079392015120, scale_lr: 0.56066367951659135, EAO: 0.354
Trial 1056 finished with value: 0.35389606996732925 and parameters: {'window_influence': 0.5029391171020228, 'penalty_k': 0.0229707939201512, 'scale_lr': 0.5606636795165914}. Best is trial 62 with value: 0.3726749919963718.
checkpoint_e29 window_influence: 0.47590785757868309, penalty_k: 0.47447408880944109, scale_lr: 0.21020654427485333, EAO: 0.318
Trial 1057 finished with value: 0.31774389494485894 and parameters: {'window_influence': 0.4759078575786831, 'penalty_k': 0.4744740888094411, 'scale_lr': 0.21020654427485333}. Best is trial 62 with value: 0.3726749919963718.
checkpoint_e29 window_influence: 0.49540542499489915, penalty_k: 0.08511208962033866, scale_lr: 0.24031650986970698, EAO: 0.338
Trial 1058 finished with value: 0.338102371312301 and parameters: {'window_influence': 0.49540542499489915, 'penalty_k': 0.08511208962033866, 'scale_lr': 0.24031650986970698}. Best is trial 62 with value: 0.3726749919963718.
checkpoint_e29 window_influence: 0.61091991608804064, penalty_k: 0.04491450302314594, scale_lr: 0.52413370472355580, EAO: 0.254
Trial 1059 finished with value: 0.2535711917084015 and parameters: {'window_influence': 0.6109199160880406, 'penalty_k': 0.044914503023145945, 'scale_lr': 0.5241337047235558}. Best is trial 62 with value: 0.3726749919963718.
checkpoint_e29 window_influence: 0.46531270574381389, penalty_k: 0.07190135461866241, scale_lr: 0.44900291768897249, EAO: 0.326
Trial 1060 finished with value: 0.32630400092917194 and parameters: {'window_influence': 0.4653127057438139, 'penalty_k': 0.07190135461866241, 'scale_lr': 0.4490029176889725}. Best is trial 62 with value: 0.3726749919963718.
checkpoint_e29 window_influence: 0.51964634953923317, penalty_k: 0.10900123461255957, scale_lr: 0.48843189498147077, EAO: 0.337
Trial 1061 finished with value: 0.33659346917723865 and parameters: {'window_influence': 0.5196463495392332, 'penalty_k': 0.10900123461255957, 'scale_lr': 0.48843189498147077}. Best is trial 62 with value: 0.3726749919963718.
checkpoint_e29 window_influence: 0.48627005404636220, penalty_k: 0.26981815794967989, scale_lr: 0.67830828729085957, EAO: 0.328
Trial 1062 finished with value: 0.3277352484747594 and parameters: {'window_influence': 0.4862700540463622, 'penalty_k': 0.2698181579496799, 'scale_lr': 0.6783082872908596}. Best is trial 62 with value: 0.3726749919963718.
checkpoint_e29 window_influence: 0.50989405283114086, penalty_k: 0.22772593504182700, scale_lr: 0.15046852037468639, EAO: 0.326
Trial 1063 finished with value: 0.32593101054314044 and parameters: {'window_influence': 0.5098940528311409, 'penalty_k': 0.227725935041827, 'scale_lr': 0.1504685203746864}. Best is trial 62 with value: 0.3726749919963718.
checkpoint_e29 window_influence: 0.07701065720741401, penalty_k: 0.33507284955798183, scale_lr: 0.58731467013820471, EAO: 0.266
Trial 1064 finished with value: 0.2656529687837868 and parameters: {'window_influence': 0.07701065720741401, 'penalty_k': 0.33507284955798183, 'scale_lr': 0.5873146701382047}. Best is trial 62 with value: 0.3726749919963718.
checkpoint_e29 window_influence: 0.29905118088423821, penalty_k: 0.30372474099728020, scale_lr: 0.54143824362925819, EAO: 0.303
Trial 1065 finished with value: 0.30278976076076003 and parameters: {'window_influence': 0.2990511808842382, 'penalty_k': 0.3037247409972802, 'scale_lr': 0.5414382436292582}. Best is trial 62 with value: 0.3726749919963718.
checkpoint_e29 window_influence: 0.56506514987604972, penalty_k: 0.13210856206361005, scale_lr: 0.43417850987325507, EAO: 0.289
Trial 1066 finished with value: 0.2891784517913477 and parameters: {'window_influence': 0.5650651498760497, 'penalty_k': 0.13210856206361005, 'scale_lr': 0.43417850987325507}. Best is trial 62 with value: 0.3726749919963718.
checkpoint_e29 window_influence: 0.53731971232792686, penalty_k: 0.45844327261829115, scale_lr: 0.60710113578893954, EAO: 0.294
Trial 1067 finished with value: 0.2942358639221711 and parameters: {'window_influence': 0.5373197123279269, 'penalty_k': 0.45844327261829115, 'scale_lr': 0.6071011357889395}. Best is trial 62 with value: 0.3726749919963718.
checkpoint_e29 window_influence: 0.49996081848408802, penalty_k: 0.05546326640401607, scale_lr: 0.25567183529785437, EAO: 0.326
Trial 1068 finished with value: 0.3263716424601551 and parameters: {'window_influence': 0.499960818484088, 'penalty_k': 0.05546326640401607, 'scale_lr': 0.25567183529785437}. Best is trial 62 with value: 0.3726749919963718.
checkpoint_e29 window_influence: 0.10395575527904172, penalty_k: 0.25096370359510195, scale_lr: 0.22484268717465017, EAO: 0.262
Trial 1069 finished with value: 0.2618707938532885 and parameters: {'window_influence': 0.10395575527904172, 'penalty_k': 0.25096370359510195, 'scale_lr': 0.22484268717465017}. Best is trial 62 with value: 0.3726749919963718.
checkpoint_e29 window_influence: 0.39054082858973971, penalty_k: 0.16215859812092268, scale_lr: 0.46891527949477968, EAO: 0.324
Trial 1070 finished with value: 0.32430184745603036 and parameters: {'window_influence': 0.3905408285897397, 'penalty_k': 0.16215859812092268, 'scale_lr': 0.4689152794947797}. Best is trial 62 with value: 0.3726749919963718.
checkpoint_e29 window_influence: 0.44466839864905827, penalty_k: 0.08458888029232585, scale_lr: 0.51391570806325448, EAO: 0.327
Trial 1071 finished with value: 0.3271497968105954 and parameters: {'window_influence': 0.44466839864905827, 'penalty_k': 0.08458888029232585, 'scale_lr': 0.5139157080632545}. Best is trial 62 with value: 0.3726749919963718.
checkpoint_e29 window_influence: 0.47884947132084021, penalty_k: 0.42578148921693931, scale_lr: 0.13918364214821449, EAO: 0.320
Trial 1072 finished with value: 0.31959814923282726 and parameters: {'window_influence': 0.4788494713208402, 'penalty_k': 0.4257814892169393, 'scale_lr': 0.1391836421482145}. Best is trial 62 with value: 0.3726749919963718.
checkpoint_e29 window_influence: 0.46147692408568641, penalty_k: 0.06811847962677650, scale_lr: 0.20070555254345288, EAO: 0.330
Trial 1073 finished with value: 0.33039609438482426 and parameters: {'window_influence': 0.4614769240856864, 'penalty_k': 0.0681184796267765, 'scale_lr': 0.20070555254345288}. Best is trial 62 with value: 0.3726749919963718.
checkpoint_e29 window_influence: 0.52724875723365783, penalty_k: 0.10492953862493277, scale_lr: 0.38827465673989175, EAO: 0.307
Trial 1074 finished with value: 0.3071594328731878 and parameters: {'window_influence': 0.5272487572336578, 'penalty_k': 0.10492953862493277, 'scale_lr': 0.38827465673989175}. Best is trial 62 with value: 0.3726749919963718.
checkpoint_e29 window_influence: 0.16176222529591200, penalty_k: 0.03919778047874016, scale_lr: 0.45711976255985559, EAO: 0.291
Trial 1075 finished with value: 0.29074649159082644 and parameters: {'window_influence': 0.161762225295912, 'penalty_k': 0.03919778047874016, 'scale_lr': 0.4571197625598556}. Best is trial 62 with value: 0.3726749919963718.
checkpoint_e29 window_influence: 0.21642894806798721, penalty_k: 0.34868344920781463, scale_lr: 0.17248708802173857, EAO: 0.285
Trial 1076 finished with value: 0.2849633410746949 and parameters: {'window_influence': 0.2164289480679872, 'penalty_k': 0.34868344920781463, 'scale_lr': 0.17248708802173857}. Best is trial 62 with value: 0.3726749919963718.
checkpoint_e29 window_influence: 0.49239600762637054, penalty_k: 0.11777443598797097, scale_lr: 0.10043722081829248, EAO: 0.334
Trial 1077 finished with value: 0.3344775706761542 and parameters: {'window_influence': 0.49239600762637054, 'penalty_k': 0.11777443598797097, 'scale_lr': 0.10043722081829248}. Best is trial 62 with value: 0.3726749919963718.
checkpoint_e29 window_influence: 0.34413515131582650, penalty_k: 0.07805006587582489, scale_lr: 0.63502095090421418, EAO: 0.307
Trial 1078 finished with value: 0.3068117539938322 and parameters: {'window_influence': 0.3441351513158265, 'penalty_k': 0.07805006587582489, 'scale_lr': 0.6350209509042142}. Best is trial 62 with value: 0.3726749919963718.
checkpoint_e29 window_influence: 0.51187816094836058, penalty_k: 0.50725555024542912, scale_lr: 0.41812016479749553, EAO: 0.296
Trial 1079 finished with value: 0.2960900405733502 and parameters: {'window_influence': 0.5118781609483606, 'penalty_k': 0.5072555502454291, 'scale_lr': 0.41812016479749553}. Best is trial 62 with value: 0.3726749919963718.
checkpoint_e29 window_influence: 0.50345231952769931, penalty_k: 0.01167016218321565, scale_lr: 0.70512896878245013, EAO: 0.352
Trial 1080 finished with value: 0.3523422211756502 and parameters: {'window_influence': 0.5034523195276993, 'penalty_k': 0.011670162183215647, 'scale_lr': 0.7051289687824501}. Best is trial 62 with value: 0.3726749919963718.
checkpoint_e29 window_influence: 0.54958621528223728, penalty_k: 0.09313771332843376, scale_lr: 0.56457610123270985, EAO: 0.300
Trial 1081 finished with value: 0.30008744242590224 and parameters: {'window_influence': 0.5495862152822373, 'penalty_k': 0.09313771332843376, 'scale_lr': 0.5645761012327098}. Best is trial 62 with value: 0.3726749919963718.
checkpoint_e29 window_influence: 0.48107163778304152, penalty_k: 0.55300823437131474, scale_lr: 0.23693715355128067, EAO: 0.311
Trial 1082 finished with value: 0.3108195969218874 and parameters: {'window_influence': 0.4810716377830415, 'penalty_k': 0.5530082343713147, 'scale_lr': 0.23693715355128067}. Best is trial 62 with value: 0.3726749919963718.
checkpoint_e29 window_influence: 0.31385573915838882, penalty_k: 0.05638259262868407, scale_lr: 0.68349955720127176, EAO: 0.316
Trial 1083 finished with value: 0.31647743093364433 and parameters: {'window_influence': 0.3138557391583888, 'penalty_k': 0.05638259262868407, 'scale_lr': 0.6834995572012718}. Best is trial 62 with value: 0.3726749919963718.
checkpoint_e29 window_influence: 0.46903572216183070, penalty_k: 0.06565229425761959, scale_lr: 0.31400656762010537, EAO: 0.329
Trial 1084 finished with value: 0.3291001552969565 and parameters: {'window_influence': 0.4690357221618307, 'penalty_k': 0.06565229425761959, 'scale_lr': 0.31400656762010537}. Best is trial 62 with value: 0.3726749919963718.
checkpoint_e29 window_influence: 0.45213225727089051, penalty_k: 0.53234800867312881, scale_lr: 0.21717262628114792, EAO: 0.315
Trial 1085 finished with value: 0.31511402918670894 and parameters: {'window_influence': 0.4521322572708905, 'penalty_k': 0.5323480086731288, 'scale_lr': 0.21717262628114792}. Best is trial 62 with value: 0.3726749919963718.
checkpoint_e29 window_influence: 0.57831579197538963, penalty_k: 0.02519143427760983, scale_lr: 0.32723113343672977, EAO: 0.308
Trial 1086 finished with value: 0.3075488369752461 and parameters: {'window_influence': 0.5783157919753896, 'penalty_k': 0.025191434277609826, 'scale_lr': 0.32723113343672977}. Best is trial 62 with value: 0.3726749919963718.
checkpoint_e29 window_influence: 0.51836543441180760, penalty_k: 0.18590207882971488, scale_lr: 0.18818579693939799, EAO: 0.322
Trial 1087 finished with value: 0.32197050350185497 and parameters: {'window_influence': 0.5183654344118076, 'penalty_k': 0.18590207882971488, 'scale_lr': 0.188185796939398}. Best is trial 62 with value: 0.3726749919963718.
checkpoint_e29 window_influence: 0.49128616583578688, penalty_k: 0.04660491138853240, scale_lr: 0.48866676894111560, EAO: 0.336
Trial 1088 finished with value: 0.33554437373862656 and parameters: {'window_influence': 0.4912861658357869, 'penalty_k': 0.0466049113885324, 'scale_lr': 0.4886667689411156}. Best is trial 62 with value: 0.3726749919963718.
checkpoint_e29 window_influence: 0.23528040014201151, penalty_k: 0.07998952566529430, scale_lr: 0.53782040611203208, EAO: 0.309
Trial 1089 finished with value: 0.308542391843369 and parameters: {'window_influence': 0.23528040014201151, 'penalty_k': 0.0799895256652943, 'scale_lr': 0.5378204061120321}. Best is trial 62 with value: 0.3726749919963718.
checkpoint_e29 window_influence: 0.50412483820059084, penalty_k: 0.14667012037415667, scale_lr: 0.12609999074362266, EAO: 0.340
Trial 1090 finished with value: 0.3401099846984626 and parameters: {'window_influence': 0.5041248382005908, 'penalty_k': 0.14667012037415667, 'scale_lr': 0.12609999074362266}. Best is trial 62 with value: 0.3726749919963718.
checkpoint_e29 window_influence: 0.48216326679738258, penalty_k: 0.40243728264272227, scale_lr: 0.50348362269317004, EAO: 0.315
Trial 1091 finished with value: 0.3150749256406777 and parameters: {'window_influence': 0.4821632667973826, 'penalty_k': 0.40243728264272227, 'scale_lr': 0.50348362269317}. Best is trial 62 with value: 0.3726749919963718.
checkpoint_e29 window_influence: 0.07241313262518767, penalty_k: 0.52307396182786670, scale_lr: 0.25347359554326704, EAO: 0.232
Trial 1092 finished with value: 0.2319272601766809 and parameters: {'window_influence': 0.07241313262518767, 'penalty_k': 0.5230739618278667, 'scale_lr': 0.25347359554326704}. Best is trial 62 with value: 0.3726749919963718.
checkpoint_e29 window_influence: 0.32246219987704122, penalty_k: 0.49212344866264723, scale_lr: 0.61823637838259582, EAO: 0.299
Trial 1093 finished with value: 0.29855005089411013 and parameters: {'window_influence': 0.3224621998770412, 'penalty_k': 0.49212344866264723, 'scale_lr': 0.6182363783825958}. Best is trial 62 with value: 0.3726749919963718.
checkpoint_e29 window_influence: 0.46758824872260696, penalty_k: 0.09756372349505314, scale_lr: 0.69298265111040924, EAO: 0.344
Trial 1094 finished with value: 0.3437362060472659 and parameters: {'window_influence': 0.46758824872260696, 'penalty_k': 0.09756372349505314, 'scale_lr': 0.6929826511104092}. Best is trial 62 with value: 0.3726749919963718.
checkpoint_e29 window_influence: 0.43608633313869588, penalty_k: 0.35702891976230239, scale_lr: 0.59682932185273163, EAO: 0.337
Trial 1095 finished with value: 0.33708622715352576 and parameters: {'window_influence': 0.4360863331386959, 'penalty_k': 0.3570289197623024, 'scale_lr': 0.5968293218527316}. Best is trial 62 with value: 0.3726749919963718.
checkpoint_e29 window_influence: 0.52737009418973824, penalty_k: 0.52050462158283939, scale_lr: 0.40560195297968804, EAO: 0.311
Trial 1096 finished with value: 0.3109742696994937 and parameters: {'window_influence': 0.5273700941897382, 'penalty_k': 0.5205046215828394, 'scale_lr': 0.40560195297968804}. Best is trial 62 with value: 0.3726749919963718.
checkpoint_e29 window_influence: 0.49557624402029415, penalty_k: 0.00053128056693114, scale_lr: 0.44782179327077887, EAO: 0.339
Trial 1097 finished with value: 0.33874077892025156 and parameters: {'window_influence': 0.49557624402029415, 'penalty_k': 0.000531280566931137, 'scale_lr': 0.44782179327077887}. Best is trial 62 with value: 0.3726749919963718.
checkpoint_e29 window_influence: 0.51126075384402303, penalty_k: 0.40978517440066786, scale_lr: 0.27453869842857126, EAO: 0.310
Trial 1098 finished with value: 0.3098382964904206 and parameters: {'window_influence': 0.511260753844023, 'penalty_k': 0.40978517440066786, 'scale_lr': 0.27453869842857126}. Best is trial 62 with value: 0.3726749919963718.
checkpoint_e29 window_influence: 0.54048969210574993, penalty_k: 0.37091180184772982, scale_lr: 0.52444687899794917, EAO: 0.301
Trial 1099 finished with value: 0.3008733693263874 and parameters: {'window_influence': 0.5404896921057499, 'penalty_k': 0.3709118018477298, 'scale_lr': 0.5244468789979492}. Best is trial 62 with value: 0.3726749919963718.
checkpoint_e29 window_influence: 0.45819339398562170, penalty_k: 0.12961997137640863, scale_lr: 0.42808801338084868, EAO: 0.332
Trial 1100 finished with value: 0.33217805774759224 and parameters: {'window_influence': 0.4581933939856217, 'penalty_k': 0.12961997137640863, 'scale_lr': 0.4280880133808487}. Best is trial 62 with value: 0.3726749919963718.
checkpoint_e29 window_influence: 0.48889494399432898, penalty_k: 0.31830346127822168, scale_lr: 0.78266361022526731, EAO: 0.324
Trial 1101 finished with value: 0.32382835697107276 and parameters: {'window_influence': 0.488894943994329, 'penalty_k': 0.3183034612782217, 'scale_lr': 0.7826636102252673}. Best is trial 62 with value: 0.3726749919963718.
checkpoint_e29 window_influence: 0.47542414229681978, penalty_k: 0.03448132582045034, scale_lr: 0.47212170066502063, EAO: 0.343
Trial 1102 finished with value: 0.3425379685390784 and parameters: {'window_influence': 0.4754241422968198, 'penalty_k': 0.03448132582045034, 'scale_lr': 0.4721217006650206}. Best is trial 62 with value: 0.3726749919963718.
checkpoint_e29 window_influence: 0.24957581010133717, penalty_k: 0.06406025685057809, scale_lr: 0.14662541173259053, EAO: 0.291
Trial 1103 finished with value: 0.2909103801278289 and parameters: {'window_influence': 0.24957581010133717, 'penalty_k': 0.06406025685057809, 'scale_lr': 0.14662541173259053}. Best is trial 62 with value: 0.3726749919963718.
checkpoint_e29 window_influence: 0.19767501383514816, penalty_k: 0.43367675591578037, scale_lr: 0.75066416201071151, EAO: 0.297
Trial 1104 finished with value: 0.29701976924554846 and parameters: {'window_influence': 0.19767501383514816, 'penalty_k': 0.43367675591578037, 'scale_lr': 0.7506641620107115}. Best is trial 62 with value: 0.3726749919963718.
checkpoint_e29 window_influence: 0.05394494454439058, penalty_k: 0.17264147028354071, scale_lr: 0.72054486598914713, EAO: 0.252
Trial 1105 finished with value: 0.251638372700502 and parameters: {'window_influence': 0.05394494454439058, 'penalty_k': 0.1726414702835407, 'scale_lr': 0.7205448659891471}. Best is trial 62 with value: 0.3726749919963718.
checkpoint_e29 window_influence: 0.13518793697715961, penalty_k: 0.11685692321624393, scale_lr: 0.57598426246890921, EAO: 0.265
Trial 1106 finished with value: 0.26469462298233687 and parameters: {'window_influence': 0.1351879369771596, 'penalty_k': 0.11685692321624393, 'scale_lr': 0.5759842624689092}. Best is trial 62 with value: 0.3726749919963718.
checkpoint_e29 window_influence: 0.61904769313280772, penalty_k: 0.08427096296610818, scale_lr: 0.55354986404325368, EAO: 0.254
Trial 1107 finished with value: 0.25416225803733333 and parameters: {'window_influence': 0.6190476931328077, 'penalty_k': 0.08427096296610818, 'scale_lr': 0.5535498640432537}. Best is trial 62 with value: 0.3726749919963718.
checkpoint_e29 window_influence: 0.50382328641451180, penalty_k: 0.19828060517493257, scale_lr: 0.66715489936670169, EAO: 0.304
Trial 1108 finished with value: 0.304437961501834 and parameters: {'window_influence': 0.5038232864145118, 'penalty_k': 0.19828060517493257, 'scale_lr': 0.6671548993667017}. Best is trial 62 with value: 0.3726749919963718.
checkpoint_e29 window_influence: 0.51795542122537808, penalty_k: 0.10293042537545317, scale_lr: 0.17024901547802229, EAO: 0.331
Trial 1109 finished with value: 0.330537265028935 and parameters: {'window_influence': 0.5179554212253781, 'penalty_k': 0.10293042537545317, 'scale_lr': 0.1702490154780223}. Best is trial 62 with value: 0.3726749919963718.
checkpoint_e29 window_influence: 0.44552790911320717, penalty_k: 0.52710705412308023, scale_lr: 0.37260367711458697, EAO: 0.324
Trial 1110 finished with value: 0.3243688890558272 and parameters: {'window_influence': 0.44552790911320717, 'penalty_k': 0.5271070541230802, 'scale_lr': 0.372603677114587}. Best is trial 62 with value: 0.3726749919963718.
checkpoint_e29 window_influence: 0.49406771683457923, penalty_k: 0.26337665048819880, scale_lr: 0.64610819446405210, EAO: 0.321
Trial 1111 finished with value: 0.32088486815472983 and parameters: {'window_influence': 0.49406771683457923, 'penalty_k': 0.2633766504881988, 'scale_lr': 0.6461081944640521}. Best is trial 62 with value: 0.3726749919963718.
checkpoint_e29 window_influence: 0.53070558438432536, penalty_k: 0.07520384439162435, scale_lr: 0.20859110755796784, EAO: 0.317
Trial 1112 finished with value: 0.31650019289222675 and parameters: {'window_influence': 0.5307055843843254, 'penalty_k': 0.07520384439162435, 'scale_lr': 0.20859110755796784}. Best is trial 62 with value: 0.3726749919963718.
checkpoint_e29 window_influence: 0.25812424842716725, penalty_k: 0.05109109478378520, scale_lr: 0.11204441428256301, EAO: 0.301
Trial 1113 finished with value: 0.3014545139171734 and parameters: {'window_influence': 0.25812424842716725, 'penalty_k': 0.0510910947837852, 'scale_lr': 0.11204441428256301}. Best is trial 62 with value: 0.3726749919963718.
checkpoint_e29 window_influence: 0.46791006672513402, penalty_k: 0.08905143190404241, scale_lr: 0.43985642016531784, EAO: 0.338
Trial 1114 finished with value: 0.3383234465632457 and parameters: {'window_influence': 0.467910066725134, 'penalty_k': 0.08905143190404241, 'scale_lr': 0.43985642016531784}. Best is trial 62 with value: 0.3726749919963718.
checkpoint_e29 window_influence: 0.48473539281752143, penalty_k: 0.16260387544154800, scale_lr: 0.34500232833436706, EAO: 0.322
Trial 1115 finished with value: 0.32194377945786784 and parameters: {'window_influence': 0.4847353928175214, 'penalty_k': 0.162603875441548, 'scale_lr': 0.34500232833436706}. Best is trial 62 with value: 0.3726749919963718.
checkpoint_e29 window_influence: 0.18091827649226655, penalty_k: 0.02231644755261384, scale_lr: 0.23787725728904049, EAO: 0.289
