Trial 988 finished with value: 0.27725534280218506 and parameters: {'window_influence': 0.25522824671615846, 'penalty_k': 0.04934285854728404, 'scale_lr': 0.45051737637949635}. Best is trial 620 with value: 0.36708399363528893.
checkpoint_e33 window_influence: 0.33802540743669029, penalty_k: 0.02204650612883789, scale_lr: 0.11419836257982818, EAO: 0.325
Trial 989 finished with value: 0.3246745578509824 and parameters: {'window_influence': 0.3380254074366903, 'penalty_k': 0.02204650612883789, 'scale_lr': 0.11419836257982818}. Best is trial 620 with value: 0.36708399363528893.
checkpoint_e33 window_influence: 0.50644926646982247, penalty_k: 0.37092641465529302, scale_lr: 0.17594092514033993, EAO: 0.311
Trial 990 finished with value: 0.31117062230054504 and parameters: {'window_influence': 0.5064492664698225, 'penalty_k': 0.370926414655293, 'scale_lr': 0.17594092514033993}. Best is trial 620 with value: 0.36708399363528893.
checkpoint_e33 window_influence: 0.49431394910582482, penalty_k: 0.59712930583600954, scale_lr: 0.42042759018491921, EAO: 0.293
Trial 991 finished with value: 0.29277089348331037 and parameters: {'window_influence': 0.4943139491058248, 'penalty_k': 0.5971293058360095, 'scale_lr': 0.4204275901849192}. Best is trial 620 with value: 0.36708399363528893.
checkpoint_e33 window_influence: 0.47361418638436337, penalty_k: 0.36999883321138505, scale_lr: 0.48545480903201210, EAO: 0.329
Trial 992 finished with value: 0.3290146357354487 and parameters: {'window_influence': 0.47361418638436337, 'penalty_k': 0.36999883321138505, 'scale_lr': 0.4854548090320121}. Best is trial 620 with value: 0.36708399363528893.
checkpoint_e33 window_influence: 0.51905544140179749, penalty_k: 0.08053786216231550, scale_lr: 0.40546872004436724, EAO: 0.324
Trial 993 finished with value: 0.32383882338434805 and parameters: {'window_influence': 0.5190554414017975, 'penalty_k': 0.0805378621623155, 'scale_lr': 0.40546872004436724}. Best is trial 620 with value: 0.36708399363528893.
checkpoint_e33 window_influence: 0.48966225009171088, penalty_k: 0.00063101068300309, scale_lr: 0.46063658741679325, EAO: 0.343
Trial 994 finished with value: 0.3433205881935149 and parameters: {'window_influence': 0.4896622500917109, 'penalty_k': 0.0006310106830030859, 'scale_lr': 0.46063658741679325}. Best is trial 620 with value: 0.36708399363528893.
checkpoint_e33 window_influence: 0.50339959357441544, penalty_k: 0.03458676790240082, scale_lr: 0.13903142764597892, EAO: 0.341
Trial 995 finished with value: 0.34139561258865236 and parameters: {'window_influence': 0.5033995935744154, 'penalty_k': 0.03458676790240082, 'scale_lr': 0.13903142764597892}. Best is trial 620 with value: 0.36708399363528893.
checkpoint_e33 window_influence: 0.47123989881446565, penalty_k: 0.27711632013534787, scale_lr: 0.64523465414235792, EAO: 0.330
Trial 996 finished with value: 0.3296410942355946 and parameters: {'window_influence': 0.47123989881446565, 'penalty_k': 0.27711632013534787, 'scale_lr': 0.6452346541423579}. Best is trial 620 with value: 0.36708399363528893.
checkpoint_e33 window_influence: 0.56960872458147849, penalty_k: 0.06511988280786127, scale_lr: 0.57275339621434407, EAO: 0.299
Trial 997 finished with value: 0.2987980161891373 and parameters: {'window_influence': 0.5696087245814785, 'penalty_k': 0.06511988280786127, 'scale_lr': 0.5727533962143441}. Best is trial 620 with value: 0.36708399363528893.
checkpoint_e33 window_influence: 0.53410761587633560, penalty_k: 0.20744814882853918, scale_lr: 0.47460312579495023, EAO: 0.308
Trial 998 finished with value: 0.3080667005090862 and parameters: {'window_influence': 0.5341076158763356, 'penalty_k': 0.20744814882853918, 'scale_lr': 0.47460312579495023}. Best is trial 620 with value: 0.36708399363528893.
checkpoint_e33 window_influence: 0.48613481570692868, penalty_k: 0.53101375050116040, scale_lr: 0.43230636108610065, EAO: 0.315
Trial 999 finished with value: 0.3145025203200166 and parameters: {'window_influence': 0.4861348157069287, 'penalty_k': 0.5310137505011604, 'scale_lr': 0.43230636108610065}. Best is trial 620 with value: 0.36708399363528893.
checkpoint_e33 window_influence: 0.47075911987435992, penalty_k: 0.25111590415500207, scale_lr: 0.49234678783286379, EAO: 0.325
Trial 1000 finished with value: 0.32524665581345097 and parameters: {'window_influence': 0.4707591198743599, 'penalty_k': 0.25111590415500207, 'scale_lr': 0.4923467878328638}. Best is trial 620 with value: 0.36708399363528893.
checkpoint_e33 window_influence: 0.50484670892867889, penalty_k: 0.56324046823030716, scale_lr: 0.63312355793755648, EAO: 0.291
Trial 1001 finished with value: 0.2908638854898831 and parameters: {'window_influence': 0.5048467089286789, 'penalty_k': 0.5632404682303072, 'scale_lr': 0.6331235579375565}. Best is trial 620 with value: 0.36708399363528893.
checkpoint_e33 window_influence: 0.49193198776661995, penalty_k: 0.45380067496580911, scale_lr: 0.51698687763719331, EAO: 0.313
Trial 1002 finished with value: 0.31325367939611354 and parameters: {'window_influence': 0.49193198776661995, 'penalty_k': 0.4538006749658091, 'scale_lr': 0.5169868776371933}. Best is trial 620 with value: 0.36708399363528893.
checkpoint_e33 window_influence: 0.12214470659869328, penalty_k: 0.32471097373389968, scale_lr: 0.53692559677551766, EAO: 0.265
Trial 1003 finished with value: 0.26543941948896255 and parameters: {'window_influence': 0.12214470659869328, 'penalty_k': 0.3247109737338997, 'scale_lr': 0.5369255967755177}. Best is trial 620 with value: 0.36708399363528893.
checkpoint_e33 window_influence: 0.58236714916994337, penalty_k: 0.55250357027479213, scale_lr: 0.40409058480670418, EAO: 0.245
Trial 1004 finished with value: 0.24538158355751855 and parameters: {'window_influence': 0.5823671491699434, 'penalty_k': 0.5525035702747921, 'scale_lr': 0.4040905848067042}. Best is trial 620 with value: 0.36708399363528893.
checkpoint_e33 window_influence: 0.47874500798672320, penalty_k: 0.04798543645496131, scale_lr: 0.12925771765914151, EAO: 0.332
Trial 1005 finished with value: 0.33199416222739314 and parameters: {'window_influence': 0.4787450079867232, 'penalty_k': 0.04798543645496131, 'scale_lr': 0.1292577176591415}. Best is trial 620 with value: 0.36708399363528893.
checkpoint_e33 window_influence: 0.51399666190544147, penalty_k: 0.02475822664177210, scale_lr: 0.44638156481160329, EAO: 0.334
Trial 1006 finished with value: 0.33430523921079675 and parameters: {'window_influence': 0.5139966619054415, 'penalty_k': 0.024758226641772095, 'scale_lr': 0.4463815648116033}. Best is trial 620 with value: 0.36708399363528893.
checkpoint_e33 window_influence: 0.58699908038152870, penalty_k: 0.07503751209198736, scale_lr: 0.65229929429002231, EAO: 0.252
Trial 1007 finished with value: 0.2521004752194371 and parameters: {'window_influence': 0.5869990803815287, 'penalty_k': 0.07503751209198736, 'scale_lr': 0.6522992942900223}. Best is trial 620 with value: 0.36708399363528893.
checkpoint_e33 window_influence: 0.49870025545081742, penalty_k: 0.50515892271512763, scale_lr: 0.20568078918369598, EAO: 0.283
Trial 1008 finished with value: 0.2825971336796126 and parameters: {'window_influence': 0.4987002554508174, 'penalty_k': 0.5051589227151276, 'scale_lr': 0.20568078918369598}. Best is trial 620 with value: 0.36708399363528893.
checkpoint_e33 window_influence: 0.46762585242708732, penalty_k: 0.04010782702744371, scale_lr: 0.78365600428029569, EAO: 0.347
Trial 1009 finished with value: 0.34691355687634956 and parameters: {'window_influence': 0.4676258524270873, 'penalty_k': 0.04010782702744371, 'scale_lr': 0.7836560042802957}. Best is trial 620 with value: 0.36708399363528893.
checkpoint_e33 window_influence: 0.54632809152916517, penalty_k: 0.54736321506190788, scale_lr: 0.60878649116325412, EAO: 0.259
Trial 1010 finished with value: 0.25937169500362084 and parameters: {'window_influence': 0.5463280915291652, 'penalty_k': 0.5473632150619079, 'scale_lr': 0.6087864911632541}. Best is trial 620 with value: 0.36708399363528893.
checkpoint_e33 window_influence: 0.55981901137744405, penalty_k: 0.05723320479797232, scale_lr: 0.59544196270554006, EAO: 0.292
Trial 1011 finished with value: 0.29150524381765597 and parameters: {'window_influence': 0.559819011377444, 'penalty_k': 0.05723320479797232, 'scale_lr': 0.5954419627055401}. Best is trial 620 with value: 0.36708399363528893.
checkpoint_e33 window_influence: 0.48321035494333703, penalty_k: 0.00002512062465901, scale_lr: 0.50146017336725590, EAO: 0.344
Trial 1012 finished with value: 0.34394683842529117 and parameters: {'window_influence': 0.48321035494333703, 'penalty_k': 2.512062465901202e-05, 'scale_lr': 0.5014601733672559}. Best is trial 620 with value: 0.36708399363528893.
checkpoint_e33 window_influence: 0.52274928583408964, penalty_k: 0.22990724489554820, scale_lr: 0.42552820069812131, EAO: 0.308
Trial 1013 finished with value: 0.30845169270780765 and parameters: {'window_influence': 0.5227492858340896, 'penalty_k': 0.2299072448955482, 'scale_lr': 0.4255282006981213}. Best is trial 620 with value: 0.36708399363528893.
checkpoint_e33 window_influence: 0.16021043657177675, penalty_k: 0.34011644587971990, scale_lr: 0.62412481075618109, EAO: 0.274
Trial 1014 finished with value: 0.2740309501088547 and parameters: {'window_influence': 0.16021043657177675, 'penalty_k': 0.3401164458797199, 'scale_lr': 0.6241248107561811}. Best is trial 620 with value: 0.36708399363528893.
checkpoint_e33 window_influence: 0.64242000857187753, penalty_k: 0.02819370663451137, scale_lr: 0.10758509232051627, EAO: 0.269
Trial 1015 finished with value: 0.26939904034601575 and parameters: {'window_influence': 0.6424200085718775, 'penalty_k': 0.028193706634511373, 'scale_lr': 0.10758509232051627}. Best is trial 620 with value: 0.36708399363528893.
checkpoint_e33 window_influence: 0.49453499023774711, penalty_k: 0.28692881559479788, scale_lr: 0.19169115985372243, EAO: 0.330
Trial 1016 finished with value: 0.33003007745232565 and parameters: {'window_influence': 0.4945349902377471, 'penalty_k': 0.2869288155947979, 'scale_lr': 0.19169115985372243}. Best is trial 620 with value: 0.36708399363528893.
checkpoint_e33 window_influence: 0.60096260327617146, penalty_k: 0.01739713499597576, scale_lr: 0.47299386777499997, EAO: 0.258
Trial 1017 finished with value: 0.2578895230585499 and parameters: {'window_influence': 0.6009626032761715, 'penalty_k': 0.017397134995975762, 'scale_lr': 0.47299386777499997}. Best is trial 620 with value: 0.36708399363528893.
checkpoint_e33 window_influence: 0.50376777276834428, penalty_k: 0.08303838841523037, scale_lr: 0.55752414738773581, EAO: 0.345
Trial 1018 finished with value: 0.3446370736634221 and parameters: {'window_influence': 0.5037677727683443, 'penalty_k': 0.08303838841523037, 'scale_lr': 0.5575241473877358}. Best is trial 620 with value: 0.36708399363528893.
checkpoint_e33 window_influence: 0.47781056058634680, penalty_k: 0.05040637964746873, scale_lr: 0.16441127411046769, EAO: 0.348
Trial 1019 finished with value: 0.3478689869786051 and parameters: {'window_influence': 0.4778105605863468, 'penalty_k': 0.05040637964746873, 'scale_lr': 0.1644112741104677}. Best is trial 620 with value: 0.36708399363528893.
checkpoint_e33 window_influence: 0.33563256909787176, penalty_k: 0.24760330570898997, scale_lr: 0.79512859713038830, EAO: 0.308
Trial 1020 finished with value: 0.30843844261846654 and parameters: {'window_influence': 0.33563256909787176, 'penalty_k': 0.24760330570898997, 'scale_lr': 0.7951285971303883}. Best is trial 620 with value: 0.36708399363528893.
checkpoint_e33 window_influence: 0.46343990460599943, penalty_k: 0.06643471224267639, scale_lr: 0.67548791523100749, EAO: 0.340
Trial 1021 finished with value: 0.3402718713775219 and parameters: {'window_influence': 0.46343990460599943, 'penalty_k': 0.06643471224267639, 'scale_lr': 0.6754879152310075}. Best is trial 620 with value: 0.36708399363528893.
checkpoint_e33 window_influence: 0.39320344965786419, penalty_k: 0.03503813525329116, scale_lr: 0.43487359822569660, EAO: 0.320
Trial 1022 finished with value: 0.32040983038421733 and parameters: {'window_influence': 0.3932034496578642, 'penalty_k': 0.035038135253291164, 'scale_lr': 0.4348735982256966}. Best is trial 620 with value: 0.36708399363528893.
checkpoint_e33 window_influence: 0.51296122449731052, penalty_k: 0.19420536639684341, scale_lr: 0.39073082279671451, EAO: 0.315
Trial 1023 finished with value: 0.31518597193497166 and parameters: {'window_influence': 0.5129612244973105, 'penalty_k': 0.1942053663968434, 'scale_lr': 0.3907308227967145}. Best is trial 620 with value: 0.36708399363528893.
checkpoint_e33 window_influence: 0.48914654960291337, penalty_k: 0.01405583841951179, scale_lr: 0.41971449949742240, EAO: 0.362
Trial 1024 finished with value: 0.36241570033915776 and parameters: {'window_influence': 0.48914654960291337, 'penalty_k': 0.014055838419511791, 'scale_lr': 0.4197144994974224}. Best is trial 620 with value: 0.36708399363528893.
checkpoint_e33 window_influence: 0.38470496461250114, penalty_k: 0.01086436885598359, scale_lr: 0.41512043276588811, EAO: 0.326
Trial 1025 finished with value: 0.3256075600241873 and parameters: {'window_influence': 0.38470496461250114, 'penalty_k': 0.010864368855983594, 'scale_lr': 0.4151204327658881}. Best is trial 620 with value: 0.36708399363528893.
checkpoint_e33 window_influence: 0.48579937266127998, penalty_k: 0.06822113577387091, scale_lr: 0.39904557531853946, EAO: 0.340
Trial 1026 finished with value: 0.3404668087161469 and parameters: {'window_influence': 0.48579937266128, 'penalty_k': 0.06822113577387091, 'scale_lr': 0.39904557531853946}. Best is trial 620 with value: 0.36708399363528893.
checkpoint_e33 window_influence: 0.46557782946630777, penalty_k: 0.04425638030960696, scale_lr: 0.68915054668001541, EAO: 0.366
Trial 1027 finished with value: 0.3663815406046025 and parameters: {'window_influence': 0.46557782946630777, 'penalty_k': 0.044256380309606956, 'scale_lr': 0.6891505466800154}. Best is trial 620 with value: 0.36708399363528893.
checkpoint_e33 window_influence: 0.45770795697541705, penalty_k: 0.05313349394803593, scale_lr: 0.65854416757401013, EAO: 0.334
Trial 1028 finished with value: 0.3338673727057787 and parameters: {'window_influence': 0.45770795697541705, 'penalty_k': 0.05313349394803593, 'scale_lr': 0.6585441675740101}. Best is trial 620 with value: 0.36708399363528893.
checkpoint_e33 window_influence: 0.46498703223586846, penalty_k: 0.05845366834667889, scale_lr: 0.69141118587126726, EAO: 0.348
Trial 1029 finished with value: 0.34842326089102005 and parameters: {'window_influence': 0.46498703223586846, 'penalty_k': 0.058453668346678894, 'scale_lr': 0.6914111858712673}. Best is trial 620 with value: 0.36708399363528893.
checkpoint_e33 window_influence: 0.46973637791053663, penalty_k: 0.08203931866011384, scale_lr: 0.67321253713056550, EAO: 0.347
Trial 1030 finished with value: 0.3469093685484118 and parameters: {'window_influence': 0.46973637791053663, 'penalty_k': 0.08203931866011384, 'scale_lr': 0.6732125371305655}. Best is trial 620 with value: 0.36708399363528893.
checkpoint_e33 window_influence: 0.11024719309515219, penalty_k: 0.37629306122795148, scale_lr: 0.70299026012389110, EAO: 0.267
Trial 1031 finished with value: 0.2667466149255923 and parameters: {'window_influence': 0.11024719309515219, 'penalty_k': 0.3762930612279515, 'scale_lr': 0.7029902601238911}. Best is trial 620 with value: 0.36708399363528893.
checkpoint_e33 window_influence: 0.47500676454686841, penalty_k: 0.44461024249033160, scale_lr: 0.73008694154138842, EAO: 0.308
Trial 1032 finished with value: 0.30761197255743156 and parameters: {'window_influence': 0.4750067645468684, 'penalty_k': 0.4446102424903316, 'scale_lr': 0.7300869415413884}. Best is trial 620 with value: 0.36708399363528893.
checkpoint_e33 window_influence: 0.61214822528655155, penalty_k: 0.04147360416201246, scale_lr: 0.10075232309794475, EAO: 0.287
Trial 1033 finished with value: 0.28667807103594917 and parameters: {'window_influence': 0.6121482252865516, 'penalty_k': 0.04147360416201246, 'scale_lr': 0.10075232309794475}. Best is trial 620 with value: 0.36708399363528893.
checkpoint_e33 window_influence: 0.45946602801383157, penalty_k: 0.07193651715211917, scale_lr: 0.41189249516269033, EAO: 0.330
Trial 1034 finished with value: 0.32953252970940405 and parameters: {'window_influence': 0.4594660280138316, 'penalty_k': 0.07193651715211917, 'scale_lr': 0.41189249516269033}. Best is trial 620 with value: 0.36708399363528893.
checkpoint_e33 window_influence: 0.44847593036293304, penalty_k: 0.04351633659914274, scale_lr: 0.15667139281126163, EAO: 0.341
Trial 1035 finished with value: 0.3406748371597394 and parameters: {'window_influence': 0.44847593036293304, 'penalty_k': 0.04351633659914274, 'scale_lr': 0.15667139281126163}. Best is trial 620 with value: 0.36708399363528893.
checkpoint_e33 window_influence: 0.47853467427922386, penalty_k: 0.09274347434747281, scale_lr: 0.75230577829555878, EAO: 0.331
Trial 1036 finished with value: 0.3309532416701781 and parameters: {'window_influence': 0.47853467427922386, 'penalty_k': 0.0927434743474728, 'scale_lr': 0.7523057782955588}. Best is trial 620 with value: 0.36708399363528893.
checkpoint_e33 window_influence: 0.46509642381754507, penalty_k: 0.44571938106971154, scale_lr: 0.26033793092427854, EAO: 0.304
Trial 1037 finished with value: 0.3044595622714855 and parameters: {'window_influence': 0.46509642381754507, 'penalty_k': 0.44571938106971154, 'scale_lr': 0.26033793092427854}. Best is trial 620 with value: 0.36708399363528893.
checkpoint_e33 window_influence: 0.62104439785661536, penalty_k: 0.05960904418101833, scale_lr: 0.67962325138769863, EAO: 0.249
Trial 1038 finished with value: 0.24895585429807582 and parameters: {'window_influence': 0.6210443978566154, 'penalty_k': 0.05960904418101833, 'scale_lr': 0.6796232513876986}. Best is trial 620 with value: 0.36708399363528893.
checkpoint_e33 window_influence: 0.48669053133557810, penalty_k: 0.02822248504499894, scale_lr: 0.69523961920860333, EAO: 0.341
Trial 1039 finished with value: 0.3406123530540021 and parameters: {'window_influence': 0.4866905313355781, 'penalty_k': 0.02822248504499894, 'scale_lr': 0.6952396192086033}. Best is trial 620 with value: 0.36708399363528893.
checkpoint_e33 window_influence: 0.47684686229507878, penalty_k: 0.21844674110915652, scale_lr: 0.44335463116646634, EAO: 0.335
Trial 1040 finished with value: 0.3352654371048226 and parameters: {'window_influence': 0.4768468622950788, 'penalty_k': 0.21844674110915652, 'scale_lr': 0.44335463116646634}. Best is trial 620 with value: 0.36708399363528893.
checkpoint_e33 window_influence: 0.29994631579578956, penalty_k: 0.44170775074163010, scale_lr: 0.24436406126560994, EAO: 0.294
Trial 1041 finished with value: 0.2942799902611669 and parameters: {'window_influence': 0.29994631579578956, 'penalty_k': 0.4417077507416301, 'scale_lr': 0.24436406126560994}. Best is trial 620 with value: 0.36708399363528893.
checkpoint_e33 window_influence: 0.35984268868309510, penalty_k: 0.05139463662607542, scale_lr: 0.42823027905007005, EAO: 0.313
Trial 1042 finished with value: 0.31287284201221244 and parameters: {'window_influence': 0.3598426886830951, 'penalty_k': 0.05139463662607542, 'scale_lr': 0.42823027905007005}. Best is trial 620 with value: 0.36708399363528893.
checkpoint_e33 window_influence: 0.45495669406080924, penalty_k: 0.08722557986411683, scale_lr: 0.76631008365690123, EAO: 0.332
Trial 1043 finished with value: 0.3324237419473522 and parameters: {'window_influence': 0.45495669406080924, 'penalty_k': 0.08722557986411683, 'scale_lr': 0.7663100836569012}. Best is trial 620 with value: 0.36708399363528893.
checkpoint_e33 window_influence: 0.37403830600561350, penalty_k: 0.20223771272641058, scale_lr: 0.22772325343182984, EAO: 0.326
Trial 1044 finished with value: 0.32597910975203903 and parameters: {'window_influence': 0.3740383060056135, 'penalty_k': 0.20223771272641058, 'scale_lr': 0.22772325343182984}. Best is trial 620 with value: 0.36708399363528893.
checkpoint_e33 window_influence: 0.26898079975968392, penalty_k: 0.38555129814231914, scale_lr: 0.61741945448214874, EAO: 0.300
Trial 1045 finished with value: 0.29950659858345524 and parameters: {'window_influence': 0.2689807997596839, 'penalty_k': 0.38555129814231914, 'scale_lr': 0.6174194544821487}. Best is trial 620 with value: 0.36708399363528893.
checkpoint_e33 window_influence: 0.30990112749264315, penalty_k: 0.26249585828618566, scale_lr: 0.66332450439817214, EAO: 0.309
Trial 1046 finished with value: 0.30907745879679804 and parameters: {'window_influence': 0.30990112749264315, 'penalty_k': 0.26249585828618566, 'scale_lr': 0.6633245043981721}. Best is trial 620 with value: 0.36708399363528893.
checkpoint_e33 window_influence: 0.58043137556925573, penalty_k: 0.06792980112997550, scale_lr: 0.64170618060368823, EAO: 0.256
Trial 1047 finished with value: 0.25589452544770813 and parameters: {'window_influence': 0.5804313755692557, 'penalty_k': 0.0679298011299755, 'scale_lr': 0.6417061806036882}. Best is trial 620 with value: 0.36708399363528893.
checkpoint_e33 window_influence: 0.24403659601206193, penalty_k: 0.27953468804298309, scale_lr: 0.74276191106636158, EAO: 0.300
Trial 1048 finished with value: 0.3002165775702621 and parameters: {'window_influence': 0.24403659601206193, 'penalty_k': 0.2795346880429831, 'scale_lr': 0.7427619110663616}. Best is trial 620 with value: 0.36708399363528893.
checkpoint_e33 window_influence: 0.42616111637808529, penalty_k: 0.18862611139330546, scale_lr: 0.20555652632642429, EAO: 0.360
