Trial 1300 finished with value: 0.2560157343919175 and parameters: {'window_influence': 0.11672130664761898, 'penalty_k': 0.04496858843943197, 'scale_lr': 0.5030903774606224}. Best is trial 1270 with value: 0.3623636909959845.
checkpoint_e22 window_influence: 0.51279447281740376, penalty_k: 0.11901308241880405, scale_lr: 0.58020021226452567, EAO: 0.333
Trial 1301 finished with value: 0.33270677112419783 and parameters: {'window_influence': 0.5127944728174038, 'penalty_k': 0.11901308241880405, 'scale_lr': 0.5802002122645257}. Best is trial 1270 with value: 0.3623636909959845.
checkpoint_e22 window_influence: 0.49315281952762330, penalty_k: 0.39875651165792630, scale_lr: 0.54023723742854612, EAO: 0.305
Trial 1302 finished with value: 0.30547477142588175 and parameters: {'window_influence': 0.4931528195276233, 'penalty_k': 0.3987565116579263, 'scale_lr': 0.5402372374285461}. Best is trial 1270 with value: 0.3623636909959845.
checkpoint_e22 window_influence: 0.46978427390392152, penalty_k: 0.41452621149984209, scale_lr: 0.77152065473818310, EAO: 0.310
Trial 1303 finished with value: 0.3101513381714023 and parameters: {'window_influence': 0.4697842739039215, 'penalty_k': 0.4145262114998421, 'scale_lr': 0.7715206547381831}. Best is trial 1270 with value: 0.3623636909959845.
checkpoint_e22 window_influence: 0.48248219096400807, penalty_k: 0.09551105956439727, scale_lr: 0.36404255065523983, EAO: 0.332
Trial 1304 finished with value: 0.33157899569908467 and parameters: {'window_influence': 0.4824821909640081, 'penalty_k': 0.09551105956439727, 'scale_lr': 0.3640425506552398}. Best is trial 1270 with value: 0.3623636909959845.
checkpoint_e22 window_influence: 0.53217141770647247, penalty_k: 0.00003938459963094, scale_lr: 0.66952207437453670, EAO: 0.300
Trial 1305 finished with value: 0.3000881189502167 and parameters: {'window_influence': 0.5321714177064725, 'penalty_k': 3.9384599630940334e-05, 'scale_lr': 0.6695220743745367}. Best is trial 1270 with value: 0.3623636909959845.
checkpoint_e22 window_influence: 0.09395548513610513, penalty_k: 0.10949894613821881, scale_lr: 0.41686937944631858, EAO: 0.270
Trial 1306 finished with value: 0.2696646977839303 and parameters: {'window_influence': 0.09395548513610513, 'penalty_k': 0.10949894613821881, 'scale_lr': 0.4168693794463186}. Best is trial 1270 with value: 0.3623636909959845.
checkpoint_e22 window_influence: 0.56716541984059754, penalty_k: 0.33869623942767058, scale_lr: 0.69797889140233449, EAO: 0.263
Trial 1307 finished with value: 0.2634678917288316 and parameters: {'window_influence': 0.5671654198405975, 'penalty_k': 0.3386962394276706, 'scale_lr': 0.6979788914023345}. Best is trial 1270 with value: 0.3623636909959845.
checkpoint_e22 window_influence: 0.50123821339202990, penalty_k: 0.06717690604010487, scale_lr: 0.63214988647129355, EAO: 0.303
Trial 1308 finished with value: 0.30286857659714694 and parameters: {'window_influence': 0.5012382133920299, 'penalty_k': 0.06717690604010487, 'scale_lr': 0.6321498864712936}. Best is trial 1270 with value: 0.3623636909959845.
checkpoint_e22 window_influence: 0.44960912805189412, penalty_k: 0.02613603538456395, scale_lr: 0.34176554846924950, EAO: 0.334
Trial 1309 finished with value: 0.3342784357905852 and parameters: {'window_influence': 0.4496091280518941, 'penalty_k': 0.02613603538456395, 'scale_lr': 0.3417655484692495}. Best is trial 1270 with value: 0.3623636909959845.
checkpoint_e22 window_influence: 0.43329259924701818, penalty_k: 0.44062776583459673, scale_lr: 0.47553148190536282, EAO: 0.315
Trial 1310 finished with value: 0.31492336117571895 and parameters: {'window_influence': 0.4332925992470182, 'penalty_k': 0.44062776583459673, 'scale_lr': 0.4755314819053628}. Best is trial 1270 with value: 0.3623636909959845.
checkpoint_e22 window_influence: 0.21307757572222299, penalty_k: 0.16102544427521176, scale_lr: 0.16245319105790795, EAO: 0.280
Trial 1311 finished with value: 0.280101801112932 and parameters: {'window_influence': 0.213077575722223, 'penalty_k': 0.16102544427521176, 'scale_lr': 0.16245319105790795}. Best is trial 1270 with value: 0.3623636909959845.
checkpoint_e22 window_influence: 0.46604273508696398, penalty_k: 0.13909891989749062, scale_lr: 0.27432698204324163, EAO: 0.328
Trial 1312 finished with value: 0.32844177329122787 and parameters: {'window_influence': 0.466042735086964, 'penalty_k': 0.13909891989749062, 'scale_lr': 0.27432698204324163}. Best is trial 1270 with value: 0.3623636909959845.
checkpoint_e22 window_influence: 0.12097334096817519, penalty_k: 0.19887388425912944, scale_lr: 0.39011894222136861, EAO: 0.253
Trial 1313 finished with value: 0.2527267910859 and parameters: {'window_influence': 0.12097334096817519, 'penalty_k': 0.19887388425912944, 'scale_lr': 0.3901189422213686}. Best is trial 1270 with value: 0.3623636909959845.
checkpoint_e22 window_influence: 0.47865520620317259, penalty_k: 0.22342453055664688, scale_lr: 0.35445361396185726, EAO: 0.306
Trial 1314 finished with value: 0.30581411203289777 and parameters: {'window_influence': 0.4786552062031726, 'penalty_k': 0.22342453055664688, 'scale_lr': 0.35445361396185726}. Best is trial 1270 with value: 0.3623636909959845.
checkpoint_e22 window_influence: 0.49307106092998432, penalty_k: 0.48810811746867183, scale_lr: 0.51945009143754339, EAO: 0.272
Trial 1315 finished with value: 0.27244852477474435 and parameters: {'window_influence': 0.4930710609299843, 'penalty_k': 0.48810811746867183, 'scale_lr': 0.5194500914375434}. Best is trial 1270 with value: 0.3623636909959845.
checkpoint_e22 window_influence: 0.51201778156922118, penalty_k: 0.12452906991884213, scale_lr: 0.59863885583713494, EAO: 0.308
Trial 1316 finished with value: 0.30813843365541227 and parameters: {'window_influence': 0.5120177815692212, 'penalty_k': 0.12452906991884213, 'scale_lr': 0.5986388558371349}. Best is trial 1270 with value: 0.3623636909959845.
checkpoint_e22 window_influence: 0.45353384132685404, penalty_k: 0.08722830338227910, scale_lr: 0.24237081620353795, EAO: 0.311
Trial 1317 finished with value: 0.3113123963547124 and parameters: {'window_influence': 0.45353384132685404, 'penalty_k': 0.0872283033822791, 'scale_lr': 0.24237081620353795}. Best is trial 1270 with value: 0.3623636909959845.
checkpoint_e22 window_influence: 0.47180069580266498, penalty_k: 0.01415704282462548, scale_lr: 0.28615384675857791, EAO: 0.335
Trial 1318 finished with value: 0.33545120008260826 and parameters: {'window_influence': 0.471800695802665, 'penalty_k': 0.01415704282462548, 'scale_lr': 0.2861538467585779}. Best is trial 1270 with value: 0.3623636909959845.
checkpoint_e22 window_influence: 0.29132141752226948, penalty_k: 0.05930287981238749, scale_lr: 0.43360671136276585, EAO: 0.292
Trial 1319 finished with value: 0.2920188900909535 and parameters: {'window_influence': 0.2913214175222695, 'penalty_k': 0.059302879812387486, 'scale_lr': 0.43360671136276585}. Best is trial 1270 with value: 0.3623636909959845.
checkpoint_e22 window_influence: 0.49711478374058166, penalty_k: 0.10812029803285081, scale_lr: 0.48953537678484532, EAO: 0.309
Trial 1320 finished with value: 0.30905937029461916 and parameters: {'window_influence': 0.49711478374058166, 'penalty_k': 0.10812029803285081, 'scale_lr': 0.4895353767848453}. Best is trial 1270 with value: 0.3623636909959845.
checkpoint_e22 window_influence: 0.48286578576001860, penalty_k: 0.18966796839781783, scale_lr: 0.40726473164276711, EAO: 0.313
Trial 1321 finished with value: 0.3132137317021997 and parameters: {'window_influence': 0.4828657857600186, 'penalty_k': 0.18966796839781783, 'scale_lr': 0.4072647316427671}. Best is trial 1270 with value: 0.3623636909959845.
checkpoint_e22 window_influence: 0.27620968522907718, penalty_k: 0.23913153064118581, scale_lr: 0.64125149578827589, EAO: 0.288
Trial 1322 finished with value: 0.28781831276092085 and parameters: {'window_influence': 0.2762096852290772, 'penalty_k': 0.2391315306411858, 'scale_lr': 0.6412514957882759}. Best is trial 1270 with value: 0.3623636909959845.
checkpoint_e22 window_influence: 0.45896611184250174, penalty_k: 0.03742563476085146, scale_lr: 0.56683244344687045, EAO: 0.329
Trial 1323 finished with value: 0.3290815892618454 and parameters: {'window_influence': 0.45896611184250174, 'penalty_k': 0.037425634760851464, 'scale_lr': 0.5668324434468704}. Best is trial 1270 with value: 0.3623636909959845.
checkpoint_e22 window_influence: 0.41521753840701803, penalty_k: 0.30703188126056780, scale_lr: 0.37511697483622825, EAO: 0.320
Trial 1324 finished with value: 0.3202592754294436 and parameters: {'window_influence': 0.415217538407018, 'penalty_k': 0.3070318812605678, 'scale_lr': 0.37511697483622825}. Best is trial 1270 with value: 0.3623636909959845.
checkpoint_e22 window_influence: 0.54729713968694316, penalty_k: 0.46915526020257503, scale_lr: 0.18353130654351590, EAO: 0.262
Trial 1325 finished with value: 0.2621134228511543 and parameters: {'window_influence': 0.5472971396869432, 'penalty_k': 0.46915526020257503, 'scale_lr': 0.1835313065435159}. Best is trial 1270 with value: 0.3623636909959845.
checkpoint_e22 window_influence: 0.43992497936559538, penalty_k: 0.49158554323034187, scale_lr: 0.62403491906149589, EAO: 0.291
Trial 1326 finished with value: 0.2911030180491362 and parameters: {'window_influence': 0.4399249793655954, 'penalty_k': 0.49158554323034187, 'scale_lr': 0.6240349190614959}. Best is trial 1270 with value: 0.3623636909959845.
checkpoint_e22 window_influence: 0.53165895851169187, penalty_k: 0.01190878655586155, scale_lr: 0.65140364793196071, EAO: 0.313
Trial 1327 finished with value: 0.3131808622337965 and parameters: {'window_influence': 0.5316589585116919, 'penalty_k': 0.011908786555861554, 'scale_lr': 0.6514036479319607}. Best is trial 1270 with value: 0.3623636909959845.
checkpoint_e22 window_influence: 0.48609616244607440, penalty_k: 0.07712843764814971, scale_lr: 0.45314449741429758, EAO: 0.351
Trial 1328 finished with value: 0.351154837510929 and parameters: {'window_influence': 0.4860961624460744, 'penalty_k': 0.07712843764814971, 'scale_lr': 0.4531444974142976}. Best is trial 1270 with value: 0.3623636909959845.
checkpoint_e22 window_influence: 0.46896442909990810, penalty_k: 0.09208333487248442, scale_lr: 0.43457855841770199, EAO: 0.332
Trial 1329 finished with value: 0.3323560181990672 and parameters: {'window_influence': 0.4689644290999081, 'penalty_k': 0.09208333487248442, 'scale_lr': 0.434578558417702}. Best is trial 1270 with value: 0.3623636909959845.
checkpoint_e22 window_influence: 0.16576682660152128, penalty_k: 0.07700059736356052, scale_lr: 0.44575652069771921, EAO: 0.261
Trial 1330 finished with value: 0.2607620257000051 and parameters: {'window_influence': 0.16576682660152128, 'penalty_k': 0.07700059736356052, 'scale_lr': 0.4457565206977192}. Best is trial 1270 with value: 0.3623636909959845.
checkpoint_e22 window_influence: 0.47803442363792481, penalty_k: 0.07525994967457078, scale_lr: 0.46697468056213454, EAO: 0.333
Trial 1331 finished with value: 0.33301039637294727 and parameters: {'window_influence': 0.4780344236379248, 'penalty_k': 0.07525994967457078, 'scale_lr': 0.46697468056213454}. Best is trial 1270 with value: 0.3623636909959845.
checkpoint_e22 window_influence: 0.45532609910588545, penalty_k: 0.08254343941699444, scale_lr: 0.46074771730382236, EAO: 0.361
Trial 1332 finished with value: 0.36133338481999555 and parameters: {'window_influence': 0.45532609910588545, 'penalty_k': 0.08254343941699444, 'scale_lr': 0.46074771730382236}. Best is trial 1270 with value: 0.3623636909959845.
checkpoint_e22 window_influence: 0.43921602574351304, penalty_k: 0.06468888222904148, scale_lr: 0.43569127636241245, EAO: 0.307
Trial 1333 finished with value: 0.3069729998069978 and parameters: {'window_influence': 0.43921602574351304, 'penalty_k': 0.06468888222904148, 'scale_lr': 0.43569127636241245}. Best is trial 1270 with value: 0.3623636909959845.
checkpoint_e22 window_influence: 0.44624932671420431, penalty_k: 0.59529657122383695, scale_lr: 0.46723391122901203, EAO: 0.302
Trial 1334 finished with value: 0.30188796944655333 and parameters: {'window_influence': 0.4462493267142043, 'penalty_k': 0.595296571223837, 'scale_lr': 0.46723391122901203}. Best is trial 1270 with value: 0.3623636909959845.
checkpoint_e22 window_influence: 0.42665202639750710, penalty_k: 0.05733407328034150, scale_lr: 0.45537408058947532, EAO: 0.317
Trial 1335 finished with value: 0.3165735350740559 and parameters: {'window_influence': 0.4266520263975071, 'penalty_k': 0.0573340732803415, 'scale_lr': 0.4553740805894753}. Best is trial 1270 with value: 0.3623636909959845.
checkpoint_e22 window_influence: 0.06972855834465325, penalty_k: 0.07296455472259333, scale_lr: 0.48131436369844965, EAO: 0.250
Trial 1336 finished with value: 0.2500162190732325 and parameters: {'window_influence': 0.06972855834465325, 'penalty_k': 0.07296455472259333, 'scale_lr': 0.48131436369844965}. Best is trial 1270 with value: 0.3623636909959845.
checkpoint_e22 window_influence: 0.13867649754947639, penalty_k: 0.08373215921375803, scale_lr: 0.41774109635208317, EAO: 0.285
Trial 1337 finished with value: 0.2845383688865469 and parameters: {'window_influence': 0.1386764975494764, 'penalty_k': 0.08373215921375803, 'scale_lr': 0.4177410963520832}. Best is trial 1270 with value: 0.3623636909959845.
checkpoint_e22 window_influence: 0.45414681627143821, penalty_k: 0.06938495941984470, scale_lr: 0.46811773256930223, EAO: 0.325
Trial 1338 finished with value: 0.3250435014990981 and parameters: {'window_influence': 0.4541468162714382, 'penalty_k': 0.0693849594198447, 'scale_lr': 0.4681177325693022}. Best is trial 1270 with value: 0.3623636909959845.
checkpoint_e22 window_influence: 0.45766260204696757, penalty_k: 0.05450115601383698, scale_lr: 0.48857627403857762, EAO: 0.336
Trial 1339 finished with value: 0.33564983082188704 and parameters: {'window_influence': 0.45766260204696757, 'penalty_k': 0.05450115601383698, 'scale_lr': 0.4885762740385776}. Best is trial 1270 with value: 0.3623636909959845.
checkpoint_e22 window_influence: 0.46385663708729652, penalty_k: 0.08366424552429486, scale_lr: 0.46158059725621570, EAO: 0.316
Trial 1340 finished with value: 0.3162293823776542 and parameters: {'window_influence': 0.4638566370872965, 'penalty_k': 0.08366424552429486, 'scale_lr': 0.4615805972562157}. Best is trial 1270 with value: 0.3623636909959845.
checkpoint_e22 window_influence: 0.43578126348819946, penalty_k: 0.07375121570270098, scale_lr: 0.45406234200824708, EAO: 0.327
Trial 1341 finished with value: 0.3265323731685891 and parameters: {'window_influence': 0.43578126348819946, 'penalty_k': 0.07375121570270098, 'scale_lr': 0.4540623420082471}. Best is trial 1270 with value: 0.3623636909959845.
checkpoint_e22 window_influence: 0.45649771698858022, penalty_k: 0.09109522198399425, scale_lr: 0.45707312818195522, EAO: 0.333
Trial 1342 finished with value: 0.3328427834733451 and parameters: {'window_influence': 0.4564977169885802, 'penalty_k': 0.09109522198399425, 'scale_lr': 0.4570731281819552}. Best is trial 1270 with value: 0.3623636909959845.
checkpoint_e22 window_influence: 0.42254188054519576, penalty_k: 0.05366220648764988, scale_lr: 0.50306395119589653, EAO: 0.326
Trial 1343 finished with value: 0.3260238586928594 and parameters: {'window_influence': 0.42254188054519576, 'penalty_k': 0.05366220648764988, 'scale_lr': 0.5030639511958965}. Best is trial 1270 with value: 0.3623636909959845.
checkpoint_e22 window_influence: 0.44661020646828398, penalty_k: 0.06482320312590205, scale_lr: 0.44463644149680576, EAO: 0.318
Trial 1344 finished with value: 0.3181410579713866 and parameters: {'window_influence': 0.446610206468284, 'penalty_k': 0.06482320312590205, 'scale_lr': 0.44463644149680576}. Best is trial 1270 with value: 0.3623636909959845.
checkpoint_e22 window_influence: 0.47018073938722538, penalty_k: 0.09695535068811337, scale_lr: 0.43993609215600205, EAO: 0.332
Trial 1345 finished with value: 0.3323382898759285 and parameters: {'window_influence': 0.4701807393872254, 'penalty_k': 0.09695535068811337, 'scale_lr': 0.43993609215600205}. Best is trial 1270 with value: 0.3623636909959845.
checkpoint_e22 window_influence: 0.46699816040232245, penalty_k: 0.42852070701369893, scale_lr: 0.48273050932921940, EAO: 0.309
Trial 1346 finished with value: 0.3087656711905847 and parameters: {'window_influence': 0.46699816040232245, 'penalty_k': 0.42852070701369893, 'scale_lr': 0.4827305093292194}. Best is trial 1270 with value: 0.3623636909959845.
checkpoint_e22 window_influence: 0.36774811960517689, penalty_k: 0.08155853001119737, scale_lr: 0.46553874274878337, EAO: 0.312
Trial 1347 finished with value: 0.3123504016186013 and parameters: {'window_influence': 0.3677481196051769, 'penalty_k': 0.08155853001119737, 'scale_lr': 0.4655387427487834}. Best is trial 1270 with value: 0.3623636909959845.
checkpoint_e22 window_influence: 0.44777259578275858, penalty_k: 0.14427736282609790, scale_lr: 0.47959047937341459, EAO: 0.317
Trial 1348 finished with value: 0.31744444689166224 and parameters: {'window_influence': 0.4477725957827586, 'penalty_k': 0.1442773628260979, 'scale_lr': 0.4795904793734146}. Best is trial 1270 with value: 0.3623636909959845.
checkpoint_e22 window_influence: 0.43196932274390076, penalty_k: 0.11490908581515293, scale_lr: 0.50088613548056016, EAO: 0.332
Trial 1349 finished with value: 0.33153693488135877 and parameters: {'window_influence': 0.43196932274390076, 'penalty_k': 0.11490908581515293, 'scale_lr': 0.5008861354805602}. Best is trial 1270 with value: 0.3623636909959845.
checkpoint_e22 window_influence: 0.38337009109020437, penalty_k: 0.09917256843642161, scale_lr: 0.72231252371634636, EAO: 0.320
Trial 1350 finished with value: 0.31985886273217107 and parameters: {'window_influence': 0.38337009109020437, 'penalty_k': 0.09917256843642161, 'scale_lr': 0.7223125237163464}. Best is trial 1270 with value: 0.3623636909959845.
checkpoint_e22 window_influence: 0.35875617435314716, penalty_k: 0.04785941783138244, scale_lr: 0.67528292980612659, EAO: 0.301
Trial 1351 finished with value: 0.30113743773230317 and parameters: {'window_influence': 0.35875617435314716, 'penalty_k': 0.047859417831382436, 'scale_lr': 0.6752829298061266}. Best is trial 1270 with value: 0.3623636909959845.
checkpoint_e22 window_influence: 0.46067755776737723, penalty_k: 0.37008664150682224, scale_lr: 0.49919681568280361, EAO: 0.304
Trial 1352 finished with value: 0.30394861873253776 and parameters: {'window_influence': 0.46067755776737723, 'penalty_k': 0.37008664150682224, 'scale_lr': 0.4991968156828036}. Best is trial 1270 with value: 0.3623636909959845.
checkpoint_e22 window_influence: 0.34955440127841625, penalty_k: 0.38600861247306978, scale_lr: 0.45184722986089348, EAO: 0.284
Trial 1353 finished with value: 0.2836728664803598 and parameters: {'window_influence': 0.34955440127841625, 'penalty_k': 0.3860086124730698, 'scale_lr': 0.4518472298608935}. Best is trial 1270 with value: 0.3623636909959845.
checkpoint_e22 window_influence: 0.35036690036941515, penalty_k: 0.12931402084002797, scale_lr: 0.68528341570263096, EAO: 0.290
Trial 1354 finished with value: 0.289716809350229 and parameters: {'window_influence': 0.35036690036941515, 'penalty_k': 0.12931402084002797, 'scale_lr': 0.685283415702631}. Best is trial 1270 with value: 0.3623636909959845.
checkpoint_e22 window_influence: 0.23566568611847857, penalty_k: 0.08495906638163586, scale_lr: 0.47652802518699910, EAO: 0.283
Trial 1355 finished with value: 0.28346483119498894 and parameters: {'window_influence': 0.23566568611847857, 'penalty_k': 0.08495906638163586, 'scale_lr': 0.4765280251869991}. Best is trial 1270 with value: 0.3623636909959845.
checkpoint_e22 window_influence: 0.62387111764415781, penalty_k: 0.07042692298231121, scale_lr: 0.44441413470747088, EAO: 0.248
Trial 1356 finished with value: 0.24809692707275138 and parameters: {'window_influence': 0.6238711176441578, 'penalty_k': 0.07042692298231121, 'scale_lr': 0.4444141347074709}. Best is trial 1270 with value: 0.3623636909959845.
checkpoint_e22 window_influence: 0.47445674931803594, penalty_k: 0.26294369285499397, scale_lr: 0.29965808546257250, EAO: 0.317
Trial 1357 finished with value: 0.3170936887482261 and parameters: {'window_influence': 0.47445674931803594, 'penalty_k': 0.26294369285499397, 'scale_lr': 0.2996580854625725}. Best is trial 1270 with value: 0.3623636909959845.
checkpoint_e22 window_influence: 0.39509344550207331, penalty_k: 0.15560049449247865, scale_lr: 0.43198769704174855, EAO: 0.297
Trial 1358 finished with value: 0.2968957664785682 and parameters: {'window_influence': 0.3950934455020733, 'penalty_k': 0.15560049449247865, 'scale_lr': 0.43198769704174855}. Best is trial 1270 with value: 0.3623636909959845.
checkpoint_e22 window_influence: 0.48050715083400741, penalty_k: 0.10777029130024246, scale_lr: 0.51326298457092523, EAO: 0.342
Trial 1359 finished with value: 0.3419382610441646 and parameters: {'window_influence': 0.4805071508340074, 'penalty_k': 0.10777029130024246, 'scale_lr': 0.5132629845709252}. Best is trial 1270 with value: 0.3623636909959845.
checkpoint_e22 window_influence: 0.45162951941051088, penalty_k: 0.12644062053969046, scale_lr: 0.42622009563800917, EAO: 0.308
Trial 1360 finished with value: 0.30778669580411355 and parameters: {'window_influence': 0.4516295194105109, 'penalty_k': 0.12644062053969046, 'scale_lr': 0.42622009563800917}. Best is trial 1270 with value: 0.3623636909959845.
checkpoint_e22 window_influence: 0.46287431534894508, penalty_k: 0.08269457115242654, scale_lr: 0.25794875005451057, EAO: 0.322
Trial 1361 finished with value: 0.3220144799595213 and parameters: {'window_influence': 0.4628743153489451, 'penalty_k': 0.08269457115242654, 'scale_lr': 0.25794875005451057}. Best is trial 1270 with value: 0.3623636909959845.
checkpoint_e22 window_influence: 0.40530855190894699, penalty_k: 0.39801158849180718, scale_lr: 0.66701862117351063, EAO: 0.309
