Trial 368 finished with value: 0.3398982727110154 and parameters: {'window_influence': 0.4677163930323006, 'penalty_k': 0.03765780286235586, 'scale_lr': 0.25589689486041073}. Best is trial 189 with value: 0.3657155072874596.
checkpoint_e33 window_influence: 0.50922041714119259, penalty_k: 0.09853196883307924, scale_lr: 0.47123291665913414, EAO: 0.356
Trial 369 finished with value: 0.3556930869237922 and parameters: {'window_influence': 0.5092204171411926, 'penalty_k': 0.09853196883307924, 'scale_lr': 0.47123291665913414}. Best is trial 189 with value: 0.3657155072874596.
checkpoint_e33 window_influence: 0.52867780464019054, penalty_k: 0.18956953625159328, scale_lr: 0.47567123906691211, EAO: 0.319
Trial 370 finished with value: 0.3188543092995766 and parameters: {'window_influence': 0.5286778046401905, 'penalty_k': 0.18956953625159328, 'scale_lr': 0.4756712390669121}. Best is trial 189 with value: 0.3657155072874596.
checkpoint_e33 window_influence: 0.51188786472013814, penalty_k: 0.30170358888138699, scale_lr: 0.46967170048283580, EAO: 0.305
Trial 371 finished with value: 0.3054273794133376 and parameters: {'window_influence': 0.5118878647201381, 'penalty_k': 0.301703588881387, 'scale_lr': 0.4696717004828358}. Best is trial 189 with value: 0.3657155072874596.
checkpoint_e33 window_influence: 0.56975406859320554, penalty_k: 0.06642745320770607, scale_lr: 0.44880419114757825, EAO: 0.279
Trial 372 finished with value: 0.2792822580625111 and parameters: {'window_influence': 0.5697540685932055, 'penalty_k': 0.06642745320770607, 'scale_lr': 0.44880419114757825}. Best is trial 189 with value: 0.3657155072874596.
checkpoint_e33 window_influence: 0.50616176495070686, penalty_k: 0.08729777584251829, scale_lr: 0.22338405777165105, EAO: 0.352
Trial 373 finished with value: 0.3519570326526805 and parameters: {'window_influence': 0.5061617649507069, 'penalty_k': 0.08729777584251829, 'scale_lr': 0.22338405777165105}. Best is trial 189 with value: 0.3657155072874596.
checkpoint_e33 window_influence: 0.33924556212051732, penalty_k: 0.09991879910470303, scale_lr: 0.42161147350853834, EAO: 0.302
Trial 374 finished with value: 0.3018342230454493 and parameters: {'window_influence': 0.3392455621205173, 'penalty_k': 0.09991879910470303, 'scale_lr': 0.42161147350853834}. Best is trial 189 with value: 0.3657155072874596.
checkpoint_e33 window_influence: 0.53958305388540040, penalty_k: 0.04334898507422742, scale_lr: 0.20479329160549306, EAO: 0.305
Trial 375 finished with value: 0.30482016022567154 and parameters: {'window_influence': 0.5395830538854004, 'penalty_k': 0.04334898507422742, 'scale_lr': 0.20479329160549306}. Best is trial 189 with value: 0.3657155072874596.
checkpoint_e33 window_influence: 0.50071695246949555, penalty_k: 0.16806063714524616, scale_lr: 0.14808980380564904, EAO: 0.331
Trial 376 finished with value: 0.33104471641987676 and parameters: {'window_influence': 0.5007169524694955, 'penalty_k': 0.16806063714524616, 'scale_lr': 0.14808980380564904}. Best is trial 189 with value: 0.3657155072874596.
checkpoint_e33 window_influence: 0.51644124947503867, penalty_k: 0.03000605912587488, scale_lr: 0.43068187176328859, EAO: 0.355
Trial 377 finished with value: 0.3545593480191806 and parameters: {'window_influence': 0.5164412494750387, 'penalty_k': 0.03000605912587488, 'scale_lr': 0.4306818717632886}. Best is trial 189 with value: 0.3657155072874596.
checkpoint_e33 window_influence: 0.55991814617922309, penalty_k: 0.25940592384365813, scale_lr: 0.23761488475156134, EAO: 0.299
Trial 378 finished with value: 0.29891609780287465 and parameters: {'window_influence': 0.5599181461792231, 'penalty_k': 0.2594059238436581, 'scale_lr': 0.23761488475156134}. Best is trial 189 with value: 0.3657155072874596.
checkpoint_e33 window_influence: 0.48742476008080998, penalty_k: 0.07140292112898874, scale_lr: 0.43073331271262733, EAO: 0.349
Trial 379 finished with value: 0.34863614943240867 and parameters: {'window_influence': 0.48742476008081, 'penalty_k': 0.07140292112898874, 'scale_lr': 0.4307333127126273}. Best is trial 189 with value: 0.3657155072874596.
checkpoint_e33 window_influence: 0.49679156558390003, penalty_k: 0.05686240260927425, scale_lr: 0.16748260591370717, EAO: 0.337
Trial 380 finished with value: 0.3372982175665607 and parameters: {'window_influence': 0.49679156558390003, 'penalty_k': 0.05686240260927425, 'scale_lr': 0.16748260591370717}. Best is trial 189 with value: 0.3657155072874596.
checkpoint_e33 window_influence: 0.52359742014089605, penalty_k: 0.04695026014888789, scale_lr: 0.40400744934957572, EAO: 0.317
Trial 381 finished with value: 0.31698658673911706 and parameters: {'window_influence': 0.523597420140896, 'penalty_k': 0.04695026014888789, 'scale_lr': 0.4040074493495757}. Best is trial 189 with value: 0.3657155072874596.
checkpoint_e33 window_influence: 0.39106039530008552, penalty_k: 0.07767004340238939, scale_lr: 0.41351665529256842, EAO: 0.319
Trial 382 finished with value: 0.3187532899792556 and parameters: {'window_influence': 0.3910603953000855, 'penalty_k': 0.0776700434023894, 'scale_lr': 0.4135166552925684}. Best is trial 189 with value: 0.3657155072874596.
checkpoint_e33 window_influence: 0.40830841635709342, penalty_k: 0.03264004474728797, scale_lr: 0.43833581214554668, EAO: 0.319
Trial 383 finished with value: 0.31882004590581825 and parameters: {'window_influence': 0.4083084163570934, 'penalty_k': 0.032640044747287975, 'scale_lr': 0.4383358121455467}. Best is trial 189 with value: 0.3657155072874596.
checkpoint_e33 window_influence: 0.48218991454096732, penalty_k: 0.18306543761387378, scale_lr: 0.42379155766531412, EAO: 0.361
Trial 384 finished with value: 0.3608345806830588 and parameters: {'window_influence': 0.4821899145409673, 'penalty_k': 0.18306543761387378, 'scale_lr': 0.4237915576653141}. Best is trial 189 with value: 0.3657155072874596.
checkpoint_e33 window_influence: 0.15405401460246451, penalty_k: 0.18552111357266629, scale_lr: 0.39725110274065378, EAO: 0.273
Trial 385 finished with value: 0.2726926835478512 and parameters: {'window_influence': 0.1540540146024645, 'penalty_k': 0.1855211135726663, 'scale_lr': 0.3972511027406538}. Best is trial 189 with value: 0.3657155072874596.
checkpoint_e33 window_influence: 0.47876993022115244, penalty_k: 0.17107894362074544, scale_lr: 0.42010061599019050, EAO: 0.347
Trial 386 finished with value: 0.34732578317942786 and parameters: {'window_influence': 0.47876993022115244, 'penalty_k': 0.17107894362074544, 'scale_lr': 0.4201006159901905}. Best is trial 189 with value: 0.3657155072874596.
checkpoint_e33 window_influence: 0.35828594562724242, penalty_k: 0.18073978087444706, scale_lr: 0.43250970692787882, EAO: 0.310
Trial 387 finished with value: 0.3101748510441428 and parameters: {'window_influence': 0.3582859456272424, 'penalty_k': 0.18073978087444706, 'scale_lr': 0.4325097069278788}. Best is trial 189 with value: 0.3657155072874596.
checkpoint_e33 window_influence: 0.47700195769727499, penalty_k: 0.21034526432656742, scale_lr: 0.38507311633579583, EAO: 0.336
Trial 388 finished with value: 0.33611700750510515 and parameters: {'window_influence': 0.477001957697275, 'penalty_k': 0.21034526432656742, 'scale_lr': 0.38507311633579583}. Best is trial 189 with value: 0.3657155072874596.
checkpoint_e33 window_influence: 0.46480235159635402, penalty_k: 0.19913724645755015, scale_lr: 0.31140618994330915, EAO: 0.355
Trial 389 finished with value: 0.35481342383395836 and parameters: {'window_influence': 0.464802351596354, 'penalty_k': 0.19913724645755015, 'scale_lr': 0.31140618994330915}. Best is trial 189 with value: 0.3657155072874596.
checkpoint_e33 window_influence: 0.44649926462698974, penalty_k: 0.21672087727184092, scale_lr: 0.32735584540119256, EAO: 0.335
Trial 390 finished with value: 0.33461837337174766 and parameters: {'window_influence': 0.44649926462698974, 'penalty_k': 0.21672087727184092, 'scale_lr': 0.32735584540119256}. Best is trial 189 with value: 0.3657155072874596.
checkpoint_e33 window_influence: 0.46503161924351533, penalty_k: 0.18815586362988224, scale_lr: 0.31855271579194533, EAO: 0.329
Trial 391 finished with value: 0.3292105715098548 and parameters: {'window_influence': 0.4650316192435153, 'penalty_k': 0.18815586362988224, 'scale_lr': 0.31855271579194533}. Best is trial 189 with value: 0.3657155072874596.
checkpoint_e33 window_influence: 0.44918504336373383, penalty_k: 0.15855390046274057, scale_lr: 0.30006358660515220, EAO: 0.358
Trial 392 finished with value: 0.3576228137378099 and parameters: {'window_influence': 0.4491850433637338, 'penalty_k': 0.15855390046274057, 'scale_lr': 0.3000635866051522}. Best is trial 189 with value: 0.3657155072874596.
checkpoint_e33 window_influence: 0.44247082264795540, penalty_k: 0.15544200723878773, scale_lr: 0.44860655163199159, EAO: 0.333
Trial 393 finished with value: 0.3328579712934531 and parameters: {'window_influence': 0.4424708226479554, 'penalty_k': 0.15544200723878773, 'scale_lr': 0.4486065516319916}. Best is trial 189 with value: 0.3657155072874596.
checkpoint_e33 window_influence: 0.45518779085817029, penalty_k: 0.16344496952493801, scale_lr: 0.36322361507706413, EAO: 0.352
Trial 394 finished with value: 0.3518325903304356 and parameters: {'window_influence': 0.4551877908581703, 'penalty_k': 0.163444969524938, 'scale_lr': 0.36322361507706413}. Best is trial 189 with value: 0.3657155072874596.
checkpoint_e33 window_influence: 0.47688341031799347, penalty_k: 0.09671914890703714, scale_lr: 0.41041692620077830, EAO: 0.347
Trial 395 finished with value: 0.34735368974941716 and parameters: {'window_influence': 0.4768834103179935, 'penalty_k': 0.09671914890703714, 'scale_lr': 0.4104169262007783}. Best is trial 189 with value: 0.3657155072874596.
checkpoint_e33 window_influence: 0.42774536004106645, penalty_k: 0.15067203333659723, scale_lr: 0.33870410597542266, EAO: 0.341
Trial 396 finished with value: 0.34062231943765037 and parameters: {'window_influence': 0.42774536004106645, 'penalty_k': 0.15067203333659723, 'scale_lr': 0.33870410597542266}. Best is trial 189 with value: 0.3657155072874596.
checkpoint_e33 window_influence: 0.43722227172248074, penalty_k: 0.12530716546193538, scale_lr: 0.29225557838303506, EAO: 0.327
Trial 397 finished with value: 0.3271317995128001 and parameters: {'window_influence': 0.43722227172248074, 'penalty_k': 0.12530716546193538, 'scale_lr': 0.29225557838303506}. Best is trial 189 with value: 0.3657155072874596.
checkpoint_e33 window_influence: 0.48885118341034561, penalty_k: 0.17500845136356638, scale_lr: 0.28551719522550567, EAO: 0.349
Trial 398 finished with value: 0.34880966435146704 and parameters: {'window_influence': 0.4888511834103456, 'penalty_k': 0.17500845136356638, 'scale_lr': 0.28551719522550567}. Best is trial 189 with value: 0.3657155072874596.
checkpoint_e33 window_influence: 0.45094886530514855, penalty_k: 0.13131114710169106, scale_lr: 0.45444124559069332, EAO: 0.345
Trial 399 finished with value: 0.3447741811609454 and parameters: {'window_influence': 0.45094886530514855, 'penalty_k': 0.13131114710169106, 'scale_lr': 0.4544412455906933}. Best is trial 189 with value: 0.3657155072874596.
checkpoint_e33 window_influence: 0.22218808974701570, penalty_k: 0.14482898249777865, scale_lr: 0.40161909487221559, EAO: 0.271
Trial 400 finished with value: 0.27132778669841556 and parameters: {'window_influence': 0.2221880897470157, 'penalty_k': 0.14482898249777865, 'scale_lr': 0.4016190948722156}. Best is trial 189 with value: 0.3657155072874596.
checkpoint_e33 window_influence: 0.50188252692366964, penalty_k: 0.32142751145426884, scale_lr: 0.25981847647591094, EAO: 0.317
Trial 401 finished with value: 0.31731346081434986 and parameters: {'window_influence': 0.5018825269236696, 'penalty_k': 0.32142751145426884, 'scale_lr': 0.25981847647591094}. Best is trial 189 with value: 0.3657155072874596.
checkpoint_e33 window_influence: 0.47025677658262760, penalty_k: 0.08726326816395609, scale_lr: 0.37583093488971137, EAO: 0.358
Trial 402 finished with value: 0.35757364245704176 and parameters: {'window_influence': 0.4702567765826276, 'penalty_k': 0.08726326816395609, 'scale_lr': 0.37583093488971137}. Best is trial 189 with value: 0.3657155072874596.
checkpoint_e33 window_influence: 0.45987736181382105, penalty_k: 0.27190579723389885, scale_lr: 0.37663420894073441, EAO: 0.340
Trial 403 finished with value: 0.34046976123338546 and parameters: {'window_influence': 0.45987736181382105, 'penalty_k': 0.27190579723389885, 'scale_lr': 0.3766342089407344}. Best is trial 189 with value: 0.3657155072874596.
checkpoint_e33 window_influence: 0.47038463641911415, penalty_k: 0.11320901126904026, scale_lr: 0.24551368378782065, EAO: 0.357
Trial 404 finished with value: 0.3569179418485916 and parameters: {'window_influence': 0.47038463641911415, 'penalty_k': 0.11320901126904026, 'scale_lr': 0.24551368378782065}. Best is trial 189 with value: 0.3657155072874596.
checkpoint_e33 window_influence: 0.47354413789855965, penalty_k: 0.10177688850231237, scale_lr: 0.35068414506042112, EAO: 0.343
Trial 405 finished with value: 0.34323071784082554 and parameters: {'window_influence': 0.47354413789855965, 'penalty_k': 0.10177688850231237, 'scale_lr': 0.3506841450604211}. Best is trial 189 with value: 0.3657155072874596.
checkpoint_e33 window_influence: 0.45209166027519315, penalty_k: 0.11520115209553014, scale_lr: 0.30455404052351526, EAO: 0.337
Trial 406 finished with value: 0.3374230320119672 and parameters: {'window_influence': 0.45209166027519315, 'penalty_k': 0.11520115209553014, 'scale_lr': 0.30455404052351526}. Best is trial 189 with value: 0.3657155072874596.
checkpoint_e33 window_influence: 0.40537706813495966, penalty_k: 0.08319956259753013, scale_lr: 0.38307918626737503, EAO: 0.310
Trial 407 finished with value: 0.3100033176896173 and parameters: {'window_influence': 0.40537706813495966, 'penalty_k': 0.08319956259753013, 'scale_lr': 0.383079186267375}. Best is trial 189 with value: 0.3657155072874596.
checkpoint_e33 window_influence: 0.48345059508935878, penalty_k: 0.12158799485221296, scale_lr: 0.35040608494979292, EAO: 0.345
Trial 408 finished with value: 0.3449989249966024 and parameters: {'window_influence': 0.4834505950893588, 'penalty_k': 0.12158799485221296, 'scale_lr': 0.3504060849497929}. Best is trial 189 with value: 0.3657155072874596.
checkpoint_e33 window_influence: 0.42855654922413744, penalty_k: 0.30958184827407415, scale_lr: 0.24714159374307260, EAO: 0.345
Trial 409 finished with value: 0.34471063750727166 and parameters: {'window_influence': 0.42855654922413744, 'penalty_k': 0.30958184827407415, 'scale_lr': 0.2471415937430726}. Best is trial 189 with value: 0.3657155072874596.
checkpoint_e33 window_influence: 0.46424725567839559, penalty_k: 0.13490483465109177, scale_lr: 0.22112380061442660, EAO: 0.337
Trial 410 finished with value: 0.337382997868126 and parameters: {'window_influence': 0.4642472556783956, 'penalty_k': 0.13490483465109177, 'scale_lr': 0.2211238006144266}. Best is trial 189 with value: 0.3657155072874596.
checkpoint_e33 window_influence: 0.48448566916732494, penalty_k: 0.11212442046278963, scale_lr: 0.27346338304747719, EAO: 0.330
Trial 411 finished with value: 0.3296164979846561 and parameters: {'window_influence': 0.48448566916732494, 'penalty_k': 0.11212442046278963, 'scale_lr': 0.2734633830474772}. Best is trial 189 with value: 0.3657155072874596.
checkpoint_e33 window_influence: 0.49447828805643612, penalty_k: 0.09508940408992891, scale_lr: 0.30605733870699331, EAO: 0.345
Trial 412 finished with value: 0.344659871860237 and parameters: {'window_influence': 0.4944782880564361, 'penalty_k': 0.09508940408992891, 'scale_lr': 0.3060573387069933}. Best is trial 189 with value: 0.3657155072874596.
checkpoint_e33 window_influence: 0.44280514632580897, penalty_k: 0.17218417306852504, scale_lr: 0.23831179968780963, EAO: 0.331
Trial 413 finished with value: 0.3314665906160258 and parameters: {'window_influence': 0.442805146325809, 'penalty_k': 0.17218417306852504, 'scale_lr': 0.23831179968780963}. Best is trial 189 with value: 0.3657155072874596.
checkpoint_e33 window_influence: 0.47241137854392123, penalty_k: 0.13740639702551946, scale_lr: 0.39149296889764190, EAO: 0.331
Trial 414 finished with value: 0.33088313350417736 and parameters: {'window_influence': 0.47241137854392123, 'penalty_k': 0.13740639702551946, 'scale_lr': 0.3914929688976419}. Best is trial 189 with value: 0.3657155072874596.
checkpoint_e33 window_influence: 0.62672528404737948, penalty_k: 0.16209793954311646, scale_lr: 0.20585679581032754, EAO: 0.255
Trial 415 finished with value: 0.2548334108600357 and parameters: {'window_influence': 0.6267252840473795, 'penalty_k': 0.16209793954311646, 'scale_lr': 0.20585679581032754}. Best is trial 189 with value: 0.3657155072874596.
checkpoint_e33 window_influence: 0.45831218115021538, penalty_k: 0.19505222976577236, scale_lr: 0.27650450801195625, EAO: 0.335
Trial 416 finished with value: 0.334695625861795 and parameters: {'window_influence': 0.4583121811502154, 'penalty_k': 0.19505222976577236, 'scale_lr': 0.27650450801195625}. Best is trial 189 with value: 0.3657155072874596.
checkpoint_e33 window_influence: 0.48193133734432814, penalty_k: 0.07145068917008615, scale_lr: 0.24548794715759498, EAO: 0.360
Trial 417 finished with value: 0.36027293492847845 and parameters: {'window_influence': 0.48193133734432814, 'penalty_k': 0.07145068917008615, 'scale_lr': 0.24548794715759498}. Best is trial 189 with value: 0.3657155072874596.
checkpoint_e33 window_influence: 0.34388150874934575, penalty_k: 0.08728695431397308, scale_lr: 0.25847541364401772, EAO: 0.306
Trial 418 finished with value: 0.30571117997169495 and parameters: {'window_influence': 0.34388150874934575, 'penalty_k': 0.08728695431397308, 'scale_lr': 0.2584754136440177}. Best is trial 189 with value: 0.3657155072874596.
checkpoint_e33 window_influence: 0.36266615539439839, penalty_k: 0.07270536627980795, scale_lr: 0.23489182964765148, EAO: 0.302
Trial 419 finished with value: 0.30237579722580743 and parameters: {'window_influence': 0.3626661553943984, 'penalty_k': 0.07270536627980795, 'scale_lr': 0.23489182964765148}. Best is trial 189 with value: 0.3657155072874596.
checkpoint_e33 window_influence: 0.06723748306498895, penalty_k: 0.11005230986689217, scale_lr: 0.21246077923007178, EAO: 0.245
Trial 420 finished with value: 0.2450014359176391 and parameters: {'window_influence': 0.06723748306498895, 'penalty_k': 0.11005230986689217, 'scale_lr': 0.21246077923007178}. Best is trial 189 with value: 0.3657155072874596.
checkpoint_e33 window_influence: 0.50442392105178702, penalty_k: 0.25045670717839424, scale_lr: 0.29746086457663073, EAO: 0.311
Trial 421 finished with value: 0.31120487583750417 and parameters: {'window_influence': 0.504423921051787, 'penalty_k': 0.25045670717839424, 'scale_lr': 0.29746086457663073}. Best is trial 189 with value: 0.3657155072874596.
checkpoint_e33 window_influence: 0.53079794821172022, penalty_k: 0.07029816787799190, scale_lr: 0.18941880926269630, EAO: 0.314
Trial 422 finished with value: 0.3142543460608456 and parameters: {'window_influence': 0.5307979482117202, 'penalty_k': 0.0702981678779919, 'scale_lr': 0.1894188092626963}. Best is trial 189 with value: 0.3657155072874596.
checkpoint_e33 window_influence: 0.39390954486966179, penalty_k: 0.09282564049029632, scale_lr: 0.32199894926962874, EAO: 0.332
Trial 423 finished with value: 0.33204499977108104 and parameters: {'window_influence': 0.3939095448696618, 'penalty_k': 0.09282564049029632, 'scale_lr': 0.32199894926962874}. Best is trial 189 with value: 0.3657155072874596.
checkpoint_e33 window_influence: 0.49211751583496005, penalty_k: 0.06052903580753771, scale_lr: 0.23861575246181160, EAO: 0.336
Trial 424 finished with value: 0.3359741336060869 and parameters: {'window_influence': 0.49211751583496005, 'penalty_k': 0.060529035807537705, 'scale_lr': 0.2386157524618116}. Best is trial 189 with value: 0.3657155072874596.
checkpoint_e33 window_influence: 0.46974638050583123, penalty_k: 0.07996159959087180, scale_lr: 0.37095043857174759, EAO: 0.332
Trial 425 finished with value: 0.3322333764821175 and parameters: {'window_influence': 0.46974638050583123, 'penalty_k': 0.0799615995908718, 'scale_lr': 0.3709504385717476}. Best is trial 189 with value: 0.3657155072874596.
checkpoint_e33 window_influence: 0.37517840432935734, penalty_k: 0.09936733232754905, scale_lr: 0.27512400651822178, EAO: 0.322
Trial 426 finished with value: 0.3223295685498167 and parameters: {'window_influence': 0.37517840432935734, 'penalty_k': 0.09936733232754905, 'scale_lr': 0.2751240065182218}. Best is trial 189 with value: 0.3657155072874596.
checkpoint_e33 window_influence: 0.51333411674670992, penalty_k: 0.23336815433235772, scale_lr: 0.33857380477792642, EAO: 0.320
Trial 427 finished with value: 0.32035845570295235 and parameters: {'window_influence': 0.5133341167467099, 'penalty_k': 0.23336815433235772, 'scale_lr': 0.3385738047779264}. Best is trial 189 with value: 0.3657155072874596.
checkpoint_e33 window_influence: 0.31497588761486839, penalty_k: 0.18444086447488436, scale_lr: 0.28206110876028723, EAO: 0.296
Trial 428 finished with value: 0.2959737431562364 and parameters: {'window_influence': 0.3149758876148684, 'penalty_k': 0.18444086447488436, 'scale_lr': 0.2820611087602872}. Best is trial 189 with value: 0.3657155072874596.
checkpoint_e33 window_influence: 0.48399360415224485, penalty_k: 0.06739676354633262, scale_lr: 0.27077512761654898, EAO: 0.340
Trial 429 finished with value: 0.3395262031239758 and parameters: {'window_influence': 0.48399360415224485, 'penalty_k': 0.06739676354633262, 'scale_lr': 0.270775127616549}. Best is trial 189 with value: 0.3657155072874596.
checkpoint_e33 window_influence: 0.41867209339210359, penalty_k: 0.28472765785018761, scale_lr: 0.17751265820589074, EAO: 0.346
