Trial 1362 finished with value: 0.30894247410594255 and parameters: {'window_influence': 0.405308551908947, 'penalty_k': 0.3980115884918072, 'scale_lr': 0.6670186211735106}. Best is trial 1270 with value: 0.3623636909959845.
checkpoint_e22 window_influence: 0.17593107966562818, penalty_k: 0.16971295205647702, scale_lr: 0.32057785835790131, EAO: 0.259
Trial 1363 finished with value: 0.25875954915577337 and parameters: {'window_influence': 0.17593107966562818, 'penalty_k': 0.16971295205647702, 'scale_lr': 0.3205778583579013}. Best is trial 1270 with value: 0.3623636909959845.
checkpoint_e22 window_influence: 0.34068044312155876, penalty_k: 0.04639785324685609, scale_lr: 0.69670014073912079, EAO: 0.291
Trial 1364 finished with value: 0.2909472553994405 and parameters: {'window_influence': 0.34068044312155876, 'penalty_k': 0.046397853246856094, 'scale_lr': 0.6967001407391208}. Best is trial 1270 with value: 0.3623636909959845.
checkpoint_e22 window_influence: 0.48766700622979137, penalty_k: 0.28815593602888656, scale_lr: 0.49293422605320314, EAO: 0.311
Trial 1365 finished with value: 0.31084441019635256 and parameters: {'window_influence': 0.48766700622979137, 'penalty_k': 0.28815593602888656, 'scale_lr': 0.49293422605320314}. Best is trial 1270 with value: 0.3623636909959845.
checkpoint_e22 window_influence: 0.47500002970508948, penalty_k: 0.09908522474730712, scale_lr: 0.30372278911558154, EAO: 0.333
Trial 1366 finished with value: 0.33341773729843854 and parameters: {'window_influence': 0.4750000297050895, 'penalty_k': 0.09908522474730712, 'scale_lr': 0.30372278911558154}. Best is trial 1270 with value: 0.3623636909959845.
checkpoint_e22 window_influence: 0.58260831368361532, penalty_k: 0.20609124567388204, scale_lr: 0.53173798076504641, EAO: 0.244
Trial 1367 finished with value: 0.24397309483953022 and parameters: {'window_influence': 0.5826083136836153, 'penalty_k': 0.20609124567388204, 'scale_lr': 0.5317379807650464}. Best is trial 1270 with value: 0.3623636909959845.
checkpoint_e22 window_influence: 0.43753951618028714, penalty_k: 0.56589614667272203, scale_lr: 0.76043721192602987, EAO: 0.313
Trial 1368 finished with value: 0.31288587304868587 and parameters: {'window_influence': 0.43753951618028714, 'penalty_k': 0.565896146672722, 'scale_lr': 0.7604372119260299}. Best is trial 1270 with value: 0.3623636909959845.
checkpoint_e22 window_influence: 0.45355002601599476, penalty_k: 0.17857449326201902, scale_lr: 0.28184651736870342, EAO: 0.323
Trial 1369 finished with value: 0.32260680993011487 and parameters: {'window_influence': 0.45355002601599476, 'penalty_k': 0.17857449326201902, 'scale_lr': 0.2818465173687034}. Best is trial 1270 with value: 0.3623636909959845.
checkpoint_e22 window_influence: 0.48829961707509539, penalty_k: 0.06093168050177982, scale_lr: 0.45947640543209073, EAO: 0.340
Trial 1370 finished with value: 0.3399891155239209 and parameters: {'window_influence': 0.4882996170750954, 'penalty_k': 0.06093168050177982, 'scale_lr': 0.45947640543209073}. Best is trial 1270 with value: 0.3623636909959845.
checkpoint_e22 window_influence: 0.46589148923242507, penalty_k: 0.11626675586939977, scale_lr: 0.33540539258101054, EAO: 0.317
Trial 1371 finished with value: 0.31700224443864267 and parameters: {'window_influence': 0.46589148923242507, 'penalty_k': 0.11626675586939977, 'scale_lr': 0.33540539258101054}. Best is trial 1270 with value: 0.3623636909959845.
checkpoint_e22 window_influence: 0.47575652110008537, penalty_k: 0.14059359175061661, scale_lr: 0.65741330218678917, EAO: 0.311
Trial 1372 finished with value: 0.3105353390080456 and parameters: {'window_influence': 0.47575652110008537, 'penalty_k': 0.14059359175061661, 'scale_lr': 0.6574133021867892}. Best is trial 1270 with value: 0.3623636909959845.
checkpoint_e22 window_influence: 0.10904196259788002, penalty_k: 0.27978810156081668, scale_lr: 0.52037116656270732, EAO: 0.238
Trial 1373 finished with value: 0.23805422083645014 and parameters: {'window_influence': 0.10904196259788002, 'penalty_k': 0.2797881015608167, 'scale_lr': 0.5203711665627073}. Best is trial 1270 with value: 0.3623636909959845.
checkpoint_e22 window_influence: 0.61358571365244163, penalty_k: 0.43561209289973390, scale_lr: 0.47282450828612371, EAO: 0.225
Trial 1374 finished with value: 0.22494241270573687 and parameters: {'window_influence': 0.6135857136524416, 'penalty_k': 0.4356120928997339, 'scale_lr': 0.4728245082861237}. Best is trial 1270 with value: 0.3623636909959845.
checkpoint_e22 window_influence: 0.30200857941853410, penalty_k: 0.08980950898245109, scale_lr: 0.31526267295362009, EAO: 0.287
Trial 1375 finished with value: 0.28698284158678833 and parameters: {'window_influence': 0.3020085794185341, 'penalty_k': 0.08980950898245109, 'scale_lr': 0.3152626729536201}. Best is trial 1270 with value: 0.3623636909959845.
checkpoint_e22 window_influence: 0.26127480261277636, penalty_k: 0.30139421829431901, scale_lr: 0.70441083746926125, EAO: 0.270
Trial 1376 finished with value: 0.2701753199332419 and parameters: {'window_influence': 0.26127480261277636, 'penalty_k': 0.301394218294319, 'scale_lr': 0.7044108374692613}. Best is trial 1270 with value: 0.3623636909959845.
checkpoint_e22 window_influence: 0.49643438322886241, penalty_k: 0.45463589927977233, scale_lr: 0.74259568198931214, EAO: 0.294
Trial 1377 finished with value: 0.29434274931362164 and parameters: {'window_influence': 0.4964343832288624, 'penalty_k': 0.4546358992797723, 'scale_lr': 0.7425956819893121}. Best is trial 1270 with value: 0.3623636909959845.
checkpoint_e22 window_influence: 0.41729225499596417, penalty_k: 0.33086961077513122, scale_lr: 0.34596798707527909, EAO: 0.302
Trial 1378 finished with value: 0.3019330925978575 and parameters: {'window_influence': 0.4172922549959642, 'penalty_k': 0.3308696107751312, 'scale_lr': 0.3459679870752791}. Best is trial 1270 with value: 0.3623636909959845.
checkpoint_e22 window_influence: 0.25214563243392718, penalty_k: 0.58482382081462025, scale_lr: 0.54757280090151217, EAO: 0.264
Trial 1379 finished with value: 0.26366632683963626 and parameters: {'window_influence': 0.2521456324339272, 'penalty_k': 0.5848238208146203, 'scale_lr': 0.5475728009015122}. Best is trial 1270 with value: 0.3623636909959845.
checkpoint_e22 window_influence: 0.44693680002843544, penalty_k: 0.53103158570116982, scale_lr: 0.29292166907143169, EAO: 0.289
Trial 1380 finished with value: 0.28851894228374914 and parameters: {'window_influence': 0.44693680002843544, 'penalty_k': 0.5310315857011698, 'scale_lr': 0.2929216690714317}. Best is trial 1270 with value: 0.3623636909959845.
checkpoint_e22 window_influence: 0.48480269097902795, penalty_k: 0.12009604361822646, scale_lr: 0.27596900296557703, EAO: 0.313
Trial 1381 finished with value: 0.3133332856318366 and parameters: {'window_influence': 0.48480269097902795, 'penalty_k': 0.12009604361822646, 'scale_lr': 0.275969002965577}. Best is trial 1270 with value: 0.3623636909959845.
checkpoint_e22 window_influence: 0.09427119447530796, penalty_k: 0.06638638988365686, scale_lr: 0.22668001203885435, EAO: 0.245
Trial 1382 finished with value: 0.24502595853248924 and parameters: {'window_influence': 0.09427119447530796, 'penalty_k': 0.06638638988365686, 'scale_lr': 0.22668001203885435}. Best is trial 1270 with value: 0.3623636909959845.
checkpoint_e22 window_influence: 0.26287585394364216, penalty_k: 0.10584767124934724, scale_lr: 0.68200090660596491, EAO: 0.282
Trial 1383 finished with value: 0.2817463525190428 and parameters: {'window_influence': 0.26287585394364216, 'penalty_k': 0.10584767124934724, 'scale_lr': 0.6820009066059649}. Best is trial 1270 with value: 0.3623636909959845.
checkpoint_e22 window_influence: 0.42926268497979642, penalty_k: 0.34346875087407075, scale_lr: 0.44930081393337595, EAO: 0.301
Trial 1384 finished with value: 0.3010895600114815 and parameters: {'window_influence': 0.4292626849797964, 'penalty_k': 0.34346875087407075, 'scale_lr': 0.44930081393337595}. Best is trial 1270 with value: 0.3623636909959845.
checkpoint_e22 window_influence: 0.46167414861519795, penalty_k: 0.26891129384592738, scale_lr: 0.64432414648620573, EAO: 0.302
Trial 1385 finished with value: 0.30245109644613377 and parameters: {'window_influence': 0.46167414861519795, 'penalty_k': 0.2689112938459274, 'scale_lr': 0.6443241464862057}. Best is trial 1270 with value: 0.3623636909959845.
checkpoint_e22 window_influence: 0.33160767790659401, penalty_k: 0.24879747383565504, scale_lr: 0.32926944039553357, EAO: 0.300
Trial 1386 finished with value: 0.2995581036643759 and parameters: {'window_influence': 0.331607677906594, 'penalty_k': 0.24879747383565504, 'scale_lr': 0.3292694403955336}. Best is trial 1270 with value: 0.3623636909959845.
checkpoint_e22 window_influence: 0.50666350299473806, penalty_k: 0.07787835905573041, scale_lr: 0.78366238065495009, EAO: 0.306
Trial 1387 finished with value: 0.30633210457484544 and parameters: {'window_influence': 0.5066635029947381, 'penalty_k': 0.07787835905573041, 'scale_lr': 0.7836623806549501}. Best is trial 1270 with value: 0.3623636909959845.
checkpoint_e22 window_influence: 0.57778652525313523, penalty_k: 0.13172366748771050, scale_lr: 0.42474135984317135, EAO: 0.280
Trial 1388 finished with value: 0.2804532020936216 and parameters: {'window_influence': 0.5777865252531352, 'penalty_k': 0.1317236674877105, 'scale_lr': 0.42474135984317135}. Best is trial 1270 with value: 0.3623636909959845.
checkpoint_e22 window_influence: 0.47353007969378297, penalty_k: 0.09295939717886376, scale_lr: 0.47815823600842483, EAO: 0.314
Trial 1389 finished with value: 0.31399374521891893 and parameters: {'window_influence': 0.47353007969378297, 'penalty_k': 0.09295939717886376, 'scale_lr': 0.47815823600842483}. Best is trial 1270 with value: 0.3623636909959845.
checkpoint_e22 window_influence: 0.49513650186490810, penalty_k: 0.03576351144434413, scale_lr: 0.50997911695743681, EAO: 0.326
Trial 1390 finished with value: 0.3262044703914034 and parameters: {'window_influence': 0.4951365018649081, 'penalty_k': 0.03576351144434413, 'scale_lr': 0.5099791169574368}. Best is trial 1270 with value: 0.3623636909959845.
checkpoint_e22 window_influence: 0.44333250111790029, penalty_k: 0.35642971209046470, scale_lr: 0.49367061738225393, EAO: 0.297
Trial 1391 finished with value: 0.29749202357191984 and parameters: {'window_influence': 0.4433325011179003, 'penalty_k': 0.3564297120904647, 'scale_lr': 0.49367061738225393}. Best is trial 1270 with value: 0.3623636909959845.
checkpoint_e22 window_influence: 0.46011462305060091, penalty_k: 0.57674636675043178, scale_lr: 0.30648176823839673, EAO: 0.298
Trial 1392 finished with value: 0.29815328944517944 and parameters: {'window_influence': 0.4601146230506009, 'penalty_k': 0.5767463667504318, 'scale_lr': 0.30648176823839673}. Best is trial 1270 with value: 0.3623636909959845.
checkpoint_e22 window_influence: 0.22554912695122953, penalty_k: 0.21558937925256005, scale_lr: 0.34098128952107420, EAO: 0.269
Trial 1393 finished with value: 0.26898208672202517 and parameters: {'window_influence': 0.22554912695122953, 'penalty_k': 0.21558937925256005, 'scale_lr': 0.3409812895210742}. Best is trial 1270 with value: 0.3623636909959845.
checkpoint_e22 window_influence: 0.52166773109697551, penalty_k: 0.10743293242141849, scale_lr: 0.66873009869276157, EAO: 0.280
Trial 1394 finished with value: 0.27967854818249493 and parameters: {'window_influence': 0.5216677310969755, 'penalty_k': 0.10743293242141849, 'scale_lr': 0.6687300986927616}. Best is trial 1270 with value: 0.3623636909959845.
checkpoint_e22 window_influence: 0.55522939424055717, penalty_k: 0.00009476711862852, scale_lr: 0.12755985592519137, EAO: 0.292
Trial 1395 finished with value: 0.2920848699395295 and parameters: {'window_influence': 0.5552293942405572, 'penalty_k': 9.476711862852101e-05, 'scale_lr': 0.12755985592519137}. Best is trial 1270 with value: 0.3623636909959845.
checkpoint_e22 window_influence: 0.48239917422463774, penalty_k: 0.40173913966067210, scale_lr: 0.26096942376861598, EAO: 0.304
Trial 1396 finished with value: 0.30355698971896783 and parameters: {'window_influence': 0.48239917422463774, 'penalty_k': 0.4017391396606721, 'scale_lr': 0.260969423768616}. Best is trial 1270 with value: 0.3623636909959845.
checkpoint_e22 window_influence: 0.46862580217022165, penalty_k: 0.50336934960687274, scale_lr: 0.32567860369313850, EAO: 0.305
Trial 1397 finished with value: 0.304707084938246 and parameters: {'window_influence': 0.46862580217022165, 'penalty_k': 0.5033693496068727, 'scale_lr': 0.3256786036931385}. Best is trial 1270 with value: 0.3623636909959845.
checkpoint_e22 window_influence: 0.31375007606930655, penalty_k: 0.31342763324776124, scale_lr: 0.53076785689387707, EAO: 0.285
Trial 1398 finished with value: 0.2846356434348956 and parameters: {'window_influence': 0.31375007606930655, 'penalty_k': 0.31342763324776124, 'scale_lr': 0.5307678568938771}. Best is trial 1270 with value: 0.3623636909959845.
checkpoint_e22 window_influence: 0.50681206627045405, penalty_k: 0.15949145547116203, scale_lr: 0.35838747037574664, EAO: 0.315
Trial 1399 finished with value: 0.3148779717748731 and parameters: {'window_influence': 0.506812066270454, 'penalty_k': 0.15949145547116203, 'scale_lr': 0.35838747037574664}. Best is trial 1270 with value: 0.3623636909959845.
checkpoint_e22 window_influence: 0.44943450535541168, penalty_k: 0.05018232794930465, scale_lr: 0.46867950946660403, EAO: 0.320
Trial 1400 finished with value: 0.3201741442258256 and parameters: {'window_influence': 0.4494345053554117, 'penalty_k': 0.05018232794930465, 'scale_lr': 0.468679509466604}. Best is trial 1270 with value: 0.3623636909959845.
checkpoint_e22 window_influence: 0.11983203697576442, penalty_k: 0.25183360380081188, scale_lr: 0.29035961406242466, EAO: 0.247
Trial 1401 finished with value: 0.24745607474666625 and parameters: {'window_influence': 0.11983203697576442, 'penalty_k': 0.2518336038008119, 'scale_lr': 0.29035961406242466}. Best is trial 1270 with value: 0.3623636909959845.
checkpoint_e22 window_influence: 0.49085120358450657, penalty_k: 0.14947483122424213, scale_lr: 0.31101359015762303, EAO: 0.312
Trial 1402 finished with value: 0.3116316641119204 and parameters: {'window_influence': 0.49085120358450657, 'penalty_k': 0.14947483122424213, 'scale_lr': 0.31101359015762303}. Best is trial 1270 with value: 0.3623636909959845.
checkpoint_e22 window_influence: 0.47831774768496849, penalty_k: 0.12200637452729284, scale_lr: 0.71002817002554053, EAO: 0.330
Trial 1403 finished with value: 0.33014675522592746 and parameters: {'window_influence': 0.4783177476849685, 'penalty_k': 0.12200637452729284, 'scale_lr': 0.7100281700255405}. Best is trial 1270 with value: 0.3623636909959845.
checkpoint_e22 window_influence: 0.18836698748200945, penalty_k: 0.07356120129006159, scale_lr: 0.73109961529580647, EAO: 0.282
Trial 1404 finished with value: 0.2819100237426127 and parameters: {'window_influence': 0.18836698748200945, 'penalty_k': 0.07356120129006159, 'scale_lr': 0.7310996152958065}. Best is trial 1270 with value: 0.3623636909959845.
checkpoint_e22 window_influence: 0.42006348288766554, penalty_k: 0.02250319229258023, scale_lr: 0.39829256180467998, EAO: 0.291
Trial 1405 finished with value: 0.29072160497017874 and parameters: {'window_influence': 0.42006348288766554, 'penalty_k': 0.02250319229258023, 'scale_lr': 0.39829256180468}. Best is trial 1270 with value: 0.3623636909959845.
checkpoint_e22 window_influence: 0.58808934945090630, penalty_k: 0.09389184568569005, scale_lr: 0.78732206322475295, EAO: 0.251
Trial 1406 finished with value: 0.25067648616282395 and parameters: {'window_influence': 0.5880893494509063, 'penalty_k': 0.09389184568569005, 'scale_lr': 0.787322063224753}. Best is trial 1270 with value: 0.3623636909959845.
checkpoint_e22 window_influence: 0.07971821310449290, penalty_k: 0.11339641846650995, scale_lr: 0.45687352182107194, EAO: 0.253
Trial 1407 finished with value: 0.25312244184750066 and parameters: {'window_influence': 0.0797182131044929, 'penalty_k': 0.11339641846650995, 'scale_lr': 0.45687352182107194}. Best is trial 1270 with value: 0.3623636909959845.
checkpoint_e22 window_influence: 0.43566543052018369, penalty_k: 0.19511749175322968, scale_lr: 0.74824759651581463, EAO: 0.323
Trial 1408 finished with value: 0.32348019313719484 and parameters: {'window_influence': 0.4356654305201837, 'penalty_k': 0.19511749175322968, 'scale_lr': 0.7482475965158146}. Best is trial 1270 with value: 0.3623636909959845.
checkpoint_e22 window_influence: 0.21359129433639182, penalty_k: 0.32560169676032041, scale_lr: 0.76382436504036799, EAO: 0.274
Trial 1409 finished with value: 0.2737950243142792 and parameters: {'window_influence': 0.21359129433639182, 'penalty_k': 0.3256016967603204, 'scale_lr': 0.763824365040368}. Best is trial 1270 with value: 0.3623636909959845.
checkpoint_e22 window_influence: 0.29042615035722896, penalty_k: 0.13315690525640719, scale_lr: 0.41926364636232233, EAO: 0.274
Trial 1410 finished with value: 0.2740181264130522 and parameters: {'window_influence': 0.29042615035722896, 'penalty_k': 0.1331569052564072, 'scale_lr': 0.41926364636232233}. Best is trial 1270 with value: 0.3623636909959845.
checkpoint_e22 window_influence: 0.46023955631373875, penalty_k: 0.23321027765440080, scale_lr: 0.54144070607363892, EAO: 0.301
Trial 1411 finished with value: 0.30093652578179475 and parameters: {'window_influence': 0.46023955631373875, 'penalty_k': 0.2332102776544008, 'scale_lr': 0.5414407060736389}. Best is trial 1270 with value: 0.3623636909959845.
checkpoint_e22 window_influence: 0.40630729101190949, penalty_k: 0.29696794721032194, scale_lr: 0.17889365166481236, EAO: 0.290
Trial 1412 finished with value: 0.28982668326522587 and parameters: {'window_influence': 0.4063072910119095, 'penalty_k': 0.29696794721032194, 'scale_lr': 0.17889365166481236}. Best is trial 1270 with value: 0.3623636909959845.
checkpoint_e22 window_influence: 0.33883015602185351, penalty_k: 0.08525759019597218, scale_lr: 0.49858310516030041, EAO: 0.296
Trial 1413 finished with value: 0.29574936680524727 and parameters: {'window_influence': 0.3388301560218535, 'penalty_k': 0.08525759019597218, 'scale_lr': 0.4985831051603004}. Best is trial 1270 with value: 0.3623636909959845.
checkpoint_e22 window_influence: 0.37998686045873942, penalty_k: 0.49747138879704289, scale_lr: 0.34793876416588326, EAO: 0.295
Trial 1414 finished with value: 0.2948333060926964 and parameters: {'window_influence': 0.3799868604587394, 'penalty_k': 0.4974713887970429, 'scale_lr': 0.34793876416588326}. Best is trial 1270 with value: 0.3623636909959845.
checkpoint_e22 window_influence: 0.50137160182391649, penalty_k: 0.42215065997089757, scale_lr: 0.51421198587382433, EAO: 0.293
Trial 1415 finished with value: 0.2934896271052527 and parameters: {'window_influence': 0.5013716018239165, 'penalty_k': 0.42215065997089757, 'scale_lr': 0.5142119858738243}. Best is trial 1270 with value: 0.3623636909959845.
checkpoint_e22 window_influence: 0.51510489062806553, penalty_k: 0.10211462671057177, scale_lr: 0.27392199828587377, EAO: 0.331
Trial 1416 finished with value: 0.3312035794387995 and parameters: {'window_influence': 0.5151048906280655, 'penalty_k': 0.10211462671057177, 'scale_lr': 0.27392199828587377}. Best is trial 1270 with value: 0.3623636909959845.
checkpoint_e22 window_influence: 0.60466167295702888, penalty_k: 0.55433712760989695, scale_lr: 0.10465163849509901, EAO: 0.247
Trial 1417 finished with value: 0.24725413751509404 and parameters: {'window_influence': 0.6046616729570289, 'penalty_k': 0.554337127609897, 'scale_lr': 0.10465163849509901}. Best is trial 1270 with value: 0.3623636909959845.
checkpoint_e22 window_influence: 0.13771410300202017, penalty_k: 0.03288263154567839, scale_lr: 0.62885458814885009, EAO: 0.272
Trial 1418 finished with value: 0.27151240512786673 and parameters: {'window_influence': 0.13771410300202017, 'penalty_k': 0.032882631545678394, 'scale_lr': 0.6288545881488501}. Best is trial 1270 with value: 0.3623636909959845.
checkpoint_e22 window_influence: 0.47196475714804909, penalty_k: 0.05782587859103029, scale_lr: 0.65033319377306764, EAO: 0.326
Trial 1419 finished with value: 0.325538105132051 and parameters: {'window_influence': 0.4719647571480491, 'penalty_k': 0.05782587859103029, 'scale_lr': 0.6503331937730676}. Best is trial 1270 with value: 0.3623636909959845.
checkpoint_e22 window_influence: 0.48800184816792952, penalty_k: 0.13972841016023463, scale_lr: 0.48504161752427494, EAO: 0.297
Trial 1420 finished with value: 0.2974646412097063 and parameters: {'window_influence': 0.4880018481679295, 'penalty_k': 0.13972841016023463, 'scale_lr': 0.48504161752427494}. Best is trial 1270 with value: 0.3623636909959845.
checkpoint_e22 window_influence: 0.45063915025332441, penalty_k: 0.06866327774816498, scale_lr: 0.32735802598683306, EAO: 0.319
Trial 1421 finished with value: 0.3187874182189021 and parameters: {'window_influence': 0.4506391502533244, 'penalty_k': 0.06866327774816498, 'scale_lr': 0.32735802598683306}. Best is trial 1270 with value: 0.3623636909959845.
checkpoint_e22 window_influence: 0.47667996054495254, penalty_k: 0.11782756338095451, scale_lr: 0.24454036833726187, EAO: 0.325
Trial 1422 finished with value: 0.3254051373162622 and parameters: {'window_influence': 0.47667996054495254, 'penalty_k': 0.11782756338095451, 'scale_lr': 0.24454036833726187}. Best is trial 1270 with value: 0.3623636909959845.
checkpoint_e22 window_influence: 0.17955592717135330, penalty_k: 0.16823587936097215, scale_lr: 0.44678130796814886, EAO: 0.260
