Trial 310 finished with value: 0.3286934188831641 and parameters: {'window_influence': 0.4809337670464041, 'penalty_k': 0.2546222090829722, 'scale_lr': 0.6681787805047124}. Best is trial 294 with value: 0.3769690837377704.
checkpoint_e36 window_influence: 0.49379519745490319, penalty_k: 0.27671391634974712, scale_lr: 0.64433738232211735, EAO: 0.336
Trial 311 finished with value: 0.3362403423869656 and parameters: {'window_influence': 0.4937951974549032, 'penalty_k': 0.2767139163497471, 'scale_lr': 0.6443373823221173}. Best is trial 294 with value: 0.3769690837377704.
checkpoint_e36 window_influence: 0.47798234798085076, penalty_k: 0.26630504731995791, scale_lr: 0.66453989757796283, EAO: 0.343
Trial 312 finished with value: 0.34305972197176415 and parameters: {'window_influence': 0.47798234798085076, 'penalty_k': 0.2663050473199579, 'scale_lr': 0.6645398975779628}. Best is trial 294 with value: 0.3769690837377704.
checkpoint_e36 window_influence: 0.07719538277495935, penalty_k: 0.28464909905065527, scale_lr: 0.65551273299812229, EAO: 0.251
Trial 313 finished with value: 0.251385776681195 and parameters: {'window_influence': 0.07719538277495935, 'penalty_k': 0.2846490990506553, 'scale_lr': 0.6555127329981223}. Best is trial 294 with value: 0.3769690837377704.
checkpoint_e36 window_influence: 0.51236003870040026, penalty_k: 0.27041370953823557, scale_lr: 0.61840359846571569, EAO: 0.325
Trial 314 finished with value: 0.32454417541565134 and parameters: {'window_influence': 0.5123600387004003, 'penalty_k': 0.27041370953823557, 'scale_lr': 0.6184035984657157}. Best is trial 294 with value: 0.3769690837377704.
checkpoint_e36 window_influence: 0.49116551136824838, penalty_k: 0.24289844023117424, scale_lr: 0.63087348764921503, EAO: 0.360
Trial 315 finished with value: 0.3598911532632108 and parameters: {'window_influence': 0.4911655113682484, 'penalty_k': 0.24289844023117424, 'scale_lr': 0.630873487649215}. Best is trial 294 with value: 0.3769690837377704.
checkpoint_e36 window_influence: 0.47550148350054244, penalty_k: 0.25448584655637069, scale_lr: 0.63470722000412694, EAO: 0.356
Trial 316 finished with value: 0.35580284412269 and parameters: {'window_influence': 0.47550148350054244, 'penalty_k': 0.2544858465563707, 'scale_lr': 0.6347072200041269}. Best is trial 294 with value: 0.3769690837377704.
checkpoint_e36 window_influence: 0.49911014379572188, penalty_k: 0.25589083050131883, scale_lr: 0.63737248792270540, EAO: 0.348
Trial 317 finished with value: 0.3484886559994768 and parameters: {'window_influence': 0.4991101437957219, 'penalty_k': 0.25589083050131883, 'scale_lr': 0.6373724879227054}. Best is trial 294 with value: 0.3769690837377704.
checkpoint_e36 window_influence: 0.48005993687289839, penalty_k: 0.29034715913868747, scale_lr: 0.62646695797575880, EAO: 0.340
Trial 318 finished with value: 0.33951499977000493 and parameters: {'window_influence': 0.4800599368728984, 'penalty_k': 0.29034715913868747, 'scale_lr': 0.6264669579757588}. Best is trial 294 with value: 0.3769690837377704.
checkpoint_e36 window_influence: 0.35670836177393012, penalty_k: 0.24238711128349630, scale_lr: 0.65096701743254026, EAO: 0.327
Trial 319 finished with value: 0.32695841371781165 and parameters: {'window_influence': 0.3567083617739301, 'penalty_k': 0.2423871112834963, 'scale_lr': 0.6509670174325403}. Best is trial 294 with value: 0.3769690837377704.
checkpoint_e36 window_influence: 0.49156060484080327, penalty_k: 0.26278876653130706, scale_lr: 0.63378366461932212, EAO: 0.351
Trial 320 finished with value: 0.3512262619654956 and parameters: {'window_influence': 0.4915606048408033, 'penalty_k': 0.26278876653130706, 'scale_lr': 0.6337836646193221}. Best is trial 294 with value: 0.3769690837377704.
checkpoint_e36 window_influence: 0.47527938517670876, penalty_k: 0.01393858029138112, scale_lr: 0.61695819031744459, EAO: 0.340
Trial 321 finished with value: 0.3397552866184294 and parameters: {'window_influence': 0.47527938517670876, 'penalty_k': 0.01393858029138112, 'scale_lr': 0.6169581903174446}. Best is trial 294 with value: 0.3769690837377704.
checkpoint_e36 window_influence: 0.38809186755796704, penalty_k: 0.27305123976797763, scale_lr: 0.63767925127600966, EAO: 0.341
Trial 322 finished with value: 0.3412868385185064 and parameters: {'window_influence': 0.38809186755796704, 'penalty_k': 0.2730512397679776, 'scale_lr': 0.6376792512760097}. Best is trial 294 with value: 0.3769690837377704.
checkpoint_e36 window_influence: 0.50947431081179273, penalty_k: 0.24368794026152885, scale_lr: 0.66101325770106789, EAO: 0.312
Trial 323 finished with value: 0.3123420812624438 and parameters: {'window_influence': 0.5094743108117927, 'penalty_k': 0.24368794026152885, 'scale_lr': 0.6610132577010679}. Best is trial 294 with value: 0.3769690837377704.
checkpoint_e36 window_influence: 0.47602510865545977, penalty_k: 0.25475887810424924, scale_lr: 0.61254982117619183, EAO: 0.339
Trial 324 finished with value: 0.339260148051184 and parameters: {'window_influence': 0.47602510865545977, 'penalty_k': 0.25475887810424924, 'scale_lr': 0.6125498211761918}. Best is trial 294 with value: 0.3769690837377704.
checkpoint_e36 window_influence: 0.49086986361599277, penalty_k: 0.28294297182095623, scale_lr: 0.64336350796767938, EAO: 0.345
Trial 325 finished with value: 0.34513697503605706 and parameters: {'window_influence': 0.4908698636159928, 'penalty_k': 0.28294297182095623, 'scale_lr': 0.6433635079676794}. Best is trial 294 with value: 0.3769690837377704.
checkpoint_e36 window_influence: 0.47328519581182876, penalty_k: 0.23761771547166999, scale_lr: 0.62583011367370522, EAO: 0.363
Trial 326 finished with value: 0.3632828025038604 and parameters: {'window_influence': 0.47328519581182876, 'penalty_k': 0.23761771547167, 'scale_lr': 0.6258301136737052}. Best is trial 294 with value: 0.3769690837377704.
checkpoint_e36 window_influence: 0.50009428242939247, penalty_k: 0.23263258609510395, scale_lr: 0.29631458858093052, EAO: 0.320
Trial 327 finished with value: 0.32034789883904885 and parameters: {'window_influence': 0.5000942824293925, 'penalty_k': 0.23263258609510395, 'scale_lr': 0.2963145885809305}. Best is trial 294 with value: 0.3769690837377704.
checkpoint_e36 window_influence: 0.34591440284471553, penalty_k: 0.23541670167939430, scale_lr: 0.62882070655059930, EAO: 0.302
Trial 328 finished with value: 0.3023486314812523 and parameters: {'window_influence': 0.34591440284471553, 'penalty_k': 0.2354167016793943, 'scale_lr': 0.6288207065505993}. Best is trial 294 with value: 0.3769690837377704.
checkpoint_e36 window_influence: 0.48270609673795356, penalty_k: 0.24478879830823552, scale_lr: 0.65513431960740132, EAO: 0.336
Trial 329 finished with value: 0.33571266455409127 and parameters: {'window_influence': 0.48270609673795356, 'penalty_k': 0.24478879830823552, 'scale_lr': 0.6551343196074013}. Best is trial 294 with value: 0.3769690837377704.
checkpoint_e36 window_influence: 0.46789823187154095, penalty_k: 0.26434942779082726, scale_lr: 0.68336723695976631, EAO: 0.346
Trial 330 finished with value: 0.3461676317662117 and parameters: {'window_influence': 0.46789823187154095, 'penalty_k': 0.26434942779082726, 'scale_lr': 0.6833672369597663}. Best is trial 294 with value: 0.3769690837377704.
checkpoint_e36 window_influence: 0.49125710386686261, penalty_k: 0.22084591809002269, scale_lr: 0.62610638837776855, EAO: 0.359
Trial 331 finished with value: 0.3586632406433269 and parameters: {'window_influence': 0.4912571038668626, 'penalty_k': 0.22084591809002269, 'scale_lr': 0.6261063883777686}. Best is trial 294 with value: 0.3769690837377704.
checkpoint_e36 window_influence: 0.37730923883949152, penalty_k: 0.22408028127869697, scale_lr: 0.60616597961400664, EAO: 0.306
Trial 332 finished with value: 0.30621216994083345 and parameters: {'window_influence': 0.3773092388394915, 'penalty_k': 0.22408028127869697, 'scale_lr': 0.6061659796140066}. Best is trial 294 with value: 0.3769690837377704.
checkpoint_e36 window_influence: 0.49347869873780159, penalty_k: 0.22585476217336814, scale_lr: 0.62466001976300423, EAO: 0.354
Trial 333 finished with value: 0.3541759448524579 and parameters: {'window_influence': 0.4934786987378016, 'penalty_k': 0.22585476217336814, 'scale_lr': 0.6246600197630042}. Best is trial 294 with value: 0.3769690837377704.
checkpoint_e36 window_influence: 0.52702798627952496, penalty_k: 0.22576838602480426, scale_lr: 0.62136697594525603, EAO: 0.315
Trial 334 finished with value: 0.3146778823452701 and parameters: {'window_influence': 0.527027986279525, 'penalty_k': 0.22576838602480426, 'scale_lr': 0.621366975945256}. Best is trial 294 with value: 0.3769690837377704.
checkpoint_e36 window_influence: 0.51625951798476344, penalty_k: 0.23142559790048930, scale_lr: 0.61006075134304238, EAO: 0.313
Trial 335 finished with value: 0.31323985610490646 and parameters: {'window_influence': 0.5162595179847634, 'penalty_k': 0.2314255979004893, 'scale_lr': 0.6100607513430424}. Best is trial 294 with value: 0.3769690837377704.
checkpoint_e36 window_influence: 0.24623548218649766, penalty_k: 0.24083301169560165, scale_lr: 0.62899759868654070, EAO: 0.303
Trial 336 finished with value: 0.3031416791074471 and parameters: {'window_influence': 0.24623548218649766, 'penalty_k': 0.24083301169560165, 'scale_lr': 0.6289975986865407}. Best is trial 294 with value: 0.3769690837377704.
checkpoint_e36 window_influence: 0.51001969583357198, penalty_k: 0.22248881540406126, scale_lr: 0.39763477397631797, EAO: 0.313
Trial 337 finished with value: 0.3129552721629347 and parameters: {'window_influence': 0.510019695833572, 'penalty_k': 0.22248881540406126, 'scale_lr': 0.39763477397631797}. Best is trial 294 with value: 0.3769690837377704.
checkpoint_e36 window_influence: 0.49648974450574884, penalty_k: 0.24990905842248054, scale_lr: 0.60984478429938627, EAO: 0.351
Trial 338 finished with value: 0.3510477291238911 and parameters: {'window_influence': 0.49648974450574884, 'penalty_k': 0.24990905842248054, 'scale_lr': 0.6098447842993863}. Best is trial 294 with value: 0.3769690837377704.
checkpoint_e36 window_influence: 0.48887138566047400, penalty_k: 0.23416156908108554, scale_lr: 0.62695154204306225, EAO: 0.341
Trial 339 finished with value: 0.34148121332380094 and parameters: {'window_influence': 0.488871385660474, 'penalty_k': 0.23416156908108554, 'scale_lr': 0.6269515420430622}. Best is trial 294 with value: 0.3769690837377704.
checkpoint_e36 window_influence: 0.50547717773773249, penalty_k: 0.51525486432246059, scale_lr: 0.60267420373762493, EAO: 0.302
Trial 340 finished with value: 0.30222579204850625 and parameters: {'window_influence': 0.5054771777377325, 'penalty_k': 0.5152548643224606, 'scale_lr': 0.6026742037376249}. Best is trial 294 with value: 0.3769690837377704.
checkpoint_e36 window_influence: 0.46455464226370080, penalty_k: 0.21741059028748586, scale_lr: 0.64115441665516915, EAO: 0.325
Trial 341 finished with value: 0.3250857149812498 and parameters: {'window_influence': 0.4645546422637008, 'penalty_k': 0.21741059028748586, 'scale_lr': 0.6411544166551691}. Best is trial 294 with value: 0.3769690837377704.
checkpoint_e36 window_influence: 0.27744340860117783, penalty_k: 0.21412463176804714, scale_lr: 0.49905231211786100, EAO: 0.302
Trial 342 finished with value: 0.3015899829827394 and parameters: {'window_influence': 0.27744340860117783, 'penalty_k': 0.21412463176804714, 'scale_lr': 0.499052312117861}. Best is trial 294 with value: 0.3769690837377704.
checkpoint_e36 window_influence: 0.53314588450544109, penalty_k: 0.25254249741720164, scale_lr: 0.61779444446106779, EAO: 0.304
Trial 343 finished with value: 0.30369733639264385 and parameters: {'window_influence': 0.5331458845054411, 'penalty_k': 0.25254249741720164, 'scale_lr': 0.6177944444610678}. Best is trial 294 with value: 0.3769690837377704.
checkpoint_e36 window_influence: 0.64376791985138759, penalty_k: 0.22845056890506654, scale_lr: 0.59956198733633803, EAO: 0.245
Trial 344 finished with value: 0.24523883814477734 and parameters: {'window_influence': 0.6437679198513876, 'penalty_k': 0.22845056890506654, 'scale_lr': 0.599561987336338}. Best is trial 294 with value: 0.3769690837377704.
checkpoint_e36 window_influence: 0.33146411744980009, penalty_k: 0.23291014781882038, scale_lr: 0.31219259234011038, EAO: 0.296
Trial 345 finished with value: 0.2956831013993994 and parameters: {'window_influence': 0.3314641174498001, 'penalty_k': 0.23291014781882038, 'scale_lr': 0.3121925923401104}. Best is trial 294 with value: 0.3769690837377704.
checkpoint_e36 window_influence: 0.22072502832221150, penalty_k: 0.44436341684195158, scale_lr: 0.62537977117655152, EAO: 0.271
Trial 346 finished with value: 0.27143953108602 and parameters: {'window_influence': 0.2207250283222115, 'penalty_k': 0.4443634168419516, 'scale_lr': 0.6253797711765515}. Best is trial 294 with value: 0.3769690837377704.
checkpoint_e36 window_influence: 0.48779208040058630, penalty_k: 0.13920874506992995, scale_lr: 0.64433234192519251, EAO: 0.361
Trial 347 finished with value: 0.3609932133427854 and parameters: {'window_influence': 0.4877920804005863, 'penalty_k': 0.13920874506992995, 'scale_lr': 0.6443323419251925}. Best is trial 294 with value: 0.3769690837377704.
checkpoint_e36 window_influence: 0.55801373745935146, penalty_k: 0.14169753533377194, scale_lr: 0.64594323122429520, EAO: 0.285
Trial 348 finished with value: 0.2850047157432319 and parameters: {'window_influence': 0.5580137374593515, 'penalty_k': 0.14169753533377194, 'scale_lr': 0.6459432312242952}. Best is trial 294 with value: 0.3769690837377704.
checkpoint_e36 window_influence: 0.52195437319557825, penalty_k: 0.10406818653265373, scale_lr: 0.37366695893236207, EAO: 0.324
Trial 349 finished with value: 0.3241951104383988 and parameters: {'window_influence': 0.5219543731955782, 'penalty_k': 0.10406818653265373, 'scale_lr': 0.37366695893236207}. Best is trial 294 with value: 0.3769690837377704.
checkpoint_e36 window_influence: 0.40482841098414746, penalty_k: 0.14001304039244891, scale_lr: 0.66422486607362197, EAO: 0.309
Trial 350 finished with value: 0.30884191892490315 and parameters: {'window_influence': 0.40482841098414746, 'penalty_k': 0.1400130403924489, 'scale_lr': 0.664224866073622}. Best is trial 294 with value: 0.3769690837377704.
checkpoint_e36 window_influence: 0.49047004344247919, penalty_k: 0.12908585637808356, scale_lr: 0.63802549411180243, EAO: 0.353
Trial 351 finished with value: 0.3528226888829168 and parameters: {'window_influence': 0.4904700434424792, 'penalty_k': 0.12908585637808356, 'scale_lr': 0.6380254941118024}. Best is trial 294 with value: 0.3769690837377704.
checkpoint_e36 window_influence: 0.50368000877978125, penalty_k: 0.24597920774555812, scale_lr: 0.67364971921966310, EAO: 0.328
Trial 352 finished with value: 0.3279307188922793 and parameters: {'window_influence': 0.5036800087797813, 'penalty_k': 0.24597920774555812, 'scale_lr': 0.6736497192196631}. Best is trial 294 with value: 0.3769690837377704.
checkpoint_e36 window_influence: 0.48894113502769077, penalty_k: 0.14907243954371643, scale_lr: 0.35491044197449961, EAO: 0.340
Trial 353 finished with value: 0.3399241659427895 and parameters: {'window_influence': 0.48894113502769077, 'penalty_k': 0.14907243954371643, 'scale_lr': 0.3549104419744996}. Best is trial 294 with value: 0.3769690837377704.
checkpoint_e36 window_influence: 0.47080166227524967, penalty_k: 0.09712294142564490, scale_lr: 0.43747807879579020, EAO: 0.348
Trial 354 finished with value: 0.3482937684086974 and parameters: {'window_influence': 0.47080166227524967, 'penalty_k': 0.0971229414256449, 'scale_lr': 0.4374780787957902}. Best is trial 294 with value: 0.3769690837377704.
checkpoint_e36 window_influence: 0.60647411361481540, penalty_k: 0.21416960970374829, scale_lr: 0.65324898543214704, EAO: 0.250
Trial 355 finished with value: 0.25019739533444785 and parameters: {'window_influence': 0.6064741136148154, 'penalty_k': 0.2141696097037483, 'scale_lr': 0.653248985432147}. Best is trial 294 with value: 0.3769690837377704.
checkpoint_e36 window_influence: 0.49729470574156220, penalty_k: 0.59302110034990052, scale_lr: 0.62758955507329983, EAO: 0.324
Trial 356 finished with value: 0.3240081671378956 and parameters: {'window_influence': 0.4972947057415622, 'penalty_k': 0.5930211003499005, 'scale_lr': 0.6275895550732998}. Best is trial 294 with value: 0.3769690837377704.
checkpoint_e36 window_influence: 0.45406554192153337, penalty_k: 0.24326601167860648, scale_lr: 0.46778348020898303, EAO: 0.343
Trial 357 finished with value: 0.34334476309527684 and parameters: {'window_influence': 0.45406554192153337, 'penalty_k': 0.24326601167860648, 'scale_lr': 0.467783480208983}. Best is trial 294 with value: 0.3769690837377704.
checkpoint_e36 window_influence: 0.51927661862528329, penalty_k: 0.25958310201857793, scale_lr: 0.61125118563234371, EAO: 0.335
Trial 358 finished with value: 0.3354190401298063 and parameters: {'window_influence': 0.5192766186252833, 'penalty_k': 0.2595831020185779, 'scale_lr': 0.6112511856323437}. Best is trial 294 with value: 0.3769690837377704.
checkpoint_e36 window_influence: 0.48602612578631604, penalty_k: 0.22672256897710594, scale_lr: 0.64289632047155842, EAO: 0.347
Trial 359 finished with value: 0.34663107596946596 and parameters: {'window_influence': 0.48602612578631604, 'penalty_k': 0.22672256897710594, 'scale_lr': 0.6428963204715584}. Best is trial 294 with value: 0.3769690837377704.
checkpoint_e36 window_influence: 0.46690197654101079, penalty_k: 0.12052903283321093, scale_lr: 0.50825991000698578, EAO: 0.338
Trial 360 finished with value: 0.3378379097940393 and parameters: {'window_influence': 0.4669019765410108, 'penalty_k': 0.12052903283321093, 'scale_lr': 0.5082599100069858}. Best is trial 294 with value: 0.3769690837377704.
checkpoint_e36 window_influence: 0.50733254121311000, penalty_k: 0.20588861072192066, scale_lr: 0.62098834578891504, EAO: 0.324
Trial 361 finished with value: 0.3239805053644143 and parameters: {'window_influence': 0.50733254121311, 'penalty_k': 0.20588861072192066, 'scale_lr': 0.620988345788915}. Best is trial 294 with value: 0.3769690837377704.
checkpoint_e36 window_influence: 0.48038768750424832, penalty_k: 0.15331334874731994, scale_lr: 0.46300398145645888, EAO: 0.330
Trial 362 finished with value: 0.3295634192367472 and parameters: {'window_influence': 0.4803876875042483, 'penalty_k': 0.15331334874731994, 'scale_lr': 0.4630039814564589}. Best is trial 294 with value: 0.3769690837377704.
checkpoint_e36 window_influence: 0.36234202219084816, penalty_k: 0.21998441631001314, scale_lr: 0.66190320668236624, EAO: 0.307
Trial 363 finished with value: 0.30746567191316926 and parameters: {'window_influence': 0.36234202219084816, 'penalty_k': 0.21998441631001314, 'scale_lr': 0.6619032066823662}. Best is trial 294 with value: 0.3769690837377704.
checkpoint_e36 window_influence: 0.45866693433434991, penalty_k: 0.30202178392533691, scale_lr: 0.63357979816506627, EAO: 0.338
Trial 364 finished with value: 0.33833075300264914 and parameters: {'window_influence': 0.4586669343343499, 'penalty_k': 0.3020217839253369, 'scale_lr': 0.6335797981650663}. Best is trial 294 with value: 0.3769690837377704.
checkpoint_e36 window_influence: 0.47310909156066167, penalty_k: 0.23858724271380438, scale_lr: 0.60465441567598277, EAO: 0.352
Trial 365 finished with value: 0.3520938905992397 and parameters: {'window_influence': 0.47310909156066167, 'penalty_k': 0.23858724271380438, 'scale_lr': 0.6046544156759828}. Best is trial 294 with value: 0.3769690837377704.
checkpoint_e36 window_influence: 0.30007278584952463, penalty_k: 0.25826315680995093, scale_lr: 0.69167004733322512, EAO: 0.309
Trial 366 finished with value: 0.30876557639136853 and parameters: {'window_influence': 0.3000727858495246, 'penalty_k': 0.25826315680995093, 'scale_lr': 0.6916700473332251}. Best is trial 294 with value: 0.3769690837377704.
checkpoint_e36 window_influence: 0.37527929925606585, penalty_k: 0.13621330265059331, scale_lr: 0.61808137457112755, EAO: 0.304
Trial 367 finished with value: 0.3044592902238267 and parameters: {'window_influence': 0.37527929925606585, 'penalty_k': 0.1362133026505933, 'scale_lr': 0.6180813745711276}. Best is trial 294 with value: 0.3769690837377704.
checkpoint_e36 window_influence: 0.41244482736143073, penalty_k: 0.21040951563192720, scale_lr: 0.64860305242983218, EAO: 0.323
Trial 368 finished with value: 0.3231031550855488 and parameters: {'window_influence': 0.41244482736143073, 'penalty_k': 0.2104095156319272, 'scale_lr': 0.6486030524298322}. Best is trial 294 with value: 0.3769690837377704.
checkpoint_e36 window_influence: 0.54161266588346002, penalty_k: 0.16512039373188089, scale_lr: 0.59833725186307396, EAO: 0.313
Trial 369 finished with value: 0.31333151732205416 and parameters: {'window_influence': 0.54161266588346, 'penalty_k': 0.1651203937318809, 'scale_lr': 0.598337251863074}. Best is trial 294 with value: 0.3769690837377704.
checkpoint_e36 window_influence: 0.49528111022446647, penalty_k: 0.22928603345355789, scale_lr: 0.19886357258959331, EAO: 0.301
Trial 370 finished with value: 0.30141975466843246 and parameters: {'window_influence': 0.49528111022446647, 'penalty_k': 0.22928603345355789, 'scale_lr': 0.1988635725895933}. Best is trial 294 with value: 0.3769690837377704.
checkpoint_e36 window_influence: 0.44639181834683550, penalty_k: 0.26870489803862319, scale_lr: 0.63194774586987124, EAO: 0.328
Trial 371 finished with value: 0.32765819230896026 and parameters: {'window_influence': 0.4463918183468355, 'penalty_k': 0.2687048980386232, 'scale_lr': 0.6319477458698712}. Best is trial 294 with value: 0.3769690837377704.
checkpoint_e36 window_influence: 0.46711391673522684, penalty_k: 0.23867804521915109, scale_lr: 0.75329342813139721, EAO: 0.317
