Trial 1667 finished with value: 0.3411225956005809 and parameters: {'window_influence': 0.4634230599933381, 'penalty_k': 0.07260143291511689, 'scale_lr': 0.6113443555821134}. Best is trial 1270 with value: 0.3623636909959845.
checkpoint_e22 window_influence: 0.38859450286368880, penalty_k: 0.47427450329552101, scale_lr: 0.42698405574863119, EAO: 0.300
Trial 1668 finished with value: 0.29967247488897597 and parameters: {'window_influence': 0.3885945028636888, 'penalty_k': 0.474274503295521, 'scale_lr': 0.4269840557486312}. Best is trial 1270 with value: 0.3623636909959845.
checkpoint_e22 window_influence: 0.47229020929862120, penalty_k: 0.14525178478687506, scale_lr: 0.33011660870219872, EAO: 0.329
Trial 1669 finished with value: 0.32897745762817593 and parameters: {'window_influence': 0.4722902092986212, 'penalty_k': 0.14525178478687506, 'scale_lr': 0.3301166087021987}. Best is trial 1270 with value: 0.3623636909959845.
checkpoint_e22 window_influence: 0.32541399036594931, penalty_k: 0.04621808026373182, scale_lr: 0.36550196211980357, EAO: 0.285
Trial 1670 finished with value: 0.28523480521101896 and parameters: {'window_influence': 0.3254139903659493, 'penalty_k': 0.04621808026373182, 'scale_lr': 0.36550196211980357}. Best is trial 1270 with value: 0.3623636909959845.
checkpoint_e22 window_influence: 0.41754274194643148, penalty_k: 0.08770306098760879, scale_lr: 0.16618358850791193, EAO: 0.292
Trial 1671 finished with value: 0.29200396979597293 and parameters: {'window_influence': 0.4175427419464315, 'penalty_k': 0.08770306098760879, 'scale_lr': 0.16618358850791193}. Best is trial 1270 with value: 0.3623636909959845.
checkpoint_e22 window_influence: 0.45786487928882230, penalty_k: 0.10682096219063636, scale_lr: 0.62366906121102594, EAO: 0.318
Trial 1672 finished with value: 0.31789011180632776 and parameters: {'window_influence': 0.4578648792888223, 'penalty_k': 0.10682096219063636, 'scale_lr': 0.6236690612110259}. Best is trial 1270 with value: 0.3623636909959845.
checkpoint_e22 window_influence: 0.47539536752092970, penalty_k: 0.02149376820193926, scale_lr: 0.45356943496839863, EAO: 0.337
Trial 1673 finished with value: 0.337045811145686 and parameters: {'window_influence': 0.4753953675209297, 'penalty_k': 0.02149376820193926, 'scale_lr': 0.45356943496839863}. Best is trial 1270 with value: 0.3623636909959845.
checkpoint_e22 window_influence: 0.43510846747305548, penalty_k: 0.11912683053958122, scale_lr: 0.39888331215909717, EAO: 0.306
Trial 1674 finished with value: 0.30581256150039715 and parameters: {'window_influence': 0.4351084674730555, 'penalty_k': 0.11912683053958122, 'scale_lr': 0.39888331215909717}. Best is trial 1270 with value: 0.3623636909959845.
checkpoint_e22 window_influence: 0.44985585266467681, penalty_k: 0.07973804151398942, scale_lr: 0.66897693271667935, EAO: 0.313
Trial 1675 finished with value: 0.31286435582990313 and parameters: {'window_influence': 0.4498558526646768, 'penalty_k': 0.07973804151398942, 'scale_lr': 0.6689769327166794}. Best is trial 1270 with value: 0.3623636909959845.
checkpoint_e22 window_influence: 0.13930070015434709, penalty_k: 0.10233174633448590, scale_lr: 0.59375065953011685, EAO: 0.252
Trial 1676 finished with value: 0.25161219553492875 and parameters: {'window_influence': 0.1393007001543471, 'penalty_k': 0.1023317463344859, 'scale_lr': 0.5937506595301169}. Best is trial 1270 with value: 0.3623636909959845.
checkpoint_e22 window_influence: 0.47835815958392985, penalty_k: 0.25848909250702934, scale_lr: 0.46160930364026553, EAO: 0.319
Trial 1677 finished with value: 0.3193129053491563 and parameters: {'window_influence': 0.47835815958392985, 'penalty_k': 0.25848909250702934, 'scale_lr': 0.46160930364026553}. Best is trial 1270 with value: 0.3623636909959845.
checkpoint_e22 window_influence: 0.46319961150090605, penalty_k: 0.06509069309838551, scale_lr: 0.34991856361868334, EAO: 0.323
Trial 1678 finished with value: 0.3228427219831526 and parameters: {'window_influence': 0.46319961150090605, 'penalty_k': 0.06509069309838551, 'scale_lr': 0.34991856361868334}. Best is trial 1270 with value: 0.3623636909959845.
checkpoint_e22 window_influence: 0.63446329516163613, penalty_k: 0.13819890335162255, scale_lr: 0.30664380102727684, EAO: 0.226
Trial 1679 finished with value: 0.2259438024536645 and parameters: {'window_influence': 0.6344632951616361, 'penalty_k': 0.13819890335162255, 'scale_lr': 0.30664380102727684}. Best is trial 1270 with value: 0.3623636909959845.
checkpoint_e22 window_influence: 0.48329985352975935, penalty_k: 0.56646626454536675, scale_lr: 0.65454038105265344, EAO: 0.297
Trial 1680 finished with value: 0.29709040132941905 and parameters: {'window_influence': 0.48329985352975935, 'penalty_k': 0.5664662645453667, 'scale_lr': 0.6545403810526534}. Best is trial 1270 with value: 0.3623636909959845.
checkpoint_e22 window_influence: 0.44590508731330392, penalty_k: 0.03241691033705840, scale_lr: 0.57198657571671840, EAO: 0.327
Trial 1681 finished with value: 0.32743804069808485 and parameters: {'window_influence': 0.4459050873133039, 'penalty_k': 0.0324169103370584, 'scale_lr': 0.5719865757167184}. Best is trial 1270 with value: 0.3623636909959845.
checkpoint_e22 window_influence: 0.46962070406577727, penalty_k: 0.50333513969193311, scale_lr: 0.44246853077237253, EAO: 0.286
Trial 1682 finished with value: 0.28619716099032166 and parameters: {'window_influence': 0.4696207040657773, 'penalty_k': 0.5033351396919331, 'scale_lr': 0.4424685307723725}. Best is trial 1270 with value: 0.3623636909959845.
checkpoint_e22 window_influence: 0.06009206529369771, penalty_k: 0.01083492691026832, scale_lr: 0.63552841696875706, EAO: 0.236
Trial 1683 finished with value: 0.23604828049700546 and parameters: {'window_influence': 0.060092065293697705, 'penalty_k': 0.010834926910268322, 'scale_lr': 0.6355284169687571}. Best is trial 1270 with value: 0.3623636909959845.
checkpoint_e22 window_influence: 0.34499302715602742, penalty_k: 0.43330604324986294, scale_lr: 0.37279128506644077, EAO: 0.277
Trial 1684 finished with value: 0.2770063236413763 and parameters: {'window_influence': 0.3449930271560274, 'penalty_k': 0.43330604324986294, 'scale_lr': 0.37279128506644077}. Best is trial 1270 with value: 0.3623636909959845.
checkpoint_e22 window_influence: 0.45916669092869716, penalty_k: 0.17507402062770544, scale_lr: 0.33563283604463823, EAO: 0.317
Trial 1685 finished with value: 0.3172952573934882 and parameters: {'window_influence': 0.45916669092869716, 'penalty_k': 0.17507402062770544, 'scale_lr': 0.3356328360446382}. Best is trial 1270 with value: 0.3623636909959845.
checkpoint_e22 window_influence: 0.54928850030475795, penalty_k: 0.28590500314347067, scale_lr: 0.56832721968139988, EAO: 0.284
Trial 1686 finished with value: 0.2838879035140754 and parameters: {'window_influence': 0.549288500304758, 'penalty_k': 0.28590500314347067, 'scale_lr': 0.5683272196813999}. Best is trial 1270 with value: 0.3623636909959845.
checkpoint_e22 window_influence: 0.31605741204844340, penalty_k: 0.09372901670103989, scale_lr: 0.60918115226680936, EAO: 0.292
Trial 1687 finished with value: 0.292347243265883 and parameters: {'window_influence': 0.3160574120484434, 'penalty_k': 0.09372901670103989, 'scale_lr': 0.6091811522668094}. Best is trial 1270 with value: 0.3623636909959845.
checkpoint_e22 window_influence: 0.49434732750313659, penalty_k: 0.34648656587925497, scale_lr: 0.70586173776839645, EAO: 0.306
Trial 1688 finished with value: 0.3055024732643528 and parameters: {'window_influence': 0.4943473275031366, 'penalty_k': 0.34648656587925497, 'scale_lr': 0.7058617377683964}. Best is trial 1270 with value: 0.3623636909959845.
checkpoint_e22 window_influence: 0.43035085085810998, penalty_k: 0.11599209859657224, scale_lr: 0.74028192212680577, EAO: 0.329
Trial 1689 finished with value: 0.328822954271554 and parameters: {'window_influence': 0.43035085085811, 'penalty_k': 0.11599209859657224, 'scale_lr': 0.7402819221268058}. Best is trial 1270 with value: 0.3623636909959845.
checkpoint_e22 window_influence: 0.07167878275142092, penalty_k: 0.26786215898503635, scale_lr: 0.32444477088287593, EAO: 0.238
Trial 1690 finished with value: 0.23823936463330042 and parameters: {'window_influence': 0.07167878275142092, 'penalty_k': 0.26786215898503635, 'scale_lr': 0.32444477088287593}. Best is trial 1270 with value: 0.3623636909959845.
checkpoint_e22 window_influence: 0.47742160078860774, penalty_k: 0.45115771929467158, scale_lr: 0.77613873541257528, EAO: 0.316
Trial 1691 finished with value: 0.3162306924622346 and parameters: {'window_influence': 0.47742160078860774, 'penalty_k': 0.4511577192946716, 'scale_lr': 0.7761387354125753}. Best is trial 1270 with value: 0.3623636909959845.
checkpoint_e22 window_influence: 0.46834734044866549, penalty_k: 0.15643541749798928, scale_lr: 0.42363689746971989, EAO: 0.325
Trial 1692 finished with value: 0.3250303604143603 and parameters: {'window_influence': 0.4683473404486655, 'penalty_k': 0.15643541749798928, 'scale_lr': 0.4236368974697199}. Best is trial 1270 with value: 0.3623636909959845.
checkpoint_e22 window_influence: 0.44148366396985245, penalty_k: 0.24255821924763366, scale_lr: 0.30777158069904970, EAO: 0.304
Trial 1693 finished with value: 0.3044830364128031 and parameters: {'window_influence': 0.44148366396985245, 'penalty_k': 0.24255821924763366, 'scale_lr': 0.3077715806990497}. Best is trial 1270 with value: 0.3623636909959845.
checkpoint_e22 window_influence: 0.48775586219155254, penalty_k: 0.05188941153763738, scale_lr: 0.64573598556949907, EAO: 0.341
Trial 1694 finished with value: 0.341358818664625 and parameters: {'window_influence': 0.48775586219155254, 'penalty_k': 0.051889411537637375, 'scale_lr': 0.6457359855694991}. Best is trial 1270 with value: 0.3623636909959845.
checkpoint_e22 window_influence: 0.39937816431939366, penalty_k: 0.33050354255600461, scale_lr: 0.24447310072914361, EAO: 0.307
Trial 1695 finished with value: 0.3072883959294293 and parameters: {'window_influence': 0.39937816431939366, 'penalty_k': 0.3305035425560046, 'scale_lr': 0.2444731007291436}. Best is trial 1270 with value: 0.3623636909959845.
checkpoint_e22 window_influence: 0.53305645042631644, penalty_k: 0.13110113387619185, scale_lr: 0.34364340702635815, EAO: 0.289
Trial 1696 finished with value: 0.28869923021542887 and parameters: {'window_influence': 0.5330564504263164, 'penalty_k': 0.13110113387619185, 'scale_lr': 0.34364340702635815}. Best is trial 1270 with value: 0.3623636909959845.
checkpoint_e22 window_influence: 0.50157550269048345, penalty_k: 0.08145524726807235, scale_lr: 0.35457935680271080, EAO: 0.319
Trial 1697 finished with value: 0.31935094702800426 and parameters: {'window_influence': 0.5015755026904835, 'penalty_k': 0.08145524726807235, 'scale_lr': 0.3545793568027108}. Best is trial 1270 with value: 0.3623636909959845.
checkpoint_e22 window_influence: 0.45824002122905139, penalty_k: 0.01355328080296005, scale_lr: 0.38990822613721055, EAO: 0.323
Trial 1698 finished with value: 0.32339986190489756 and parameters: {'window_influence': 0.4582400212290514, 'penalty_k': 0.013553280802960048, 'scale_lr': 0.38990822613721055}. Best is trial 1270 with value: 0.3623636909959845.
checkpoint_e22 window_influence: 0.47866774152043501, penalty_k: 0.10181133664404168, scale_lr: 0.36060709466095836, EAO: 0.333
Trial 1699 finished with value: 0.3325832436288841 and parameters: {'window_influence': 0.478667741520435, 'penalty_k': 0.10181133664404168, 'scale_lr': 0.36060709466095836}. Best is trial 1270 with value: 0.3623636909959845.
checkpoint_e22 window_influence: 0.30582386323385080, penalty_k: 0.59712771393328079, scale_lr: 0.41383257824241593, EAO: 0.278
Trial 1700 finished with value: 0.27811353204315276 and parameters: {'window_influence': 0.3058238632338508, 'penalty_k': 0.5971277139332808, 'scale_lr': 0.4138325782424159}. Best is trial 1270 with value: 0.3623636909959845.
checkpoint_e22 window_influence: 0.16168761162622949, penalty_k: 0.04276543706277623, scale_lr: 0.59549504472189208, EAO: 0.277
Trial 1701 finished with value: 0.2769132004869587 and parameters: {'window_influence': 0.1616876116262295, 'penalty_k': 0.04276543706277623, 'scale_lr': 0.5954950447218921}. Best is trial 1270 with value: 0.3623636909959845.
checkpoint_e22 window_influence: 0.42249622474813975, penalty_k: 0.22209572665578514, scale_lr: 0.46991421760922453, EAO: 0.298
Trial 1702 finished with value: 0.2980115024612108 and parameters: {'window_influence': 0.42249622474813975, 'penalty_k': 0.22209572665578514, 'scale_lr': 0.4699142176092245}. Best is trial 1270 with value: 0.3623636909959845.
checkpoint_e22 window_influence: 0.33081035120229568, penalty_k: 0.30928196606865066, scale_lr: 0.29153500574253199, EAO: 0.287
Trial 1703 finished with value: 0.2868301739720519 and parameters: {'window_influence': 0.3308103512022957, 'penalty_k': 0.30928196606865066, 'scale_lr': 0.291535005742532}. Best is trial 1270 with value: 0.3623636909959845.
checkpoint_e22 window_influence: 0.36842163425733382, penalty_k: 0.06767323410646738, scale_lr: 0.56594638624338123, EAO: 0.325
Trial 1704 finished with value: 0.3246189152916118 and parameters: {'window_influence': 0.3684216342573338, 'penalty_k': 0.06767323410646738, 'scale_lr': 0.5659463862433812}. Best is trial 1270 with value: 0.3623636909959845.
checkpoint_e22 window_influence: 0.45213176014402889, penalty_k: 0.02680607385166225, scale_lr: 0.32038375906606570, EAO: 0.305
Trial 1705 finished with value: 0.30485015197254806 and parameters: {'window_influence': 0.4521317601440289, 'penalty_k': 0.02680607385166225, 'scale_lr': 0.3203837590660657}. Best is trial 1270 with value: 0.3623636909959845.
checkpoint_e22 window_influence: 0.10669906316686700, penalty_k: 0.14720903877971661, scale_lr: 0.58236728100915880, EAO: 0.252
Trial 1706 finished with value: 0.25248694408264605 and parameters: {'window_influence': 0.106699063166867, 'penalty_k': 0.1472090387797166, 'scale_lr': 0.5823672810091588}. Best is trial 1270 with value: 0.3623636909959845.
checkpoint_e22 window_influence: 0.49333800426424734, penalty_k: 0.11433579400416491, scale_lr: 0.71784932046016792, EAO: 0.322
Trial 1707 finished with value: 0.32240349703725674 and parameters: {'window_influence': 0.49333800426424734, 'penalty_k': 0.11433579400416491, 'scale_lr': 0.7178493204601679}. Best is trial 1270 with value: 0.3623636909959845.
checkpoint_e22 window_influence: 0.46867782618957360, penalty_k: 0.09144325703325618, scale_lr: 0.68958122060156679, EAO: 0.332
Trial 1708 finished with value: 0.33232818642478973 and parameters: {'window_influence': 0.4686778261895736, 'penalty_k': 0.09144325703325618, 'scale_lr': 0.6895812206015668}. Best is trial 1270 with value: 0.3623636909959845.
checkpoint_e22 window_influence: 0.50526302070264317, penalty_k: 0.12836187629453730, scale_lr: 0.23201113859879591, EAO: 0.318
Trial 1709 finished with value: 0.3181971861230724 and parameters: {'window_influence': 0.5052630207026432, 'penalty_k': 0.1283618762945373, 'scale_lr': 0.2320111385987959}. Best is trial 1270 with value: 0.3623636909959845.
checkpoint_e22 window_influence: 0.52568456302675792, penalty_k: 0.56944954897318911, scale_lr: 0.37125573963583169, EAO: 0.272
Trial 1710 finished with value: 0.2724464179128988 and parameters: {'window_influence': 0.5256845630267579, 'penalty_k': 0.5694495489731891, 'scale_lr': 0.3712557396358317}. Best is trial 1270 with value: 0.3623636909959845.
checkpoint_e22 window_influence: 0.48237063480487963, penalty_k: 0.01691860788435928, scale_lr: 0.75749830497871873, EAO: 0.342
Trial 1711 finished with value: 0.34183753568838543 and parameters: {'window_influence': 0.4823706348048796, 'penalty_k': 0.016918607884359282, 'scale_lr': 0.7574983049787187}. Best is trial 1270 with value: 0.3623636909959845.
checkpoint_e22 window_influence: 0.38103451658752485, penalty_k: 0.49103501496150370, scale_lr: 0.62899505504414577, EAO: 0.319
Trial 1712 finished with value: 0.3185638678097076 and parameters: {'window_influence': 0.38103451658752485, 'penalty_k': 0.4910350149615037, 'scale_lr': 0.6289950550441458}. Best is trial 1270 with value: 0.3623636909959845.
checkpoint_e22 window_influence: 0.24616001014669930, penalty_k: 0.52893438815939287, scale_lr: 0.29895528227262241, EAO: 0.275
Trial 1713 finished with value: 0.27536414981120294 and parameters: {'window_influence': 0.2461600101466993, 'penalty_k': 0.5289343881593929, 'scale_lr': 0.2989552822726224}. Best is trial 1270 with value: 0.3623636909959845.
checkpoint_e22 window_influence: 0.43820524516861892, penalty_k: 0.39121211386647742, scale_lr: 0.33703702447524597, EAO: 0.309
Trial 1714 finished with value: 0.3085289701877401 and parameters: {'window_influence': 0.4382052451686189, 'penalty_k': 0.3912121138664774, 'scale_lr': 0.33703702447524597}. Best is trial 1270 with value: 0.3623636909959845.
checkpoint_e22 window_influence: 0.56705922995023461, penalty_k: 0.39823282257010995, scale_lr: 0.61026598536259091, EAO: 0.253
Trial 1715 finished with value: 0.25327258571576516 and parameters: {'window_influence': 0.5670592299502346, 'penalty_k': 0.39823282257010995, 'scale_lr': 0.6102659853625909}. Best is trial 1270 with value: 0.3623636909959845.
checkpoint_e22 window_influence: 0.45832725868881741, penalty_k: 0.20656336831882577, scale_lr: 0.15550768981252039, EAO: 0.309
Trial 1716 finished with value: 0.3089982075218097 and parameters: {'window_influence': 0.4583272586888174, 'penalty_k': 0.20656336831882577, 'scale_lr': 0.1555076898125204}. Best is trial 1270 with value: 0.3623636909959845.
checkpoint_e22 window_influence: 0.47174757256107630, penalty_k: 0.07672995392518658, scale_lr: 0.44798092941634482, EAO: 0.325
Trial 1717 finished with value: 0.32535968952837624 and parameters: {'window_influence': 0.4717475725610763, 'penalty_k': 0.07672995392518658, 'scale_lr': 0.4479809294163448}. Best is trial 1270 with value: 0.3623636909959845.
checkpoint_e22 window_influence: 0.51019375158491409, penalty_k: 0.36169597869649039, scale_lr: 0.43119243623794190, EAO: 0.293
Trial 1718 finished with value: 0.29278690585366485 and parameters: {'window_influence': 0.5101937515849141, 'penalty_k': 0.3616959786964904, 'scale_lr': 0.4311924362379419}. Best is trial 1270 with value: 0.3623636909959845.
checkpoint_e22 window_influence: 0.18229811335386539, penalty_k: 0.42430187939589237, scale_lr: 0.39990915013706702, EAO: 0.265
Trial 1719 finished with value: 0.26478706143709474 and parameters: {'window_influence': 0.1822981133538654, 'penalty_k': 0.42430187939589237, 'scale_lr': 0.399909150137067}. Best is trial 1270 with value: 0.3623636909959845.
checkpoint_e22 window_influence: 0.60666662599230381, penalty_k: 0.10398996526904808, scale_lr: 0.47950128155482946, EAO: 0.258
Trial 1720 finished with value: 0.2575236173339391 and parameters: {'window_influence': 0.6066666259923038, 'penalty_k': 0.10398996526904808, 'scale_lr': 0.47950128155482946}. Best is trial 1270 with value: 0.3623636909959845.
checkpoint_e22 window_influence: 0.48803046653098847, penalty_k: 0.40044035925842802, scale_lr: 0.79015282812289445, EAO: 0.297
Trial 1721 finished with value: 0.29717412370652074 and parameters: {'window_influence': 0.48803046653098847, 'penalty_k': 0.400440359258428, 'scale_lr': 0.7901528281228944}. Best is trial 1270 with value: 0.3623636909959845.
checkpoint_e22 window_influence: 0.44881621762153229, penalty_k: 0.05333791164307478, scale_lr: 0.65594116749318876, EAO: 0.323
Trial 1722 finished with value: 0.3229979881400728 and parameters: {'window_influence': 0.4488162176215323, 'penalty_k': 0.053337911643074776, 'scale_lr': 0.6559411674931888}. Best is trial 1270 with value: 0.3623636909959845.
checkpoint_e22 window_influence: 0.20791251305844391, penalty_k: 0.12024670804602812, scale_lr: 0.21507202353631988, EAO: 0.278
Trial 1723 finished with value: 0.2780196122854136 and parameters: {'window_influence': 0.2079125130584439, 'penalty_k': 0.12024670804602812, 'scale_lr': 0.21507202353631988}. Best is trial 1270 with value: 0.3623636909959845.
checkpoint_e22 window_influence: 0.35783189458124942, penalty_k: 0.09519298413815788, scale_lr: 0.31189580120486332, EAO: 0.310
Trial 1724 finished with value: 0.30972866087804046 and parameters: {'window_influence': 0.3578318945812494, 'penalty_k': 0.09519298413815788, 'scale_lr': 0.3118958012048633}. Best is trial 1270 with value: 0.3623636909959845.
checkpoint_e22 window_influence: 0.46831952303569241, penalty_k: 0.03175171964711943, scale_lr: 0.11857062794781081, EAO: 0.317
Trial 1725 finished with value: 0.31691199894777067 and parameters: {'window_influence': 0.4683195230356924, 'penalty_k': 0.031751719647119425, 'scale_lr': 0.11857062794781081}. Best is trial 1270 with value: 0.3623636909959845.
checkpoint_e22 window_influence: 0.49902991932276181, penalty_k: 0.01194572885404318, scale_lr: 0.55717323679146435, EAO: 0.328
Trial 1726 finished with value: 0.3275945665539471 and parameters: {'window_influence': 0.4990299193227618, 'penalty_k': 0.011945728854043183, 'scale_lr': 0.5571732367914644}. Best is trial 1270 with value: 0.3623636909959845.
checkpoint_e22 window_influence: 0.41004849400059851, penalty_k: 0.06141263594674795, scale_lr: 0.32785749335331382, EAO: 0.299
Trial 1727 finished with value: 0.29926014526344924 and parameters: {'window_influence': 0.4100484940005985, 'penalty_k': 0.06141263594674795, 'scale_lr': 0.3278574933533138}. Best is trial 1270 with value: 0.3623636909959845.
checkpoint_e22 window_influence: 0.47790105114895887, penalty_k: 0.13654927977694870, scale_lr: 0.27146913504006115, EAO: 0.317
Trial 1728 finished with value: 0.31697674971146345 and parameters: {'window_influence': 0.47790105114895887, 'penalty_k': 0.1365492797769487, 'scale_lr': 0.27146913504006115}. Best is trial 1270 with value: 0.3623636909959845.
checkpoint_e22 window_influence: 0.46012349331427677, penalty_k: 0.08274107569433960, scale_lr: 0.73019471161712157, EAO: 0.330
