Trial 144 finished with value: 0.3225305619058906 and parameters: {'window_influence': 0.4519397312898607, 'penalty_k': 0.34193107739510653, 'scale_lr': 0.5339253097048827}. Best is trial 140 with value: 0.3536974293712512.
checkpoint_e29 window_influence: 0.46464090900960497, penalty_k: 0.29245401548085237, scale_lr: 0.61123305679117357, EAO: 0.351
Trial 145 finished with value: 0.3510434757410784 and parameters: {'window_influence': 0.464640909009605, 'penalty_k': 0.29245401548085237, 'scale_lr': 0.6112330567911736}. Best is trial 140 with value: 0.3536974293712512.
checkpoint_e29 window_influence: 0.46671140936830841, penalty_k: 0.29127743085957486, scale_lr: 0.61171137655627661, EAO: 0.313
Trial 146 finished with value: 0.3133661428082314 and parameters: {'window_influence': 0.4667114093683084, 'penalty_k': 0.29127743085957486, 'scale_lr': 0.6117113765562766}. Best is trial 140 with value: 0.3536974293712512.
checkpoint_e29 window_influence: 0.48730252290424647, penalty_k: 0.36696886609200968, scale_lr: 0.59618040340363976, EAO: 0.318
Trial 147 finished with value: 0.3178713329223343 and parameters: {'window_influence': 0.48730252290424647, 'penalty_k': 0.3669688660920097, 'scale_lr': 0.5961804034036398}. Best is trial 140 with value: 0.3536974293712512.
checkpoint_e29 window_influence: 0.46522479722631505, penalty_k: 0.38427369069949707, scale_lr: 0.62649509900251132, EAO: 0.340
Trial 148 finished with value: 0.3402533049945238 and parameters: {'window_influence': 0.46522479722631505, 'penalty_k': 0.3842736906994971, 'scale_lr': 0.6264950990025113}. Best is trial 140 with value: 0.3536974293712512.
checkpoint_e29 window_influence: 0.43754624614493909, penalty_k: 0.35098722794443882, scale_lr: 0.57877635333210753, EAO: 0.322
Trial 149 finished with value: 0.3222492267649461 and parameters: {'window_influence': 0.4375462461449391, 'penalty_k': 0.3509872279444388, 'scale_lr': 0.5787763533321075}. Best is trial 140 with value: 0.3536974293712512.
checkpoint_e29 window_influence: 0.42282445262101270, penalty_k: 0.32430701865062284, scale_lr: 0.60411014840056299, EAO: 0.319
Trial 150 finished with value: 0.31876562106702117 and parameters: {'window_influence': 0.4228244526210127, 'penalty_k': 0.32430701865062284, 'scale_lr': 0.604110148400563}. Best is trial 140 with value: 0.3536974293712512.
checkpoint_e29 window_influence: 0.41249665288060905, penalty_k: 0.30266156825106100, scale_lr: 0.49903939376298490, EAO: 0.341
Trial 151 finished with value: 0.3407398101652643 and parameters: {'window_influence': 0.41249665288060905, 'penalty_k': 0.302661568251061, 'scale_lr': 0.4990393937629849}. Best is trial 140 with value: 0.3536974293712512.
checkpoint_e29 window_influence: 0.38628420962328930, penalty_k: 0.27837711171826929, scale_lr: 0.57058373244989657, EAO: 0.321
Trial 152 finished with value: 0.32086177831262 and parameters: {'window_influence': 0.3862842096232893, 'penalty_k': 0.2783771117182693, 'scale_lr': 0.5705837324498966}. Best is trial 140 with value: 0.3536974293712512.
checkpoint_e29 window_influence: 0.45778306314966433, penalty_k: 0.36189930784261848, scale_lr: 0.61798826995460410, EAO: 0.328
Trial 153 finished with value: 0.32807540400714724 and parameters: {'window_influence': 0.4577830631496643, 'penalty_k': 0.3618993078426185, 'scale_lr': 0.6179882699546041}. Best is trial 140 with value: 0.3536974293712512.
checkpoint_e29 window_influence: 0.44364739199400294, penalty_k: 0.31537158499332713, scale_lr: 0.59092158174939369, EAO: 0.321
Trial 154 finished with value: 0.320596565126445 and parameters: {'window_influence': 0.44364739199400294, 'penalty_k': 0.3153715849933271, 'scale_lr': 0.5909215817493937}. Best is trial 140 with value: 0.3536974293712512.
checkpoint_e29 window_influence: 0.42797478838975433, penalty_k: 0.29442247534829918, scale_lr: 0.63538493223634529, EAO: 0.324
Trial 155 finished with value: 0.32371559362235236 and parameters: {'window_influence': 0.42797478838975433, 'penalty_k': 0.2944224753482992, 'scale_lr': 0.6353849322363453}. Best is trial 140 with value: 0.3536974293712512.
checkpoint_e29 window_influence: 0.40788889323846345, penalty_k: 0.33467127527871987, scale_lr: 0.56304657891988619, EAO: 0.330
Trial 156 finished with value: 0.330491114567226 and parameters: {'window_influence': 0.40788889323846345, 'penalty_k': 0.33467127527871987, 'scale_lr': 0.5630465789198862}. Best is trial 140 with value: 0.3536974293712512.
checkpoint_e29 window_influence: 0.48238849182018850, penalty_k: 0.39197356539205896, scale_lr: 0.65173091672813011, EAO: 0.321
Trial 157 finished with value: 0.3209672269306294 and parameters: {'window_influence': 0.4823884918201885, 'penalty_k': 0.39197356539205896, 'scale_lr': 0.6517309167281301}. Best is trial 140 with value: 0.3536974293712512.
checkpoint_e29 window_influence: 0.47153713412203113, penalty_k: 0.30575667586616373, scale_lr: 0.58340931437582988, EAO: 0.311
Trial 158 finished with value: 0.3110396643441011 and parameters: {'window_influence': 0.47153713412203113, 'penalty_k': 0.30575667586616373, 'scale_lr': 0.5834093143758299}. Best is trial 140 with value: 0.3536974293712512.
checkpoint_e29 window_influence: 0.45354082634359155, penalty_k: 0.34279552738302888, scale_lr: 0.61741706178909839, EAO: 0.326
Trial 159 finished with value: 0.32599028655063317 and parameters: {'window_influence': 0.45354082634359155, 'penalty_k': 0.3427955273830289, 'scale_lr': 0.6174170617890984}. Best is trial 140 with value: 0.3536974293712512.
checkpoint_e29 window_influence: 0.43705376895152587, penalty_k: 0.41632239641312274, scale_lr: 0.54675772897064989, EAO: 0.314
Trial 160 finished with value: 0.3140954862888685 and parameters: {'window_influence': 0.43705376895152587, 'penalty_k': 0.41632239641312274, 'scale_lr': 0.5467577289706499}. Best is trial 140 with value: 0.3536974293712512.
checkpoint_e29 window_influence: 0.42085327072803391, penalty_k: 0.32736762409133202, scale_lr: 0.78421880809906841, EAO: 0.336
Trial 161 finished with value: 0.33647149105480206 and parameters: {'window_influence': 0.4208532707280339, 'penalty_k': 0.327367624091332, 'scale_lr': 0.7842188080990684}. Best is trial 140 with value: 0.3536974293712512.
checkpoint_e29 window_influence: 0.39341126088617101, penalty_k: 0.35670989086036553, scale_lr: 0.79539706568547985, EAO: 0.323
Trial 162 finished with value: 0.32345436814926015 and parameters: {'window_influence': 0.393411260886171, 'penalty_k': 0.35670989086036553, 'scale_lr': 0.7953970656854799}. Best is trial 140 with value: 0.3536974293712512.
checkpoint_e29 window_influence: 0.41390070171559301, penalty_k: 0.36964776805777283, scale_lr: 0.63817019586395607, EAO: 0.348
Trial 163 finished with value: 0.34793240690045785 and parameters: {'window_influence': 0.413900701715593, 'penalty_k': 0.36964776805777283, 'scale_lr': 0.6381701958639561}. Best is trial 140 with value: 0.3536974293712512.
checkpoint_e29 window_influence: 0.41008220710055204, penalty_k: 0.37337865733638465, scale_lr: 0.63716569460854899, EAO: 0.366
Trial 164 finished with value: 0.3660086329577034 and parameters: {'window_influence': 0.41008220710055204, 'penalty_k': 0.37337865733638465, 'scale_lr': 0.637165694608549}. Best is trial 164 with value: 0.3660086329577034.
checkpoint_e29 window_influence: 0.37748473202443233, penalty_k: 0.36982206897859649, scale_lr: 0.64351200603078751, EAO: 0.344
Trial 165 finished with value: 0.3439089004167787 and parameters: {'window_influence': 0.37748473202443233, 'penalty_k': 0.3698220689785965, 'scale_lr': 0.6435120060307875}. Best is trial 164 with value: 0.3660086329577034.
checkpoint_e29 window_influence: 0.43666193604496695, penalty_k: 0.38506779556815712, scale_lr: 0.62963210557831928, EAO: 0.340
Trial 166 finished with value: 0.3397684833650923 and parameters: {'window_influence': 0.43666193604496695, 'penalty_k': 0.3850677955681571, 'scale_lr': 0.6296321055783193}. Best is trial 164 with value: 0.3660086329577034.
checkpoint_e29 window_influence: 0.41565677151230629, penalty_k: 0.37551242187368533, scale_lr: 0.60724622618230972, EAO: 0.333
Trial 167 finished with value: 0.3332011642854965 and parameters: {'window_influence': 0.4156567715123063, 'penalty_k': 0.37551242187368533, 'scale_lr': 0.6072462261823097}. Best is trial 164 with value: 0.3660086329577034.
checkpoint_e29 window_influence: 0.36624812706642090, penalty_k: 0.39680383456004353, scale_lr: 0.62967518310400072, EAO: 0.317
Trial 168 finished with value: 0.31728079700516354 and parameters: {'window_influence': 0.3662481270664209, 'penalty_k': 0.39680383456004353, 'scale_lr': 0.6296751831040007}. Best is trial 164 with value: 0.3660086329577034.
checkpoint_e29 window_influence: 0.39210392003609984, penalty_k: 0.40515965119953989, scale_lr: 0.59699960289559628, EAO: 0.316
Trial 169 finished with value: 0.31630252237913675 and parameters: {'window_influence': 0.39210392003609984, 'penalty_k': 0.4051596511995399, 'scale_lr': 0.5969996028955963}. Best is trial 164 with value: 0.3660086329577034.
checkpoint_e29 window_influence: 0.45740994900728216, penalty_k: 0.35390898119802711, scale_lr: 0.65674384451541701, EAO: 0.324
Trial 170 finished with value: 0.323552799248046 and parameters: {'window_influence': 0.45740994900728216, 'penalty_k': 0.3539089811980271, 'scale_lr': 0.656743844515417}. Best is trial 164 with value: 0.3660086329577034.
checkpoint_e29 window_influence: 0.40662649449349730, penalty_k: 0.36547000829389076, scale_lr: 0.67524692997673641, EAO: 0.325
Trial 171 finished with value: 0.3249456850587162 and parameters: {'window_influence': 0.4066264944934973, 'penalty_k': 0.36547000829389076, 'scale_lr': 0.6752469299767364}. Best is trial 164 with value: 0.3660086329577034.
checkpoint_e29 window_influence: 0.42653495326764834, penalty_k: 0.34290572649252699, scale_lr: 0.61732437102819582, EAO: 0.326
Trial 172 finished with value: 0.32565538817110695 and parameters: {'window_influence': 0.42653495326764834, 'penalty_k': 0.342905726492527, 'scale_lr': 0.6173243710281958}. Best is trial 164 with value: 0.3660086329577034.
checkpoint_e29 window_influence: 0.44412131786504205, penalty_k: 0.37914982247249429, scale_lr: 0.63853154667123702, EAO: 0.333
Trial 173 finished with value: 0.33291781400892057 and parameters: {'window_influence': 0.44412131786504205, 'penalty_k': 0.3791498224724943, 'scale_lr': 0.638531546671237}. Best is trial 164 with value: 0.3660086329577034.
checkpoint_e29 window_influence: 0.40936014283864042, penalty_k: 0.39107941460305123, scale_lr: 0.60275014233751267, EAO: 0.353
Trial 174 finished with value: 0.3533591819412513 and parameters: {'window_influence': 0.4093601428386404, 'penalty_k': 0.39107941460305123, 'scale_lr': 0.6027501423375127}. Best is trial 164 with value: 0.3660086329577034.
checkpoint_e29 window_influence: 0.39863582031245925, penalty_k: 0.39185187224963797, scale_lr: 0.60726621892728216, EAO: 0.361
Trial 175 finished with value: 0.36074408622103443 and parameters: {'window_influence': 0.39863582031245925, 'penalty_k': 0.39185187224963797, 'scale_lr': 0.6072662189272822}. Best is trial 164 with value: 0.3660086329577034.
checkpoint_e29 window_influence: 0.38079159081077729, penalty_k: 0.42903638096386604, scale_lr: 0.60094362948650548, EAO: 0.321
Trial 176 finished with value: 0.3212654752953971 and parameters: {'window_influence': 0.3807915908107773, 'penalty_k': 0.42903638096386604, 'scale_lr': 0.6009436294865055}. Best is trial 164 with value: 0.3660086329577034.
checkpoint_e29 window_influence: 0.39922020041630085, penalty_k: 0.40201467074970443, scale_lr: 0.58421464896623321, EAO: 0.330
Trial 177 finished with value: 0.32973482590241193 and parameters: {'window_influence': 0.39922020041630085, 'penalty_k': 0.40201467074970443, 'scale_lr': 0.5842146489662332}. Best is trial 164 with value: 0.3660086329577034.
checkpoint_e29 window_influence: 0.41635656142749156, penalty_k: 0.37206764576491280, scale_lr: 0.61137713073632571, EAO: 0.334
Trial 178 finished with value: 0.33440360067419506 and parameters: {'window_influence': 0.41635656142749156, 'penalty_k': 0.3720676457649128, 'scale_lr': 0.6113771307363257}. Best is trial 164 with value: 0.3660086329577034.
checkpoint_e29 window_influence: 0.38761344543845833, penalty_k: 0.39411873952649590, scale_lr: 0.59023874753083772, EAO: 0.317
Trial 179 finished with value: 0.3171522511814355 and parameters: {'window_influence': 0.3876134454384583, 'penalty_k': 0.3941187395264959, 'scale_lr': 0.5902387475308377}. Best is trial 164 with value: 0.3660086329577034.
checkpoint_e29 window_influence: 0.40368202974110717, penalty_k: 0.41343621638114592, scale_lr: 0.56853155577015746, EAO: 0.314
Trial 180 finished with value: 0.3140546406405445 and parameters: {'window_influence': 0.4036820297411072, 'penalty_k': 0.4134362163811459, 'scale_lr': 0.5685315557701575}. Best is trial 164 with value: 0.3660086329577034.
checkpoint_e29 window_influence: 0.42587226949558904, penalty_k: 0.38319509954522624, scale_lr: 0.62869363074949070, EAO: 0.345
Trial 181 finished with value: 0.34491746632041637 and parameters: {'window_influence': 0.42587226949558904, 'penalty_k': 0.38319509954522624, 'scale_lr': 0.6286936307494907}. Best is trial 164 with value: 0.3660086329577034.
checkpoint_e29 window_influence: 0.43246782880766838, penalty_k: 0.39083738239597565, scale_lr: 0.64699060213996107, EAO: 0.336
Trial 182 finished with value: 0.33565190214127416 and parameters: {'window_influence': 0.4324678288076684, 'penalty_k': 0.39083738239597565, 'scale_lr': 0.6469906021399611}. Best is trial 164 with value: 0.3660086329577034.
checkpoint_e29 window_influence: 0.44705077438006302, penalty_k: 0.35533839417729035, scale_lr: 0.61840467831249224, EAO: 0.336
Trial 183 finished with value: 0.33638643534266993 and parameters: {'window_influence': 0.447050774380063, 'penalty_k': 0.35533839417729035, 'scale_lr': 0.6184046783124922}. Best is trial 164 with value: 0.3660086329577034.
checkpoint_e29 window_influence: 0.41203166455000578, penalty_k: 0.36542213623836300, scale_lr: 0.60438275927931784, EAO: 0.325
Trial 184 finished with value: 0.3247858800196926 and parameters: {'window_influence': 0.4120316645500058, 'penalty_k': 0.365422136238363, 'scale_lr': 0.6043827592793178}. Best is trial 164 with value: 0.3660086329577034.
checkpoint_e29 window_influence: 0.46343796517216185, penalty_k: 0.37433326113449022, scale_lr: 0.62635735766996614, EAO: 0.316
Trial 185 finished with value: 0.31599047803229396 and parameters: {'window_influence': 0.46343796517216185, 'penalty_k': 0.3743332611344902, 'scale_lr': 0.6263573576699661}. Best is trial 164 with value: 0.3660086329577034.
checkpoint_e29 window_influence: 0.36812952303107610, penalty_k: 0.38625288769384569, scale_lr: 0.64209142841555034, EAO: 0.298
Trial 186 finished with value: 0.2984921311821919 and parameters: {'window_influence': 0.3681295230310761, 'penalty_k': 0.3862528876938457, 'scale_lr': 0.6420914284155503}. Best is trial 164 with value: 0.3660086329577034.
checkpoint_e29 window_influence: 0.40177904699531319, penalty_k: 0.40952678502782591, scale_lr: 0.65487100378652219, EAO: 0.324
Trial 187 finished with value: 0.3238714071215359 and parameters: {'window_influence': 0.4017790469953132, 'penalty_k': 0.4095267850278259, 'scale_lr': 0.6548710037865222}. Best is trial 164 with value: 0.3660086329577034.
checkpoint_e29 window_influence: 0.42445366897607151, penalty_k: 0.34559571512292875, scale_lr: 0.47311559236479933, EAO: 0.319
Trial 188 finished with value: 0.31937692137543794 and parameters: {'window_influence': 0.4244536689760715, 'penalty_k': 0.34559571512292875, 'scale_lr': 0.47311559236479933}. Best is trial 164 with value: 0.3660086329577034.
checkpoint_e29 window_influence: 0.39059962183764535, penalty_k: 0.35744429123817323, scale_lr: 0.59560199141478376, EAO: 0.331
Trial 189 finished with value: 0.3314617996897679 and parameters: {'window_influence': 0.39059962183764535, 'penalty_k': 0.35744429123817323, 'scale_lr': 0.5956019914147838}. Best is trial 164 with value: 0.3660086329577034.
checkpoint_e29 window_influence: 0.35463255845784769, penalty_k: 0.39836114468245537, scale_lr: 0.61265422666331149, EAO: 0.315
Trial 190 finished with value: 0.31509313775871517 and parameters: {'window_influence': 0.3546325584578477, 'penalty_k': 0.39836114468245537, 'scale_lr': 0.6126542266633115}. Best is trial 164 with value: 0.3660086329577034.
checkpoint_e29 window_influence: 0.40964641229054538, penalty_k: 0.32031299633204818, scale_lr: 0.66524270591782142, EAO: 0.336
Trial 191 finished with value: 0.3360285376296433 and parameters: {'window_influence': 0.4096464122905454, 'penalty_k': 0.3203129963320482, 'scale_lr': 0.6652427059178214}. Best is trial 164 with value: 0.3660086329577034.
checkpoint_e29 window_influence: 0.43863256714101490, penalty_k: 0.33034668908899678, scale_lr: 0.53197013305376351, EAO: 0.339
Trial 192 finished with value: 0.33877820333154285 and parameters: {'window_influence': 0.4386325671410149, 'penalty_k': 0.3303466890889968, 'scale_lr': 0.5319701330537635}. Best is trial 164 with value: 0.3660086329577034.
checkpoint_e29 window_influence: 0.42086695196778257, penalty_k: 0.37956088967589996, scale_lr: 0.57562266655848893, EAO: 0.320
Trial 193 finished with value: 0.32027475437301606 and parameters: {'window_influence': 0.42086695196778257, 'penalty_k': 0.37956088967589996, 'scale_lr': 0.5756226665584889}. Best is trial 164 with value: 0.3660086329577034.
checkpoint_e29 window_influence: 0.37907149667596346, penalty_k: 0.36537712498688091, scale_lr: 0.63784240094328570, EAO: 0.331
Trial 194 finished with value: 0.33107698775451005 and parameters: {'window_influence': 0.37907149667596346, 'penalty_k': 0.3653771249868809, 'scale_lr': 0.6378424009432857}. Best is trial 164 with value: 0.3660086329577034.
checkpoint_e29 window_influence: 0.45291458711478849, penalty_k: 0.28711063408354009, scale_lr: 0.42493088559182191, EAO: 0.341
Trial 195 finished with value: 0.34078209664571146 and parameters: {'window_influence': 0.4529145871147885, 'penalty_k': 0.2871106340835401, 'scale_lr': 0.4249308855918219}. Best is trial 164 with value: 0.3660086329577034.
checkpoint_e29 window_influence: 0.47270117425260516, penalty_k: 0.30304592018390131, scale_lr: 0.67282681791939558, EAO: 0.325
Trial 196 finished with value: 0.3246293202448448 and parameters: {'window_influence': 0.47270117425260516, 'penalty_k': 0.3030459201839013, 'scale_lr': 0.6728268179193956}. Best is trial 164 with value: 0.3660086329577034.
checkpoint_e29 window_influence: 0.43438444442582724, penalty_k: 0.33701167000127791, scale_lr: 0.51765042634118563, EAO: 0.323
Trial 197 finished with value: 0.3234055753695826 and parameters: {'window_influence': 0.43438444442582724, 'penalty_k': 0.3370116700012779, 'scale_lr': 0.5176504263411856}. Best is trial 164 with value: 0.3660086329577034.
checkpoint_e29 window_influence: 0.41124925091778008, penalty_k: 0.41985426350863314, scale_lr: 0.56206285770719910, EAO: 0.317
Trial 198 finished with value: 0.317275191907289 and parameters: {'window_influence': 0.4112492509177801, 'penalty_k': 0.41985426350863314, 'scale_lr': 0.5620628577071991}. Best is trial 164 with value: 0.3660086329577034.
checkpoint_e29 window_influence: 0.44803245990774693, penalty_k: 0.39303427370444349, scale_lr: 0.58791203617999921, EAO: 0.320
Trial 199 finished with value: 0.3201802724878148 and parameters: {'window_influence': 0.4480324599077469, 'penalty_k': 0.3930342737044435, 'scale_lr': 0.5879120361799992}. Best is trial 164 with value: 0.3660086329577034.
checkpoint_e29 window_influence: 0.39535535940552163, penalty_k: 0.34968117226243173, scale_lr: 0.60704040185612562, EAO: 0.327
Trial 200 finished with value: 0.3271710685950773 and parameters: {'window_influence': 0.39535535940552163, 'penalty_k': 0.3496811722624317, 'scale_lr': 0.6070404018561256}. Best is trial 164 with value: 0.3660086329577034.
checkpoint_e29 window_influence: 0.41711526034401430, penalty_k: 0.31760329615444877, scale_lr: 0.74438271323780736, EAO: 0.336
Trial 201 finished with value: 0.3358078950342037 and parameters: {'window_influence': 0.4171152603440143, 'penalty_k': 0.31760329615444877, 'scale_lr': 0.7443827132378074}. Best is trial 164 with value: 0.3660086329577034.
checkpoint_e29 window_influence: 0.42715074528467817, penalty_k: 0.32620082491097102, scale_lr: 0.65703942391147263, EAO: 0.312
Trial 202 finished with value: 0.3121192659965285 and parameters: {'window_influence': 0.42715074528467817, 'penalty_k': 0.326200824910971, 'scale_lr': 0.6570394239114726}. Best is trial 164 with value: 0.3660086329577034.
checkpoint_e29 window_influence: 0.40736531592524200, penalty_k: 0.26024814355095088, scale_lr: 0.70217514846472651, EAO: 0.301
Trial 203 finished with value: 0.30057420404736634 and parameters: {'window_influence': 0.407365315925242, 'penalty_k': 0.2602481435509509, 'scale_lr': 0.7021751484647265}. Best is trial 164 with value: 0.3660086329577034.
checkpoint_e29 window_influence: 0.13710562762361589, penalty_k: 0.33560869322687664, scale_lr: 0.62479330608706718, EAO: 0.273
Trial 204 finished with value: 0.2725481523150136 and parameters: {'window_influence': 0.1371056276236159, 'penalty_k': 0.33560869322687664, 'scale_lr': 0.6247933060870672}. Best is trial 164 with value: 0.3660086329577034.
checkpoint_e29 window_influence: 0.38749468990917280, penalty_k: 0.09164059413290190, scale_lr: 0.68438237590100315, EAO: 0.313
Trial 205 finished with value: 0.3130222340386201 and parameters: {'window_influence': 0.3874946899091728, 'penalty_k': 0.0916405941329019, 'scale_lr': 0.6843823759010031}. Best is trial 164 with value: 0.3660086329577034.
checkpoint_e29 window_influence: 0.44035319365542885, penalty_k: 0.36765693176812719, scale_lr: 0.63503904463817229, EAO: 0.329
