Trial 1049 finished with value: 0.35962009105237075 and parameters: {'window_influence': 0.4261611163780853, 'penalty_k': 0.18862611139330546, 'scale_lr': 0.2055565263264243}. Best is trial 620 with value: 0.36708399363528893.
checkpoint_e33 window_influence: 0.42891885607142832, penalty_k: 0.17608655532123699, scale_lr: 0.21618581241698720, EAO: 0.314
Trial 1050 finished with value: 0.31413896561596644 and parameters: {'window_influence': 0.4289188560714283, 'penalty_k': 0.176086555321237, 'scale_lr': 0.2161858124169872}. Best is trial 620 with value: 0.36708399363528893.
checkpoint_e33 window_influence: 0.18520387798115853, penalty_k: 0.19843396361583673, scale_lr: 0.20445945881254027, EAO: 0.267
Trial 1051 finished with value: 0.2673347551767 and parameters: {'window_influence': 0.18520387798115853, 'penalty_k': 0.19843396361583673, 'scale_lr': 0.20445945881254027}. Best is trial 620 with value: 0.36708399363528893.
checkpoint_e33 window_influence: 0.41512436716988754, penalty_k: 0.19200759504997544, scale_lr: 0.19375381026329186, EAO: 0.324
Trial 1052 finished with value: 0.3240835709562561 and parameters: {'window_influence': 0.41512436716988754, 'penalty_k': 0.19200759504997544, 'scale_lr': 0.19375381026329186}. Best is trial 620 with value: 0.36708399363528893.
checkpoint_e33 window_influence: 0.44632735107186516, penalty_k: 0.18314038998528409, scale_lr: 0.59815413751112467, EAO: 0.353
Trial 1053 finished with value: 0.3525107842706985 and parameters: {'window_influence': 0.44632735107186516, 'penalty_k': 0.1831403899852841, 'scale_lr': 0.5981541375111247}. Best is trial 620 with value: 0.36708399363528893.
checkpoint_e33 window_influence: 0.43704264552918032, penalty_k: 0.09821140262802711, scale_lr: 0.18173612542310169, EAO: 0.348
Trial 1054 finished with value: 0.3480554165079436 and parameters: {'window_influence': 0.4370426455291803, 'penalty_k': 0.0982114026280271, 'scale_lr': 0.1817361254231017}. Best is trial 620 with value: 0.36708399363528893.
checkpoint_e33 window_influence: 0.44093354845491167, penalty_k: 0.19052248627905649, scale_lr: 0.18118154195189323, EAO: 0.341
Trial 1055 finished with value: 0.3408520867620461 and parameters: {'window_influence': 0.4409335484549117, 'penalty_k': 0.1905224862790565, 'scale_lr': 0.18118154195189323}. Best is trial 620 with value: 0.36708399363528893.
checkpoint_e33 window_influence: 0.42995249280758063, penalty_k: 0.21263233771233903, scale_lr: 0.20056126271727134, EAO: 0.331
Trial 1056 finished with value: 0.331162526565767 and parameters: {'window_influence': 0.42995249280758063, 'penalty_k': 0.21263233771233903, 'scale_lr': 0.20056126271727134}. Best is trial 620 with value: 0.36708399363528893.
checkpoint_e33 window_influence: 0.46030549314493080, penalty_k: 0.17032812120528756, scale_lr: 0.71075042515882503, EAO: 0.329
Trial 1057 finished with value: 0.3287892768355195 and parameters: {'window_influence': 0.4603054931449308, 'penalty_k': 0.17032812120528756, 'scale_lr': 0.710750425158825}. Best is trial 620 with value: 0.36708399363528893.
checkpoint_e33 window_influence: 0.44956439666214992, penalty_k: 0.21189812798953447, scale_lr: 0.23219650880563736, EAO: 0.363
Trial 1058 finished with value: 0.36312307388402143 and parameters: {'window_influence': 0.4495643966621499, 'penalty_k': 0.21189812798953447, 'scale_lr': 0.23219650880563736}. Best is trial 620 with value: 0.36708399363528893.
checkpoint_e33 window_influence: 0.43599115126897514, penalty_k: 0.18674402200929072, scale_lr: 0.23676272808703844, EAO: 0.341
Trial 1059 finished with value: 0.3409000977236009 and parameters: {'window_influence': 0.43599115126897514, 'penalty_k': 0.18674402200929072, 'scale_lr': 0.23676272808703844}. Best is trial 620 with value: 0.36708399363528893.
checkpoint_e33 window_influence: 0.44745421365788923, penalty_k: 0.20022462198388080, scale_lr: 0.21883687514738312, EAO: 0.340
Trial 1060 finished with value: 0.339738002431068 and parameters: {'window_influence': 0.44745421365788923, 'penalty_k': 0.2002246219838808, 'scale_lr': 0.21883687514738312}. Best is trial 620 with value: 0.36708399363528893.
checkpoint_e33 window_influence: 0.42344484180197045, penalty_k: 0.22735414451849695, scale_lr: 0.21120637289357028, EAO: 0.335
Trial 1061 finished with value: 0.33466912956785133 and parameters: {'window_influence': 0.42344484180197045, 'penalty_k': 0.22735414451849695, 'scale_lr': 0.21120637289357028}. Best is trial 620 with value: 0.36708399363528893.
checkpoint_e33 window_influence: 0.45829624700603327, penalty_k: 0.24060858209855840, scale_lr: 0.25001164620149785, EAO: 0.350
Trial 1062 finished with value: 0.3496529614183225 and parameters: {'window_influence': 0.4582962470060333, 'penalty_k': 0.2406085820985584, 'scale_lr': 0.25001164620149785}. Best is trial 620 with value: 0.36708399363528893.
checkpoint_e33 window_influence: 0.45353862380690491, penalty_k: 0.17959269878922754, scale_lr: 0.20604144398530494, EAO: 0.356
Trial 1063 finished with value: 0.356465965625377 and parameters: {'window_influence': 0.4535386238069049, 'penalty_k': 0.17959269878922754, 'scale_lr': 0.20604144398530494}. Best is trial 620 with value: 0.36708399363528893.
checkpoint_e33 window_influence: 0.44973284833707206, penalty_k: 0.20584272938928375, scale_lr: 0.23836588854546401, EAO: 0.347
Trial 1064 finished with value: 0.3466895470823295 and parameters: {'window_influence': 0.44973284833707206, 'penalty_k': 0.20584272938928375, 'scale_lr': 0.238365888545464}. Best is trial 620 with value: 0.36708399363528893.
checkpoint_e33 window_influence: 0.41450287874586278, penalty_k: 0.21796722237360283, scale_lr: 0.71909682478989123, EAO: 0.322
Trial 1065 finished with value: 0.3218670352307739 and parameters: {'window_influence': 0.4145028787458628, 'penalty_k': 0.21796722237360283, 'scale_lr': 0.7190968247898912}. Best is trial 620 with value: 0.36708399363528893.
checkpoint_e33 window_influence: 0.46853052600443013, penalty_k: 0.25037214055961399, scale_lr: 0.23080338170058023, EAO: 0.335
Trial 1066 finished with value: 0.3350157459422308 and parameters: {'window_influence': 0.4685305260044301, 'penalty_k': 0.250372140559614, 'scale_lr': 0.23080338170058023}. Best is trial 620 with value: 0.36708399363528893.
checkpoint_e33 window_influence: 0.44063341887469226, penalty_k: 0.22282611128580804, scale_lr: 0.56604851721229288, EAO: 0.338
Trial 1067 finished with value: 0.3384698367304375 and parameters: {'window_influence': 0.44063341887469226, 'penalty_k': 0.22282611128580804, 'scale_lr': 0.5660485172122929}. Best is trial 620 with value: 0.36708399363528893.
checkpoint_e33 window_influence: 0.42530026675899518, penalty_k: 0.21499622400670859, scale_lr: 0.22771072379479146, EAO: 0.322
Trial 1068 finished with value: 0.32181365776386706 and parameters: {'window_influence': 0.4253002667589952, 'penalty_k': 0.2149962240067086, 'scale_lr': 0.22771072379479146}. Best is trial 620 with value: 0.36708399363528893.
checkpoint_e33 window_influence: 0.46439686451639295, penalty_k: 0.19228700669796958, scale_lr: 0.52843688702866642, EAO: 0.333
Trial 1069 finished with value: 0.3328778649814398 and parameters: {'window_influence': 0.46439686451639295, 'penalty_k': 0.19228700669796958, 'scale_lr': 0.5284368870286664}. Best is trial 620 with value: 0.36708399363528893.
checkpoint_e33 window_influence: 0.40604308457798849, penalty_k: 0.19955380639577222, scale_lr: 0.18576146170972749, EAO: 0.333
Trial 1070 finished with value: 0.3334214057671885 and parameters: {'window_influence': 0.4060430845779885, 'penalty_k': 0.19955380639577222, 'scale_lr': 0.1857614617097275}. Best is trial 620 with value: 0.36708399363528893.
checkpoint_e33 window_influence: 0.35185587908358823, penalty_k: 0.20561859809273977, scale_lr: 0.58456490487762425, EAO: 0.308
Trial 1071 finished with value: 0.30808458306214226 and parameters: {'window_influence': 0.35185587908358823, 'penalty_k': 0.20561859809273977, 'scale_lr': 0.5845649048776242}. Best is trial 620 with value: 0.36708399363528893.
checkpoint_e33 window_influence: 0.45301091216997219, penalty_k: 0.18212543224849240, scale_lr: 0.65035275524792802, EAO: 0.330
Trial 1072 finished with value: 0.3296067751799112 and parameters: {'window_influence': 0.4530109121699722, 'penalty_k': 0.1821254322484924, 'scale_lr': 0.650352755247928}. Best is trial 620 with value: 0.36708399363528893.
checkpoint_e33 window_influence: 0.47033001695246124, penalty_k: 0.30535431837839327, scale_lr: 0.63172497176438158, EAO: 0.322
Trial 1073 finished with value: 0.321953899549603 and parameters: {'window_influence': 0.47033001695246124, 'penalty_k': 0.3053543183783933, 'scale_lr': 0.6317249717643816}. Best is trial 620 with value: 0.36708399363528893.
checkpoint_e33 window_influence: 0.43680628784977316, penalty_k: 0.19554692776675034, scale_lr: 0.32344967316703216, EAO: 0.333
Trial 1074 finished with value: 0.33313723737627615 and parameters: {'window_influence': 0.43680628784977316, 'penalty_k': 0.19554692776675034, 'scale_lr': 0.32344967316703216}. Best is trial 620 with value: 0.36708399363528893.
checkpoint_e33 window_influence: 0.46448601646901760, penalty_k: 0.16693513026703954, scale_lr: 0.17196843012206084, EAO: 0.345
Trial 1075 finished with value: 0.3449563382896468 and parameters: {'window_influence': 0.4644860164690176, 'penalty_k': 0.16693513026703954, 'scale_lr': 0.17196843012206084}. Best is trial 620 with value: 0.36708399363528893.
checkpoint_e33 window_influence: 0.47539078301815896, penalty_k: 0.30561211643305275, scale_lr: 0.19441541273118473, EAO: 0.329
Trial 1076 finished with value: 0.3291514385419133 and parameters: {'window_influence': 0.47539078301815896, 'penalty_k': 0.30561211643305275, 'scale_lr': 0.19441541273118473}. Best is trial 620 with value: 0.36708399363528893.
checkpoint_e33 window_influence: 0.44650721684198508, penalty_k: 0.22625422480444696, scale_lr: 0.53920124833885263, EAO: 0.333
Trial 1077 finished with value: 0.3326256277496249 and parameters: {'window_influence': 0.4465072168419851, 'penalty_k': 0.22625422480444696, 'scale_lr': 0.5392012483388526}. Best is trial 620 with value: 0.36708399363528893.
checkpoint_e33 window_influence: 0.18484620657032566, penalty_k: 0.16237037682242572, scale_lr: 0.30406418302546084, EAO: 0.278
Trial 1078 finished with value: 0.2775378199402924 and parameters: {'window_influence': 0.18484620657032566, 'penalty_k': 0.16237037682242572, 'scale_lr': 0.30406418302546084}. Best is trial 620 with value: 0.36708399363528893.
checkpoint_e33 window_influence: 0.48362021738749011, penalty_k: 0.20694030900396571, scale_lr: 0.77739655591339352, EAO: 0.342
Trial 1079 finished with value: 0.3418251818720005 and parameters: {'window_influence': 0.4836202173874901, 'penalty_k': 0.2069403090039657, 'scale_lr': 0.7773965559133935}. Best is trial 620 with value: 0.36708399363528893.
checkpoint_e33 window_influence: 0.40963449250733430, penalty_k: 0.17194603264068917, scale_lr: 0.38388079782499190, EAO: 0.346
Trial 1080 finished with value: 0.34645140727670276 and parameters: {'window_influence': 0.4096344925073343, 'penalty_k': 0.17194603264068917, 'scale_lr': 0.3838807978249919}. Best is trial 620 with value: 0.36708399363528893.
checkpoint_e33 window_influence: 0.46603711048119512, penalty_k: 0.26509573270599263, scale_lr: 0.76340622855766616, EAO: 0.323
Trial 1081 finished with value: 0.32328583201545685 and parameters: {'window_influence': 0.4660371104811951, 'penalty_k': 0.2650957327059926, 'scale_lr': 0.7634062285576662}. Best is trial 620 with value: 0.36708399363528893.
checkpoint_e33 window_influence: 0.31557848864591947, penalty_k: 0.29239283638113656, scale_lr: 0.60271572173782850, EAO: 0.307
Trial 1082 finished with value: 0.3070733002187677 and parameters: {'window_influence': 0.3155784886459195, 'penalty_k': 0.29239283638113656, 'scale_lr': 0.6027157217378285}. Best is trial 620 with value: 0.36708399363528893.
checkpoint_e33 window_influence: 0.45760414582315956, penalty_k: 0.10498742695973420, scale_lr: 0.68868712186159209, EAO: 0.324
Trial 1083 finished with value: 0.3242900546654653 and parameters: {'window_influence': 0.45760414582315956, 'penalty_k': 0.1049874269597342, 'scale_lr': 0.6886871218615921}. Best is trial 620 with value: 0.36708399363528893.
checkpoint_e33 window_influence: 0.14488858921149009, penalty_k: 0.15068285513616841, scale_lr: 0.54823116364177271, EAO: 0.285
Trial 1084 finished with value: 0.28457886177742064 and parameters: {'window_influence': 0.1448885892114901, 'penalty_k': 0.15068285513616841, 'scale_lr': 0.5482311636417727}. Best is trial 620 with value: 0.36708399363528893.
checkpoint_e33 window_influence: 0.47769366797265955, penalty_k: 0.18432575265565287, scale_lr: 0.21885639686966588, EAO: 0.342
Trial 1085 finished with value: 0.34167647025464576 and parameters: {'window_influence': 0.47769366797265955, 'penalty_k': 0.18432575265565287, 'scale_lr': 0.21885639686966588}. Best is trial 620 with value: 0.36708399363528893.
checkpoint_e33 window_influence: 0.42042069172384872, penalty_k: 0.53671060309026974, scale_lr: 0.36497149436984277, EAO: 0.325
Trial 1086 finished with value: 0.3252665184815106 and parameters: {'window_influence': 0.4204206917238487, 'penalty_k': 0.5367106030902697, 'scale_lr': 0.3649714943698428}. Best is trial 620 with value: 0.36708399363528893.
checkpoint_e33 window_influence: 0.27725402266643623, penalty_k: 0.32951693441810720, scale_lr: 0.79975548003189212, EAO: 0.318
Trial 1087 finished with value: 0.3183032760128437 and parameters: {'window_influence': 0.27725402266643623, 'penalty_k': 0.3295169344181072, 'scale_lr': 0.7997554800318921}. Best is trial 620 with value: 0.36708399363528893.
checkpoint_e33 window_influence: 0.48722092306555587, penalty_k: 0.21623865979577261, scale_lr: 0.71918836115345131, EAO: 0.329
Trial 1088 finished with value: 0.3289425548180532 and parameters: {'window_influence': 0.48722092306555587, 'penalty_k': 0.21623865979577261, 'scale_lr': 0.7191883611534513}. Best is trial 620 with value: 0.36708399363528893.
checkpoint_e33 window_influence: 0.47226831397766744, penalty_k: 0.07579940511336264, scale_lr: 0.25960110559069710, EAO: 0.339
Trial 1089 finished with value: 0.33897107642448365 and parameters: {'window_influence': 0.47226831397766744, 'penalty_k': 0.07579940511336264, 'scale_lr': 0.2596011055906971}. Best is trial 620 with value: 0.36708399363528893.
checkpoint_e33 window_influence: 0.39486598555060431, penalty_k: 0.29703607485013017, scale_lr: 0.34064491186174595, EAO: 0.330
Trial 1090 finished with value: 0.3298852833328544 and parameters: {'window_influence': 0.3948659855506043, 'penalty_k': 0.29703607485013017, 'scale_lr': 0.34064491186174595}. Best is trial 620 with value: 0.36708399363528893.
checkpoint_e33 window_influence: 0.25479609835063100, penalty_k: 0.47773527464031440, scale_lr: 0.57963221890069649, EAO: 0.308
Trial 1091 finished with value: 0.30778503673085905 and parameters: {'window_influence': 0.254796098350631, 'penalty_k': 0.4777352746403144, 'scale_lr': 0.5796322189006965}. Best is trial 620 with value: 0.36708399363528893.
checkpoint_e33 window_influence: 0.19454293221203128, penalty_k: 0.24313998578785204, scale_lr: 0.73926197032540786, EAO: 0.305
Trial 1092 finished with value: 0.3045045354254979 and parameters: {'window_influence': 0.19454293221203128, 'penalty_k': 0.24313998578785204, 'scale_lr': 0.7392619703254079}. Best is trial 620 with value: 0.36708399363528893.
checkpoint_e33 window_influence: 0.32375403647894996, penalty_k: 0.47532228969666157, scale_lr: 0.66632434294447229, EAO: 0.315
Trial 1093 finished with value: 0.31456454109820875 and parameters: {'window_influence': 0.32375403647894996, 'penalty_k': 0.47532228969666157, 'scale_lr': 0.6663243429444723}. Best is trial 620 with value: 0.36708399363528893.
checkpoint_e33 window_influence: 0.45081386955195624, penalty_k: 0.50948087313169588, scale_lr: 0.39878176031555973, EAO: 0.330
Trial 1094 finished with value: 0.33007539118774204 and parameters: {'window_influence': 0.45081386955195624, 'penalty_k': 0.5094808731316959, 'scale_lr': 0.39878176031555973}. Best is trial 620 with value: 0.36708399363528893.
checkpoint_e33 window_influence: 0.16104608956206859, penalty_k: 0.48562756140953012, scale_lr: 0.51654740708694447, EAO: 0.255
Trial 1095 finished with value: 0.255148768830856 and parameters: {'window_influence': 0.1610460895620686, 'penalty_k': 0.4856275614095301, 'scale_lr': 0.5165474070869445}. Best is trial 620 with value: 0.36708399363528893.
checkpoint_e33 window_influence: 0.19780504749360223, penalty_k: 0.41776312619385025, scale_lr: 0.41308154477358594, EAO: 0.276
Trial 1096 finished with value: 0.2756100296974182 and parameters: {'window_influence': 0.19780504749360223, 'penalty_k': 0.41776312619385025, 'scale_lr': 0.41308154477358594}. Best is trial 620 with value: 0.36708399363528893.
checkpoint_e33 window_influence: 0.34550765214650880, penalty_k: 0.14478120336174621, scale_lr: 0.28220839574138751, EAO: 0.298
Trial 1097 finished with value: 0.2982400300321876 and parameters: {'window_influence': 0.3455076521465088, 'penalty_k': 0.1447812033617462, 'scale_lr': 0.2822083957413875}. Best is trial 620 with value: 0.36708399363528893.
checkpoint_e33 window_influence: 0.05798252310009883, penalty_k: 0.38265032202059568, scale_lr: 0.68358091525334619, EAO: 0.250
Trial 1098 finished with value: 0.250143995602771 and parameters: {'window_influence': 0.057982523100098826, 'penalty_k': 0.3826503220205957, 'scale_lr': 0.6835809152533462}. Best is trial 620 with value: 0.36708399363528893.
checkpoint_e33 window_influence: 0.12373752130776133, penalty_k: 0.22814879138888028, scale_lr: 0.22414179901491468, EAO: 0.263
Trial 1099 finished with value: 0.26305414440566927 and parameters: {'window_influence': 0.12373752130776133, 'penalty_k': 0.22814879138888028, 'scale_lr': 0.22414179901491468}. Best is trial 620 with value: 0.36708399363528893.
checkpoint_e33 window_influence: 0.43873250454250612, penalty_k: 0.03995219690701239, scale_lr: 0.61957000954388786, EAO: 0.350
Trial 1100 finished with value: 0.349556810081237 and parameters: {'window_influence': 0.4387325045425061, 'penalty_k': 0.03995219690701239, 'scale_lr': 0.6195700095438879}. Best is trial 620 with value: 0.36708399363528893.
checkpoint_e33 window_influence: 0.48795382348032629, penalty_k: 0.11577808213155651, scale_lr: 0.42417805761579747, EAO: 0.331
Trial 1101 finished with value: 0.3312678207219343 and parameters: {'window_influence': 0.4879538234803263, 'penalty_k': 0.1157780821315565, 'scale_lr': 0.42417805761579747}. Best is trial 620 with value: 0.36708399363528893.
checkpoint_e33 window_influence: 0.46046213167329381, penalty_k: 0.23590612081610046, scale_lr: 0.55521252082510475, EAO: 0.351
Trial 1102 finished with value: 0.35144292670465166 and parameters: {'window_influence': 0.4604621316732938, 'penalty_k': 0.23590612081610046, 'scale_lr': 0.5552125208251047}. Best is trial 620 with value: 0.36708399363528893.
checkpoint_e33 window_influence: 0.47692387240539608, penalty_k: 0.59700097956703124, scale_lr: 0.39126489067406678, EAO: 0.309
Trial 1103 finished with value: 0.30887576543403505 and parameters: {'window_influence': 0.4769238724053961, 'penalty_k': 0.5970009795670312, 'scale_lr': 0.3912648906740668}. Best is trial 620 with value: 0.36708399363528893.
checkpoint_e33 window_influence: 0.44587356190328264, penalty_k: 0.18984233064175599, scale_lr: 0.75607524040030483, EAO: 0.339
Trial 1104 finished with value: 0.33853125850514215 and parameters: {'window_influence': 0.44587356190328264, 'penalty_k': 0.18984233064175599, 'scale_lr': 0.7560752404003048}. Best is trial 620 with value: 0.36708399363528893.
checkpoint_e33 window_influence: 0.40560628682771505, penalty_k: 0.16144054437876929, scale_lr: 0.78940628008903158, EAO: 0.310
Trial 1105 finished with value: 0.31046100650779934 and parameters: {'window_influence': 0.40560628682771505, 'penalty_k': 0.16144054437876929, 'scale_lr': 0.7894062800890316}. Best is trial 620 with value: 0.36708399363528893.
checkpoint_e33 window_influence: 0.36895716849372195, penalty_k: 0.08395519135905800, scale_lr: 0.31503299025451287, EAO: 0.321
Trial 1106 finished with value: 0.32097539218715193 and parameters: {'window_influence': 0.36895716849372195, 'penalty_k': 0.083955191359058, 'scale_lr': 0.31503299025451287}. Best is trial 620 with value: 0.36708399363528893.
checkpoint_e33 window_influence: 0.49319464502352767, penalty_k: 0.36209414932846901, scale_lr: 0.20532586712821946, EAO: 0.317
Trial 1107 finished with value: 0.31749649618386294 and parameters: {'window_influence': 0.49319464502352767, 'penalty_k': 0.362094149328469, 'scale_lr': 0.20532586712821946}. Best is trial 620 with value: 0.36708399363528893.
checkpoint_e33 window_influence: 0.46788450565398471, penalty_k: 0.17410469699007158, scale_lr: 0.44189966743860903, EAO: 0.338
Trial 1108 finished with value: 0.33822255642497584 and parameters: {'window_influence': 0.4678845056539847, 'penalty_k': 0.17410469699007158, 'scale_lr': 0.44189966743860903}. Best is trial 620 with value: 0.36708399363528893.
checkpoint_e33 window_influence: 0.28896509592446445, penalty_k: 0.05394197550224158, scale_lr: 0.17099855602596581, EAO: 0.294
Trial 1109 finished with value: 0.2944267721491565 and parameters: {'window_influence': 0.28896509592446445, 'penalty_k': 0.05394197550224158, 'scale_lr': 0.1709985560259658}. Best is trial 620 with value: 0.36708399363528893.
checkpoint_e33 window_influence: 0.16893568660355643, penalty_k: 0.02598619172295438, scale_lr: 0.63603166909009434, EAO: 0.276
Trial 1110 finished with value: 0.2763993374220592 and parameters: {'window_influence': 0.16893568660355643, 'penalty_k': 0.025986191722954383, 'scale_lr': 0.6360316690900943}. Best is trial 620 with value: 0.36708399363528893.
checkpoint_e33 window_influence: 0.49348109502629273, penalty_k: 0.43197893767862661, scale_lr: 0.35459921909847336, EAO: 0.310
