Trial 558 finished with value: 0.2955205114667054 and parameters: {'window_influence': 0.2886876465298701, 'penalty_k': 0.017935442001669, 'scale_lr': 0.24438076279284293}. Best is trial 97 with value: 0.3587390516054769.
checkpoint_e22 window_influence: 0.39466577641365974, penalty_k: 0.08344312441152828, scale_lr: 0.62631150876049946, EAO: 0.316
Trial 559 finished with value: 0.31621920731976805 and parameters: {'window_influence': 0.39466577641365974, 'penalty_k': 0.08344312441152828, 'scale_lr': 0.6263115087604995}. Best is trial 97 with value: 0.3587390516054769.
checkpoint_e22 window_influence: 0.47321662844301976, penalty_k: 0.49405230730538818, scale_lr: 0.34903095025486991, EAO: 0.302
Trial 560 finished with value: 0.3024939827418049 and parameters: {'window_influence': 0.47321662844301976, 'penalty_k': 0.4940523073053882, 'scale_lr': 0.3490309502548699}. Best is trial 97 with value: 0.3587390516054769.
checkpoint_e22 window_influence: 0.43175932260043987, penalty_k: 0.10582031709420835, scale_lr: 0.38806136428627813, EAO: 0.305
Trial 561 finished with value: 0.3046385188394947 and parameters: {'window_influence': 0.43175932260043987, 'penalty_k': 0.10582031709420835, 'scale_lr': 0.38806136428627813}. Best is trial 97 with value: 0.3587390516054769.
checkpoint_e22 window_influence: 0.44759516245805664, penalty_k: 0.38574526201252723, scale_lr: 0.29308100799353687, EAO: 0.309
Trial 562 finished with value: 0.309101782420266 and parameters: {'window_influence': 0.44759516245805664, 'penalty_k': 0.38574526201252723, 'scale_lr': 0.29308100799353687}. Best is trial 97 with value: 0.3587390516054769.
checkpoint_e22 window_influence: 0.50637508350115634, penalty_k: 0.12577854362448584, scale_lr: 0.37280691777487313, EAO: 0.310
Trial 563 finished with value: 0.30957262455721307 and parameters: {'window_influence': 0.5063750835011563, 'penalty_k': 0.12577854362448584, 'scale_lr': 0.3728069177748731}. Best is trial 97 with value: 0.3587390516054769.
checkpoint_e22 window_influence: 0.52656462347655286, penalty_k: 0.06014341271747965, scale_lr: 0.16606495462034218, EAO: 0.324
Trial 564 finished with value: 0.3238683919846316 and parameters: {'window_influence': 0.5265646234765529, 'penalty_k': 0.060143412717479645, 'scale_lr': 0.16606495462034218}. Best is trial 97 with value: 0.3587390516054769.
checkpoint_e22 window_influence: 0.31438934415712128, penalty_k: 0.27913921078586518, scale_lr: 0.58017185529917548, EAO: 0.301
Trial 565 finished with value: 0.3014490109821238 and parameters: {'window_influence': 0.3143893441571213, 'penalty_k': 0.2791392107858652, 'scale_lr': 0.5801718552991755}. Best is trial 97 with value: 0.3587390516054769.
checkpoint_e22 window_influence: 0.61700647286138677, penalty_k: 0.25059560511103840, scale_lr: 0.64117096099046011, EAO: 0.245
Trial 566 finished with value: 0.24465873251861173 and parameters: {'window_influence': 0.6170064728613868, 'penalty_k': 0.2505956051110384, 'scale_lr': 0.6411709609904601}. Best is trial 97 with value: 0.3587390516054769.
checkpoint_e22 window_influence: 0.46267929185466355, penalty_k: 0.07480056430556660, scale_lr: 0.19481374269001123, EAO: 0.316
Trial 567 finished with value: 0.3160767441593719 and parameters: {'window_influence': 0.46267929185466355, 'penalty_k': 0.0748005643055666, 'scale_lr': 0.19481374269001123}. Best is trial 97 with value: 0.3587390516054769.
checkpoint_e22 window_influence: 0.08049401040656035, penalty_k: 0.33831911837895173, scale_lr: 0.32443833487226720, EAO: 0.232
Trial 568 finished with value: 0.23158346406448677 and parameters: {'window_influence': 0.08049401040656035, 'penalty_k': 0.33831911837895173, 'scale_lr': 0.3244383348722672}. Best is trial 97 with value: 0.3587390516054769.
checkpoint_e22 window_influence: 0.19177383453793026, penalty_k: 0.13904782328694407, scale_lr: 0.67426861801169546, EAO: 0.287
Trial 569 finished with value: 0.2867668456024697 and parameters: {'window_influence': 0.19177383453793026, 'penalty_k': 0.13904782328694407, 'scale_lr': 0.6742686180116955}. Best is trial 97 with value: 0.3587390516054769.
checkpoint_e22 window_influence: 0.48744207418591334, penalty_k: 0.09365318526460563, scale_lr: 0.22055637748476012, EAO: 0.320
Trial 570 finished with value: 0.32021354196832336 and parameters: {'window_influence': 0.48744207418591334, 'penalty_k': 0.09365318526460563, 'scale_lr': 0.22055637748476012}. Best is trial 97 with value: 0.3587390516054769.
checkpoint_e22 window_influence: 0.64163720659064349, penalty_k: 0.53964190359140762, scale_lr: 0.53755734694822788, EAO: 0.207
Trial 571 finished with value: 0.20660978804998362 and parameters: {'window_influence': 0.6416372065906435, 'penalty_k': 0.5396419035914076, 'scale_lr': 0.5375573469482279}. Best is trial 97 with value: 0.3587390516054769.
checkpoint_e22 window_influence: 0.28358543016765148, penalty_k: 0.11156514774489235, scale_lr: 0.35802455923616505, EAO: 0.284
Trial 572 finished with value: 0.28437778695780014 and parameters: {'window_influence': 0.2835854301676515, 'penalty_k': 0.11156514774489235, 'scale_lr': 0.35802455923616505}. Best is trial 97 with value: 0.3587390516054769.
checkpoint_e22 window_influence: 0.47468213531145598, penalty_k: 0.11689761865130248, scale_lr: 0.25466505825777813, EAO: 0.336
Trial 573 finished with value: 0.335950961140807 and parameters: {'window_influence': 0.474682135311456, 'penalty_k': 0.11689761865130248, 'scale_lr': 0.25466505825777813}. Best is trial 97 with value: 0.3587390516054769.
checkpoint_e22 window_influence: 0.45087250715774208, penalty_k: 0.18015476943250391, scale_lr: 0.30817086042298480, EAO: 0.325
Trial 574 finished with value: 0.32545649535693083 and parameters: {'window_influence': 0.4508725071577421, 'penalty_k': 0.18015476943250391, 'scale_lr': 0.3081708604229848}. Best is trial 97 with value: 0.3587390516054769.
checkpoint_e22 window_influence: 0.46382747932781576, penalty_k: 0.48078411625891659, scale_lr: 0.27753020927726846, EAO: 0.283
Trial 575 finished with value: 0.28297810186903766 and parameters: {'window_influence': 0.46382747932781576, 'penalty_k': 0.4807841162589166, 'scale_lr': 0.27753020927726846}. Best is trial 97 with value: 0.3587390516054769.
checkpoint_e22 window_influence: 0.29531975852242215, penalty_k: 0.57257350527232931, scale_lr: 0.33580589658087368, EAO: 0.269
Trial 576 finished with value: 0.2691773832540104 and parameters: {'window_influence': 0.29531975852242215, 'penalty_k': 0.5725735052723293, 'scale_lr': 0.3358058965808737}. Best is trial 97 with value: 0.3587390516054769.
checkpoint_e22 window_influence: 0.42036872894302868, penalty_k: 0.08754610545207814, scale_lr: 0.29323651589595306, EAO: 0.311
Trial 577 finished with value: 0.3111564252047223 and parameters: {'window_influence': 0.4203687289430287, 'penalty_k': 0.08754610545207814, 'scale_lr': 0.29323651589595306}. Best is trial 97 with value: 0.3587390516054769.
checkpoint_e22 window_influence: 0.34791730995428416, penalty_k: 0.10255795793173378, scale_lr: 0.60198968370593020, EAO: 0.324
Trial 578 finished with value: 0.32386095073900334 and parameters: {'window_influence': 0.34791730995428416, 'penalty_k': 0.10255795793173378, 'scale_lr': 0.6019896837059302}. Best is trial 97 with value: 0.3587390516054769.
checkpoint_e22 window_influence: 0.44051509274232736, penalty_k: 0.06759314805455555, scale_lr: 0.34558885275859991, EAO: 0.335
Trial 579 finished with value: 0.3345072540791582 and parameters: {'window_influence': 0.44051509274232736, 'penalty_k': 0.06759314805455555, 'scale_lr': 0.3455888527585999}. Best is trial 97 with value: 0.3587390516054769.
checkpoint_e22 window_influence: 0.49703552212096686, penalty_k: 0.03850645930839820, scale_lr: 0.37714570173654371, EAO: 0.337
Trial 580 finished with value: 0.3370806237371051 and parameters: {'window_influence': 0.49703552212096686, 'penalty_k': 0.0385064593083982, 'scale_lr': 0.3771457017365437}. Best is trial 97 with value: 0.3587390516054769.
checkpoint_e22 window_influence: 0.48427812464545644, penalty_k: 0.08176175095778365, scale_lr: 0.12648538200356718, EAO: 0.321
Trial 581 finished with value: 0.32058560262626246 and parameters: {'window_influence': 0.48427812464545644, 'penalty_k': 0.08176175095778365, 'scale_lr': 0.12648538200356718}. Best is trial 97 with value: 0.3587390516054769.
checkpoint_e22 window_influence: 0.45763138277861759, penalty_k: 0.13355185741086220, scale_lr: 0.31775746922966069, EAO: 0.313
Trial 582 finished with value: 0.3134600958471632 and parameters: {'window_influence': 0.4576313827786176, 'penalty_k': 0.1335518574108622, 'scale_lr': 0.3177574692296607}. Best is trial 97 with value: 0.3587390516054769.
checkpoint_e22 window_influence: 0.47208238002136432, penalty_k: 0.11973188534990839, scale_lr: 0.76176310968798766, EAO: 0.312
Trial 583 finished with value: 0.31234790529722367 and parameters: {'window_influence': 0.4720823800213643, 'penalty_k': 0.11973188534990839, 'scale_lr': 0.7617631096879877}. Best is trial 97 with value: 0.3587390516054769.
checkpoint_e22 window_influence: 0.51724898726726609, penalty_k: 0.40523099401652873, scale_lr: 0.36059885144289044, EAO: 0.296
Trial 584 finished with value: 0.2955737816684441 and parameters: {'window_influence': 0.5172489872672661, 'penalty_k': 0.40523099401652873, 'scale_lr': 0.36059885144289044}. Best is trial 97 with value: 0.3587390516054769.
checkpoint_e22 window_influence: 0.42964270685604317, penalty_k: 0.16224708519600570, scale_lr: 0.55131623189461154, EAO: 0.316
Trial 585 finished with value: 0.3160259389111968 and parameters: {'window_influence': 0.42964270685604317, 'penalty_k': 0.1622470851960057, 'scale_lr': 0.5513162318946115}. Best is trial 97 with value: 0.3587390516054769.
checkpoint_e22 window_influence: 0.13490480681562270, penalty_k: 0.09726925197501572, scale_lr: 0.39103070129620521, EAO: 0.258
Trial 586 finished with value: 0.25825484873951643 and parameters: {'window_influence': 0.1349048068156227, 'penalty_k': 0.09726925197501572, 'scale_lr': 0.3910307012962052}. Best is trial 97 with value: 0.3587390516054769.
checkpoint_e22 window_influence: 0.19874756704138841, penalty_k: 0.31171889986152346, scale_lr: 0.26755949454102668, EAO: 0.274
Trial 587 finished with value: 0.27366593885978374 and parameters: {'window_influence': 0.1987475670413884, 'penalty_k': 0.31171889986152346, 'scale_lr': 0.2675594945410267}. Best is trial 97 with value: 0.3587390516054769.
checkpoint_e22 window_influence: 0.48300246377849743, penalty_k: 0.31943716490765584, scale_lr: 0.33288817613630739, EAO: 0.315
Trial 588 finished with value: 0.31473752282240974 and parameters: {'window_influence': 0.4830024637784974, 'penalty_k': 0.31943716490765584, 'scale_lr': 0.3328881761363074}. Best is trial 97 with value: 0.3587390516054769.
checkpoint_e22 window_influence: 0.15659150650060696, penalty_k: 0.05022249010160196, scale_lr: 0.41032016968954216, EAO: 0.256
Trial 589 finished with value: 0.255717777730426 and parameters: {'window_influence': 0.15659150650060696, 'penalty_k': 0.050222490101601965, 'scale_lr': 0.41032016968954216}. Best is trial 97 with value: 0.3587390516054769.
checkpoint_e22 window_influence: 0.45046735741607846, penalty_k: 0.23739185533608981, scale_lr: 0.30600742473619075, EAO: 0.313
Trial 590 finished with value: 0.31310924731108003 and parameters: {'window_influence': 0.45046735741607846, 'penalty_k': 0.2373918553360898, 'scale_lr': 0.30600742473619075}. Best is trial 97 with value: 0.3587390516054769.
checkpoint_e22 window_influence: 0.21820355606170871, penalty_k: 0.10853436089033927, scale_lr: 0.14339081837138237, EAO: 0.301
Trial 591 finished with value: 0.3014939866873077 and parameters: {'window_influence': 0.21820355606170871, 'penalty_k': 0.10853436089033927, 'scale_lr': 0.14339081837138237}. Best is trial 97 with value: 0.3587390516054769.
checkpoint_e22 window_influence: 0.49681666441133820, penalty_k: 0.15007517572348994, scale_lr: 0.28490349719804342, EAO: 0.350
Trial 592 finished with value: 0.3498668734433586 and parameters: {'window_influence': 0.4968166644113382, 'penalty_k': 0.15007517572348994, 'scale_lr': 0.2849034971980434}. Best is trial 97 with value: 0.3587390516054769.
checkpoint_e22 window_influence: 0.16251842460309138, penalty_k: 0.14788062629991383, scale_lr: 0.28585724998445894, EAO: 0.258
Trial 593 finished with value: 0.2581717705912163 and parameters: {'window_influence': 0.16251842460309138, 'penalty_k': 0.14788062629991383, 'scale_lr': 0.28585724998445894}. Best is trial 97 with value: 0.3587390516054769.
checkpoint_e22 window_influence: 0.50038926998581679, penalty_k: 0.13135643509692524, scale_lr: 0.21368083375088298, EAO: 0.336
Trial 594 finished with value: 0.3358120079866179 and parameters: {'window_influence': 0.5003892699858168, 'penalty_k': 0.13135643509692524, 'scale_lr': 0.21368083375088298}. Best is trial 97 with value: 0.3587390516054769.
checkpoint_e22 window_influence: 0.51412589615788762, penalty_k: 0.14398357763650421, scale_lr: 0.34963087038683255, EAO: 0.301
Trial 595 finished with value: 0.3007148402790151 and parameters: {'window_influence': 0.5141258961578876, 'penalty_k': 0.1439835776365042, 'scale_lr': 0.34963087038683255}. Best is trial 97 with value: 0.3587390516054769.
checkpoint_e22 window_influence: 0.49409372264229290, penalty_k: 0.13063554710075198, scale_lr: 0.74896818517090002, EAO: 0.327
Trial 596 finished with value: 0.32735068400314343 and parameters: {'window_influence': 0.4940937226422929, 'penalty_k': 0.13063554710075198, 'scale_lr': 0.7489681851709}. Best is trial 97 with value: 0.3587390516054769.
checkpoint_e22 window_influence: 0.50742886996569947, penalty_k: 0.18719381419246511, scale_lr: 0.42815605256201050, EAO: 0.304
Trial 597 finished with value: 0.3040360230300213 and parameters: {'window_influence': 0.5074288699656995, 'penalty_k': 0.1871938141924651, 'scale_lr': 0.4281560525620105}. Best is trial 97 with value: 0.3587390516054769.
checkpoint_e22 window_influence: 0.53853941613290823, penalty_k: 0.12386934216221891, scale_lr: 0.71200538376823919, EAO: 0.291
Trial 598 finished with value: 0.290550964699645 and parameters: {'window_influence': 0.5385394161329082, 'penalty_k': 0.12386934216221891, 'scale_lr': 0.7120053837682392}. Best is trial 97 with value: 0.3587390516054769.
checkpoint_e22 window_influence: 0.48836383407084877, penalty_k: 0.11510668274570769, scale_lr: 0.32253752756449933, EAO: 0.319
Trial 599 finished with value: 0.3194350310336755 and parameters: {'window_influence': 0.48836383407084877, 'penalty_k': 0.11510668274570769, 'scale_lr': 0.3225375275644993}. Best is trial 97 with value: 0.3587390516054769.
checkpoint_e22 window_influence: 0.52438213298675851, penalty_k: 0.15321997978874735, scale_lr: 0.39856860753821122, EAO: 0.306
Trial 600 finished with value: 0.3064081829461606 and parameters: {'window_influence': 0.5243821329867585, 'penalty_k': 0.15321997978874735, 'scale_lr': 0.3985686075382112}. Best is trial 97 with value: 0.3587390516054769.
checkpoint_e22 window_influence: 0.40377251549132670, penalty_k: 0.19389689232136592, scale_lr: 0.36994892756851128, EAO: 0.308
Trial 601 finished with value: 0.3081303030136494 and parameters: {'window_influence': 0.4037725154913267, 'penalty_k': 0.19389689232136592, 'scale_lr': 0.3699489275685113}. Best is trial 97 with value: 0.3587390516054769.
checkpoint_e22 window_influence: 0.64390968294725193, penalty_k: 0.10439103908633041, scale_lr: 0.48944588536383049, EAO: 0.230
Trial 602 finished with value: 0.22982159970103536 and parameters: {'window_influence': 0.6439096829472519, 'penalty_k': 0.1043910390863304, 'scale_lr': 0.4894458853638305}. Best is trial 97 with value: 0.3587390516054769.
checkpoint_e22 window_influence: 0.47716218874918304, penalty_k: 0.36927243748404237, scale_lr: 0.30129924800843244, EAO: 0.304
Trial 603 finished with value: 0.30375756189980857 and parameters: {'window_influence': 0.47716218874918304, 'penalty_k': 0.36927243748404237, 'scale_lr': 0.30129924800843244}. Best is trial 97 with value: 0.3587390516054769.
checkpoint_e22 window_influence: 0.60387898046439015, penalty_k: 0.09222833877719584, scale_lr: 0.44971258398163955, EAO: 0.263
Trial 604 finished with value: 0.2633191975058285 and parameters: {'window_influence': 0.6038789804643901, 'penalty_k': 0.09222833877719584, 'scale_lr': 0.44971258398163955}. Best is trial 97 with value: 0.3587390516054769.
checkpoint_e22 window_influence: 0.50249078660065871, penalty_k: 0.12192722342414526, scale_lr: 0.33647780368515373, EAO: 0.301
Trial 605 finished with value: 0.30127266745159137 and parameters: {'window_influence': 0.5024907866006587, 'penalty_k': 0.12192722342414526, 'scale_lr': 0.33647780368515373}. Best is trial 97 with value: 0.3587390516054769.
checkpoint_e22 window_influence: 0.63094344442808425, penalty_k: 0.51297009976595009, scale_lr: 0.56591363721412302, EAO: 0.219
Trial 606 finished with value: 0.21926802251821362 and parameters: {'window_influence': 0.6309434444280843, 'penalty_k': 0.5129700997659501, 'scale_lr': 0.565913637214123}. Best is trial 97 with value: 0.3587390516054769.
checkpoint_e22 window_influence: 0.47244292997786597, penalty_k: 0.46199267231908342, scale_lr: 0.35829765335408431, EAO: 0.297
Trial 607 finished with value: 0.2970906863648604 and parameters: {'window_influence': 0.47244292997786597, 'penalty_k': 0.4619926723190834, 'scale_lr': 0.3582976533540843}. Best is trial 97 with value: 0.3587390516054769.
checkpoint_e22 window_influence: 0.38294071210527297, penalty_k: 0.13930167420751993, scale_lr: 0.38159156900707597, EAO: 0.285
Trial 608 finished with value: 0.2845481701977986 and parameters: {'window_influence': 0.382940712105273, 'penalty_k': 0.13930167420751993, 'scale_lr': 0.38159156900707597}. Best is trial 97 with value: 0.3587390516054769.
checkpoint_e22 window_influence: 0.48782011869258590, penalty_k: 0.10807396267982895, scale_lr: 0.49074723273144805, EAO: 0.333
Trial 609 finished with value: 0.3327278767346408 and parameters: {'window_influence': 0.4878201186925859, 'penalty_k': 0.10807396267982895, 'scale_lr': 0.49074723273144805}. Best is trial 97 with value: 0.3587390516054769.
checkpoint_e22 window_influence: 0.46691489508407524, penalty_k: 0.56927858349310845, scale_lr: 0.31194231562033253, EAO: 0.290
Trial 610 finished with value: 0.2897109308711286 and parameters: {'window_influence': 0.46691489508407524, 'penalty_k': 0.5692785834931084, 'scale_lr': 0.31194231562033253}. Best is trial 97 with value: 0.3587390516054769.
checkpoint_e22 window_influence: 0.44067307449096266, penalty_k: 0.06607607386620054, scale_lr: 0.16767897920562413, EAO: 0.311
Trial 611 finished with value: 0.3109139675992008 and parameters: {'window_influence': 0.44067307449096266, 'penalty_k': 0.06607607386620054, 'scale_lr': 0.16767897920562413}. Best is trial 97 with value: 0.3587390516054769.
checkpoint_e22 window_influence: 0.25367911875997673, penalty_k: 0.02929010406302968, scale_lr: 0.48181643632587878, EAO: 0.270
Trial 612 finished with value: 0.26987819640321026 and parameters: {'window_influence': 0.25367911875997673, 'penalty_k': 0.029290104063029683, 'scale_lr': 0.4818164363258788}. Best is trial 97 with value: 0.3587390516054769.
checkpoint_e22 window_influence: 0.30228775545091635, penalty_k: 0.09947207019186143, scale_lr: 0.61406901513275691, EAO: 0.293
Trial 613 finished with value: 0.29335724866807694 and parameters: {'window_influence': 0.30228775545091635, 'penalty_k': 0.09947207019186143, 'scale_lr': 0.6140690151327569}. Best is trial 97 with value: 0.3587390516054769.
checkpoint_e22 window_influence: 0.49513495848859151, penalty_k: 0.17375011167484783, scale_lr: 0.44111350594519583, EAO: 0.309
Trial 614 finished with value: 0.3089247861956808 and parameters: {'window_influence': 0.4951349584885915, 'penalty_k': 0.17375011167484783, 'scale_lr': 0.4411135059451958}. Best is trial 97 with value: 0.3587390516054769.
checkpoint_e22 window_influence: 0.36141898380414322, penalty_k: 0.56165463639758073, scale_lr: 0.27784519009177133, EAO: 0.275
Trial 615 finished with value: 0.27529734257130306 and parameters: {'window_influence': 0.3614189838041432, 'penalty_k': 0.5616546363975807, 'scale_lr': 0.27784519009177133}. Best is trial 97 with value: 0.3587390516054769.
checkpoint_e22 window_influence: 0.47910867919931294, penalty_k: 0.28877133994589865, scale_lr: 0.32315589312946746, EAO: 0.309
Trial 616 finished with value: 0.30934127747780615 and parameters: {'window_influence': 0.47910867919931294, 'penalty_k': 0.28877133994589865, 'scale_lr': 0.32315589312946746}. Best is trial 97 with value: 0.3587390516054769.
checkpoint_e22 window_influence: 0.45930651922482857, penalty_k: 0.12182238129163245, scale_lr: 0.29380062259319101, EAO: 0.335
Trial 617 finished with value: 0.33526229243798017 and parameters: {'window_influence': 0.45930651922482857, 'penalty_k': 0.12182238129163245, 'scale_lr': 0.293800622593191}. Best is trial 97 with value: 0.3587390516054769.
checkpoint_e22 window_influence: 0.26689361077868934, penalty_k: 0.35624080672983721, scale_lr: 0.37005543900162663, EAO: 0.276
Trial 618 finished with value: 0.27602043997220954 and parameters: {'window_influence': 0.26689361077868934, 'penalty_k': 0.3562408067298372, 'scale_lr': 0.37005543900162663}. Best is trial 97 with value: 0.3587390516054769.
checkpoint_e22 window_influence: 0.46761970521915169, penalty_k: 0.07420926494861751, scale_lr: 0.34426156654576284, EAO: 0.338
Trial 619 finished with value: 0.33754223167664343 and parameters: {'window_influence': 0.4676197052191517, 'penalty_k': 0.07420926494861751, 'scale_lr': 0.34426156654576284}. Best is trial 97 with value: 0.3587390516054769.
checkpoint_e22 window_influence: 0.50883251456698808, penalty_k: 0.16082365932510814, scale_lr: 0.40905258102581105, EAO: 0.304
