Trial 124 finished with value: 0.3094670407271107 and parameters: {'window_influence': 0.4891716022272254, 'penalty_k': 0.14617562027261805, 'scale_lr': 0.2805379334152871}. Best is trial 90 with value: 0.34644896371819167.
checkpoint_e19 window_influence: 0.51393414912084145, penalty_k: 0.10496984376032202, scale_lr: 0.24471494607727859, EAO: 0.308
Trial 125 finished with value: 0.3077013121504728 and parameters: {'window_influence': 0.5139341491208415, 'penalty_k': 0.10496984376032202, 'scale_lr': 0.2447149460772786}. Best is trial 90 with value: 0.34644896371819167.
checkpoint_e19 window_influence: 0.45666409885481413, penalty_k: 0.13285133565542195, scale_lr: 0.29036448494458539, EAO: 0.335
Trial 126 finished with value: 0.335130308040849 and parameters: {'window_influence': 0.4566640988548141, 'penalty_k': 0.13285133565542195, 'scale_lr': 0.2903644849445854}. Best is trial 90 with value: 0.34644896371819167.
checkpoint_e19 window_influence: 0.45549384471687626, penalty_k: 0.11695662186762781, scale_lr: 0.28928891076058538, EAO: 0.328
Trial 127 finished with value: 0.3284623424598679 and parameters: {'window_influence': 0.45549384471687626, 'penalty_k': 0.11695662186762781, 'scale_lr': 0.2892889107605854}. Best is trial 90 with value: 0.34644896371819167.
checkpoint_e19 window_influence: 0.45365089755090737, penalty_k: 0.08742234158233136, scale_lr: 0.26446384553981450, EAO: 0.314
Trial 128 finished with value: 0.31446054653202976 and parameters: {'window_influence': 0.4536508975509074, 'penalty_k': 0.08742234158233136, 'scale_lr': 0.2644638455398145}. Best is trial 90 with value: 0.34644896371819167.
checkpoint_e19 window_influence: 0.50387500467705892, penalty_k: 0.12189321613567083, scale_lr: 0.28750810692161105, EAO: 0.312
Trial 129 finished with value: 0.31248069957536484 and parameters: {'window_influence': 0.5038750046770589, 'penalty_k': 0.12189321613567083, 'scale_lr': 0.28750810692161105}. Best is trial 90 with value: 0.34644896371819167.
checkpoint_e19 window_influence: 0.45909909357627837, penalty_k: 0.13383332102318715, scale_lr: 0.23922462906434638, EAO: 0.318
Trial 130 finished with value: 0.31751308900372993 and parameters: {'window_influence': 0.45909909357627837, 'penalty_k': 0.13383332102318715, 'scale_lr': 0.23922462906434638}. Best is trial 90 with value: 0.34644896371819167.
checkpoint_e19 window_influence: 0.47039465593722479, penalty_k: 0.14034419790056060, scale_lr: 0.29388221615733445, EAO: 0.324
Trial 131 finished with value: 0.3237204102922506 and parameters: {'window_influence': 0.4703946559372248, 'penalty_k': 0.1403441979005606, 'scale_lr': 0.29388221615733445}. Best is trial 90 with value: 0.34644896371819167.
checkpoint_e19 window_influence: 0.47681633621786279, penalty_k: 0.15786098399348727, scale_lr: 0.27263599951802653, EAO: 0.325
Trial 132 finished with value: 0.32481359675932486 and parameters: {'window_influence': 0.4768163362178628, 'penalty_k': 0.15786098399348727, 'scale_lr': 0.27263599951802653}. Best is trial 90 with value: 0.34644896371819167.
checkpoint_e19 window_influence: 0.48976228096250618, penalty_k: 0.11090178204839590, scale_lr: 0.29089833723298875, EAO: 0.320
Trial 133 finished with value: 0.3195003021204054 and parameters: {'window_influence': 0.4897622809625062, 'penalty_k': 0.1109017820483959, 'scale_lr': 0.29089833723298875}. Best is trial 90 with value: 0.34644896371819167.
checkpoint_e19 window_influence: 0.44695489104443464, penalty_k: 0.12795625907501409, scale_lr: 0.25302436565723074, EAO: 0.326
Trial 134 finished with value: 0.3256743750915453 and parameters: {'window_influence': 0.44695489104443464, 'penalty_k': 0.1279562590750141, 'scale_lr': 0.25302436565723074}. Best is trial 90 with value: 0.34644896371819167.
checkpoint_e19 window_influence: 0.46736485383511739, penalty_k: 0.09262759664019664, scale_lr: 0.30248010174817841, EAO: 0.350
Trial 135 finished with value: 0.349596067973148 and parameters: {'window_influence': 0.4673648538351174, 'penalty_k': 0.09262759664019664, 'scale_lr': 0.3024801017481784}. Best is trial 135 with value: 0.349596067973148.
checkpoint_e19 window_influence: 0.46048530012672279, penalty_k: 0.09511148167190570, scale_lr: 0.26322767873990360, EAO: 0.317
Trial 136 finished with value: 0.31713364415363576 and parameters: {'window_influence': 0.4604853001267228, 'penalty_k': 0.0951114816719057, 'scale_lr': 0.2632276787399036}. Best is trial 135 with value: 0.349596067973148.
checkpoint_e19 window_influence: 0.53600853481946198, penalty_k: 0.07066409938394744, scale_lr: 0.22879071992392180, EAO: 0.315
Trial 137 finished with value: 0.3150722958466422 and parameters: {'window_influence': 0.536008534819462, 'penalty_k': 0.07066409938394744, 'scale_lr': 0.2287907199239218}. Best is trial 135 with value: 0.349596067973148.
checkpoint_e19 window_influence: 0.49028191238354257, penalty_k: 0.14103526946091027, scale_lr: 0.27954302337290737, EAO: 0.290
Trial 138 finished with value: 0.2903941302679856 and parameters: {'window_influence': 0.4902819123835426, 'penalty_k': 0.14103526946091027, 'scale_lr': 0.2795430233729074}. Best is trial 135 with value: 0.349596067973148.
checkpoint_e19 window_influence: 0.44364053760391542, penalty_k: 0.12008086059714579, scale_lr: 0.30058300283285838, EAO: 0.337
Trial 139 finished with value: 0.33737422357737323 and parameters: {'window_influence': 0.4436405376039154, 'penalty_k': 0.12008086059714579, 'scale_lr': 0.3005830028328584}. Best is trial 135 with value: 0.349596067973148.
checkpoint_e19 window_influence: 0.42274634254105492, penalty_k: 0.16046549930617135, scale_lr: 0.30796523372112528, EAO: 0.316
Trial 140 finished with value: 0.315693791042506 and parameters: {'window_influence': 0.4227463425410549, 'penalty_k': 0.16046549930617135, 'scale_lr': 0.3079652337211253}. Best is trial 135 with value: 0.349596067973148.
checkpoint_e19 window_influence: 0.44525455954339460, penalty_k: 0.12054643170073784, scale_lr: 0.29593607779580910, EAO: 0.333
Trial 141 finished with value: 0.3332951260216041 and parameters: {'window_influence': 0.4452545595433946, 'penalty_k': 0.12054643170073784, 'scale_lr': 0.2959360777958091}. Best is trial 135 with value: 0.349596067973148.
checkpoint_e19 window_influence: 0.44702085816481174, penalty_k: 0.10382964235544091, scale_lr: 0.25496336397007957, EAO: 0.304
Trial 142 finished with value: 0.3044002397051117 and parameters: {'window_influence': 0.44702085816481174, 'penalty_k': 0.10382964235544091, 'scale_lr': 0.25496336397007957}. Best is trial 135 with value: 0.349596067973148.
checkpoint_e19 window_influence: 0.43918756197352099, penalty_k: 0.12244195668670538, scale_lr: 0.30403039528858794, EAO: 0.340
Trial 143 finished with value: 0.3399202825958163 and parameters: {'window_influence': 0.439187561973521, 'penalty_k': 0.12244195668670538, 'scale_lr': 0.30403039528858794}. Best is trial 135 with value: 0.349596067973148.
checkpoint_e19 window_influence: 0.44175214467675489, penalty_k: 0.12106614746979456, scale_lr: 0.27405322009237182, EAO: 0.323
Trial 144 finished with value: 0.32300660391030145 and parameters: {'window_influence': 0.4417521446767549, 'penalty_k': 0.12106614746979456, 'scale_lr': 0.2740532200923718}. Best is trial 135 with value: 0.349596067973148.
checkpoint_e19 window_influence: 0.40068282122775156, penalty_k: 0.13125239949304618, scale_lr: 0.30215917366365980, EAO: 0.320
Trial 145 finished with value: 0.32009277692796656 and parameters: {'window_influence': 0.40068282122775156, 'penalty_k': 0.13125239949304618, 'scale_lr': 0.3021591736636598}. Best is trial 135 with value: 0.349596067973148.
checkpoint_e19 window_influence: 0.42585179224858194, penalty_k: 0.07961211310917866, scale_lr: 0.24711203348726929, EAO: 0.326
Trial 146 finished with value: 0.32635400105079326 and parameters: {'window_influence': 0.42585179224858194, 'penalty_k': 0.07961211310917866, 'scale_lr': 0.2471120334872693}. Best is trial 135 with value: 0.349596067973148.
checkpoint_e19 window_influence: 0.46630666658546638, penalty_k: 0.09511199473065080, scale_lr: 0.29013218545585595, EAO: 0.316
Trial 147 finished with value: 0.316404335171796 and parameters: {'window_influence': 0.4663066665854664, 'penalty_k': 0.0951119947306508, 'scale_lr': 0.29013218545585595}. Best is trial 135 with value: 0.349596067973148.
checkpoint_e19 window_influence: 0.41397022356635532, penalty_k: 0.11156315461921354, scale_lr: 0.26553206577362060, EAO: 0.317
Trial 148 finished with value: 0.31715192851621354 and parameters: {'window_influence': 0.4139702235663553, 'penalty_k': 0.11156315461921354, 'scale_lr': 0.2655320657736206}. Best is trial 135 with value: 0.349596067973148.
checkpoint_e19 window_influence: 0.43332738452474701, penalty_k: 0.14713334896075864, scale_lr: 0.30715304251778164, EAO: 0.322
Trial 149 finished with value: 0.3217605199331439 and parameters: {'window_influence': 0.433327384524747, 'penalty_k': 0.14713334896075864, 'scale_lr': 0.30715304251778164}. Best is trial 135 with value: 0.349596067973148.
checkpoint_e19 window_influence: 0.47765877622459468, penalty_k: 0.12081326713672338, scale_lr: 0.23581922628633867, EAO: 0.312
Trial 150 finished with value: 0.3124687026330933 and parameters: {'window_influence': 0.4776587762245947, 'penalty_k': 0.12081326713672338, 'scale_lr': 0.23581922628633867}. Best is trial 135 with value: 0.349596067973148.
checkpoint_e19 window_influence: 0.45909969257986954, penalty_k: 0.10346201814764923, scale_lr: 0.33361259611999838, EAO: 0.327
Trial 151 finished with value: 0.3269198026058739 and parameters: {'window_influence': 0.45909969257986954, 'penalty_k': 0.10346201814764923, 'scale_lr': 0.3336125961199984}. Best is trial 135 with value: 0.349596067973148.
checkpoint_e19 window_influence: 0.44264116098260131, penalty_k: 0.13836697200018008, scale_lr: 0.28245152198082463, EAO: 0.331
Trial 152 finished with value: 0.330645264934473 and parameters: {'window_influence': 0.4426411609826013, 'penalty_k': 0.13836697200018008, 'scale_lr': 0.2824515219808246}. Best is trial 135 with value: 0.349596067973148.
checkpoint_e19 window_influence: 0.44196746733176062, penalty_k: 0.13329375627042678, scale_lr: 0.27820045236602686, EAO: 0.303
Trial 153 finished with value: 0.3032140989247927 and parameters: {'window_influence': 0.4419674673317606, 'penalty_k': 0.13329375627042678, 'scale_lr': 0.27820045236602686}. Best is trial 135 with value: 0.349596067973148.
checkpoint_e19 window_influence: 0.45056197342276155, penalty_k: 0.15304746816616410, scale_lr: 0.29299605333831530, EAO: 0.324
Trial 154 finished with value: 0.32415088576333534 and parameters: {'window_influence': 0.45056197342276155, 'penalty_k': 0.1530474681661641, 'scale_lr': 0.2929960533383153}. Best is trial 135 with value: 0.349596067973148.
checkpoint_e19 window_influence: 0.42742649576516606, penalty_k: 0.08306282217820241, scale_lr: 0.30971879986881534, EAO: 0.315
Trial 155 finished with value: 0.31494183461489844 and parameters: {'window_influence': 0.42742649576516606, 'penalty_k': 0.0830628221782024, 'scale_lr': 0.30971879986881534}. Best is trial 135 with value: 0.349596067973148.
checkpoint_e19 window_influence: 0.47187021902610177, penalty_k: 0.14209229409361623, scale_lr: 0.26682827592103847, EAO: 0.326
Trial 156 finished with value: 0.32550456789449034 and parameters: {'window_influence': 0.47187021902610177, 'penalty_k': 0.14209229409361623, 'scale_lr': 0.26682827592103847}. Best is trial 135 with value: 0.349596067973148.
checkpoint_e19 window_influence: 0.41060801884642578, penalty_k: 0.16404680128945570, scale_lr: 0.34491584179436774, EAO: 0.326
Trial 157 finished with value: 0.3257119913045534 and parameters: {'window_influence': 0.4106080188464258, 'penalty_k': 0.1640468012894557, 'scale_lr': 0.34491584179436774}. Best is trial 135 with value: 0.349596067973148.
checkpoint_e19 window_influence: 0.48277446476966968, penalty_k: 0.05427793745836031, scale_lr: 0.29967898896063244, EAO: 0.348
Trial 158 finished with value: 0.34817714774654995 and parameters: {'window_influence': 0.4827744647696697, 'penalty_k': 0.05427793745836031, 'scale_lr': 0.29967898896063244}. Best is trial 135 with value: 0.349596067973148.
checkpoint_e19 window_influence: 0.48354731141925666, penalty_k: 0.07348356576033896, scale_lr: 0.31898652555129098, EAO: 0.333
Trial 159 finished with value: 0.33347229966857556 and parameters: {'window_influence': 0.48354731141925666, 'penalty_k': 0.07348356576033896, 'scale_lr': 0.318986525551291}. Best is trial 135 with value: 0.349596067973148.
checkpoint_e19 window_influence: 0.50176240948680806, penalty_k: 0.06426735754065928, scale_lr: 0.31841292523337233, EAO: 0.319
Trial 160 finished with value: 0.3194461822625728 and parameters: {'window_influence': 0.5017624094868081, 'penalty_k': 0.06426735754065928, 'scale_lr': 0.31841292523337233}. Best is trial 135 with value: 0.349596067973148.
checkpoint_e19 window_influence: 0.48314267838805552, penalty_k: 0.04967976695626800, scale_lr: 0.30191584648261821, EAO: 0.329
Trial 161 finished with value: 0.32878827938541827 and parameters: {'window_influence': 0.4831426783880555, 'penalty_k': 0.049679766956267996, 'scale_lr': 0.3019158464826182}. Best is trial 135 with value: 0.349596067973148.
checkpoint_e19 window_influence: 0.46099874892509868, penalty_k: 0.07671048555459095, scale_lr: 0.32862363069028072, EAO: 0.302
Trial 162 finished with value: 0.301926875218807 and parameters: {'window_influence': 0.4609987489250987, 'penalty_k': 0.07671048555459095, 'scale_lr': 0.3286236306902807}. Best is trial 135 with value: 0.349596067973148.
checkpoint_e19 window_influence: 0.49413660739042481, penalty_k: 0.03179471830337659, scale_lr: 0.36007600821113772, EAO: 0.335
Trial 163 finished with value: 0.3347032370502383 and parameters: {'window_influence': 0.4941366073904248, 'penalty_k': 0.031794718303376594, 'scale_lr': 0.3600760082111377}. Best is trial 135 with value: 0.349596067973148.
checkpoint_e19 window_influence: 0.49409252937746623, penalty_k: 0.01324891218241998, scale_lr: 0.35951283394697331, EAO: 0.330
Trial 164 finished with value: 0.33044195865146847 and parameters: {'window_influence': 0.4940925293774662, 'penalty_k': 0.013248912182419983, 'scale_lr': 0.3595128339469733}. Best is trial 135 with value: 0.349596067973148.
checkpoint_e19 window_influence: 0.51720295246002790, penalty_k: 0.04459620978224804, scale_lr: 0.34498730922146253, EAO: 0.307
Trial 165 finished with value: 0.3071718043738302 and parameters: {'window_influence': 0.5172029524600279, 'penalty_k': 0.04459620978224804, 'scale_lr': 0.34498730922146253}. Best is trial 135 with value: 0.349596067973148.
checkpoint_e19 window_influence: 0.48128040394955185, penalty_k: 0.05353950458040674, scale_lr: 0.30883441943918771, EAO: 0.323
Trial 166 finished with value: 0.3227663775362393 and parameters: {'window_influence': 0.48128040394955185, 'penalty_k': 0.05353950458040674, 'scale_lr': 0.3088344194391877}. Best is trial 135 with value: 0.349596067973148.
checkpoint_e19 window_influence: 0.50500414725846599, penalty_k: 0.03322727496424588, scale_lr: 0.33227735422790711, EAO: 0.305
Trial 167 finished with value: 0.30478113559201536 and parameters: {'window_influence': 0.505004147258466, 'penalty_k': 0.03322727496424588, 'scale_lr': 0.3322773542279071}. Best is trial 135 with value: 0.349596067973148.
checkpoint_e19 window_influence: 0.46954511444547442, penalty_k: 0.07191829728032501, scale_lr: 0.29337159022356329, EAO: 0.317
Trial 168 finished with value: 0.3172891825321583 and parameters: {'window_influence': 0.4695451144454744, 'penalty_k': 0.071918297280325, 'scale_lr': 0.2933715902235633}. Best is trial 135 with value: 0.349596067973148.
checkpoint_e19 window_influence: 0.48515735227052548, penalty_k: 0.09687014152872979, scale_lr: 0.36428882393236278, EAO: 0.341
Trial 169 finished with value: 0.34101099854313444 and parameters: {'window_influence': 0.4851573522705255, 'penalty_k': 0.09687014152872979, 'scale_lr': 0.3642888239323628}. Best is trial 135 with value: 0.349596067973148.
checkpoint_e19 window_influence: 0.48696710005780008, penalty_k: 0.06008256799807746, scale_lr: 0.35931539973105692, EAO: 0.306
Trial 170 finished with value: 0.3062143899819266 and parameters: {'window_influence': 0.4869671000578001, 'penalty_k': 0.06008256799807746, 'scale_lr': 0.3593153997310569}. Best is trial 135 with value: 0.349596067973148.
checkpoint_e19 window_influence: 0.47283599824665995, penalty_k: 0.09421686238576829, scale_lr: 0.31928136768016124, EAO: 0.349
Trial 171 finished with value: 0.34927355454589604 and parameters: {'window_influence': 0.47283599824665995, 'penalty_k': 0.09421686238576829, 'scale_lr': 0.31928136768016124}. Best is trial 135 with value: 0.349596067973148.
checkpoint_e19 window_influence: 0.47430510072899557, penalty_k: 0.08482099665426246, scale_lr: 0.31870237210270957, EAO: 0.323
Trial 172 finished with value: 0.32292982935905457 and parameters: {'window_influence': 0.47430510072899557, 'penalty_k': 0.08482099665426246, 'scale_lr': 0.3187023721027096}. Best is trial 135 with value: 0.349596067973148.
checkpoint_e19 window_influence: 0.49014339906028292, penalty_k: 0.08830859589783721, scale_lr: 0.33703268236307354, EAO: 0.333
Trial 173 finished with value: 0.3326493802005679 and parameters: {'window_influence': 0.4901433990602829, 'penalty_k': 0.08830859589783721, 'scale_lr': 0.33703268236307354}. Best is trial 135 with value: 0.349596067973148.
checkpoint_e19 window_influence: 0.49945196690901811, penalty_k: 0.10089643111307624, scale_lr: 0.34500581265817531, EAO: 0.321
Trial 174 finished with value: 0.32137213983656365 and parameters: {'window_influence': 0.4994519669090181, 'penalty_k': 0.10089643111307624, 'scale_lr': 0.3450058126581753}. Best is trial 135 with value: 0.349596067973148.
checkpoint_e19 window_influence: 0.51024489169730403, penalty_k: 0.09083569432014833, scale_lr: 0.36342439679965693, EAO: 0.312
Trial 175 finished with value: 0.3120256802103399 and parameters: {'window_influence': 0.510244891697304, 'penalty_k': 0.09083569432014833, 'scale_lr': 0.36342439679965693}. Best is trial 135 with value: 0.349596067973148.
checkpoint_e19 window_influence: 0.53098237923232983, penalty_k: 0.06760203098198828, scale_lr: 0.38137856540775766, EAO: 0.309
Trial 176 finished with value: 0.3087300358463354 and parameters: {'window_influence': 0.5309823792323298, 'penalty_k': 0.06760203098198828, 'scale_lr': 0.38137856540775766}. Best is trial 135 with value: 0.349596067973148.
checkpoint_e19 window_influence: 0.48755687697331562, penalty_k: 0.11149296087174983, scale_lr: 0.37048962290951210, EAO: 0.314
Trial 177 finished with value: 0.31448133846433246 and parameters: {'window_influence': 0.4875568769733156, 'penalty_k': 0.11149296087174983, 'scale_lr': 0.3704896229095121}. Best is trial 135 with value: 0.349596067973148.
checkpoint_e19 window_influence: 0.55302748630491450, penalty_k: 0.09033782307668536, scale_lr: 0.33292942094759886, EAO: 0.291
Trial 178 finished with value: 0.2905498538963526 and parameters: {'window_influence': 0.5530274863049145, 'penalty_k': 0.09033782307668536, 'scale_lr': 0.33292942094759886}. Best is trial 135 with value: 0.349596067973148.
checkpoint_e19 window_influence: 0.47868515237492565, penalty_k: 0.02982239842914593, scale_lr: 0.34908783822090395, EAO: 0.305
Trial 179 finished with value: 0.3049915711239618 and parameters: {'window_influence': 0.47868515237492565, 'penalty_k': 0.029822398429145934, 'scale_lr': 0.34908783822090395}. Best is trial 135 with value: 0.349596067973148.
checkpoint_e19 window_influence: 0.50904873103585169, penalty_k: 0.07842020737699693, scale_lr: 0.31812795436240116, EAO: 0.312
Trial 180 finished with value: 0.31246008013704873 and parameters: {'window_influence': 0.5090487310358517, 'penalty_k': 0.07842020737699693, 'scale_lr': 0.31812795436240116}. Best is trial 135 with value: 0.349596067973148.
checkpoint_e19 window_influence: 0.46764088595392894, penalty_k: 0.10010090289439057, scale_lr: 0.30293593030766741, EAO: 0.307
Trial 181 finished with value: 0.30670917869078046 and parameters: {'window_influence': 0.46764088595392894, 'penalty_k': 0.10010090289439057, 'scale_lr': 0.3029359303076674}. Best is trial 135 with value: 0.349596067973148.
checkpoint_e19 window_influence: 0.45340591272738978, penalty_k: 0.11317732356000615, scale_lr: 0.32081068233428195, EAO: 0.326
Trial 182 finished with value: 0.3261854687437473 and parameters: {'window_influence': 0.4534059127273898, 'penalty_k': 0.11317732356000615, 'scale_lr': 0.32081068233428195}. Best is trial 135 with value: 0.349596067973148.
checkpoint_e19 window_influence: 0.44010742745445613, penalty_k: 0.06461251958700252, scale_lr: 0.28675595999343045, EAO: 0.325
Trial 183 finished with value: 0.32511624403964684 and parameters: {'window_influence': 0.44010742745445613, 'penalty_k': 0.06461251958700252, 'scale_lr': 0.28675595999343045}. Best is trial 135 with value: 0.349596067973148.
checkpoint_e19 window_influence: 0.49369574304356678, penalty_k: 0.12737707658194408, scale_lr: 0.40579143114895166, EAO: 0.308
Trial 184 finished with value: 0.30841400778711076 and parameters: {'window_influence': 0.4936957430435668, 'penalty_k': 0.12737707658194408, 'scale_lr': 0.40579143114895166}. Best is trial 135 with value: 0.349596067973148.
checkpoint_e19 window_influence: 0.52151661420521433, penalty_k: 0.09911494845517102, scale_lr: 0.30050636694784399, EAO: 0.304
Trial 185 finished with value: 0.3041956899578933 and parameters: {'window_influence': 0.5215166142052143, 'penalty_k': 0.09911494845517102, 'scale_lr': 0.300506366947844}. Best is trial 135 with value: 0.349596067973148.
checkpoint_e19 window_influence: 0.47030434926450038, penalty_k: 0.04325356612441791, scale_lr: 0.33450206367835034, EAO: 0.329
