Trial 656 finished with value: 0.3371328636134181 and parameters: {'window_influence': 0.4660846863561541, 'penalty_k': 0.08847036982022072, 'scale_lr': 0.5756931350124643}. Best is trial 509 with value: 0.3760354560636825.
checkpoint_e33 window_influence: 0.42557012560508550, penalty_k: 0.12339448087207855, scale_lr: 0.66697858097009943, EAO: 0.321
Trial 657 finished with value: 0.3209910867627029 and parameters: {'window_influence': 0.4255701256050855, 'penalty_k': 0.12339448087207855, 'scale_lr': 0.6669785809700994}. Best is trial 509 with value: 0.3760354560636825.
checkpoint_e33 window_influence: 0.56128165375625994, penalty_k: 0.07188618521848830, scale_lr: 0.60910013680803043, EAO: 0.302
Trial 658 finished with value: 0.30228000995250065 and parameters: {'window_influence': 0.5612816537562599, 'penalty_k': 0.0718861852184883, 'scale_lr': 0.6091001368080304}. Best is trial 509 with value: 0.3760354560636825.
checkpoint_e33 window_influence: 0.60921783248248795, penalty_k: 0.27396063758747846, scale_lr: 0.20189815626943322, EAO: 0.252
Trial 659 finished with value: 0.2521387659274187 and parameters: {'window_influence': 0.609217832482488, 'penalty_k': 0.27396063758747846, 'scale_lr': 0.20189815626943322}. Best is trial 509 with value: 0.3760354560636825.
checkpoint_e33 window_influence: 0.49101151616099464, penalty_k: 0.01668983715438046, scale_lr: 0.68521747535182553, EAO: 0.349
Trial 660 finished with value: 0.3486314524936305 and parameters: {'window_influence': 0.49101151616099464, 'penalty_k': 0.016689837154380455, 'scale_lr': 0.6852174753518255}. Best is trial 509 with value: 0.3760354560636825.
checkpoint_e33 window_influence: 0.51900278055071136, penalty_k: 0.17572693372997356, scale_lr: 0.33095111241509589, EAO: 0.324
Trial 661 finished with value: 0.32368443413467257 and parameters: {'window_influence': 0.5190027805507114, 'penalty_k': 0.17572693372997356, 'scale_lr': 0.3309511124150959}. Best is trial 509 with value: 0.3760354560636825.
checkpoint_e33 window_influence: 0.47773352706158739, penalty_k: 0.05201283024167874, scale_lr: 0.25456506027135822, EAO: 0.334
Trial 662 finished with value: 0.3335262027927874 and parameters: {'window_influence': 0.4777335270615874, 'penalty_k': 0.05201283024167874, 'scale_lr': 0.2545650602713582}. Best is trial 509 with value: 0.3760354560636825.
checkpoint_e33 window_influence: 0.54435101639840089, penalty_k: 0.23087980329272498, scale_lr: 0.62039501121718132, EAO: 0.287
Trial 663 finished with value: 0.28651305917172115 and parameters: {'window_influence': 0.5443510163984009, 'penalty_k': 0.23087980329272498, 'scale_lr': 0.6203950112171813}. Best is trial 509 with value: 0.3760354560636825.
checkpoint_e33 window_influence: 0.31851538549371922, penalty_k: 0.03653978560062286, scale_lr: 0.27113500769529786, EAO: 0.295
Trial 664 finished with value: 0.29473429152937713 and parameters: {'window_influence': 0.3185153854937192, 'penalty_k': 0.03653978560062286, 'scale_lr': 0.27113500769529786}. Best is trial 509 with value: 0.3760354560636825.
checkpoint_e33 window_influence: 0.22281002927515525, penalty_k: 0.24308255626000666, scale_lr: 0.71418934016685853, EAO: 0.300
Trial 665 finished with value: 0.2999986666417771 and parameters: {'window_influence': 0.22281002927515525, 'penalty_k': 0.24308255626000666, 'scale_lr': 0.7141893401668585}. Best is trial 509 with value: 0.3760354560636825.
checkpoint_e33 window_influence: 0.45995558604114345, penalty_k: 0.44333040324501855, scale_lr: 0.59424948699862856, EAO: 0.311
Trial 666 finished with value: 0.3111977209029031 and parameters: {'window_influence': 0.45995558604114345, 'penalty_k': 0.44333040324501855, 'scale_lr': 0.5942494869986286}. Best is trial 509 with value: 0.3760354560636825.
checkpoint_e33 window_influence: 0.44742366954714918, penalty_k: 0.29261528103580958, scale_lr: 0.78112548329175169, EAO: 0.325
Trial 667 finished with value: 0.3246828168050788 and parameters: {'window_influence': 0.4474236695471492, 'penalty_k': 0.2926152810358096, 'scale_lr': 0.7811254832917517}. Best is trial 509 with value: 0.3760354560636825.
checkpoint_e33 window_influence: 0.58587496197817990, penalty_k: 0.00862027500740932, scale_lr: 0.49368485800602790, EAO: 0.298
Trial 668 finished with value: 0.2979403633899726 and parameters: {'window_influence': 0.5858749619781799, 'penalty_k': 0.008620275007409318, 'scale_lr': 0.4936848580060279}. Best is trial 509 with value: 0.3760354560636825.
checkpoint_e33 window_influence: 0.59053942878766841, penalty_k: 0.26147276138489978, scale_lr: 0.22186503982535905, EAO: 0.274
Trial 669 finished with value: 0.27386998196752155 and parameters: {'window_influence': 0.5905394287876684, 'penalty_k': 0.2614727613848998, 'scale_lr': 0.22186503982535905}. Best is trial 509 with value: 0.3760354560636825.
checkpoint_e33 window_influence: 0.50370106178897167, penalty_k: 0.13557023913800137, scale_lr: 0.43064302393584375, EAO: 0.325
Trial 670 finished with value: 0.32470379103018615 and parameters: {'window_influence': 0.5037010617889717, 'penalty_k': 0.13557023913800137, 'scale_lr': 0.43064302393584375}. Best is trial 509 with value: 0.3760354560636825.
checkpoint_e33 window_influence: 0.13293023804483942, penalty_k: 0.47594516014110255, scale_lr: 0.29956973170538714, EAO: 0.251
Trial 671 finished with value: 0.25118810871927655 and parameters: {'window_influence': 0.13293023804483942, 'penalty_k': 0.47594516014110255, 'scale_lr': 0.29956973170538714}. Best is trial 509 with value: 0.3760354560636825.
checkpoint_e33 window_influence: 0.47242185868343101, penalty_k: 0.02943425102975701, scale_lr: 0.44863582720283873, EAO: 0.350
Trial 672 finished with value: 0.3502911677156441 and parameters: {'window_influence': 0.472421858683431, 'penalty_k': 0.029434251029757014, 'scale_lr': 0.44863582720283873}. Best is trial 509 with value: 0.3760354560636825.
checkpoint_e33 window_influence: 0.40722572744838698, penalty_k: 0.06406708622029017, scale_lr: 0.65174940131611137, EAO: 0.325
Trial 673 finished with value: 0.32455359695022673 and parameters: {'window_influence': 0.407225727448387, 'penalty_k': 0.06406708622029017, 'scale_lr': 0.6517494013161114}. Best is trial 509 with value: 0.3760354560636825.
checkpoint_e33 window_influence: 0.27563771873003418, penalty_k: 0.08003919148123223, scale_lr: 0.66781974524402477, EAO: 0.293
Trial 674 finished with value: 0.292629095482919 and parameters: {'window_influence': 0.2756377187300342, 'penalty_k': 0.08003919148123223, 'scale_lr': 0.6678197452440248}. Best is trial 509 with value: 0.3760354560636825.
checkpoint_e33 window_influence: 0.48226733701726343, penalty_k: 0.04597294834415202, scale_lr: 0.39052772517894119, EAO: 0.319
Trial 675 finished with value: 0.31881183478618874 and parameters: {'window_influence': 0.48226733701726343, 'penalty_k': 0.04597294834415202, 'scale_lr': 0.3905277251789412}. Best is trial 509 with value: 0.3760354560636825.
checkpoint_e33 window_influence: 0.28782659760553664, penalty_k: 0.40736756655030165, scale_lr: 0.33587271049008205, EAO: 0.295
Trial 676 finished with value: 0.2947993653061789 and parameters: {'window_influence': 0.28782659760553664, 'penalty_k': 0.40736756655030165, 'scale_lr': 0.33587271049008205}. Best is trial 509 with value: 0.3760354560636825.
checkpoint_e33 window_influence: 0.20056567110019249, penalty_k: 0.18948987161877318, scale_lr: 0.18562148100172707, EAO: 0.267
Trial 677 finished with value: 0.2666367558537754 and parameters: {'window_influence': 0.2005656711001925, 'penalty_k': 0.18948987161877318, 'scale_lr': 0.18562148100172707}. Best is trial 509 with value: 0.3760354560636825.
checkpoint_e33 window_influence: 0.30608835729048411, penalty_k: 0.22113379974774172, scale_lr: 0.69997533258543176, EAO: 0.303
Trial 678 finished with value: 0.3029600525064691 and parameters: {'window_influence': 0.3060883572904841, 'penalty_k': 0.22113379974774172, 'scale_lr': 0.6999753325854318}. Best is trial 509 with value: 0.3760354560636825.
checkpoint_e33 window_influence: 0.53042150719074355, penalty_k: 0.01877071563662145, scale_lr: 0.74955833350920864, EAO: 0.312
Trial 679 finished with value: 0.3115841127671156 and parameters: {'window_influence': 0.5304215071907435, 'penalty_k': 0.01877071563662145, 'scale_lr': 0.7495583335092086}. Best is trial 509 with value: 0.3760354560636825.
checkpoint_e33 window_influence: 0.21326279892096681, penalty_k: 0.15613259368342108, scale_lr: 0.20667647277177828, EAO: 0.281
Trial 680 finished with value: 0.2814239468208083 and parameters: {'window_influence': 0.2132627989209668, 'penalty_k': 0.15613259368342108, 'scale_lr': 0.20667647277177828}. Best is trial 509 with value: 0.3760354560636825.
checkpoint_e33 window_influence: 0.35863049511208467, penalty_k: 0.26645292632182072, scale_lr: 0.23266229286058940, EAO: 0.322
Trial 681 finished with value: 0.3219237841288867 and parameters: {'window_influence': 0.35863049511208467, 'penalty_k': 0.2664529263218207, 'scale_lr': 0.2326622928605894}. Best is trial 509 with value: 0.3760354560636825.
checkpoint_e33 window_influence: 0.18947093702298948, penalty_k: 0.35835778218177683, scale_lr: 0.73178616237199934, EAO: 0.307
Trial 682 finished with value: 0.30708262764990096 and parameters: {'window_influence': 0.18947093702298948, 'penalty_k': 0.35835778218177683, 'scale_lr': 0.7317861623719993}. Best is trial 509 with value: 0.3760354560636825.
checkpoint_e33 window_influence: 0.38144113993027851, penalty_k: 0.10379107036160476, scale_lr: 0.12206119730703015, EAO: 0.322
Trial 683 finished with value: 0.32170924515343824 and parameters: {'window_influence': 0.3814411399302785, 'penalty_k': 0.10379107036160476, 'scale_lr': 0.12206119730703015}. Best is trial 509 with value: 0.3760354560636825.
checkpoint_e33 window_influence: 0.33795083221446137, penalty_k: 0.00056818405508523, scale_lr: 0.53955860014374202, EAO: 0.322
Trial 684 finished with value: 0.3222026473005458 and parameters: {'window_influence': 0.33795083221446137, 'penalty_k': 0.0005681840550852343, 'scale_lr': 0.539558600143742}. Best is trial 509 with value: 0.3760354560636825.
checkpoint_e33 window_influence: 0.43156455943723276, penalty_k: 0.24337474256245401, scale_lr: 0.48041705814767521, EAO: 0.332
Trial 685 finished with value: 0.3315649418747379 and parameters: {'window_influence': 0.43156455943723276, 'penalty_k': 0.243374742562454, 'scale_lr': 0.4804170581476752}. Best is trial 509 with value: 0.3760354560636825.
checkpoint_e33 window_influence: 0.31554138528956110, penalty_k: 0.17151386935850804, scale_lr: 0.46040597785195442, EAO: 0.294
Trial 686 finished with value: 0.2942458256093445 and parameters: {'window_influence': 0.3155413852895611, 'penalty_k': 0.17151386935850804, 'scale_lr': 0.4604059778519544}. Best is trial 509 with value: 0.3760354560636825.
checkpoint_e33 window_influence: 0.46205488187461868, penalty_k: 0.23144969065543233, scale_lr: 0.68288731401333658, EAO: 0.324
Trial 687 finished with value: 0.32405276405208305 and parameters: {'window_influence': 0.4620548818746187, 'penalty_k': 0.23144969065543233, 'scale_lr': 0.6828873140133366}. Best is trial 509 with value: 0.3760354560636825.
checkpoint_e33 window_influence: 0.48911631587207904, penalty_k: 0.46822138675930164, scale_lr: 0.25729604881136381, EAO: 0.304
Trial 688 finished with value: 0.30364117437995364 and parameters: {'window_influence': 0.48911631587207904, 'penalty_k': 0.46822138675930164, 'scale_lr': 0.2572960488113638}. Best is trial 509 with value: 0.3760354560636825.
checkpoint_e33 window_influence: 0.44635258209773332, penalty_k: 0.04808379179468941, scale_lr: 0.35813659060350295, EAO: 0.342
Trial 689 finished with value: 0.3424119592176801 and parameters: {'window_influence': 0.4463525820977333, 'penalty_k': 0.04808379179468941, 'scale_lr': 0.35813659060350295}. Best is trial 509 with value: 0.3760354560636825.
checkpoint_e33 window_influence: 0.47113628160377174, penalty_k: 0.31497925021157824, scale_lr: 0.55642894762410744, EAO: 0.311
Trial 690 finished with value: 0.3110383138466438 and parameters: {'window_influence': 0.47113628160377174, 'penalty_k': 0.31497925021157824, 'scale_lr': 0.5564289476241074}. Best is trial 509 with value: 0.3760354560636825.
checkpoint_e33 window_influence: 0.45616886412578261, penalty_k: 0.21372404098959480, scale_lr: 0.77528958122095348, EAO: 0.337
Trial 691 finished with value: 0.3372382235202344 and parameters: {'window_influence': 0.4561688641257826, 'penalty_k': 0.2137240409895948, 'scale_lr': 0.7752895812209535}. Best is trial 509 with value: 0.3760354560636825.
checkpoint_e33 window_influence: 0.50992889877869785, penalty_k: 0.02926220290259797, scale_lr: 0.63004232090641132, EAO: 0.335
Trial 692 finished with value: 0.33483945268137444 and parameters: {'window_influence': 0.5099288987786978, 'penalty_k': 0.029262202902597966, 'scale_lr': 0.6300423209064113}. Best is trial 509 with value: 0.3760354560636825.
checkpoint_e33 window_influence: 0.49517916847168736, penalty_k: 0.49282625403597713, scale_lr: 0.18003105390066237, EAO: 0.296
Trial 693 finished with value: 0.295765398135445 and parameters: {'window_influence': 0.49517916847168736, 'penalty_k': 0.49282625403597713, 'scale_lr': 0.18003105390066237}. Best is trial 509 with value: 0.3760354560636825.
checkpoint_e33 window_influence: 0.42258847267423560, penalty_k: 0.18384227238700823, scale_lr: 0.52686510557639654, EAO: 0.330
Trial 694 finished with value: 0.330299495027223 and parameters: {'window_influence': 0.4225884726742356, 'penalty_k': 0.18384227238700823, 'scale_lr': 0.5268651055763965}. Best is trial 509 with value: 0.3760354560636825.
checkpoint_e33 window_influence: 0.47719100824355470, penalty_k: 0.06043313052743325, scale_lr: 0.19640313593673539, EAO: 0.336
Trial 695 finished with value: 0.3358277044175664 and parameters: {'window_influence': 0.4771910082435547, 'penalty_k': 0.06043313052743325, 'scale_lr': 0.1964031359367354}. Best is trial 509 with value: 0.3760354560636825.
checkpoint_e33 window_influence: 0.18062130610104796, penalty_k: 0.07366083879307170, scale_lr: 0.69542223805976222, EAO: 0.291
Trial 696 finished with value: 0.2914861877836606 and parameters: {'window_influence': 0.18062130610104796, 'penalty_k': 0.0736608387930717, 'scale_lr': 0.6954222380597622}. Best is trial 509 with value: 0.3760354560636825.
checkpoint_e33 window_influence: 0.24531135094970172, penalty_k: 0.11929795516282404, scale_lr: 0.24478371840798782, EAO: 0.301
Trial 697 finished with value: 0.3011816784681513 and parameters: {'window_influence': 0.24531135094970172, 'penalty_k': 0.11929795516282404, 'scale_lr': 0.24478371840798782}. Best is trial 509 with value: 0.3760354560636825.
checkpoint_e33 window_influence: 0.17877418673738457, penalty_k: 0.55618560382098048, scale_lr: 0.57877550078438478, EAO: 0.271
Trial 698 finished with value: 0.27138460917463564 and parameters: {'window_influence': 0.17877418673738457, 'penalty_k': 0.5561856038209805, 'scale_lr': 0.5787755007843848}. Best is trial 509 with value: 0.3760354560636825.
checkpoint_e33 window_influence: 0.21317296882595407, penalty_k: 0.59508171223564810, scale_lr: 0.21572897685355150, EAO: 0.276
Trial 699 finished with value: 0.2755948969594236 and parameters: {'window_influence': 0.21317296882595407, 'penalty_k': 0.5950817122356481, 'scale_lr': 0.2157289768535515}. Best is trial 509 with value: 0.3760354560636825.
checkpoint_e33 window_influence: 0.43970030344192529, penalty_k: 0.37284613044894521, scale_lr: 0.28677466172859073, EAO: 0.311
Trial 700 finished with value: 0.3109243618838982 and parameters: {'window_influence': 0.4397003034419253, 'penalty_k': 0.3728461304489452, 'scale_lr': 0.28677466172859073}. Best is trial 509 with value: 0.3760354560636825.
checkpoint_e33 window_influence: 0.09622085022119109, penalty_k: 0.04005233483863455, scale_lr: 0.64972438873421312, EAO: 0.244
Trial 701 finished with value: 0.24370730369703314 and parameters: {'window_influence': 0.09622085022119109, 'penalty_k': 0.04005233483863455, 'scale_lr': 0.6497243887342131}. Best is trial 509 with value: 0.3760354560636825.
checkpoint_e33 window_influence: 0.39240788160089396, penalty_k: 0.19917786843746388, scale_lr: 0.41106105259548681, EAO: 0.317
Trial 702 finished with value: 0.3170461579867374 and parameters: {'window_influence': 0.39240788160089396, 'penalty_k': 0.19917786843746388, 'scale_lr': 0.4110610525954868}. Best is trial 509 with value: 0.3760354560636825.
checkpoint_e33 window_influence: 0.46746937710651587, penalty_k: 0.53064863456999334, scale_lr: 0.74675910520309907, EAO: 0.333
Trial 703 finished with value: 0.33257017687600876 and parameters: {'window_influence': 0.46746937710651587, 'penalty_k': 0.5306486345699933, 'scale_lr': 0.7467591052030991}. Best is trial 509 with value: 0.3760354560636825.
checkpoint_e33 window_influence: 0.58119633782538982, penalty_k: 0.01505005364861800, scale_lr: 0.31328250976544697, EAO: 0.300
Trial 704 finished with value: 0.29984468146288906 and parameters: {'window_influence': 0.5811963378253898, 'penalty_k': 0.015050053648618, 'scale_lr': 0.31328250976544697}. Best is trial 509 with value: 0.3760354560636825.
checkpoint_e33 window_influence: 0.34832113546617538, penalty_k: 0.14255631890835763, scale_lr: 0.50210269894830073, EAO: 0.324
Trial 705 finished with value: 0.32395785902028884 and parameters: {'window_influence': 0.3483211354661754, 'penalty_k': 0.14255631890835763, 'scale_lr': 0.5021026989483007}. Best is trial 509 with value: 0.3760354560636825.
checkpoint_e33 window_influence: 0.45142507983225766, penalty_k: 0.05385771844862823, scale_lr: 0.71423105309482926, EAO: 0.353
Trial 706 finished with value: 0.35263576976056227 and parameters: {'window_influence': 0.45142507983225766, 'penalty_k': 0.05385771844862823, 'scale_lr': 0.7142310530948293}. Best is trial 509 with value: 0.3760354560636825.
checkpoint_e33 window_influence: 0.48581468508930015, penalty_k: 0.28679270466654538, scale_lr: 0.38141468363785280, EAO: 0.318
Trial 707 finished with value: 0.3178830712105977 and parameters: {'window_influence': 0.48581468508930015, 'penalty_k': 0.2867927046665454, 'scale_lr': 0.3814146836378528}. Best is trial 509 with value: 0.3760354560636825.
checkpoint_e33 window_influence: 0.46327308231347297, penalty_k: 0.39051839627970752, scale_lr: 0.67757258960208167, EAO: 0.304
Trial 708 finished with value: 0.3039838741261672 and parameters: {'window_influence': 0.463273082313473, 'penalty_k': 0.3905183962797075, 'scale_lr': 0.6775725896020817}. Best is trial 509 with value: 0.3760354560636825.
checkpoint_e33 window_influence: 0.37278511688613397, penalty_k: 0.49735105146285585, scale_lr: 0.61402433069461493, EAO: 0.329
Trial 709 finished with value: 0.3290252648438925 and parameters: {'window_influence': 0.37278511688613397, 'penalty_k': 0.49735105146285585, 'scale_lr': 0.6140243306946149}. Best is trial 509 with value: 0.3760354560636825.
checkpoint_e33 window_influence: 0.12213086385667535, penalty_k: 0.08587120140934001, scale_lr: 0.66558931736449156, EAO: 0.252
Trial 710 finished with value: 0.25222448239298645 and parameters: {'window_influence': 0.12213086385667535, 'penalty_k': 0.08587120140934001, 'scale_lr': 0.6655893173644916}. Best is trial 509 with value: 0.3760354560636825.
checkpoint_e33 window_influence: 0.29438660515626491, penalty_k: 0.25305230939045548, scale_lr: 0.76285536726946490, EAO: 0.294
Trial 711 finished with value: 0.2944267796867089 and parameters: {'window_influence': 0.2943866051562649, 'penalty_k': 0.2530523093904555, 'scale_lr': 0.7628553672694649}. Best is trial 509 with value: 0.3760354560636825.
checkpoint_e33 window_influence: 0.40899150114380672, penalty_k: 0.33233582213135437, scale_lr: 0.79965450268133154, EAO: 0.335
Trial 712 finished with value: 0.33499557081363546 and parameters: {'window_influence': 0.4089915011438067, 'penalty_k': 0.3323358221313544, 'scale_lr': 0.7996545026813315}. Best is trial 509 with value: 0.3760354560636825.
checkpoint_e33 window_influence: 0.43792245605140728, penalty_k: 0.42671392135140385, scale_lr: 0.20599664236050069, EAO: 0.323
Trial 713 finished with value: 0.32313925352541856 and parameters: {'window_influence': 0.4379224560514073, 'penalty_k': 0.42671392135140385, 'scale_lr': 0.2059966423605007}. Best is trial 509 with value: 0.3760354560636825.
checkpoint_e33 window_influence: 0.47805920376101835, penalty_k: 0.22528976060210951, scale_lr: 0.39888873954891746, EAO: 0.331
Trial 714 finished with value: 0.3309702874389604 and parameters: {'window_influence': 0.47805920376101835, 'penalty_k': 0.2252897606021095, 'scale_lr': 0.39888873954891746}. Best is trial 509 with value: 0.3760354560636825.
checkpoint_e33 window_influence: 0.63944965111366470, penalty_k: 0.15984684963593127, scale_lr: 0.27683811870098385, EAO: 0.241
Trial 715 finished with value: 0.24078769778927012 and parameters: {'window_influence': 0.6394496511136647, 'penalty_k': 0.15984684963593127, 'scale_lr': 0.27683811870098385}. Best is trial 509 with value: 0.3760354560636825.
checkpoint_e33 window_influence: 0.63548589354241791, penalty_k: 0.21161248614296371, scale_lr: 0.18661314488880520, EAO: 0.252
Trial 716 finished with value: 0.2523157175644826 and parameters: {'window_influence': 0.6354858935424179, 'penalty_k': 0.2116124861429637, 'scale_lr': 0.1866131448888052}. Best is trial 509 with value: 0.3760354560636825.
checkpoint_e33 window_influence: 0.49744324981233762, penalty_k: 0.57237892253206180, scale_lr: 0.78254759482971759, EAO: 0.306
Trial 717 finished with value: 0.3060191250496801 and parameters: {'window_influence': 0.4974432498123376, 'penalty_k': 0.5723789225320618, 'scale_lr': 0.7825475948297176}. Best is trial 509 with value: 0.3760354560636825.
checkpoint_e33 window_influence: 0.45467587454822544, penalty_k: 0.02778604513771403, scale_lr: 0.72668157400459621, EAO: 0.341
