Trial 864 finished with value: 0.30293091331474514 and parameters: {'window_influence': 0.3318041340542831, 'penalty_k': 0.26820865152887874, 'scale_lr': 0.4312960772675513}. Best is trial 620 with value: 0.36708399363528893.
checkpoint_e33 window_influence: 0.42863680863454834, penalty_k: 0.39779501088003211, scale_lr: 0.41792090169197638, EAO: 0.337
Trial 865 finished with value: 0.33740610116186776 and parameters: {'window_influence': 0.42863680863454834, 'penalty_k': 0.3977950108800321, 'scale_lr': 0.4179209016919764}. Best is trial 620 with value: 0.36708399363528893.
checkpoint_e33 window_influence: 0.52957152859931156, penalty_k: 0.19891765010004300, scale_lr: 0.18614278346774704, EAO: 0.312
Trial 866 finished with value: 0.31158613538231833 and parameters: {'window_influence': 0.5295715285993116, 'penalty_k': 0.198917650100043, 'scale_lr': 0.18614278346774704}. Best is trial 620 with value: 0.36708399363528893.
checkpoint_e33 window_influence: 0.45798945276673309, penalty_k: 0.14617306772529703, scale_lr: 0.16641106523255275, EAO: 0.339
Trial 867 finished with value: 0.33920907232084163 and parameters: {'window_influence': 0.4579894527667331, 'penalty_k': 0.14617306772529703, 'scale_lr': 0.16641106523255275}. Best is trial 620 with value: 0.36708399363528893.
checkpoint_e33 window_influence: 0.20996682670277436, penalty_k: 0.09238731661670048, scale_lr: 0.29207928948022288, EAO: 0.278
Trial 868 finished with value: 0.2777167819585318 and parameters: {'window_influence': 0.20996682670277436, 'penalty_k': 0.09238731661670048, 'scale_lr': 0.2920792894802229}. Best is trial 620 with value: 0.36708399363528893.
checkpoint_e33 window_influence: 0.47863620627445963, penalty_k: 0.02395843753959313, scale_lr: 0.77965538876288232, EAO: 0.336
Trial 869 finished with value: 0.33568439038347175 and parameters: {'window_influence': 0.47863620627445963, 'penalty_k': 0.023958437539593126, 'scale_lr': 0.7796553887628823}. Best is trial 620 with value: 0.36708399363528893.
checkpoint_e33 window_influence: 0.54552346916939454, penalty_k: 0.05409830190208077, scale_lr: 0.72441619828424419, EAO: 0.316
Trial 870 finished with value: 0.31621798919332633 and parameters: {'window_influence': 0.5455234691693945, 'penalty_k': 0.054098301902080766, 'scale_lr': 0.7244161982842442}. Best is trial 620 with value: 0.36708399363528893.
checkpoint_e33 window_influence: 0.49640713475102560, penalty_k: 0.04441357840804985, scale_lr: 0.48536317291119857, EAO: 0.321
Trial 871 finished with value: 0.3214487188752987 and parameters: {'window_influence': 0.4964071347510256, 'penalty_k': 0.044413578408049846, 'scale_lr': 0.48536317291119857}. Best is trial 620 with value: 0.36708399363528893.
checkpoint_e33 window_influence: 0.50862422261422102, penalty_k: 0.00113777039484608, scale_lr: 0.50943644397720944, EAO: 0.347
Trial 872 finished with value: 0.34721045225046954 and parameters: {'window_influence': 0.508624222614221, 'penalty_k': 0.0011377703948460757, 'scale_lr': 0.5094364439772094}. Best is trial 620 with value: 0.36708399363528893.
checkpoint_e33 window_influence: 0.48699607427828018, penalty_k: 0.22498775479233521, scale_lr: 0.39739886564920068, EAO: 0.352
Trial 873 finished with value: 0.3522393018123241 and parameters: {'window_influence': 0.4869960742782802, 'penalty_k': 0.2249877547923352, 'scale_lr': 0.3973988656492007}. Best is trial 620 with value: 0.36708399363528893.
checkpoint_e33 window_influence: 0.46763557012471368, penalty_k: 0.24752871639589799, scale_lr: 0.21537168143145397, EAO: 0.325
Trial 874 finished with value: 0.3252820361565059 and parameters: {'window_influence': 0.4676355701247137, 'penalty_k': 0.247528716395898, 'scale_lr': 0.21537168143145397}. Best is trial 620 with value: 0.36708399363528893.
checkpoint_e33 window_influence: 0.51775688208053605, penalty_k: 0.18264670909198044, scale_lr: 0.46988114349974214, EAO: 0.325
Trial 875 finished with value: 0.32487857104043555 and parameters: {'window_influence': 0.517756882080536, 'penalty_k': 0.18264670909198044, 'scale_lr': 0.46988114349974214}. Best is trial 620 with value: 0.36708399363528893.
checkpoint_e33 window_influence: 0.31088295409732591, penalty_k: 0.07920878583473082, scale_lr: 0.43940670851337904, EAO: 0.304
Trial 876 finished with value: 0.30404605017793784 and parameters: {'window_influence': 0.3108829540973259, 'penalty_k': 0.07920878583473082, 'scale_lr': 0.43940670851337904}. Best is trial 620 with value: 0.36708399363528893.
checkpoint_e33 window_influence: 0.40146784824295978, penalty_k: 0.15937946906988826, scale_lr: 0.67496849680564019, EAO: 0.322
Trial 877 finished with value: 0.3222141554615377 and parameters: {'window_influence': 0.4014678482429598, 'penalty_k': 0.15937946906988826, 'scale_lr': 0.6749684968056402}. Best is trial 620 with value: 0.36708399363528893.
checkpoint_e33 window_influence: 0.45127046128638737, penalty_k: 0.29007812161472452, scale_lr: 0.42286798345156984, EAO: 0.335
Trial 878 finished with value: 0.3354490936266309 and parameters: {'window_influence': 0.45127046128638737, 'penalty_k': 0.2900781216147245, 'scale_lr': 0.42286798345156984}. Best is trial 620 with value: 0.36708399363528893.
checkpoint_e33 window_influence: 0.08990593805111180, penalty_k: 0.03373743085958058, scale_lr: 0.31596923431357893, EAO: 0.247
Trial 879 finished with value: 0.24700104801803247 and parameters: {'window_influence': 0.0899059380511118, 'penalty_k': 0.03373743085958058, 'scale_lr': 0.31596923431357893}. Best is trial 620 with value: 0.36708399363528893.
checkpoint_e33 window_influence: 0.23993073279965899, penalty_k: 0.10774793219088954, scale_lr: 0.75705970238348563, EAO: 0.288
Trial 880 finished with value: 0.28811031475605203 and parameters: {'window_influence': 0.23993073279965899, 'penalty_k': 0.10774793219088954, 'scale_lr': 0.7570597023834856}. Best is trial 620 with value: 0.36708399363528893.
checkpoint_e33 window_influence: 0.47997486661155608, penalty_k: 0.33244497342857943, scale_lr: 0.45200548435556498, EAO: 0.326
Trial 881 finished with value: 0.3256863981833254 and parameters: {'window_influence': 0.4799748666115561, 'penalty_k': 0.3324449734285794, 'scale_lr': 0.452005484355565}. Best is trial 620 with value: 0.36708399363528893.
checkpoint_e33 window_influence: 0.49823544706189943, penalty_k: 0.41754304367980682, scale_lr: 0.59351246691097248, EAO: 0.301
Trial 882 finished with value: 0.30094148154852457 and parameters: {'window_influence': 0.49823544706189943, 'penalty_k': 0.4175430436798068, 'scale_lr': 0.5935124669109725}. Best is trial 620 with value: 0.36708399363528893.
checkpoint_e33 window_influence: 0.34031244218863599, penalty_k: 0.05911513398193669, scale_lr: 0.24863808403451385, EAO: 0.294
Trial 883 finished with value: 0.2937507034507707 and parameters: {'window_influence': 0.340312442188636, 'penalty_k': 0.059115133981936685, 'scale_lr': 0.24863808403451385}. Best is trial 620 with value: 0.36708399363528893.
checkpoint_e33 window_influence: 0.47311140745811664, penalty_k: 0.02156991511574764, scale_lr: 0.41114325546828862, EAO: 0.353
Trial 884 finished with value: 0.35261022128483666 and parameters: {'window_influence': 0.47311140745811664, 'penalty_k': 0.021569915115747636, 'scale_lr': 0.4111432554682886}. Best is trial 620 with value: 0.36708399363528893.
checkpoint_e33 window_influence: 0.59777014739025502, penalty_k: 0.06975759228791072, scale_lr: 0.57289747170722227, EAO: 0.257
Trial 885 finished with value: 0.25749365179455236 and parameters: {'window_influence': 0.597770147390255, 'penalty_k': 0.06975759228791072, 'scale_lr': 0.5728974717072223}. Best is trial 620 with value: 0.36708399363528893.
checkpoint_e33 window_influence: 0.49068859393231046, penalty_k: 0.01295091062722828, scale_lr: 0.11953818329173513, EAO: 0.345
Trial 886 finished with value: 0.34464436746293003 and parameters: {'window_influence': 0.49068859393231046, 'penalty_k': 0.01295091062722828, 'scale_lr': 0.11953818329173513}. Best is trial 620 with value: 0.36708399363528893.
checkpoint_e33 window_influence: 0.31951430080825260, penalty_k: 0.14087614995096051, scale_lr: 0.55113907379785609, EAO: 0.315
Trial 887 finished with value: 0.31546136707879224 and parameters: {'window_influence': 0.3195143008082526, 'penalty_k': 0.1408761499509605, 'scale_lr': 0.5511390737978561}. Best is trial 620 with value: 0.36708399363528893.
checkpoint_e33 window_influence: 0.26638702620188115, penalty_k: 0.09696985032725808, scale_lr: 0.62319728369061733, EAO: 0.292
Trial 888 finished with value: 0.29236373931517395 and parameters: {'window_influence': 0.26638702620188115, 'penalty_k': 0.09696985032725808, 'scale_lr': 0.6231972836906173}. Best is trial 620 with value: 0.36708399363528893.
checkpoint_e33 window_influence: 0.21763717628771873, penalty_k: 0.04506953188105103, scale_lr: 0.74052844541735918, EAO: 0.284
Trial 889 finished with value: 0.28367605927157497 and parameters: {'window_influence': 0.21763717628771873, 'penalty_k': 0.045069531881051034, 'scale_lr': 0.7405284454173592}. Best is trial 620 with value: 0.36708399363528893.
checkpoint_e33 window_influence: 0.53770435485025192, penalty_k: 0.31861965339431908, scale_lr: 0.38268015459331006, EAO: 0.301
Trial 890 finished with value: 0.30101893865412777 and parameters: {'window_influence': 0.5377043548502519, 'penalty_k': 0.3186196533943191, 'scale_lr': 0.38268015459331006}. Best is trial 620 with value: 0.36708399363528893.
checkpoint_e33 window_influence: 0.42360949392301372, penalty_k: 0.20603656345210766, scale_lr: 0.52675501819249171, EAO: 0.329
Trial 891 finished with value: 0.3287725128552329 and parameters: {'window_influence': 0.4236094939230137, 'penalty_k': 0.20603656345210766, 'scale_lr': 0.5267550181924917}. Best is trial 620 with value: 0.36708399363528893.
checkpoint_e33 window_influence: 0.50625251786721392, penalty_k: 0.03385031447072926, scale_lr: 0.79718349532293131, EAO: 0.350
Trial 892 finished with value: 0.34968227008901215 and parameters: {'window_influence': 0.5062525178672139, 'penalty_k': 0.03385031447072926, 'scale_lr': 0.7971834953229313}. Best is trial 620 with value: 0.36708399363528893.
checkpoint_e33 window_influence: 0.45737452212892754, penalty_k: 0.12492548355458541, scale_lr: 0.71014893682279800, EAO: 0.358
Trial 893 finished with value: 0.35760157198757514 and parameters: {'window_influence': 0.45737452212892754, 'penalty_k': 0.12492548355458541, 'scale_lr': 0.710148936822798}. Best is trial 620 with value: 0.36708399363528893.
checkpoint_e33 window_influence: 0.36852595967557761, penalty_k: 0.12285120278090042, scale_lr: 0.26596018677255495, EAO: 0.298
Trial 894 finished with value: 0.29834391994235115 and parameters: {'window_influence': 0.3685259596755776, 'penalty_k': 0.12285120278090042, 'scale_lr': 0.26596018677255495}. Best is trial 620 with value: 0.36708399363528893.
checkpoint_e33 window_influence: 0.44174876155390930, penalty_k: 0.53048239393399543, scale_lr: 0.19890566933964593, EAO: 0.311
Trial 895 finished with value: 0.3105791367677399 and parameters: {'window_influence': 0.4417487615539093, 'penalty_k': 0.5304823939339954, 'scale_lr': 0.19890566933964593}. Best is trial 620 with value: 0.36708399363528893.
checkpoint_e33 window_influence: 0.45309823332519694, penalty_k: 0.11787678254747400, scale_lr: 0.69262453848999483, EAO: 0.338
Trial 896 finished with value: 0.3378774057566424 and parameters: {'window_influence': 0.45309823332519694, 'penalty_k': 0.117876782547474, 'scale_lr': 0.6926245384899948}. Best is trial 620 with value: 0.36708399363528893.
checkpoint_e33 window_influence: 0.44125595013310143, penalty_k: 0.12980562483934557, scale_lr: 0.72762765740796453, EAO: 0.320
Trial 897 finished with value: 0.3203620310539401 and parameters: {'window_influence': 0.4412559501331014, 'penalty_k': 0.12980562483934557, 'scale_lr': 0.7276276574079645}. Best is trial 620 with value: 0.36708399363528893.
checkpoint_e33 window_influence: 0.45467822312433126, penalty_k: 0.09766037512981532, scale_lr: 0.71935456599835779, EAO: 0.343
Trial 898 finished with value: 0.34335214757733773 and parameters: {'window_influence': 0.45467822312433126, 'penalty_k': 0.09766037512981532, 'scale_lr': 0.7193545659983578}. Best is trial 620 with value: 0.36708399363528893.
checkpoint_e33 window_influence: 0.46351329247473882, penalty_k: 0.11083902555771635, scale_lr: 0.29708840030943828, EAO: 0.329
Trial 899 finished with value: 0.3294348661073915 and parameters: {'window_influence': 0.4635132924747388, 'penalty_k': 0.11083902555771635, 'scale_lr': 0.2970884003094383}. Best is trial 620 with value: 0.36708399363528893.
checkpoint_e33 window_influence: 0.42579628466150876, penalty_k: 0.33866131175059538, scale_lr: 0.68481913278876916, EAO: 0.333
Trial 900 finished with value: 0.33306647842960135 and parameters: {'window_influence': 0.42579628466150876, 'penalty_k': 0.3386613117505954, 'scale_lr': 0.6848191327887692}. Best is trial 620 with value: 0.36708399363528893.
checkpoint_e33 window_influence: 0.52415992266555955, penalty_k: 0.45880194033123367, scale_lr: 0.35146514610042640, EAO: 0.286
Trial 901 finished with value: 0.28555103405904214 and parameters: {'window_influence': 0.5241599226655596, 'penalty_k': 0.45880194033123367, 'scale_lr': 0.3514651461004264}. Best is trial 620 with value: 0.36708399363528893.
checkpoint_e33 window_influence: 0.41395581930864733, penalty_k: 0.12965502072622581, scale_lr: 0.37273179834017561, EAO: 0.329
Trial 902 finished with value: 0.32933838532128684 and parameters: {'window_influence': 0.41395581930864733, 'penalty_k': 0.1296550207262258, 'scale_lr': 0.3727317983401756}. Best is trial 620 with value: 0.36708399363528893.
checkpoint_e33 window_influence: 0.47215334936156916, penalty_k: 0.08678437282407728, scale_lr: 0.70389995312138387, EAO: 0.333
Trial 903 finished with value: 0.33299599941602476 and parameters: {'window_influence': 0.47215334936156916, 'penalty_k': 0.08678437282407728, 'scale_lr': 0.7038999531213839}. Best is trial 620 with value: 0.36708399363528893.
checkpoint_e33 window_influence: 0.48528120547755066, penalty_k: 0.01934688972319357, scale_lr: 0.75612598763076899, EAO: 0.330
Trial 904 finished with value: 0.32969877726836894 and parameters: {'window_influence': 0.48528120547755066, 'penalty_k': 0.019346889723193567, 'scale_lr': 0.756125987630769}. Best is trial 620 with value: 0.36708399363528893.
checkpoint_e33 window_influence: 0.43610127230028140, penalty_k: 0.10392047165308463, scale_lr: 0.23445331245654089, EAO: 0.341
Trial 905 finished with value: 0.34119232306220654 and parameters: {'window_influence': 0.4361012723002814, 'penalty_k': 0.10392047165308463, 'scale_lr': 0.23445331245654089}. Best is trial 620 with value: 0.36708399363528893.
checkpoint_e33 window_influence: 0.46056131646030074, penalty_k: 0.07545470000565231, scale_lr: 0.33821335043697592, EAO: 0.352
Trial 906 finished with value: 0.3518137302148203 and parameters: {'window_influence': 0.46056131646030074, 'penalty_k': 0.07545470000565231, 'scale_lr': 0.3382133504369759}. Best is trial 620 with value: 0.36708399363528893.
checkpoint_e33 window_influence: 0.51690684835151368, penalty_k: 0.00042433608899402, scale_lr: 0.40002772637061640, EAO: 0.345
Trial 907 finished with value: 0.34528124773084884 and parameters: {'window_influence': 0.5169068483515137, 'penalty_k': 0.0004243360889940248, 'scale_lr': 0.4000277263706164}. Best is trial 620 with value: 0.36708399363528893.
checkpoint_e33 window_influence: 0.50110322587061529, penalty_k: 0.14175833582938302, scale_lr: 0.27186141495030702, EAO: 0.321
Trial 908 finished with value: 0.32054627747619197 and parameters: {'window_influence': 0.5011032258706153, 'penalty_k': 0.14175833582938302, 'scale_lr': 0.271861414950307}. Best is trial 620 with value: 0.36708399363528893.
checkpoint_e33 window_influence: 0.55359437725703553, penalty_k: 0.02864266185817751, scale_lr: 0.31260393859153596, EAO: 0.305
Trial 909 finished with value: 0.305049817211897 and parameters: {'window_influence': 0.5535943772570355, 'penalty_k': 0.028642661858177508, 'scale_lr': 0.31260393859153596}. Best is trial 620 with value: 0.36708399363528893.
checkpoint_e33 window_influence: 0.47791387599927232, penalty_k: 0.06172448319736060, scale_lr: 0.77366959485406372, EAO: 0.355
Trial 910 finished with value: 0.355459396709264 and parameters: {'window_influence': 0.4779138759992723, 'penalty_k': 0.061724483197360604, 'scale_lr': 0.7736695948540637}. Best is trial 620 with value: 0.36708399363528893.
checkpoint_e33 window_influence: 0.44981784959999699, penalty_k: 0.11681946445098630, scale_lr: 0.14549594976398922, EAO: 0.328
Trial 911 finished with value: 0.3281750261551675 and parameters: {'window_influence': 0.449817849599997, 'penalty_k': 0.1168194644509863, 'scale_lr': 0.14549594976398922}. Best is trial 620 with value: 0.36708399363528893.
checkpoint_e33 window_influence: 0.49072921876399328, penalty_k: 0.04524267737531810, scale_lr: 0.17877127467973686, EAO: 0.349
Trial 912 finished with value: 0.3490612639063527 and parameters: {'window_influence': 0.4907292187639933, 'penalty_k': 0.045242677375318105, 'scale_lr': 0.17877127467973686}. Best is trial 620 with value: 0.36708399363528893.
checkpoint_e33 window_influence: 0.30382258768142756, penalty_k: 0.01045801292209376, scale_lr: 0.36014847257119409, EAO: 0.316
Trial 913 finished with value: 0.3160948621739673 and parameters: {'window_influence': 0.30382258768142756, 'penalty_k': 0.010458012922093756, 'scale_lr': 0.3601484725711941}. Best is trial 620 with value: 0.36708399363528893.
checkpoint_e33 window_influence: 0.56868081820607075, penalty_k: 0.09189727437099672, scale_lr: 0.74343686633335282, EAO: 0.260
Trial 914 finished with value: 0.2604521182492549 and parameters: {'window_influence': 0.5686808182060707, 'penalty_k': 0.09189727437099672, 'scale_lr': 0.7434368663333528}. Best is trial 620 with value: 0.36708399363528893.
checkpoint_e33 window_influence: 0.46533789382889712, penalty_k: 0.05446814200842159, scale_lr: 0.49780094898100347, EAO: 0.350
Trial 915 finished with value: 0.34958819169478655 and parameters: {'window_influence': 0.4653378938288971, 'penalty_k': 0.054468142008421594, 'scale_lr': 0.49780094898100347}. Best is trial 620 with value: 0.36708399363528893.
checkpoint_e33 window_influence: 0.13259860345131450, penalty_k: 0.25498492474975432, scale_lr: 0.39189538068485463, EAO: 0.280
Trial 916 finished with value: 0.2797840944407979 and parameters: {'window_influence': 0.1325986034513145, 'penalty_k': 0.2549849247497543, 'scale_lr': 0.39189538068485463}. Best is trial 620 with value: 0.36708399363528893.
checkpoint_e33 window_influence: 0.39548644325351839, penalty_k: 0.03788894506408430, scale_lr: 0.65668807168900822, EAO: 0.331
Trial 917 finished with value: 0.33087635828827144 and parameters: {'window_influence': 0.3954864432535184, 'penalty_k': 0.0378889450640843, 'scale_lr': 0.6566880716890082}. Best is trial 620 with value: 0.36708399363528893.
checkpoint_e33 window_influence: 0.15601436658770385, penalty_k: 0.07693898521804760, scale_lr: 0.25157560294348796, EAO: 0.279
Trial 918 finished with value: 0.2793417040708 and parameters: {'window_influence': 0.15601436658770385, 'penalty_k': 0.0769389852180476, 'scale_lr': 0.25157560294348796}. Best is trial 620 with value: 0.36708399363528893.
checkpoint_e33 window_influence: 0.14459277472913148, penalty_k: 0.42874180129566586, scale_lr: 0.70636554379753091, EAO: 0.287
Trial 919 finished with value: 0.28714076217974205 and parameters: {'window_influence': 0.14459277472913148, 'penalty_k': 0.42874180129566586, 'scale_lr': 0.7063655437975309}. Best is trial 620 with value: 0.36708399363528893.
checkpoint_e33 window_influence: 0.63825700263859098, penalty_k: 0.02540515658760336, scale_lr: 0.20996959478895050, EAO: 0.255
Trial 920 finished with value: 0.2549038052211012 and parameters: {'window_influence': 0.638257002638591, 'penalty_k': 0.025405156587603357, 'scale_lr': 0.2099695947889505}. Best is trial 620 with value: 0.36708399363528893.
checkpoint_e33 window_influence: 0.12007962563515767, penalty_k: 0.34852004816179805, scale_lr: 0.41257041279561146, EAO: 0.245
Trial 921 finished with value: 0.24510014619576792 and parameters: {'window_influence': 0.12007962563515767, 'penalty_k': 0.34852004816179805, 'scale_lr': 0.41257041279561146}. Best is trial 620 with value: 0.36708399363528893.
checkpoint_e33 window_influence: 0.16773068340555755, penalty_k: 0.57023326261662632, scale_lr: 0.48017343986587541, EAO: 0.245
Trial 922 finished with value: 0.2448318456281484 and parameters: {'window_influence': 0.16773068340555755, 'penalty_k': 0.5702332626166263, 'scale_lr': 0.4801734398658754}. Best is trial 620 with value: 0.36708399363528893.
checkpoint_e33 window_influence: 0.08074872144025230, penalty_k: 0.15192230567687934, scale_lr: 0.43167342408608816, EAO: 0.252
Trial 923 finished with value: 0.2518356913258593 and parameters: {'window_influence': 0.0807487214402523, 'penalty_k': 0.15192230567687934, 'scale_lr': 0.43167342408608816}. Best is trial 620 with value: 0.36708399363528893.
checkpoint_e33 window_influence: 0.51082838668244668, penalty_k: 0.10998934795027152, scale_lr: 0.50835323110827368, EAO: 0.319
Trial 924 finished with value: 0.31940829087092254 and parameters: {'window_influence': 0.5108283866824467, 'penalty_k': 0.10998934795027152, 'scale_lr': 0.5083532311082737}. Best is trial 620 with value: 0.36708399363528893.
checkpoint_e33 window_influence: 0.47510829643856878, penalty_k: 0.27999520058944855, scale_lr: 0.61455348844417701, EAO: 0.329
Trial 925 finished with value: 0.3292930964597932 and parameters: {'window_influence': 0.4751082964385688, 'penalty_k': 0.27999520058944855, 'scale_lr': 0.614553488444177}. Best is trial 620 with value: 0.36708399363528893.
checkpoint_e33 window_influence: 0.36230633158460562, penalty_k: 0.06499419688721407, scale_lr: 0.63831212563246487, EAO: 0.317
