Trial 631 finished with value: 0.31403170114361356 and parameters: {'window_influence': 0.451277397869851, 'penalty_k': 0.11881892915065301, 'scale_lr': 0.7088570402745122}. Best is trial 386 with value: 0.35297253809086543.
checkpoint_e18 window_influence: 0.64162862714119817, penalty_k: 0.12937856078977031, scale_lr: 0.32101200003455449, EAO: 0.246
Trial 632 finished with value: 0.24616752188029456 and parameters: {'window_influence': 0.6416286271411982, 'penalty_k': 0.1293785607897703, 'scale_lr': 0.3210120000345545}. Best is trial 386 with value: 0.35297253809086543.
checkpoint_e18 window_influence: 0.46872605839971826, penalty_k: 0.48242881257107223, scale_lr: 0.47603369188825845, EAO: 0.295
Trial 633 finished with value: 0.294918388244243 and parameters: {'window_influence': 0.46872605839971826, 'penalty_k': 0.48242881257107223, 'scale_lr': 0.47603369188825845}. Best is trial 386 with value: 0.35297253809086543.
checkpoint_e18 window_influence: 0.44158503350395717, penalty_k: 0.01129761032824656, scale_lr: 0.25286889325866946, EAO: 0.306
Trial 275 finished with value: 0.3058561081436358 and parameters: {'window_influence': 0.44158503350395717, 'penalty_k': 0.011297610328246565, 'scale_lr': 0.25286889325866946}. Best is trial 201 with value: 0.34928440305509456.
checkpoint_e18 window_influence: 0.06096562413657330, penalty_k: 0.24065601400200276, scale_lr: 0.38410550169305208, EAO: 0.251
Trial 634 finished with value: 0.2510136762481719 and parameters: {'window_influence': 0.060965624136573304, 'penalty_k': 0.24065601400200276, 'scale_lr': 0.3841055016930521}. Best is trial 386 with value: 0.35297253809086543.
checkpoint_e18 window_influence: 0.44007064972133991, penalty_k: 0.15301395930866596, scale_lr: 0.52090990897119160, EAO: 0.304
Trial 635 finished with value: 0.30422862140816936 and parameters: {'window_influence': 0.4400706497213399, 'penalty_k': 0.15301395930866596, 'scale_lr': 0.5209099089711916}. Best is trial 386 with value: 0.35297253809086543.
checkpoint_e18 window_influence: 0.10957790818325272, penalty_k: 0.19335172720398958, scale_lr: 0.58977955898553958, EAO: 0.271
Trial 636 finished with value: 0.2709846672844794 and parameters: {'window_influence': 0.10957790818325272, 'penalty_k': 0.19335172720398958, 'scale_lr': 0.5897795589855396}. Best is trial 386 with value: 0.35297253809086543.
checkpoint_e18 window_influence: 0.45656176510669655, penalty_k: 0.02550172349754621, scale_lr: 0.27148723667996916, EAO: 0.317
Trial 276 finished with value: 0.3172002994828651 and parameters: {'window_influence': 0.45656176510669655, 'penalty_k': 0.025501723497546206, 'scale_lr': 0.27148723667996916}. Best is trial 201 with value: 0.34928440305509456.
checkpoint_e18 window_influence: 0.49260741662194857, penalty_k: 0.51023492656009328, scale_lr: 0.62589278798157078, EAO: 0.290
Trial 637 finished with value: 0.2898643600685587 and parameters: {'window_influence': 0.49260741662194857, 'penalty_k': 0.5102349265600933, 'scale_lr': 0.6258927879815708}. Best is trial 386 with value: 0.35297253809086543.
checkpoint_e18 window_influence: 0.07996963823001224, penalty_k: 0.09992824273576276, scale_lr: 0.36245911885578608, EAO: 0.267
Trial 638 finished with value: 0.2667343297009338 and parameters: {'window_influence': 0.07996963823001224, 'penalty_k': 0.09992824273576276, 'scale_lr': 0.3624591188557861}. Best is trial 386 with value: 0.35297253809086543.
checkpoint_e18 window_influence: 0.43545413940551830, penalty_k: 0.03901461487723960, scale_lr: 0.25735374419512747, EAO: 0.340
Trial 277 finished with value: 0.3398786168617961 and parameters: {'window_influence': 0.4354541394055183, 'penalty_k': 0.039014614877239596, 'scale_lr': 0.25735374419512747}. Best is trial 201 with value: 0.34928440305509456.
checkpoint_e18 window_influence: 0.24096700069925936, penalty_k: 0.25046178008466280, scale_lr: 0.49832937450912074, EAO: 0.287
Trial 639 finished with value: 0.286731575945472 and parameters: {'window_influence': 0.24096700069925936, 'penalty_k': 0.2504617800846628, 'scale_lr': 0.49832937450912074}. Best is trial 386 with value: 0.35297253809086543.
checkpoint_e18 window_influence: 0.13651875086289647, penalty_k: 0.07129129535676310, scale_lr: 0.34522427435303715, EAO: 0.285
Trial 640 finished with value: 0.2854927173500395 and parameters: {'window_influence': 0.13651875086289647, 'penalty_k': 0.0712912953567631, 'scale_lr': 0.34522427435303715}. Best is trial 386 with value: 0.35297253809086543.
checkpoint_e18 window_influence: 0.43708795967391723, penalty_k: 0.03953901348871527, scale_lr: 0.25916979048031585, EAO: 0.330
Trial 278 finished with value: 0.32977592527634436 and parameters: {'window_influence': 0.4370879596739172, 'penalty_k': 0.03953901348871527, 'scale_lr': 0.25916979048031585}. Best is trial 201 with value: 0.34928440305509456.
checkpoint_e18 window_influence: 0.50472737668850109, penalty_k: 0.27345841802163096, scale_lr: 0.43412605359890483, EAO: 0.293
Trial 641 finished with value: 0.29346956677937786 and parameters: {'window_influence': 0.5047273766885011, 'penalty_k': 0.27345841802163096, 'scale_lr': 0.4341260535989048}. Best is trial 386 with value: 0.35297253809086543.
checkpoint_e18 window_influence: 0.30007943936279846, penalty_k: 0.10989632547466548, scale_lr: 0.30702150613406015, EAO: 0.306
Trial 642 finished with value: 0.305799556845357 and parameters: {'window_influence': 0.30007943936279846, 'penalty_k': 0.10989632547466548, 'scale_lr': 0.30702150613406015}. Best is trial 386 with value: 0.35297253809086543.
checkpoint_e18 window_influence: 0.45928262339524656, penalty_k: 0.08216458609139937, scale_lr: 0.64580519096751277, EAO: 0.332
Trial 643 finished with value: 0.3317270848305773 and parameters: {'window_influence': 0.45928262339524656, 'penalty_k': 0.08216458609139937, 'scale_lr': 0.6458051909675128}. Best is trial 386 with value: 0.35297253809086543.
checkpoint_e18 window_influence: 0.42307491212179660, penalty_k: 0.03914741815602066, scale_lr: 0.28734558425136431, EAO: 0.311
Trial 279 finished with value: 0.31087690406272384 and parameters: {'window_influence': 0.4230749121217966, 'penalty_k': 0.03914741815602066, 'scale_lr': 0.2873455842513643}. Best is trial 201 with value: 0.34928440305509456.
checkpoint_e18 window_influence: 0.36300053526849518, penalty_k: 0.14133008877715070, scale_lr: 0.55443963672610308, EAO: 0.298
Trial 644 finished with value: 0.29832109565400894 and parameters: {'window_influence': 0.3630005352684952, 'penalty_k': 0.1413300887771507, 'scale_lr': 0.5544396367261031}. Best is trial 386 with value: 0.35297253809086543.
checkpoint_e18 window_influence: 0.47198685105213456, penalty_k: 0.49224148825919434, scale_lr: 0.41356602897757400, EAO: 0.295
Trial 645 finished with value: 0.2949607815260089 and parameters: {'window_influence': 0.47198685105213456, 'penalty_k': 0.49224148825919434, 'scale_lr': 0.413566028977574}. Best is trial 386 with value: 0.35297253809086543.
checkpoint_e18 window_influence: 0.44625032106679879, penalty_k: 0.29066144900577523, scale_lr: 0.26128034835928388, EAO: 0.319
Trial 280 finished with value: 0.3187594241553243 and parameters: {'window_influence': 0.4462503210667988, 'penalty_k': 0.29066144900577523, 'scale_lr': 0.2612803483592839}. Best is trial 201 with value: 0.34928440305509456.
checkpoint_e18 window_influence: 0.44447671848748171, penalty_k: 0.15710497475335197, scale_lr: 0.47129676704959955, EAO: 0.333
Trial 646 finished with value: 0.3328174807218262 and parameters: {'window_influence': 0.4444767184874817, 'penalty_k': 0.15710497475335197, 'scale_lr': 0.47129676704959955}. Best is trial 386 with value: 0.35297253809086543.
checkpoint_e18 window_influence: 0.20626110969429837, penalty_k: 0.12520517256507460, scale_lr: 0.45313458430903653, EAO: 0.277
Trial 647 finished with value: 0.2773238348589797 and parameters: {'window_influence': 0.20626110969429837, 'penalty_k': 0.1252051725650746, 'scale_lr': 0.4531345843090365}. Best is trial 386 with value: 0.35297253809086543.
checkpoint_e18 window_influence: 0.43118328394406907, penalty_k: 0.58787157575595084, scale_lr: 0.27361309334692896, EAO: 0.301
Trial 281 finished with value: 0.3007693713393193 and parameters: {'window_influence': 0.4311832839440691, 'penalty_k': 0.5878715757559508, 'scale_lr': 0.27361309334692896}. Best is trial 201 with value: 0.34928440305509456.
checkpoint_e18 window_influence: 0.48390216871960701, penalty_k: 0.17883421488053744, scale_lr: 0.37590663630481957, EAO: 0.326
Trial 648 finished with value: 0.3262739888309041 and parameters: {'window_influence': 0.483902168719607, 'penalty_k': 0.17883421488053744, 'scale_lr': 0.3759066363048196}. Best is trial 386 with value: 0.35297253809086543.
checkpoint_e18 window_influence: 0.42991258763227919, penalty_k: 0.09348498333206784, scale_lr: 0.48191501212050697, EAO: 0.331
Trial 649 finished with value: 0.3305354107330745 and parameters: {'window_influence': 0.4299125876322792, 'penalty_k': 0.09348498333206784, 'scale_lr': 0.48191501212050697}. Best is trial 386 with value: 0.35297253809086543.
checkpoint_e18 window_influence: 0.43729300493499368, penalty_k: 0.02948991566297617, scale_lr: 0.25010330302500883, EAO: 0.332
Trial 282 finished with value: 0.33156135695685673 and parameters: {'window_influence': 0.4372930049349937, 'penalty_k': 0.029489915662976172, 'scale_lr': 0.2501033030250088}. Best is trial 201 with value: 0.34928440305509456.
checkpoint_e18 window_influence: 0.09588247881529288, penalty_k: 0.11151869825539118, scale_lr: 0.56922986758419847, EAO: 0.267
Trial 650 finished with value: 0.2669175010362952 and parameters: {'window_influence': 0.09588247881529288, 'penalty_k': 0.11151869825539118, 'scale_lr': 0.5692298675841985}. Best is trial 386 with value: 0.35297253809086543.
checkpoint_e18 window_influence: 0.24046999938070118, penalty_k: 0.22762787966312262, scale_lr: 0.32909466880760962, EAO: 0.279
Trial 651 finished with value: 0.2792179488254428 and parameters: {'window_influence': 0.24046999938070118, 'penalty_k': 0.22762787966312262, 'scale_lr': 0.3290946688076096}. Best is trial 386 with value: 0.35297253809086543.
checkpoint_e18 window_influence: 0.47902490084702704, penalty_k: 0.04466706476429882, scale_lr: 0.21189299447158769, EAO: 0.311
Trial 283 finished with value: 0.3109492323277989 and parameters: {'window_influence': 0.47902490084702704, 'penalty_k': 0.044667064764298825, 'scale_lr': 0.2118929944715877}. Best is trial 201 with value: 0.34928440305509456.
checkpoint_e18 window_influence: 0.45981239528014839, penalty_k: 0.13219174585096949, scale_lr: 0.71661035704938469, EAO: 0.305
Trial 652 finished with value: 0.3049696493125611 and parameters: {'window_influence': 0.4598123952801484, 'penalty_k': 0.1321917458509695, 'scale_lr': 0.7166103570493847}. Best is trial 386 with value: 0.35297253809086543.
checkpoint_e18 window_influence: 0.47434425829970023, penalty_k: 0.28862210331503158, scale_lr: 0.52116318255162841, EAO: 0.300
Trial 653 finished with value: 0.29959530090543546 and parameters: {'window_influence': 0.4743442582997002, 'penalty_k': 0.2886221033150316, 'scale_lr': 0.5211631825516284}. Best is trial 386 with value: 0.35297253809086543.
checkpoint_e18 window_influence: 0.41990209967827041, penalty_k: 0.00019006656236746, scale_lr: 0.22728805636067573, EAO: 0.343
Trial 284 finished with value: 0.34343944878429755 and parameters: {'window_influence': 0.4199020996782704, 'penalty_k': 0.0001900665623674588, 'scale_lr': 0.22728805636067573}. Best is trial 201 with value: 0.34928440305509456.
checkpoint_e18 window_influence: 0.13791243106907866, penalty_k: 0.10262573286296790, scale_lr: 0.68445239267365365, EAO: 0.278
Trial 654 finished with value: 0.2779931653334473 and parameters: {'window_influence': 0.13791243106907866, 'penalty_k': 0.1026257328629679, 'scale_lr': 0.6844523926736537}. Best is trial 386 with value: 0.35297253809086543.
checkpoint_e18 window_influence: 0.30173297277122740, penalty_k: 0.06593069578782232, scale_lr: 0.39924514118656695, EAO: 0.308
Trial 655 finished with value: 0.3079127949963284 and parameters: {'window_influence': 0.3017329727712274, 'penalty_k': 0.06593069578782232, 'scale_lr': 0.39924514118656695}. Best is trial 386 with value: 0.35297253809086543.
checkpoint_e18 window_influence: 0.52747928260734511, penalty_k: 0.47514757451247114, scale_lr: 0.50840369557651521, EAO: 0.271
Trial 656 finished with value: 0.2711969303249849 and parameters: {'window_influence': 0.5274792826073451, 'penalty_k': 0.47514757451247114, 'scale_lr': 0.5084036955765152}. Best is trial 386 with value: 0.35297253809086543.
checkpoint_e18 window_influence: 0.41947539853288529, penalty_k: 0.00078494742568760, scale_lr: 0.23141810316662309, EAO: 0.333
Trial 285 finished with value: 0.33323719656884904 and parameters: {'window_influence': 0.4194753985328853, 'penalty_k': 0.0007849474256876043, 'scale_lr': 0.2314181031666231}. Best is trial 201 with value: 0.34928440305509456.
checkpoint_e18 window_influence: 0.45141591700172962, penalty_k: 0.57700325156028365, scale_lr: 0.34926563011365575, EAO: 0.294
Trial 657 finished with value: 0.2941663279143753 and parameters: {'window_influence': 0.4514159170017296, 'penalty_k': 0.5770032515602836, 'scale_lr': 0.34926563011365575}. Best is trial 386 with value: 0.35297253809086543.
checkpoint_e18 window_influence: 0.48747313651543006, penalty_k: 0.16716945150599399, scale_lr: 0.45944531181401571, EAO: 0.307
Trial 658 finished with value: 0.3073096242280322 and parameters: {'window_influence': 0.48747313651543006, 'penalty_k': 0.167169451505994, 'scale_lr': 0.4594453118140157}. Best is trial 386 with value: 0.35297253809086543.
checkpoint_e18 window_influence: 0.41007325615694967, penalty_k: 0.01108950516749234, scale_lr: 0.22519601177837242, EAO: 0.333
Trial 286 finished with value: 0.3328491175684947 and parameters: {'window_influence': 0.4100732561569497, 'penalty_k': 0.011089505167492342, 'scale_lr': 0.22519601177837242}. Best is trial 201 with value: 0.34928440305509456.
checkpoint_e18 window_influence: 0.46463222511710828, penalty_k: 0.11742983467069168, scale_lr: 0.41656630196531630, EAO: 0.299
Trial 659 finished with value: 0.2985251717530336 and parameters: {'window_influence': 0.4646322251171083, 'penalty_k': 0.11742983467069168, 'scale_lr': 0.4165663019653163}. Best is trial 386 with value: 0.35297253809086543.
checkpoint_e18 window_influence: 0.54056328276797760, penalty_k: 0.53985393853007080, scale_lr: 0.29410719981153988, EAO: 0.276
Trial 660 finished with value: 0.2755662021933826 and parameters: {'window_influence': 0.5405632827679776, 'penalty_k': 0.5398539385300708, 'scale_lr': 0.2941071998115399}. Best is trial 386 with value: 0.35297253809086543.
checkpoint_e18 window_influence: 0.42972811845801306, penalty_k: 0.24797840605222146, scale_lr: 0.24179919093857194, EAO: 0.315
Trial 287 finished with value: 0.31549607947874625 and parameters: {'window_influence': 0.42972811845801306, 'penalty_k': 0.24797840605222146, 'scale_lr': 0.24179919093857194}. Best is trial 201 with value: 0.34928440305509456.
checkpoint_e18 window_influence: 0.31044601021513729, penalty_k: 0.08386553473475361, scale_lr: 0.43623964478573662, EAO: 0.308
Trial 661 finished with value: 0.307677214479632 and parameters: {'window_influence': 0.3104460102151373, 'penalty_k': 0.08386553473475361, 'scale_lr': 0.4362396447857366}. Best is trial 386 with value: 0.35297253809086543.
Trial 288 failed with parameters: {'window_influence': 0.4198741561560684, 'penalty_k': 0.0006036171558083496, 'scale_lr': 0.24674094537060132} because of the following error: RuntimeError('CUDA error: the launch timed out and was terminated\nCUDA kernel errors might be asynchronously reported at some other API call,so the stacktrace below might be incorrect.\nFor debugging consider passing CUDA_LAUNCH_BLOCKING=1.').
Traceback (most recent call last):
  File "/home/n26092289/anaconda3/envs/my_siamban/lib/python3.7/site-packages/optuna/study/_optimize.py", line 200, in _run_trial
    value_or_values = func(trial)
  File "../../tools/tune.py", line 269, in objective
    outputs = tracker.track(img)
  File "../../tools/tune.py", line 127, in track
    score = self._convert_score(outputs['cls'])
  File "../../tools/tune.py", line 75, in _convert_score
    score = score.softmax(1).detach()[:, 1].cpu().numpy()
RuntimeError: CUDA error: the launch timed out and was terminated
CUDA kernel errors might be asynchronously reported at some other API call,so the stacktrace below might be incorrect.
For debugging consider passing CUDA_LAUNCH_BLOCKING=1.
Trial 288 failed with value None.
checkpoint_e18 window_influence: 0.49936320710465459, penalty_k: 0.14400437363044494, scale_lr: 0.66461751643859834, EAO: 0.321
Trial 662 finished with value: 0.3214839086922226 and parameters: {'window_influence': 0.4993632071046546, 'penalty_k': 0.14400437363044494, 'scale_lr': 0.6646175164385983}. Best is trial 386 with value: 0.35297253809086543.
checkpoint_e18 window_influence: 0.43991766187738429, penalty_k: 0.33834479221736402, scale_lr: 0.50100199638367759, EAO: 0.320
Trial 663 finished with value: 0.31976452626374907 and parameters: {'window_influence': 0.4399176618773843, 'penalty_k': 0.338344792217364, 'scale_lr': 0.5010019963836776}. Best is trial 386 with value: 0.35297253809086543.
checkpoint_e18 window_influence: 0.51680801750222016, penalty_k: 0.51751100279809603, scale_lr: 0.27070776575729971, EAO: 0.273
Trial 664 finished with value: 0.2727934487366955 and parameters: {'window_influence': 0.5168080175022202, 'penalty_k': 0.517511002798096, 'scale_lr': 0.2707077657572997}. Best is trial 386 with value: 0.35297253809086543.
checkpoint_e18 window_influence: 0.42320158923309592, penalty_k: 0.24288060832560818, scale_lr: 0.30723626066597715, EAO: 0.314
Trial 665 finished with value: 0.314197761423393 and parameters: {'window_influence': 0.4232015892330959, 'penalty_k': 0.24288060832560818, 'scale_lr': 0.30723626066597715}. Best is trial 386 with value: 0.35297253809086543.
checkpoint_e18 window_influence: 0.06965149646567204, penalty_k: 0.09364341860492591, scale_lr: 0.63189842638827876, EAO: 0.262
Trial 666 finished with value: 0.26172240646664735 and parameters: {'window_influence': 0.06965149646567204, 'penalty_k': 0.09364341860492591, 'scale_lr': 0.6318984263882788}. Best is trial 386 with value: 0.35297253809086543.
checkpoint_e18 window_influence: 0.61097741363531233, penalty_k: 0.12628637599032116, scale_lr: 0.55090517595125843, EAO: 0.252
Trial 667 finished with value: 0.25172294618322694 and parameters: {'window_influence': 0.6109774136353123, 'penalty_k': 0.12628637599032116, 'scale_lr': 0.5509051759512584}. Best is trial 386 with value: 0.35297253809086543.
checkpoint_e18 window_influence: 0.12792440945082378, penalty_k: 0.26385257666839174, scale_lr: 0.36750807749050185, EAO: 0.264
Trial 668 finished with value: 0.2642011336315467 and parameters: {'window_influence': 0.12792440945082378, 'penalty_k': 0.26385257666839174, 'scale_lr': 0.36750807749050185}. Best is trial 386 with value: 0.35297253809086543.
checkpoint_e18 window_influence: 0.47936512309003848, penalty_k: 0.35091089555611854, scale_lr: 0.60241043682880024, EAO: 0.304
Trial 669 finished with value: 0.3038343558747481 and parameters: {'window_influence': 0.4793651230900385, 'penalty_k': 0.35091089555611854, 'scale_lr': 0.6024104368288002}. Best is trial 386 with value: 0.35297253809086543.
checkpoint_e18 window_influence: 0.45223520507968612, penalty_k: 0.19619240532997367, scale_lr: 0.39129328135194741, EAO: 0.325
Trial 670 finished with value: 0.32452673380940805 and parameters: {'window_influence': 0.4522352050796861, 'penalty_k': 0.19619240532997367, 'scale_lr': 0.3912932813519474}. Best is trial 386 with value: 0.35297253809086543.
checkpoint_e18 window_influence: 0.27089439862158765, penalty_k: 0.10547701351445189, scale_lr: 0.48621704791582371, EAO: 0.299
Trial 671 finished with value: 0.29869763744480415 and parameters: {'window_influence': 0.27089439862158765, 'penalty_k': 0.10547701351445189, 'scale_lr': 0.4862170479158237}. Best is trial 386 with value: 0.35297253809086543.
checkpoint_e18 window_influence: 0.46871516626635640, penalty_k: 0.07862409988803737, scale_lr: 0.79932235228744430, EAO: 0.296
Trial 672 finished with value: 0.29611179881986477 and parameters: {'window_influence': 0.4687151662663564, 'penalty_k': 0.07862409988803737, 'scale_lr': 0.7993223522874443}. Best is trial 386 with value: 0.35297253809086543.
checkpoint_e18 window_influence: 0.49066670401917512, penalty_k: 0.05498426479864861, scale_lr: 0.51980770711159996, EAO: 0.319
Trial 673 finished with value: 0.3187466665580579 and parameters: {'window_influence': 0.4906667040191751, 'penalty_k': 0.05498426479864861, 'scale_lr': 0.5198077071116}. Best is trial 386 with value: 0.35297253809086543.
checkpoint_e18 window_influence: 0.12591699873370513, penalty_k: 0.28141941706262696, scale_lr: 0.33082648201151976, EAO: 0.256
Trial 674 finished with value: 0.2561235088666589 and parameters: {'window_influence': 0.12591699873370513, 'penalty_k': 0.28141941706262696, 'scale_lr': 0.33082648201151976}. Best is trial 386 with value: 0.35297253809086543.
checkpoint_e18 window_influence: 0.44001437341183969, penalty_k: 0.21372324518880523, scale_lr: 0.45144860801038700, EAO: 0.339
Trial 675 finished with value: 0.3386016046258726 and parameters: {'window_influence': 0.4400143734118397, 'penalty_k': 0.21372324518880523, 'scale_lr': 0.451448608010387}. Best is trial 386 with value: 0.35297253809086543.
checkpoint_e18 window_influence: 0.39402264372055817, penalty_k: 0.19906854991483292, scale_lr: 0.45934899455937872, EAO: 0.298
