Trial 390 finished with value: 0.32712786044592057 and parameters: {'window_influence': 0.45244420775696786, 'penalty_k': 0.2504328208255245, 'scale_lr': 0.5710438090593959}. Best is trial 374 with value: 0.3602400896382239.
checkpoint_e24 window_influence: 0.50049969874767930, penalty_k: 0.30471131930699580, scale_lr: 0.52412059171396275, EAO: 0.312
Trial 391 finished with value: 0.3124941833868101 and parameters: {'window_influence': 0.5004996987476793, 'penalty_k': 0.3047113193069958, 'scale_lr': 0.5241205917139627}. Best is trial 374 with value: 0.3602400896382239.
checkpoint_e24 window_influence: 0.39695292759230794, penalty_k: 0.27889528665837188, scale_lr: 0.62108511886941609, EAO: 0.299
Trial 392 finished with value: 0.29920917650836915 and parameters: {'window_influence': 0.39695292759230794, 'penalty_k': 0.2788952866583719, 'scale_lr': 0.6210851188694161}. Best is trial 374 with value: 0.3602400896382239.
checkpoint_e24 window_influence: 0.46985086843136725, penalty_k: 0.27921200098395688, scale_lr: 0.36407231237478588, EAO: 0.298
Trial 393 finished with value: 0.2976396433458254 and parameters: {'window_influence': 0.46985086843136725, 'penalty_k': 0.2792120009839569, 'scale_lr': 0.3640723123747859}. Best is trial 374 with value: 0.3602400896382239.
checkpoint_e24 window_influence: 0.48627704694554535, penalty_k: 0.42102765012420668, scale_lr: 0.50006139385417203, EAO: 0.300
Trial 394 finished with value: 0.29984725495720654 and parameters: {'window_influence': 0.48627704694554535, 'penalty_k': 0.4210276501242067, 'scale_lr': 0.500061393854172}. Best is trial 374 with value: 0.3602400896382239.
checkpoint_e24 window_influence: 0.45679797373525638, penalty_k: 0.18477403901332159, scale_lr: 0.59851026035793831, EAO: 0.325
Trial 395 finished with value: 0.325476706839721 and parameters: {'window_influence': 0.4567979737352564, 'penalty_k': 0.1847740390133216, 'scale_lr': 0.5985102603579383}. Best is trial 374 with value: 0.3602400896382239.
checkpoint_e24 window_influence: 0.49820075567975691, penalty_k: 0.21774659620475875, scale_lr: 0.54344311613478802, EAO: 0.313
Trial 396 finished with value: 0.3133835840086065 and parameters: {'window_influence': 0.4982007556797569, 'penalty_k': 0.21774659620475875, 'scale_lr': 0.543443116134788}. Best is trial 374 with value: 0.3602400896382239.
checkpoint_e24 window_influence: 0.47055591411739700, penalty_k: 0.23624258319176178, scale_lr: 0.46966453753475534, EAO: 0.308
Trial 397 finished with value: 0.30845222271370054 and parameters: {'window_influence': 0.470555914117397, 'penalty_k': 0.23624258319176178, 'scale_lr': 0.46966453753475534}. Best is trial 374 with value: 0.3602400896382239.
checkpoint_e24 window_influence: 0.44559332204600477, penalty_k: 0.36773943391074504, scale_lr: 0.44065815072485670, EAO: 0.324
Trial 398 finished with value: 0.3244735668721366 and parameters: {'window_influence': 0.44559332204600477, 'penalty_k': 0.36773943391074504, 'scale_lr': 0.4406581507248567}. Best is trial 374 with value: 0.3602400896382239.
checkpoint_e24 window_influence: 0.48461669404657398, penalty_k: 0.20979931423604697, scale_lr: 0.62048852369815155, EAO: 0.331
Trial 399 finished with value: 0.3311585119494204 and parameters: {'window_influence': 0.484616694046574, 'penalty_k': 0.20979931423604697, 'scale_lr': 0.6204885236981516}. Best is trial 374 with value: 0.3602400896382239.
checkpoint_e24 window_influence: 0.29369785209918225, penalty_k: 0.26528649680196997, scale_lr: 0.51307065677190866, EAO: 0.329
Trial 400 finished with value: 0.32912056258216443 and parameters: {'window_influence': 0.29369785209918225, 'penalty_k': 0.26528649680197, 'scale_lr': 0.5130706567719087}. Best is trial 374 with value: 0.3602400896382239.
checkpoint_e24 window_influence: 0.37367882025267751, penalty_k: 0.23748630483286537, scale_lr: 0.56211267158344513, EAO: 0.303
Trial 401 finished with value: 0.30287426565175857 and parameters: {'window_influence': 0.3736788202526775, 'penalty_k': 0.23748630483286537, 'scale_lr': 0.5621126715834451}. Best is trial 374 with value: 0.3602400896382239.
checkpoint_e24 window_influence: 0.45956137426089205, penalty_k: 0.29911194205787367, scale_lr: 0.37597433905752720, EAO: 0.331
Trial 402 finished with value: 0.33060834327792377 and parameters: {'window_influence': 0.45956137426089205, 'penalty_k': 0.29911194205787367, 'scale_lr': 0.3759743390575272}. Best is trial 374 with value: 0.3602400896382239.
checkpoint_e24 window_influence: 0.41397060398753438, penalty_k: 0.25205790417632540, scale_lr: 0.48917020373226561, EAO: 0.325
Trial 403 finished with value: 0.3252079079239285 and parameters: {'window_influence': 0.4139706039875344, 'penalty_k': 0.2520579041763254, 'scale_lr': 0.4891702037322656}. Best is trial 374 with value: 0.3602400896382239.
checkpoint_e24 window_influence: 0.50124882461292897, penalty_k: 0.15387941874955760, scale_lr: 0.42703809322489628, EAO: 0.337
Trial 404 finished with value: 0.33731335645055954 and parameters: {'window_influence': 0.501248824612929, 'penalty_k': 0.1538794187495576, 'scale_lr': 0.4270380932248963}. Best is trial 374 with value: 0.3602400896382239.
checkpoint_e24 window_influence: 0.47717480792260436, penalty_k: 0.15826851324241969, scale_lr: 0.74186158233108612, EAO: 0.313
Trial 405 finished with value: 0.3125586716697374 and parameters: {'window_influence': 0.47717480792260436, 'penalty_k': 0.1582685132424197, 'scale_lr': 0.7418615823310861}. Best is trial 374 with value: 0.3602400896382239.
checkpoint_e24 window_influence: 0.49395467596659376, penalty_k: 0.14143525064980075, scale_lr: 0.58770483560474851, EAO: 0.328
Trial 406 finished with value: 0.32788848401507514 and parameters: {'window_influence': 0.49395467596659376, 'penalty_k': 0.14143525064980075, 'scale_lr': 0.5877048356047485}. Best is trial 374 with value: 0.3602400896382239.
checkpoint_e24 window_influence: 0.46160404908247893, penalty_k: 0.15046844679678401, scale_lr: 0.47105446270124296, EAO: 0.327
Trial 407 finished with value: 0.327239115936283 and parameters: {'window_influence': 0.46160404908247893, 'penalty_k': 0.150468446796784, 'scale_lr': 0.47105446270124296}. Best is trial 374 with value: 0.3602400896382239.
checkpoint_e24 window_influence: 0.44503738731828008, penalty_k: 0.19327878994432182, scale_lr: 0.45447903742049572, EAO: 0.348
Trial 408 finished with value: 0.3479418022855247 and parameters: {'window_influence': 0.4450373873182801, 'penalty_k': 0.19327878994432182, 'scale_lr': 0.4544790374204957}. Best is trial 374 with value: 0.3602400896382239.
checkpoint_e24 window_influence: 0.43305781205003258, penalty_k: 0.17831269844374725, scale_lr: 0.41040441820820683, EAO: 0.330
Trial 409 finished with value: 0.32990135049541636 and parameters: {'window_influence': 0.4330578120500326, 'penalty_k': 0.17831269844374725, 'scale_lr': 0.41040441820820683}. Best is trial 374 with value: 0.3602400896382239.
checkpoint_e24 window_influence: 0.27072202126714140, penalty_k: 0.19470583078030501, scale_lr: 0.43318763069495569, EAO: 0.316
Trial 410 finished with value: 0.31613804794239164 and parameters: {'window_influence': 0.2707220212671414, 'penalty_k': 0.194705830780305, 'scale_lr': 0.4331876306949557}. Best is trial 374 with value: 0.3602400896382239.
checkpoint_e24 window_influence: 0.34448475701817749, penalty_k: 0.16843926431292136, scale_lr: 0.42904792077694071, EAO: 0.305
Trial 411 finished with value: 0.30522932929751473 and parameters: {'window_influence': 0.3444847570181775, 'penalty_k': 0.16843926431292136, 'scale_lr': 0.4290479207769407}. Best is trial 374 with value: 0.3602400896382239.
checkpoint_e24 window_influence: 0.44347528257785879, penalty_k: 0.14141069458174013, scale_lr: 0.45195033682445473, EAO: 0.319
Trial 412 finished with value: 0.31914469373597243 and parameters: {'window_influence': 0.4434752825778588, 'penalty_k': 0.14141069458174013, 'scale_lr': 0.45195033682445473}. Best is trial 374 with value: 0.3602400896382239.
checkpoint_e24 window_influence: 0.60828264292713352, penalty_k: 0.43312387585345780, scale_lr: 0.44768657911057119, EAO: 0.241
Trial 413 finished with value: 0.2411952889035184 and parameters: {'window_influence': 0.6082826429271335, 'penalty_k': 0.4331238758534578, 'scale_lr': 0.4476865791105712}. Best is trial 374 with value: 0.3602400896382239.
checkpoint_e24 window_influence: 0.42977846859997315, penalty_k: 0.16052722584539555, scale_lr: 0.43047924520235215, EAO: 0.327
Trial 414 finished with value: 0.32689578761618426 and parameters: {'window_influence': 0.42977846859997315, 'penalty_k': 0.16052722584539555, 'scale_lr': 0.43047924520235215}. Best is trial 374 with value: 0.3602400896382239.
checkpoint_e24 window_influence: 0.39017501496411805, penalty_k: 0.21378421987177126, scale_lr: 0.46400897003946862, EAO: 0.306
Trial 415 finished with value: 0.305895937961827 and parameters: {'window_influence': 0.39017501496411805, 'penalty_k': 0.21378421987177126, 'scale_lr': 0.4640089700394686}. Best is trial 374 with value: 0.3602400896382239.
checkpoint_e24 window_influence: 0.32936372919954038, penalty_k: 0.40369802819699113, scale_lr: 0.44150835121704424, EAO: 0.308
Trial 416 finished with value: 0.3078861969454279 and parameters: {'window_influence': 0.3293637291995404, 'penalty_k': 0.40369802819699113, 'scale_lr': 0.44150835121704424}. Best is trial 374 with value: 0.3602400896382239.
checkpoint_e24 window_influence: 0.40435451558926716, penalty_k: 0.16623764219611958, scale_lr: 0.48559934132078741, EAO: 0.323
Trial 417 finished with value: 0.32331474067404115 and parameters: {'window_influence': 0.40435451558926716, 'penalty_k': 0.16623764219611958, 'scale_lr': 0.4855993413207874}. Best is trial 374 with value: 0.3602400896382239.
checkpoint_e24 window_influence: 0.53331701023348699, penalty_k: 0.31327786147736197, scale_lr: 0.46131370062620558, EAO: 0.288
Trial 418 finished with value: 0.2875710762892252 and parameters: {'window_influence': 0.533317010233487, 'penalty_k': 0.313277861477362, 'scale_lr': 0.4613137006262056}. Best is trial 374 with value: 0.3602400896382239.
checkpoint_e24 window_influence: 0.51029017580147307, penalty_k: 0.28110976862763487, scale_lr: 0.42466392725224666, EAO: 0.306
Trial 419 finished with value: 0.30635316803297646 and parameters: {'window_influence': 0.5102901758014731, 'penalty_k': 0.28110976862763487, 'scale_lr': 0.42466392725224666}. Best is trial 374 with value: 0.3602400896382239.
checkpoint_e24 window_influence: 0.11705019675753359, penalty_k: 0.19746355360538526, scale_lr: 0.41968106208594452, EAO: 0.265
Trial 420 finished with value: 0.26451018916493724 and parameters: {'window_influence': 0.11705019675753359, 'penalty_k': 0.19746355360538526, 'scale_lr': 0.4196810620859445}. Best is trial 374 with value: 0.3602400896382239.
checkpoint_e24 window_influence: 0.15566689054733124, penalty_k: 0.22715041319442564, scale_lr: 0.40749997352617368, EAO: 0.302
Trial 421 finished with value: 0.3017643891883731 and parameters: {'window_influence': 0.15566689054733124, 'penalty_k': 0.22715041319442564, 'scale_lr': 0.4074999735261737}. Best is trial 374 with value: 0.3602400896382239.
checkpoint_e24 window_influence: 0.20774523434707343, penalty_k: 0.44682145857546363, scale_lr: 0.44660383875810633, EAO: 0.271
Trial 422 finished with value: 0.27097039556688834 and parameters: {'window_influence': 0.20774523434707343, 'penalty_k': 0.4468214585754636, 'scale_lr': 0.44660383875810633}. Best is trial 374 with value: 0.3602400896382239.
checkpoint_e24 window_influence: 0.48680098745086325, penalty_k: 0.14740773410070115, scale_lr: 0.54892695954213255, EAO: 0.310
Trial 423 finished with value: 0.30986473810811915 and parameters: {'window_influence': 0.48680098745086325, 'penalty_k': 0.14740773410070115, 'scale_lr': 0.5489269595421326}. Best is trial 374 with value: 0.3602400896382239.
checkpoint_e24 window_influence: 0.44961743245917529, penalty_k: 0.12383145685793345, scale_lr: 0.68850416031158657, EAO: 0.314
Trial 424 finished with value: 0.3136293156949463 and parameters: {'window_influence': 0.4496174324591753, 'penalty_k': 0.12383145685793345, 'scale_lr': 0.6885041603115866}. Best is trial 374 with value: 0.3602400896382239.
checkpoint_e24 window_influence: 0.55037691710797543, penalty_k: 0.18920056086438047, scale_lr: 0.38676688579810264, EAO: 0.294
Trial 425 finished with value: 0.29445116192914167 and parameters: {'window_influence': 0.5503769171079754, 'penalty_k': 0.18920056086438047, 'scale_lr': 0.38676688579810264}. Best is trial 374 with value: 0.3602400896382239.
checkpoint_e24 window_influence: 0.31496649412901306, penalty_k: 0.17583981703495044, scale_lr: 0.51006171202347661, EAO: 0.307
Trial 426 finished with value: 0.30747850343642996 and parameters: {'window_influence': 0.31496649412901306, 'penalty_k': 0.17583981703495044, 'scale_lr': 0.5100617120234766}. Best is trial 374 with value: 0.3602400896382239.
checkpoint_e24 window_influence: 0.36498949225307159, penalty_k: 0.26374595241884746, scale_lr: 0.70542593366196560, EAO: 0.309
Trial 427 finished with value: 0.3092278690885477 and parameters: {'window_influence': 0.3649894922530716, 'penalty_k': 0.26374595241884746, 'scale_lr': 0.7054259336619656}. Best is trial 374 with value: 0.3602400896382239.
checkpoint_e24 window_influence: 0.42074151059772136, penalty_k: 0.47679310090531091, scale_lr: 0.47503137434993614, EAO: 0.305
Trial 428 finished with value: 0.3045049051714315 and parameters: {'window_influence': 0.42074151059772136, 'penalty_k': 0.4767931009053109, 'scale_lr': 0.47503137434993614}. Best is trial 374 with value: 0.3602400896382239.
checkpoint_e24 window_influence: 0.46701548801032833, penalty_k: 0.33269830921866855, scale_lr: 0.50245562163946800, EAO: 0.321
Trial 429 finished with value: 0.3214644158280777 and parameters: {'window_influence': 0.46701548801032833, 'penalty_k': 0.33269830921866855, 'scale_lr': 0.502455621639468}. Best is trial 374 with value: 0.3602400896382239.
checkpoint_e24 window_influence: 0.49422528521460768, penalty_k: 0.38985892271130534, scale_lr: 0.57361346975242145, EAO: 0.297
Trial 430 finished with value: 0.29744656273827014 and parameters: {'window_influence': 0.4942252852146077, 'penalty_k': 0.38985892271130534, 'scale_lr': 0.5736134697524214}. Best is trial 374 with value: 0.3602400896382239.
checkpoint_e24 window_influence: 0.52031609584277749, penalty_k: 0.13013695791421223, scale_lr: 0.52398858439189311, EAO: 0.295
Trial 431 finished with value: 0.2948559186337987 and parameters: {'window_influence': 0.5203160958427775, 'penalty_k': 0.13013695791421223, 'scale_lr': 0.5239885843918931}. Best is trial 374 with value: 0.3602400896382239.
checkpoint_e24 window_influence: 0.47521452022423150, penalty_k: 0.15397425407839438, scale_lr: 0.53947588898733689, EAO: 0.321
Trial 432 finished with value: 0.32083977208063297 and parameters: {'window_influence': 0.4752145202242315, 'penalty_k': 0.15397425407839438, 'scale_lr': 0.5394758889873369}. Best is trial 374 with value: 0.3602400896382239.
checkpoint_e24 window_influence: 0.44421750493452888, penalty_k: 0.41527706525039365, scale_lr: 0.73232729642250682, EAO: 0.343
Trial 433 finished with value: 0.3426975364351087 and parameters: {'window_influence': 0.4442175049345289, 'penalty_k': 0.41527706525039365, 'scale_lr': 0.7323272964225068}. Best is trial 374 with value: 0.3602400896382239.
checkpoint_e24 window_influence: 0.50020108563325050, penalty_k: 0.37738209944284096, scale_lr: 0.34202391775951846, EAO: 0.315
Trial 434 finished with value: 0.31493071063715194 and parameters: {'window_influence': 0.5002010856332505, 'penalty_k': 0.37738209944284096, 'scale_lr': 0.34202391775951846}. Best is trial 374 with value: 0.3602400896382239.
checkpoint_e24 window_influence: 0.44947016602249401, penalty_k: 0.38552743185320343, scale_lr: 0.49458460435439483, EAO: 0.309
Trial 435 finished with value: 0.3094886746619926 and parameters: {'window_influence': 0.449470166022494, 'penalty_k': 0.38552743185320343, 'scale_lr': 0.49458460435439483}. Best is trial 374 with value: 0.3602400896382239.
checkpoint_e24 window_influence: 0.48459807168424257, penalty_k: 0.42304266590488715, scale_lr: 0.56028200460355260, EAO: 0.323
Trial 436 finished with value: 0.3228732839748553 and parameters: {'window_influence': 0.48459807168424257, 'penalty_k': 0.42304266590488715, 'scale_lr': 0.5602820046035526}. Best is trial 374 with value: 0.3602400896382239.
checkpoint_e24 window_influence: 0.51505372577974029, penalty_k: 0.43109378495782491, scale_lr: 0.51685628639010850, EAO: 0.299
Trial 437 finished with value: 0.29890942225660333 and parameters: {'window_influence': 0.5150537257797403, 'penalty_k': 0.4310937849578249, 'scale_lr': 0.5168562863901085}. Best is trial 374 with value: 0.3602400896382239.
checkpoint_e24 window_influence: 0.53635953512491030, penalty_k: 0.37528091931456520, scale_lr: 0.41336248786682311, EAO: 0.303
Trial 438 finished with value: 0.3031176823818266 and parameters: {'window_influence': 0.5363595351249103, 'penalty_k': 0.3752809193145652, 'scale_lr': 0.4133624878668231}. Best is trial 374 with value: 0.3602400896382239.
checkpoint_e24 window_influence: 0.46020401302805697, penalty_k: 0.40610688981362636, scale_lr: 0.60393479581838305, EAO: 0.310
Trial 439 finished with value: 0.3096812231763328 and parameters: {'window_influence': 0.46020401302805697, 'penalty_k': 0.40610688981362636, 'scale_lr': 0.603934795818383}. Best is trial 374 with value: 0.3602400896382239.
checkpoint_e24 window_influence: 0.47686726364848153, penalty_k: 0.23706626901618064, scale_lr: 0.48631043460157936, EAO: 0.329
Trial 440 finished with value: 0.32943866816476164 and parameters: {'window_influence': 0.47686726364848153, 'penalty_k': 0.23706626901618064, 'scale_lr': 0.48631043460157936}. Best is trial 374 with value: 0.3602400896382239.
checkpoint_e24 window_influence: 0.58508307947215921, penalty_k: 0.29241529543274897, scale_lr: 0.45156193879698414, EAO: 0.253
Trial 441 finished with value: 0.25264585232688297 and parameters: {'window_influence': 0.5850830794721592, 'penalty_k': 0.29241529543274897, 'scale_lr': 0.45156193879698414}. Best is trial 374 with value: 0.3602400896382239.
checkpoint_e24 window_influence: 0.50346904784849322, penalty_k: 0.45139071047069956, scale_lr: 0.65918326475667866, EAO: 0.290
Trial 442 finished with value: 0.2901168600710449 and parameters: {'window_influence': 0.5034690478484932, 'penalty_k': 0.45139071047069956, 'scale_lr': 0.6591832647566787}. Best is trial 374 with value: 0.3602400896382239.
checkpoint_e24 window_influence: 0.44490539802838786, penalty_k: 0.45680766214906998, scale_lr: 0.53324957623455582, EAO: 0.308
Trial 443 finished with value: 0.3075499393132874 and parameters: {'window_influence': 0.44490539802838786, 'penalty_k': 0.45680766214907, 'scale_lr': 0.5332495762345558}. Best is trial 374 with value: 0.3602400896382239.
checkpoint_e24 window_influence: 0.48775396013823930, penalty_k: 0.36073817140035042, scale_lr: 0.54799061382356395, EAO: 0.309
Trial 444 finished with value: 0.30911585740774056 and parameters: {'window_influence': 0.4877539601382393, 'penalty_k': 0.3607381714003504, 'scale_lr': 0.547990613823564}. Best is trial 374 with value: 0.3602400896382239.
checkpoint_e24 window_influence: 0.55877586939016022, penalty_k: 0.30901572623705004, scale_lr: 0.38791795143998020, EAO: 0.295
Trial 445 finished with value: 0.29542595403203703 and parameters: {'window_influence': 0.5587758693901602, 'penalty_k': 0.30901572623705004, 'scale_lr': 0.3879179514399802}. Best is trial 374 with value: 0.3602400896382239.
checkpoint_e24 window_influence: 0.38275121690737746, penalty_k: 0.43665536001487709, scale_lr: 0.73050047102273619, EAO: 0.307
Trial 446 finished with value: 0.3072122584752999 and parameters: {'window_influence': 0.38275121690737746, 'penalty_k': 0.4366553600148771, 'scale_lr': 0.7305004710227362}. Best is trial 374 with value: 0.3602400896382239.
checkpoint_e24 window_influence: 0.46837404159362406, penalty_k: 0.46973752140789438, scale_lr: 0.50782473223980940, EAO: 0.327
Trial 447 finished with value: 0.3273202932298415 and parameters: {'window_influence': 0.46837404159362406, 'penalty_k': 0.4697375214078944, 'scale_lr': 0.5078247322398094}. Best is trial 374 with value: 0.3602400896382239.
checkpoint_e24 window_influence: 0.11472359625099832, penalty_k: 0.41119038087198589, scale_lr: 0.58365794967018514, EAO: 0.263
Trial 448 finished with value: 0.2633546385551705 and parameters: {'window_influence': 0.11472359625099832, 'penalty_k': 0.4111903808719859, 'scale_lr': 0.5836579496701851}. Best is trial 374 with value: 0.3602400896382239.
checkpoint_e24 window_influence: 0.43096938089462933, penalty_k: 0.32617289930801013, scale_lr: 0.47464378826867903, EAO: 0.334
Trial 449 finished with value: 0.33421897621470203 and parameters: {'window_influence': 0.43096938089462933, 'penalty_k': 0.32617289930801013, 'scale_lr': 0.47464378826867903}. Best is trial 374 with value: 0.3602400896382239.
checkpoint_e24 window_influence: 0.60536152971198010, penalty_k: 0.27896676548166155, scale_lr: 0.52260936624677723, EAO: 0.248
Trial 450 finished with value: 0.2483791924056376 and parameters: {'window_influence': 0.6053615297119801, 'penalty_k': 0.27896676548166155, 'scale_lr': 0.5226093662467772}. Best is trial 374 with value: 0.3602400896382239.
checkpoint_e24 window_influence: 0.54091894646856520, penalty_k: 0.22808609984314493, scale_lr: 0.56756253401262846, EAO: 0.280
Trial 451 finished with value: 0.2799534346574939 and parameters: {'window_influence': 0.5409189464685652, 'penalty_k': 0.22808609984314493, 'scale_lr': 0.5675625340126285}. Best is trial 374 with value: 0.3602400896382239.
checkpoint_e24 window_influence: 0.50909418742244750, penalty_k: 0.34453580304228909, scale_lr: 0.40128263774338563, EAO: 0.303
