Trial 186 finished with value: 0.32392775247069183 and parameters: {'window_influence': 0.4572722412478292, 'penalty_k': 0.07611625649787168, 'scale_lr': 0.36584968124455813}. Best is trial 97 with value: 0.3587390516054769.
checkpoint_e22 window_influence: 0.46854416740842542, penalty_k: 0.10677681703327770, scale_lr: 0.32173062095904853, EAO: 0.334
Trial 187 finished with value: 0.33362194397106243 and parameters: {'window_influence': 0.4685441674084254, 'penalty_k': 0.1067768170332777, 'scale_lr': 0.32173062095904853}. Best is trial 97 with value: 0.3587390516054769.
checkpoint_e22 window_influence: 0.45076913477501795, penalty_k: 0.14065125259111477, scale_lr: 0.35428162168131322, EAO: 0.320
Trial 188 finished with value: 0.31960729141411615 and parameters: {'window_influence': 0.45076913477501795, 'penalty_k': 0.14065125259111477, 'scale_lr': 0.3542816216813132}. Best is trial 97 with value: 0.3587390516054769.
checkpoint_e22 window_influence: 0.48743622150392807, penalty_k: 0.05786929417670816, scale_lr: 0.39766441333347757, EAO: 0.337
Trial 189 finished with value: 0.3373786862722167 and parameters: {'window_influence': 0.48743622150392807, 'penalty_k': 0.05786929417670816, 'scale_lr': 0.3976644133334776}. Best is trial 97 with value: 0.3587390516054769.
checkpoint_e22 window_influence: 0.49113896118626726, penalty_k: 0.06337029939605594, scale_lr: 0.33353315429849734, EAO: 0.328
Trial 190 finished with value: 0.3277269073033611 and parameters: {'window_influence': 0.49113896118626726, 'penalty_k': 0.06337029939605594, 'scale_lr': 0.33353315429849734}. Best is trial 97 with value: 0.3587390516054769.
checkpoint_e22 window_influence: 0.47954065690543118, penalty_k: 0.03055594966923489, scale_lr: 0.39711530741815337, EAO: 0.333
Trial 191 finished with value: 0.3330526349609464 and parameters: {'window_influence': 0.4795406569054312, 'penalty_k': 0.03055594966923489, 'scale_lr': 0.3971153074181534}. Best is trial 97 with value: 0.3587390516054769.
checkpoint_e22 window_influence: 0.50260298346806931, penalty_k: 0.05724811344771732, scale_lr: 0.37991609402713994, EAO: 0.313
Trial 192 finished with value: 0.3134728115240424 and parameters: {'window_influence': 0.5026029834680693, 'penalty_k': 0.057248113447717325, 'scale_lr': 0.37991609402713994}. Best is trial 97 with value: 0.3587390516054769.
checkpoint_e22 window_influence: 0.46603618942348141, penalty_k: 0.22185398696841976, scale_lr: 0.39279333587748844, EAO: 0.300
Trial 193 finished with value: 0.2998227648118127 and parameters: {'window_influence': 0.4660361894234814, 'penalty_k': 0.22185398696841976, 'scale_lr': 0.39279333587748844}. Best is trial 97 with value: 0.3587390516054769.
checkpoint_e22 window_influence: 0.51369170217370674, penalty_k: 0.31668961975274335, scale_lr: 0.41420996513472880, EAO: 0.291
Trial 194 finished with value: 0.2914199985070915 and parameters: {'window_influence': 0.5136917021737067, 'penalty_k': 0.31668961975274335, 'scale_lr': 0.4142099651347288}. Best is trial 97 with value: 0.3587390516054769.
checkpoint_e22 window_influence: 0.48622624576966017, penalty_k: 0.09117237386637247, scale_lr: 0.35560433399110652, EAO: 0.339
Trial 195 finished with value: 0.33904352192748843 and parameters: {'window_influence': 0.48622624576966017, 'penalty_k': 0.09117237386637247, 'scale_lr': 0.3556043339911065}. Best is trial 97 with value: 0.3587390516054769.
checkpoint_e22 window_influence: 0.48642716563186295, penalty_k: 0.09322888883500821, scale_lr: 0.35279737390307553, EAO: 0.333
Trial 196 finished with value: 0.33349216378616453 and parameters: {'window_influence': 0.48642716563186295, 'penalty_k': 0.09322888883500821, 'scale_lr': 0.35279737390307553}. Best is trial 97 with value: 0.3587390516054769.
checkpoint_e22 window_influence: 0.49565285185227909, penalty_k: 0.08240421776668991, scale_lr: 0.34089098387711075, EAO: 0.351
Trial 197 finished with value: 0.3512593257288061 and parameters: {'window_influence': 0.4956528518522791, 'penalty_k': 0.08240421776668991, 'scale_lr': 0.34089098387711075}. Best is trial 97 with value: 0.3587390516054769.
checkpoint_e22 window_influence: 0.50541855330701302, penalty_k: 0.08262007855821935, scale_lr: 0.33876073846959076, EAO: 0.312
Trial 198 finished with value: 0.3124515374810779 and parameters: {'window_influence': 0.505418553307013, 'penalty_k': 0.08262007855821935, 'scale_lr': 0.33876073846959076}. Best is trial 97 with value: 0.3587390516054769.
checkpoint_e22 window_influence: 0.47676221975028671, penalty_k: 0.04991062161879462, scale_lr: 0.31660218920271266, EAO: 0.311
Trial 199 finished with value: 0.31111018063957124 and parameters: {'window_influence': 0.4767622197502867, 'penalty_k': 0.049910621618794615, 'scale_lr': 0.31660218920271266}. Best is trial 97 with value: 0.3587390516054769.
checkpoint_e22 window_influence: 0.49567484312892796, penalty_k: 0.07252060257165444, scale_lr: 0.36612805223703843, EAO: 0.333
Trial 200 finished with value: 0.3333915750340265 and parameters: {'window_influence': 0.49567484312892796, 'penalty_k': 0.07252060257165444, 'scale_lr': 0.3661280522370384}. Best is trial 97 with value: 0.3587390516054769.
checkpoint_e22 window_influence: 0.48591747818306835, penalty_k: 0.09276821203097647, scale_lr: 0.34650873628296580, EAO: 0.309
Trial 201 finished with value: 0.3094393984353032 and parameters: {'window_influence': 0.48591747818306835, 'penalty_k': 0.09276821203097647, 'scale_lr': 0.3465087362829658}. Best is trial 97 with value: 0.3587390516054769.
checkpoint_e22 window_influence: 0.46826135917741024, penalty_k: 0.10350777912051069, scale_lr: 0.30488618143176432, EAO: 0.353
Trial 202 finished with value: 0.3528814827189835 and parameters: {'window_influence': 0.46826135917741024, 'penalty_k': 0.10350777912051069, 'scale_lr': 0.3048861814317643}. Best is trial 97 with value: 0.3587390516054769.
checkpoint_e22 window_influence: 0.46194902324883630, penalty_k: 0.06320454762065504, scale_lr: 0.30329397673566988, EAO: 0.323
Trial 203 finished with value: 0.32266918706058995 and parameters: {'window_influence': 0.4619490232488363, 'penalty_k': 0.06320454762065504, 'scale_lr': 0.3032939767356699}. Best is trial 97 with value: 0.3587390516054769.
checkpoint_e22 window_influence: 0.47187473135597041, penalty_k: 0.08309717126162021, scale_lr: 0.32395688559844177, EAO: 0.335
Trial 204 finished with value: 0.3353520668898111 and parameters: {'window_influence': 0.4718747313559704, 'penalty_k': 0.08309717126162021, 'scale_lr': 0.32395688559844177}. Best is trial 97 with value: 0.3587390516054769.
checkpoint_e22 window_influence: 0.44872997261035319, penalty_k: 0.11822745254599937, scale_lr: 0.29960462516846870, EAO: 0.316
Trial 205 finished with value: 0.31553149623397725 and parameters: {'window_influence': 0.4487299726103532, 'penalty_k': 0.11822745254599937, 'scale_lr': 0.2996046251684687}. Best is trial 97 with value: 0.3587390516054769.
checkpoint_e22 window_influence: 0.52093587836040434, penalty_k: 0.01037119330785071, scale_lr: 0.33348239942855751, EAO: 0.331
Trial 206 finished with value: 0.3308751623686186 and parameters: {'window_influence': 0.5209358783604043, 'penalty_k': 0.010371193307850711, 'scale_lr': 0.3334823994285575}. Best is trial 97 with value: 0.3587390516054769.
checkpoint_e22 window_influence: 0.45703595965836513, penalty_k: 0.09788398197977276, scale_lr: 0.35551456981685736, EAO: 0.346
Trial 207 finished with value: 0.34577645958629566 and parameters: {'window_influence': 0.45703595965836513, 'penalty_k': 0.09788398197977276, 'scale_lr': 0.35551456981685736}. Best is trial 97 with value: 0.3587390516054769.
checkpoint_e22 window_influence: 0.45790639232494340, penalty_k: 0.09341189250653913, scale_lr: 0.31542755338185735, EAO: 0.324
Trial 208 finished with value: 0.32354151663381303 and parameters: {'window_influence': 0.4579063923249434, 'penalty_k': 0.09341189250653913, 'scale_lr': 0.31542755338185735}. Best is trial 97 with value: 0.3587390516054769.
checkpoint_e22 window_influence: 0.44477494265906792, penalty_k: 0.07878663502709581, scale_lr: 0.35574261611029684, EAO: 0.316
Trial 209 finished with value: 0.31632753870366614 and parameters: {'window_influence': 0.4447749426590679, 'penalty_k': 0.0787866350270958, 'scale_lr': 0.35574261611029684}. Best is trial 97 with value: 0.3587390516054769.
checkpoint_e22 window_influence: 0.49817034981414010, penalty_k: 0.36913044082694924, scale_lr: 0.44926548580704240, EAO: 0.288
Trial 210 finished with value: 0.2880444574796736 and parameters: {'window_influence': 0.4981703498141401, 'penalty_k': 0.36913044082694924, 'scale_lr': 0.4492654858070424}. Best is trial 97 with value: 0.3587390516054769.
checkpoint_e22 window_influence: 0.47784970674316546, penalty_k: 0.10478799825144128, scale_lr: 0.37813940230870396, EAO: 0.329
Trial 211 finished with value: 0.32894871369410117 and parameters: {'window_influence': 0.47784970674316546, 'penalty_k': 0.10478799825144128, 'scale_lr': 0.37813940230870396}. Best is trial 97 with value: 0.3587390516054769.
checkpoint_e22 window_influence: 0.46510418164143802, penalty_k: 0.11273017514736458, scale_lr: 0.34432844101134147, EAO: 0.330
Trial 212 finished with value: 0.3298713386290732 and parameters: {'window_influence': 0.465104181641438, 'penalty_k': 0.11273017514736458, 'scale_lr': 0.34432844101134147}. Best is trial 97 with value: 0.3587390516054769.
checkpoint_e22 window_influence: 0.47174334091101694, penalty_k: 0.09794069101387493, scale_lr: 0.36820745446912667, EAO: 0.329
Trial 213 finished with value: 0.32874610649008695 and parameters: {'window_influence': 0.47174334091101694, 'penalty_k': 0.09794069101387493, 'scale_lr': 0.36820745446912667}. Best is trial 97 with value: 0.3587390516054769.
checkpoint_e22 window_influence: 0.36077644073246301, penalty_k: 0.13065946884707952, scale_lr: 0.32780193149184317, EAO: 0.294
Trial 214 finished with value: 0.2940945224075466 and parameters: {'window_influence': 0.360776440732463, 'penalty_k': 0.13065946884707952, 'scale_lr': 0.32780193149184317}. Best is trial 97 with value: 0.3587390516054769.
checkpoint_e22 window_influence: 0.48548303164141987, penalty_k: 0.08622733926695650, scale_lr: 0.34506613062277053, EAO: 0.308
Trial 215 finished with value: 0.3076432625607294 and parameters: {'window_influence': 0.48548303164141987, 'penalty_k': 0.0862273392669565, 'scale_lr': 0.34506613062277053}. Best is trial 97 with value: 0.3587390516054769.
checkpoint_e22 window_influence: 0.45631077446568463, penalty_k: 0.12158725711999106, scale_lr: 0.28583551638265431, EAO: 0.316
Trial 216 finished with value: 0.31622948233719467 and parameters: {'window_influence': 0.45631077446568463, 'penalty_k': 0.12158725711999106, 'scale_lr': 0.2858355163826543}. Best is trial 97 with value: 0.3587390516054769.
checkpoint_e22 window_influence: 0.42832416582924770, penalty_k: 0.07314369437332999, scale_lr: 0.35925603832984732, EAO: 0.319
Trial 217 finished with value: 0.31858681003175354 and parameters: {'window_influence': 0.4283241658292477, 'penalty_k': 0.07314369437332999, 'scale_lr': 0.3592560383298473}. Best is trial 97 with value: 0.3587390516054769.
checkpoint_e22 window_influence: 0.33196021010934657, penalty_k: 0.10417947415961065, scale_lr: 0.31232353756820264, EAO: 0.299
Trial 218 finished with value: 0.29896222344864204 and parameters: {'window_influence': 0.33196021010934657, 'penalty_k': 0.10417947415961065, 'scale_lr': 0.31232353756820264}. Best is trial 97 with value: 0.3587390516054769.
checkpoint_e22 window_influence: 0.50883905154777198, penalty_k: 0.05963625855950973, scale_lr: 0.33328193920046800, EAO: 0.308
Trial 219 finished with value: 0.3078689388495939 and parameters: {'window_influence': 0.508839051547772, 'penalty_k': 0.059636258559509735, 'scale_lr': 0.333281939200468}. Best is trial 97 with value: 0.3587390516054769.
checkpoint_e22 window_influence: 0.26657209967764250, penalty_k: 0.09595914484807205, scale_lr: 0.38154371108207824, EAO: 0.294
Trial 220 finished with value: 0.29430660356111565 and parameters: {'window_influence': 0.2665720996776425, 'penalty_k': 0.09595914484807205, 'scale_lr': 0.38154371108207824}. Best is trial 97 with value: 0.3587390516054769.
checkpoint_e22 window_influence: 0.49048403071384505, penalty_k: 0.11250000166399789, scale_lr: 0.35881063360094378, EAO: 0.325
Trial 221 finished with value: 0.32471360011091494 and parameters: {'window_influence': 0.49048403071384505, 'penalty_k': 0.11250000166399789, 'scale_lr': 0.3588106336009438}. Best is trial 97 with value: 0.3587390516054769.
checkpoint_e22 window_influence: 0.47718383362579109, penalty_k: 0.10379621731100497, scale_lr: 0.29613614881382888, EAO: 0.329
Trial 222 finished with value: 0.32878543535095245 and parameters: {'window_influence': 0.4771838336257911, 'penalty_k': 0.10379621731100497, 'scale_lr': 0.2961361488138289}. Best is trial 97 with value: 0.3587390516054769.
checkpoint_e22 window_influence: 0.48769534491985694, penalty_k: 0.12598091187116772, scale_lr: 0.37332529399487197, EAO: 0.300
Trial 223 finished with value: 0.299908145972263 and parameters: {'window_influence': 0.48769534491985694, 'penalty_k': 0.12598091187116772, 'scale_lr': 0.37332529399487197}. Best is trial 97 with value: 0.3587390516054769.
checkpoint_e22 window_influence: 0.46512752565505000, penalty_k: 0.08503065904467541, scale_lr: 0.34311738908777334, EAO: 0.327
Trial 224 finished with value: 0.32721451017643227 and parameters: {'window_influence': 0.46512752565505, 'penalty_k': 0.08503065904467541, 'scale_lr': 0.34311738908777334}. Best is trial 97 with value: 0.3587390516054769.
checkpoint_e22 window_influence: 0.49516554252297185, penalty_k: 0.11008916784318187, scale_lr: 0.26406363732469212, EAO: 0.334
Trial 225 finished with value: 0.33374060104793146 and parameters: {'window_influence': 0.49516554252297185, 'penalty_k': 0.11008916784318187, 'scale_lr': 0.2640636373246921}. Best is trial 97 with value: 0.3587390516054769.
checkpoint_e22 window_influence: 0.44868856131038570, penalty_k: 0.09249610446186789, scale_lr: 0.32181855309062068, EAO: 0.314
Trial 226 finished with value: 0.3144444597138505 and parameters: {'window_influence': 0.4486885613103857, 'penalty_k': 0.09249610446186789, 'scale_lr': 0.3218185530906207}. Best is trial 97 with value: 0.3587390516054769.
checkpoint_e22 window_influence: 0.47718680607065661, penalty_k: 0.07393464405377767, scale_lr: 0.40293825600949779, EAO: 0.324
Trial 227 finished with value: 0.3237030591946168 and parameters: {'window_influence': 0.4771868060706566, 'penalty_k': 0.07393464405377767, 'scale_lr': 0.4029382560094978}. Best is trial 97 with value: 0.3587390516054769.
checkpoint_e22 window_influence: 0.50909644890948058, penalty_k: 0.55058436025082580, scale_lr: 0.23697981519452066, EAO: 0.285
Trial 228 finished with value: 0.28546146225140717 and parameters: {'window_influence': 0.5090964489094806, 'penalty_k': 0.5505843602508258, 'scale_lr': 0.23697981519452066}. Best is trial 97 with value: 0.3587390516054769.
checkpoint_e22 window_influence: 0.46065115750126417, penalty_k: 0.12174384025138923, scale_lr: 0.27903413176964220, EAO: 0.342
Trial 229 finished with value: 0.3415323448320307 and parameters: {'window_influence': 0.4606511575012642, 'penalty_k': 0.12174384025138923, 'scale_lr': 0.2790341317696422}. Best is trial 97 with value: 0.3587390516054769.
checkpoint_e22 window_influence: 0.43882847498992134, penalty_k: 0.13365711077069922, scale_lr: 0.27846473093789625, EAO: 0.327
Trial 230 finished with value: 0.3274924695375828 and parameters: {'window_influence': 0.43882847498992134, 'penalty_k': 0.13365711077069922, 'scale_lr': 0.27846473093789625}. Best is trial 97 with value: 0.3587390516054769.
checkpoint_e22 window_influence: 0.45763091111352738, penalty_k: 0.11925809611812066, scale_lr: 0.30078153506039423, EAO: 0.349
Trial 231 finished with value: 0.349067177753968 and parameters: {'window_influence': 0.4576309111135274, 'penalty_k': 0.11925809611812066, 'scale_lr': 0.30078153506039423}. Best is trial 97 with value: 0.3587390516054769.
checkpoint_e22 window_influence: 0.45759498096335866, penalty_k: 0.11932378467109520, scale_lr: 0.30058173186219728, EAO: 0.338
Trial 232 finished with value: 0.3378171663339964 and parameters: {'window_influence': 0.45759498096335866, 'penalty_k': 0.1193237846710952, 'scale_lr': 0.3005817318621973}. Best is trial 97 with value: 0.3587390516054769.
checkpoint_e22 window_influence: 0.45773745342424832, penalty_k: 0.12378022951759185, scale_lr: 0.29599006806180866, EAO: 0.317
Trial 233 finished with value: 0.31672023004826866 and parameters: {'window_influence': 0.4577374534242483, 'penalty_k': 0.12378022951759185, 'scale_lr': 0.29599006806180866}. Best is trial 97 with value: 0.3587390516054769.
checkpoint_e22 window_influence: 0.45345398074796389, penalty_k: 0.11665638973024217, scale_lr: 0.30551707148210683, EAO: 0.318
Trial 234 finished with value: 0.31838780380640513 and parameters: {'window_influence': 0.4534539807479639, 'penalty_k': 0.11665638973024217, 'scale_lr': 0.30551707148210683}. Best is trial 97 with value: 0.3587390516054769.
checkpoint_e22 window_influence: 0.44224754056777865, penalty_k: 0.13902930413308412, scale_lr: 0.27912826068917074, EAO: 0.324
Trial 235 finished with value: 0.3236484986798773 and parameters: {'window_influence': 0.44224754056777865, 'penalty_k': 0.13902930413308412, 'scale_lr': 0.27912826068917074}. Best is trial 97 with value: 0.3587390516054769.
checkpoint_e22 window_influence: 0.15645555632762922, penalty_k: 0.14658872015983782, scale_lr: 0.29152755876333619, EAO: 0.264
Trial 236 finished with value: 0.26397299662174417 and parameters: {'window_influence': 0.15645555632762922, 'penalty_k': 0.14658872015983782, 'scale_lr': 0.2915275587633362}. Best is trial 97 with value: 0.3587390516054769.
checkpoint_e22 window_influence: 0.46683376194729403, penalty_k: 0.27791325129321187, scale_lr: 0.32376997212594505, EAO: 0.329
Trial 237 finished with value: 0.3290881004894754 and parameters: {'window_influence': 0.46683376194729403, 'penalty_k': 0.27791325129321187, 'scale_lr': 0.32376997212594505}. Best is trial 97 with value: 0.3587390516054769.
checkpoint_e22 window_influence: 0.19746855849914308, penalty_k: 0.25687654255233716, scale_lr: 0.30850100353006382, EAO: 0.279
Trial 238 finished with value: 0.27895926194200255 and parameters: {'window_influence': 0.19746855849914308, 'penalty_k': 0.25687654255233716, 'scale_lr': 0.3085010035300638}. Best is trial 97 with value: 0.3587390516054769.
checkpoint_e22 window_influence: 0.40864469984786489, penalty_k: 0.19368741540609433, scale_lr: 0.27509828409134301, EAO: 0.308
Trial 239 finished with value: 0.3077574248211857 and parameters: {'window_influence': 0.4086446998478649, 'penalty_k': 0.19368741540609433, 'scale_lr': 0.275098284091343}. Best is trial 97 with value: 0.3587390516054769.
checkpoint_e22 window_influence: 0.43364259988610765, penalty_k: 0.12563629224535125, scale_lr: 0.31372476560853713, EAO: 0.302
Trial 240 finished with value: 0.30181960645584743 and parameters: {'window_influence': 0.43364259988610765, 'penalty_k': 0.12563629224535125, 'scale_lr': 0.3137247656085371}. Best is trial 97 with value: 0.3587390516054769.
checkpoint_e22 window_influence: 0.47329822756838497, penalty_k: 0.29451838508009670, scale_lr: 0.35508583982080261, EAO: 0.325
Trial 241 finished with value: 0.324926763946908 and parameters: {'window_influence': 0.47329822756838497, 'penalty_k': 0.2945183850800967, 'scale_lr': 0.3550858398208026}. Best is trial 97 with value: 0.3587390516054769.
checkpoint_e22 window_influence: 0.46060680844703694, penalty_k: 0.10420074142618739, scale_lr: 0.79072919373327388, EAO: 0.323
Trial 242 finished with value: 0.32310359678611683 and parameters: {'window_influence': 0.46060680844703694, 'penalty_k': 0.10420074142618739, 'scale_lr': 0.7907291937332739}. Best is trial 97 with value: 0.3587390516054769.
checkpoint_e22 window_influence: 0.46995149260555980, penalty_k: 0.11155976790358527, scale_lr: 0.33775510913243068, EAO: 0.339
Trial 243 finished with value: 0.3386592358234791 and parameters: {'window_influence': 0.4699514926055598, 'penalty_k': 0.11155976790358527, 'scale_lr': 0.3377551091324307}. Best is trial 97 with value: 0.3587390516054769.
checkpoint_e22 window_influence: 0.45149510771399415, penalty_k: 0.11425399072720950, scale_lr: 0.33208898573256573, EAO: 0.332
Trial 244 finished with value: 0.3324642695109668 and parameters: {'window_influence': 0.45149510771399415, 'penalty_k': 0.1142539907272095, 'scale_lr': 0.33208898573256573}. Best is trial 97 with value: 0.3587390516054769.
checkpoint_e22 window_influence: 0.48204394634867431, penalty_k: 0.09661324902997366, scale_lr: 0.33752855895381234, EAO: 0.343
Trial 245 finished with value: 0.34285649622460745 and parameters: {'window_influence': 0.4820439463486743, 'penalty_k': 0.09661324902997366, 'scale_lr': 0.33752855895381234}. Best is trial 97 with value: 0.3587390516054769.
checkpoint_e22 window_influence: 0.48237294910309114, penalty_k: 0.08969523963855550, scale_lr: 0.33758400303669261, EAO: 0.329
Trial 246 finished with value: 0.32885935148840284 and parameters: {'window_influence': 0.48237294910309114, 'penalty_k': 0.0896952396385555, 'scale_lr': 0.3375840030366926}. Best is trial 97 with value: 0.3587390516054769.
checkpoint_e22 window_influence: 0.46412874002720766, penalty_k: 0.09801758655516697, scale_lr: 0.34758555476012687, EAO: 0.334
Trial 247 finished with value: 0.3337987627732615 and parameters: {'window_influence': 0.46412874002720766, 'penalty_k': 0.09801758655516697, 'scale_lr': 0.34758555476012687}. Best is trial 97 with value: 0.3587390516054769.
checkpoint_e22 window_influence: 0.47412530401629183, penalty_k: 0.08471499013190424, scale_lr: 0.32354071901296361, EAO: 0.335
