Trial 1152 finished with value: 0.3378591078264704 and parameters: {'window_influence': 0.45191826117021444, 'penalty_k': 0.17111678085503482, 'scale_lr': 0.7314041801114333}. Best is trial 896 with value: 0.3777425812144224.
checkpoint_e33 window_influence: 0.49593405030122867, penalty_k: 0.10053566188925887, scale_lr: 0.49055933388849227, EAO: 0.353
Trial 1153 finished with value: 0.35301208820788316 and parameters: {'window_influence': 0.49593405030122867, 'penalty_k': 0.10053566188925887, 'scale_lr': 0.49055933388849227}. Best is trial 896 with value: 0.3777425812144224.
checkpoint_e33 window_influence: 0.53276427436194485, penalty_k: 0.11729931191364937, scale_lr: 0.38497886816217919, EAO: 0.314
Trial 1154 finished with value: 0.3141491570825243 and parameters: {'window_influence': 0.5327642743619448, 'penalty_k': 0.11729931191364937, 'scale_lr': 0.3849788681621792}. Best is trial 896 with value: 0.3777425812144224.
checkpoint_e33 window_influence: 0.43787936257625426, penalty_k: 0.07937292569265748, scale_lr: 0.43841149145281783, EAO: 0.326
Trial 1155 finished with value: 0.32564246619721793 and parameters: {'window_influence': 0.43787936257625426, 'penalty_k': 0.07937292569265748, 'scale_lr': 0.4384114914528178}. Best is trial 896 with value: 0.3777425812144224.
checkpoint_e33 window_influence: 0.46727542454360221, penalty_k: 0.19429303735744191, scale_lr: 0.57933404649994280, EAO: 0.343
Trial 1156 finished with value: 0.34312480096687137 and parameters: {'window_influence': 0.4672754245436022, 'penalty_k': 0.1942930373574419, 'scale_lr': 0.5793340464999428}. Best is trial 896 with value: 0.3777425812144224.
checkpoint_e33 window_influence: 0.48262971416212141, penalty_k: 0.35657569320876592, scale_lr: 0.13628260510962625, EAO: 0.318
Trial 1157 finished with value: 0.31767363492616885 and parameters: {'window_influence': 0.4826297141621214, 'penalty_k': 0.3565756932087659, 'scale_lr': 0.13628260510962625}. Best is trial 896 with value: 0.3777425812144224.
checkpoint_e33 window_influence: 0.51963854372667817, penalty_k: 0.22762684419471146, scale_lr: 0.21738218463693884, EAO: 0.337
Trial 1158 finished with value: 0.3374361904910566 and parameters: {'window_influence': 0.5196385437266782, 'penalty_k': 0.22762684419471146, 'scale_lr': 0.21738218463693884}. Best is trial 896 with value: 0.3777425812144224.
checkpoint_e33 window_influence: 0.49137472397864967, penalty_k: 0.00996182127025987, scale_lr: 0.55053325052455837, EAO: 0.343
Trial 1159 finished with value: 0.34281885392007194 and parameters: {'window_influence': 0.4913747239786497, 'penalty_k': 0.009961821270259874, 'scale_lr': 0.5505332505245584}. Best is trial 896 with value: 0.3777425812144224.
checkpoint_e33 window_influence: 0.60167148312705554, penalty_k: 0.27384970443069268, scale_lr: 0.45819812365775736, EAO: 0.254
Trial 1160 finished with value: 0.2540635664291419 and parameters: {'window_influence': 0.6016714831270555, 'penalty_k': 0.2738497044306927, 'scale_lr': 0.45819812365775736}. Best is trial 896 with value: 0.3777425812144224.
checkpoint_e33 window_influence: 0.37234273905711324, penalty_k: 0.33847869803288694, scale_lr: 0.70288196504630251, EAO: 0.299
Trial 1161 finished with value: 0.29904981659080265 and parameters: {'window_influence': 0.37234273905711324, 'penalty_k': 0.33847869803288694, 'scale_lr': 0.7028819650463025}. Best is trial 896 with value: 0.3777425812144224.
checkpoint_e33 window_influence: 0.08429497241576628, penalty_k: 0.02129491199749726, scale_lr: 0.61178192435299550, EAO: 0.256
Trial 1162 finished with value: 0.25647047625905345 and parameters: {'window_influence': 0.08429497241576628, 'penalty_k': 0.021294911997497258, 'scale_lr': 0.6117819243529955}. Best is trial 896 with value: 0.3777425812144224.
checkpoint_e33 window_influence: 0.50914188743719757, penalty_k: 0.04184661230895848, scale_lr: 0.11446137726606009, EAO: 0.350
Trial 1163 finished with value: 0.34967994156514626 and parameters: {'window_influence': 0.5091418874371976, 'penalty_k': 0.04184661230895848, 'scale_lr': 0.1144613772660601}. Best is trial 896 with value: 0.3777425812144224.
checkpoint_e33 window_influence: 0.45307221515160251, penalty_k: 0.24630520752303176, scale_lr: 0.19930586704578032, EAO: 0.330
Trial 1164 finished with value: 0.32992503783350324 and parameters: {'window_influence': 0.4530722151516025, 'penalty_k': 0.24630520752303176, 'scale_lr': 0.19930586704578032}. Best is trial 896 with value: 0.3777425812144224.
checkpoint_e33 window_influence: 0.47392674583284455, penalty_k: 0.05878077768730090, scale_lr: 0.47317614779854927, EAO: 0.356
Trial 1165 finished with value: 0.3563484447475537 and parameters: {'window_influence': 0.47392674583284455, 'penalty_k': 0.0587807776873009, 'scale_lr': 0.4731761477985493}. Best is trial 896 with value: 0.3777425812144224.
checkpoint_e33 window_influence: 0.46516173501146857, penalty_k: 0.03262971322348290, scale_lr: 0.49983664543875855, EAO: 0.345
Trial 1166 finished with value: 0.34500206340147827 and parameters: {'window_influence': 0.46516173501146857, 'penalty_k': 0.032629713223482903, 'scale_lr': 0.49983664543875855}. Best is trial 896 with value: 0.3777425812144224.
checkpoint_e33 window_influence: 0.57335194595717287, penalty_k: 0.12673019950196876, scale_lr: 0.23274624082580669, EAO: 0.295
Trial 1167 finished with value: 0.29475068970644985 and parameters: {'window_influence': 0.5733519459571729, 'penalty_k': 0.12673019950196876, 'scale_lr': 0.2327462408258067}. Best is trial 896 with value: 0.3777425812144224.
checkpoint_e33 window_influence: 0.43986470951934464, penalty_k: 0.26162791117819878, scale_lr: 0.67574984818074635, EAO: 0.352
Trial 1168 finished with value: 0.3522048356004262 and parameters: {'window_influence': 0.43986470951934464, 'penalty_k': 0.2616279111781988, 'scale_lr': 0.6757498481807463}. Best is trial 896 with value: 0.3777425812144224.
checkpoint_e33 window_influence: 0.50142473440802848, penalty_k: 0.07522571533107129, scale_lr: 0.57134640856797425, EAO: 0.324
Trial 1169 finished with value: 0.32390600651618573 and parameters: {'window_influence': 0.5014247344080285, 'penalty_k': 0.0752257153310713, 'scale_lr': 0.5713464085679743}. Best is trial 896 with value: 0.3777425812144224.
checkpoint_e33 window_influence: 0.48509154314267272, penalty_k: 0.17825255952136959, scale_lr: 0.26738060003863517, EAO: 0.341
Trial 1170 finished with value: 0.3410654471542121 and parameters: {'window_influence': 0.4850915431426727, 'penalty_k': 0.1782525595213696, 'scale_lr': 0.2673806000386352}. Best is trial 896 with value: 0.3777425812144224.
checkpoint_e33 window_influence: 0.45679701714567583, penalty_k: 0.14677575565097722, scale_lr: 0.30526913180356180, EAO: 0.331
Trial 1171 finished with value: 0.33109858371172435 and parameters: {'window_influence': 0.45679701714567583, 'penalty_k': 0.14677575565097722, 'scale_lr': 0.3052691318035618}. Best is trial 896 with value: 0.3777425812144224.
checkpoint_e33 window_influence: 0.10601597186715273, penalty_k: 0.02251157920471634, scale_lr: 0.40006420219572514, EAO: 0.251
Trial 1172 finished with value: 0.2514355927705765 and parameters: {'window_influence': 0.10601597186715273, 'penalty_k': 0.022511579204716338, 'scale_lr': 0.40006420219572514}. Best is trial 896 with value: 0.3777425812144224.
checkpoint_e33 window_influence: 0.19937123306023535, penalty_k: 0.04845680770508883, scale_lr: 0.35245445887772836, EAO: 0.280
Trial 1173 finished with value: 0.2803806482817876 and parameters: {'window_influence': 0.19937123306023535, 'penalty_k': 0.048456807705088825, 'scale_lr': 0.35245445887772836}. Best is trial 896 with value: 0.3777425812144224.
checkpoint_e33 window_influence: 0.06361006056014651, penalty_k: 0.06633908357987739, scale_lr: 0.16949325511259572, EAO: 0.247
Trial 1174 finished with value: 0.2468251191688419 and parameters: {'window_influence': 0.06361006056014651, 'penalty_k': 0.06633908357987739, 'scale_lr': 0.16949325511259572}. Best is trial 896 with value: 0.3777425812144224.
checkpoint_e33 window_influence: 0.47316166833565543, penalty_k: 0.32173808544701554, scale_lr: 0.45316678050072168, EAO: 0.326
Trial 1175 finished with value: 0.3256947296718679 and parameters: {'window_influence': 0.4731616683356554, 'penalty_k': 0.32173808544701554, 'scale_lr': 0.4531667805007217}. Best is trial 896 with value: 0.3777425812144224.
checkpoint_e33 window_influence: 0.55266578569817915, penalty_k: 0.09107677331583136, scale_lr: 0.75656899056452731, EAO: 0.300
Trial 1176 finished with value: 0.30025961728411427 and parameters: {'window_influence': 0.5526657856981791, 'penalty_k': 0.09107677331583136, 'scale_lr': 0.7565689905645273}. Best is trial 896 with value: 0.3777425812144224.
checkpoint_e33 window_influence: 0.49430214107227244, penalty_k: 0.28445251929399440, scale_lr: 0.59460615345869339, EAO: 0.323
Trial 1177 finished with value: 0.3227838622224934 and parameters: {'window_influence': 0.49430214107227244, 'penalty_k': 0.2844525192939944, 'scale_lr': 0.5946061534586934}. Best is trial 896 with value: 0.3777425812144224.
checkpoint_e33 window_influence: 0.15726969061750740, penalty_k: 0.21354055457218882, scale_lr: 0.36395383758466260, EAO: 0.270
Trial 1178 finished with value: 0.2704566342589456 and parameters: {'window_influence': 0.1572696906175074, 'penalty_k': 0.21354055457218882, 'scale_lr': 0.3639538375846626}. Best is trial 896 with value: 0.3777425812144224.
checkpoint_e33 window_influence: 0.28942676902171888, penalty_k: 0.16126325113959389, scale_lr: 0.28252039409198998, EAO: 0.309
Trial 1179 finished with value: 0.30938400507900965 and parameters: {'window_influence': 0.2894267690217189, 'penalty_k': 0.1612632511395939, 'scale_lr': 0.28252039409199}. Best is trial 896 with value: 0.3777425812144224.
checkpoint_e33 window_influence: 0.51311203028258612, penalty_k: 0.10875936394030281, scale_lr: 0.48419530447589199, EAO: 0.321
Trial 1180 finished with value: 0.3214849848227742 and parameters: {'window_influence': 0.5131120302825861, 'penalty_k': 0.1087593639403028, 'scale_lr': 0.484195304475892}. Best is trial 896 with value: 0.3777425812144224.
checkpoint_e33 window_influence: 0.06359106415350085, penalty_k: 0.22970348260347342, scale_lr: 0.25374617319482745, EAO: 0.252
Trial 1181 finished with value: 0.2524616510139829 and parameters: {'window_influence': 0.06359106415350085, 'penalty_k': 0.22970348260347342, 'scale_lr': 0.25374617319482745}. Best is trial 896 with value: 0.3777425812144224.
checkpoint_e33 window_influence: 0.48027999336455257, penalty_k: 0.01003621882228621, scale_lr: 0.73721747511911395, EAO: 0.335
Trial 1182 finished with value: 0.33467708510647487 and parameters: {'window_influence': 0.48027999336455257, 'penalty_k': 0.010036218822286207, 'scale_lr': 0.737217475119114}. Best is trial 896 with value: 0.3777425812144224.
checkpoint_e33 window_influence: 0.33862597136535078, penalty_k: 0.13990711718962473, scale_lr: 0.42506185603733232, EAO: 0.320
Trial 1183 finished with value: 0.3197521688525315 and parameters: {'window_influence': 0.3386259713653508, 'penalty_k': 0.13990711718962473, 'scale_lr': 0.4250618560373323}. Best is trial 896 with value: 0.3777425812144224.
checkpoint_e33 window_influence: 0.11942445271506039, penalty_k: 0.03484304426020065, scale_lr: 0.46720788169174193, EAO: 0.256
Trial 1184 finished with value: 0.25584560539935813 and parameters: {'window_influence': 0.11942445271506039, 'penalty_k': 0.03484304426020065, 'scale_lr': 0.46720788169174193}. Best is trial 896 with value: 0.3777425812144224.
checkpoint_e33 window_influence: 0.43049775963267117, penalty_k: 0.08346501045547006, scale_lr: 0.62542186735399563, EAO: 0.343
Trial 1185 finished with value: 0.3429587816217994 and parameters: {'window_influence': 0.4304977596326712, 'penalty_k': 0.08346501045547006, 'scale_lr': 0.6254218673539956}. Best is trial 896 with value: 0.3777425812144224.
checkpoint_e33 window_influence: 0.24139855847465197, penalty_k: 0.05650077180593285, scale_lr: 0.78711535766380314, EAO: 0.301
Trial 1186 finished with value: 0.30069103993562407 and parameters: {'window_influence': 0.24139855847465197, 'penalty_k': 0.056500771805932846, 'scale_lr': 0.7871153576638031}. Best is trial 896 with value: 0.3777425812144224.
checkpoint_e33 window_influence: 0.20680370416521215, penalty_k: 0.20338132378775042, scale_lr: 0.71497207669759733, EAO: 0.276
Trial 1187 finished with value: 0.2760832216953025 and parameters: {'window_influence': 0.20680370416521215, 'penalty_k': 0.20338132378775042, 'scale_lr': 0.7149720766975973}. Best is trial 896 with value: 0.3777425812144224.
checkpoint_e33 window_influence: 0.54369183001873189, penalty_k: 0.30703942848757709, scale_lr: 0.55680026804552851, EAO: 0.285
Trial 1188 finished with value: 0.28452326270392897 and parameters: {'window_influence': 0.5436918300187319, 'penalty_k': 0.3070394284875771, 'scale_lr': 0.5568002680455285}. Best is trial 896 with value: 0.3777425812144224.
checkpoint_e33 window_influence: 0.09987151572668485, penalty_k: 0.02032708607295888, scale_lr: 0.43808161798038558, EAO: 0.249
Trial 1189 finished with value: 0.24930238428050905 and parameters: {'window_influence': 0.09987151572668485, 'penalty_k': 0.020327086072958876, 'scale_lr': 0.4380816179803856}. Best is trial 896 with value: 0.3777425812144224.
checkpoint_e33 window_influence: 0.44840214022973035, penalty_k: 0.18036146551472168, scale_lr: 0.37393981671156040, EAO: 0.332
Trial 1190 finished with value: 0.3317202189321184 and parameters: {'window_influence': 0.44840214022973035, 'penalty_k': 0.18036146551472168, 'scale_lr': 0.3739398167115604}. Best is trial 896 with value: 0.3777425812144224.
checkpoint_e33 window_influence: 0.46344236626370261, penalty_k: 0.19041001482657605, scale_lr: 0.68665231194576770, EAO: 0.366
Trial 1191 finished with value: 0.3662780026981339 and parameters: {'window_influence': 0.4634423662637026, 'penalty_k': 0.19041001482657605, 'scale_lr': 0.6866523119457677}. Best is trial 896 with value: 0.3777425812144224.
checkpoint_e33 window_influence: 0.30944233187629488, penalty_k: 0.16565885806245484, scale_lr: 0.68402250184512070, EAO: 0.313
Trial 1192 finished with value: 0.3126552562421398 and parameters: {'window_influence': 0.3094423318762949, 'penalty_k': 0.16565885806245484, 'scale_lr': 0.6840225018451207}. Best is trial 896 with value: 0.3777425812144224.
checkpoint_e33 window_influence: 0.45721037169788065, penalty_k: 0.00025429475301500, scale_lr: 0.68501454892232083, EAO: 0.349
Trial 1193 finished with value: 0.3485304536986444 and parameters: {'window_influence': 0.45721037169788065, 'penalty_k': 0.00025429475301499624, 'scale_lr': 0.6850145489223208}. Best is trial 896 with value: 0.3777425812144224.
checkpoint_e33 window_influence: 0.44554690447391088, penalty_k: 0.19277706969509006, scale_lr: 0.66682098904482934, EAO: 0.338
Trial 1194 finished with value: 0.338209568410532 and parameters: {'window_influence': 0.4455469044739109, 'penalty_k': 0.19277706969509006, 'scale_lr': 0.6668209890448293}. Best is trial 896 with value: 0.3777425812144224.
checkpoint_e33 window_influence: 0.59178799567812845, penalty_k: 0.04470201050850670, scale_lr: 0.69624437355499258, EAO: 0.258
Trial 1195 finished with value: 0.25776164007557967 and parameters: {'window_influence': 0.5917879956781285, 'penalty_k': 0.044702010508506695, 'scale_lr': 0.6962443735549926}. Best is trial 896 with value: 0.3777425812144224.
checkpoint_e33 window_influence: 0.46205153907342555, penalty_k: 0.15637997995913328, scale_lr: 0.71380178625074397, EAO: 0.360
Trial 1196 finished with value: 0.3600674088363054 and parameters: {'window_influence': 0.46205153907342555, 'penalty_k': 0.15637997995913328, 'scale_lr': 0.713801786250744}. Best is trial 896 with value: 0.3777425812144224.
checkpoint_e33 window_influence: 0.43809311818514357, penalty_k: 0.16268375177727898, scale_lr: 0.72116146129335312, EAO: 0.331
Trial 1197 finished with value: 0.33109863003868073 and parameters: {'window_influence': 0.43809311818514357, 'penalty_k': 0.16268375177727898, 'scale_lr': 0.7211614612933531}. Best is trial 896 with value: 0.3777425812144224.
checkpoint_e33 window_influence: 0.46291334949464275, penalty_k: 0.15206837694031686, scale_lr: 0.69833207625377614, EAO: 0.340
Trial 1198 finished with value: 0.3400639382549761 and parameters: {'window_influence': 0.46291334949464275, 'penalty_k': 0.15206837694031686, 'scale_lr': 0.6983320762537761}. Best is trial 896 with value: 0.3777425812144224.
checkpoint_e33 window_influence: 0.26046881777822173, penalty_k: 0.17356996981420189, scale_lr: 0.71567493245907732, EAO: 0.295
Trial 1199 finished with value: 0.2953248275045291 and parameters: {'window_influence': 0.26046881777822173, 'penalty_k': 0.1735699698142019, 'scale_lr': 0.7156749324590773}. Best is trial 896 with value: 0.3777425812144224.
checkpoint_e33 window_influence: 0.42629145487291392, penalty_k: 0.16413713519386039, scale_lr: 0.69850325464255947, EAO: 0.332
Trial 1200 finished with value: 0.33157582470879016 and parameters: {'window_influence': 0.4262914548729139, 'penalty_k': 0.1641371351938604, 'scale_lr': 0.6985032546425595}. Best is trial 896 with value: 0.3777425812144224.
checkpoint_e33 window_influence: 0.45145076035119303, penalty_k: 0.14733415752625684, scale_lr: 0.70240741922455119, EAO: 0.333
Trial 1201 finished with value: 0.3333545511566711 and parameters: {'window_influence': 0.451450760351193, 'penalty_k': 0.14733415752625684, 'scale_lr': 0.7024074192245512}. Best is trial 896 with value: 0.3777425812144224.
checkpoint_e33 window_influence: 0.36015170639160810, penalty_k: 0.18330813308093946, scale_lr: 0.73377255118302531, EAO: 0.320
Trial 1202 finished with value: 0.3199900865322885 and parameters: {'window_influence': 0.3601517063916081, 'penalty_k': 0.18330813308093946, 'scale_lr': 0.7337725511830253}. Best is trial 896 with value: 0.3777425812144224.
checkpoint_e33 window_influence: 0.43788431976619369, penalty_k: 0.13789289026623827, scale_lr: 0.68719981817372289, EAO: 0.316
Trial 1203 finished with value: 0.3162048294966323 and parameters: {'window_influence': 0.4378843197661937, 'penalty_k': 0.13789289026623827, 'scale_lr': 0.6871998181737229}. Best is trial 896 with value: 0.3777425812144224.
checkpoint_e33 window_influence: 0.45989359738770397, penalty_k: 0.17341295452852057, scale_lr: 0.50490608518067071, EAO: 0.362
Trial 1204 finished with value: 0.3618960915140605 and parameters: {'window_influence': 0.45989359738770397, 'penalty_k': 0.17341295452852057, 'scale_lr': 0.5049060851806707}. Best is trial 896 with value: 0.3777425812144224.
checkpoint_e33 window_influence: 0.45717098026440905, penalty_k: 0.17142538239224309, scale_lr: 0.50419655112446116, EAO: 0.349
Trial 1205 finished with value: 0.34919632837930076 and parameters: {'window_influence': 0.45717098026440905, 'penalty_k': 0.1714253823922431, 'scale_lr': 0.5041965511244612}. Best is trial 896 with value: 0.3777425812144224.
checkpoint_e33 window_influence: 0.46553563330529107, penalty_k: 0.15675844006787976, scale_lr: 0.52344347108183209, EAO: 0.337
Trial 1206 finished with value: 0.3374688038566233 and parameters: {'window_influence': 0.4655356333052911, 'penalty_k': 0.15675844006787976, 'scale_lr': 0.5234434710818321}. Best is trial 896 with value: 0.3777425812144224.
checkpoint_e33 window_influence: 0.46704507284591068, penalty_k: 0.17611376316723654, scale_lr: 0.50591919330784363, EAO: 0.342
Trial 1207 finished with value: 0.34158162245026824 and parameters: {'window_influence': 0.4670450728459107, 'penalty_k': 0.17611376316723654, 'scale_lr': 0.5059191933078436}. Best is trial 896 with value: 0.3777425812144224.
checkpoint_e33 window_influence: 0.45011109764219887, penalty_k: 0.15586201316053891, scale_lr: 0.52823271144668482, EAO: 0.328
Trial 1208 finished with value: 0.3284711568735917 and parameters: {'window_influence': 0.45011109764219887, 'penalty_k': 0.1558620131605389, 'scale_lr': 0.5282327114466848}. Best is trial 896 with value: 0.3777425812144224.
checkpoint_e33 window_influence: 0.46384622192935993, penalty_k: 0.18868054259967595, scale_lr: 0.49694171734638004, EAO: 0.344
Trial 1209 finished with value: 0.34420583695753076 and parameters: {'window_influence': 0.4638462219293599, 'penalty_k': 0.18868054259967595, 'scale_lr': 0.49694171734638004}. Best is trial 896 with value: 0.3777425812144224.
checkpoint_e33 window_influence: 0.47412429091489938, penalty_k: 0.18022370118335684, scale_lr: 0.48533644622361155, EAO: 0.350
Trial 1210 finished with value: 0.349898673101158 and parameters: {'window_influence': 0.4741242909148994, 'penalty_k': 0.18022370118335684, 'scale_lr': 0.48533644622361155}. Best is trial 896 with value: 0.3777425812144224.
checkpoint_e33 window_influence: 0.45459398413906454, penalty_k: 0.16987283384733415, scale_lr: 0.47459662551856968, EAO: 0.355
Trial 1211 finished with value: 0.3549045112114472 and parameters: {'window_influence': 0.45459398413906454, 'penalty_k': 0.16987283384733415, 'scale_lr': 0.4745966255185697}. Best is trial 896 with value: 0.3777425812144224.
checkpoint_e33 window_influence: 0.46740094265538751, penalty_k: 0.15691374991504145, scale_lr: 0.54125988701524441, EAO: 0.350
Trial 1212 finished with value: 0.34983055218184506 and parameters: {'window_influence': 0.4674009426553875, 'penalty_k': 0.15691374991504145, 'scale_lr': 0.5412598870152444}. Best is trial 896 with value: 0.3777425812144224.
checkpoint_e33 window_influence: 0.45917519141487173, penalty_k: 0.14452925885825960, scale_lr: 0.50789366013783166, EAO: 0.340
Trial 1213 finished with value: 0.3402791495221134 and parameters: {'window_influence': 0.45917519141487173, 'penalty_k': 0.1445292588582596, 'scale_lr': 0.5078936601378317}. Best is trial 896 with value: 0.3777425812144224.
checkpoint_e33 window_influence: 0.53038864535257058, penalty_k: 0.16998810003268100, scale_lr: 0.49233853790322757, EAO: 0.305
