Trial 1771 finished with value: 0.35602298355751927 and parameters: {'window_influence': 0.4631980994629903, 'penalty_k': 0.2356093015761192, 'scale_lr': 0.7102991305818701}. Best is trial 1674 with value: 0.38142600678748195.
checkpoint_e33 window_influence: 0.53663982687831002, penalty_k: 0.13651445636496856, scale_lr: 0.59921713524701348, EAO: 0.313
Trial 1772 finished with value: 0.3134882697683364 and parameters: {'window_influence': 0.53663982687831, 'penalty_k': 0.13651445636496856, 'scale_lr': 0.5992171352470135}. Best is trial 1674 with value: 0.38142600678748195.
checkpoint_e33 window_influence: 0.38258681531517191, penalty_k: 0.05730627715229128, scale_lr: 0.69207266217660024, EAO: 0.333
Trial 1773 finished with value: 0.3330305309727034 and parameters: {'window_influence': 0.3825868153151719, 'penalty_k': 0.05730627715229128, 'scale_lr': 0.6920726621766002}. Best is trial 1674 with value: 0.38142600678748195.
checkpoint_e33 window_influence: 0.45028392341249096, penalty_k: 0.20379253993043941, scale_lr: 0.74563561399142397, EAO: 0.331
Trial 1774 finished with value: 0.3311199668780375 and parameters: {'window_influence': 0.45028392341249096, 'penalty_k': 0.20379253993043941, 'scale_lr': 0.745635613991424}. Best is trial 1674 with value: 0.38142600678748195.
checkpoint_e33 window_influence: 0.15332809662566924, penalty_k: 0.11897914406186194, scale_lr: 0.32677950148365781, EAO: 0.276
Trial 1775 finished with value: 0.2756151860210218 and parameters: {'window_influence': 0.15332809662566924, 'penalty_k': 0.11897914406186194, 'scale_lr': 0.3267795014836578}. Best is trial 1674 with value: 0.38142600678748195.
checkpoint_e33 window_influence: 0.49969878906264459, penalty_k: 0.26533210470296442, scale_lr: 0.25474435494249570, EAO: 0.330
Trial 1776 finished with value: 0.3295497066315974 and parameters: {'window_influence': 0.4996987890626446, 'penalty_k': 0.2653321047029644, 'scale_lr': 0.2547443549424957}. Best is trial 1674 with value: 0.38142600678748195.
checkpoint_e33 window_influence: 0.33777277047573218, penalty_k: 0.15436436396032915, scale_lr: 0.51164339220115496, EAO: 0.315
Trial 1777 finished with value: 0.3147495615691063 and parameters: {'window_influence': 0.3377727704757322, 'penalty_k': 0.15436436396032915, 'scale_lr': 0.511643392201155}. Best is trial 1674 with value: 0.38142600678748195.
checkpoint_e33 window_influence: 0.47410534490799228, penalty_k: 0.02546662000804740, scale_lr: 0.21195282043683117, EAO: 0.343
Trial 1778 finished with value: 0.34271225889833057 and parameters: {'window_influence': 0.4741053449079923, 'penalty_k': 0.0254666200080474, 'scale_lr': 0.21195282043683117}. Best is trial 1674 with value: 0.38142600678748195.
checkpoint_e33 window_influence: 0.64992749587235665, penalty_k: 0.28318954661666451, scale_lr: 0.40311683620587363, EAO: 0.229
Trial 1779 finished with value: 0.2285801992690053 and parameters: {'window_influence': 0.6499274958723567, 'penalty_k': 0.2831895466166645, 'scale_lr': 0.40311683620587363}. Best is trial 1674 with value: 0.38142600678748195.
checkpoint_e33 window_influence: 0.48906816642723189, penalty_k: 0.24512588177402014, scale_lr: 0.57697512332918377, EAO: 0.349
Trial 1780 finished with value: 0.34921569049590295 and parameters: {'window_influence': 0.4890681664272319, 'penalty_k': 0.24512588177402014, 'scale_lr': 0.5769751233291838}. Best is trial 1674 with value: 0.38142600678748195.
checkpoint_e33 window_influence: 0.51822446987469550, penalty_k: 0.04246522186097637, scale_lr: 0.52801878768433652, EAO: 0.332
Trial 1781 finished with value: 0.33201678555299335 and parameters: {'window_influence': 0.5182244698746955, 'penalty_k': 0.04246522186097637, 'scale_lr': 0.5280187876843365}. Best is trial 1674 with value: 0.38142600678748195.
checkpoint_e33 window_influence: 0.46424769638564078, penalty_k: 0.09212655663163302, scale_lr: 0.17132079389744445, EAO: 0.345
Trial 1782 finished with value: 0.3453303321558214 and parameters: {'window_influence': 0.4642476963856408, 'penalty_k': 0.09212655663163302, 'scale_lr': 0.17132079389744445}. Best is trial 1674 with value: 0.38142600678748195.
checkpoint_e33 window_influence: 0.43133680044674533, penalty_k: 0.16570296254321820, scale_lr: 0.76112080183083841, EAO: 0.322
Trial 1783 finished with value: 0.32195293004642667 and parameters: {'window_influence': 0.4313368004467453, 'penalty_k': 0.1657029625432182, 'scale_lr': 0.7611208018308384}. Best is trial 1674 with value: 0.38142600678748195.
checkpoint_e33 window_influence: 0.44582134840321164, penalty_k: 0.29798558047514140, scale_lr: 0.30919773835738984, EAO: 0.338
Trial 1784 finished with value: 0.33804054969943453 and parameters: {'window_influence': 0.44582134840321164, 'penalty_k': 0.2979855804751414, 'scale_lr': 0.30919773835738984}. Best is trial 1674 with value: 0.38142600678748195.
checkpoint_e33 window_influence: 0.48139078093701426, penalty_k: 0.01181970255490039, scale_lr: 0.23071223203600313, EAO: 0.329
Trial 1785 finished with value: 0.3286972334644674 and parameters: {'window_influence': 0.48139078093701426, 'penalty_k': 0.011819702554900387, 'scale_lr': 0.23071223203600313}. Best is trial 1674 with value: 0.38142600678748195.
checkpoint_e33 window_influence: 0.50395004599350335, penalty_k: 0.21419648660127888, scale_lr: 0.48043976966644708, EAO: 0.314
Trial 1786 finished with value: 0.31353646018161846 and parameters: {'window_influence': 0.5039500459935033, 'penalty_k': 0.21419648660127888, 'scale_lr': 0.4804397696664471}. Best is trial 1674 with value: 0.38142600678748195.
checkpoint_e33 window_influence: 0.36700569147473761, penalty_k: 0.08162055094946978, scale_lr: 0.61141039665148589, EAO: 0.327
Trial 1787 finished with value: 0.32725058032149007 and parameters: {'window_influence': 0.3670056914747376, 'penalty_k': 0.08162055094946978, 'scale_lr': 0.6114103966514859}. Best is trial 1674 with value: 0.38142600678748195.
checkpoint_e33 window_influence: 0.24050297185170982, penalty_k: 0.05674008610075304, scale_lr: 0.65038919591005839, EAO: 0.308
Trial 1788 finished with value: 0.30809664766844147 and parameters: {'window_influence': 0.24050297185170982, 'penalty_k': 0.05674008610075304, 'scale_lr': 0.6503891959100584}. Best is trial 1674 with value: 0.38142600678748195.
checkpoint_e33 window_influence: 0.42256657586267404, penalty_k: 0.18460859815592698, scale_lr: 0.49675259701355917, EAO: 0.324
Trial 1789 finished with value: 0.323606314014368 and parameters: {'window_influence': 0.42256657586267404, 'penalty_k': 0.18460859815592698, 'scale_lr': 0.49675259701355917}. Best is trial 1674 with value: 0.38142600678748195.
checkpoint_e33 window_influence: 0.47036925807781049, penalty_k: 0.12734547354295600, scale_lr: 0.63178529364463043, EAO: 0.348
Trial 1790 finished with value: 0.34752940574972546 and parameters: {'window_influence': 0.4703692580778105, 'penalty_k': 0.127345473542956, 'scale_lr': 0.6317852936446304}. Best is trial 1674 with value: 0.38142600678748195.
checkpoint_e33 window_influence: 0.49039967924173139, penalty_k: 0.22797945855580390, scale_lr: 0.55388910175654005, EAO: 0.336
Trial 1791 finished with value: 0.33630378944400685 and parameters: {'window_influence': 0.4903996792417314, 'penalty_k': 0.2279794585558039, 'scale_lr': 0.55388910175654}. Best is trial 1674 with value: 0.38142600678748195.
checkpoint_e33 window_influence: 0.61830465321078720, penalty_k: 0.02291596723229213, scale_lr: 0.79957445169347841, EAO: 0.252
Trial 1792 finished with value: 0.2518589943067573 and parameters: {'window_influence': 0.6183046532107872, 'penalty_k': 0.022915967232292132, 'scale_lr': 0.7995744516934784}. Best is trial 1674 with value: 0.38142600678748195.
checkpoint_e33 window_influence: 0.45593461723182871, penalty_k: 0.00007139669558431, scale_lr: 0.66934836139335008, EAO: 0.335
Trial 1793 finished with value: 0.33517846673843 and parameters: {'window_influence': 0.4559346172318287, 'penalty_k': 7.139669558431198e-05, 'scale_lr': 0.6693483613933501}. Best is trial 1674 with value: 0.38142600678748195.
checkpoint_e33 window_influence: 0.51533965681957139, penalty_k: 0.03561391186658958, scale_lr: 0.11999116122944734, EAO: 0.316
Trial 1794 finished with value: 0.31644584215336735 and parameters: {'window_influence': 0.5153396568195714, 'penalty_k': 0.03561391186658958, 'scale_lr': 0.11999116122944734}. Best is trial 1674 with value: 0.38142600678748195.
checkpoint_e33 window_influence: 0.47731896531484858, penalty_k: 0.58547334457266909, scale_lr: 0.38091407867274479, EAO: 0.292
Trial 1795 finished with value: 0.2918832639543927 and parameters: {'window_influence': 0.4773189653148486, 'penalty_k': 0.5854733445726691, 'scale_lr': 0.3809140786727448}. Best is trial 1674 with value: 0.38142600678748195.
checkpoint_e33 window_influence: 0.54248047933069832, penalty_k: 0.07220594108157787, scale_lr: 0.19766709210168104, EAO: 0.331
Trial 1796 finished with value: 0.3311978232419908 and parameters: {'window_influence': 0.5424804793306983, 'penalty_k': 0.07220594108157787, 'scale_lr': 0.19766709210168104}. Best is trial 1674 with value: 0.38142600678748195.
checkpoint_e33 window_influence: 0.49527819539058893, penalty_k: 0.53137735508521577, scale_lr: 0.72176302955418226, EAO: 0.314
Trial 1797 finished with value: 0.31377089962885074 and parameters: {'window_influence': 0.4952781953905889, 'penalty_k': 0.5313773550852158, 'scale_lr': 0.7217630295541823}. Best is trial 1674 with value: 0.38142600678748195.
checkpoint_e33 window_influence: 0.46363097542968262, penalty_k: 0.15645419863241605, scale_lr: 0.33646440425276558, EAO: 0.340
Trial 1798 finished with value: 0.33956151690464537 and parameters: {'window_influence': 0.4636309754296826, 'penalty_k': 0.15645419863241605, 'scale_lr': 0.3364644042527656}. Best is trial 1674 with value: 0.38142600678748195.
checkpoint_e33 window_influence: 0.43593813183478153, penalty_k: 0.11037260421035951, scale_lr: 0.41925334284243709, EAO: 0.331
Trial 1799 finished with value: 0.3311074570923 and parameters: {'window_influence': 0.43593813183478153, 'penalty_k': 0.1103726042103595, 'scale_lr': 0.4192533428424371}. Best is trial 1674 with value: 0.38142600678748195.
checkpoint_e33 window_influence: 0.50685719882493252, penalty_k: 0.10208280069247458, scale_lr: 0.68530367742975462, EAO: 0.352
Trial 1800 finished with value: 0.3516375115177511 and parameters: {'window_influence': 0.5068571988249325, 'penalty_k': 0.10208280069247458, 'scale_lr': 0.6853036774297546}. Best is trial 1674 with value: 0.38142600678748195.
checkpoint_e33 window_influence: 0.29726228517113390, penalty_k: 0.14211558903017238, scale_lr: 0.36164126971339328, EAO: 0.309
Trial 1801 finished with value: 0.30909400865261655 and parameters: {'window_influence': 0.2972622851711339, 'penalty_k': 0.14211558903017238, 'scale_lr': 0.3616412697133933}. Best is trial 1674 with value: 0.38142600678748195.
checkpoint_e33 window_influence: 0.52810783007935380, penalty_k: 0.25391958182719099, scale_lr: 0.28566559375918948, EAO: 0.285
Trial 1802 finished with value: 0.284732857508882 and parameters: {'window_influence': 0.5281078300793538, 'penalty_k': 0.253919581827191, 'scale_lr': 0.2856655937591895}. Best is trial 1674 with value: 0.38142600678748195.
checkpoint_e33 window_influence: 0.05048431121563574, penalty_k: 0.17650063236669844, scale_lr: 0.78507177833551101, EAO: 0.240
Trial 1803 finished with value: 0.24002216715757022 and parameters: {'window_influence': 0.050484311215635735, 'penalty_k': 0.17650063236669844, 'scale_lr': 0.785071778335511}. Best is trial 1674 with value: 0.38142600678748195.
checkpoint_e33 window_influence: 0.48467946553578894, penalty_k: 0.06354137193925408, scale_lr: 0.54153721531035437, EAO: 0.363
Trial 1804 finished with value: 0.36329748577181004 and parameters: {'window_influence': 0.48467946553578894, 'penalty_k': 0.06354137193925408, 'scale_lr': 0.5415372153103544}. Best is trial 1674 with value: 0.38142600678748195.
checkpoint_e33 window_influence: 0.48711592043489088, penalty_k: 0.05650605979299476, scale_lr: 0.54421424053538203, EAO: 0.336
Trial 1805 finished with value: 0.335820380119962 and parameters: {'window_influence': 0.4871159204348909, 'penalty_k': 0.056506059792994764, 'scale_lr': 0.544214240535382}. Best is trial 1674 with value: 0.38142600678748195.
checkpoint_e33 window_influence: 0.25538771324830839, penalty_k: 0.04687592532795098, scale_lr: 0.54361136517814079, EAO: 0.304
Trial 1806 finished with value: 0.30408498621636326 and parameters: {'window_influence': 0.2553877132483084, 'penalty_k': 0.04687592532795098, 'scale_lr': 0.5436113651781408}. Best is trial 1674 with value: 0.38142600678748195.
checkpoint_e33 window_influence: 0.50066815355581018, penalty_k: 0.04605750198291952, scale_lr: 0.53152293934705208, EAO: 0.361
Trial 1807 finished with value: 0.3612306390522983 and parameters: {'window_influence': 0.5006681535558102, 'penalty_k': 0.046057501982919524, 'scale_lr': 0.5315229393470521}. Best is trial 1674 with value: 0.38142600678748195.
checkpoint_e33 window_influence: 0.51018363160245228, penalty_k: 0.52340183185601241, scale_lr: 0.51995087269503237, EAO: 0.290
Trial 1808 finished with value: 0.28953094658684636 and parameters: {'window_influence': 0.5101836316024523, 'penalty_k': 0.5234018318560124, 'scale_lr': 0.5199508726950324}. Best is trial 1674 with value: 0.38142600678748195.
checkpoint_e33 window_influence: 0.56390789629663374, penalty_k: 0.06293326578465516, scale_lr: 0.53312960522790764, EAO: 0.301
Trial 1809 finished with value: 0.30145141180851115 and parameters: {'window_influence': 0.5639078962966337, 'penalty_k': 0.06293326578465516, 'scale_lr': 0.5331296052279076}. Best is trial 1674 with value: 0.38142600678748195.
checkpoint_e33 window_influence: 0.51613369280835242, penalty_k: 0.03710052138569853, scale_lr: 0.53290138995971403, EAO: 0.330
Trial 1810 finished with value: 0.330393512193331 and parameters: {'window_influence': 0.5161336928083524, 'penalty_k': 0.03710052138569853, 'scale_lr': 0.532901389959714}. Best is trial 1674 with value: 0.38142600678748195.
checkpoint_e33 window_influence: 0.52475076200303084, penalty_k: 0.06032836773591758, scale_lr: 0.54600268592200929, EAO: 0.316
Trial 1811 finished with value: 0.3159755793063093 and parameters: {'window_influence': 0.5247507620030308, 'penalty_k': 0.060328367735917585, 'scale_lr': 0.5460026859220093}. Best is trial 1674 with value: 0.38142600678748195.
checkpoint_e33 window_influence: 0.49976190888000077, penalty_k: 0.05663008232950170, scale_lr: 0.56081063684483923, EAO: 0.328
Trial 1812 finished with value: 0.3277370149291443 and parameters: {'window_influence': 0.49976190888000077, 'penalty_k': 0.0566300823295017, 'scale_lr': 0.5608106368448392}. Best is trial 1674 with value: 0.38142600678748195.
checkpoint_e33 window_influence: 0.05104619516811165, penalty_k: 0.05000848716544001, scale_lr: 0.52944054081268099, EAO: 0.245
Trial 1813 finished with value: 0.24452825899485947 and parameters: {'window_influence': 0.05104619516811165, 'penalty_k': 0.05000848716544001, 'scale_lr': 0.529440540812681}. Best is trial 1674 with value: 0.38142600678748195.
checkpoint_e33 window_influence: 0.50018021324370010, penalty_k: 0.04118704718392751, scale_lr: 0.54481362046551829, EAO: 0.334
Trial 1814 finished with value: 0.3339432576519042 and parameters: {'window_influence': 0.5001802132437001, 'penalty_k': 0.04118704718392751, 'scale_lr': 0.5448136204655183}. Best is trial 1674 with value: 0.38142600678748195.
checkpoint_e33 window_influence: 0.51078112454337810, penalty_k: 0.06689172095701663, scale_lr: 0.51929342379697929, EAO: 0.362
Trial 1815 finished with value: 0.3618701007579551 and parameters: {'window_influence': 0.5107811245433781, 'penalty_k': 0.06689172095701663, 'scale_lr': 0.5192934237969793}. Best is trial 1674 with value: 0.38142600678748195.
checkpoint_e33 window_influence: 0.54219781540063761, penalty_k: 0.06534236916354297, scale_lr: 0.52151229550289191, EAO: 0.301
Trial 1816 finished with value: 0.3008833789060088 and parameters: {'window_influence': 0.5421978154006376, 'penalty_k': 0.06534236916354297, 'scale_lr': 0.5215122955028919}. Best is trial 1674 with value: 0.38142600678748195.
checkpoint_e33 window_influence: 0.51599828944541948, penalty_k: 0.06519468605862891, scale_lr: 0.51623628898677487, EAO: 0.349
Trial 1817 finished with value: 0.34911543443972964 and parameters: {'window_influence': 0.5159982894454195, 'penalty_k': 0.06519468605862891, 'scale_lr': 0.5162362889867749}. Best is trial 1674 with value: 0.38142600678748195.
checkpoint_e33 window_influence: 0.52356341410865070, penalty_k: 0.07394596076848177, scale_lr: 0.52588920127452576, EAO: 0.323
Trial 1818 finished with value: 0.3233089790849834 and parameters: {'window_influence': 0.5235634141086507, 'penalty_k': 0.07394596076848177, 'scale_lr': 0.5258892012745258}. Best is trial 1674 with value: 0.38142600678748195.
checkpoint_e33 window_influence: 0.52090817868101724, penalty_k: 0.04756434485870418, scale_lr: 0.55028402688563793, EAO: 0.326
Trial 1819 finished with value: 0.32631932239588135 and parameters: {'window_influence': 0.5209081786810172, 'penalty_k': 0.04756434485870418, 'scale_lr': 0.5502840268856379}. Best is trial 1674 with value: 0.38142600678748195.
checkpoint_e33 window_influence: 0.52826524248789397, penalty_k: 0.07352949758604913, scale_lr: 0.51902135341258593, EAO: 0.323
Trial 1820 finished with value: 0.32273605796381655 and parameters: {'window_influence': 0.528265242487894, 'penalty_k': 0.07352949758604913, 'scale_lr': 0.5190213534125859}. Best is trial 1674 with value: 0.38142600678748195.
checkpoint_e33 window_influence: 0.50804049724301781, penalty_k: 0.05245626556740144, scale_lr: 0.53611086467752433, EAO: 0.344
Trial 1821 finished with value: 0.3444012467267448 and parameters: {'window_influence': 0.5080404972430178, 'penalty_k': 0.05245626556740144, 'scale_lr': 0.5361108646775243}. Best is trial 1674 with value: 0.38142600678748195.
checkpoint_e33 window_influence: 0.16724467718657168, penalty_k: 0.06631530325113416, scale_lr: 0.51105786771978390, EAO: 0.276
Trial 1822 finished with value: 0.2761961974290558 and parameters: {'window_influence': 0.16724467718657168, 'penalty_k': 0.06631530325113416, 'scale_lr': 0.5110578677197839}. Best is trial 1674 with value: 0.38142600678748195.
checkpoint_e33 window_influence: 0.53456830812880773, penalty_k: 0.05248898250036688, scale_lr: 0.53784525168376951, EAO: 0.313
Trial 1823 finished with value: 0.3133268043224914 and parameters: {'window_influence': 0.5345683081288077, 'penalty_k': 0.05248898250036688, 'scale_lr': 0.5378452516837695}. Best is trial 1674 with value: 0.38142600678748195.
checkpoint_e33 window_influence: 0.26738911713736746, penalty_k: 0.54248139022829811, scale_lr: 0.55724463354668241, EAO: 0.306
Trial 1824 finished with value: 0.30566694659945565 and parameters: {'window_influence': 0.26738911713736746, 'penalty_k': 0.5424813902282981, 'scale_lr': 0.5572446335466824}. Best is trial 1674 with value: 0.38142600678748195.
checkpoint_e33 window_influence: 0.50708177694839884, penalty_k: 0.49401429489792281, scale_lr: 0.52645752079866270, EAO: 0.294
Trial 1825 finished with value: 0.2937952961903138 and parameters: {'window_influence': 0.5070817769483988, 'penalty_k': 0.4940142948979228, 'scale_lr': 0.5264575207986627}. Best is trial 1674 with value: 0.38142600678748195.
checkpoint_e33 window_influence: 0.31130958049405039, penalty_k: 0.06348110720309499, scale_lr: 0.56617613804060407, EAO: 0.313
Trial 1826 finished with value: 0.31343636653070783 and parameters: {'window_influence': 0.3113095804940504, 'penalty_k': 0.063481107203095, 'scale_lr': 0.5661761380406041}. Best is trial 1674 with value: 0.38142600678748195.
checkpoint_e33 window_influence: 0.51305070013195186, penalty_k: 0.04618167226886298, scale_lr: 0.50561284224672054, EAO: 0.345
Trial 1827 finished with value: 0.3450978881886033 and parameters: {'window_influence': 0.5130507001319519, 'penalty_k': 0.04618167226886298, 'scale_lr': 0.5056128422467205}. Best is trial 1674 with value: 0.38142600678748195.
checkpoint_e33 window_influence: 0.49734616573701190, penalty_k: 0.08035328937809004, scale_lr: 0.53450928733678915, EAO: 0.368
Trial 1828 finished with value: 0.36822245220729816 and parameters: {'window_influence': 0.4973461657370119, 'penalty_k': 0.08035328937809004, 'scale_lr': 0.5345092873367892}. Best is trial 1674 with value: 0.38142600678748195.
checkpoint_e33 window_influence: 0.50302967640997065, penalty_k: 0.08730071594741581, scale_lr: 0.54720606628625312, EAO: 0.342
Trial 1829 finished with value: 0.34183788090828326 and parameters: {'window_influence': 0.5030296764099706, 'penalty_k': 0.08730071594741581, 'scale_lr': 0.5472060662862531}. Best is trial 1674 with value: 0.38142600678748195.
checkpoint_e33 window_influence: 0.54831248784643449, penalty_k: 0.07547398839685018, scale_lr: 0.56179529961494734, EAO: 0.307
Trial 1830 finished with value: 0.3067588823546695 and parameters: {'window_influence': 0.5483124878464345, 'penalty_k': 0.07547398839685018, 'scale_lr': 0.5617952996149473}. Best is trial 1674 with value: 0.38142600678748195.
checkpoint_e33 window_influence: 0.52804100091583450, penalty_k: 0.08230673043376770, scale_lr: 0.54564575690520722, EAO: 0.320
Trial 1831 finished with value: 0.3195313670987749 and parameters: {'window_influence': 0.5280410009158345, 'penalty_k': 0.0823067304337677, 'scale_lr': 0.5456457569052072}. Best is trial 1674 with value: 0.38142600678748195.
checkpoint_e33 window_influence: 0.50931756918923188, penalty_k: 0.07711272920427084, scale_lr: 0.52875058165954392, EAO: 0.359
