Trial 532 finished with value: 0.31789126313845933 and parameters: {'window_influence': 0.37600239949202774, 'penalty_k': 0.2853357843653754, 'scale_lr': 0.2632533492557897}. Best is trial 509 with value: 0.3760354560636825.
checkpoint_e33 window_influence: 0.07861762154697188, penalty_k: 0.07076947920066376, scale_lr: 0.71713838647109951, EAO: 0.247
Trial 533 finished with value: 0.24685782588409544 and parameters: {'window_influence': 0.07861762154697188, 'penalty_k': 0.07076947920066376, 'scale_lr': 0.7171383864710995}. Best is trial 509 with value: 0.3760354560636825.
checkpoint_e33 window_influence: 0.48176091446094832, penalty_k: 0.03112512268582985, scale_lr: 0.67315408763641038, EAO: 0.361
Trial 534 finished with value: 0.3611678989017056 and parameters: {'window_influence': 0.4817609144609483, 'penalty_k': 0.031125122685829846, 'scale_lr': 0.6731540876364104}. Best is trial 509 with value: 0.3760354560636825.
checkpoint_e33 window_influence: 0.46072377244685303, penalty_k: 0.04363334414190208, scale_lr: 0.67306988790582889, EAO: 0.328
Trial 535 finished with value: 0.3277778413277192 and parameters: {'window_influence': 0.46072377244685303, 'penalty_k': 0.04363334414190208, 'scale_lr': 0.6730698879058289}. Best is trial 509 with value: 0.3760354560636825.
checkpoint_e33 window_influence: 0.47760824428169057, penalty_k: 0.02647505874527971, scale_lr: 0.68625926181817265, EAO: 0.350
Trial 536 finished with value: 0.3503622434714425 and parameters: {'window_influence': 0.4776082442816906, 'penalty_k': 0.026475058745279712, 'scale_lr': 0.6862592618181727}. Best is trial 509 with value: 0.3760354560636825.
checkpoint_e33 window_influence: 0.48906035587365909, penalty_k: 0.03350507936422834, scale_lr: 0.50057767722480384, EAO: 0.344
Trial 537 finished with value: 0.3442666323036535 and parameters: {'window_influence': 0.4890603558736591, 'penalty_k': 0.033505079364228335, 'scale_lr': 0.5005776772248038}. Best is trial 509 with value: 0.3760354560636825.
checkpoint_e33 window_influence: 0.45177497255651822, penalty_k: 0.05853307578550598, scale_lr: 0.63310312563816795, EAO: 0.322
Trial 538 finished with value: 0.32171066041586466 and parameters: {'window_influence': 0.4517749725565182, 'penalty_k': 0.05853307578550598, 'scale_lr': 0.633103125638168}. Best is trial 509 with value: 0.3760354560636825.
checkpoint_e33 window_influence: 0.50726048538225310, penalty_k: 0.01743673758105254, scale_lr: 0.67204851454980608, EAO: 0.337
Trial 539 finished with value: 0.33706830517327274 and parameters: {'window_influence': 0.5072604853822531, 'penalty_k': 0.01743673758105254, 'scale_lr': 0.6720485145498061}. Best is trial 509 with value: 0.3760354560636825.
checkpoint_e33 window_influence: 0.28129203278083148, penalty_k: 0.56377502108551414, scale_lr: 0.65610233870671775, EAO: 0.311
Trial 540 finished with value: 0.3107505606538127 and parameters: {'window_influence': 0.2812920327808315, 'penalty_k': 0.5637750210855141, 'scale_lr': 0.6561023387067177}. Best is trial 509 with value: 0.3760354560636825.
checkpoint_e33 window_influence: 0.43593943777247851, penalty_k: 0.36202325508614019, scale_lr: 0.74830326829508986, EAO: 0.327
Trial 541 finished with value: 0.3266704504591946 and parameters: {'window_influence': 0.4359394377724785, 'penalty_k': 0.3620232550861402, 'scale_lr': 0.7483032682950899}. Best is trial 509 with value: 0.3760354560636825.
checkpoint_e33 window_influence: 0.53262101164438835, penalty_k: 0.04529115483121726, scale_lr: 0.69408382155236681, EAO: 0.298
Trial 542 finished with value: 0.2982412893252614 and parameters: {'window_influence': 0.5326210116443884, 'penalty_k': 0.04529115483121726, 'scale_lr': 0.6940838215523668}. Best is trial 509 with value: 0.3760354560636825.
checkpoint_e33 window_influence: 0.46953094905139126, penalty_k: 0.10436370231570447, scale_lr: 0.78120826945896971, EAO: 0.315
Trial 543 finished with value: 0.3148967522823393 and parameters: {'window_influence': 0.46953094905139126, 'penalty_k': 0.10436370231570447, 'scale_lr': 0.7812082694589697}. Best is trial 509 with value: 0.3760354560636825.
checkpoint_e33 window_influence: 0.45884964488614388, penalty_k: 0.49188438963879322, scale_lr: 0.27053134828925041, EAO: 0.325
Trial 544 finished with value: 0.324956386643625 and parameters: {'window_influence': 0.4588496448861439, 'penalty_k': 0.4918843896387932, 'scale_lr': 0.2705313482892504}. Best is trial 509 with value: 0.3760354560636825.
checkpoint_e33 window_influence: 0.32280179595896813, penalty_k: 0.01320672388751633, scale_lr: 0.64198316210284367, EAO: 0.333
Trial 545 finished with value: 0.3327058780402061 and parameters: {'window_influence': 0.32280179595896813, 'penalty_k': 0.01320672388751633, 'scale_lr': 0.6419831621028437}. Best is trial 509 with value: 0.3760354560636825.
checkpoint_e33 window_influence: 0.25497929255523116, penalty_k: 0.02523191469143682, scale_lr: 0.73741729522694921, EAO: 0.275
Trial 546 finished with value: 0.2753122117848712 and parameters: {'window_influence': 0.25497929255523116, 'penalty_k': 0.025231914691436815, 'scale_lr': 0.7374172952269492}. Best is trial 509 with value: 0.3760354560636825.
checkpoint_e33 window_influence: 0.49620000787833307, penalty_k: 0.05087925636093238, scale_lr: 0.24982681844627339, EAO: 0.347
Trial 547 finished with value: 0.3472903537843014 and parameters: {'window_influence': 0.49620000787833307, 'penalty_k': 0.05087925636093238, 'scale_lr': 0.24982681844627339}. Best is trial 509 with value: 0.3760354560636825.
checkpoint_e33 window_influence: 0.48142179426949649, penalty_k: 0.08025789146545310, scale_lr: 0.62403926413636757, EAO: 0.346
Trial 548 finished with value: 0.3460902711992598 and parameters: {'window_influence': 0.4814217942694965, 'penalty_k': 0.0802578914654531, 'scale_lr': 0.6240392641363676}. Best is trial 509 with value: 0.3760354560636825.
checkpoint_e33 window_influence: 0.44760539265287724, penalty_k: 0.11277810843751045, scale_lr: 0.29979712557379368, EAO: 0.335
Trial 549 finished with value: 0.3347716540214153 and parameters: {'window_influence': 0.44760539265287724, 'penalty_k': 0.11277810843751045, 'scale_lr': 0.2997971255737937}. Best is trial 509 with value: 0.3760354560636825.
checkpoint_e33 window_influence: 0.33668406671220241, penalty_k: 0.09148139051013301, scale_lr: 0.68425453253755564, EAO: 0.314
Trial 550 finished with value: 0.31380647745577744 and parameters: {'window_influence': 0.3366840667122024, 'penalty_k': 0.09148139051013301, 'scale_lr': 0.6842545325375556}. Best is trial 509 with value: 0.3760354560636825.
checkpoint_e33 window_influence: 0.46981609798674029, penalty_k: 0.13515346877824430, scale_lr: 0.54731209801813530, EAO: 0.344
Trial 551 finished with value: 0.344472324106016 and parameters: {'window_influence': 0.4698160979867403, 'penalty_k': 0.1351534687782443, 'scale_lr': 0.5473120980181353}. Best is trial 509 with value: 0.3760354560636825.
checkpoint_e33 window_influence: 0.40185484241196945, penalty_k: 0.03146979584000947, scale_lr: 0.76943202680155198, EAO: 0.359
Trial 552 finished with value: 0.359331375314104 and parameters: {'window_influence': 0.40185484241196945, 'penalty_k': 0.031469795840009473, 'scale_lr': 0.769432026801552}. Best is trial 509 with value: 0.3760354560636825.
checkpoint_e33 window_influence: 0.40923702805173501, penalty_k: 0.03571427095289059, scale_lr: 0.75574553020972079, EAO: 0.337
Trial 553 finished with value: 0.33655178906388783 and parameters: {'window_influence': 0.409237028051735, 'penalty_k': 0.03571427095289059, 'scale_lr': 0.7557455302097208}. Best is trial 509 with value: 0.3760354560636825.
checkpoint_e33 window_influence: 0.38493906274583489, penalty_k: 0.03041474610685065, scale_lr: 0.77180896693891377, EAO: 0.316
Trial 554 finished with value: 0.3159445280694776 and parameters: {'window_influence': 0.3849390627458349, 'penalty_k': 0.030414746106850646, 'scale_lr': 0.7718089669389138}. Best is trial 509 with value: 0.3760354560636825.
checkpoint_e33 window_influence: 0.40582176016799831, penalty_k: 0.52272597423648381, scale_lr: 0.79339928436609275, EAO: 0.328
Trial 555 finished with value: 0.327987448192756 and parameters: {'window_influence': 0.4058217601679983, 'penalty_k': 0.5227259742364838, 'scale_lr': 0.7933992843660927}. Best is trial 509 with value: 0.3760354560636825.
checkpoint_e33 window_influence: 0.42939499658912544, penalty_k: 0.01010380557999591, scale_lr: 0.76785441235559371, EAO: 0.329
Trial 556 finished with value: 0.32876876385063514 and parameters: {'window_influence': 0.42939499658912544, 'penalty_k': 0.010103805579995906, 'scale_lr': 0.7678544123555937}. Best is trial 509 with value: 0.3760354560636825.
checkpoint_e33 window_influence: 0.39561093613814691, penalty_k: 0.29822253404896093, scale_lr: 0.41442168696042458, EAO: 0.316
Trial 557 finished with value: 0.3162317026681937 and parameters: {'window_influence': 0.3956109361381469, 'penalty_k': 0.29822253404896093, 'scale_lr': 0.4144216869604246}. Best is trial 509 with value: 0.3760354560636825.
checkpoint_e33 window_influence: 0.30980487462454009, penalty_k: 0.06001438514797065, scale_lr: 0.70767579526987046, EAO: 0.312
Trial 558 finished with value: 0.3116654697443261 and parameters: {'window_influence': 0.3098048746245401, 'penalty_k': 0.060014385147970646, 'scale_lr': 0.7076757952698705}. Best is trial 509 with value: 0.3760354560636825.
checkpoint_e33 window_influence: 0.42018863983395471, penalty_k: 0.04077413504069877, scale_lr: 0.74705116698735541, EAO: 0.322
Trial 559 finished with value: 0.3216474554881975 and parameters: {'window_influence': 0.4201886398339547, 'penalty_k': 0.04077413504069877, 'scale_lr': 0.7470511669873554}. Best is trial 509 with value: 0.3760354560636825.
checkpoint_e33 window_influence: 0.41502994254941561, penalty_k: 0.02489770278777122, scale_lr: 0.72945367915527426, EAO: 0.324
Trial 560 finished with value: 0.3236480604001984 and parameters: {'window_influence': 0.4150299425494156, 'penalty_k': 0.024897702787771217, 'scale_lr': 0.7294536791552743}. Best is trial 509 with value: 0.3760354560636825.
checkpoint_e33 window_influence: 0.40341317304502994, penalty_k: 0.05015108764017912, scale_lr: 0.48738746163332747, EAO: 0.316
Trial 561 finished with value: 0.31554997378981997 and parameters: {'window_influence': 0.40341317304502994, 'penalty_k': 0.05015108764017912, 'scale_lr': 0.48738746163332747}. Best is trial 509 with value: 0.3760354560636825.
checkpoint_e33 window_influence: 0.48910912724143524, penalty_k: 0.00238909217935975, scale_lr: 0.28128577819003392, EAO: 0.350
Trial 562 finished with value: 0.3501040448474513 and parameters: {'window_influence': 0.48910912724143524, 'penalty_k': 0.0023890921793597534, 'scale_lr': 0.2812857781900339}. Best is trial 509 with value: 0.3760354560636825.
checkpoint_e33 window_influence: 0.64820281491920362, penalty_k: 0.01688899314919707, scale_lr: 0.78269713112238992, EAO: 0.246
Trial 563 finished with value: 0.2455128554240275 and parameters: {'window_influence': 0.6482028149192036, 'penalty_k': 0.016888993149197066, 'scale_lr': 0.7826971311223899}. Best is trial 509 with value: 0.3760354560636825.
checkpoint_e33 window_influence: 0.50716157930854289, penalty_k: 0.41705957530426113, scale_lr: 0.76017910615092721, EAO: 0.287
Trial 564 finished with value: 0.2867098392099722 and parameters: {'window_influence': 0.5071615793085429, 'penalty_k': 0.41705957530426113, 'scale_lr': 0.7601791061509272}. Best is trial 509 with value: 0.3760354560636825.
checkpoint_e33 window_influence: 0.37745780461020295, penalty_k: 0.03728888776661175, scale_lr: 0.66965826901151104, EAO: 0.341
Trial 565 finished with value: 0.3413058206265075 and parameters: {'window_influence': 0.37745780461020295, 'penalty_k': 0.037288887766611746, 'scale_lr': 0.669658269011511}. Best is trial 509 with value: 0.3760354560636825.
checkpoint_e33 window_influence: 0.34535609400534351, penalty_k: 0.06451226313505191, scale_lr: 0.65485850451186223, EAO: 0.318
Trial 566 finished with value: 0.3180849778281112 and parameters: {'window_influence': 0.3453560940053435, 'penalty_k': 0.06451226313505191, 'scale_lr': 0.6548585045118622}. Best is trial 509 with value: 0.3760354560636825.
checkpoint_e33 window_influence: 0.47851192018041544, penalty_k: 0.46731371585077858, scale_lr: 0.22869729402603256, EAO: 0.316
Trial 567 finished with value: 0.31550440169030125 and parameters: {'window_influence': 0.47851192018041544, 'penalty_k': 0.4673137158507786, 'scale_lr': 0.22869729402603256}. Best is trial 509 with value: 0.3760354560636825.
checkpoint_e33 window_influence: 0.52417181073243690, penalty_k: 0.30944097218529376, scale_lr: 0.70293670631333760, EAO: 0.281
Trial 568 finished with value: 0.2807047462764881 and parameters: {'window_influence': 0.5241718107324369, 'penalty_k': 0.30944097218529376, 'scale_lr': 0.7029367063133376}. Best is trial 509 with value: 0.3760354560636825.
checkpoint_e33 window_influence: 0.43108747345787685, penalty_k: 0.12732409303798178, scale_lr: 0.72106299773009908, EAO: 0.332
Trial 569 finished with value: 0.3324385704001564 and parameters: {'window_influence': 0.43108747345787685, 'penalty_k': 0.12732409303798178, 'scale_lr': 0.7210629977300991}. Best is trial 509 with value: 0.3760354560636825.
checkpoint_e33 window_influence: 0.45994217260234566, penalty_k: 0.07156723274736287, scale_lr: 0.53177062687171517, EAO: 0.361
Trial 570 finished with value: 0.3611784733918854 and parameters: {'window_influence': 0.45994217260234566, 'penalty_k': 0.07156723274736287, 'scale_lr': 0.5317706268717152}. Best is trial 509 with value: 0.3760354560636825.
checkpoint_e33 window_influence: 0.46165619273898728, penalty_k: 0.44469242160584288, scale_lr: 0.60161323962330249, EAO: 0.316
Trial 571 finished with value: 0.3162374469788622 and parameters: {'window_influence': 0.4616561927389873, 'penalty_k': 0.4446924216058429, 'scale_lr': 0.6016132396233025}. Best is trial 509 with value: 0.3760354560636825.
checkpoint_e33 window_influence: 0.55339743168888811, penalty_k: 0.08144052000406354, scale_lr: 0.44460553029492866, EAO: 0.289
Trial 572 finished with value: 0.2888942535401318 and parameters: {'window_influence': 0.5533974316888881, 'penalty_k': 0.08144052000406354, 'scale_lr': 0.44460553029492866}. Best is trial 509 with value: 0.3760354560636825.
checkpoint_e33 window_influence: 0.36473889710240348, penalty_k: 0.57456714263125186, scale_lr: 0.67448787449888159, EAO: 0.317
Trial 573 finished with value: 0.3166301898687266 and parameters: {'window_influence': 0.3647388971024035, 'penalty_k': 0.5745671426312519, 'scale_lr': 0.6744878744988816}. Best is trial 509 with value: 0.3760354560636825.
checkpoint_e33 window_influence: 0.47290248238135518, penalty_k: 0.07090044356010738, scale_lr: 0.52871743964337725, EAO: 0.366
Trial 574 finished with value: 0.36614504781214646 and parameters: {'window_influence': 0.4729024823813552, 'penalty_k': 0.07090044356010738, 'scale_lr': 0.5287174396433773}. Best is trial 509 with value: 0.3760354560636825.
checkpoint_e33 window_influence: 0.46996602943483473, penalty_k: 0.07190294194973555, scale_lr: 0.30843735813209050, EAO: 0.327
Trial 575 finished with value: 0.32741476404063896 and parameters: {'window_influence': 0.46996602943483473, 'penalty_k': 0.07190294194973555, 'scale_lr': 0.3084373581320905}. Best is trial 509 with value: 0.3760354560636825.
checkpoint_e33 window_influence: 0.45712651309915947, penalty_k: 0.05583970917889251, scale_lr: 0.53622024599465057, EAO: 0.321
Trial 576 finished with value: 0.321336834115277 and parameters: {'window_influence': 0.45712651309915947, 'penalty_k': 0.055839709178892506, 'scale_lr': 0.5362202459946506}. Best is trial 509 with value: 0.3760354560636825.
checkpoint_e33 window_influence: 0.47059194591736714, penalty_k: 0.06669167836204734, scale_lr: 0.58404443420229935, EAO: 0.351
Trial 577 finished with value: 0.3509479009687669 and parameters: {'window_influence': 0.47059194591736714, 'penalty_k': 0.06669167836204734, 'scale_lr': 0.5840444342022993}. Best is trial 509 with value: 0.3760354560636825.
checkpoint_e33 window_influence: 0.44614776692706676, penalty_k: 0.09686362163438006, scale_lr: 0.47708754861497227, EAO: 0.317
Trial 578 finished with value: 0.31723320240640457 and parameters: {'window_influence': 0.44614776692706676, 'penalty_k': 0.09686362163438006, 'scale_lr': 0.47708754861497227}. Best is trial 509 with value: 0.3760354560636825.
checkpoint_e33 window_influence: 0.49733652873321776, penalty_k: 0.07937442000348870, scale_lr: 0.51275762258961821, EAO: 0.349
Trial 579 finished with value: 0.3485189054726627 and parameters: {'window_influence': 0.49733652873321776, 'penalty_k': 0.0793744200034887, 'scale_lr': 0.5127576225896182}. Best is trial 509 with value: 0.3760354560636825.
checkpoint_e33 window_influence: 0.46252050140766798, penalty_k: 0.05256508403333169, scale_lr: 0.64357531476275465, EAO: 0.358
Trial 580 finished with value: 0.3582717118792033 and parameters: {'window_influence': 0.462520501407668, 'penalty_k': 0.05256508403333169, 'scale_lr': 0.6435753147627546}. Best is trial 509 with value: 0.3760354560636825.
checkpoint_e33 window_influence: 0.61571074952307203, penalty_k: 0.09172406212183142, scale_lr: 0.54123922337605179, EAO: 0.256
Trial 581 finished with value: 0.2564290897623574 and parameters: {'window_influence': 0.615710749523072, 'penalty_k': 0.09172406212183142, 'scale_lr': 0.5412392233760518}. Best is trial 509 with value: 0.3760354560636825.
checkpoint_e33 window_influence: 0.45748534040672423, penalty_k: 0.07073801312687347, scale_lr: 0.49463311354607353, EAO: 0.339
Trial 582 finished with value: 0.33865833247682 and parameters: {'window_influence': 0.45748534040672423, 'penalty_k': 0.07073801312687347, 'scale_lr': 0.49463311354607353}. Best is trial 509 with value: 0.3760354560636825.
checkpoint_e33 window_influence: 0.44311841994792250, penalty_k: 0.05099339700683025, scale_lr: 0.45859505912913268, EAO: 0.331
Trial 583 finished with value: 0.33115624268231225 and parameters: {'window_influence': 0.4431184199479225, 'penalty_k': 0.05099339700683025, 'scale_lr': 0.4585950591291327}. Best is trial 509 with value: 0.3760354560636825.
checkpoint_e33 window_influence: 0.46202221365585922, penalty_k: 0.06017553083752648, scale_lr: 0.55783068532839608, EAO: 0.342
Trial 584 finished with value: 0.34186264826166024 and parameters: {'window_influence': 0.4620222136558592, 'penalty_k': 0.060175530837526484, 'scale_lr': 0.5578306853283961}. Best is trial 509 with value: 0.3760354560636825.
checkpoint_e33 window_influence: 0.44981671130110679, penalty_k: 0.26384401752459696, scale_lr: 0.76299887962293245, EAO: 0.342
Trial 585 finished with value: 0.34232097748188656 and parameters: {'window_influence': 0.4498167113011068, 'penalty_k': 0.26384401752459696, 'scale_lr': 0.7629988796229324}. Best is trial 509 with value: 0.3760354560636825.
checkpoint_e33 window_influence: 0.47349720731926709, penalty_k: 0.07353183966644275, scale_lr: 0.56482183066897085, EAO: 0.335
Trial 586 finished with value: 0.3350253109802068 and parameters: {'window_influence': 0.4734972073192671, 'penalty_k': 0.07353183966644275, 'scale_lr': 0.5648218306689708}. Best is trial 509 with value: 0.3760354560636825.
checkpoint_e33 window_influence: 0.46379999236767278, penalty_k: 0.40803138277317874, scale_lr: 0.52449735110481654, EAO: 0.322
Trial 587 finished with value: 0.321701356814993 and parameters: {'window_influence': 0.4637999923676728, 'penalty_k': 0.40803138277317874, 'scale_lr': 0.5244973511048165}. Best is trial 509 with value: 0.3760354560636825.
checkpoint_e33 window_influence: 0.44360701483673654, penalty_k: 0.11102884571034971, scale_lr: 0.41938816404573864, EAO: 0.334
Trial 588 finished with value: 0.33384199840549367 and parameters: {'window_influence': 0.44360701483673654, 'penalty_k': 0.11102884571034971, 'scale_lr': 0.41938816404573864}. Best is trial 509 with value: 0.3760354560636825.
checkpoint_e33 window_influence: 0.47771816314411303, penalty_k: 0.53555301673816635, scale_lr: 0.42931691955890483, EAO: 0.312
Trial 589 finished with value: 0.3118711210758306 and parameters: {'window_influence': 0.47771816314411303, 'penalty_k': 0.5355530167381664, 'scale_lr': 0.42931691955890483}. Best is trial 509 with value: 0.3760354560636825.
checkpoint_e33 window_influence: 0.45651532111200754, penalty_k: 0.04851889786691153, scale_lr: 0.23852510008428565, EAO: 0.337
Trial 590 finished with value: 0.3369157045267899 and parameters: {'window_influence': 0.45651532111200754, 'penalty_k': 0.04851889786691153, 'scale_lr': 0.23852510008428565}. Best is trial 509 with value: 0.3760354560636825.
checkpoint_e33 window_influence: 0.43297812122574064, penalty_k: 0.54388576188139404, scale_lr: 0.56876174577621552, EAO: 0.327
Trial 591 finished with value: 0.32705404061519683 and parameters: {'window_influence': 0.43297812122574064, 'penalty_k': 0.543885761881394, 'scale_lr': 0.5687617457762155}. Best is trial 509 with value: 0.3760354560636825.
checkpoint_e33 window_influence: 0.27257736826643697, penalty_k: 0.15299243579790067, scale_lr: 0.62026613370630357, EAO: 0.309
Trial 592 finished with value: 0.3094551200880615 and parameters: {'window_influence': 0.27257736826643697, 'penalty_k': 0.15299243579790067, 'scale_lr': 0.6202661337063036}. Best is trial 509 with value: 0.3760354560636825.
checkpoint_e33 window_influence: 0.39775442229087138, penalty_k: 0.48527707546408017, scale_lr: 0.51080015770637677, EAO: 0.317
Trial 593 finished with value: 0.31733839503753974 and parameters: {'window_influence': 0.3977544222908714, 'penalty_k': 0.48527707546408017, 'scale_lr': 0.5108001577063768}. Best is trial 509 with value: 0.3760354560636825.
checkpoint_e33 window_influence: 0.29888839842314907, penalty_k: 0.58216407858083097, scale_lr: 0.44930944067732936, EAO: 0.329
