Trial 176 finished with value: 0.3017001590376234 and parameters: {'window_influence': 0.38614080142315654, 'penalty_k': 0.04593375158679701, 'scale_lr': 0.6554513008602781}. Best is trial 155 with value: 0.35149767206336735.
checkpoint_e13 window_influence: 0.37470705101877899, penalty_k: 0.06790171068600954, scale_lr: 0.63126014211124826, EAO: 0.310
Trial 177 finished with value: 0.3101308738327212 and parameters: {'window_influence': 0.374707051018779, 'penalty_k': 0.06790171068600954, 'scale_lr': 0.6312601421112483}. Best is trial 155 with value: 0.35149767206336735.
checkpoint_e13 window_influence: 0.39682931691249190, penalty_k: 0.15491589836609193, scale_lr: 0.64240426315219612, EAO: 0.312
Trial 178 finished with value: 0.31200394625793637 and parameters: {'window_influence': 0.3968293169124919, 'penalty_k': 0.15491589836609193, 'scale_lr': 0.6424042631521961}. Best is trial 155 with value: 0.35149767206336735.
checkpoint_e13 window_influence: 0.34025321310556605, penalty_k: 0.13756087584949414, scale_lr: 0.67227154278858581, EAO: 0.313
Trial 179 finished with value: 0.3129426462409097 and parameters: {'window_influence': 0.34025321310556605, 'penalty_k': 0.13756087584949414, 'scale_lr': 0.6722715427885858}. Best is trial 155 with value: 0.35149767206336735.
checkpoint_e13 window_influence: 0.36624582830740110, penalty_k: 0.02639108923256200, scale_lr: 0.59632366320749841, EAO: 0.317
Trial 180 finished with value: 0.31735479791108734 and parameters: {'window_influence': 0.3662458283074011, 'penalty_k': 0.026391089232561997, 'scale_lr': 0.5963236632074984}. Best is trial 155 with value: 0.35149767206336735.
checkpoint_e13 window_influence: 0.42506826808564152, penalty_k: 0.09278560398317066, scale_lr: 0.61558102834038353, EAO: 0.307
Trial 181 finished with value: 0.30725235651439264 and parameters: {'window_influence': 0.4250682680856415, 'penalty_k': 0.09278560398317066, 'scale_lr': 0.6155810283403835}. Best is trial 155 with value: 0.35149767206336735.
checkpoint_e13 window_influence: 0.40598472385225326, penalty_k: 0.10322654285154483, scale_lr: 0.64887312214596282, EAO: 0.329
Trial 182 finished with value: 0.3290762723883766 and parameters: {'window_influence': 0.40598472385225326, 'penalty_k': 0.10322654285154483, 'scale_lr': 0.6488731221459628}. Best is trial 155 with value: 0.35149767206336735.
checkpoint_e13 window_influence: 0.40063884578222719, penalty_k: 0.11777969722321080, scale_lr: 0.65048719603166882, EAO: 0.294
Trial 183 finished with value: 0.29377657337411367 and parameters: {'window_influence': 0.4006388457822272, 'penalty_k': 0.1177796972232108, 'scale_lr': 0.6504871960316688}. Best is trial 155 with value: 0.35149767206336735.
checkpoint_e13 window_influence: 0.38906148011611968, penalty_k: 0.10197985297316627, scale_lr: 0.68863261051731339, EAO: 0.313
Trial 184 finished with value: 0.31314480333708605 and parameters: {'window_influence': 0.3890614801161197, 'penalty_k': 0.10197985297316627, 'scale_lr': 0.6886326105173134}. Best is trial 155 with value: 0.35149767206336735.
checkpoint_e13 window_influence: 0.50254182043830986, penalty_k: 0.06317736076973557, scale_lr: 0.63363932018117053, EAO: 0.323
Trial 185 finished with value: 0.32333142394453634 and parameters: {'window_influence': 0.5025418204383099, 'penalty_k': 0.06317736076973557, 'scale_lr': 0.6336393201811705}. Best is trial 155 with value: 0.35149767206336735.
checkpoint_e13 window_influence: 0.41082950106684041, penalty_k: 0.03809594878355167, scale_lr: 0.66561387684905615, EAO: 0.322
Trial 186 finished with value: 0.321911012268252 and parameters: {'window_influence': 0.4108295010668404, 'penalty_k': 0.03809594878355167, 'scale_lr': 0.6656138768490562}. Best is trial 155 with value: 0.35149767206336735.
checkpoint_e13 window_influence: 0.44403920533286512, penalty_k: 0.12706222497153799, scale_lr: 0.72676486302137977, EAO: 0.305
Trial 187 finished with value: 0.3049120185208228 and parameters: {'window_influence': 0.4440392053328651, 'penalty_k': 0.127062224971538, 'scale_lr': 0.7267648630213798}. Best is trial 155 with value: 0.35149767206336735.
checkpoint_e13 window_influence: 0.35316594916234312, penalty_k: 0.08128482269816598, scale_lr: 0.62424517037678529, EAO: 0.312
Trial 188 finished with value: 0.31153906835424294 and parameters: {'window_influence': 0.3531659491623431, 'penalty_k': 0.08128482269816598, 'scale_lr': 0.6242451703767853}. Best is trial 155 with value: 0.35149767206336735.
checkpoint_e13 window_influence: 0.37475029428873236, penalty_k: 0.05424722419941595, scale_lr: 0.64978066822942260, EAO: 0.306
Trial 189 finished with value: 0.3058179587357703 and parameters: {'window_influence': 0.37475029428873236, 'penalty_k': 0.054247224199415946, 'scale_lr': 0.6497806682294226}. Best is trial 155 with value: 0.35149767206336735.
checkpoint_e13 window_influence: 0.54851355458304685, penalty_k: 0.19337900708341041, scale_lr: 0.60558437932938303, EAO: 0.261
Trial 190 finished with value: 0.26060998776079614 and parameters: {'window_influence': 0.5485135545830468, 'penalty_k': 0.1933790070834104, 'scale_lr': 0.605584379329383}. Best is trial 155 with value: 0.35149767206336735.
checkpoint_e13 window_influence: 0.41571284331073982, penalty_k: 0.10985613377736111, scale_lr: 0.58258230265792166, EAO: 0.291
Trial 191 finished with value: 0.2908878221470094 and parameters: {'window_influence': 0.4157128433107398, 'penalty_k': 0.10985613377736111, 'scale_lr': 0.5825823026579217}. Best is trial 155 with value: 0.35149767206336735.
checkpoint_e13 window_influence: 0.40288492678083504, penalty_k: 0.07292419631638866, scale_lr: 0.62814492885520268, EAO: 0.316
Trial 192 finished with value: 0.3162494039721062 and parameters: {'window_influence': 0.40288492678083504, 'penalty_k': 0.07292419631638866, 'scale_lr': 0.6281449288552027}. Best is trial 155 with value: 0.35149767206336735.
checkpoint_e13 window_influence: 0.43150564402760344, penalty_k: 0.09059835152120252, scale_lr: 0.64312332532351013, EAO: 0.309
Trial 193 finished with value: 0.30903510297086917 and parameters: {'window_influence': 0.43150564402760344, 'penalty_k': 0.09059835152120252, 'scale_lr': 0.6431233253235101}. Best is trial 155 with value: 0.35149767206336735.
checkpoint_e13 window_influence: 0.38715179464841054, penalty_k: 0.04808454273158148, scale_lr: 0.61346108780070896, EAO: 0.315
Trial 194 finished with value: 0.31506247673517074 and parameters: {'window_influence': 0.38715179464841054, 'penalty_k': 0.048084542731581484, 'scale_lr': 0.613461087800709}. Best is trial 155 with value: 0.35149767206336735.
checkpoint_e13 window_influence: 0.41606783950741028, penalty_k: 0.06188771557978590, scale_lr: 0.48859935764555212, EAO: 0.330
Trial 195 finished with value: 0.32988897453022376 and parameters: {'window_influence': 0.4160678395074103, 'penalty_k': 0.061887715579785896, 'scale_lr': 0.4885993576455521}. Best is trial 155 with value: 0.35149767206336735.
checkpoint_e13 window_influence: 0.39277053077829605, penalty_k: 0.06355255931481373, scale_lr: 0.66197016862900293, EAO: 0.313
Trial 196 finished with value: 0.3134363145215966 and parameters: {'window_influence': 0.39277053077829605, 'penalty_k': 0.06355255931481373, 'scale_lr': 0.6619701686290029}. Best is trial 155 with value: 0.35149767206336735.
checkpoint_e13 window_influence: 0.37890592822937108, penalty_k: 0.04187495316791603, scale_lr: 0.51757691520543891, EAO: 0.328
Trial 197 finished with value: 0.3276137568143555 and parameters: {'window_influence': 0.3789059282293711, 'penalty_k': 0.041874953167916035, 'scale_lr': 0.5175769152054389}. Best is trial 155 with value: 0.35149767206336735.
checkpoint_e13 window_influence: 0.53310691714608827, penalty_k: 0.05646838227603861, scale_lr: 0.52560131916759345, EAO: 0.296
Trial 198 finished with value: 0.2960064071393662 and parameters: {'window_influence': 0.5331069171460883, 'penalty_k': 0.05646838227603861, 'scale_lr': 0.5256013191675935}. Best is trial 155 with value: 0.35149767206336735.
checkpoint_e13 window_influence: 0.42077837730008705, penalty_k: 0.07494204514445157, scale_lr: 0.51778494636367567, EAO: 0.309
Trial 199 finished with value: 0.3089434629168492 and parameters: {'window_influence': 0.42077837730008705, 'penalty_k': 0.07494204514445157, 'scale_lr': 0.5177849463636757}. Best is trial 155 with value: 0.35149767206336735.
checkpoint_e13 window_influence: 0.38116649117478374, penalty_k: 0.02650020326236538, scale_lr: 0.59406992056623364, EAO: 0.320
Trial 200 finished with value: 0.31990119669919814 and parameters: {'window_influence': 0.38116649117478374, 'penalty_k': 0.02650020326236538, 'scale_lr': 0.5940699205662336}. Best is trial 155 with value: 0.35149767206336735.
checkpoint_e13 window_influence: 0.36675068898075386, penalty_k: 0.03850901197508398, scale_lr: 0.55335721299347818, EAO: 0.310
Trial 201 finished with value: 0.30985077537219347 and parameters: {'window_influence': 0.36675068898075386, 'penalty_k': 0.03850901197508398, 'scale_lr': 0.5533572129934782}. Best is trial 155 with value: 0.35149767206336735.
checkpoint_e13 window_influence: 0.35545580599809828, penalty_k: 0.04554410330073082, scale_lr: 0.63345049340284043, EAO: 0.318
Trial 202 finished with value: 0.3181749027990646 and parameters: {'window_influence': 0.3554558059980983, 'penalty_k': 0.045544103300730825, 'scale_lr': 0.6334504934028404}. Best is trial 155 with value: 0.35149767206336735.
checkpoint_e13 window_influence: 0.39940468132599860, penalty_k: 0.06158894607188935, scale_lr: 0.64711813396978868, EAO: 0.303
Trial 203 finished with value: 0.30348582994845125 and parameters: {'window_influence': 0.3994046813259986, 'penalty_k': 0.06158894607188935, 'scale_lr': 0.6471181339697887}. Best is trial 155 with value: 0.35149767206336735.
checkpoint_e13 window_influence: 0.37886629631756341, penalty_k: 0.03441552709366744, scale_lr: 0.48787033707238242, EAO: 0.329
Trial 204 finished with value: 0.3292185900740123 and parameters: {'window_influence': 0.3788662963175634, 'penalty_k': 0.034415527093667436, 'scale_lr': 0.4878703370723824}. Best is trial 155 with value: 0.35149767206336735.
checkpoint_e13 window_influence: 0.40946620400314343, penalty_k: 0.02129733871877992, scale_lr: 0.44542126666835363, EAO: 0.317
Trial 205 finished with value: 0.31659489678733543 and parameters: {'window_influence': 0.40946620400314343, 'penalty_k': 0.021297338718779923, 'scale_lr': 0.44542126666835363}. Best is trial 155 with value: 0.35149767206336735.
checkpoint_e13 window_influence: 0.37990532828779960, penalty_k: 0.08394557135438238, scale_lr: 0.50538215767395922, EAO: 0.323
Trial 206 finished with value: 0.3233971381233824 and parameters: {'window_influence': 0.3799053282877996, 'penalty_k': 0.08394557135438238, 'scale_lr': 0.5053821576739592}. Best is trial 155 with value: 0.35149767206336735.
checkpoint_e13 window_influence: 0.45445950828037046, penalty_k: 0.05382748668836954, scale_lr: 0.49317916638484410, EAO: 0.325
Trial 207 finished with value: 0.32507074557621657 and parameters: {'window_influence': 0.45445950828037046, 'penalty_k': 0.05382748668836954, 'scale_lr': 0.4931791663848441}. Best is trial 155 with value: 0.35149767206336735.
checkpoint_e13 window_influence: 0.39665422351603291, penalty_k: 0.01191395392288409, scale_lr: 0.48914938408495451, EAO: 0.311
Trial 208 finished with value: 0.3109607973103393 and parameters: {'window_influence': 0.3966542235160329, 'penalty_k': 0.011913953922884093, 'scale_lr': 0.4891493840849545}. Best is trial 155 with value: 0.35149767206336735.
checkpoint_e13 window_influence: 0.38848538017481965, penalty_k: 0.03483173159456396, scale_lr: 0.48063256711773578, EAO: 0.321
Trial 209 finished with value: 0.3211020794244128 and parameters: {'window_influence': 0.38848538017481965, 'penalty_k': 0.03483173159456396, 'scale_lr': 0.4806325671177358}. Best is trial 155 with value: 0.35149767206336735.
checkpoint_e13 window_influence: 0.43574415045897630, penalty_k: 0.07286439154221624, scale_lr: 0.53855773491867454, EAO: 0.328
Trial 210 finished with value: 0.32804037688539184 and parameters: {'window_influence': 0.4357441504589763, 'penalty_k': 0.07286439154221624, 'scale_lr': 0.5385577349186745}. Best is trial 155 with value: 0.35149767206336735.
checkpoint_e13 window_influence: 0.43593209072265848, penalty_k: 0.07223099088667677, scale_lr: 0.51162852889733113, EAO: 0.314
Trial 211 finished with value: 0.31419070517274655 and parameters: {'window_influence': 0.4359320907226585, 'penalty_k': 0.07223099088667677, 'scale_lr': 0.5116285288973311}. Best is trial 155 with value: 0.35149767206336735.
checkpoint_e13 window_influence: 0.41609905512453588, penalty_k: 0.10422733762777116, scale_lr: 0.57254051071915046, EAO: 0.308
Trial 212 finished with value: 0.3082007735039937 and parameters: {'window_influence': 0.4160990551245359, 'penalty_k': 0.10422733762777116, 'scale_lr': 0.5725405107191505}. Best is trial 155 with value: 0.35149767206336735.
checkpoint_e13 window_influence: 0.40774257416758453, penalty_k: 0.13547565339914180, scale_lr: 0.52966301321088316, EAO: 0.328
Trial 213 finished with value: 0.327750105396319 and parameters: {'window_influence': 0.4077425741675845, 'penalty_k': 0.1354756533991418, 'scale_lr': 0.5296630132108832}. Best is trial 155 with value: 0.35149767206336735.
checkpoint_e13 window_influence: 0.09204581462525518, penalty_k: 0.13399134328255036, scale_lr: 0.53826588618217874, EAO: 0.263
Trial 214 finished with value: 0.26347986426102976 and parameters: {'window_influence': 0.09204581462525518, 'penalty_k': 0.13399134328255036, 'scale_lr': 0.5382658861821787}. Best is trial 155 with value: 0.35149767206336735.
checkpoint_e13 window_influence: 0.40073195847990478, penalty_k: 0.15164274019777516, scale_lr: 0.52556376751605061, EAO: 0.322
Trial 215 finished with value: 0.3222751531039694 and parameters: {'window_influence': 0.4007319584799048, 'penalty_k': 0.15164274019777516, 'scale_lr': 0.5255637675160506}. Best is trial 155 with value: 0.35149767206336735.
checkpoint_e13 window_influence: 0.37643808123873390, penalty_k: 0.15829280818584446, scale_lr: 0.55318205636081552, EAO: 0.310
Trial 216 finished with value: 0.30995865780787707 and parameters: {'window_influence': 0.3764380812387339, 'penalty_k': 0.15829280818584446, 'scale_lr': 0.5531820563608155}. Best is trial 155 with value: 0.35149767206336735.
checkpoint_e13 window_influence: 0.40754531183055864, penalty_k: 0.11483903685836777, scale_lr: 0.53391841978410082, EAO: 0.320
Trial 217 finished with value: 0.3198499715513756 and parameters: {'window_influence': 0.40754531183055864, 'penalty_k': 0.11483903685836777, 'scale_lr': 0.5339184197841008}. Best is trial 155 with value: 0.35149767206336735.
checkpoint_e13 window_influence: 0.47810121361965197, penalty_k: 0.17919594889129842, scale_lr: 0.50068161279533585, EAO: 0.328
Trial 218 finished with value: 0.3276449377550689 and parameters: {'window_influence': 0.47810121361965197, 'penalty_k': 0.17919594889129842, 'scale_lr': 0.5006816127953359}. Best is trial 155 with value: 0.35149767206336735.
checkpoint_e13 window_influence: 0.46817786853027060, penalty_k: 0.19313831473803084, scale_lr: 0.49998894582856318, EAO: 0.321
Trial 219 finished with value: 0.3213229817175216 and parameters: {'window_influence': 0.4681778685302706, 'penalty_k': 0.19313831473803084, 'scale_lr': 0.4999889458285632}. Best is trial 155 with value: 0.35149767206336735.
checkpoint_e13 window_influence: 0.47199071129259729, penalty_k: 0.17745617805492142, scale_lr: 0.47638225021126795, EAO: 0.320
Trial 220 finished with value: 0.3202703125513945 and parameters: {'window_influence': 0.4719907112925973, 'penalty_k': 0.17745617805492142, 'scale_lr': 0.47638225021126795}. Best is trial 155 with value: 0.35149767206336735.
checkpoint_e13 window_influence: 0.49648522846642407, penalty_k: 0.17141545528886287, scale_lr: 0.52439128845421323, EAO: 0.307
Trial 221 finished with value: 0.3066156871239963 and parameters: {'window_influence': 0.49648522846642407, 'penalty_k': 0.17141545528886287, 'scale_lr': 0.5243912884542132}. Best is trial 155 with value: 0.35149767206336735.
checkpoint_e13 window_influence: 0.49256553811957415, penalty_k: 0.12943576156550429, scale_lr: 0.51338837112443669, EAO: 0.309
Trial 222 finished with value: 0.3091370847786447 and parameters: {'window_influence': 0.49256553811957415, 'penalty_k': 0.1294357615655043, 'scale_lr': 0.5133883711244367}. Best is trial 155 with value: 0.35149767206336735.
checkpoint_e13 window_influence: 0.48764602736694351, penalty_k: 0.14326429122561224, scale_lr: 0.48679518349205769, EAO: 0.313
Trial 223 finished with value: 0.31283877018824624 and parameters: {'window_influence': 0.4876460273669435, 'penalty_k': 0.14326429122561224, 'scale_lr': 0.4867951834920577}. Best is trial 155 with value: 0.35149767206336735.
checkpoint_e13 window_influence: 0.38681590396973570, penalty_k: 0.22260694322609437, scale_lr: 0.54006704705672037, EAO: 0.312
Trial 224 finished with value: 0.3117471214398336 and parameters: {'window_influence': 0.3868159039697357, 'penalty_k': 0.22260694322609437, 'scale_lr': 0.5400670470567204}. Best is trial 155 with value: 0.35149767206336735.
checkpoint_e13 window_influence: 0.42504109493829034, penalty_k: 0.16181154632209180, scale_lr: 0.49602000770124582, EAO: 0.328
Trial 225 finished with value: 0.32805147349602515 and parameters: {'window_influence': 0.42504109493829034, 'penalty_k': 0.1618115463220918, 'scale_lr': 0.4960200077012458}. Best is trial 155 with value: 0.35149767206336735.
checkpoint_e13 window_influence: 0.42694875929677045, penalty_k: 0.17036661008635420, scale_lr: 0.49683211841288261, EAO: 0.310
Trial 226 finished with value: 0.31013626573382647 and parameters: {'window_influence': 0.42694875929677045, 'penalty_k': 0.1703666100863542, 'scale_lr': 0.4968321184128826}. Best is trial 155 with value: 0.35149767206336735.
checkpoint_e13 window_influence: 0.43835013440467874, penalty_k: 0.16249551880141402, scale_lr: 0.45268078435182912, EAO: 0.316
Trial 227 finished with value: 0.3163056148629244 and parameters: {'window_influence': 0.43835013440467874, 'penalty_k': 0.16249551880141402, 'scale_lr': 0.4526807843518291}. Best is trial 155 with value: 0.35149767206336735.
checkpoint_e13 window_influence: 0.45148620624998848, penalty_k: 0.14509963503153997, scale_lr: 0.16790096227524981, EAO: 0.321
Trial 228 finished with value: 0.3209136644458029 and parameters: {'window_influence': 0.4514862062499885, 'penalty_k': 0.14509963503153997, 'scale_lr': 0.1679009622752498}. Best is trial 155 with value: 0.35149767206336735.
checkpoint_e13 window_influence: 0.48121771570914407, penalty_k: 0.27173232197237246, scale_lr: 0.56487756165204484, EAO: 0.286
Trial 229 finished with value: 0.286397218820186 and parameters: {'window_influence': 0.48121771570914407, 'penalty_k': 0.27173232197237246, 'scale_lr': 0.5648775616520448}. Best is trial 155 with value: 0.35149767206336735.
checkpoint_e13 window_influence: 0.41894684420222972, penalty_k: 0.18288736927651650, scale_lr: 0.50514612525796987, EAO: 0.313
Trial 230 finished with value: 0.3130698567002664 and parameters: {'window_influence': 0.4189468442022297, 'penalty_k': 0.1828873692765165, 'scale_lr': 0.5051461252579699}. Best is trial 155 with value: 0.35149767206336735.
checkpoint_e13 window_influence: 0.40466640731126813, penalty_k: 0.16038741176161997, scale_lr: 0.47075332264595948, EAO: 0.325
Trial 231 finished with value: 0.324597248017556 and parameters: {'window_influence': 0.40466640731126813, 'penalty_k': 0.16038741176161997, 'scale_lr': 0.4707533226459595}. Best is trial 155 with value: 0.35149767206336735.
checkpoint_e13 window_influence: 0.36786755582238917, penalty_k: 0.06632605887124005, scale_lr: 0.48156760525380315, EAO: 0.330
Trial 232 finished with value: 0.3303026222417327 and parameters: {'window_influence': 0.36786755582238917, 'penalty_k': 0.06632605887124005, 'scale_lr': 0.48156760525380315}. Best is trial 155 with value: 0.35149767206336735.
checkpoint_e13 window_influence: 0.36091715936230157, penalty_k: 0.06746062397677567, scale_lr: 0.47805805230071230, EAO: 0.319
Trial 233 finished with value: 0.31884764500165264 and parameters: {'window_influence': 0.36091715936230157, 'penalty_k': 0.06746062397677567, 'scale_lr': 0.4780580523007123}. Best is trial 155 with value: 0.35149767206336735.
checkpoint_e13 window_influence: 0.46166614729728883, penalty_k: 0.07608482668490685, scale_lr: 0.49218015413728600, EAO: 0.305
Trial 234 finished with value: 0.3047585377201496 and parameters: {'window_influence': 0.46166614729728883, 'penalty_k': 0.07608482668490685, 'scale_lr': 0.492180154137286}. Best is trial 155 with value: 0.35149767206336735.
checkpoint_e13 window_influence: 0.39199138798996830, penalty_k: 0.31370022375655315, scale_lr: 0.45960356983035233, EAO: 0.303
Trial 235 finished with value: 0.30277646596793534 and parameters: {'window_influence': 0.3919913879899683, 'penalty_k': 0.31370022375655315, 'scale_lr': 0.45960356983035233}. Best is trial 155 with value: 0.35149767206336735.
checkpoint_e13 window_influence: 0.50924442174254514, penalty_k: 0.09517642681555535, scale_lr: 0.62096078426856638, EAO: 0.290
Trial 236 finished with value: 0.2897869545661986 and parameters: {'window_influence': 0.5092444217425451, 'penalty_k': 0.09517642681555535, 'scale_lr': 0.6209607842685664}. Best is trial 155 with value: 0.35149767206336735.
checkpoint_e13 window_influence: 0.36635968693044524, penalty_k: 0.08952616215891145, scale_lr: 0.46842127624984486, EAO: 0.319
Trial 237 finished with value: 0.31906014101050706 and parameters: {'window_influence': 0.36635968693044524, 'penalty_k': 0.08952616215891145, 'scale_lr': 0.46842127624984486}. Best is trial 155 with value: 0.35149767206336735.
checkpoint_e13 window_influence: 0.42608840604113962, penalty_k: 0.06009886113185987, scale_lr: 0.61248778212300625, EAO: 0.316
