Trial 542 finished with value: 0.33589175018818923 and parameters: {'window_influence': 0.4666983401715017, 'penalty_k': 0.13590442816660256, 'scale_lr': 0.272480787073897}. Best is trial 386 with value: 0.35297253809086543.
checkpoint_e18 window_influence: 0.45382523350515386, penalty_k: 0.13602534433370408, scale_lr: 0.26717409852768398, EAO: 0.327
Trial 543 finished with value: 0.3267608546445342 and parameters: {'window_influence': 0.45382523350515386, 'penalty_k': 0.13602534433370408, 'scale_lr': 0.267174098527684}. Best is trial 386 with value: 0.35297253809086543.
checkpoint_e18 window_influence: 0.40437554884190879, penalty_k: 0.07669420180709745, scale_lr: 0.22411114966499499, EAO: 0.317
Trial 240 finished with value: 0.3173192695421004 and parameters: {'window_influence': 0.4043755488419088, 'penalty_k': 0.07669420180709745, 'scale_lr': 0.22411114966499499}. Best is trial 201 with value: 0.34928440305509456.
checkpoint_e18 window_influence: 0.31310424069512083, penalty_k: 0.15072401745596370, scale_lr: 0.28171213669807749, EAO: 0.292
Trial 544 finished with value: 0.29158600944489355 and parameters: {'window_influence': 0.31310424069512083, 'penalty_k': 0.1507240174559637, 'scale_lr': 0.2817121366980775}. Best is trial 386 with value: 0.35297253809086543.
checkpoint_e18 window_influence: 0.46491102330087586, penalty_k: 0.12796119877240364, scale_lr: 0.31923802157945352, EAO: 0.327
Trial 545 finished with value: 0.3266625901836366 and parameters: {'window_influence': 0.46491102330087586, 'penalty_k': 0.12796119877240364, 'scale_lr': 0.3192380215794535}. Best is trial 386 with value: 0.35297253809086543.
checkpoint_e18 window_influence: 0.41681506066794771, penalty_k: 0.06050879120762218, scale_lr: 0.20273405417889045, EAO: 0.297
Trial 241 finished with value: 0.2965196400648889 and parameters: {'window_influence': 0.4168150606679477, 'penalty_k': 0.060508791207622176, 'scale_lr': 0.20273405417889045}. Best is trial 201 with value: 0.34928440305509456.
checkpoint_e18 window_influence: 0.44297910801217710, penalty_k: 0.25504013786962304, scale_lr: 0.28868197983673627, EAO: 0.334
Trial 546 finished with value: 0.3337810639045582 and parameters: {'window_influence': 0.4429791080121771, 'penalty_k': 0.25504013786962304, 'scale_lr': 0.28868197983673627}. Best is trial 386 with value: 0.35297253809086543.
checkpoint_e18 window_influence: 0.15146850571784223, penalty_k: 0.16924090074282605, scale_lr: 0.30219418392414643, EAO: 0.276
Trial 547 finished with value: 0.27607742340416297 and parameters: {'window_influence': 0.15146850571784223, 'penalty_k': 0.16924090074282605, 'scale_lr': 0.30219418392414643}. Best is trial 386 with value: 0.35297253809086543.
checkpoint_e18 window_influence: 0.43725815078413105, penalty_k: 0.05606168901139662, scale_lr: 0.28359480230584022, EAO: 0.316
Trial 242 finished with value: 0.31556593015036233 and parameters: {'window_influence': 0.43725815078413105, 'penalty_k': 0.05606168901139662, 'scale_lr': 0.2835948023058402}. Best is trial 201 with value: 0.34928440305509456.
checkpoint_e18 window_influence: 0.46542089576588108, penalty_k: 0.20630856237347983, scale_lr: 0.26127095875920464, EAO: 0.333
Trial 548 finished with value: 0.33331677549544014 and parameters: {'window_influence': 0.4654208957658811, 'penalty_k': 0.20630856237347983, 'scale_lr': 0.26127095875920464}. Best is trial 386 with value: 0.35297253809086543.
checkpoint_e18 window_influence: 0.45150257784093378, penalty_k: 0.12021726487593554, scale_lr: 0.67498241010941173, EAO: 0.342
Trial 549 finished with value: 0.34214637599566566 and parameters: {'window_influence': 0.4515025778409338, 'penalty_k': 0.12021726487593554, 'scale_lr': 0.6749824101094117}. Best is trial 386 with value: 0.35297253809086543.
checkpoint_e18 window_influence: 0.42954413580449791, penalty_k: 0.01669159702063514, scale_lr: 0.25581192855708040, EAO: 0.345
Trial 243 finished with value: 0.3451381635341199 and parameters: {'window_influence': 0.4295441358044979, 'penalty_k': 0.016691597020635142, 'scale_lr': 0.2558119285570804}. Best is trial 201 with value: 0.34928440305509456.
checkpoint_e18 window_influence: 0.44965881230328647, penalty_k: 0.14301392596627738, scale_lr: 0.63568313527111642, EAO: 0.311
Trial 550 finished with value: 0.310867802352293 and parameters: {'window_influence': 0.44965881230328647, 'penalty_k': 0.14301392596627738, 'scale_lr': 0.6356831352711164}. Best is trial 386 with value: 0.35297253809086543.
checkpoint_e18 window_influence: 0.43767650363736482, penalty_k: 0.12436060550003465, scale_lr: 0.69928194501020302, EAO: 0.319
Trial 551 finished with value: 0.31896987980673747 and parameters: {'window_influence': 0.4376765036373648, 'penalty_k': 0.12436060550003465, 'scale_lr': 0.699281945010203}. Best is trial 386 with value: 0.35297253809086543.
checkpoint_e18 window_influence: 0.42482409366818369, penalty_k: 0.01596042638312020, scale_lr: 0.23585484981640431, EAO: 0.322
Trial 244 finished with value: 0.32185709505461535 and parameters: {'window_influence': 0.4248240936681837, 'penalty_k': 0.0159604263831202, 'scale_lr': 0.2358548498164043}. Best is trial 201 with value: 0.34928440305509456.
checkpoint_e18 window_influence: 0.45387582941594112, penalty_k: 0.52844776639988289, scale_lr: 0.67652314867374963, EAO: 0.324
Trial 552 finished with value: 0.3241707617090834 and parameters: {'window_influence': 0.4538758294159411, 'penalty_k': 0.5284477663998829, 'scale_lr': 0.6765231486737496}. Best is trial 386 with value: 0.35297253809086543.
checkpoint_e18 window_influence: 0.63077824554690332, penalty_k: 0.11923543621852267, scale_lr: 0.66766610976564478, EAO: 0.239
Trial 553 finished with value: 0.23937031481748425 and parameters: {'window_influence': 0.6307782455469033, 'penalty_k': 0.11923543621852267, 'scale_lr': 0.6676661097656448}. Best is trial 386 with value: 0.35297253809086543.
checkpoint_e18 window_influence: 0.36223157451623683, penalty_k: 0.21563752768642741, scale_lr: 0.34894350711382383, EAO: 0.292
Trial 554 finished with value: 0.29160498389938 and parameters: {'window_influence': 0.36223157451623683, 'penalty_k': 0.2156375276864274, 'scale_lr': 0.3489435071138238}. Best is trial 386 with value: 0.35297253809086543.
checkpoint_e18 window_influence: 0.38674384424311875, penalty_k: 0.00937771406489297, scale_lr: 0.27546737727172149, EAO: 0.314
Trial 245 finished with value: 0.3137244015120347 and parameters: {'window_influence': 0.38674384424311875, 'penalty_k': 0.009377714064892972, 'scale_lr': 0.2754673772717215}. Best is trial 201 with value: 0.34928440305509456.
checkpoint_e18 window_influence: 0.46325975456803320, penalty_k: 0.21510727525383089, scale_lr: 0.30209033342750047, EAO: 0.326
Trial 555 finished with value: 0.32554787333605356 and parameters: {'window_influence': 0.4632597545680332, 'penalty_k': 0.2151072752538309, 'scale_lr': 0.30209033342750047}. Best is trial 386 with value: 0.35297253809086543.
checkpoint_e18 window_influence: 0.58911425447164678, penalty_k: 0.50272239353631454, scale_lr: 0.61025174833635099, EAO: 0.237
Trial 556 finished with value: 0.23680123814349044 and parameters: {'window_influence': 0.5891142544716468, 'penalty_k': 0.5027223935363145, 'scale_lr': 0.610251748336351}. Best is trial 386 with value: 0.35297253809086543.
checkpoint_e18 window_influence: 0.41217889235283572, penalty_k: 0.02179229548563234, scale_lr: 0.25346375772445218, EAO: 0.320
Trial 246 finished with value: 0.32010372099013645 and parameters: {'window_influence': 0.4121788923528357, 'penalty_k': 0.021792295485632336, 'scale_lr': 0.2534637577244522}. Best is trial 201 with value: 0.34928440305509456.
checkpoint_e18 window_influence: 0.44124012894929054, penalty_k: 0.12949782375663593, scale_lr: 0.26912702398781024, EAO: 0.337
Trial 557 finished with value: 0.337479391450548 and parameters: {'window_influence': 0.44124012894929054, 'penalty_k': 0.12949782375663593, 'scale_lr': 0.26912702398781024}. Best is trial 386 with value: 0.35297253809086543.
checkpoint_e18 window_influence: 0.44042743055345496, penalty_k: 0.24095661591904657, scale_lr: 0.68594384551438059, EAO: 0.309
Trial 558 finished with value: 0.30874921103163916 and parameters: {'window_influence': 0.44042743055345496, 'penalty_k': 0.24095661591904657, 'scale_lr': 0.6859438455143806}. Best is trial 386 with value: 0.35297253809086543.
checkpoint_e18 window_influence: 0.43995900062313548, penalty_k: 0.31861759184833655, scale_lr: 0.36068656493862084, EAO: 0.308
Trial 559 finished with value: 0.3076848024756064 and parameters: {'window_influence': 0.4399590006231355, 'penalty_k': 0.31861759184833655, 'scale_lr': 0.36068656493862084}. Best is trial 386 with value: 0.35297253809086543.
checkpoint_e18 window_influence: 0.32782472395040679, penalty_k: 0.11128696541606742, scale_lr: 0.24598082790086248, EAO: 0.318
Trial 560 finished with value: 0.3176183502845727 and parameters: {'window_influence': 0.3278247239504068, 'penalty_k': 0.11128696541606742, 'scale_lr': 0.24598082790086248}. Best is trial 386 with value: 0.35297253809086543.
checkpoint_e18 window_influence: 0.39782752345657130, penalty_k: 0.00013778304765748, scale_lr: 0.25442710710375444, EAO: 0.319
Trial 247 finished with value: 0.3193698331191846 and parameters: {'window_influence': 0.3978275234565713, 'penalty_k': 0.000137783047657485, 'scale_lr': 0.25442710710375444}. Best is trial 201 with value: 0.34928440305509456.
checkpoint_e18 window_influence: 0.26940104279510468, penalty_k: 0.23548292384190569, scale_lr: 0.29473604305363815, EAO: 0.301
Trial 561 finished with value: 0.3011898985748625 and parameters: {'window_influence': 0.2694010427951047, 'penalty_k': 0.2354829238419057, 'scale_lr': 0.29473604305363815}. Best is trial 386 with value: 0.35297253809086543.
checkpoint_e18 window_influence: 0.44774454196014074, penalty_k: 0.27435823974497209, scale_lr: 0.34159497436447872, EAO: 0.338
Trial 562 finished with value: 0.3377881282034551 and parameters: {'window_influence': 0.44774454196014074, 'penalty_k': 0.2743582397449721, 'scale_lr': 0.3415949743644787}. Best is trial 386 with value: 0.35297253809086543.
checkpoint_e18 window_influence: 0.45418119356703379, penalty_k: 0.03238897287842036, scale_lr: 0.19681595464111379, EAO: 0.325
Trial 248 finished with value: 0.32532901905390077 and parameters: {'window_influence': 0.4541811935670338, 'penalty_k': 0.03238897287842036, 'scale_lr': 0.1968159546411138}. Best is trial 201 with value: 0.34928440305509456.
checkpoint_e18 window_influence: 0.43505201000165150, penalty_k: 0.19258577994772486, scale_lr: 0.34183000624664173, EAO: 0.325
Trial 563 finished with value: 0.324885218987669 and parameters: {'window_influence': 0.4350520100016515, 'penalty_k': 0.19258577994772486, 'scale_lr': 0.3418300062466417}. Best is trial 386 with value: 0.35297253809086543.
checkpoint_e18 window_influence: 0.45365525980850296, penalty_k: 0.26445931848341453, scale_lr: 0.34483970921527224, EAO: 0.334
Trial 564 finished with value: 0.33442410455603544 and parameters: {'window_influence': 0.45365525980850296, 'penalty_k': 0.26445931848341453, 'scale_lr': 0.34483970921527224}. Best is trial 386 with value: 0.35297253809086543.
checkpoint_e18 window_influence: 0.44731513014631963, penalty_k: 0.27122142950592570, scale_lr: 0.33215512866309349, EAO: 0.332
Trial 565 finished with value: 0.3321633648547681 and parameters: {'window_influence': 0.44731513014631963, 'penalty_k': 0.2712214295059257, 'scale_lr': 0.3321551286630935}. Best is trial 386 with value: 0.35297253809086543.
checkpoint_e18 window_influence: 0.42943997935996081, penalty_k: 0.17396715638570892, scale_lr: 0.17258502256836578, EAO: 0.313
Trial 249 finished with value: 0.31251187361631877 and parameters: {'window_influence': 0.4294399793599608, 'penalty_k': 0.17396715638570892, 'scale_lr': 0.17258502256836578}. Best is trial 201 with value: 0.34928440305509456.
checkpoint_e18 window_influence: 0.43359274861108044, penalty_k: 0.28557293780576420, scale_lr: 0.65646465204806470, EAO: 0.320
Trial 566 finished with value: 0.3199832089216329 and parameters: {'window_influence': 0.43359274861108044, 'penalty_k': 0.2855729378057642, 'scale_lr': 0.6564646520480647}. Best is trial 386 with value: 0.35297253809086543.
checkpoint_e18 window_influence: 0.45443533187955071, penalty_k: 0.24448713137762640, scale_lr: 0.62225604518711630, EAO: 0.322
Trial 567 finished with value: 0.3224836768227329 and parameters: {'window_influence': 0.4544353318795507, 'penalty_k': 0.2444871313776264, 'scale_lr': 0.6222560451871163}. Best is trial 386 with value: 0.35297253809086543.
checkpoint_e18 window_influence: 0.43406851248049938, penalty_k: 0.27932836420337026, scale_lr: 0.31539043199132921, EAO: 0.311
Trial 568 finished with value: 0.31099784652546686 and parameters: {'window_influence': 0.4340685124804994, 'penalty_k': 0.27932836420337026, 'scale_lr': 0.3153904319913292}. Best is trial 386 with value: 0.35297253809086543.
checkpoint_e18 window_influence: 0.46541313150989244, penalty_k: 0.01634099032720014, scale_lr: 0.29889195813643282, EAO: 0.324
Trial 250 finished with value: 0.32361944443057017 and parameters: {'window_influence': 0.46541313150989244, 'penalty_k': 0.016340990327200138, 'scale_lr': 0.2988919581364328}. Best is trial 201 with value: 0.34928440305509456.
checkpoint_e18 window_influence: 0.44961890806903199, penalty_k: 0.33091338562115746, scale_lr: 0.28425014780663710, EAO: 0.315
Trial 569 finished with value: 0.3154093662008701 and parameters: {'window_influence': 0.449618908069032, 'penalty_k': 0.33091338562115746, 'scale_lr': 0.2842501478066371}. Best is trial 386 with value: 0.35297253809086543.
checkpoint_e18 window_influence: 0.22576778373976619, penalty_k: 0.26658855650674779, scale_lr: 0.39809426901512518, EAO: 0.281
Trial 570 finished with value: 0.28134810501267477 and parameters: {'window_influence': 0.2257677837397662, 'penalty_k': 0.2665885565067478, 'scale_lr': 0.3980942690151252}. Best is trial 386 with value: 0.35297253809086543.
checkpoint_e18 window_influence: 0.21346956319029359, penalty_k: 0.10770493844951400, scale_lr: 0.24905814180002911, EAO: 0.271
Trial 251 finished with value: 0.2710637864203769 and parameters: {'window_influence': 0.2134695631902936, 'penalty_k': 0.107704938449514, 'scale_lr': 0.2490581418000291}. Best is trial 201 with value: 0.34928440305509456.
checkpoint_e18 window_influence: 0.46449490249081932, penalty_k: 0.25162035495410906, scale_lr: 0.37995541321610538, EAO: 0.305
Trial 571 finished with value: 0.30521103038166286 and parameters: {'window_influence': 0.4644949024908193, 'penalty_k': 0.25162035495410906, 'scale_lr': 0.3799554132161054}. Best is trial 386 with value: 0.35297253809086543.
checkpoint_e18 window_influence: 0.35694587845745634, penalty_k: 0.53611918775074907, scale_lr: 0.35463230968519721, EAO: 0.297
Trial 572 finished with value: 0.2970159811616408 and parameters: {'window_influence': 0.35694587845745634, 'penalty_k': 0.5361191877507491, 'scale_lr': 0.3546323096851972}. Best is trial 386 with value: 0.35297253809086543.
checkpoint_e18 window_influence: 0.52515200783041094, penalty_k: 0.27699757932065699, scale_lr: 0.29655669326087186, EAO: 0.295
Trial 252 finished with value: 0.29459866881370544 and parameters: {'window_influence': 0.5251520078304109, 'penalty_k': 0.276997579320657, 'scale_lr': 0.29655669326087186}. Best is trial 201 with value: 0.34928440305509456.
checkpoint_e18 window_influence: 0.45557163603668815, penalty_k: 0.15841025482424306, scale_lr: 0.64894003288734570, EAO: 0.315
Trial 573 finished with value: 0.314563058287717 and parameters: {'window_influence': 0.45557163603668815, 'penalty_k': 0.15841025482424306, 'scale_lr': 0.6489400328873457}. Best is trial 386 with value: 0.35297253809086543.
checkpoint_e18 window_influence: 0.44249405554796395, penalty_k: 0.23573684643026116, scale_lr: 0.33617321880118367, EAO: 0.335
Trial 574 finished with value: 0.33474691612247365 and parameters: {'window_influence': 0.44249405554796395, 'penalty_k': 0.23573684643026116, 'scale_lr': 0.33617321880118367}. Best is trial 386 with value: 0.35297253809086543.
checkpoint_e18 window_influence: 0.52216699007742506, penalty_k: 0.29298940891462028, scale_lr: 0.70539828445493979, EAO: 0.275
Trial 575 finished with value: 0.27500680175968645 and parameters: {'window_influence': 0.5221669900774251, 'penalty_k': 0.2929894089146203, 'scale_lr': 0.7053982844549398}. Best is trial 386 with value: 0.35297253809086543.
checkpoint_e18 window_influence: 0.41663229951387443, penalty_k: 0.04039220397537520, scale_lr: 0.28069481341494745, EAO: 0.322
Trial 253 finished with value: 0.3218191003984978 and parameters: {'window_influence': 0.4166322995138744, 'penalty_k': 0.0403922039753752, 'scale_lr': 0.28069481341494745}. Best is trial 201 with value: 0.34928440305509456.
checkpoint_e18 window_influence: 0.29990628092705673, penalty_k: 0.22429016873689869, scale_lr: 0.59650144772037716, EAO: 0.283
Trial 576 finished with value: 0.2832433907786232 and parameters: {'window_influence': 0.29990628092705673, 'penalty_k': 0.2242901687368987, 'scale_lr': 0.5965014477203772}. Best is trial 386 with value: 0.35297253809086543.
checkpoint_e18 window_influence: 0.47095103077418476, penalty_k: 0.27636296836209734, scale_lr: 0.30828367057395489, EAO: 0.331
Trial 577 finished with value: 0.33131127331971194 and parameters: {'window_influence': 0.47095103077418476, 'penalty_k': 0.27636296836209734, 'scale_lr': 0.3082836705739549}. Best is trial 386 with value: 0.35297253809086543.
checkpoint_e18 window_influence: 0.40486319975495821, penalty_k: 0.00034920733229481, scale_lr: 0.24053669143135273, EAO: 0.346
Trial 254 finished with value: 0.345636302858939 and parameters: {'window_influence': 0.4048631997549582, 'penalty_k': 0.0003492073322948139, 'scale_lr': 0.24053669143135273}. Best is trial 201 with value: 0.34928440305509456.
checkpoint_e18 window_influence: 0.45727926428437110, penalty_k: 0.34075914531374030, scale_lr: 0.36828432224868674, EAO: 0.309
Trial 578 finished with value: 0.3089490604771714 and parameters: {'window_influence': 0.4572792642843711, 'penalty_k': 0.3407591453137403, 'scale_lr': 0.36828432224868674}. Best is trial 386 with value: 0.35297253809086543.
checkpoint_e18 window_influence: 0.47152367133921536, penalty_k: 0.57870882585660244, scale_lr: 0.27556248777590669, EAO: 0.280
Trial 579 finished with value: 0.2803169404254349 and parameters: {'window_influence': 0.47152367133921536, 'penalty_k': 0.5787088258566024, 'scale_lr': 0.2755624877759067}. Best is trial 386 with value: 0.35297253809086543.
checkpoint_e18 window_influence: 0.57848713590572598, penalty_k: 0.18310261912438275, scale_lr: 0.25044645827725626, EAO: 0.287
Trial 580 finished with value: 0.2865315736615704 and parameters: {'window_influence': 0.578487135905726, 'penalty_k': 0.18310261912438275, 'scale_lr': 0.25044645827725626}. Best is trial 386 with value: 0.35297253809086543.
checkpoint_e18 window_influence: 0.40527993396598644, penalty_k: 0.00131065469606208, scale_lr: 0.22434239995800789, EAO: 0.334
Trial 255 finished with value: 0.33415882237226585 and parameters: {'window_influence': 0.40527993396598644, 'penalty_k': 0.001310654696062085, 'scale_lr': 0.2243423999580079}. Best is trial 201 with value: 0.34928440305509456.
checkpoint_e18 window_influence: 0.37612667546619777, penalty_k: 0.13286003317323655, scale_lr: 0.32377484679999324, EAO: 0.329
Trial 581 finished with value: 0.32949398649341866 and parameters: {'window_influence': 0.37612667546619777, 'penalty_k': 0.13286003317323655, 'scale_lr': 0.32377484679999324}. Best is trial 386 with value: 0.35297253809086543.
checkpoint_e18 window_influence: 0.28413930173841112, penalty_k: 0.49533333435543880, scale_lr: 0.37510122435200832, EAO: 0.288
Trial 582 finished with value: 0.2875144379612073 and parameters: {'window_influence': 0.2841393017384111, 'penalty_k': 0.4953333343554388, 'scale_lr': 0.3751012243520083}. Best is trial 386 with value: 0.35297253809086543.
checkpoint_e18 window_influence: 0.42691227783427982, penalty_k: 0.00961869170885186, scale_lr: 0.22183274968269776, EAO: 0.328
Trial 256 finished with value: 0.32801177407748966 and parameters: {'window_influence': 0.4269122778342798, 'penalty_k': 0.009618691708851858, 'scale_lr': 0.22183274968269776}. Best is trial 201 with value: 0.34928440305509456.
checkpoint_e18 window_influence: 0.43264929087572412, penalty_k: 0.14864128335392027, scale_lr: 0.40877236159524932, EAO: 0.316
Trial 583 finished with value: 0.3158433666952853 and parameters: {'window_influence': 0.4326492908757241, 'penalty_k': 0.14864128335392027, 'scale_lr': 0.4087723615952493}. Best is trial 386 with value: 0.35297253809086543.
checkpoint_e18 window_influence: 0.32157443799297725, penalty_k: 0.29665975664337652, scale_lr: 0.63253678851911077, EAO: 0.291
Trial 584 finished with value: 0.2909610257538376 and parameters: {'window_influence': 0.32157443799297725, 'penalty_k': 0.2966597566433765, 'scale_lr': 0.6325367885191108}. Best is trial 386 with value: 0.35297253809086543.
checkpoint_e18 window_influence: 0.44516787355363990, penalty_k: 0.11546912805123269, scale_lr: 0.61166936257668514, EAO: 0.308
Trial 585 finished with value: 0.30797440764505113 and parameters: {'window_influence': 0.4451678735536399, 'penalty_k': 0.11546912805123269, 'scale_lr': 0.6116693625766851}. Best is trial 386 with value: 0.35297253809086543.
checkpoint_e18 window_influence: 0.40169883598487865, penalty_k: 0.00526643669022484, scale_lr: 0.21098447922086228, EAO: 0.321
Trial 257 finished with value: 0.32050611530992307 and parameters: {'window_influence': 0.40169883598487865, 'penalty_k': 0.005266436690224836, 'scale_lr': 0.21098447922086228}. Best is trial 201 with value: 0.34928440305509456.
checkpoint_e18 window_influence: 0.46255879992049059, penalty_k: 0.13095541712162043, scale_lr: 0.57986889705257183, EAO: 0.329
