Trial 1317 finished with value: 0.33990831748520817 and parameters: {'window_influence': 0.45095989180380064, 'penalty_k': 0.16128789429859477, 'scale_lr': 0.3580046031596882}. Best is trial 1044 with value: 0.36650777071830365.
checkpoint_e29 window_influence: 0.08951884887052869, penalty_k: 0.14271953698077663, scale_lr: 0.48145625801085939, EAO: 0.253
Trial 1318 finished with value: 0.25349124176029103 and parameters: {'window_influence': 0.08951884887052869, 'penalty_k': 0.14271953698077663, 'scale_lr': 0.4814562580108594}. Best is trial 1044 with value: 0.36650777071830365.
checkpoint_e29 window_influence: 0.30609453603065023, penalty_k: 0.27784389929394748, scale_lr: 0.15189876579417011, EAO: 0.306
Trial 1319 finished with value: 0.30645896024741087 and parameters: {'window_influence': 0.30609453603065023, 'penalty_k': 0.2778438992939475, 'scale_lr': 0.1518987657941701}. Best is trial 1044 with value: 0.36650777071830365.
checkpoint_e29 window_influence: 0.48156371416761917, penalty_k: 0.44659803016055216, scale_lr: 0.43240570318171456, EAO: 0.305
Trial 1320 finished with value: 0.30500984284664406 and parameters: {'window_influence': 0.4815637141676192, 'penalty_k': 0.44659803016055216, 'scale_lr': 0.43240570318171456}. Best is trial 1044 with value: 0.36650777071830365.
checkpoint_e29 window_influence: 0.50594522428029798, penalty_k: 0.08994529250864994, scale_lr: 0.17391663130429802, EAO: 0.352
Trial 1321 finished with value: 0.35214754278093924 and parameters: {'window_influence': 0.505945224280298, 'penalty_k': 0.08994529250864994, 'scale_lr': 0.17391663130429802}. Best is trial 1044 with value: 0.36650777071830365.
checkpoint_e29 window_influence: 0.46749347803895064, penalty_k: 0.18198606740277423, scale_lr: 0.37264751916492989, EAO: 0.332
Trial 1322 finished with value: 0.3316983650166701 and parameters: {'window_influence': 0.46749347803895064, 'penalty_k': 0.18198606740277423, 'scale_lr': 0.3726475191649299}. Best is trial 1044 with value: 0.36650777071830365.
checkpoint_e29 window_influence: 0.28833854777346157, penalty_k: 0.24211633246125752, scale_lr: 0.45742017816273428, EAO: 0.297
Trial 1323 finished with value: 0.2970183682464904 and parameters: {'window_influence': 0.2883385477734616, 'penalty_k': 0.24211633246125752, 'scale_lr': 0.4574201781627343}. Best is trial 1044 with value: 0.36650777071830365.
checkpoint_e29 window_influence: 0.30053764247081838, penalty_k: 0.10545374528507179, scale_lr: 0.33428651644719587, EAO: 0.306
Trial 1324 finished with value: 0.30591777013433585 and parameters: {'window_influence': 0.3005376424708184, 'penalty_k': 0.10545374528507179, 'scale_lr': 0.33428651644719587}. Best is trial 1044 with value: 0.36650777071830365.
checkpoint_e29 window_influence: 0.52198884038168558, penalty_k: 0.15884293584482287, scale_lr: 0.13597433870308742, EAO: 0.330
Trial 1325 finished with value: 0.32985429378798964 and parameters: {'window_influence': 0.5219888403816856, 'penalty_k': 0.15884293584482287, 'scale_lr': 0.13597433870308742}. Best is trial 1044 with value: 0.36650777071830365.
checkpoint_e29 window_influence: 0.26600836951643425, penalty_k: 0.07729106742418949, scale_lr: 0.23378225025018121, EAO: 0.301
Trial 1326 finished with value: 0.30116365554267793 and parameters: {'window_influence': 0.26600836951643425, 'penalty_k': 0.0772910674241895, 'scale_lr': 0.2337822502501812}. Best is trial 1044 with value: 0.36650777071830365.
checkpoint_e29 window_influence: 0.49061937865389010, penalty_k: 0.00051754497262935, scale_lr: 0.52753388729016104, EAO: 0.324
Trial 1327 finished with value: 0.3241787122613261 and parameters: {'window_influence': 0.4906193786538901, 'penalty_k': 0.0005175449726293538, 'scale_lr': 0.527533887290161}. Best is trial 1044 with value: 0.36650777071830365.
checkpoint_e29 window_influence: 0.61197484381642420, penalty_k: 0.13613991270138875, scale_lr: 0.47804436606526512, EAO: 0.253
Trial 1328 finished with value: 0.252718683984493 and parameters: {'window_influence': 0.6119748438164242, 'penalty_k': 0.13613991270138875, 'scale_lr': 0.4780443660652651}. Best is trial 1044 with value: 0.36650777071830365.
checkpoint_e29 window_influence: 0.58671013128349281, penalty_k: 0.17416728633052250, scale_lr: 0.55865483556148776, EAO: 0.260
Trial 1329 finished with value: 0.259562425112446 and parameters: {'window_influence': 0.5867101312834928, 'penalty_k': 0.1741672863305225, 'scale_lr': 0.5586548355614878}. Best is trial 1044 with value: 0.36650777071830365.
checkpoint_e29 window_influence: 0.47890376928962747, penalty_k: 0.15389929172444841, scale_lr: 0.66979346893048264, EAO: 0.358
Trial 1330 finished with value: 0.35787391105978406 and parameters: {'window_influence': 0.47890376928962747, 'penalty_k': 0.1538992917244484, 'scale_lr': 0.6697934689304826}. Best is trial 1044 with value: 0.36650777071830365.
checkpoint_e29 window_influence: 0.26215432316879683, penalty_k: 0.08589683201548720, scale_lr: 0.69006965709860757, EAO: 0.293
Trial 1331 finished with value: 0.2932218067376994 and parameters: {'window_influence': 0.26215432316879683, 'penalty_k': 0.0858968320154872, 'scale_lr': 0.6900696570986076}. Best is trial 1044 with value: 0.36650777071830365.
checkpoint_e29 window_influence: 0.59753092433399058, penalty_k: 0.12438235355625103, scale_lr: 0.75665675794950027, EAO: 0.257
Trial 1332 finished with value: 0.25741453277461723 and parameters: {'window_influence': 0.5975309243339906, 'penalty_k': 0.12438235355625103, 'scale_lr': 0.7566567579495003}. Best is trial 1044 with value: 0.36650777071830365.
checkpoint_e29 window_influence: 0.50279468880386768, penalty_k: 0.59630553950198761, scale_lr: 0.67179682466889279, EAO: 0.296
Trial 1333 finished with value: 0.2963802953638455 and parameters: {'window_influence': 0.5027946888038677, 'penalty_k': 0.5963055395019876, 'scale_lr': 0.6717968246688928}. Best is trial 1044 with value: 0.36650777071830365.
checkpoint_e29 window_influence: 0.48669438364193157, penalty_k: 0.19229994707372744, scale_lr: 0.66459826283391765, EAO: 0.327
Trial 1334 finished with value: 0.3269326430582351 and parameters: {'window_influence': 0.48669438364193157, 'penalty_k': 0.19229994707372744, 'scale_lr': 0.6645982628339177}. Best is trial 1044 with value: 0.36650777071830365.
checkpoint_e29 window_influence: 0.39568934786644366, penalty_k: 0.01320225793654741, scale_lr: 0.39453701035067407, EAO: 0.334
Trial 1335 finished with value: 0.3338234476774119 and parameters: {'window_influence': 0.39568934786644366, 'penalty_k': 0.013202257936547411, 'scale_lr': 0.39453701035067407}. Best is trial 1044 with value: 0.36650777071830365.
checkpoint_e29 window_influence: 0.51744459791766129, penalty_k: 0.43952180537800878, scale_lr: 0.66508598026024313, EAO: 0.295
Trial 1336 finished with value: 0.2952625813535215 and parameters: {'window_influence': 0.5174445979176613, 'penalty_k': 0.4395218053780088, 'scale_lr': 0.6650859802602431}. Best is trial 1044 with value: 0.36650777071830365.
checkpoint_e29 window_influence: 0.59455154872329774, penalty_k: 0.27643357511789662, scale_lr: 0.32688825025983015, EAO: 0.258
Trial 1337 finished with value: 0.2584595261612755 and parameters: {'window_influence': 0.5945515487232977, 'penalty_k': 0.2764335751178966, 'scale_lr': 0.32688825025983015}. Best is trial 1044 with value: 0.36650777071830365.
checkpoint_e29 window_influence: 0.58290063229059452, penalty_k: 0.14385004226264597, scale_lr: 0.72920396093112239, EAO: 0.269
Trial 1338 finished with value: 0.2685984066372252 and parameters: {'window_influence': 0.5829006322905945, 'penalty_k': 0.14385004226264597, 'scale_lr': 0.7292039609311224}. Best is trial 1044 with value: 0.36650777071830365.
checkpoint_e29 window_influence: 0.45535324552362777, penalty_k: 0.02695034114139701, scale_lr: 0.65742232894899522, EAO: 0.331
Trial 1339 finished with value: 0.3310186137021284 and parameters: {'window_influence': 0.45535324552362777, 'penalty_k': 0.026950341141397015, 'scale_lr': 0.6574223289489952}. Best is trial 1044 with value: 0.36650777071830365.
checkpoint_e29 window_influence: 0.49519467123073435, penalty_k: 0.26130922506246235, scale_lr: 0.19545740422563540, EAO: 0.328
Trial 1340 finished with value: 0.32803996637869437 and parameters: {'window_influence': 0.49519467123073435, 'penalty_k': 0.26130922506246235, 'scale_lr': 0.1954574042256354}. Best is trial 1044 with value: 0.36650777071830365.
checkpoint_e29 window_influence: 0.47689141508442612, penalty_k: 0.49180247321050075, scale_lr: 0.74295068086326932, EAO: 0.325
Trial 1341 finished with value: 0.3252827086801195 and parameters: {'window_influence': 0.4768914150844261, 'penalty_k': 0.49180247321050075, 'scale_lr': 0.7429506808632693}. Best is trial 1044 with value: 0.36650777071830365.
checkpoint_e29 window_influence: 0.50884380531749729, penalty_k: 0.11523361420753156, scale_lr: 0.70482104925744182, EAO: 0.327
Trial 1342 finished with value: 0.32731306489107675 and parameters: {'window_influence': 0.5088438053174973, 'penalty_k': 0.11523361420753156, 'scale_lr': 0.7048210492574418}. Best is trial 1044 with value: 0.36650777071830365.
checkpoint_e29 window_influence: 0.46710375420049116, penalty_k: 0.16498071253075455, scale_lr: 0.21726852218446355, EAO: 0.339
Trial 1343 finished with value: 0.3391523591971119 and parameters: {'window_influence': 0.46710375420049116, 'penalty_k': 0.16498071253075455, 'scale_lr': 0.21726852218446355}. Best is trial 1044 with value: 0.36650777071830365.
checkpoint_e29 window_influence: 0.07399122470749853, penalty_k: 0.15240838332162926, scale_lr: 0.76281268049123097, EAO: 0.254
Trial 1344 finished with value: 0.25427808801023877 and parameters: {'window_influence': 0.07399122470749853, 'penalty_k': 0.15240838332162926, 'scale_lr': 0.762812680491231}. Best is trial 1044 with value: 0.36650777071830365.
checkpoint_e29 window_influence: 0.55299852290366458, penalty_k: 0.07509159630888672, scale_lr: 0.20105431067669519, EAO: 0.319
Trial 1345 finished with value: 0.31911010234272436 and parameters: {'window_influence': 0.5529985229036646, 'penalty_k': 0.07509159630888672, 'scale_lr': 0.20105431067669519}. Best is trial 1044 with value: 0.36650777071830365.
checkpoint_e29 window_influence: 0.48771815799771390, penalty_k: 0.19521069689628853, scale_lr: 0.24040792703154651, EAO: 0.330
Trial 1346 finished with value: 0.3296583784809372 and parameters: {'window_influence': 0.4877181579977139, 'penalty_k': 0.19521069689628853, 'scale_lr': 0.2404079270315465}. Best is trial 1044 with value: 0.36650777071830365.
checkpoint_e29 window_influence: 0.50025360303555033, penalty_k: 0.13291913905298020, scale_lr: 0.42495213885569083, EAO: 0.347
Trial 1347 finished with value: 0.34744119528202694 and parameters: {'window_influence': 0.5002536030355503, 'penalty_k': 0.1329191390529802, 'scale_lr': 0.42495213885569083}. Best is trial 1044 with value: 0.36650777071830365.
checkpoint_e29 window_influence: 0.44597400617134797, penalty_k: 0.10119194567039930, scale_lr: 0.77465008944813685, EAO: 0.335
Trial 1348 finished with value: 0.33466538033132887 and parameters: {'window_influence': 0.44597400617134797, 'penalty_k': 0.1011919456703993, 'scale_lr': 0.7746500894481368}. Best is trial 1044 with value: 0.36650777071830365.
checkpoint_e29 window_influence: 0.53027386229666662, penalty_k: 0.18278531109168597, scale_lr: 0.18314500759009195, EAO: 0.333
Trial 1349 finished with value: 0.3334200593284132 and parameters: {'window_influence': 0.5302738622966666, 'penalty_k': 0.18278531109168597, 'scale_lr': 0.18314500759009195}. Best is trial 1044 with value: 0.36650777071830365.
checkpoint_e29 window_influence: 0.46178959665907349, penalty_k: 0.45808161718895180, scale_lr: 0.12822855345463646, EAO: 0.320
Trial 1350 finished with value: 0.3202262728362696 and parameters: {'window_influence': 0.4617895966590735, 'penalty_k': 0.4580816171889518, 'scale_lr': 0.12822855345463646}. Best is trial 1044 with value: 0.36650777071830365.
checkpoint_e29 window_influence: 0.20840404304711321, penalty_k: 0.26150361015528234, scale_lr: 0.68003470207198047, EAO: 0.301
Trial 1351 finished with value: 0.3013305669860617 and parameters: {'window_influence': 0.2084040430471132, 'penalty_k': 0.26150361015528234, 'scale_lr': 0.6800347020719805}. Best is trial 1044 with value: 0.36650777071830365.
checkpoint_e29 window_influence: 0.57696572621370878, penalty_k: 0.17194273138004862, scale_lr: 0.16927481930523500, EAO: 0.292
Trial 1352 finished with value: 0.29164268731607074 and parameters: {'window_influence': 0.5769657262137088, 'penalty_k': 0.17194273138004862, 'scale_lr': 0.169274819305235}. Best is trial 1044 with value: 0.36650777071830365.
checkpoint_e29 window_influence: 0.05069006134862547, penalty_k: 0.15392302567722435, scale_lr: 0.71124919793963426, EAO: 0.255
Trial 1353 finished with value: 0.2548277434903824 and parameters: {'window_influence': 0.05069006134862547, 'penalty_k': 0.15392302567722435, 'scale_lr': 0.7112491979396343}. Best is trial 1044 with value: 0.36650777071830365.
checkpoint_e29 window_influence: 0.27252201324185832, penalty_k: 0.04971659981128453, scale_lr: 0.34497254280889533, EAO: 0.292
Trial 1354 finished with value: 0.29178668228104887 and parameters: {'window_influence': 0.2725220132418583, 'penalty_k': 0.049716599811284526, 'scale_lr': 0.34497254280889533}. Best is trial 1044 with value: 0.36650777071830365.
checkpoint_e29 window_influence: 0.23906875333903804, penalty_k: 0.13681578358345750, scale_lr: 0.13777628879281248, EAO: 0.284
Trial 1355 finished with value: 0.28428909199942876 and parameters: {'window_influence': 0.23906875333903804, 'penalty_k': 0.1368157835834575, 'scale_lr': 0.13777628879281248}. Best is trial 1044 with value: 0.36650777071830365.
checkpoint_e29 window_influence: 0.47837705410552900, penalty_k: 0.11376690995691921, scale_lr: 0.11278319641531823, EAO: 0.331
Trial 1356 finished with value: 0.3314447141459016 and parameters: {'window_influence': 0.478377054105529, 'penalty_k': 0.11376690995691921, 'scale_lr': 0.11278319641531823}. Best is trial 1044 with value: 0.36650777071830365.
checkpoint_e29 window_influence: 0.51589021627357268, penalty_k: 0.22355912916016091, scale_lr: 0.25817806921390873, EAO: 0.317
Trial 1357 finished with value: 0.3173841377756475 and parameters: {'window_influence': 0.5158902162735727, 'penalty_k': 0.2235591291601609, 'scale_lr': 0.25817806921390873}. Best is trial 1044 with value: 0.36650777071830365.
checkpoint_e29 window_influence: 0.63061495833185843, penalty_k: 0.24195300006073439, scale_lr: 0.35641214912585251, EAO: 0.243
Trial 1358 finished with value: 0.2425733732226294 and parameters: {'window_influence': 0.6306149583318584, 'penalty_k': 0.2419530000607344, 'scale_lr': 0.3564121491258525}. Best is trial 1044 with value: 0.36650777071830365.
checkpoint_e29 window_influence: 0.14029820076116598, penalty_k: 0.55768747770729354, scale_lr: 0.72776478105949560, EAO: 0.244
Trial 1359 finished with value: 0.24392442787899582 and parameters: {'window_influence': 0.14029820076116598, 'penalty_k': 0.5576874777072935, 'scale_lr': 0.7277647810594956}. Best is trial 1044 with value: 0.36650777071830365.
checkpoint_e29 window_influence: 0.39015423214349498, penalty_k: 0.12700983867427587, scale_lr: 0.78450492297528640, EAO: 0.331
Trial 1360 finished with value: 0.33052534688307617 and parameters: {'window_influence': 0.390154232143495, 'penalty_k': 0.12700983867427587, 'scale_lr': 0.7845049229752864}. Best is trial 1044 with value: 0.36650777071830365.
checkpoint_e29 window_influence: 0.49391853330417451, penalty_k: 0.46958791356435825, scale_lr: 0.65876775523021291, EAO: 0.302
Trial 1361 finished with value: 0.30226796436402587 and parameters: {'window_influence': 0.4939185333041745, 'penalty_k': 0.46958791356435825, 'scale_lr': 0.6587677552302129}. Best is trial 1044 with value: 0.36650777071830365.
checkpoint_e29 window_influence: 0.29483073320178399, penalty_k: 0.03195564404049860, scale_lr: 0.40655149253882816, EAO: 0.317
Trial 1362 finished with value: 0.3169659761719203 and parameters: {'window_influence': 0.294830733201784, 'penalty_k': 0.0319556440404986, 'scale_lr': 0.40655149253882816}. Best is trial 1044 with value: 0.36650777071830365.
checkpoint_e29 window_influence: 0.15340590897982334, penalty_k: 0.20429129350899200, scale_lr: 0.23435275765592747, EAO: 0.286
Trial 1363 finished with value: 0.286378948199146 and parameters: {'window_influence': 0.15340590897982334, 'penalty_k': 0.204291293508992, 'scale_lr': 0.23435275765592747}. Best is trial 1044 with value: 0.36650777071830365.
checkpoint_e29 window_influence: 0.47975718226299563, penalty_k: 0.08533018263087547, scale_lr: 0.38120641047137027, EAO: 0.343
Trial 1364 finished with value: 0.3433406582602267 and parameters: {'window_influence': 0.47975718226299563, 'penalty_k': 0.08533018263087547, 'scale_lr': 0.38120641047137027}. Best is trial 1044 with value: 0.36650777071830365.
checkpoint_e29 window_influence: 0.50104986986981026, penalty_k: 0.14457293313739109, scale_lr: 0.74502824361649833, EAO: 0.333
Trial 1365 finished with value: 0.3329130007599114 and parameters: {'window_influence': 0.5010498698698103, 'penalty_k': 0.14457293313739109, 'scale_lr': 0.7450282436164983}. Best is trial 1044 with value: 0.36650777071830365.
checkpoint_e29 window_influence: 0.40452421795413351, penalty_k: 0.48328448700577886, scale_lr: 0.14566134172397416, EAO: 0.339
Trial 1366 finished with value: 0.33927569720995565 and parameters: {'window_influence': 0.4045242179541335, 'penalty_k': 0.48328448700577886, 'scale_lr': 0.14566134172397416}. Best is trial 1044 with value: 0.36650777071830365.
checkpoint_e29 window_influence: 0.54259038531064452, penalty_k: 0.16222912223997898, scale_lr: 0.21197477370417256, EAO: 0.317
Trial 1367 finished with value: 0.3168420920344178 and parameters: {'window_influence': 0.5425903853106445, 'penalty_k': 0.16222912223997898, 'scale_lr': 0.21197477370417256}. Best is trial 1044 with value: 0.36650777071830365.
checkpoint_e29 window_influence: 0.45450603395217870, penalty_k: 0.07150746610414715, scale_lr: 0.18585163026236562, EAO: 0.352
Trial 1368 finished with value: 0.3519483461454221 and parameters: {'window_influence': 0.4545060339521787, 'penalty_k': 0.07150746610414715, 'scale_lr': 0.18585163026236562}. Best is trial 1044 with value: 0.36650777071830365.
checkpoint_e29 window_influence: 0.46554756073588743, penalty_k: 0.01241350531953661, scale_lr: 0.16358642789062355, EAO: 0.342
Trial 1369 finished with value: 0.341876288680251 and parameters: {'window_influence': 0.46554756073588743, 'penalty_k': 0.01241350531953661, 'scale_lr': 0.16358642789062355}. Best is trial 1044 with value: 0.36650777071830365.
checkpoint_e29 window_influence: 0.11633085935670034, penalty_k: 0.21426078606130211, scale_lr: 0.20148296574573138, EAO: 0.268
Trial 1370 finished with value: 0.26839625974573517 and parameters: {'window_influence': 0.11633085935670034, 'penalty_k': 0.2142607860613021, 'scale_lr': 0.20148296574573138}. Best is trial 1044 with value: 0.36650777071830365.
checkpoint_e29 window_influence: 0.51108340023065324, penalty_k: 0.09695103058936441, scale_lr: 0.69333232049166338, EAO: 0.339
Trial 1371 finished with value: 0.3392052166888686 and parameters: {'window_influence': 0.5110834002306532, 'penalty_k': 0.09695103058936441, 'scale_lr': 0.6933323204916634}. Best is trial 1044 with value: 0.36650777071830365.
checkpoint_e29 window_influence: 0.48575855945620311, penalty_k: 0.43344482707906778, scale_lr: 0.17521282912361885, EAO: 0.324
Trial 1372 finished with value: 0.3239620729179234 and parameters: {'window_influence': 0.4857585594562031, 'penalty_k': 0.4334448270790678, 'scale_lr': 0.17521282912361885}. Best is trial 1044 with value: 0.36650777071830365.
checkpoint_e29 window_influence: 0.47226735306960504, penalty_k: 0.49639654834177727, scale_lr: 0.14770320162624223, EAO: 0.319
Trial 1373 finished with value: 0.31876064460101294 and parameters: {'window_influence': 0.47226735306960504, 'penalty_k': 0.49639654834177727, 'scale_lr': 0.14770320162624223}. Best is trial 1044 with value: 0.36650777071830365.
checkpoint_e29 window_influence: 0.49263661903084455, penalty_k: 0.17911466182949326, scale_lr: 0.67079440288094028, EAO: 0.341
Trial 1374 finished with value: 0.3409932194284892 and parameters: {'window_influence': 0.49263661903084455, 'penalty_k': 0.17911466182949326, 'scale_lr': 0.6707944028809403}. Best is trial 1044 with value: 0.36650777071830365.
checkpoint_e29 window_influence: 0.24742494262490222, penalty_k: 0.15275897823562734, scale_lr: 0.79927357800137022, EAO: 0.306
Trial 1375 finished with value: 0.3057559971563547 and parameters: {'window_influence': 0.24742494262490222, 'penalty_k': 0.15275897823562734, 'scale_lr': 0.7992735780013702}. Best is trial 1044 with value: 0.36650777071830365.
checkpoint_e29 window_influence: 0.14444632447536590, penalty_k: 0.51701066433433451, scale_lr: 0.64888985824052925, EAO: 0.277
Trial 1376 finished with value: 0.2771313246701942 and parameters: {'window_influence': 0.1444463244753659, 'penalty_k': 0.5170106643343345, 'scale_lr': 0.6488898582405292}. Best is trial 1044 with value: 0.36650777071830365.
checkpoint_e29 window_influence: 0.08706600007598453, penalty_k: 0.04243969438616419, scale_lr: 0.24316641855397039, EAO: 0.258
Trial 1377 finished with value: 0.25775283244565306 and parameters: {'window_influence': 0.08706600007598453, 'penalty_k': 0.04243969438616419, 'scale_lr': 0.2431664185539704}. Best is trial 1044 with value: 0.36650777071830365.
checkpoint_e29 window_influence: 0.60913747384349148, penalty_k: 0.53478861576888959, scale_lr: 0.45483411529119094, EAO: 0.236
