Trial 620 finished with value: 0.34088528782477173 and parameters: {'window_influence': 0.4229464367635967, 'penalty_k': 0.05127186349163451, 'scale_lr': 0.5082094813193999}. Best is trial 32 with value: 0.38394216433573325.
checkpoint_e23 window_influence: 0.50102597031675122, penalty_k: 0.02625667523371615, scale_lr: 0.17260401267189585, EAO: 0.330
Trial 621 finished with value: 0.3298909407297461 and parameters: {'window_influence': 0.5010259703167512, 'penalty_k': 0.02625667523371615, 'scale_lr': 0.17260401267189585}. Best is trial 32 with value: 0.38394216433573325.
checkpoint_e23 window_influence: 0.58815199614763602, penalty_k: 0.07498976071735300, scale_lr: 0.30600733092275267, EAO: 0.290
Trial 622 finished with value: 0.2900470088775984 and parameters: {'window_influence': 0.588151996147636, 'penalty_k': 0.074989760717353, 'scale_lr': 0.3060073309227527}. Best is trial 32 with value: 0.38394216433573325.
checkpoint_e23 window_influence: 0.46437251835036625, penalty_k: 0.04213153468251025, scale_lr: 0.38279419114248636, EAO: 0.342
Trial 623 finished with value: 0.3421205550084318 and parameters: {'window_influence': 0.46437251835036625, 'penalty_k': 0.042131534682510255, 'scale_lr': 0.38279419114248636}. Best is trial 32 with value: 0.38394216433573325.
checkpoint_e23 window_influence: 0.48532178478185067, penalty_k: 0.54692382120810623, scale_lr: 0.47863166334528895, EAO: 0.294
Trial 624 finished with value: 0.29367902932927764 and parameters: {'window_influence': 0.4853217847818507, 'penalty_k': 0.5469238212081062, 'scale_lr': 0.47863166334528895}. Best is trial 32 with value: 0.38394216433573325.
checkpoint_e23 window_influence: 0.63460357995588090, penalty_k: 0.36756457433067102, scale_lr: 0.27912411985187785, EAO: 0.237
Trial 625 finished with value: 0.2367345826982988 and parameters: {'window_influence': 0.6346035799558809, 'penalty_k': 0.367564574330671, 'scale_lr': 0.27912411985187785}. Best is trial 32 with value: 0.38394216433573325.
checkpoint_e23 window_influence: 0.22756049828034325, penalty_k: 0.44309956727257482, scale_lr: 0.71512783714090555, EAO: 0.288
Trial 626 finished with value: 0.287767027138736 and parameters: {'window_influence': 0.22756049828034325, 'penalty_k': 0.4430995672725748, 'scale_lr': 0.7151278371409056}. Best is trial 32 with value: 0.38394216433573325.
checkpoint_e23 window_influence: 0.51753960648201869, penalty_k: 0.09492884568132108, scale_lr: 0.59192413219503059, EAO: 0.356
Trial 627 finished with value: 0.3561136075494818 and parameters: {'window_influence': 0.5175396064820187, 'penalty_k': 0.09492884568132108, 'scale_lr': 0.5919241321950306}. Best is trial 32 with value: 0.38394216433573325.
checkpoint_e23 window_influence: 0.47274963038235035, penalty_k: 0.13592732040239786, scale_lr: 0.34390610425788776, EAO: 0.343
Trial 628 finished with value: 0.34251330566777327 and parameters: {'window_influence': 0.47274963038235035, 'penalty_k': 0.13592732040239786, 'scale_lr': 0.34390610425788776}. Best is trial 32 with value: 0.38394216433573325.
checkpoint_e23 window_influence: 0.43454326282345712, penalty_k: 0.00915902819375655, scale_lr: 0.36293011094867189, EAO: 0.349
Trial 629 finished with value: 0.3490485218480403 and parameters: {'window_influence': 0.4345432628234571, 'penalty_k': 0.009159028193756554, 'scale_lr': 0.3629301109486719}. Best is trial 32 with value: 0.38394216433573325.
checkpoint_e23 window_influence: 0.49615877869745961, penalty_k: 0.21994251078616334, scale_lr: 0.42136344382767077, EAO: 0.325
Trial 630 finished with value: 0.3249535210401632 and parameters: {'window_influence': 0.4961587786974596, 'penalty_k': 0.21994251078616334, 'scale_lr': 0.42136344382767077}. Best is trial 32 with value: 0.38394216433573325.
checkpoint_e23 window_influence: 0.53437288339080191, penalty_k: 0.11014144947240839, scale_lr: 0.55750342110550610, EAO: 0.321
Trial 631 finished with value: 0.32134937695028254 and parameters: {'window_influence': 0.5343728833908019, 'penalty_k': 0.11014144947240839, 'scale_lr': 0.5575034211055061}. Best is trial 32 with value: 0.38394216433573325.
checkpoint_e23 window_influence: 0.12454666260005282, penalty_k: 0.02519655818751797, scale_lr: 0.45952636265910712, EAO: 0.272
Trial 632 finished with value: 0.2717955509628303 and parameters: {'window_influence': 0.12454666260005282, 'penalty_k': 0.02519655818751797, 'scale_lr': 0.4595263626591071}. Best is trial 32 with value: 0.38394216433573325.
checkpoint_e23 window_influence: 0.44453039457235910, penalty_k: 0.28012076296628763, scale_lr: 0.40295100270513745, EAO: 0.319
Trial 633 finished with value: 0.31855481932599256 and parameters: {'window_influence': 0.4445303945723591, 'penalty_k': 0.28012076296628763, 'scale_lr': 0.40295100270513745}. Best is trial 32 with value: 0.38394216433573325.
checkpoint_e23 window_influence: 0.48325445858785260, penalty_k: 0.42508999591770685, scale_lr: 0.39119161145399162, EAO: 0.303
Trial 634 finished with value: 0.30342315125790087 and parameters: {'window_influence': 0.4832544585878526, 'penalty_k': 0.42508999591770685, 'scale_lr': 0.3911916114539916}. Best is trial 32 with value: 0.38394216433573325.
checkpoint_e23 window_influence: 0.46371109229428131, penalty_k: 0.05844514543290039, scale_lr: 0.37302340394549460, EAO: 0.366
Trial 635 finished with value: 0.36632379796718345 and parameters: {'window_influence': 0.4637110922942813, 'penalty_k': 0.058445145432900386, 'scale_lr': 0.3730234039454946}. Best is trial 32 with value: 0.38394216433573325.
checkpoint_e23 window_influence: 0.45807142350189439, penalty_k: 0.06060381341776412, scale_lr: 0.36994686512763153, EAO: 0.352
Trial 636 finished with value: 0.3524632102552555 and parameters: {'window_influence': 0.4580714235018944, 'penalty_k': 0.06060381341776412, 'scale_lr': 0.36994686512763153}. Best is trial 32 with value: 0.38394216433573325.
checkpoint_e23 window_influence: 0.10843367440545723, penalty_k: 0.06786056340855190, scale_lr: 0.34652998563095272, EAO: 0.268
Trial 637 finished with value: 0.26804679933688985 and parameters: {'window_influence': 0.10843367440545723, 'penalty_k': 0.0678605634085519, 'scale_lr': 0.3465299856309527}. Best is trial 32 with value: 0.38394216433573325.
checkpoint_e23 window_influence: 0.44819301451096621, penalty_k: 0.07861359021613949, scale_lr: 0.36919404752812623, EAO: 0.344
Trial 638 finished with value: 0.34438998202869403 and parameters: {'window_influence': 0.4481930145109662, 'penalty_k': 0.07861359021613949, 'scale_lr': 0.36919404752812623}. Best is trial 32 with value: 0.38394216433573325.
checkpoint_e23 window_influence: 0.46639839389161397, penalty_k: 0.05302370362531295, scale_lr: 0.38190383596585253, EAO: 0.376
Trial 639 finished with value: 0.37587581163250516 and parameters: {'window_influence': 0.46639839389161397, 'penalty_k': 0.053023703625312946, 'scale_lr': 0.38190383596585253}. Best is trial 32 with value: 0.38394216433573325.
checkpoint_e23 window_influence: 0.46604735932572450, penalty_k: 0.05266084265552166, scale_lr: 0.37994469108679807, EAO: 0.347
Trial 640 finished with value: 0.3468516742672902 and parameters: {'window_influence': 0.4660473593257245, 'penalty_k': 0.052660842655521664, 'scale_lr': 0.37994469108679807}. Best is trial 32 with value: 0.38394216433573325.
checkpoint_e23 window_influence: 0.45377145240197736, penalty_k: 0.04737836161651589, scale_lr: 0.35679965595115753, EAO: 0.340
Trial 641 finished with value: 0.3396000376239361 and parameters: {'window_influence': 0.45377145240197736, 'penalty_k': 0.04737836161651589, 'scale_lr': 0.35679965595115753}. Best is trial 32 with value: 0.38394216433573325.
checkpoint_e23 window_influence: 0.47214877485105516, penalty_k: 0.32005950634202229, scale_lr: 0.33666951473784990, EAO: 0.305
Trial 642 finished with value: 0.30470088234439435 and parameters: {'window_influence': 0.47214877485105516, 'penalty_k': 0.3200595063420223, 'scale_lr': 0.3366695147378499}. Best is trial 32 with value: 0.38394216433573325.
checkpoint_e23 window_influence: 0.37784442524886408, penalty_k: 0.05802661922138604, scale_lr: 0.37709948540214344, EAO: 0.329
Trial 643 finished with value: 0.32909554863486307 and parameters: {'window_influence': 0.3778444252488641, 'penalty_k': 0.058026619221386036, 'scale_lr': 0.37709948540214344}. Best is trial 32 with value: 0.38394216433573325.
checkpoint_e23 window_influence: 0.43375951690446901, penalty_k: 0.04243632891555831, scale_lr: 0.38786478052096812, EAO: 0.337
Trial 644 finished with value: 0.337258656665045 and parameters: {'window_influence': 0.433759516904469, 'penalty_k': 0.04243632891555831, 'scale_lr': 0.3878647805209681}. Best is trial 32 with value: 0.38394216433573325.
checkpoint_e23 window_influence: 0.46112281190931570, penalty_k: 0.03587171522727901, scale_lr: 0.36928556863155759, EAO: 0.333
Trial 645 finished with value: 0.3331838195657916 and parameters: {'window_influence': 0.4611228119093157, 'penalty_k': 0.035871715227279014, 'scale_lr': 0.3692855686315576}. Best is trial 32 with value: 0.38394216433573325.
checkpoint_e23 window_influence: 0.47608089026557709, penalty_k: 0.16393309904384976, scale_lr: 0.35873981654363496, EAO: 0.338
Trial 646 finished with value: 0.33765661565710137 and parameters: {'window_influence': 0.4760808902655771, 'penalty_k': 0.16393309904384976, 'scale_lr': 0.35873981654363496}. Best is trial 32 with value: 0.38394216433573325.
checkpoint_e23 window_influence: 0.44459159936290682, penalty_k: 0.06633739262526278, scale_lr: 0.32419154391716665, EAO: 0.326
Trial 647 finished with value: 0.32579024304211834 and parameters: {'window_influence': 0.4445915993629068, 'penalty_k': 0.06633739262526278, 'scale_lr': 0.32419154391716665}. Best is trial 32 with value: 0.38394216433573325.
checkpoint_e23 window_influence: 0.39234306774706690, penalty_k: 0.01197962611779798, scale_lr: 0.38802077536580876, EAO: 0.332
Trial 648 finished with value: 0.3322298922195509 and parameters: {'window_influence': 0.3923430677470669, 'penalty_k': 0.011979626117797983, 'scale_lr': 0.38802077536580876}. Best is trial 32 with value: 0.38394216433573325.
checkpoint_e23 window_influence: 0.48512104257383692, penalty_k: 0.13018046111861975, scale_lr: 0.67673332919059825, EAO: 0.348
Trial 649 finished with value: 0.3484636876833578 and parameters: {'window_influence': 0.4851210425738369, 'penalty_k': 0.13018046111861975, 'scale_lr': 0.6767333291905983}. Best is trial 32 with value: 0.38394216433573325.
checkpoint_e23 window_influence: 0.46901932100086680, penalty_k: 0.00000227277811784, scale_lr: 0.16876763623654856, EAO: 0.325
Trial 650 finished with value: 0.32522024266450783 and parameters: {'window_influence': 0.4690193210008668, 'penalty_k': 2.2727781178400125e-06, 'scale_lr': 0.16876763623654856}. Best is trial 32 with value: 0.38394216433573325.
checkpoint_e23 window_influence: 0.19568465060653356, penalty_k: 0.34616959176663820, scale_lr: 0.39850599809098380, EAO: 0.272
Trial 651 finished with value: 0.27165644508623427 and parameters: {'window_influence': 0.19568465060653356, 'penalty_k': 0.3461695917666382, 'scale_lr': 0.3985059980909838}. Best is trial 32 with value: 0.38394216433573325.
checkpoint_e23 window_influence: 0.41946062552197266, penalty_k: 0.31064454550408044, scale_lr: 0.37620305670984122, EAO: 0.353
Trial 652 finished with value: 0.3531531212626728 and parameters: {'window_influence': 0.41946062552197266, 'penalty_k': 0.31064454550408044, 'scale_lr': 0.3762030567098412}. Best is trial 32 with value: 0.38394216433573325.
checkpoint_e23 window_influence: 0.51043027537395091, penalty_k: 0.03796611416593487, scale_lr: 0.63473232183340367, EAO: 0.331
Trial 653 finished with value: 0.33111606544093863 and parameters: {'window_influence': 0.5104302753739509, 'penalty_k': 0.037966114165934865, 'scale_lr': 0.6347323218334037}. Best is trial 32 with value: 0.38394216433573325.
checkpoint_e23 window_influence: 0.35899694838941087, penalty_k: 0.05654321434474624, scale_lr: 0.53841924268091224, EAO: 0.324
Trial 654 finished with value: 0.3239267693419401 and parameters: {'window_influence': 0.3589969483894109, 'penalty_k': 0.05654321434474624, 'scale_lr': 0.5384192426809122}. Best is trial 32 with value: 0.38394216433573325.
checkpoint_e23 window_influence: 0.45754845930067400, penalty_k: 0.20251840517914654, scale_lr: 0.35053530106534564, EAO: 0.314
Trial 655 finished with value: 0.31416676242759717 and parameters: {'window_influence': 0.457548459300674, 'penalty_k': 0.20251840517914654, 'scale_lr': 0.35053530106534564}. Best is trial 32 with value: 0.38394216433573325.
checkpoint_e23 window_influence: 0.14843149654537482, penalty_k: 0.40469777892831338, scale_lr: 0.40377238537622084, EAO: 0.273
Trial 656 finished with value: 0.2732415805762844 and parameters: {'window_influence': 0.14843149654537482, 'penalty_k': 0.4046977789283134, 'scale_lr': 0.40377238537622084}. Best is trial 32 with value: 0.38394216433573325.
checkpoint_e23 window_influence: 0.11620473146286792, penalty_k: 0.18388964131651531, scale_lr: 0.38577343599666664, EAO: 0.264
Trial 657 finished with value: 0.26397346713895464 and parameters: {'window_influence': 0.11620473146286792, 'penalty_k': 0.1838896413165153, 'scale_lr': 0.38577343599666664}. Best is trial 32 with value: 0.38394216433573325.
checkpoint_e23 window_influence: 0.49105444191312764, penalty_k: 0.08811433198670386, scale_lr: 0.52048457174453788, EAO: 0.341
Trial 658 finished with value: 0.34093213452439364 and parameters: {'window_influence': 0.49105444191312764, 'penalty_k': 0.08811433198670386, 'scale_lr': 0.5204845717445379}. Best is trial 32 with value: 0.38394216433573325.
checkpoint_e23 window_influence: 0.47575794947951344, penalty_k: 0.03037644593407840, scale_lr: 0.23819090420233013, EAO: 0.346
Trial 659 finished with value: 0.34566628179197645 and parameters: {'window_influence': 0.47575794947951344, 'penalty_k': 0.0303764459340784, 'scale_lr': 0.23819090420233013}. Best is trial 32 with value: 0.38394216433573325.
checkpoint_e23 window_influence: 0.31648582810762743, penalty_k: 0.01689025941709636, scale_lr: 0.57053652604045324, EAO: 0.306
Trial 660 finished with value: 0.3059427116631534 and parameters: {'window_influence': 0.31648582810762743, 'penalty_k': 0.016890259417096355, 'scale_lr': 0.5705365260404532}. Best is trial 32 with value: 0.38394216433573325.
checkpoint_e23 window_influence: 0.48346299642443707, penalty_k: 0.04165794817849579, scale_lr: 0.36253248466984733, EAO: 0.347
Trial 661 finished with value: 0.3467594025663829 and parameters: {'window_influence': 0.4834629964244371, 'penalty_k': 0.04165794817849579, 'scale_lr': 0.36253248466984733}. Best is trial 32 with value: 0.38394216433573325.
checkpoint_e23 window_influence: 0.52450958501630862, penalty_k: 0.37064811723471536, scale_lr: 0.41369379680173218, EAO: 0.276
Trial 662 finished with value: 0.2763671567119977 and parameters: {'window_influence': 0.5245095850163086, 'penalty_k': 0.37064811723471536, 'scale_lr': 0.4136937968017322}. Best is trial 32 with value: 0.38394216433573325.
checkpoint_e23 window_influence: 0.55364975039286424, penalty_k: 0.26259643002751182, scale_lr: 0.31539358392455130, EAO: 0.286
Trial 663 finished with value: 0.2863659380938756 and parameters: {'window_influence': 0.5536497503928642, 'penalty_k': 0.2625964300275118, 'scale_lr': 0.3153935839245513}. Best is trial 32 with value: 0.38394216433573325.
checkpoint_e23 window_influence: 0.50431445067014669, penalty_k: 0.09932619156731963, scale_lr: 0.34113936029926656, EAO: 0.343
Trial 664 finished with value: 0.34286072293608105 and parameters: {'window_influence': 0.5043144506701467, 'penalty_k': 0.09932619156731963, 'scale_lr': 0.34113936029926656}. Best is trial 32 with value: 0.38394216433573325.
checkpoint_e23 window_influence: 0.27334027189634680, penalty_k: 0.02259710686017635, scale_lr: 0.38965243032339153, EAO: 0.314
Trial 665 finished with value: 0.3139458544523336 and parameters: {'window_influence': 0.2733402718963468, 'penalty_k': 0.02259710686017635, 'scale_lr': 0.38965243032339153}. Best is trial 32 with value: 0.38394216433573325.
checkpoint_e23 window_influence: 0.46357606980657873, penalty_k: 0.05388982307429010, scale_lr: 0.42905832022992424, EAO: 0.325
Trial 666 finished with value: 0.3247431251673383 and parameters: {'window_influence': 0.4635760698065787, 'penalty_k': 0.0538898230742901, 'scale_lr': 0.42905832022992424}. Best is trial 32 with value: 0.38394216433573325.
checkpoint_e23 window_influence: 0.26240773542072438, penalty_k: 0.07327601985911311, scale_lr: 0.37245169504121267, EAO: 0.303
Trial 667 finished with value: 0.3026875811792069 and parameters: {'window_influence': 0.2624077354207244, 'penalty_k': 0.07327601985911311, 'scale_lr': 0.37245169504121267}. Best is trial 32 with value: 0.38394216433573325.
checkpoint_e23 window_influence: 0.10948293833348921, penalty_k: 0.50690344361405426, scale_lr: 0.28335215307440770, EAO: 0.237
Trial 668 finished with value: 0.23651652658495922 and parameters: {'window_influence': 0.10948293833348921, 'penalty_k': 0.5069034436140543, 'scale_lr': 0.2833521530744077}. Best is trial 32 with value: 0.38394216433573325.
checkpoint_e23 window_influence: 0.44696112205008970, penalty_k: 0.14216380452012553, scale_lr: 0.20748776063554086, EAO: 0.332
Trial 669 finished with value: 0.33191764493860626 and parameters: {'window_influence': 0.4469611220500897, 'penalty_k': 0.14216380452012553, 'scale_lr': 0.20748776063554086}. Best is trial 32 with value: 0.38394216433573325.
checkpoint_e23 window_influence: 0.49510189434996354, penalty_k: 0.38374783489983144, scale_lr: 0.39902386456419997, EAO: 0.303
Trial 670 finished with value: 0.30330715238584155 and parameters: {'window_influence': 0.49510189434996354, 'penalty_k': 0.38374783489983144, 'scale_lr': 0.39902386456419997}. Best is trial 32 with value: 0.38394216433573325.
checkpoint_e23 window_influence: 0.47848125477642722, penalty_k: 0.12001093291338107, scale_lr: 0.59795264355988986, EAO: 0.325
Trial 671 finished with value: 0.3253480143236279 and parameters: {'window_influence': 0.4784812547764272, 'penalty_k': 0.12001093291338107, 'scale_lr': 0.5979526435598899}. Best is trial 32 with value: 0.38394216433573325.
checkpoint_e23 window_influence: 0.46676649351941840, penalty_k: 0.01134058659676113, scale_lr: 0.37791061515106705, EAO: 0.340
Trial 672 finished with value: 0.33971906357702114 and parameters: {'window_influence': 0.4667664935194184, 'penalty_k': 0.011340586596761133, 'scale_lr': 0.37791061515106705}. Best is trial 32 with value: 0.38394216433573325.
checkpoint_e23 window_influence: 0.62507833124085199, penalty_k: 0.02917340131240023, scale_lr: 0.11702835756158980, EAO: 0.250
Trial 673 finished with value: 0.2504168865977558 and parameters: {'window_influence': 0.625078331240852, 'penalty_k': 0.02917340131240023, 'scale_lr': 0.1170283575615898}. Best is trial 32 with value: 0.38394216433573325.
checkpoint_e23 window_influence: 0.48984366550631764, penalty_k: 0.28090672806942740, scale_lr: 0.78215627403972288, EAO: 0.324
Trial 674 finished with value: 0.32413900924795797 and parameters: {'window_influence': 0.48984366550631764, 'penalty_k': 0.2809067280694274, 'scale_lr': 0.7821562740397229}. Best is trial 32 with value: 0.38394216433573325.
checkpoint_e23 window_influence: 0.50485414044772658, penalty_k: 0.00053315617551263, scale_lr: 0.61138702166617520, EAO: 0.337
Trial 675 finished with value: 0.33703287751758143 and parameters: {'window_influence': 0.5048541404477266, 'penalty_k': 0.000533156175512627, 'scale_lr': 0.6113870216661752}. Best is trial 32 with value: 0.38394216433573325.
checkpoint_e23 window_influence: 0.45326657237005824, penalty_k: 0.29304283131603498, scale_lr: 0.41325994190649729, EAO: 0.330
Trial 676 finished with value: 0.3299675366989833 and parameters: {'window_influence': 0.45326657237005824, 'penalty_k': 0.293042831316035, 'scale_lr': 0.4132599419064973}. Best is trial 32 with value: 0.38394216433573325.
checkpoint_e23 window_influence: 0.43548713295367597, penalty_k: 0.04619758123896699, scale_lr: 0.35808905653782280, EAO: 0.336
Trial 677 finished with value: 0.33590118036195926 and parameters: {'window_influence': 0.43548713295367597, 'penalty_k': 0.04619758123896699, 'scale_lr': 0.3580890565378228}. Best is trial 32 with value: 0.38394216433573325.
checkpoint_e23 window_influence: 0.52132386585509671, penalty_k: 0.06671668937681761, scale_lr: 0.33284324864336168, EAO: 0.321
Trial 678 finished with value: 0.32088955384516066 and parameters: {'window_influence': 0.5213238658550967, 'penalty_k': 0.06671668937681761, 'scale_lr': 0.3328432486433617}. Best is trial 32 with value: 0.38394216433573325.
checkpoint_e23 window_influence: 0.23848934692952814, penalty_k: 0.41840150846771040, scale_lr: 0.44136235937364210, EAO: 0.300
Trial 679 finished with value: 0.2996078662951169 and parameters: {'window_influence': 0.23848934692952814, 'penalty_k': 0.4184015084677104, 'scale_lr': 0.4413623593736421}. Best is trial 32 with value: 0.38394216433573325.
checkpoint_e23 window_influence: 0.09572250524163423, penalty_k: 0.01660481149199113, scale_lr: 0.39036315936838073, EAO: 0.270
Trial 680 finished with value: 0.27006226302584785 and parameters: {'window_influence': 0.09572250524163423, 'penalty_k': 0.01660481149199113, 'scale_lr': 0.39036315936838073}. Best is trial 32 with value: 0.38394216433573325.
checkpoint_e23 window_influence: 0.19654227852687020, penalty_k: 0.08140964182229227, scale_lr: 0.26081955343064644, EAO: 0.288
Trial 681 finished with value: 0.287800308563366 and parameters: {'window_influence': 0.1965422785268702, 'penalty_k': 0.08140964182229227, 'scale_lr': 0.26081955343064644}. Best is trial 32 with value: 0.38394216433573325.
checkpoint_e23 window_influence: 0.13521500164880743, penalty_k: 0.35174428808325436, scale_lr: 0.15560642019828352, EAO: 0.239
