Trial 1196 finished with value: 0.30177546950629713 and parameters: {'window_influence': 0.37579009232238236, 'penalty_k': 0.4306133174090094, 'scale_lr': 0.532126495370887}. Best is trial 374 with value: 0.3602400896382239.
checkpoint_e24 window_influence: 0.26814687981969920, penalty_k: 0.55102435862965049, scale_lr: 0.51294838178478952, EAO: 0.300
Trial 1197 finished with value: 0.3002207724500723 and parameters: {'window_influence': 0.2681468798196992, 'penalty_k': 0.5510243586296505, 'scale_lr': 0.5129483817847895}. Best is trial 374 with value: 0.3602400896382239.
checkpoint_e24 window_influence: 0.09739941411189190, penalty_k: 0.03653499843531018, scale_lr: 0.55917259813112119, EAO: 0.265
Trial 1198 finished with value: 0.264907433481068 and parameters: {'window_influence': 0.0973994141118919, 'penalty_k': 0.03653499843531018, 'scale_lr': 0.5591725981311212}. Best is trial 374 with value: 0.3602400896382239.
checkpoint_e24 window_influence: 0.48965153909202214, penalty_k: 0.47783167344235078, scale_lr: 0.58951412176036999, EAO: 0.294
Trial 1199 finished with value: 0.2937844321421612 and parameters: {'window_influence': 0.48965153909202214, 'penalty_k': 0.4778316734423508, 'scale_lr': 0.58951412176037}. Best is trial 374 with value: 0.3602400896382239.
checkpoint_e24 window_influence: 0.27249414086518398, penalty_k: 0.14652819147638974, scale_lr: 0.62764570280904797, EAO: 0.298
Trial 1200 finished with value: 0.29762380167204117 and parameters: {'window_influence': 0.272494140865184, 'penalty_k': 0.14652819147638974, 'scale_lr': 0.627645702809048}. Best is trial 374 with value: 0.3602400896382239.
checkpoint_e24 window_influence: 0.39986892867737500, penalty_k: 0.28223502413826507, scale_lr: 0.53920833335537621, EAO: 0.293
Trial 1201 finished with value: 0.2925019713575274 and parameters: {'window_influence': 0.399868928677375, 'penalty_k': 0.28223502413826507, 'scale_lr': 0.5392083333553762}. Best is trial 374 with value: 0.3602400896382239.
checkpoint_e24 window_influence: 0.42917336970766679, penalty_k: 0.01143244288635184, scale_lr: 0.19046583579841064, EAO: 0.306
Trial 1202 finished with value: 0.30634437513026747 and parameters: {'window_influence': 0.4291733697076668, 'penalty_k': 0.01143244288635184, 'scale_lr': 0.19046583579841064}. Best is trial 374 with value: 0.3602400896382239.
checkpoint_e24 window_influence: 0.34033129622328412, penalty_k: 0.50977058164658662, scale_lr: 0.44192080885335960, EAO: 0.299
Trial 1203 finished with value: 0.2994936944677672 and parameters: {'window_influence': 0.3403312962232841, 'penalty_k': 0.5097705816465866, 'scale_lr': 0.4419208088533596}. Best is trial 374 with value: 0.3602400896382239.
checkpoint_e24 window_influence: 0.50641271991717907, penalty_k: 0.45331623055788767, scale_lr: 0.46389338231842425, EAO: 0.290
Trial 1204 finished with value: 0.2895511778412162 and parameters: {'window_influence': 0.5064127199171791, 'penalty_k': 0.45331623055788767, 'scale_lr': 0.46389338231842425}. Best is trial 374 with value: 0.3602400896382239.
checkpoint_e24 window_influence: 0.08253477581424673, penalty_k: 0.40098931460212656, scale_lr: 0.50065391619369259, EAO: 0.254
Trial 1205 finished with value: 0.2544175171318685 and parameters: {'window_influence': 0.08253477581424673, 'penalty_k': 0.40098931460212656, 'scale_lr': 0.5006539161936926}. Best is trial 374 with value: 0.3602400896382239.
Trial 1206 failed with parameters: {'window_influence': 0.07435550872607177, 'penalty_k': 0.07121797035696772, 'scale_lr': 0.4813764891957392} because of the following error: KeyboardInterrupt().
Traceback (most recent call last):
  File "/home/n26092289/anaconda3/envs/my_siamban/lib/python3.7/site-packages/optuna/study/_optimize.py", line 200, in _run_trial
    value_or_values = func(trial)
  File "../../tools/tune.py", line 269, in objective
    outputs = tracker.track(img)
  File "../../tools/tune.py", line 127, in track
    score = self._convert_score(outputs['cls'])
  File "../../tools/tune.py", line 75, in _convert_score
    score = score.softmax(1).detach()[:, 1].cpu().numpy()
KeyboardInterrupt
Trial 1206 failed with value None.
