Trial 1240 finished with value: 0.33365713981802825 and parameters: {'window_influence': 0.45177718543666257, 'penalty_k': 0.17717923978868588, 'scale_lr': 0.19420676561855837}. Best is trial 62 with value: 0.3726749919963718.
checkpoint_e29 window_influence: 0.42746330846930292, penalty_k: 0.20625665907396395, scale_lr: 0.21875901412650636, EAO: 0.336
Trial 1241 finished with value: 0.3357537429968207 and parameters: {'window_influence': 0.4274633084693029, 'penalty_k': 0.20625665907396395, 'scale_lr': 0.21875901412650636}. Best is trial 62 with value: 0.3726749919963718.
checkpoint_e29 window_influence: 0.40978574049916539, penalty_k: 0.17956344144184194, scale_lr: 0.23900687241053187, EAO: 0.330
Trial 1242 finished with value: 0.3295199026277557 and parameters: {'window_influence': 0.4097857404991654, 'penalty_k': 0.17956344144184194, 'scale_lr': 0.23900687241053187}. Best is trial 62 with value: 0.3726749919963718.
checkpoint_e29 window_influence: 0.26783050426145510, penalty_k: 0.24845708407252198, scale_lr: 0.22797201594240396, EAO: 0.303
Trial 1243 finished with value: 0.303129537328208 and parameters: {'window_influence': 0.2678305042614551, 'penalty_k': 0.24845708407252198, 'scale_lr': 0.22797201594240396}. Best is trial 62 with value: 0.3726749919963718.
checkpoint_e29 window_influence: 0.45765142253129298, penalty_k: 0.14860366560255767, scale_lr: 0.15868556200412920, EAO: 0.338
Trial 1244 finished with value: 0.33787369403393813 and parameters: {'window_influence': 0.457651422531293, 'penalty_k': 0.14860366560255767, 'scale_lr': 0.1586855620041292}. Best is trial 62 with value: 0.3726749919963718.
checkpoint_e29 window_influence: 0.44422994806051364, penalty_k: 0.16033548007090268, scale_lr: 0.20787057367492992, EAO: 0.352
Trial 1245 finished with value: 0.3521408473471259 and parameters: {'window_influence': 0.44422994806051364, 'penalty_k': 0.16033548007090268, 'scale_lr': 0.20787057367492992}. Best is trial 62 with value: 0.3726749919963718.
checkpoint_e29 window_influence: 0.40324103016936375, penalty_k: 0.17606316864037486, scale_lr: 0.29203918265708662, EAO: 0.331
Trial 1246 finished with value: 0.3308957887646753 and parameters: {'window_influence': 0.40324103016936375, 'penalty_k': 0.17606316864037486, 'scale_lr': 0.2920391826570866}. Best is trial 62 with value: 0.3726749919963718.
checkpoint_e29 window_influence: 0.42300588599574857, penalty_k: 0.21938794009584650, scale_lr: 0.34958440155640702, EAO: 0.325
Trial 1247 finished with value: 0.3246869659377443 and parameters: {'window_influence': 0.42300588599574857, 'penalty_k': 0.2193879400958465, 'scale_lr': 0.349584401556407}. Best is trial 62 with value: 0.3726749919963718.
checkpoint_e29 window_influence: 0.38486688768850458, penalty_k: 0.24548782510686631, scale_lr: 0.25599392884906258, EAO: 0.305
Trial 1248 finished with value: 0.3054992371612022 and parameters: {'window_influence': 0.3848668876885046, 'penalty_k': 0.24548782510686631, 'scale_lr': 0.2559939288490626}. Best is trial 62 with value: 0.3726749919963718.
checkpoint_e29 window_influence: 0.46228492711088653, penalty_k: 0.20247649948588320, scale_lr: 0.12605096631969762, EAO: 0.318
Trial 1249 finished with value: 0.3182736029304883 and parameters: {'window_influence': 0.46228492711088653, 'penalty_k': 0.2024764994858832, 'scale_lr': 0.12605096631969762}. Best is trial 62 with value: 0.3726749919963718.
checkpoint_e29 window_influence: 0.44361057948409210, penalty_k: 0.23630020277680949, scale_lr: 0.18319088230512259, EAO: 0.354
Trial 1250 finished with value: 0.3542443096405801 and parameters: {'window_influence': 0.4436105794840921, 'penalty_k': 0.2363002027768095, 'scale_lr': 0.1831908823051226}. Best is trial 62 with value: 0.3726749919963718.
checkpoint_e29 window_influence: 0.45964339329081833, penalty_k: 0.22820105888077308, scale_lr: 0.14631990033011089, EAO: 0.336
Trial 1251 finished with value: 0.33628253824284104 and parameters: {'window_influence': 0.4596433932908183, 'penalty_k': 0.22820105888077308, 'scale_lr': 0.14631990033011089}. Best is trial 62 with value: 0.3726749919963718.
checkpoint_e29 window_influence: 0.43319184293334889, penalty_k: 0.16814741182612772, scale_lr: 0.53112809663488991, EAO: 0.337
Trial 1252 finished with value: 0.336767684740779 and parameters: {'window_influence': 0.4331918429333489, 'penalty_k': 0.16814741182612772, 'scale_lr': 0.5311280966348899}. Best is trial 62 with value: 0.3726749919963718.
checkpoint_e29 window_influence: 0.45066305898400238, penalty_k: 0.27421633330424361, scale_lr: 0.19378452823288217, EAO: 0.332
Trial 1253 finished with value: 0.3320884686035869 and parameters: {'window_influence': 0.4506630589840024, 'penalty_k': 0.2742163333042436, 'scale_lr': 0.19378452823288217}. Best is trial 62 with value: 0.3726749919963718.
checkpoint_e29 window_influence: 0.47049918770206489, penalty_k: 0.15782917947615374, scale_lr: 0.24280091679605648, EAO: 0.333
Trial 1254 finished with value: 0.3327456727218071 and parameters: {'window_influence': 0.4704991877020649, 'penalty_k': 0.15782917947615374, 'scale_lr': 0.24280091679605648}. Best is trial 62 with value: 0.3726749919963718.
checkpoint_e29 window_influence: 0.26831665845313768, penalty_k: 0.19195049089806737, scale_lr: 0.26641985417306063, EAO: 0.292
Trial 1255 finished with value: 0.29173411800007876 and parameters: {'window_influence': 0.2683166584531377, 'penalty_k': 0.19195049089806737, 'scale_lr': 0.26641985417306063}. Best is trial 62 with value: 0.3726749919963718.
checkpoint_e29 window_influence: 0.37650812032468117, penalty_k: 0.25715405823010762, scale_lr: 0.22870583453216156, EAO: 0.323
Trial 1256 finished with value: 0.323107286244051 and parameters: {'window_influence': 0.3765081203246812, 'penalty_k': 0.2571540582301076, 'scale_lr': 0.22870583453216156}. Best is trial 62 with value: 0.3726749919963718.
checkpoint_e29 window_influence: 0.46160790416686892, penalty_k: 0.21358393058249697, scale_lr: 0.20489673963151075, EAO: 0.345
Trial 1257 finished with value: 0.3449577964001592 and parameters: {'window_influence': 0.4616079041668689, 'penalty_k': 0.21358393058249697, 'scale_lr': 0.20489673963151075}. Best is trial 62 with value: 0.3726749919963718.
checkpoint_e29 window_influence: 0.42557673397368589, penalty_k: 0.18359143019773955, scale_lr: 0.31623889018779883, EAO: 0.322
Trial 1258 finished with value: 0.321515841532774 and parameters: {'window_influence': 0.4255767339736859, 'penalty_k': 0.18359143019773955, 'scale_lr': 0.3162388901877988}. Best is trial 62 with value: 0.3726749919963718.
checkpoint_e29 window_influence: 0.21344659452970102, penalty_k: 0.14049719779468178, scale_lr: 0.51185067245710936, EAO: 0.296
Trial 1259 finished with value: 0.29585600769009573 and parameters: {'window_influence': 0.21344659452970102, 'penalty_k': 0.14049719779468178, 'scale_lr': 0.5118506724571094}. Best is trial 62 with value: 0.3726749919963718.
checkpoint_e29 window_influence: 0.40229058136164997, penalty_k: 0.29241429117674156, scale_lr: 0.21742229203804830, EAO: 0.315
Trial 1260 finished with value: 0.315172777623518 and parameters: {'window_influence': 0.40229058136164997, 'penalty_k': 0.29241429117674156, 'scale_lr': 0.2174222920380483}. Best is trial 62 with value: 0.3726749919963718.
checkpoint_e29 window_influence: 0.43685657057466287, penalty_k: 0.23271407441321204, scale_lr: 0.11902625251143481, EAO: 0.341
Trial 1261 finished with value: 0.3406560436065095 and parameters: {'window_influence': 0.4368565705746629, 'penalty_k': 0.23271407441321204, 'scale_lr': 0.11902625251143481}. Best is trial 62 with value: 0.3726749919963718.
checkpoint_e29 window_influence: 0.56576720659564550, penalty_k: 0.33209887084351503, scale_lr: 0.57408074921746666, EAO: 0.275
Trial 1262 finished with value: 0.2747606519131345 and parameters: {'window_influence': 0.5657672065956455, 'penalty_k': 0.332098870843515, 'scale_lr': 0.5740807492174667}. Best is trial 62 with value: 0.3726749919963718.
checkpoint_e29 window_influence: 0.47136096979686121, penalty_k: 0.17018477775550164, scale_lr: 0.17427782783592727, EAO: 0.331
Trial 1263 finished with value: 0.33146134036292363 and parameters: {'window_influence': 0.4713609697968612, 'penalty_k': 0.17018477775550164, 'scale_lr': 0.17427782783592727}. Best is trial 62 with value: 0.3726749919963718.
checkpoint_e29 window_influence: 0.45025132314755534, penalty_k: 0.47068301669240559, scale_lr: 0.35054546809002757, EAO: 0.303
Trial 1264 finished with value: 0.3025568549735073 and parameters: {'window_influence': 0.45025132314755534, 'penalty_k': 0.4706830166924056, 'scale_lr': 0.35054546809002757}. Best is trial 62 with value: 0.3726749919963718.
checkpoint_e29 window_influence: 0.41555682080995993, penalty_k: 0.15054585365818132, scale_lr: 0.54498205369944297, EAO: 0.331
Trial 1265 finished with value: 0.33140713730210924 and parameters: {'window_influence': 0.4155568208099599, 'penalty_k': 0.15054585365818132, 'scale_lr': 0.544982053699443}. Best is trial 62 with value: 0.3726749919963718.
checkpoint_e29 window_influence: 0.53859756075771781, penalty_k: 0.18939693665741980, scale_lr: 0.52265153054482816, EAO: 0.301
Trial 1266 finished with value: 0.3011472520893186 and parameters: {'window_influence': 0.5385975607577178, 'penalty_k': 0.1893969366574198, 'scale_lr': 0.5226515305448282}. Best is trial 62 with value: 0.3726749919963718.
checkpoint_e29 window_influence: 0.34518087011435716, penalty_k: 0.26311683444747014, scale_lr: 0.33706374142744816, EAO: 0.311
Trial 1267 finished with value: 0.3106643024121741 and parameters: {'window_influence': 0.34518087011435716, 'penalty_k': 0.26311683444747014, 'scale_lr': 0.33706374142744816}. Best is trial 62 with value: 0.3726749919963718.
checkpoint_e29 window_influence: 0.62722107603893329, penalty_k: 0.22454798044173907, scale_lr: 0.13912794550047317, EAO: 0.248
Trial 1268 finished with value: 0.24780471901253504 and parameters: {'window_influence': 0.6272210760389333, 'penalty_k': 0.22454798044173907, 'scale_lr': 0.13912794550047317}. Best is trial 62 with value: 0.3726749919963718.
checkpoint_e29 window_influence: 0.47987135756452787, penalty_k: 0.57225432190419956, scale_lr: 0.41432999646020940, EAO: 0.320
Trial 1269 finished with value: 0.3196181919324259 and parameters: {'window_influence': 0.47987135756452787, 'penalty_k': 0.5722543219041996, 'scale_lr': 0.4143299964602094}. Best is trial 62 with value: 0.3726749919963718.
checkpoint_e29 window_influence: 0.54768084908451709, penalty_k: 0.20666635479275791, scale_lr: 0.25132738549464123, EAO: 0.297
Trial 1270 finished with value: 0.29687506157600463 and parameters: {'window_influence': 0.5476808490845171, 'penalty_k': 0.2066663547927579, 'scale_lr': 0.25132738549464123}. Best is trial 62 with value: 0.3726749919963718.
checkpoint_e29 window_influence: 0.05338202437976397, penalty_k: 0.12639550174168204, scale_lr: 0.16626555702241752, EAO: 0.245
Trial 1271 finished with value: 0.24539842192764877 and parameters: {'window_influence': 0.05338202437976397, 'penalty_k': 0.12639550174168204, 'scale_lr': 0.16626555702241752}. Best is trial 62 with value: 0.3726749919963718.
checkpoint_e29 window_influence: 0.46186168921917092, penalty_k: 0.15930576354818521, scale_lr: 0.39035810083056310, EAO: 0.352
Trial 1272 finished with value: 0.3517129843337063 and parameters: {'window_influence': 0.4618616892191709, 'penalty_k': 0.1593057635481852, 'scale_lr': 0.3903581008305631}. Best is trial 62 with value: 0.3726749919963718.
checkpoint_e29 window_influence: 0.30481729748653696, penalty_k: 0.05198730121603964, scale_lr: 0.23373771172590721, EAO: 0.300
Trial 1273 finished with value: 0.2997173998606344 and parameters: {'window_influence': 0.30481729748653696, 'penalty_k': 0.051987301216039644, 'scale_lr': 0.2337377117259072}. Best is trial 62 with value: 0.3726749919963718.
checkpoint_e29 window_influence: 0.47789414545806336, penalty_k: 0.19449602569408647, scale_lr: 0.19323610342326908, EAO: 0.353
Trial 1274 finished with value: 0.3526145675534868 and parameters: {'window_influence': 0.47789414545806336, 'penalty_k': 0.19449602569408647, 'scale_lr': 0.19323610342326908}. Best is trial 62 with value: 0.3726749919963718.
checkpoint_e29 window_influence: 0.52717238628886964, penalty_k: 0.13924036807024709, scale_lr: 0.36627201916808083, EAO: 0.318
Trial 1275 finished with value: 0.31841139912837213 and parameters: {'window_influence': 0.5271723862888696, 'penalty_k': 0.1392403680702471, 'scale_lr': 0.36627201916808083}. Best is trial 62 with value: 0.3726749919963718.
checkpoint_e29 window_influence: 0.35284128342878807, penalty_k: 0.31036510874382739, scale_lr: 0.58784525961232259, EAO: 0.318
Trial 1276 finished with value: 0.3181646907491907 and parameters: {'window_influence': 0.35284128342878807, 'penalty_k': 0.3103651087438274, 'scale_lr': 0.5878452596123226}. Best is trial 62 with value: 0.3726749919963718.
checkpoint_e29 window_influence: 0.43915864421654688, penalty_k: 0.06422038873920470, scale_lr: 0.55825306707940348, EAO: 0.334
Trial 1277 finished with value: 0.3342815587724693 and parameters: {'window_influence': 0.4391586442165469, 'penalty_k': 0.0642203887392047, 'scale_lr': 0.5582530670794035}. Best is trial 62 with value: 0.3726749919963718.
checkpoint_e29 window_influence: 0.36361976727151823, penalty_k: 0.24056149371964314, scale_lr: 0.15356946383335646, EAO: 0.356
Trial 1278 finished with value: 0.35581022883667557 and parameters: {'window_influence': 0.36361976727151823, 'penalty_k': 0.24056149371964314, 'scale_lr': 0.15356946383335646}. Best is trial 62 with value: 0.3726749919963718.
checkpoint_e29 window_influence: 0.59593544218944483, penalty_k: 0.20647078092365806, scale_lr: 0.50160503609371176, EAO: 0.260
Trial 1279 finished with value: 0.2597938795150022 and parameters: {'window_influence': 0.5959354421894448, 'penalty_k': 0.20647078092365806, 'scale_lr': 0.5016050360937118}. Best is trial 62 with value: 0.3726749919963718.
checkpoint_e29 window_influence: 0.49005614119700791, penalty_k: 0.17468912975102821, scale_lr: 0.21903323121114307, EAO: 0.335
Trial 1280 finished with value: 0.33536160055997305 and parameters: {'window_influence': 0.4900561411970079, 'penalty_k': 0.1746891297510282, 'scale_lr': 0.21903323121114307}. Best is trial 62 with value: 0.3726749919963718.
checkpoint_e29 window_influence: 0.12424081661325409, penalty_k: 0.13290601290936363, scale_lr: 0.28986905923612510, EAO: 0.268
Trial 1281 finished with value: 0.26839424136315804 and parameters: {'window_influence': 0.12424081661325409, 'penalty_k': 0.13290601290936363, 'scale_lr': 0.2898690592361251}. Best is trial 62 with value: 0.3726749919963718.
checkpoint_e29 window_influence: 0.28850139941707281, penalty_k: 0.33440946142382189, scale_lr: 0.53358988530082097, EAO: 0.302
Trial 1282 finished with value: 0.302344946719793 and parameters: {'window_influence': 0.2885013994170728, 'penalty_k': 0.3344094614238219, 'scale_lr': 0.533589885300821}. Best is trial 62 with value: 0.3726749919963718.
checkpoint_e29 window_influence: 0.39840955886576851, penalty_k: 0.28083046900012304, scale_lr: 0.11438019812213703, EAO: 0.339
Trial 1283 finished with value: 0.3389506280306248 and parameters: {'window_influence': 0.3984095588657685, 'penalty_k': 0.28083046900012304, 'scale_lr': 0.11438019812213703}. Best is trial 62 with value: 0.3726749919963718.
checkpoint_e29 window_influence: 0.46817199193978692, penalty_k: 0.26733342604312899, scale_lr: 0.30810946874966072, EAO: 0.336
Trial 1284 finished with value: 0.33573482275473004 and parameters: {'window_influence': 0.4681719919397869, 'penalty_k': 0.267333426043129, 'scale_lr': 0.3081094687496607}. Best is trial 62 with value: 0.3726749919963718.
checkpoint_e29 window_influence: 0.45075088379897416, penalty_k: 0.05238459645943980, scale_lr: 0.26600243352270869, EAO: 0.353
Trial 1285 finished with value: 0.3532417422370688 and parameters: {'window_influence': 0.45075088379897416, 'penalty_k': 0.0523845964594398, 'scale_lr': 0.2660024335227087}. Best is trial 62 with value: 0.3726749919963718.
checkpoint_e29 window_influence: 0.48709748153012333, penalty_k: 0.29817140990014523, scale_lr: 0.24260310449544900, EAO: 0.327
Trial 1286 finished with value: 0.3272478955613036 and parameters: {'window_influence': 0.48709748153012333, 'penalty_k': 0.29817140990014523, 'scale_lr': 0.242603104495449}. Best is trial 62 with value: 0.3726749919963718.
checkpoint_e29 window_influence: 0.57434674504952699, penalty_k: 0.22739628375421878, scale_lr: 0.20743107247107406, EAO: 0.283
Trial 1287 finished with value: 0.2833738380369045 and parameters: {'window_influence': 0.574346745049527, 'penalty_k': 0.22739628375421878, 'scale_lr': 0.20743107247107406}. Best is trial 62 with value: 0.3726749919963718.
checkpoint_e29 window_influence: 0.50509016575674137, penalty_k: 0.42264714522547880, scale_lr: 0.49167141273729842, EAO: 0.319
Trial 1288 finished with value: 0.31919072864120573 and parameters: {'window_influence': 0.5050901657567414, 'penalty_k': 0.4226471452254788, 'scale_lr': 0.4916714127372984}. Best is trial 62 with value: 0.3726749919963718.
checkpoint_e29 window_influence: 0.20165135151629052, penalty_k: 0.48004138223931647, scale_lr: 0.13562921120752922, EAO: 0.261
Trial 1289 finished with value: 0.26145037191155357 and parameters: {'window_influence': 0.20165135151629052, 'penalty_k': 0.48004138223931647, 'scale_lr': 0.13562921120752922}. Best is trial 62 with value: 0.3726749919963718.
checkpoint_e29 window_influence: 0.23646015060294195, penalty_k: 0.04153928217871050, scale_lr: 0.37796376073691235, EAO: 0.290
Trial 1290 finished with value: 0.29003810070831954 and parameters: {'window_influence': 0.23646015060294195, 'penalty_k': 0.0415392821787105, 'scale_lr': 0.37796376073691235}. Best is trial 62 with value: 0.3726749919963718.
checkpoint_e29 window_influence: 0.61349239241363973, penalty_k: 0.34679253002918065, scale_lr: 0.18433369189413479, EAO: 0.252
Trial 1291 finished with value: 0.2521634119841839 and parameters: {'window_influence': 0.6134923924136397, 'penalty_k': 0.34679253002918065, 'scale_lr': 0.1843336918941348}. Best is trial 62 with value: 0.3726749919963718.
checkpoint_e29 window_influence: 0.33274756934468547, penalty_k: 0.44605073321575972, scale_lr: 0.56598840107229198, EAO: 0.324
Trial 1292 finished with value: 0.3240535100378415 and parameters: {'window_influence': 0.33274756934468547, 'penalty_k': 0.4460507332157597, 'scale_lr': 0.565988401072292}. Best is trial 62 with value: 0.3726749919963718.
checkpoint_e29 window_influence: 0.14104578114238700, penalty_k: 0.09972374512586292, scale_lr: 0.46985364663903878, EAO: 0.291
Trial 1293 finished with value: 0.2913387795250703 and parameters: {'window_influence': 0.141045781142387, 'penalty_k': 0.09972374512586292, 'scale_lr': 0.4698536466390388}. Best is trial 62 with value: 0.3726749919963718.
checkpoint_e29 window_influence: 0.52099165178234830, penalty_k: 0.37634584346817912, scale_lr: 0.16735773032605775, EAO: 0.332
Trial 1294 finished with value: 0.3319160451221095 and parameters: {'window_influence': 0.5209916517823483, 'penalty_k': 0.3763458434681791, 'scale_lr': 0.16735773032605775}. Best is trial 62 with value: 0.3726749919963718.
checkpoint_e29 window_influence: 0.47710655783941230, penalty_k: 0.52659634928549226, scale_lr: 0.51727350153724927, EAO: 0.310
Trial 1295 finished with value: 0.3095359163293579 and parameters: {'window_influence': 0.4771065578394123, 'penalty_k': 0.5265963492854923, 'scale_lr': 0.5172735015372493}. Best is trial 62 with value: 0.3726749919963718.
checkpoint_e29 window_influence: 0.24539661667417206, penalty_k: 0.16100416356693040, scale_lr: 0.54585773332828758, EAO: 0.293
Trial 1296 finished with value: 0.29316387612532085 and parameters: {'window_influence': 0.24539661667417206, 'penalty_k': 0.1610041635669304, 'scale_lr': 0.5458577333282876}. Best is trial 62 with value: 0.3726749919963718.
checkpoint_e29 window_influence: 0.58586047797271879, penalty_k: 0.25344594513403140, scale_lr: 0.22070722373708204, EAO: 0.289
Trial 1297 finished with value: 0.28851691526197737 and parameters: {'window_influence': 0.5858604779727188, 'penalty_k': 0.2534459451340314, 'scale_lr': 0.22070722373708204}. Best is trial 62 with value: 0.3726749919963718.
checkpoint_e29 window_influence: 0.27130983470004044, penalty_k: 0.06346016338640570, scale_lr: 0.14924214201543134, EAO: 0.289
Trial 1298 finished with value: 0.28933973633593624 and parameters: {'window_influence': 0.27130983470004044, 'penalty_k': 0.0634601633864057, 'scale_lr': 0.14924214201543134}. Best is trial 62 with value: 0.3726749919963718.
checkpoint_e29 window_influence: 0.10209445700319147, penalty_k: 0.07787462703198521, scale_lr: 0.24851449647546892, EAO: 0.257
Trial 1299 finished with value: 0.25706443810973184 and parameters: {'window_influence': 0.10209445700319147, 'penalty_k': 0.07787462703198521, 'scale_lr': 0.24851449647546892}. Best is trial 62 with value: 0.3726749919963718.
checkpoint_e29 window_influence: 0.42381635981708721, penalty_k: 0.11729586580111787, scale_lr: 0.43962134382670509, EAO: 0.319
Trial 1300 finished with value: 0.3191201792384864 and parameters: {'window_influence': 0.4238163598170872, 'penalty_k': 0.11729586580111787, 'scale_lr': 0.4396213438267051}. Best is trial 62 with value: 0.3726749919963718.
checkpoint_e29 window_influence: 0.55757665704496318, penalty_k: 0.08996746030885396, scale_lr: 0.33486361087021616, EAO: 0.304
Trial 1301 finished with value: 0.3041967365180472 and parameters: {'window_influence': 0.5575766570449632, 'penalty_k': 0.08996746030885396, 'scale_lr': 0.33486361087021616}. Best is trial 62 with value: 0.3726749919963718.
checkpoint_e29 window_influence: 0.49323283515338345, penalty_k: 0.06828808404688858, scale_lr: 0.78736130898852341, EAO: 0.349
