Trial 1234 finished with value: 0.32623131416651063 and parameters: {'window_influence': 0.41852827271401405, 'penalty_k': 0.1833051201625483, 'scale_lr': 0.3000387588035621}. Best is trial 1136 with value: 0.3697957394188016.
checkpoint_e33 window_influence: 0.30646961924405441, penalty_k: 0.27768741447337686, scale_lr: 0.53716100189009597, EAO: 0.324
Trial 1235 finished with value: 0.3239618474871268 and parameters: {'window_influence': 0.3064696192440544, 'penalty_k': 0.27768741447337686, 'scale_lr': 0.537161001890096}. Best is trial 1136 with value: 0.3697957394188016.
checkpoint_e33 window_influence: 0.44627810466324802, penalty_k: 0.04629400536478664, scale_lr: 0.32582060636567489, EAO: 0.338
Trial 1236 finished with value: 0.33822557295342826 and parameters: {'window_influence': 0.446278104663248, 'penalty_k': 0.04629400536478664, 'scale_lr': 0.3258206063656749}. Best is trial 1136 with value: 0.3697957394188016.
checkpoint_e33 window_influence: 0.50109224774346406, penalty_k: 0.07092481986798507, scale_lr: 0.18072829978718175, EAO: 0.339
Trial 1237 finished with value: 0.33897193918432245 and parameters: {'window_influence': 0.5010922477434641, 'penalty_k': 0.07092481986798507, 'scale_lr': 0.18072829978718175}. Best is trial 1136 with value: 0.3697957394188016.
checkpoint_e33 window_influence: 0.48012912261279217, penalty_k: 0.15505770069170396, scale_lr: 0.22181262306035504, EAO: 0.338
Trial 1238 finished with value: 0.3375796361424116 and parameters: {'window_influence': 0.48012912261279217, 'penalty_k': 0.15505770069170396, 'scale_lr': 0.22181262306035504}. Best is trial 1136 with value: 0.3697957394188016.
checkpoint_e33 window_influence: 0.45863936914064790, penalty_k: 0.00997680332604561, scale_lr: 0.28948210064208690, EAO: 0.325
Trial 1239 finished with value: 0.32487773327048186 and parameters: {'window_influence': 0.4586393691406479, 'penalty_k': 0.009976803326045613, 'scale_lr': 0.2894821006420869}. Best is trial 1136 with value: 0.3697957394188016.
checkpoint_e33 window_influence: 0.47256408810306322, penalty_k: 0.09746801555359726, scale_lr: 0.63326694264702033, EAO: 0.329
Trial 1240 finished with value: 0.32893150372263985 and parameters: {'window_influence': 0.4725640881030632, 'penalty_k': 0.09746801555359726, 'scale_lr': 0.6332669426470203}. Best is trial 1136 with value: 0.3697957394188016.
checkpoint_e33 window_influence: 0.48968266246706510, penalty_k: 0.03397038863043718, scale_lr: 0.16407574819146681, EAO: 0.322
Trial 1241 finished with value: 0.321622702804057 and parameters: {'window_influence': 0.4896826624670651, 'penalty_k': 0.03397038863043718, 'scale_lr': 0.1640757481914668}. Best is trial 1136 with value: 0.3697957394188016.
checkpoint_e33 window_influence: 0.45216137253287897, penalty_k: 0.08539744850335934, scale_lr: 0.36967572171757423, EAO: 0.344
Trial 1242 finished with value: 0.34398697751505364 and parameters: {'window_influence': 0.45216137253287897, 'penalty_k': 0.08539744850335934, 'scale_lr': 0.36967572171757423}. Best is trial 1136 with value: 0.3697957394188016.
checkpoint_e33 window_influence: 0.46631490210307253, penalty_k: 0.05140682745483272, scale_lr: 0.66743155291774714, EAO: 0.343
Trial 1243 finished with value: 0.34283799431667256 and parameters: {'window_influence': 0.4663149021030725, 'penalty_k': 0.051406827454832715, 'scale_lr': 0.6674315529177471}. Best is trial 1136 with value: 0.3697957394188016.
checkpoint_e33 window_influence: 0.43468875315114552, penalty_k: 0.20453915603920686, scale_lr: 0.23283543212030727, EAO: 0.359
Trial 1244 finished with value: 0.3592776810380735 and parameters: {'window_influence': 0.4346887531511455, 'penalty_k': 0.20453915603920686, 'scale_lr': 0.23283543212030727}. Best is trial 1136 with value: 0.3697957394188016.
checkpoint_e33 window_influence: 0.50228729921299764, penalty_k: 0.10931556067694737, scale_lr: 0.51729986382915061, EAO: 0.332
Trial 1245 finished with value: 0.33224170031714534 and parameters: {'window_influence': 0.5022872992129976, 'penalty_k': 0.10931556067694737, 'scale_lr': 0.5172998638291506}. Best is trial 1136 with value: 0.3697957394188016.
checkpoint_e33 window_influence: 0.12837790928721851, penalty_k: 0.06649323412435659, scale_lr: 0.49337673319556247, EAO: 0.268
Trial 1246 finished with value: 0.26841078373940536 and parameters: {'window_influence': 0.1283779092872185, 'penalty_k': 0.06649323412435659, 'scale_lr': 0.49337673319556247}. Best is trial 1136 with value: 0.3697957394188016.
checkpoint_e33 window_influence: 0.48195355367940218, penalty_k: 0.24808969380347573, scale_lr: 0.69463385260074617, EAO: 0.330
Trial 1247 finished with value: 0.3304709643705346 and parameters: {'window_influence': 0.4819535536794022, 'penalty_k': 0.24808969380347573, 'scale_lr': 0.6946338526007462}. Best is trial 1136 with value: 0.3697957394188016.
checkpoint_e33 window_influence: 0.44730201931127755, penalty_k: 0.54998732607289469, scale_lr: 0.34879912220058068, EAO: 0.314
Trial 1248 finished with value: 0.31423756926672003 and parameters: {'window_influence': 0.44730201931127755, 'penalty_k': 0.5499873260728947, 'scale_lr': 0.3487991222005807}. Best is trial 1136 with value: 0.3697957394188016.
checkpoint_e33 window_influence: 0.56042526544577953, penalty_k: 0.02218923809597988, scale_lr: 0.19596938584064197, EAO: 0.299
Trial 1249 finished with value: 0.2994051335618654 and parameters: {'window_influence': 0.5604252654457795, 'penalty_k': 0.022189238095979884, 'scale_lr': 0.19596938584064197}. Best is trial 1136 with value: 0.3697957394188016.
checkpoint_e33 window_influence: 0.38057835375193289, penalty_k: 0.03890451220085901, scale_lr: 0.73573968612628282, EAO: 0.323
Trial 1250 finished with value: 0.32322943477315197 and parameters: {'window_influence': 0.3805783537519329, 'penalty_k': 0.03890451220085901, 'scale_lr': 0.7357396861262828}. Best is trial 1136 with value: 0.3697957394188016.
checkpoint_e33 window_influence: 0.49018690632014272, penalty_k: 0.47442063870588674, scale_lr: 0.65191330997452657, EAO: 0.314
Trial 1251 finished with value: 0.31366450087337644 and parameters: {'window_influence': 0.4901869063201427, 'penalty_k': 0.47442063870588674, 'scale_lr': 0.6519133099745266}. Best is trial 1136 with value: 0.3697957394188016.
checkpoint_e33 window_influence: 0.46649456695898334, penalty_k: 0.48771724897527508, scale_lr: 0.14548572982151170, EAO: 0.297
Trial 1252 finished with value: 0.29696017393574176 and parameters: {'window_influence': 0.46649456695898334, 'penalty_k': 0.4877172489752751, 'scale_lr': 0.1454857298215117}. Best is trial 1136 with value: 0.3697957394188016.
checkpoint_e33 window_influence: 0.62722708983077258, penalty_k: 0.18534114717062691, scale_lr: 0.45684162903091480, EAO: 0.253
Trial 1253 finished with value: 0.2533180711914129 and parameters: {'window_influence': 0.6272270898307726, 'penalty_k': 0.1853411471706269, 'scale_lr': 0.4568416290309148}. Best is trial 1136 with value: 0.3697957394188016.
checkpoint_e33 window_influence: 0.50420647109439531, penalty_k: 0.07671858596999716, scale_lr: 0.56056654470576928, EAO: 0.335
Trial 1254 finished with value: 0.3346841164831985 and parameters: {'window_influence': 0.5042064710943953, 'penalty_k': 0.07671858596999716, 'scale_lr': 0.5605665447057693}. Best is trial 1136 with value: 0.3697957394188016.
checkpoint_e33 window_influence: 0.06750050750756664, penalty_k: 0.13631599281220783, scale_lr: 0.26718969540768428, EAO: 0.261
Trial 1255 finished with value: 0.2611429340528607 and parameters: {'window_influence': 0.06750050750756664, 'penalty_k': 0.13631599281220783, 'scale_lr': 0.2671896954076843}. Best is trial 1136 with value: 0.3697957394188016.
checkpoint_e33 window_influence: 0.47588947551145494, penalty_k: 0.01131890388472163, scale_lr: 0.57759325150857421, EAO: 0.343
Trial 1256 finished with value: 0.3432042407386498 and parameters: {'window_influence': 0.47588947551145494, 'penalty_k': 0.011318903884721626, 'scale_lr': 0.5775932515085742}. Best is trial 1136 with value: 0.3697957394188016.
checkpoint_e33 window_influence: 0.49273460589036733, penalty_k: 0.05713935421132145, scale_lr: 0.59983526189055159, EAO: 0.333
Trial 1257 finished with value: 0.33282807933217357 and parameters: {'window_influence': 0.4927346058903673, 'penalty_k': 0.05713935421132145, 'scale_lr': 0.5998352618905516}. Best is trial 1136 with value: 0.3697957394188016.
checkpoint_e33 window_influence: 0.41203622670277401, penalty_k: 0.00002238731304672, scale_lr: 0.24778353445954696, EAO: 0.324
Trial 1258 finished with value: 0.3238115965276377 and parameters: {'window_influence': 0.412036226702774, 'penalty_k': 2.238731304671747e-05, 'scale_lr': 0.24778353445954696}. Best is trial 1136 with value: 0.3697957394188016.
checkpoint_e33 window_influence: 0.25887073416930972, penalty_k: 0.22866514278898606, scale_lr: 0.75061140488568123, EAO: 0.312
Trial 1259 finished with value: 0.3124053180217743 and parameters: {'window_influence': 0.2588707341693097, 'penalty_k': 0.22866514278898606, 'scale_lr': 0.7506114048856812}. Best is trial 1136 with value: 0.3697957394188016.
checkpoint_e33 window_influence: 0.35351932992912677, penalty_k: 0.03276652543310388, scale_lr: 0.33903753700653511, EAO: 0.319
Trial 1260 finished with value: 0.31927722292419536 and parameters: {'window_influence': 0.35351932992912677, 'penalty_k': 0.03276652543310388, 'scale_lr': 0.3390375370065351}. Best is trial 1136 with value: 0.3697957394188016.
checkpoint_e33 window_influence: 0.08232738555984587, penalty_k: 0.25478481175171191, scale_lr: 0.62060610374877734, EAO: 0.259
Trial 1261 finished with value: 0.25944685970762826 and parameters: {'window_influence': 0.08232738555984587, 'penalty_k': 0.2547848117517119, 'scale_lr': 0.6206061037487773}. Best is trial 1136 with value: 0.3697957394188016.
checkpoint_e33 window_influence: 0.45745845492068876, penalty_k: 0.08892126733539163, scale_lr: 0.40572727320308299, EAO: 0.340
Trial 1262 finished with value: 0.33990474062670994 and parameters: {'window_influence': 0.45745845492068876, 'penalty_k': 0.08892126733539163, 'scale_lr': 0.405727273203083}. Best is trial 1136 with value: 0.3697957394188016.
checkpoint_e33 window_influence: 0.42891697239307897, penalty_k: 0.02215418451125988, scale_lr: 0.71047599338742873, EAO: 0.332
Trial 1263 finished with value: 0.332477130198757 and parameters: {'window_influence': 0.42891697239307897, 'penalty_k': 0.022154184511259882, 'scale_lr': 0.7104759933874287}. Best is trial 1136 with value: 0.3697957394188016.
checkpoint_e33 window_influence: 0.32605425620327555, penalty_k: 0.16790663797849029, scale_lr: 0.49926717069568449, EAO: 0.300
Trial 1264 finished with value: 0.30041066815185175 and parameters: {'window_influence': 0.32605425620327555, 'penalty_k': 0.1679066379784903, 'scale_lr': 0.4992671706956845}. Best is trial 1136 with value: 0.3697957394188016.
checkpoint_e33 window_influence: 0.47591165483943576, penalty_k: 0.22168708107142990, scale_lr: 0.52103365309963445, EAO: 0.345
Trial 1265 finished with value: 0.3445284162513941 and parameters: {'window_influence': 0.47591165483943576, 'penalty_k': 0.2216870810714299, 'scale_lr': 0.5210336530996345}. Best is trial 1136 with value: 0.3697957394188016.
checkpoint_e33 window_influence: 0.39225504360894753, penalty_k: 0.04226031792866852, scale_lr: 0.72668461608358170, EAO: 0.315
Trial 1266 finished with value: 0.3149678319808574 and parameters: {'window_influence': 0.39225504360894753, 'penalty_k': 0.04226031792866852, 'scale_lr': 0.7266846160835817}. Best is trial 1136 with value: 0.3697957394188016.
checkpoint_e33 window_influence: 0.06525757044269109, penalty_k: 0.19884020172271460, scale_lr: 0.66949522601782618, EAO: 0.262
Trial 1267 finished with value: 0.2616603366943649 and parameters: {'window_influence': 0.06525757044269109, 'penalty_k': 0.1988402017227146, 'scale_lr': 0.6694952260178262}. Best is trial 1136 with value: 0.3697957394188016.
checkpoint_e33 window_influence: 0.15086886429709373, penalty_k: 0.28834451324664412, scale_lr: 0.37959672007834711, EAO: 0.268
Trial 1268 finished with value: 0.26755130186618997 and parameters: {'window_influence': 0.15086886429709373, 'penalty_k': 0.2883445132466441, 'scale_lr': 0.3795967200783471}. Best is trial 1136 with value: 0.3697957394188016.
checkpoint_e33 window_influence: 0.44464818663145234, penalty_k: 0.06617762370168720, scale_lr: 0.48230441808504926, EAO: 0.316
Trial 1269 finished with value: 0.3162928917064741 and parameters: {'window_influence': 0.44464818663145234, 'penalty_k': 0.0661776237016872, 'scale_lr': 0.48230441808504926}. Best is trial 1136 with value: 0.3697957394188016.
checkpoint_e33 window_influence: 0.48451039620042025, penalty_k: 0.32204724475282664, scale_lr: 0.63493580051304355, EAO: 0.320
Trial 1270 finished with value: 0.3203918741950729 and parameters: {'window_influence': 0.48451039620042025, 'penalty_k': 0.32204724475282664, 'scale_lr': 0.6349358005130435}. Best is trial 1136 with value: 0.3697957394188016.
checkpoint_e33 window_influence: 0.28230071240320209, penalty_k: 0.05124797368084308, scale_lr: 0.10200425810862190, EAO: 0.312
Trial 1271 finished with value: 0.31188162761207683 and parameters: {'window_influence': 0.2823007124032021, 'penalty_k': 0.05124797368084308, 'scale_lr': 0.1020042581086219}. Best is trial 1136 with value: 0.3697957394188016.
checkpoint_e33 window_influence: 0.13070443794339778, penalty_k: 0.02750475573009401, scale_lr: 0.45078244478400087, EAO: 0.250
Trial 1272 finished with value: 0.25039618007171943 and parameters: {'window_influence': 0.13070443794339778, 'penalty_k': 0.02750475573009401, 'scale_lr': 0.45078244478400087}. Best is trial 1136 with value: 0.3697957394188016.
checkpoint_e33 window_influence: 0.46258677214373023, penalty_k: 0.09522683560354643, scale_lr: 0.20875353734273874, EAO: 0.343
Trial 1273 finished with value: 0.343302090344262 and parameters: {'window_influence': 0.46258677214373023, 'penalty_k': 0.09522683560354643, 'scale_lr': 0.20875353734273874}. Best is trial 1136 with value: 0.3697957394188016.
checkpoint_e33 window_influence: 0.50503286882094289, penalty_k: 0.11019540044670724, scale_lr: 0.43204376275470985, EAO: 0.338
Trial 1274 finished with value: 0.3382606897140755 and parameters: {'window_influence': 0.5050328688209429, 'penalty_k': 0.11019540044670724, 'scale_lr': 0.43204376275470985}. Best is trial 1136 with value: 0.3697957394188016.
checkpoint_e33 window_influence: 0.49489831106326482, penalty_k: 0.17860424760877408, scale_lr: 0.53431457529638726, EAO: 0.356
Trial 1275 finished with value: 0.3563385299671485 and parameters: {'window_influence': 0.4948983110632648, 'penalty_k': 0.17860424760877408, 'scale_lr': 0.5343145752963873}. Best is trial 1136 with value: 0.3697957394188016.
checkpoint_e33 window_influence: 0.46864881187928237, penalty_k: 0.34380044385938280, scale_lr: 0.46682774457192444, EAO: 0.336
Trial 1276 finished with value: 0.33626546829591003 and parameters: {'window_influence': 0.46864881187928237, 'penalty_k': 0.3438004438593828, 'scale_lr': 0.46682774457192444}. Best is trial 1136 with value: 0.3697957394188016.
checkpoint_e33 window_influence: 0.33727574210528116, penalty_k: 0.13052305060731131, scale_lr: 0.22949178473164794, EAO: 0.309
Trial 1277 finished with value: 0.3086213155247358 and parameters: {'window_influence': 0.33727574210528116, 'penalty_k': 0.13052305060731131, 'scale_lr': 0.22949178473164794}. Best is trial 1136 with value: 0.3697957394188016.
checkpoint_e33 window_influence: 0.48250159507752016, penalty_k: 0.07336575976507932, scale_lr: 0.68259368175459634, EAO: 0.353
Trial 1278 finished with value: 0.3526806410416555 and parameters: {'window_influence': 0.48250159507752016, 'penalty_k': 0.07336575976507932, 'scale_lr': 0.6825936817545963}. Best is trial 1136 with value: 0.3697957394188016.
checkpoint_e33 window_influence: 0.45490033450869094, penalty_k: 0.42319609235430350, scale_lr: 0.18036290229381430, EAO: 0.302
Trial 1279 finished with value: 0.30225373891541 and parameters: {'window_influence': 0.45490033450869094, 'penalty_k': 0.4231960923543035, 'scale_lr': 0.1803629022938143}. Best is trial 1136 with value: 0.3697957394188016.
checkpoint_e33 window_influence: 0.43967025201402421, penalty_k: 0.15517517359504504, scale_lr: 0.60123604375304485, EAO: 0.358
Trial 1280 finished with value: 0.3580896580729503 and parameters: {'window_influence': 0.4396702520140242, 'penalty_k': 0.15517517359504504, 'scale_lr': 0.6012360437530448}. Best is trial 1136 with value: 0.3697957394188016.
checkpoint_e33 window_influence: 0.51149431205640772, penalty_k: 0.01511552801582144, scale_lr: 0.42503416314516596, EAO: 0.346
Trial 1281 finished with value: 0.34587053647301075 and parameters: {'window_influence': 0.5114943120564077, 'penalty_k': 0.015115528015821441, 'scale_lr': 0.42503416314516596}. Best is trial 1136 with value: 0.3697957394188016.
checkpoint_e33 window_influence: 0.47218284180288639, penalty_k: 0.27440602489905042, scale_lr: 0.64656148721646556, EAO: 0.325
Trial 1282 finished with value: 0.3250775334899991 and parameters: {'window_influence': 0.4721828418028864, 'penalty_k': 0.2744060248990504, 'scale_lr': 0.6465614872164656}. Best is trial 1136 with value: 0.3697957394188016.
checkpoint_e33 window_influence: 0.42221456083937564, penalty_k: 0.39424743810583851, scale_lr: 0.31328496242993376, EAO: 0.320
Trial 1283 finished with value: 0.319607156839816 and parameters: {'window_influence': 0.42221456083937564, 'penalty_k': 0.3942474381058385, 'scale_lr': 0.31328496242993376}. Best is trial 1136 with value: 0.3697957394188016.
checkpoint_e33 window_influence: 0.35644781321672325, penalty_k: 0.42243011866551322, scale_lr: 0.39568708967500532, EAO: 0.318
Trial 1284 finished with value: 0.3175575986562536 and parameters: {'window_influence': 0.35644781321672325, 'penalty_k': 0.4224301186655132, 'scale_lr': 0.3956870896750053}. Best is trial 1136 with value: 0.3697957394188016.
checkpoint_e33 window_influence: 0.49463437956416817, penalty_k: 0.03937963255702671, scale_lr: 0.20034234453181446, EAO: 0.342
Trial 1285 finished with value: 0.34186300125103514 and parameters: {'window_influence': 0.49463437956416817, 'penalty_k': 0.03937963255702671, 'scale_lr': 0.20034234453181446}. Best is trial 1136 with value: 0.3697957394188016.
checkpoint_e33 window_influence: 0.18019299272899458, penalty_k: 0.05151593593686105, scale_lr: 0.78942603279620893, EAO: 0.289
Trial 1286 finished with value: 0.2891343455718185 and parameters: {'window_influence': 0.18019299272899458, 'penalty_k': 0.05151593593686105, 'scale_lr': 0.7894260327962089}. Best is trial 1136 with value: 0.3697957394188016.
checkpoint_e33 window_influence: 0.58620297763903295, penalty_k: 0.06323264784162295, scale_lr: 0.77078849280289796, EAO: 0.277
Trial 1287 finished with value: 0.27676501725202407 and parameters: {'window_influence': 0.586202977639033, 'penalty_k': 0.06323264784162295, 'scale_lr': 0.770788492802898}. Best is trial 1136 with value: 0.3697957394188016.
checkpoint_e33 window_influence: 0.59498262824151049, penalty_k: 0.21586426873252682, scale_lr: 0.54624458796161135, EAO: 0.258
Trial 1288 finished with value: 0.25770046831568855 and parameters: {'window_influence': 0.5949826282415105, 'penalty_k': 0.21586426873252682, 'scale_lr': 0.5462445879616113}. Best is trial 1136 with value: 0.3697957394188016.
checkpoint_e33 window_influence: 0.45359275882983641, penalty_k: 0.18830196245567410, scale_lr: 0.36462712723611435, EAO: 0.333
Trial 1289 finished with value: 0.3329018508645811 and parameters: {'window_influence': 0.4535927588298364, 'penalty_k': 0.1883019624556741, 'scale_lr': 0.36462712723611435}. Best is trial 1136 with value: 0.3697957394188016.
checkpoint_e33 window_influence: 0.48465115465681730, penalty_k: 0.08172126959444861, scale_lr: 0.27541037453806932, EAO: 0.342
Trial 1290 finished with value: 0.3424986400261 and parameters: {'window_influence': 0.4846511546568173, 'penalty_k': 0.08172126959444861, 'scale_lr': 0.2754103745380693}. Best is trial 1136 with value: 0.3697957394188016.
checkpoint_e33 window_influence: 0.11297543613006206, penalty_k: 0.02208090636260678, scale_lr: 0.25283293678534013, EAO: 0.273
Trial 1291 finished with value: 0.27284602003338737 and parameters: {'window_influence': 0.11297543613006206, 'penalty_k': 0.022080906362606775, 'scale_lr': 0.25283293678534013}. Best is trial 1136 with value: 0.3697957394188016.
checkpoint_e33 window_influence: 0.54861549583471159, penalty_k: 0.59137376548255949, scale_lr: 0.56847465849970524, EAO: 0.263
Trial 1292 finished with value: 0.2628849744216941 and parameters: {'window_influence': 0.5486154958347116, 'penalty_k': 0.5913737654825595, 'scale_lr': 0.5684746584997052}. Best is trial 1136 with value: 0.3697957394188016.
checkpoint_e33 window_influence: 0.20672256285224538, penalty_k: 0.01158213435744482, scale_lr: 0.44396463777003592, EAO: 0.293
Trial 1293 finished with value: 0.2932137839988976 and parameters: {'window_influence': 0.20672256285224538, 'penalty_k': 0.011582134357444823, 'scale_lr': 0.4439646377700359}. Best is trial 1136 with value: 0.3697957394188016.
checkpoint_e33 window_influence: 0.46610379106219862, penalty_k: 0.30206891103202693, scale_lr: 0.65664627219800420, EAO: 0.344
Trial 1294 finished with value: 0.3439916610021999 and parameters: {'window_influence': 0.4661037910621986, 'penalty_k': 0.30206891103202693, 'scale_lr': 0.6566462721980042}. Best is trial 1136 with value: 0.3697957394188016.
checkpoint_e33 window_influence: 0.47883903812540202, penalty_k: 0.12046642399372785, scale_lr: 0.70158810949071682, EAO: 0.319
Trial 1295 finished with value: 0.3189818510633498 and parameters: {'window_influence': 0.478839038125402, 'penalty_k': 0.12046642399372785, 'scale_lr': 0.7015881094907168}. Best is trial 1136 with value: 0.3697957394188016.
checkpoint_e33 window_influence: 0.40154586448163226, penalty_k: 0.23693816020990568, scale_lr: 0.50478294060940199, EAO: 0.326
