Trial 862 finished with value: 0.3238349188162659 and parameters: {'window_influence': 0.32331384970888705, 'penalty_k': 0.012926874256515897, 'scale_lr': 0.4871804421744993}. Best is trial 445 with value: 0.3694567781246126.
checkpoint_e16 window_influence: 0.53662606053679918, penalty_k: 0.02191276488998930, scale_lr: 0.57329718986690514, EAO: 0.299
Trial 863 finished with value: 0.2992642421550788 and parameters: {'window_influence': 0.5366260605367992, 'penalty_k': 0.0219127648899893, 'scale_lr': 0.5732971898669051}. Best is trial 445 with value: 0.3694567781246126.
