Trial 124 finished with value: 0.35663091660937446 and parameters: {'window_influence': 0.48583513506363923, 'penalty_k': 0.085734038977542, 'scale_lr': 0.3906824655569492}. Best is trial 32 with value: 0.38394216433573325.
checkpoint_e23 window_influence: 0.47217540147941867, penalty_k: 0.08771788204631950, scale_lr: 0.39159830388672129, EAO: 0.354
Trial 125 finished with value: 0.35449653376865015 and parameters: {'window_influence': 0.47217540147941867, 'penalty_k': 0.0877178820463195, 'scale_lr': 0.3915983038867213}. Best is trial 32 with value: 0.38394216433573325.
checkpoint_e23 window_influence: 0.51448197500009374, penalty_k: 0.08267539690807767, scale_lr: 0.39107363397089773, EAO: 0.337
Trial 126 finished with value: 0.3372407837368635 and parameters: {'window_influence': 0.5144819750000937, 'penalty_k': 0.08267539690807767, 'scale_lr': 0.3910736339708977}. Best is trial 32 with value: 0.38394216433573325.
checkpoint_e23 window_influence: 0.49077537943447869, penalty_k: 0.10887870860046321, scale_lr: 0.35903419234271211, EAO: 0.335
Trial 127 finished with value: 0.33514829913465893 and parameters: {'window_influence': 0.4907753794344787, 'penalty_k': 0.10887870860046321, 'scale_lr': 0.3590341923427121}. Best is trial 32 with value: 0.38394216433573325.
checkpoint_e23 window_influence: 0.53090384902135856, penalty_k: 0.09788635251642136, scale_lr: 0.41432211549418058, EAO: 0.329
Trial 128 finished with value: 0.3291230056768262 and parameters: {'window_influence': 0.5309038490213586, 'penalty_k': 0.09788635251642136, 'scale_lr': 0.4143221154941806}. Best is trial 32 with value: 0.38394216433573325.
checkpoint_e23 window_influence: 0.47411024275781793, penalty_k: 0.13674855314276912, scale_lr: 0.38907809505675672, EAO: 0.316
Trial 129 finished with value: 0.3163570414373383 and parameters: {'window_influence': 0.47411024275781793, 'penalty_k': 0.13674855314276912, 'scale_lr': 0.3890780950567567}. Best is trial 32 with value: 0.38394216433573325.
checkpoint_e23 window_influence: 0.50913359097145672, penalty_k: 0.08918942736189743, scale_lr: 0.42584646052956443, EAO: 0.327
Trial 130 finished with value: 0.32736658968814153 and parameters: {'window_influence': 0.5091335909714567, 'penalty_k': 0.08918942736189743, 'scale_lr': 0.42584646052956443}. Best is trial 32 with value: 0.38394216433573325.
checkpoint_e23 window_influence: 0.46462656426821847, penalty_k: 0.08114933228260172, scale_lr: 0.40697308562670442, EAO: 0.349
Trial 131 finished with value: 0.3492779525337516 and parameters: {'window_influence': 0.46462656426821847, 'penalty_k': 0.08114933228260172, 'scale_lr': 0.4069730856267044}. Best is trial 32 with value: 0.38394216433573325.
checkpoint_e23 window_influence: 0.44820351706643541, penalty_k: 0.06566837379631013, scale_lr: 0.35212813244340135, EAO: 0.337
Trial 132 finished with value: 0.3371435816649797 and parameters: {'window_influence': 0.4482035170664354, 'penalty_k': 0.06566837379631013, 'scale_lr': 0.35212813244340135}. Best is trial 32 with value: 0.38394216433573325.
checkpoint_e23 window_influence: 0.48043145836372725, penalty_k: 0.05330861502225715, scale_lr: 0.45102510390630829, EAO: 0.351
Trial 133 finished with value: 0.35069885084601227 and parameters: {'window_influence': 0.48043145836372725, 'penalty_k': 0.05330861502225715, 'scale_lr': 0.4510251039063083}. Best is trial 32 with value: 0.38394216433573325.
checkpoint_e23 window_influence: 0.46700005489475976, penalty_k: 0.11761407998520831, scale_lr: 0.37930989514916902, EAO: 0.339
Trial 134 finished with value: 0.33925933503919076 and parameters: {'window_influence': 0.46700005489475976, 'penalty_k': 0.11761407998520831, 'scale_lr': 0.379309895149169}. Best is trial 32 with value: 0.38394216433573325.
checkpoint_e23 window_influence: 0.49914172621994707, penalty_k: 0.06514026526993015, scale_lr: 0.40237638636146816, EAO: 0.336
Trial 135 finished with value: 0.3361822814329125 and parameters: {'window_influence': 0.49914172621994707, 'penalty_k': 0.06514026526993015, 'scale_lr': 0.40237638636146816}. Best is trial 32 with value: 0.38394216433573325.
checkpoint_e23 window_influence: 0.45287183619020177, penalty_k: 0.03907894471390968, scale_lr: 0.33429741922824802, EAO: 0.329
Trial 136 finished with value: 0.3287685563360207 and parameters: {'window_influence': 0.45287183619020177, 'penalty_k': 0.03907894471390968, 'scale_lr': 0.334297419228248}. Best is trial 32 with value: 0.38394216433573325.
checkpoint_e23 window_influence: 0.49045797068883101, penalty_k: 0.10311212570444417, scale_lr: 0.36427885817768751, EAO: 0.339
Trial 137 finished with value: 0.3386895901266239 and parameters: {'window_influence': 0.490457970688831, 'penalty_k': 0.10311212570444417, 'scale_lr': 0.3642788581776875}. Best is trial 32 with value: 0.38394216433573325.
checkpoint_e23 window_influence: 0.42920272333537302, penalty_k: 0.08671353625414732, scale_lr: 0.31280890929323124, EAO: 0.321
Trial 138 finished with value: 0.3212061615421614 and parameters: {'window_influence': 0.429202723335373, 'penalty_k': 0.08671353625414732, 'scale_lr': 0.31280890929323124}. Best is trial 32 with value: 0.38394216433573325.
checkpoint_e23 window_influence: 0.52120802598433835, penalty_k: 0.05985851609994181, scale_lr: 0.46273469739719830, EAO: 0.329
Trial 139 finished with value: 0.3294948439189896 and parameters: {'window_influence': 0.5212080259843384, 'penalty_k': 0.059858516099941805, 'scale_lr': 0.4627346973971983}. Best is trial 32 with value: 0.38394216433573325.
checkpoint_e23 window_influence: 0.47556181773704997, penalty_k: 0.07444109756467696, scale_lr: 0.43960173825702981, EAO: 0.357
Trial 140 finished with value: 0.35714531304307484 and parameters: {'window_influence': 0.47556181773705, 'penalty_k': 0.07444109756467696, 'scale_lr': 0.4396017382570298}. Best is trial 32 with value: 0.38394216433573325.
checkpoint_e23 window_influence: 0.47536251418581449, penalty_k: 0.07123622112234146, scale_lr: 0.43562627744527177, EAO: 0.342
Trial 141 finished with value: 0.3423424436192568 and parameters: {'window_influence': 0.4753625141858145, 'penalty_k': 0.07123622112234146, 'scale_lr': 0.43562627744527177}. Best is trial 32 with value: 0.38394216433573325.
checkpoint_e23 window_influence: 0.50432363717375639, penalty_k: 0.04568323565462546, scale_lr: 0.42068365474185759, EAO: 0.331
Trial 142 finished with value: 0.331468002457563 and parameters: {'window_influence': 0.5043236371737564, 'penalty_k': 0.04568323565462546, 'scale_lr': 0.4206836547418576}. Best is trial 32 with value: 0.38394216433573325.
checkpoint_e23 window_influence: 0.48725160300713444, penalty_k: 0.02974788226539864, scale_lr: 0.39054845862533610, EAO: 0.326
Trial 143 finished with value: 0.32570970800600163 and parameters: {'window_influence': 0.48725160300713444, 'penalty_k': 0.029747882265398637, 'scale_lr': 0.3905484586253361}. Best is trial 32 with value: 0.38394216433573325.
checkpoint_e23 window_influence: 0.46218179870909099, penalty_k: 0.09407819971229088, scale_lr: 0.47457032166369945, EAO: 0.324
Trial 144 finished with value: 0.32410839837812727 and parameters: {'window_influence': 0.462181798709091, 'penalty_k': 0.09407819971229088, 'scale_lr': 0.47457032166369945}. Best is trial 32 with value: 0.38394216433573325.
checkpoint_e23 window_influence: 0.44174607166525282, penalty_k: 0.07858909835941234, scale_lr: 0.44298385351939551, EAO: 0.324
Trial 145 finished with value: 0.3236186190106062 and parameters: {'window_influence': 0.4417460716652528, 'penalty_k': 0.07858909835941234, 'scale_lr': 0.4429838535193955}. Best is trial 32 with value: 0.38394216433573325.
checkpoint_e23 window_influence: 0.47541166095364729, penalty_k: 0.05318979557954147, scale_lr: 0.51010042203498729, EAO: 0.330
Trial 146 finished with value: 0.33040705085496497 and parameters: {'window_influence': 0.4754116609536473, 'penalty_k': 0.05318979557954147, 'scale_lr': 0.5101004220349873}. Best is trial 32 with value: 0.38394216433573325.
checkpoint_e23 window_influence: 0.53922821309192204, penalty_k: 0.01969121437598049, scale_lr: 0.45492674725981264, EAO: 0.331
Trial 147 finished with value: 0.33144746506260525 and parameters: {'window_influence': 0.539228213091922, 'penalty_k': 0.019691214375980492, 'scale_lr': 0.45492674725981264}. Best is trial 32 with value: 0.38394216433573325.
checkpoint_e23 window_influence: 0.49465922147110097, penalty_k: 0.11320728789373685, scale_lr: 0.38027540375829022, EAO: 0.338
Trial 148 finished with value: 0.3377895190558081 and parameters: {'window_influence': 0.494659221471101, 'penalty_k': 0.11320728789373685, 'scale_lr': 0.3802754037582902}. Best is trial 32 with value: 0.38394216433573325.
checkpoint_e23 window_influence: 0.50989811945561936, penalty_k: 0.06660241947638811, scale_lr: 0.41825228872616832, EAO: 0.348
Trial 149 finished with value: 0.34830353301786726 and parameters: {'window_influence': 0.5098981194556194, 'penalty_k': 0.0666024194763881, 'scale_lr': 0.4182522887261683}. Best is trial 32 with value: 0.38394216433573325.
checkpoint_e23 window_influence: 0.45366025290313594, penalty_k: 0.03415726489636426, scale_lr: 0.39727931724865517, EAO: 0.332
Trial 150 finished with value: 0.3320741249893426 and parameters: {'window_influence': 0.45366025290313594, 'penalty_k': 0.03415726489636426, 'scale_lr': 0.3972793172486552}. Best is trial 32 with value: 0.38394216433573325.
checkpoint_e23 window_influence: 0.48224656947634509, penalty_k: 0.02544903762611911, scale_lr: 0.37006788768103527, EAO: 0.358
Trial 151 finished with value: 0.3579042505197488 and parameters: {'window_influence': 0.4822465694763451, 'penalty_k': 0.025449037626119112, 'scale_lr': 0.37006788768103527}. Best is trial 32 with value: 0.38394216433573325.
checkpoint_e23 window_influence: 0.48352440580400857, penalty_k: 0.04579996092515763, scale_lr: 0.36053875592643825, EAO: 0.333
Trial 152 finished with value: 0.3326902132089964 and parameters: {'window_influence': 0.4835244058040086, 'penalty_k': 0.04579996092515763, 'scale_lr': 0.36053875592643825}. Best is trial 32 with value: 0.38394216433573325.
checkpoint_e23 window_influence: 0.46291347132713340, penalty_k: 0.01311568952295116, scale_lr: 0.34114657649006186, EAO: 0.345
Trial 153 finished with value: 0.34457776367896265 and parameters: {'window_influence': 0.4629134713271334, 'penalty_k': 0.013115689522951161, 'scale_lr': 0.34114657649006186}. Best is trial 32 with value: 0.38394216433573325.
checkpoint_e23 window_influence: 0.47253796154466099, penalty_k: 0.02641488497756847, scale_lr: 0.36725677034357290, EAO: 0.336
Trial 154 finished with value: 0.33601275619829674 and parameters: {'window_influence': 0.472537961544661, 'penalty_k': 0.026414884977568474, 'scale_lr': 0.3672567703435729}. Best is trial 32 with value: 0.38394216433573325.
checkpoint_e23 window_influence: 0.49452134977280565, penalty_k: 0.00004263236439892, scale_lr: 0.43001180208660345, EAO: 0.352
Trial 155 finished with value: 0.35188889155591974 and parameters: {'window_influence': 0.49452134977280565, 'penalty_k': 4.263236439892154e-05, 'scale_lr': 0.43001180208660345}. Best is trial 32 with value: 0.38394216433573325.
checkpoint_e23 window_influence: 0.52601456177054551, penalty_k: 0.05677435651220212, scale_lr: 0.38034223191636668, EAO: 0.327
Trial 156 finished with value: 0.32693000758204477 and parameters: {'window_influence': 0.5260145617705455, 'penalty_k': 0.05677435651220212, 'scale_lr': 0.3803422319163667}. Best is trial 32 with value: 0.38394216433573325.
checkpoint_e23 window_influence: 0.43715810539324607, penalty_k: 0.29120804365826619, scale_lr: 0.41129891906301452, EAO: 0.323
Trial 157 finished with value: 0.3226846295340052 and parameters: {'window_influence': 0.43715810539324607, 'penalty_k': 0.2912080436582662, 'scale_lr': 0.4112989190630145}. Best is trial 32 with value: 0.38394216433573325.
checkpoint_e23 window_influence: 0.50320014584743955, penalty_k: 0.12651552911287106, scale_lr: 0.39257359096517741, EAO: 0.318
Trial 158 finished with value: 0.31825831317947995 and parameters: {'window_influence': 0.5032001458474396, 'penalty_k': 0.12651552911287106, 'scale_lr': 0.3925735909651774}. Best is trial 32 with value: 0.38394216433573325.
checkpoint_e23 window_influence: 0.47923846115088797, penalty_k: 0.22998170778179700, scale_lr: 0.35323225515227658, EAO: 0.336
Trial 159 finished with value: 0.3355737846881035 and parameters: {'window_influence': 0.479238461150888, 'penalty_k': 0.229981707781797, 'scale_lr': 0.3532322551522766}. Best is trial 32 with value: 0.38394216433573325.
checkpoint_e23 window_influence: 0.41680911665680620, penalty_k: 0.08226080245599916, scale_lr: 0.32716755504195688, EAO: 0.333
Trial 160 finished with value: 0.33253978934965245 and parameters: {'window_influence': 0.4168091166568062, 'penalty_k': 0.08226080245599916, 'scale_lr': 0.3271675550419569}. Best is trial 32 with value: 0.38394216433573325.
checkpoint_e23 window_influence: 0.48879879489055011, penalty_k: 0.03513226179088211, scale_lr: 0.36851505529102135, EAO: 0.339
Trial 161 finished with value: 0.33868831709201236 and parameters: {'window_influence': 0.4887987948905501, 'penalty_k': 0.035132261790882115, 'scale_lr': 0.36851505529102135}. Best is trial 32 with value: 0.38394216433573325.
checkpoint_e23 window_influence: 0.46784575778693016, penalty_k: 0.02354604170521059, scale_lr: 0.38133215411256860, EAO: 0.344
Trial 162 finished with value: 0.34355984912308274 and parameters: {'window_influence': 0.46784575778693016, 'penalty_k': 0.023546041705210595, 'scale_lr': 0.3813321541125686}. Best is trial 32 with value: 0.38394216433573325.
checkpoint_e23 window_influence: 0.45429424223847020, penalty_k: 0.04325328088524511, scale_lr: 0.52659885989279354, EAO: 0.321
Trial 163 finished with value: 0.32054266362570605 and parameters: {'window_influence': 0.4542942422384702, 'penalty_k': 0.04325328088524511, 'scale_lr': 0.5265988598927935}. Best is trial 32 with value: 0.38394216433573325.
checkpoint_e23 window_influence: 0.51762324281046601, penalty_k: 0.06273539617641995, scale_lr: 0.33916265779612748, EAO: 0.340
Trial 164 finished with value: 0.3398251869799098 and parameters: {'window_influence': 0.517623242810466, 'penalty_k': 0.06273539617641995, 'scale_lr': 0.3391626577961275}. Best is trial 32 with value: 0.38394216433573325.
checkpoint_e23 window_influence: 0.48444919847935974, penalty_k: 0.03233404816577266, scale_lr: 0.40486140141601323, EAO: 0.369
Trial 165 finished with value: 0.36877072170550723 and parameters: {'window_influence': 0.48444919847935974, 'penalty_k': 0.032334048165772664, 'scale_lr': 0.40486140141601323}. Best is trial 32 with value: 0.38394216433573325.
checkpoint_e23 window_influence: 0.49878239089637777, penalty_k: 0.01114315407177079, scale_lr: 0.40402496779759450, EAO: 0.353
Trial 166 finished with value: 0.3529233786382564 and parameters: {'window_influence': 0.49878239089637777, 'penalty_k': 0.011143154071770793, 'scale_lr': 0.4040249677975945}. Best is trial 32 with value: 0.38394216433573325.
checkpoint_e23 window_influence: 0.48364415021967894, penalty_k: 0.07379511213964865, scale_lr: 0.44060288566706285, EAO: 0.344
Trial 167 finished with value: 0.3438893832585227 and parameters: {'window_influence': 0.48364415021967894, 'penalty_k': 0.07379511213964865, 'scale_lr': 0.44060288566706285}. Best is trial 32 with value: 0.38394216433573325.
checkpoint_e23 window_influence: 0.46666912866250521, penalty_k: 0.05104848926864870, scale_lr: 0.42733545963912511, EAO: 0.345
Trial 168 finished with value: 0.3454452627827685 and parameters: {'window_influence': 0.4666691286625052, 'penalty_k': 0.0510484892686487, 'scale_lr': 0.4273354596391251}. Best is trial 32 with value: 0.38394216433573325.
checkpoint_e23 window_influence: 0.50851712316478803, penalty_k: 0.10407928025458169, scale_lr: 0.46241922448376915, EAO: 0.346
Trial 169 finished with value: 0.3455767675596452 and parameters: {'window_influence': 0.508517123164788, 'penalty_k': 0.10407928025458169, 'scale_lr': 0.46241922448376915}. Best is trial 32 with value: 0.38394216433573325.
checkpoint_e23 window_influence: 0.44830142095113867, penalty_k: 0.09282279161202531, scale_lr: 0.48631955302276719, EAO: 0.344
Trial 170 finished with value: 0.34363470664284107 and parameters: {'window_influence': 0.4483014209511387, 'penalty_k': 0.09282279161202531, 'scale_lr': 0.4863195530227672}. Best is trial 32 with value: 0.38394216433573325.
checkpoint_e23 window_influence: 0.48302166391248336, penalty_k: 0.03149472393710367, scale_lr: 0.37756986817591792, EAO: 0.363
Trial 171 finished with value: 0.36318537871197504 and parameters: {'window_influence': 0.48302166391248336, 'penalty_k': 0.031494723937103675, 'scale_lr': 0.3775698681759179}. Best is trial 32 with value: 0.38394216433573325.
checkpoint_e23 window_influence: 0.47757002111836222, penalty_k: 0.03459381469703452, scale_lr: 0.39791181831972994, EAO: 0.352
Trial 172 finished with value: 0.352023290173089 and parameters: {'window_influence': 0.4775700211183622, 'penalty_k': 0.03459381469703452, 'scale_lr': 0.39791181831972994}. Best is trial 32 with value: 0.38394216433573325.
checkpoint_e23 window_influence: 0.49179693533787761, penalty_k: 0.02142266394160590, scale_lr: 0.35212132171856542, EAO: 0.353
Trial 173 finished with value: 0.35314877151515234 and parameters: {'window_influence': 0.4917969353378776, 'penalty_k': 0.0214226639416059, 'scale_lr': 0.3521213217185654}. Best is trial 32 with value: 0.38394216433573325.
checkpoint_e23 window_influence: 0.46077553609893351, penalty_k: 0.04602673459905953, scale_lr: 0.41756929861420222, EAO: 0.345
Trial 174 finished with value: 0.3448598330354876 and parameters: {'window_influence': 0.4607755360989335, 'penalty_k': 0.04602673459905953, 'scale_lr': 0.4175692986142022}. Best is trial 32 with value: 0.38394216433573325.
checkpoint_e23 window_influence: 0.48061154590803484, penalty_k: 0.06064154100699192, scale_lr: 0.37274848159457818, EAO: 0.350
Trial 175 finished with value: 0.3499987408344848 and parameters: {'window_influence': 0.48061154590803484, 'penalty_k': 0.06064154100699192, 'scale_lr': 0.3727484815945782}. Best is trial 32 with value: 0.38394216433573325.
checkpoint_e23 window_influence: 0.50350607200899344, penalty_k: 0.07476736054964940, scale_lr: 0.39022155404825376, EAO: 0.339
Trial 176 finished with value: 0.3386685547893613 and parameters: {'window_influence': 0.5035060720089934, 'penalty_k': 0.0747673605496494, 'scale_lr': 0.39022155404825376}. Best is trial 32 with value: 0.38394216433573325.
checkpoint_e23 window_influence: 0.46740945523331445, penalty_k: 0.03691888017752849, scale_lr: 0.41239707704546685, EAO: 0.350
Trial 177 finished with value: 0.35033872619213297 and parameters: {'window_influence': 0.46740945523331445, 'penalty_k': 0.03691888017752849, 'scale_lr': 0.41239707704546685}. Best is trial 32 with value: 0.38394216433573325.
checkpoint_e23 window_influence: 0.48822110691121845, penalty_k: 0.01147369304112036, scale_lr: 0.29800359858183573, EAO: 0.343
Trial 178 finished with value: 0.34255162612009604 and parameters: {'window_influence': 0.48822110691121845, 'penalty_k': 0.011473693041120364, 'scale_lr': 0.2980035985818357}. Best is trial 32 with value: 0.38394216433573325.
checkpoint_e23 window_influence: 0.51217401721318789, penalty_k: 0.16246279657784071, scale_lr: 0.45201470272799477, EAO: 0.339
Trial 179 finished with value: 0.3390642530955229 and parameters: {'window_influence': 0.5121740172131879, 'penalty_k': 0.1624627965778407, 'scale_lr': 0.45201470272799477}. Best is trial 32 with value: 0.38394216433573325.
checkpoint_e23 window_influence: 0.52621701218501626, penalty_k: 0.36249597585176113, scale_lr: 0.36273598456325451, EAO: 0.279
Trial 180 finished with value: 0.2792590159618437 and parameters: {'window_influence': 0.5262170121850163, 'penalty_k': 0.36249597585176113, 'scale_lr': 0.3627359845632545}. Best is trial 32 with value: 0.38394216433573325.
checkpoint_e23 window_influence: 0.48855444902936501, penalty_k: 0.02855344950658687, scale_lr: 0.36771930966421285, EAO: 0.341
Trial 181 finished with value: 0.34095413524816937 and parameters: {'window_influence': 0.488554449029365, 'penalty_k': 0.02855344950658687, 'scale_lr': 0.36771930966421285}. Best is trial 32 with value: 0.38394216433573325.
checkpoint_e23 window_influence: 0.47511851769294100, penalty_k: 0.04586811083458120, scale_lr: 0.38356471502306738, EAO: 0.344
Trial 182 finished with value: 0.34364973791378484 and parameters: {'window_influence': 0.475118517692941, 'penalty_k': 0.0458681108345812, 'scale_lr': 0.3835647150230674}. Best is trial 32 with value: 0.38394216433573325.
checkpoint_e23 window_influence: 0.50056599228612031, penalty_k: 0.02725297624294935, scale_lr: 0.35109135816223747, EAO: 0.330
Trial 183 finished with value: 0.3296787018673893 and parameters: {'window_influence': 0.5005659922861203, 'penalty_k': 0.027252976242949346, 'scale_lr': 0.35109135816223747}. Best is trial 32 with value: 0.38394216433573325.
checkpoint_e23 window_influence: 0.45878454221029774, penalty_k: 0.05716505754531316, scale_lr: 0.40197094827480584, EAO: 0.357
Trial 184 finished with value: 0.35689484957127254 and parameters: {'window_influence': 0.45878454221029774, 'penalty_k': 0.05716505754531316, 'scale_lr': 0.40197094827480584}. Best is trial 32 with value: 0.38394216433573325.
checkpoint_e23 window_influence: 0.44606183791782456, penalty_k: 0.06683679628589254, scale_lr: 0.40233530550121743, EAO: 0.347
Trial 185 finished with value: 0.3467249463272466 and parameters: {'window_influence': 0.44606183791782456, 'penalty_k': 0.06683679628589254, 'scale_lr': 0.40233530550121743}. Best is trial 32 with value: 0.38394216433573325.
checkpoint_e23 window_influence: 0.45720893734418916, penalty_k: 0.05554611764718033, scale_lr: 0.43405190362682489, EAO: 0.337
