Trial 2564 finished with value: 0.2958552103910001 and parameters: {'window_influence': 0.20581953981603715, 'penalty_k': 0.47593389957609267, 'scale_lr': 0.771225449170985}. Best is trial 1674 with value: 0.38142600678748195.
checkpoint_e33 window_influence: 0.24642461982246913, penalty_k: 0.44768688538665530, scale_lr: 0.74246443063685807, EAO: 0.291
Trial 2565 finished with value: 0.29056440514117365 and parameters: {'window_influence': 0.24642461982246913, 'penalty_k': 0.4476868853866553, 'scale_lr': 0.7424644306368581}. Best is trial 1674 with value: 0.38142600678748195.
checkpoint_e33 window_influence: 0.37075023616181080, penalty_k: 0.07031998026931639, scale_lr: 0.24718405120749407, EAO: 0.299
Trial 2566 finished with value: 0.2994514286865984 and parameters: {'window_influence': 0.3707502361618108, 'penalty_k': 0.07031998026931639, 'scale_lr': 0.24718405120749407}. Best is trial 1674 with value: 0.38142600678748195.
checkpoint_e33 window_influence: 0.44443302531428674, penalty_k: 0.29189159821776783, scale_lr: 0.55229148993348098, EAO: 0.331
Trial 2567 finished with value: 0.3312159799880091 and parameters: {'window_influence': 0.44443302531428674, 'penalty_k': 0.29189159821776783, 'scale_lr': 0.552291489933481}. Best is trial 1674 with value: 0.38142600678748195.
checkpoint_e33 window_influence: 0.47635998958881876, penalty_k: 0.00084812264793730, scale_lr: 0.71440150593831453, EAO: 0.341
Trial 2568 finished with value: 0.34052228556532804 and parameters: {'window_influence': 0.47635998958881876, 'penalty_k': 0.0008481226479373025, 'scale_lr': 0.7144015059383145}. Best is trial 1674 with value: 0.38142600678748195.
checkpoint_e33 window_influence: 0.50447228445655823, penalty_k: 0.04848575016899162, scale_lr: 0.46520605035133022, EAO: 0.351
Trial 2569 finished with value: 0.35144265210582126 and parameters: {'window_influence': 0.5044722844565582, 'penalty_k': 0.04848575016899162, 'scale_lr': 0.4652060503513302}. Best is trial 1674 with value: 0.38142600678748195.
checkpoint_e33 window_influence: 0.51805422759083153, penalty_k: 0.55906675075279366, scale_lr: 0.52225728868329369, EAO: 0.301
Trial 2570 finished with value: 0.3009466024456321 and parameters: {'window_influence': 0.5180542275908315, 'penalty_k': 0.5590667507527937, 'scale_lr': 0.5222572886832937}. Best is trial 1674 with value: 0.38142600678748195.
checkpoint_e33 window_influence: 0.48865673012604982, penalty_k: 0.24085130111045885, scale_lr: 0.59540604570856903, EAO: 0.348
Trial 2571 finished with value: 0.3478599602378296 and parameters: {'window_influence': 0.4886567301260498, 'penalty_k': 0.24085130111045885, 'scale_lr': 0.595406045708569}. Best is trial 1674 with value: 0.38142600678748195.
checkpoint_e33 window_influence: 0.26651298230472270, penalty_k: 0.22372087493087653, scale_lr: 0.45142210466317778, EAO: 0.288
Trial 2572 finished with value: 0.28839225464062 and parameters: {'window_influence': 0.2665129823047227, 'penalty_k': 0.22372087493087653, 'scale_lr': 0.4514221046631778}. Best is trial 1674 with value: 0.38142600678748195.
checkpoint_e33 window_influence: 0.60809723039069430, penalty_k: 0.01933305023864968, scale_lr: 0.30863512426832518, EAO: 0.262
Trial 2573 finished with value: 0.2621014682931195 and parameters: {'window_influence': 0.6080972303906943, 'penalty_k': 0.01933305023864968, 'scale_lr': 0.3086351242683252}. Best is trial 1674 with value: 0.38142600678748195.
checkpoint_e33 window_influence: 0.39494026817375444, penalty_k: 0.25817759620734793, scale_lr: 0.50134414363950341, EAO: 0.329
Trial 2574 finished with value: 0.3286436806045154 and parameters: {'window_influence': 0.39494026817375444, 'penalty_k': 0.2581775962073479, 'scale_lr': 0.5013441436395034}. Best is trial 1674 with value: 0.38142600678748195.
checkpoint_e33 window_influence: 0.42499864711358887, penalty_k: 0.20535227910951159, scale_lr: 0.54192316575808985, EAO: 0.319
Trial 2575 finished with value: 0.3194085154899827 and parameters: {'window_influence': 0.42499864711358887, 'penalty_k': 0.2053522791095116, 'scale_lr': 0.5419231657580899}. Best is trial 1674 with value: 0.38142600678748195.
checkpoint_e33 window_influence: 0.45256127041991140, penalty_k: 0.28065824489632801, scale_lr: 0.60538983614463071, EAO: 0.329
Trial 2576 finished with value: 0.32910607911733336 and parameters: {'window_influence': 0.4525612704199114, 'penalty_k': 0.280658244896328, 'scale_lr': 0.6053898361446307}. Best is trial 1674 with value: 0.38142600678748195.
checkpoint_e33 window_influence: 0.46744483063533371, penalty_k: 0.06736574674175945, scale_lr: 0.18682762097460501, EAO: 0.347
Trial 2577 finished with value: 0.3473912142362112 and parameters: {'window_influence': 0.4674448306353337, 'penalty_k': 0.06736574674175945, 'scale_lr': 0.186827620974605}. Best is trial 1674 with value: 0.38142600678748195.
checkpoint_e33 window_influence: 0.61459314264084841, penalty_k: 0.04254270012501362, scale_lr: 0.71877421440578282, EAO: 0.250
Trial 2578 finished with value: 0.2504196902193448 and parameters: {'window_influence': 0.6145931426408484, 'penalty_k': 0.04254270012501362, 'scale_lr': 0.7187742144057828}. Best is trial 1674 with value: 0.38142600678748195.
checkpoint_e33 window_influence: 0.18145927545540289, penalty_k: 0.03343263476660591, scale_lr: 0.43665407559765901, EAO: 0.286
Trial 2579 finished with value: 0.28579290559087744 and parameters: {'window_influence': 0.18145927545540289, 'penalty_k': 0.033432634766605906, 'scale_lr': 0.436654075597659}. Best is trial 1674 with value: 0.38142600678748195.
checkpoint_e33 window_influence: 0.17366620338788111, penalty_k: 0.56054967830384062, scale_lr: 0.48842174310065462, EAO: 0.280
Trial 2580 finished with value: 0.2798994282688148 and parameters: {'window_influence': 0.1736662033878811, 'penalty_k': 0.5605496783038406, 'scale_lr': 0.4884217431006546}. Best is trial 1674 with value: 0.38142600678748195.
checkpoint_e33 window_influence: 0.29764758087466658, penalty_k: 0.54951489568704637, scale_lr: 0.52730413950413235, EAO: 0.329
Trial 2581 finished with value: 0.3293186746218789 and parameters: {'window_influence': 0.2976475808746666, 'penalty_k': 0.5495148956870464, 'scale_lr': 0.5273041395041324}. Best is trial 1674 with value: 0.38142600678748195.
checkpoint_e33 window_influence: 0.49974688400320522, penalty_k: 0.05524909998735481, scale_lr: 0.56914110669937901, EAO: 0.340
Trial 2582 finished with value: 0.34040460384773374 and parameters: {'window_influence': 0.4997468840032052, 'penalty_k': 0.05524909998735481, 'scale_lr': 0.569141106699379}. Best is trial 1674 with value: 0.38142600678748195.
checkpoint_e33 window_influence: 0.47912448437512128, penalty_k: 0.19728569073850152, scale_lr: 0.28065020571620453, EAO: 0.321
Trial 2583 finished with value: 0.3207786584758573 and parameters: {'window_influence': 0.4791244843751213, 'penalty_k': 0.19728569073850152, 'scale_lr': 0.2806502057162045}. Best is trial 1674 with value: 0.38142600678748195.
checkpoint_e33 window_influence: 0.52839787314821274, penalty_k: 0.36627686355754230, scale_lr: 0.46981128259963828, EAO: 0.279
Trial 2584 finished with value: 0.27885507273302934 and parameters: {'window_influence': 0.5283978731482127, 'penalty_k': 0.3662768635575423, 'scale_lr': 0.4698112825996383}. Best is trial 1674 with value: 0.38142600678748195.
checkpoint_e33 window_influence: 0.48914349695644616, penalty_k: 0.07092992677852696, scale_lr: 0.41997794609956934, EAO: 0.330
Trial 2585 finished with value: 0.33007941531300083 and parameters: {'window_influence': 0.48914349695644616, 'penalty_k': 0.07092992677852696, 'scale_lr': 0.41997794609956934}. Best is trial 1674 with value: 0.38142600678748195.
checkpoint_e33 window_influence: 0.51231457853044937, penalty_k: 0.08079255617899640, scale_lr: 0.51211374628822182, EAO: 0.355
Trial 2586 finished with value: 0.3546561728655596 and parameters: {'window_influence': 0.5123145785304494, 'penalty_k': 0.0807925561789964, 'scale_lr': 0.5121137462882218}. Best is trial 1674 with value: 0.38142600678748195.
checkpoint_e33 window_influence: 0.46275579207410661, penalty_k: 0.30432000032634693, scale_lr: 0.76646630066329013, EAO: 0.333
Trial 2587 finished with value: 0.33305595194783194 and parameters: {'window_influence': 0.4627557920741066, 'penalty_k': 0.30432000032634693, 'scale_lr': 0.7664663006632901}. Best is trial 1674 with value: 0.38142600678748195.
checkpoint_e33 window_influence: 0.44212748230284349, penalty_k: 0.21585997076031416, scale_lr: 0.17309722576372832, EAO: 0.333
Trial 2588 finished with value: 0.33273542321609617 and parameters: {'window_influence': 0.4421274823028435, 'penalty_k': 0.21585997076031416, 'scale_lr': 0.17309722576372832}. Best is trial 1674 with value: 0.38142600678748195.
checkpoint_e33 window_influence: 0.41534916319778181, penalty_k: 0.23266974434836094, scale_lr: 0.49457239015630738, EAO: 0.326
Trial 2589 finished with value: 0.3258036347214814 and parameters: {'window_influence': 0.4153491631977818, 'penalty_k': 0.23266974434836094, 'scale_lr': 0.4945723901563074}. Best is trial 1674 with value: 0.38142600678748195.
checkpoint_e33 window_influence: 0.27867790622938182, penalty_k: 0.02478543412127187, scale_lr: 0.54743558026269867, EAO: 0.314
Trial 2590 finished with value: 0.31412846592149846 and parameters: {'window_influence': 0.2786779062293818, 'penalty_k': 0.024785434121271873, 'scale_lr': 0.5474355802626987}. Best is trial 1674 with value: 0.38142600678748195.
checkpoint_e33 window_influence: 0.33812228199511118, penalty_k: 0.06244715522409207, scale_lr: 0.58643510968868184, EAO: 0.329
Trial 2591 finished with value: 0.3285956899363707 and parameters: {'window_influence': 0.3381222819951112, 'penalty_k': 0.06244715522409207, 'scale_lr': 0.5864351096886818}. Best is trial 1674 with value: 0.38142600678748195.
checkpoint_e33 window_influence: 0.53819956607183239, penalty_k: 0.04351877909543858, scale_lr: 0.20416157400779286, EAO: 0.306
Trial 2592 finished with value: 0.30649918538123255 and parameters: {'window_influence': 0.5381995660718324, 'penalty_k': 0.04351877909543858, 'scale_lr': 0.20416157400779286}. Best is trial 1674 with value: 0.38142600678748195.
checkpoint_e33 window_influence: 0.47566226725096228, penalty_k: 0.19017886278407001, scale_lr: 0.47479364944755348, EAO: 0.339
Trial 2593 finished with value: 0.3391388028512205 and parameters: {'window_influence': 0.4756622672509623, 'penalty_k': 0.19017886278407, 'scale_lr': 0.4747936494475535}. Best is trial 1674 with value: 0.38142600678748195.
checkpoint_e33 window_influence: 0.49317389125065730, penalty_k: 0.26626432905455188, scale_lr: 0.39929411115504271, EAO: 0.326
Trial 2594 finished with value: 0.3261394021807941 and parameters: {'window_influence': 0.4931738912506573, 'penalty_k': 0.2662643290545519, 'scale_lr': 0.3992941111550427}. Best is trial 1674 with value: 0.38142600678748195.
checkpoint_e33 window_influence: 0.50500114526544404, penalty_k: 0.01757377589617506, scale_lr: 0.33096616965396719, EAO: 0.339
Trial 2595 finished with value: 0.33911191999680335 and parameters: {'window_influence': 0.505001145265444, 'penalty_k': 0.017573775896175058, 'scale_lr': 0.3309661696539672}. Best is trial 1674 with value: 0.38142600678748195.
checkpoint_e33 window_influence: 0.45542624253897102, penalty_k: 0.05533192107099992, scale_lr: 0.74670920500148796, EAO: 0.328
Trial 2596 finished with value: 0.3281211836792616 and parameters: {'window_influence': 0.455426242538971, 'penalty_k': 0.05533192107099992, 'scale_lr': 0.746709205001488}. Best is trial 1674 with value: 0.38142600678748195.
checkpoint_e33 window_influence: 0.32261037301878337, penalty_k: 0.07844073169906150, scale_lr: 0.56244995027143474, EAO: 0.318
Trial 2597 finished with value: 0.3175488226840468 and parameters: {'window_influence': 0.32261037301878337, 'penalty_k': 0.0784407316990615, 'scale_lr': 0.5624499502714347}. Best is trial 1674 with value: 0.38142600678748195.
checkpoint_e33 window_influence: 0.40120464285556567, penalty_k: 0.04007143601616182, scale_lr: 0.24024148166637088, EAO: 0.314
Trial 2598 finished with value: 0.3140914292303041 and parameters: {'window_influence': 0.4012046428555657, 'penalty_k': 0.040071436016161824, 'scale_lr': 0.24024148166637088}. Best is trial 1674 with value: 0.38142600678748195.
checkpoint_e33 window_influence: 0.35800310281752018, penalty_k: 0.02812571716867169, scale_lr: 0.70744651438077311, EAO: 0.306
Trial 2599 finished with value: 0.3061867994093246 and parameters: {'window_influence': 0.3580031028175202, 'penalty_k': 0.028125717168671686, 'scale_lr': 0.7074465143807731}. Best is trial 1674 with value: 0.38142600678748195.
checkpoint_e33 window_influence: 0.47978109331647512, penalty_k: 0.45296639285499607, scale_lr: 0.51318383709372051, EAO: 0.321
Trial 2600 finished with value: 0.32122898838167524 and parameters: {'window_influence': 0.4797810933164751, 'penalty_k': 0.45296639285499607, 'scale_lr': 0.5131838370937205}. Best is trial 1674 with value: 0.38142600678748195.
checkpoint_e33 window_influence: 0.51740347298718958, penalty_k: 0.48049002473025454, scale_lr: 0.52767548354151339, EAO: 0.302
Trial 2601 finished with value: 0.3023501126682712 and parameters: {'window_influence': 0.5174034729871896, 'penalty_k': 0.48049002473025454, 'scale_lr': 0.5276754835415134}. Best is trial 1674 with value: 0.38142600678748195.
checkpoint_e33 window_influence: 0.43403080170454067, penalty_k: 0.06886729745273190, scale_lr: 0.78713420127774614, EAO: 0.331
Trial 2602 finished with value: 0.33121722472780873 and parameters: {'window_influence': 0.43403080170454067, 'penalty_k': 0.0688672974527319, 'scale_lr': 0.7871342012777461}. Best is trial 1674 with value: 0.38142600678748195.
checkpoint_e33 window_influence: 0.46654264089073649, penalty_k: 0.05024073412690015, scale_lr: 0.45374347688234129, EAO: 0.343
Trial 2603 finished with value: 0.34271399044805 and parameters: {'window_influence': 0.4665426408907365, 'penalty_k': 0.05024073412690015, 'scale_lr': 0.4537434768823413}. Best is trial 1674 with value: 0.38142600678748195.
checkpoint_e33 window_influence: 0.49928015480653137, penalty_k: 0.01291571642562767, scale_lr: 0.10101379024773263, EAO: 0.331
Trial 2604 finished with value: 0.3313636013274063 and parameters: {'window_influence': 0.4992801548065314, 'penalty_k': 0.012915716425627673, 'scale_lr': 0.10101379024773263}. Best is trial 1674 with value: 0.38142600678748195.
checkpoint_e33 window_influence: 0.48709004187910121, penalty_k: 0.59996698928274117, scale_lr: 0.61261183280697240, EAO: 0.321
Trial 2605 finished with value: 0.32064718286351007 and parameters: {'window_influence': 0.4870900418791012, 'penalty_k': 0.5999669892827412, 'scale_lr': 0.6126118328069724}. Best is trial 1674 with value: 0.38142600678748195.
checkpoint_e33 window_influence: 0.14087960131687596, penalty_k: 0.33383060453001234, scale_lr: 0.34356833595514275, EAO: 0.262
Trial 2606 finished with value: 0.2624231257443298 and parameters: {'window_influence': 0.14087960131687596, 'penalty_k': 0.33383060453001234, 'scale_lr': 0.34356833595514275}. Best is trial 1674 with value: 0.38142600678748195.
checkpoint_e33 window_influence: 0.12654880206758173, penalty_k: 0.59642739319021132, scale_lr: 0.50158424874612284, EAO: 0.264
Trial 2607 finished with value: 0.26412134742226584 and parameters: {'window_influence': 0.12654880206758173, 'penalty_k': 0.5964273931902113, 'scale_lr': 0.5015842487461228}. Best is trial 1674 with value: 0.38142600678748195.
checkpoint_e33 window_influence: 0.47490247788282730, penalty_k: 0.15194352980056849, scale_lr: 0.72496729902257906, EAO: 0.361
Trial 2608 finished with value: 0.3608093838051599 and parameters: {'window_influence': 0.4749024778828273, 'penalty_k': 0.1519435298005685, 'scale_lr': 0.7249672990225791}. Best is trial 1674 with value: 0.38142600678748195.
checkpoint_e33 window_influence: 0.36954901277631852, penalty_k: 0.08264734624337171, scale_lr: 0.48315037388003751, EAO: 0.318
Trial 2609 finished with value: 0.3180369226849033 and parameters: {'window_influence': 0.3695490127763185, 'penalty_k': 0.08264734624337171, 'scale_lr': 0.4831503738800375}. Best is trial 1674 with value: 0.38142600678748195.
checkpoint_e33 window_influence: 0.50603864944919319, penalty_k: 0.49584238301502259, scale_lr: 0.38924468387461031, EAO: 0.299
Trial 2610 finished with value: 0.29946640075876557 and parameters: {'window_influence': 0.5060386494491932, 'penalty_k': 0.4958423830150226, 'scale_lr': 0.3892446838746103}. Best is trial 1674 with value: 0.38142600678748195.
checkpoint_e33 window_influence: 0.21177143384164476, penalty_k: 0.34895352607741703, scale_lr: 0.58305090161383377, EAO: 0.277
Trial 2611 finished with value: 0.27743790313195626 and parameters: {'window_influence': 0.21177143384164476, 'penalty_k': 0.34895352607741703, 'scale_lr': 0.5830509016138338}. Best is trial 1674 with value: 0.38142600678748195.
checkpoint_e33 window_influence: 0.52353600564971547, penalty_k: 0.24520823822320068, scale_lr: 0.15267046512163573, EAO: 0.319
Trial 2612 finished with value: 0.3189460621849572 and parameters: {'window_influence': 0.5235360056497155, 'penalty_k': 0.24520823822320068, 'scale_lr': 0.15267046512163573}. Best is trial 1674 with value: 0.38142600678748195.
checkpoint_e33 window_influence: 0.56593413762673284, penalty_k: 0.47365169708320820, scale_lr: 0.70366393108909009, EAO: 0.257
Trial 2613 finished with value: 0.2568241439556797 and parameters: {'window_influence': 0.5659341376267328, 'penalty_k': 0.4736516970832082, 'scale_lr': 0.7036639310890901}. Best is trial 1674 with value: 0.38142600678748195.
checkpoint_e33 window_influence: 0.06102396939267662, penalty_k: 0.22475189154023870, scale_lr: 0.14131638170260979, EAO: 0.239
Trial 2614 finished with value: 0.23933298642301373 and parameters: {'window_influence': 0.061023969392676625, 'penalty_k': 0.2247518915402387, 'scale_lr': 0.1413163817026098}. Best is trial 1674 with value: 0.38142600678748195.
checkpoint_e33 window_influence: 0.44933276154706608, penalty_k: 0.28342827641453461, scale_lr: 0.20997192518988145, EAO: 0.339
Trial 2615 finished with value: 0.3393865419037147 and parameters: {'window_influence': 0.4493327615470661, 'penalty_k': 0.2834282764145346, 'scale_lr': 0.20997192518988145}. Best is trial 1674 with value: 0.38142600678748195.
checkpoint_e33 window_influence: 0.30632578991297710, penalty_k: 0.06138249614130754, scale_lr: 0.29293051405029435, EAO: 0.299
Trial 2616 finished with value: 0.2986408841981034 and parameters: {'window_influence': 0.3063257899129771, 'penalty_k': 0.061382496141307544, 'scale_lr': 0.29293051405029435}. Best is trial 1674 with value: 0.38142600678748195.
checkpoint_e33 window_influence: 0.17065640183441932, penalty_k: 0.34021083793830575, scale_lr: 0.53680264431210079, EAO: 0.267
Trial 2617 finished with value: 0.26675159295709217 and parameters: {'window_influence': 0.17065640183441932, 'penalty_k': 0.34021083793830575, 'scale_lr': 0.5368026443121008}. Best is trial 1674 with value: 0.38142600678748195.
checkpoint_e33 window_influence: 0.32253848240548383, penalty_k: 0.00027650393584833, scale_lr: 0.22456076541334155, EAO: 0.294
Trial 2618 finished with value: 0.2939190517255768 and parameters: {'window_influence': 0.32253848240548383, 'penalty_k': 0.0002765039358483268, 'scale_lr': 0.22456076541334155}. Best is trial 1674 with value: 0.38142600678748195.
checkpoint_e33 window_influence: 0.49166488507910411, penalty_k: 0.03805386518297408, scale_lr: 0.77411751346094382, EAO: 0.337
Trial 2619 finished with value: 0.33665122642591305 and parameters: {'window_influence': 0.4916648850791041, 'penalty_k': 0.03805386518297408, 'scale_lr': 0.7741175134609438}. Best is trial 1674 with value: 0.38142600678748195.
checkpoint_e33 window_influence: 0.23579653600006800, penalty_k: 0.02792960979475605, scale_lr: 0.43210243379596014, EAO: 0.277
Trial 2620 finished with value: 0.2773086364283172 and parameters: {'window_influence': 0.235796536000068, 'penalty_k': 0.027929609794756047, 'scale_lr': 0.43210243379596014}. Best is trial 1674 with value: 0.38142600678748195.
checkpoint_e33 window_influence: 0.46731224541662725, penalty_k: 0.19119043092353419, scale_lr: 0.63116939437113240, EAO: 0.360
Trial 2621 finished with value: 0.36042541891684327 and parameters: {'window_influence': 0.46731224541662725, 'penalty_k': 0.1911904309235342, 'scale_lr': 0.6311693943711324}. Best is trial 1674 with value: 0.38142600678748195.
checkpoint_e33 window_influence: 0.48081290419429679, penalty_k: 0.48565446781141536, scale_lr: 0.49176412314575180, EAO: 0.306
Trial 2622 finished with value: 0.30635715644183326 and parameters: {'window_influence': 0.4808129041942968, 'penalty_k': 0.48565446781141536, 'scale_lr': 0.4917641231457518}. Best is trial 1674 with value: 0.38142600678748195.
checkpoint_e33 window_influence: 0.45871290229200540, penalty_k: 0.21141919010489965, scale_lr: 0.12595133142343251, EAO: 0.343
Trial 2623 finished with value: 0.3425359953238343 and parameters: {'window_influence': 0.4587129022920054, 'penalty_k': 0.21141919010489965, 'scale_lr': 0.1259513314234325}. Best is trial 1674 with value: 0.38142600678748195.
checkpoint_e33 window_influence: 0.51256403008003870, penalty_k: 0.04671689722629963, scale_lr: 0.31719532890751889, EAO: 0.339
Trial 2624 finished with value: 0.3393424865336734 and parameters: {'window_influence': 0.5125640300800387, 'penalty_k': 0.04671689722629963, 'scale_lr': 0.3171953289075189}. Best is trial 1674 with value: 0.38142600678748195.
checkpoint_e33 window_influence: 0.55067967997047129, penalty_k: 0.32341439076568940, scale_lr: 0.11965636220925202, EAO: 0.297
