Trial 160 finished with value: 0.34428638243025844 and parameters: {'window_influence': 0.41339737406833593, 'penalty_k': 0.2899674317155979, 'scale_lr': 0.21454746427112828}. Best is trial 152 with value: 0.35547018457015667.
checkpoint_e33 window_influence: 0.45848009160293607, penalty_k: 0.26116431394881690, scale_lr: 0.19617789968851351, EAO: 0.339
Trial 161 finished with value: 0.33873085254361196 and parameters: {'window_influence': 0.45848009160293607, 'penalty_k': 0.2611643139488169, 'scale_lr': 0.1961778996885135}. Best is trial 152 with value: 0.35547018457015667.
checkpoint_e33 window_influence: 0.45250858336371169, penalty_k: 0.23856544404011557, scale_lr: 0.18480971446137073, EAO: 0.346
Trial 162 finished with value: 0.34631550810680317 and parameters: {'window_influence': 0.4525085833637117, 'penalty_k': 0.23856544404011557, 'scale_lr': 0.18480971446137073}. Best is trial 152 with value: 0.35547018457015667.
checkpoint_e33 window_influence: 0.49881299133945972, penalty_k: 0.31885159808301239, scale_lr: 0.21845204743890934, EAO: 0.338
Trial 163 finished with value: 0.3376065641061805 and parameters: {'window_influence': 0.4988129913394597, 'penalty_k': 0.3188515980830124, 'scale_lr': 0.21845204743890934}. Best is trial 152 with value: 0.35547018457015667.
checkpoint_e33 window_influence: 0.46535163754889253, penalty_k: 0.30694252057860083, scale_lr: 0.24950975122480271, EAO: 0.323
Trial 164 finished with value: 0.3229140837020911 and parameters: {'window_influence': 0.4653516375488925, 'penalty_k': 0.30694252057860083, 'scale_lr': 0.2495097512248027}. Best is trial 152 with value: 0.35547018457015667.
checkpoint_e33 window_influence: 0.44290435259046362, penalty_k: 0.28446003955749777, scale_lr: 0.20150768799850166, EAO: 0.340
Trial 165 finished with value: 0.3397728836721947 and parameters: {'window_influence': 0.4429043525904636, 'penalty_k': 0.28446003955749777, 'scale_lr': 0.20150768799850166}. Best is trial 152 with value: 0.35547018457015667.
checkpoint_e33 window_influence: 0.42690713807222003, penalty_k: 0.24945600029050383, scale_lr: 0.41909334131718018, EAO: 0.344
Trial 166 finished with value: 0.3442216653536266 and parameters: {'window_influence': 0.42690713807222, 'penalty_k': 0.24945600029050383, 'scale_lr': 0.4190933413171802}. Best is trial 152 with value: 0.35547018457015667.
checkpoint_e33 window_influence: 0.47795086084760063, penalty_k: 0.26748274056094085, scale_lr: 0.18990657192341037, EAO: 0.322
Trial 167 finished with value: 0.3223984395715513 and parameters: {'window_influence': 0.47795086084760063, 'penalty_k': 0.26748274056094085, 'scale_lr': 0.18990657192341037}. Best is trial 152 with value: 0.35547018457015667.
checkpoint_e33 window_influence: 0.45416512784594243, penalty_k: 0.36731405930850708, scale_lr: 0.27618745634586461, EAO: 0.317
Trial 168 finished with value: 0.31671011320347914 and parameters: {'window_influence': 0.45416512784594243, 'penalty_k': 0.3673140593085071, 'scale_lr': 0.2761874563458646}. Best is trial 152 with value: 0.35547018457015667.
checkpoint_e33 window_influence: 0.39868846736259922, penalty_k: 0.20947479356279292, scale_lr: 0.31455324364297349, EAO: 0.323
Trial 169 finished with value: 0.323454755869357 and parameters: {'window_influence': 0.3986884673625992, 'penalty_k': 0.20947479356279292, 'scale_lr': 0.3145532436429735}. Best is trial 152 with value: 0.35547018457015667.
checkpoint_e33 window_influence: 0.49382725999038879, penalty_k: 0.22375167464361845, scale_lr: 0.22771083685807286, EAO: 0.316
Trial 170 finished with value: 0.3160746539381228 and parameters: {'window_influence': 0.4938272599903888, 'penalty_k': 0.22375167464361845, 'scale_lr': 0.22771083685807286}. Best is trial 152 with value: 0.35547018457015667.
checkpoint_e33 window_influence: 0.45138448757737315, penalty_k: 0.24005389457128809, scale_lr: 0.18199041272703742, EAO: 0.341
Trial 171 finished with value: 0.3407943097997732 and parameters: {'window_influence': 0.45138448757737315, 'penalty_k': 0.2400538945712881, 'scale_lr': 0.18199041272703742}. Best is trial 152 with value: 0.35547018457015667.
checkpoint_e33 window_influence: 0.46585497734493192, penalty_k: 0.24137289812989879, scale_lr: 0.17774623757025593, EAO: 0.350
Trial 172 finished with value: 0.34982283001743864 and parameters: {'window_influence': 0.4658549773449319, 'penalty_k': 0.2413728981298988, 'scale_lr': 0.17774623757025593}. Best is trial 152 with value: 0.35547018457015667.
checkpoint_e33 window_influence: 0.47571235553222713, penalty_k: 0.25372478709139668, scale_lr: 0.15274444993338954, EAO: 0.334
Trial 173 finished with value: 0.3337234253433428 and parameters: {'window_influence': 0.4757123555322271, 'penalty_k': 0.2537247870913967, 'scale_lr': 0.15274444993338954}. Best is trial 152 with value: 0.35547018457015667.
checkpoint_e33 window_influence: 0.46604407734483400, penalty_k: 0.19861099498844614, scale_lr: 0.20694328082512681, EAO: 0.352
Trial 174 finished with value: 0.35195968749458223 and parameters: {'window_influence': 0.466044077344834, 'penalty_k': 0.19861099498844614, 'scale_lr': 0.2069432808251268}. Best is trial 152 with value: 0.35547018457015667.
checkpoint_e33 window_influence: 0.47019242701209746, penalty_k: 0.20327656021534921, scale_lr: 0.20335305200605153, EAO: 0.351
Trial 175 finished with value: 0.3508620164737627 and parameters: {'window_influence': 0.47019242701209746, 'penalty_k': 0.2032765602153492, 'scale_lr': 0.20335305200605153}. Best is trial 152 with value: 0.35547018457015667.
checkpoint_e33 window_influence: 0.46889271151558770, penalty_k: 0.20239408098415898, scale_lr: 0.20053867873361270, EAO: 0.356
Trial 176 finished with value: 0.35562473813847345 and parameters: {'window_influence': 0.4688927115155877, 'penalty_k': 0.20239408098415898, 'scale_lr': 0.2005386787336127}. Best is trial 176 with value: 0.35562473813847345.
checkpoint_e33 window_influence: 0.46681931253561559, penalty_k: 0.19752274295979702, scale_lr: 0.21423744950388135, EAO: 0.347
Trial 177 finished with value: 0.3474752667581061 and parameters: {'window_influence': 0.4668193125356156, 'penalty_k': 0.19752274295979702, 'scale_lr': 0.21423744950388135}. Best is trial 176 with value: 0.35562473813847345.
checkpoint_e33 window_influence: 0.50761781147544527, penalty_k: 0.17160246884815547, scale_lr: 0.21096928296082673, EAO: 0.339
Trial 178 finished with value: 0.33905825320384847 and parameters: {'window_influence': 0.5076178114754453, 'penalty_k': 0.17160246884815547, 'scale_lr': 0.21096928296082673}. Best is trial 176 with value: 0.35562473813847345.
checkpoint_e33 window_influence: 0.49013462659367324, penalty_k: 0.19154749776869023, scale_lr: 0.23243609090256517, EAO: 0.327
Trial 179 finished with value: 0.3269963097479557 and parameters: {'window_influence': 0.49013462659367324, 'penalty_k': 0.19154749776869023, 'scale_lr': 0.23243609090256517}. Best is trial 176 with value: 0.35562473813847345.
checkpoint_e33 window_influence: 0.46569848442294420, penalty_k: 0.20034486319477987, scale_lr: 0.20092325691316149, EAO: 0.326
Trial 180 finished with value: 0.32587776405570107 and parameters: {'window_influence': 0.4656984844229442, 'penalty_k': 0.20034486319477987, 'scale_lr': 0.20092325691316149}. Best is trial 176 with value: 0.35562473813847345.
checkpoint_e33 window_influence: 0.47498742110429654, penalty_k: 0.21926783443252157, scale_lr: 0.21535094097268639, EAO: 0.347
Trial 181 finished with value: 0.346965320147429 and parameters: {'window_influence': 0.47498742110429654, 'penalty_k': 0.21926783443252157, 'scale_lr': 0.2153509409726864}. Best is trial 176 with value: 0.35562473813847345.
checkpoint_e33 window_influence: 0.46562777450108717, penalty_k: 0.17872156478991577, scale_lr: 0.24447705965135141, EAO: 0.318
Trial 182 finished with value: 0.31774231837881217 and parameters: {'window_influence': 0.46562777450108717, 'penalty_k': 0.17872156478991577, 'scale_lr': 0.2444770596513514}. Best is trial 176 with value: 0.35562473813847345.
checkpoint_e33 window_influence: 0.48259425055640875, penalty_k: 0.20834933460436694, scale_lr: 0.19585443578360059, EAO: 0.353
Trial 183 finished with value: 0.35340131720680207 and parameters: {'window_influence': 0.48259425055640875, 'penalty_k': 0.20834933460436694, 'scale_lr': 0.1958544357836006}. Best is trial 176 with value: 0.35562473813847345.
checkpoint_e33 window_influence: 0.48657935476540154, penalty_k: 0.20819877772351469, scale_lr: 0.20289669685126532, EAO: 0.335
Trial 184 finished with value: 0.3353553800499393 and parameters: {'window_influence': 0.48657935476540154, 'penalty_k': 0.2081987777235147, 'scale_lr': 0.20289669685126532}. Best is trial 176 with value: 0.35562473813847345.
checkpoint_e33 window_influence: 0.50008681809780253, penalty_k: 0.19472167308220550, scale_lr: 0.22318625764518848, EAO: 0.314
Trial 185 finished with value: 0.313509792669274 and parameters: {'window_influence': 0.5000868180978025, 'penalty_k': 0.1947216730822055, 'scale_lr': 0.22318625764518848}. Best is trial 176 with value: 0.35562473813847345.
checkpoint_e33 window_influence: 0.44005281386782491, penalty_k: 0.21267343648753412, scale_lr: 0.51187422198511834, EAO: 0.325
Trial 186 finished with value: 0.32536577447842996 and parameters: {'window_influence': 0.4400528138678249, 'penalty_k': 0.21267343648753412, 'scale_lr': 0.5118742219851183}. Best is trial 176 with value: 0.35562473813847345.
checkpoint_e33 window_influence: 0.47821007319662884, penalty_k: 0.15543561473879910, scale_lr: 0.19320753640776139, EAO: 0.335
Trial 187 finished with value: 0.33531818530207014 and parameters: {'window_influence': 0.47821007319662884, 'penalty_k': 0.1554356147387991, 'scale_lr': 0.1932075364077614}. Best is trial 176 with value: 0.35562473813847345.
checkpoint_e33 window_influence: 0.46367197143260486, penalty_k: 0.18411467938094903, scale_lr: 0.17883784672200143, EAO: 0.333
Trial 188 finished with value: 0.33342447111578766 and parameters: {'window_influence': 0.46367197143260486, 'penalty_k': 0.18411467938094903, 'scale_lr': 0.17883784672200143}. Best is trial 176 with value: 0.35562473813847345.
checkpoint_e33 window_influence: 0.51558436921695394, penalty_k: 0.23215916218508220, scale_lr: 0.23763990433516585, EAO: 0.315
Trial 189 finished with value: 0.3150399916946656 and parameters: {'window_influence': 0.5155843692169539, 'penalty_k': 0.2321591621850822, 'scale_lr': 0.23763990433516585}. Best is trial 176 with value: 0.35562473813847345.
checkpoint_e33 window_influence: 0.48733015614324832, penalty_k: 0.20145409986023596, scale_lr: 0.20871063113111604, EAO: 0.353
Trial 190 finished with value: 0.35271144597446874 and parameters: {'window_influence': 0.4873301561432483, 'penalty_k': 0.20145409986023596, 'scale_lr': 0.20871063113111604}. Best is trial 176 with value: 0.35562473813847345.
checkpoint_e33 window_influence: 0.48693092847525032, penalty_k: 0.19966424485707088, scale_lr: 0.20627497885317586, EAO: 0.316
Trial 191 finished with value: 0.3158615803208333 and parameters: {'window_influence': 0.4869309284752503, 'penalty_k': 0.19966424485707088, 'scale_lr': 0.20627497885317586}. Best is trial 176 with value: 0.35562473813847345.
checkpoint_e33 window_influence: 0.45840503890450918, penalty_k: 0.21453807269026154, scale_lr: 0.19558983113696563, EAO: 0.332
Trial 192 finished with value: 0.33180056802261665 and parameters: {'window_influence': 0.4584050389045092, 'penalty_k': 0.21453807269026154, 'scale_lr': 0.19558983113696563}. Best is trial 176 with value: 0.35562473813847345.
checkpoint_e33 window_influence: 0.47605809987644471, penalty_k: 0.16897623187616120, scale_lr: 0.34918229943507184, EAO: 0.346
Trial 193 finished with value: 0.34604745917746993 and parameters: {'window_influence': 0.4760580998764447, 'penalty_k': 0.1689762318761612, 'scale_lr': 0.34918229943507184}. Best is trial 176 with value: 0.35562473813847345.
checkpoint_e33 window_influence: 0.49180582103211495, penalty_k: 0.19001258537412047, scale_lr: 0.22158606474848844, EAO: 0.323
Trial 194 finished with value: 0.3234853767119493 and parameters: {'window_influence': 0.49180582103211495, 'penalty_k': 0.19001258537412047, 'scale_lr': 0.22158606474848844}. Best is trial 176 with value: 0.35562473813847345.
checkpoint_e33 window_influence: 0.44751964215149881, penalty_k: 0.22849065437748087, scale_lr: 0.17311734817233035, EAO: 0.341
Trial 195 finished with value: 0.34081898623867257 and parameters: {'window_influence': 0.4475196421514988, 'penalty_k': 0.22849065437748087, 'scale_lr': 0.17311734817233035}. Best is trial 176 with value: 0.35562473813847345.
checkpoint_e33 window_influence: 0.43762474863525452, penalty_k: 0.20287264276076772, scale_lr: 0.25920537991068804, EAO: 0.343
Trial 196 finished with value: 0.3428455804572495 and parameters: {'window_influence': 0.4376247486352545, 'penalty_k': 0.20287264276076772, 'scale_lr': 0.25920537991068804}. Best is trial 176 with value: 0.35562473813847345.
checkpoint_e33 window_influence: 0.47253234451394605, penalty_k: 0.24017291184116304, scale_lr: 0.19173542457503459, EAO: 0.346
Trial 197 finished with value: 0.34612895241043445 and parameters: {'window_influence': 0.47253234451394605, 'penalty_k': 0.24017291184116304, 'scale_lr': 0.1917354245750346}. Best is trial 176 with value: 0.35562473813847345.
checkpoint_e33 window_influence: 0.50448215624937576, penalty_k: 0.21966932422786500, scale_lr: 0.21282459162583617, EAO: 0.315
Trial 198 finished with value: 0.3151903393087684 and parameters: {'window_influence': 0.5044821562493758, 'penalty_k': 0.219669324227865, 'scale_lr': 0.21282459162583617}. Best is trial 176 with value: 0.35562473813847345.
checkpoint_e33 window_influence: 0.45854282535183555, penalty_k: 0.20878534855759745, scale_lr: 0.17778385800391550, EAO: 0.354
Trial 199 finished with value: 0.35448708770803905 and parameters: {'window_influence': 0.45854282535183555, 'penalty_k': 0.20878534855759745, 'scale_lr': 0.1777838580039155}. Best is trial 176 with value: 0.35562473813847345.
checkpoint_e33 window_influence: 0.45159733884972114, penalty_k: 0.23805369365589915, scale_lr: 0.17395859846924844, EAO: 0.353
Trial 200 finished with value: 0.3534364914847719 and parameters: {'window_influence': 0.45159733884972114, 'penalty_k': 0.23805369365589915, 'scale_lr': 0.17395859846924844}. Best is trial 176 with value: 0.35562473813847345.
checkpoint_e33 window_influence: 0.45233222586602267, penalty_k: 0.24323322234881259, scale_lr: 0.17074534408213449, EAO: 0.343
Trial 201 finished with value: 0.342912100632367 and parameters: {'window_influence': 0.4523322258660227, 'penalty_k': 0.2432332223488126, 'scale_lr': 0.1707453440821345}. Best is trial 176 with value: 0.35562473813847345.
checkpoint_e33 window_influence: 0.43564631589819175, penalty_k: 0.22790797782913824, scale_lr: 0.18014206563699170, EAO: 0.337
Trial 202 finished with value: 0.3366822621237907 and parameters: {'window_influence': 0.43564631589819175, 'penalty_k': 0.22790797782913824, 'scale_lr': 0.1801420656369917}. Best is trial 176 with value: 0.35562473813847345.
checkpoint_e33 window_influence: 0.45512992540817648, penalty_k: 0.25572829992923934, scale_lr: 0.16136998330896005, EAO: 0.339
Trial 203 finished with value: 0.33855779753120957 and parameters: {'window_influence': 0.4551299254081765, 'penalty_k': 0.25572829992923934, 'scale_lr': 0.16136998330896005}. Best is trial 176 with value: 0.35562473813847345.
checkpoint_e33 window_influence: 0.42521092126307214, penalty_k: 0.21251972953888471, scale_lr: 0.14445084839470942, EAO: 0.344
Trial 204 finished with value: 0.3443248238313059 and parameters: {'window_influence': 0.42521092126307214, 'penalty_k': 0.2125197295388847, 'scale_lr': 0.14445084839470942}. Best is trial 176 with value: 0.35562473813847345.
checkpoint_e33 window_influence: 0.46192770224541235, penalty_k: 0.23674773363899110, scale_lr: 0.18944445105406596, EAO: 0.346
Trial 205 finished with value: 0.3456710391471358 and parameters: {'window_influence': 0.46192770224541235, 'penalty_k': 0.2367477336389911, 'scale_lr': 0.18944445105406596}. Best is trial 176 with value: 0.35562473813847345.
checkpoint_e33 window_influence: 0.48249459412835838, penalty_k: 0.26658290074585811, scale_lr: 0.17149266460945867, EAO: 0.319
Trial 206 finished with value: 0.3190160807700473 and parameters: {'window_influence': 0.4824945941283584, 'penalty_k': 0.2665829007458581, 'scale_lr': 0.17149266460945867}. Best is trial 176 with value: 0.35562473813847345.
checkpoint_e33 window_influence: 0.44499559231357755, penalty_k: 0.18276998571360720, scale_lr: 0.20280201982516588, EAO: 0.325
Trial 207 finished with value: 0.32506378458863566 and parameters: {'window_influence': 0.44499559231357755, 'penalty_k': 0.1827699857136072, 'scale_lr': 0.20280201982516588}. Best is trial 176 with value: 0.35562473813847345.
checkpoint_e33 window_influence: 0.43159180153288745, penalty_k: 0.21985574597676694, scale_lr: 0.15278021707469064, EAO: 0.354
Trial 208 finished with value: 0.3535395203165507 and parameters: {'window_influence': 0.43159180153288745, 'penalty_k': 0.21985574597676694, 'scale_lr': 0.15278021707469064}. Best is trial 176 with value: 0.35562473813847345.
checkpoint_e33 window_influence: 0.41865019704921497, penalty_k: 0.21893084919570344, scale_lr: 0.12854534871026607, EAO: 0.331
Trial 209 finished with value: 0.33118870836983394 and parameters: {'window_influence': 0.41865019704921497, 'penalty_k': 0.21893084919570344, 'scale_lr': 0.12854534871026607}. Best is trial 176 with value: 0.35562473813847345.
checkpoint_e33 window_influence: 0.43065041789018299, penalty_k: 0.20624865903706152, scale_lr: 0.15314271886480404, EAO: 0.332
Trial 210 finished with value: 0.33239916436635103 and parameters: {'window_influence': 0.430650417890183, 'penalty_k': 0.20624865903706152, 'scale_lr': 0.15314271886480404}. Best is trial 176 with value: 0.35562473813847345.
checkpoint_e33 window_influence: 0.45740585782145049, penalty_k: 0.24961245336218471, scale_lr: 0.18228073007775325, EAO: 0.335
Trial 211 finished with value: 0.3348681899476144 and parameters: {'window_influence': 0.4574058578214505, 'penalty_k': 0.2496124533621847, 'scale_lr': 0.18228073007775325}. Best is trial 176 with value: 0.35562473813847345.
checkpoint_e33 window_influence: 0.44669385495796859, penalty_k: 0.22939190802793794, scale_lr: 0.16856832139068501, EAO: 0.344
Trial 212 finished with value: 0.34357072012897594 and parameters: {'window_influence': 0.4466938549579686, 'penalty_k': 0.22939190802793794, 'scale_lr': 0.168568321390685}. Best is trial 176 with value: 0.35562473813847345.
checkpoint_e33 window_influence: 0.47131104592000533, penalty_k: 0.21933796801663349, scale_lr: 0.14535022324238048, EAO: 0.329
Trial 213 finished with value: 0.3285779294916628 and parameters: {'window_influence': 0.47131104592000533, 'penalty_k': 0.2193379680166335, 'scale_lr': 0.14535022324238048}. Best is trial 176 with value: 0.35562473813847345.
checkpoint_e33 window_influence: 0.36032214893410691, penalty_k: 0.24122039285922145, scale_lr: 0.19166700225626410, EAO: 0.314
Trial 214 finished with value: 0.3140834522386469 and parameters: {'window_influence': 0.3603221489341069, 'penalty_k': 0.24122039285922145, 'scale_lr': 0.1916670022562641}. Best is trial 176 with value: 0.35562473813847345.
checkpoint_e33 window_influence: 0.43709647257124551, penalty_k: 0.20248178951375981, scale_lr: 0.22765632303699140, EAO: 0.327
Trial 215 finished with value: 0.32680862057765636 and parameters: {'window_influence': 0.4370964725712455, 'penalty_k': 0.2024817895137598, 'scale_lr': 0.2276563230369914}. Best is trial 176 with value: 0.35562473813847345.
checkpoint_e33 window_influence: 0.48534935272040525, penalty_k: 0.23162588438594026, scale_lr: 0.20397441971897082, EAO: 0.335
Trial 216 finished with value: 0.3349185487407655 and parameters: {'window_influence': 0.48534935272040525, 'penalty_k': 0.23162588438594026, 'scale_lr': 0.20397441971897082}. Best is trial 176 with value: 0.35562473813847345.
checkpoint_e33 window_influence: 0.46887622111520133, penalty_k: 0.24936591994028032, scale_lr: 0.16218308975734572, EAO: 0.344
Trial 217 finished with value: 0.3435775820847151 and parameters: {'window_influence': 0.46887622111520133, 'penalty_k': 0.24936591994028032, 'scale_lr': 0.16218308975734572}. Best is trial 176 with value: 0.35562473813847345.
checkpoint_e33 window_influence: 0.41206268184329020, penalty_k: 0.46522331804383998, scale_lr: 0.18231039970005644, EAO: 0.358
Trial 218 finished with value: 0.3580247225232625 and parameters: {'window_influence': 0.4120626818432902, 'penalty_k': 0.46522331804384, 'scale_lr': 0.18231039970005644}. Best is trial 218 with value: 0.3580247225232625.
checkpoint_e33 window_influence: 0.41241971035965796, penalty_k: 0.52746813115876212, scale_lr: 0.17972694972424866, EAO: 0.325
Trial 219 finished with value: 0.3248029784933602 and parameters: {'window_influence': 0.41241971035965796, 'penalty_k': 0.5274681311587621, 'scale_lr': 0.17972694972424866}. Best is trial 218 with value: 0.3580247225232625.
checkpoint_e33 window_influence: 0.42392569118759210, penalty_k: 0.18833362100094761, scale_lr: 0.14181107879831450, EAO: 0.324
Trial 220 finished with value: 0.32355696763046055 and parameters: {'window_influence': 0.4239256911875921, 'penalty_k': 0.1883336210009476, 'scale_lr': 0.1418110787983145}. Best is trial 218 with value: 0.3580247225232625.
checkpoint_e33 window_influence: 0.22230391222954987, penalty_k: 0.47958901634496620, scale_lr: 0.19608196429529345, EAO: 0.292
Trial 221 finished with value: 0.2923184583391197 and parameters: {'window_influence': 0.22230391222954987, 'penalty_k': 0.4795890163449662, 'scale_lr': 0.19608196429529345}. Best is trial 218 with value: 0.3580247225232625.
checkpoint_e33 window_influence: 0.45886119145820092, penalty_k: 0.26277974650966118, scale_lr: 0.66335236778526752, EAO: 0.344
