Trial 18 finished with value: 0.24132221426945252 and parameters: {'window_influence': 0.6345783036754408, 'penalty_k': 0.3687183610277086, 'scale_lr': 0.7147928888251391}. Best is trial 9 with value: 0.322578980707009.
checkpoint_e24 window_influence: 0.46823163375051940, penalty_k: 0.51417569615562786, scale_lr: 0.62228303570500276, EAO: 0.337
Trial 19 finished with value: 0.33655422879564156 and parameters: {'window_influence': 0.4682316337505194, 'penalty_k': 0.5141756961556279, 'scale_lr': 0.6222830357050028}. Best is trial 19 with value: 0.33655422879564156.
checkpoint_e24 window_influence: 0.51356275881522107, penalty_k: 0.58623369086666210, scale_lr: 0.60580404310604974, EAO: 0.275
Trial 20 finished with value: 0.27476591509603804 and parameters: {'window_influence': 0.5135627588152211, 'penalty_k': 0.5862336908666621, 'scale_lr': 0.6058040431060497}. Best is trial 19 with value: 0.33655422879564156.
checkpoint_e24 window_influence: 0.43427579917132836, penalty_k: 0.52393301383708890, scale_lr: 0.72759627099430690, EAO: 0.309
Trial 21 finished with value: 0.3091708666387699 and parameters: {'window_influence': 0.43427579917132836, 'penalty_k': 0.5239330138370889, 'scale_lr': 0.7275962709943069}. Best is trial 19 with value: 0.33655422879564156.
checkpoint_e24 window_influence: 0.47342093915863270, penalty_k: 0.48956519303456375, scale_lr: 0.79366764326590578, EAO: 0.327
Trial 22 finished with value: 0.3273859309895029 and parameters: {'window_influence': 0.4734209391586327, 'penalty_k': 0.48956519303456375, 'scale_lr': 0.7936676432659058}. Best is trial 19 with value: 0.33655422879564156.
checkpoint_e24 window_influence: 0.58049098060985982, penalty_k: 0.44906797259097242, scale_lr: 0.66776611229035210, EAO: 0.257
Trial 23 finished with value: 0.2568520337691103 and parameters: {'window_influence': 0.5804909806098598, 'penalty_k': 0.4490679725909724, 'scale_lr': 0.6677661122903521}. Best is trial 19 with value: 0.33655422879564156.
checkpoint_e24 window_influence: 0.46341030191348070, penalty_k: 0.59990177137768042, scale_lr: 0.79761038938436002, EAO: 0.332
Trial 24 finished with value: 0.33205653089261705 and parameters: {'window_influence': 0.4634103019134807, 'penalty_k': 0.5999017713776804, 'scale_lr': 0.79761038938436}. Best is trial 19 with value: 0.33655422879564156.
checkpoint_e24 window_influence: 0.47085937270403566, penalty_k: 0.53381751463136906, scale_lr: 0.79013875373679376, EAO: 0.318
Trial 25 finished with value: 0.31831818569726983 and parameters: {'window_influence': 0.47085937270403566, 'penalty_k': 0.5338175146313691, 'scale_lr': 0.7901387537367938}. Best is trial 19 with value: 0.33655422879564156.
checkpoint_e24 window_influence: 0.47876957649930080, penalty_k: 0.57100095907262394, scale_lr: 0.71591997709915201, EAO: 0.317
Trial 26 finished with value: 0.3165409873431759 and parameters: {'window_influence': 0.4787695764993008, 'penalty_k': 0.5710009590726239, 'scale_lr': 0.715919977099152}. Best is trial 19 with value: 0.33655422879564156.
checkpoint_e24 window_influence: 0.38757859156365304, penalty_k: 0.58878226985123239, scale_lr: 0.78769545563334198, EAO: 0.322
Trial 27 finished with value: 0.3218883418039589 and parameters: {'window_influence': 0.38757859156365304, 'penalty_k': 0.5887822698512324, 'scale_lr': 0.787695455633342}. Best is trial 19 with value: 0.33655422879564156.
checkpoint_e24 window_influence: 0.46640197753972518, penalty_k: 0.50302210775938250, scale_lr: 0.62783423000351490, EAO: 0.320
Trial 28 finished with value: 0.3197998170258934 and parameters: {'window_influence': 0.4664019775397252, 'penalty_k': 0.5030221077593825, 'scale_lr': 0.6278342300035149}. Best is trial 19 with value: 0.33655422879564156.
checkpoint_e24 window_influence: 0.58533527860551526, penalty_k: 0.59639409891342376, scale_lr: 0.70438827723770125, EAO: 0.235
Trial 29 finished with value: 0.23525270193467343 and parameters: {'window_influence': 0.5853352786055153, 'penalty_k': 0.5963940989134238, 'scale_lr': 0.7043882772377013}. Best is trial 19 with value: 0.33655422879564156.
checkpoint_e24 window_influence: 0.37303235731759166, penalty_k: 0.53882295923612211, scale_lr: 0.74438162721780332, EAO: 0.299
Trial 30 finished with value: 0.29860164851298127 and parameters: {'window_influence': 0.37303235731759166, 'penalty_k': 0.5388229592361221, 'scale_lr': 0.7443816272178033}. Best is trial 19 with value: 0.33655422879564156.
checkpoint_e24 window_influence: 0.53426279619395300, penalty_k: 0.50700121942731702, scale_lr: 0.56985011079181436, EAO: 0.292
Trial 31 finished with value: 0.29151731944037784 and parameters: {'window_influence': 0.534262796193953, 'penalty_k': 0.507001219427317, 'scale_lr': 0.5698501107918144}. Best is trial 19 with value: 0.33655422879564156.
checkpoint_e24 window_influence: 0.50634513140583259, penalty_k: 0.22316813285555287, scale_lr: 0.52778094321995683, EAO: 0.323
Trial 32 finished with value: 0.323151966941032 and parameters: {'window_influence': 0.5063451314058326, 'penalty_k': 0.22316813285555287, 'scale_lr': 0.5277809432199568}. Best is trial 19 with value: 0.33655422879564156.
checkpoint_e24 window_influence: 0.44499209684645280, penalty_k: 0.47919736252767980, scale_lr: 0.53426700998302301, EAO: 0.320
Trial 33 finished with value: 0.3195145083772533 and parameters: {'window_influence': 0.4449920968464528, 'penalty_k': 0.4791973625276798, 'scale_lr': 0.534267009983023}. Best is trial 19 with value: 0.33655422879564156.
checkpoint_e24 window_influence: 0.49790400313393057, penalty_k: 0.22915048855618375, scale_lr: 0.62943431894857982, EAO: 0.323
Trial 34 finished with value: 0.32270908657214986 and parameters: {'window_influence': 0.4979040031339306, 'penalty_k': 0.22915048855618375, 'scale_lr': 0.6294343189485798}. Best is trial 19 with value: 0.33655422879564156.
checkpoint_e24 window_influence: 0.46318322314998517, penalty_k: 0.54903005570700825, scale_lr: 0.69185438022875045, EAO: 0.331
Trial 35 finished with value: 0.33115939013225093 and parameters: {'window_influence': 0.46318322314998517, 'penalty_k': 0.5490300557070082, 'scale_lr': 0.6918543802287505}. Best is trial 19 with value: 0.33655422879564156.
checkpoint_e24 window_influence: 0.46219665127462484, penalty_k: 0.55261394476364956, scale_lr: 0.75558347048134333, EAO: 0.324
Trial 36 finished with value: 0.32434266782456334 and parameters: {'window_influence': 0.46219665127462484, 'penalty_k': 0.5526139447636496, 'scale_lr': 0.7555834704813433}. Best is trial 19 with value: 0.33655422879564156.
checkpoint_e24 window_influence: 0.42028055835418721, penalty_k: 0.47119312156571869, scale_lr: 0.67690797183168971, EAO: 0.317
Trial 37 finished with value: 0.3169771416062047 and parameters: {'window_influence': 0.4202805583541872, 'penalty_k': 0.4711931215657187, 'scale_lr': 0.6769079718316897}. Best is trial 19 with value: 0.33655422879564156.
checkpoint_e24 window_influence: 0.40905879871059087, penalty_k: 0.55582867939481073, scale_lr: 0.76285547600685066, EAO: 0.278
Trial 38 finished with value: 0.2782227670056347 and parameters: {'window_influence': 0.40905879871059087, 'penalty_k': 0.5558286793948107, 'scale_lr': 0.7628554760068507}. Best is trial 19 with value: 0.33655422879564156.
checkpoint_e24 window_influence: 0.44904941921782554, penalty_k: 0.59720351204961175, scale_lr: 0.79878189176826409, EAO: 0.312
Trial 39 finished with value: 0.312372196335273 and parameters: {'window_influence': 0.44904941921782554, 'penalty_k': 0.5972035120496118, 'scale_lr': 0.7987818917682641}. Best is trial 19 with value: 0.33655422879564156.
checkpoint_e24 window_influence: 0.49331282413367644, penalty_k: 0.49206054906338537, scale_lr: 0.70515202896153795, EAO: 0.296
Trial 40 finished with value: 0.2955019545926194 and parameters: {'window_influence': 0.49331282413367644, 'penalty_k': 0.49206054906338537, 'scale_lr': 0.705152028961538}. Best is trial 19 with value: 0.33655422879564156.
checkpoint_e24 window_influence: 0.45712821727983149, penalty_k: 0.54942808164839729, scale_lr: 0.74121578414140399, EAO: 0.316
Trial 41 finished with value: 0.31587423627710526 and parameters: {'window_influence': 0.4571282172798315, 'penalty_k': 0.5494280816483973, 'scale_lr': 0.741215784141404}. Best is trial 19 with value: 0.33655422879564156.
checkpoint_e24 window_influence: 0.46642333705088751, penalty_k: 0.52776311418394828, scale_lr: 0.75936677463941726, EAO: 0.310
Trial 42 finished with value: 0.31034648627158734 and parameters: {'window_influence': 0.4664233370508875, 'penalty_k': 0.5277631141839483, 'scale_lr': 0.7593667746394173}. Best is trial 19 with value: 0.33655422879564156.
checkpoint_e24 window_influence: 0.56247476207085567, penalty_k: 0.56652609304333101, scale_lr: 0.69452584781737092, EAO: 0.251
Trial 43 finished with value: 0.2512906420439598 and parameters: {'window_influence': 0.5624747620708557, 'penalty_k': 0.566526093043331, 'scale_lr': 0.6945258478173709}. Best is trial 19 with value: 0.33655422879564156.
checkpoint_e24 window_influence: 0.52356803078560477, penalty_k: 0.51772825392210964, scale_lr: 0.73567498144816801, EAO: 0.275
Trial 44 finished with value: 0.275437023969012 and parameters: {'window_influence': 0.5235680307856048, 'penalty_k': 0.5177282539221096, 'scale_lr': 0.735674981448168}. Best is trial 19 with value: 0.33655422879564156.
checkpoint_e24 window_influence: 0.43556599588610229, penalty_k: 0.55657407178824980, scale_lr: 0.76292201114353908, EAO: 0.320
Trial 45 finished with value: 0.3196307817321807 and parameters: {'window_influence': 0.4355659958861023, 'penalty_k': 0.5565740717882498, 'scale_lr': 0.7629220111435391}. Best is trial 19 with value: 0.33655422879564156.
checkpoint_e24 window_influence: 0.49348006207905709, penalty_k: 0.46199903446908741, scale_lr: 0.65431356772296667, EAO: 0.299
Trial 46 finished with value: 0.29892984287748076 and parameters: {'window_influence': 0.4934800620790571, 'penalty_k': 0.4619990344690874, 'scale_lr': 0.6543135677229667}. Best is trial 19 with value: 0.33655422879564156.
checkpoint_e24 window_influence: 0.39772692606312282, penalty_k: 0.49246059582986529, scale_lr: 0.78037569942315510, EAO: 0.287
Trial 47 finished with value: 0.28737182642699216 and parameters: {'window_influence': 0.3977269260631228, 'penalty_k': 0.4924605958298653, 'scale_lr': 0.7803756994231551}. Best is trial 19 with value: 0.33655422879564156.
checkpoint_e24 window_influence: 0.36230966401472064, penalty_k: 0.44358919868991964, scale_lr: 0.73625665994976575, EAO: 0.294
Trial 48 finished with value: 0.29428217261449835 and parameters: {'window_influence': 0.36230966401472064, 'penalty_k': 0.44358919868991964, 'scale_lr': 0.7362566599497657}. Best is trial 19 with value: 0.33655422879564156.
checkpoint_e24 window_influence: 0.41966686032979345, penalty_k: 0.57103550040404161, scale_lr: 0.68972678852369129, EAO: 0.307
Trial 49 finished with value: 0.3069067893093198 and parameters: {'window_influence': 0.41966686032979345, 'penalty_k': 0.5710355004040416, 'scale_lr': 0.6897267885236913}. Best is trial 19 with value: 0.33655422879564156.
checkpoint_e24 window_influence: 0.51854137720651006, penalty_k: 0.42848283381414243, scale_lr: 0.79873948348503387, EAO: 0.298
Trial 50 finished with value: 0.29828823366517687 and parameters: {'window_influence': 0.5185413772065101, 'penalty_k': 0.4284828338141424, 'scale_lr': 0.7987394834850339}. Best is trial 19 with value: 0.33655422879564156.
checkpoint_e24 window_influence: 0.47860847253931932, penalty_k: 0.52438081948151760, scale_lr: 0.57702710444597960, EAO: 0.308
Trial 51 finished with value: 0.30824654691414144 and parameters: {'window_influence': 0.4786084725393193, 'penalty_k': 0.5243808194815176, 'scale_lr': 0.5770271044459796}. Best is trial 19 with value: 0.33655422879564156.
checkpoint_e24 window_influence: 0.45436723697098613, penalty_k: 0.54945562267389536, scale_lr: 0.64119369584552621, EAO: 0.320
Trial 52 finished with value: 0.32047498260954477 and parameters: {'window_influence': 0.45436723697098613, 'penalty_k': 0.5494556226738954, 'scale_lr': 0.6411936958455262}. Best is trial 19 with value: 0.33655422879564156.
checkpoint_e24 window_influence: 0.50852511387154331, penalty_k: 0.59654052205929742, scale_lr: 0.71577971703935750, EAO: 0.295
Trial 53 finished with value: 0.2951857372248683 and parameters: {'window_influence': 0.5085251138715433, 'penalty_k': 0.5965405220592974, 'scale_lr': 0.7157797170393575}. Best is trial 19 with value: 0.33655422879564156.
checkpoint_e24 window_influence: 0.54754145426213552, penalty_k: 0.48891877615497964, scale_lr: 0.68040574488464334, EAO: 0.262
Trial 54 finished with value: 0.26176275556421463 and parameters: {'window_influence': 0.5475414542621355, 'penalty_k': 0.48891877615497964, 'scale_lr': 0.6804057448846433}. Best is trial 19 with value: 0.33655422879564156.
checkpoint_e24 window_influence: 0.50443533753630077, penalty_k: 0.56432805901252403, scale_lr: 0.61231987554421297, EAO: 0.287
Trial 55 finished with value: 0.2871379876067202 and parameters: {'window_influence': 0.5044353375363008, 'penalty_k': 0.564328059012524, 'scale_lr': 0.612319875544213}. Best is trial 19 with value: 0.33655422879564156.
checkpoint_e24 window_influence: 0.42687741928953743, penalty_k: 0.52193824057692351, scale_lr: 0.76576927954953822, EAO: 0.309
Trial 56 finished with value: 0.30869551571194764 and parameters: {'window_influence': 0.42687741928953743, 'penalty_k': 0.5219382405769235, 'scale_lr': 0.7657692795495382}. Best is trial 19 with value: 0.33655422879564156.
checkpoint_e24 window_influence: 0.47220807886887473, penalty_k: 0.47070033050574556, scale_lr: 0.65806894560416573, EAO: 0.296
Trial 57 finished with value: 0.29625296563721815 and parameters: {'window_influence': 0.4722080788688747, 'penalty_k': 0.47070033050574556, 'scale_lr': 0.6580689456041657}. Best is trial 19 with value: 0.33655422879564156.
checkpoint_e24 window_influence: 0.44617788341915787, penalty_k: 0.57540904152941386, scale_lr: 0.72414308717449816, EAO: 0.324
Trial 58 finished with value: 0.3237829461171933 and parameters: {'window_influence': 0.4461778834191579, 'penalty_k': 0.5754090415294139, 'scale_lr': 0.7241430871744982}. Best is trial 19 with value: 0.33655422879564156.
checkpoint_e24 window_influence: 0.38925053484278677, penalty_k: 0.57789923208237814, scale_lr: 0.74196171828300583, EAO: 0.305
Trial 59 finished with value: 0.3052879515093124 and parameters: {'window_influence': 0.38925053484278677, 'penalty_k': 0.5778992320823781, 'scale_lr': 0.7419617182830058}. Best is trial 19 with value: 0.33655422879564156.
checkpoint_e24 window_influence: 0.45231090295776721, penalty_k: 0.54039127345432281, scale_lr: 0.77285731252782819, EAO: 0.316
Trial 60 finished with value: 0.3163783538086405 and parameters: {'window_influence': 0.4523109029577672, 'penalty_k': 0.5403912734543228, 'scale_lr': 0.7728573125278282}. Best is trial 19 with value: 0.33655422879564156.
checkpoint_e24 window_influence: 0.49176997828379954, penalty_k: 0.59948543976222091, scale_lr: 0.71860857244156295, EAO: 0.297
Trial 61 finished with value: 0.2966490435461126 and parameters: {'window_influence': 0.49176997828379954, 'penalty_k': 0.5994854397622209, 'scale_lr': 0.718608572441563}. Best is trial 19 with value: 0.33655422879564156.
checkpoint_e24 window_influence: 0.44179642779885825, penalty_k: 0.57323463202021707, scale_lr: 0.69250296539812806, EAO: 0.312
Trial 62 finished with value: 0.31156233486498375 and parameters: {'window_influence': 0.44179642779885825, 'penalty_k': 0.5732346320202171, 'scale_lr': 0.6925029653981281}. Best is trial 19 with value: 0.33655422879564156.
checkpoint_e24 window_influence: 0.52636313862516959, penalty_k: 0.53683610464443721, scale_lr: 0.77226806180409835, EAO: 0.278
Trial 63 finished with value: 0.2782653822973081 and parameters: {'window_influence': 0.5263631386251696, 'penalty_k': 0.5368361046444372, 'scale_lr': 0.7722680618040983}. Best is trial 19 with value: 0.33655422879564156.
checkpoint_e24 window_influence: 0.40789139919089690, penalty_k: 0.51437236101912953, scale_lr: 0.74979463181373007, EAO: 0.314
Trial 64 finished with value: 0.313605573622633 and parameters: {'window_influence': 0.4078913991908969, 'penalty_k': 0.5143723610191295, 'scale_lr': 0.7497946318137301}. Best is trial 19 with value: 0.33655422879564156.
checkpoint_e24 window_influence: 0.47640155083599706, penalty_k: 0.50419459070771000, scale_lr: 0.72479852125591548, EAO: 0.319
Trial 65 finished with value: 0.3187217713561967 and parameters: {'window_influence': 0.47640155083599706, 'penalty_k': 0.50419459070771, 'scale_lr': 0.7247985212559155}. Best is trial 19 with value: 0.33655422879564156.
checkpoint_e24 window_influence: 0.48176669353592838, penalty_k: 0.57699968639613819, scale_lr: 0.67510749754721833, EAO: 0.307
Trial 66 finished with value: 0.3071004867205824 and parameters: {'window_influence': 0.4817666935359284, 'penalty_k': 0.5769996863961382, 'scale_lr': 0.6751074975472183}. Best is trial 19 with value: 0.33655422879564156.
checkpoint_e24 window_influence: 0.43861956624067122, penalty_k: 0.55263949217526276, scale_lr: 0.78170849151060773, EAO: 0.328
Trial 67 finished with value: 0.32842080996658085 and parameters: {'window_influence': 0.4386195662406712, 'penalty_k': 0.5526394921752628, 'scale_lr': 0.7817084915106077}. Best is trial 19 with value: 0.33655422879564156.
checkpoint_e24 window_influence: 0.43966112300679916, penalty_k: 0.55569088608633055, scale_lr: 0.78088689202704775, EAO: 0.316
Trial 68 finished with value: 0.3157639048906616 and parameters: {'window_influence': 0.43966112300679916, 'penalty_k': 0.5556908860863305, 'scale_lr': 0.7808868920270478}. Best is trial 19 with value: 0.33655422879564156.
checkpoint_e24 window_influence: 0.41999162759837821, penalty_k: 0.54216131256574240, scale_lr: 0.74943005409481744, EAO: 0.337
Trial 69 finished with value: 0.3365879501814044 and parameters: {'window_influence': 0.4199916275983782, 'penalty_k': 0.5421613125657424, 'scale_lr': 0.7494300540948174}. Best is trial 69 with value: 0.3365879501814044.
checkpoint_e24 window_influence: 0.41174121182733214, penalty_k: 0.54434298260907532, scale_lr: 0.79293347306074535, EAO: 0.307
Trial 70 finished with value: 0.30657637960020206 and parameters: {'window_influence': 0.41174121182733214, 'penalty_k': 0.5443429826090753, 'scale_lr': 0.7929334730607454}. Best is trial 69 with value: 0.3365879501814044.
checkpoint_e24 window_influence: 0.46175229401812684, penalty_k: 0.57638243902606623, scale_lr: 0.74937546494444696, EAO: 0.339
Trial 71 finished with value: 0.3394765648628487 and parameters: {'window_influence': 0.46175229401812684, 'penalty_k': 0.5763824390260662, 'scale_lr': 0.749375464944447}. Best is trial 71 with value: 0.3394765648628487.
checkpoint_e24 window_influence: 0.42669690159051243, penalty_k: 0.51163260683147560, scale_lr: 0.75404374111082006, EAO: 0.309
Trial 72 finished with value: 0.30924223154667285 and parameters: {'window_influence': 0.42669690159051243, 'penalty_k': 0.5116326068314756, 'scale_lr': 0.7540437411108201}. Best is trial 71 with value: 0.3394765648628487.
checkpoint_e24 window_influence: 0.46228669117524829, penalty_k: 0.53251538917392349, scale_lr: 0.79885290038270573, EAO: 0.322
Trial 73 finished with value: 0.32188227320459567 and parameters: {'window_influence': 0.4622866911752483, 'penalty_k': 0.5325153891739235, 'scale_lr': 0.7988529003827057}. Best is trial 71 with value: 0.3394765648628487.
checkpoint_e24 window_influence: 0.37947529200968677, penalty_k: 0.58486749866103249, scale_lr: 0.70409506456131532, EAO: 0.313
Trial 74 finished with value: 0.3134646758958987 and parameters: {'window_influence': 0.37947529200968677, 'penalty_k': 0.5848674986610325, 'scale_lr': 0.7040950645613153}. Best is trial 71 with value: 0.3394765648628487.
checkpoint_e24 window_influence: 0.46257208694079099, penalty_k: 0.55586627172280578, scale_lr: 0.74928480383166596, EAO: 0.326
Trial 75 finished with value: 0.3264924240831271 and parameters: {'window_influence': 0.462572086940791, 'penalty_k': 0.5558662717228058, 'scale_lr': 0.749284803831666}. Best is trial 71 with value: 0.3394765648628487.
checkpoint_e24 window_influence: 0.40456771741808284, penalty_k: 0.56063737143752856, scale_lr: 0.77512321418030006, EAO: 0.309
Trial 76 finished with value: 0.30931870030521885 and parameters: {'window_influence': 0.40456771741808284, 'penalty_k': 0.5606373714375286, 'scale_lr': 0.7751232141803001}. Best is trial 71 with value: 0.3394765648628487.
checkpoint_e24 window_influence: 0.48718912917806423, penalty_k: 0.48672905336029437, scale_lr: 0.73310037123891592, EAO: 0.313
Trial 77 finished with value: 0.3126560546428777 and parameters: {'window_influence': 0.48718912917806423, 'penalty_k': 0.4867290533602944, 'scale_lr': 0.7331003712389159}. Best is trial 71 with value: 0.3394765648628487.
checkpoint_e24 window_influence: 0.43106146383643862, penalty_k: 0.53723784061364488, scale_lr: 0.74933752437076517, EAO: 0.317
Trial 78 finished with value: 0.31710896006122175 and parameters: {'window_influence': 0.4310614638364386, 'penalty_k': 0.5372378406136449, 'scale_lr': 0.7493375243707652}. Best is trial 71 with value: 0.3394765648628487.
checkpoint_e24 window_influence: 0.51146496937333896, penalty_k: 0.59998295717795513, scale_lr: 0.70690669525989391, EAO: 0.277
Trial 79 finished with value: 0.2766429925127252 and parameters: {'window_influence': 0.511464969373339, 'penalty_k': 0.5999829571779551, 'scale_lr': 0.7069066952598939}. Best is trial 71 with value: 0.3394765648628487.
checkpoint_e24 window_influence: 0.46039684128399816, penalty_k: 0.49701140638331764, scale_lr: 0.78288301331468624, EAO: 0.323
