Trial 1954 finished with value: 0.26518592412369724 and parameters: {'window_influence': 0.11856249592785909, 'penalty_k': 0.08774863844240728, 'scale_lr': 0.5508098397514363}. Best is trial 1674 with value: 0.38142600678748195.
checkpoint_e33 window_influence: 0.05133265046178348, penalty_k: 0.02938589252283806, scale_lr: 0.76735376864772420, EAO: 0.253
Trial 1955 finished with value: 0.2527837791563472 and parameters: {'window_influence': 0.05133265046178348, 'penalty_k': 0.029385892522838058, 'scale_lr': 0.7673537686477242}. Best is trial 1674 with value: 0.38142600678748195.
checkpoint_e33 window_influence: 0.51957586712548087, penalty_k: 0.16108478818938751, scale_lr: 0.18833503150375097, EAO: 0.341
Trial 1956 finished with value: 0.34130533010579267 and parameters: {'window_influence': 0.5195758671254809, 'penalty_k': 0.1610847881893875, 'scale_lr': 0.18833503150375097}. Best is trial 1674 with value: 0.38142600678748195.
checkpoint_e33 window_influence: 0.41373103944317391, penalty_k: 0.21922061517114289, scale_lr: 0.50357062510424744, EAO: 0.308
Trial 1957 finished with value: 0.3082333127116415 and parameters: {'window_influence': 0.4137310394431739, 'penalty_k': 0.21922061517114289, 'scale_lr': 0.5035706251042474}. Best is trial 1674 with value: 0.38142600678748195.
checkpoint_e33 window_influence: 0.48985721749223216, penalty_k: 0.25261727462314498, scale_lr: 0.59694742322067340, EAO: 0.320
Trial 1958 finished with value: 0.32025494029317847 and parameters: {'window_influence': 0.48985721749223216, 'penalty_k': 0.252617274623145, 'scale_lr': 0.5969474232206734}. Best is trial 1674 with value: 0.38142600678748195.
checkpoint_e33 window_influence: 0.58234578622277811, penalty_k: 0.04357181813121499, scale_lr: 0.12460201410810166, EAO: 0.295
Trial 1959 finished with value: 0.29516097833674243 and parameters: {'window_influence': 0.5823457862227781, 'penalty_k': 0.04357181813121499, 'scale_lr': 0.12460201410810166}. Best is trial 1674 with value: 0.38142600678748195.
checkpoint_e33 window_influence: 0.38259458790476353, penalty_k: 0.06466513499667562, scale_lr: 0.53657799597404554, EAO: 0.331
Trial 1960 finished with value: 0.3307601992722151 and parameters: {'window_influence': 0.38259458790476353, 'penalty_k': 0.06466513499667562, 'scale_lr': 0.5365779959740455}. Best is trial 1674 with value: 0.38142600678748195.
checkpoint_e33 window_influence: 0.54489191152435557, penalty_k: 0.19429391949015190, scale_lr: 0.48732377944561289, EAO: 0.295
Trial 1961 finished with value: 0.2945302763685642 and parameters: {'window_influence': 0.5448919115243556, 'penalty_k': 0.1942939194901519, 'scale_lr': 0.4873237794456129}. Best is trial 1674 with value: 0.38142600678748195.
checkpoint_e33 window_influence: 0.47972701289264558, penalty_k: 0.43206625957286648, scale_lr: 0.10773637194148750, EAO: 0.306
Trial 1962 finished with value: 0.3056980737336415 and parameters: {'window_influence': 0.4797270128926456, 'penalty_k': 0.4320662595728665, 'scale_lr': 0.1077363719414875}. Best is trial 1674 with value: 0.38142600678748195.
checkpoint_e33 window_influence: 0.07584849250228748, penalty_k: 0.12255742973713057, scale_lr: 0.71868916808913785, EAO: 0.253
Trial 1963 finished with value: 0.25274640165182405 and parameters: {'window_influence': 0.07584849250228748, 'penalty_k': 0.12255742973713057, 'scale_lr': 0.7186891680891379}. Best is trial 1674 with value: 0.38142600678748195.
checkpoint_e33 window_influence: 0.62638992166636809, penalty_k: 0.46488492242477231, scale_lr: 0.74247095167417765, EAO: 0.228
Trial 1964 finished with value: 0.22793920396135012 and parameters: {'window_influence': 0.6263899216663681, 'penalty_k': 0.4648849224247723, 'scale_lr': 0.7424709516741776}. Best is trial 1674 with value: 0.38142600678748195.
checkpoint_e33 window_influence: 0.51146547211652293, penalty_k: 0.59094564817273776, scale_lr: 0.70224150272937536, EAO: 0.287
Trial 1965 finished with value: 0.28732178165986844 and parameters: {'window_influence': 0.5114654721165229, 'penalty_k': 0.5909456481727378, 'scale_lr': 0.7022415027293754}. Best is trial 1674 with value: 0.38142600678748195.
checkpoint_e33 window_influence: 0.49727592986600910, penalty_k: 0.29005232756032118, scale_lr: 0.57651175405868094, EAO: 0.303
Trial 1966 finished with value: 0.30260306718516444 and parameters: {'window_influence': 0.4972759298660091, 'penalty_k': 0.2900523275603212, 'scale_lr': 0.5765117540586809}. Best is trial 1674 with value: 0.38142600678748195.
checkpoint_e33 window_influence: 0.63765448252560608, penalty_k: 0.32356208567630618, scale_lr: 0.20476679314611729, EAO: 0.229
Trial 1967 finished with value: 0.22945662561789562 and parameters: {'window_influence': 0.6376544825256061, 'penalty_k': 0.3235620856763062, 'scale_lr': 0.2047667931461173}. Best is trial 1674 with value: 0.38142600678748195.
checkpoint_e33 window_influence: 0.61772116916442799, penalty_k: 0.18408475309566447, scale_lr: 0.52029299591692446, EAO: 0.252
Trial 1968 finished with value: 0.2516767079380236 and parameters: {'window_influence': 0.617721169164428, 'penalty_k': 0.18408475309566447, 'scale_lr': 0.5202929959169245}. Best is trial 1674 with value: 0.38142600678748195.
checkpoint_e33 window_influence: 0.61880671395823583, penalty_k: 0.47762316896770596, scale_lr: 0.21319000129772867, EAO: 0.236
Trial 1969 finished with value: 0.23626167144524912 and parameters: {'window_influence': 0.6188067139582358, 'penalty_k': 0.47762316896770596, 'scale_lr': 0.21319000129772867}. Best is trial 1674 with value: 0.38142600678748195.
checkpoint_e33 window_influence: 0.47641485254128058, penalty_k: 0.14696887951988286, scale_lr: 0.68565964688255931, EAO: 0.336
Trial 1970 finished with value: 0.33629401706535994 and parameters: {'window_influence': 0.4764148525412806, 'penalty_k': 0.14696887951988286, 'scale_lr': 0.6856596468825593}. Best is trial 1674 with value: 0.38142600678748195.
checkpoint_e33 window_influence: 0.40453452601887196, penalty_k: 0.03531182458930388, scale_lr: 0.56214642890997413, EAO: 0.319
Trial 1971 finished with value: 0.3192678264954675 and parameters: {'window_influence': 0.40453452601887196, 'penalty_k': 0.035311824589303875, 'scale_lr': 0.5621464289099741}. Best is trial 1674 with value: 0.38142600678748195.
checkpoint_e33 window_influence: 0.52295648369051451, penalty_k: 0.07663599975253574, scale_lr: 0.47801982095379147, EAO: 0.318
Trial 1972 finished with value: 0.3183399038787946 and parameters: {'window_influence': 0.5229564836905145, 'penalty_k': 0.07663599975253574, 'scale_lr': 0.4780198209537915}. Best is trial 1674 with value: 0.38142600678748195.
checkpoint_e33 window_influence: 0.60682459579816073, penalty_k: 0.05456011498560396, scale_lr: 0.50231173187625233, EAO: 0.252
Trial 1973 finished with value: 0.2522578031868322 and parameters: {'window_influence': 0.6068245957981607, 'penalty_k': 0.05456011498560396, 'scale_lr': 0.5023117318762523}. Best is trial 1674 with value: 0.38142600678748195.
checkpoint_e33 window_influence: 0.25649753354156302, penalty_k: 0.15991457996578651, scale_lr: 0.53837597211343069, EAO: 0.304
Trial 1974 finished with value: 0.30382282254992754 and parameters: {'window_influence': 0.256497533541563, 'penalty_k': 0.1599145799657865, 'scale_lr': 0.5383759721134307}. Best is trial 1674 with value: 0.38142600678748195.
checkpoint_e33 window_influence: 0.50164963351551761, penalty_k: 0.21179204395483722, scale_lr: 0.45957427818448043, EAO: 0.318
Trial 1975 finished with value: 0.31750299285821876 and parameters: {'window_influence': 0.5016496335155176, 'penalty_k': 0.21179204395483722, 'scale_lr': 0.45957427818448043}. Best is trial 1674 with value: 0.38142600678748195.
checkpoint_e33 window_influence: 0.48898218558485806, penalty_k: 0.09093124173810048, scale_lr: 0.20178904569909079, EAO: 0.355
Trial 1976 finished with value: 0.35469726157095643 and parameters: {'window_influence': 0.48898218558485806, 'penalty_k': 0.09093124173810048, 'scale_lr': 0.20178904569909079}. Best is trial 1674 with value: 0.38142600678748195.
checkpoint_e33 window_influence: 0.47666114853331842, penalty_k: 0.11121021359574040, scale_lr: 0.27001700122267069, EAO: 0.335
Trial 1977 finished with value: 0.3353762533878074 and parameters: {'window_influence': 0.4766611485333184, 'penalty_k': 0.1112102135957404, 'scale_lr': 0.2700170012226707}. Best is trial 1674 with value: 0.38142600678748195.
checkpoint_e33 window_influence: 0.38637178516338949, penalty_k: 0.04653956151275335, scale_lr: 0.79710322898612496, EAO: 0.331
Trial 1978 finished with value: 0.33089529418527847 and parameters: {'window_influence': 0.3863717851633895, 'penalty_k': 0.046539561512753354, 'scale_lr': 0.797103228986125}. Best is trial 1674 with value: 0.38142600678748195.
checkpoint_e33 window_influence: 0.55448469373182852, penalty_k: 0.50838903921267975, scale_lr: 0.52405839413284605, EAO: 0.274
Trial 1979 finished with value: 0.2740119191227256 and parameters: {'window_influence': 0.5544846937318285, 'penalty_k': 0.5083890392126797, 'scale_lr': 0.524058394132846}. Best is trial 1674 with value: 0.38142600678748195.
checkpoint_e33 window_influence: 0.51178184861468490, penalty_k: 0.24552587673007556, scale_lr: 0.18930695846813222, EAO: 0.325
Trial 1980 finished with value: 0.3246039492494865 and parameters: {'window_influence': 0.5117818486146849, 'penalty_k': 0.24552587673007556, 'scale_lr': 0.18930695846813222}. Best is trial 1674 with value: 0.38142600678748195.
checkpoint_e33 window_influence: 0.52665359725800798, penalty_k: 0.07008781182489200, scale_lr: 0.60572603926737112, EAO: 0.306
Trial 1981 finished with value: 0.3056448154760242 and parameters: {'window_influence': 0.526653597258008, 'penalty_k': 0.070087811824892, 'scale_lr': 0.6057260392673711}. Best is trial 1674 with value: 0.38142600678748195.
checkpoint_e33 window_influence: 0.48963887155553981, penalty_k: 0.52524069412480323, scale_lr: 0.58409549252197379, EAO: 0.291
Trial 1982 finished with value: 0.2909529488606212 and parameters: {'window_influence': 0.4896388715555398, 'penalty_k': 0.5252406941248032, 'scale_lr': 0.5840954925219738}. Best is trial 1674 with value: 0.38142600678748195.
checkpoint_e33 window_influence: 0.57042602578031565, penalty_k: 0.48687369814043602, scale_lr: 0.50915143057474044, EAO: 0.252
Trial 1983 finished with value: 0.2515552213219817 and parameters: {'window_influence': 0.5704260257803156, 'penalty_k': 0.486873698140436, 'scale_lr': 0.5091514305747404}. Best is trial 1674 with value: 0.38142600678748195.
checkpoint_e33 window_influence: 0.47231814503609260, penalty_k: 0.02743962540245851, scale_lr: 0.72715511561045632, EAO: 0.345
Trial 1984 finished with value: 0.34511335744932004 and parameters: {'window_influence': 0.4723181450360926, 'penalty_k': 0.027439625402458513, 'scale_lr': 0.7271551156104563}. Best is trial 1674 with value: 0.38142600678748195.
checkpoint_e33 window_influence: 0.50252250474249727, penalty_k: 0.40231878373379543, scale_lr: 0.18060159498066278, EAO: 0.297
Trial 1985 finished with value: 0.29715238679707745 and parameters: {'window_influence': 0.5025225047424973, 'penalty_k': 0.4023187837337954, 'scale_lr': 0.18060159498066278}. Best is trial 1674 with value: 0.38142600678748195.
checkpoint_e33 window_influence: 0.48894526316671694, penalty_k: 0.45241282601170207, scale_lr: 0.55519944495839024, EAO: 0.307
Trial 1986 finished with value: 0.3073818255143407 and parameters: {'window_influence': 0.48894526316671694, 'penalty_k': 0.4524128260117021, 'scale_lr': 0.5551994449583902}. Best is trial 1674 with value: 0.38142600678748195.
checkpoint_e33 window_influence: 0.13752339256698620, penalty_k: 0.05954925559723472, scale_lr: 0.48145066036499812, EAO: 0.268
Trial 1987 finished with value: 0.26843773448977487 and parameters: {'window_influence': 0.1375233925669862, 'penalty_k': 0.059549255597234715, 'scale_lr': 0.4814506603649981}. Best is trial 1674 with value: 0.38142600678748195.
checkpoint_e33 window_influence: 0.51310721012210636, penalty_k: 0.27376435763853152, scale_lr: 0.49596173244972425, EAO: 0.313
Trial 1988 finished with value: 0.31311283698341724 and parameters: {'window_influence': 0.5131072101221064, 'penalty_k': 0.2737643576385315, 'scale_lr': 0.49596173244972425}. Best is trial 1674 with value: 0.38142600678748195.
checkpoint_e33 window_influence: 0.12205013364765052, penalty_k: 0.17169071346472334, scale_lr: 0.14424845286280014, EAO: 0.270
Trial 1989 finished with value: 0.2702338624209282 and parameters: {'window_influence': 0.12205013364765052, 'penalty_k': 0.17169071346472334, 'scale_lr': 0.14424845286280014}. Best is trial 1674 with value: 0.38142600678748195.
checkpoint_e33 window_influence: 0.53151666006729059, penalty_k: 0.29855614956770105, scale_lr: 0.75818385691916612, EAO: 0.284
Trial 1990 finished with value: 0.2837102429412218 and parameters: {'window_influence': 0.5315166600672906, 'penalty_k': 0.29855614956770105, 'scale_lr': 0.7581838569191661}. Best is trial 1674 with value: 0.38142600678748195.
checkpoint_e33 window_influence: 0.47135197714237426, penalty_k: 0.10027337882076526, scale_lr: 0.69765676781847430, EAO: 0.326
Trial 1991 finished with value: 0.32614296036935503 and parameters: {'window_influence': 0.47135197714237426, 'penalty_k': 0.10027337882076526, 'scale_lr': 0.6976567678184743}. Best is trial 1674 with value: 0.38142600678748195.
checkpoint_e33 window_influence: 0.49765387238554354, penalty_k: 0.08318555307645020, scale_lr: 0.54512549256597032, EAO: 0.342
Trial 1992 finished with value: 0.3423542113619556 and parameters: {'window_influence': 0.49765387238554354, 'penalty_k': 0.0831855530764502, 'scale_lr': 0.5451254925659703}. Best is trial 1674 with value: 0.38142600678748195.
checkpoint_e33 window_influence: 0.16639707366241649, penalty_k: 0.23560456452713840, scale_lr: 0.47261903277160122, EAO: 0.278
Trial 1993 finished with value: 0.27781956599380253 and parameters: {'window_influence': 0.1663970736624165, 'penalty_k': 0.2356045645271384, 'scale_lr': 0.4726190327716012}. Best is trial 1674 with value: 0.38142600678748195.
checkpoint_e33 window_influence: 0.60048340793392596, penalty_k: 0.15317594969063514, scale_lr: 0.61958736214609555, EAO: 0.253
Trial 1994 finished with value: 0.2526463570529849 and parameters: {'window_influence': 0.600483407933926, 'penalty_k': 0.15317594969063514, 'scale_lr': 0.6195873621460956}. Best is trial 1674 with value: 0.38142600678748195.
checkpoint_e33 window_influence: 0.48205000303976520, penalty_k: 0.13629588811453039, scale_lr: 0.52627407347351973, EAO: 0.339
Trial 1995 finished with value: 0.33943594580494474 and parameters: {'window_influence': 0.4820500030397652, 'penalty_k': 0.1362958881145304, 'scale_lr': 0.5262740734735197}. Best is trial 1674 with value: 0.38142600678748195.
checkpoint_e33 window_influence: 0.50445913746302151, penalty_k: 0.34071170479518709, scale_lr: 0.77927041020390320, EAO: 0.289
Trial 1996 finished with value: 0.2889182085193085 and parameters: {'window_influence': 0.5044591374630215, 'penalty_k': 0.3407117047951871, 'scale_lr': 0.7792704102039032}. Best is trial 1674 with value: 0.38142600678748195.
checkpoint_e33 window_influence: 0.34503826590605313, penalty_k: 0.19096670037438851, scale_lr: 0.51063049388935211, EAO: 0.324
Trial 1997 finished with value: 0.3239548092106437 and parameters: {'window_influence': 0.34503826590605313, 'penalty_k': 0.1909667003743885, 'scale_lr': 0.5106304938893521}. Best is trial 1674 with value: 0.38142600678748195.
checkpoint_e33 window_influence: 0.47321747169433570, penalty_k: 0.04262813746999694, scale_lr: 0.68174301913834501, EAO: 0.351
Trial 1998 finished with value: 0.35104796313590114 and parameters: {'window_influence': 0.4732174716943357, 'penalty_k': 0.04262813746999694, 'scale_lr': 0.681743019138345}. Best is trial 1674 with value: 0.38142600678748195.
checkpoint_e33 window_influence: 0.48452813108793386, penalty_k: 0.54567813362366069, scale_lr: 0.27021067583666430, EAO: 0.319
Trial 1999 finished with value: 0.31920253470945914 and parameters: {'window_influence': 0.48452813108793386, 'penalty_k': 0.5456781336236607, 'scale_lr': 0.2702106758366643}. Best is trial 1674 with value: 0.38142600678748195.
checkpoint_e33 window_influence: 0.51807931265317286, penalty_k: 0.03018514321327984, scale_lr: 0.56478954812252491, EAO: 0.325
Trial 2000 finished with value: 0.3253140695364095 and parameters: {'window_influence': 0.5180793126531729, 'penalty_k': 0.03018514321327984, 'scale_lr': 0.5647895481225249}. Best is trial 1674 with value: 0.38142600678748195.
checkpoint_e33 window_influence: 0.40474993519609348, penalty_k: 0.12654086725141178, scale_lr: 0.45628216051828407, EAO: 0.328
Trial 2001 finished with value: 0.32757717301409534 and parameters: {'window_influence': 0.4047499351960935, 'penalty_k': 0.12654086725141178, 'scale_lr': 0.4562821605182841}. Best is trial 1674 with value: 0.38142600678748195.
checkpoint_e33 window_influence: 0.10433098479288749, penalty_k: 0.06886014502588873, scale_lr: 0.11361358867490778, EAO: 0.256
Trial 2002 finished with value: 0.25581322906082243 and parameters: {'window_influence': 0.1043309847928875, 'penalty_k': 0.06886014502588873, 'scale_lr': 0.11361358867490778}. Best is trial 1674 with value: 0.38142600678748195.
checkpoint_e33 window_influence: 0.49331504482992949, penalty_k: 0.35327852087401329, scale_lr: 0.73621776110338766, EAO: 0.302
Trial 2003 finished with value: 0.3023380085188127 and parameters: {'window_influence': 0.4933150448299295, 'penalty_k': 0.3532785208740133, 'scale_lr': 0.7362177611033877}. Best is trial 1674 with value: 0.38142600678748195.
checkpoint_e33 window_influence: 0.54485752646188035, penalty_k: 0.17532259411312090, scale_lr: 0.10011419082601253, EAO: 0.306
Trial 2004 finished with value: 0.30613384079840394 and parameters: {'window_influence': 0.5448575264618803, 'penalty_k': 0.1753225941131209, 'scale_lr': 0.10011419082601253}. Best is trial 1674 with value: 0.38142600678748195.
checkpoint_e33 window_influence: 0.50796352142551515, penalty_k: 0.20112346882725837, scale_lr: 0.71361269110983483, EAO: 0.308
Trial 2005 finished with value: 0.3084616465675228 and parameters: {'window_influence': 0.5079635214255152, 'penalty_k': 0.20112346882725837, 'scale_lr': 0.7136126911098348}. Best is trial 1674 with value: 0.38142600678748195.
checkpoint_e33 window_influence: 0.27974119036880279, penalty_k: 0.05795733942528629, scale_lr: 0.29180275310527271, EAO: 0.292
Trial 2006 finished with value: 0.2915044881490418 and parameters: {'window_influence': 0.2797411903688028, 'penalty_k': 0.05795733942528629, 'scale_lr': 0.2918027531052727}. Best is trial 1674 with value: 0.38142600678748195.
checkpoint_e33 window_influence: 0.39419226249853850, penalty_k: 0.25963533765224606, scale_lr: 0.25232048702299126, EAO: 0.315
Trial 2007 finished with value: 0.3154787957552342 and parameters: {'window_influence': 0.3941922624985385, 'penalty_k': 0.25963533765224606, 'scale_lr': 0.25232048702299126}. Best is trial 1674 with value: 0.38142600678748195.
checkpoint_e33 window_influence: 0.46954762095822616, penalty_k: 0.05102890889809825, scale_lr: 0.60137530893635094, EAO: 0.342
Trial 2008 finished with value: 0.34197259447917866 and parameters: {'window_influence': 0.46954762095822616, 'penalty_k': 0.051028908898098246, 'scale_lr': 0.6013753089363509}. Best is trial 1674 with value: 0.38142600678748195.
checkpoint_e33 window_influence: 0.53212646816016840, penalty_k: 0.14668281868046465, scale_lr: 0.22362881890688702, EAO: 0.299
Trial 2009 finished with value: 0.2992229647209672 and parameters: {'window_influence': 0.5321264681601684, 'penalty_k': 0.14668281868046465, 'scale_lr': 0.22362881890688702}. Best is trial 1674 with value: 0.38142600678748195.
checkpoint_e33 window_influence: 0.12772868633434428, penalty_k: 0.36101106303410385, scale_lr: 0.49411469075101033, EAO: 0.253
Trial 2010 finished with value: 0.2525986842376249 and parameters: {'window_influence': 0.12772868633434428, 'penalty_k': 0.36101106303410385, 'scale_lr': 0.49411469075101033}. Best is trial 1674 with value: 0.38142600678748195.
checkpoint_e33 window_influence: 0.27033616794776139, penalty_k: 0.41758038202647696, scale_lr: 0.59080494010071849, EAO: 0.303
Trial 2011 finished with value: 0.303455358465358 and parameters: {'window_influence': 0.2703361679477614, 'penalty_k': 0.41758038202647696, 'scale_lr': 0.5908049401007185}. Best is trial 1674 with value: 0.38142600678748195.
checkpoint_e33 window_influence: 0.42287684209773801, penalty_k: 0.22509576199626347, scale_lr: 0.53796495519870824, EAO: 0.319
Trial 2012 finished with value: 0.31942554154516656 and parameters: {'window_influence': 0.422876842097738, 'penalty_k': 0.22509576199626347, 'scale_lr': 0.5379649551987082}. Best is trial 1674 with value: 0.38142600678748195.
checkpoint_e33 window_influence: 0.49309699569923604, penalty_k: 0.16314546414945535, scale_lr: 0.48102075944897765, EAO: 0.336
Trial 2013 finished with value: 0.3356018570842446 and parameters: {'window_influence': 0.49309699569923604, 'penalty_k': 0.16314546414945535, 'scale_lr': 0.48102075944897765}. Best is trial 1674 with value: 0.38142600678748195.
checkpoint_e33 window_influence: 0.48128257962225046, penalty_k: 0.08125408059472157, scale_lr: 0.63570562359943983, EAO: 0.337
Trial 2014 finished with value: 0.3374259108931174 and parameters: {'window_influence': 0.48128257962225046, 'penalty_k': 0.08125408059472157, 'scale_lr': 0.6357056235994398}. Best is trial 1674 with value: 0.38142600678748195.
checkpoint_e33 window_influence: 0.35717123853052096, penalty_k: 0.03766565852090172, scale_lr: 0.77017638031667579, EAO: 0.329
