Trial 492 finished with value: 0.29742309758403424 and parameters: {'window_influence': 0.5809537343192609, 'penalty_k': 0.08986124214857098, 'scale_lr': 0.4209725072927811}. Best is trial 478 with value: 0.36593835131203617.
checkpoint_e33 window_influence: 0.49395974026058714, penalty_k: 0.17462482972050755, scale_lr: 0.34174329810670101, EAO: 0.340
Trial 493 finished with value: 0.3404053860137435 and parameters: {'window_influence': 0.49395974026058714, 'penalty_k': 0.17462482972050755, 'scale_lr': 0.341743298106701}. Best is trial 478 with value: 0.36593835131203617.
checkpoint_e33 window_influence: 0.46651667669252306, penalty_k: 0.01273487986540413, scale_lr: 0.51264826702386657, EAO: 0.340
Trial 494 finished with value: 0.3400842959083008 and parameters: {'window_influence': 0.46651667669252306, 'penalty_k': 0.012734879865404128, 'scale_lr': 0.5126482670238666}. Best is trial 478 with value: 0.36593835131203617.
checkpoint_e33 window_influence: 0.30256742399634656, penalty_k: 0.06414881580537372, scale_lr: 0.45984452773729695, EAO: 0.325
Trial 495 finished with value: 0.32539953807448596 and parameters: {'window_influence': 0.30256742399634656, 'penalty_k': 0.06414881580537372, 'scale_lr': 0.45984452773729695}. Best is trial 478 with value: 0.36593835131203617.
checkpoint_e33 window_influence: 0.44407135937291625, penalty_k: 0.11728738291086846, scale_lr: 0.24333500948506573, EAO: 0.327
Trial 496 finished with value: 0.3269104509965919 and parameters: {'window_influence': 0.44407135937291625, 'penalty_k': 0.11728738291086846, 'scale_lr': 0.24333500948506573}. Best is trial 478 with value: 0.36593835131203617.
checkpoint_e33 window_influence: 0.29214549049401883, penalty_k: 0.36054664716506690, scale_lr: 0.49418131293081247, EAO: 0.290
Trial 497 finished with value: 0.29047673366644966 and parameters: {'window_influence': 0.29214549049401883, 'penalty_k': 0.3605466471650669, 'scale_lr': 0.49418131293081247}. Best is trial 478 with value: 0.36593835131203617.
checkpoint_e33 window_influence: 0.48332034547816427, penalty_k: 0.21745743455842559, scale_lr: 0.42991101952511518, EAO: 0.353
Trial 498 finished with value: 0.3527543258342298 and parameters: {'window_influence': 0.48332034547816427, 'penalty_k': 0.2174574345584256, 'scale_lr': 0.4299110195251152}. Best is trial 478 with value: 0.36593835131203617.
checkpoint_e33 window_influence: 0.46146394421730025, penalty_k: 0.07686804480208947, scale_lr: 0.36971770768392204, EAO: 0.339
Trial 499 finished with value: 0.339427726857857 and parameters: {'window_influence': 0.46146394421730025, 'penalty_k': 0.07686804480208947, 'scale_lr': 0.36971770768392204}. Best is trial 478 with value: 0.36593835131203617.
checkpoint_e33 window_influence: 0.49469013646234644, penalty_k: 0.31496068740999944, scale_lr: 0.40922980792421570, EAO: 0.317
Trial 500 finished with value: 0.316917139326552 and parameters: {'window_influence': 0.49469013646234644, 'penalty_k': 0.31496068740999944, 'scale_lr': 0.4092298079242157}. Best is trial 478 with value: 0.36593835131203617.
checkpoint_e33 window_influence: 0.47390597817362917, penalty_k: 0.15903478992212258, scale_lr: 0.47696377063138412, EAO: 0.347
Trial 501 finished with value: 0.3474611245704532 and parameters: {'window_influence': 0.47390597817362917, 'penalty_k': 0.15903478992212258, 'scale_lr': 0.4769637706313841}. Best is trial 478 with value: 0.36593835131203617.
checkpoint_e33 window_influence: 0.32584292485955269, penalty_k: 0.03679495665103662, scale_lr: 0.31813044007128166, EAO: 0.305
Trial 502 finished with value: 0.30524437651328074 and parameters: {'window_influence': 0.3258429248595527, 'penalty_k': 0.036794956651036624, 'scale_lr': 0.31813044007128166}. Best is trial 478 with value: 0.36593835131203617.
checkpoint_e33 window_influence: 0.42300503785766203, penalty_k: 0.05007675577260735, scale_lr: 0.12500080012781051, EAO: 0.332
Trial 503 finished with value: 0.33166923916061564 and parameters: {'window_influence': 0.423005037857662, 'penalty_k': 0.050076755772607354, 'scale_lr': 0.1250008001278105}. Best is trial 478 with value: 0.36593835131203617.
checkpoint_e33 window_influence: 0.52926950809352868, penalty_k: 0.09428456527532594, scale_lr: 0.44821445340531824, EAO: 0.299
Trial 504 finished with value: 0.29936391521056804 and parameters: {'window_influence': 0.5292695080935287, 'penalty_k': 0.09428456527532594, 'scale_lr': 0.44821445340531824}. Best is trial 478 with value: 0.36593835131203617.
checkpoint_e33 window_influence: 0.16631236716730280, penalty_k: 0.23193113370100490, scale_lr: 0.57221899749096850, EAO: 0.280
Trial 505 finished with value: 0.2799596064053621 and parameters: {'window_influence': 0.1663123671673028, 'penalty_k': 0.2319311337010049, 'scale_lr': 0.5722189974909685}. Best is trial 478 with value: 0.36593835131203617.
checkpoint_e33 window_influence: 0.40336030942959245, penalty_k: 0.13155941486506836, scale_lr: 0.39149903104543859, EAO: 0.320
Trial 506 finished with value: 0.32031247651762534 and parameters: {'window_influence': 0.40336030942959245, 'penalty_k': 0.13155941486506836, 'scale_lr': 0.3914990310454386}. Best is trial 478 with value: 0.36593835131203617.
checkpoint_e33 window_influence: 0.50227750644487834, penalty_k: 0.18055145442207515, scale_lr: 0.52714022241520098, EAO: 0.329
Trial 507 finished with value: 0.3291541576849347 and parameters: {'window_influence': 0.5022775064448783, 'penalty_k': 0.18055145442207515, 'scale_lr': 0.527140222415201}. Best is trial 478 with value: 0.36593835131203617.
checkpoint_e33 window_influence: 0.44277949628246555, penalty_k: 0.02832671066204875, scale_lr: 0.18018466690674328, EAO: 0.339
Trial 508 finished with value: 0.33872755642994834 and parameters: {'window_influence': 0.44277949628246555, 'penalty_k': 0.028326710662048754, 'scale_lr': 0.18018466690674328}. Best is trial 478 with value: 0.36593835131203617.
checkpoint_e33 window_influence: 0.48625737744186165, penalty_k: 0.06554450355080726, scale_lr: 0.13162959827176740, EAO: 0.341
Trial 509 finished with value: 0.34073489718863936 and parameters: {'window_influence': 0.48625737744186165, 'penalty_k': 0.06554450355080726, 'scale_lr': 0.1316295982717674}. Best is trial 478 with value: 0.36593835131203617.
checkpoint_e33 window_influence: 0.47406052872445342, penalty_k: 0.01648876872177394, scale_lr: 0.43027011488558153, EAO: 0.346
Trial 510 finished with value: 0.34573072972000807 and parameters: {'window_influence': 0.4740605287244534, 'penalty_k': 0.01648876872177394, 'scale_lr': 0.43027011488558153}. Best is trial 478 with value: 0.36593835131203617.
checkpoint_e33 window_influence: 0.22328658780223007, penalty_k: 0.10545684836043569, scale_lr: 0.28436374890747268, EAO: 0.281
Trial 511 finished with value: 0.28078137593278624 and parameters: {'window_influence': 0.22328658780223007, 'penalty_k': 0.10545684836043569, 'scale_lr': 0.2843637489074727}. Best is trial 478 with value: 0.36593835131203617.
checkpoint_e33 window_influence: 0.45725784413035719, penalty_k: 0.07983384317104530, scale_lr: 0.33024281238283404, EAO: 0.332
Trial 512 finished with value: 0.3317843612993738 and parameters: {'window_influence': 0.4572578441303572, 'penalty_k': 0.0798338431710453, 'scale_lr': 0.33024281238283404}. Best is trial 478 with value: 0.36593835131203617.
checkpoint_e33 window_influence: 0.27654052105085669, penalty_k: 0.19104808344026811, scale_lr: 0.20020599879661449, EAO: 0.289
Trial 513 finished with value: 0.288966687041034 and parameters: {'window_influence': 0.2765405210508567, 'penalty_k': 0.1910480834402681, 'scale_lr': 0.2002059987966145}. Best is trial 478 with value: 0.36593835131203617.
checkpoint_e33 window_influence: 0.51335599650691310, penalty_k: 0.16761632403323432, scale_lr: 0.23411821775590594, EAO: 0.319
Trial 514 finished with value: 0.31925889409005875 and parameters: {'window_influence': 0.5133559965069131, 'penalty_k': 0.16761632403323432, 'scale_lr': 0.23411821775590594}. Best is trial 478 with value: 0.36593835131203617.
checkpoint_e33 window_influence: 0.49775281464505622, penalty_k: 0.05889339797844872, scale_lr: 0.50522803623496282, EAO: 0.357
Trial 515 finished with value: 0.3573501416217492 and parameters: {'window_influence': 0.4977528146450562, 'penalty_k': 0.058893397978448725, 'scale_lr': 0.5052280362349628}. Best is trial 478 with value: 0.36593835131203617.
checkpoint_e33 window_influence: 0.51907452712209745, penalty_k: 0.05072915619584817, scale_lr: 0.50662920867974137, EAO: 0.337
Trial 516 finished with value: 0.33700772261805106 and parameters: {'window_influence': 0.5190745271220975, 'penalty_k': 0.05072915619584817, 'scale_lr': 0.5066292086797414}. Best is trial 478 with value: 0.36593835131203617.
checkpoint_e33 window_influence: 0.49401790520513972, penalty_k: 0.20950603327550715, scale_lr: 0.51449383614761035, EAO: 0.339
Trial 517 finished with value: 0.3385215910724165 and parameters: {'window_influence': 0.4940179052051397, 'penalty_k': 0.20950603327550715, 'scale_lr': 0.5144938361476104}. Best is trial 478 with value: 0.36593835131203617.
checkpoint_e33 window_influence: 0.50646845110158889, penalty_k: 0.04305165023077543, scale_lr: 0.49464064141628972, EAO: 0.349
Trial 518 finished with value: 0.3486791258888022 and parameters: {'window_influence': 0.5064684511015889, 'penalty_k': 0.04305165023077543, 'scale_lr': 0.4946406414162897}. Best is trial 478 with value: 0.36593835131203617.
checkpoint_e33 window_influence: 0.37804770031212176, penalty_k: 0.14953626607676238, scale_lr: 0.54254278135270551, EAO: 0.323
Trial 519 finished with value: 0.323167594780254 and parameters: {'window_influence': 0.37804770031212176, 'penalty_k': 0.14953626607676238, 'scale_lr': 0.5425427813527055}. Best is trial 478 with value: 0.36593835131203617.
checkpoint_e33 window_influence: 0.49960458509290928, penalty_k: 0.30343333255528654, scale_lr: 0.48547413578850734, EAO: 0.321
Trial 520 finished with value: 0.3212601415494073 and parameters: {'window_influence': 0.4996045850929093, 'penalty_k': 0.30343333255528654, 'scale_lr': 0.48547413578850734}. Best is trial 478 with value: 0.36593835131203617.
checkpoint_e33 window_influence: 0.54020392787732219, penalty_k: 0.00961693451761681, scale_lr: 0.47258775669808206, EAO: 0.307
Trial 521 finished with value: 0.306661916382118 and parameters: {'window_influence': 0.5402039278773222, 'penalty_k': 0.009616934517616806, 'scale_lr': 0.47258775669808206}. Best is trial 478 with value: 0.36593835131203617.
checkpoint_e33 window_influence: 0.24643784825517284, penalty_k: 0.02956181761159577, scale_lr: 0.22272190419011306, EAO: 0.291
Trial 522 finished with value: 0.2905616245381099 and parameters: {'window_influence': 0.24643784825517284, 'penalty_k': 0.029561817611595768, 'scale_lr': 0.22272190419011306}. Best is trial 478 with value: 0.36593835131203617.
checkpoint_e33 window_influence: 0.55363949031675652, penalty_k: 0.05795130563659240, scale_lr: 0.51922338957568925, EAO: 0.287
Trial 523 finished with value: 0.28729294947844997 and parameters: {'window_influence': 0.5536394903167565, 'penalty_k': 0.0579513056365924, 'scale_lr': 0.5192233895756893}. Best is trial 478 with value: 0.36593835131203617.
checkpoint_e33 window_influence: 0.60080010587486221, penalty_k: 0.24744329323236222, scale_lr: 0.34682391898084985, EAO: 0.252
Trial 524 finished with value: 0.2515178414402305 and parameters: {'window_influence': 0.6008001058748622, 'penalty_k': 0.24744329323236222, 'scale_lr': 0.34682391898084985}. Best is trial 478 with value: 0.36593835131203617.
checkpoint_e33 window_influence: 0.63878282621665294, penalty_k: 0.12323967720440226, scale_lr: 0.29902316296377823, EAO: 0.255
Trial 525 finished with value: 0.2548829663240492 and parameters: {'window_influence': 0.6387828262166529, 'penalty_k': 0.12323967720440226, 'scale_lr': 0.29902316296377823}. Best is trial 478 with value: 0.36593835131203617.
checkpoint_e33 window_influence: 0.34373279767956033, penalty_k: 0.54967515130128985, scale_lr: 0.49910764301032212, EAO: 0.334
Trial 526 finished with value: 0.33401862505808877 and parameters: {'window_influence': 0.34373279767956033, 'penalty_k': 0.5496751513012899, 'scale_lr': 0.4991076430103221}. Best is trial 478 with value: 0.36593835131203617.
checkpoint_e33 window_influence: 0.11503894955121380, penalty_k: 0.09386361339658759, scale_lr: 0.15862951472028228, EAO: 0.275
Trial 527 finished with value: 0.27467410765037464 and parameters: {'window_influence': 0.1150389495512138, 'penalty_k': 0.0938636133965876, 'scale_lr': 0.15862951472028228}. Best is trial 478 with value: 0.36593835131203617.
checkpoint_e33 window_influence: 0.52629547068844995, penalty_k: 0.41668968998971956, scale_lr: 0.55303643868817498, EAO: 0.294
Trial 528 finished with value: 0.2943842042860818 and parameters: {'window_influence': 0.52629547068845, 'penalty_k': 0.41668968998971956, 'scale_lr': 0.553036438688175}. Best is trial 478 with value: 0.36593835131203617.
checkpoint_e33 window_influence: 0.36933810455355870, penalty_k: 0.07056813836336616, scale_lr: 0.20866467133203095, EAO: 0.312
Trial 529 finished with value: 0.3124027346706576 and parameters: {'window_influence': 0.3693381045535587, 'penalty_k': 0.07056813836336616, 'scale_lr': 0.20866467133203095}. Best is trial 478 with value: 0.36593835131203617.
checkpoint_e33 window_influence: 0.48764891345122446, penalty_k: 0.03941719274359726, scale_lr: 0.24912205241432664, EAO: 0.354
Trial 530 finished with value: 0.3544442456520021 and parameters: {'window_influence': 0.48764891345122446, 'penalty_k': 0.039417192743597264, 'scale_lr': 0.24912205241432664}. Best is trial 478 with value: 0.36593835131203617.
checkpoint_e33 window_influence: 0.51243447598075764, penalty_k: 0.02132521879538960, scale_lr: 0.53122536280615140, EAO: 0.339
Trial 531 finished with value: 0.33884285141058007 and parameters: {'window_influence': 0.5124344759807576, 'penalty_k': 0.021325218795389605, 'scale_lr': 0.5312253628061514}. Best is trial 478 with value: 0.36593835131203617.
checkpoint_e33 window_influence: 0.46679665107123131, penalty_k: 0.32531065363569156, scale_lr: 0.46012026114076054, EAO: 0.335
Trial 532 finished with value: 0.3351145518892934 and parameters: {'window_influence': 0.4667966510712313, 'penalty_k': 0.32531065363569156, 'scale_lr': 0.46012026114076054}. Best is trial 478 with value: 0.36593835131203617.
checkpoint_e33 window_influence: 0.62174236306607056, penalty_k: 0.25444414561435735, scale_lr: 0.37622900439450507, EAO: 0.246
Trial 533 finished with value: 0.246244886679872 and parameters: {'window_influence': 0.6217423630660706, 'penalty_k': 0.25444414561435735, 'scale_lr': 0.3762290043945051}. Best is trial 478 with value: 0.36593835131203617.
checkpoint_e33 window_influence: 0.48391015980246965, penalty_k: 0.08532802333273592, scale_lr: 0.58139194355157464, EAO: 0.347
Trial 534 finished with value: 0.34681132354625005 and parameters: {'window_influence': 0.48391015980246965, 'penalty_k': 0.08532802333273592, 'scale_lr': 0.5813919435515746}. Best is trial 478 with value: 0.36593835131203617.
checkpoint_e33 window_influence: 0.49964181747485747, penalty_k: 0.26831784503402806, scale_lr: 0.17571815690082232, EAO: 0.312
Trial 535 finished with value: 0.31188943842969513 and parameters: {'window_influence': 0.4996418174748575, 'penalty_k': 0.26831784503402806, 'scale_lr': 0.17571815690082232}. Best is trial 478 with value: 0.36593835131203617.
checkpoint_e33 window_influence: 0.44381283342900030, penalty_k: 0.11351287324513104, scale_lr: 0.48227518484344067, EAO: 0.342
Trial 536 finished with value: 0.34195254969225786 and parameters: {'window_influence': 0.4438128334290003, 'penalty_k': 0.11351287324513104, 'scale_lr': 0.4822751848434407}. Best is trial 478 with value: 0.36593835131203617.
checkpoint_e33 window_influence: 0.20586862511706569, penalty_k: 0.59947204090113160, scale_lr: 0.41328748672983162, EAO: 0.277
Trial 537 finished with value: 0.2765684707619337 and parameters: {'window_influence': 0.2058686251170657, 'penalty_k': 0.5994720409011316, 'scale_lr': 0.4132874867298316}. Best is trial 478 with value: 0.36593835131203617.
checkpoint_e33 window_influence: 0.52098268999976871, penalty_k: 0.19860890973207906, scale_lr: 0.44401173422113860, EAO: 0.303
Trial 538 finished with value: 0.302575734106947 and parameters: {'window_influence': 0.5209826899997687, 'penalty_k': 0.19860890973207906, 'scale_lr': 0.4440117342211386}. Best is trial 478 with value: 0.36593835131203617.
checkpoint_e33 window_influence: 0.35816194308120097, penalty_k: 0.05647742568203866, scale_lr: 0.35436089452044928, EAO: 0.319
Trial 539 finished with value: 0.31872457173084007 and parameters: {'window_influence': 0.358161943081201, 'penalty_k': 0.05647742568203866, 'scale_lr': 0.3543608945204493}. Best is trial 478 with value: 0.36593835131203617.
checkpoint_e33 window_influence: 0.43125928810900704, penalty_k: 0.13488481694268484, scale_lr: 0.26434928181875533, EAO: 0.304
Trial 540 finished with value: 0.30397812419132497 and parameters: {'window_influence': 0.43125928810900704, 'penalty_k': 0.13488481694268484, 'scale_lr': 0.26434928181875533}. Best is trial 478 with value: 0.36593835131203617.
checkpoint_e33 window_influence: 0.64774339352776034, penalty_k: 0.16387615938881239, scale_lr: 0.39830502194463213, EAO: 0.239
Trial 541 finished with value: 0.238567320985089 and parameters: {'window_influence': 0.6477433935277603, 'penalty_k': 0.1638761593888124, 'scale_lr': 0.39830502194463213}. Best is trial 478 with value: 0.36593835131203617.
checkpoint_e33 window_influence: 0.47615274803934421, penalty_k: 0.50537578557595697, scale_lr: 0.46493537852917466, EAO: 0.329
Trial 542 finished with value: 0.3286845056695233 and parameters: {'window_influence': 0.4761527480393442, 'penalty_k': 0.505375785575957, 'scale_lr': 0.46493537852917466}. Best is trial 478 with value: 0.36593835131203617.
checkpoint_e33 window_influence: 0.39332106220887808, penalty_k: 0.10183672709411482, scale_lr: 0.50877492409937175, EAO: 0.320
Trial 543 finished with value: 0.3200989875232199 and parameters: {'window_influence': 0.3933210622088781, 'penalty_k': 0.10183672709411482, 'scale_lr': 0.5087749240993718}. Best is trial 478 with value: 0.36593835131203617.
checkpoint_e33 window_influence: 0.23024886722513377, penalty_k: 0.18638931672457254, scale_lr: 0.15149189121255446, EAO: 0.298
Trial 544 finished with value: 0.29792789506077305 and parameters: {'window_influence': 0.23024886722513377, 'penalty_k': 0.18638931672457254, 'scale_lr': 0.15149189121255446}. Best is trial 478 with value: 0.36593835131203617.
checkpoint_e33 window_influence: 0.57985521406553553, penalty_k: 0.07457921275061374, scale_lr: 0.28891790187652827, EAO: 0.300
Trial 545 finished with value: 0.2997951504089489 and parameters: {'window_influence': 0.5798552140655355, 'penalty_k': 0.07457921275061374, 'scale_lr': 0.28891790187652827}. Best is trial 478 with value: 0.36593835131203617.
checkpoint_e33 window_influence: 0.49273420972561682, penalty_k: 0.03301908113679664, scale_lr: 0.27204846986824510, EAO: 0.333
Trial 546 finished with value: 0.3331896561824858 and parameters: {'window_influence': 0.4927342097256168, 'penalty_k': 0.03301908113679664, 'scale_lr': 0.2720484698682451}. Best is trial 478 with value: 0.36593835131203617.
checkpoint_e33 window_influence: 0.45779077643919119, penalty_k: 0.01132150121002181, scale_lr: 0.25309812361979284, EAO: 0.339
Trial 547 finished with value: 0.3388129886718112 and parameters: {'window_influence': 0.4577907764391912, 'penalty_k': 0.01132150121002181, 'scale_lr': 0.25309812361979284}. Best is trial 478 with value: 0.36593835131203617.
checkpoint_e33 window_influence: 0.50781584991256945, penalty_k: 0.22140160962530903, scale_lr: 0.60291123274478320, EAO: 0.313
Trial 548 finished with value: 0.3134363453095989 and parameters: {'window_influence': 0.5078158499125695, 'penalty_k': 0.22140160962530903, 'scale_lr': 0.6029112327447832}. Best is trial 478 with value: 0.36593835131203617.
checkpoint_e33 window_influence: 0.53287092950983794, penalty_k: 0.08525101713783709, scale_lr: 0.32083694549480030, EAO: 0.303
Trial 549 finished with value: 0.3033571445060611 and parameters: {'window_influence': 0.5328709295098379, 'penalty_k': 0.08525101713783709, 'scale_lr': 0.3208369454948003}. Best is trial 478 with value: 0.36593835131203617.
checkpoint_e33 window_influence: 0.46941260232082077, penalty_k: 0.00010603350156993, scale_lr: 0.41738986699756658, EAO: 0.351
Trial 550 finished with value: 0.3506469985158527 and parameters: {'window_influence': 0.46941260232082077, 'penalty_k': 0.00010603350156993332, 'scale_lr': 0.4173898669975666}. Best is trial 478 with value: 0.36593835131203617.
checkpoint_e33 window_influence: 0.08926944516867319, penalty_k: 0.17655376675284898, scale_lr: 0.36268043208046064, EAO: 0.256
Trial 551 finished with value: 0.25599110549757914 and parameters: {'window_influence': 0.08926944516867319, 'penalty_k': 0.17655376675284898, 'scale_lr': 0.36268043208046064}. Best is trial 478 with value: 0.36593835131203617.
checkpoint_e33 window_influence: 0.48519291862213410, penalty_k: 0.06117670336901185, scale_lr: 0.38265978004407092, EAO: 0.342
Trial 552 finished with value: 0.3424503800933927 and parameters: {'window_influence': 0.4851929186221341, 'penalty_k': 0.06117670336901185, 'scale_lr': 0.3826597800440709}. Best is trial 478 with value: 0.36593835131203617.
checkpoint_e33 window_influence: 0.45172505617930875, penalty_k: 0.04701016889961532, scale_lr: 0.13763201413249548, EAO: 0.336
Trial 553 finished with value: 0.3362001769737511 and parameters: {'window_influence': 0.45172505617930875, 'penalty_k': 0.04701016889961532, 'scale_lr': 0.13763201413249548}. Best is trial 478 with value: 0.36593835131203617.
checkpoint_e33 window_influence: 0.50276855632438444, penalty_k: 0.33696245633487082, scale_lr: 0.43857694090706872, EAO: 0.328
