Trial 1893 finished with value: 0.2862636171542253 and parameters: {'window_influence': 0.21983645128467424, 'penalty_k': 0.06309245623160221, 'scale_lr': 0.4945830151341398}. Best is trial 1674 with value: 0.38142600678748195.
checkpoint_e33 window_influence: 0.51589841694761662, penalty_k: 0.45347914365292319, scale_lr: 0.11721421003677451, EAO: 0.314
Trial 1894 finished with value: 0.31365275330812553 and parameters: {'window_influence': 0.5158984169476166, 'penalty_k': 0.4534791436529232, 'scale_lr': 0.11721421003677451}. Best is trial 1674 with value: 0.38142600678748195.
checkpoint_e33 window_influence: 0.16189380960358549, penalty_k: 0.07810347862933190, scale_lr: 0.12969020704564979, EAO: 0.279
Trial 1895 finished with value: 0.27875258561934013 and parameters: {'window_influence': 0.1618938096035855, 'penalty_k': 0.0781034786293319, 'scale_lr': 0.1296902070456498}. Best is trial 1674 with value: 0.38142600678748195.
checkpoint_e33 window_influence: 0.50836256993334639, penalty_k: 0.09434359351250095, scale_lr: 0.48072792356413441, EAO: 0.327
Trial 1896 finished with value: 0.32660764815278553 and parameters: {'window_influence': 0.5083625699333464, 'penalty_k': 0.09434359351250095, 'scale_lr': 0.4807279235641344}. Best is trial 1674 with value: 0.38142600678748195.
checkpoint_e33 window_influence: 0.49886388938338411, penalty_k: 0.05948325704592832, scale_lr: 0.50093759953805939, EAO: 0.367
Trial 1897 finished with value: 0.3668250099462294 and parameters: {'window_influence': 0.4988638893833841, 'penalty_k': 0.05948325704592832, 'scale_lr': 0.5009375995380594}. Best is trial 1674 with value: 0.38142600678748195.
checkpoint_e33 window_influence: 0.08572801146050119, penalty_k: 0.05514004337731782, scale_lr: 0.50286966138847122, EAO: 0.253
Trial 1898 finished with value: 0.25337667229806404 and parameters: {'window_influence': 0.08572801146050119, 'penalty_k': 0.05514004337731782, 'scale_lr': 0.5028696613884712}. Best is trial 1674 with value: 0.38142600678748195.
checkpoint_e33 window_influence: 0.49747371909965077, penalty_k: 0.18962331538943739, scale_lr: 0.76537377192991518, EAO: 0.341
Trial 1899 finished with value: 0.34112452973651514 and parameters: {'window_influence': 0.49747371909965077, 'penalty_k': 0.18962331538943739, 'scale_lr': 0.7653737719299152}. Best is trial 1674 with value: 0.38142600678748195.
checkpoint_e33 window_influence: 0.49062958363448639, penalty_k: 0.15989889262393772, scale_lr: 0.49741118809555407, EAO: 0.344
Trial 1900 finished with value: 0.34393973306459213 and parameters: {'window_influence': 0.4906295836344864, 'penalty_k': 0.15989889262393772, 'scale_lr': 0.49741118809555407}. Best is trial 1674 with value: 0.38142600678748195.
checkpoint_e33 window_influence: 0.50057058887214578, penalty_k: 0.54869464945370661, scale_lr: 0.18561124000781676, EAO: 0.289
Trial 1901 finished with value: 0.2885551770373541 and parameters: {'window_influence': 0.5005705888721458, 'penalty_k': 0.5486946494537066, 'scale_lr': 0.18561124000781676}. Best is trial 1674 with value: 0.38142600678748195.
checkpoint_e33 window_influence: 0.31307836378473203, penalty_k: 0.51553102273530071, scale_lr: 0.71128586207155164, EAO: 0.317
Trial 1902 finished with value: 0.3172175098601946 and parameters: {'window_influence': 0.31307836378473203, 'penalty_k': 0.5155310227353007, 'scale_lr': 0.7112858620715516}. Best is trial 1674 with value: 0.38142600678748195.
checkpoint_e33 window_influence: 0.15225339523553269, penalty_k: 0.26641122208803203, scale_lr: 0.73661382199199499, EAO: 0.274
Trial 1903 finished with value: 0.27350237936593214 and parameters: {'window_influence': 0.1522533952355327, 'penalty_k': 0.26641122208803203, 'scale_lr': 0.736613821991995}. Best is trial 1674 with value: 0.38142600678748195.
checkpoint_e33 window_influence: 0.58925623622080814, penalty_k: 0.03920442887910203, scale_lr: 0.50032995029096838, EAO: 0.272
Trial 1904 finished with value: 0.2720037048196978 and parameters: {'window_influence': 0.5892562362208081, 'penalty_k': 0.03920442887910203, 'scale_lr': 0.5003299502909684}. Best is trial 1674 with value: 0.38142600678748195.
checkpoint_e33 window_influence: 0.48659797817138356, penalty_k: 0.05422797629146561, scale_lr: 0.16714245299537750, EAO: 0.350
Trial 1905 finished with value: 0.34997416249972835 and parameters: {'window_influence': 0.48659797817138356, 'penalty_k': 0.05422797629146561, 'scale_lr': 0.1671424529953775}. Best is trial 1674 with value: 0.38142600678748195.
checkpoint_e33 window_influence: 0.18149198123783314, penalty_k: 0.32930973176047074, scale_lr: 0.50828898006537626, EAO: 0.276
Trial 1906 finished with value: 0.27574383209419623 and parameters: {'window_influence': 0.18149198123783314, 'penalty_k': 0.32930973176047074, 'scale_lr': 0.5082889800653763}. Best is trial 1674 with value: 0.38142600678748195.
checkpoint_e33 window_influence: 0.49917873010516656, penalty_k: 0.17275232981621558, scale_lr: 0.49090360418446150, EAO: 0.335
Trial 1907 finished with value: 0.3346452498482359 and parameters: {'window_influence': 0.49917873010516656, 'penalty_k': 0.17275232981621558, 'scale_lr': 0.4909036041844615}. Best is trial 1674 with value: 0.38142600678748195.
checkpoint_e33 window_influence: 0.08792435544008304, penalty_k: 0.29983188411283751, scale_lr: 0.77631118749021688, EAO: 0.243
Trial 1908 finished with value: 0.24322015673270023 and parameters: {'window_influence': 0.08792435544008304, 'penalty_k': 0.2998318841128375, 'scale_lr': 0.7763111874902169}. Best is trial 1674 with value: 0.38142600678748195.
checkpoint_e33 window_influence: 0.33463144726095401, penalty_k: 0.15172129378984023, scale_lr: 0.72744815716846656, EAO: 0.320
Trial 1909 finished with value: 0.3198993005409315 and parameters: {'window_influence': 0.334631447260954, 'penalty_k': 0.15172129378984023, 'scale_lr': 0.7274481571684666}. Best is trial 1674 with value: 0.38142600678748195.
checkpoint_e33 window_influence: 0.06219499373222404, penalty_k: 0.20237756713348601, scale_lr: 0.47223377820132861, EAO: 0.256
Trial 1910 finished with value: 0.2558944518116198 and parameters: {'window_influence': 0.062194993732224035, 'penalty_k': 0.202377567133486, 'scale_lr': 0.4722337782013286}. Best is trial 1674 with value: 0.38142600678748195.
checkpoint_e33 window_influence: 0.35575378778053873, penalty_k: 0.07238716706858325, scale_lr: 0.51004471283837149, EAO: 0.319
Trial 1911 finished with value: 0.3189453655411761 and parameters: {'window_influence': 0.35575378778053873, 'penalty_k': 0.07238716706858325, 'scale_lr': 0.5100447128383715}. Best is trial 1674 with value: 0.38142600678748195.
checkpoint_e33 window_influence: 0.48435211370540487, penalty_k: 0.11119188150138926, scale_lr: 0.75737429355460728, EAO: 0.343
Trial 1912 finished with value: 0.34339695739838866 and parameters: {'window_influence': 0.4843521137054049, 'penalty_k': 0.11119188150138926, 'scale_lr': 0.7573742935546073}. Best is trial 1674 with value: 0.38142600678748195.
checkpoint_e33 window_influence: 0.52405280004723853, penalty_k: 0.25844711166734974, scale_lr: 0.57628177955377580, EAO: 0.303
Trial 1913 finished with value: 0.30254010554649485 and parameters: {'window_influence': 0.5240528000472385, 'penalty_k': 0.25844711166734974, 'scale_lr': 0.5762817795537758}. Best is trial 1674 with value: 0.38142600678748195.
checkpoint_e33 window_influence: 0.49594959811935607, penalty_k: 0.57243818787967182, scale_lr: 0.58273152631686098, EAO: 0.297
Trial 1914 finished with value: 0.2966828729507988 and parameters: {'window_influence': 0.49594959811935607, 'penalty_k': 0.5724381878796718, 'scale_lr': 0.582731526316861}. Best is trial 1674 with value: 0.38142600678748195.
checkpoint_e33 window_influence: 0.37928763545725036, penalty_k: 0.05325970602427742, scale_lr: 0.71277510890808493, EAO: 0.319
Trial 1915 finished with value: 0.3190754193972057 and parameters: {'window_influence': 0.37928763545725036, 'penalty_k': 0.05325970602427742, 'scale_lr': 0.7127751089080849}. Best is trial 1674 with value: 0.38142600678748195.
checkpoint_e33 window_influence: 0.17073440524536643, penalty_k: 0.16338505470907250, scale_lr: 0.49306508335501070, EAO: 0.269
Trial 1916 finished with value: 0.26879790436896833 and parameters: {'window_influence': 0.17073440524536643, 'penalty_k': 0.1633850547090725, 'scale_lr': 0.4930650833550107}. Best is trial 1674 with value: 0.38142600678748195.
checkpoint_e33 window_influence: 0.50505004776290452, penalty_k: 0.04221743886756779, scale_lr: 0.13666039330316221, EAO: 0.348
Trial 1917 finished with value: 0.3478340854440682 and parameters: {'window_influence': 0.5050500477629045, 'penalty_k': 0.04221743886756779, 'scale_lr': 0.1366603933031622}. Best is trial 1674 with value: 0.38142600678748195.
checkpoint_e33 window_influence: 0.56026938717403696, penalty_k: 0.56500320199087894, scale_lr: 0.70217038014541167, EAO: 0.261
Trial 1918 finished with value: 0.26069900062993345 and parameters: {'window_influence': 0.560269387174037, 'penalty_k': 0.565003201990879, 'scale_lr': 0.7021703801454117}. Best is trial 1674 with value: 0.38142600678748195.
checkpoint_e33 window_influence: 0.63826079952077930, penalty_k: 0.18428352902309422, scale_lr: 0.59101835514809309, EAO: 0.247
Trial 1919 finished with value: 0.24668886010980792 and parameters: {'window_influence': 0.6382607995207793, 'penalty_k': 0.18428352902309422, 'scale_lr': 0.5910183551480931}. Best is trial 1674 with value: 0.38142600678748195.
checkpoint_e33 window_influence: 0.23748148254563334, penalty_k: 0.55493732624697767, scale_lr: 0.14609983983764552, EAO: 0.271
Trial 1920 finished with value: 0.27063764910057825 and parameters: {'window_influence': 0.23748148254563334, 'penalty_k': 0.5549373262469777, 'scale_lr': 0.14609983983764552}. Best is trial 1674 with value: 0.38142600678748195.
checkpoint_e33 window_influence: 0.14094630815162648, penalty_k: 0.07778555499501175, scale_lr: 0.50968463725501967, EAO: 0.257
Trial 1921 finished with value: 0.25685121229186597 and parameters: {'window_influence': 0.14094630815162648, 'penalty_k': 0.07778555499501175, 'scale_lr': 0.5096846372550197}. Best is trial 1674 with value: 0.38142600678748195.
checkpoint_e33 window_influence: 0.32177162590615310, penalty_k: 0.06090909302502057, scale_lr: 0.47327796937945155, EAO: 0.305
Trial 1922 finished with value: 0.30492372393376166 and parameters: {'window_influence': 0.3217716259061531, 'penalty_k': 0.06090909302502057, 'scale_lr': 0.47327796937945155}. Best is trial 1674 with value: 0.38142600678748195.
checkpoint_e33 window_influence: 0.59832482707071999, penalty_k: 0.58106445675596641, scale_lr: 0.75171286992431963, EAO: 0.241
Trial 1923 finished with value: 0.24139342952795065 and parameters: {'window_influence': 0.59832482707072, 'penalty_k': 0.5810644567559664, 'scale_lr': 0.7517128699243196}. Best is trial 1674 with value: 0.38142600678748195.
checkpoint_e33 window_influence: 0.48257639237819500, penalty_k: 0.33851421565414974, scale_lr: 0.78602657106589180, EAO: 0.315
Trial 1924 finished with value: 0.3147168111940302 and parameters: {'window_influence': 0.482576392378195, 'penalty_k': 0.33851421565414974, 'scale_lr': 0.7860265710658918}. Best is trial 1674 with value: 0.38142600678748195.
checkpoint_e33 window_influence: 0.25681306071838300, penalty_k: 0.03485405349101203, scale_lr: 0.51549242176547005, EAO: 0.299
Trial 1925 finished with value: 0.2993882209178539 and parameters: {'window_influence': 0.256813060718383, 'penalty_k': 0.03485405349101203, 'scale_lr': 0.51549242176547}. Best is trial 1674 with value: 0.38142600678748195.
checkpoint_e33 window_influence: 0.49192957566844114, penalty_k: 0.14727307027539752, scale_lr: 0.48466625615536879, EAO: 0.343
Trial 1926 finished with value: 0.3434729428838663 and parameters: {'window_influence': 0.49192957566844114, 'penalty_k': 0.14727307027539752, 'scale_lr': 0.4846662561553688}. Best is trial 1674 with value: 0.38142600678748195.
checkpoint_e33 window_influence: 0.51166976611747195, penalty_k: 0.08821622427951192, scale_lr: 0.21888279178534528, EAO: 0.331
Trial 1927 finished with value: 0.3308961001815499 and parameters: {'window_influence': 0.511669766117472, 'penalty_k': 0.08821622427951192, 'scale_lr': 0.21888279178534528}. Best is trial 1674 with value: 0.38142600678748195.
checkpoint_e33 window_influence: 0.40107932011669545, penalty_k: 0.28582096818667069, scale_lr: 0.11628044690451783, EAO: 0.341
Trial 1928 finished with value: 0.34086858750781196 and parameters: {'window_influence': 0.40107932011669545, 'penalty_k': 0.2858209681866707, 'scale_lr': 0.11628044690451783}. Best is trial 1674 with value: 0.38142600678748195.
checkpoint_e33 window_influence: 0.54319765702914602, penalty_k: 0.19614616706460211, scale_lr: 0.49749522185478795, EAO: 0.291
Trial 1929 finished with value: 0.2911875819069866 and parameters: {'window_influence': 0.543197657029146, 'penalty_k': 0.1961461670646021, 'scale_lr': 0.49749522185478795}. Best is trial 1674 with value: 0.38142600678748195.
checkpoint_e33 window_influence: 0.47982354827348439, penalty_k: 0.52101374749666174, scale_lr: 0.71883458662118926, EAO: 0.326
Trial 1930 finished with value: 0.32569529330684055 and parameters: {'window_influence': 0.4798235482734844, 'penalty_k': 0.5210137474966617, 'scale_lr': 0.7188345866211893}. Best is trial 1674 with value: 0.38142600678748195.
checkpoint_e33 window_influence: 0.52491886491199169, penalty_k: 0.10703815581724821, scale_lr: 0.46690203538709846, EAO: 0.316
Trial 1931 finished with value: 0.3164637593211831 and parameters: {'window_influence': 0.5249188649119917, 'penalty_k': 0.10703815581724821, 'scale_lr': 0.46690203538709846}. Best is trial 1674 with value: 0.38142600678748195.
checkpoint_e33 window_influence: 0.49869801949534048, penalty_k: 0.04622699259504316, scale_lr: 0.51980401758122230, EAO: 0.357
Trial 1932 finished with value: 0.3568380858879609 and parameters: {'window_influence': 0.4986980194953405, 'penalty_k': 0.04622699259504316, 'scale_lr': 0.5198040175812223}. Best is trial 1674 with value: 0.38142600678748195.
checkpoint_e33 window_influence: 0.23237288462187639, penalty_k: 0.16714155942890357, scale_lr: 0.50311487961819112, EAO: 0.296
Trial 1933 finished with value: 0.2957355894931096 and parameters: {'window_influence': 0.23237288462187639, 'penalty_k': 0.16714155942890357, 'scale_lr': 0.5031148796181911}. Best is trial 1674 with value: 0.38142600678748195.
checkpoint_e33 window_influence: 0.32182933712646627, penalty_k: 0.31044500717812606, scale_lr: 0.74786860876694949, EAO: 0.314
Trial 1934 finished with value: 0.31392836448979283 and parameters: {'window_influence': 0.3218293371264663, 'penalty_k': 0.31044500717812606, 'scale_lr': 0.7478686087669495}. Best is trial 1674 with value: 0.38142600678748195.
checkpoint_e33 window_influence: 0.48432761044737593, penalty_k: 0.27448544480571202, scale_lr: 0.15996497857306902, EAO: 0.326
Trial 1935 finished with value: 0.3263353498413405 and parameters: {'window_influence': 0.48432761044737593, 'penalty_k': 0.274485444805712, 'scale_lr': 0.15996497857306902}. Best is trial 1674 with value: 0.38142600678748195.
checkpoint_e33 window_influence: 0.50734906894602672, penalty_k: 0.05753923600169047, scale_lr: 0.48550116501528112, EAO: 0.355
Trial 1936 finished with value: 0.3549325381503495 and parameters: {'window_influence': 0.5073490689460267, 'penalty_k': 0.05753923600169047, 'scale_lr': 0.4855011650152811}. Best is trial 1674 with value: 0.38142600678748195.
checkpoint_e33 window_influence: 0.49276517025735922, penalty_k: 0.18061876302300178, scale_lr: 0.14821444076559109, EAO: 0.336
Trial 1937 finished with value: 0.3357695366621945 and parameters: {'window_influence': 0.4927651702573592, 'penalty_k': 0.18061876302300178, 'scale_lr': 0.1482144407655911}. Best is trial 1674 with value: 0.38142600678748195.
checkpoint_e33 window_influence: 0.06830013209821667, penalty_k: 0.20824827891226719, scale_lr: 0.17217654098106666, EAO: 0.242
Trial 1938 finished with value: 0.24239472586821026 and parameters: {'window_influence': 0.06830013209821667, 'penalty_k': 0.2082482789122672, 'scale_lr': 0.17217654098106666}. Best is trial 1674 with value: 0.38142600678748195.
checkpoint_e33 window_influence: 0.22316479972546985, penalty_k: 0.44094553081458887, scale_lr: 0.76966912692462153, EAO: 0.292
Trial 1939 finished with value: 0.29234243175630903 and parameters: {'window_influence': 0.22316479972546985, 'penalty_k': 0.44094553081458887, 'scale_lr': 0.7696691269246215}. Best is trial 1674 with value: 0.38142600678748195.
checkpoint_e33 window_influence: 0.47840895179301635, penalty_k: 0.11933556559301114, scale_lr: 0.58717211910592015, EAO: 0.348
Trial 1940 finished with value: 0.3476124931170319 and parameters: {'window_influence': 0.47840895179301635, 'penalty_k': 0.11933556559301114, 'scale_lr': 0.5871721191059202}. Best is trial 1674 with value: 0.38142600678748195.
checkpoint_e33 window_influence: 0.51795463655348162, penalty_k: 0.07752227869463020, scale_lr: 0.24069593033423062, EAO: 0.310
Trial 1941 finished with value: 0.3103556172045288 and parameters: {'window_influence': 0.5179546365534816, 'penalty_k': 0.0775222786946302, 'scale_lr': 0.24069593033423062}. Best is trial 1674 with value: 0.38142600678748195.
checkpoint_e33 window_influence: 0.21005544444213145, penalty_k: 0.03292457816630877, scale_lr: 0.56892653385293479, EAO: 0.272
Trial 1942 finished with value: 0.2718266500921101 and parameters: {'window_influence': 0.21005544444213145, 'penalty_k': 0.03292457816630877, 'scale_lr': 0.5689265338529348}. Best is trial 1674 with value: 0.38142600678748195.
checkpoint_e33 window_influence: 0.50298569053808051, penalty_k: 0.06569088539963172, scale_lr: 0.73358102709701312, EAO: 0.327
Trial 1943 finished with value: 0.32706956217493066 and parameters: {'window_influence': 0.5029856905380805, 'penalty_k': 0.06569088539963172, 'scale_lr': 0.7335810270970131}. Best is trial 1674 with value: 0.38142600678748195.
checkpoint_e33 window_influence: 0.36782184053664696, penalty_k: 0.13927557739602744, scale_lr: 0.51246172979776650, EAO: 0.324
Trial 1944 finished with value: 0.32441700380367994 and parameters: {'window_influence': 0.36782184053664696, 'penalty_k': 0.13927557739602744, 'scale_lr': 0.5124617297977665}. Best is trial 1674 with value: 0.38142600678748195.
checkpoint_e33 window_influence: 0.56636394221005393, penalty_k: 0.07185805105821830, scale_lr: 0.47154655326800587, EAO: 0.300
Trial 1945 finished with value: 0.2996673593841174 and parameters: {'window_influence': 0.5663639422100539, 'penalty_k': 0.0718580510582183, 'scale_lr': 0.4715465532680059}. Best is trial 1674 with value: 0.38142600678748195.
checkpoint_e33 window_influence: 0.48308815943927302, penalty_k: 0.15278513820171294, scale_lr: 0.78210652234662903, EAO: 0.324
Trial 1946 finished with value: 0.3236878001736296 and parameters: {'window_influence': 0.483088159439273, 'penalty_k': 0.15278513820171294, 'scale_lr': 0.782106522346629}. Best is trial 1674 with value: 0.38142600678748195.
checkpoint_e33 window_influence: 0.53371481764736239, penalty_k: 0.09841914369495483, scale_lr: 0.22708759581790608, EAO: 0.302
Trial 1947 finished with value: 0.30239388862704486 and parameters: {'window_influence': 0.5337148176473624, 'penalty_k': 0.09841914369495483, 'scale_lr': 0.22708759581790608}. Best is trial 1674 with value: 0.38142600678748195.
checkpoint_e33 window_influence: 0.30348402099918503, penalty_k: 0.04562311236467494, scale_lr: 0.69930115582881847, EAO: 0.308
Trial 1948 finished with value: 0.3082949466974355 and parameters: {'window_influence': 0.30348402099918503, 'penalty_k': 0.045623112364674936, 'scale_lr': 0.6993011558288185}. Best is trial 1674 with value: 0.38142600678748195.
checkpoint_e33 window_influence: 0.49347510438039272, penalty_k: 0.17399615155174541, scale_lr: 0.49323335660825907, EAO: 0.339
Trial 1949 finished with value: 0.33859894769664867 and parameters: {'window_influence': 0.4934751043803927, 'penalty_k': 0.17399615155174541, 'scale_lr': 0.49323335660825907}. Best is trial 1674 with value: 0.38142600678748195.
checkpoint_e33 window_influence: 0.33813534479461227, penalty_k: 0.26376492316895594, scale_lr: 0.52179757293787610, EAO: 0.335
Trial 1950 finished with value: 0.3349202379642294 and parameters: {'window_influence': 0.33813534479461227, 'penalty_k': 0.26376492316895594, 'scale_lr': 0.5217975729378761}. Best is trial 1674 with value: 0.38142600678748195.
checkpoint_e33 window_influence: 0.47592753530668691, penalty_k: 0.05709952975609551, scale_lr: 0.26126742251902119, EAO: 0.335
Trial 1951 finished with value: 0.3351489050379059 and parameters: {'window_influence': 0.4759275353066869, 'penalty_k': 0.05709952975609551, 'scale_lr': 0.2612674225190212}. Best is trial 1674 with value: 0.38142600678748195.
checkpoint_e33 window_influence: 0.41607294205264722, penalty_k: 0.13226633174261776, scale_lr: 0.46118274277513105, EAO: 0.338
Trial 1952 finished with value: 0.33837426879990423 and parameters: {'window_influence': 0.4160729420526472, 'penalty_k': 0.13226633174261776, 'scale_lr': 0.46118274277513105}. Best is trial 1674 with value: 0.38142600678748195.
checkpoint_e33 window_influence: 0.50479895567767974, penalty_k: 0.31699817684802867, scale_lr: 0.24913927541159947, EAO: 0.323
Trial 1953 finished with value: 0.3226932704100813 and parameters: {'window_influence': 0.5047989556776797, 'penalty_k': 0.31699817684802867, 'scale_lr': 0.24913927541159947}. Best is trial 1674 with value: 0.38142600678748195.
checkpoint_e33 window_influence: 0.11856249592785909, penalty_k: 0.08774863844240728, scale_lr: 0.55080983975143627, EAO: 0.265
